<?xml version="1.0" encoding="UTF-8"?>
<testsuite xmlns:xsi="http://www.w3.org/2001/XMLSchema-instance" xsi:noNamespaceSchemaLocation="https://maven.apache.org/surefire/maven-surefire-plugin/xsd/surefire-test-report.xsd" name="org.apache.hadoop.ozone.om.TestOzoneManagerConfiguration" time="267.488" tests="8" errors="1" skipped="0" failures="0">
  <properties>
    <property name="awt.toolkit" value="sun.awt.X11.XToolkit"/>
    <property name="file.encoding.pkg" value="sun.io"/>
    <property name="java.specification.version" value="1.8"/>
    <property name="sun.cpu.isalist" value=""/>
    <property name="sun.jnu.encoding" value="ANSI_X3.4-1968"/>
    <property name="java.class.path" value="/github/workspace/mnt/ozone/hadoop-ozone/integration-test/target/test-classes:/github/workspace/mnt/ozone/hadoop-ozone/integration-test/target/classes:/home/user/.m2/repository/org/apache/hadoop/hadoop-ozone-common/0.6.0-SNAPSHOT/hadoop-ozone-common-0.6.0-SNAPSHOT.jar:/home/user/.m2/repository/org/apache/commons/commons-compress/1.4.1/commons-compress-1.4.1.jar:/home/user/.m2/repository/org/tukaani/xz/1.0/xz-1.0.jar:/home/user/.m2/repository/org/apache/hadoop/hadoop-hdds-common/0.6.0-SNAPSHOT/hadoop-hdds-common-0.6.0-SNAPSHOT.jar:/home/user/.m2/repository/info/picocli/picocli/3.9.6/picocli-3.9.6.jar:/home/user/.m2/repository/com/fasterxml/jackson/core/jackson-annotations/2.10.3/jackson-annotations-2.10.3.jar:/home/user/.m2/repository/javax/annotation/javax.annotation-api/1.2/javax.annotation-api-1.2.jar:/home/user/.m2/repository/org/apache/ratis/ratis-server/0.6.0-490b689-SNAPSHOT/ratis-server-0.6.0-490b689-SNAPSHOT.jar:/home/user/.m2/repository/org/apache/ratis/ratis-thirdparty-misc/0.3.0/ratis-thirdparty-misc-0.3.0.jar:/home/user/.m2/repository/org/apache/ratis/ratis-client/0.6.0-490b689-SNAPSHOT/ratis-client-0.6.0-490b689-SNAPSHOT.jar:/home/user/.m2/repository/org/apache/ratis/ratis-metrics/0.6.0-490b689-SNAPSHOT/ratis-metrics-0.6.0-490b689-SNAPSHOT.jar:/home/user/.m2/repository/org/apache/ratis/ratis-netty/0.6.0-490b689-SNAPSHOT/ratis-netty-0.6.0-490b689-SNAPSHOT.jar:/home/user/.m2/repository/org/apache/ratis/ratis-grpc/0.6.0-490b689-SNAPSHOT/ratis-grpc-0.6.0-490b689-SNAPSHOT.jar:/home/user/.m2/repository/org/apache/logging/log4j/log4j-api/2.11.0/log4j-api-2.11.0.jar:/home/user/.m2/repository/org/apache/logging/log4j/log4j-core/2.11.0/log4j-core-2.11.0.jar:/home/user/.m2/repository/com/lmax/disruptor/3.4.2/disruptor-3.4.2.jar:/home/user/.m2/repository/org/apache/commons/commons-pool2/2.6.0/commons-pool2-2.6.0.jar:/home/user/.m2/repository/org/bouncycastle/bcpkix-jdk15on/1.60/bcpkix-jdk15on-1.60.jar:/home/user/.m2/repository/commons-validator/commons-validator/1.6/commons-validator-1.6.jar:/home/user/.m2/repository/commons-digester/commons-digester/1.8.1/commons-digester-1.8.1.jar:/home/user/.m2/repository/io/jaegertracing/jaeger-client/1.2.0/jaeger-client-1.2.0.jar:/home/user/.m2/repository/io/jaegertracing/jaeger-thrift/1.2.0/jaeger-thrift-1.2.0.jar:/home/user/.m2/repository/org/apache/thrift/libthrift/0.13.0/libthrift-0.13.0.jar:/home/user/.m2/repository/com/squareup/okhttp3/okhttp/4.2.2/okhttp-4.2.2.jar:/home/user/.m2/repository/com/squareup/okio/okio/2.2.2/okio-2.2.2.jar:/home/user/.m2/repository/org/jetbrains/kotlin/kotlin-stdlib/1.3.50/kotlin-stdlib-1.3.50.jar:/home/user/.m2/repository/org/jetbrains/kotlin/kotlin-stdlib-common/1.3.50/kotlin-stdlib-common-1.3.50.jar:/home/user/.m2/repository/org/jetbrains/annotations/13.0/annotations-13.0.jar:/home/user/.m2/repository/io/jaegertracing/jaeger-core/1.2.0/jaeger-core-1.2.0.jar:/home/user/.m2/repository/io/jaegertracing/jaeger-tracerresolver/1.2.0/jaeger-tracerresolver-1.2.0.jar:/home/user/.m2/repository/io/opentracing/contrib/opentracing-tracerresolver/0.1.8/opentracing-tracerresolver-0.1.8.jar:/home/user/.m2/repository/io/opentracing/opentracing-util/0.33.0/opentracing-util-0.33.0.jar:/home/user/.m2/repository/io/opentracing/opentracing-api/0.33.0/opentracing-api-0.33.0.jar:/home/user/.m2/repository/io/opentracing/opentracing-noop/0.33.0/opentracing-noop-0.33.0.jar:/home/user/.m2/repository/org/apache/hadoop/hadoop-hdds-client/0.6.0-SNAPSHOT/hadoop-hdds-client-0.6.0-SNAPSHOT.jar:/home/user/.m2/repository/org/apache/hadoop/hadoop-hdds-test-utils/0.6.0-SNAPSHOT/hadoop-hdds-test-utils-0.6.0-SNAPSHOT.jar:/home/user/.m2/repository/com/google/guava/guava/28.2-jre/guava-28.2-jre.jar:/home/user/.m2/repository/com/google/guava/failureaccess/1.0.1/failureaccess-1.0.1.jar:/home/user/.m2/repository/com/google/guava/listenablefuture/9999.0-empty-to-avoid-conflict-with-guava/listenablefuture-9999.0-empty-to-avoid-conflict-with-guava.jar:/home/user/.m2/repository/com/google/code/findbugs/jsr305/3.0.0/jsr305-3.0.0.jar:/home/user/.m2/repository/org/checkerframework/checker-qual/2.10.0/checker-qual-2.10.0.jar:/home/user/.m2/repository/com/google/errorprone/error_prone_annotations/2.3.4/error_prone_annotations-2.3.4.jar:/home/user/.m2/repository/com/google/j2objc/j2objc-annotations/1.3/j2objc-annotations-1.3.jar:/home/user/.m2/repository/commons-io/commons-io/2.5/commons-io-2.5.jar:/home/user/.m2/repository/commons-logging/commons-logging/1.1.3/commons-logging-1.1.3.jar:/home/user/.m2/repository/log4j/log4j/1.2.17/log4j-1.2.17.jar:/home/user/.m2/repository/org/apache/commons/commons-lang3/3.7/commons-lang3-3.7.jar:/home/user/.m2/repository/org/slf4j/slf4j-api/1.7.25/slf4j-api-1.7.25.jar:/home/user/.m2/repository/org/apache/hadoop/hadoop-hdds-server-scm/0.6.0-SNAPSHOT/hadoop-hdds-server-scm-0.6.0-SNAPSHOT.jar:/home/user/.m2/repository/org/apache/hadoop/hadoop-hdds-container-service/0.6.0-SNAPSHOT/hadoop-hdds-container-service-0.6.0-SNAPSHOT.jar:/home/user/.m2/repository/org/apache/hadoop/hadoop-hdds-hadoop-dependency-server/0.6.0-SNAPSHOT/hadoop-hdds-hadoop-dependency-server-0.6.0-SNAPSHOT.jar:/home/user/.m2/repository/org/apache/hadoop/hadoop-hdds-server-framework/0.6.0-SNAPSHOT/hadoop-hdds-server-framework-0.6.0-SNAPSHOT.jar:/home/user/.m2/repository/org/rocksdb/rocksdbjni/6.6.4/rocksdbjni-6.6.4.jar:/home/user/.m2/repository/io/prometheus/simpleclient_dropwizard/0.7.0/simpleclient_dropwizard-0.7.0.jar:/home/user/.m2/repository/io/prometheus/simpleclient/0.7.0/simpleclient-0.7.0.jar:/home/user/.m2/repository/io/prometheus/simpleclient_common/0.7.0/simpleclient_common-0.7.0.jar:/home/user/.m2/repository/com/fasterxml/jackson/datatype/jackson-datatype-jsr310/2.10.3/jackson-datatype-jsr310-2.10.3.jar:/home/user/.m2/repository/org/apache/hadoop/hadoop-hdds-docs/0.6.0-SNAPSHOT/hadoop-hdds-docs-0.6.0-SNAPSHOT.jar:/home/user/.m2/repository/io/dropwizard/metrics/metrics-core/3.2.4/metrics-core-3.2.4.jar:/home/user/.m2/repository/org/apache/hadoop/hadoop-hdfs-client/3.2.0/hadoop-hdfs-client-3.2.0.jar:/home/user/.m2/repository/org/bouncycastle/bcprov-jdk15on/1.60/bcprov-jdk15on-1.60.jar:/home/user/.m2/repository/org/apache/hadoop/hadoop-ozone-ozone-manager/0.6.0-SNAPSHOT/hadoop-ozone-ozone-manager-0.6.0-SNAPSHOT.jar:/home/user/.m2/repository/org/apache/hadoop/hadoop-minikdc/3.2.0/hadoop-minikdc-3.2.0.jar:/home/user/.m2/repository/org/apache/kerby/kerb-simplekdc/1.0.1/kerb-simplekdc-1.0.1.jar:/home/user/.m2/repository/org/apache/kerby/kerb-client/1.0.1/kerb-client-1.0.1.jar:/home/user/.m2/repository/org/apache/kerby/kerby-config/1.0.1/kerby-config-1.0.1.jar:/home/user/.m2/repository/org/apache/kerby/kerb-core/1.0.1/kerb-core-1.0.1.jar:/home/user/.m2/repository/org/apache/kerby/kerby-pkix/1.0.1/kerby-pkix-1.0.1.jar:/home/user/.m2/repository/org/apache/kerby/kerby-asn1/1.0.1/kerby-asn1-1.0.1.jar:/home/user/.m2/repository/org/apache/kerby/kerby-util/1.0.1/kerby-util-1.0.1.jar:/home/user/.m2/repository/org/apache/kerby/kerb-common/1.0.1/kerb-common-1.0.1.jar:/home/user/.m2/repository/org/apache/kerby/kerb-crypto/1.0.1/kerb-crypto-1.0.1.jar:/home/user/.m2/repository/org/apache/kerby/kerb-util/1.0.1/kerb-util-1.0.1.jar:/home/user/.m2/repository/org/apache/kerby/token-provider/1.0.1/token-provider-1.0.1.jar:/home/user/.m2/repository/org/apache/kerby/kerb-admin/1.0.1/kerb-admin-1.0.1.jar:/home/user/.m2/repository/org/apache/kerby/kerb-server/1.0.1/kerb-server-1.0.1.jar:/home/user/.m2/repository/org/apache/kerby/kerb-identity/1.0.1/kerb-identity-1.0.1.jar:/home/user/.m2/repository/org/apache/kerby/kerby-xdr/1.0.1/kerby-xdr-1.0.1.jar:/home/user/.m2/repository/org/slf4j/slf4j-log4j12/1.7.25/slf4j-log4j12-1.7.25.jar:/home/user/.m2/repository/org/apache/hadoop/hadoop-ozone-s3gateway/0.6.0-SNAPSHOT/hadoop-ozone-s3gateway-0.6.0-SNAPSHOT.jar:/home/user/.m2/repository/org/jboss/weld/servlet/weld-servlet/2.4.7.Final/weld-servlet-2.4.7.Final.jar:/home/user/.m2/repository/org/glassfish/jersey/containers/jersey-container-servlet-core/2.27/jersey-container-servlet-core-2.27.jar:/home/user/.m2/repository/org/glassfish/hk2/external/javax.inject/2.5.0-b42/javax.inject-2.5.0-b42.jar:/home/user/.m2/repository/org/glassfish/jersey/core/jersey-common/2.27/jersey-common-2.27.jar:/home/user/.m2/repository/org/glassfish/hk2/osgi-resource-locator/1.0.1/osgi-resource-locator-1.0.1.jar:/home/user/.m2/repository/javax/ws/rs/javax.ws.rs-api/2.1/javax.ws.rs-api-2.1.jar:/home/user/.m2/repository/org/glassfish/jersey/ext/cdi/jersey-cdi1x/2.27/jersey-cdi1x-2.27.jar:/home/user/.m2/repository/org/glassfish/jersey/inject/jersey-hk2/2.27/jersey-hk2-2.27.jar:/home/user/.m2/repository/org/glassfish/hk2/hk2-locator/2.5.0-b42/hk2-locator-2.5.0-b42.jar:/home/user/.m2/repository/org/javassist/javassist/3.22.0-CR2/javassist-3.22.0-CR2.jar:/home/user/.m2/repository/org/glassfish/hk2/hk2-api/2.5.0/hk2-api-2.5.0.jar:/home/user/.m2/repository/org/glassfish/hk2/external/jakarta.inject/2.5.0/jakarta.inject-2.5.0.jar:/home/user/.m2/repository/org/glassfish/hk2/hk2-utils/2.5.0/hk2-utils-2.5.0.jar:/home/user/.m2/repository/jakarta/annotation/jakarta.annotation-api/1.3.4/jakarta.annotation-api-1.3.4.jar:/home/user/.m2/repository/org/glassfish/hk2/external/aopalliance-repackaged/2.5.0/aopalliance-repackaged-2.5.0.jar:/home/user/.m2/repository/com/fasterxml/jackson/dataformat/jackson-dataformat-xml/2.9.0/jackson-dataformat-xml-2.9.0.jar:/home/user/.m2/repository/com/fasterxml/jackson/core/jackson-core/2.10.3/jackson-core-2.10.3.jar:/home/user/.m2/repository/com/fasterxml/jackson/module/jackson-module-jaxb-annotations/2.10.3/jackson-module-jaxb-annotations-2.10.3.jar:/home/user/.m2/repository/jakarta/xml/bind/jakarta.xml.bind-api/2.3.2/jakarta.xml.bind-api-2.3.2.jar:/home/user/.m2/repository/jakarta/activation/jakarta.activation-api/1.2.1/jakarta.activation-api-1.2.1.jar:/home/user/.m2/repository/org/codehaus/woodstox/stax2-api/3.1.4/stax2-api-3.1.4.jar:/home/user/.m2/repository/com/fasterxml/woodstox/woodstox-core/5.0.3/woodstox-core-5.0.3.jar:/home/user/.m2/repository/javax/enterprise/cdi-api/1.2/cdi-api-1.2.jar:/home/user/.m2/repository/javax/el/javax.el-api/3.0.0/javax.el-api-3.0.0.jar:/home/user/.m2/repository/javax/interceptor/javax.interceptor-api/1.2/javax.interceptor-api-1.2.jar:/home/user/.m2/repository/javax/inject/javax.inject/1/javax.inject-1.jar:/home/user/.m2/repository/com/sun/xml/bind/jaxb-impl/2.3.0.1/jaxb-impl-2.3.0.1.jar:/home/user/.m2/repository/com/sun/xml/bind/jaxb-core/2.3.0.1/jaxb-core-2.3.0.1.jar:/home/user/.m2/repository/javax/xml/bind/jaxb-api/2.3.0/jaxb-api-2.3.0.jar:/home/user/.m2/repository/javax/activation/activation/1.1.1/activation-1.1.1.jar:/home/user/.m2/repository/org/apache/hadoop/hadoop-ozone-csi/0.6.0-SNAPSHOT/hadoop-ozone-csi-0.6.0-SNAPSHOT.jar:/home/user/.m2/repository/com/google/protobuf/protobuf-java-util/3.5.1/protobuf-java-util-3.5.1.jar:/home/user/.m2/repository/com/google/code/gson/gson/2.2.4/gson-2.2.4.jar:/home/user/.m2/repository/org/apache/hadoop/hadoop-hdds-config/0.6.0-SNAPSHOT/hadoop-hdds-config-0.6.0-SNAPSHOT.jar:/home/user/.m2/repository/com/google/protobuf/protobuf-java/2.5.0/protobuf-java-2.5.0.jar:/home/user/.m2/repository/io/grpc/grpc-netty/1.17.1/grpc-netty-1.17.1.jar:/home/user/.m2/repository/io/grpc/grpc-core/1.17.1/grpc-core-1.17.1.jar:/home/user/.m2/repository/io/grpc/grpc-context/1.17.1/grpc-context-1.17.1.jar:/home/user/.m2/repository/org/codehaus/mojo/animal-sniffer-annotations/1.17/animal-sniffer-annotations-1.17.jar:/home/user/.m2/repository/io/opencensus/opencensus-api/0.17.0/opencensus-api-0.17.0.jar:/home/user/.m2/repository/io/opencensus/opencensus-contrib-grpc-metrics/0.17.0/opencensus-contrib-grpc-metrics-0.17.0.jar:/home/user/.m2/repository/io/netty/netty-codec-http2/4.1.30.Final/netty-codec-http2-4.1.30.Final.jar:/home/user/.m2/repository/io/netty/netty-codec-http/4.1.30.Final/netty-codec-http-4.1.30.Final.jar:/home/user/.m2/repository/io/netty/netty-codec/4.1.30.Final/netty-codec-4.1.30.Final.jar:/home/user/.m2/repository/io/netty/netty-handler/4.1.30.Final/netty-handler-4.1.30.Final.jar:/home/user/.m2/repository/io/netty/netty-handler-proxy/4.1.30.Final/netty-handler-proxy-4.1.30.Final.jar:/home/user/.m2/repository/io/netty/netty-codec-socks/4.1.30.Final/netty-codec-socks-4.1.30.Final.jar:/home/user/.m2/repository/io/netty/netty-transport-native-epoll/4.1.30.Final/netty-transport-native-epoll-4.1.30.Final.jar:/home/user/.m2/repository/io/netty/netty-common/4.1.30.Final/netty-common-4.1.30.Final.jar:/home/user/.m2/repository/io/netty/netty-buffer/4.1.30.Final/netty-buffer-4.1.30.Final.jar:/home/user/.m2/repository/io/netty/netty-transport/4.1.30.Final/netty-transport-4.1.30.Final.jar:/home/user/.m2/repository/io/netty/netty-resolver/4.1.30.Final/netty-resolver-4.1.30.Final.jar:/home/user/.m2/repository/io/netty/netty-transport-native-unix-common/4.1.30.Final/netty-transport-native-unix-common-4.1.30.Final.jar:/home/user/.m2/repository/io/grpc/grpc-protobuf/1.17.1/grpc-protobuf-1.17.1.jar:/home/user/.m2/repository/com/google/api/grpc/proto-google-common-protos/1.0.0/proto-google-common-protos-1.0.0.jar:/home/user/.m2/repository/io/grpc/grpc-protobuf-lite/1.17.1/grpc-protobuf-lite-1.17.1.jar:/home/user/.m2/repository/io/grpc/grpc-stub/1.17.1/grpc-stub-1.17.1.jar:/home/user/.m2/repository/org/apache/hadoop/hadoop-ozone-recon/0.6.0-SNAPSHOT/hadoop-ozone-recon-0.6.0-SNAPSHOT.jar:/home/user/.m2/repository/org/apache/hadoop/hadoop-ozone-reconcodegen/0.6.0-SNAPSHOT/hadoop-ozone-reconcodegen-0.6.0-SNAPSHOT.jar:/home/user/.m2/repository/com/google/inject/extensions/guice-multibindings/4.0/guice-multibindings-4.0.jar:/home/user/.m2/repository/com/google/inject/guice/4.0/guice-4.0.jar:/home/user/.m2/repository/aopalliance/aopalliance/1.0/aopalliance-1.0.jar:/home/user/.m2/repository/com/google/inject/extensions/guice-servlet/4.0/guice-servlet-4.0.jar:/home/user/.m2/repository/org/glassfish/jersey/containers/jersey-container-servlet/2.27/jersey-container-servlet-2.27.jar:/home/user/.m2/repository/org/glassfish/hk2/guice-bridge/2.5.0/guice-bridge-2.5.0.jar:/home/user/.m2/repository/org/glassfish/jersey/core/jersey-server/2.27/jersey-server-2.27.jar:/home/user/.m2/repository/org/glassfish/jersey/core/jersey-client/2.27/jersey-client-2.27.jar:/home/user/.m2/repository/org/glassfish/jersey/media/jersey-media-jaxb/2.27/jersey-media-jaxb-2.27.jar:/home/user/.m2/repository/javax/validation/validation-api/1.1.0.Final/validation-api-1.1.0.Final.jar:/home/user/.m2/repository/org/glassfish/jersey/media/jersey-media-json-jackson/2.27/jersey-media-json-jackson-2.27.jar:/home/user/.m2/repository/org/glassfish/jersey/ext/jersey-entity-filtering/2.27/jersey-entity-filtering-2.27.jar:/home/user/.m2/repository/com/google/inject/extensions/guice-assistedinject/4.0/guice-assistedinject-4.0.jar:/home/user/.m2/repository/org/jooq/jooq/3.11.10/jooq-3.11.10.jar:/home/user/.m2/repository/org/jooq/jooq-meta/3.11.10/jooq-meta-3.11.10.jar:/home/user/.m2/repository/org/jooq/jooq-codegen/3.11.10/jooq-codegen-3.11.10.jar:/home/user/.m2/repository/com/jolbox/bonecp/0.8.0.RELEASE/bonecp-0.8.0.RELEASE.jar:/home/user/.m2/repository/org/xerial/sqlite-jdbc/3.25.2/sqlite-jdbc-3.25.2.jar:/home/user/.m2/repository/org/springframework/spring-jdbc/5.2.5.RELEASE/spring-jdbc-5.2.5.RELEASE.jar:/home/user/.m2/repository/org/springframework/spring-beans/5.2.5.RELEASE/spring-beans-5.2.5.RELEASE.jar:/home/user/.m2/repository/org/springframework/spring-core/5.2.5.RELEASE/spring-core-5.2.5.RELEASE.jar:/home/user/.m2/repository/org/springframework/spring-jcl/5.2.5.RELEASE/spring-jcl-5.2.5.RELEASE.jar:/home/user/.m2/repository/org/springframework/spring-tx/5.2.5.RELEASE/spring-tx-5.2.5.RELEASE.jar:/home/user/.m2/repository/org/apache/hadoop/hadoop-ozone-client/0.6.0-SNAPSHOT/hadoop-ozone-client-0.6.0-SNAPSHOT.jar:/home/user/.m2/repository/org/apache/hadoop/hadoop-ozone-filesystem/0.6.0-SNAPSHOT/hadoop-ozone-filesystem-0.6.0-SNAPSHOT.jar:/home/user/.m2/repository/org/apache/hadoop/hadoop-hdds-hadoop-dependency-client/0.6.0-SNAPSHOT/hadoop-hdds-hadoop-dependency-client-0.6.0-SNAPSHOT.jar:/home/user/.m2/repository/org/apache/hadoop/hadoop-ozone-tools/0.6.0-SNAPSHOT/hadoop-ozone-tools-0.6.0-SNAPSHOT.jar:/home/user/.m2/repository/org/apache/hadoop/hadoop-hdfs/3.2.0/hadoop-hdfs-3.2.0.jar:/home/user/.m2/repository/org/apache/ratis/ratis-tools/0.6.0-490b689-SNAPSHOT/ratis-tools-0.6.0-490b689-SNAPSHOT.jar:/home/user/.m2/repository/org/apache/ratis/ratis-proto/0.6.0-490b689-SNAPSHOT/ratis-proto-0.6.0-490b689-SNAPSHOT.jar:/home/user/.m2/repository/org/apache/ratis/ratis-common/0.6.0-490b689-SNAPSHOT/ratis-common-0.6.0-490b689-SNAPSHOT.jar:/home/user/.m2/repository/com/amazonaws/aws-java-sdk-core/1.11.615/aws-java-sdk-core-1.11.615.jar:/home/user/.m2/repository/org/apache/httpcomponents/httpclient/4.5.2/httpclient-4.5.2.jar:/home/user/.m2/repository/org/apache/httpcomponents/httpcore/4.4.4/httpcore-4.4.4.jar:/home/user/.m2/repository/software/amazon/ion/ion-java/1.0.2/ion-java-1.0.2.jar:/home/user/.m2/repository/com/fasterxml/jackson/dataformat/jackson-dataformat-cbor/2.10.3/jackson-dataformat-cbor-2.10.3.jar:/home/user/.m2/repository/joda-time/joda-time/2.9.9/joda-time-2.9.9.jar:/home/user/.m2/repository/com/amazonaws/aws-java-sdk-s3/1.11.615/aws-java-sdk-s3-1.11.615.jar:/home/user/.m2/repository/com/amazonaws/aws-java-sdk-kms/1.11.615/aws-java-sdk-kms-1.11.615.jar:/home/user/.m2/repository/com/amazonaws/jmespath-java/1.11.615/jmespath-java-1.11.615.jar:/home/user/.m2/repository/org/apache/hadoop/hadoop-hdds-tools/0.6.0-SNAPSHOT/hadoop-hdds-tools-0.6.0-SNAPSHOT.jar:/home/user/.m2/repository/commons-cli/commons-cli/1.2/commons-cli-1.2.jar:/home/user/.m2/repository/commons-lang/commons-lang/2.6/commons-lang-2.6.jar:/home/user/.m2/repository/org/apache/hadoop/hadoop-ozone-ozone-manager/0.6.0-SNAPSHOT/hadoop-ozone-ozone-manager-0.6.0-SNAPSHOT-tests.jar:/home/user/.m2/repository/junit/junit/4.11/junit-4.11.jar:/home/user/.m2/repository/org/hamcrest/hamcrest-core/1.3/hamcrest-core-1.3.jar:/home/user/.m2/repository/org/openjdk/jmh/jmh-core/1.19/jmh-core-1.19.jar:/home/user/.m2/repository/net/sf/jopt-simple/jopt-simple/4.6/jopt-simple-4.6.jar:/home/user/.m2/repository/org/apache/commons/commons-math3/3.1.1/commons-math3-3.1.1.jar:/home/user/.m2/repository/org/openjdk/jmh/jmh-generator-annprocess/1.19/jmh-generator-annprocess-1.19.jar:/home/user/.m2/repository/org/mockito/mockito-all/1.8.5/mockito-all-1.8.5.jar:/home/user/.m2/repository/org/apache/hadoop/hadoop-kms/3.2.0/hadoop-kms-3.2.0.jar:/home/user/.m2/repository/org/apache/hadoop/hadoop-auth/3.2.0/hadoop-auth-3.2.0.jar:/home/user/.m2/repository/com/nimbusds/nimbus-jose-jwt/7.9/nimbus-jose-jwt-7.9.jar:/home/user/.m2/repository/com/github/stephenc/jcip/jcip-annotations/1.0-1/jcip-annotations-1.0-1.jar:/home/user/.m2/repository/net/minidev/json-smart/2.3/json-smart-2.3.jar:/home/user/.m2/repository/net/minidev/accessors-smart/1.2/accessors-smart-1.2.jar:/home/user/.m2/repository/org/ow2/asm/asm/5.0.4/asm-5.0.4.jar:/home/user/.m2/repository/org/apache/zookeeper/zookeeper/3.4.13/zookeeper-3.4.13.jar:/home/user/.m2/repository/org/apache/yetus/audience-annotations/0.5.0/audience-annotations-0.5.0.jar:/home/user/.m2/repository/org/apache/curator/curator-framework/2.12.0/curator-framework-2.12.0.jar:/home/user/.m2/repository/com/sun/jersey/jersey-core/1.19/jersey-core-1.19.jar:/home/user/.m2/repository/javax/ws/rs/jsr311-api/1.1.1/jsr311-api-1.1.1.jar:/home/user/.m2/repository/com/sun/jersey/jersey-server/1.19/jersey-server-1.19.jar:/home/user/.m2/repository/javax/servlet/javax.servlet-api/3.1.0/javax.servlet-api-3.1.0.jar:/home/user/.m2/repository/org/eclipse/jetty/jetty-server/9.4.26.v20200117/jetty-server-9.4.26.v20200117.jar:/home/user/.m2/repository/org/eclipse/jetty/jetty-http/9.4.26.v20200117/jetty-http-9.4.26.v20200117.jar:/home/user/.m2/repository/org/eclipse/jetty/jetty-io/9.4.26.v20200117/jetty-io-9.4.26.v20200117.jar:/home/user/.m2/repository/org/eclipse/jetty/jetty-webapp/9.4.26.v20200117/jetty-webapp-9.4.26.v20200117.jar:/home/user/.m2/repository/org/eclipse/jetty/jetty-xml/9.4.26.v20200117/jetty-xml-9.4.26.v20200117.jar:/home/user/.m2/repository/org/eclipse/jetty/jetty-servlet/9.4.26.v20200117/jetty-servlet-9.4.26.v20200117.jar:/home/user/.m2/repository/org/eclipse/jetty/jetty-security/9.4.26.v20200117/jetty-security-9.4.26.v20200117.jar:/home/user/.m2/repository/org/apache/hadoop/hadoop-common/3.2.0/hadoop-common-3.2.0.jar:/home/user/.m2/repository/commons-net/commons-net/3.6/commons-net-3.6.jar:/home/user/.m2/repository/commons-collections/commons-collections/3.2.2/commons-collections-3.2.2.jar:/home/user/.m2/repository/com/sun/jersey/jersey-servlet/1.19/jersey-servlet-1.19.jar:/home/user/.m2/repository/com/sun/jersey/jersey-json/1.19/jersey-json-1.19.jar:/home/user/.m2/repository/org/codehaus/jettison/jettison/1.1/jettison-1.1.jar:/home/user/.m2/repository/org/codehaus/jackson/jackson-jaxrs/1.9.2/jackson-jaxrs-1.9.2.jar:/home/user/.m2/repository/org/codehaus/jackson/jackson-xc/1.9.2/jackson-xc-1.9.2.jar:/home/user/.m2/repository/commons-beanutils/commons-beanutils/1.9.4/commons-beanutils-1.9.4.jar:/home/user/.m2/repository/org/apache/commons/commons-configuration2/2.1.1/commons-configuration2-2.1.1.jar:/home/user/.m2/repository/org/apache/commons/commons-text/1.4/commons-text-1.4.jar:/home/user/.m2/repository/com/google/re2j/re2j/1.1/re2j-1.1.jar:/home/user/.m2/repository/com/jcraft/jsch/0.1.54/jsch-0.1.54.jar:/home/user/.m2/repository/org/apache/curator/curator-client/2.12.0/curator-client-2.12.0.jar:/home/user/.m2/repository/org/apache/curator/curator-recipes/2.12.0/curator-recipes-2.12.0.jar:/home/user/.m2/repository/dnsjava/dnsjava/2.1.7/dnsjava-2.1.7.jar:/home/user/.m2/repository/org/slf4j/jul-to-slf4j/1.7.25/jul-to-slf4j-1.7.25.jar:/home/user/.m2/repository/org/eclipse/jetty/jetty-util/9.4.26.v20200117/jetty-util-9.4.26.v20200117.jar:/home/user/.m2/repository/com/fasterxml/jackson/core/jackson-databind/2.10.3/jackson-databind-2.10.3.jar:/home/user/.m2/repository/org/apache/hadoop/hadoop-kms/3.2.0/hadoop-kms-3.2.0-tests.jar:/home/user/.m2/repository/org/apache/hadoop/hadoop-hdds-server-scm/0.6.0-SNAPSHOT/hadoop-hdds-server-scm-0.6.0-SNAPSHOT-tests.jar:/home/user/.m2/repository/org/apache/hadoop/hadoop-hdds-container-service/0.6.0-SNAPSHOT/hadoop-hdds-container-service-0.6.0-SNAPSHOT-tests.jar:/home/user/.m2/repository/org/apache/hadoop/hadoop-hdds-common/0.6.0-SNAPSHOT/hadoop-hdds-common-0.6.0-SNAPSHOT-tests.jar:/home/user/.m2/repository/org/yaml/snakeyaml/1.16/snakeyaml-1.16.jar:/home/user/.m2/repository/org/apache/hadoop/hadoop-hdds-hadoop-dependency-test/0.6.0-SNAPSHOT/hadoop-hdds-hadoop-dependency-test-0.6.0-SNAPSHOT.jar:/home/user/.m2/repository/org/apache/hadoop/hadoop-common/3.2.0/hadoop-common-3.2.0-tests.jar:/home/user/.m2/repository/javax/servlet/jsp/jsp-api/2.1/jsp-api-2.1.jar:/home/user/.m2/repository/org/apache/hadoop/hadoop-hdfs/3.2.0/hadoop-hdfs-3.2.0-tests.jar:/home/user/.m2/repository/org/eclipse/jetty/jetty-util-ajax/9.4.26.v20200117/jetty-util-ajax-9.4.26.v20200117.jar:/home/user/.m2/repository/commons-codec/commons-codec/1.11/commons-codec-1.11.jar:/home/user/.m2/repository/commons-daemon/commons-daemon/1.0.13/commons-daemon-1.0.13.jar:/home/user/.m2/repository/io/netty/netty/3.10.5.Final/netty-3.10.5.Final.jar:/home/user/.m2/repository/io/netty/netty-all/4.1.47.Final/netty-all-4.1.47.Final.jar:/home/user/.m2/repository/org/apache/htrace/htrace-core4/4.1.0-incubating/htrace-core4-4.1.0-incubating.jar:/home/user/.m2/repository/org/fusesource/leveldbjni/leveldbjni-all/1.8/leveldbjni-all-1.8.jar:/home/user/.m2/repository/org/apache/hadoop/hadoop-distcp/3.2.0/hadoop-distcp-3.2.0.jar:/home/user/.m2/repository/org/apache/hadoop/hadoop-mapreduce-client-jobclient/3.2.0/hadoop-mapreduce-client-jobclient-3.2.0.jar:/home/user/.m2/repository/org/apache/hadoop/hadoop-mapreduce-client-common/3.2.0/hadoop-mapreduce-client-common-3.2.0.jar:/home/user/.m2/repository/org/apache/hadoop/hadoop-yarn-common/3.2.0/hadoop-yarn-common-3.2.0.jar:/home/user/.m2/repository/org/apache/hadoop/hadoop-yarn-api/3.2.0/hadoop-yarn-api-3.2.0.jar:/home/user/.m2/repository/com/sun/jersey/jersey-client/1.19/jersey-client-1.19.jar:/home/user/.m2/repository/com/sun/jersey/contribs/jersey-guice/1.19/jersey-guice-1.19.jar:/home/user/.m2/repository/com/fasterxml/jackson/jaxrs/jackson-jaxrs-json-provider/2.10.3/jackson-jaxrs-json-provider-2.10.3.jar:/home/user/.m2/repository/com/fasterxml/jackson/jaxrs/jackson-jaxrs-base/2.10.3/jackson-jaxrs-base-2.10.3.jar:/home/user/.m2/repository/org/apache/hadoop/hadoop-yarn-client/3.2.0/hadoop-yarn-client-3.2.0.jar:/home/user/.m2/repository/org/apache/hadoop/hadoop-mapreduce-client-core/3.2.0/hadoop-mapreduce-client-core-3.2.0.jar:/home/user/.m2/repository/org/apache/avro/avro/1.7.7/avro-1.7.7.jar:/home/user/.m2/repository/org/codehaus/jackson/jackson-core-asl/1.9.13/jackson-core-asl-1.9.13.jar:/home/user/.m2/repository/org/codehaus/jackson/jackson-mapper-asl/1.9.13/jackson-mapper-asl-1.9.13.jar:/home/user/.m2/repository/com/thoughtworks/paranamer/paranamer/2.3/paranamer-2.3.jar:/home/user/.m2/repository/org/xerial/snappy/snappy-java/1.0.5/snappy-java-1.0.5.jar:/home/user/.m2/repository/org/apache/hadoop/hadoop-annotations/3.2.0/hadoop-annotations-3.2.0.jar:/usr/lib/jvm/java-1.8.0-openjdk-1.8.0.232.b09-0.el7_7.x86_64/jre/../lib/tools.jar:/home/user/.m2/repository/org/apache/hadoop/hadoop-distcp/3.2.0/hadoop-distcp-3.2.0-tests.jar:"/>
    <property name="java.vm.vendor" value="Oracle Corporation"/>
    <property name="sun.arch.data.model" value="64"/>
    <property name="test.build.dir" value="/github/workspace/mnt/ozone/hadoop-ozone/integration-test/target/test-dir"/>
    <property name="test.cache.data" value=""/>
    <property name="java.vendor.url" value="http://java.oracle.com/"/>
    <property name="user.timezone" value=""/>
    <property name="java.vm.specification.version" value="1.8"/>
    <property name="os.name" value="Linux"/>
    <property name="test.build.data" value="/github/workspace/mnt/ozone/hadoop-ozone/integration-test/target/test-dir"/>
    <property name="user.country" value="US"/>
    <property name="sun.java.launcher" value="SUN_STANDARD"/>
    <property name="sun.boot.library.path" value="/usr/lib/jvm/java-1.8.0-openjdk-1.8.0.232.b09-0.el7_7.x86_64/jre/lib/amd64"/>
    <property name="sun.java.command" value="/github/workspace/mnt/ozone/hadoop-ozone/integration-test/target/surefire/surefirebooter1714988295080832935.jar /github/workspace/mnt/ozone/hadoop-ozone/integration-test/target/surefire 2020-04-28T14-11-53_480-jvmRun1 surefire4305422629034833315tmp surefire_286580671763229238376tmp"/>
    <property name="surefire.test.class.path" value="/github/workspace/mnt/ozone/hadoop-ozone/integration-test/target/test-classes:/github/workspace/mnt/ozone/hadoop-ozone/integration-test/target/classes:/home/user/.m2/repository/org/apache/hadoop/hadoop-ozone-common/0.6.0-SNAPSHOT/hadoop-ozone-common-0.6.0-SNAPSHOT.jar:/home/user/.m2/repository/org/apache/commons/commons-compress/1.4.1/commons-compress-1.4.1.jar:/home/user/.m2/repository/org/tukaani/xz/1.0/xz-1.0.jar:/home/user/.m2/repository/org/apache/hadoop/hadoop-hdds-common/0.6.0-SNAPSHOT/hadoop-hdds-common-0.6.0-SNAPSHOT.jar:/home/user/.m2/repository/info/picocli/picocli/3.9.6/picocli-3.9.6.jar:/home/user/.m2/repository/com/fasterxml/jackson/core/jackson-annotations/2.10.3/jackson-annotations-2.10.3.jar:/home/user/.m2/repository/javax/annotation/javax.annotation-api/1.2/javax.annotation-api-1.2.jar:/home/user/.m2/repository/org/apache/ratis/ratis-server/0.6.0-490b689-SNAPSHOT/ratis-server-0.6.0-490b689-SNAPSHOT.jar:/home/user/.m2/repository/org/apache/ratis/ratis-thirdparty-misc/0.3.0/ratis-thirdparty-misc-0.3.0.jar:/home/user/.m2/repository/org/apache/ratis/ratis-client/0.6.0-490b689-SNAPSHOT/ratis-client-0.6.0-490b689-SNAPSHOT.jar:/home/user/.m2/repository/org/apache/ratis/ratis-metrics/0.6.0-490b689-SNAPSHOT/ratis-metrics-0.6.0-490b689-SNAPSHOT.jar:/home/user/.m2/repository/org/apache/ratis/ratis-netty/0.6.0-490b689-SNAPSHOT/ratis-netty-0.6.0-490b689-SNAPSHOT.jar:/home/user/.m2/repository/org/apache/ratis/ratis-grpc/0.6.0-490b689-SNAPSHOT/ratis-grpc-0.6.0-490b689-SNAPSHOT.jar:/home/user/.m2/repository/org/apache/logging/log4j/log4j-api/2.11.0/log4j-api-2.11.0.jar:/home/user/.m2/repository/org/apache/logging/log4j/log4j-core/2.11.0/log4j-core-2.11.0.jar:/home/user/.m2/repository/com/lmax/disruptor/3.4.2/disruptor-3.4.2.jar:/home/user/.m2/repository/org/apache/commons/commons-pool2/2.6.0/commons-pool2-2.6.0.jar:/home/user/.m2/repository/org/bouncycastle/bcpkix-jdk15on/1.60/bcpkix-jdk15on-1.60.jar:/home/user/.m2/repository/commons-validator/commons-validator/1.6/commons-validator-1.6.jar:/home/user/.m2/repository/commons-digester/commons-digester/1.8.1/commons-digester-1.8.1.jar:/home/user/.m2/repository/io/jaegertracing/jaeger-client/1.2.0/jaeger-client-1.2.0.jar:/home/user/.m2/repository/io/jaegertracing/jaeger-thrift/1.2.0/jaeger-thrift-1.2.0.jar:/home/user/.m2/repository/org/apache/thrift/libthrift/0.13.0/libthrift-0.13.0.jar:/home/user/.m2/repository/com/squareup/okhttp3/okhttp/4.2.2/okhttp-4.2.2.jar:/home/user/.m2/repository/com/squareup/okio/okio/2.2.2/okio-2.2.2.jar:/home/user/.m2/repository/org/jetbrains/kotlin/kotlin-stdlib/1.3.50/kotlin-stdlib-1.3.50.jar:/home/user/.m2/repository/org/jetbrains/kotlin/kotlin-stdlib-common/1.3.50/kotlin-stdlib-common-1.3.50.jar:/home/user/.m2/repository/org/jetbrains/annotations/13.0/annotations-13.0.jar:/home/user/.m2/repository/io/jaegertracing/jaeger-core/1.2.0/jaeger-core-1.2.0.jar:/home/user/.m2/repository/io/jaegertracing/jaeger-tracerresolver/1.2.0/jaeger-tracerresolver-1.2.0.jar:/home/user/.m2/repository/io/opentracing/contrib/opentracing-tracerresolver/0.1.8/opentracing-tracerresolver-0.1.8.jar:/home/user/.m2/repository/io/opentracing/opentracing-util/0.33.0/opentracing-util-0.33.0.jar:/home/user/.m2/repository/io/opentracing/opentracing-api/0.33.0/opentracing-api-0.33.0.jar:/home/user/.m2/repository/io/opentracing/opentracing-noop/0.33.0/opentracing-noop-0.33.0.jar:/home/user/.m2/repository/org/apache/hadoop/hadoop-hdds-client/0.6.0-SNAPSHOT/hadoop-hdds-client-0.6.0-SNAPSHOT.jar:/home/user/.m2/repository/org/apache/hadoop/hadoop-hdds-test-utils/0.6.0-SNAPSHOT/hadoop-hdds-test-utils-0.6.0-SNAPSHOT.jar:/home/user/.m2/repository/com/google/guava/guava/28.2-jre/guava-28.2-jre.jar:/home/user/.m2/repository/com/google/guava/failureaccess/1.0.1/failureaccess-1.0.1.jar:/home/user/.m2/repository/com/google/guava/listenablefuture/9999.0-empty-to-avoid-conflict-with-guava/listenablefuture-9999.0-empty-to-avoid-conflict-with-guava.jar:/home/user/.m2/repository/com/google/code/findbugs/jsr305/3.0.0/jsr305-3.0.0.jar:/home/user/.m2/repository/org/checkerframework/checker-qual/2.10.0/checker-qual-2.10.0.jar:/home/user/.m2/repository/com/google/errorprone/error_prone_annotations/2.3.4/error_prone_annotations-2.3.4.jar:/home/user/.m2/repository/com/google/j2objc/j2objc-annotations/1.3/j2objc-annotations-1.3.jar:/home/user/.m2/repository/commons-io/commons-io/2.5/commons-io-2.5.jar:/home/user/.m2/repository/commons-logging/commons-logging/1.1.3/commons-logging-1.1.3.jar:/home/user/.m2/repository/log4j/log4j/1.2.17/log4j-1.2.17.jar:/home/user/.m2/repository/org/apache/commons/commons-lang3/3.7/commons-lang3-3.7.jar:/home/user/.m2/repository/org/slf4j/slf4j-api/1.7.25/slf4j-api-1.7.25.jar:/home/user/.m2/repository/org/apache/hadoop/hadoop-hdds-server-scm/0.6.0-SNAPSHOT/hadoop-hdds-server-scm-0.6.0-SNAPSHOT.jar:/home/user/.m2/repository/org/apache/hadoop/hadoop-hdds-container-service/0.6.0-SNAPSHOT/hadoop-hdds-container-service-0.6.0-SNAPSHOT.jar:/home/user/.m2/repository/org/apache/hadoop/hadoop-hdds-hadoop-dependency-server/0.6.0-SNAPSHOT/hadoop-hdds-hadoop-dependency-server-0.6.0-SNAPSHOT.jar:/home/user/.m2/repository/org/apache/hadoop/hadoop-hdds-server-framework/0.6.0-SNAPSHOT/hadoop-hdds-server-framework-0.6.0-SNAPSHOT.jar:/home/user/.m2/repository/org/rocksdb/rocksdbjni/6.6.4/rocksdbjni-6.6.4.jar:/home/user/.m2/repository/io/prometheus/simpleclient_dropwizard/0.7.0/simpleclient_dropwizard-0.7.0.jar:/home/user/.m2/repository/io/prometheus/simpleclient/0.7.0/simpleclient-0.7.0.jar:/home/user/.m2/repository/io/prometheus/simpleclient_common/0.7.0/simpleclient_common-0.7.0.jar:/home/user/.m2/repository/com/fasterxml/jackson/datatype/jackson-datatype-jsr310/2.10.3/jackson-datatype-jsr310-2.10.3.jar:/home/user/.m2/repository/org/apache/hadoop/hadoop-hdds-docs/0.6.0-SNAPSHOT/hadoop-hdds-docs-0.6.0-SNAPSHOT.jar:/home/user/.m2/repository/io/dropwizard/metrics/metrics-core/3.2.4/metrics-core-3.2.4.jar:/home/user/.m2/repository/org/apache/hadoop/hadoop-hdfs-client/3.2.0/hadoop-hdfs-client-3.2.0.jar:/home/user/.m2/repository/org/bouncycastle/bcprov-jdk15on/1.60/bcprov-jdk15on-1.60.jar:/home/user/.m2/repository/org/apache/hadoop/hadoop-ozone-ozone-manager/0.6.0-SNAPSHOT/hadoop-ozone-ozone-manager-0.6.0-SNAPSHOT.jar:/home/user/.m2/repository/org/apache/hadoop/hadoop-minikdc/3.2.0/hadoop-minikdc-3.2.0.jar:/home/user/.m2/repository/org/apache/kerby/kerb-simplekdc/1.0.1/kerb-simplekdc-1.0.1.jar:/home/user/.m2/repository/org/apache/kerby/kerb-client/1.0.1/kerb-client-1.0.1.jar:/home/user/.m2/repository/org/apache/kerby/kerby-config/1.0.1/kerby-config-1.0.1.jar:/home/user/.m2/repository/org/apache/kerby/kerb-core/1.0.1/kerb-core-1.0.1.jar:/home/user/.m2/repository/org/apache/kerby/kerby-pkix/1.0.1/kerby-pkix-1.0.1.jar:/home/user/.m2/repository/org/apache/kerby/kerby-asn1/1.0.1/kerby-asn1-1.0.1.jar:/home/user/.m2/repository/org/apache/kerby/kerby-util/1.0.1/kerby-util-1.0.1.jar:/home/user/.m2/repository/org/apache/kerby/kerb-common/1.0.1/kerb-common-1.0.1.jar:/home/user/.m2/repository/org/apache/kerby/kerb-crypto/1.0.1/kerb-crypto-1.0.1.jar:/home/user/.m2/repository/org/apache/kerby/kerb-util/1.0.1/kerb-util-1.0.1.jar:/home/user/.m2/repository/org/apache/kerby/token-provider/1.0.1/token-provider-1.0.1.jar:/home/user/.m2/repository/org/apache/kerby/kerb-admin/1.0.1/kerb-admin-1.0.1.jar:/home/user/.m2/repository/org/apache/kerby/kerb-server/1.0.1/kerb-server-1.0.1.jar:/home/user/.m2/repository/org/apache/kerby/kerb-identity/1.0.1/kerb-identity-1.0.1.jar:/home/user/.m2/repository/org/apache/kerby/kerby-xdr/1.0.1/kerby-xdr-1.0.1.jar:/home/user/.m2/repository/org/slf4j/slf4j-log4j12/1.7.25/slf4j-log4j12-1.7.25.jar:/home/user/.m2/repository/org/apache/hadoop/hadoop-ozone-s3gateway/0.6.0-SNAPSHOT/hadoop-ozone-s3gateway-0.6.0-SNAPSHOT.jar:/home/user/.m2/repository/org/jboss/weld/servlet/weld-servlet/2.4.7.Final/weld-servlet-2.4.7.Final.jar:/home/user/.m2/repository/org/glassfish/jersey/containers/jersey-container-servlet-core/2.27/jersey-container-servlet-core-2.27.jar:/home/user/.m2/repository/org/glassfish/hk2/external/javax.inject/2.5.0-b42/javax.inject-2.5.0-b42.jar:/home/user/.m2/repository/org/glassfish/jersey/core/jersey-common/2.27/jersey-common-2.27.jar:/home/user/.m2/repository/org/glassfish/hk2/osgi-resource-locator/1.0.1/osgi-resource-locator-1.0.1.jar:/home/user/.m2/repository/javax/ws/rs/javax.ws.rs-api/2.1/javax.ws.rs-api-2.1.jar:/home/user/.m2/repository/org/glassfish/jersey/ext/cdi/jersey-cdi1x/2.27/jersey-cdi1x-2.27.jar:/home/user/.m2/repository/org/glassfish/jersey/inject/jersey-hk2/2.27/jersey-hk2-2.27.jar:/home/user/.m2/repository/org/glassfish/hk2/hk2-locator/2.5.0-b42/hk2-locator-2.5.0-b42.jar:/home/user/.m2/repository/org/javassist/javassist/3.22.0-CR2/javassist-3.22.0-CR2.jar:/home/user/.m2/repository/org/glassfish/hk2/hk2-api/2.5.0/hk2-api-2.5.0.jar:/home/user/.m2/repository/org/glassfish/hk2/external/jakarta.inject/2.5.0/jakarta.inject-2.5.0.jar:/home/user/.m2/repository/org/glassfish/hk2/hk2-utils/2.5.0/hk2-utils-2.5.0.jar:/home/user/.m2/repository/jakarta/annotation/jakarta.annotation-api/1.3.4/jakarta.annotation-api-1.3.4.jar:/home/user/.m2/repository/org/glassfish/hk2/external/aopalliance-repackaged/2.5.0/aopalliance-repackaged-2.5.0.jar:/home/user/.m2/repository/com/fasterxml/jackson/dataformat/jackson-dataformat-xml/2.9.0/jackson-dataformat-xml-2.9.0.jar:/home/user/.m2/repository/com/fasterxml/jackson/core/jackson-core/2.10.3/jackson-core-2.10.3.jar:/home/user/.m2/repository/com/fasterxml/jackson/module/jackson-module-jaxb-annotations/2.10.3/jackson-module-jaxb-annotations-2.10.3.jar:/home/user/.m2/repository/jakarta/xml/bind/jakarta.xml.bind-api/2.3.2/jakarta.xml.bind-api-2.3.2.jar:/home/user/.m2/repository/jakarta/activation/jakarta.activation-api/1.2.1/jakarta.activation-api-1.2.1.jar:/home/user/.m2/repository/org/codehaus/woodstox/stax2-api/3.1.4/stax2-api-3.1.4.jar:/home/user/.m2/repository/com/fasterxml/woodstox/woodstox-core/5.0.3/woodstox-core-5.0.3.jar:/home/user/.m2/repository/javax/enterprise/cdi-api/1.2/cdi-api-1.2.jar:/home/user/.m2/repository/javax/el/javax.el-api/3.0.0/javax.el-api-3.0.0.jar:/home/user/.m2/repository/javax/interceptor/javax.interceptor-api/1.2/javax.interceptor-api-1.2.jar:/home/user/.m2/repository/javax/inject/javax.inject/1/javax.inject-1.jar:/home/user/.m2/repository/com/sun/xml/bind/jaxb-impl/2.3.0.1/jaxb-impl-2.3.0.1.jar:/home/user/.m2/repository/com/sun/xml/bind/jaxb-core/2.3.0.1/jaxb-core-2.3.0.1.jar:/home/user/.m2/repository/javax/xml/bind/jaxb-api/2.3.0/jaxb-api-2.3.0.jar:/home/user/.m2/repository/javax/activation/activation/1.1.1/activation-1.1.1.jar:/home/user/.m2/repository/org/apache/hadoop/hadoop-ozone-csi/0.6.0-SNAPSHOT/hadoop-ozone-csi-0.6.0-SNAPSHOT.jar:/home/user/.m2/repository/com/google/protobuf/protobuf-java-util/3.5.1/protobuf-java-util-3.5.1.jar:/home/user/.m2/repository/com/google/code/gson/gson/2.2.4/gson-2.2.4.jar:/home/user/.m2/repository/org/apache/hadoop/hadoop-hdds-config/0.6.0-SNAPSHOT/hadoop-hdds-config-0.6.0-SNAPSHOT.jar:/home/user/.m2/repository/com/google/protobuf/protobuf-java/2.5.0/protobuf-java-2.5.0.jar:/home/user/.m2/repository/io/grpc/grpc-netty/1.17.1/grpc-netty-1.17.1.jar:/home/user/.m2/repository/io/grpc/grpc-core/1.17.1/grpc-core-1.17.1.jar:/home/user/.m2/repository/io/grpc/grpc-context/1.17.1/grpc-context-1.17.1.jar:/home/user/.m2/repository/org/codehaus/mojo/animal-sniffer-annotations/1.17/animal-sniffer-annotations-1.17.jar:/home/user/.m2/repository/io/opencensus/opencensus-api/0.17.0/opencensus-api-0.17.0.jar:/home/user/.m2/repository/io/opencensus/opencensus-contrib-grpc-metrics/0.17.0/opencensus-contrib-grpc-metrics-0.17.0.jar:/home/user/.m2/repository/io/netty/netty-codec-http2/4.1.30.Final/netty-codec-http2-4.1.30.Final.jar:/home/user/.m2/repository/io/netty/netty-codec-http/4.1.30.Final/netty-codec-http-4.1.30.Final.jar:/home/user/.m2/repository/io/netty/netty-codec/4.1.30.Final/netty-codec-4.1.30.Final.jar:/home/user/.m2/repository/io/netty/netty-handler/4.1.30.Final/netty-handler-4.1.30.Final.jar:/home/user/.m2/repository/io/netty/netty-handler-proxy/4.1.30.Final/netty-handler-proxy-4.1.30.Final.jar:/home/user/.m2/repository/io/netty/netty-codec-socks/4.1.30.Final/netty-codec-socks-4.1.30.Final.jar:/home/user/.m2/repository/io/netty/netty-transport-native-epoll/4.1.30.Final/netty-transport-native-epoll-4.1.30.Final.jar:/home/user/.m2/repository/io/netty/netty-common/4.1.30.Final/netty-common-4.1.30.Final.jar:/home/user/.m2/repository/io/netty/netty-buffer/4.1.30.Final/netty-buffer-4.1.30.Final.jar:/home/user/.m2/repository/io/netty/netty-transport/4.1.30.Final/netty-transport-4.1.30.Final.jar:/home/user/.m2/repository/io/netty/netty-resolver/4.1.30.Final/netty-resolver-4.1.30.Final.jar:/home/user/.m2/repository/io/netty/netty-transport-native-unix-common/4.1.30.Final/netty-transport-native-unix-common-4.1.30.Final.jar:/home/user/.m2/repository/io/grpc/grpc-protobuf/1.17.1/grpc-protobuf-1.17.1.jar:/home/user/.m2/repository/com/google/api/grpc/proto-google-common-protos/1.0.0/proto-google-common-protos-1.0.0.jar:/home/user/.m2/repository/io/grpc/grpc-protobuf-lite/1.17.1/grpc-protobuf-lite-1.17.1.jar:/home/user/.m2/repository/io/grpc/grpc-stub/1.17.1/grpc-stub-1.17.1.jar:/home/user/.m2/repository/org/apache/hadoop/hadoop-ozone-recon/0.6.0-SNAPSHOT/hadoop-ozone-recon-0.6.0-SNAPSHOT.jar:/home/user/.m2/repository/org/apache/hadoop/hadoop-ozone-reconcodegen/0.6.0-SNAPSHOT/hadoop-ozone-reconcodegen-0.6.0-SNAPSHOT.jar:/home/user/.m2/repository/com/google/inject/extensions/guice-multibindings/4.0/guice-multibindings-4.0.jar:/home/user/.m2/repository/com/google/inject/guice/4.0/guice-4.0.jar:/home/user/.m2/repository/aopalliance/aopalliance/1.0/aopalliance-1.0.jar:/home/user/.m2/repository/com/google/inject/extensions/guice-servlet/4.0/guice-servlet-4.0.jar:/home/user/.m2/repository/org/glassfish/jersey/containers/jersey-container-servlet/2.27/jersey-container-servlet-2.27.jar:/home/user/.m2/repository/org/glassfish/hk2/guice-bridge/2.5.0/guice-bridge-2.5.0.jar:/home/user/.m2/repository/org/glassfish/jersey/core/jersey-server/2.27/jersey-server-2.27.jar:/home/user/.m2/repository/org/glassfish/jersey/core/jersey-client/2.27/jersey-client-2.27.jar:/home/user/.m2/repository/org/glassfish/jersey/media/jersey-media-jaxb/2.27/jersey-media-jaxb-2.27.jar:/home/user/.m2/repository/javax/validation/validation-api/1.1.0.Final/validation-api-1.1.0.Final.jar:/home/user/.m2/repository/org/glassfish/jersey/media/jersey-media-json-jackson/2.27/jersey-media-json-jackson-2.27.jar:/home/user/.m2/repository/org/glassfish/jersey/ext/jersey-entity-filtering/2.27/jersey-entity-filtering-2.27.jar:/home/user/.m2/repository/com/google/inject/extensions/guice-assistedinject/4.0/guice-assistedinject-4.0.jar:/home/user/.m2/repository/org/jooq/jooq/3.11.10/jooq-3.11.10.jar:/home/user/.m2/repository/org/jooq/jooq-meta/3.11.10/jooq-meta-3.11.10.jar:/home/user/.m2/repository/org/jooq/jooq-codegen/3.11.10/jooq-codegen-3.11.10.jar:/home/user/.m2/repository/com/jolbox/bonecp/0.8.0.RELEASE/bonecp-0.8.0.RELEASE.jar:/home/user/.m2/repository/org/xerial/sqlite-jdbc/3.25.2/sqlite-jdbc-3.25.2.jar:/home/user/.m2/repository/org/springframework/spring-jdbc/5.2.5.RELEASE/spring-jdbc-5.2.5.RELEASE.jar:/home/user/.m2/repository/org/springframework/spring-beans/5.2.5.RELEASE/spring-beans-5.2.5.RELEASE.jar:/home/user/.m2/repository/org/springframework/spring-core/5.2.5.RELEASE/spring-core-5.2.5.RELEASE.jar:/home/user/.m2/repository/org/springframework/spring-jcl/5.2.5.RELEASE/spring-jcl-5.2.5.RELEASE.jar:/home/user/.m2/repository/org/springframework/spring-tx/5.2.5.RELEASE/spring-tx-5.2.5.RELEASE.jar:/home/user/.m2/repository/org/apache/hadoop/hadoop-ozone-client/0.6.0-SNAPSHOT/hadoop-ozone-client-0.6.0-SNAPSHOT.jar:/home/user/.m2/repository/org/apache/hadoop/hadoop-ozone-filesystem/0.6.0-SNAPSHOT/hadoop-ozone-filesystem-0.6.0-SNAPSHOT.jar:/home/user/.m2/repository/org/apache/hadoop/hadoop-hdds-hadoop-dependency-client/0.6.0-SNAPSHOT/hadoop-hdds-hadoop-dependency-client-0.6.0-SNAPSHOT.jar:/home/user/.m2/repository/org/apache/hadoop/hadoop-ozone-tools/0.6.0-SNAPSHOT/hadoop-ozone-tools-0.6.0-SNAPSHOT.jar:/home/user/.m2/repository/org/apache/hadoop/hadoop-hdfs/3.2.0/hadoop-hdfs-3.2.0.jar:/home/user/.m2/repository/org/apache/ratis/ratis-tools/0.6.0-490b689-SNAPSHOT/ratis-tools-0.6.0-490b689-SNAPSHOT.jar:/home/user/.m2/repository/org/apache/ratis/ratis-proto/0.6.0-490b689-SNAPSHOT/ratis-proto-0.6.0-490b689-SNAPSHOT.jar:/home/user/.m2/repository/org/apache/ratis/ratis-common/0.6.0-490b689-SNAPSHOT/ratis-common-0.6.0-490b689-SNAPSHOT.jar:/home/user/.m2/repository/com/amazonaws/aws-java-sdk-core/1.11.615/aws-java-sdk-core-1.11.615.jar:/home/user/.m2/repository/org/apache/httpcomponents/httpclient/4.5.2/httpclient-4.5.2.jar:/home/user/.m2/repository/org/apache/httpcomponents/httpcore/4.4.4/httpcore-4.4.4.jar:/home/user/.m2/repository/software/amazon/ion/ion-java/1.0.2/ion-java-1.0.2.jar:/home/user/.m2/repository/com/fasterxml/jackson/dataformat/jackson-dataformat-cbor/2.10.3/jackson-dataformat-cbor-2.10.3.jar:/home/user/.m2/repository/joda-time/joda-time/2.9.9/joda-time-2.9.9.jar:/home/user/.m2/repository/com/amazonaws/aws-java-sdk-s3/1.11.615/aws-java-sdk-s3-1.11.615.jar:/home/user/.m2/repository/com/amazonaws/aws-java-sdk-kms/1.11.615/aws-java-sdk-kms-1.11.615.jar:/home/user/.m2/repository/com/amazonaws/jmespath-java/1.11.615/jmespath-java-1.11.615.jar:/home/user/.m2/repository/org/apache/hadoop/hadoop-hdds-tools/0.6.0-SNAPSHOT/hadoop-hdds-tools-0.6.0-SNAPSHOT.jar:/home/user/.m2/repository/commons-cli/commons-cli/1.2/commons-cli-1.2.jar:/home/user/.m2/repository/commons-lang/commons-lang/2.6/commons-lang-2.6.jar:/home/user/.m2/repository/org/apache/hadoop/hadoop-ozone-ozone-manager/0.6.0-SNAPSHOT/hadoop-ozone-ozone-manager-0.6.0-SNAPSHOT-tests.jar:/home/user/.m2/repository/junit/junit/4.11/junit-4.11.jar:/home/user/.m2/repository/org/hamcrest/hamcrest-core/1.3/hamcrest-core-1.3.jar:/home/user/.m2/repository/org/openjdk/jmh/jmh-core/1.19/jmh-core-1.19.jar:/home/user/.m2/repository/net/sf/jopt-simple/jopt-simple/4.6/jopt-simple-4.6.jar:/home/user/.m2/repository/org/apache/commons/commons-math3/3.1.1/commons-math3-3.1.1.jar:/home/user/.m2/repository/org/openjdk/jmh/jmh-generator-annprocess/1.19/jmh-generator-annprocess-1.19.jar:/home/user/.m2/repository/org/mockito/mockito-all/1.8.5/mockito-all-1.8.5.jar:/home/user/.m2/repository/org/apache/hadoop/hadoop-kms/3.2.0/hadoop-kms-3.2.0.jar:/home/user/.m2/repository/org/apache/hadoop/hadoop-auth/3.2.0/hadoop-auth-3.2.0.jar:/home/user/.m2/repository/com/nimbusds/nimbus-jose-jwt/7.9/nimbus-jose-jwt-7.9.jar:/home/user/.m2/repository/com/github/stephenc/jcip/jcip-annotations/1.0-1/jcip-annotations-1.0-1.jar:/home/user/.m2/repository/net/minidev/json-smart/2.3/json-smart-2.3.jar:/home/user/.m2/repository/net/minidev/accessors-smart/1.2/accessors-smart-1.2.jar:/home/user/.m2/repository/org/ow2/asm/asm/5.0.4/asm-5.0.4.jar:/home/user/.m2/repository/org/apache/zookeeper/zookeeper/3.4.13/zookeeper-3.4.13.jar:/home/user/.m2/repository/org/apache/yetus/audience-annotations/0.5.0/audience-annotations-0.5.0.jar:/home/user/.m2/repository/org/apache/curator/curator-framework/2.12.0/curator-framework-2.12.0.jar:/home/user/.m2/repository/com/sun/jersey/jersey-core/1.19/jersey-core-1.19.jar:/home/user/.m2/repository/javax/ws/rs/jsr311-api/1.1.1/jsr311-api-1.1.1.jar:/home/user/.m2/repository/com/sun/jersey/jersey-server/1.19/jersey-server-1.19.jar:/home/user/.m2/repository/javax/servlet/javax.servlet-api/3.1.0/javax.servlet-api-3.1.0.jar:/home/user/.m2/repository/org/eclipse/jetty/jetty-server/9.4.26.v20200117/jetty-server-9.4.26.v20200117.jar:/home/user/.m2/repository/org/eclipse/jetty/jetty-http/9.4.26.v20200117/jetty-http-9.4.26.v20200117.jar:/home/user/.m2/repository/org/eclipse/jetty/jetty-io/9.4.26.v20200117/jetty-io-9.4.26.v20200117.jar:/home/user/.m2/repository/org/eclipse/jetty/jetty-webapp/9.4.26.v20200117/jetty-webapp-9.4.26.v20200117.jar:/home/user/.m2/repository/org/eclipse/jetty/jetty-xml/9.4.26.v20200117/jetty-xml-9.4.26.v20200117.jar:/home/user/.m2/repository/org/eclipse/jetty/jetty-servlet/9.4.26.v20200117/jetty-servlet-9.4.26.v20200117.jar:/home/user/.m2/repository/org/eclipse/jetty/jetty-security/9.4.26.v20200117/jetty-security-9.4.26.v20200117.jar:/home/user/.m2/repository/org/apache/hadoop/hadoop-common/3.2.0/hadoop-common-3.2.0.jar:/home/user/.m2/repository/commons-net/commons-net/3.6/commons-net-3.6.jar:/home/user/.m2/repository/commons-collections/commons-collections/3.2.2/commons-collections-3.2.2.jar:/home/user/.m2/repository/com/sun/jersey/jersey-servlet/1.19/jersey-servlet-1.19.jar:/home/user/.m2/repository/com/sun/jersey/jersey-json/1.19/jersey-json-1.19.jar:/home/user/.m2/repository/org/codehaus/jettison/jettison/1.1/jettison-1.1.jar:/home/user/.m2/repository/org/codehaus/jackson/jackson-jaxrs/1.9.2/jackson-jaxrs-1.9.2.jar:/home/user/.m2/repository/org/codehaus/jackson/jackson-xc/1.9.2/jackson-xc-1.9.2.jar:/home/user/.m2/repository/commons-beanutils/commons-beanutils/1.9.4/commons-beanutils-1.9.4.jar:/home/user/.m2/repository/org/apache/commons/commons-configuration2/2.1.1/commons-configuration2-2.1.1.jar:/home/user/.m2/repository/org/apache/commons/commons-text/1.4/commons-text-1.4.jar:/home/user/.m2/repository/com/google/re2j/re2j/1.1/re2j-1.1.jar:/home/user/.m2/repository/com/jcraft/jsch/0.1.54/jsch-0.1.54.jar:/home/user/.m2/repository/org/apache/curator/curator-client/2.12.0/curator-client-2.12.0.jar:/home/user/.m2/repository/org/apache/curator/curator-recipes/2.12.0/curator-recipes-2.12.0.jar:/home/user/.m2/repository/dnsjava/dnsjava/2.1.7/dnsjava-2.1.7.jar:/home/user/.m2/repository/org/slf4j/jul-to-slf4j/1.7.25/jul-to-slf4j-1.7.25.jar:/home/user/.m2/repository/org/eclipse/jetty/jetty-util/9.4.26.v20200117/jetty-util-9.4.26.v20200117.jar:/home/user/.m2/repository/com/fasterxml/jackson/core/jackson-databind/2.10.3/jackson-databind-2.10.3.jar:/home/user/.m2/repository/org/apache/hadoop/hadoop-kms/3.2.0/hadoop-kms-3.2.0-tests.jar:/home/user/.m2/repository/org/apache/hadoop/hadoop-hdds-server-scm/0.6.0-SNAPSHOT/hadoop-hdds-server-scm-0.6.0-SNAPSHOT-tests.jar:/home/user/.m2/repository/org/apache/hadoop/hadoop-hdds-container-service/0.6.0-SNAPSHOT/hadoop-hdds-container-service-0.6.0-SNAPSHOT-tests.jar:/home/user/.m2/repository/org/apache/hadoop/hadoop-hdds-common/0.6.0-SNAPSHOT/hadoop-hdds-common-0.6.0-SNAPSHOT-tests.jar:/home/user/.m2/repository/org/yaml/snakeyaml/1.16/snakeyaml-1.16.jar:/home/user/.m2/repository/org/apache/hadoop/hadoop-hdds-hadoop-dependency-test/0.6.0-SNAPSHOT/hadoop-hdds-hadoop-dependency-test-0.6.0-SNAPSHOT.jar:/home/user/.m2/repository/org/apache/hadoop/hadoop-common/3.2.0/hadoop-common-3.2.0-tests.jar:/home/user/.m2/repository/javax/servlet/jsp/jsp-api/2.1/jsp-api-2.1.jar:/home/user/.m2/repository/org/apache/hadoop/hadoop-hdfs/3.2.0/hadoop-hdfs-3.2.0-tests.jar:/home/user/.m2/repository/org/eclipse/jetty/jetty-util-ajax/9.4.26.v20200117/jetty-util-ajax-9.4.26.v20200117.jar:/home/user/.m2/repository/commons-codec/commons-codec/1.11/commons-codec-1.11.jar:/home/user/.m2/repository/commons-daemon/commons-daemon/1.0.13/commons-daemon-1.0.13.jar:/home/user/.m2/repository/io/netty/netty/3.10.5.Final/netty-3.10.5.Final.jar:/home/user/.m2/repository/io/netty/netty-all/4.1.47.Final/netty-all-4.1.47.Final.jar:/home/user/.m2/repository/org/apache/htrace/htrace-core4/4.1.0-incubating/htrace-core4-4.1.0-incubating.jar:/home/user/.m2/repository/org/fusesource/leveldbjni/leveldbjni-all/1.8/leveldbjni-all-1.8.jar:/home/user/.m2/repository/org/apache/hadoop/hadoop-distcp/3.2.0/hadoop-distcp-3.2.0.jar:/home/user/.m2/repository/org/apache/hadoop/hadoop-mapreduce-client-jobclient/3.2.0/hadoop-mapreduce-client-jobclient-3.2.0.jar:/home/user/.m2/repository/org/apache/hadoop/hadoop-mapreduce-client-common/3.2.0/hadoop-mapreduce-client-common-3.2.0.jar:/home/user/.m2/repository/org/apache/hadoop/hadoop-yarn-common/3.2.0/hadoop-yarn-common-3.2.0.jar:/home/user/.m2/repository/org/apache/hadoop/hadoop-yarn-api/3.2.0/hadoop-yarn-api-3.2.0.jar:/home/user/.m2/repository/com/sun/jersey/jersey-client/1.19/jersey-client-1.19.jar:/home/user/.m2/repository/com/sun/jersey/contribs/jersey-guice/1.19/jersey-guice-1.19.jar:/home/user/.m2/repository/com/fasterxml/jackson/jaxrs/jackson-jaxrs-json-provider/2.10.3/jackson-jaxrs-json-provider-2.10.3.jar:/home/user/.m2/repository/com/fasterxml/jackson/jaxrs/jackson-jaxrs-base/2.10.3/jackson-jaxrs-base-2.10.3.jar:/home/user/.m2/repository/org/apache/hadoop/hadoop-yarn-client/3.2.0/hadoop-yarn-client-3.2.0.jar:/home/user/.m2/repository/org/apache/hadoop/hadoop-mapreduce-client-core/3.2.0/hadoop-mapreduce-client-core-3.2.0.jar:/home/user/.m2/repository/org/apache/avro/avro/1.7.7/avro-1.7.7.jar:/home/user/.m2/repository/org/codehaus/jackson/jackson-core-asl/1.9.13/jackson-core-asl-1.9.13.jar:/home/user/.m2/repository/org/codehaus/jackson/jackson-mapper-asl/1.9.13/jackson-mapper-asl-1.9.13.jar:/home/user/.m2/repository/com/thoughtworks/paranamer/paranamer/2.3/paranamer-2.3.jar:/home/user/.m2/repository/org/xerial/snappy/snappy-java/1.0.5/snappy-java-1.0.5.jar:/home/user/.m2/repository/org/apache/hadoop/hadoop-annotations/3.2.0/hadoop-annotations-3.2.0.jar:/usr/lib/jvm/java-1.8.0-openjdk-1.8.0.232.b09-0.el7_7.x86_64/jre/../lib/tools.jar:/home/user/.m2/repository/org/apache/hadoop/hadoop-distcp/3.2.0/hadoop-distcp-3.2.0-tests.jar:"/>
    <property name="sun.cpu.endian" value="little"/>
    <property name="user.home" value="/home/user"/>
    <property name="user.language" value="en"/>
    <property name="java.specification.vendor" value="Oracle Corporation"/>
    <property name="java.home" value="/usr/lib/jvm/java-1.8.0-openjdk-1.8.0.232.b09-0.el7_7.x86_64/jre"/>
    <property name="java.security.krb5.conf" value="/github/workspace/mnt/ozone/hadoop-ozone/integration-test/target/test-classes/krb5.conf"/>
    <property name="basedir" value="/github/workspace/mnt/ozone/hadoop-ozone/integration-test"/>
    <property name="file.separator" value="/"/>
    <property name="line.separator" value="&#10;"/>
    <property name="java.vm.specification.vendor" value="Oracle Corporation"/>
    <property name="java.specification.name" value="Java Platform API Specification"/>
    <property name="java.awt.graphicsenv" value="sun.awt.X11GraphicsEnvironment"/>
    <property name="surefire.real.class.path" value="/github/workspace/mnt/ozone/hadoop-ozone/integration-test/target/surefire/surefirebooter1714988295080832935.jar:/home/user/.m2/repository/org/jacoco/org.jacoco.agent/0.8.3/org.jacoco.agent-0.8.3-runtime.jar"/>
    <property name="hadoop.log.dir" value="/github/workspace/mnt/ozone/hadoop-ozone/integration-test/target/log"/>
    <property name="sun.boot.class.path" value="/usr/lib/jvm/java-1.8.0-openjdk-1.8.0.232.b09-0.el7_7.x86_64/jre/lib/resources.jar:/usr/lib/jvm/java-1.8.0-openjdk-1.8.0.232.b09-0.el7_7.x86_64/jre/lib/rt.jar:/usr/lib/jvm/java-1.8.0-openjdk-1.8.0.232.b09-0.el7_7.x86_64/jre/lib/sunrsasign.jar:/usr/lib/jvm/java-1.8.0-openjdk-1.8.0.232.b09-0.el7_7.x86_64/jre/lib/jsse.jar:/usr/lib/jvm/java-1.8.0-openjdk-1.8.0.232.b09-0.el7_7.x86_64/jre/lib/jce.jar:/usr/lib/jvm/java-1.8.0-openjdk-1.8.0.232.b09-0.el7_7.x86_64/jre/lib/charsets.jar:/usr/lib/jvm/java-1.8.0-openjdk-1.8.0.232.b09-0.el7_7.x86_64/jre/lib/jfr.jar:/usr/lib/jvm/java-1.8.0-openjdk-1.8.0.232.b09-0.el7_7.x86_64/jre/classes"/>
    <property name="sun.management.compiler" value="HotSpot 64-Bit Tiered Compilers"/>
    <property name="java.runtime.version" value="1.8.0_232-b09"/>
    <property name="java.net.preferIPv4Stack" value="true"/>
    <property name="user.name" value="jenkins1001"/>
    <property name="path.separator" value=":"/>
    <property name="java.security.egd" value="file:///dev/urandom"/>
    <property name="os.version" value="5.0.0-1035-azure"/>
    <property name="java.endorsed.dirs" value="/usr/lib/jvm/java-1.8.0-openjdk-1.8.0.232.b09-0.el7_7.x86_64/jre/lib/endorsed"/>
    <property name="java.runtime.name" value="OpenJDK Runtime Environment"/>
    <property name="file.encoding" value="ANSI_X3.4-1968"/>
    <property name="java.vm.name" value="OpenJDK 64-Bit Server VM"/>
    <property name="test.build.webapps" value=""/>
    <property name="localRepository" value="/home/user/.m2/repository"/>
    <property name="java.vendor.url.bug" value="http://bugreport.sun.com/bugreport/"/>
    <property name="java.io.tmpdir" value="/tmp"/>
    <property name="require.test.libhadoop" value=""/>
    <property name="java.version" value="1.8.0_232"/>
    <property name="user.dir" value="/github/workspace/mnt/ozone/hadoop-ozone/integration-test"/>
    <property name="os.arch" value="amd64"/>
    <property name="java.vm.specification.name" value="Java Virtual Machine Specification"/>
    <property name="test.build.classes" value="/github/workspace/mnt/ozone/hadoop-ozone/integration-test/target/test-classes"/>
    <property name="java.awt.printerjob" value="sun.print.PSPrinterJob"/>
    <property name="sun.os.patch.level" value="unknown"/>
    <property name="hadoop.tmp.dir" value="/github/workspace/mnt/ozone/hadoop-ozone/integration-test/target/tmp"/>
    <property name="java.library.path" value="/usr/lib:/usr/java/packages/lib/amd64:/usr/lib64:/lib64:/lib:/usr/lib"/>
    <property name="java.vm.info" value="mixed mode"/>
    <property name="java.vendor" value="Oracle Corporation"/>
    <property name="java.vm.version" value="25.232-b09"/>
    <property name="java.ext.dirs" value="/usr/lib/jvm/java-1.8.0-openjdk-1.8.0.232.b09-0.el7_7.x86_64/jre/lib/ext:/usr/java/packages/lib/ext"/>
    <property name="sun.io.unicode.encoding" value="UnicodeLittle"/>
    <property name="java.class.version" value="52.0"/>
  </properties>
  <testcase name="testDefaultPortIfNotSpecified" classname="org.apache.hadoop.ozone.om.TestOzoneManagerConfiguration" time="142.527">
    <error message="Timed out waiting for condition. Thread diagnostics:&#10;Timestamp: 2020-04-28 02:38:40,807&#10;&#10;&quot;IPC Server handler 15 on 37155&quot; daemon prio=5 tid=90 timed_waiting&#10;java.lang.Thread.State: TIMED_WAITING&#10;        at sun.misc.Unsafe.park(Native Method)&#10;        at java.util.concurrent.locks.LockSupport.parkNanos(LockSupport.java:215)&#10;        at java.util.concurrent.locks.AbstractQueuedSynchronizer$ConditionObject.awaitNanos(AbstractQueuedSynchronizer.java:2078)&#10;        at java.util.concurrent.LinkedBlockingQueue.poll(LinkedBlockingQueue.java:467)&#10;        at org.apache.hadoop.ipc.CallQueueManager.take(CallQueueManager.java:288)&#10;        at org.apache.hadoop.ipc.Server$Handler.run(Server.java:2668)&#10;&quot;jaeger.RemoteReporter-FlushTimer&quot; daemon prio=5 tid=169 timed_waiting&#10;java.lang.Thread.State: TIMED_WAITING&#10;        at java.lang.Object.wait(Native Method)&#10;        at java.util.TimerThread.mainLoop(Timer.java:552)&#10;        at java.util.TimerThread.run(Timer.java:505)&#10;&quot;Finalizer&quot; daemon prio=8 tid=3 in Object.wait()&#10;java.lang.Thread.State: WAITING (on object monitor)&#10;        at java.lang.Object.wait(Native Method)&#10;        at java.lang.ref.ReferenceQueue.remove(ReferenceQueue.java:144)&#10;        at java.lang.ref.ReferenceQueue.remove(ReferenceQueue.java:165)&#10;        at java.lang.ref.Finalizer$FinalizerThread.run(Finalizer.java:216)&#10;&quot;IPC Server listener on 46581&quot; daemon prio=5 tid=20 runnable&#10;java.lang.Thread.State: RUNNABLE&#10;        at sun.nio.ch.EPollArrayWrapper.epollWait(Native Method)&#10;        at sun.nio.ch.EPollArrayWrapper.poll(EPollArrayWrapper.java:269)&#10;        at sun.nio.ch.EPollSelectorImpl.doSelect(EPollSelectorImpl.java:93)&#10;        at sun.nio.ch.SelectorImpl.lockAndDoSelect(SelectorImpl.java:86)&#10;        at sun.nio.ch.SelectorImpl.select(SelectorImpl.java:97)&#10;        at sun.nio.ch.SelectorImpl.select(SelectorImpl.java:101)&#10;        at org.apache.hadoop.ipc.Server$Listener.run(Server.java:1159)&#10;&quot;b49cd372-011e-4c73-9cd9-f6b19e929270@group-BB78CE42D49A-StateMachineUpdater&quot; daemon prio=5 tid=343 in Object.wait()&#10;java.lang.Thread.State: WAITING (on object monitor)&#10;        at java.lang.Object.wait(Native Method)&#10;        at java.lang.Object.wait(Object.java:502)&#10;        at org.apache.ratis.server.impl.StateMachineUpdater.waitForCommit(StateMachineUpdater.java:197)&#10;        at org.apache.ratis.server.impl.StateMachineUpdater.run(StateMachineUpdater.java:162)&#10;        at java.lang.Thread.run(Thread.java:748)&#10;&quot;IPC Server handler 4 on 46581&quot; daemon prio=5 tid=59 timed_waiting&#10;java.lang.Thread.State: TIMED_WAITING&#10;        at sun.misc.Unsafe.park(Native Method)&#10;        at java.util.concurrent.locks.LockSupport.parkNanos(LockSupport.java:215)&#10;        at java.util.concurrent.locks.AbstractQueuedSynchronizer$ConditionObject.awaitNanos(AbstractQueuedSynchronizer.java:2078)&#10;        at java.util.concurrent.LinkedBlockingQueue.poll(LinkedBlockingQueue.java:467)&#10;        at org.apache.hadoop.ipc.CallQueueManager.take(CallQueueManager.java:288)&#10;        at org.apache.hadoop.ipc.Server$Handler.run(Server.java:2668)&#10;&quot;IPC Server handler 13 on 44693&quot; daemon prio=5 tid=48 timed_waiting&#10;java.lang.Thread.State: TIMED_WAITING&#10;        at sun.misc.Unsafe.park(Native Method)&#10;        at java.util.concurrent.locks.LockSupport.parkNanos(LockSupport.java:215)&#10;        at java.util.concurrent.locks.AbstractQueuedSynchronizer$ConditionObject.awaitNanos(AbstractQueuedSynchronizer.java:2078)&#10;        at java.util.concurrent.LinkedBlockingQueue.poll(LinkedBlockingQueue.java:467)&#10;        at org.apache.hadoop.ipc.CallQueueManager.take(CallQueueManager.java:288)&#10;        at org.apache.hadoop.ipc.Server$Handler.run(Server.java:2668)&#10;&quot;BlockDeletingService#0&quot; daemon prio=5 tid=273 in Object.wait()&#10;java.lang.Thread.State: WAITING (on object monitor)&#10;        at sun.misc.Unsafe.park(Native Method)&#10;        at java.util.concurrent.locks.LockSupport.park(LockSupport.java:175)&#10;        at java.util.concurrent.locks.AbstractQueuedSynchronizer$ConditionObject.await(AbstractQueuedSynchronizer.java:2039)&#10;        at java.util.concurrent.ScheduledThreadPoolExecutor$DelayedWorkQueue.take(ScheduledThreadPoolExecutor.java:1088)&#10;        at java.util.concurrent.ScheduledThreadPoolExecutor$DelayedWorkQueue.take(ScheduledThreadPoolExecutor.java:809)&#10;        at java.util.concurrent.ThreadPoolExecutor.getTask(ThreadPoolExecutor.java:1074)&#10;        at java.util.concurrent.ThreadPoolExecutor.runWorker(ThreadPoolExecutor.java:1134)&#10;        at java.util.concurrent.ThreadPoolExecutor$Worker.run(ThreadPoolExecutor.java:624)&#10;        at java.lang.Thread.run(Thread.java:748)&#10;&quot;qtp1296516504-155&quot; daemon prio=5 tid=155 timed_waiting&#10;java.lang.Thread.State: TIMED_WAITING&#10;        at sun.misc.Unsafe.park(Native Method)&#10;        at java.util.concurrent.locks.LockSupport.parkNanos(LockSupport.java:215)&#10;        at java.util.concurrent.locks.AbstractQueuedSynchronizer$ConditionObject.awaitNanos(AbstractQueuedSynchronizer.java:2078)&#10;        at org.eclipse.jetty.util.BlockingArrayQueue.poll(BlockingArrayQueue.java:382)&#10;        at org.eclipse.jetty.util.thread.QueuedThreadPool$Runner.idleJobPoll(QueuedThreadPool.java:875)&#10;        at org.eclipse.jetty.util.thread.QueuedThreadPool$Runner.run(QueuedThreadPool.java:925)&#10;        at java.lang.Thread.run(Thread.java:748)&#10;&quot;IPC Server listener on 9862&quot; daemon prio=5 tid=114 runnable&#10;java.lang.Thread.State: RUNNABLE&#10;        at sun.nio.ch.EPollArrayWrapper.epollWait(Native Method)&#10;        at sun.nio.ch.EPollArrayWrapper.poll(EPollArrayWrapper.java:269)&#10;        at sun.nio.ch.EPollSelectorImpl.doSelect(EPollSelectorImpl.java:93)&#10;        at sun.nio.ch.SelectorImpl.lockAndDoSelect(SelectorImpl.java:86)&#10;        at sun.nio.ch.SelectorImpl.select(SelectorImpl.java:97)&#10;        at sun.nio.ch.SelectorImpl.select(SelectorImpl.java:101)&#10;        at org.apache.hadoop.ipc.Server$Listener.run(Server.java:1159)&#10;&quot;qtp932569333-212&quot; daemon prio=5 tid=212 timed_waiting&#10;java.lang.Thread.State: TIMED_WAITING&#10;        at sun.misc.Unsafe.park(Native Method)&#10;        at java.util.concurrent.locks.LockSupport.parkNanos(LockSupport.java:215)&#10;        at java.util.concurrent.locks.AbstractQueuedSynchronizer$ConditionObject.awaitNanos(AbstractQueuedSynchronizer.java:2078)&#10;        at org.eclipse.jetty.util.BlockingArrayQueue.poll(BlockingArrayQueue.java:382)&#10;        at org.eclipse.jetty.util.thread.QueuedThreadPool$Runner.idleJobPoll(QueuedThreadPool.java:875)&#10;        at org.eclipse.jetty.util.thread.QueuedThreadPool$Runner.run(QueuedThreadPool.java:925)&#10;        at java.lang.Thread.run(Thread.java:748)&#10;&quot;EventQueue-Safe mode statusForSCMClientProtocolServer&quot;  prio=5 tid=30 in Object.wait()&#10;java.lang.Thread.State: WAITING (on object monitor)&#10;        at sun.misc.Unsafe.park(Native Method)&#10;        at java.util.concurrent.locks.LockSupport.park(LockSupport.java:175)&#10;        at java.util.concurrent.locks.AbstractQueuedSynchronizer$ConditionObject.await(AbstractQueuedSynchronizer.java:2039)&#10;        at java.util.concurrent.LinkedBlockingQueue.take(LinkedBlockingQueue.java:442)&#10;        at java.util.concurrent.ThreadPoolExecutor.getTask(ThreadPoolExecutor.java:1074)&#10;        at java.util.concurrent.ThreadPoolExecutor.runWorker(ThreadPoolExecutor.java:1134)&#10;        at java.util.concurrent.ThreadPoolExecutor$Worker.run(ThreadPoolExecutor.java:624)&#10;        at java.lang.Thread.run(Thread.java:748)&#10;&quot;IPC Server handler 6 on 37155&quot; daemon prio=5 tid=81 timed_waiting&#10;java.lang.Thread.State: TIMED_WAITING&#10;        at sun.misc.Unsafe.park(Native Method)&#10;        at java.util.concurrent.locks.LockSupport.parkNanos(LockSupport.java:215)&#10;        at java.util.concurrent.locks.AbstractQueuedSynchronizer$ConditionObject.awaitNanos(AbstractQueuedSynchronizer.java:2078)&#10;        at java.util.concurrent.LinkedBlockingQueue.poll(LinkedBlockingQueue.java:467)&#10;        at org.apache.hadoop.ipc.CallQueueManager.take(CallQueueManager.java:288)&#10;        at org.apache.hadoop.ipc.Server$Handler.run(Server.java:2668)&#10;&quot;qtp1296516504-157&quot; daemon prio=5 tid=157 timed_waiting&#10;java.lang.Thread.State: TIMED_WAITING&#10;        at sun.misc.Unsafe.park(Native Method)&#10;        at java.util.concurrent.locks.LockSupport.parkNanos(LockSupport.java:215)&#10;        at java.util.concurrent.locks.AbstractQueuedSynchronizer$ConditionObject.awaitNanos(AbstractQueuedSynchronizer.java:2078)&#10;        at org.eclipse.jetty.util.BlockingArrayQueue.poll(BlockingArrayQueue.java:382)&#10;        at org.eclipse.jetty.util.thread.QueuedThreadPool$Runner.idleJobPoll(QueuedThreadPool.java:875)&#10;        at org.eclipse.jetty.util.thread.QueuedThreadPool$Runner.run(QueuedThreadPool.java:925)&#10;        at java.lang.Thread.run(Thread.java:748)&#10;&quot;IPC Server handler 4 on 44693&quot; daemon prio=5 tid=39 timed_waiting&#10;java.lang.Thread.State: TIMED_WAITING&#10;        at sun.misc.Unsafe.park(Native Method)&#10;        at java.util.concurrent.locks.LockSupport.parkNanos(LockSupport.java:215)&#10;        at java.util.concurrent.locks.AbstractQueuedSynchronizer$ConditionObject.awaitNanos(AbstractQueuedSynchronizer.java:2078)&#10;        at java.util.concurrent.LinkedBlockingQueue.poll(LinkedBlockingQueue.java:467)&#10;        at org.apache.hadoop.ipc.CallQueueManager.take(CallQueueManager.java:288)&#10;        at org.apache.hadoop.ipc.Server$Handler.run(Server.java:2668)&#10;&quot;IPC Server handler 15 on 44693&quot; daemon prio=5 tid=50 timed_waiting&#10;java.lang.Thread.State: TIMED_WAITING&#10;        at sun.misc.Unsafe.park(Native Method)&#10;        at java.util.concurrent.locks.LockSupport.parkNanos(LockSupport.java:215)&#10;        at java.util.concurrent.locks.AbstractQueuedSynchronizer$ConditionObject.awaitNanos(AbstractQueuedSynchronizer.java:2078)&#10;        at java.util.concurrent.LinkedBlockingQueue.poll(LinkedBlockingQueue.java:467)&#10;        at org.apache.hadoop.ipc.CallQueueManager.take(CallQueueManager.java:288)&#10;        at org.apache.hadoop.ipc.Server$Handler.run(Server.java:2668)&#10;&quot;omNode1@group-3464CFB7038B-LeaderElection7-1&quot; daemon prio=5 tid=1498 in Object.wait()&#10;java.lang.Thread.State: WAITING (on object monitor)&#10;        at sun.misc.Unsafe.park(Native Method)&#10;        at java.util.concurrent.locks.LockSupport.park(LockSupport.java:175)&#10;        at org.apache.ratis.thirdparty.io.grpc.stub.ClientCalls$ThreadlessExecutor.waitAndDrain(ClientCalls.java:660)&#10;        at org.apache.ratis.thirdparty.io.grpc.stub.ClientCalls.blockingUnaryCall(ClientCalls.java:132)&#10;        at org.apache.ratis.proto.grpc.RaftServerProtocolServiceGrpc$RaftServerProtocolServiceBlockingStub.requestVote(RaftServerProtocolServiceGrpc.java:262)&#10;        at org.apache.ratis.grpc.server.GrpcServerProtocolClient.requestVote(GrpcServerProtocolClient.java:104)&#10;        at org.apache.ratis.grpc.server.GrpcService.requestVote(GrpcService.java:205)&#10;        at org.apache.ratis.server.impl.LeaderElection.lambda$submitRequests$2(LeaderElection.java:262)&#10;        at org.apache.ratis.server.impl.LeaderElection$$Lambda$252/208440025.call(Unknown Source)&#10;        at java.util.concurrent.FutureTask.run(FutureTask.java:266)&#10;        at java.util.concurrent.Executors$RunnableAdapter.call(Executors.java:511)&#10;        at java.util.concurrent.FutureTask.run(FutureTask.java:266)&#10;        at java.util.concurrent.ThreadPoolExecutor.runWorker(ThreadPoolExecutor.java:1149)&#10;        at java.util.concurrent.ThreadPoolExecutor$Worker.run(ThreadPoolExecutor.java:624)&#10;        at java.lang.Thread.run(Thread.java:748)&#10;&quot;BlockDeletingService#1&quot; daemon prio=5 tid=281 timed_waiting&#10;java.lang.Thread.State: TIMED_WAITING&#10;        at sun.misc.Unsafe.park(Native Method)&#10;        at java.util.concurrent.locks.LockSupport.parkNanos(LockSupport.java:215)&#10;        at java.util.concurrent.locks.AbstractQueuedSynchronizer$ConditionObject.awaitNanos(AbstractQueuedSynchronizer.java:2078)&#10;        at java.util.concurrent.ScheduledThreadPoolExecutor$DelayedWorkQueue.take(ScheduledThreadPoolExecutor.java:1093)&#10;        at java.util.concurrent.ScheduledThreadPoolExecutor$DelayedWorkQueue.take(ScheduledThreadPoolExecutor.java:809)&#10;        at java.util.concurrent.ThreadPoolExecutor.getTask(ThreadPoolExecutor.java:1074)&#10;        at java.util.concurrent.ThreadPoolExecutor.runWorker(ThreadPoolExecutor.java:1134)&#10;        at java.util.concurrent.ThreadPoolExecutor$Worker.run(ThreadPoolExecutor.java:624)&#10;        at java.lang.Thread.run(Thread.java:748)&#10;&quot;qtp989196506-99&quot; daemon prio=5 tid=99 timed_waiting&#10;java.lang.Thread.State: TIMED_WAITING&#10;        at sun.misc.Unsafe.park(Native Method)&#10;        at java.util.concurrent.locks.LockSupport.parkNanos(LockSupport.java:215)&#10;        at java.util.concurrent.locks.AbstractQueuedSynchronizer$ConditionObject.awaitNanos(AbstractQueuedSynchronizer.java:2078)&#10;        at org.eclipse.jetty.util.BlockingArrayQueue.poll(BlockingArrayQueue.java:382)&#10;        at org.eclipse.jetty.util.thread.QueuedThreadPool$Runner.idleJobPoll(QueuedThreadPool.java:875)&#10;        at org.eclipse.jetty.util.thread.QueuedThreadPool$Runner.run(QueuedThreadPool.java:925)&#10;        at java.lang.Thread.run(Thread.java:748)&#10;&quot;Datanode State Machine Thread - 0&quot; daemon prio=5 tid=202 timed_waiting&#10;java.lang.Thread.State: TIMED_WAITING&#10;        at sun.misc.Unsafe.park(Native Method)&#10;        at java.util.concurrent.locks.LockSupport.parkNanos(LockSupport.java:215)&#10;        at java.util.concurrent.SynchronousQueue$TransferStack.awaitFulfill(SynchronousQueue.java:460)&#10;        at java.util.concurrent.SynchronousQueue$TransferStack.transfer(SynchronousQueue.java:362)&#10;        at java.util.concurrent.SynchronousQueue.poll(SynchronousQueue.java:941)&#10;        at java.util.concurrent.ThreadPoolExecutor.getTask(ThreadPoolExecutor.java:1073)&#10;        at java.util.concurrent.ThreadPoolExecutor.runWorker(ThreadPoolExecutor.java:1134)&#10;        at java.util.concurrent.ThreadPoolExecutor$Worker.run(ThreadPoolExecutor.java:624)&#10;        at java.lang.Thread.run(Thread.java:748)&#10;&quot;ChunkWriter-2-0&quot; daemon prio=5 tid=278 in Object.wait()&#10;java.lang.Thread.State: WAITING (on object monitor)&#10;        at sun.misc.Unsafe.park(Native Method)&#10;        at java.util.concurrent.locks.LockSupport.park(LockSupport.java:175)&#10;        at java.util.concurrent.locks.AbstractQueuedSynchronizer$ConditionObject.await(AbstractQueuedSynchronizer.java:2039)&#10;        at java.util.concurrent.LinkedBlockingDeque.takeFirst(LinkedBlockingDeque.java:492)&#10;        at java.util.concurrent.LinkedBlockingDeque.take(LinkedBlockingDeque.java:680)&#10;        at java.util.concurrent.ThreadPoolExecutor.getTask(ThreadPoolExecutor.java:1074)&#10;        at java.util.concurrent.ThreadPoolExecutor.runWorker(ThreadPoolExecutor.java:1134)&#10;        at java.util.concurrent.ThreadPoolExecutor$Worker.run(ThreadPoolExecutor.java:624)&#10;        at java.lang.Thread.run(Thread.java:748)&#10;&quot;Datanode ReportManager Thread - 1&quot; daemon prio=5 tid=197 timed_waiting&#10;java.lang.Thread.State: TIMED_WAITING&#10;        at sun.misc.Unsafe.park(Native Method)&#10;        at java.util.concurrent.locks.LockSupport.parkNanos(LockSupport.java:215)&#10;        at java.util.concurrent.locks.AbstractQueuedSynchronizer$ConditionObject.awaitNanos(AbstractQueuedSynchronizer.java:2078)&#10;        at java.util.concurrent.ScheduledThreadPoolExecutor$DelayedWorkQueue.take(ScheduledThreadPoolExecutor.java:1093)&#10;        at java.util.concurrent.ScheduledThreadPoolExecutor$DelayedWorkQueue.take(ScheduledThreadPoolExecutor.java:809)&#10;        at java.util.concurrent.ThreadPoolExecutor.getTask(ThreadPoolExecutor.java:1074)&#10;        at java.util.concurrent.ThreadPoolExecutor.runWorker(ThreadPoolExecutor.java:1134)&#10;        at java.util.concurrent.ThreadPoolExecutor$Worker.run(ThreadPoolExecutor.java:624)&#10;        at java.lang.Thread.run(Thread.java:748)&#10;&quot;surefire-forkedjvm-ping-30s&quot; daemon prio=5 tid=10 timed_waiting&#10;java.lang.Thread.State: TIMED_WAITING&#10;        at sun.misc.Unsafe.park(Native Method)&#10;        at java.util.concurrent.locks.LockSupport.parkNanos(LockSupport.java:215)&#10;        at java.util.concurrent.locks.AbstractQueuedSynchronizer$ConditionObject.awaitNanos(AbstractQueuedSynchronizer.java:2078)&#10;        at java.util.concurrent.ScheduledThreadPoolExecutor$DelayedWorkQueue.take(ScheduledThreadPoolExecutor.java:1093)&#10;        at java.util.concurrent.ScheduledThreadPoolExecutor$DelayedWorkQueue.take(ScheduledThreadPoolExecutor.java:809)&#10;        at java.util.concurrent.ThreadPoolExecutor.getTask(ThreadPoolExecutor.java:1074)&#10;        at java.util.concurrent.ThreadPoolExecutor.runWorker(ThreadPoolExecutor.java:1134)&#10;        at java.util.concurrent.ThreadPoolExecutor$Worker.run(ThreadPoolExecutor.java:624)&#10;        at java.lang.Thread.run(Thread.java:748)&#10;&quot;grpc-nio-boss-ELG-1-1&quot; daemon prio=5 tid=123 runnable&#10;java.lang.Thread.State: RUNNABLE&#10;        at sun.nio.ch.EPollArrayWrapper.epollWait(Native Method)&#10;        at sun.nio.ch.EPollArrayWrapper.poll(EPollArrayWrapper.java:269)&#10;        at sun.nio.ch.EPollSelectorImpl.doSelect(EPollSelectorImpl.java:93)&#10;        at sun.nio.ch.SelectorImpl.lockAndDoSelect(SelectorImpl.java:86)&#10;        at sun.nio.ch.SelectorImpl.select(SelectorImpl.java:97)&#10;        at org.apache.ratis.thirdparty.io.netty.channel.nio.SelectedSelectionKeySetSelector.select(SelectedSelectionKeySetSelector.java:62)&#10;        at org.apache.ratis.thirdparty.io.netty.channel.nio.NioEventLoop.select(NioEventLoop.java:806)&#10;        at org.apache.ratis.thirdparty.io.netty.channel.nio.NioEventLoop.run(NioEventLoop.java:454)&#10;        at org.apache.ratis.thirdparty.io.netty.util.concurrent.SingleThreadEventExecutor$5.run(SingleThreadEventExecutor.java:918)&#10;        at org.apache.ratis.thirdparty.io.netty.util.internal.ThreadExecutorMap$2.run(ThreadExecutorMap.java:74)&#10;        at org.apache.ratis.thirdparty.io.netty.util.concurrent.FastThreadLocalRunnable.run(FastThreadLocalRunnable.java:30)&#10;        at java.lang.Thread.run(Thread.java:748)&#10;&quot;IPC Server handler 16 on 44693&quot; daemon prio=5 tid=51 timed_waiting&#10;java.lang.Thread.State: TIMED_WAITING&#10;        at sun.misc.Unsafe.park(Native Method)&#10;        at java.util.concurrent.locks.LockSupport.parkNanos(LockSupport.java:215)&#10;        at java.util.concurrent.locks.AbstractQueuedSynchronizer$ConditionObject.awaitNanos(AbstractQueuedSynchronizer.java:2078)&#10;        at java.util.concurrent.LinkedBlockingQueue.poll(LinkedBlockingQueue.java:467)&#10;        at org.apache.hadoop.ipc.CallQueueManager.take(CallQueueManager.java:288)&#10;        at org.apache.hadoop.ipc.Server$Handler.run(Server.java:2668)&#10;&quot;ChunkWriter-2-0&quot; daemon prio=5 tid=271 in Object.wait()&#10;java.lang.Thread.State: WAITING (on object monitor)&#10;        at sun.misc.Unsafe.park(Native Method)&#10;        at java.util.concurrent.locks.LockSupport.park(LockSupport.java:175)&#10;        at java.util.concurrent.locks.AbstractQueuedSynchronizer$ConditionObject.await(AbstractQueuedSynchronizer.java:2039)&#10;        at java.util.concurrent.LinkedBlockingDeque.takeFirst(LinkedBlockingDeque.java:492)&#10;        at java.util.concurrent.LinkedBlockingDeque.take(LinkedBlockingDeque.java:680)&#10;        at java.util.concurrent.ThreadPoolExecutor.getTask(ThreadPoolExecutor.java:1074)&#10;        at java.util.concurrent.ThreadPoolExecutor.runWorker(ThreadPoolExecutor.java:1134)&#10;        at java.util.concurrent.ThreadPoolExecutor$Worker.run(ThreadPoolExecutor.java:624)&#10;        at java.lang.Thread.run(Thread.java:748)&#10;&quot;qtp1565304866-182-acceptor-0@5c70df1f-ServerConnector@486c2cf7{HTTP/1.1,[http/1.1]}{0.0.0.0:39609}&quot; daemon prio=3 tid=182 runnable&#10;java.lang.Thread.State: RUNNABLE&#10;        at sun.nio.ch.ServerSocketChannelImpl.accept0(Native Method)&#10;        at sun.nio.ch.ServerSocketChannelImpl.accept(ServerSocketChannelImpl.java:422)&#10;        at sun.nio.ch.ServerSocketChannelImpl.accept(ServerSocketChannelImpl.java:250)&#10;        at org.eclipse.jetty.server.ServerConnector.accept(ServerConnector.java:385)&#10;        at org.eclipse.jetty.server.AbstractConnector$Acceptor.run(AbstractConnector.java:701)&#10;        at org.eclipse.jetty.util.thread.QueuedThreadPool.runJob(QueuedThreadPool.java:806)&#10;        at org.eclipse.jetty.util.thread.QueuedThreadPool$Runner.run(QueuedThreadPool.java:938)&#10;        at java.lang.Thread.run(Thread.java:748)&#10;&quot;pool-25-thread-1&quot;  prio=5 tid=112 timed_waiting&#10;java.lang.Thread.State: TIMED_WAITING&#10;        at sun.misc.Unsafe.park(Native Method)&#10;        at java.util.concurrent.locks.LockSupport.parkNanos(LockSupport.java:215)&#10;        at java.util.concurrent.locks.AbstractQueuedSynchronizer$ConditionObject.awaitNanos(AbstractQueuedSynchronizer.java:2078)&#10;        at java.util.concurrent.ScheduledThreadPoolExecutor$DelayedWorkQueue.take(ScheduledThreadPoolExecutor.java:1093)&#10;        at java.util.concurrent.ScheduledThreadPoolExecutor$DelayedWorkQueue.take(ScheduledThreadPoolExecutor.java:809)&#10;        at java.util.concurrent.ThreadPoolExecutor.getTask(ThreadPoolExecutor.java:1074)&#10;        at java.util.concurrent.ThreadPoolExecutor.runWorker(ThreadPoolExecutor.java:1134)&#10;        at java.util.concurrent.ThreadPoolExecutor$Worker.run(ThreadPoolExecutor.java:624)&#10;        at java.lang.Thread.run(Thread.java:748)&#10;&quot;IPC Server handler 3 on 9862&quot; daemon prio=5 tid=130 timed_waiting&#10;java.lang.Thread.State: TIMED_WAITING&#10;        at sun.misc.Unsafe.park(Native Method)&#10;        at java.util.concurrent.locks.LockSupport.parkNanos(LockSupport.java:215)&#10;        at java.util.concurrent.locks.AbstractQueuedSynchronizer$ConditionObject.awaitNanos(AbstractQueuedSynchronizer.java:2078)&#10;        at java.util.concurrent.LinkedBlockingQueue.poll(LinkedBlockingQueue.java:467)&#10;        at org.apache.hadoop.ipc.CallQueueManager.take(CallQueueManager.java:288)&#10;        at org.apache.hadoop.ipc.Server$Handler.run(Server.java:2668)&#10;&quot;Datanode State Machine Thread - 0&quot; daemon prio=5 tid=216 timed_waiting&#10;java.lang.Thread.State: TIMED_WAITING&#10;        at java.lang.Thread.sleep(Native Method)&#10;        at org.apache.hadoop.ozone.container.common.statemachine.DatanodeStateMachine.start(DatanodeStateMachine.java:213)&#10;        at org.apache.hadoop.ozone.container.common.statemachine.DatanodeStateMachine.lambda$startDaemon$0(DatanodeStateMachine.java:375)&#10;        at org.apache.hadoop.ozone.container.common.statemachine.DatanodeStateMachine$$Lambda$293/1536594000.run(Unknown Source)&#10;        at java.lang.Thread.run(Thread.java:748)&#10;&quot;pool-57-thread-1&quot;  prio=5 tid=206 timed_waiting&#10;java.lang.Thread.State: TIMED_WAITING&#10;        at sun.misc.Unsafe.park(Native Method)&#10;        at java.util.concurrent.locks.LockSupport.parkNanos(LockSupport.java:215)&#10;        at java.util.concurrent.locks.AbstractQueuedSynchronizer$ConditionObject.awaitNanos(AbstractQueuedSynchronizer.java:2078)&#10;        at java.util.concurrent.ScheduledThreadPoolExecutor$DelayedWorkQueue.take(ScheduledThreadPoolExecutor.java:1093)&#10;        at java.util.concurrent.ScheduledThreadPoolExecutor$DelayedWorkQueue.take(ScheduledThreadPoolExecutor.java:809)&#10;        at java.util.concurrent.ThreadPoolExecutor.getTask(ThreadPoolExecutor.java:1074)&#10;        at java.util.concurrent.ThreadPoolExecutor.runWorker(ThreadPoolExecutor.java:1134)&#10;        at java.util.concurrent.ThreadPoolExecutor$Worker.run(ThreadPoolExecutor.java:624)&#10;        at java.lang.Thread.run(Thread.java:748)&#10;&quot;Session-HouseKeeper-6ba8fc70-1&quot;  prio=5 tid=189 timed_waiting&#10;java.lang.Thread.State: TIMED_WAITING&#10;        at sun.misc.Unsafe.park(Native Method)&#10;        at java.util.concurrent.locks.LockSupport.parkNanos(LockSupport.java:215)&#10;        at java.util.concurrent.locks.AbstractQueuedSynchronizer$ConditionObject.awaitNanos(AbstractQueuedSynchronizer.java:2078)&#10;        at java.util.concurrent.ScheduledThreadPoolExecutor$DelayedWorkQueue.take(ScheduledThreadPoolExecutor.java:1093)&#10;        at java.util.concurrent.ScheduledThreadPoolExecutor$DelayedWorkQueue.take(ScheduledThreadPoolExecutor.java:809)&#10;        at java.util.concurrent.ThreadPoolExecutor.getTask(ThreadPoolExecutor.java:1074)&#10;        at java.util.concurrent.ThreadPoolExecutor.runWorker(ThreadPoolExecutor.java:1134)&#10;        at java.util.concurrent.ThreadPoolExecutor$Worker.run(ThreadPoolExecutor.java:624)&#10;        at java.lang.Thread.run(Thread.java:748)&#10;&quot;EventQueue-DatanodeCommandForSCMNodeManager&quot;  prio=5 tid=302 in Object.wait()&#10;java.lang.Thread.State: WAITING (on object monitor)&#10;        at sun.misc.Unsafe.park(Native Method)&#10;        at java.util.concurrent.locks.LockSupport.park(LockSupport.java:175)&#10;        at java.util.concurrent.locks.AbstractQueuedSynchronizer$ConditionObject.await(AbstractQueuedSynchronizer.java:2039)&#10;        at java.util.concurrent.LinkedBlockingQueue.take(LinkedBlockingQueue.java:442)&#10;        at java.util.concurrent.ThreadPoolExecutor.getTask(ThreadPoolExecutor.java:1074)&#10;        at java.util.concurrent.ThreadPoolExecutor.runWorker(ThreadPoolExecutor.java:1134)&#10;        at java.util.concurrent.ThreadPoolExecutor$Worker.run(ThreadPoolExecutor.java:624)&#10;        at java.lang.Thread.run(Thread.java:748)&#10;&quot;IPC Server handler 3 on 37155&quot; daemon prio=5 tid=78 timed_waiting&#10;java.lang.Thread.State: TIMED_WAITING&#10;        at sun.misc.Unsafe.park(Native Method)&#10;        at java.util.concurrent.locks.LockSupport.parkNanos(LockSupport.java:215)&#10;        at java.util.concurrent.locks.AbstractQueuedSynchronizer$ConditionObject.awaitNanos(AbstractQueuedSynchronizer.java:2078)&#10;        at java.util.concurrent.LinkedBlockingQueue.poll(LinkedBlockingQueue.java:467)&#10;        at org.apache.hadoop.ipc.CallQueueManager.take(CallQueueManager.java:288)&#10;        at org.apache.hadoop.ipc.Server$Handler.run(Server.java:2668)&#10;&quot;IPC Server handler 2 on 46581&quot; daemon prio=5 tid=57 timed_waiting&#10;java.lang.Thread.State: TIMED_WAITING&#10;        at sun.misc.Unsafe.park(Native Method)&#10;        at java.util.concurrent.locks.LockSupport.parkNanos(LockSupport.java:215)&#10;        at java.util.concurrent.locks.AbstractQueuedSynchronizer$ConditionObject.awaitNanos(AbstractQueuedSynchronizer.java:2078)&#10;        at java.util.concurrent.LinkedBlockingQueue.poll(LinkedBlockingQueue.java:467)&#10;        at org.apache.hadoop.ipc.CallQueueManager.take(CallQueueManager.java:288)&#10;        at org.apache.hadoop.ipc.Server$Handler.run(Server.java:2668)&#10;&quot;IPC Server handler 15 on 46581&quot; daemon prio=5 tid=70 timed_waiting&#10;java.lang.Thread.State: TIMED_WAITING&#10;        at sun.misc.Unsafe.park(Native Method)&#10;        at java.util.concurrent.locks.LockSupport.parkNanos(LockSupport.java:215)&#10;        at java.util.concurrent.locks.AbstractQueuedSynchronizer$ConditionObject.awaitNanos(AbstractQueuedSynchronizer.java:2078)&#10;        at java.util.concurrent.LinkedBlockingQueue.poll(LinkedBlockingQueue.java:467)&#10;        at org.apache.hadoop.ipc.CallQueueManager.take(CallQueueManager.java:288)&#10;        at org.apache.hadoop.ipc.Server$Handler.run(Server.java:2668)&#10;&quot;IPC Server handler 11 on 9862&quot; daemon prio=5 tid=139 timed_waiting&#10;java.lang.Thread.State: TIMED_WAITING&#10;        at sun.misc.Unsafe.park(Native Method)&#10;        at java.util.concurrent.locks.LockSupport.parkNanos(LockSupport.java:215)&#10;        at java.util.concurrent.locks.AbstractQueuedSynchronizer$ConditionObject.awaitNanos(AbstractQueuedSynchronizer.java:2078)&#10;        at java.util.concurrent.LinkedBlockingQueue.poll(LinkedBlockingQueue.java:467)&#10;        at org.apache.hadoop.ipc.CallQueueManager.take(CallQueueManager.java:288)&#10;        at org.apache.hadoop.ipc.Server$Handler.run(Server.java:2668)&#10;&quot;IPC Server handler 7 on 9862&quot; daemon prio=5 tid=134 timed_waiting&#10;java.lang.Thread.State: TIMED_WAITING&#10;        at sun.misc.Unsafe.park(Native Method)&#10;        at java.util.concurrent.locks.LockSupport.parkNanos(LockSupport.java:215)&#10;        at java.util.concurrent.locks.AbstractQueuedSynchronizer$ConditionObject.awaitNanos(AbstractQueuedSynchronizer.java:2078)&#10;        at java.util.concurrent.LinkedBlockingQueue.poll(LinkedBlockingQueue.java:467)&#10;        at org.apache.hadoop.ipc.CallQueueManager.take(CallQueueManager.java:288)&#10;        at org.apache.hadoop.ipc.Server$Handler.run(Server.java:2668)&#10;&quot;f48396e8-f861-4ea7-9d9a-a0d4272beba6@group-FBF1FF002355-StateMachineUpdater&quot; daemon prio=5 tid=335 in Object.wait()&#10;java.lang.Thread.State: WAITING (on object monitor)&#10;        at java.lang.Object.wait(Native Method)&#10;        at java.lang.Object.wait(Object.java:502)&#10;        at org.apache.ratis.server.impl.StateMachineUpdater.waitForCommit(StateMachineUpdater.java:197)&#10;        at org.apache.ratis.server.impl.StateMachineUpdater.run(StateMachineUpdater.java:162)&#10;        at java.lang.Thread.run(Thread.java:748)&#10;&quot;IPC Server handler 0 on 37155&quot; daemon prio=5 tid=75 timed_waiting&#10;java.lang.Thread.State: TIMED_WAITING&#10;        at sun.misc.Unsafe.park(Native Method)&#10;        at java.util.concurrent.locks.LockSupport.parkNanos(LockSupport.java:215)&#10;        at java.util.concurrent.locks.AbstractQueuedSynchronizer$ConditionObject.awaitNanos(AbstractQueuedSynchronizer.java:2078)&#10;        at java.util.concurrent.LinkedBlockingQueue.poll(LinkedBlockingQueue.java:467)&#10;        at org.apache.hadoop.ipc.CallQueueManager.take(CallQueueManager.java:288)&#10;        at org.apache.hadoop.ipc.Server$Handler.run(Server.java:2668)&#10;&quot;IPC Server handler 9 on 46581&quot; daemon prio=5 tid=64 timed_waiting&#10;java.lang.Thread.State: TIMED_WAITING&#10;        at sun.misc.Unsafe.park(Native Method)&#10;        at java.util.concurrent.locks.LockSupport.parkNanos(LockSupport.java:215)&#10;        at java.util.concurrent.locks.AbstractQueuedSynchronizer$ConditionObject.awaitNanos(AbstractQueuedSynchronizer.java:2078)&#10;        at java.util.concurrent.LinkedBlockingQueue.poll(LinkedBlockingQueue.java:467)&#10;        at org.apache.hadoop.ipc.CallQueueManager.take(CallQueueManager.java:288)&#10;        at org.apache.hadoop.ipc.Server$Handler.run(Server.java:2668)&#10;&quot;IPC Server listener on 44693&quot; daemon prio=5 tid=24 runnable&#10;java.lang.Thread.State: RUNNABLE&#10;        at sun.nio.ch.EPollArrayWrapper.epollWait(Native Method)&#10;        at sun.nio.ch.EPollArrayWrapper.poll(EPollArrayWrapper.java:269)&#10;        at sun.nio.ch.EPollSelectorImpl.doSelect(EPollSelectorImpl.java:93)&#10;        at sun.nio.ch.SelectorImpl.lockAndDoSelect(SelectorImpl.java:86)&#10;        at sun.nio.ch.SelectorImpl.select(SelectorImpl.java:97)&#10;        at sun.nio.ch.SelectorImpl.select(SelectorImpl.java:101)&#10;        at org.apache.hadoop.ipc.Server$Listener.run(Server.java:1159)&#10;&quot;grpc-default-executor-0&quot; daemon prio=5 tid=166 timed_waiting&#10;java.lang.Thread.State: TIMED_WAITING&#10;        at sun.misc.Unsafe.park(Native Method)&#10;        at java.util.concurrent.locks.LockSupport.parkNanos(LockSupport.java:215)&#10;        at java.util.concurrent.SynchronousQueue$TransferStack.awaitFulfill(SynchronousQueue.java:460)&#10;        at java.util.concurrent.SynchronousQueue$TransferStack.transfer(SynchronousQueue.java:362)&#10;        at java.util.concurrent.SynchronousQueue.poll(SynchronousQueue.java:941)&#10;        at java.util.concurrent.ThreadPoolExecutor.getTask(ThreadPoolExecutor.java:1073)&#10;        at java.util.concurrent.ThreadPoolExecutor.runWorker(ThreadPoolExecutor.java:1134)&#10;        at java.util.concurrent.ThreadPoolExecutor$Worker.run(ThreadPoolExecutor.java:624)&#10;        at java.lang.Thread.run(Thread.java:748)&#10;&quot;qtp932569333-214&quot; daemon prio=5 tid=214 timed_waiting&#10;java.lang.Thread.State: TIMED_WAITING&#10;        at sun.misc.Unsafe.park(Native Method)&#10;        at java.util.concurrent.locks.LockSupport.parkNanos(LockSupport.java:215)&#10;        at java.util.concurrent.locks.AbstractQueuedSynchronizer$ConditionObject.awaitNanos(AbstractQueuedSynchronizer.java:2078)&#10;        at org.eclipse.jetty.util.BlockingArrayQueue.poll(BlockingArrayQueue.java:382)&#10;        at org.eclipse.jetty.util.thread.QueuedThreadPool$Runner.idleJobPoll(QueuedThreadPool.java:875)&#10;        at org.eclipse.jetty.util.thread.QueuedThreadPool$Runner.run(QueuedThreadPool.java:925)&#10;        at java.lang.Thread.run(Thread.java:748)&#10;&quot;Datanode ReportManager Thread - 0&quot; daemon prio=5 tid=241 in Object.wait()&#10;java.lang.Thread.State: WAITING (on object monitor)&#10;        at sun.misc.Unsafe.park(Native Method)&#10;        at java.util.concurrent.locks.LockSupport.park(LockSupport.java:175)&#10;        at java.util.concurrent.locks.AbstractQueuedSynchronizer$ConditionObject.await(AbstractQueuedSynchronizer.java:2039)&#10;        at java.util.concurrent.ScheduledThreadPoolExecutor$DelayedWorkQueue.take(ScheduledThreadPoolExecutor.java:1088)&#10;        at java.util.concurrent.ScheduledThreadPoolExecutor$DelayedWorkQueue.take(ScheduledThreadPoolExecutor.java:809)&#10;        at java.util.concurrent.ThreadPoolExecutor.getTask(ThreadPoolExecutor.java:1074)&#10;        at java.util.concurrent.ThreadPoolExecutor.runWorker(ThreadPoolExecutor.java:1134)&#10;        at java.util.concurrent.ThreadPoolExecutor$Worker.run(ThreadPoolExecutor.java:624)&#10;        at java.lang.Thread.run(Thread.java:748)&#10;&quot;Datanode State Machine Thread - 0&quot; daemon prio=5 tid=191 timed_waiting&#10;java.lang.Thread.State: TIMED_WAITING&#10;        at java.lang.Thread.sleep(Native Method)&#10;        at org.apache.hadoop.ozone.container.common.statemachine.DatanodeStateMachine.start(DatanodeStateMachine.java:213)&#10;        at org.apache.hadoop.ozone.container.common.statemachine.DatanodeStateMachine.lambda$startDaemon$0(DatanodeStateMachine.java:375)&#10;        at org.apache.hadoop.ozone.container.common.statemachine.DatanodeStateMachine$$Lambda$293/1536594000.run(Unknown Source)&#10;        at java.lang.Thread.run(Thread.java:748)&#10;&quot;IPC Server idle connection scanner for port 44693&quot; daemon prio=5 tid=26 timed_waiting&#10;java.lang.Thread.State: TIMED_WAITING&#10;        at java.lang.Object.wait(Native Method)&#10;        at java.util.TimerThread.mainLoop(Timer.java:552)&#10;        at java.util.TimerThread.run(Timer.java:505)&#10;&quot;IPC Server handler 12 on 9862&quot; daemon prio=5 tid=140 timed_waiting&#10;java.lang.Thread.State: TIMED_WAITING&#10;        at sun.misc.Unsafe.park(Native Method)&#10;        at java.util.concurrent.locks.LockSupport.parkNanos(LockSupport.java:215)&#10;        at java.util.concurrent.locks.AbstractQueuedSynchronizer$ConditionObject.awaitNanos(AbstractQueuedSynchronizer.java:2078)&#10;        at java.util.concurrent.LinkedBlockingQueue.poll(LinkedBlockingQueue.java:467)&#10;        at org.apache.hadoop.ipc.CallQueueManager.take(CallQueueManager.java:288)&#10;        at org.apache.hadoop.ipc.Server$Handler.run(Server.java:2668)&#10;&quot;qtp1179456560-231-acceptor-0@2260d145-ServerConnector@72d99216{HTTP/1.1,[http/1.1]}{0.0.0.0:37745}&quot; daemon prio=3 tid=231 runnable&#10;java.lang.Thread.State: RUNNABLE&#10;        at sun.nio.ch.ServerSocketChannelImpl.accept0(Native Method)&#10;        at sun.nio.ch.ServerSocketChannelImpl.accept(ServerSocketChannelImpl.java:422)&#10;        at sun.nio.ch.ServerSocketChannelImpl.accept(ServerSocketChannelImpl.java:250)&#10;        at org.eclipse.jetty.server.ServerConnector.accept(ServerConnector.java:385)&#10;        at org.eclipse.jetty.server.AbstractConnector$Acceptor.run(AbstractConnector.java:701)&#10;        at org.eclipse.jetty.util.thread.QueuedThreadPool.runJob(QueuedThreadPool.java:806)&#10;        at org.eclipse.jetty.util.thread.QueuedThreadPool$Runner.run(QueuedThreadPool.java:938)&#10;        at java.lang.Thread.run(Thread.java:748)&#10;&quot;IPC Server idle connection scanner for port 46581&quot; daemon prio=5 tid=22 timed_waiting&#10;java.lang.Thread.State: TIMED_WAITING&#10;        at java.lang.Object.wait(Native Method)&#10;        at java.util.TimerThread.mainLoop(Timer.java:552)&#10;        at java.util.TimerThread.run(Timer.java:505)&#10;&quot;Datanode State Machine Thread - 0&quot; daemon prio=5 tid=247 timed_waiting&#10;java.lang.Thread.State: TIMED_WAITING&#10;        at sun.misc.Unsafe.park(Native Method)&#10;        at java.util.concurrent.locks.LockSupport.parkNanos(LockSupport.java:215)&#10;        at java.util.concurrent.SynchronousQueue$TransferStack.awaitFulfill(SynchronousQueue.java:460)&#10;        at java.util.concurrent.SynchronousQueue$TransferStack.transfer(SynchronousQueue.java:362)&#10;        at java.util.concurrent.SynchronousQueue.poll(SynchronousQueue.java:941)&#10;        at java.util.concurrent.ThreadPoolExecutor.getTask(ThreadPoolExecutor.java:1073)&#10;        at java.util.concurrent.ThreadPoolExecutor.runWorker(ThreadPoolExecutor.java:1134)&#10;        at java.util.concurrent.ThreadPoolExecutor$Worker.run(ThreadPoolExecutor.java:624)&#10;        at java.lang.Thread.run(Thread.java:748)&#10;&quot;pool-31-thread-1&quot; daemon prio=5 tid=176 timed_waiting&#10;java.lang.Thread.State: TIMED_WAITING&#10;        at sun.misc.Unsafe.park(Native Method)&#10;        at java.util.concurrent.locks.LockSupport.parkNanos(LockSupport.java:215)&#10;        at java.util.concurrent.locks.AbstractQueuedSynchronizer$ConditionObject.awaitNanos(AbstractQueuedSynchronizer.java:2078)&#10;        at java.util.concurrent.ScheduledThreadPoolExecutor$DelayedWorkQueue.take(ScheduledThreadPoolExecutor.java:1093)&#10;        at java.util.concurrent.ScheduledThreadPoolExecutor$DelayedWorkQueue.take(ScheduledThreadPoolExecutor.java:809)&#10;        at java.util.concurrent.ThreadPoolExecutor.getTask(ThreadPoolExecutor.java:1074)&#10;        at java.util.concurrent.ThreadPoolExecutor.runWorker(ThreadPoolExecutor.java:1134)&#10;        at java.util.concurrent.ThreadPoolExecutor$Worker.run(ThreadPoolExecutor.java:624)&#10;        at java.lang.Thread.run(Thread.java:748)&#10;&quot;org.apache.hadoop.util.JvmPauseMonitor$Monitor@217fb19f&quot; daemon prio=5 tid=201 timed_waiting&#10;java.lang.Thread.State: TIMED_WAITING&#10;        at java.lang.Thread.sleep(Native Method)&#10;        at org.apache.hadoop.util.JvmPauseMonitor$Monitor.run(JvmPauseMonitor.java:192)&#10;        at java.lang.Thread.run(Thread.java:748)&#10;&quot;BlockDeletingService#2&quot; daemon prio=5 tid=895 in Object.wait()&#10;java.lang.Thread.State: WAITING (on object monitor)&#10;        at sun.misc.Unsafe.park(Native Method)&#10;        at java.util.concurrent.locks.LockSupport.park(LockSupport.java:175)&#10;        at java.util.concurrent.locks.AbstractQueuedSynchronizer$ConditionObject.await(AbstractQueuedSynchronizer.java:2039)&#10;        at java.util.concurrent.ScheduledThreadPoolExecutor$DelayedWorkQueue.take(ScheduledThreadPoolExecutor.java:1088)&#10;        at java.util.concurrent.ScheduledThreadPoolExecutor$DelayedWorkQueue.take(ScheduledThreadPoolExecutor.java:809)&#10;        at java.util.concurrent.ThreadPoolExecutor.getTask(ThreadPoolExecutor.java:1074)&#10;        at java.util.concurrent.ThreadPoolExecutor.runWorker(ThreadPoolExecutor.java:1134)&#10;        at java.util.concurrent.ThreadPoolExecutor$Worker.run(ThreadPoolExecutor.java:624)&#10;        at java.lang.Thread.run(Thread.java:748)&#10;&quot;main&quot;  prio=5 tid=1 runnable&#10;java.lang.Thread.State: RUNNABLE&#10;        at java.lang.Thread.dumpThreads(Native Method)&#10;        at java.lang.Thread.getAllStackTraces(Thread.java:1610)&#10;        at org.apache.hadoop.test.TimedOutTestsListener.buildThreadDump(TimedOutTestsListener.java:93)&#10;        at org.apache.hadoop.test.TimedOutTestsListener.buildThreadDiagnosticString(TimedOutTestsListener.java:79)&#10;        at org.apache.hadoop.test.GenericTestUtils.waitFor(GenericTestUtils.java:225)&#10;        at org.apache.hadoop.ozone.MiniOzoneClusterImpl.waitForClusterToBeReady(MiniOzoneClusterImpl.java:172)&#10;        at org.apache.hadoop.ozone.om.TestOzoneManagerConfiguration.startCluster(TestOzoneManagerConfiguration.java:94)&#10;        at org.apache.hadoop.ozone.om.TestOzoneManagerConfiguration.testDefaultPortIfNotSpecified(TestOzoneManagerConfiguration.java:135)&#10;        at sun.reflect.NativeMethodAccessorImpl.invoke0(Native Method)&#10;        at sun.reflect.NativeMethodAccessorImpl.invoke(NativeMethodAccessorImpl.java:62)&#10;        at sun.reflect.DelegatingMethodAccessorImpl.invoke(DelegatingMethodAccessorImpl.java:43)&#10;        at java.lang.reflect.Method.invoke(Method.java:498)&#10;        at org.junit.runners.model.FrameworkMethod$1.runReflectiveCall(FrameworkMethod.java:47)&#10;        at org.junit.internal.runners.model.ReflectiveCallable.run(ReflectiveCallable.java:12)&#10;        at org.junit.runners.model.FrameworkMethod.invokeExplosively(FrameworkMethod.java:44)&#10;        at org.junit.internal.runners.statements.InvokeMethod.evaluate(InvokeMethod.java:17)&#10;        at org.junit.internal.runners.statements.RunBefores.evaluate(RunBefores.java:26)&#10;        at org.junit.internal.runners.statements.RunAfters.evaluate(RunAfters.java:27)&#10;        at org.junit.runners.ParentRunner.runLeaf(ParentRunner.java:271)&#10;        at org.junit.runners.BlockJUnit4ClassRunner.runChild(BlockJUnit4ClassRunner.java:70)&#10;        at org.junit.runners.BlockJUnit4ClassRunner.runChild(BlockJUnit4ClassRunner.java:50)&#10;        at org.junit.runners.ParentRunner$3.run(ParentRunner.java:238)&#10;        at org.junit.runners.ParentRunner$1.schedule(ParentRunner.java:63)&#10;        at org.junit.runners.ParentRunner.runChildren(ParentRunner.java:236)&#10;        at org.junit.runners.ParentRunner.access$000(ParentRunner.java:53)&#10;        at org.junit.runners.ParentRunner$2.evaluate(ParentRunner.java:229)&#10;        at org.junit.runners.ParentRunner.run(ParentRunner.java:309)&#10;        at org.apache.maven.surefire.junit4.JUnit4Provider.execute(JUnit4Provider.java:365)&#10;        at org.apache.maven.surefire.junit4.JUnit4Provider.executeWithRerun(JUnit4Provider.java:273)&#10;        at org.apache.maven.surefire.junit4.JUnit4Provider.executeTestSet(JUnit4Provider.java:238)&#10;        at org.apache.maven.surefire.junit4.JUnit4Provider.invoke(JUnit4Provider.java:159)&#10;        at org.apache.maven.surefire.booter.ForkedBooter.invokeProviderInSameClassLoader(ForkedBooter.java:384)&#10;        at org.apache.maven.surefire.booter.ForkedBooter.runSuitesInProcess(ForkedBooter.java:345)&#10;        at org.apache.maven.surefire.booter.ForkedBooter.execute(ForkedBooter.java:126)&#10;        at org.apache.maven.surefire.booter.ForkedBooter.main(ForkedBooter.java:418)&#10;&quot;IPC Server handler 19 on 44693&quot; daemon prio=5 tid=54 timed_waiting&#10;java.lang.Thread.State: TIMED_WAITING&#10;        at sun.misc.Unsafe.park(Native Method)&#10;        at java.util.concurrent.locks.LockSupport.parkNanos(LockSupport.java:215)&#10;        at java.util.concurrent.locks.AbstractQueuedSynchronizer$ConditionObject.awaitNanos(AbstractQueuedSynchronizer.java:2078)&#10;        at java.util.concurrent.LinkedBlockingQueue.poll(LinkedBlockingQueue.java:467)&#10;        at org.apache.hadoop.ipc.CallQueueManager.take(CallQueueManager.java:288)&#10;        at org.apache.hadoop.ipc.Server$Handler.run(Server.java:2668)&#10;&quot;IPC Server handler 13 on 9862&quot; daemon prio=5 tid=141 timed_waiting&#10;java.lang.Thread.State: TIMED_WAITING&#10;        at sun.misc.Unsafe.park(Native Method)&#10;        at java.util.concurrent.locks.LockSupport.parkNanos(LockSupport.java:215)&#10;        at java.util.concurrent.locks.AbstractQueuedSynchronizer$ConditionObject.awaitNanos(AbstractQueuedSynchronizer.java:2078)&#10;        at java.util.concurrent.LinkedBlockingQueue.poll(LinkedBlockingQueue.java:467)&#10;        at org.apache.hadoop.ipc.CallQueueManager.take(CallQueueManager.java:288)&#10;        at org.apache.hadoop.ipc.Server$Handler.run(Server.java:2668)&#10;&quot;omNode1@group-3464CFB7038B-StateMachineUpdater&quot; daemon prio=5 tid=120 in Object.wait()&#10;java.lang.Thread.State: WAITING (on object monitor)&#10;        at java.lang.Object.wait(Native Method)&#10;        at java.lang.Object.wait(Object.java:502)&#10;        at org.apache.ratis.server.impl.StateMachineUpdater.waitForCommit(StateMachineUpdater.java:197)&#10;        at org.apache.ratis.server.impl.StateMachineUpdater.run(StateMachineUpdater.java:162)&#10;        at java.lang.Thread.run(Thread.java:748)&#10;&quot;qtp1296516504-152&quot; daemon prio=5 tid=152 timed_waiting&#10;java.lang.Thread.State: TIMED_WAITING&#10;        at sun.misc.Unsafe.park(Native Method)&#10;        at java.util.concurrent.locks.LockSupport.parkNanos(LockSupport.java:215)&#10;        at java.util.concurrent.locks.AbstractQueuedSynchronizer$ConditionObject.awaitNanos(AbstractQueuedSynchronizer.java:2078)&#10;        at org.eclipse.jetty.util.BlockingArrayQueue.poll(BlockingArrayQueue.java:382)&#10;        at org.eclipse.jetty.util.thread.QueuedThreadPool$Runner.idleJobPoll(QueuedThreadPool.java:875)&#10;        at org.eclipse.jetty.util.thread.QueuedThreadPool$Runner.run(QueuedThreadPool.java:925)&#10;        at java.lang.Thread.run(Thread.java:748)&#10;&quot;Datanode ReportManager Thread - 0&quot; daemon prio=5 tid=219 timed_waiting&#10;java.lang.Thread.State: TIMED_WAITING&#10;        at sun.misc.Unsafe.park(Native Method)&#10;        at java.util.concurrent.locks.LockSupport.parkNanos(LockSupport.java:215)&#10;        at java.util.concurrent.locks.AbstractQueuedSynchronizer$ConditionObject.awaitNanos(AbstractQueuedSynchronizer.java:2078)&#10;        at java.util.concurrent.ScheduledThreadPoolExecutor$DelayedWorkQueue.take(ScheduledThreadPoolExecutor.java:1093)&#10;        at java.util.concurrent.ScheduledThreadPoolExecutor$DelayedWorkQueue.take(ScheduledThreadPoolExecutor.java:809)&#10;        at java.util.concurrent.ThreadPoolExecutor.getTask(ThreadPoolExecutor.java:1074)&#10;        at java.util.concurrent.ThreadPoolExecutor.runWorker(ThreadPoolExecutor.java:1134)&#10;        at java.util.concurrent.ThreadPoolExecutor$Worker.run(ThreadPoolExecutor.java:624)&#10;        at java.lang.Thread.run(Thread.java:748)&#10;&quot;IPC Server handler 8 on 44693&quot; daemon prio=5 tid=43 timed_waiting&#10;java.lang.Thread.State: TIMED_WAITING&#10;        at sun.misc.Unsafe.park(Native Method)&#10;        at java.util.concurrent.locks.LockSupport.parkNanos(LockSupport.java:215)&#10;        at java.util.concurrent.locks.AbstractQueuedSynchronizer$ConditionObject.awaitNanos(AbstractQueuedSynchronizer.java:2078)&#10;        at java.util.concurrent.LinkedBlockingQueue.poll(LinkedBlockingQueue.java:467)&#10;        at org.apache.hadoop.ipc.CallQueueManager.take(CallQueueManager.java:288)&#10;        at org.apache.hadoop.ipc.Server$Handler.run(Server.java:2668)&#10;&quot;IPC Server handler 7 on 44693&quot; daemon prio=5 tid=42 timed_waiting&#10;java.lang.Thread.State: TIMED_WAITING&#10;        at sun.misc.Unsafe.park(Native Method)&#10;        at java.util.concurrent.locks.LockSupport.parkNanos(LockSupport.java:215)&#10;        at java.util.concurrent.locks.AbstractQueuedSynchronizer$ConditionObject.awaitNanos(AbstractQueuedSynchronizer.java:2078)&#10;        at java.util.concurrent.LinkedBlockingQueue.poll(LinkedBlockingQueue.java:467)&#10;        at org.apache.hadoop.ipc.CallQueueManager.take(CallQueueManager.java:288)&#10;        at org.apache.hadoop.ipc.Server$Handler.run(Server.java:2668)&#10;&quot;Thread-310&quot; daemon prio=5 tid=394 timed_waiting&#10;java.lang.Thread.State: TIMED_WAITING&#10;        at sun.misc.Unsafe.park(Native Method)&#10;        at java.util.concurrent.locks.LockSupport.parkNanos(LockSupport.java:215)&#10;        at java.util.concurrent.locks.AbstractQueuedSynchronizer$ConditionObject.awaitNanos(AbstractQueuedSynchronizer.java:2078)&#10;        at java.util.concurrent.ArrayBlockingQueue.poll(ArrayBlockingQueue.java:418)&#10;        at org.apache.ratis.server.impl.LeaderState$EventQueue.poll(LeaderState.java:116)&#10;        at org.apache.ratis.server.impl.LeaderState$EventProcessor.run(LeaderState.java:489)&#10;&quot;EventQueue-Safe mode statusForBlockManagerImpl&quot;  prio=5 tid=29 in Object.wait()&#10;java.lang.Thread.State: WAITING (on object monitor)&#10;        at sun.misc.Unsafe.park(Native Method)&#10;        at java.util.concurrent.locks.LockSupport.park(LockSupport.java:175)&#10;        at java.util.concurrent.locks.AbstractQueuedSynchronizer$ConditionObject.await(AbstractQueuedSynchronizer.java:2039)&#10;        at java.util.concurrent.LinkedBlockingQueue.take(LinkedBlockingQueue.java:442)&#10;        at java.util.concurrent.ThreadPoolExecutor.getTask(ThreadPoolExecutor.java:1074)&#10;        at java.util.concurrent.ThreadPoolExecutor.runWorker(ThreadPoolExecutor.java:1134)&#10;        at java.util.concurrent.ThreadPoolExecutor$Worker.run(ThreadPoolExecutor.java:624)&#10;        at java.lang.Thread.run(Thread.java:748)&#10;&quot;jaeger.RemoteReporter-QueueProcessor&quot; daemon prio=5 tid=168 in Object.wait()&#10;java.lang.Thread.State: WAITING (on object monitor)&#10;        at sun.misc.Unsafe.park(Native Method)&#10;        at java.util.concurrent.locks.LockSupport.park(LockSupport.java:175)&#10;        at java.util.concurrent.locks.AbstractQueuedSynchronizer$ConditionObject.await(AbstractQueuedSynchronizer.java:2039)&#10;        at java.util.concurrent.ArrayBlockingQueue.take(ArrayBlockingQueue.java:403)&#10;        at io.jaegertracing.internal.reporters.RemoteReporter$QueueProcessor.run(RemoteReporter.java:174)&#10;        at java.lang.Thread.run(Thread.java:748)&#10;&quot;IPC Server handler 19 on 46581&quot; daemon prio=5 tid=74 timed_waiting&#10;java.lang.Thread.State: TIMED_WAITING&#10;        at sun.misc.Unsafe.park(Native Method)&#10;        at java.util.concurrent.locks.LockSupport.parkNanos(LockSupport.java:215)&#10;        at java.util.concurrent.locks.AbstractQueuedSynchronizer$ConditionObject.awaitNanos(AbstractQueuedSynchronizer.java:2078)&#10;        at java.util.concurrent.LinkedBlockingQueue.poll(LinkedBlockingQueue.java:467)&#10;        at org.apache.hadoop.ipc.CallQueueManager.take(CallQueueManager.java:288)&#10;        at org.apache.hadoop.ipc.Server$Handler.run(Server.java:2668)&#10;&quot;EventQueue-OpenPipelineForOneReplicaPipelineSafeModeRule&quot; daemon prio=5 tid=336 in Object.wait()&#10;java.lang.Thread.State: WAITING (on object monitor)&#10;        at sun.misc.Unsafe.park(Native Method)&#10;        at java.util.concurrent.locks.LockSupport.park(LockSupport.java:175)&#10;        at java.util.concurrent.locks.AbstractQueuedSynchronizer$ConditionObject.await(AbstractQueuedSynchronizer.java:2039)&#10;        at java.util.concurrent.LinkedBlockingQueue.take(LinkedBlockingQueue.java:442)&#10;        at java.util.concurrent.ThreadPoolExecutor.getTask(ThreadPoolExecutor.java:1074)&#10;        at java.util.concurrent.ThreadPoolExecutor.runWorker(ThreadPoolExecutor.java:1134)&#10;        at java.util.concurrent.ThreadPoolExecutor$Worker.run(ThreadPoolExecutor.java:624)&#10;        at java.lang.Thread.run(Thread.java:748)&#10;&quot;EventQueue-Delayed safe mode statusForSCMPipelineManager&quot;  prio=5 tid=31 in Object.wait()&#10;java.lang.Thread.State: WAITING (on object monitor)&#10;        at sun.misc.Unsafe.park(Native Method)&#10;        at java.util.concurrent.locks.LockSupport.park(LockSupport.java:175)&#10;        at java.util.concurrent.locks.AbstractQueuedSynchronizer$ConditionObject.await(AbstractQueuedSynchronizer.java:2039)&#10;        at java.util.concurrent.LinkedBlockingQueue.take(LinkedBlockingQueue.java:442)&#10;        at java.util.concurrent.ThreadPoolExecutor.getTask(ThreadPoolExecutor.java:1074)&#10;        at java.util.concurrent.ThreadPoolExecutor.runWorker(ThreadPoolExecutor.java:1134)&#10;        at java.util.concurrent.ThreadPoolExecutor$Worker.run(ThreadPoolExecutor.java:624)&#10;        at java.lang.Thread.run(Thread.java:748)&#10;&quot;pool-8-thread-1&quot;  prio=5 tid=28 timed_waiting&#10;java.lang.Thread.State: TIMED_WAITING&#10;        at sun.misc.Unsafe.park(Native Method)&#10;        at java.util.concurrent.locks.LockSupport.parkNanos(LockSupport.java:215)&#10;        at java.util.concurrent.locks.AbstractQueuedSynchronizer$ConditionObject.awaitNanos(AbstractQueuedSynchronizer.java:2078)&#10;        at java.util.concurrent.ScheduledThreadPoolExecutor$DelayedWorkQueue.take(ScheduledThreadPoolExecutor.java:1093)&#10;        at java.util.concurrent.ScheduledThreadPoolExecutor$DelayedWorkQueue.take(ScheduledThreadPoolExecutor.java:809)&#10;        at java.util.concurrent.ThreadPoolExecutor.getTask(ThreadPoolExecutor.java:1074)&#10;        at java.util.concurrent.ThreadPoolExecutor.runWorker(ThreadPoolExecutor.java:1134)&#10;        at java.util.concurrent.ThreadPoolExecutor$Worker.run(ThreadPoolExecutor.java:624)&#10;        at java.lang.Thread.run(Thread.java:748)&#10;&quot;Periodic HDDS volume checker&quot; daemon prio=5 tid=193 timed_waiting&#10;java.lang.Thread.State: TIMED_WAITING&#10;        at sun.misc.Unsafe.park(Native Method)&#10;        at java.util.concurrent.locks.LockSupport.parkNanos(LockSupport.java:215)&#10;        at java.util.concurrent.locks.AbstractQueuedSynchronizer$ConditionObject.awaitNanos(AbstractQueuedSynchronizer.java:2078)&#10;        at java.util.concurrent.ScheduledThreadPoolExecutor$DelayedWorkQueue.take(ScheduledThreadPoolExecutor.java:1093)&#10;        at java.util.concurrent.ScheduledThreadPoolExecutor$DelayedWorkQueue.take(ScheduledThreadPoolExecutor.java:809)&#10;        at java.util.concurrent.ThreadPoolExecutor.getTask(ThreadPoolExecutor.java:1074)&#10;        at java.util.concurrent.ThreadPoolExecutor.runWorker(ThreadPoolExecutor.java:1134)&#10;        at java.util.concurrent.ThreadPoolExecutor$Worker.run(ThreadPoolExecutor.java:624)&#10;        at java.lang.Thread.run(Thread.java:748)&#10;&quot;IPC Server handler 7 on 37155&quot; daemon prio=5 tid=82 timed_waiting&#10;java.lang.Thread.State: TIMED_WAITING&#10;        at sun.misc.Unsafe.park(Native Method)&#10;        at java.util.concurrent.locks.LockSupport.parkNanos(LockSupport.java:215)&#10;        at java.util.concurrent.locks.AbstractQueuedSynchronizer$ConditionObject.awaitNanos(AbstractQueuedSynchronizer.java:2078)&#10;        at java.util.concurrent.LinkedBlockingQueue.poll(LinkedBlockingQueue.java:467)&#10;        at org.apache.hadoop.ipc.CallQueueManager.take(CallQueueManager.java:288)&#10;        at org.apache.hadoop.ipc.Server$Handler.run(Server.java:2668)&#10;&quot;IPC Server handler 0 on 44693&quot; daemon prio=5 tid=35 timed_waiting&#10;java.lang.Thread.State: TIMED_WAITING&#10;        at sun.misc.Unsafe.park(Native Method)&#10;        at java.util.concurrent.locks.LockSupport.parkNanos(LockSupport.java:215)&#10;        at java.util.concurrent.locks.AbstractQueuedSynchronizer$ConditionObject.awaitNanos(AbstractQueuedSynchronizer.java:2078)&#10;        at java.util.concurrent.LinkedBlockingQueue.poll(LinkedBlockingQueue.java:467)&#10;        at org.apache.hadoop.ipc.CallQueueManager.take(CallQueueManager.java:288)&#10;        at org.apache.hadoop.ipc.Server$Handler.run(Server.java:2668)&#10;&quot;qtp1565304866-184&quot; daemon prio=5 tid=184 timed_waiting&#10;java.lang.Thread.State: TIMED_WAITING&#10;        at sun.misc.Unsafe.park(Native Method)&#10;        at java.util.concurrent.locks.LockSupport.parkNanos(LockSupport.java:215)&#10;        at java.util.concurrent.locks.AbstractQueuedSynchronizer$ConditionObject.awaitNanos(AbstractQueuedSynchronizer.java:2078)&#10;        at org.eclipse.jetty.util.BlockingArrayQueue.poll(BlockingArrayQueue.java:382)&#10;        at org.eclipse.jetty.util.thread.QueuedThreadPool$Runner.idleJobPoll(QueuedThreadPool.java:875)&#10;        at org.eclipse.jetty.util.thread.QueuedThreadPool$Runner.run(QueuedThreadPool.java:925)&#10;        at java.lang.Thread.run(Thread.java:748)&#10;&quot;IPC Server handler 10 on 37155&quot; daemon prio=5 tid=85 timed_waiting&#10;java.lang.Thread.State: TIMED_WAITING&#10;        at sun.misc.Unsafe.park(Native Method)&#10;        at java.util.concurrent.locks.LockSupport.parkNanos(LockSupport.java:215)&#10;        at java.util.concurrent.locks.AbstractQueuedSynchronizer$ConditionObject.awaitNanos(AbstractQueuedSynchronizer.java:2078)&#10;        at java.util.concurrent.LinkedBlockingQueue.poll(LinkedBlockingQueue.java:467)&#10;        at org.apache.hadoop.ipc.CallQueueManager.take(CallQueueManager.java:288)&#10;        at org.apache.hadoop.ipc.Server$Handler.run(Server.java:2668)&#10;&quot;grpc-nio-worker-ELG-3-4&quot; daemon prio=5 tid=164 runnable&#10;java.lang.Thread.State: RUNNABLE&#10;        at sun.nio.ch.EPollArrayWrapper.epollWait(Native Method)&#10;        at sun.nio.ch.EPollArrayWrapper.poll(EPollArrayWrapper.java:269)&#10;        at sun.nio.ch.EPollSelectorImpl.doSelect(EPollSelectorImpl.java:93)&#10;        at sun.nio.ch.SelectorImpl.lockAndDoSelect(SelectorImpl.java:86)&#10;        at sun.nio.ch.SelectorImpl.select(SelectorImpl.java:97)&#10;        at org.apache.ratis.thirdparty.io.netty.channel.nio.SelectedSelectionKeySetSelector.select(SelectedSelectionKeySetSelector.java:62)&#10;        at org.apache.ratis.thirdparty.io.netty.channel.nio.NioEventLoop.select(NioEventLoop.java:806)&#10;        at org.apache.ratis.thirdparty.io.netty.channel.nio.NioEventLoop.run(NioEventLoop.java:454)&#10;        at org.apache.ratis.thirdparty.io.netty.util.concurrent.SingleThreadEventExecutor$5.run(SingleThreadEventExecutor.java:918)&#10;        at org.apache.ratis.thirdparty.io.netty.util.internal.ThreadExecutorMap$2.run(ThreadExecutorMap.java:74)&#10;        at org.apache.ratis.thirdparty.io.netty.util.concurrent.FastThreadLocalRunnable.run(FastThreadLocalRunnable.java:30)&#10;        at java.lang.Thread.run(Thread.java:748)&#10;&quot;IPC Server handler 7 on 46581&quot; daemon prio=5 tid=62 timed_waiting&#10;java.lang.Thread.State: TIMED_WAITING&#10;        at sun.misc.Unsafe.park(Native Method)&#10;        at java.util.concurrent.locks.LockSupport.parkNanos(LockSupport.java:215)&#10;        at java.util.concurrent.locks.AbstractQueuedSynchronizer$ConditionObject.awaitNanos(AbstractQueuedSynchronizer.java:2078)&#10;        at java.util.concurrent.LinkedBlockingQueue.poll(LinkedBlockingQueue.java:467)&#10;        at org.apache.hadoop.ipc.CallQueueManager.take(CallQueueManager.java:288)&#10;        at org.apache.hadoop.ipc.Server$Handler.run(Server.java:2668)&#10;&quot;Thread-1361&quot; daemon prio=5 tid=1449 timed_waiting&#10;java.lang.Thread.State: TIMED_WAITING&#10;        at java.lang.Thread.sleep(Native Method)&#10;        at org.apache.ratis.util.JavaUtils.sleep(JavaUtils.java:243)&#10;        at org.apache.ratis.server.impl.FollowerState.run(FollowerState.java:97)&#10;&quot;SCM Heartbeat Processing Thread - 0&quot; daemon prio=5 tid=14 timed_waiting&#10;java.lang.Thread.State: TIMED_WAITING&#10;        at sun.misc.Unsafe.park(Native Method)&#10;        at java.util.concurrent.locks.LockSupport.parkNanos(LockSupport.java:215)&#10;        at java.util.concurrent.locks.AbstractQueuedSynchronizer$ConditionObject.awaitNanos(AbstractQueuedSynchronizer.java:2078)&#10;        at java.util.concurrent.ScheduledThreadPoolExecutor$DelayedWorkQueue.take(ScheduledThreadPoolExecutor.java:1093)&#10;        at java.util.concurrent.ScheduledThreadPoolExecutor$DelayedWorkQueue.take(ScheduledThreadPoolExecutor.java:809)&#10;        at java.util.concurrent.ThreadPoolExecutor.getTask(ThreadPoolExecutor.java:1074)&#10;        at java.util.concurrent.ThreadPoolExecutor.runWorker(ThreadPoolExecutor.java:1134)&#10;        at java.util.concurrent.ThreadPoolExecutor$Worker.run(ThreadPoolExecutor.java:624)&#10;        at java.lang.Thread.run(Thread.java:748)&#10;&quot;Session-HouseKeeper-74c5b3b7-1&quot;  prio=5 tid=215 timed_waiting&#10;java.lang.Thread.State: TIMED_WAITING&#10;        at sun.misc.Unsafe.park(Native Method)&#10;        at java.util.concurrent.locks.LockSupport.parkNanos(LockSupport.java:215)&#10;        at java.util.concurrent.locks.AbstractQueuedSynchronizer$ConditionObject.awaitNanos(AbstractQueuedSynchronizer.java:2078)&#10;        at java.util.concurrent.ScheduledThreadPoolExecutor$DelayedWorkQueue.take(ScheduledThreadPoolExecutor.java:1093)&#10;        at java.util.concurrent.ScheduledThreadPoolExecutor$DelayedWorkQueue.take(ScheduledThreadPoolExecutor.java:809)&#10;        at java.util.concurrent.ThreadPoolExecutor.getTask(ThreadPoolExecutor.java:1074)&#10;        at java.util.concurrent.ThreadPoolExecutor.runWorker(ThreadPoolExecutor.java:1134)&#10;        at java.util.concurrent.ThreadPoolExecutor$Worker.run(ThreadPoolExecutor.java:624)&#10;        at java.lang.Thread.run(Thread.java:748)&#10;&quot;IPC Server handler 9 on 44693&quot; daemon prio=5 tid=44 timed_waiting&#10;java.lang.Thread.State: TIMED_WAITING&#10;        at sun.misc.Unsafe.park(Native Method)&#10;        at java.util.concurrent.locks.LockSupport.parkNanos(LockSupport.java:215)&#10;        at java.util.concurrent.locks.AbstractQueuedSynchronizer$ConditionObject.awaitNanos(AbstractQueuedSynchronizer.java:2078)&#10;        at java.util.concurrent.LinkedBlockingQueue.poll(LinkedBlockingQueue.java:467)&#10;        at org.apache.hadoop.ipc.CallQueueManager.take(CallQueueManager.java:288)&#10;        at org.apache.hadoop.ipc.Server$Handler.run(Server.java:2668)&#10;&quot;qtp1296516504-156&quot; daemon prio=5 tid=156 timed_waiting&#10;java.lang.Thread.State: TIMED_WAITING&#10;        at sun.misc.Unsafe.park(Native Method)&#10;        at java.util.concurrent.locks.LockSupport.parkNanos(LockSupport.java:215)&#10;        at java.util.concurrent.locks.AbstractQueuedSynchronizer$ConditionObject.awaitNanos(AbstractQueuedSynchronizer.java:2078)&#10;        at org.eclipse.jetty.util.BlockingArrayQueue.poll(BlockingArrayQueue.java:382)&#10;        at org.eclipse.jetty.util.thread.QueuedThreadPool$Runner.idleJobPoll(QueuedThreadPool.java:875)&#10;        at org.eclipse.jetty.util.thread.QueuedThreadPool$Runner.run(QueuedThreadPool.java:925)&#10;        at java.lang.Thread.run(Thread.java:748)&#10;&quot;Reference Handler&quot; daemon prio=10 tid=2 in Object.wait()&#10;java.lang.Thread.State: WAITING (on object monitor)&#10;        at java.lang.Object.wait(Native Method)&#10;        at java.lang.Object.wait(Object.java:502)&#10;        at java.lang.ref.Reference.tryHandlePending(Reference.java:191)&#10;        at java.lang.ref.Reference$ReferenceHandler.run(Reference.java:153)&#10;&quot;IPC Server handler 16 on 9862&quot; daemon prio=5 tid=144 timed_waiting&#10;java.lang.Thread.State: TIMED_WAITING&#10;        at sun.misc.Unsafe.park(Native Method)&#10;        at java.util.concurrent.locks.LockSupport.parkNanos(LockSupport.java:215)&#10;        at java.util.concurrent.locks.AbstractQueuedSynchronizer$ConditionObject.awaitNanos(AbstractQueuedSynchronizer.java:2078)&#10;        at java.util.concurrent.LinkedBlockingQueue.poll(LinkedBlockingQueue.java:467)&#10;        at org.apache.hadoop.ipc.CallQueueManager.take(CallQueueManager.java:288)&#10;        at org.apache.hadoop.ipc.Server$Handler.run(Server.java:2668)&#10;&quot;IPC Server handler 12 on 37155&quot; daemon prio=5 tid=87 timed_waiting&#10;java.lang.Thread.State: TIMED_WAITING&#10;        at sun.misc.Unsafe.park(Native Method)&#10;        at java.util.concurrent.locks.LockSupport.parkNanos(LockSupport.java:215)&#10;        at java.util.concurrent.locks.AbstractQueuedSynchronizer$ConditionObject.awaitNanos(AbstractQueuedSynchronizer.java:2078)&#10;        at java.util.concurrent.LinkedBlockingQueue.poll(LinkedBlockingQueue.java:467)&#10;        at org.apache.hadoop.ipc.CallQueueManager.take(CallQueueManager.java:288)&#10;        at org.apache.hadoop.ipc.Server$Handler.run(Server.java:2668)&#10;&quot;IPC Client (1314863388) connection to /0.0.0.0:37155 from jenkins1001&quot; daemon prio=5 tid=261 timed_waiting&#10;java.lang.Thread.State: TIMED_WAITING&#10;        at java.lang.Object.wait(Native Method)&#10;        at org.apache.hadoop.ipc.Client$Connection.waitForWork(Client.java:1024)&#10;        at org.apache.hadoop.ipc.Client$Connection.run(Client.java:1068)&#10;&quot;IPC Server handler 1 on 9862&quot; daemon prio=5 tid=128 timed_waiting&#10;java.lang.Thread.State: TIMED_WAITING&#10;        at sun.misc.Unsafe.park(Native Method)&#10;        at java.util.concurrent.locks.LockSupport.parkNanos(LockSupport.java:215)&#10;        at java.util.concurrent.locks.AbstractQueuedSynchronizer$ConditionObject.awaitNanos(AbstractQueuedSynchronizer.java:2078)&#10;        at java.util.concurrent.LinkedBlockingQueue.poll(LinkedBlockingQueue.java:467)&#10;        at org.apache.hadoop.ipc.CallQueueManager.take(CallQueueManager.java:288)&#10;        at org.apache.hadoop.ipc.Server$Handler.run(Server.java:2668)&#10;&quot;IPC Server handler 4 on 37155&quot; daemon prio=5 tid=79 timed_waiting&#10;java.lang.Thread.State: TIMED_WAITING&#10;        at sun.misc.Unsafe.park(Native Method)&#10;        at java.util.concurrent.locks.LockSupport.parkNanos(LockSupport.java:215)&#10;        at java.util.concurrent.locks.AbstractQueuedSynchronizer$ConditionObject.awaitNanos(AbstractQueuedSynchronizer.java:2078)&#10;        at java.util.concurrent.LinkedBlockingQueue.poll(LinkedBlockingQueue.java:467)&#10;        at org.apache.hadoop.ipc.CallQueueManager.take(CallQueueManager.java:288)&#10;        at org.apache.hadoop.ipc.Server$Handler.run(Server.java:2668)&#10;&quot;Datanode ReportManager Thread - 1&quot; daemon prio=5 tid=242 in Object.wait()&#10;java.lang.Thread.State: WAITING (on object monitor)&#10;        at sun.misc.Unsafe.park(Native Method)&#10;        at java.util.concurrent.locks.LockSupport.park(LockSupport.java:175)&#10;        at java.util.concurrent.locks.AbstractQueuedSynchronizer$ConditionObject.await(AbstractQueuedSynchronizer.java:2039)&#10;        at java.util.concurrent.ScheduledThreadPoolExecutor$DelayedWorkQueue.take(ScheduledThreadPoolExecutor.java:1088)&#10;        at java.util.concurrent.ScheduledThreadPoolExecutor$DelayedWorkQueue.take(ScheduledThreadPoolExecutor.java:809)&#10;        at java.util.concurrent.ThreadPoolExecutor.getTask(ThreadPoolExecutor.java:1074)&#10;        at java.util.concurrent.ThreadPoolExecutor.runWorker(ThreadPoolExecutor.java:1134)&#10;        at java.util.concurrent.ThreadPoolExecutor$Worker.run(ThreadPoolExecutor.java:624)&#10;        at java.lang.Thread.run(Thread.java:748)&#10;&quot;IPC Server handler 1 on 46581&quot; daemon prio=5 tid=56 timed_waiting&#10;java.lang.Thread.State: TIMED_WAITING&#10;        at sun.misc.Unsafe.park(Native Method)&#10;        at java.util.concurrent.locks.LockSupport.parkNanos(LockSupport.java:215)&#10;        at java.util.concurrent.locks.AbstractQueuedSynchronizer$ConditionObject.awaitNanos(AbstractQueuedSynchronizer.java:2078)&#10;        at java.util.concurrent.LinkedBlockingQueue.poll(LinkedBlockingQueue.java:467)&#10;        at org.apache.hadoop.ipc.CallQueueManager.take(CallQueueManager.java:288)&#10;        at org.apache.hadoop.ipc.Server$Handler.run(Server.java:2668)&#10;&quot;EventQueue-NodeRegistrationContainerReportForDataNodeSafeModeRule&quot; daemon prio=5 tid=299 in Object.wait()&#10;java.lang.Thread.State: WAITING (on object monitor)&#10;        at sun.misc.Unsafe.park(Native Method)&#10;        at java.util.concurrent.locks.LockSupport.park(LockSupport.java:175)&#10;        at java.util.concurrent.locks.AbstractQueuedSynchronizer$ConditionObject.await(AbstractQueuedSynchronizer.java:2039)&#10;        at java.util.concurrent.LinkedBlockingQueue.take(LinkedBlockingQueue.java:442)&#10;        at java.util.concurrent.ThreadPoolExecutor.getTask(ThreadPoolExecutor.java:1074)&#10;        at java.util.concurrent.ThreadPoolExecutor.runWorker(ThreadPoolExecutor.java:1134)&#10;        at java.util.concurrent.ThreadPoolExecutor$Worker.run(ThreadPoolExecutor.java:624)&#10;        at java.lang.Thread.run(Thread.java:748)&#10;&quot;Thread-1357&quot; daemon prio=5 tid=1443 timed_waiting&#10;java.lang.Thread.State: TIMED_WAITING&#10;        at java.lang.Thread.sleep(Native Method)&#10;        at org.apache.ratis.util.JavaUtils.sleep(JavaUtils.java:243)&#10;        at org.apache.ratis.server.impl.FollowerState.run(FollowerState.java:97)&#10;&quot;qtp1179456560-237&quot; daemon prio=5 tid=237 timed_waiting&#10;java.lang.Thread.State: TIMED_WAITING&#10;        at sun.misc.Unsafe.park(Native Method)&#10;        at java.util.concurrent.locks.LockSupport.parkNanos(LockSupport.java:215)&#10;        at java.util.concurrent.locks.AbstractQueuedSynchronizer$ConditionObject.awaitNanos(AbstractQueuedSynchronizer.java:2078)&#10;        at org.eclipse.jetty.util.BlockingArrayQueue.poll(BlockingArrayQueue.java:382)&#10;        at org.eclipse.jetty.util.thread.QueuedThreadPool$Runner.idleJobPoll(QueuedThreadPool.java:875)&#10;        at org.eclipse.jetty.util.thread.QueuedThreadPool$Runner.run(QueuedThreadPool.java:925)&#10;        at java.lang.Thread.run(Thread.java:748)&#10;&quot;IPC Server handler 5 on 44693&quot; daemon prio=5 tid=40 timed_waiting&#10;java.lang.Thread.State: TIMED_WAITING&#10;        at sun.misc.Unsafe.park(Native Method)&#10;        at java.util.concurrent.locks.LockSupport.parkNanos(LockSupport.java:215)&#10;        at java.util.concurrent.locks.AbstractQueuedSynchronizer$ConditionObject.awaitNanos(AbstractQueuedSynchronizer.java:2078)&#10;        at java.util.concurrent.LinkedBlockingQueue.poll(LinkedBlockingQueue.java:467)&#10;        at org.apache.hadoop.ipc.CallQueueManager.take(CallQueueManager.java:288)&#10;        at org.apache.hadoop.ipc.Server$Handler.run(Server.java:2668)&#10;&quot;pool-68-thread-1&quot;  prio=5 tid=1446 in Object.wait()&#10;java.lang.Thread.State: WAITING (on object monitor)&#10;        at sun.misc.Unsafe.park(Native Method)&#10;        at java.util.concurrent.locks.LockSupport.park(LockSupport.java:175)&#10;        at java.util.concurrent.locks.AbstractQueuedSynchronizer$ConditionObject.await(AbstractQueuedSynchronizer.java:2039)&#10;        at java.util.concurrent.LinkedBlockingQueue.take(LinkedBlockingQueue.java:442)&#10;        at java.util.concurrent.ThreadPoolExecutor.getTask(ThreadPoolExecutor.java:1074)&#10;        at java.util.concurrent.ThreadPoolExecutor.runWorker(ThreadPoolExecutor.java:1134)&#10;        at java.util.concurrent.ThreadPoolExecutor$Worker.run(ThreadPoolExecutor.java:624)&#10;        at java.lang.Thread.run(Thread.java:748)&#10;&quot;IPC Server handler 12 on 46581&quot; daemon prio=5 tid=67 timed_waiting&#10;java.lang.Thread.State: TIMED_WAITING&#10;        at sun.misc.Unsafe.park(Native Method)&#10;        at java.util.concurrent.locks.LockSupport.parkNanos(LockSupport.java:215)&#10;        at java.util.concurrent.locks.AbstractQueuedSynchronizer$ConditionObject.awaitNanos(AbstractQueuedSynchronizer.java:2078)&#10;        at java.util.concurrent.LinkedBlockingQueue.poll(LinkedBlockingQueue.java:467)&#10;        at org.apache.hadoop.ipc.CallQueueManager.take(CallQueueManager.java:288)&#10;        at org.apache.hadoop.ipc.Server$Handler.run(Server.java:2668)&#10;&quot;pool-53-thread-1&quot;  prio=5 tid=340 in Object.wait()&#10;java.lang.Thread.State: WAITING (on object monitor)&#10;        at sun.misc.Unsafe.park(Native Method)&#10;        at java.util.concurrent.locks.LockSupport.park(LockSupport.java:175)&#10;        at java.util.concurrent.locks.AbstractQueuedSynchronizer$ConditionObject.await(AbstractQueuedSynchronizer.java:2039)&#10;        at java.util.concurrent.LinkedBlockingQueue.take(LinkedBlockingQueue.java:442)&#10;        at java.util.concurrent.ThreadPoolExecutor.getTask(ThreadPoolExecutor.java:1074)&#10;        at java.util.concurrent.ThreadPoolExecutor.runWorker(ThreadPoolExecutor.java:1134)&#10;        at java.util.concurrent.ThreadPoolExecutor$Worker.run(ThreadPoolExecutor.java:624)&#10;        at java.lang.Thread.run(Thread.java:748)&#10;&quot;IPC Server Responder&quot; daemon prio=5 tid=27 runnable&#10;java.lang.Thread.State: RUNNABLE&#10;        at sun.nio.ch.EPollArrayWrapper.epollWait(Native Method)&#10;        at sun.nio.ch.EPollArrayWrapper.poll(EPollArrayWrapper.java:269)&#10;        at sun.nio.ch.EPollSelectorImpl.doSelect(EPollSelectorImpl.java:93)&#10;        at sun.nio.ch.SelectorImpl.lockAndDoSelect(SelectorImpl.java:86)&#10;        at sun.nio.ch.SelectorImpl.select(SelectorImpl.java:97)&#10;        at org.apache.hadoop.ipc.Server$Responder.doRunLoop(Server.java:1334)&#10;        at org.apache.hadoop.ipc.Server$Responder.run(Server.java:1317)&#10;&quot;KeyDeletingService#1&quot; daemon prio=5 tid=138 in Object.wait()&#10;java.lang.Thread.State: WAITING (on object monitor)&#10;        at sun.misc.Unsafe.park(Native Method)&#10;        at java.util.concurrent.locks.LockSupport.park(LockSupport.java:175)&#10;        at java.util.concurrent.locks.AbstractQueuedSynchronizer$ConditionObject.await(AbstractQueuedSynchronizer.java:2039)&#10;        at java.util.concurrent.ScheduledThreadPoolExecutor$DelayedWorkQueue.take(ScheduledThreadPoolExecutor.java:1088)&#10;        at java.util.concurrent.ScheduledThreadPoolExecutor$DelayedWorkQueue.take(ScheduledThreadPoolExecutor.java:809)&#10;        at java.util.concurrent.ThreadPoolExecutor.getTask(ThreadPoolExecutor.java:1074)&#10;        at java.util.concurrent.ThreadPoolExecutor.runWorker(ThreadPoolExecutor.java:1134)&#10;        at java.util.concurrent.ThreadPoolExecutor$Worker.run(ThreadPoolExecutor.java:624)&#10;        at java.lang.Thread.run(Thread.java:748)&#10;&quot;qtp1565304866-183&quot; daemon prio=5 tid=183 timed_waiting&#10;java.lang.Thread.State: TIMED_WAITING&#10;        at sun.misc.Unsafe.park(Native Method)&#10;        at java.util.concurrent.locks.LockSupport.parkNanos(LockSupport.java:215)&#10;        at java.util.concurrent.locks.AbstractQueuedSynchronizer$ConditionObject.awaitNanos(AbstractQueuedSynchronizer.java:2078)&#10;        at org.eclipse.jetty.util.BlockingArrayQueue.poll(BlockingArrayQueue.java:382)&#10;        at org.eclipse.jetty.util.thread.QueuedThreadPool$Runner.idleJobPoll(QueuedThreadPool.java:875)&#10;        at org.eclipse.jetty.util.thread.QueuedThreadPool$Runner.run(QueuedThreadPool.java:925)&#10;        at java.lang.Thread.run(Thread.java:748)&#10;&quot;ChunkWriter-0-0&quot; daemon prio=5 tid=262 in Object.wait()&#10;java.lang.Thread.State: WAITING (on object monitor)&#10;        at sun.misc.Unsafe.park(Native Method)&#10;        at java.util.concurrent.locks.LockSupport.park(LockSupport.java:175)&#10;        at java.util.concurrent.locks.AbstractQueuedSynchronizer$ConditionObject.await(AbstractQueuedSynchronizer.java:2039)&#10;        at java.util.concurrent.LinkedBlockingDeque.takeFirst(LinkedBlockingDeque.java:492)&#10;        at java.util.concurrent.LinkedBlockingDeque.take(LinkedBlockingDeque.java:680)&#10;        at java.util.concurrent.ThreadPoolExecutor.getTask(ThreadPoolExecutor.java:1074)&#10;        at java.util.concurrent.ThreadPoolExecutor.runWorker(ThreadPoolExecutor.java:1134)&#10;        at java.util.concurrent.ThreadPoolExecutor$Worker.run(ThreadPoolExecutor.java:624)&#10;        at java.lang.Thread.run(Thread.java:748)&#10;&quot;IPC Server handler 11 on 44693&quot; daemon prio=5 tid=46 timed_waiting&#10;java.lang.Thread.State: TIMED_WAITING&#10;        at sun.misc.Unsafe.park(Native Method)&#10;        at java.util.concurrent.locks.LockSupport.parkNanos(LockSupport.java:215)&#10;        at java.util.concurrent.locks.AbstractQueuedSynchronizer$ConditionObject.awaitNanos(AbstractQueuedSynchronizer.java:2078)&#10;        at java.util.concurrent.LinkedBlockingQueue.poll(LinkedBlockingQueue.java:467)&#10;        at org.apache.hadoop.ipc.CallQueueManager.take(CallQueueManager.java:288)&#10;        at org.apache.hadoop.ipc.Server$Handler.run(Server.java:2668)&#10;&quot;IPC Server handler 17 on 44693&quot; daemon prio=5 tid=52 timed_waiting&#10;java.lang.Thread.State: TIMED_WAITING&#10;        at sun.misc.Unsafe.park(Native Method)&#10;        at java.util.concurrent.locks.LockSupport.parkNanos(LockSupport.java:215)&#10;        at java.util.concurrent.locks.AbstractQueuedSynchronizer$ConditionObject.awaitNanos(AbstractQueuedSynchronizer.java:2078)&#10;        at java.util.concurrent.LinkedBlockingQueue.poll(LinkedBlockingQueue.java:467)&#10;        at org.apache.hadoop.ipc.CallQueueManager.take(CallQueueManager.java:288)&#10;        at org.apache.hadoop.ipc.Server$Handler.run(Server.java:2668)&#10;&quot;qtp1565304866-185&quot; daemon prio=5 tid=185 timed_waiting&#10;java.lang.Thread.State: TIMED_WAITING&#10;        at sun.misc.Unsafe.park(Native Method)&#10;        at java.util.concurrent.locks.LockSupport.parkNanos(LockSupport.java:215)&#10;        at java.util.concurrent.locks.AbstractQueuedSynchronizer$ConditionObject.awaitNanos(AbstractQueuedSynchronizer.java:2078)&#10;        at org.eclipse.jetty.util.BlockingArrayQueue.poll(BlockingArrayQueue.java:382)&#10;        at org.eclipse.jetty.util.thread.QueuedThreadPool$Runner.idleJobPoll(QueuedThreadPool.java:875)&#10;        at org.eclipse.jetty.util.thread.QueuedThreadPool$Runner.run(QueuedThreadPool.java:925)&#10;        at java.lang.Thread.run(Thread.java:748)&#10;&quot;IPC Server handler 1 on 44693&quot; daemon prio=5 tid=36 timed_waiting&#10;java.lang.Thread.State: TIMED_WAITING&#10;        at sun.misc.Unsafe.park(Native Method)&#10;        at java.util.concurrent.locks.LockSupport.parkNanos(LockSupport.java:215)&#10;        at java.util.concurrent.locks.AbstractQueuedSynchronizer$ConditionObject.awaitNanos(AbstractQueuedSynchronizer.java:2078)&#10;        at java.util.concurrent.LinkedBlockingQueue.poll(LinkedBlockingQueue.java:467)&#10;        at org.apache.hadoop.ipc.CallQueueManager.take(CallQueueManager.java:288)&#10;        at org.apache.hadoop.ipc.Server$Handler.run(Server.java:2668)&#10;&quot;pool-72-thread-1&quot;  prio=5 tid=229 timed_waiting&#10;java.lang.Thread.State: TIMED_WAITING&#10;        at sun.misc.Unsafe.park(Native Method)&#10;        at java.util.concurrent.locks.LockSupport.parkNanos(LockSupport.java:215)&#10;        at java.util.concurrent.locks.AbstractQueuedSynchronizer$ConditionObject.awaitNanos(AbstractQueuedSynchronizer.java:2078)&#10;        at java.util.concurrent.ScheduledThreadPoolExecutor$DelayedWorkQueue.take(ScheduledThreadPoolExecutor.java:1093)&#10;        at java.util.concurrent.ScheduledThreadPoolExecutor$DelayedWorkQueue.take(ScheduledThreadPoolExecutor.java:809)&#10;        at java.util.concurrent.ThreadPoolExecutor.getTask(ThreadPoolExecutor.java:1074)&#10;        at java.util.concurrent.ThreadPoolExecutor.runWorker(ThreadPoolExecutor.java:1134)&#10;        at java.util.concurrent.ThreadPoolExecutor$Worker.run(ThreadPoolExecutor.java:624)&#10;        at java.lang.Thread.run(Thread.java:748)&#10;&quot;qtp1296516504-154&quot; daemon prio=5 tid=154 timed_waiting&#10;java.lang.Thread.State: TIMED_WAITING&#10;        at sun.misc.Unsafe.park(Native Method)&#10;        at java.util.concurrent.locks.LockSupport.parkNanos(LockSupport.java:215)&#10;        at java.util.concurrent.locks.AbstractQueuedSynchronizer$ConditionObject.awaitNanos(AbstractQueuedSynchronizer.java:2078)&#10;        at org.eclipse.jetty.util.BlockingArrayQueue.poll(BlockingArrayQueue.java:382)&#10;        at org.eclipse.jetty.util.thread.QueuedThreadPool$Runner.idleJobPoll(QueuedThreadPool.java:875)&#10;        at org.eclipse.jetty.util.thread.QueuedThreadPool$Runner.run(QueuedThreadPool.java:925)&#10;        at java.lang.Thread.run(Thread.java:748)&#10;&quot;f48396e8-f861-4ea7-9d9a-a0d4272beba6@group-FBF1FF002355-SegmentedRaftLogWorker&quot;  prio=5 tid=334 timed_waiting&#10;java.lang.Thread.State: TIMED_WAITING&#10;        at sun.misc.Unsafe.park(Native Method)&#10;        at java.util.concurrent.locks.LockSupport.parkNanos(LockSupport.java:215)&#10;        at java.util.concurrent.locks.AbstractQueuedSynchronizer$ConditionObject.awaitNanos(AbstractQueuedSynchronizer.java:2078)&#10;        at org.apache.ratis.util.DataBlockingQueue.poll(DataBlockingQueue.java:137)&#10;        at org.apache.ratis.server.raftlog.segmented.SegmentedRaftLogWorker.run(SegmentedRaftLogWorker.java:287)&#10;        at java.lang.Thread.run(Thread.java:748)&#10;&quot;Socket Reader #1 for port 44693&quot;  prio=5 tid=25 runnable&#10;java.lang.Thread.State: RUNNABLE&#10;        at sun.nio.ch.EPollArrayWrapper.epollWait(Native Method)&#10;        at sun.nio.ch.EPollArrayWrapper.poll(EPollArrayWrapper.java:269)&#10;        at sun.nio.ch.EPollSelectorImpl.doSelect(EPollSelectorImpl.java:93)&#10;        at sun.nio.ch.SelectorImpl.lockAndDoSelect(SelectorImpl.java:86)&#10;        at sun.nio.ch.SelectorImpl.select(SelectorImpl.java:97)&#10;        at sun.nio.ch.SelectorImpl.select(SelectorImpl.java:101)&#10;        at org.apache.hadoop.ipc.Server$Listener$Reader.doRunLoop(Server.java:1097)&#10;        at org.apache.hadoop.ipc.Server$Listener$Reader.run(Server.java:1076)&#10;&quot;Datanode ReportManager Thread - 2&quot; daemon prio=5 tid=243 timed_waiting&#10;java.lang.Thread.State: TIMED_WAITING&#10;        at sun.misc.Unsafe.park(Native Method)&#10;        at java.util.concurrent.locks.LockSupport.parkNanos(LockSupport.java:215)&#10;        at java.util.concurrent.locks.AbstractQueuedSynchronizer$ConditionObject.awaitNanos(AbstractQueuedSynchronizer.java:2078)&#10;        at java.util.concurrent.ScheduledThreadPoolExecutor$DelayedWorkQueue.take(ScheduledThreadPoolExecutor.java:1093)&#10;        at java.util.concurrent.ScheduledThreadPoolExecutor$DelayedWorkQueue.take(ScheduledThreadPoolExecutor.java:809)&#10;        at java.util.concurrent.ThreadPoolExecutor.getTask(ThreadPoolExecutor.java:1074)&#10;        at java.util.concurrent.ThreadPoolExecutor.runWorker(ThreadPoolExecutor.java:1134)&#10;        at java.util.concurrent.ThreadPoolExecutor$Worker.run(ThreadPoolExecutor.java:624)&#10;        at java.lang.Thread.run(Thread.java:748)&#10;&quot;qtp1565304866-188&quot; daemon prio=5 tid=188 timed_waiting&#10;java.lang.Thread.State: TIMED_WAITING&#10;        at sun.misc.Unsafe.park(Native Method)&#10;        at java.util.concurrent.locks.LockSupport.parkNanos(LockSupport.java:215)&#10;        at java.util.concurrent.locks.AbstractQueuedSynchronizer$ConditionObject.awaitNanos(AbstractQueuedSynchronizer.java:2078)&#10;        at org.eclipse.jetty.util.BlockingArrayQueue.poll(BlockingArrayQueue.java:382)&#10;        at org.eclipse.jetty.util.thread.QueuedThreadPool$Runner.idleJobPoll(QueuedThreadPool.java:875)&#10;        at org.eclipse.jetty.util.thread.QueuedThreadPool$Runner.run(QueuedThreadPool.java:925)&#10;        at java.lang.Thread.run(Thread.java:748)&#10;&quot;IPC Server Responder&quot; daemon prio=5 tid=23 runnable&#10;java.lang.Thread.State: RUNNABLE&#10;        at sun.nio.ch.EPollArrayWrapper.epollWait(Native Method)&#10;        at sun.nio.ch.EPollArrayWrapper.poll(EPollArrayWrapper.java:269)&#10;        at sun.nio.ch.EPollSelectorImpl.doSelect(EPollSelectorImpl.java:93)&#10;        at sun.nio.ch.SelectorImpl.lockAndDoSelect(SelectorImpl.java:86)&#10;        at sun.nio.ch.SelectorImpl.select(SelectorImpl.java:97)&#10;        at org.apache.hadoop.ipc.Server$Responder.doRunLoop(Server.java:1334)&#10;        at org.apache.hadoop.ipc.Server$Responder.run(Server.java:1317)&#10;&quot;Session-HouseKeeper-61c43075-1&quot;  prio=5 tid=158 timed_waiting&#10;java.lang.Thread.State: TIMED_WAITING&#10;        at sun.misc.Unsafe.park(Native Method)&#10;        at java.util.concurrent.locks.LockSupport.parkNanos(LockSupport.java:215)&#10;        at java.util.concurrent.locks.AbstractQueuedSynchronizer$ConditionObject.awaitNanos(AbstractQueuedSynchronizer.java:2078)&#10;        at java.util.concurrent.ScheduledThreadPoolExecutor$DelayedWorkQueue.take(ScheduledThreadPoolExecutor.java:1093)&#10;        at java.util.concurrent.ScheduledThreadPoolExecutor$DelayedWorkQueue.take(ScheduledThreadPoolExecutor.java:809)&#10;        at java.util.concurrent.ThreadPoolExecutor.getTask(ThreadPoolExecutor.java:1074)&#10;        at java.util.concurrent.ThreadPoolExecutor.runWorker(ThreadPoolExecutor.java:1134)&#10;        at java.util.concurrent.ThreadPoolExecutor$Worker.run(ThreadPoolExecutor.java:624)&#10;        at java.lang.Thread.run(Thread.java:748)&#10;&quot;IPC Server handler 12 on 44693&quot; daemon prio=5 tid=47 timed_waiting&#10;java.lang.Thread.State: TIMED_WAITING&#10;        at sun.misc.Unsafe.park(Native Method)&#10;        at java.util.concurrent.locks.LockSupport.parkNanos(LockSupport.java:215)&#10;        at java.util.concurrent.locks.AbstractQueuedSynchronizer$ConditionObject.awaitNanos(AbstractQueuedSynchronizer.java:2078)&#10;        at java.util.concurrent.LinkedBlockingQueue.poll(LinkedBlockingQueue.java:467)&#10;        at org.apache.hadoop.ipc.CallQueueManager.take(CallQueueManager.java:288)&#10;        at org.apache.hadoop.ipc.Server$Handler.run(Server.java:2668)&#10;&quot;IPC Server handler 2 on 9862&quot; daemon prio=5 tid=129 timed_waiting&#10;java.lang.Thread.State: TIMED_WAITING&#10;        at sun.misc.Unsafe.park(Native Method)&#10;        at java.util.concurrent.locks.LockSupport.parkNanos(LockSupport.java:215)&#10;        at java.util.concurrent.locks.AbstractQueuedSynchronizer$ConditionObject.awaitNanos(AbstractQueuedSynchronizer.java:2078)&#10;        at java.util.concurrent.LinkedBlockingQueue.poll(LinkedBlockingQueue.java:467)&#10;        at org.apache.hadoop.ipc.CallQueueManager.take(CallQueueManager.java:288)&#10;        at org.apache.hadoop.ipc.Server$Handler.run(Server.java:2668)&#10;&quot;Timer-1&quot; daemon prio=5 tid=170 timed_waiting&#10;java.lang.Thread.State: TIMED_WAITING&#10;        at java.lang.Object.wait(Native Method)&#10;        at java.util.TimerThread.mainLoop(Timer.java:552)&#10;        at java.util.TimerThread.run(Timer.java:505)&#10;&quot;IPC Server handler 13 on 46581&quot; daemon prio=5 tid=68 timed_waiting&#10;java.lang.Thread.State: TIMED_WAITING&#10;        at sun.misc.Unsafe.park(Native Method)&#10;        at java.util.concurrent.locks.LockSupport.parkNanos(LockSupport.java:215)&#10;        at java.util.concurrent.locks.AbstractQueuedSynchronizer$ConditionObject.awaitNanos(AbstractQueuedSynchronizer.java:2078)&#10;        at java.util.concurrent.LinkedBlockingQueue.poll(LinkedBlockingQueue.java:467)&#10;        at org.apache.hadoop.ipc.CallQueueManager.take(CallQueueManager.java:288)&#10;        at org.apache.hadoop.ipc.Server$Handler.run(Server.java:2668)&#10;&quot;qtp1179456560-233&quot; daemon prio=5 tid=233 timed_waiting&#10;java.lang.Thread.State: TIMED_WAITING&#10;        at sun.misc.Unsafe.park(Native Method)&#10;        at java.util.concurrent.locks.LockSupport.parkNanos(LockSupport.java:215)&#10;        at java.util.concurrent.locks.AbstractQueuedSynchronizer$ConditionObject.awaitNanos(AbstractQueuedSynchronizer.java:2078)&#10;        at org.eclipse.jetty.util.BlockingArrayQueue.poll(BlockingArrayQueue.java:382)&#10;        at org.eclipse.jetty.util.thread.QueuedThreadPool$Runner.idleJobPoll(QueuedThreadPool.java:875)&#10;        at org.eclipse.jetty.util.thread.QueuedThreadPool$Runner.run(QueuedThreadPool.java:925)&#10;        at java.lang.Thread.run(Thread.java:748)&#10;&quot;EventQueue-OpenPipelineForHealthyPipelineSafeModeRule&quot; daemon prio=5 tid=337 in Object.wait()&#10;java.lang.Thread.State: WAITING (on object monitor)&#10;        at sun.misc.Unsafe.park(Native Method)&#10;        at java.util.concurrent.locks.LockSupport.park(LockSupport.java:175)&#10;        at java.util.concurrent.locks.AbstractQueuedSynchronizer$ConditionObject.await(AbstractQueuedSynchronizer.java:2039)&#10;        at java.util.concurrent.LinkedBlockingQueue.take(LinkedBlockingQueue.java:442)&#10;        at java.util.concurrent.ThreadPoolExecutor.getTask(ThreadPoolExecutor.java:1074)&#10;        at java.util.concurrent.ThreadPoolExecutor.runWorker(ThreadPoolExecutor.java:1134)&#10;        at java.util.concurrent.ThreadPoolExecutor$Worker.run(ThreadPoolExecutor.java:624)&#10;        at java.lang.Thread.run(Thread.java:748)&#10;&quot;Datanode ReportManager Thread - 3&quot; daemon prio=5 tid=199 in Object.wait()&#10;java.lang.Thread.State: WAITING (on object monitor)&#10;        at sun.misc.Unsafe.park(Native Method)&#10;        at java.util.concurrent.locks.LockSupport.park(LockSupport.java:175)&#10;        at java.util.concurrent.locks.AbstractQueuedSynchronizer$ConditionObject.await(AbstractQueuedSynchronizer.java:2039)&#10;        at java.util.concurrent.ScheduledThreadPoolExecutor$DelayedWorkQueue.take(ScheduledThreadPoolExecutor.java:1088)&#10;        at java.util.concurrent.ScheduledThreadPoolExecutor$DelayedWorkQueue.take(ScheduledThreadPoolExecutor.java:809)&#10;        at java.util.concurrent.ThreadPoolExecutor.getTask(ThreadPoolExecutor.java:1074)&#10;        at java.util.concurrent.ThreadPoolExecutor.runWorker(ThreadPoolExecutor.java:1134)&#10;        at java.util.concurrent.ThreadPoolExecutor$Worker.run(ThreadPoolExecutor.java:624)&#10;        at java.lang.Thread.run(Thread.java:748)&#10;&quot;IPC Server idle connection scanner for port 37155&quot; daemon prio=5 tid=18 timed_waiting&#10;java.lang.Thread.State: TIMED_WAITING&#10;        at java.lang.Object.wait(Native Method)&#10;        at java.util.TimerThread.mainLoop(Timer.java:552)&#10;        at java.util.TimerThread.run(Timer.java:505)&#10;&quot;f48396e8-f861-4ea7-9d9a-a0d4272beba6@group-5C396212DADF-StateMachineUpdater&quot; daemon prio=5 tid=1454 in Object.wait()&#10;java.lang.Thread.State: WAITING (on object monitor)&#10;        at java.lang.Object.wait(Native Method)&#10;        at java.lang.Object.wait(Object.java:502)&#10;        at org.apache.ratis.server.impl.StateMachineUpdater.waitForCommit(StateMachineUpdater.java:197)&#10;        at org.apache.ratis.server.impl.StateMachineUpdater.run(StateMachineUpdater.java:162)&#10;        at java.lang.Thread.run(Thread.java:748)&#10;&quot;pool-28-thread-1&quot;  prio=5 tid=149 timed_waiting&#10;java.lang.Thread.State: TIMED_WAITING&#10;        at sun.misc.Unsafe.park(Native Method)&#10;        at java.util.concurrent.locks.LockSupport.parkNanos(LockSupport.java:215)&#10;        at java.util.concurrent.locks.AbstractQueuedSynchronizer$ConditionObject.awaitNanos(AbstractQueuedSynchronizer.java:2078)&#10;        at java.util.concurrent.ScheduledThreadPoolExecutor$DelayedWorkQueue.take(ScheduledThreadPoolExecutor.java:1093)&#10;        at java.util.concurrent.ScheduledThreadPoolExecutor$DelayedWorkQueue.take(ScheduledThreadPoolExecutor.java:809)&#10;        at java.util.concurrent.ThreadPoolExecutor.getTask(ThreadPoolExecutor.java:1074)&#10;        at java.util.concurrent.ThreadPoolExecutor.runWorker(ThreadPoolExecutor.java:1134)&#10;        at java.util.concurrent.ThreadPoolExecutor$Worker.run(ThreadPoolExecutor.java:624)&#10;        at java.lang.Thread.run(Thread.java:748)&#10;&quot;IPC Server handler 18 on 46581&quot; daemon prio=5 tid=73 timed_waiting&#10;java.lang.Thread.State: TIMED_WAITING&#10;        at sun.misc.Unsafe.park(Native Method)&#10;        at java.util.concurrent.locks.LockSupport.parkNanos(LockSupport.java:215)&#10;        at java.util.concurrent.locks.AbstractQueuedSynchronizer$ConditionObject.awaitNanos(AbstractQueuedSynchronizer.java:2078)&#10;        at java.util.concurrent.LinkedBlockingQueue.poll(LinkedBlockingQueue.java:467)&#10;        at org.apache.hadoop.ipc.CallQueueManager.take(CallQueueManager.java:288)&#10;        at org.apache.hadoop.ipc.Server$Handler.run(Server.java:2668)&#10;&quot;Timer-0&quot;  prio=5 tid=125 timed_waiting&#10;java.lang.Thread.State: TIMED_WAITING&#10;        at java.lang.Object.wait(Native Method)&#10;        at java.util.TimerThread.mainLoop(Timer.java:552)&#10;        at java.util.TimerThread.run(Timer.java:505)&#10;&quot;IPC Server handler 17 on 37155&quot; daemon prio=5 tid=92 timed_waiting&#10;java.lang.Thread.State: TIMED_WAITING&#10;        at sun.misc.Unsafe.park(Native Method)&#10;        at java.util.concurrent.locks.LockSupport.parkNanos(LockSupport.java:215)&#10;        at java.util.concurrent.locks.AbstractQueuedSynchronizer$ConditionObject.awaitNanos(AbstractQueuedSynchronizer.java:2078)&#10;        at java.util.concurrent.LinkedBlockingQueue.poll(LinkedBlockingQueue.java:467)&#10;        at org.apache.hadoop.ipc.CallQueueManager.take(CallQueueManager.java:288)&#10;        at org.apache.hadoop.ipc.Server$Handler.run(Server.java:2668)&#10;&quot;pool-24-thread-1&quot;  prio=5 tid=111 in Object.wait()&#10;java.lang.Thread.State: WAITING (on object monitor)&#10;        at sun.misc.Unsafe.park(Native Method)&#10;        at java.util.concurrent.locks.LockSupport.park(LockSupport.java:175)&#10;        at java.util.concurrent.locks.AbstractQueuedSynchronizer$ConditionObject.await(AbstractQueuedSynchronizer.java:2039)&#10;        at java.util.concurrent.LinkedBlockingQueue.take(LinkedBlockingQueue.java:442)&#10;        at java.util.concurrent.ThreadPoolExecutor.getTask(ThreadPoolExecutor.java:1074)&#10;        at java.util.concurrent.ThreadPoolExecutor.runWorker(ThreadPoolExecutor.java:1134)&#10;        at java.util.concurrent.ThreadPoolExecutor$Worker.run(ThreadPoolExecutor.java:624)&#10;        at java.lang.Thread.run(Thread.java:748)&#10;&quot;IPC Server handler 0 on 9862&quot; daemon prio=5 tid=127 timed_waiting&#10;java.lang.Thread.State: TIMED_WAITING&#10;        at sun.misc.Unsafe.park(Native Method)&#10;        at java.util.concurrent.locks.LockSupport.parkNanos(LockSupport.java:215)&#10;        at java.util.concurrent.locks.AbstractQueuedSynchronizer$ConditionObject.awaitNanos(AbstractQueuedSynchronizer.java:2078)&#10;        at java.util.concurrent.LinkedBlockingQueue.poll(LinkedBlockingQueue.java:467)&#10;        at org.apache.hadoop.ipc.CallQueueManager.take(CallQueueManager.java:288)&#10;        at org.apache.hadoop.ipc.Server$Handler.run(Server.java:2668)&#10;&quot;EventQueue-NodeRegistrationContainerReportForContainerSafeModeRule&quot; daemon prio=5 tid=300 in Object.wait()&#10;java.lang.Thread.State: WAITING (on object monitor)&#10;        at sun.misc.Unsafe.park(Native Method)&#10;        at java.util.concurrent.locks.LockSupport.park(LockSupport.java:175)&#10;        at java.util.concurrent.locks.AbstractQueuedSynchronizer$ConditionObject.await(AbstractQueuedSynchronizer.java:2039)&#10;        at java.util.concurrent.LinkedBlockingQueue.take(LinkedBlockingQueue.java:442)&#10;        at java.util.concurrent.ThreadPoolExecutor.getTask(ThreadPoolExecutor.java:1074)&#10;        at java.util.concurrent.ThreadPoolExecutor.runWorker(ThreadPoolExecutor.java:1134)&#10;        at java.util.concurrent.ThreadPoolExecutor$Worker.run(ThreadPoolExecutor.java:624)&#10;        at java.lang.Thread.run(Thread.java:748)&#10;&quot;IPC Server handler 8 on 46581&quot; daemon prio=5 tid=63 timed_waiting&#10;java.lang.Thread.State: TIMED_WAITING&#10;        at sun.misc.Unsafe.park(Native Method)&#10;        at java.util.concurrent.locks.LockSupport.parkNanos(LockSupport.java:215)&#10;        at java.util.concurrent.locks.AbstractQueuedSynchronizer$ConditionObject.awaitNanos(AbstractQueuedSynchronizer.java:2078)&#10;        at java.util.concurrent.LinkedBlockingQueue.poll(LinkedBlockingQueue.java:467)&#10;        at org.apache.hadoop.ipc.CallQueueManager.take(CallQueueManager.java:288)&#10;        at org.apache.hadoop.ipc.Server$Handler.run(Server.java:2668)&#10;&quot;ChunkWriter-2-0&quot; daemon prio=5 tid=264 in Object.wait()&#10;java.lang.Thread.State: WAITING (on object monitor)&#10;        at sun.misc.Unsafe.park(Native Method)&#10;        at java.util.concurrent.locks.LockSupport.park(LockSupport.java:175)&#10;        at java.util.concurrent.locks.AbstractQueuedSynchronizer$ConditionObject.await(AbstractQueuedSynchronizer.java:2039)&#10;        at java.util.concurrent.LinkedBlockingDeque.takeFirst(LinkedBlockingDeque.java:492)&#10;        at java.util.concurrent.LinkedBlockingDeque.take(LinkedBlockingDeque.java:680)&#10;        at java.util.concurrent.ThreadPoolExecutor.getTask(ThreadPoolExecutor.java:1074)&#10;        at java.util.concurrent.ThreadPoolExecutor.runWorker(ThreadPoolExecutor.java:1134)&#10;        at java.util.concurrent.ThreadPoolExecutor$Worker.run(ThreadPoolExecutor.java:624)&#10;        at java.lang.Thread.run(Thread.java:748)&#10;&quot;BlockDeletingService#2&quot; daemon prio=5 tid=900 in Object.wait()&#10;java.lang.Thread.State: WAITING (on object monitor)&#10;        at sun.misc.Unsafe.park(Native Method)&#10;        at java.util.concurrent.locks.LockSupport.park(LockSupport.java:175)&#10;        at java.util.concurrent.locks.AbstractQueuedSynchronizer$ConditionObject.await(AbstractQueuedSynchronizer.java:2039)&#10;        at java.util.concurrent.ScheduledThreadPoolExecutor$DelayedWorkQueue.take(ScheduledThreadPoolExecutor.java:1088)&#10;        at java.util.concurrent.ScheduledThreadPoolExecutor$DelayedWorkQueue.take(ScheduledThreadPoolExecutor.java:809)&#10;        at java.util.concurrent.ThreadPoolExecutor.getTask(ThreadPoolExecutor.java:1074)&#10;        at java.util.concurrent.ThreadPoolExecutor.runWorker(ThreadPoolExecutor.java:1134)&#10;        at java.util.concurrent.ThreadPoolExecutor$Worker.run(ThreadPoolExecutor.java:624)&#10;        at java.lang.Thread.run(Thread.java:748)&#10;&quot;IPC Server handler 2 on 37155&quot; daemon prio=5 tid=77 timed_waiting&#10;java.lang.Thread.State: TIMED_WAITING&#10;        at sun.misc.Unsafe.park(Native Method)&#10;        at java.util.concurrent.locks.LockSupport.parkNanos(LockSupport.java:215)&#10;        at java.util.concurrent.locks.AbstractQueuedSynchronizer$ConditionObject.awaitNanos(AbstractQueuedSynchronizer.java:2078)&#10;        at java.util.concurrent.LinkedBlockingQueue.poll(LinkedBlockingQueue.java:467)&#10;        at org.apache.hadoop.ipc.CallQueueManager.take(CallQueueManager.java:288)&#10;        at org.apache.hadoop.ipc.Server$Handler.run(Server.java:2668)&#10;&quot;EventQueue-Delayed safe mode statusForReplicationManager&quot;  prio=5 tid=32 in Object.wait()&#10;java.lang.Thread.State: WAITING (on object monitor)&#10;        at sun.misc.Unsafe.park(Native Method)&#10;        at java.util.concurrent.locks.LockSupport.park(LockSupport.java:175)&#10;        at java.util.concurrent.locks.AbstractQueuedSynchronizer$ConditionObject.await(AbstractQueuedSynchronizer.java:2039)&#10;        at java.util.concurrent.LinkedBlockingQueue.take(LinkedBlockingQueue.java:442)&#10;        at java.util.concurrent.ThreadPoolExecutor.getTask(ThreadPoolExecutor.java:1074)&#10;        at java.util.concurrent.ThreadPoolExecutor.runWorker(ThreadPoolExecutor.java:1134)&#10;        at java.util.concurrent.ThreadPoolExecutor$Worker.run(ThreadPoolExecutor.java:624)&#10;        at java.lang.Thread.run(Thread.java:748)&#10;&quot;BlockDeletingService#0&quot; daemon prio=5 tid=280 in Object.wait()&#10;java.lang.Thread.State: WAITING (on object monitor)&#10;        at sun.misc.Unsafe.park(Native Method)&#10;        at java.util.concurrent.locks.LockSupport.park(LockSupport.java:175)&#10;        at java.util.concurrent.locks.AbstractQueuedSynchronizer$ConditionObject.await(AbstractQueuedSynchronizer.java:2039)&#10;        at java.util.concurrent.ScheduledThreadPoolExecutor$DelayedWorkQueue.take(ScheduledThreadPoolExecutor.java:1088)&#10;        at java.util.concurrent.ScheduledThreadPoolExecutor$DelayedWorkQueue.take(ScheduledThreadPoolExecutor.java:809)&#10;        at java.util.concurrent.ThreadPoolExecutor.getTask(ThreadPoolExecutor.java:1074)&#10;        at java.util.concurrent.ThreadPoolExecutor.runWorker(ThreadPoolExecutor.java:1134)&#10;        at java.util.concurrent.ThreadPoolExecutor$Worker.run(ThreadPoolExecutor.java:624)&#10;        at java.lang.Thread.run(Thread.java:748)&#10;&quot;IPC Server handler 11 on 46581&quot; daemon prio=5 tid=66 timed_waiting&#10;java.lang.Thread.State: TIMED_WAITING&#10;        at sun.misc.Unsafe.park(Native Method)&#10;        at java.util.concurrent.locks.LockSupport.parkNanos(LockSupport.java:215)&#10;        at java.util.concurrent.locks.AbstractQueuedSynchronizer$ConditionObject.awaitNanos(AbstractQueuedSynchronizer.java:2078)&#10;        at java.util.concurrent.LinkedBlockingQueue.poll(LinkedBlockingQueue.java:467)&#10;        at org.apache.hadoop.ipc.CallQueueManager.take(CallQueueManager.java:288)&#10;        at org.apache.hadoop.ipc.Server$Handler.run(Server.java:2668)&#10;&quot;IPC Server handler 4 on 9862&quot; daemon prio=5 tid=131 timed_waiting&#10;java.lang.Thread.State: TIMED_WAITING&#10;        at sun.misc.Unsafe.park(Native Method)&#10;        at java.util.concurrent.locks.LockSupport.parkNanos(LockSupport.java:215)&#10;        at java.util.concurrent.locks.AbstractQueuedSynchronizer$ConditionObject.awaitNanos(AbstractQueuedSynchronizer.java:2078)&#10;        at java.util.concurrent.LinkedBlockingQueue.poll(LinkedBlockingQueue.java:467)&#10;        at org.apache.hadoop.ipc.CallQueueManager.take(CallQueueManager.java:288)&#10;        at org.apache.hadoop.ipc.Server$Handler.run(Server.java:2668)&#10;&quot;omNode1@group-3464CFB7038B-LeaderElection7&quot; daemon prio=5 tid=1497 timed_waiting&#10;java.lang.Thread.State: TIMED_WAITING&#10;        at sun.misc.Unsafe.park(Native Method)&#10;        at java.util.concurrent.locks.LockSupport.parkNanos(LockSupport.java:215)&#10;        at java.util.concurrent.locks.AbstractQueuedSynchronizer$ConditionObject.awaitNanos(AbstractQueuedSynchronizer.java:2078)&#10;        at java.util.concurrent.LinkedBlockingQueue.poll(LinkedBlockingQueue.java:467)&#10;        at java.util.concurrent.ExecutorCompletionService.poll(ExecutorCompletionService.java:202)&#10;        at org.apache.ratis.server.impl.LeaderElection$Executor.poll(LeaderElection.java:105)&#10;        at org.apache.ratis.server.impl.LeaderElection.waitForResults(LeaderElection.java:282)&#10;        at org.apache.ratis.server.impl.LeaderElection.askForVotes(LeaderElection.java:225)&#10;        at org.apache.ratis.server.impl.LeaderElection.run(LeaderElection.java:161)&#10;        at java.lang.Thread.run(Thread.java:748)&#10;&quot;Signal Dispatcher&quot; daemon prio=9 tid=4 runnable&#10;java.lang.Thread.State: RUNNABLE&#10;&quot;Thread-1365&quot; daemon prio=5 tid=1455 timed_waiting&#10;java.lang.Thread.State: TIMED_WAITING&#10;        at java.lang.Thread.sleep(Native Method)&#10;        at org.apache.ratis.util.JavaUtils.sleep(JavaUtils.java:243)&#10;        at org.apache.ratis.server.impl.FollowerState.run(FollowerState.java:97)&#10;&quot;qtp1565304866-186&quot; daemon prio=5 tid=186 timed_waiting&#10;java.lang.Thread.State: TIMED_WAITING&#10;        at sun.misc.Unsafe.park(Native Method)&#10;        at java.util.concurrent.locks.LockSupport.parkNanos(LockSupport.java:215)&#10;        at java.util.concurrent.locks.AbstractQueuedSynchronizer$ConditionObject.awaitNanos(AbstractQueuedSynchronizer.java:2078)&#10;        at org.eclipse.jetty.util.BlockingArrayQueue.poll(BlockingArrayQueue.java:382)&#10;        at org.eclipse.jetty.util.thread.QueuedThreadPool$Runner.idleJobPoll(QueuedThreadPool.java:875)&#10;        at org.eclipse.jetty.util.thread.QueuedThreadPool$Runner.run(QueuedThreadPool.java:925)&#10;        at java.lang.Thread.run(Thread.java:748)&#10;&quot;IPC Server handler 6 on 9862&quot; daemon prio=5 tid=133 timed_waiting&#10;java.lang.Thread.State: TIMED_WAITING&#10;        at sun.misc.Unsafe.park(Native Method)&#10;        at java.util.concurrent.locks.LockSupport.parkNanos(LockSupport.java:215)&#10;        at java.util.concurrent.locks.AbstractQueuedSynchronizer$ConditionObject.awaitNanos(AbstractQueuedSynchronizer.java:2078)&#10;        at java.util.concurrent.LinkedBlockingQueue.poll(LinkedBlockingQueue.java:467)&#10;        at org.apache.hadoop.ipc.CallQueueManager.take(CallQueueManager.java:288)&#10;        at org.apache.hadoop.ipc.Server$Handler.run(Server.java:2668)&#10;&quot;qtp1179456560-235&quot; daemon prio=5 tid=235 timed_waiting&#10;java.lang.Thread.State: TIMED_WAITING&#10;        at sun.misc.Unsafe.park(Native Method)&#10;        at java.util.concurrent.locks.LockSupport.parkNanos(LockSupport.java:215)&#10;        at java.util.concurrent.locks.AbstractQueuedSynchronizer$ConditionObject.awaitNanos(AbstractQueuedSynchronizer.java:2078)&#10;        at org.eclipse.jetty.util.BlockingArrayQueue.poll(BlockingArrayQueue.java:382)&#10;        at org.eclipse.jetty.util.thread.QueuedThreadPool$Runner.idleJobPoll(QueuedThreadPool.java:875)&#10;        at org.eclipse.jetty.util.thread.QueuedThreadPool$Runner.run(QueuedThreadPool.java:925)&#10;        at java.lang.Thread.run(Thread.java:748)&#10;&quot;Session-HouseKeeper-43b9ccc8-1&quot;  prio=5 tid=238 timed_waiting&#10;java.lang.Thread.State: TIMED_WAITING&#10;        at sun.misc.Unsafe.park(Native Method)&#10;        at java.util.concurrent.locks.LockSupport.parkNanos(LockSupport.java:215)&#10;        at java.util.concurrent.locks.AbstractQueuedSynchronizer$ConditionObject.awaitNanos(AbstractQueuedSynchronizer.java:2078)&#10;        at java.util.concurrent.ScheduledThreadPoolExecutor$DelayedWorkQueue.take(ScheduledThreadPoolExecutor.java:1093)&#10;        at java.util.concurrent.ScheduledThreadPoolExecutor$DelayedWorkQueue.take(ScheduledThreadPoolExecutor.java:809)&#10;        at java.util.concurrent.ThreadPoolExecutor.getTask(ThreadPoolExecutor.java:1074)&#10;        at java.util.concurrent.ThreadPoolExecutor.runWorker(ThreadPoolExecutor.java:1134)&#10;        at java.util.concurrent.ThreadPoolExecutor$Worker.run(ThreadPoolExecutor.java:624)&#10;        at java.lang.Thread.run(Thread.java:748)&#10;&quot;Command processor thread&quot; daemon prio=5 tid=245 timed_waiting&#10;java.lang.Thread.State: TIMED_WAITING&#10;        at java.lang.Thread.sleep(Native Method)&#10;        at org.apache.hadoop.ozone.container.common.statemachine.DatanodeStateMachine.lambda$initCommandHandlerThread$1(DatanodeStateMachine.java:468)&#10;        at org.apache.hadoop.ozone.container.common.statemachine.DatanodeStateMachine$$Lambda$294/1756697006.run(Unknown Source)&#10;        at java.lang.Thread.run(Thread.java:748)&#10;&quot;IPC Server handler 9 on 37155&quot; daemon prio=5 tid=84 timed_waiting&#10;java.lang.Thread.State: TIMED_WAITING&#10;        at sun.misc.Unsafe.park(Native Method)&#10;        at java.util.concurrent.locks.LockSupport.parkNanos(LockSupport.java:215)&#10;        at java.util.concurrent.locks.AbstractQueuedSynchronizer$ConditionObject.awaitNanos(AbstractQueuedSynchronizer.java:2078)&#10;        at java.util.concurrent.LinkedBlockingQueue.poll(LinkedBlockingQueue.java:467)&#10;        at org.apache.hadoop.ipc.CallQueueManager.take(CallQueueManager.java:288)&#10;        at org.apache.hadoop.ipc.Server$Handler.run(Server.java:2668)&#10;&quot;org.apache.hadoop.util.JvmPauseMonitor$Monitor@631f8c82&quot; daemon prio=5 tid=106 timed_waiting&#10;java.lang.Thread.State: TIMED_WAITING&#10;        at java.lang.Thread.sleep(Native Method)&#10;        at org.apache.hadoop.util.JvmPauseMonitor$Monitor.run(JvmPauseMonitor.java:192)&#10;        at java.lang.Thread.run(Thread.java:748)&#10;&quot;IPC Server handler 18 on 44693&quot; daemon prio=5 tid=53 timed_waiting&#10;java.lang.Thread.State: TIMED_WAITING&#10;        at sun.misc.Unsafe.park(Native Method)&#10;        at java.util.concurrent.locks.LockSupport.parkNanos(LockSupport.java:215)&#10;        at java.util.concurrent.locks.AbstractQueuedSynchronizer$ConditionObject.awaitNanos(AbstractQueuedSynchronizer.java:2078)&#10;        at java.util.concurrent.LinkedBlockingQueue.poll(LinkedBlockingQueue.java:467)&#10;        at org.apache.hadoop.ipc.CallQueueManager.take(CallQueueManager.java:288)&#10;        at org.apache.hadoop.ipc.Server$Handler.run(Server.java:2668)&#10;&quot;IPC Server handler 5 on 46581&quot; daemon prio=5 tid=60 timed_waiting&#10;java.lang.Thread.State: TIMED_WAITING&#10;        at sun.misc.Unsafe.park(Native Method)&#10;        at java.util.concurrent.locks.LockSupport.parkNanos(LockSupport.java:215)&#10;        at java.util.concurrent.locks.AbstractQueuedSynchronizer$ConditionObject.awaitNanos(AbstractQueuedSynchronizer.java:2078)&#10;        at java.util.concurrent.LinkedBlockingQueue.poll(LinkedBlockingQueue.java:467)&#10;        at org.apache.hadoop.ipc.CallQueueManager.take(CallQueueManager.java:288)&#10;        at org.apache.hadoop.ipc.Server$Handler.run(Server.java:2668)&#10;&quot;EventQueue-NewNodeForNewNodeHandler&quot; daemon prio=5 tid=297 in Object.wait()&#10;java.lang.Thread.State: WAITING (on object monitor)&#10;        at sun.misc.Unsafe.park(Native Method)&#10;        at java.util.concurrent.locks.LockSupport.park(LockSupport.java:175)&#10;        at java.util.concurrent.locks.AbstractQueuedSynchronizer$ConditionObject.await(AbstractQueuedSynchronizer.java:2039)&#10;        at java.util.concurrent.LinkedBlockingQueue.take(LinkedBlockingQueue.java:442)&#10;        at java.util.concurrent.ThreadPoolExecutor.getTask(ThreadPoolExecutor.java:1074)&#10;        at java.util.concurrent.ThreadPoolExecutor.runWorker(ThreadPoolExecutor.java:1134)&#10;        at java.util.concurrent.ThreadPoolExecutor$Worker.run(ThreadPoolExecutor.java:624)&#10;        at java.lang.Thread.run(Thread.java:748)&#10;&quot;OMDoubleBufferFlushThread&quot; daemon prio=5 tid=110 timed_waiting&#10;java.lang.Thread.State: TIMED_WAITING&#10;        at java.lang.Object.wait(Native Method)&#10;        at org.apache.hadoop.ozone.om.ratis.OzoneManagerDoubleBuffer.canFlush(OzoneManagerDoubleBuffer.java:344)&#10;        at org.apache.hadoop.ozone.om.ratis.OzoneManagerDoubleBuffer.flushTransactions(OzoneManagerDoubleBuffer.java:133)&#10;        at org.apache.hadoop.ozone.om.ratis.OzoneManagerDoubleBuffer$$Lambda$115/673356648.run(Unknown Source)&#10;        at java.lang.Thread.run(Thread.java:748)&#10;&quot;pool-42-thread-1&quot;  prio=5 tid=180 timed_waiting&#10;java.lang.Thread.State: TIMED_WAITING&#10;        at sun.misc.Unsafe.park(Native Method)&#10;        at java.util.concurrent.locks.LockSupport.parkNanos(LockSupport.java:215)&#10;        at java.util.concurrent.locks.AbstractQueuedSynchronizer$ConditionObject.awaitNanos(AbstractQueuedSynchronizer.java:2078)&#10;        at java.util.concurrent.ScheduledThreadPoolExecutor$DelayedWorkQueue.take(ScheduledThreadPoolExecutor.java:1093)&#10;        at java.util.concurrent.ScheduledThreadPoolExecutor$DelayedWorkQueue.take(ScheduledThreadPoolExecutor.java:809)&#10;        at java.util.concurrent.ThreadPoolExecutor.getTask(ThreadPoolExecutor.java:1074)&#10;        at java.util.concurrent.ThreadPoolExecutor.runWorker(ThreadPoolExecutor.java:1134)&#10;        at java.util.concurrent.ThreadPoolExecutor$Worker.run(ThreadPoolExecutor.java:624)&#10;        at java.lang.Thread.run(Thread.java:748)&#10;&quot;omNode1@group-3464CFB7038B-LeaderElection7-1&quot; daemon prio=5 tid=1500 in Object.wait()&#10;java.lang.Thread.State: WAITING (on object monitor)&#10;        at sun.misc.Unsafe.park(Native Method)&#10;        at java.util.concurrent.locks.LockSupport.park(LockSupport.java:175)&#10;        at org.apache.ratis.thirdparty.io.grpc.stub.ClientCalls$ThreadlessExecutor.waitAndDrain(ClientCalls.java:660)&#10;        at org.apache.ratis.thirdparty.io.grpc.stub.ClientCalls.blockingUnaryCall(ClientCalls.java:132)&#10;        at org.apache.ratis.proto.grpc.RaftServerProtocolServiceGrpc$RaftServerProtocolServiceBlockingStub.requestVote(RaftServerProtocolServiceGrpc.java:262)&#10;        at org.apache.ratis.grpc.server.GrpcServerProtocolClient.requestVote(GrpcServerProtocolClient.java:104)&#10;        at org.apache.ratis.grpc.server.GrpcService.requestVote(GrpcService.java:205)&#10;        at org.apache.ratis.server.impl.LeaderElection.lambda$submitRequests$2(LeaderElection.java:262)&#10;        at org.apache.ratis.server.impl.LeaderElection$$Lambda$252/208440025.call(Unknown Source)&#10;        at java.util.concurrent.FutureTask.run(FutureTask.java:266)&#10;        at java.util.concurrent.Executors$RunnableAdapter.call(Executors.java:511)&#10;        at java.util.concurrent.FutureTask.run(FutureTask.java:266)&#10;        at java.util.concurrent.ThreadPoolExecutor.runWorker(ThreadPoolExecutor.java:1149)&#10;        at java.util.concurrent.ThreadPoolExecutor$Worker.run(ThreadPoolExecutor.java:624)&#10;        at java.lang.Thread.run(Thread.java:748)&#10;&quot;SCMBlockDeletingService#0&quot; daemon prio=5 tid=105 timed_waiting&#10;java.lang.Thread.State: TIMED_WAITING&#10;        at sun.misc.Unsafe.park(Native Method)&#10;        at java.util.concurrent.locks.LockSupport.parkNanos(LockSupport.java:215)&#10;        at java.util.concurrent.locks.AbstractQueuedSynchronizer$ConditionObject.awaitNanos(AbstractQueuedSynchronizer.java:2078)&#10;        at java.util.concurrent.ScheduledThreadPoolExecutor$DelayedWorkQueue.take(ScheduledThreadPoolExecutor.java:1093)&#10;        at java.util.concurrent.ScheduledThreadPoolExecutor$DelayedWorkQueue.take(ScheduledThreadPoolExecutor.java:809)&#10;        at java.util.concurrent.ThreadPoolExecutor.getTask(ThreadPoolExecutor.java:1074)&#10;        at java.util.concurrent.ThreadPoolExecutor.runWorker(ThreadPoolExecutor.java:1134)&#10;        at java.util.concurrent.ThreadPoolExecutor$Worker.run(ThreadPoolExecutor.java:624)&#10;        at java.lang.Thread.run(Thread.java:748)&#10;&quot;IPC Server handler 11 on 37155&quot; daemon prio=5 tid=86 timed_waiting&#10;java.lang.Thread.State: TIMED_WAITING&#10;        at sun.misc.Unsafe.park(Native Method)&#10;        at java.util.concurrent.locks.LockSupport.parkNanos(LockSupport.java:215)&#10;        at java.util.concurrent.locks.AbstractQueuedSynchronizer$ConditionObject.awaitNanos(AbstractQueuedSynchronizer.java:2078)&#10;        at java.util.concurrent.LinkedBlockingQueue.poll(LinkedBlockingQueue.java:467)&#10;        at org.apache.hadoop.ipc.CallQueueManager.take(CallQueueManager.java:288)&#10;        at org.apache.hadoop.ipc.Server$Handler.run(Server.java:2668)&#10;&quot;qtp989196506-102&quot; daemon prio=5 tid=102 timed_waiting&#10;java.lang.Thread.State: TIMED_WAITING&#10;        at sun.misc.Unsafe.park(Native Method)&#10;        at java.util.concurrent.locks.LockSupport.parkNanos(LockSupport.java:215)&#10;        at java.util.concurrent.locks.AbstractQueuedSynchronizer$ConditionObject.awaitNanos(AbstractQueuedSynchronizer.java:2078)&#10;        at org.eclipse.jetty.util.BlockingArrayQueue.poll(BlockingArrayQueue.java:382)&#10;        at org.eclipse.jetty.util.thread.QueuedThreadPool$Runner.idleJobPoll(QueuedThreadPool.java:875)&#10;        at org.eclipse.jetty.util.thread.QueuedThreadPool$Runner.run(QueuedThreadPool.java:925)&#10;        at java.lang.Thread.run(Thread.java:748)&#10;&quot;BlockDeletingService#1&quot; daemon prio=5 tid=274 timed_waiting&#10;java.lang.Thread.State: TIMED_WAITING&#10;        at sun.misc.Unsafe.park(Native Method)&#10;        at java.util.concurrent.locks.LockSupport.parkNanos(LockSupport.java:215)&#10;        at java.util.concurrent.locks.AbstractQueuedSynchronizer$ConditionObject.awaitNanos(AbstractQueuedSynchronizer.java:2078)&#10;        at java.util.concurrent.ScheduledThreadPoolExecutor$DelayedWorkQueue.take(ScheduledThreadPoolExecutor.java:1093)&#10;        at java.util.concurrent.ScheduledThreadPoolExecutor$DelayedWorkQueue.take(ScheduledThreadPoolExecutor.java:809)&#10;        at java.util.concurrent.ThreadPoolExecutor.getTask(ThreadPoolExecutor.java:1074)&#10;        at java.util.concurrent.ThreadPoolExecutor.runWorker(ThreadPoolExecutor.java:1134)&#10;        at java.util.concurrent.ThreadPoolExecutor$Worker.run(ThreadPoolExecutor.java:624)&#10;        at java.lang.Thread.run(Thread.java:748)&#10;&quot;qtp989196506-101&quot; daemon prio=5 tid=101 timed_waiting&#10;java.lang.Thread.State: TIMED_WAITING&#10;        at sun.misc.Unsafe.park(Native Method)&#10;        at java.util.concurrent.locks.LockSupport.parkNanos(LockSupport.java:215)&#10;        at java.util.concurrent.locks.AbstractQueuedSynchronizer$ConditionObject.awaitNanos(AbstractQueuedSynchronizer.java:2078)&#10;        at org.eclipse.jetty.util.BlockingArrayQueue.poll(BlockingArrayQueue.java:382)&#10;        at org.eclipse.jetty.util.thread.QueuedThreadPool$Runner.idleJobPoll(QueuedThreadPool.java:875)&#10;        at org.eclipse.jetty.util.thread.QueuedThreadPool$Runner.run(QueuedThreadPool.java:925)&#10;        at java.lang.Thread.run(Thread.java:748)&#10;&quot;EventQueue-NodeReportForNodeReportHandler&quot; daemon prio=5 tid=876 in Object.wait()&#10;java.lang.Thread.State: WAITING (on object monitor)&#10;        at sun.misc.Unsafe.park(Native Method)&#10;        at java.util.concurrent.locks.LockSupport.park(LockSupport.java:175)&#10;        at java.util.concurrent.locks.AbstractQueuedSynchronizer$ConditionObject.await(AbstractQueuedSynchronizer.java:2039)&#10;        at java.util.concurrent.LinkedBlockingQueue.take(LinkedBlockingQueue.java:442)&#10;        at java.util.concurrent.ThreadPoolExecutor.getTask(ThreadPoolExecutor.java:1074)&#10;        at java.util.concurrent.ThreadPoolExecutor.runWorker(ThreadPoolExecutor.java:1134)&#10;        at java.util.concurrent.ThreadPoolExecutor$Worker.run(ThreadPoolExecutor.java:624)&#10;        at java.lang.Thread.run(Thread.java:748)&#10;&quot;pool-38-thread-1&quot;  prio=5 tid=333 in Object.wait()&#10;java.lang.Thread.State: WAITING (on object monitor)&#10;        at sun.misc.Unsafe.park(Native Method)&#10;        at java.util.concurrent.locks.LockSupport.park(LockSupport.java:175)&#10;        at java.util.concurrent.locks.AbstractQueuedSynchronizer$ConditionObject.await(AbstractQueuedSynchronizer.java:2039)&#10;        at java.util.concurrent.LinkedBlockingQueue.take(LinkedBlockingQueue.java:442)&#10;        at java.util.concurrent.ThreadPoolExecutor.getTask(ThreadPoolExecutor.java:1074)&#10;        at java.util.concurrent.ThreadPoolExecutor.runWorker(ThreadPoolExecutor.java:1134)&#10;        at java.util.concurrent.ThreadPoolExecutor$Worker.run(ThreadPoolExecutor.java:624)&#10;        at java.lang.Thread.run(Thread.java:748)&#10;&quot;Thread-314&quot; daemon prio=5 tid=398 timed_waiting&#10;java.lang.Thread.State: TIMED_WAITING&#10;        at sun.misc.Unsafe.park(Native Method)&#10;        at java.util.concurrent.locks.LockSupport.parkNanos(LockSupport.java:215)&#10;        at java.util.concurrent.locks.AbstractQueuedSynchronizer$ConditionObject.awaitNanos(AbstractQueuedSynchronizer.java:2078)&#10;        at java.util.concurrent.ArrayBlockingQueue.poll(ArrayBlockingQueue.java:418)&#10;        at org.apache.ratis.server.impl.LeaderState$EventQueue.poll(LeaderState.java:116)&#10;        at org.apache.ratis.server.impl.LeaderState$EventProcessor.run(LeaderState.java:489)&#10;&quot;b49cd372-011e-4c73-9cd9-f6b19e929270@group-5C396212DADF-StateMachineUpdater&quot; daemon prio=5 tid=1442 in Object.wait()&#10;java.lang.Thread.State: WAITING (on object monitor)&#10;        at java.lang.Object.wait(Native Method)&#10;        at java.lang.Object.wait(Object.java:502)&#10;        at org.apache.ratis.server.impl.StateMachineUpdater.waitForCommit(StateMachineUpdater.java:197)&#10;        at org.apache.ratis.server.impl.StateMachineUpdater.run(StateMachineUpdater.java:162)&#10;        at java.lang.Thread.run(Thread.java:748)&#10;&quot;049e6fea-8fea-4434-aaa3-5a2ab300f420@group-5C396212DADF-SegmentedRaftLogWorker&quot;  prio=5 tid=1447 timed_waiting&#10;java.lang.Thread.State: TIMED_WAITING&#10;        at sun.misc.Unsafe.park(Native Method)&#10;        at java.util.concurrent.locks.LockSupport.parkNanos(LockSupport.java:215)&#10;        at java.util.concurrent.locks.AbstractQueuedSynchronizer$ConditionObject.awaitNanos(AbstractQueuedSynchronizer.java:2078)&#10;        at org.apache.ratis.util.DataBlockingQueue.poll(DataBlockingQueue.java:137)&#10;        at org.apache.ratis.server.raftlog.segmented.SegmentedRaftLogWorker.run(SegmentedRaftLogWorker.java:287)&#10;        at java.lang.Thread.run(Thread.java:748)&#10;&quot;qtp1565304866-187&quot; daemon prio=5 tid=187 timed_waiting&#10;java.lang.Thread.State: TIMED_WAITING&#10;        at sun.misc.Unsafe.park(Native Method)&#10;        at java.util.concurrent.locks.LockSupport.parkNanos(LockSupport.java:215)&#10;        at java.util.concurrent.locks.AbstractQueuedSynchronizer$ConditionObject.awaitNanos(AbstractQueuedSynchronizer.java:2078)&#10;        at org.eclipse.jetty.util.BlockingArrayQueue.poll(BlockingArrayQueue.java:382)&#10;        at org.eclipse.jetty.util.thread.QueuedThreadPool$Runner.idleJobPoll(QueuedThreadPool.java:875)&#10;        at org.eclipse.jetty.util.thread.QueuedThreadPool$Runner.run(QueuedThreadPool.java:925)&#10;        at java.lang.Thread.run(Thread.java:748)&#10;&quot;qtp1296516504-151-acceptor-0@72a5a629-ServerConnector@d62634d{HTTP/1.1,[http/1.1]}{0.0.0.0:42239}&quot; daemon prio=3 tid=151 runnable&#10;java.lang.Thread.State: RUNNABLE&#10;        at sun.nio.ch.ServerSocketChannelImpl.accept0(Native Method)&#10;        at sun.nio.ch.ServerSocketChannelImpl.accept(ServerSocketChannelImpl.java:422)&#10;        at sun.nio.ch.ServerSocketChannelImpl.accept(ServerSocketChannelImpl.java:250)&#10;        at org.eclipse.jetty.server.ServerConnector.accept(ServerConnector.java:385)&#10;        at org.eclipse.jetty.server.AbstractConnector$Acceptor.run(AbstractConnector.java:701)&#10;        at org.eclipse.jetty.util.thread.QueuedThreadPool.runJob(QueuedThreadPool.java:806)&#10;        at org.eclipse.jetty.util.thread.QueuedThreadPool$Runner.run(QueuedThreadPool.java:938)&#10;        at java.lang.Thread.run(Thread.java:748)&#10;&quot;IPC Server handler 19 on 9862&quot; daemon prio=5 tid=147 timed_waiting&#10;java.lang.Thread.State: TIMED_WAITING&#10;        at sun.misc.Unsafe.park(Native Method)&#10;        at java.util.concurrent.locks.LockSupport.parkNanos(LockSupport.java:215)&#10;        at java.util.concurrent.locks.AbstractQueuedSynchronizer$ConditionObject.awaitNanos(AbstractQueuedSynchronizer.java:2078)&#10;        at java.util.concurrent.LinkedBlockingQueue.poll(LinkedBlockingQueue.java:467)&#10;        at org.apache.hadoop.ipc.CallQueueManager.take(CallQueueManager.java:288)&#10;        at org.apache.hadoop.ipc.Server$Handler.run(Server.java:2668)&#10;&quot;BlockDeletingService#0&quot; daemon prio=5 tid=266 in Object.wait()&#10;java.lang.Thread.State: WAITING (on object monitor)&#10;        at sun.misc.Unsafe.park(Native Method)&#10;        at java.util.concurrent.locks.LockSupport.park(LockSupport.java:175)&#10;        at java.util.concurrent.locks.AbstractQueuedSynchronizer$ConditionObject.await(AbstractQueuedSynchronizer.java:2039)&#10;        at java.util.concurrent.ScheduledThreadPoolExecutor$DelayedWorkQueue.take(ScheduledThreadPoolExecutor.java:1088)&#10;        at java.util.concurrent.ScheduledThreadPoolExecutor$DelayedWorkQueue.take(ScheduledThreadPoolExecutor.java:809)&#10;        at java.util.concurrent.ThreadPoolExecutor.getTask(ThreadPoolExecutor.java:1074)&#10;        at java.util.concurrent.ThreadPoolExecutor.runWorker(ThreadPoolExecutor.java:1134)&#10;        at java.util.concurrent.ThreadPoolExecutor$Worker.run(ThreadPoolExecutor.java:624)&#10;        at java.lang.Thread.run(Thread.java:748)&#10;&quot;org.apache.hadoop.util.JvmPauseMonitor$Monitor@52921beb&quot; daemon prio=5 tid=246 timed_waiting&#10;java.lang.Thread.State: TIMED_WAITING&#10;        at java.lang.Thread.sleep(Native Method)&#10;        at org.apache.hadoop.util.JvmPauseMonitor$Monitor.run(JvmPauseMonitor.java:192)&#10;        at java.lang.Thread.run(Thread.java:748)&#10;&quot;org.apache.hadoop.util.JvmPauseMonitor$Monitor@1a96ab69&quot; daemon prio=5 tid=225 timed_waiting&#10;java.lang.Thread.State: TIMED_WAITING&#10;        at java.lang.Thread.sleep(Native Method)&#10;        at org.apache.hadoop.util.JvmPauseMonitor$Monitor.run(JvmPauseMonitor.java:192)&#10;        at java.lang.Thread.run(Thread.java:748)&#10;&quot;IPC Server handler 16 on 37155&quot; daemon prio=5 tid=91 timed_waiting&#10;java.lang.Thread.State: TIMED_WAITING&#10;        at sun.misc.Unsafe.park(Native Method)&#10;        at java.util.concurrent.locks.LockSupport.parkNanos(LockSupport.java:215)&#10;        at java.util.concurrent.locks.AbstractQueuedSynchronizer$ConditionObject.awaitNanos(AbstractQueuedSynchronizer.java:2078)&#10;        at java.util.concurrent.LinkedBlockingQueue.poll(LinkedBlockingQueue.java:467)&#10;        at org.apache.hadoop.ipc.CallQueueManager.take(CallQueueManager.java:288)&#10;        at org.apache.hadoop.ipc.Server$Handler.run(Server.java:2668)&#10;&quot;Periodic HDDS volume checker&quot; daemon prio=5 tid=218 timed_waiting&#10;java.lang.Thread.State: TIMED_WAITING&#10;        at sun.misc.Unsafe.park(Native Method)&#10;        at java.util.concurrent.locks.LockSupport.parkNanos(LockSupport.java:215)&#10;        at java.util.concurrent.locks.AbstractQueuedSynchronizer$ConditionObject.awaitNanos(AbstractQueuedSynchronizer.java:2078)&#10;        at java.util.concurrent.ScheduledThreadPoolExecutor$DelayedWorkQueue.take(ScheduledThreadPoolExecutor.java:1093)&#10;        at java.util.concurrent.ScheduledThreadPoolExecutor$DelayedWorkQueue.take(ScheduledThreadPoolExecutor.java:809)&#10;        at java.util.concurrent.ThreadPoolExecutor.getTask(ThreadPoolExecutor.java:1074)&#10;        at java.util.concurrent.ThreadPoolExecutor.runWorker(ThreadPoolExecutor.java:1134)&#10;        at java.util.concurrent.ThreadPoolExecutor$Worker.run(ThreadPoolExecutor.java:624)&#10;        at java.lang.Thread.run(Thread.java:748)&#10;&quot;IPC Server handler 5 on 9862&quot; daemon prio=5 tid=132 timed_waiting&#10;java.lang.Thread.State: TIMED_WAITING&#10;        at sun.misc.Unsafe.park(Native Method)&#10;        at java.util.concurrent.locks.LockSupport.parkNanos(LockSupport.java:215)&#10;        at java.util.concurrent.locks.AbstractQueuedSynchronizer$ConditionObject.awaitNanos(AbstractQueuedSynchronizer.java:2078)&#10;        at java.util.concurrent.LinkedBlockingQueue.poll(LinkedBlockingQueue.java:467)&#10;        at org.apache.hadoop.ipc.CallQueueManager.take(CallQueueManager.java:288)&#10;        at org.apache.hadoop.ipc.Server$Handler.run(Server.java:2668)&#10;&quot;b49cd372-011e-4c73-9cd9-f6b19e929270@group-5C396212DADF-SegmentedRaftLogWorker&quot;  prio=5 tid=1441 timed_waiting&#10;java.lang.Thread.State: TIMED_WAITING&#10;        at sun.misc.Unsafe.park(Native Method)&#10;        at java.util.concurrent.locks.LockSupport.parkNanos(LockSupport.java:215)&#10;        at java.util.concurrent.locks.AbstractQueuedSynchronizer$ConditionObject.awaitNanos(AbstractQueuedSynchronizer.java:2078)&#10;        at org.apache.ratis.util.DataBlockingQueue.poll(DataBlockingQueue.java:137)&#10;        at org.apache.ratis.server.raftlog.segmented.SegmentedRaftLogWorker.run(SegmentedRaftLogWorker.java:287)&#10;        at java.lang.Thread.run(Thread.java:748)&#10;&quot;IPC Server handler 8 on 37155&quot; daemon prio=5 tid=83 timed_waiting&#10;java.lang.Thread.State: TIMED_WAITING&#10;        at sun.misc.Unsafe.park(Native Method)&#10;        at java.util.concurrent.locks.LockSupport.parkNanos(LockSupport.java:215)&#10;        at java.util.concurrent.locks.AbstractQueuedSynchronizer$ConditionObject.awaitNanos(AbstractQueuedSynchronizer.java:2078)&#10;        at java.util.concurrent.LinkedBlockingQueue.poll(LinkedBlockingQueue.java:467)&#10;        at org.apache.hadoop.ipc.CallQueueManager.take(CallQueueManager.java:288)&#10;        at org.apache.hadoop.ipc.Server$Handler.run(Server.java:2668)&#10;&quot;IPC Server listener on 37155&quot; daemon prio=5 tid=16 runnable&#10;java.lang.Thread.State: RUNNABLE&#10;        at sun.nio.ch.EPollArrayWrapper.epollWait(Native Method)&#10;        at sun.nio.ch.EPollArrayWrapper.poll(EPollArrayWrapper.java:269)&#10;        at sun.nio.ch.EPollSelectorImpl.doSelect(EPollSelectorImpl.java:93)&#10;        at sun.nio.ch.SelectorImpl.lockAndDoSelect(SelectorImpl.java:86)&#10;        at sun.nio.ch.SelectorImpl.select(SelectorImpl.java:97)&#10;        at sun.nio.ch.SelectorImpl.select(SelectorImpl.java:101)&#10;        at org.apache.hadoop.ipc.Server$Listener.run(Server.java:1159)&#10;&quot;f48396e8-f861-4ea7-9d9a-a0d4272beba6@group-5C396212DADF-SegmentedRaftLogWorker&quot;  prio=5 tid=1453 timed_waiting&#10;java.lang.Thread.State: TIMED_WAITING&#10;        at sun.misc.Unsafe.park(Native Method)&#10;        at java.util.concurrent.locks.LockSupport.parkNanos(LockSupport.java:215)&#10;        at java.util.concurrent.locks.AbstractQueuedSynchronizer$ConditionObject.awaitNanos(AbstractQueuedSynchronizer.java:2078)&#10;        at org.apache.ratis.util.DataBlockingQueue.poll(DataBlockingQueue.java:137)&#10;        at org.apache.ratis.server.raftlog.segmented.SegmentedRaftLogWorker.run(SegmentedRaftLogWorker.java:287)&#10;        at java.lang.Thread.run(Thread.java:748)&#10;&quot;IPC Server handler 1 on 37155&quot; daemon prio=5 tid=76 timed_waiting&#10;java.lang.Thread.State: TIMED_WAITING&#10;        at sun.misc.Unsafe.park(Native Method)&#10;        at java.util.concurrent.locks.LockSupport.parkNanos(LockSupport.java:215)&#10;        at java.util.concurrent.locks.AbstractQueuedSynchronizer$ConditionObject.awaitNanos(AbstractQueuedSynchronizer.java:2078)&#10;        at java.util.concurrent.LinkedBlockingQueue.poll(LinkedBlockingQueue.java:467)&#10;        at org.apache.hadoop.ipc.CallQueueManager.take(CallQueueManager.java:288)&#10;        at org.apache.hadoop.ipc.Server$Handler.run(Server.java:2668)&#10;&quot;IPC Server handler 14 on 46581&quot; daemon prio=5 tid=69 timed_waiting&#10;java.lang.Thread.State: TIMED_WAITING&#10;        at sun.misc.Unsafe.park(Native Method)&#10;        at java.util.concurrent.locks.LockSupport.parkNanos(LockSupport.java:215)&#10;        at java.util.concurrent.locks.AbstractQueuedSynchronizer$ConditionObject.awaitNanos(AbstractQueuedSynchronizer.java:2078)&#10;        at java.util.concurrent.LinkedBlockingQueue.poll(LinkedBlockingQueue.java:467)&#10;        at org.apache.hadoop.ipc.CallQueueManager.take(CallQueueManager.java:288)&#10;        at org.apache.hadoop.ipc.Server$Handler.run(Server.java:2668)&#10;&quot;IPC Server handler 16 on 46581&quot; daemon prio=5 tid=71 timed_waiting&#10;java.lang.Thread.State: TIMED_WAITING&#10;        at sun.misc.Unsafe.park(Native Method)&#10;        at java.util.concurrent.locks.LockSupport.parkNanos(LockSupport.java:215)&#10;        at java.util.concurrent.locks.AbstractQueuedSynchronizer$ConditionObject.awaitNanos(AbstractQueuedSynchronizer.java:2078)&#10;        at java.util.concurrent.LinkedBlockingQueue.poll(LinkedBlockingQueue.java:467)&#10;        at org.apache.hadoop.ipc.CallQueueManager.take(CallQueueManager.java:288)&#10;        at org.apache.hadoop.ipc.Server$Handler.run(Server.java:2668)&#10;&quot;049e6fea-8fea-4434-aaa3-5a2ab300f420@group-19B699229BF9-SegmentedRaftLogWorker&quot;  prio=5 tid=1464 timed_waiting&#10;java.lang.Thread.State: TIMED_WAITING&#10;        at sun.misc.Unsafe.park(Native Method)&#10;        at java.util.concurrent.locks.LockSupport.parkNanos(LockSupport.java:215)&#10;        at java.util.concurrent.locks.AbstractQueuedSynchronizer$ConditionObject.awaitNanos(AbstractQueuedSynchronizer.java:2078)&#10;        at org.apache.ratis.util.DataBlockingQueue.poll(DataBlockingQueue.java:137)&#10;        at org.apache.ratis.server.raftlog.segmented.SegmentedRaftLogWorker.run(SegmentedRaftLogWorker.java:287)&#10;        at java.lang.Thread.run(Thread.java:748)&#10;&quot;EventQueue-ContainerReportForContainerReportHandler&quot; daemon prio=5 tid=298 in Object.wait()&#10;java.lang.Thread.State: WAITING (on object monitor)&#10;        at sun.misc.Unsafe.park(Native Method)&#10;        at java.util.concurrent.locks.LockSupport.park(LockSupport.java:175)&#10;        at java.util.concurrent.locks.AbstractQueuedSynchronizer$ConditionObject.await(AbstractQueuedSynchronizer.java:2039)&#10;        at java.util.concurrent.LinkedBlockingQueue.take(LinkedBlockingQueue.java:442)&#10;        at java.util.concurrent.ThreadPoolExecutor.getTask(ThreadPoolExecutor.java:1074)&#10;        at java.util.concurrent.ThreadPoolExecutor.runWorker(ThreadPoolExecutor.java:1134)&#10;        at java.util.concurrent.ThreadPoolExecutor$Worker.run(ThreadPoolExecutor.java:624)&#10;        at java.lang.Thread.run(Thread.java:748)&#10;&quot;IPC Server handler 6 on 44693&quot; daemon prio=5 tid=41 timed_waiting&#10;java.lang.Thread.State: TIMED_WAITING&#10;        at sun.misc.Unsafe.park(Native Method)&#10;        at java.util.concurrent.locks.LockSupport.parkNanos(LockSupport.java:215)&#10;        at java.util.concurrent.locks.AbstractQueuedSynchronizer$ConditionObject.awaitNanos(AbstractQueuedSynchronizer.java:2078)&#10;        at java.util.concurrent.LinkedBlockingQueue.poll(LinkedBlockingQueue.java:467)&#10;        at org.apache.hadoop.ipc.CallQueueManager.take(CallQueueManager.java:288)&#10;        at org.apache.hadoop.ipc.Server$Handler.run(Server.java:2668)&#10;&quot;IPC Server handler 14 on 44693&quot; daemon prio=5 tid=49 timed_waiting&#10;java.lang.Thread.State: TIMED_WAITING&#10;        at sun.misc.Unsafe.park(Native Method)&#10;        at java.util.concurrent.locks.LockSupport.parkNanos(LockSupport.java:215)&#10;        at java.util.concurrent.locks.AbstractQueuedSynchronizer$ConditionObject.awaitNanos(AbstractQueuedSynchronizer.java:2078)&#10;        at java.util.concurrent.LinkedBlockingQueue.poll(LinkedBlockingQueue.java:467)&#10;        at org.apache.hadoop.ipc.CallQueueManager.take(CallQueueManager.java:288)&#10;        at org.apache.hadoop.ipc.Server$Handler.run(Server.java:2668)&#10;&quot;Datanode ReportManager Thread - 3&quot; daemon prio=5 tid=222 in Object.wait()&#10;java.lang.Thread.State: WAITING (on object monitor)&#10;        at sun.misc.Unsafe.park(Native Method)&#10;        at java.util.concurrent.locks.LockSupport.park(LockSupport.java:175)&#10;        at java.util.concurrent.locks.AbstractQueuedSynchronizer$ConditionObject.await(AbstractQueuedSynchronizer.java:2039)&#10;        at java.util.concurrent.ScheduledThreadPoolExecutor$DelayedWorkQueue.take(ScheduledThreadPoolExecutor.java:1088)&#10;        at java.util.concurrent.ScheduledThreadPoolExecutor$DelayedWorkQueue.take(ScheduledThreadPoolExecutor.java:809)&#10;        at java.util.concurrent.ThreadPoolExecutor.getTask(ThreadPoolExecutor.java:1074)&#10;        at java.util.concurrent.ThreadPoolExecutor.runWorker(ThreadPoolExecutor.java:1134)&#10;        at java.util.concurrent.ThreadPoolExecutor$Worker.run(ThreadPoolExecutor.java:624)&#10;        at java.lang.Thread.run(Thread.java:748)&#10;&quot;Datanode ReportManager Thread - 0&quot; daemon prio=5 tid=196 in Object.wait()&#10;java.lang.Thread.State: WAITING (on object monitor)&#10;        at sun.misc.Unsafe.park(Native Method)&#10;        at java.util.concurrent.locks.LockSupport.park(LockSupport.java:175)&#10;        at java.util.concurrent.locks.AbstractQueuedSynchronizer$ConditionObject.await(AbstractQueuedSynchronizer.java:2039)&#10;        at java.util.concurrent.ScheduledThreadPoolExecutor$DelayedWorkQueue.take(ScheduledThreadPoolExecutor.java:1088)&#10;        at java.util.concurrent.ScheduledThreadPoolExecutor$DelayedWorkQueue.take(ScheduledThreadPoolExecutor.java:809)&#10;        at java.util.concurrent.ThreadPoolExecutor.getTask(ThreadPoolExecutor.java:1074)&#10;        at java.util.concurrent.ThreadPoolExecutor.runWorker(ThreadPoolExecutor.java:1134)&#10;        at java.util.concurrent.ThreadPoolExecutor$Worker.run(ThreadPoolExecutor.java:624)&#10;        at java.lang.Thread.run(Thread.java:748)&#10;&quot;Datanode ReportManager Thread - 3&quot; daemon prio=5 tid=244 in Object.wait()&#10;java.lang.Thread.State: WAITING (on object monitor)&#10;        at sun.misc.Unsafe.park(Native Method)&#10;        at java.util.concurrent.locks.LockSupport.park(LockSupport.java:175)&#10;        at java.util.concurrent.locks.AbstractQueuedSynchronizer$ConditionObject.await(AbstractQueuedSynchronizer.java:2039)&#10;        at java.util.concurrent.ScheduledThreadPoolExecutor$DelayedWorkQueue.take(ScheduledThreadPoolExecutor.java:1088)&#10;        at java.util.concurrent.ScheduledThreadPoolExecutor$DelayedWorkQueue.take(ScheduledThreadPoolExecutor.java:809)&#10;        at java.util.concurrent.ThreadPoolExecutor.getTask(ThreadPoolExecutor.java:1074)&#10;        at java.util.concurrent.ThreadPoolExecutor.runWorker(ThreadPoolExecutor.java:1134)&#10;        at java.util.concurrent.ThreadPoolExecutor$Worker.run(ThreadPoolExecutor.java:624)&#10;        at java.lang.Thread.run(Thread.java:748)&#10;&quot;grpc-nio-worker-ELG-3-2&quot; daemon prio=5 tid=165 runnable&#10;java.lang.Thread.State: RUNNABLE&#10;        at sun.nio.ch.EPollArrayWrapper.epollWait(Native Method)&#10;        at sun.nio.ch.EPollArrayWrapper.poll(EPollArrayWrapper.java:269)&#10;        at sun.nio.ch.EPollSelectorImpl.doSelect(EPollSelectorImpl.java:93)&#10;        at sun.nio.ch.SelectorImpl.lockAndDoSelect(SelectorImpl.java:86)&#10;        at sun.nio.ch.SelectorImpl.select(SelectorImpl.java:97)&#10;        at org.apache.ratis.thirdparty.io.netty.channel.nio.SelectedSelectionKeySetSelector.select(SelectedSelectionKeySetSelector.java:62)&#10;        at org.apache.ratis.thirdparty.io.netty.channel.nio.NioEventLoop.select(NioEventLoop.java:806)&#10;        at org.apache.ratis.thirdparty.io.netty.channel.nio.NioEventLoop.run(NioEventLoop.java:454)&#10;        at org.apache.ratis.thirdparty.io.netty.util.concurrent.SingleThreadEventExecutor$5.run(SingleThreadEventExecutor.java:918)&#10;        at org.apache.ratis.thirdparty.io.netty.util.internal.ThreadExecutorMap$2.run(ThreadExecutorMap.java:74)&#10;        at org.apache.ratis.thirdparty.io.netty.util.concurrent.FastThreadLocalRunnable.run(FastThreadLocalRunnable.java:30)&#10;        at java.lang.Thread.run(Thread.java:748)&#10;&quot;IPC Server Responder&quot; daemon prio=5 tid=19 runnable&#10;java.lang.Thread.State: RUNNABLE&#10;        at sun.nio.ch.EPollArrayWrapper.epollWait(Native Method)&#10;        at sun.nio.ch.EPollArrayWrapper.poll(EPollArrayWrapper.java:269)&#10;        at sun.nio.ch.EPollSelectorImpl.doSelect(EPollSelectorImpl.java:93)&#10;        at sun.nio.ch.SelectorImpl.lockAndDoSelect(SelectorImpl.java:86)&#10;        at sun.nio.ch.SelectorImpl.select(SelectorImpl.java:97)&#10;        at org.apache.hadoop.ipc.Server$Responder.doRunLoop(Server.java:1334)&#10;        at org.apache.hadoop.ipc.Server$Responder.run(Server.java:1317)&#10;&quot;surefire-forkedjvm-command-thread&quot; daemon prio=5 tid=9 runnable&#10;java.lang.Thread.State: RUNNABLE&#10;        at java.io.FileInputStream.readBytes(Native Method)&#10;        at java.io.FileInputStream.read(FileInputStream.java:255)&#10;        at java.io.BufferedInputStream.fill(BufferedInputStream.java:246)&#10;        at java.io.BufferedInputStream.read(BufferedInputStream.java:265)&#10;        at java.io.DataInputStream.readInt(DataInputStream.java:387)&#10;        at org.apache.maven.surefire.booter.MasterProcessCommand.decode(MasterProcessCommand.java:115)&#10;        at org.apache.maven.surefire.booter.CommandReader$CommandRunnable.run(CommandReader.java:390)&#10;        at java.lang.Thread.run(Thread.java:748)&#10;&quot;Timer for &apos;StorageContainerManager&apos; metrics system&quot; daemon prio=5 tid=33 timed_waiting&#10;java.lang.Thread.State: TIMED_WAITING&#10;        at java.lang.Object.wait(Native Method)&#10;        at java.util.TimerThread.mainLoop(Timer.java:552)&#10;        at java.util.TimerThread.run(Timer.java:505)&#10;&quot;IPC Server handler 5 on 37155&quot; daemon prio=5 tid=80 timed_waiting&#10;java.lang.Thread.State: TIMED_WAITING&#10;        at sun.misc.Unsafe.park(Native Method)&#10;        at java.util.concurrent.locks.LockSupport.parkNanos(LockSupport.java:215)&#10;        at java.util.concurrent.locks.AbstractQueuedSynchronizer$ConditionObject.awaitNanos(AbstractQueuedSynchronizer.java:2078)&#10;        at java.util.concurrent.LinkedBlockingQueue.poll(LinkedBlockingQueue.java:467)&#10;        at org.apache.hadoop.ipc.CallQueueManager.take(CallQueueManager.java:288)&#10;        at org.apache.hadoop.ipc.Server$Handler.run(Server.java:2668)&#10;&quot;qtp989196506-98&quot; daemon prio=5 tid=98 timed_waiting&#10;java.lang.Thread.State: TIMED_WAITING&#10;        at sun.misc.Unsafe.park(Native Method)&#10;        at java.util.concurrent.locks.LockSupport.parkNanos(LockSupport.java:215)&#10;        at java.util.concurrent.locks.AbstractQueuedSynchronizer$ConditionObject.awaitNanos(AbstractQueuedSynchronizer.java:2078)&#10;        at org.eclipse.jetty.util.BlockingArrayQueue.poll(BlockingArrayQueue.java:382)&#10;        at org.eclipse.jetty.util.thread.QueuedThreadPool$Runner.idleJobPoll(QueuedThreadPool.java:875)&#10;        at org.eclipse.jetty.util.thread.QueuedThreadPool$Runner.run(QueuedThreadPool.java:925)&#10;        at java.lang.Thread.run(Thread.java:748)&#10;&quot;IPC Server idle connection scanner for port 9862&quot; daemon prio=5 tid=116 timed_waiting&#10;java.lang.Thread.State: TIMED_WAITING&#10;        at java.lang.Object.wait(Native Method)&#10;        at java.util.TimerThread.mainLoop(Timer.java:552)&#10;        at java.util.TimerThread.run(Timer.java:505)&#10;&quot;qtp989196506-95&quot; daemon prio=5 tid=95 runnable&#10;java.lang.Thread.State: RUNNABLE&#10;        at sun.nio.ch.EPollArrayWrapper.epollWait(Native Method)&#10;        at sun.nio.ch.EPollArrayWrapper.poll(EPollArrayWrapper.java:269)&#10;        at sun.nio.ch.EPollSelectorImpl.doSelect(EPollSelectorImpl.java:93)&#10;        at sun.nio.ch.SelectorImpl.lockAndDoSelect(SelectorImpl.java:86)&#10;        at sun.nio.ch.SelectorImpl.select(SelectorImpl.java:97)&#10;        at sun.nio.ch.SelectorImpl.select(SelectorImpl.java:101)&#10;        at org.eclipse.jetty.io.ManagedSelector$SelectorProducer.select(ManagedSelector.java:472)&#10;        at org.eclipse.jetty.io.ManagedSelector$SelectorProducer.produce(ManagedSelector.java:409)&#10;        at org.eclipse.jetty.util.thread.strategy.EatWhatYouKill.produceTask(EatWhatYouKill.java:360)&#10;        at org.eclipse.jetty.util.thread.strategy.EatWhatYouKill.doProduce(EatWhatYouKill.java:184)&#10;        at org.eclipse.jetty.util.thread.strategy.EatWhatYouKill.tryProduce(EatWhatYouKill.java:171)&#10;        at org.eclipse.jetty.util.thread.strategy.EatWhatYouKill.produce(EatWhatYouKill.java:135)&#10;        at org.eclipse.jetty.io.ManagedSelector$$Lambda$72/1728066720.run(Unknown Source)&#10;        at org.eclipse.jetty.util.thread.QueuedThreadPool.runJob(QueuedThreadPool.java:806)&#10;        at org.eclipse.jetty.util.thread.QueuedThreadPool$Runner.run(QueuedThreadPool.java:938)&#10;        at java.lang.Thread.run(Thread.java:748)&#10;&quot;ChunkWriter-1-0&quot; daemon prio=5 tid=277 in Object.wait()&#10;java.lang.Thread.State: WAITING (on object monitor)&#10;        at sun.misc.Unsafe.park(Native Method)&#10;        at java.util.concurrent.locks.LockSupport.park(LockSupport.java:175)&#10;        at java.util.concurrent.locks.AbstractQueuedSynchronizer$ConditionObject.await(AbstractQueuedSynchronizer.java:2039)&#10;        at java.util.concurrent.LinkedBlockingDeque.takeFirst(LinkedBlockingDeque.java:492)&#10;        at java.util.concurrent.LinkedBlockingDeque.take(LinkedBlockingDeque.java:680)&#10;        at java.util.concurrent.ThreadPoolExecutor.getTask(ThreadPoolExecutor.java:1074)&#10;        at java.util.concurrent.ThreadPoolExecutor.runWorker(ThreadPoolExecutor.java:1134)&#10;        at java.util.concurrent.ThreadPoolExecutor$Worker.run(ThreadPoolExecutor.java:624)&#10;        at java.lang.Thread.run(Thread.java:748)&#10;&quot;qtp932569333-209&quot; daemon prio=5 tid=209 timed_waiting&#10;java.lang.Thread.State: TIMED_WAITING&#10;        at sun.misc.Unsafe.park(Native Method)&#10;        at java.util.concurrent.locks.LockSupport.parkNanos(LockSupport.java:215)&#10;        at java.util.concurrent.locks.AbstractQueuedSynchronizer$ConditionObject.awaitNanos(AbstractQueuedSynchronizer.java:2078)&#10;        at org.eclipse.jetty.util.BlockingArrayQueue.poll(BlockingArrayQueue.java:382)&#10;        at org.eclipse.jetty.util.thread.QueuedThreadPool$Runner.idleJobPoll(QueuedThreadPool.java:875)&#10;        at org.eclipse.jetty.util.thread.QueuedThreadPool$Runner.run(QueuedThreadPool.java:925)&#10;        at java.lang.Thread.run(Thread.java:748)&#10;&quot;Thread-1375&quot; daemon prio=5 tid=1466 timed_waiting&#10;java.lang.Thread.State: TIMED_WAITING&#10;        at java.lang.Thread.sleep(Native Method)&#10;        at org.apache.ratis.util.JavaUtils.sleep(JavaUtils.java:243)&#10;        at org.apache.ratis.server.impl.FollowerState.run(FollowerState.java:97)&#10;&quot;IPC Server handler 13 on 37155&quot; daemon prio=5 tid=88 timed_waiting&#10;java.lang.Thread.State: TIMED_WAITING&#10;        at sun.misc.Unsafe.park(Native Method)&#10;        at java.util.concurrent.locks.LockSupport.parkNanos(LockSupport.java:215)&#10;        at java.util.concurrent.locks.AbstractQueuedSynchronizer$ConditionObject.awaitNanos(AbstractQueuedSynchronizer.java:2078)&#10;        at java.util.concurrent.LinkedBlockingQueue.poll(LinkedBlockingQueue.java:467)&#10;        at org.apache.hadoop.ipc.CallQueueManager.take(CallQueueManager.java:288)&#10;        at org.apache.hadoop.ipc.Server$Handler.run(Server.java:2668)&#10;&quot;omNode1@group-3464CFB7038B-LeaderElection7-1&quot; daemon prio=5 tid=1499 in Object.wait()&#10;java.lang.Thread.State: WAITING (on object monitor)&#10;        at sun.misc.Unsafe.park(Native Method)&#10;        at java.util.concurrent.locks.LockSupport.park(LockSupport.java:175)&#10;        at org.apache.ratis.thirdparty.io.grpc.stub.ClientCalls$ThreadlessExecutor.waitAndDrain(ClientCalls.java:660)&#10;        at org.apache.ratis.thirdparty.io.grpc.stub.ClientCalls.blockingUnaryCall(ClientCalls.java:132)&#10;        at org.apache.ratis.proto.grpc.RaftServerProtocolServiceGrpc$RaftServerProtocolServiceBlockingStub.requestVote(RaftServerProtocolServiceGrpc.java:262)&#10;        at org.apache.ratis.grpc.server.GrpcServerProtocolClient.requestVote(GrpcServerProtocolClient.java:104)&#10;        at org.apache.ratis.grpc.server.GrpcService.requestVote(GrpcService.java:205)&#10;        at org.apache.ratis.server.impl.LeaderElection.lambda$submitRequests$2(LeaderElection.java:262)&#10;        at org.apache.ratis.server.impl.LeaderElection$$Lambda$252/208440025.call(Unknown Source)&#10;        at java.util.concurrent.FutureTask.run(FutureTask.java:266)&#10;        at java.util.concurrent.Executors$RunnableAdapter.call(Executors.java:511)&#10;        at java.util.concurrent.FutureTask.run(FutureTask.java:266)&#10;        at java.util.concurrent.ThreadPoolExecutor.runWorker(ThreadPoolExecutor.java:1149)&#10;        at java.util.concurrent.ThreadPoolExecutor$Worker.run(ThreadPoolExecutor.java:624)&#10;        at java.lang.Thread.run(Thread.java:748)&#10;&quot;Datanode State Machine Thread - 0&quot; daemon prio=5 tid=226 timed_waiting&#10;java.lang.Thread.State: TIMED_WAITING&#10;        at sun.misc.Unsafe.park(Native Method)&#10;        at java.util.concurrent.locks.LockSupport.parkNanos(LockSupport.java:215)&#10;        at java.util.concurrent.SynchronousQueue$TransferStack.awaitFulfill(SynchronousQueue.java:460)&#10;        at java.util.concurrent.SynchronousQueue$TransferStack.transfer(SynchronousQueue.java:362)&#10;        at java.util.concurrent.SynchronousQueue.poll(SynchronousQueue.java:941)&#10;        at java.util.concurrent.ThreadPoolExecutor.getTask(ThreadPoolExecutor.java:1073)&#10;        at java.util.concurrent.ThreadPoolExecutor.runWorker(ThreadPoolExecutor.java:1134)&#10;        at java.util.concurrent.ThreadPoolExecutor$Worker.run(ThreadPoolExecutor.java:624)&#10;        at java.lang.Thread.run(Thread.java:748)&#10;&quot;IPC Server handler 15 on 9862&quot; daemon prio=5 tid=143 timed_waiting&#10;java.lang.Thread.State: TIMED_WAITING&#10;        at sun.misc.Unsafe.park(Native Method)&#10;        at java.util.concurrent.locks.LockSupport.parkNanos(LockSupport.java:215)&#10;        at java.util.concurrent.locks.AbstractQueuedSynchronizer$ConditionObject.awaitNanos(AbstractQueuedSynchronizer.java:2078)&#10;        at java.util.concurrent.LinkedBlockingQueue.poll(LinkedBlockingQueue.java:467)&#10;        at org.apache.hadoop.ipc.CallQueueManager.take(CallQueueManager.java:288)&#10;        at org.apache.hadoop.ipc.Server$Handler.run(Server.java:2668)&#10;&quot;EventQueue-PipelineReportForPipelineReportHandler&quot; daemon prio=5 tid=301 in Object.wait()&#10;java.lang.Thread.State: WAITING (on object monitor)&#10;        at sun.misc.Unsafe.park(Native Method)&#10;        at java.util.concurrent.locks.LockSupport.park(LockSupport.java:175)&#10;        at java.util.concurrent.locks.AbstractQueuedSynchronizer$ConditionObject.await(AbstractQueuedSynchronizer.java:2039)&#10;        at java.util.concurrent.LinkedBlockingQueue.take(LinkedBlockingQueue.java:442)&#10;        at java.util.concurrent.ThreadPoolExecutor.getTask(ThreadPoolExecutor.java:1074)&#10;        at java.util.concurrent.ThreadPoolExecutor.runWorker(ThreadPoolExecutor.java:1134)&#10;        at java.util.concurrent.ThreadPoolExecutor$Worker.run(ThreadPoolExecutor.java:624)&#10;        at java.lang.Thread.run(Thread.java:748)&#10;&quot;IPC Server handler 10 on 9862&quot; daemon prio=5 tid=137 timed_waiting&#10;java.lang.Thread.State: TIMED_WAITING&#10;        at sun.misc.Unsafe.park(Native Method)&#10;        at java.util.concurrent.locks.LockSupport.parkNanos(LockSupport.java:215)&#10;        at java.util.concurrent.locks.AbstractQueuedSynchronizer$ConditionObject.awaitNanos(AbstractQueuedSynchronizer.java:2078)&#10;        at java.util.concurrent.LinkedBlockingQueue.poll(LinkedBlockingQueue.java:467)&#10;        at org.apache.hadoop.ipc.CallQueueManager.take(CallQueueManager.java:288)&#10;        at org.apache.hadoop.ipc.Server$Handler.run(Server.java:2668)&#10;&quot;049e6fea-8fea-4434-aaa3-5a2ab300f420@group-19B699229BF9-StateMachineUpdater&quot; daemon prio=5 tid=1465 in Object.wait()&#10;java.lang.Thread.State: WAITING (on object monitor)&#10;        at java.lang.Object.wait(Native Method)&#10;        at java.lang.Object.wait(Object.java:502)&#10;        at org.apache.ratis.server.impl.StateMachineUpdater.waitForCommit(StateMachineUpdater.java:197)&#10;        at org.apache.ratis.server.impl.StateMachineUpdater.run(StateMachineUpdater.java:162)&#10;        at java.lang.Thread.run(Thread.java:748)&#10;&quot;qtp932569333-207&quot; daemon prio=5 tid=207 runnable&#10;java.lang.Thread.State: RUNNABLE&#10;        at sun.nio.ch.EPollArrayWrapper.epollWait(Native Method)&#10;        at sun.nio.ch.EPollArrayWrapper.poll(EPollArrayWrapper.java:269)&#10;        at sun.nio.ch.EPollSelectorImpl.doSelect(EPollSelectorImpl.java:93)&#10;        at sun.nio.ch.SelectorImpl.lockAndDoSelect(SelectorImpl.java:86)&#10;        at sun.nio.ch.SelectorImpl.select(SelectorImpl.java:97)&#10;        at sun.nio.ch.SelectorImpl.select(SelectorImpl.java:101)&#10;        at org.eclipse.jetty.io.ManagedSelector$SelectorProducer.select(ManagedSelector.java:472)&#10;        at org.eclipse.jetty.io.ManagedSelector$SelectorProducer.produce(ManagedSelector.java:409)&#10;        at org.eclipse.jetty.util.thread.strategy.EatWhatYouKill.produceTask(EatWhatYouKill.java:360)&#10;        at org.eclipse.jetty.util.thread.strategy.EatWhatYouKill.doProduce(EatWhatYouKill.java:184)&#10;        at org.eclipse.jetty.util.thread.strategy.EatWhatYouKill.tryProduce(EatWhatYouKill.java:171)&#10;        at org.eclipse.jetty.util.thread.strategy.EatWhatYouKill.produce(EatWhatYouKill.java:135)&#10;        at org.eclipse.jetty.io.ManagedSelector$$Lambda$72/1728066720.run(Unknown Source)&#10;        at org.eclipse.jetty.util.thread.QueuedThreadPool.runJob(QueuedThreadPool.java:806)&#10;        at org.eclipse.jetty.util.thread.QueuedThreadPool$Runner.run(QueuedThreadPool.java:938)&#10;        at java.lang.Thread.run(Thread.java:748)&#10;&quot;IPC Server handler 8 on 9862&quot; daemon prio=5 tid=135 timed_waiting&#10;java.lang.Thread.State: TIMED_WAITING&#10;        at sun.misc.Unsafe.park(Native Method)&#10;        at java.util.concurrent.locks.LockSupport.parkNanos(LockSupport.java:215)&#10;        at java.util.concurrent.locks.AbstractQueuedSynchronizer$ConditionObject.awaitNanos(AbstractQueuedSynchronizer.java:2078)&#10;        at java.util.concurrent.LinkedBlockingQueue.poll(LinkedBlockingQueue.java:467)&#10;        at org.apache.hadoop.ipc.CallQueueManager.take(CallQueueManager.java:288)&#10;        at org.apache.hadoop.ipc.Server$Handler.run(Server.java:2668)&#10;&quot;IPC Server handler 18 on 37155&quot; daemon prio=5 tid=93 timed_waiting&#10;java.lang.Thread.State: TIMED_WAITING&#10;        at sun.misc.Unsafe.park(Native Method)&#10;        at java.util.concurrent.locks.LockSupport.parkNanos(LockSupport.java:215)&#10;        at java.util.concurrent.locks.AbstractQueuedSynchronizer$ConditionObject.awaitNanos(AbstractQueuedSynchronizer.java:2078)&#10;        at java.util.concurrent.LinkedBlockingQueue.poll(LinkedBlockingQueue.java:467)&#10;        at org.apache.hadoop.ipc.CallQueueManager.take(CallQueueManager.java:288)&#10;        at org.apache.hadoop.ipc.Server$Handler.run(Server.java:2668)&#10;&quot;IPC Server handler 2 on 44693&quot; daemon prio=5 tid=37 timed_waiting&#10;java.lang.Thread.State: TIMED_WAITING&#10;        at sun.misc.Unsafe.park(Native Method)&#10;        at java.util.concurrent.locks.LockSupport.parkNanos(LockSupport.java:215)&#10;        at java.util.concurrent.locks.AbstractQueuedSynchronizer$ConditionObject.awaitNanos(AbstractQueuedSynchronizer.java:2078)&#10;        at java.util.concurrent.LinkedBlockingQueue.poll(LinkedBlockingQueue.java:467)&#10;        at org.apache.hadoop.ipc.CallQueueManager.take(CallQueueManager.java:288)&#10;        at org.apache.hadoop.ipc.Server$Handler.run(Server.java:2668)&#10;&quot;RatisPipelineUtilsThread&quot;  prio=5 tid=15 timed_waiting&#10;java.lang.Thread.State: TIMED_WAITING&#10;        at sun.misc.Unsafe.park(Native Method)&#10;        at java.util.concurrent.locks.LockSupport.parkNanos(LockSupport.java:215)&#10;        at java.util.concurrent.locks.AbstractQueuedSynchronizer$ConditionObject.awaitNanos(AbstractQueuedSynchronizer.java:2078)&#10;        at java.util.concurrent.ScheduledThreadPoolExecutor$DelayedWorkQueue.take(ScheduledThreadPoolExecutor.java:1093)&#10;        at java.util.concurrent.ScheduledThreadPoolExecutor$DelayedWorkQueue.take(ScheduledThreadPoolExecutor.java:809)&#10;        at java.util.concurrent.ThreadPoolExecutor.getTask(ThreadPoolExecutor.java:1074)&#10;        at java.util.concurrent.ThreadPoolExecutor.runWorker(ThreadPoolExecutor.java:1134)&#10;        at java.util.concurrent.ThreadPoolExecutor$Worker.run(ThreadPoolExecutor.java:624)&#10;        at java.lang.Thread.run(Thread.java:748)&#10;&quot;grpc-nio-worker-ELG-3-3&quot; daemon prio=5 tid=163 runnable&#10;java.lang.Thread.State: RUNNABLE&#10;        at sun.nio.ch.EPollArrayWrapper.epollWait(Native Method)&#10;        at sun.nio.ch.EPollArrayWrapper.poll(EPollArrayWrapper.java:269)&#10;        at sun.nio.ch.EPollSelectorImpl.doSelect(EPollSelectorImpl.java:93)&#10;        at sun.nio.ch.SelectorImpl.lockAndDoSelect(SelectorImpl.java:86)&#10;        at sun.nio.ch.SelectorImpl.select(SelectorImpl.java:97)&#10;        at org.apache.ratis.thirdparty.io.netty.channel.nio.SelectedSelectionKeySetSelector.select(SelectedSelectionKeySetSelector.java:62)&#10;        at org.apache.ratis.thirdparty.io.netty.channel.nio.NioEventLoop.select(NioEventLoop.java:806)&#10;        at org.apache.ratis.thirdparty.io.netty.channel.nio.NioEventLoop.run(NioEventLoop.java:454)&#10;        at org.apache.ratis.thirdparty.io.netty.util.concurrent.SingleThreadEventExecutor$5.run(SingleThreadEventExecutor.java:918)&#10;        at org.apache.ratis.thirdparty.io.netty.util.internal.ThreadExecutorMap$2.run(ThreadExecutorMap.java:74)&#10;        at org.apache.ratis.thirdparty.io.netty.util.concurrent.FastThreadLocalRunnable.run(FastThreadLocalRunnable.java:30)&#10;        at java.lang.Thread.run(Thread.java:748)&#10;&quot;qtp989196506-100&quot; daemon prio=5 tid=100 timed_waiting&#10;java.lang.Thread.State: TIMED_WAITING&#10;        at sun.misc.Unsafe.park(Native Method)&#10;        at java.util.concurrent.locks.LockSupport.parkNanos(LockSupport.java:215)&#10;        at java.util.concurrent.locks.AbstractQueuedSynchronizer$ConditionObject.awaitNanos(AbstractQueuedSynchronizer.java:2078)&#10;        at org.eclipse.jetty.util.BlockingArrayQueue.poll(BlockingArrayQueue.java:382)&#10;        at org.eclipse.jetty.util.thread.QueuedThreadPool$Runner.idleJobPoll(QueuedThreadPool.java:875)&#10;        at org.eclipse.jetty.util.thread.QueuedThreadPool$Runner.run(QueuedThreadPool.java:925)&#10;        at java.lang.Thread.run(Thread.java:748)&#10;&quot;process reaper&quot; daemon prio=10 tid=11 timed_waiting&#10;java.lang.Thread.State: TIMED_WAITING&#10;        at sun.misc.Unsafe.park(Native Method)&#10;        at java.util.concurrent.locks.LockSupport.parkNanos(LockSupport.java:215)&#10;        at java.util.concurrent.SynchronousQueue$TransferStack.awaitFulfill(SynchronousQueue.java:460)&#10;        at java.util.concurrent.SynchronousQueue$TransferStack.transfer(SynchronousQueue.java:362)&#10;        at java.util.concurrent.SynchronousQueue.poll(SynchronousQueue.java:941)&#10;        at java.util.concurrent.ThreadPoolExecutor.getTask(ThreadPoolExecutor.java:1073)&#10;        at java.util.concurrent.ThreadPoolExecutor.runWorker(ThreadPoolExecutor.java:1134)&#10;        at java.util.concurrent.ThreadPoolExecutor$Worker.run(ThreadPoolExecutor.java:624)&#10;        at java.lang.Thread.run(Thread.java:748)&#10;&quot;OMDoubleBufferFlushThread&quot; daemon prio=5 tid=113 timed_waiting&#10;java.lang.Thread.State: TIMED_WAITING&#10;        at java.lang.Object.wait(Native Method)&#10;        at org.apache.hadoop.ozone.om.ratis.OzoneManagerDoubleBuffer.canFlush(OzoneManagerDoubleBuffer.java:344)&#10;        at org.apache.hadoop.ozone.om.ratis.OzoneManagerDoubleBuffer.flushTransactions(OzoneManagerDoubleBuffer.java:133)&#10;        at org.apache.hadoop.ozone.om.ratis.OzoneManagerDoubleBuffer$$Lambda$115/673356648.run(Unknown Source)&#10;        at java.lang.Thread.run(Thread.java:748)&#10;&quot;Datanode ReportManager Thread - 2&quot; daemon prio=5 tid=221 timed_waiting&#10;java.lang.Thread.State: TIMED_WAITING&#10;        at sun.misc.Unsafe.park(Native Method)&#10;        at java.util.concurrent.locks.LockSupport.parkNanos(LockSupport.java:215)&#10;        at java.util.concurrent.locks.AbstractQueuedSynchronizer$ConditionObject.awaitNanos(AbstractQueuedSynchronizer.java:2078)&#10;        at java.util.concurrent.ScheduledThreadPoolExecutor$DelayedWorkQueue.take(ScheduledThreadPoolExecutor.java:1093)&#10;        at java.util.concurrent.ScheduledThreadPoolExecutor$DelayedWorkQueue.take(ScheduledThreadPoolExecutor.java:809)&#10;        at java.util.concurrent.ThreadPoolExecutor.getTask(ThreadPoolExecutor.java:1074)&#10;        at java.util.concurrent.ThreadPoolExecutor.runWorker(ThreadPoolExecutor.java:1134)&#10;        at java.util.concurrent.ThreadPoolExecutor$Worker.run(ThreadPoolExecutor.java:624)&#10;        at java.lang.Thread.run(Thread.java:748)&#10;&quot;Datanode State Machine Thread - 0&quot; daemon prio=5 tid=240 timed_waiting&#10;java.lang.Thread.State: TIMED_WAITING&#10;        at java.lang.Thread.sleep(Native Method)&#10;        at org.apache.hadoop.ozone.container.common.statemachine.DatanodeStateMachine.start(DatanodeStateMachine.java:213)&#10;        at org.apache.hadoop.ozone.container.common.statemachine.DatanodeStateMachine.lambda$startDaemon$0(DatanodeStateMachine.java:375)&#10;        at org.apache.hadoop.ozone.container.common.statemachine.DatanodeStateMachine$$Lambda$293/1536594000.run(Unknown Source)&#10;        at java.lang.Thread.run(Thread.java:748)&#10;&quot;prometheus&quot; daemon prio=5 tid=104 in Object.wait()&#10;java.lang.Thread.State: WAITING (on object monitor)&#10;        at java.lang.Object.wait(Native Method)&#10;        at java.lang.Object.wait(Object.java:502)&#10;        at org.apache.hadoop.metrics2.impl.SinkQueue.waitForData(SinkQueue.java:114)&#10;        at org.apache.hadoop.metrics2.impl.SinkQueue.consumeAll(SinkQueue.java:83)&#10;        at org.apache.hadoop.metrics2.impl.MetricsSinkAdapter.publishMetricsFromQueue(MetricsSinkAdapter.java:135)&#10;        at org.apache.hadoop.metrics2.impl.MetricsSinkAdapter$1.run(MetricsSinkAdapter.java:89)&#10;&quot;ChunkWriter-0-0&quot; daemon prio=5 tid=276 in Object.wait()&#10;java.lang.Thread.State: WAITING (on object monitor)&#10;        at sun.misc.Unsafe.park(Native Method)&#10;        at java.util.concurrent.locks.LockSupport.park(LockSupport.java:175)&#10;        at java.util.concurrent.locks.AbstractQueuedSynchronizer$ConditionObject.await(AbstractQueuedSynchronizer.java:2039)&#10;        at java.util.concurrent.LinkedBlockingDeque.takeFirst(LinkedBlockingDeque.java:492)&#10;        at java.util.concurrent.LinkedBlockingDeque.take(LinkedBlockingDeque.java:680)&#10;        at java.util.concurrent.ThreadPoolExecutor.getTask(ThreadPoolExecutor.java:1074)&#10;        at java.util.concurrent.ThreadPoolExecutor.runWorker(ThreadPoolExecutor.java:1134)&#10;        at java.util.concurrent.ThreadPoolExecutor$Worker.run(ThreadPoolExecutor.java:624)&#10;        at java.lang.Thread.run(Thread.java:748)&#10;&quot;b49cd372-011e-4c73-9cd9-f6b19e929270@group-BB78CE42D49A-SegmentedRaftLogWorker&quot;  prio=5 tid=342 timed_waiting&#10;java.lang.Thread.State: TIMED_WAITING&#10;        at sun.misc.Unsafe.park(Native Method)&#10;        at java.util.concurrent.locks.LockSupport.parkNanos(LockSupport.java:215)&#10;        at java.util.concurrent.locks.AbstractQueuedSynchronizer$ConditionObject.awaitNanos(AbstractQueuedSynchronizer.java:2078)&#10;        at org.apache.ratis.util.DataBlockingQueue.poll(DataBlockingQueue.java:137)&#10;        at org.apache.ratis.server.raftlog.segmented.SegmentedRaftLogWorker.run(SegmentedRaftLogWorker.java:287)&#10;        at java.lang.Thread.run(Thread.java:748)&#10;&quot;Socket Reader #1 for port 37155&quot;  prio=5 tid=17 runnable&#10;java.lang.Thread.State: RUNNABLE&#10;        at sun.nio.ch.EPollArrayWrapper.epollWait(Native Method)&#10;        at sun.nio.ch.EPollArrayWrapper.poll(EPollArrayWrapper.java:269)&#10;        at sun.nio.ch.EPollSelectorImpl.doSelect(EPollSelectorImpl.java:93)&#10;        at sun.nio.ch.SelectorImpl.lockAndDoSelect(SelectorImpl.java:86)&#10;        at sun.nio.ch.SelectorImpl.select(SelectorImpl.java:97)&#10;        at sun.nio.ch.SelectorImpl.select(SelectorImpl.java:101)&#10;        at org.apache.hadoop.ipc.Server$Listener$Reader.doRunLoop(Server.java:1097)&#10;        at org.apache.hadoop.ipc.Server$Listener$Reader.run(Server.java:1076)&#10;&quot;BlockDeletingService#2&quot; daemon prio=5 tid=898 in Object.wait()&#10;java.lang.Thread.State: WAITING (on object monitor)&#10;        at sun.misc.Unsafe.park(Native Method)&#10;        at java.util.concurrent.locks.LockSupport.park(LockSupport.java:175)&#10;        at java.util.concurrent.locks.AbstractQueuedSynchronizer$ConditionObject.await(AbstractQueuedSynchronizer.java:2039)&#10;        at java.util.concurrent.ScheduledThreadPoolExecutor$DelayedWorkQueue.take(ScheduledThreadPoolExecutor.java:1088)&#10;        at java.util.concurrent.ScheduledThreadPoolExecutor$DelayedWorkQueue.take(ScheduledThreadPoolExecutor.java:809)&#10;        at java.util.concurrent.ThreadPoolExecutor.getTask(ThreadPoolExecutor.java:1074)&#10;        at java.util.concurrent.ThreadPoolExecutor.runWorker(ThreadPoolExecutor.java:1134)&#10;        at java.util.concurrent.ThreadPoolExecutor$Worker.run(ThreadPoolExecutor.java:624)&#10;        at java.lang.Thread.run(Thread.java:748)&#10;&quot;KeyDeletingService#0&quot; daemon prio=5 tid=126 timed_waiting&#10;java.lang.Thread.State: TIMED_WAITING&#10;        at sun.misc.Unsafe.park(Native Method)&#10;        at java.util.concurrent.locks.LockSupport.parkNanos(LockSupport.java:215)&#10;        at java.util.concurrent.locks.AbstractQueuedSynchronizer$ConditionObject.awaitNanos(AbstractQueuedSynchronizer.java:2078)&#10;        at java.util.concurrent.ScheduledThreadPoolExecutor$DelayedWorkQueue.take(ScheduledThreadPoolExecutor.java:1093)&#10;        at java.util.concurrent.ScheduledThreadPoolExecutor$DelayedWorkQueue.take(ScheduledThreadPoolExecutor.java:809)&#10;        at java.util.concurrent.ThreadPoolExecutor.getTask(ThreadPoolExecutor.java:1074)&#10;        at java.util.concurrent.ThreadPoolExecutor.runWorker(ThreadPoolExecutor.java:1134)&#10;        at java.util.concurrent.ThreadPoolExecutor$Worker.run(ThreadPoolExecutor.java:624)&#10;        at java.lang.Thread.run(Thread.java:748)&#10;&quot;qtp1179456560-232&quot; daemon prio=5 tid=232 timed_waiting&#10;java.lang.Thread.State: TIMED_WAITING&#10;        at sun.misc.Unsafe.park(Native Method)&#10;        at java.util.concurrent.locks.LockSupport.parkNanos(LockSupport.java:215)&#10;        at java.util.concurrent.locks.AbstractQueuedSynchronizer$ConditionObject.awaitNanos(AbstractQueuedSynchronizer.java:2078)&#10;        at org.eclipse.jetty.util.BlockingArrayQueue.poll(BlockingArrayQueue.java:382)&#10;        at org.eclipse.jetty.util.thread.QueuedThreadPool$Runner.idleJobPoll(QueuedThreadPool.java:875)&#10;        at org.eclipse.jetty.util.thread.QueuedThreadPool$Runner.run(QueuedThreadPool.java:925)&#10;        at java.lang.Thread.run(Thread.java:748)&#10;&quot;IPC Server handler 19 on 37155&quot; daemon prio=5 tid=94 timed_waiting&#10;java.lang.Thread.State: TIMED_WAITING&#10;        at sun.misc.Unsafe.park(Native Method)&#10;        at java.util.concurrent.locks.LockSupport.parkNanos(LockSupport.java:215)&#10;        at java.util.concurrent.locks.AbstractQueuedSynchronizer$ConditionObject.awaitNanos(AbstractQueuedSynchronizer.java:2078)&#10;        at java.util.concurrent.LinkedBlockingQueue.poll(LinkedBlockingQueue.java:467)&#10;        at org.apache.hadoop.ipc.CallQueueManager.take(CallQueueManager.java:288)&#10;        at org.apache.hadoop.ipc.Server$Handler.run(Server.java:2668)&#10;&quot;Periodic HDDS volume checker&quot; daemon prio=5 tid=174 timed_waiting&#10;java.lang.Thread.State: TIMED_WAITING&#10;        at sun.misc.Unsafe.park(Native Method)&#10;        at java.util.concurrent.locks.LockSupport.parkNanos(LockSupport.java:215)&#10;        at java.util.concurrent.locks.AbstractQueuedSynchronizer$ConditionObject.awaitNanos(AbstractQueuedSynchronizer.java:2078)&#10;        at java.util.concurrent.ScheduledThreadPoolExecutor$DelayedWorkQueue.take(ScheduledThreadPoolExecutor.java:1093)&#10;        at java.util.concurrent.ScheduledThreadPoolExecutor$DelayedWorkQueue.take(ScheduledThreadPoolExecutor.java:809)&#10;        at java.util.concurrent.ThreadPoolExecutor.getTask(ThreadPoolExecutor.java:1074)&#10;        at java.util.concurrent.ThreadPoolExecutor.runWorker(ThreadPoolExecutor.java:1134)&#10;        at java.util.concurrent.ThreadPoolExecutor$Worker.run(ThreadPoolExecutor.java:624)&#10;        at java.lang.Thread.run(Thread.java:748)&#10;&quot;ChunkWriter-3-0&quot; daemon prio=5 tid=272 in Object.wait()&#10;java.lang.Thread.State: WAITING (on object monitor)&#10;        at sun.misc.Unsafe.park(Native Method)&#10;        at java.util.concurrent.locks.LockSupport.park(LockSupport.java:175)&#10;        at java.util.concurrent.locks.AbstractQueuedSynchronizer$ConditionObject.await(AbstractQueuedSynchronizer.java:2039)&#10;        at java.util.concurrent.LinkedBlockingDeque.takeFirst(LinkedBlockingDeque.java:492)&#10;        at java.util.concurrent.LinkedBlockingDeque.take(LinkedBlockingDeque.java:680)&#10;        at java.util.concurrent.ThreadPoolExecutor.getTask(ThreadPoolExecutor.java:1074)&#10;        at java.util.concurrent.ThreadPoolExecutor.runWorker(ThreadPoolExecutor.java:1134)&#10;        at java.util.concurrent.ThreadPoolExecutor$Worker.run(ThreadPoolExecutor.java:624)&#10;        at java.lang.Thread.run(Thread.java:748)&#10;&quot;qtp932569333-213&quot; daemon prio=5 tid=213 timed_waiting&#10;java.lang.Thread.State: TIMED_WAITING&#10;        at sun.misc.Unsafe.park(Native Method)&#10;        at java.util.concurrent.locks.LockSupport.parkNanos(LockSupport.java:215)&#10;        at java.util.concurrent.locks.AbstractQueuedSynchronizer$ConditionObject.awaitNanos(AbstractQueuedSynchronizer.java:2078)&#10;        at org.eclipse.jetty.util.BlockingArrayQueue.poll(BlockingArrayQueue.java:382)&#10;        at org.eclipse.jetty.util.thread.QueuedThreadPool$Runner.idleJobPoll(QueuedThreadPool.java:875)&#10;        at org.eclipse.jetty.util.thread.QueuedThreadPool$Runner.run(QueuedThreadPool.java:925)&#10;        at java.lang.Thread.run(Thread.java:748)&#10;&quot;049e6fea-8fea-4434-aaa3-5a2ab300f420@group-5C396212DADF-StateMachineUpdater&quot; daemon prio=5 tid=1448 in Object.wait()&#10;java.lang.Thread.State: WAITING (on object monitor)&#10;        at java.lang.Object.wait(Native Method)&#10;        at java.lang.Object.wait(Object.java:502)&#10;        at org.apache.ratis.server.impl.StateMachineUpdater.waitForCommit(StateMachineUpdater.java:197)&#10;        at org.apache.ratis.server.impl.StateMachineUpdater.run(StateMachineUpdater.java:162)&#10;        at java.lang.Thread.run(Thread.java:748)&#10;&quot;ChunkWriter-3-0&quot; daemon prio=5 tid=279 in Object.wait()&#10;java.lang.Thread.State: WAITING (on object monitor)&#10;        at sun.misc.Unsafe.park(Native Method)&#10;        at java.util.concurrent.locks.LockSupport.park(LockSupport.java:175)&#10;        at java.util.concurrent.locks.AbstractQueuedSynchronizer$ConditionObject.await(AbstractQueuedSynchronizer.java:2039)&#10;        at java.util.concurrent.LinkedBlockingDeque.takeFirst(LinkedBlockingDeque.java:492)&#10;        at java.util.concurrent.LinkedBlockingDeque.take(LinkedBlockingDeque.java:680)&#10;        at java.util.concurrent.ThreadPoolExecutor.getTask(ThreadPoolExecutor.java:1074)&#10;        at java.util.concurrent.ThreadPoolExecutor.runWorker(ThreadPoolExecutor.java:1134)&#10;        at java.util.concurrent.ThreadPoolExecutor$Worker.run(ThreadPoolExecutor.java:624)&#10;        at java.lang.Thread.run(Thread.java:748)&#10;&quot;ChunkWriter-3-0&quot; daemon prio=5 tid=265 in Object.wait()&#10;java.lang.Thread.State: WAITING (on object monitor)&#10;        at sun.misc.Unsafe.park(Native Method)&#10;        at java.util.concurrent.locks.LockSupport.park(LockSupport.java:175)&#10;        at java.util.concurrent.locks.AbstractQueuedSynchronizer$ConditionObject.await(AbstractQueuedSynchronizer.java:2039)&#10;        at java.util.concurrent.LinkedBlockingDeque.takeFirst(LinkedBlockingDeque.java:492)&#10;        at java.util.concurrent.LinkedBlockingDeque.take(LinkedBlockingDeque.java:680)&#10;        at java.util.concurrent.ThreadPoolExecutor.getTask(ThreadPoolExecutor.java:1074)&#10;        at java.util.concurrent.ThreadPoolExecutor.runWorker(ThreadPoolExecutor.java:1134)&#10;        at java.util.concurrent.ThreadPoolExecutor$Worker.run(ThreadPoolExecutor.java:624)&#10;        at java.lang.Thread.run(Thread.java:748)&#10;&quot;Socket Reader #1 for port 46581&quot;  prio=5 tid=21 runnable&#10;java.lang.Thread.State: RUNNABLE&#10;        at sun.nio.ch.EPollArrayWrapper.epollWait(Native Method)&#10;        at sun.nio.ch.EPollArrayWrapper.poll(EPollArrayWrapper.java:269)&#10;        at sun.nio.ch.EPollSelectorImpl.doSelect(EPollSelectorImpl.java:93)&#10;        at sun.nio.ch.SelectorImpl.lockAndDoSelect(SelectorImpl.java:86)&#10;        at sun.nio.ch.SelectorImpl.select(SelectorImpl.java:97)&#10;        at sun.nio.ch.SelectorImpl.select(SelectorImpl.java:101)&#10;        at org.apache.hadoop.ipc.Server$Listener$Reader.doRunLoop(Server.java:1097)&#10;        at org.apache.hadoop.ipc.Server$Listener$Reader.run(Server.java:1076)&#10;&quot;IPC Parameter Sending Thread #0&quot; daemon prio=5 tid=109 timed_waiting&#10;java.lang.Thread.State: TIMED_WAITING&#10;        at sun.misc.Unsafe.park(Native Method)&#10;        at java.util.concurrent.locks.LockSupport.parkNanos(LockSupport.java:215)&#10;        at java.util.concurrent.SynchronousQueue$TransferStack.awaitFulfill(SynchronousQueue.java:460)&#10;        at java.util.concurrent.SynchronousQueue$TransferStack.transfer(SynchronousQueue.java:362)&#10;        at java.util.concurrent.SynchronousQueue.poll(SynchronousQueue.java:941)&#10;        at java.util.concurrent.ThreadPoolExecutor.getTask(ThreadPoolExecutor.java:1073)&#10;        at java.util.concurrent.ThreadPoolExecutor.runWorker(ThreadPoolExecutor.java:1134)&#10;        at java.util.concurrent.ThreadPoolExecutor$Worker.run(ThreadPoolExecutor.java:624)&#10;        at java.lang.Thread.run(Thread.java:748)&#10;&quot;IPC Server handler 14 on 37155&quot; daemon prio=5 tid=89 timed_waiting&#10;java.lang.Thread.State: TIMED_WAITING&#10;        at sun.misc.Unsafe.park(Native Method)&#10;        at java.util.concurrent.locks.LockSupport.parkNanos(LockSupport.java:215)&#10;        at java.util.concurrent.locks.AbstractQueuedSynchronizer$ConditionObject.awaitNanos(AbstractQueuedSynchronizer.java:2078)&#10;        at java.util.concurrent.LinkedBlockingQueue.poll(LinkedBlockingQueue.java:467)&#10;        at org.apache.hadoop.ipc.CallQueueManager.take(CallQueueManager.java:288)&#10;        at org.apache.hadoop.ipc.Server$Handler.run(Server.java:2668)&#10;&quot;ChunkWriter-1-0&quot; daemon prio=5 tid=270 in Object.wait()&#10;java.lang.Thread.State: WAITING (on object monitor)&#10;        at sun.misc.Unsafe.park(Native Method)&#10;        at java.util.concurrent.locks.LockSupport.park(LockSupport.java:175)&#10;        at java.util.concurrent.locks.AbstractQueuedSynchronizer$ConditionObject.await(AbstractQueuedSynchronizer.java:2039)&#10;        at java.util.concurrent.LinkedBlockingDeque.takeFirst(LinkedBlockingDeque.java:492)&#10;        at java.util.concurrent.LinkedBlockingDeque.take(LinkedBlockingDeque.java:680)&#10;        at java.util.concurrent.ThreadPoolExecutor.getTask(ThreadPoolExecutor.java:1074)&#10;        at java.util.concurrent.ThreadPoolExecutor.runWorker(ThreadPoolExecutor.java:1134)&#10;        at java.util.concurrent.ThreadPoolExecutor$Worker.run(ThreadPoolExecutor.java:624)&#10;        at java.lang.Thread.run(Thread.java:748)&#10;&quot;qtp932569333-208-acceptor-0@2987b64d-ServerConnector@54a4d15f{HTTP/1.1,[http/1.1]}{0.0.0.0:46675}&quot; daemon prio=3 tid=208 runnable&#10;java.lang.Thread.State: RUNNABLE&#10;        at sun.nio.ch.ServerSocketChannelImpl.accept0(Native Method)&#10;        at sun.nio.ch.ServerSocketChannelImpl.accept(ServerSocketChannelImpl.java:422)&#10;        at sun.nio.ch.ServerSocketChannelImpl.accept(ServerSocketChannelImpl.java:250)&#10;        at org.eclipse.jetty.server.ServerConnector.accept(ServerConnector.java:385)&#10;        at org.eclipse.jetty.server.AbstractConnector$Acceptor.run(AbstractConnector.java:701)&#10;        at org.eclipse.jetty.util.thread.QueuedThreadPool.runJob(QueuedThreadPool.java:806)&#10;        at org.eclipse.jetty.util.thread.QueuedThreadPool$Runner.run(QueuedThreadPool.java:938)&#10;        at java.lang.Thread.run(Thread.java:748)&#10;&quot;IPC Server handler 10 on 44693&quot; daemon prio=5 tid=45 timed_waiting&#10;java.lang.Thread.State: TIMED_WAITING&#10;        at sun.misc.Unsafe.park(Native Method)&#10;        at java.util.concurrent.locks.LockSupport.parkNanos(LockSupport.java:215)&#10;        at java.util.concurrent.locks.AbstractQueuedSynchronizer$ConditionObject.awaitNanos(AbstractQueuedSynchronizer.java:2078)&#10;        at java.util.concurrent.LinkedBlockingQueue.poll(LinkedBlockingQueue.java:467)&#10;        at org.apache.hadoop.ipc.CallQueueManager.take(CallQueueManager.java:288)&#10;        at org.apache.hadoop.ipc.Server$Handler.run(Server.java:2668)&#10;&quot;grpc-nio-worker-ELG-3-1&quot; daemon prio=5 tid=161 runnable&#10;java.lang.Thread.State: RUNNABLE&#10;        at sun.nio.ch.EPollArrayWrapper.epollWait(Native Method)&#10;        at sun.nio.ch.EPollArrayWrapper.poll(EPollArrayWrapper.java:269)&#10;        at sun.nio.ch.EPollSelectorImpl.doSelect(EPollSelectorImpl.java:93)&#10;        at sun.nio.ch.SelectorImpl.lockAndDoSelect(SelectorImpl.java:86)&#10;        at sun.nio.ch.SelectorImpl.select(SelectorImpl.java:97)&#10;        at org.apache.ratis.thirdparty.io.netty.channel.nio.SelectedSelectionKeySetSelector.select(SelectedSelectionKeySetSelector.java:62)&#10;        at org.apache.ratis.thirdparty.io.netty.channel.nio.NioEventLoop.select(NioEventLoop.java:806)&#10;        at org.apache.ratis.thirdparty.io.netty.channel.nio.NioEventLoop.run(NioEventLoop.java:454)&#10;        at org.apache.ratis.thirdparty.io.netty.util.concurrent.SingleThreadEventExecutor$5.run(SingleThreadEventExecutor.java:918)&#10;        at org.apache.ratis.thirdparty.io.netty.util.internal.ThreadExecutorMap$2.run(ThreadExecutorMap.java:74)&#10;        at org.apache.ratis.thirdparty.io.netty.util.concurrent.FastThreadLocalRunnable.run(FastThreadLocalRunnable.java:30)&#10;        at java.lang.Thread.run(Thread.java:748)&#10;&quot;IPC Server handler 3 on 46581&quot; daemon prio=5 tid=58 timed_waiting&#10;java.lang.Thread.State: TIMED_WAITING&#10;        at sun.misc.Unsafe.park(Native Method)&#10;        at java.util.concurrent.locks.LockSupport.parkNanos(LockSupport.java:215)&#10;        at java.util.concurrent.locks.AbstractQueuedSynchronizer$ConditionObject.awaitNanos(AbstractQueuedSynchronizer.java:2078)&#10;        at java.util.concurrent.LinkedBlockingQueue.poll(LinkedBlockingQueue.java:467)&#10;        at org.apache.hadoop.ipc.CallQueueManager.take(CallQueueManager.java:288)&#10;        at org.apache.hadoop.ipc.Server$Handler.run(Server.java:2668)&#10;&quot;omNode1@group-3464CFB7038B-SegmentedRaftLogWorker&quot;  prio=5 tid=119 timed_waiting&#10;java.lang.Thread.State: TIMED_WAITING&#10;        at sun.misc.Unsafe.park(Native Method)&#10;        at java.util.concurrent.locks.LockSupport.parkNanos(LockSupport.java:215)&#10;        at java.util.concurrent.locks.AbstractQueuedSynchronizer$ConditionObject.awaitNanos(AbstractQueuedSynchronizer.java:2078)&#10;        at org.apache.ratis.util.DataBlockingQueue.poll(DataBlockingQueue.java:137)&#10;        at org.apache.ratis.server.raftlog.segmented.SegmentedRaftLogWorker.run(SegmentedRaftLogWorker.java:287)&#10;        at java.lang.Thread.run(Thread.java:748)&#10;&quot;Datanode ReportManager Thread - 1&quot; daemon prio=5 tid=220 in Object.wait()&#10;java.lang.Thread.State: WAITING (on object monitor)&#10;        at sun.misc.Unsafe.park(Native Method)&#10;        at java.util.concurrent.locks.LockSupport.park(LockSupport.java:175)&#10;        at java.util.concurrent.locks.AbstractQueuedSynchronizer$ConditionObject.await(AbstractQueuedSynchronizer.java:2039)&#10;        at java.util.concurrent.ScheduledThreadPoolExecutor$DelayedWorkQueue.take(ScheduledThreadPoolExecutor.java:1088)&#10;        at java.util.concurrent.ScheduledThreadPoolExecutor$DelayedWorkQueue.take(ScheduledThreadPoolExecutor.java:809)&#10;        at java.util.concurrent.ThreadPoolExecutor.getTask(ThreadPoolExecutor.java:1074)&#10;        at java.util.concurrent.ThreadPoolExecutor.runWorker(ThreadPoolExecutor.java:1134)&#10;        at java.util.concurrent.ThreadPoolExecutor$Worker.run(ThreadPoolExecutor.java:624)&#10;        at java.lang.Thread.run(Thread.java:748)&#10;&quot;IPC Server Responder&quot; daemon prio=5 tid=117 runnable&#10;java.lang.Thread.State: RUNNABLE&#10;        at sun.nio.ch.EPollArrayWrapper.epollWait(Native Method)&#10;        at sun.nio.ch.EPollArrayWrapper.poll(EPollArrayWrapper.java:269)&#10;        at sun.nio.ch.EPollSelectorImpl.doSelect(EPollSelectorImpl.java:93)&#10;        at sun.nio.ch.SelectorImpl.lockAndDoSelect(SelectorImpl.java:86)&#10;        at sun.nio.ch.SelectorImpl.select(SelectorImpl.java:97)&#10;        at org.apache.hadoop.ipc.Server$Responder.doRunLoop(Server.java:1334)&#10;        at org.apache.hadoop.ipc.Server$Responder.run(Server.java:1317)&#10;&quot;IPC Server handler 17 on 46581&quot; daemon prio=5 tid=72 timed_waiting&#10;java.lang.Thread.State: TIMED_WAITING&#10;        at sun.misc.Unsafe.park(Native Method)&#10;        at java.util.concurrent.locks.LockSupport.parkNanos(LockSupport.java:215)&#10;        at java.util.concurrent.locks.AbstractQueuedSynchronizer$ConditionObject.awaitNanos(AbstractQueuedSynchronizer.java:2078)&#10;        at java.util.concurrent.LinkedBlockingQueue.poll(LinkedBlockingQueue.java:467)&#10;        at org.apache.hadoop.ipc.CallQueueManager.take(CallQueueManager.java:288)&#10;        at org.apache.hadoop.ipc.Server$Handler.run(Server.java:2668)&#10;&quot;IPC Server handler 9 on 9862&quot; daemon prio=5 tid=136 timed_waiting&#10;java.lang.Thread.State: TIMED_WAITING&#10;        at sun.misc.Unsafe.park(Native Method)&#10;        at java.util.concurrent.locks.LockSupport.parkNanos(LockSupport.java:215)&#10;        at java.util.concurrent.locks.AbstractQueuedSynchronizer$ConditionObject.awaitNanos(AbstractQueuedSynchronizer.java:2078)&#10;        at java.util.concurrent.LinkedBlockingQueue.poll(LinkedBlockingQueue.java:467)&#10;        at org.apache.hadoop.ipc.CallQueueManager.take(CallQueueManager.java:288)&#10;        at org.apache.hadoop.ipc.Server$Handler.run(Server.java:2668)&#10;&quot;qtp989196506-96-acceptor-0@4deb7b1d-ServerConnector@69bdb27c{HTTP/1.1,[http/1.1]}{0.0.0.0:40805}&quot; daemon prio=3 tid=96 runnable&#10;java.lang.Thread.State: RUNNABLE&#10;        at sun.nio.ch.ServerSocketChannelImpl.accept0(Native Method)&#10;        at sun.nio.ch.ServerSocketChannelImpl.accept(ServerSocketChannelImpl.java:422)&#10;        at sun.nio.ch.ServerSocketChannelImpl.accept(ServerSocketChannelImpl.java:250)&#10;        at org.eclipse.jetty.server.ServerConnector.accept(ServerConnector.java:385)&#10;        at org.eclipse.jetty.server.AbstractConnector$Acceptor.run(AbstractConnector.java:701)&#10;        at org.eclipse.jetty.util.thread.QueuedThreadPool.runJob(QueuedThreadPool.java:806)&#10;        at org.eclipse.jetty.util.thread.QueuedThreadPool$Runner.run(QueuedThreadPool.java:938)&#10;        at java.lang.Thread.run(Thread.java:748)&#10;&quot;qtp1296516504-150&quot; daemon prio=5 tid=150 runnable&#10;java.lang.Thread.State: RUNNABLE&#10;        at sun.nio.ch.EPollArrayWrapper.epollWait(Native Method)&#10;        at sun.nio.ch.EPollArrayWrapper.poll(EPollArrayWrapper.java:269)&#10;        at sun.nio.ch.EPollSelectorImpl.doSelect(EPollSelectorImpl.java:93)&#10;        at sun.nio.ch.SelectorImpl.lockAndDoSelect(SelectorImpl.java:86)&#10;        at sun.nio.ch.SelectorImpl.select(SelectorImpl.java:97)&#10;        at sun.nio.ch.SelectorImpl.select(SelectorImpl.java:101)&#10;        at org.eclipse.jetty.io.ManagedSelector$SelectorProducer.select(ManagedSelector.java:472)&#10;        at org.eclipse.jetty.io.ManagedSelector$SelectorProducer.produce(ManagedSelector.java:409)&#10;        at org.eclipse.jetty.util.thread.strategy.EatWhatYouKill.produceTask(EatWhatYouKill.java:360)&#10;        at org.eclipse.jetty.util.thread.strategy.EatWhatYouKill.doProduce(EatWhatYouKill.java:184)&#10;        at org.eclipse.jetty.util.thread.strategy.EatWhatYouKill.tryProduce(EatWhatYouKill.java:171)&#10;        at org.eclipse.jetty.util.thread.strategy.EatWhatYouKill.produce(EatWhatYouKill.java:135)&#10;        at org.eclipse.jetty.io.ManagedSelector$$Lambda$72/1728066720.run(Unknown Source)&#10;        at org.eclipse.jetty.util.thread.QueuedThreadPool.runJob(QueuedThreadPool.java:806)&#10;        at org.eclipse.jetty.util.thread.QueuedThreadPool$Runner.run(QueuedThreadPool.java:938)&#10;        at java.lang.Thread.run(Thread.java:748)&#10;&quot;IPC Server handler 0 on 46581&quot; daemon prio=5 tid=55 timed_waiting&#10;java.lang.Thread.State: TIMED_WAITING&#10;        at sun.misc.Unsafe.park(Native Method)&#10;        at java.util.concurrent.locks.LockSupport.parkNanos(LockSupport.java:215)&#10;        at java.util.concurrent.locks.AbstractQueuedSynchronizer$ConditionObject.awaitNanos(AbstractQueuedSynchronizer.java:2078)&#10;        at java.util.concurrent.LinkedBlockingQueue.poll(LinkedBlockingQueue.java:467)&#10;        at org.apache.hadoop.ipc.CallQueueManager.take(CallQueueManager.java:288)&#10;        at org.apache.hadoop.ipc.Server$Handler.run(Server.java:2668)&#10;&quot;IPC Server handler 17 on 9862&quot; daemon prio=5 tid=145 timed_waiting&#10;java.lang.Thread.State: TIMED_WAITING&#10;        at sun.misc.Unsafe.park(Native Method)&#10;        at java.util.concurrent.locks.LockSupport.parkNanos(LockSupport.java:215)&#10;        at java.util.concurrent.locks.AbstractQueuedSynchronizer$ConditionObject.awaitNanos(AbstractQueuedSynchronizer.java:2078)&#10;        at java.util.concurrent.LinkedBlockingQueue.poll(LinkedBlockingQueue.java:467)&#10;        at org.apache.hadoop.ipc.CallQueueManager.take(CallQueueManager.java:288)&#10;        at org.apache.hadoop.ipc.Server$Handler.run(Server.java:2668)&#10;&quot;qtp932569333-211&quot; daemon prio=5 tid=211 timed_waiting&#10;java.lang.Thread.State: TIMED_WAITING&#10;        at sun.misc.Unsafe.park(Native Method)&#10;        at java.util.concurrent.locks.LockSupport.parkNanos(LockSupport.java:215)&#10;        at java.util.concurrent.locks.AbstractQueuedSynchronizer$ConditionObject.awaitNanos(AbstractQueuedSynchronizer.java:2078)&#10;        at org.eclipse.jetty.util.BlockingArrayQueue.poll(BlockingArrayQueue.java:382)&#10;        at org.eclipse.jetty.util.thread.QueuedThreadPool$Runner.idleJobPoll(QueuedThreadPool.java:875)&#10;        at org.eclipse.jetty.util.thread.QueuedThreadPool$Runner.run(QueuedThreadPool.java:925)&#10;        at java.lang.Thread.run(Thread.java:748)&#10;&quot;ChunkWriter-0-0&quot; daemon prio=5 tid=269 in Object.wait()&#10;java.lang.Thread.State: WAITING (on object monitor)&#10;        at sun.misc.Unsafe.park(Native Method)&#10;        at java.util.concurrent.locks.LockSupport.park(LockSupport.java:175)&#10;        at java.util.concurrent.locks.AbstractQueuedSynchronizer$ConditionObject.await(AbstractQueuedSynchronizer.java:2039)&#10;        at java.util.concurrent.LinkedBlockingDeque.takeFirst(LinkedBlockingDeque.java:492)&#10;        at java.util.concurrent.LinkedBlockingDeque.take(LinkedBlockingDeque.java:680)&#10;        at java.util.concurrent.ThreadPoolExecutor.getTask(ThreadPoolExecutor.java:1074)&#10;        at java.util.concurrent.ThreadPoolExecutor.runWorker(ThreadPoolExecutor.java:1134)&#10;        at java.util.concurrent.ThreadPoolExecutor$Worker.run(ThreadPoolExecutor.java:624)&#10;        at java.lang.Thread.run(Thread.java:748)&#10;&quot;IPC Server handler 3 on 44693&quot; daemon prio=5 tid=38 timed_waiting&#10;java.lang.Thread.State: TIMED_WAITING&#10;        at sun.misc.Unsafe.park(Native Method)&#10;        at java.util.concurrent.locks.LockSupport.parkNanos(LockSupport.java:215)&#10;        at java.util.concurrent.locks.AbstractQueuedSynchronizer$ConditionObject.awaitNanos(AbstractQueuedSynchronizer.java:2078)&#10;        at java.util.concurrent.LinkedBlockingQueue.poll(LinkedBlockingQueue.java:467)&#10;        at org.apache.hadoop.ipc.CallQueueManager.take(CallQueueManager.java:288)&#10;        at org.apache.hadoop.ipc.Server$Handler.run(Server.java:2668)&#10;&quot;qtp1179456560-234&quot; daemon prio=5 tid=234 timed_waiting&#10;java.lang.Thread.State: TIMED_WAITING&#10;        at sun.misc.Unsafe.park(Native Method)&#10;        at java.util.concurrent.locks.LockSupport.parkNanos(LockSupport.java:215)&#10;        at java.util.concurrent.locks.AbstractQueuedSynchronizer$ConditionObject.awaitNanos(AbstractQueuedSynchronizer.java:2078)&#10;        at org.eclipse.jetty.util.BlockingArrayQueue.poll(BlockingArrayQueue.java:382)&#10;        at org.eclipse.jetty.util.thread.QueuedThreadPool$Runner.idleJobPoll(QueuedThreadPool.java:875)&#10;        at org.eclipse.jetty.util.thread.QueuedThreadPool$Runner.run(QueuedThreadPool.java:925)&#10;        at java.lang.Thread.run(Thread.java:748)&#10;&quot;IPC Server handler 10 on 46581&quot; daemon prio=5 tid=65 timed_waiting&#10;java.lang.Thread.State: TIMED_WAITING&#10;        at sun.misc.Unsafe.park(Native Method)&#10;        at java.util.concurrent.locks.LockSupport.parkNanos(LockSupport.java:215)&#10;        at java.util.concurrent.locks.AbstractQueuedSynchronizer$ConditionObject.awaitNanos(AbstractQueuedSynchronizer.java:2078)&#10;        at java.util.concurrent.LinkedBlockingQueue.poll(LinkedBlockingQueue.java:467)&#10;        at org.apache.hadoop.ipc.CallQueueManager.take(CallQueueManager.java:288)&#10;        at org.apache.hadoop.ipc.Server$Handler.run(Server.java:2668)&#10;&quot;IPC Server handler 18 on 9862&quot; daemon prio=5 tid=146 timed_waiting&#10;java.lang.Thread.State: TIMED_WAITING&#10;        at sun.misc.Unsafe.park(Native Method)&#10;        at java.util.concurrent.locks.LockSupport.parkNanos(LockSupport.java:215)&#10;        at java.util.concurrent.locks.AbstractQueuedSynchronizer$ConditionObject.awaitNanos(AbstractQueuedSynchronizer.java:2078)&#10;        at java.util.concurrent.LinkedBlockingQueue.poll(LinkedBlockingQueue.java:467)&#10;        at org.apache.hadoop.ipc.CallQueueManager.take(CallQueueManager.java:288)&#10;        at org.apache.hadoop.ipc.Server$Handler.run(Server.java:2668)&#10;&quot;Datanode ReportManager Thread - 2&quot; daemon prio=5 tid=198 in Object.wait()&#10;java.lang.Thread.State: WAITING (on object monitor)&#10;        at sun.misc.Unsafe.park(Native Method)&#10;        at java.util.concurrent.locks.LockSupport.park(LockSupport.java:175)&#10;        at java.util.concurrent.locks.AbstractQueuedSynchronizer$ConditionObject.await(AbstractQueuedSynchronizer.java:2039)&#10;        at java.util.concurrent.ScheduledThreadPoolExecutor$DelayedWorkQueue.take(ScheduledThreadPoolExecutor.java:1088)&#10;        at java.util.concurrent.ScheduledThreadPoolExecutor$DelayedWorkQueue.take(ScheduledThreadPoolExecutor.java:809)&#10;        at java.util.concurrent.ThreadPoolExecutor.getTask(ThreadPoolExecutor.java:1074)&#10;        at java.util.concurrent.ThreadPoolExecutor.runWorker(ThreadPoolExecutor.java:1134)&#10;        at java.util.concurrent.ThreadPoolExecutor$Worker.run(ThreadPoolExecutor.java:624)&#10;        at java.lang.Thread.run(Thread.java:748)&#10;&quot;qtp1296516504-153&quot; daemon prio=5 tid=153 timed_waiting&#10;java.lang.Thread.State: TIMED_WAITING&#10;        at sun.misc.Unsafe.park(Native Method)&#10;        at java.util.concurrent.locks.LockSupport.parkNanos(LockSupport.java:215)&#10;        at java.util.concurrent.locks.AbstractQueuedSynchronizer$ConditionObject.awaitNanos(AbstractQueuedSynchronizer.java:2078)&#10;        at org.eclipse.jetty.util.BlockingArrayQueue.poll(BlockingArrayQueue.java:382)&#10;        at org.eclipse.jetty.util.thread.QueuedThreadPool$Runner.idleJobPoll(QueuedThreadPool.java:875)&#10;        at org.eclipse.jetty.util.thread.QueuedThreadPool$Runner.run(QueuedThreadPool.java:925)&#10;        at java.lang.Thread.run(Thread.java:748)&#10;&quot;Command processor thread&quot; daemon prio=5 tid=223 timed_waiting&#10;java.lang.Thread.State: TIMED_WAITING&#10;        at java.lang.Thread.sleep(Native Method)&#10;        at org.apache.hadoop.ozone.container.common.statemachine.DatanodeStateMachine.lambda$initCommandHandlerThread$1(DatanodeStateMachine.java:468)&#10;        at org.apache.hadoop.ozone.container.common.statemachine.DatanodeStateMachine$$Lambda$294/1756697006.run(Unknown Source)&#10;        at java.lang.Thread.run(Thread.java:748)&#10;&quot;IPC Server handler 6 on 46581&quot; daemon prio=5 tid=61 timed_waiting&#10;java.lang.Thread.State: TIMED_WAITING&#10;        at sun.misc.Unsafe.park(Native Method)&#10;        at java.util.concurrent.locks.LockSupport.parkNanos(LockSupport.java:215)&#10;        at java.util.concurrent.locks.AbstractQueuedSynchronizer$ConditionObject.awaitNanos(AbstractQueuedSynchronizer.java:2078)&#10;        at java.util.concurrent.LinkedBlockingQueue.poll(LinkedBlockingQueue.java:467)&#10;        at org.apache.hadoop.ipc.CallQueueManager.take(CallQueueManager.java:288)&#10;        at org.apache.hadoop.ipc.Server$Handler.run(Server.java:2668)&#10;&quot;CommandWatcher-LeaseManager#LeaseMonitor&quot; daemon prio=5 tid=34 timed_waiting&#10;java.lang.Thread.State: TIMED_WAITING&#10;        at java.lang.Thread.sleep(Native Method)&#10;        at org.apache.hadoop.ozone.lease.LeaseManager$LeaseMonitor.run(LeaseManager.java:234)&#10;        at java.lang.Thread.run(Thread.java:748)&#10;&quot;qtp1179456560-230&quot; daemon prio=5 tid=230 runnable&#10;java.lang.Thread.State: RUNNABLE&#10;        at sun.nio.ch.EPollArrayWrapper.epollWait(Native Method)&#10;        at sun.nio.ch.EPollArrayWrapper.poll(EPollArrayWrapper.java:269)&#10;        at sun.nio.ch.EPollSelectorImpl.doSelect(EPollSelectorImpl.java:93)&#10;        at sun.nio.ch.SelectorImpl.lockAndDoSelect(SelectorImpl.java:86)&#10;        at sun.nio.ch.SelectorImpl.select(SelectorImpl.java:97)&#10;        at sun.nio.ch.SelectorImpl.select(SelectorImpl.java:101)&#10;        at org.eclipse.jetty.io.ManagedSelector$SelectorProducer.select(ManagedSelector.java:472)&#10;        at org.eclipse.jetty.io.ManagedSelector$SelectorProducer.produce(ManagedSelector.java:409)&#10;        at org.eclipse.jetty.util.thread.strategy.EatWhatYouKill.produceTask(EatWhatYouKill.java:360)&#10;        at org.eclipse.jetty.util.thread.strategy.EatWhatYouKill.doProduce(EatWhatYouKill.java:184)&#10;        at org.eclipse.jetty.util.thread.strategy.EatWhatYouKill.tryProduce(EatWhatYouKill.java:171)&#10;        at org.eclipse.jetty.util.thread.strategy.EatWhatYouKill.produce(EatWhatYouKill.java:135)&#10;        at org.eclipse.jetty.io.ManagedSelector$$Lambda$72/1728066720.run(Unknown Source)&#10;        at org.eclipse.jetty.util.thread.QueuedThreadPool.runJob(QueuedThreadPool.java:806)&#10;        at org.eclipse.jetty.util.thread.QueuedThreadPool$Runner.run(QueuedThreadPool.java:938)&#10;        at java.lang.Thread.run(Thread.java:748)&#10;&quot;qtp932569333-210&quot; daemon prio=5 tid=210 timed_waiting&#10;java.lang.Thread.State: TIMED_WAITING&#10;        at sun.misc.Unsafe.park(Native Method)&#10;        at java.util.concurrent.locks.LockSupport.parkNanos(LockSupport.java:215)&#10;        at java.util.concurrent.locks.AbstractQueuedSynchronizer$ConditionObject.awaitNanos(AbstractQueuedSynchronizer.java:2078)&#10;        at org.eclipse.jetty.util.BlockingArrayQueue.poll(BlockingArrayQueue.java:382)&#10;        at org.eclipse.jetty.util.thread.QueuedThreadPool$Runner.idleJobPoll(QueuedThreadPool.java:875)&#10;        at org.eclipse.jetty.util.thread.QueuedThreadPool$Runner.run(QueuedThreadPool.java:925)&#10;        at java.lang.Thread.run(Thread.java:748)&#10;&quot;Command processor thread&quot; daemon prio=5 tid=200 timed_waiting&#10;java.lang.Thread.State: TIMED_WAITING&#10;        at java.lang.Thread.sleep(Native Method)&#10;        at org.apache.hadoop.ozone.container.common.statemachine.DatanodeStateMachine.lambda$initCommandHandlerThread$1(DatanodeStateMachine.java:468)&#10;        at org.apache.hadoop.ozone.container.common.statemachine.DatanodeStateMachine$$Lambda$294/1756697006.run(Unknown Source)&#10;        at java.lang.Thread.run(Thread.java:748)&#10;&quot;pool-46-thread-1&quot; daemon prio=5 tid=195 timed_waiting&#10;java.lang.Thread.State: TIMED_WAITING&#10;        at sun.misc.Unsafe.park(Native Method)&#10;        at java.util.concurrent.locks.LockSupport.parkNanos(LockSupport.java:215)&#10;        at java.util.concurrent.locks.AbstractQueuedSynchronizer$ConditionObject.awaitNanos(AbstractQueuedSynchronizer.java:2078)&#10;        at java.util.concurrent.ScheduledThreadPoolExecutor$DelayedWorkQueue.take(ScheduledThreadPoolExecutor.java:1093)&#10;        at java.util.concurrent.ScheduledThreadPoolExecutor$DelayedWorkQueue.take(ScheduledThreadPoolExecutor.java:809)&#10;        at java.util.concurrent.ThreadPoolExecutor.getTask(ThreadPoolExecutor.java:1074)&#10;        at java.util.concurrent.ThreadPoolExecutor.runWorker(ThreadPoolExecutor.java:1134)&#10;        at java.util.concurrent.ThreadPoolExecutor$Worker.run(ThreadPoolExecutor.java:624)&#10;        at java.lang.Thread.run(Thread.java:748)&#10;&quot;SCMBlockDeletingService#1&quot; daemon prio=5 tid=107 in Object.wait()&#10;java.lang.Thread.State: WAITING (on object monitor)&#10;        at sun.misc.Unsafe.park(Native Method)&#10;        at java.util.concurrent.locks.LockSupport.park(LockSupport.java:175)&#10;        at java.util.concurrent.locks.AbstractQueuedSynchronizer$ConditionObject.await(AbstractQueuedSynchronizer.java:2039)&#10;        at java.util.concurrent.ScheduledThreadPoolExecutor$DelayedWorkQueue.take(ScheduledThreadPoolExecutor.java:1088)&#10;        at java.util.concurrent.ScheduledThreadPoolExecutor$DelayedWorkQueue.take(ScheduledThreadPoolExecutor.java:809)&#10;        at java.util.concurrent.ThreadPoolExecutor.getTask(ThreadPoolExecutor.java:1074)&#10;        at java.util.concurrent.ThreadPoolExecutor.runWorker(ThreadPoolExecutor.java:1134)&#10;        at java.util.concurrent.ThreadPoolExecutor$Worker.run(ThreadPoolExecutor.java:624)&#10;        at java.lang.Thread.run(Thread.java:748)&#10;&quot;qtp989196506-97&quot; daemon prio=5 tid=97 timed_waiting&#10;java.lang.Thread.State: TIMED_WAITING&#10;        at sun.misc.Unsafe.park(Native Method)&#10;        at java.util.concurrent.locks.LockSupport.parkNanos(LockSupport.java:215)&#10;        at java.util.concurrent.locks.AbstractQueuedSynchronizer$ConditionObject.awaitNanos(AbstractQueuedSynchronizer.java:2078)&#10;        at org.eclipse.jetty.util.BlockingArrayQueue.poll(BlockingArrayQueue.java:382)&#10;        at org.eclipse.jetty.util.thread.QueuedThreadPool$Runner.idleJobPoll(QueuedThreadPool.java:875)&#10;        at org.eclipse.jetty.util.thread.QueuedThreadPool$Runner.run(QueuedThreadPool.java:925)&#10;        at java.lang.Thread.run(Thread.java:748)&#10;&quot;pool-61-thread-1&quot; daemon prio=5 tid=227 timed_waiting&#10;java.lang.Thread.State: TIMED_WAITING&#10;        at sun.misc.Unsafe.park(Native Method)&#10;        at java.util.concurrent.locks.LockSupport.parkNanos(LockSupport.java:215)&#10;        at java.util.concurrent.locks.AbstractQueuedSynchronizer$ConditionObject.awaitNanos(AbstractQueuedSynchronizer.java:2078)&#10;        at java.util.concurrent.ScheduledThreadPoolExecutor$DelayedWorkQueue.take(ScheduledThreadPoolExecutor.java:1093)&#10;        at java.util.concurrent.ScheduledThreadPoolExecutor$DelayedWorkQueue.take(ScheduledThreadPoolExecutor.java:809)&#10;        at java.util.concurrent.ThreadPoolExecutor.getTask(ThreadPoolExecutor.java:1074)&#10;        at java.util.concurrent.ThreadPoolExecutor.runWorker(ThreadPoolExecutor.java:1134)&#10;        at java.util.concurrent.ThreadPoolExecutor$Worker.run(ThreadPoolExecutor.java:624)&#10;        at java.lang.Thread.run(Thread.java:748)&#10;&quot;ChunkWriter-1-0&quot; daemon prio=5 tid=263 in Object.wait()&#10;java.lang.Thread.State: WAITING (on object monitor)&#10;        at sun.misc.Unsafe.park(Native Method)&#10;        at java.util.concurrent.locks.LockSupport.park(LockSupport.java:175)&#10;        at java.util.concurrent.locks.AbstractQueuedSynchronizer$ConditionObject.await(AbstractQueuedSynchronizer.java:2039)&#10;        at java.util.concurrent.LinkedBlockingDeque.takeFirst(LinkedBlockingDeque.java:492)&#10;        at java.util.concurrent.LinkedBlockingDeque.take(LinkedBlockingDeque.java:680)&#10;        at java.util.concurrent.ThreadPoolExecutor.getTask(ThreadPoolExecutor.java:1074)&#10;        at java.util.concurrent.ThreadPoolExecutor.runWorker(ThreadPoolExecutor.java:1134)&#10;        at java.util.concurrent.ThreadPoolExecutor$Worker.run(ThreadPoolExecutor.java:624)&#10;        at java.lang.Thread.run(Thread.java:748)&#10;&quot;Socket Reader #1 for port 9862&quot;  prio=5 tid=115 runnable&#10;java.lang.Thread.State: RUNNABLE&#10;        at sun.nio.ch.EPollArrayWrapper.epollWait(Native Method)&#10;        at sun.nio.ch.EPollArrayWrapper.poll(EPollArrayWrapper.java:269)&#10;        at sun.nio.ch.EPollSelectorImpl.doSelect(EPollSelectorImpl.java:93)&#10;        at sun.nio.ch.SelectorImpl.lockAndDoSelect(SelectorImpl.java:86)&#10;        at sun.nio.ch.SelectorImpl.select(SelectorImpl.java:97)&#10;        at sun.nio.ch.SelectorImpl.select(SelectorImpl.java:101)&#10;        at org.apache.hadoop.ipc.Server$Listener$Reader.doRunLoop(Server.java:1097)&#10;        at org.apache.hadoop.ipc.Server$Listener$Reader.run(Server.java:1076)&#10;&quot;qtp1179456560-236&quot; daemon prio=5 tid=236 timed_waiting&#10;java.lang.Thread.State: TIMED_WAITING&#10;        at sun.misc.Unsafe.park(Native Method)&#10;        at java.util.concurrent.locks.LockSupport.parkNanos(LockSupport.java:215)&#10;        at java.util.concurrent.locks.AbstractQueuedSynchronizer$ConditionObject.awaitNanos(AbstractQueuedSynchronizer.java:2078)&#10;        at org.eclipse.jetty.util.BlockingArrayQueue.poll(BlockingArrayQueue.java:382)&#10;        at org.eclipse.jetty.util.thread.QueuedThreadPool$Runner.idleJobPoll(QueuedThreadPool.java:875)&#10;        at org.eclipse.jetty.util.thread.QueuedThreadPool$Runner.run(QueuedThreadPool.java:925)&#10;        at java.lang.Thread.run(Thread.java:748)&#10;&quot;BlockDeletingService#1&quot; daemon prio=5 tid=267 timed_waiting&#10;java.lang.Thread.State: TIMED_WAITING&#10;        at sun.misc.Unsafe.park(Native Method)&#10;        at java.util.concurrent.locks.LockSupport.parkNanos(LockSupport.java:215)&#10;        at java.util.concurrent.locks.AbstractQueuedSynchronizer$ConditionObject.awaitNanos(AbstractQueuedSynchronizer.java:2078)&#10;        at java.util.concurrent.ScheduledThreadPoolExecutor$DelayedWorkQueue.take(ScheduledThreadPoolExecutor.java:1093)&#10;        at java.util.concurrent.ScheduledThreadPoolExecutor$DelayedWorkQueue.take(ScheduledThreadPoolExecutor.java:809)&#10;        at java.util.concurrent.ThreadPoolExecutor.getTask(ThreadPoolExecutor.java:1074)&#10;        at java.util.concurrent.ThreadPoolExecutor.runWorker(ThreadPoolExecutor.java:1134)&#10;        at java.util.concurrent.ThreadPoolExecutor$Worker.run(ThreadPoolExecutor.java:624)&#10;        at java.lang.Thread.run(Thread.java:748)&#10;&quot;IPC Server handler 14 on 9862&quot; daemon prio=5 tid=142 timed_waiting&#10;java.lang.Thread.State: TIMED_WAITING&#10;        at sun.misc.Unsafe.park(Native Method)&#10;        at java.util.concurrent.locks.LockSupport.parkNanos(LockSupport.java:215)&#10;        at java.util.concurrent.locks.AbstractQueuedSynchronizer$ConditionObject.awaitNanos(AbstractQueuedSynchronizer.java:2078)&#10;        at java.util.concurrent.LinkedBlockingQueue.poll(LinkedBlockingQueue.java:467)&#10;        at org.apache.hadoop.ipc.CallQueueManager.take(CallQueueManager.java:288)&#10;        at org.apache.hadoop.ipc.Server$Handler.run(Server.java:2668)&#10;&quot;qtp1565304866-181&quot; daemon prio=5 tid=181 runnable&#10;java.lang.Thread.State: RUNNABLE&#10;        at sun.nio.ch.EPollArrayWrapper.epollWait(Native Method)&#10;        at sun.nio.ch.EPollArrayWrapper.poll(EPollArrayWrapper.java:269)&#10;        at sun.nio.ch.EPollSelectorImpl.doSelect(EPollSelectorImpl.java:93)&#10;        at sun.nio.ch.SelectorImpl.lockAndDoSelect(SelectorImpl.java:86)&#10;        at sun.nio.ch.SelectorImpl.select(SelectorImpl.java:97)&#10;        at sun.nio.ch.SelectorImpl.select(SelectorImpl.java:101)&#10;        at org.eclipse.jetty.io.ManagedSelector$SelectorProducer.select(ManagedSelector.java:472)&#10;        at org.eclipse.jetty.io.ManagedSelector$SelectorProducer.produce(ManagedSelector.java:409)&#10;        at org.eclipse.jetty.util.thread.strategy.EatWhatYouKill.produceTask(EatWhatYouKill.java:360)&#10;        at org.eclipse.jetty.util.thread.strategy.EatWhatYouKill.doProduce(EatWhatYouKill.java:184)&#10;        at org.eclipse.jetty.util.thread.strategy.EatWhatYouKill.tryProduce(EatWhatYouKill.java:171)&#10;        at org.eclipse.jetty.util.thread.strategy.EatWhatYouKill.produce(EatWhatYouKill.java:135)&#10;        at org.eclipse.jetty.io.ManagedSelector$$Lambda$72/1728066720.run(Unknown Source)&#10;        at org.eclipse.jetty.util.thread.QueuedThreadPool.runJob(QueuedThreadPool.java:806)&#10;        at org.eclipse.jetty.util.thread.QueuedThreadPool$Runner.run(QueuedThreadPool.java:938)&#10;        at java.lang.Thread.run(Thread.java:748)&#10;&quot;Session-HouseKeeper-35c2b8b1-1&quot;  prio=5 tid=103 timed_waiting&#10;java.lang.Thread.State: TIMED_WAITING&#10;        at sun.misc.Unsafe.park(Native Method)&#10;        at java.util.concurrent.locks.LockSupport.parkNanos(LockSupport.java:215)&#10;        at java.util.concurrent.locks.AbstractQueuedSynchronizer$ConditionObject.awaitNanos(AbstractQueuedSynchronizer.java:2078)&#10;        at java.util.concurrent.ScheduledThreadPoolExecutor$DelayedWorkQueue.take(ScheduledThreadPoolExecutor.java:1093)&#10;        at java.util.concurrent.ScheduledThreadPoolExecutor$DelayedWorkQueue.take(ScheduledThreadPoolExecutor.java:809)&#10;        at java.util.concurrent.ThreadPoolExecutor.getTask(ThreadPoolExecutor.java:1074)&#10;        at java.util.concurrent.ThreadPoolExecutor.runWorker(ThreadPoolExecutor.java:1134)&#10;        at java.util.concurrent.ThreadPoolExecutor$Worker.run(ThreadPoolExecutor.java:624)&#10;        at java.lang.Thread.run(Thread.java:748)&#10;&#10;" type="java.util.concurrent.TimeoutException">java.util.concurrent.TimeoutException: 
Timed out waiting for condition. Thread diagnostics:
Timestamp: 2020-04-28 02:38:40,807

"IPC Server handler 15 on 37155" daemon prio=5 tid=90 timed_waiting
java.lang.Thread.State: TIMED_WAITING
        at sun.misc.Unsafe.park(Native Method)
        at java.util.concurrent.locks.LockSupport.parkNanos(LockSupport.java:215)
        at java.util.concurrent.locks.AbstractQueuedSynchronizer$ConditionObject.awaitNanos(AbstractQueuedSynchronizer.java:2078)
        at java.util.concurrent.LinkedBlockingQueue.poll(LinkedBlockingQueue.java:467)
        at org.apache.hadoop.ipc.CallQueueManager.take(CallQueueManager.java:288)
        at org.apache.hadoop.ipc.Server$Handler.run(Server.java:2668)
"jaeger.RemoteReporter-FlushTimer" daemon prio=5 tid=169 timed_waiting
java.lang.Thread.State: TIMED_WAITING
        at java.lang.Object.wait(Native Method)
        at java.util.TimerThread.mainLoop(Timer.java:552)
        at java.util.TimerThread.run(Timer.java:505)
"Finalizer" daemon prio=8 tid=3 in Object.wait()
java.lang.Thread.State: WAITING (on object monitor)
        at java.lang.Object.wait(Native Method)
        at java.lang.ref.ReferenceQueue.remove(ReferenceQueue.java:144)
        at java.lang.ref.ReferenceQueue.remove(ReferenceQueue.java:165)
        at java.lang.ref.Finalizer$FinalizerThread.run(Finalizer.java:216)
"IPC Server listener on 46581" daemon prio=5 tid=20 runnable
java.lang.Thread.State: RUNNABLE
        at sun.nio.ch.EPollArrayWrapper.epollWait(Native Method)
        at sun.nio.ch.EPollArrayWrapper.poll(EPollArrayWrapper.java:269)
        at sun.nio.ch.EPollSelectorImpl.doSelect(EPollSelectorImpl.java:93)
        at sun.nio.ch.SelectorImpl.lockAndDoSelect(SelectorImpl.java:86)
        at sun.nio.ch.SelectorImpl.select(SelectorImpl.java:97)
        at sun.nio.ch.SelectorImpl.select(SelectorImpl.java:101)
        at org.apache.hadoop.ipc.Server$Listener.run(Server.java:1159)
"b49cd372-011e-4c73-9cd9-f6b19e929270@group-BB78CE42D49A-StateMachineUpdater" daemon prio=5 tid=343 in Object.wait()
java.lang.Thread.State: WAITING (on object monitor)
        at java.lang.Object.wait(Native Method)
        at java.lang.Object.wait(Object.java:502)
        at org.apache.ratis.server.impl.StateMachineUpdater.waitForCommit(StateMachineUpdater.java:197)
        at org.apache.ratis.server.impl.StateMachineUpdater.run(StateMachineUpdater.java:162)
        at java.lang.Thread.run(Thread.java:748)
"IPC Server handler 4 on 46581" daemon prio=5 tid=59 timed_waiting
java.lang.Thread.State: TIMED_WAITING
        at sun.misc.Unsafe.park(Native Method)
        at java.util.concurrent.locks.LockSupport.parkNanos(LockSupport.java:215)
        at java.util.concurrent.locks.AbstractQueuedSynchronizer$ConditionObject.awaitNanos(AbstractQueuedSynchronizer.java:2078)
        at java.util.concurrent.LinkedBlockingQueue.poll(LinkedBlockingQueue.java:467)
        at org.apache.hadoop.ipc.CallQueueManager.take(CallQueueManager.java:288)
        at org.apache.hadoop.ipc.Server$Handler.run(Server.java:2668)
"IPC Server handler 13 on 44693" daemon prio=5 tid=48 timed_waiting
java.lang.Thread.State: TIMED_WAITING
        at sun.misc.Unsafe.park(Native Method)
        at java.util.concurrent.locks.LockSupport.parkNanos(LockSupport.java:215)
        at java.util.concurrent.locks.AbstractQueuedSynchronizer$ConditionObject.awaitNanos(AbstractQueuedSynchronizer.java:2078)
        at java.util.concurrent.LinkedBlockingQueue.poll(LinkedBlockingQueue.java:467)
        at org.apache.hadoop.ipc.CallQueueManager.take(CallQueueManager.java:288)
        at org.apache.hadoop.ipc.Server$Handler.run(Server.java:2668)
"BlockDeletingService#0" daemon prio=5 tid=273 in Object.wait()
java.lang.Thread.State: WAITING (on object monitor)
        at sun.misc.Unsafe.park(Native Method)
        at java.util.concurrent.locks.LockSupport.park(LockSupport.java:175)
        at java.util.concurrent.locks.AbstractQueuedSynchronizer$ConditionObject.await(AbstractQueuedSynchronizer.java:2039)
        at java.util.concurrent.ScheduledThreadPoolExecutor$DelayedWorkQueue.take(ScheduledThreadPoolExecutor.java:1088)
        at java.util.concurrent.ScheduledThreadPoolExecutor$DelayedWorkQueue.take(ScheduledThreadPoolExecutor.java:809)
        at java.util.concurrent.ThreadPoolExecutor.getTask(ThreadPoolExecutor.java:1074)
        at java.util.concurrent.ThreadPoolExecutor.runWorker(ThreadPoolExecutor.java:1134)
        at java.util.concurrent.ThreadPoolExecutor$Worker.run(ThreadPoolExecutor.java:624)
        at java.lang.Thread.run(Thread.java:748)
"qtp1296516504-155" daemon prio=5 tid=155 timed_waiting
java.lang.Thread.State: TIMED_WAITING
        at sun.misc.Unsafe.park(Native Method)
        at java.util.concurrent.locks.LockSupport.parkNanos(LockSupport.java:215)
        at java.util.concurrent.locks.AbstractQueuedSynchronizer$ConditionObject.awaitNanos(AbstractQueuedSynchronizer.java:2078)
        at org.eclipse.jetty.util.BlockingArrayQueue.poll(BlockingArrayQueue.java:382)
        at org.eclipse.jetty.util.thread.QueuedThreadPool$Runner.idleJobPoll(QueuedThreadPool.java:875)
        at org.eclipse.jetty.util.thread.QueuedThreadPool$Runner.run(QueuedThreadPool.java:925)
        at java.lang.Thread.run(Thread.java:748)
"IPC Server listener on 9862" daemon prio=5 tid=114 runnable
java.lang.Thread.State: RUNNABLE
        at sun.nio.ch.EPollArrayWrapper.epollWait(Native Method)
        at sun.nio.ch.EPollArrayWrapper.poll(EPollArrayWrapper.java:269)
        at sun.nio.ch.EPollSelectorImpl.doSelect(EPollSelectorImpl.java:93)
        at sun.nio.ch.SelectorImpl.lockAndDoSelect(SelectorImpl.java:86)
        at sun.nio.ch.SelectorImpl.select(SelectorImpl.java:97)
        at sun.nio.ch.SelectorImpl.select(SelectorImpl.java:101)
        at org.apache.hadoop.ipc.Server$Listener.run(Server.java:1159)
"qtp932569333-212" daemon prio=5 tid=212 timed_waiting
java.lang.Thread.State: TIMED_WAITING
        at sun.misc.Unsafe.park(Native Method)
        at java.util.concurrent.locks.LockSupport.parkNanos(LockSupport.java:215)
        at java.util.concurrent.locks.AbstractQueuedSynchronizer$ConditionObject.awaitNanos(AbstractQueuedSynchronizer.java:2078)
        at org.eclipse.jetty.util.BlockingArrayQueue.poll(BlockingArrayQueue.java:382)
        at org.eclipse.jetty.util.thread.QueuedThreadPool$Runner.idleJobPoll(QueuedThreadPool.java:875)
        at org.eclipse.jetty.util.thread.QueuedThreadPool$Runner.run(QueuedThreadPool.java:925)
        at java.lang.Thread.run(Thread.java:748)
"EventQueue-Safe mode statusForSCMClientProtocolServer"  prio=5 tid=30 in Object.wait()
java.lang.Thread.State: WAITING (on object monitor)
        at sun.misc.Unsafe.park(Native Method)
        at java.util.concurrent.locks.LockSupport.park(LockSupport.java:175)
        at java.util.concurrent.locks.AbstractQueuedSynchronizer$ConditionObject.await(AbstractQueuedSynchronizer.java:2039)
        at java.util.concurrent.LinkedBlockingQueue.take(LinkedBlockingQueue.java:442)
        at java.util.concurrent.ThreadPoolExecutor.getTask(ThreadPoolExecutor.java:1074)
        at java.util.concurrent.ThreadPoolExecutor.runWorker(ThreadPoolExecutor.java:1134)
        at java.util.concurrent.ThreadPoolExecutor$Worker.run(ThreadPoolExecutor.java:624)
        at java.lang.Thread.run(Thread.java:748)
"IPC Server handler 6 on 37155" daemon prio=5 tid=81 timed_waiting
java.lang.Thread.State: TIMED_WAITING
        at sun.misc.Unsafe.park(Native Method)
        at java.util.concurrent.locks.LockSupport.parkNanos(LockSupport.java:215)
        at java.util.concurrent.locks.AbstractQueuedSynchronizer$ConditionObject.awaitNanos(AbstractQueuedSynchronizer.java:2078)
        at java.util.concurrent.LinkedBlockingQueue.poll(LinkedBlockingQueue.java:467)
        at org.apache.hadoop.ipc.CallQueueManager.take(CallQueueManager.java:288)
        at org.apache.hadoop.ipc.Server$Handler.run(Server.java:2668)
"qtp1296516504-157" daemon prio=5 tid=157 timed_waiting
java.lang.Thread.State: TIMED_WAITING
        at sun.misc.Unsafe.park(Native Method)
        at java.util.concurrent.locks.LockSupport.parkNanos(LockSupport.java:215)
        at java.util.concurrent.locks.AbstractQueuedSynchronizer$ConditionObject.awaitNanos(AbstractQueuedSynchronizer.java:2078)
        at org.eclipse.jetty.util.BlockingArrayQueue.poll(BlockingArrayQueue.java:382)
        at org.eclipse.jetty.util.thread.QueuedThreadPool$Runner.idleJobPoll(QueuedThreadPool.java:875)
        at org.eclipse.jetty.util.thread.QueuedThreadPool$Runner.run(QueuedThreadPool.java:925)
        at java.lang.Thread.run(Thread.java:748)
"IPC Server handler 4 on 44693" daemon prio=5 tid=39 timed_waiting
java.lang.Thread.State: TIMED_WAITING
        at sun.misc.Unsafe.park(Native Method)
        at java.util.concurrent.locks.LockSupport.parkNanos(LockSupport.java:215)
        at java.util.concurrent.locks.AbstractQueuedSynchronizer$ConditionObject.awaitNanos(AbstractQueuedSynchronizer.java:2078)
        at java.util.concurrent.LinkedBlockingQueue.poll(LinkedBlockingQueue.java:467)
        at org.apache.hadoop.ipc.CallQueueManager.take(CallQueueManager.java:288)
        at org.apache.hadoop.ipc.Server$Handler.run(Server.java:2668)
"IPC Server handler 15 on 44693" daemon prio=5 tid=50 timed_waiting
java.lang.Thread.State: TIMED_WAITING
        at sun.misc.Unsafe.park(Native Method)
        at java.util.concurrent.locks.LockSupport.parkNanos(LockSupport.java:215)
        at java.util.concurrent.locks.AbstractQueuedSynchronizer$ConditionObject.awaitNanos(AbstractQueuedSynchronizer.java:2078)
        at java.util.concurrent.LinkedBlockingQueue.poll(LinkedBlockingQueue.java:467)
        at org.apache.hadoop.ipc.CallQueueManager.take(CallQueueManager.java:288)
        at org.apache.hadoop.ipc.Server$Handler.run(Server.java:2668)
"omNode1@group-3464CFB7038B-LeaderElection7-1" daemon prio=5 tid=1498 in Object.wait()
java.lang.Thread.State: WAITING (on object monitor)
        at sun.misc.Unsafe.park(Native Method)
        at java.util.concurrent.locks.LockSupport.park(LockSupport.java:175)
        at org.apache.ratis.thirdparty.io.grpc.stub.ClientCalls$ThreadlessExecutor.waitAndDrain(ClientCalls.java:660)
        at org.apache.ratis.thirdparty.io.grpc.stub.ClientCalls.blockingUnaryCall(ClientCalls.java:132)
        at org.apache.ratis.proto.grpc.RaftServerProtocolServiceGrpc$RaftServerProtocolServiceBlockingStub.requestVote(RaftServerProtocolServiceGrpc.java:262)
        at org.apache.ratis.grpc.server.GrpcServerProtocolClient.requestVote(GrpcServerProtocolClient.java:104)
        at org.apache.ratis.grpc.server.GrpcService.requestVote(GrpcService.java:205)
        at org.apache.ratis.server.impl.LeaderElection.lambda$submitRequests$2(LeaderElection.java:262)
        at org.apache.ratis.server.impl.LeaderElection$$Lambda$252/208440025.call(Unknown Source)
        at java.util.concurrent.FutureTask.run(FutureTask.java:266)
        at java.util.concurrent.Executors$RunnableAdapter.call(Executors.java:511)
        at java.util.concurrent.FutureTask.run(FutureTask.java:266)
        at java.util.concurrent.ThreadPoolExecutor.runWorker(ThreadPoolExecutor.java:1149)
        at java.util.concurrent.ThreadPoolExecutor$Worker.run(ThreadPoolExecutor.java:624)
        at java.lang.Thread.run(Thread.java:748)
"BlockDeletingService#1" daemon prio=5 tid=281 timed_waiting
java.lang.Thread.State: TIMED_WAITING
        at sun.misc.Unsafe.park(Native Method)
        at java.util.concurrent.locks.LockSupport.parkNanos(LockSupport.java:215)
        at java.util.concurrent.locks.AbstractQueuedSynchronizer$ConditionObject.awaitNanos(AbstractQueuedSynchronizer.java:2078)
        at java.util.concurrent.ScheduledThreadPoolExecutor$DelayedWorkQueue.take(ScheduledThreadPoolExecutor.java:1093)
        at java.util.concurrent.ScheduledThreadPoolExecutor$DelayedWorkQueue.take(ScheduledThreadPoolExecutor.java:809)
        at java.util.concurrent.ThreadPoolExecutor.getTask(ThreadPoolExecutor.java:1074)
        at java.util.concurrent.ThreadPoolExecutor.runWorker(ThreadPoolExecutor.java:1134)
        at java.util.concurrent.ThreadPoolExecutor$Worker.run(ThreadPoolExecutor.java:624)
        at java.lang.Thread.run(Thread.java:748)
"qtp989196506-99" daemon prio=5 tid=99 timed_waiting
java.lang.Thread.State: TIMED_WAITING
        at sun.misc.Unsafe.park(Native Method)
        at java.util.concurrent.locks.LockSupport.parkNanos(LockSupport.java:215)
        at java.util.concurrent.locks.AbstractQueuedSynchronizer$ConditionObject.awaitNanos(AbstractQueuedSynchronizer.java:2078)
        at org.eclipse.jetty.util.BlockingArrayQueue.poll(BlockingArrayQueue.java:382)
        at org.eclipse.jetty.util.thread.QueuedThreadPool$Runner.idleJobPoll(QueuedThreadPool.java:875)
        at org.eclipse.jetty.util.thread.QueuedThreadPool$Runner.run(QueuedThreadPool.java:925)
        at java.lang.Thread.run(Thread.java:748)
"Datanode State Machine Thread - 0" daemon prio=5 tid=202 timed_waiting
java.lang.Thread.State: TIMED_WAITING
        at sun.misc.Unsafe.park(Native Method)
        at java.util.concurrent.locks.LockSupport.parkNanos(LockSupport.java:215)
        at java.util.concurrent.SynchronousQueue$TransferStack.awaitFulfill(SynchronousQueue.java:460)
        at java.util.concurrent.SynchronousQueue$TransferStack.transfer(SynchronousQueue.java:362)
        at java.util.concurrent.SynchronousQueue.poll(SynchronousQueue.java:941)
        at java.util.concurrent.ThreadPoolExecutor.getTask(ThreadPoolExecutor.java:1073)
        at java.util.concurrent.ThreadPoolExecutor.runWorker(ThreadPoolExecutor.java:1134)
        at java.util.concurrent.ThreadPoolExecutor$Worker.run(ThreadPoolExecutor.java:624)
        at java.lang.Thread.run(Thread.java:748)
"ChunkWriter-2-0" daemon prio=5 tid=278 in Object.wait()
java.lang.Thread.State: WAITING (on object monitor)
        at sun.misc.Unsafe.park(Native Method)
        at java.util.concurrent.locks.LockSupport.park(LockSupport.java:175)
        at java.util.concurrent.locks.AbstractQueuedSynchronizer$ConditionObject.await(AbstractQueuedSynchronizer.java:2039)
        at java.util.concurrent.LinkedBlockingDeque.takeFirst(LinkedBlockingDeque.java:492)
        at java.util.concurrent.LinkedBlockingDeque.take(LinkedBlockingDeque.java:680)
        at java.util.concurrent.ThreadPoolExecutor.getTask(ThreadPoolExecutor.java:1074)
        at java.util.concurrent.ThreadPoolExecutor.runWorker(ThreadPoolExecutor.java:1134)
        at java.util.concurrent.ThreadPoolExecutor$Worker.run(ThreadPoolExecutor.java:624)
        at java.lang.Thread.run(Thread.java:748)
"Datanode ReportManager Thread - 1" daemon prio=5 tid=197 timed_waiting
java.lang.Thread.State: TIMED_WAITING
        at sun.misc.Unsafe.park(Native Method)
        at java.util.concurrent.locks.LockSupport.parkNanos(LockSupport.java:215)
        at java.util.concurrent.locks.AbstractQueuedSynchronizer$ConditionObject.awaitNanos(AbstractQueuedSynchronizer.java:2078)
        at java.util.concurrent.ScheduledThreadPoolExecutor$DelayedWorkQueue.take(ScheduledThreadPoolExecutor.java:1093)
        at java.util.concurrent.ScheduledThreadPoolExecutor$DelayedWorkQueue.take(ScheduledThreadPoolExecutor.java:809)
        at java.util.concurrent.ThreadPoolExecutor.getTask(ThreadPoolExecutor.java:1074)
        at java.util.concurrent.ThreadPoolExecutor.runWorker(ThreadPoolExecutor.java:1134)
        at java.util.concurrent.ThreadPoolExecutor$Worker.run(ThreadPoolExecutor.java:624)
        at java.lang.Thread.run(Thread.java:748)
"surefire-forkedjvm-ping-30s" daemon prio=5 tid=10 timed_waiting
java.lang.Thread.State: TIMED_WAITING
        at sun.misc.Unsafe.park(Native Method)
        at java.util.concurrent.locks.LockSupport.parkNanos(LockSupport.java:215)
        at java.util.concurrent.locks.AbstractQueuedSynchronizer$ConditionObject.awaitNanos(AbstractQueuedSynchronizer.java:2078)
        at java.util.concurrent.ScheduledThreadPoolExecutor$DelayedWorkQueue.take(ScheduledThreadPoolExecutor.java:1093)
        at java.util.concurrent.ScheduledThreadPoolExecutor$DelayedWorkQueue.take(ScheduledThreadPoolExecutor.java:809)
        at java.util.concurrent.ThreadPoolExecutor.getTask(ThreadPoolExecutor.java:1074)
        at java.util.concurrent.ThreadPoolExecutor.runWorker(ThreadPoolExecutor.java:1134)
        at java.util.concurrent.ThreadPoolExecutor$Worker.run(ThreadPoolExecutor.java:624)
        at java.lang.Thread.run(Thread.java:748)
"grpc-nio-boss-ELG-1-1" daemon prio=5 tid=123 runnable
java.lang.Thread.State: RUNNABLE
        at sun.nio.ch.EPollArrayWrapper.epollWait(Native Method)
        at sun.nio.ch.EPollArrayWrapper.poll(EPollArrayWrapper.java:269)
        at sun.nio.ch.EPollSelectorImpl.doSelect(EPollSelectorImpl.java:93)
        at sun.nio.ch.SelectorImpl.lockAndDoSelect(SelectorImpl.java:86)
        at sun.nio.ch.SelectorImpl.select(SelectorImpl.java:97)
        at org.apache.ratis.thirdparty.io.netty.channel.nio.SelectedSelectionKeySetSelector.select(SelectedSelectionKeySetSelector.java:62)
        at org.apache.ratis.thirdparty.io.netty.channel.nio.NioEventLoop.select(NioEventLoop.java:806)
        at org.apache.ratis.thirdparty.io.netty.channel.nio.NioEventLoop.run(NioEventLoop.java:454)
        at org.apache.ratis.thirdparty.io.netty.util.concurrent.SingleThreadEventExecutor$5.run(SingleThreadEventExecutor.java:918)
        at org.apache.ratis.thirdparty.io.netty.util.internal.ThreadExecutorMap$2.run(ThreadExecutorMap.java:74)
        at org.apache.ratis.thirdparty.io.netty.util.concurrent.FastThreadLocalRunnable.run(FastThreadLocalRunnable.java:30)
        at java.lang.Thread.run(Thread.java:748)
"IPC Server handler 16 on 44693" daemon prio=5 tid=51 timed_waiting
java.lang.Thread.State: TIMED_WAITING
        at sun.misc.Unsafe.park(Native Method)
        at java.util.concurrent.locks.LockSupport.parkNanos(LockSupport.java:215)
        at java.util.concurrent.locks.AbstractQueuedSynchronizer$ConditionObject.awaitNanos(AbstractQueuedSynchronizer.java:2078)
        at java.util.concurrent.LinkedBlockingQueue.poll(LinkedBlockingQueue.java:467)
        at org.apache.hadoop.ipc.CallQueueManager.take(CallQueueManager.java:288)
        at org.apache.hadoop.ipc.Server$Handler.run(Server.java:2668)
"ChunkWriter-2-0" daemon prio=5 tid=271 in Object.wait()
java.lang.Thread.State: WAITING (on object monitor)
        at sun.misc.Unsafe.park(Native Method)
        at java.util.concurrent.locks.LockSupport.park(LockSupport.java:175)
        at java.util.concurrent.locks.AbstractQueuedSynchronizer$ConditionObject.await(AbstractQueuedSynchronizer.java:2039)
        at java.util.concurrent.LinkedBlockingDeque.takeFirst(LinkedBlockingDeque.java:492)
        at java.util.concurrent.LinkedBlockingDeque.take(LinkedBlockingDeque.java:680)
        at java.util.concurrent.ThreadPoolExecutor.getTask(ThreadPoolExecutor.java:1074)
        at java.util.concurrent.ThreadPoolExecutor.runWorker(ThreadPoolExecutor.java:1134)
        at java.util.concurrent.ThreadPoolExecutor$Worker.run(ThreadPoolExecutor.java:624)
        at java.lang.Thread.run(Thread.java:748)
"qtp1565304866-182-acceptor-0@5c70df1f-ServerConnector@486c2cf7{HTTP/1.1,[http/1.1]}{0.0.0.0:39609}" daemon prio=3 tid=182 runnable
java.lang.Thread.State: RUNNABLE
        at sun.nio.ch.ServerSocketChannelImpl.accept0(Native Method)
        at sun.nio.ch.ServerSocketChannelImpl.accept(ServerSocketChannelImpl.java:422)
        at sun.nio.ch.ServerSocketChannelImpl.accept(ServerSocketChannelImpl.java:250)
        at org.eclipse.jetty.server.ServerConnector.accept(ServerConnector.java:385)
        at org.eclipse.jetty.server.AbstractConnector$Acceptor.run(AbstractConnector.java:701)
        at org.eclipse.jetty.util.thread.QueuedThreadPool.runJob(QueuedThreadPool.java:806)
        at org.eclipse.jetty.util.thread.QueuedThreadPool$Runner.run(QueuedThreadPool.java:938)
        at java.lang.Thread.run(Thread.java:748)
"pool-25-thread-1"  prio=5 tid=112 timed_waiting
java.lang.Thread.State: TIMED_WAITING
        at sun.misc.Unsafe.park(Native Method)
        at java.util.concurrent.locks.LockSupport.parkNanos(LockSupport.java:215)
        at java.util.concurrent.locks.AbstractQueuedSynchronizer$ConditionObject.awaitNanos(AbstractQueuedSynchronizer.java:2078)
        at java.util.concurrent.ScheduledThreadPoolExecutor$DelayedWorkQueue.take(ScheduledThreadPoolExecutor.java:1093)
        at java.util.concurrent.ScheduledThreadPoolExecutor$DelayedWorkQueue.take(ScheduledThreadPoolExecutor.java:809)
        at java.util.concurrent.ThreadPoolExecutor.getTask(ThreadPoolExecutor.java:1074)
        at java.util.concurrent.ThreadPoolExecutor.runWorker(ThreadPoolExecutor.java:1134)
        at java.util.concurrent.ThreadPoolExecutor$Worker.run(ThreadPoolExecutor.java:624)
        at java.lang.Thread.run(Thread.java:748)
"IPC Server handler 3 on 9862" daemon prio=5 tid=130 timed_waiting
java.lang.Thread.State: TIMED_WAITING
        at sun.misc.Unsafe.park(Native Method)
        at java.util.concurrent.locks.LockSupport.parkNanos(LockSupport.java:215)
        at java.util.concurrent.locks.AbstractQueuedSynchronizer$ConditionObject.awaitNanos(AbstractQueuedSynchronizer.java:2078)
        at java.util.concurrent.LinkedBlockingQueue.poll(LinkedBlockingQueue.java:467)
        at org.apache.hadoop.ipc.CallQueueManager.take(CallQueueManager.java:288)
        at org.apache.hadoop.ipc.Server$Handler.run(Server.java:2668)
"Datanode State Machine Thread - 0" daemon prio=5 tid=216 timed_waiting
java.lang.Thread.State: TIMED_WAITING
        at java.lang.Thread.sleep(Native Method)
        at org.apache.hadoop.ozone.container.common.statemachine.DatanodeStateMachine.start(DatanodeStateMachine.java:213)
        at org.apache.hadoop.ozone.container.common.statemachine.DatanodeStateMachine.lambda$startDaemon$0(DatanodeStateMachine.java:375)
        at org.apache.hadoop.ozone.container.common.statemachine.DatanodeStateMachine$$Lambda$293/1536594000.run(Unknown Source)
        at java.lang.Thread.run(Thread.java:748)
"pool-57-thread-1"  prio=5 tid=206 timed_waiting
java.lang.Thread.State: TIMED_WAITING
        at sun.misc.Unsafe.park(Native Method)
        at java.util.concurrent.locks.LockSupport.parkNanos(LockSupport.java:215)
        at java.util.concurrent.locks.AbstractQueuedSynchronizer$ConditionObject.awaitNanos(AbstractQueuedSynchronizer.java:2078)
        at java.util.concurrent.ScheduledThreadPoolExecutor$DelayedWorkQueue.take(ScheduledThreadPoolExecutor.java:1093)
        at java.util.concurrent.ScheduledThreadPoolExecutor$DelayedWorkQueue.take(ScheduledThreadPoolExecutor.java:809)
        at java.util.concurrent.ThreadPoolExecutor.getTask(ThreadPoolExecutor.java:1074)
        at java.util.concurrent.ThreadPoolExecutor.runWorker(ThreadPoolExecutor.java:1134)
        at java.util.concurrent.ThreadPoolExecutor$Worker.run(ThreadPoolExecutor.java:624)
        at java.lang.Thread.run(Thread.java:748)
"Session-HouseKeeper-6ba8fc70-1"  prio=5 tid=189 timed_waiting
java.lang.Thread.State: TIMED_WAITING
        at sun.misc.Unsafe.park(Native Method)
        at java.util.concurrent.locks.LockSupport.parkNanos(LockSupport.java:215)
        at java.util.concurrent.locks.AbstractQueuedSynchronizer$ConditionObject.awaitNanos(AbstractQueuedSynchronizer.java:2078)
        at java.util.concurrent.ScheduledThreadPoolExecutor$DelayedWorkQueue.take(ScheduledThreadPoolExecutor.java:1093)
        at java.util.concurrent.ScheduledThreadPoolExecutor$DelayedWorkQueue.take(ScheduledThreadPoolExecutor.java:809)
        at java.util.concurrent.ThreadPoolExecutor.getTask(ThreadPoolExecutor.java:1074)
        at java.util.concurrent.ThreadPoolExecutor.runWorker(ThreadPoolExecutor.java:1134)
        at java.util.concurrent.ThreadPoolExecutor$Worker.run(ThreadPoolExecutor.java:624)
        at java.lang.Thread.run(Thread.java:748)
"EventQueue-DatanodeCommandForSCMNodeManager"  prio=5 tid=302 in Object.wait()
java.lang.Thread.State: WAITING (on object monitor)
        at sun.misc.Unsafe.park(Native Method)
        at java.util.concurrent.locks.LockSupport.park(LockSupport.java:175)
        at java.util.concurrent.locks.AbstractQueuedSynchronizer$ConditionObject.await(AbstractQueuedSynchronizer.java:2039)
        at java.util.concurrent.LinkedBlockingQueue.take(LinkedBlockingQueue.java:442)
        at java.util.concurrent.ThreadPoolExecutor.getTask(ThreadPoolExecutor.java:1074)
        at java.util.concurrent.ThreadPoolExecutor.runWorker(ThreadPoolExecutor.java:1134)
        at java.util.concurrent.ThreadPoolExecutor$Worker.run(ThreadPoolExecutor.java:624)
        at java.lang.Thread.run(Thread.java:748)
"IPC Server handler 3 on 37155" daemon prio=5 tid=78 timed_waiting
java.lang.Thread.State: TIMED_WAITING
        at sun.misc.Unsafe.park(Native Method)
        at java.util.concurrent.locks.LockSupport.parkNanos(LockSupport.java:215)
        at java.util.concurrent.locks.AbstractQueuedSynchronizer$ConditionObject.awaitNanos(AbstractQueuedSynchronizer.java:2078)
        at java.util.concurrent.LinkedBlockingQueue.poll(LinkedBlockingQueue.java:467)
        at org.apache.hadoop.ipc.CallQueueManager.take(CallQueueManager.java:288)
        at org.apache.hadoop.ipc.Server$Handler.run(Server.java:2668)
"IPC Server handler 2 on 46581" daemon prio=5 tid=57 timed_waiting
java.lang.Thread.State: TIMED_WAITING
        at sun.misc.Unsafe.park(Native Method)
        at java.util.concurrent.locks.LockSupport.parkNanos(LockSupport.java:215)
        at java.util.concurrent.locks.AbstractQueuedSynchronizer$ConditionObject.awaitNanos(AbstractQueuedSynchronizer.java:2078)
        at java.util.concurrent.LinkedBlockingQueue.poll(LinkedBlockingQueue.java:467)
        at org.apache.hadoop.ipc.CallQueueManager.take(CallQueueManager.java:288)
        at org.apache.hadoop.ipc.Server$Handler.run(Server.java:2668)
"IPC Server handler 15 on 46581" daemon prio=5 tid=70 timed_waiting
java.lang.Thread.State: TIMED_WAITING
        at sun.misc.Unsafe.park(Native Method)
        at java.util.concurrent.locks.LockSupport.parkNanos(LockSupport.java:215)
        at java.util.concurrent.locks.AbstractQueuedSynchronizer$ConditionObject.awaitNanos(AbstractQueuedSynchronizer.java:2078)
        at java.util.concurrent.LinkedBlockingQueue.poll(LinkedBlockingQueue.java:467)
        at org.apache.hadoop.ipc.CallQueueManager.take(CallQueueManager.java:288)
        at org.apache.hadoop.ipc.Server$Handler.run(Server.java:2668)
"IPC Server handler 11 on 9862" daemon prio=5 tid=139 timed_waiting
java.lang.Thread.State: TIMED_WAITING
        at sun.misc.Unsafe.park(Native Method)
        at java.util.concurrent.locks.LockSupport.parkNanos(LockSupport.java:215)
        at java.util.concurrent.locks.AbstractQueuedSynchronizer$ConditionObject.awaitNanos(AbstractQueuedSynchronizer.java:2078)
        at java.util.concurrent.LinkedBlockingQueue.poll(LinkedBlockingQueue.java:467)
        at org.apache.hadoop.ipc.CallQueueManager.take(CallQueueManager.java:288)
        at org.apache.hadoop.ipc.Server$Handler.run(Server.java:2668)
"IPC Server handler 7 on 9862" daemon prio=5 tid=134 timed_waiting
java.lang.Thread.State: TIMED_WAITING
        at sun.misc.Unsafe.park(Native Method)
        at java.util.concurrent.locks.LockSupport.parkNanos(LockSupport.java:215)
        at java.util.concurrent.locks.AbstractQueuedSynchronizer$ConditionObject.awaitNanos(AbstractQueuedSynchronizer.java:2078)
        at java.util.concurrent.LinkedBlockingQueue.poll(LinkedBlockingQueue.java:467)
        at org.apache.hadoop.ipc.CallQueueManager.take(CallQueueManager.java:288)
        at org.apache.hadoop.ipc.Server$Handler.run(Server.java:2668)
"f48396e8-f861-4ea7-9d9a-a0d4272beba6@group-FBF1FF002355-StateMachineUpdater" daemon prio=5 tid=335 in Object.wait()
java.lang.Thread.State: WAITING (on object monitor)
        at java.lang.Object.wait(Native Method)
        at java.lang.Object.wait(Object.java:502)
        at org.apache.ratis.server.impl.StateMachineUpdater.waitForCommit(StateMachineUpdater.java:197)
        at org.apache.ratis.server.impl.StateMachineUpdater.run(StateMachineUpdater.java:162)
        at java.lang.Thread.run(Thread.java:748)
"IPC Server handler 0 on 37155" daemon prio=5 tid=75 timed_waiting
java.lang.Thread.State: TIMED_WAITING
        at sun.misc.Unsafe.park(Native Method)
        at java.util.concurrent.locks.LockSupport.parkNanos(LockSupport.java:215)
        at java.util.concurrent.locks.AbstractQueuedSynchronizer$ConditionObject.awaitNanos(AbstractQueuedSynchronizer.java:2078)
        at java.util.concurrent.LinkedBlockingQueue.poll(LinkedBlockingQueue.java:467)
        at org.apache.hadoop.ipc.CallQueueManager.take(CallQueueManager.java:288)
        at org.apache.hadoop.ipc.Server$Handler.run(Server.java:2668)
"IPC Server handler 9 on 46581" daemon prio=5 tid=64 timed_waiting
java.lang.Thread.State: TIMED_WAITING
        at sun.misc.Unsafe.park(Native Method)
        at java.util.concurrent.locks.LockSupport.parkNanos(LockSupport.java:215)
        at java.util.concurrent.locks.AbstractQueuedSynchronizer$ConditionObject.awaitNanos(AbstractQueuedSynchronizer.java:2078)
        at java.util.concurrent.LinkedBlockingQueue.poll(LinkedBlockingQueue.java:467)
        at org.apache.hadoop.ipc.CallQueueManager.take(CallQueueManager.java:288)
        at org.apache.hadoop.ipc.Server$Handler.run(Server.java:2668)
"IPC Server listener on 44693" daemon prio=5 tid=24 runnable
java.lang.Thread.State: RUNNABLE
        at sun.nio.ch.EPollArrayWrapper.epollWait(Native Method)
        at sun.nio.ch.EPollArrayWrapper.poll(EPollArrayWrapper.java:269)
        at sun.nio.ch.EPollSelectorImpl.doSelect(EPollSelectorImpl.java:93)
        at sun.nio.ch.SelectorImpl.lockAndDoSelect(SelectorImpl.java:86)
        at sun.nio.ch.SelectorImpl.select(SelectorImpl.java:97)
        at sun.nio.ch.SelectorImpl.select(SelectorImpl.java:101)
        at org.apache.hadoop.ipc.Server$Listener.run(Server.java:1159)
"grpc-default-executor-0" daemon prio=5 tid=166 timed_waiting
java.lang.Thread.State: TIMED_WAITING
        at sun.misc.Unsafe.park(Native Method)
        at java.util.concurrent.locks.LockSupport.parkNanos(LockSupport.java:215)
        at java.util.concurrent.SynchronousQueue$TransferStack.awaitFulfill(SynchronousQueue.java:460)
        at java.util.concurrent.SynchronousQueue$TransferStack.transfer(SynchronousQueue.java:362)
        at java.util.concurrent.SynchronousQueue.poll(SynchronousQueue.java:941)
        at java.util.concurrent.ThreadPoolExecutor.getTask(ThreadPoolExecutor.java:1073)
        at java.util.concurrent.ThreadPoolExecutor.runWorker(ThreadPoolExecutor.java:1134)
        at java.util.concurrent.ThreadPoolExecutor$Worker.run(ThreadPoolExecutor.java:624)
        at java.lang.Thread.run(Thread.java:748)
"qtp932569333-214" daemon prio=5 tid=214 timed_waiting
java.lang.Thread.State: TIMED_WAITING
        at sun.misc.Unsafe.park(Native Method)
        at java.util.concurrent.locks.LockSupport.parkNanos(LockSupport.java:215)
        at java.util.concurrent.locks.AbstractQueuedSynchronizer$ConditionObject.awaitNanos(AbstractQueuedSynchronizer.java:2078)
        at org.eclipse.jetty.util.BlockingArrayQueue.poll(BlockingArrayQueue.java:382)
        at org.eclipse.jetty.util.thread.QueuedThreadPool$Runner.idleJobPoll(QueuedThreadPool.java:875)
        at org.eclipse.jetty.util.thread.QueuedThreadPool$Runner.run(QueuedThreadPool.java:925)
        at java.lang.Thread.run(Thread.java:748)
"Datanode ReportManager Thread - 0" daemon prio=5 tid=241 in Object.wait()
java.lang.Thread.State: WAITING (on object monitor)
        at sun.misc.Unsafe.park(Native Method)
        at java.util.concurrent.locks.LockSupport.park(LockSupport.java:175)
        at java.util.concurrent.locks.AbstractQueuedSynchronizer$ConditionObject.await(AbstractQueuedSynchronizer.java:2039)
        at java.util.concurrent.ScheduledThreadPoolExecutor$DelayedWorkQueue.take(ScheduledThreadPoolExecutor.java:1088)
        at java.util.concurrent.ScheduledThreadPoolExecutor$DelayedWorkQueue.take(ScheduledThreadPoolExecutor.java:809)
        at java.util.concurrent.ThreadPoolExecutor.getTask(ThreadPoolExecutor.java:1074)
        at java.util.concurrent.ThreadPoolExecutor.runWorker(ThreadPoolExecutor.java:1134)
        at java.util.concurrent.ThreadPoolExecutor$Worker.run(ThreadPoolExecutor.java:624)
        at java.lang.Thread.run(Thread.java:748)
"Datanode State Machine Thread - 0" daemon prio=5 tid=191 timed_waiting
java.lang.Thread.State: TIMED_WAITING
        at java.lang.Thread.sleep(Native Method)
        at org.apache.hadoop.ozone.container.common.statemachine.DatanodeStateMachine.start(DatanodeStateMachine.java:213)
        at org.apache.hadoop.ozone.container.common.statemachine.DatanodeStateMachine.lambda$startDaemon$0(DatanodeStateMachine.java:375)
        at org.apache.hadoop.ozone.container.common.statemachine.DatanodeStateMachine$$Lambda$293/1536594000.run(Unknown Source)
        at java.lang.Thread.run(Thread.java:748)
"IPC Server idle connection scanner for port 44693" daemon prio=5 tid=26 timed_waiting
java.lang.Thread.State: TIMED_WAITING
        at java.lang.Object.wait(Native Method)
        at java.util.TimerThread.mainLoop(Timer.java:552)
        at java.util.TimerThread.run(Timer.java:505)
"IPC Server handler 12 on 9862" daemon prio=5 tid=140 timed_waiting
java.lang.Thread.State: TIMED_WAITING
        at sun.misc.Unsafe.park(Native Method)
        at java.util.concurrent.locks.LockSupport.parkNanos(LockSupport.java:215)
        at java.util.concurrent.locks.AbstractQueuedSynchronizer$ConditionObject.awaitNanos(AbstractQueuedSynchronizer.java:2078)
        at java.util.concurrent.LinkedBlockingQueue.poll(LinkedBlockingQueue.java:467)
        at org.apache.hadoop.ipc.CallQueueManager.take(CallQueueManager.java:288)
        at org.apache.hadoop.ipc.Server$Handler.run(Server.java:2668)
"qtp1179456560-231-acceptor-0@2260d145-ServerConnector@72d99216{HTTP/1.1,[http/1.1]}{0.0.0.0:37745}" daemon prio=3 tid=231 runnable
java.lang.Thread.State: RUNNABLE
        at sun.nio.ch.ServerSocketChannelImpl.accept0(Native Method)
        at sun.nio.ch.ServerSocketChannelImpl.accept(ServerSocketChannelImpl.java:422)
        at sun.nio.ch.ServerSocketChannelImpl.accept(ServerSocketChannelImpl.java:250)
        at org.eclipse.jetty.server.ServerConnector.accept(ServerConnector.java:385)
        at org.eclipse.jetty.server.AbstractConnector$Acceptor.run(AbstractConnector.java:701)
        at org.eclipse.jetty.util.thread.QueuedThreadPool.runJob(QueuedThreadPool.java:806)
        at org.eclipse.jetty.util.thread.QueuedThreadPool$Runner.run(QueuedThreadPool.java:938)
        at java.lang.Thread.run(Thread.java:748)
"IPC Server idle connection scanner for port 46581" daemon prio=5 tid=22 timed_waiting
java.lang.Thread.State: TIMED_WAITING
        at java.lang.Object.wait(Native Method)
        at java.util.TimerThread.mainLoop(Timer.java:552)
        at java.util.TimerThread.run(Timer.java:505)
"Datanode State Machine Thread - 0" daemon prio=5 tid=247 timed_waiting
java.lang.Thread.State: TIMED_WAITING
        at sun.misc.Unsafe.park(Native Method)
        at java.util.concurrent.locks.LockSupport.parkNanos(LockSupport.java:215)
        at java.util.concurrent.SynchronousQueue$TransferStack.awaitFulfill(SynchronousQueue.java:460)
        at java.util.concurrent.SynchronousQueue$TransferStack.transfer(SynchronousQueue.java:362)
        at java.util.concurrent.SynchronousQueue.poll(SynchronousQueue.java:941)
        at java.util.concurrent.ThreadPoolExecutor.getTask(ThreadPoolExecutor.java:1073)
        at java.util.concurrent.ThreadPoolExecutor.runWorker(ThreadPoolExecutor.java:1134)
        at java.util.concurrent.ThreadPoolExecutor$Worker.run(ThreadPoolExecutor.java:624)
        at java.lang.Thread.run(Thread.java:748)
"pool-31-thread-1" daemon prio=5 tid=176 timed_waiting
java.lang.Thread.State: TIMED_WAITING
        at sun.misc.Unsafe.park(Native Method)
        at java.util.concurrent.locks.LockSupport.parkNanos(LockSupport.java:215)
        at java.util.concurrent.locks.AbstractQueuedSynchronizer$ConditionObject.awaitNanos(AbstractQueuedSynchronizer.java:2078)
        at java.util.concurrent.ScheduledThreadPoolExecutor$DelayedWorkQueue.take(ScheduledThreadPoolExecutor.java:1093)
        at java.util.concurrent.ScheduledThreadPoolExecutor$DelayedWorkQueue.take(ScheduledThreadPoolExecutor.java:809)
        at java.util.concurrent.ThreadPoolExecutor.getTask(ThreadPoolExecutor.java:1074)
        at java.util.concurrent.ThreadPoolExecutor.runWorker(ThreadPoolExecutor.java:1134)
        at java.util.concurrent.ThreadPoolExecutor$Worker.run(ThreadPoolExecutor.java:624)
        at java.lang.Thread.run(Thread.java:748)
"org.apache.hadoop.util.JvmPauseMonitor$Monitor@217fb19f" daemon prio=5 tid=201 timed_waiting
java.lang.Thread.State: TIMED_WAITING
        at java.lang.Thread.sleep(Native Method)
        at org.apache.hadoop.util.JvmPauseMonitor$Monitor.run(JvmPauseMonitor.java:192)
        at java.lang.Thread.run(Thread.java:748)
"BlockDeletingService#2" daemon prio=5 tid=895 in Object.wait()
java.lang.Thread.State: WAITING (on object monitor)
        at sun.misc.Unsafe.park(Native Method)
        at java.util.concurrent.locks.LockSupport.park(LockSupport.java:175)
        at java.util.concurrent.locks.AbstractQueuedSynchronizer$ConditionObject.await(AbstractQueuedSynchronizer.java:2039)
        at java.util.concurrent.ScheduledThreadPoolExecutor$DelayedWorkQueue.take(ScheduledThreadPoolExecutor.java:1088)
        at java.util.concurrent.ScheduledThreadPoolExecutor$DelayedWorkQueue.take(ScheduledThreadPoolExecutor.java:809)
        at java.util.concurrent.ThreadPoolExecutor.getTask(ThreadPoolExecutor.java:1074)
        at java.util.concurrent.ThreadPoolExecutor.runWorker(ThreadPoolExecutor.java:1134)
        at java.util.concurrent.ThreadPoolExecutor$Worker.run(ThreadPoolExecutor.java:624)
        at java.lang.Thread.run(Thread.java:748)
"main"  prio=5 tid=1 runnable
java.lang.Thread.State: RUNNABLE
        at java.lang.Thread.dumpThreads(Native Method)
        at java.lang.Thread.getAllStackTraces(Thread.java:1610)
        at org.apache.hadoop.test.TimedOutTestsListener.buildThreadDump(TimedOutTestsListener.java:93)
        at org.apache.hadoop.test.TimedOutTestsListener.buildThreadDiagnosticString(TimedOutTestsListener.java:79)
        at org.apache.hadoop.test.GenericTestUtils.waitFor(GenericTestUtils.java:225)
        at org.apache.hadoop.ozone.MiniOzoneClusterImpl.waitForClusterToBeReady(MiniOzoneClusterImpl.java:172)
        at org.apache.hadoop.ozone.om.TestOzoneManagerConfiguration.startCluster(TestOzoneManagerConfiguration.java:94)
        at org.apache.hadoop.ozone.om.TestOzoneManagerConfiguration.testDefaultPortIfNotSpecified(TestOzoneManagerConfiguration.java:135)
        at sun.reflect.NativeMethodAccessorImpl.invoke0(Native Method)
        at sun.reflect.NativeMethodAccessorImpl.invoke(NativeMethodAccessorImpl.java:62)
        at sun.reflect.DelegatingMethodAccessorImpl.invoke(DelegatingMethodAccessorImpl.java:43)
        at java.lang.reflect.Method.invoke(Method.java:498)
        at org.junit.runners.model.FrameworkMethod$1.runReflectiveCall(FrameworkMethod.java:47)
        at org.junit.internal.runners.model.ReflectiveCallable.run(ReflectiveCallable.java:12)
        at org.junit.runners.model.FrameworkMethod.invokeExplosively(FrameworkMethod.java:44)
        at org.junit.internal.runners.statements.InvokeMethod.evaluate(InvokeMethod.java:17)
        at org.junit.internal.runners.statements.RunBefores.evaluate(RunBefores.java:26)
        at org.junit.internal.runners.statements.RunAfters.evaluate(RunAfters.java:27)
        at org.junit.runners.ParentRunner.runLeaf(ParentRunner.java:271)
        at org.junit.runners.BlockJUnit4ClassRunner.runChild(BlockJUnit4ClassRunner.java:70)
        at org.junit.runners.BlockJUnit4ClassRunner.runChild(BlockJUnit4ClassRunner.java:50)
        at org.junit.runners.ParentRunner$3.run(ParentRunner.java:238)
        at org.junit.runners.ParentRunner$1.schedule(ParentRunner.java:63)
        at org.junit.runners.ParentRunner.runChildren(ParentRunner.java:236)
        at org.junit.runners.ParentRunner.access$000(ParentRunner.java:53)
        at org.junit.runners.ParentRunner$2.evaluate(ParentRunner.java:229)
        at org.junit.runners.ParentRunner.run(ParentRunner.java:309)
        at org.apache.maven.surefire.junit4.JUnit4Provider.execute(JUnit4Provider.java:365)
        at org.apache.maven.surefire.junit4.JUnit4Provider.executeWithRerun(JUnit4Provider.java:273)
        at org.apache.maven.surefire.junit4.JUnit4Provider.executeTestSet(JUnit4Provider.java:238)
        at org.apache.maven.surefire.junit4.JUnit4Provider.invoke(JUnit4Provider.java:159)
        at org.apache.maven.surefire.booter.ForkedBooter.invokeProviderInSameClassLoader(ForkedBooter.java:384)
        at org.apache.maven.surefire.booter.ForkedBooter.runSuitesInProcess(ForkedBooter.java:345)
        at org.apache.maven.surefire.booter.ForkedBooter.execute(ForkedBooter.java:126)
        at org.apache.maven.surefire.booter.ForkedBooter.main(ForkedBooter.java:418)
"IPC Server handler 19 on 44693" daemon prio=5 tid=54 timed_waiting
java.lang.Thread.State: TIMED_WAITING
        at sun.misc.Unsafe.park(Native Method)
        at java.util.concurrent.locks.LockSupport.parkNanos(LockSupport.java:215)
        at java.util.concurrent.locks.AbstractQueuedSynchronizer$ConditionObject.awaitNanos(AbstractQueuedSynchronizer.java:2078)
        at java.util.concurrent.LinkedBlockingQueue.poll(LinkedBlockingQueue.java:467)
        at org.apache.hadoop.ipc.CallQueueManager.take(CallQueueManager.java:288)
        at org.apache.hadoop.ipc.Server$Handler.run(Server.java:2668)
"IPC Server handler 13 on 9862" daemon prio=5 tid=141 timed_waiting
java.lang.Thread.State: TIMED_WAITING
        at sun.misc.Unsafe.park(Native Method)
        at java.util.concurrent.locks.LockSupport.parkNanos(LockSupport.java:215)
        at java.util.concurrent.locks.AbstractQueuedSynchronizer$ConditionObject.awaitNanos(AbstractQueuedSynchronizer.java:2078)
        at java.util.concurrent.LinkedBlockingQueue.poll(LinkedBlockingQueue.java:467)
        at org.apache.hadoop.ipc.CallQueueManager.take(CallQueueManager.java:288)
        at org.apache.hadoop.ipc.Server$Handler.run(Server.java:2668)
"omNode1@group-3464CFB7038B-StateMachineUpdater" daemon prio=5 tid=120 in Object.wait()
java.lang.Thread.State: WAITING (on object monitor)
        at java.lang.Object.wait(Native Method)
        at java.lang.Object.wait(Object.java:502)
        at org.apache.ratis.server.impl.StateMachineUpdater.waitForCommit(StateMachineUpdater.java:197)
        at org.apache.ratis.server.impl.StateMachineUpdater.run(StateMachineUpdater.java:162)
        at java.lang.Thread.run(Thread.java:748)
"qtp1296516504-152" daemon prio=5 tid=152 timed_waiting
java.lang.Thread.State: TIMED_WAITING
        at sun.misc.Unsafe.park(Native Method)
        at java.util.concurrent.locks.LockSupport.parkNanos(LockSupport.java:215)
        at java.util.concurrent.locks.AbstractQueuedSynchronizer$ConditionObject.awaitNanos(AbstractQueuedSynchronizer.java:2078)
        at org.eclipse.jetty.util.BlockingArrayQueue.poll(BlockingArrayQueue.java:382)
        at org.eclipse.jetty.util.thread.QueuedThreadPool$Runner.idleJobPoll(QueuedThreadPool.java:875)
        at org.eclipse.jetty.util.thread.QueuedThreadPool$Runner.run(QueuedThreadPool.java:925)
        at java.lang.Thread.run(Thread.java:748)
"Datanode ReportManager Thread - 0" daemon prio=5 tid=219 timed_waiting
java.lang.Thread.State: TIMED_WAITING
        at sun.misc.Unsafe.park(Native Method)
        at java.util.concurrent.locks.LockSupport.parkNanos(LockSupport.java:215)
        at java.util.concurrent.locks.AbstractQueuedSynchronizer$ConditionObject.awaitNanos(AbstractQueuedSynchronizer.java:2078)
        at java.util.concurrent.ScheduledThreadPoolExecutor$DelayedWorkQueue.take(ScheduledThreadPoolExecutor.java:1093)
        at java.util.concurrent.ScheduledThreadPoolExecutor$DelayedWorkQueue.take(ScheduledThreadPoolExecutor.java:809)
        at java.util.concurrent.ThreadPoolExecutor.getTask(ThreadPoolExecutor.java:1074)
        at java.util.concurrent.ThreadPoolExecutor.runWorker(ThreadPoolExecutor.java:1134)
        at java.util.concurrent.ThreadPoolExecutor$Worker.run(ThreadPoolExecutor.java:624)
        at java.lang.Thread.run(Thread.java:748)
"IPC Server handler 8 on 44693" daemon prio=5 tid=43 timed_waiting
java.lang.Thread.State: TIMED_WAITING
        at sun.misc.Unsafe.park(Native Method)
        at java.util.concurrent.locks.LockSupport.parkNanos(LockSupport.java:215)
        at java.util.concurrent.locks.AbstractQueuedSynchronizer$ConditionObject.awaitNanos(AbstractQueuedSynchronizer.java:2078)
        at java.util.concurrent.LinkedBlockingQueue.poll(LinkedBlockingQueue.java:467)
        at org.apache.hadoop.ipc.CallQueueManager.take(CallQueueManager.java:288)
        at org.apache.hadoop.ipc.Server$Handler.run(Server.java:2668)
"IPC Server handler 7 on 44693" daemon prio=5 tid=42 timed_waiting
java.lang.Thread.State: TIMED_WAITING
        at sun.misc.Unsafe.park(Native Method)
        at java.util.concurrent.locks.LockSupport.parkNanos(LockSupport.java:215)
        at java.util.concurrent.locks.AbstractQueuedSynchronizer$ConditionObject.awaitNanos(AbstractQueuedSynchronizer.java:2078)
        at java.util.concurrent.LinkedBlockingQueue.poll(LinkedBlockingQueue.java:467)
        at org.apache.hadoop.ipc.CallQueueManager.take(CallQueueManager.java:288)
        at org.apache.hadoop.ipc.Server$Handler.run(Server.java:2668)
"Thread-310" daemon prio=5 tid=394 timed_waiting
java.lang.Thread.State: TIMED_WAITING
        at sun.misc.Unsafe.park(Native Method)
        at java.util.concurrent.locks.LockSupport.parkNanos(LockSupport.java:215)
        at java.util.concurrent.locks.AbstractQueuedSynchronizer$ConditionObject.awaitNanos(AbstractQueuedSynchronizer.java:2078)
        at java.util.concurrent.ArrayBlockingQueue.poll(ArrayBlockingQueue.java:418)
        at org.apache.ratis.server.impl.LeaderState$EventQueue.poll(LeaderState.java:116)
        at org.apache.ratis.server.impl.LeaderState$EventProcessor.run(LeaderState.java:489)
"EventQueue-Safe mode statusForBlockManagerImpl"  prio=5 tid=29 in Object.wait()
java.lang.Thread.State: WAITING (on object monitor)
        at sun.misc.Unsafe.park(Native Method)
        at java.util.concurrent.locks.LockSupport.park(LockSupport.java:175)
        at java.util.concurrent.locks.AbstractQueuedSynchronizer$ConditionObject.await(AbstractQueuedSynchronizer.java:2039)
        at java.util.concurrent.LinkedBlockingQueue.take(LinkedBlockingQueue.java:442)
        at java.util.concurrent.ThreadPoolExecutor.getTask(ThreadPoolExecutor.java:1074)
        at java.util.concurrent.ThreadPoolExecutor.runWorker(ThreadPoolExecutor.java:1134)
        at java.util.concurrent.ThreadPoolExecutor$Worker.run(ThreadPoolExecutor.java:624)
        at java.lang.Thread.run(Thread.java:748)
"jaeger.RemoteReporter-QueueProcessor" daemon prio=5 tid=168 in Object.wait()
java.lang.Thread.State: WAITING (on object monitor)
        at sun.misc.Unsafe.park(Native Method)
        at java.util.concurrent.locks.LockSupport.park(LockSupport.java:175)
        at java.util.concurrent.locks.AbstractQueuedSynchronizer$ConditionObject.await(AbstractQueuedSynchronizer.java:2039)
        at java.util.concurrent.ArrayBlockingQueue.take(ArrayBlockingQueue.java:403)
        at io.jaegertracing.internal.reporters.RemoteReporter$QueueProcessor.run(RemoteReporter.java:174)
        at java.lang.Thread.run(Thread.java:748)
"IPC Server handler 19 on 46581" daemon prio=5 tid=74 timed_waiting
java.lang.Thread.State: TIMED_WAITING
        at sun.misc.Unsafe.park(Native Method)
        at java.util.concurrent.locks.LockSupport.parkNanos(LockSupport.java:215)
        at java.util.concurrent.locks.AbstractQueuedSynchronizer$ConditionObject.awaitNanos(AbstractQueuedSynchronizer.java:2078)
        at java.util.concurrent.LinkedBlockingQueue.poll(LinkedBlockingQueue.java:467)
        at org.apache.hadoop.ipc.CallQueueManager.take(CallQueueManager.java:288)
        at org.apache.hadoop.ipc.Server$Handler.run(Server.java:2668)
"EventQueue-OpenPipelineForOneReplicaPipelineSafeModeRule" daemon prio=5 tid=336 in Object.wait()
java.lang.Thread.State: WAITING (on object monitor)
        at sun.misc.Unsafe.park(Native Method)
        at java.util.concurrent.locks.LockSupport.park(LockSupport.java:175)
        at java.util.concurrent.locks.AbstractQueuedSynchronizer$ConditionObject.await(AbstractQueuedSynchronizer.java:2039)
        at java.util.concurrent.LinkedBlockingQueue.take(LinkedBlockingQueue.java:442)
        at java.util.concurrent.ThreadPoolExecutor.getTask(ThreadPoolExecutor.java:1074)
        at java.util.concurrent.ThreadPoolExecutor.runWorker(ThreadPoolExecutor.java:1134)
        at java.util.concurrent.ThreadPoolExecutor$Worker.run(ThreadPoolExecutor.java:624)
        at java.lang.Thread.run(Thread.java:748)
"EventQueue-Delayed safe mode statusForSCMPipelineManager"  prio=5 tid=31 in Object.wait()
java.lang.Thread.State: WAITING (on object monitor)
        at sun.misc.Unsafe.park(Native Method)
        at java.util.concurrent.locks.LockSupport.park(LockSupport.java:175)
        at java.util.concurrent.locks.AbstractQueuedSynchronizer$ConditionObject.await(AbstractQueuedSynchronizer.java:2039)
        at java.util.concurrent.LinkedBlockingQueue.take(LinkedBlockingQueue.java:442)
        at java.util.concurrent.ThreadPoolExecutor.getTask(ThreadPoolExecutor.java:1074)
        at java.util.concurrent.ThreadPoolExecutor.runWorker(ThreadPoolExecutor.java:1134)
        at java.util.concurrent.ThreadPoolExecutor$Worker.run(ThreadPoolExecutor.java:624)
        at java.lang.Thread.run(Thread.java:748)
"pool-8-thread-1"  prio=5 tid=28 timed_waiting
java.lang.Thread.State: TIMED_WAITING
        at sun.misc.Unsafe.park(Native Method)
        at java.util.concurrent.locks.LockSupport.parkNanos(LockSupport.java:215)
        at java.util.concurrent.locks.AbstractQueuedSynchronizer$ConditionObject.awaitNanos(AbstractQueuedSynchronizer.java:2078)
        at java.util.concurrent.ScheduledThreadPoolExecutor$DelayedWorkQueue.take(ScheduledThreadPoolExecutor.java:1093)
        at java.util.concurrent.ScheduledThreadPoolExecutor$DelayedWorkQueue.take(ScheduledThreadPoolExecutor.java:809)
        at java.util.concurrent.ThreadPoolExecutor.getTask(ThreadPoolExecutor.java:1074)
        at java.util.concurrent.ThreadPoolExecutor.runWorker(ThreadPoolExecutor.java:1134)
        at java.util.concurrent.ThreadPoolExecutor$Worker.run(ThreadPoolExecutor.java:624)
        at java.lang.Thread.run(Thread.java:748)
"Periodic HDDS volume checker" daemon prio=5 tid=193 timed_waiting
java.lang.Thread.State: TIMED_WAITING
        at sun.misc.Unsafe.park(Native Method)
        at java.util.concurrent.locks.LockSupport.parkNanos(LockSupport.java:215)
        at java.util.concurrent.locks.AbstractQueuedSynchronizer$ConditionObject.awaitNanos(AbstractQueuedSynchronizer.java:2078)
        at java.util.concurrent.ScheduledThreadPoolExecutor$DelayedWorkQueue.take(ScheduledThreadPoolExecutor.java:1093)
        at java.util.concurrent.ScheduledThreadPoolExecutor$DelayedWorkQueue.take(ScheduledThreadPoolExecutor.java:809)
        at java.util.concurrent.ThreadPoolExecutor.getTask(ThreadPoolExecutor.java:1074)
        at java.util.concurrent.ThreadPoolExecutor.runWorker(ThreadPoolExecutor.java:1134)
        at java.util.concurrent.ThreadPoolExecutor$Worker.run(ThreadPoolExecutor.java:624)
        at java.lang.Thread.run(Thread.java:748)
"IPC Server handler 7 on 37155" daemon prio=5 tid=82 timed_waiting
java.lang.Thread.State: TIMED_WAITING
        at sun.misc.Unsafe.park(Native Method)
        at java.util.concurrent.locks.LockSupport.parkNanos(LockSupport.java:215)
        at java.util.concurrent.locks.AbstractQueuedSynchronizer$ConditionObject.awaitNanos(AbstractQueuedSynchronizer.java:2078)
        at java.util.concurrent.LinkedBlockingQueue.poll(LinkedBlockingQueue.java:467)
        at org.apache.hadoop.ipc.CallQueueManager.take(CallQueueManager.java:288)
        at org.apache.hadoop.ipc.Server$Handler.run(Server.java:2668)
"IPC Server handler 0 on 44693" daemon prio=5 tid=35 timed_waiting
java.lang.Thread.State: TIMED_WAITING
        at sun.misc.Unsafe.park(Native Method)
        at java.util.concurrent.locks.LockSupport.parkNanos(LockSupport.java:215)
        at java.util.concurrent.locks.AbstractQueuedSynchronizer$ConditionObject.awaitNanos(AbstractQueuedSynchronizer.java:2078)
        at java.util.concurrent.LinkedBlockingQueue.poll(LinkedBlockingQueue.java:467)
        at org.apache.hadoop.ipc.CallQueueManager.take(CallQueueManager.java:288)
        at org.apache.hadoop.ipc.Server$Handler.run(Server.java:2668)
"qtp1565304866-184" daemon prio=5 tid=184 timed_waiting
java.lang.Thread.State: TIMED_WAITING
        at sun.misc.Unsafe.park(Native Method)
        at java.util.concurrent.locks.LockSupport.parkNanos(LockSupport.java:215)
        at java.util.concurrent.locks.AbstractQueuedSynchronizer$ConditionObject.awaitNanos(AbstractQueuedSynchronizer.java:2078)
        at org.eclipse.jetty.util.BlockingArrayQueue.poll(BlockingArrayQueue.java:382)
        at org.eclipse.jetty.util.thread.QueuedThreadPool$Runner.idleJobPoll(QueuedThreadPool.java:875)
        at org.eclipse.jetty.util.thread.QueuedThreadPool$Runner.run(QueuedThreadPool.java:925)
        at java.lang.Thread.run(Thread.java:748)
"IPC Server handler 10 on 37155" daemon prio=5 tid=85 timed_waiting
java.lang.Thread.State: TIMED_WAITING
        at sun.misc.Unsafe.park(Native Method)
        at java.util.concurrent.locks.LockSupport.parkNanos(LockSupport.java:215)
        at java.util.concurrent.locks.AbstractQueuedSynchronizer$ConditionObject.awaitNanos(AbstractQueuedSynchronizer.java:2078)
        at java.util.concurrent.LinkedBlockingQueue.poll(LinkedBlockingQueue.java:467)
        at org.apache.hadoop.ipc.CallQueueManager.take(CallQueueManager.java:288)
        at org.apache.hadoop.ipc.Server$Handler.run(Server.java:2668)
"grpc-nio-worker-ELG-3-4" daemon prio=5 tid=164 runnable
java.lang.Thread.State: RUNNABLE
        at sun.nio.ch.EPollArrayWrapper.epollWait(Native Method)
        at sun.nio.ch.EPollArrayWrapper.poll(EPollArrayWrapper.java:269)
        at sun.nio.ch.EPollSelectorImpl.doSelect(EPollSelectorImpl.java:93)
        at sun.nio.ch.SelectorImpl.lockAndDoSelect(SelectorImpl.java:86)
        at sun.nio.ch.SelectorImpl.select(SelectorImpl.java:97)
        at org.apache.ratis.thirdparty.io.netty.channel.nio.SelectedSelectionKeySetSelector.select(SelectedSelectionKeySetSelector.java:62)
        at org.apache.ratis.thirdparty.io.netty.channel.nio.NioEventLoop.select(NioEventLoop.java:806)
        at org.apache.ratis.thirdparty.io.netty.channel.nio.NioEventLoop.run(NioEventLoop.java:454)
        at org.apache.ratis.thirdparty.io.netty.util.concurrent.SingleThreadEventExecutor$5.run(SingleThreadEventExecutor.java:918)
        at org.apache.ratis.thirdparty.io.netty.util.internal.ThreadExecutorMap$2.run(ThreadExecutorMap.java:74)
        at org.apache.ratis.thirdparty.io.netty.util.concurrent.FastThreadLocalRunnable.run(FastThreadLocalRunnable.java:30)
        at java.lang.Thread.run(Thread.java:748)
"IPC Server handler 7 on 46581" daemon prio=5 tid=62 timed_waiting
java.lang.Thread.State: TIMED_WAITING
        at sun.misc.Unsafe.park(Native Method)
        at java.util.concurrent.locks.LockSupport.parkNanos(LockSupport.java:215)
        at java.util.concurrent.locks.AbstractQueuedSynchronizer$ConditionObject.awaitNanos(AbstractQueuedSynchronizer.java:2078)
        at java.util.concurrent.LinkedBlockingQueue.poll(LinkedBlockingQueue.java:467)
        at org.apache.hadoop.ipc.CallQueueManager.take(CallQueueManager.java:288)
        at org.apache.hadoop.ipc.Server$Handler.run(Server.java:2668)
"Thread-1361" daemon prio=5 tid=1449 timed_waiting
java.lang.Thread.State: TIMED_WAITING
        at java.lang.Thread.sleep(Native Method)
        at org.apache.ratis.util.JavaUtils.sleep(JavaUtils.java:243)
        at org.apache.ratis.server.impl.FollowerState.run(FollowerState.java:97)
"SCM Heartbeat Processing Thread - 0" daemon prio=5 tid=14 timed_waiting
java.lang.Thread.State: TIMED_WAITING
        at sun.misc.Unsafe.park(Native Method)
        at java.util.concurrent.locks.LockSupport.parkNanos(LockSupport.java:215)
        at java.util.concurrent.locks.AbstractQueuedSynchronizer$ConditionObject.awaitNanos(AbstractQueuedSynchronizer.java:2078)
        at java.util.concurrent.ScheduledThreadPoolExecutor$DelayedWorkQueue.take(ScheduledThreadPoolExecutor.java:1093)
        at java.util.concurrent.ScheduledThreadPoolExecutor$DelayedWorkQueue.take(ScheduledThreadPoolExecutor.java:809)
        at java.util.concurrent.ThreadPoolExecutor.getTask(ThreadPoolExecutor.java:1074)
        at java.util.concurrent.ThreadPoolExecutor.runWorker(ThreadPoolExecutor.java:1134)
        at java.util.concurrent.ThreadPoolExecutor$Worker.run(ThreadPoolExecutor.java:624)
        at java.lang.Thread.run(Thread.java:748)
"Session-HouseKeeper-74c5b3b7-1"  prio=5 tid=215 timed_waiting
java.lang.Thread.State: TIMED_WAITING
        at sun.misc.Unsafe.park(Native Method)
        at java.util.concurrent.locks.LockSupport.parkNanos(LockSupport.java:215)
        at java.util.concurrent.locks.AbstractQueuedSynchronizer$ConditionObject.awaitNanos(AbstractQueuedSynchronizer.java:2078)
        at java.util.concurrent.ScheduledThreadPoolExecutor$DelayedWorkQueue.take(ScheduledThreadPoolExecutor.java:1093)
        at java.util.concurrent.ScheduledThreadPoolExecutor$DelayedWorkQueue.take(ScheduledThreadPoolExecutor.java:809)
        at java.util.concurrent.ThreadPoolExecutor.getTask(ThreadPoolExecutor.java:1074)
        at java.util.concurrent.ThreadPoolExecutor.runWorker(ThreadPoolExecutor.java:1134)
        at java.util.concurrent.ThreadPoolExecutor$Worker.run(ThreadPoolExecutor.java:624)
        at java.lang.Thread.run(Thread.java:748)
"IPC Server handler 9 on 44693" daemon prio=5 tid=44 timed_waiting
java.lang.Thread.State: TIMED_WAITING
        at sun.misc.Unsafe.park(Native Method)
        at java.util.concurrent.locks.LockSupport.parkNanos(LockSupport.java:215)
        at java.util.concurrent.locks.AbstractQueuedSynchronizer$ConditionObject.awaitNanos(AbstractQueuedSynchronizer.java:2078)
        at java.util.concurrent.LinkedBlockingQueue.poll(LinkedBlockingQueue.java:467)
        at org.apache.hadoop.ipc.CallQueueManager.take(CallQueueManager.java:288)
        at org.apache.hadoop.ipc.Server$Handler.run(Server.java:2668)
"qtp1296516504-156" daemon prio=5 tid=156 timed_waiting
java.lang.Thread.State: TIMED_WAITING
        at sun.misc.Unsafe.park(Native Method)
        at java.util.concurrent.locks.LockSupport.parkNanos(LockSupport.java:215)
        at java.util.concurrent.locks.AbstractQueuedSynchronizer$ConditionObject.awaitNanos(AbstractQueuedSynchronizer.java:2078)
        at org.eclipse.jetty.util.BlockingArrayQueue.poll(BlockingArrayQueue.java:382)
        at org.eclipse.jetty.util.thread.QueuedThreadPool$Runner.idleJobPoll(QueuedThreadPool.java:875)
        at org.eclipse.jetty.util.thread.QueuedThreadPool$Runner.run(QueuedThreadPool.java:925)
        at java.lang.Thread.run(Thread.java:748)
"Reference Handler" daemon prio=10 tid=2 in Object.wait()
java.lang.Thread.State: WAITING (on object monitor)
        at java.lang.Object.wait(Native Method)
        at java.lang.Object.wait(Object.java:502)
        at java.lang.ref.Reference.tryHandlePending(Reference.java:191)
        at java.lang.ref.Reference$ReferenceHandler.run(Reference.java:153)
"IPC Server handler 16 on 9862" daemon prio=5 tid=144 timed_waiting
java.lang.Thread.State: TIMED_WAITING
        at sun.misc.Unsafe.park(Native Method)
        at java.util.concurrent.locks.LockSupport.parkNanos(LockSupport.java:215)
        at java.util.concurrent.locks.AbstractQueuedSynchronizer$ConditionObject.awaitNanos(AbstractQueuedSynchronizer.java:2078)
        at java.util.concurrent.LinkedBlockingQueue.poll(LinkedBlockingQueue.java:467)
        at org.apache.hadoop.ipc.CallQueueManager.take(CallQueueManager.java:288)
        at org.apache.hadoop.ipc.Server$Handler.run(Server.java:2668)
"IPC Server handler 12 on 37155" daemon prio=5 tid=87 timed_waiting
java.lang.Thread.State: TIMED_WAITING
        at sun.misc.Unsafe.park(Native Method)
        at java.util.concurrent.locks.LockSupport.parkNanos(LockSupport.java:215)
        at java.util.concurrent.locks.AbstractQueuedSynchronizer$ConditionObject.awaitNanos(AbstractQueuedSynchronizer.java:2078)
        at java.util.concurrent.LinkedBlockingQueue.poll(LinkedBlockingQueue.java:467)
        at org.apache.hadoop.ipc.CallQueueManager.take(CallQueueManager.java:288)
        at org.apache.hadoop.ipc.Server$Handler.run(Server.java:2668)
"IPC Client (1314863388) connection to /0.0.0.0:37155 from jenkins1001" daemon prio=5 tid=261 timed_waiting
java.lang.Thread.State: TIMED_WAITING
        at java.lang.Object.wait(Native Method)
        at org.apache.hadoop.ipc.Client$Connection.waitForWork(Client.java:1024)
        at org.apache.hadoop.ipc.Client$Connection.run(Client.java:1068)
"IPC Server handler 1 on 9862" daemon prio=5 tid=128 timed_waiting
java.lang.Thread.State: TIMED_WAITING
        at sun.misc.Unsafe.park(Native Method)
        at java.util.concurrent.locks.LockSupport.parkNanos(LockSupport.java:215)
        at java.util.concurrent.locks.AbstractQueuedSynchronizer$ConditionObject.awaitNanos(AbstractQueuedSynchronizer.java:2078)
        at java.util.concurrent.LinkedBlockingQueue.poll(LinkedBlockingQueue.java:467)
        at org.apache.hadoop.ipc.CallQueueManager.take(CallQueueManager.java:288)
        at org.apache.hadoop.ipc.Server$Handler.run(Server.java:2668)
"IPC Server handler 4 on 37155" daemon prio=5 tid=79 timed_waiting
java.lang.Thread.State: TIMED_WAITING
        at sun.misc.Unsafe.park(Native Method)
        at java.util.concurrent.locks.LockSupport.parkNanos(LockSupport.java:215)
        at java.util.concurrent.locks.AbstractQueuedSynchronizer$ConditionObject.awaitNanos(AbstractQueuedSynchronizer.java:2078)
        at java.util.concurrent.LinkedBlockingQueue.poll(LinkedBlockingQueue.java:467)
        at org.apache.hadoop.ipc.CallQueueManager.take(CallQueueManager.java:288)
        at org.apache.hadoop.ipc.Server$Handler.run(Server.java:2668)
"Datanode ReportManager Thread - 1" daemon prio=5 tid=242 in Object.wait()
java.lang.Thread.State: WAITING (on object monitor)
        at sun.misc.Unsafe.park(Native Method)
        at java.util.concurrent.locks.LockSupport.park(LockSupport.java:175)
        at java.util.concurrent.locks.AbstractQueuedSynchronizer$ConditionObject.await(AbstractQueuedSynchronizer.java:2039)
        at java.util.concurrent.ScheduledThreadPoolExecutor$DelayedWorkQueue.take(ScheduledThreadPoolExecutor.java:1088)
        at java.util.concurrent.ScheduledThreadPoolExecutor$DelayedWorkQueue.take(ScheduledThreadPoolExecutor.java:809)
        at java.util.concurrent.ThreadPoolExecutor.getTask(ThreadPoolExecutor.java:1074)
        at java.util.concurrent.ThreadPoolExecutor.runWorker(ThreadPoolExecutor.java:1134)
        at java.util.concurrent.ThreadPoolExecutor$Worker.run(ThreadPoolExecutor.java:624)
        at java.lang.Thread.run(Thread.java:748)
"IPC Server handler 1 on 46581" daemon prio=5 tid=56 timed_waiting
java.lang.Thread.State: TIMED_WAITING
        at sun.misc.Unsafe.park(Native Method)
        at java.util.concurrent.locks.LockSupport.parkNanos(LockSupport.java:215)
        at java.util.concurrent.locks.AbstractQueuedSynchronizer$ConditionObject.awaitNanos(AbstractQueuedSynchronizer.java:2078)
        at java.util.concurrent.LinkedBlockingQueue.poll(LinkedBlockingQueue.java:467)
        at org.apache.hadoop.ipc.CallQueueManager.take(CallQueueManager.java:288)
        at org.apache.hadoop.ipc.Server$Handler.run(Server.java:2668)
"EventQueue-NodeRegistrationContainerReportForDataNodeSafeModeRule" daemon prio=5 tid=299 in Object.wait()
java.lang.Thread.State: WAITING (on object monitor)
        at sun.misc.Unsafe.park(Native Method)
        at java.util.concurrent.locks.LockSupport.park(LockSupport.java:175)
        at java.util.concurrent.locks.AbstractQueuedSynchronizer$ConditionObject.await(AbstractQueuedSynchronizer.java:2039)
        at java.util.concurrent.LinkedBlockingQueue.take(LinkedBlockingQueue.java:442)
        at java.util.concurrent.ThreadPoolExecutor.getTask(ThreadPoolExecutor.java:1074)
        at java.util.concurrent.ThreadPoolExecutor.runWorker(ThreadPoolExecutor.java:1134)
        at java.util.concurrent.ThreadPoolExecutor$Worker.run(ThreadPoolExecutor.java:624)
        at java.lang.Thread.run(Thread.java:748)
"Thread-1357" daemon prio=5 tid=1443 timed_waiting
java.lang.Thread.State: TIMED_WAITING
        at java.lang.Thread.sleep(Native Method)
        at org.apache.ratis.util.JavaUtils.sleep(JavaUtils.java:243)
        at org.apache.ratis.server.impl.FollowerState.run(FollowerState.java:97)
"qtp1179456560-237" daemon prio=5 tid=237 timed_waiting
java.lang.Thread.State: TIMED_WAITING
        at sun.misc.Unsafe.park(Native Method)
        at java.util.concurrent.locks.LockSupport.parkNanos(LockSupport.java:215)
        at java.util.concurrent.locks.AbstractQueuedSynchronizer$ConditionObject.awaitNanos(AbstractQueuedSynchronizer.java:2078)
        at org.eclipse.jetty.util.BlockingArrayQueue.poll(BlockingArrayQueue.java:382)
        at org.eclipse.jetty.util.thread.QueuedThreadPool$Runner.idleJobPoll(QueuedThreadPool.java:875)
        at org.eclipse.jetty.util.thread.QueuedThreadPool$Runner.run(QueuedThreadPool.java:925)
        at java.lang.Thread.run(Thread.java:748)
"IPC Server handler 5 on 44693" daemon prio=5 tid=40 timed_waiting
java.lang.Thread.State: TIMED_WAITING
        at sun.misc.Unsafe.park(Native Method)
        at java.util.concurrent.locks.LockSupport.parkNanos(LockSupport.java:215)
        at java.util.concurrent.locks.AbstractQueuedSynchronizer$ConditionObject.awaitNanos(AbstractQueuedSynchronizer.java:2078)
        at java.util.concurrent.LinkedBlockingQueue.poll(LinkedBlockingQueue.java:467)
        at org.apache.hadoop.ipc.CallQueueManager.take(CallQueueManager.java:288)
        at org.apache.hadoop.ipc.Server$Handler.run(Server.java:2668)
"pool-68-thread-1"  prio=5 tid=1446 in Object.wait()
java.lang.Thread.State: WAITING (on object monitor)
        at sun.misc.Unsafe.park(Native Method)
        at java.util.concurrent.locks.LockSupport.park(LockSupport.java:175)
        at java.util.concurrent.locks.AbstractQueuedSynchronizer$ConditionObject.await(AbstractQueuedSynchronizer.java:2039)
        at java.util.concurrent.LinkedBlockingQueue.take(LinkedBlockingQueue.java:442)
        at java.util.concurrent.ThreadPoolExecutor.getTask(ThreadPoolExecutor.java:1074)
        at java.util.concurrent.ThreadPoolExecutor.runWorker(ThreadPoolExecutor.java:1134)
        at java.util.concurrent.ThreadPoolExecutor$Worker.run(ThreadPoolExecutor.java:624)
        at java.lang.Thread.run(Thread.java:748)
"IPC Server handler 12 on 46581" daemon prio=5 tid=67 timed_waiting
java.lang.Thread.State: TIMED_WAITING
        at sun.misc.Unsafe.park(Native Method)
        at java.util.concurrent.locks.LockSupport.parkNanos(LockSupport.java:215)
        at java.util.concurrent.locks.AbstractQueuedSynchronizer$ConditionObject.awaitNanos(AbstractQueuedSynchronizer.java:2078)
        at java.util.concurrent.LinkedBlockingQueue.poll(LinkedBlockingQueue.java:467)
        at org.apache.hadoop.ipc.CallQueueManager.take(CallQueueManager.java:288)
        at org.apache.hadoop.ipc.Server$Handler.run(Server.java:2668)
"pool-53-thread-1"  prio=5 tid=340 in Object.wait()
java.lang.Thread.State: WAITING (on object monitor)
        at sun.misc.Unsafe.park(Native Method)
        at java.util.concurrent.locks.LockSupport.park(LockSupport.java:175)
        at java.util.concurrent.locks.AbstractQueuedSynchronizer$ConditionObject.await(AbstractQueuedSynchronizer.java:2039)
        at java.util.concurrent.LinkedBlockingQueue.take(LinkedBlockingQueue.java:442)
        at java.util.concurrent.ThreadPoolExecutor.getTask(ThreadPoolExecutor.java:1074)
        at java.util.concurrent.ThreadPoolExecutor.runWorker(ThreadPoolExecutor.java:1134)
        at java.util.concurrent.ThreadPoolExecutor$Worker.run(ThreadPoolExecutor.java:624)
        at java.lang.Thread.run(Thread.java:748)
"IPC Server Responder" daemon prio=5 tid=27 runnable
java.lang.Thread.State: RUNNABLE
        at sun.nio.ch.EPollArrayWrapper.epollWait(Native Method)
        at sun.nio.ch.EPollArrayWrapper.poll(EPollArrayWrapper.java:269)
        at sun.nio.ch.EPollSelectorImpl.doSelect(EPollSelectorImpl.java:93)
        at sun.nio.ch.SelectorImpl.lockAndDoSelect(SelectorImpl.java:86)
        at sun.nio.ch.SelectorImpl.select(SelectorImpl.java:97)
        at org.apache.hadoop.ipc.Server$Responder.doRunLoop(Server.java:1334)
        at org.apache.hadoop.ipc.Server$Responder.run(Server.java:1317)
"KeyDeletingService#1" daemon prio=5 tid=138 in Object.wait()
java.lang.Thread.State: WAITING (on object monitor)
        at sun.misc.Unsafe.park(Native Method)
        at java.util.concurrent.locks.LockSupport.park(LockSupport.java:175)
        at java.util.concurrent.locks.AbstractQueuedSynchronizer$ConditionObject.await(AbstractQueuedSynchronizer.java:2039)
        at java.util.concurrent.ScheduledThreadPoolExecutor$DelayedWorkQueue.take(ScheduledThreadPoolExecutor.java:1088)
        at java.util.concurrent.ScheduledThreadPoolExecutor$DelayedWorkQueue.take(ScheduledThreadPoolExecutor.java:809)
        at java.util.concurrent.ThreadPoolExecutor.getTask(ThreadPoolExecutor.java:1074)
        at java.util.concurrent.ThreadPoolExecutor.runWorker(ThreadPoolExecutor.java:1134)
        at java.util.concurrent.ThreadPoolExecutor$Worker.run(ThreadPoolExecutor.java:624)
        at java.lang.Thread.run(Thread.java:748)
"qtp1565304866-183" daemon prio=5 tid=183 timed_waiting
java.lang.Thread.State: TIMED_WAITING
        at sun.misc.Unsafe.park(Native Method)
        at java.util.concurrent.locks.LockSupport.parkNanos(LockSupport.java:215)
        at java.util.concurrent.locks.AbstractQueuedSynchronizer$ConditionObject.awaitNanos(AbstractQueuedSynchronizer.java:2078)
        at org.eclipse.jetty.util.BlockingArrayQueue.poll(BlockingArrayQueue.java:382)
        at org.eclipse.jetty.util.thread.QueuedThreadPool$Runner.idleJobPoll(QueuedThreadPool.java:875)
        at org.eclipse.jetty.util.thread.QueuedThreadPool$Runner.run(QueuedThreadPool.java:925)
        at java.lang.Thread.run(Thread.java:748)
"ChunkWriter-0-0" daemon prio=5 tid=262 in Object.wait()
java.lang.Thread.State: WAITING (on object monitor)
        at sun.misc.Unsafe.park(Native Method)
        at java.util.concurrent.locks.LockSupport.park(LockSupport.java:175)
        at java.util.concurrent.locks.AbstractQueuedSynchronizer$ConditionObject.await(AbstractQueuedSynchronizer.java:2039)
        at java.util.concurrent.LinkedBlockingDeque.takeFirst(LinkedBlockingDeque.java:492)
        at java.util.concurrent.LinkedBlockingDeque.take(LinkedBlockingDeque.java:680)
        at java.util.concurrent.ThreadPoolExecutor.getTask(ThreadPoolExecutor.java:1074)
        at java.util.concurrent.ThreadPoolExecutor.runWorker(ThreadPoolExecutor.java:1134)
        at java.util.concurrent.ThreadPoolExecutor$Worker.run(ThreadPoolExecutor.java:624)
        at java.lang.Thread.run(Thread.java:748)
"IPC Server handler 11 on 44693" daemon prio=5 tid=46 timed_waiting
java.lang.Thread.State: TIMED_WAITING
        at sun.misc.Unsafe.park(Native Method)
        at java.util.concurrent.locks.LockSupport.parkNanos(LockSupport.java:215)
        at java.util.concurrent.locks.AbstractQueuedSynchronizer$ConditionObject.awaitNanos(AbstractQueuedSynchronizer.java:2078)
        at java.util.concurrent.LinkedBlockingQueue.poll(LinkedBlockingQueue.java:467)
        at org.apache.hadoop.ipc.CallQueueManager.take(CallQueueManager.java:288)
        at org.apache.hadoop.ipc.Server$Handler.run(Server.java:2668)
"IPC Server handler 17 on 44693" daemon prio=5 tid=52 timed_waiting
java.lang.Thread.State: TIMED_WAITING
        at sun.misc.Unsafe.park(Native Method)
        at java.util.concurrent.locks.LockSupport.parkNanos(LockSupport.java:215)
        at java.util.concurrent.locks.AbstractQueuedSynchronizer$ConditionObject.awaitNanos(AbstractQueuedSynchronizer.java:2078)
        at java.util.concurrent.LinkedBlockingQueue.poll(LinkedBlockingQueue.java:467)
        at org.apache.hadoop.ipc.CallQueueManager.take(CallQueueManager.java:288)
        at org.apache.hadoop.ipc.Server$Handler.run(Server.java:2668)
"qtp1565304866-185" daemon prio=5 tid=185 timed_waiting
java.lang.Thread.State: TIMED_WAITING
        at sun.misc.Unsafe.park(Native Method)
        at java.util.concurrent.locks.LockSupport.parkNanos(LockSupport.java:215)
        at java.util.concurrent.locks.AbstractQueuedSynchronizer$ConditionObject.awaitNanos(AbstractQueuedSynchronizer.java:2078)
        at org.eclipse.jetty.util.BlockingArrayQueue.poll(BlockingArrayQueue.java:382)
        at org.eclipse.jetty.util.thread.QueuedThreadPool$Runner.idleJobPoll(QueuedThreadPool.java:875)
        at org.eclipse.jetty.util.thread.QueuedThreadPool$Runner.run(QueuedThreadPool.java:925)
        at java.lang.Thread.run(Thread.java:748)
"IPC Server handler 1 on 44693" daemon prio=5 tid=36 timed_waiting
java.lang.Thread.State: TIMED_WAITING
        at sun.misc.Unsafe.park(Native Method)
        at java.util.concurrent.locks.LockSupport.parkNanos(LockSupport.java:215)
        at java.util.concurrent.locks.AbstractQueuedSynchronizer$ConditionObject.awaitNanos(AbstractQueuedSynchronizer.java:2078)
        at java.util.concurrent.LinkedBlockingQueue.poll(LinkedBlockingQueue.java:467)
        at org.apache.hadoop.ipc.CallQueueManager.take(CallQueueManager.java:288)
        at org.apache.hadoop.ipc.Server$Handler.run(Server.java:2668)
"pool-72-thread-1"  prio=5 tid=229 timed_waiting
java.lang.Thread.State: TIMED_WAITING
        at sun.misc.Unsafe.park(Native Method)
        at java.util.concurrent.locks.LockSupport.parkNanos(LockSupport.java:215)
        at java.util.concurrent.locks.AbstractQueuedSynchronizer$ConditionObject.awaitNanos(AbstractQueuedSynchronizer.java:2078)
        at java.util.concurrent.ScheduledThreadPoolExecutor$DelayedWorkQueue.take(ScheduledThreadPoolExecutor.java:1093)
        at java.util.concurrent.ScheduledThreadPoolExecutor$DelayedWorkQueue.take(ScheduledThreadPoolExecutor.java:809)
        at java.util.concurrent.ThreadPoolExecutor.getTask(ThreadPoolExecutor.java:1074)
        at java.util.concurrent.ThreadPoolExecutor.runWorker(ThreadPoolExecutor.java:1134)
        at java.util.concurrent.ThreadPoolExecutor$Worker.run(ThreadPoolExecutor.java:624)
        at java.lang.Thread.run(Thread.java:748)
"qtp1296516504-154" daemon prio=5 tid=154 timed_waiting
java.lang.Thread.State: TIMED_WAITING
        at sun.misc.Unsafe.park(Native Method)
        at java.util.concurrent.locks.LockSupport.parkNanos(LockSupport.java:215)
        at java.util.concurrent.locks.AbstractQueuedSynchronizer$ConditionObject.awaitNanos(AbstractQueuedSynchronizer.java:2078)
        at org.eclipse.jetty.util.BlockingArrayQueue.poll(BlockingArrayQueue.java:382)
        at org.eclipse.jetty.util.thread.QueuedThreadPool$Runner.idleJobPoll(QueuedThreadPool.java:875)
        at org.eclipse.jetty.util.thread.QueuedThreadPool$Runner.run(QueuedThreadPool.java:925)
        at java.lang.Thread.run(Thread.java:748)
"f48396e8-f861-4ea7-9d9a-a0d4272beba6@group-FBF1FF002355-SegmentedRaftLogWorker"  prio=5 tid=334 timed_waiting
java.lang.Thread.State: TIMED_WAITING
        at sun.misc.Unsafe.park(Native Method)
        at java.util.concurrent.locks.LockSupport.parkNanos(LockSupport.java:215)
        at java.util.concurrent.locks.AbstractQueuedSynchronizer$ConditionObject.awaitNanos(AbstractQueuedSynchronizer.java:2078)
        at org.apache.ratis.util.DataBlockingQueue.poll(DataBlockingQueue.java:137)
        at org.apache.ratis.server.raftlog.segmented.SegmentedRaftLogWorker.run(SegmentedRaftLogWorker.java:287)
        at java.lang.Thread.run(Thread.java:748)
"Socket Reader #1 for port 44693"  prio=5 tid=25 runnable
java.lang.Thread.State: RUNNABLE
        at sun.nio.ch.EPollArrayWrapper.epollWait(Native Method)
        at sun.nio.ch.EPollArrayWrapper.poll(EPollArrayWrapper.java:269)
        at sun.nio.ch.EPollSelectorImpl.doSelect(EPollSelectorImpl.java:93)
        at sun.nio.ch.SelectorImpl.lockAndDoSelect(SelectorImpl.java:86)
        at sun.nio.ch.SelectorImpl.select(SelectorImpl.java:97)
        at sun.nio.ch.SelectorImpl.select(SelectorImpl.java:101)
        at org.apache.hadoop.ipc.Server$Listener$Reader.doRunLoop(Server.java:1097)
        at org.apache.hadoop.ipc.Server$Listener$Reader.run(Server.java:1076)
"Datanode ReportManager Thread - 2" daemon prio=5 tid=243 timed_waiting
java.lang.Thread.State: TIMED_WAITING
        at sun.misc.Unsafe.park(Native Method)
        at java.util.concurrent.locks.LockSupport.parkNanos(LockSupport.java:215)
        at java.util.concurrent.locks.AbstractQueuedSynchronizer$ConditionObject.awaitNanos(AbstractQueuedSynchronizer.java:2078)
        at java.util.concurrent.ScheduledThreadPoolExecutor$DelayedWorkQueue.take(ScheduledThreadPoolExecutor.java:1093)
        at java.util.concurrent.ScheduledThreadPoolExecutor$DelayedWorkQueue.take(ScheduledThreadPoolExecutor.java:809)
        at java.util.concurrent.ThreadPoolExecutor.getTask(ThreadPoolExecutor.java:1074)
        at java.util.concurrent.ThreadPoolExecutor.runWorker(ThreadPoolExecutor.java:1134)
        at java.util.concurrent.ThreadPoolExecutor$Worker.run(ThreadPoolExecutor.java:624)
        at java.lang.Thread.run(Thread.java:748)
"qtp1565304866-188" daemon prio=5 tid=188 timed_waiting
java.lang.Thread.State: TIMED_WAITING
        at sun.misc.Unsafe.park(Native Method)
        at java.util.concurrent.locks.LockSupport.parkNanos(LockSupport.java:215)
        at java.util.concurrent.locks.AbstractQueuedSynchronizer$ConditionObject.awaitNanos(AbstractQueuedSynchronizer.java:2078)
        at org.eclipse.jetty.util.BlockingArrayQueue.poll(BlockingArrayQueue.java:382)
        at org.eclipse.jetty.util.thread.QueuedThreadPool$Runner.idleJobPoll(QueuedThreadPool.java:875)
        at org.eclipse.jetty.util.thread.QueuedThreadPool$Runner.run(QueuedThreadPool.java:925)
        at java.lang.Thread.run(Thread.java:748)
"IPC Server Responder" daemon prio=5 tid=23 runnable
java.lang.Thread.State: RUNNABLE
        at sun.nio.ch.EPollArrayWrapper.epollWait(Native Method)
        at sun.nio.ch.EPollArrayWrapper.poll(EPollArrayWrapper.java:269)
        at sun.nio.ch.EPollSelectorImpl.doSelect(EPollSelectorImpl.java:93)
        at sun.nio.ch.SelectorImpl.lockAndDoSelect(SelectorImpl.java:86)
        at sun.nio.ch.SelectorImpl.select(SelectorImpl.java:97)
        at org.apache.hadoop.ipc.Server$Responder.doRunLoop(Server.java:1334)
        at org.apache.hadoop.ipc.Server$Responder.run(Server.java:1317)
"Session-HouseKeeper-61c43075-1"  prio=5 tid=158 timed_waiting
java.lang.Thread.State: TIMED_WAITING
        at sun.misc.Unsafe.park(Native Method)
        at java.util.concurrent.locks.LockSupport.parkNanos(LockSupport.java:215)
        at java.util.concurrent.locks.AbstractQueuedSynchronizer$ConditionObject.awaitNanos(AbstractQueuedSynchronizer.java:2078)
        at java.util.concurrent.ScheduledThreadPoolExecutor$DelayedWorkQueue.take(ScheduledThreadPoolExecutor.java:1093)
        at java.util.concurrent.ScheduledThreadPoolExecutor$DelayedWorkQueue.take(ScheduledThreadPoolExecutor.java:809)
        at java.util.concurrent.ThreadPoolExecutor.getTask(ThreadPoolExecutor.java:1074)
        at java.util.concurrent.ThreadPoolExecutor.runWorker(ThreadPoolExecutor.java:1134)
        at java.util.concurrent.ThreadPoolExecutor$Worker.run(ThreadPoolExecutor.java:624)
        at java.lang.Thread.run(Thread.java:748)
"IPC Server handler 12 on 44693" daemon prio=5 tid=47 timed_waiting
java.lang.Thread.State: TIMED_WAITING
        at sun.misc.Unsafe.park(Native Method)
        at java.util.concurrent.locks.LockSupport.parkNanos(LockSupport.java:215)
        at java.util.concurrent.locks.AbstractQueuedSynchronizer$ConditionObject.awaitNanos(AbstractQueuedSynchronizer.java:2078)
        at java.util.concurrent.LinkedBlockingQueue.poll(LinkedBlockingQueue.java:467)
        at org.apache.hadoop.ipc.CallQueueManager.take(CallQueueManager.java:288)
        at org.apache.hadoop.ipc.Server$Handler.run(Server.java:2668)
"IPC Server handler 2 on 9862" daemon prio=5 tid=129 timed_waiting
java.lang.Thread.State: TIMED_WAITING
        at sun.misc.Unsafe.park(Native Method)
        at java.util.concurrent.locks.LockSupport.parkNanos(LockSupport.java:215)
        at java.util.concurrent.locks.AbstractQueuedSynchronizer$ConditionObject.awaitNanos(AbstractQueuedSynchronizer.java:2078)
        at java.util.concurrent.LinkedBlockingQueue.poll(LinkedBlockingQueue.java:467)
        at org.apache.hadoop.ipc.CallQueueManager.take(CallQueueManager.java:288)
        at org.apache.hadoop.ipc.Server$Handler.run(Server.java:2668)
"Timer-1" daemon prio=5 tid=170 timed_waiting
java.lang.Thread.State: TIMED_WAITING
        at java.lang.Object.wait(Native Method)
        at java.util.TimerThread.mainLoop(Timer.java:552)
        at java.util.TimerThread.run(Timer.java:505)
"IPC Server handler 13 on 46581" daemon prio=5 tid=68 timed_waiting
java.lang.Thread.State: TIMED_WAITING
        at sun.misc.Unsafe.park(Native Method)
        at java.util.concurrent.locks.LockSupport.parkNanos(LockSupport.java:215)
        at java.util.concurrent.locks.AbstractQueuedSynchronizer$ConditionObject.awaitNanos(AbstractQueuedSynchronizer.java:2078)
        at java.util.concurrent.LinkedBlockingQueue.poll(LinkedBlockingQueue.java:467)
        at org.apache.hadoop.ipc.CallQueueManager.take(CallQueueManager.java:288)
        at org.apache.hadoop.ipc.Server$Handler.run(Server.java:2668)
"qtp1179456560-233" daemon prio=5 tid=233 timed_waiting
java.lang.Thread.State: TIMED_WAITING
        at sun.misc.Unsafe.park(Native Method)
        at java.util.concurrent.locks.LockSupport.parkNanos(LockSupport.java:215)
        at java.util.concurrent.locks.AbstractQueuedSynchronizer$ConditionObject.awaitNanos(AbstractQueuedSynchronizer.java:2078)
        at org.eclipse.jetty.util.BlockingArrayQueue.poll(BlockingArrayQueue.java:382)
        at org.eclipse.jetty.util.thread.QueuedThreadPool$Runner.idleJobPoll(QueuedThreadPool.java:875)
        at org.eclipse.jetty.util.thread.QueuedThreadPool$Runner.run(QueuedThreadPool.java:925)
        at java.lang.Thread.run(Thread.java:748)
"EventQueue-OpenPipelineForHealthyPipelineSafeModeRule" daemon prio=5 tid=337 in Object.wait()
java.lang.Thread.State: WAITING (on object monitor)
        at sun.misc.Unsafe.park(Native Method)
        at java.util.concurrent.locks.LockSupport.park(LockSupport.java:175)
        at java.util.concurrent.locks.AbstractQueuedSynchronizer$ConditionObject.await(AbstractQueuedSynchronizer.java:2039)
        at java.util.concurrent.LinkedBlockingQueue.take(LinkedBlockingQueue.java:442)
        at java.util.concurrent.ThreadPoolExecutor.getTask(ThreadPoolExecutor.java:1074)
        at java.util.concurrent.ThreadPoolExecutor.runWorker(ThreadPoolExecutor.java:1134)
        at java.util.concurrent.ThreadPoolExecutor$Worker.run(ThreadPoolExecutor.java:624)
        at java.lang.Thread.run(Thread.java:748)
"Datanode ReportManager Thread - 3" daemon prio=5 tid=199 in Object.wait()
java.lang.Thread.State: WAITING (on object monitor)
        at sun.misc.Unsafe.park(Native Method)
        at java.util.concurrent.locks.LockSupport.park(LockSupport.java:175)
        at java.util.concurrent.locks.AbstractQueuedSynchronizer$ConditionObject.await(AbstractQueuedSynchronizer.java:2039)
        at java.util.concurrent.ScheduledThreadPoolExecutor$DelayedWorkQueue.take(ScheduledThreadPoolExecutor.java:1088)
        at java.util.concurrent.ScheduledThreadPoolExecutor$DelayedWorkQueue.take(ScheduledThreadPoolExecutor.java:809)
        at java.util.concurrent.ThreadPoolExecutor.getTask(ThreadPoolExecutor.java:1074)
        at java.util.concurrent.ThreadPoolExecutor.runWorker(ThreadPoolExecutor.java:1134)
        at java.util.concurrent.ThreadPoolExecutor$Worker.run(ThreadPoolExecutor.java:624)
        at java.lang.Thread.run(Thread.java:748)
"IPC Server idle connection scanner for port 37155" daemon prio=5 tid=18 timed_waiting
java.lang.Thread.State: TIMED_WAITING
        at java.lang.Object.wait(Native Method)
        at java.util.TimerThread.mainLoop(Timer.java:552)
        at java.util.TimerThread.run(Timer.java:505)
"f48396e8-f861-4ea7-9d9a-a0d4272beba6@group-5C396212DADF-StateMachineUpdater" daemon prio=5 tid=1454 in Object.wait()
java.lang.Thread.State: WAITING (on object monitor)
        at java.lang.Object.wait(Native Method)
        at java.lang.Object.wait(Object.java:502)
        at org.apache.ratis.server.impl.StateMachineUpdater.waitForCommit(StateMachineUpdater.java:197)
        at org.apache.ratis.server.impl.StateMachineUpdater.run(StateMachineUpdater.java:162)
        at java.lang.Thread.run(Thread.java:748)
"pool-28-thread-1"  prio=5 tid=149 timed_waiting
java.lang.Thread.State: TIMED_WAITING
        at sun.misc.Unsafe.park(Native Method)
        at java.util.concurrent.locks.LockSupport.parkNanos(LockSupport.java:215)
        at java.util.concurrent.locks.AbstractQueuedSynchronizer$ConditionObject.awaitNanos(AbstractQueuedSynchronizer.java:2078)
        at java.util.concurrent.ScheduledThreadPoolExecutor$DelayedWorkQueue.take(ScheduledThreadPoolExecutor.java:1093)
        at java.util.concurrent.ScheduledThreadPoolExecutor$DelayedWorkQueue.take(ScheduledThreadPoolExecutor.java:809)
        at java.util.concurrent.ThreadPoolExecutor.getTask(ThreadPoolExecutor.java:1074)
        at java.util.concurrent.ThreadPoolExecutor.runWorker(ThreadPoolExecutor.java:1134)
        at java.util.concurrent.ThreadPoolExecutor$Worker.run(ThreadPoolExecutor.java:624)
        at java.lang.Thread.run(Thread.java:748)
"IPC Server handler 18 on 46581" daemon prio=5 tid=73 timed_waiting
java.lang.Thread.State: TIMED_WAITING
        at sun.misc.Unsafe.park(Native Method)
        at java.util.concurrent.locks.LockSupport.parkNanos(LockSupport.java:215)
        at java.util.concurrent.locks.AbstractQueuedSynchronizer$ConditionObject.awaitNanos(AbstractQueuedSynchronizer.java:2078)
        at java.util.concurrent.LinkedBlockingQueue.poll(LinkedBlockingQueue.java:467)
        at org.apache.hadoop.ipc.CallQueueManager.take(CallQueueManager.java:288)
        at org.apache.hadoop.ipc.Server$Handler.run(Server.java:2668)
"Timer-0"  prio=5 tid=125 timed_waiting
java.lang.Thread.State: TIMED_WAITING
        at java.lang.Object.wait(Native Method)
        at java.util.TimerThread.mainLoop(Timer.java:552)
        at java.util.TimerThread.run(Timer.java:505)
"IPC Server handler 17 on 37155" daemon prio=5 tid=92 timed_waiting
java.lang.Thread.State: TIMED_WAITING
        at sun.misc.Unsafe.park(Native Method)
        at java.util.concurrent.locks.LockSupport.parkNanos(LockSupport.java:215)
        at java.util.concurrent.locks.AbstractQueuedSynchronizer$ConditionObject.awaitNanos(AbstractQueuedSynchronizer.java:2078)
        at java.util.concurrent.LinkedBlockingQueue.poll(LinkedBlockingQueue.java:467)
        at org.apache.hadoop.ipc.CallQueueManager.take(CallQueueManager.java:288)
        at org.apache.hadoop.ipc.Server$Handler.run(Server.java:2668)
"pool-24-thread-1"  prio=5 tid=111 in Object.wait()
java.lang.Thread.State: WAITING (on object monitor)
        at sun.misc.Unsafe.park(Native Method)
        at java.util.concurrent.locks.LockSupport.park(LockSupport.java:175)
        at java.util.concurrent.locks.AbstractQueuedSynchronizer$ConditionObject.await(AbstractQueuedSynchronizer.java:2039)
        at java.util.concurrent.LinkedBlockingQueue.take(LinkedBlockingQueue.java:442)
        at java.util.concurrent.ThreadPoolExecutor.getTask(ThreadPoolExecutor.java:1074)
        at java.util.concurrent.ThreadPoolExecutor.runWorker(ThreadPoolExecutor.java:1134)
        at java.util.concurrent.ThreadPoolExecutor$Worker.run(ThreadPoolExecutor.java:624)
        at java.lang.Thread.run(Thread.java:748)
"IPC Server handler 0 on 9862" daemon prio=5 tid=127 timed_waiting
java.lang.Thread.State: TIMED_WAITING
        at sun.misc.Unsafe.park(Native Method)
        at java.util.concurrent.locks.LockSupport.parkNanos(LockSupport.java:215)
        at java.util.concurrent.locks.AbstractQueuedSynchronizer$ConditionObject.awaitNanos(AbstractQueuedSynchronizer.java:2078)
        at java.util.concurrent.LinkedBlockingQueue.poll(LinkedBlockingQueue.java:467)
        at org.apache.hadoop.ipc.CallQueueManager.take(CallQueueManager.java:288)
        at org.apache.hadoop.ipc.Server$Handler.run(Server.java:2668)
"EventQueue-NodeRegistrationContainerReportForContainerSafeModeRule" daemon prio=5 tid=300 in Object.wait()
java.lang.Thread.State: WAITING (on object monitor)
        at sun.misc.Unsafe.park(Native Method)
        at java.util.concurrent.locks.LockSupport.park(LockSupport.java:175)
        at java.util.concurrent.locks.AbstractQueuedSynchronizer$ConditionObject.await(AbstractQueuedSynchronizer.java:2039)
        at java.util.concurrent.LinkedBlockingQueue.take(LinkedBlockingQueue.java:442)
        at java.util.concurrent.ThreadPoolExecutor.getTask(ThreadPoolExecutor.java:1074)
        at java.util.concurrent.ThreadPoolExecutor.runWorker(ThreadPoolExecutor.java:1134)
        at java.util.concurrent.ThreadPoolExecutor$Worker.run(ThreadPoolExecutor.java:624)
        at java.lang.Thread.run(Thread.java:748)
"IPC Server handler 8 on 46581" daemon prio=5 tid=63 timed_waiting
java.lang.Thread.State: TIMED_WAITING
        at sun.misc.Unsafe.park(Native Method)
        at java.util.concurrent.locks.LockSupport.parkNanos(LockSupport.java:215)
        at java.util.concurrent.locks.AbstractQueuedSynchronizer$ConditionObject.awaitNanos(AbstractQueuedSynchronizer.java:2078)
        at java.util.concurrent.LinkedBlockingQueue.poll(LinkedBlockingQueue.java:467)
        at org.apache.hadoop.ipc.CallQueueManager.take(CallQueueManager.java:288)
        at org.apache.hadoop.ipc.Server$Handler.run(Server.java:2668)
"ChunkWriter-2-0" daemon prio=5 tid=264 in Object.wait()
java.lang.Thread.State: WAITING (on object monitor)
        at sun.misc.Unsafe.park(Native Method)
        at java.util.concurrent.locks.LockSupport.park(LockSupport.java:175)
        at java.util.concurrent.locks.AbstractQueuedSynchronizer$ConditionObject.await(AbstractQueuedSynchronizer.java:2039)
        at java.util.concurrent.LinkedBlockingDeque.takeFirst(LinkedBlockingDeque.java:492)
        at java.util.concurrent.LinkedBlockingDeque.take(LinkedBlockingDeque.java:680)
        at java.util.concurrent.ThreadPoolExecutor.getTask(ThreadPoolExecutor.java:1074)
        at java.util.concurrent.ThreadPoolExecutor.runWorker(ThreadPoolExecutor.java:1134)
        at java.util.concurrent.ThreadPoolExecutor$Worker.run(ThreadPoolExecutor.java:624)
        at java.lang.Thread.run(Thread.java:748)
"BlockDeletingService#2" daemon prio=5 tid=900 in Object.wait()
java.lang.Thread.State: WAITING (on object monitor)
        at sun.misc.Unsafe.park(Native Method)
        at java.util.concurrent.locks.LockSupport.park(LockSupport.java:175)
        at java.util.concurrent.locks.AbstractQueuedSynchronizer$ConditionObject.await(AbstractQueuedSynchronizer.java:2039)
        at java.util.concurrent.ScheduledThreadPoolExecutor$DelayedWorkQueue.take(ScheduledThreadPoolExecutor.java:1088)
        at java.util.concurrent.ScheduledThreadPoolExecutor$DelayedWorkQueue.take(ScheduledThreadPoolExecutor.java:809)
        at java.util.concurrent.ThreadPoolExecutor.getTask(ThreadPoolExecutor.java:1074)
        at java.util.concurrent.ThreadPoolExecutor.runWorker(ThreadPoolExecutor.java:1134)
        at java.util.concurrent.ThreadPoolExecutor$Worker.run(ThreadPoolExecutor.java:624)
        at java.lang.Thread.run(Thread.java:748)
"IPC Server handler 2 on 37155" daemon prio=5 tid=77 timed_waiting
java.lang.Thread.State: TIMED_WAITING
        at sun.misc.Unsafe.park(Native Method)
        at java.util.concurrent.locks.LockSupport.parkNanos(LockSupport.java:215)
        at java.util.concurrent.locks.AbstractQueuedSynchronizer$ConditionObject.awaitNanos(AbstractQueuedSynchronizer.java:2078)
        at java.util.concurrent.LinkedBlockingQueue.poll(LinkedBlockingQueue.java:467)
        at org.apache.hadoop.ipc.CallQueueManager.take(CallQueueManager.java:288)
        at org.apache.hadoop.ipc.Server$Handler.run(Server.java:2668)
"EventQueue-Delayed safe mode statusForReplicationManager"  prio=5 tid=32 in Object.wait()
java.lang.Thread.State: WAITING (on object monitor)
        at sun.misc.Unsafe.park(Native Method)
        at java.util.concurrent.locks.LockSupport.park(LockSupport.java:175)
        at java.util.concurrent.locks.AbstractQueuedSynchronizer$ConditionObject.await(AbstractQueuedSynchronizer.java:2039)
        at java.util.concurrent.LinkedBlockingQueue.take(LinkedBlockingQueue.java:442)
        at java.util.concurrent.ThreadPoolExecutor.getTask(ThreadPoolExecutor.java:1074)
        at java.util.concurrent.ThreadPoolExecutor.runWorker(ThreadPoolExecutor.java:1134)
        at java.util.concurrent.ThreadPoolExecutor$Worker.run(ThreadPoolExecutor.java:624)
        at java.lang.Thread.run(Thread.java:748)
"BlockDeletingService#0" daemon prio=5 tid=280 in Object.wait()
java.lang.Thread.State: WAITING (on object monitor)
        at sun.misc.Unsafe.park(Native Method)
        at java.util.concurrent.locks.LockSupport.park(LockSupport.java:175)
        at java.util.concurrent.locks.AbstractQueuedSynchronizer$ConditionObject.await(AbstractQueuedSynchronizer.java:2039)
        at java.util.concurrent.ScheduledThreadPoolExecutor$DelayedWorkQueue.take(ScheduledThreadPoolExecutor.java:1088)
        at java.util.concurrent.ScheduledThreadPoolExecutor$DelayedWorkQueue.take(ScheduledThreadPoolExecutor.java:809)
        at java.util.concurrent.ThreadPoolExecutor.getTask(ThreadPoolExecutor.java:1074)
        at java.util.concurrent.ThreadPoolExecutor.runWorker(ThreadPoolExecutor.java:1134)
        at java.util.concurrent.ThreadPoolExecutor$Worker.run(ThreadPoolExecutor.java:624)
        at java.lang.Thread.run(Thread.java:748)
"IPC Server handler 11 on 46581" daemon prio=5 tid=66 timed_waiting
java.lang.Thread.State: TIMED_WAITING
        at sun.misc.Unsafe.park(Native Method)
        at java.util.concurrent.locks.LockSupport.parkNanos(LockSupport.java:215)
        at java.util.concurrent.locks.AbstractQueuedSynchronizer$ConditionObject.awaitNanos(AbstractQueuedSynchronizer.java:2078)
        at java.util.concurrent.LinkedBlockingQueue.poll(LinkedBlockingQueue.java:467)
        at org.apache.hadoop.ipc.CallQueueManager.take(CallQueueManager.java:288)
        at org.apache.hadoop.ipc.Server$Handler.run(Server.java:2668)
"IPC Server handler 4 on 9862" daemon prio=5 tid=131 timed_waiting
java.lang.Thread.State: TIMED_WAITING
        at sun.misc.Unsafe.park(Native Method)
        at java.util.concurrent.locks.LockSupport.parkNanos(LockSupport.java:215)
        at java.util.concurrent.locks.AbstractQueuedSynchronizer$ConditionObject.awaitNanos(AbstractQueuedSynchronizer.java:2078)
        at java.util.concurrent.LinkedBlockingQueue.poll(LinkedBlockingQueue.java:467)
        at org.apache.hadoop.ipc.CallQueueManager.take(CallQueueManager.java:288)
        at org.apache.hadoop.ipc.Server$Handler.run(Server.java:2668)
"omNode1@group-3464CFB7038B-LeaderElection7" daemon prio=5 tid=1497 timed_waiting
java.lang.Thread.State: TIMED_WAITING
        at sun.misc.Unsafe.park(Native Method)
        at java.util.concurrent.locks.LockSupport.parkNanos(LockSupport.java:215)
        at java.util.concurrent.locks.AbstractQueuedSynchronizer$ConditionObject.awaitNanos(AbstractQueuedSynchronizer.java:2078)
        at java.util.concurrent.LinkedBlockingQueue.poll(LinkedBlockingQueue.java:467)
        at java.util.concurrent.ExecutorCompletionService.poll(ExecutorCompletionService.java:202)
        at org.apache.ratis.server.impl.LeaderElection$Executor.poll(LeaderElection.java:105)
        at org.apache.ratis.server.impl.LeaderElection.waitForResults(LeaderElection.java:282)
        at org.apache.ratis.server.impl.LeaderElection.askForVotes(LeaderElection.java:225)
        at org.apache.ratis.server.impl.LeaderElection.run(LeaderElection.java:161)
        at java.lang.Thread.run(Thread.java:748)
"Signal Dispatcher" daemon prio=9 tid=4 runnable
java.lang.Thread.State: RUNNABLE
"Thread-1365" daemon prio=5 tid=1455 timed_waiting
java.lang.Thread.State: TIMED_WAITING
        at java.lang.Thread.sleep(Native Method)
        at org.apache.ratis.util.JavaUtils.sleep(JavaUtils.java:243)
        at org.apache.ratis.server.impl.FollowerState.run(FollowerState.java:97)
"qtp1565304866-186" daemon prio=5 tid=186 timed_waiting
java.lang.Thread.State: TIMED_WAITING
        at sun.misc.Unsafe.park(Native Method)
        at java.util.concurrent.locks.LockSupport.parkNanos(LockSupport.java:215)
        at java.util.concurrent.locks.AbstractQueuedSynchronizer$ConditionObject.awaitNanos(AbstractQueuedSynchronizer.java:2078)
        at org.eclipse.jetty.util.BlockingArrayQueue.poll(BlockingArrayQueue.java:382)
        at org.eclipse.jetty.util.thread.QueuedThreadPool$Runner.idleJobPoll(QueuedThreadPool.java:875)
        at org.eclipse.jetty.util.thread.QueuedThreadPool$Runner.run(QueuedThreadPool.java:925)
        at java.lang.Thread.run(Thread.java:748)
"IPC Server handler 6 on 9862" daemon prio=5 tid=133 timed_waiting
java.lang.Thread.State: TIMED_WAITING
        at sun.misc.Unsafe.park(Native Method)
        at java.util.concurrent.locks.LockSupport.parkNanos(LockSupport.java:215)
        at java.util.concurrent.locks.AbstractQueuedSynchronizer$ConditionObject.awaitNanos(AbstractQueuedSynchronizer.java:2078)
        at java.util.concurrent.LinkedBlockingQueue.poll(LinkedBlockingQueue.java:467)
        at org.apache.hadoop.ipc.CallQueueManager.take(CallQueueManager.java:288)
        at org.apache.hadoop.ipc.Server$Handler.run(Server.java:2668)
"qtp1179456560-235" daemon prio=5 tid=235 timed_waiting
java.lang.Thread.State: TIMED_WAITING
        at sun.misc.Unsafe.park(Native Method)
        at java.util.concurrent.locks.LockSupport.parkNanos(LockSupport.java:215)
        at java.util.concurrent.locks.AbstractQueuedSynchronizer$ConditionObject.awaitNanos(AbstractQueuedSynchronizer.java:2078)
        at org.eclipse.jetty.util.BlockingArrayQueue.poll(BlockingArrayQueue.java:382)
        at org.eclipse.jetty.util.thread.QueuedThreadPool$Runner.idleJobPoll(QueuedThreadPool.java:875)
        at org.eclipse.jetty.util.thread.QueuedThreadPool$Runner.run(QueuedThreadPool.java:925)
        at java.lang.Thread.run(Thread.java:748)
"Session-HouseKeeper-43b9ccc8-1"  prio=5 tid=238 timed_waiting
java.lang.Thread.State: TIMED_WAITING
        at sun.misc.Unsafe.park(Native Method)
        at java.util.concurrent.locks.LockSupport.parkNanos(LockSupport.java:215)
        at java.util.concurrent.locks.AbstractQueuedSynchronizer$ConditionObject.awaitNanos(AbstractQueuedSynchronizer.java:2078)
        at java.util.concurrent.ScheduledThreadPoolExecutor$DelayedWorkQueue.take(ScheduledThreadPoolExecutor.java:1093)
        at java.util.concurrent.ScheduledThreadPoolExecutor$DelayedWorkQueue.take(ScheduledThreadPoolExecutor.java:809)
        at java.util.concurrent.ThreadPoolExecutor.getTask(ThreadPoolExecutor.java:1074)
        at java.util.concurrent.ThreadPoolExecutor.runWorker(ThreadPoolExecutor.java:1134)
        at java.util.concurrent.ThreadPoolExecutor$Worker.run(ThreadPoolExecutor.java:624)
        at java.lang.Thread.run(Thread.java:748)
"Command processor thread" daemon prio=5 tid=245 timed_waiting
java.lang.Thread.State: TIMED_WAITING
        at java.lang.Thread.sleep(Native Method)
        at org.apache.hadoop.ozone.container.common.statemachine.DatanodeStateMachine.lambda$initCommandHandlerThread$1(DatanodeStateMachine.java:468)
        at org.apache.hadoop.ozone.container.common.statemachine.DatanodeStateMachine$$Lambda$294/1756697006.run(Unknown Source)
        at java.lang.Thread.run(Thread.java:748)
"IPC Server handler 9 on 37155" daemon prio=5 tid=84 timed_waiting
java.lang.Thread.State: TIMED_WAITING
        at sun.misc.Unsafe.park(Native Method)
        at java.util.concurrent.locks.LockSupport.parkNanos(LockSupport.java:215)
        at java.util.concurrent.locks.AbstractQueuedSynchronizer$ConditionObject.awaitNanos(AbstractQueuedSynchronizer.java:2078)
        at java.util.concurrent.LinkedBlockingQueue.poll(LinkedBlockingQueue.java:467)
        at org.apache.hadoop.ipc.CallQueueManager.take(CallQueueManager.java:288)
        at org.apache.hadoop.ipc.Server$Handler.run(Server.java:2668)
"org.apache.hadoop.util.JvmPauseMonitor$Monitor@631f8c82" daemon prio=5 tid=106 timed_waiting
java.lang.Thread.State: TIMED_WAITING
        at java.lang.Thread.sleep(Native Method)
        at org.apache.hadoop.util.JvmPauseMonitor$Monitor.run(JvmPauseMonitor.java:192)
        at java.lang.Thread.run(Thread.java:748)
"IPC Server handler 18 on 44693" daemon prio=5 tid=53 timed_waiting
java.lang.Thread.State: TIMED_WAITING
        at sun.misc.Unsafe.park(Native Method)
        at java.util.concurrent.locks.LockSupport.parkNanos(LockSupport.java:215)
        at java.util.concurrent.locks.AbstractQueuedSynchronizer$ConditionObject.awaitNanos(AbstractQueuedSynchronizer.java:2078)
        at java.util.concurrent.LinkedBlockingQueue.poll(LinkedBlockingQueue.java:467)
        at org.apache.hadoop.ipc.CallQueueManager.take(CallQueueManager.java:288)
        at org.apache.hadoop.ipc.Server$Handler.run(Server.java:2668)
"IPC Server handler 5 on 46581" daemon prio=5 tid=60 timed_waiting
java.lang.Thread.State: TIMED_WAITING
        at sun.misc.Unsafe.park(Native Method)
        at java.util.concurrent.locks.LockSupport.parkNanos(LockSupport.java:215)
        at java.util.concurrent.locks.AbstractQueuedSynchronizer$ConditionObject.awaitNanos(AbstractQueuedSynchronizer.java:2078)
        at java.util.concurrent.LinkedBlockingQueue.poll(LinkedBlockingQueue.java:467)
        at org.apache.hadoop.ipc.CallQueueManager.take(CallQueueManager.java:288)
        at org.apache.hadoop.ipc.Server$Handler.run(Server.java:2668)
"EventQueue-NewNodeForNewNodeHandler" daemon prio=5 tid=297 in Object.wait()
java.lang.Thread.State: WAITING (on object monitor)
        at sun.misc.Unsafe.park(Native Method)
        at java.util.concurrent.locks.LockSupport.park(LockSupport.java:175)
        at java.util.concurrent.locks.AbstractQueuedSynchronizer$ConditionObject.await(AbstractQueuedSynchronizer.java:2039)
        at java.util.concurrent.LinkedBlockingQueue.take(LinkedBlockingQueue.java:442)
        at java.util.concurrent.ThreadPoolExecutor.getTask(ThreadPoolExecutor.java:1074)
        at java.util.concurrent.ThreadPoolExecutor.runWorker(ThreadPoolExecutor.java:1134)
        at java.util.concurrent.ThreadPoolExecutor$Worker.run(ThreadPoolExecutor.java:624)
        at java.lang.Thread.run(Thread.java:748)
"OMDoubleBufferFlushThread" daemon prio=5 tid=110 timed_waiting
java.lang.Thread.State: TIMED_WAITING
        at java.lang.Object.wait(Native Method)
        at org.apache.hadoop.ozone.om.ratis.OzoneManagerDoubleBuffer.canFlush(OzoneManagerDoubleBuffer.java:344)
        at org.apache.hadoop.ozone.om.ratis.OzoneManagerDoubleBuffer.flushTransactions(OzoneManagerDoubleBuffer.java:133)
        at org.apache.hadoop.ozone.om.ratis.OzoneManagerDoubleBuffer$$Lambda$115/673356648.run(Unknown Source)
        at java.lang.Thread.run(Thread.java:748)
"pool-42-thread-1"  prio=5 tid=180 timed_waiting
java.lang.Thread.State: TIMED_WAITING
        at sun.misc.Unsafe.park(Native Method)
        at java.util.concurrent.locks.LockSupport.parkNanos(LockSupport.java:215)
        at java.util.concurrent.locks.AbstractQueuedSynchronizer$ConditionObject.awaitNanos(AbstractQueuedSynchronizer.java:2078)
        at java.util.concurrent.ScheduledThreadPoolExecutor$DelayedWorkQueue.take(ScheduledThreadPoolExecutor.java:1093)
        at java.util.concurrent.ScheduledThreadPoolExecutor$DelayedWorkQueue.take(ScheduledThreadPoolExecutor.java:809)
        at java.util.concurrent.ThreadPoolExecutor.getTask(ThreadPoolExecutor.java:1074)
        at java.util.concurrent.ThreadPoolExecutor.runWorker(ThreadPoolExecutor.java:1134)
        at java.util.concurrent.ThreadPoolExecutor$Worker.run(ThreadPoolExecutor.java:624)
        at java.lang.Thread.run(Thread.java:748)
"omNode1@group-3464CFB7038B-LeaderElection7-1" daemon prio=5 tid=1500 in Object.wait()
java.lang.Thread.State: WAITING (on object monitor)
        at sun.misc.Unsafe.park(Native Method)
        at java.util.concurrent.locks.LockSupport.park(LockSupport.java:175)
        at org.apache.ratis.thirdparty.io.grpc.stub.ClientCalls$ThreadlessExecutor.waitAndDrain(ClientCalls.java:660)
        at org.apache.ratis.thirdparty.io.grpc.stub.ClientCalls.blockingUnaryCall(ClientCalls.java:132)
        at org.apache.ratis.proto.grpc.RaftServerProtocolServiceGrpc$RaftServerProtocolServiceBlockingStub.requestVote(RaftServerProtocolServiceGrpc.java:262)
        at org.apache.ratis.grpc.server.GrpcServerProtocolClient.requestVote(GrpcServerProtocolClient.java:104)
        at org.apache.ratis.grpc.server.GrpcService.requestVote(GrpcService.java:205)
        at org.apache.ratis.server.impl.LeaderElection.lambda$submitRequests$2(LeaderElection.java:262)
        at org.apache.ratis.server.impl.LeaderElection$$Lambda$252/208440025.call(Unknown Source)
        at java.util.concurrent.FutureTask.run(FutureTask.java:266)
        at java.util.concurrent.Executors$RunnableAdapter.call(Executors.java:511)
        at java.util.concurrent.FutureTask.run(FutureTask.java:266)
        at java.util.concurrent.ThreadPoolExecutor.runWorker(ThreadPoolExecutor.java:1149)
        at java.util.concurrent.ThreadPoolExecutor$Worker.run(ThreadPoolExecutor.java:624)
        at java.lang.Thread.run(Thread.java:748)
"SCMBlockDeletingService#0" daemon prio=5 tid=105 timed_waiting
java.lang.Thread.State: TIMED_WAITING
        at sun.misc.Unsafe.park(Native Method)
        at java.util.concurrent.locks.LockSupport.parkNanos(LockSupport.java:215)
        at java.util.concurrent.locks.AbstractQueuedSynchronizer$ConditionObject.awaitNanos(AbstractQueuedSynchronizer.java:2078)
        at java.util.concurrent.ScheduledThreadPoolExecutor$DelayedWorkQueue.take(ScheduledThreadPoolExecutor.java:1093)
        at java.util.concurrent.ScheduledThreadPoolExecutor$DelayedWorkQueue.take(ScheduledThreadPoolExecutor.java:809)
        at java.util.concurrent.ThreadPoolExecutor.getTask(ThreadPoolExecutor.java:1074)
        at java.util.concurrent.ThreadPoolExecutor.runWorker(ThreadPoolExecutor.java:1134)
        at java.util.concurrent.ThreadPoolExecutor$Worker.run(ThreadPoolExecutor.java:624)
        at java.lang.Thread.run(Thread.java:748)
"IPC Server handler 11 on 37155" daemon prio=5 tid=86 timed_waiting
java.lang.Thread.State: TIMED_WAITING
        at sun.misc.Unsafe.park(Native Method)
        at java.util.concurrent.locks.LockSupport.parkNanos(LockSupport.java:215)
        at java.util.concurrent.locks.AbstractQueuedSynchronizer$ConditionObject.awaitNanos(AbstractQueuedSynchronizer.java:2078)
        at java.util.concurrent.LinkedBlockingQueue.poll(LinkedBlockingQueue.java:467)
        at org.apache.hadoop.ipc.CallQueueManager.take(CallQueueManager.java:288)
        at org.apache.hadoop.ipc.Server$Handler.run(Server.java:2668)
"qtp989196506-102" daemon prio=5 tid=102 timed_waiting
java.lang.Thread.State: TIMED_WAITING
        at sun.misc.Unsafe.park(Native Method)
        at java.util.concurrent.locks.LockSupport.parkNanos(LockSupport.java:215)
        at java.util.concurrent.locks.AbstractQueuedSynchronizer$ConditionObject.awaitNanos(AbstractQueuedSynchronizer.java:2078)
        at org.eclipse.jetty.util.BlockingArrayQueue.poll(BlockingArrayQueue.java:382)
        at org.eclipse.jetty.util.thread.QueuedThreadPool$Runner.idleJobPoll(QueuedThreadPool.java:875)
        at org.eclipse.jetty.util.thread.QueuedThreadPool$Runner.run(QueuedThreadPool.java:925)
        at java.lang.Thread.run(Thread.java:748)
"BlockDeletingService#1" daemon prio=5 tid=274 timed_waiting
java.lang.Thread.State: TIMED_WAITING
        at sun.misc.Unsafe.park(Native Method)
        at java.util.concurrent.locks.LockSupport.parkNanos(LockSupport.java:215)
        at java.util.concurrent.locks.AbstractQueuedSynchronizer$ConditionObject.awaitNanos(AbstractQueuedSynchronizer.java:2078)
        at java.util.concurrent.ScheduledThreadPoolExecutor$DelayedWorkQueue.take(ScheduledThreadPoolExecutor.java:1093)
        at java.util.concurrent.ScheduledThreadPoolExecutor$DelayedWorkQueue.take(ScheduledThreadPoolExecutor.java:809)
        at java.util.concurrent.ThreadPoolExecutor.getTask(ThreadPoolExecutor.java:1074)
        at java.util.concurrent.ThreadPoolExecutor.runWorker(ThreadPoolExecutor.java:1134)
        at java.util.concurrent.ThreadPoolExecutor$Worker.run(ThreadPoolExecutor.java:624)
        at java.lang.Thread.run(Thread.java:748)
"qtp989196506-101" daemon prio=5 tid=101 timed_waiting
java.lang.Thread.State: TIMED_WAITING
        at sun.misc.Unsafe.park(Native Method)
        at java.util.concurrent.locks.LockSupport.parkNanos(LockSupport.java:215)
        at java.util.concurrent.locks.AbstractQueuedSynchronizer$ConditionObject.awaitNanos(AbstractQueuedSynchronizer.java:2078)
        at org.eclipse.jetty.util.BlockingArrayQueue.poll(BlockingArrayQueue.java:382)
        at org.eclipse.jetty.util.thread.QueuedThreadPool$Runner.idleJobPoll(QueuedThreadPool.java:875)
        at org.eclipse.jetty.util.thread.QueuedThreadPool$Runner.run(QueuedThreadPool.java:925)
        at java.lang.Thread.run(Thread.java:748)
"EventQueue-NodeReportForNodeReportHandler" daemon prio=5 tid=876 in Object.wait()
java.lang.Thread.State: WAITING (on object monitor)
        at sun.misc.Unsafe.park(Native Method)
        at java.util.concurrent.locks.LockSupport.park(LockSupport.java:175)
        at java.util.concurrent.locks.AbstractQueuedSynchronizer$ConditionObject.await(AbstractQueuedSynchronizer.java:2039)
        at java.util.concurrent.LinkedBlockingQueue.take(LinkedBlockingQueue.java:442)
        at java.util.concurrent.ThreadPoolExecutor.getTask(ThreadPoolExecutor.java:1074)
        at java.util.concurrent.ThreadPoolExecutor.runWorker(ThreadPoolExecutor.java:1134)
        at java.util.concurrent.ThreadPoolExecutor$Worker.run(ThreadPoolExecutor.java:624)
        at java.lang.Thread.run(Thread.java:748)
"pool-38-thread-1"  prio=5 tid=333 in Object.wait()
java.lang.Thread.State: WAITING (on object monitor)
        at sun.misc.Unsafe.park(Native Method)
        at java.util.concurrent.locks.LockSupport.park(LockSupport.java:175)
        at java.util.concurrent.locks.AbstractQueuedSynchronizer$ConditionObject.await(AbstractQueuedSynchronizer.java:2039)
        at java.util.concurrent.LinkedBlockingQueue.take(LinkedBlockingQueue.java:442)
        at java.util.concurrent.ThreadPoolExecutor.getTask(ThreadPoolExecutor.java:1074)
        at java.util.concurrent.ThreadPoolExecutor.runWorker(ThreadPoolExecutor.java:1134)
        at java.util.concurrent.ThreadPoolExecutor$Worker.run(ThreadPoolExecutor.java:624)
        at java.lang.Thread.run(Thread.java:748)
"Thread-314" daemon prio=5 tid=398 timed_waiting
java.lang.Thread.State: TIMED_WAITING
        at sun.misc.Unsafe.park(Native Method)
        at java.util.concurrent.locks.LockSupport.parkNanos(LockSupport.java:215)
        at java.util.concurrent.locks.AbstractQueuedSynchronizer$ConditionObject.awaitNanos(AbstractQueuedSynchronizer.java:2078)
        at java.util.concurrent.ArrayBlockingQueue.poll(ArrayBlockingQueue.java:418)
        at org.apache.ratis.server.impl.LeaderState$EventQueue.poll(LeaderState.java:116)
        at org.apache.ratis.server.impl.LeaderState$EventProcessor.run(LeaderState.java:489)
"b49cd372-011e-4c73-9cd9-f6b19e929270@group-5C396212DADF-StateMachineUpdater" daemon prio=5 tid=1442 in Object.wait()
java.lang.Thread.State: WAITING (on object monitor)
        at java.lang.Object.wait(Native Method)
        at java.lang.Object.wait(Object.java:502)
        at org.apache.ratis.server.impl.StateMachineUpdater.waitForCommit(StateMachineUpdater.java:197)
        at org.apache.ratis.server.impl.StateMachineUpdater.run(StateMachineUpdater.java:162)
        at java.lang.Thread.run(Thread.java:748)
"049e6fea-8fea-4434-aaa3-5a2ab300f420@group-5C396212DADF-SegmentedRaftLogWorker"  prio=5 tid=1447 timed_waiting
java.lang.Thread.State: TIMED_WAITING
        at sun.misc.Unsafe.park(Native Method)
        at java.util.concurrent.locks.LockSupport.parkNanos(LockSupport.java:215)
        at java.util.concurrent.locks.AbstractQueuedSynchronizer$ConditionObject.awaitNanos(AbstractQueuedSynchronizer.java:2078)
        at org.apache.ratis.util.DataBlockingQueue.poll(DataBlockingQueue.java:137)
        at org.apache.ratis.server.raftlog.segmented.SegmentedRaftLogWorker.run(SegmentedRaftLogWorker.java:287)
        at java.lang.Thread.run(Thread.java:748)
"qtp1565304866-187" daemon prio=5 tid=187 timed_waiting
java.lang.Thread.State: TIMED_WAITING
        at sun.misc.Unsafe.park(Native Method)
        at java.util.concurrent.locks.LockSupport.parkNanos(LockSupport.java:215)
        at java.util.concurrent.locks.AbstractQueuedSynchronizer$ConditionObject.awaitNanos(AbstractQueuedSynchronizer.java:2078)
        at org.eclipse.jetty.util.BlockingArrayQueue.poll(BlockingArrayQueue.java:382)
        at org.eclipse.jetty.util.thread.QueuedThreadPool$Runner.idleJobPoll(QueuedThreadPool.java:875)
        at org.eclipse.jetty.util.thread.QueuedThreadPool$Runner.run(QueuedThreadPool.java:925)
        at java.lang.Thread.run(Thread.java:748)
"qtp1296516504-151-acceptor-0@72a5a629-ServerConnector@d62634d{HTTP/1.1,[http/1.1]}{0.0.0.0:42239}" daemon prio=3 tid=151 runnable
java.lang.Thread.State: RUNNABLE
        at sun.nio.ch.ServerSocketChannelImpl.accept0(Native Method)
        at sun.nio.ch.ServerSocketChannelImpl.accept(ServerSocketChannelImpl.java:422)
        at sun.nio.ch.ServerSocketChannelImpl.accept(ServerSocketChannelImpl.java:250)
        at org.eclipse.jetty.server.ServerConnector.accept(ServerConnector.java:385)
        at org.eclipse.jetty.server.AbstractConnector$Acceptor.run(AbstractConnector.java:701)
        at org.eclipse.jetty.util.thread.QueuedThreadPool.runJob(QueuedThreadPool.java:806)
        at org.eclipse.jetty.util.thread.QueuedThreadPool$Runner.run(QueuedThreadPool.java:938)
        at java.lang.Thread.run(Thread.java:748)
"IPC Server handler 19 on 9862" daemon prio=5 tid=147 timed_waiting
java.lang.Thread.State: TIMED_WAITING
        at sun.misc.Unsafe.park(Native Method)
        at java.util.concurrent.locks.LockSupport.parkNanos(LockSupport.java:215)
        at java.util.concurrent.locks.AbstractQueuedSynchronizer$ConditionObject.awaitNanos(AbstractQueuedSynchronizer.java:2078)
        at java.util.concurrent.LinkedBlockingQueue.poll(LinkedBlockingQueue.java:467)
        at org.apache.hadoop.ipc.CallQueueManager.take(CallQueueManager.java:288)
        at org.apache.hadoop.ipc.Server$Handler.run(Server.java:2668)
"BlockDeletingService#0" daemon prio=5 tid=266 in Object.wait()
java.lang.Thread.State: WAITING (on object monitor)
        at sun.misc.Unsafe.park(Native Method)
        at java.util.concurrent.locks.LockSupport.park(LockSupport.java:175)
        at java.util.concurrent.locks.AbstractQueuedSynchronizer$ConditionObject.await(AbstractQueuedSynchronizer.java:2039)
        at java.util.concurrent.ScheduledThreadPoolExecutor$DelayedWorkQueue.take(ScheduledThreadPoolExecutor.java:1088)
        at java.util.concurrent.ScheduledThreadPoolExecutor$DelayedWorkQueue.take(ScheduledThreadPoolExecutor.java:809)
        at java.util.concurrent.ThreadPoolExecutor.getTask(ThreadPoolExecutor.java:1074)
        at java.util.concurrent.ThreadPoolExecutor.runWorker(ThreadPoolExecutor.java:1134)
        at java.util.concurrent.ThreadPoolExecutor$Worker.run(ThreadPoolExecutor.java:624)
        at java.lang.Thread.run(Thread.java:748)
"org.apache.hadoop.util.JvmPauseMonitor$Monitor@52921beb" daemon prio=5 tid=246 timed_waiting
java.lang.Thread.State: TIMED_WAITING
        at java.lang.Thread.sleep(Native Method)
        at org.apache.hadoop.util.JvmPauseMonitor$Monitor.run(JvmPauseMonitor.java:192)
        at java.lang.Thread.run(Thread.java:748)
"org.apache.hadoop.util.JvmPauseMonitor$Monitor@1a96ab69" daemon prio=5 tid=225 timed_waiting
java.lang.Thread.State: TIMED_WAITING
        at java.lang.Thread.sleep(Native Method)
        at org.apache.hadoop.util.JvmPauseMonitor$Monitor.run(JvmPauseMonitor.java:192)
        at java.lang.Thread.run(Thread.java:748)
"IPC Server handler 16 on 37155" daemon prio=5 tid=91 timed_waiting
java.lang.Thread.State: TIMED_WAITING
        at sun.misc.Unsafe.park(Native Method)
        at java.util.concurrent.locks.LockSupport.parkNanos(LockSupport.java:215)
        at java.util.concurrent.locks.AbstractQueuedSynchronizer$ConditionObject.awaitNanos(AbstractQueuedSynchronizer.java:2078)
        at java.util.concurrent.LinkedBlockingQueue.poll(LinkedBlockingQueue.java:467)
        at org.apache.hadoop.ipc.CallQueueManager.take(CallQueueManager.java:288)
        at org.apache.hadoop.ipc.Server$Handler.run(Server.java:2668)
"Periodic HDDS volume checker" daemon prio=5 tid=218 timed_waiting
java.lang.Thread.State: TIMED_WAITING
        at sun.misc.Unsafe.park(Native Method)
        at java.util.concurrent.locks.LockSupport.parkNanos(LockSupport.java:215)
        at java.util.concurrent.locks.AbstractQueuedSynchronizer$ConditionObject.awaitNanos(AbstractQueuedSynchronizer.java:2078)
        at java.util.concurrent.ScheduledThreadPoolExecutor$DelayedWorkQueue.take(ScheduledThreadPoolExecutor.java:1093)
        at java.util.concurrent.ScheduledThreadPoolExecutor$DelayedWorkQueue.take(ScheduledThreadPoolExecutor.java:809)
        at java.util.concurrent.ThreadPoolExecutor.getTask(ThreadPoolExecutor.java:1074)
        at java.util.concurrent.ThreadPoolExecutor.runWorker(ThreadPoolExecutor.java:1134)
        at java.util.concurrent.ThreadPoolExecutor$Worker.run(ThreadPoolExecutor.java:624)
        at java.lang.Thread.run(Thread.java:748)
"IPC Server handler 5 on 9862" daemon prio=5 tid=132 timed_waiting
java.lang.Thread.State: TIMED_WAITING
        at sun.misc.Unsafe.park(Native Method)
        at java.util.concurrent.locks.LockSupport.parkNanos(LockSupport.java:215)
        at java.util.concurrent.locks.AbstractQueuedSynchronizer$ConditionObject.awaitNanos(AbstractQueuedSynchronizer.java:2078)
        at java.util.concurrent.LinkedBlockingQueue.poll(LinkedBlockingQueue.java:467)
        at org.apache.hadoop.ipc.CallQueueManager.take(CallQueueManager.java:288)
        at org.apache.hadoop.ipc.Server$Handler.run(Server.java:2668)
"b49cd372-011e-4c73-9cd9-f6b19e929270@group-5C396212DADF-SegmentedRaftLogWorker"  prio=5 tid=1441 timed_waiting
java.lang.Thread.State: TIMED_WAITING
        at sun.misc.Unsafe.park(Native Method)
        at java.util.concurrent.locks.LockSupport.parkNanos(LockSupport.java:215)
        at java.util.concurrent.locks.AbstractQueuedSynchronizer$ConditionObject.awaitNanos(AbstractQueuedSynchronizer.java:2078)
        at org.apache.ratis.util.DataBlockingQueue.poll(DataBlockingQueue.java:137)
        at org.apache.ratis.server.raftlog.segmented.SegmentedRaftLogWorker.run(SegmentedRaftLogWorker.java:287)
        at java.lang.Thread.run(Thread.java:748)
"IPC Server handler 8 on 37155" daemon prio=5 tid=83 timed_waiting
java.lang.Thread.State: TIMED_WAITING
        at sun.misc.Unsafe.park(Native Method)
        at java.util.concurrent.locks.LockSupport.parkNanos(LockSupport.java:215)
        at java.util.concurrent.locks.AbstractQueuedSynchronizer$ConditionObject.awaitNanos(AbstractQueuedSynchronizer.java:2078)
        at java.util.concurrent.LinkedBlockingQueue.poll(LinkedBlockingQueue.java:467)
        at org.apache.hadoop.ipc.CallQueueManager.take(CallQueueManager.java:288)
        at org.apache.hadoop.ipc.Server$Handler.run(Server.java:2668)
"IPC Server listener on 37155" daemon prio=5 tid=16 runnable
java.lang.Thread.State: RUNNABLE
        at sun.nio.ch.EPollArrayWrapper.epollWait(Native Method)
        at sun.nio.ch.EPollArrayWrapper.poll(EPollArrayWrapper.java:269)
        at sun.nio.ch.EPollSelectorImpl.doSelect(EPollSelectorImpl.java:93)
        at sun.nio.ch.SelectorImpl.lockAndDoSelect(SelectorImpl.java:86)
        at sun.nio.ch.SelectorImpl.select(SelectorImpl.java:97)
        at sun.nio.ch.SelectorImpl.select(SelectorImpl.java:101)
        at org.apache.hadoop.ipc.Server$Listener.run(Server.java:1159)
"f48396e8-f861-4ea7-9d9a-a0d4272beba6@group-5C396212DADF-SegmentedRaftLogWorker"  prio=5 tid=1453 timed_waiting
java.lang.Thread.State: TIMED_WAITING
        at sun.misc.Unsafe.park(Native Method)
        at java.util.concurrent.locks.LockSupport.parkNanos(LockSupport.java:215)
        at java.util.concurrent.locks.AbstractQueuedSynchronizer$ConditionObject.awaitNanos(AbstractQueuedSynchronizer.java:2078)
        at org.apache.ratis.util.DataBlockingQueue.poll(DataBlockingQueue.java:137)
        at org.apache.ratis.server.raftlog.segmented.SegmentedRaftLogWorker.run(SegmentedRaftLogWorker.java:287)
        at java.lang.Thread.run(Thread.java:748)
"IPC Server handler 1 on 37155" daemon prio=5 tid=76 timed_waiting
java.lang.Thread.State: TIMED_WAITING
        at sun.misc.Unsafe.park(Native Method)
        at java.util.concurrent.locks.LockSupport.parkNanos(LockSupport.java:215)
        at java.util.concurrent.locks.AbstractQueuedSynchronizer$ConditionObject.awaitNanos(AbstractQueuedSynchronizer.java:2078)
        at java.util.concurrent.LinkedBlockingQueue.poll(LinkedBlockingQueue.java:467)
        at org.apache.hadoop.ipc.CallQueueManager.take(CallQueueManager.java:288)
        at org.apache.hadoop.ipc.Server$Handler.run(Server.java:2668)
"IPC Server handler 14 on 46581" daemon prio=5 tid=69 timed_waiting
java.lang.Thread.State: TIMED_WAITING
        at sun.misc.Unsafe.park(Native Method)
        at java.util.concurrent.locks.LockSupport.parkNanos(LockSupport.java:215)
        at java.util.concurrent.locks.AbstractQueuedSynchronizer$ConditionObject.awaitNanos(AbstractQueuedSynchronizer.java:2078)
        at java.util.concurrent.LinkedBlockingQueue.poll(LinkedBlockingQueue.java:467)
        at org.apache.hadoop.ipc.CallQueueManager.take(CallQueueManager.java:288)
        at org.apache.hadoop.ipc.Server$Handler.run(Server.java:2668)
"IPC Server handler 16 on 46581" daemon prio=5 tid=71 timed_waiting
java.lang.Thread.State: TIMED_WAITING
        at sun.misc.Unsafe.park(Native Method)
        at java.util.concurrent.locks.LockSupport.parkNanos(LockSupport.java:215)
        at java.util.concurrent.locks.AbstractQueuedSynchronizer$ConditionObject.awaitNanos(AbstractQueuedSynchronizer.java:2078)
        at java.util.concurrent.LinkedBlockingQueue.poll(LinkedBlockingQueue.java:467)
        at org.apache.hadoop.ipc.CallQueueManager.take(CallQueueManager.java:288)
        at org.apache.hadoop.ipc.Server$Handler.run(Server.java:2668)
"049e6fea-8fea-4434-aaa3-5a2ab300f420@group-19B699229BF9-SegmentedRaftLogWorker"  prio=5 tid=1464 timed_waiting
java.lang.Thread.State: TIMED_WAITING
        at sun.misc.Unsafe.park(Native Method)
        at java.util.concurrent.locks.LockSupport.parkNanos(LockSupport.java:215)
        at java.util.concurrent.locks.AbstractQueuedSynchronizer$ConditionObject.awaitNanos(AbstractQueuedSynchronizer.java:2078)
        at org.apache.ratis.util.DataBlockingQueue.poll(DataBlockingQueue.java:137)
        at org.apache.ratis.server.raftlog.segmented.SegmentedRaftLogWorker.run(SegmentedRaftLogWorker.java:287)
        at java.lang.Thread.run(Thread.java:748)
"EventQueue-ContainerReportForContainerReportHandler" daemon prio=5 tid=298 in Object.wait()
java.lang.Thread.State: WAITING (on object monitor)
        at sun.misc.Unsafe.park(Native Method)
        at java.util.concurrent.locks.LockSupport.park(LockSupport.java:175)
        at java.util.concurrent.locks.AbstractQueuedSynchronizer$ConditionObject.await(AbstractQueuedSynchronizer.java:2039)
        at java.util.concurrent.LinkedBlockingQueue.take(LinkedBlockingQueue.java:442)
        at java.util.concurrent.ThreadPoolExecutor.getTask(ThreadPoolExecutor.java:1074)
        at java.util.concurrent.ThreadPoolExecutor.runWorker(ThreadPoolExecutor.java:1134)
        at java.util.concurrent.ThreadPoolExecutor$Worker.run(ThreadPoolExecutor.java:624)
        at java.lang.Thread.run(Thread.java:748)
"IPC Server handler 6 on 44693" daemon prio=5 tid=41 timed_waiting
java.lang.Thread.State: TIMED_WAITING
        at sun.misc.Unsafe.park(Native Method)
        at java.util.concurrent.locks.LockSupport.parkNanos(LockSupport.java:215)
        at java.util.concurrent.locks.AbstractQueuedSynchronizer$ConditionObject.awaitNanos(AbstractQueuedSynchronizer.java:2078)
        at java.util.concurrent.LinkedBlockingQueue.poll(LinkedBlockingQueue.java:467)
        at org.apache.hadoop.ipc.CallQueueManager.take(CallQueueManager.java:288)
        at org.apache.hadoop.ipc.Server$Handler.run(Server.java:2668)
"IPC Server handler 14 on 44693" daemon prio=5 tid=49 timed_waiting
java.lang.Thread.State: TIMED_WAITING
        at sun.misc.Unsafe.park(Native Method)
        at java.util.concurrent.locks.LockSupport.parkNanos(LockSupport.java:215)
        at java.util.concurrent.locks.AbstractQueuedSynchronizer$ConditionObject.awaitNanos(AbstractQueuedSynchronizer.java:2078)
        at java.util.concurrent.LinkedBlockingQueue.poll(LinkedBlockingQueue.java:467)
        at org.apache.hadoop.ipc.CallQueueManager.take(CallQueueManager.java:288)
        at org.apache.hadoop.ipc.Server$Handler.run(Server.java:2668)
"Datanode ReportManager Thread - 3" daemon prio=5 tid=222 in Object.wait()
java.lang.Thread.State: WAITING (on object monitor)
        at sun.misc.Unsafe.park(Native Method)
        at java.util.concurrent.locks.LockSupport.park(LockSupport.java:175)
        at java.util.concurrent.locks.AbstractQueuedSynchronizer$ConditionObject.await(AbstractQueuedSynchronizer.java:2039)
        at java.util.concurrent.ScheduledThreadPoolExecutor$DelayedWorkQueue.take(ScheduledThreadPoolExecutor.java:1088)
        at java.util.concurrent.ScheduledThreadPoolExecutor$DelayedWorkQueue.take(ScheduledThreadPoolExecutor.java:809)
        at java.util.concurrent.ThreadPoolExecutor.getTask(ThreadPoolExecutor.java:1074)
        at java.util.concurrent.ThreadPoolExecutor.runWorker(ThreadPoolExecutor.java:1134)
        at java.util.concurrent.ThreadPoolExecutor$Worker.run(ThreadPoolExecutor.java:624)
        at java.lang.Thread.run(Thread.java:748)
"Datanode ReportManager Thread - 0" daemon prio=5 tid=196 in Object.wait()
java.lang.Thread.State: WAITING (on object monitor)
        at sun.misc.Unsafe.park(Native Method)
        at java.util.concurrent.locks.LockSupport.park(LockSupport.java:175)
        at java.util.concurrent.locks.AbstractQueuedSynchronizer$ConditionObject.await(AbstractQueuedSynchronizer.java:2039)
        at java.util.concurrent.ScheduledThreadPoolExecutor$DelayedWorkQueue.take(ScheduledThreadPoolExecutor.java:1088)
        at java.util.concurrent.ScheduledThreadPoolExecutor$DelayedWorkQueue.take(ScheduledThreadPoolExecutor.java:809)
        at java.util.concurrent.ThreadPoolExecutor.getTask(ThreadPoolExecutor.java:1074)
        at java.util.concurrent.ThreadPoolExecutor.runWorker(ThreadPoolExecutor.java:1134)
        at java.util.concurrent.ThreadPoolExecutor$Worker.run(ThreadPoolExecutor.java:624)
        at java.lang.Thread.run(Thread.java:748)
"Datanode ReportManager Thread - 3" daemon prio=5 tid=244 in Object.wait()
java.lang.Thread.State: WAITING (on object monitor)
        at sun.misc.Unsafe.park(Native Method)
        at java.util.concurrent.locks.LockSupport.park(LockSupport.java:175)
        at java.util.concurrent.locks.AbstractQueuedSynchronizer$ConditionObject.await(AbstractQueuedSynchronizer.java:2039)
        at java.util.concurrent.ScheduledThreadPoolExecutor$DelayedWorkQueue.take(ScheduledThreadPoolExecutor.java:1088)
        at java.util.concurrent.ScheduledThreadPoolExecutor$DelayedWorkQueue.take(ScheduledThreadPoolExecutor.java:809)
        at java.util.concurrent.ThreadPoolExecutor.getTask(ThreadPoolExecutor.java:1074)
        at java.util.concurrent.ThreadPoolExecutor.runWorker(ThreadPoolExecutor.java:1134)
        at java.util.concurrent.ThreadPoolExecutor$Worker.run(ThreadPoolExecutor.java:624)
        at java.lang.Thread.run(Thread.java:748)
"grpc-nio-worker-ELG-3-2" daemon prio=5 tid=165 runnable
java.lang.Thread.State: RUNNABLE
        at sun.nio.ch.EPollArrayWrapper.epollWait(Native Method)
        at sun.nio.ch.EPollArrayWrapper.poll(EPollArrayWrapper.java:269)
        at sun.nio.ch.EPollSelectorImpl.doSelect(EPollSelectorImpl.java:93)
        at sun.nio.ch.SelectorImpl.lockAndDoSelect(SelectorImpl.java:86)
        at sun.nio.ch.SelectorImpl.select(SelectorImpl.java:97)
        at org.apache.ratis.thirdparty.io.netty.channel.nio.SelectedSelectionKeySetSelector.select(SelectedSelectionKeySetSelector.java:62)
        at org.apache.ratis.thirdparty.io.netty.channel.nio.NioEventLoop.select(NioEventLoop.java:806)
        at org.apache.ratis.thirdparty.io.netty.channel.nio.NioEventLoop.run(NioEventLoop.java:454)
        at org.apache.ratis.thirdparty.io.netty.util.concurrent.SingleThreadEventExecutor$5.run(SingleThreadEventExecutor.java:918)
        at org.apache.ratis.thirdparty.io.netty.util.internal.ThreadExecutorMap$2.run(ThreadExecutorMap.java:74)
        at org.apache.ratis.thirdparty.io.netty.util.concurrent.FastThreadLocalRunnable.run(FastThreadLocalRunnable.java:30)
        at java.lang.Thread.run(Thread.java:748)
"IPC Server Responder" daemon prio=5 tid=19 runnable
java.lang.Thread.State: RUNNABLE
        at sun.nio.ch.EPollArrayWrapper.epollWait(Native Method)
        at sun.nio.ch.EPollArrayWrapper.poll(EPollArrayWrapper.java:269)
        at sun.nio.ch.EPollSelectorImpl.doSelect(EPollSelectorImpl.java:93)
        at sun.nio.ch.SelectorImpl.lockAndDoSelect(SelectorImpl.java:86)
        at sun.nio.ch.SelectorImpl.select(SelectorImpl.java:97)
        at org.apache.hadoop.ipc.Server$Responder.doRunLoop(Server.java:1334)
        at org.apache.hadoop.ipc.Server$Responder.run(Server.java:1317)
"surefire-forkedjvm-command-thread" daemon prio=5 tid=9 runnable
java.lang.Thread.State: RUNNABLE
        at java.io.FileInputStream.readBytes(Native Method)
        at java.io.FileInputStream.read(FileInputStream.java:255)
        at java.io.BufferedInputStream.fill(BufferedInputStream.java:246)
        at java.io.BufferedInputStream.read(BufferedInputStream.java:265)
        at java.io.DataInputStream.readInt(DataInputStream.java:387)
        at org.apache.maven.surefire.booter.MasterProcessCommand.decode(MasterProcessCommand.java:115)
        at org.apache.maven.surefire.booter.CommandReader$CommandRunnable.run(CommandReader.java:390)
        at java.lang.Thread.run(Thread.java:748)
"Timer for 'StorageContainerManager' metrics system" daemon prio=5 tid=33 timed_waiting
java.lang.Thread.State: TIMED_WAITING
        at java.lang.Object.wait(Native Method)
        at java.util.TimerThread.mainLoop(Timer.java:552)
        at java.util.TimerThread.run(Timer.java:505)
"IPC Server handler 5 on 37155" daemon prio=5 tid=80 timed_waiting
java.lang.Thread.State: TIMED_WAITING
        at sun.misc.Unsafe.park(Native Method)
        at java.util.concurrent.locks.LockSupport.parkNanos(LockSupport.java:215)
        at java.util.concurrent.locks.AbstractQueuedSynchronizer$ConditionObject.awaitNanos(AbstractQueuedSynchronizer.java:2078)
        at java.util.concurrent.LinkedBlockingQueue.poll(LinkedBlockingQueue.java:467)
        at org.apache.hadoop.ipc.CallQueueManager.take(CallQueueManager.java:288)
        at org.apache.hadoop.ipc.Server$Handler.run(Server.java:2668)
"qtp989196506-98" daemon prio=5 tid=98 timed_waiting
java.lang.Thread.State: TIMED_WAITING
        at sun.misc.Unsafe.park(Native Method)
        at java.util.concurrent.locks.LockSupport.parkNanos(LockSupport.java:215)
        at java.util.concurrent.locks.AbstractQueuedSynchronizer$ConditionObject.awaitNanos(AbstractQueuedSynchronizer.java:2078)
        at org.eclipse.jetty.util.BlockingArrayQueue.poll(BlockingArrayQueue.java:382)
        at org.eclipse.jetty.util.thread.QueuedThreadPool$Runner.idleJobPoll(QueuedThreadPool.java:875)
        at org.eclipse.jetty.util.thread.QueuedThreadPool$Runner.run(QueuedThreadPool.java:925)
        at java.lang.Thread.run(Thread.java:748)
"IPC Server idle connection scanner for port 9862" daemon prio=5 tid=116 timed_waiting
java.lang.Thread.State: TIMED_WAITING
        at java.lang.Object.wait(Native Method)
        at java.util.TimerThread.mainLoop(Timer.java:552)
        at java.util.TimerThread.run(Timer.java:505)
"qtp989196506-95" daemon prio=5 tid=95 runnable
java.lang.Thread.State: RUNNABLE
        at sun.nio.ch.EPollArrayWrapper.epollWait(Native Method)
        at sun.nio.ch.EPollArrayWrapper.poll(EPollArrayWrapper.java:269)
        at sun.nio.ch.EPollSelectorImpl.doSelect(EPollSelectorImpl.java:93)
        at sun.nio.ch.SelectorImpl.lockAndDoSelect(SelectorImpl.java:86)
        at sun.nio.ch.SelectorImpl.select(SelectorImpl.java:97)
        at sun.nio.ch.SelectorImpl.select(SelectorImpl.java:101)
        at org.eclipse.jetty.io.ManagedSelector$SelectorProducer.select(ManagedSelector.java:472)
        at org.eclipse.jetty.io.ManagedSelector$SelectorProducer.produce(ManagedSelector.java:409)
        at org.eclipse.jetty.util.thread.strategy.EatWhatYouKill.produceTask(EatWhatYouKill.java:360)
        at org.eclipse.jetty.util.thread.strategy.EatWhatYouKill.doProduce(EatWhatYouKill.java:184)
        at org.eclipse.jetty.util.thread.strategy.EatWhatYouKill.tryProduce(EatWhatYouKill.java:171)
        at org.eclipse.jetty.util.thread.strategy.EatWhatYouKill.produce(EatWhatYouKill.java:135)
        at org.eclipse.jetty.io.ManagedSelector$$Lambda$72/1728066720.run(Unknown Source)
        at org.eclipse.jetty.util.thread.QueuedThreadPool.runJob(QueuedThreadPool.java:806)
        at org.eclipse.jetty.util.thread.QueuedThreadPool$Runner.run(QueuedThreadPool.java:938)
        at java.lang.Thread.run(Thread.java:748)
"ChunkWriter-1-0" daemon prio=5 tid=277 in Object.wait()
java.lang.Thread.State: WAITING (on object monitor)
        at sun.misc.Unsafe.park(Native Method)
        at java.util.concurrent.locks.LockSupport.park(LockSupport.java:175)
        at java.util.concurrent.locks.AbstractQueuedSynchronizer$ConditionObject.await(AbstractQueuedSynchronizer.java:2039)
        at java.util.concurrent.LinkedBlockingDeque.takeFirst(LinkedBlockingDeque.java:492)
        at java.util.concurrent.LinkedBlockingDeque.take(LinkedBlockingDeque.java:680)
        at java.util.concurrent.ThreadPoolExecutor.getTask(ThreadPoolExecutor.java:1074)
        at java.util.concurrent.ThreadPoolExecutor.runWorker(ThreadPoolExecutor.java:1134)
        at java.util.concurrent.ThreadPoolExecutor$Worker.run(ThreadPoolExecutor.java:624)
        at java.lang.Thread.run(Thread.java:748)
"qtp932569333-209" daemon prio=5 tid=209 timed_waiting
java.lang.Thread.State: TIMED_WAITING
        at sun.misc.Unsafe.park(Native Method)
        at java.util.concurrent.locks.LockSupport.parkNanos(LockSupport.java:215)
        at java.util.concurrent.locks.AbstractQueuedSynchronizer$ConditionObject.awaitNanos(AbstractQueuedSynchronizer.java:2078)
        at org.eclipse.jetty.util.BlockingArrayQueue.poll(BlockingArrayQueue.java:382)
        at org.eclipse.jetty.util.thread.QueuedThreadPool$Runner.idleJobPoll(QueuedThreadPool.java:875)
        at org.eclipse.jetty.util.thread.QueuedThreadPool$Runner.run(QueuedThreadPool.java:925)
        at java.lang.Thread.run(Thread.java:748)
"Thread-1375" daemon prio=5 tid=1466 timed_waiting
java.lang.Thread.State: TIMED_WAITING
        at java.lang.Thread.sleep(Native Method)
        at org.apache.ratis.util.JavaUtils.sleep(JavaUtils.java:243)
        at org.apache.ratis.server.impl.FollowerState.run(FollowerState.java:97)
"IPC Server handler 13 on 37155" daemon prio=5 tid=88 timed_waiting
java.lang.Thread.State: TIMED_WAITING
        at sun.misc.Unsafe.park(Native Method)
        at java.util.concurrent.locks.LockSupport.parkNanos(LockSupport.java:215)
        at java.util.concurrent.locks.AbstractQueuedSynchronizer$ConditionObject.awaitNanos(AbstractQueuedSynchronizer.java:2078)
        at java.util.concurrent.LinkedBlockingQueue.poll(LinkedBlockingQueue.java:467)
        at org.apache.hadoop.ipc.CallQueueManager.take(CallQueueManager.java:288)
        at org.apache.hadoop.ipc.Server$Handler.run(Server.java:2668)
"omNode1@group-3464CFB7038B-LeaderElection7-1" daemon prio=5 tid=1499 in Object.wait()
java.lang.Thread.State: WAITING (on object monitor)
        at sun.misc.Unsafe.park(Native Method)
        at java.util.concurrent.locks.LockSupport.park(LockSupport.java:175)
        at org.apache.ratis.thirdparty.io.grpc.stub.ClientCalls$ThreadlessExecutor.waitAndDrain(ClientCalls.java:660)
        at org.apache.ratis.thirdparty.io.grpc.stub.ClientCalls.blockingUnaryCall(ClientCalls.java:132)
        at org.apache.ratis.proto.grpc.RaftServerProtocolServiceGrpc$RaftServerProtocolServiceBlockingStub.requestVote(RaftServerProtocolServiceGrpc.java:262)
        at org.apache.ratis.grpc.server.GrpcServerProtocolClient.requestVote(GrpcServerProtocolClient.java:104)
        at org.apache.ratis.grpc.server.GrpcService.requestVote(GrpcService.java:205)
        at org.apache.ratis.server.impl.LeaderElection.lambda$submitRequests$2(LeaderElection.java:262)
        at org.apache.ratis.server.impl.LeaderElection$$Lambda$252/208440025.call(Unknown Source)
        at java.util.concurrent.FutureTask.run(FutureTask.java:266)
        at java.util.concurrent.Executors$RunnableAdapter.call(Executors.java:511)
        at java.util.concurrent.FutureTask.run(FutureTask.java:266)
        at java.util.concurrent.ThreadPoolExecutor.runWorker(ThreadPoolExecutor.java:1149)
        at java.util.concurrent.ThreadPoolExecutor$Worker.run(ThreadPoolExecutor.java:624)
        at java.lang.Thread.run(Thread.java:748)
"Datanode State Machine Thread - 0" daemon prio=5 tid=226 timed_waiting
java.lang.Thread.State: TIMED_WAITING
        at sun.misc.Unsafe.park(Native Method)
        at java.util.concurrent.locks.LockSupport.parkNanos(LockSupport.java:215)
        at java.util.concurrent.SynchronousQueue$TransferStack.awaitFulfill(SynchronousQueue.java:460)
        at java.util.concurrent.SynchronousQueue$TransferStack.transfer(SynchronousQueue.java:362)
        at java.util.concurrent.SynchronousQueue.poll(SynchronousQueue.java:941)
        at java.util.concurrent.ThreadPoolExecutor.getTask(ThreadPoolExecutor.java:1073)
        at java.util.concurrent.ThreadPoolExecutor.runWorker(ThreadPoolExecutor.java:1134)
        at java.util.concurrent.ThreadPoolExecutor$Worker.run(ThreadPoolExecutor.java:624)
        at java.lang.Thread.run(Thread.java:748)
"IPC Server handler 15 on 9862" daemon prio=5 tid=143 timed_waiting
java.lang.Thread.State: TIMED_WAITING
        at sun.misc.Unsafe.park(Native Method)
        at java.util.concurrent.locks.LockSupport.parkNanos(LockSupport.java:215)
        at java.util.concurrent.locks.AbstractQueuedSynchronizer$ConditionObject.awaitNanos(AbstractQueuedSynchronizer.java:2078)
        at java.util.concurrent.LinkedBlockingQueue.poll(LinkedBlockingQueue.java:467)
        at org.apache.hadoop.ipc.CallQueueManager.take(CallQueueManager.java:288)
        at org.apache.hadoop.ipc.Server$Handler.run(Server.java:2668)
"EventQueue-PipelineReportForPipelineReportHandler" daemon prio=5 tid=301 in Object.wait()
java.lang.Thread.State: WAITING (on object monitor)
        at sun.misc.Unsafe.park(Native Method)
        at java.util.concurrent.locks.LockSupport.park(LockSupport.java:175)
        at java.util.concurrent.locks.AbstractQueuedSynchronizer$ConditionObject.await(AbstractQueuedSynchronizer.java:2039)
        at java.util.concurrent.LinkedBlockingQueue.take(LinkedBlockingQueue.java:442)
        at java.util.concurrent.ThreadPoolExecutor.getTask(ThreadPoolExecutor.java:1074)
        at java.util.concurrent.ThreadPoolExecutor.runWorker(ThreadPoolExecutor.java:1134)
        at java.util.concurrent.ThreadPoolExecutor$Worker.run(ThreadPoolExecutor.java:624)
        at java.lang.Thread.run(Thread.java:748)
"IPC Server handler 10 on 9862" daemon prio=5 tid=137 timed_waiting
java.lang.Thread.State: TIMED_WAITING
        at sun.misc.Unsafe.park(Native Method)
        at java.util.concurrent.locks.LockSupport.parkNanos(LockSupport.java:215)
        at java.util.concurrent.locks.AbstractQueuedSynchronizer$ConditionObject.awaitNanos(AbstractQueuedSynchronizer.java:2078)
        at java.util.concurrent.LinkedBlockingQueue.poll(LinkedBlockingQueue.java:467)
        at org.apache.hadoop.ipc.CallQueueManager.take(CallQueueManager.java:288)
        at org.apache.hadoop.ipc.Server$Handler.run(Server.java:2668)
"049e6fea-8fea-4434-aaa3-5a2ab300f420@group-19B699229BF9-StateMachineUpdater" daemon prio=5 tid=1465 in Object.wait()
java.lang.Thread.State: WAITING (on object monitor)
        at java.lang.Object.wait(Native Method)
        at java.lang.Object.wait(Object.java:502)
        at org.apache.ratis.server.impl.StateMachineUpdater.waitForCommit(StateMachineUpdater.java:197)
        at org.apache.ratis.server.impl.StateMachineUpdater.run(StateMachineUpdater.java:162)
        at java.lang.Thread.run(Thread.java:748)
"qtp932569333-207" daemon prio=5 tid=207 runnable
java.lang.Thread.State: RUNNABLE
        at sun.nio.ch.EPollArrayWrapper.epollWait(Native Method)
        at sun.nio.ch.EPollArrayWrapper.poll(EPollArrayWrapper.java:269)
        at sun.nio.ch.EPollSelectorImpl.doSelect(EPollSelectorImpl.java:93)
        at sun.nio.ch.SelectorImpl.lockAndDoSelect(SelectorImpl.java:86)
        at sun.nio.ch.SelectorImpl.select(SelectorImpl.java:97)
        at sun.nio.ch.SelectorImpl.select(SelectorImpl.java:101)
        at org.eclipse.jetty.io.ManagedSelector$SelectorProducer.select(ManagedSelector.java:472)
        at org.eclipse.jetty.io.ManagedSelector$SelectorProducer.produce(ManagedSelector.java:409)
        at org.eclipse.jetty.util.thread.strategy.EatWhatYouKill.produceTask(EatWhatYouKill.java:360)
        at org.eclipse.jetty.util.thread.strategy.EatWhatYouKill.doProduce(EatWhatYouKill.java:184)
        at org.eclipse.jetty.util.thread.strategy.EatWhatYouKill.tryProduce(EatWhatYouKill.java:171)
        at org.eclipse.jetty.util.thread.strategy.EatWhatYouKill.produce(EatWhatYouKill.java:135)
        at org.eclipse.jetty.io.ManagedSelector$$Lambda$72/1728066720.run(Unknown Source)
        at org.eclipse.jetty.util.thread.QueuedThreadPool.runJob(QueuedThreadPool.java:806)
        at org.eclipse.jetty.util.thread.QueuedThreadPool$Runner.run(QueuedThreadPool.java:938)
        at java.lang.Thread.run(Thread.java:748)
"IPC Server handler 8 on 9862" daemon prio=5 tid=135 timed_waiting
java.lang.Thread.State: TIMED_WAITING
        at sun.misc.Unsafe.park(Native Method)
        at java.util.concurrent.locks.LockSupport.parkNanos(LockSupport.java:215)
        at java.util.concurrent.locks.AbstractQueuedSynchronizer$ConditionObject.awaitNanos(AbstractQueuedSynchronizer.java:2078)
        at java.util.concurrent.LinkedBlockingQueue.poll(LinkedBlockingQueue.java:467)
        at org.apache.hadoop.ipc.CallQueueManager.take(CallQueueManager.java:288)
        at org.apache.hadoop.ipc.Server$Handler.run(Server.java:2668)
"IPC Server handler 18 on 37155" daemon prio=5 tid=93 timed_waiting
java.lang.Thread.State: TIMED_WAITING
        at sun.misc.Unsafe.park(Native Method)
        at java.util.concurrent.locks.LockSupport.parkNanos(LockSupport.java:215)
        at java.util.concurrent.locks.AbstractQueuedSynchronizer$ConditionObject.awaitNanos(AbstractQueuedSynchronizer.java:2078)
        at java.util.concurrent.LinkedBlockingQueue.poll(LinkedBlockingQueue.java:467)
        at org.apache.hadoop.ipc.CallQueueManager.take(CallQueueManager.java:288)
        at org.apache.hadoop.ipc.Server$Handler.run(Server.java:2668)
"IPC Server handler 2 on 44693" daemon prio=5 tid=37 timed_waiting
java.lang.Thread.State: TIMED_WAITING
        at sun.misc.Unsafe.park(Native Method)
        at java.util.concurrent.locks.LockSupport.parkNanos(LockSupport.java:215)
        at java.util.concurrent.locks.AbstractQueuedSynchronizer$ConditionObject.awaitNanos(AbstractQueuedSynchronizer.java:2078)
        at java.util.concurrent.LinkedBlockingQueue.poll(LinkedBlockingQueue.java:467)
        at org.apache.hadoop.ipc.CallQueueManager.take(CallQueueManager.java:288)
        at org.apache.hadoop.ipc.Server$Handler.run(Server.java:2668)
"RatisPipelineUtilsThread"  prio=5 tid=15 timed_waiting
java.lang.Thread.State: TIMED_WAITING
        at sun.misc.Unsafe.park(Native Method)
        at java.util.concurrent.locks.LockSupport.parkNanos(LockSupport.java:215)
        at java.util.concurrent.locks.AbstractQueuedSynchronizer$ConditionObject.awaitNanos(AbstractQueuedSynchronizer.java:2078)
        at java.util.concurrent.ScheduledThreadPoolExecutor$DelayedWorkQueue.take(ScheduledThreadPoolExecutor.java:1093)
        at java.util.concurrent.ScheduledThreadPoolExecutor$DelayedWorkQueue.take(ScheduledThreadPoolExecutor.java:809)
        at java.util.concurrent.ThreadPoolExecutor.getTask(ThreadPoolExecutor.java:1074)
        at java.util.concurrent.ThreadPoolExecutor.runWorker(ThreadPoolExecutor.java:1134)
        at java.util.concurrent.ThreadPoolExecutor$Worker.run(ThreadPoolExecutor.java:624)
        at java.lang.Thread.run(Thread.java:748)
"grpc-nio-worker-ELG-3-3" daemon prio=5 tid=163 runnable
java.lang.Thread.State: RUNNABLE
        at sun.nio.ch.EPollArrayWrapper.epollWait(Native Method)
        at sun.nio.ch.EPollArrayWrapper.poll(EPollArrayWrapper.java:269)
        at sun.nio.ch.EPollSelectorImpl.doSelect(EPollSelectorImpl.java:93)
        at sun.nio.ch.SelectorImpl.lockAndDoSelect(SelectorImpl.java:86)
        at sun.nio.ch.SelectorImpl.select(SelectorImpl.java:97)
        at org.apache.ratis.thirdparty.io.netty.channel.nio.SelectedSelectionKeySetSelector.select(SelectedSelectionKeySetSelector.java:62)
        at org.apache.ratis.thirdparty.io.netty.channel.nio.NioEventLoop.select(NioEventLoop.java:806)
        at org.apache.ratis.thirdparty.io.netty.channel.nio.NioEventLoop.run(NioEventLoop.java:454)
        at org.apache.ratis.thirdparty.io.netty.util.concurrent.SingleThreadEventExecutor$5.run(SingleThreadEventExecutor.java:918)
        at org.apache.ratis.thirdparty.io.netty.util.internal.ThreadExecutorMap$2.run(ThreadExecutorMap.java:74)
        at org.apache.ratis.thirdparty.io.netty.util.concurrent.FastThreadLocalRunnable.run(FastThreadLocalRunnable.java:30)
        at java.lang.Thread.run(Thread.java:748)
"qtp989196506-100" daemon prio=5 tid=100 timed_waiting
java.lang.Thread.State: TIMED_WAITING
        at sun.misc.Unsafe.park(Native Method)
        at java.util.concurrent.locks.LockSupport.parkNanos(LockSupport.java:215)
        at java.util.concurrent.locks.AbstractQueuedSynchronizer$ConditionObject.awaitNanos(AbstractQueuedSynchronizer.java:2078)
        at org.eclipse.jetty.util.BlockingArrayQueue.poll(BlockingArrayQueue.java:382)
        at org.eclipse.jetty.util.thread.QueuedThreadPool$Runner.idleJobPoll(QueuedThreadPool.java:875)
        at org.eclipse.jetty.util.thread.QueuedThreadPool$Runner.run(QueuedThreadPool.java:925)
        at java.lang.Thread.run(Thread.java:748)
"process reaper" daemon prio=10 tid=11 timed_waiting
java.lang.Thread.State: TIMED_WAITING
        at sun.misc.Unsafe.park(Native Method)
        at java.util.concurrent.locks.LockSupport.parkNanos(LockSupport.java:215)
        at java.util.concurrent.SynchronousQueue$TransferStack.awaitFulfill(SynchronousQueue.java:460)
        at java.util.concurrent.SynchronousQueue$TransferStack.transfer(SynchronousQueue.java:362)
        at java.util.concurrent.SynchronousQueue.poll(SynchronousQueue.java:941)
        at java.util.concurrent.ThreadPoolExecutor.getTask(ThreadPoolExecutor.java:1073)
        at java.util.concurrent.ThreadPoolExecutor.runWorker(ThreadPoolExecutor.java:1134)
        at java.util.concurrent.ThreadPoolExecutor$Worker.run(ThreadPoolExecutor.java:624)
        at java.lang.Thread.run(Thread.java:748)
"OMDoubleBufferFlushThread" daemon prio=5 tid=113 timed_waiting
java.lang.Thread.State: TIMED_WAITING
        at java.lang.Object.wait(Native Method)
        at org.apache.hadoop.ozone.om.ratis.OzoneManagerDoubleBuffer.canFlush(OzoneManagerDoubleBuffer.java:344)
        at org.apache.hadoop.ozone.om.ratis.OzoneManagerDoubleBuffer.flushTransactions(OzoneManagerDoubleBuffer.java:133)
        at org.apache.hadoop.ozone.om.ratis.OzoneManagerDoubleBuffer$$Lambda$115/673356648.run(Unknown Source)
        at java.lang.Thread.run(Thread.java:748)
"Datanode ReportManager Thread - 2" daemon prio=5 tid=221 timed_waiting
java.lang.Thread.State: TIMED_WAITING
        at sun.misc.Unsafe.park(Native Method)
        at java.util.concurrent.locks.LockSupport.parkNanos(LockSupport.java:215)
        at java.util.concurrent.locks.AbstractQueuedSynchronizer$ConditionObject.awaitNanos(AbstractQueuedSynchronizer.java:2078)
        at java.util.concurrent.ScheduledThreadPoolExecutor$DelayedWorkQueue.take(ScheduledThreadPoolExecutor.java:1093)
        at java.util.concurrent.ScheduledThreadPoolExecutor$DelayedWorkQueue.take(ScheduledThreadPoolExecutor.java:809)
        at java.util.concurrent.ThreadPoolExecutor.getTask(ThreadPoolExecutor.java:1074)
        at java.util.concurrent.ThreadPoolExecutor.runWorker(ThreadPoolExecutor.java:1134)
        at java.util.concurrent.ThreadPoolExecutor$Worker.run(ThreadPoolExecutor.java:624)
        at java.lang.Thread.run(Thread.java:748)
"Datanode State Machine Thread - 0" daemon prio=5 tid=240 timed_waiting
java.lang.Thread.State: TIMED_WAITING
        at java.lang.Thread.sleep(Native Method)
        at org.apache.hadoop.ozone.container.common.statemachine.DatanodeStateMachine.start(DatanodeStateMachine.java:213)
        at org.apache.hadoop.ozone.container.common.statemachine.DatanodeStateMachine.lambda$startDaemon$0(DatanodeStateMachine.java:375)
        at org.apache.hadoop.ozone.container.common.statemachine.DatanodeStateMachine$$Lambda$293/1536594000.run(Unknown Source)
        at java.lang.Thread.run(Thread.java:748)
"prometheus" daemon prio=5 tid=104 in Object.wait()
java.lang.Thread.State: WAITING (on object monitor)
        at java.lang.Object.wait(Native Method)
        at java.lang.Object.wait(Object.java:502)
        at org.apache.hadoop.metrics2.impl.SinkQueue.waitForData(SinkQueue.java:114)
        at org.apache.hadoop.metrics2.impl.SinkQueue.consumeAll(SinkQueue.java:83)
        at org.apache.hadoop.metrics2.impl.MetricsSinkAdapter.publishMetricsFromQueue(MetricsSinkAdapter.java:135)
        at org.apache.hadoop.metrics2.impl.MetricsSinkAdapter$1.run(MetricsSinkAdapter.java:89)
"ChunkWriter-0-0" daemon prio=5 tid=276 in Object.wait()
java.lang.Thread.State: WAITING (on object monitor)
        at sun.misc.Unsafe.park(Native Method)
        at java.util.concurrent.locks.LockSupport.park(LockSupport.java:175)
        at java.util.concurrent.locks.AbstractQueuedSynchronizer$ConditionObject.await(AbstractQueuedSynchronizer.java:2039)
        at java.util.concurrent.LinkedBlockingDeque.takeFirst(LinkedBlockingDeque.java:492)
        at java.util.concurrent.LinkedBlockingDeque.take(LinkedBlockingDeque.java:680)
        at java.util.concurrent.ThreadPoolExecutor.getTask(ThreadPoolExecutor.java:1074)
        at java.util.concurrent.ThreadPoolExecutor.runWorker(ThreadPoolExecutor.java:1134)
        at java.util.concurrent.ThreadPoolExecutor$Worker.run(ThreadPoolExecutor.java:624)
        at java.lang.Thread.run(Thread.java:748)
"b49cd372-011e-4c73-9cd9-f6b19e929270@group-BB78CE42D49A-SegmentedRaftLogWorker"  prio=5 tid=342 timed_waiting
java.lang.Thread.State: TIMED_WAITING
        at sun.misc.Unsafe.park(Native Method)
        at java.util.concurrent.locks.LockSupport.parkNanos(LockSupport.java:215)
        at java.util.concurrent.locks.AbstractQueuedSynchronizer$ConditionObject.awaitNanos(AbstractQueuedSynchronizer.java:2078)
        at org.apache.ratis.util.DataBlockingQueue.poll(DataBlockingQueue.java:137)
        at org.apache.ratis.server.raftlog.segmented.SegmentedRaftLogWorker.run(SegmentedRaftLogWorker.java:287)
        at java.lang.Thread.run(Thread.java:748)
"Socket Reader #1 for port 37155"  prio=5 tid=17 runnable
java.lang.Thread.State: RUNNABLE
        at sun.nio.ch.EPollArrayWrapper.epollWait(Native Method)
        at sun.nio.ch.EPollArrayWrapper.poll(EPollArrayWrapper.java:269)
        at sun.nio.ch.EPollSelectorImpl.doSelect(EPollSelectorImpl.java:93)
        at sun.nio.ch.SelectorImpl.lockAndDoSelect(SelectorImpl.java:86)
        at sun.nio.ch.SelectorImpl.select(SelectorImpl.java:97)
        at sun.nio.ch.SelectorImpl.select(SelectorImpl.java:101)
        at org.apache.hadoop.ipc.Server$Listener$Reader.doRunLoop(Server.java:1097)
        at org.apache.hadoop.ipc.Server$Listener$Reader.run(Server.java:1076)
"BlockDeletingService#2" daemon prio=5 tid=898 in Object.wait()
java.lang.Thread.State: WAITING (on object monitor)
        at sun.misc.Unsafe.park(Native Method)
        at java.util.concurrent.locks.LockSupport.park(LockSupport.java:175)
        at java.util.concurrent.locks.AbstractQueuedSynchronizer$ConditionObject.await(AbstractQueuedSynchronizer.java:2039)
        at java.util.concurrent.ScheduledThreadPoolExecutor$DelayedWorkQueue.take(ScheduledThreadPoolExecutor.java:1088)
        at java.util.concurrent.ScheduledThreadPoolExecutor$DelayedWorkQueue.take(ScheduledThreadPoolExecutor.java:809)
        at java.util.concurrent.ThreadPoolExecutor.getTask(ThreadPoolExecutor.java:1074)
        at java.util.concurrent.ThreadPoolExecutor.runWorker(ThreadPoolExecutor.java:1134)
        at java.util.concurrent.ThreadPoolExecutor$Worker.run(ThreadPoolExecutor.java:624)
        at java.lang.Thread.run(Thread.java:748)
"KeyDeletingService#0" daemon prio=5 tid=126 timed_waiting
java.lang.Thread.State: TIMED_WAITING
        at sun.misc.Unsafe.park(Native Method)
        at java.util.concurrent.locks.LockSupport.parkNanos(LockSupport.java:215)
        at java.util.concurrent.locks.AbstractQueuedSynchronizer$ConditionObject.awaitNanos(AbstractQueuedSynchronizer.java:2078)
        at java.util.concurrent.ScheduledThreadPoolExecutor$DelayedWorkQueue.take(ScheduledThreadPoolExecutor.java:1093)
        at java.util.concurrent.ScheduledThreadPoolExecutor$DelayedWorkQueue.take(ScheduledThreadPoolExecutor.java:809)
        at java.util.concurrent.ThreadPoolExecutor.getTask(ThreadPoolExecutor.java:1074)
        at java.util.concurrent.ThreadPoolExecutor.runWorker(ThreadPoolExecutor.java:1134)
        at java.util.concurrent.ThreadPoolExecutor$Worker.run(ThreadPoolExecutor.java:624)
        at java.lang.Thread.run(Thread.java:748)
"qtp1179456560-232" daemon prio=5 tid=232 timed_waiting
java.lang.Thread.State: TIMED_WAITING
        at sun.misc.Unsafe.park(Native Method)
        at java.util.concurrent.locks.LockSupport.parkNanos(LockSupport.java:215)
        at java.util.concurrent.locks.AbstractQueuedSynchronizer$ConditionObject.awaitNanos(AbstractQueuedSynchronizer.java:2078)
        at org.eclipse.jetty.util.BlockingArrayQueue.poll(BlockingArrayQueue.java:382)
        at org.eclipse.jetty.util.thread.QueuedThreadPool$Runner.idleJobPoll(QueuedThreadPool.java:875)
        at org.eclipse.jetty.util.thread.QueuedThreadPool$Runner.run(QueuedThreadPool.java:925)
        at java.lang.Thread.run(Thread.java:748)
"IPC Server handler 19 on 37155" daemon prio=5 tid=94 timed_waiting
java.lang.Thread.State: TIMED_WAITING
        at sun.misc.Unsafe.park(Native Method)
        at java.util.concurrent.locks.LockSupport.parkNanos(LockSupport.java:215)
        at java.util.concurrent.locks.AbstractQueuedSynchronizer$ConditionObject.awaitNanos(AbstractQueuedSynchronizer.java:2078)
        at java.util.concurrent.LinkedBlockingQueue.poll(LinkedBlockingQueue.java:467)
        at org.apache.hadoop.ipc.CallQueueManager.take(CallQueueManager.java:288)
        at org.apache.hadoop.ipc.Server$Handler.run(Server.java:2668)
"Periodic HDDS volume checker" daemon prio=5 tid=174 timed_waiting
java.lang.Thread.State: TIMED_WAITING
        at sun.misc.Unsafe.park(Native Method)
        at java.util.concurrent.locks.LockSupport.parkNanos(LockSupport.java:215)
        at java.util.concurrent.locks.AbstractQueuedSynchronizer$ConditionObject.awaitNanos(AbstractQueuedSynchronizer.java:2078)
        at java.util.concurrent.ScheduledThreadPoolExecutor$DelayedWorkQueue.take(ScheduledThreadPoolExecutor.java:1093)
        at java.util.concurrent.ScheduledThreadPoolExecutor$DelayedWorkQueue.take(ScheduledThreadPoolExecutor.java:809)
        at java.util.concurrent.ThreadPoolExecutor.getTask(ThreadPoolExecutor.java:1074)
        at java.util.concurrent.ThreadPoolExecutor.runWorker(ThreadPoolExecutor.java:1134)
        at java.util.concurrent.ThreadPoolExecutor$Worker.run(ThreadPoolExecutor.java:624)
        at java.lang.Thread.run(Thread.java:748)
"ChunkWriter-3-0" daemon prio=5 tid=272 in Object.wait()
java.lang.Thread.State: WAITING (on object monitor)
        at sun.misc.Unsafe.park(Native Method)
        at java.util.concurrent.locks.LockSupport.park(LockSupport.java:175)
        at java.util.concurrent.locks.AbstractQueuedSynchronizer$ConditionObject.await(AbstractQueuedSynchronizer.java:2039)
        at java.util.concurrent.LinkedBlockingDeque.takeFirst(LinkedBlockingDeque.java:492)
        at java.util.concurrent.LinkedBlockingDeque.take(LinkedBlockingDeque.java:680)
        at java.util.concurrent.ThreadPoolExecutor.getTask(ThreadPoolExecutor.java:1074)
        at java.util.concurrent.ThreadPoolExecutor.runWorker(ThreadPoolExecutor.java:1134)
        at java.util.concurrent.ThreadPoolExecutor$Worker.run(ThreadPoolExecutor.java:624)
        at java.lang.Thread.run(Thread.java:748)
"qtp932569333-213" daemon prio=5 tid=213 timed_waiting
java.lang.Thread.State: TIMED_WAITING
        at sun.misc.Unsafe.park(Native Method)
        at java.util.concurrent.locks.LockSupport.parkNanos(LockSupport.java:215)
        at java.util.concurrent.locks.AbstractQueuedSynchronizer$ConditionObject.awaitNanos(AbstractQueuedSynchronizer.java:2078)
        at org.eclipse.jetty.util.BlockingArrayQueue.poll(BlockingArrayQueue.java:382)
        at org.eclipse.jetty.util.thread.QueuedThreadPool$Runner.idleJobPoll(QueuedThreadPool.java:875)
        at org.eclipse.jetty.util.thread.QueuedThreadPool$Runner.run(QueuedThreadPool.java:925)
        at java.lang.Thread.run(Thread.java:748)
"049e6fea-8fea-4434-aaa3-5a2ab300f420@group-5C396212DADF-StateMachineUpdater" daemon prio=5 tid=1448 in Object.wait()
java.lang.Thread.State: WAITING (on object monitor)
        at java.lang.Object.wait(Native Method)
        at java.lang.Object.wait(Object.java:502)
        at org.apache.ratis.server.impl.StateMachineUpdater.waitForCommit(StateMachineUpdater.java:197)
        at org.apache.ratis.server.impl.StateMachineUpdater.run(StateMachineUpdater.java:162)
        at java.lang.Thread.run(Thread.java:748)
"ChunkWriter-3-0" daemon prio=5 tid=279 in Object.wait()
java.lang.Thread.State: WAITING (on object monitor)
        at sun.misc.Unsafe.park(Native Method)
        at java.util.concurrent.locks.LockSupport.park(LockSupport.java:175)
        at java.util.concurrent.locks.AbstractQueuedSynchronizer$ConditionObject.await(AbstractQueuedSynchronizer.java:2039)
        at java.util.concurrent.LinkedBlockingDeque.takeFirst(LinkedBlockingDeque.java:492)
        at java.util.concurrent.LinkedBlockingDeque.take(LinkedBlockingDeque.java:680)
        at java.util.concurrent.ThreadPoolExecutor.getTask(ThreadPoolExecutor.java:1074)
        at java.util.concurrent.ThreadPoolExecutor.runWorker(ThreadPoolExecutor.java:1134)
        at java.util.concurrent.ThreadPoolExecutor$Worker.run(ThreadPoolExecutor.java:624)
        at java.lang.Thread.run(Thread.java:748)
"ChunkWriter-3-0" daemon prio=5 tid=265 in Object.wait()
java.lang.Thread.State: WAITING (on object monitor)
        at sun.misc.Unsafe.park(Native Method)
        at java.util.concurrent.locks.LockSupport.park(LockSupport.java:175)
        at java.util.concurrent.locks.AbstractQueuedSynchronizer$ConditionObject.await(AbstractQueuedSynchronizer.java:2039)
        at java.util.concurrent.LinkedBlockingDeque.takeFirst(LinkedBlockingDeque.java:492)
        at java.util.concurrent.LinkedBlockingDeque.take(LinkedBlockingDeque.java:680)
        at java.util.concurrent.ThreadPoolExecutor.getTask(ThreadPoolExecutor.java:1074)
        at java.util.concurrent.ThreadPoolExecutor.runWorker(ThreadPoolExecutor.java:1134)
        at java.util.concurrent.ThreadPoolExecutor$Worker.run(ThreadPoolExecutor.java:624)
        at java.lang.Thread.run(Thread.java:748)
"Socket Reader #1 for port 46581"  prio=5 tid=21 runnable
java.lang.Thread.State: RUNNABLE
        at sun.nio.ch.EPollArrayWrapper.epollWait(Native Method)
        at sun.nio.ch.EPollArrayWrapper.poll(EPollArrayWrapper.java:269)
        at sun.nio.ch.EPollSelectorImpl.doSelect(EPollSelectorImpl.java:93)
        at sun.nio.ch.SelectorImpl.lockAndDoSelect(SelectorImpl.java:86)
        at sun.nio.ch.SelectorImpl.select(SelectorImpl.java:97)
        at sun.nio.ch.SelectorImpl.select(SelectorImpl.java:101)
        at org.apache.hadoop.ipc.Server$Listener$Reader.doRunLoop(Server.java:1097)
        at org.apache.hadoop.ipc.Server$Listener$Reader.run(Server.java:1076)
"IPC Parameter Sending Thread #0" daemon prio=5 tid=109 timed_waiting
java.lang.Thread.State: TIMED_WAITING
        at sun.misc.Unsafe.park(Native Method)
        at java.util.concurrent.locks.LockSupport.parkNanos(LockSupport.java:215)
        at java.util.concurrent.SynchronousQueue$TransferStack.awaitFulfill(SynchronousQueue.java:460)
        at java.util.concurrent.SynchronousQueue$TransferStack.transfer(SynchronousQueue.java:362)
        at java.util.concurrent.SynchronousQueue.poll(SynchronousQueue.java:941)
        at java.util.concurrent.ThreadPoolExecutor.getTask(ThreadPoolExecutor.java:1073)
        at java.util.concurrent.ThreadPoolExecutor.runWorker(ThreadPoolExecutor.java:1134)
        at java.util.concurrent.ThreadPoolExecutor$Worker.run(ThreadPoolExecutor.java:624)
        at java.lang.Thread.run(Thread.java:748)
"IPC Server handler 14 on 37155" daemon prio=5 tid=89 timed_waiting
java.lang.Thread.State: TIMED_WAITING
        at sun.misc.Unsafe.park(Native Method)
        at java.util.concurrent.locks.LockSupport.parkNanos(LockSupport.java:215)
        at java.util.concurrent.locks.AbstractQueuedSynchronizer$ConditionObject.awaitNanos(AbstractQueuedSynchronizer.java:2078)
        at java.util.concurrent.LinkedBlockingQueue.poll(LinkedBlockingQueue.java:467)
        at org.apache.hadoop.ipc.CallQueueManager.take(CallQueueManager.java:288)
        at org.apache.hadoop.ipc.Server$Handler.run(Server.java:2668)
"ChunkWriter-1-0" daemon prio=5 tid=270 in Object.wait()
java.lang.Thread.State: WAITING (on object monitor)
        at sun.misc.Unsafe.park(Native Method)
        at java.util.concurrent.locks.LockSupport.park(LockSupport.java:175)
        at java.util.concurrent.locks.AbstractQueuedSynchronizer$ConditionObject.await(AbstractQueuedSynchronizer.java:2039)
        at java.util.concurrent.LinkedBlockingDeque.takeFirst(LinkedBlockingDeque.java:492)
        at java.util.concurrent.LinkedBlockingDeque.take(LinkedBlockingDeque.java:680)
        at java.util.concurrent.ThreadPoolExecutor.getTask(ThreadPoolExecutor.java:1074)
        at java.util.concurrent.ThreadPoolExecutor.runWorker(ThreadPoolExecutor.java:1134)
        at java.util.concurrent.ThreadPoolExecutor$Worker.run(ThreadPoolExecutor.java:624)
        at java.lang.Thread.run(Thread.java:748)
"qtp932569333-208-acceptor-0@2987b64d-ServerConnector@54a4d15f{HTTP/1.1,[http/1.1]}{0.0.0.0:46675}" daemon prio=3 tid=208 runnable
java.lang.Thread.State: RUNNABLE
        at sun.nio.ch.ServerSocketChannelImpl.accept0(Native Method)
        at sun.nio.ch.ServerSocketChannelImpl.accept(ServerSocketChannelImpl.java:422)
        at sun.nio.ch.ServerSocketChannelImpl.accept(ServerSocketChannelImpl.java:250)
        at org.eclipse.jetty.server.ServerConnector.accept(ServerConnector.java:385)
        at org.eclipse.jetty.server.AbstractConnector$Acceptor.run(AbstractConnector.java:701)
        at org.eclipse.jetty.util.thread.QueuedThreadPool.runJob(QueuedThreadPool.java:806)
        at org.eclipse.jetty.util.thread.QueuedThreadPool$Runner.run(QueuedThreadPool.java:938)
        at java.lang.Thread.run(Thread.java:748)
"IPC Server handler 10 on 44693" daemon prio=5 tid=45 timed_waiting
java.lang.Thread.State: TIMED_WAITING
        at sun.misc.Unsafe.park(Native Method)
        at java.util.concurrent.locks.LockSupport.parkNanos(LockSupport.java:215)
        at java.util.concurrent.locks.AbstractQueuedSynchronizer$ConditionObject.awaitNanos(AbstractQueuedSynchronizer.java:2078)
        at java.util.concurrent.LinkedBlockingQueue.poll(LinkedBlockingQueue.java:467)
        at org.apache.hadoop.ipc.CallQueueManager.take(CallQueueManager.java:288)
        at org.apache.hadoop.ipc.Server$Handler.run(Server.java:2668)
"grpc-nio-worker-ELG-3-1" daemon prio=5 tid=161 runnable
java.lang.Thread.State: RUNNABLE
        at sun.nio.ch.EPollArrayWrapper.epollWait(Native Method)
        at sun.nio.ch.EPollArrayWrapper.poll(EPollArrayWrapper.java:269)
        at sun.nio.ch.EPollSelectorImpl.doSelect(EPollSelectorImpl.java:93)
        at sun.nio.ch.SelectorImpl.lockAndDoSelect(SelectorImpl.java:86)
        at sun.nio.ch.SelectorImpl.select(SelectorImpl.java:97)
        at org.apache.ratis.thirdparty.io.netty.channel.nio.SelectedSelectionKeySetSelector.select(SelectedSelectionKeySetSelector.java:62)
        at org.apache.ratis.thirdparty.io.netty.channel.nio.NioEventLoop.select(NioEventLoop.java:806)
        at org.apache.ratis.thirdparty.io.netty.channel.nio.NioEventLoop.run(NioEventLoop.java:454)
        at org.apache.ratis.thirdparty.io.netty.util.concurrent.SingleThreadEventExecutor$5.run(SingleThreadEventExecutor.java:918)
        at org.apache.ratis.thirdparty.io.netty.util.internal.ThreadExecutorMap$2.run(ThreadExecutorMap.java:74)
        at org.apache.ratis.thirdparty.io.netty.util.concurrent.FastThreadLocalRunnable.run(FastThreadLocalRunnable.java:30)
        at java.lang.Thread.run(Thread.java:748)
"IPC Server handler 3 on 46581" daemon prio=5 tid=58 timed_waiting
java.lang.Thread.State: TIMED_WAITING
        at sun.misc.Unsafe.park(Native Method)
        at java.util.concurrent.locks.LockSupport.parkNanos(LockSupport.java:215)
        at java.util.concurrent.locks.AbstractQueuedSynchronizer$ConditionObject.awaitNanos(AbstractQueuedSynchronizer.java:2078)
        at java.util.concurrent.LinkedBlockingQueue.poll(LinkedBlockingQueue.java:467)
        at org.apache.hadoop.ipc.CallQueueManager.take(CallQueueManager.java:288)
        at org.apache.hadoop.ipc.Server$Handler.run(Server.java:2668)
"omNode1@group-3464CFB7038B-SegmentedRaftLogWorker"  prio=5 tid=119 timed_waiting
java.lang.Thread.State: TIMED_WAITING
        at sun.misc.Unsafe.park(Native Method)
        at java.util.concurrent.locks.LockSupport.parkNanos(LockSupport.java:215)
        at java.util.concurrent.locks.AbstractQueuedSynchronizer$ConditionObject.awaitNanos(AbstractQueuedSynchronizer.java:2078)
        at org.apache.ratis.util.DataBlockingQueue.poll(DataBlockingQueue.java:137)
        at org.apache.ratis.server.raftlog.segmented.SegmentedRaftLogWorker.run(SegmentedRaftLogWorker.java:287)
        at java.lang.Thread.run(Thread.java:748)
"Datanode ReportManager Thread - 1" daemon prio=5 tid=220 in Object.wait()
java.lang.Thread.State: WAITING (on object monitor)
        at sun.misc.Unsafe.park(Native Method)
        at java.util.concurrent.locks.LockSupport.park(LockSupport.java:175)
        at java.util.concurrent.locks.AbstractQueuedSynchronizer$ConditionObject.await(AbstractQueuedSynchronizer.java:2039)
        at java.util.concurrent.ScheduledThreadPoolExecutor$DelayedWorkQueue.take(ScheduledThreadPoolExecutor.java:1088)
        at java.util.concurrent.ScheduledThreadPoolExecutor$DelayedWorkQueue.take(ScheduledThreadPoolExecutor.java:809)
        at java.util.concurrent.ThreadPoolExecutor.getTask(ThreadPoolExecutor.java:1074)
        at java.util.concurrent.ThreadPoolExecutor.runWorker(ThreadPoolExecutor.java:1134)
        at java.util.concurrent.ThreadPoolExecutor$Worker.run(ThreadPoolExecutor.java:624)
        at java.lang.Thread.run(Thread.java:748)
"IPC Server Responder" daemon prio=5 tid=117 runnable
java.lang.Thread.State: RUNNABLE
        at sun.nio.ch.EPollArrayWrapper.epollWait(Native Method)
        at sun.nio.ch.EPollArrayWrapper.poll(EPollArrayWrapper.java:269)
        at sun.nio.ch.EPollSelectorImpl.doSelect(EPollSelectorImpl.java:93)
        at sun.nio.ch.SelectorImpl.lockAndDoSelect(SelectorImpl.java:86)
        at sun.nio.ch.SelectorImpl.select(SelectorImpl.java:97)
        at org.apache.hadoop.ipc.Server$Responder.doRunLoop(Server.java:1334)
        at org.apache.hadoop.ipc.Server$Responder.run(Server.java:1317)
"IPC Server handler 17 on 46581" daemon prio=5 tid=72 timed_waiting
java.lang.Thread.State: TIMED_WAITING
        at sun.misc.Unsafe.park(Native Method)
        at java.util.concurrent.locks.LockSupport.parkNanos(LockSupport.java:215)
        at java.util.concurrent.locks.AbstractQueuedSynchronizer$ConditionObject.awaitNanos(AbstractQueuedSynchronizer.java:2078)
        at java.util.concurrent.LinkedBlockingQueue.poll(LinkedBlockingQueue.java:467)
        at org.apache.hadoop.ipc.CallQueueManager.take(CallQueueManager.java:288)
        at org.apache.hadoop.ipc.Server$Handler.run(Server.java:2668)
"IPC Server handler 9 on 9862" daemon prio=5 tid=136 timed_waiting
java.lang.Thread.State: TIMED_WAITING
        at sun.misc.Unsafe.park(Native Method)
        at java.util.concurrent.locks.LockSupport.parkNanos(LockSupport.java:215)
        at java.util.concurrent.locks.AbstractQueuedSynchronizer$ConditionObject.awaitNanos(AbstractQueuedSynchronizer.java:2078)
        at java.util.concurrent.LinkedBlockingQueue.poll(LinkedBlockingQueue.java:467)
        at org.apache.hadoop.ipc.CallQueueManager.take(CallQueueManager.java:288)
        at org.apache.hadoop.ipc.Server$Handler.run(Server.java:2668)
"qtp989196506-96-acceptor-0@4deb7b1d-ServerConnector@69bdb27c{HTTP/1.1,[http/1.1]}{0.0.0.0:40805}" daemon prio=3 tid=96 runnable
java.lang.Thread.State: RUNNABLE
        at sun.nio.ch.ServerSocketChannelImpl.accept0(Native Method)
        at sun.nio.ch.ServerSocketChannelImpl.accept(ServerSocketChannelImpl.java:422)
        at sun.nio.ch.ServerSocketChannelImpl.accept(ServerSocketChannelImpl.java:250)
        at org.eclipse.jetty.server.ServerConnector.accept(ServerConnector.java:385)
        at org.eclipse.jetty.server.AbstractConnector$Acceptor.run(AbstractConnector.java:701)
        at org.eclipse.jetty.util.thread.QueuedThreadPool.runJob(QueuedThreadPool.java:806)
        at org.eclipse.jetty.util.thread.QueuedThreadPool$Runner.run(QueuedThreadPool.java:938)
        at java.lang.Thread.run(Thread.java:748)
"qtp1296516504-150" daemon prio=5 tid=150 runnable
java.lang.Thread.State: RUNNABLE
        at sun.nio.ch.EPollArrayWrapper.epollWait(Native Method)
        at sun.nio.ch.EPollArrayWrapper.poll(EPollArrayWrapper.java:269)
        at sun.nio.ch.EPollSelectorImpl.doSelect(EPollSelectorImpl.java:93)
        at sun.nio.ch.SelectorImpl.lockAndDoSelect(SelectorImpl.java:86)
        at sun.nio.ch.SelectorImpl.select(SelectorImpl.java:97)
        at sun.nio.ch.SelectorImpl.select(SelectorImpl.java:101)
        at org.eclipse.jetty.io.ManagedSelector$SelectorProducer.select(ManagedSelector.java:472)
        at org.eclipse.jetty.io.ManagedSelector$SelectorProducer.produce(ManagedSelector.java:409)
        at org.eclipse.jetty.util.thread.strategy.EatWhatYouKill.produceTask(EatWhatYouKill.java:360)
        at org.eclipse.jetty.util.thread.strategy.EatWhatYouKill.doProduce(EatWhatYouKill.java:184)
        at org.eclipse.jetty.util.thread.strategy.EatWhatYouKill.tryProduce(EatWhatYouKill.java:171)
        at org.eclipse.jetty.util.thread.strategy.EatWhatYouKill.produce(EatWhatYouKill.java:135)
        at org.eclipse.jetty.io.ManagedSelector$$Lambda$72/1728066720.run(Unknown Source)
        at org.eclipse.jetty.util.thread.QueuedThreadPool.runJob(QueuedThreadPool.java:806)
        at org.eclipse.jetty.util.thread.QueuedThreadPool$Runner.run(QueuedThreadPool.java:938)
        at java.lang.Thread.run(Thread.java:748)
"IPC Server handler 0 on 46581" daemon prio=5 tid=55 timed_waiting
java.lang.Thread.State: TIMED_WAITING
        at sun.misc.Unsafe.park(Native Method)
        at java.util.concurrent.locks.LockSupport.parkNanos(LockSupport.java:215)
        at java.util.concurrent.locks.AbstractQueuedSynchronizer$ConditionObject.awaitNanos(AbstractQueuedSynchronizer.java:2078)
        at java.util.concurrent.LinkedBlockingQueue.poll(LinkedBlockingQueue.java:467)
        at org.apache.hadoop.ipc.CallQueueManager.take(CallQueueManager.java:288)
        at org.apache.hadoop.ipc.Server$Handler.run(Server.java:2668)
"IPC Server handler 17 on 9862" daemon prio=5 tid=145 timed_waiting
java.lang.Thread.State: TIMED_WAITING
        at sun.misc.Unsafe.park(Native Method)
        at java.util.concurrent.locks.LockSupport.parkNanos(LockSupport.java:215)
        at java.util.concurrent.locks.AbstractQueuedSynchronizer$ConditionObject.awaitNanos(AbstractQueuedSynchronizer.java:2078)
        at java.util.concurrent.LinkedBlockingQueue.poll(LinkedBlockingQueue.java:467)
        at org.apache.hadoop.ipc.CallQueueManager.take(CallQueueManager.java:288)
        at org.apache.hadoop.ipc.Server$Handler.run(Server.java:2668)
"qtp932569333-211" daemon prio=5 tid=211 timed_waiting
java.lang.Thread.State: TIMED_WAITING
        at sun.misc.Unsafe.park(Native Method)
        at java.util.concurrent.locks.LockSupport.parkNanos(LockSupport.java:215)
        at java.util.concurrent.locks.AbstractQueuedSynchronizer$ConditionObject.awaitNanos(AbstractQueuedSynchronizer.java:2078)
        at org.eclipse.jetty.util.BlockingArrayQueue.poll(BlockingArrayQueue.java:382)
        at org.eclipse.jetty.util.thread.QueuedThreadPool$Runner.idleJobPoll(QueuedThreadPool.java:875)
        at org.eclipse.jetty.util.thread.QueuedThreadPool$Runner.run(QueuedThreadPool.java:925)
        at java.lang.Thread.run(Thread.java:748)
"ChunkWriter-0-0" daemon prio=5 tid=269 in Object.wait()
java.lang.Thread.State: WAITING (on object monitor)
        at sun.misc.Unsafe.park(Native Method)
        at java.util.concurrent.locks.LockSupport.park(LockSupport.java:175)
        at java.util.concurrent.locks.AbstractQueuedSynchronizer$ConditionObject.await(AbstractQueuedSynchronizer.java:2039)
        at java.util.concurrent.LinkedBlockingDeque.takeFirst(LinkedBlockingDeque.java:492)
        at java.util.concurrent.LinkedBlockingDeque.take(LinkedBlockingDeque.java:680)
        at java.util.concurrent.ThreadPoolExecutor.getTask(ThreadPoolExecutor.java:1074)
        at java.util.concurrent.ThreadPoolExecutor.runWorker(ThreadPoolExecutor.java:1134)
        at java.util.concurrent.ThreadPoolExecutor$Worker.run(ThreadPoolExecutor.java:624)
        at java.lang.Thread.run(Thread.java:748)
"IPC Server handler 3 on 44693" daemon prio=5 tid=38 timed_waiting
java.lang.Thread.State: TIMED_WAITING
        at sun.misc.Unsafe.park(Native Method)
        at java.util.concurrent.locks.LockSupport.parkNanos(LockSupport.java:215)
        at java.util.concurrent.locks.AbstractQueuedSynchronizer$ConditionObject.awaitNanos(AbstractQueuedSynchronizer.java:2078)
        at java.util.concurrent.LinkedBlockingQueue.poll(LinkedBlockingQueue.java:467)
        at org.apache.hadoop.ipc.CallQueueManager.take(CallQueueManager.java:288)
        at org.apache.hadoop.ipc.Server$Handler.run(Server.java:2668)
"qtp1179456560-234" daemon prio=5 tid=234 timed_waiting
java.lang.Thread.State: TIMED_WAITING
        at sun.misc.Unsafe.park(Native Method)
        at java.util.concurrent.locks.LockSupport.parkNanos(LockSupport.java:215)
        at java.util.concurrent.locks.AbstractQueuedSynchronizer$ConditionObject.awaitNanos(AbstractQueuedSynchronizer.java:2078)
        at org.eclipse.jetty.util.BlockingArrayQueue.poll(BlockingArrayQueue.java:382)
        at org.eclipse.jetty.util.thread.QueuedThreadPool$Runner.idleJobPoll(QueuedThreadPool.java:875)
        at org.eclipse.jetty.util.thread.QueuedThreadPool$Runner.run(QueuedThreadPool.java:925)
        at java.lang.Thread.run(Thread.java:748)
"IPC Server handler 10 on 46581" daemon prio=5 tid=65 timed_waiting
java.lang.Thread.State: TIMED_WAITING
        at sun.misc.Unsafe.park(Native Method)
        at java.util.concurrent.locks.LockSupport.parkNanos(LockSupport.java:215)
        at java.util.concurrent.locks.AbstractQueuedSynchronizer$ConditionObject.awaitNanos(AbstractQueuedSynchronizer.java:2078)
        at java.util.concurrent.LinkedBlockingQueue.poll(LinkedBlockingQueue.java:467)
        at org.apache.hadoop.ipc.CallQueueManager.take(CallQueueManager.java:288)
        at org.apache.hadoop.ipc.Server$Handler.run(Server.java:2668)
"IPC Server handler 18 on 9862" daemon prio=5 tid=146 timed_waiting
java.lang.Thread.State: TIMED_WAITING
        at sun.misc.Unsafe.park(Native Method)
        at java.util.concurrent.locks.LockSupport.parkNanos(LockSupport.java:215)
        at java.util.concurrent.locks.AbstractQueuedSynchronizer$ConditionObject.awaitNanos(AbstractQueuedSynchronizer.java:2078)
        at java.util.concurrent.LinkedBlockingQueue.poll(LinkedBlockingQueue.java:467)
        at org.apache.hadoop.ipc.CallQueueManager.take(CallQueueManager.java:288)
        at org.apache.hadoop.ipc.Server$Handler.run(Server.java:2668)
"Datanode ReportManager Thread - 2" daemon prio=5 tid=198 in Object.wait()
java.lang.Thread.State: WAITING (on object monitor)
        at sun.misc.Unsafe.park(Native Method)
        at java.util.concurrent.locks.LockSupport.park(LockSupport.java:175)
        at java.util.concurrent.locks.AbstractQueuedSynchronizer$ConditionObject.await(AbstractQueuedSynchronizer.java:2039)
        at java.util.concurrent.ScheduledThreadPoolExecutor$DelayedWorkQueue.take(ScheduledThreadPoolExecutor.java:1088)
        at java.util.concurrent.ScheduledThreadPoolExecutor$DelayedWorkQueue.take(ScheduledThreadPoolExecutor.java:809)
        at java.util.concurrent.ThreadPoolExecutor.getTask(ThreadPoolExecutor.java:1074)
        at java.util.concurrent.ThreadPoolExecutor.runWorker(ThreadPoolExecutor.java:1134)
        at java.util.concurrent.ThreadPoolExecutor$Worker.run(ThreadPoolExecutor.java:624)
        at java.lang.Thread.run(Thread.java:748)
"qtp1296516504-153" daemon prio=5 tid=153 timed_waiting
java.lang.Thread.State: TIMED_WAITING
        at sun.misc.Unsafe.park(Native Method)
        at java.util.concurrent.locks.LockSupport.parkNanos(LockSupport.java:215)
        at java.util.concurrent.locks.AbstractQueuedSynchronizer$ConditionObject.awaitNanos(AbstractQueuedSynchronizer.java:2078)
        at org.eclipse.jetty.util.BlockingArrayQueue.poll(BlockingArrayQueue.java:382)
        at org.eclipse.jetty.util.thread.QueuedThreadPool$Runner.idleJobPoll(QueuedThreadPool.java:875)
        at org.eclipse.jetty.util.thread.QueuedThreadPool$Runner.run(QueuedThreadPool.java:925)
        at java.lang.Thread.run(Thread.java:748)
"Command processor thread" daemon prio=5 tid=223 timed_waiting
java.lang.Thread.State: TIMED_WAITING
        at java.lang.Thread.sleep(Native Method)
        at org.apache.hadoop.ozone.container.common.statemachine.DatanodeStateMachine.lambda$initCommandHandlerThread$1(DatanodeStateMachine.java:468)
        at org.apache.hadoop.ozone.container.common.statemachine.DatanodeStateMachine$$Lambda$294/1756697006.run(Unknown Source)
        at java.lang.Thread.run(Thread.java:748)
"IPC Server handler 6 on 46581" daemon prio=5 tid=61 timed_waiting
java.lang.Thread.State: TIMED_WAITING
        at sun.misc.Unsafe.park(Native Method)
        at java.util.concurrent.locks.LockSupport.parkNanos(LockSupport.java:215)
        at java.util.concurrent.locks.AbstractQueuedSynchronizer$ConditionObject.awaitNanos(AbstractQueuedSynchronizer.java:2078)
        at java.util.concurrent.LinkedBlockingQueue.poll(LinkedBlockingQueue.java:467)
        at org.apache.hadoop.ipc.CallQueueManager.take(CallQueueManager.java:288)
        at org.apache.hadoop.ipc.Server$Handler.run(Server.java:2668)
"CommandWatcher-LeaseManager#LeaseMonitor" daemon prio=5 tid=34 timed_waiting
java.lang.Thread.State: TIMED_WAITING
        at java.lang.Thread.sleep(Native Method)
        at org.apache.hadoop.ozone.lease.LeaseManager$LeaseMonitor.run(LeaseManager.java:234)
        at java.lang.Thread.run(Thread.java:748)
"qtp1179456560-230" daemon prio=5 tid=230 runnable
java.lang.Thread.State: RUNNABLE
        at sun.nio.ch.EPollArrayWrapper.epollWait(Native Method)
        at sun.nio.ch.EPollArrayWrapper.poll(EPollArrayWrapper.java:269)
        at sun.nio.ch.EPollSelectorImpl.doSelect(EPollSelectorImpl.java:93)
        at sun.nio.ch.SelectorImpl.lockAndDoSelect(SelectorImpl.java:86)
        at sun.nio.ch.SelectorImpl.select(SelectorImpl.java:97)
        at sun.nio.ch.SelectorImpl.select(SelectorImpl.java:101)
        at org.eclipse.jetty.io.ManagedSelector$SelectorProducer.select(ManagedSelector.java:472)
        at org.eclipse.jetty.io.ManagedSelector$SelectorProducer.produce(ManagedSelector.java:409)
        at org.eclipse.jetty.util.thread.strategy.EatWhatYouKill.produceTask(EatWhatYouKill.java:360)
        at org.eclipse.jetty.util.thread.strategy.EatWhatYouKill.doProduce(EatWhatYouKill.java:184)
        at org.eclipse.jetty.util.thread.strategy.EatWhatYouKill.tryProduce(EatWhatYouKill.java:171)
        at org.eclipse.jetty.util.thread.strategy.EatWhatYouKill.produce(EatWhatYouKill.java:135)
        at org.eclipse.jetty.io.ManagedSelector$$Lambda$72/1728066720.run(Unknown Source)
        at org.eclipse.jetty.util.thread.QueuedThreadPool.runJob(QueuedThreadPool.java:806)
        at org.eclipse.jetty.util.thread.QueuedThreadPool$Runner.run(QueuedThreadPool.java:938)
        at java.lang.Thread.run(Thread.java:748)
"qtp932569333-210" daemon prio=5 tid=210 timed_waiting
java.lang.Thread.State: TIMED_WAITING
        at sun.misc.Unsafe.park(Native Method)
        at java.util.concurrent.locks.LockSupport.parkNanos(LockSupport.java:215)
        at java.util.concurrent.locks.AbstractQueuedSynchronizer$ConditionObject.awaitNanos(AbstractQueuedSynchronizer.java:2078)
        at org.eclipse.jetty.util.BlockingArrayQueue.poll(BlockingArrayQueue.java:382)
        at org.eclipse.jetty.util.thread.QueuedThreadPool$Runner.idleJobPoll(QueuedThreadPool.java:875)
        at org.eclipse.jetty.util.thread.QueuedThreadPool$Runner.run(QueuedThreadPool.java:925)
        at java.lang.Thread.run(Thread.java:748)
"Command processor thread" daemon prio=5 tid=200 timed_waiting
java.lang.Thread.State: TIMED_WAITING
        at java.lang.Thread.sleep(Native Method)
        at org.apache.hadoop.ozone.container.common.statemachine.DatanodeStateMachine.lambda$initCommandHandlerThread$1(DatanodeStateMachine.java:468)
        at org.apache.hadoop.ozone.container.common.statemachine.DatanodeStateMachine$$Lambda$294/1756697006.run(Unknown Source)
        at java.lang.Thread.run(Thread.java:748)
"pool-46-thread-1" daemon prio=5 tid=195 timed_waiting
java.lang.Thread.State: TIMED_WAITING
        at sun.misc.Unsafe.park(Native Method)
        at java.util.concurrent.locks.LockSupport.parkNanos(LockSupport.java:215)
        at java.util.concurrent.locks.AbstractQueuedSynchronizer$ConditionObject.awaitNanos(AbstractQueuedSynchronizer.java:2078)
        at java.util.concurrent.ScheduledThreadPoolExecutor$DelayedWorkQueue.take(ScheduledThreadPoolExecutor.java:1093)
        at java.util.concurrent.ScheduledThreadPoolExecutor$DelayedWorkQueue.take(ScheduledThreadPoolExecutor.java:809)
        at java.util.concurrent.ThreadPoolExecutor.getTask(ThreadPoolExecutor.java:1074)
        at java.util.concurrent.ThreadPoolExecutor.runWorker(ThreadPoolExecutor.java:1134)
        at java.util.concurrent.ThreadPoolExecutor$Worker.run(ThreadPoolExecutor.java:624)
        at java.lang.Thread.run(Thread.java:748)
"SCMBlockDeletingService#1" daemon prio=5 tid=107 in Object.wait()
java.lang.Thread.State: WAITING (on object monitor)
        at sun.misc.Unsafe.park(Native Method)
        at java.util.concurrent.locks.LockSupport.park(LockSupport.java:175)
        at java.util.concurrent.locks.AbstractQueuedSynchronizer$ConditionObject.await(AbstractQueuedSynchronizer.java:2039)
        at java.util.concurrent.ScheduledThreadPoolExecutor$DelayedWorkQueue.take(ScheduledThreadPoolExecutor.java:1088)
        at java.util.concurrent.ScheduledThreadPoolExecutor$DelayedWorkQueue.take(ScheduledThreadPoolExecutor.java:809)
        at java.util.concurrent.ThreadPoolExecutor.getTask(ThreadPoolExecutor.java:1074)
        at java.util.concurrent.ThreadPoolExecutor.runWorker(ThreadPoolExecutor.java:1134)
        at java.util.concurrent.ThreadPoolExecutor$Worker.run(ThreadPoolExecutor.java:624)
        at java.lang.Thread.run(Thread.java:748)
"qtp989196506-97" daemon prio=5 tid=97 timed_waiting
java.lang.Thread.State: TIMED_WAITING
        at sun.misc.Unsafe.park(Native Method)
        at java.util.concurrent.locks.LockSupport.parkNanos(LockSupport.java:215)
        at java.util.concurrent.locks.AbstractQueuedSynchronizer$ConditionObject.awaitNanos(AbstractQueuedSynchronizer.java:2078)
        at org.eclipse.jetty.util.BlockingArrayQueue.poll(BlockingArrayQueue.java:382)
        at org.eclipse.jetty.util.thread.QueuedThreadPool$Runner.idleJobPoll(QueuedThreadPool.java:875)
        at org.eclipse.jetty.util.thread.QueuedThreadPool$Runner.run(QueuedThreadPool.java:925)
        at java.lang.Thread.run(Thread.java:748)
"pool-61-thread-1" daemon prio=5 tid=227 timed_waiting
java.lang.Thread.State: TIMED_WAITING
        at sun.misc.Unsafe.park(Native Method)
        at java.util.concurrent.locks.LockSupport.parkNanos(LockSupport.java:215)
        at java.util.concurrent.locks.AbstractQueuedSynchronizer$ConditionObject.awaitNanos(AbstractQueuedSynchronizer.java:2078)
        at java.util.concurrent.ScheduledThreadPoolExecutor$DelayedWorkQueue.take(ScheduledThreadPoolExecutor.java:1093)
        at java.util.concurrent.ScheduledThreadPoolExecutor$DelayedWorkQueue.take(ScheduledThreadPoolExecutor.java:809)
        at java.util.concurrent.ThreadPoolExecutor.getTask(ThreadPoolExecutor.java:1074)
        at java.util.concurrent.ThreadPoolExecutor.runWorker(ThreadPoolExecutor.java:1134)
        at java.util.concurrent.ThreadPoolExecutor$Worker.run(ThreadPoolExecutor.java:624)
        at java.lang.Thread.run(Thread.java:748)
"ChunkWriter-1-0" daemon prio=5 tid=263 in Object.wait()
java.lang.Thread.State: WAITING (on object monitor)
        at sun.misc.Unsafe.park(Native Method)
        at java.util.concurrent.locks.LockSupport.park(LockSupport.java:175)
        at java.util.concurrent.locks.AbstractQueuedSynchronizer$ConditionObject.await(AbstractQueuedSynchronizer.java:2039)
        at java.util.concurrent.LinkedBlockingDeque.takeFirst(LinkedBlockingDeque.java:492)
        at java.util.concurrent.LinkedBlockingDeque.take(LinkedBlockingDeque.java:680)
        at java.util.concurrent.ThreadPoolExecutor.getTask(ThreadPoolExecutor.java:1074)
        at java.util.concurrent.ThreadPoolExecutor.runWorker(ThreadPoolExecutor.java:1134)
        at java.util.concurrent.ThreadPoolExecutor$Worker.run(ThreadPoolExecutor.java:624)
        at java.lang.Thread.run(Thread.java:748)
"Socket Reader #1 for port 9862"  prio=5 tid=115 runnable
java.lang.Thread.State: RUNNABLE
        at sun.nio.ch.EPollArrayWrapper.epollWait(Native Method)
        at sun.nio.ch.EPollArrayWrapper.poll(EPollArrayWrapper.java:269)
        at sun.nio.ch.EPollSelectorImpl.doSelect(EPollSelectorImpl.java:93)
        at sun.nio.ch.SelectorImpl.lockAndDoSelect(SelectorImpl.java:86)
        at sun.nio.ch.SelectorImpl.select(SelectorImpl.java:97)
        at sun.nio.ch.SelectorImpl.select(SelectorImpl.java:101)
        at org.apache.hadoop.ipc.Server$Listener$Reader.doRunLoop(Server.java:1097)
        at org.apache.hadoop.ipc.Server$Listener$Reader.run(Server.java:1076)
"qtp1179456560-236" daemon prio=5 tid=236 timed_waiting
java.lang.Thread.State: TIMED_WAITING
        at sun.misc.Unsafe.park(Native Method)
        at java.util.concurrent.locks.LockSupport.parkNanos(LockSupport.java:215)
        at java.util.concurrent.locks.AbstractQueuedSynchronizer$ConditionObject.awaitNanos(AbstractQueuedSynchronizer.java:2078)
        at org.eclipse.jetty.util.BlockingArrayQueue.poll(BlockingArrayQueue.java:382)
        at org.eclipse.jetty.util.thread.QueuedThreadPool$Runner.idleJobPoll(QueuedThreadPool.java:875)
        at org.eclipse.jetty.util.thread.QueuedThreadPool$Runner.run(QueuedThreadPool.java:925)
        at java.lang.Thread.run(Thread.java:748)
"BlockDeletingService#1" daemon prio=5 tid=267 timed_waiting
java.lang.Thread.State: TIMED_WAITING
        at sun.misc.Unsafe.park(Native Method)
        at java.util.concurrent.locks.LockSupport.parkNanos(LockSupport.java:215)
        at java.util.concurrent.locks.AbstractQueuedSynchronizer$ConditionObject.awaitNanos(AbstractQueuedSynchronizer.java:2078)
        at java.util.concurrent.ScheduledThreadPoolExecutor$DelayedWorkQueue.take(ScheduledThreadPoolExecutor.java:1093)
        at java.util.concurrent.ScheduledThreadPoolExecutor$DelayedWorkQueue.take(ScheduledThreadPoolExecutor.java:809)
        at java.util.concurrent.ThreadPoolExecutor.getTask(ThreadPoolExecutor.java:1074)
        at java.util.concurrent.ThreadPoolExecutor.runWorker(ThreadPoolExecutor.java:1134)
        at java.util.concurrent.ThreadPoolExecutor$Worker.run(ThreadPoolExecutor.java:624)
        at java.lang.Thread.run(Thread.java:748)
"IPC Server handler 14 on 9862" daemon prio=5 tid=142 timed_waiting
java.lang.Thread.State: TIMED_WAITING
        at sun.misc.Unsafe.park(Native Method)
        at java.util.concurrent.locks.LockSupport.parkNanos(LockSupport.java:215)
        at java.util.concurrent.locks.AbstractQueuedSynchronizer$ConditionObject.awaitNanos(AbstractQueuedSynchronizer.java:2078)
        at java.util.concurrent.LinkedBlockingQueue.poll(LinkedBlockingQueue.java:467)
        at org.apache.hadoop.ipc.CallQueueManager.take(CallQueueManager.java:288)
        at org.apache.hadoop.ipc.Server$Handler.run(Server.java:2668)
"qtp1565304866-181" daemon prio=5 tid=181 runnable
java.lang.Thread.State: RUNNABLE
        at sun.nio.ch.EPollArrayWrapper.epollWait(Native Method)
        at sun.nio.ch.EPollArrayWrapper.poll(EPollArrayWrapper.java:269)
        at sun.nio.ch.EPollSelectorImpl.doSelect(EPollSelectorImpl.java:93)
        at sun.nio.ch.SelectorImpl.lockAndDoSelect(SelectorImpl.java:86)
        at sun.nio.ch.SelectorImpl.select(SelectorImpl.java:97)
        at sun.nio.ch.SelectorImpl.select(SelectorImpl.java:101)
        at org.eclipse.jetty.io.ManagedSelector$SelectorProducer.select(ManagedSelector.java:472)
        at org.eclipse.jetty.io.ManagedSelector$SelectorProducer.produce(ManagedSelector.java:409)
        at org.eclipse.jetty.util.thread.strategy.EatWhatYouKill.produceTask(EatWhatYouKill.java:360)
        at org.eclipse.jetty.util.thread.strategy.EatWhatYouKill.doProduce(EatWhatYouKill.java:184)
        at org.eclipse.jetty.util.thread.strategy.EatWhatYouKill.tryProduce(EatWhatYouKill.java:171)
        at org.eclipse.jetty.util.thread.strategy.EatWhatYouKill.produce(EatWhatYouKill.java:135)
        at org.eclipse.jetty.io.ManagedSelector$$Lambda$72/1728066720.run(Unknown Source)
        at org.eclipse.jetty.util.thread.QueuedThreadPool.runJob(QueuedThreadPool.java:806)
        at org.eclipse.jetty.util.thread.QueuedThreadPool$Runner.run(QueuedThreadPool.java:938)
        at java.lang.Thread.run(Thread.java:748)
"Session-HouseKeeper-35c2b8b1-1"  prio=5 tid=103 timed_waiting
java.lang.Thread.State: TIMED_WAITING
        at sun.misc.Unsafe.park(Native Method)
        at java.util.concurrent.locks.LockSupport.parkNanos(LockSupport.java:215)
        at java.util.concurrent.locks.AbstractQueuedSynchronizer$ConditionObject.awaitNanos(AbstractQueuedSynchronizer.java:2078)
        at java.util.concurrent.ScheduledThreadPoolExecutor$DelayedWorkQueue.take(ScheduledThreadPoolExecutor.java:1093)
        at java.util.concurrent.ScheduledThreadPoolExecutor$DelayedWorkQueue.take(ScheduledThreadPoolExecutor.java:809)
        at java.util.concurrent.ThreadPoolExecutor.getTask(ThreadPoolExecutor.java:1074)
        at java.util.concurrent.ThreadPoolExecutor.runWorker(ThreadPoolExecutor.java:1134)
        at java.util.concurrent.ThreadPoolExecutor$Worker.run(ThreadPoolExecutor.java:624)
        at java.lang.Thread.run(Thread.java:748)


	at org.apache.hadoop.test.GenericTestUtils.waitFor(GenericTestUtils.java:225)
	at org.apache.hadoop.ozone.MiniOzoneClusterImpl.waitForClusterToBeReady(MiniOzoneClusterImpl.java:172)
	at org.apache.hadoop.ozone.om.TestOzoneManagerConfiguration.startCluster(TestOzoneManagerConfiguration.java:94)
	at org.apache.hadoop.ozone.om.TestOzoneManagerConfiguration.testDefaultPortIfNotSpecified(TestOzoneManagerConfiguration.java:135)
	at sun.reflect.NativeMethodAccessorImpl.invoke0(Native Method)
	at sun.reflect.NativeMethodAccessorImpl.invoke(NativeMethodAccessorImpl.java:62)
	at sun.reflect.DelegatingMethodAccessorImpl.invoke(DelegatingMethodAccessorImpl.java:43)
	at java.lang.reflect.Method.invoke(Method.java:498)
	at org.junit.runners.model.FrameworkMethod$1.runReflectiveCall(FrameworkMethod.java:47)
	at org.junit.internal.runners.model.ReflectiveCallable.run(ReflectiveCallable.java:12)
	at org.junit.runners.model.FrameworkMethod.invokeExplosively(FrameworkMethod.java:44)
	at org.junit.internal.runners.statements.InvokeMethod.evaluate(InvokeMethod.java:17)
	at org.junit.internal.runners.statements.RunBefores.evaluate(RunBefores.java:26)
	at org.junit.internal.runners.statements.RunAfters.evaluate(RunAfters.java:27)
	at org.junit.runners.ParentRunner.runLeaf(ParentRunner.java:271)
	at org.junit.runners.BlockJUnit4ClassRunner.runChild(BlockJUnit4ClassRunner.java:70)
	at org.junit.runners.BlockJUnit4ClassRunner.runChild(BlockJUnit4ClassRunner.java:50)
	at org.junit.runners.ParentRunner$3.run(ParentRunner.java:238)
	at org.junit.runners.ParentRunner$1.schedule(ParentRunner.java:63)
	at org.junit.runners.ParentRunner.runChildren(ParentRunner.java:236)
	at org.junit.runners.ParentRunner.access$000(ParentRunner.java:53)
	at org.junit.runners.ParentRunner$2.evaluate(ParentRunner.java:229)
	at org.junit.runners.ParentRunner.run(ParentRunner.java:309)
	at org.apache.maven.surefire.junit4.JUnit4Provider.execute(JUnit4Provider.java:365)
	at org.apache.maven.surefire.junit4.JUnit4Provider.executeWithRerun(JUnit4Provider.java:273)
	at org.apache.maven.surefire.junit4.JUnit4Provider.executeTestSet(JUnit4Provider.java:238)
	at org.apache.maven.surefire.junit4.JUnit4Provider.invoke(JUnit4Provider.java:159)
	at org.apache.maven.surefire.booter.ForkedBooter.invokeProviderInSameClassLoader(ForkedBooter.java:384)
	at org.apache.maven.surefire.booter.ForkedBooter.runSuitesInProcess(ForkedBooter.java:345)
	at org.apache.maven.surefire.booter.ForkedBooter.execute(ForkedBooter.java:126)
	at org.apache.maven.surefire.booter.ForkedBooter.main(ForkedBooter.java:418)
</error>
    <system-out><![CDATA[2020-04-28 14:36:34,200 [main] WARN  server.ServerUtils (ServerUtils.java:getDBPath(225)) - ozone.om.db.dirs is not configured. We recommend adding this setting. Falling back to ozone.metadata.dirs instead.
2020-04-28 14:36:34,269 [main] WARN  server.ServerUtils (ServerUtils.java:getScmDbDir(148)) - ozone.scm.db.dirs is not configured. We recommend adding this setting. Falling back to ozone.metadata.dirs instead.
2020-04-28 14:36:34,325 [main] WARN  server.ServerUtils (ServerUtils.java:getScmDbDir(148)) - ozone.scm.db.dirs is not configured. We recommend adding this setting. Falling back to ozone.metadata.dirs instead.
2020-04-28 14:36:34,449 [main] WARN  db.DBStoreBuilder (DBStoreBuilder.java:createDBStoreBuilder(277)) - ozone.scm.db.dirs is not configured. We recommend adding this setting. Falling back to ozone.metadata.dirs instead.
2020-04-28 14:36:34,598 [main] INFO  net.NodeSchemaLoader (NodeSchemaLoader.java:loadSchemaFromFile(126)) - Loading file from sun.misc.CompoundEnumeration@3c62f69a
2020-04-28 14:36:34,600 [main] INFO  net.NodeSchemaLoader (NodeSchemaLoader.java:loadSchema(172)) - Loading network topology layer schema file
2020-04-28 14:36:34,692 [main] WARN  server.ServerUtils (ServerUtils.java:sanitizeUserArgs(73)) - ozone.scm.stale.node.interval value = 300000 is larger than max = 100000 based on the key value of ozone.scm.heartbeat.thread.interval, reset to the max value 100000.
2020-04-28 14:36:34,693 [main] WARN  server.ServerUtils (ServerUtils.java:sanitizeUserArgs(73)) - ozone.scm.stale.node.interval value = 300000 is larger than max = 100000 based on the key value of ozone.scm.heartbeat.thread.interval, reset to the max value 100000.
2020-04-28 14:36:34,696 [main] INFO  node.SCMNodeManager (SCMNodeManager.java:<init>(116)) - Entering startup safe mode.
2020-04-28 14:36:34,820 [main] INFO  algorithms.ContainerPlacementPolicyFactory (ContainerPlacementPolicyFactory.java:getPolicy(60)) - Create container placement policy of type org.apache.hadoop.hdds.scm.container.placement.algorithms.SCMContainerPlacementRandom
2020-04-28 14:36:34,844 [main] INFO  pipeline.SCMPipelineManager (SCMPipelineManager.java:initializePipelineState(158)) - No pipeline exists in current db
2020-04-28 14:36:34,914 [main] INFO  safemode.HealthyPipelineSafeModeRule (HealthyPipelineSafeModeRule.java:<init>(89)) - Total pipeline count is 0, healthy pipeline threshold count is 0
2020-04-28 14:36:34,917 [main] INFO  safemode.OneReplicaPipelineSafeModeRule (OneReplicaPipelineSafeModeRule.java:<init>(79)) - Total pipeline count is 0, pipeline's with at least one datanode reported threshold count is 0
2020-04-28 14:36:34,961 [RatisPipelineUtilsThread] ERROR pipeline.SCMPipelineManager (SCMPipelineManager.java:createPipeline(222)) - Failed to create pipeline of type RATIS and factor ONE. Exception: Cannot create pipeline of factor 1 using 0 nodes. Used 0 nodes. Healthy nodes 0
2020-04-28 14:36:35,507 [main] INFO  ipc.CallQueueManager (CallQueueManager.java:<init>(84)) - Using callQueue: class java.util.concurrent.LinkedBlockingQueue, queueCapacity: 2000, scheduler: class org.apache.hadoop.ipc.DefaultRpcScheduler, ipcBackoff: false.
2020-04-28 14:36:35,552 [Socket Reader #1 for port 37155] INFO  ipc.Server (Server.java:run(1074)) - Starting Socket Reader #1 for port 37155
2020-04-28 14:36:35,608 [main] INFO  ipc.CallQueueManager (CallQueueManager.java:<init>(84)) - Using callQueue: class java.util.concurrent.LinkedBlockingQueue, queueCapacity: 2000, scheduler: class org.apache.hadoop.ipc.DefaultRpcScheduler, ipcBackoff: false.
2020-04-28 14:36:35,608 [Socket Reader #1 for port 46581] INFO  ipc.Server (Server.java:run(1074)) - Starting Socket Reader #1 for port 46581
2020-04-28 14:36:35,620 [main] INFO  ipc.CallQueueManager (CallQueueManager.java:<init>(84)) - Using callQueue: class java.util.concurrent.LinkedBlockingQueue, queueCapacity: 2000, scheduler: class org.apache.hadoop.ipc.DefaultRpcScheduler, ipcBackoff: false.
2020-04-28 14:36:35,621 [Socket Reader #1 for port 44693] INFO  ipc.Server (Server.java:run(1074)) - Starting Socket Reader #1 for port 44693
2020-04-28 14:36:35,648 [main] INFO  http.BaseHttpServer (BaseHttpServer.java:newHttpServer2BuilderForOzone(174)) - Starting Web-server for scm at: http://0.0.0.0:0
2020-04-28 14:36:35,701 [main] INFO  util.log (Log.java:initialized(169)) - Logging initialized @2946ms to org.eclipse.jetty.util.log.Slf4jLog
2020-04-28 14:36:35,903 [main] INFO  server.AuthenticationFilter (AuthenticationFilter.java:constructSecretProvider(240)) - Unable to initialize FileSignerSecretProvider, falling back to use random secrets.
2020-04-28 14:36:35,954 [main] WARN  http.HttpRequestLog (HttpRequestLog.java:getRequestLog(103)) - Jetty request log can only be enabled using Log4j
2020-04-28 14:36:35,960 [main] INFO  http.HttpServer2 (HttpServer2.java:addGlobalFilter(979)) - Added global filter 'safety' (class=org.apache.hadoop.hdds.server.http.HttpServer2$QuotingInputFilter)
2020-04-28 14:36:35,967 [main] INFO  http.HttpServer2 (HttpServer2.java:addFilter(955)) - Added filter static_user_filter (class=org.apache.hadoop.hdds.server.http.StaticUserWebFilter$StaticUserFilter) to context scm
2020-04-28 14:36:35,968 [main] INFO  http.HttpServer2 (HttpServer2.java:addFilter(963)) - Added filter static_user_filter (class=org.apache.hadoop.hdds.server.http.StaticUserWebFilter$StaticUserFilter) to context logs
2020-04-28 14:36:35,968 [main] INFO  http.HttpServer2 (HttpServer2.java:addFilter(963)) - Added filter static_user_filter (class=org.apache.hadoop.hdds.server.http.StaticUserWebFilter$StaticUserFilter) to context static
2020-04-28 14:36:36,045 [main] INFO  server.StorageContainerManager (StorageContainerManager.java:start(781)) - StorageContainerLocationProtocol RPC server is listening at /0.0.0.0:44693
2020-04-28 14:36:36,125 [main] WARN  impl.MetricsConfig (MetricsConfig.java:loadFirst(134)) - Cannot locate configuration: tried hadoop-metrics2-storagecontainermanager.properties,hadoop-metrics2.properties
2020-04-28 14:36:36,142 [main] INFO  impl.MetricsSystemImpl (MetricsSystemImpl.java:startTimer(374)) - Scheduled Metric snapshot period at 10 second(s).
2020-04-28 14:36:36,142 [main] INFO  impl.MetricsSystemImpl (MetricsSystemImpl.java:start(191)) - StorageContainerManager metrics system started
2020-04-28 14:36:36,575 [main] INFO  server.SCMClientProtocolServer (SCMClientProtocolServer.java:start(157)) - RPC server for Client  is listening at /0.0.0.0:44693
2020-04-28 14:36:36,575 [IPC Server Responder] INFO  ipc.Server (Server.java:run(1314)) - IPC Server Responder: starting
2020-04-28 14:36:36,577 [IPC Server listener on 44693] INFO  ipc.Server (Server.java:run(1153)) - IPC Server listener on 44693: starting
2020-04-28 14:36:36,583 [main] INFO  server.StorageContainerManager (StorageContainerManager.java:start(793)) - ScmBlockLocationProtocol RPC server is listening at /0.0.0.0:46581
2020-04-28 14:36:36,584 [main] INFO  server.SCMBlockProtocolServer (SCMBlockProtocolServer.java:start(149)) - RPC server for Block Protocol is listening at /0.0.0.0:46581
2020-04-28 14:36:36,585 [IPC Server Responder] INFO  ipc.Server (Server.java:run(1314)) - IPC Server Responder: starting
2020-04-28 14:36:36,585 [IPC Server listener on 46581] INFO  ipc.Server (Server.java:run(1153)) - IPC Server listener on 46581: starting
2020-04-28 14:36:36,589 [main] INFO  server.StorageContainerManager (StorageContainerManager.java:start(799)) - ScmDatanodeProtocl RPC server is listening at /0.0.0.0:37155
2020-04-28 14:36:36,589 [main] INFO  server.SCMDatanodeProtocolServer (SCMDatanodeProtocolServer.java:start(172)) - RPC server for DataNodes is listening at /0.0.0.0:37155
2020-04-28 14:36:36,590 [IPC Server Responder] INFO  ipc.Server (Server.java:run(1314)) - IPC Server Responder: starting
2020-04-28 14:36:36,590 [IPC Server listener on 37155] INFO  ipc.Server (Server.java:run(1153)) - IPC Server listener on 37155: starting
2020-04-28 14:36:36,594 [main] INFO  http.HttpServer2 (HttpServer2.java:bindListener(1197)) - Jetty bound to port 40805
2020-04-28 14:36:36,597 [main] INFO  server.Server (Server.java:doStart(359)) - jetty-9.4.26.v20200117; built: 2020-01-17T12:35:33.676Z; git: 7b38981d25d14afb4a12ff1f2596756144edf695; jvm 1.8.0_232-b09
2020-04-28 14:36:36,653 [main] INFO  server.session (DefaultSessionIdManager.java:doStart(333)) - DefaultSessionIdManager workerName=node0
2020-04-28 14:36:36,654 [main] INFO  server.session (DefaultSessionIdManager.java:doStart(338)) - No SessionScavenger set, using defaults
2020-04-28 14:36:36,660 [main] INFO  server.session (HouseKeeper.java:startScavenging(140)) - node0 Scavenging every 600000ms
2020-04-28 14:36:36,679 [main] INFO  handler.ContextHandler (ContextHandler.java:doStart(825)) - Started o.e.j.s.ServletContextHandler@3e1d79ad{logs,/logs,file:///github/workspace/mnt/ozone/hadoop-ozone/integration-test/target/log,AVAILABLE}
2020-04-28 14:36:36,681 [main] INFO  handler.ContextHandler (ContextHandler.java:doStart(825)) - Started o.e.j.s.ServletContextHandler@23c9da95{static,/static,file:///github/workspace/mnt/ozone/hadoop-ozone/integration-test/target/test-classes/webapps/static,AVAILABLE}
2020-04-28 14:36:36,755 [main] INFO  handler.ContextHandler (ContextHandler.java:doStart(825)) - Started o.e.j.w.WebAppContext@33bb8859{scm,/,file:///github/workspace/mnt/ozone/hadoop-ozone/integration-test/target/test-classes/webapps/scm/,AVAILABLE}{file:/github/workspace/mnt/ozone/hadoop-ozone/integration-test/target/test-classes/webapps/scm}
2020-04-28 14:36:36,770 [main] INFO  server.AbstractConnector (AbstractConnector.java:doStart(330)) - Started ServerConnector@69bdb27c{HTTP/1.1,[http/1.1]}{0.0.0.0:40805}
2020-04-28 14:36:36,770 [main] INFO  server.Server (Server.java:doStart(399)) - Started @4015ms
2020-04-28 14:36:36,774 [main] INFO  impl.MetricsSinkAdapter (MetricsSinkAdapter.java:start(204)) - Sink prometheus started
2020-04-28 14:36:36,774 [main] INFO  impl.MetricsSystemImpl (MetricsSystemImpl.java:registerSink(301)) - Registered sink prometheus
2020-04-28 14:36:36,786 [main] INFO  http.BaseHttpServer (BaseHttpServer.java:updateConnectorAddress(288)) - HTTP server of scm listening at http://0.0.0.0:40805
2020-04-28 14:36:36,795 [main] WARN  server.ServerUtils (ServerUtils.java:getDBPath(225)) - ozone.om.db.dirs is not configured. We recommend adding this setting. Falling back to ozone.metadata.dirs instead.
2020-04-28 14:36:36,808 [org.apache.hadoop.util.JvmPauseMonitor$Monitor@631f8c82] INFO  util.JvmPauseMonitor (JvmPauseMonitor.java:run(188)) - Starting JVM pause monitor
2020-04-28 14:36:36,946 [main] INFO  ha.OMHANodeDetails (OMHANodeDetails.java:loadOMHAConfig(104)) - ozone.om.internal.service.id is not defined, falling back to ozone.om.service.ids to find serviceID for OzoneManager if it is HA enabled cluster
2020-04-28 14:36:37,697 [main] INFO  ha.OMHANodeDetails (OMHANodeDetails.java:loadOMHAConfig(182)) - Found matching OM address with OMServiceId: service1, OMNodeId: omNode1, RPC Address: 0.0.0.0:9862 and Ratis port: 9872
2020-04-28 14:36:37,698 [main] INFO  ha.OMHANodeDetails (OMHANodeDetails.java:setOMNodeSpecificConfigs(315)) - Setting configuration key ozone.om.address with value of key ozone.om.address.omNode1: 0.0.0.0
2020-04-28 14:36:37,699 [main] WARN  server.ServerUtils (ServerUtils.java:getDBPath(225)) - ozone.om.db.dirs is not configured. We recommend adding this setting. Falling back to ozone.metadata.dirs instead.
2020-04-28 14:36:37,700 [main] WARN  server.ServerUtils (ServerUtils.java:getDBPath(225)) - ozone.om.db.dirs is not configured. We recommend adding this setting. Falling back to ozone.metadata.dirs instead.
2020-04-28 14:36:38,453 [main] WARN  server.ServerUtils (ServerUtils.java:getDBPath(225)) - ozone.om.db.dirs is not configured. We recommend adding this setting. Falling back to ozone.metadata.dirs instead.
2020-04-28 14:36:38,552 [main] INFO  metrics.MetricRegistries (MetricRegistriesLoader.java:load(64)) - Loaded MetricRegistries class org.apache.ratis.metrics.impl.MetricRegistriesImpl
2020-04-28 14:36:38,608 [main] WARN  server.ServerUtils (ServerUtils.java:getDefaultRatisDirectory(237)) - Storage directory for Ratis is not configured. It is a good idea to map this to an SSD disk. Falling back to ozone.metadata.dirs
2020-04-28 14:36:38,636 [main] INFO  Configuration.deprecation (Configuration.java:logDeprecation(1394)) - Possible loss of precision converting 500ms to SECONDS for ozone.om.leader.election.minimum.timeout.duration
2020-04-28 14:36:38,646 [main] INFO  ratis.OzoneManagerRatisServer (OzoneManagerRatisServer.java:<init>(266)) - Instantiating OM Ratis server with GroupID: service1 and Raft Peers: 0.0.0.0:9872, 122.0.0.122:9872
2020-04-28 14:36:38,663 [main] INFO  ratis.OzoneManagerStateMachine (OzoneManagerStateMachine.java:updateLastAppliedIndexWithSnaphsotIndex(513)) - LastAppliedIndex set from SnapShotInfo (t:0, i:~)
2020-04-28 14:36:38,689 [main] INFO  impl.RaftServerProxy (ConfUtils.java:logGet(44)) - raft.rpc.type = GRPC (default)
2020-04-28 14:36:38,799 [main] INFO  grpc.GrpcFactory (GrpcFactory.java:checkPooledByteBufAllocatorUseCacheForAllThreads(45)) - PERFORMANCE WARNING: useCacheForAllThreads is true that may cause Netty to create a lot garbage objects and, as a result, trigger GC.
	It is recommended to disable useCacheForAllThreads by setting -Dorg.apache.ratis.thirdparty.io.netty.allocator.useCacheForAllThreads=false in command line.
2020-04-28 14:36:38,804 [main] INFO  grpc.GrpcConfigKeys (ConfUtils.java:logGet(44)) - raft.grpc.server.port = 9872 (custom)
2020-04-28 14:36:38,805 [main] INFO  server.GrpcService (ConfUtils.java:logGet(44)) - raft.grpc.message.size.max = 33554432 (custom)
2020-04-28 14:36:38,807 [main] INFO  server.RaftServerConfigKeys (ConfUtils.java:logGet(44)) - raft.server.log.appender.buffer.byte-limit = 33554432 (custom)
2020-04-28 14:36:38,807 [main] INFO  server.GrpcService (ConfUtils.java:logGet(44)) - raft.grpc.flow.control.window = 1MB (=1048576) (default)
2020-04-28 14:36:38,808 [main] INFO  server.RaftServerConfigKeys (ConfUtils.java:logGet(44)) - raft.server.rpc.request.timeout = 3000ms (default)
2020-04-28 14:36:39,108 [main] INFO  server.RaftServerConfigKeys (ConfUtils.java:logGet(44)) - raft.server.storage.dir = [/github/workspace/mnt/ozone/hadoop-ozone/integration-test/target/test-dir/MiniOzoneClusterImpl-bcc7daa9-737a-4aaa-b298-78757390e1e5/ozone-meta/ratis] (custom)
2020-04-28 14:36:39,118 [main] INFO  impl.RaftServerProxy (RaftServerProxy.java:addNew(89)) - omNode1: addNew group-3464CFB7038B:[omNode2:122.0.0.122:9872, omNode1:0.0.0.0:9872] returns group-3464CFB7038B:java.util.concurrent.CompletableFuture@23bc357b[Not completed]
2020-04-28 14:36:39,122 [main] INFO  om.OzoneManager (OzoneManager.java:initializeRatisServer(1254)) - OzoneManager Ratis server initialized at port 9872
2020-04-28 14:36:39,122 [main] WARN  server.ServerUtils (ServerUtils.java:getDefaultRatisDirectory(237)) - Storage directory for Ratis is not configured. It is a good idea to map this to an SSD disk. Falling back to ozone.metadata.dirs
2020-04-28 14:36:39,122 [main] WARN  server.ServerUtils (ServerUtils.java:getDefaultRatisDirectory(237)) - Storage directory for Ratis is not configured. It is a good idea to map this to an SSD disk. Falling back to ozone.metadata.dirs
2020-04-28 14:36:39,126 [main] INFO  snapshot.OzoneManagerSnapshotProvider (OzoneManagerSnapshotProvider.java:<init>(81)) - Initializing OM Snapshot Provider
2020-04-28 14:36:39,148 [pool-24-thread-1] INFO  impl.RaftServerImpl (RaftServerImpl.java:<init>(97)) - omNode1: new RaftServerImpl for group-3464CFB7038B:[omNode2:122.0.0.122:9872, omNode1:0.0.0.0:9872] with OzoneManagerStateMachine:uninitialized
2020-04-28 14:36:39,167 [main] INFO  ipc.CallQueueManager (CallQueueManager.java:<init>(84)) - Using callQueue: class java.util.concurrent.LinkedBlockingQueue, queueCapacity: 2000, scheduler: class org.apache.hadoop.ipc.DefaultRpcScheduler, ipcBackoff: false.
2020-04-28 14:36:39,168 [Socket Reader #1 for port 9862] INFO  ipc.Server (Server.java:run(1074)) - Starting Socket Reader #1 for port 9862
2020-04-28 14:36:39,168 [pool-24-thread-1] INFO  server.RaftServerConfigKeys (ConfUtils.java:logGet(44)) - raft.server.rpc.timeout.min = 0s (custom)
2020-04-28 14:36:39,175 [pool-24-thread-1] INFO  server.RaftServerConfigKeys (ConfUtils.java:logGet(44)) - raft.server.rpc.timeout.max = 200ms (custom)
2020-04-28 14:36:39,175 [pool-24-thread-1] INFO  server.RaftServerConfigKeys (ConfUtils.java:logGet(44)) - raft.server.rpcslowness.timeout = 120s (custom)
2020-04-28 14:36:39,175 [pool-24-thread-1] INFO  server.RaftServerConfigKeys (ConfUtils.java:logGet(44)) - raft.server.sleep.deviation.threshold = 300 (default)
2020-04-28 14:36:39,176 [pool-24-thread-1] INFO  server.RaftServerConfigKeys (ConfUtils.java:logGet(44)) - raft.server.log.appender.install.snapshot.enabled = false (custom)
2020-04-28 14:36:39,198 [pool-24-thread-1] INFO  impl.RaftServerImpl (ServerState.java:<init>(103)) - omNode1@group-3464CFB7038B: ConfigurationManager, init=-1: [omNode2:122.0.0.122:9872, omNode1:0.0.0.0:9872], old=null, confs=<EMPTY_MAP>
2020-04-28 14:36:39,199 [pool-24-thread-1] INFO  server.RaftServerConfigKeys (ConfUtils.java:logGet(44)) - raft.server.storage.dir = [/github/workspace/mnt/ozone/hadoop-ozone/integration-test/target/test-dir/MiniOzoneClusterImpl-bcc7daa9-737a-4aaa-b298-78757390e1e5/ozone-meta/ratis] (custom)
2020-04-28 14:36:39,210 [pool-24-thread-1] INFO  server.RaftServerConfigKeys (ConfUtils.java:logGet(44)) - raft.server.log.corruption.policy = EXCEPTION (default)
2020-04-28 14:36:39,212 [pool-24-thread-1] INFO  storage.RaftStorageDirectory (RaftStorageDirectory.java:analyzeStorage(253)) - The storage directory /github/workspace/mnt/ozone/hadoop-ozone/integration-test/target/test-dir/MiniOzoneClusterImpl-bcc7daa9-737a-4aaa-b298-78757390e1e5/ozone-meta/ratis/0a39b2bb-8594-3d80-a4fe-3464cfb7038b does not exist. Creating ...
2020-04-28 14:36:39,222 [pool-24-thread-1] INFO  storage.RaftStorageDirectory (RaftStorageDirectory.java:tryLock(335)) - Lock on /github/workspace/mnt/ozone/hadoop-ozone/integration-test/target/test-dir/MiniOzoneClusterImpl-bcc7daa9-737a-4aaa-b298-78757390e1e5/ozone-meta/ratis/0a39b2bb-8594-3d80-a4fe-3464cfb7038b/in_use.lock acquired by nodename 31754@f0b7f6b472ee
2020-04-28 14:36:39,230 [pool-24-thread-1] INFO  storage.RaftStorage (RaftStorage.java:format(84)) - Storage directory /github/workspace/mnt/ozone/hadoop-ozone/integration-test/target/test-dir/MiniOzoneClusterImpl-bcc7daa9-737a-4aaa-b298-78757390e1e5/ozone-meta/ratis/0a39b2bb-8594-3d80-a4fe-3464cfb7038b has been successfully formatted.
2020-04-28 14:36:39,232 [pool-24-thread-1] INFO  server.RaftServerConfigKeys (ConfUtils.java:logGet(44)) - raft.server.notification.no-leader.timeout = 120s (custom)
2020-04-28 14:36:39,235 [pool-24-thread-1] INFO  server.RaftServerConfigKeys (ConfUtils.java:logGet(44)) - raft.server.log.use.memory = false (default)
2020-04-28 14:36:39,243 [pool-24-thread-1] INFO  server.RaftServerConfigKeys (ConfUtils.java:logGet(44)) - raft.server.log.purge.gap = 1000000 (custom)
2020-04-28 14:36:39,243 [pool-24-thread-1] INFO  server.RaftServerConfigKeys (ConfUtils.java:logGet(44)) - raft.server.log.appender.buffer.byte-limit = 33554432 (custom)
2020-04-28 14:36:39,245 [pool-24-thread-1] INFO  server.RaftServerConfigKeys (ConfUtils.java:logGet(44)) - raft.server.log.segment.size.max = 16384 (custom)
2020-04-28 14:36:39,252 [main] INFO  impl.MetricsSystemImpl (MetricsSystemImpl.java:init(158)) - OzoneManager metrics system started (again)
2020-04-28 14:36:39,255 [main] INFO  om.OzoneManager (OzoneManager.java:start(1113)) - OzoneManager RPC server is listening at /0.0.0.0:9862
2020-04-28 14:36:39,255 [main] INFO  ratis.OzoneManagerRatisServer (OzoneManagerRatisServer.java:start(356)) - Starting OzoneManagerRatisServer omNode1 at port 9872
2020-04-28 14:36:39,265 [pool-24-thread-1] INFO  metrics.RatisMetrics (RatisMetrics.java:lambda$create$0(39)) - Creating Metrics Registry : ratis.log_worker.omNode1
2020-04-28 14:36:39,289 [pool-24-thread-1] INFO  server.RaftServerConfigKeys (ConfUtils.java:logGet(44)) - raft.server.log.segment.cache.num.max = 2 (custom)
2020-04-28 14:36:39,298 [pool-24-thread-1] INFO  segmented.SegmentedRaftLogWorker (SegmentedRaftLogWorker.java:<init>(176)) - new omNode1@group-3464CFB7038B-SegmentedRaftLogWorker for RaftStorage:Storage Directory /github/workspace/mnt/ozone/hadoop-ozone/integration-test/target/test-dir/MiniOzoneClusterImpl-bcc7daa9-737a-4aaa-b298-78757390e1e5/ozone-meta/ratis/0a39b2bb-8594-3d80-a4fe-3464cfb7038b
2020-04-28 14:36:39,299 [pool-24-thread-1] INFO  server.RaftServerConfigKeys (ConfUtils.java:logGet(44)) - raft.server.log.queue.byte-limit = 64MB (=67108864) (default)
2020-04-28 14:36:39,300 [pool-24-thread-1] INFO  server.RaftServerConfigKeys (ConfUtils.java:logGet(44)) - raft.server.log.queue.element-limit = 4096 (default)
2020-04-28 14:36:39,302 [pool-24-thread-1] INFO  server.RaftServerConfigKeys (ConfUtils.java:logGet(44)) - raft.server.log.segment.size.max = 16384 (custom)
2020-04-28 14:36:39,303 [pool-24-thread-1] INFO  server.RaftServerConfigKeys (ConfUtils.java:logGet(44)) - raft.server.log.preallocated.size = 16384 (custom)
2020-04-28 14:36:39,303 [pool-24-thread-1] INFO  server.RaftServerConfigKeys (ConfUtils.java:logGet(44)) - raft.server.log.write.buffer.size = 64KB (=65536) (default)
2020-04-28 14:36:39,304 [pool-24-thread-1] INFO  server.RaftServerConfigKeys (ConfUtils.java:logGet(44)) - raft.server.log.force.sync.num = 128 (default)
2020-04-28 14:36:39,306 [pool-24-thread-1] INFO  server.RaftServerConfigKeys (ConfUtils.java:logGet(44)) - raft.server.log.statemachine.data.sync = true (default)
2020-04-28 14:36:39,307 [pool-24-thread-1] INFO  server.RaftServerConfigKeys (ConfUtils.java:logGet(44)) - raft.server.log.statemachine.data.sync.timeout = 10s (default)
2020-04-28 14:36:39,308 [pool-24-thread-1] INFO  server.RaftServerConfigKeys (ConfUtils.java:logGet(44)) - raft.server.log.statemachine.data.sync.timeout.retry = -1 (default)
2020-04-28 14:36:39,323 [pool-24-thread-1] INFO  server.RaftServerConfigKeys (ConfUtils.java:logGet(44)) - raft.server.log.statemachine.data.caching.enabled = false (default)
2020-04-28 14:36:39,329 [pool-24-thread-1] INFO  segmented.SegmentedRaftLogWorker (SegmentedRaftLogWorker.java:lambda$new$0(129)) - omNode1@group-3464CFB7038B-SegmentedRaftLogWorker: flushIndex: setUnconditionally 0 -> -1
2020-04-28 14:36:39,339 [pool-24-thread-1] INFO  server.RaftServerConfigKeys (ConfUtils.java:logGet(44)) - raft.server.snapshot.auto.trigger.enabled = true (custom)
2020-04-28 14:36:39,339 [pool-24-thread-1] INFO  server.RaftServerConfigKeys (ConfUtils.java:logGet(44)) - raft.server.snapshot.auto.trigger.threshold = 400000 (default)
2020-04-28 14:36:39,340 [pool-24-thread-1] INFO  server.RaftServerConfigKeys (ConfUtils.java:logGet(44)) - raft.server.snapshot.retention.file.num = -1 (default)
2020-04-28 14:36:39,341 [pool-24-thread-1] INFO  server.RaftServerConfigKeys (ConfUtils.java:logGet(44)) - raft.server.retrycache.expirytime = 600000ms (custom)
2020-04-28 14:36:39,379 [pool-24-thread-1] INFO  metrics.RatisMetrics (RatisMetrics.java:lambda$create$0(39)) - Creating Metrics Registry : ratis.leader_election.omNode1@group-3464CFB7038B
2020-04-28 14:36:39,382 [pool-24-thread-1] INFO  metrics.RatisMetrics (RatisMetrics.java:lambda$create$0(39)) - Creating Metrics Registry : ratis.server.omNode1@group-3464CFB7038B
2020-04-28 14:36:39,387 [main] INFO  impl.RaftServerImpl (RaftServerImpl.java:start(183)) - omNode1@group-3464CFB7038B: start as a follower, conf=-1: [omNode2:122.0.0.122:9872, omNode1:0.0.0.0:9872], old=null
2020-04-28 14:36:39,389 [main] INFO  impl.RaftServerImpl (RaftServerImpl.java:setRole(172)) - omNode1@group-3464CFB7038B: changes role from      null to FOLLOWER at term 0 for startAsFollower
2020-04-28 14:36:39,390 [main] INFO  impl.RoleInfo (RoleInfo.java:updateAndGet(143)) - omNode1: start FollowerState
2020-04-28 14:36:39,395 [main] INFO  util.JmxRegister (JmxRegister.java:tryRegister(44)) - Successfully registered JMX Bean with object name Ratis:service=RaftServer,group=group-3464CFB7038B,id=omNode1
2020-04-28 14:36:39,399 [main] INFO  metrics.RatisMetrics (RatisMetrics.java:lambda$create$0(39)) - Creating Metrics Registry : ratis.state_machine.omNode1@group-3464CFB7038B
2020-04-28 14:36:39,403 [main] INFO  impl.RaftServerProxy (RaftServerProxy.java:lambda$start$3(299)) - omNode1: start RPC server
2020-04-28 14:36:39,430 [Thread-99] INFO  impl.FollowerState (FollowerState.java:run(108)) - omNode1@group-3464CFB7038B-FollowerState: change to CANDIDATE, lastRpcTime:39ms, electionTimeout:28ms
2020-04-28 14:36:39,433 [Thread-99] INFO  impl.RoleInfo (RoleInfo.java:shutdownFollowerState(121)) - omNode1: shutdown FollowerState
2020-04-28 14:36:39,433 [Thread-99] INFO  impl.RaftServerImpl (RaftServerImpl.java:setRole(172)) - omNode1@group-3464CFB7038B: changes role from  FOLLOWER to CANDIDATE at term 0 for changeToCandidate
2020-04-28 14:36:39,436 [Thread-99] INFO  impl.RoleInfo (RoleInfo.java:updateAndGet(143)) - omNode1: start LeaderElection
2020-04-28 14:36:39,447 [omNode1@group-3464CFB7038B-LeaderElection1] INFO  impl.LeaderElection (LeaderElection.java:askForVotes(206)) - omNode1@group-3464CFB7038B-LeaderElection1: begin an election at term 1 for -1: [omNode2:122.0.0.122:9872, omNode1:0.0.0.0:9872], old=null
2020-04-28 14:36:39,514 [main] INFO  server.GrpcService (GrpcService.java:startImpl(159)) - omNode1: GrpcService started, listening on 0.0.0.0/0.0.0.0:9872
2020-04-28 14:36:39,518 [IPC Server Responder] INFO  ipc.Server (Server.java:run(1314)) - IPC Server Responder: starting
2020-04-28 14:36:39,522 [IPC Server listener on 9862] INFO  ipc.Server (Server.java:run(1153)) - IPC Server listener on 9862: starting
2020-04-28 14:36:39,570 [main] INFO  http.BaseHttpServer (BaseHttpServer.java:newHttpServer2BuilderForOzone(174)) - Starting Web-server for ozoneManager at: http://0.0.0.0:0
2020-04-28 14:36:39,571 [main] INFO  server.AuthenticationFilter (AuthenticationFilter.java:constructSecretProvider(240)) - Unable to initialize FileSignerSecretProvider, falling back to use random secrets.
2020-04-28 14:36:39,586 [main] WARN  http.HttpRequestLog (HttpRequestLog.java:getRequestLog(103)) - Jetty request log can only be enabled using Log4j
2020-04-28 14:36:39,587 [main] INFO  http.HttpServer2 (HttpServer2.java:addGlobalFilter(979)) - Added global filter 'safety' (class=org.apache.hadoop.hdds.server.http.HttpServer2$QuotingInputFilter)
2020-04-28 14:36:39,587 [main] INFO  http.HttpServer2 (HttpServer2.java:addFilter(955)) - Added filter static_user_filter (class=org.apache.hadoop.hdds.server.http.StaticUserWebFilter$StaticUserFilter) to context ozoneManager
2020-04-28 14:36:39,587 [main] INFO  http.HttpServer2 (HttpServer2.java:addFilter(963)) - Added filter static_user_filter (class=org.apache.hadoop.hdds.server.http.StaticUserWebFilter$StaticUserFilter) to context static
2020-04-28 14:36:39,587 [main] INFO  http.HttpServer2 (HttpServer2.java:addFilter(963)) - Added filter static_user_filter (class=org.apache.hadoop.hdds.server.http.StaticUserWebFilter$StaticUserFilter) to context logs
2020-04-28 14:36:39,590 [main] INFO  http.HttpServer2 (HttpServer2.java:bindListener(1197)) - Jetty bound to port 42239
2020-04-28 14:36:39,590 [main] INFO  server.Server (Server.java:doStart(359)) - jetty-9.4.26.v20200117; built: 2020-01-17T12:35:33.676Z; git: 7b38981d25d14afb4a12ff1f2596756144edf695; jvm 1.8.0_232-b09
2020-04-28 14:36:39,623 [main] INFO  server.session (DefaultSessionIdManager.java:doStart(333)) - DefaultSessionIdManager workerName=node0
2020-04-28 14:36:39,623 [main] INFO  server.session (DefaultSessionIdManager.java:doStart(338)) - No SessionScavenger set, using defaults
2020-04-28 14:36:39,623 [main] INFO  server.session (HouseKeeper.java:startScavenging(140)) - node0 Scavenging every 600000ms
2020-04-28 14:36:39,624 [main] INFO  handler.ContextHandler (ContextHandler.java:doStart(825)) - Started o.e.j.s.ServletContextHandler@52b9bcda{logs,/logs,file:///github/workspace/mnt/ozone/hadoop-ozone/integration-test/target/log,AVAILABLE}
2020-04-28 14:36:39,625 [main] INFO  handler.ContextHandler (ContextHandler.java:doStart(825)) - Started o.e.j.s.ServletContextHandler@49d068b0{static,/static,file:///github/workspace/mnt/ozone/hadoop-ozone/integration-test/target/test-classes/webapps/static,AVAILABLE}
2020-04-28 14:36:39,636 [main] INFO  handler.ContextHandler (ContextHandler.java:doStart(825)) - Started o.e.j.w.WebAppContext@671669a6{ozoneManager,/,file:///github/workspace/mnt/ozone/hadoop-ozone/integration-test/target/test-classes/webapps/ozoneManager/,AVAILABLE}{file:/github/workspace/mnt/ozone/hadoop-ozone/integration-test/target/test-classes/webapps/ozoneManager}
2020-04-28 14:36:39,642 [main] INFO  server.AbstractConnector (AbstractConnector.java:doStart(330)) - Started ServerConnector@d62634d{HTTP/1.1,[http/1.1]}{0.0.0.0:42239}
2020-04-28 14:36:39,642 [main] INFO  server.Server (Server.java:doStart(399)) - Started @6887ms
2020-04-28 14:36:39,642 [main] WARN  impl.MetricsSystemImpl (MetricsSystemImpl.java:register(276)) - Sink prometheus already exists!
2020-04-28 14:36:39,644 [omNode1@group-3464CFB7038B-LeaderElection1] INFO  impl.LeaderElection (LeaderElection.java:logAndReturn(61)) - omNode1@group-3464CFB7038B-LeaderElection1: Election TIMEOUT; received 0 response(s) [] and 0 exception(s); omNode1@group-3464CFB7038B:t1, leader=null, voted=omNode1, raftlog=omNode1@group-3464CFB7038B-SegmentedRaftLog:OPENED:c-1,f-1,i0, conf=-1: [omNode2:122.0.0.122:9872, omNode1:0.0.0.0:9872], old=null
2020-04-28 14:36:39,646 [omNode1@group-3464CFB7038B-LeaderElection1] INFO  impl.LeaderElection (LeaderElection.java:askForVotes(206)) - omNode1@group-3464CFB7038B-LeaderElection1: begin an election at term 2 for -1: [omNode2:122.0.0.122:9872, omNode1:0.0.0.0:9872], old=null
2020-04-28 14:36:39,651 [main] INFO  http.BaseHttpServer (BaseHttpServer.java:updateConnectorAddress(288)) - HTTP server of ozoneManager listening at http://0.0.0.0:42239
2020-04-28 14:36:39,656 [omNode1@group-3464CFB7038B-LeaderElection1] INFO  impl.LeaderElection (LeaderElection.java:logAndReturn(61)) - omNode1@group-3464CFB7038B-LeaderElection1: Election TIMEOUT; received 0 response(s) [] and 0 exception(s); omNode1@group-3464CFB7038B:t2, leader=null, voted=omNode1, raftlog=omNode1@group-3464CFB7038B-SegmentedRaftLog:OPENED:c-1,f-1,i0, conf=-1: [omNode2:122.0.0.122:9872, omNode1:0.0.0.0:9872], old=null
2020-04-28 14:36:39,664 [omNode1@group-3464CFB7038B-LeaderElection1] INFO  impl.LeaderElection (LeaderElection.java:askForVotes(206)) - omNode1@group-3464CFB7038B-LeaderElection1: begin an election at term 3 for -1: [omNode2:122.0.0.122:9872, omNode1:0.0.0.0:9872], old=null
2020-04-28 14:36:39,782 [omNode1@group-3464CFB7038B-LeaderElection1] INFO  impl.LeaderElection (LeaderElection.java:logAndReturn(61)) - omNode1@group-3464CFB7038B-LeaderElection1: Election TIMEOUT; received 0 response(s) [] and 0 exception(s); omNode1@group-3464CFB7038B:t3, leader=null, voted=omNode1, raftlog=omNode1@group-3464CFB7038B-SegmentedRaftLog:OPENED:c-1,f-1,i0, conf=-1: [omNode2:122.0.0.122:9872, omNode1:0.0.0.0:9872], old=null
2020-04-28 14:36:39,784 [omNode1@group-3464CFB7038B-LeaderElection1] INFO  impl.LeaderElection (LeaderElection.java:askForVotes(206)) - omNode1@group-3464CFB7038B-LeaderElection1: begin an election at term 4 for -1: [omNode2:122.0.0.122:9872, omNode1:0.0.0.0:9872], old=null
2020-04-28 14:36:39,882 [main] INFO  impl.MetricsSystemImpl (MetricsSystemImpl.java:init(158)) - HddsDatanode metrics system started (again)
2020-04-28 14:36:39,913 [omNode1@group-3464CFB7038B-LeaderElection1] INFO  impl.LeaderElection (LeaderElection.java:logAndReturn(61)) - omNode1@group-3464CFB7038B-LeaderElection1: Election TIMEOUT; received 0 response(s) [] and 0 exception(s); omNode1@group-3464CFB7038B:t4, leader=null, voted=omNode1, raftlog=omNode1@group-3464CFB7038B-SegmentedRaftLog:OPENED:c-1,f-1,i0, conf=-1: [omNode2:122.0.0.122:9872, omNode1:0.0.0.0:9872], old=null
2020-04-28 14:36:39,915 [omNode1@group-3464CFB7038B-LeaderElection1] INFO  impl.LeaderElection (LeaderElection.java:askForVotes(206)) - omNode1@group-3464CFB7038B-LeaderElection1: begin an election at term 5 for -1: [omNode2:122.0.0.122:9872, omNode1:0.0.0.0:9872], old=null
2020-04-28 14:36:39,959 [main] INFO  ozone.HddsDatanodeService (HddsDatanodeService.java:start(204)) - HddsDatanodeService host:f0b7f6b472ee ip:172.17.0.2
2020-04-28 14:36:39,989 [omNode1@group-3464CFB7038B-LeaderElection1] INFO  impl.LeaderElection (LeaderElection.java:logAndReturn(61)) - omNode1@group-3464CFB7038B-LeaderElection1: Election TIMEOUT; received 0 response(s) [] and 0 exception(s); omNode1@group-3464CFB7038B:t5, leader=null, voted=omNode1, raftlog=omNode1@group-3464CFB7038B-SegmentedRaftLog:OPENED:c-1,f-1,i0, conf=-1: [omNode2:122.0.0.122:9872, omNode1:0.0.0.0:9872], old=null
2020-04-28 14:36:39,991 [omNode1@group-3464CFB7038B-LeaderElection1] INFO  impl.LeaderElection (LeaderElection.java:askForVotes(206)) - omNode1@group-3464CFB7038B-LeaderElection1: begin an election at term 6 for -1: [omNode2:122.0.0.122:9872, omNode1:0.0.0.0:9872], old=null
2020-04-28 14:36:40,041 [main] INFO  volume.HddsVolume (HddsVolume.java:<init>(176)) - Creating Volume: /github/workspace/mnt/ozone/hadoop-ozone/integration-test/target/test-dir/MiniOzoneClusterImpl-bcc7daa9-737a-4aaa-b298-78757390e1e5/datanode-0/data-0/containers/hdds of storage type : DISK and capacity : 9223372036854775807
2020-04-28 14:36:40,043 [main] INFO  volume.MutableVolumeSet (MutableVolumeSet.java:initializeVolumeSet(189)) - Added Volume : /github/workspace/mnt/ozone/hadoop-ozone/integration-test/target/test-dir/MiniOzoneClusterImpl-bcc7daa9-737a-4aaa-b298-78757390e1e5/datanode-0/data-0/containers/hdds to VolumeSet
2020-04-28 14:36:40,048 [main] INFO  volume.ThrottledAsyncChecker (ThrottledAsyncChecker.java:schedule(141)) - Scheduling a check for /github/workspace/mnt/ozone/hadoop-ozone/integration-test/target/test-dir/MiniOzoneClusterImpl-bcc7daa9-737a-4aaa-b298-78757390e1e5/datanode-0/data-0/containers/hdds
2020-04-28 14:36:40,097 [main] INFO  volume.HddsVolumeChecker (HddsVolumeChecker.java:checkAllVolumes(200)) - Scheduled health check for volume /github/workspace/mnt/ozone/hadoop-ozone/integration-test/target/test-dir/MiniOzoneClusterImpl-bcc7daa9-737a-4aaa-b298-78757390e1e5/datanode-0/data-0/containers/hdds
2020-04-28 14:36:40,169 [omNode1@group-3464CFB7038B-LeaderElection1] INFO  impl.LeaderElection (LeaderElection.java:logAndReturn(61)) - omNode1@group-3464CFB7038B-LeaderElection1: Election TIMEOUT; received 0 response(s) [] and 0 exception(s); omNode1@group-3464CFB7038B:t6, leader=null, voted=omNode1, raftlog=omNode1@group-3464CFB7038B-SegmentedRaftLog:OPENED:c-1,f-1,i0, conf=-1: [omNode2:122.0.0.122:9872, omNode1:0.0.0.0:9872], old=null
2020-04-28 14:36:40,171 [omNode1@group-3464CFB7038B-LeaderElection1] INFO  impl.LeaderElection (LeaderElection.java:askForVotes(206)) - omNode1@group-3464CFB7038B-LeaderElection1: begin an election at term 7 for -1: [omNode2:122.0.0.122:9872, omNode1:0.0.0.0:9872], old=null
2020-04-28 14:36:40,262 [omNode1@group-3464CFB7038B-LeaderElection1] INFO  impl.LeaderElection (LeaderElection.java:logAndReturn(61)) - omNode1@group-3464CFB7038B-LeaderElection1: Election TIMEOUT; received 0 response(s) [] and 0 exception(s); omNode1@group-3464CFB7038B:t7, leader=null, voted=omNode1, raftlog=omNode1@group-3464CFB7038B-SegmentedRaftLog:OPENED:c-1,f-1,i0, conf=-1: [omNode2:122.0.0.122:9872, omNode1:0.0.0.0:9872], old=null
2020-04-28 14:36:40,264 [omNode1@group-3464CFB7038B-LeaderElection1] INFO  impl.LeaderElection (LeaderElection.java:askForVotes(206)) - omNode1@group-3464CFB7038B-LeaderElection1: begin an election at term 8 for -1: [omNode2:122.0.0.122:9872, omNode1:0.0.0.0:9872], old=null
2020-04-28 14:36:40,271 [main] INFO  impl.RaftServerProxy (ConfUtils.java:logGet(44)) - raft.rpc.type = GRPC (default)
2020-04-28 14:36:40,271 [main] INFO  grpc.GrpcFactory (GrpcFactory.java:checkPooledByteBufAllocatorUseCacheForAllThreads(45)) - PERFORMANCE WARNING: useCacheForAllThreads is true that may cause Netty to create a lot garbage objects and, as a result, trigger GC.
	It is recommended to disable useCacheForAllThreads by setting -Dorg.apache.ratis.thirdparty.io.netty.allocator.useCacheForAllThreads=false in command line.
2020-04-28 14:36:40,278 [main] INFO  grpc.GrpcConfigKeys (ConfUtils.java:logGet(44)) - raft.grpc.server.port = 0 (default)
2020-04-28 14:36:40,278 [main] INFO  server.GrpcService (ConfUtils.java:logGet(44)) - raft.grpc.message.size.max = 32MB (=33554432) (custom)
2020-04-28 14:36:40,278 [main] INFO  server.RaftServerConfigKeys (ConfUtils.java:logGet(44)) - raft.server.log.appender.buffer.byte-limit = 33554432 (custom)
2020-04-28 14:36:40,279 [main] INFO  server.GrpcService (ConfUtils.java:logGet(44)) - raft.grpc.flow.control.window = 5MB (=5242880) (custom)
2020-04-28 14:36:40,280 [main] INFO  server.RaftServerConfigKeys (ConfUtils.java:logGet(44)) - raft.server.rpc.request.timeout = 60s (custom)
2020-04-28 14:36:40,281 [main] INFO  server.RaftServerConfigKeys (ConfUtils.java:logGet(44)) - raft.server.storage.dir = [/github/workspace/mnt/ozone/hadoop-ozone/integration-test/target/test-dir/MiniOzoneClusterImpl-bcc7daa9-737a-4aaa-b298-78757390e1e5/datanode-0/data/ratis] (custom)
2020-04-28 14:36:40,355 [main] INFO  http.BaseHttpServer (BaseHttpServer.java:newHttpServer2BuilderForOzone(174)) - Starting Web-server for hddsDatanode at: http://0.0.0.0:0
2020-04-28 14:36:40,359 [main] INFO  server.AuthenticationFilter (AuthenticationFilter.java:constructSecretProvider(240)) - Unable to initialize FileSignerSecretProvider, falling back to use random secrets.
2020-04-28 14:36:40,360 [main] WARN  http.HttpRequestLog (HttpRequestLog.java:getRequestLog(103)) - Jetty request log can only be enabled using Log4j
2020-04-28 14:36:40,361 [main] INFO  http.HttpServer2 (HttpServer2.java:addGlobalFilter(979)) - Added global filter 'safety' (class=org.apache.hadoop.hdds.server.http.HttpServer2$QuotingInputFilter)
2020-04-28 14:36:40,362 [main] INFO  http.HttpServer2 (HttpServer2.java:addFilter(955)) - Added filter static_user_filter (class=org.apache.hadoop.hdds.server.http.StaticUserWebFilter$StaticUserFilter) to context hddsDatanode
2020-04-28 14:36:40,362 [main] INFO  http.HttpServer2 (HttpServer2.java:addFilter(963)) - Added filter static_user_filter (class=org.apache.hadoop.hdds.server.http.StaticUserWebFilter$StaticUserFilter) to context static
2020-04-28 14:36:40,362 [main] INFO  http.HttpServer2 (HttpServer2.java:addFilter(963)) - Added filter static_user_filter (class=org.apache.hadoop.hdds.server.http.StaticUserWebFilter$StaticUserFilter) to context logs
2020-04-28 14:36:40,362 [main] INFO  http.HttpServer2 (HttpServer2.java:bindListener(1197)) - Jetty bound to port 39609
2020-04-28 14:36:40,363 [main] INFO  server.Server (Server.java:doStart(359)) - jetty-9.4.26.v20200117; built: 2020-01-17T12:35:33.676Z; git: 7b38981d25d14afb4a12ff1f2596756144edf695; jvm 1.8.0_232-b09
2020-04-28 14:36:40,369 [main] INFO  server.session (DefaultSessionIdManager.java:doStart(333)) - DefaultSessionIdManager workerName=node0
2020-04-28 14:36:40,369 [main] INFO  server.session (DefaultSessionIdManager.java:doStart(338)) - No SessionScavenger set, using defaults
2020-04-28 14:36:40,369 [main] INFO  server.session (HouseKeeper.java:startScavenging(140)) - node0 Scavenging every 600000ms
2020-04-28 14:36:40,370 [main] INFO  handler.ContextHandler (ContextHandler.java:doStart(825)) - Started o.e.j.s.ServletContextHandler@21253afe{logs,/logs,file:///github/workspace/mnt/ozone/hadoop-ozone/integration-test/target/log,AVAILABLE}
2020-04-28 14:36:40,371 [main] INFO  handler.ContextHandler (ContextHandler.java:doStart(825)) - Started o.e.j.s.ServletContextHandler@473d26cb{static,/static,jar:file:/home/user/.m2/repository/org/apache/hadoop/hadoop-hdds-container-service/0.6.0-SNAPSHOT/hadoop-hdds-container-service-0.6.0-SNAPSHOT.jar!/webapps/static,AVAILABLE}
2020-04-28 14:36:40,385 [omNode1@group-3464CFB7038B-LeaderElection1] INFO  impl.LeaderElection (LeaderElection.java:logAndReturn(61)) - omNode1@group-3464CFB7038B-LeaderElection1: Election TIMEOUT; received 0 response(s) [] and 0 exception(s); omNode1@group-3464CFB7038B:t8, leader=null, voted=omNode1, raftlog=omNode1@group-3464CFB7038B-SegmentedRaftLog:OPENED:c-1,f-1,i0, conf=-1: [omNode2:122.0.0.122:9872, omNode1:0.0.0.0:9872], old=null
2020-04-28 14:36:40,386 [omNode1@group-3464CFB7038B-LeaderElection1] INFO  impl.LeaderElection (LeaderElection.java:askForVotes(206)) - omNode1@group-3464CFB7038B-LeaderElection1: begin an election at term 9 for -1: [omNode2:122.0.0.122:9872, omNode1:0.0.0.0:9872], old=null
2020-04-28 14:36:40,408 [main] INFO  handler.ContextHandler (ContextHandler.java:doStart(825)) - Started o.e.j.w.WebAppContext@13093132{hddsDatanode,/,file:///tmp/jetty-0_0_0_0-39609-hadoop-hdds-container-service-0_6_0-SNAPSHOT_jar-_-any-2385189762683359189.dir/webapp/,AVAILABLE}{jar:file:/home/user/.m2/repository/org/apache/hadoop/hadoop-hdds-container-service/0.6.0-SNAPSHOT/hadoop-hdds-container-service-0.6.0-SNAPSHOT.jar!/webapps/hddsDatanode}
2020-04-28 14:36:40,409 [main] INFO  server.AbstractConnector (AbstractConnector.java:doStart(330)) - Started ServerConnector@486c2cf7{HTTP/1.1,[http/1.1]}{0.0.0.0:39609}
2020-04-28 14:36:40,409 [main] INFO  server.Server (Server.java:doStart(399)) - Started @7654ms
2020-04-28 14:36:40,409 [main] WARN  impl.MetricsSystemImpl (MetricsSystemImpl.java:register(276)) - Sink prometheus already exists!
2020-04-28 14:36:40,414 [main] INFO  http.BaseHttpServer (BaseHttpServer.java:updateConnectorAddress(288)) - HTTP server of hddsDatanode listening at http://0.0.0.0:39609
2020-04-28 14:36:40,415 [main] INFO  impl.MetricsSystemImpl (MetricsSystemImpl.java:init(158)) - HddsDatanode metrics system started (again)
2020-04-28 14:36:40,417 [main] INFO  ozone.HddsDatanodeService (HddsDatanodeService.java:start(204)) - HddsDatanodeService host:f0b7f6b472ee ip:172.17.0.2
2020-04-28 14:36:40,419 [main] INFO  volume.HddsVolume (HddsVolume.java:<init>(176)) - Creating Volume: /github/workspace/mnt/ozone/hadoop-ozone/integration-test/target/test-dir/MiniOzoneClusterImpl-bcc7daa9-737a-4aaa-b298-78757390e1e5/datanode-1/data-0/containers/hdds of storage type : DISK and capacity : 9223372036854775807
2020-04-28 14:36:40,419 [main] INFO  volume.MutableVolumeSet (MutableVolumeSet.java:initializeVolumeSet(189)) - Added Volume : /github/workspace/mnt/ozone/hadoop-ozone/integration-test/target/test-dir/MiniOzoneClusterImpl-bcc7daa9-737a-4aaa-b298-78757390e1e5/datanode-1/data-0/containers/hdds to VolumeSet
2020-04-28 14:36:40,419 [main] INFO  volume.ThrottledAsyncChecker (ThrottledAsyncChecker.java:schedule(141)) - Scheduling a check for /github/workspace/mnt/ozone/hadoop-ozone/integration-test/target/test-dir/MiniOzoneClusterImpl-bcc7daa9-737a-4aaa-b298-78757390e1e5/datanode-1/data-0/containers/hdds
2020-04-28 14:36:40,420 [main] INFO  volume.HddsVolumeChecker (HddsVolumeChecker.java:checkAllVolumes(200)) - Scheduled health check for volume /github/workspace/mnt/ozone/hadoop-ozone/integration-test/target/test-dir/MiniOzoneClusterImpl-bcc7daa9-737a-4aaa-b298-78757390e1e5/datanode-1/data-0/containers/hdds
2020-04-28 14:36:40,429 [org.apache.hadoop.util.JvmPauseMonitor$Monitor@217fb19f] INFO  util.JvmPauseMonitor (JvmPauseMonitor.java:run(188)) - Starting JVM pause monitor
2020-04-28 14:36:40,455 [omNode1@group-3464CFB7038B-LeaderElection1] INFO  impl.LeaderElection (LeaderElection.java:logAndReturn(61)) - omNode1@group-3464CFB7038B-LeaderElection1: Election TIMEOUT; received 0 response(s) [] and 0 exception(s); omNode1@group-3464CFB7038B:t9, leader=null, voted=omNode1, raftlog=omNode1@group-3464CFB7038B-SegmentedRaftLog:OPENED:c-1,f-1,i0, conf=-1: [omNode2:122.0.0.122:9872, omNode1:0.0.0.0:9872], old=null
2020-04-28 14:36:40,456 [omNode1@group-3464CFB7038B-LeaderElection1] INFO  impl.LeaderElection (LeaderElection.java:askForVotes(206)) - omNode1@group-3464CFB7038B-LeaderElection1: begin an election at term 10 for -1: [omNode2:122.0.0.122:9872, omNode1:0.0.0.0:9872], old=null
2020-04-28 14:36:40,493 [main] INFO  impl.RaftServerProxy (ConfUtils.java:logGet(44)) - raft.rpc.type = GRPC (default)
2020-04-28 14:36:40,494 [main] INFO  grpc.GrpcFactory (GrpcFactory.java:checkPooledByteBufAllocatorUseCacheForAllThreads(45)) - PERFORMANCE WARNING: useCacheForAllThreads is true that may cause Netty to create a lot garbage objects and, as a result, trigger GC.
	It is recommended to disable useCacheForAllThreads by setting -Dorg.apache.ratis.thirdparty.io.netty.allocator.useCacheForAllThreads=false in command line.
2020-04-28 14:36:40,494 [main] INFO  grpc.GrpcConfigKeys (ConfUtils.java:logGet(44)) - raft.grpc.server.port = 0 (default)
2020-04-28 14:36:40,496 [main] INFO  server.GrpcService (ConfUtils.java:logGet(44)) - raft.grpc.message.size.max = 32MB (=33554432) (custom)
2020-04-28 14:36:40,496 [main] INFO  server.RaftServerConfigKeys (ConfUtils.java:logGet(44)) - raft.server.log.appender.buffer.byte-limit = 33554432 (custom)
2020-04-28 14:36:40,497 [main] INFO  server.GrpcService (ConfUtils.java:logGet(44)) - raft.grpc.flow.control.window = 5MB (=5242880) (custom)
2020-04-28 14:36:40,498 [main] INFO  server.RaftServerConfigKeys (ConfUtils.java:logGet(44)) - raft.server.rpc.request.timeout = 60s (custom)
2020-04-28 14:36:40,499 [main] INFO  server.RaftServerConfigKeys (ConfUtils.java:logGet(44)) - raft.server.storage.dir = [/github/workspace/mnt/ozone/hadoop-ozone/integration-test/target/test-dir/MiniOzoneClusterImpl-bcc7daa9-737a-4aaa-b298-78757390e1e5/datanode-1/data/ratis] (custom)
2020-04-28 14:36:40,512 [main] INFO  http.BaseHttpServer (BaseHttpServer.java:newHttpServer2BuilderForOzone(174)) - Starting Web-server for hddsDatanode at: http://0.0.0.0:0
2020-04-28 14:36:40,514 [omNode1@group-3464CFB7038B-LeaderElection1] INFO  impl.LeaderElection (LeaderElection.java:logAndReturn(61)) - omNode1@group-3464CFB7038B-LeaderElection1: Election TIMEOUT; received 0 response(s) [] and 0 exception(s); omNode1@group-3464CFB7038B:t10, leader=null, voted=omNode1, raftlog=omNode1@group-3464CFB7038B-SegmentedRaftLog:OPENED:c-1,f-1,i0, conf=-1: [omNode2:122.0.0.122:9872, omNode1:0.0.0.0:9872], old=null
2020-04-28 14:36:40,515 [omNode1@group-3464CFB7038B-LeaderElection1] INFO  impl.LeaderElection (LeaderElection.java:askForVotes(206)) - omNode1@group-3464CFB7038B-LeaderElection1: begin an election at term 11 for -1: [omNode2:122.0.0.122:9872, omNode1:0.0.0.0:9872], old=null
2020-04-28 14:36:40,516 [main] INFO  server.AuthenticationFilter (AuthenticationFilter.java:constructSecretProvider(240)) - Unable to initialize FileSignerSecretProvider, falling back to use random secrets.
2020-04-28 14:36:40,522 [main] WARN  http.HttpRequestLog (HttpRequestLog.java:getRequestLog(103)) - Jetty request log can only be enabled using Log4j
2020-04-28 14:36:40,524 [main] INFO  http.HttpServer2 (HttpServer2.java:addGlobalFilter(979)) - Added global filter 'safety' (class=org.apache.hadoop.hdds.server.http.HttpServer2$QuotingInputFilter)
2020-04-28 14:36:40,524 [main] INFO  http.HttpServer2 (HttpServer2.java:addFilter(955)) - Added filter static_user_filter (class=org.apache.hadoop.hdds.server.http.StaticUserWebFilter$StaticUserFilter) to context hddsDatanode
2020-04-28 14:36:40,524 [main] INFO  http.HttpServer2 (HttpServer2.java:addFilter(963)) - Added filter static_user_filter (class=org.apache.hadoop.hdds.server.http.StaticUserWebFilter$StaticUserFilter) to context logs
2020-04-28 14:36:40,524 [main] INFO  http.HttpServer2 (HttpServer2.java:addFilter(963)) - Added filter static_user_filter (class=org.apache.hadoop.hdds.server.http.StaticUserWebFilter$StaticUserFilter) to context static
2020-04-28 14:36:40,525 [main] INFO  http.HttpServer2 (HttpServer2.java:bindListener(1197)) - Jetty bound to port 46675
2020-04-28 14:36:40,525 [main] INFO  server.Server (Server.java:doStart(359)) - jetty-9.4.26.v20200117; built: 2020-01-17T12:35:33.676Z; git: 7b38981d25d14afb4a12ff1f2596756144edf695; jvm 1.8.0_232-b09
2020-04-28 14:36:40,529 [main] INFO  server.session (DefaultSessionIdManager.java:doStart(333)) - DefaultSessionIdManager workerName=node0
2020-04-28 14:36:40,530 [main] INFO  server.session (DefaultSessionIdManager.java:doStart(338)) - No SessionScavenger set, using defaults
2020-04-28 14:36:40,530 [main] INFO  server.session (HouseKeeper.java:startScavenging(140)) - node0 Scavenging every 660000ms
2020-04-28 14:36:40,532 [main] INFO  handler.ContextHandler (ContextHandler.java:doStart(825)) - Started o.e.j.s.ServletContextHandler@23f855df{logs,/logs,file:///github/workspace/mnt/ozone/hadoop-ozone/integration-test/target/log,AVAILABLE}
2020-04-28 14:36:40,533 [main] INFO  handler.ContextHandler (ContextHandler.java:doStart(825)) - Started o.e.j.s.ServletContextHandler@2632a96e{static,/static,jar:file:/home/user/.m2/repository/org/apache/hadoop/hadoop-hdds-container-service/0.6.0-SNAPSHOT/hadoop-hdds-container-service-0.6.0-SNAPSHOT.jar!/webapps/static,AVAILABLE}
2020-04-28 14:36:40,567 [main] INFO  handler.ContextHandler (ContextHandler.java:doStart(825)) - Started o.e.j.w.WebAppContext@4329ea29{hddsDatanode,/,file:///tmp/jetty-0_0_0_0-46675-hadoop-hdds-container-service-0_6_0-SNAPSHOT_jar-_-any-3530748745271421428.dir/webapp/,AVAILABLE}{jar:file:/home/user/.m2/repository/org/apache/hadoop/hadoop-hdds-container-service/0.6.0-SNAPSHOT/hadoop-hdds-container-service-0.6.0-SNAPSHOT.jar!/webapps/hddsDatanode}
2020-04-28 14:36:40,569 [main] INFO  server.AbstractConnector (AbstractConnector.java:doStart(330)) - Started ServerConnector@54a4d15f{HTTP/1.1,[http/1.1]}{0.0.0.0:46675}
2020-04-28 14:36:40,570 [main] INFO  server.Server (Server.java:doStart(399)) - Started @7814ms
2020-04-28 14:36:40,571 [main] WARN  impl.MetricsSystemImpl (MetricsSystemImpl.java:register(276)) - Sink prometheus already exists!
2020-04-28 14:36:40,575 [main] INFO  http.BaseHttpServer (BaseHttpServer.java:updateConnectorAddress(288)) - HTTP server of hddsDatanode listening at http://0.0.0.0:46675
2020-04-28 14:36:40,585 [main] INFO  impl.MetricsSystemImpl (MetricsSystemImpl.java:init(158)) - HddsDatanode metrics system started (again)
2020-04-28 14:36:40,586 [main] INFO  ozone.HddsDatanodeService (HddsDatanodeService.java:start(204)) - HddsDatanodeService host:f0b7f6b472ee ip:172.17.0.2
2020-04-28 14:36:40,601 [main] INFO  volume.HddsVolume (HddsVolume.java:<init>(176)) - Creating Volume: /github/workspace/mnt/ozone/hadoop-ozone/integration-test/target/test-dir/MiniOzoneClusterImpl-bcc7daa9-737a-4aaa-b298-78757390e1e5/datanode-2/data-0/containers/hdds of storage type : DISK and capacity : 9223372036854775807
2020-04-28 14:36:40,601 [main] INFO  volume.MutableVolumeSet (MutableVolumeSet.java:initializeVolumeSet(189)) - Added Volume : /github/workspace/mnt/ozone/hadoop-ozone/integration-test/target/test-dir/MiniOzoneClusterImpl-bcc7daa9-737a-4aaa-b298-78757390e1e5/datanode-2/data-0/containers/hdds to VolumeSet
2020-04-28 14:36:40,602 [main] INFO  volume.ThrottledAsyncChecker (ThrottledAsyncChecker.java:schedule(141)) - Scheduling a check for /github/workspace/mnt/ozone/hadoop-ozone/integration-test/target/test-dir/MiniOzoneClusterImpl-bcc7daa9-737a-4aaa-b298-78757390e1e5/datanode-2/data-0/containers/hdds
2020-04-28 14:36:40,609 [org.apache.hadoop.util.JvmPauseMonitor$Monitor@1a96ab69] INFO  util.JvmPauseMonitor (JvmPauseMonitor.java:run(188)) - Starting JVM pause monitor
2020-04-28 14:36:40,609 [main] INFO  volume.HddsVolumeChecker (HddsVolumeChecker.java:checkAllVolumes(200)) - Scheduled health check for volume /github/workspace/mnt/ozone/hadoop-ozone/integration-test/target/test-dir/MiniOzoneClusterImpl-bcc7daa9-737a-4aaa-b298-78757390e1e5/datanode-2/data-0/containers/hdds
2020-04-28 14:36:40,644 [main] INFO  impl.RaftServerProxy (ConfUtils.java:logGet(44)) - raft.rpc.type = GRPC (default)
2020-04-28 14:36:40,645 [main] INFO  grpc.GrpcFactory (GrpcFactory.java:checkPooledByteBufAllocatorUseCacheForAllThreads(45)) - PERFORMANCE WARNING: useCacheForAllThreads is true that may cause Netty to create a lot garbage objects and, as a result, trigger GC.
	It is recommended to disable useCacheForAllThreads by setting -Dorg.apache.ratis.thirdparty.io.netty.allocator.useCacheForAllThreads=false in command line.
2020-04-28 14:36:40,645 [main] INFO  grpc.GrpcConfigKeys (ConfUtils.java:logGet(44)) - raft.grpc.server.port = 0 (default)
2020-04-28 14:36:40,645 [main] INFO  server.GrpcService (ConfUtils.java:logGet(44)) - raft.grpc.message.size.max = 32MB (=33554432) (custom)
2020-04-28 14:36:40,645 [main] INFO  server.RaftServerConfigKeys (ConfUtils.java:logGet(44)) - raft.server.log.appender.buffer.byte-limit = 33554432 (custom)
2020-04-28 14:36:40,645 [main] INFO  server.GrpcService (ConfUtils.java:logGet(44)) - raft.grpc.flow.control.window = 5MB (=5242880) (custom)
2020-04-28 14:36:40,645 [main] INFO  server.RaftServerConfigKeys (ConfUtils.java:logGet(44)) - raft.server.rpc.request.timeout = 60s (custom)
2020-04-28 14:36:40,646 [main] INFO  server.RaftServerConfigKeys (ConfUtils.java:logGet(44)) - raft.server.storage.dir = [/github/workspace/mnt/ozone/hadoop-ozone/integration-test/target/test-dir/MiniOzoneClusterImpl-bcc7daa9-737a-4aaa-b298-78757390e1e5/datanode-2/data/ratis] (custom)
2020-04-28 14:36:40,655 [Datanode State Machine Thread - 0] INFO  datanode.InitDatanodeState (InitDatanodeState.java:persistContainerDatanodeDetails(145)) - DatanodeDetails is persisted to /github/workspace/mnt/ozone/hadoop-ozone/integration-test/target/test-dir/MiniOzoneClusterImpl-bcc7daa9-737a-4aaa-b298-78757390e1e5/datanode-1/meta/datanode.id
2020-04-28 14:36:40,655 [Datanode State Machine Thread - 0] INFO  datanode.InitDatanodeState (InitDatanodeState.java:persistContainerDatanodeDetails(145)) - DatanodeDetails is persisted to /github/workspace/mnt/ozone/hadoop-ozone/integration-test/target/test-dir/MiniOzoneClusterImpl-bcc7daa9-737a-4aaa-b298-78757390e1e5/datanode-0/meta/datanode.id
2020-04-28 14:36:40,656 [main] INFO  http.BaseHttpServer (BaseHttpServer.java:newHttpServer2BuilderForOzone(174)) - Starting Web-server for hddsDatanode at: http://0.0.0.0:0
2020-04-28 14:36:40,657 [main] INFO  server.AuthenticationFilter (AuthenticationFilter.java:constructSecretProvider(240)) - Unable to initialize FileSignerSecretProvider, falling back to use random secrets.
2020-04-28 14:36:40,665 [main] WARN  http.HttpRequestLog (HttpRequestLog.java:getRequestLog(103)) - Jetty request log can only be enabled using Log4j
2020-04-28 14:36:40,666 [main] INFO  http.HttpServer2 (HttpServer2.java:addGlobalFilter(979)) - Added global filter 'safety' (class=org.apache.hadoop.hdds.server.http.HttpServer2$QuotingInputFilter)
2020-04-28 14:36:40,667 [main] INFO  http.HttpServer2 (HttpServer2.java:addFilter(955)) - Added filter static_user_filter (class=org.apache.hadoop.hdds.server.http.StaticUserWebFilter$StaticUserFilter) to context hddsDatanode
2020-04-28 14:36:40,667 [main] INFO  http.HttpServer2 (HttpServer2.java:addFilter(963)) - Added filter static_user_filter (class=org.apache.hadoop.hdds.server.http.StaticUserWebFilter$StaticUserFilter) to context logs
2020-04-28 14:36:40,667 [main] INFO  http.HttpServer2 (HttpServer2.java:addFilter(963)) - Added filter static_user_filter (class=org.apache.hadoop.hdds.server.http.StaticUserWebFilter$StaticUserFilter) to context static
2020-04-28 14:36:40,668 [main] INFO  http.HttpServer2 (HttpServer2.java:bindListener(1197)) - Jetty bound to port 37745
2020-04-28 14:36:40,668 [main] INFO  server.Server (Server.java:doStart(359)) - jetty-9.4.26.v20200117; built: 2020-01-17T12:35:33.676Z; git: 7b38981d25d14afb4a12ff1f2596756144edf695; jvm 1.8.0_232-b09
2020-04-28 14:36:40,670 [main] INFO  server.session (DefaultSessionIdManager.java:doStart(333)) - DefaultSessionIdManager workerName=node0
2020-04-28 14:36:40,670 [main] INFO  server.session (DefaultSessionIdManager.java:doStart(338)) - No SessionScavenger set, using defaults
2020-04-28 14:36:40,670 [main] INFO  server.session (HouseKeeper.java:startScavenging(140)) - node0 Scavenging every 660000ms
2020-04-28 14:36:40,674 [main] INFO  handler.ContextHandler (ContextHandler.java:doStart(825)) - Started o.e.j.s.ServletContextHandler@610cc9af{logs,/logs,file:///github/workspace/mnt/ozone/hadoop-ozone/integration-test/target/log,AVAILABLE}
2020-04-28 14:36:40,674 [main] INFO  handler.ContextHandler (ContextHandler.java:doStart(825)) - Started o.e.j.s.ServletContextHandler@777546a{static,/static,jar:file:/home/user/.m2/repository/org/apache/hadoop/hadoop-hdds-container-service/0.6.0-SNAPSHOT/hadoop-hdds-container-service-0.6.0-SNAPSHOT.jar!/webapps/static,AVAILABLE}
2020-04-28 14:36:40,689 [omNode1@group-3464CFB7038B-LeaderElection1] INFO  impl.LeaderElection (LeaderElection.java:logAndReturn(61)) - omNode1@group-3464CFB7038B-LeaderElection1: Election TIMEOUT; received 0 response(s) [] and 0 exception(s); omNode1@group-3464CFB7038B:t11, leader=null, voted=omNode1, raftlog=omNode1@group-3464CFB7038B-SegmentedRaftLog:OPENED:c-1,f-1,i0, conf=-1: [omNode2:122.0.0.122:9872, omNode1:0.0.0.0:9872], old=null
2020-04-28 14:36:40,690 [omNode1@group-3464CFB7038B-LeaderElection1] INFO  impl.LeaderElection (LeaderElection.java:askForVotes(206)) - omNode1@group-3464CFB7038B-LeaderElection1: begin an election at term 12 for -1: [omNode2:122.0.0.122:9872, omNode1:0.0.0.0:9872], old=null
2020-04-28 14:36:40,704 [main] INFO  handler.ContextHandler (ContextHandler.java:doStart(825)) - Started o.e.j.w.WebAppContext@6af1c145{hddsDatanode,/,file:///tmp/jetty-0_0_0_0-37745-hadoop-hdds-container-service-0_6_0-SNAPSHOT_jar-_-any-7788809306138098650.dir/webapp/,AVAILABLE}{jar:file:/home/user/.m2/repository/org/apache/hadoop/hadoop-hdds-container-service/0.6.0-SNAPSHOT/hadoop-hdds-container-service-0.6.0-SNAPSHOT.jar!/webapps/hddsDatanode}
2020-04-28 14:36:40,706 [main] INFO  server.AbstractConnector (AbstractConnector.java:doStart(330)) - Started ServerConnector@72d99216{HTTP/1.1,[http/1.1]}{0.0.0.0:37745}
2020-04-28 14:36:40,706 [main] INFO  server.Server (Server.java:doStart(399)) - Started @7951ms
2020-04-28 14:36:40,706 [main] WARN  impl.MetricsSystemImpl (MetricsSystemImpl.java:register(276)) - Sink prometheus already exists!
2020-04-28 14:36:40,711 [main] INFO  http.BaseHttpServer (BaseHttpServer.java:updateConnectorAddress(288)) - HTTP server of hddsDatanode listening at http://0.0.0.0:37745
2020-04-28 14:36:40,713 [main] INFO  ozone.MiniOzoneClusterImpl (MiniOzoneClusterImpl.java:lambda$waitForClusterToBeReady$0(177)) - Waiting for nodes to be ready. Got 0 of 3 DN Heartbeats.
2020-04-28 14:36:40,713 [main] INFO  ozone.MiniOzoneClusterImpl (MiniOzoneClusterImpl.java:lambda$waitForClusterToBeReady$0(180)) - Waiting for cluster to exit safe mode
2020-04-28 14:36:40,718 [org.apache.hadoop.util.JvmPauseMonitor$Monitor@52921beb] INFO  util.JvmPauseMonitor (JvmPauseMonitor.java:run(188)) - Starting JVM pause monitor
2020-04-28 14:36:40,723 [Datanode State Machine Thread - 0] INFO  datanode.InitDatanodeState (InitDatanodeState.java:persistContainerDatanodeDetails(145)) - DatanodeDetails is persisted to /github/workspace/mnt/ozone/hadoop-ozone/integration-test/target/test-dir/MiniOzoneClusterImpl-bcc7daa9-737a-4aaa-b298-78757390e1e5/datanode-2/meta/datanode.id
2020-04-28 14:36:40,865 [omNode1@group-3464CFB7038B-LeaderElection1] INFO  impl.LeaderElection (LeaderElection.java:logAndReturn(61)) - omNode1@group-3464CFB7038B-LeaderElection1: Election TIMEOUT; received 0 response(s) [] and 0 exception(s); omNode1@group-3464CFB7038B:t12, leader=null, voted=omNode1, raftlog=omNode1@group-3464CFB7038B-SegmentedRaftLog:OPENED:c-1,f-1,i0, conf=-1: [omNode2:122.0.0.122:9872, omNode1:0.0.0.0:9872], old=null
2020-04-28 14:36:40,867 [omNode1@group-3464CFB7038B-LeaderElection1] INFO  impl.LeaderElection (LeaderElection.java:askForVotes(206)) - omNode1@group-3464CFB7038B-LeaderElection1: begin an election at term 13 for -1: [omNode2:122.0.0.122:9872, omNode1:0.0.0.0:9872], old=null
2020-04-28 14:36:40,882 [omNode1@group-3464CFB7038B-LeaderElection1] INFO  impl.LeaderElection (LeaderElection.java:logAndReturn(61)) - omNode1@group-3464CFB7038B-LeaderElection1: Election TIMEOUT; received 0 response(s) [] and 0 exception(s); omNode1@group-3464CFB7038B:t13, leader=null, voted=omNode1, raftlog=omNode1@group-3464CFB7038B-SegmentedRaftLog:OPENED:c-1,f-1,i0, conf=-1: [omNode2:122.0.0.122:9872, omNode1:0.0.0.0:9872], old=null
2020-04-28 14:36:40,884 [omNode1@group-3464CFB7038B-LeaderElection1] INFO  impl.LeaderElection (LeaderElection.java:askForVotes(206)) - omNode1@group-3464CFB7038B-LeaderElection1: begin an election at term 14 for -1: [omNode2:122.0.0.122:9872, omNode1:0.0.0.0:9872], old=null
2020-04-28 14:36:40,986 [omNode1@group-3464CFB7038B-LeaderElection1] INFO  impl.LeaderElection (LeaderElection.java:logAndReturn(61)) - omNode1@group-3464CFB7038B-LeaderElection1: Election TIMEOUT; received 0 response(s) [] and 0 exception(s); omNode1@group-3464CFB7038B:t14, leader=null, voted=omNode1, raftlog=omNode1@group-3464CFB7038B-SegmentedRaftLog:OPENED:c-1,f-1,i0, conf=-1: [omNode2:122.0.0.122:9872, omNode1:0.0.0.0:9872], old=null
2020-04-28 14:36:40,988 [omNode1@group-3464CFB7038B-LeaderElection1] INFO  impl.LeaderElection (LeaderElection.java:askForVotes(206)) - omNode1@group-3464CFB7038B-LeaderElection1: begin an election at term 15 for -1: [omNode2:122.0.0.122:9872, omNode1:0.0.0.0:9872], old=null
2020-04-28 14:36:41,137 [omNode1@group-3464CFB7038B-LeaderElection1] INFO  impl.LeaderElection (LeaderElection.java:logAndReturn(61)) - omNode1@group-3464CFB7038B-LeaderElection1: Election TIMEOUT; received 0 response(s) [] and 0 exception(s); omNode1@group-3464CFB7038B:t15, leader=null, voted=omNode1, raftlog=omNode1@group-3464CFB7038B-SegmentedRaftLog:OPENED:c-1,f-1,i0, conf=-1: [omNode2:122.0.0.122:9872, omNode1:0.0.0.0:9872], old=null
2020-04-28 14:36:41,139 [omNode1@group-3464CFB7038B-LeaderElection1] INFO  impl.LeaderElection (LeaderElection.java:askForVotes(206)) - omNode1@group-3464CFB7038B-LeaderElection1: begin an election at term 16 for -1: [omNode2:122.0.0.122:9872, omNode1:0.0.0.0:9872], old=null
2020-04-28 14:36:41,303 [omNode1@group-3464CFB7038B-LeaderElection1] INFO  impl.LeaderElection (LeaderElection.java:logAndReturn(61)) - omNode1@group-3464CFB7038B-LeaderElection1: Election TIMEOUT; received 0 response(s) [] and 0 exception(s); omNode1@group-3464CFB7038B:t16, leader=null, voted=omNode1, raftlog=omNode1@group-3464CFB7038B-SegmentedRaftLog:OPENED:c-1,f-1,i0, conf=-1: [omNode2:122.0.0.122:9872, omNode1:0.0.0.0:9872], old=null
2020-04-28 14:36:41,305 [omNode1@group-3464CFB7038B-LeaderElection1] INFO  impl.LeaderElection (LeaderElection.java:askForVotes(206)) - omNode1@group-3464CFB7038B-LeaderElection1: begin an election at term 17 for -1: [omNode2:122.0.0.122:9872, omNode1:0.0.0.0:9872], old=null
2020-04-28 14:36:41,495 [omNode1@group-3464CFB7038B-LeaderElection1] INFO  impl.LeaderElection (LeaderElection.java:logAndReturn(61)) - omNode1@group-3464CFB7038B-LeaderElection1: Election TIMEOUT; received 0 response(s) [] and 0 exception(s); omNode1@group-3464CFB7038B:t17, leader=null, voted=omNode1, raftlog=omNode1@group-3464CFB7038B-SegmentedRaftLog:OPENED:c-1,f-1,i0, conf=-1: [omNode2:122.0.0.122:9872, omNode1:0.0.0.0:9872], old=null
2020-04-28 14:36:41,497 [omNode1@group-3464CFB7038B-LeaderElection1] INFO  impl.LeaderElection (LeaderElection.java:askForVotes(206)) - omNode1@group-3464CFB7038B-LeaderElection1: begin an election at term 18 for -1: [omNode2:122.0.0.122:9872, omNode1:0.0.0.0:9872], old=null
2020-04-28 14:36:41,637 [omNode1@group-3464CFB7038B-LeaderElection1] INFO  impl.LeaderElection (LeaderElection.java:logAndReturn(61)) - omNode1@group-3464CFB7038B-LeaderElection1: Election TIMEOUT; received 0 response(s) [] and 0 exception(s); omNode1@group-3464CFB7038B:t18, leader=null, voted=omNode1, raftlog=omNode1@group-3464CFB7038B-SegmentedRaftLog:OPENED:c-1,f-1,i0, conf=-1: [omNode2:122.0.0.122:9872, omNode1:0.0.0.0:9872], old=null
2020-04-28 14:36:41,639 [omNode1@group-3464CFB7038B-LeaderElection1] INFO  impl.LeaderElection (LeaderElection.java:askForVotes(206)) - omNode1@group-3464CFB7038B-LeaderElection1: begin an election at term 19 for -1: [omNode2:122.0.0.122:9872, omNode1:0.0.0.0:9872], old=null
2020-04-28 14:36:41,714 [main] INFO  ozone.MiniOzoneClusterImpl (MiniOzoneClusterImpl.java:lambda$waitForClusterToBeReady$0(177)) - Waiting for nodes to be ready. Got 0 of 3 DN Heartbeats.
2020-04-28 14:36:41,714 [main] INFO  ozone.MiniOzoneClusterImpl (MiniOzoneClusterImpl.java:lambda$waitForClusterToBeReady$0(180)) - Waiting for cluster to exit safe mode
2020-04-28 14:36:41,792 [omNode1@group-3464CFB7038B-LeaderElection1] INFO  impl.LeaderElection (LeaderElection.java:logAndReturn(61)) - omNode1@group-3464CFB7038B-LeaderElection1: Election TIMEOUT; received 0 response(s) [] and 0 exception(s); omNode1@group-3464CFB7038B:t19, leader=null, voted=omNode1, raftlog=omNode1@group-3464CFB7038B-SegmentedRaftLog:OPENED:c-1,f-1,i0, conf=-1: [omNode2:122.0.0.122:9872, omNode1:0.0.0.0:9872], old=null
2020-04-28 14:36:41,794 [omNode1@group-3464CFB7038B-LeaderElection1] INFO  impl.LeaderElection (LeaderElection.java:askForVotes(206)) - omNode1@group-3464CFB7038B-LeaderElection1: begin an election at term 20 for -1: [omNode2:122.0.0.122:9872, omNode1:0.0.0.0:9872], old=null
2020-04-28 14:36:41,815 [omNode1@group-3464CFB7038B-LeaderElection1] INFO  impl.LeaderElection (LeaderElection.java:logAndReturn(61)) - omNode1@group-3464CFB7038B-LeaderElection1: Election TIMEOUT; received 0 response(s) [] and 0 exception(s); omNode1@group-3464CFB7038B:t20, leader=null, voted=omNode1, raftlog=omNode1@group-3464CFB7038B-SegmentedRaftLog:OPENED:c-1,f-1,i0, conf=-1: [omNode2:122.0.0.122:9872, omNode1:0.0.0.0:9872], old=null
2020-04-28 14:36:41,816 [omNode1@group-3464CFB7038B-LeaderElection1] INFO  impl.LeaderElection (LeaderElection.java:askForVotes(206)) - omNode1@group-3464CFB7038B-LeaderElection1: begin an election at term 21 for -1: [omNode2:122.0.0.122:9872, omNode1:0.0.0.0:9872], old=null
2020-04-28 14:36:41,989 [omNode1@group-3464CFB7038B-LeaderElection1] INFO  impl.LeaderElection (LeaderElection.java:logAndReturn(61)) - omNode1@group-3464CFB7038B-LeaderElection1: Election TIMEOUT; received 0 response(s) [] and 0 exception(s); omNode1@group-3464CFB7038B:t21, leader=null, voted=omNode1, raftlog=omNode1@group-3464CFB7038B-SegmentedRaftLog:OPENED:c-1,f-1,i0, conf=-1: [omNode2:122.0.0.122:9872, omNode1:0.0.0.0:9872], old=null
2020-04-28 14:36:41,991 [omNode1@group-3464CFB7038B-LeaderElection1] INFO  impl.LeaderElection (LeaderElection.java:askForVotes(206)) - omNode1@group-3464CFB7038B-LeaderElection1: begin an election at term 22 for -1: [omNode2:122.0.0.122:9872, omNode1:0.0.0.0:9872], old=null
2020-04-28 14:36:42,090 [omNode1@group-3464CFB7038B-LeaderElection1] INFO  impl.LeaderElection (LeaderElection.java:logAndReturn(61)) - omNode1@group-3464CFB7038B-LeaderElection1: Election TIMEOUT; received 0 response(s) [] and 0 exception(s); omNode1@group-3464CFB7038B:t22, leader=null, voted=omNode1, raftlog=omNode1@group-3464CFB7038B-SegmentedRaftLog:OPENED:c-1,f-1,i0, conf=-1: [omNode2:122.0.0.122:9872, omNode1:0.0.0.0:9872], old=null
2020-04-28 14:36:42,092 [omNode1@group-3464CFB7038B-LeaderElection1] INFO  impl.LeaderElection (LeaderElection.java:askForVotes(206)) - omNode1@group-3464CFB7038B-LeaderElection1: begin an election at term 23 for -1: [omNode2:122.0.0.122:9872, omNode1:0.0.0.0:9872], old=null
2020-04-28 14:36:42,257 [omNode1@group-3464CFB7038B-LeaderElection1] INFO  impl.LeaderElection (LeaderElection.java:logAndReturn(61)) - omNode1@group-3464CFB7038B-LeaderElection1: Election TIMEOUT; received 0 response(s) [] and 0 exception(s); omNode1@group-3464CFB7038B:t23, leader=null, voted=omNode1, raftlog=omNode1@group-3464CFB7038B-SegmentedRaftLog:OPENED:c-1,f-1,i0, conf=-1: [omNode2:122.0.0.122:9872, omNode1:0.0.0.0:9872], old=null
2020-04-28 14:36:42,259 [omNode1@group-3464CFB7038B-LeaderElection1] INFO  impl.LeaderElection (LeaderElection.java:askForVotes(206)) - omNode1@group-3464CFB7038B-LeaderElection1: begin an election at term 24 for -1: [omNode2:122.0.0.122:9872, omNode1:0.0.0.0:9872], old=null
2020-04-28 14:36:42,437 [omNode1@group-3464CFB7038B-LeaderElection1] INFO  impl.LeaderElection (LeaderElection.java:logAndReturn(61)) - omNode1@group-3464CFB7038B-LeaderElection1: Election TIMEOUT; received 0 response(s) [] and 0 exception(s); omNode1@group-3464CFB7038B:t24, leader=null, voted=omNode1, raftlog=omNode1@group-3464CFB7038B-SegmentedRaftLog:OPENED:c-1,f-1,i0, conf=-1: [omNode2:122.0.0.122:9872, omNode1:0.0.0.0:9872], old=null
2020-04-28 14:36:42,442 [omNode1@group-3464CFB7038B-LeaderElection1] INFO  impl.LeaderElection (LeaderElection.java:askForVotes(206)) - omNode1@group-3464CFB7038B-LeaderElection1: begin an election at term 25 for -1: [omNode2:122.0.0.122:9872, omNode1:0.0.0.0:9872], old=null
2020-04-28 14:36:42,504 [Datanode State Machine Thread - 0] INFO  ozoneimpl.OzoneContainer (OzoneContainer.java:start(232)) - Attempting to start container services.
2020-04-28 14:36:42,505 [Datanode State Machine Thread - 0] INFO  ozoneimpl.OzoneContainer (OzoneContainer.java:startContainerScrub(196)) - Background container scanner has been disabled.
2020-04-28 14:36:42,506 [Datanode State Machine Thread - 0] INFO  ratis.XceiverServerRatis (XceiverServerRatis.java:start(424)) - Starting XceiverServerRatis f48396e8-f861-4ea7-9d9a-a0d4272beba6 at port 0
2020-04-28 14:36:42,507 [Datanode State Machine Thread - 0] INFO  impl.RaftServerProxy (RaftServerProxy.java:lambda$start$3(299)) - f48396e8-f861-4ea7-9d9a-a0d4272beba6: start RPC server
2020-04-28 14:36:42,513 [Datanode State Machine Thread - 0] INFO  server.GrpcService (GrpcService.java:startImpl(159)) - f48396e8-f861-4ea7-9d9a-a0d4272beba6: GrpcService started, listening on 0.0.0.0/0.0.0.0:34957
2020-04-28 14:36:42,514 [Datanode State Machine Thread - 0] INFO  ratis.XceiverServerRatis (XceiverServerRatis.java:start(436)) - XceiverServerRatis f48396e8-f861-4ea7-9d9a-a0d4272beba6 is started using port 34957
2020-04-28 14:36:42,516 [Datanode State Machine Thread - 0] INFO  server.XceiverServerGrpc (XceiverServerGrpc.java:start(145)) - XceiverServerGrpc f48396e8-f861-4ea7-9d9a-a0d4272beba6 is started using port 37891
2020-04-28 14:36:42,608 [omNode1@group-3464CFB7038B-LeaderElection1] INFO  impl.LeaderElection (LeaderElection.java:logAndReturn(61)) - omNode1@group-3464CFB7038B-LeaderElection1: Election TIMEOUT; received 0 response(s) [] and 0 exception(s); omNode1@group-3464CFB7038B:t25, leader=null, voted=omNode1, raftlog=omNode1@group-3464CFB7038B-SegmentedRaftLog:OPENED:c-1,f-1,i0, conf=-1: [omNode2:122.0.0.122:9872, omNode1:0.0.0.0:9872], old=null
2020-04-28 14:36:42,610 [omNode1@group-3464CFB7038B-LeaderElection1] INFO  impl.LeaderElection (LeaderElection.java:askForVotes(206)) - omNode1@group-3464CFB7038B-LeaderElection1: begin an election at term 26 for -1: [omNode2:122.0.0.122:9872, omNode1:0.0.0.0:9872], old=null
2020-04-28 14:36:42,612 [Datanode State Machine Thread - 0] INFO  ozoneimpl.OzoneContainer (OzoneContainer.java:start(232)) - Attempting to start container services.
2020-04-28 14:36:42,614 [Datanode State Machine Thread - 0] INFO  ozoneimpl.OzoneContainer (OzoneContainer.java:startContainerScrub(196)) - Background container scanner has been disabled.
2020-04-28 14:36:42,614 [Datanode State Machine Thread - 0] INFO  ratis.XceiverServerRatis (XceiverServerRatis.java:start(424)) - Starting XceiverServerRatis b49cd372-011e-4c73-9cd9-f6b19e929270 at port 0
2020-04-28 14:36:42,615 [Datanode State Machine Thread - 0] INFO  impl.RaftServerProxy (RaftServerProxy.java:lambda$start$3(299)) - b49cd372-011e-4c73-9cd9-f6b19e929270: start RPC server
2020-04-28 14:36:42,619 [Datanode State Machine Thread - 0] INFO  server.GrpcService (GrpcService.java:startImpl(159)) - b49cd372-011e-4c73-9cd9-f6b19e929270: GrpcService started, listening on 0.0.0.0/0.0.0.0:39859
2020-04-28 14:36:42,619 [Datanode State Machine Thread - 0] INFO  ratis.XceiverServerRatis (XceiverServerRatis.java:start(436)) - XceiverServerRatis b49cd372-011e-4c73-9cd9-f6b19e929270 is started using port 39859
2020-04-28 14:36:42,620 [Datanode State Machine Thread - 0] INFO  server.XceiverServerGrpc (XceiverServerGrpc.java:start(145)) - XceiverServerGrpc b49cd372-011e-4c73-9cd9-f6b19e929270 is started using port 37783
2020-04-28 14:36:42,670 [omNode1@group-3464CFB7038B-LeaderElection1] INFO  impl.LeaderElection (LeaderElection.java:logAndReturn(61)) - omNode1@group-3464CFB7038B-LeaderElection1: Election TIMEOUT; received 0 response(s) [] and 0 exception(s); omNode1@group-3464CFB7038B:t26, leader=null, voted=omNode1, raftlog=omNode1@group-3464CFB7038B-SegmentedRaftLog:OPENED:c-1,f-1,i0, conf=-1: [omNode2:122.0.0.122:9872, omNode1:0.0.0.0:9872], old=null
2020-04-28 14:36:42,674 [omNode1@group-3464CFB7038B-LeaderElection1] INFO  impl.LeaderElection (LeaderElection.java:askForVotes(206)) - omNode1@group-3464CFB7038B-LeaderElection1: begin an election at term 27 for -1: [omNode2:122.0.0.122:9872, omNode1:0.0.0.0:9872], old=null
2020-04-28 14:36:42,714 [main] INFO  ozone.MiniOzoneClusterImpl (MiniOzoneClusterImpl.java:lambda$waitForClusterToBeReady$0(177)) - Waiting for nodes to be ready. Got 0 of 3 DN Heartbeats.
2020-04-28 14:36:42,714 [main] INFO  ozone.MiniOzoneClusterImpl (MiniOzoneClusterImpl.java:lambda$waitForClusterToBeReady$0(180)) - Waiting for cluster to exit safe mode
2020-04-28 14:36:42,732 [Datanode State Machine Thread - 0] INFO  ozoneimpl.OzoneContainer (OzoneContainer.java:start(232)) - Attempting to start container services.
2020-04-28 14:36:42,733 [Datanode State Machine Thread - 0] INFO  ozoneimpl.OzoneContainer (OzoneContainer.java:startContainerScrub(196)) - Background container scanner has been disabled.
2020-04-28 14:36:42,733 [Datanode State Machine Thread - 0] INFO  ratis.XceiverServerRatis (XceiverServerRatis.java:start(424)) - Starting XceiverServerRatis 049e6fea-8fea-4434-aaa3-5a2ab300f420 at port 0
2020-04-28 14:36:42,734 [Datanode State Machine Thread - 0] INFO  impl.RaftServerProxy (RaftServerProxy.java:lambda$start$3(299)) - 049e6fea-8fea-4434-aaa3-5a2ab300f420: start RPC server
2020-04-28 14:36:42,740 [Datanode State Machine Thread - 0] INFO  server.GrpcService (GrpcService.java:startImpl(159)) - 049e6fea-8fea-4434-aaa3-5a2ab300f420: GrpcService started, listening on 0.0.0.0/0.0.0.0:45965
2020-04-28 14:36:42,740 [Datanode State Machine Thread - 0] INFO  ratis.XceiverServerRatis (XceiverServerRatis.java:start(436)) - XceiverServerRatis 049e6fea-8fea-4434-aaa3-5a2ab300f420 is started using port 45965
2020-04-28 14:36:42,742 [Datanode State Machine Thread - 0] INFO  server.XceiverServerGrpc (XceiverServerGrpc.java:start(145)) - XceiverServerGrpc 049e6fea-8fea-4434-aaa3-5a2ab300f420 is started using port 43789
2020-04-28 14:36:42,776 [omNode1@group-3464CFB7038B-LeaderElection1] INFO  impl.LeaderElection (LeaderElection.java:logAndReturn(61)) - omNode1@group-3464CFB7038B-LeaderElection1: Election TIMEOUT; received 0 response(s) [] and 0 exception(s); omNode1@group-3464CFB7038B:t27, leader=null, voted=omNode1, raftlog=omNode1@group-3464CFB7038B-SegmentedRaftLog:OPENED:c-1,f-1,i0, conf=-1: [omNode2:122.0.0.122:9872, omNode1:0.0.0.0:9872], old=null
2020-04-28 14:36:42,778 [omNode1@group-3464CFB7038B-LeaderElection1] INFO  impl.LeaderElection (LeaderElection.java:askForVotes(206)) - omNode1@group-3464CFB7038B-LeaderElection1: begin an election at term 28 for -1: [omNode2:122.0.0.122:9872, omNode1:0.0.0.0:9872], old=null
2020-04-28 14:36:42,892 [omNode1@group-3464CFB7038B-LeaderElection1] INFO  impl.LeaderElection (LeaderElection.java:logAndReturn(61)) - omNode1@group-3464CFB7038B-LeaderElection1: Election TIMEOUT; received 0 response(s) [] and 0 exception(s); omNode1@group-3464CFB7038B:t28, leader=null, voted=omNode1, raftlog=omNode1@group-3464CFB7038B-SegmentedRaftLog:OPENED:c-1,f-1,i0, conf=-1: [omNode2:122.0.0.122:9872, omNode1:0.0.0.0:9872], old=null
2020-04-28 14:36:42,893 [omNode1@group-3464CFB7038B-LeaderElection1] INFO  impl.LeaderElection (LeaderElection.java:askForVotes(206)) - omNode1@group-3464CFB7038B-LeaderElection1: begin an election at term 29 for -1: [omNode2:122.0.0.122:9872, omNode1:0.0.0.0:9872], old=null
2020-04-28 14:36:43,094 [omNode1@group-3464CFB7038B-LeaderElection1] INFO  impl.LeaderElection (LeaderElection.java:logAndReturn(61)) - omNode1@group-3464CFB7038B-LeaderElection1: Election TIMEOUT; received 0 response(s) [] and 0 exception(s); omNode1@group-3464CFB7038B:t29, leader=null, voted=omNode1, raftlog=omNode1@group-3464CFB7038B-SegmentedRaftLog:OPENED:c-1,f-1,i0, conf=-1: [omNode2:122.0.0.122:9872, omNode1:0.0.0.0:9872], old=null
2020-04-28 14:36:43,096 [omNode1@group-3464CFB7038B-LeaderElection1] INFO  impl.LeaderElection (LeaderElection.java:askForVotes(206)) - omNode1@group-3464CFB7038B-LeaderElection1: begin an election at term 30 for -1: [omNode2:122.0.0.122:9872, omNode1:0.0.0.0:9872], old=null
2020-04-28 14:36:43,171 [omNode1@group-3464CFB7038B-LeaderElection1] INFO  impl.LeaderElection (LeaderElection.java:logAndReturn(61)) - omNode1@group-3464CFB7038B-LeaderElection1: Election TIMEOUT; received 0 response(s) [] and 0 exception(s); omNode1@group-3464CFB7038B:t30, leader=null, voted=omNode1, raftlog=omNode1@group-3464CFB7038B-SegmentedRaftLog:OPENED:c-1,f-1,i0, conf=-1: [omNode2:122.0.0.122:9872, omNode1:0.0.0.0:9872], old=null
2020-04-28 14:36:43,173 [omNode1@group-3464CFB7038B-LeaderElection1] INFO  impl.LeaderElection (LeaderElection.java:askForVotes(206)) - omNode1@group-3464CFB7038B-LeaderElection1: begin an election at term 31 for -1: [omNode2:122.0.0.122:9872, omNode1:0.0.0.0:9872], old=null
2020-04-28 14:36:43,247 [omNode1@group-3464CFB7038B-LeaderElection1] INFO  impl.LeaderElection (LeaderElection.java:logAndReturn(61)) - omNode1@group-3464CFB7038B-LeaderElection1: Election TIMEOUT; received 0 response(s) [] and 0 exception(s); omNode1@group-3464CFB7038B:t31, leader=null, voted=omNode1, raftlog=omNode1@group-3464CFB7038B-SegmentedRaftLog:OPENED:c-1,f-1,i0, conf=-1: [omNode2:122.0.0.122:9872, omNode1:0.0.0.0:9872], old=null
2020-04-28 14:36:43,248 [omNode1@group-3464CFB7038B-LeaderElection1] INFO  impl.LeaderElection (LeaderElection.java:askForVotes(206)) - omNode1@group-3464CFB7038B-LeaderElection1: begin an election at term 32 for -1: [omNode2:122.0.0.122:9872, omNode1:0.0.0.0:9872], old=null
2020-04-28 14:36:43,256 [omNode1@group-3464CFB7038B-LeaderElection1] INFO  impl.LeaderElection (LeaderElection.java:logAndReturn(61)) - omNode1@group-3464CFB7038B-LeaderElection1: Election TIMEOUT; received 0 response(s) [] and 0 exception(s); omNode1@group-3464CFB7038B:t32, leader=null, voted=omNode1, raftlog=omNode1@group-3464CFB7038B-SegmentedRaftLog:OPENED:c-1,f-1,i0, conf=-1: [omNode2:122.0.0.122:9872, omNode1:0.0.0.0:9872], old=null
2020-04-28 14:36:43,257 [omNode1@group-3464CFB7038B-LeaderElection1] INFO  impl.LeaderElection (LeaderElection.java:askForVotes(206)) - omNode1@group-3464CFB7038B-LeaderElection1: begin an election at term 33 for -1: [omNode2:122.0.0.122:9872, omNode1:0.0.0.0:9872], old=null
2020-04-28 14:36:43,369 [omNode1@group-3464CFB7038B-LeaderElection1] INFO  impl.LeaderElection (LeaderElection.java:logAndReturn(61)) - omNode1@group-3464CFB7038B-LeaderElection1: Election TIMEOUT; received 0 response(s) [] and 0 exception(s); omNode1@group-3464CFB7038B:t33, leader=null, voted=omNode1, raftlog=omNode1@group-3464CFB7038B-SegmentedRaftLog:OPENED:c-1,f-1,i0, conf=-1: [omNode2:122.0.0.122:9872, omNode1:0.0.0.0:9872], old=null
2020-04-28 14:36:43,371 [omNode1@group-3464CFB7038B-LeaderElection1] INFO  impl.LeaderElection (LeaderElection.java:askForVotes(206)) - omNode1@group-3464CFB7038B-LeaderElection1: begin an election at term 34 for -1: [omNode2:122.0.0.122:9872, omNode1:0.0.0.0:9872], old=null
2020-04-28 14:36:43,540 [omNode1@group-3464CFB7038B-LeaderElection1] INFO  impl.LeaderElection (LeaderElection.java:logAndReturn(61)) - omNode1@group-3464CFB7038B-LeaderElection1: Election TIMEOUT; received 0 response(s) [] and 0 exception(s); omNode1@group-3464CFB7038B:t34, leader=null, voted=omNode1, raftlog=omNode1@group-3464CFB7038B-SegmentedRaftLog:OPENED:c-1,f-1,i0, conf=-1: [omNode2:122.0.0.122:9872, omNode1:0.0.0.0:9872], old=null
2020-04-28 14:36:43,541 [omNode1@group-3464CFB7038B-LeaderElection1] INFO  impl.LeaderElection (LeaderElection.java:askForVotes(206)) - omNode1@group-3464CFB7038B-LeaderElection1: begin an election at term 35 for -1: [omNode2:122.0.0.122:9872, omNode1:0.0.0.0:9872], old=null
2020-04-28 14:36:43,715 [main] INFO  ozone.MiniOzoneClusterImpl (MiniOzoneClusterImpl.java:lambda$waitForClusterToBeReady$0(177)) - Waiting for nodes to be ready. Got 0 of 3 DN Heartbeats.
2020-04-28 14:36:43,715 [main] INFO  ozone.MiniOzoneClusterImpl (MiniOzoneClusterImpl.java:lambda$waitForClusterToBeReady$0(180)) - Waiting for cluster to exit safe mode
2020-04-28 14:36:43,731 [omNode1@group-3464CFB7038B-LeaderElection1] INFO  impl.LeaderElection (LeaderElection.java:logAndReturn(61)) - omNode1@group-3464CFB7038B-LeaderElection1: Election TIMEOUT; received 0 response(s) [] and 0 exception(s); omNode1@group-3464CFB7038B:t35, leader=null, voted=omNode1, raftlog=omNode1@group-3464CFB7038B-SegmentedRaftLog:OPENED:c-1,f-1,i0, conf=-1: [omNode2:122.0.0.122:9872, omNode1:0.0.0.0:9872], old=null
2020-04-28 14:36:43,734 [omNode1@group-3464CFB7038B-LeaderElection1] INFO  impl.LeaderElection (LeaderElection.java:askForVotes(206)) - omNode1@group-3464CFB7038B-LeaderElection1: begin an election at term 36 for -1: [omNode2:122.0.0.122:9872, omNode1:0.0.0.0:9872], old=null
2020-04-28 14:36:43,762 [omNode1@group-3464CFB7038B-LeaderElection1] INFO  impl.LeaderElection (LeaderElection.java:logAndReturn(61)) - omNode1@group-3464CFB7038B-LeaderElection1: Election TIMEOUT; received 0 response(s) [] and 0 exception(s); omNode1@group-3464CFB7038B:t36, leader=null, voted=omNode1, raftlog=omNode1@group-3464CFB7038B-SegmentedRaftLog:OPENED:c-1,f-1,i0, conf=-1: [omNode2:122.0.0.122:9872, omNode1:0.0.0.0:9872], old=null
2020-04-28 14:36:43,764 [omNode1@group-3464CFB7038B-LeaderElection1] INFO  impl.LeaderElection (LeaderElection.java:askForVotes(206)) - omNode1@group-3464CFB7038B-LeaderElection1: begin an election at term 37 for -1: [omNode2:122.0.0.122:9872, omNode1:0.0.0.0:9872], old=null
2020-04-28 14:36:43,890 [omNode1@group-3464CFB7038B-LeaderElection1] INFO  impl.LeaderElection (LeaderElection.java:logAndReturn(61)) - omNode1@group-3464CFB7038B-LeaderElection1: Election TIMEOUT; received 0 response(s) [] and 0 exception(s); omNode1@group-3464CFB7038B:t37, leader=null, voted=omNode1, raftlog=omNode1@group-3464CFB7038B-SegmentedRaftLog:OPENED:c-1,f-1,i0, conf=-1: [omNode2:122.0.0.122:9872, omNode1:0.0.0.0:9872], old=null
2020-04-28 14:36:43,892 [omNode1@group-3464CFB7038B-LeaderElection1] INFO  impl.LeaderElection (LeaderElection.java:askForVotes(206)) - omNode1@group-3464CFB7038B-LeaderElection1: begin an election at term 38 for -1: [omNode2:122.0.0.122:9872, omNode1:0.0.0.0:9872], old=null
2020-04-28 14:36:44,009 [omNode1@group-3464CFB7038B-LeaderElection1] INFO  impl.LeaderElection (LeaderElection.java:logAndReturn(61)) - omNode1@group-3464CFB7038B-LeaderElection1: Election TIMEOUT; received 0 response(s) [] and 0 exception(s); omNode1@group-3464CFB7038B:t38, leader=null, voted=omNode1, raftlog=omNode1@group-3464CFB7038B-SegmentedRaftLog:OPENED:c-1,f-1,i0, conf=-1: [omNode2:122.0.0.122:9872, omNode1:0.0.0.0:9872], old=null
2020-04-28 14:36:44,011 [omNode1@group-3464CFB7038B-LeaderElection1] INFO  impl.LeaderElection (LeaderElection.java:askForVotes(206)) - omNode1@group-3464CFB7038B-LeaderElection1: begin an election at term 39 for -1: [omNode2:122.0.0.122:9872, omNode1:0.0.0.0:9872], old=null
2020-04-28 14:36:44,206 [omNode1@group-3464CFB7038B-LeaderElection1] INFO  impl.LeaderElection (LeaderElection.java:logAndReturn(61)) - omNode1@group-3464CFB7038B-LeaderElection1: Election TIMEOUT; received 0 response(s) [] and 0 exception(s); omNode1@group-3464CFB7038B:t39, leader=null, voted=omNode1, raftlog=omNode1@group-3464CFB7038B-SegmentedRaftLog:OPENED:c-1,f-1,i0, conf=-1: [omNode2:122.0.0.122:9872, omNode1:0.0.0.0:9872], old=null
2020-04-28 14:36:44,207 [omNode1@group-3464CFB7038B-LeaderElection1] INFO  impl.LeaderElection (LeaderElection.java:askForVotes(206)) - omNode1@group-3464CFB7038B-LeaderElection1: begin an election at term 40 for -1: [omNode2:122.0.0.122:9872, omNode1:0.0.0.0:9872], old=null
2020-04-28 14:36:44,317 [omNode1@group-3464CFB7038B-LeaderElection1] INFO  impl.LeaderElection (LeaderElection.java:logAndReturn(61)) - omNode1@group-3464CFB7038B-LeaderElection1: Election TIMEOUT; received 0 response(s) [] and 0 exception(s); omNode1@group-3464CFB7038B:t40, leader=null, voted=omNode1, raftlog=omNode1@group-3464CFB7038B-SegmentedRaftLog:OPENED:c-1,f-1,i0, conf=-1: [omNode2:122.0.0.122:9872, omNode1:0.0.0.0:9872], old=null
2020-04-28 14:36:44,319 [omNode1@group-3464CFB7038B-LeaderElection1] INFO  impl.LeaderElection (LeaderElection.java:askForVotes(206)) - omNode1@group-3464CFB7038B-LeaderElection1: begin an election at term 41 for -1: [omNode2:122.0.0.122:9872, omNode1:0.0.0.0:9872], old=null
2020-04-28 14:36:44,452 [omNode1@group-3464CFB7038B-LeaderElection1] INFO  impl.LeaderElection (LeaderElection.java:logAndReturn(61)) - omNode1@group-3464CFB7038B-LeaderElection1: Election TIMEOUT; received 0 response(s) [] and 0 exception(s); omNode1@group-3464CFB7038B:t41, leader=null, voted=omNode1, raftlog=omNode1@group-3464CFB7038B-SegmentedRaftLog:OPENED:c-1,f-1,i0, conf=-1: [omNode2:122.0.0.122:9872, omNode1:0.0.0.0:9872], old=null
2020-04-28 14:36:44,454 [omNode1@group-3464CFB7038B-LeaderElection1] INFO  impl.LeaderElection (LeaderElection.java:askForVotes(206)) - omNode1@group-3464CFB7038B-LeaderElection1: begin an election at term 42 for -1: [omNode2:122.0.0.122:9872, omNode1:0.0.0.0:9872], old=null
2020-04-28 14:36:44,456 [IPC Server handler 2 on 37155] INFO  net.NetworkTopology (NetworkTopologyImpl.java:add(111)) - Added a new node: /default-rack/f48396e8-f861-4ea7-9d9a-a0d4272beba6
2020-04-28 14:36:44,456 [IPC Server handler 2 on 37155] INFO  node.SCMNodeManager (SCMNodeManager.java:register(268)) - Registered Data node : f48396e8-f861-4ea7-9d9a-a0d4272beba6{ip: 172.17.0.2, host: f0b7f6b472ee, networkLocation: /default-rack, certSerialId: null}
2020-04-28 14:36:44,460 [EventQueue-NodeRegistrationContainerReportForDataNodeSafeModeRule] INFO  safemode.SCMSafeModeManager (DataNodeSafeModeRule.java:process(71)) - SCM in safe mode. 1 DataNodes registered, 1 required.
2020-04-28 14:36:44,460 [EventQueue-NodeRegistrationContainerReportForDataNodeSafeModeRule] INFO  safemode.SCMSafeModeManager (SCMSafeModeManager.java:validateSafeModeExitRules(213)) - DataNodeSafeModeRule rule is successfully validated
2020-04-28 14:36:44,460 [EventQueue-NodeRegistrationContainerReportForDataNodeSafeModeRule] INFO  safemode.SCMSafeModeManager (SCMSafeModeManager.java:completePreCheck(241)) - All SCM safe mode pre check rules have passed
2020-04-28 14:36:44,464 [EventQueue-NodeRegistrationContainerReportForContainerSafeModeRule] INFO  safemode.SCMSafeModeManager (SCMSafeModeManager.java:validateSafeModeExitRules(213)) - ContainerSafeModeRule rule is successfully validated
2020-04-28 14:36:44,466 [RatisPipelineUtilsThread] INFO  pipeline.RatisPipelineProvider (RatisPipelineProvider.java:lambda$create$0(138)) - Sending CreatePipelineCommand for pipeline:PipelineID=3d0112b6-bb9d-4b4b-a67e-fbf1ff002355 to datanode:f48396e8-f861-4ea7-9d9a-a0d4272beba6
2020-04-28 14:36:44,474 [omNode1@group-3464CFB7038B-LeaderElection1] INFO  impl.LeaderElection (LeaderElection.java:logAndReturn(61)) - omNode1@group-3464CFB7038B-LeaderElection1: Election TIMEOUT; received 0 response(s) [] and 0 exception(s); omNode1@group-3464CFB7038B:t42, leader=null, voted=omNode1, raftlog=omNode1@group-3464CFB7038B-SegmentedRaftLog:OPENED:c-1,f-1,i0, conf=-1: [omNode2:122.0.0.122:9872, omNode1:0.0.0.0:9872], old=null
2020-04-28 14:36:44,476 [omNode1@group-3464CFB7038B-LeaderElection1] INFO  impl.LeaderElection (LeaderElection.java:askForVotes(206)) - omNode1@group-3464CFB7038B-LeaderElection1: begin an election at term 43 for -1: [omNode2:122.0.0.122:9872, omNode1:0.0.0.0:9872], old=null
2020-04-28 14:36:44,479 [RatisPipelineUtilsThread] INFO  pipeline.PipelineStateManager (PipelineStateManager.java:addPipeline(54)) - Created pipeline Pipeline[ Id: 3d0112b6-bb9d-4b4b-a67e-fbf1ff002355, Nodes: f48396e8-f861-4ea7-9d9a-a0d4272beba6{ip: 172.17.0.2, host: f0b7f6b472ee, networkLocation: /default-rack, certSerialId: null}, Type:RATIS, Factor:ONE, State:ALLOCATED, leaderId:null, CreationTimestamp2020-04-28T14:36:44.461Z]
2020-04-28 14:36:44,482 [RatisPipelineUtilsThread] ERROR pipeline.SCMPipelineManager (SCMPipelineManager.java:createPipeline(222)) - Failed to create pipeline of type RATIS and factor ONE. Exception: Cannot create pipeline of factor 1 using 0 nodes. Used 1 nodes. Healthy nodes 1
2020-04-28 14:36:44,482 [RatisPipelineUtilsThread] WARN  pipeline.PipelinePlacementPolicy (PipelinePlacementPolicy.java:filterViableNodes(132)) - Pipeline creation failed due to no sufficient healthy datanodes. Required 3. Found 1.
2020-04-28 14:36:44,482 [RatisPipelineUtilsThread] ERROR pipeline.SCMPipelineManager (SCMPipelineManager.java:createPipeline(222)) - Failed to create pipeline of type RATIS and factor THREE. Exception: Pipeline creation failed due to no sufficient healthy datanodes. Required 3. Found 1.
2020-04-28 14:36:44,580 [omNode1@group-3464CFB7038B-LeaderElection1] INFO  impl.LeaderElection (LeaderElection.java:logAndReturn(61)) - omNode1@group-3464CFB7038B-LeaderElection1: Election TIMEOUT; received 0 response(s) [] and 0 exception(s); omNode1@group-3464CFB7038B:t43, leader=null, voted=omNode1, raftlog=omNode1@group-3464CFB7038B-SegmentedRaftLog:OPENED:c-1,f-1,i0, conf=-1: [omNode2:122.0.0.122:9872, omNode1:0.0.0.0:9872], old=null
2020-04-28 14:36:44,581 [omNode1@group-3464CFB7038B-LeaderElection1] INFO  impl.LeaderElection (LeaderElection.java:askForVotes(206)) - omNode1@group-3464CFB7038B-LeaderElection1: begin an election at term 44 for -1: [omNode2:122.0.0.122:9872, omNode1:0.0.0.0:9872], old=null
2020-04-28 14:36:44,601 [omNode1@group-3464CFB7038B-LeaderElection1] INFO  impl.LeaderElection (LeaderElection.java:logAndReturn(61)) - omNode1@group-3464CFB7038B-LeaderElection1: Election TIMEOUT; received 0 response(s) [] and 0 exception(s); omNode1@group-3464CFB7038B:t44, leader=null, voted=omNode1, raftlog=omNode1@group-3464CFB7038B-SegmentedRaftLog:OPENED:c-1,f-1,i0, conf=-1: [omNode2:122.0.0.122:9872, omNode1:0.0.0.0:9872], old=null
2020-04-28 14:36:44,602 [omNode1@group-3464CFB7038B-LeaderElection1] INFO  impl.LeaderElection (LeaderElection.java:askForVotes(206)) - omNode1@group-3464CFB7038B-LeaderElection1: begin an election at term 45 for -1: [omNode2:122.0.0.122:9872, omNode1:0.0.0.0:9872], old=null
2020-04-28 14:36:44,610 [IPC Server handler 0 on 37155] INFO  net.NetworkTopology (NetworkTopologyImpl.java:add(111)) - Added a new node: /default-rack/b49cd372-011e-4c73-9cd9-f6b19e929270
2020-04-28 14:36:44,611 [IPC Server handler 0 on 37155] INFO  node.SCMNodeManager (SCMNodeManager.java:register(268)) - Registered Data node : b49cd372-011e-4c73-9cd9-f6b19e929270{ip: 172.17.0.2, host: f0b7f6b472ee, networkLocation: /default-rack, certSerialId: null}
2020-04-28 14:36:44,611 [EventQueue-NodeRegistrationContainerReportForDataNodeSafeModeRule] INFO  safemode.SCMSafeModeManager (SCMSafeModeManager.java:validateSafeModeExitRules(213)) - DataNodeSafeModeRule rule is successfully validated
2020-04-28 14:36:44,611 [EventQueue-NodeRegistrationContainerReportForContainerSafeModeRule] INFO  safemode.SCMSafeModeManager (SCMSafeModeManager.java:validateSafeModeExitRules(213)) - ContainerSafeModeRule rule is successfully validated
2020-04-28 14:36:44,747 [omNode1@group-3464CFB7038B-LeaderElection1] INFO  impl.LeaderElection (LeaderElection.java:logAndReturn(61)) - omNode1@group-3464CFB7038B-LeaderElection1: Election TIMEOUT; received 0 response(s) [] and 0 exception(s); omNode1@group-3464CFB7038B:t45, leader=null, voted=omNode1, raftlog=omNode1@group-3464CFB7038B-SegmentedRaftLog:OPENED:c-1,f-1,i0, conf=-1: [omNode2:122.0.0.122:9872, omNode1:0.0.0.0:9872], old=null
2020-04-28 14:36:44,748 [RatisPipelineUtilsThread] INFO  pipeline.RatisPipelineProvider (RatisPipelineProvider.java:lambda$create$0(138)) - Sending CreatePipelineCommand for pipeline:PipelineID=36de566f-329e-408e-addd-bb78ce42d49a to datanode:b49cd372-011e-4c73-9cd9-f6b19e929270
2020-04-28 14:36:44,748 [main] INFO  ozone.MiniOzoneClusterImpl (MiniOzoneClusterImpl.java:lambda$waitForClusterToBeReady$0(177)) - Waiting for nodes to be ready. Got 2 of 3 DN Heartbeats.
2020-04-28 14:36:44,748 [main] INFO  ozone.MiniOzoneClusterImpl (MiniOzoneClusterImpl.java:lambda$waitForClusterToBeReady$0(180)) - Waiting for cluster to exit safe mode
2020-04-28 14:36:44,749 [RatisPipelineUtilsThread] INFO  pipeline.PipelineStateManager (PipelineStateManager.java:addPipeline(54)) - Created pipeline Pipeline[ Id: 36de566f-329e-408e-addd-bb78ce42d49a, Nodes: b49cd372-011e-4c73-9cd9-f6b19e929270{ip: 172.17.0.2, host: f0b7f6b472ee, networkLocation: /default-rack, certSerialId: null}, Type:RATIS, Factor:ONE, State:ALLOCATED, leaderId:null, CreationTimestamp2020-04-28T14:36:44.748Z]
2020-04-28 14:36:44,750 [RatisPipelineUtilsThread] ERROR pipeline.SCMPipelineManager (SCMPipelineManager.java:createPipeline(222)) - Failed to create pipeline of type RATIS and factor ONE. Exception: Cannot create pipeline of factor 1 using 0 nodes. Used 2 nodes. Healthy nodes 2
2020-04-28 14:36:44,753 [RatisPipelineUtilsThread] WARN  pipeline.PipelinePlacementPolicy (PipelinePlacementPolicy.java:filterViableNodes(132)) - Pipeline creation failed due to no sufficient healthy datanodes. Required 3. Found 2.
2020-04-28 14:36:44,752 [omNode1@group-3464CFB7038B-LeaderElection1] INFO  impl.LeaderElection (LeaderElection.java:askForVotes(206)) - omNode1@group-3464CFB7038B-LeaderElection1: begin an election at term 46 for -1: [omNode2:122.0.0.122:9872, omNode1:0.0.0.0:9872], old=null
2020-04-28 14:36:44,753 [IPC Server handler 2 on 37155] INFO  net.NetworkTopology (NetworkTopologyImpl.java:add(111)) - Added a new node: /default-rack/049e6fea-8fea-4434-aaa3-5a2ab300f420
2020-04-28 14:36:44,756 [IPC Server handler 2 on 37155] INFO  node.SCMNodeManager (SCMNodeManager.java:register(268)) - Registered Data node : 049e6fea-8fea-4434-aaa3-5a2ab300f420{ip: 172.17.0.2, host: f0b7f6b472ee, networkLocation: /default-rack, certSerialId: null}
2020-04-28 14:36:44,757 [EventQueue-NodeRegistrationContainerReportForDataNodeSafeModeRule] INFO  safemode.SCMSafeModeManager (SCMSafeModeManager.java:validateSafeModeExitRules(213)) - DataNodeSafeModeRule rule is successfully validated
2020-04-28 14:36:44,757 [EventQueue-NodeRegistrationContainerReportForContainerSafeModeRule] INFO  safemode.SCMSafeModeManager (SCMSafeModeManager.java:validateSafeModeExitRules(213)) - ContainerSafeModeRule rule is successfully validated
2020-04-28 14:36:44,758 [RatisPipelineUtilsThread] ERROR pipeline.SCMPipelineManager (SCMPipelineManager.java:createPipeline(222)) - Failed to create pipeline of type RATIS and factor THREE. Exception: Pipeline creation failed due to no sufficient healthy datanodes. Required 3. Found 2.
2020-04-28 14:36:44,768 [omNode1@group-3464CFB7038B-LeaderElection1] INFO  impl.LeaderElection (LeaderElection.java:logAndReturn(61)) - omNode1@group-3464CFB7038B-LeaderElection1: Election TIMEOUT; received 0 response(s) [] and 0 exception(s); omNode1@group-3464CFB7038B:t46, leader=null, voted=omNode1, raftlog=omNode1@group-3464CFB7038B-SegmentedRaftLog:OPENED:c-1,f-1,i0, conf=-1: [omNode2:122.0.0.122:9872, omNode1:0.0.0.0:9872], old=null
2020-04-28 14:36:44,769 [omNode1@group-3464CFB7038B-LeaderElection1] INFO  impl.LeaderElection (LeaderElection.java:askForVotes(206)) - omNode1@group-3464CFB7038B-LeaderElection1: begin an election at term 47 for -1: [omNode2:122.0.0.122:9872, omNode1:0.0.0.0:9872], old=null
2020-04-28 14:36:44,836 [omNode1@group-3464CFB7038B-LeaderElection1] INFO  impl.LeaderElection (LeaderElection.java:logAndReturn(61)) - omNode1@group-3464CFB7038B-LeaderElection1: Election TIMEOUT; received 0 response(s) [] and 0 exception(s); omNode1@group-3464CFB7038B:t47, leader=null, voted=omNode1, raftlog=omNode1@group-3464CFB7038B-SegmentedRaftLog:OPENED:c-1,f-1,i0, conf=-1: [omNode2:122.0.0.122:9872, omNode1:0.0.0.0:9872], old=null
2020-04-28 14:36:44,837 [omNode1@group-3464CFB7038B-LeaderElection1] INFO  impl.LeaderElection (LeaderElection.java:askForVotes(206)) - omNode1@group-3464CFB7038B-LeaderElection1: begin an election at term 48 for -1: [omNode2:122.0.0.122:9872, omNode1:0.0.0.0:9872], old=null
2020-04-28 14:36:44,883 [omNode1@group-3464CFB7038B-LeaderElection1] INFO  impl.LeaderElection (LeaderElection.java:logAndReturn(61)) - omNode1@group-3464CFB7038B-LeaderElection1: Election TIMEOUT; received 0 response(s) [] and 0 exception(s); omNode1@group-3464CFB7038B:t48, leader=null, voted=omNode1, raftlog=omNode1@group-3464CFB7038B-SegmentedRaftLog:OPENED:c-1,f-1,i0, conf=-1: [omNode2:122.0.0.122:9872, omNode1:0.0.0.0:9872], old=null
2020-04-28 14:36:44,884 [omNode1@group-3464CFB7038B-LeaderElection1] INFO  impl.LeaderElection (LeaderElection.java:askForVotes(206)) - omNode1@group-3464CFB7038B-LeaderElection1: begin an election at term 49 for -1: [omNode2:122.0.0.122:9872, omNode1:0.0.0.0:9872], old=null
2020-04-28 14:36:44,960 [omNode1@group-3464CFB7038B-LeaderElection1] INFO  impl.LeaderElection (LeaderElection.java:logAndReturn(61)) - omNode1@group-3464CFB7038B-LeaderElection1: Election TIMEOUT; received 0 response(s) [] and 0 exception(s); omNode1@group-3464CFB7038B:t49, leader=null, voted=omNode1, raftlog=omNode1@group-3464CFB7038B-SegmentedRaftLog:OPENED:c-1,f-1,i0, conf=-1: [omNode2:122.0.0.122:9872, omNode1:0.0.0.0:9872], old=null
2020-04-28 14:36:44,962 [omNode1@group-3464CFB7038B-LeaderElection1] INFO  impl.LeaderElection (LeaderElection.java:askForVotes(206)) - omNode1@group-3464CFB7038B-LeaderElection1: begin an election at term 50 for -1: [omNode2:122.0.0.122:9872, omNode1:0.0.0.0:9872], old=null
2020-04-28 14:36:45,088 [omNode1@group-3464CFB7038B-LeaderElection1] INFO  impl.LeaderElection (LeaderElection.java:logAndReturn(61)) - omNode1@group-3464CFB7038B-LeaderElection1: Election TIMEOUT; received 0 response(s) [] and 0 exception(s); omNode1@group-3464CFB7038B:t50, leader=null, voted=omNode1, raftlog=omNode1@group-3464CFB7038B-SegmentedRaftLog:OPENED:c-1,f-1,i0, conf=-1: [omNode2:122.0.0.122:9872, omNode1:0.0.0.0:9872], old=null
2020-04-28 14:36:45,090 [omNode1@group-3464CFB7038B-LeaderElection1] INFO  impl.LeaderElection (LeaderElection.java:askForVotes(206)) - omNode1@group-3464CFB7038B-LeaderElection1: begin an election at term 51 for -1: [omNode2:122.0.0.122:9872, omNode1:0.0.0.0:9872], old=null
2020-04-28 14:36:45,205 [omNode1@group-3464CFB7038B-LeaderElection1] INFO  impl.LeaderElection (LeaderElection.java:logAndReturn(61)) - omNode1@group-3464CFB7038B-LeaderElection1: Election TIMEOUT; received 0 response(s) [] and 0 exception(s); omNode1@group-3464CFB7038B:t51, leader=null, voted=omNode1, raftlog=omNode1@group-3464CFB7038B-SegmentedRaftLog:OPENED:c-1,f-1,i0, conf=-1: [omNode2:122.0.0.122:9872, omNode1:0.0.0.0:9872], old=null
2020-04-28 14:36:45,207 [omNode1@group-3464CFB7038B-LeaderElection1] INFO  impl.LeaderElection (LeaderElection.java:askForVotes(206)) - omNode1@group-3464CFB7038B-LeaderElection1: begin an election at term 52 for -1: [omNode2:122.0.0.122:9872, omNode1:0.0.0.0:9872], old=null
2020-04-28 14:36:45,394 [omNode1@group-3464CFB7038B-LeaderElection1] INFO  impl.LeaderElection (LeaderElection.java:logAndReturn(61)) - omNode1@group-3464CFB7038B-LeaderElection1: Election TIMEOUT; received 0 response(s) [] and 0 exception(s); omNode1@group-3464CFB7038B:t52, leader=null, voted=omNode1, raftlog=omNode1@group-3464CFB7038B-SegmentedRaftLog:OPENED:c-1,f-1,i0, conf=-1: [omNode2:122.0.0.122:9872, omNode1:0.0.0.0:9872], old=null
2020-04-28 14:36:45,396 [omNode1@group-3464CFB7038B-LeaderElection1] INFO  impl.LeaderElection (LeaderElection.java:askForVotes(206)) - omNode1@group-3464CFB7038B-LeaderElection1: begin an election at term 53 for -1: [omNode2:122.0.0.122:9872, omNode1:0.0.0.0:9872], old=null
2020-04-28 14:36:45,452 [omNode1@group-3464CFB7038B-LeaderElection1] INFO  impl.LeaderElection (LeaderElection.java:logAndReturn(61)) - omNode1@group-3464CFB7038B-LeaderElection1: Election TIMEOUT; received 0 response(s) [] and 0 exception(s); omNode1@group-3464CFB7038B:t53, leader=null, voted=omNode1, raftlog=omNode1@group-3464CFB7038B-SegmentedRaftLog:OPENED:c-1,f-1,i0, conf=-1: [omNode2:122.0.0.122:9872, omNode1:0.0.0.0:9872], old=null
2020-04-28 14:36:45,454 [omNode1@group-3464CFB7038B-LeaderElection1] INFO  impl.LeaderElection (LeaderElection.java:askForVotes(206)) - omNode1@group-3464CFB7038B-LeaderElection1: begin an election at term 54 for -1: [omNode2:122.0.0.122:9872, omNode1:0.0.0.0:9872], old=null
2020-04-28 14:36:45,577 [omNode1@group-3464CFB7038B-LeaderElection1] INFO  impl.LeaderElection (LeaderElection.java:logAndReturn(61)) - omNode1@group-3464CFB7038B-LeaderElection1: Election TIMEOUT; received 0 response(s) [] and 0 exception(s); omNode1@group-3464CFB7038B:t54, leader=null, voted=omNode1, raftlog=omNode1@group-3464CFB7038B-SegmentedRaftLog:OPENED:c-1,f-1,i0, conf=-1: [omNode2:122.0.0.122:9872, omNode1:0.0.0.0:9872], old=null
2020-04-28 14:36:45,578 [omNode1@group-3464CFB7038B-LeaderElection1] INFO  impl.LeaderElection (LeaderElection.java:askForVotes(206)) - omNode1@group-3464CFB7038B-LeaderElection1: begin an election at term 55 for -1: [omNode2:122.0.0.122:9872, omNode1:0.0.0.0:9872], old=null
2020-04-28 14:36:45,749 [main] INFO  ozone.MiniOzoneClusterImpl (MiniOzoneClusterImpl.java:lambda$waitForClusterToBeReady$0(177)) - Nodes are ready. Got 3 of 3 DN Heartbeats.
2020-04-28 14:36:45,749 [main] INFO  ozone.MiniOzoneClusterImpl (MiniOzoneClusterImpl.java:lambda$waitForClusterToBeReady$0(180)) - Waiting for cluster to exit safe mode
2020-04-28 14:36:45,751 [omNode1@group-3464CFB7038B-LeaderElection1] INFO  impl.LeaderElection (LeaderElection.java:logAndReturn(61)) - omNode1@group-3464CFB7038B-LeaderElection1: Election TIMEOUT; received 0 response(s) [] and 0 exception(s); omNode1@group-3464CFB7038B:t55, leader=null, voted=omNode1, raftlog=omNode1@group-3464CFB7038B-SegmentedRaftLog:OPENED:c-1,f-1,i0, conf=-1: [omNode2:122.0.0.122:9872, omNode1:0.0.0.0:9872], old=null
2020-04-28 14:36:45,752 [omNode1@group-3464CFB7038B-LeaderElection1] INFO  impl.LeaderElection (LeaderElection.java:askForVotes(206)) - omNode1@group-3464CFB7038B-LeaderElection1: begin an election at term 56 for -1: [omNode2:122.0.0.122:9872, omNode1:0.0.0.0:9872], old=null
2020-04-28 14:36:45,802 [omNode1@group-3464CFB7038B-LeaderElection1] INFO  impl.LeaderElection (LeaderElection.java:logAndReturn(61)) - omNode1@group-3464CFB7038B-LeaderElection1: Election TIMEOUT; received 0 response(s) [] and 0 exception(s); omNode1@group-3464CFB7038B:t56, leader=null, voted=omNode1, raftlog=omNode1@group-3464CFB7038B-SegmentedRaftLog:OPENED:c-1,f-1,i0, conf=-1: [omNode2:122.0.0.122:9872, omNode1:0.0.0.0:9872], old=null
2020-04-28 14:36:45,804 [omNode1@group-3464CFB7038B-LeaderElection1] INFO  impl.LeaderElection (LeaderElection.java:askForVotes(206)) - omNode1@group-3464CFB7038B-LeaderElection1: begin an election at term 57 for -1: [omNode2:122.0.0.122:9872, omNode1:0.0.0.0:9872], old=null
2020-04-28 14:36:45,937 [omNode1@group-3464CFB7038B-LeaderElection1] INFO  impl.LeaderElection (LeaderElection.java:logAndReturn(61)) - omNode1@group-3464CFB7038B-LeaderElection1: Election TIMEOUT; received 0 response(s) [] and 0 exception(s); omNode1@group-3464CFB7038B:t57, leader=null, voted=omNode1, raftlog=omNode1@group-3464CFB7038B-SegmentedRaftLog:OPENED:c-1,f-1,i0, conf=-1: [omNode2:122.0.0.122:9872, omNode1:0.0.0.0:9872], old=null
2020-04-28 14:36:45,939 [omNode1@group-3464CFB7038B-LeaderElection1] INFO  impl.LeaderElection (LeaderElection.java:askForVotes(206)) - omNode1@group-3464CFB7038B-LeaderElection1: begin an election at term 58 for -1: [omNode2:122.0.0.122:9872, omNode1:0.0.0.0:9872], old=null
2020-04-28 14:36:46,047 [omNode1@group-3464CFB7038B-LeaderElection1] INFO  impl.LeaderElection (LeaderElection.java:logAndReturn(61)) - omNode1@group-3464CFB7038B-LeaderElection1: Election TIMEOUT; received 0 response(s) [] and 0 exception(s); omNode1@group-3464CFB7038B:t58, leader=null, voted=omNode1, raftlog=omNode1@group-3464CFB7038B-SegmentedRaftLog:OPENED:c-1,f-1,i0, conf=-1: [omNode2:122.0.0.122:9872, omNode1:0.0.0.0:9872], old=null
2020-04-28 14:36:46,048 [omNode1@group-3464CFB7038B-LeaderElection1] INFO  impl.LeaderElection (LeaderElection.java:askForVotes(206)) - omNode1@group-3464CFB7038B-LeaderElection1: begin an election at term 59 for -1: [omNode2:122.0.0.122:9872, omNode1:0.0.0.0:9872], old=null
2020-04-28 14:36:46,137 [omNode1@group-3464CFB7038B-LeaderElection1] INFO  impl.LeaderElection (LeaderElection.java:logAndReturn(61)) - omNode1@group-3464CFB7038B-LeaderElection1: Election TIMEOUT; received 0 response(s) [] and 0 exception(s); omNode1@group-3464CFB7038B:t59, leader=null, voted=omNode1, raftlog=omNode1@group-3464CFB7038B-SegmentedRaftLog:OPENED:c-1,f-1,i0, conf=-1: [omNode2:122.0.0.122:9872, omNode1:0.0.0.0:9872], old=null
2020-04-28 14:36:46,139 [omNode1@group-3464CFB7038B-LeaderElection1] INFO  impl.LeaderElection (LeaderElection.java:askForVotes(206)) - omNode1@group-3464CFB7038B-LeaderElection1: begin an election at term 60 for -1: [omNode2:122.0.0.122:9872, omNode1:0.0.0.0:9872], old=null
2020-04-28 14:36:46,228 [omNode1@group-3464CFB7038B-LeaderElection1] INFO  impl.LeaderElection (LeaderElection.java:logAndReturn(61)) - omNode1@group-3464CFB7038B-LeaderElection1: Election TIMEOUT; received 0 response(s) [] and 0 exception(s); omNode1@group-3464CFB7038B:t60, leader=null, voted=omNode1, raftlog=omNode1@group-3464CFB7038B-SegmentedRaftLog:OPENED:c-1,f-1,i0, conf=-1: [omNode2:122.0.0.122:9872, omNode1:0.0.0.0:9872], old=null
2020-04-28 14:36:46,229 [omNode1@group-3464CFB7038B-LeaderElection1] INFO  impl.LeaderElection (LeaderElection.java:askForVotes(206)) - omNode1@group-3464CFB7038B-LeaderElection1: begin an election at term 61 for -1: [omNode2:122.0.0.122:9872, omNode1:0.0.0.0:9872], old=null
2020-04-28 14:36:46,424 [omNode1@group-3464CFB7038B-LeaderElection1] INFO  impl.LeaderElection (LeaderElection.java:logAndReturn(61)) - omNode1@group-3464CFB7038B-LeaderElection1: Election TIMEOUT; received 0 response(s) [] and 0 exception(s); omNode1@group-3464CFB7038B:t61, leader=null, voted=omNode1, raftlog=omNode1@group-3464CFB7038B-SegmentedRaftLog:OPENED:c-1,f-1,i0, conf=-1: [omNode2:122.0.0.122:9872, omNode1:0.0.0.0:9872], old=null
2020-04-28 14:36:46,426 [omNode1@group-3464CFB7038B-LeaderElection1] INFO  impl.LeaderElection (LeaderElection.java:askForVotes(206)) - omNode1@group-3464CFB7038B-LeaderElection1: begin an election at term 62 for -1: [omNode2:122.0.0.122:9872, omNode1:0.0.0.0:9872], old=null
2020-04-28 14:36:46,494 [omNode1@group-3464CFB7038B-LeaderElection1] INFO  impl.LeaderElection (LeaderElection.java:logAndReturn(61)) - omNode1@group-3464CFB7038B-LeaderElection1: Election TIMEOUT; received 0 response(s) [] and 0 exception(s); omNode1@group-3464CFB7038B:t62, leader=null, voted=omNode1, raftlog=omNode1@group-3464CFB7038B-SegmentedRaftLog:OPENED:c-1,f-1,i0, conf=-1: [omNode2:122.0.0.122:9872, omNode1:0.0.0.0:9872], old=null
2020-04-28 14:36:46,496 [omNode1@group-3464CFB7038B-LeaderElection1] INFO  impl.LeaderElection (LeaderElection.java:askForVotes(206)) - omNode1@group-3464CFB7038B-LeaderElection1: begin an election at term 63 for -1: [omNode2:122.0.0.122:9872, omNode1:0.0.0.0:9872], old=null
2020-04-28 14:36:46,560 [omNode1@group-3464CFB7038B-LeaderElection1] INFO  impl.LeaderElection (LeaderElection.java:logAndReturn(61)) - omNode1@group-3464CFB7038B-LeaderElection1: Election TIMEOUT; received 0 response(s) [] and 0 exception(s); omNode1@group-3464CFB7038B:t63, leader=null, voted=omNode1, raftlog=omNode1@group-3464CFB7038B-SegmentedRaftLog:OPENED:c-1,f-1,i0, conf=-1: [omNode2:122.0.0.122:9872, omNode1:0.0.0.0:9872], old=null
2020-04-28 14:36:46,562 [omNode1@group-3464CFB7038B-LeaderElection1] INFO  impl.LeaderElection (LeaderElection.java:askForVotes(206)) - omNode1@group-3464CFB7038B-LeaderElection1: begin an election at term 64 for -1: [omNode2:122.0.0.122:9872, omNode1:0.0.0.0:9872], old=null
2020-04-28 14:36:46,750 [main] INFO  ozone.MiniOzoneClusterImpl (MiniOzoneClusterImpl.java:lambda$waitForClusterToBeReady$0(177)) - Nodes are ready. Got 3 of 3 DN Heartbeats.
2020-04-28 14:36:46,750 [main] INFO  ozone.MiniOzoneClusterImpl (MiniOzoneClusterImpl.java:lambda$waitForClusterToBeReady$0(180)) - Waiting for cluster to exit safe mode
2020-04-28 14:36:46,757 [omNode1@group-3464CFB7038B-LeaderElection1] INFO  impl.LeaderElection (LeaderElection.java:logAndReturn(61)) - omNode1@group-3464CFB7038B-LeaderElection1: Election TIMEOUT; received 0 response(s) [] and 0 exception(s); omNode1@group-3464CFB7038B:t64, leader=null, voted=omNode1, raftlog=omNode1@group-3464CFB7038B-SegmentedRaftLog:OPENED:c-1,f-1,i0, conf=-1: [omNode2:122.0.0.122:9872, omNode1:0.0.0.0:9872], old=null
2020-04-28 14:36:46,758 [omNode1@group-3464CFB7038B-LeaderElection1] INFO  impl.LeaderElection (LeaderElection.java:askForVotes(206)) - omNode1@group-3464CFB7038B-LeaderElection1: begin an election at term 65 for -1: [omNode2:122.0.0.122:9872, omNode1:0.0.0.0:9872], old=null
2020-04-28 14:36:46,775 [omNode1@group-3464CFB7038B-LeaderElection1] INFO  impl.LeaderElection (LeaderElection.java:logAndReturn(61)) - omNode1@group-3464CFB7038B-LeaderElection1: Election TIMEOUT; received 0 response(s) [] and 0 exception(s); omNode1@group-3464CFB7038B:t65, leader=null, voted=omNode1, raftlog=omNode1@group-3464CFB7038B-SegmentedRaftLog:OPENED:c-1,f-1,i0, conf=-1: [omNode2:122.0.0.122:9872, omNode1:0.0.0.0:9872], old=null
2020-04-28 14:36:46,776 [omNode1@group-3464CFB7038B-LeaderElection1] INFO  impl.LeaderElection (LeaderElection.java:askForVotes(206)) - omNode1@group-3464CFB7038B-LeaderElection1: begin an election at term 66 for -1: [omNode2:122.0.0.122:9872, omNode1:0.0.0.0:9872], old=null
2020-04-28 14:36:46,965 [omNode1@group-3464CFB7038B-LeaderElection1] INFO  impl.LeaderElection (LeaderElection.java:logAndReturn(61)) - omNode1@group-3464CFB7038B-LeaderElection1: Election TIMEOUT; received 0 response(s) [] and 0 exception(s); omNode1@group-3464CFB7038B:t66, leader=null, voted=omNode1, raftlog=omNode1@group-3464CFB7038B-SegmentedRaftLog:OPENED:c-1,f-1,i0, conf=-1: [omNode2:122.0.0.122:9872, omNode1:0.0.0.0:9872], old=null
2020-04-28 14:36:46,967 [omNode1@group-3464CFB7038B-LeaderElection1] INFO  impl.LeaderElection (LeaderElection.java:askForVotes(206)) - omNode1@group-3464CFB7038B-LeaderElection1: begin an election at term 67 for -1: [omNode2:122.0.0.122:9872, omNode1:0.0.0.0:9872], old=null
2020-04-28 14:36:47,043 [omNode1@group-3464CFB7038B-LeaderElection1] INFO  impl.LeaderElection (LeaderElection.java:logAndReturn(61)) - omNode1@group-3464CFB7038B-LeaderElection1: Election TIMEOUT; received 0 response(s) [] and 0 exception(s); omNode1@group-3464CFB7038B:t67, leader=null, voted=omNode1, raftlog=omNode1@group-3464CFB7038B-SegmentedRaftLog:OPENED:c-1,f-1,i0, conf=-1: [omNode2:122.0.0.122:9872, omNode1:0.0.0.0:9872], old=null
2020-04-28 14:36:47,045 [omNode1@group-3464CFB7038B-LeaderElection1] INFO  impl.LeaderElection (LeaderElection.java:askForVotes(206)) - omNode1@group-3464CFB7038B-LeaderElection1: begin an election at term 68 for -1: [omNode2:122.0.0.122:9872, omNode1:0.0.0.0:9872], old=null
2020-04-28 14:36:47,137 [omNode1@group-3464CFB7038B-LeaderElection1] INFO  impl.LeaderElection (LeaderElection.java:logAndReturn(61)) - omNode1@group-3464CFB7038B-LeaderElection1: Election TIMEOUT; received 0 response(s) [] and 0 exception(s); omNode1@group-3464CFB7038B:t68, leader=null, voted=omNode1, raftlog=omNode1@group-3464CFB7038B-SegmentedRaftLog:OPENED:c-1,f-1,i0, conf=-1: [omNode2:122.0.0.122:9872, omNode1:0.0.0.0:9872], old=null
2020-04-28 14:36:47,139 [omNode1@group-3464CFB7038B-LeaderElection1] INFO  impl.LeaderElection (LeaderElection.java:askForVotes(206)) - omNode1@group-3464CFB7038B-LeaderElection1: begin an election at term 69 for -1: [omNode2:122.0.0.122:9872, omNode1:0.0.0.0:9872], old=null
2020-04-28 14:36:47,221 [omNode1@group-3464CFB7038B-LeaderElection1] INFO  impl.LeaderElection (LeaderElection.java:logAndReturn(61)) - omNode1@group-3464CFB7038B-LeaderElection1: Election TIMEOUT; received 0 response(s) [] and 0 exception(s); omNode1@group-3464CFB7038B:t69, leader=null, voted=omNode1, raftlog=omNode1@group-3464CFB7038B-SegmentedRaftLog:OPENED:c-1,f-1,i0, conf=-1: [omNode2:122.0.0.122:9872, omNode1:0.0.0.0:9872], old=null
2020-04-28 14:36:47,223 [omNode1@group-3464CFB7038B-LeaderElection1] INFO  impl.LeaderElection (LeaderElection.java:askForVotes(206)) - omNode1@group-3464CFB7038B-LeaderElection1: begin an election at term 70 for -1: [omNode2:122.0.0.122:9872, omNode1:0.0.0.0:9872], old=null
2020-04-28 14:36:47,414 [omNode1@group-3464CFB7038B-LeaderElection1] INFO  impl.LeaderElection (LeaderElection.java:logAndReturn(61)) - omNode1@group-3464CFB7038B-LeaderElection1: Election TIMEOUT; received 0 response(s) [] and 0 exception(s); omNode1@group-3464CFB7038B:t70, leader=null, voted=omNode1, raftlog=omNode1@group-3464CFB7038B-SegmentedRaftLog:OPENED:c-1,f-1,i0, conf=-1: [omNode2:122.0.0.122:9872, omNode1:0.0.0.0:9872], old=null
2020-04-28 14:36:47,415 [omNode1@group-3464CFB7038B-LeaderElection1] INFO  impl.LeaderElection (LeaderElection.java:askForVotes(206)) - omNode1@group-3464CFB7038B-LeaderElection1: begin an election at term 71 for -1: [omNode2:122.0.0.122:9872, omNode1:0.0.0.0:9872], old=null
2020-04-28 14:36:47,433 [Command processor thread] INFO  impl.RaftServerProxy (RaftServerProxy.java:addNew(89)) - f48396e8-f861-4ea7-9d9a-a0d4272beba6: addNew group-FBF1FF002355:[f48396e8-f861-4ea7-9d9a-a0d4272beba6:172.17.0.2:34957] returns group-FBF1FF002355:java.util.concurrent.CompletableFuture@59513d5f[Not completed]
2020-04-28 14:36:47,448 [pool-38-thread-1] INFO  impl.RaftServerImpl (RaftServerImpl.java:<init>(97)) - f48396e8-f861-4ea7-9d9a-a0d4272beba6: new RaftServerImpl for group-FBF1FF002355:[f48396e8-f861-4ea7-9d9a-a0d4272beba6:172.17.0.2:34957] with ContainerStateMachine:uninitialized
2020-04-28 14:36:47,449 [pool-38-thread-1] INFO  server.RaftServerConfigKeys (ConfUtils.java:logGet(44)) - raft.server.rpc.timeout.min = 5s (custom)
2020-04-28 14:36:47,449 [pool-38-thread-1] INFO  server.RaftServerConfigKeys (ConfUtils.java:logGet(44)) - raft.server.rpc.timeout.max = 5200ms (custom)
2020-04-28 14:36:47,449 [pool-38-thread-1] INFO  server.RaftServerConfigKeys (ConfUtils.java:logGet(44)) - raft.server.rpcslowness.timeout = 300s (custom)
2020-04-28 14:36:47,450 [pool-38-thread-1] INFO  server.RaftServerConfigKeys (ConfUtils.java:logGet(44)) - raft.server.sleep.deviation.threshold = 300 (default)
2020-04-28 14:36:47,450 [pool-38-thread-1] INFO  server.RaftServerConfigKeys (ConfUtils.java:logGet(44)) - raft.server.log.appender.install.snapshot.enabled = false (custom)
2020-04-28 14:36:47,450 [pool-38-thread-1] INFO  impl.RaftServerImpl (ServerState.java:<init>(103)) - f48396e8-f861-4ea7-9d9a-a0d4272beba6@group-FBF1FF002355: ConfigurationManager, init=-1: [f48396e8-f861-4ea7-9d9a-a0d4272beba6:172.17.0.2:34957], old=null, confs=<EMPTY_MAP>
2020-04-28 14:36:47,450 [pool-38-thread-1] INFO  server.RaftServerConfigKeys (ConfUtils.java:logGet(44)) - raft.server.storage.dir = [/github/workspace/mnt/ozone/hadoop-ozone/integration-test/target/test-dir/MiniOzoneClusterImpl-bcc7daa9-737a-4aaa-b298-78757390e1e5/datanode-0/data/ratis] (custom)
2020-04-28 14:36:47,450 [pool-38-thread-1] INFO  server.RaftServerConfigKeys (ConfUtils.java:logGet(44)) - raft.server.log.corruption.policy = EXCEPTION (default)
2020-04-28 14:36:47,451 [pool-38-thread-1] INFO  storage.RaftStorageDirectory (RaftStorageDirectory.java:analyzeStorage(253)) - The storage directory /github/workspace/mnt/ozone/hadoop-ozone/integration-test/target/test-dir/MiniOzoneClusterImpl-bcc7daa9-737a-4aaa-b298-78757390e1e5/datanode-0/data/ratis/3d0112b6-bb9d-4b4b-a67e-fbf1ff002355 does not exist. Creating ...
2020-04-28 14:36:47,455 [pool-38-thread-1] INFO  storage.RaftStorageDirectory (RaftStorageDirectory.java:tryLock(335)) - Lock on /github/workspace/mnt/ozone/hadoop-ozone/integration-test/target/test-dir/MiniOzoneClusterImpl-bcc7daa9-737a-4aaa-b298-78757390e1e5/datanode-0/data/ratis/3d0112b6-bb9d-4b4b-a67e-fbf1ff002355/in_use.lock acquired by nodename 31754@f0b7f6b472ee
2020-04-28 14:36:47,456 [pool-38-thread-1] INFO  storage.RaftStorage (RaftStorage.java:format(84)) - Storage directory /github/workspace/mnt/ozone/hadoop-ozone/integration-test/target/test-dir/MiniOzoneClusterImpl-bcc7daa9-737a-4aaa-b298-78757390e1e5/datanode-0/data/ratis/3d0112b6-bb9d-4b4b-a67e-fbf1ff002355 has been successfully formatted.
2020-04-28 14:36:47,460 [pool-38-thread-1] INFO  ratis.ContainerStateMachine (ContainerStateMachine.java:loadSnapshot(226)) - group-FBF1FF002355: The snapshot info is null. Setting the last applied indexto:(t:0, i:~)
2020-04-28 14:36:47,467 [pool-38-thread-1] INFO  server.RaftServerConfigKeys (ConfUtils.java:logGet(44)) - raft.server.notification.no-leader.timeout = 60s (default)
2020-04-28 14:36:47,467 [pool-38-thread-1] INFO  server.RaftServerConfigKeys (ConfUtils.java:logGet(44)) - raft.server.log.use.memory = false (default)
2020-04-28 14:36:47,467 [pool-38-thread-1] INFO  server.RaftServerConfigKeys (ConfUtils.java:logGet(44)) - raft.server.log.purge.gap = 1000000 (custom)
2020-04-28 14:36:47,467 [pool-38-thread-1] INFO  server.RaftServerConfigKeys (ConfUtils.java:logGet(44)) - raft.server.log.appender.buffer.byte-limit = 33554432 (custom)
2020-04-28 14:36:47,468 [pool-38-thread-1] INFO  server.RaftServerConfigKeys (ConfUtils.java:logGet(44)) - raft.server.log.segment.size.max = 1048576 (custom)
2020-04-28 14:36:47,468 [pool-38-thread-1] INFO  metrics.RatisMetrics (RatisMetrics.java:lambda$create$0(39)) - Creating Metrics Registry : ratis.log_worker.f48396e8-f861-4ea7-9d9a-a0d4272beba6
2020-04-28 14:36:47,469 [pool-38-thread-1] INFO  server.RaftServerConfigKeys (ConfUtils.java:logGet(44)) - raft.server.log.segment.cache.num.max = 2 (custom)
2020-04-28 14:36:47,469 [pool-38-thread-1] INFO  segmented.SegmentedRaftLogWorker (SegmentedRaftLogWorker.java:<init>(176)) - new f48396e8-f861-4ea7-9d9a-a0d4272beba6@group-FBF1FF002355-SegmentedRaftLogWorker for RaftStorage:Storage Directory /github/workspace/mnt/ozone/hadoop-ozone/integration-test/target/test-dir/MiniOzoneClusterImpl-bcc7daa9-737a-4aaa-b298-78757390e1e5/datanode-0/data/ratis/3d0112b6-bb9d-4b4b-a67e-fbf1ff002355
2020-04-28 14:36:47,470 [pool-38-thread-1] INFO  server.RaftServerConfigKeys (ConfUtils.java:logGet(44)) - raft.server.log.queue.byte-limit = 2147483647 (custom)
2020-04-28 14:36:47,470 [pool-38-thread-1] INFO  server.RaftServerConfigKeys (ConfUtils.java:logGet(44)) - raft.server.log.queue.element-limit = 1024 (custom)
2020-04-28 14:36:47,470 [pool-38-thread-1] INFO  server.RaftServerConfigKeys (ConfUtils.java:logGet(44)) - raft.server.log.segment.size.max = 1048576 (custom)
2020-04-28 14:36:47,470 [pool-38-thread-1] INFO  server.RaftServerConfigKeys (ConfUtils.java:logGet(44)) - raft.server.log.preallocated.size = 16384 (custom)
2020-04-28 14:36:47,470 [pool-38-thread-1] INFO  server.RaftServerConfigKeys (ConfUtils.java:logGet(44)) - raft.server.log.write.buffer.size = 1048576 (custom)
2020-04-28 14:36:47,470 [pool-38-thread-1] INFO  server.RaftServerConfigKeys (ConfUtils.java:logGet(44)) - raft.server.log.force.sync.num = 128 (default)
2020-04-28 14:36:47,470 [pool-38-thread-1] INFO  server.RaftServerConfigKeys (ConfUtils.java:logGet(44)) - raft.server.log.statemachine.data.sync = true (default)
2020-04-28 14:36:47,470 [pool-38-thread-1] INFO  server.RaftServerConfigKeys (ConfUtils.java:logGet(44)) - raft.server.log.statemachine.data.sync.timeout = 10s (default)
2020-04-28 14:36:47,472 [pool-38-thread-1] INFO  server.RaftServerConfigKeys (ConfUtils.java:logGet(44)) - raft.server.log.statemachine.data.sync.timeout.retry = -1 (default)
2020-04-28 14:36:47,476 [pool-38-thread-1] INFO  server.RaftServerConfigKeys (ConfUtils.java:logGet(44)) - raft.server.log.statemachine.data.caching.enabled = true (custom)
2020-04-28 14:36:47,476 [EventQueue-PipelineReportForPipelineReportHandler] INFO  pipeline.PipelineStateManager (PipelineStateManager.java:openPipeline(131)) - Pipeline Pipeline[ Id: 3d0112b6-bb9d-4b4b-a67e-fbf1ff002355, Nodes: f48396e8-f861-4ea7-9d9a-a0d4272beba6{ip: 172.17.0.2, host: f0b7f6b472ee, networkLocation: /default-rack, certSerialId: null}, Type:RATIS, Factor:ONE, State:ALLOCATED, leaderId:f48396e8-f861-4ea7-9d9a-a0d4272beba6, CreationTimestamp2020-04-28T14:36:44.461Z] moved to OPEN state
2020-04-28 14:36:47,481 [pool-38-thread-1] INFO  segmented.SegmentedRaftLogWorker (SegmentedRaftLogWorker.java:lambda$new$0(129)) - f48396e8-f861-4ea7-9d9a-a0d4272beba6@group-FBF1FF002355-SegmentedRaftLogWorker: flushIndex: setUnconditionally 0 -> -1
2020-04-28 14:36:47,481 [pool-38-thread-1] INFO  server.RaftServerConfigKeys (ConfUtils.java:logGet(44)) - raft.server.snapshot.auto.trigger.enabled = true (custom)
2020-04-28 14:36:47,481 [pool-38-thread-1] INFO  server.RaftServerConfigKeys (ConfUtils.java:logGet(44)) - raft.server.snapshot.auto.trigger.threshold = 10000 (custom)
2020-04-28 14:36:47,481 [pool-38-thread-1] INFO  server.RaftServerConfigKeys (ConfUtils.java:logGet(44)) - raft.server.snapshot.retention.file.num = 5 (custom)
2020-04-28 14:36:47,481 [pool-38-thread-1] INFO  server.RaftServerConfigKeys (ConfUtils.java:logGet(44)) - raft.server.retrycache.expirytime = 600000ms (custom)
2020-04-28 14:36:47,482 [pool-38-thread-1] INFO  metrics.RatisMetrics (RatisMetrics.java:lambda$create$0(39)) - Creating Metrics Registry : ratis.leader_election.f48396e8-f861-4ea7-9d9a-a0d4272beba6@group-FBF1FF002355
2020-04-28 14:36:47,482 [EventQueue-OpenPipelineForOneReplicaPipelineSafeModeRule] INFO  safemode.SCMSafeModeManager (SCMSafeModeManager.java:validateSafeModeExitRules(213)) - AtleastOneDatanodeReportedRule rule is successfully validated
2020-04-28 14:36:47,483 [pool-38-thread-1] INFO  metrics.RatisMetrics (RatisMetrics.java:lambda$create$0(39)) - Creating Metrics Registry : ratis.server.f48396e8-f861-4ea7-9d9a-a0d4272beba6@group-FBF1FF002355
2020-04-28 14:36:47,483 [EventQueue-OpenPipelineForHealthyPipelineSafeModeRule] INFO  safemode.SCMSafeModeManager (HealthyPipelineSafeModeRule.java:process(132)) - SCM in safe mode. Healthy pipelines reported count is 0, required healthy pipeline reported count is 1
2020-04-28 14:36:47,484 [pool-38-thread-1] INFO  impl.RaftServerImpl (RaftServerImpl.java:start(183)) - f48396e8-f861-4ea7-9d9a-a0d4272beba6@group-FBF1FF002355: start as a follower, conf=-1: [f48396e8-f861-4ea7-9d9a-a0d4272beba6:172.17.0.2:34957], old=null
2020-04-28 14:36:47,484 [pool-38-thread-1] INFO  impl.RaftServerImpl (RaftServerImpl.java:setRole(172)) - f48396e8-f861-4ea7-9d9a-a0d4272beba6@group-FBF1FF002355: changes role from      null to FOLLOWER at term 0 for startAsFollower
2020-04-28 14:36:47,484 [pool-38-thread-1] INFO  impl.RoleInfo (RoleInfo.java:updateAndGet(143)) - f48396e8-f861-4ea7-9d9a-a0d4272beba6: start FollowerState
2020-04-28 14:36:47,484 [pool-38-thread-1] INFO  util.JmxRegister (JmxRegister.java:tryRegister(44)) - Successfully registered JMX Bean with object name Ratis:service=RaftServer,group=group-FBF1FF002355,id=f48396e8-f861-4ea7-9d9a-a0d4272beba6
2020-04-28 14:36:47,485 [pool-38-thread-1] INFO  metrics.RatisMetrics (RatisMetrics.java:lambda$create$0(39)) - Creating Metrics Registry : ratis.state_machine.f48396e8-f861-4ea7-9d9a-a0d4272beba6@group-FBF1FF002355
2020-04-28 14:36:47,488 [Command processor thread] INFO  commandhandler.CreatePipelineCommandHandler (CreatePipelineCommandHandler.java:handle(109)) - Created Pipeline RATIS ONE #id: "3d0112b6-bb9d-4b4b-a67e-fbf1ff002355"
.
2020-04-28 14:36:47,529 [omNode1@group-3464CFB7038B-LeaderElection1] INFO  impl.LeaderElection (LeaderElection.java:logAndReturn(61)) - omNode1@group-3464CFB7038B-LeaderElection1: Election TIMEOUT; received 0 response(s) [] and 0 exception(s); omNode1@group-3464CFB7038B:t71, leader=null, voted=omNode1, raftlog=omNode1@group-3464CFB7038B-SegmentedRaftLog:OPENED:c-1,f-1,i0, conf=-1: [omNode2:122.0.0.122:9872, omNode1:0.0.0.0:9872], old=null
2020-04-28 14:36:47,531 [omNode1@group-3464CFB7038B-LeaderElection1] INFO  impl.LeaderElection (LeaderElection.java:askForVotes(206)) - omNode1@group-3464CFB7038B-LeaderElection1: begin an election at term 72 for -1: [omNode2:122.0.0.122:9872, omNode1:0.0.0.0:9872], old=null
2020-04-28 14:36:47,607 [omNode1@group-3464CFB7038B-LeaderElection1] INFO  impl.LeaderElection (LeaderElection.java:logAndReturn(61)) - omNode1@group-3464CFB7038B-LeaderElection1: Election TIMEOUT; received 0 response(s) [] and 0 exception(s); omNode1@group-3464CFB7038B:t72, leader=null, voted=omNode1, raftlog=omNode1@group-3464CFB7038B-SegmentedRaftLog:OPENED:c-1,f-1,i0, conf=-1: [omNode2:122.0.0.122:9872, omNode1:0.0.0.0:9872], old=null
2020-04-28 14:36:47,610 [Command processor thread] INFO  impl.RaftServerProxy (RaftServerProxy.java:addNew(89)) - b49cd372-011e-4c73-9cd9-f6b19e929270: addNew group-BB78CE42D49A:[b49cd372-011e-4c73-9cd9-f6b19e929270:172.17.0.2:39859] returns group-BB78CE42D49A:java.util.concurrent.CompletableFuture@113822dd[Not completed]
2020-04-28 14:36:47,610 [omNode1@group-3464CFB7038B-LeaderElection1] INFO  impl.LeaderElection (LeaderElection.java:askForVotes(206)) - omNode1@group-3464CFB7038B-LeaderElection1: begin an election at term 73 for -1: [omNode2:122.0.0.122:9872, omNode1:0.0.0.0:9872], old=null
2020-04-28 14:36:47,616 [pool-53-thread-1] INFO  impl.RaftServerImpl (RaftServerImpl.java:<init>(97)) - b49cd372-011e-4c73-9cd9-f6b19e929270: new RaftServerImpl for group-BB78CE42D49A:[b49cd372-011e-4c73-9cd9-f6b19e929270:172.17.0.2:39859] with ContainerStateMachine:uninitialized
2020-04-28 14:36:47,619 [pool-53-thread-1] INFO  server.RaftServerConfigKeys (ConfUtils.java:logGet(44)) - raft.server.rpc.timeout.min = 5s (custom)
2020-04-28 14:36:47,619 [pool-53-thread-1] INFO  server.RaftServerConfigKeys (ConfUtils.java:logGet(44)) - raft.server.rpc.timeout.max = 5200ms (custom)
2020-04-28 14:36:47,619 [pool-53-thread-1] INFO  server.RaftServerConfigKeys (ConfUtils.java:logGet(44)) - raft.server.rpcslowness.timeout = 300s (custom)
2020-04-28 14:36:47,619 [pool-53-thread-1] INFO  server.RaftServerConfigKeys (ConfUtils.java:logGet(44)) - raft.server.sleep.deviation.threshold = 300 (default)
2020-04-28 14:36:47,620 [pool-53-thread-1] INFO  server.RaftServerConfigKeys (ConfUtils.java:logGet(44)) - raft.server.log.appender.install.snapshot.enabled = false (custom)
2020-04-28 14:36:47,620 [pool-53-thread-1] INFO  impl.RaftServerImpl (ServerState.java:<init>(103)) - b49cd372-011e-4c73-9cd9-f6b19e929270@group-BB78CE42D49A: ConfigurationManager, init=-1: [b49cd372-011e-4c73-9cd9-f6b19e929270:172.17.0.2:39859], old=null, confs=<EMPTY_MAP>
2020-04-28 14:36:47,620 [pool-53-thread-1] INFO  server.RaftServerConfigKeys (ConfUtils.java:logGet(44)) - raft.server.storage.dir = [/github/workspace/mnt/ozone/hadoop-ozone/integration-test/target/test-dir/MiniOzoneClusterImpl-bcc7daa9-737a-4aaa-b298-78757390e1e5/datanode-1/data/ratis] (custom)
2020-04-28 14:36:47,620 [pool-53-thread-1] INFO  server.RaftServerConfigKeys (ConfUtils.java:logGet(44)) - raft.server.log.corruption.policy = EXCEPTION (default)
2020-04-28 14:36:47,621 [pool-53-thread-1] INFO  storage.RaftStorageDirectory (RaftStorageDirectory.java:analyzeStorage(253)) - The storage directory /github/workspace/mnt/ozone/hadoop-ozone/integration-test/target/test-dir/MiniOzoneClusterImpl-bcc7daa9-737a-4aaa-b298-78757390e1e5/datanode-1/data/ratis/36de566f-329e-408e-addd-bb78ce42d49a does not exist. Creating ...
2020-04-28 14:36:47,622 [pool-53-thread-1] INFO  storage.RaftStorageDirectory (RaftStorageDirectory.java:tryLock(335)) - Lock on /github/workspace/mnt/ozone/hadoop-ozone/integration-test/target/test-dir/MiniOzoneClusterImpl-bcc7daa9-737a-4aaa-b298-78757390e1e5/datanode-1/data/ratis/36de566f-329e-408e-addd-bb78ce42d49a/in_use.lock acquired by nodename 31754@f0b7f6b472ee
2020-04-28 14:36:47,623 [pool-53-thread-1] INFO  storage.RaftStorage (RaftStorage.java:format(84)) - Storage directory /github/workspace/mnt/ozone/hadoop-ozone/integration-test/target/test-dir/MiniOzoneClusterImpl-bcc7daa9-737a-4aaa-b298-78757390e1e5/datanode-1/data/ratis/36de566f-329e-408e-addd-bb78ce42d49a has been successfully formatted.
2020-04-28 14:36:47,624 [pool-53-thread-1] INFO  ratis.ContainerStateMachine (ContainerStateMachine.java:loadSnapshot(226)) - group-BB78CE42D49A: The snapshot info is null. Setting the last applied indexto:(t:0, i:~)
2020-04-28 14:36:47,625 [pool-53-thread-1] INFO  server.RaftServerConfigKeys (ConfUtils.java:logGet(44)) - raft.server.notification.no-leader.timeout = 60s (default)
2020-04-28 14:36:47,626 [EventQueue-PipelineReportForPipelineReportHandler] INFO  pipeline.PipelineStateManager (PipelineStateManager.java:openPipeline(131)) - Pipeline Pipeline[ Id: 36de566f-329e-408e-addd-bb78ce42d49a, Nodes: b49cd372-011e-4c73-9cd9-f6b19e929270{ip: 172.17.0.2, host: f0b7f6b472ee, networkLocation: /default-rack, certSerialId: null}, Type:RATIS, Factor:ONE, State:ALLOCATED, leaderId:b49cd372-011e-4c73-9cd9-f6b19e929270, CreationTimestamp2020-04-28T14:36:44.748Z] moved to OPEN state
2020-04-28 14:36:47,626 [EventQueue-OpenPipelineForOneReplicaPipelineSafeModeRule] INFO  safemode.SCMSafeModeManager (SCMSafeModeManager.java:validateSafeModeExitRules(213)) - AtleastOneDatanodeReportedRule rule is successfully validated
2020-04-28 14:36:47,626 [pool-53-thread-1] INFO  server.RaftServerConfigKeys (ConfUtils.java:logGet(44)) - raft.server.log.use.memory = false (default)
2020-04-28 14:36:47,626 [EventQueue-OpenPipelineForHealthyPipelineSafeModeRule] INFO  safemode.SCMSafeModeManager (HealthyPipelineSafeModeRule.java:process(132)) - SCM in safe mode. Healthy pipelines reported count is 0, required healthy pipeline reported count is 1
2020-04-28 14:36:47,626 [pool-53-thread-1] INFO  server.RaftServerConfigKeys (ConfUtils.java:logGet(44)) - raft.server.log.purge.gap = 1000000 (custom)
2020-04-28 14:36:47,627 [pool-53-thread-1] INFO  server.RaftServerConfigKeys (ConfUtils.java:logGet(44)) - raft.server.log.appender.buffer.byte-limit = 33554432 (custom)
2020-04-28 14:36:47,627 [pool-53-thread-1] INFO  server.RaftServerConfigKeys (ConfUtils.java:logGet(44)) - raft.server.log.segment.size.max = 1048576 (custom)
2020-04-28 14:36:47,627 [pool-53-thread-1] INFO  metrics.RatisMetrics (RatisMetrics.java:lambda$create$0(39)) - Creating Metrics Registry : ratis.log_worker.b49cd372-011e-4c73-9cd9-f6b19e929270
2020-04-28 14:36:47,627 [pool-53-thread-1] INFO  server.RaftServerConfigKeys (ConfUtils.java:logGet(44)) - raft.server.log.segment.cache.num.max = 2 (custom)
2020-04-28 14:36:47,627 [pool-53-thread-1] INFO  segmented.SegmentedRaftLogWorker (SegmentedRaftLogWorker.java:<init>(176)) - new b49cd372-011e-4c73-9cd9-f6b19e929270@group-BB78CE42D49A-SegmentedRaftLogWorker for RaftStorage:Storage Directory /github/workspace/mnt/ozone/hadoop-ozone/integration-test/target/test-dir/MiniOzoneClusterImpl-bcc7daa9-737a-4aaa-b298-78757390e1e5/datanode-1/data/ratis/36de566f-329e-408e-addd-bb78ce42d49a
2020-04-28 14:36:47,627 [pool-53-thread-1] INFO  server.RaftServerConfigKeys (ConfUtils.java:logGet(44)) - raft.server.log.queue.byte-limit = 2147483647 (custom)
2020-04-28 14:36:47,627 [pool-53-thread-1] INFO  server.RaftServerConfigKeys (ConfUtils.java:logGet(44)) - raft.server.log.queue.element-limit = 1024 (custom)
2020-04-28 14:36:47,627 [pool-53-thread-1] INFO  server.RaftServerConfigKeys (ConfUtils.java:logGet(44)) - raft.server.log.segment.size.max = 1048576 (custom)
2020-04-28 14:36:47,628 [pool-53-thread-1] INFO  server.RaftServerConfigKeys (ConfUtils.java:logGet(44)) - raft.server.log.preallocated.size = 16384 (custom)
2020-04-28 14:36:47,628 [pool-53-thread-1] INFO  server.RaftServerConfigKeys (ConfUtils.java:logGet(44)) - raft.server.log.write.buffer.size = 1048576 (custom)
2020-04-28 14:36:47,628 [pool-53-thread-1] INFO  server.RaftServerConfigKeys (ConfUtils.java:logGet(44)) - raft.server.log.force.sync.num = 128 (default)
2020-04-28 14:36:47,628 [pool-53-thread-1] INFO  server.RaftServerConfigKeys (ConfUtils.java:logGet(44)) - raft.server.log.statemachine.data.sync = true (default)
2020-04-28 14:36:47,628 [pool-53-thread-1] INFO  server.RaftServerConfigKeys (ConfUtils.java:logGet(44)) - raft.server.log.statemachine.data.sync.timeout = 10s (default)
2020-04-28 14:36:47,628 [pool-53-thread-1] INFO  server.RaftServerConfigKeys (ConfUtils.java:logGet(44)) - raft.server.log.statemachine.data.sync.timeout.retry = -1 (default)
2020-04-28 14:36:47,630 [pool-53-thread-1] INFO  server.RaftServerConfigKeys (ConfUtils.java:logGet(44)) - raft.server.log.statemachine.data.caching.enabled = true (custom)
2020-04-28 14:36:47,630 [pool-53-thread-1] INFO  segmented.SegmentedRaftLogWorker (SegmentedRaftLogWorker.java:lambda$new$0(129)) - b49cd372-011e-4c73-9cd9-f6b19e929270@group-BB78CE42D49A-SegmentedRaftLogWorker: flushIndex: setUnconditionally 0 -> -1
2020-04-28 14:36:47,630 [pool-53-thread-1] INFO  server.RaftServerConfigKeys (ConfUtils.java:logGet(44)) - raft.server.snapshot.auto.trigger.enabled = true (custom)
2020-04-28 14:36:47,630 [pool-53-thread-1] INFO  server.RaftServerConfigKeys (ConfUtils.java:logGet(44)) - raft.server.snapshot.auto.trigger.threshold = 10000 (custom)
2020-04-28 14:36:47,630 [pool-53-thread-1] INFO  server.RaftServerConfigKeys (ConfUtils.java:logGet(44)) - raft.server.snapshot.retention.file.num = 5 (custom)
2020-04-28 14:36:47,631 [pool-53-thread-1] INFO  server.RaftServerConfigKeys (ConfUtils.java:logGet(44)) - raft.server.retrycache.expirytime = 600000ms (custom)
2020-04-28 14:36:47,631 [pool-53-thread-1] INFO  metrics.RatisMetrics (RatisMetrics.java:lambda$create$0(39)) - Creating Metrics Registry : ratis.leader_election.b49cd372-011e-4c73-9cd9-f6b19e929270@group-BB78CE42D49A
2020-04-28 14:36:47,631 [pool-53-thread-1] INFO  metrics.RatisMetrics (RatisMetrics.java:lambda$create$0(39)) - Creating Metrics Registry : ratis.server.b49cd372-011e-4c73-9cd9-f6b19e929270@group-BB78CE42D49A
2020-04-28 14:36:47,633 [pool-53-thread-1] INFO  impl.RaftServerImpl (RaftServerImpl.java:start(183)) - b49cd372-011e-4c73-9cd9-f6b19e929270@group-BB78CE42D49A: start as a follower, conf=-1: [b49cd372-011e-4c73-9cd9-f6b19e929270:172.17.0.2:39859], old=null
2020-04-28 14:36:47,633 [pool-53-thread-1] INFO  impl.RaftServerImpl (RaftServerImpl.java:setRole(172)) - b49cd372-011e-4c73-9cd9-f6b19e929270@group-BB78CE42D49A: changes role from      null to FOLLOWER at term 0 for startAsFollower
2020-04-28 14:36:47,633 [pool-53-thread-1] INFO  impl.RoleInfo (RoleInfo.java:updateAndGet(143)) - b49cd372-011e-4c73-9cd9-f6b19e929270: start FollowerState
2020-04-28 14:36:47,634 [pool-53-thread-1] INFO  util.JmxRegister (JmxRegister.java:tryRegister(44)) - Successfully registered JMX Bean with object name Ratis:service=RaftServer,group=group-BB78CE42D49A,id=b49cd372-011e-4c73-9cd9-f6b19e929270
2020-04-28 14:36:47,634 [pool-53-thread-1] INFO  metrics.RatisMetrics (RatisMetrics.java:lambda$create$0(39)) - Creating Metrics Registry : ratis.state_machine.b49cd372-011e-4c73-9cd9-f6b19e929270@group-BB78CE42D49A
2020-04-28 14:36:47,635 [Command processor thread] INFO  commandhandler.CreatePipelineCommandHandler (CreatePipelineCommandHandler.java:handle(109)) - Created Pipeline RATIS ONE #id: "36de566f-329e-408e-addd-bb78ce42d49a"
.
2020-04-28 14:36:47,737 [omNode1@group-3464CFB7038B-LeaderElection1] INFO  impl.LeaderElection (LeaderElection.java:logAndReturn(61)) - omNode1@group-3464CFB7038B-LeaderElection1: Election TIMEOUT; received 0 response(s) [] and 0 exception(s); omNode1@group-3464CFB7038B:t73, leader=null, voted=omNode1, raftlog=omNode1@group-3464CFB7038B-SegmentedRaftLog:OPENED:c-1,f-1,i0, conf=-1: [omNode2:122.0.0.122:9872, omNode1:0.0.0.0:9872], old=null
2020-04-28 14:36:47,739 [omNode1@group-3464CFB7038B-LeaderElection1] INFO  impl.LeaderElection (LeaderElection.java:askForVotes(206)) - omNode1@group-3464CFB7038B-LeaderElection1: begin an election at term 74 for -1: [omNode2:122.0.0.122:9872, omNode1:0.0.0.0:9872], old=null
2020-04-28 14:36:47,750 [main] INFO  ozone.MiniOzoneClusterImpl (MiniOzoneClusterImpl.java:lambda$waitForClusterToBeReady$0(177)) - Nodes are ready. Got 3 of 3 DN Heartbeats.
2020-04-28 14:36:47,750 [main] INFO  ozone.MiniOzoneClusterImpl (MiniOzoneClusterImpl.java:lambda$waitForClusterToBeReady$0(180)) - Waiting for cluster to exit safe mode
2020-04-28 14:36:47,904 [omNode1@group-3464CFB7038B-LeaderElection1] INFO  impl.LeaderElection (LeaderElection.java:logAndReturn(61)) - omNode1@group-3464CFB7038B-LeaderElection1: Election TIMEOUT; received 0 response(s) [] and 0 exception(s); omNode1@group-3464CFB7038B:t74, leader=null, voted=omNode1, raftlog=omNode1@group-3464CFB7038B-SegmentedRaftLog:OPENED:c-1,f-1,i0, conf=-1: [omNode2:122.0.0.122:9872, omNode1:0.0.0.0:9872], old=null
2020-04-28 14:36:47,905 [omNode1@group-3464CFB7038B-LeaderElection1] INFO  impl.LeaderElection (LeaderElection.java:askForVotes(206)) - omNode1@group-3464CFB7038B-LeaderElection1: begin an election at term 75 for -1: [omNode2:122.0.0.122:9872, omNode1:0.0.0.0:9872], old=null
2020-04-28 14:36:47,976 [omNode1@group-3464CFB7038B-LeaderElection1] INFO  impl.LeaderElection (LeaderElection.java:logAndReturn(61)) - omNode1@group-3464CFB7038B-LeaderElection1: Election TIMEOUT; received 0 response(s) [] and 0 exception(s); omNode1@group-3464CFB7038B:t75, leader=null, voted=omNode1, raftlog=omNode1@group-3464CFB7038B-SegmentedRaftLog:OPENED:c-1,f-1,i0, conf=-1: [omNode2:122.0.0.122:9872, omNode1:0.0.0.0:9872], old=null
2020-04-28 14:36:47,978 [omNode1@group-3464CFB7038B-LeaderElection1] INFO  impl.LeaderElection (LeaderElection.java:askForVotes(206)) - omNode1@group-3464CFB7038B-LeaderElection1: begin an election at term 76 for -1: [omNode2:122.0.0.122:9872, omNode1:0.0.0.0:9872], old=null
2020-04-28 14:36:48,085 [omNode1@group-3464CFB7038B-LeaderElection1] INFO  impl.LeaderElection (LeaderElection.java:logAndReturn(61)) - omNode1@group-3464CFB7038B-LeaderElection1: Election TIMEOUT; received 0 response(s) [] and 0 exception(s); omNode1@group-3464CFB7038B:t76, leader=null, voted=omNode1, raftlog=omNode1@group-3464CFB7038B-SegmentedRaftLog:OPENED:c-1,f-1,i0, conf=-1: [omNode2:122.0.0.122:9872, omNode1:0.0.0.0:9872], old=null
2020-04-28 14:36:48,087 [omNode1@group-3464CFB7038B-LeaderElection1] INFO  impl.LeaderElection (LeaderElection.java:askForVotes(206)) - omNode1@group-3464CFB7038B-LeaderElection1: begin an election at term 77 for -1: [omNode2:122.0.0.122:9872, omNode1:0.0.0.0:9872], old=null
2020-04-28 14:36:48,176 [omNode1@group-3464CFB7038B-LeaderElection1] INFO  impl.LeaderElection (LeaderElection.java:logAndReturn(61)) - omNode1@group-3464CFB7038B-LeaderElection1: Election TIMEOUT; received 0 response(s) [] and 0 exception(s); omNode1@group-3464CFB7038B:t77, leader=null, voted=omNode1, raftlog=omNode1@group-3464CFB7038B-SegmentedRaftLog:OPENED:c-1,f-1,i0, conf=-1: [omNode2:122.0.0.122:9872, omNode1:0.0.0.0:9872], old=null
2020-04-28 14:36:48,178 [omNode1@group-3464CFB7038B-LeaderElection1] INFO  impl.LeaderElection (LeaderElection.java:askForVotes(206)) - omNode1@group-3464CFB7038B-LeaderElection1: begin an election at term 78 for -1: [omNode2:122.0.0.122:9872, omNode1:0.0.0.0:9872], old=null
2020-04-28 14:36:48,183 [omNode1@group-3464CFB7038B-LeaderElection1] INFO  impl.LeaderElection (LeaderElection.java:logAndReturn(61)) - omNode1@group-3464CFB7038B-LeaderElection1: Election TIMEOUT; received 0 response(s) [] and 0 exception(s); omNode1@group-3464CFB7038B:t78, leader=null, voted=omNode1, raftlog=omNode1@group-3464CFB7038B-SegmentedRaftLog:OPENED:c-1,f-1,i0, conf=-1: [omNode2:122.0.0.122:9872, omNode1:0.0.0.0:9872], old=null
2020-04-28 14:36:48,184 [omNode1@group-3464CFB7038B-LeaderElection1] INFO  impl.LeaderElection (LeaderElection.java:askForVotes(206)) - omNode1@group-3464CFB7038B-LeaderElection1: begin an election at term 79 for -1: [omNode2:122.0.0.122:9872, omNode1:0.0.0.0:9872], old=null
2020-04-28 14:36:48,324 [omNode1@group-3464CFB7038B-LeaderElection1] INFO  impl.LeaderElection (LeaderElection.java:logAndReturn(61)) - omNode1@group-3464CFB7038B-LeaderElection1: Election TIMEOUT; received 0 response(s) [] and 0 exception(s); omNode1@group-3464CFB7038B:t79, leader=null, voted=omNode1, raftlog=omNode1@group-3464CFB7038B-SegmentedRaftLog:OPENED:c-1,f-1,i0, conf=-1: [omNode2:122.0.0.122:9872, omNode1:0.0.0.0:9872], old=null
2020-04-28 14:36:48,326 [omNode1@group-3464CFB7038B-LeaderElection1] INFO  impl.LeaderElection (LeaderElection.java:askForVotes(206)) - omNode1@group-3464CFB7038B-LeaderElection1: begin an election at term 80 for -1: [omNode2:122.0.0.122:9872, omNode1:0.0.0.0:9872], old=null
2020-04-28 14:36:48,405 [omNode1@group-3464CFB7038B-LeaderElection1] INFO  impl.LeaderElection (LeaderElection.java:logAndReturn(61)) - omNode1@group-3464CFB7038B-LeaderElection1: Election TIMEOUT; received 0 response(s) [] and 0 exception(s); omNode1@group-3464CFB7038B:t80, leader=null, voted=omNode1, raftlog=omNode1@group-3464CFB7038B-SegmentedRaftLog:OPENED:c-1,f-1,i0, conf=-1: [omNode2:122.0.0.122:9872, omNode1:0.0.0.0:9872], old=null
2020-04-28 14:36:48,406 [omNode1@group-3464CFB7038B-LeaderElection1] INFO  impl.LeaderElection (LeaderElection.java:askForVotes(206)) - omNode1@group-3464CFB7038B-LeaderElection1: begin an election at term 81 for -1: [omNode2:122.0.0.122:9872, omNode1:0.0.0.0:9872], old=null
2020-04-28 14:36:48,489 [omNode1@group-3464CFB7038B-LeaderElection1] INFO  impl.LeaderElection (LeaderElection.java:logAndReturn(61)) - omNode1@group-3464CFB7038B-LeaderElection1: Election TIMEOUT; received 0 response(s) [] and 0 exception(s); omNode1@group-3464CFB7038B:t81, leader=null, voted=omNode1, raftlog=omNode1@group-3464CFB7038B-SegmentedRaftLog:OPENED:c-1,f-1,i0, conf=-1: [omNode2:122.0.0.122:9872, omNode1:0.0.0.0:9872], old=null
2020-04-28 14:36:48,490 [omNode1@group-3464CFB7038B-LeaderElection1] INFO  impl.LeaderElection (LeaderElection.java:askForVotes(206)) - omNode1@group-3464CFB7038B-LeaderElection1: begin an election at term 82 for -1: [omNode2:122.0.0.122:9872, omNode1:0.0.0.0:9872], old=null
2020-04-28 14:36:48,526 [omNode1@group-3464CFB7038B-LeaderElection1] INFO  impl.LeaderElection (LeaderElection.java:logAndReturn(61)) - omNode1@group-3464CFB7038B-LeaderElection1: Election TIMEOUT; received 0 response(s) [] and 0 exception(s); omNode1@group-3464CFB7038B:t82, leader=null, voted=omNode1, raftlog=omNode1@group-3464CFB7038B-SegmentedRaftLog:OPENED:c-1,f-1,i0, conf=-1: [omNode2:122.0.0.122:9872, omNode1:0.0.0.0:9872], old=null
2020-04-28 14:36:48,528 [omNode1@group-3464CFB7038B-LeaderElection1] INFO  impl.LeaderElection (LeaderElection.java:askForVotes(206)) - omNode1@group-3464CFB7038B-LeaderElection1: begin an election at term 83 for -1: [omNode2:122.0.0.122:9872, omNode1:0.0.0.0:9872], old=null
2020-04-28 14:36:48,586 [omNode1@group-3464CFB7038B-LeaderElection1] INFO  impl.LeaderElection (LeaderElection.java:logAndReturn(61)) - omNode1@group-3464CFB7038B-LeaderElection1: Election TIMEOUT; received 0 response(s) [] and 0 exception(s); omNode1@group-3464CFB7038B:t83, leader=null, voted=omNode1, raftlog=omNode1@group-3464CFB7038B-SegmentedRaftLog:OPENED:c-1,f-1,i0, conf=-1: [omNode2:122.0.0.122:9872, omNode1:0.0.0.0:9872], old=null
2020-04-28 14:36:48,588 [omNode1@group-3464CFB7038B-LeaderElection1] INFO  impl.LeaderElection (LeaderElection.java:askForVotes(206)) - omNode1@group-3464CFB7038B-LeaderElection1: begin an election at term 84 for -1: [omNode2:122.0.0.122:9872, omNode1:0.0.0.0:9872], old=null
2020-04-28 14:36:48,598 [omNode1@group-3464CFB7038B-LeaderElection1] INFO  impl.LeaderElection (LeaderElection.java:logAndReturn(61)) - omNode1@group-3464CFB7038B-LeaderElection1: Election TIMEOUT; received 0 response(s) [] and 0 exception(s); omNode1@group-3464CFB7038B:t84, leader=null, voted=omNode1, raftlog=omNode1@group-3464CFB7038B-SegmentedRaftLog:OPENED:c-1,f-1,i0, conf=-1: [omNode2:122.0.0.122:9872, omNode1:0.0.0.0:9872], old=null
2020-04-28 14:36:48,599 [omNode1@group-3464CFB7038B-LeaderElection1] INFO  impl.LeaderElection (LeaderElection.java:askForVotes(206)) - omNode1@group-3464CFB7038B-LeaderElection1: begin an election at term 85 for -1: [omNode2:122.0.0.122:9872, omNode1:0.0.0.0:9872], old=null
2020-04-28 14:36:48,621 [omNode1@group-3464CFB7038B-LeaderElection1] INFO  impl.LeaderElection (LeaderElection.java:logAndReturn(61)) - omNode1@group-3464CFB7038B-LeaderElection1: Election TIMEOUT; received 0 response(s) [] and 0 exception(s); omNode1@group-3464CFB7038B:t85, leader=null, voted=omNode1, raftlog=omNode1@group-3464CFB7038B-SegmentedRaftLog:OPENED:c-1,f-1,i0, conf=-1: [omNode2:122.0.0.122:9872, omNode1:0.0.0.0:9872], old=null
2020-04-28 14:36:48,623 [omNode1@group-3464CFB7038B-LeaderElection1] INFO  impl.LeaderElection (LeaderElection.java:askForVotes(206)) - omNode1@group-3464CFB7038B-LeaderElection1: begin an election at term 86 for -1: [omNode2:122.0.0.122:9872, omNode1:0.0.0.0:9872], old=null
2020-04-28 14:36:48,660 [omNode1@group-3464CFB7038B-LeaderElection1] INFO  impl.LeaderElection (LeaderElection.java:logAndReturn(61)) - omNode1@group-3464CFB7038B-LeaderElection1: Election TIMEOUT; received 0 response(s) [] and 0 exception(s); omNode1@group-3464CFB7038B:t86, leader=null, voted=omNode1, raftlog=omNode1@group-3464CFB7038B-SegmentedRaftLog:OPENED:c-1,f-1,i0, conf=-1: [omNode2:122.0.0.122:9872, omNode1:0.0.0.0:9872], old=null
2020-04-28 14:36:48,662 [omNode1@group-3464CFB7038B-LeaderElection1] INFO  impl.LeaderElection (LeaderElection.java:askForVotes(206)) - omNode1@group-3464CFB7038B-LeaderElection1: begin an election at term 87 for -1: [omNode2:122.0.0.122:9872, omNode1:0.0.0.0:9872], old=null
2020-04-28 14:36:48,665 [omNode1@group-3464CFB7038B-LeaderElection1] INFO  impl.LeaderElection (LeaderElection.java:logAndReturn(61)) - omNode1@group-3464CFB7038B-LeaderElection1: Election TIMEOUT; received 0 response(s) [] and 0 exception(s); omNode1@group-3464CFB7038B:t87, leader=null, voted=omNode1, raftlog=omNode1@group-3464CFB7038B-SegmentedRaftLog:OPENED:c-1,f-1,i0, conf=-1: [omNode2:122.0.0.122:9872, omNode1:0.0.0.0:9872], old=null
2020-04-28 14:36:48,666 [omNode1@group-3464CFB7038B-LeaderElection1] INFO  impl.LeaderElection (LeaderElection.java:askForVotes(206)) - omNode1@group-3464CFB7038B-LeaderElection1: begin an election at term 88 for -1: [omNode2:122.0.0.122:9872, omNode1:0.0.0.0:9872], old=null
2020-04-28 14:36:48,751 [main] INFO  ozone.MiniOzoneClusterImpl (MiniOzoneClusterImpl.java:lambda$waitForClusterToBeReady$0(177)) - Nodes are ready. Got 3 of 3 DN Heartbeats.
2020-04-28 14:36:48,751 [main] INFO  ozone.MiniOzoneClusterImpl (MiniOzoneClusterImpl.java:lambda$waitForClusterToBeReady$0(180)) - Waiting for cluster to exit safe mode
2020-04-28 14:36:48,793 [omNode1@group-3464CFB7038B-LeaderElection1] INFO  impl.LeaderElection (LeaderElection.java:logAndReturn(61)) - omNode1@group-3464CFB7038B-LeaderElection1: Election TIMEOUT; received 0 response(s) [] and 0 exception(s); omNode1@group-3464CFB7038B:t88, leader=null, voted=omNode1, raftlog=omNode1@group-3464CFB7038B-SegmentedRaftLog:OPENED:c-1,f-1,i0, conf=-1: [omNode2:122.0.0.122:9872, omNode1:0.0.0.0:9872], old=null
2020-04-28 14:36:48,794 [omNode1@group-3464CFB7038B-LeaderElection1] INFO  impl.LeaderElection (LeaderElection.java:askForVotes(206)) - omNode1@group-3464CFB7038B-LeaderElection1: begin an election at term 89 for -1: [omNode2:122.0.0.122:9872, omNode1:0.0.0.0:9872], old=null
2020-04-28 14:36:48,920 [omNode1@group-3464CFB7038B-LeaderElection1] INFO  impl.LeaderElection (LeaderElection.java:logAndReturn(61)) - omNode1@group-3464CFB7038B-LeaderElection1: Election TIMEOUT; received 0 response(s) [] and 0 exception(s); omNode1@group-3464CFB7038B:t89, leader=null, voted=omNode1, raftlog=omNode1@group-3464CFB7038B-SegmentedRaftLog:OPENED:c-1,f-1,i0, conf=-1: [omNode2:122.0.0.122:9872, omNode1:0.0.0.0:9872], old=null
2020-04-28 14:36:48,922 [omNode1@group-3464CFB7038B-LeaderElection1] INFO  impl.LeaderElection (LeaderElection.java:askForVotes(206)) - omNode1@group-3464CFB7038B-LeaderElection1: begin an election at term 90 for -1: [omNode2:122.0.0.122:9872, omNode1:0.0.0.0:9872], old=null
2020-04-28 14:36:49,009 [omNode1@group-3464CFB7038B-LeaderElection1] INFO  impl.LeaderElection (LeaderElection.java:logAndReturn(61)) - omNode1@group-3464CFB7038B-LeaderElection1: Election TIMEOUT; received 0 response(s) [] and 0 exception(s); omNode1@group-3464CFB7038B:t90, leader=null, voted=omNode1, raftlog=omNode1@group-3464CFB7038B-SegmentedRaftLog:OPENED:c-1,f-1,i0, conf=-1: [omNode2:122.0.0.122:9872, omNode1:0.0.0.0:9872], old=null
2020-04-28 14:36:49,010 [omNode1@group-3464CFB7038B-LeaderElection1] INFO  impl.LeaderElection (LeaderElection.java:askForVotes(206)) - omNode1@group-3464CFB7038B-LeaderElection1: begin an election at term 91 for -1: [omNode2:122.0.0.122:9872, omNode1:0.0.0.0:9872], old=null
2020-04-28 14:36:49,205 [omNode1@group-3464CFB7038B-LeaderElection1] INFO  impl.LeaderElection (LeaderElection.java:logAndReturn(61)) - omNode1@group-3464CFB7038B-LeaderElection1: Election TIMEOUT; received 0 response(s) [] and 0 exception(s); omNode1@group-3464CFB7038B:t91, leader=null, voted=omNode1, raftlog=omNode1@group-3464CFB7038B-SegmentedRaftLog:OPENED:c-1,f-1,i0, conf=-1: [omNode2:122.0.0.122:9872, omNode1:0.0.0.0:9872], old=null
2020-04-28 14:36:49,207 [omNode1@group-3464CFB7038B-LeaderElection1] INFO  impl.LeaderElection (LeaderElection.java:askForVotes(206)) - omNode1@group-3464CFB7038B-LeaderElection1: begin an election at term 92 for -1: [omNode2:122.0.0.122:9872, omNode1:0.0.0.0:9872], old=null
2020-04-28 14:36:49,347 [omNode1@group-3464CFB7038B-LeaderElection1] INFO  impl.LeaderElection (LeaderElection.java:logAndReturn(61)) - omNode1@group-3464CFB7038B-LeaderElection1: Election TIMEOUT; received 0 response(s) [] and 0 exception(s); omNode1@group-3464CFB7038B:t92, leader=null, voted=omNode1, raftlog=omNode1@group-3464CFB7038B-SegmentedRaftLog:OPENED:c-1,f-1,i0, conf=-1: [omNode2:122.0.0.122:9872, omNode1:0.0.0.0:9872], old=null
2020-04-28 14:36:49,349 [omNode1@group-3464CFB7038B-LeaderElection1] INFO  impl.LeaderElection (LeaderElection.java:askForVotes(206)) - omNode1@group-3464CFB7038B-LeaderElection1: begin an election at term 93 for -1: [omNode2:122.0.0.122:9872, omNode1:0.0.0.0:9872], old=null
2020-04-28 14:36:49,392 [omNode1@group-3464CFB7038B-LeaderElection1] INFO  impl.LeaderElection (LeaderElection.java:logAndReturn(61)) - omNode1@group-3464CFB7038B-LeaderElection1: Election TIMEOUT; received 0 response(s) [] and 0 exception(s); omNode1@group-3464CFB7038B:t93, leader=null, voted=omNode1, raftlog=omNode1@group-3464CFB7038B-SegmentedRaftLog:OPENED:c-1,f-1,i0, conf=-1: [omNode2:122.0.0.122:9872, omNode1:0.0.0.0:9872], old=null
2020-04-28 14:36:49,393 [omNode1@group-3464CFB7038B-LeaderElection1] INFO  impl.LeaderElection (LeaderElection.java:askForVotes(206)) - omNode1@group-3464CFB7038B-LeaderElection1: begin an election at term 94 for -1: [omNode2:122.0.0.122:9872, omNode1:0.0.0.0:9872], old=null
2020-04-28 14:36:49,500 [omNode1@group-3464CFB7038B-LeaderElection1] INFO  impl.LeaderElection (LeaderElection.java:logAndReturn(61)) - omNode1@group-3464CFB7038B-LeaderElection1: Election TIMEOUT; received 0 response(s) [] and 0 exception(s); omNode1@group-3464CFB7038B:t94, leader=null, voted=omNode1, raftlog=omNode1@group-3464CFB7038B-SegmentedRaftLog:OPENED:c-1,f-1,i0, conf=-1: [omNode2:122.0.0.122:9872, omNode1:0.0.0.0:9872], old=null
2020-04-28 14:36:49,502 [omNode1@group-3464CFB7038B-LeaderElection1] INFO  impl.LeaderElection (LeaderElection.java:askForVotes(206)) - omNode1@group-3464CFB7038B-LeaderElection1: begin an election at term 95 for -1: [omNode2:122.0.0.122:9872, omNode1:0.0.0.0:9872], old=null
2020-04-28 14:36:49,628 [omNode1@group-3464CFB7038B-LeaderElection1] INFO  impl.LeaderElection (LeaderElection.java:logAndReturn(61)) - omNode1@group-3464CFB7038B-LeaderElection1: Election TIMEOUT; received 0 response(s) [] and 0 exception(s); omNode1@group-3464CFB7038B:t95, leader=null, voted=omNode1, raftlog=omNode1@group-3464CFB7038B-SegmentedRaftLog:OPENED:c-1,f-1,i0, conf=-1: [omNode2:122.0.0.122:9872, omNode1:0.0.0.0:9872], old=null
2020-04-28 14:36:49,630 [omNode1@group-3464CFB7038B-LeaderElection1] INFO  impl.LeaderElection (LeaderElection.java:askForVotes(206)) - omNode1@group-3464CFB7038B-LeaderElection1: begin an election at term 96 for -1: [omNode2:122.0.0.122:9872, omNode1:0.0.0.0:9872], old=null
2020-04-28 14:36:49,738 [omNode1@group-3464CFB7038B-LeaderElection1] INFO  impl.LeaderElection (LeaderElection.java:logAndReturn(61)) - omNode1@group-3464CFB7038B-LeaderElection1: Election TIMEOUT; received 0 response(s) [] and 0 exception(s); omNode1@group-3464CFB7038B:t96, leader=null, voted=omNode1, raftlog=omNode1@group-3464CFB7038B-SegmentedRaftLog:OPENED:c-1,f-1,i0, conf=-1: [omNode2:122.0.0.122:9872, omNode1:0.0.0.0:9872], old=null
2020-04-28 14:36:49,739 [omNode1@group-3464CFB7038B-LeaderElection1] INFO  impl.LeaderElection (LeaderElection.java:askForVotes(206)) - omNode1@group-3464CFB7038B-LeaderElection1: begin an election at term 97 for -1: [omNode2:122.0.0.122:9872, omNode1:0.0.0.0:9872], old=null
2020-04-28 14:36:49,751 [main] INFO  ozone.MiniOzoneClusterImpl (MiniOzoneClusterImpl.java:lambda$waitForClusterToBeReady$0(177)) - Nodes are ready. Got 3 of 3 DN Heartbeats.
2020-04-28 14:36:49,751 [main] INFO  ozone.MiniOzoneClusterImpl (MiniOzoneClusterImpl.java:lambda$waitForClusterToBeReady$0(180)) - Waiting for cluster to exit safe mode
2020-04-28 14:36:49,828 [omNode1@group-3464CFB7038B-LeaderElection1] INFO  impl.LeaderElection (LeaderElection.java:logAndReturn(61)) - omNode1@group-3464CFB7038B-LeaderElection1: Election TIMEOUT; received 0 response(s) [] and 0 exception(s); omNode1@group-3464CFB7038B:t97, leader=null, voted=omNode1, raftlog=omNode1@group-3464CFB7038B-SegmentedRaftLog:OPENED:c-1,f-1,i0, conf=-1: [omNode2:122.0.0.122:9872, omNode1:0.0.0.0:9872], old=null
2020-04-28 14:36:49,830 [omNode1@group-3464CFB7038B-LeaderElection1] INFO  impl.LeaderElection (LeaderElection.java:askForVotes(206)) - omNode1@group-3464CFB7038B-LeaderElection1: begin an election at term 98 for -1: [omNode2:122.0.0.122:9872, omNode1:0.0.0.0:9872], old=null
2020-04-28 14:36:50,017 [omNode1@group-3464CFB7038B-LeaderElection1] INFO  impl.LeaderElection (LeaderElection.java:logAndReturn(61)) - omNode1@group-3464CFB7038B-LeaderElection1: Election TIMEOUT; received 0 response(s) [] and 0 exception(s); omNode1@group-3464CFB7038B:t98, leader=null, voted=omNode1, raftlog=omNode1@group-3464CFB7038B-SegmentedRaftLog:OPENED:c-1,f-1,i0, conf=-1: [omNode2:122.0.0.122:9872, omNode1:0.0.0.0:9872], old=null
2020-04-28 14:36:50,019 [omNode1@group-3464CFB7038B-LeaderElection1] INFO  impl.LeaderElection (LeaderElection.java:askForVotes(206)) - omNode1@group-3464CFB7038B-LeaderElection1: begin an election at term 99 for -1: [omNode2:122.0.0.122:9872, omNode1:0.0.0.0:9872], old=null
2020-04-28 14:36:50,132 [omNode1@group-3464CFB7038B-LeaderElection1] INFO  impl.LeaderElection (LeaderElection.java:logAndReturn(61)) - omNode1@group-3464CFB7038B-LeaderElection1: Election TIMEOUT; received 0 response(s) [] and 0 exception(s); omNode1@group-3464CFB7038B:t99, leader=null, voted=omNode1, raftlog=omNode1@group-3464CFB7038B-SegmentedRaftLog:OPENED:c-1,f-1,i0, conf=-1: [omNode2:122.0.0.122:9872, omNode1:0.0.0.0:9872], old=null
2020-04-28 14:36:50,133 [omNode1@group-3464CFB7038B-LeaderElection1] INFO  impl.LeaderElection (LeaderElection.java:askForVotes(206)) - omNode1@group-3464CFB7038B-LeaderElection1: begin an election at term 100 for -1: [omNode2:122.0.0.122:9872, omNode1:0.0.0.0:9872], old=null
2020-04-28 14:36:50,274 [omNode1@group-3464CFB7038B-LeaderElection1] INFO  impl.LeaderElection (LeaderElection.java:logAndReturn(61)) - omNode1@group-3464CFB7038B-LeaderElection1: Election TIMEOUT; received 0 response(s) [] and 0 exception(s); omNode1@group-3464CFB7038B:t100, leader=null, voted=omNode1, raftlog=omNode1@group-3464CFB7038B-SegmentedRaftLog:OPENED:c-1,f-1,i0, conf=-1: [omNode2:122.0.0.122:9872, omNode1:0.0.0.0:9872], old=null
2020-04-28 14:36:50,276 [omNode1@group-3464CFB7038B-LeaderElection1] INFO  impl.LeaderElection (LeaderElection.java:askForVotes(206)) - omNode1@group-3464CFB7038B-LeaderElection1: begin an election at term 101 for -1: [omNode2:122.0.0.122:9872, omNode1:0.0.0.0:9872], old=null
2020-04-28 14:36:50,320 [omNode1@group-3464CFB7038B-LeaderElection1] INFO  impl.LeaderElection (LeaderElection.java:logAndReturn(61)) - omNode1@group-3464CFB7038B-LeaderElection1: Election TIMEOUT; received 0 response(s) [] and 0 exception(s); omNode1@group-3464CFB7038B:t101, leader=null, voted=omNode1, raftlog=omNode1@group-3464CFB7038B-SegmentedRaftLog:OPENED:c-1,f-1,i0, conf=-1: [omNode2:122.0.0.122:9872, omNode1:0.0.0.0:9872], old=null
2020-04-28 14:36:50,322 [omNode1@group-3464CFB7038B-LeaderElection1] INFO  impl.LeaderElection (LeaderElection.java:askForVotes(206)) - omNode1@group-3464CFB7038B-LeaderElection1: begin an election at term 102 for -1: [omNode2:122.0.0.122:9872, omNode1:0.0.0.0:9872], old=null
2020-04-28 14:36:50,345 [omNode1@group-3464CFB7038B-LeaderElection1] INFO  impl.LeaderElection (LeaderElection.java:logAndReturn(61)) - omNode1@group-3464CFB7038B-LeaderElection1: Election TIMEOUT; received 0 response(s) [] and 0 exception(s); omNode1@group-3464CFB7038B:t102, leader=null, voted=omNode1, raftlog=omNode1@group-3464CFB7038B-SegmentedRaftLog:OPENED:c-1,f-1,i0, conf=-1: [omNode2:122.0.0.122:9872, omNode1:0.0.0.0:9872], old=null
2020-04-28 14:36:50,347 [omNode1@group-3464CFB7038B-LeaderElection1] INFO  impl.LeaderElection (LeaderElection.java:askForVotes(206)) - omNode1@group-3464CFB7038B-LeaderElection1: begin an election at term 103 for -1: [omNode2:122.0.0.122:9872, omNode1:0.0.0.0:9872], old=null
2020-04-28 14:36:50,528 [omNode1@group-3464CFB7038B-LeaderElection1] INFO  impl.LeaderElection (LeaderElection.java:logAndReturn(61)) - omNode1@group-3464CFB7038B-LeaderElection1: Election TIMEOUT; received 0 response(s) [] and 0 exception(s); omNode1@group-3464CFB7038B:t103, leader=null, voted=omNode1, raftlog=omNode1@group-3464CFB7038B-SegmentedRaftLog:OPENED:c-1,f-1,i0, conf=-1: [omNode2:122.0.0.122:9872, omNode1:0.0.0.0:9872], old=null
2020-04-28 14:36:50,530 [omNode1@group-3464CFB7038B-LeaderElection1] INFO  impl.LeaderElection (LeaderElection.java:askForVotes(206)) - omNode1@group-3464CFB7038B-LeaderElection1: begin an election at term 104 for -1: [omNode2:122.0.0.122:9872, omNode1:0.0.0.0:9872], old=null
2020-04-28 14:36:50,594 [omNode1@group-3464CFB7038B-LeaderElection1] INFO  impl.LeaderElection (LeaderElection.java:logAndReturn(61)) - omNode1@group-3464CFB7038B-LeaderElection1: Election TIMEOUT; received 0 response(s) [] and 0 exception(s); omNode1@group-3464CFB7038B:t104, leader=null, voted=omNode1, raftlog=omNode1@group-3464CFB7038B-SegmentedRaftLog:OPENED:c-1,f-1,i0, conf=-1: [omNode2:122.0.0.122:9872, omNode1:0.0.0.0:9872], old=null
2020-04-28 14:36:50,596 [omNode1@group-3464CFB7038B-LeaderElection1] INFO  impl.LeaderElection (LeaderElection.java:askForVotes(206)) - omNode1@group-3464CFB7038B-LeaderElection1: begin an election at term 105 for -1: [omNode2:122.0.0.122:9872, omNode1:0.0.0.0:9872], old=null
2020-04-28 14:36:50,736 [omNode1@group-3464CFB7038B-LeaderElection1] INFO  impl.LeaderElection (LeaderElection.java:logAndReturn(61)) - omNode1@group-3464CFB7038B-LeaderElection1: Election TIMEOUT; received 0 response(s) [] and 0 exception(s); omNode1@group-3464CFB7038B:t105, leader=null, voted=omNode1, raftlog=omNode1@group-3464CFB7038B-SegmentedRaftLog:OPENED:c-1,f-1,i0, conf=-1: [omNode2:122.0.0.122:9872, omNode1:0.0.0.0:9872], old=null
2020-04-28 14:36:50,739 [omNode1@group-3464CFB7038B-LeaderElection1] INFO  impl.LeaderElection (LeaderElection.java:askForVotes(206)) - omNode1@group-3464CFB7038B-LeaderElection1: begin an election at term 106 for -1: [omNode2:122.0.0.122:9872, omNode1:0.0.0.0:9872], old=null
2020-04-28 14:36:50,751 [main] INFO  ozone.MiniOzoneClusterImpl (MiniOzoneClusterImpl.java:lambda$waitForClusterToBeReady$0(177)) - Nodes are ready. Got 3 of 3 DN Heartbeats.
2020-04-28 14:36:50,752 [main] INFO  ozone.MiniOzoneClusterImpl (MiniOzoneClusterImpl.java:lambda$waitForClusterToBeReady$0(180)) - Waiting for cluster to exit safe mode
2020-04-28 14:36:50,782 [omNode1@group-3464CFB7038B-LeaderElection1] INFO  impl.LeaderElection (LeaderElection.java:logAndReturn(61)) - omNode1@group-3464CFB7038B-LeaderElection1: Election TIMEOUT; received 0 response(s) [] and 0 exception(s); omNode1@group-3464CFB7038B:t106, leader=null, voted=omNode1, raftlog=omNode1@group-3464CFB7038B-SegmentedRaftLog:OPENED:c-1,f-1,i0, conf=-1: [omNode2:122.0.0.122:9872, omNode1:0.0.0.0:9872], old=null
2020-04-28 14:36:50,784 [omNode1@group-3464CFB7038B-LeaderElection1] INFO  impl.LeaderElection (LeaderElection.java:askForVotes(206)) - omNode1@group-3464CFB7038B-LeaderElection1: begin an election at term 107 for -1: [omNode2:122.0.0.122:9872, omNode1:0.0.0.0:9872], old=null
2020-04-28 14:36:50,985 [omNode1@group-3464CFB7038B-LeaderElection1] INFO  impl.LeaderElection (LeaderElection.java:logAndReturn(61)) - omNode1@group-3464CFB7038B-LeaderElection1: Election TIMEOUT; received 0 response(s) [] and 0 exception(s); omNode1@group-3464CFB7038B:t107, leader=null, voted=omNode1, raftlog=omNode1@group-3464CFB7038B-SegmentedRaftLog:OPENED:c-1,f-1,i0, conf=-1: [omNode2:122.0.0.122:9872, omNode1:0.0.0.0:9872], old=null
2020-04-28 14:36:50,986 [omNode1@group-3464CFB7038B-LeaderElection1] INFO  impl.LeaderElection (LeaderElection.java:askForVotes(206)) - omNode1@group-3464CFB7038B-LeaderElection1: begin an election at term 108 for -1: [omNode2:122.0.0.122:9872, omNode1:0.0.0.0:9872], old=null
2020-04-28 14:36:51,173 [omNode1@group-3464CFB7038B-LeaderElection1] INFO  impl.LeaderElection (LeaderElection.java:logAndReturn(61)) - omNode1@group-3464CFB7038B-LeaderElection1: Election TIMEOUT; received 0 response(s) [] and 0 exception(s); omNode1@group-3464CFB7038B:t108, leader=null, voted=omNode1, raftlog=omNode1@group-3464CFB7038B-SegmentedRaftLog:OPENED:c-1,f-1,i0, conf=-1: [omNode2:122.0.0.122:9872, omNode1:0.0.0.0:9872], old=null
2020-04-28 14:36:51,174 [omNode1@group-3464CFB7038B-LeaderElection1] INFO  impl.LeaderElection (LeaderElection.java:askForVotes(206)) - omNode1@group-3464CFB7038B-LeaderElection1: begin an election at term 109 for -1: [omNode2:122.0.0.122:9872, omNode1:0.0.0.0:9872], old=null
2020-04-28 14:36:51,253 [omNode1@group-3464CFB7038B-LeaderElection1] INFO  impl.LeaderElection (LeaderElection.java:logAndReturn(61)) - omNode1@group-3464CFB7038B-LeaderElection1: Election TIMEOUT; received 0 response(s) [] and 0 exception(s); omNode1@group-3464CFB7038B:t109, leader=null, voted=omNode1, raftlog=omNode1@group-3464CFB7038B-SegmentedRaftLog:OPENED:c-1,f-1,i0, conf=-1: [omNode2:122.0.0.122:9872, omNode1:0.0.0.0:9872], old=null
2020-04-28 14:36:51,254 [omNode1@group-3464CFB7038B-LeaderElection1] INFO  impl.LeaderElection (LeaderElection.java:askForVotes(206)) - omNode1@group-3464CFB7038B-LeaderElection1: begin an election at term 110 for -1: [omNode2:122.0.0.122:9872, omNode1:0.0.0.0:9872], old=null
2020-04-28 14:36:51,450 [omNode1@group-3464CFB7038B-LeaderElection1] INFO  impl.LeaderElection (LeaderElection.java:logAndReturn(61)) - omNode1@group-3464CFB7038B-LeaderElection1: Election TIMEOUT; received 0 response(s) [] and 0 exception(s); omNode1@group-3464CFB7038B:t110, leader=null, voted=omNode1, raftlog=omNode1@group-3464CFB7038B-SegmentedRaftLog:OPENED:c-1,f-1,i0, conf=-1: [omNode2:122.0.0.122:9872, omNode1:0.0.0.0:9872], old=null
2020-04-28 14:36:51,452 [omNode1@group-3464CFB7038B-LeaderElection1] INFO  impl.LeaderElection (LeaderElection.java:askForVotes(206)) - omNode1@group-3464CFB7038B-LeaderElection1: begin an election at term 111 for -1: [omNode2:122.0.0.122:9872, omNode1:0.0.0.0:9872], old=null
2020-04-28 14:36:51,536 [omNode1@group-3464CFB7038B-LeaderElection1] INFO  impl.LeaderElection (LeaderElection.java:logAndReturn(61)) - omNode1@group-3464CFB7038B-LeaderElection1: Election TIMEOUT; received 0 response(s) [] and 0 exception(s); omNode1@group-3464CFB7038B:t111, leader=null, voted=omNode1, raftlog=omNode1@group-3464CFB7038B-SegmentedRaftLog:OPENED:c-1,f-1,i0, conf=-1: [omNode2:122.0.0.122:9872, omNode1:0.0.0.0:9872], old=null
2020-04-28 14:36:51,538 [omNode1@group-3464CFB7038B-LeaderElection1] INFO  impl.LeaderElection (LeaderElection.java:askForVotes(206)) - omNode1@group-3464CFB7038B-LeaderElection1: begin an election at term 112 for -1: [omNode2:122.0.0.122:9872, omNode1:0.0.0.0:9872], old=null
2020-04-28 14:36:51,564 [omNode1@group-3464CFB7038B-LeaderElection1] INFO  impl.LeaderElection (LeaderElection.java:logAndReturn(61)) - omNode1@group-3464CFB7038B-LeaderElection1: Election TIMEOUT; received 0 response(s) [] and 0 exception(s); omNode1@group-3464CFB7038B:t112, leader=null, voted=omNode1, raftlog=omNode1@group-3464CFB7038B-SegmentedRaftLog:OPENED:c-1,f-1,i0, conf=-1: [omNode2:122.0.0.122:9872, omNode1:0.0.0.0:9872], old=null
2020-04-28 14:36:51,566 [omNode1@group-3464CFB7038B-LeaderElection1] INFO  impl.LeaderElection (LeaderElection.java:askForVotes(206)) - omNode1@group-3464CFB7038B-LeaderElection1: begin an election at term 113 for -1: [omNode2:122.0.0.122:9872, omNode1:0.0.0.0:9872], old=null
2020-04-28 14:36:51,655 [omNode1@group-3464CFB7038B-LeaderElection1] INFO  impl.LeaderElection (LeaderElection.java:logAndReturn(61)) - omNode1@group-3464CFB7038B-LeaderElection1: Election TIMEOUT; received 0 response(s) [] and 0 exception(s); omNode1@group-3464CFB7038B:t113, leader=null, voted=omNode1, raftlog=omNode1@group-3464CFB7038B-SegmentedRaftLog:OPENED:c-1,f-1,i0, conf=-1: [omNode2:122.0.0.122:9872, omNode1:0.0.0.0:9872], old=null
2020-04-28 14:36:51,663 [omNode1@group-3464CFB7038B-LeaderElection1] INFO  impl.LeaderElection (LeaderElection.java:askForVotes(206)) - omNode1@group-3464CFB7038B-LeaderElection1: begin an election at term 114 for -1: [omNode2:122.0.0.122:9872, omNode1:0.0.0.0:9872], old=null
2020-04-28 14:36:51,686 [omNode1@group-3464CFB7038B-LeaderElection1] INFO  impl.LeaderElection (LeaderElection.java:logAndReturn(61)) - omNode1@group-3464CFB7038B-LeaderElection1: Election TIMEOUT; received 0 response(s) [] and 0 exception(s); omNode1@group-3464CFB7038B:t114, leader=null, voted=omNode1, raftlog=omNode1@group-3464CFB7038B-SegmentedRaftLog:OPENED:c-1,f-1,i0, conf=-1: [omNode2:122.0.0.122:9872, omNode1:0.0.0.0:9872], old=null
2020-04-28 14:36:51,690 [omNode1@group-3464CFB7038B-LeaderElection1] INFO  impl.LeaderElection (LeaderElection.java:askForVotes(206)) - omNode1@group-3464CFB7038B-LeaderElection1: begin an election at term 115 for -1: [omNode2:122.0.0.122:9872, omNode1:0.0.0.0:9872], old=null
2020-04-28 14:36:51,752 [main] INFO  ozone.MiniOzoneClusterImpl (MiniOzoneClusterImpl.java:lambda$waitForClusterToBeReady$0(177)) - Nodes are ready. Got 3 of 3 DN Heartbeats.
2020-04-28 14:36:51,752 [main] INFO  ozone.MiniOzoneClusterImpl (MiniOzoneClusterImpl.java:lambda$waitForClusterToBeReady$0(180)) - Waiting for cluster to exit safe mode
2020-04-28 14:36:51,864 [omNode1@group-3464CFB7038B-LeaderElection1] INFO  impl.LeaderElection (LeaderElection.java:logAndReturn(61)) - omNode1@group-3464CFB7038B-LeaderElection1: Election TIMEOUT; received 0 response(s) [] and 0 exception(s); omNode1@group-3464CFB7038B:t115, leader=null, voted=omNode1, raftlog=omNode1@group-3464CFB7038B-SegmentedRaftLog:OPENED:c-1,f-1,i0, conf=-1: [omNode2:122.0.0.122:9872, omNode1:0.0.0.0:9872], old=null
2020-04-28 14:36:51,866 [omNode1@group-3464CFB7038B-LeaderElection1] INFO  impl.LeaderElection (LeaderElection.java:askForVotes(206)) - omNode1@group-3464CFB7038B-LeaderElection1: begin an election at term 116 for -1: [omNode2:122.0.0.122:9872, omNode1:0.0.0.0:9872], old=null
2020-04-28 14:36:51,964 [omNode1@group-3464CFB7038B-LeaderElection1] INFO  impl.LeaderElection (LeaderElection.java:logAndReturn(61)) - omNode1@group-3464CFB7038B-LeaderElection1: Election TIMEOUT; received 0 response(s) [] and 0 exception(s); omNode1@group-3464CFB7038B:t116, leader=null, voted=omNode1, raftlog=omNode1@group-3464CFB7038B-SegmentedRaftLog:OPENED:c-1,f-1,i0, conf=-1: [omNode2:122.0.0.122:9872, omNode1:0.0.0.0:9872], old=null
2020-04-28 14:36:51,966 [omNode1@group-3464CFB7038B-LeaderElection1] INFO  impl.LeaderElection (LeaderElection.java:askForVotes(206)) - omNode1@group-3464CFB7038B-LeaderElection1: begin an election at term 117 for -1: [omNode2:122.0.0.122:9872, omNode1:0.0.0.0:9872], old=null
2020-04-28 14:36:52,022 [omNode1@group-3464CFB7038B-LeaderElection1] INFO  impl.LeaderElection (LeaderElection.java:logAndReturn(61)) - omNode1@group-3464CFB7038B-LeaderElection1: Election TIMEOUT; received 0 response(s) [] and 0 exception(s); omNode1@group-3464CFB7038B:t117, leader=null, voted=omNode1, raftlog=omNode1@group-3464CFB7038B-SegmentedRaftLog:OPENED:c-1,f-1,i0, conf=-1: [omNode2:122.0.0.122:9872, omNode1:0.0.0.0:9872], old=null
2020-04-28 14:36:52,024 [omNode1@group-3464CFB7038B-LeaderElection1] INFO  impl.LeaderElection (LeaderElection.java:askForVotes(206)) - omNode1@group-3464CFB7038B-LeaderElection1: begin an election at term 118 for -1: [omNode2:122.0.0.122:9872, omNode1:0.0.0.0:9872], old=null
2020-04-28 14:36:52,079 [omNode1@group-3464CFB7038B-LeaderElection1] INFO  impl.LeaderElection (LeaderElection.java:logAndReturn(61)) - omNode1@group-3464CFB7038B-LeaderElection1: Election TIMEOUT; received 0 response(s) [] and 0 exception(s); omNode1@group-3464CFB7038B:t118, leader=null, voted=omNode1, raftlog=omNode1@group-3464CFB7038B-SegmentedRaftLog:OPENED:c-1,f-1,i0, conf=-1: [omNode2:122.0.0.122:9872, omNode1:0.0.0.0:9872], old=null
2020-04-28 14:36:52,081 [omNode1@group-3464CFB7038B-LeaderElection1] INFO  impl.LeaderElection (LeaderElection.java:askForVotes(206)) - omNode1@group-3464CFB7038B-LeaderElection1: begin an election at term 119 for -1: [omNode2:122.0.0.122:9872, omNode1:0.0.0.0:9872], old=null
2020-04-28 14:36:52,270 [omNode1@group-3464CFB7038B-LeaderElection1] INFO  impl.LeaderElection (LeaderElection.java:logAndReturn(61)) - omNode1@group-3464CFB7038B-LeaderElection1: Election TIMEOUT; received 0 response(s) [] and 0 exception(s); omNode1@group-3464CFB7038B:t119, leader=null, voted=omNode1, raftlog=omNode1@group-3464CFB7038B-SegmentedRaftLog:OPENED:c-1,f-1,i0, conf=-1: [omNode2:122.0.0.122:9872, omNode1:0.0.0.0:9872], old=null
2020-04-28 14:36:52,271 [omNode1@group-3464CFB7038B-LeaderElection1] INFO  impl.LeaderElection (LeaderElection.java:askForVotes(206)) - omNode1@group-3464CFB7038B-LeaderElection1: begin an election at term 120 for -1: [omNode2:122.0.0.122:9872, omNode1:0.0.0.0:9872], old=null
2020-04-28 14:36:52,457 [omNode1@group-3464CFB7038B-LeaderElection1] INFO  impl.LeaderElection (LeaderElection.java:logAndReturn(61)) - omNode1@group-3464CFB7038B-LeaderElection1: Election TIMEOUT; received 0 response(s) [] and 0 exception(s); omNode1@group-3464CFB7038B:t120, leader=null, voted=omNode1, raftlog=omNode1@group-3464CFB7038B-SegmentedRaftLog:OPENED:c-1,f-1,i0, conf=-1: [omNode2:122.0.0.122:9872, omNode1:0.0.0.0:9872], old=null
2020-04-28 14:36:52,458 [omNode1@group-3464CFB7038B-LeaderElection1] INFO  impl.LeaderElection (LeaderElection.java:askForVotes(206)) - omNode1@group-3464CFB7038B-LeaderElection1: begin an election at term 121 for -1: [omNode2:122.0.0.122:9872, omNode1:0.0.0.0:9872], old=null
2020-04-28 14:36:52,489 [Thread-256] INFO  impl.FollowerState (FollowerState.java:run(108)) - f48396e8-f861-4ea7-9d9a-a0d4272beba6@group-FBF1FF002355-FollowerState: change to CANDIDATE, lastRpcTime:5004ms, electionTimeout:5003ms
2020-04-28 14:36:52,490 [Thread-256] INFO  impl.RoleInfo (RoleInfo.java:shutdownFollowerState(121)) - f48396e8-f861-4ea7-9d9a-a0d4272beba6: shutdown FollowerState
2020-04-28 14:36:52,490 [Thread-256] INFO  impl.RaftServerImpl (RaftServerImpl.java:setRole(172)) - f48396e8-f861-4ea7-9d9a-a0d4272beba6@group-FBF1FF002355: changes role from  FOLLOWER to CANDIDATE at term 0 for changeToCandidate
2020-04-28 14:36:52,490 [Thread-256] INFO  impl.RoleInfo (RoleInfo.java:updateAndGet(143)) - f48396e8-f861-4ea7-9d9a-a0d4272beba6: start LeaderElection
2020-04-28 14:36:52,493 [f48396e8-f861-4ea7-9d9a-a0d4272beba6@group-FBF1FF002355-LeaderElection2] INFO  impl.LeaderElection (LeaderElection.java:askForVotes(206)) - f48396e8-f861-4ea7-9d9a-a0d4272beba6@group-FBF1FF002355-LeaderElection2: begin an election at term 1 for -1: [f48396e8-f861-4ea7-9d9a-a0d4272beba6:172.17.0.2:34957], old=null
2020-04-28 14:36:52,493 [f48396e8-f861-4ea7-9d9a-a0d4272beba6@group-FBF1FF002355-LeaderElection2] INFO  impl.RoleInfo (RoleInfo.java:shutdownLeaderElection(134)) - f48396e8-f861-4ea7-9d9a-a0d4272beba6: shutdown LeaderElection
2020-04-28 14:36:52,494 [f48396e8-f861-4ea7-9d9a-a0d4272beba6@group-FBF1FF002355-LeaderElection2] INFO  impl.RaftServerImpl (RaftServerImpl.java:setRole(172)) - f48396e8-f861-4ea7-9d9a-a0d4272beba6@group-FBF1FF002355: changes role from CANDIDATE to LEADER at term 1 for changeToLeader
2020-04-28 14:36:52,494 [f48396e8-f861-4ea7-9d9a-a0d4272beba6@group-FBF1FF002355-LeaderElection2] INFO  ratis.XceiverServerRatis (XceiverServerRatis.java:handleLeaderChangedNotification(761)) - Leader change notification received for group: group-FBF1FF002355 with new leaderId: f48396e8-f861-4ea7-9d9a-a0d4272beba6
2020-04-28 14:36:52,495 [f48396e8-f861-4ea7-9d9a-a0d4272beba6@group-FBF1FF002355-LeaderElection2] INFO  impl.RaftServerImpl (ServerState.java:setLeader(255)) - f48396e8-f861-4ea7-9d9a-a0d4272beba6@group-FBF1FF002355: change Leader from null to f48396e8-f861-4ea7-9d9a-a0d4272beba6 at term 1 for becomeLeader, leader elected after 5027ms
2020-04-28 14:36:52,501 [f48396e8-f861-4ea7-9d9a-a0d4272beba6@group-FBF1FF002355-LeaderElection2] INFO  server.RaftServerConfigKeys (ConfUtils.java:logGet(44)) - raft.server.staging.catchup.gap = 1000 (default)
2020-04-28 14:36:52,501 [f48396e8-f861-4ea7-9d9a-a0d4272beba6@group-FBF1FF002355-LeaderElection2] INFO  server.RaftServerConfigKeys (ConfUtils.java:logGet(44)) - raft.server.rpc.sleep.time = 25ms (default)
2020-04-28 14:36:52,504 [f48396e8-f861-4ea7-9d9a-a0d4272beba6@group-FBF1FF002355-LeaderElection2] INFO  metrics.RatisMetrics (RatisMetrics.java:lambda$create$0(39)) - Creating Metrics Registry : ratis.log_appender.f48396e8-f861-4ea7-9d9a-a0d4272beba6@group-FBF1FF002355
2020-04-28 14:36:52,507 [f48396e8-f861-4ea7-9d9a-a0d4272beba6@group-FBF1FF002355-LeaderElection2] INFO  server.RaftServerConfigKeys (ConfUtils.java:logGet(44)) - raft.server.write.element-limit = 1024 (custom)
2020-04-28 14:36:52,507 [f48396e8-f861-4ea7-9d9a-a0d4272beba6@group-FBF1FF002355-LeaderElection2] INFO  server.RaftServerConfigKeys (ConfUtils.java:logGet(44)) - raft.server.write.byte-limit = 1073741824 (custom)
2020-04-28 14:36:52,517 [f48396e8-f861-4ea7-9d9a-a0d4272beba6@group-FBF1FF002355-LeaderElection2] INFO  server.RaftServerConfigKeys (ConfUtils.java:logGet(44)) - raft.server.watch.timeout = 180s (custom)
2020-04-28 14:36:52,518 [f48396e8-f861-4ea7-9d9a-a0d4272beba6@group-FBF1FF002355-LeaderElection2] INFO  server.RaftServerConfigKeys (ConfUtils.java:logGet(44)) - raft.server.watch.timeout.denomination = 1s (default)
2020-04-28 14:36:52,518 [f48396e8-f861-4ea7-9d9a-a0d4272beba6@group-FBF1FF002355-LeaderElection2] INFO  server.RaftServerConfigKeys (ConfUtils.java:logGet(44)) - raft.server.watch.element-limit = 65536 (default)
2020-04-28 14:36:52,527 [f48396e8-f861-4ea7-9d9a-a0d4272beba6@group-FBF1FF002355-LeaderElection2] INFO  impl.RoleInfo (RoleInfo.java:updateAndGet(143)) - f48396e8-f861-4ea7-9d9a-a0d4272beba6: start LeaderState
2020-04-28 14:36:52,548 [f48396e8-f861-4ea7-9d9a-a0d4272beba6@group-FBF1FF002355-LeaderElection2] INFO  segmented.SegmentedRaftLogWorker (SegmentedRaftLogWorker.java:startLogSegment(391)) - f48396e8-f861-4ea7-9d9a-a0d4272beba6@group-FBF1FF002355-SegmentedRaftLogWorker: Starting segment from index:0
2020-04-28 14:36:52,574 [f48396e8-f861-4ea7-9d9a-a0d4272beba6@group-FBF1FF002355-LeaderElection2] INFO  impl.RaftServerImpl (ServerState.java:setRaftConf(356)) - f48396e8-f861-4ea7-9d9a-a0d4272beba6@group-FBF1FF002355: set configuration 0: [f48396e8-f861-4ea7-9d9a-a0d4272beba6:172.17.0.2:34957], old=null at 0
2020-04-28 14:36:52,632 [omNode1@group-3464CFB7038B-LeaderElection1] INFO  impl.LeaderElection (LeaderElection.java:logAndReturn(61)) - omNode1@group-3464CFB7038B-LeaderElection1: Election TIMEOUT; received 0 response(s) [] and 0 exception(s); omNode1@group-3464CFB7038B:t121, leader=null, voted=omNode1, raftlog=omNode1@group-3464CFB7038B-SegmentedRaftLog:OPENED:c-1,f-1,i0, conf=-1: [omNode2:122.0.0.122:9872, omNode1:0.0.0.0:9872], old=null
2020-04-28 14:36:52,633 [omNode1@group-3464CFB7038B-LeaderElection1] INFO  impl.LeaderElection (LeaderElection.java:askForVotes(206)) - omNode1@group-3464CFB7038B-LeaderElection1: begin an election at term 122 for -1: [omNode2:122.0.0.122:9872, omNode1:0.0.0.0:9872], old=null
2020-04-28 14:36:52,664 [f48396e8-f861-4ea7-9d9a-a0d4272beba6@group-FBF1FF002355-SegmentedRaftLogWorker] INFO  segmented.SegmentedRaftLogWorker (SegmentedRaftLogWorker.java:execute(583)) - f48396e8-f861-4ea7-9d9a-a0d4272beba6@group-FBF1FF002355-SegmentedRaftLogWorker: created new log segment /github/workspace/mnt/ozone/hadoop-ozone/integration-test/target/test-dir/MiniOzoneClusterImpl-bcc7daa9-737a-4aaa-b298-78757390e1e5/datanode-0/data/ratis/3d0112b6-bb9d-4b4b-a67e-fbf1ff002355/current/log_inprogress_0
2020-04-28 14:36:52,710 [omNode1@group-3464CFB7038B-LeaderElection1] INFO  impl.LeaderElection (LeaderElection.java:logAndReturn(61)) - omNode1@group-3464CFB7038B-LeaderElection1: Election TIMEOUT; received 0 response(s) [] and 0 exception(s); omNode1@group-3464CFB7038B:t122, leader=null, voted=omNode1, raftlog=omNode1@group-3464CFB7038B-SegmentedRaftLog:OPENED:c-1,f-1,i0, conf=-1: [omNode2:122.0.0.122:9872, omNode1:0.0.0.0:9872], old=null
2020-04-28 14:36:52,712 [omNode1@group-3464CFB7038B-LeaderElection1] INFO  impl.LeaderElection (LeaderElection.java:askForVotes(206)) - omNode1@group-3464CFB7038B-LeaderElection1: begin an election at term 123 for -1: [omNode2:122.0.0.122:9872, omNode1:0.0.0.0:9872], old=null
2020-04-28 14:36:52,752 [main] INFO  ozone.MiniOzoneClusterImpl (MiniOzoneClusterImpl.java:lambda$waitForClusterToBeReady$0(177)) - Nodes are ready. Got 3 of 3 DN Heartbeats.
2020-04-28 14:36:52,752 [main] INFO  ozone.MiniOzoneClusterImpl (MiniOzoneClusterImpl.java:lambda$waitForClusterToBeReady$0(180)) - Waiting for cluster to exit safe mode
2020-04-28 14:36:52,815 [Thread-260] INFO  impl.FollowerState (FollowerState.java:run(108)) - b49cd372-011e-4c73-9cd9-f6b19e929270@group-BB78CE42D49A-FollowerState: change to CANDIDATE, lastRpcTime:5182ms, electionTimeout:5181ms
2020-04-28 14:36:52,816 [Thread-260] INFO  impl.RoleInfo (RoleInfo.java:shutdownFollowerState(121)) - b49cd372-011e-4c73-9cd9-f6b19e929270: shutdown FollowerState
2020-04-28 14:36:52,816 [Thread-260] INFO  impl.RaftServerImpl (RaftServerImpl.java:setRole(172)) - b49cd372-011e-4c73-9cd9-f6b19e929270@group-BB78CE42D49A: changes role from  FOLLOWER to CANDIDATE at term 0 for changeToCandidate
2020-04-28 14:36:52,816 [Thread-260] INFO  impl.RoleInfo (RoleInfo.java:updateAndGet(143)) - b49cd372-011e-4c73-9cd9-f6b19e929270: start LeaderElection
2020-04-28 14:36:52,825 [b49cd372-011e-4c73-9cd9-f6b19e929270@group-BB78CE42D49A-LeaderElection3] INFO  impl.LeaderElection (LeaderElection.java:askForVotes(206)) - b49cd372-011e-4c73-9cd9-f6b19e929270@group-BB78CE42D49A-LeaderElection3: begin an election at term 1 for -1: [b49cd372-011e-4c73-9cd9-f6b19e929270:172.17.0.2:39859], old=null
2020-04-28 14:36:52,826 [b49cd372-011e-4c73-9cd9-f6b19e929270@group-BB78CE42D49A-LeaderElection3] INFO  impl.RoleInfo (RoleInfo.java:shutdownLeaderElection(134)) - b49cd372-011e-4c73-9cd9-f6b19e929270: shutdown LeaderElection
2020-04-28 14:36:52,826 [b49cd372-011e-4c73-9cd9-f6b19e929270@group-BB78CE42D49A-LeaderElection3] INFO  impl.RaftServerImpl (RaftServerImpl.java:setRole(172)) - b49cd372-011e-4c73-9cd9-f6b19e929270@group-BB78CE42D49A: changes role from CANDIDATE to LEADER at term 1 for changeToLeader
2020-04-28 14:36:52,826 [b49cd372-011e-4c73-9cd9-f6b19e929270@group-BB78CE42D49A-LeaderElection3] INFO  ratis.XceiverServerRatis (XceiverServerRatis.java:handleLeaderChangedNotification(761)) - Leader change notification received for group: group-BB78CE42D49A with new leaderId: b49cd372-011e-4c73-9cd9-f6b19e929270
2020-04-28 14:36:52,826 [b49cd372-011e-4c73-9cd9-f6b19e929270@group-BB78CE42D49A-LeaderElection3] INFO  impl.RaftServerImpl (ServerState.java:setLeader(255)) - b49cd372-011e-4c73-9cd9-f6b19e929270@group-BB78CE42D49A: change Leader from null to b49cd372-011e-4c73-9cd9-f6b19e929270 at term 1 for becomeLeader, leader elected after 5200ms
2020-04-28 14:36:52,827 [b49cd372-011e-4c73-9cd9-f6b19e929270@group-BB78CE42D49A-LeaderElection3] INFO  server.RaftServerConfigKeys (ConfUtils.java:logGet(44)) - raft.server.staging.catchup.gap = 1000 (default)
2020-04-28 14:36:52,827 [b49cd372-011e-4c73-9cd9-f6b19e929270@group-BB78CE42D49A-LeaderElection3] INFO  server.RaftServerConfigKeys (ConfUtils.java:logGet(44)) - raft.server.rpc.sleep.time = 25ms (default)
2020-04-28 14:36:52,827 [b49cd372-011e-4c73-9cd9-f6b19e929270@group-BB78CE42D49A-LeaderElection3] INFO  metrics.RatisMetrics (RatisMetrics.java:lambda$create$0(39)) - Creating Metrics Registry : ratis.log_appender.b49cd372-011e-4c73-9cd9-f6b19e929270@group-BB78CE42D49A
2020-04-28 14:36:52,828 [b49cd372-011e-4c73-9cd9-f6b19e929270@group-BB78CE42D49A-LeaderElection3] INFO  server.RaftServerConfigKeys (ConfUtils.java:logGet(44)) - raft.server.write.element-limit = 1024 (custom)
2020-04-28 14:36:52,828 [b49cd372-011e-4c73-9cd9-f6b19e929270@group-BB78CE42D49A-LeaderElection3] INFO  server.RaftServerConfigKeys (ConfUtils.java:logGet(44)) - raft.server.write.byte-limit = 1073741824 (custom)
2020-04-28 14:36:52,828 [b49cd372-011e-4c73-9cd9-f6b19e929270@group-BB78CE42D49A-LeaderElection3] INFO  server.RaftServerConfigKeys (ConfUtils.java:logGet(44)) - raft.server.watch.timeout = 180s (custom)
2020-04-28 14:36:52,828 [b49cd372-011e-4c73-9cd9-f6b19e929270@group-BB78CE42D49A-LeaderElection3] INFO  server.RaftServerConfigKeys (ConfUtils.java:logGet(44)) - raft.server.watch.timeout.denomination = 1s (default)
2020-04-28 14:36:52,828 [b49cd372-011e-4c73-9cd9-f6b19e929270@group-BB78CE42D49A-LeaderElection3] INFO  server.RaftServerConfigKeys (ConfUtils.java:logGet(44)) - raft.server.watch.element-limit = 65536 (default)
2020-04-28 14:36:52,829 [b49cd372-011e-4c73-9cd9-f6b19e929270@group-BB78CE42D49A-LeaderElection3] INFO  impl.RoleInfo (RoleInfo.java:updateAndGet(143)) - b49cd372-011e-4c73-9cd9-f6b19e929270: start LeaderState
2020-04-28 14:36:52,829 [b49cd372-011e-4c73-9cd9-f6b19e929270@group-BB78CE42D49A-LeaderElection3] INFO  segmented.SegmentedRaftLogWorker (SegmentedRaftLogWorker.java:startLogSegment(391)) - b49cd372-011e-4c73-9cd9-f6b19e929270@group-BB78CE42D49A-SegmentedRaftLogWorker: Starting segment from index:0
2020-04-28 14:36:52,830 [b49cd372-011e-4c73-9cd9-f6b19e929270@group-BB78CE42D49A-SegmentedRaftLogWorker] INFO  segmented.SegmentedRaftLogWorker (SegmentedRaftLogWorker.java:execute(583)) - b49cd372-011e-4c73-9cd9-f6b19e929270@group-BB78CE42D49A-SegmentedRaftLogWorker: created new log segment /github/workspace/mnt/ozone/hadoop-ozone/integration-test/target/test-dir/MiniOzoneClusterImpl-bcc7daa9-737a-4aaa-b298-78757390e1e5/datanode-1/data/ratis/36de566f-329e-408e-addd-bb78ce42d49a/current/log_inprogress_0
2020-04-28 14:36:52,832 [b49cd372-011e-4c73-9cd9-f6b19e929270@group-BB78CE42D49A-LeaderElection3] INFO  impl.RaftServerImpl (ServerState.java:setRaftConf(356)) - b49cd372-011e-4c73-9cd9-f6b19e929270@group-BB78CE42D49A: set configuration 0: [b49cd372-011e-4c73-9cd9-f6b19e929270:172.17.0.2:39859], old=null at 0
2020-04-28 14:36:52,867 [omNode1@group-3464CFB7038B-LeaderElection1] INFO  impl.LeaderElection (LeaderElection.java:logAndReturn(61)) - omNode1@group-3464CFB7038B-LeaderElection1: Election TIMEOUT; received 0 response(s) [] and 0 exception(s); omNode1@group-3464CFB7038B:t123, leader=null, voted=omNode1, raftlog=omNode1@group-3464CFB7038B-SegmentedRaftLog:OPENED:c-1,f-1,i0, conf=-1: [omNode2:122.0.0.122:9872, omNode1:0.0.0.0:9872], old=null
2020-04-28 14:36:52,868 [omNode1@group-3464CFB7038B-LeaderElection1] INFO  impl.LeaderElection (LeaderElection.java:askForVotes(206)) - omNode1@group-3464CFB7038B-LeaderElection1: begin an election at term 124 for -1: [omNode2:122.0.0.122:9872, omNode1:0.0.0.0:9872], old=null
2020-04-28 14:36:53,034 [omNode1@group-3464CFB7038B-LeaderElection1] INFO  impl.LeaderElection (LeaderElection.java:logAndReturn(61)) - omNode1@group-3464CFB7038B-LeaderElection1: Election TIMEOUT; received 0 response(s) [] and 0 exception(s); omNode1@group-3464CFB7038B:t124, leader=null, voted=omNode1, raftlog=omNode1@group-3464CFB7038B-SegmentedRaftLog:OPENED:c-1,f-1,i0, conf=-1: [omNode2:122.0.0.122:9872, omNode1:0.0.0.0:9872], old=null
2020-04-28 14:36:53,036 [omNode1@group-3464CFB7038B-LeaderElection1] INFO  impl.LeaderElection (LeaderElection.java:askForVotes(206)) - omNode1@group-3464CFB7038B-LeaderElection1: begin an election at term 125 for -1: [omNode2:122.0.0.122:9872, omNode1:0.0.0.0:9872], old=null
2020-04-28 14:36:53,100 [omNode1@group-3464CFB7038B-LeaderElection1] INFO  impl.LeaderElection (LeaderElection.java:logAndReturn(61)) - omNode1@group-3464CFB7038B-LeaderElection1: Election TIMEOUT; received 0 response(s) [] and 0 exception(s); omNode1@group-3464CFB7038B:t125, leader=null, voted=omNode1, raftlog=omNode1@group-3464CFB7038B-SegmentedRaftLog:OPENED:c-1,f-1,i0, conf=-1: [omNode2:122.0.0.122:9872, omNode1:0.0.0.0:9872], old=null
2020-04-28 14:36:53,101 [omNode1@group-3464CFB7038B-LeaderElection1] INFO  impl.LeaderElection (LeaderElection.java:askForVotes(206)) - omNode1@group-3464CFB7038B-LeaderElection1: begin an election at term 126 for -1: [omNode2:122.0.0.122:9872, omNode1:0.0.0.0:9872], old=null
2020-04-28 14:36:53,157 [omNode1@group-3464CFB7038B-LeaderElection1] INFO  impl.LeaderElection (LeaderElection.java:logAndReturn(61)) - omNode1@group-3464CFB7038B-LeaderElection1: Election TIMEOUT; received 0 response(s) [] and 0 exception(s); omNode1@group-3464CFB7038B:t126, leader=null, voted=omNode1, raftlog=omNode1@group-3464CFB7038B-SegmentedRaftLog:OPENED:c-1,f-1,i0, conf=-1: [omNode2:122.0.0.122:9872, omNode1:0.0.0.0:9872], old=null
2020-04-28 14:36:53,159 [omNode1@group-3464CFB7038B-LeaderElection1] INFO  impl.LeaderElection (LeaderElection.java:askForVotes(206)) - omNode1@group-3464CFB7038B-LeaderElection1: begin an election at term 127 for -1: [omNode2:122.0.0.122:9872, omNode1:0.0.0.0:9872], old=null
2020-04-28 14:36:53,331 [omNode1@group-3464CFB7038B-LeaderElection1] INFO  impl.LeaderElection (LeaderElection.java:logAndReturn(61)) - omNode1@group-3464CFB7038B-LeaderElection1: Election TIMEOUT; received 0 response(s) [] and 0 exception(s); omNode1@group-3464CFB7038B:t127, leader=null, voted=omNode1, raftlog=omNode1@group-3464CFB7038B-SegmentedRaftLog:OPENED:c-1,f-1,i0, conf=-1: [omNode2:122.0.0.122:9872, omNode1:0.0.0.0:9872], old=null
2020-04-28 14:36:53,332 [omNode1@group-3464CFB7038B-LeaderElection1] INFO  impl.LeaderElection (LeaderElection.java:askForVotes(206)) - omNode1@group-3464CFB7038B-LeaderElection1: begin an election at term 128 for -1: [omNode2:122.0.0.122:9872, omNode1:0.0.0.0:9872], old=null
2020-04-28 14:36:53,465 [omNode1@group-3464CFB7038B-LeaderElection1] INFO  impl.LeaderElection (LeaderElection.java:logAndReturn(61)) - omNode1@group-3464CFB7038B-LeaderElection1: Election TIMEOUT; received 0 response(s) [] and 0 exception(s); omNode1@group-3464CFB7038B:t128, leader=null, voted=omNode1, raftlog=omNode1@group-3464CFB7038B-SegmentedRaftLog:OPENED:c-1,f-1,i0, conf=-1: [omNode2:122.0.0.122:9872, omNode1:0.0.0.0:9872], old=null
2020-04-28 14:36:53,467 [omNode1@group-3464CFB7038B-LeaderElection1] INFO  impl.LeaderElection (LeaderElection.java:askForVotes(206)) - omNode1@group-3464CFB7038B-LeaderElection1: begin an election at term 129 for -1: [omNode2:122.0.0.122:9872, omNode1:0.0.0.0:9872], old=null
2020-04-28 14:36:53,477 [omNode1@group-3464CFB7038B-LeaderElection1] INFO  impl.LeaderElection (LeaderElection.java:logAndReturn(61)) - omNode1@group-3464CFB7038B-LeaderElection1: Election TIMEOUT; received 0 response(s) [] and 0 exception(s); omNode1@group-3464CFB7038B:t129, leader=null, voted=omNode1, raftlog=omNode1@group-3464CFB7038B-SegmentedRaftLog:OPENED:c-1,f-1,i0, conf=-1: [omNode2:122.0.0.122:9872, omNode1:0.0.0.0:9872], old=null
2020-04-28 14:36:53,478 [omNode1@group-3464CFB7038B-LeaderElection1] INFO  impl.LeaderElection (LeaderElection.java:askForVotes(206)) - omNode1@group-3464CFB7038B-LeaderElection1: begin an election at term 130 for -1: [omNode2:122.0.0.122:9872, omNode1:0.0.0.0:9872], old=null
2020-04-28 14:36:53,554 [omNode1@group-3464CFB7038B-LeaderElection1] INFO  impl.LeaderElection (LeaderElection.java:logAndReturn(61)) - omNode1@group-3464CFB7038B-LeaderElection1: Election TIMEOUT; received 0 response(s) [] and 0 exception(s); omNode1@group-3464CFB7038B:t130, leader=null, voted=omNode1, raftlog=omNode1@group-3464CFB7038B-SegmentedRaftLog:OPENED:c-1,f-1,i0, conf=-1: [omNode2:122.0.0.122:9872, omNode1:0.0.0.0:9872], old=null
2020-04-28 14:36:53,556 [omNode1@group-3464CFB7038B-LeaderElection1] INFO  impl.LeaderElection (LeaderElection.java:askForVotes(206)) - omNode1@group-3464CFB7038B-LeaderElection1: begin an election at term 131 for -1: [omNode2:122.0.0.122:9872, omNode1:0.0.0.0:9872], old=null
2020-04-28 14:36:53,736 [omNode1@group-3464CFB7038B-LeaderElection1] INFO  impl.LeaderElection (LeaderElection.java:logAndReturn(61)) - omNode1@group-3464CFB7038B-LeaderElection1: Election TIMEOUT; received 0 response(s) [] and 0 exception(s); omNode1@group-3464CFB7038B:t131, leader=null, voted=omNode1, raftlog=omNode1@group-3464CFB7038B-SegmentedRaftLog:OPENED:c-1,f-1,i0, conf=-1: [omNode2:122.0.0.122:9872, omNode1:0.0.0.0:9872], old=null
2020-04-28 14:36:53,737 [omNode1@group-3464CFB7038B-LeaderElection1] INFO  impl.LeaderElection (LeaderElection.java:askForVotes(206)) - omNode1@group-3464CFB7038B-LeaderElection1: begin an election at term 132 for -1: [omNode2:122.0.0.122:9872, omNode1:0.0.0.0:9872], old=null
2020-04-28 14:36:53,753 [main] INFO  ozone.MiniOzoneClusterImpl (MiniOzoneClusterImpl.java:lambda$waitForClusterToBeReady$0(177)) - Nodes are ready. Got 3 of 3 DN Heartbeats.
2020-04-28 14:36:53,753 [main] INFO  ozone.MiniOzoneClusterImpl (MiniOzoneClusterImpl.java:lambda$waitForClusterToBeReady$0(180)) - Waiting for cluster to exit safe mode
2020-04-28 14:36:53,863 [omNode1@group-3464CFB7038B-LeaderElection1] INFO  impl.LeaderElection (LeaderElection.java:logAndReturn(61)) - omNode1@group-3464CFB7038B-LeaderElection1: Election TIMEOUT; received 0 response(s) [] and 0 exception(s); omNode1@group-3464CFB7038B:t132, leader=null, voted=omNode1, raftlog=omNode1@group-3464CFB7038B-SegmentedRaftLog:OPENED:c-1,f-1,i0, conf=-1: [omNode2:122.0.0.122:9872, omNode1:0.0.0.0:9872], old=null
2020-04-28 14:36:53,864 [omNode1@group-3464CFB7038B-LeaderElection1] INFO  impl.LeaderElection (LeaderElection.java:askForVotes(206)) - omNode1@group-3464CFB7038B-LeaderElection1: begin an election at term 133 for -1: [omNode2:122.0.0.122:9872, omNode1:0.0.0.0:9872], old=null
2020-04-28 14:36:53,957 [omNode1@group-3464CFB7038B-LeaderElection1] INFO  impl.LeaderElection (LeaderElection.java:logAndReturn(61)) - omNode1@group-3464CFB7038B-LeaderElection1: Election TIMEOUT; received 0 response(s) [] and 0 exception(s); omNode1@group-3464CFB7038B:t133, leader=null, voted=omNode1, raftlog=omNode1@group-3464CFB7038B-SegmentedRaftLog:OPENED:c-1,f-1,i0, conf=-1: [omNode2:122.0.0.122:9872, omNode1:0.0.0.0:9872], old=null
2020-04-28 14:36:53,958 [omNode1@group-3464CFB7038B-LeaderElection1] INFO  impl.LeaderElection (LeaderElection.java:askForVotes(206)) - omNode1@group-3464CFB7038B-LeaderElection1: begin an election at term 134 for -1: [omNode2:122.0.0.122:9872, omNode1:0.0.0.0:9872], old=null
2020-04-28 14:36:54,015 [omNode1@group-3464CFB7038B-LeaderElection1] INFO  impl.LeaderElection (LeaderElection.java:logAndReturn(61)) - omNode1@group-3464CFB7038B-LeaderElection1: Election TIMEOUT; received 0 response(s) [] and 0 exception(s); omNode1@group-3464CFB7038B:t134, leader=null, voted=omNode1, raftlog=omNode1@group-3464CFB7038B-SegmentedRaftLog:OPENED:c-1,f-1,i0, conf=-1: [omNode2:122.0.0.122:9872, omNode1:0.0.0.0:9872], old=null
2020-04-28 14:36:54,016 [omNode1@group-3464CFB7038B-LeaderElection1] INFO  impl.LeaderElection (LeaderElection.java:askForVotes(206)) - omNode1@group-3464CFB7038B-LeaderElection1: begin an election at term 135 for -1: [omNode2:122.0.0.122:9872, omNode1:0.0.0.0:9872], old=null
2020-04-28 14:36:54,040 [omNode1@group-3464CFB7038B-LeaderElection1] INFO  impl.LeaderElection (LeaderElection.java:logAndReturn(61)) - omNode1@group-3464CFB7038B-LeaderElection1: Election TIMEOUT; received 0 response(s) [] and 0 exception(s); omNode1@group-3464CFB7038B:t135, leader=null, voted=omNode1, raftlog=omNode1@group-3464CFB7038B-SegmentedRaftLog:OPENED:c-1,f-1,i0, conf=-1: [omNode2:122.0.0.122:9872, omNode1:0.0.0.0:9872], old=null
2020-04-28 14:36:54,042 [omNode1@group-3464CFB7038B-LeaderElection1] INFO  impl.LeaderElection (LeaderElection.java:askForVotes(206)) - omNode1@group-3464CFB7038B-LeaderElection1: begin an election at term 136 for -1: [omNode2:122.0.0.122:9872, omNode1:0.0.0.0:9872], old=null
2020-04-28 14:36:54,141 [omNode1@group-3464CFB7038B-LeaderElection1] INFO  impl.LeaderElection (LeaderElection.java:logAndReturn(61)) - omNode1@group-3464CFB7038B-LeaderElection1: Election TIMEOUT; received 0 response(s) [] and 0 exception(s); omNode1@group-3464CFB7038B:t136, leader=null, voted=omNode1, raftlog=omNode1@group-3464CFB7038B-SegmentedRaftLog:OPENED:c-1,f-1,i0, conf=-1: [omNode2:122.0.0.122:9872, omNode1:0.0.0.0:9872], old=null
2020-04-28 14:36:54,143 [omNode1@group-3464CFB7038B-LeaderElection1] INFO  impl.LeaderElection (LeaderElection.java:askForVotes(206)) - omNode1@group-3464CFB7038B-LeaderElection1: begin an election at term 137 for -1: [omNode2:122.0.0.122:9872, omNode1:0.0.0.0:9872], old=null
2020-04-28 14:36:54,252 [omNode1@group-3464CFB7038B-LeaderElection1] INFO  impl.LeaderElection (LeaderElection.java:logAndReturn(61)) - omNode1@group-3464CFB7038B-LeaderElection1: Election TIMEOUT; received 0 response(s) [] and 0 exception(s); omNode1@group-3464CFB7038B:t137, leader=null, voted=omNode1, raftlog=omNode1@group-3464CFB7038B-SegmentedRaftLog:OPENED:c-1,f-1,i0, conf=-1: [omNode2:122.0.0.122:9872, omNode1:0.0.0.0:9872], old=null
2020-04-28 14:36:54,254 [omNode1@group-3464CFB7038B-LeaderElection1] INFO  impl.LeaderElection (LeaderElection.java:askForVotes(206)) - omNode1@group-3464CFB7038B-LeaderElection1: begin an election at term 138 for -1: [omNode2:122.0.0.122:9872, omNode1:0.0.0.0:9872], old=null
2020-04-28 14:36:54,304 [omNode1@group-3464CFB7038B-LeaderElection1] INFO  impl.LeaderElection (LeaderElection.java:logAndReturn(61)) - omNode1@group-3464CFB7038B-LeaderElection1: Election TIMEOUT; received 0 response(s) [] and 0 exception(s); omNode1@group-3464CFB7038B:t138, leader=null, voted=omNode1, raftlog=omNode1@group-3464CFB7038B-SegmentedRaftLog:OPENED:c-1,f-1,i0, conf=-1: [omNode2:122.0.0.122:9872, omNode1:0.0.0.0:9872], old=null
2020-04-28 14:36:54,306 [omNode1@group-3464CFB7038B-LeaderElection1] INFO  impl.LeaderElection (LeaderElection.java:askForVotes(206)) - omNode1@group-3464CFB7038B-LeaderElection1: begin an election at term 139 for -1: [omNode2:122.0.0.122:9872, omNode1:0.0.0.0:9872], old=null
2020-04-28 14:36:54,492 [omNode1@group-3464CFB7038B-LeaderElection1] INFO  impl.LeaderElection (LeaderElection.java:logAndReturn(61)) - omNode1@group-3464CFB7038B-LeaderElection1: Election TIMEOUT; received 0 response(s) [] and 0 exception(s); omNode1@group-3464CFB7038B:t139, leader=null, voted=omNode1, raftlog=omNode1@group-3464CFB7038B-SegmentedRaftLog:OPENED:c-1,f-1,i0, conf=-1: [omNode2:122.0.0.122:9872, omNode1:0.0.0.0:9872], old=null
2020-04-28 14:36:54,493 [omNode1@group-3464CFB7038B-LeaderElection1] INFO  impl.LeaderElection (LeaderElection.java:askForVotes(206)) - omNode1@group-3464CFB7038B-LeaderElection1: begin an election at term 140 for -1: [omNode2:122.0.0.122:9872, omNode1:0.0.0.0:9872], old=null
2020-04-28 14:36:54,607 [omNode1@group-3464CFB7038B-LeaderElection1] INFO  impl.LeaderElection (LeaderElection.java:logAndReturn(61)) - omNode1@group-3464CFB7038B-LeaderElection1: Election TIMEOUT; received 0 response(s) [] and 0 exception(s); omNode1@group-3464CFB7038B:t140, leader=null, voted=omNode1, raftlog=omNode1@group-3464CFB7038B-SegmentedRaftLog:OPENED:c-1,f-1,i0, conf=-1: [omNode2:122.0.0.122:9872, omNode1:0.0.0.0:9872], old=null
2020-04-28 14:36:54,608 [omNode1@group-3464CFB7038B-LeaderElection1] INFO  impl.LeaderElection (LeaderElection.java:askForVotes(206)) - omNode1@group-3464CFB7038B-LeaderElection1: begin an election at term 141 for -1: [omNode2:122.0.0.122:9872, omNode1:0.0.0.0:9872], old=null
2020-04-28 14:36:54,753 [main] INFO  ozone.MiniOzoneClusterImpl (MiniOzoneClusterImpl.java:lambda$waitForClusterToBeReady$0(177)) - Nodes are ready. Got 3 of 3 DN Heartbeats.
2020-04-28 14:36:54,753 [main] INFO  ozone.MiniOzoneClusterImpl (MiniOzoneClusterImpl.java:lambda$waitForClusterToBeReady$0(180)) - Waiting for cluster to exit safe mode
2020-04-28 14:36:54,804 [omNode1@group-3464CFB7038B-LeaderElection1] INFO  impl.LeaderElection (LeaderElection.java:logAndReturn(61)) - omNode1@group-3464CFB7038B-LeaderElection1: Election TIMEOUT; received 0 response(s) [] and 0 exception(s); omNode1@group-3464CFB7038B:t141, leader=null, voted=omNode1, raftlog=omNode1@group-3464CFB7038B-SegmentedRaftLog:OPENED:c-1,f-1,i0, conf=-1: [omNode2:122.0.0.122:9872, omNode1:0.0.0.0:9872], old=null
2020-04-28 14:36:54,806 [omNode1@group-3464CFB7038B-LeaderElection1] INFO  impl.LeaderElection (LeaderElection.java:askForVotes(206)) - omNode1@group-3464CFB7038B-LeaderElection1: begin an election at term 142 for -1: [omNode2:122.0.0.122:9872, omNode1:0.0.0.0:9872], old=null
2020-04-28 14:36:54,850 [omNode1@group-3464CFB7038B-LeaderElection1] INFO  impl.LeaderElection (LeaderElection.java:logAndReturn(61)) - omNode1@group-3464CFB7038B-LeaderElection1: Election TIMEOUT; received 0 response(s) [] and 0 exception(s); omNode1@group-3464CFB7038B:t142, leader=null, voted=omNode1, raftlog=omNode1@group-3464CFB7038B-SegmentedRaftLog:OPENED:c-1,f-1,i0, conf=-1: [omNode2:122.0.0.122:9872, omNode1:0.0.0.0:9872], old=null
2020-04-28 14:36:54,851 [omNode1@group-3464CFB7038B-LeaderElection1] INFO  impl.LeaderElection (LeaderElection.java:askForVotes(206)) - omNode1@group-3464CFB7038B-LeaderElection1: begin an election at term 143 for -1: [omNode2:122.0.0.122:9872, omNode1:0.0.0.0:9872], old=null
2020-04-28 14:36:54,937 [omNode1@group-3464CFB7038B-LeaderElection1] INFO  impl.LeaderElection (LeaderElection.java:logAndReturn(61)) - omNode1@group-3464CFB7038B-LeaderElection1: Election TIMEOUT; received 0 response(s) [] and 0 exception(s); omNode1@group-3464CFB7038B:t143, leader=null, voted=omNode1, raftlog=omNode1@group-3464CFB7038B-SegmentedRaftLog:OPENED:c-1,f-1,i0, conf=-1: [omNode2:122.0.0.122:9872, omNode1:0.0.0.0:9872], old=null
2020-04-28 14:36:54,939 [omNode1@group-3464CFB7038B-LeaderElection1] INFO  impl.LeaderElection (LeaderElection.java:askForVotes(206)) - omNode1@group-3464CFB7038B-LeaderElection1: begin an election at term 144 for -1: [omNode2:122.0.0.122:9872, omNode1:0.0.0.0:9872], old=null
2020-04-28 14:36:55,121 [omNode1@group-3464CFB7038B-LeaderElection1] INFO  impl.LeaderElection (LeaderElection.java:logAndReturn(61)) - omNode1@group-3464CFB7038B-LeaderElection1: Election TIMEOUT; received 0 response(s) [] and 0 exception(s); omNode1@group-3464CFB7038B:t144, leader=null, voted=omNode1, raftlog=omNode1@group-3464CFB7038B-SegmentedRaftLog:OPENED:c-1,f-1,i0, conf=-1: [omNode2:122.0.0.122:9872, omNode1:0.0.0.0:9872], old=null
2020-04-28 14:36:55,123 [omNode1@group-3464CFB7038B-LeaderElection1] INFO  impl.LeaderElection (LeaderElection.java:askForVotes(206)) - omNode1@group-3464CFB7038B-LeaderElection1: begin an election at term 145 for -1: [omNode2:122.0.0.122:9872, omNode1:0.0.0.0:9872], old=null
2020-04-28 14:36:55,164 [omNode1@group-3464CFB7038B-LeaderElection1] INFO  impl.LeaderElection (LeaderElection.java:logAndReturn(61)) - omNode1@group-3464CFB7038B-LeaderElection1: Election TIMEOUT; received 0 response(s) [] and 0 exception(s); omNode1@group-3464CFB7038B:t145, leader=null, voted=omNode1, raftlog=omNode1@group-3464CFB7038B-SegmentedRaftLog:OPENED:c-1,f-1,i0, conf=-1: [omNode2:122.0.0.122:9872, omNode1:0.0.0.0:9872], old=null
2020-04-28 14:36:55,165 [omNode1@group-3464CFB7038B-LeaderElection1] INFO  impl.LeaderElection (LeaderElection.java:askForVotes(206)) - omNode1@group-3464CFB7038B-LeaderElection1: begin an election at term 146 for -1: [omNode2:122.0.0.122:9872, omNode1:0.0.0.0:9872], old=null
2020-04-28 14:36:55,249 [omNode1@group-3464CFB7038B-LeaderElection1] INFO  impl.LeaderElection (LeaderElection.java:logAndReturn(61)) - omNode1@group-3464CFB7038B-LeaderElection1: Election TIMEOUT; received 0 response(s) [] and 0 exception(s); omNode1@group-3464CFB7038B:t146, leader=null, voted=omNode1, raftlog=omNode1@group-3464CFB7038B-SegmentedRaftLog:OPENED:c-1,f-1,i0, conf=-1: [omNode2:122.0.0.122:9872, omNode1:0.0.0.0:9872], old=null
2020-04-28 14:36:55,251 [omNode1@group-3464CFB7038B-LeaderElection1] INFO  impl.LeaderElection (LeaderElection.java:askForVotes(206)) - omNode1@group-3464CFB7038B-LeaderElection1: begin an election at term 147 for -1: [omNode2:122.0.0.122:9872, omNode1:0.0.0.0:9872], old=null
2020-04-28 14:36:55,343 [omNode1@group-3464CFB7038B-LeaderElection1] INFO  impl.LeaderElection (LeaderElection.java:logAndReturn(61)) - omNode1@group-3464CFB7038B-LeaderElection1: Election TIMEOUT; received 0 response(s) [] and 0 exception(s); omNode1@group-3464CFB7038B:t147, leader=null, voted=omNode1, raftlog=omNode1@group-3464CFB7038B-SegmentedRaftLog:OPENED:c-1,f-1,i0, conf=-1: [omNode2:122.0.0.122:9872, omNode1:0.0.0.0:9872], old=null
2020-04-28 14:36:55,344 [omNode1@group-3464CFB7038B-LeaderElection1] INFO  impl.LeaderElection (LeaderElection.java:askForVotes(206)) - omNode1@group-3464CFB7038B-LeaderElection1: begin an election at term 148 for -1: [omNode2:122.0.0.122:9872, omNode1:0.0.0.0:9872], old=null
2020-04-28 14:36:55,467 [omNode1@group-3464CFB7038B-LeaderElection1] INFO  impl.LeaderElection (LeaderElection.java:logAndReturn(61)) - omNode1@group-3464CFB7038B-LeaderElection1: Election TIMEOUT; received 0 response(s) [] and 0 exception(s); omNode1@group-3464CFB7038B:t148, leader=null, voted=omNode1, raftlog=omNode1@group-3464CFB7038B-SegmentedRaftLog:OPENED:c-1,f-1,i0, conf=-1: [omNode2:122.0.0.122:9872, omNode1:0.0.0.0:9872], old=null
2020-04-28 14:36:55,468 [omNode1@group-3464CFB7038B-LeaderElection1] INFO  impl.LeaderElection (LeaderElection.java:askForVotes(206)) - omNode1@group-3464CFB7038B-LeaderElection1: begin an election at term 149 for -1: [omNode2:122.0.0.122:9872, omNode1:0.0.0.0:9872], old=null
2020-04-28 14:36:55,602 [omNode1@group-3464CFB7038B-LeaderElection1] INFO  impl.LeaderElection (LeaderElection.java:logAndReturn(61)) - omNode1@group-3464CFB7038B-LeaderElection1: Election TIMEOUT; received 0 response(s) [] and 0 exception(s); omNode1@group-3464CFB7038B:t149, leader=null, voted=omNode1, raftlog=omNode1@group-3464CFB7038B-SegmentedRaftLog:OPENED:c-1,f-1,i0, conf=-1: [omNode2:122.0.0.122:9872, omNode1:0.0.0.0:9872], old=null
2020-04-28 14:36:55,603 [omNode1@group-3464CFB7038B-LeaderElection1] INFO  impl.LeaderElection (LeaderElection.java:askForVotes(206)) - omNode1@group-3464CFB7038B-LeaderElection1: begin an election at term 150 for -1: [omNode2:122.0.0.122:9872, omNode1:0.0.0.0:9872], old=null
2020-04-28 14:36:55,674 [omNode1@group-3464CFB7038B-LeaderElection1] INFO  impl.LeaderElection (LeaderElection.java:logAndReturn(61)) - omNode1@group-3464CFB7038B-LeaderElection1: Election TIMEOUT; received 0 response(s) [] and 0 exception(s); omNode1@group-3464CFB7038B:t150, leader=null, voted=omNode1, raftlog=omNode1@group-3464CFB7038B-SegmentedRaftLog:OPENED:c-1,f-1,i0, conf=-1: [omNode2:122.0.0.122:9872, omNode1:0.0.0.0:9872], old=null
2020-04-28 14:36:55,676 [omNode1@group-3464CFB7038B-LeaderElection1] INFO  impl.LeaderElection (LeaderElection.java:askForVotes(206)) - omNode1@group-3464CFB7038B-LeaderElection1: begin an election at term 151 for -1: [omNode2:122.0.0.122:9872, omNode1:0.0.0.0:9872], old=null
2020-04-28 14:36:55,681 [omNode1@group-3464CFB7038B-LeaderElection1] INFO  impl.LeaderElection (LeaderElection.java:logAndReturn(61)) - omNode1@group-3464CFB7038B-LeaderElection1: Election TIMEOUT; received 0 response(s) [] and 0 exception(s); omNode1@group-3464CFB7038B:t151, leader=null, voted=omNode1, raftlog=omNode1@group-3464CFB7038B-SegmentedRaftLog:OPENED:c-1,f-1,i0, conf=-1: [omNode2:122.0.0.122:9872, omNode1:0.0.0.0:9872], old=null
2020-04-28 14:36:55,683 [omNode1@group-3464CFB7038B-LeaderElection1] INFO  impl.LeaderElection (LeaderElection.java:askForVotes(206)) - omNode1@group-3464CFB7038B-LeaderElection1: begin an election at term 152 for -1: [omNode2:122.0.0.122:9872, omNode1:0.0.0.0:9872], old=null
2020-04-28 14:36:55,755 [main] INFO  ozone.MiniOzoneClusterImpl (MiniOzoneClusterImpl.java:lambda$waitForClusterToBeReady$0(177)) - Nodes are ready. Got 3 of 3 DN Heartbeats.
2020-04-28 14:36:55,755 [main] INFO  ozone.MiniOzoneClusterImpl (MiniOzoneClusterImpl.java:lambda$waitForClusterToBeReady$0(180)) - Waiting for cluster to exit safe mode
2020-04-28 14:36:55,759 [omNode1@group-3464CFB7038B-LeaderElection1] INFO  impl.LeaderElection (LeaderElection.java:logAndReturn(61)) - omNode1@group-3464CFB7038B-LeaderElection1: Election TIMEOUT; received 0 response(s) [] and 0 exception(s); omNode1@group-3464CFB7038B:t152, leader=null, voted=omNode1, raftlog=omNode1@group-3464CFB7038B-SegmentedRaftLog:OPENED:c-1,f-1,i0, conf=-1: [omNode2:122.0.0.122:9872, omNode1:0.0.0.0:9872], old=null
2020-04-28 14:36:55,760 [omNode1@group-3464CFB7038B-LeaderElection1] INFO  impl.LeaderElection (LeaderElection.java:askForVotes(206)) - omNode1@group-3464CFB7038B-LeaderElection1: begin an election at term 153 for -1: [omNode2:122.0.0.122:9872, omNode1:0.0.0.0:9872], old=null
2020-04-28 14:36:55,963 [omNode1@group-3464CFB7038B-LeaderElection1] INFO  impl.LeaderElection (LeaderElection.java:logAndReturn(61)) - omNode1@group-3464CFB7038B-LeaderElection1: Election TIMEOUT; received 0 response(s) [] and 0 exception(s); omNode1@group-3464CFB7038B:t153, leader=null, voted=omNode1, raftlog=omNode1@group-3464CFB7038B-SegmentedRaftLog:OPENED:c-1,f-1,i0, conf=-1: [omNode2:122.0.0.122:9872, omNode1:0.0.0.0:9872], old=null
2020-04-28 14:36:55,964 [omNode1@group-3464CFB7038B-LeaderElection1] INFO  impl.LeaderElection (LeaderElection.java:askForVotes(206)) - omNode1@group-3464CFB7038B-LeaderElection1: begin an election at term 154 for -1: [omNode2:122.0.0.122:9872, omNode1:0.0.0.0:9872], old=null
2020-04-28 14:36:56,156 [omNode1@group-3464CFB7038B-LeaderElection1] INFO  impl.LeaderElection (LeaderElection.java:logAndReturn(61)) - omNode1@group-3464CFB7038B-LeaderElection1: Election TIMEOUT; received 0 response(s) [] and 0 exception(s); omNode1@group-3464CFB7038B:t154, leader=null, voted=omNode1, raftlog=omNode1@group-3464CFB7038B-SegmentedRaftLog:OPENED:c-1,f-1,i0, conf=-1: [omNode2:122.0.0.122:9872, omNode1:0.0.0.0:9872], old=null
2020-04-28 14:36:56,158 [omNode1@group-3464CFB7038B-LeaderElection1] INFO  impl.LeaderElection (LeaderElection.java:askForVotes(206)) - omNode1@group-3464CFB7038B-LeaderElection1: begin an election at term 155 for -1: [omNode2:122.0.0.122:9872, omNode1:0.0.0.0:9872], old=null
2020-04-28 14:36:56,212 [omNode1@group-3464CFB7038B-LeaderElection1] INFO  impl.LeaderElection (LeaderElection.java:logAndReturn(61)) - omNode1@group-3464CFB7038B-LeaderElection1: Election TIMEOUT; received 0 response(s) [] and 0 exception(s); omNode1@group-3464CFB7038B:t155, leader=null, voted=omNode1, raftlog=omNode1@group-3464CFB7038B-SegmentedRaftLog:OPENED:c-1,f-1,i0, conf=-1: [omNode2:122.0.0.122:9872, omNode1:0.0.0.0:9872], old=null
2020-04-28 14:36:56,214 [omNode1@group-3464CFB7038B-LeaderElection1] INFO  impl.LeaderElection (LeaderElection.java:askForVotes(206)) - omNode1@group-3464CFB7038B-LeaderElection1: begin an election at term 156 for -1: [omNode2:122.0.0.122:9872, omNode1:0.0.0.0:9872], old=null
2020-04-28 14:36:56,301 [omNode1@group-3464CFB7038B-LeaderElection1] INFO  impl.LeaderElection (LeaderElection.java:logAndReturn(61)) - omNode1@group-3464CFB7038B-LeaderElection1: Election TIMEOUT; received 0 response(s) [] and 0 exception(s); omNode1@group-3464CFB7038B:t156, leader=null, voted=omNode1, raftlog=omNode1@group-3464CFB7038B-SegmentedRaftLog:OPENED:c-1,f-1,i0, conf=-1: [omNode2:122.0.0.122:9872, omNode1:0.0.0.0:9872], old=null
2020-04-28 14:36:56,303 [omNode1@group-3464CFB7038B-LeaderElection1] INFO  impl.LeaderElection (LeaderElection.java:askForVotes(206)) - omNode1@group-3464CFB7038B-LeaderElection1: begin an election at term 157 for -1: [omNode2:122.0.0.122:9872, omNode1:0.0.0.0:9872], old=null
2020-04-28 14:36:56,378 [omNode1@group-3464CFB7038B-LeaderElection1] INFO  impl.LeaderElection (LeaderElection.java:logAndReturn(61)) - omNode1@group-3464CFB7038B-LeaderElection1: Election TIMEOUT; received 0 response(s) [] and 0 exception(s); omNode1@group-3464CFB7038B:t157, leader=null, voted=omNode1, raftlog=omNode1@group-3464CFB7038B-SegmentedRaftLog:OPENED:c-1,f-1,i0, conf=-1: [omNode2:122.0.0.122:9872, omNode1:0.0.0.0:9872], old=null
2020-04-28 14:36:56,380 [omNode1@group-3464CFB7038B-LeaderElection1] INFO  impl.LeaderElection (LeaderElection.java:askForVotes(206)) - omNode1@group-3464CFB7038B-LeaderElection1: begin an election at term 158 for -1: [omNode2:122.0.0.122:9872, omNode1:0.0.0.0:9872], old=null
2020-04-28 14:36:56,385 [omNode1@group-3464CFB7038B-LeaderElection1] INFO  impl.LeaderElection (LeaderElection.java:logAndReturn(61)) - omNode1@group-3464CFB7038B-LeaderElection1: Election TIMEOUT; received 0 response(s) [] and 0 exception(s); omNode1@group-3464CFB7038B:t158, leader=null, voted=omNode1, raftlog=omNode1@group-3464CFB7038B-SegmentedRaftLog:OPENED:c-1,f-1,i0, conf=-1: [omNode2:122.0.0.122:9872, omNode1:0.0.0.0:9872], old=null
2020-04-28 14:36:56,387 [omNode1@group-3464CFB7038B-LeaderElection1] INFO  impl.LeaderElection (LeaderElection.java:askForVotes(206)) - omNode1@group-3464CFB7038B-LeaderElection1: begin an election at term 159 for -1: [omNode2:122.0.0.122:9872, omNode1:0.0.0.0:9872], old=null
2020-04-28 14:36:56,528 [omNode1@group-3464CFB7038B-LeaderElection1] INFO  impl.LeaderElection (LeaderElection.java:logAndReturn(61)) - omNode1@group-3464CFB7038B-LeaderElection1: Election TIMEOUT; received 0 response(s) [] and 0 exception(s); omNode1@group-3464CFB7038B:t159, leader=null, voted=omNode1, raftlog=omNode1@group-3464CFB7038B-SegmentedRaftLog:OPENED:c-1,f-1,i0, conf=-1: [omNode2:122.0.0.122:9872, omNode1:0.0.0.0:9872], old=null
2020-04-28 14:36:56,530 [omNode1@group-3464CFB7038B-LeaderElection1] INFO  impl.LeaderElection (LeaderElection.java:askForVotes(206)) - omNode1@group-3464CFB7038B-LeaderElection1: begin an election at term 160 for -1: [omNode2:122.0.0.122:9872, omNode1:0.0.0.0:9872], old=null
2020-04-28 14:36:56,609 [omNode1@group-3464CFB7038B-LeaderElection1] INFO  impl.LeaderElection (LeaderElection.java:logAndReturn(61)) - omNode1@group-3464CFB7038B-LeaderElection1: Election TIMEOUT; received 0 response(s) [] and 0 exception(s); omNode1@group-3464CFB7038B:t160, leader=null, voted=omNode1, raftlog=omNode1@group-3464CFB7038B-SegmentedRaftLog:OPENED:c-1,f-1,i0, conf=-1: [omNode2:122.0.0.122:9872, omNode1:0.0.0.0:9872], old=null
2020-04-28 14:36:56,611 [omNode1@group-3464CFB7038B-LeaderElection1] INFO  impl.LeaderElection (LeaderElection.java:askForVotes(206)) - omNode1@group-3464CFB7038B-LeaderElection1: begin an election at term 161 for -1: [omNode2:122.0.0.122:9872, omNode1:0.0.0.0:9872], old=null
2020-04-28 14:36:56,634 [omNode1@group-3464CFB7038B-LeaderElection1] INFO  impl.LeaderElection (LeaderElection.java:logAndReturn(61)) - omNode1@group-3464CFB7038B-LeaderElection1: Election TIMEOUT; received 0 response(s) [] and 0 exception(s); omNode1@group-3464CFB7038B:t161, leader=null, voted=omNode1, raftlog=omNode1@group-3464CFB7038B-SegmentedRaftLog:OPENED:c-1,f-1,i0, conf=-1: [omNode2:122.0.0.122:9872, omNode1:0.0.0.0:9872], old=null
2020-04-28 14:36:56,636 [omNode1@group-3464CFB7038B-LeaderElection1] INFO  impl.LeaderElection (LeaderElection.java:askForVotes(206)) - omNode1@group-3464CFB7038B-LeaderElection1: begin an election at term 162 for -1: [omNode2:122.0.0.122:9872, omNode1:0.0.0.0:9872], old=null
2020-04-28 14:36:56,755 [main] INFO  ozone.MiniOzoneClusterImpl (MiniOzoneClusterImpl.java:lambda$waitForClusterToBeReady$0(177)) - Nodes are ready. Got 3 of 3 DN Heartbeats.
2020-04-28 14:36:56,756 [main] INFO  ozone.MiniOzoneClusterImpl (MiniOzoneClusterImpl.java:lambda$waitForClusterToBeReady$0(180)) - Waiting for cluster to exit safe mode
2020-04-28 14:36:56,830 [omNode1@group-3464CFB7038B-LeaderElection1] INFO  impl.LeaderElection (LeaderElection.java:logAndReturn(61)) - omNode1@group-3464CFB7038B-LeaderElection1: Election TIMEOUT; received 0 response(s) [] and 0 exception(s); omNode1@group-3464CFB7038B:t162, leader=null, voted=omNode1, raftlog=omNode1@group-3464CFB7038B-SegmentedRaftLog:OPENED:c-1,f-1,i0, conf=-1: [omNode2:122.0.0.122:9872, omNode1:0.0.0.0:9872], old=null
2020-04-28 14:36:56,832 [omNode1@group-3464CFB7038B-LeaderElection1] INFO  impl.LeaderElection (LeaderElection.java:askForVotes(206)) - omNode1@group-3464CFB7038B-LeaderElection1: begin an election at term 163 for -1: [omNode2:122.0.0.122:9872, omNode1:0.0.0.0:9872], old=null
2020-04-28 14:36:56,914 [omNode1@group-3464CFB7038B-LeaderElection1] INFO  impl.LeaderElection (LeaderElection.java:logAndReturn(61)) - omNode1@group-3464CFB7038B-LeaderElection1: Election TIMEOUT; received 0 response(s) [] and 0 exception(s); omNode1@group-3464CFB7038B:t163, leader=null, voted=omNode1, raftlog=omNode1@group-3464CFB7038B-SegmentedRaftLog:OPENED:c-1,f-1,i0, conf=-1: [omNode2:122.0.0.122:9872, omNode1:0.0.0.0:9872], old=null
2020-04-28 14:36:56,916 [omNode1@group-3464CFB7038B-LeaderElection1] INFO  impl.LeaderElection (LeaderElection.java:askForVotes(206)) - omNode1@group-3464CFB7038B-LeaderElection1: begin an election at term 164 for -1: [omNode2:122.0.0.122:9872, omNode1:0.0.0.0:9872], old=null
2020-04-28 14:36:57,020 [omNode1@group-3464CFB7038B-LeaderElection1] INFO  impl.LeaderElection (LeaderElection.java:logAndReturn(61)) - omNode1@group-3464CFB7038B-LeaderElection1: Election TIMEOUT; received 0 response(s) [] and 0 exception(s); omNode1@group-3464CFB7038B:t164, leader=null, voted=omNode1, raftlog=omNode1@group-3464CFB7038B-SegmentedRaftLog:OPENED:c-1,f-1,i0, conf=-1: [omNode2:122.0.0.122:9872, omNode1:0.0.0.0:9872], old=null
2020-04-28 14:36:57,022 [omNode1@group-3464CFB7038B-LeaderElection1] INFO  impl.LeaderElection (LeaderElection.java:askForVotes(206)) - omNode1@group-3464CFB7038B-LeaderElection1: begin an election at term 165 for -1: [omNode2:122.0.0.122:9872, omNode1:0.0.0.0:9872], old=null
2020-04-28 14:36:57,094 [omNode1@group-3464CFB7038B-LeaderElection1] INFO  impl.LeaderElection (LeaderElection.java:logAndReturn(61)) - omNode1@group-3464CFB7038B-LeaderElection1: Election TIMEOUT; received 0 response(s) [] and 0 exception(s); omNode1@group-3464CFB7038B:t165, leader=null, voted=omNode1, raftlog=omNode1@group-3464CFB7038B-SegmentedRaftLog:OPENED:c-1,f-1,i0, conf=-1: [omNode2:122.0.0.122:9872, omNode1:0.0.0.0:9872], old=null
2020-04-28 14:36:57,095 [omNode1@group-3464CFB7038B-LeaderElection1] INFO  impl.LeaderElection (LeaderElection.java:askForVotes(206)) - omNode1@group-3464CFB7038B-LeaderElection1: begin an election at term 166 for -1: [omNode2:122.0.0.122:9872, omNode1:0.0.0.0:9872], old=null
2020-04-28 14:36:57,105 [omNode1@group-3464CFB7038B-LeaderElection1] INFO  impl.LeaderElection (LeaderElection.java:logAndReturn(61)) - omNode1@group-3464CFB7038B-LeaderElection1: Election TIMEOUT; received 0 response(s) [] and 0 exception(s); omNode1@group-3464CFB7038B:t166, leader=null, voted=omNode1, raftlog=omNode1@group-3464CFB7038B-SegmentedRaftLog:OPENED:c-1,f-1,i0, conf=-1: [omNode2:122.0.0.122:9872, omNode1:0.0.0.0:9872], old=null
2020-04-28 14:36:57,106 [omNode1@group-3464CFB7038B-LeaderElection1] INFO  impl.LeaderElection (LeaderElection.java:askForVotes(206)) - omNode1@group-3464CFB7038B-LeaderElection1: begin an election at term 167 for -1: [omNode2:122.0.0.122:9872, omNode1:0.0.0.0:9872], old=null
2020-04-28 14:36:57,221 [omNode1@group-3464CFB7038B-LeaderElection1] INFO  impl.LeaderElection (LeaderElection.java:logAndReturn(61)) - omNode1@group-3464CFB7038B-LeaderElection1: Election TIMEOUT; received 0 response(s) [] and 0 exception(s); omNode1@group-3464CFB7038B:t167, leader=null, voted=omNode1, raftlog=omNode1@group-3464CFB7038B-SegmentedRaftLog:OPENED:c-1,f-1,i0, conf=-1: [omNode2:122.0.0.122:9872, omNode1:0.0.0.0:9872], old=null
2020-04-28 14:36:57,222 [omNode1@group-3464CFB7038B-LeaderElection1] INFO  impl.LeaderElection (LeaderElection.java:askForVotes(206)) - omNode1@group-3464CFB7038B-LeaderElection1: begin an election at term 168 for -1: [omNode2:122.0.0.122:9872, omNode1:0.0.0.0:9872], old=null
2020-04-28 14:36:57,295 [omNode1@group-3464CFB7038B-LeaderElection1] INFO  impl.LeaderElection (LeaderElection.java:logAndReturn(61)) - omNode1@group-3464CFB7038B-LeaderElection1: Election TIMEOUT; received 0 response(s) [] and 0 exception(s); omNode1@group-3464CFB7038B:t168, leader=null, voted=omNode1, raftlog=omNode1@group-3464CFB7038B-SegmentedRaftLog:OPENED:c-1,f-1,i0, conf=-1: [omNode2:122.0.0.122:9872, omNode1:0.0.0.0:9872], old=null
2020-04-28 14:36:57,297 [omNode1@group-3464CFB7038B-LeaderElection1] INFO  impl.LeaderElection (LeaderElection.java:askForVotes(206)) - omNode1@group-3464CFB7038B-LeaderElection1: begin an election at term 169 for -1: [omNode2:122.0.0.122:9872, omNode1:0.0.0.0:9872], old=null
2020-04-28 14:36:57,371 [omNode1@group-3464CFB7038B-LeaderElection1] INFO  impl.LeaderElection (LeaderElection.java:logAndReturn(61)) - omNode1@group-3464CFB7038B-LeaderElection1: Election TIMEOUT; received 0 response(s) [] and 0 exception(s); omNode1@group-3464CFB7038B:t169, leader=null, voted=omNode1, raftlog=omNode1@group-3464CFB7038B-SegmentedRaftLog:OPENED:c-1,f-1,i0, conf=-1: [omNode2:122.0.0.122:9872, omNode1:0.0.0.0:9872], old=null
2020-04-28 14:36:57,373 [omNode1@group-3464CFB7038B-LeaderElection1] INFO  impl.LeaderElection (LeaderElection.java:askForVotes(206)) - omNode1@group-3464CFB7038B-LeaderElection1: begin an election at term 170 for -1: [omNode2:122.0.0.122:9872, omNode1:0.0.0.0:9872], old=null
2020-04-28 14:36:57,534 [omNode1@group-3464CFB7038B-LeaderElection1] INFO  impl.LeaderElection (LeaderElection.java:logAndReturn(61)) - omNode1@group-3464CFB7038B-LeaderElection1: Election TIMEOUT; received 0 response(s) [] and 0 exception(s); omNode1@group-3464CFB7038B:t170, leader=null, voted=omNode1, raftlog=omNode1@group-3464CFB7038B-SegmentedRaftLog:OPENED:c-1,f-1,i0, conf=-1: [omNode2:122.0.0.122:9872, omNode1:0.0.0.0:9872], old=null
2020-04-28 14:36:57,536 [omNode1@group-3464CFB7038B-LeaderElection1] INFO  impl.LeaderElection (LeaderElection.java:askForVotes(206)) - omNode1@group-3464CFB7038B-LeaderElection1: begin an election at term 171 for -1: [omNode2:122.0.0.122:9872, omNode1:0.0.0.0:9872], old=null
2020-04-28 14:36:57,652 [omNode1@group-3464CFB7038B-LeaderElection1] INFO  impl.LeaderElection (LeaderElection.java:logAndReturn(61)) - omNode1@group-3464CFB7038B-LeaderElection1: Election TIMEOUT; received 0 response(s) [] and 0 exception(s); omNode1@group-3464CFB7038B:t171, leader=null, voted=omNode1, raftlog=omNode1@group-3464CFB7038B-SegmentedRaftLog:OPENED:c-1,f-1,i0, conf=-1: [omNode2:122.0.0.122:9872, omNode1:0.0.0.0:9872], old=null
2020-04-28 14:36:57,653 [omNode1@group-3464CFB7038B-LeaderElection1] INFO  impl.LeaderElection (LeaderElection.java:askForVotes(206)) - omNode1@group-3464CFB7038B-LeaderElection1: begin an election at term 172 for -1: [omNode2:122.0.0.122:9872, omNode1:0.0.0.0:9872], old=null
2020-04-28 14:36:57,672 [omNode1@group-3464CFB7038B-LeaderElection1] INFO  impl.LeaderElection (LeaderElection.java:logAndReturn(61)) - omNode1@group-3464CFB7038B-LeaderElection1: Election TIMEOUT; received 0 response(s) [] and 0 exception(s); omNode1@group-3464CFB7038B:t172, leader=null, voted=omNode1, raftlog=omNode1@group-3464CFB7038B-SegmentedRaftLog:OPENED:c-1,f-1,i0, conf=-1: [omNode2:122.0.0.122:9872, omNode1:0.0.0.0:9872], old=null
2020-04-28 14:36:57,673 [omNode1@group-3464CFB7038B-LeaderElection1] INFO  impl.LeaderElection (LeaderElection.java:askForVotes(206)) - omNode1@group-3464CFB7038B-LeaderElection1: begin an election at term 173 for -1: [omNode2:122.0.0.122:9872, omNode1:0.0.0.0:9872], old=null
2020-04-28 14:36:57,756 [main] INFO  ozone.MiniOzoneClusterImpl (MiniOzoneClusterImpl.java:lambda$waitForClusterToBeReady$0(177)) - Nodes are ready. Got 3 of 3 DN Heartbeats.
2020-04-28 14:36:57,756 [main] INFO  ozone.MiniOzoneClusterImpl (MiniOzoneClusterImpl.java:lambda$waitForClusterToBeReady$0(180)) - Waiting for cluster to exit safe mode
2020-04-28 14:36:57,873 [omNode1@group-3464CFB7038B-LeaderElection1] INFO  impl.LeaderElection (LeaderElection.java:logAndReturn(61)) - omNode1@group-3464CFB7038B-LeaderElection1: Election TIMEOUT; received 0 response(s) [] and 0 exception(s); omNode1@group-3464CFB7038B:t173, leader=null, voted=omNode1, raftlog=omNode1@group-3464CFB7038B-SegmentedRaftLog:OPENED:c-1,f-1,i0, conf=-1: [omNode2:122.0.0.122:9872, omNode1:0.0.0.0:9872], old=null
2020-04-28 14:36:57,875 [omNode1@group-3464CFB7038B-LeaderElection1] INFO  impl.LeaderElection (LeaderElection.java:askForVotes(206)) - omNode1@group-3464CFB7038B-LeaderElection1: begin an election at term 174 for -1: [omNode2:122.0.0.122:9872, omNode1:0.0.0.0:9872], old=null
2020-04-28 14:36:57,996 [omNode1@group-3464CFB7038B-LeaderElection1] INFO  impl.LeaderElection (LeaderElection.java:logAndReturn(61)) - omNode1@group-3464CFB7038B-LeaderElection1: Election TIMEOUT; received 0 response(s) [] and 0 exception(s); omNode1@group-3464CFB7038B:t174, leader=null, voted=omNode1, raftlog=omNode1@group-3464CFB7038B-SegmentedRaftLog:OPENED:c-1,f-1,i0, conf=-1: [omNode2:122.0.0.122:9872, omNode1:0.0.0.0:9872], old=null
2020-04-28 14:36:57,998 [omNode1@group-3464CFB7038B-LeaderElection1] INFO  impl.LeaderElection (LeaderElection.java:askForVotes(206)) - omNode1@group-3464CFB7038B-LeaderElection1: begin an election at term 175 for -1: [omNode2:122.0.0.122:9872, omNode1:0.0.0.0:9872], old=null
2020-04-28 14:36:58,037 [omNode1@group-3464CFB7038B-LeaderElection1] INFO  impl.LeaderElection (LeaderElection.java:logAndReturn(61)) - omNode1@group-3464CFB7038B-LeaderElection1: Election TIMEOUT; received 0 response(s) [] and 0 exception(s); omNode1@group-3464CFB7038B:t175, leader=null, voted=omNode1, raftlog=omNode1@group-3464CFB7038B-SegmentedRaftLog:OPENED:c-1,f-1,i0, conf=-1: [omNode2:122.0.0.122:9872, omNode1:0.0.0.0:9872], old=null
2020-04-28 14:36:58,039 [omNode1@group-3464CFB7038B-LeaderElection1] INFO  impl.LeaderElection (LeaderElection.java:askForVotes(206)) - omNode1@group-3464CFB7038B-LeaderElection1: begin an election at term 176 for -1: [omNode2:122.0.0.122:9872, omNode1:0.0.0.0:9872], old=null
2020-04-28 14:36:58,211 [omNode1@group-3464CFB7038B-LeaderElection1] INFO  impl.LeaderElection (LeaderElection.java:logAndReturn(61)) - omNode1@group-3464CFB7038B-LeaderElection1: Election TIMEOUT; received 0 response(s) [] and 0 exception(s); omNode1@group-3464CFB7038B:t176, leader=null, voted=omNode1, raftlog=omNode1@group-3464CFB7038B-SegmentedRaftLog:OPENED:c-1,f-1,i0, conf=-1: [omNode2:122.0.0.122:9872, omNode1:0.0.0.0:9872], old=null
2020-04-28 14:36:58,213 [omNode1@group-3464CFB7038B-LeaderElection1] INFO  impl.LeaderElection (LeaderElection.java:askForVotes(206)) - omNode1@group-3464CFB7038B-LeaderElection1: begin an election at term 177 for -1: [omNode2:122.0.0.122:9872, omNode1:0.0.0.0:9872], old=null
2020-04-28 14:36:58,232 [omNode1@group-3464CFB7038B-LeaderElection1] INFO  impl.LeaderElection (LeaderElection.java:logAndReturn(61)) - omNode1@group-3464CFB7038B-LeaderElection1: Election TIMEOUT; received 0 response(s) [] and 0 exception(s); omNode1@group-3464CFB7038B:t177, leader=null, voted=omNode1, raftlog=omNode1@group-3464CFB7038B-SegmentedRaftLog:OPENED:c-1,f-1,i0, conf=-1: [omNode2:122.0.0.122:9872, omNode1:0.0.0.0:9872], old=null
2020-04-28 14:36:58,233 [omNode1@group-3464CFB7038B-LeaderElection1] INFO  impl.LeaderElection (LeaderElection.java:askForVotes(206)) - omNode1@group-3464CFB7038B-LeaderElection1: begin an election at term 178 for -1: [omNode2:122.0.0.122:9872, omNode1:0.0.0.0:9872], old=null
2020-04-28 14:36:58,431 [omNode1@group-3464CFB7038B-LeaderElection1] INFO  impl.LeaderElection (LeaderElection.java:logAndReturn(61)) - omNode1@group-3464CFB7038B-LeaderElection1: Election TIMEOUT; received 0 response(s) [] and 0 exception(s); omNode1@group-3464CFB7038B:t178, leader=null, voted=omNode1, raftlog=omNode1@group-3464CFB7038B-SegmentedRaftLog:OPENED:c-1,f-1,i0, conf=-1: [omNode2:122.0.0.122:9872, omNode1:0.0.0.0:9872], old=null
2020-04-28 14:36:58,433 [omNode1@group-3464CFB7038B-LeaderElection1] INFO  impl.LeaderElection (LeaderElection.java:askForVotes(206)) - omNode1@group-3464CFB7038B-LeaderElection1: begin an election at term 179 for -1: [omNode2:122.0.0.122:9872, omNode1:0.0.0.0:9872], old=null
2020-04-28 14:36:58,625 [omNode1@group-3464CFB7038B-LeaderElection1] INFO  impl.LeaderElection (LeaderElection.java:logAndReturn(61)) - omNode1@group-3464CFB7038B-LeaderElection1: Election TIMEOUT; received 0 response(s) [] and 0 exception(s); omNode1@group-3464CFB7038B:t179, leader=null, voted=omNode1, raftlog=omNode1@group-3464CFB7038B-SegmentedRaftLog:OPENED:c-1,f-1,i0, conf=-1: [omNode2:122.0.0.122:9872, omNode1:0.0.0.0:9872], old=null
2020-04-28 14:36:58,627 [omNode1@group-3464CFB7038B-LeaderElection1] INFO  impl.LeaderElection (LeaderElection.java:askForVotes(206)) - omNode1@group-3464CFB7038B-LeaderElection1: begin an election at term 180 for -1: [omNode2:122.0.0.122:9872, omNode1:0.0.0.0:9872], old=null
2020-04-28 14:36:58,706 [omNode1@group-3464CFB7038B-LeaderElection1] INFO  impl.LeaderElection (LeaderElection.java:logAndReturn(61)) - omNode1@group-3464CFB7038B-LeaderElection1: Election TIMEOUT; received 0 response(s) [] and 0 exception(s); omNode1@group-3464CFB7038B:t180, leader=null, voted=omNode1, raftlog=omNode1@group-3464CFB7038B-SegmentedRaftLog:OPENED:c-1,f-1,i0, conf=-1: [omNode2:122.0.0.122:9872, omNode1:0.0.0.0:9872], old=null
2020-04-28 14:36:58,708 [omNode1@group-3464CFB7038B-LeaderElection1] INFO  impl.LeaderElection (LeaderElection.java:askForVotes(206)) - omNode1@group-3464CFB7038B-LeaderElection1: begin an election at term 181 for -1: [omNode2:122.0.0.122:9872, omNode1:0.0.0.0:9872], old=null
2020-04-28 14:36:58,757 [main] INFO  ozone.MiniOzoneClusterImpl (MiniOzoneClusterImpl.java:lambda$waitForClusterToBeReady$0(177)) - Nodes are ready. Got 3 of 3 DN Heartbeats.
2020-04-28 14:36:58,757 [main] INFO  ozone.MiniOzoneClusterImpl (MiniOzoneClusterImpl.java:lambda$waitForClusterToBeReady$0(180)) - Waiting for cluster to exit safe mode
2020-04-28 14:36:58,890 [omNode1@group-3464CFB7038B-LeaderElection1] INFO  impl.LeaderElection (LeaderElection.java:logAndReturn(61)) - omNode1@group-3464CFB7038B-LeaderElection1: Election TIMEOUT; received 0 response(s) [] and 0 exception(s); omNode1@group-3464CFB7038B:t181, leader=null, voted=omNode1, raftlog=omNode1@group-3464CFB7038B-SegmentedRaftLog:OPENED:c-1,f-1,i0, conf=-1: [omNode2:122.0.0.122:9872, omNode1:0.0.0.0:9872], old=null
2020-04-28 14:36:58,891 [omNode1@group-3464CFB7038B-LeaderElection1] INFO  impl.LeaderElection (LeaderElection.java:askForVotes(206)) - omNode1@group-3464CFB7038B-LeaderElection1: begin an election at term 182 for -1: [omNode2:122.0.0.122:9872, omNode1:0.0.0.0:9872], old=null
2020-04-28 14:36:59,070 [omNode1@group-3464CFB7038B-LeaderElection1] INFO  impl.LeaderElection (LeaderElection.java:logAndReturn(61)) - omNode1@group-3464CFB7038B-LeaderElection1: Election TIMEOUT; received 0 response(s) [] and 0 exception(s); omNode1@group-3464CFB7038B:t182, leader=null, voted=omNode1, raftlog=omNode1@group-3464CFB7038B-SegmentedRaftLog:OPENED:c-1,f-1,i0, conf=-1: [omNode2:122.0.0.122:9872, omNode1:0.0.0.0:9872], old=null
2020-04-28 14:36:59,073 [omNode1@group-3464CFB7038B-LeaderElection1] INFO  impl.LeaderElection (LeaderElection.java:askForVotes(206)) - omNode1@group-3464CFB7038B-LeaderElection1: begin an election at term 183 for -1: [omNode2:122.0.0.122:9872, omNode1:0.0.0.0:9872], old=null
2020-04-28 14:36:59,168 [omNode1@group-3464CFB7038B-LeaderElection1] INFO  impl.LeaderElection (LeaderElection.java:logAndReturn(61)) - omNode1@group-3464CFB7038B-LeaderElection1: Election TIMEOUT; received 0 response(s) [] and 0 exception(s); omNode1@group-3464CFB7038B:t183, leader=null, voted=omNode1, raftlog=omNode1@group-3464CFB7038B-SegmentedRaftLog:OPENED:c-1,f-1,i0, conf=-1: [omNode2:122.0.0.122:9872, omNode1:0.0.0.0:9872], old=null
2020-04-28 14:36:59,170 [omNode1@group-3464CFB7038B-LeaderElection1] INFO  impl.LeaderElection (LeaderElection.java:askForVotes(206)) - omNode1@group-3464CFB7038B-LeaderElection1: begin an election at term 184 for -1: [omNode2:122.0.0.122:9872, omNode1:0.0.0.0:9872], old=null
2020-04-28 14:36:59,224 [omNode1@group-3464CFB7038B-LeaderElection1] INFO  impl.LeaderElection (LeaderElection.java:logAndReturn(61)) - omNode1@group-3464CFB7038B-LeaderElection1: Election TIMEOUT; received 0 response(s) [] and 0 exception(s); omNode1@group-3464CFB7038B:t184, leader=null, voted=omNode1, raftlog=omNode1@group-3464CFB7038B-SegmentedRaftLog:OPENED:c-1,f-1,i0, conf=-1: [omNode2:122.0.0.122:9872, omNode1:0.0.0.0:9872], old=null
2020-04-28 14:36:59,225 [omNode1@group-3464CFB7038B-LeaderElection1] INFO  impl.LeaderElection (LeaderElection.java:askForVotes(206)) - omNode1@group-3464CFB7038B-LeaderElection1: begin an election at term 185 for -1: [omNode2:122.0.0.122:9872, omNode1:0.0.0.0:9872], old=null
2020-04-28 14:36:59,230 [omNode1@group-3464CFB7038B-LeaderElection1] INFO  impl.LeaderElection (LeaderElection.java:logAndReturn(61)) - omNode1@group-3464CFB7038B-LeaderElection1: Election TIMEOUT; received 0 response(s) [] and 0 exception(s); omNode1@group-3464CFB7038B:t185, leader=null, voted=omNode1, raftlog=omNode1@group-3464CFB7038B-SegmentedRaftLog:OPENED:c-1,f-1,i0, conf=-1: [omNode2:122.0.0.122:9872, omNode1:0.0.0.0:9872], old=null
2020-04-28 14:36:59,231 [omNode1@group-3464CFB7038B-LeaderElection1] INFO  impl.LeaderElection (LeaderElection.java:askForVotes(206)) - omNode1@group-3464CFB7038B-LeaderElection1: begin an election at term 186 for -1: [omNode2:122.0.0.122:9872, omNode1:0.0.0.0:9872], old=null
2020-04-28 14:36:59,259 [omNode1@group-3464CFB7038B-LeaderElection1] INFO  impl.LeaderElection (LeaderElection.java:logAndReturn(61)) - omNode1@group-3464CFB7038B-LeaderElection1: Election TIMEOUT; received 0 response(s) [] and 0 exception(s); omNode1@group-3464CFB7038B:t186, leader=null, voted=omNode1, raftlog=omNode1@group-3464CFB7038B-SegmentedRaftLog:OPENED:c-1,f-1,i0, conf=-1: [omNode2:122.0.0.122:9872, omNode1:0.0.0.0:9872], old=null
2020-04-28 14:36:59,260 [omNode1@group-3464CFB7038B-LeaderElection1] INFO  impl.LeaderElection (LeaderElection.java:askForVotes(206)) - omNode1@group-3464CFB7038B-LeaderElection1: begin an election at term 187 for -1: [omNode2:122.0.0.122:9872, omNode1:0.0.0.0:9872], old=null
2020-04-28 14:36:59,349 [omNode1@group-3464CFB7038B-LeaderElection1] INFO  impl.LeaderElection (LeaderElection.java:logAndReturn(61)) - omNode1@group-3464CFB7038B-LeaderElection1: Election TIMEOUT; received 0 response(s) [] and 0 exception(s); omNode1@group-3464CFB7038B:t187, leader=null, voted=omNode1, raftlog=omNode1@group-3464CFB7038B-SegmentedRaftLog:OPENED:c-1,f-1,i0, conf=-1: [omNode2:122.0.0.122:9872, omNode1:0.0.0.0:9872], old=null
2020-04-28 14:36:59,351 [omNode1@group-3464CFB7038B-LeaderElection1] INFO  impl.LeaderElection (LeaderElection.java:askForVotes(206)) - omNode1@group-3464CFB7038B-LeaderElection1: begin an election at term 188 for -1: [omNode2:122.0.0.122:9872, omNode1:0.0.0.0:9872], old=null
2020-04-28 14:36:59,477 [omNode1@group-3464CFB7038B-LeaderElection1] INFO  impl.LeaderElection (LeaderElection.java:logAndReturn(61)) - omNode1@group-3464CFB7038B-LeaderElection1: Election TIMEOUT; received 0 response(s) [] and 0 exception(s); omNode1@group-3464CFB7038B:t188, leader=null, voted=omNode1, raftlog=omNode1@group-3464CFB7038B-SegmentedRaftLog:OPENED:c-1,f-1,i0, conf=-1: [omNode2:122.0.0.122:9872, omNode1:0.0.0.0:9872], old=null
2020-04-28 14:36:59,478 [omNode1@group-3464CFB7038B-LeaderElection1] INFO  impl.LeaderElection (LeaderElection.java:askForVotes(206)) - omNode1@group-3464CFB7038B-LeaderElection1: begin an election at term 189 for -1: [omNode2:122.0.0.122:9872, omNode1:0.0.0.0:9872], old=null
2020-04-28 14:36:59,649 [omNode1@group-3464CFB7038B-LeaderElection1] INFO  impl.LeaderElection (LeaderElection.java:logAndReturn(61)) - omNode1@group-3464CFB7038B-LeaderElection1: Election TIMEOUT; received 0 response(s) [] and 0 exception(s); omNode1@group-3464CFB7038B:t189, leader=null, voted=omNode1, raftlog=omNode1@group-3464CFB7038B-SegmentedRaftLog:OPENED:c-1,f-1,i0, conf=-1: [omNode2:122.0.0.122:9872, omNode1:0.0.0.0:9872], old=null
2020-04-28 14:36:59,651 [omNode1@group-3464CFB7038B-LeaderElection1] INFO  impl.LeaderElection (LeaderElection.java:askForVotes(206)) - omNode1@group-3464CFB7038B-LeaderElection1: begin an election at term 190 for -1: [omNode2:122.0.0.122:9872, omNode1:0.0.0.0:9872], old=null
2020-04-28 14:36:59,738 [omNode1@group-3464CFB7038B-LeaderElection1] INFO  impl.LeaderElection (LeaderElection.java:logAndReturn(61)) - omNode1@group-3464CFB7038B-LeaderElection1: Election TIMEOUT; received 0 response(s) [] and 0 exception(s); omNode1@group-3464CFB7038B:t190, leader=null, voted=omNode1, raftlog=omNode1@group-3464CFB7038B-SegmentedRaftLog:OPENED:c-1,f-1,i0, conf=-1: [omNode2:122.0.0.122:9872, omNode1:0.0.0.0:9872], old=null
2020-04-28 14:36:59,739 [omNode1@group-3464CFB7038B-LeaderElection1] INFO  impl.LeaderElection (LeaderElection.java:askForVotes(206)) - omNode1@group-3464CFB7038B-LeaderElection1: begin an election at term 191 for -1: [omNode2:122.0.0.122:9872, omNode1:0.0.0.0:9872], old=null
2020-04-28 14:36:59,758 [main] INFO  ozone.MiniOzoneClusterImpl (MiniOzoneClusterImpl.java:lambda$waitForClusterToBeReady$0(177)) - Nodes are ready. Got 3 of 3 DN Heartbeats.
2020-04-28 14:36:59,758 [main] INFO  ozone.MiniOzoneClusterImpl (MiniOzoneClusterImpl.java:lambda$waitForClusterToBeReady$0(180)) - Waiting for cluster to exit safe mode
2020-04-28 14:36:59,827 [omNode1@group-3464CFB7038B-LeaderElection1] INFO  impl.LeaderElection (LeaderElection.java:logAndReturn(61)) - omNode1@group-3464CFB7038B-LeaderElection1: Election TIMEOUT; received 0 response(s) [] and 0 exception(s); omNode1@group-3464CFB7038B:t191, leader=null, voted=omNode1, raftlog=omNode1@group-3464CFB7038B-SegmentedRaftLog:OPENED:c-1,f-1,i0, conf=-1: [omNode2:122.0.0.122:9872, omNode1:0.0.0.0:9872], old=null
2020-04-28 14:36:59,829 [omNode1@group-3464CFB7038B-LeaderElection1] INFO  impl.LeaderElection (LeaderElection.java:askForVotes(206)) - omNode1@group-3464CFB7038B-LeaderElection1: begin an election at term 192 for -1: [omNode2:122.0.0.122:9872, omNode1:0.0.0.0:9872], old=null
2020-04-28 14:36:59,993 [omNode1@group-3464CFB7038B-LeaderElection1] INFO  impl.LeaderElection (LeaderElection.java:logAndReturn(61)) - omNode1@group-3464CFB7038B-LeaderElection1: Election TIMEOUT; received 0 response(s) [] and 0 exception(s); omNode1@group-3464CFB7038B:t192, leader=null, voted=omNode1, raftlog=omNode1@group-3464CFB7038B-SegmentedRaftLog:OPENED:c-1,f-1,i0, conf=-1: [omNode2:122.0.0.122:9872, omNode1:0.0.0.0:9872], old=null
2020-04-28 14:36:59,995 [omNode1@group-3464CFB7038B-LeaderElection1] INFO  impl.LeaderElection (LeaderElection.java:askForVotes(206)) - omNode1@group-3464CFB7038B-LeaderElection1: begin an election at term 193 for -1: [omNode2:122.0.0.122:9872, omNode1:0.0.0.0:9872], old=null
2020-04-28 14:37:00,136 [omNode1@group-3464CFB7038B-LeaderElection1] INFO  impl.LeaderElection (LeaderElection.java:logAndReturn(61)) - omNode1@group-3464CFB7038B-LeaderElection1: Election TIMEOUT; received 0 response(s) [] and 0 exception(s); omNode1@group-3464CFB7038B:t193, leader=null, voted=omNode1, raftlog=omNode1@group-3464CFB7038B-SegmentedRaftLog:OPENED:c-1,f-1,i0, conf=-1: [omNode2:122.0.0.122:9872, omNode1:0.0.0.0:9872], old=null
2020-04-28 14:37:00,138 [omNode1@group-3464CFB7038B-LeaderElection1] INFO  impl.LeaderElection (LeaderElection.java:askForVotes(206)) - omNode1@group-3464CFB7038B-LeaderElection1: begin an election at term 194 for -1: [omNode2:122.0.0.122:9872, omNode1:0.0.0.0:9872], old=null
2020-04-28 14:37:00,161 [omNode1@group-3464CFB7038B-LeaderElection1] INFO  impl.LeaderElection (LeaderElection.java:logAndReturn(61)) - omNode1@group-3464CFB7038B-LeaderElection1: Election TIMEOUT; received 0 response(s) [] and 0 exception(s); omNode1@group-3464CFB7038B:t194, leader=null, voted=omNode1, raftlog=omNode1@group-3464CFB7038B-SegmentedRaftLog:OPENED:c-1,f-1,i0, conf=-1: [omNode2:122.0.0.122:9872, omNode1:0.0.0.0:9872], old=null
2020-04-28 14:37:00,162 [omNode1@group-3464CFB7038B-LeaderElection1] INFO  impl.LeaderElection (LeaderElection.java:askForVotes(206)) - omNode1@group-3464CFB7038B-LeaderElection1: begin an election at term 195 for -1: [omNode2:122.0.0.122:9872, omNode1:0.0.0.0:9872], old=null
2020-04-28 14:37:00,258 [omNode1@group-3464CFB7038B-LeaderElection1] INFO  impl.LeaderElection (LeaderElection.java:logAndReturn(61)) - omNode1@group-3464CFB7038B-LeaderElection1: Election TIMEOUT; received 0 response(s) [] and 0 exception(s); omNode1@group-3464CFB7038B:t195, leader=null, voted=omNode1, raftlog=omNode1@group-3464CFB7038B-SegmentedRaftLog:OPENED:c-1,f-1,i0, conf=-1: [omNode2:122.0.0.122:9872, omNode1:0.0.0.0:9872], old=null
2020-04-28 14:37:00,261 [omNode1@group-3464CFB7038B-LeaderElection1] INFO  impl.LeaderElection (LeaderElection.java:askForVotes(206)) - omNode1@group-3464CFB7038B-LeaderElection1: begin an election at term 196 for -1: [omNode2:122.0.0.122:9872, omNode1:0.0.0.0:9872], old=null
2020-04-28 14:37:00,278 [omNode1@group-3464CFB7038B-LeaderElection1] INFO  impl.LeaderElection (LeaderElection.java:logAndReturn(61)) - omNode1@group-3464CFB7038B-LeaderElection1: Election TIMEOUT; received 0 response(s) [] and 0 exception(s); omNode1@group-3464CFB7038B:t196, leader=null, voted=omNode1, raftlog=omNode1@group-3464CFB7038B-SegmentedRaftLog:OPENED:c-1,f-1,i0, conf=-1: [omNode2:122.0.0.122:9872, omNode1:0.0.0.0:9872], old=null
2020-04-28 14:37:00,280 [omNode1@group-3464CFB7038B-LeaderElection1] INFO  impl.LeaderElection (LeaderElection.java:askForVotes(206)) - omNode1@group-3464CFB7038B-LeaderElection1: begin an election at term 197 for -1: [omNode2:122.0.0.122:9872, omNode1:0.0.0.0:9872], old=null
2020-04-28 14:37:00,475 [omNode1@group-3464CFB7038B-LeaderElection1] INFO  impl.LeaderElection (LeaderElection.java:logAndReturn(61)) - omNode1@group-3464CFB7038B-LeaderElection1: Election TIMEOUT; received 0 response(s) [] and 0 exception(s); omNode1@group-3464CFB7038B:t197, leader=null, voted=omNode1, raftlog=omNode1@group-3464CFB7038B-SegmentedRaftLog:OPENED:c-1,f-1,i0, conf=-1: [omNode2:122.0.0.122:9872, omNode1:0.0.0.0:9872], old=null
2020-04-28 14:37:00,477 [omNode1@group-3464CFB7038B-LeaderElection1] INFO  impl.LeaderElection (LeaderElection.java:askForVotes(206)) - omNode1@group-3464CFB7038B-LeaderElection1: begin an election at term 198 for -1: [omNode2:122.0.0.122:9872, omNode1:0.0.0.0:9872], old=null
2020-04-28 14:37:00,497 [omNode1@group-3464CFB7038B-LeaderElection1] INFO  impl.LeaderElection (LeaderElection.java:logAndReturn(61)) - omNode1@group-3464CFB7038B-LeaderElection1: Election TIMEOUT; received 0 response(s) [] and 0 exception(s); omNode1@group-3464CFB7038B:t198, leader=null, voted=omNode1, raftlog=omNode1@group-3464CFB7038B-SegmentedRaftLog:OPENED:c-1,f-1,i0, conf=-1: [omNode2:122.0.0.122:9872, omNode1:0.0.0.0:9872], old=null
2020-04-28 14:37:00,498 [omNode1@group-3464CFB7038B-LeaderElection1] INFO  impl.LeaderElection (LeaderElection.java:askForVotes(206)) - omNode1@group-3464CFB7038B-LeaderElection1: begin an election at term 199 for -1: [omNode2:122.0.0.122:9872, omNode1:0.0.0.0:9872], old=null
2020-04-28 14:37:00,597 [omNode1@group-3464CFB7038B-LeaderElection1] INFO  impl.LeaderElection (LeaderElection.java:logAndReturn(61)) - omNode1@group-3464CFB7038B-LeaderElection1: Election TIMEOUT; received 0 response(s) [] and 0 exception(s); omNode1@group-3464CFB7038B:t199, leader=null, voted=omNode1, raftlog=omNode1@group-3464CFB7038B-SegmentedRaftLog:OPENED:c-1,f-1,i0, conf=-1: [omNode2:122.0.0.122:9872, omNode1:0.0.0.0:9872], old=null
2020-04-28 14:37:00,598 [omNode1@group-3464CFB7038B-LeaderElection1] INFO  impl.LeaderElection (LeaderElection.java:askForVotes(206)) - omNode1@group-3464CFB7038B-LeaderElection1: begin an election at term 200 for -1: [omNode2:122.0.0.122:9872, omNode1:0.0.0.0:9872], old=null
2020-04-28 14:37:00,739 [omNode1@group-3464CFB7038B-LeaderElection1] INFO  impl.LeaderElection (LeaderElection.java:logAndReturn(61)) - omNode1@group-3464CFB7038B-LeaderElection1: Election TIMEOUT; received 0 response(s) [] and 0 exception(s); omNode1@group-3464CFB7038B:t200, leader=null, voted=omNode1, raftlog=omNode1@group-3464CFB7038B-SegmentedRaftLog:OPENED:c-1,f-1,i0, conf=-1: [omNode2:122.0.0.122:9872, omNode1:0.0.0.0:9872], old=null
2020-04-28 14:37:00,740 [omNode1@group-3464CFB7038B-LeaderElection1] INFO  impl.LeaderElection (LeaderElection.java:askForVotes(206)) - omNode1@group-3464CFB7038B-LeaderElection1: begin an election at term 201 for -1: [omNode2:122.0.0.122:9872, omNode1:0.0.0.0:9872], old=null
2020-04-28 14:37:00,758 [main] INFO  ozone.MiniOzoneClusterImpl (MiniOzoneClusterImpl.java:lambda$waitForClusterToBeReady$0(177)) - Nodes are ready. Got 3 of 3 DN Heartbeats.
2020-04-28 14:37:00,758 [main] INFO  ozone.MiniOzoneClusterImpl (MiniOzoneClusterImpl.java:lambda$waitForClusterToBeReady$0(180)) - Waiting for cluster to exit safe mode
2020-04-28 14:37:00,848 [omNode1@group-3464CFB7038B-LeaderElection1] INFO  impl.LeaderElection (LeaderElection.java:logAndReturn(61)) - omNode1@group-3464CFB7038B-LeaderElection1: Election TIMEOUT; received 0 response(s) [] and 0 exception(s); omNode1@group-3464CFB7038B:t201, leader=null, voted=omNode1, raftlog=omNode1@group-3464CFB7038B-SegmentedRaftLog:OPENED:c-1,f-1,i0, conf=-1: [omNode2:122.0.0.122:9872, omNode1:0.0.0.0:9872], old=null
2020-04-28 14:37:00,849 [omNode1@group-3464CFB7038B-LeaderElection1] INFO  impl.LeaderElection (LeaderElection.java:askForVotes(206)) - omNode1@group-3464CFB7038B-LeaderElection1: begin an election at term 202 for -1: [omNode2:122.0.0.122:9872, omNode1:0.0.0.0:9872], old=null
2020-04-28 14:37:01,008 [omNode1@group-3464CFB7038B-LeaderElection1] INFO  impl.LeaderElection (LeaderElection.java:logAndReturn(61)) - omNode1@group-3464CFB7038B-LeaderElection1: Election TIMEOUT; received 0 response(s) [] and 0 exception(s); omNode1@group-3464CFB7038B:t202, leader=null, voted=omNode1, raftlog=omNode1@group-3464CFB7038B-SegmentedRaftLog:OPENED:c-1,f-1,i0, conf=-1: [omNode2:122.0.0.122:9872, omNode1:0.0.0.0:9872], old=null
2020-04-28 14:37:01,009 [omNode1@group-3464CFB7038B-LeaderElection1] INFO  impl.LeaderElection (LeaderElection.java:askForVotes(206)) - omNode1@group-3464CFB7038B-LeaderElection1: begin an election at term 203 for -1: [omNode2:122.0.0.122:9872, omNode1:0.0.0.0:9872], old=null
2020-04-28 14:37:01,146 [omNode1@group-3464CFB7038B-LeaderElection1] INFO  impl.LeaderElection (LeaderElection.java:logAndReturn(61)) - omNode1@group-3464CFB7038B-LeaderElection1: Election TIMEOUT; received 0 response(s) [] and 0 exception(s); omNode1@group-3464CFB7038B:t203, leader=null, voted=omNode1, raftlog=omNode1@group-3464CFB7038B-SegmentedRaftLog:OPENED:c-1,f-1,i0, conf=-1: [omNode2:122.0.0.122:9872, omNode1:0.0.0.0:9872], old=null
2020-04-28 14:37:01,149 [omNode1@group-3464CFB7038B-LeaderElection1] INFO  impl.LeaderElection (LeaderElection.java:askForVotes(206)) - omNode1@group-3464CFB7038B-LeaderElection1: begin an election at term 204 for -1: [omNode2:122.0.0.122:9872, omNode1:0.0.0.0:9872], old=null
2020-04-28 14:37:01,288 [omNode1@group-3464CFB7038B-LeaderElection1] INFO  impl.LeaderElection (LeaderElection.java:logAndReturn(61)) - omNode1@group-3464CFB7038B-LeaderElection1: Election TIMEOUT; received 0 response(s) [] and 0 exception(s); omNode1@group-3464CFB7038B:t204, leader=null, voted=omNode1, raftlog=omNode1@group-3464CFB7038B-SegmentedRaftLog:OPENED:c-1,f-1,i0, conf=-1: [omNode2:122.0.0.122:9872, omNode1:0.0.0.0:9872], old=null
2020-04-28 14:37:01,290 [omNode1@group-3464CFB7038B-LeaderElection1] INFO  impl.LeaderElection (LeaderElection.java:askForVotes(206)) - omNode1@group-3464CFB7038B-LeaderElection1: begin an election at term 205 for -1: [omNode2:122.0.0.122:9872, omNode1:0.0.0.0:9872], old=null
2020-04-28 14:37:01,348 [omNode1@group-3464CFB7038B-LeaderElection1] INFO  impl.LeaderElection (LeaderElection.java:logAndReturn(61)) - omNode1@group-3464CFB7038B-LeaderElection1: Election TIMEOUT; received 0 response(s) [] and 0 exception(s); omNode1@group-3464CFB7038B:t205, leader=null, voted=omNode1, raftlog=omNode1@group-3464CFB7038B-SegmentedRaftLog:OPENED:c-1,f-1,i0, conf=-1: [omNode2:122.0.0.122:9872, omNode1:0.0.0.0:9872], old=null
2020-04-28 14:37:01,349 [omNode1@group-3464CFB7038B-LeaderElection1] INFO  impl.LeaderElection (LeaderElection.java:askForVotes(206)) - omNode1@group-3464CFB7038B-LeaderElection1: begin an election at term 206 for -1: [omNode2:122.0.0.122:9872, omNode1:0.0.0.0:9872], old=null
2020-04-28 14:37:01,442 [omNode1@group-3464CFB7038B-LeaderElection1] INFO  impl.LeaderElection (LeaderElection.java:logAndReturn(61)) - omNode1@group-3464CFB7038B-LeaderElection1: Election TIMEOUT; received 0 response(s) [] and 0 exception(s); omNode1@group-3464CFB7038B:t206, leader=null, voted=omNode1, raftlog=omNode1@group-3464CFB7038B-SegmentedRaftLog:OPENED:c-1,f-1,i0, conf=-1: [omNode2:122.0.0.122:9872, omNode1:0.0.0.0:9872], old=null
2020-04-28 14:37:01,443 [omNode1@group-3464CFB7038B-LeaderElection1] INFO  impl.LeaderElection (LeaderElection.java:askForVotes(206)) - omNode1@group-3464CFB7038B-LeaderElection1: begin an election at term 207 for -1: [omNode2:122.0.0.122:9872, omNode1:0.0.0.0:9872], old=null
2020-04-28 14:37:01,539 [omNode1@group-3464CFB7038B-LeaderElection1] INFO  impl.LeaderElection (LeaderElection.java:logAndReturn(61)) - omNode1@group-3464CFB7038B-LeaderElection1: Election TIMEOUT; received 0 response(s) [] and 0 exception(s); omNode1@group-3464CFB7038B:t207, leader=null, voted=omNode1, raftlog=omNode1@group-3464CFB7038B-SegmentedRaftLog:OPENED:c-1,f-1,i0, conf=-1: [omNode2:122.0.0.122:9872, omNode1:0.0.0.0:9872], old=null
2020-04-28 14:37:01,541 [omNode1@group-3464CFB7038B-LeaderElection1] INFO  impl.LeaderElection (LeaderElection.java:askForVotes(206)) - omNode1@group-3464CFB7038B-LeaderElection1: begin an election at term 208 for -1: [omNode2:122.0.0.122:9872, omNode1:0.0.0.0:9872], old=null
2020-04-28 14:37:01,576 [omNode1@group-3464CFB7038B-LeaderElection1] INFO  impl.LeaderElection (LeaderElection.java:logAndReturn(61)) - omNode1@group-3464CFB7038B-LeaderElection1: Election TIMEOUT; received 0 response(s) [] and 0 exception(s); omNode1@group-3464CFB7038B:t208, leader=null, voted=omNode1, raftlog=omNode1@group-3464CFB7038B-SegmentedRaftLog:OPENED:c-1,f-1,i0, conf=-1: [omNode2:122.0.0.122:9872, omNode1:0.0.0.0:9872], old=null
2020-04-28 14:37:01,578 [omNode1@group-3464CFB7038B-LeaderElection1] INFO  impl.LeaderElection (LeaderElection.java:askForVotes(206)) - omNode1@group-3464CFB7038B-LeaderElection1: begin an election at term 209 for -1: [omNode2:122.0.0.122:9872, omNode1:0.0.0.0:9872], old=null
2020-04-28 14:37:01,719 [omNode1@group-3464CFB7038B-LeaderElection1] INFO  impl.LeaderElection (LeaderElection.java:logAndReturn(61)) - omNode1@group-3464CFB7038B-LeaderElection1: Election TIMEOUT; received 0 response(s) [] and 0 exception(s); omNode1@group-3464CFB7038B:t209, leader=null, voted=omNode1, raftlog=omNode1@group-3464CFB7038B-SegmentedRaftLog:OPENED:c-1,f-1,i0, conf=-1: [omNode2:122.0.0.122:9872, omNode1:0.0.0.0:9872], old=null
2020-04-28 14:37:01,720 [omNode1@group-3464CFB7038B-LeaderElection1] INFO  impl.LeaderElection (LeaderElection.java:askForVotes(206)) - omNode1@group-3464CFB7038B-LeaderElection1: begin an election at term 210 for -1: [omNode2:122.0.0.122:9872, omNode1:0.0.0.0:9872], old=null
2020-04-28 14:37:01,758 [main] INFO  ozone.MiniOzoneClusterImpl (MiniOzoneClusterImpl.java:lambda$waitForClusterToBeReady$0(177)) - Nodes are ready. Got 3 of 3 DN Heartbeats.
2020-04-28 14:37:01,759 [main] INFO  ozone.MiniOzoneClusterImpl (MiniOzoneClusterImpl.java:lambda$waitForClusterToBeReady$0(180)) - Waiting for cluster to exit safe mode
2020-04-28 14:37:01,782 [omNode1@group-3464CFB7038B-LeaderElection1] INFO  impl.LeaderElection (LeaderElection.java:logAndReturn(61)) - omNode1@group-3464CFB7038B-LeaderElection1: Election TIMEOUT; received 0 response(s) [] and 0 exception(s); omNode1@group-3464CFB7038B:t210, leader=null, voted=omNode1, raftlog=omNode1@group-3464CFB7038B-SegmentedRaftLog:OPENED:c-1,f-1,i0, conf=-1: [omNode2:122.0.0.122:9872, omNode1:0.0.0.0:9872], old=null
2020-04-28 14:37:01,783 [omNode1@group-3464CFB7038B-LeaderElection1] INFO  impl.LeaderElection (LeaderElection.java:askForVotes(206)) - omNode1@group-3464CFB7038B-LeaderElection1: begin an election at term 211 for -1: [omNode2:122.0.0.122:9872, omNode1:0.0.0.0:9872], old=null
2020-04-28 14:37:01,887 [omNode1@group-3464CFB7038B-LeaderElection1] INFO  impl.LeaderElection (LeaderElection.java:logAndReturn(61)) - omNode1@group-3464CFB7038B-LeaderElection1: Election TIMEOUT; received 0 response(s) [] and 0 exception(s); omNode1@group-3464CFB7038B:t211, leader=null, voted=omNode1, raftlog=omNode1@group-3464CFB7038B-SegmentedRaftLog:OPENED:c-1,f-1,i0, conf=-1: [omNode2:122.0.0.122:9872, omNode1:0.0.0.0:9872], old=null
2020-04-28 14:37:01,888 [omNode1@group-3464CFB7038B-LeaderElection1] INFO  impl.LeaderElection (LeaderElection.java:askForVotes(206)) - omNode1@group-3464CFB7038B-LeaderElection1: begin an election at term 212 for -1: [omNode2:122.0.0.122:9872, omNode1:0.0.0.0:9872], old=null
2020-04-28 14:37:02,012 [omNode1@group-3464CFB7038B-LeaderElection1] INFO  impl.LeaderElection (LeaderElection.java:logAndReturn(61)) - omNode1@group-3464CFB7038B-LeaderElection1: Election TIMEOUT; received 0 response(s) [] and 0 exception(s); omNode1@group-3464CFB7038B:t212, leader=null, voted=omNode1, raftlog=omNode1@group-3464CFB7038B-SegmentedRaftLog:OPENED:c-1,f-1,i0, conf=-1: [omNode2:122.0.0.122:9872, omNode1:0.0.0.0:9872], old=null
2020-04-28 14:37:02,013 [omNode1@group-3464CFB7038B-LeaderElection1] INFO  impl.LeaderElection (LeaderElection.java:askForVotes(206)) - omNode1@group-3464CFB7038B-LeaderElection1: begin an election at term 213 for -1: [omNode2:122.0.0.122:9872, omNode1:0.0.0.0:9872], old=null
2020-04-28 14:37:02,070 [omNode1@group-3464CFB7038B-LeaderElection1] INFO  impl.LeaderElection (LeaderElection.java:logAndReturn(61)) - omNode1@group-3464CFB7038B-LeaderElection1: Election TIMEOUT; received 0 response(s) [] and 0 exception(s); omNode1@group-3464CFB7038B:t213, leader=null, voted=omNode1, raftlog=omNode1@group-3464CFB7038B-SegmentedRaftLog:OPENED:c-1,f-1,i0, conf=-1: [omNode2:122.0.0.122:9872, omNode1:0.0.0.0:9872], old=null
2020-04-28 14:37:02,072 [omNode1@group-3464CFB7038B-LeaderElection1] INFO  impl.LeaderElection (LeaderElection.java:askForVotes(206)) - omNode1@group-3464CFB7038B-LeaderElection1: begin an election at term 214 for -1: [omNode2:122.0.0.122:9872, omNode1:0.0.0.0:9872], old=null
2020-04-28 14:37:02,122 [omNode1@group-3464CFB7038B-LeaderElection1] INFO  impl.LeaderElection (LeaderElection.java:logAndReturn(61)) - omNode1@group-3464CFB7038B-LeaderElection1: Election TIMEOUT; received 0 response(s) [] and 0 exception(s); omNode1@group-3464CFB7038B:t214, leader=null, voted=omNode1, raftlog=omNode1@group-3464CFB7038B-SegmentedRaftLog:OPENED:c-1,f-1,i0, conf=-1: [omNode2:122.0.0.122:9872, omNode1:0.0.0.0:9872], old=null
2020-04-28 14:37:02,124 [omNode1@group-3464CFB7038B-LeaderElection1] INFO  impl.LeaderElection (LeaderElection.java:askForVotes(206)) - omNode1@group-3464CFB7038B-LeaderElection1: begin an election at term 215 for -1: [omNode2:122.0.0.122:9872, omNode1:0.0.0.0:9872], old=null
2020-04-28 14:37:02,170 [omNode1@group-3464CFB7038B-LeaderElection1] INFO  impl.LeaderElection (LeaderElection.java:logAndReturn(61)) - omNode1@group-3464CFB7038B-LeaderElection1: Election TIMEOUT; received 0 response(s) [] and 0 exception(s); omNode1@group-3464CFB7038B:t215, leader=null, voted=omNode1, raftlog=omNode1@group-3464CFB7038B-SegmentedRaftLog:OPENED:c-1,f-1,i0, conf=-1: [omNode2:122.0.0.122:9872, omNode1:0.0.0.0:9872], old=null
2020-04-28 14:37:02,172 [omNode1@group-3464CFB7038B-LeaderElection1] INFO  impl.LeaderElection (LeaderElection.java:askForVotes(206)) - omNode1@group-3464CFB7038B-LeaderElection1: begin an election at term 216 for -1: [omNode2:122.0.0.122:9872, omNode1:0.0.0.0:9872], old=null
2020-04-28 14:37:02,281 [omNode1@group-3464CFB7038B-LeaderElection1] INFO  impl.LeaderElection (LeaderElection.java:logAndReturn(61)) - omNode1@group-3464CFB7038B-LeaderElection1: Election TIMEOUT; received 0 response(s) [] and 0 exception(s); omNode1@group-3464CFB7038B:t216, leader=null, voted=omNode1, raftlog=omNode1@group-3464CFB7038B-SegmentedRaftLog:OPENED:c-1,f-1,i0, conf=-1: [omNode2:122.0.0.122:9872, omNode1:0.0.0.0:9872], old=null
2020-04-28 14:37:02,282 [omNode1@group-3464CFB7038B-LeaderElection1] INFO  impl.LeaderElection (LeaderElection.java:askForVotes(206)) - omNode1@group-3464CFB7038B-LeaderElection1: begin an election at term 217 for -1: [omNode2:122.0.0.122:9872, omNode1:0.0.0.0:9872], old=null
2020-04-28 14:37:02,313 [omNode1@group-3464CFB7038B-LeaderElection1] INFO  impl.LeaderElection (LeaderElection.java:logAndReturn(61)) - omNode1@group-3464CFB7038B-LeaderElection1: Election TIMEOUT; received 0 response(s) [] and 0 exception(s); omNode1@group-3464CFB7038B:t217, leader=null, voted=omNode1, raftlog=omNode1@group-3464CFB7038B-SegmentedRaftLog:OPENED:c-1,f-1,i0, conf=-1: [omNode2:122.0.0.122:9872, omNode1:0.0.0.0:9872], old=null
2020-04-28 14:37:02,315 [omNode1@group-3464CFB7038B-LeaderElection1] INFO  impl.LeaderElection (LeaderElection.java:askForVotes(206)) - omNode1@group-3464CFB7038B-LeaderElection1: begin an election at term 218 for -1: [omNode2:122.0.0.122:9872, omNode1:0.0.0.0:9872], old=null
2020-04-28 14:37:02,453 [omNode1@group-3464CFB7038B-LeaderElection1] INFO  impl.LeaderElection (LeaderElection.java:logAndReturn(61)) - omNode1@group-3464CFB7038B-LeaderElection1: Election TIMEOUT; received 0 response(s) [] and 0 exception(s); omNode1@group-3464CFB7038B:t218, leader=null, voted=omNode1, raftlog=omNode1@group-3464CFB7038B-SegmentedRaftLog:OPENED:c-1,f-1,i0, conf=-1: [omNode2:122.0.0.122:9872, omNode1:0.0.0.0:9872], old=null
2020-04-28 14:37:02,455 [omNode1@group-3464CFB7038B-LeaderElection1] INFO  impl.LeaderElection (LeaderElection.java:askForVotes(206)) - omNode1@group-3464CFB7038B-LeaderElection1: begin an election at term 219 for -1: [omNode2:122.0.0.122:9872, omNode1:0.0.0.0:9872], old=null
2020-04-28 14:37:02,456 [omNode1@group-3464CFB7038B-LeaderElection1] INFO  impl.LeaderElection (LeaderElection.java:logAndReturn(61)) - omNode1@group-3464CFB7038B-LeaderElection1: Election TIMEOUT; received 0 response(s) [] and 0 exception(s); omNode1@group-3464CFB7038B:t219, leader=null, voted=omNode1, raftlog=omNode1@group-3464CFB7038B-SegmentedRaftLog:OPENED:c-1,f-1,i0, conf=-1: [omNode2:122.0.0.122:9872, omNode1:0.0.0.0:9872], old=null
2020-04-28 14:37:02,457 [omNode1@group-3464CFB7038B-LeaderElection1] INFO  impl.LeaderElection (LeaderElection.java:askForVotes(206)) - omNode1@group-3464CFB7038B-LeaderElection1: begin an election at term 220 for -1: [omNode2:122.0.0.122:9872, omNode1:0.0.0.0:9872], old=null
2020-04-28 14:37:02,462 [omNode1@group-3464CFB7038B-LeaderElection1] INFO  impl.LeaderElection (LeaderElection.java:logAndReturn(61)) - omNode1@group-3464CFB7038B-LeaderElection1: Election TIMEOUT; received 0 response(s) [] and 0 exception(s); omNode1@group-3464CFB7038B:t220, leader=null, voted=omNode1, raftlog=omNode1@group-3464CFB7038B-SegmentedRaftLog:OPENED:c-1,f-1,i0, conf=-1: [omNode2:122.0.0.122:9872, omNode1:0.0.0.0:9872], old=null
2020-04-28 14:37:02,463 [omNode1@group-3464CFB7038B-LeaderElection1] INFO  impl.LeaderElection (LeaderElection.java:askForVotes(206)) - omNode1@group-3464CFB7038B-LeaderElection1: begin an election at term 221 for -1: [omNode2:122.0.0.122:9872, omNode1:0.0.0.0:9872], old=null
2020-04-28 14:37:02,590 [omNode1@group-3464CFB7038B-LeaderElection1] INFO  impl.LeaderElection (LeaderElection.java:logAndReturn(61)) - omNode1@group-3464CFB7038B-LeaderElection1: Election TIMEOUT; received 0 response(s) [] and 0 exception(s); omNode1@group-3464CFB7038B:t221, leader=null, voted=omNode1, raftlog=omNode1@group-3464CFB7038B-SegmentedRaftLog:OPENED:c-1,f-1,i0, conf=-1: [omNode2:122.0.0.122:9872, omNode1:0.0.0.0:9872], old=null
2020-04-28 14:37:02,592 [omNode1@group-3464CFB7038B-LeaderElection1] INFO  impl.LeaderElection (LeaderElection.java:askForVotes(206)) - omNode1@group-3464CFB7038B-LeaderElection1: begin an election at term 222 for -1: [omNode2:122.0.0.122:9872, omNode1:0.0.0.0:9872], old=null
2020-04-28 14:37:02,643 [omNode1@group-3464CFB7038B-LeaderElection1] INFO  impl.LeaderElection (LeaderElection.java:logAndReturn(61)) - omNode1@group-3464CFB7038B-LeaderElection1: Election TIMEOUT; received 0 response(s) [] and 0 exception(s); omNode1@group-3464CFB7038B:t222, leader=null, voted=omNode1, raftlog=omNode1@group-3464CFB7038B-SegmentedRaftLog:OPENED:c-1,f-1,i0, conf=-1: [omNode2:122.0.0.122:9872, omNode1:0.0.0.0:9872], old=null
2020-04-28 14:37:02,647 [omNode1@group-3464CFB7038B-LeaderElection1] INFO  impl.LeaderElection (LeaderElection.java:askForVotes(206)) - omNode1@group-3464CFB7038B-LeaderElection1: begin an election at term 223 for -1: [omNode2:122.0.0.122:9872, omNode1:0.0.0.0:9872], old=null
2020-04-28 14:37:02,680 [omNode1@group-3464CFB7038B-LeaderElection1] INFO  impl.LeaderElection (LeaderElection.java:logAndReturn(61)) - omNode1@group-3464CFB7038B-LeaderElection1: Election TIMEOUT; received 0 response(s) [] and 0 exception(s); omNode1@group-3464CFB7038B:t223, leader=null, voted=omNode1, raftlog=omNode1@group-3464CFB7038B-SegmentedRaftLog:OPENED:c-1,f-1,i0, conf=-1: [omNode2:122.0.0.122:9872, omNode1:0.0.0.0:9872], old=null
2020-04-28 14:37:02,682 [omNode1@group-3464CFB7038B-LeaderElection1] INFO  impl.LeaderElection (LeaderElection.java:askForVotes(206)) - omNode1@group-3464CFB7038B-LeaderElection1: begin an election at term 224 for -1: [omNode2:122.0.0.122:9872, omNode1:0.0.0.0:9872], old=null
2020-04-28 14:37:02,759 [main] INFO  ozone.MiniOzoneClusterImpl (MiniOzoneClusterImpl.java:lambda$waitForClusterToBeReady$0(177)) - Nodes are ready. Got 3 of 3 DN Heartbeats.
2020-04-28 14:37:02,759 [main] INFO  ozone.MiniOzoneClusterImpl (MiniOzoneClusterImpl.java:lambda$waitForClusterToBeReady$0(180)) - Waiting for cluster to exit safe mode
2020-04-28 14:37:02,769 [omNode1@group-3464CFB7038B-LeaderElection1] INFO  impl.LeaderElection (LeaderElection.java:logAndReturn(61)) - omNode1@group-3464CFB7038B-LeaderElection1: Election TIMEOUT; received 0 response(s) [] and 0 exception(s); omNode1@group-3464CFB7038B:t224, leader=null, voted=omNode1, raftlog=omNode1@group-3464CFB7038B-SegmentedRaftLog:OPENED:c-1,f-1,i0, conf=-1: [omNode2:122.0.0.122:9872, omNode1:0.0.0.0:9872], old=null
2020-04-28 14:37:02,770 [omNode1@group-3464CFB7038B-LeaderElection1] INFO  impl.LeaderElection (LeaderElection.java:askForVotes(206)) - omNode1@group-3464CFB7038B-LeaderElection1: begin an election at term 225 for -1: [omNode2:122.0.0.122:9872, omNode1:0.0.0.0:9872], old=null
2020-04-28 14:37:02,837 [omNode1@group-3464CFB7038B-LeaderElection1] INFO  impl.LeaderElection (LeaderElection.java:logAndReturn(61)) - omNode1@group-3464CFB7038B-LeaderElection1: Election TIMEOUT; received 0 response(s) [] and 0 exception(s); omNode1@group-3464CFB7038B:t225, leader=null, voted=omNode1, raftlog=omNode1@group-3464CFB7038B-SegmentedRaftLog:OPENED:c-1,f-1,i0, conf=-1: [omNode2:122.0.0.122:9872, omNode1:0.0.0.0:9872], old=null
2020-04-28 14:37:02,839 [omNode1@group-3464CFB7038B-LeaderElection1] INFO  impl.LeaderElection (LeaderElection.java:askForVotes(206)) - omNode1@group-3464CFB7038B-LeaderElection1: begin an election at term 226 for -1: [omNode2:122.0.0.122:9872, omNode1:0.0.0.0:9872], old=null
2020-04-28 14:37:02,900 [omNode1@group-3464CFB7038B-LeaderElection1] INFO  impl.LeaderElection (LeaderElection.java:logAndReturn(61)) - omNode1@group-3464CFB7038B-LeaderElection1: Election TIMEOUT; received 0 response(s) [] and 0 exception(s); omNode1@group-3464CFB7038B:t226, leader=null, voted=omNode1, raftlog=omNode1@group-3464CFB7038B-SegmentedRaftLog:OPENED:c-1,f-1,i0, conf=-1: [omNode2:122.0.0.122:9872, omNode1:0.0.0.0:9872], old=null
2020-04-28 14:37:02,902 [omNode1@group-3464CFB7038B-LeaderElection1] INFO  impl.LeaderElection (LeaderElection.java:askForVotes(206)) - omNode1@group-3464CFB7038B-LeaderElection1: begin an election at term 227 for -1: [omNode2:122.0.0.122:9872, omNode1:0.0.0.0:9872], old=null
2020-04-28 14:37:03,040 [omNode1@group-3464CFB7038B-LeaderElection1] INFO  impl.LeaderElection (LeaderElection.java:logAndReturn(61)) - omNode1@group-3464CFB7038B-LeaderElection1: Election TIMEOUT; received 0 response(s) [] and 0 exception(s); omNode1@group-3464CFB7038B:t227, leader=null, voted=omNode1, raftlog=omNode1@group-3464CFB7038B-SegmentedRaftLog:OPENED:c-1,f-1,i0, conf=-1: [omNode2:122.0.0.122:9872, omNode1:0.0.0.0:9872], old=null
2020-04-28 14:37:03,042 [omNode1@group-3464CFB7038B-LeaderElection1] INFO  impl.LeaderElection (LeaderElection.java:askForVotes(206)) - omNode1@group-3464CFB7038B-LeaderElection1: begin an election at term 228 for -1: [omNode2:122.0.0.122:9872, omNode1:0.0.0.0:9872], old=null
2020-04-28 14:37:03,087 [omNode1@group-3464CFB7038B-LeaderElection1] INFO  impl.LeaderElection (LeaderElection.java:logAndReturn(61)) - omNode1@group-3464CFB7038B-LeaderElection1: Election TIMEOUT; received 0 response(s) [] and 0 exception(s); omNode1@group-3464CFB7038B:t228, leader=null, voted=omNode1, raftlog=omNode1@group-3464CFB7038B-SegmentedRaftLog:OPENED:c-1,f-1,i0, conf=-1: [omNode2:122.0.0.122:9872, omNode1:0.0.0.0:9872], old=null
2020-04-28 14:37:03,089 [omNode1@group-3464CFB7038B-LeaderElection1] INFO  impl.LeaderElection (LeaderElection.java:askForVotes(206)) - omNode1@group-3464CFB7038B-LeaderElection1: begin an election at term 229 for -1: [omNode2:122.0.0.122:9872, omNode1:0.0.0.0:9872], old=null
2020-04-28 14:37:03,099 [omNode1@group-3464CFB7038B-LeaderElection1] INFO  impl.LeaderElection (LeaderElection.java:logAndReturn(61)) - omNode1@group-3464CFB7038B-LeaderElection1: Election TIMEOUT; received 0 response(s) [] and 0 exception(s); omNode1@group-3464CFB7038B:t229, leader=null, voted=omNode1, raftlog=omNode1@group-3464CFB7038B-SegmentedRaftLog:OPENED:c-1,f-1,i0, conf=-1: [omNode2:122.0.0.122:9872, omNode1:0.0.0.0:9872], old=null
2020-04-28 14:37:03,101 [omNode1@group-3464CFB7038B-LeaderElection1] INFO  impl.LeaderElection (LeaderElection.java:askForVotes(206)) - omNode1@group-3464CFB7038B-LeaderElection1: begin an election at term 230 for -1: [omNode2:122.0.0.122:9872, omNode1:0.0.0.0:9872], old=null
2020-04-28 14:37:03,289 [omNode1@group-3464CFB7038B-LeaderElection1] INFO  impl.LeaderElection (LeaderElection.java:logAndReturn(61)) - omNode1@group-3464CFB7038B-LeaderElection1: Election TIMEOUT; received 0 response(s) [] and 0 exception(s); omNode1@group-3464CFB7038B:t230, leader=null, voted=omNode1, raftlog=omNode1@group-3464CFB7038B-SegmentedRaftLog:OPENED:c-1,f-1,i0, conf=-1: [omNode2:122.0.0.122:9872, omNode1:0.0.0.0:9872], old=null
2020-04-28 14:37:03,291 [omNode1@group-3464CFB7038B-LeaderElection1] INFO  impl.LeaderElection (LeaderElection.java:askForVotes(206)) - omNode1@group-3464CFB7038B-LeaderElection1: begin an election at term 231 for -1: [omNode2:122.0.0.122:9872, omNode1:0.0.0.0:9872], old=null
2020-04-28 14:37:03,295 [omNode1@group-3464CFB7038B-LeaderElection1] INFO  impl.LeaderElection (LeaderElection.java:logAndReturn(61)) - omNode1@group-3464CFB7038B-LeaderElection1: Election TIMEOUT; received 0 response(s) [] and 0 exception(s); omNode1@group-3464CFB7038B:t231, leader=null, voted=omNode1, raftlog=omNode1@group-3464CFB7038B-SegmentedRaftLog:OPENED:c-1,f-1,i0, conf=-1: [omNode2:122.0.0.122:9872, omNode1:0.0.0.0:9872], old=null
2020-04-28 14:37:03,296 [omNode1@group-3464CFB7038B-LeaderElection1] INFO  impl.LeaderElection (LeaderElection.java:askForVotes(206)) - omNode1@group-3464CFB7038B-LeaderElection1: begin an election at term 232 for -1: [omNode2:122.0.0.122:9872, omNode1:0.0.0.0:9872], old=null
2020-04-28 14:37:03,298 [omNode1@group-3464CFB7038B-LeaderElection1] INFO  impl.LeaderElection (LeaderElection.java:logAndReturn(61)) - omNode1@group-3464CFB7038B-LeaderElection1: Election TIMEOUT; received 0 response(s) [] and 0 exception(s); omNode1@group-3464CFB7038B:t232, leader=null, voted=omNode1, raftlog=omNode1@group-3464CFB7038B-SegmentedRaftLog:OPENED:c-1,f-1,i0, conf=-1: [omNode2:122.0.0.122:9872, omNode1:0.0.0.0:9872], old=null
2020-04-28 14:37:03,299 [omNode1@group-3464CFB7038B-LeaderElection1] INFO  impl.LeaderElection (LeaderElection.java:askForVotes(206)) - omNode1@group-3464CFB7038B-LeaderElection1: begin an election at term 233 for -1: [omNode2:122.0.0.122:9872, omNode1:0.0.0.0:9872], old=null
2020-04-28 14:37:03,371 [omNode1@group-3464CFB7038B-LeaderElection1] INFO  impl.LeaderElection (LeaderElection.java:logAndReturn(61)) - omNode1@group-3464CFB7038B-LeaderElection1: Election TIMEOUT; received 0 response(s) [] and 0 exception(s); omNode1@group-3464CFB7038B:t233, leader=null, voted=omNode1, raftlog=omNode1@group-3464CFB7038B-SegmentedRaftLog:OPENED:c-1,f-1,i0, conf=-1: [omNode2:122.0.0.122:9872, omNode1:0.0.0.0:9872], old=null
2020-04-28 14:37:03,373 [omNode1@group-3464CFB7038B-LeaderElection1] INFO  impl.LeaderElection (LeaderElection.java:askForVotes(206)) - omNode1@group-3464CFB7038B-LeaderElection1: begin an election at term 234 for -1: [omNode2:122.0.0.122:9872, omNode1:0.0.0.0:9872], old=null
2020-04-28 14:37:03,398 [omNode1@group-3464CFB7038B-LeaderElection1] INFO  impl.LeaderElection (LeaderElection.java:logAndReturn(61)) - omNode1@group-3464CFB7038B-LeaderElection1: Election TIMEOUT; received 0 response(s) [] and 0 exception(s); omNode1@group-3464CFB7038B:t234, leader=null, voted=omNode1, raftlog=omNode1@group-3464CFB7038B-SegmentedRaftLog:OPENED:c-1,f-1,i0, conf=-1: [omNode2:122.0.0.122:9872, omNode1:0.0.0.0:9872], old=null
2020-04-28 14:37:03,400 [omNode1@group-3464CFB7038B-LeaderElection1] INFO  impl.LeaderElection (LeaderElection.java:askForVotes(206)) - omNode1@group-3464CFB7038B-LeaderElection1: begin an election at term 235 for -1: [omNode2:122.0.0.122:9872, omNode1:0.0.0.0:9872], old=null
2020-04-28 14:37:03,418 [omNode1@group-3464CFB7038B-LeaderElection1] INFO  impl.LeaderElection (LeaderElection.java:logAndReturn(61)) - omNode1@group-3464CFB7038B-LeaderElection1: Election TIMEOUT; received 0 response(s) [] and 0 exception(s); omNode1@group-3464CFB7038B:t235, leader=null, voted=omNode1, raftlog=omNode1@group-3464CFB7038B-SegmentedRaftLog:OPENED:c-1,f-1,i0, conf=-1: [omNode2:122.0.0.122:9872, omNode1:0.0.0.0:9872], old=null
2020-04-28 14:37:03,419 [omNode1@group-3464CFB7038B-LeaderElection1] INFO  impl.LeaderElection (LeaderElection.java:askForVotes(206)) - omNode1@group-3464CFB7038B-LeaderElection1: begin an election at term 236 for -1: [omNode2:122.0.0.122:9872, omNode1:0.0.0.0:9872], old=null
2020-04-28 14:37:03,491 [omNode1@group-3464CFB7038B-LeaderElection1] INFO  impl.LeaderElection (LeaderElection.java:logAndReturn(61)) - omNode1@group-3464CFB7038B-LeaderElection1: Election TIMEOUT; received 0 response(s) [] and 0 exception(s); omNode1@group-3464CFB7038B:t236, leader=null, voted=omNode1, raftlog=omNode1@group-3464CFB7038B-SegmentedRaftLog:OPENED:c-1,f-1,i0, conf=-1: [omNode2:122.0.0.122:9872, omNode1:0.0.0.0:9872], old=null
2020-04-28 14:37:03,492 [omNode1@group-3464CFB7038B-LeaderElection1] INFO  impl.LeaderElection (LeaderElection.java:askForVotes(206)) - omNode1@group-3464CFB7038B-LeaderElection1: begin an election at term 237 for -1: [omNode2:122.0.0.122:9872, omNode1:0.0.0.0:9872], old=null
2020-04-28 14:37:03,651 [omNode1@group-3464CFB7038B-LeaderElection1] INFO  impl.LeaderElection (LeaderElection.java:logAndReturn(61)) - omNode1@group-3464CFB7038B-LeaderElection1: Election TIMEOUT; received 0 response(s) [] and 0 exception(s); omNode1@group-3464CFB7038B:t237, leader=null, voted=omNode1, raftlog=omNode1@group-3464CFB7038B-SegmentedRaftLog:OPENED:c-1,f-1,i0, conf=-1: [omNode2:122.0.0.122:9872, omNode1:0.0.0.0:9872], old=null
2020-04-28 14:37:03,653 [omNode1@group-3464CFB7038B-LeaderElection1] INFO  impl.LeaderElection (LeaderElection.java:askForVotes(206)) - omNode1@group-3464CFB7038B-LeaderElection1: begin an election at term 238 for -1: [omNode2:122.0.0.122:9872, omNode1:0.0.0.0:9872], old=null
2020-04-28 14:37:03,701 [omNode1@group-3464CFB7038B-LeaderElection1] INFO  impl.LeaderElection (LeaderElection.java:logAndReturn(61)) - omNode1@group-3464CFB7038B-LeaderElection1: Election TIMEOUT; received 0 response(s) [] and 0 exception(s); omNode1@group-3464CFB7038B:t238, leader=null, voted=omNode1, raftlog=omNode1@group-3464CFB7038B-SegmentedRaftLog:OPENED:c-1,f-1,i0, conf=-1: [omNode2:122.0.0.122:9872, omNode1:0.0.0.0:9872], old=null
2020-04-28 14:37:03,703 [omNode1@group-3464CFB7038B-LeaderElection1] INFO  impl.LeaderElection (LeaderElection.java:askForVotes(206)) - omNode1@group-3464CFB7038B-LeaderElection1: begin an election at term 239 for -1: [omNode2:122.0.0.122:9872, omNode1:0.0.0.0:9872], old=null
2020-04-28 14:37:03,760 [main] INFO  ozone.MiniOzoneClusterImpl (MiniOzoneClusterImpl.java:lambda$waitForClusterToBeReady$0(177)) - Nodes are ready. Got 3 of 3 DN Heartbeats.
2020-04-28 14:37:03,760 [main] INFO  ozone.MiniOzoneClusterImpl (MiniOzoneClusterImpl.java:lambda$waitForClusterToBeReady$0(180)) - Waiting for cluster to exit safe mode
2020-04-28 14:37:03,827 [omNode1@group-3464CFB7038B-LeaderElection1] INFO  impl.LeaderElection (LeaderElection.java:logAndReturn(61)) - omNode1@group-3464CFB7038B-LeaderElection1: Election TIMEOUT; received 0 response(s) [] and 0 exception(s); omNode1@group-3464CFB7038B:t239, leader=null, voted=omNode1, raftlog=omNode1@group-3464CFB7038B-SegmentedRaftLog:OPENED:c-1,f-1,i0, conf=-1: [omNode2:122.0.0.122:9872, omNode1:0.0.0.0:9872], old=null
2020-04-28 14:37:03,828 [omNode1@group-3464CFB7038B-LeaderElection1] INFO  impl.LeaderElection (LeaderElection.java:askForVotes(206)) - omNode1@group-3464CFB7038B-LeaderElection1: begin an election at term 240 for -1: [omNode2:122.0.0.122:9872, omNode1:0.0.0.0:9872], old=null
2020-04-28 14:37:03,842 [omNode1@group-3464CFB7038B-LeaderElection1] INFO  impl.LeaderElection (LeaderElection.java:logAndReturn(61)) - omNode1@group-3464CFB7038B-LeaderElection1: Election TIMEOUT; received 0 response(s) [] and 0 exception(s); omNode1@group-3464CFB7038B:t240, leader=null, voted=omNode1, raftlog=omNode1@group-3464CFB7038B-SegmentedRaftLog:OPENED:c-1,f-1,i0, conf=-1: [omNode2:122.0.0.122:9872, omNode1:0.0.0.0:9872], old=null
2020-04-28 14:37:03,843 [omNode1@group-3464CFB7038B-LeaderElection1] INFO  impl.LeaderElection (LeaderElection.java:askForVotes(206)) - omNode1@group-3464CFB7038B-LeaderElection1: begin an election at term 241 for -1: [omNode2:122.0.0.122:9872, omNode1:0.0.0.0:9872], old=null
2020-04-28 14:37:03,962 [omNode1@group-3464CFB7038B-LeaderElection1] INFO  impl.LeaderElection (LeaderElection.java:logAndReturn(61)) - omNode1@group-3464CFB7038B-LeaderElection1: Election TIMEOUT; received 0 response(s) [] and 0 exception(s); omNode1@group-3464CFB7038B:t241, leader=null, voted=omNode1, raftlog=omNode1@group-3464CFB7038B-SegmentedRaftLog:OPENED:c-1,f-1,i0, conf=-1: [omNode2:122.0.0.122:9872, omNode1:0.0.0.0:9872], old=null
2020-04-28 14:37:03,963 [omNode1@group-3464CFB7038B-LeaderElection1] INFO  impl.LeaderElection (LeaderElection.java:askForVotes(206)) - omNode1@group-3464CFB7038B-LeaderElection1: begin an election at term 242 for -1: [omNode2:122.0.0.122:9872, omNode1:0.0.0.0:9872], old=null
2020-04-28 14:37:04,093 [omNode1@group-3464CFB7038B-LeaderElection1] INFO  impl.LeaderElection (LeaderElection.java:logAndReturn(61)) - omNode1@group-3464CFB7038B-LeaderElection1: Election TIMEOUT; received 0 response(s) [] and 0 exception(s); omNode1@group-3464CFB7038B:t242, leader=null, voted=omNode1, raftlog=omNode1@group-3464CFB7038B-SegmentedRaftLog:OPENED:c-1,f-1,i0, conf=-1: [omNode2:122.0.0.122:9872, omNode1:0.0.0.0:9872], old=null
2020-04-28 14:37:04,094 [omNode1@group-3464CFB7038B-LeaderElection1] INFO  impl.LeaderElection (LeaderElection.java:askForVotes(206)) - omNode1@group-3464CFB7038B-LeaderElection1: begin an election at term 243 for -1: [omNode2:122.0.0.122:9872, omNode1:0.0.0.0:9872], old=null
2020-04-28 14:37:04,171 [omNode1@group-3464CFB7038B-LeaderElection1] INFO  impl.LeaderElection (LeaderElection.java:logAndReturn(61)) - omNode1@group-3464CFB7038B-LeaderElection1: Election TIMEOUT; received 0 response(s) [] and 0 exception(s); omNode1@group-3464CFB7038B:t243, leader=null, voted=omNode1, raftlog=omNode1@group-3464CFB7038B-SegmentedRaftLog:OPENED:c-1,f-1,i0, conf=-1: [omNode2:122.0.0.122:9872, omNode1:0.0.0.0:9872], old=null
2020-04-28 14:37:04,173 [omNode1@group-3464CFB7038B-LeaderElection1] INFO  impl.LeaderElection (LeaderElection.java:askForVotes(206)) - omNode1@group-3464CFB7038B-LeaderElection1: begin an election at term 244 for -1: [omNode2:122.0.0.122:9872, omNode1:0.0.0.0:9872], old=null
2020-04-28 14:37:04,333 [omNode1@group-3464CFB7038B-LeaderElection1] INFO  impl.LeaderElection (LeaderElection.java:logAndReturn(61)) - omNode1@group-3464CFB7038B-LeaderElection1: Election TIMEOUT; received 0 response(s) [] and 0 exception(s); omNode1@group-3464CFB7038B:t244, leader=null, voted=omNode1, raftlog=omNode1@group-3464CFB7038B-SegmentedRaftLog:OPENED:c-1,f-1,i0, conf=-1: [omNode2:122.0.0.122:9872, omNode1:0.0.0.0:9872], old=null
2020-04-28 14:37:04,335 [omNode1@group-3464CFB7038B-LeaderElection1] INFO  impl.LeaderElection (LeaderElection.java:askForVotes(206)) - omNode1@group-3464CFB7038B-LeaderElection1: begin an election at term 245 for -1: [omNode2:122.0.0.122:9872, omNode1:0.0.0.0:9872], old=null
2020-04-28 14:37:04,376 [omNode1@group-3464CFB7038B-LeaderElection1] INFO  impl.LeaderElection (LeaderElection.java:logAndReturn(61)) - omNode1@group-3464CFB7038B-LeaderElection1: Election TIMEOUT; received 0 response(s) [] and 0 exception(s); omNode1@group-3464CFB7038B:t245, leader=null, voted=omNode1, raftlog=omNode1@group-3464CFB7038B-SegmentedRaftLog:OPENED:c-1,f-1,i0, conf=-1: [omNode2:122.0.0.122:9872, omNode1:0.0.0.0:9872], old=null
2020-04-28 14:37:04,377 [omNode1@group-3464CFB7038B-LeaderElection1] INFO  impl.LeaderElection (LeaderElection.java:askForVotes(206)) - omNode1@group-3464CFB7038B-LeaderElection1: begin an election at term 246 for -1: [omNode2:122.0.0.122:9872, omNode1:0.0.0.0:9872], old=null
2020-04-28 14:37:04,441 [omNode1@group-3464CFB7038B-LeaderElection1] INFO  impl.LeaderElection (LeaderElection.java:logAndReturn(61)) - omNode1@group-3464CFB7038B-LeaderElection1: Election TIMEOUT; received 0 response(s) [] and 0 exception(s); omNode1@group-3464CFB7038B:t246, leader=null, voted=omNode1, raftlog=omNode1@group-3464CFB7038B-SegmentedRaftLog:OPENED:c-1,f-1,i0, conf=-1: [omNode2:122.0.0.122:9872, omNode1:0.0.0.0:9872], old=null
2020-04-28 14:37:04,442 [omNode1@group-3464CFB7038B-LeaderElection1] INFO  impl.LeaderElection (LeaderElection.java:askForVotes(206)) - omNode1@group-3464CFB7038B-LeaderElection1: begin an election at term 247 for -1: [omNode2:122.0.0.122:9872, omNode1:0.0.0.0:9872], old=null
2020-04-28 14:37:04,489 [omNode1@group-3464CFB7038B-LeaderElection1] INFO  impl.LeaderElection (LeaderElection.java:logAndReturn(61)) - omNode1@group-3464CFB7038B-LeaderElection1: Election TIMEOUT; received 0 response(s) [] and 0 exception(s); omNode1@group-3464CFB7038B:t247, leader=null, voted=omNode1, raftlog=omNode1@group-3464CFB7038B-SegmentedRaftLog:OPENED:c-1,f-1,i0, conf=-1: [omNode2:122.0.0.122:9872, omNode1:0.0.0.0:9872], old=null
2020-04-28 14:37:04,490 [omNode1@group-3464CFB7038B-LeaderElection1] INFO  impl.LeaderElection (LeaderElection.java:askForVotes(206)) - omNode1@group-3464CFB7038B-LeaderElection1: begin an election at term 248 for -1: [omNode2:122.0.0.122:9872, omNode1:0.0.0.0:9872], old=null
2020-04-28 14:37:04,515 [omNode1@group-3464CFB7038B-LeaderElection1] INFO  impl.LeaderElection (LeaderElection.java:logAndReturn(61)) - omNode1@group-3464CFB7038B-LeaderElection1: Election TIMEOUT; received 0 response(s) [] and 0 exception(s); omNode1@group-3464CFB7038B:t248, leader=null, voted=omNode1, raftlog=omNode1@group-3464CFB7038B-SegmentedRaftLog:OPENED:c-1,f-1,i0, conf=-1: [omNode2:122.0.0.122:9872, omNode1:0.0.0.0:9872], old=null
2020-04-28 14:37:04,516 [omNode1@group-3464CFB7038B-LeaderElection1] INFO  impl.LeaderElection (LeaderElection.java:askForVotes(206)) - omNode1@group-3464CFB7038B-LeaderElection1: begin an election at term 249 for -1: [omNode2:122.0.0.122:9872, omNode1:0.0.0.0:9872], old=null
2020-04-28 14:37:04,625 [omNode1@group-3464CFB7038B-LeaderElection1] INFO  impl.LeaderElection (LeaderElection.java:logAndReturn(61)) - omNode1@group-3464CFB7038B-LeaderElection1: Election TIMEOUT; received 0 response(s) [] and 0 exception(s); omNode1@group-3464CFB7038B:t249, leader=null, voted=omNode1, raftlog=omNode1@group-3464CFB7038B-SegmentedRaftLog:OPENED:c-1,f-1,i0, conf=-1: [omNode2:122.0.0.122:9872, omNode1:0.0.0.0:9872], old=null
2020-04-28 14:37:04,626 [omNode1@group-3464CFB7038B-LeaderElection1] INFO  impl.LeaderElection (LeaderElection.java:askForVotes(206)) - omNode1@group-3464CFB7038B-LeaderElection1: begin an election at term 250 for -1: [omNode2:122.0.0.122:9872, omNode1:0.0.0.0:9872], old=null
2020-04-28 14:37:04,705 [omNode1@group-3464CFB7038B-LeaderElection1] INFO  impl.LeaderElection (LeaderElection.java:logAndReturn(61)) - omNode1@group-3464CFB7038B-LeaderElection1: Election TIMEOUT; received 0 response(s) [] and 0 exception(s); omNode1@group-3464CFB7038B:t250, leader=null, voted=omNode1, raftlog=omNode1@group-3464CFB7038B-SegmentedRaftLog:OPENED:c-1,f-1,i0, conf=-1: [omNode2:122.0.0.122:9872, omNode1:0.0.0.0:9872], old=null
2020-04-28 14:37:04,707 [omNode1@group-3464CFB7038B-LeaderElection1] INFO  impl.LeaderElection (LeaderElection.java:askForVotes(206)) - omNode1@group-3464CFB7038B-LeaderElection1: begin an election at term 251 for -1: [omNode2:122.0.0.122:9872, omNode1:0.0.0.0:9872], old=null
2020-04-28 14:37:04,760 [main] INFO  ozone.MiniOzoneClusterImpl (MiniOzoneClusterImpl.java:lambda$waitForClusterToBeReady$0(177)) - Nodes are ready. Got 3 of 3 DN Heartbeats.
2020-04-28 14:37:04,760 [main] INFO  ozone.MiniOzoneClusterImpl (MiniOzoneClusterImpl.java:lambda$waitForClusterToBeReady$0(180)) - Waiting for cluster to exit safe mode
2020-04-28 14:37:04,767 [omNode1@group-3464CFB7038B-LeaderElection1] INFO  impl.LeaderElection (LeaderElection.java:logAndReturn(61)) - omNode1@group-3464CFB7038B-LeaderElection1: Election TIMEOUT; received 0 response(s) [] and 0 exception(s); omNode1@group-3464CFB7038B:t251, leader=null, voted=omNode1, raftlog=omNode1@group-3464CFB7038B-SegmentedRaftLog:OPENED:c-1,f-1,i0, conf=-1: [omNode2:122.0.0.122:9872, omNode1:0.0.0.0:9872], old=null
2020-04-28 14:37:04,782 [omNode1@group-3464CFB7038B-LeaderElection1] INFO  impl.LeaderElection (LeaderElection.java:askForVotes(206)) - omNode1@group-3464CFB7038B-LeaderElection1: begin an election at term 252 for -1: [omNode2:122.0.0.122:9872, omNode1:0.0.0.0:9872], old=null
2020-04-28 14:37:04,839 [omNode1@group-3464CFB7038B-LeaderElection1] INFO  impl.LeaderElection (LeaderElection.java:logAndReturn(61)) - omNode1@group-3464CFB7038B-LeaderElection1: Election TIMEOUT; received 0 response(s) [] and 0 exception(s); omNode1@group-3464CFB7038B:t252, leader=null, voted=omNode1, raftlog=omNode1@group-3464CFB7038B-SegmentedRaftLog:OPENED:c-1,f-1,i0, conf=-1: [omNode2:122.0.0.122:9872, omNode1:0.0.0.0:9872], old=null
2020-04-28 14:37:04,840 [omNode1@group-3464CFB7038B-LeaderElection1] INFO  impl.LeaderElection (LeaderElection.java:askForVotes(206)) - omNode1@group-3464CFB7038B-LeaderElection1: begin an election at term 253 for -1: [omNode2:122.0.0.122:9872, omNode1:0.0.0.0:9872], old=null
2020-04-28 14:37:05,021 [omNode1@group-3464CFB7038B-LeaderElection1] INFO  impl.LeaderElection (LeaderElection.java:logAndReturn(61)) - omNode1@group-3464CFB7038B-LeaderElection1: Election TIMEOUT; received 0 response(s) [] and 0 exception(s); omNode1@group-3464CFB7038B:t253, leader=null, voted=omNode1, raftlog=omNode1@group-3464CFB7038B-SegmentedRaftLog:OPENED:c-1,f-1,i0, conf=-1: [omNode2:122.0.0.122:9872, omNode1:0.0.0.0:9872], old=null
2020-04-28 14:37:05,022 [omNode1@group-3464CFB7038B-LeaderElection1] INFO  impl.LeaderElection (LeaderElection.java:askForVotes(206)) - omNode1@group-3464CFB7038B-LeaderElection1: begin an election at term 254 for -1: [omNode2:122.0.0.122:9872, omNode1:0.0.0.0:9872], old=null
2020-04-28 14:37:05,191 [omNode1@group-3464CFB7038B-LeaderElection1] INFO  impl.LeaderElection (LeaderElection.java:logAndReturn(61)) - omNode1@group-3464CFB7038B-LeaderElection1: Election TIMEOUT; received 0 response(s) [] and 0 exception(s); omNode1@group-3464CFB7038B:t254, leader=null, voted=omNode1, raftlog=omNode1@group-3464CFB7038B-SegmentedRaftLog:OPENED:c-1,f-1,i0, conf=-1: [omNode2:122.0.0.122:9872, omNode1:0.0.0.0:9872], old=null
2020-04-28 14:37:05,193 [omNode1@group-3464CFB7038B-LeaderElection1] INFO  impl.LeaderElection (LeaderElection.java:askForVotes(206)) - omNode1@group-3464CFB7038B-LeaderElection1: begin an election at term 255 for -1: [omNode2:122.0.0.122:9872, omNode1:0.0.0.0:9872], old=null
2020-04-28 14:37:05,363 [omNode1@group-3464CFB7038B-LeaderElection1] INFO  impl.LeaderElection (LeaderElection.java:logAndReturn(61)) - omNode1@group-3464CFB7038B-LeaderElection1: Election TIMEOUT; received 0 response(s) [] and 0 exception(s); omNode1@group-3464CFB7038B:t255, leader=null, voted=omNode1, raftlog=omNode1@group-3464CFB7038B-SegmentedRaftLog:OPENED:c-1,f-1,i0, conf=-1: [omNode2:122.0.0.122:9872, omNode1:0.0.0.0:9872], old=null
2020-04-28 14:37:05,365 [omNode1@group-3464CFB7038B-LeaderElection1] INFO  impl.LeaderElection (LeaderElection.java:askForVotes(206)) - omNode1@group-3464CFB7038B-LeaderElection1: begin an election at term 256 for -1: [omNode2:122.0.0.122:9872, omNode1:0.0.0.0:9872], old=null
2020-04-28 14:37:05,518 [omNode1@group-3464CFB7038B-LeaderElection1] INFO  impl.LeaderElection (LeaderElection.java:logAndReturn(61)) - omNode1@group-3464CFB7038B-LeaderElection1: Election TIMEOUT; received 0 response(s) [] and 0 exception(s); omNode1@group-3464CFB7038B:t256, leader=null, voted=omNode1, raftlog=omNode1@group-3464CFB7038B-SegmentedRaftLog:OPENED:c-1,f-1,i0, conf=-1: [omNode2:122.0.0.122:9872, omNode1:0.0.0.0:9872], old=null
2020-04-28 14:37:05,519 [omNode1@group-3464CFB7038B-LeaderElection1] INFO  impl.LeaderElection (LeaderElection.java:askForVotes(206)) - omNode1@group-3464CFB7038B-LeaderElection1: begin an election at term 257 for -1: [omNode2:122.0.0.122:9872, omNode1:0.0.0.0:9872], old=null
2020-04-28 14:37:05,588 [omNode1@group-3464CFB7038B-LeaderElection1] INFO  impl.LeaderElection (LeaderElection.java:logAndReturn(61)) - omNode1@group-3464CFB7038B-LeaderElection1: Election TIMEOUT; received 0 response(s) [] and 0 exception(s); omNode1@group-3464CFB7038B:t257, leader=null, voted=omNode1, raftlog=omNode1@group-3464CFB7038B-SegmentedRaftLog:OPENED:c-1,f-1,i0, conf=-1: [omNode2:122.0.0.122:9872, omNode1:0.0.0.0:9872], old=null
2020-04-28 14:37:05,590 [omNode1@group-3464CFB7038B-LeaderElection1] INFO  impl.LeaderElection (LeaderElection.java:askForVotes(206)) - omNode1@group-3464CFB7038B-LeaderElection1: begin an election at term 258 for -1: [omNode2:122.0.0.122:9872, omNode1:0.0.0.0:9872], old=null
2020-04-28 14:37:05,761 [main] INFO  ozone.MiniOzoneClusterImpl (MiniOzoneClusterImpl.java:lambda$waitForClusterToBeReady$0(177)) - Nodes are ready. Got 3 of 3 DN Heartbeats.
2020-04-28 14:37:05,761 [main] INFO  ozone.MiniOzoneClusterImpl (MiniOzoneClusterImpl.java:lambda$waitForClusterToBeReady$0(180)) - Waiting for cluster to exit safe mode
2020-04-28 14:37:05,788 [omNode1@group-3464CFB7038B-LeaderElection1] INFO  impl.LeaderElection (LeaderElection.java:logAndReturn(61)) - omNode1@group-3464CFB7038B-LeaderElection1: Election TIMEOUT; received 0 response(s) [] and 0 exception(s); omNode1@group-3464CFB7038B:t258, leader=null, voted=omNode1, raftlog=omNode1@group-3464CFB7038B-SegmentedRaftLog:OPENED:c-1,f-1,i0, conf=-1: [omNode2:122.0.0.122:9872, omNode1:0.0.0.0:9872], old=null
2020-04-28 14:37:05,790 [omNode1@group-3464CFB7038B-LeaderElection1] INFO  impl.LeaderElection (LeaderElection.java:askForVotes(206)) - omNode1@group-3464CFB7038B-LeaderElection1: begin an election at term 259 for -1: [omNode2:122.0.0.122:9872, omNode1:0.0.0.0:9872], old=null
2020-04-28 14:37:05,819 [omNode1@group-3464CFB7038B-LeaderElection1] INFO  impl.LeaderElection (LeaderElection.java:logAndReturn(61)) - omNode1@group-3464CFB7038B-LeaderElection1: Election TIMEOUT; received 0 response(s) [] and 0 exception(s); omNode1@group-3464CFB7038B:t259, leader=null, voted=omNode1, raftlog=omNode1@group-3464CFB7038B-SegmentedRaftLog:OPENED:c-1,f-1,i0, conf=-1: [omNode2:122.0.0.122:9872, omNode1:0.0.0.0:9872], old=null
2020-04-28 14:37:05,820 [omNode1@group-3464CFB7038B-LeaderElection1] INFO  impl.LeaderElection (LeaderElection.java:askForVotes(206)) - omNode1@group-3464CFB7038B-LeaderElection1: begin an election at term 260 for -1: [omNode2:122.0.0.122:9872, omNode1:0.0.0.0:9872], old=null
2020-04-28 14:37:05,910 [omNode1@group-3464CFB7038B-LeaderElection1] INFO  impl.LeaderElection (LeaderElection.java:logAndReturn(61)) - omNode1@group-3464CFB7038B-LeaderElection1: Election TIMEOUT; received 0 response(s) [] and 0 exception(s); omNode1@group-3464CFB7038B:t260, leader=null, voted=omNode1, raftlog=omNode1@group-3464CFB7038B-SegmentedRaftLog:OPENED:c-1,f-1,i0, conf=-1: [omNode2:122.0.0.122:9872, omNode1:0.0.0.0:9872], old=null
2020-04-28 14:37:05,911 [omNode1@group-3464CFB7038B-LeaderElection1] INFO  impl.LeaderElection (LeaderElection.java:askForVotes(206)) - omNode1@group-3464CFB7038B-LeaderElection1: begin an election at term 261 for -1: [omNode2:122.0.0.122:9872, omNode1:0.0.0.0:9872], old=null
2020-04-28 14:37:06,071 [omNode1@group-3464CFB7038B-LeaderElection1] INFO  impl.LeaderElection (LeaderElection.java:logAndReturn(61)) - omNode1@group-3464CFB7038B-LeaderElection1: Election TIMEOUT; received 0 response(s) [] and 0 exception(s); omNode1@group-3464CFB7038B:t261, leader=null, voted=omNode1, raftlog=omNode1@group-3464CFB7038B-SegmentedRaftLog:OPENED:c-1,f-1,i0, conf=-1: [omNode2:122.0.0.122:9872, omNode1:0.0.0.0:9872], old=null
2020-04-28 14:37:06,072 [omNode1@group-3464CFB7038B-LeaderElection1] INFO  impl.LeaderElection (LeaderElection.java:askForVotes(206)) - omNode1@group-3464CFB7038B-LeaderElection1: begin an election at term 262 for -1: [omNode2:122.0.0.122:9872, omNode1:0.0.0.0:9872], old=null
2020-04-28 14:37:06,272 [omNode1@group-3464CFB7038B-LeaderElection1] INFO  impl.LeaderElection (LeaderElection.java:logAndReturn(61)) - omNode1@group-3464CFB7038B-LeaderElection1: Election TIMEOUT; received 0 response(s) [] and 0 exception(s); omNode1@group-3464CFB7038B:t262, leader=null, voted=omNode1, raftlog=omNode1@group-3464CFB7038B-SegmentedRaftLog:OPENED:c-1,f-1,i0, conf=-1: [omNode2:122.0.0.122:9872, omNode1:0.0.0.0:9872], old=null
2020-04-28 14:37:06,274 [omNode1@group-3464CFB7038B-LeaderElection1] INFO  impl.LeaderElection (LeaderElection.java:askForVotes(206)) - omNode1@group-3464CFB7038B-LeaderElection1: begin an election at term 263 for -1: [omNode2:122.0.0.122:9872, omNode1:0.0.0.0:9872], old=null
2020-04-28 14:37:06,408 [omNode1@group-3464CFB7038B-LeaderElection1] INFO  impl.LeaderElection (LeaderElection.java:logAndReturn(61)) - omNode1@group-3464CFB7038B-LeaderElection1: Election TIMEOUT; received 0 response(s) [] and 0 exception(s); omNode1@group-3464CFB7038B:t263, leader=null, voted=omNode1, raftlog=omNode1@group-3464CFB7038B-SegmentedRaftLog:OPENED:c-1,f-1,i0, conf=-1: [omNode2:122.0.0.122:9872, omNode1:0.0.0.0:9872], old=null
2020-04-28 14:37:06,409 [omNode1@group-3464CFB7038B-LeaderElection1] INFO  impl.LeaderElection (LeaderElection.java:askForVotes(206)) - omNode1@group-3464CFB7038B-LeaderElection1: begin an election at term 264 for -1: [omNode2:122.0.0.122:9872, omNode1:0.0.0.0:9872], old=null
2020-04-28 14:37:06,464 [omNode1@group-3464CFB7038B-LeaderElection1] INFO  impl.LeaderElection (LeaderElection.java:logAndReturn(61)) - omNode1@group-3464CFB7038B-LeaderElection1: Election TIMEOUT; received 0 response(s) [] and 0 exception(s); omNode1@group-3464CFB7038B:t264, leader=null, voted=omNode1, raftlog=omNode1@group-3464CFB7038B-SegmentedRaftLog:OPENED:c-1,f-1,i0, conf=-1: [omNode2:122.0.0.122:9872, omNode1:0.0.0.0:9872], old=null
2020-04-28 14:37:06,465 [omNode1@group-3464CFB7038B-LeaderElection1] INFO  impl.LeaderElection (LeaderElection.java:askForVotes(206)) - omNode1@group-3464CFB7038B-LeaderElection1: begin an election at term 265 for -1: [omNode2:122.0.0.122:9872, omNode1:0.0.0.0:9872], old=null
2020-04-28 14:37:06,486 [omNode1@group-3464CFB7038B-LeaderElection1] INFO  impl.LeaderElection (LeaderElection.java:logAndReturn(61)) - omNode1@group-3464CFB7038B-LeaderElection1: Election TIMEOUT; received 0 response(s) [] and 0 exception(s); omNode1@group-3464CFB7038B:t265, leader=null, voted=omNode1, raftlog=omNode1@group-3464CFB7038B-SegmentedRaftLog:OPENED:c-1,f-1,i0, conf=-1: [omNode2:122.0.0.122:9872, omNode1:0.0.0.0:9872], old=null
2020-04-28 14:37:06,487 [omNode1@group-3464CFB7038B-LeaderElection1] INFO  impl.LeaderElection (LeaderElection.java:askForVotes(206)) - omNode1@group-3464CFB7038B-LeaderElection1: begin an election at term 266 for -1: [omNode2:122.0.0.122:9872, omNode1:0.0.0.0:9872], old=null
2020-04-28 14:37:06,509 [omNode1@group-3464CFB7038B-LeaderElection1] INFO  impl.LeaderElection (LeaderElection.java:logAndReturn(61)) - omNode1@group-3464CFB7038B-LeaderElection1: Election TIMEOUT; received 0 response(s) [] and 0 exception(s); omNode1@group-3464CFB7038B:t266, leader=null, voted=omNode1, raftlog=omNode1@group-3464CFB7038B-SegmentedRaftLog:OPENED:c-1,f-1,i0, conf=-1: [omNode2:122.0.0.122:9872, omNode1:0.0.0.0:9872], old=null
2020-04-28 14:37:06,510 [omNode1@group-3464CFB7038B-LeaderElection1] INFO  impl.LeaderElection (LeaderElection.java:askForVotes(206)) - omNode1@group-3464CFB7038B-LeaderElection1: begin an election at term 267 for -1: [omNode2:122.0.0.122:9872, omNode1:0.0.0.0:9872], old=null
2020-04-28 14:37:06,708 [omNode1@group-3464CFB7038B-LeaderElection1] INFO  impl.LeaderElection (LeaderElection.java:logAndReturn(61)) - omNode1@group-3464CFB7038B-LeaderElection1: Election TIMEOUT; received 0 response(s) [] and 0 exception(s); omNode1@group-3464CFB7038B:t267, leader=null, voted=omNode1, raftlog=omNode1@group-3464CFB7038B-SegmentedRaftLog:OPENED:c-1,f-1,i0, conf=-1: [omNode2:122.0.0.122:9872, omNode1:0.0.0.0:9872], old=null
2020-04-28 14:37:06,710 [omNode1@group-3464CFB7038B-LeaderElection1] INFO  impl.LeaderElection (LeaderElection.java:askForVotes(206)) - omNode1@group-3464CFB7038B-LeaderElection1: begin an election at term 268 for -1: [omNode2:122.0.0.122:9872, omNode1:0.0.0.0:9872], old=null
2020-04-28 14:37:06,755 [omNode1@group-3464CFB7038B-LeaderElection1] INFO  impl.LeaderElection (LeaderElection.java:logAndReturn(61)) - omNode1@group-3464CFB7038B-LeaderElection1: Election TIMEOUT; received 0 response(s) [] and 0 exception(s); omNode1@group-3464CFB7038B:t268, leader=null, voted=omNode1, raftlog=omNode1@group-3464CFB7038B-SegmentedRaftLog:OPENED:c-1,f-1,i0, conf=-1: [omNode2:122.0.0.122:9872, omNode1:0.0.0.0:9872], old=null
2020-04-28 14:37:06,756 [omNode1@group-3464CFB7038B-LeaderElection1] INFO  impl.LeaderElection (LeaderElection.java:askForVotes(206)) - omNode1@group-3464CFB7038B-LeaderElection1: begin an election at term 269 for -1: [omNode2:122.0.0.122:9872, omNode1:0.0.0.0:9872], old=null
2020-04-28 14:37:06,761 [main] INFO  ozone.MiniOzoneClusterImpl (MiniOzoneClusterImpl.java:lambda$waitForClusterToBeReady$0(177)) - Nodes are ready. Got 3 of 3 DN Heartbeats.
2020-04-28 14:37:06,762 [main] INFO  ozone.MiniOzoneClusterImpl (MiniOzoneClusterImpl.java:lambda$waitForClusterToBeReady$0(180)) - Waiting for cluster to exit safe mode
2020-04-28 14:37:06,857 [omNode1@group-3464CFB7038B-LeaderElection1] INFO  impl.LeaderElection (LeaderElection.java:logAndReturn(61)) - omNode1@group-3464CFB7038B-LeaderElection1: Election TIMEOUT; received 0 response(s) [] and 0 exception(s); omNode1@group-3464CFB7038B:t269, leader=null, voted=omNode1, raftlog=omNode1@group-3464CFB7038B-SegmentedRaftLog:OPENED:c-1,f-1,i0, conf=-1: [omNode2:122.0.0.122:9872, omNode1:0.0.0.0:9872], old=null
2020-04-28 14:37:06,858 [omNode1@group-3464CFB7038B-LeaderElection1] INFO  impl.LeaderElection (LeaderElection.java:askForVotes(206)) - omNode1@group-3464CFB7038B-LeaderElection1: begin an election at term 270 for -1: [omNode2:122.0.0.122:9872, omNode1:0.0.0.0:9872], old=null
2020-04-28 14:37:07,016 [omNode1@group-3464CFB7038B-LeaderElection1] INFO  impl.LeaderElection (LeaderElection.java:logAndReturn(61)) - omNode1@group-3464CFB7038B-LeaderElection1: Election TIMEOUT; received 0 response(s) [] and 0 exception(s); omNode1@group-3464CFB7038B:t270, leader=null, voted=omNode1, raftlog=omNode1@group-3464CFB7038B-SegmentedRaftLog:OPENED:c-1,f-1,i0, conf=-1: [omNode2:122.0.0.122:9872, omNode1:0.0.0.0:9872], old=null
2020-04-28 14:37:07,017 [omNode1@group-3464CFB7038B-LeaderElection1] INFO  impl.LeaderElection (LeaderElection.java:askForVotes(206)) - omNode1@group-3464CFB7038B-LeaderElection1: begin an election at term 271 for -1: [omNode2:122.0.0.122:9872, omNode1:0.0.0.0:9872], old=null
2020-04-28 14:37:07,073 [omNode1@group-3464CFB7038B-LeaderElection1] INFO  impl.LeaderElection (LeaderElection.java:logAndReturn(61)) - omNode1@group-3464CFB7038B-LeaderElection1: Election TIMEOUT; received 0 response(s) [] and 0 exception(s); omNode1@group-3464CFB7038B:t271, leader=null, voted=omNode1, raftlog=omNode1@group-3464CFB7038B-SegmentedRaftLog:OPENED:c-1,f-1,i0, conf=-1: [omNode2:122.0.0.122:9872, omNode1:0.0.0.0:9872], old=null
2020-04-28 14:37:07,074 [omNode1@group-3464CFB7038B-LeaderElection1] INFO  impl.LeaderElection (LeaderElection.java:askForVotes(206)) - omNode1@group-3464CFB7038B-LeaderElection1: begin an election at term 272 for -1: [omNode2:122.0.0.122:9872, omNode1:0.0.0.0:9872], old=null
2020-04-28 14:37:07,158 [omNode1@group-3464CFB7038B-LeaderElection1] INFO  impl.LeaderElection (LeaderElection.java:logAndReturn(61)) - omNode1@group-3464CFB7038B-LeaderElection1: Election TIMEOUT; received 0 response(s) [] and 0 exception(s); omNode1@group-3464CFB7038B:t272, leader=null, voted=omNode1, raftlog=omNode1@group-3464CFB7038B-SegmentedRaftLog:OPENED:c-1,f-1,i0, conf=-1: [omNode2:122.0.0.122:9872, omNode1:0.0.0.0:9872], old=null
2020-04-28 14:37:07,159 [omNode1@group-3464CFB7038B-LeaderElection1] INFO  impl.LeaderElection (LeaderElection.java:askForVotes(206)) - omNode1@group-3464CFB7038B-LeaderElection1: begin an election at term 273 for -1: [omNode2:122.0.0.122:9872, omNode1:0.0.0.0:9872], old=null
2020-04-28 14:37:07,317 [omNode1@group-3464CFB7038B-LeaderElection1] INFO  impl.LeaderElection (LeaderElection.java:logAndReturn(61)) - omNode1@group-3464CFB7038B-LeaderElection1: Election TIMEOUT; received 0 response(s) [] and 0 exception(s); omNode1@group-3464CFB7038B:t273, leader=null, voted=omNode1, raftlog=omNode1@group-3464CFB7038B-SegmentedRaftLog:OPENED:c-1,f-1,i0, conf=-1: [omNode2:122.0.0.122:9872, omNode1:0.0.0.0:9872], old=null
2020-04-28 14:37:07,319 [omNode1@group-3464CFB7038B-LeaderElection1] INFO  impl.LeaderElection (LeaderElection.java:askForVotes(206)) - omNode1@group-3464CFB7038B-LeaderElection1: begin an election at term 274 for -1: [omNode2:122.0.0.122:9872, omNode1:0.0.0.0:9872], old=null
2020-04-28 14:37:07,447 [omNode1@group-3464CFB7038B-LeaderElection1] INFO  impl.LeaderElection (LeaderElection.java:logAndReturn(61)) - omNode1@group-3464CFB7038B-LeaderElection1: Election TIMEOUT; received 0 response(s) [] and 0 exception(s); omNode1@group-3464CFB7038B:t274, leader=null, voted=omNode1, raftlog=omNode1@group-3464CFB7038B-SegmentedRaftLog:OPENED:c-1,f-1,i0, conf=-1: [omNode2:122.0.0.122:9872, omNode1:0.0.0.0:9872], old=null
2020-04-28 14:37:07,449 [omNode1@group-3464CFB7038B-LeaderElection1] INFO  impl.LeaderElection (LeaderElection.java:askForVotes(206)) - omNode1@group-3464CFB7038B-LeaderElection1: begin an election at term 275 for -1: [omNode2:122.0.0.122:9872, omNode1:0.0.0.0:9872], old=null
2020-04-28 14:37:07,536 [omNode1@group-3464CFB7038B-LeaderElection1] INFO  impl.LeaderElection (LeaderElection.java:logAndReturn(61)) - omNode1@group-3464CFB7038B-LeaderElection1: Election TIMEOUT; received 0 response(s) [] and 0 exception(s); omNode1@group-3464CFB7038B:t275, leader=null, voted=omNode1, raftlog=omNode1@group-3464CFB7038B-SegmentedRaftLog:OPENED:c-1,f-1,i0, conf=-1: [omNode2:122.0.0.122:9872, omNode1:0.0.0.0:9872], old=null
2020-04-28 14:37:07,538 [omNode1@group-3464CFB7038B-LeaderElection1] INFO  impl.LeaderElection (LeaderElection.java:askForVotes(206)) - omNode1@group-3464CFB7038B-LeaderElection1: begin an election at term 276 for -1: [omNode2:122.0.0.122:9872, omNode1:0.0.0.0:9872], old=null
2020-04-28 14:37:07,727 [omNode1@group-3464CFB7038B-LeaderElection1] INFO  impl.LeaderElection (LeaderElection.java:logAndReturn(61)) - omNode1@group-3464CFB7038B-LeaderElection1: Election TIMEOUT; received 0 response(s) [] and 0 exception(s); omNode1@group-3464CFB7038B:t276, leader=null, voted=omNode1, raftlog=omNode1@group-3464CFB7038B-SegmentedRaftLog:OPENED:c-1,f-1,i0, conf=-1: [omNode2:122.0.0.122:9872, omNode1:0.0.0.0:9872], old=null
2020-04-28 14:37:07,729 [omNode1@group-3464CFB7038B-LeaderElection1] INFO  impl.LeaderElection (LeaderElection.java:askForVotes(206)) - omNode1@group-3464CFB7038B-LeaderElection1: begin an election at term 277 for -1: [omNode2:122.0.0.122:9872, omNode1:0.0.0.0:9872], old=null
2020-04-28 14:37:07,762 [main] INFO  ozone.MiniOzoneClusterImpl (MiniOzoneClusterImpl.java:lambda$waitForClusterToBeReady$0(177)) - Nodes are ready. Got 3 of 3 DN Heartbeats.
2020-04-28 14:37:07,762 [main] INFO  ozone.MiniOzoneClusterImpl (MiniOzoneClusterImpl.java:lambda$waitForClusterToBeReady$0(180)) - Waiting for cluster to exit safe mode
2020-04-28 14:37:07,900 [omNode1@group-3464CFB7038B-LeaderElection1] INFO  impl.LeaderElection (LeaderElection.java:logAndReturn(61)) - omNode1@group-3464CFB7038B-LeaderElection1: Election TIMEOUT; received 0 response(s) [] and 0 exception(s); omNode1@group-3464CFB7038B:t277, leader=null, voted=omNode1, raftlog=omNode1@group-3464CFB7038B-SegmentedRaftLog:OPENED:c-1,f-1,i0, conf=-1: [omNode2:122.0.0.122:9872, omNode1:0.0.0.0:9872], old=null
2020-04-28 14:37:07,902 [omNode1@group-3464CFB7038B-LeaderElection1] INFO  impl.LeaderElection (LeaderElection.java:askForVotes(206)) - omNode1@group-3464CFB7038B-LeaderElection1: begin an election at term 278 for -1: [omNode2:122.0.0.122:9872, omNode1:0.0.0.0:9872], old=null
2020-04-28 14:37:07,907 [omNode1@group-3464CFB7038B-LeaderElection1] INFO  impl.LeaderElection (LeaderElection.java:logAndReturn(61)) - omNode1@group-3464CFB7038B-LeaderElection1: Election TIMEOUT; received 0 response(s) [] and 0 exception(s); omNode1@group-3464CFB7038B:t278, leader=null, voted=omNode1, raftlog=omNode1@group-3464CFB7038B-SegmentedRaftLog:OPENED:c-1,f-1,i0, conf=-1: [omNode2:122.0.0.122:9872, omNode1:0.0.0.0:9872], old=null
2020-04-28 14:37:07,908 [omNode1@group-3464CFB7038B-LeaderElection1] INFO  impl.LeaderElection (LeaderElection.java:askForVotes(206)) - omNode1@group-3464CFB7038B-LeaderElection1: begin an election at term 279 for -1: [omNode2:122.0.0.122:9872, omNode1:0.0.0.0:9872], old=null
2020-04-28 14:37:08,066 [omNode1@group-3464CFB7038B-LeaderElection1] INFO  impl.LeaderElection (LeaderElection.java:logAndReturn(61)) - omNode1@group-3464CFB7038B-LeaderElection1: Election TIMEOUT; received 0 response(s) [] and 0 exception(s); omNode1@group-3464CFB7038B:t279, leader=null, voted=omNode1, raftlog=omNode1@group-3464CFB7038B-SegmentedRaftLog:OPENED:c-1,f-1,i0, conf=-1: [omNode2:122.0.0.122:9872, omNode1:0.0.0.0:9872], old=null
2020-04-28 14:37:08,067 [omNode1@group-3464CFB7038B-LeaderElection1] INFO  impl.LeaderElection (LeaderElection.java:askForVotes(206)) - omNode1@group-3464CFB7038B-LeaderElection1: begin an election at term 280 for -1: [omNode2:122.0.0.122:9872, omNode1:0.0.0.0:9872], old=null
2020-04-28 14:37:08,138 [omNode1@group-3464CFB7038B-LeaderElection1] INFO  impl.LeaderElection (LeaderElection.java:logAndReturn(61)) - omNode1@group-3464CFB7038B-LeaderElection1: Election TIMEOUT; received 0 response(s) [] and 0 exception(s); omNode1@group-3464CFB7038B:t280, leader=null, voted=omNode1, raftlog=omNode1@group-3464CFB7038B-SegmentedRaftLog:OPENED:c-1,f-1,i0, conf=-1: [omNode2:122.0.0.122:9872, omNode1:0.0.0.0:9872], old=null
2020-04-28 14:37:08,139 [omNode1@group-3464CFB7038B-LeaderElection1] INFO  impl.LeaderElection (LeaderElection.java:askForVotes(206)) - omNode1@group-3464CFB7038B-LeaderElection1: begin an election at term 281 for -1: [omNode2:122.0.0.122:9872, omNode1:0.0.0.0:9872], old=null
2020-04-28 14:37:08,320 [omNode1@group-3464CFB7038B-LeaderElection1] INFO  impl.LeaderElection (LeaderElection.java:logAndReturn(61)) - omNode1@group-3464CFB7038B-LeaderElection1: Election TIMEOUT; received 0 response(s) [] and 0 exception(s); omNode1@group-3464CFB7038B:t281, leader=null, voted=omNode1, raftlog=omNode1@group-3464CFB7038B-SegmentedRaftLog:OPENED:c-1,f-1,i0, conf=-1: [omNode2:122.0.0.122:9872, omNode1:0.0.0.0:9872], old=null
2020-04-28 14:37:08,321 [omNode1@group-3464CFB7038B-LeaderElection1] INFO  impl.LeaderElection (LeaderElection.java:askForVotes(206)) - omNode1@group-3464CFB7038B-LeaderElection1: begin an election at term 282 for -1: [omNode2:122.0.0.122:9872, omNode1:0.0.0.0:9872], old=null
2020-04-28 14:37:08,490 [omNode1@group-3464CFB7038B-LeaderElection1] INFO  impl.LeaderElection (LeaderElection.java:logAndReturn(61)) - omNode1@group-3464CFB7038B-LeaderElection1: Election TIMEOUT; received 0 response(s) [] and 0 exception(s); omNode1@group-3464CFB7038B:t282, leader=null, voted=omNode1, raftlog=omNode1@group-3464CFB7038B-SegmentedRaftLog:OPENED:c-1,f-1,i0, conf=-1: [omNode2:122.0.0.122:9872, omNode1:0.0.0.0:9872], old=null
2020-04-28 14:37:08,492 [omNode1@group-3464CFB7038B-LeaderElection1] INFO  impl.LeaderElection (LeaderElection.java:askForVotes(206)) - omNode1@group-3464CFB7038B-LeaderElection1: begin an election at term 283 for -1: [omNode2:122.0.0.122:9872, omNode1:0.0.0.0:9872], old=null
2020-04-28 14:37:08,634 [omNode1@group-3464CFB7038B-LeaderElection1] INFO  impl.LeaderElection (LeaderElection.java:logAndReturn(61)) - omNode1@group-3464CFB7038B-LeaderElection1: Election TIMEOUT; received 0 response(s) [] and 0 exception(s); omNode1@group-3464CFB7038B:t283, leader=null, voted=omNode1, raftlog=omNode1@group-3464CFB7038B-SegmentedRaftLog:OPENED:c-1,f-1,i0, conf=-1: [omNode2:122.0.0.122:9872, omNode1:0.0.0.0:9872], old=null
2020-04-28 14:37:08,636 [omNode1@group-3464CFB7038B-LeaderElection1] INFO  impl.LeaderElection (LeaderElection.java:askForVotes(206)) - omNode1@group-3464CFB7038B-LeaderElection1: begin an election at term 284 for -1: [omNode2:122.0.0.122:9872, omNode1:0.0.0.0:9872], old=null
2020-04-28 14:37:08,664 [omNode1@group-3464CFB7038B-LeaderElection1] INFO  impl.LeaderElection (LeaderElection.java:logAndReturn(61)) - omNode1@group-3464CFB7038B-LeaderElection1: Election TIMEOUT; received 0 response(s) [] and 0 exception(s); omNode1@group-3464CFB7038B:t284, leader=null, voted=omNode1, raftlog=omNode1@group-3464CFB7038B-SegmentedRaftLog:OPENED:c-1,f-1,i0, conf=-1: [omNode2:122.0.0.122:9872, omNode1:0.0.0.0:9872], old=null
2020-04-28 14:37:08,666 [omNode1@group-3464CFB7038B-LeaderElection1] INFO  impl.LeaderElection (LeaderElection.java:askForVotes(206)) - omNode1@group-3464CFB7038B-LeaderElection1: begin an election at term 285 for -1: [omNode2:122.0.0.122:9872, omNode1:0.0.0.0:9872], old=null
2020-04-28 14:37:08,762 [main] INFO  ozone.MiniOzoneClusterImpl (MiniOzoneClusterImpl.java:lambda$waitForClusterToBeReady$0(177)) - Nodes are ready. Got 3 of 3 DN Heartbeats.
2020-04-28 14:37:08,762 [main] INFO  ozone.MiniOzoneClusterImpl (MiniOzoneClusterImpl.java:lambda$waitForClusterToBeReady$0(180)) - Waiting for cluster to exit safe mode
2020-04-28 14:37:08,767 [omNode1@group-3464CFB7038B-LeaderElection1] INFO  impl.LeaderElection (LeaderElection.java:logAndReturn(61)) - omNode1@group-3464CFB7038B-LeaderElection1: Election TIMEOUT; received 0 response(s) [] and 0 exception(s); omNode1@group-3464CFB7038B:t285, leader=null, voted=omNode1, raftlog=omNode1@group-3464CFB7038B-SegmentedRaftLog:OPENED:c-1,f-1,i0, conf=-1: [omNode2:122.0.0.122:9872, omNode1:0.0.0.0:9872], old=null
2020-04-28 14:37:08,769 [omNode1@group-3464CFB7038B-LeaderElection1] INFO  impl.LeaderElection (LeaderElection.java:askForVotes(206)) - omNode1@group-3464CFB7038B-LeaderElection1: begin an election at term 286 for -1: [omNode2:122.0.0.122:9872, omNode1:0.0.0.0:9872], old=null
2020-04-28 14:37:08,968 [omNode1@group-3464CFB7038B-LeaderElection1] INFO  impl.LeaderElection (LeaderElection.java:logAndReturn(61)) - omNode1@group-3464CFB7038B-LeaderElection1: Election TIMEOUT; received 0 response(s) [] and 0 exception(s); omNode1@group-3464CFB7038B:t286, leader=null, voted=omNode1, raftlog=omNode1@group-3464CFB7038B-SegmentedRaftLog:OPENED:c-1,f-1,i0, conf=-1: [omNode2:122.0.0.122:9872, omNode1:0.0.0.0:9872], old=null
2020-04-28 14:37:08,970 [omNode1@group-3464CFB7038B-LeaderElection1] INFO  impl.LeaderElection (LeaderElection.java:askForVotes(206)) - omNode1@group-3464CFB7038B-LeaderElection1: begin an election at term 287 for -1: [omNode2:122.0.0.122:9872, omNode1:0.0.0.0:9872], old=null
2020-04-28 14:37:09,080 [omNode1@group-3464CFB7038B-LeaderElection1] INFO  impl.LeaderElection (LeaderElection.java:logAndReturn(61)) - omNode1@group-3464CFB7038B-LeaderElection1: Election TIMEOUT; received 0 response(s) [] and 0 exception(s); omNode1@group-3464CFB7038B:t287, leader=null, voted=omNode1, raftlog=omNode1@group-3464CFB7038B-SegmentedRaftLog:OPENED:c-1,f-1,i0, conf=-1: [omNode2:122.0.0.122:9872, omNode1:0.0.0.0:9872], old=null
2020-04-28 14:37:09,081 [omNode1@group-3464CFB7038B-LeaderElection1] INFO  impl.LeaderElection (LeaderElection.java:askForVotes(206)) - omNode1@group-3464CFB7038B-LeaderElection1: begin an election at term 288 for -1: [omNode2:122.0.0.122:9872, omNode1:0.0.0.0:9872], old=null
2020-04-28 14:37:09,146 [omNode1@group-3464CFB7038B-LeaderElection1] INFO  impl.LeaderElection (LeaderElection.java:logAndReturn(61)) - omNode1@group-3464CFB7038B-LeaderElection1: Election TIMEOUT; received 0 response(s) [] and 0 exception(s); omNode1@group-3464CFB7038B:t288, leader=null, voted=omNode1, raftlog=omNode1@group-3464CFB7038B-SegmentedRaftLog:OPENED:c-1,f-1,i0, conf=-1: [omNode2:122.0.0.122:9872, omNode1:0.0.0.0:9872], old=null
2020-04-28 14:37:09,148 [omNode1@group-3464CFB7038B-LeaderElection1] INFO  impl.LeaderElection (LeaderElection.java:askForVotes(206)) - omNode1@group-3464CFB7038B-LeaderElection1: begin an election at term 289 for -1: [omNode2:122.0.0.122:9872, omNode1:0.0.0.0:9872], old=null
2020-04-28 14:37:09,230 [omNode1@group-3464CFB7038B-LeaderElection1] INFO  impl.LeaderElection (LeaderElection.java:logAndReturn(61)) - omNode1@group-3464CFB7038B-LeaderElection1: Election TIMEOUT; received 0 response(s) [] and 0 exception(s); omNode1@group-3464CFB7038B:t289, leader=null, voted=omNode1, raftlog=omNode1@group-3464CFB7038B-SegmentedRaftLog:OPENED:c-1,f-1,i0, conf=-1: [omNode2:122.0.0.122:9872, omNode1:0.0.0.0:9872], old=null
2020-04-28 14:37:09,232 [omNode1@group-3464CFB7038B-LeaderElection1] INFO  impl.LeaderElection (LeaderElection.java:askForVotes(206)) - omNode1@group-3464CFB7038B-LeaderElection1: begin an election at term 290 for -1: [omNode2:122.0.0.122:9872, omNode1:0.0.0.0:9872], old=null
2020-04-28 14:37:09,307 [omNode1@group-3464CFB7038B-LeaderElection1] INFO  impl.LeaderElection (LeaderElection.java:logAndReturn(61)) - omNode1@group-3464CFB7038B-LeaderElection1: Election TIMEOUT; received 0 response(s) [] and 0 exception(s); omNode1@group-3464CFB7038B:t290, leader=null, voted=omNode1, raftlog=omNode1@group-3464CFB7038B-SegmentedRaftLog:OPENED:c-1,f-1,i0, conf=-1: [omNode2:122.0.0.122:9872, omNode1:0.0.0.0:9872], old=null
2020-04-28 14:37:09,308 [omNode1@group-3464CFB7038B-LeaderElection1] INFO  impl.LeaderElection (LeaderElection.java:askForVotes(206)) - omNode1@group-3464CFB7038B-LeaderElection1: begin an election at term 291 for -1: [omNode2:122.0.0.122:9872, omNode1:0.0.0.0:9872], old=null
2020-04-28 14:37:09,359 [omNode1@group-3464CFB7038B-LeaderElection1] INFO  impl.LeaderElection (LeaderElection.java:logAndReturn(61)) - omNode1@group-3464CFB7038B-LeaderElection1: Election TIMEOUT; received 0 response(s) [] and 0 exception(s); omNode1@group-3464CFB7038B:t291, leader=null, voted=omNode1, raftlog=omNode1@group-3464CFB7038B-SegmentedRaftLog:OPENED:c-1,f-1,i0, conf=-1: [omNode2:122.0.0.122:9872, omNode1:0.0.0.0:9872], old=null
2020-04-28 14:37:09,360 [omNode1@group-3464CFB7038B-LeaderElection1] INFO  impl.LeaderElection (LeaderElection.java:askForVotes(206)) - omNode1@group-3464CFB7038B-LeaderElection1: begin an election at term 292 for -1: [omNode2:122.0.0.122:9872, omNode1:0.0.0.0:9872], old=null
2020-04-28 14:37:09,506 [omNode1@group-3464CFB7038B-LeaderElection1] INFO  impl.LeaderElection (LeaderElection.java:logAndReturn(61)) - omNode1@group-3464CFB7038B-LeaderElection1: Election TIMEOUT; received 0 response(s) [] and 0 exception(s); omNode1@group-3464CFB7038B:t292, leader=null, voted=omNode1, raftlog=omNode1@group-3464CFB7038B-SegmentedRaftLog:OPENED:c-1,f-1,i0, conf=-1: [omNode2:122.0.0.122:9872, omNode1:0.0.0.0:9872], old=null
2020-04-28 14:37:09,507 [omNode1@group-3464CFB7038B-LeaderElection1] INFO  impl.LeaderElection (LeaderElection.java:askForVotes(206)) - omNode1@group-3464CFB7038B-LeaderElection1: begin an election at term 293 for -1: [omNode2:122.0.0.122:9872, omNode1:0.0.0.0:9872], old=null
2020-04-28 14:37:09,568 [omNode1@group-3464CFB7038B-LeaderElection1] INFO  impl.LeaderElection (LeaderElection.java:logAndReturn(61)) - omNode1@group-3464CFB7038B-LeaderElection1: Election TIMEOUT; received 0 response(s) [] and 0 exception(s); omNode1@group-3464CFB7038B:t293, leader=null, voted=omNode1, raftlog=omNode1@group-3464CFB7038B-SegmentedRaftLog:OPENED:c-1,f-1,i0, conf=-1: [omNode2:122.0.0.122:9872, omNode1:0.0.0.0:9872], old=null
2020-04-28 14:37:09,569 [omNode1@group-3464CFB7038B-LeaderElection1] INFO  impl.LeaderElection (LeaderElection.java:askForVotes(206)) - omNode1@group-3464CFB7038B-LeaderElection1: begin an election at term 294 for -1: [omNode2:122.0.0.122:9872, omNode1:0.0.0.0:9872], old=null
2020-04-28 14:37:09,585 [omNode1@group-3464CFB7038B-LeaderElection1] INFO  impl.LeaderElection (LeaderElection.java:logAndReturn(61)) - omNode1@group-3464CFB7038B-LeaderElection1: Election TIMEOUT; received 0 response(s) [] and 0 exception(s); omNode1@group-3464CFB7038B:t294, leader=null, voted=omNode1, raftlog=omNode1@group-3464CFB7038B-SegmentedRaftLog:OPENED:c-1,f-1,i0, conf=-1: [omNode2:122.0.0.122:9872, omNode1:0.0.0.0:9872], old=null
2020-04-28 14:37:09,587 [omNode1@group-3464CFB7038B-LeaderElection1] INFO  impl.LeaderElection (LeaderElection.java:askForVotes(206)) - omNode1@group-3464CFB7038B-LeaderElection1: begin an election at term 295 for -1: [omNode2:122.0.0.122:9872, omNode1:0.0.0.0:9872], old=null
2020-04-28 14:37:09,762 [omNode1@group-3464CFB7038B-LeaderElection1] INFO  impl.LeaderElection (LeaderElection.java:logAndReturn(61)) - omNode1@group-3464CFB7038B-LeaderElection1: Election TIMEOUT; received 0 response(s) [] and 0 exception(s); omNode1@group-3464CFB7038B:t295, leader=null, voted=omNode1, raftlog=omNode1@group-3464CFB7038B-SegmentedRaftLog:OPENED:c-1,f-1,i0, conf=-1: [omNode2:122.0.0.122:9872, omNode1:0.0.0.0:9872], old=null
2020-04-28 14:37:09,763 [main] INFO  ozone.MiniOzoneClusterImpl (MiniOzoneClusterImpl.java:lambda$waitForClusterToBeReady$0(177)) - Nodes are ready. Got 3 of 3 DN Heartbeats.
2020-04-28 14:37:09,763 [main] INFO  ozone.MiniOzoneClusterImpl (MiniOzoneClusterImpl.java:lambda$waitForClusterToBeReady$0(180)) - Waiting for cluster to exit safe mode
2020-04-28 14:37:09,763 [omNode1@group-3464CFB7038B-LeaderElection1] INFO  impl.LeaderElection (LeaderElection.java:askForVotes(206)) - omNode1@group-3464CFB7038B-LeaderElection1: begin an election at term 296 for -1: [omNode2:122.0.0.122:9872, omNode1:0.0.0.0:9872], old=null
2020-04-28 14:37:09,874 [omNode1@group-3464CFB7038B-LeaderElection1] INFO  impl.LeaderElection (LeaderElection.java:logAndReturn(61)) - omNode1@group-3464CFB7038B-LeaderElection1: Election TIMEOUT; received 0 response(s) [] and 0 exception(s); omNode1@group-3464CFB7038B:t296, leader=null, voted=omNode1, raftlog=omNode1@group-3464CFB7038B-SegmentedRaftLog:OPENED:c-1,f-1,i0, conf=-1: [omNode2:122.0.0.122:9872, omNode1:0.0.0.0:9872], old=null
2020-04-28 14:37:09,876 [omNode1@group-3464CFB7038B-LeaderElection1] INFO  impl.LeaderElection (LeaderElection.java:askForVotes(206)) - omNode1@group-3464CFB7038B-LeaderElection1: begin an election at term 297 for -1: [omNode2:122.0.0.122:9872, omNode1:0.0.0.0:9872], old=null
2020-04-28 14:37:09,888 [omNode1@group-3464CFB7038B-LeaderElection1] INFO  impl.LeaderElection (LeaderElection.java:logAndReturn(61)) - omNode1@group-3464CFB7038B-LeaderElection1: Election TIMEOUT; received 0 response(s) [] and 0 exception(s); omNode1@group-3464CFB7038B:t297, leader=null, voted=omNode1, raftlog=omNode1@group-3464CFB7038B-SegmentedRaftLog:OPENED:c-1,f-1,i0, conf=-1: [omNode2:122.0.0.122:9872, omNode1:0.0.0.0:9872], old=null
2020-04-28 14:37:09,890 [omNode1@group-3464CFB7038B-LeaderElection1] INFO  impl.LeaderElection (LeaderElection.java:askForVotes(206)) - omNode1@group-3464CFB7038B-LeaderElection1: begin an election at term 298 for -1: [omNode2:122.0.0.122:9872, omNode1:0.0.0.0:9872], old=null
2020-04-28 14:37:09,976 [omNode1@group-3464CFB7038B-LeaderElection1] INFO  impl.LeaderElection (LeaderElection.java:logAndReturn(61)) - omNode1@group-3464CFB7038B-LeaderElection1: Election TIMEOUT; received 0 response(s) [] and 0 exception(s); omNode1@group-3464CFB7038B:t298, leader=null, voted=omNode1, raftlog=omNode1@group-3464CFB7038B-SegmentedRaftLog:OPENED:c-1,f-1,i0, conf=-1: [omNode2:122.0.0.122:9872, omNode1:0.0.0.0:9872], old=null
2020-04-28 14:37:09,977 [omNode1@group-3464CFB7038B-LeaderElection1] INFO  impl.LeaderElection (LeaderElection.java:askForVotes(206)) - omNode1@group-3464CFB7038B-LeaderElection1: begin an election at term 299 for -1: [omNode2:122.0.0.122:9872, omNode1:0.0.0.0:9872], old=null
2020-04-28 14:37:10,166 [omNode1@group-3464CFB7038B-LeaderElection1] INFO  impl.LeaderElection (LeaderElection.java:logAndReturn(61)) - omNode1@group-3464CFB7038B-LeaderElection1: Election TIMEOUT; received 0 response(s) [] and 0 exception(s); omNode1@group-3464CFB7038B:t299, leader=null, voted=omNode1, raftlog=omNode1@group-3464CFB7038B-SegmentedRaftLog:OPENED:c-1,f-1,i0, conf=-1: [omNode2:122.0.0.122:9872, omNode1:0.0.0.0:9872], old=null
2020-04-28 14:37:10,168 [omNode1@group-3464CFB7038B-LeaderElection1] INFO  impl.LeaderElection (LeaderElection.java:askForVotes(206)) - omNode1@group-3464CFB7038B-LeaderElection1: begin an election at term 300 for -1: [omNode2:122.0.0.122:9872, omNode1:0.0.0.0:9872], old=null
2020-04-28 14:37:10,288 [omNode1@group-3464CFB7038B-LeaderElection1] INFO  impl.LeaderElection (LogUtils.java:infoOrTrace(137)) - omNode1@group-3464CFB7038B-LeaderElection1 got exception when requesting votes: java.util.concurrent.ExecutionException: org.apache.ratis.thirdparty.io.grpc.StatusRuntimeException: UNAVAILABLE: io exception
2020-04-28 14:37:10,288 [omNode1@group-3464CFB7038B-LeaderElection1] INFO  impl.LeaderElection (LeaderElection.java:logAndReturn(61)) - omNode1@group-3464CFB7038B-LeaderElection1: Election REJECTED; received 0 response(s) [] and 1 exception(s); omNode1@group-3464CFB7038B:t300, leader=null, voted=omNode1, raftlog=omNode1@group-3464CFB7038B-SegmentedRaftLog:OPENED:c-1,f-1,i0, conf=-1: [omNode2:122.0.0.122:9872, omNode1:0.0.0.0:9872], old=null
2020-04-28 14:37:10,288 [omNode1@group-3464CFB7038B-LeaderElection1] INFO  impl.LeaderElection (LogUtils.java:infoOrTrace(137)) -   Exception 0: java.util.concurrent.ExecutionException: org.apache.ratis.thirdparty.io.grpc.StatusRuntimeException: UNAVAILABLE: io exception
2020-04-28 14:37:10,289 [omNode1@group-3464CFB7038B-LeaderElection1] INFO  impl.RaftServerImpl (RaftServerImpl.java:setRole(172)) - omNode1@group-3464CFB7038B: changes role from CANDIDATE to FOLLOWER at term 300 for DISCOVERED_A_NEW_TERM
2020-04-28 14:37:10,289 [omNode1@group-3464CFB7038B-LeaderElection1] INFO  impl.RoleInfo (RoleInfo.java:shutdownLeaderElection(134)) - omNode1: shutdown LeaderElection
2020-04-28 14:37:10,289 [omNode1@group-3464CFB7038B-LeaderElection1] INFO  impl.RoleInfo (RoleInfo.java:updateAndGet(143)) - omNode1: start FollowerState
2020-04-28 14:37:10,406 [Thread-492] INFO  impl.FollowerState (FollowerState.java:run(108)) - omNode1@group-3464CFB7038B-FollowerState: change to CANDIDATE, lastRpcTime:117ms, electionTimeout:116ms
2020-04-28 14:37:10,406 [Thread-492] INFO  impl.RoleInfo (RoleInfo.java:shutdownFollowerState(121)) - omNode1: shutdown FollowerState
2020-04-28 14:37:10,407 [Thread-492] INFO  impl.RaftServerImpl (RaftServerImpl.java:setRole(172)) - omNode1@group-3464CFB7038B: changes role from  FOLLOWER to CANDIDATE at term 300 for changeToCandidate
2020-04-28 14:37:10,407 [Thread-492] INFO  impl.RoleInfo (RoleInfo.java:updateAndGet(143)) - omNode1: start LeaderElection
2020-04-28 14:37:10,409 [omNode1@group-3464CFB7038B-LeaderElection4] INFO  impl.LeaderElection (LeaderElection.java:askForVotes(206)) - omNode1@group-3464CFB7038B-LeaderElection4: begin an election at term 301 for -1: [omNode2:122.0.0.122:9872, omNode1:0.0.0.0:9872], old=null
2020-04-28 14:37:10,508 [omNode1@group-3464CFB7038B-LeaderElection4] INFO  impl.LeaderElection (LeaderElection.java:logAndReturn(61)) - omNode1@group-3464CFB7038B-LeaderElection4: Election TIMEOUT; received 0 response(s) [] and 0 exception(s); omNode1@group-3464CFB7038B:t301, leader=null, voted=omNode1, raftlog=omNode1@group-3464CFB7038B-SegmentedRaftLog:OPENED:c-1,f-1,i0, conf=-1: [omNode2:122.0.0.122:9872, omNode1:0.0.0.0:9872], old=null
2020-04-28 14:37:10,509 [omNode1@group-3464CFB7038B-LeaderElection4] INFO  impl.LeaderElection (LeaderElection.java:askForVotes(206)) - omNode1@group-3464CFB7038B-LeaderElection4: begin an election at term 302 for -1: [omNode2:122.0.0.122:9872, omNode1:0.0.0.0:9872], old=null
2020-04-28 14:37:10,649 [omNode1@group-3464CFB7038B-LeaderElection4] INFO  impl.LeaderElection (LeaderElection.java:logAndReturn(61)) - omNode1@group-3464CFB7038B-LeaderElection4: Election TIMEOUT; received 0 response(s) [] and 0 exception(s); omNode1@group-3464CFB7038B:t302, leader=null, voted=omNode1, raftlog=omNode1@group-3464CFB7038B-SegmentedRaftLog:OPENED:c-1,f-1,i0, conf=-1: [omNode2:122.0.0.122:9872, omNode1:0.0.0.0:9872], old=null
2020-04-28 14:37:10,651 [omNode1@group-3464CFB7038B-LeaderElection4] INFO  impl.LeaderElection (LeaderElection.java:askForVotes(206)) - omNode1@group-3464CFB7038B-LeaderElection4: begin an election at term 303 for -1: [omNode2:122.0.0.122:9872, omNode1:0.0.0.0:9872], old=null
2020-04-28 14:37:10,763 [main] INFO  ozone.MiniOzoneClusterImpl (MiniOzoneClusterImpl.java:lambda$waitForClusterToBeReady$0(177)) - Nodes are ready. Got 3 of 3 DN Heartbeats.
2020-04-28 14:37:10,763 [main] INFO  ozone.MiniOzoneClusterImpl (MiniOzoneClusterImpl.java:lambda$waitForClusterToBeReady$0(180)) - Waiting for cluster to exit safe mode
2020-04-28 14:37:10,801 [omNode1@group-3464CFB7038B-LeaderElection4] INFO  impl.LeaderElection (LeaderElection.java:logAndReturn(61)) - omNode1@group-3464CFB7038B-LeaderElection4: Election TIMEOUT; received 0 response(s) [] and 0 exception(s); omNode1@group-3464CFB7038B:t303, leader=null, voted=omNode1, raftlog=omNode1@group-3464CFB7038B-SegmentedRaftLog:OPENED:c-1,f-1,i0, conf=-1: [omNode2:122.0.0.122:9872, omNode1:0.0.0.0:9872], old=null
2020-04-28 14:37:10,803 [omNode1@group-3464CFB7038B-LeaderElection4] INFO  impl.LeaderElection (LeaderElection.java:askForVotes(206)) - omNode1@group-3464CFB7038B-LeaderElection4: begin an election at term 304 for -1: [omNode2:122.0.0.122:9872, omNode1:0.0.0.0:9872], old=null
2020-04-28 14:37:10,894 [omNode1@group-3464CFB7038B-LeaderElection4] INFO  impl.LeaderElection (LeaderElection.java:logAndReturn(61)) - omNode1@group-3464CFB7038B-LeaderElection4: Election TIMEOUT; received 0 response(s) [] and 0 exception(s); omNode1@group-3464CFB7038B:t304, leader=null, voted=omNode1, raftlog=omNode1@group-3464CFB7038B-SegmentedRaftLog:OPENED:c-1,f-1,i0, conf=-1: [omNode2:122.0.0.122:9872, omNode1:0.0.0.0:9872], old=null
2020-04-28 14:37:10,895 [omNode1@group-3464CFB7038B-LeaderElection4] INFO  impl.LeaderElection (LeaderElection.java:askForVotes(206)) - omNode1@group-3464CFB7038B-LeaderElection4: begin an election at term 305 for -1: [omNode2:122.0.0.122:9872, omNode1:0.0.0.0:9872], old=null
2020-04-28 14:37:11,026 [omNode1@group-3464CFB7038B-LeaderElection4] INFO  impl.LeaderElection (LeaderElection.java:logAndReturn(61)) - omNode1@group-3464CFB7038B-LeaderElection4: Election TIMEOUT; received 0 response(s) [] and 0 exception(s); omNode1@group-3464CFB7038B:t305, leader=null, voted=omNode1, raftlog=omNode1@group-3464CFB7038B-SegmentedRaftLog:OPENED:c-1,f-1,i0, conf=-1: [omNode2:122.0.0.122:9872, omNode1:0.0.0.0:9872], old=null
2020-04-28 14:37:11,028 [omNode1@group-3464CFB7038B-LeaderElection4] INFO  impl.LeaderElection (LeaderElection.java:askForVotes(206)) - omNode1@group-3464CFB7038B-LeaderElection4: begin an election at term 306 for -1: [omNode2:122.0.0.122:9872, omNode1:0.0.0.0:9872], old=null
2020-04-28 14:37:11,110 [omNode1@group-3464CFB7038B-LeaderElection4] INFO  impl.LeaderElection (LeaderElection.java:logAndReturn(61)) - omNode1@group-3464CFB7038B-LeaderElection4: Election TIMEOUT; received 0 response(s) [] and 0 exception(s); omNode1@group-3464CFB7038B:t306, leader=null, voted=omNode1, raftlog=omNode1@group-3464CFB7038B-SegmentedRaftLog:OPENED:c-1,f-1,i0, conf=-1: [omNode2:122.0.0.122:9872, omNode1:0.0.0.0:9872], old=null
2020-04-28 14:37:11,111 [omNode1@group-3464CFB7038B-LeaderElection4] INFO  impl.LeaderElection (LeaderElection.java:askForVotes(206)) - omNode1@group-3464CFB7038B-LeaderElection4: begin an election at term 307 for -1: [omNode2:122.0.0.122:9872, omNode1:0.0.0.0:9872], old=null
2020-04-28 14:37:11,166 [omNode1@group-3464CFB7038B-LeaderElection4] INFO  impl.LeaderElection (LeaderElection.java:logAndReturn(61)) - omNode1@group-3464CFB7038B-LeaderElection4: Election TIMEOUT; received 0 response(s) [] and 0 exception(s); omNode1@group-3464CFB7038B:t307, leader=null, voted=omNode1, raftlog=omNode1@group-3464CFB7038B-SegmentedRaftLog:OPENED:c-1,f-1,i0, conf=-1: [omNode2:122.0.0.122:9872, omNode1:0.0.0.0:9872], old=null
2020-04-28 14:37:11,168 [omNode1@group-3464CFB7038B-LeaderElection4] INFO  impl.LeaderElection (LeaderElection.java:askForVotes(206)) - omNode1@group-3464CFB7038B-LeaderElection4: begin an election at term 308 for -1: [omNode2:122.0.0.122:9872, omNode1:0.0.0.0:9872], old=null
2020-04-28 14:37:11,205 [omNode1@group-3464CFB7038B-LeaderElection4] INFO  impl.LeaderElection (LeaderElection.java:logAndReturn(61)) - omNode1@group-3464CFB7038B-LeaderElection4: Election TIMEOUT; received 0 response(s) [] and 0 exception(s); omNode1@group-3464CFB7038B:t308, leader=null, voted=omNode1, raftlog=omNode1@group-3464CFB7038B-SegmentedRaftLog:OPENED:c-1,f-1,i0, conf=-1: [omNode2:122.0.0.122:9872, omNode1:0.0.0.0:9872], old=null
2020-04-28 14:37:11,207 [omNode1@group-3464CFB7038B-LeaderElection4] INFO  impl.LeaderElection (LeaderElection.java:askForVotes(206)) - omNode1@group-3464CFB7038B-LeaderElection4: begin an election at term 309 for -1: [omNode2:122.0.0.122:9872, omNode1:0.0.0.0:9872], old=null
2020-04-28 14:37:11,261 [omNode1@group-3464CFB7038B-LeaderElection4] INFO  impl.LeaderElection (LeaderElection.java:logAndReturn(61)) - omNode1@group-3464CFB7038B-LeaderElection4: Election TIMEOUT; received 0 response(s) [] and 0 exception(s); omNode1@group-3464CFB7038B:t309, leader=null, voted=omNode1, raftlog=omNode1@group-3464CFB7038B-SegmentedRaftLog:OPENED:c-1,f-1,i0, conf=-1: [omNode2:122.0.0.122:9872, omNode1:0.0.0.0:9872], old=null
2020-04-28 14:37:11,262 [omNode1@group-3464CFB7038B-LeaderElection4] INFO  impl.LeaderElection (LeaderElection.java:askForVotes(206)) - omNode1@group-3464CFB7038B-LeaderElection4: begin an election at term 310 for -1: [omNode2:122.0.0.122:9872, omNode1:0.0.0.0:9872], old=null
2020-04-28 14:37:11,306 [omNode1@group-3464CFB7038B-LeaderElection4] INFO  impl.LeaderElection (LeaderElection.java:logAndReturn(61)) - omNode1@group-3464CFB7038B-LeaderElection4: Election TIMEOUT; received 0 response(s) [] and 0 exception(s); omNode1@group-3464CFB7038B:t310, leader=null, voted=omNode1, raftlog=omNode1@group-3464CFB7038B-SegmentedRaftLog:OPENED:c-1,f-1,i0, conf=-1: [omNode2:122.0.0.122:9872, omNode1:0.0.0.0:9872], old=null
2020-04-28 14:37:11,307 [omNode1@group-3464CFB7038B-LeaderElection4] INFO  impl.LeaderElection (LeaderElection.java:askForVotes(206)) - omNode1@group-3464CFB7038B-LeaderElection4: begin an election at term 311 for -1: [omNode2:122.0.0.122:9872, omNode1:0.0.0.0:9872], old=null
2020-04-28 14:37:11,508 [omNode1@group-3464CFB7038B-LeaderElection4] INFO  impl.LeaderElection (LeaderElection.java:logAndReturn(61)) - omNode1@group-3464CFB7038B-LeaderElection4: Election TIMEOUT; received 0 response(s) [] and 0 exception(s); omNode1@group-3464CFB7038B:t311, leader=null, voted=omNode1, raftlog=omNode1@group-3464CFB7038B-SegmentedRaftLog:OPENED:c-1,f-1,i0, conf=-1: [omNode2:122.0.0.122:9872, omNode1:0.0.0.0:9872], old=null
2020-04-28 14:37:11,509 [omNode1@group-3464CFB7038B-LeaderElection4] INFO  impl.LeaderElection (LeaderElection.java:askForVotes(206)) - omNode1@group-3464CFB7038B-LeaderElection4: begin an election at term 312 for -1: [omNode2:122.0.0.122:9872, omNode1:0.0.0.0:9872], old=null
2020-04-28 14:37:11,514 [omNode1@group-3464CFB7038B-LeaderElection4] INFO  impl.LeaderElection (LeaderElection.java:logAndReturn(61)) - omNode1@group-3464CFB7038B-LeaderElection4: Election TIMEOUT; received 0 response(s) [] and 0 exception(s); omNode1@group-3464CFB7038B:t312, leader=null, voted=omNode1, raftlog=omNode1@group-3464CFB7038B-SegmentedRaftLog:OPENED:c-1,f-1,i0, conf=-1: [omNode2:122.0.0.122:9872, omNode1:0.0.0.0:9872], old=null
2020-04-28 14:37:11,515 [omNode1@group-3464CFB7038B-LeaderElection4] INFO  impl.LeaderElection (LeaderElection.java:askForVotes(206)) - omNode1@group-3464CFB7038B-LeaderElection4: begin an election at term 313 for -1: [omNode2:122.0.0.122:9872, omNode1:0.0.0.0:9872], old=null
2020-04-28 14:37:11,612 [omNode1@group-3464CFB7038B-LeaderElection4] INFO  impl.LeaderElection (LeaderElection.java:logAndReturn(61)) - omNode1@group-3464CFB7038B-LeaderElection4: Election TIMEOUT; received 0 response(s) [] and 0 exception(s); omNode1@group-3464CFB7038B:t313, leader=null, voted=omNode1, raftlog=omNode1@group-3464CFB7038B-SegmentedRaftLog:OPENED:c-1,f-1,i0, conf=-1: [omNode2:122.0.0.122:9872, omNode1:0.0.0.0:9872], old=null
2020-04-28 14:37:11,614 [omNode1@group-3464CFB7038B-LeaderElection4] INFO  impl.LeaderElection (LeaderElection.java:askForVotes(206)) - omNode1@group-3464CFB7038B-LeaderElection4: begin an election at term 314 for -1: [omNode2:122.0.0.122:9872, omNode1:0.0.0.0:9872], old=null
2020-04-28 14:37:11,764 [main] INFO  ozone.MiniOzoneClusterImpl (MiniOzoneClusterImpl.java:lambda$waitForClusterToBeReady$0(177)) - Nodes are ready. Got 3 of 3 DN Heartbeats.
2020-04-28 14:37:11,764 [main] INFO  ozone.MiniOzoneClusterImpl (MiniOzoneClusterImpl.java:lambda$waitForClusterToBeReady$0(180)) - Waiting for cluster to exit safe mode
2020-04-28 14:37:11,785 [omNode1@group-3464CFB7038B-LeaderElection4] INFO  impl.LeaderElection (LeaderElection.java:logAndReturn(61)) - omNode1@group-3464CFB7038B-LeaderElection4: Election TIMEOUT; received 0 response(s) [] and 0 exception(s); omNode1@group-3464CFB7038B:t314, leader=null, voted=omNode1, raftlog=omNode1@group-3464CFB7038B-SegmentedRaftLog:OPENED:c-1,f-1,i0, conf=-1: [omNode2:122.0.0.122:9872, omNode1:0.0.0.0:9872], old=null
2020-04-28 14:37:11,786 [omNode1@group-3464CFB7038B-LeaderElection4] INFO  impl.LeaderElection (LeaderElection.java:askForVotes(206)) - omNode1@group-3464CFB7038B-LeaderElection4: begin an election at term 315 for -1: [omNode2:122.0.0.122:9872, omNode1:0.0.0.0:9872], old=null
2020-04-28 14:37:11,898 [omNode1@group-3464CFB7038B-LeaderElection4] INFO  impl.LeaderElection (LeaderElection.java:logAndReturn(61)) - omNode1@group-3464CFB7038B-LeaderElection4: Election TIMEOUT; received 0 response(s) [] and 0 exception(s); omNode1@group-3464CFB7038B:t315, leader=null, voted=omNode1, raftlog=omNode1@group-3464CFB7038B-SegmentedRaftLog:OPENED:c-1,f-1,i0, conf=-1: [omNode2:122.0.0.122:9872, omNode1:0.0.0.0:9872], old=null
2020-04-28 14:37:11,899 [omNode1@group-3464CFB7038B-LeaderElection4] INFO  impl.LeaderElection (LeaderElection.java:askForVotes(206)) - omNode1@group-3464CFB7038B-LeaderElection4: begin an election at term 316 for -1: [omNode2:122.0.0.122:9872, omNode1:0.0.0.0:9872], old=null
2020-04-28 14:37:12,051 [omNode1@group-3464CFB7038B-LeaderElection4] INFO  impl.LeaderElection (LeaderElection.java:logAndReturn(61)) - omNode1@group-3464CFB7038B-LeaderElection4: Election TIMEOUT; received 0 response(s) [] and 0 exception(s); omNode1@group-3464CFB7038B:t316, leader=null, voted=omNode1, raftlog=omNode1@group-3464CFB7038B-SegmentedRaftLog:OPENED:c-1,f-1,i0, conf=-1: [omNode2:122.0.0.122:9872, omNode1:0.0.0.0:9872], old=null
2020-04-28 14:37:12,052 [omNode1@group-3464CFB7038B-LeaderElection4] INFO  impl.LeaderElection (LeaderElection.java:askForVotes(206)) - omNode1@group-3464CFB7038B-LeaderElection4: begin an election at term 317 for -1: [omNode2:122.0.0.122:9872, omNode1:0.0.0.0:9872], old=null
2020-04-28 14:37:12,155 [omNode1@group-3464CFB7038B-LeaderElection4] INFO  impl.LeaderElection (LeaderElection.java:logAndReturn(61)) - omNode1@group-3464CFB7038B-LeaderElection4: Election TIMEOUT; received 0 response(s) [] and 0 exception(s); omNode1@group-3464CFB7038B:t317, leader=null, voted=omNode1, raftlog=omNode1@group-3464CFB7038B-SegmentedRaftLog:OPENED:c-1,f-1,i0, conf=-1: [omNode2:122.0.0.122:9872, omNode1:0.0.0.0:9872], old=null
2020-04-28 14:37:12,156 [omNode1@group-3464CFB7038B-LeaderElection4] INFO  impl.LeaderElection (LeaderElection.java:askForVotes(206)) - omNode1@group-3464CFB7038B-LeaderElection4: begin an election at term 318 for -1: [omNode2:122.0.0.122:9872, omNode1:0.0.0.0:9872], old=null
2020-04-28 14:37:12,172 [omNode1@group-3464CFB7038B-LeaderElection4] INFO  impl.LeaderElection (LeaderElection.java:logAndReturn(61)) - omNode1@group-3464CFB7038B-LeaderElection4: Election TIMEOUT; received 0 response(s) [] and 0 exception(s); omNode1@group-3464CFB7038B:t318, leader=null, voted=omNode1, raftlog=omNode1@group-3464CFB7038B-SegmentedRaftLog:OPENED:c-1,f-1,i0, conf=-1: [omNode2:122.0.0.122:9872, omNode1:0.0.0.0:9872], old=null
2020-04-28 14:37:12,173 [omNode1@group-3464CFB7038B-LeaderElection4] INFO  impl.LeaderElection (LeaderElection.java:askForVotes(206)) - omNode1@group-3464CFB7038B-LeaderElection4: begin an election at term 319 for -1: [omNode2:122.0.0.122:9872, omNode1:0.0.0.0:9872], old=null
2020-04-28 14:37:12,262 [omNode1@group-3464CFB7038B-LeaderElection4] INFO  impl.LeaderElection (LeaderElection.java:logAndReturn(61)) - omNode1@group-3464CFB7038B-LeaderElection4: Election TIMEOUT; received 0 response(s) [] and 0 exception(s); omNode1@group-3464CFB7038B:t319, leader=null, voted=omNode1, raftlog=omNode1@group-3464CFB7038B-SegmentedRaftLog:OPENED:c-1,f-1,i0, conf=-1: [omNode2:122.0.0.122:9872, omNode1:0.0.0.0:9872], old=null
2020-04-28 14:37:12,263 [omNode1@group-3464CFB7038B-LeaderElection4] INFO  impl.LeaderElection (LeaderElection.java:askForVotes(206)) - omNode1@group-3464CFB7038B-LeaderElection4: begin an election at term 320 for -1: [omNode2:122.0.0.122:9872, omNode1:0.0.0.0:9872], old=null
2020-04-28 14:37:12,333 [omNode1@group-3464CFB7038B-LeaderElection4] INFO  impl.LeaderElection (LeaderElection.java:logAndReturn(61)) - omNode1@group-3464CFB7038B-LeaderElection4: Election TIMEOUT; received 0 response(s) [] and 0 exception(s); omNode1@group-3464CFB7038B:t320, leader=null, voted=omNode1, raftlog=omNode1@group-3464CFB7038B-SegmentedRaftLog:OPENED:c-1,f-1,i0, conf=-1: [omNode2:122.0.0.122:9872, omNode1:0.0.0.0:9872], old=null
2020-04-28 14:37:12,334 [omNode1@group-3464CFB7038B-LeaderElection4] INFO  impl.LeaderElection (LeaderElection.java:askForVotes(206)) - omNode1@group-3464CFB7038B-LeaderElection4: begin an election at term 321 for -1: [omNode2:122.0.0.122:9872, omNode1:0.0.0.0:9872], old=null
2020-04-28 14:37:12,490 [omNode1@group-3464CFB7038B-LeaderElection4] INFO  impl.LeaderElection (LeaderElection.java:logAndReturn(61)) - omNode1@group-3464CFB7038B-LeaderElection4: Election TIMEOUT; received 0 response(s) [] and 0 exception(s); omNode1@group-3464CFB7038B:t321, leader=null, voted=omNode1, raftlog=omNode1@group-3464CFB7038B-SegmentedRaftLog:OPENED:c-1,f-1,i0, conf=-1: [omNode2:122.0.0.122:9872, omNode1:0.0.0.0:9872], old=null
2020-04-28 14:37:12,491 [omNode1@group-3464CFB7038B-LeaderElection4] INFO  impl.LeaderElection (LeaderElection.java:askForVotes(206)) - omNode1@group-3464CFB7038B-LeaderElection4: begin an election at term 322 for -1: [omNode2:122.0.0.122:9872, omNode1:0.0.0.0:9872], old=null
2020-04-28 14:37:12,614 [omNode1@group-3464CFB7038B-LeaderElection4] INFO  impl.LeaderElection (LeaderElection.java:logAndReturn(61)) - omNode1@group-3464CFB7038B-LeaderElection4: Election TIMEOUT; received 0 response(s) [] and 0 exception(s); omNode1@group-3464CFB7038B:t322, leader=null, voted=omNode1, raftlog=omNode1@group-3464CFB7038B-SegmentedRaftLog:OPENED:c-1,f-1,i0, conf=-1: [omNode2:122.0.0.122:9872, omNode1:0.0.0.0:9872], old=null
2020-04-28 14:37:12,615 [omNode1@group-3464CFB7038B-LeaderElection4] INFO  impl.LeaderElection (LeaderElection.java:askForVotes(206)) - omNode1@group-3464CFB7038B-LeaderElection4: begin an election at term 323 for -1: [omNode2:122.0.0.122:9872, omNode1:0.0.0.0:9872], old=null
2020-04-28 14:37:12,674 [omNode1@group-3464CFB7038B-LeaderElection4] INFO  impl.LeaderElection (LeaderElection.java:logAndReturn(61)) - omNode1@group-3464CFB7038B-LeaderElection4: Election TIMEOUT; received 0 response(s) [] and 0 exception(s); omNode1@group-3464CFB7038B:t323, leader=null, voted=omNode1, raftlog=omNode1@group-3464CFB7038B-SegmentedRaftLog:OPENED:c-1,f-1,i0, conf=-1: [omNode2:122.0.0.122:9872, omNode1:0.0.0.0:9872], old=null
2020-04-28 14:37:12,676 [omNode1@group-3464CFB7038B-LeaderElection4] INFO  impl.LeaderElection (LeaderElection.java:askForVotes(206)) - omNode1@group-3464CFB7038B-LeaderElection4: begin an election at term 324 for -1: [omNode2:122.0.0.122:9872, omNode1:0.0.0.0:9872], old=null
2020-04-28 14:37:12,761 [omNode1@group-3464CFB7038B-LeaderElection4] INFO  impl.LeaderElection (LeaderElection.java:logAndReturn(61)) - omNode1@group-3464CFB7038B-LeaderElection4: Election TIMEOUT; received 0 response(s) [] and 0 exception(s); omNode1@group-3464CFB7038B:t324, leader=null, voted=omNode1, raftlog=omNode1@group-3464CFB7038B-SegmentedRaftLog:OPENED:c-1,f-1,i0, conf=-1: [omNode2:122.0.0.122:9872, omNode1:0.0.0.0:9872], old=null
2020-04-28 14:37:12,762 [omNode1@group-3464CFB7038B-LeaderElection4] INFO  impl.LeaderElection (LeaderElection.java:askForVotes(206)) - omNode1@group-3464CFB7038B-LeaderElection4: begin an election at term 325 for -1: [omNode2:122.0.0.122:9872, omNode1:0.0.0.0:9872], old=null
2020-04-28 14:37:12,764 [main] INFO  ozone.MiniOzoneClusterImpl (MiniOzoneClusterImpl.java:lambda$waitForClusterToBeReady$0(177)) - Nodes are ready. Got 3 of 3 DN Heartbeats.
2020-04-28 14:37:12,764 [main] INFO  ozone.MiniOzoneClusterImpl (MiniOzoneClusterImpl.java:lambda$waitForClusterToBeReady$0(180)) - Waiting for cluster to exit safe mode
2020-04-28 14:37:12,857 [omNode1@group-3464CFB7038B-LeaderElection4] INFO  impl.LeaderElection (LeaderElection.java:logAndReturn(61)) - omNode1@group-3464CFB7038B-LeaderElection4: Election TIMEOUT; received 0 response(s) [] and 0 exception(s); omNode1@group-3464CFB7038B:t325, leader=null, voted=omNode1, raftlog=omNode1@group-3464CFB7038B-SegmentedRaftLog:OPENED:c-1,f-1,i0, conf=-1: [omNode2:122.0.0.122:9872, omNode1:0.0.0.0:9872], old=null
2020-04-28 14:37:12,858 [omNode1@group-3464CFB7038B-LeaderElection4] INFO  impl.LeaderElection (LeaderElection.java:askForVotes(206)) - omNode1@group-3464CFB7038B-LeaderElection4: begin an election at term 326 for -1: [omNode2:122.0.0.122:9872, omNode1:0.0.0.0:9872], old=null
2020-04-28 14:37:12,976 [omNode1@group-3464CFB7038B-LeaderElection4] INFO  impl.LeaderElection (LeaderElection.java:logAndReturn(61)) - omNode1@group-3464CFB7038B-LeaderElection4: Election TIMEOUT; received 0 response(s) [] and 0 exception(s); omNode1@group-3464CFB7038B:t326, leader=null, voted=omNode1, raftlog=omNode1@group-3464CFB7038B-SegmentedRaftLog:OPENED:c-1,f-1,i0, conf=-1: [omNode2:122.0.0.122:9872, omNode1:0.0.0.0:9872], old=null
2020-04-28 14:37:12,977 [omNode1@group-3464CFB7038B-LeaderElection4] INFO  impl.LeaderElection (LeaderElection.java:askForVotes(206)) - omNode1@group-3464CFB7038B-LeaderElection4: begin an election at term 327 for -1: [omNode2:122.0.0.122:9872, omNode1:0.0.0.0:9872], old=null
2020-04-28 14:37:13,135 [omNode1@group-3464CFB7038B-LeaderElection4] INFO  impl.LeaderElection (LeaderElection.java:logAndReturn(61)) - omNode1@group-3464CFB7038B-LeaderElection4: Election TIMEOUT; received 0 response(s) [] and 0 exception(s); omNode1@group-3464CFB7038B:t327, leader=null, voted=omNode1, raftlog=omNode1@group-3464CFB7038B-SegmentedRaftLog:OPENED:c-1,f-1,i0, conf=-1: [omNode2:122.0.0.122:9872, omNode1:0.0.0.0:9872], old=null
2020-04-28 14:37:13,137 [omNode1@group-3464CFB7038B-LeaderElection4] INFO  impl.LeaderElection (LeaderElection.java:askForVotes(206)) - omNode1@group-3464CFB7038B-LeaderElection4: begin an election at term 328 for -1: [omNode2:122.0.0.122:9872, omNode1:0.0.0.0:9872], old=null
2020-04-28 14:37:13,291 [omNode1@group-3464CFB7038B-LeaderElection4] INFO  impl.LeaderElection (LeaderElection.java:logAndReturn(61)) - omNode1@group-3464CFB7038B-LeaderElection4: Election TIMEOUT; received 0 response(s) [] and 0 exception(s); omNode1@group-3464CFB7038B:t328, leader=null, voted=omNode1, raftlog=omNode1@group-3464CFB7038B-SegmentedRaftLog:OPENED:c-1,f-1,i0, conf=-1: [omNode2:122.0.0.122:9872, omNode1:0.0.0.0:9872], old=null
2020-04-28 14:37:13,293 [omNode1@group-3464CFB7038B-LeaderElection4] INFO  impl.LeaderElection (LeaderElection.java:askForVotes(206)) - omNode1@group-3464CFB7038B-LeaderElection4: begin an election at term 329 for -1: [omNode2:122.0.0.122:9872, omNode1:0.0.0.0:9872], old=null
2020-04-28 14:37:13,426 [omNode1@group-3464CFB7038B-LeaderElection4] INFO  impl.LeaderElection (LeaderElection.java:logAndReturn(61)) - omNode1@group-3464CFB7038B-LeaderElection4: Election TIMEOUT; received 0 response(s) [] and 0 exception(s); omNode1@group-3464CFB7038B:t329, leader=null, voted=omNode1, raftlog=omNode1@group-3464CFB7038B-SegmentedRaftLog:OPENED:c-1,f-1,i0, conf=-1: [omNode2:122.0.0.122:9872, omNode1:0.0.0.0:9872], old=null
2020-04-28 14:37:13,428 [omNode1@group-3464CFB7038B-LeaderElection4] INFO  impl.LeaderElection (LeaderElection.java:askForVotes(206)) - omNode1@group-3464CFB7038B-LeaderElection4: begin an election at term 330 for -1: [omNode2:122.0.0.122:9872, omNode1:0.0.0.0:9872], old=null
2020-04-28 14:37:13,592 [omNode1@group-3464CFB7038B-LeaderElection4] INFO  impl.LeaderElection (LeaderElection.java:logAndReturn(61)) - omNode1@group-3464CFB7038B-LeaderElection4: Election TIMEOUT; received 0 response(s) [] and 0 exception(s); omNode1@group-3464CFB7038B:t330, leader=null, voted=omNode1, raftlog=omNode1@group-3464CFB7038B-SegmentedRaftLog:OPENED:c-1,f-1,i0, conf=-1: [omNode2:122.0.0.122:9872, omNode1:0.0.0.0:9872], old=null
2020-04-28 14:37:13,594 [omNode1@group-3464CFB7038B-LeaderElection4] INFO  impl.LeaderElection (LeaderElection.java:askForVotes(206)) - omNode1@group-3464CFB7038B-LeaderElection4: begin an election at term 331 for -1: [omNode2:122.0.0.122:9872, omNode1:0.0.0.0:9872], old=null
2020-04-28 14:37:13,764 [main] INFO  ozone.MiniOzoneClusterImpl (MiniOzoneClusterImpl.java:lambda$waitForClusterToBeReady$0(177)) - Nodes are ready. Got 3 of 3 DN Heartbeats.
2020-04-28 14:37:13,765 [main] INFO  ozone.MiniOzoneClusterImpl (MiniOzoneClusterImpl.java:lambda$waitForClusterToBeReady$0(180)) - Waiting for cluster to exit safe mode
2020-04-28 14:37:13,778 [omNode1@group-3464CFB7038B-LeaderElection4] INFO  impl.LeaderElection (LeaderElection.java:logAndReturn(61)) - omNode1@group-3464CFB7038B-LeaderElection4: Election TIMEOUT; received 0 response(s) [] and 0 exception(s); omNode1@group-3464CFB7038B:t331, leader=null, voted=omNode1, raftlog=omNode1@group-3464CFB7038B-SegmentedRaftLog:OPENED:c-1,f-1,i0, conf=-1: [omNode2:122.0.0.122:9872, omNode1:0.0.0.0:9872], old=null
2020-04-28 14:37:13,779 [omNode1@group-3464CFB7038B-LeaderElection4] INFO  impl.LeaderElection (LeaderElection.java:askForVotes(206)) - omNode1@group-3464CFB7038B-LeaderElection4: begin an election at term 332 for -1: [omNode2:122.0.0.122:9872, omNode1:0.0.0.0:9872], old=null
2020-04-28 14:37:13,889 [omNode1@group-3464CFB7038B-LeaderElection4] INFO  impl.LeaderElection (LeaderElection.java:logAndReturn(61)) - omNode1@group-3464CFB7038B-LeaderElection4: Election TIMEOUT; received 0 response(s) [] and 0 exception(s); omNode1@group-3464CFB7038B:t332, leader=null, voted=omNode1, raftlog=omNode1@group-3464CFB7038B-SegmentedRaftLog:OPENED:c-1,f-1,i0, conf=-1: [omNode2:122.0.0.122:9872, omNode1:0.0.0.0:9872], old=null
2020-04-28 14:37:13,890 [omNode1@group-3464CFB7038B-LeaderElection4] INFO  impl.LeaderElection (LeaderElection.java:askForVotes(206)) - omNode1@group-3464CFB7038B-LeaderElection4: begin an election at term 333 for -1: [omNode2:122.0.0.122:9872, omNode1:0.0.0.0:9872], old=null
2020-04-28 14:37:13,918 [omNode1@group-3464CFB7038B-LeaderElection4] INFO  impl.LeaderElection (LeaderElection.java:logAndReturn(61)) - omNode1@group-3464CFB7038B-LeaderElection4: Election TIMEOUT; received 0 response(s) [] and 0 exception(s); omNode1@group-3464CFB7038B:t333, leader=null, voted=omNode1, raftlog=omNode1@group-3464CFB7038B-SegmentedRaftLog:OPENED:c-1,f-1,i0, conf=-1: [omNode2:122.0.0.122:9872, omNode1:0.0.0.0:9872], old=null
2020-04-28 14:37:13,919 [omNode1@group-3464CFB7038B-LeaderElection4] INFO  impl.LeaderElection (LeaderElection.java:askForVotes(206)) - omNode1@group-3464CFB7038B-LeaderElection4: begin an election at term 334 for -1: [omNode2:122.0.0.122:9872, omNode1:0.0.0.0:9872], old=null
2020-04-28 14:37:13,938 [omNode1@group-3464CFB7038B-LeaderElection4] INFO  impl.LeaderElection (LeaderElection.java:logAndReturn(61)) - omNode1@group-3464CFB7038B-LeaderElection4: Election TIMEOUT; received 0 response(s) [] and 0 exception(s); omNode1@group-3464CFB7038B:t334, leader=null, voted=omNode1, raftlog=omNode1@group-3464CFB7038B-SegmentedRaftLog:OPENED:c-1,f-1,i0, conf=-1: [omNode2:122.0.0.122:9872, omNode1:0.0.0.0:9872], old=null
2020-04-28 14:37:13,940 [omNode1@group-3464CFB7038B-LeaderElection4] INFO  impl.LeaderElection (LeaderElection.java:askForVotes(206)) - omNode1@group-3464CFB7038B-LeaderElection4: begin an election at term 335 for -1: [omNode2:122.0.0.122:9872, omNode1:0.0.0.0:9872], old=null
2020-04-28 14:37:13,984 [omNode1@group-3464CFB7038B-LeaderElection4] INFO  impl.LeaderElection (LeaderElection.java:logAndReturn(61)) - omNode1@group-3464CFB7038B-LeaderElection4: Election TIMEOUT; received 0 response(s) [] and 0 exception(s); omNode1@group-3464CFB7038B:t335, leader=null, voted=omNode1, raftlog=omNode1@group-3464CFB7038B-SegmentedRaftLog:OPENED:c-1,f-1,i0, conf=-1: [omNode2:122.0.0.122:9872, omNode1:0.0.0.0:9872], old=null
2020-04-28 14:37:13,986 [omNode1@group-3464CFB7038B-LeaderElection4] INFO  impl.LeaderElection (LeaderElection.java:askForVotes(206)) - omNode1@group-3464CFB7038B-LeaderElection4: begin an election at term 336 for -1: [omNode2:122.0.0.122:9872, omNode1:0.0.0.0:9872], old=null
2020-04-28 14:37:13,999 [omNode1@group-3464CFB7038B-LeaderElection4] INFO  impl.LeaderElection (LeaderElection.java:logAndReturn(61)) - omNode1@group-3464CFB7038B-LeaderElection4: Election TIMEOUT; received 0 response(s) [] and 0 exception(s); omNode1@group-3464CFB7038B:t336, leader=null, voted=omNode1, raftlog=omNode1@group-3464CFB7038B-SegmentedRaftLog:OPENED:c-1,f-1,i0, conf=-1: [omNode2:122.0.0.122:9872, omNode1:0.0.0.0:9872], old=null
2020-04-28 14:37:14,000 [omNode1@group-3464CFB7038B-LeaderElection4] INFO  impl.LeaderElection (LeaderElection.java:askForVotes(206)) - omNode1@group-3464CFB7038B-LeaderElection4: begin an election at term 337 for -1: [omNode2:122.0.0.122:9872, omNode1:0.0.0.0:9872], old=null
2020-04-28 14:37:14,028 [omNode1@group-3464CFB7038B-LeaderElection4] INFO  impl.LeaderElection (LeaderElection.java:logAndReturn(61)) - omNode1@group-3464CFB7038B-LeaderElection4: Election TIMEOUT; received 0 response(s) [] and 0 exception(s); omNode1@group-3464CFB7038B:t337, leader=null, voted=omNode1, raftlog=omNode1@group-3464CFB7038B-SegmentedRaftLog:OPENED:c-1,f-1,i0, conf=-1: [omNode2:122.0.0.122:9872, omNode1:0.0.0.0:9872], old=null
2020-04-28 14:37:14,030 [omNode1@group-3464CFB7038B-LeaderElection4] INFO  impl.LeaderElection (LeaderElection.java:askForVotes(206)) - omNode1@group-3464CFB7038B-LeaderElection4: begin an election at term 338 for -1: [omNode2:122.0.0.122:9872, omNode1:0.0.0.0:9872], old=null
2020-04-28 14:37:14,222 [omNode1@group-3464CFB7038B-LeaderElection4] INFO  impl.LeaderElection (LeaderElection.java:logAndReturn(61)) - omNode1@group-3464CFB7038B-LeaderElection4: Election TIMEOUT; received 0 response(s) [] and 0 exception(s); omNode1@group-3464CFB7038B:t338, leader=null, voted=omNode1, raftlog=omNode1@group-3464CFB7038B-SegmentedRaftLog:OPENED:c-1,f-1,i0, conf=-1: [omNode2:122.0.0.122:9872, omNode1:0.0.0.0:9872], old=null
2020-04-28 14:37:14,223 [omNode1@group-3464CFB7038B-LeaderElection4] INFO  impl.LeaderElection (LeaderElection.java:askForVotes(206)) - omNode1@group-3464CFB7038B-LeaderElection4: begin an election at term 339 for -1: [omNode2:122.0.0.122:9872, omNode1:0.0.0.0:9872], old=null
2020-04-28 14:37:14,286 [omNode1@group-3464CFB7038B-LeaderElection4] INFO  impl.LeaderElection (LeaderElection.java:logAndReturn(61)) - omNode1@group-3464CFB7038B-LeaderElection4: Election TIMEOUT; received 0 response(s) [] and 0 exception(s); omNode1@group-3464CFB7038B:t339, leader=null, voted=omNode1, raftlog=omNode1@group-3464CFB7038B-SegmentedRaftLog:OPENED:c-1,f-1,i0, conf=-1: [omNode2:122.0.0.122:9872, omNode1:0.0.0.0:9872], old=null
2020-04-28 14:37:14,287 [omNode1@group-3464CFB7038B-LeaderElection4] INFO  impl.LeaderElection (LeaderElection.java:askForVotes(206)) - omNode1@group-3464CFB7038B-LeaderElection4: begin an election at term 340 for -1: [omNode2:122.0.0.122:9872, omNode1:0.0.0.0:9872], old=null
2020-04-28 14:37:14,431 [omNode1@group-3464CFB7038B-LeaderElection4] INFO  impl.LeaderElection (LeaderElection.java:logAndReturn(61)) - omNode1@group-3464CFB7038B-LeaderElection4: Election TIMEOUT; received 0 response(s) [] and 0 exception(s); omNode1@group-3464CFB7038B:t340, leader=null, voted=omNode1, raftlog=omNode1@group-3464CFB7038B-SegmentedRaftLog:OPENED:c-1,f-1,i0, conf=-1: [omNode2:122.0.0.122:9872, omNode1:0.0.0.0:9872], old=null
2020-04-28 14:37:14,432 [omNode1@group-3464CFB7038B-LeaderElection4] INFO  impl.LeaderElection (LeaderElection.java:askForVotes(206)) - omNode1@group-3464CFB7038B-LeaderElection4: begin an election at term 341 for -1: [omNode2:122.0.0.122:9872, omNode1:0.0.0.0:9872], old=null
2020-04-28 14:37:14,481 [omNode1@group-3464CFB7038B-LeaderElection4] INFO  impl.LeaderElection (LeaderElection.java:logAndReturn(61)) - omNode1@group-3464CFB7038B-LeaderElection4: Election TIMEOUT; received 0 response(s) [] and 0 exception(s); omNode1@group-3464CFB7038B:t341, leader=null, voted=omNode1, raftlog=omNode1@group-3464CFB7038B-SegmentedRaftLog:OPENED:c-1,f-1,i0, conf=-1: [omNode2:122.0.0.122:9872, omNode1:0.0.0.0:9872], old=null
2020-04-28 14:37:14,482 [omNode1@group-3464CFB7038B-LeaderElection4] INFO  impl.LeaderElection (LeaderElection.java:askForVotes(206)) - omNode1@group-3464CFB7038B-LeaderElection4: begin an election at term 342 for -1: [omNode2:122.0.0.122:9872, omNode1:0.0.0.0:9872], old=null
2020-04-28 14:37:14,658 [omNode1@group-3464CFB7038B-LeaderElection4] INFO  impl.LeaderElection (LeaderElection.java:logAndReturn(61)) - omNode1@group-3464CFB7038B-LeaderElection4: Election TIMEOUT; received 0 response(s) [] and 0 exception(s); omNode1@group-3464CFB7038B:t342, leader=null, voted=omNode1, raftlog=omNode1@group-3464CFB7038B-SegmentedRaftLog:OPENED:c-1,f-1,i0, conf=-1: [omNode2:122.0.0.122:9872, omNode1:0.0.0.0:9872], old=null
2020-04-28 14:37:14,659 [omNode1@group-3464CFB7038B-LeaderElection4] INFO  impl.LeaderElection (LeaderElection.java:askForVotes(206)) - omNode1@group-3464CFB7038B-LeaderElection4: begin an election at term 343 for -1: [omNode2:122.0.0.122:9872, omNode1:0.0.0.0:9872], old=null
2020-04-28 14:37:14,765 [main] INFO  ozone.MiniOzoneClusterImpl (MiniOzoneClusterImpl.java:lambda$waitForClusterToBeReady$0(177)) - Nodes are ready. Got 3 of 3 DN Heartbeats.
2020-04-28 14:37:14,765 [main] INFO  ozone.MiniOzoneClusterImpl (MiniOzoneClusterImpl.java:lambda$waitForClusterToBeReady$0(180)) - Waiting for cluster to exit safe mode
2020-04-28 14:37:14,813 [omNode1@group-3464CFB7038B-LeaderElection4] INFO  impl.LeaderElection (LeaderElection.java:logAndReturn(61)) - omNode1@group-3464CFB7038B-LeaderElection4: Election TIMEOUT; received 0 response(s) [] and 0 exception(s); omNode1@group-3464CFB7038B:t343, leader=null, voted=omNode1, raftlog=omNode1@group-3464CFB7038B-SegmentedRaftLog:OPENED:c-1,f-1,i0, conf=-1: [omNode2:122.0.0.122:9872, omNode1:0.0.0.0:9872], old=null
2020-04-28 14:37:14,814 [omNode1@group-3464CFB7038B-LeaderElection4] INFO  impl.LeaderElection (LeaderElection.java:askForVotes(206)) - omNode1@group-3464CFB7038B-LeaderElection4: begin an election at term 344 for -1: [omNode2:122.0.0.122:9872, omNode1:0.0.0.0:9872], old=null
2020-04-28 14:37:14,890 [omNode1@group-3464CFB7038B-LeaderElection4] INFO  impl.LeaderElection (LeaderElection.java:logAndReturn(61)) - omNode1@group-3464CFB7038B-LeaderElection4: Election TIMEOUT; received 0 response(s) [] and 0 exception(s); omNode1@group-3464CFB7038B:t344, leader=null, voted=omNode1, raftlog=omNode1@group-3464CFB7038B-SegmentedRaftLog:OPENED:c-1,f-1,i0, conf=-1: [omNode2:122.0.0.122:9872, omNode1:0.0.0.0:9872], old=null
2020-04-28 14:37:14,891 [omNode1@group-3464CFB7038B-LeaderElection4] INFO  impl.LeaderElection (LeaderElection.java:askForVotes(206)) - omNode1@group-3464CFB7038B-LeaderElection4: begin an election at term 345 for -1: [omNode2:122.0.0.122:9872, omNode1:0.0.0.0:9872], old=null
2020-04-28 14:37:14,897 [omNode1@group-3464CFB7038B-LeaderElection4] INFO  impl.LeaderElection (LeaderElection.java:logAndReturn(61)) - omNode1@group-3464CFB7038B-LeaderElection4: Election TIMEOUT; received 0 response(s) [] and 0 exception(s); omNode1@group-3464CFB7038B:t345, leader=null, voted=omNode1, raftlog=omNode1@group-3464CFB7038B-SegmentedRaftLog:OPENED:c-1,f-1,i0, conf=-1: [omNode2:122.0.0.122:9872, omNode1:0.0.0.0:9872], old=null
2020-04-28 14:37:14,898 [omNode1@group-3464CFB7038B-LeaderElection4] INFO  impl.LeaderElection (LeaderElection.java:askForVotes(206)) - omNode1@group-3464CFB7038B-LeaderElection4: begin an election at term 346 for -1: [omNode2:122.0.0.122:9872, omNode1:0.0.0.0:9872], old=null
2020-04-28 14:37:15,038 [omNode1@group-3464CFB7038B-LeaderElection4] INFO  impl.LeaderElection (LeaderElection.java:logAndReturn(61)) - omNode1@group-3464CFB7038B-LeaderElection4: Election TIMEOUT; received 0 response(s) [] and 0 exception(s); omNode1@group-3464CFB7038B:t346, leader=null, voted=omNode1, raftlog=omNode1@group-3464CFB7038B-SegmentedRaftLog:OPENED:c-1,f-1,i0, conf=-1: [omNode2:122.0.0.122:9872, omNode1:0.0.0.0:9872], old=null
2020-04-28 14:37:15,039 [omNode1@group-3464CFB7038B-LeaderElection4] INFO  impl.LeaderElection (LeaderElection.java:askForVotes(206)) - omNode1@group-3464CFB7038B-LeaderElection4: begin an election at term 347 for -1: [omNode2:122.0.0.122:9872, omNode1:0.0.0.0:9872], old=null
2020-04-28 14:37:15,228 [omNode1@group-3464CFB7038B-LeaderElection4] INFO  impl.LeaderElection (LeaderElection.java:logAndReturn(61)) - omNode1@group-3464CFB7038B-LeaderElection4: Election TIMEOUT; received 0 response(s) [] and 0 exception(s); omNode1@group-3464CFB7038B:t347, leader=null, voted=omNode1, raftlog=omNode1@group-3464CFB7038B-SegmentedRaftLog:OPENED:c-1,f-1,i0, conf=-1: [omNode2:122.0.0.122:9872, omNode1:0.0.0.0:9872], old=null
2020-04-28 14:37:15,229 [omNode1@group-3464CFB7038B-LeaderElection4] INFO  impl.LeaderElection (LeaderElection.java:askForVotes(206)) - omNode1@group-3464CFB7038B-LeaderElection4: begin an election at term 348 for -1: [omNode2:122.0.0.122:9872, omNode1:0.0.0.0:9872], old=null
2020-04-28 14:37:15,326 [omNode1@group-3464CFB7038B-LeaderElection4] INFO  impl.LeaderElection (LeaderElection.java:logAndReturn(61)) - omNode1@group-3464CFB7038B-LeaderElection4: Election TIMEOUT; received 0 response(s) [] and 0 exception(s); omNode1@group-3464CFB7038B:t348, leader=null, voted=omNode1, raftlog=omNode1@group-3464CFB7038B-SegmentedRaftLog:OPENED:c-1,f-1,i0, conf=-1: [omNode2:122.0.0.122:9872, omNode1:0.0.0.0:9872], old=null
2020-04-28 14:37:15,328 [omNode1@group-3464CFB7038B-LeaderElection4] INFO  impl.LeaderElection (LeaderElection.java:askForVotes(206)) - omNode1@group-3464CFB7038B-LeaderElection4: begin an election at term 349 for -1: [omNode2:122.0.0.122:9872, omNode1:0.0.0.0:9872], old=null
2020-04-28 14:37:15,473 [omNode1@group-3464CFB7038B-LeaderElection4] INFO  impl.LeaderElection (LeaderElection.java:logAndReturn(61)) - omNode1@group-3464CFB7038B-LeaderElection4: Election TIMEOUT; received 0 response(s) [] and 0 exception(s); omNode1@group-3464CFB7038B:t349, leader=null, voted=omNode1, raftlog=omNode1@group-3464CFB7038B-SegmentedRaftLog:OPENED:c-1,f-1,i0, conf=-1: [omNode2:122.0.0.122:9872, omNode1:0.0.0.0:9872], old=null
2020-04-28 14:37:15,474 [omNode1@group-3464CFB7038B-LeaderElection4] INFO  impl.LeaderElection (LeaderElection.java:askForVotes(206)) - omNode1@group-3464CFB7038B-LeaderElection4: begin an election at term 350 for -1: [omNode2:122.0.0.122:9872, omNode1:0.0.0.0:9872], old=null
2020-04-28 14:37:15,618 [omNode1@group-3464CFB7038B-LeaderElection4] INFO  impl.LeaderElection (LeaderElection.java:logAndReturn(61)) - omNode1@group-3464CFB7038B-LeaderElection4: Election TIMEOUT; received 0 response(s) [] and 0 exception(s); omNode1@group-3464CFB7038B:t350, leader=null, voted=omNode1, raftlog=omNode1@group-3464CFB7038B-SegmentedRaftLog:OPENED:c-1,f-1,i0, conf=-1: [omNode2:122.0.0.122:9872, omNode1:0.0.0.0:9872], old=null
2020-04-28 14:37:15,619 [omNode1@group-3464CFB7038B-LeaderElection4] INFO  impl.LeaderElection (LeaderElection.java:askForVotes(206)) - omNode1@group-3464CFB7038B-LeaderElection4: begin an election at term 351 for -1: [omNode2:122.0.0.122:9872, omNode1:0.0.0.0:9872], old=null
2020-04-28 14:37:15,621 [omNode1@group-3464CFB7038B-LeaderElection4] INFO  impl.LeaderElection (LeaderElection.java:logAndReturn(61)) - omNode1@group-3464CFB7038B-LeaderElection4: Election TIMEOUT; received 0 response(s) [] and 0 exception(s); omNode1@group-3464CFB7038B:t351, leader=null, voted=omNode1, raftlog=omNode1@group-3464CFB7038B-SegmentedRaftLog:OPENED:c-1,f-1,i0, conf=-1: [omNode2:122.0.0.122:9872, omNode1:0.0.0.0:9872], old=null
2020-04-28 14:37:15,622 [omNode1@group-3464CFB7038B-LeaderElection4] INFO  impl.LeaderElection (LeaderElection.java:askForVotes(206)) - omNode1@group-3464CFB7038B-LeaderElection4: begin an election at term 352 for -1: [omNode2:122.0.0.122:9872, omNode1:0.0.0.0:9872], old=null
2020-04-28 14:37:15,631 [omNode1@group-3464CFB7038B-LeaderElection4] INFO  impl.LeaderElection (LeaderElection.java:logAndReturn(61)) - omNode1@group-3464CFB7038B-LeaderElection4: Election TIMEOUT; received 0 response(s) [] and 0 exception(s); omNode1@group-3464CFB7038B:t352, leader=null, voted=omNode1, raftlog=omNode1@group-3464CFB7038B-SegmentedRaftLog:OPENED:c-1,f-1,i0, conf=-1: [omNode2:122.0.0.122:9872, omNode1:0.0.0.0:9872], old=null
2020-04-28 14:37:15,632 [omNode1@group-3464CFB7038B-LeaderElection4] INFO  impl.LeaderElection (LeaderElection.java:askForVotes(206)) - omNode1@group-3464CFB7038B-LeaderElection4: begin an election at term 353 for -1: [omNode2:122.0.0.122:9872, omNode1:0.0.0.0:9872], old=null
2020-04-28 14:37:15,746 [omNode1@group-3464CFB7038B-LeaderElection4] INFO  impl.LeaderElection (LeaderElection.java:logAndReturn(61)) - omNode1@group-3464CFB7038B-LeaderElection4: Election TIMEOUT; received 0 response(s) [] and 0 exception(s); omNode1@group-3464CFB7038B:t353, leader=null, voted=omNode1, raftlog=omNode1@group-3464CFB7038B-SegmentedRaftLog:OPENED:c-1,f-1,i0, conf=-1: [omNode2:122.0.0.122:9872, omNode1:0.0.0.0:9872], old=null
2020-04-28 14:37:15,748 [omNode1@group-3464CFB7038B-LeaderElection4] INFO  impl.LeaderElection (LeaderElection.java:askForVotes(206)) - omNode1@group-3464CFB7038B-LeaderElection4: begin an election at term 354 for -1: [omNode2:122.0.0.122:9872, omNode1:0.0.0.0:9872], old=null
2020-04-28 14:37:15,765 [main] INFO  ozone.MiniOzoneClusterImpl (MiniOzoneClusterImpl.java:lambda$waitForClusterToBeReady$0(177)) - Nodes are ready. Got 3 of 3 DN Heartbeats.
2020-04-28 14:37:15,765 [main] INFO  ozone.MiniOzoneClusterImpl (MiniOzoneClusterImpl.java:lambda$waitForClusterToBeReady$0(180)) - Waiting for cluster to exit safe mode
2020-04-28 14:37:15,835 [omNode1@group-3464CFB7038B-LeaderElection4] INFO  impl.LeaderElection (LeaderElection.java:logAndReturn(61)) - omNode1@group-3464CFB7038B-LeaderElection4: Election TIMEOUT; received 0 response(s) [] and 0 exception(s); omNode1@group-3464CFB7038B:t354, leader=null, voted=omNode1, raftlog=omNode1@group-3464CFB7038B-SegmentedRaftLog:OPENED:c-1,f-1,i0, conf=-1: [omNode2:122.0.0.122:9872, omNode1:0.0.0.0:9872], old=null
2020-04-28 14:37:15,836 [omNode1@group-3464CFB7038B-LeaderElection4] INFO  impl.LeaderElection (LeaderElection.java:askForVotes(206)) - omNode1@group-3464CFB7038B-LeaderElection4: begin an election at term 355 for -1: [omNode2:122.0.0.122:9872, omNode1:0.0.0.0:9872], old=null
2020-04-28 14:37:15,884 [omNode1@group-3464CFB7038B-LeaderElection4] INFO  impl.LeaderElection (LeaderElection.java:logAndReturn(61)) - omNode1@group-3464CFB7038B-LeaderElection4: Election TIMEOUT; received 0 response(s) [] and 0 exception(s); omNode1@group-3464CFB7038B:t355, leader=null, voted=omNode1, raftlog=omNode1@group-3464CFB7038B-SegmentedRaftLog:OPENED:c-1,f-1,i0, conf=-1: [omNode2:122.0.0.122:9872, omNode1:0.0.0.0:9872], old=null
2020-04-28 14:37:15,885 [omNode1@group-3464CFB7038B-LeaderElection4] INFO  impl.LeaderElection (LeaderElection.java:askForVotes(206)) - omNode1@group-3464CFB7038B-LeaderElection4: begin an election at term 356 for -1: [omNode2:122.0.0.122:9872, omNode1:0.0.0.0:9872], old=null
2020-04-28 14:37:16,064 [omNode1@group-3464CFB7038B-LeaderElection4] INFO  impl.LeaderElection (LeaderElection.java:logAndReturn(61)) - omNode1@group-3464CFB7038B-LeaderElection4: Election TIMEOUT; received 0 response(s) [] and 0 exception(s); omNode1@group-3464CFB7038B:t356, leader=null, voted=omNode1, raftlog=omNode1@group-3464CFB7038B-SegmentedRaftLog:OPENED:c-1,f-1,i0, conf=-1: [omNode2:122.0.0.122:9872, omNode1:0.0.0.0:9872], old=null
2020-04-28 14:37:16,066 [omNode1@group-3464CFB7038B-LeaderElection4] INFO  impl.LeaderElection (LeaderElection.java:askForVotes(206)) - omNode1@group-3464CFB7038B-LeaderElection4: begin an election at term 357 for -1: [omNode2:122.0.0.122:9872, omNode1:0.0.0.0:9872], old=null
2020-04-28 14:37:16,205 [omNode1@group-3464CFB7038B-LeaderElection4] INFO  impl.LeaderElection (LeaderElection.java:logAndReturn(61)) - omNode1@group-3464CFB7038B-LeaderElection4: Election TIMEOUT; received 0 response(s) [] and 0 exception(s); omNode1@group-3464CFB7038B:t357, leader=null, voted=omNode1, raftlog=omNode1@group-3464CFB7038B-SegmentedRaftLog:OPENED:c-1,f-1,i0, conf=-1: [omNode2:122.0.0.122:9872, omNode1:0.0.0.0:9872], old=null
2020-04-28 14:37:16,207 [omNode1@group-3464CFB7038B-LeaderElection4] INFO  impl.LeaderElection (LeaderElection.java:askForVotes(206)) - omNode1@group-3464CFB7038B-LeaderElection4: begin an election at term 358 for -1: [omNode2:122.0.0.122:9872, omNode1:0.0.0.0:9872], old=null
2020-04-28 14:37:16,267 [omNode1@group-3464CFB7038B-LeaderElection4] INFO  impl.LeaderElection (LeaderElection.java:logAndReturn(61)) - omNode1@group-3464CFB7038B-LeaderElection4: Election TIMEOUT; received 0 response(s) [] and 0 exception(s); omNode1@group-3464CFB7038B:t358, leader=null, voted=omNode1, raftlog=omNode1@group-3464CFB7038B-SegmentedRaftLog:OPENED:c-1,f-1,i0, conf=-1: [omNode2:122.0.0.122:9872, omNode1:0.0.0.0:9872], old=null
2020-04-28 14:37:16,268 [omNode1@group-3464CFB7038B-LeaderElection4] INFO  impl.LeaderElection (LeaderElection.java:askForVotes(206)) - omNode1@group-3464CFB7038B-LeaderElection4: begin an election at term 359 for -1: [omNode2:122.0.0.122:9872, omNode1:0.0.0.0:9872], old=null
2020-04-28 14:37:16,425 [omNode1@group-3464CFB7038B-LeaderElection4] INFO  impl.LeaderElection (LeaderElection.java:logAndReturn(61)) - omNode1@group-3464CFB7038B-LeaderElection4: Election TIMEOUT; received 0 response(s) [] and 0 exception(s); omNode1@group-3464CFB7038B:t359, leader=null, voted=omNode1, raftlog=omNode1@group-3464CFB7038B-SegmentedRaftLog:OPENED:c-1,f-1,i0, conf=-1: [omNode2:122.0.0.122:9872, omNode1:0.0.0.0:9872], old=null
2020-04-28 14:37:16,426 [omNode1@group-3464CFB7038B-LeaderElection4] INFO  impl.LeaderElection (LeaderElection.java:askForVotes(206)) - omNode1@group-3464CFB7038B-LeaderElection4: begin an election at term 360 for -1: [omNode2:122.0.0.122:9872, omNode1:0.0.0.0:9872], old=null
2020-04-28 14:37:16,479 [omNode1@group-3464CFB7038B-LeaderElection4] INFO  impl.LeaderElection (LeaderElection.java:logAndReturn(61)) - omNode1@group-3464CFB7038B-LeaderElection4: Election TIMEOUT; received 0 response(s) [] and 0 exception(s); omNode1@group-3464CFB7038B:t360, leader=null, voted=omNode1, raftlog=omNode1@group-3464CFB7038B-SegmentedRaftLog:OPENED:c-1,f-1,i0, conf=-1: [omNode2:122.0.0.122:9872, omNode1:0.0.0.0:9872], old=null
2020-04-28 14:37:16,481 [omNode1@group-3464CFB7038B-LeaderElection4] INFO  impl.LeaderElection (LeaderElection.java:askForVotes(206)) - omNode1@group-3464CFB7038B-LeaderElection4: begin an election at term 361 for -1: [omNode2:122.0.0.122:9872, omNode1:0.0.0.0:9872], old=null
2020-04-28 14:37:16,518 [omNode1@group-3464CFB7038B-LeaderElection4] INFO  impl.LeaderElection (LeaderElection.java:logAndReturn(61)) - omNode1@group-3464CFB7038B-LeaderElection4: Election TIMEOUT; received 0 response(s) [] and 0 exception(s); omNode1@group-3464CFB7038B:t361, leader=null, voted=omNode1, raftlog=omNode1@group-3464CFB7038B-SegmentedRaftLog:OPENED:c-1,f-1,i0, conf=-1: [omNode2:122.0.0.122:9872, omNode1:0.0.0.0:9872], old=null
2020-04-28 14:37:16,519 [omNode1@group-3464CFB7038B-LeaderElection4] INFO  impl.LeaderElection (LeaderElection.java:askForVotes(206)) - omNode1@group-3464CFB7038B-LeaderElection4: begin an election at term 362 for -1: [omNode2:122.0.0.122:9872, omNode1:0.0.0.0:9872], old=null
2020-04-28 14:37:16,568 [omNode1@group-3464CFB7038B-LeaderElection4] INFO  impl.LeaderElection (LeaderElection.java:logAndReturn(61)) - omNode1@group-3464CFB7038B-LeaderElection4: Election TIMEOUT; received 0 response(s) [] and 0 exception(s); omNode1@group-3464CFB7038B:t362, leader=null, voted=omNode1, raftlog=omNode1@group-3464CFB7038B-SegmentedRaftLog:OPENED:c-1,f-1,i0, conf=-1: [omNode2:122.0.0.122:9872, omNode1:0.0.0.0:9872], old=null
2020-04-28 14:37:16,570 [omNode1@group-3464CFB7038B-LeaderElection4] INFO  impl.LeaderElection (LeaderElection.java:askForVotes(206)) - omNode1@group-3464CFB7038B-LeaderElection4: begin an election at term 363 for -1: [omNode2:122.0.0.122:9872, omNode1:0.0.0.0:9872], old=null
2020-04-28 14:37:16,703 [omNode1@group-3464CFB7038B-LeaderElection4] INFO  impl.LeaderElection (LeaderElection.java:logAndReturn(61)) - omNode1@group-3464CFB7038B-LeaderElection4: Election TIMEOUT; received 0 response(s) [] and 0 exception(s); omNode1@group-3464CFB7038B:t363, leader=null, voted=omNode1, raftlog=omNode1@group-3464CFB7038B-SegmentedRaftLog:OPENED:c-1,f-1,i0, conf=-1: [omNode2:122.0.0.122:9872, omNode1:0.0.0.0:9872], old=null
2020-04-28 14:37:16,705 [omNode1@group-3464CFB7038B-LeaderElection4] INFO  impl.LeaderElection (LeaderElection.java:askForVotes(206)) - omNode1@group-3464CFB7038B-LeaderElection4: begin an election at term 364 for -1: [omNode2:122.0.0.122:9872, omNode1:0.0.0.0:9872], old=null
2020-04-28 14:37:16,723 [omNode1@group-3464CFB7038B-LeaderElection4] INFO  impl.LeaderElection (LeaderElection.java:logAndReturn(61)) - omNode1@group-3464CFB7038B-LeaderElection4: Election TIMEOUT; received 0 response(s) [] and 0 exception(s); omNode1@group-3464CFB7038B:t364, leader=null, voted=omNode1, raftlog=omNode1@group-3464CFB7038B-SegmentedRaftLog:OPENED:c-1,f-1,i0, conf=-1: [omNode2:122.0.0.122:9872, omNode1:0.0.0.0:9872], old=null
2020-04-28 14:37:16,724 [omNode1@group-3464CFB7038B-LeaderElection4] INFO  impl.LeaderElection (LeaderElection.java:askForVotes(206)) - omNode1@group-3464CFB7038B-LeaderElection4: begin an election at term 365 for -1: [omNode2:122.0.0.122:9872, omNode1:0.0.0.0:9872], old=null
2020-04-28 14:37:16,766 [main] INFO  ozone.MiniOzoneClusterImpl (MiniOzoneClusterImpl.java:lambda$waitForClusterToBeReady$0(177)) - Nodes are ready. Got 3 of 3 DN Heartbeats.
2020-04-28 14:37:16,766 [main] INFO  ozone.MiniOzoneClusterImpl (MiniOzoneClusterImpl.java:lambda$waitForClusterToBeReady$0(180)) - Waiting for cluster to exit safe mode
2020-04-28 14:37:16,818 [omNode1@group-3464CFB7038B-LeaderElection4] INFO  impl.LeaderElection (LeaderElection.java:logAndReturn(61)) - omNode1@group-3464CFB7038B-LeaderElection4: Election TIMEOUT; received 0 response(s) [] and 0 exception(s); omNode1@group-3464CFB7038B:t365, leader=null, voted=omNode1, raftlog=omNode1@group-3464CFB7038B-SegmentedRaftLog:OPENED:c-1,f-1,i0, conf=-1: [omNode2:122.0.0.122:9872, omNode1:0.0.0.0:9872], old=null
2020-04-28 14:37:16,819 [omNode1@group-3464CFB7038B-LeaderElection4] INFO  impl.LeaderElection (LeaderElection.java:askForVotes(206)) - omNode1@group-3464CFB7038B-LeaderElection4: begin an election at term 366 for -1: [omNode2:122.0.0.122:9872, omNode1:0.0.0.0:9872], old=null
2020-04-28 14:37:16,946 [omNode1@group-3464CFB7038B-LeaderElection4] INFO  impl.LeaderElection (LeaderElection.java:logAndReturn(61)) - omNode1@group-3464CFB7038B-LeaderElection4: Election TIMEOUT; received 0 response(s) [] and 0 exception(s); omNode1@group-3464CFB7038B:t366, leader=null, voted=omNode1, raftlog=omNode1@group-3464CFB7038B-SegmentedRaftLog:OPENED:c-1,f-1,i0, conf=-1: [omNode2:122.0.0.122:9872, omNode1:0.0.0.0:9872], old=null
2020-04-28 14:37:16,947 [omNode1@group-3464CFB7038B-LeaderElection4] INFO  impl.LeaderElection (LeaderElection.java:askForVotes(206)) - omNode1@group-3464CFB7038B-LeaderElection4: begin an election at term 367 for -1: [omNode2:122.0.0.122:9872, omNode1:0.0.0.0:9872], old=null
2020-04-28 14:37:17,110 [omNode1@group-3464CFB7038B-LeaderElection4] INFO  impl.LeaderElection (LeaderElection.java:logAndReturn(61)) - omNode1@group-3464CFB7038B-LeaderElection4: Election TIMEOUT; received 0 response(s) [] and 0 exception(s); omNode1@group-3464CFB7038B:t367, leader=null, voted=omNode1, raftlog=omNode1@group-3464CFB7038B-SegmentedRaftLog:OPENED:c-1,f-1,i0, conf=-1: [omNode2:122.0.0.122:9872, omNode1:0.0.0.0:9872], old=null
2020-04-28 14:37:17,112 [omNode1@group-3464CFB7038B-LeaderElection4] INFO  impl.LeaderElection (LeaderElection.java:askForVotes(206)) - omNode1@group-3464CFB7038B-LeaderElection4: begin an election at term 368 for -1: [omNode2:122.0.0.122:9872, omNode1:0.0.0.0:9872], old=null
2020-04-28 14:37:17,264 [omNode1@group-3464CFB7038B-LeaderElection4] INFO  impl.LeaderElection (LeaderElection.java:logAndReturn(61)) - omNode1@group-3464CFB7038B-LeaderElection4: Election TIMEOUT; received 0 response(s) [] and 0 exception(s); omNode1@group-3464CFB7038B:t368, leader=null, voted=omNode1, raftlog=omNode1@group-3464CFB7038B-SegmentedRaftLog:OPENED:c-1,f-1,i0, conf=-1: [omNode2:122.0.0.122:9872, omNode1:0.0.0.0:9872], old=null
2020-04-28 14:37:17,265 [omNode1@group-3464CFB7038B-LeaderElection4] INFO  impl.LeaderElection (LeaderElection.java:askForVotes(206)) - omNode1@group-3464CFB7038B-LeaderElection4: begin an election at term 369 for -1: [omNode2:122.0.0.122:9872, omNode1:0.0.0.0:9872], old=null
2020-04-28 14:37:17,396 [omNode1@group-3464CFB7038B-LeaderElection4] INFO  impl.LeaderElection (LeaderElection.java:logAndReturn(61)) - omNode1@group-3464CFB7038B-LeaderElection4: Election TIMEOUT; received 0 response(s) [] and 0 exception(s); omNode1@group-3464CFB7038B:t369, leader=null, voted=omNode1, raftlog=omNode1@group-3464CFB7038B-SegmentedRaftLog:OPENED:c-1,f-1,i0, conf=-1: [omNode2:122.0.0.122:9872, omNode1:0.0.0.0:9872], old=null
2020-04-28 14:37:17,397 [omNode1@group-3464CFB7038B-LeaderElection4] INFO  impl.LeaderElection (LeaderElection.java:askForVotes(206)) - omNode1@group-3464CFB7038B-LeaderElection4: begin an election at term 370 for -1: [omNode2:122.0.0.122:9872, omNode1:0.0.0.0:9872], old=null
2020-04-28 14:37:17,508 [omNode1@group-3464CFB7038B-LeaderElection4] INFO  impl.LeaderElection (LeaderElection.java:logAndReturn(61)) - omNode1@group-3464CFB7038B-LeaderElection4: Election TIMEOUT; received 0 response(s) [] and 0 exception(s); omNode1@group-3464CFB7038B:t370, leader=null, voted=omNode1, raftlog=omNode1@group-3464CFB7038B-SegmentedRaftLog:OPENED:c-1,f-1,i0, conf=-1: [omNode2:122.0.0.122:9872, omNode1:0.0.0.0:9872], old=null
2020-04-28 14:37:17,509 [omNode1@group-3464CFB7038B-LeaderElection4] INFO  impl.LeaderElection (LeaderElection.java:askForVotes(206)) - omNode1@group-3464CFB7038B-LeaderElection4: begin an election at term 371 for -1: [omNode2:122.0.0.122:9872, omNode1:0.0.0.0:9872], old=null
2020-04-28 14:37:17,553 [omNode1@group-3464CFB7038B-LeaderElection4] INFO  impl.LeaderElection (LeaderElection.java:logAndReturn(61)) - omNode1@group-3464CFB7038B-LeaderElection4: Election TIMEOUT; received 0 response(s) [] and 0 exception(s); omNode1@group-3464CFB7038B:t371, leader=null, voted=omNode1, raftlog=omNode1@group-3464CFB7038B-SegmentedRaftLog:OPENED:c-1,f-1,i0, conf=-1: [omNode2:122.0.0.122:9872, omNode1:0.0.0.0:9872], old=null
2020-04-28 14:37:17,555 [omNode1@group-3464CFB7038B-LeaderElection4] INFO  impl.LeaderElection (LeaderElection.java:askForVotes(206)) - omNode1@group-3464CFB7038B-LeaderElection4: begin an election at term 372 for -1: [omNode2:122.0.0.122:9872, omNode1:0.0.0.0:9872], old=null
2020-04-28 14:37:17,736 [omNode1@group-3464CFB7038B-LeaderElection4] INFO  impl.LeaderElection (LeaderElection.java:logAndReturn(61)) - omNode1@group-3464CFB7038B-LeaderElection4: Election TIMEOUT; received 0 response(s) [] and 0 exception(s); omNode1@group-3464CFB7038B:t372, leader=null, voted=omNode1, raftlog=omNode1@group-3464CFB7038B-SegmentedRaftLog:OPENED:c-1,f-1,i0, conf=-1: [omNode2:122.0.0.122:9872, omNode1:0.0.0.0:9872], old=null
2020-04-28 14:37:17,738 [omNode1@group-3464CFB7038B-LeaderElection4] INFO  impl.LeaderElection (LeaderElection.java:askForVotes(206)) - omNode1@group-3464CFB7038B-LeaderElection4: begin an election at term 373 for -1: [omNode2:122.0.0.122:9872, omNode1:0.0.0.0:9872], old=null
2020-04-28 14:37:17,766 [main] INFO  ozone.MiniOzoneClusterImpl (MiniOzoneClusterImpl.java:lambda$waitForClusterToBeReady$0(177)) - Nodes are ready. Got 3 of 3 DN Heartbeats.
2020-04-28 14:37:17,766 [main] INFO  ozone.MiniOzoneClusterImpl (MiniOzoneClusterImpl.java:lambda$waitForClusterToBeReady$0(180)) - Waiting for cluster to exit safe mode
2020-04-28 14:37:17,813 [omNode1@group-3464CFB7038B-LeaderElection4] INFO  impl.LeaderElection (LeaderElection.java:logAndReturn(61)) - omNode1@group-3464CFB7038B-LeaderElection4: Election TIMEOUT; received 0 response(s) [] and 0 exception(s); omNode1@group-3464CFB7038B:t373, leader=null, voted=omNode1, raftlog=omNode1@group-3464CFB7038B-SegmentedRaftLog:OPENED:c-1,f-1,i0, conf=-1: [omNode2:122.0.0.122:9872, omNode1:0.0.0.0:9872], old=null
2020-04-28 14:37:17,815 [omNode1@group-3464CFB7038B-LeaderElection4] INFO  impl.LeaderElection (LeaderElection.java:askForVotes(206)) - omNode1@group-3464CFB7038B-LeaderElection4: begin an election at term 374 for -1: [omNode2:122.0.0.122:9872, omNode1:0.0.0.0:9872], old=null
2020-04-28 14:37:17,819 [omNode1@group-3464CFB7038B-LeaderElection4] INFO  impl.LeaderElection (LeaderElection.java:logAndReturn(61)) - omNode1@group-3464CFB7038B-LeaderElection4: Election TIMEOUT; received 0 response(s) [] and 0 exception(s); omNode1@group-3464CFB7038B:t374, leader=null, voted=omNode1, raftlog=omNode1@group-3464CFB7038B-SegmentedRaftLog:OPENED:c-1,f-1,i0, conf=-1: [omNode2:122.0.0.122:9872, omNode1:0.0.0.0:9872], old=null
2020-04-28 14:37:17,820 [omNode1@group-3464CFB7038B-LeaderElection4] INFO  impl.LeaderElection (LeaderElection.java:askForVotes(206)) - omNode1@group-3464CFB7038B-LeaderElection4: begin an election at term 375 for -1: [omNode2:122.0.0.122:9872, omNode1:0.0.0.0:9872], old=null
2020-04-28 14:37:18,016 [omNode1@group-3464CFB7038B-LeaderElection4] INFO  impl.LeaderElection (LeaderElection.java:logAndReturn(61)) - omNode1@group-3464CFB7038B-LeaderElection4: Election TIMEOUT; received 0 response(s) [] and 0 exception(s); omNode1@group-3464CFB7038B:t375, leader=null, voted=omNode1, raftlog=omNode1@group-3464CFB7038B-SegmentedRaftLog:OPENED:c-1,f-1,i0, conf=-1: [omNode2:122.0.0.122:9872, omNode1:0.0.0.0:9872], old=null
2020-04-28 14:37:18,017 [omNode1@group-3464CFB7038B-LeaderElection4] INFO  impl.LeaderElection (LeaderElection.java:askForVotes(206)) - omNode1@group-3464CFB7038B-LeaderElection4: begin an election at term 376 for -1: [omNode2:122.0.0.122:9872, omNode1:0.0.0.0:9872], old=null
2020-04-28 14:37:18,204 [omNode1@group-3464CFB7038B-LeaderElection4] INFO  impl.LeaderElection (LeaderElection.java:logAndReturn(61)) - omNode1@group-3464CFB7038B-LeaderElection4: Election TIMEOUT; received 0 response(s) [] and 0 exception(s); omNode1@group-3464CFB7038B:t376, leader=null, voted=omNode1, raftlog=omNode1@group-3464CFB7038B-SegmentedRaftLog:OPENED:c-1,f-1,i0, conf=-1: [omNode2:122.0.0.122:9872, omNode1:0.0.0.0:9872], old=null
2020-04-28 14:37:18,206 [omNode1@group-3464CFB7038B-LeaderElection4] INFO  impl.LeaderElection (LeaderElection.java:askForVotes(206)) - omNode1@group-3464CFB7038B-LeaderElection4: begin an election at term 377 for -1: [omNode2:122.0.0.122:9872, omNode1:0.0.0.0:9872], old=null
2020-04-28 14:37:18,331 [omNode1@group-3464CFB7038B-LeaderElection4] INFO  impl.LeaderElection (LeaderElection.java:logAndReturn(61)) - omNode1@group-3464CFB7038B-LeaderElection4: Election TIMEOUT; received 0 response(s) [] and 0 exception(s); omNode1@group-3464CFB7038B:t377, leader=null, voted=omNode1, raftlog=omNode1@group-3464CFB7038B-SegmentedRaftLog:OPENED:c-1,f-1,i0, conf=-1: [omNode2:122.0.0.122:9872, omNode1:0.0.0.0:9872], old=null
2020-04-28 14:37:18,332 [omNode1@group-3464CFB7038B-LeaderElection4] INFO  impl.LeaderElection (LeaderElection.java:askForVotes(206)) - omNode1@group-3464CFB7038B-LeaderElection4: begin an election at term 378 for -1: [omNode2:122.0.0.122:9872, omNode1:0.0.0.0:9872], old=null
2020-04-28 14:37:18,485 [omNode1@group-3464CFB7038B-LeaderElection4] INFO  impl.LeaderElection (LeaderElection.java:logAndReturn(61)) - omNode1@group-3464CFB7038B-LeaderElection4: Election TIMEOUT; received 0 response(s) [] and 0 exception(s); omNode1@group-3464CFB7038B:t378, leader=null, voted=omNode1, raftlog=omNode1@group-3464CFB7038B-SegmentedRaftLog:OPENED:c-1,f-1,i0, conf=-1: [omNode2:122.0.0.122:9872, omNode1:0.0.0.0:9872], old=null
2020-04-28 14:37:18,487 [omNode1@group-3464CFB7038B-LeaderElection4] INFO  impl.LeaderElection (LeaderElection.java:askForVotes(206)) - omNode1@group-3464CFB7038B-LeaderElection4: begin an election at term 379 for -1: [omNode2:122.0.0.122:9872, omNode1:0.0.0.0:9872], old=null
2020-04-28 14:37:18,586 [omNode1@group-3464CFB7038B-LeaderElection4] INFO  impl.LeaderElection (LeaderElection.java:logAndReturn(61)) - omNode1@group-3464CFB7038B-LeaderElection4: Election TIMEOUT; received 0 response(s) [] and 0 exception(s); omNode1@group-3464CFB7038B:t379, leader=null, voted=omNode1, raftlog=omNode1@group-3464CFB7038B-SegmentedRaftLog:OPENED:c-1,f-1,i0, conf=-1: [omNode2:122.0.0.122:9872, omNode1:0.0.0.0:9872], old=null
2020-04-28 14:37:18,587 [omNode1@group-3464CFB7038B-LeaderElection4] INFO  impl.LeaderElection (LeaderElection.java:askForVotes(206)) - omNode1@group-3464CFB7038B-LeaderElection4: begin an election at term 380 for -1: [omNode2:122.0.0.122:9872, omNode1:0.0.0.0:9872], old=null
2020-04-28 14:37:18,668 [omNode1@group-3464CFB7038B-LeaderElection4] INFO  impl.LeaderElection (LeaderElection.java:logAndReturn(61)) - omNode1@group-3464CFB7038B-LeaderElection4: Election TIMEOUT; received 0 response(s) [] and 0 exception(s); omNode1@group-3464CFB7038B:t380, leader=null, voted=omNode1, raftlog=omNode1@group-3464CFB7038B-SegmentedRaftLog:OPENED:c-1,f-1,i0, conf=-1: [omNode2:122.0.0.122:9872, omNode1:0.0.0.0:9872], old=null
2020-04-28 14:37:18,670 [omNode1@group-3464CFB7038B-LeaderElection4] INFO  impl.LeaderElection (LeaderElection.java:askForVotes(206)) - omNode1@group-3464CFB7038B-LeaderElection4: begin an election at term 381 for -1: [omNode2:122.0.0.122:9872, omNode1:0.0.0.0:9872], old=null
2020-04-28 14:37:18,767 [main] INFO  ozone.MiniOzoneClusterImpl (MiniOzoneClusterImpl.java:lambda$waitForClusterToBeReady$0(177)) - Nodes are ready. Got 3 of 3 DN Heartbeats.
2020-04-28 14:37:18,767 [main] INFO  ozone.MiniOzoneClusterImpl (MiniOzoneClusterImpl.java:lambda$waitForClusterToBeReady$0(180)) - Waiting for cluster to exit safe mode
2020-04-28 14:37:18,815 [omNode1@group-3464CFB7038B-LeaderElection4] INFO  impl.LeaderElection (LeaderElection.java:logAndReturn(61)) - omNode1@group-3464CFB7038B-LeaderElection4: Election TIMEOUT; received 0 response(s) [] and 0 exception(s); omNode1@group-3464CFB7038B:t381, leader=null, voted=omNode1, raftlog=omNode1@group-3464CFB7038B-SegmentedRaftLog:OPENED:c-1,f-1,i0, conf=-1: [omNode2:122.0.0.122:9872, omNode1:0.0.0.0:9872], old=null
2020-04-28 14:37:18,817 [omNode1@group-3464CFB7038B-LeaderElection4] INFO  impl.LeaderElection (LeaderElection.java:askForVotes(206)) - omNode1@group-3464CFB7038B-LeaderElection4: begin an election at term 382 for -1: [omNode2:122.0.0.122:9872, omNode1:0.0.0.0:9872], old=null
2020-04-28 14:37:18,986 [omNode1@group-3464CFB7038B-LeaderElection4] INFO  impl.LeaderElection (LeaderElection.java:logAndReturn(61)) - omNode1@group-3464CFB7038B-LeaderElection4: Election TIMEOUT; received 0 response(s) [] and 0 exception(s); omNode1@group-3464CFB7038B:t382, leader=null, voted=omNode1, raftlog=omNode1@group-3464CFB7038B-SegmentedRaftLog:OPENED:c-1,f-1,i0, conf=-1: [omNode2:122.0.0.122:9872, omNode1:0.0.0.0:9872], old=null
2020-04-28 14:37:18,988 [omNode1@group-3464CFB7038B-LeaderElection4] INFO  impl.LeaderElection (LeaderElection.java:askForVotes(206)) - omNode1@group-3464CFB7038B-LeaderElection4: begin an election at term 383 for -1: [omNode2:122.0.0.122:9872, omNode1:0.0.0.0:9872], old=null
2020-04-28 14:37:19,189 [omNode1@group-3464CFB7038B-LeaderElection4] INFO  impl.LeaderElection (LeaderElection.java:logAndReturn(61)) - omNode1@group-3464CFB7038B-LeaderElection4: Election TIMEOUT; received 0 response(s) [] and 0 exception(s); omNode1@group-3464CFB7038B:t383, leader=null, voted=omNode1, raftlog=omNode1@group-3464CFB7038B-SegmentedRaftLog:OPENED:c-1,f-1,i0, conf=-1: [omNode2:122.0.0.122:9872, omNode1:0.0.0.0:9872], old=null
2020-04-28 14:37:19,190 [omNode1@group-3464CFB7038B-LeaderElection4] INFO  impl.LeaderElection (LeaderElection.java:askForVotes(206)) - omNode1@group-3464CFB7038B-LeaderElection4: begin an election at term 384 for -1: [omNode2:122.0.0.122:9872, omNode1:0.0.0.0:9872], old=null
2020-04-28 14:37:19,330 [omNode1@group-3464CFB7038B-LeaderElection4] INFO  impl.LeaderElection (LeaderElection.java:logAndReturn(61)) - omNode1@group-3464CFB7038B-LeaderElection4: Election TIMEOUT; received 0 response(s) [] and 0 exception(s); omNode1@group-3464CFB7038B:t384, leader=null, voted=omNode1, raftlog=omNode1@group-3464CFB7038B-SegmentedRaftLog:OPENED:c-1,f-1,i0, conf=-1: [omNode2:122.0.0.122:9872, omNode1:0.0.0.0:9872], old=null
2020-04-28 14:37:19,332 [omNode1@group-3464CFB7038B-LeaderElection4] INFO  impl.LeaderElection (LeaderElection.java:askForVotes(206)) - omNode1@group-3464CFB7038B-LeaderElection4: begin an election at term 385 for -1: [omNode2:122.0.0.122:9872, omNode1:0.0.0.0:9872], old=null
2020-04-28 14:37:19,348 [omNode1@group-3464CFB7038B-LeaderElection4] INFO  impl.LeaderElection (LeaderElection.java:logAndReturn(61)) - omNode1@group-3464CFB7038B-LeaderElection4: Election TIMEOUT; received 0 response(s) [] and 0 exception(s); omNode1@group-3464CFB7038B:t385, leader=null, voted=omNode1, raftlog=omNode1@group-3464CFB7038B-SegmentedRaftLog:OPENED:c-1,f-1,i0, conf=-1: [omNode2:122.0.0.122:9872, omNode1:0.0.0.0:9872], old=null
2020-04-28 14:37:19,349 [omNode1@group-3464CFB7038B-LeaderElection4] INFO  impl.LeaderElection (LeaderElection.java:askForVotes(206)) - omNode1@group-3464CFB7038B-LeaderElection4: begin an election at term 386 for -1: [omNode2:122.0.0.122:9872, omNode1:0.0.0.0:9872], old=null
2020-04-28 14:37:19,410 [omNode1@group-3464CFB7038B-LeaderElection4] INFO  impl.LeaderElection (LeaderElection.java:logAndReturn(61)) - omNode1@group-3464CFB7038B-LeaderElection4: Election TIMEOUT; received 0 response(s) [] and 0 exception(s); omNode1@group-3464CFB7038B:t386, leader=null, voted=omNode1, raftlog=omNode1@group-3464CFB7038B-SegmentedRaftLog:OPENED:c-1,f-1,i0, conf=-1: [omNode2:122.0.0.122:9872, omNode1:0.0.0.0:9872], old=null
2020-04-28 14:37:19,412 [omNode1@group-3464CFB7038B-LeaderElection4] INFO  impl.LeaderElection (LeaderElection.java:askForVotes(206)) - omNode1@group-3464CFB7038B-LeaderElection4: begin an election at term 387 for -1: [omNode2:122.0.0.122:9872, omNode1:0.0.0.0:9872], old=null
2020-04-28 14:37:19,591 [omNode1@group-3464CFB7038B-LeaderElection4] INFO  impl.LeaderElection (LeaderElection.java:logAndReturn(61)) - omNode1@group-3464CFB7038B-LeaderElection4: Election TIMEOUT; received 0 response(s) [] and 0 exception(s); omNode1@group-3464CFB7038B:t387, leader=null, voted=omNode1, raftlog=omNode1@group-3464CFB7038B-SegmentedRaftLog:OPENED:c-1,f-1,i0, conf=-1: [omNode2:122.0.0.122:9872, omNode1:0.0.0.0:9872], old=null
2020-04-28 14:37:19,592 [omNode1@group-3464CFB7038B-LeaderElection4] INFO  impl.LeaderElection (LeaderElection.java:askForVotes(206)) - omNode1@group-3464CFB7038B-LeaderElection4: begin an election at term 388 for -1: [omNode2:122.0.0.122:9872, omNode1:0.0.0.0:9872], old=null
2020-04-28 14:37:19,651 [omNode1@group-3464CFB7038B-LeaderElection4] INFO  impl.LeaderElection (LeaderElection.java:logAndReturn(61)) - omNode1@group-3464CFB7038B-LeaderElection4: Election TIMEOUT; received 0 response(s) [] and 0 exception(s); omNode1@group-3464CFB7038B:t388, leader=null, voted=omNode1, raftlog=omNode1@group-3464CFB7038B-SegmentedRaftLog:OPENED:c-1,f-1,i0, conf=-1: [omNode2:122.0.0.122:9872, omNode1:0.0.0.0:9872], old=null
2020-04-28 14:37:19,652 [omNode1@group-3464CFB7038B-LeaderElection4] INFO  impl.LeaderElection (LeaderElection.java:askForVotes(206)) - omNode1@group-3464CFB7038B-LeaderElection4: begin an election at term 389 for -1: [omNode2:122.0.0.122:9872, omNode1:0.0.0.0:9872], old=null
2020-04-28 14:37:19,767 [main] INFO  ozone.MiniOzoneClusterImpl (MiniOzoneClusterImpl.java:lambda$waitForClusterToBeReady$0(177)) - Nodes are ready. Got 3 of 3 DN Heartbeats.
2020-04-28 14:37:19,767 [main] INFO  ozone.MiniOzoneClusterImpl (MiniOzoneClusterImpl.java:lambda$waitForClusterToBeReady$0(180)) - Waiting for cluster to exit safe mode
2020-04-28 14:37:19,769 [omNode1@group-3464CFB7038B-LeaderElection4] INFO  impl.LeaderElection (LeaderElection.java:logAndReturn(61)) - omNode1@group-3464CFB7038B-LeaderElection4: Election TIMEOUT; received 0 response(s) [] and 0 exception(s); omNode1@group-3464CFB7038B:t389, leader=null, voted=omNode1, raftlog=omNode1@group-3464CFB7038B-SegmentedRaftLog:OPENED:c-1,f-1,i0, conf=-1: [omNode2:122.0.0.122:9872, omNode1:0.0.0.0:9872], old=null
2020-04-28 14:37:19,770 [omNode1@group-3464CFB7038B-LeaderElection4] INFO  impl.LeaderElection (LeaderElection.java:askForVotes(206)) - omNode1@group-3464CFB7038B-LeaderElection4: begin an election at term 390 for -1: [omNode2:122.0.0.122:9872, omNode1:0.0.0.0:9872], old=null
2020-04-28 14:37:19,935 [omNode1@group-3464CFB7038B-LeaderElection4] INFO  impl.LeaderElection (LeaderElection.java:logAndReturn(61)) - omNode1@group-3464CFB7038B-LeaderElection4: Election TIMEOUT; received 0 response(s) [] and 0 exception(s); omNode1@group-3464CFB7038B:t390, leader=null, voted=omNode1, raftlog=omNode1@group-3464CFB7038B-SegmentedRaftLog:OPENED:c-1,f-1,i0, conf=-1: [omNode2:122.0.0.122:9872, omNode1:0.0.0.0:9872], old=null
2020-04-28 14:37:19,937 [omNode1@group-3464CFB7038B-LeaderElection4] INFO  impl.LeaderElection (LeaderElection.java:askForVotes(206)) - omNode1@group-3464CFB7038B-LeaderElection4: begin an election at term 391 for -1: [omNode2:122.0.0.122:9872, omNode1:0.0.0.0:9872], old=null
2020-04-28 14:37:19,985 [omNode1@group-3464CFB7038B-LeaderElection4] INFO  impl.LeaderElection (LeaderElection.java:logAndReturn(61)) - omNode1@group-3464CFB7038B-LeaderElection4: Election TIMEOUT; received 0 response(s) [] and 0 exception(s); omNode1@group-3464CFB7038B:t391, leader=null, voted=omNode1, raftlog=omNode1@group-3464CFB7038B-SegmentedRaftLog:OPENED:c-1,f-1,i0, conf=-1: [omNode2:122.0.0.122:9872, omNode1:0.0.0.0:9872], old=null
2020-04-28 14:37:19,986 [omNode1@group-3464CFB7038B-LeaderElection4] INFO  impl.LeaderElection (LeaderElection.java:askForVotes(206)) - omNode1@group-3464CFB7038B-LeaderElection4: begin an election at term 392 for -1: [omNode2:122.0.0.122:9872, omNode1:0.0.0.0:9872], old=null
2020-04-28 14:37:20,094 [omNode1@group-3464CFB7038B-LeaderElection4] INFO  impl.LeaderElection (LeaderElection.java:logAndReturn(61)) - omNode1@group-3464CFB7038B-LeaderElection4: Election TIMEOUT; received 0 response(s) [] and 0 exception(s); omNode1@group-3464CFB7038B:t392, leader=null, voted=omNode1, raftlog=omNode1@group-3464CFB7038B-SegmentedRaftLog:OPENED:c-1,f-1,i0, conf=-1: [omNode2:122.0.0.122:9872, omNode1:0.0.0.0:9872], old=null
2020-04-28 14:37:20,095 [omNode1@group-3464CFB7038B-LeaderElection4] INFO  impl.LeaderElection (LeaderElection.java:askForVotes(206)) - omNode1@group-3464CFB7038B-LeaderElection4: begin an election at term 393 for -1: [omNode2:122.0.0.122:9872, omNode1:0.0.0.0:9872], old=null
2020-04-28 14:37:20,169 [omNode1@group-3464CFB7038B-LeaderElection4] INFO  impl.LeaderElection (LeaderElection.java:logAndReturn(61)) - omNode1@group-3464CFB7038B-LeaderElection4: Election TIMEOUT; received 0 response(s) [] and 0 exception(s); omNode1@group-3464CFB7038B:t393, leader=null, voted=omNode1, raftlog=omNode1@group-3464CFB7038B-SegmentedRaftLog:OPENED:c-1,f-1,i0, conf=-1: [omNode2:122.0.0.122:9872, omNode1:0.0.0.0:9872], old=null
2020-04-28 14:37:20,171 [omNode1@group-3464CFB7038B-LeaderElection4] INFO  impl.LeaderElection (LeaderElection.java:askForVotes(206)) - omNode1@group-3464CFB7038B-LeaderElection4: begin an election at term 394 for -1: [omNode2:122.0.0.122:9872, omNode1:0.0.0.0:9872], old=null
2020-04-28 14:37:20,317 [omNode1@group-3464CFB7038B-LeaderElection4] INFO  impl.LeaderElection (LeaderElection.java:logAndReturn(61)) - omNode1@group-3464CFB7038B-LeaderElection4: Election TIMEOUT; received 0 response(s) [] and 0 exception(s); omNode1@group-3464CFB7038B:t394, leader=null, voted=omNode1, raftlog=omNode1@group-3464CFB7038B-SegmentedRaftLog:OPENED:c-1,f-1,i0, conf=-1: [omNode2:122.0.0.122:9872, omNode1:0.0.0.0:9872], old=null
2020-04-28 14:37:20,318 [omNode1@group-3464CFB7038B-LeaderElection4] INFO  impl.LeaderElection (LeaderElection.java:askForVotes(206)) - omNode1@group-3464CFB7038B-LeaderElection4: begin an election at term 395 for -1: [omNode2:122.0.0.122:9872, omNode1:0.0.0.0:9872], old=null
2020-04-28 14:37:20,508 [omNode1@group-3464CFB7038B-LeaderElection4] INFO  impl.LeaderElection (LeaderElection.java:logAndReturn(61)) - omNode1@group-3464CFB7038B-LeaderElection4: Election TIMEOUT; received 0 response(s) [] and 0 exception(s); omNode1@group-3464CFB7038B:t395, leader=null, voted=omNode1, raftlog=omNode1@group-3464CFB7038B-SegmentedRaftLog:OPENED:c-1,f-1,i0, conf=-1: [omNode2:122.0.0.122:9872, omNode1:0.0.0.0:9872], old=null
2020-04-28 14:37:20,510 [omNode1@group-3464CFB7038B-LeaderElection4] INFO  impl.LeaderElection (LeaderElection.java:askForVotes(206)) - omNode1@group-3464CFB7038B-LeaderElection4: begin an election at term 396 for -1: [omNode2:122.0.0.122:9872, omNode1:0.0.0.0:9872], old=null
2020-04-28 14:37:20,616 [omNode1@group-3464CFB7038B-LeaderElection4] INFO  impl.LeaderElection (LeaderElection.java:logAndReturn(61)) - omNode1@group-3464CFB7038B-LeaderElection4: Election TIMEOUT; received 0 response(s) [] and 0 exception(s); omNode1@group-3464CFB7038B:t396, leader=null, voted=omNode1, raftlog=omNode1@group-3464CFB7038B-SegmentedRaftLog:OPENED:c-1,f-1,i0, conf=-1: [omNode2:122.0.0.122:9872, omNode1:0.0.0.0:9872], old=null
2020-04-28 14:37:20,618 [omNode1@group-3464CFB7038B-LeaderElection4] INFO  impl.LeaderElection (LeaderElection.java:askForVotes(206)) - omNode1@group-3464CFB7038B-LeaderElection4: begin an election at term 397 for -1: [omNode2:122.0.0.122:9872, omNode1:0.0.0.0:9872], old=null
2020-04-28 14:37:20,665 [omNode1@group-3464CFB7038B-LeaderElection4] INFO  impl.LeaderElection (LeaderElection.java:logAndReturn(61)) - omNode1@group-3464CFB7038B-LeaderElection4: Election TIMEOUT; received 0 response(s) [] and 0 exception(s); omNode1@group-3464CFB7038B:t397, leader=null, voted=omNode1, raftlog=omNode1@group-3464CFB7038B-SegmentedRaftLog:OPENED:c-1,f-1,i0, conf=-1: [omNode2:122.0.0.122:9872, omNode1:0.0.0.0:9872], old=null
2020-04-28 14:37:20,667 [omNode1@group-3464CFB7038B-LeaderElection4] INFO  impl.LeaderElection (LeaderElection.java:askForVotes(206)) - omNode1@group-3464CFB7038B-LeaderElection4: begin an election at term 398 for -1: [omNode2:122.0.0.122:9872, omNode1:0.0.0.0:9872], old=null
2020-04-28 14:37:20,768 [main] INFO  ozone.MiniOzoneClusterImpl (MiniOzoneClusterImpl.java:lambda$waitForClusterToBeReady$0(177)) - Nodes are ready. Got 3 of 3 DN Heartbeats.
2020-04-28 14:37:20,768 [main] INFO  ozone.MiniOzoneClusterImpl (MiniOzoneClusterImpl.java:lambda$waitForClusterToBeReady$0(180)) - Waiting for cluster to exit safe mode
2020-04-28 14:37:20,811 [omNode1@group-3464CFB7038B-LeaderElection4] INFO  impl.LeaderElection (LeaderElection.java:logAndReturn(61)) - omNode1@group-3464CFB7038B-LeaderElection4: Election TIMEOUT; received 0 response(s) [] and 0 exception(s); omNode1@group-3464CFB7038B:t398, leader=null, voted=omNode1, raftlog=omNode1@group-3464CFB7038B-SegmentedRaftLog:OPENED:c-1,f-1,i0, conf=-1: [omNode2:122.0.0.122:9872, omNode1:0.0.0.0:9872], old=null
2020-04-28 14:37:20,813 [omNode1@group-3464CFB7038B-LeaderElection4] INFO  impl.LeaderElection (LeaderElection.java:askForVotes(206)) - omNode1@group-3464CFB7038B-LeaderElection4: begin an election at term 399 for -1: [omNode2:122.0.0.122:9872, omNode1:0.0.0.0:9872], old=null
2020-04-28 14:37:20,874 [omNode1@group-3464CFB7038B-LeaderElection4] INFO  impl.LeaderElection (LeaderElection.java:logAndReturn(61)) - omNode1@group-3464CFB7038B-LeaderElection4: Election TIMEOUT; received 0 response(s) [] and 0 exception(s); omNode1@group-3464CFB7038B:t399, leader=null, voted=omNode1, raftlog=omNode1@group-3464CFB7038B-SegmentedRaftLog:OPENED:c-1,f-1,i0, conf=-1: [omNode2:122.0.0.122:9872, omNode1:0.0.0.0:9872], old=null
2020-04-28 14:37:20,876 [omNode1@group-3464CFB7038B-LeaderElection4] INFO  impl.LeaderElection (LeaderElection.java:askForVotes(206)) - omNode1@group-3464CFB7038B-LeaderElection4: begin an election at term 400 for -1: [omNode2:122.0.0.122:9872, omNode1:0.0.0.0:9872], old=null
2020-04-28 14:37:21,012 [omNode1@group-3464CFB7038B-LeaderElection4] INFO  impl.LeaderElection (LeaderElection.java:logAndReturn(61)) - omNode1@group-3464CFB7038B-LeaderElection4: Election TIMEOUT; received 0 response(s) [] and 0 exception(s); omNode1@group-3464CFB7038B:t400, leader=null, voted=omNode1, raftlog=omNode1@group-3464CFB7038B-SegmentedRaftLog:OPENED:c-1,f-1,i0, conf=-1: [omNode2:122.0.0.122:9872, omNode1:0.0.0.0:9872], old=null
2020-04-28 14:37:21,014 [omNode1@group-3464CFB7038B-LeaderElection4] INFO  impl.LeaderElection (LeaderElection.java:askForVotes(206)) - omNode1@group-3464CFB7038B-LeaderElection4: begin an election at term 401 for -1: [omNode2:122.0.0.122:9872, omNode1:0.0.0.0:9872], old=null
2020-04-28 14:37:21,103 [omNode1@group-3464CFB7038B-LeaderElection4] INFO  impl.LeaderElection (LeaderElection.java:logAndReturn(61)) - omNode1@group-3464CFB7038B-LeaderElection4: Election TIMEOUT; received 0 response(s) [] and 0 exception(s); omNode1@group-3464CFB7038B:t401, leader=null, voted=omNode1, raftlog=omNode1@group-3464CFB7038B-SegmentedRaftLog:OPENED:c-1,f-1,i0, conf=-1: [omNode2:122.0.0.122:9872, omNode1:0.0.0.0:9872], old=null
2020-04-28 14:37:21,104 [omNode1@group-3464CFB7038B-LeaderElection4] INFO  impl.LeaderElection (LeaderElection.java:askForVotes(206)) - omNode1@group-3464CFB7038B-LeaderElection4: begin an election at term 402 for -1: [omNode2:122.0.0.122:9872, omNode1:0.0.0.0:9872], old=null
2020-04-28 14:37:21,134 [omNode1@group-3464CFB7038B-LeaderElection4] INFO  impl.LeaderElection (LeaderElection.java:logAndReturn(61)) - omNode1@group-3464CFB7038B-LeaderElection4: Election TIMEOUT; received 0 response(s) [] and 0 exception(s); omNode1@group-3464CFB7038B:t402, leader=null, voted=omNode1, raftlog=omNode1@group-3464CFB7038B-SegmentedRaftLog:OPENED:c-1,f-1,i0, conf=-1: [omNode2:122.0.0.122:9872, omNode1:0.0.0.0:9872], old=null
2020-04-28 14:37:21,135 [omNode1@group-3464CFB7038B-LeaderElection4] INFO  impl.LeaderElection (LeaderElection.java:askForVotes(206)) - omNode1@group-3464CFB7038B-LeaderElection4: begin an election at term 403 for -1: [omNode2:122.0.0.122:9872, omNode1:0.0.0.0:9872], old=null
2020-04-28 14:37:21,243 [omNode1@group-3464CFB7038B-LeaderElection4] INFO  impl.LeaderElection (LeaderElection.java:logAndReturn(61)) - omNode1@group-3464CFB7038B-LeaderElection4: Election TIMEOUT; received 0 response(s) [] and 0 exception(s); omNode1@group-3464CFB7038B:t403, leader=null, voted=omNode1, raftlog=omNode1@group-3464CFB7038B-SegmentedRaftLog:OPENED:c-1,f-1,i0, conf=-1: [omNode2:122.0.0.122:9872, omNode1:0.0.0.0:9872], old=null
2020-04-28 14:37:21,244 [omNode1@group-3464CFB7038B-LeaderElection4] INFO  impl.LeaderElection (LeaderElection.java:askForVotes(206)) - omNode1@group-3464CFB7038B-LeaderElection4: begin an election at term 404 for -1: [omNode2:122.0.0.122:9872, omNode1:0.0.0.0:9872], old=null
2020-04-28 14:37:21,417 [omNode1@group-3464CFB7038B-LeaderElection4] INFO  impl.LeaderElection (LeaderElection.java:logAndReturn(61)) - omNode1@group-3464CFB7038B-LeaderElection4: Election TIMEOUT; received 0 response(s) [] and 0 exception(s); omNode1@group-3464CFB7038B:t404, leader=null, voted=omNode1, raftlog=omNode1@group-3464CFB7038B-SegmentedRaftLog:OPENED:c-1,f-1,i0, conf=-1: [omNode2:122.0.0.122:9872, omNode1:0.0.0.0:9872], old=null
2020-04-28 14:37:21,419 [omNode1@group-3464CFB7038B-LeaderElection4] INFO  impl.LeaderElection (LeaderElection.java:askForVotes(206)) - omNode1@group-3464CFB7038B-LeaderElection4: begin an election at term 405 for -1: [omNode2:122.0.0.122:9872, omNode1:0.0.0.0:9872], old=null
2020-04-28 14:37:21,533 [omNode1@group-3464CFB7038B-LeaderElection4] INFO  impl.LeaderElection (LeaderElection.java:logAndReturn(61)) - omNode1@group-3464CFB7038B-LeaderElection4: Election TIMEOUT; received 0 response(s) [] and 0 exception(s); omNode1@group-3464CFB7038B:t405, leader=null, voted=omNode1, raftlog=omNode1@group-3464CFB7038B-SegmentedRaftLog:OPENED:c-1,f-1,i0, conf=-1: [omNode2:122.0.0.122:9872, omNode1:0.0.0.0:9872], old=null
2020-04-28 14:37:21,535 [omNode1@group-3464CFB7038B-LeaderElection4] INFO  impl.LeaderElection (LeaderElection.java:askForVotes(206)) - omNode1@group-3464CFB7038B-LeaderElection4: begin an election at term 406 for -1: [omNode2:122.0.0.122:9872, omNode1:0.0.0.0:9872], old=null
2020-04-28 14:37:21,595 [omNode1@group-3464CFB7038B-LeaderElection4] INFO  impl.LeaderElection (LeaderElection.java:logAndReturn(61)) - omNode1@group-3464CFB7038B-LeaderElection4: Election TIMEOUT; received 0 response(s) [] and 0 exception(s); omNode1@group-3464CFB7038B:t406, leader=null, voted=omNode1, raftlog=omNode1@group-3464CFB7038B-SegmentedRaftLog:OPENED:c-1,f-1,i0, conf=-1: [omNode2:122.0.0.122:9872, omNode1:0.0.0.0:9872], old=null
2020-04-28 14:37:21,597 [omNode1@group-3464CFB7038B-LeaderElection4] INFO  impl.LeaderElection (LeaderElection.java:askForVotes(206)) - omNode1@group-3464CFB7038B-LeaderElection4: begin an election at term 407 for -1: [omNode2:122.0.0.122:9872, omNode1:0.0.0.0:9872], old=null
2020-04-28 14:37:21,631 [omNode1@group-3464CFB7038B-LeaderElection4] INFO  impl.LeaderElection (LeaderElection.java:logAndReturn(61)) - omNode1@group-3464CFB7038B-LeaderElection4: Election TIMEOUT; received 0 response(s) [] and 0 exception(s); omNode1@group-3464CFB7038B:t407, leader=null, voted=omNode1, raftlog=omNode1@group-3464CFB7038B-SegmentedRaftLog:OPENED:c-1,f-1,i0, conf=-1: [omNode2:122.0.0.122:9872, omNode1:0.0.0.0:9872], old=null
2020-04-28 14:37:21,633 [omNode1@group-3464CFB7038B-LeaderElection4] INFO  impl.LeaderElection (LeaderElection.java:askForVotes(206)) - omNode1@group-3464CFB7038B-LeaderElection4: begin an election at term 408 for -1: [omNode2:122.0.0.122:9872, omNode1:0.0.0.0:9872], old=null
2020-04-28 14:37:21,644 [omNode1@group-3464CFB7038B-LeaderElection4] INFO  impl.LeaderElection (LeaderElection.java:logAndReturn(61)) - omNode1@group-3464CFB7038B-LeaderElection4: Election TIMEOUT; received 0 response(s) [] and 0 exception(s); omNode1@group-3464CFB7038B:t408, leader=null, voted=omNode1, raftlog=omNode1@group-3464CFB7038B-SegmentedRaftLog:OPENED:c-1,f-1,i0, conf=-1: [omNode2:122.0.0.122:9872, omNode1:0.0.0.0:9872], old=null
2020-04-28 14:37:21,646 [omNode1@group-3464CFB7038B-LeaderElection4] INFO  impl.LeaderElection (LeaderElection.java:askForVotes(206)) - omNode1@group-3464CFB7038B-LeaderElection4: begin an election at term 409 for -1: [omNode2:122.0.0.122:9872, omNode1:0.0.0.0:9872], old=null
2020-04-28 14:37:21,712 [omNode1@group-3464CFB7038B-LeaderElection4] INFO  impl.LeaderElection (LeaderElection.java:logAndReturn(61)) - omNode1@group-3464CFB7038B-LeaderElection4: Election TIMEOUT; received 0 response(s) [] and 0 exception(s); omNode1@group-3464CFB7038B:t409, leader=null, voted=omNode1, raftlog=omNode1@group-3464CFB7038B-SegmentedRaftLog:OPENED:c-1,f-1,i0, conf=-1: [omNode2:122.0.0.122:9872, omNode1:0.0.0.0:9872], old=null
2020-04-28 14:37:21,714 [omNode1@group-3464CFB7038B-LeaderElection4] INFO  impl.LeaderElection (LeaderElection.java:askForVotes(206)) - omNode1@group-3464CFB7038B-LeaderElection4: begin an election at term 410 for -1: [omNode2:122.0.0.122:9872, omNode1:0.0.0.0:9872], old=null
2020-04-28 14:37:21,768 [main] INFO  ozone.MiniOzoneClusterImpl (MiniOzoneClusterImpl.java:lambda$waitForClusterToBeReady$0(177)) - Nodes are ready. Got 3 of 3 DN Heartbeats.
2020-04-28 14:37:21,768 [main] INFO  ozone.MiniOzoneClusterImpl (MiniOzoneClusterImpl.java:lambda$waitForClusterToBeReady$0(180)) - Waiting for cluster to exit safe mode
2020-04-28 14:37:21,886 [omNode1@group-3464CFB7038B-LeaderElection4] INFO  impl.LeaderElection (LeaderElection.java:logAndReturn(61)) - omNode1@group-3464CFB7038B-LeaderElection4: Election TIMEOUT; received 0 response(s) [] and 0 exception(s); omNode1@group-3464CFB7038B:t410, leader=null, voted=omNode1, raftlog=omNode1@group-3464CFB7038B-SegmentedRaftLog:OPENED:c-1,f-1,i0, conf=-1: [omNode2:122.0.0.122:9872, omNode1:0.0.0.0:9872], old=null
2020-04-28 14:37:21,888 [omNode1@group-3464CFB7038B-LeaderElection4] INFO  impl.LeaderElection (LeaderElection.java:askForVotes(206)) - omNode1@group-3464CFB7038B-LeaderElection4: begin an election at term 411 for -1: [omNode2:122.0.0.122:9872, omNode1:0.0.0.0:9872], old=null
2020-04-28 14:37:21,950 [omNode1@group-3464CFB7038B-LeaderElection4] INFO  impl.LeaderElection (LeaderElection.java:logAndReturn(61)) - omNode1@group-3464CFB7038B-LeaderElection4: Election TIMEOUT; received 0 response(s) [] and 0 exception(s); omNode1@group-3464CFB7038B:t411, leader=null, voted=omNode1, raftlog=omNode1@group-3464CFB7038B-SegmentedRaftLog:OPENED:c-1,f-1,i0, conf=-1: [omNode2:122.0.0.122:9872, omNode1:0.0.0.0:9872], old=null
2020-04-28 14:37:21,951 [omNode1@group-3464CFB7038B-LeaderElection4] INFO  impl.LeaderElection (LeaderElection.java:askForVotes(206)) - omNode1@group-3464CFB7038B-LeaderElection4: begin an election at term 412 for -1: [omNode2:122.0.0.122:9872, omNode1:0.0.0.0:9872], old=null
2020-04-28 14:37:21,954 [omNode1@group-3464CFB7038B-LeaderElection4] INFO  impl.LeaderElection (LeaderElection.java:logAndReturn(61)) - omNode1@group-3464CFB7038B-LeaderElection4: Election TIMEOUT; received 0 response(s) [] and 0 exception(s); omNode1@group-3464CFB7038B:t412, leader=null, voted=omNode1, raftlog=omNode1@group-3464CFB7038B-SegmentedRaftLog:OPENED:c-1,f-1,i0, conf=-1: [omNode2:122.0.0.122:9872, omNode1:0.0.0.0:9872], old=null
2020-04-28 14:37:21,955 [omNode1@group-3464CFB7038B-LeaderElection4] INFO  impl.LeaderElection (LeaderElection.java:askForVotes(206)) - omNode1@group-3464CFB7038B-LeaderElection4: begin an election at term 413 for -1: [omNode2:122.0.0.122:9872, omNode1:0.0.0.0:9872], old=null
2020-04-28 14:37:22,031 [omNode1@group-3464CFB7038B-LeaderElection4] INFO  impl.LeaderElection (LeaderElection.java:logAndReturn(61)) - omNode1@group-3464CFB7038B-LeaderElection4: Election TIMEOUT; received 0 response(s) [] and 0 exception(s); omNode1@group-3464CFB7038B:t413, leader=null, voted=omNode1, raftlog=omNode1@group-3464CFB7038B-SegmentedRaftLog:OPENED:c-1,f-1,i0, conf=-1: [omNode2:122.0.0.122:9872, omNode1:0.0.0.0:9872], old=null
2020-04-28 14:37:22,032 [omNode1@group-3464CFB7038B-LeaderElection4] INFO  impl.LeaderElection (LeaderElection.java:askForVotes(206)) - omNode1@group-3464CFB7038B-LeaderElection4: begin an election at term 414 for -1: [omNode2:122.0.0.122:9872, omNode1:0.0.0.0:9872], old=null
2020-04-28 14:37:22,177 [omNode1@group-3464CFB7038B-LeaderElection4] INFO  impl.LeaderElection (LeaderElection.java:logAndReturn(61)) - omNode1@group-3464CFB7038B-LeaderElection4: Election TIMEOUT; received 0 response(s) [] and 0 exception(s); omNode1@group-3464CFB7038B:t414, leader=null, voted=omNode1, raftlog=omNode1@group-3464CFB7038B-SegmentedRaftLog:OPENED:c-1,f-1,i0, conf=-1: [omNode2:122.0.0.122:9872, omNode1:0.0.0.0:9872], old=null
2020-04-28 14:37:22,179 [omNode1@group-3464CFB7038B-LeaderElection4] INFO  impl.LeaderElection (LeaderElection.java:askForVotes(206)) - omNode1@group-3464CFB7038B-LeaderElection4: begin an election at term 415 for -1: [omNode2:122.0.0.122:9872, omNode1:0.0.0.0:9872], old=null
2020-04-28 14:37:22,291 [omNode1@group-3464CFB7038B-LeaderElection4] INFO  impl.LeaderElection (LeaderElection.java:logAndReturn(61)) - omNode1@group-3464CFB7038B-LeaderElection4: Election TIMEOUT; received 0 response(s) [] and 0 exception(s); omNode1@group-3464CFB7038B:t415, leader=null, voted=omNode1, raftlog=omNode1@group-3464CFB7038B-SegmentedRaftLog:OPENED:c-1,f-1,i0, conf=-1: [omNode2:122.0.0.122:9872, omNode1:0.0.0.0:9872], old=null
2020-04-28 14:37:22,293 [omNode1@group-3464CFB7038B-LeaderElection4] INFO  impl.LeaderElection (LeaderElection.java:askForVotes(206)) - omNode1@group-3464CFB7038B-LeaderElection4: begin an election at term 416 for -1: [omNode2:122.0.0.122:9872, omNode1:0.0.0.0:9872], old=null
2020-04-28 14:37:22,339 [omNode1@group-3464CFB7038B-LeaderElection4] INFO  impl.LeaderElection (LeaderElection.java:logAndReturn(61)) - omNode1@group-3464CFB7038B-LeaderElection4: Election TIMEOUT; received 0 response(s) [] and 0 exception(s); omNode1@group-3464CFB7038B:t416, leader=null, voted=omNode1, raftlog=omNode1@group-3464CFB7038B-SegmentedRaftLog:OPENED:c-1,f-1,i0, conf=-1: [omNode2:122.0.0.122:9872, omNode1:0.0.0.0:9872], old=null
2020-04-28 14:37:22,340 [omNode1@group-3464CFB7038B-LeaderElection4] INFO  impl.LeaderElection (LeaderElection.java:askForVotes(206)) - omNode1@group-3464CFB7038B-LeaderElection4: begin an election at term 417 for -1: [omNode2:122.0.0.122:9872, omNode1:0.0.0.0:9872], old=null
2020-04-28 14:37:22,348 [omNode1@group-3464CFB7038B-LeaderElection4] INFO  impl.LeaderElection (LeaderElection.java:logAndReturn(61)) - omNode1@group-3464CFB7038B-LeaderElection4: Election TIMEOUT; received 0 response(s) [] and 0 exception(s); omNode1@group-3464CFB7038B:t417, leader=null, voted=omNode1, raftlog=omNode1@group-3464CFB7038B-SegmentedRaftLog:OPENED:c-1,f-1,i0, conf=-1: [omNode2:122.0.0.122:9872, omNode1:0.0.0.0:9872], old=null
2020-04-28 14:37:22,350 [omNode1@group-3464CFB7038B-LeaderElection4] INFO  impl.LeaderElection (LeaderElection.java:askForVotes(206)) - omNode1@group-3464CFB7038B-LeaderElection4: begin an election at term 418 for -1: [omNode2:122.0.0.122:9872, omNode1:0.0.0.0:9872], old=null
2020-04-28 14:37:22,486 [omNode1@group-3464CFB7038B-LeaderElection4] INFO  impl.LeaderElection (LeaderElection.java:logAndReturn(61)) - omNode1@group-3464CFB7038B-LeaderElection4: Election TIMEOUT; received 0 response(s) [] and 0 exception(s); omNode1@group-3464CFB7038B:t418, leader=null, voted=omNode1, raftlog=omNode1@group-3464CFB7038B-SegmentedRaftLog:OPENED:c-1,f-1,i0, conf=-1: [omNode2:122.0.0.122:9872, omNode1:0.0.0.0:9872], old=null
2020-04-28 14:37:22,487 [omNode1@group-3464CFB7038B-LeaderElection4] INFO  impl.LeaderElection (LeaderElection.java:askForVotes(206)) - omNode1@group-3464CFB7038B-LeaderElection4: begin an election at term 419 for -1: [omNode2:122.0.0.122:9872, omNode1:0.0.0.0:9872], old=null
2020-04-28 14:37:22,503 [omNode1@group-3464CFB7038B-LeaderElection4] INFO  impl.LeaderElection (LeaderElection.java:logAndReturn(61)) - omNode1@group-3464CFB7038B-LeaderElection4: Election TIMEOUT; received 0 response(s) [] and 0 exception(s); omNode1@group-3464CFB7038B:t419, leader=null, voted=omNode1, raftlog=omNode1@group-3464CFB7038B-SegmentedRaftLog:OPENED:c-1,f-1,i0, conf=-1: [omNode2:122.0.0.122:9872, omNode1:0.0.0.0:9872], old=null
2020-04-28 14:37:22,504 [omNode1@group-3464CFB7038B-LeaderElection4] INFO  impl.LeaderElection (LeaderElection.java:askForVotes(206)) - omNode1@group-3464CFB7038B-LeaderElection4: begin an election at term 420 for -1: [omNode2:122.0.0.122:9872, omNode1:0.0.0.0:9872], old=null
2020-04-28 14:37:22,612 [omNode1@group-3464CFB7038B-LeaderElection4] INFO  impl.LeaderElection (LeaderElection.java:logAndReturn(61)) - omNode1@group-3464CFB7038B-LeaderElection4: Election TIMEOUT; received 0 response(s) [] and 0 exception(s); omNode1@group-3464CFB7038B:t420, leader=null, voted=omNode1, raftlog=omNode1@group-3464CFB7038B-SegmentedRaftLog:OPENED:c-1,f-1,i0, conf=-1: [omNode2:122.0.0.122:9872, omNode1:0.0.0.0:9872], old=null
2020-04-28 14:37:22,613 [omNode1@group-3464CFB7038B-LeaderElection4] INFO  impl.LeaderElection (LeaderElection.java:askForVotes(206)) - omNode1@group-3464CFB7038B-LeaderElection4: begin an election at term 421 for -1: [omNode2:122.0.0.122:9872, omNode1:0.0.0.0:9872], old=null
2020-04-28 14:37:22,726 [omNode1@group-3464CFB7038B-LeaderElection4] INFO  impl.LeaderElection (LeaderElection.java:logAndReturn(61)) - omNode1@group-3464CFB7038B-LeaderElection4: Election TIMEOUT; received 0 response(s) [] and 0 exception(s); omNode1@group-3464CFB7038B:t421, leader=null, voted=omNode1, raftlog=omNode1@group-3464CFB7038B-SegmentedRaftLog:OPENED:c-1,f-1,i0, conf=-1: [omNode2:122.0.0.122:9872, omNode1:0.0.0.0:9872], old=null
2020-04-28 14:37:22,728 [omNode1@group-3464CFB7038B-LeaderElection4] INFO  impl.LeaderElection (LeaderElection.java:askForVotes(206)) - omNode1@group-3464CFB7038B-LeaderElection4: begin an election at term 422 for -1: [omNode2:122.0.0.122:9872, omNode1:0.0.0.0:9872], old=null
2020-04-28 14:37:22,752 [omNode1@group-3464CFB7038B-LeaderElection4] INFO  impl.LeaderElection (LeaderElection.java:logAndReturn(61)) - omNode1@group-3464CFB7038B-LeaderElection4: Election TIMEOUT; received 0 response(s) [] and 0 exception(s); omNode1@group-3464CFB7038B:t422, leader=null, voted=omNode1, raftlog=omNode1@group-3464CFB7038B-SegmentedRaftLog:OPENED:c-1,f-1,i0, conf=-1: [omNode2:122.0.0.122:9872, omNode1:0.0.0.0:9872], old=null
2020-04-28 14:37:22,754 [omNode1@group-3464CFB7038B-LeaderElection4] INFO  impl.LeaderElection (LeaderElection.java:askForVotes(206)) - omNode1@group-3464CFB7038B-LeaderElection4: begin an election at term 423 for -1: [omNode2:122.0.0.122:9872, omNode1:0.0.0.0:9872], old=null
2020-04-28 14:37:22,769 [main] INFO  ozone.MiniOzoneClusterImpl (MiniOzoneClusterImpl.java:lambda$waitForClusterToBeReady$0(177)) - Nodes are ready. Got 3 of 3 DN Heartbeats.
2020-04-28 14:37:22,769 [main] INFO  ozone.MiniOzoneClusterImpl (MiniOzoneClusterImpl.java:lambda$waitForClusterToBeReady$0(180)) - Waiting for cluster to exit safe mode
2020-04-28 14:37:22,807 [omNode1@group-3464CFB7038B-LeaderElection4] INFO  impl.LeaderElection (LeaderElection.java:logAndReturn(61)) - omNode1@group-3464CFB7038B-LeaderElection4: Election TIMEOUT; received 0 response(s) [] and 0 exception(s); omNode1@group-3464CFB7038B:t423, leader=null, voted=omNode1, raftlog=omNode1@group-3464CFB7038B-SegmentedRaftLog:OPENED:c-1,f-1,i0, conf=-1: [omNode2:122.0.0.122:9872, omNode1:0.0.0.0:9872], old=null
2020-04-28 14:37:22,808 [omNode1@group-3464CFB7038B-LeaderElection4] INFO  impl.LeaderElection (LeaderElection.java:askForVotes(206)) - omNode1@group-3464CFB7038B-LeaderElection4: begin an election at term 424 for -1: [omNode2:122.0.0.122:9872, omNode1:0.0.0.0:9872], old=null
2020-04-28 14:37:22,976 [omNode1@group-3464CFB7038B-LeaderElection4] INFO  impl.LeaderElection (LeaderElection.java:logAndReturn(61)) - omNode1@group-3464CFB7038B-LeaderElection4: Election TIMEOUT; received 0 response(s) [] and 0 exception(s); omNode1@group-3464CFB7038B:t424, leader=null, voted=omNode1, raftlog=omNode1@group-3464CFB7038B-SegmentedRaftLog:OPENED:c-1,f-1,i0, conf=-1: [omNode2:122.0.0.122:9872, omNode1:0.0.0.0:9872], old=null
2020-04-28 14:37:22,977 [omNode1@group-3464CFB7038B-LeaderElection4] INFO  impl.LeaderElection (LeaderElection.java:askForVotes(206)) - omNode1@group-3464CFB7038B-LeaderElection4: begin an election at term 425 for -1: [omNode2:122.0.0.122:9872, omNode1:0.0.0.0:9872], old=null
2020-04-28 14:37:22,990 [omNode1@group-3464CFB7038B-LeaderElection4] INFO  impl.LeaderElection (LeaderElection.java:logAndReturn(61)) - omNode1@group-3464CFB7038B-LeaderElection4: Election TIMEOUT; received 0 response(s) [] and 0 exception(s); omNode1@group-3464CFB7038B:t425, leader=null, voted=omNode1, raftlog=omNode1@group-3464CFB7038B-SegmentedRaftLog:OPENED:c-1,f-1,i0, conf=-1: [omNode2:122.0.0.122:9872, omNode1:0.0.0.0:9872], old=null
2020-04-28 14:37:22,991 [omNode1@group-3464CFB7038B-LeaderElection4] INFO  impl.LeaderElection (LeaderElection.java:askForVotes(206)) - omNode1@group-3464CFB7038B-LeaderElection4: begin an election at term 426 for -1: [omNode2:122.0.0.122:9872, omNode1:0.0.0.0:9872], old=null
2020-04-28 14:37:23,114 [omNode1@group-3464CFB7038B-LeaderElection4] INFO  impl.LeaderElection (LeaderElection.java:logAndReturn(61)) - omNode1@group-3464CFB7038B-LeaderElection4: Election TIMEOUT; received 0 response(s) [] and 0 exception(s); omNode1@group-3464CFB7038B:t426, leader=null, voted=omNode1, raftlog=omNode1@group-3464CFB7038B-SegmentedRaftLog:OPENED:c-1,f-1,i0, conf=-1: [omNode2:122.0.0.122:9872, omNode1:0.0.0.0:9872], old=null
2020-04-28 14:37:23,115 [omNode1@group-3464CFB7038B-LeaderElection4] INFO  impl.LeaderElection (LeaderElection.java:askForVotes(206)) - omNode1@group-3464CFB7038B-LeaderElection4: begin an election at term 427 for -1: [omNode2:122.0.0.122:9872, omNode1:0.0.0.0:9872], old=null
2020-04-28 14:37:23,146 [omNode1@group-3464CFB7038B-LeaderElection4] INFO  impl.LeaderElection (LeaderElection.java:logAndReturn(61)) - omNode1@group-3464CFB7038B-LeaderElection4: Election TIMEOUT; received 0 response(s) [] and 0 exception(s); omNode1@group-3464CFB7038B:t427, leader=null, voted=omNode1, raftlog=omNode1@group-3464CFB7038B-SegmentedRaftLog:OPENED:c-1,f-1,i0, conf=-1: [omNode2:122.0.0.122:9872, omNode1:0.0.0.0:9872], old=null
2020-04-28 14:37:23,147 [omNode1@group-3464CFB7038B-LeaderElection4] INFO  impl.LeaderElection (LeaderElection.java:askForVotes(206)) - omNode1@group-3464CFB7038B-LeaderElection4: begin an election at term 428 for -1: [omNode2:122.0.0.122:9872, omNode1:0.0.0.0:9872], old=null
2020-04-28 14:37:23,341 [omNode1@group-3464CFB7038B-LeaderElection4] INFO  impl.LeaderElection (LeaderElection.java:logAndReturn(61)) - omNode1@group-3464CFB7038B-LeaderElection4: Election TIMEOUT; received 0 response(s) [] and 0 exception(s); omNode1@group-3464CFB7038B:t428, leader=null, voted=omNode1, raftlog=omNode1@group-3464CFB7038B-SegmentedRaftLog:OPENED:c-1,f-1,i0, conf=-1: [omNode2:122.0.0.122:9872, omNode1:0.0.0.0:9872], old=null
2020-04-28 14:37:23,342 [omNode1@group-3464CFB7038B-LeaderElection4] INFO  impl.LeaderElection (LeaderElection.java:askForVotes(206)) - omNode1@group-3464CFB7038B-LeaderElection4: begin an election at term 429 for -1: [omNode2:122.0.0.122:9872, omNode1:0.0.0.0:9872], old=null
2020-04-28 14:37:23,427 [omNode1@group-3464CFB7038B-LeaderElection4] INFO  impl.LeaderElection (LeaderElection.java:logAndReturn(61)) - omNode1@group-3464CFB7038B-LeaderElection4: Election TIMEOUT; received 0 response(s) [] and 0 exception(s); omNode1@group-3464CFB7038B:t429, leader=null, voted=omNode1, raftlog=omNode1@group-3464CFB7038B-SegmentedRaftLog:OPENED:c-1,f-1,i0, conf=-1: [omNode2:122.0.0.122:9872, omNode1:0.0.0.0:9872], old=null
2020-04-28 14:37:23,428 [omNode1@group-3464CFB7038B-LeaderElection4] INFO  impl.LeaderElection (LeaderElection.java:askForVotes(206)) - omNode1@group-3464CFB7038B-LeaderElection4: begin an election at term 430 for -1: [omNode2:122.0.0.122:9872, omNode1:0.0.0.0:9872], old=null
2020-04-28 14:37:23,471 [omNode1@group-3464CFB7038B-LeaderElection4] INFO  impl.LeaderElection (LeaderElection.java:logAndReturn(61)) - omNode1@group-3464CFB7038B-LeaderElection4: Election TIMEOUT; received 0 response(s) [] and 0 exception(s); omNode1@group-3464CFB7038B:t430, leader=null, voted=omNode1, raftlog=omNode1@group-3464CFB7038B-SegmentedRaftLog:OPENED:c-1,f-1,i0, conf=-1: [omNode2:122.0.0.122:9872, omNode1:0.0.0.0:9872], old=null
2020-04-28 14:37:23,472 [omNode1@group-3464CFB7038B-LeaderElection4] INFO  impl.LeaderElection (LeaderElection.java:askForVotes(206)) - omNode1@group-3464CFB7038B-LeaderElection4: begin an election at term 431 for -1: [omNode2:122.0.0.122:9872, omNode1:0.0.0.0:9872], old=null
2020-04-28 14:37:23,549 [omNode1@group-3464CFB7038B-LeaderElection4] INFO  impl.LeaderElection (LeaderElection.java:logAndReturn(61)) - omNode1@group-3464CFB7038B-LeaderElection4: Election TIMEOUT; received 0 response(s) [] and 0 exception(s); omNode1@group-3464CFB7038B:t431, leader=null, voted=omNode1, raftlog=omNode1@group-3464CFB7038B-SegmentedRaftLog:OPENED:c-1,f-1,i0, conf=-1: [omNode2:122.0.0.122:9872, omNode1:0.0.0.0:9872], old=null
2020-04-28 14:37:23,551 [omNode1@group-3464CFB7038B-LeaderElection4] INFO  impl.LeaderElection (LeaderElection.java:askForVotes(206)) - omNode1@group-3464CFB7038B-LeaderElection4: begin an election at term 432 for -1: [omNode2:122.0.0.122:9872, omNode1:0.0.0.0:9872], old=null
2020-04-28 14:37:23,708 [omNode1@group-3464CFB7038B-LeaderElection4] INFO  impl.LeaderElection (LeaderElection.java:logAndReturn(61)) - omNode1@group-3464CFB7038B-LeaderElection4: Election TIMEOUT; received 0 response(s) [] and 0 exception(s); omNode1@group-3464CFB7038B:t432, leader=null, voted=omNode1, raftlog=omNode1@group-3464CFB7038B-SegmentedRaftLog:OPENED:c-1,f-1,i0, conf=-1: [omNode2:122.0.0.122:9872, omNode1:0.0.0.0:9872], old=null
2020-04-28 14:37:23,710 [omNode1@group-3464CFB7038B-LeaderElection4] INFO  impl.LeaderElection (LeaderElection.java:askForVotes(206)) - omNode1@group-3464CFB7038B-LeaderElection4: begin an election at term 433 for -1: [omNode2:122.0.0.122:9872, omNode1:0.0.0.0:9872], old=null
2020-04-28 14:37:23,769 [main] INFO  ozone.MiniOzoneClusterImpl (MiniOzoneClusterImpl.java:lambda$waitForClusterToBeReady$0(177)) - Nodes are ready. Got 3 of 3 DN Heartbeats.
2020-04-28 14:37:23,769 [main] INFO  ozone.MiniOzoneClusterImpl (MiniOzoneClusterImpl.java:lambda$waitForClusterToBeReady$0(180)) - Waiting for cluster to exit safe mode
2020-04-28 14:37:23,781 [omNode1@group-3464CFB7038B-LeaderElection4] INFO  impl.LeaderElection (LeaderElection.java:logAndReturn(61)) - omNode1@group-3464CFB7038B-LeaderElection4: Election TIMEOUT; received 0 response(s) [] and 0 exception(s); omNode1@group-3464CFB7038B:t433, leader=null, voted=omNode1, raftlog=omNode1@group-3464CFB7038B-SegmentedRaftLog:OPENED:c-1,f-1,i0, conf=-1: [omNode2:122.0.0.122:9872, omNode1:0.0.0.0:9872], old=null
2020-04-28 14:37:23,782 [omNode1@group-3464CFB7038B-LeaderElection4] INFO  impl.LeaderElection (LeaderElection.java:askForVotes(206)) - omNode1@group-3464CFB7038B-LeaderElection4: begin an election at term 434 for -1: [omNode2:122.0.0.122:9872, omNode1:0.0.0.0:9872], old=null
2020-04-28 14:37:23,982 [omNode1@group-3464CFB7038B-LeaderElection4] INFO  impl.LeaderElection (LeaderElection.java:logAndReturn(61)) - omNode1@group-3464CFB7038B-LeaderElection4: Election TIMEOUT; received 0 response(s) [] and 0 exception(s); omNode1@group-3464CFB7038B:t434, leader=null, voted=omNode1, raftlog=omNode1@group-3464CFB7038B-SegmentedRaftLog:OPENED:c-1,f-1,i0, conf=-1: [omNode2:122.0.0.122:9872, omNode1:0.0.0.0:9872], old=null
2020-04-28 14:37:23,984 [omNode1@group-3464CFB7038B-LeaderElection4] INFO  impl.LeaderElection (LeaderElection.java:askForVotes(206)) - omNode1@group-3464CFB7038B-LeaderElection4: begin an election at term 435 for -1: [omNode2:122.0.0.122:9872, omNode1:0.0.0.0:9872], old=null
2020-04-28 14:37:24,100 [omNode1@group-3464CFB7038B-LeaderElection4] INFO  impl.LeaderElection (LeaderElection.java:logAndReturn(61)) - omNode1@group-3464CFB7038B-LeaderElection4: Election TIMEOUT; received 0 response(s) [] and 0 exception(s); omNode1@group-3464CFB7038B:t435, leader=null, voted=omNode1, raftlog=omNode1@group-3464CFB7038B-SegmentedRaftLog:OPENED:c-1,f-1,i0, conf=-1: [omNode2:122.0.0.122:9872, omNode1:0.0.0.0:9872], old=null
2020-04-28 14:37:24,102 [omNode1@group-3464CFB7038B-LeaderElection4] INFO  impl.LeaderElection (LeaderElection.java:askForVotes(206)) - omNode1@group-3464CFB7038B-LeaderElection4: begin an election at term 436 for -1: [omNode2:122.0.0.122:9872, omNode1:0.0.0.0:9872], old=null
2020-04-28 14:37:24,286 [omNode1@group-3464CFB7038B-LeaderElection4] INFO  impl.LeaderElection (LeaderElection.java:logAndReturn(61)) - omNode1@group-3464CFB7038B-LeaderElection4: Election TIMEOUT; received 0 response(s) [] and 0 exception(s); omNode1@group-3464CFB7038B:t436, leader=null, voted=omNode1, raftlog=omNode1@group-3464CFB7038B-SegmentedRaftLog:OPENED:c-1,f-1,i0, conf=-1: [omNode2:122.0.0.122:9872, omNode1:0.0.0.0:9872], old=null
2020-04-28 14:37:24,288 [omNode1@group-3464CFB7038B-LeaderElection4] INFO  impl.LeaderElection (LeaderElection.java:askForVotes(206)) - omNode1@group-3464CFB7038B-LeaderElection4: begin an election at term 437 for -1: [omNode2:122.0.0.122:9872, omNode1:0.0.0.0:9872], old=null
2020-04-28 14:37:24,392 [omNode1@group-3464CFB7038B-LeaderElection4] INFO  impl.LeaderElection (LeaderElection.java:logAndReturn(61)) - omNode1@group-3464CFB7038B-LeaderElection4: Election TIMEOUT; received 0 response(s) [] and 0 exception(s); omNode1@group-3464CFB7038B:t437, leader=null, voted=omNode1, raftlog=omNode1@group-3464CFB7038B-SegmentedRaftLog:OPENED:c-1,f-1,i0, conf=-1: [omNode2:122.0.0.122:9872, omNode1:0.0.0.0:9872], old=null
2020-04-28 14:37:24,394 [omNode1@group-3464CFB7038B-LeaderElection4] INFO  impl.LeaderElection (LeaderElection.java:askForVotes(206)) - omNode1@group-3464CFB7038B-LeaderElection4: begin an election at term 438 for -1: [omNode2:122.0.0.122:9872, omNode1:0.0.0.0:9872], old=null
2020-04-28 14:37:24,559 [omNode1@group-3464CFB7038B-LeaderElection4] INFO  impl.LeaderElection (LeaderElection.java:logAndReturn(61)) - omNode1@group-3464CFB7038B-LeaderElection4: Election TIMEOUT; received 0 response(s) [] and 0 exception(s); omNode1@group-3464CFB7038B:t438, leader=null, voted=omNode1, raftlog=omNode1@group-3464CFB7038B-SegmentedRaftLog:OPENED:c-1,f-1,i0, conf=-1: [omNode2:122.0.0.122:9872, omNode1:0.0.0.0:9872], old=null
2020-04-28 14:37:24,560 [omNode1@group-3464CFB7038B-LeaderElection4] INFO  impl.LeaderElection (LeaderElection.java:askForVotes(206)) - omNode1@group-3464CFB7038B-LeaderElection4: begin an election at term 439 for -1: [omNode2:122.0.0.122:9872, omNode1:0.0.0.0:9872], old=null
2020-04-28 14:37:24,692 [omNode1@group-3464CFB7038B-LeaderElection4] INFO  impl.LeaderElection (LeaderElection.java:logAndReturn(61)) - omNode1@group-3464CFB7038B-LeaderElection4: Election TIMEOUT; received 0 response(s) [] and 0 exception(s); omNode1@group-3464CFB7038B:t439, leader=null, voted=omNode1, raftlog=omNode1@group-3464CFB7038B-SegmentedRaftLog:OPENED:c-1,f-1,i0, conf=-1: [omNode2:122.0.0.122:9872, omNode1:0.0.0.0:9872], old=null
2020-04-28 14:37:24,693 [omNode1@group-3464CFB7038B-LeaderElection4] INFO  impl.LeaderElection (LeaderElection.java:askForVotes(206)) - omNode1@group-3464CFB7038B-LeaderElection4: begin an election at term 440 for -1: [omNode2:122.0.0.122:9872, omNode1:0.0.0.0:9872], old=null
2020-04-28 14:37:24,770 [main] INFO  ozone.MiniOzoneClusterImpl (MiniOzoneClusterImpl.java:lambda$waitForClusterToBeReady$0(177)) - Nodes are ready. Got 3 of 3 DN Heartbeats.
2020-04-28 14:37:24,770 [main] INFO  ozone.MiniOzoneClusterImpl (MiniOzoneClusterImpl.java:lambda$waitForClusterToBeReady$0(180)) - Waiting for cluster to exit safe mode
2020-04-28 14:37:24,879 [omNode1@group-3464CFB7038B-LeaderElection4] INFO  impl.LeaderElection (LeaderElection.java:logAndReturn(61)) - omNode1@group-3464CFB7038B-LeaderElection4: Election TIMEOUT; received 0 response(s) [] and 0 exception(s); omNode1@group-3464CFB7038B:t440, leader=null, voted=omNode1, raftlog=omNode1@group-3464CFB7038B-SegmentedRaftLog:OPENED:c-1,f-1,i0, conf=-1: [omNode2:122.0.0.122:9872, omNode1:0.0.0.0:9872], old=null
2020-04-28 14:37:24,881 [omNode1@group-3464CFB7038B-LeaderElection4] INFO  impl.LeaderElection (LeaderElection.java:askForVotes(206)) - omNode1@group-3464CFB7038B-LeaderElection4: begin an election at term 441 for -1: [omNode2:122.0.0.122:9872, omNode1:0.0.0.0:9872], old=null
2020-04-28 14:37:25,081 [omNode1@group-3464CFB7038B-LeaderElection4] INFO  impl.LeaderElection (LeaderElection.java:logAndReturn(61)) - omNode1@group-3464CFB7038B-LeaderElection4: Election TIMEOUT; received 0 response(s) [] and 0 exception(s); omNode1@group-3464CFB7038B:t441, leader=null, voted=omNode1, raftlog=omNode1@group-3464CFB7038B-SegmentedRaftLog:OPENED:c-1,f-1,i0, conf=-1: [omNode2:122.0.0.122:9872, omNode1:0.0.0.0:9872], old=null
2020-04-28 14:37:25,082 [omNode1@group-3464CFB7038B-LeaderElection4] INFO  impl.LeaderElection (LeaderElection.java:askForVotes(206)) - omNode1@group-3464CFB7038B-LeaderElection4: begin an election at term 442 for -1: [omNode2:122.0.0.122:9872, omNode1:0.0.0.0:9872], old=null
2020-04-28 14:37:25,263 [omNode1@group-3464CFB7038B-LeaderElection4] INFO  impl.LeaderElection (LeaderElection.java:logAndReturn(61)) - omNode1@group-3464CFB7038B-LeaderElection4: Election TIMEOUT; received 0 response(s) [] and 0 exception(s); omNode1@group-3464CFB7038B:t442, leader=null, voted=omNode1, raftlog=omNode1@group-3464CFB7038B-SegmentedRaftLog:OPENED:c-1,f-1,i0, conf=-1: [omNode2:122.0.0.122:9872, omNode1:0.0.0.0:9872], old=null
2020-04-28 14:37:25,264 [omNode1@group-3464CFB7038B-LeaderElection4] INFO  impl.LeaderElection (LeaderElection.java:askForVotes(206)) - omNode1@group-3464CFB7038B-LeaderElection4: begin an election at term 443 for -1: [omNode2:122.0.0.122:9872, omNode1:0.0.0.0:9872], old=null
2020-04-28 14:37:25,464 [omNode1@group-3464CFB7038B-LeaderElection4] INFO  impl.LeaderElection (LeaderElection.java:logAndReturn(61)) - omNode1@group-3464CFB7038B-LeaderElection4: Election TIMEOUT; received 0 response(s) [] and 0 exception(s); omNode1@group-3464CFB7038B:t443, leader=null, voted=omNode1, raftlog=omNode1@group-3464CFB7038B-SegmentedRaftLog:OPENED:c-1,f-1,i0, conf=-1: [omNode2:122.0.0.122:9872, omNode1:0.0.0.0:9872], old=null
2020-04-28 14:37:25,465 [omNode1@group-3464CFB7038B-LeaderElection4] INFO  impl.LeaderElection (LeaderElection.java:askForVotes(206)) - omNode1@group-3464CFB7038B-LeaderElection4: begin an election at term 444 for -1: [omNode2:122.0.0.122:9872, omNode1:0.0.0.0:9872], old=null
2020-04-28 14:37:25,493 [omNode1@group-3464CFB7038B-LeaderElection4] INFO  impl.LeaderElection (LeaderElection.java:logAndReturn(61)) - omNode1@group-3464CFB7038B-LeaderElection4: Election TIMEOUT; received 0 response(s) [] and 0 exception(s); omNode1@group-3464CFB7038B:t444, leader=null, voted=omNode1, raftlog=omNode1@group-3464CFB7038B-SegmentedRaftLog:OPENED:c-1,f-1,i0, conf=-1: [omNode2:122.0.0.122:9872, omNode1:0.0.0.0:9872], old=null
2020-04-28 14:37:25,494 [omNode1@group-3464CFB7038B-LeaderElection4] INFO  impl.LeaderElection (LeaderElection.java:askForVotes(206)) - omNode1@group-3464CFB7038B-LeaderElection4: begin an election at term 445 for -1: [omNode2:122.0.0.122:9872, omNode1:0.0.0.0:9872], old=null
2020-04-28 14:37:25,531 [omNode1@group-3464CFB7038B-LeaderElection4] INFO  impl.LeaderElection (LeaderElection.java:logAndReturn(61)) - omNode1@group-3464CFB7038B-LeaderElection4: Election TIMEOUT; received 0 response(s) [] and 0 exception(s); omNode1@group-3464CFB7038B:t445, leader=null, voted=omNode1, raftlog=omNode1@group-3464CFB7038B-SegmentedRaftLog:OPENED:c-1,f-1,i0, conf=-1: [omNode2:122.0.0.122:9872, omNode1:0.0.0.0:9872], old=null
2020-04-28 14:37:25,532 [omNode1@group-3464CFB7038B-LeaderElection4] INFO  impl.LeaderElection (LeaderElection.java:askForVotes(206)) - omNode1@group-3464CFB7038B-LeaderElection4: begin an election at term 446 for -1: [omNode2:122.0.0.122:9872, omNode1:0.0.0.0:9872], old=null
2020-04-28 14:37:25,552 [omNode1@group-3464CFB7038B-LeaderElection4] INFO  impl.LeaderElection (LeaderElection.java:logAndReturn(61)) - omNode1@group-3464CFB7038B-LeaderElection4: Election TIMEOUT; received 0 response(s) [] and 0 exception(s); omNode1@group-3464CFB7038B:t446, leader=null, voted=omNode1, raftlog=omNode1@group-3464CFB7038B-SegmentedRaftLog:OPENED:c-1,f-1,i0, conf=-1: [omNode2:122.0.0.122:9872, omNode1:0.0.0.0:9872], old=null
2020-04-28 14:37:25,554 [omNode1@group-3464CFB7038B-LeaderElection4] INFO  impl.LeaderElection (LeaderElection.java:askForVotes(206)) - omNode1@group-3464CFB7038B-LeaderElection4: begin an election at term 447 for -1: [omNode2:122.0.0.122:9872, omNode1:0.0.0.0:9872], old=null
2020-04-28 14:37:25,577 [omNode1@group-3464CFB7038B-LeaderElection4] INFO  impl.LeaderElection (LeaderElection.java:logAndReturn(61)) - omNode1@group-3464CFB7038B-LeaderElection4: Election TIMEOUT; received 0 response(s) [] and 0 exception(s); omNode1@group-3464CFB7038B:t447, leader=null, voted=omNode1, raftlog=omNode1@group-3464CFB7038B-SegmentedRaftLog:OPENED:c-1,f-1,i0, conf=-1: [omNode2:122.0.0.122:9872, omNode1:0.0.0.0:9872], old=null
2020-04-28 14:37:25,579 [omNode1@group-3464CFB7038B-LeaderElection4] INFO  impl.LeaderElection (LeaderElection.java:askForVotes(206)) - omNode1@group-3464CFB7038B-LeaderElection4: begin an election at term 448 for -1: [omNode2:122.0.0.122:9872, omNode1:0.0.0.0:9872], old=null
2020-04-28 14:37:25,620 [omNode1@group-3464CFB7038B-LeaderElection4] INFO  impl.LeaderElection (LeaderElection.java:logAndReturn(61)) - omNode1@group-3464CFB7038B-LeaderElection4: Election TIMEOUT; received 0 response(s) [] and 0 exception(s); omNode1@group-3464CFB7038B:t448, leader=null, voted=omNode1, raftlog=omNode1@group-3464CFB7038B-SegmentedRaftLog:OPENED:c-1,f-1,i0, conf=-1: [omNode2:122.0.0.122:9872, omNode1:0.0.0.0:9872], old=null
2020-04-28 14:37:25,621 [omNode1@group-3464CFB7038B-LeaderElection4] INFO  impl.LeaderElection (LeaderElection.java:askForVotes(206)) - omNode1@group-3464CFB7038B-LeaderElection4: begin an election at term 449 for -1: [omNode2:122.0.0.122:9872, omNode1:0.0.0.0:9872], old=null
2020-04-28 14:37:25,770 [main] INFO  ozone.MiniOzoneClusterImpl (MiniOzoneClusterImpl.java:lambda$waitForClusterToBeReady$0(177)) - Nodes are ready. Got 3 of 3 DN Heartbeats.
2020-04-28 14:37:25,770 [main] INFO  ozone.MiniOzoneClusterImpl (MiniOzoneClusterImpl.java:lambda$waitForClusterToBeReady$0(180)) - Waiting for cluster to exit safe mode
2020-04-28 14:37:25,816 [omNode1@group-3464CFB7038B-LeaderElection4] INFO  impl.LeaderElection (LeaderElection.java:logAndReturn(61)) - omNode1@group-3464CFB7038B-LeaderElection4: Election TIMEOUT; received 0 response(s) [] and 0 exception(s); omNode1@group-3464CFB7038B:t449, leader=null, voted=omNode1, raftlog=omNode1@group-3464CFB7038B-SegmentedRaftLog:OPENED:c-1,f-1,i0, conf=-1: [omNode2:122.0.0.122:9872, omNode1:0.0.0.0:9872], old=null
2020-04-28 14:37:25,818 [omNode1@group-3464CFB7038B-LeaderElection4] INFO  impl.LeaderElection (LeaderElection.java:askForVotes(206)) - omNode1@group-3464CFB7038B-LeaderElection4: begin an election at term 450 for -1: [omNode2:122.0.0.122:9872, omNode1:0.0.0.0:9872], old=null
2020-04-28 14:37:25,911 [omNode1@group-3464CFB7038B-LeaderElection4] INFO  impl.LeaderElection (LeaderElection.java:logAndReturn(61)) - omNode1@group-3464CFB7038B-LeaderElection4: Election TIMEOUT; received 0 response(s) [] and 0 exception(s); omNode1@group-3464CFB7038B:t450, leader=null, voted=omNode1, raftlog=omNode1@group-3464CFB7038B-SegmentedRaftLog:OPENED:c-1,f-1,i0, conf=-1: [omNode2:122.0.0.122:9872, omNode1:0.0.0.0:9872], old=null
2020-04-28 14:37:25,913 [omNode1@group-3464CFB7038B-LeaderElection4] INFO  impl.LeaderElection (LeaderElection.java:askForVotes(206)) - omNode1@group-3464CFB7038B-LeaderElection4: begin an election at term 451 for -1: [omNode2:122.0.0.122:9872, omNode1:0.0.0.0:9872], old=null
2020-04-28 14:37:25,914 [omNode1@group-3464CFB7038B-LeaderElection4] INFO  impl.LeaderElection (LeaderElection.java:logAndReturn(61)) - omNode1@group-3464CFB7038B-LeaderElection4: Election TIMEOUT; received 0 response(s) [] and 0 exception(s); omNode1@group-3464CFB7038B:t451, leader=null, voted=omNode1, raftlog=omNode1@group-3464CFB7038B-SegmentedRaftLog:OPENED:c-1,f-1,i0, conf=-1: [omNode2:122.0.0.122:9872, omNode1:0.0.0.0:9872], old=null
2020-04-28 14:37:25,915 [omNode1@group-3464CFB7038B-LeaderElection4] INFO  impl.LeaderElection (LeaderElection.java:askForVotes(206)) - omNode1@group-3464CFB7038B-LeaderElection4: begin an election at term 452 for -1: [omNode2:122.0.0.122:9872, omNode1:0.0.0.0:9872], old=null
2020-04-28 14:37:25,918 [omNode1@group-3464CFB7038B-LeaderElection4] INFO  impl.LeaderElection (LeaderElection.java:logAndReturn(61)) - omNode1@group-3464CFB7038B-LeaderElection4: Election TIMEOUT; received 0 response(s) [] and 0 exception(s); omNode1@group-3464CFB7038B:t452, leader=null, voted=omNode1, raftlog=omNode1@group-3464CFB7038B-SegmentedRaftLog:OPENED:c-1,f-1,i0, conf=-1: [omNode2:122.0.0.122:9872, omNode1:0.0.0.0:9872], old=null
2020-04-28 14:37:25,919 [omNode1@group-3464CFB7038B-LeaderElection4] INFO  impl.LeaderElection (LeaderElection.java:askForVotes(206)) - omNode1@group-3464CFB7038B-LeaderElection4: begin an election at term 453 for -1: [omNode2:122.0.0.122:9872, omNode1:0.0.0.0:9872], old=null
2020-04-28 14:37:25,993 [omNode1@group-3464CFB7038B-LeaderElection4] INFO  impl.LeaderElection (LeaderElection.java:logAndReturn(61)) - omNode1@group-3464CFB7038B-LeaderElection4: Election TIMEOUT; received 0 response(s) [] and 0 exception(s); omNode1@group-3464CFB7038B:t453, leader=null, voted=omNode1, raftlog=omNode1@group-3464CFB7038B-SegmentedRaftLog:OPENED:c-1,f-1,i0, conf=-1: [omNode2:122.0.0.122:9872, omNode1:0.0.0.0:9872], old=null
2020-04-28 14:37:25,995 [omNode1@group-3464CFB7038B-LeaderElection4] INFO  impl.LeaderElection (LeaderElection.java:askForVotes(206)) - omNode1@group-3464CFB7038B-LeaderElection4: begin an election at term 454 for -1: [omNode2:122.0.0.122:9872, omNode1:0.0.0.0:9872], old=null
2020-04-28 14:37:26,010 [omNode1@group-3464CFB7038B-LeaderElection4] INFO  impl.LeaderElection (LeaderElection.java:logAndReturn(61)) - omNode1@group-3464CFB7038B-LeaderElection4: Election TIMEOUT; received 0 response(s) [] and 0 exception(s); omNode1@group-3464CFB7038B:t454, leader=null, voted=omNode1, raftlog=omNode1@group-3464CFB7038B-SegmentedRaftLog:OPENED:c-1,f-1,i0, conf=-1: [omNode2:122.0.0.122:9872, omNode1:0.0.0.0:9872], old=null
2020-04-28 14:37:26,012 [omNode1@group-3464CFB7038B-LeaderElection4] INFO  impl.LeaderElection (LeaderElection.java:askForVotes(206)) - omNode1@group-3464CFB7038B-LeaderElection4: begin an election at term 455 for -1: [omNode2:122.0.0.122:9872, omNode1:0.0.0.0:9872], old=null
2020-04-28 14:37:26,113 [omNode1@group-3464CFB7038B-LeaderElection4] INFO  impl.LeaderElection (LeaderElection.java:logAndReturn(61)) - omNode1@group-3464CFB7038B-LeaderElection4: Election TIMEOUT; received 0 response(s) [] and 0 exception(s); omNode1@group-3464CFB7038B:t455, leader=null, voted=omNode1, raftlog=omNode1@group-3464CFB7038B-SegmentedRaftLog:OPENED:c-1,f-1,i0, conf=-1: [omNode2:122.0.0.122:9872, omNode1:0.0.0.0:9872], old=null
2020-04-28 14:37:26,115 [omNode1@group-3464CFB7038B-LeaderElection4] INFO  impl.LeaderElection (LeaderElection.java:askForVotes(206)) - omNode1@group-3464CFB7038B-LeaderElection4: begin an election at term 456 for -1: [omNode2:122.0.0.122:9872, omNode1:0.0.0.0:9872], old=null
2020-04-28 14:37:26,118 [omNode1@group-3464CFB7038B-LeaderElection4] INFO  impl.LeaderElection (LeaderElection.java:logAndReturn(61)) - omNode1@group-3464CFB7038B-LeaderElection4: Election TIMEOUT; received 0 response(s) [] and 0 exception(s); omNode1@group-3464CFB7038B:t456, leader=null, voted=omNode1, raftlog=omNode1@group-3464CFB7038B-SegmentedRaftLog:OPENED:c-1,f-1,i0, conf=-1: [omNode2:122.0.0.122:9872, omNode1:0.0.0.0:9872], old=null
2020-04-28 14:37:26,119 [omNode1@group-3464CFB7038B-LeaderElection4] INFO  impl.LeaderElection (LeaderElection.java:askForVotes(206)) - omNode1@group-3464CFB7038B-LeaderElection4: begin an election at term 457 for -1: [omNode2:122.0.0.122:9872, omNode1:0.0.0.0:9872], old=null
2020-04-28 14:37:26,216 [omNode1@group-3464CFB7038B-LeaderElection4] INFO  impl.LeaderElection (LeaderElection.java:logAndReturn(61)) - omNode1@group-3464CFB7038B-LeaderElection4: Election TIMEOUT; received 0 response(s) [] and 0 exception(s); omNode1@group-3464CFB7038B:t457, leader=null, voted=omNode1, raftlog=omNode1@group-3464CFB7038B-SegmentedRaftLog:OPENED:c-1,f-1,i0, conf=-1: [omNode2:122.0.0.122:9872, omNode1:0.0.0.0:9872], old=null
2020-04-28 14:37:26,217 [omNode1@group-3464CFB7038B-LeaderElection4] INFO  impl.LeaderElection (LeaderElection.java:askForVotes(206)) - omNode1@group-3464CFB7038B-LeaderElection4: begin an election at term 458 for -1: [omNode2:122.0.0.122:9872, omNode1:0.0.0.0:9872], old=null
2020-04-28 14:37:26,412 [omNode1@group-3464CFB7038B-LeaderElection4] INFO  impl.LeaderElection (LeaderElection.java:logAndReturn(61)) - omNode1@group-3464CFB7038B-LeaderElection4: Election TIMEOUT; received 0 response(s) [] and 0 exception(s); omNode1@group-3464CFB7038B:t458, leader=null, voted=omNode1, raftlog=omNode1@group-3464CFB7038B-SegmentedRaftLog:OPENED:c-1,f-1,i0, conf=-1: [omNode2:122.0.0.122:9872, omNode1:0.0.0.0:9872], old=null
2020-04-28 14:37:26,413 [omNode1@group-3464CFB7038B-LeaderElection4] INFO  impl.LeaderElection (LeaderElection.java:askForVotes(206)) - omNode1@group-3464CFB7038B-LeaderElection4: begin an election at term 459 for -1: [omNode2:122.0.0.122:9872, omNode1:0.0.0.0:9872], old=null
2020-04-28 14:37:26,433 [omNode1@group-3464CFB7038B-LeaderElection4] INFO  impl.LeaderElection (LeaderElection.java:logAndReturn(61)) - omNode1@group-3464CFB7038B-LeaderElection4: Election TIMEOUT; received 0 response(s) [] and 0 exception(s); omNode1@group-3464CFB7038B:t459, leader=null, voted=omNode1, raftlog=omNode1@group-3464CFB7038B-SegmentedRaftLog:OPENED:c-1,f-1,i0, conf=-1: [omNode2:122.0.0.122:9872, omNode1:0.0.0.0:9872], old=null
2020-04-28 14:37:26,434 [omNode1@group-3464CFB7038B-LeaderElection4] INFO  impl.LeaderElection (LeaderElection.java:askForVotes(206)) - omNode1@group-3464CFB7038B-LeaderElection4: begin an election at term 460 for -1: [omNode2:122.0.0.122:9872, omNode1:0.0.0.0:9872], old=null
2020-04-28 14:37:26,554 [omNode1@group-3464CFB7038B-LeaderElection4] INFO  impl.LeaderElection (LeaderElection.java:logAndReturn(61)) - omNode1@group-3464CFB7038B-LeaderElection4: Election TIMEOUT; received 0 response(s) [] and 0 exception(s); omNode1@group-3464CFB7038B:t460, leader=null, voted=omNode1, raftlog=omNode1@group-3464CFB7038B-SegmentedRaftLog:OPENED:c-1,f-1,i0, conf=-1: [omNode2:122.0.0.122:9872, omNode1:0.0.0.0:9872], old=null
2020-04-28 14:37:26,556 [omNode1@group-3464CFB7038B-LeaderElection4] INFO  impl.LeaderElection (LeaderElection.java:askForVotes(206)) - omNode1@group-3464CFB7038B-LeaderElection4: begin an election at term 461 for -1: [omNode2:122.0.0.122:9872, omNode1:0.0.0.0:9872], old=null
2020-04-28 14:37:26,616 [omNode1@group-3464CFB7038B-LeaderElection4] INFO  impl.LeaderElection (LeaderElection.java:logAndReturn(61)) - omNode1@group-3464CFB7038B-LeaderElection4: Election TIMEOUT; received 0 response(s) [] and 0 exception(s); omNode1@group-3464CFB7038B:t461, leader=null, voted=omNode1, raftlog=omNode1@group-3464CFB7038B-SegmentedRaftLog:OPENED:c-1,f-1,i0, conf=-1: [omNode2:122.0.0.122:9872, omNode1:0.0.0.0:9872], old=null
2020-04-28 14:37:26,617 [omNode1@group-3464CFB7038B-LeaderElection4] INFO  impl.LeaderElection (LeaderElection.java:askForVotes(206)) - omNode1@group-3464CFB7038B-LeaderElection4: begin an election at term 462 for -1: [omNode2:122.0.0.122:9872, omNode1:0.0.0.0:9872], old=null
2020-04-28 14:37:26,670 [omNode1@group-3464CFB7038B-LeaderElection4] INFO  impl.LeaderElection (LeaderElection.java:logAndReturn(61)) - omNode1@group-3464CFB7038B-LeaderElection4: Election TIMEOUT; received 0 response(s) [] and 0 exception(s); omNode1@group-3464CFB7038B:t462, leader=null, voted=omNode1, raftlog=omNode1@group-3464CFB7038B-SegmentedRaftLog:OPENED:c-1,f-1,i0, conf=-1: [omNode2:122.0.0.122:9872, omNode1:0.0.0.0:9872], old=null
2020-04-28 14:37:26,672 [omNode1@group-3464CFB7038B-LeaderElection4] INFO  impl.LeaderElection (LeaderElection.java:askForVotes(206)) - omNode1@group-3464CFB7038B-LeaderElection4: begin an election at term 463 for -1: [omNode2:122.0.0.122:9872, omNode1:0.0.0.0:9872], old=null
2020-04-28 14:37:26,766 [omNode1@group-3464CFB7038B-LeaderElection4] INFO  impl.LeaderElection (LeaderElection.java:logAndReturn(61)) - omNode1@group-3464CFB7038B-LeaderElection4: Election TIMEOUT; received 0 response(s) [] and 0 exception(s); omNode1@group-3464CFB7038B:t463, leader=null, voted=omNode1, raftlog=omNode1@group-3464CFB7038B-SegmentedRaftLog:OPENED:c-1,f-1,i0, conf=-1: [omNode2:122.0.0.122:9872, omNode1:0.0.0.0:9872], old=null
2020-04-28 14:37:26,767 [omNode1@group-3464CFB7038B-LeaderElection4] INFO  impl.LeaderElection (LeaderElection.java:askForVotes(206)) - omNode1@group-3464CFB7038B-LeaderElection4: begin an election at term 464 for -1: [omNode2:122.0.0.122:9872, omNode1:0.0.0.0:9872], old=null
2020-04-28 14:37:26,770 [main] INFO  ozone.MiniOzoneClusterImpl (MiniOzoneClusterImpl.java:lambda$waitForClusterToBeReady$0(177)) - Nodes are ready. Got 3 of 3 DN Heartbeats.
2020-04-28 14:37:26,771 [main] INFO  ozone.MiniOzoneClusterImpl (MiniOzoneClusterImpl.java:lambda$waitForClusterToBeReady$0(180)) - Waiting for cluster to exit safe mode
2020-04-28 14:37:26,940 [omNode1@group-3464CFB7038B-LeaderElection4] INFO  impl.LeaderElection (LeaderElection.java:logAndReturn(61)) - omNode1@group-3464CFB7038B-LeaderElection4: Election TIMEOUT; received 0 response(s) [] and 0 exception(s); omNode1@group-3464CFB7038B:t464, leader=null, voted=omNode1, raftlog=omNode1@group-3464CFB7038B-SegmentedRaftLog:OPENED:c-1,f-1,i0, conf=-1: [omNode2:122.0.0.122:9872, omNode1:0.0.0.0:9872], old=null
2020-04-28 14:37:26,942 [omNode1@group-3464CFB7038B-LeaderElection4] INFO  impl.LeaderElection (LeaderElection.java:askForVotes(206)) - omNode1@group-3464CFB7038B-LeaderElection4: begin an election at term 465 for -1: [omNode2:122.0.0.122:9872, omNode1:0.0.0.0:9872], old=null
2020-04-28 14:37:26,958 [omNode1@group-3464CFB7038B-LeaderElection4] INFO  impl.LeaderElection (LeaderElection.java:logAndReturn(61)) - omNode1@group-3464CFB7038B-LeaderElection4: Election TIMEOUT; received 0 response(s) [] and 0 exception(s); omNode1@group-3464CFB7038B:t465, leader=null, voted=omNode1, raftlog=omNode1@group-3464CFB7038B-SegmentedRaftLog:OPENED:c-1,f-1,i0, conf=-1: [omNode2:122.0.0.122:9872, omNode1:0.0.0.0:9872], old=null
2020-04-28 14:37:26,959 [omNode1@group-3464CFB7038B-LeaderElection4] INFO  impl.LeaderElection (LeaderElection.java:askForVotes(206)) - omNode1@group-3464CFB7038B-LeaderElection4: begin an election at term 466 for -1: [omNode2:122.0.0.122:9872, omNode1:0.0.0.0:9872], old=null
2020-04-28 14:37:27,026 [omNode1@group-3464CFB7038B-LeaderElection4] INFO  impl.LeaderElection (LeaderElection.java:logAndReturn(61)) - omNode1@group-3464CFB7038B-LeaderElection4: Election TIMEOUT; received 0 response(s) [] and 0 exception(s); omNode1@group-3464CFB7038B:t466, leader=null, voted=omNode1, raftlog=omNode1@group-3464CFB7038B-SegmentedRaftLog:OPENED:c-1,f-1,i0, conf=-1: [omNode2:122.0.0.122:9872, omNode1:0.0.0.0:9872], old=null
2020-04-28 14:37:27,028 [omNode1@group-3464CFB7038B-LeaderElection4] INFO  impl.LeaderElection (LeaderElection.java:askForVotes(206)) - omNode1@group-3464CFB7038B-LeaderElection4: begin an election at term 467 for -1: [omNode2:122.0.0.122:9872, omNode1:0.0.0.0:9872], old=null
2020-04-28 14:37:27,069 [omNode1@group-3464CFB7038B-LeaderElection4] INFO  impl.LeaderElection (LeaderElection.java:logAndReturn(61)) - omNode1@group-3464CFB7038B-LeaderElection4: Election TIMEOUT; received 0 response(s) [] and 0 exception(s); omNode1@group-3464CFB7038B:t467, leader=null, voted=omNode1, raftlog=omNode1@group-3464CFB7038B-SegmentedRaftLog:OPENED:c-1,f-1,i0, conf=-1: [omNode2:122.0.0.122:9872, omNode1:0.0.0.0:9872], old=null
2020-04-28 14:37:27,070 [omNode1@group-3464CFB7038B-LeaderElection4] INFO  impl.LeaderElection (LeaderElection.java:askForVotes(206)) - omNode1@group-3464CFB7038B-LeaderElection4: begin an election at term 468 for -1: [omNode2:122.0.0.122:9872, omNode1:0.0.0.0:9872], old=null
2020-04-28 14:37:27,216 [omNode1@group-3464CFB7038B-LeaderElection4] INFO  impl.LeaderElection (LeaderElection.java:logAndReturn(61)) - omNode1@group-3464CFB7038B-LeaderElection4: Election TIMEOUT; received 0 response(s) [] and 0 exception(s); omNode1@group-3464CFB7038B:t468, leader=null, voted=omNode1, raftlog=omNode1@group-3464CFB7038B-SegmentedRaftLog:OPENED:c-1,f-1,i0, conf=-1: [omNode2:122.0.0.122:9872, omNode1:0.0.0.0:9872], old=null
2020-04-28 14:37:27,217 [omNode1@group-3464CFB7038B-LeaderElection4] INFO  impl.LeaderElection (LeaderElection.java:askForVotes(206)) - omNode1@group-3464CFB7038B-LeaderElection4: begin an election at term 469 for -1: [omNode2:122.0.0.122:9872, omNode1:0.0.0.0:9872], old=null
2020-04-28 14:37:27,414 [omNode1@group-3464CFB7038B-LeaderElection4] INFO  impl.LeaderElection (LeaderElection.java:logAndReturn(61)) - omNode1@group-3464CFB7038B-LeaderElection4: Election TIMEOUT; received 0 response(s) [] and 0 exception(s); omNode1@group-3464CFB7038B:t469, leader=null, voted=omNode1, raftlog=omNode1@group-3464CFB7038B-SegmentedRaftLog:OPENED:c-1,f-1,i0, conf=-1: [omNode2:122.0.0.122:9872, omNode1:0.0.0.0:9872], old=null
2020-04-28 14:37:27,416 [omNode1@group-3464CFB7038B-LeaderElection4] INFO  impl.LeaderElection (LeaderElection.java:askForVotes(206)) - omNode1@group-3464CFB7038B-LeaderElection4: begin an election at term 470 for -1: [omNode2:122.0.0.122:9872, omNode1:0.0.0.0:9872], old=null
2020-04-28 14:37:27,558 [omNode1@group-3464CFB7038B-LeaderElection4] INFO  impl.LeaderElection (LeaderElection.java:logAndReturn(61)) - omNode1@group-3464CFB7038B-LeaderElection4: Election TIMEOUT; received 0 response(s) [] and 0 exception(s); omNode1@group-3464CFB7038B:t470, leader=null, voted=omNode1, raftlog=omNode1@group-3464CFB7038B-SegmentedRaftLog:OPENED:c-1,f-1,i0, conf=-1: [omNode2:122.0.0.122:9872, omNode1:0.0.0.0:9872], old=null
2020-04-28 14:37:27,560 [omNode1@group-3464CFB7038B-LeaderElection4] INFO  impl.LeaderElection (LeaderElection.java:askForVotes(206)) - omNode1@group-3464CFB7038B-LeaderElection4: begin an election at term 471 for -1: [omNode2:122.0.0.122:9872, omNode1:0.0.0.0:9872], old=null
2020-04-28 14:37:27,646 [omNode1@group-3464CFB7038B-LeaderElection4] INFO  impl.LeaderElection (LeaderElection.java:logAndReturn(61)) - omNode1@group-3464CFB7038B-LeaderElection4: Election TIMEOUT; received 0 response(s) [] and 0 exception(s); omNode1@group-3464CFB7038B:t471, leader=null, voted=omNode1, raftlog=omNode1@group-3464CFB7038B-SegmentedRaftLog:OPENED:c-1,f-1,i0, conf=-1: [omNode2:122.0.0.122:9872, omNode1:0.0.0.0:9872], old=null
2020-04-28 14:37:27,647 [omNode1@group-3464CFB7038B-LeaderElection4] INFO  impl.LeaderElection (LeaderElection.java:askForVotes(206)) - omNode1@group-3464CFB7038B-LeaderElection4: begin an election at term 472 for -1: [omNode2:122.0.0.122:9872, omNode1:0.0.0.0:9872], old=null
2020-04-28 14:37:27,689 [omNode1@group-3464CFB7038B-LeaderElection4] INFO  impl.LeaderElection (LeaderElection.java:logAndReturn(61)) - omNode1@group-3464CFB7038B-LeaderElection4: Election TIMEOUT; received 0 response(s) [] and 0 exception(s); omNode1@group-3464CFB7038B:t472, leader=null, voted=omNode1, raftlog=omNode1@group-3464CFB7038B-SegmentedRaftLog:OPENED:c-1,f-1,i0, conf=-1: [omNode2:122.0.0.122:9872, omNode1:0.0.0.0:9872], old=null
2020-04-28 14:37:27,690 [omNode1@group-3464CFB7038B-LeaderElection4] INFO  impl.LeaderElection (LeaderElection.java:askForVotes(206)) - omNode1@group-3464CFB7038B-LeaderElection4: begin an election at term 473 for -1: [omNode2:122.0.0.122:9872, omNode1:0.0.0.0:9872], old=null
2020-04-28 14:37:27,771 [main] INFO  ozone.MiniOzoneClusterImpl (MiniOzoneClusterImpl.java:lambda$waitForClusterToBeReady$0(177)) - Nodes are ready. Got 3 of 3 DN Heartbeats.
2020-04-28 14:37:27,771 [main] INFO  ozone.MiniOzoneClusterImpl (MiniOzoneClusterImpl.java:lambda$waitForClusterToBeReady$0(180)) - Waiting for cluster to exit safe mode
2020-04-28 14:37:27,810 [omNode1@group-3464CFB7038B-LeaderElection4] INFO  impl.LeaderElection (LeaderElection.java:logAndReturn(61)) - omNode1@group-3464CFB7038B-LeaderElection4: Election TIMEOUT; received 0 response(s) [] and 0 exception(s); omNode1@group-3464CFB7038B:t473, leader=null, voted=omNode1, raftlog=omNode1@group-3464CFB7038B-SegmentedRaftLog:OPENED:c-1,f-1,i0, conf=-1: [omNode2:122.0.0.122:9872, omNode1:0.0.0.0:9872], old=null
2020-04-28 14:37:27,812 [omNode1@group-3464CFB7038B-LeaderElection4] INFO  impl.LeaderElection (LeaderElection.java:askForVotes(206)) - omNode1@group-3464CFB7038B-LeaderElection4: begin an election at term 474 for -1: [omNode2:122.0.0.122:9872, omNode1:0.0.0.0:9872], old=null
2020-04-28 14:37:27,849 [omNode1@group-3464CFB7038B-LeaderElection4] INFO  impl.LeaderElection (LeaderElection.java:logAndReturn(61)) - omNode1@group-3464CFB7038B-LeaderElection4: Election TIMEOUT; received 0 response(s) [] and 0 exception(s); omNode1@group-3464CFB7038B:t474, leader=null, voted=omNode1, raftlog=omNode1@group-3464CFB7038B-SegmentedRaftLog:OPENED:c-1,f-1,i0, conf=-1: [omNode2:122.0.0.122:9872, omNode1:0.0.0.0:9872], old=null
2020-04-28 14:37:27,851 [omNode1@group-3464CFB7038B-LeaderElection4] INFO  impl.LeaderElection (LeaderElection.java:askForVotes(206)) - omNode1@group-3464CFB7038B-LeaderElection4: begin an election at term 475 for -1: [omNode2:122.0.0.122:9872, omNode1:0.0.0.0:9872], old=null
2020-04-28 14:37:27,964 [omNode1@group-3464CFB7038B-LeaderElection4] INFO  impl.LeaderElection (LeaderElection.java:logAndReturn(61)) - omNode1@group-3464CFB7038B-LeaderElection4: Election TIMEOUT; received 0 response(s) [] and 0 exception(s); omNode1@group-3464CFB7038B:t475, leader=null, voted=omNode1, raftlog=omNode1@group-3464CFB7038B-SegmentedRaftLog:OPENED:c-1,f-1,i0, conf=-1: [omNode2:122.0.0.122:9872, omNode1:0.0.0.0:9872], old=null
2020-04-28 14:37:27,965 [omNode1@group-3464CFB7038B-LeaderElection4] INFO  impl.LeaderElection (LeaderElection.java:askForVotes(206)) - omNode1@group-3464CFB7038B-LeaderElection4: begin an election at term 476 for -1: [omNode2:122.0.0.122:9872, omNode1:0.0.0.0:9872], old=null
2020-04-28 14:37:28,027 [omNode1@group-3464CFB7038B-LeaderElection4] INFO  impl.LeaderElection (LeaderElection.java:logAndReturn(61)) - omNode1@group-3464CFB7038B-LeaderElection4: Election TIMEOUT; received 0 response(s) [] and 0 exception(s); omNode1@group-3464CFB7038B:t476, leader=null, voted=omNode1, raftlog=omNode1@group-3464CFB7038B-SegmentedRaftLog:OPENED:c-1,f-1,i0, conf=-1: [omNode2:122.0.0.122:9872, omNode1:0.0.0.0:9872], old=null
2020-04-28 14:37:28,028 [omNode1@group-3464CFB7038B-LeaderElection4] INFO  impl.LeaderElection (LeaderElection.java:askForVotes(206)) - omNode1@group-3464CFB7038B-LeaderElection4: begin an election at term 477 for -1: [omNode2:122.0.0.122:9872, omNode1:0.0.0.0:9872], old=null
2020-04-28 14:37:28,225 [omNode1@group-3464CFB7038B-LeaderElection4] INFO  impl.LeaderElection (LeaderElection.java:logAndReturn(61)) - omNode1@group-3464CFB7038B-LeaderElection4: Election TIMEOUT; received 0 response(s) [] and 0 exception(s); omNode1@group-3464CFB7038B:t477, leader=null, voted=omNode1, raftlog=omNode1@group-3464CFB7038B-SegmentedRaftLog:OPENED:c-1,f-1,i0, conf=-1: [omNode2:122.0.0.122:9872, omNode1:0.0.0.0:9872], old=null
2020-04-28 14:37:28,227 [omNode1@group-3464CFB7038B-LeaderElection4] INFO  impl.LeaderElection (LeaderElection.java:askForVotes(206)) - omNode1@group-3464CFB7038B-LeaderElection4: begin an election at term 478 for -1: [omNode2:122.0.0.122:9872, omNode1:0.0.0.0:9872], old=null
2020-04-28 14:37:28,249 [omNode1@group-3464CFB7038B-LeaderElection4] INFO  impl.LeaderElection (LeaderElection.java:logAndReturn(61)) - omNode1@group-3464CFB7038B-LeaderElection4: Election TIMEOUT; received 0 response(s) [] and 0 exception(s); omNode1@group-3464CFB7038B:t478, leader=null, voted=omNode1, raftlog=omNode1@group-3464CFB7038B-SegmentedRaftLog:OPENED:c-1,f-1,i0, conf=-1: [omNode2:122.0.0.122:9872, omNode1:0.0.0.0:9872], old=null
2020-04-28 14:37:28,251 [omNode1@group-3464CFB7038B-LeaderElection4] INFO  impl.LeaderElection (LeaderElection.java:askForVotes(206)) - omNode1@group-3464CFB7038B-LeaderElection4: begin an election at term 479 for -1: [omNode2:122.0.0.122:9872, omNode1:0.0.0.0:9872], old=null
2020-04-28 14:37:28,433 [omNode1@group-3464CFB7038B-LeaderElection4] INFO  impl.LeaderElection (LeaderElection.java:logAndReturn(61)) - omNode1@group-3464CFB7038B-LeaderElection4: Election TIMEOUT; received 0 response(s) [] and 0 exception(s); omNode1@group-3464CFB7038B:t479, leader=null, voted=omNode1, raftlog=omNode1@group-3464CFB7038B-SegmentedRaftLog:OPENED:c-1,f-1,i0, conf=-1: [omNode2:122.0.0.122:9872, omNode1:0.0.0.0:9872], old=null
2020-04-28 14:37:28,435 [omNode1@group-3464CFB7038B-LeaderElection4] INFO  impl.LeaderElection (LeaderElection.java:askForVotes(206)) - omNode1@group-3464CFB7038B-LeaderElection4: begin an election at term 480 for -1: [omNode2:122.0.0.122:9872, omNode1:0.0.0.0:9872], old=null
2020-04-28 14:37:28,541 [omNode1@group-3464CFB7038B-LeaderElection4] INFO  impl.LeaderElection (LeaderElection.java:logAndReturn(61)) - omNode1@group-3464CFB7038B-LeaderElection4: Election TIMEOUT; received 0 response(s) [] and 0 exception(s); omNode1@group-3464CFB7038B:t480, leader=null, voted=omNode1, raftlog=omNode1@group-3464CFB7038B-SegmentedRaftLog:OPENED:c-1,f-1,i0, conf=-1: [omNode2:122.0.0.122:9872, omNode1:0.0.0.0:9872], old=null
2020-04-28 14:37:28,543 [omNode1@group-3464CFB7038B-LeaderElection4] INFO  impl.LeaderElection (LeaderElection.java:askForVotes(206)) - omNode1@group-3464CFB7038B-LeaderElection4: begin an election at term 481 for -1: [omNode2:122.0.0.122:9872, omNode1:0.0.0.0:9872], old=null
2020-04-28 14:37:28,600 [omNode1@group-3464CFB7038B-LeaderElection4] INFO  impl.LeaderElection (LeaderElection.java:logAndReturn(61)) - omNode1@group-3464CFB7038B-LeaderElection4: Election TIMEOUT; received 0 response(s) [] and 0 exception(s); omNode1@group-3464CFB7038B:t481, leader=null, voted=omNode1, raftlog=omNode1@group-3464CFB7038B-SegmentedRaftLog:OPENED:c-1,f-1,i0, conf=-1: [omNode2:122.0.0.122:9872, omNode1:0.0.0.0:9872], old=null
2020-04-28 14:37:28,601 [omNode1@group-3464CFB7038B-LeaderElection4] INFO  impl.LeaderElection (LeaderElection.java:askForVotes(206)) - omNode1@group-3464CFB7038B-LeaderElection4: begin an election at term 482 for -1: [omNode2:122.0.0.122:9872, omNode1:0.0.0.0:9872], old=null
2020-04-28 14:37:28,772 [main] INFO  ozone.MiniOzoneClusterImpl (MiniOzoneClusterImpl.java:lambda$waitForClusterToBeReady$0(177)) - Nodes are ready. Got 3 of 3 DN Heartbeats.
2020-04-28 14:37:28,772 [main] INFO  ozone.MiniOzoneClusterImpl (MiniOzoneClusterImpl.java:lambda$waitForClusterToBeReady$0(180)) - Waiting for cluster to exit safe mode
2020-04-28 14:37:28,776 [omNode1@group-3464CFB7038B-LeaderElection4] INFO  impl.LeaderElection (LeaderElection.java:logAndReturn(61)) - omNode1@group-3464CFB7038B-LeaderElection4: Election TIMEOUT; received 0 response(s) [] and 0 exception(s); omNode1@group-3464CFB7038B:t482, leader=null, voted=omNode1, raftlog=omNode1@group-3464CFB7038B-SegmentedRaftLog:OPENED:c-1,f-1,i0, conf=-1: [omNode2:122.0.0.122:9872, omNode1:0.0.0.0:9872], old=null
2020-04-28 14:37:28,777 [omNode1@group-3464CFB7038B-LeaderElection4] INFO  impl.LeaderElection (LeaderElection.java:askForVotes(206)) - omNode1@group-3464CFB7038B-LeaderElection4: begin an election at term 483 for -1: [omNode2:122.0.0.122:9872, omNode1:0.0.0.0:9872], old=null
2020-04-28 14:37:28,802 [omNode1@group-3464CFB7038B-LeaderElection4] INFO  impl.LeaderElection (LeaderElection.java:logAndReturn(61)) - omNode1@group-3464CFB7038B-LeaderElection4: Election TIMEOUT; received 0 response(s) [] and 0 exception(s); omNode1@group-3464CFB7038B:t483, leader=null, voted=omNode1, raftlog=omNode1@group-3464CFB7038B-SegmentedRaftLog:OPENED:c-1,f-1,i0, conf=-1: [omNode2:122.0.0.122:9872, omNode1:0.0.0.0:9872], old=null
2020-04-28 14:37:28,803 [omNode1@group-3464CFB7038B-LeaderElection4] INFO  impl.LeaderElection (LeaderElection.java:askForVotes(206)) - omNode1@group-3464CFB7038B-LeaderElection4: begin an election at term 484 for -1: [omNode2:122.0.0.122:9872, omNode1:0.0.0.0:9872], old=null
2020-04-28 14:37:28,995 [omNode1@group-3464CFB7038B-LeaderElection4] INFO  impl.LeaderElection (LeaderElection.java:logAndReturn(61)) - omNode1@group-3464CFB7038B-LeaderElection4: Election TIMEOUT; received 0 response(s) [] and 0 exception(s); omNode1@group-3464CFB7038B:t484, leader=null, voted=omNode1, raftlog=omNode1@group-3464CFB7038B-SegmentedRaftLog:OPENED:c-1,f-1,i0, conf=-1: [omNode2:122.0.0.122:9872, omNode1:0.0.0.0:9872], old=null
2020-04-28 14:37:28,996 [omNode1@group-3464CFB7038B-LeaderElection4] INFO  impl.LeaderElection (LeaderElection.java:askForVotes(206)) - omNode1@group-3464CFB7038B-LeaderElection4: begin an election at term 485 for -1: [omNode2:122.0.0.122:9872, omNode1:0.0.0.0:9872], old=null
2020-04-28 14:37:29,191 [omNode1@group-3464CFB7038B-LeaderElection4] INFO  impl.LeaderElection (LeaderElection.java:logAndReturn(61)) - omNode1@group-3464CFB7038B-LeaderElection4: Election TIMEOUT; received 0 response(s) [] and 0 exception(s); omNode1@group-3464CFB7038B:t485, leader=null, voted=omNode1, raftlog=omNode1@group-3464CFB7038B-SegmentedRaftLog:OPENED:c-1,f-1,i0, conf=-1: [omNode2:122.0.0.122:9872, omNode1:0.0.0.0:9872], old=null
2020-04-28 14:37:29,192 [omNode1@group-3464CFB7038B-LeaderElection4] INFO  impl.LeaderElection (LeaderElection.java:askForVotes(206)) - omNode1@group-3464CFB7038B-LeaderElection4: begin an election at term 486 for -1: [omNode2:122.0.0.122:9872, omNode1:0.0.0.0:9872], old=null
2020-04-28 14:37:29,327 [omNode1@group-3464CFB7038B-LeaderElection4] INFO  impl.LeaderElection (LeaderElection.java:logAndReturn(61)) - omNode1@group-3464CFB7038B-LeaderElection4: Election TIMEOUT; received 0 response(s) [] and 0 exception(s); omNode1@group-3464CFB7038B:t486, leader=null, voted=omNode1, raftlog=omNode1@group-3464CFB7038B-SegmentedRaftLog:OPENED:c-1,f-1,i0, conf=-1: [omNode2:122.0.0.122:9872, omNode1:0.0.0.0:9872], old=null
2020-04-28 14:37:29,328 [omNode1@group-3464CFB7038B-LeaderElection4] INFO  impl.LeaderElection (LeaderElection.java:askForVotes(206)) - omNode1@group-3464CFB7038B-LeaderElection4: begin an election at term 487 for -1: [omNode2:122.0.0.122:9872, omNode1:0.0.0.0:9872], old=null
2020-04-28 14:37:29,386 [omNode1@group-3464CFB7038B-LeaderElection4] INFO  impl.LeaderElection (LeaderElection.java:logAndReturn(61)) - omNode1@group-3464CFB7038B-LeaderElection4: Election TIMEOUT; received 0 response(s) [] and 0 exception(s); omNode1@group-3464CFB7038B:t487, leader=null, voted=omNode1, raftlog=omNode1@group-3464CFB7038B-SegmentedRaftLog:OPENED:c-1,f-1,i0, conf=-1: [omNode2:122.0.0.122:9872, omNode1:0.0.0.0:9872], old=null
2020-04-28 14:37:29,387 [omNode1@group-3464CFB7038B-LeaderElection4] INFO  impl.LeaderElection (LeaderElection.java:askForVotes(206)) - omNode1@group-3464CFB7038B-LeaderElection4: begin an election at term 488 for -1: [omNode2:122.0.0.122:9872, omNode1:0.0.0.0:9872], old=null
2020-04-28 14:37:29,512 [omNode1@group-3464CFB7038B-LeaderElection4] INFO  impl.LeaderElection (LeaderElection.java:logAndReturn(61)) - omNode1@group-3464CFB7038B-LeaderElection4: Election TIMEOUT; received 0 response(s) [] and 0 exception(s); omNode1@group-3464CFB7038B:t488, leader=null, voted=omNode1, raftlog=omNode1@group-3464CFB7038B-SegmentedRaftLog:OPENED:c-1,f-1,i0, conf=-1: [omNode2:122.0.0.122:9872, omNode1:0.0.0.0:9872], old=null
2020-04-28 14:37:29,513 [omNode1@group-3464CFB7038B-LeaderElection4] INFO  impl.LeaderElection (LeaderElection.java:askForVotes(206)) - omNode1@group-3464CFB7038B-LeaderElection4: begin an election at term 489 for -1: [omNode2:122.0.0.122:9872, omNode1:0.0.0.0:9872], old=null
2020-04-28 14:37:29,603 [omNode1@group-3464CFB7038B-LeaderElection4] INFO  impl.LeaderElection (LeaderElection.java:logAndReturn(61)) - omNode1@group-3464CFB7038B-LeaderElection4: Election TIMEOUT; received 0 response(s) [] and 0 exception(s); omNode1@group-3464CFB7038B:t489, leader=null, voted=omNode1, raftlog=omNode1@group-3464CFB7038B-SegmentedRaftLog:OPENED:c-1,f-1,i0, conf=-1: [omNode2:122.0.0.122:9872, omNode1:0.0.0.0:9872], old=null
2020-04-28 14:37:29,604 [omNode1@group-3464CFB7038B-LeaderElection4] INFO  impl.LeaderElection (LeaderElection.java:askForVotes(206)) - omNode1@group-3464CFB7038B-LeaderElection4: begin an election at term 490 for -1: [omNode2:122.0.0.122:9872, omNode1:0.0.0.0:9872], old=null
2020-04-28 14:37:29,688 [omNode1@group-3464CFB7038B-LeaderElection4] INFO  impl.LeaderElection (LeaderElection.java:logAndReturn(61)) - omNode1@group-3464CFB7038B-LeaderElection4: Election TIMEOUT; received 0 response(s) [] and 0 exception(s); omNode1@group-3464CFB7038B:t490, leader=null, voted=omNode1, raftlog=omNode1@group-3464CFB7038B-SegmentedRaftLog:OPENED:c-1,f-1,i0, conf=-1: [omNode2:122.0.0.122:9872, omNode1:0.0.0.0:9872], old=null
2020-04-28 14:37:29,690 [omNode1@group-3464CFB7038B-LeaderElection4] INFO  impl.LeaderElection (LeaderElection.java:askForVotes(206)) - omNode1@group-3464CFB7038B-LeaderElection4: begin an election at term 491 for -1: [omNode2:122.0.0.122:9872, omNode1:0.0.0.0:9872], old=null
2020-04-28 14:37:29,772 [main] INFO  ozone.MiniOzoneClusterImpl (MiniOzoneClusterImpl.java:lambda$waitForClusterToBeReady$0(177)) - Nodes are ready. Got 3 of 3 DN Heartbeats.
2020-04-28 14:37:29,772 [main] INFO  ozone.MiniOzoneClusterImpl (MiniOzoneClusterImpl.java:lambda$waitForClusterToBeReady$0(180)) - Waiting for cluster to exit safe mode
2020-04-28 14:37:29,882 [omNode1@group-3464CFB7038B-LeaderElection4] INFO  impl.LeaderElection (LeaderElection.java:logAndReturn(61)) - omNode1@group-3464CFB7038B-LeaderElection4: Election TIMEOUT; received 0 response(s) [] and 0 exception(s); omNode1@group-3464CFB7038B:t491, leader=null, voted=omNode1, raftlog=omNode1@group-3464CFB7038B-SegmentedRaftLog:OPENED:c-1,f-1,i0, conf=-1: [omNode2:122.0.0.122:9872, omNode1:0.0.0.0:9872], old=null
2020-04-28 14:37:29,883 [omNode1@group-3464CFB7038B-LeaderElection4] INFO  impl.LeaderElection (LeaderElection.java:askForVotes(206)) - omNode1@group-3464CFB7038B-LeaderElection4: begin an election at term 492 for -1: [omNode2:122.0.0.122:9872, omNode1:0.0.0.0:9872], old=null
2020-04-28 14:37:29,953 [omNode1@group-3464CFB7038B-LeaderElection4] INFO  impl.LeaderElection (LeaderElection.java:logAndReturn(61)) - omNode1@group-3464CFB7038B-LeaderElection4: Election TIMEOUT; received 0 response(s) [] and 0 exception(s); omNode1@group-3464CFB7038B:t492, leader=null, voted=omNode1, raftlog=omNode1@group-3464CFB7038B-SegmentedRaftLog:OPENED:c-1,f-1,i0, conf=-1: [omNode2:122.0.0.122:9872, omNode1:0.0.0.0:9872], old=null
2020-04-28 14:37:29,954 [omNode1@group-3464CFB7038B-LeaderElection4] INFO  impl.LeaderElection (LeaderElection.java:askForVotes(206)) - omNode1@group-3464CFB7038B-LeaderElection4: begin an election at term 493 for -1: [omNode2:122.0.0.122:9872, omNode1:0.0.0.0:9872], old=null
2020-04-28 14:37:30,086 [omNode1@group-3464CFB7038B-LeaderElection4] INFO  impl.LeaderElection (LeaderElection.java:logAndReturn(61)) - omNode1@group-3464CFB7038B-LeaderElection4: Election TIMEOUT; received 0 response(s) [] and 0 exception(s); omNode1@group-3464CFB7038B:t493, leader=null, voted=omNode1, raftlog=omNode1@group-3464CFB7038B-SegmentedRaftLog:OPENED:c-1,f-1,i0, conf=-1: [omNode2:122.0.0.122:9872, omNode1:0.0.0.0:9872], old=null
2020-04-28 14:37:30,087 [omNode1@group-3464CFB7038B-LeaderElection4] INFO  impl.LeaderElection (LeaderElection.java:askForVotes(206)) - omNode1@group-3464CFB7038B-LeaderElection4: begin an election at term 494 for -1: [omNode2:122.0.0.122:9872, omNode1:0.0.0.0:9872], old=null
2020-04-28 14:37:30,093 [omNode1@group-3464CFB7038B-LeaderElection4] INFO  impl.LeaderElection (LeaderElection.java:logAndReturn(61)) - omNode1@group-3464CFB7038B-LeaderElection4: Election TIMEOUT; received 0 response(s) [] and 0 exception(s); omNode1@group-3464CFB7038B:t494, leader=null, voted=omNode1, raftlog=omNode1@group-3464CFB7038B-SegmentedRaftLog:OPENED:c-1,f-1,i0, conf=-1: [omNode2:122.0.0.122:9872, omNode1:0.0.0.0:9872], old=null
2020-04-28 14:37:30,095 [omNode1@group-3464CFB7038B-LeaderElection4] INFO  impl.LeaderElection (LeaderElection.java:askForVotes(206)) - omNode1@group-3464CFB7038B-LeaderElection4: begin an election at term 495 for -1: [omNode2:122.0.0.122:9872, omNode1:0.0.0.0:9872], old=null
2020-04-28 14:37:30,158 [omNode1@group-3464CFB7038B-LeaderElection4] INFO  impl.LeaderElection (LeaderElection.java:logAndReturn(61)) - omNode1@group-3464CFB7038B-LeaderElection4: Election TIMEOUT; received 0 response(s) [] and 0 exception(s); omNode1@group-3464CFB7038B:t495, leader=null, voted=omNode1, raftlog=omNode1@group-3464CFB7038B-SegmentedRaftLog:OPENED:c-1,f-1,i0, conf=-1: [omNode2:122.0.0.122:9872, omNode1:0.0.0.0:9872], old=null
2020-04-28 14:37:30,159 [omNode1@group-3464CFB7038B-LeaderElection4] INFO  impl.LeaderElection (LeaderElection.java:askForVotes(206)) - omNode1@group-3464CFB7038B-LeaderElection4: begin an election at term 496 for -1: [omNode2:122.0.0.122:9872, omNode1:0.0.0.0:9872], old=null
2020-04-28 14:37:30,213 [omNode1@group-3464CFB7038B-LeaderElection4] INFO  impl.LeaderElection (LeaderElection.java:logAndReturn(61)) - omNode1@group-3464CFB7038B-LeaderElection4: Election TIMEOUT; received 0 response(s) [] and 0 exception(s); omNode1@group-3464CFB7038B:t496, leader=null, voted=omNode1, raftlog=omNode1@group-3464CFB7038B-SegmentedRaftLog:OPENED:c-1,f-1,i0, conf=-1: [omNode2:122.0.0.122:9872, omNode1:0.0.0.0:9872], old=null
2020-04-28 14:37:30,214 [omNode1@group-3464CFB7038B-LeaderElection4] INFO  impl.LeaderElection (LeaderElection.java:askForVotes(206)) - omNode1@group-3464CFB7038B-LeaderElection4: begin an election at term 497 for -1: [omNode2:122.0.0.122:9872, omNode1:0.0.0.0:9872], old=null
2020-04-28 14:37:30,269 [omNode1@group-3464CFB7038B-LeaderElection4] INFO  impl.LeaderElection (LeaderElection.java:logAndReturn(61)) - omNode1@group-3464CFB7038B-LeaderElection4: Election TIMEOUT; received 0 response(s) [] and 0 exception(s); omNode1@group-3464CFB7038B:t497, leader=null, voted=omNode1, raftlog=omNode1@group-3464CFB7038B-SegmentedRaftLog:OPENED:c-1,f-1,i0, conf=-1: [omNode2:122.0.0.122:9872, omNode1:0.0.0.0:9872], old=null
2020-04-28 14:37:30,270 [omNode1@group-3464CFB7038B-LeaderElection4] INFO  impl.LeaderElection (LeaderElection.java:askForVotes(206)) - omNode1@group-3464CFB7038B-LeaderElection4: begin an election at term 498 for -1: [omNode2:122.0.0.122:9872, omNode1:0.0.0.0:9872], old=null
2020-04-28 14:37:30,369 [omNode1@group-3464CFB7038B-LeaderElection4] INFO  impl.LeaderElection (LeaderElection.java:logAndReturn(61)) - omNode1@group-3464CFB7038B-LeaderElection4: Election TIMEOUT; received 0 response(s) [] and 0 exception(s); omNode1@group-3464CFB7038B:t498, leader=null, voted=omNode1, raftlog=omNode1@group-3464CFB7038B-SegmentedRaftLog:OPENED:c-1,f-1,i0, conf=-1: [omNode2:122.0.0.122:9872, omNode1:0.0.0.0:9872], old=null
2020-04-28 14:37:30,370 [omNode1@group-3464CFB7038B-LeaderElection4] INFO  impl.LeaderElection (LeaderElection.java:askForVotes(206)) - omNode1@group-3464CFB7038B-LeaderElection4: begin an election at term 499 for -1: [omNode2:122.0.0.122:9872, omNode1:0.0.0.0:9872], old=null
2020-04-28 14:37:30,382 [omNode1@group-3464CFB7038B-LeaderElection4] INFO  impl.LeaderElection (LeaderElection.java:logAndReturn(61)) - omNode1@group-3464CFB7038B-LeaderElection4: Election TIMEOUT; received 0 response(s) [] and 0 exception(s); omNode1@group-3464CFB7038B:t499, leader=null, voted=omNode1, raftlog=omNode1@group-3464CFB7038B-SegmentedRaftLog:OPENED:c-1,f-1,i0, conf=-1: [omNode2:122.0.0.122:9872, omNode1:0.0.0.0:9872], old=null
2020-04-28 14:37:30,383 [omNode1@group-3464CFB7038B-LeaderElection4] INFO  impl.LeaderElection (LeaderElection.java:askForVotes(206)) - omNode1@group-3464CFB7038B-LeaderElection4: begin an election at term 500 for -1: [omNode2:122.0.0.122:9872, omNode1:0.0.0.0:9872], old=null
2020-04-28 14:37:30,540 [omNode1@group-3464CFB7038B-LeaderElection4] INFO  impl.LeaderElection (LeaderElection.java:logAndReturn(61)) - omNode1@group-3464CFB7038B-LeaderElection4: Election TIMEOUT; received 0 response(s) [] and 0 exception(s); omNode1@group-3464CFB7038B:t500, leader=null, voted=omNode1, raftlog=omNode1@group-3464CFB7038B-SegmentedRaftLog:OPENED:c-1,f-1,i0, conf=-1: [omNode2:122.0.0.122:9872, omNode1:0.0.0.0:9872], old=null
2020-04-28 14:37:30,541 [omNode1@group-3464CFB7038B-LeaderElection4] INFO  impl.LeaderElection (LeaderElection.java:askForVotes(206)) - omNode1@group-3464CFB7038B-LeaderElection4: begin an election at term 501 for -1: [omNode2:122.0.0.122:9872, omNode1:0.0.0.0:9872], old=null
2020-04-28 14:37:30,582 [omNode1@group-3464CFB7038B-LeaderElection4] INFO  impl.LeaderElection (LeaderElection.java:logAndReturn(61)) - omNode1@group-3464CFB7038B-LeaderElection4: Election TIMEOUT; received 0 response(s) [] and 0 exception(s); omNode1@group-3464CFB7038B:t501, leader=null, voted=omNode1, raftlog=omNode1@group-3464CFB7038B-SegmentedRaftLog:OPENED:c-1,f-1,i0, conf=-1: [omNode2:122.0.0.122:9872, omNode1:0.0.0.0:9872], old=null
2020-04-28 14:37:30,583 [omNode1@group-3464CFB7038B-LeaderElection4] INFO  impl.LeaderElection (LeaderElection.java:askForVotes(206)) - omNode1@group-3464CFB7038B-LeaderElection4: begin an election at term 502 for -1: [omNode2:122.0.0.122:9872, omNode1:0.0.0.0:9872], old=null
2020-04-28 14:37:30,672 [omNode1@group-3464CFB7038B-LeaderElection4] INFO  impl.LeaderElection (LeaderElection.java:logAndReturn(61)) - omNode1@group-3464CFB7038B-LeaderElection4: Election TIMEOUT; received 0 response(s) [] and 0 exception(s); omNode1@group-3464CFB7038B:t502, leader=null, voted=omNode1, raftlog=omNode1@group-3464CFB7038B-SegmentedRaftLog:OPENED:c-1,f-1,i0, conf=-1: [omNode2:122.0.0.122:9872, omNode1:0.0.0.0:9872], old=null
2020-04-28 14:37:30,674 [omNode1@group-3464CFB7038B-LeaderElection4] INFO  impl.LeaderElection (LeaderElection.java:askForVotes(206)) - omNode1@group-3464CFB7038B-LeaderElection4: begin an election at term 503 for -1: [omNode2:122.0.0.122:9872, omNode1:0.0.0.0:9872], old=null
2020-04-28 14:37:30,688 [omNode1@group-3464CFB7038B-LeaderElection4] INFO  impl.LeaderElection (LeaderElection.java:logAndReturn(61)) - omNode1@group-3464CFB7038B-LeaderElection4: Election TIMEOUT; received 0 response(s) [] and 0 exception(s); omNode1@group-3464CFB7038B:t503, leader=null, voted=omNode1, raftlog=omNode1@group-3464CFB7038B-SegmentedRaftLog:OPENED:c-1,f-1,i0, conf=-1: [omNode2:122.0.0.122:9872, omNode1:0.0.0.0:9872], old=null
2020-04-28 14:37:30,689 [omNode1@group-3464CFB7038B-LeaderElection4] INFO  impl.LeaderElection (LeaderElection.java:askForVotes(206)) - omNode1@group-3464CFB7038B-LeaderElection4: begin an election at term 504 for -1: [omNode2:122.0.0.122:9872, omNode1:0.0.0.0:9872], old=null
2020-04-28 14:37:30,750 [omNode1@group-3464CFB7038B-LeaderElection4] INFO  impl.LeaderElection (LeaderElection.java:logAndReturn(61)) - omNode1@group-3464CFB7038B-LeaderElection4: Election TIMEOUT; received 0 response(s) [] and 0 exception(s); omNode1@group-3464CFB7038B:t504, leader=null, voted=omNode1, raftlog=omNode1@group-3464CFB7038B-SegmentedRaftLog:OPENED:c-1,f-1,i0, conf=-1: [omNode2:122.0.0.122:9872, omNode1:0.0.0.0:9872], old=null
2020-04-28 14:37:30,752 [omNode1@group-3464CFB7038B-LeaderElection4] INFO  impl.LeaderElection (LeaderElection.java:askForVotes(206)) - omNode1@group-3464CFB7038B-LeaderElection4: begin an election at term 505 for -1: [omNode2:122.0.0.122:9872, omNode1:0.0.0.0:9872], old=null
2020-04-28 14:37:30,773 [main] INFO  ozone.MiniOzoneClusterImpl (MiniOzoneClusterImpl.java:lambda$waitForClusterToBeReady$0(177)) - Nodes are ready. Got 3 of 3 DN Heartbeats.
2020-04-28 14:37:30,773 [main] INFO  ozone.MiniOzoneClusterImpl (MiniOzoneClusterImpl.java:lambda$waitForClusterToBeReady$0(180)) - Waiting for cluster to exit safe mode
2020-04-28 14:37:30,893 [omNode1@group-3464CFB7038B-LeaderElection4] INFO  impl.LeaderElection (LeaderElection.java:logAndReturn(61)) - omNode1@group-3464CFB7038B-LeaderElection4: Election TIMEOUT; received 0 response(s) [] and 0 exception(s); omNode1@group-3464CFB7038B:t505, leader=null, voted=omNode1, raftlog=omNode1@group-3464CFB7038B-SegmentedRaftLog:OPENED:c-1,f-1,i0, conf=-1: [omNode2:122.0.0.122:9872, omNode1:0.0.0.0:9872], old=null
2020-04-28 14:37:30,895 [omNode1@group-3464CFB7038B-LeaderElection4] INFO  impl.LeaderElection (LeaderElection.java:askForVotes(206)) - omNode1@group-3464CFB7038B-LeaderElection4: begin an election at term 506 for -1: [omNode2:122.0.0.122:9872, omNode1:0.0.0.0:9872], old=null
2020-04-28 14:37:30,927 [omNode1@group-3464CFB7038B-LeaderElection4] INFO  impl.LeaderElection (LeaderElection.java:logAndReturn(61)) - omNode1@group-3464CFB7038B-LeaderElection4: Election TIMEOUT; received 0 response(s) [] and 0 exception(s); omNode1@group-3464CFB7038B:t506, leader=null, voted=omNode1, raftlog=omNode1@group-3464CFB7038B-SegmentedRaftLog:OPENED:c-1,f-1,i0, conf=-1: [omNode2:122.0.0.122:9872, omNode1:0.0.0.0:9872], old=null
2020-04-28 14:37:30,929 [omNode1@group-3464CFB7038B-LeaderElection4] INFO  impl.LeaderElection (LeaderElection.java:askForVotes(206)) - omNode1@group-3464CFB7038B-LeaderElection4: begin an election at term 507 for -1: [omNode2:122.0.0.122:9872, omNode1:0.0.0.0:9872], old=null
2020-04-28 14:37:30,946 [omNode1@group-3464CFB7038B-LeaderElection4] INFO  impl.LeaderElection (LeaderElection.java:logAndReturn(61)) - omNode1@group-3464CFB7038B-LeaderElection4: Election TIMEOUT; received 0 response(s) [] and 0 exception(s); omNode1@group-3464CFB7038B:t507, leader=null, voted=omNode1, raftlog=omNode1@group-3464CFB7038B-SegmentedRaftLog:OPENED:c-1,f-1,i0, conf=-1: [omNode2:122.0.0.122:9872, omNode1:0.0.0.0:9872], old=null
2020-04-28 14:37:30,947 [omNode1@group-3464CFB7038B-LeaderElection4] INFO  impl.LeaderElection (LeaderElection.java:askForVotes(206)) - omNode1@group-3464CFB7038B-LeaderElection4: begin an election at term 508 for -1: [omNode2:122.0.0.122:9872, omNode1:0.0.0.0:9872], old=null
2020-04-28 14:37:31,003 [omNode1@group-3464CFB7038B-LeaderElection4] INFO  impl.LeaderElection (LeaderElection.java:logAndReturn(61)) - omNode1@group-3464CFB7038B-LeaderElection4: Election TIMEOUT; received 0 response(s) [] and 0 exception(s); omNode1@group-3464CFB7038B:t508, leader=null, voted=omNode1, raftlog=omNode1@group-3464CFB7038B-SegmentedRaftLog:OPENED:c-1,f-1,i0, conf=-1: [omNode2:122.0.0.122:9872, omNode1:0.0.0.0:9872], old=null
2020-04-28 14:37:31,005 [omNode1@group-3464CFB7038B-LeaderElection4] INFO  impl.LeaderElection (LeaderElection.java:askForVotes(206)) - omNode1@group-3464CFB7038B-LeaderElection4: begin an election at term 509 for -1: [omNode2:122.0.0.122:9872, omNode1:0.0.0.0:9872], old=null
2020-04-28 14:37:31,198 [omNode1@group-3464CFB7038B-LeaderElection4] INFO  impl.LeaderElection (LeaderElection.java:logAndReturn(61)) - omNode1@group-3464CFB7038B-LeaderElection4: Election TIMEOUT; received 0 response(s) [] and 0 exception(s); omNode1@group-3464CFB7038B:t509, leader=null, voted=omNode1, raftlog=omNode1@group-3464CFB7038B-SegmentedRaftLog:OPENED:c-1,f-1,i0, conf=-1: [omNode2:122.0.0.122:9872, omNode1:0.0.0.0:9872], old=null
2020-04-28 14:37:31,200 [omNode1@group-3464CFB7038B-LeaderElection4] INFO  impl.LeaderElection (LeaderElection.java:askForVotes(206)) - omNode1@group-3464CFB7038B-LeaderElection4: begin an election at term 510 for -1: [omNode2:122.0.0.122:9872, omNode1:0.0.0.0:9872], old=null
2020-04-28 14:37:31,352 [omNode1@group-3464CFB7038B-LeaderElection4] INFO  impl.LeaderElection (LeaderElection.java:logAndReturn(61)) - omNode1@group-3464CFB7038B-LeaderElection4: Election TIMEOUT; received 0 response(s) [] and 0 exception(s); omNode1@group-3464CFB7038B:t510, leader=null, voted=omNode1, raftlog=omNode1@group-3464CFB7038B-SegmentedRaftLog:OPENED:c-1,f-1,i0, conf=-1: [omNode2:122.0.0.122:9872, omNode1:0.0.0.0:9872], old=null
2020-04-28 14:37:31,354 [omNode1@group-3464CFB7038B-LeaderElection4] INFO  impl.LeaderElection (LeaderElection.java:askForVotes(206)) - omNode1@group-3464CFB7038B-LeaderElection4: begin an election at term 511 for -1: [omNode2:122.0.0.122:9872, omNode1:0.0.0.0:9872], old=null
2020-04-28 14:37:31,382 [omNode1@group-3464CFB7038B-LeaderElection4] INFO  impl.LeaderElection (LeaderElection.java:logAndReturn(61)) - omNode1@group-3464CFB7038B-LeaderElection4: Election TIMEOUT; received 0 response(s) [] and 0 exception(s); omNode1@group-3464CFB7038B:t511, leader=null, voted=omNode1, raftlog=omNode1@group-3464CFB7038B-SegmentedRaftLog:OPENED:c-1,f-1,i0, conf=-1: [omNode2:122.0.0.122:9872, omNode1:0.0.0.0:9872], old=null
2020-04-28 14:37:31,384 [omNode1@group-3464CFB7038B-LeaderElection4] INFO  impl.LeaderElection (LeaderElection.java:askForVotes(206)) - omNode1@group-3464CFB7038B-LeaderElection4: begin an election at term 512 for -1: [omNode2:122.0.0.122:9872, omNode1:0.0.0.0:9872], old=null
2020-04-28 14:37:31,405 [omNode1@group-3464CFB7038B-LeaderElection4] INFO  impl.LeaderElection (LeaderElection.java:logAndReturn(61)) - omNode1@group-3464CFB7038B-LeaderElection4: Election TIMEOUT; received 0 response(s) [] and 0 exception(s); omNode1@group-3464CFB7038B:t512, leader=null, voted=omNode1, raftlog=omNode1@group-3464CFB7038B-SegmentedRaftLog:OPENED:c-1,f-1,i0, conf=-1: [omNode2:122.0.0.122:9872, omNode1:0.0.0.0:9872], old=null
2020-04-28 14:37:31,406 [omNode1@group-3464CFB7038B-LeaderElection4] INFO  impl.LeaderElection (LeaderElection.java:askForVotes(206)) - omNode1@group-3464CFB7038B-LeaderElection4: begin an election at term 513 for -1: [omNode2:122.0.0.122:9872, omNode1:0.0.0.0:9872], old=null
2020-04-28 14:37:31,420 [omNode1@group-3464CFB7038B-LeaderElection4] INFO  impl.LeaderElection (LeaderElection.java:logAndReturn(61)) - omNode1@group-3464CFB7038B-LeaderElection4: Election TIMEOUT; received 0 response(s) [] and 0 exception(s); omNode1@group-3464CFB7038B:t513, leader=null, voted=omNode1, raftlog=omNode1@group-3464CFB7038B-SegmentedRaftLog:OPENED:c-1,f-1,i0, conf=-1: [omNode2:122.0.0.122:9872, omNode1:0.0.0.0:9872], old=null
2020-04-28 14:37:31,421 [omNode1@group-3464CFB7038B-LeaderElection4] INFO  impl.LeaderElection (LeaderElection.java:askForVotes(206)) - omNode1@group-3464CFB7038B-LeaderElection4: begin an election at term 514 for -1: [omNode2:122.0.0.122:9872, omNode1:0.0.0.0:9872], old=null
2020-04-28 14:37:31,536 [omNode1@group-3464CFB7038B-LeaderElection4] INFO  impl.LeaderElection (LeaderElection.java:logAndReturn(61)) - omNode1@group-3464CFB7038B-LeaderElection4: Election TIMEOUT; received 0 response(s) [] and 0 exception(s); omNode1@group-3464CFB7038B:t514, leader=null, voted=omNode1, raftlog=omNode1@group-3464CFB7038B-SegmentedRaftLog:OPENED:c-1,f-1,i0, conf=-1: [omNode2:122.0.0.122:9872, omNode1:0.0.0.0:9872], old=null
2020-04-28 14:37:31,538 [omNode1@group-3464CFB7038B-LeaderElection4] INFO  impl.LeaderElection (LeaderElection.java:askForVotes(206)) - omNode1@group-3464CFB7038B-LeaderElection4: begin an election at term 515 for -1: [omNode2:122.0.0.122:9872, omNode1:0.0.0.0:9872], old=null
2020-04-28 14:37:31,707 [omNode1@group-3464CFB7038B-LeaderElection4] INFO  impl.LeaderElection (LeaderElection.java:logAndReturn(61)) - omNode1@group-3464CFB7038B-LeaderElection4: Election TIMEOUT; received 0 response(s) [] and 0 exception(s); omNode1@group-3464CFB7038B:t515, leader=null, voted=omNode1, raftlog=omNode1@group-3464CFB7038B-SegmentedRaftLog:OPENED:c-1,f-1,i0, conf=-1: [omNode2:122.0.0.122:9872, omNode1:0.0.0.0:9872], old=null
2020-04-28 14:37:31,709 [omNode1@group-3464CFB7038B-LeaderElection4] INFO  impl.LeaderElection (LeaderElection.java:askForVotes(206)) - omNode1@group-3464CFB7038B-LeaderElection4: begin an election at term 516 for -1: [omNode2:122.0.0.122:9872, omNode1:0.0.0.0:9872], old=null
2020-04-28 14:37:31,766 [omNode1@group-3464CFB7038B-LeaderElection4] INFO  impl.LeaderElection (LeaderElection.java:logAndReturn(61)) - omNode1@group-3464CFB7038B-LeaderElection4: Election TIMEOUT; received 0 response(s) [] and 0 exception(s); omNode1@group-3464CFB7038B:t516, leader=null, voted=omNode1, raftlog=omNode1@group-3464CFB7038B-SegmentedRaftLog:OPENED:c-1,f-1,i0, conf=-1: [omNode2:122.0.0.122:9872, omNode1:0.0.0.0:9872], old=null
2020-04-28 14:37:31,767 [omNode1@group-3464CFB7038B-LeaderElection4] INFO  impl.LeaderElection (LeaderElection.java:askForVotes(206)) - omNode1@group-3464CFB7038B-LeaderElection4: begin an election at term 517 for -1: [omNode2:122.0.0.122:9872, omNode1:0.0.0.0:9872], old=null
2020-04-28 14:37:31,773 [main] INFO  ozone.MiniOzoneClusterImpl (MiniOzoneClusterImpl.java:lambda$waitForClusterToBeReady$0(177)) - Nodes are ready. Got 3 of 3 DN Heartbeats.
2020-04-28 14:37:31,773 [main] INFO  ozone.MiniOzoneClusterImpl (MiniOzoneClusterImpl.java:lambda$waitForClusterToBeReady$0(180)) - Waiting for cluster to exit safe mode
2020-04-28 14:37:31,857 [omNode1@group-3464CFB7038B-LeaderElection4] INFO  impl.LeaderElection (LeaderElection.java:logAndReturn(61)) - omNode1@group-3464CFB7038B-LeaderElection4: Election TIMEOUT; received 0 response(s) [] and 0 exception(s); omNode1@group-3464CFB7038B:t517, leader=null, voted=omNode1, raftlog=omNode1@group-3464CFB7038B-SegmentedRaftLog:OPENED:c-1,f-1,i0, conf=-1: [omNode2:122.0.0.122:9872, omNode1:0.0.0.0:9872], old=null
2020-04-28 14:37:31,858 [omNode1@group-3464CFB7038B-LeaderElection4] INFO  impl.LeaderElection (LeaderElection.java:askForVotes(206)) - omNode1@group-3464CFB7038B-LeaderElection4: begin an election at term 518 for -1: [omNode2:122.0.0.122:9872, omNode1:0.0.0.0:9872], old=null
2020-04-28 14:37:31,866 [omNode1@group-3464CFB7038B-LeaderElection4] INFO  impl.LeaderElection (LeaderElection.java:logAndReturn(61)) - omNode1@group-3464CFB7038B-LeaderElection4: Election TIMEOUT; received 0 response(s) [] and 0 exception(s); omNode1@group-3464CFB7038B:t518, leader=null, voted=omNode1, raftlog=omNode1@group-3464CFB7038B-SegmentedRaftLog:OPENED:c-1,f-1,i0, conf=-1: [omNode2:122.0.0.122:9872, omNode1:0.0.0.0:9872], old=null
2020-04-28 14:37:31,867 [omNode1@group-3464CFB7038B-LeaderElection4] INFO  impl.LeaderElection (LeaderElection.java:askForVotes(206)) - omNode1@group-3464CFB7038B-LeaderElection4: begin an election at term 519 for -1: [omNode2:122.0.0.122:9872, omNode1:0.0.0.0:9872], old=null
2020-04-28 14:37:31,877 [omNode1@group-3464CFB7038B-LeaderElection4] INFO  impl.LeaderElection (LeaderElection.java:logAndReturn(61)) - omNode1@group-3464CFB7038B-LeaderElection4: Election TIMEOUT; received 0 response(s) [] and 0 exception(s); omNode1@group-3464CFB7038B:t519, leader=null, voted=omNode1, raftlog=omNode1@group-3464CFB7038B-SegmentedRaftLog:OPENED:c-1,f-1,i0, conf=-1: [omNode2:122.0.0.122:9872, omNode1:0.0.0.0:9872], old=null
2020-04-28 14:37:31,879 [omNode1@group-3464CFB7038B-LeaderElection4] INFO  impl.LeaderElection (LeaderElection.java:askForVotes(206)) - omNode1@group-3464CFB7038B-LeaderElection4: begin an election at term 520 for -1: [omNode2:122.0.0.122:9872, omNode1:0.0.0.0:9872], old=null
2020-04-28 14:37:31,996 [omNode1@group-3464CFB7038B-LeaderElection4] INFO  impl.LeaderElection (LeaderElection.java:logAndReturn(61)) - omNode1@group-3464CFB7038B-LeaderElection4: Election TIMEOUT; received 0 response(s) [] and 0 exception(s); omNode1@group-3464CFB7038B:t520, leader=null, voted=omNode1, raftlog=omNode1@group-3464CFB7038B-SegmentedRaftLog:OPENED:c-1,f-1,i0, conf=-1: [omNode2:122.0.0.122:9872, omNode1:0.0.0.0:9872], old=null
2020-04-28 14:37:31,997 [omNode1@group-3464CFB7038B-LeaderElection4] INFO  impl.LeaderElection (LeaderElection.java:askForVotes(206)) - omNode1@group-3464CFB7038B-LeaderElection4: begin an election at term 521 for -1: [omNode2:122.0.0.122:9872, omNode1:0.0.0.0:9872], old=null
2020-04-28 14:37:32,009 [omNode1@group-3464CFB7038B-LeaderElection4] INFO  impl.LeaderElection (LeaderElection.java:logAndReturn(61)) - omNode1@group-3464CFB7038B-LeaderElection4: Election TIMEOUT; received 0 response(s) [] and 0 exception(s); omNode1@group-3464CFB7038B:t521, leader=null, voted=omNode1, raftlog=omNode1@group-3464CFB7038B-SegmentedRaftLog:OPENED:c-1,f-1,i0, conf=-1: [omNode2:122.0.0.122:9872, omNode1:0.0.0.0:9872], old=null
2020-04-28 14:37:32,010 [omNode1@group-3464CFB7038B-LeaderElection4] INFO  impl.LeaderElection (LeaderElection.java:askForVotes(206)) - omNode1@group-3464CFB7038B-LeaderElection4: begin an election at term 522 for -1: [omNode2:122.0.0.122:9872, omNode1:0.0.0.0:9872], old=null
2020-04-28 14:37:32,200 [omNode1@group-3464CFB7038B-LeaderElection4] INFO  impl.LeaderElection (LeaderElection.java:logAndReturn(61)) - omNode1@group-3464CFB7038B-LeaderElection4: Election TIMEOUT; received 0 response(s) [] and 0 exception(s); omNode1@group-3464CFB7038B:t522, leader=null, voted=omNode1, raftlog=omNode1@group-3464CFB7038B-SegmentedRaftLog:OPENED:c-1,f-1,i0, conf=-1: [omNode2:122.0.0.122:9872, omNode1:0.0.0.0:9872], old=null
2020-04-28 14:37:32,202 [omNode1@group-3464CFB7038B-LeaderElection4] INFO  impl.LeaderElection (LeaderElection.java:askForVotes(206)) - omNode1@group-3464CFB7038B-LeaderElection4: begin an election at term 523 for -1: [omNode2:122.0.0.122:9872, omNode1:0.0.0.0:9872], old=null
2020-04-28 14:37:32,248 [omNode1@group-3464CFB7038B-LeaderElection4] INFO  impl.LeaderElection (LeaderElection.java:logAndReturn(61)) - omNode1@group-3464CFB7038B-LeaderElection4: Election TIMEOUT; received 0 response(s) [] and 0 exception(s); omNode1@group-3464CFB7038B:t523, leader=null, voted=omNode1, raftlog=omNode1@group-3464CFB7038B-SegmentedRaftLog:OPENED:c-1,f-1,i0, conf=-1: [omNode2:122.0.0.122:9872, omNode1:0.0.0.0:9872], old=null
2020-04-28 14:37:32,250 [omNode1@group-3464CFB7038B-LeaderElection4] INFO  impl.LeaderElection (LeaderElection.java:askForVotes(206)) - omNode1@group-3464CFB7038B-LeaderElection4: begin an election at term 524 for -1: [omNode2:122.0.0.122:9872, omNode1:0.0.0.0:9872], old=null
2020-04-28 14:37:32,413 [omNode1@group-3464CFB7038B-LeaderElection4] INFO  impl.LeaderElection (LeaderElection.java:logAndReturn(61)) - omNode1@group-3464CFB7038B-LeaderElection4: Election TIMEOUT; received 0 response(s) [] and 0 exception(s); omNode1@group-3464CFB7038B:t524, leader=null, voted=omNode1, raftlog=omNode1@group-3464CFB7038B-SegmentedRaftLog:OPENED:c-1,f-1,i0, conf=-1: [omNode2:122.0.0.122:9872, omNode1:0.0.0.0:9872], old=null
2020-04-28 14:37:32,415 [omNode1@group-3464CFB7038B-LeaderElection4] INFO  impl.LeaderElection (LeaderElection.java:askForVotes(206)) - omNode1@group-3464CFB7038B-LeaderElection4: begin an election at term 525 for -1: [omNode2:122.0.0.122:9872, omNode1:0.0.0.0:9872], old=null
2020-04-28 14:37:32,507 [omNode1@group-3464CFB7038B-LeaderElection4] INFO  impl.LeaderElection (LeaderElection.java:logAndReturn(61)) - omNode1@group-3464CFB7038B-LeaderElection4: Election TIMEOUT; received 0 response(s) [] and 0 exception(s); omNode1@group-3464CFB7038B:t525, leader=null, voted=omNode1, raftlog=omNode1@group-3464CFB7038B-SegmentedRaftLog:OPENED:c-1,f-1,i0, conf=-1: [omNode2:122.0.0.122:9872, omNode1:0.0.0.0:9872], old=null
2020-04-28 14:37:32,509 [omNode1@group-3464CFB7038B-LeaderElection4] INFO  impl.LeaderElection (LeaderElection.java:askForVotes(206)) - omNode1@group-3464CFB7038B-LeaderElection4: begin an election at term 526 for -1: [omNode2:122.0.0.122:9872, omNode1:0.0.0.0:9872], old=null
2020-04-28 14:37:32,567 [omNode1@group-3464CFB7038B-LeaderElection4] INFO  impl.LeaderElection (LeaderElection.java:logAndReturn(61)) - omNode1@group-3464CFB7038B-LeaderElection4: Election TIMEOUT; received 0 response(s) [] and 0 exception(s); omNode1@group-3464CFB7038B:t526, leader=null, voted=omNode1, raftlog=omNode1@group-3464CFB7038B-SegmentedRaftLog:OPENED:c-1,f-1,i0, conf=-1: [omNode2:122.0.0.122:9872, omNode1:0.0.0.0:9872], old=null
2020-04-28 14:37:32,568 [omNode1@group-3464CFB7038B-LeaderElection4] INFO  impl.LeaderElection (LeaderElection.java:askForVotes(206)) - omNode1@group-3464CFB7038B-LeaderElection4: begin an election at term 527 for -1: [omNode2:122.0.0.122:9872, omNode1:0.0.0.0:9872], old=null
2020-04-28 14:37:32,614 [omNode1@group-3464CFB7038B-LeaderElection4] INFO  impl.LeaderElection (LeaderElection.java:logAndReturn(61)) - omNode1@group-3464CFB7038B-LeaderElection4: Election TIMEOUT; received 0 response(s) [] and 0 exception(s); omNode1@group-3464CFB7038B:t527, leader=null, voted=omNode1, raftlog=omNode1@group-3464CFB7038B-SegmentedRaftLog:OPENED:c-1,f-1,i0, conf=-1: [omNode2:122.0.0.122:9872, omNode1:0.0.0.0:9872], old=null
2020-04-28 14:37:32,615 [omNode1@group-3464CFB7038B-LeaderElection4] INFO  impl.LeaderElection (LeaderElection.java:askForVotes(206)) - omNode1@group-3464CFB7038B-LeaderElection4: begin an election at term 528 for -1: [omNode2:122.0.0.122:9872, omNode1:0.0.0.0:9872], old=null
2020-04-28 14:37:32,774 [main] INFO  ozone.MiniOzoneClusterImpl (MiniOzoneClusterImpl.java:lambda$waitForClusterToBeReady$0(177)) - Nodes are ready. Got 3 of 3 DN Heartbeats.
2020-04-28 14:37:32,774 [main] INFO  ozone.MiniOzoneClusterImpl (MiniOzoneClusterImpl.java:lambda$waitForClusterToBeReady$0(180)) - Waiting for cluster to exit safe mode
2020-04-28 14:37:32,814 [omNode1@group-3464CFB7038B-LeaderElection4] INFO  impl.LeaderElection (LeaderElection.java:logAndReturn(61)) - omNode1@group-3464CFB7038B-LeaderElection4: Election TIMEOUT; received 0 response(s) [] and 0 exception(s); omNode1@group-3464CFB7038B:t528, leader=null, voted=omNode1, raftlog=omNode1@group-3464CFB7038B-SegmentedRaftLog:OPENED:c-1,f-1,i0, conf=-1: [omNode2:122.0.0.122:9872, omNode1:0.0.0.0:9872], old=null
2020-04-28 14:37:32,815 [omNode1@group-3464CFB7038B-LeaderElection4] INFO  impl.LeaderElection (LeaderElection.java:askForVotes(206)) - omNode1@group-3464CFB7038B-LeaderElection4: begin an election at term 529 for -1: [omNode2:122.0.0.122:9872, omNode1:0.0.0.0:9872], old=null
2020-04-28 14:37:32,970 [omNode1@group-3464CFB7038B-LeaderElection4] INFO  impl.LeaderElection (LeaderElection.java:logAndReturn(61)) - omNode1@group-3464CFB7038B-LeaderElection4: Election TIMEOUT; received 0 response(s) [] and 0 exception(s); omNode1@group-3464CFB7038B:t529, leader=null, voted=omNode1, raftlog=omNode1@group-3464CFB7038B-SegmentedRaftLog:OPENED:c-1,f-1,i0, conf=-1: [omNode2:122.0.0.122:9872, omNode1:0.0.0.0:9872], old=null
2020-04-28 14:37:32,971 [omNode1@group-3464CFB7038B-LeaderElection4] INFO  impl.LeaderElection (LeaderElection.java:askForVotes(206)) - omNode1@group-3464CFB7038B-LeaderElection4: begin an election at term 530 for -1: [omNode2:122.0.0.122:9872, omNode1:0.0.0.0:9872], old=null
2020-04-28 14:37:33,124 [omNode1@group-3464CFB7038B-LeaderElection4] INFO  impl.LeaderElection (LeaderElection.java:logAndReturn(61)) - omNode1@group-3464CFB7038B-LeaderElection4: Election TIMEOUT; received 0 response(s) [] and 0 exception(s); omNode1@group-3464CFB7038B:t530, leader=null, voted=omNode1, raftlog=omNode1@group-3464CFB7038B-SegmentedRaftLog:OPENED:c-1,f-1,i0, conf=-1: [omNode2:122.0.0.122:9872, omNode1:0.0.0.0:9872], old=null
2020-04-28 14:37:33,126 [omNode1@group-3464CFB7038B-LeaderElection4] INFO  impl.LeaderElection (LeaderElection.java:askForVotes(206)) - omNode1@group-3464CFB7038B-LeaderElection4: begin an election at term 531 for -1: [omNode2:122.0.0.122:9872, omNode1:0.0.0.0:9872], old=null
2020-04-28 14:37:33,148 [omNode1@group-3464CFB7038B-LeaderElection4] INFO  impl.LeaderElection (LeaderElection.java:logAndReturn(61)) - omNode1@group-3464CFB7038B-LeaderElection4: Election TIMEOUT; received 0 response(s) [] and 0 exception(s); omNode1@group-3464CFB7038B:t531, leader=null, voted=omNode1, raftlog=omNode1@group-3464CFB7038B-SegmentedRaftLog:OPENED:c-1,f-1,i0, conf=-1: [omNode2:122.0.0.122:9872, omNode1:0.0.0.0:9872], old=null
2020-04-28 14:37:33,149 [omNode1@group-3464CFB7038B-LeaderElection4] INFO  impl.LeaderElection (LeaderElection.java:askForVotes(206)) - omNode1@group-3464CFB7038B-LeaderElection4: begin an election at term 532 for -1: [omNode2:122.0.0.122:9872, omNode1:0.0.0.0:9872], old=null
2020-04-28 14:37:33,297 [omNode1@group-3464CFB7038B-LeaderElection4] INFO  impl.LeaderElection (LeaderElection.java:logAndReturn(61)) - omNode1@group-3464CFB7038B-LeaderElection4: Election TIMEOUT; received 0 response(s) [] and 0 exception(s); omNode1@group-3464CFB7038B:t532, leader=null, voted=omNode1, raftlog=omNode1@group-3464CFB7038B-SegmentedRaftLog:OPENED:c-1,f-1,i0, conf=-1: [omNode2:122.0.0.122:9872, omNode1:0.0.0.0:9872], old=null
2020-04-28 14:37:33,298 [omNode1@group-3464CFB7038B-LeaderElection4] INFO  impl.LeaderElection (LeaderElection.java:askForVotes(206)) - omNode1@group-3464CFB7038B-LeaderElection4: begin an election at term 533 for -1: [omNode2:122.0.0.122:9872, omNode1:0.0.0.0:9872], old=null
2020-04-28 14:37:33,374 [omNode1@group-3464CFB7038B-LeaderElection4] INFO  impl.LeaderElection (LeaderElection.java:logAndReturn(61)) - omNode1@group-3464CFB7038B-LeaderElection4: Election TIMEOUT; received 0 response(s) [] and 0 exception(s); omNode1@group-3464CFB7038B:t533, leader=null, voted=omNode1, raftlog=omNode1@group-3464CFB7038B-SegmentedRaftLog:OPENED:c-1,f-1,i0, conf=-1: [omNode2:122.0.0.122:9872, omNode1:0.0.0.0:9872], old=null
2020-04-28 14:37:33,376 [omNode1@group-3464CFB7038B-LeaderElection4] INFO  impl.LeaderElection (LeaderElection.java:askForVotes(206)) - omNode1@group-3464CFB7038B-LeaderElection4: begin an election at term 534 for -1: [omNode2:122.0.0.122:9872, omNode1:0.0.0.0:9872], old=null
2020-04-28 14:37:33,572 [omNode1@group-3464CFB7038B-LeaderElection4] INFO  impl.LeaderElection (LeaderElection.java:logAndReturn(61)) - omNode1@group-3464CFB7038B-LeaderElection4: Election TIMEOUT; received 0 response(s) [] and 0 exception(s); omNode1@group-3464CFB7038B:t534, leader=null, voted=omNode1, raftlog=omNode1@group-3464CFB7038B-SegmentedRaftLog:OPENED:c-1,f-1,i0, conf=-1: [omNode2:122.0.0.122:9872, omNode1:0.0.0.0:9872], old=null
2020-04-28 14:37:33,574 [omNode1@group-3464CFB7038B-LeaderElection4] INFO  impl.LeaderElection (LeaderElection.java:askForVotes(206)) - omNode1@group-3464CFB7038B-LeaderElection4: begin an election at term 535 for -1: [omNode2:122.0.0.122:9872, omNode1:0.0.0.0:9872], old=null
2020-04-28 14:37:33,651 [omNode1@group-3464CFB7038B-LeaderElection4] INFO  impl.LeaderElection (LeaderElection.java:logAndReturn(61)) - omNode1@group-3464CFB7038B-LeaderElection4: Election TIMEOUT; received 0 response(s) [] and 0 exception(s); omNode1@group-3464CFB7038B:t535, leader=null, voted=omNode1, raftlog=omNode1@group-3464CFB7038B-SegmentedRaftLog:OPENED:c-1,f-1,i0, conf=-1: [omNode2:122.0.0.122:9872, omNode1:0.0.0.0:9872], old=null
2020-04-28 14:37:33,653 [omNode1@group-3464CFB7038B-LeaderElection4] INFO  impl.LeaderElection (LeaderElection.java:askForVotes(206)) - omNode1@group-3464CFB7038B-LeaderElection4: begin an election at term 536 for -1: [omNode2:122.0.0.122:9872, omNode1:0.0.0.0:9872], old=null
2020-04-28 14:37:33,701 [omNode1@group-3464CFB7038B-LeaderElection4] INFO  impl.LeaderElection (LeaderElection.java:logAndReturn(61)) - omNode1@group-3464CFB7038B-LeaderElection4: Election TIMEOUT; received 0 response(s) [] and 0 exception(s); omNode1@group-3464CFB7038B:t536, leader=null, voted=omNode1, raftlog=omNode1@group-3464CFB7038B-SegmentedRaftLog:OPENED:c-1,f-1,i0, conf=-1: [omNode2:122.0.0.122:9872, omNode1:0.0.0.0:9872], old=null
2020-04-28 14:37:33,703 [omNode1@group-3464CFB7038B-LeaderElection4] INFO  impl.LeaderElection (LeaderElection.java:askForVotes(206)) - omNode1@group-3464CFB7038B-LeaderElection4: begin an election at term 537 for -1: [omNode2:122.0.0.122:9872, omNode1:0.0.0.0:9872], old=null
2020-04-28 14:37:33,774 [main] INFO  ozone.MiniOzoneClusterImpl (MiniOzoneClusterImpl.java:lambda$waitForClusterToBeReady$0(177)) - Nodes are ready. Got 3 of 3 DN Heartbeats.
2020-04-28 14:37:33,774 [main] INFO  ozone.MiniOzoneClusterImpl (MiniOzoneClusterImpl.java:lambda$waitForClusterToBeReady$0(180)) - Waiting for cluster to exit safe mode
2020-04-28 14:37:33,844 [omNode1@group-3464CFB7038B-LeaderElection4] INFO  impl.LeaderElection (LeaderElection.java:logAndReturn(61)) - omNode1@group-3464CFB7038B-LeaderElection4: Election TIMEOUT; received 0 response(s) [] and 0 exception(s); omNode1@group-3464CFB7038B:t537, leader=null, voted=omNode1, raftlog=omNode1@group-3464CFB7038B-SegmentedRaftLog:OPENED:c-1,f-1,i0, conf=-1: [omNode2:122.0.0.122:9872, omNode1:0.0.0.0:9872], old=null
2020-04-28 14:37:33,845 [omNode1@group-3464CFB7038B-LeaderElection4] INFO  impl.LeaderElection (LeaderElection.java:askForVotes(206)) - omNode1@group-3464CFB7038B-LeaderElection4: begin an election at term 538 for -1: [omNode2:122.0.0.122:9872, omNode1:0.0.0.0:9872], old=null
2020-04-28 14:37:33,951 [omNode1@group-3464CFB7038B-LeaderElection4] INFO  impl.LeaderElection (LeaderElection.java:logAndReturn(61)) - omNode1@group-3464CFB7038B-LeaderElection4: Election TIMEOUT; received 0 response(s) [] and 0 exception(s); omNode1@group-3464CFB7038B:t538, leader=null, voted=omNode1, raftlog=omNode1@group-3464CFB7038B-SegmentedRaftLog:OPENED:c-1,f-1,i0, conf=-1: [omNode2:122.0.0.122:9872, omNode1:0.0.0.0:9872], old=null
2020-04-28 14:37:33,952 [omNode1@group-3464CFB7038B-LeaderElection4] INFO  impl.LeaderElection (LeaderElection.java:askForVotes(206)) - omNode1@group-3464CFB7038B-LeaderElection4: begin an election at term 539 for -1: [omNode2:122.0.0.122:9872, omNode1:0.0.0.0:9872], old=null
2020-04-28 14:37:34,009 [omNode1@group-3464CFB7038B-LeaderElection4] INFO  impl.LeaderElection (LeaderElection.java:logAndReturn(61)) - omNode1@group-3464CFB7038B-LeaderElection4: Election TIMEOUT; received 0 response(s) [] and 0 exception(s); omNode1@group-3464CFB7038B:t539, leader=null, voted=omNode1, raftlog=omNode1@group-3464CFB7038B-SegmentedRaftLog:OPENED:c-1,f-1,i0, conf=-1: [omNode2:122.0.0.122:9872, omNode1:0.0.0.0:9872], old=null
2020-04-28 14:37:34,010 [omNode1@group-3464CFB7038B-LeaderElection4] INFO  impl.LeaderElection (LeaderElection.java:askForVotes(206)) - omNode1@group-3464CFB7038B-LeaderElection4: begin an election at term 540 for -1: [omNode2:122.0.0.122:9872, omNode1:0.0.0.0:9872], old=null
2020-04-28 14:37:34,057 [omNode1@group-3464CFB7038B-LeaderElection4] INFO  impl.LeaderElection (LeaderElection.java:logAndReturn(61)) - omNode1@group-3464CFB7038B-LeaderElection4: Election TIMEOUT; received 0 response(s) [] and 0 exception(s); omNode1@group-3464CFB7038B:t540, leader=null, voted=omNode1, raftlog=omNode1@group-3464CFB7038B-SegmentedRaftLog:OPENED:c-1,f-1,i0, conf=-1: [omNode2:122.0.0.122:9872, omNode1:0.0.0.0:9872], old=null
2020-04-28 14:37:34,058 [omNode1@group-3464CFB7038B-LeaderElection4] INFO  impl.LeaderElection (LeaderElection.java:askForVotes(206)) - omNode1@group-3464CFB7038B-LeaderElection4: begin an election at term 541 for -1: [omNode2:122.0.0.122:9872, omNode1:0.0.0.0:9872], old=null
2020-04-28 14:37:34,214 [omNode1@group-3464CFB7038B-LeaderElection4] INFO  impl.LeaderElection (LeaderElection.java:logAndReturn(61)) - omNode1@group-3464CFB7038B-LeaderElection4: Election TIMEOUT; received 0 response(s) [] and 0 exception(s); omNode1@group-3464CFB7038B:t541, leader=null, voted=omNode1, raftlog=omNode1@group-3464CFB7038B-SegmentedRaftLog:OPENED:c-1,f-1,i0, conf=-1: [omNode2:122.0.0.122:9872, omNode1:0.0.0.0:9872], old=null
2020-04-28 14:37:34,215 [omNode1@group-3464CFB7038B-LeaderElection4] INFO  impl.LeaderElection (LeaderElection.java:askForVotes(206)) - omNode1@group-3464CFB7038B-LeaderElection4: begin an election at term 542 for -1: [omNode2:122.0.0.122:9872, omNode1:0.0.0.0:9872], old=null
2020-04-28 14:37:34,415 [omNode1@group-3464CFB7038B-LeaderElection4] INFO  impl.LeaderElection (LeaderElection.java:logAndReturn(61)) - omNode1@group-3464CFB7038B-LeaderElection4: Election TIMEOUT; received 0 response(s) [] and 0 exception(s); omNode1@group-3464CFB7038B:t542, leader=null, voted=omNode1, raftlog=omNode1@group-3464CFB7038B-SegmentedRaftLog:OPENED:c-1,f-1,i0, conf=-1: [omNode2:122.0.0.122:9872, omNode1:0.0.0.0:9872], old=null
2020-04-28 14:37:34,417 [omNode1@group-3464CFB7038B-LeaderElection4] INFO  impl.LeaderElection (LeaderElection.java:askForVotes(206)) - omNode1@group-3464CFB7038B-LeaderElection4: begin an election at term 543 for -1: [omNode2:122.0.0.122:9872, omNode1:0.0.0.0:9872], old=null
2020-04-28 14:37:34,475 [omNode1@group-3464CFB7038B-LeaderElection4] INFO  impl.LeaderElection (LeaderElection.java:logAndReturn(61)) - omNode1@group-3464CFB7038B-LeaderElection4: Election TIMEOUT; received 0 response(s) [] and 0 exception(s); omNode1@group-3464CFB7038B:t543, leader=null, voted=omNode1, raftlog=omNode1@group-3464CFB7038B-SegmentedRaftLog:OPENED:c-1,f-1,i0, conf=-1: [omNode2:122.0.0.122:9872, omNode1:0.0.0.0:9872], old=null
2020-04-28 14:37:34,477 [omNode1@group-3464CFB7038B-LeaderElection4] INFO  impl.LeaderElection (LeaderElection.java:askForVotes(206)) - omNode1@group-3464CFB7038B-LeaderElection4: begin an election at term 544 for -1: [omNode2:122.0.0.122:9872, omNode1:0.0.0.0:9872], old=null
2020-04-28 14:37:34,665 [omNode1@group-3464CFB7038B-LeaderElection4] INFO  impl.LeaderElection (LeaderElection.java:logAndReturn(61)) - omNode1@group-3464CFB7038B-LeaderElection4: Election TIMEOUT; received 0 response(s) [] and 0 exception(s); omNode1@group-3464CFB7038B:t544, leader=null, voted=omNode1, raftlog=omNode1@group-3464CFB7038B-SegmentedRaftLog:OPENED:c-1,f-1,i0, conf=-1: [omNode2:122.0.0.122:9872, omNode1:0.0.0.0:9872], old=null
2020-04-28 14:37:34,666 [omNode1@group-3464CFB7038B-LeaderElection4] INFO  impl.LeaderElection (LeaderElection.java:askForVotes(206)) - omNode1@group-3464CFB7038B-LeaderElection4: begin an election at term 545 for -1: [omNode2:122.0.0.122:9872, omNode1:0.0.0.0:9872], old=null
2020-04-28 14:37:34,774 [main] INFO  ozone.MiniOzoneClusterImpl (MiniOzoneClusterImpl.java:lambda$waitForClusterToBeReady$0(177)) - Nodes are ready. Got 3 of 3 DN Heartbeats.
2020-04-28 14:37:34,775 [main] INFO  ozone.MiniOzoneClusterImpl (MiniOzoneClusterImpl.java:lambda$waitForClusterToBeReady$0(180)) - Waiting for cluster to exit safe mode
2020-04-28 14:37:34,822 [omNode1@group-3464CFB7038B-LeaderElection4] INFO  impl.LeaderElection (LeaderElection.java:logAndReturn(61)) - omNode1@group-3464CFB7038B-LeaderElection4: Election TIMEOUT; received 0 response(s) [] and 0 exception(s); omNode1@group-3464CFB7038B:t545, leader=null, voted=omNode1, raftlog=omNode1@group-3464CFB7038B-SegmentedRaftLog:OPENED:c-1,f-1,i0, conf=-1: [omNode2:122.0.0.122:9872, omNode1:0.0.0.0:9872], old=null
2020-04-28 14:37:34,823 [omNode1@group-3464CFB7038B-LeaderElection4] INFO  impl.LeaderElection (LeaderElection.java:askForVotes(206)) - omNode1@group-3464CFB7038B-LeaderElection4: begin an election at term 546 for -1: [omNode2:122.0.0.122:9872, omNode1:0.0.0.0:9872], old=null
2020-04-28 14:37:34,902 [omNode1@group-3464CFB7038B-LeaderElection4] INFO  impl.LeaderElection (LeaderElection.java:logAndReturn(61)) - omNode1@group-3464CFB7038B-LeaderElection4: Election TIMEOUT; received 0 response(s) [] and 0 exception(s); omNode1@group-3464CFB7038B:t546, leader=null, voted=omNode1, raftlog=omNode1@group-3464CFB7038B-SegmentedRaftLog:OPENED:c-1,f-1,i0, conf=-1: [omNode2:122.0.0.122:9872, omNode1:0.0.0.0:9872], old=null
2020-04-28 14:37:34,903 [omNode1@group-3464CFB7038B-LeaderElection4] INFO  impl.LeaderElection (LeaderElection.java:askForVotes(206)) - omNode1@group-3464CFB7038B-LeaderElection4: begin an election at term 547 for -1: [omNode2:122.0.0.122:9872, omNode1:0.0.0.0:9872], old=null
2020-04-28 14:37:34,934 [omNode1@group-3464CFB7038B-LeaderElection4] INFO  impl.LeaderElection (LeaderElection.java:logAndReturn(61)) - omNode1@group-3464CFB7038B-LeaderElection4: Election TIMEOUT; received 0 response(s) [] and 0 exception(s); omNode1@group-3464CFB7038B:t547, leader=null, voted=omNode1, raftlog=omNode1@group-3464CFB7038B-SegmentedRaftLog:OPENED:c-1,f-1,i0, conf=-1: [omNode2:122.0.0.122:9872, omNode1:0.0.0.0:9872], old=null
2020-04-28 14:37:34,935 [omNode1@group-3464CFB7038B-LeaderElection4] INFO  impl.LeaderElection (LeaderElection.java:askForVotes(206)) - omNode1@group-3464CFB7038B-LeaderElection4: begin an election at term 548 for -1: [omNode2:122.0.0.122:9872, omNode1:0.0.0.0:9872], old=null
2020-04-28 14:37:35,073 [omNode1@group-3464CFB7038B-LeaderElection4] INFO  impl.LeaderElection (LeaderElection.java:logAndReturn(61)) - omNode1@group-3464CFB7038B-LeaderElection4: Election TIMEOUT; received 0 response(s) [] and 0 exception(s); omNode1@group-3464CFB7038B:t548, leader=null, voted=omNode1, raftlog=omNode1@group-3464CFB7038B-SegmentedRaftLog:OPENED:c-1,f-1,i0, conf=-1: [omNode2:122.0.0.122:9872, omNode1:0.0.0.0:9872], old=null
2020-04-28 14:37:35,074 [omNode1@group-3464CFB7038B-LeaderElection4] INFO  impl.LeaderElection (LeaderElection.java:askForVotes(206)) - omNode1@group-3464CFB7038B-LeaderElection4: begin an election at term 549 for -1: [omNode2:122.0.0.122:9872, omNode1:0.0.0.0:9872], old=null
2020-04-28 14:37:35,259 [omNode1@group-3464CFB7038B-LeaderElection4] INFO  impl.LeaderElection (LeaderElection.java:logAndReturn(61)) - omNode1@group-3464CFB7038B-LeaderElection4: Election TIMEOUT; received 0 response(s) [] and 0 exception(s); omNode1@group-3464CFB7038B:t549, leader=null, voted=omNode1, raftlog=omNode1@group-3464CFB7038B-SegmentedRaftLog:OPENED:c-1,f-1,i0, conf=-1: [omNode2:122.0.0.122:9872, omNode1:0.0.0.0:9872], old=null
2020-04-28 14:37:35,260 [omNode1@group-3464CFB7038B-LeaderElection4] INFO  impl.LeaderElection (LeaderElection.java:askForVotes(206)) - omNode1@group-3464CFB7038B-LeaderElection4: begin an election at term 550 for -1: [omNode2:122.0.0.122:9872, omNode1:0.0.0.0:9872], old=null
2020-04-28 14:37:35,303 [omNode1@group-3464CFB7038B-LeaderElection4] INFO  impl.LeaderElection (LeaderElection.java:logAndReturn(61)) - omNode1@group-3464CFB7038B-LeaderElection4: Election TIMEOUT; received 0 response(s) [] and 0 exception(s); omNode1@group-3464CFB7038B:t550, leader=null, voted=omNode1, raftlog=omNode1@group-3464CFB7038B-SegmentedRaftLog:OPENED:c-1,f-1,i0, conf=-1: [omNode2:122.0.0.122:9872, omNode1:0.0.0.0:9872], old=null
2020-04-28 14:37:35,305 [omNode1@group-3464CFB7038B-LeaderElection4] INFO  impl.LeaderElection (LeaderElection.java:askForVotes(206)) - omNode1@group-3464CFB7038B-LeaderElection4: begin an election at term 551 for -1: [omNode2:122.0.0.122:9872, omNode1:0.0.0.0:9872], old=null
2020-04-28 14:37:35,486 [omNode1@group-3464CFB7038B-LeaderElection4] INFO  impl.LeaderElection (LeaderElection.java:logAndReturn(61)) - omNode1@group-3464CFB7038B-LeaderElection4: Election TIMEOUT; received 0 response(s) [] and 0 exception(s); omNode1@group-3464CFB7038B:t551, leader=null, voted=omNode1, raftlog=omNode1@group-3464CFB7038B-SegmentedRaftLog:OPENED:c-1,f-1,i0, conf=-1: [omNode2:122.0.0.122:9872, omNode1:0.0.0.0:9872], old=null
2020-04-28 14:37:35,488 [omNode1@group-3464CFB7038B-LeaderElection4] INFO  impl.LeaderElection (LeaderElection.java:askForVotes(206)) - omNode1@group-3464CFB7038B-LeaderElection4: begin an election at term 552 for -1: [omNode2:122.0.0.122:9872, omNode1:0.0.0.0:9872], old=null
2020-04-28 14:37:35,601 [omNode1@group-3464CFB7038B-LeaderElection4] INFO  impl.LeaderElection (LeaderElection.java:logAndReturn(61)) - omNode1@group-3464CFB7038B-LeaderElection4: Election TIMEOUT; received 0 response(s) [] and 0 exception(s); omNode1@group-3464CFB7038B:t552, leader=null, voted=omNode1, raftlog=omNode1@group-3464CFB7038B-SegmentedRaftLog:OPENED:c-1,f-1,i0, conf=-1: [omNode2:122.0.0.122:9872, omNode1:0.0.0.0:9872], old=null
2020-04-28 14:37:35,603 [omNode1@group-3464CFB7038B-LeaderElection4] INFO  impl.LeaderElection (LeaderElection.java:askForVotes(206)) - omNode1@group-3464CFB7038B-LeaderElection4: begin an election at term 553 for -1: [omNode2:122.0.0.122:9872, omNode1:0.0.0.0:9872], old=null
2020-04-28 14:37:35,685 [omNode1@group-3464CFB7038B-LeaderElection4] INFO  impl.LeaderElection (LeaderElection.java:logAndReturn(61)) - omNode1@group-3464CFB7038B-LeaderElection4: Election TIMEOUT; received 0 response(s) [] and 0 exception(s); omNode1@group-3464CFB7038B:t553, leader=null, voted=omNode1, raftlog=omNode1@group-3464CFB7038B-SegmentedRaftLog:OPENED:c-1,f-1,i0, conf=-1: [omNode2:122.0.0.122:9872, omNode1:0.0.0.0:9872], old=null
2020-04-28 14:37:35,687 [omNode1@group-3464CFB7038B-LeaderElection4] INFO  impl.LeaderElection (LeaderElection.java:askForVotes(206)) - omNode1@group-3464CFB7038B-LeaderElection4: begin an election at term 554 for -1: [omNode2:122.0.0.122:9872, omNode1:0.0.0.0:9872], old=null
2020-04-28 14:37:35,775 [main] INFO  ozone.MiniOzoneClusterImpl (MiniOzoneClusterImpl.java:lambda$waitForClusterToBeReady$0(177)) - Nodes are ready. Got 3 of 3 DN Heartbeats.
2020-04-28 14:37:35,775 [main] INFO  ozone.MiniOzoneClusterImpl (MiniOzoneClusterImpl.java:lambda$waitForClusterToBeReady$0(180)) - Waiting for cluster to exit safe mode
2020-04-28 14:37:35,778 [omNode1@group-3464CFB7038B-LeaderElection4] INFO  impl.LeaderElection (LeaderElection.java:logAndReturn(61)) - omNode1@group-3464CFB7038B-LeaderElection4: Election TIMEOUT; received 0 response(s) [] and 0 exception(s); omNode1@group-3464CFB7038B:t554, leader=null, voted=omNode1, raftlog=omNode1@group-3464CFB7038B-SegmentedRaftLog:OPENED:c-1,f-1,i0, conf=-1: [omNode2:122.0.0.122:9872, omNode1:0.0.0.0:9872], old=null
2020-04-28 14:37:35,779 [omNode1@group-3464CFB7038B-LeaderElection4] INFO  impl.LeaderElection (LeaderElection.java:askForVotes(206)) - omNode1@group-3464CFB7038B-LeaderElection4: begin an election at term 555 for -1: [omNode2:122.0.0.122:9872, omNode1:0.0.0.0:9872], old=null
2020-04-28 14:37:35,847 [omNode1@group-3464CFB7038B-LeaderElection4] INFO  impl.LeaderElection (LeaderElection.java:logAndReturn(61)) - omNode1@group-3464CFB7038B-LeaderElection4: Election TIMEOUT; received 0 response(s) [] and 0 exception(s); omNode1@group-3464CFB7038B:t555, leader=null, voted=omNode1, raftlog=omNode1@group-3464CFB7038B-SegmentedRaftLog:OPENED:c-1,f-1,i0, conf=-1: [omNode2:122.0.0.122:9872, omNode1:0.0.0.0:9872], old=null
2020-04-28 14:37:35,848 [omNode1@group-3464CFB7038B-LeaderElection4] INFO  impl.LeaderElection (LeaderElection.java:askForVotes(206)) - omNode1@group-3464CFB7038B-LeaderElection4: begin an election at term 556 for -1: [omNode2:122.0.0.122:9872, omNode1:0.0.0.0:9872], old=null
2020-04-28 14:37:35,934 [omNode1@group-3464CFB7038B-LeaderElection4] INFO  impl.LeaderElection (LeaderElection.java:logAndReturn(61)) - omNode1@group-3464CFB7038B-LeaderElection4: Election TIMEOUT; received 0 response(s) [] and 0 exception(s); omNode1@group-3464CFB7038B:t556, leader=null, voted=omNode1, raftlog=omNode1@group-3464CFB7038B-SegmentedRaftLog:OPENED:c-1,f-1,i0, conf=-1: [omNode2:122.0.0.122:9872, omNode1:0.0.0.0:9872], old=null
2020-04-28 14:37:35,936 [omNode1@group-3464CFB7038B-LeaderElection4] INFO  impl.LeaderElection (LeaderElection.java:askForVotes(206)) - omNode1@group-3464CFB7038B-LeaderElection4: begin an election at term 557 for -1: [omNode2:122.0.0.122:9872, omNode1:0.0.0.0:9872], old=null
2020-04-28 14:37:36,116 [omNode1@group-3464CFB7038B-LeaderElection4] INFO  impl.LeaderElection (LeaderElection.java:logAndReturn(61)) - omNode1@group-3464CFB7038B-LeaderElection4: Election TIMEOUT; received 0 response(s) [] and 0 exception(s); omNode1@group-3464CFB7038B:t557, leader=null, voted=omNode1, raftlog=omNode1@group-3464CFB7038B-SegmentedRaftLog:OPENED:c-1,f-1,i0, conf=-1: [omNode2:122.0.0.122:9872, omNode1:0.0.0.0:9872], old=null
2020-04-28 14:37:36,118 [omNode1@group-3464CFB7038B-LeaderElection4] INFO  impl.LeaderElection (LeaderElection.java:askForVotes(206)) - omNode1@group-3464CFB7038B-LeaderElection4: begin an election at term 558 for -1: [omNode2:122.0.0.122:9872, omNode1:0.0.0.0:9872], old=null
2020-04-28 14:37:36,300 [omNode1@group-3464CFB7038B-LeaderElection4] INFO  impl.LeaderElection (LeaderElection.java:logAndReturn(61)) - omNode1@group-3464CFB7038B-LeaderElection4: Election TIMEOUT; received 0 response(s) [] and 0 exception(s); omNode1@group-3464CFB7038B:t558, leader=null, voted=omNode1, raftlog=omNode1@group-3464CFB7038B-SegmentedRaftLog:OPENED:c-1,f-1,i0, conf=-1: [omNode2:122.0.0.122:9872, omNode1:0.0.0.0:9872], old=null
2020-04-28 14:37:36,302 [omNode1@group-3464CFB7038B-LeaderElection4] INFO  impl.LeaderElection (LeaderElection.java:askForVotes(206)) - omNode1@group-3464CFB7038B-LeaderElection4: begin an election at term 559 for -1: [omNode2:122.0.0.122:9872, omNode1:0.0.0.0:9872], old=null
2020-04-28 14:37:36,409 [omNode1@group-3464CFB7038B-LeaderElection4] INFO  impl.LeaderElection (LeaderElection.java:logAndReturn(61)) - omNode1@group-3464CFB7038B-LeaderElection4: Election TIMEOUT; received 0 response(s) [] and 0 exception(s); omNode1@group-3464CFB7038B:t559, leader=null, voted=omNode1, raftlog=omNode1@group-3464CFB7038B-SegmentedRaftLog:OPENED:c-1,f-1,i0, conf=-1: [omNode2:122.0.0.122:9872, omNode1:0.0.0.0:9872], old=null
2020-04-28 14:37:36,410 [omNode1@group-3464CFB7038B-LeaderElection4] INFO  impl.LeaderElection (LeaderElection.java:askForVotes(206)) - omNode1@group-3464CFB7038B-LeaderElection4: begin an election at term 560 for -1: [omNode2:122.0.0.122:9872, omNode1:0.0.0.0:9872], old=null
2020-04-28 14:37:36,440 [omNode1@group-3464CFB7038B-LeaderElection4] INFO  impl.LeaderElection (LeaderElection.java:logAndReturn(61)) - omNode1@group-3464CFB7038B-LeaderElection4: Election TIMEOUT; received 0 response(s) [] and 0 exception(s); omNode1@group-3464CFB7038B:t560, leader=null, voted=omNode1, raftlog=omNode1@group-3464CFB7038B-SegmentedRaftLog:OPENED:c-1,f-1,i0, conf=-1: [omNode2:122.0.0.122:9872, omNode1:0.0.0.0:9872], old=null
2020-04-28 14:37:36,443 [omNode1@group-3464CFB7038B-LeaderElection4] INFO  impl.LeaderElection (LeaderElection.java:askForVotes(206)) - omNode1@group-3464CFB7038B-LeaderElection4: begin an election at term 561 for -1: [omNode2:122.0.0.122:9872, omNode1:0.0.0.0:9872], old=null
2020-04-28 14:37:36,567 [omNode1@group-3464CFB7038B-LeaderElection4] INFO  impl.LeaderElection (LeaderElection.java:logAndReturn(61)) - omNode1@group-3464CFB7038B-LeaderElection4: Election TIMEOUT; received 0 response(s) [] and 0 exception(s); omNode1@group-3464CFB7038B:t561, leader=null, voted=omNode1, raftlog=omNode1@group-3464CFB7038B-SegmentedRaftLog:OPENED:c-1,f-1,i0, conf=-1: [omNode2:122.0.0.122:9872, omNode1:0.0.0.0:9872], old=null
2020-04-28 14:37:36,568 [omNode1@group-3464CFB7038B-LeaderElection4] INFO  impl.LeaderElection (LeaderElection.java:askForVotes(206)) - omNode1@group-3464CFB7038B-LeaderElection4: begin an election at term 562 for -1: [omNode2:122.0.0.122:9872, omNode1:0.0.0.0:9872], old=null
2020-04-28 14:37:36,619 [omNode1@group-3464CFB7038B-LeaderElection4] INFO  impl.LeaderElection (LeaderElection.java:logAndReturn(61)) - omNode1@group-3464CFB7038B-LeaderElection4: Election TIMEOUT; received 0 response(s) [] and 0 exception(s); omNode1@group-3464CFB7038B:t562, leader=null, voted=omNode1, raftlog=omNode1@group-3464CFB7038B-SegmentedRaftLog:OPENED:c-1,f-1,i0, conf=-1: [omNode2:122.0.0.122:9872, omNode1:0.0.0.0:9872], old=null
2020-04-28 14:37:36,621 [omNode1@group-3464CFB7038B-LeaderElection4] INFO  impl.LeaderElection (LeaderElection.java:askForVotes(206)) - omNode1@group-3464CFB7038B-LeaderElection4: begin an election at term 563 for -1: [omNode2:122.0.0.122:9872, omNode1:0.0.0.0:9872], old=null
2020-04-28 14:37:36,713 [omNode1@group-3464CFB7038B-LeaderElection4] INFO  impl.LeaderElection (LeaderElection.java:logAndReturn(61)) - omNode1@group-3464CFB7038B-LeaderElection4: Election TIMEOUT; received 0 response(s) [] and 0 exception(s); omNode1@group-3464CFB7038B:t563, leader=null, voted=omNode1, raftlog=omNode1@group-3464CFB7038B-SegmentedRaftLog:OPENED:c-1,f-1,i0, conf=-1: [omNode2:122.0.0.122:9872, omNode1:0.0.0.0:9872], old=null
2020-04-28 14:37:36,715 [omNode1@group-3464CFB7038B-LeaderElection4] INFO  impl.LeaderElection (LeaderElection.java:askForVotes(206)) - omNode1@group-3464CFB7038B-LeaderElection4: begin an election at term 564 for -1: [omNode2:122.0.0.122:9872, omNode1:0.0.0.0:9872], old=null
2020-04-28 14:37:36,775 [main] INFO  ozone.MiniOzoneClusterImpl (MiniOzoneClusterImpl.java:lambda$waitForClusterToBeReady$0(177)) - Nodes are ready. Got 3 of 3 DN Heartbeats.
2020-04-28 14:37:36,776 [main] INFO  ozone.MiniOzoneClusterImpl (MiniOzoneClusterImpl.java:lambda$waitForClusterToBeReady$0(180)) - Waiting for cluster to exit safe mode
2020-04-28 14:37:36,905 [omNode1@group-3464CFB7038B-LeaderElection4] INFO  impl.LeaderElection (LeaderElection.java:logAndReturn(61)) - omNode1@group-3464CFB7038B-LeaderElection4: Election TIMEOUT; received 0 response(s) [] and 0 exception(s); omNode1@group-3464CFB7038B:t564, leader=null, voted=omNode1, raftlog=omNode1@group-3464CFB7038B-SegmentedRaftLog:OPENED:c-1,f-1,i0, conf=-1: [omNode2:122.0.0.122:9872, omNode1:0.0.0.0:9872], old=null
2020-04-28 14:37:36,907 [omNode1@group-3464CFB7038B-LeaderElection4] INFO  impl.LeaderElection (LeaderElection.java:askForVotes(206)) - omNode1@group-3464CFB7038B-LeaderElection4: begin an election at term 565 for -1: [omNode2:122.0.0.122:9872, omNode1:0.0.0.0:9872], old=null
2020-04-28 14:37:37,011 [omNode1@group-3464CFB7038B-LeaderElection4] INFO  impl.LeaderElection (LeaderElection.java:logAndReturn(61)) - omNode1@group-3464CFB7038B-LeaderElection4: Election TIMEOUT; received 0 response(s) [] and 0 exception(s); omNode1@group-3464CFB7038B:t565, leader=null, voted=omNode1, raftlog=omNode1@group-3464CFB7038B-SegmentedRaftLog:OPENED:c-1,f-1,i0, conf=-1: [omNode2:122.0.0.122:9872, omNode1:0.0.0.0:9872], old=null
2020-04-28 14:37:37,012 [omNode1@group-3464CFB7038B-LeaderElection4] INFO  impl.LeaderElection (LeaderElection.java:askForVotes(206)) - omNode1@group-3464CFB7038B-LeaderElection4: begin an election at term 566 for -1: [omNode2:122.0.0.122:9872, omNode1:0.0.0.0:9872], old=null
2020-04-28 14:37:37,135 [omNode1@group-3464CFB7038B-LeaderElection4] INFO  impl.LeaderElection (LeaderElection.java:logAndReturn(61)) - omNode1@group-3464CFB7038B-LeaderElection4: Election TIMEOUT; received 0 response(s) [] and 0 exception(s); omNode1@group-3464CFB7038B:t566, leader=null, voted=omNode1, raftlog=omNode1@group-3464CFB7038B-SegmentedRaftLog:OPENED:c-1,f-1,i0, conf=-1: [omNode2:122.0.0.122:9872, omNode1:0.0.0.0:9872], old=null
2020-04-28 14:37:37,136 [omNode1@group-3464CFB7038B-LeaderElection4] INFO  impl.LeaderElection (LeaderElection.java:askForVotes(206)) - omNode1@group-3464CFB7038B-LeaderElection4: begin an election at term 567 for -1: [omNode2:122.0.0.122:9872, omNode1:0.0.0.0:9872], old=null
2020-04-28 14:37:37,276 [omNode1@group-3464CFB7038B-LeaderElection4] INFO  impl.LeaderElection (LeaderElection.java:logAndReturn(61)) - omNode1@group-3464CFB7038B-LeaderElection4: Election TIMEOUT; received 0 response(s) [] and 0 exception(s); omNode1@group-3464CFB7038B:t567, leader=null, voted=omNode1, raftlog=omNode1@group-3464CFB7038B-SegmentedRaftLog:OPENED:c-1,f-1,i0, conf=-1: [omNode2:122.0.0.122:9872, omNode1:0.0.0.0:9872], old=null
2020-04-28 14:37:37,277 [omNode1@group-3464CFB7038B-LeaderElection4] INFO  impl.LeaderElection (LeaderElection.java:askForVotes(206)) - omNode1@group-3464CFB7038B-LeaderElection4: begin an election at term 568 for -1: [omNode2:122.0.0.122:9872, omNode1:0.0.0.0:9872], old=null
2020-04-28 14:37:37,471 [omNode1@group-3464CFB7038B-LeaderElection4] INFO  impl.LeaderElection (LeaderElection.java:logAndReturn(61)) - omNode1@group-3464CFB7038B-LeaderElection4: Election TIMEOUT; received 0 response(s) [] and 0 exception(s); omNode1@group-3464CFB7038B:t568, leader=null, voted=omNode1, raftlog=omNode1@group-3464CFB7038B-SegmentedRaftLog:OPENED:c-1,f-1,i0, conf=-1: [omNode2:122.0.0.122:9872, omNode1:0.0.0.0:9872], old=null
2020-04-28 14:37:37,472 [omNode1@group-3464CFB7038B-LeaderElection4] INFO  impl.LeaderElection (LeaderElection.java:askForVotes(206)) - omNode1@group-3464CFB7038B-LeaderElection4: begin an election at term 569 for -1: [omNode2:122.0.0.122:9872, omNode1:0.0.0.0:9872], old=null
2020-04-28 14:37:37,591 [omNode1@group-3464CFB7038B-LeaderElection4] INFO  impl.LeaderElection (LeaderElection.java:logAndReturn(61)) - omNode1@group-3464CFB7038B-LeaderElection4: Election TIMEOUT; received 0 response(s) [] and 0 exception(s); omNode1@group-3464CFB7038B:t569, leader=null, voted=omNode1, raftlog=omNode1@group-3464CFB7038B-SegmentedRaftLog:OPENED:c-1,f-1,i0, conf=-1: [omNode2:122.0.0.122:9872, omNode1:0.0.0.0:9872], old=null
2020-04-28 14:37:37,592 [omNode1@group-3464CFB7038B-LeaderElection4] INFO  impl.LeaderElection (LeaderElection.java:askForVotes(206)) - omNode1@group-3464CFB7038B-LeaderElection4: begin an election at term 570 for -1: [omNode2:122.0.0.122:9872, omNode1:0.0.0.0:9872], old=null
2020-04-28 14:37:37,776 [main] INFO  ozone.MiniOzoneClusterImpl (MiniOzoneClusterImpl.java:lambda$waitForClusterToBeReady$0(177)) - Nodes are ready. Got 3 of 3 DN Heartbeats.
2020-04-28 14:37:37,776 [main] INFO  ozone.MiniOzoneClusterImpl (MiniOzoneClusterImpl.java:lambda$waitForClusterToBeReady$0(180)) - Waiting for cluster to exit safe mode
2020-04-28 14:37:37,789 [omNode1@group-3464CFB7038B-LeaderElection4] INFO  impl.LeaderElection (LeaderElection.java:logAndReturn(61)) - omNode1@group-3464CFB7038B-LeaderElection4: Election TIMEOUT; received 0 response(s) [] and 0 exception(s); omNode1@group-3464CFB7038B:t570, leader=null, voted=omNode1, raftlog=omNode1@group-3464CFB7038B-SegmentedRaftLog:OPENED:c-1,f-1,i0, conf=-1: [omNode2:122.0.0.122:9872, omNode1:0.0.0.0:9872], old=null
2020-04-28 14:37:37,791 [omNode1@group-3464CFB7038B-LeaderElection4] INFO  impl.LeaderElection (LeaderElection.java:askForVotes(206)) - omNode1@group-3464CFB7038B-LeaderElection4: begin an election at term 571 for -1: [omNode2:122.0.0.122:9872, omNode1:0.0.0.0:9872], old=null
2020-04-28 14:37:37,903 [omNode1@group-3464CFB7038B-LeaderElection4] INFO  impl.LeaderElection (LeaderElection.java:logAndReturn(61)) - omNode1@group-3464CFB7038B-LeaderElection4: Election TIMEOUT; received 0 response(s) [] and 0 exception(s); omNode1@group-3464CFB7038B:t571, leader=null, voted=omNode1, raftlog=omNode1@group-3464CFB7038B-SegmentedRaftLog:OPENED:c-1,f-1,i0, conf=-1: [omNode2:122.0.0.122:9872, omNode1:0.0.0.0:9872], old=null
2020-04-28 14:37:37,906 [omNode1@group-3464CFB7038B-LeaderElection4] INFO  impl.LeaderElection (LeaderElection.java:askForVotes(206)) - omNode1@group-3464CFB7038B-LeaderElection4: begin an election at term 572 for -1: [omNode2:122.0.0.122:9872, omNode1:0.0.0.0:9872], old=null
2020-04-28 14:37:37,913 [omNode1@group-3464CFB7038B-LeaderElection4] INFO  impl.LeaderElection (LeaderElection.java:logAndReturn(61)) - omNode1@group-3464CFB7038B-LeaderElection4: Election TIMEOUT; received 0 response(s) [] and 0 exception(s); omNode1@group-3464CFB7038B:t572, leader=null, voted=omNode1, raftlog=omNode1@group-3464CFB7038B-SegmentedRaftLog:OPENED:c-1,f-1,i0, conf=-1: [omNode2:122.0.0.122:9872, omNode1:0.0.0.0:9872], old=null
2020-04-28 14:37:37,914 [omNode1@group-3464CFB7038B-LeaderElection4] INFO  impl.LeaderElection (LeaderElection.java:askForVotes(206)) - omNode1@group-3464CFB7038B-LeaderElection4: begin an election at term 573 for -1: [omNode2:122.0.0.122:9872, omNode1:0.0.0.0:9872], old=null
2020-04-28 14:37:38,075 [omNode1@group-3464CFB7038B-LeaderElection4] INFO  impl.LeaderElection (LeaderElection.java:logAndReturn(61)) - omNode1@group-3464CFB7038B-LeaderElection4: Election TIMEOUT; received 0 response(s) [] and 0 exception(s); omNode1@group-3464CFB7038B:t573, leader=null, voted=omNode1, raftlog=omNode1@group-3464CFB7038B-SegmentedRaftLog:OPENED:c-1,f-1,i0, conf=-1: [omNode2:122.0.0.122:9872, omNode1:0.0.0.0:9872], old=null
2020-04-28 14:37:38,077 [omNode1@group-3464CFB7038B-LeaderElection4] INFO  impl.LeaderElection (LeaderElection.java:askForVotes(206)) - omNode1@group-3464CFB7038B-LeaderElection4: begin an election at term 574 for -1: [omNode2:122.0.0.122:9872, omNode1:0.0.0.0:9872], old=null
2020-04-28 14:37:38,209 [omNode1@group-3464CFB7038B-LeaderElection4] INFO  impl.LeaderElection (LeaderElection.java:logAndReturn(61)) - omNode1@group-3464CFB7038B-LeaderElection4: Election TIMEOUT; received 0 response(s) [] and 0 exception(s); omNode1@group-3464CFB7038B:t574, leader=null, voted=omNode1, raftlog=omNode1@group-3464CFB7038B-SegmentedRaftLog:OPENED:c-1,f-1,i0, conf=-1: [omNode2:122.0.0.122:9872, omNode1:0.0.0.0:9872], old=null
2020-04-28 14:37:38,210 [omNode1@group-3464CFB7038B-LeaderElection4] INFO  impl.LeaderElection (LeaderElection.java:askForVotes(206)) - omNode1@group-3464CFB7038B-LeaderElection4: begin an election at term 575 for -1: [omNode2:122.0.0.122:9872, omNode1:0.0.0.0:9872], old=null
2020-04-28 14:37:38,261 [omNode1@group-3464CFB7038B-LeaderElection4] INFO  impl.LeaderElection (LeaderElection.java:logAndReturn(61)) - omNode1@group-3464CFB7038B-LeaderElection4: Election TIMEOUT; received 0 response(s) [] and 0 exception(s); omNode1@group-3464CFB7038B:t575, leader=null, voted=omNode1, raftlog=omNode1@group-3464CFB7038B-SegmentedRaftLog:OPENED:c-1,f-1,i0, conf=-1: [omNode2:122.0.0.122:9872, omNode1:0.0.0.0:9872], old=null
2020-04-28 14:37:38,262 [omNode1@group-3464CFB7038B-LeaderElection4] INFO  impl.LeaderElection (LeaderElection.java:askForVotes(206)) - omNode1@group-3464CFB7038B-LeaderElection4: begin an election at term 576 for -1: [omNode2:122.0.0.122:9872, omNode1:0.0.0.0:9872], old=null
2020-04-28 14:37:38,355 [omNode1@group-3464CFB7038B-LeaderElection4] INFO  impl.LeaderElection (LeaderElection.java:logAndReturn(61)) - omNode1@group-3464CFB7038B-LeaderElection4: Election TIMEOUT; received 0 response(s) [] and 0 exception(s); omNode1@group-3464CFB7038B:t576, leader=null, voted=omNode1, raftlog=omNode1@group-3464CFB7038B-SegmentedRaftLog:OPENED:c-1,f-1,i0, conf=-1: [omNode2:122.0.0.122:9872, omNode1:0.0.0.0:9872], old=null
2020-04-28 14:37:38,357 [omNode1@group-3464CFB7038B-LeaderElection4] INFO  impl.LeaderElection (LeaderElection.java:askForVotes(206)) - omNode1@group-3464CFB7038B-LeaderElection4: begin an election at term 577 for -1: [omNode2:122.0.0.122:9872, omNode1:0.0.0.0:9872], old=null
2020-04-28 14:37:38,493 [omNode1@group-3464CFB7038B-LeaderElection4] INFO  impl.LeaderElection (LeaderElection.java:logAndReturn(61)) - omNode1@group-3464CFB7038B-LeaderElection4: Election TIMEOUT; received 0 response(s) [] and 0 exception(s); omNode1@group-3464CFB7038B:t577, leader=null, voted=omNode1, raftlog=omNode1@group-3464CFB7038B-SegmentedRaftLog:OPENED:c-1,f-1,i0, conf=-1: [omNode2:122.0.0.122:9872, omNode1:0.0.0.0:9872], old=null
2020-04-28 14:37:38,494 [omNode1@group-3464CFB7038B-LeaderElection4] INFO  impl.LeaderElection (LeaderElection.java:askForVotes(206)) - omNode1@group-3464CFB7038B-LeaderElection4: begin an election at term 578 for -1: [omNode2:122.0.0.122:9872, omNode1:0.0.0.0:9872], old=null
2020-04-28 14:37:38,658 [omNode1@group-3464CFB7038B-LeaderElection4] INFO  impl.LeaderElection (LeaderElection.java:logAndReturn(61)) - omNode1@group-3464CFB7038B-LeaderElection4: Election TIMEOUT; received 0 response(s) [] and 0 exception(s); omNode1@group-3464CFB7038B:t578, leader=null, voted=omNode1, raftlog=omNode1@group-3464CFB7038B-SegmentedRaftLog:OPENED:c-1,f-1,i0, conf=-1: [omNode2:122.0.0.122:9872, omNode1:0.0.0.0:9872], old=null
2020-04-28 14:37:38,662 [omNode1@group-3464CFB7038B-LeaderElection4] INFO  impl.LeaderElection (LeaderElection.java:askForVotes(206)) - omNode1@group-3464CFB7038B-LeaderElection4: begin an election at term 579 for -1: [omNode2:122.0.0.122:9872, omNode1:0.0.0.0:9872], old=null
2020-04-28 14:37:38,771 [omNode1@group-3464CFB7038B-LeaderElection4] INFO  impl.LeaderElection (LeaderElection.java:logAndReturn(61)) - omNode1@group-3464CFB7038B-LeaderElection4: Election TIMEOUT; received 0 response(s) [] and 0 exception(s); omNode1@group-3464CFB7038B:t579, leader=null, voted=omNode1, raftlog=omNode1@group-3464CFB7038B-SegmentedRaftLog:OPENED:c-1,f-1,i0, conf=-1: [omNode2:122.0.0.122:9872, omNode1:0.0.0.0:9872], old=null
2020-04-28 14:37:38,773 [omNode1@group-3464CFB7038B-LeaderElection4] INFO  impl.LeaderElection (LeaderElection.java:askForVotes(206)) - omNode1@group-3464CFB7038B-LeaderElection4: begin an election at term 580 for -1: [omNode2:122.0.0.122:9872, omNode1:0.0.0.0:9872], old=null
2020-04-28 14:37:38,777 [main] INFO  ozone.MiniOzoneClusterImpl (MiniOzoneClusterImpl.java:lambda$waitForClusterToBeReady$0(177)) - Nodes are ready. Got 3 of 3 DN Heartbeats.
2020-04-28 14:37:38,777 [main] INFO  ozone.MiniOzoneClusterImpl (MiniOzoneClusterImpl.java:lambda$waitForClusterToBeReady$0(180)) - Waiting for cluster to exit safe mode
2020-04-28 14:37:38,949 [omNode1@group-3464CFB7038B-LeaderElection4] INFO  impl.LeaderElection (LeaderElection.java:logAndReturn(61)) - omNode1@group-3464CFB7038B-LeaderElection4: Election TIMEOUT; received 0 response(s) [] and 0 exception(s); omNode1@group-3464CFB7038B:t580, leader=null, voted=omNode1, raftlog=omNode1@group-3464CFB7038B-SegmentedRaftLog:OPENED:c-1,f-1,i0, conf=-1: [omNode2:122.0.0.122:9872, omNode1:0.0.0.0:9872], old=null
2020-04-28 14:37:38,951 [omNode1@group-3464CFB7038B-LeaderElection4] INFO  impl.LeaderElection (LeaderElection.java:askForVotes(206)) - omNode1@group-3464CFB7038B-LeaderElection4: begin an election at term 581 for -1: [omNode2:122.0.0.122:9872, omNode1:0.0.0.0:9872], old=null
2020-04-28 14:37:39,106 [omNode1@group-3464CFB7038B-LeaderElection4] INFO  impl.LeaderElection (LeaderElection.java:logAndReturn(61)) - omNode1@group-3464CFB7038B-LeaderElection4: Election TIMEOUT; received 0 response(s) [] and 0 exception(s); omNode1@group-3464CFB7038B:t581, leader=null, voted=omNode1, raftlog=omNode1@group-3464CFB7038B-SegmentedRaftLog:OPENED:c-1,f-1,i0, conf=-1: [omNode2:122.0.0.122:9872, omNode1:0.0.0.0:9872], old=null
2020-04-28 14:37:39,108 [omNode1@group-3464CFB7038B-LeaderElection4] INFO  impl.LeaderElection (LeaderElection.java:askForVotes(206)) - omNode1@group-3464CFB7038B-LeaderElection4: begin an election at term 582 for -1: [omNode2:122.0.0.122:9872, omNode1:0.0.0.0:9872], old=null
2020-04-28 14:37:39,165 [omNode1@group-3464CFB7038B-LeaderElection4] INFO  impl.LeaderElection (LeaderElection.java:logAndReturn(61)) - omNode1@group-3464CFB7038B-LeaderElection4: Election TIMEOUT; received 0 response(s) [] and 0 exception(s); omNode1@group-3464CFB7038B:t582, leader=null, voted=omNode1, raftlog=omNode1@group-3464CFB7038B-SegmentedRaftLog:OPENED:c-1,f-1,i0, conf=-1: [omNode2:122.0.0.122:9872, omNode1:0.0.0.0:9872], old=null
2020-04-28 14:37:39,167 [omNode1@group-3464CFB7038B-LeaderElection4] INFO  impl.LeaderElection (LeaderElection.java:askForVotes(206)) - omNode1@group-3464CFB7038B-LeaderElection4: begin an election at term 583 for -1: [omNode2:122.0.0.122:9872, omNode1:0.0.0.0:9872], old=null
2020-04-28 14:37:39,188 [omNode1@group-3464CFB7038B-LeaderElection4] INFO  impl.LeaderElection (LeaderElection.java:logAndReturn(61)) - omNode1@group-3464CFB7038B-LeaderElection4: Election TIMEOUT; received 0 response(s) [] and 0 exception(s); omNode1@group-3464CFB7038B:t583, leader=null, voted=omNode1, raftlog=omNode1@group-3464CFB7038B-SegmentedRaftLog:OPENED:c-1,f-1,i0, conf=-1: [omNode2:122.0.0.122:9872, omNode1:0.0.0.0:9872], old=null
2020-04-28 14:37:39,189 [omNode1@group-3464CFB7038B-LeaderElection4] INFO  impl.LeaderElection (LeaderElection.java:askForVotes(206)) - omNode1@group-3464CFB7038B-LeaderElection4: begin an election at term 584 for -1: [omNode2:122.0.0.122:9872, omNode1:0.0.0.0:9872], old=null
2020-04-28 14:37:39,251 [omNode1@group-3464CFB7038B-LeaderElection4] INFO  impl.LeaderElection (LeaderElection.java:logAndReturn(61)) - omNode1@group-3464CFB7038B-LeaderElection4: Election TIMEOUT; received 0 response(s) [] and 0 exception(s); omNode1@group-3464CFB7038B:t584, leader=null, voted=omNode1, raftlog=omNode1@group-3464CFB7038B-SegmentedRaftLog:OPENED:c-1,f-1,i0, conf=-1: [omNode2:122.0.0.122:9872, omNode1:0.0.0.0:9872], old=null
2020-04-28 14:37:39,253 [omNode1@group-3464CFB7038B-LeaderElection4] INFO  impl.LeaderElection (LeaderElection.java:askForVotes(206)) - omNode1@group-3464CFB7038B-LeaderElection4: begin an election at term 585 for -1: [omNode2:122.0.0.122:9872, omNode1:0.0.0.0:9872], old=null
2020-04-28 14:37:39,438 [omNode1@group-3464CFB7038B-LeaderElection4] INFO  impl.LeaderElection (LeaderElection.java:logAndReturn(61)) - omNode1@group-3464CFB7038B-LeaderElection4: Election TIMEOUT; received 0 response(s) [] and 0 exception(s); omNode1@group-3464CFB7038B:t585, leader=null, voted=omNode1, raftlog=omNode1@group-3464CFB7038B-SegmentedRaftLog:OPENED:c-1,f-1,i0, conf=-1: [omNode2:122.0.0.122:9872, omNode1:0.0.0.0:9872], old=null
2020-04-28 14:37:39,440 [omNode1@group-3464CFB7038B-LeaderElection4] INFO  impl.LeaderElection (LeaderElection.java:askForVotes(206)) - omNode1@group-3464CFB7038B-LeaderElection4: begin an election at term 586 for -1: [omNode2:122.0.0.122:9872, omNode1:0.0.0.0:9872], old=null
2020-04-28 14:37:39,528 [omNode1@group-3464CFB7038B-LeaderElection4] INFO  impl.LeaderElection (LeaderElection.java:logAndReturn(61)) - omNode1@group-3464CFB7038B-LeaderElection4: Election TIMEOUT; received 0 response(s) [] and 0 exception(s); omNode1@group-3464CFB7038B:t586, leader=null, voted=omNode1, raftlog=omNode1@group-3464CFB7038B-SegmentedRaftLog:OPENED:c-1,f-1,i0, conf=-1: [omNode2:122.0.0.122:9872, omNode1:0.0.0.0:9872], old=null
2020-04-28 14:37:39,529 [omNode1@group-3464CFB7038B-LeaderElection4] INFO  impl.LeaderElection (LeaderElection.java:askForVotes(206)) - omNode1@group-3464CFB7038B-LeaderElection4: begin an election at term 587 for -1: [omNode2:122.0.0.122:9872, omNode1:0.0.0.0:9872], old=null
2020-04-28 14:37:39,532 [omNode1@group-3464CFB7038B-LeaderElection4] INFO  impl.LeaderElection (LeaderElection.java:logAndReturn(61)) - omNode1@group-3464CFB7038B-LeaderElection4: Election TIMEOUT; received 0 response(s) [] and 0 exception(s); omNode1@group-3464CFB7038B:t587, leader=null, voted=omNode1, raftlog=omNode1@group-3464CFB7038B-SegmentedRaftLog:OPENED:c-1,f-1,i0, conf=-1: [omNode2:122.0.0.122:9872, omNode1:0.0.0.0:9872], old=null
2020-04-28 14:37:39,533 [omNode1@group-3464CFB7038B-LeaderElection4] INFO  impl.LeaderElection (LeaderElection.java:askForVotes(206)) - omNode1@group-3464CFB7038B-LeaderElection4: begin an election at term 588 for -1: [omNode2:122.0.0.122:9872, omNode1:0.0.0.0:9872], old=null
2020-04-28 14:37:39,658 [omNode1@group-3464CFB7038B-LeaderElection4] INFO  impl.LeaderElection (LeaderElection.java:logAndReturn(61)) - omNode1@group-3464CFB7038B-LeaderElection4: Election TIMEOUT; received 0 response(s) [] and 0 exception(s); omNode1@group-3464CFB7038B:t588, leader=null, voted=omNode1, raftlog=omNode1@group-3464CFB7038B-SegmentedRaftLog:OPENED:c-1,f-1,i0, conf=-1: [omNode2:122.0.0.122:9872, omNode1:0.0.0.0:9872], old=null
2020-04-28 14:37:39,659 [omNode1@group-3464CFB7038B-LeaderElection4] INFO  impl.LeaderElection (LeaderElection.java:askForVotes(206)) - omNode1@group-3464CFB7038B-LeaderElection4: begin an election at term 589 for -1: [omNode2:122.0.0.122:9872, omNode1:0.0.0.0:9872], old=null
2020-04-28 14:37:39,777 [main] INFO  ozone.MiniOzoneClusterImpl (MiniOzoneClusterImpl.java:lambda$waitForClusterToBeReady$0(177)) - Nodes are ready. Got 3 of 3 DN Heartbeats.
2020-04-28 14:37:39,777 [main] INFO  ozone.MiniOzoneClusterImpl (MiniOzoneClusterImpl.java:lambda$waitForClusterToBeReady$0(180)) - Waiting for cluster to exit safe mode
2020-04-28 14:37:39,787 [omNode1@group-3464CFB7038B-LeaderElection4] INFO  impl.LeaderElection (LeaderElection.java:logAndReturn(61)) - omNode1@group-3464CFB7038B-LeaderElection4: Election TIMEOUT; received 0 response(s) [] and 0 exception(s); omNode1@group-3464CFB7038B:t589, leader=null, voted=omNode1, raftlog=omNode1@group-3464CFB7038B-SegmentedRaftLog:OPENED:c-1,f-1,i0, conf=-1: [omNode2:122.0.0.122:9872, omNode1:0.0.0.0:9872], old=null
2020-04-28 14:37:39,788 [omNode1@group-3464CFB7038B-LeaderElection4] INFO  impl.LeaderElection (LeaderElection.java:askForVotes(206)) - omNode1@group-3464CFB7038B-LeaderElection4: begin an election at term 590 for -1: [omNode2:122.0.0.122:9872, omNode1:0.0.0.0:9872], old=null
2020-04-28 14:37:39,970 [omNode1@group-3464CFB7038B-LeaderElection4] INFO  impl.LeaderElection (LeaderElection.java:logAndReturn(61)) - omNode1@group-3464CFB7038B-LeaderElection4: Election TIMEOUT; received 0 response(s) [] and 0 exception(s); omNode1@group-3464CFB7038B:t590, leader=null, voted=omNode1, raftlog=omNode1@group-3464CFB7038B-SegmentedRaftLog:OPENED:c-1,f-1,i0, conf=-1: [omNode2:122.0.0.122:9872, omNode1:0.0.0.0:9872], old=null
2020-04-28 14:37:39,973 [omNode1@group-3464CFB7038B-LeaderElection4] INFO  impl.LeaderElection (LeaderElection.java:askForVotes(206)) - omNode1@group-3464CFB7038B-LeaderElection4: begin an election at term 591 for -1: [omNode2:122.0.0.122:9872, omNode1:0.0.0.0:9872], old=null
2020-04-28 14:37:40,023 [omNode1@group-3464CFB7038B-LeaderElection4] INFO  impl.LeaderElection (LeaderElection.java:logAndReturn(61)) - omNode1@group-3464CFB7038B-LeaderElection4: Election TIMEOUT; received 0 response(s) [] and 0 exception(s); omNode1@group-3464CFB7038B:t591, leader=null, voted=omNode1, raftlog=omNode1@group-3464CFB7038B-SegmentedRaftLog:OPENED:c-1,f-1,i0, conf=-1: [omNode2:122.0.0.122:9872, omNode1:0.0.0.0:9872], old=null
2020-04-28 14:37:40,024 [omNode1@group-3464CFB7038B-LeaderElection4] INFO  impl.LeaderElection (LeaderElection.java:askForVotes(206)) - omNode1@group-3464CFB7038B-LeaderElection4: begin an election at term 592 for -1: [omNode2:122.0.0.122:9872, omNode1:0.0.0.0:9872], old=null
2020-04-28 14:37:40,224 [omNode1@group-3464CFB7038B-LeaderElection4] INFO  impl.LeaderElection (LeaderElection.java:logAndReturn(61)) - omNode1@group-3464CFB7038B-LeaderElection4: Election TIMEOUT; received 0 response(s) [] and 0 exception(s); omNode1@group-3464CFB7038B:t592, leader=null, voted=omNode1, raftlog=omNode1@group-3464CFB7038B-SegmentedRaftLog:OPENED:c-1,f-1,i0, conf=-1: [omNode2:122.0.0.122:9872, omNode1:0.0.0.0:9872], old=null
2020-04-28 14:37:40,226 [omNode1@group-3464CFB7038B-LeaderElection4] INFO  impl.LeaderElection (LeaderElection.java:askForVotes(206)) - omNode1@group-3464CFB7038B-LeaderElection4: begin an election at term 593 for -1: [omNode2:122.0.0.122:9872, omNode1:0.0.0.0:9872], old=null
2020-04-28 14:37:40,251 [omNode1@group-3464CFB7038B-LeaderElection4] INFO  impl.LeaderElection (LeaderElection.java:logAndReturn(61)) - omNode1@group-3464CFB7038B-LeaderElection4: Election TIMEOUT; received 0 response(s) [] and 0 exception(s); omNode1@group-3464CFB7038B:t593, leader=null, voted=omNode1, raftlog=omNode1@group-3464CFB7038B-SegmentedRaftLog:OPENED:c-1,f-1,i0, conf=-1: [omNode2:122.0.0.122:9872, omNode1:0.0.0.0:9872], old=null
2020-04-28 14:37:40,253 [omNode1@group-3464CFB7038B-LeaderElection4] INFO  impl.LeaderElection (LeaderElection.java:askForVotes(206)) - omNode1@group-3464CFB7038B-LeaderElection4: begin an election at term 594 for -1: [omNode2:122.0.0.122:9872, omNode1:0.0.0.0:9872], old=null
2020-04-28 14:37:40,296 [omNode1@group-3464CFB7038B-LeaderElection4] INFO  impl.LeaderElection (LogUtils.java:infoOrTrace(137)) - omNode1@group-3464CFB7038B-LeaderElection4 got exception when requesting votes: java.util.concurrent.ExecutionException: org.apache.ratis.thirdparty.io.grpc.StatusRuntimeException: UNAVAILABLE: io exception
2020-04-28 14:37:40,297 [omNode1@group-3464CFB7038B-LeaderElection4] INFO  impl.LeaderElection (LeaderElection.java:logAndReturn(61)) - omNode1@group-3464CFB7038B-LeaderElection4: Election REJECTED; received 0 response(s) [] and 1 exception(s); omNode1@group-3464CFB7038B:t594, leader=null, voted=omNode1, raftlog=omNode1@group-3464CFB7038B-SegmentedRaftLog:OPENED:c-1,f-1,i0, conf=-1: [omNode2:122.0.0.122:9872, omNode1:0.0.0.0:9872], old=null
2020-04-28 14:37:40,297 [omNode1@group-3464CFB7038B-LeaderElection4] INFO  impl.LeaderElection (LogUtils.java:infoOrTrace(137)) -   Exception 0: java.util.concurrent.ExecutionException: org.apache.ratis.thirdparty.io.grpc.StatusRuntimeException: UNAVAILABLE: io exception
2020-04-28 14:37:40,297 [omNode1@group-3464CFB7038B-LeaderElection4] INFO  impl.RaftServerImpl (RaftServerImpl.java:setRole(172)) - omNode1@group-3464CFB7038B: changes role from CANDIDATE to FOLLOWER at term 594 for DISCOVERED_A_NEW_TERM
2020-04-28 14:37:40,297 [omNode1@group-3464CFB7038B-LeaderElection4] INFO  impl.RoleInfo (RoleInfo.java:shutdownLeaderElection(134)) - omNode1: shutdown LeaderElection
2020-04-28 14:37:40,297 [omNode1@group-3464CFB7038B-LeaderElection4] INFO  impl.RoleInfo (RoleInfo.java:updateAndGet(143)) - omNode1: start FollowerState
2020-04-28 14:37:40,398 [Thread-789] INFO  impl.FollowerState (FollowerState.java:run(108)) - omNode1@group-3464CFB7038B-FollowerState: change to CANDIDATE, lastRpcTime:101ms, electionTimeout:100ms
2020-04-28 14:37:40,398 [Thread-789] INFO  impl.RoleInfo (RoleInfo.java:shutdownFollowerState(121)) - omNode1: shutdown FollowerState
2020-04-28 14:37:40,398 [Thread-789] INFO  impl.RaftServerImpl (RaftServerImpl.java:setRole(172)) - omNode1@group-3464CFB7038B: changes role from  FOLLOWER to CANDIDATE at term 594 for changeToCandidate
2020-04-28 14:37:40,398 [Thread-789] INFO  impl.RoleInfo (RoleInfo.java:updateAndGet(143)) - omNode1: start LeaderElection
2020-04-28 14:37:40,401 [omNode1@group-3464CFB7038B-LeaderElection5] INFO  impl.LeaderElection (LeaderElection.java:askForVotes(206)) - omNode1@group-3464CFB7038B-LeaderElection5: begin an election at term 595 for -1: [omNode2:122.0.0.122:9872, omNode1:0.0.0.0:9872], old=null
2020-04-28 14:37:40,538 [omNode1@group-3464CFB7038B-LeaderElection5] INFO  impl.LeaderElection (LeaderElection.java:logAndReturn(61)) - omNode1@group-3464CFB7038B-LeaderElection5: Election TIMEOUT; received 0 response(s) [] and 0 exception(s); omNode1@group-3464CFB7038B:t595, leader=null, voted=omNode1, raftlog=omNode1@group-3464CFB7038B-SegmentedRaftLog:OPENED:c-1,f-1,i0, conf=-1: [omNode2:122.0.0.122:9872, omNode1:0.0.0.0:9872], old=null
2020-04-28 14:37:40,539 [omNode1@group-3464CFB7038B-LeaderElection5] INFO  impl.LeaderElection (LeaderElection.java:askForVotes(206)) - omNode1@group-3464CFB7038B-LeaderElection5: begin an election at term 596 for -1: [omNode2:122.0.0.122:9872, omNode1:0.0.0.0:9872], old=null
2020-04-28 14:37:40,558 [omNode1@group-3464CFB7038B-LeaderElection5] INFO  impl.LeaderElection (LeaderElection.java:logAndReturn(61)) - omNode1@group-3464CFB7038B-LeaderElection5: Election TIMEOUT; received 0 response(s) [] and 0 exception(s); omNode1@group-3464CFB7038B:t596, leader=null, voted=omNode1, raftlog=omNode1@group-3464CFB7038B-SegmentedRaftLog:OPENED:c-1,f-1,i0, conf=-1: [omNode2:122.0.0.122:9872, omNode1:0.0.0.0:9872], old=null
2020-04-28 14:37:40,559 [omNode1@group-3464CFB7038B-LeaderElection5] INFO  impl.LeaderElection (LeaderElection.java:askForVotes(206)) - omNode1@group-3464CFB7038B-LeaderElection5: begin an election at term 597 for -1: [omNode2:122.0.0.122:9872, omNode1:0.0.0.0:9872], old=null
2020-04-28 14:37:40,698 [omNode1@group-3464CFB7038B-LeaderElection5] INFO  impl.LeaderElection (LeaderElection.java:logAndReturn(61)) - omNode1@group-3464CFB7038B-LeaderElection5: Election TIMEOUT; received 0 response(s) [] and 0 exception(s); omNode1@group-3464CFB7038B:t597, leader=null, voted=omNode1, raftlog=omNode1@group-3464CFB7038B-SegmentedRaftLog:OPENED:c-1,f-1,i0, conf=-1: [omNode2:122.0.0.122:9872, omNode1:0.0.0.0:9872], old=null
2020-04-28 14:37:40,700 [omNode1@group-3464CFB7038B-LeaderElection5] INFO  impl.LeaderElection (LeaderElection.java:askForVotes(206)) - omNode1@group-3464CFB7038B-LeaderElection5: begin an election at term 598 for -1: [omNode2:122.0.0.122:9872, omNode1:0.0.0.0:9872], old=null
2020-04-28 14:37:40,778 [main] INFO  ozone.MiniOzoneClusterImpl (MiniOzoneClusterImpl.java:lambda$waitForClusterToBeReady$0(177)) - Nodes are ready. Got 3 of 3 DN Heartbeats.
2020-04-28 14:37:40,778 [main] INFO  ozone.MiniOzoneClusterImpl (MiniOzoneClusterImpl.java:lambda$waitForClusterToBeReady$0(180)) - Waiting for cluster to exit safe mode
2020-04-28 14:37:40,854 [omNode1@group-3464CFB7038B-LeaderElection5] INFO  impl.LeaderElection (LeaderElection.java:logAndReturn(61)) - omNode1@group-3464CFB7038B-LeaderElection5: Election TIMEOUT; received 0 response(s) [] and 0 exception(s); omNode1@group-3464CFB7038B:t598, leader=null, voted=omNode1, raftlog=omNode1@group-3464CFB7038B-SegmentedRaftLog:OPENED:c-1,f-1,i0, conf=-1: [omNode2:122.0.0.122:9872, omNode1:0.0.0.0:9872], old=null
2020-04-28 14:37:40,855 [omNode1@group-3464CFB7038B-LeaderElection5] INFO  impl.LeaderElection (LeaderElection.java:askForVotes(206)) - omNode1@group-3464CFB7038B-LeaderElection5: begin an election at term 599 for -1: [omNode2:122.0.0.122:9872, omNode1:0.0.0.0:9872], old=null
2020-04-28 14:37:40,983 [omNode1@group-3464CFB7038B-LeaderElection5] INFO  impl.LeaderElection (LeaderElection.java:logAndReturn(61)) - omNode1@group-3464CFB7038B-LeaderElection5: Election TIMEOUT; received 0 response(s) [] and 0 exception(s); omNode1@group-3464CFB7038B:t599, leader=null, voted=omNode1, raftlog=omNode1@group-3464CFB7038B-SegmentedRaftLog:OPENED:c-1,f-1,i0, conf=-1: [omNode2:122.0.0.122:9872, omNode1:0.0.0.0:9872], old=null
2020-04-28 14:37:40,985 [omNode1@group-3464CFB7038B-LeaderElection5] INFO  impl.LeaderElection (LeaderElection.java:askForVotes(206)) - omNode1@group-3464CFB7038B-LeaderElection5: begin an election at term 600 for -1: [omNode2:122.0.0.122:9872, omNode1:0.0.0.0:9872], old=null
2020-04-28 14:37:41,036 [omNode1@group-3464CFB7038B-LeaderElection5] INFO  impl.LeaderElection (LeaderElection.java:logAndReturn(61)) - omNode1@group-3464CFB7038B-LeaderElection5: Election TIMEOUT; received 0 response(s) [] and 0 exception(s); omNode1@group-3464CFB7038B:t600, leader=null, voted=omNode1, raftlog=omNode1@group-3464CFB7038B-SegmentedRaftLog:OPENED:c-1,f-1,i0, conf=-1: [omNode2:122.0.0.122:9872, omNode1:0.0.0.0:9872], old=null
2020-04-28 14:37:41,037 [omNode1@group-3464CFB7038B-LeaderElection5] INFO  impl.LeaderElection (LeaderElection.java:askForVotes(206)) - omNode1@group-3464CFB7038B-LeaderElection5: begin an election at term 601 for -1: [omNode2:122.0.0.122:9872, omNode1:0.0.0.0:9872], old=null
2020-04-28 14:37:41,237 [omNode1@group-3464CFB7038B-LeaderElection5] INFO  impl.LeaderElection (LeaderElection.java:logAndReturn(61)) - omNode1@group-3464CFB7038B-LeaderElection5: Election TIMEOUT; received 0 response(s) [] and 0 exception(s); omNode1@group-3464CFB7038B:t601, leader=null, voted=omNode1, raftlog=omNode1@group-3464CFB7038B-SegmentedRaftLog:OPENED:c-1,f-1,i0, conf=-1: [omNode2:122.0.0.122:9872, omNode1:0.0.0.0:9872], old=null
2020-04-28 14:37:41,238 [omNode1@group-3464CFB7038B-LeaderElection5] INFO  impl.LeaderElection (LeaderElection.java:askForVotes(206)) - omNode1@group-3464CFB7038B-LeaderElection5: begin an election at term 602 for -1: [omNode2:122.0.0.122:9872, omNode1:0.0.0.0:9872], old=null
2020-04-28 14:37:41,389 [omNode1@group-3464CFB7038B-LeaderElection5] INFO  impl.LeaderElection (LeaderElection.java:logAndReturn(61)) - omNode1@group-3464CFB7038B-LeaderElection5: Election TIMEOUT; received 0 response(s) [] and 0 exception(s); omNode1@group-3464CFB7038B:t602, leader=null, voted=omNode1, raftlog=omNode1@group-3464CFB7038B-SegmentedRaftLog:OPENED:c-1,f-1,i0, conf=-1: [omNode2:122.0.0.122:9872, omNode1:0.0.0.0:9872], old=null
2020-04-28 14:37:41,390 [omNode1@group-3464CFB7038B-LeaderElection5] INFO  impl.LeaderElection (LeaderElection.java:askForVotes(206)) - omNode1@group-3464CFB7038B-LeaderElection5: begin an election at term 603 for -1: [omNode2:122.0.0.122:9872, omNode1:0.0.0.0:9872], old=null
2020-04-28 14:37:41,544 [omNode1@group-3464CFB7038B-LeaderElection5] INFO  impl.LeaderElection (LeaderElection.java:logAndReturn(61)) - omNode1@group-3464CFB7038B-LeaderElection5: Election TIMEOUT; received 0 response(s) [] and 0 exception(s); omNode1@group-3464CFB7038B:t603, leader=null, voted=omNode1, raftlog=omNode1@group-3464CFB7038B-SegmentedRaftLog:OPENED:c-1,f-1,i0, conf=-1: [omNode2:122.0.0.122:9872, omNode1:0.0.0.0:9872], old=null
2020-04-28 14:37:41,546 [omNode1@group-3464CFB7038B-LeaderElection5] INFO  impl.LeaderElection (LeaderElection.java:askForVotes(206)) - omNode1@group-3464CFB7038B-LeaderElection5: begin an election at term 604 for -1: [omNode2:122.0.0.122:9872, omNode1:0.0.0.0:9872], old=null
2020-04-28 14:37:41,700 [omNode1@group-3464CFB7038B-LeaderElection5] INFO  impl.LeaderElection (LeaderElection.java:logAndReturn(61)) - omNode1@group-3464CFB7038B-LeaderElection5: Election TIMEOUT; received 0 response(s) [] and 0 exception(s); omNode1@group-3464CFB7038B:t604, leader=null, voted=omNode1, raftlog=omNode1@group-3464CFB7038B-SegmentedRaftLog:OPENED:c-1,f-1,i0, conf=-1: [omNode2:122.0.0.122:9872, omNode1:0.0.0.0:9872], old=null
2020-04-28 14:37:41,702 [omNode1@group-3464CFB7038B-LeaderElection5] INFO  impl.LeaderElection (LeaderElection.java:askForVotes(206)) - omNode1@group-3464CFB7038B-LeaderElection5: begin an election at term 605 for -1: [omNode2:122.0.0.122:9872, omNode1:0.0.0.0:9872], old=null
2020-04-28 14:37:41,755 [omNode1@group-3464CFB7038B-LeaderElection5] INFO  impl.LeaderElection (LeaderElection.java:logAndReturn(61)) - omNode1@group-3464CFB7038B-LeaderElection5: Election TIMEOUT; received 0 response(s) [] and 0 exception(s); omNode1@group-3464CFB7038B:t605, leader=null, voted=omNode1, raftlog=omNode1@group-3464CFB7038B-SegmentedRaftLog:OPENED:c-1,f-1,i0, conf=-1: [omNode2:122.0.0.122:9872, omNode1:0.0.0.0:9872], old=null
2020-04-28 14:37:41,756 [omNode1@group-3464CFB7038B-LeaderElection5] INFO  impl.LeaderElection (LeaderElection.java:askForVotes(206)) - omNode1@group-3464CFB7038B-LeaderElection5: begin an election at term 606 for -1: [omNode2:122.0.0.122:9872, omNode1:0.0.0.0:9872], old=null
2020-04-28 14:37:41,778 [main] INFO  ozone.MiniOzoneClusterImpl (MiniOzoneClusterImpl.java:lambda$waitForClusterToBeReady$0(177)) - Nodes are ready. Got 3 of 3 DN Heartbeats.
2020-04-28 14:37:41,778 [main] INFO  ozone.MiniOzoneClusterImpl (MiniOzoneClusterImpl.java:lambda$waitForClusterToBeReady$0(180)) - Waiting for cluster to exit safe mode
2020-04-28 14:37:41,948 [omNode1@group-3464CFB7038B-LeaderElection5] INFO  impl.LeaderElection (LeaderElection.java:logAndReturn(61)) - omNode1@group-3464CFB7038B-LeaderElection5: Election TIMEOUT; received 0 response(s) [] and 0 exception(s); omNode1@group-3464CFB7038B:t606, leader=null, voted=omNode1, raftlog=omNode1@group-3464CFB7038B-SegmentedRaftLog:OPENED:c-1,f-1,i0, conf=-1: [omNode2:122.0.0.122:9872, omNode1:0.0.0.0:9872], old=null
2020-04-28 14:37:41,950 [omNode1@group-3464CFB7038B-LeaderElection5] INFO  impl.LeaderElection (LeaderElection.java:askForVotes(206)) - omNode1@group-3464CFB7038B-LeaderElection5: begin an election at term 607 for -1: [omNode2:122.0.0.122:9872, omNode1:0.0.0.0:9872], old=null
2020-04-28 14:37:42,022 [omNode1@group-3464CFB7038B-LeaderElection5] INFO  impl.LeaderElection (LeaderElection.java:logAndReturn(61)) - omNode1@group-3464CFB7038B-LeaderElection5: Election TIMEOUT; received 0 response(s) [] and 0 exception(s); omNode1@group-3464CFB7038B:t607, leader=null, voted=omNode1, raftlog=omNode1@group-3464CFB7038B-SegmentedRaftLog:OPENED:c-1,f-1,i0, conf=-1: [omNode2:122.0.0.122:9872, omNode1:0.0.0.0:9872], old=null
2020-04-28 14:37:42,024 [omNode1@group-3464CFB7038B-LeaderElection5] INFO  impl.LeaderElection (LeaderElection.java:askForVotes(206)) - omNode1@group-3464CFB7038B-LeaderElection5: begin an election at term 608 for -1: [omNode2:122.0.0.122:9872, omNode1:0.0.0.0:9872], old=null
2020-04-28 14:37:42,161 [omNode1@group-3464CFB7038B-LeaderElection5] INFO  impl.LeaderElection (LeaderElection.java:logAndReturn(61)) - omNode1@group-3464CFB7038B-LeaderElection5: Election TIMEOUT; received 0 response(s) [] and 0 exception(s); omNode1@group-3464CFB7038B:t608, leader=null, voted=omNode1, raftlog=omNode1@group-3464CFB7038B-SegmentedRaftLog:OPENED:c-1,f-1,i0, conf=-1: [omNode2:122.0.0.122:9872, omNode1:0.0.0.0:9872], old=null
2020-04-28 14:37:42,162 [omNode1@group-3464CFB7038B-LeaderElection5] INFO  impl.LeaderElection (LeaderElection.java:askForVotes(206)) - omNode1@group-3464CFB7038B-LeaderElection5: begin an election at term 609 for -1: [omNode2:122.0.0.122:9872, omNode1:0.0.0.0:9872], old=null
2020-04-28 14:37:42,187 [omNode1@group-3464CFB7038B-LeaderElection5] INFO  impl.LeaderElection (LeaderElection.java:logAndReturn(61)) - omNode1@group-3464CFB7038B-LeaderElection5: Election TIMEOUT; received 0 response(s) [] and 0 exception(s); omNode1@group-3464CFB7038B:t609, leader=null, voted=omNode1, raftlog=omNode1@group-3464CFB7038B-SegmentedRaftLog:OPENED:c-1,f-1,i0, conf=-1: [omNode2:122.0.0.122:9872, omNode1:0.0.0.0:9872], old=null
2020-04-28 14:37:42,188 [omNode1@group-3464CFB7038B-LeaderElection5] INFO  impl.LeaderElection (LeaderElection.java:askForVotes(206)) - omNode1@group-3464CFB7038B-LeaderElection5: begin an election at term 610 for -1: [omNode2:122.0.0.122:9872, omNode1:0.0.0.0:9872], old=null
2020-04-28 14:37:42,249 [omNode1@group-3464CFB7038B-LeaderElection5] INFO  impl.LeaderElection (LeaderElection.java:logAndReturn(61)) - omNode1@group-3464CFB7038B-LeaderElection5: Election TIMEOUT; received 0 response(s) [] and 0 exception(s); omNode1@group-3464CFB7038B:t610, leader=null, voted=omNode1, raftlog=omNode1@group-3464CFB7038B-SegmentedRaftLog:OPENED:c-1,f-1,i0, conf=-1: [omNode2:122.0.0.122:9872, omNode1:0.0.0.0:9872], old=null
2020-04-28 14:37:42,250 [omNode1@group-3464CFB7038B-LeaderElection5] INFO  impl.LeaderElection (LeaderElection.java:askForVotes(206)) - omNode1@group-3464CFB7038B-LeaderElection5: begin an election at term 611 for -1: [omNode2:122.0.0.122:9872, omNode1:0.0.0.0:9872], old=null
2020-04-28 14:37:42,439 [omNode1@group-3464CFB7038B-LeaderElection5] INFO  impl.LeaderElection (LeaderElection.java:logAndReturn(61)) - omNode1@group-3464CFB7038B-LeaderElection5: Election TIMEOUT; received 0 response(s) [] and 0 exception(s); omNode1@group-3464CFB7038B:t611, leader=null, voted=omNode1, raftlog=omNode1@group-3464CFB7038B-SegmentedRaftLog:OPENED:c-1,f-1,i0, conf=-1: [omNode2:122.0.0.122:9872, omNode1:0.0.0.0:9872], old=null
2020-04-28 14:37:42,441 [omNode1@group-3464CFB7038B-LeaderElection5] INFO  impl.LeaderElection (LeaderElection.java:askForVotes(206)) - omNode1@group-3464CFB7038B-LeaderElection5: begin an election at term 612 for -1: [omNode2:122.0.0.122:9872, omNode1:0.0.0.0:9872], old=null
2020-04-28 14:37:42,516 [omNode1@group-3464CFB7038B-LeaderElection5] INFO  impl.LeaderElection (LeaderElection.java:logAndReturn(61)) - omNode1@group-3464CFB7038B-LeaderElection5: Election TIMEOUT; received 0 response(s) [] and 0 exception(s); omNode1@group-3464CFB7038B:t612, leader=null, voted=omNode1, raftlog=omNode1@group-3464CFB7038B-SegmentedRaftLog:OPENED:c-1,f-1,i0, conf=-1: [omNode2:122.0.0.122:9872, omNode1:0.0.0.0:9872], old=null
2020-04-28 14:37:42,517 [omNode1@group-3464CFB7038B-LeaderElection5] INFO  impl.LeaderElection (LeaderElection.java:askForVotes(206)) - omNode1@group-3464CFB7038B-LeaderElection5: begin an election at term 613 for -1: [omNode2:122.0.0.122:9872, omNode1:0.0.0.0:9872], old=null
2020-04-28 14:37:42,593 [omNode1@group-3464CFB7038B-LeaderElection5] INFO  impl.LeaderElection (LeaderElection.java:logAndReturn(61)) - omNode1@group-3464CFB7038B-LeaderElection5: Election TIMEOUT; received 0 response(s) [] and 0 exception(s); omNode1@group-3464CFB7038B:t613, leader=null, voted=omNode1, raftlog=omNode1@group-3464CFB7038B-SegmentedRaftLog:OPENED:c-1,f-1,i0, conf=-1: [omNode2:122.0.0.122:9872, omNode1:0.0.0.0:9872], old=null
2020-04-28 14:37:42,595 [omNode1@group-3464CFB7038B-LeaderElection5] INFO  impl.LeaderElection (LeaderElection.java:askForVotes(206)) - omNode1@group-3464CFB7038B-LeaderElection5: begin an election at term 614 for -1: [omNode2:122.0.0.122:9872, omNode1:0.0.0.0:9872], old=null
2020-04-28 14:37:42,614 [omNode1@group-3464CFB7038B-LeaderElection5] INFO  impl.LeaderElection (LeaderElection.java:logAndReturn(61)) - omNode1@group-3464CFB7038B-LeaderElection5: Election TIMEOUT; received 0 response(s) [] and 0 exception(s); omNode1@group-3464CFB7038B:t614, leader=null, voted=omNode1, raftlog=omNode1@group-3464CFB7038B-SegmentedRaftLog:OPENED:c-1,f-1,i0, conf=-1: [omNode2:122.0.0.122:9872, omNode1:0.0.0.0:9872], old=null
2020-04-28 14:37:42,615 [omNode1@group-3464CFB7038B-LeaderElection5] INFO  impl.LeaderElection (LeaderElection.java:askForVotes(206)) - omNode1@group-3464CFB7038B-LeaderElection5: begin an election at term 615 for -1: [omNode2:122.0.0.122:9872, omNode1:0.0.0.0:9872], old=null
2020-04-28 14:37:42,664 [omNode1@group-3464CFB7038B-LeaderElection5] INFO  impl.LeaderElection (LeaderElection.java:logAndReturn(61)) - omNode1@group-3464CFB7038B-LeaderElection5: Election TIMEOUT; received 0 response(s) [] and 0 exception(s); omNode1@group-3464CFB7038B:t615, leader=null, voted=omNode1, raftlog=omNode1@group-3464CFB7038B-SegmentedRaftLog:OPENED:c-1,f-1,i0, conf=-1: [omNode2:122.0.0.122:9872, omNode1:0.0.0.0:9872], old=null
2020-04-28 14:37:42,665 [omNode1@group-3464CFB7038B-LeaderElection5] INFO  impl.LeaderElection (LeaderElection.java:askForVotes(206)) - omNode1@group-3464CFB7038B-LeaderElection5: begin an election at term 616 for -1: [omNode2:122.0.0.122:9872, omNode1:0.0.0.0:9872], old=null
2020-04-28 14:37:42,778 [main] INFO  ozone.MiniOzoneClusterImpl (MiniOzoneClusterImpl.java:lambda$waitForClusterToBeReady$0(177)) - Nodes are ready. Got 3 of 3 DN Heartbeats.
2020-04-28 14:37:42,779 [main] INFO  ozone.MiniOzoneClusterImpl (MiniOzoneClusterImpl.java:lambda$waitForClusterToBeReady$0(180)) - Waiting for cluster to exit safe mode
2020-04-28 14:37:42,863 [omNode1@group-3464CFB7038B-LeaderElection5] INFO  impl.LeaderElection (LeaderElection.java:logAndReturn(61)) - omNode1@group-3464CFB7038B-LeaderElection5: Election TIMEOUT; received 0 response(s) [] and 0 exception(s); omNode1@group-3464CFB7038B:t616, leader=null, voted=omNode1, raftlog=omNode1@group-3464CFB7038B-SegmentedRaftLog:OPENED:c-1,f-1,i0, conf=-1: [omNode2:122.0.0.122:9872, omNode1:0.0.0.0:9872], old=null
2020-04-28 14:37:42,864 [omNode1@group-3464CFB7038B-LeaderElection5] INFO  impl.LeaderElection (LeaderElection.java:askForVotes(206)) - omNode1@group-3464CFB7038B-LeaderElection5: begin an election at term 617 for -1: [omNode2:122.0.0.122:9872, omNode1:0.0.0.0:9872], old=null
2020-04-28 14:37:42,974 [omNode1@group-3464CFB7038B-LeaderElection5] INFO  impl.LeaderElection (LeaderElection.java:logAndReturn(61)) - omNode1@group-3464CFB7038B-LeaderElection5: Election TIMEOUT; received 0 response(s) [] and 0 exception(s); omNode1@group-3464CFB7038B:t617, leader=null, voted=omNode1, raftlog=omNode1@group-3464CFB7038B-SegmentedRaftLog:OPENED:c-1,f-1,i0, conf=-1: [omNode2:122.0.0.122:9872, omNode1:0.0.0.0:9872], old=null
2020-04-28 14:37:42,975 [omNode1@group-3464CFB7038B-LeaderElection5] INFO  impl.LeaderElection (LeaderElection.java:askForVotes(206)) - omNode1@group-3464CFB7038B-LeaderElection5: begin an election at term 618 for -1: [omNode2:122.0.0.122:9872, omNode1:0.0.0.0:9872], old=null
2020-04-28 14:37:43,126 [omNode1@group-3464CFB7038B-LeaderElection5] INFO  impl.LeaderElection (LeaderElection.java:logAndReturn(61)) - omNode1@group-3464CFB7038B-LeaderElection5: Election TIMEOUT; received 0 response(s) [] and 0 exception(s); omNode1@group-3464CFB7038B:t618, leader=null, voted=omNode1, raftlog=omNode1@group-3464CFB7038B-SegmentedRaftLog:OPENED:c-1,f-1,i0, conf=-1: [omNode2:122.0.0.122:9872, omNode1:0.0.0.0:9872], old=null
2020-04-28 14:37:43,127 [omNode1@group-3464CFB7038B-LeaderElection5] INFO  impl.LeaderElection (LeaderElection.java:askForVotes(206)) - omNode1@group-3464CFB7038B-LeaderElection5: begin an election at term 619 for -1: [omNode2:122.0.0.122:9872, omNode1:0.0.0.0:9872], old=null
2020-04-28 14:37:43,174 [omNode1@group-3464CFB7038B-LeaderElection5] INFO  impl.LeaderElection (LeaderElection.java:logAndReturn(61)) - omNode1@group-3464CFB7038B-LeaderElection5: Election TIMEOUT; received 0 response(s) [] and 0 exception(s); omNode1@group-3464CFB7038B:t619, leader=null, voted=omNode1, raftlog=omNode1@group-3464CFB7038B-SegmentedRaftLog:OPENED:c-1,f-1,i0, conf=-1: [omNode2:122.0.0.122:9872, omNode1:0.0.0.0:9872], old=null
2020-04-28 14:37:43,176 [omNode1@group-3464CFB7038B-LeaderElection5] INFO  impl.LeaderElection (LeaderElection.java:askForVotes(206)) - omNode1@group-3464CFB7038B-LeaderElection5: begin an election at term 620 for -1: [omNode2:122.0.0.122:9872, omNode1:0.0.0.0:9872], old=null
2020-04-28 14:37:43,301 [omNode1@group-3464CFB7038B-LeaderElection5] INFO  impl.LeaderElection (LeaderElection.java:logAndReturn(61)) - omNode1@group-3464CFB7038B-LeaderElection5: Election TIMEOUT; received 0 response(s) [] and 0 exception(s); omNode1@group-3464CFB7038B:t620, leader=null, voted=omNode1, raftlog=omNode1@group-3464CFB7038B-SegmentedRaftLog:OPENED:c-1,f-1,i0, conf=-1: [omNode2:122.0.0.122:9872, omNode1:0.0.0.0:9872], old=null
2020-04-28 14:37:43,303 [omNode1@group-3464CFB7038B-LeaderElection5] INFO  impl.LeaderElection (LeaderElection.java:askForVotes(206)) - omNode1@group-3464CFB7038B-LeaderElection5: begin an election at term 621 for -1: [omNode2:122.0.0.122:9872, omNode1:0.0.0.0:9872], old=null
2020-04-28 14:37:43,328 [omNode1@group-3464CFB7038B-LeaderElection5] INFO  impl.LeaderElection (LeaderElection.java:logAndReturn(61)) - omNode1@group-3464CFB7038B-LeaderElection5: Election TIMEOUT; received 0 response(s) [] and 0 exception(s); omNode1@group-3464CFB7038B:t621, leader=null, voted=omNode1, raftlog=omNode1@group-3464CFB7038B-SegmentedRaftLog:OPENED:c-1,f-1,i0, conf=-1: [omNode2:122.0.0.122:9872, omNode1:0.0.0.0:9872], old=null
2020-04-28 14:37:43,329 [omNode1@group-3464CFB7038B-LeaderElection5] INFO  impl.LeaderElection (LeaderElection.java:askForVotes(206)) - omNode1@group-3464CFB7038B-LeaderElection5: begin an election at term 622 for -1: [omNode2:122.0.0.122:9872, omNode1:0.0.0.0:9872], old=null
2020-04-28 14:37:43,348 [omNode1@group-3464CFB7038B-LeaderElection5] INFO  impl.LeaderElection (LeaderElection.java:logAndReturn(61)) - omNode1@group-3464CFB7038B-LeaderElection5: Election TIMEOUT; received 0 response(s) [] and 0 exception(s); omNode1@group-3464CFB7038B:t622, leader=null, voted=omNode1, raftlog=omNode1@group-3464CFB7038B-SegmentedRaftLog:OPENED:c-1,f-1,i0, conf=-1: [omNode2:122.0.0.122:9872, omNode1:0.0.0.0:9872], old=null
2020-04-28 14:37:43,349 [omNode1@group-3464CFB7038B-LeaderElection5] INFO  impl.LeaderElection (LeaderElection.java:askForVotes(206)) - omNode1@group-3464CFB7038B-LeaderElection5: begin an election at term 623 for -1: [omNode2:122.0.0.122:9872, omNode1:0.0.0.0:9872], old=null
2020-04-28 14:37:43,380 [omNode1@group-3464CFB7038B-LeaderElection5] INFO  impl.LeaderElection (LeaderElection.java:logAndReturn(61)) - omNode1@group-3464CFB7038B-LeaderElection5: Election TIMEOUT; received 0 response(s) [] and 0 exception(s); omNode1@group-3464CFB7038B:t623, leader=null, voted=omNode1, raftlog=omNode1@group-3464CFB7038B-SegmentedRaftLog:OPENED:c-1,f-1,i0, conf=-1: [omNode2:122.0.0.122:9872, omNode1:0.0.0.0:9872], old=null
2020-04-28 14:37:43,381 [omNode1@group-3464CFB7038B-LeaderElection5] INFO  impl.LeaderElection (LeaderElection.java:askForVotes(206)) - omNode1@group-3464CFB7038B-LeaderElection5: begin an election at term 624 for -1: [omNode2:122.0.0.122:9872, omNode1:0.0.0.0:9872], old=null
2020-04-28 14:37:43,480 [omNode1@group-3464CFB7038B-LeaderElection5] INFO  impl.LeaderElection (LeaderElection.java:logAndReturn(61)) - omNode1@group-3464CFB7038B-LeaderElection5: Election TIMEOUT; received 0 response(s) [] and 0 exception(s); omNode1@group-3464CFB7038B:t624, leader=null, voted=omNode1, raftlog=omNode1@group-3464CFB7038B-SegmentedRaftLog:OPENED:c-1,f-1,i0, conf=-1: [omNode2:122.0.0.122:9872, omNode1:0.0.0.0:9872], old=null
2020-04-28 14:37:43,482 [omNode1@group-3464CFB7038B-LeaderElection5] INFO  impl.LeaderElection (LeaderElection.java:askForVotes(206)) - omNode1@group-3464CFB7038B-LeaderElection5: begin an election at term 625 for -1: [omNode2:122.0.0.122:9872, omNode1:0.0.0.0:9872], old=null
2020-04-28 14:37:43,619 [omNode1@group-3464CFB7038B-LeaderElection5] INFO  impl.LeaderElection (LeaderElection.java:logAndReturn(61)) - omNode1@group-3464CFB7038B-LeaderElection5: Election TIMEOUT; received 0 response(s) [] and 0 exception(s); omNode1@group-3464CFB7038B:t625, leader=null, voted=omNode1, raftlog=omNode1@group-3464CFB7038B-SegmentedRaftLog:OPENED:c-1,f-1,i0, conf=-1: [omNode2:122.0.0.122:9872, omNode1:0.0.0.0:9872], old=null
2020-04-28 14:37:43,621 [omNode1@group-3464CFB7038B-LeaderElection5] INFO  impl.LeaderElection (LeaderElection.java:askForVotes(206)) - omNode1@group-3464CFB7038B-LeaderElection5: begin an election at term 626 for -1: [omNode2:122.0.0.122:9872, omNode1:0.0.0.0:9872], old=null
2020-04-28 14:37:43,713 [omNode1@group-3464CFB7038B-LeaderElection5] INFO  impl.LeaderElection (LeaderElection.java:logAndReturn(61)) - omNode1@group-3464CFB7038B-LeaderElection5: Election TIMEOUT; received 0 response(s) [] and 0 exception(s); omNode1@group-3464CFB7038B:t626, leader=null, voted=omNode1, raftlog=omNode1@group-3464CFB7038B-SegmentedRaftLog:OPENED:c-1,f-1,i0, conf=-1: [omNode2:122.0.0.122:9872, omNode1:0.0.0.0:9872], old=null
2020-04-28 14:37:43,714 [omNode1@group-3464CFB7038B-LeaderElection5] INFO  impl.LeaderElection (LeaderElection.java:askForVotes(206)) - omNode1@group-3464CFB7038B-LeaderElection5: begin an election at term 627 for -1: [omNode2:122.0.0.122:9872, omNode1:0.0.0.0:9872], old=null
2020-04-28 14:37:43,738 [omNode1@group-3464CFB7038B-LeaderElection5] INFO  impl.LeaderElection (LeaderElection.java:logAndReturn(61)) - omNode1@group-3464CFB7038B-LeaderElection5: Election TIMEOUT; received 0 response(s) [] and 0 exception(s); omNode1@group-3464CFB7038B:t627, leader=null, voted=omNode1, raftlog=omNode1@group-3464CFB7038B-SegmentedRaftLog:OPENED:c-1,f-1,i0, conf=-1: [omNode2:122.0.0.122:9872, omNode1:0.0.0.0:9872], old=null
2020-04-28 14:37:43,739 [omNode1@group-3464CFB7038B-LeaderElection5] INFO  impl.LeaderElection (LeaderElection.java:askForVotes(206)) - omNode1@group-3464CFB7038B-LeaderElection5: begin an election at term 628 for -1: [omNode2:122.0.0.122:9872, omNode1:0.0.0.0:9872], old=null
2020-04-28 14:37:43,779 [main] INFO  ozone.MiniOzoneClusterImpl (MiniOzoneClusterImpl.java:lambda$waitForClusterToBeReady$0(177)) - Nodes are ready. Got 3 of 3 DN Heartbeats.
2020-04-28 14:37:43,779 [main] INFO  ozone.MiniOzoneClusterImpl (MiniOzoneClusterImpl.java:lambda$waitForClusterToBeReady$0(180)) - Waiting for cluster to exit safe mode
2020-04-28 14:37:43,935 [omNode1@group-3464CFB7038B-LeaderElection5] INFO  impl.LeaderElection (LeaderElection.java:logAndReturn(61)) - omNode1@group-3464CFB7038B-LeaderElection5: Election TIMEOUT; received 0 response(s) [] and 0 exception(s); omNode1@group-3464CFB7038B:t628, leader=null, voted=omNode1, raftlog=omNode1@group-3464CFB7038B-SegmentedRaftLog:OPENED:c-1,f-1,i0, conf=-1: [omNode2:122.0.0.122:9872, omNode1:0.0.0.0:9872], old=null
2020-04-28 14:37:43,937 [omNode1@group-3464CFB7038B-LeaderElection5] INFO  impl.LeaderElection (LeaderElection.java:askForVotes(206)) - omNode1@group-3464CFB7038B-LeaderElection5: begin an election at term 629 for -1: [omNode2:122.0.0.122:9872, omNode1:0.0.0.0:9872], old=null
2020-04-28 14:37:44,095 [omNode1@group-3464CFB7038B-LeaderElection5] INFO  impl.LeaderElection (LeaderElection.java:logAndReturn(61)) - omNode1@group-3464CFB7038B-LeaderElection5: Election TIMEOUT; received 0 response(s) [] and 0 exception(s); omNode1@group-3464CFB7038B:t629, leader=null, voted=omNode1, raftlog=omNode1@group-3464CFB7038B-SegmentedRaftLog:OPENED:c-1,f-1,i0, conf=-1: [omNode2:122.0.0.122:9872, omNode1:0.0.0.0:9872], old=null
2020-04-28 14:37:44,097 [omNode1@group-3464CFB7038B-LeaderElection5] INFO  impl.LeaderElection (LeaderElection.java:askForVotes(206)) - omNode1@group-3464CFB7038B-LeaderElection5: begin an election at term 630 for -1: [omNode2:122.0.0.122:9872, omNode1:0.0.0.0:9872], old=null
2020-04-28 14:37:44,242 [omNode1@group-3464CFB7038B-LeaderElection5] INFO  impl.LeaderElection (LeaderElection.java:logAndReturn(61)) - omNode1@group-3464CFB7038B-LeaderElection5: Election TIMEOUT; received 0 response(s) [] and 0 exception(s); omNode1@group-3464CFB7038B:t630, leader=null, voted=omNode1, raftlog=omNode1@group-3464CFB7038B-SegmentedRaftLog:OPENED:c-1,f-1,i0, conf=-1: [omNode2:122.0.0.122:9872, omNode1:0.0.0.0:9872], old=null
2020-04-28 14:37:44,244 [omNode1@group-3464CFB7038B-LeaderElection5] INFO  impl.LeaderElection (LeaderElection.java:askForVotes(206)) - omNode1@group-3464CFB7038B-LeaderElection5: begin an election at term 631 for -1: [omNode2:122.0.0.122:9872, omNode1:0.0.0.0:9872], old=null
2020-04-28 14:37:44,364 [omNode1@group-3464CFB7038B-LeaderElection5] INFO  impl.LeaderElection (LeaderElection.java:logAndReturn(61)) - omNode1@group-3464CFB7038B-LeaderElection5: Election TIMEOUT; received 0 response(s) [] and 0 exception(s); omNode1@group-3464CFB7038B:t631, leader=null, voted=omNode1, raftlog=omNode1@group-3464CFB7038B-SegmentedRaftLog:OPENED:c-1,f-1,i0, conf=-1: [omNode2:122.0.0.122:9872, omNode1:0.0.0.0:9872], old=null
2020-04-28 14:37:44,366 [omNode1@group-3464CFB7038B-LeaderElection5] INFO  impl.LeaderElection (LeaderElection.java:askForVotes(206)) - omNode1@group-3464CFB7038B-LeaderElection5: begin an election at term 632 for -1: [omNode2:122.0.0.122:9872, omNode1:0.0.0.0:9872], old=null
2020-04-28 14:37:44,515 [omNode1@group-3464CFB7038B-LeaderElection5] INFO  impl.LeaderElection (LeaderElection.java:logAndReturn(61)) - omNode1@group-3464CFB7038B-LeaderElection5: Election TIMEOUT; received 0 response(s) [] and 0 exception(s); omNode1@group-3464CFB7038B:t632, leader=null, voted=omNode1, raftlog=omNode1@group-3464CFB7038B-SegmentedRaftLog:OPENED:c-1,f-1,i0, conf=-1: [omNode2:122.0.0.122:9872, omNode1:0.0.0.0:9872], old=null
2020-04-28 14:37:44,517 [omNode1@group-3464CFB7038B-LeaderElection5] INFO  impl.LeaderElection (LeaderElection.java:askForVotes(206)) - omNode1@group-3464CFB7038B-LeaderElection5: begin an election at term 633 for -1: [omNode2:122.0.0.122:9872, omNode1:0.0.0.0:9872], old=null
2020-04-28 14:37:44,597 [omNode1@group-3464CFB7038B-LeaderElection5] INFO  impl.LeaderElection (LeaderElection.java:logAndReturn(61)) - omNode1@group-3464CFB7038B-LeaderElection5: Election TIMEOUT; received 0 response(s) [] and 0 exception(s); omNode1@group-3464CFB7038B:t633, leader=null, voted=omNode1, raftlog=omNode1@group-3464CFB7038B-SegmentedRaftLog:OPENED:c-1,f-1,i0, conf=-1: [omNode2:122.0.0.122:9872, omNode1:0.0.0.0:9872], old=null
2020-04-28 14:37:44,598 [omNode1@group-3464CFB7038B-LeaderElection5] INFO  impl.LeaderElection (LeaderElection.java:askForVotes(206)) - omNode1@group-3464CFB7038B-LeaderElection5: begin an election at term 634 for -1: [omNode2:122.0.0.122:9872, omNode1:0.0.0.0:9872], old=null
2020-04-28 14:37:44,654 [omNode1@group-3464CFB7038B-LeaderElection5] INFO  impl.LeaderElection (LeaderElection.java:logAndReturn(61)) - omNode1@group-3464CFB7038B-LeaderElection5: Election TIMEOUT; received 0 response(s) [] and 0 exception(s); omNode1@group-3464CFB7038B:t634, leader=null, voted=omNode1, raftlog=omNode1@group-3464CFB7038B-SegmentedRaftLog:OPENED:c-1,f-1,i0, conf=-1: [omNode2:122.0.0.122:9872, omNode1:0.0.0.0:9872], old=null
2020-04-28 14:37:44,655 [omNode1@group-3464CFB7038B-LeaderElection5] INFO  impl.LeaderElection (LeaderElection.java:askForVotes(206)) - omNode1@group-3464CFB7038B-LeaderElection5: begin an election at term 635 for -1: [omNode2:122.0.0.122:9872, omNode1:0.0.0.0:9872], old=null
2020-04-28 14:37:44,776 [omNode1@group-3464CFB7038B-LeaderElection5] INFO  impl.LeaderElection (LeaderElection.java:logAndReturn(61)) - omNode1@group-3464CFB7038B-LeaderElection5: Election TIMEOUT; received 0 response(s) [] and 0 exception(s); omNode1@group-3464CFB7038B:t635, leader=null, voted=omNode1, raftlog=omNode1@group-3464CFB7038B-SegmentedRaftLog:OPENED:c-1,f-1,i0, conf=-1: [omNode2:122.0.0.122:9872, omNode1:0.0.0.0:9872], old=null
2020-04-28 14:37:44,778 [omNode1@group-3464CFB7038B-LeaderElection5] INFO  impl.LeaderElection (LeaderElection.java:askForVotes(206)) - omNode1@group-3464CFB7038B-LeaderElection5: begin an election at term 636 for -1: [omNode2:122.0.0.122:9872, omNode1:0.0.0.0:9872], old=null
2020-04-28 14:37:44,779 [main] INFO  ozone.MiniOzoneClusterImpl (MiniOzoneClusterImpl.java:lambda$waitForClusterToBeReady$0(177)) - Nodes are ready. Got 3 of 3 DN Heartbeats.
2020-04-28 14:37:44,779 [main] INFO  ozone.MiniOzoneClusterImpl (MiniOzoneClusterImpl.java:lambda$waitForClusterToBeReady$0(180)) - Waiting for cluster to exit safe mode
2020-04-28 14:37:44,921 [omNode1@group-3464CFB7038B-LeaderElection5] INFO  impl.LeaderElection (LeaderElection.java:logAndReturn(61)) - omNode1@group-3464CFB7038B-LeaderElection5: Election TIMEOUT; received 0 response(s) [] and 0 exception(s); omNode1@group-3464CFB7038B:t636, leader=null, voted=omNode1, raftlog=omNode1@group-3464CFB7038B-SegmentedRaftLog:OPENED:c-1,f-1,i0, conf=-1: [omNode2:122.0.0.122:9872, omNode1:0.0.0.0:9872], old=null
2020-04-28 14:37:44,923 [omNode1@group-3464CFB7038B-LeaderElection5] INFO  impl.LeaderElection (LeaderElection.java:askForVotes(206)) - omNode1@group-3464CFB7038B-LeaderElection5: begin an election at term 637 for -1: [omNode2:122.0.0.122:9872, omNode1:0.0.0.0:9872], old=null
2020-04-28 14:37:45,050 [omNode1@group-3464CFB7038B-LeaderElection5] INFO  impl.LeaderElection (LeaderElection.java:logAndReturn(61)) - omNode1@group-3464CFB7038B-LeaderElection5: Election TIMEOUT; received 0 response(s) [] and 0 exception(s); omNode1@group-3464CFB7038B:t637, leader=null, voted=omNode1, raftlog=omNode1@group-3464CFB7038B-SegmentedRaftLog:OPENED:c-1,f-1,i0, conf=-1: [omNode2:122.0.0.122:9872, omNode1:0.0.0.0:9872], old=null
2020-04-28 14:37:45,052 [omNode1@group-3464CFB7038B-LeaderElection5] INFO  impl.LeaderElection (LeaderElection.java:askForVotes(206)) - omNode1@group-3464CFB7038B-LeaderElection5: begin an election at term 638 for -1: [omNode2:122.0.0.122:9872, omNode1:0.0.0.0:9872], old=null
2020-04-28 14:37:45,082 [omNode1@group-3464CFB7038B-LeaderElection5] INFO  impl.LeaderElection (LeaderElection.java:logAndReturn(61)) - omNode1@group-3464CFB7038B-LeaderElection5: Election TIMEOUT; received 0 response(s) [] and 0 exception(s); omNode1@group-3464CFB7038B:t638, leader=null, voted=omNode1, raftlog=omNode1@group-3464CFB7038B-SegmentedRaftLog:OPENED:c-1,f-1,i0, conf=-1: [omNode2:122.0.0.122:9872, omNode1:0.0.0.0:9872], old=null
2020-04-28 14:37:45,083 [omNode1@group-3464CFB7038B-LeaderElection5] INFO  impl.LeaderElection (LeaderElection.java:askForVotes(206)) - omNode1@group-3464CFB7038B-LeaderElection5: begin an election at term 639 for -1: [omNode2:122.0.0.122:9872, omNode1:0.0.0.0:9872], old=null
2020-04-28 14:37:45,125 [omNode1@group-3464CFB7038B-LeaderElection5] INFO  impl.LeaderElection (LeaderElection.java:logAndReturn(61)) - omNode1@group-3464CFB7038B-LeaderElection5: Election TIMEOUT; received 0 response(s) [] and 0 exception(s); omNode1@group-3464CFB7038B:t639, leader=null, voted=omNode1, raftlog=omNode1@group-3464CFB7038B-SegmentedRaftLog:OPENED:c-1,f-1,i0, conf=-1: [omNode2:122.0.0.122:9872, omNode1:0.0.0.0:9872], old=null
2020-04-28 14:37:45,127 [omNode1@group-3464CFB7038B-LeaderElection5] INFO  impl.LeaderElection (LeaderElection.java:askForVotes(206)) - omNode1@group-3464CFB7038B-LeaderElection5: begin an election at term 640 for -1: [omNode2:122.0.0.122:9872, omNode1:0.0.0.0:9872], old=null
2020-04-28 14:37:45,307 [omNode1@group-3464CFB7038B-LeaderElection5] INFO  impl.LeaderElection (LeaderElection.java:logAndReturn(61)) - omNode1@group-3464CFB7038B-LeaderElection5: Election TIMEOUT; received 0 response(s) [] and 0 exception(s); omNode1@group-3464CFB7038B:t640, leader=null, voted=omNode1, raftlog=omNode1@group-3464CFB7038B-SegmentedRaftLog:OPENED:c-1,f-1,i0, conf=-1: [omNode2:122.0.0.122:9872, omNode1:0.0.0.0:9872], old=null
2020-04-28 14:37:45,309 [omNode1@group-3464CFB7038B-LeaderElection5] INFO  impl.LeaderElection (LeaderElection.java:askForVotes(206)) - omNode1@group-3464CFB7038B-LeaderElection5: begin an election at term 641 for -1: [omNode2:122.0.0.122:9872, omNode1:0.0.0.0:9872], old=null
2020-04-28 14:37:45,315 [omNode1@group-3464CFB7038B-LeaderElection5] INFO  impl.LeaderElection (LeaderElection.java:logAndReturn(61)) - omNode1@group-3464CFB7038B-LeaderElection5: Election TIMEOUT; received 0 response(s) [] and 0 exception(s); omNode1@group-3464CFB7038B:t641, leader=null, voted=omNode1, raftlog=omNode1@group-3464CFB7038B-SegmentedRaftLog:OPENED:c-1,f-1,i0, conf=-1: [omNode2:122.0.0.122:9872, omNode1:0.0.0.0:9872], old=null
2020-04-28 14:37:45,316 [omNode1@group-3464CFB7038B-LeaderElection5] INFO  impl.LeaderElection (LeaderElection.java:askForVotes(206)) - omNode1@group-3464CFB7038B-LeaderElection5: begin an election at term 642 for -1: [omNode2:122.0.0.122:9872, omNode1:0.0.0.0:9872], old=null
2020-04-28 14:37:45,321 [omNode1@group-3464CFB7038B-LeaderElection5] INFO  impl.LeaderElection (LeaderElection.java:logAndReturn(61)) - omNode1@group-3464CFB7038B-LeaderElection5: Election TIMEOUT; received 0 response(s) [] and 0 exception(s); omNode1@group-3464CFB7038B:t642, leader=null, voted=omNode1, raftlog=omNode1@group-3464CFB7038B-SegmentedRaftLog:OPENED:c-1,f-1,i0, conf=-1: [omNode2:122.0.0.122:9872, omNode1:0.0.0.0:9872], old=null
2020-04-28 14:37:45,322 [omNode1@group-3464CFB7038B-LeaderElection5] INFO  impl.LeaderElection (LeaderElection.java:askForVotes(206)) - omNode1@group-3464CFB7038B-LeaderElection5: begin an election at term 643 for -1: [omNode2:122.0.0.122:9872, omNode1:0.0.0.0:9872], old=null
2020-04-28 14:37:45,324 [omNode1@group-3464CFB7038B-LeaderElection5] INFO  impl.LeaderElection (LeaderElection.java:logAndReturn(61)) - omNode1@group-3464CFB7038B-LeaderElection5: Election TIMEOUT; received 0 response(s) [] and 0 exception(s); omNode1@group-3464CFB7038B:t643, leader=null, voted=omNode1, raftlog=omNode1@group-3464CFB7038B-SegmentedRaftLog:OPENED:c-1,f-1,i0, conf=-1: [omNode2:122.0.0.122:9872, omNode1:0.0.0.0:9872], old=null
2020-04-28 14:37:45,325 [omNode1@group-3464CFB7038B-LeaderElection5] INFO  impl.LeaderElection (LeaderElection.java:askForVotes(206)) - omNode1@group-3464CFB7038B-LeaderElection5: begin an election at term 644 for -1: [omNode2:122.0.0.122:9872, omNode1:0.0.0.0:9872], old=null
2020-04-28 14:37:45,485 [omNode1@group-3464CFB7038B-LeaderElection5] INFO  impl.LeaderElection (LeaderElection.java:logAndReturn(61)) - omNode1@group-3464CFB7038B-LeaderElection5: Election TIMEOUT; received 0 response(s) [] and 0 exception(s); omNode1@group-3464CFB7038B:t644, leader=null, voted=omNode1, raftlog=omNode1@group-3464CFB7038B-SegmentedRaftLog:OPENED:c-1,f-1,i0, conf=-1: [omNode2:122.0.0.122:9872, omNode1:0.0.0.0:9872], old=null
2020-04-28 14:37:45,486 [omNode1@group-3464CFB7038B-LeaderElection5] INFO  impl.LeaderElection (LeaderElection.java:askForVotes(206)) - omNode1@group-3464CFB7038B-LeaderElection5: begin an election at term 645 for -1: [omNode2:122.0.0.122:9872, omNode1:0.0.0.0:9872], old=null
2020-04-28 14:37:45,669 [omNode1@group-3464CFB7038B-LeaderElection5] INFO  impl.LeaderElection (LeaderElection.java:logAndReturn(61)) - omNode1@group-3464CFB7038B-LeaderElection5: Election TIMEOUT; received 0 response(s) [] and 0 exception(s); omNode1@group-3464CFB7038B:t645, leader=null, voted=omNode1, raftlog=omNode1@group-3464CFB7038B-SegmentedRaftLog:OPENED:c-1,f-1,i0, conf=-1: [omNode2:122.0.0.122:9872, omNode1:0.0.0.0:9872], old=null
2020-04-28 14:37:45,670 [omNode1@group-3464CFB7038B-LeaderElection5] INFO  impl.LeaderElection (LeaderElection.java:askForVotes(206)) - omNode1@group-3464CFB7038B-LeaderElection5: begin an election at term 646 for -1: [omNode2:122.0.0.122:9872, omNode1:0.0.0.0:9872], old=null
2020-04-28 14:37:45,779 [main] INFO  ozone.MiniOzoneClusterImpl (MiniOzoneClusterImpl.java:lambda$waitForClusterToBeReady$0(177)) - Nodes are ready. Got 3 of 3 DN Heartbeats.
2020-04-28 14:37:45,780 [main] INFO  ozone.MiniOzoneClusterImpl (MiniOzoneClusterImpl.java:lambda$waitForClusterToBeReady$0(180)) - Waiting for cluster to exit safe mode
2020-04-28 14:37:45,840 [omNode1@group-3464CFB7038B-LeaderElection5] INFO  impl.LeaderElection (LeaderElection.java:logAndReturn(61)) - omNode1@group-3464CFB7038B-LeaderElection5: Election TIMEOUT; received 0 response(s) [] and 0 exception(s); omNode1@group-3464CFB7038B:t646, leader=null, voted=omNode1, raftlog=omNode1@group-3464CFB7038B-SegmentedRaftLog:OPENED:c-1,f-1,i0, conf=-1: [omNode2:122.0.0.122:9872, omNode1:0.0.0.0:9872], old=null
2020-04-28 14:37:45,841 [omNode1@group-3464CFB7038B-LeaderElection5] INFO  impl.LeaderElection (LeaderElection.java:askForVotes(206)) - omNode1@group-3464CFB7038B-LeaderElection5: begin an election at term 647 for -1: [omNode2:122.0.0.122:9872, omNode1:0.0.0.0:9872], old=null
2020-04-28 14:37:45,976 [omNode1@group-3464CFB7038B-LeaderElection5] INFO  impl.LeaderElection (LeaderElection.java:logAndReturn(61)) - omNode1@group-3464CFB7038B-LeaderElection5: Election TIMEOUT; received 0 response(s) [] and 0 exception(s); omNode1@group-3464CFB7038B:t647, leader=null, voted=omNode1, raftlog=omNode1@group-3464CFB7038B-SegmentedRaftLog:OPENED:c-1,f-1,i0, conf=-1: [omNode2:122.0.0.122:9872, omNode1:0.0.0.0:9872], old=null
2020-04-28 14:37:45,978 [omNode1@group-3464CFB7038B-LeaderElection5] INFO  impl.LeaderElection (LeaderElection.java:askForVotes(206)) - omNode1@group-3464CFB7038B-LeaderElection5: begin an election at term 648 for -1: [omNode2:122.0.0.122:9872, omNode1:0.0.0.0:9872], old=null
2020-04-28 14:37:46,025 [omNode1@group-3464CFB7038B-LeaderElection5] INFO  impl.LeaderElection (LeaderElection.java:logAndReturn(61)) - omNode1@group-3464CFB7038B-LeaderElection5: Election TIMEOUT; received 0 response(s) [] and 0 exception(s); omNode1@group-3464CFB7038B:t648, leader=null, voted=omNode1, raftlog=omNode1@group-3464CFB7038B-SegmentedRaftLog:OPENED:c-1,f-1,i0, conf=-1: [omNode2:122.0.0.122:9872, omNode1:0.0.0.0:9872], old=null
2020-04-28 14:37:46,027 [omNode1@group-3464CFB7038B-LeaderElection5] INFO  impl.LeaderElection (LeaderElection.java:askForVotes(206)) - omNode1@group-3464CFB7038B-LeaderElection5: begin an election at term 649 for -1: [omNode2:122.0.0.122:9872, omNode1:0.0.0.0:9872], old=null
2020-04-28 14:37:46,087 [omNode1@group-3464CFB7038B-LeaderElection5] INFO  impl.LeaderElection (LeaderElection.java:logAndReturn(61)) - omNode1@group-3464CFB7038B-LeaderElection5: Election TIMEOUT; received 0 response(s) [] and 0 exception(s); omNode1@group-3464CFB7038B:t649, leader=null, voted=omNode1, raftlog=omNode1@group-3464CFB7038B-SegmentedRaftLog:OPENED:c-1,f-1,i0, conf=-1: [omNode2:122.0.0.122:9872, omNode1:0.0.0.0:9872], old=null
2020-04-28 14:37:46,088 [omNode1@group-3464CFB7038B-LeaderElection5] INFO  impl.LeaderElection (LeaderElection.java:askForVotes(206)) - omNode1@group-3464CFB7038B-LeaderElection5: begin an election at term 650 for -1: [omNode2:122.0.0.122:9872, omNode1:0.0.0.0:9872], old=null
2020-04-28 14:37:46,196 [omNode1@group-3464CFB7038B-LeaderElection5] INFO  impl.LeaderElection (LeaderElection.java:logAndReturn(61)) - omNode1@group-3464CFB7038B-LeaderElection5: Election TIMEOUT; received 0 response(s) [] and 0 exception(s); omNode1@group-3464CFB7038B:t650, leader=null, voted=omNode1, raftlog=omNode1@group-3464CFB7038B-SegmentedRaftLog:OPENED:c-1,f-1,i0, conf=-1: [omNode2:122.0.0.122:9872, omNode1:0.0.0.0:9872], old=null
2020-04-28 14:37:46,197 [omNode1@group-3464CFB7038B-LeaderElection5] INFO  impl.LeaderElection (LeaderElection.java:askForVotes(206)) - omNode1@group-3464CFB7038B-LeaderElection5: begin an election at term 651 for -1: [omNode2:122.0.0.122:9872, omNode1:0.0.0.0:9872], old=null
2020-04-28 14:37:46,245 [omNode1@group-3464CFB7038B-LeaderElection5] INFO  impl.LeaderElection (LeaderElection.java:logAndReturn(61)) - omNode1@group-3464CFB7038B-LeaderElection5: Election TIMEOUT; received 0 response(s) [] and 0 exception(s); omNode1@group-3464CFB7038B:t651, leader=null, voted=omNode1, raftlog=omNode1@group-3464CFB7038B-SegmentedRaftLog:OPENED:c-1,f-1,i0, conf=-1: [omNode2:122.0.0.122:9872, omNode1:0.0.0.0:9872], old=null
2020-04-28 14:37:46,247 [omNode1@group-3464CFB7038B-LeaderElection5] INFO  impl.LeaderElection (LeaderElection.java:askForVotes(206)) - omNode1@group-3464CFB7038B-LeaderElection5: begin an election at term 652 for -1: [omNode2:122.0.0.122:9872, omNode1:0.0.0.0:9872], old=null
2020-04-28 14:37:46,282 [omNode1@group-3464CFB7038B-LeaderElection5] INFO  impl.LeaderElection (LeaderElection.java:logAndReturn(61)) - omNode1@group-3464CFB7038B-LeaderElection5: Election TIMEOUT; received 0 response(s) [] and 0 exception(s); omNode1@group-3464CFB7038B:t652, leader=null, voted=omNode1, raftlog=omNode1@group-3464CFB7038B-SegmentedRaftLog:OPENED:c-1,f-1,i0, conf=-1: [omNode2:122.0.0.122:9872, omNode1:0.0.0.0:9872], old=null
2020-04-28 14:37:46,283 [omNode1@group-3464CFB7038B-LeaderElection5] INFO  impl.LeaderElection (LeaderElection.java:askForVotes(206)) - omNode1@group-3464CFB7038B-LeaderElection5: begin an election at term 653 for -1: [omNode2:122.0.0.122:9872, omNode1:0.0.0.0:9872], old=null
2020-04-28 14:37:46,389 [omNode1@group-3464CFB7038B-LeaderElection5] INFO  impl.LeaderElection (LeaderElection.java:logAndReturn(61)) - omNode1@group-3464CFB7038B-LeaderElection5: Election TIMEOUT; received 0 response(s) [] and 0 exception(s); omNode1@group-3464CFB7038B:t653, leader=null, voted=omNode1, raftlog=omNode1@group-3464CFB7038B-SegmentedRaftLog:OPENED:c-1,f-1,i0, conf=-1: [omNode2:122.0.0.122:9872, omNode1:0.0.0.0:9872], old=null
2020-04-28 14:37:46,391 [omNode1@group-3464CFB7038B-LeaderElection5] INFO  impl.LeaderElection (LeaderElection.java:askForVotes(206)) - omNode1@group-3464CFB7038B-LeaderElection5: begin an election at term 654 for -1: [omNode2:122.0.0.122:9872, omNode1:0.0.0.0:9872], old=null
2020-04-28 14:37:46,562 [omNode1@group-3464CFB7038B-LeaderElection5] INFO  impl.LeaderElection (LeaderElection.java:logAndReturn(61)) - omNode1@group-3464CFB7038B-LeaderElection5: Election TIMEOUT; received 0 response(s) [] and 0 exception(s); omNode1@group-3464CFB7038B:t654, leader=null, voted=omNode1, raftlog=omNode1@group-3464CFB7038B-SegmentedRaftLog:OPENED:c-1,f-1,i0, conf=-1: [omNode2:122.0.0.122:9872, omNode1:0.0.0.0:9872], old=null
2020-04-28 14:37:46,564 [omNode1@group-3464CFB7038B-LeaderElection5] INFO  impl.LeaderElection (LeaderElection.java:askForVotes(206)) - omNode1@group-3464CFB7038B-LeaderElection5: begin an election at term 655 for -1: [omNode2:122.0.0.122:9872, omNode1:0.0.0.0:9872], old=null
2020-04-28 14:37:46,597 [omNode1@group-3464CFB7038B-LeaderElection5] INFO  impl.LeaderElection (LeaderElection.java:logAndReturn(61)) - omNode1@group-3464CFB7038B-LeaderElection5: Election TIMEOUT; received 0 response(s) [] and 0 exception(s); omNode1@group-3464CFB7038B:t655, leader=null, voted=omNode1, raftlog=omNode1@group-3464CFB7038B-SegmentedRaftLog:OPENED:c-1,f-1,i0, conf=-1: [omNode2:122.0.0.122:9872, omNode1:0.0.0.0:9872], old=null
2020-04-28 14:37:46,599 [omNode1@group-3464CFB7038B-LeaderElection5] INFO  impl.LeaderElection (LeaderElection.java:askForVotes(206)) - omNode1@group-3464CFB7038B-LeaderElection5: begin an election at term 656 for -1: [omNode2:122.0.0.122:9872, omNode1:0.0.0.0:9872], old=null
2020-04-28 14:37:46,764 [omNode1@group-3464CFB7038B-LeaderElection5] INFO  impl.LeaderElection (LeaderElection.java:logAndReturn(61)) - omNode1@group-3464CFB7038B-LeaderElection5: Election TIMEOUT; received 0 response(s) [] and 0 exception(s); omNode1@group-3464CFB7038B:t656, leader=null, voted=omNode1, raftlog=omNode1@group-3464CFB7038B-SegmentedRaftLog:OPENED:c-1,f-1,i0, conf=-1: [omNode2:122.0.0.122:9872, omNode1:0.0.0.0:9872], old=null
2020-04-28 14:37:46,766 [omNode1@group-3464CFB7038B-LeaderElection5] INFO  impl.LeaderElection (LeaderElection.java:askForVotes(206)) - omNode1@group-3464CFB7038B-LeaderElection5: begin an election at term 657 for -1: [omNode2:122.0.0.122:9872, omNode1:0.0.0.0:9872], old=null
2020-04-28 14:37:46,780 [main] INFO  ozone.MiniOzoneClusterImpl (MiniOzoneClusterImpl.java:lambda$waitForClusterToBeReady$0(177)) - Nodes are ready. Got 3 of 3 DN Heartbeats.
2020-04-28 14:37:46,780 [main] INFO  ozone.MiniOzoneClusterImpl (MiniOzoneClusterImpl.java:lambda$waitForClusterToBeReady$0(180)) - Waiting for cluster to exit safe mode
2020-04-28 14:37:46,801 [omNode1@group-3464CFB7038B-LeaderElection5] INFO  impl.LeaderElection (LeaderElection.java:logAndReturn(61)) - omNode1@group-3464CFB7038B-LeaderElection5: Election TIMEOUT; received 0 response(s) [] and 0 exception(s); omNode1@group-3464CFB7038B:t657, leader=null, voted=omNode1, raftlog=omNode1@group-3464CFB7038B-SegmentedRaftLog:OPENED:c-1,f-1,i0, conf=-1: [omNode2:122.0.0.122:9872, omNode1:0.0.0.0:9872], old=null
2020-04-28 14:37:46,802 [omNode1@group-3464CFB7038B-LeaderElection5] INFO  impl.LeaderElection (LeaderElection.java:askForVotes(206)) - omNode1@group-3464CFB7038B-LeaderElection5: begin an election at term 658 for -1: [omNode2:122.0.0.122:9872, omNode1:0.0.0.0:9872], old=null
2020-04-28 14:37:46,972 [omNode1@group-3464CFB7038B-LeaderElection5] INFO  impl.LeaderElection (LeaderElection.java:logAndReturn(61)) - omNode1@group-3464CFB7038B-LeaderElection5: Election TIMEOUT; received 0 response(s) [] and 0 exception(s); omNode1@group-3464CFB7038B:t658, leader=null, voted=omNode1, raftlog=omNode1@group-3464CFB7038B-SegmentedRaftLog:OPENED:c-1,f-1,i0, conf=-1: [omNode2:122.0.0.122:9872, omNode1:0.0.0.0:9872], old=null
2020-04-28 14:37:46,974 [omNode1@group-3464CFB7038B-LeaderElection5] INFO  impl.LeaderElection (LeaderElection.java:askForVotes(206)) - omNode1@group-3464CFB7038B-LeaderElection5: begin an election at term 659 for -1: [omNode2:122.0.0.122:9872, omNode1:0.0.0.0:9872], old=null
2020-04-28 14:37:47,070 [omNode1@group-3464CFB7038B-LeaderElection5] INFO  impl.LeaderElection (LeaderElection.java:logAndReturn(61)) - omNode1@group-3464CFB7038B-LeaderElection5: Election TIMEOUT; received 0 response(s) [] and 0 exception(s); omNode1@group-3464CFB7038B:t659, leader=null, voted=omNode1, raftlog=omNode1@group-3464CFB7038B-SegmentedRaftLog:OPENED:c-1,f-1,i0, conf=-1: [omNode2:122.0.0.122:9872, omNode1:0.0.0.0:9872], old=null
2020-04-28 14:37:47,072 [omNode1@group-3464CFB7038B-LeaderElection5] INFO  impl.LeaderElection (LeaderElection.java:askForVotes(206)) - omNode1@group-3464CFB7038B-LeaderElection5: begin an election at term 660 for -1: [omNode2:122.0.0.122:9872, omNode1:0.0.0.0:9872], old=null
2020-04-28 14:37:47,190 [omNode1@group-3464CFB7038B-LeaderElection5] INFO  impl.LeaderElection (LeaderElection.java:logAndReturn(61)) - omNode1@group-3464CFB7038B-LeaderElection5: Election TIMEOUT; received 0 response(s) [] and 0 exception(s); omNode1@group-3464CFB7038B:t660, leader=null, voted=omNode1, raftlog=omNode1@group-3464CFB7038B-SegmentedRaftLog:OPENED:c-1,f-1,i0, conf=-1: [omNode2:122.0.0.122:9872, omNode1:0.0.0.0:9872], old=null
2020-04-28 14:37:47,192 [omNode1@group-3464CFB7038B-LeaderElection5] INFO  impl.LeaderElection (LeaderElection.java:askForVotes(206)) - omNode1@group-3464CFB7038B-LeaderElection5: begin an election at term 661 for -1: [omNode2:122.0.0.122:9872, omNode1:0.0.0.0:9872], old=null
2020-04-28 14:37:47,239 [omNode1@group-3464CFB7038B-LeaderElection5] INFO  impl.LeaderElection (LeaderElection.java:logAndReturn(61)) - omNode1@group-3464CFB7038B-LeaderElection5: Election TIMEOUT; received 0 response(s) [] and 0 exception(s); omNode1@group-3464CFB7038B:t661, leader=null, voted=omNode1, raftlog=omNode1@group-3464CFB7038B-SegmentedRaftLog:OPENED:c-1,f-1,i0, conf=-1: [omNode2:122.0.0.122:9872, omNode1:0.0.0.0:9872], old=null
2020-04-28 14:37:47,240 [omNode1@group-3464CFB7038B-LeaderElection5] INFO  impl.LeaderElection (LeaderElection.java:askForVotes(206)) - omNode1@group-3464CFB7038B-LeaderElection5: begin an election at term 662 for -1: [omNode2:122.0.0.122:9872, omNode1:0.0.0.0:9872], old=null
2020-04-28 14:37:47,418 [omNode1@group-3464CFB7038B-LeaderElection5] INFO  impl.LeaderElection (LeaderElection.java:logAndReturn(61)) - omNode1@group-3464CFB7038B-LeaderElection5: Election TIMEOUT; received 0 response(s) [] and 0 exception(s); omNode1@group-3464CFB7038B:t662, leader=null, voted=omNode1, raftlog=omNode1@group-3464CFB7038B-SegmentedRaftLog:OPENED:c-1,f-1,i0, conf=-1: [omNode2:122.0.0.122:9872, omNode1:0.0.0.0:9872], old=null
2020-04-28 14:37:47,419 [omNode1@group-3464CFB7038B-LeaderElection5] INFO  impl.LeaderElection (LeaderElection.java:askForVotes(206)) - omNode1@group-3464CFB7038B-LeaderElection5: begin an election at term 663 for -1: [omNode2:122.0.0.122:9872, omNode1:0.0.0.0:9872], old=null
2020-04-28 14:37:47,578 [omNode1@group-3464CFB7038B-LeaderElection5] INFO  impl.LeaderElection (LeaderElection.java:logAndReturn(61)) - omNode1@group-3464CFB7038B-LeaderElection5: Election TIMEOUT; received 0 response(s) [] and 0 exception(s); omNode1@group-3464CFB7038B:t663, leader=null, voted=omNode1, raftlog=omNode1@group-3464CFB7038B-SegmentedRaftLog:OPENED:c-1,f-1,i0, conf=-1: [omNode2:122.0.0.122:9872, omNode1:0.0.0.0:9872], old=null
2020-04-28 14:37:47,581 [omNode1@group-3464CFB7038B-LeaderElection5] INFO  impl.LeaderElection (LeaderElection.java:askForVotes(206)) - omNode1@group-3464CFB7038B-LeaderElection5: begin an election at term 664 for -1: [omNode2:122.0.0.122:9872, omNode1:0.0.0.0:9872], old=null
2020-04-28 14:37:47,733 [omNode1@group-3464CFB7038B-LeaderElection5] INFO  impl.LeaderElection (LeaderElection.java:logAndReturn(61)) - omNode1@group-3464CFB7038B-LeaderElection5: Election TIMEOUT; received 0 response(s) [] and 0 exception(s); omNode1@group-3464CFB7038B:t664, leader=null, voted=omNode1, raftlog=omNode1@group-3464CFB7038B-SegmentedRaftLog:OPENED:c-1,f-1,i0, conf=-1: [omNode2:122.0.0.122:9872, omNode1:0.0.0.0:9872], old=null
2020-04-28 14:37:47,735 [omNode1@group-3464CFB7038B-LeaderElection5] INFO  impl.LeaderElection (LeaderElection.java:askForVotes(206)) - omNode1@group-3464CFB7038B-LeaderElection5: begin an election at term 665 for -1: [omNode2:122.0.0.122:9872, omNode1:0.0.0.0:9872], old=null
2020-04-28 14:37:47,750 [omNode1@group-3464CFB7038B-LeaderElection5] INFO  impl.LeaderElection (LeaderElection.java:logAndReturn(61)) - omNode1@group-3464CFB7038B-LeaderElection5: Election TIMEOUT; received 0 response(s) [] and 0 exception(s); omNode1@group-3464CFB7038B:t665, leader=null, voted=omNode1, raftlog=omNode1@group-3464CFB7038B-SegmentedRaftLog:OPENED:c-1,f-1,i0, conf=-1: [omNode2:122.0.0.122:9872, omNode1:0.0.0.0:9872], old=null
2020-04-28 14:37:47,751 [omNode1@group-3464CFB7038B-LeaderElection5] INFO  impl.LeaderElection (LeaderElection.java:askForVotes(206)) - omNode1@group-3464CFB7038B-LeaderElection5: begin an election at term 666 for -1: [omNode2:122.0.0.122:9872, omNode1:0.0.0.0:9872], old=null
2020-04-28 14:37:47,779 [omNode1@group-3464CFB7038B-LeaderElection5] INFO  impl.LeaderElection (LeaderElection.java:logAndReturn(61)) - omNode1@group-3464CFB7038B-LeaderElection5: Election TIMEOUT; received 0 response(s) [] and 0 exception(s); omNode1@group-3464CFB7038B:t666, leader=null, voted=omNode1, raftlog=omNode1@group-3464CFB7038B-SegmentedRaftLog:OPENED:c-1,f-1,i0, conf=-1: [omNode2:122.0.0.122:9872, omNode1:0.0.0.0:9872], old=null
2020-04-28 14:37:47,780 [main] INFO  ozone.MiniOzoneClusterImpl (MiniOzoneClusterImpl.java:lambda$waitForClusterToBeReady$0(177)) - Nodes are ready. Got 3 of 3 DN Heartbeats.
2020-04-28 14:37:47,780 [main] INFO  ozone.MiniOzoneClusterImpl (MiniOzoneClusterImpl.java:lambda$waitForClusterToBeReady$0(180)) - Waiting for cluster to exit safe mode
2020-04-28 14:37:47,780 [omNode1@group-3464CFB7038B-LeaderElection5] INFO  impl.LeaderElection (LeaderElection.java:askForVotes(206)) - omNode1@group-3464CFB7038B-LeaderElection5: begin an election at term 667 for -1: [omNode2:122.0.0.122:9872, omNode1:0.0.0.0:9872], old=null
2020-04-28 14:37:47,880 [omNode1@group-3464CFB7038B-LeaderElection5] INFO  impl.LeaderElection (LeaderElection.java:logAndReturn(61)) - omNode1@group-3464CFB7038B-LeaderElection5: Election TIMEOUT; received 0 response(s) [] and 0 exception(s); omNode1@group-3464CFB7038B:t667, leader=null, voted=omNode1, raftlog=omNode1@group-3464CFB7038B-SegmentedRaftLog:OPENED:c-1,f-1,i0, conf=-1: [omNode2:122.0.0.122:9872, omNode1:0.0.0.0:9872], old=null
2020-04-28 14:37:47,882 [omNode1@group-3464CFB7038B-LeaderElection5] INFO  impl.LeaderElection (LeaderElection.java:askForVotes(206)) - omNode1@group-3464CFB7038B-LeaderElection5: begin an election at term 668 for -1: [omNode2:122.0.0.122:9872, omNode1:0.0.0.0:9872], old=null
2020-04-28 14:37:47,938 [omNode1@group-3464CFB7038B-LeaderElection5] INFO  impl.LeaderElection (LeaderElection.java:logAndReturn(61)) - omNode1@group-3464CFB7038B-LeaderElection5: Election TIMEOUT; received 0 response(s) [] and 0 exception(s); omNode1@group-3464CFB7038B:t668, leader=null, voted=omNode1, raftlog=omNode1@group-3464CFB7038B-SegmentedRaftLog:OPENED:c-1,f-1,i0, conf=-1: [omNode2:122.0.0.122:9872, omNode1:0.0.0.0:9872], old=null
2020-04-28 14:37:47,940 [omNode1@group-3464CFB7038B-LeaderElection5] INFO  impl.LeaderElection (LeaderElection.java:askForVotes(206)) - omNode1@group-3464CFB7038B-LeaderElection5: begin an election at term 669 for -1: [omNode2:122.0.0.122:9872, omNode1:0.0.0.0:9872], old=null
2020-04-28 14:37:48,045 [omNode1@group-3464CFB7038B-LeaderElection5] INFO  impl.LeaderElection (LeaderElection.java:logAndReturn(61)) - omNode1@group-3464CFB7038B-LeaderElection5: Election TIMEOUT; received 0 response(s) [] and 0 exception(s); omNode1@group-3464CFB7038B:t669, leader=null, voted=omNode1, raftlog=omNode1@group-3464CFB7038B-SegmentedRaftLog:OPENED:c-1,f-1,i0, conf=-1: [omNode2:122.0.0.122:9872, omNode1:0.0.0.0:9872], old=null
2020-04-28 14:37:48,047 [omNode1@group-3464CFB7038B-LeaderElection5] INFO  impl.LeaderElection (LeaderElection.java:askForVotes(206)) - omNode1@group-3464CFB7038B-LeaderElection5: begin an election at term 670 for -1: [omNode2:122.0.0.122:9872, omNode1:0.0.0.0:9872], old=null
2020-04-28 14:37:48,127 [omNode1@group-3464CFB7038B-LeaderElection5] INFO  impl.LeaderElection (LeaderElection.java:logAndReturn(61)) - omNode1@group-3464CFB7038B-LeaderElection5: Election TIMEOUT; received 0 response(s) [] and 0 exception(s); omNode1@group-3464CFB7038B:t670, leader=null, voted=omNode1, raftlog=omNode1@group-3464CFB7038B-SegmentedRaftLog:OPENED:c-1,f-1,i0, conf=-1: [omNode2:122.0.0.122:9872, omNode1:0.0.0.0:9872], old=null
2020-04-28 14:37:48,128 [omNode1@group-3464CFB7038B-LeaderElection5] INFO  impl.LeaderElection (LeaderElection.java:askForVotes(206)) - omNode1@group-3464CFB7038B-LeaderElection5: begin an election at term 671 for -1: [omNode2:122.0.0.122:9872, omNode1:0.0.0.0:9872], old=null
2020-04-28 14:37:48,224 [omNode1@group-3464CFB7038B-LeaderElection5] INFO  impl.LeaderElection (LeaderElection.java:logAndReturn(61)) - omNode1@group-3464CFB7038B-LeaderElection5: Election TIMEOUT; received 0 response(s) [] and 0 exception(s); omNode1@group-3464CFB7038B:t671, leader=null, voted=omNode1, raftlog=omNode1@group-3464CFB7038B-SegmentedRaftLog:OPENED:c-1,f-1,i0, conf=-1: [omNode2:122.0.0.122:9872, omNode1:0.0.0.0:9872], old=null
2020-04-28 14:37:48,225 [omNode1@group-3464CFB7038B-LeaderElection5] INFO  impl.LeaderElection (LeaderElection.java:askForVotes(206)) - omNode1@group-3464CFB7038B-LeaderElection5: begin an election at term 672 for -1: [omNode2:122.0.0.122:9872, omNode1:0.0.0.0:9872], old=null
2020-04-28 14:37:48,319 [omNode1@group-3464CFB7038B-LeaderElection5] INFO  impl.LeaderElection (LeaderElection.java:logAndReturn(61)) - omNode1@group-3464CFB7038B-LeaderElection5: Election TIMEOUT; received 0 response(s) [] and 0 exception(s); omNode1@group-3464CFB7038B:t672, leader=null, voted=omNode1, raftlog=omNode1@group-3464CFB7038B-SegmentedRaftLog:OPENED:c-1,f-1,i0, conf=-1: [omNode2:122.0.0.122:9872, omNode1:0.0.0.0:9872], old=null
2020-04-28 14:37:48,320 [omNode1@group-3464CFB7038B-LeaderElection5] INFO  impl.LeaderElection (LeaderElection.java:askForVotes(206)) - omNode1@group-3464CFB7038B-LeaderElection5: begin an election at term 673 for -1: [omNode2:122.0.0.122:9872, omNode1:0.0.0.0:9872], old=null
2020-04-28 14:37:48,502 [omNode1@group-3464CFB7038B-LeaderElection5] INFO  impl.LeaderElection (LeaderElection.java:logAndReturn(61)) - omNode1@group-3464CFB7038B-LeaderElection5: Election TIMEOUT; received 0 response(s) [] and 0 exception(s); omNode1@group-3464CFB7038B:t673, leader=null, voted=omNode1, raftlog=omNode1@group-3464CFB7038B-SegmentedRaftLog:OPENED:c-1,f-1,i0, conf=-1: [omNode2:122.0.0.122:9872, omNode1:0.0.0.0:9872], old=null
2020-04-28 14:37:48,503 [omNode1@group-3464CFB7038B-LeaderElection5] INFO  impl.LeaderElection (LeaderElection.java:askForVotes(206)) - omNode1@group-3464CFB7038B-LeaderElection5: begin an election at term 674 for -1: [omNode2:122.0.0.122:9872, omNode1:0.0.0.0:9872], old=null
2020-04-28 14:37:48,642 [omNode1@group-3464CFB7038B-LeaderElection5] INFO  impl.LeaderElection (LeaderElection.java:logAndReturn(61)) - omNode1@group-3464CFB7038B-LeaderElection5: Election TIMEOUT; received 0 response(s) [] and 0 exception(s); omNode1@group-3464CFB7038B:t674, leader=null, voted=omNode1, raftlog=omNode1@group-3464CFB7038B-SegmentedRaftLog:OPENED:c-1,f-1,i0, conf=-1: [omNode2:122.0.0.122:9872, omNode1:0.0.0.0:9872], old=null
2020-04-28 14:37:48,644 [omNode1@group-3464CFB7038B-LeaderElection5] INFO  impl.LeaderElection (LeaderElection.java:askForVotes(206)) - omNode1@group-3464CFB7038B-LeaderElection5: begin an election at term 675 for -1: [omNode2:122.0.0.122:9872, omNode1:0.0.0.0:9872], old=null
2020-04-28 14:37:48,779 [omNode1@group-3464CFB7038B-LeaderElection5] INFO  impl.LeaderElection (LeaderElection.java:logAndReturn(61)) - omNode1@group-3464CFB7038B-LeaderElection5: Election TIMEOUT; received 0 response(s) [] and 0 exception(s); omNode1@group-3464CFB7038B:t675, leader=null, voted=omNode1, raftlog=omNode1@group-3464CFB7038B-SegmentedRaftLog:OPENED:c-1,f-1,i0, conf=-1: [omNode2:122.0.0.122:9872, omNode1:0.0.0.0:9872], old=null
2020-04-28 14:37:48,781 [main] INFO  ozone.MiniOzoneClusterImpl (MiniOzoneClusterImpl.java:lambda$waitForClusterToBeReady$0(177)) - Nodes are ready. Got 3 of 3 DN Heartbeats.
2020-04-28 14:37:48,781 [main] INFO  ozone.MiniOzoneClusterImpl (MiniOzoneClusterImpl.java:lambda$waitForClusterToBeReady$0(180)) - Waiting for cluster to exit safe mode
2020-04-28 14:37:48,781 [omNode1@group-3464CFB7038B-LeaderElection5] INFO  impl.LeaderElection (LeaderElection.java:askForVotes(206)) - omNode1@group-3464CFB7038B-LeaderElection5: begin an election at term 676 for -1: [omNode2:122.0.0.122:9872, omNode1:0.0.0.0:9872], old=null
2020-04-28 14:37:48,922 [omNode1@group-3464CFB7038B-LeaderElection5] INFO  impl.LeaderElection (LeaderElection.java:logAndReturn(61)) - omNode1@group-3464CFB7038B-LeaderElection5: Election TIMEOUT; received 0 response(s) [] and 0 exception(s); omNode1@group-3464CFB7038B:t676, leader=null, voted=omNode1, raftlog=omNode1@group-3464CFB7038B-SegmentedRaftLog:OPENED:c-1,f-1,i0, conf=-1: [omNode2:122.0.0.122:9872, omNode1:0.0.0.0:9872], old=null
2020-04-28 14:37:48,923 [omNode1@group-3464CFB7038B-LeaderElection5] INFO  impl.LeaderElection (LeaderElection.java:askForVotes(206)) - omNode1@group-3464CFB7038B-LeaderElection5: begin an election at term 677 for -1: [omNode2:122.0.0.122:9872, omNode1:0.0.0.0:9872], old=null
2020-04-28 14:37:49,081 [omNode1@group-3464CFB7038B-LeaderElection5] INFO  impl.LeaderElection (LeaderElection.java:logAndReturn(61)) - omNode1@group-3464CFB7038B-LeaderElection5: Election TIMEOUT; received 0 response(s) [] and 0 exception(s); omNode1@group-3464CFB7038B:t677, leader=null, voted=omNode1, raftlog=omNode1@group-3464CFB7038B-SegmentedRaftLog:OPENED:c-1,f-1,i0, conf=-1: [omNode2:122.0.0.122:9872, omNode1:0.0.0.0:9872], old=null
2020-04-28 14:37:49,082 [omNode1@group-3464CFB7038B-LeaderElection5] INFO  impl.LeaderElection (LeaderElection.java:askForVotes(206)) - omNode1@group-3464CFB7038B-LeaderElection5: begin an election at term 678 for -1: [omNode2:122.0.0.122:9872, omNode1:0.0.0.0:9872], old=null
2020-04-28 14:37:49,098 [omNode1@group-3464CFB7038B-LeaderElection5] INFO  impl.LeaderElection (LeaderElection.java:logAndReturn(61)) - omNode1@group-3464CFB7038B-LeaderElection5: Election TIMEOUT; received 0 response(s) [] and 0 exception(s); omNode1@group-3464CFB7038B:t678, leader=null, voted=omNode1, raftlog=omNode1@group-3464CFB7038B-SegmentedRaftLog:OPENED:c-1,f-1,i0, conf=-1: [omNode2:122.0.0.122:9872, omNode1:0.0.0.0:9872], old=null
2020-04-28 14:37:49,099 [omNode1@group-3464CFB7038B-LeaderElection5] INFO  impl.LeaderElection (LeaderElection.java:askForVotes(206)) - omNode1@group-3464CFB7038B-LeaderElection5: begin an election at term 679 for -1: [omNode2:122.0.0.122:9872, omNode1:0.0.0.0:9872], old=null
2020-04-28 14:37:49,268 [omNode1@group-3464CFB7038B-LeaderElection5] INFO  impl.LeaderElection (LeaderElection.java:logAndReturn(61)) - omNode1@group-3464CFB7038B-LeaderElection5: Election TIMEOUT; received 0 response(s) [] and 0 exception(s); omNode1@group-3464CFB7038B:t679, leader=null, voted=omNode1, raftlog=omNode1@group-3464CFB7038B-SegmentedRaftLog:OPENED:c-1,f-1,i0, conf=-1: [omNode2:122.0.0.122:9872, omNode1:0.0.0.0:9872], old=null
2020-04-28 14:37:49,270 [omNode1@group-3464CFB7038B-LeaderElection5] INFO  impl.LeaderElection (LeaderElection.java:askForVotes(206)) - omNode1@group-3464CFB7038B-LeaderElection5: begin an election at term 680 for -1: [omNode2:122.0.0.122:9872, omNode1:0.0.0.0:9872], old=null
2020-04-28 14:37:49,374 [omNode1@group-3464CFB7038B-LeaderElection5] INFO  impl.LeaderElection (LeaderElection.java:logAndReturn(61)) - omNode1@group-3464CFB7038B-LeaderElection5: Election TIMEOUT; received 0 response(s) [] and 0 exception(s); omNode1@group-3464CFB7038B:t680, leader=null, voted=omNode1, raftlog=omNode1@group-3464CFB7038B-SegmentedRaftLog:OPENED:c-1,f-1,i0, conf=-1: [omNode2:122.0.0.122:9872, omNode1:0.0.0.0:9872], old=null
2020-04-28 14:37:49,376 [omNode1@group-3464CFB7038B-LeaderElection5] INFO  impl.LeaderElection (LeaderElection.java:askForVotes(206)) - omNode1@group-3464CFB7038B-LeaderElection5: begin an election at term 681 for -1: [omNode2:122.0.0.122:9872, omNode1:0.0.0.0:9872], old=null
2020-04-28 14:37:49,434 [omNode1@group-3464CFB7038B-LeaderElection5] INFO  impl.LeaderElection (LeaderElection.java:logAndReturn(61)) - omNode1@group-3464CFB7038B-LeaderElection5: Election TIMEOUT; received 0 response(s) [] and 0 exception(s); omNode1@group-3464CFB7038B:t681, leader=null, voted=omNode1, raftlog=omNode1@group-3464CFB7038B-SegmentedRaftLog:OPENED:c-1,f-1,i0, conf=-1: [omNode2:122.0.0.122:9872, omNode1:0.0.0.0:9872], old=null
2020-04-28 14:37:49,436 [omNode1@group-3464CFB7038B-LeaderElection5] INFO  impl.LeaderElection (LeaderElection.java:askForVotes(206)) - omNode1@group-3464CFB7038B-LeaderElection5: begin an election at term 682 for -1: [omNode2:122.0.0.122:9872, omNode1:0.0.0.0:9872], old=null
2020-04-28 14:37:49,549 [omNode1@group-3464CFB7038B-LeaderElection5] INFO  impl.LeaderElection (LeaderElection.java:logAndReturn(61)) - omNode1@group-3464CFB7038B-LeaderElection5: Election TIMEOUT; received 0 response(s) [] and 0 exception(s); omNode1@group-3464CFB7038B:t682, leader=null, voted=omNode1, raftlog=omNode1@group-3464CFB7038B-SegmentedRaftLog:OPENED:c-1,f-1,i0, conf=-1: [omNode2:122.0.0.122:9872, omNode1:0.0.0.0:9872], old=null
2020-04-28 14:37:49,550 [omNode1@group-3464CFB7038B-LeaderElection5] INFO  impl.LeaderElection (LeaderElection.java:askForVotes(206)) - omNode1@group-3464CFB7038B-LeaderElection5: begin an election at term 683 for -1: [omNode2:122.0.0.122:9872, omNode1:0.0.0.0:9872], old=null
2020-04-28 14:37:49,593 [omNode1@group-3464CFB7038B-LeaderElection5] INFO  impl.LeaderElection (LeaderElection.java:logAndReturn(61)) - omNode1@group-3464CFB7038B-LeaderElection5: Election TIMEOUT; received 0 response(s) [] and 0 exception(s); omNode1@group-3464CFB7038B:t683, leader=null, voted=omNode1, raftlog=omNode1@group-3464CFB7038B-SegmentedRaftLog:OPENED:c-1,f-1,i0, conf=-1: [omNode2:122.0.0.122:9872, omNode1:0.0.0.0:9872], old=null
2020-04-28 14:37:49,595 [omNode1@group-3464CFB7038B-LeaderElection5] INFO  impl.LeaderElection (LeaderElection.java:askForVotes(206)) - omNode1@group-3464CFB7038B-LeaderElection5: begin an election at term 684 for -1: [omNode2:122.0.0.122:9872, omNode1:0.0.0.0:9872], old=null
2020-04-28 14:37:49,781 [main] INFO  ozone.MiniOzoneClusterImpl (MiniOzoneClusterImpl.java:lambda$waitForClusterToBeReady$0(177)) - Nodes are ready. Got 3 of 3 DN Heartbeats.
2020-04-28 14:37:49,782 [main] INFO  ozone.MiniOzoneClusterImpl (MiniOzoneClusterImpl.java:lambda$waitForClusterToBeReady$0(180)) - Waiting for cluster to exit safe mode
2020-04-28 14:37:49,782 [omNode1@group-3464CFB7038B-LeaderElection5] INFO  impl.LeaderElection (LeaderElection.java:logAndReturn(61)) - omNode1@group-3464CFB7038B-LeaderElection5: Election TIMEOUT; received 0 response(s) [] and 0 exception(s); omNode1@group-3464CFB7038B:t684, leader=null, voted=omNode1, raftlog=omNode1@group-3464CFB7038B-SegmentedRaftLog:OPENED:c-1,f-1,i0, conf=-1: [omNode2:122.0.0.122:9872, omNode1:0.0.0.0:9872], old=null
2020-04-28 14:37:49,784 [omNode1@group-3464CFB7038B-LeaderElection5] INFO  impl.LeaderElection (LeaderElection.java:askForVotes(206)) - omNode1@group-3464CFB7038B-LeaderElection5: begin an election at term 685 for -1: [omNode2:122.0.0.122:9872, omNode1:0.0.0.0:9872], old=null
2020-04-28 14:37:49,799 [omNode1@group-3464CFB7038B-LeaderElection5] INFO  impl.LeaderElection (LeaderElection.java:logAndReturn(61)) - omNode1@group-3464CFB7038B-LeaderElection5: Election TIMEOUT; received 0 response(s) [] and 0 exception(s); omNode1@group-3464CFB7038B:t685, leader=null, voted=omNode1, raftlog=omNode1@group-3464CFB7038B-SegmentedRaftLog:OPENED:c-1,f-1,i0, conf=-1: [omNode2:122.0.0.122:9872, omNode1:0.0.0.0:9872], old=null
2020-04-28 14:37:49,801 [omNode1@group-3464CFB7038B-LeaderElection5] INFO  impl.LeaderElection (LeaderElection.java:askForVotes(206)) - omNode1@group-3464CFB7038B-LeaderElection5: begin an election at term 686 for -1: [omNode2:122.0.0.122:9872, omNode1:0.0.0.0:9872], old=null
2020-04-28 14:37:49,914 [omNode1@group-3464CFB7038B-LeaderElection5] INFO  impl.LeaderElection (LeaderElection.java:logAndReturn(61)) - omNode1@group-3464CFB7038B-LeaderElection5: Election TIMEOUT; received 0 response(s) [] and 0 exception(s); omNode1@group-3464CFB7038B:t686, leader=null, voted=omNode1, raftlog=omNode1@group-3464CFB7038B-SegmentedRaftLog:OPENED:c-1,f-1,i0, conf=-1: [omNode2:122.0.0.122:9872, omNode1:0.0.0.0:9872], old=null
2020-04-28 14:37:49,916 [omNode1@group-3464CFB7038B-LeaderElection5] INFO  impl.LeaderElection (LeaderElection.java:askForVotes(206)) - omNode1@group-3464CFB7038B-LeaderElection5: begin an election at term 687 for -1: [omNode2:122.0.0.122:9872, omNode1:0.0.0.0:9872], old=null
2020-04-28 14:37:50,075 [omNode1@group-3464CFB7038B-LeaderElection5] INFO  impl.LeaderElection (LeaderElection.java:logAndReturn(61)) - omNode1@group-3464CFB7038B-LeaderElection5: Election TIMEOUT; received 0 response(s) [] and 0 exception(s); omNode1@group-3464CFB7038B:t687, leader=null, voted=omNode1, raftlog=omNode1@group-3464CFB7038B-SegmentedRaftLog:OPENED:c-1,f-1,i0, conf=-1: [omNode2:122.0.0.122:9872, omNode1:0.0.0.0:9872], old=null
2020-04-28 14:37:50,076 [omNode1@group-3464CFB7038B-LeaderElection5] INFO  impl.LeaderElection (LeaderElection.java:askForVotes(206)) - omNode1@group-3464CFB7038B-LeaderElection5: begin an election at term 688 for -1: [omNode2:122.0.0.122:9872, omNode1:0.0.0.0:9872], old=null
2020-04-28 14:37:50,109 [omNode1@group-3464CFB7038B-LeaderElection5] INFO  impl.LeaderElection (LeaderElection.java:logAndReturn(61)) - omNode1@group-3464CFB7038B-LeaderElection5: Election TIMEOUT; received 0 response(s) [] and 0 exception(s); omNode1@group-3464CFB7038B:t688, leader=null, voted=omNode1, raftlog=omNode1@group-3464CFB7038B-SegmentedRaftLog:OPENED:c-1,f-1,i0, conf=-1: [omNode2:122.0.0.122:9872, omNode1:0.0.0.0:9872], old=null
2020-04-28 14:37:50,111 [omNode1@group-3464CFB7038B-LeaderElection5] INFO  impl.LeaderElection (LeaderElection.java:askForVotes(206)) - omNode1@group-3464CFB7038B-LeaderElection5: begin an election at term 689 for -1: [omNode2:122.0.0.122:9872, omNode1:0.0.0.0:9872], old=null
2020-04-28 14:37:50,280 [omNode1@group-3464CFB7038B-LeaderElection5] INFO  impl.LeaderElection (LeaderElection.java:logAndReturn(61)) - omNode1@group-3464CFB7038B-LeaderElection5: Election TIMEOUT; received 0 response(s) [] and 0 exception(s); omNode1@group-3464CFB7038B:t689, leader=null, voted=omNode1, raftlog=omNode1@group-3464CFB7038B-SegmentedRaftLog:OPENED:c-1,f-1,i0, conf=-1: [omNode2:122.0.0.122:9872, omNode1:0.0.0.0:9872], old=null
2020-04-28 14:37:50,281 [omNode1@group-3464CFB7038B-LeaderElection5] INFO  impl.LeaderElection (LeaderElection.java:askForVotes(206)) - omNode1@group-3464CFB7038B-LeaderElection5: begin an election at term 690 for -1: [omNode2:122.0.0.122:9872, omNode1:0.0.0.0:9872], old=null
2020-04-28 14:37:50,450 [omNode1@group-3464CFB7038B-LeaderElection5] INFO  impl.LeaderElection (LeaderElection.java:logAndReturn(61)) - omNode1@group-3464CFB7038B-LeaderElection5: Election TIMEOUT; received 0 response(s) [] and 0 exception(s); omNode1@group-3464CFB7038B:t690, leader=null, voted=omNode1, raftlog=omNode1@group-3464CFB7038B-SegmentedRaftLog:OPENED:c-1,f-1,i0, conf=-1: [omNode2:122.0.0.122:9872, omNode1:0.0.0.0:9872], old=null
2020-04-28 14:37:50,451 [omNode1@group-3464CFB7038B-LeaderElection5] INFO  impl.LeaderElection (LeaderElection.java:askForVotes(206)) - omNode1@group-3464CFB7038B-LeaderElection5: begin an election at term 691 for -1: [omNode2:122.0.0.122:9872, omNode1:0.0.0.0:9872], old=null
2020-04-28 14:37:50,637 [omNode1@group-3464CFB7038B-LeaderElection5] INFO  impl.LeaderElection (LeaderElection.java:logAndReturn(61)) - omNode1@group-3464CFB7038B-LeaderElection5: Election TIMEOUT; received 0 response(s) [] and 0 exception(s); omNode1@group-3464CFB7038B:t691, leader=null, voted=omNode1, raftlog=omNode1@group-3464CFB7038B-SegmentedRaftLog:OPENED:c-1,f-1,i0, conf=-1: [omNode2:122.0.0.122:9872, omNode1:0.0.0.0:9872], old=null
2020-04-28 14:37:50,639 [omNode1@group-3464CFB7038B-LeaderElection5] INFO  impl.LeaderElection (LeaderElection.java:askForVotes(206)) - omNode1@group-3464CFB7038B-LeaderElection5: begin an election at term 692 for -1: [omNode2:122.0.0.122:9872, omNode1:0.0.0.0:9872], old=null
2020-04-28 14:37:50,782 [main] INFO  ozone.MiniOzoneClusterImpl (MiniOzoneClusterImpl.java:lambda$waitForClusterToBeReady$0(177)) - Nodes are ready. Got 3 of 3 DN Heartbeats.
2020-04-28 14:37:50,782 [main] INFO  ozone.MiniOzoneClusterImpl (MiniOzoneClusterImpl.java:lambda$waitForClusterToBeReady$0(180)) - Waiting for cluster to exit safe mode
2020-04-28 14:37:50,790 [omNode1@group-3464CFB7038B-LeaderElection5] INFO  impl.LeaderElection (LeaderElection.java:logAndReturn(61)) - omNode1@group-3464CFB7038B-LeaderElection5: Election TIMEOUT; received 0 response(s) [] and 0 exception(s); omNode1@group-3464CFB7038B:t692, leader=null, voted=omNode1, raftlog=omNode1@group-3464CFB7038B-SegmentedRaftLog:OPENED:c-1,f-1,i0, conf=-1: [omNode2:122.0.0.122:9872, omNode1:0.0.0.0:9872], old=null
2020-04-28 14:37:50,792 [omNode1@group-3464CFB7038B-LeaderElection5] INFO  impl.LeaderElection (LeaderElection.java:askForVotes(206)) - omNode1@group-3464CFB7038B-LeaderElection5: begin an election at term 693 for -1: [omNode2:122.0.0.122:9872, omNode1:0.0.0.0:9872], old=null
2020-04-28 14:37:50,898 [omNode1@group-3464CFB7038B-LeaderElection5] INFO  impl.LeaderElection (LeaderElection.java:logAndReturn(61)) - omNode1@group-3464CFB7038B-LeaderElection5: Election TIMEOUT; received 0 response(s) [] and 0 exception(s); omNode1@group-3464CFB7038B:t693, leader=null, voted=omNode1, raftlog=omNode1@group-3464CFB7038B-SegmentedRaftLog:OPENED:c-1,f-1,i0, conf=-1: [omNode2:122.0.0.122:9872, omNode1:0.0.0.0:9872], old=null
2020-04-28 14:37:50,899 [omNode1@group-3464CFB7038B-LeaderElection5] INFO  impl.LeaderElection (LeaderElection.java:askForVotes(206)) - omNode1@group-3464CFB7038B-LeaderElection5: begin an election at term 694 for -1: [omNode2:122.0.0.122:9872, omNode1:0.0.0.0:9872], old=null
2020-04-28 14:37:51,080 [omNode1@group-3464CFB7038B-LeaderElection5] INFO  impl.LeaderElection (LeaderElection.java:logAndReturn(61)) - omNode1@group-3464CFB7038B-LeaderElection5: Election TIMEOUT; received 0 response(s) [] and 0 exception(s); omNode1@group-3464CFB7038B:t694, leader=null, voted=omNode1, raftlog=omNode1@group-3464CFB7038B-SegmentedRaftLog:OPENED:c-1,f-1,i0, conf=-1: [omNode2:122.0.0.122:9872, omNode1:0.0.0.0:9872], old=null
2020-04-28 14:37:51,082 [omNode1@group-3464CFB7038B-LeaderElection5] INFO  impl.LeaderElection (LeaderElection.java:askForVotes(206)) - omNode1@group-3464CFB7038B-LeaderElection5: begin an election at term 695 for -1: [omNode2:122.0.0.122:9872, omNode1:0.0.0.0:9872], old=null
2020-04-28 14:37:51,088 [omNode1@group-3464CFB7038B-LeaderElection5] INFO  impl.LeaderElection (LeaderElection.java:logAndReturn(61)) - omNode1@group-3464CFB7038B-LeaderElection5: Election TIMEOUT; received 0 response(s) [] and 0 exception(s); omNode1@group-3464CFB7038B:t695, leader=null, voted=omNode1, raftlog=omNode1@group-3464CFB7038B-SegmentedRaftLog:OPENED:c-1,f-1,i0, conf=-1: [omNode2:122.0.0.122:9872, omNode1:0.0.0.0:9872], old=null
2020-04-28 14:37:51,090 [omNode1@group-3464CFB7038B-LeaderElection5] INFO  impl.LeaderElection (LeaderElection.java:askForVotes(206)) - omNode1@group-3464CFB7038B-LeaderElection5: begin an election at term 696 for -1: [omNode2:122.0.0.122:9872, omNode1:0.0.0.0:9872], old=null
2020-04-28 14:37:51,125 [omNode1@group-3464CFB7038B-LeaderElection5] INFO  impl.LeaderElection (LeaderElection.java:logAndReturn(61)) - omNode1@group-3464CFB7038B-LeaderElection5: Election TIMEOUT; received 0 response(s) [] and 0 exception(s); omNode1@group-3464CFB7038B:t696, leader=null, voted=omNode1, raftlog=omNode1@group-3464CFB7038B-SegmentedRaftLog:OPENED:c-1,f-1,i0, conf=-1: [omNode2:122.0.0.122:9872, omNode1:0.0.0.0:9872], old=null
2020-04-28 14:37:51,127 [omNode1@group-3464CFB7038B-LeaderElection5] INFO  impl.LeaderElection (LeaderElection.java:askForVotes(206)) - omNode1@group-3464CFB7038B-LeaderElection5: begin an election at term 697 for -1: [omNode2:122.0.0.122:9872, omNode1:0.0.0.0:9872], old=null
2020-04-28 14:37:51,302 [omNode1@group-3464CFB7038B-LeaderElection5] INFO  impl.LeaderElection (LeaderElection.java:logAndReturn(61)) - omNode1@group-3464CFB7038B-LeaderElection5: Election TIMEOUT; received 0 response(s) [] and 0 exception(s); omNode1@group-3464CFB7038B:t697, leader=null, voted=omNode1, raftlog=omNode1@group-3464CFB7038B-SegmentedRaftLog:OPENED:c-1,f-1,i0, conf=-1: [omNode2:122.0.0.122:9872, omNode1:0.0.0.0:9872], old=null
2020-04-28 14:37:51,304 [omNode1@group-3464CFB7038B-LeaderElection5] INFO  impl.LeaderElection (LeaderElection.java:askForVotes(206)) - omNode1@group-3464CFB7038B-LeaderElection5: begin an election at term 698 for -1: [omNode2:122.0.0.122:9872, omNode1:0.0.0.0:9872], old=null
2020-04-28 14:37:51,448 [omNode1@group-3464CFB7038B-LeaderElection5] INFO  impl.LeaderElection (LeaderElection.java:logAndReturn(61)) - omNode1@group-3464CFB7038B-LeaderElection5: Election TIMEOUT; received 0 response(s) [] and 0 exception(s); omNode1@group-3464CFB7038B:t698, leader=null, voted=omNode1, raftlog=omNode1@group-3464CFB7038B-SegmentedRaftLog:OPENED:c-1,f-1,i0, conf=-1: [omNode2:122.0.0.122:9872, omNode1:0.0.0.0:9872], old=null
2020-04-28 14:37:51,450 [omNode1@group-3464CFB7038B-LeaderElection5] INFO  impl.LeaderElection (LeaderElection.java:askForVotes(206)) - omNode1@group-3464CFB7038B-LeaderElection5: begin an election at term 699 for -1: [omNode2:122.0.0.122:9872, omNode1:0.0.0.0:9872], old=null
2020-04-28 14:37:51,627 [omNode1@group-3464CFB7038B-LeaderElection5] INFO  impl.LeaderElection (LeaderElection.java:logAndReturn(61)) - omNode1@group-3464CFB7038B-LeaderElection5: Election TIMEOUT; received 0 response(s) [] and 0 exception(s); omNode1@group-3464CFB7038B:t699, leader=null, voted=omNode1, raftlog=omNode1@group-3464CFB7038B-SegmentedRaftLog:OPENED:c-1,f-1,i0, conf=-1: [omNode2:122.0.0.122:9872, omNode1:0.0.0.0:9872], old=null
2020-04-28 14:37:51,629 [omNode1@group-3464CFB7038B-LeaderElection5] INFO  impl.LeaderElection (LeaderElection.java:askForVotes(206)) - omNode1@group-3464CFB7038B-LeaderElection5: begin an election at term 700 for -1: [omNode2:122.0.0.122:9872, omNode1:0.0.0.0:9872], old=null
2020-04-28 14:37:51,657 [omNode1@group-3464CFB7038B-LeaderElection5] INFO  impl.LeaderElection (LeaderElection.java:logAndReturn(61)) - omNode1@group-3464CFB7038B-LeaderElection5: Election TIMEOUT; received 0 response(s) [] and 0 exception(s); omNode1@group-3464CFB7038B:t700, leader=null, voted=omNode1, raftlog=omNode1@group-3464CFB7038B-SegmentedRaftLog:OPENED:c-1,f-1,i0, conf=-1: [omNode2:122.0.0.122:9872, omNode1:0.0.0.0:9872], old=null
2020-04-28 14:37:51,658 [omNode1@group-3464CFB7038B-LeaderElection5] INFO  impl.LeaderElection (LeaderElection.java:askForVotes(206)) - omNode1@group-3464CFB7038B-LeaderElection5: begin an election at term 701 for -1: [omNode2:122.0.0.122:9872, omNode1:0.0.0.0:9872], old=null
2020-04-28 14:37:51,782 [main] INFO  ozone.MiniOzoneClusterImpl (MiniOzoneClusterImpl.java:lambda$waitForClusterToBeReady$0(177)) - Nodes are ready. Got 3 of 3 DN Heartbeats.
2020-04-28 14:37:51,783 [main] INFO  ozone.MiniOzoneClusterImpl (MiniOzoneClusterImpl.java:lambda$waitForClusterToBeReady$0(180)) - Waiting for cluster to exit safe mode
2020-04-28 14:37:51,786 [omNode1@group-3464CFB7038B-LeaderElection5] INFO  impl.LeaderElection (LeaderElection.java:logAndReturn(61)) - omNode1@group-3464CFB7038B-LeaderElection5: Election TIMEOUT; received 0 response(s) [] and 0 exception(s); omNode1@group-3464CFB7038B:t701, leader=null, voted=omNode1, raftlog=omNode1@group-3464CFB7038B-SegmentedRaftLog:OPENED:c-1,f-1,i0, conf=-1: [omNode2:122.0.0.122:9872, omNode1:0.0.0.0:9872], old=null
2020-04-28 14:37:51,788 [omNode1@group-3464CFB7038B-LeaderElection5] INFO  impl.LeaderElection (LeaderElection.java:askForVotes(206)) - omNode1@group-3464CFB7038B-LeaderElection5: begin an election at term 702 for -1: [omNode2:122.0.0.122:9872, omNode1:0.0.0.0:9872], old=null
2020-04-28 14:37:51,881 [omNode1@group-3464CFB7038B-LeaderElection5] INFO  impl.LeaderElection (LeaderElection.java:logAndReturn(61)) - omNode1@group-3464CFB7038B-LeaderElection5: Election TIMEOUT; received 0 response(s) [] and 0 exception(s); omNode1@group-3464CFB7038B:t702, leader=null, voted=omNode1, raftlog=omNode1@group-3464CFB7038B-SegmentedRaftLog:OPENED:c-1,f-1,i0, conf=-1: [omNode2:122.0.0.122:9872, omNode1:0.0.0.0:9872], old=null
2020-04-28 14:37:51,883 [omNode1@group-3464CFB7038B-LeaderElection5] INFO  impl.LeaderElection (LeaderElection.java:askForVotes(206)) - omNode1@group-3464CFB7038B-LeaderElection5: begin an election at term 703 for -1: [omNode2:122.0.0.122:9872, omNode1:0.0.0.0:9872], old=null
2020-04-28 14:37:52,082 [omNode1@group-3464CFB7038B-LeaderElection5] INFO  impl.LeaderElection (LeaderElection.java:logAndReturn(61)) - omNode1@group-3464CFB7038B-LeaderElection5: Election TIMEOUT; received 0 response(s) [] and 0 exception(s); omNode1@group-3464CFB7038B:t703, leader=null, voted=omNode1, raftlog=omNode1@group-3464CFB7038B-SegmentedRaftLog:OPENED:c-1,f-1,i0, conf=-1: [omNode2:122.0.0.122:9872, omNode1:0.0.0.0:9872], old=null
2020-04-28 14:37:52,084 [omNode1@group-3464CFB7038B-LeaderElection5] INFO  impl.LeaderElection (LeaderElection.java:askForVotes(206)) - omNode1@group-3464CFB7038B-LeaderElection5: begin an election at term 704 for -1: [omNode2:122.0.0.122:9872, omNode1:0.0.0.0:9872], old=null
2020-04-28 14:37:52,130 [omNode1@group-3464CFB7038B-LeaderElection5] INFO  impl.LeaderElection (LeaderElection.java:logAndReturn(61)) - omNode1@group-3464CFB7038B-LeaderElection5: Election TIMEOUT; received 0 response(s) [] and 0 exception(s); omNode1@group-3464CFB7038B:t704, leader=null, voted=omNode1, raftlog=omNode1@group-3464CFB7038B-SegmentedRaftLog:OPENED:c-1,f-1,i0, conf=-1: [omNode2:122.0.0.122:9872, omNode1:0.0.0.0:9872], old=null
2020-04-28 14:37:52,132 [omNode1@group-3464CFB7038B-LeaderElection5] INFO  impl.LeaderElection (LeaderElection.java:askForVotes(206)) - omNode1@group-3464CFB7038B-LeaderElection5: begin an election at term 705 for -1: [omNode2:122.0.0.122:9872, omNode1:0.0.0.0:9872], old=null
2020-04-28 14:37:52,214 [omNode1@group-3464CFB7038B-LeaderElection5] INFO  impl.LeaderElection (LeaderElection.java:logAndReturn(61)) - omNode1@group-3464CFB7038B-LeaderElection5: Election TIMEOUT; received 0 response(s) [] and 0 exception(s); omNode1@group-3464CFB7038B:t705, leader=null, voted=omNode1, raftlog=omNode1@group-3464CFB7038B-SegmentedRaftLog:OPENED:c-1,f-1,i0, conf=-1: [omNode2:122.0.0.122:9872, omNode1:0.0.0.0:9872], old=null
2020-04-28 14:37:52,216 [omNode1@group-3464CFB7038B-LeaderElection5] INFO  impl.LeaderElection (LeaderElection.java:askForVotes(206)) - omNode1@group-3464CFB7038B-LeaderElection5: begin an election at term 706 for -1: [omNode2:122.0.0.122:9872, omNode1:0.0.0.0:9872], old=null
2020-04-28 14:37:52,234 [omNode1@group-3464CFB7038B-LeaderElection5] INFO  impl.LeaderElection (LeaderElection.java:logAndReturn(61)) - omNode1@group-3464CFB7038B-LeaderElection5: Election TIMEOUT; received 0 response(s) [] and 0 exception(s); omNode1@group-3464CFB7038B:t706, leader=null, voted=omNode1, raftlog=omNode1@group-3464CFB7038B-SegmentedRaftLog:OPENED:c-1,f-1,i0, conf=-1: [omNode2:122.0.0.122:9872, omNode1:0.0.0.0:9872], old=null
2020-04-28 14:37:52,235 [omNode1@group-3464CFB7038B-LeaderElection5] INFO  impl.LeaderElection (LeaderElection.java:askForVotes(206)) - omNode1@group-3464CFB7038B-LeaderElection5: begin an election at term 707 for -1: [omNode2:122.0.0.122:9872, omNode1:0.0.0.0:9872], old=null
2020-04-28 14:37:52,288 [omNode1@group-3464CFB7038B-LeaderElection5] INFO  impl.LeaderElection (LeaderElection.java:logAndReturn(61)) - omNode1@group-3464CFB7038B-LeaderElection5: Election TIMEOUT; received 0 response(s) [] and 0 exception(s); omNode1@group-3464CFB7038B:t707, leader=null, voted=omNode1, raftlog=omNode1@group-3464CFB7038B-SegmentedRaftLog:OPENED:c-1,f-1,i0, conf=-1: [omNode2:122.0.0.122:9872, omNode1:0.0.0.0:9872], old=null
2020-04-28 14:37:52,289 [omNode1@group-3464CFB7038B-LeaderElection5] INFO  impl.LeaderElection (LeaderElection.java:askForVotes(206)) - omNode1@group-3464CFB7038B-LeaderElection5: begin an election at term 708 for -1: [omNode2:122.0.0.122:9872, omNode1:0.0.0.0:9872], old=null
2020-04-28 14:37:52,406 [omNode1@group-3464CFB7038B-LeaderElection5] INFO  impl.LeaderElection (LeaderElection.java:logAndReturn(61)) - omNode1@group-3464CFB7038B-LeaderElection5: Election TIMEOUT; received 0 response(s) [] and 0 exception(s); omNode1@group-3464CFB7038B:t708, leader=null, voted=omNode1, raftlog=omNode1@group-3464CFB7038B-SegmentedRaftLog:OPENED:c-1,f-1,i0, conf=-1: [omNode2:122.0.0.122:9872, omNode1:0.0.0.0:9872], old=null
2020-04-28 14:37:52,407 [omNode1@group-3464CFB7038B-LeaderElection5] INFO  impl.LeaderElection (LeaderElection.java:askForVotes(206)) - omNode1@group-3464CFB7038B-LeaderElection5: begin an election at term 709 for -1: [omNode2:122.0.0.122:9872, omNode1:0.0.0.0:9872], old=null
2020-04-28 14:37:52,487 [omNode1@group-3464CFB7038B-LeaderElection5] INFO  impl.LeaderElection (LeaderElection.java:logAndReturn(61)) - omNode1@group-3464CFB7038B-LeaderElection5: Election TIMEOUT; received 0 response(s) [] and 0 exception(s); omNode1@group-3464CFB7038B:t709, leader=null, voted=omNode1, raftlog=omNode1@group-3464CFB7038B-SegmentedRaftLog:OPENED:c-1,f-1,i0, conf=-1: [omNode2:122.0.0.122:9872, omNode1:0.0.0.0:9872], old=null
2020-04-28 14:37:52,488 [omNode1@group-3464CFB7038B-LeaderElection5] INFO  impl.LeaderElection (LeaderElection.java:askForVotes(206)) - omNode1@group-3464CFB7038B-LeaderElection5: begin an election at term 710 for -1: [omNode2:122.0.0.122:9872, omNode1:0.0.0.0:9872], old=null
2020-04-28 14:37:52,510 [omNode1@group-3464CFB7038B-LeaderElection5] INFO  impl.LeaderElection (LeaderElection.java:logAndReturn(61)) - omNode1@group-3464CFB7038B-LeaderElection5: Election TIMEOUT; received 0 response(s) [] and 0 exception(s); omNode1@group-3464CFB7038B:t710, leader=null, voted=omNode1, raftlog=omNode1@group-3464CFB7038B-SegmentedRaftLog:OPENED:c-1,f-1,i0, conf=-1: [omNode2:122.0.0.122:9872, omNode1:0.0.0.0:9872], old=null
2020-04-28 14:37:52,512 [omNode1@group-3464CFB7038B-LeaderElection5] INFO  impl.LeaderElection (LeaderElection.java:askForVotes(206)) - omNode1@group-3464CFB7038B-LeaderElection5: begin an election at term 711 for -1: [omNode2:122.0.0.122:9872, omNode1:0.0.0.0:9872], old=null
2020-04-28 14:37:52,549 [omNode1@group-3464CFB7038B-LeaderElection5] INFO  impl.LeaderElection (LeaderElection.java:logAndReturn(61)) - omNode1@group-3464CFB7038B-LeaderElection5: Election TIMEOUT; received 0 response(s) [] and 0 exception(s); omNode1@group-3464CFB7038B:t711, leader=null, voted=omNode1, raftlog=omNode1@group-3464CFB7038B-SegmentedRaftLog:OPENED:c-1,f-1,i0, conf=-1: [omNode2:122.0.0.122:9872, omNode1:0.0.0.0:9872], old=null
2020-04-28 14:37:52,551 [omNode1@group-3464CFB7038B-LeaderElection5] INFO  impl.LeaderElection (LeaderElection.java:askForVotes(206)) - omNode1@group-3464CFB7038B-LeaderElection5: begin an election at term 712 for -1: [omNode2:122.0.0.122:9872, omNode1:0.0.0.0:9872], old=null
2020-04-28 14:37:52,650 [omNode1@group-3464CFB7038B-LeaderElection5] INFO  impl.LeaderElection (LeaderElection.java:logAndReturn(61)) - omNode1@group-3464CFB7038B-LeaderElection5: Election TIMEOUT; received 0 response(s) [] and 0 exception(s); omNode1@group-3464CFB7038B:t712, leader=null, voted=omNode1, raftlog=omNode1@group-3464CFB7038B-SegmentedRaftLog:OPENED:c-1,f-1,i0, conf=-1: [omNode2:122.0.0.122:9872, omNode1:0.0.0.0:9872], old=null
2020-04-28 14:37:52,652 [omNode1@group-3464CFB7038B-LeaderElection5] INFO  impl.LeaderElection (LeaderElection.java:askForVotes(206)) - omNode1@group-3464CFB7038B-LeaderElection5: begin an election at term 713 for -1: [omNode2:122.0.0.122:9872, omNode1:0.0.0.0:9872], old=null
2020-04-28 14:37:52,761 [omNode1@group-3464CFB7038B-LeaderElection5] INFO  impl.LeaderElection (LeaderElection.java:logAndReturn(61)) - omNode1@group-3464CFB7038B-LeaderElection5: Election TIMEOUT; received 0 response(s) [] and 0 exception(s); omNode1@group-3464CFB7038B:t713, leader=null, voted=omNode1, raftlog=omNode1@group-3464CFB7038B-SegmentedRaftLog:OPENED:c-1,f-1,i0, conf=-1: [omNode2:122.0.0.122:9872, omNode1:0.0.0.0:9872], old=null
2020-04-28 14:37:52,763 [omNode1@group-3464CFB7038B-LeaderElection5] INFO  impl.LeaderElection (LeaderElection.java:askForVotes(206)) - omNode1@group-3464CFB7038B-LeaderElection5: begin an election at term 714 for -1: [omNode2:122.0.0.122:9872, omNode1:0.0.0.0:9872], old=null
2020-04-28 14:37:52,783 [main] INFO  ozone.MiniOzoneClusterImpl (MiniOzoneClusterImpl.java:lambda$waitForClusterToBeReady$0(177)) - Nodes are ready. Got 3 of 3 DN Heartbeats.
2020-04-28 14:37:52,783 [main] INFO  ozone.MiniOzoneClusterImpl (MiniOzoneClusterImpl.java:lambda$waitForClusterToBeReady$0(180)) - Waiting for cluster to exit safe mode
2020-04-28 14:37:52,953 [omNode1@group-3464CFB7038B-LeaderElection5] INFO  impl.LeaderElection (LeaderElection.java:logAndReturn(61)) - omNode1@group-3464CFB7038B-LeaderElection5: Election TIMEOUT; received 0 response(s) [] and 0 exception(s); omNode1@group-3464CFB7038B:t714, leader=null, voted=omNode1, raftlog=omNode1@group-3464CFB7038B-SegmentedRaftLog:OPENED:c-1,f-1,i0, conf=-1: [omNode2:122.0.0.122:9872, omNode1:0.0.0.0:9872], old=null
2020-04-28 14:37:52,954 [omNode1@group-3464CFB7038B-LeaderElection5] INFO  impl.LeaderElection (LeaderElection.java:askForVotes(206)) - omNode1@group-3464CFB7038B-LeaderElection5: begin an election at term 715 for -1: [omNode2:122.0.0.122:9872, omNode1:0.0.0.0:9872], old=null
2020-04-28 14:37:53,098 [omNode1@group-3464CFB7038B-LeaderElection5] INFO  impl.LeaderElection (LeaderElection.java:logAndReturn(61)) - omNode1@group-3464CFB7038B-LeaderElection5: Election TIMEOUT; received 0 response(s) [] and 0 exception(s); omNode1@group-3464CFB7038B:t715, leader=null, voted=omNode1, raftlog=omNode1@group-3464CFB7038B-SegmentedRaftLog:OPENED:c-1,f-1,i0, conf=-1: [omNode2:122.0.0.122:9872, omNode1:0.0.0.0:9872], old=null
2020-04-28 14:37:53,100 [omNode1@group-3464CFB7038B-LeaderElection5] INFO  impl.LeaderElection (LeaderElection.java:askForVotes(206)) - omNode1@group-3464CFB7038B-LeaderElection5: begin an election at term 716 for -1: [omNode2:122.0.0.122:9872, omNode1:0.0.0.0:9872], old=null
2020-04-28 14:37:53,171 [omNode1@group-3464CFB7038B-LeaderElection5] INFO  impl.LeaderElection (LeaderElection.java:logAndReturn(61)) - omNode1@group-3464CFB7038B-LeaderElection5: Election TIMEOUT; received 0 response(s) [] and 0 exception(s); omNode1@group-3464CFB7038B:t716, leader=null, voted=omNode1, raftlog=omNode1@group-3464CFB7038B-SegmentedRaftLog:OPENED:c-1,f-1,i0, conf=-1: [omNode2:122.0.0.122:9872, omNode1:0.0.0.0:9872], old=null
2020-04-28 14:37:53,173 [omNode1@group-3464CFB7038B-LeaderElection5] INFO  impl.LeaderElection (LeaderElection.java:askForVotes(206)) - omNode1@group-3464CFB7038B-LeaderElection5: begin an election at term 717 for -1: [omNode2:122.0.0.122:9872, omNode1:0.0.0.0:9872], old=null
2020-04-28 14:37:53,304 [omNode1@group-3464CFB7038B-LeaderElection5] INFO  impl.LeaderElection (LeaderElection.java:logAndReturn(61)) - omNode1@group-3464CFB7038B-LeaderElection5: Election TIMEOUT; received 0 response(s) [] and 0 exception(s); omNode1@group-3464CFB7038B:t717, leader=null, voted=omNode1, raftlog=omNode1@group-3464CFB7038B-SegmentedRaftLog:OPENED:c-1,f-1,i0, conf=-1: [omNode2:122.0.0.122:9872, omNode1:0.0.0.0:9872], old=null
2020-04-28 14:37:53,306 [omNode1@group-3464CFB7038B-LeaderElection5] INFO  impl.LeaderElection (LeaderElection.java:askForVotes(206)) - omNode1@group-3464CFB7038B-LeaderElection5: begin an election at term 718 for -1: [omNode2:122.0.0.122:9872, omNode1:0.0.0.0:9872], old=null
2020-04-28 14:37:53,372 [omNode1@group-3464CFB7038B-LeaderElection5] INFO  impl.LeaderElection (LeaderElection.java:logAndReturn(61)) - omNode1@group-3464CFB7038B-LeaderElection5: Election TIMEOUT; received 0 response(s) [] and 0 exception(s); omNode1@group-3464CFB7038B:t718, leader=null, voted=omNode1, raftlog=omNode1@group-3464CFB7038B-SegmentedRaftLog:OPENED:c-1,f-1,i0, conf=-1: [omNode2:122.0.0.122:9872, omNode1:0.0.0.0:9872], old=null
2020-04-28 14:37:53,374 [omNode1@group-3464CFB7038B-LeaderElection5] INFO  impl.LeaderElection (LeaderElection.java:askForVotes(206)) - omNode1@group-3464CFB7038B-LeaderElection5: begin an election at term 719 for -1: [omNode2:122.0.0.122:9872, omNode1:0.0.0.0:9872], old=null
2020-04-28 14:37:53,451 [omNode1@group-3464CFB7038B-LeaderElection5] INFO  impl.LeaderElection (LeaderElection.java:logAndReturn(61)) - omNode1@group-3464CFB7038B-LeaderElection5: Election TIMEOUT; received 0 response(s) [] and 0 exception(s); omNode1@group-3464CFB7038B:t719, leader=null, voted=omNode1, raftlog=omNode1@group-3464CFB7038B-SegmentedRaftLog:OPENED:c-1,f-1,i0, conf=-1: [omNode2:122.0.0.122:9872, omNode1:0.0.0.0:9872], old=null
2020-04-28 14:37:53,453 [omNode1@group-3464CFB7038B-LeaderElection5] INFO  impl.LeaderElection (LeaderElection.java:askForVotes(206)) - omNode1@group-3464CFB7038B-LeaderElection5: begin an election at term 720 for -1: [omNode2:122.0.0.122:9872, omNode1:0.0.0.0:9872], old=null
2020-04-28 14:37:53,478 [omNode1@group-3464CFB7038B-LeaderElection5] INFO  impl.LeaderElection (LeaderElection.java:logAndReturn(61)) - omNode1@group-3464CFB7038B-LeaderElection5: Election TIMEOUT; received 0 response(s) [] and 0 exception(s); omNode1@group-3464CFB7038B:t720, leader=null, voted=omNode1, raftlog=omNode1@group-3464CFB7038B-SegmentedRaftLog:OPENED:c-1,f-1,i0, conf=-1: [omNode2:122.0.0.122:9872, omNode1:0.0.0.0:9872], old=null
2020-04-28 14:37:53,480 [omNode1@group-3464CFB7038B-LeaderElection5] INFO  impl.LeaderElection (LeaderElection.java:askForVotes(206)) - omNode1@group-3464CFB7038B-LeaderElection5: begin an election at term 721 for -1: [omNode2:122.0.0.122:9872, omNode1:0.0.0.0:9872], old=null
2020-04-28 14:37:53,521 [omNode1@group-3464CFB7038B-LeaderElection5] INFO  impl.LeaderElection (LeaderElection.java:logAndReturn(61)) - omNode1@group-3464CFB7038B-LeaderElection5: Election TIMEOUT; received 0 response(s) [] and 0 exception(s); omNode1@group-3464CFB7038B:t721, leader=null, voted=omNode1, raftlog=omNode1@group-3464CFB7038B-SegmentedRaftLog:OPENED:c-1,f-1,i0, conf=-1: [omNode2:122.0.0.122:9872, omNode1:0.0.0.0:9872], old=null
2020-04-28 14:37:53,523 [omNode1@group-3464CFB7038B-LeaderElection5] INFO  impl.LeaderElection (LeaderElection.java:askForVotes(206)) - omNode1@group-3464CFB7038B-LeaderElection5: begin an election at term 722 for -1: [omNode2:122.0.0.122:9872, omNode1:0.0.0.0:9872], old=null
2020-04-28 14:37:53,585 [omNode1@group-3464CFB7038B-LeaderElection5] INFO  impl.LeaderElection (LeaderElection.java:logAndReturn(61)) - omNode1@group-3464CFB7038B-LeaderElection5: Election TIMEOUT; received 0 response(s) [] and 0 exception(s); omNode1@group-3464CFB7038B:t722, leader=null, voted=omNode1, raftlog=omNode1@group-3464CFB7038B-SegmentedRaftLog:OPENED:c-1,f-1,i0, conf=-1: [omNode2:122.0.0.122:9872, omNode1:0.0.0.0:9872], old=null
2020-04-28 14:37:53,587 [omNode1@group-3464CFB7038B-LeaderElection5] INFO  impl.LeaderElection (LeaderElection.java:askForVotes(206)) - omNode1@group-3464CFB7038B-LeaderElection5: begin an election at term 723 for -1: [omNode2:122.0.0.122:9872, omNode1:0.0.0.0:9872], old=null
2020-04-28 14:37:53,723 [omNode1@group-3464CFB7038B-LeaderElection5] INFO  impl.LeaderElection (LeaderElection.java:logAndReturn(61)) - omNode1@group-3464CFB7038B-LeaderElection5: Election TIMEOUT; received 0 response(s) [] and 0 exception(s); omNode1@group-3464CFB7038B:t723, leader=null, voted=omNode1, raftlog=omNode1@group-3464CFB7038B-SegmentedRaftLog:OPENED:c-1,f-1,i0, conf=-1: [omNode2:122.0.0.122:9872, omNode1:0.0.0.0:9872], old=null
2020-04-28 14:37:53,726 [omNode1@group-3464CFB7038B-LeaderElection5] INFO  impl.LeaderElection (LeaderElection.java:askForVotes(206)) - omNode1@group-3464CFB7038B-LeaderElection5: begin an election at term 724 for -1: [omNode2:122.0.0.122:9872, omNode1:0.0.0.0:9872], old=null
2020-04-28 14:37:53,729 [omNode1@group-3464CFB7038B-LeaderElection5] INFO  impl.LeaderElection (LeaderElection.java:logAndReturn(61)) - omNode1@group-3464CFB7038B-LeaderElection5: Election TIMEOUT; received 0 response(s) [] and 0 exception(s); omNode1@group-3464CFB7038B:t724, leader=null, voted=omNode1, raftlog=omNode1@group-3464CFB7038B-SegmentedRaftLog:OPENED:c-1,f-1,i0, conf=-1: [omNode2:122.0.0.122:9872, omNode1:0.0.0.0:9872], old=null
2020-04-28 14:37:53,731 [omNode1@group-3464CFB7038B-LeaderElection5] INFO  impl.LeaderElection (LeaderElection.java:askForVotes(206)) - omNode1@group-3464CFB7038B-LeaderElection5: begin an election at term 725 for -1: [omNode2:122.0.0.122:9872, omNode1:0.0.0.0:9872], old=null
2020-04-28 14:37:53,783 [main] INFO  ozone.MiniOzoneClusterImpl (MiniOzoneClusterImpl.java:lambda$waitForClusterToBeReady$0(177)) - Nodes are ready. Got 3 of 3 DN Heartbeats.
2020-04-28 14:37:53,784 [main] INFO  ozone.MiniOzoneClusterImpl (MiniOzoneClusterImpl.java:lambda$waitForClusterToBeReady$0(180)) - Waiting for cluster to exit safe mode
2020-04-28 14:37:53,901 [omNode1@group-3464CFB7038B-LeaderElection5] INFO  impl.LeaderElection (LeaderElection.java:logAndReturn(61)) - omNode1@group-3464CFB7038B-LeaderElection5: Election TIMEOUT; received 0 response(s) [] and 0 exception(s); omNode1@group-3464CFB7038B:t725, leader=null, voted=omNode1, raftlog=omNode1@group-3464CFB7038B-SegmentedRaftLog:OPENED:c-1,f-1,i0, conf=-1: [omNode2:122.0.0.122:9872, omNode1:0.0.0.0:9872], old=null
2020-04-28 14:37:53,902 [omNode1@group-3464CFB7038B-LeaderElection5] INFO  impl.LeaderElection (LeaderElection.java:askForVotes(206)) - omNode1@group-3464CFB7038B-LeaderElection5: begin an election at term 726 for -1: [omNode2:122.0.0.122:9872, omNode1:0.0.0.0:9872], old=null
2020-04-28 14:37:54,042 [omNode1@group-3464CFB7038B-LeaderElection5] INFO  impl.LeaderElection (LeaderElection.java:logAndReturn(61)) - omNode1@group-3464CFB7038B-LeaderElection5: Election TIMEOUT; received 0 response(s) [] and 0 exception(s); omNode1@group-3464CFB7038B:t726, leader=null, voted=omNode1, raftlog=omNode1@group-3464CFB7038B-SegmentedRaftLog:OPENED:c-1,f-1,i0, conf=-1: [omNode2:122.0.0.122:9872, omNode1:0.0.0.0:9872], old=null
2020-04-28 14:37:54,043 [omNode1@group-3464CFB7038B-LeaderElection5] INFO  impl.LeaderElection (LeaderElection.java:askForVotes(206)) - omNode1@group-3464CFB7038B-LeaderElection5: begin an election at term 727 for -1: [omNode2:122.0.0.122:9872, omNode1:0.0.0.0:9872], old=null
2020-04-28 14:37:54,052 [omNode1@group-3464CFB7038B-LeaderElection5] INFO  impl.LeaderElection (LeaderElection.java:logAndReturn(61)) - omNode1@group-3464CFB7038B-LeaderElection5: Election TIMEOUT; received 0 response(s) [] and 0 exception(s); omNode1@group-3464CFB7038B:t727, leader=null, voted=omNode1, raftlog=omNode1@group-3464CFB7038B-SegmentedRaftLog:OPENED:c-1,f-1,i0, conf=-1: [omNode2:122.0.0.122:9872, omNode1:0.0.0.0:9872], old=null
2020-04-28 14:37:54,053 [omNode1@group-3464CFB7038B-LeaderElection5] INFO  impl.LeaderElection (LeaderElection.java:askForVotes(206)) - omNode1@group-3464CFB7038B-LeaderElection5: begin an election at term 728 for -1: [omNode2:122.0.0.122:9872, omNode1:0.0.0.0:9872], old=null
2020-04-28 14:37:54,245 [omNode1@group-3464CFB7038B-LeaderElection5] INFO  impl.LeaderElection (LeaderElection.java:logAndReturn(61)) - omNode1@group-3464CFB7038B-LeaderElection5: Election TIMEOUT; received 0 response(s) [] and 0 exception(s); omNode1@group-3464CFB7038B:t728, leader=null, voted=omNode1, raftlog=omNode1@group-3464CFB7038B-SegmentedRaftLog:OPENED:c-1,f-1,i0, conf=-1: [omNode2:122.0.0.122:9872, omNode1:0.0.0.0:9872], old=null
2020-04-28 14:37:54,247 [omNode1@group-3464CFB7038B-LeaderElection5] INFO  impl.LeaderElection (LeaderElection.java:askForVotes(206)) - omNode1@group-3464CFB7038B-LeaderElection5: begin an election at term 729 for -1: [omNode2:122.0.0.122:9872, omNode1:0.0.0.0:9872], old=null
2020-04-28 14:37:54,325 [omNode1@group-3464CFB7038B-LeaderElection5] INFO  impl.LeaderElection (LeaderElection.java:logAndReturn(61)) - omNode1@group-3464CFB7038B-LeaderElection5: Election TIMEOUT; received 0 response(s) [] and 0 exception(s); omNode1@group-3464CFB7038B:t729, leader=null, voted=omNode1, raftlog=omNode1@group-3464CFB7038B-SegmentedRaftLog:OPENED:c-1,f-1,i0, conf=-1: [omNode2:122.0.0.122:9872, omNode1:0.0.0.0:9872], old=null
2020-04-28 14:37:54,326 [omNode1@group-3464CFB7038B-LeaderElection5] INFO  impl.LeaderElection (LeaderElection.java:askForVotes(206)) - omNode1@group-3464CFB7038B-LeaderElection5: begin an election at term 730 for -1: [omNode2:122.0.0.122:9872, omNode1:0.0.0.0:9872], old=null
2020-04-28 14:37:54,347 [omNode1@group-3464CFB7038B-LeaderElection5] INFO  impl.LeaderElection (LeaderElection.java:logAndReturn(61)) - omNode1@group-3464CFB7038B-LeaderElection5: Election TIMEOUT; received 0 response(s) [] and 0 exception(s); omNode1@group-3464CFB7038B:t730, leader=null, voted=omNode1, raftlog=omNode1@group-3464CFB7038B-SegmentedRaftLog:OPENED:c-1,f-1,i0, conf=-1: [omNode2:122.0.0.122:9872, omNode1:0.0.0.0:9872], old=null
2020-04-28 14:37:54,349 [omNode1@group-3464CFB7038B-LeaderElection5] INFO  impl.LeaderElection (LeaderElection.java:askForVotes(206)) - omNode1@group-3464CFB7038B-LeaderElection5: begin an election at term 731 for -1: [omNode2:122.0.0.122:9872, omNode1:0.0.0.0:9872], old=null
2020-04-28 14:37:54,447 [omNode1@group-3464CFB7038B-LeaderElection5] INFO  impl.LeaderElection (LeaderElection.java:logAndReturn(61)) - omNode1@group-3464CFB7038B-LeaderElection5: Election TIMEOUT; received 0 response(s) [] and 0 exception(s); omNode1@group-3464CFB7038B:t731, leader=null, voted=omNode1, raftlog=omNode1@group-3464CFB7038B-SegmentedRaftLog:OPENED:c-1,f-1,i0, conf=-1: [omNode2:122.0.0.122:9872, omNode1:0.0.0.0:9872], old=null
2020-04-28 14:37:54,451 [omNode1@group-3464CFB7038B-LeaderElection5] INFO  impl.LeaderElection (LeaderElection.java:askForVotes(206)) - omNode1@group-3464CFB7038B-LeaderElection5: begin an election at term 732 for -1: [omNode2:122.0.0.122:9872, omNode1:0.0.0.0:9872], old=null
2020-04-28 14:37:54,468 [omNode1@group-3464CFB7038B-LeaderElection5] INFO  impl.LeaderElection (LeaderElection.java:logAndReturn(61)) - omNode1@group-3464CFB7038B-LeaderElection5: Election TIMEOUT; received 0 response(s) [] and 0 exception(s); omNode1@group-3464CFB7038B:t732, leader=null, voted=omNode1, raftlog=omNode1@group-3464CFB7038B-SegmentedRaftLog:OPENED:c-1,f-1,i0, conf=-1: [omNode2:122.0.0.122:9872, omNode1:0.0.0.0:9872], old=null
2020-04-28 14:37:54,470 [omNode1@group-3464CFB7038B-LeaderElection5] INFO  impl.LeaderElection (LeaderElection.java:askForVotes(206)) - omNode1@group-3464CFB7038B-LeaderElection5: begin an election at term 733 for -1: [omNode2:122.0.0.122:9872, omNode1:0.0.0.0:9872], old=null
2020-04-28 14:37:54,587 [omNode1@group-3464CFB7038B-LeaderElection5] INFO  impl.LeaderElection (LeaderElection.java:logAndReturn(61)) - omNode1@group-3464CFB7038B-LeaderElection5: Election TIMEOUT; received 0 response(s) [] and 0 exception(s); omNode1@group-3464CFB7038B:t733, leader=null, voted=omNode1, raftlog=omNode1@group-3464CFB7038B-SegmentedRaftLog:OPENED:c-1,f-1,i0, conf=-1: [omNode2:122.0.0.122:9872, omNode1:0.0.0.0:9872], old=null
2020-04-28 14:37:54,589 [omNode1@group-3464CFB7038B-LeaderElection5] INFO  impl.LeaderElection (LeaderElection.java:askForVotes(206)) - omNode1@group-3464CFB7038B-LeaderElection5: begin an election at term 734 for -1: [omNode2:122.0.0.122:9872, omNode1:0.0.0.0:9872], old=null
2020-04-28 14:37:54,645 [omNode1@group-3464CFB7038B-LeaderElection5] INFO  impl.LeaderElection (LeaderElection.java:logAndReturn(61)) - omNode1@group-3464CFB7038B-LeaderElection5: Election TIMEOUT; received 0 response(s) [] and 0 exception(s); omNode1@group-3464CFB7038B:t734, leader=null, voted=omNode1, raftlog=omNode1@group-3464CFB7038B-SegmentedRaftLog:OPENED:c-1,f-1,i0, conf=-1: [omNode2:122.0.0.122:9872, omNode1:0.0.0.0:9872], old=null
2020-04-28 14:37:54,647 [omNode1@group-3464CFB7038B-LeaderElection5] INFO  impl.LeaderElection (LeaderElection.java:askForVotes(206)) - omNode1@group-3464CFB7038B-LeaderElection5: begin an election at term 735 for -1: [omNode2:122.0.0.122:9872, omNode1:0.0.0.0:9872], old=null
2020-04-28 14:37:54,679 [omNode1@group-3464CFB7038B-LeaderElection5] INFO  impl.LeaderElection (LeaderElection.java:logAndReturn(61)) - omNode1@group-3464CFB7038B-LeaderElection5: Election TIMEOUT; received 0 response(s) [] and 0 exception(s); omNode1@group-3464CFB7038B:t735, leader=null, voted=omNode1, raftlog=omNode1@group-3464CFB7038B-SegmentedRaftLog:OPENED:c-1,f-1,i0, conf=-1: [omNode2:122.0.0.122:9872, omNode1:0.0.0.0:9872], old=null
2020-04-28 14:37:54,681 [omNode1@group-3464CFB7038B-LeaderElection5] INFO  impl.LeaderElection (LeaderElection.java:askForVotes(206)) - omNode1@group-3464CFB7038B-LeaderElection5: begin an election at term 736 for -1: [omNode2:122.0.0.122:9872, omNode1:0.0.0.0:9872], old=null
2020-04-28 14:37:54,747 [omNode1@group-3464CFB7038B-LeaderElection5] INFO  impl.LeaderElection (LeaderElection.java:logAndReturn(61)) - omNode1@group-3464CFB7038B-LeaderElection5: Election TIMEOUT; received 0 response(s) [] and 0 exception(s); omNode1@group-3464CFB7038B:t736, leader=null, voted=omNode1, raftlog=omNode1@group-3464CFB7038B-SegmentedRaftLog:OPENED:c-1,f-1,i0, conf=-1: [omNode2:122.0.0.122:9872, omNode1:0.0.0.0:9872], old=null
2020-04-28 14:37:54,748 [omNode1@group-3464CFB7038B-LeaderElection5] INFO  impl.LeaderElection (LeaderElection.java:askForVotes(206)) - omNode1@group-3464CFB7038B-LeaderElection5: begin an election at term 737 for -1: [omNode2:122.0.0.122:9872, omNode1:0.0.0.0:9872], old=null
2020-04-28 14:37:54,751 [omNode1@group-3464CFB7038B-LeaderElection5] INFO  impl.LeaderElection (LeaderElection.java:logAndReturn(61)) - omNode1@group-3464CFB7038B-LeaderElection5: Election TIMEOUT; received 0 response(s) [] and 0 exception(s); omNode1@group-3464CFB7038B:t737, leader=null, voted=omNode1, raftlog=omNode1@group-3464CFB7038B-SegmentedRaftLog:OPENED:c-1,f-1,i0, conf=-1: [omNode2:122.0.0.122:9872, omNode1:0.0.0.0:9872], old=null
2020-04-28 14:37:54,752 [omNode1@group-3464CFB7038B-LeaderElection5] INFO  impl.LeaderElection (LeaderElection.java:askForVotes(206)) - omNode1@group-3464CFB7038B-LeaderElection5: begin an election at term 738 for -1: [omNode2:122.0.0.122:9872, omNode1:0.0.0.0:9872], old=null
2020-04-28 14:37:54,784 [main] INFO  ozone.MiniOzoneClusterImpl (MiniOzoneClusterImpl.java:lambda$waitForClusterToBeReady$0(177)) - Nodes are ready. Got 3 of 3 DN Heartbeats.
2020-04-28 14:37:54,784 [main] INFO  ozone.MiniOzoneClusterImpl (MiniOzoneClusterImpl.java:lambda$waitForClusterToBeReady$0(180)) - Waiting for cluster to exit safe mode
2020-04-28 14:37:54,911 [omNode1@group-3464CFB7038B-LeaderElection5] INFO  impl.LeaderElection (LeaderElection.java:logAndReturn(61)) - omNode1@group-3464CFB7038B-LeaderElection5: Election TIMEOUT; received 0 response(s) [] and 0 exception(s); omNode1@group-3464CFB7038B:t738, leader=null, voted=omNode1, raftlog=omNode1@group-3464CFB7038B-SegmentedRaftLog:OPENED:c-1,f-1,i0, conf=-1: [omNode2:122.0.0.122:9872, omNode1:0.0.0.0:9872], old=null
2020-04-28 14:37:54,913 [omNode1@group-3464CFB7038B-LeaderElection5] INFO  impl.LeaderElection (LeaderElection.java:askForVotes(206)) - omNode1@group-3464CFB7038B-LeaderElection5: begin an election at term 739 for -1: [omNode2:122.0.0.122:9872, omNode1:0.0.0.0:9872], old=null
2020-04-28 14:37:54,975 [omNode1@group-3464CFB7038B-LeaderElection5] INFO  impl.LeaderElection (LeaderElection.java:logAndReturn(61)) - omNode1@group-3464CFB7038B-LeaderElection5: Election TIMEOUT; received 0 response(s) [] and 0 exception(s); omNode1@group-3464CFB7038B:t739, leader=null, voted=omNode1, raftlog=omNode1@group-3464CFB7038B-SegmentedRaftLog:OPENED:c-1,f-1,i0, conf=-1: [omNode2:122.0.0.122:9872, omNode1:0.0.0.0:9872], old=null
2020-04-28 14:37:54,976 [omNode1@group-3464CFB7038B-LeaderElection5] INFO  impl.LeaderElection (LeaderElection.java:askForVotes(206)) - omNode1@group-3464CFB7038B-LeaderElection5: begin an election at term 740 for -1: [omNode2:122.0.0.122:9872, omNode1:0.0.0.0:9872], old=null
2020-04-28 14:37:55,149 [omNode1@group-3464CFB7038B-LeaderElection5] INFO  impl.LeaderElection (LeaderElection.java:logAndReturn(61)) - omNode1@group-3464CFB7038B-LeaderElection5: Election TIMEOUT; received 0 response(s) [] and 0 exception(s); omNode1@group-3464CFB7038B:t740, leader=null, voted=omNode1, raftlog=omNode1@group-3464CFB7038B-SegmentedRaftLog:OPENED:c-1,f-1,i0, conf=-1: [omNode2:122.0.0.122:9872, omNode1:0.0.0.0:9872], old=null
2020-04-28 14:37:55,150 [omNode1@group-3464CFB7038B-LeaderElection5] INFO  impl.LeaderElection (LeaderElection.java:askForVotes(206)) - omNode1@group-3464CFB7038B-LeaderElection5: begin an election at term 741 for -1: [omNode2:122.0.0.122:9872, omNode1:0.0.0.0:9872], old=null
2020-04-28 14:37:55,323 [omNode1@group-3464CFB7038B-LeaderElection5] INFO  impl.LeaderElection (LeaderElection.java:logAndReturn(61)) - omNode1@group-3464CFB7038B-LeaderElection5: Election TIMEOUT; received 0 response(s) [] and 0 exception(s); omNode1@group-3464CFB7038B:t741, leader=null, voted=omNode1, raftlog=omNode1@group-3464CFB7038B-SegmentedRaftLog:OPENED:c-1,f-1,i0, conf=-1: [omNode2:122.0.0.122:9872, omNode1:0.0.0.0:9872], old=null
2020-04-28 14:37:55,324 [omNode1@group-3464CFB7038B-LeaderElection5] INFO  impl.LeaderElection (LeaderElection.java:askForVotes(206)) - omNode1@group-3464CFB7038B-LeaderElection5: begin an election at term 742 for -1: [omNode2:122.0.0.122:9872, omNode1:0.0.0.0:9872], old=null
2020-04-28 14:37:55,486 [omNode1@group-3464CFB7038B-LeaderElection5] INFO  impl.LeaderElection (LeaderElection.java:logAndReturn(61)) - omNode1@group-3464CFB7038B-LeaderElection5: Election TIMEOUT; received 0 response(s) [] and 0 exception(s); omNode1@group-3464CFB7038B:t742, leader=null, voted=omNode1, raftlog=omNode1@group-3464CFB7038B-SegmentedRaftLog:OPENED:c-1,f-1,i0, conf=-1: [omNode2:122.0.0.122:9872, omNode1:0.0.0.0:9872], old=null
2020-04-28 14:37:55,488 [omNode1@group-3464CFB7038B-LeaderElection5] INFO  impl.LeaderElection (LeaderElection.java:askForVotes(206)) - omNode1@group-3464CFB7038B-LeaderElection5: begin an election at term 743 for -1: [omNode2:122.0.0.122:9872, omNode1:0.0.0.0:9872], old=null
2020-04-28 14:37:55,672 [omNode1@group-3464CFB7038B-LeaderElection5] INFO  impl.LeaderElection (LeaderElection.java:logAndReturn(61)) - omNode1@group-3464CFB7038B-LeaderElection5: Election TIMEOUT; received 0 response(s) [] and 0 exception(s); omNode1@group-3464CFB7038B:t743, leader=null, voted=omNode1, raftlog=omNode1@group-3464CFB7038B-SegmentedRaftLog:OPENED:c-1,f-1,i0, conf=-1: [omNode2:122.0.0.122:9872, omNode1:0.0.0.0:9872], old=null
2020-04-28 14:37:55,673 [omNode1@group-3464CFB7038B-LeaderElection5] INFO  impl.LeaderElection (LeaderElection.java:askForVotes(206)) - omNode1@group-3464CFB7038B-LeaderElection5: begin an election at term 744 for -1: [omNode2:122.0.0.122:9872, omNode1:0.0.0.0:9872], old=null
2020-04-28 14:37:55,674 [omNode1@group-3464CFB7038B-LeaderElection5] INFO  impl.LeaderElection (LeaderElection.java:logAndReturn(61)) - omNode1@group-3464CFB7038B-LeaderElection5: Election TIMEOUT; received 0 response(s) [] and 0 exception(s); omNode1@group-3464CFB7038B:t744, leader=null, voted=omNode1, raftlog=omNode1@group-3464CFB7038B-SegmentedRaftLog:OPENED:c-1,f-1,i0, conf=-1: [omNode2:122.0.0.122:9872, omNode1:0.0.0.0:9872], old=null
2020-04-28 14:37:55,676 [omNode1@group-3464CFB7038B-LeaderElection5] INFO  impl.LeaderElection (LeaderElection.java:askForVotes(206)) - omNode1@group-3464CFB7038B-LeaderElection5: begin an election at term 745 for -1: [omNode2:122.0.0.122:9872, omNode1:0.0.0.0:9872], old=null
2020-04-28 14:37:55,742 [omNode1@group-3464CFB7038B-LeaderElection5] INFO  impl.LeaderElection (LeaderElection.java:logAndReturn(61)) - omNode1@group-3464CFB7038B-LeaderElection5: Election TIMEOUT; received 0 response(s) [] and 0 exception(s); omNode1@group-3464CFB7038B:t745, leader=null, voted=omNode1, raftlog=omNode1@group-3464CFB7038B-SegmentedRaftLog:OPENED:c-1,f-1,i0, conf=-1: [omNode2:122.0.0.122:9872, omNode1:0.0.0.0:9872], old=null
2020-04-28 14:37:55,743 [omNode1@group-3464CFB7038B-LeaderElection5] INFO  impl.LeaderElection (LeaderElection.java:askForVotes(206)) - omNode1@group-3464CFB7038B-LeaderElection5: begin an election at term 746 for -1: [omNode2:122.0.0.122:9872, omNode1:0.0.0.0:9872], old=null
2020-04-28 14:37:55,784 [main] INFO  ozone.MiniOzoneClusterImpl (MiniOzoneClusterImpl.java:lambda$waitForClusterToBeReady$0(177)) - Nodes are ready. Got 3 of 3 DN Heartbeats.
2020-04-28 14:37:55,784 [main] INFO  ozone.MiniOzoneClusterImpl (MiniOzoneClusterImpl.java:lambda$waitForClusterToBeReady$0(180)) - Waiting for cluster to exit safe mode
2020-04-28 14:37:55,883 [omNode1@group-3464CFB7038B-LeaderElection5] INFO  impl.LeaderElection (LeaderElection.java:logAndReturn(61)) - omNode1@group-3464CFB7038B-LeaderElection5: Election TIMEOUT; received 0 response(s) [] and 0 exception(s); omNode1@group-3464CFB7038B:t746, leader=null, voted=omNode1, raftlog=omNode1@group-3464CFB7038B-SegmentedRaftLog:OPENED:c-1,f-1,i0, conf=-1: [omNode2:122.0.0.122:9872, omNode1:0.0.0.0:9872], old=null
2020-04-28 14:37:55,884 [omNode1@group-3464CFB7038B-LeaderElection5] INFO  impl.LeaderElection (LeaderElection.java:askForVotes(206)) - omNode1@group-3464CFB7038B-LeaderElection5: begin an election at term 747 for -1: [omNode2:122.0.0.122:9872, omNode1:0.0.0.0:9872], old=null
2020-04-28 14:37:56,002 [omNode1@group-3464CFB7038B-LeaderElection5] INFO  impl.LeaderElection (LeaderElection.java:logAndReturn(61)) - omNode1@group-3464CFB7038B-LeaderElection5: Election TIMEOUT; received 0 response(s) [] and 0 exception(s); omNode1@group-3464CFB7038B:t747, leader=null, voted=omNode1, raftlog=omNode1@group-3464CFB7038B-SegmentedRaftLog:OPENED:c-1,f-1,i0, conf=-1: [omNode2:122.0.0.122:9872, omNode1:0.0.0.0:9872], old=null
2020-04-28 14:37:56,003 [omNode1@group-3464CFB7038B-LeaderElection5] INFO  impl.LeaderElection (LeaderElection.java:askForVotes(206)) - omNode1@group-3464CFB7038B-LeaderElection5: begin an election at term 748 for -1: [omNode2:122.0.0.122:9872, omNode1:0.0.0.0:9872], old=null
2020-04-28 14:37:56,009 [omNode1@group-3464CFB7038B-LeaderElection5] INFO  impl.LeaderElection (LeaderElection.java:logAndReturn(61)) - omNode1@group-3464CFB7038B-LeaderElection5: Election TIMEOUT; received 0 response(s) [] and 0 exception(s); omNode1@group-3464CFB7038B:t748, leader=null, voted=omNode1, raftlog=omNode1@group-3464CFB7038B-SegmentedRaftLog:OPENED:c-1,f-1,i0, conf=-1: [omNode2:122.0.0.122:9872, omNode1:0.0.0.0:9872], old=null
2020-04-28 14:37:56,010 [omNode1@group-3464CFB7038B-LeaderElection5] INFO  impl.LeaderElection (LeaderElection.java:askForVotes(206)) - omNode1@group-3464CFB7038B-LeaderElection5: begin an election at term 749 for -1: [omNode2:122.0.0.122:9872, omNode1:0.0.0.0:9872], old=null
2020-04-28 14:37:56,020 [omNode1@group-3464CFB7038B-LeaderElection5] INFO  impl.LeaderElection (LeaderElection.java:logAndReturn(61)) - omNode1@group-3464CFB7038B-LeaderElection5: Election TIMEOUT; received 0 response(s) [] and 0 exception(s); omNode1@group-3464CFB7038B:t749, leader=null, voted=omNode1, raftlog=omNode1@group-3464CFB7038B-SegmentedRaftLog:OPENED:c-1,f-1,i0, conf=-1: [omNode2:122.0.0.122:9872, omNode1:0.0.0.0:9872], old=null
2020-04-28 14:37:56,021 [omNode1@group-3464CFB7038B-LeaderElection5] INFO  impl.LeaderElection (LeaderElection.java:askForVotes(206)) - omNode1@group-3464CFB7038B-LeaderElection5: begin an election at term 750 for -1: [omNode2:122.0.0.122:9872, omNode1:0.0.0.0:9872], old=null
2020-04-28 14:37:56,118 [omNode1@group-3464CFB7038B-LeaderElection5] INFO  impl.LeaderElection (LeaderElection.java:logAndReturn(61)) - omNode1@group-3464CFB7038B-LeaderElection5: Election TIMEOUT; received 0 response(s) [] and 0 exception(s); omNode1@group-3464CFB7038B:t750, leader=null, voted=omNode1, raftlog=omNode1@group-3464CFB7038B-SegmentedRaftLog:OPENED:c-1,f-1,i0, conf=-1: [omNode2:122.0.0.122:9872, omNode1:0.0.0.0:9872], old=null
2020-04-28 14:37:56,120 [omNode1@group-3464CFB7038B-LeaderElection5] INFO  impl.LeaderElection (LeaderElection.java:askForVotes(206)) - omNode1@group-3464CFB7038B-LeaderElection5: begin an election at term 751 for -1: [omNode2:122.0.0.122:9872, omNode1:0.0.0.0:9872], old=null
2020-04-28 14:37:56,220 [omNode1@group-3464CFB7038B-LeaderElection5] INFO  impl.LeaderElection (LeaderElection.java:logAndReturn(61)) - omNode1@group-3464CFB7038B-LeaderElection5: Election TIMEOUT; received 0 response(s) [] and 0 exception(s); omNode1@group-3464CFB7038B:t751, leader=null, voted=omNode1, raftlog=omNode1@group-3464CFB7038B-SegmentedRaftLog:OPENED:c-1,f-1,i0, conf=-1: [omNode2:122.0.0.122:9872, omNode1:0.0.0.0:9872], old=null
2020-04-28 14:37:56,222 [omNode1@group-3464CFB7038B-LeaderElection5] INFO  impl.LeaderElection (LeaderElection.java:askForVotes(206)) - omNode1@group-3464CFB7038B-LeaderElection5: begin an election at term 752 for -1: [omNode2:122.0.0.122:9872, omNode1:0.0.0.0:9872], old=null
2020-04-28 14:37:56,349 [omNode1@group-3464CFB7038B-LeaderElection5] INFO  impl.LeaderElection (LeaderElection.java:logAndReturn(61)) - omNode1@group-3464CFB7038B-LeaderElection5: Election TIMEOUT; received 0 response(s) [] and 0 exception(s); omNode1@group-3464CFB7038B:t752, leader=null, voted=omNode1, raftlog=omNode1@group-3464CFB7038B-SegmentedRaftLog:OPENED:c-1,f-1,i0, conf=-1: [omNode2:122.0.0.122:9872, omNode1:0.0.0.0:9872], old=null
2020-04-28 14:37:56,351 [omNode1@group-3464CFB7038B-LeaderElection5] INFO  impl.LeaderElection (LeaderElection.java:askForVotes(206)) - omNode1@group-3464CFB7038B-LeaderElection5: begin an election at term 753 for -1: [omNode2:122.0.0.122:9872, omNode1:0.0.0.0:9872], old=null
2020-04-28 14:37:56,372 [omNode1@group-3464CFB7038B-LeaderElection5] INFO  impl.LeaderElection (LeaderElection.java:logAndReturn(61)) - omNode1@group-3464CFB7038B-LeaderElection5: Election TIMEOUT; received 0 response(s) [] and 0 exception(s); omNode1@group-3464CFB7038B:t753, leader=null, voted=omNode1, raftlog=omNode1@group-3464CFB7038B-SegmentedRaftLog:OPENED:c-1,f-1,i0, conf=-1: [omNode2:122.0.0.122:9872, omNode1:0.0.0.0:9872], old=null
2020-04-28 14:37:56,373 [omNode1@group-3464CFB7038B-LeaderElection5] INFO  impl.LeaderElection (LeaderElection.java:askForVotes(206)) - omNode1@group-3464CFB7038B-LeaderElection5: begin an election at term 754 for -1: [omNode2:122.0.0.122:9872, omNode1:0.0.0.0:9872], old=null
2020-04-28 14:37:56,437 [omNode1@group-3464CFB7038B-LeaderElection5] INFO  impl.LeaderElection (LeaderElection.java:logAndReturn(61)) - omNode1@group-3464CFB7038B-LeaderElection5: Election TIMEOUT; received 0 response(s) [] and 0 exception(s); omNode1@group-3464CFB7038B:t754, leader=null, voted=omNode1, raftlog=omNode1@group-3464CFB7038B-SegmentedRaftLog:OPENED:c-1,f-1,i0, conf=-1: [omNode2:122.0.0.122:9872, omNode1:0.0.0.0:9872], old=null
2020-04-28 14:37:56,438 [omNode1@group-3464CFB7038B-LeaderElection5] INFO  impl.LeaderElection (LeaderElection.java:askForVotes(206)) - omNode1@group-3464CFB7038B-LeaderElection5: begin an election at term 755 for -1: [omNode2:122.0.0.122:9872, omNode1:0.0.0.0:9872], old=null
2020-04-28 14:37:56,503 [omNode1@group-3464CFB7038B-LeaderElection5] INFO  impl.LeaderElection (LeaderElection.java:logAndReturn(61)) - omNode1@group-3464CFB7038B-LeaderElection5: Election TIMEOUT; received 0 response(s) [] and 0 exception(s); omNode1@group-3464CFB7038B:t755, leader=null, voted=omNode1, raftlog=omNode1@group-3464CFB7038B-SegmentedRaftLog:OPENED:c-1,f-1,i0, conf=-1: [omNode2:122.0.0.122:9872, omNode1:0.0.0.0:9872], old=null
2020-04-28 14:37:56,504 [omNode1@group-3464CFB7038B-LeaderElection5] INFO  impl.LeaderElection (LeaderElection.java:askForVotes(206)) - omNode1@group-3464CFB7038B-LeaderElection5: begin an election at term 756 for -1: [omNode2:122.0.0.122:9872, omNode1:0.0.0.0:9872], old=null
2020-04-28 14:37:56,589 [omNode1@group-3464CFB7038B-LeaderElection5] INFO  impl.LeaderElection (LeaderElection.java:logAndReturn(61)) - omNode1@group-3464CFB7038B-LeaderElection5: Election TIMEOUT; received 0 response(s) [] and 0 exception(s); omNode1@group-3464CFB7038B:t756, leader=null, voted=omNode1, raftlog=omNode1@group-3464CFB7038B-SegmentedRaftLog:OPENED:c-1,f-1,i0, conf=-1: [omNode2:122.0.0.122:9872, omNode1:0.0.0.0:9872], old=null
2020-04-28 14:37:56,590 [omNode1@group-3464CFB7038B-LeaderElection5] INFO  impl.LeaderElection (LeaderElection.java:askForVotes(206)) - omNode1@group-3464CFB7038B-LeaderElection5: begin an election at term 757 for -1: [omNode2:122.0.0.122:9872, omNode1:0.0.0.0:9872], old=null
2020-04-28 14:37:56,715 [omNode1@group-3464CFB7038B-LeaderElection5] INFO  impl.LeaderElection (LeaderElection.java:logAndReturn(61)) - omNode1@group-3464CFB7038B-LeaderElection5: Election TIMEOUT; received 0 response(s) [] and 0 exception(s); omNode1@group-3464CFB7038B:t757, leader=null, voted=omNode1, raftlog=omNode1@group-3464CFB7038B-SegmentedRaftLog:OPENED:c-1,f-1,i0, conf=-1: [omNode2:122.0.0.122:9872, omNode1:0.0.0.0:9872], old=null
2020-04-28 14:37:56,716 [omNode1@group-3464CFB7038B-LeaderElection5] INFO  impl.LeaderElection (LeaderElection.java:askForVotes(206)) - omNode1@group-3464CFB7038B-LeaderElection5: begin an election at term 758 for -1: [omNode2:122.0.0.122:9872, omNode1:0.0.0.0:9872], old=null
2020-04-28 14:37:56,759 [omNode1@group-3464CFB7038B-LeaderElection5] INFO  impl.LeaderElection (LeaderElection.java:logAndReturn(61)) - omNode1@group-3464CFB7038B-LeaderElection5: Election TIMEOUT; received 0 response(s) [] and 0 exception(s); omNode1@group-3464CFB7038B:t758, leader=null, voted=omNode1, raftlog=omNode1@group-3464CFB7038B-SegmentedRaftLog:OPENED:c-1,f-1,i0, conf=-1: [omNode2:122.0.0.122:9872, omNode1:0.0.0.0:9872], old=null
2020-04-28 14:37:56,760 [omNode1@group-3464CFB7038B-LeaderElection5] INFO  impl.LeaderElection (LeaderElection.java:askForVotes(206)) - omNode1@group-3464CFB7038B-LeaderElection5: begin an election at term 759 for -1: [omNode2:122.0.0.122:9872, omNode1:0.0.0.0:9872], old=null
2020-04-28 14:37:56,785 [main] INFO  ozone.MiniOzoneClusterImpl (MiniOzoneClusterImpl.java:lambda$waitForClusterToBeReady$0(177)) - Nodes are ready. Got 3 of 3 DN Heartbeats.
2020-04-28 14:37:56,785 [main] INFO  ozone.MiniOzoneClusterImpl (MiniOzoneClusterImpl.java:lambda$waitForClusterToBeReady$0(180)) - Waiting for cluster to exit safe mode
2020-04-28 14:37:56,803 [omNode1@group-3464CFB7038B-LeaderElection5] INFO  impl.LeaderElection (LeaderElection.java:logAndReturn(61)) - omNode1@group-3464CFB7038B-LeaderElection5: Election TIMEOUT; received 0 response(s) [] and 0 exception(s); omNode1@group-3464CFB7038B:t759, leader=null, voted=omNode1, raftlog=omNode1@group-3464CFB7038B-SegmentedRaftLog:OPENED:c-1,f-1,i0, conf=-1: [omNode2:122.0.0.122:9872, omNode1:0.0.0.0:9872], old=null
2020-04-28 14:37:56,805 [omNode1@group-3464CFB7038B-LeaderElection5] INFO  impl.LeaderElection (LeaderElection.java:askForVotes(206)) - omNode1@group-3464CFB7038B-LeaderElection5: begin an election at term 760 for -1: [omNode2:122.0.0.122:9872, omNode1:0.0.0.0:9872], old=null
2020-04-28 14:37:56,959 [omNode1@group-3464CFB7038B-LeaderElection5] INFO  impl.LeaderElection (LeaderElection.java:logAndReturn(61)) - omNode1@group-3464CFB7038B-LeaderElection5: Election TIMEOUT; received 0 response(s) [] and 0 exception(s); omNode1@group-3464CFB7038B:t760, leader=null, voted=omNode1, raftlog=omNode1@group-3464CFB7038B-SegmentedRaftLog:OPENED:c-1,f-1,i0, conf=-1: [omNode2:122.0.0.122:9872, omNode1:0.0.0.0:9872], old=null
2020-04-28 14:37:56,962 [omNode1@group-3464CFB7038B-LeaderElection5] INFO  impl.LeaderElection (LeaderElection.java:askForVotes(206)) - omNode1@group-3464CFB7038B-LeaderElection5: begin an election at term 761 for -1: [omNode2:122.0.0.122:9872, omNode1:0.0.0.0:9872], old=null
2020-04-28 14:37:57,021 [omNode1@group-3464CFB7038B-LeaderElection5] INFO  impl.LeaderElection (LeaderElection.java:logAndReturn(61)) - omNode1@group-3464CFB7038B-LeaderElection5: Election TIMEOUT; received 0 response(s) [] and 0 exception(s); omNode1@group-3464CFB7038B:t761, leader=null, voted=omNode1, raftlog=omNode1@group-3464CFB7038B-SegmentedRaftLog:OPENED:c-1,f-1,i0, conf=-1: [omNode2:122.0.0.122:9872, omNode1:0.0.0.0:9872], old=null
2020-04-28 14:37:57,023 [omNode1@group-3464CFB7038B-LeaderElection5] INFO  impl.LeaderElection (LeaderElection.java:askForVotes(206)) - omNode1@group-3464CFB7038B-LeaderElection5: begin an election at term 762 for -1: [omNode2:122.0.0.122:9872, omNode1:0.0.0.0:9872], old=null
2020-04-28 14:37:57,072 [omNode1@group-3464CFB7038B-LeaderElection5] INFO  impl.LeaderElection (LeaderElection.java:logAndReturn(61)) - omNode1@group-3464CFB7038B-LeaderElection5: Election TIMEOUT; received 0 response(s) [] and 0 exception(s); omNode1@group-3464CFB7038B:t762, leader=null, voted=omNode1, raftlog=omNode1@group-3464CFB7038B-SegmentedRaftLog:OPENED:c-1,f-1,i0, conf=-1: [omNode2:122.0.0.122:9872, omNode1:0.0.0.0:9872], old=null
2020-04-28 14:37:57,073 [omNode1@group-3464CFB7038B-LeaderElection5] INFO  impl.LeaderElection (LeaderElection.java:askForVotes(206)) - omNode1@group-3464CFB7038B-LeaderElection5: begin an election at term 763 for -1: [omNode2:122.0.0.122:9872, omNode1:0.0.0.0:9872], old=null
2020-04-28 14:37:57,260 [omNode1@group-3464CFB7038B-LeaderElection5] INFO  impl.LeaderElection (LeaderElection.java:logAndReturn(61)) - omNode1@group-3464CFB7038B-LeaderElection5: Election TIMEOUT; received 0 response(s) [] and 0 exception(s); omNode1@group-3464CFB7038B:t763, leader=null, voted=omNode1, raftlog=omNode1@group-3464CFB7038B-SegmentedRaftLog:OPENED:c-1,f-1,i0, conf=-1: [omNode2:122.0.0.122:9872, omNode1:0.0.0.0:9872], old=null
2020-04-28 14:37:57,261 [omNode1@group-3464CFB7038B-LeaderElection5] INFO  impl.LeaderElection (LeaderElection.java:askForVotes(206)) - omNode1@group-3464CFB7038B-LeaderElection5: begin an election at term 764 for -1: [omNode2:122.0.0.122:9872, omNode1:0.0.0.0:9872], old=null
2020-04-28 14:37:57,334 [omNode1@group-3464CFB7038B-LeaderElection5] INFO  impl.LeaderElection (LeaderElection.java:logAndReturn(61)) - omNode1@group-3464CFB7038B-LeaderElection5: Election TIMEOUT; received 0 response(s) [] and 0 exception(s); omNode1@group-3464CFB7038B:t764, leader=null, voted=omNode1, raftlog=omNode1@group-3464CFB7038B-SegmentedRaftLog:OPENED:c-1,f-1,i0, conf=-1: [omNode2:122.0.0.122:9872, omNode1:0.0.0.0:9872], old=null
2020-04-28 14:37:57,336 [omNode1@group-3464CFB7038B-LeaderElection5] INFO  impl.LeaderElection (LeaderElection.java:askForVotes(206)) - omNode1@group-3464CFB7038B-LeaderElection5: begin an election at term 765 for -1: [omNode2:122.0.0.122:9872, omNode1:0.0.0.0:9872], old=null
2020-04-28 14:37:57,415 [omNode1@group-3464CFB7038B-LeaderElection5] INFO  impl.LeaderElection (LeaderElection.java:logAndReturn(61)) - omNode1@group-3464CFB7038B-LeaderElection5: Election TIMEOUT; received 0 response(s) [] and 0 exception(s); omNode1@group-3464CFB7038B:t765, leader=null, voted=omNode1, raftlog=omNode1@group-3464CFB7038B-SegmentedRaftLog:OPENED:c-1,f-1,i0, conf=-1: [omNode2:122.0.0.122:9872, omNode1:0.0.0.0:9872], old=null
2020-04-28 14:37:57,417 [omNode1@group-3464CFB7038B-LeaderElection5] INFO  impl.LeaderElection (LeaderElection.java:askForVotes(206)) - omNode1@group-3464CFB7038B-LeaderElection5: begin an election at term 766 for -1: [omNode2:122.0.0.122:9872, omNode1:0.0.0.0:9872], old=null
2020-04-28 14:37:57,471 [omNode1@group-3464CFB7038B-LeaderElection5] INFO  impl.LeaderElection (LeaderElection.java:logAndReturn(61)) - omNode1@group-3464CFB7038B-LeaderElection5: Election TIMEOUT; received 0 response(s) [] and 0 exception(s); omNode1@group-3464CFB7038B:t766, leader=null, voted=omNode1, raftlog=omNode1@group-3464CFB7038B-SegmentedRaftLog:OPENED:c-1,f-1,i0, conf=-1: [omNode2:122.0.0.122:9872, omNode1:0.0.0.0:9872], old=null
2020-04-28 14:37:57,473 [omNode1@group-3464CFB7038B-LeaderElection5] INFO  impl.LeaderElection (LeaderElection.java:askForVotes(206)) - omNode1@group-3464CFB7038B-LeaderElection5: begin an election at term 767 for -1: [omNode2:122.0.0.122:9872, omNode1:0.0.0.0:9872], old=null
2020-04-28 14:37:57,485 [omNode1@group-3464CFB7038B-LeaderElection5] INFO  impl.LeaderElection (LeaderElection.java:logAndReturn(61)) - omNode1@group-3464CFB7038B-LeaderElection5: Election TIMEOUT; received 0 response(s) [] and 0 exception(s); omNode1@group-3464CFB7038B:t767, leader=null, voted=omNode1, raftlog=omNode1@group-3464CFB7038B-SegmentedRaftLog:OPENED:c-1,f-1,i0, conf=-1: [omNode2:122.0.0.122:9872, omNode1:0.0.0.0:9872], old=null
2020-04-28 14:37:57,486 [omNode1@group-3464CFB7038B-LeaderElection5] INFO  impl.LeaderElection (LeaderElection.java:askForVotes(206)) - omNode1@group-3464CFB7038B-LeaderElection5: begin an election at term 768 for -1: [omNode2:122.0.0.122:9872, omNode1:0.0.0.0:9872], old=null
2020-04-28 14:37:57,570 [omNode1@group-3464CFB7038B-LeaderElection5] INFO  impl.LeaderElection (LeaderElection.java:logAndReturn(61)) - omNode1@group-3464CFB7038B-LeaderElection5: Election TIMEOUT; received 0 response(s) [] and 0 exception(s); omNode1@group-3464CFB7038B:t768, leader=null, voted=omNode1, raftlog=omNode1@group-3464CFB7038B-SegmentedRaftLog:OPENED:c-1,f-1,i0, conf=-1: [omNode2:122.0.0.122:9872, omNode1:0.0.0.0:9872], old=null
2020-04-28 14:37:57,572 [omNode1@group-3464CFB7038B-LeaderElection5] INFO  impl.LeaderElection (LeaderElection.java:askForVotes(206)) - omNode1@group-3464CFB7038B-LeaderElection5: begin an election at term 769 for -1: [omNode2:122.0.0.122:9872, omNode1:0.0.0.0:9872], old=null
2020-04-28 14:37:57,622 [omNode1@group-3464CFB7038B-LeaderElection5] INFO  impl.LeaderElection (LeaderElection.java:logAndReturn(61)) - omNode1@group-3464CFB7038B-LeaderElection5: Election TIMEOUT; received 0 response(s) [] and 0 exception(s); omNode1@group-3464CFB7038B:t769, leader=null, voted=omNode1, raftlog=omNode1@group-3464CFB7038B-SegmentedRaftLog:OPENED:c-1,f-1,i0, conf=-1: [omNode2:122.0.0.122:9872, omNode1:0.0.0.0:9872], old=null
2020-04-28 14:37:57,623 [omNode1@group-3464CFB7038B-LeaderElection5] INFO  impl.LeaderElection (LeaderElection.java:askForVotes(206)) - omNode1@group-3464CFB7038B-LeaderElection5: begin an election at term 770 for -1: [omNode2:122.0.0.122:9872, omNode1:0.0.0.0:9872], old=null
2020-04-28 14:37:57,740 [omNode1@group-3464CFB7038B-LeaderElection5] INFO  impl.LeaderElection (LeaderElection.java:logAndReturn(61)) - omNode1@group-3464CFB7038B-LeaderElection5: Election TIMEOUT; received 0 response(s) [] and 0 exception(s); omNode1@group-3464CFB7038B:t770, leader=null, voted=omNode1, raftlog=omNode1@group-3464CFB7038B-SegmentedRaftLog:OPENED:c-1,f-1,i0, conf=-1: [omNode2:122.0.0.122:9872, omNode1:0.0.0.0:9872], old=null
2020-04-28 14:37:57,745 [omNode1@group-3464CFB7038B-LeaderElection5] INFO  impl.LeaderElection (LeaderElection.java:askForVotes(206)) - omNode1@group-3464CFB7038B-LeaderElection5: begin an election at term 771 for -1: [omNode2:122.0.0.122:9872, omNode1:0.0.0.0:9872], old=null
2020-04-28 14:37:57,785 [main] INFO  ozone.MiniOzoneClusterImpl (MiniOzoneClusterImpl.java:lambda$waitForClusterToBeReady$0(177)) - Nodes are ready. Got 3 of 3 DN Heartbeats.
2020-04-28 14:37:57,785 [main] INFO  ozone.MiniOzoneClusterImpl (MiniOzoneClusterImpl.java:lambda$waitForClusterToBeReady$0(180)) - Waiting for cluster to exit safe mode
2020-04-28 14:37:57,795 [omNode1@group-3464CFB7038B-LeaderElection5] INFO  impl.LeaderElection (LeaderElection.java:logAndReturn(61)) - omNode1@group-3464CFB7038B-LeaderElection5: Election TIMEOUT; received 0 response(s) [] and 0 exception(s); omNode1@group-3464CFB7038B:t771, leader=null, voted=omNode1, raftlog=omNode1@group-3464CFB7038B-SegmentedRaftLog:OPENED:c-1,f-1,i0, conf=-1: [omNode2:122.0.0.122:9872, omNode1:0.0.0.0:9872], old=null
2020-04-28 14:37:57,796 [omNode1@group-3464CFB7038B-LeaderElection5] INFO  impl.LeaderElection (LeaderElection.java:askForVotes(206)) - omNode1@group-3464CFB7038B-LeaderElection5: begin an election at term 772 for -1: [omNode2:122.0.0.122:9872, omNode1:0.0.0.0:9872], old=null
2020-04-28 14:37:57,908 [omNode1@group-3464CFB7038B-LeaderElection5] INFO  impl.LeaderElection (LeaderElection.java:logAndReturn(61)) - omNode1@group-3464CFB7038B-LeaderElection5: Election TIMEOUT; received 0 response(s) [] and 0 exception(s); omNode1@group-3464CFB7038B:t772, leader=null, voted=omNode1, raftlog=omNode1@group-3464CFB7038B-SegmentedRaftLog:OPENED:c-1,f-1,i0, conf=-1: [omNode2:122.0.0.122:9872, omNode1:0.0.0.0:9872], old=null
2020-04-28 14:37:57,910 [omNode1@group-3464CFB7038B-LeaderElection5] INFO  impl.LeaderElection (LeaderElection.java:askForVotes(206)) - omNode1@group-3464CFB7038B-LeaderElection5: begin an election at term 773 for -1: [omNode2:122.0.0.122:9872, omNode1:0.0.0.0:9872], old=null
2020-04-28 14:37:58,097 [omNode1@group-3464CFB7038B-LeaderElection5] INFO  impl.LeaderElection (LeaderElection.java:logAndReturn(61)) - omNode1@group-3464CFB7038B-LeaderElection5: Election TIMEOUT; received 0 response(s) [] and 0 exception(s); omNode1@group-3464CFB7038B:t773, leader=null, voted=omNode1, raftlog=omNode1@group-3464CFB7038B-SegmentedRaftLog:OPENED:c-1,f-1,i0, conf=-1: [omNode2:122.0.0.122:9872, omNode1:0.0.0.0:9872], old=null
2020-04-28 14:37:58,099 [omNode1@group-3464CFB7038B-LeaderElection5] INFO  impl.LeaderElection (LeaderElection.java:askForVotes(206)) - omNode1@group-3464CFB7038B-LeaderElection5: begin an election at term 774 for -1: [omNode2:122.0.0.122:9872, omNode1:0.0.0.0:9872], old=null
2020-04-28 14:37:58,166 [omNode1@group-3464CFB7038B-LeaderElection5] INFO  impl.LeaderElection (LeaderElection.java:logAndReturn(61)) - omNode1@group-3464CFB7038B-LeaderElection5: Election TIMEOUT; received 0 response(s) [] and 0 exception(s); omNode1@group-3464CFB7038B:t774, leader=null, voted=omNode1, raftlog=omNode1@group-3464CFB7038B-SegmentedRaftLog:OPENED:c-1,f-1,i0, conf=-1: [omNode2:122.0.0.122:9872, omNode1:0.0.0.0:9872], old=null
2020-04-28 14:37:58,167 [omNode1@group-3464CFB7038B-LeaderElection5] INFO  impl.LeaderElection (LeaderElection.java:askForVotes(206)) - omNode1@group-3464CFB7038B-LeaderElection5: begin an election at term 775 for -1: [omNode2:122.0.0.122:9872, omNode1:0.0.0.0:9872], old=null
2020-04-28 14:37:58,292 [omNode1@group-3464CFB7038B-LeaderElection5] INFO  impl.LeaderElection (LeaderElection.java:logAndReturn(61)) - omNode1@group-3464CFB7038B-LeaderElection5: Election TIMEOUT; received 0 response(s) [] and 0 exception(s); omNode1@group-3464CFB7038B:t775, leader=null, voted=omNode1, raftlog=omNode1@group-3464CFB7038B-SegmentedRaftLog:OPENED:c-1,f-1,i0, conf=-1: [omNode2:122.0.0.122:9872, omNode1:0.0.0.0:9872], old=null
2020-04-28 14:37:58,293 [omNode1@group-3464CFB7038B-LeaderElection5] INFO  impl.LeaderElection (LeaderElection.java:askForVotes(206)) - omNode1@group-3464CFB7038B-LeaderElection5: begin an election at term 776 for -1: [omNode2:122.0.0.122:9872, omNode1:0.0.0.0:9872], old=null
2020-04-28 14:37:58,490 [omNode1@group-3464CFB7038B-LeaderElection5] INFO  impl.LeaderElection (LeaderElection.java:logAndReturn(61)) - omNode1@group-3464CFB7038B-LeaderElection5: Election TIMEOUT; received 0 response(s) [] and 0 exception(s); omNode1@group-3464CFB7038B:t776, leader=null, voted=omNode1, raftlog=omNode1@group-3464CFB7038B-SegmentedRaftLog:OPENED:c-1,f-1,i0, conf=-1: [omNode2:122.0.0.122:9872, omNode1:0.0.0.0:9872], old=null
2020-04-28 14:37:58,492 [omNode1@group-3464CFB7038B-LeaderElection5] INFO  impl.LeaderElection (LeaderElection.java:askForVotes(206)) - omNode1@group-3464CFB7038B-LeaderElection5: begin an election at term 777 for -1: [omNode2:122.0.0.122:9872, omNode1:0.0.0.0:9872], old=null
2020-04-28 14:37:58,652 [omNode1@group-3464CFB7038B-LeaderElection5] INFO  impl.LeaderElection (LeaderElection.java:logAndReturn(61)) - omNode1@group-3464CFB7038B-LeaderElection5: Election TIMEOUT; received 0 response(s) [] and 0 exception(s); omNode1@group-3464CFB7038B:t777, leader=null, voted=omNode1, raftlog=omNode1@group-3464CFB7038B-SegmentedRaftLog:OPENED:c-1,f-1,i0, conf=-1: [omNode2:122.0.0.122:9872, omNode1:0.0.0.0:9872], old=null
2020-04-28 14:37:58,653 [omNode1@group-3464CFB7038B-LeaderElection5] INFO  impl.LeaderElection (LeaderElection.java:askForVotes(206)) - omNode1@group-3464CFB7038B-LeaderElection5: begin an election at term 778 for -1: [omNode2:122.0.0.122:9872, omNode1:0.0.0.0:9872], old=null
2020-04-28 14:37:58,786 [main] INFO  ozone.MiniOzoneClusterImpl (MiniOzoneClusterImpl.java:lambda$waitForClusterToBeReady$0(177)) - Nodes are ready. Got 3 of 3 DN Heartbeats.
2020-04-28 14:37:58,786 [main] INFO  ozone.MiniOzoneClusterImpl (MiniOzoneClusterImpl.java:lambda$waitForClusterToBeReady$0(180)) - Waiting for cluster to exit safe mode
2020-04-28 14:37:58,850 [omNode1@group-3464CFB7038B-LeaderElection5] INFO  impl.LeaderElection (LeaderElection.java:logAndReturn(61)) - omNode1@group-3464CFB7038B-LeaderElection5: Election TIMEOUT; received 0 response(s) [] and 0 exception(s); omNode1@group-3464CFB7038B:t778, leader=null, voted=omNode1, raftlog=omNode1@group-3464CFB7038B-SegmentedRaftLog:OPENED:c-1,f-1,i0, conf=-1: [omNode2:122.0.0.122:9872, omNode1:0.0.0.0:9872], old=null
2020-04-28 14:37:58,851 [omNode1@group-3464CFB7038B-LeaderElection5] INFO  impl.LeaderElection (LeaderElection.java:askForVotes(206)) - omNode1@group-3464CFB7038B-LeaderElection5: begin an election at term 779 for -1: [omNode2:122.0.0.122:9872, omNode1:0.0.0.0:9872], old=null
2020-04-28 14:37:58,954 [omNode1@group-3464CFB7038B-LeaderElection5] INFO  impl.LeaderElection (LeaderElection.java:logAndReturn(61)) - omNode1@group-3464CFB7038B-LeaderElection5: Election TIMEOUT; received 0 response(s) [] and 0 exception(s); omNode1@group-3464CFB7038B:t779, leader=null, voted=omNode1, raftlog=omNode1@group-3464CFB7038B-SegmentedRaftLog:OPENED:c-1,f-1,i0, conf=-1: [omNode2:122.0.0.122:9872, omNode1:0.0.0.0:9872], old=null
2020-04-28 14:37:58,956 [omNode1@group-3464CFB7038B-LeaderElection5] INFO  impl.LeaderElection (LeaderElection.java:askForVotes(206)) - omNode1@group-3464CFB7038B-LeaderElection5: begin an election at term 780 for -1: [omNode2:122.0.0.122:9872, omNode1:0.0.0.0:9872], old=null
2020-04-28 14:37:59,007 [omNode1@group-3464CFB7038B-LeaderElection5] INFO  impl.LeaderElection (LeaderElection.java:logAndReturn(61)) - omNode1@group-3464CFB7038B-LeaderElection5: Election TIMEOUT; received 0 response(s) [] and 0 exception(s); omNode1@group-3464CFB7038B:t780, leader=null, voted=omNode1, raftlog=omNode1@group-3464CFB7038B-SegmentedRaftLog:OPENED:c-1,f-1,i0, conf=-1: [omNode2:122.0.0.122:9872, omNode1:0.0.0.0:9872], old=null
2020-04-28 14:37:59,009 [omNode1@group-3464CFB7038B-LeaderElection5] INFO  impl.LeaderElection (LeaderElection.java:askForVotes(206)) - omNode1@group-3464CFB7038B-LeaderElection5: begin an election at term 781 for -1: [omNode2:122.0.0.122:9872, omNode1:0.0.0.0:9872], old=null
2020-04-28 14:37:59,206 [omNode1@group-3464CFB7038B-LeaderElection5] INFO  impl.LeaderElection (LeaderElection.java:logAndReturn(61)) - omNode1@group-3464CFB7038B-LeaderElection5: Election TIMEOUT; received 0 response(s) [] and 0 exception(s); omNode1@group-3464CFB7038B:t781, leader=null, voted=omNode1, raftlog=omNode1@group-3464CFB7038B-SegmentedRaftLog:OPENED:c-1,f-1,i0, conf=-1: [omNode2:122.0.0.122:9872, omNode1:0.0.0.0:9872], old=null
2020-04-28 14:37:59,207 [omNode1@group-3464CFB7038B-LeaderElection5] INFO  impl.LeaderElection (LeaderElection.java:askForVotes(206)) - omNode1@group-3464CFB7038B-LeaderElection5: begin an election at term 782 for -1: [omNode2:122.0.0.122:9872, omNode1:0.0.0.0:9872], old=null
2020-04-28 14:37:59,380 [omNode1@group-3464CFB7038B-LeaderElection5] INFO  impl.LeaderElection (LeaderElection.java:logAndReturn(61)) - omNode1@group-3464CFB7038B-LeaderElection5: Election TIMEOUT; received 0 response(s) [] and 0 exception(s); omNode1@group-3464CFB7038B:t782, leader=null, voted=omNode1, raftlog=omNode1@group-3464CFB7038B-SegmentedRaftLog:OPENED:c-1,f-1,i0, conf=-1: [omNode2:122.0.0.122:9872, omNode1:0.0.0.0:9872], old=null
2020-04-28 14:37:59,381 [omNode1@group-3464CFB7038B-LeaderElection5] INFO  impl.LeaderElection (LeaderElection.java:askForVotes(206)) - omNode1@group-3464CFB7038B-LeaderElection5: begin an election at term 783 for -1: [omNode2:122.0.0.122:9872, omNode1:0.0.0.0:9872], old=null
2020-04-28 14:37:59,578 [omNode1@group-3464CFB7038B-LeaderElection5] INFO  impl.LeaderElection (LeaderElection.java:logAndReturn(61)) - omNode1@group-3464CFB7038B-LeaderElection5: Election TIMEOUT; received 0 response(s) [] and 0 exception(s); omNode1@group-3464CFB7038B:t783, leader=null, voted=omNode1, raftlog=omNode1@group-3464CFB7038B-SegmentedRaftLog:OPENED:c-1,f-1,i0, conf=-1: [omNode2:122.0.0.122:9872, omNode1:0.0.0.0:9872], old=null
2020-04-28 14:37:59,580 [omNode1@group-3464CFB7038B-LeaderElection5] INFO  impl.LeaderElection (LeaderElection.java:askForVotes(206)) - omNode1@group-3464CFB7038B-LeaderElection5: begin an election at term 784 for -1: [omNode2:122.0.0.122:9872, omNode1:0.0.0.0:9872], old=null
2020-04-28 14:37:59,775 [omNode1@group-3464CFB7038B-LeaderElection5] INFO  impl.LeaderElection (LeaderElection.java:logAndReturn(61)) - omNode1@group-3464CFB7038B-LeaderElection5: Election TIMEOUT; received 0 response(s) [] and 0 exception(s); omNode1@group-3464CFB7038B:t784, leader=null, voted=omNode1, raftlog=omNode1@group-3464CFB7038B-SegmentedRaftLog:OPENED:c-1,f-1,i0, conf=-1: [omNode2:122.0.0.122:9872, omNode1:0.0.0.0:9872], old=null
2020-04-28 14:37:59,776 [omNode1@group-3464CFB7038B-LeaderElection5] INFO  impl.LeaderElection (LeaderElection.java:askForVotes(206)) - omNode1@group-3464CFB7038B-LeaderElection5: begin an election at term 785 for -1: [omNode2:122.0.0.122:9872, omNode1:0.0.0.0:9872], old=null
2020-04-28 14:37:59,786 [main] INFO  ozone.MiniOzoneClusterImpl (MiniOzoneClusterImpl.java:lambda$waitForClusterToBeReady$0(177)) - Nodes are ready. Got 3 of 3 DN Heartbeats.
2020-04-28 14:37:59,786 [main] INFO  ozone.MiniOzoneClusterImpl (MiniOzoneClusterImpl.java:lambda$waitForClusterToBeReady$0(180)) - Waiting for cluster to exit safe mode
2020-04-28 14:37:59,925 [omNode1@group-3464CFB7038B-LeaderElection5] INFO  impl.LeaderElection (LeaderElection.java:logAndReturn(61)) - omNode1@group-3464CFB7038B-LeaderElection5: Election TIMEOUT; received 0 response(s) [] and 0 exception(s); omNode1@group-3464CFB7038B:t785, leader=null, voted=omNode1, raftlog=omNode1@group-3464CFB7038B-SegmentedRaftLog:OPENED:c-1,f-1,i0, conf=-1: [omNode2:122.0.0.122:9872, omNode1:0.0.0.0:9872], old=null
2020-04-28 14:37:59,927 [omNode1@group-3464CFB7038B-LeaderElection5] INFO  impl.LeaderElection (LeaderElection.java:askForVotes(206)) - omNode1@group-3464CFB7038B-LeaderElection5: begin an election at term 786 for -1: [omNode2:122.0.0.122:9872, omNode1:0.0.0.0:9872], old=null
2020-04-28 14:38:00,068 [omNode1@group-3464CFB7038B-LeaderElection5] INFO  impl.LeaderElection (LeaderElection.java:logAndReturn(61)) - omNode1@group-3464CFB7038B-LeaderElection5: Election TIMEOUT; received 0 response(s) [] and 0 exception(s); omNode1@group-3464CFB7038B:t786, leader=null, voted=omNode1, raftlog=omNode1@group-3464CFB7038B-SegmentedRaftLog:OPENED:c-1,f-1,i0, conf=-1: [omNode2:122.0.0.122:9872, omNode1:0.0.0.0:9872], old=null
2020-04-28 14:38:00,070 [omNode1@group-3464CFB7038B-LeaderElection5] INFO  impl.LeaderElection (LeaderElection.java:askForVotes(206)) - omNode1@group-3464CFB7038B-LeaderElection5: begin an election at term 787 for -1: [omNode2:122.0.0.122:9872, omNode1:0.0.0.0:9872], old=null
2020-04-28 14:38:00,153 [omNode1@group-3464CFB7038B-LeaderElection5] INFO  impl.LeaderElection (LeaderElection.java:logAndReturn(61)) - omNode1@group-3464CFB7038B-LeaderElection5: Election TIMEOUT; received 0 response(s) [] and 0 exception(s); omNode1@group-3464CFB7038B:t787, leader=null, voted=omNode1, raftlog=omNode1@group-3464CFB7038B-SegmentedRaftLog:OPENED:c-1,f-1,i0, conf=-1: [omNode2:122.0.0.122:9872, omNode1:0.0.0.0:9872], old=null
2020-04-28 14:38:00,154 [omNode1@group-3464CFB7038B-LeaderElection5] INFO  impl.LeaderElection (LeaderElection.java:askForVotes(206)) - omNode1@group-3464CFB7038B-LeaderElection5: begin an election at term 788 for -1: [omNode2:122.0.0.122:9872, omNode1:0.0.0.0:9872], old=null
2020-04-28 14:38:00,257 [omNode1@group-3464CFB7038B-LeaderElection5] INFO  impl.LeaderElection (LeaderElection.java:logAndReturn(61)) - omNode1@group-3464CFB7038B-LeaderElection5: Election TIMEOUT; received 0 response(s) [] and 0 exception(s); omNode1@group-3464CFB7038B:t788, leader=null, voted=omNode1, raftlog=omNode1@group-3464CFB7038B-SegmentedRaftLog:OPENED:c-1,f-1,i0, conf=-1: [omNode2:122.0.0.122:9872, omNode1:0.0.0.0:9872], old=null
2020-04-28 14:38:00,258 [omNode1@group-3464CFB7038B-LeaderElection5] INFO  impl.LeaderElection (LeaderElection.java:askForVotes(206)) - omNode1@group-3464CFB7038B-LeaderElection5: begin an election at term 789 for -1: [omNode2:122.0.0.122:9872, omNode1:0.0.0.0:9872], old=null
2020-04-28 14:38:00,330 [omNode1@group-3464CFB7038B-LeaderElection5] INFO  impl.LeaderElection (LeaderElection.java:logAndReturn(61)) - omNode1@group-3464CFB7038B-LeaderElection5: Election TIMEOUT; received 0 response(s) [] and 0 exception(s); omNode1@group-3464CFB7038B:t789, leader=null, voted=omNode1, raftlog=omNode1@group-3464CFB7038B-SegmentedRaftLog:OPENED:c-1,f-1,i0, conf=-1: [omNode2:122.0.0.122:9872, omNode1:0.0.0.0:9872], old=null
2020-04-28 14:38:00,331 [omNode1@group-3464CFB7038B-LeaderElection5] INFO  impl.LeaderElection (LeaderElection.java:askForVotes(206)) - omNode1@group-3464CFB7038B-LeaderElection5: begin an election at term 790 for -1: [omNode2:122.0.0.122:9872, omNode1:0.0.0.0:9872], old=null
2020-04-28 14:38:00,359 [omNode1@group-3464CFB7038B-LeaderElection5] INFO  impl.LeaderElection (LeaderElection.java:logAndReturn(61)) - omNode1@group-3464CFB7038B-LeaderElection5: Election TIMEOUT; received 0 response(s) [] and 0 exception(s); omNode1@group-3464CFB7038B:t790, leader=null, voted=omNode1, raftlog=omNode1@group-3464CFB7038B-SegmentedRaftLog:OPENED:c-1,f-1,i0, conf=-1: [omNode2:122.0.0.122:9872, omNode1:0.0.0.0:9872], old=null
2020-04-28 14:38:00,361 [omNode1@group-3464CFB7038B-LeaderElection5] INFO  impl.LeaderElection (LeaderElection.java:askForVotes(206)) - omNode1@group-3464CFB7038B-LeaderElection5: begin an election at term 791 for -1: [omNode2:122.0.0.122:9872, omNode1:0.0.0.0:9872], old=null
2020-04-28 14:38:00,460 [omNode1@group-3464CFB7038B-LeaderElection5] INFO  impl.LeaderElection (LeaderElection.java:logAndReturn(61)) - omNode1@group-3464CFB7038B-LeaderElection5: Election TIMEOUT; received 0 response(s) [] and 0 exception(s); omNode1@group-3464CFB7038B:t791, leader=null, voted=omNode1, raftlog=omNode1@group-3464CFB7038B-SegmentedRaftLog:OPENED:c-1,f-1,i0, conf=-1: [omNode2:122.0.0.122:9872, omNode1:0.0.0.0:9872], old=null
2020-04-28 14:38:00,462 [omNode1@group-3464CFB7038B-LeaderElection5] INFO  impl.LeaderElection (LeaderElection.java:askForVotes(206)) - omNode1@group-3464CFB7038B-LeaderElection5: begin an election at term 792 for -1: [omNode2:122.0.0.122:9872, omNode1:0.0.0.0:9872], old=null
2020-04-28 14:38:00,590 [omNode1@group-3464CFB7038B-LeaderElection5] INFO  impl.LeaderElection (LeaderElection.java:logAndReturn(61)) - omNode1@group-3464CFB7038B-LeaderElection5: Election TIMEOUT; received 0 response(s) [] and 0 exception(s); omNode1@group-3464CFB7038B:t792, leader=null, voted=omNode1, raftlog=omNode1@group-3464CFB7038B-SegmentedRaftLog:OPENED:c-1,f-1,i0, conf=-1: [omNode2:122.0.0.122:9872, omNode1:0.0.0.0:9872], old=null
2020-04-28 14:38:00,592 [omNode1@group-3464CFB7038B-LeaderElection5] INFO  impl.LeaderElection (LeaderElection.java:askForVotes(206)) - omNode1@group-3464CFB7038B-LeaderElection5: begin an election at term 793 for -1: [omNode2:122.0.0.122:9872, omNode1:0.0.0.0:9872], old=null
2020-04-28 14:38:00,657 [omNode1@group-3464CFB7038B-LeaderElection5] INFO  impl.LeaderElection (LeaderElection.java:logAndReturn(61)) - omNode1@group-3464CFB7038B-LeaderElection5: Election TIMEOUT; received 0 response(s) [] and 0 exception(s); omNode1@group-3464CFB7038B:t793, leader=null, voted=omNode1, raftlog=omNode1@group-3464CFB7038B-SegmentedRaftLog:OPENED:c-1,f-1,i0, conf=-1: [omNode2:122.0.0.122:9872, omNode1:0.0.0.0:9872], old=null
2020-04-28 14:38:00,659 [omNode1@group-3464CFB7038B-LeaderElection5] INFO  impl.LeaderElection (LeaderElection.java:askForVotes(206)) - omNode1@group-3464CFB7038B-LeaderElection5: begin an election at term 794 for -1: [omNode2:122.0.0.122:9872, omNode1:0.0.0.0:9872], old=null
2020-04-28 14:38:00,672 [omNode1@group-3464CFB7038B-LeaderElection5] INFO  impl.LeaderElection (LeaderElection.java:logAndReturn(61)) - omNode1@group-3464CFB7038B-LeaderElection5: Election TIMEOUT; received 0 response(s) [] and 0 exception(s); omNode1@group-3464CFB7038B:t794, leader=null, voted=omNode1, raftlog=omNode1@group-3464CFB7038B-SegmentedRaftLog:OPENED:c-1,f-1,i0, conf=-1: [omNode2:122.0.0.122:9872, omNode1:0.0.0.0:9872], old=null
2020-04-28 14:38:00,673 [omNode1@group-3464CFB7038B-LeaderElection5] INFO  impl.LeaderElection (LeaderElection.java:askForVotes(206)) - omNode1@group-3464CFB7038B-LeaderElection5: begin an election at term 795 for -1: [omNode2:122.0.0.122:9872, omNode1:0.0.0.0:9872], old=null
2020-04-28 14:38:00,787 [main] INFO  ozone.MiniOzoneClusterImpl (MiniOzoneClusterImpl.java:lambda$waitForClusterToBeReady$0(177)) - Nodes are ready. Got 3 of 3 DN Heartbeats.
2020-04-28 14:38:00,787 [main] INFO  ozone.MiniOzoneClusterImpl (MiniOzoneClusterImpl.java:lambda$waitForClusterToBeReady$0(180)) - Waiting for cluster to exit safe mode
2020-04-28 14:38:00,867 [omNode1@group-3464CFB7038B-LeaderElection5] INFO  impl.LeaderElection (LeaderElection.java:logAndReturn(61)) - omNode1@group-3464CFB7038B-LeaderElection5: Election TIMEOUT; received 0 response(s) [] and 0 exception(s); omNode1@group-3464CFB7038B:t795, leader=null, voted=omNode1, raftlog=omNode1@group-3464CFB7038B-SegmentedRaftLog:OPENED:c-1,f-1,i0, conf=-1: [omNode2:122.0.0.122:9872, omNode1:0.0.0.0:9872], old=null
2020-04-28 14:38:00,868 [omNode1@group-3464CFB7038B-LeaderElection5] INFO  impl.LeaderElection (LeaderElection.java:askForVotes(206)) - omNode1@group-3464CFB7038B-LeaderElection5: begin an election at term 796 for -1: [omNode2:122.0.0.122:9872, omNode1:0.0.0.0:9872], old=null
2020-04-28 14:38:00,904 [omNode1@group-3464CFB7038B-LeaderElection5] INFO  impl.LeaderElection (LeaderElection.java:logAndReturn(61)) - omNode1@group-3464CFB7038B-LeaderElection5: Election TIMEOUT; received 0 response(s) [] and 0 exception(s); omNode1@group-3464CFB7038B:t796, leader=null, voted=omNode1, raftlog=omNode1@group-3464CFB7038B-SegmentedRaftLog:OPENED:c-1,f-1,i0, conf=-1: [omNode2:122.0.0.122:9872, omNode1:0.0.0.0:9872], old=null
2020-04-28 14:38:00,905 [omNode1@group-3464CFB7038B-LeaderElection5] INFO  impl.LeaderElection (LeaderElection.java:askForVotes(206)) - omNode1@group-3464CFB7038B-LeaderElection5: begin an election at term 797 for -1: [omNode2:122.0.0.122:9872, omNode1:0.0.0.0:9872], old=null
2020-04-28 14:38:00,935 [omNode1@group-3464CFB7038B-LeaderElection5] INFO  impl.LeaderElection (LeaderElection.java:logAndReturn(61)) - omNode1@group-3464CFB7038B-LeaderElection5: Election TIMEOUT; received 0 response(s) [] and 0 exception(s); omNode1@group-3464CFB7038B:t797, leader=null, voted=omNode1, raftlog=omNode1@group-3464CFB7038B-SegmentedRaftLog:OPENED:c-1,f-1,i0, conf=-1: [omNode2:122.0.0.122:9872, omNode1:0.0.0.0:9872], old=null
2020-04-28 14:38:00,937 [omNode1@group-3464CFB7038B-LeaderElection5] INFO  impl.LeaderElection (LeaderElection.java:askForVotes(206)) - omNode1@group-3464CFB7038B-LeaderElection5: begin an election at term 798 for -1: [omNode2:122.0.0.122:9872, omNode1:0.0.0.0:9872], old=null
2020-04-28 14:38:00,991 [omNode1@group-3464CFB7038B-LeaderElection5] INFO  impl.LeaderElection (LeaderElection.java:logAndReturn(61)) - omNode1@group-3464CFB7038B-LeaderElection5: Election TIMEOUT; received 0 response(s) [] and 0 exception(s); omNode1@group-3464CFB7038B:t798, leader=null, voted=omNode1, raftlog=omNode1@group-3464CFB7038B-SegmentedRaftLog:OPENED:c-1,f-1,i0, conf=-1: [omNode2:122.0.0.122:9872, omNode1:0.0.0.0:9872], old=null
2020-04-28 14:38:00,993 [omNode1@group-3464CFB7038B-LeaderElection5] INFO  impl.LeaderElection (LeaderElection.java:askForVotes(206)) - omNode1@group-3464CFB7038B-LeaderElection5: begin an election at term 799 for -1: [omNode2:122.0.0.122:9872, omNode1:0.0.0.0:9872], old=null
2020-04-28 14:38:01,151 [omNode1@group-3464CFB7038B-LeaderElection5] INFO  impl.LeaderElection (LeaderElection.java:logAndReturn(61)) - omNode1@group-3464CFB7038B-LeaderElection5: Election TIMEOUT; received 0 response(s) [] and 0 exception(s); omNode1@group-3464CFB7038B:t799, leader=null, voted=omNode1, raftlog=omNode1@group-3464CFB7038B-SegmentedRaftLog:OPENED:c-1,f-1,i0, conf=-1: [omNode2:122.0.0.122:9872, omNode1:0.0.0.0:9872], old=null
2020-04-28 14:38:01,153 [omNode1@group-3464CFB7038B-LeaderElection5] INFO  impl.LeaderElection (LeaderElection.java:askForVotes(206)) - omNode1@group-3464CFB7038B-LeaderElection5: begin an election at term 800 for -1: [omNode2:122.0.0.122:9872, omNode1:0.0.0.0:9872], old=null
2020-04-28 14:38:01,219 [omNode1@group-3464CFB7038B-LeaderElection5] INFO  impl.LeaderElection (LeaderElection.java:logAndReturn(61)) - omNode1@group-3464CFB7038B-LeaderElection5: Election TIMEOUT; received 0 response(s) [] and 0 exception(s); omNode1@group-3464CFB7038B:t800, leader=null, voted=omNode1, raftlog=omNode1@group-3464CFB7038B-SegmentedRaftLog:OPENED:c-1,f-1,i0, conf=-1: [omNode2:122.0.0.122:9872, omNode1:0.0.0.0:9872], old=null
2020-04-28 14:38:01,221 [omNode1@group-3464CFB7038B-LeaderElection5] INFO  impl.LeaderElection (LeaderElection.java:askForVotes(206)) - omNode1@group-3464CFB7038B-LeaderElection5: begin an election at term 801 for -1: [omNode2:122.0.0.122:9872, omNode1:0.0.0.0:9872], old=null
2020-04-28 14:38:01,309 [omNode1@group-3464CFB7038B-LeaderElection5] INFO  impl.LeaderElection (LeaderElection.java:logAndReturn(61)) - omNode1@group-3464CFB7038B-LeaderElection5: Election TIMEOUT; received 0 response(s) [] and 0 exception(s); omNode1@group-3464CFB7038B:t801, leader=null, voted=omNode1, raftlog=omNode1@group-3464CFB7038B-SegmentedRaftLog:OPENED:c-1,f-1,i0, conf=-1: [omNode2:122.0.0.122:9872, omNode1:0.0.0.0:9872], old=null
2020-04-28 14:38:01,310 [omNode1@group-3464CFB7038B-LeaderElection5] INFO  impl.LeaderElection (LeaderElection.java:askForVotes(206)) - omNode1@group-3464CFB7038B-LeaderElection5: begin an election at term 802 for -1: [omNode2:122.0.0.122:9872, omNode1:0.0.0.0:9872], old=null
2020-04-28 14:38:01,486 [omNode1@group-3464CFB7038B-LeaderElection5] INFO  impl.LeaderElection (LeaderElection.java:logAndReturn(61)) - omNode1@group-3464CFB7038B-LeaderElection5: Election TIMEOUT; received 0 response(s) [] and 0 exception(s); omNode1@group-3464CFB7038B:t802, leader=null, voted=omNode1, raftlog=omNode1@group-3464CFB7038B-SegmentedRaftLog:OPENED:c-1,f-1,i0, conf=-1: [omNode2:122.0.0.122:9872, omNode1:0.0.0.0:9872], old=null
2020-04-28 14:38:01,487 [omNode1@group-3464CFB7038B-LeaderElection5] INFO  impl.LeaderElection (LeaderElection.java:askForVotes(206)) - omNode1@group-3464CFB7038B-LeaderElection5: begin an election at term 803 for -1: [omNode2:122.0.0.122:9872, omNode1:0.0.0.0:9872], old=null
2020-04-28 14:38:01,568 [omNode1@group-3464CFB7038B-LeaderElection5] INFO  impl.LeaderElection (LeaderElection.java:logAndReturn(61)) - omNode1@group-3464CFB7038B-LeaderElection5: Election TIMEOUT; received 0 response(s) [] and 0 exception(s); omNode1@group-3464CFB7038B:t803, leader=null, voted=omNode1, raftlog=omNode1@group-3464CFB7038B-SegmentedRaftLog:OPENED:c-1,f-1,i0, conf=-1: [omNode2:122.0.0.122:9872, omNode1:0.0.0.0:9872], old=null
2020-04-28 14:38:01,569 [omNode1@group-3464CFB7038B-LeaderElection5] INFO  impl.LeaderElection (LeaderElection.java:askForVotes(206)) - omNode1@group-3464CFB7038B-LeaderElection5: begin an election at term 804 for -1: [omNode2:122.0.0.122:9872, omNode1:0.0.0.0:9872], old=null
2020-04-28 14:38:01,642 [omNode1@group-3464CFB7038B-LeaderElection5] INFO  impl.LeaderElection (LeaderElection.java:logAndReturn(61)) - omNode1@group-3464CFB7038B-LeaderElection5: Election TIMEOUT; received 0 response(s) [] and 0 exception(s); omNode1@group-3464CFB7038B:t804, leader=null, voted=omNode1, raftlog=omNode1@group-3464CFB7038B-SegmentedRaftLog:OPENED:c-1,f-1,i0, conf=-1: [omNode2:122.0.0.122:9872, omNode1:0.0.0.0:9872], old=null
2020-04-28 14:38:01,644 [omNode1@group-3464CFB7038B-LeaderElection5] INFO  impl.LeaderElection (LeaderElection.java:askForVotes(206)) - omNode1@group-3464CFB7038B-LeaderElection5: begin an election at term 805 for -1: [omNode2:122.0.0.122:9872, omNode1:0.0.0.0:9872], old=null
2020-04-28 14:38:01,787 [main] INFO  ozone.MiniOzoneClusterImpl (MiniOzoneClusterImpl.java:lambda$waitForClusterToBeReady$0(177)) - Nodes are ready. Got 3 of 3 DN Heartbeats.
2020-04-28 14:38:01,787 [main] INFO  ozone.MiniOzoneClusterImpl (MiniOzoneClusterImpl.java:lambda$waitForClusterToBeReady$0(180)) - Waiting for cluster to exit safe mode
2020-04-28 14:38:01,843 [omNode1@group-3464CFB7038B-LeaderElection5] INFO  impl.LeaderElection (LeaderElection.java:logAndReturn(61)) - omNode1@group-3464CFB7038B-LeaderElection5: Election TIMEOUT; received 0 response(s) [] and 0 exception(s); omNode1@group-3464CFB7038B:t805, leader=null, voted=omNode1, raftlog=omNode1@group-3464CFB7038B-SegmentedRaftLog:OPENED:c-1,f-1,i0, conf=-1: [omNode2:122.0.0.122:9872, omNode1:0.0.0.0:9872], old=null
2020-04-28 14:38:01,845 [omNode1@group-3464CFB7038B-LeaderElection5] INFO  impl.LeaderElection (LeaderElection.java:askForVotes(206)) - omNode1@group-3464CFB7038B-LeaderElection5: begin an election at term 806 for -1: [omNode2:122.0.0.122:9872, omNode1:0.0.0.0:9872], old=null
2020-04-28 14:38:01,940 [omNode1@group-3464CFB7038B-LeaderElection5] INFO  impl.LeaderElection (LeaderElection.java:logAndReturn(61)) - omNode1@group-3464CFB7038B-LeaderElection5: Election TIMEOUT; received 0 response(s) [] and 0 exception(s); omNode1@group-3464CFB7038B:t806, leader=null, voted=omNode1, raftlog=omNode1@group-3464CFB7038B-SegmentedRaftLog:OPENED:c-1,f-1,i0, conf=-1: [omNode2:122.0.0.122:9872, omNode1:0.0.0.0:9872], old=null
2020-04-28 14:38:01,942 [omNode1@group-3464CFB7038B-LeaderElection5] INFO  impl.LeaderElection (LeaderElection.java:askForVotes(206)) - omNode1@group-3464CFB7038B-LeaderElection5: begin an election at term 807 for -1: [omNode2:122.0.0.122:9872, omNode1:0.0.0.0:9872], old=null
2020-04-28 14:38:02,007 [omNode1@group-3464CFB7038B-LeaderElection5] INFO  impl.LeaderElection (LeaderElection.java:logAndReturn(61)) - omNode1@group-3464CFB7038B-LeaderElection5: Election TIMEOUT; received 0 response(s) [] and 0 exception(s); omNode1@group-3464CFB7038B:t807, leader=null, voted=omNode1, raftlog=omNode1@group-3464CFB7038B-SegmentedRaftLog:OPENED:c-1,f-1,i0, conf=-1: [omNode2:122.0.0.122:9872, omNode1:0.0.0.0:9872], old=null
2020-04-28 14:38:02,009 [omNode1@group-3464CFB7038B-LeaderElection5] INFO  impl.LeaderElection (LeaderElection.java:askForVotes(206)) - omNode1@group-3464CFB7038B-LeaderElection5: begin an election at term 808 for -1: [omNode2:122.0.0.122:9872, omNode1:0.0.0.0:9872], old=null
2020-04-28 14:38:02,128 [omNode1@group-3464CFB7038B-LeaderElection5] INFO  impl.LeaderElection (LeaderElection.java:logAndReturn(61)) - omNode1@group-3464CFB7038B-LeaderElection5: Election TIMEOUT; received 0 response(s) [] and 0 exception(s); omNode1@group-3464CFB7038B:t808, leader=null, voted=omNode1, raftlog=omNode1@group-3464CFB7038B-SegmentedRaftLog:OPENED:c-1,f-1,i0, conf=-1: [omNode2:122.0.0.122:9872, omNode1:0.0.0.0:9872], old=null
2020-04-28 14:38:02,130 [omNode1@group-3464CFB7038B-LeaderElection5] INFO  impl.LeaderElection (LeaderElection.java:askForVotes(206)) - omNode1@group-3464CFB7038B-LeaderElection5: begin an election at term 809 for -1: [omNode2:122.0.0.122:9872, omNode1:0.0.0.0:9872], old=null
2020-04-28 14:38:02,231 [omNode1@group-3464CFB7038B-LeaderElection5] INFO  impl.LeaderElection (LeaderElection.java:logAndReturn(61)) - omNode1@group-3464CFB7038B-LeaderElection5: Election TIMEOUT; received 0 response(s) [] and 0 exception(s); omNode1@group-3464CFB7038B:t809, leader=null, voted=omNode1, raftlog=omNode1@group-3464CFB7038B-SegmentedRaftLog:OPENED:c-1,f-1,i0, conf=-1: [omNode2:122.0.0.122:9872, omNode1:0.0.0.0:9872], old=null
2020-04-28 14:38:02,233 [omNode1@group-3464CFB7038B-LeaderElection5] INFO  impl.LeaderElection (LeaderElection.java:askForVotes(206)) - omNode1@group-3464CFB7038B-LeaderElection5: begin an election at term 810 for -1: [omNode2:122.0.0.122:9872, omNode1:0.0.0.0:9872], old=null
2020-04-28 14:38:02,313 [omNode1@group-3464CFB7038B-LeaderElection5] INFO  impl.LeaderElection (LeaderElection.java:logAndReturn(61)) - omNode1@group-3464CFB7038B-LeaderElection5: Election TIMEOUT; received 0 response(s) [] and 0 exception(s); omNode1@group-3464CFB7038B:t810, leader=null, voted=omNode1, raftlog=omNode1@group-3464CFB7038B-SegmentedRaftLog:OPENED:c-1,f-1,i0, conf=-1: [omNode2:122.0.0.122:9872, omNode1:0.0.0.0:9872], old=null
2020-04-28 14:38:02,314 [omNode1@group-3464CFB7038B-LeaderElection5] INFO  impl.LeaderElection (LeaderElection.java:askForVotes(206)) - omNode1@group-3464CFB7038B-LeaderElection5: begin an election at term 811 for -1: [omNode2:122.0.0.122:9872, omNode1:0.0.0.0:9872], old=null
2020-04-28 14:38:02,372 [omNode1@group-3464CFB7038B-LeaderElection5] INFO  impl.LeaderElection (LeaderElection.java:logAndReturn(61)) - omNode1@group-3464CFB7038B-LeaderElection5: Election TIMEOUT; received 0 response(s) [] and 0 exception(s); omNode1@group-3464CFB7038B:t811, leader=null, voted=omNode1, raftlog=omNode1@group-3464CFB7038B-SegmentedRaftLog:OPENED:c-1,f-1,i0, conf=-1: [omNode2:122.0.0.122:9872, omNode1:0.0.0.0:9872], old=null
2020-04-28 14:38:02,373 [omNode1@group-3464CFB7038B-LeaderElection5] INFO  impl.LeaderElection (LeaderElection.java:askForVotes(206)) - omNode1@group-3464CFB7038B-LeaderElection5: begin an election at term 812 for -1: [omNode2:122.0.0.122:9872, omNode1:0.0.0.0:9872], old=null
2020-04-28 14:38:02,508 [omNode1@group-3464CFB7038B-LeaderElection5] INFO  impl.LeaderElection (LeaderElection.java:logAndReturn(61)) - omNode1@group-3464CFB7038B-LeaderElection5: Election TIMEOUT; received 0 response(s) [] and 0 exception(s); omNode1@group-3464CFB7038B:t812, leader=null, voted=omNode1, raftlog=omNode1@group-3464CFB7038B-SegmentedRaftLog:OPENED:c-1,f-1,i0, conf=-1: [omNode2:122.0.0.122:9872, omNode1:0.0.0.0:9872], old=null
2020-04-28 14:38:02,510 [omNode1@group-3464CFB7038B-LeaderElection5] INFO  impl.LeaderElection (LeaderElection.java:askForVotes(206)) - omNode1@group-3464CFB7038B-LeaderElection5: begin an election at term 813 for -1: [omNode2:122.0.0.122:9872, omNode1:0.0.0.0:9872], old=null
2020-04-28 14:38:02,512 [omNode1@group-3464CFB7038B-LeaderElection5] INFO  impl.LeaderElection (LeaderElection.java:logAndReturn(61)) - omNode1@group-3464CFB7038B-LeaderElection5: Election TIMEOUT; received 0 response(s) [] and 0 exception(s); omNode1@group-3464CFB7038B:t813, leader=null, voted=omNode1, raftlog=omNode1@group-3464CFB7038B-SegmentedRaftLog:OPENED:c-1,f-1,i0, conf=-1: [omNode2:122.0.0.122:9872, omNode1:0.0.0.0:9872], old=null
2020-04-28 14:38:02,513 [omNode1@group-3464CFB7038B-LeaderElection5] INFO  impl.LeaderElection (LeaderElection.java:askForVotes(206)) - omNode1@group-3464CFB7038B-LeaderElection5: begin an election at term 814 for -1: [omNode2:122.0.0.122:9872, omNode1:0.0.0.0:9872], old=null
2020-04-28 14:38:02,649 [omNode1@group-3464CFB7038B-LeaderElection5] INFO  impl.LeaderElection (LeaderElection.java:logAndReturn(61)) - omNode1@group-3464CFB7038B-LeaderElection5: Election TIMEOUT; received 0 response(s) [] and 0 exception(s); omNode1@group-3464CFB7038B:t814, leader=null, voted=omNode1, raftlog=omNode1@group-3464CFB7038B-SegmentedRaftLog:OPENED:c-1,f-1,i0, conf=-1: [omNode2:122.0.0.122:9872, omNode1:0.0.0.0:9872], old=null
2020-04-28 14:38:02,650 [omNode1@group-3464CFB7038B-LeaderElection5] INFO  impl.LeaderElection (LeaderElection.java:askForVotes(206)) - omNode1@group-3464CFB7038B-LeaderElection5: begin an election at term 815 for -1: [omNode2:122.0.0.122:9872, omNode1:0.0.0.0:9872], old=null
2020-04-28 14:38:02,693 [omNode1@group-3464CFB7038B-LeaderElection5] INFO  impl.LeaderElection (LeaderElection.java:logAndReturn(61)) - omNode1@group-3464CFB7038B-LeaderElection5: Election TIMEOUT; received 0 response(s) [] and 0 exception(s); omNode1@group-3464CFB7038B:t815, leader=null, voted=omNode1, raftlog=omNode1@group-3464CFB7038B-SegmentedRaftLog:OPENED:c-1,f-1,i0, conf=-1: [omNode2:122.0.0.122:9872, omNode1:0.0.0.0:9872], old=null
2020-04-28 14:38:02,695 [omNode1@group-3464CFB7038B-LeaderElection5] INFO  impl.LeaderElection (LeaderElection.java:askForVotes(206)) - omNode1@group-3464CFB7038B-LeaderElection5: begin an election at term 816 for -1: [omNode2:122.0.0.122:9872, omNode1:0.0.0.0:9872], old=null
2020-04-28 14:38:02,715 [omNode1@group-3464CFB7038B-LeaderElection5] INFO  impl.LeaderElection (LeaderElection.java:logAndReturn(61)) - omNode1@group-3464CFB7038B-LeaderElection5: Election TIMEOUT; received 0 response(s) [] and 0 exception(s); omNode1@group-3464CFB7038B:t816, leader=null, voted=omNode1, raftlog=omNode1@group-3464CFB7038B-SegmentedRaftLog:OPENED:c-1,f-1,i0, conf=-1: [omNode2:122.0.0.122:9872, omNode1:0.0.0.0:9872], old=null
2020-04-28 14:38:02,716 [omNode1@group-3464CFB7038B-LeaderElection5] INFO  impl.LeaderElection (LeaderElection.java:askForVotes(206)) - omNode1@group-3464CFB7038B-LeaderElection5: begin an election at term 817 for -1: [omNode2:122.0.0.122:9872, omNode1:0.0.0.0:9872], old=null
2020-04-28 14:38:02,787 [main] INFO  ozone.MiniOzoneClusterImpl (MiniOzoneClusterImpl.java:lambda$waitForClusterToBeReady$0(177)) - Nodes are ready. Got 3 of 3 DN Heartbeats.
2020-04-28 14:38:02,788 [main] INFO  ozone.MiniOzoneClusterImpl (MiniOzoneClusterImpl.java:lambda$waitForClusterToBeReady$0(180)) - Waiting for cluster to exit safe mode
2020-04-28 14:38:02,889 [omNode1@group-3464CFB7038B-LeaderElection5] INFO  impl.LeaderElection (LeaderElection.java:logAndReturn(61)) - omNode1@group-3464CFB7038B-LeaderElection5: Election TIMEOUT; received 0 response(s) [] and 0 exception(s); omNode1@group-3464CFB7038B:t817, leader=null, voted=omNode1, raftlog=omNode1@group-3464CFB7038B-SegmentedRaftLog:OPENED:c-1,f-1,i0, conf=-1: [omNode2:122.0.0.122:9872, omNode1:0.0.0.0:9872], old=null
2020-04-28 14:38:02,891 [omNode1@group-3464CFB7038B-LeaderElection5] INFO  impl.LeaderElection (LeaderElection.java:askForVotes(206)) - omNode1@group-3464CFB7038B-LeaderElection5: begin an election at term 818 for -1: [omNode2:122.0.0.122:9872, omNode1:0.0.0.0:9872], old=null
2020-04-28 14:38:03,066 [omNode1@group-3464CFB7038B-LeaderElection5] INFO  impl.LeaderElection (LeaderElection.java:logAndReturn(61)) - omNode1@group-3464CFB7038B-LeaderElection5: Election TIMEOUT; received 0 response(s) [] and 0 exception(s); omNode1@group-3464CFB7038B:t818, leader=null, voted=omNode1, raftlog=omNode1@group-3464CFB7038B-SegmentedRaftLog:OPENED:c-1,f-1,i0, conf=-1: [omNode2:122.0.0.122:9872, omNode1:0.0.0.0:9872], old=null
2020-04-28 14:38:03,068 [omNode1@group-3464CFB7038B-LeaderElection5] INFO  impl.LeaderElection (LeaderElection.java:askForVotes(206)) - omNode1@group-3464CFB7038B-LeaderElection5: begin an election at term 819 for -1: [omNode2:122.0.0.122:9872, omNode1:0.0.0.0:9872], old=null
2020-04-28 14:38:03,138 [omNode1@group-3464CFB7038B-LeaderElection5] INFO  impl.LeaderElection (LeaderElection.java:logAndReturn(61)) - omNode1@group-3464CFB7038B-LeaderElection5: Election TIMEOUT; received 0 response(s) [] and 0 exception(s); omNode1@group-3464CFB7038B:t819, leader=null, voted=omNode1, raftlog=omNode1@group-3464CFB7038B-SegmentedRaftLog:OPENED:c-1,f-1,i0, conf=-1: [omNode2:122.0.0.122:9872, omNode1:0.0.0.0:9872], old=null
2020-04-28 14:38:03,139 [omNode1@group-3464CFB7038B-LeaderElection5] INFO  impl.LeaderElection (LeaderElection.java:askForVotes(206)) - omNode1@group-3464CFB7038B-LeaderElection5: begin an election at term 820 for -1: [omNode2:122.0.0.122:9872, omNode1:0.0.0.0:9872], old=null
2020-04-28 14:38:03,160 [omNode1@group-3464CFB7038B-LeaderElection5] INFO  impl.LeaderElection (LeaderElection.java:logAndReturn(61)) - omNode1@group-3464CFB7038B-LeaderElection5: Election TIMEOUT; received 0 response(s) [] and 0 exception(s); omNode1@group-3464CFB7038B:t820, leader=null, voted=omNode1, raftlog=omNode1@group-3464CFB7038B-SegmentedRaftLog:OPENED:c-1,f-1,i0, conf=-1: [omNode2:122.0.0.122:9872, omNode1:0.0.0.0:9872], old=null
2020-04-28 14:38:03,161 [omNode1@group-3464CFB7038B-LeaderElection5] INFO  impl.LeaderElection (LeaderElection.java:askForVotes(206)) - omNode1@group-3464CFB7038B-LeaderElection5: begin an election at term 821 for -1: [omNode2:122.0.0.122:9872, omNode1:0.0.0.0:9872], old=null
2020-04-28 14:38:03,297 [omNode1@group-3464CFB7038B-LeaderElection5] INFO  impl.LeaderElection (LeaderElection.java:logAndReturn(61)) - omNode1@group-3464CFB7038B-LeaderElection5: Election TIMEOUT; received 0 response(s) [] and 0 exception(s); omNode1@group-3464CFB7038B:t821, leader=null, voted=omNode1, raftlog=omNode1@group-3464CFB7038B-SegmentedRaftLog:OPENED:c-1,f-1,i0, conf=-1: [omNode2:122.0.0.122:9872, omNode1:0.0.0.0:9872], old=null
2020-04-28 14:38:03,299 [omNode1@group-3464CFB7038B-LeaderElection5] INFO  impl.LeaderElection (LeaderElection.java:askForVotes(206)) - omNode1@group-3464CFB7038B-LeaderElection5: begin an election at term 822 for -1: [omNode2:122.0.0.122:9872, omNode1:0.0.0.0:9872], old=null
2020-04-28 14:38:03,400 [omNode1@group-3464CFB7038B-LeaderElection5] INFO  impl.LeaderElection (LeaderElection.java:logAndReturn(61)) - omNode1@group-3464CFB7038B-LeaderElection5: Election TIMEOUT; received 0 response(s) [] and 0 exception(s); omNode1@group-3464CFB7038B:t822, leader=null, voted=omNode1, raftlog=omNode1@group-3464CFB7038B-SegmentedRaftLog:OPENED:c-1,f-1,i0, conf=-1: [omNode2:122.0.0.122:9872, omNode1:0.0.0.0:9872], old=null
2020-04-28 14:38:03,401 [omNode1@group-3464CFB7038B-LeaderElection5] INFO  impl.LeaderElection (LeaderElection.java:askForVotes(206)) - omNode1@group-3464CFB7038B-LeaderElection5: begin an election at term 823 for -1: [omNode2:122.0.0.122:9872, omNode1:0.0.0.0:9872], old=null
2020-04-28 14:38:03,462 [omNode1@group-3464CFB7038B-LeaderElection5] INFO  impl.LeaderElection (LeaderElection.java:logAndReturn(61)) - omNode1@group-3464CFB7038B-LeaderElection5: Election TIMEOUT; received 0 response(s) [] and 0 exception(s); omNode1@group-3464CFB7038B:t823, leader=null, voted=omNode1, raftlog=omNode1@group-3464CFB7038B-SegmentedRaftLog:OPENED:c-1,f-1,i0, conf=-1: [omNode2:122.0.0.122:9872, omNode1:0.0.0.0:9872], old=null
2020-04-28 14:38:03,463 [omNode1@group-3464CFB7038B-LeaderElection5] INFO  impl.LeaderElection (LeaderElection.java:askForVotes(206)) - omNode1@group-3464CFB7038B-LeaderElection5: begin an election at term 824 for -1: [omNode2:122.0.0.122:9872, omNode1:0.0.0.0:9872], old=null
2020-04-28 14:38:03,578 [omNode1@group-3464CFB7038B-LeaderElection5] INFO  impl.LeaderElection (LeaderElection.java:logAndReturn(61)) - omNode1@group-3464CFB7038B-LeaderElection5: Election TIMEOUT; received 0 response(s) [] and 0 exception(s); omNode1@group-3464CFB7038B:t824, leader=null, voted=omNode1, raftlog=omNode1@group-3464CFB7038B-SegmentedRaftLog:OPENED:c-1,f-1,i0, conf=-1: [omNode2:122.0.0.122:9872, omNode1:0.0.0.0:9872], old=null
2020-04-28 14:38:03,580 [omNode1@group-3464CFB7038B-LeaderElection5] INFO  impl.LeaderElection (LeaderElection.java:askForVotes(206)) - omNode1@group-3464CFB7038B-LeaderElection5: begin an election at term 825 for -1: [omNode2:122.0.0.122:9872, omNode1:0.0.0.0:9872], old=null
2020-04-28 14:38:03,737 [omNode1@group-3464CFB7038B-LeaderElection5] INFO  impl.LeaderElection (LeaderElection.java:logAndReturn(61)) - omNode1@group-3464CFB7038B-LeaderElection5: Election TIMEOUT; received 0 response(s) [] and 0 exception(s); omNode1@group-3464CFB7038B:t825, leader=null, voted=omNode1, raftlog=omNode1@group-3464CFB7038B-SegmentedRaftLog:OPENED:c-1,f-1,i0, conf=-1: [omNode2:122.0.0.122:9872, omNode1:0.0.0.0:9872], old=null
2020-04-28 14:38:03,739 [omNode1@group-3464CFB7038B-LeaderElection5] INFO  impl.LeaderElection (LeaderElection.java:askForVotes(206)) - omNode1@group-3464CFB7038B-LeaderElection5: begin an election at term 826 for -1: [omNode2:122.0.0.122:9872, omNode1:0.0.0.0:9872], old=null
2020-04-28 14:38:03,741 [omNode1@group-3464CFB7038B-LeaderElection5] INFO  impl.LeaderElection (LeaderElection.java:logAndReturn(61)) - omNode1@group-3464CFB7038B-LeaderElection5: Election TIMEOUT; received 0 response(s) [] and 0 exception(s); omNode1@group-3464CFB7038B:t826, leader=null, voted=omNode1, raftlog=omNode1@group-3464CFB7038B-SegmentedRaftLog:OPENED:c-1,f-1,i0, conf=-1: [omNode2:122.0.0.122:9872, omNode1:0.0.0.0:9872], old=null
2020-04-28 14:38:03,742 [omNode1@group-3464CFB7038B-LeaderElection5] INFO  impl.LeaderElection (LeaderElection.java:askForVotes(206)) - omNode1@group-3464CFB7038B-LeaderElection5: begin an election at term 827 for -1: [omNode2:122.0.0.122:9872, omNode1:0.0.0.0:9872], old=null
2020-04-28 14:38:03,788 [main] INFO  ozone.MiniOzoneClusterImpl (MiniOzoneClusterImpl.java:lambda$waitForClusterToBeReady$0(177)) - Nodes are ready. Got 3 of 3 DN Heartbeats.
2020-04-28 14:38:03,788 [main] INFO  ozone.MiniOzoneClusterImpl (MiniOzoneClusterImpl.java:lambda$waitForClusterToBeReady$0(180)) - Waiting for cluster to exit safe mode
2020-04-28 14:38:03,913 [omNode1@group-3464CFB7038B-LeaderElection5] INFO  impl.LeaderElection (LeaderElection.java:logAndReturn(61)) - omNode1@group-3464CFB7038B-LeaderElection5: Election TIMEOUT; received 0 response(s) [] and 0 exception(s); omNode1@group-3464CFB7038B:t827, leader=null, voted=omNode1, raftlog=omNode1@group-3464CFB7038B-SegmentedRaftLog:OPENED:c-1,f-1,i0, conf=-1: [omNode2:122.0.0.122:9872, omNode1:0.0.0.0:9872], old=null
2020-04-28 14:38:03,914 [omNode1@group-3464CFB7038B-LeaderElection5] INFO  impl.LeaderElection (LeaderElection.java:askForVotes(206)) - omNode1@group-3464CFB7038B-LeaderElection5: begin an election at term 828 for -1: [omNode2:122.0.0.122:9872, omNode1:0.0.0.0:9872], old=null
2020-04-28 14:38:03,971 [omNode1@group-3464CFB7038B-LeaderElection5] INFO  impl.LeaderElection (LeaderElection.java:logAndReturn(61)) - omNode1@group-3464CFB7038B-LeaderElection5: Election TIMEOUT; received 0 response(s) [] and 0 exception(s); omNode1@group-3464CFB7038B:t828, leader=null, voted=omNode1, raftlog=omNode1@group-3464CFB7038B-SegmentedRaftLog:OPENED:c-1,f-1,i0, conf=-1: [omNode2:122.0.0.122:9872, omNode1:0.0.0.0:9872], old=null
2020-04-28 14:38:03,972 [omNode1@group-3464CFB7038B-LeaderElection5] INFO  impl.LeaderElection (LeaderElection.java:askForVotes(206)) - omNode1@group-3464CFB7038B-LeaderElection5: begin an election at term 829 for -1: [omNode2:122.0.0.122:9872, omNode1:0.0.0.0:9872], old=null
2020-04-28 14:38:04,090 [omNode1@group-3464CFB7038B-LeaderElection5] INFO  impl.LeaderElection (LeaderElection.java:logAndReturn(61)) - omNode1@group-3464CFB7038B-LeaderElection5: Election TIMEOUT; received 0 response(s) [] and 0 exception(s); omNode1@group-3464CFB7038B:t829, leader=null, voted=omNode1, raftlog=omNode1@group-3464CFB7038B-SegmentedRaftLog:OPENED:c-1,f-1,i0, conf=-1: [omNode2:122.0.0.122:9872, omNode1:0.0.0.0:9872], old=null
2020-04-28 14:38:04,091 [omNode1@group-3464CFB7038B-LeaderElection5] INFO  impl.LeaderElection (LeaderElection.java:askForVotes(206)) - omNode1@group-3464CFB7038B-LeaderElection5: begin an election at term 830 for -1: [omNode2:122.0.0.122:9872, omNode1:0.0.0.0:9872], old=null
2020-04-28 14:38:04,164 [omNode1@group-3464CFB7038B-LeaderElection5] INFO  impl.LeaderElection (LeaderElection.java:logAndReturn(61)) - omNode1@group-3464CFB7038B-LeaderElection5: Election TIMEOUT; received 0 response(s) [] and 0 exception(s); omNode1@group-3464CFB7038B:t830, leader=null, voted=omNode1, raftlog=omNode1@group-3464CFB7038B-SegmentedRaftLog:OPENED:c-1,f-1,i0, conf=-1: [omNode2:122.0.0.122:9872, omNode1:0.0.0.0:9872], old=null
2020-04-28 14:38:04,165 [omNode1@group-3464CFB7038B-LeaderElection5] INFO  impl.LeaderElection (LeaderElection.java:askForVotes(206)) - omNode1@group-3464CFB7038B-LeaderElection5: begin an election at term 831 for -1: [omNode2:122.0.0.122:9872, omNode1:0.0.0.0:9872], old=null
2020-04-28 14:38:04,322 [omNode1@group-3464CFB7038B-LeaderElection5] INFO  impl.LeaderElection (LeaderElection.java:logAndReturn(61)) - omNode1@group-3464CFB7038B-LeaderElection5: Election TIMEOUT; received 0 response(s) [] and 0 exception(s); omNode1@group-3464CFB7038B:t831, leader=null, voted=omNode1, raftlog=omNode1@group-3464CFB7038B-SegmentedRaftLog:OPENED:c-1,f-1,i0, conf=-1: [omNode2:122.0.0.122:9872, omNode1:0.0.0.0:9872], old=null
2020-04-28 14:38:04,323 [omNode1@group-3464CFB7038B-LeaderElection5] INFO  impl.LeaderElection (LeaderElection.java:askForVotes(206)) - omNode1@group-3464CFB7038B-LeaderElection5: begin an election at term 832 for -1: [omNode2:122.0.0.122:9872, omNode1:0.0.0.0:9872], old=null
2020-04-28 14:38:04,495 [omNode1@group-3464CFB7038B-LeaderElection5] INFO  impl.LeaderElection (LeaderElection.java:logAndReturn(61)) - omNode1@group-3464CFB7038B-LeaderElection5: Election TIMEOUT; received 0 response(s) [] and 0 exception(s); omNode1@group-3464CFB7038B:t832, leader=null, voted=omNode1, raftlog=omNode1@group-3464CFB7038B-SegmentedRaftLog:OPENED:c-1,f-1,i0, conf=-1: [omNode2:122.0.0.122:9872, omNode1:0.0.0.0:9872], old=null
2020-04-28 14:38:04,496 [omNode1@group-3464CFB7038B-LeaderElection5] INFO  impl.LeaderElection (LeaderElection.java:askForVotes(206)) - omNode1@group-3464CFB7038B-LeaderElection5: begin an election at term 833 for -1: [omNode2:122.0.0.122:9872, omNode1:0.0.0.0:9872], old=null
2020-04-28 14:38:04,519 [omNode1@group-3464CFB7038B-LeaderElection5] INFO  impl.LeaderElection (LeaderElection.java:logAndReturn(61)) - omNode1@group-3464CFB7038B-LeaderElection5: Election TIMEOUT; received 0 response(s) [] and 0 exception(s); omNode1@group-3464CFB7038B:t833, leader=null, voted=omNode1, raftlog=omNode1@group-3464CFB7038B-SegmentedRaftLog:OPENED:c-1,f-1,i0, conf=-1: [omNode2:122.0.0.122:9872, omNode1:0.0.0.0:9872], old=null
2020-04-28 14:38:04,520 [omNode1@group-3464CFB7038B-LeaderElection5] INFO  impl.LeaderElection (LeaderElection.java:askForVotes(206)) - omNode1@group-3464CFB7038B-LeaderElection5: begin an election at term 834 for -1: [omNode2:122.0.0.122:9872, omNode1:0.0.0.0:9872], old=null
2020-04-28 14:38:04,532 [omNode1@group-3464CFB7038B-LeaderElection5] INFO  impl.LeaderElection (LeaderElection.java:logAndReturn(61)) - omNode1@group-3464CFB7038B-LeaderElection5: Election TIMEOUT; received 0 response(s) [] and 0 exception(s); omNode1@group-3464CFB7038B:t834, leader=null, voted=omNode1, raftlog=omNode1@group-3464CFB7038B-SegmentedRaftLog:OPENED:c-1,f-1,i0, conf=-1: [omNode2:122.0.0.122:9872, omNode1:0.0.0.0:9872], old=null
2020-04-28 14:38:04,534 [omNode1@group-3464CFB7038B-LeaderElection5] INFO  impl.LeaderElection (LeaderElection.java:askForVotes(206)) - omNode1@group-3464CFB7038B-LeaderElection5: begin an election at term 835 for -1: [omNode2:122.0.0.122:9872, omNode1:0.0.0.0:9872], old=null
2020-04-28 14:38:04,664 [omNode1@group-3464CFB7038B-LeaderElection5] INFO  impl.LeaderElection (LeaderElection.java:logAndReturn(61)) - omNode1@group-3464CFB7038B-LeaderElection5: Election TIMEOUT; received 0 response(s) [] and 0 exception(s); omNode1@group-3464CFB7038B:t835, leader=null, voted=omNode1, raftlog=omNode1@group-3464CFB7038B-SegmentedRaftLog:OPENED:c-1,f-1,i0, conf=-1: [omNode2:122.0.0.122:9872, omNode1:0.0.0.0:9872], old=null
2020-04-28 14:38:04,666 [omNode1@group-3464CFB7038B-LeaderElection5] INFO  impl.LeaderElection (LeaderElection.java:askForVotes(206)) - omNode1@group-3464CFB7038B-LeaderElection5: begin an election at term 836 for -1: [omNode2:122.0.0.122:9872, omNode1:0.0.0.0:9872], old=null
2020-04-28 14:38:04,762 [omNode1@group-3464CFB7038B-LeaderElection5] INFO  impl.LeaderElection (LeaderElection.java:logAndReturn(61)) - omNode1@group-3464CFB7038B-LeaderElection5: Election TIMEOUT; received 0 response(s) [] and 0 exception(s); omNode1@group-3464CFB7038B:t836, leader=null, voted=omNode1, raftlog=omNode1@group-3464CFB7038B-SegmentedRaftLog:OPENED:c-1,f-1,i0, conf=-1: [omNode2:122.0.0.122:9872, omNode1:0.0.0.0:9872], old=null
2020-04-28 14:38:04,764 [omNode1@group-3464CFB7038B-LeaderElection5] INFO  impl.LeaderElection (LeaderElection.java:askForVotes(206)) - omNode1@group-3464CFB7038B-LeaderElection5: begin an election at term 837 for -1: [omNode2:122.0.0.122:9872, omNode1:0.0.0.0:9872], old=null
2020-04-28 14:38:04,786 [omNode1@group-3464CFB7038B-LeaderElection5] INFO  impl.LeaderElection (LeaderElection.java:logAndReturn(61)) - omNode1@group-3464CFB7038B-LeaderElection5: Election TIMEOUT; received 0 response(s) [] and 0 exception(s); omNode1@group-3464CFB7038B:t837, leader=null, voted=omNode1, raftlog=omNode1@group-3464CFB7038B-SegmentedRaftLog:OPENED:c-1,f-1,i0, conf=-1: [omNode2:122.0.0.122:9872, omNode1:0.0.0.0:9872], old=null
2020-04-28 14:38:04,787 [omNode1@group-3464CFB7038B-LeaderElection5] INFO  impl.LeaderElection (LeaderElection.java:askForVotes(206)) - omNode1@group-3464CFB7038B-LeaderElection5: begin an election at term 838 for -1: [omNode2:122.0.0.122:9872, omNode1:0.0.0.0:9872], old=null
2020-04-28 14:38:04,788 [main] INFO  ozone.MiniOzoneClusterImpl (MiniOzoneClusterImpl.java:lambda$waitForClusterToBeReady$0(177)) - Nodes are ready. Got 3 of 3 DN Heartbeats.
2020-04-28 14:38:04,789 [main] INFO  ozone.MiniOzoneClusterImpl (MiniOzoneClusterImpl.java:lambda$waitForClusterToBeReady$0(180)) - Waiting for cluster to exit safe mode
2020-04-28 14:38:04,953 [omNode1@group-3464CFB7038B-LeaderElection5] INFO  impl.LeaderElection (LeaderElection.java:logAndReturn(61)) - omNode1@group-3464CFB7038B-LeaderElection5: Election TIMEOUT; received 0 response(s) [] and 0 exception(s); omNode1@group-3464CFB7038B:t838, leader=null, voted=omNode1, raftlog=omNode1@group-3464CFB7038B-SegmentedRaftLog:OPENED:c-1,f-1,i0, conf=-1: [omNode2:122.0.0.122:9872, omNode1:0.0.0.0:9872], old=null
2020-04-28 14:38:04,954 [omNode1@group-3464CFB7038B-LeaderElection5] INFO  impl.LeaderElection (LeaderElection.java:askForVotes(206)) - omNode1@group-3464CFB7038B-LeaderElection5: begin an election at term 839 for -1: [omNode2:122.0.0.122:9872, omNode1:0.0.0.0:9872], old=null
2020-04-28 14:38:05,133 [omNode1@group-3464CFB7038B-LeaderElection5] INFO  impl.LeaderElection (LeaderElection.java:logAndReturn(61)) - omNode1@group-3464CFB7038B-LeaderElection5: Election TIMEOUT; received 0 response(s) [] and 0 exception(s); omNode1@group-3464CFB7038B:t839, leader=null, voted=omNode1, raftlog=omNode1@group-3464CFB7038B-SegmentedRaftLog:OPENED:c-1,f-1,i0, conf=-1: [omNode2:122.0.0.122:9872, omNode1:0.0.0.0:9872], old=null
2020-04-28 14:38:05,135 [omNode1@group-3464CFB7038B-LeaderElection5] INFO  impl.LeaderElection (LeaderElection.java:askForVotes(206)) - omNode1@group-3464CFB7038B-LeaderElection5: begin an election at term 840 for -1: [omNode2:122.0.0.122:9872, omNode1:0.0.0.0:9872], old=null
2020-04-28 14:38:05,144 [omNode1@group-3464CFB7038B-LeaderElection5] INFO  impl.LeaderElection (LeaderElection.java:logAndReturn(61)) - omNode1@group-3464CFB7038B-LeaderElection5: Election TIMEOUT; received 0 response(s) [] and 0 exception(s); omNode1@group-3464CFB7038B:t840, leader=null, voted=omNode1, raftlog=omNode1@group-3464CFB7038B-SegmentedRaftLog:OPENED:c-1,f-1,i0, conf=-1: [omNode2:122.0.0.122:9872, omNode1:0.0.0.0:9872], old=null
2020-04-28 14:38:05,145 [omNode1@group-3464CFB7038B-LeaderElection5] INFO  impl.LeaderElection (LeaderElection.java:askForVotes(206)) - omNode1@group-3464CFB7038B-LeaderElection5: begin an election at term 841 for -1: [omNode2:122.0.0.122:9872, omNode1:0.0.0.0:9872], old=null
2020-04-28 14:38:05,145 [omNode1@group-3464CFB7038B-LeaderElection5] INFO  impl.LeaderElection (LeaderElection.java:logAndReturn(61)) - omNode1@group-3464CFB7038B-LeaderElection5: Election TIMEOUT; received 0 response(s) [] and 0 exception(s); omNode1@group-3464CFB7038B:t841, leader=null, voted=omNode1, raftlog=omNode1@group-3464CFB7038B-SegmentedRaftLog:OPENED:c-1,f-1,i0, conf=-1: [omNode2:122.0.0.122:9872, omNode1:0.0.0.0:9872], old=null
2020-04-28 14:38:05,146 [omNode1@group-3464CFB7038B-LeaderElection5] INFO  impl.LeaderElection (LeaderElection.java:askForVotes(206)) - omNode1@group-3464CFB7038B-LeaderElection5: begin an election at term 842 for -1: [omNode2:122.0.0.122:9872, omNode1:0.0.0.0:9872], old=null
2020-04-28 14:38:05,201 [omNode1@group-3464CFB7038B-LeaderElection5] INFO  impl.LeaderElection (LeaderElection.java:logAndReturn(61)) - omNode1@group-3464CFB7038B-LeaderElection5: Election TIMEOUT; received 0 response(s) [] and 0 exception(s); omNode1@group-3464CFB7038B:t842, leader=null, voted=omNode1, raftlog=omNode1@group-3464CFB7038B-SegmentedRaftLog:OPENED:c-1,f-1,i0, conf=-1: [omNode2:122.0.0.122:9872, omNode1:0.0.0.0:9872], old=null
2020-04-28 14:38:05,202 [omNode1@group-3464CFB7038B-LeaderElection5] INFO  impl.LeaderElection (LeaderElection.java:askForVotes(206)) - omNode1@group-3464CFB7038B-LeaderElection5: begin an election at term 843 for -1: [omNode2:122.0.0.122:9872, omNode1:0.0.0.0:9872], old=null
2020-04-28 14:38:05,255 [omNode1@group-3464CFB7038B-LeaderElection5] INFO  impl.LeaderElection (LeaderElection.java:logAndReturn(61)) - omNode1@group-3464CFB7038B-LeaderElection5: Election TIMEOUT; received 0 response(s) [] and 0 exception(s); omNode1@group-3464CFB7038B:t843, leader=null, voted=omNode1, raftlog=omNode1@group-3464CFB7038B-SegmentedRaftLog:OPENED:c-1,f-1,i0, conf=-1: [omNode2:122.0.0.122:9872, omNode1:0.0.0.0:9872], old=null
2020-04-28 14:38:05,256 [omNode1@group-3464CFB7038B-LeaderElection5] INFO  impl.LeaderElection (LeaderElection.java:askForVotes(206)) - omNode1@group-3464CFB7038B-LeaderElection5: begin an election at term 844 for -1: [omNode2:122.0.0.122:9872, omNode1:0.0.0.0:9872], old=null
2020-04-28 14:38:05,395 [omNode1@group-3464CFB7038B-LeaderElection5] INFO  impl.LeaderElection (LeaderElection.java:logAndReturn(61)) - omNode1@group-3464CFB7038B-LeaderElection5: Election TIMEOUT; received 0 response(s) [] and 0 exception(s); omNode1@group-3464CFB7038B:t844, leader=null, voted=omNode1, raftlog=omNode1@group-3464CFB7038B-SegmentedRaftLog:OPENED:c-1,f-1,i0, conf=-1: [omNode2:122.0.0.122:9872, omNode1:0.0.0.0:9872], old=null
2020-04-28 14:38:05,396 [omNode1@group-3464CFB7038B-LeaderElection5] INFO  impl.LeaderElection (LeaderElection.java:askForVotes(206)) - omNode1@group-3464CFB7038B-LeaderElection5: begin an election at term 845 for -1: [omNode2:122.0.0.122:9872, omNode1:0.0.0.0:9872], old=null
2020-04-28 14:38:05,546 [omNode1@group-3464CFB7038B-LeaderElection5] INFO  impl.LeaderElection (LeaderElection.java:logAndReturn(61)) - omNode1@group-3464CFB7038B-LeaderElection5: Election TIMEOUT; received 0 response(s) [] and 0 exception(s); omNode1@group-3464CFB7038B:t845, leader=null, voted=omNode1, raftlog=omNode1@group-3464CFB7038B-SegmentedRaftLog:OPENED:c-1,f-1,i0, conf=-1: [omNode2:122.0.0.122:9872, omNode1:0.0.0.0:9872], old=null
2020-04-28 14:38:05,548 [omNode1@group-3464CFB7038B-LeaderElection5] INFO  impl.LeaderElection (LeaderElection.java:askForVotes(206)) - omNode1@group-3464CFB7038B-LeaderElection5: begin an election at term 846 for -1: [omNode2:122.0.0.122:9872, omNode1:0.0.0.0:9872], old=null
2020-04-28 14:38:05,626 [omNode1@group-3464CFB7038B-LeaderElection5] INFO  impl.LeaderElection (LeaderElection.java:logAndReturn(61)) - omNode1@group-3464CFB7038B-LeaderElection5: Election TIMEOUT; received 0 response(s) [] and 0 exception(s); omNode1@group-3464CFB7038B:t846, leader=null, voted=omNode1, raftlog=omNode1@group-3464CFB7038B-SegmentedRaftLog:OPENED:c-1,f-1,i0, conf=-1: [omNode2:122.0.0.122:9872, omNode1:0.0.0.0:9872], old=null
2020-04-28 14:38:05,628 [omNode1@group-3464CFB7038B-LeaderElection5] INFO  impl.LeaderElection (LeaderElection.java:askForVotes(206)) - omNode1@group-3464CFB7038B-LeaderElection5: begin an election at term 847 for -1: [omNode2:122.0.0.122:9872, omNode1:0.0.0.0:9872], old=null
2020-04-28 14:38:05,747 [omNode1@group-3464CFB7038B-LeaderElection5] INFO  impl.LeaderElection (LeaderElection.java:logAndReturn(61)) - omNode1@group-3464CFB7038B-LeaderElection5: Election TIMEOUT; received 0 response(s) [] and 0 exception(s); omNode1@group-3464CFB7038B:t847, leader=null, voted=omNode1, raftlog=omNode1@group-3464CFB7038B-SegmentedRaftLog:OPENED:c-1,f-1,i0, conf=-1: [omNode2:122.0.0.122:9872, omNode1:0.0.0.0:9872], old=null
2020-04-28 14:38:05,749 [omNode1@group-3464CFB7038B-LeaderElection5] INFO  impl.LeaderElection (LeaderElection.java:askForVotes(206)) - omNode1@group-3464CFB7038B-LeaderElection5: begin an election at term 848 for -1: [omNode2:122.0.0.122:9872, omNode1:0.0.0.0:9872], old=null
2020-04-28 14:38:05,789 [main] INFO  ozone.MiniOzoneClusterImpl (MiniOzoneClusterImpl.java:lambda$waitForClusterToBeReady$0(177)) - Nodes are ready. Got 3 of 3 DN Heartbeats.
2020-04-28 14:38:05,789 [main] INFO  ozone.MiniOzoneClusterImpl (MiniOzoneClusterImpl.java:lambda$waitForClusterToBeReady$0(180)) - Waiting for cluster to exit safe mode
2020-04-28 14:38:05,797 [omNode1@group-3464CFB7038B-LeaderElection5] INFO  impl.LeaderElection (LeaderElection.java:logAndReturn(61)) - omNode1@group-3464CFB7038B-LeaderElection5: Election TIMEOUT; received 0 response(s) [] and 0 exception(s); omNode1@group-3464CFB7038B:t848, leader=null, voted=omNode1, raftlog=omNode1@group-3464CFB7038B-SegmentedRaftLog:OPENED:c-1,f-1,i0, conf=-1: [omNode2:122.0.0.122:9872, omNode1:0.0.0.0:9872], old=null
2020-04-28 14:38:05,798 [omNode1@group-3464CFB7038B-LeaderElection5] INFO  impl.LeaderElection (LeaderElection.java:askForVotes(206)) - omNode1@group-3464CFB7038B-LeaderElection5: begin an election at term 849 for -1: [omNode2:122.0.0.122:9872, omNode1:0.0.0.0:9872], old=null
2020-04-28 14:38:05,853 [omNode1@group-3464CFB7038B-LeaderElection5] INFO  impl.LeaderElection (LeaderElection.java:logAndReturn(61)) - omNode1@group-3464CFB7038B-LeaderElection5: Election TIMEOUT; received 0 response(s) [] and 0 exception(s); omNode1@group-3464CFB7038B:t849, leader=null, voted=omNode1, raftlog=omNode1@group-3464CFB7038B-SegmentedRaftLog:OPENED:c-1,f-1,i0, conf=-1: [omNode2:122.0.0.122:9872, omNode1:0.0.0.0:9872], old=null
2020-04-28 14:38:05,854 [omNode1@group-3464CFB7038B-LeaderElection5] INFO  impl.LeaderElection (LeaderElection.java:askForVotes(206)) - omNode1@group-3464CFB7038B-LeaderElection5: begin an election at term 850 for -1: [omNode2:122.0.0.122:9872, omNode1:0.0.0.0:9872], old=null
2020-04-28 14:38:05,929 [omNode1@group-3464CFB7038B-LeaderElection5] INFO  impl.LeaderElection (LeaderElection.java:logAndReturn(61)) - omNode1@group-3464CFB7038B-LeaderElection5: Election TIMEOUT; received 0 response(s) [] and 0 exception(s); omNode1@group-3464CFB7038B:t850, leader=null, voted=omNode1, raftlog=omNode1@group-3464CFB7038B-SegmentedRaftLog:OPENED:c-1,f-1,i0, conf=-1: [omNode2:122.0.0.122:9872, omNode1:0.0.0.0:9872], old=null
2020-04-28 14:38:05,931 [omNode1@group-3464CFB7038B-LeaderElection5] INFO  impl.LeaderElection (LeaderElection.java:askForVotes(206)) - omNode1@group-3464CFB7038B-LeaderElection5: begin an election at term 851 for -1: [omNode2:122.0.0.122:9872, omNode1:0.0.0.0:9872], old=null
2020-04-28 14:38:05,947 [omNode1@group-3464CFB7038B-LeaderElection5] INFO  impl.LeaderElection (LeaderElection.java:logAndReturn(61)) - omNode1@group-3464CFB7038B-LeaderElection5: Election TIMEOUT; received 0 response(s) [] and 0 exception(s); omNode1@group-3464CFB7038B:t851, leader=null, voted=omNode1, raftlog=omNode1@group-3464CFB7038B-SegmentedRaftLog:OPENED:c-1,f-1,i0, conf=-1: [omNode2:122.0.0.122:9872, omNode1:0.0.0.0:9872], old=null
2020-04-28 14:38:05,948 [omNode1@group-3464CFB7038B-LeaderElection5] INFO  impl.LeaderElection (LeaderElection.java:askForVotes(206)) - omNode1@group-3464CFB7038B-LeaderElection5: begin an election at term 852 for -1: [omNode2:122.0.0.122:9872, omNode1:0.0.0.0:9872], old=null
2020-04-28 14:38:06,032 [omNode1@group-3464CFB7038B-LeaderElection5] INFO  impl.LeaderElection (LeaderElection.java:logAndReturn(61)) - omNode1@group-3464CFB7038B-LeaderElection5: Election TIMEOUT; received 0 response(s) [] and 0 exception(s); omNode1@group-3464CFB7038B:t852, leader=null, voted=omNode1, raftlog=omNode1@group-3464CFB7038B-SegmentedRaftLog:OPENED:c-1,f-1,i0, conf=-1: [omNode2:122.0.0.122:9872, omNode1:0.0.0.0:9872], old=null
2020-04-28 14:38:06,033 [omNode1@group-3464CFB7038B-LeaderElection5] INFO  impl.LeaderElection (LeaderElection.java:askForVotes(206)) - omNode1@group-3464CFB7038B-LeaderElection5: begin an election at term 853 for -1: [omNode2:122.0.0.122:9872, omNode1:0.0.0.0:9872], old=null
2020-04-28 14:38:06,181 [omNode1@group-3464CFB7038B-LeaderElection5] INFO  impl.LeaderElection (LeaderElection.java:logAndReturn(61)) - omNode1@group-3464CFB7038B-LeaderElection5: Election TIMEOUT; received 0 response(s) [] and 0 exception(s); omNode1@group-3464CFB7038B:t853, leader=null, voted=omNode1, raftlog=omNode1@group-3464CFB7038B-SegmentedRaftLog:OPENED:c-1,f-1,i0, conf=-1: [omNode2:122.0.0.122:9872, omNode1:0.0.0.0:9872], old=null
2020-04-28 14:38:06,182 [omNode1@group-3464CFB7038B-LeaderElection5] INFO  impl.LeaderElection (LeaderElection.java:askForVotes(206)) - omNode1@group-3464CFB7038B-LeaderElection5: begin an election at term 854 for -1: [omNode2:122.0.0.122:9872, omNode1:0.0.0.0:9872], old=null
2020-04-28 14:38:06,364 [omNode1@group-3464CFB7038B-LeaderElection5] INFO  impl.LeaderElection (LeaderElection.java:logAndReturn(61)) - omNode1@group-3464CFB7038B-LeaderElection5: Election TIMEOUT; received 0 response(s) [] and 0 exception(s); omNode1@group-3464CFB7038B:t854, leader=null, voted=omNode1, raftlog=omNode1@group-3464CFB7038B-SegmentedRaftLog:OPENED:c-1,f-1,i0, conf=-1: [omNode2:122.0.0.122:9872, omNode1:0.0.0.0:9872], old=null
2020-04-28 14:38:06,365 [omNode1@group-3464CFB7038B-LeaderElection5] INFO  impl.LeaderElection (LeaderElection.java:askForVotes(206)) - omNode1@group-3464CFB7038B-LeaderElection5: begin an election at term 855 for -1: [omNode2:122.0.0.122:9872, omNode1:0.0.0.0:9872], old=null
2020-04-28 14:38:06,379 [omNode1@group-3464CFB7038B-LeaderElection5] INFO  impl.LeaderElection (LeaderElection.java:logAndReturn(61)) - omNode1@group-3464CFB7038B-LeaderElection5: Election TIMEOUT; received 0 response(s) [] and 0 exception(s); omNode1@group-3464CFB7038B:t855, leader=null, voted=omNode1, raftlog=omNode1@group-3464CFB7038B-SegmentedRaftLog:OPENED:c-1,f-1,i0, conf=-1: [omNode2:122.0.0.122:9872, omNode1:0.0.0.0:9872], old=null
2020-04-28 14:38:06,380 [omNode1@group-3464CFB7038B-LeaderElection5] INFO  impl.LeaderElection (LeaderElection.java:askForVotes(206)) - omNode1@group-3464CFB7038B-LeaderElection5: begin an election at term 856 for -1: [omNode2:122.0.0.122:9872, omNode1:0.0.0.0:9872], old=null
2020-04-28 14:38:06,417 [omNode1@group-3464CFB7038B-LeaderElection5] INFO  impl.LeaderElection (LeaderElection.java:logAndReturn(61)) - omNode1@group-3464CFB7038B-LeaderElection5: Election TIMEOUT; received 0 response(s) [] and 0 exception(s); omNode1@group-3464CFB7038B:t856, leader=null, voted=omNode1, raftlog=omNode1@group-3464CFB7038B-SegmentedRaftLog:OPENED:c-1,f-1,i0, conf=-1: [omNode2:122.0.0.122:9872, omNode1:0.0.0.0:9872], old=null
2020-04-28 14:38:06,419 [omNode1@group-3464CFB7038B-LeaderElection5] INFO  impl.LeaderElection (LeaderElection.java:askForVotes(206)) - omNode1@group-3464CFB7038B-LeaderElection5: begin an election at term 857 for -1: [omNode2:122.0.0.122:9872, omNode1:0.0.0.0:9872], old=null
2020-04-28 14:38:06,501 [omNode1@group-3464CFB7038B-LeaderElection5] INFO  impl.LeaderElection (LeaderElection.java:logAndReturn(61)) - omNode1@group-3464CFB7038B-LeaderElection5: Election TIMEOUT; received 0 response(s) [] and 0 exception(s); omNode1@group-3464CFB7038B:t857, leader=null, voted=omNode1, raftlog=omNode1@group-3464CFB7038B-SegmentedRaftLog:OPENED:c-1,f-1,i0, conf=-1: [omNode2:122.0.0.122:9872, omNode1:0.0.0.0:9872], old=null
2020-04-28 14:38:06,504 [omNode1@group-3464CFB7038B-LeaderElection5] INFO  impl.LeaderElection (LeaderElection.java:askForVotes(206)) - omNode1@group-3464CFB7038B-LeaderElection5: begin an election at term 858 for -1: [omNode2:122.0.0.122:9872, omNode1:0.0.0.0:9872], old=null
2020-04-28 14:38:06,666 [omNode1@group-3464CFB7038B-LeaderElection5] INFO  impl.LeaderElection (LeaderElection.java:logAndReturn(61)) - omNode1@group-3464CFB7038B-LeaderElection5: Election TIMEOUT; received 0 response(s) [] and 0 exception(s); omNode1@group-3464CFB7038B:t858, leader=null, voted=omNode1, raftlog=omNode1@group-3464CFB7038B-SegmentedRaftLog:OPENED:c-1,f-1,i0, conf=-1: [omNode2:122.0.0.122:9872, omNode1:0.0.0.0:9872], old=null
2020-04-28 14:38:06,671 [omNode1@group-3464CFB7038B-LeaderElection5] INFO  impl.LeaderElection (LeaderElection.java:askForVotes(206)) - omNode1@group-3464CFB7038B-LeaderElection5: begin an election at term 859 for -1: [omNode2:122.0.0.122:9872, omNode1:0.0.0.0:9872], old=null
2020-04-28 14:38:06,789 [main] INFO  ozone.MiniOzoneClusterImpl (MiniOzoneClusterImpl.java:lambda$waitForClusterToBeReady$0(177)) - Nodes are ready. Got 3 of 3 DN Heartbeats.
2020-04-28 14:38:06,790 [main] INFO  ozone.MiniOzoneClusterImpl (MiniOzoneClusterImpl.java:lambda$waitForClusterToBeReady$0(180)) - Waiting for cluster to exit safe mode
2020-04-28 14:38:06,830 [omNode1@group-3464CFB7038B-LeaderElection5] INFO  impl.LeaderElection (LeaderElection.java:logAndReturn(61)) - omNode1@group-3464CFB7038B-LeaderElection5: Election TIMEOUT; received 0 response(s) [] and 0 exception(s); omNode1@group-3464CFB7038B:t859, leader=null, voted=omNode1, raftlog=omNode1@group-3464CFB7038B-SegmentedRaftLog:OPENED:c-1,f-1,i0, conf=-1: [omNode2:122.0.0.122:9872, omNode1:0.0.0.0:9872], old=null
2020-04-28 14:38:06,831 [omNode1@group-3464CFB7038B-LeaderElection5] INFO  impl.LeaderElection (LeaderElection.java:askForVotes(206)) - omNode1@group-3464CFB7038B-LeaderElection5: begin an election at term 860 for -1: [omNode2:122.0.0.122:9872, omNode1:0.0.0.0:9872], old=null
2020-04-28 14:38:06,853 [omNode1@group-3464CFB7038B-LeaderElection5] INFO  impl.LeaderElection (LeaderElection.java:logAndReturn(61)) - omNode1@group-3464CFB7038B-LeaderElection5: Election TIMEOUT; received 0 response(s) [] and 0 exception(s); omNode1@group-3464CFB7038B:t860, leader=null, voted=omNode1, raftlog=omNode1@group-3464CFB7038B-SegmentedRaftLog:OPENED:c-1,f-1,i0, conf=-1: [omNode2:122.0.0.122:9872, omNode1:0.0.0.0:9872], old=null
2020-04-28 14:38:06,854 [omNode1@group-3464CFB7038B-LeaderElection5] INFO  impl.LeaderElection (LeaderElection.java:askForVotes(206)) - omNode1@group-3464CFB7038B-LeaderElection5: begin an election at term 861 for -1: [omNode2:122.0.0.122:9872, omNode1:0.0.0.0:9872], old=null
2020-04-28 14:38:06,970 [omNode1@group-3464CFB7038B-LeaderElection5] INFO  impl.LeaderElection (LeaderElection.java:logAndReturn(61)) - omNode1@group-3464CFB7038B-LeaderElection5: Election TIMEOUT; received 0 response(s) [] and 0 exception(s); omNode1@group-3464CFB7038B:t861, leader=null, voted=omNode1, raftlog=omNode1@group-3464CFB7038B-SegmentedRaftLog:OPENED:c-1,f-1,i0, conf=-1: [omNode2:122.0.0.122:9872, omNode1:0.0.0.0:9872], old=null
2020-04-28 14:38:06,971 [omNode1@group-3464CFB7038B-LeaderElection5] INFO  impl.LeaderElection (LeaderElection.java:askForVotes(206)) - omNode1@group-3464CFB7038B-LeaderElection5: begin an election at term 862 for -1: [omNode2:122.0.0.122:9872, omNode1:0.0.0.0:9872], old=null
2020-04-28 14:38:07,066 [omNode1@group-3464CFB7038B-LeaderElection5] INFO  impl.LeaderElection (LeaderElection.java:logAndReturn(61)) - omNode1@group-3464CFB7038B-LeaderElection5: Election TIMEOUT; received 0 response(s) [] and 0 exception(s); omNode1@group-3464CFB7038B:t862, leader=null, voted=omNode1, raftlog=omNode1@group-3464CFB7038B-SegmentedRaftLog:OPENED:c-1,f-1,i0, conf=-1: [omNode2:122.0.0.122:9872, omNode1:0.0.0.0:9872], old=null
2020-04-28 14:38:07,067 [omNode1@group-3464CFB7038B-LeaderElection5] INFO  impl.LeaderElection (LeaderElection.java:askForVotes(206)) - omNode1@group-3464CFB7038B-LeaderElection5: begin an election at term 863 for -1: [omNode2:122.0.0.122:9872, omNode1:0.0.0.0:9872], old=null
2020-04-28 14:38:07,099 [omNode1@group-3464CFB7038B-LeaderElection5] INFO  impl.LeaderElection (LeaderElection.java:logAndReturn(61)) - omNode1@group-3464CFB7038B-LeaderElection5: Election TIMEOUT; received 0 response(s) [] and 0 exception(s); omNode1@group-3464CFB7038B:t863, leader=null, voted=omNode1, raftlog=omNode1@group-3464CFB7038B-SegmentedRaftLog:OPENED:c-1,f-1,i0, conf=-1: [omNode2:122.0.0.122:9872, omNode1:0.0.0.0:9872], old=null
2020-04-28 14:38:07,100 [omNode1@group-3464CFB7038B-LeaderElection5] INFO  impl.LeaderElection (LeaderElection.java:askForVotes(206)) - omNode1@group-3464CFB7038B-LeaderElection5: begin an election at term 864 for -1: [omNode2:122.0.0.122:9872, omNode1:0.0.0.0:9872], old=null
2020-04-28 14:38:07,269 [omNode1@group-3464CFB7038B-LeaderElection5] INFO  impl.LeaderElection (LeaderElection.java:logAndReturn(61)) - omNode1@group-3464CFB7038B-LeaderElection5: Election TIMEOUT; received 0 response(s) [] and 0 exception(s); omNode1@group-3464CFB7038B:t864, leader=null, voted=omNode1, raftlog=omNode1@group-3464CFB7038B-SegmentedRaftLog:OPENED:c-1,f-1,i0, conf=-1: [omNode2:122.0.0.122:9872, omNode1:0.0.0.0:9872], old=null
2020-04-28 14:38:07,270 [omNode1@group-3464CFB7038B-LeaderElection5] INFO  impl.LeaderElection (LeaderElection.java:askForVotes(206)) - omNode1@group-3464CFB7038B-LeaderElection5: begin an election at term 865 for -1: [omNode2:122.0.0.122:9872, omNode1:0.0.0.0:9872], old=null
2020-04-28 14:38:07,360 [omNode1@group-3464CFB7038B-LeaderElection5] INFO  impl.LeaderElection (LeaderElection.java:logAndReturn(61)) - omNode1@group-3464CFB7038B-LeaderElection5: Election TIMEOUT; received 0 response(s) [] and 0 exception(s); omNode1@group-3464CFB7038B:t865, leader=null, voted=omNode1, raftlog=omNode1@group-3464CFB7038B-SegmentedRaftLog:OPENED:c-1,f-1,i0, conf=-1: [omNode2:122.0.0.122:9872, omNode1:0.0.0.0:9872], old=null
2020-04-28 14:38:07,361 [omNode1@group-3464CFB7038B-LeaderElection5] INFO  impl.LeaderElection (LeaderElection.java:askForVotes(206)) - omNode1@group-3464CFB7038B-LeaderElection5: begin an election at term 866 for -1: [omNode2:122.0.0.122:9872, omNode1:0.0.0.0:9872], old=null
2020-04-28 14:38:07,551 [omNode1@group-3464CFB7038B-LeaderElection5] INFO  impl.LeaderElection (LeaderElection.java:logAndReturn(61)) - omNode1@group-3464CFB7038B-LeaderElection5: Election TIMEOUT; received 0 response(s) [] and 0 exception(s); omNode1@group-3464CFB7038B:t866, leader=null, voted=omNode1, raftlog=omNode1@group-3464CFB7038B-SegmentedRaftLog:OPENED:c-1,f-1,i0, conf=-1: [omNode2:122.0.0.122:9872, omNode1:0.0.0.0:9872], old=null
2020-04-28 14:38:07,553 [omNode1@group-3464CFB7038B-LeaderElection5] INFO  impl.LeaderElection (LeaderElection.java:askForVotes(206)) - omNode1@group-3464CFB7038B-LeaderElection5: begin an election at term 867 for -1: [omNode2:122.0.0.122:9872, omNode1:0.0.0.0:9872], old=null
2020-04-28 14:38:07,650 [omNode1@group-3464CFB7038B-LeaderElection5] INFO  impl.LeaderElection (LeaderElection.java:logAndReturn(61)) - omNode1@group-3464CFB7038B-LeaderElection5: Election TIMEOUT; received 0 response(s) [] and 0 exception(s); omNode1@group-3464CFB7038B:t867, leader=null, voted=omNode1, raftlog=omNode1@group-3464CFB7038B-SegmentedRaftLog:OPENED:c-1,f-1,i0, conf=-1: [omNode2:122.0.0.122:9872, omNode1:0.0.0.0:9872], old=null
2020-04-28 14:38:07,652 [omNode1@group-3464CFB7038B-LeaderElection5] INFO  impl.LeaderElection (LeaderElection.java:askForVotes(206)) - omNode1@group-3464CFB7038B-LeaderElection5: begin an election at term 868 for -1: [omNode2:122.0.0.122:9872, omNode1:0.0.0.0:9872], old=null
2020-04-28 14:38:07,720 [omNode1@group-3464CFB7038B-LeaderElection5] INFO  impl.LeaderElection (LeaderElection.java:logAndReturn(61)) - omNode1@group-3464CFB7038B-LeaderElection5: Election TIMEOUT; received 0 response(s) [] and 0 exception(s); omNode1@group-3464CFB7038B:t868, leader=null, voted=omNode1, raftlog=omNode1@group-3464CFB7038B-SegmentedRaftLog:OPENED:c-1,f-1,i0, conf=-1: [omNode2:122.0.0.122:9872, omNode1:0.0.0.0:9872], old=null
2020-04-28 14:38:07,722 [omNode1@group-3464CFB7038B-LeaderElection5] INFO  impl.LeaderElection (LeaderElection.java:askForVotes(206)) - omNode1@group-3464CFB7038B-LeaderElection5: begin an election at term 869 for -1: [omNode2:122.0.0.122:9872, omNode1:0.0.0.0:9872], old=null
2020-04-28 14:38:07,790 [main] INFO  ozone.MiniOzoneClusterImpl (MiniOzoneClusterImpl.java:lambda$waitForClusterToBeReady$0(177)) - Nodes are ready. Got 3 of 3 DN Heartbeats.
2020-04-28 14:38:07,790 [main] INFO  ozone.MiniOzoneClusterImpl (MiniOzoneClusterImpl.java:lambda$waitForClusterToBeReady$0(180)) - Waiting for cluster to exit safe mode
2020-04-28 14:38:07,802 [omNode1@group-3464CFB7038B-LeaderElection5] INFO  impl.LeaderElection (LeaderElection.java:logAndReturn(61)) - omNode1@group-3464CFB7038B-LeaderElection5: Election TIMEOUT; received 0 response(s) [] and 0 exception(s); omNode1@group-3464CFB7038B:t869, leader=null, voted=omNode1, raftlog=omNode1@group-3464CFB7038B-SegmentedRaftLog:OPENED:c-1,f-1,i0, conf=-1: [omNode2:122.0.0.122:9872, omNode1:0.0.0.0:9872], old=null
2020-04-28 14:38:07,803 [omNode1@group-3464CFB7038B-LeaderElection5] INFO  impl.LeaderElection (LeaderElection.java:askForVotes(206)) - omNode1@group-3464CFB7038B-LeaderElection5: begin an election at term 870 for -1: [omNode2:122.0.0.122:9872, omNode1:0.0.0.0:9872], old=null
2020-04-28 14:38:07,982 [omNode1@group-3464CFB7038B-LeaderElection5] INFO  impl.LeaderElection (LeaderElection.java:logAndReturn(61)) - omNode1@group-3464CFB7038B-LeaderElection5: Election TIMEOUT; received 0 response(s) [] and 0 exception(s); omNode1@group-3464CFB7038B:t870, leader=null, voted=omNode1, raftlog=omNode1@group-3464CFB7038B-SegmentedRaftLog:OPENED:c-1,f-1,i0, conf=-1: [omNode2:122.0.0.122:9872, omNode1:0.0.0.0:9872], old=null
2020-04-28 14:38:07,983 [omNode1@group-3464CFB7038B-LeaderElection5] INFO  impl.LeaderElection (LeaderElection.java:askForVotes(206)) - omNode1@group-3464CFB7038B-LeaderElection5: begin an election at term 871 for -1: [omNode2:122.0.0.122:9872, omNode1:0.0.0.0:9872], old=null
2020-04-28 14:38:08,035 [omNode1@group-3464CFB7038B-LeaderElection5] INFO  impl.LeaderElection (LeaderElection.java:logAndReturn(61)) - omNode1@group-3464CFB7038B-LeaderElection5: Election TIMEOUT; received 0 response(s) [] and 0 exception(s); omNode1@group-3464CFB7038B:t871, leader=null, voted=omNode1, raftlog=omNode1@group-3464CFB7038B-SegmentedRaftLog:OPENED:c-1,f-1,i0, conf=-1: [omNode2:122.0.0.122:9872, omNode1:0.0.0.0:9872], old=null
2020-04-28 14:38:08,036 [omNode1@group-3464CFB7038B-LeaderElection5] INFO  impl.LeaderElection (LeaderElection.java:askForVotes(206)) - omNode1@group-3464CFB7038B-LeaderElection5: begin an election at term 872 for -1: [omNode2:122.0.0.122:9872, omNode1:0.0.0.0:9872], old=null
2020-04-28 14:38:08,136 [omNode1@group-3464CFB7038B-LeaderElection5] INFO  impl.LeaderElection (LeaderElection.java:logAndReturn(61)) - omNode1@group-3464CFB7038B-LeaderElection5: Election TIMEOUT; received 0 response(s) [] and 0 exception(s); omNode1@group-3464CFB7038B:t872, leader=null, voted=omNode1, raftlog=omNode1@group-3464CFB7038B-SegmentedRaftLog:OPENED:c-1,f-1,i0, conf=-1: [omNode2:122.0.0.122:9872, omNode1:0.0.0.0:9872], old=null
2020-04-28 14:38:08,137 [omNode1@group-3464CFB7038B-LeaderElection5] INFO  impl.LeaderElection (LeaderElection.java:askForVotes(206)) - omNode1@group-3464CFB7038B-LeaderElection5: begin an election at term 873 for -1: [omNode2:122.0.0.122:9872, omNode1:0.0.0.0:9872], old=null
2020-04-28 14:38:08,161 [omNode1@group-3464CFB7038B-LeaderElection5] INFO  impl.LeaderElection (LeaderElection.java:logAndReturn(61)) - omNode1@group-3464CFB7038B-LeaderElection5: Election TIMEOUT; received 0 response(s) [] and 0 exception(s); omNode1@group-3464CFB7038B:t873, leader=null, voted=omNode1, raftlog=omNode1@group-3464CFB7038B-SegmentedRaftLog:OPENED:c-1,f-1,i0, conf=-1: [omNode2:122.0.0.122:9872, omNode1:0.0.0.0:9872], old=null
2020-04-28 14:38:08,162 [omNode1@group-3464CFB7038B-LeaderElection5] INFO  impl.LeaderElection (LeaderElection.java:askForVotes(206)) - omNode1@group-3464CFB7038B-LeaderElection5: begin an election at term 874 for -1: [omNode2:122.0.0.122:9872, omNode1:0.0.0.0:9872], old=null
2020-04-28 14:38:08,332 [omNode1@group-3464CFB7038B-LeaderElection5] INFO  impl.LeaderElection (LeaderElection.java:logAndReturn(61)) - omNode1@group-3464CFB7038B-LeaderElection5: Election TIMEOUT; received 0 response(s) [] and 0 exception(s); omNode1@group-3464CFB7038B:t874, leader=null, voted=omNode1, raftlog=omNode1@group-3464CFB7038B-SegmentedRaftLog:OPENED:c-1,f-1,i0, conf=-1: [omNode2:122.0.0.122:9872, omNode1:0.0.0.0:9872], old=null
2020-04-28 14:38:08,333 [omNode1@group-3464CFB7038B-LeaderElection5] INFO  impl.LeaderElection (LeaderElection.java:askForVotes(206)) - omNode1@group-3464CFB7038B-LeaderElection5: begin an election at term 875 for -1: [omNode2:122.0.0.122:9872, omNode1:0.0.0.0:9872], old=null
2020-04-28 14:38:08,333 [omNode1@group-3464CFB7038B-LeaderElection5] INFO  impl.LeaderElection (LeaderElection.java:logAndReturn(61)) - omNode1@group-3464CFB7038B-LeaderElection5: Election TIMEOUT; received 0 response(s) [] and 0 exception(s); omNode1@group-3464CFB7038B:t875, leader=null, voted=omNode1, raftlog=omNode1@group-3464CFB7038B-SegmentedRaftLog:OPENED:c-1,f-1,i0, conf=-1: [omNode2:122.0.0.122:9872, omNode1:0.0.0.0:9872], old=null
2020-04-28 14:38:08,334 [omNode1@group-3464CFB7038B-LeaderElection5] INFO  impl.LeaderElection (LeaderElection.java:askForVotes(206)) - omNode1@group-3464CFB7038B-LeaderElection5: begin an election at term 876 for -1: [omNode2:122.0.0.122:9872, omNode1:0.0.0.0:9872], old=null
2020-04-28 14:38:08,415 [omNode1@group-3464CFB7038B-LeaderElection5] INFO  impl.LeaderElection (LeaderElection.java:logAndReturn(61)) - omNode1@group-3464CFB7038B-LeaderElection5: Election TIMEOUT; received 0 response(s) [] and 0 exception(s); omNode1@group-3464CFB7038B:t876, leader=null, voted=omNode1, raftlog=omNode1@group-3464CFB7038B-SegmentedRaftLog:OPENED:c-1,f-1,i0, conf=-1: [omNode2:122.0.0.122:9872, omNode1:0.0.0.0:9872], old=null
2020-04-28 14:38:08,416 [omNode1@group-3464CFB7038B-LeaderElection5] INFO  impl.LeaderElection (LeaderElection.java:askForVotes(206)) - omNode1@group-3464CFB7038B-LeaderElection5: begin an election at term 877 for -1: [omNode2:122.0.0.122:9872, omNode1:0.0.0.0:9872], old=null
2020-04-28 14:38:08,549 [omNode1@group-3464CFB7038B-LeaderElection5] INFO  impl.LeaderElection (LeaderElection.java:logAndReturn(61)) - omNode1@group-3464CFB7038B-LeaderElection5: Election TIMEOUT; received 0 response(s) [] and 0 exception(s); omNode1@group-3464CFB7038B:t877, leader=null, voted=omNode1, raftlog=omNode1@group-3464CFB7038B-SegmentedRaftLog:OPENED:c-1,f-1,i0, conf=-1: [omNode2:122.0.0.122:9872, omNode1:0.0.0.0:9872], old=null
2020-04-28 14:38:08,551 [omNode1@group-3464CFB7038B-LeaderElection5] INFO  impl.LeaderElection (LeaderElection.java:askForVotes(206)) - omNode1@group-3464CFB7038B-LeaderElection5: begin an election at term 878 for -1: [omNode2:122.0.0.122:9872, omNode1:0.0.0.0:9872], old=null
2020-04-28 14:38:08,684 [omNode1@group-3464CFB7038B-LeaderElection5] INFO  impl.LeaderElection (LeaderElection.java:logAndReturn(61)) - omNode1@group-3464CFB7038B-LeaderElection5: Election TIMEOUT; received 0 response(s) [] and 0 exception(s); omNode1@group-3464CFB7038B:t878, leader=null, voted=omNode1, raftlog=omNode1@group-3464CFB7038B-SegmentedRaftLog:OPENED:c-1,f-1,i0, conf=-1: [omNode2:122.0.0.122:9872, omNode1:0.0.0.0:9872], old=null
2020-04-28 14:38:08,686 [omNode1@group-3464CFB7038B-LeaderElection5] INFO  impl.LeaderElection (LeaderElection.java:askForVotes(206)) - omNode1@group-3464CFB7038B-LeaderElection5: begin an election at term 879 for -1: [omNode2:122.0.0.122:9872, omNode1:0.0.0.0:9872], old=null
2020-04-28 14:38:08,790 [main] INFO  ozone.MiniOzoneClusterImpl (MiniOzoneClusterImpl.java:lambda$waitForClusterToBeReady$0(177)) - Nodes are ready. Got 3 of 3 DN Heartbeats.
2020-04-28 14:38:08,790 [main] INFO  ozone.MiniOzoneClusterImpl (MiniOzoneClusterImpl.java:lambda$waitForClusterToBeReady$0(180)) - Waiting for cluster to exit safe mode
2020-04-28 14:38:08,863 [omNode1@group-3464CFB7038B-LeaderElection5] INFO  impl.LeaderElection (LeaderElection.java:logAndReturn(61)) - omNode1@group-3464CFB7038B-LeaderElection5: Election TIMEOUT; received 0 response(s) [] and 0 exception(s); omNode1@group-3464CFB7038B:t879, leader=null, voted=omNode1, raftlog=omNode1@group-3464CFB7038B-SegmentedRaftLog:OPENED:c-1,f-1,i0, conf=-1: [omNode2:122.0.0.122:9872, omNode1:0.0.0.0:9872], old=null
2020-04-28 14:38:08,864 [omNode1@group-3464CFB7038B-LeaderElection5] INFO  impl.LeaderElection (LeaderElection.java:askForVotes(206)) - omNode1@group-3464CFB7038B-LeaderElection5: begin an election at term 880 for -1: [omNode2:122.0.0.122:9872, omNode1:0.0.0.0:9872], old=null
2020-04-28 14:38:09,064 [omNode1@group-3464CFB7038B-LeaderElection5] INFO  impl.LeaderElection (LeaderElection.java:logAndReturn(61)) - omNode1@group-3464CFB7038B-LeaderElection5: Election TIMEOUT; received 0 response(s) [] and 0 exception(s); omNode1@group-3464CFB7038B:t880, leader=null, voted=omNode1, raftlog=omNode1@group-3464CFB7038B-SegmentedRaftLog:OPENED:c-1,f-1,i0, conf=-1: [omNode2:122.0.0.122:9872, omNode1:0.0.0.0:9872], old=null
2020-04-28 14:38:09,065 [omNode1@group-3464CFB7038B-LeaderElection5] INFO  impl.LeaderElection (LeaderElection.java:askForVotes(206)) - omNode1@group-3464CFB7038B-LeaderElection5: begin an election at term 881 for -1: [omNode2:122.0.0.122:9872, omNode1:0.0.0.0:9872], old=null
2020-04-28 14:38:09,120 [omNode1@group-3464CFB7038B-LeaderElection5] INFO  impl.LeaderElection (LeaderElection.java:logAndReturn(61)) - omNode1@group-3464CFB7038B-LeaderElection5: Election TIMEOUT; received 0 response(s) [] and 0 exception(s); omNode1@group-3464CFB7038B:t881, leader=null, voted=omNode1, raftlog=omNode1@group-3464CFB7038B-SegmentedRaftLog:OPENED:c-1,f-1,i0, conf=-1: [omNode2:122.0.0.122:9872, omNode1:0.0.0.0:9872], old=null
2020-04-28 14:38:09,122 [omNode1@group-3464CFB7038B-LeaderElection5] INFO  impl.LeaderElection (LeaderElection.java:askForVotes(206)) - omNode1@group-3464CFB7038B-LeaderElection5: begin an election at term 882 for -1: [omNode2:122.0.0.122:9872, omNode1:0.0.0.0:9872], old=null
2020-04-28 14:38:09,211 [omNode1@group-3464CFB7038B-LeaderElection5] INFO  impl.LeaderElection (LeaderElection.java:logAndReturn(61)) - omNode1@group-3464CFB7038B-LeaderElection5: Election TIMEOUT; received 0 response(s) [] and 0 exception(s); omNode1@group-3464CFB7038B:t882, leader=null, voted=omNode1, raftlog=omNode1@group-3464CFB7038B-SegmentedRaftLog:OPENED:c-1,f-1,i0, conf=-1: [omNode2:122.0.0.122:9872, omNode1:0.0.0.0:9872], old=null
2020-04-28 14:38:09,213 [omNode1@group-3464CFB7038B-LeaderElection5] INFO  impl.LeaderElection (LeaderElection.java:askForVotes(206)) - omNode1@group-3464CFB7038B-LeaderElection5: begin an election at term 883 for -1: [omNode2:122.0.0.122:9872, omNode1:0.0.0.0:9872], old=null
2020-04-28 14:38:09,320 [omNode1@group-3464CFB7038B-LeaderElection5] INFO  impl.LeaderElection (LeaderElection.java:logAndReturn(61)) - omNode1@group-3464CFB7038B-LeaderElection5: Election TIMEOUT; received 0 response(s) [] and 0 exception(s); omNode1@group-3464CFB7038B:t883, leader=null, voted=omNode1, raftlog=omNode1@group-3464CFB7038B-SegmentedRaftLog:OPENED:c-1,f-1,i0, conf=-1: [omNode2:122.0.0.122:9872, omNode1:0.0.0.0:9872], old=null
2020-04-28 14:38:09,321 [omNode1@group-3464CFB7038B-LeaderElection5] INFO  impl.LeaderElection (LeaderElection.java:askForVotes(206)) - omNode1@group-3464CFB7038B-LeaderElection5: begin an election at term 884 for -1: [omNode2:122.0.0.122:9872, omNode1:0.0.0.0:9872], old=null
2020-04-28 14:38:09,358 [omNode1@group-3464CFB7038B-LeaderElection5] INFO  impl.LeaderElection (LeaderElection.java:logAndReturn(61)) - omNode1@group-3464CFB7038B-LeaderElection5: Election TIMEOUT; received 0 response(s) [] and 0 exception(s); omNode1@group-3464CFB7038B:t884, leader=null, voted=omNode1, raftlog=omNode1@group-3464CFB7038B-SegmentedRaftLog:OPENED:c-1,f-1,i0, conf=-1: [omNode2:122.0.0.122:9872, omNode1:0.0.0.0:9872], old=null
2020-04-28 14:38:09,359 [omNode1@group-3464CFB7038B-LeaderElection5] INFO  impl.LeaderElection (LeaderElection.java:askForVotes(206)) - omNode1@group-3464CFB7038B-LeaderElection5: begin an election at term 885 for -1: [omNode2:122.0.0.122:9872, omNode1:0.0.0.0:9872], old=null
2020-04-28 14:38:09,490 [omNode1@group-3464CFB7038B-LeaderElection5] INFO  impl.LeaderElection (LeaderElection.java:logAndReturn(61)) - omNode1@group-3464CFB7038B-LeaderElection5: Election TIMEOUT; received 0 response(s) [] and 0 exception(s); omNode1@group-3464CFB7038B:t885, leader=null, voted=omNode1, raftlog=omNode1@group-3464CFB7038B-SegmentedRaftLog:OPENED:c-1,f-1,i0, conf=-1: [omNode2:122.0.0.122:9872, omNode1:0.0.0.0:9872], old=null
2020-04-28 14:38:09,491 [omNode1@group-3464CFB7038B-LeaderElection5] INFO  impl.LeaderElection (LeaderElection.java:askForVotes(206)) - omNode1@group-3464CFB7038B-LeaderElection5: begin an election at term 886 for -1: [omNode2:122.0.0.122:9872, omNode1:0.0.0.0:9872], old=null
2020-04-28 14:38:09,633 [omNode1@group-3464CFB7038B-LeaderElection5] INFO  impl.LeaderElection (LeaderElection.java:logAndReturn(61)) - omNode1@group-3464CFB7038B-LeaderElection5: Election TIMEOUT; received 0 response(s) [] and 0 exception(s); omNode1@group-3464CFB7038B:t886, leader=null, voted=omNode1, raftlog=omNode1@group-3464CFB7038B-SegmentedRaftLog:OPENED:c-1,f-1,i0, conf=-1: [omNode2:122.0.0.122:9872, omNode1:0.0.0.0:9872], old=null
2020-04-28 14:38:09,634 [omNode1@group-3464CFB7038B-LeaderElection5] INFO  impl.LeaderElection (LeaderElection.java:askForVotes(206)) - omNode1@group-3464CFB7038B-LeaderElection5: begin an election at term 887 for -1: [omNode2:122.0.0.122:9872, omNode1:0.0.0.0:9872], old=null
2020-04-28 14:38:09,721 [omNode1@group-3464CFB7038B-LeaderElection5] INFO  impl.LeaderElection (LeaderElection.java:logAndReturn(61)) - omNode1@group-3464CFB7038B-LeaderElection5: Election TIMEOUT; received 0 response(s) [] and 0 exception(s); omNode1@group-3464CFB7038B:t887, leader=null, voted=omNode1, raftlog=omNode1@group-3464CFB7038B-SegmentedRaftLog:OPENED:c-1,f-1,i0, conf=-1: [omNode2:122.0.0.122:9872, omNode1:0.0.0.0:9872], old=null
2020-04-28 14:38:09,723 [omNode1@group-3464CFB7038B-LeaderElection5] INFO  impl.LeaderElection (LeaderElection.java:askForVotes(206)) - omNode1@group-3464CFB7038B-LeaderElection5: begin an election at term 888 for -1: [omNode2:122.0.0.122:9872, omNode1:0.0.0.0:9872], old=null
2020-04-28 14:38:09,735 [omNode1@group-3464CFB7038B-LeaderElection5] INFO  impl.LeaderElection (LeaderElection.java:logAndReturn(61)) - omNode1@group-3464CFB7038B-LeaderElection5: Election TIMEOUT; received 0 response(s) [] and 0 exception(s); omNode1@group-3464CFB7038B:t888, leader=null, voted=omNode1, raftlog=omNode1@group-3464CFB7038B-SegmentedRaftLog:OPENED:c-1,f-1,i0, conf=-1: [omNode2:122.0.0.122:9872, omNode1:0.0.0.0:9872], old=null
2020-04-28 14:38:09,736 [omNode1@group-3464CFB7038B-LeaderElection5] INFO  impl.LeaderElection (LeaderElection.java:askForVotes(206)) - omNode1@group-3464CFB7038B-LeaderElection5: begin an election at term 889 for -1: [omNode2:122.0.0.122:9872, omNode1:0.0.0.0:9872], old=null
2020-04-28 14:38:09,791 [main] INFO  ozone.MiniOzoneClusterImpl (MiniOzoneClusterImpl.java:lambda$waitForClusterToBeReady$0(177)) - Nodes are ready. Got 3 of 3 DN Heartbeats.
2020-04-28 14:38:09,791 [main] INFO  ozone.MiniOzoneClusterImpl (MiniOzoneClusterImpl.java:lambda$waitForClusterToBeReady$0(180)) - Waiting for cluster to exit safe mode
2020-04-28 14:38:09,857 [omNode1@group-3464CFB7038B-LeaderElection5] INFO  impl.LeaderElection (LeaderElection.java:logAndReturn(61)) - omNode1@group-3464CFB7038B-LeaderElection5: Election TIMEOUT; received 0 response(s) [] and 0 exception(s); omNode1@group-3464CFB7038B:t889, leader=null, voted=omNode1, raftlog=omNode1@group-3464CFB7038B-SegmentedRaftLog:OPENED:c-1,f-1,i0, conf=-1: [omNode2:122.0.0.122:9872, omNode1:0.0.0.0:9872], old=null
2020-04-28 14:38:09,859 [omNode1@group-3464CFB7038B-LeaderElection5] INFO  impl.LeaderElection (LeaderElection.java:askForVotes(206)) - omNode1@group-3464CFB7038B-LeaderElection5: begin an election at term 890 for -1: [omNode2:122.0.0.122:9872, omNode1:0.0.0.0:9872], old=null
2020-04-28 14:38:09,942 [omNode1@group-3464CFB7038B-LeaderElection5] INFO  impl.LeaderElection (LeaderElection.java:logAndReturn(61)) - omNode1@group-3464CFB7038B-LeaderElection5: Election TIMEOUT; received 0 response(s) [] and 0 exception(s); omNode1@group-3464CFB7038B:t890, leader=null, voted=omNode1, raftlog=omNode1@group-3464CFB7038B-SegmentedRaftLog:OPENED:c-1,f-1,i0, conf=-1: [omNode2:122.0.0.122:9872, omNode1:0.0.0.0:9872], old=null
2020-04-28 14:38:09,943 [omNode1@group-3464CFB7038B-LeaderElection5] INFO  impl.LeaderElection (LeaderElection.java:askForVotes(206)) - omNode1@group-3464CFB7038B-LeaderElection5: begin an election at term 891 for -1: [omNode2:122.0.0.122:9872, omNode1:0.0.0.0:9872], old=null
2020-04-28 14:38:10,028 [omNode1@group-3464CFB7038B-LeaderElection5] INFO  impl.LeaderElection (LeaderElection.java:logAndReturn(61)) - omNode1@group-3464CFB7038B-LeaderElection5: Election TIMEOUT; received 0 response(s) [] and 0 exception(s); omNode1@group-3464CFB7038B:t891, leader=null, voted=omNode1, raftlog=omNode1@group-3464CFB7038B-SegmentedRaftLog:OPENED:c-1,f-1,i0, conf=-1: [omNode2:122.0.0.122:9872, omNode1:0.0.0.0:9872], old=null
2020-04-28 14:38:10,030 [omNode1@group-3464CFB7038B-LeaderElection5] INFO  impl.LeaderElection (LeaderElection.java:askForVotes(206)) - omNode1@group-3464CFB7038B-LeaderElection5: begin an election at term 892 for -1: [omNode2:122.0.0.122:9872, omNode1:0.0.0.0:9872], old=null
2020-04-28 14:38:10,212 [omNode1@group-3464CFB7038B-LeaderElection5] INFO  impl.LeaderElection (LeaderElection.java:logAndReturn(61)) - omNode1@group-3464CFB7038B-LeaderElection5: Election TIMEOUT; received 0 response(s) [] and 0 exception(s); omNode1@group-3464CFB7038B:t892, leader=null, voted=omNode1, raftlog=omNode1@group-3464CFB7038B-SegmentedRaftLog:OPENED:c-1,f-1,i0, conf=-1: [omNode2:122.0.0.122:9872, omNode1:0.0.0.0:9872], old=null
2020-04-28 14:38:10,214 [omNode1@group-3464CFB7038B-LeaderElection5] INFO  impl.LeaderElection (LeaderElection.java:askForVotes(206)) - omNode1@group-3464CFB7038B-LeaderElection5: begin an election at term 893 for -1: [omNode2:122.0.0.122:9872, omNode1:0.0.0.0:9872], old=null
2020-04-28 14:38:10,310 [omNode1@group-3464CFB7038B-LeaderElection5] INFO  impl.LeaderElection (LogUtils.java:infoOrTrace(137)) - omNode1@group-3464CFB7038B-LeaderElection5 got exception when requesting votes: java.util.concurrent.ExecutionException: org.apache.ratis.thirdparty.io.grpc.StatusRuntimeException: UNAVAILABLE: io exception
2020-04-28 14:38:10,311 [omNode1@group-3464CFB7038B-LeaderElection5] INFO  impl.LeaderElection (LeaderElection.java:logAndReturn(61)) - omNode1@group-3464CFB7038B-LeaderElection5: Election REJECTED; received 0 response(s) [] and 1 exception(s); omNode1@group-3464CFB7038B:t893, leader=null, voted=omNode1, raftlog=omNode1@group-3464CFB7038B-SegmentedRaftLog:OPENED:c-1,f-1,i0, conf=-1: [omNode2:122.0.0.122:9872, omNode1:0.0.0.0:9872], old=null
2020-04-28 14:38:10,311 [omNode1@group-3464CFB7038B-LeaderElection5] INFO  impl.LeaderElection (LogUtils.java:infoOrTrace(137)) -   Exception 0: java.util.concurrent.ExecutionException: org.apache.ratis.thirdparty.io.grpc.StatusRuntimeException: UNAVAILABLE: io exception
2020-04-28 14:38:10,311 [omNode1@group-3464CFB7038B-LeaderElection5] INFO  impl.RaftServerImpl (RaftServerImpl.java:setRole(172)) - omNode1@group-3464CFB7038B: changes role from CANDIDATE to FOLLOWER at term 893 for DISCOVERED_A_NEW_TERM
2020-04-28 14:38:10,311 [omNode1@group-3464CFB7038B-LeaderElection5] INFO  impl.RoleInfo (RoleInfo.java:shutdownLeaderElection(134)) - omNode1: shutdown LeaderElection
2020-04-28 14:38:10,311 [omNode1@group-3464CFB7038B-LeaderElection5] INFO  impl.RoleInfo (RoleInfo.java:updateAndGet(143)) - omNode1: start FollowerState
2020-04-28 14:38:10,422 [Thread-1094] INFO  impl.FollowerState (FollowerState.java:run(108)) - omNode1@group-3464CFB7038B-FollowerState: change to CANDIDATE, lastRpcTime:111ms, electionTimeout:111ms
2020-04-28 14:38:10,423 [Thread-1094] INFO  impl.RoleInfo (RoleInfo.java:shutdownFollowerState(121)) - omNode1: shutdown FollowerState
2020-04-28 14:38:10,423 [Thread-1094] INFO  impl.RaftServerImpl (RaftServerImpl.java:setRole(172)) - omNode1@group-3464CFB7038B: changes role from  FOLLOWER to CANDIDATE at term 893 for changeToCandidate
2020-04-28 14:38:10,423 [Thread-1094] INFO  impl.RoleInfo (RoleInfo.java:updateAndGet(143)) - omNode1: start LeaderElection
2020-04-28 14:38:10,425 [omNode1@group-3464CFB7038B-LeaderElection6] INFO  impl.LeaderElection (LeaderElection.java:askForVotes(206)) - omNode1@group-3464CFB7038B-LeaderElection6: begin an election at term 894 for -1: [omNode2:122.0.0.122:9872, omNode1:0.0.0.0:9872], old=null
2020-04-28 14:38:10,552 [omNode1@group-3464CFB7038B-LeaderElection6] INFO  impl.LeaderElection (LeaderElection.java:logAndReturn(61)) - omNode1@group-3464CFB7038B-LeaderElection6: Election TIMEOUT; received 0 response(s) [] and 0 exception(s); omNode1@group-3464CFB7038B:t894, leader=null, voted=omNode1, raftlog=omNode1@group-3464CFB7038B-SegmentedRaftLog:OPENED:c-1,f-1,i0, conf=-1: [omNode2:122.0.0.122:9872, omNode1:0.0.0.0:9872], old=null
2020-04-28 14:38:10,554 [omNode1@group-3464CFB7038B-LeaderElection6] INFO  impl.LeaderElection (LeaderElection.java:askForVotes(206)) - omNode1@group-3464CFB7038B-LeaderElection6: begin an election at term 895 for -1: [omNode2:122.0.0.122:9872, omNode1:0.0.0.0:9872], old=null
2020-04-28 14:38:10,679 [omNode1@group-3464CFB7038B-LeaderElection6] INFO  impl.LeaderElection (LeaderElection.java:logAndReturn(61)) - omNode1@group-3464CFB7038B-LeaderElection6: Election TIMEOUT; received 0 response(s) [] and 0 exception(s); omNode1@group-3464CFB7038B:t895, leader=null, voted=omNode1, raftlog=omNode1@group-3464CFB7038B-SegmentedRaftLog:OPENED:c-1,f-1,i0, conf=-1: [omNode2:122.0.0.122:9872, omNode1:0.0.0.0:9872], old=null
2020-04-28 14:38:10,680 [omNode1@group-3464CFB7038B-LeaderElection6] INFO  impl.LeaderElection (LeaderElection.java:askForVotes(206)) - omNode1@group-3464CFB7038B-LeaderElection6: begin an election at term 896 for -1: [omNode2:122.0.0.122:9872, omNode1:0.0.0.0:9872], old=null
2020-04-28 14:38:10,791 [main] INFO  ozone.MiniOzoneClusterImpl (MiniOzoneClusterImpl.java:lambda$waitForClusterToBeReady$0(177)) - Nodes are ready. Got 3 of 3 DN Heartbeats.
2020-04-28 14:38:10,791 [main] INFO  ozone.MiniOzoneClusterImpl (MiniOzoneClusterImpl.java:lambda$waitForClusterToBeReady$0(180)) - Waiting for cluster to exit safe mode
2020-04-28 14:38:10,859 [omNode1@group-3464CFB7038B-LeaderElection6] INFO  impl.LeaderElection (LeaderElection.java:logAndReturn(61)) - omNode1@group-3464CFB7038B-LeaderElection6: Election TIMEOUT; received 0 response(s) [] and 0 exception(s); omNode1@group-3464CFB7038B:t896, leader=null, voted=omNode1, raftlog=omNode1@group-3464CFB7038B-SegmentedRaftLog:OPENED:c-1,f-1,i0, conf=-1: [omNode2:122.0.0.122:9872, omNode1:0.0.0.0:9872], old=null
2020-04-28 14:38:10,861 [omNode1@group-3464CFB7038B-LeaderElection6] INFO  impl.LeaderElection (LeaderElection.java:askForVotes(206)) - omNode1@group-3464CFB7038B-LeaderElection6: begin an election at term 897 for -1: [omNode2:122.0.0.122:9872, omNode1:0.0.0.0:9872], old=null
2020-04-28 14:38:10,959 [omNode1@group-3464CFB7038B-LeaderElection6] INFO  impl.LeaderElection (LeaderElection.java:logAndReturn(61)) - omNode1@group-3464CFB7038B-LeaderElection6: Election TIMEOUT; received 0 response(s) [] and 0 exception(s); omNode1@group-3464CFB7038B:t897, leader=null, voted=omNode1, raftlog=omNode1@group-3464CFB7038B-SegmentedRaftLog:OPENED:c-1,f-1,i0, conf=-1: [omNode2:122.0.0.122:9872, omNode1:0.0.0.0:9872], old=null
2020-04-28 14:38:10,964 [omNode1@group-3464CFB7038B-LeaderElection6] INFO  impl.LeaderElection (LeaderElection.java:askForVotes(206)) - omNode1@group-3464CFB7038B-LeaderElection6: begin an election at term 898 for -1: [omNode2:122.0.0.122:9872, omNode1:0.0.0.0:9872], old=null
2020-04-28 14:38:11,049 [omNode1@group-3464CFB7038B-LeaderElection6] INFO  impl.LeaderElection (LeaderElection.java:logAndReturn(61)) - omNode1@group-3464CFB7038B-LeaderElection6: Election TIMEOUT; received 0 response(s) [] and 0 exception(s); omNode1@group-3464CFB7038B:t898, leader=null, voted=omNode1, raftlog=omNode1@group-3464CFB7038B-SegmentedRaftLog:OPENED:c-1,f-1,i0, conf=-1: [omNode2:122.0.0.122:9872, omNode1:0.0.0.0:9872], old=null
2020-04-28 14:38:11,050 [omNode1@group-3464CFB7038B-LeaderElection6] INFO  impl.LeaderElection (LeaderElection.java:askForVotes(206)) - omNode1@group-3464CFB7038B-LeaderElection6: begin an election at term 899 for -1: [omNode2:122.0.0.122:9872, omNode1:0.0.0.0:9872], old=null
2020-04-28 14:38:11,250 [omNode1@group-3464CFB7038B-LeaderElection6] INFO  impl.LeaderElection (LeaderElection.java:logAndReturn(61)) - omNode1@group-3464CFB7038B-LeaderElection6: Election TIMEOUT; received 0 response(s) [] and 0 exception(s); omNode1@group-3464CFB7038B:t899, leader=null, voted=omNode1, raftlog=omNode1@group-3464CFB7038B-SegmentedRaftLog:OPENED:c-1,f-1,i0, conf=-1: [omNode2:122.0.0.122:9872, omNode1:0.0.0.0:9872], old=null
2020-04-28 14:38:11,252 [omNode1@group-3464CFB7038B-LeaderElection6] INFO  impl.LeaderElection (LeaderElection.java:askForVotes(206)) - omNode1@group-3464CFB7038B-LeaderElection6: begin an election at term 900 for -1: [omNode2:122.0.0.122:9872, omNode1:0.0.0.0:9872], old=null
2020-04-28 14:38:11,448 [omNode1@group-3464CFB7038B-LeaderElection6] INFO  impl.LeaderElection (LeaderElection.java:logAndReturn(61)) - omNode1@group-3464CFB7038B-LeaderElection6: Election TIMEOUT; received 0 response(s) [] and 0 exception(s); omNode1@group-3464CFB7038B:t900, leader=null, voted=omNode1, raftlog=omNode1@group-3464CFB7038B-SegmentedRaftLog:OPENED:c-1,f-1,i0, conf=-1: [omNode2:122.0.0.122:9872, omNode1:0.0.0.0:9872], old=null
2020-04-28 14:38:11,450 [omNode1@group-3464CFB7038B-LeaderElection6] INFO  impl.LeaderElection (LeaderElection.java:askForVotes(206)) - omNode1@group-3464CFB7038B-LeaderElection6: begin an election at term 901 for -1: [omNode2:122.0.0.122:9872, omNode1:0.0.0.0:9872], old=null
2020-04-28 14:38:11,529 [omNode1@group-3464CFB7038B-LeaderElection6] INFO  impl.LeaderElection (LeaderElection.java:logAndReturn(61)) - omNode1@group-3464CFB7038B-LeaderElection6: Election TIMEOUT; received 0 response(s) [] and 0 exception(s); omNode1@group-3464CFB7038B:t901, leader=null, voted=omNode1, raftlog=omNode1@group-3464CFB7038B-SegmentedRaftLog:OPENED:c-1,f-1,i0, conf=-1: [omNode2:122.0.0.122:9872, omNode1:0.0.0.0:9872], old=null
2020-04-28 14:38:11,530 [omNode1@group-3464CFB7038B-LeaderElection6] INFO  impl.LeaderElection (LeaderElection.java:askForVotes(206)) - omNode1@group-3464CFB7038B-LeaderElection6: begin an election at term 902 for -1: [omNode2:122.0.0.122:9872, omNode1:0.0.0.0:9872], old=null
2020-04-28 14:38:11,644 [omNode1@group-3464CFB7038B-LeaderElection6] INFO  impl.LeaderElection (LeaderElection.java:logAndReturn(61)) - omNode1@group-3464CFB7038B-LeaderElection6: Election TIMEOUT; received 0 response(s) [] and 0 exception(s); omNode1@group-3464CFB7038B:t902, leader=null, voted=omNode1, raftlog=omNode1@group-3464CFB7038B-SegmentedRaftLog:OPENED:c-1,f-1,i0, conf=-1: [omNode2:122.0.0.122:9872, omNode1:0.0.0.0:9872], old=null
2020-04-28 14:38:11,648 [omNode1@group-3464CFB7038B-LeaderElection6] INFO  impl.LeaderElection (LeaderElection.java:askForVotes(206)) - omNode1@group-3464CFB7038B-LeaderElection6: begin an election at term 903 for -1: [omNode2:122.0.0.122:9872, omNode1:0.0.0.0:9872], old=null
2020-04-28 14:38:11,666 [omNode1@group-3464CFB7038B-LeaderElection6] INFO  impl.LeaderElection (LeaderElection.java:logAndReturn(61)) - omNode1@group-3464CFB7038B-LeaderElection6: Election TIMEOUT; received 0 response(s) [] and 0 exception(s); omNode1@group-3464CFB7038B:t903, leader=null, voted=omNode1, raftlog=omNode1@group-3464CFB7038B-SegmentedRaftLog:OPENED:c-1,f-1,i0, conf=-1: [omNode2:122.0.0.122:9872, omNode1:0.0.0.0:9872], old=null
2020-04-28 14:38:11,668 [omNode1@group-3464CFB7038B-LeaderElection6] INFO  impl.LeaderElection (LeaderElection.java:askForVotes(206)) - omNode1@group-3464CFB7038B-LeaderElection6: begin an election at term 904 for -1: [omNode2:122.0.0.122:9872, omNode1:0.0.0.0:9872], old=null
2020-04-28 14:38:11,730 [omNode1@group-3464CFB7038B-LeaderElection6] INFO  impl.LeaderElection (LeaderElection.java:logAndReturn(61)) - omNode1@group-3464CFB7038B-LeaderElection6: Election TIMEOUT; received 0 response(s) [] and 0 exception(s); omNode1@group-3464CFB7038B:t904, leader=null, voted=omNode1, raftlog=omNode1@group-3464CFB7038B-SegmentedRaftLog:OPENED:c-1,f-1,i0, conf=-1: [omNode2:122.0.0.122:9872, omNode1:0.0.0.0:9872], old=null
2020-04-28 14:38:11,731 [omNode1@group-3464CFB7038B-LeaderElection6] INFO  impl.LeaderElection (LeaderElection.java:askForVotes(206)) - omNode1@group-3464CFB7038B-LeaderElection6: begin an election at term 905 for -1: [omNode2:122.0.0.122:9872, omNode1:0.0.0.0:9872], old=null
2020-04-28 14:38:11,792 [main] INFO  ozone.MiniOzoneClusterImpl (MiniOzoneClusterImpl.java:lambda$waitForClusterToBeReady$0(177)) - Nodes are ready. Got 3 of 3 DN Heartbeats.
2020-04-28 14:38:11,792 [main] INFO  ozone.MiniOzoneClusterImpl (MiniOzoneClusterImpl.java:lambda$waitForClusterToBeReady$0(180)) - Waiting for cluster to exit safe mode
2020-04-28 14:38:11,870 [omNode1@group-3464CFB7038B-LeaderElection6] INFO  impl.LeaderElection (LeaderElection.java:logAndReturn(61)) - omNode1@group-3464CFB7038B-LeaderElection6: Election TIMEOUT; received 0 response(s) [] and 0 exception(s); omNode1@group-3464CFB7038B:t905, leader=null, voted=omNode1, raftlog=omNode1@group-3464CFB7038B-SegmentedRaftLog:OPENED:c-1,f-1,i0, conf=-1: [omNode2:122.0.0.122:9872, omNode1:0.0.0.0:9872], old=null
2020-04-28 14:38:11,871 [omNode1@group-3464CFB7038B-LeaderElection6] INFO  impl.LeaderElection (LeaderElection.java:askForVotes(206)) - omNode1@group-3464CFB7038B-LeaderElection6: begin an election at term 906 for -1: [omNode2:122.0.0.122:9872, omNode1:0.0.0.0:9872], old=null
2020-04-28 14:38:11,875 [omNode1@group-3464CFB7038B-LeaderElection6] INFO  impl.LeaderElection (LeaderElection.java:logAndReturn(61)) - omNode1@group-3464CFB7038B-LeaderElection6: Election TIMEOUT; received 0 response(s) [] and 0 exception(s); omNode1@group-3464CFB7038B:t906, leader=null, voted=omNode1, raftlog=omNode1@group-3464CFB7038B-SegmentedRaftLog:OPENED:c-1,f-1,i0, conf=-1: [omNode2:122.0.0.122:9872, omNode1:0.0.0.0:9872], old=null
2020-04-28 14:38:11,877 [omNode1@group-3464CFB7038B-LeaderElection6] INFO  impl.LeaderElection (LeaderElection.java:askForVotes(206)) - omNode1@group-3464CFB7038B-LeaderElection6: begin an election at term 907 for -1: [omNode2:122.0.0.122:9872, omNode1:0.0.0.0:9872], old=null
2020-04-28 14:38:12,059 [omNode1@group-3464CFB7038B-LeaderElection6] INFO  impl.LeaderElection (LeaderElection.java:logAndReturn(61)) - omNode1@group-3464CFB7038B-LeaderElection6: Election TIMEOUT; received 0 response(s) [] and 0 exception(s); omNode1@group-3464CFB7038B:t907, leader=null, voted=omNode1, raftlog=omNode1@group-3464CFB7038B-SegmentedRaftLog:OPENED:c-1,f-1,i0, conf=-1: [omNode2:122.0.0.122:9872, omNode1:0.0.0.0:9872], old=null
2020-04-28 14:38:12,061 [omNode1@group-3464CFB7038B-LeaderElection6] INFO  impl.LeaderElection (LeaderElection.java:askForVotes(206)) - omNode1@group-3464CFB7038B-LeaderElection6: begin an election at term 908 for -1: [omNode2:122.0.0.122:9872, omNode1:0.0.0.0:9872], old=null
2020-04-28 14:38:12,178 [omNode1@group-3464CFB7038B-LeaderElection6] INFO  impl.LeaderElection (LeaderElection.java:logAndReturn(61)) - omNode1@group-3464CFB7038B-LeaderElection6: Election TIMEOUT; received 0 response(s) [] and 0 exception(s); omNode1@group-3464CFB7038B:t908, leader=null, voted=omNode1, raftlog=omNode1@group-3464CFB7038B-SegmentedRaftLog:OPENED:c-1,f-1,i0, conf=-1: [omNode2:122.0.0.122:9872, omNode1:0.0.0.0:9872], old=null
2020-04-28 14:38:12,179 [omNode1@group-3464CFB7038B-LeaderElection6] INFO  impl.LeaderElection (LeaderElection.java:askForVotes(206)) - omNode1@group-3464CFB7038B-LeaderElection6: begin an election at term 909 for -1: [omNode2:122.0.0.122:9872, omNode1:0.0.0.0:9872], old=null
2020-04-28 14:38:12,181 [omNode1@group-3464CFB7038B-LeaderElection6] INFO  impl.LeaderElection (LeaderElection.java:logAndReturn(61)) - omNode1@group-3464CFB7038B-LeaderElection6: Election TIMEOUT; received 0 response(s) [] and 0 exception(s); omNode1@group-3464CFB7038B:t909, leader=null, voted=omNode1, raftlog=omNode1@group-3464CFB7038B-SegmentedRaftLog:OPENED:c-1,f-1,i0, conf=-1: [omNode2:122.0.0.122:9872, omNode1:0.0.0.0:9872], old=null
2020-04-28 14:38:12,182 [omNode1@group-3464CFB7038B-LeaderElection6] INFO  impl.LeaderElection (LeaderElection.java:askForVotes(206)) - omNode1@group-3464CFB7038B-LeaderElection6: begin an election at term 910 for -1: [omNode2:122.0.0.122:9872, omNode1:0.0.0.0:9872], old=null
2020-04-28 14:38:12,314 [omNode1@group-3464CFB7038B-LeaderElection6] INFO  impl.LeaderElection (LeaderElection.java:logAndReturn(61)) - omNode1@group-3464CFB7038B-LeaderElection6: Election TIMEOUT; received 0 response(s) [] and 0 exception(s); omNode1@group-3464CFB7038B:t910, leader=null, voted=omNode1, raftlog=omNode1@group-3464CFB7038B-SegmentedRaftLog:OPENED:c-1,f-1,i0, conf=-1: [omNode2:122.0.0.122:9872, omNode1:0.0.0.0:9872], old=null
2020-04-28 14:38:12,315 [omNode1@group-3464CFB7038B-LeaderElection6] INFO  impl.LeaderElection (LeaderElection.java:askForVotes(206)) - omNode1@group-3464CFB7038B-LeaderElection6: begin an election at term 911 for -1: [omNode2:122.0.0.122:9872, omNode1:0.0.0.0:9872], old=null
2020-04-28 14:38:12,389 [omNode1@group-3464CFB7038B-LeaderElection6] INFO  impl.LeaderElection (LeaderElection.java:logAndReturn(61)) - omNode1@group-3464CFB7038B-LeaderElection6: Election TIMEOUT; received 0 response(s) [] and 0 exception(s); omNode1@group-3464CFB7038B:t911, leader=null, voted=omNode1, raftlog=omNode1@group-3464CFB7038B-SegmentedRaftLog:OPENED:c-1,f-1,i0, conf=-1: [omNode2:122.0.0.122:9872, omNode1:0.0.0.0:9872], old=null
2020-04-28 14:38:12,390 [omNode1@group-3464CFB7038B-LeaderElection6] INFO  impl.LeaderElection (LeaderElection.java:askForVotes(206)) - omNode1@group-3464CFB7038B-LeaderElection6: begin an election at term 912 for -1: [omNode2:122.0.0.122:9872, omNode1:0.0.0.0:9872], old=null
2020-04-28 14:38:12,420 [omNode1@group-3464CFB7038B-LeaderElection6] INFO  impl.LeaderElection (LeaderElection.java:logAndReturn(61)) - omNode1@group-3464CFB7038B-LeaderElection6: Election TIMEOUT; received 0 response(s) [] and 0 exception(s); omNode1@group-3464CFB7038B:t912, leader=null, voted=omNode1, raftlog=omNode1@group-3464CFB7038B-SegmentedRaftLog:OPENED:c-1,f-1,i0, conf=-1: [omNode2:122.0.0.122:9872, omNode1:0.0.0.0:9872], old=null
2020-04-28 14:38:12,421 [omNode1@group-3464CFB7038B-LeaderElection6] INFO  impl.LeaderElection (LeaderElection.java:askForVotes(206)) - omNode1@group-3464CFB7038B-LeaderElection6: begin an election at term 913 for -1: [omNode2:122.0.0.122:9872, omNode1:0.0.0.0:9872], old=null
2020-04-28 14:38:12,439 [omNode1@group-3464CFB7038B-LeaderElection6] INFO  impl.LeaderElection (LeaderElection.java:logAndReturn(61)) - omNode1@group-3464CFB7038B-LeaderElection6: Election TIMEOUT; received 0 response(s) [] and 0 exception(s); omNode1@group-3464CFB7038B:t913, leader=null, voted=omNode1, raftlog=omNode1@group-3464CFB7038B-SegmentedRaftLog:OPENED:c-1,f-1,i0, conf=-1: [omNode2:122.0.0.122:9872, omNode1:0.0.0.0:9872], old=null
2020-04-28 14:38:12,440 [omNode1@group-3464CFB7038B-LeaderElection6] INFO  impl.LeaderElection (LeaderElection.java:askForVotes(206)) - omNode1@group-3464CFB7038B-LeaderElection6: begin an election at term 914 for -1: [omNode2:122.0.0.122:9872, omNode1:0.0.0.0:9872], old=null
2020-04-28 14:38:12,519 [omNode1@group-3464CFB7038B-LeaderElection6] INFO  impl.LeaderElection (LeaderElection.java:logAndReturn(61)) - omNode1@group-3464CFB7038B-LeaderElection6: Election TIMEOUT; received 0 response(s) [] and 0 exception(s); omNode1@group-3464CFB7038B:t914, leader=null, voted=omNode1, raftlog=omNode1@group-3464CFB7038B-SegmentedRaftLog:OPENED:c-1,f-1,i0, conf=-1: [omNode2:122.0.0.122:9872, omNode1:0.0.0.0:9872], old=null
2020-04-28 14:38:12,520 [omNode1@group-3464CFB7038B-LeaderElection6] INFO  impl.LeaderElection (LeaderElection.java:askForVotes(206)) - omNode1@group-3464CFB7038B-LeaderElection6: begin an election at term 915 for -1: [omNode2:122.0.0.122:9872, omNode1:0.0.0.0:9872], old=null
2020-04-28 14:38:12,626 [omNode1@group-3464CFB7038B-LeaderElection6] INFO  impl.LeaderElection (LeaderElection.java:logAndReturn(61)) - omNode1@group-3464CFB7038B-LeaderElection6: Election TIMEOUT; received 0 response(s) [] and 0 exception(s); omNode1@group-3464CFB7038B:t915, leader=null, voted=omNode1, raftlog=omNode1@group-3464CFB7038B-SegmentedRaftLog:OPENED:c-1,f-1,i0, conf=-1: [omNode2:122.0.0.122:9872, omNode1:0.0.0.0:9872], old=null
2020-04-28 14:38:12,628 [omNode1@group-3464CFB7038B-LeaderElection6] INFO  impl.LeaderElection (LeaderElection.java:askForVotes(206)) - omNode1@group-3464CFB7038B-LeaderElection6: begin an election at term 916 for -1: [omNode2:122.0.0.122:9872, omNode1:0.0.0.0:9872], old=null
2020-04-28 14:38:12,792 [main] INFO  ozone.MiniOzoneClusterImpl (MiniOzoneClusterImpl.java:lambda$waitForClusterToBeReady$0(177)) - Nodes are ready. Got 3 of 3 DN Heartbeats.
2020-04-28 14:38:12,792 [main] INFO  ozone.MiniOzoneClusterImpl (MiniOzoneClusterImpl.java:lambda$waitForClusterToBeReady$0(180)) - Waiting for cluster to exit safe mode
2020-04-28 14:38:12,809 [omNode1@group-3464CFB7038B-LeaderElection6] INFO  impl.LeaderElection (LeaderElection.java:logAndReturn(61)) - omNode1@group-3464CFB7038B-LeaderElection6: Election TIMEOUT; received 0 response(s) [] and 0 exception(s); omNode1@group-3464CFB7038B:t916, leader=null, voted=omNode1, raftlog=omNode1@group-3464CFB7038B-SegmentedRaftLog:OPENED:c-1,f-1,i0, conf=-1: [omNode2:122.0.0.122:9872, omNode1:0.0.0.0:9872], old=null
2020-04-28 14:38:12,810 [omNode1@group-3464CFB7038B-LeaderElection6] INFO  impl.LeaderElection (LeaderElection.java:askForVotes(206)) - omNode1@group-3464CFB7038B-LeaderElection6: begin an election at term 917 for -1: [omNode2:122.0.0.122:9872, omNode1:0.0.0.0:9872], old=null
2020-04-28 14:38:12,822 [omNode1@group-3464CFB7038B-LeaderElection6] INFO  impl.LeaderElection (LeaderElection.java:logAndReturn(61)) - omNode1@group-3464CFB7038B-LeaderElection6: Election TIMEOUT; received 0 response(s) [] and 0 exception(s); omNode1@group-3464CFB7038B:t917, leader=null, voted=omNode1, raftlog=omNode1@group-3464CFB7038B-SegmentedRaftLog:OPENED:c-1,f-1,i0, conf=-1: [omNode2:122.0.0.122:9872, omNode1:0.0.0.0:9872], old=null
2020-04-28 14:38:12,823 [omNode1@group-3464CFB7038B-LeaderElection6] INFO  impl.LeaderElection (LeaderElection.java:askForVotes(206)) - omNode1@group-3464CFB7038B-LeaderElection6: begin an election at term 918 for -1: [omNode2:122.0.0.122:9872, omNode1:0.0.0.0:9872], old=null
2020-04-28 14:38:13,007 [omNode1@group-3464CFB7038B-LeaderElection6] INFO  impl.LeaderElection (LeaderElection.java:logAndReturn(61)) - omNode1@group-3464CFB7038B-LeaderElection6: Election TIMEOUT; received 0 response(s) [] and 0 exception(s); omNode1@group-3464CFB7038B:t918, leader=null, voted=omNode1, raftlog=omNode1@group-3464CFB7038B-SegmentedRaftLog:OPENED:c-1,f-1,i0, conf=-1: [omNode2:122.0.0.122:9872, omNode1:0.0.0.0:9872], old=null
2020-04-28 14:38:13,009 [omNode1@group-3464CFB7038B-LeaderElection6] INFO  impl.LeaderElection (LeaderElection.java:askForVotes(206)) - omNode1@group-3464CFB7038B-LeaderElection6: begin an election at term 919 for -1: [omNode2:122.0.0.122:9872, omNode1:0.0.0.0:9872], old=null
2020-04-28 14:38:13,072 [omNode1@group-3464CFB7038B-LeaderElection6] INFO  impl.LeaderElection (LeaderElection.java:logAndReturn(61)) - omNode1@group-3464CFB7038B-LeaderElection6: Election TIMEOUT; received 0 response(s) [] and 0 exception(s); omNode1@group-3464CFB7038B:t919, leader=null, voted=omNode1, raftlog=omNode1@group-3464CFB7038B-SegmentedRaftLog:OPENED:c-1,f-1,i0, conf=-1: [omNode2:122.0.0.122:9872, omNode1:0.0.0.0:9872], old=null
2020-04-28 14:38:13,073 [omNode1@group-3464CFB7038B-LeaderElection6] INFO  impl.LeaderElection (LeaderElection.java:askForVotes(206)) - omNode1@group-3464CFB7038B-LeaderElection6: begin an election at term 920 for -1: [omNode2:122.0.0.122:9872, omNode1:0.0.0.0:9872], old=null
2020-04-28 14:38:13,123 [omNode1@group-3464CFB7038B-LeaderElection6] INFO  impl.LeaderElection (LeaderElection.java:logAndReturn(61)) - omNode1@group-3464CFB7038B-LeaderElection6: Election TIMEOUT; received 0 response(s) [] and 0 exception(s); omNode1@group-3464CFB7038B:t920, leader=null, voted=omNode1, raftlog=omNode1@group-3464CFB7038B-SegmentedRaftLog:OPENED:c-1,f-1,i0, conf=-1: [omNode2:122.0.0.122:9872, omNode1:0.0.0.0:9872], old=null
2020-04-28 14:38:13,124 [omNode1@group-3464CFB7038B-LeaderElection6] INFO  impl.LeaderElection (LeaderElection.java:askForVotes(206)) - omNode1@group-3464CFB7038B-LeaderElection6: begin an election at term 921 for -1: [omNode2:122.0.0.122:9872, omNode1:0.0.0.0:9872], old=null
2020-04-28 14:38:13,260 [omNode1@group-3464CFB7038B-LeaderElection6] INFO  impl.LeaderElection (LeaderElection.java:logAndReturn(61)) - omNode1@group-3464CFB7038B-LeaderElection6: Election TIMEOUT; received 0 response(s) [] and 0 exception(s); omNode1@group-3464CFB7038B:t921, leader=null, voted=omNode1, raftlog=omNode1@group-3464CFB7038B-SegmentedRaftLog:OPENED:c-1,f-1,i0, conf=-1: [omNode2:122.0.0.122:9872, omNode1:0.0.0.0:9872], old=null
2020-04-28 14:38:13,261 [omNode1@group-3464CFB7038B-LeaderElection6] INFO  impl.LeaderElection (LeaderElection.java:askForVotes(206)) - omNode1@group-3464CFB7038B-LeaderElection6: begin an election at term 922 for -1: [omNode2:122.0.0.122:9872, omNode1:0.0.0.0:9872], old=null
2020-04-28 14:38:13,439 [omNode1@group-3464CFB7038B-LeaderElection6] INFO  impl.LeaderElection (LeaderElection.java:logAndReturn(61)) - omNode1@group-3464CFB7038B-LeaderElection6: Election TIMEOUT; received 0 response(s) [] and 0 exception(s); omNode1@group-3464CFB7038B:t922, leader=null, voted=omNode1, raftlog=omNode1@group-3464CFB7038B-SegmentedRaftLog:OPENED:c-1,f-1,i0, conf=-1: [omNode2:122.0.0.122:9872, omNode1:0.0.0.0:9872], old=null
2020-04-28 14:38:13,440 [omNode1@group-3464CFB7038B-LeaderElection6] INFO  impl.LeaderElection (LeaderElection.java:askForVotes(206)) - omNode1@group-3464CFB7038B-LeaderElection6: begin an election at term 923 for -1: [omNode2:122.0.0.122:9872, omNode1:0.0.0.0:9872], old=null
2020-04-28 14:38:13,559 [omNode1@group-3464CFB7038B-LeaderElection6] INFO  impl.LeaderElection (LeaderElection.java:logAndReturn(61)) - omNode1@group-3464CFB7038B-LeaderElection6: Election TIMEOUT; received 0 response(s) [] and 0 exception(s); omNode1@group-3464CFB7038B:t923, leader=null, voted=omNode1, raftlog=omNode1@group-3464CFB7038B-SegmentedRaftLog:OPENED:c-1,f-1,i0, conf=-1: [omNode2:122.0.0.122:9872, omNode1:0.0.0.0:9872], old=null
2020-04-28 14:38:13,560 [omNode1@group-3464CFB7038B-LeaderElection6] INFO  impl.LeaderElection (LeaderElection.java:askForVotes(206)) - omNode1@group-3464CFB7038B-LeaderElection6: begin an election at term 924 for -1: [omNode2:122.0.0.122:9872, omNode1:0.0.0.0:9872], old=null
2020-04-28 14:38:13,610 [omNode1@group-3464CFB7038B-LeaderElection6] INFO  impl.LeaderElection (LeaderElection.java:logAndReturn(61)) - omNode1@group-3464CFB7038B-LeaderElection6: Election TIMEOUT; received 0 response(s) [] and 0 exception(s); omNode1@group-3464CFB7038B:t924, leader=null, voted=omNode1, raftlog=omNode1@group-3464CFB7038B-SegmentedRaftLog:OPENED:c-1,f-1,i0, conf=-1: [omNode2:122.0.0.122:9872, omNode1:0.0.0.0:9872], old=null
2020-04-28 14:38:13,611 [omNode1@group-3464CFB7038B-LeaderElection6] INFO  impl.LeaderElection (LeaderElection.java:askForVotes(206)) - omNode1@group-3464CFB7038B-LeaderElection6: begin an election at term 925 for -1: [omNode2:122.0.0.122:9872, omNode1:0.0.0.0:9872], old=null
2020-04-28 14:38:13,746 [omNode1@group-3464CFB7038B-LeaderElection6] INFO  impl.LeaderElection (LeaderElection.java:logAndReturn(61)) - omNode1@group-3464CFB7038B-LeaderElection6: Election TIMEOUT; received 0 response(s) [] and 0 exception(s); omNode1@group-3464CFB7038B:t925, leader=null, voted=omNode1, raftlog=omNode1@group-3464CFB7038B-SegmentedRaftLog:OPENED:c-1,f-1,i0, conf=-1: [omNode2:122.0.0.122:9872, omNode1:0.0.0.0:9872], old=null
2020-04-28 14:38:13,748 [omNode1@group-3464CFB7038B-LeaderElection6] INFO  impl.LeaderElection (LeaderElection.java:askForVotes(206)) - omNode1@group-3464CFB7038B-LeaderElection6: begin an election at term 926 for -1: [omNode2:122.0.0.122:9872, omNode1:0.0.0.0:9872], old=null
2020-04-28 14:38:13,792 [main] INFO  ozone.MiniOzoneClusterImpl (MiniOzoneClusterImpl.java:lambda$waitForClusterToBeReady$0(177)) - Nodes are ready. Got 3 of 3 DN Heartbeats.
2020-04-28 14:38:13,793 [main] INFO  ozone.MiniOzoneClusterImpl (MiniOzoneClusterImpl.java:lambda$waitForClusterToBeReady$0(180)) - Waiting for cluster to exit safe mode
2020-04-28 14:38:13,890 [omNode1@group-3464CFB7038B-LeaderElection6] INFO  impl.LeaderElection (LeaderElection.java:logAndReturn(61)) - omNode1@group-3464CFB7038B-LeaderElection6: Election TIMEOUT; received 0 response(s) [] and 0 exception(s); omNode1@group-3464CFB7038B:t926, leader=null, voted=omNode1, raftlog=omNode1@group-3464CFB7038B-SegmentedRaftLog:OPENED:c-1,f-1,i0, conf=-1: [omNode2:122.0.0.122:9872, omNode1:0.0.0.0:9872], old=null
2020-04-28 14:38:13,891 [omNode1@group-3464CFB7038B-LeaderElection6] INFO  impl.LeaderElection (LeaderElection.java:askForVotes(206)) - omNode1@group-3464CFB7038B-LeaderElection6: begin an election at term 927 for -1: [omNode2:122.0.0.122:9872, omNode1:0.0.0.0:9872], old=null
2020-04-28 14:38:14,066 [omNode1@group-3464CFB7038B-LeaderElection6] INFO  impl.LeaderElection (LeaderElection.java:logAndReturn(61)) - omNode1@group-3464CFB7038B-LeaderElection6: Election TIMEOUT; received 0 response(s) [] and 0 exception(s); omNode1@group-3464CFB7038B:t927, leader=null, voted=omNode1, raftlog=omNode1@group-3464CFB7038B-SegmentedRaftLog:OPENED:c-1,f-1,i0, conf=-1: [omNode2:122.0.0.122:9872, omNode1:0.0.0.0:9872], old=null
2020-04-28 14:38:14,067 [omNode1@group-3464CFB7038B-LeaderElection6] INFO  impl.LeaderElection (LeaderElection.java:askForVotes(206)) - omNode1@group-3464CFB7038B-LeaderElection6: begin an election at term 928 for -1: [omNode2:122.0.0.122:9872, omNode1:0.0.0.0:9872], old=null
2020-04-28 14:38:14,147 [omNode1@group-3464CFB7038B-LeaderElection6] INFO  impl.LeaderElection (LeaderElection.java:logAndReturn(61)) - omNode1@group-3464CFB7038B-LeaderElection6: Election TIMEOUT; received 0 response(s) [] and 0 exception(s); omNode1@group-3464CFB7038B:t928, leader=null, voted=omNode1, raftlog=omNode1@group-3464CFB7038B-SegmentedRaftLog:OPENED:c-1,f-1,i0, conf=-1: [omNode2:122.0.0.122:9872, omNode1:0.0.0.0:9872], old=null
2020-04-28 14:38:14,148 [omNode1@group-3464CFB7038B-LeaderElection6] INFO  impl.LeaderElection (LeaderElection.java:askForVotes(206)) - omNode1@group-3464CFB7038B-LeaderElection6: begin an election at term 929 for -1: [omNode2:122.0.0.122:9872, omNode1:0.0.0.0:9872], old=null
2020-04-28 14:38:14,345 [omNode1@group-3464CFB7038B-LeaderElection6] INFO  impl.LeaderElection (LeaderElection.java:logAndReturn(61)) - omNode1@group-3464CFB7038B-LeaderElection6: Election TIMEOUT; received 0 response(s) [] and 0 exception(s); omNode1@group-3464CFB7038B:t929, leader=null, voted=omNode1, raftlog=omNode1@group-3464CFB7038B-SegmentedRaftLog:OPENED:c-1,f-1,i0, conf=-1: [omNode2:122.0.0.122:9872, omNode1:0.0.0.0:9872], old=null
2020-04-28 14:38:14,346 [omNode1@group-3464CFB7038B-LeaderElection6] INFO  impl.LeaderElection (LeaderElection.java:askForVotes(206)) - omNode1@group-3464CFB7038B-LeaderElection6: begin an election at term 930 for -1: [omNode2:122.0.0.122:9872, omNode1:0.0.0.0:9872], old=null
2020-04-28 14:38:14,467 [omNode1@group-3464CFB7038B-LeaderElection6] INFO  impl.LeaderElection (LeaderElection.java:logAndReturn(61)) - omNode1@group-3464CFB7038B-LeaderElection6: Election TIMEOUT; received 0 response(s) [] and 0 exception(s); omNode1@group-3464CFB7038B:t930, leader=null, voted=omNode1, raftlog=omNode1@group-3464CFB7038B-SegmentedRaftLog:OPENED:c-1,f-1,i0, conf=-1: [omNode2:122.0.0.122:9872, omNode1:0.0.0.0:9872], old=null
2020-04-28 14:38:14,469 [omNode1@group-3464CFB7038B-LeaderElection6] INFO  impl.LeaderElection (LeaderElection.java:askForVotes(206)) - omNode1@group-3464CFB7038B-LeaderElection6: begin an election at term 931 for -1: [omNode2:122.0.0.122:9872, omNode1:0.0.0.0:9872], old=null
2020-04-28 14:38:14,606 [omNode1@group-3464CFB7038B-LeaderElection6] INFO  impl.LeaderElection (LeaderElection.java:logAndReturn(61)) - omNode1@group-3464CFB7038B-LeaderElection6: Election TIMEOUT; received 0 response(s) [] and 0 exception(s); omNode1@group-3464CFB7038B:t931, leader=null, voted=omNode1, raftlog=omNode1@group-3464CFB7038B-SegmentedRaftLog:OPENED:c-1,f-1,i0, conf=-1: [omNode2:122.0.0.122:9872, omNode1:0.0.0.0:9872], old=null
2020-04-28 14:38:14,607 [omNode1@group-3464CFB7038B-LeaderElection6] INFO  impl.LeaderElection (LeaderElection.java:askForVotes(206)) - omNode1@group-3464CFB7038B-LeaderElection6: begin an election at term 932 for -1: [omNode2:122.0.0.122:9872, omNode1:0.0.0.0:9872], old=null
2020-04-28 14:38:14,706 [omNode1@group-3464CFB7038B-LeaderElection6] INFO  impl.LeaderElection (LeaderElection.java:logAndReturn(61)) - omNode1@group-3464CFB7038B-LeaderElection6: Election TIMEOUT; received 0 response(s) [] and 0 exception(s); omNode1@group-3464CFB7038B:t932, leader=null, voted=omNode1, raftlog=omNode1@group-3464CFB7038B-SegmentedRaftLog:OPENED:c-1,f-1,i0, conf=-1: [omNode2:122.0.0.122:9872, omNode1:0.0.0.0:9872], old=null
2020-04-28 14:38:14,707 [omNode1@group-3464CFB7038B-LeaderElection6] INFO  impl.LeaderElection (LeaderElection.java:askForVotes(206)) - omNode1@group-3464CFB7038B-LeaderElection6: begin an election at term 933 for -1: [omNode2:122.0.0.122:9872, omNode1:0.0.0.0:9872], old=null
2020-04-28 14:38:14,793 [main] INFO  ozone.MiniOzoneClusterImpl (MiniOzoneClusterImpl.java:lambda$waitForClusterToBeReady$0(177)) - Nodes are ready. Got 3 of 3 DN Heartbeats.
2020-04-28 14:38:14,793 [main] INFO  ozone.MiniOzoneClusterImpl (MiniOzoneClusterImpl.java:lambda$waitForClusterToBeReady$0(180)) - Waiting for cluster to exit safe mode
2020-04-28 14:38:14,811 [omNode1@group-3464CFB7038B-LeaderElection6] INFO  impl.LeaderElection (LeaderElection.java:logAndReturn(61)) - omNode1@group-3464CFB7038B-LeaderElection6: Election TIMEOUT; received 0 response(s) [] and 0 exception(s); omNode1@group-3464CFB7038B:t933, leader=null, voted=omNode1, raftlog=omNode1@group-3464CFB7038B-SegmentedRaftLog:OPENED:c-1,f-1,i0, conf=-1: [omNode2:122.0.0.122:9872, omNode1:0.0.0.0:9872], old=null
2020-04-28 14:38:14,812 [omNode1@group-3464CFB7038B-LeaderElection6] INFO  impl.LeaderElection (LeaderElection.java:askForVotes(206)) - omNode1@group-3464CFB7038B-LeaderElection6: begin an election at term 934 for -1: [omNode2:122.0.0.122:9872, omNode1:0.0.0.0:9872], old=null
2020-04-28 14:38:15,006 [omNode1@group-3464CFB7038B-LeaderElection6] INFO  impl.LeaderElection (LeaderElection.java:logAndReturn(61)) - omNode1@group-3464CFB7038B-LeaderElection6: Election TIMEOUT; received 0 response(s) [] and 0 exception(s); omNode1@group-3464CFB7038B:t934, leader=null, voted=omNode1, raftlog=omNode1@group-3464CFB7038B-SegmentedRaftLog:OPENED:c-1,f-1,i0, conf=-1: [omNode2:122.0.0.122:9872, omNode1:0.0.0.0:9872], old=null
2020-04-28 14:38:15,008 [omNode1@group-3464CFB7038B-LeaderElection6] INFO  impl.LeaderElection (LeaderElection.java:askForVotes(206)) - omNode1@group-3464CFB7038B-LeaderElection6: begin an election at term 935 for -1: [omNode2:122.0.0.122:9872, omNode1:0.0.0.0:9872], old=null
2020-04-28 14:38:15,137 [omNode1@group-3464CFB7038B-LeaderElection6] INFO  impl.LeaderElection (LeaderElection.java:logAndReturn(61)) - omNode1@group-3464CFB7038B-LeaderElection6: Election TIMEOUT; received 0 response(s) [] and 0 exception(s); omNode1@group-3464CFB7038B:t935, leader=null, voted=omNode1, raftlog=omNode1@group-3464CFB7038B-SegmentedRaftLog:OPENED:c-1,f-1,i0, conf=-1: [omNode2:122.0.0.122:9872, omNode1:0.0.0.0:9872], old=null
2020-04-28 14:38:15,139 [omNode1@group-3464CFB7038B-LeaderElection6] INFO  impl.LeaderElection (LeaderElection.java:askForVotes(206)) - omNode1@group-3464CFB7038B-LeaderElection6: begin an election at term 936 for -1: [omNode2:122.0.0.122:9872, omNode1:0.0.0.0:9872], old=null
2020-04-28 14:38:15,223 [omNode1@group-3464CFB7038B-LeaderElection6] INFO  impl.LeaderElection (LeaderElection.java:logAndReturn(61)) - omNode1@group-3464CFB7038B-LeaderElection6: Election TIMEOUT; received 0 response(s) [] and 0 exception(s); omNode1@group-3464CFB7038B:t936, leader=null, voted=omNode1, raftlog=omNode1@group-3464CFB7038B-SegmentedRaftLog:OPENED:c-1,f-1,i0, conf=-1: [omNode2:122.0.0.122:9872, omNode1:0.0.0.0:9872], old=null
2020-04-28 14:38:15,224 [omNode1@group-3464CFB7038B-LeaderElection6] INFO  impl.LeaderElection (LeaderElection.java:askForVotes(206)) - omNode1@group-3464CFB7038B-LeaderElection6: begin an election at term 937 for -1: [omNode2:122.0.0.122:9872, omNode1:0.0.0.0:9872], old=null
2020-04-28 14:38:15,315 [omNode1@group-3464CFB7038B-LeaderElection6] INFO  impl.LeaderElection (LeaderElection.java:logAndReturn(61)) - omNode1@group-3464CFB7038B-LeaderElection6: Election TIMEOUT; received 0 response(s) [] and 0 exception(s); omNode1@group-3464CFB7038B:t937, leader=null, voted=omNode1, raftlog=omNode1@group-3464CFB7038B-SegmentedRaftLog:OPENED:c-1,f-1,i0, conf=-1: [omNode2:122.0.0.122:9872, omNode1:0.0.0.0:9872], old=null
2020-04-28 14:38:15,317 [omNode1@group-3464CFB7038B-LeaderElection6] INFO  impl.LeaderElection (LeaderElection.java:askForVotes(206)) - omNode1@group-3464CFB7038B-LeaderElection6: begin an election at term 938 for -1: [omNode2:122.0.0.122:9872, omNode1:0.0.0.0:9872], old=null
2020-04-28 14:38:15,485 [omNode1@group-3464CFB7038B-LeaderElection6] INFO  impl.LeaderElection (LeaderElection.java:logAndReturn(61)) - omNode1@group-3464CFB7038B-LeaderElection6: Election TIMEOUT; received 0 response(s) [] and 0 exception(s); omNode1@group-3464CFB7038B:t938, leader=null, voted=omNode1, raftlog=omNode1@group-3464CFB7038B-SegmentedRaftLog:OPENED:c-1,f-1,i0, conf=-1: [omNode2:122.0.0.122:9872, omNode1:0.0.0.0:9872], old=null
2020-04-28 14:38:15,486 [omNode1@group-3464CFB7038B-LeaderElection6] INFO  impl.LeaderElection (LeaderElection.java:askForVotes(206)) - omNode1@group-3464CFB7038B-LeaderElection6: begin an election at term 939 for -1: [omNode2:122.0.0.122:9872, omNode1:0.0.0.0:9872], old=null
2020-04-28 14:38:15,491 [omNode1@group-3464CFB7038B-LeaderElection6] INFO  impl.LeaderElection (LeaderElection.java:logAndReturn(61)) - omNode1@group-3464CFB7038B-LeaderElection6: Election TIMEOUT; received 0 response(s) [] and 0 exception(s); omNode1@group-3464CFB7038B:t939, leader=null, voted=omNode1, raftlog=omNode1@group-3464CFB7038B-SegmentedRaftLog:OPENED:c-1,f-1,i0, conf=-1: [omNode2:122.0.0.122:9872, omNode1:0.0.0.0:9872], old=null
2020-04-28 14:38:15,492 [omNode1@group-3464CFB7038B-LeaderElection6] INFO  impl.LeaderElection (LeaderElection.java:askForVotes(206)) - omNode1@group-3464CFB7038B-LeaderElection6: begin an election at term 940 for -1: [omNode2:122.0.0.122:9872, omNode1:0.0.0.0:9872], old=null
2020-04-28 14:38:15,513 [omNode1@group-3464CFB7038B-LeaderElection6] INFO  impl.LeaderElection (LeaderElection.java:logAndReturn(61)) - omNode1@group-3464CFB7038B-LeaderElection6: Election TIMEOUT; received 0 response(s) [] and 0 exception(s); omNode1@group-3464CFB7038B:t940, leader=null, voted=omNode1, raftlog=omNode1@group-3464CFB7038B-SegmentedRaftLog:OPENED:c-1,f-1,i0, conf=-1: [omNode2:122.0.0.122:9872, omNode1:0.0.0.0:9872], old=null
2020-04-28 14:38:15,514 [omNode1@group-3464CFB7038B-LeaderElection6] INFO  impl.LeaderElection (LeaderElection.java:askForVotes(206)) - omNode1@group-3464CFB7038B-LeaderElection6: begin an election at term 941 for -1: [omNode2:122.0.0.122:9872, omNode1:0.0.0.0:9872], old=null
2020-04-28 14:38:15,558 [omNode1@group-3464CFB7038B-LeaderElection6] INFO  impl.LeaderElection (LeaderElection.java:logAndReturn(61)) - omNode1@group-3464CFB7038B-LeaderElection6: Election TIMEOUT; received 0 response(s) [] and 0 exception(s); omNode1@group-3464CFB7038B:t941, leader=null, voted=omNode1, raftlog=omNode1@group-3464CFB7038B-SegmentedRaftLog:OPENED:c-1,f-1,i0, conf=-1: [omNode2:122.0.0.122:9872, omNode1:0.0.0.0:9872], old=null
2020-04-28 14:38:15,559 [omNode1@group-3464CFB7038B-LeaderElection6] INFO  impl.LeaderElection (LeaderElection.java:askForVotes(206)) - omNode1@group-3464CFB7038B-LeaderElection6: begin an election at term 942 for -1: [omNode2:122.0.0.122:9872, omNode1:0.0.0.0:9872], old=null
2020-04-28 14:38:15,608 [omNode1@group-3464CFB7038B-LeaderElection6] INFO  impl.LeaderElection (LeaderElection.java:logAndReturn(61)) - omNode1@group-3464CFB7038B-LeaderElection6: Election TIMEOUT; received 0 response(s) [] and 0 exception(s); omNode1@group-3464CFB7038B:t942, leader=null, voted=omNode1, raftlog=omNode1@group-3464CFB7038B-SegmentedRaftLog:OPENED:c-1,f-1,i0, conf=-1: [omNode2:122.0.0.122:9872, omNode1:0.0.0.0:9872], old=null
2020-04-28 14:38:15,610 [omNode1@group-3464CFB7038B-LeaderElection6] INFO  impl.LeaderElection (LeaderElection.java:askForVotes(206)) - omNode1@group-3464CFB7038B-LeaderElection6: begin an election at term 943 for -1: [omNode2:122.0.0.122:9872, omNode1:0.0.0.0:9872], old=null
2020-04-28 14:38:15,793 [main] INFO  ozone.MiniOzoneClusterImpl (MiniOzoneClusterImpl.java:lambda$waitForClusterToBeReady$0(177)) - Nodes are ready. Got 3 of 3 DN Heartbeats.
2020-04-28 14:38:15,793 [main] INFO  ozone.MiniOzoneClusterImpl (MiniOzoneClusterImpl.java:lambda$waitForClusterToBeReady$0(180)) - Waiting for cluster to exit safe mode
2020-04-28 14:38:15,805 [omNode1@group-3464CFB7038B-LeaderElection6] INFO  impl.LeaderElection (LeaderElection.java:logAndReturn(61)) - omNode1@group-3464CFB7038B-LeaderElection6: Election TIMEOUT; received 0 response(s) [] and 0 exception(s); omNode1@group-3464CFB7038B:t943, leader=null, voted=omNode1, raftlog=omNode1@group-3464CFB7038B-SegmentedRaftLog:OPENED:c-1,f-1,i0, conf=-1: [omNode2:122.0.0.122:9872, omNode1:0.0.0.0:9872], old=null
2020-04-28 14:38:15,806 [omNode1@group-3464CFB7038B-LeaderElection6] INFO  impl.LeaderElection (LeaderElection.java:askForVotes(206)) - omNode1@group-3464CFB7038B-LeaderElection6: begin an election at term 944 for -1: [omNode2:122.0.0.122:9872, omNode1:0.0.0.0:9872], old=null
2020-04-28 14:38:15,833 [omNode1@group-3464CFB7038B-LeaderElection6] INFO  impl.LeaderElection (LeaderElection.java:logAndReturn(61)) - omNode1@group-3464CFB7038B-LeaderElection6: Election TIMEOUT; received 0 response(s) [] and 0 exception(s); omNode1@group-3464CFB7038B:t944, leader=null, voted=omNode1, raftlog=omNode1@group-3464CFB7038B-SegmentedRaftLog:OPENED:c-1,f-1,i0, conf=-1: [omNode2:122.0.0.122:9872, omNode1:0.0.0.0:9872], old=null
2020-04-28 14:38:15,834 [omNode1@group-3464CFB7038B-LeaderElection6] INFO  impl.LeaderElection (LeaderElection.java:askForVotes(206)) - omNode1@group-3464CFB7038B-LeaderElection6: begin an election at term 945 for -1: [omNode2:122.0.0.122:9872, omNode1:0.0.0.0:9872], old=null
2020-04-28 14:38:15,872 [omNode1@group-3464CFB7038B-LeaderElection6] INFO  impl.LeaderElection (LeaderElection.java:logAndReturn(61)) - omNode1@group-3464CFB7038B-LeaderElection6: Election TIMEOUT; received 0 response(s) [] and 0 exception(s); omNode1@group-3464CFB7038B:t945, leader=null, voted=omNode1, raftlog=omNode1@group-3464CFB7038B-SegmentedRaftLog:OPENED:c-1,f-1,i0, conf=-1: [omNode2:122.0.0.122:9872, omNode1:0.0.0.0:9872], old=null
2020-04-28 14:38:15,873 [omNode1@group-3464CFB7038B-LeaderElection6] INFO  impl.LeaderElection (LeaderElection.java:askForVotes(206)) - omNode1@group-3464CFB7038B-LeaderElection6: begin an election at term 946 for -1: [omNode2:122.0.0.122:9872, omNode1:0.0.0.0:9872], old=null
2020-04-28 14:38:15,947 [omNode1@group-3464CFB7038B-LeaderElection6] INFO  impl.LeaderElection (LeaderElection.java:logAndReturn(61)) - omNode1@group-3464CFB7038B-LeaderElection6: Election TIMEOUT; received 0 response(s) [] and 0 exception(s); omNode1@group-3464CFB7038B:t946, leader=null, voted=omNode1, raftlog=omNode1@group-3464CFB7038B-SegmentedRaftLog:OPENED:c-1,f-1,i0, conf=-1: [omNode2:122.0.0.122:9872, omNode1:0.0.0.0:9872], old=null
2020-04-28 14:38:15,948 [omNode1@group-3464CFB7038B-LeaderElection6] INFO  impl.LeaderElection (LeaderElection.java:askForVotes(206)) - omNode1@group-3464CFB7038B-LeaderElection6: begin an election at term 947 for -1: [omNode2:122.0.0.122:9872, omNode1:0.0.0.0:9872], old=null
2020-04-28 14:38:16,084 [omNode1@group-3464CFB7038B-LeaderElection6] INFO  impl.LeaderElection (LeaderElection.java:logAndReturn(61)) - omNode1@group-3464CFB7038B-LeaderElection6: Election TIMEOUT; received 0 response(s) [] and 0 exception(s); omNode1@group-3464CFB7038B:t947, leader=null, voted=omNode1, raftlog=omNode1@group-3464CFB7038B-SegmentedRaftLog:OPENED:c-1,f-1,i0, conf=-1: [omNode2:122.0.0.122:9872, omNode1:0.0.0.0:9872], old=null
2020-04-28 14:38:16,086 [omNode1@group-3464CFB7038B-LeaderElection6] INFO  impl.LeaderElection (LeaderElection.java:askForVotes(206)) - omNode1@group-3464CFB7038B-LeaderElection6: begin an election at term 948 for -1: [omNode2:122.0.0.122:9872, omNode1:0.0.0.0:9872], old=null
2020-04-28 14:38:16,161 [omNode1@group-3464CFB7038B-LeaderElection6] INFO  impl.LeaderElection (LeaderElection.java:logAndReturn(61)) - omNode1@group-3464CFB7038B-LeaderElection6: Election TIMEOUT; received 0 response(s) [] and 0 exception(s); omNode1@group-3464CFB7038B:t948, leader=null, voted=omNode1, raftlog=omNode1@group-3464CFB7038B-SegmentedRaftLog:OPENED:c-1,f-1,i0, conf=-1: [omNode2:122.0.0.122:9872, omNode1:0.0.0.0:9872], old=null
2020-04-28 14:38:16,163 [omNode1@group-3464CFB7038B-LeaderElection6] INFO  impl.LeaderElection (LeaderElection.java:askForVotes(206)) - omNode1@group-3464CFB7038B-LeaderElection6: begin an election at term 949 for -1: [omNode2:122.0.0.122:9872, omNode1:0.0.0.0:9872], old=null
2020-04-28 14:38:16,277 [omNode1@group-3464CFB7038B-LeaderElection6] INFO  impl.LeaderElection (LeaderElection.java:logAndReturn(61)) - omNode1@group-3464CFB7038B-LeaderElection6: Election TIMEOUT; received 0 response(s) [] and 0 exception(s); omNode1@group-3464CFB7038B:t949, leader=null, voted=omNode1, raftlog=omNode1@group-3464CFB7038B-SegmentedRaftLog:OPENED:c-1,f-1,i0, conf=-1: [omNode2:122.0.0.122:9872, omNode1:0.0.0.0:9872], old=null
2020-04-28 14:38:16,279 [omNode1@group-3464CFB7038B-LeaderElection6] INFO  impl.LeaderElection (LeaderElection.java:askForVotes(206)) - omNode1@group-3464CFB7038B-LeaderElection6: begin an election at term 950 for -1: [omNode2:122.0.0.122:9872, omNode1:0.0.0.0:9872], old=null
2020-04-28 14:38:16,348 [omNode1@group-3464CFB7038B-LeaderElection6] INFO  impl.LeaderElection (LeaderElection.java:logAndReturn(61)) - omNode1@group-3464CFB7038B-LeaderElection6: Election TIMEOUT; received 0 response(s) [] and 0 exception(s); omNode1@group-3464CFB7038B:t950, leader=null, voted=omNode1, raftlog=omNode1@group-3464CFB7038B-SegmentedRaftLog:OPENED:c-1,f-1,i0, conf=-1: [omNode2:122.0.0.122:9872, omNode1:0.0.0.0:9872], old=null
2020-04-28 14:38:16,349 [omNode1@group-3464CFB7038B-LeaderElection6] INFO  impl.LeaderElection (LeaderElection.java:askForVotes(206)) - omNode1@group-3464CFB7038B-LeaderElection6: begin an election at term 951 for -1: [omNode2:122.0.0.122:9872, omNode1:0.0.0.0:9872], old=null
2020-04-28 14:38:16,373 [omNode1@group-3464CFB7038B-LeaderElection6] INFO  impl.LeaderElection (LeaderElection.java:logAndReturn(61)) - omNode1@group-3464CFB7038B-LeaderElection6: Election TIMEOUT; received 0 response(s) [] and 0 exception(s); omNode1@group-3464CFB7038B:t951, leader=null, voted=omNode1, raftlog=omNode1@group-3464CFB7038B-SegmentedRaftLog:OPENED:c-1,f-1,i0, conf=-1: [omNode2:122.0.0.122:9872, omNode1:0.0.0.0:9872], old=null
2020-04-28 14:38:16,374 [omNode1@group-3464CFB7038B-LeaderElection6] INFO  impl.LeaderElection (LeaderElection.java:askForVotes(206)) - omNode1@group-3464CFB7038B-LeaderElection6: begin an election at term 952 for -1: [omNode2:122.0.0.122:9872, omNode1:0.0.0.0:9872], old=null
2020-04-28 14:38:16,416 [omNode1@group-3464CFB7038B-LeaderElection6] INFO  impl.LeaderElection (LeaderElection.java:logAndReturn(61)) - omNode1@group-3464CFB7038B-LeaderElection6: Election TIMEOUT; received 0 response(s) [] and 0 exception(s); omNode1@group-3464CFB7038B:t952, leader=null, voted=omNode1, raftlog=omNode1@group-3464CFB7038B-SegmentedRaftLog:OPENED:c-1,f-1,i0, conf=-1: [omNode2:122.0.0.122:9872, omNode1:0.0.0.0:9872], old=null
2020-04-28 14:38:16,418 [omNode1@group-3464CFB7038B-LeaderElection6] INFO  impl.LeaderElection (LeaderElection.java:askForVotes(206)) - omNode1@group-3464CFB7038B-LeaderElection6: begin an election at term 953 for -1: [omNode2:122.0.0.122:9872, omNode1:0.0.0.0:9872], old=null
2020-04-28 14:38:16,440 [omNode1@group-3464CFB7038B-LeaderElection6] INFO  impl.LeaderElection (LeaderElection.java:logAndReturn(61)) - omNode1@group-3464CFB7038B-LeaderElection6: Election TIMEOUT; received 0 response(s) [] and 0 exception(s); omNode1@group-3464CFB7038B:t953, leader=null, voted=omNode1, raftlog=omNode1@group-3464CFB7038B-SegmentedRaftLog:OPENED:c-1,f-1,i0, conf=-1: [omNode2:122.0.0.122:9872, omNode1:0.0.0.0:9872], old=null
2020-04-28 14:38:16,441 [omNode1@group-3464CFB7038B-LeaderElection6] INFO  impl.LeaderElection (LeaderElection.java:askForVotes(206)) - omNode1@group-3464CFB7038B-LeaderElection6: begin an election at term 954 for -1: [omNode2:122.0.0.122:9872, omNode1:0.0.0.0:9872], old=null
2020-04-28 14:38:16,508 [omNode1@group-3464CFB7038B-LeaderElection6] INFO  impl.LeaderElection (LeaderElection.java:logAndReturn(61)) - omNode1@group-3464CFB7038B-LeaderElection6: Election TIMEOUT; received 0 response(s) [] and 0 exception(s); omNode1@group-3464CFB7038B:t954, leader=null, voted=omNode1, raftlog=omNode1@group-3464CFB7038B-SegmentedRaftLog:OPENED:c-1,f-1,i0, conf=-1: [omNode2:122.0.0.122:9872, omNode1:0.0.0.0:9872], old=null
2020-04-28 14:38:16,510 [omNode1@group-3464CFB7038B-LeaderElection6] INFO  impl.LeaderElection (LeaderElection.java:askForVotes(206)) - omNode1@group-3464CFB7038B-LeaderElection6: begin an election at term 955 for -1: [omNode2:122.0.0.122:9872, omNode1:0.0.0.0:9872], old=null
2020-04-28 14:38:16,641 [omNode1@group-3464CFB7038B-LeaderElection6] INFO  impl.LeaderElection (LeaderElection.java:logAndReturn(61)) - omNode1@group-3464CFB7038B-LeaderElection6: Election TIMEOUT; received 0 response(s) [] and 0 exception(s); omNode1@group-3464CFB7038B:t955, leader=null, voted=omNode1, raftlog=omNode1@group-3464CFB7038B-SegmentedRaftLog:OPENED:c-1,f-1,i0, conf=-1: [omNode2:122.0.0.122:9872, omNode1:0.0.0.0:9872], old=null
2020-04-28 14:38:16,642 [omNode1@group-3464CFB7038B-LeaderElection6] INFO  impl.LeaderElection (LeaderElection.java:askForVotes(206)) - omNode1@group-3464CFB7038B-LeaderElection6: begin an election at term 956 for -1: [omNode2:122.0.0.122:9872, omNode1:0.0.0.0:9872], old=null
2020-04-28 14:38:16,695 [omNode1@group-3464CFB7038B-LeaderElection6] INFO  impl.LeaderElection (LeaderElection.java:logAndReturn(61)) - omNode1@group-3464CFB7038B-LeaderElection6: Election TIMEOUT; received 0 response(s) [] and 0 exception(s); omNode1@group-3464CFB7038B:t956, leader=null, voted=omNode1, raftlog=omNode1@group-3464CFB7038B-SegmentedRaftLog:OPENED:c-1,f-1,i0, conf=-1: [omNode2:122.0.0.122:9872, omNode1:0.0.0.0:9872], old=null
2020-04-28 14:38:16,696 [omNode1@group-3464CFB7038B-LeaderElection6] INFO  impl.LeaderElection (LeaderElection.java:askForVotes(206)) - omNode1@group-3464CFB7038B-LeaderElection6: begin an election at term 957 for -1: [omNode2:122.0.0.122:9872, omNode1:0.0.0.0:9872], old=null
2020-04-28 14:38:16,746 [omNode1@group-3464CFB7038B-LeaderElection6] INFO  impl.LeaderElection (LeaderElection.java:logAndReturn(61)) - omNode1@group-3464CFB7038B-LeaderElection6: Election TIMEOUT; received 0 response(s) [] and 0 exception(s); omNode1@group-3464CFB7038B:t957, leader=null, voted=omNode1, raftlog=omNode1@group-3464CFB7038B-SegmentedRaftLog:OPENED:c-1,f-1,i0, conf=-1: [omNode2:122.0.0.122:9872, omNode1:0.0.0.0:9872], old=null
2020-04-28 14:38:16,747 [omNode1@group-3464CFB7038B-LeaderElection6] INFO  impl.LeaderElection (LeaderElection.java:askForVotes(206)) - omNode1@group-3464CFB7038B-LeaderElection6: begin an election at term 958 for -1: [omNode2:122.0.0.122:9872, omNode1:0.0.0.0:9872], old=null
2020-04-28 14:38:16,794 [main] INFO  ozone.MiniOzoneClusterImpl (MiniOzoneClusterImpl.java:lambda$waitForClusterToBeReady$0(177)) - Nodes are ready. Got 3 of 3 DN Heartbeats.
2020-04-28 14:38:16,794 [main] INFO  ozone.MiniOzoneClusterImpl (MiniOzoneClusterImpl.java:lambda$waitForClusterToBeReady$0(180)) - Waiting for cluster to exit safe mode
2020-04-28 14:38:16,948 [omNode1@group-3464CFB7038B-LeaderElection6] INFO  impl.LeaderElection (LeaderElection.java:logAndReturn(61)) - omNode1@group-3464CFB7038B-LeaderElection6: Election TIMEOUT; received 0 response(s) [] and 0 exception(s); omNode1@group-3464CFB7038B:t958, leader=null, voted=omNode1, raftlog=omNode1@group-3464CFB7038B-SegmentedRaftLog:OPENED:c-1,f-1,i0, conf=-1: [omNode2:122.0.0.122:9872, omNode1:0.0.0.0:9872], old=null
2020-04-28 14:38:16,952 [omNode1@group-3464CFB7038B-LeaderElection6] INFO  impl.LeaderElection (LeaderElection.java:askForVotes(206)) - omNode1@group-3464CFB7038B-LeaderElection6: begin an election at term 959 for -1: [omNode2:122.0.0.122:9872, omNode1:0.0.0.0:9872], old=null
2020-04-28 14:38:17,037 [omNode1@group-3464CFB7038B-LeaderElection6] INFO  impl.LeaderElection (LeaderElection.java:logAndReturn(61)) - omNode1@group-3464CFB7038B-LeaderElection6: Election TIMEOUT; received 0 response(s) [] and 0 exception(s); omNode1@group-3464CFB7038B:t959, leader=null, voted=omNode1, raftlog=omNode1@group-3464CFB7038B-SegmentedRaftLog:OPENED:c-1,f-1,i0, conf=-1: [omNode2:122.0.0.122:9872, omNode1:0.0.0.0:9872], old=null
2020-04-28 14:38:17,038 [omNode1@group-3464CFB7038B-LeaderElection6] INFO  impl.LeaderElection (LeaderElection.java:askForVotes(206)) - omNode1@group-3464CFB7038B-LeaderElection6: begin an election at term 960 for -1: [omNode2:122.0.0.122:9872, omNode1:0.0.0.0:9872], old=null
2020-04-28 14:38:17,162 [omNode1@group-3464CFB7038B-LeaderElection6] INFO  impl.LeaderElection (LeaderElection.java:logAndReturn(61)) - omNode1@group-3464CFB7038B-LeaderElection6: Election TIMEOUT; received 0 response(s) [] and 0 exception(s); omNode1@group-3464CFB7038B:t960, leader=null, voted=omNode1, raftlog=omNode1@group-3464CFB7038B-SegmentedRaftLog:OPENED:c-1,f-1,i0, conf=-1: [omNode2:122.0.0.122:9872, omNode1:0.0.0.0:9872], old=null
2020-04-28 14:38:17,163 [omNode1@group-3464CFB7038B-LeaderElection6] INFO  impl.LeaderElection (LeaderElection.java:askForVotes(206)) - omNode1@group-3464CFB7038B-LeaderElection6: begin an election at term 961 for -1: [omNode2:122.0.0.122:9872, omNode1:0.0.0.0:9872], old=null
2020-04-28 14:38:17,307 [omNode1@group-3464CFB7038B-LeaderElection6] INFO  impl.LeaderElection (LeaderElection.java:logAndReturn(61)) - omNode1@group-3464CFB7038B-LeaderElection6: Election TIMEOUT; received 0 response(s) [] and 0 exception(s); omNode1@group-3464CFB7038B:t961, leader=null, voted=omNode1, raftlog=omNode1@group-3464CFB7038B-SegmentedRaftLog:OPENED:c-1,f-1,i0, conf=-1: [omNode2:122.0.0.122:9872, omNode1:0.0.0.0:9872], old=null
2020-04-28 14:38:17,308 [omNode1@group-3464CFB7038B-LeaderElection6] INFO  impl.LeaderElection (LeaderElection.java:askForVotes(206)) - omNode1@group-3464CFB7038B-LeaderElection6: begin an election at term 962 for -1: [omNode2:122.0.0.122:9872, omNode1:0.0.0.0:9872], old=null
2020-04-28 14:38:17,453 [omNode1@group-3464CFB7038B-LeaderElection6] INFO  impl.LeaderElection (LeaderElection.java:logAndReturn(61)) - omNode1@group-3464CFB7038B-LeaderElection6: Election TIMEOUT; received 0 response(s) [] and 0 exception(s); omNode1@group-3464CFB7038B:t962, leader=null, voted=omNode1, raftlog=omNode1@group-3464CFB7038B-SegmentedRaftLog:OPENED:c-1,f-1,i0, conf=-1: [omNode2:122.0.0.122:9872, omNode1:0.0.0.0:9872], old=null
2020-04-28 14:38:17,454 [omNode1@group-3464CFB7038B-LeaderElection6] INFO  impl.LeaderElection (LeaderElection.java:askForVotes(206)) - omNode1@group-3464CFB7038B-LeaderElection6: begin an election at term 963 for -1: [omNode2:122.0.0.122:9872, omNode1:0.0.0.0:9872], old=null
2020-04-28 14:38:17,548 [omNode1@group-3464CFB7038B-LeaderElection6] INFO  impl.LeaderElection (LeaderElection.java:logAndReturn(61)) - omNode1@group-3464CFB7038B-LeaderElection6: Election TIMEOUT; received 0 response(s) [] and 0 exception(s); omNode1@group-3464CFB7038B:t963, leader=null, voted=omNode1, raftlog=omNode1@group-3464CFB7038B-SegmentedRaftLog:OPENED:c-1,f-1,i0, conf=-1: [omNode2:122.0.0.122:9872, omNode1:0.0.0.0:9872], old=null
2020-04-28 14:38:17,550 [omNode1@group-3464CFB7038B-LeaderElection6] INFO  impl.LeaderElection (LeaderElection.java:askForVotes(206)) - omNode1@group-3464CFB7038B-LeaderElection6: begin an election at term 964 for -1: [omNode2:122.0.0.122:9872, omNode1:0.0.0.0:9872], old=null
2020-04-28 14:38:17,692 [omNode1@group-3464CFB7038B-LeaderElection6] INFO  impl.LeaderElection (LeaderElection.java:logAndReturn(61)) - omNode1@group-3464CFB7038B-LeaderElection6: Election TIMEOUT; received 0 response(s) [] and 0 exception(s); omNode1@group-3464CFB7038B:t964, leader=null, voted=omNode1, raftlog=omNode1@group-3464CFB7038B-SegmentedRaftLog:OPENED:c-1,f-1,i0, conf=-1: [omNode2:122.0.0.122:9872, omNode1:0.0.0.0:9872], old=null
2020-04-28 14:38:17,693 [omNode1@group-3464CFB7038B-LeaderElection6] INFO  impl.LeaderElection (LeaderElection.java:askForVotes(206)) - omNode1@group-3464CFB7038B-LeaderElection6: begin an election at term 965 for -1: [omNode2:122.0.0.122:9872, omNode1:0.0.0.0:9872], old=null
2020-04-28 14:38:17,794 [main] INFO  ozone.MiniOzoneClusterImpl (MiniOzoneClusterImpl.java:lambda$waitForClusterToBeReady$0(177)) - Nodes are ready. Got 3 of 3 DN Heartbeats.
2020-04-28 14:38:17,795 [main] INFO  ozone.MiniOzoneClusterImpl (MiniOzoneClusterImpl.java:lambda$waitForClusterToBeReady$0(180)) - Waiting for cluster to exit safe mode
2020-04-28 14:38:17,801 [omNode1@group-3464CFB7038B-LeaderElection6] INFO  impl.LeaderElection (LeaderElection.java:logAndReturn(61)) - omNode1@group-3464CFB7038B-LeaderElection6: Election TIMEOUT; received 0 response(s) [] and 0 exception(s); omNode1@group-3464CFB7038B:t965, leader=null, voted=omNode1, raftlog=omNode1@group-3464CFB7038B-SegmentedRaftLog:OPENED:c-1,f-1,i0, conf=-1: [omNode2:122.0.0.122:9872, omNode1:0.0.0.0:9872], old=null
2020-04-28 14:38:17,802 [omNode1@group-3464CFB7038B-LeaderElection6] INFO  impl.LeaderElection (LeaderElection.java:askForVotes(206)) - omNode1@group-3464CFB7038B-LeaderElection6: begin an election at term 966 for -1: [omNode2:122.0.0.122:9872, omNode1:0.0.0.0:9872], old=null
2020-04-28 14:38:17,884 [omNode1@group-3464CFB7038B-LeaderElection6] INFO  impl.LeaderElection (LeaderElection.java:logAndReturn(61)) - omNode1@group-3464CFB7038B-LeaderElection6: Election TIMEOUT; received 0 response(s) [] and 0 exception(s); omNode1@group-3464CFB7038B:t966, leader=null, voted=omNode1, raftlog=omNode1@group-3464CFB7038B-SegmentedRaftLog:OPENED:c-1,f-1,i0, conf=-1: [omNode2:122.0.0.122:9872, omNode1:0.0.0.0:9872], old=null
2020-04-28 14:38:17,885 [omNode1@group-3464CFB7038B-LeaderElection6] INFO  impl.LeaderElection (LeaderElection.java:askForVotes(206)) - omNode1@group-3464CFB7038B-LeaderElection6: begin an election at term 967 for -1: [omNode2:122.0.0.122:9872, omNode1:0.0.0.0:9872], old=null
2020-04-28 14:38:17,984 [omNode1@group-3464CFB7038B-LeaderElection6] INFO  impl.LeaderElection (LeaderElection.java:logAndReturn(61)) - omNode1@group-3464CFB7038B-LeaderElection6: Election TIMEOUT; received 0 response(s) [] and 0 exception(s); omNode1@group-3464CFB7038B:t967, leader=null, voted=omNode1, raftlog=omNode1@group-3464CFB7038B-SegmentedRaftLog:OPENED:c-1,f-1,i0, conf=-1: [omNode2:122.0.0.122:9872, omNode1:0.0.0.0:9872], old=null
2020-04-28 14:38:17,986 [omNode1@group-3464CFB7038B-LeaderElection6] INFO  impl.LeaderElection (LeaderElection.java:askForVotes(206)) - omNode1@group-3464CFB7038B-LeaderElection6: begin an election at term 968 for -1: [omNode2:122.0.0.122:9872, omNode1:0.0.0.0:9872], old=null
2020-04-28 14:38:17,998 [omNode1@group-3464CFB7038B-LeaderElection6] INFO  impl.LeaderElection (LeaderElection.java:logAndReturn(61)) - omNode1@group-3464CFB7038B-LeaderElection6: Election TIMEOUT; received 0 response(s) [] and 0 exception(s); omNode1@group-3464CFB7038B:t968, leader=null, voted=omNode1, raftlog=omNode1@group-3464CFB7038B-SegmentedRaftLog:OPENED:c-1,f-1,i0, conf=-1: [omNode2:122.0.0.122:9872, omNode1:0.0.0.0:9872], old=null
2020-04-28 14:38:17,999 [omNode1@group-3464CFB7038B-LeaderElection6] INFO  impl.LeaderElection (LeaderElection.java:askForVotes(206)) - omNode1@group-3464CFB7038B-LeaderElection6: begin an election at term 969 for -1: [omNode2:122.0.0.122:9872, omNode1:0.0.0.0:9872], old=null
2020-04-28 14:38:18,081 [omNode1@group-3464CFB7038B-LeaderElection6] INFO  impl.LeaderElection (LeaderElection.java:logAndReturn(61)) - omNode1@group-3464CFB7038B-LeaderElection6: Election TIMEOUT; received 0 response(s) [] and 0 exception(s); omNode1@group-3464CFB7038B:t969, leader=null, voted=omNode1, raftlog=omNode1@group-3464CFB7038B-SegmentedRaftLog:OPENED:c-1,f-1,i0, conf=-1: [omNode2:122.0.0.122:9872, omNode1:0.0.0.0:9872], old=null
2020-04-28 14:38:18,082 [omNode1@group-3464CFB7038B-LeaderElection6] INFO  impl.LeaderElection (LeaderElection.java:askForVotes(206)) - omNode1@group-3464CFB7038B-LeaderElection6: begin an election at term 970 for -1: [omNode2:122.0.0.122:9872, omNode1:0.0.0.0:9872], old=null
2020-04-28 14:38:18,168 [omNode1@group-3464CFB7038B-LeaderElection6] INFO  impl.LeaderElection (LeaderElection.java:logAndReturn(61)) - omNode1@group-3464CFB7038B-LeaderElection6: Election TIMEOUT; received 0 response(s) [] and 0 exception(s); omNode1@group-3464CFB7038B:t970, leader=null, voted=omNode1, raftlog=omNode1@group-3464CFB7038B-SegmentedRaftLog:OPENED:c-1,f-1,i0, conf=-1: [omNode2:122.0.0.122:9872, omNode1:0.0.0.0:9872], old=null
2020-04-28 14:38:18,169 [omNode1@group-3464CFB7038B-LeaderElection6] INFO  impl.LeaderElection (LeaderElection.java:askForVotes(206)) - omNode1@group-3464CFB7038B-LeaderElection6: begin an election at term 971 for -1: [omNode2:122.0.0.122:9872, omNode1:0.0.0.0:9872], old=null
2020-04-28 14:38:18,217 [omNode1@group-3464CFB7038B-LeaderElection6] INFO  impl.LeaderElection (LeaderElection.java:logAndReturn(61)) - omNode1@group-3464CFB7038B-LeaderElection6: Election TIMEOUT; received 0 response(s) [] and 0 exception(s); omNode1@group-3464CFB7038B:t971, leader=null, voted=omNode1, raftlog=omNode1@group-3464CFB7038B-SegmentedRaftLog:OPENED:c-1,f-1,i0, conf=-1: [omNode2:122.0.0.122:9872, omNode1:0.0.0.0:9872], old=null
2020-04-28 14:38:18,219 [omNode1@group-3464CFB7038B-LeaderElection6] INFO  impl.LeaderElection (LeaderElection.java:askForVotes(206)) - omNode1@group-3464CFB7038B-LeaderElection6: begin an election at term 972 for -1: [omNode2:122.0.0.122:9872, omNode1:0.0.0.0:9872], old=null
2020-04-28 14:38:18,303 [omNode1@group-3464CFB7038B-LeaderElection6] INFO  impl.LeaderElection (LeaderElection.java:logAndReturn(61)) - omNode1@group-3464CFB7038B-LeaderElection6: Election TIMEOUT; received 0 response(s) [] and 0 exception(s); omNode1@group-3464CFB7038B:t972, leader=null, voted=omNode1, raftlog=omNode1@group-3464CFB7038B-SegmentedRaftLog:OPENED:c-1,f-1,i0, conf=-1: [omNode2:122.0.0.122:9872, omNode1:0.0.0.0:9872], old=null
2020-04-28 14:38:18,305 [omNode1@group-3464CFB7038B-LeaderElection6] INFO  impl.LeaderElection (LeaderElection.java:askForVotes(206)) - omNode1@group-3464CFB7038B-LeaderElection6: begin an election at term 973 for -1: [omNode2:122.0.0.122:9872, omNode1:0.0.0.0:9872], old=null
2020-04-28 14:38:18,374 [omNode1@group-3464CFB7038B-LeaderElection6] INFO  impl.LeaderElection (LeaderElection.java:logAndReturn(61)) - omNode1@group-3464CFB7038B-LeaderElection6: Election TIMEOUT; received 0 response(s) [] and 0 exception(s); omNode1@group-3464CFB7038B:t973, leader=null, voted=omNode1, raftlog=omNode1@group-3464CFB7038B-SegmentedRaftLog:OPENED:c-1,f-1,i0, conf=-1: [omNode2:122.0.0.122:9872, omNode1:0.0.0.0:9872], old=null
2020-04-28 14:38:18,375 [omNode1@group-3464CFB7038B-LeaderElection6] INFO  impl.LeaderElection (LeaderElection.java:askForVotes(206)) - omNode1@group-3464CFB7038B-LeaderElection6: begin an election at term 974 for -1: [omNode2:122.0.0.122:9872, omNode1:0.0.0.0:9872], old=null
2020-04-28 14:38:18,394 [omNode1@group-3464CFB7038B-LeaderElection6] INFO  impl.LeaderElection (LeaderElection.java:logAndReturn(61)) - omNode1@group-3464CFB7038B-LeaderElection6: Election TIMEOUT; received 0 response(s) [] and 0 exception(s); omNode1@group-3464CFB7038B:t974, leader=null, voted=omNode1, raftlog=omNode1@group-3464CFB7038B-SegmentedRaftLog:OPENED:c-1,f-1,i0, conf=-1: [omNode2:122.0.0.122:9872, omNode1:0.0.0.0:9872], old=null
2020-04-28 14:38:18,395 [omNode1@group-3464CFB7038B-LeaderElection6] INFO  impl.LeaderElection (LeaderElection.java:askForVotes(206)) - omNode1@group-3464CFB7038B-LeaderElection6: begin an election at term 975 for -1: [omNode2:122.0.0.122:9872, omNode1:0.0.0.0:9872], old=null
2020-04-28 14:38:18,589 [omNode1@group-3464CFB7038B-LeaderElection6] INFO  impl.LeaderElection (LeaderElection.java:logAndReturn(61)) - omNode1@group-3464CFB7038B-LeaderElection6: Election TIMEOUT; received 0 response(s) [] and 0 exception(s); omNode1@group-3464CFB7038B:t975, leader=null, voted=omNode1, raftlog=omNode1@group-3464CFB7038B-SegmentedRaftLog:OPENED:c-1,f-1,i0, conf=-1: [omNode2:122.0.0.122:9872, omNode1:0.0.0.0:9872], old=null
2020-04-28 14:38:18,590 [omNode1@group-3464CFB7038B-LeaderElection6] INFO  impl.LeaderElection (LeaderElection.java:askForVotes(206)) - omNode1@group-3464CFB7038B-LeaderElection6: begin an election at term 976 for -1: [omNode2:122.0.0.122:9872, omNode1:0.0.0.0:9872], old=null
2020-04-28 14:38:18,769 [omNode1@group-3464CFB7038B-LeaderElection6] INFO  impl.LeaderElection (LeaderElection.java:logAndReturn(61)) - omNode1@group-3464CFB7038B-LeaderElection6: Election TIMEOUT; received 0 response(s) [] and 0 exception(s); omNode1@group-3464CFB7038B:t976, leader=null, voted=omNode1, raftlog=omNode1@group-3464CFB7038B-SegmentedRaftLog:OPENED:c-1,f-1,i0, conf=-1: [omNode2:122.0.0.122:9872, omNode1:0.0.0.0:9872], old=null
2020-04-28 14:38:18,770 [omNode1@group-3464CFB7038B-LeaderElection6] INFO  impl.LeaderElection (LeaderElection.java:askForVotes(206)) - omNode1@group-3464CFB7038B-LeaderElection6: begin an election at term 977 for -1: [omNode2:122.0.0.122:9872, omNode1:0.0.0.0:9872], old=null
2020-04-28 14:38:18,795 [main] INFO  ozone.MiniOzoneClusterImpl (MiniOzoneClusterImpl.java:lambda$waitForClusterToBeReady$0(177)) - Nodes are ready. Got 3 of 3 DN Heartbeats.
2020-04-28 14:38:18,795 [main] INFO  ozone.MiniOzoneClusterImpl (MiniOzoneClusterImpl.java:lambda$waitForClusterToBeReady$0(180)) - Waiting for cluster to exit safe mode
2020-04-28 14:38:18,897 [omNode1@group-3464CFB7038B-LeaderElection6] INFO  impl.LeaderElection (LeaderElection.java:logAndReturn(61)) - omNode1@group-3464CFB7038B-LeaderElection6: Election TIMEOUT; received 0 response(s) [] and 0 exception(s); omNode1@group-3464CFB7038B:t977, leader=null, voted=omNode1, raftlog=omNode1@group-3464CFB7038B-SegmentedRaftLog:OPENED:c-1,f-1,i0, conf=-1: [omNode2:122.0.0.122:9872, omNode1:0.0.0.0:9872], old=null
2020-04-28 14:38:18,899 [omNode1@group-3464CFB7038B-LeaderElection6] INFO  impl.LeaderElection (LeaderElection.java:askForVotes(206)) - omNode1@group-3464CFB7038B-LeaderElection6: begin an election at term 978 for -1: [omNode2:122.0.0.122:9872, omNode1:0.0.0.0:9872], old=null
2020-04-28 14:38:18,978 [omNode1@group-3464CFB7038B-LeaderElection6] INFO  impl.LeaderElection (LeaderElection.java:logAndReturn(61)) - omNode1@group-3464CFB7038B-LeaderElection6: Election TIMEOUT; received 0 response(s) [] and 0 exception(s); omNode1@group-3464CFB7038B:t978, leader=null, voted=omNode1, raftlog=omNode1@group-3464CFB7038B-SegmentedRaftLog:OPENED:c-1,f-1,i0, conf=-1: [omNode2:122.0.0.122:9872, omNode1:0.0.0.0:9872], old=null
2020-04-28 14:38:18,980 [omNode1@group-3464CFB7038B-LeaderElection6] INFO  impl.LeaderElection (LeaderElection.java:askForVotes(206)) - omNode1@group-3464CFB7038B-LeaderElection6: begin an election at term 979 for -1: [omNode2:122.0.0.122:9872, omNode1:0.0.0.0:9872], old=null
2020-04-28 14:38:19,119 [omNode1@group-3464CFB7038B-LeaderElection6] INFO  impl.LeaderElection (LeaderElection.java:logAndReturn(61)) - omNode1@group-3464CFB7038B-LeaderElection6: Election TIMEOUT; received 0 response(s) [] and 0 exception(s); omNode1@group-3464CFB7038B:t979, leader=null, voted=omNode1, raftlog=omNode1@group-3464CFB7038B-SegmentedRaftLog:OPENED:c-1,f-1,i0, conf=-1: [omNode2:122.0.0.122:9872, omNode1:0.0.0.0:9872], old=null
2020-04-28 14:38:19,120 [omNode1@group-3464CFB7038B-LeaderElection6] INFO  impl.LeaderElection (LeaderElection.java:askForVotes(206)) - omNode1@group-3464CFB7038B-LeaderElection6: begin an election at term 980 for -1: [omNode2:122.0.0.122:9872, omNode1:0.0.0.0:9872], old=null
2020-04-28 14:38:19,248 [omNode1@group-3464CFB7038B-LeaderElection6] INFO  impl.LeaderElection (LeaderElection.java:logAndReturn(61)) - omNode1@group-3464CFB7038B-LeaderElection6: Election TIMEOUT; received 0 response(s) [] and 0 exception(s); omNode1@group-3464CFB7038B:t980, leader=null, voted=omNode1, raftlog=omNode1@group-3464CFB7038B-SegmentedRaftLog:OPENED:c-1,f-1,i0, conf=-1: [omNode2:122.0.0.122:9872, omNode1:0.0.0.0:9872], old=null
2020-04-28 14:38:19,250 [omNode1@group-3464CFB7038B-LeaderElection6] INFO  impl.LeaderElection (LeaderElection.java:askForVotes(206)) - omNode1@group-3464CFB7038B-LeaderElection6: begin an election at term 981 for -1: [omNode2:122.0.0.122:9872, omNode1:0.0.0.0:9872], old=null
2020-04-28 14:38:19,450 [omNode1@group-3464CFB7038B-LeaderElection6] INFO  impl.LeaderElection (LeaderElection.java:logAndReturn(61)) - omNode1@group-3464CFB7038B-LeaderElection6: Election TIMEOUT; received 0 response(s) [] and 0 exception(s); omNode1@group-3464CFB7038B:t981, leader=null, voted=omNode1, raftlog=omNode1@group-3464CFB7038B-SegmentedRaftLog:OPENED:c-1,f-1,i0, conf=-1: [omNode2:122.0.0.122:9872, omNode1:0.0.0.0:9872], old=null
2020-04-28 14:38:19,451 [omNode1@group-3464CFB7038B-LeaderElection6] INFO  impl.LeaderElection (LeaderElection.java:askForVotes(206)) - omNode1@group-3464CFB7038B-LeaderElection6: begin an election at term 982 for -1: [omNode2:122.0.0.122:9872, omNode1:0.0.0.0:9872], old=null
2020-04-28 14:38:19,556 [omNode1@group-3464CFB7038B-LeaderElection6] INFO  impl.LeaderElection (LeaderElection.java:logAndReturn(61)) - omNode1@group-3464CFB7038B-LeaderElection6: Election TIMEOUT; received 0 response(s) [] and 0 exception(s); omNode1@group-3464CFB7038B:t982, leader=null, voted=omNode1, raftlog=omNode1@group-3464CFB7038B-SegmentedRaftLog:OPENED:c-1,f-1,i0, conf=-1: [omNode2:122.0.0.122:9872, omNode1:0.0.0.0:9872], old=null
2020-04-28 14:38:19,557 [omNode1@group-3464CFB7038B-LeaderElection6] INFO  impl.LeaderElection (LeaderElection.java:askForVotes(206)) - omNode1@group-3464CFB7038B-LeaderElection6: begin an election at term 983 for -1: [omNode2:122.0.0.122:9872, omNode1:0.0.0.0:9872], old=null
2020-04-28 14:38:19,714 [omNode1@group-3464CFB7038B-LeaderElection6] INFO  impl.LeaderElection (LeaderElection.java:logAndReturn(61)) - omNode1@group-3464CFB7038B-LeaderElection6: Election TIMEOUT; received 0 response(s) [] and 0 exception(s); omNode1@group-3464CFB7038B:t983, leader=null, voted=omNode1, raftlog=omNode1@group-3464CFB7038B-SegmentedRaftLog:OPENED:c-1,f-1,i0, conf=-1: [omNode2:122.0.0.122:9872, omNode1:0.0.0.0:9872], old=null
2020-04-28 14:38:19,715 [omNode1@group-3464CFB7038B-LeaderElection6] INFO  impl.LeaderElection (LeaderElection.java:askForVotes(206)) - omNode1@group-3464CFB7038B-LeaderElection6: begin an election at term 984 for -1: [omNode2:122.0.0.122:9872, omNode1:0.0.0.0:9872], old=null
2020-04-28 14:38:19,795 [main] INFO  ozone.MiniOzoneClusterImpl (MiniOzoneClusterImpl.java:lambda$waitForClusterToBeReady$0(177)) - Nodes are ready. Got 3 of 3 DN Heartbeats.
2020-04-28 14:38:19,796 [main] INFO  ozone.MiniOzoneClusterImpl (MiniOzoneClusterImpl.java:lambda$waitForClusterToBeReady$0(180)) - Waiting for cluster to exit safe mode
2020-04-28 14:38:19,871 [omNode1@group-3464CFB7038B-LeaderElection6] INFO  impl.LeaderElection (LeaderElection.java:logAndReturn(61)) - omNode1@group-3464CFB7038B-LeaderElection6: Election TIMEOUT; received 0 response(s) [] and 0 exception(s); omNode1@group-3464CFB7038B:t984, leader=null, voted=omNode1, raftlog=omNode1@group-3464CFB7038B-SegmentedRaftLog:OPENED:c-1,f-1,i0, conf=-1: [omNode2:122.0.0.122:9872, omNode1:0.0.0.0:9872], old=null
2020-04-28 14:38:19,872 [omNode1@group-3464CFB7038B-LeaderElection6] INFO  impl.LeaderElection (LeaderElection.java:askForVotes(206)) - omNode1@group-3464CFB7038B-LeaderElection6: begin an election at term 985 for -1: [omNode2:122.0.0.122:9872, omNode1:0.0.0.0:9872], old=null
2020-04-28 14:38:19,940 [omNode1@group-3464CFB7038B-LeaderElection6] INFO  impl.LeaderElection (LeaderElection.java:logAndReturn(61)) - omNode1@group-3464CFB7038B-LeaderElection6: Election TIMEOUT; received 0 response(s) [] and 0 exception(s); omNode1@group-3464CFB7038B:t985, leader=null, voted=omNode1, raftlog=omNode1@group-3464CFB7038B-SegmentedRaftLog:OPENED:c-1,f-1,i0, conf=-1: [omNode2:122.0.0.122:9872, omNode1:0.0.0.0:9872], old=null
2020-04-28 14:38:19,941 [omNode1@group-3464CFB7038B-LeaderElection6] INFO  impl.LeaderElection (LeaderElection.java:askForVotes(206)) - omNode1@group-3464CFB7038B-LeaderElection6: begin an election at term 986 for -1: [omNode2:122.0.0.122:9872, omNode1:0.0.0.0:9872], old=null
2020-04-28 14:38:20,057 [omNode1@group-3464CFB7038B-LeaderElection6] INFO  impl.LeaderElection (LeaderElection.java:logAndReturn(61)) - omNode1@group-3464CFB7038B-LeaderElection6: Election TIMEOUT; received 0 response(s) [] and 0 exception(s); omNode1@group-3464CFB7038B:t986, leader=null, voted=omNode1, raftlog=omNode1@group-3464CFB7038B-SegmentedRaftLog:OPENED:c-1,f-1,i0, conf=-1: [omNode2:122.0.0.122:9872, omNode1:0.0.0.0:9872], old=null
2020-04-28 14:38:20,058 [omNode1@group-3464CFB7038B-LeaderElection6] INFO  impl.LeaderElection (LeaderElection.java:askForVotes(206)) - omNode1@group-3464CFB7038B-LeaderElection6: begin an election at term 987 for -1: [omNode2:122.0.0.122:9872, omNode1:0.0.0.0:9872], old=null
2020-04-28 14:38:20,102 [omNode1@group-3464CFB7038B-LeaderElection6] INFO  impl.LeaderElection (LeaderElection.java:logAndReturn(61)) - omNode1@group-3464CFB7038B-LeaderElection6: Election TIMEOUT; received 0 response(s) [] and 0 exception(s); omNode1@group-3464CFB7038B:t987, leader=null, voted=omNode1, raftlog=omNode1@group-3464CFB7038B-SegmentedRaftLog:OPENED:c-1,f-1,i0, conf=-1: [omNode2:122.0.0.122:9872, omNode1:0.0.0.0:9872], old=null
2020-04-28 14:38:20,103 [omNode1@group-3464CFB7038B-LeaderElection6] INFO  impl.LeaderElection (LeaderElection.java:askForVotes(206)) - omNode1@group-3464CFB7038B-LeaderElection6: begin an election at term 988 for -1: [omNode2:122.0.0.122:9872, omNode1:0.0.0.0:9872], old=null
2020-04-28 14:38:20,108 [omNode1@group-3464CFB7038B-LeaderElection6] INFO  impl.LeaderElection (LeaderElection.java:logAndReturn(61)) - omNode1@group-3464CFB7038B-LeaderElection6: Election TIMEOUT; received 0 response(s) [] and 0 exception(s); omNode1@group-3464CFB7038B:t988, leader=null, voted=omNode1, raftlog=omNode1@group-3464CFB7038B-SegmentedRaftLog:OPENED:c-1,f-1,i0, conf=-1: [omNode2:122.0.0.122:9872, omNode1:0.0.0.0:9872], old=null
2020-04-28 14:38:20,109 [omNode1@group-3464CFB7038B-LeaderElection6] INFO  impl.LeaderElection (LeaderElection.java:askForVotes(206)) - omNode1@group-3464CFB7038B-LeaderElection6: begin an election at term 989 for -1: [omNode2:122.0.0.122:9872, omNode1:0.0.0.0:9872], old=null
2020-04-28 14:38:20,156 [omNode1@group-3464CFB7038B-LeaderElection6] INFO  impl.LeaderElection (LeaderElection.java:logAndReturn(61)) - omNode1@group-3464CFB7038B-LeaderElection6: Election TIMEOUT; received 0 response(s) [] and 0 exception(s); omNode1@group-3464CFB7038B:t989, leader=null, voted=omNode1, raftlog=omNode1@group-3464CFB7038B-SegmentedRaftLog:OPENED:c-1,f-1,i0, conf=-1: [omNode2:122.0.0.122:9872, omNode1:0.0.0.0:9872], old=null
2020-04-28 14:38:20,158 [omNode1@group-3464CFB7038B-LeaderElection6] INFO  impl.LeaderElection (LeaderElection.java:askForVotes(206)) - omNode1@group-3464CFB7038B-LeaderElection6: begin an election at term 990 for -1: [omNode2:122.0.0.122:9872, omNode1:0.0.0.0:9872], old=null
2020-04-28 14:38:20,218 [omNode1@group-3464CFB7038B-LeaderElection6] INFO  impl.LeaderElection (LeaderElection.java:logAndReturn(61)) - omNode1@group-3464CFB7038B-LeaderElection6: Election TIMEOUT; received 0 response(s) [] and 0 exception(s); omNode1@group-3464CFB7038B:t990, leader=null, voted=omNode1, raftlog=omNode1@group-3464CFB7038B-SegmentedRaftLog:OPENED:c-1,f-1,i0, conf=-1: [omNode2:122.0.0.122:9872, omNode1:0.0.0.0:9872], old=null
2020-04-28 14:38:20,219 [omNode1@group-3464CFB7038B-LeaderElection6] INFO  impl.LeaderElection (LeaderElection.java:askForVotes(206)) - omNode1@group-3464CFB7038B-LeaderElection6: begin an election at term 991 for -1: [omNode2:122.0.0.122:9872, omNode1:0.0.0.0:9872], old=null
2020-04-28 14:38:20,416 [omNode1@group-3464CFB7038B-LeaderElection6] INFO  impl.LeaderElection (LeaderElection.java:logAndReturn(61)) - omNode1@group-3464CFB7038B-LeaderElection6: Election TIMEOUT; received 0 response(s) [] and 0 exception(s); omNode1@group-3464CFB7038B:t991, leader=null, voted=omNode1, raftlog=omNode1@group-3464CFB7038B-SegmentedRaftLog:OPENED:c-1,f-1,i0, conf=-1: [omNode2:122.0.0.122:9872, omNode1:0.0.0.0:9872], old=null
2020-04-28 14:38:20,417 [omNode1@group-3464CFB7038B-LeaderElection6] INFO  impl.LeaderElection (LeaderElection.java:askForVotes(206)) - omNode1@group-3464CFB7038B-LeaderElection6: begin an election at term 992 for -1: [omNode2:122.0.0.122:9872, omNode1:0.0.0.0:9872], old=null
2020-04-28 14:38:20,496 [omNode1@group-3464CFB7038B-LeaderElection6] INFO  impl.LeaderElection (LeaderElection.java:logAndReturn(61)) - omNode1@group-3464CFB7038B-LeaderElection6: Election TIMEOUT; received 0 response(s) [] and 0 exception(s); omNode1@group-3464CFB7038B:t992, leader=null, voted=omNode1, raftlog=omNode1@group-3464CFB7038B-SegmentedRaftLog:OPENED:c-1,f-1,i0, conf=-1: [omNode2:122.0.0.122:9872, omNode1:0.0.0.0:9872], old=null
2020-04-28 14:38:20,497 [omNode1@group-3464CFB7038B-LeaderElection6] INFO  impl.LeaderElection (LeaderElection.java:askForVotes(206)) - omNode1@group-3464CFB7038B-LeaderElection6: begin an election at term 993 for -1: [omNode2:122.0.0.122:9872, omNode1:0.0.0.0:9872], old=null
2020-04-28 14:38:20,626 [omNode1@group-3464CFB7038B-LeaderElection6] INFO  impl.LeaderElection (LeaderElection.java:logAndReturn(61)) - omNode1@group-3464CFB7038B-LeaderElection6: Election TIMEOUT; received 0 response(s) [] and 0 exception(s); omNode1@group-3464CFB7038B:t993, leader=null, voted=omNode1, raftlog=omNode1@group-3464CFB7038B-SegmentedRaftLog:OPENED:c-1,f-1,i0, conf=-1: [omNode2:122.0.0.122:9872, omNode1:0.0.0.0:9872], old=null
2020-04-28 14:38:20,627 [omNode1@group-3464CFB7038B-LeaderElection6] INFO  impl.LeaderElection (LeaderElection.java:askForVotes(206)) - omNode1@group-3464CFB7038B-LeaderElection6: begin an election at term 994 for -1: [omNode2:122.0.0.122:9872, omNode1:0.0.0.0:9872], old=null
2020-04-28 14:38:20,790 [omNode1@group-3464CFB7038B-LeaderElection6] INFO  impl.LeaderElection (LeaderElection.java:logAndReturn(61)) - omNode1@group-3464CFB7038B-LeaderElection6: Election TIMEOUT; received 0 response(s) [] and 0 exception(s); omNode1@group-3464CFB7038B:t994, leader=null, voted=omNode1, raftlog=omNode1@group-3464CFB7038B-SegmentedRaftLog:OPENED:c-1,f-1,i0, conf=-1: [omNode2:122.0.0.122:9872, omNode1:0.0.0.0:9872], old=null
2020-04-28 14:38:20,791 [omNode1@group-3464CFB7038B-LeaderElection6] INFO  impl.LeaderElection (LeaderElection.java:askForVotes(206)) - omNode1@group-3464CFB7038B-LeaderElection6: begin an election at term 995 for -1: [omNode2:122.0.0.122:9872, omNode1:0.0.0.0:9872], old=null
2020-04-28 14:38:20,796 [main] INFO  ozone.MiniOzoneClusterImpl (MiniOzoneClusterImpl.java:lambda$waitForClusterToBeReady$0(177)) - Nodes are ready. Got 3 of 3 DN Heartbeats.
2020-04-28 14:38:20,796 [main] INFO  ozone.MiniOzoneClusterImpl (MiniOzoneClusterImpl.java:lambda$waitForClusterToBeReady$0(180)) - Waiting for cluster to exit safe mode
2020-04-28 14:38:20,814 [omNode1@group-3464CFB7038B-LeaderElection6] INFO  impl.LeaderElection (LeaderElection.java:logAndReturn(61)) - omNode1@group-3464CFB7038B-LeaderElection6: Election TIMEOUT; received 0 response(s) [] and 0 exception(s); omNode1@group-3464CFB7038B:t995, leader=null, voted=omNode1, raftlog=omNode1@group-3464CFB7038B-SegmentedRaftLog:OPENED:c-1,f-1,i0, conf=-1: [omNode2:122.0.0.122:9872, omNode1:0.0.0.0:9872], old=null
2020-04-28 14:38:20,815 [omNode1@group-3464CFB7038B-LeaderElection6] INFO  impl.LeaderElection (LeaderElection.java:askForVotes(206)) - omNode1@group-3464CFB7038B-LeaderElection6: begin an election at term 996 for -1: [omNode2:122.0.0.122:9872, omNode1:0.0.0.0:9872], old=null
2020-04-28 14:38:20,952 [omNode1@group-3464CFB7038B-LeaderElection6] INFO  impl.LeaderElection (LeaderElection.java:logAndReturn(61)) - omNode1@group-3464CFB7038B-LeaderElection6: Election TIMEOUT; received 0 response(s) [] and 0 exception(s); omNode1@group-3464CFB7038B:t996, leader=null, voted=omNode1, raftlog=omNode1@group-3464CFB7038B-SegmentedRaftLog:OPENED:c-1,f-1,i0, conf=-1: [omNode2:122.0.0.122:9872, omNode1:0.0.0.0:9872], old=null
2020-04-28 14:38:20,954 [omNode1@group-3464CFB7038B-LeaderElection6] INFO  impl.LeaderElection (LeaderElection.java:askForVotes(206)) - omNode1@group-3464CFB7038B-LeaderElection6: begin an election at term 997 for -1: [omNode2:122.0.0.122:9872, omNode1:0.0.0.0:9872], old=null
2020-04-28 14:38:21,154 [omNode1@group-3464CFB7038B-LeaderElection6] INFO  impl.LeaderElection (LeaderElection.java:logAndReturn(61)) - omNode1@group-3464CFB7038B-LeaderElection6: Election TIMEOUT; received 0 response(s) [] and 0 exception(s); omNode1@group-3464CFB7038B:t997, leader=null, voted=omNode1, raftlog=omNode1@group-3464CFB7038B-SegmentedRaftLog:OPENED:c-1,f-1,i0, conf=-1: [omNode2:122.0.0.122:9872, omNode1:0.0.0.0:9872], old=null
2020-04-28 14:38:21,156 [omNode1@group-3464CFB7038B-LeaderElection6] INFO  impl.LeaderElection (LeaderElection.java:askForVotes(206)) - omNode1@group-3464CFB7038B-LeaderElection6: begin an election at term 998 for -1: [omNode2:122.0.0.122:9872, omNode1:0.0.0.0:9872], old=null
2020-04-28 14:38:21,253 [omNode1@group-3464CFB7038B-LeaderElection6] INFO  impl.LeaderElection (LeaderElection.java:logAndReturn(61)) - omNode1@group-3464CFB7038B-LeaderElection6: Election TIMEOUT; received 0 response(s) [] and 0 exception(s); omNode1@group-3464CFB7038B:t998, leader=null, voted=omNode1, raftlog=omNode1@group-3464CFB7038B-SegmentedRaftLog:OPENED:c-1,f-1,i0, conf=-1: [omNode2:122.0.0.122:9872, omNode1:0.0.0.0:9872], old=null
2020-04-28 14:38:21,254 [omNode1@group-3464CFB7038B-LeaderElection6] INFO  impl.LeaderElection (LeaderElection.java:askForVotes(206)) - omNode1@group-3464CFB7038B-LeaderElection6: begin an election at term 999 for -1: [omNode2:122.0.0.122:9872, omNode1:0.0.0.0:9872], old=null
2020-04-28 14:38:21,280 [omNode1@group-3464CFB7038B-LeaderElection6] INFO  impl.LeaderElection (LeaderElection.java:logAndReturn(61)) - omNode1@group-3464CFB7038B-LeaderElection6: Election TIMEOUT; received 0 response(s) [] and 0 exception(s); omNode1@group-3464CFB7038B:t999, leader=null, voted=omNode1, raftlog=omNode1@group-3464CFB7038B-SegmentedRaftLog:OPENED:c-1,f-1,i0, conf=-1: [omNode2:122.0.0.122:9872, omNode1:0.0.0.0:9872], old=null
2020-04-28 14:38:21,281 [omNode1@group-3464CFB7038B-LeaderElection6] INFO  impl.LeaderElection (LeaderElection.java:askForVotes(206)) - omNode1@group-3464CFB7038B-LeaderElection6: begin an election at term 1000 for -1: [omNode2:122.0.0.122:9872, omNode1:0.0.0.0:9872], old=null
2020-04-28 14:38:21,312 [omNode1@group-3464CFB7038B-LeaderElection6] INFO  impl.LeaderElection (LeaderElection.java:logAndReturn(61)) - omNode1@group-3464CFB7038B-LeaderElection6: Election TIMEOUT; received 0 response(s) [] and 0 exception(s); omNode1@group-3464CFB7038B:t1000, leader=null, voted=omNode1, raftlog=omNode1@group-3464CFB7038B-SegmentedRaftLog:OPENED:c-1,f-1,i0, conf=-1: [omNode2:122.0.0.122:9872, omNode1:0.0.0.0:9872], old=null
2020-04-28 14:38:21,313 [omNode1@group-3464CFB7038B-LeaderElection6] INFO  impl.LeaderElection (LeaderElection.java:askForVotes(206)) - omNode1@group-3464CFB7038B-LeaderElection6: begin an election at term 1001 for -1: [omNode2:122.0.0.122:9872, omNode1:0.0.0.0:9872], old=null
2020-04-28 14:38:21,505 [omNode1@group-3464CFB7038B-LeaderElection6] INFO  impl.LeaderElection (LeaderElection.java:logAndReturn(61)) - omNode1@group-3464CFB7038B-LeaderElection6: Election TIMEOUT; received 0 response(s) [] and 0 exception(s); omNode1@group-3464CFB7038B:t1001, leader=null, voted=omNode1, raftlog=omNode1@group-3464CFB7038B-SegmentedRaftLog:OPENED:c-1,f-1,i0, conf=-1: [omNode2:122.0.0.122:9872, omNode1:0.0.0.0:9872], old=null
2020-04-28 14:38:21,506 [omNode1@group-3464CFB7038B-LeaderElection6] INFO  impl.LeaderElection (LeaderElection.java:askForVotes(206)) - omNode1@group-3464CFB7038B-LeaderElection6: begin an election at term 1002 for -1: [omNode2:122.0.0.122:9872, omNode1:0.0.0.0:9872], old=null
2020-04-28 14:38:21,643 [omNode1@group-3464CFB7038B-LeaderElection6] INFO  impl.LeaderElection (LeaderElection.java:logAndReturn(61)) - omNode1@group-3464CFB7038B-LeaderElection6: Election TIMEOUT; received 0 response(s) [] and 0 exception(s); omNode1@group-3464CFB7038B:t1002, leader=null, voted=omNode1, raftlog=omNode1@group-3464CFB7038B-SegmentedRaftLog:OPENED:c-1,f-1,i0, conf=-1: [omNode2:122.0.0.122:9872, omNode1:0.0.0.0:9872], old=null
2020-04-28 14:38:21,644 [omNode1@group-3464CFB7038B-LeaderElection6] INFO  impl.LeaderElection (LeaderElection.java:askForVotes(206)) - omNode1@group-3464CFB7038B-LeaderElection6: begin an election at term 1003 for -1: [omNode2:122.0.0.122:9872, omNode1:0.0.0.0:9872], old=null
2020-04-28 14:38:21,688 [omNode1@group-3464CFB7038B-LeaderElection6] INFO  impl.LeaderElection (LeaderElection.java:logAndReturn(61)) - omNode1@group-3464CFB7038B-LeaderElection6: Election TIMEOUT; received 0 response(s) [] and 0 exception(s); omNode1@group-3464CFB7038B:t1003, leader=null, voted=omNode1, raftlog=omNode1@group-3464CFB7038B-SegmentedRaftLog:OPENED:c-1,f-1,i0, conf=-1: [omNode2:122.0.0.122:9872, omNode1:0.0.0.0:9872], old=null
2020-04-28 14:38:21,689 [omNode1@group-3464CFB7038B-LeaderElection6] INFO  impl.LeaderElection (LeaderElection.java:askForVotes(206)) - omNode1@group-3464CFB7038B-LeaderElection6: begin an election at term 1004 for -1: [omNode2:122.0.0.122:9872, omNode1:0.0.0.0:9872], old=null
2020-04-28 14:38:21,793 [omNode1@group-3464CFB7038B-LeaderElection6] INFO  impl.LeaderElection (LeaderElection.java:logAndReturn(61)) - omNode1@group-3464CFB7038B-LeaderElection6: Election TIMEOUT; received 0 response(s) [] and 0 exception(s); omNode1@group-3464CFB7038B:t1004, leader=null, voted=omNode1, raftlog=omNode1@group-3464CFB7038B-SegmentedRaftLog:OPENED:c-1,f-1,i0, conf=-1: [omNode2:122.0.0.122:9872, omNode1:0.0.0.0:9872], old=null
2020-04-28 14:38:21,794 [omNode1@group-3464CFB7038B-LeaderElection6] INFO  impl.LeaderElection (LeaderElection.java:askForVotes(206)) - omNode1@group-3464CFB7038B-LeaderElection6: begin an election at term 1005 for -1: [omNode2:122.0.0.122:9872, omNode1:0.0.0.0:9872], old=null
2020-04-28 14:38:21,796 [main] INFO  ozone.MiniOzoneClusterImpl (MiniOzoneClusterImpl.java:lambda$waitForClusterToBeReady$0(177)) - Nodes are ready. Got 3 of 3 DN Heartbeats.
2020-04-28 14:38:21,796 [main] INFO  ozone.MiniOzoneClusterImpl (MiniOzoneClusterImpl.java:lambda$waitForClusterToBeReady$0(180)) - Waiting for cluster to exit safe mode
2020-04-28 14:38:21,925 [omNode1@group-3464CFB7038B-LeaderElection6] INFO  impl.LeaderElection (LeaderElection.java:logAndReturn(61)) - omNode1@group-3464CFB7038B-LeaderElection6: Election TIMEOUT; received 0 response(s) [] and 0 exception(s); omNode1@group-3464CFB7038B:t1005, leader=null, voted=omNode1, raftlog=omNode1@group-3464CFB7038B-SegmentedRaftLog:OPENED:c-1,f-1,i0, conf=-1: [omNode2:122.0.0.122:9872, omNode1:0.0.0.0:9872], old=null
2020-04-28 14:38:21,926 [omNode1@group-3464CFB7038B-LeaderElection6] INFO  impl.LeaderElection (LeaderElection.java:askForVotes(206)) - omNode1@group-3464CFB7038B-LeaderElection6: begin an election at term 1006 for -1: [omNode2:122.0.0.122:9872, omNode1:0.0.0.0:9872], old=null
2020-04-28 14:38:22,079 [omNode1@group-3464CFB7038B-LeaderElection6] INFO  impl.LeaderElection (LeaderElection.java:logAndReturn(61)) - omNode1@group-3464CFB7038B-LeaderElection6: Election TIMEOUT; received 0 response(s) [] and 0 exception(s); omNode1@group-3464CFB7038B:t1006, leader=null, voted=omNode1, raftlog=omNode1@group-3464CFB7038B-SegmentedRaftLog:OPENED:c-1,f-1,i0, conf=-1: [omNode2:122.0.0.122:9872, omNode1:0.0.0.0:9872], old=null
2020-04-28 14:38:22,080 [omNode1@group-3464CFB7038B-LeaderElection6] INFO  impl.LeaderElection (LeaderElection.java:askForVotes(206)) - omNode1@group-3464CFB7038B-LeaderElection6: begin an election at term 1007 for -1: [omNode2:122.0.0.122:9872, omNode1:0.0.0.0:9872], old=null
2020-04-28 14:38:22,097 [omNode1@group-3464CFB7038B-LeaderElection6] INFO  impl.LeaderElection (LeaderElection.java:logAndReturn(61)) - omNode1@group-3464CFB7038B-LeaderElection6: Election TIMEOUT; received 0 response(s) [] and 0 exception(s); omNode1@group-3464CFB7038B:t1007, leader=null, voted=omNode1, raftlog=omNode1@group-3464CFB7038B-SegmentedRaftLog:OPENED:c-1,f-1,i0, conf=-1: [omNode2:122.0.0.122:9872, omNode1:0.0.0.0:9872], old=null
2020-04-28 14:38:22,098 [omNode1@group-3464CFB7038B-LeaderElection6] INFO  impl.LeaderElection (LeaderElection.java:askForVotes(206)) - omNode1@group-3464CFB7038B-LeaderElection6: begin an election at term 1008 for -1: [omNode2:122.0.0.122:9872, omNode1:0.0.0.0:9872], old=null
2020-04-28 14:38:22,147 [omNode1@group-3464CFB7038B-LeaderElection6] INFO  impl.LeaderElection (LeaderElection.java:logAndReturn(61)) - omNode1@group-3464CFB7038B-LeaderElection6: Election TIMEOUT; received 0 response(s) [] and 0 exception(s); omNode1@group-3464CFB7038B:t1008, leader=null, voted=omNode1, raftlog=omNode1@group-3464CFB7038B-SegmentedRaftLog:OPENED:c-1,f-1,i0, conf=-1: [omNode2:122.0.0.122:9872, omNode1:0.0.0.0:9872], old=null
2020-04-28 14:38:22,148 [omNode1@group-3464CFB7038B-LeaderElection6] INFO  impl.LeaderElection (LeaderElection.java:askForVotes(206)) - omNode1@group-3464CFB7038B-LeaderElection6: begin an election at term 1009 for -1: [omNode2:122.0.0.122:9872, omNode1:0.0.0.0:9872], old=null
2020-04-28 14:38:22,292 [omNode1@group-3464CFB7038B-LeaderElection6] INFO  impl.LeaderElection (LeaderElection.java:logAndReturn(61)) - omNode1@group-3464CFB7038B-LeaderElection6: Election TIMEOUT; received 0 response(s) [] and 0 exception(s); omNode1@group-3464CFB7038B:t1009, leader=null, voted=omNode1, raftlog=omNode1@group-3464CFB7038B-SegmentedRaftLog:OPENED:c-1,f-1,i0, conf=-1: [omNode2:122.0.0.122:9872, omNode1:0.0.0.0:9872], old=null
2020-04-28 14:38:22,294 [omNode1@group-3464CFB7038B-LeaderElection6] INFO  impl.LeaderElection (LeaderElection.java:askForVotes(206)) - omNode1@group-3464CFB7038B-LeaderElection6: begin an election at term 1010 for -1: [omNode2:122.0.0.122:9872, omNode1:0.0.0.0:9872], old=null
2020-04-28 14:38:22,319 [omNode1@group-3464CFB7038B-LeaderElection6] INFO  impl.LeaderElection (LeaderElection.java:logAndReturn(61)) - omNode1@group-3464CFB7038B-LeaderElection6: Election TIMEOUT; received 0 response(s) [] and 0 exception(s); omNode1@group-3464CFB7038B:t1010, leader=null, voted=omNode1, raftlog=omNode1@group-3464CFB7038B-SegmentedRaftLog:OPENED:c-1,f-1,i0, conf=-1: [omNode2:122.0.0.122:9872, omNode1:0.0.0.0:9872], old=null
2020-04-28 14:38:22,320 [omNode1@group-3464CFB7038B-LeaderElection6] INFO  impl.LeaderElection (LeaderElection.java:askForVotes(206)) - omNode1@group-3464CFB7038B-LeaderElection6: begin an election at term 1011 for -1: [omNode2:122.0.0.122:9872, omNode1:0.0.0.0:9872], old=null
2020-04-28 14:38:22,475 [omNode1@group-3464CFB7038B-LeaderElection6] INFO  impl.LeaderElection (LeaderElection.java:logAndReturn(61)) - omNode1@group-3464CFB7038B-LeaderElection6: Election TIMEOUT; received 0 response(s) [] and 0 exception(s); omNode1@group-3464CFB7038B:t1011, leader=null, voted=omNode1, raftlog=omNode1@group-3464CFB7038B-SegmentedRaftLog:OPENED:c-1,f-1,i0, conf=-1: [omNode2:122.0.0.122:9872, omNode1:0.0.0.0:9872], old=null
2020-04-28 14:38:22,476 [omNode1@group-3464CFB7038B-LeaderElection6] INFO  impl.LeaderElection (LeaderElection.java:askForVotes(206)) - omNode1@group-3464CFB7038B-LeaderElection6: begin an election at term 1012 for -1: [omNode2:122.0.0.122:9872, omNode1:0.0.0.0:9872], old=null
2020-04-28 14:38:22,488 [omNode1@group-3464CFB7038B-LeaderElection6] INFO  impl.LeaderElection (LeaderElection.java:logAndReturn(61)) - omNode1@group-3464CFB7038B-LeaderElection6: Election TIMEOUT; received 0 response(s) [] and 0 exception(s); omNode1@group-3464CFB7038B:t1012, leader=null, voted=omNode1, raftlog=omNode1@group-3464CFB7038B-SegmentedRaftLog:OPENED:c-1,f-1,i0, conf=-1: [omNode2:122.0.0.122:9872, omNode1:0.0.0.0:9872], old=null
2020-04-28 14:38:22,489 [omNode1@group-3464CFB7038B-LeaderElection6] INFO  impl.LeaderElection (LeaderElection.java:askForVotes(206)) - omNode1@group-3464CFB7038B-LeaderElection6: begin an election at term 1013 for -1: [omNode2:122.0.0.122:9872, omNode1:0.0.0.0:9872], old=null
2020-04-28 14:38:22,560 [omNode1@group-3464CFB7038B-LeaderElection6] INFO  impl.LeaderElection (LeaderElection.java:logAndReturn(61)) - omNode1@group-3464CFB7038B-LeaderElection6: Election TIMEOUT; received 0 response(s) [] and 0 exception(s); omNode1@group-3464CFB7038B:t1013, leader=null, voted=omNode1, raftlog=omNode1@group-3464CFB7038B-SegmentedRaftLog:OPENED:c-1,f-1,i0, conf=-1: [omNode2:122.0.0.122:9872, omNode1:0.0.0.0:9872], old=null
2020-04-28 14:38:22,561 [omNode1@group-3464CFB7038B-LeaderElection6] INFO  impl.LeaderElection (LeaderElection.java:askForVotes(206)) - omNode1@group-3464CFB7038B-LeaderElection6: begin an election at term 1014 for -1: [omNode2:122.0.0.122:9872, omNode1:0.0.0.0:9872], old=null
2020-04-28 14:38:22,713 [omNode1@group-3464CFB7038B-LeaderElection6] INFO  impl.LeaderElection (LeaderElection.java:logAndReturn(61)) - omNode1@group-3464CFB7038B-LeaderElection6: Election TIMEOUT; received 0 response(s) [] and 0 exception(s); omNode1@group-3464CFB7038B:t1014, leader=null, voted=omNode1, raftlog=omNode1@group-3464CFB7038B-SegmentedRaftLog:OPENED:c-1,f-1,i0, conf=-1: [omNode2:122.0.0.122:9872, omNode1:0.0.0.0:9872], old=null
2020-04-28 14:38:22,715 [omNode1@group-3464CFB7038B-LeaderElection6] INFO  impl.LeaderElection (LeaderElection.java:askForVotes(206)) - omNode1@group-3464CFB7038B-LeaderElection6: begin an election at term 1015 for -1: [omNode2:122.0.0.122:9872, omNode1:0.0.0.0:9872], old=null
2020-04-28 14:38:22,797 [main] INFO  ozone.MiniOzoneClusterImpl (MiniOzoneClusterImpl.java:lambda$waitForClusterToBeReady$0(177)) - Nodes are ready. Got 3 of 3 DN Heartbeats.
2020-04-28 14:38:22,797 [main] INFO  ozone.MiniOzoneClusterImpl (MiniOzoneClusterImpl.java:lambda$waitForClusterToBeReady$0(180)) - Waiting for cluster to exit safe mode
2020-04-28 14:38:22,858 [omNode1@group-3464CFB7038B-LeaderElection6] INFO  impl.LeaderElection (LeaderElection.java:logAndReturn(61)) - omNode1@group-3464CFB7038B-LeaderElection6: Election TIMEOUT; received 0 response(s) [] and 0 exception(s); omNode1@group-3464CFB7038B:t1015, leader=null, voted=omNode1, raftlog=omNode1@group-3464CFB7038B-SegmentedRaftLog:OPENED:c-1,f-1,i0, conf=-1: [omNode2:122.0.0.122:9872, omNode1:0.0.0.0:9872], old=null
2020-04-28 14:38:22,859 [omNode1@group-3464CFB7038B-LeaderElection6] INFO  impl.LeaderElection (LeaderElection.java:askForVotes(206)) - omNode1@group-3464CFB7038B-LeaderElection6: begin an election at term 1016 for -1: [omNode2:122.0.0.122:9872, omNode1:0.0.0.0:9872], old=null
2020-04-28 14:38:22,916 [omNode1@group-3464CFB7038B-LeaderElection6] INFO  impl.LeaderElection (LeaderElection.java:logAndReturn(61)) - omNode1@group-3464CFB7038B-LeaderElection6: Election TIMEOUT; received 0 response(s) [] and 0 exception(s); omNode1@group-3464CFB7038B:t1016, leader=null, voted=omNode1, raftlog=omNode1@group-3464CFB7038B-SegmentedRaftLog:OPENED:c-1,f-1,i0, conf=-1: [omNode2:122.0.0.122:9872, omNode1:0.0.0.0:9872], old=null
2020-04-28 14:38:22,917 [omNode1@group-3464CFB7038B-LeaderElection6] INFO  impl.LeaderElection (LeaderElection.java:askForVotes(206)) - omNode1@group-3464CFB7038B-LeaderElection6: begin an election at term 1017 for -1: [omNode2:122.0.0.122:9872, omNode1:0.0.0.0:9872], old=null
2020-04-28 14:38:22,970 [omNode1@group-3464CFB7038B-LeaderElection6] INFO  impl.LeaderElection (LeaderElection.java:logAndReturn(61)) - omNode1@group-3464CFB7038B-LeaderElection6: Election TIMEOUT; received 0 response(s) [] and 0 exception(s); omNode1@group-3464CFB7038B:t1017, leader=null, voted=omNode1, raftlog=omNode1@group-3464CFB7038B-SegmentedRaftLog:OPENED:c-1,f-1,i0, conf=-1: [omNode2:122.0.0.122:9872, omNode1:0.0.0.0:9872], old=null
2020-04-28 14:38:22,971 [omNode1@group-3464CFB7038B-LeaderElection6] INFO  impl.LeaderElection (LeaderElection.java:askForVotes(206)) - omNode1@group-3464CFB7038B-LeaderElection6: begin an election at term 1018 for -1: [omNode2:122.0.0.122:9872, omNode1:0.0.0.0:9872], old=null
2020-04-28 14:38:23,139 [omNode1@group-3464CFB7038B-LeaderElection6] INFO  impl.LeaderElection (LeaderElection.java:logAndReturn(61)) - omNode1@group-3464CFB7038B-LeaderElection6: Election TIMEOUT; received 0 response(s) [] and 0 exception(s); omNode1@group-3464CFB7038B:t1018, leader=null, voted=omNode1, raftlog=omNode1@group-3464CFB7038B-SegmentedRaftLog:OPENED:c-1,f-1,i0, conf=-1: [omNode2:122.0.0.122:9872, omNode1:0.0.0.0:9872], old=null
2020-04-28 14:38:23,140 [omNode1@group-3464CFB7038B-LeaderElection6] INFO  impl.LeaderElection (LeaderElection.java:askForVotes(206)) - omNode1@group-3464CFB7038B-LeaderElection6: begin an election at term 1019 for -1: [omNode2:122.0.0.122:9872, omNode1:0.0.0.0:9872], old=null
2020-04-28 14:38:23,193 [omNode1@group-3464CFB7038B-LeaderElection6] INFO  impl.LeaderElection (LeaderElection.java:logAndReturn(61)) - omNode1@group-3464CFB7038B-LeaderElection6: Election TIMEOUT; received 0 response(s) [] and 0 exception(s); omNode1@group-3464CFB7038B:t1019, leader=null, voted=omNode1, raftlog=omNode1@group-3464CFB7038B-SegmentedRaftLog:OPENED:c-1,f-1,i0, conf=-1: [omNode2:122.0.0.122:9872, omNode1:0.0.0.0:9872], old=null
2020-04-28 14:38:23,195 [omNode1@group-3464CFB7038B-LeaderElection6] INFO  impl.LeaderElection (LeaderElection.java:askForVotes(206)) - omNode1@group-3464CFB7038B-LeaderElection6: begin an election at term 1020 for -1: [omNode2:122.0.0.122:9872, omNode1:0.0.0.0:9872], old=null
2020-04-28 14:38:23,276 [omNode1@group-3464CFB7038B-LeaderElection6] INFO  impl.LeaderElection (LeaderElection.java:logAndReturn(61)) - omNode1@group-3464CFB7038B-LeaderElection6: Election TIMEOUT; received 0 response(s) [] and 0 exception(s); omNode1@group-3464CFB7038B:t1020, leader=null, voted=omNode1, raftlog=omNode1@group-3464CFB7038B-SegmentedRaftLog:OPENED:c-1,f-1,i0, conf=-1: [omNode2:122.0.0.122:9872, omNode1:0.0.0.0:9872], old=null
2020-04-28 14:38:23,278 [omNode1@group-3464CFB7038B-LeaderElection6] INFO  impl.LeaderElection (LeaderElection.java:askForVotes(206)) - omNode1@group-3464CFB7038B-LeaderElection6: begin an election at term 1021 for -1: [omNode2:122.0.0.122:9872, omNode1:0.0.0.0:9872], old=null
2020-04-28 14:38:23,288 [omNode1@group-3464CFB7038B-LeaderElection6] INFO  impl.LeaderElection (LeaderElection.java:logAndReturn(61)) - omNode1@group-3464CFB7038B-LeaderElection6: Election TIMEOUT; received 0 response(s) [] and 0 exception(s); omNode1@group-3464CFB7038B:t1021, leader=null, voted=omNode1, raftlog=omNode1@group-3464CFB7038B-SegmentedRaftLog:OPENED:c-1,f-1,i0, conf=-1: [omNode2:122.0.0.122:9872, omNode1:0.0.0.0:9872], old=null
2020-04-28 14:38:23,289 [omNode1@group-3464CFB7038B-LeaderElection6] INFO  impl.LeaderElection (LeaderElection.java:askForVotes(206)) - omNode1@group-3464CFB7038B-LeaderElection6: begin an election at term 1022 for -1: [omNode2:122.0.0.122:9872, omNode1:0.0.0.0:9872], old=null
2020-04-28 14:38:23,377 [omNode1@group-3464CFB7038B-LeaderElection6] INFO  impl.LeaderElection (LeaderElection.java:logAndReturn(61)) - omNode1@group-3464CFB7038B-LeaderElection6: Election TIMEOUT; received 0 response(s) [] and 0 exception(s); omNode1@group-3464CFB7038B:t1022, leader=null, voted=omNode1, raftlog=omNode1@group-3464CFB7038B-SegmentedRaftLog:OPENED:c-1,f-1,i0, conf=-1: [omNode2:122.0.0.122:9872, omNode1:0.0.0.0:9872], old=null
2020-04-28 14:38:23,378 [omNode1@group-3464CFB7038B-LeaderElection6] INFO  impl.LeaderElection (LeaderElection.java:askForVotes(206)) - omNode1@group-3464CFB7038B-LeaderElection6: begin an election at term 1023 for -1: [omNode2:122.0.0.122:9872, omNode1:0.0.0.0:9872], old=null
2020-04-28 14:38:23,574 [omNode1@group-3464CFB7038B-LeaderElection6] INFO  impl.LeaderElection (LeaderElection.java:logAndReturn(61)) - omNode1@group-3464CFB7038B-LeaderElection6: Election TIMEOUT; received 0 response(s) [] and 0 exception(s); omNode1@group-3464CFB7038B:t1023, leader=null, voted=omNode1, raftlog=omNode1@group-3464CFB7038B-SegmentedRaftLog:OPENED:c-1,f-1,i0, conf=-1: [omNode2:122.0.0.122:9872, omNode1:0.0.0.0:9872], old=null
2020-04-28 14:38:23,575 [omNode1@group-3464CFB7038B-LeaderElection6] INFO  impl.LeaderElection (LeaderElection.java:askForVotes(206)) - omNode1@group-3464CFB7038B-LeaderElection6: begin an election at term 1024 for -1: [omNode2:122.0.0.122:9872, omNode1:0.0.0.0:9872], old=null
2020-04-28 14:38:23,579 [omNode1@group-3464CFB7038B-LeaderElection6] INFO  impl.LeaderElection (LeaderElection.java:logAndReturn(61)) - omNode1@group-3464CFB7038B-LeaderElection6: Election TIMEOUT; received 0 response(s) [] and 0 exception(s); omNode1@group-3464CFB7038B:t1024, leader=null, voted=omNode1, raftlog=omNode1@group-3464CFB7038B-SegmentedRaftLog:OPENED:c-1,f-1,i0, conf=-1: [omNode2:122.0.0.122:9872, omNode1:0.0.0.0:9872], old=null
2020-04-28 14:38:23,580 [omNode1@group-3464CFB7038B-LeaderElection6] INFO  impl.LeaderElection (LeaderElection.java:askForVotes(206)) - omNode1@group-3464CFB7038B-LeaderElection6: begin an election at term 1025 for -1: [omNode2:122.0.0.122:9872, omNode1:0.0.0.0:9872], old=null
2020-04-28 14:38:23,598 [omNode1@group-3464CFB7038B-LeaderElection6] INFO  impl.LeaderElection (LeaderElection.java:logAndReturn(61)) - omNode1@group-3464CFB7038B-LeaderElection6: Election TIMEOUT; received 0 response(s) [] and 0 exception(s); omNode1@group-3464CFB7038B:t1025, leader=null, voted=omNode1, raftlog=omNode1@group-3464CFB7038B-SegmentedRaftLog:OPENED:c-1,f-1,i0, conf=-1: [omNode2:122.0.0.122:9872, omNode1:0.0.0.0:9872], old=null
2020-04-28 14:38:23,599 [omNode1@group-3464CFB7038B-LeaderElection6] INFO  impl.LeaderElection (LeaderElection.java:askForVotes(206)) - omNode1@group-3464CFB7038B-LeaderElection6: begin an election at term 1026 for -1: [omNode2:122.0.0.122:9872, omNode1:0.0.0.0:9872], old=null
2020-04-28 14:38:23,720 [omNode1@group-3464CFB7038B-LeaderElection6] INFO  impl.LeaderElection (LeaderElection.java:logAndReturn(61)) - omNode1@group-3464CFB7038B-LeaderElection6: Election TIMEOUT; received 0 response(s) [] and 0 exception(s); omNode1@group-3464CFB7038B:t1026, leader=null, voted=omNode1, raftlog=omNode1@group-3464CFB7038B-SegmentedRaftLog:OPENED:c-1,f-1,i0, conf=-1: [omNode2:122.0.0.122:9872, omNode1:0.0.0.0:9872], old=null
2020-04-28 14:38:23,722 [omNode1@group-3464CFB7038B-LeaderElection6] INFO  impl.LeaderElection (LeaderElection.java:askForVotes(206)) - omNode1@group-3464CFB7038B-LeaderElection6: begin an election at term 1027 for -1: [omNode2:122.0.0.122:9872, omNode1:0.0.0.0:9872], old=null
2020-04-28 14:38:23,797 [main] INFO  ozone.MiniOzoneClusterImpl (MiniOzoneClusterImpl.java:lambda$waitForClusterToBeReady$0(177)) - Nodes are ready. Got 3 of 3 DN Heartbeats.
2020-04-28 14:38:23,797 [main] INFO  ozone.MiniOzoneClusterImpl (MiniOzoneClusterImpl.java:lambda$waitForClusterToBeReady$0(180)) - Waiting for cluster to exit safe mode
2020-04-28 14:38:23,919 [omNode1@group-3464CFB7038B-LeaderElection6] INFO  impl.LeaderElection (LeaderElection.java:logAndReturn(61)) - omNode1@group-3464CFB7038B-LeaderElection6: Election TIMEOUT; received 0 response(s) [] and 0 exception(s); omNode1@group-3464CFB7038B:t1027, leader=null, voted=omNode1, raftlog=omNode1@group-3464CFB7038B-SegmentedRaftLog:OPENED:c-1,f-1,i0, conf=-1: [omNode2:122.0.0.122:9872, omNode1:0.0.0.0:9872], old=null
2020-04-28 14:38:23,922 [omNode1@group-3464CFB7038B-LeaderElection6] INFO  impl.LeaderElection (LeaderElection.java:askForVotes(206)) - omNode1@group-3464CFB7038B-LeaderElection6: begin an election at term 1028 for -1: [omNode2:122.0.0.122:9872, omNode1:0.0.0.0:9872], old=null
2020-04-28 14:38:24,042 [omNode1@group-3464CFB7038B-LeaderElection6] INFO  impl.LeaderElection (LeaderElection.java:logAndReturn(61)) - omNode1@group-3464CFB7038B-LeaderElection6: Election TIMEOUT; received 0 response(s) [] and 0 exception(s); omNode1@group-3464CFB7038B:t1028, leader=null, voted=omNode1, raftlog=omNode1@group-3464CFB7038B-SegmentedRaftLog:OPENED:c-1,f-1,i0, conf=-1: [omNode2:122.0.0.122:9872, omNode1:0.0.0.0:9872], old=null
2020-04-28 14:38:24,044 [omNode1@group-3464CFB7038B-LeaderElection6] INFO  impl.LeaderElection (LeaderElection.java:askForVotes(206)) - omNode1@group-3464CFB7038B-LeaderElection6: begin an election at term 1029 for -1: [omNode2:122.0.0.122:9872, omNode1:0.0.0.0:9872], old=null
2020-04-28 14:38:24,091 [omNode1@group-3464CFB7038B-LeaderElection6] INFO  impl.LeaderElection (LeaderElection.java:logAndReturn(61)) - omNode1@group-3464CFB7038B-LeaderElection6: Election TIMEOUT; received 0 response(s) [] and 0 exception(s); omNode1@group-3464CFB7038B:t1029, leader=null, voted=omNode1, raftlog=omNode1@group-3464CFB7038B-SegmentedRaftLog:OPENED:c-1,f-1,i0, conf=-1: [omNode2:122.0.0.122:9872, omNode1:0.0.0.0:9872], old=null
2020-04-28 14:38:24,093 [omNode1@group-3464CFB7038B-LeaderElection6] INFO  impl.LeaderElection (LeaderElection.java:askForVotes(206)) - omNode1@group-3464CFB7038B-LeaderElection6: begin an election at term 1030 for -1: [omNode2:122.0.0.122:9872, omNode1:0.0.0.0:9872], old=null
2020-04-28 14:38:24,151 [omNode1@group-3464CFB7038B-LeaderElection6] INFO  impl.LeaderElection (LeaderElection.java:logAndReturn(61)) - omNode1@group-3464CFB7038B-LeaderElection6: Election TIMEOUT; received 0 response(s) [] and 0 exception(s); omNode1@group-3464CFB7038B:t1030, leader=null, voted=omNode1, raftlog=omNode1@group-3464CFB7038B-SegmentedRaftLog:OPENED:c-1,f-1,i0, conf=-1: [omNode2:122.0.0.122:9872, omNode1:0.0.0.0:9872], old=null
2020-04-28 14:38:24,152 [omNode1@group-3464CFB7038B-LeaderElection6] INFO  impl.LeaderElection (LeaderElection.java:askForVotes(206)) - omNode1@group-3464CFB7038B-LeaderElection6: begin an election at term 1031 for -1: [omNode2:122.0.0.122:9872, omNode1:0.0.0.0:9872], old=null
2020-04-28 14:38:24,269 [omNode1@group-3464CFB7038B-LeaderElection6] INFO  impl.LeaderElection (LeaderElection.java:logAndReturn(61)) - omNode1@group-3464CFB7038B-LeaderElection6: Election TIMEOUT; received 0 response(s) [] and 0 exception(s); omNode1@group-3464CFB7038B:t1031, leader=null, voted=omNode1, raftlog=omNode1@group-3464CFB7038B-SegmentedRaftLog:OPENED:c-1,f-1,i0, conf=-1: [omNode2:122.0.0.122:9872, omNode1:0.0.0.0:9872], old=null
2020-04-28 14:38:24,270 [omNode1@group-3464CFB7038B-LeaderElection6] INFO  impl.LeaderElection (LeaderElection.java:askForVotes(206)) - omNode1@group-3464CFB7038B-LeaderElection6: begin an election at term 1032 for -1: [omNode2:122.0.0.122:9872, omNode1:0.0.0.0:9872], old=null
2020-04-28 14:38:24,466 [omNode1@group-3464CFB7038B-LeaderElection6] INFO  impl.LeaderElection (LeaderElection.java:logAndReturn(61)) - omNode1@group-3464CFB7038B-LeaderElection6: Election TIMEOUT; received 0 response(s) [] and 0 exception(s); omNode1@group-3464CFB7038B:t1032, leader=null, voted=omNode1, raftlog=omNode1@group-3464CFB7038B-SegmentedRaftLog:OPENED:c-1,f-1,i0, conf=-1: [omNode2:122.0.0.122:9872, omNode1:0.0.0.0:9872], old=null
2020-04-28 14:38:24,467 [omNode1@group-3464CFB7038B-LeaderElection6] INFO  impl.LeaderElection (LeaderElection.java:askForVotes(206)) - omNode1@group-3464CFB7038B-LeaderElection6: begin an election at term 1033 for -1: [omNode2:122.0.0.122:9872, omNode1:0.0.0.0:9872], old=null
2020-04-28 14:38:24,548 [omNode1@group-3464CFB7038B-LeaderElection6] INFO  impl.LeaderElection (LeaderElection.java:logAndReturn(61)) - omNode1@group-3464CFB7038B-LeaderElection6: Election TIMEOUT; received 0 response(s) [] and 0 exception(s); omNode1@group-3464CFB7038B:t1033, leader=null, voted=omNode1, raftlog=omNode1@group-3464CFB7038B-SegmentedRaftLog:OPENED:c-1,f-1,i0, conf=-1: [omNode2:122.0.0.122:9872, omNode1:0.0.0.0:9872], old=null
2020-04-28 14:38:24,549 [omNode1@group-3464CFB7038B-LeaderElection6] INFO  impl.LeaderElection (LeaderElection.java:askForVotes(206)) - omNode1@group-3464CFB7038B-LeaderElection6: begin an election at term 1034 for -1: [omNode2:122.0.0.122:9872, omNode1:0.0.0.0:9872], old=null
2020-04-28 14:38:24,573 [omNode1@group-3464CFB7038B-LeaderElection6] INFO  impl.LeaderElection (LeaderElection.java:logAndReturn(61)) - omNode1@group-3464CFB7038B-LeaderElection6: Election TIMEOUT; received 0 response(s) [] and 0 exception(s); omNode1@group-3464CFB7038B:t1034, leader=null, voted=omNode1, raftlog=omNode1@group-3464CFB7038B-SegmentedRaftLog:OPENED:c-1,f-1,i0, conf=-1: [omNode2:122.0.0.122:9872, omNode1:0.0.0.0:9872], old=null
2020-04-28 14:38:24,574 [omNode1@group-3464CFB7038B-LeaderElection6] INFO  impl.LeaderElection (LeaderElection.java:askForVotes(206)) - omNode1@group-3464CFB7038B-LeaderElection6: begin an election at term 1035 for -1: [omNode2:122.0.0.122:9872, omNode1:0.0.0.0:9872], old=null
2020-04-28 14:38:24,668 [omNode1@group-3464CFB7038B-LeaderElection6] INFO  impl.LeaderElection (LeaderElection.java:logAndReturn(61)) - omNode1@group-3464CFB7038B-LeaderElection6: Election TIMEOUT; received 0 response(s) [] and 0 exception(s); omNode1@group-3464CFB7038B:t1035, leader=null, voted=omNode1, raftlog=omNode1@group-3464CFB7038B-SegmentedRaftLog:OPENED:c-1,f-1,i0, conf=-1: [omNode2:122.0.0.122:9872, omNode1:0.0.0.0:9872], old=null
2020-04-28 14:38:24,670 [omNode1@group-3464CFB7038B-LeaderElection6] INFO  impl.LeaderElection (LeaderElection.java:askForVotes(206)) - omNode1@group-3464CFB7038B-LeaderElection6: begin an election at term 1036 for -1: [omNode2:122.0.0.122:9872, omNode1:0.0.0.0:9872], old=null
2020-04-28 14:38:24,717 [omNode1@group-3464CFB7038B-LeaderElection6] INFO  impl.LeaderElection (LeaderElection.java:logAndReturn(61)) - omNode1@group-3464CFB7038B-LeaderElection6: Election TIMEOUT; received 0 response(s) [] and 0 exception(s); omNode1@group-3464CFB7038B:t1036, leader=null, voted=omNode1, raftlog=omNode1@group-3464CFB7038B-SegmentedRaftLog:OPENED:c-1,f-1,i0, conf=-1: [omNode2:122.0.0.122:9872, omNode1:0.0.0.0:9872], old=null
2020-04-28 14:38:24,719 [omNode1@group-3464CFB7038B-LeaderElection6] INFO  impl.LeaderElection (LeaderElection.java:askForVotes(206)) - omNode1@group-3464CFB7038B-LeaderElection6: begin an election at term 1037 for -1: [omNode2:122.0.0.122:9872, omNode1:0.0.0.0:9872], old=null
2020-04-28 14:38:24,798 [main] INFO  ozone.MiniOzoneClusterImpl (MiniOzoneClusterImpl.java:lambda$waitForClusterToBeReady$0(177)) - Nodes are ready. Got 3 of 3 DN Heartbeats.
2020-04-28 14:38:24,798 [main] INFO  ozone.MiniOzoneClusterImpl (MiniOzoneClusterImpl.java:lambda$waitForClusterToBeReady$0(180)) - Waiting for cluster to exit safe mode
2020-04-28 14:38:24,893 [omNode1@group-3464CFB7038B-LeaderElection6] INFO  impl.LeaderElection (LeaderElection.java:logAndReturn(61)) - omNode1@group-3464CFB7038B-LeaderElection6: Election TIMEOUT; received 0 response(s) [] and 0 exception(s); omNode1@group-3464CFB7038B:t1037, leader=null, voted=omNode1, raftlog=omNode1@group-3464CFB7038B-SegmentedRaftLog:OPENED:c-1,f-1,i0, conf=-1: [omNode2:122.0.0.122:9872, omNode1:0.0.0.0:9872], old=null
2020-04-28 14:38:24,895 [omNode1@group-3464CFB7038B-LeaderElection6] INFO  impl.LeaderElection (LeaderElection.java:askForVotes(206)) - omNode1@group-3464CFB7038B-LeaderElection6: begin an election at term 1038 for -1: [omNode2:122.0.0.122:9872, omNode1:0.0.0.0:9872], old=null
2020-04-28 14:38:24,901 [omNode1@group-3464CFB7038B-LeaderElection6] INFO  impl.LeaderElection (LeaderElection.java:logAndReturn(61)) - omNode1@group-3464CFB7038B-LeaderElection6: Election TIMEOUT; received 0 response(s) [] and 0 exception(s); omNode1@group-3464CFB7038B:t1038, leader=null, voted=omNode1, raftlog=omNode1@group-3464CFB7038B-SegmentedRaftLog:OPENED:c-1,f-1,i0, conf=-1: [omNode2:122.0.0.122:9872, omNode1:0.0.0.0:9872], old=null
2020-04-28 14:38:24,902 [omNode1@group-3464CFB7038B-LeaderElection6] INFO  impl.LeaderElection (LeaderElection.java:askForVotes(206)) - omNode1@group-3464CFB7038B-LeaderElection6: begin an election at term 1039 for -1: [omNode2:122.0.0.122:9872, omNode1:0.0.0.0:9872], old=null
2020-04-28 14:38:24,943 [omNode1@group-3464CFB7038B-LeaderElection6] INFO  impl.LeaderElection (LeaderElection.java:logAndReturn(61)) - omNode1@group-3464CFB7038B-LeaderElection6: Election TIMEOUT; received 0 response(s) [] and 0 exception(s); omNode1@group-3464CFB7038B:t1039, leader=null, voted=omNode1, raftlog=omNode1@group-3464CFB7038B-SegmentedRaftLog:OPENED:c-1,f-1,i0, conf=-1: [omNode2:122.0.0.122:9872, omNode1:0.0.0.0:9872], old=null
2020-04-28 14:38:24,945 [omNode1@group-3464CFB7038B-LeaderElection6] INFO  impl.LeaderElection (LeaderElection.java:askForVotes(206)) - omNode1@group-3464CFB7038B-LeaderElection6: begin an election at term 1040 for -1: [omNode2:122.0.0.122:9872, omNode1:0.0.0.0:9872], old=null
2020-04-28 14:38:25,114 [omNode1@group-3464CFB7038B-LeaderElection6] INFO  impl.LeaderElection (LeaderElection.java:logAndReturn(61)) - omNode1@group-3464CFB7038B-LeaderElection6: Election TIMEOUT; received 0 response(s) [] and 0 exception(s); omNode1@group-3464CFB7038B:t1040, leader=null, voted=omNode1, raftlog=omNode1@group-3464CFB7038B-SegmentedRaftLog:OPENED:c-1,f-1,i0, conf=-1: [omNode2:122.0.0.122:9872, omNode1:0.0.0.0:9872], old=null
2020-04-28 14:38:25,116 [omNode1@group-3464CFB7038B-LeaderElection6] INFO  impl.LeaderElection (LeaderElection.java:askForVotes(206)) - omNode1@group-3464CFB7038B-LeaderElection6: begin an election at term 1041 for -1: [omNode2:122.0.0.122:9872, omNode1:0.0.0.0:9872], old=null
2020-04-28 14:38:25,220 [omNode1@group-3464CFB7038B-LeaderElection6] INFO  impl.LeaderElection (LeaderElection.java:logAndReturn(61)) - omNode1@group-3464CFB7038B-LeaderElection6: Election TIMEOUT; received 0 response(s) [] and 0 exception(s); omNode1@group-3464CFB7038B:t1041, leader=null, voted=omNode1, raftlog=omNode1@group-3464CFB7038B-SegmentedRaftLog:OPENED:c-1,f-1,i0, conf=-1: [omNode2:122.0.0.122:9872, omNode1:0.0.0.0:9872], old=null
2020-04-28 14:38:25,222 [omNode1@group-3464CFB7038B-LeaderElection6] INFO  impl.LeaderElection (LeaderElection.java:askForVotes(206)) - omNode1@group-3464CFB7038B-LeaderElection6: begin an election at term 1042 for -1: [omNode2:122.0.0.122:9872, omNode1:0.0.0.0:9872], old=null
2020-04-28 14:38:25,343 [omNode1@group-3464CFB7038B-LeaderElection6] INFO  impl.LeaderElection (LeaderElection.java:logAndReturn(61)) - omNode1@group-3464CFB7038B-LeaderElection6: Election TIMEOUT; received 0 response(s) [] and 0 exception(s); omNode1@group-3464CFB7038B:t1042, leader=null, voted=omNode1, raftlog=omNode1@group-3464CFB7038B-SegmentedRaftLog:OPENED:c-1,f-1,i0, conf=-1: [omNode2:122.0.0.122:9872, omNode1:0.0.0.0:9872], old=null
2020-04-28 14:38:25,345 [omNode1@group-3464CFB7038B-LeaderElection6] INFO  impl.LeaderElection (LeaderElection.java:askForVotes(206)) - omNode1@group-3464CFB7038B-LeaderElection6: begin an election at term 1043 for -1: [omNode2:122.0.0.122:9872, omNode1:0.0.0.0:9872], old=null
2020-04-28 14:38:25,524 [omNode1@group-3464CFB7038B-LeaderElection6] INFO  impl.LeaderElection (LeaderElection.java:logAndReturn(61)) - omNode1@group-3464CFB7038B-LeaderElection6: Election TIMEOUT; received 0 response(s) [] and 0 exception(s); omNode1@group-3464CFB7038B:t1043, leader=null, voted=omNode1, raftlog=omNode1@group-3464CFB7038B-SegmentedRaftLog:OPENED:c-1,f-1,i0, conf=-1: [omNode2:122.0.0.122:9872, omNode1:0.0.0.0:9872], old=null
2020-04-28 14:38:25,526 [omNode1@group-3464CFB7038B-LeaderElection6] INFO  impl.LeaderElection (LeaderElection.java:askForVotes(206)) - omNode1@group-3464CFB7038B-LeaderElection6: begin an election at term 1044 for -1: [omNode2:122.0.0.122:9872, omNode1:0.0.0.0:9872], old=null
2020-04-28 14:38:25,638 [omNode1@group-3464CFB7038B-LeaderElection6] INFO  impl.LeaderElection (LeaderElection.java:logAndReturn(61)) - omNode1@group-3464CFB7038B-LeaderElection6: Election TIMEOUT; received 0 response(s) [] and 0 exception(s); omNode1@group-3464CFB7038B:t1044, leader=null, voted=omNode1, raftlog=omNode1@group-3464CFB7038B-SegmentedRaftLog:OPENED:c-1,f-1,i0, conf=-1: [omNode2:122.0.0.122:9872, omNode1:0.0.0.0:9872], old=null
2020-04-28 14:38:25,640 [omNode1@group-3464CFB7038B-LeaderElection6] INFO  impl.LeaderElection (LeaderElection.java:askForVotes(206)) - omNode1@group-3464CFB7038B-LeaderElection6: begin an election at term 1045 for -1: [omNode2:122.0.0.122:9872, omNode1:0.0.0.0:9872], old=null
2020-04-28 14:38:25,798 [main] INFO  ozone.MiniOzoneClusterImpl (MiniOzoneClusterImpl.java:lambda$waitForClusterToBeReady$0(177)) - Nodes are ready. Got 3 of 3 DN Heartbeats.
2020-04-28 14:38:25,798 [main] INFO  ozone.MiniOzoneClusterImpl (MiniOzoneClusterImpl.java:lambda$waitForClusterToBeReady$0(180)) - Waiting for cluster to exit safe mode
2020-04-28 14:38:25,822 [omNode1@group-3464CFB7038B-LeaderElection6] INFO  impl.LeaderElection (LeaderElection.java:logAndReturn(61)) - omNode1@group-3464CFB7038B-LeaderElection6: Election TIMEOUT; received 0 response(s) [] and 0 exception(s); omNode1@group-3464CFB7038B:t1045, leader=null, voted=omNode1, raftlog=omNode1@group-3464CFB7038B-SegmentedRaftLog:OPENED:c-1,f-1,i0, conf=-1: [omNode2:122.0.0.122:9872, omNode1:0.0.0.0:9872], old=null
2020-04-28 14:38:25,824 [omNode1@group-3464CFB7038B-LeaderElection6] INFO  impl.LeaderElection (LeaderElection.java:askForVotes(206)) - omNode1@group-3464CFB7038B-LeaderElection6: begin an election at term 1046 for -1: [omNode2:122.0.0.122:9872, omNode1:0.0.0.0:9872], old=null
2020-04-28 14:38:25,903 [omNode1@group-3464CFB7038B-LeaderElection6] INFO  impl.LeaderElection (LeaderElection.java:logAndReturn(61)) - omNode1@group-3464CFB7038B-LeaderElection6: Election TIMEOUT; received 0 response(s) [] and 0 exception(s); omNode1@group-3464CFB7038B:t1046, leader=null, voted=omNode1, raftlog=omNode1@group-3464CFB7038B-SegmentedRaftLog:OPENED:c-1,f-1,i0, conf=-1: [omNode2:122.0.0.122:9872, omNode1:0.0.0.0:9872], old=null
2020-04-28 14:38:25,905 [omNode1@group-3464CFB7038B-LeaderElection6] INFO  impl.LeaderElection (LeaderElection.java:askForVotes(206)) - omNode1@group-3464CFB7038B-LeaderElection6: begin an election at term 1047 for -1: [omNode2:122.0.0.122:9872, omNode1:0.0.0.0:9872], old=null
2020-04-28 14:38:25,978 [omNode1@group-3464CFB7038B-LeaderElection6] INFO  impl.LeaderElection (LeaderElection.java:logAndReturn(61)) - omNode1@group-3464CFB7038B-LeaderElection6: Election TIMEOUT; received 0 response(s) [] and 0 exception(s); omNode1@group-3464CFB7038B:t1047, leader=null, voted=omNode1, raftlog=omNode1@group-3464CFB7038B-SegmentedRaftLog:OPENED:c-1,f-1,i0, conf=-1: [omNode2:122.0.0.122:9872, omNode1:0.0.0.0:9872], old=null
2020-04-28 14:38:25,980 [omNode1@group-3464CFB7038B-LeaderElection6] INFO  impl.LeaderElection (LeaderElection.java:askForVotes(206)) - omNode1@group-3464CFB7038B-LeaderElection6: begin an election at term 1048 for -1: [omNode2:122.0.0.122:9872, omNode1:0.0.0.0:9872], old=null
2020-04-28 14:38:26,050 [omNode1@group-3464CFB7038B-LeaderElection6] INFO  impl.LeaderElection (LeaderElection.java:logAndReturn(61)) - omNode1@group-3464CFB7038B-LeaderElection6: Election TIMEOUT; received 0 response(s) [] and 0 exception(s); omNode1@group-3464CFB7038B:t1048, leader=null, voted=omNode1, raftlog=omNode1@group-3464CFB7038B-SegmentedRaftLog:OPENED:c-1,f-1,i0, conf=-1: [omNode2:122.0.0.122:9872, omNode1:0.0.0.0:9872], old=null
2020-04-28 14:38:26,052 [omNode1@group-3464CFB7038B-LeaderElection6] INFO  impl.LeaderElection (LeaderElection.java:askForVotes(206)) - omNode1@group-3464CFB7038B-LeaderElection6: begin an election at term 1049 for -1: [omNode2:122.0.0.122:9872, omNode1:0.0.0.0:9872], old=null
2020-04-28 14:38:26,216 [omNode1@group-3464CFB7038B-LeaderElection6] INFO  impl.LeaderElection (LeaderElection.java:logAndReturn(61)) - omNode1@group-3464CFB7038B-LeaderElection6: Election TIMEOUT; received 0 response(s) [] and 0 exception(s); omNode1@group-3464CFB7038B:t1049, leader=null, voted=omNode1, raftlog=omNode1@group-3464CFB7038B-SegmentedRaftLog:OPENED:c-1,f-1,i0, conf=-1: [omNode2:122.0.0.122:9872, omNode1:0.0.0.0:9872], old=null
2020-04-28 14:38:26,217 [omNode1@group-3464CFB7038B-LeaderElection6] INFO  impl.LeaderElection (LeaderElection.java:askForVotes(206)) - omNode1@group-3464CFB7038B-LeaderElection6: begin an election at term 1050 for -1: [omNode2:122.0.0.122:9872, omNode1:0.0.0.0:9872], old=null
2020-04-28 14:38:26,389 [omNode1@group-3464CFB7038B-LeaderElection6] INFO  impl.LeaderElection (LeaderElection.java:logAndReturn(61)) - omNode1@group-3464CFB7038B-LeaderElection6: Election TIMEOUT; received 0 response(s) [] and 0 exception(s); omNode1@group-3464CFB7038B:t1050, leader=null, voted=omNode1, raftlog=omNode1@group-3464CFB7038B-SegmentedRaftLog:OPENED:c-1,f-1,i0, conf=-1: [omNode2:122.0.0.122:9872, omNode1:0.0.0.0:9872], old=null
2020-04-28 14:38:26,391 [omNode1@group-3464CFB7038B-LeaderElection6] INFO  impl.LeaderElection (LeaderElection.java:askForVotes(206)) - omNode1@group-3464CFB7038B-LeaderElection6: begin an election at term 1051 for -1: [omNode2:122.0.0.122:9872, omNode1:0.0.0.0:9872], old=null
2020-04-28 14:38:26,444 [omNode1@group-3464CFB7038B-LeaderElection6] INFO  impl.LeaderElection (LeaderElection.java:logAndReturn(61)) - omNode1@group-3464CFB7038B-LeaderElection6: Election TIMEOUT; received 0 response(s) [] and 0 exception(s); omNode1@group-3464CFB7038B:t1051, leader=null, voted=omNode1, raftlog=omNode1@group-3464CFB7038B-SegmentedRaftLog:OPENED:c-1,f-1,i0, conf=-1: [omNode2:122.0.0.122:9872, omNode1:0.0.0.0:9872], old=null
2020-04-28 14:38:26,446 [omNode1@group-3464CFB7038B-LeaderElection6] INFO  impl.LeaderElection (LeaderElection.java:askForVotes(206)) - omNode1@group-3464CFB7038B-LeaderElection6: begin an election at term 1052 for -1: [omNode2:122.0.0.122:9872, omNode1:0.0.0.0:9872], old=null
2020-04-28 14:38:26,639 [omNode1@group-3464CFB7038B-LeaderElection6] INFO  impl.LeaderElection (LeaderElection.java:logAndReturn(61)) - omNode1@group-3464CFB7038B-LeaderElection6: Election TIMEOUT; received 0 response(s) [] and 0 exception(s); omNode1@group-3464CFB7038B:t1052, leader=null, voted=omNode1, raftlog=omNode1@group-3464CFB7038B-SegmentedRaftLog:OPENED:c-1,f-1,i0, conf=-1: [omNode2:122.0.0.122:9872, omNode1:0.0.0.0:9872], old=null
2020-04-28 14:38:26,641 [omNode1@group-3464CFB7038B-LeaderElection6] INFO  impl.LeaderElection (LeaderElection.java:askForVotes(206)) - omNode1@group-3464CFB7038B-LeaderElection6: begin an election at term 1053 for -1: [omNode2:122.0.0.122:9872, omNode1:0.0.0.0:9872], old=null
2020-04-28 14:38:26,650 [omNode1@group-3464CFB7038B-LeaderElection6] INFO  impl.LeaderElection (LeaderElection.java:logAndReturn(61)) - omNode1@group-3464CFB7038B-LeaderElection6: Election TIMEOUT; received 0 response(s) [] and 0 exception(s); omNode1@group-3464CFB7038B:t1053, leader=null, voted=omNode1, raftlog=omNode1@group-3464CFB7038B-SegmentedRaftLog:OPENED:c-1,f-1,i0, conf=-1: [omNode2:122.0.0.122:9872, omNode1:0.0.0.0:9872], old=null
2020-04-28 14:38:26,651 [omNode1@group-3464CFB7038B-LeaderElection6] INFO  impl.LeaderElection (LeaderElection.java:askForVotes(206)) - omNode1@group-3464CFB7038B-LeaderElection6: begin an election at term 1054 for -1: [omNode2:122.0.0.122:9872, omNode1:0.0.0.0:9872], old=null
2020-04-28 14:38:26,743 [omNode1@group-3464CFB7038B-LeaderElection6] INFO  impl.LeaderElection (LeaderElection.java:logAndReturn(61)) - omNode1@group-3464CFB7038B-LeaderElection6: Election TIMEOUT; received 0 response(s) [] and 0 exception(s); omNode1@group-3464CFB7038B:t1054, leader=null, voted=omNode1, raftlog=omNode1@group-3464CFB7038B-SegmentedRaftLog:OPENED:c-1,f-1,i0, conf=-1: [omNode2:122.0.0.122:9872, omNode1:0.0.0.0:9872], old=null
2020-04-28 14:38:26,745 [omNode1@group-3464CFB7038B-LeaderElection6] INFO  impl.LeaderElection (LeaderElection.java:askForVotes(206)) - omNode1@group-3464CFB7038B-LeaderElection6: begin an election at term 1055 for -1: [omNode2:122.0.0.122:9872, omNode1:0.0.0.0:9872], old=null
2020-04-28 14:38:26,798 [main] INFO  ozone.MiniOzoneClusterImpl (MiniOzoneClusterImpl.java:lambda$waitForClusterToBeReady$0(177)) - Nodes are ready. Got 3 of 3 DN Heartbeats.
2020-04-28 14:38:26,799 [main] INFO  ozone.MiniOzoneClusterImpl (MiniOzoneClusterImpl.java:lambda$waitForClusterToBeReady$0(180)) - Waiting for cluster to exit safe mode
2020-04-28 14:38:26,909 [omNode1@group-3464CFB7038B-LeaderElection6] INFO  impl.LeaderElection (LeaderElection.java:logAndReturn(61)) - omNode1@group-3464CFB7038B-LeaderElection6: Election TIMEOUT; received 0 response(s) [] and 0 exception(s); omNode1@group-3464CFB7038B:t1055, leader=null, voted=omNode1, raftlog=omNode1@group-3464CFB7038B-SegmentedRaftLog:OPENED:c-1,f-1,i0, conf=-1: [omNode2:122.0.0.122:9872, omNode1:0.0.0.0:9872], old=null
2020-04-28 14:38:26,911 [omNode1@group-3464CFB7038B-LeaderElection6] INFO  impl.LeaderElection (LeaderElection.java:askForVotes(206)) - omNode1@group-3464CFB7038B-LeaderElection6: begin an election at term 1056 for -1: [omNode2:122.0.0.122:9872, omNode1:0.0.0.0:9872], old=null
2020-04-28 14:38:26,954 [omNode1@group-3464CFB7038B-LeaderElection6] INFO  impl.LeaderElection (LeaderElection.java:logAndReturn(61)) - omNode1@group-3464CFB7038B-LeaderElection6: Election TIMEOUT; received 0 response(s) [] and 0 exception(s); omNode1@group-3464CFB7038B:t1056, leader=null, voted=omNode1, raftlog=omNode1@group-3464CFB7038B-SegmentedRaftLog:OPENED:c-1,f-1,i0, conf=-1: [omNode2:122.0.0.122:9872, omNode1:0.0.0.0:9872], old=null
2020-04-28 14:38:26,956 [omNode1@group-3464CFB7038B-LeaderElection6] INFO  impl.LeaderElection (LeaderElection.java:askForVotes(206)) - omNode1@group-3464CFB7038B-LeaderElection6: begin an election at term 1057 for -1: [omNode2:122.0.0.122:9872, omNode1:0.0.0.0:9872], old=null
2020-04-28 14:38:27,156 [omNode1@group-3464CFB7038B-LeaderElection6] INFO  impl.LeaderElection (LeaderElection.java:logAndReturn(61)) - omNode1@group-3464CFB7038B-LeaderElection6: Election TIMEOUT; received 0 response(s) [] and 0 exception(s); omNode1@group-3464CFB7038B:t1057, leader=null, voted=omNode1, raftlog=omNode1@group-3464CFB7038B-SegmentedRaftLog:OPENED:c-1,f-1,i0, conf=-1: [omNode2:122.0.0.122:9872, omNode1:0.0.0.0:9872], old=null
2020-04-28 14:38:27,158 [omNode1@group-3464CFB7038B-LeaderElection6] INFO  impl.LeaderElection (LeaderElection.java:askForVotes(206)) - omNode1@group-3464CFB7038B-LeaderElection6: begin an election at term 1058 for -1: [omNode2:122.0.0.122:9872, omNode1:0.0.0.0:9872], old=null
2020-04-28 14:38:27,202 [omNode1@group-3464CFB7038B-LeaderElection6] INFO  impl.LeaderElection (LeaderElection.java:logAndReturn(61)) - omNode1@group-3464CFB7038B-LeaderElection6: Election TIMEOUT; received 0 response(s) [] and 0 exception(s); omNode1@group-3464CFB7038B:t1058, leader=null, voted=omNode1, raftlog=omNode1@group-3464CFB7038B-SegmentedRaftLog:OPENED:c-1,f-1,i0, conf=-1: [omNode2:122.0.0.122:9872, omNode1:0.0.0.0:9872], old=null
2020-04-28 14:38:27,204 [omNode1@group-3464CFB7038B-LeaderElection6] INFO  impl.LeaderElection (LeaderElection.java:askForVotes(206)) - omNode1@group-3464CFB7038B-LeaderElection6: begin an election at term 1059 for -1: [omNode2:122.0.0.122:9872, omNode1:0.0.0.0:9872], old=null
2020-04-28 14:38:27,293 [omNode1@group-3464CFB7038B-LeaderElection6] INFO  impl.LeaderElection (LeaderElection.java:logAndReturn(61)) - omNode1@group-3464CFB7038B-LeaderElection6: Election TIMEOUT; received 0 response(s) [] and 0 exception(s); omNode1@group-3464CFB7038B:t1059, leader=null, voted=omNode1, raftlog=omNode1@group-3464CFB7038B-SegmentedRaftLog:OPENED:c-1,f-1,i0, conf=-1: [omNode2:122.0.0.122:9872, omNode1:0.0.0.0:9872], old=null
2020-04-28 14:38:27,295 [omNode1@group-3464CFB7038B-LeaderElection6] INFO  impl.LeaderElection (LeaderElection.java:askForVotes(206)) - omNode1@group-3464CFB7038B-LeaderElection6: begin an election at term 1060 for -1: [omNode2:122.0.0.122:9872, omNode1:0.0.0.0:9872], old=null
2020-04-28 14:38:27,456 [omNode1@group-3464CFB7038B-LeaderElection6] INFO  impl.LeaderElection (LeaderElection.java:logAndReturn(61)) - omNode1@group-3464CFB7038B-LeaderElection6: Election TIMEOUT; received 0 response(s) [] and 0 exception(s); omNode1@group-3464CFB7038B:t1060, leader=null, voted=omNode1, raftlog=omNode1@group-3464CFB7038B-SegmentedRaftLog:OPENED:c-1,f-1,i0, conf=-1: [omNode2:122.0.0.122:9872, omNode1:0.0.0.0:9872], old=null
2020-04-28 14:38:27,458 [omNode1@group-3464CFB7038B-LeaderElection6] INFO  impl.LeaderElection (LeaderElection.java:askForVotes(206)) - omNode1@group-3464CFB7038B-LeaderElection6: begin an election at term 1061 for -1: [omNode2:122.0.0.122:9872, omNode1:0.0.0.0:9872], old=null
2020-04-28 14:38:27,547 [omNode1@group-3464CFB7038B-LeaderElection6] INFO  impl.LeaderElection (LeaderElection.java:logAndReturn(61)) - omNode1@group-3464CFB7038B-LeaderElection6: Election TIMEOUT; received 0 response(s) [] and 0 exception(s); omNode1@group-3464CFB7038B:t1061, leader=null, voted=omNode1, raftlog=omNode1@group-3464CFB7038B-SegmentedRaftLog:OPENED:c-1,f-1,i0, conf=-1: [omNode2:122.0.0.122:9872, omNode1:0.0.0.0:9872], old=null
2020-04-28 14:38:27,548 [omNode1@group-3464CFB7038B-LeaderElection6] INFO  impl.LeaderElection (LeaderElection.java:askForVotes(206)) - omNode1@group-3464CFB7038B-LeaderElection6: begin an election at term 1062 for -1: [omNode2:122.0.0.122:9872, omNode1:0.0.0.0:9872], old=null
2020-04-28 14:38:27,713 [omNode1@group-3464CFB7038B-LeaderElection6] INFO  impl.LeaderElection (LeaderElection.java:logAndReturn(61)) - omNode1@group-3464CFB7038B-LeaderElection6: Election TIMEOUT; received 0 response(s) [] and 0 exception(s); omNode1@group-3464CFB7038B:t1062, leader=null, voted=omNode1, raftlog=omNode1@group-3464CFB7038B-SegmentedRaftLog:OPENED:c-1,f-1,i0, conf=-1: [omNode2:122.0.0.122:9872, omNode1:0.0.0.0:9872], old=null
2020-04-28 14:38:27,714 [omNode1@group-3464CFB7038B-LeaderElection6] INFO  impl.LeaderElection (LeaderElection.java:askForVotes(206)) - omNode1@group-3464CFB7038B-LeaderElection6: begin an election at term 1063 for -1: [omNode2:122.0.0.122:9872, omNode1:0.0.0.0:9872], old=null
2020-04-28 14:38:27,799 [main] INFO  ozone.MiniOzoneClusterImpl (MiniOzoneClusterImpl.java:lambda$waitForClusterToBeReady$0(177)) - Nodes are ready. Got 3 of 3 DN Heartbeats.
2020-04-28 14:38:27,799 [main] INFO  ozone.MiniOzoneClusterImpl (MiniOzoneClusterImpl.java:lambda$waitForClusterToBeReady$0(180)) - Waiting for cluster to exit safe mode
2020-04-28 14:38:27,903 [omNode1@group-3464CFB7038B-LeaderElection6] INFO  impl.LeaderElection (LeaderElection.java:logAndReturn(61)) - omNode1@group-3464CFB7038B-LeaderElection6: Election TIMEOUT; received 0 response(s) [] and 0 exception(s); omNode1@group-3464CFB7038B:t1063, leader=null, voted=omNode1, raftlog=omNode1@group-3464CFB7038B-SegmentedRaftLog:OPENED:c-1,f-1,i0, conf=-1: [omNode2:122.0.0.122:9872, omNode1:0.0.0.0:9872], old=null
2020-04-28 14:38:27,904 [omNode1@group-3464CFB7038B-LeaderElection6] INFO  impl.LeaderElection (LeaderElection.java:askForVotes(206)) - omNode1@group-3464CFB7038B-LeaderElection6: begin an election at term 1064 for -1: [omNode2:122.0.0.122:9872, omNode1:0.0.0.0:9872], old=null
2020-04-28 14:38:28,008 [omNode1@group-3464CFB7038B-LeaderElection6] INFO  impl.LeaderElection (LeaderElection.java:logAndReturn(61)) - omNode1@group-3464CFB7038B-LeaderElection6: Election TIMEOUT; received 0 response(s) [] and 0 exception(s); omNode1@group-3464CFB7038B:t1064, leader=null, voted=omNode1, raftlog=omNode1@group-3464CFB7038B-SegmentedRaftLog:OPENED:c-1,f-1,i0, conf=-1: [omNode2:122.0.0.122:9872, omNode1:0.0.0.0:9872], old=null
2020-04-28 14:38:28,010 [omNode1@group-3464CFB7038B-LeaderElection6] INFO  impl.LeaderElection (LeaderElection.java:askForVotes(206)) - omNode1@group-3464CFB7038B-LeaderElection6: begin an election at term 1065 for -1: [omNode2:122.0.0.122:9872, omNode1:0.0.0.0:9872], old=null
2020-04-28 14:38:28,114 [omNode1@group-3464CFB7038B-LeaderElection6] INFO  impl.LeaderElection (LeaderElection.java:logAndReturn(61)) - omNode1@group-3464CFB7038B-LeaderElection6: Election TIMEOUT; received 0 response(s) [] and 0 exception(s); omNode1@group-3464CFB7038B:t1065, leader=null, voted=omNode1, raftlog=omNode1@group-3464CFB7038B-SegmentedRaftLog:OPENED:c-1,f-1,i0, conf=-1: [omNode2:122.0.0.122:9872, omNode1:0.0.0.0:9872], old=null
2020-04-28 14:38:28,115 [omNode1@group-3464CFB7038B-LeaderElection6] INFO  impl.LeaderElection (LeaderElection.java:askForVotes(206)) - omNode1@group-3464CFB7038B-LeaderElection6: begin an election at term 1066 for -1: [omNode2:122.0.0.122:9872, omNode1:0.0.0.0:9872], old=null
2020-04-28 14:38:28,278 [omNode1@group-3464CFB7038B-LeaderElection6] INFO  impl.LeaderElection (LeaderElection.java:logAndReturn(61)) - omNode1@group-3464CFB7038B-LeaderElection6: Election TIMEOUT; received 0 response(s) [] and 0 exception(s); omNode1@group-3464CFB7038B:t1066, leader=null, voted=omNode1, raftlog=omNode1@group-3464CFB7038B-SegmentedRaftLog:OPENED:c-1,f-1,i0, conf=-1: [omNode2:122.0.0.122:9872, omNode1:0.0.0.0:9872], old=null
2020-04-28 14:38:28,279 [omNode1@group-3464CFB7038B-LeaderElection6] INFO  impl.LeaderElection (LeaderElection.java:askForVotes(206)) - omNode1@group-3464CFB7038B-LeaderElection6: begin an election at term 1067 for -1: [omNode2:122.0.0.122:9872, omNode1:0.0.0.0:9872], old=null
2020-04-28 14:38:28,361 [omNode1@group-3464CFB7038B-LeaderElection6] INFO  impl.LeaderElection (LeaderElection.java:logAndReturn(61)) - omNode1@group-3464CFB7038B-LeaderElection6: Election TIMEOUT; received 0 response(s) [] and 0 exception(s); omNode1@group-3464CFB7038B:t1067, leader=null, voted=omNode1, raftlog=omNode1@group-3464CFB7038B-SegmentedRaftLog:OPENED:c-1,f-1,i0, conf=-1: [omNode2:122.0.0.122:9872, omNode1:0.0.0.0:9872], old=null
2020-04-28 14:38:28,362 [omNode1@group-3464CFB7038B-LeaderElection6] INFO  impl.LeaderElection (LeaderElection.java:askForVotes(206)) - omNode1@group-3464CFB7038B-LeaderElection6: begin an election at term 1068 for -1: [omNode2:122.0.0.122:9872, omNode1:0.0.0.0:9872], old=null
2020-04-28 14:38:28,548 [omNode1@group-3464CFB7038B-LeaderElection6] INFO  impl.LeaderElection (LeaderElection.java:logAndReturn(61)) - omNode1@group-3464CFB7038B-LeaderElection6: Election TIMEOUT; received 0 response(s) [] and 0 exception(s); omNode1@group-3464CFB7038B:t1068, leader=null, voted=omNode1, raftlog=omNode1@group-3464CFB7038B-SegmentedRaftLog:OPENED:c-1,f-1,i0, conf=-1: [omNode2:122.0.0.122:9872, omNode1:0.0.0.0:9872], old=null
2020-04-28 14:38:28,549 [omNode1@group-3464CFB7038B-LeaderElection6] INFO  impl.LeaderElection (LeaderElection.java:askForVotes(206)) - omNode1@group-3464CFB7038B-LeaderElection6: begin an election at term 1069 for -1: [omNode2:122.0.0.122:9872, omNode1:0.0.0.0:9872], old=null
2020-04-28 14:38:28,615 [omNode1@group-3464CFB7038B-LeaderElection6] INFO  impl.LeaderElection (LeaderElection.java:logAndReturn(61)) - omNode1@group-3464CFB7038B-LeaderElection6: Election TIMEOUT; received 0 response(s) [] and 0 exception(s); omNode1@group-3464CFB7038B:t1069, leader=null, voted=omNode1, raftlog=omNode1@group-3464CFB7038B-SegmentedRaftLog:OPENED:c-1,f-1,i0, conf=-1: [omNode2:122.0.0.122:9872, omNode1:0.0.0.0:9872], old=null
2020-04-28 14:38:28,617 [omNode1@group-3464CFB7038B-LeaderElection6] INFO  impl.LeaderElection (LeaderElection.java:askForVotes(206)) - omNode1@group-3464CFB7038B-LeaderElection6: begin an election at term 1070 for -1: [omNode2:122.0.0.122:9872, omNode1:0.0.0.0:9872], old=null
2020-04-28 14:38:28,679 [omNode1@group-3464CFB7038B-LeaderElection6] INFO  impl.LeaderElection (LeaderElection.java:logAndReturn(61)) - omNode1@group-3464CFB7038B-LeaderElection6: Election TIMEOUT; received 0 response(s) [] and 0 exception(s); omNode1@group-3464CFB7038B:t1070, leader=null, voted=omNode1, raftlog=omNode1@group-3464CFB7038B-SegmentedRaftLog:OPENED:c-1,f-1,i0, conf=-1: [omNode2:122.0.0.122:9872, omNode1:0.0.0.0:9872], old=null
2020-04-28 14:38:28,680 [omNode1@group-3464CFB7038B-LeaderElection6] INFO  impl.LeaderElection (LeaderElection.java:askForVotes(206)) - omNode1@group-3464CFB7038B-LeaderElection6: begin an election at term 1071 for -1: [omNode2:122.0.0.122:9872, omNode1:0.0.0.0:9872], old=null
2020-04-28 14:38:28,744 [omNode1@group-3464CFB7038B-LeaderElection6] INFO  impl.LeaderElection (LeaderElection.java:logAndReturn(61)) - omNode1@group-3464CFB7038B-LeaderElection6: Election TIMEOUT; received 0 response(s) [] and 0 exception(s); omNode1@group-3464CFB7038B:t1071, leader=null, voted=omNode1, raftlog=omNode1@group-3464CFB7038B-SegmentedRaftLog:OPENED:c-1,f-1,i0, conf=-1: [omNode2:122.0.0.122:9872, omNode1:0.0.0.0:9872], old=null
2020-04-28 14:38:28,745 [omNode1@group-3464CFB7038B-LeaderElection6] INFO  impl.LeaderElection (LeaderElection.java:askForVotes(206)) - omNode1@group-3464CFB7038B-LeaderElection6: begin an election at term 1072 for -1: [omNode2:122.0.0.122:9872, omNode1:0.0.0.0:9872], old=null
2020-04-28 14:38:28,799 [main] INFO  ozone.MiniOzoneClusterImpl (MiniOzoneClusterImpl.java:lambda$waitForClusterToBeReady$0(177)) - Nodes are ready. Got 3 of 3 DN Heartbeats.
2020-04-28 14:38:28,799 [main] INFO  ozone.MiniOzoneClusterImpl (MiniOzoneClusterImpl.java:lambda$waitForClusterToBeReady$0(180)) - Waiting for cluster to exit safe mode
2020-04-28 14:38:28,807 [omNode1@group-3464CFB7038B-LeaderElection6] INFO  impl.LeaderElection (LeaderElection.java:logAndReturn(61)) - omNode1@group-3464CFB7038B-LeaderElection6: Election TIMEOUT; received 0 response(s) [] and 0 exception(s); omNode1@group-3464CFB7038B:t1072, leader=null, voted=omNode1, raftlog=omNode1@group-3464CFB7038B-SegmentedRaftLog:OPENED:c-1,f-1,i0, conf=-1: [omNode2:122.0.0.122:9872, omNode1:0.0.0.0:9872], old=null
2020-04-28 14:38:28,809 [omNode1@group-3464CFB7038B-LeaderElection6] INFO  impl.LeaderElection (LeaderElection.java:askForVotes(206)) - omNode1@group-3464CFB7038B-LeaderElection6: begin an election at term 1073 for -1: [omNode2:122.0.0.122:9872, omNode1:0.0.0.0:9872], old=null
2020-04-28 14:38:28,810 [omNode1@group-3464CFB7038B-LeaderElection6] INFO  impl.LeaderElection (LeaderElection.java:logAndReturn(61)) - omNode1@group-3464CFB7038B-LeaderElection6: Election TIMEOUT; received 0 response(s) [] and 0 exception(s); omNode1@group-3464CFB7038B:t1073, leader=null, voted=omNode1, raftlog=omNode1@group-3464CFB7038B-SegmentedRaftLog:OPENED:c-1,f-1,i0, conf=-1: [omNode2:122.0.0.122:9872, omNode1:0.0.0.0:9872], old=null
2020-04-28 14:38:28,811 [omNode1@group-3464CFB7038B-LeaderElection6] INFO  impl.LeaderElection (LeaderElection.java:askForVotes(206)) - omNode1@group-3464CFB7038B-LeaderElection6: begin an election at term 1074 for -1: [omNode2:122.0.0.122:9872, omNode1:0.0.0.0:9872], old=null
2020-04-28 14:38:29,003 [omNode1@group-3464CFB7038B-LeaderElection6] INFO  impl.LeaderElection (LeaderElection.java:logAndReturn(61)) - omNode1@group-3464CFB7038B-LeaderElection6: Election TIMEOUT; received 0 response(s) [] and 0 exception(s); omNode1@group-3464CFB7038B:t1074, leader=null, voted=omNode1, raftlog=omNode1@group-3464CFB7038B-SegmentedRaftLog:OPENED:c-1,f-1,i0, conf=-1: [omNode2:122.0.0.122:9872, omNode1:0.0.0.0:9872], old=null
2020-04-28 14:38:29,004 [omNode1@group-3464CFB7038B-LeaderElection6] INFO  impl.LeaderElection (LeaderElection.java:askForVotes(206)) - omNode1@group-3464CFB7038B-LeaderElection6: begin an election at term 1075 for -1: [omNode2:122.0.0.122:9872, omNode1:0.0.0.0:9872], old=null
2020-04-28 14:38:29,034 [omNode1@group-3464CFB7038B-LeaderElection6] INFO  impl.LeaderElection (LeaderElection.java:logAndReturn(61)) - omNode1@group-3464CFB7038B-LeaderElection6: Election TIMEOUT; received 0 response(s) [] and 0 exception(s); omNode1@group-3464CFB7038B:t1075, leader=null, voted=omNode1, raftlog=omNode1@group-3464CFB7038B-SegmentedRaftLog:OPENED:c-1,f-1,i0, conf=-1: [omNode2:122.0.0.122:9872, omNode1:0.0.0.0:9872], old=null
2020-04-28 14:38:29,035 [omNode1@group-3464CFB7038B-LeaderElection6] INFO  impl.LeaderElection (LeaderElection.java:askForVotes(206)) - omNode1@group-3464CFB7038B-LeaderElection6: begin an election at term 1076 for -1: [omNode2:122.0.0.122:9872, omNode1:0.0.0.0:9872], old=null
2020-04-28 14:38:29,128 [omNode1@group-3464CFB7038B-LeaderElection6] INFO  impl.LeaderElection (LeaderElection.java:logAndReturn(61)) - omNode1@group-3464CFB7038B-LeaderElection6: Election TIMEOUT; received 0 response(s) [] and 0 exception(s); omNode1@group-3464CFB7038B:t1076, leader=null, voted=omNode1, raftlog=omNode1@group-3464CFB7038B-SegmentedRaftLog:OPENED:c-1,f-1,i0, conf=-1: [omNode2:122.0.0.122:9872, omNode1:0.0.0.0:9872], old=null
2020-04-28 14:38:29,129 [omNode1@group-3464CFB7038B-LeaderElection6] INFO  impl.LeaderElection (LeaderElection.java:askForVotes(206)) - omNode1@group-3464CFB7038B-LeaderElection6: begin an election at term 1077 for -1: [omNode2:122.0.0.122:9872, omNode1:0.0.0.0:9872], old=null
2020-04-28 14:38:29,183 [omNode1@group-3464CFB7038B-LeaderElection6] INFO  impl.LeaderElection (LeaderElection.java:logAndReturn(61)) - omNode1@group-3464CFB7038B-LeaderElection6: Election TIMEOUT; received 0 response(s) [] and 0 exception(s); omNode1@group-3464CFB7038B:t1077, leader=null, voted=omNode1, raftlog=omNode1@group-3464CFB7038B-SegmentedRaftLog:OPENED:c-1,f-1,i0, conf=-1: [omNode2:122.0.0.122:9872, omNode1:0.0.0.0:9872], old=null
2020-04-28 14:38:29,184 [omNode1@group-3464CFB7038B-LeaderElection6] INFO  impl.LeaderElection (LeaderElection.java:askForVotes(206)) - omNode1@group-3464CFB7038B-LeaderElection6: begin an election at term 1078 for -1: [omNode2:122.0.0.122:9872, omNode1:0.0.0.0:9872], old=null
2020-04-28 14:38:29,244 [omNode1@group-3464CFB7038B-LeaderElection6] INFO  impl.LeaderElection (LeaderElection.java:logAndReturn(61)) - omNode1@group-3464CFB7038B-LeaderElection6: Election TIMEOUT; received 0 response(s) [] and 0 exception(s); omNode1@group-3464CFB7038B:t1078, leader=null, voted=omNode1, raftlog=omNode1@group-3464CFB7038B-SegmentedRaftLog:OPENED:c-1,f-1,i0, conf=-1: [omNode2:122.0.0.122:9872, omNode1:0.0.0.0:9872], old=null
2020-04-28 14:38:29,245 [omNode1@group-3464CFB7038B-LeaderElection6] INFO  impl.LeaderElection (LeaderElection.java:askForVotes(206)) - omNode1@group-3464CFB7038B-LeaderElection6: begin an election at term 1079 for -1: [omNode2:122.0.0.122:9872, omNode1:0.0.0.0:9872], old=null
2020-04-28 14:38:29,342 [omNode1@group-3464CFB7038B-LeaderElection6] INFO  impl.LeaderElection (LeaderElection.java:logAndReturn(61)) - omNode1@group-3464CFB7038B-LeaderElection6: Election TIMEOUT; received 0 response(s) [] and 0 exception(s); omNode1@group-3464CFB7038B:t1079, leader=null, voted=omNode1, raftlog=omNode1@group-3464CFB7038B-SegmentedRaftLog:OPENED:c-1,f-1,i0, conf=-1: [omNode2:122.0.0.122:9872, omNode1:0.0.0.0:9872], old=null
2020-04-28 14:38:29,343 [omNode1@group-3464CFB7038B-LeaderElection6] INFO  impl.LeaderElection (LeaderElection.java:askForVotes(206)) - omNode1@group-3464CFB7038B-LeaderElection6: begin an election at term 1080 for -1: [omNode2:122.0.0.122:9872, omNode1:0.0.0.0:9872], old=null
2020-04-28 14:38:29,474 [omNode1@group-3464CFB7038B-LeaderElection6] INFO  impl.LeaderElection (LeaderElection.java:logAndReturn(61)) - omNode1@group-3464CFB7038B-LeaderElection6: Election TIMEOUT; received 0 response(s) [] and 0 exception(s); omNode1@group-3464CFB7038B:t1080, leader=null, voted=omNode1, raftlog=omNode1@group-3464CFB7038B-SegmentedRaftLog:OPENED:c-1,f-1,i0, conf=-1: [omNode2:122.0.0.122:9872, omNode1:0.0.0.0:9872], old=null
2020-04-28 14:38:29,475 [omNode1@group-3464CFB7038B-LeaderElection6] INFO  impl.LeaderElection (LeaderElection.java:askForVotes(206)) - omNode1@group-3464CFB7038B-LeaderElection6: begin an election at term 1081 for -1: [omNode2:122.0.0.122:9872, omNode1:0.0.0.0:9872], old=null
2020-04-28 14:38:29,612 [omNode1@group-3464CFB7038B-LeaderElection6] INFO  impl.LeaderElection (LeaderElection.java:logAndReturn(61)) - omNode1@group-3464CFB7038B-LeaderElection6: Election TIMEOUT; received 0 response(s) [] and 0 exception(s); omNode1@group-3464CFB7038B:t1081, leader=null, voted=omNode1, raftlog=omNode1@group-3464CFB7038B-SegmentedRaftLog:OPENED:c-1,f-1,i0, conf=-1: [omNode2:122.0.0.122:9872, omNode1:0.0.0.0:9872], old=null
2020-04-28 14:38:29,613 [omNode1@group-3464CFB7038B-LeaderElection6] INFO  impl.LeaderElection (LeaderElection.java:askForVotes(206)) - omNode1@group-3464CFB7038B-LeaderElection6: begin an election at term 1082 for -1: [omNode2:122.0.0.122:9872, omNode1:0.0.0.0:9872], old=null
2020-04-28 14:38:29,688 [omNode1@group-3464CFB7038B-LeaderElection6] INFO  impl.LeaderElection (LeaderElection.java:logAndReturn(61)) - omNode1@group-3464CFB7038B-LeaderElection6: Election TIMEOUT; received 0 response(s) [] and 0 exception(s); omNode1@group-3464CFB7038B:t1082, leader=null, voted=omNode1, raftlog=omNode1@group-3464CFB7038B-SegmentedRaftLog:OPENED:c-1,f-1,i0, conf=-1: [omNode2:122.0.0.122:9872, omNode1:0.0.0.0:9872], old=null
2020-04-28 14:38:29,690 [omNode1@group-3464CFB7038B-LeaderElection6] INFO  impl.LeaderElection (LeaderElection.java:askForVotes(206)) - omNode1@group-3464CFB7038B-LeaderElection6: begin an election at term 1083 for -1: [omNode2:122.0.0.122:9872, omNode1:0.0.0.0:9872], old=null
2020-04-28 14:38:29,723 [omNode1@group-3464CFB7038B-LeaderElection6] INFO  impl.LeaderElection (LeaderElection.java:logAndReturn(61)) - omNode1@group-3464CFB7038B-LeaderElection6: Election TIMEOUT; received 0 response(s) [] and 0 exception(s); omNode1@group-3464CFB7038B:t1083, leader=null, voted=omNode1, raftlog=omNode1@group-3464CFB7038B-SegmentedRaftLog:OPENED:c-1,f-1,i0, conf=-1: [omNode2:122.0.0.122:9872, omNode1:0.0.0.0:9872], old=null
2020-04-28 14:38:29,725 [omNode1@group-3464CFB7038B-LeaderElection6] INFO  impl.LeaderElection (LeaderElection.java:askForVotes(206)) - omNode1@group-3464CFB7038B-LeaderElection6: begin an election at term 1084 for -1: [omNode2:122.0.0.122:9872, omNode1:0.0.0.0:9872], old=null
2020-04-28 14:38:29,742 [omNode1@group-3464CFB7038B-LeaderElection6] INFO  impl.LeaderElection (LeaderElection.java:logAndReturn(61)) - omNode1@group-3464CFB7038B-LeaderElection6: Election TIMEOUT; received 0 response(s) [] and 0 exception(s); omNode1@group-3464CFB7038B:t1084, leader=null, voted=omNode1, raftlog=omNode1@group-3464CFB7038B-SegmentedRaftLog:OPENED:c-1,f-1,i0, conf=-1: [omNode2:122.0.0.122:9872, omNode1:0.0.0.0:9872], old=null
2020-04-28 14:38:29,744 [omNode1@group-3464CFB7038B-LeaderElection6] INFO  impl.LeaderElection (LeaderElection.java:askForVotes(206)) - omNode1@group-3464CFB7038B-LeaderElection6: begin an election at term 1085 for -1: [omNode2:122.0.0.122:9872, omNode1:0.0.0.0:9872], old=null
2020-04-28 14:38:29,759 [omNode1@group-3464CFB7038B-LeaderElection6] INFO  impl.LeaderElection (LeaderElection.java:logAndReturn(61)) - omNode1@group-3464CFB7038B-LeaderElection6: Election TIMEOUT; received 0 response(s) [] and 0 exception(s); omNode1@group-3464CFB7038B:t1085, leader=null, voted=omNode1, raftlog=omNode1@group-3464CFB7038B-SegmentedRaftLog:OPENED:c-1,f-1,i0, conf=-1: [omNode2:122.0.0.122:9872, omNode1:0.0.0.0:9872], old=null
2020-04-28 14:38:29,760 [omNode1@group-3464CFB7038B-LeaderElection6] INFO  impl.LeaderElection (LeaderElection.java:askForVotes(206)) - omNode1@group-3464CFB7038B-LeaderElection6: begin an election at term 1086 for -1: [omNode2:122.0.0.122:9872, omNode1:0.0.0.0:9872], old=null
2020-04-28 14:38:29,800 [main] INFO  ozone.MiniOzoneClusterImpl (MiniOzoneClusterImpl.java:lambda$waitForClusterToBeReady$0(177)) - Nodes are ready. Got 3 of 3 DN Heartbeats.
2020-04-28 14:38:29,800 [main] INFO  ozone.MiniOzoneClusterImpl (MiniOzoneClusterImpl.java:lambda$waitForClusterToBeReady$0(180)) - Waiting for cluster to exit safe mode
2020-04-28 14:38:29,954 [omNode1@group-3464CFB7038B-LeaderElection6] INFO  impl.LeaderElection (LeaderElection.java:logAndReturn(61)) - omNode1@group-3464CFB7038B-LeaderElection6: Election TIMEOUT; received 0 response(s) [] and 0 exception(s); omNode1@group-3464CFB7038B:t1086, leader=null, voted=omNode1, raftlog=omNode1@group-3464CFB7038B-SegmentedRaftLog:OPENED:c-1,f-1,i0, conf=-1: [omNode2:122.0.0.122:9872, omNode1:0.0.0.0:9872], old=null
2020-04-28 14:38:29,955 [omNode1@group-3464CFB7038B-LeaderElection6] INFO  impl.LeaderElection (LeaderElection.java:askForVotes(206)) - omNode1@group-3464CFB7038B-LeaderElection6: begin an election at term 1087 for -1: [omNode2:122.0.0.122:9872, omNode1:0.0.0.0:9872], old=null
2020-04-28 14:38:30,120 [omNode1@group-3464CFB7038B-LeaderElection6] INFO  impl.LeaderElection (LeaderElection.java:logAndReturn(61)) - omNode1@group-3464CFB7038B-LeaderElection6: Election TIMEOUT; received 0 response(s) [] and 0 exception(s); omNode1@group-3464CFB7038B:t1087, leader=null, voted=omNode1, raftlog=omNode1@group-3464CFB7038B-SegmentedRaftLog:OPENED:c-1,f-1,i0, conf=-1: [omNode2:122.0.0.122:9872, omNode1:0.0.0.0:9872], old=null
2020-04-28 14:38:30,121 [omNode1@group-3464CFB7038B-LeaderElection6] INFO  impl.LeaderElection (LeaderElection.java:askForVotes(206)) - omNode1@group-3464CFB7038B-LeaderElection6: begin an election at term 1088 for -1: [omNode2:122.0.0.122:9872, omNode1:0.0.0.0:9872], old=null
2020-04-28 14:38:30,253 [omNode1@group-3464CFB7038B-LeaderElection6] INFO  impl.LeaderElection (LeaderElection.java:logAndReturn(61)) - omNode1@group-3464CFB7038B-LeaderElection6: Election TIMEOUT; received 0 response(s) [] and 0 exception(s); omNode1@group-3464CFB7038B:t1088, leader=null, voted=omNode1, raftlog=omNode1@group-3464CFB7038B-SegmentedRaftLog:OPENED:c-1,f-1,i0, conf=-1: [omNode2:122.0.0.122:9872, omNode1:0.0.0.0:9872], old=null
2020-04-28 14:38:30,255 [omNode1@group-3464CFB7038B-LeaderElection6] INFO  impl.LeaderElection (LeaderElection.java:askForVotes(206)) - omNode1@group-3464CFB7038B-LeaderElection6: begin an election at term 1089 for -1: [omNode2:122.0.0.122:9872, omNode1:0.0.0.0:9872], old=null
2020-04-28 14:38:30,327 [omNode1@group-3464CFB7038B-LeaderElection6] INFO  impl.LeaderElection (LeaderElection.java:logAndReturn(61)) - omNode1@group-3464CFB7038B-LeaderElection6: Election TIMEOUT; received 0 response(s) [] and 0 exception(s); omNode1@group-3464CFB7038B:t1089, leader=null, voted=omNode1, raftlog=omNode1@group-3464CFB7038B-SegmentedRaftLog:OPENED:c-1,f-1,i0, conf=-1: [omNode2:122.0.0.122:9872, omNode1:0.0.0.0:9872], old=null
2020-04-28 14:38:30,328 [omNode1@group-3464CFB7038B-LeaderElection6] INFO  impl.LeaderElection (LeaderElection.java:askForVotes(206)) - omNode1@group-3464CFB7038B-LeaderElection6: begin an election at term 1090 for -1: [omNode2:122.0.0.122:9872, omNode1:0.0.0.0:9872], old=null
2020-04-28 14:38:30,473 [omNode1@group-3464CFB7038B-LeaderElection6] INFO  impl.LeaderElection (LeaderElection.java:logAndReturn(61)) - omNode1@group-3464CFB7038B-LeaderElection6: Election TIMEOUT; received 0 response(s) [] and 0 exception(s); omNode1@group-3464CFB7038B:t1090, leader=null, voted=omNode1, raftlog=omNode1@group-3464CFB7038B-SegmentedRaftLog:OPENED:c-1,f-1,i0, conf=-1: [omNode2:122.0.0.122:9872, omNode1:0.0.0.0:9872], old=null
2020-04-28 14:38:30,474 [omNode1@group-3464CFB7038B-LeaderElection6] INFO  impl.LeaderElection (LeaderElection.java:askForVotes(206)) - omNode1@group-3464CFB7038B-LeaderElection6: begin an election at term 1091 for -1: [omNode2:122.0.0.122:9872, omNode1:0.0.0.0:9872], old=null
2020-04-28 14:38:30,652 [omNode1@group-3464CFB7038B-LeaderElection6] INFO  impl.LeaderElection (LeaderElection.java:logAndReturn(61)) - omNode1@group-3464CFB7038B-LeaderElection6: Election TIMEOUT; received 0 response(s) [] and 0 exception(s); omNode1@group-3464CFB7038B:t1091, leader=null, voted=omNode1, raftlog=omNode1@group-3464CFB7038B-SegmentedRaftLog:OPENED:c-1,f-1,i0, conf=-1: [omNode2:122.0.0.122:9872, omNode1:0.0.0.0:9872], old=null
2020-04-28 14:38:30,653 [omNode1@group-3464CFB7038B-LeaderElection6] INFO  impl.LeaderElection (LeaderElection.java:askForVotes(206)) - omNode1@group-3464CFB7038B-LeaderElection6: begin an election at term 1092 for -1: [omNode2:122.0.0.122:9872, omNode1:0.0.0.0:9872], old=null
2020-04-28 14:38:30,675 [omNode1@group-3464CFB7038B-LeaderElection6] INFO  impl.LeaderElection (LeaderElection.java:logAndReturn(61)) - omNode1@group-3464CFB7038B-LeaderElection6: Election TIMEOUT; received 0 response(s) [] and 0 exception(s); omNode1@group-3464CFB7038B:t1092, leader=null, voted=omNode1, raftlog=omNode1@group-3464CFB7038B-SegmentedRaftLog:OPENED:c-1,f-1,i0, conf=-1: [omNode2:122.0.0.122:9872, omNode1:0.0.0.0:9872], old=null
2020-04-28 14:38:30,676 [omNode1@group-3464CFB7038B-LeaderElection6] INFO  impl.LeaderElection (LeaderElection.java:askForVotes(206)) - omNode1@group-3464CFB7038B-LeaderElection6: begin an election at term 1093 for -1: [omNode2:122.0.0.122:9872, omNode1:0.0.0.0:9872], old=null
2020-04-28 14:38:30,685 [omNode1@group-3464CFB7038B-LeaderElection6] INFO  impl.LeaderElection (LeaderElection.java:logAndReturn(61)) - omNode1@group-3464CFB7038B-LeaderElection6: Election TIMEOUT; received 0 response(s) [] and 0 exception(s); omNode1@group-3464CFB7038B:t1093, leader=null, voted=omNode1, raftlog=omNode1@group-3464CFB7038B-SegmentedRaftLog:OPENED:c-1,f-1,i0, conf=-1: [omNode2:122.0.0.122:9872, omNode1:0.0.0.0:9872], old=null
2020-04-28 14:38:30,686 [omNode1@group-3464CFB7038B-LeaderElection6] INFO  impl.LeaderElection (LeaderElection.java:askForVotes(206)) - omNode1@group-3464CFB7038B-LeaderElection6: begin an election at term 1094 for -1: [omNode2:122.0.0.122:9872, omNode1:0.0.0.0:9872], old=null
2020-04-28 14:38:30,800 [main] INFO  ozone.MiniOzoneClusterImpl (MiniOzoneClusterImpl.java:lambda$waitForClusterToBeReady$0(177)) - Nodes are ready. Got 3 of 3 DN Heartbeats.
2020-04-28 14:38:30,800 [main] INFO  ozone.MiniOzoneClusterImpl (MiniOzoneClusterImpl.java:lambda$waitForClusterToBeReady$0(180)) - Waiting for cluster to exit safe mode
2020-04-28 14:38:30,855 [omNode1@group-3464CFB7038B-LeaderElection6] INFO  impl.LeaderElection (LeaderElection.java:logAndReturn(61)) - omNode1@group-3464CFB7038B-LeaderElection6: Election TIMEOUT; received 0 response(s) [] and 0 exception(s); omNode1@group-3464CFB7038B:t1094, leader=null, voted=omNode1, raftlog=omNode1@group-3464CFB7038B-SegmentedRaftLog:OPENED:c-1,f-1,i0, conf=-1: [omNode2:122.0.0.122:9872, omNode1:0.0.0.0:9872], old=null
2020-04-28 14:38:30,856 [omNode1@group-3464CFB7038B-LeaderElection6] INFO  impl.LeaderElection (LeaderElection.java:askForVotes(206)) - omNode1@group-3464CFB7038B-LeaderElection6: begin an election at term 1095 for -1: [omNode2:122.0.0.122:9872, omNode1:0.0.0.0:9872], old=null
2020-04-28 14:38:30,995 [omNode1@group-3464CFB7038B-LeaderElection6] INFO  impl.LeaderElection (LeaderElection.java:logAndReturn(61)) - omNode1@group-3464CFB7038B-LeaderElection6: Election TIMEOUT; received 0 response(s) [] and 0 exception(s); omNode1@group-3464CFB7038B:t1095, leader=null, voted=omNode1, raftlog=omNode1@group-3464CFB7038B-SegmentedRaftLog:OPENED:c-1,f-1,i0, conf=-1: [omNode2:122.0.0.122:9872, omNode1:0.0.0.0:9872], old=null
2020-04-28 14:38:30,996 [omNode1@group-3464CFB7038B-LeaderElection6] INFO  impl.LeaderElection (LeaderElection.java:askForVotes(206)) - omNode1@group-3464CFB7038B-LeaderElection6: begin an election at term 1096 for -1: [omNode2:122.0.0.122:9872, omNode1:0.0.0.0:9872], old=null
2020-04-28 14:38:31,039 [omNode1@group-3464CFB7038B-LeaderElection6] INFO  impl.LeaderElection (LeaderElection.java:logAndReturn(61)) - omNode1@group-3464CFB7038B-LeaderElection6: Election TIMEOUT; received 0 response(s) [] and 0 exception(s); omNode1@group-3464CFB7038B:t1096, leader=null, voted=omNode1, raftlog=omNode1@group-3464CFB7038B-SegmentedRaftLog:OPENED:c-1,f-1,i0, conf=-1: [omNode2:122.0.0.122:9872, omNode1:0.0.0.0:9872], old=null
2020-04-28 14:38:31,041 [omNode1@group-3464CFB7038B-LeaderElection6] INFO  impl.LeaderElection (LeaderElection.java:askForVotes(206)) - omNode1@group-3464CFB7038B-LeaderElection6: begin an election at term 1097 for -1: [omNode2:122.0.0.122:9872, omNode1:0.0.0.0:9872], old=null
2020-04-28 14:38:31,172 [omNode1@group-3464CFB7038B-LeaderElection6] INFO  impl.LeaderElection (LeaderElection.java:logAndReturn(61)) - omNode1@group-3464CFB7038B-LeaderElection6: Election TIMEOUT; received 0 response(s) [] and 0 exception(s); omNode1@group-3464CFB7038B:t1097, leader=null, voted=omNode1, raftlog=omNode1@group-3464CFB7038B-SegmentedRaftLog:OPENED:c-1,f-1,i0, conf=-1: [omNode2:122.0.0.122:9872, omNode1:0.0.0.0:9872], old=null
2020-04-28 14:38:31,173 [omNode1@group-3464CFB7038B-LeaderElection6] INFO  impl.LeaderElection (LeaderElection.java:askForVotes(206)) - omNode1@group-3464CFB7038B-LeaderElection6: begin an election at term 1098 for -1: [omNode2:122.0.0.122:9872, omNode1:0.0.0.0:9872], old=null
2020-04-28 14:38:31,314 [omNode1@group-3464CFB7038B-LeaderElection6] INFO  impl.LeaderElection (LeaderElection.java:logAndReturn(61)) - omNode1@group-3464CFB7038B-LeaderElection6: Election TIMEOUT; received 0 response(s) [] and 0 exception(s); omNode1@group-3464CFB7038B:t1098, leader=null, voted=omNode1, raftlog=omNode1@group-3464CFB7038B-SegmentedRaftLog:OPENED:c-1,f-1,i0, conf=-1: [omNode2:122.0.0.122:9872, omNode1:0.0.0.0:9872], old=null
2020-04-28 14:38:31,315 [omNode1@group-3464CFB7038B-LeaderElection6] INFO  impl.LeaderElection (LeaderElection.java:askForVotes(206)) - omNode1@group-3464CFB7038B-LeaderElection6: begin an election at term 1099 for -1: [omNode2:122.0.0.122:9872, omNode1:0.0.0.0:9872], old=null
2020-04-28 14:38:31,463 [omNode1@group-3464CFB7038B-LeaderElection6] INFO  impl.LeaderElection (LeaderElection.java:logAndReturn(61)) - omNode1@group-3464CFB7038B-LeaderElection6: Election TIMEOUT; received 0 response(s) [] and 0 exception(s); omNode1@group-3464CFB7038B:t1099, leader=null, voted=omNode1, raftlog=omNode1@group-3464CFB7038B-SegmentedRaftLog:OPENED:c-1,f-1,i0, conf=-1: [omNode2:122.0.0.122:9872, omNode1:0.0.0.0:9872], old=null
2020-04-28 14:38:31,464 [omNode1@group-3464CFB7038B-LeaderElection6] INFO  impl.LeaderElection (LeaderElection.java:askForVotes(206)) - omNode1@group-3464CFB7038B-LeaderElection6: begin an election at term 1100 for -1: [omNode2:122.0.0.122:9872, omNode1:0.0.0.0:9872], old=null
2020-04-28 14:38:31,625 [omNode1@group-3464CFB7038B-LeaderElection6] INFO  impl.LeaderElection (LeaderElection.java:logAndReturn(61)) - omNode1@group-3464CFB7038B-LeaderElection6: Election TIMEOUT; received 0 response(s) [] and 0 exception(s); omNode1@group-3464CFB7038B:t1100, leader=null, voted=omNode1, raftlog=omNode1@group-3464CFB7038B-SegmentedRaftLog:OPENED:c-1,f-1,i0, conf=-1: [omNode2:122.0.0.122:9872, omNode1:0.0.0.0:9872], old=null
2020-04-28 14:38:31,626 [omNode1@group-3464CFB7038B-LeaderElection6] INFO  impl.LeaderElection (LeaderElection.java:askForVotes(206)) - omNode1@group-3464CFB7038B-LeaderElection6: begin an election at term 1101 for -1: [omNode2:122.0.0.122:9872, omNode1:0.0.0.0:9872], old=null
2020-04-28 14:38:31,683 [omNode1@group-3464CFB7038B-LeaderElection6] INFO  impl.LeaderElection (LeaderElection.java:logAndReturn(61)) - omNode1@group-3464CFB7038B-LeaderElection6: Election TIMEOUT; received 0 response(s) [] and 0 exception(s); omNode1@group-3464CFB7038B:t1101, leader=null, voted=omNode1, raftlog=omNode1@group-3464CFB7038B-SegmentedRaftLog:OPENED:c-1,f-1,i0, conf=-1: [omNode2:122.0.0.122:9872, omNode1:0.0.0.0:9872], old=null
2020-04-28 14:38:31,685 [omNode1@group-3464CFB7038B-LeaderElection6] INFO  impl.LeaderElection (LeaderElection.java:askForVotes(206)) - omNode1@group-3464CFB7038B-LeaderElection6: begin an election at term 1102 for -1: [omNode2:122.0.0.122:9872, omNode1:0.0.0.0:9872], old=null
2020-04-28 14:38:31,753 [omNode1@group-3464CFB7038B-LeaderElection6] INFO  impl.LeaderElection (LeaderElection.java:logAndReturn(61)) - omNode1@group-3464CFB7038B-LeaderElection6: Election TIMEOUT; received 0 response(s) [] and 0 exception(s); omNode1@group-3464CFB7038B:t1102, leader=null, voted=omNode1, raftlog=omNode1@group-3464CFB7038B-SegmentedRaftLog:OPENED:c-1,f-1,i0, conf=-1: [omNode2:122.0.0.122:9872, omNode1:0.0.0.0:9872], old=null
2020-04-28 14:38:31,755 [omNode1@group-3464CFB7038B-LeaderElection6] INFO  impl.LeaderElection (LeaderElection.java:askForVotes(206)) - omNode1@group-3464CFB7038B-LeaderElection6: begin an election at term 1103 for -1: [omNode2:122.0.0.122:9872, omNode1:0.0.0.0:9872], old=null
2020-04-28 14:38:31,801 [main] INFO  ozone.MiniOzoneClusterImpl (MiniOzoneClusterImpl.java:lambda$waitForClusterToBeReady$0(177)) - Nodes are ready. Got 3 of 3 DN Heartbeats.
2020-04-28 14:38:31,801 [main] INFO  ozone.MiniOzoneClusterImpl (MiniOzoneClusterImpl.java:lambda$waitForClusterToBeReady$0(180)) - Waiting for cluster to exit safe mode
2020-04-28 14:38:31,873 [omNode1@group-3464CFB7038B-LeaderElection6] INFO  impl.LeaderElection (LeaderElection.java:logAndReturn(61)) - omNode1@group-3464CFB7038B-LeaderElection6: Election TIMEOUT; received 0 response(s) [] and 0 exception(s); omNode1@group-3464CFB7038B:t1103, leader=null, voted=omNode1, raftlog=omNode1@group-3464CFB7038B-SegmentedRaftLog:OPENED:c-1,f-1,i0, conf=-1: [omNode2:122.0.0.122:9872, omNode1:0.0.0.0:9872], old=null
2020-04-28 14:38:31,874 [omNode1@group-3464CFB7038B-LeaderElection6] INFO  impl.LeaderElection (LeaderElection.java:askForVotes(206)) - omNode1@group-3464CFB7038B-LeaderElection6: begin an election at term 1104 for -1: [omNode2:122.0.0.122:9872, omNode1:0.0.0.0:9872], old=null
2020-04-28 14:38:32,067 [omNode1@group-3464CFB7038B-LeaderElection6] INFO  impl.LeaderElection (LeaderElection.java:logAndReturn(61)) - omNode1@group-3464CFB7038B-LeaderElection6: Election TIMEOUT; received 0 response(s) [] and 0 exception(s); omNode1@group-3464CFB7038B:t1104, leader=null, voted=omNode1, raftlog=omNode1@group-3464CFB7038B-SegmentedRaftLog:OPENED:c-1,f-1,i0, conf=-1: [omNode2:122.0.0.122:9872, omNode1:0.0.0.0:9872], old=null
2020-04-28 14:38:32,069 [omNode1@group-3464CFB7038B-LeaderElection6] INFO  impl.LeaderElection (LeaderElection.java:askForVotes(206)) - omNode1@group-3464CFB7038B-LeaderElection6: begin an election at term 1105 for -1: [omNode2:122.0.0.122:9872, omNode1:0.0.0.0:9872], old=null
2020-04-28 14:38:32,149 [omNode1@group-3464CFB7038B-LeaderElection6] INFO  impl.LeaderElection (LeaderElection.java:logAndReturn(61)) - omNode1@group-3464CFB7038B-LeaderElection6: Election TIMEOUT; received 0 response(s) [] and 0 exception(s); omNode1@group-3464CFB7038B:t1105, leader=null, voted=omNode1, raftlog=omNode1@group-3464CFB7038B-SegmentedRaftLog:OPENED:c-1,f-1,i0, conf=-1: [omNode2:122.0.0.122:9872, omNode1:0.0.0.0:9872], old=null
2020-04-28 14:38:32,151 [omNode1@group-3464CFB7038B-LeaderElection6] INFO  impl.LeaderElection (LeaderElection.java:askForVotes(206)) - omNode1@group-3464CFB7038B-LeaderElection6: begin an election at term 1106 for -1: [omNode2:122.0.0.122:9872, omNode1:0.0.0.0:9872], old=null
2020-04-28 14:38:32,197 [omNode1@group-3464CFB7038B-LeaderElection6] INFO  impl.LeaderElection (LeaderElection.java:logAndReturn(61)) - omNode1@group-3464CFB7038B-LeaderElection6: Election TIMEOUT; received 0 response(s) [] and 0 exception(s); omNode1@group-3464CFB7038B:t1106, leader=null, voted=omNode1, raftlog=omNode1@group-3464CFB7038B-SegmentedRaftLog:OPENED:c-1,f-1,i0, conf=-1: [omNode2:122.0.0.122:9872, omNode1:0.0.0.0:9872], old=null
2020-04-28 14:38:32,198 [omNode1@group-3464CFB7038B-LeaderElection6] INFO  impl.LeaderElection (LeaderElection.java:askForVotes(206)) - omNode1@group-3464CFB7038B-LeaderElection6: begin an election at term 1107 for -1: [omNode2:122.0.0.122:9872, omNode1:0.0.0.0:9872], old=null
2020-04-28 14:38:32,200 [omNode1@group-3464CFB7038B-LeaderElection6] INFO  impl.LeaderElection (LeaderElection.java:logAndReturn(61)) - omNode1@group-3464CFB7038B-LeaderElection6: Election TIMEOUT; received 0 response(s) [] and 0 exception(s); omNode1@group-3464CFB7038B:t1107, leader=null, voted=omNode1, raftlog=omNode1@group-3464CFB7038B-SegmentedRaftLog:OPENED:c-1,f-1,i0, conf=-1: [omNode2:122.0.0.122:9872, omNode1:0.0.0.0:9872], old=null
2020-04-28 14:38:32,201 [omNode1@group-3464CFB7038B-LeaderElection6] INFO  impl.LeaderElection (LeaderElection.java:askForVotes(206)) - omNode1@group-3464CFB7038B-LeaderElection6: begin an election at term 1108 for -1: [omNode2:122.0.0.122:9872, omNode1:0.0.0.0:9872], old=null
2020-04-28 14:38:32,376 [omNode1@group-3464CFB7038B-LeaderElection6] INFO  impl.LeaderElection (LeaderElection.java:logAndReturn(61)) - omNode1@group-3464CFB7038B-LeaderElection6: Election TIMEOUT; received 0 response(s) [] and 0 exception(s); omNode1@group-3464CFB7038B:t1108, leader=null, voted=omNode1, raftlog=omNode1@group-3464CFB7038B-SegmentedRaftLog:OPENED:c-1,f-1,i0, conf=-1: [omNode2:122.0.0.122:9872, omNode1:0.0.0.0:9872], old=null
2020-04-28 14:38:32,378 [omNode1@group-3464CFB7038B-LeaderElection6] INFO  impl.LeaderElection (LeaderElection.java:askForVotes(206)) - omNode1@group-3464CFB7038B-LeaderElection6: begin an election at term 1109 for -1: [omNode2:122.0.0.122:9872, omNode1:0.0.0.0:9872], old=null
2020-04-28 14:38:32,538 [omNode1@group-3464CFB7038B-LeaderElection6] INFO  impl.LeaderElection (LeaderElection.java:logAndReturn(61)) - omNode1@group-3464CFB7038B-LeaderElection6: Election TIMEOUT; received 0 response(s) [] and 0 exception(s); omNode1@group-3464CFB7038B:t1109, leader=null, voted=omNode1, raftlog=omNode1@group-3464CFB7038B-SegmentedRaftLog:OPENED:c-1,f-1,i0, conf=-1: [omNode2:122.0.0.122:9872, omNode1:0.0.0.0:9872], old=null
2020-04-28 14:38:32,540 [omNode1@group-3464CFB7038B-LeaderElection6] INFO  impl.LeaderElection (LeaderElection.java:askForVotes(206)) - omNode1@group-3464CFB7038B-LeaderElection6: begin an election at term 1110 for -1: [omNode2:122.0.0.122:9872, omNode1:0.0.0.0:9872], old=null
2020-04-28 14:38:32,736 [omNode1@group-3464CFB7038B-LeaderElection6] INFO  impl.LeaderElection (LeaderElection.java:logAndReturn(61)) - omNode1@group-3464CFB7038B-LeaderElection6: Election TIMEOUT; received 0 response(s) [] and 0 exception(s); omNode1@group-3464CFB7038B:t1110, leader=null, voted=omNode1, raftlog=omNode1@group-3464CFB7038B-SegmentedRaftLog:OPENED:c-1,f-1,i0, conf=-1: [omNode2:122.0.0.122:9872, omNode1:0.0.0.0:9872], old=null
2020-04-28 14:38:32,738 [omNode1@group-3464CFB7038B-LeaderElection6] INFO  impl.LeaderElection (LeaderElection.java:askForVotes(206)) - omNode1@group-3464CFB7038B-LeaderElection6: begin an election at term 1111 for -1: [omNode2:122.0.0.122:9872, omNode1:0.0.0.0:9872], old=null
2020-04-28 14:38:32,801 [main] INFO  ozone.MiniOzoneClusterImpl (MiniOzoneClusterImpl.java:lambda$waitForClusterToBeReady$0(177)) - Nodes are ready. Got 3 of 3 DN Heartbeats.
2020-04-28 14:38:32,801 [main] INFO  ozone.MiniOzoneClusterImpl (MiniOzoneClusterImpl.java:lambda$waitForClusterToBeReady$0(180)) - Waiting for cluster to exit safe mode
2020-04-28 14:38:32,912 [omNode1@group-3464CFB7038B-LeaderElection6] INFO  impl.LeaderElection (LeaderElection.java:logAndReturn(61)) - omNode1@group-3464CFB7038B-LeaderElection6: Election TIMEOUT; received 0 response(s) [] and 0 exception(s); omNode1@group-3464CFB7038B:t1111, leader=null, voted=omNode1, raftlog=omNode1@group-3464CFB7038B-SegmentedRaftLog:OPENED:c-1,f-1,i0, conf=-1: [omNode2:122.0.0.122:9872, omNode1:0.0.0.0:9872], old=null
2020-04-28 14:38:32,914 [omNode1@group-3464CFB7038B-LeaderElection6] INFO  impl.LeaderElection (LeaderElection.java:askForVotes(206)) - omNode1@group-3464CFB7038B-LeaderElection6: begin an election at term 1112 for -1: [omNode2:122.0.0.122:9872, omNode1:0.0.0.0:9872], old=null
2020-04-28 14:38:33,101 [omNode1@group-3464CFB7038B-LeaderElection6] INFO  impl.LeaderElection (LeaderElection.java:logAndReturn(61)) - omNode1@group-3464CFB7038B-LeaderElection6: Election TIMEOUT; received 0 response(s) [] and 0 exception(s); omNode1@group-3464CFB7038B:t1112, leader=null, voted=omNode1, raftlog=omNode1@group-3464CFB7038B-SegmentedRaftLog:OPENED:c-1,f-1,i0, conf=-1: [omNode2:122.0.0.122:9872, omNode1:0.0.0.0:9872], old=null
2020-04-28 14:38:33,103 [omNode1@group-3464CFB7038B-LeaderElection6] INFO  impl.LeaderElection (LeaderElection.java:askForVotes(206)) - omNode1@group-3464CFB7038B-LeaderElection6: begin an election at term 1113 for -1: [omNode2:122.0.0.122:9872, omNode1:0.0.0.0:9872], old=null
2020-04-28 14:38:33,104 [omNode1@group-3464CFB7038B-LeaderElection6] INFO  impl.LeaderElection (LeaderElection.java:logAndReturn(61)) - omNode1@group-3464CFB7038B-LeaderElection6: Election TIMEOUT; received 0 response(s) [] and 0 exception(s); omNode1@group-3464CFB7038B:t1113, leader=null, voted=omNode1, raftlog=omNode1@group-3464CFB7038B-SegmentedRaftLog:OPENED:c-1,f-1,i0, conf=-1: [omNode2:122.0.0.122:9872, omNode1:0.0.0.0:9872], old=null
2020-04-28 14:38:33,106 [omNode1@group-3464CFB7038B-LeaderElection6] INFO  impl.LeaderElection (LeaderElection.java:askForVotes(206)) - omNode1@group-3464CFB7038B-LeaderElection6: begin an election at term 1114 for -1: [omNode2:122.0.0.122:9872, omNode1:0.0.0.0:9872], old=null
2020-04-28 14:38:33,201 [omNode1@group-3464CFB7038B-LeaderElection6] INFO  impl.LeaderElection (LeaderElection.java:logAndReturn(61)) - omNode1@group-3464CFB7038B-LeaderElection6: Election TIMEOUT; received 0 response(s) [] and 0 exception(s); omNode1@group-3464CFB7038B:t1114, leader=null, voted=omNode1, raftlog=omNode1@group-3464CFB7038B-SegmentedRaftLog:OPENED:c-1,f-1,i0, conf=-1: [omNode2:122.0.0.122:9872, omNode1:0.0.0.0:9872], old=null
2020-04-28 14:38:33,203 [omNode1@group-3464CFB7038B-LeaderElection6] INFO  impl.LeaderElection (LeaderElection.java:askForVotes(206)) - omNode1@group-3464CFB7038B-LeaderElection6: begin an election at term 1115 for -1: [omNode2:122.0.0.122:9872, omNode1:0.0.0.0:9872], old=null
2020-04-28 14:38:33,295 [omNode1@group-3464CFB7038B-LeaderElection6] INFO  impl.LeaderElection (LeaderElection.java:logAndReturn(61)) - omNode1@group-3464CFB7038B-LeaderElection6: Election TIMEOUT; received 0 response(s) [] and 0 exception(s); omNode1@group-3464CFB7038B:t1115, leader=null, voted=omNode1, raftlog=omNode1@group-3464CFB7038B-SegmentedRaftLog:OPENED:c-1,f-1,i0, conf=-1: [omNode2:122.0.0.122:9872, omNode1:0.0.0.0:9872], old=null
2020-04-28 14:38:33,296 [omNode1@group-3464CFB7038B-LeaderElection6] INFO  impl.LeaderElection (LeaderElection.java:askForVotes(206)) - omNode1@group-3464CFB7038B-LeaderElection6: begin an election at term 1116 for -1: [omNode2:122.0.0.122:9872, omNode1:0.0.0.0:9872], old=null
2020-04-28 14:38:33,300 [omNode1@group-3464CFB7038B-LeaderElection6] INFO  impl.LeaderElection (LeaderElection.java:logAndReturn(61)) - omNode1@group-3464CFB7038B-LeaderElection6: Election TIMEOUT; received 0 response(s) [] and 0 exception(s); omNode1@group-3464CFB7038B:t1116, leader=null, voted=omNode1, raftlog=omNode1@group-3464CFB7038B-SegmentedRaftLog:OPENED:c-1,f-1,i0, conf=-1: [omNode2:122.0.0.122:9872, omNode1:0.0.0.0:9872], old=null
2020-04-28 14:38:33,301 [omNode1@group-3464CFB7038B-LeaderElection6] INFO  impl.LeaderElection (LeaderElection.java:askForVotes(206)) - omNode1@group-3464CFB7038B-LeaderElection6: begin an election at term 1117 for -1: [omNode2:122.0.0.122:9872, omNode1:0.0.0.0:9872], old=null
2020-04-28 14:38:33,467 [omNode1@group-3464CFB7038B-LeaderElection6] INFO  impl.LeaderElection (LeaderElection.java:logAndReturn(61)) - omNode1@group-3464CFB7038B-LeaderElection6: Election TIMEOUT; received 0 response(s) [] and 0 exception(s); omNode1@group-3464CFB7038B:t1117, leader=null, voted=omNode1, raftlog=omNode1@group-3464CFB7038B-SegmentedRaftLog:OPENED:c-1,f-1,i0, conf=-1: [omNode2:122.0.0.122:9872, omNode1:0.0.0.0:9872], old=null
2020-04-28 14:38:33,469 [omNode1@group-3464CFB7038B-LeaderElection6] INFO  impl.LeaderElection (LeaderElection.java:askForVotes(206)) - omNode1@group-3464CFB7038B-LeaderElection6: begin an election at term 1118 for -1: [omNode2:122.0.0.122:9872, omNode1:0.0.0.0:9872], old=null
2020-04-28 14:38:33,622 [omNode1@group-3464CFB7038B-LeaderElection6] INFO  impl.LeaderElection (LeaderElection.java:logAndReturn(61)) - omNode1@group-3464CFB7038B-LeaderElection6: Election TIMEOUT; received 0 response(s) [] and 0 exception(s); omNode1@group-3464CFB7038B:t1118, leader=null, voted=omNode1, raftlog=omNode1@group-3464CFB7038B-SegmentedRaftLog:OPENED:c-1,f-1,i0, conf=-1: [omNode2:122.0.0.122:9872, omNode1:0.0.0.0:9872], old=null
2020-04-28 14:38:33,624 [omNode1@group-3464CFB7038B-LeaderElection6] INFO  impl.LeaderElection (LeaderElection.java:askForVotes(206)) - omNode1@group-3464CFB7038B-LeaderElection6: begin an election at term 1119 for -1: [omNode2:122.0.0.122:9872, omNode1:0.0.0.0:9872], old=null
2020-04-28 14:38:33,734 [omNode1@group-3464CFB7038B-LeaderElection6] INFO  impl.LeaderElection (LeaderElection.java:logAndReturn(61)) - omNode1@group-3464CFB7038B-LeaderElection6: Election TIMEOUT; received 0 response(s) [] and 0 exception(s); omNode1@group-3464CFB7038B:t1119, leader=null, voted=omNode1, raftlog=omNode1@group-3464CFB7038B-SegmentedRaftLog:OPENED:c-1,f-1,i0, conf=-1: [omNode2:122.0.0.122:9872, omNode1:0.0.0.0:9872], old=null
2020-04-28 14:38:33,735 [omNode1@group-3464CFB7038B-LeaderElection6] INFO  impl.LeaderElection (LeaderElection.java:askForVotes(206)) - omNode1@group-3464CFB7038B-LeaderElection6: begin an election at term 1120 for -1: [omNode2:122.0.0.122:9872, omNode1:0.0.0.0:9872], old=null
2020-04-28 14:38:33,802 [main] INFO  ozone.MiniOzoneClusterImpl (MiniOzoneClusterImpl.java:lambda$waitForClusterToBeReady$0(177)) - Nodes are ready. Got 3 of 3 DN Heartbeats.
2020-04-28 14:38:33,802 [main] INFO  ozone.MiniOzoneClusterImpl (MiniOzoneClusterImpl.java:lambda$waitForClusterToBeReady$0(180)) - Waiting for cluster to exit safe mode
2020-04-28 14:38:33,923 [omNode1@group-3464CFB7038B-LeaderElection6] INFO  impl.LeaderElection (LeaderElection.java:logAndReturn(61)) - omNode1@group-3464CFB7038B-LeaderElection6: Election TIMEOUT; received 0 response(s) [] and 0 exception(s); omNode1@group-3464CFB7038B:t1120, leader=null, voted=omNode1, raftlog=omNode1@group-3464CFB7038B-SegmentedRaftLog:OPENED:c-1,f-1,i0, conf=-1: [omNode2:122.0.0.122:9872, omNode1:0.0.0.0:9872], old=null
2020-04-28 14:38:33,924 [omNode1@group-3464CFB7038B-LeaderElection6] INFO  impl.LeaderElection (LeaderElection.java:askForVotes(206)) - omNode1@group-3464CFB7038B-LeaderElection6: begin an election at term 1121 for -1: [omNode2:122.0.0.122:9872, omNode1:0.0.0.0:9872], old=null
2020-04-28 14:38:34,083 [omNode1@group-3464CFB7038B-LeaderElection6] INFO  impl.LeaderElection (LeaderElection.java:logAndReturn(61)) - omNode1@group-3464CFB7038B-LeaderElection6: Election TIMEOUT; received 0 response(s) [] and 0 exception(s); omNode1@group-3464CFB7038B:t1121, leader=null, voted=omNode1, raftlog=omNode1@group-3464CFB7038B-SegmentedRaftLog:OPENED:c-1,f-1,i0, conf=-1: [omNode2:122.0.0.122:9872, omNode1:0.0.0.0:9872], old=null
2020-04-28 14:38:34,084 [omNode1@group-3464CFB7038B-LeaderElection6] INFO  impl.LeaderElection (LeaderElection.java:askForVotes(206)) - omNode1@group-3464CFB7038B-LeaderElection6: begin an election at term 1122 for -1: [omNode2:122.0.0.122:9872, omNode1:0.0.0.0:9872], old=null
2020-04-28 14:38:34,129 [omNode1@group-3464CFB7038B-LeaderElection6] INFO  impl.LeaderElection (LeaderElection.java:logAndReturn(61)) - omNode1@group-3464CFB7038B-LeaderElection6: Election TIMEOUT; received 0 response(s) [] and 0 exception(s); omNode1@group-3464CFB7038B:t1122, leader=null, voted=omNode1, raftlog=omNode1@group-3464CFB7038B-SegmentedRaftLog:OPENED:c-1,f-1,i0, conf=-1: [omNode2:122.0.0.122:9872, omNode1:0.0.0.0:9872], old=null
2020-04-28 14:38:34,130 [omNode1@group-3464CFB7038B-LeaderElection6] INFO  impl.LeaderElection (LeaderElection.java:askForVotes(206)) - omNode1@group-3464CFB7038B-LeaderElection6: begin an election at term 1123 for -1: [omNode2:122.0.0.122:9872, omNode1:0.0.0.0:9872], old=null
2020-04-28 14:38:34,132 [omNode1@group-3464CFB7038B-LeaderElection6] INFO  impl.LeaderElection (LeaderElection.java:logAndReturn(61)) - omNode1@group-3464CFB7038B-LeaderElection6: Election TIMEOUT; received 0 response(s) [] and 0 exception(s); omNode1@group-3464CFB7038B:t1123, leader=null, voted=omNode1, raftlog=omNode1@group-3464CFB7038B-SegmentedRaftLog:OPENED:c-1,f-1,i0, conf=-1: [omNode2:122.0.0.122:9872, omNode1:0.0.0.0:9872], old=null
2020-04-28 14:38:34,133 [omNode1@group-3464CFB7038B-LeaderElection6] INFO  impl.LeaderElection (LeaderElection.java:askForVotes(206)) - omNode1@group-3464CFB7038B-LeaderElection6: begin an election at term 1124 for -1: [omNode2:122.0.0.122:9872, omNode1:0.0.0.0:9872], old=null
2020-04-28 14:38:34,233 [omNode1@group-3464CFB7038B-LeaderElection6] INFO  impl.LeaderElection (LeaderElection.java:logAndReturn(61)) - omNode1@group-3464CFB7038B-LeaderElection6: Election TIMEOUT; received 0 response(s) [] and 0 exception(s); omNode1@group-3464CFB7038B:t1124, leader=null, voted=omNode1, raftlog=omNode1@group-3464CFB7038B-SegmentedRaftLog:OPENED:c-1,f-1,i0, conf=-1: [omNode2:122.0.0.122:9872, omNode1:0.0.0.0:9872], old=null
2020-04-28 14:38:34,234 [omNode1@group-3464CFB7038B-LeaderElection6] INFO  impl.LeaderElection (LeaderElection.java:askForVotes(206)) - omNode1@group-3464CFB7038B-LeaderElection6: begin an election at term 1125 for -1: [omNode2:122.0.0.122:9872, omNode1:0.0.0.0:9872], old=null
2020-04-28 14:38:34,260 [omNode1@group-3464CFB7038B-LeaderElection6] INFO  impl.LeaderElection (LeaderElection.java:logAndReturn(61)) - omNode1@group-3464CFB7038B-LeaderElection6: Election TIMEOUT; received 0 response(s) [] and 0 exception(s); omNode1@group-3464CFB7038B:t1125, leader=null, voted=omNode1, raftlog=omNode1@group-3464CFB7038B-SegmentedRaftLog:OPENED:c-1,f-1,i0, conf=-1: [omNode2:122.0.0.122:9872, omNode1:0.0.0.0:9872], old=null
2020-04-28 14:38:34,261 [omNode1@group-3464CFB7038B-LeaderElection6] INFO  impl.LeaderElection (LeaderElection.java:askForVotes(206)) - omNode1@group-3464CFB7038B-LeaderElection6: begin an election at term 1126 for -1: [omNode2:122.0.0.122:9872, omNode1:0.0.0.0:9872], old=null
2020-04-28 14:38:34,343 [omNode1@group-3464CFB7038B-LeaderElection6] INFO  impl.LeaderElection (LeaderElection.java:logAndReturn(61)) - omNode1@group-3464CFB7038B-LeaderElection6: Election TIMEOUT; received 0 response(s) [] and 0 exception(s); omNode1@group-3464CFB7038B:t1126, leader=null, voted=omNode1, raftlog=omNode1@group-3464CFB7038B-SegmentedRaftLog:OPENED:c-1,f-1,i0, conf=-1: [omNode2:122.0.0.122:9872, omNode1:0.0.0.0:9872], old=null
2020-04-28 14:38:34,345 [omNode1@group-3464CFB7038B-LeaderElection6] INFO  impl.LeaderElection (LeaderElection.java:askForVotes(206)) - omNode1@group-3464CFB7038B-LeaderElection6: begin an election at term 1127 for -1: [omNode2:122.0.0.122:9872, omNode1:0.0.0.0:9872], old=null
2020-04-28 14:38:34,481 [omNode1@group-3464CFB7038B-LeaderElection6] INFO  impl.LeaderElection (LeaderElection.java:logAndReturn(61)) - omNode1@group-3464CFB7038B-LeaderElection6: Election TIMEOUT; received 0 response(s) [] and 0 exception(s); omNode1@group-3464CFB7038B:t1127, leader=null, voted=omNode1, raftlog=omNode1@group-3464CFB7038B-SegmentedRaftLog:OPENED:c-1,f-1,i0, conf=-1: [omNode2:122.0.0.122:9872, omNode1:0.0.0.0:9872], old=null
2020-04-28 14:38:34,483 [omNode1@group-3464CFB7038B-LeaderElection6] INFO  impl.LeaderElection (LeaderElection.java:askForVotes(206)) - omNode1@group-3464CFB7038B-LeaderElection6: begin an election at term 1128 for -1: [omNode2:122.0.0.122:9872, omNode1:0.0.0.0:9872], old=null
2020-04-28 14:38:34,518 [omNode1@group-3464CFB7038B-LeaderElection6] INFO  impl.LeaderElection (LeaderElection.java:logAndReturn(61)) - omNode1@group-3464CFB7038B-LeaderElection6: Election TIMEOUT; received 0 response(s) [] and 0 exception(s); omNode1@group-3464CFB7038B:t1128, leader=null, voted=omNode1, raftlog=omNode1@group-3464CFB7038B-SegmentedRaftLog:OPENED:c-1,f-1,i0, conf=-1: [omNode2:122.0.0.122:9872, omNode1:0.0.0.0:9872], old=null
2020-04-28 14:38:34,520 [omNode1@group-3464CFB7038B-LeaderElection6] INFO  impl.LeaderElection (LeaderElection.java:askForVotes(206)) - omNode1@group-3464CFB7038B-LeaderElection6: begin an election at term 1129 for -1: [omNode2:122.0.0.122:9872, omNode1:0.0.0.0:9872], old=null
2020-04-28 14:38:34,587 [omNode1@group-3464CFB7038B-LeaderElection6] INFO  impl.LeaderElection (LeaderElection.java:logAndReturn(61)) - omNode1@group-3464CFB7038B-LeaderElection6: Election TIMEOUT; received 0 response(s) [] and 0 exception(s); omNode1@group-3464CFB7038B:t1129, leader=null, voted=omNode1, raftlog=omNode1@group-3464CFB7038B-SegmentedRaftLog:OPENED:c-1,f-1,i0, conf=-1: [omNode2:122.0.0.122:9872, omNode1:0.0.0.0:9872], old=null
2020-04-28 14:38:34,589 [omNode1@group-3464CFB7038B-LeaderElection6] INFO  impl.LeaderElection (LeaderElection.java:askForVotes(206)) - omNode1@group-3464CFB7038B-LeaderElection6: begin an election at term 1130 for -1: [omNode2:122.0.0.122:9872, omNode1:0.0.0.0:9872], old=null
2020-04-28 14:38:34,709 [omNode1@group-3464CFB7038B-LeaderElection6] INFO  impl.LeaderElection (LeaderElection.java:logAndReturn(61)) - omNode1@group-3464CFB7038B-LeaderElection6: Election TIMEOUT; received 0 response(s) [] and 0 exception(s); omNode1@group-3464CFB7038B:t1130, leader=null, voted=omNode1, raftlog=omNode1@group-3464CFB7038B-SegmentedRaftLog:OPENED:c-1,f-1,i0, conf=-1: [omNode2:122.0.0.122:9872, omNode1:0.0.0.0:9872], old=null
2020-04-28 14:38:34,711 [omNode1@group-3464CFB7038B-LeaderElection6] INFO  impl.LeaderElection (LeaderElection.java:askForVotes(206)) - omNode1@group-3464CFB7038B-LeaderElection6: begin an election at term 1131 for -1: [omNode2:122.0.0.122:9872, omNode1:0.0.0.0:9872], old=null
2020-04-28 14:38:34,802 [main] INFO  ozone.MiniOzoneClusterImpl (MiniOzoneClusterImpl.java:lambda$waitForClusterToBeReady$0(177)) - Nodes are ready. Got 3 of 3 DN Heartbeats.
2020-04-28 14:38:34,802 [main] INFO  ozone.MiniOzoneClusterImpl (MiniOzoneClusterImpl.java:lambda$waitForClusterToBeReady$0(180)) - Waiting for cluster to exit safe mode
2020-04-28 14:38:34,806 [omNode1@group-3464CFB7038B-LeaderElection6] INFO  impl.LeaderElection (LeaderElection.java:logAndReturn(61)) - omNode1@group-3464CFB7038B-LeaderElection6: Election TIMEOUT; received 0 response(s) [] and 0 exception(s); omNode1@group-3464CFB7038B:t1131, leader=null, voted=omNode1, raftlog=omNode1@group-3464CFB7038B-SegmentedRaftLog:OPENED:c-1,f-1,i0, conf=-1: [omNode2:122.0.0.122:9872, omNode1:0.0.0.0:9872], old=null
2020-04-28 14:38:34,808 [omNode1@group-3464CFB7038B-LeaderElection6] INFO  impl.LeaderElection (LeaderElection.java:askForVotes(206)) - omNode1@group-3464CFB7038B-LeaderElection6: begin an election at term 1132 for -1: [omNode2:122.0.0.122:9872, omNode1:0.0.0.0:9872], old=null
2020-04-28 14:38:34,951 [omNode1@group-3464CFB7038B-LeaderElection6] INFO  impl.LeaderElection (LeaderElection.java:logAndReturn(61)) - omNode1@group-3464CFB7038B-LeaderElection6: Election TIMEOUT; received 0 response(s) [] and 0 exception(s); omNode1@group-3464CFB7038B:t1132, leader=null, voted=omNode1, raftlog=omNode1@group-3464CFB7038B-SegmentedRaftLog:OPENED:c-1,f-1,i0, conf=-1: [omNode2:122.0.0.122:9872, omNode1:0.0.0.0:9872], old=null
2020-04-28 14:38:34,952 [omNode1@group-3464CFB7038B-LeaderElection6] INFO  impl.LeaderElection (LeaderElection.java:askForVotes(206)) - omNode1@group-3464CFB7038B-LeaderElection6: begin an election at term 1133 for -1: [omNode2:122.0.0.122:9872, omNode1:0.0.0.0:9872], old=null
2020-04-28 14:38:34,962 [RatisPipelineUtilsThread] INFO  pipeline.RatisPipelineProvider (RatisPipelineProvider.java:lambda$create$0(138)) - Sending CreatePipelineCommand for pipeline:PipelineID=4f1d94fe-a7ee-4cc4-ae66-19b699229bf9 to datanode:049e6fea-8fea-4434-aaa3-5a2ab300f420
2020-04-28 14:38:34,963 [RatisPipelineUtilsThread] INFO  pipeline.PipelineStateManager (PipelineStateManager.java:addPipeline(54)) - Created pipeline Pipeline[ Id: 4f1d94fe-a7ee-4cc4-ae66-19b699229bf9, Nodes: 049e6fea-8fea-4434-aaa3-5a2ab300f420{ip: 172.17.0.2, host: f0b7f6b472ee, networkLocation: /default-rack, certSerialId: null}, Type:RATIS, Factor:ONE, State:ALLOCATED, leaderId:null, CreationTimestamp2020-04-28T14:38:34.962Z]
2020-04-28 14:38:34,963 [RatisPipelineUtilsThread] ERROR pipeline.SCMPipelineManager (SCMPipelineManager.java:createPipeline(222)) - Failed to create pipeline of type RATIS and factor ONE. Exception: Cannot create pipeline of factor 1 using 0 nodes. Used 3 nodes. Healthy nodes 3
2020-04-28 14:38:34,966 [RatisPipelineUtilsThread] INFO  pipeline.RatisPipelineProvider (RatisPipelineProvider.java:lambda$create$0(138)) - Sending CreatePipelineCommand for pipeline:PipelineID=4be9e659-e721-4184-9f8d-5c396212dadf to datanode:049e6fea-8fea-4434-aaa3-5a2ab300f420
2020-04-28 14:38:34,966 [RatisPipelineUtilsThread] INFO  pipeline.RatisPipelineProvider (RatisPipelineProvider.java:lambda$create$0(138)) - Sending CreatePipelineCommand for pipeline:PipelineID=4be9e659-e721-4184-9f8d-5c396212dadf to datanode:b49cd372-011e-4c73-9cd9-f6b19e929270
2020-04-28 14:38:34,967 [RatisPipelineUtilsThread] INFO  pipeline.RatisPipelineProvider (RatisPipelineProvider.java:lambda$create$0(138)) - Sending CreatePipelineCommand for pipeline:PipelineID=4be9e659-e721-4184-9f8d-5c396212dadf to datanode:f48396e8-f861-4ea7-9d9a-a0d4272beba6
2020-04-28 14:38:34,967 [RatisPipelineUtilsThread] INFO  pipeline.PipelineStateManager (PipelineStateManager.java:addPipeline(54)) - Created pipeline Pipeline[ Id: 4be9e659-e721-4184-9f8d-5c396212dadf, Nodes: 049e6fea-8fea-4434-aaa3-5a2ab300f420{ip: 172.17.0.2, host: f0b7f6b472ee, networkLocation: /default-rack, certSerialId: null}b49cd372-011e-4c73-9cd9-f6b19e929270{ip: 172.17.0.2, host: f0b7f6b472ee, networkLocation: /default-rack, certSerialId: null}f48396e8-f861-4ea7-9d9a-a0d4272beba6{ip: 172.17.0.2, host: f0b7f6b472ee, networkLocation: /default-rack, certSerialId: null}, Type:RATIS, Factor:THREE, State:ALLOCATED, leaderId:null, CreationTimestamp2020-04-28T14:38:34.966Z]
2020-04-28 14:38:34,967 [RatisPipelineUtilsThread] ERROR pipeline.SCMPipelineManager (SCMPipelineManager.java:createPipeline(222)) - Failed to create pipeline of type RATIS and factor THREE. Exception: Pipeline creation failed because nodes are engaged in other pipelines and every node can only be engaged in max 2 pipelines. Required 3. Found 0
2020-04-28 14:38:34,977 [omNode1@group-3464CFB7038B-LeaderElection6] INFO  impl.LeaderElection (LeaderElection.java:logAndReturn(61)) - omNode1@group-3464CFB7038B-LeaderElection6: Election TIMEOUT; received 0 response(s) [] and 0 exception(s); omNode1@group-3464CFB7038B:t1133, leader=null, voted=omNode1, raftlog=omNode1@group-3464CFB7038B-SegmentedRaftLog:OPENED:c-1,f-1,i0, conf=-1: [omNode2:122.0.0.122:9872, omNode1:0.0.0.0:9872], old=null
2020-04-28 14:38:34,979 [omNode1@group-3464CFB7038B-LeaderElection6] INFO  impl.LeaderElection (LeaderElection.java:askForVotes(206)) - omNode1@group-3464CFB7038B-LeaderElection6: begin an election at term 1134 for -1: [omNode2:122.0.0.122:9872, omNode1:0.0.0.0:9872], old=null
2020-04-28 14:38:35,126 [omNode1@group-3464CFB7038B-LeaderElection6] INFO  impl.LeaderElection (LeaderElection.java:logAndReturn(61)) - omNode1@group-3464CFB7038B-LeaderElection6: Election TIMEOUT; received 0 response(s) [] and 0 exception(s); omNode1@group-3464CFB7038B:t1134, leader=null, voted=omNode1, raftlog=omNode1@group-3464CFB7038B-SegmentedRaftLog:OPENED:c-1,f-1,i0, conf=-1: [omNode2:122.0.0.122:9872, omNode1:0.0.0.0:9872], old=null
2020-04-28 14:38:35,128 [omNode1@group-3464CFB7038B-LeaderElection6] INFO  impl.LeaderElection (LeaderElection.java:askForVotes(206)) - omNode1@group-3464CFB7038B-LeaderElection6: begin an election at term 1135 for -1: [omNode2:122.0.0.122:9872, omNode1:0.0.0.0:9872], old=null
2020-04-28 14:38:35,129 [omNode1@group-3464CFB7038B-LeaderElection6] INFO  impl.LeaderElection (LeaderElection.java:logAndReturn(61)) - omNode1@group-3464CFB7038B-LeaderElection6: Election TIMEOUT; received 0 response(s) [] and 0 exception(s); omNode1@group-3464CFB7038B:t1135, leader=null, voted=omNode1, raftlog=omNode1@group-3464CFB7038B-SegmentedRaftLog:OPENED:c-1,f-1,i0, conf=-1: [omNode2:122.0.0.122:9872, omNode1:0.0.0.0:9872], old=null
2020-04-28 14:38:35,131 [omNode1@group-3464CFB7038B-LeaderElection6] INFO  impl.LeaderElection (LeaderElection.java:askForVotes(206)) - omNode1@group-3464CFB7038B-LeaderElection6: begin an election at term 1136 for -1: [omNode2:122.0.0.122:9872, omNode1:0.0.0.0:9872], old=null
2020-04-28 14:38:35,239 [omNode1@group-3464CFB7038B-LeaderElection6] INFO  impl.LeaderElection (LeaderElection.java:logAndReturn(61)) - omNode1@group-3464CFB7038B-LeaderElection6: Election TIMEOUT; received 0 response(s) [] and 0 exception(s); omNode1@group-3464CFB7038B:t1136, leader=null, voted=omNode1, raftlog=omNode1@group-3464CFB7038B-SegmentedRaftLog:OPENED:c-1,f-1,i0, conf=-1: [omNode2:122.0.0.122:9872, omNode1:0.0.0.0:9872], old=null
2020-04-28 14:38:35,241 [omNode1@group-3464CFB7038B-LeaderElection6] INFO  impl.LeaderElection (LeaderElection.java:askForVotes(206)) - omNode1@group-3464CFB7038B-LeaderElection6: begin an election at term 1137 for -1: [omNode2:122.0.0.122:9872, omNode1:0.0.0.0:9872], old=null
2020-04-28 14:38:35,311 [omNode1@group-3464CFB7038B-LeaderElection6] INFO  impl.LeaderElection (LeaderElection.java:logAndReturn(61)) - omNode1@group-3464CFB7038B-LeaderElection6: Election TIMEOUT; received 0 response(s) [] and 0 exception(s); omNode1@group-3464CFB7038B:t1137, leader=null, voted=omNode1, raftlog=omNode1@group-3464CFB7038B-SegmentedRaftLog:OPENED:c-1,f-1,i0, conf=-1: [omNode2:122.0.0.122:9872, omNode1:0.0.0.0:9872], old=null
2020-04-28 14:38:35,312 [omNode1@group-3464CFB7038B-LeaderElection6] INFO  impl.LeaderElection (LeaderElection.java:askForVotes(206)) - omNode1@group-3464CFB7038B-LeaderElection6: begin an election at term 1138 for -1: [omNode2:122.0.0.122:9872, omNode1:0.0.0.0:9872], old=null
2020-04-28 14:38:35,377 [omNode1@group-3464CFB7038B-LeaderElection6] INFO  impl.LeaderElection (LeaderElection.java:logAndReturn(61)) - omNode1@group-3464CFB7038B-LeaderElection6: Election TIMEOUT; received 0 response(s) [] and 0 exception(s); omNode1@group-3464CFB7038B:t1138, leader=null, voted=omNode1, raftlog=omNode1@group-3464CFB7038B-SegmentedRaftLog:OPENED:c-1,f-1,i0, conf=-1: [omNode2:122.0.0.122:9872, omNode1:0.0.0.0:9872], old=null
2020-04-28 14:38:35,378 [omNode1@group-3464CFB7038B-LeaderElection6] INFO  impl.LeaderElection (LeaderElection.java:askForVotes(206)) - omNode1@group-3464CFB7038B-LeaderElection6: begin an election at term 1139 for -1: [omNode2:122.0.0.122:9872, omNode1:0.0.0.0:9872], old=null
2020-04-28 14:38:35,469 [omNode1@group-3464CFB7038B-LeaderElection6] INFO  impl.LeaderElection (LeaderElection.java:logAndReturn(61)) - omNode1@group-3464CFB7038B-LeaderElection6: Election TIMEOUT; received 0 response(s) [] and 0 exception(s); omNode1@group-3464CFB7038B:t1139, leader=null, voted=omNode1, raftlog=omNode1@group-3464CFB7038B-SegmentedRaftLog:OPENED:c-1,f-1,i0, conf=-1: [omNode2:122.0.0.122:9872, omNode1:0.0.0.0:9872], old=null
2020-04-28 14:38:35,471 [omNode1@group-3464CFB7038B-LeaderElection6] INFO  impl.LeaderElection (LeaderElection.java:askForVotes(206)) - omNode1@group-3464CFB7038B-LeaderElection6: begin an election at term 1140 for -1: [omNode2:122.0.0.122:9872, omNode1:0.0.0.0:9872], old=null
2020-04-28 14:38:35,540 [omNode1@group-3464CFB7038B-LeaderElection6] INFO  impl.LeaderElection (LeaderElection.java:logAndReturn(61)) - omNode1@group-3464CFB7038B-LeaderElection6: Election TIMEOUT; received 0 response(s) [] and 0 exception(s); omNode1@group-3464CFB7038B:t1140, leader=null, voted=omNode1, raftlog=omNode1@group-3464CFB7038B-SegmentedRaftLog:OPENED:c-1,f-1,i0, conf=-1: [omNode2:122.0.0.122:9872, omNode1:0.0.0.0:9872], old=null
2020-04-28 14:38:35,541 [omNode1@group-3464CFB7038B-LeaderElection6] INFO  impl.LeaderElection (LeaderElection.java:askForVotes(206)) - omNode1@group-3464CFB7038B-LeaderElection6: begin an election at term 1141 for -1: [omNode2:122.0.0.122:9872, omNode1:0.0.0.0:9872], old=null
2020-04-28 14:38:35,604 [omNode1@group-3464CFB7038B-LeaderElection6] INFO  impl.LeaderElection (LeaderElection.java:logAndReturn(61)) - omNode1@group-3464CFB7038B-LeaderElection6: Election TIMEOUT; received 0 response(s) [] and 0 exception(s); omNode1@group-3464CFB7038B:t1141, leader=null, voted=omNode1, raftlog=omNode1@group-3464CFB7038B-SegmentedRaftLog:OPENED:c-1,f-1,i0, conf=-1: [omNode2:122.0.0.122:9872, omNode1:0.0.0.0:9872], old=null
2020-04-28 14:38:35,605 [omNode1@group-3464CFB7038B-LeaderElection6] INFO  impl.LeaderElection (LeaderElection.java:askForVotes(206)) - omNode1@group-3464CFB7038B-LeaderElection6: begin an election at term 1142 for -1: [omNode2:122.0.0.122:9872, omNode1:0.0.0.0:9872], old=null
2020-04-28 14:38:35,702 [omNode1@group-3464CFB7038B-LeaderElection6] INFO  impl.LeaderElection (LeaderElection.java:logAndReturn(61)) - omNode1@group-3464CFB7038B-LeaderElection6: Election TIMEOUT; received 0 response(s) [] and 0 exception(s); omNode1@group-3464CFB7038B:t1142, leader=null, voted=omNode1, raftlog=omNode1@group-3464CFB7038B-SegmentedRaftLog:OPENED:c-1,f-1,i0, conf=-1: [omNode2:122.0.0.122:9872, omNode1:0.0.0.0:9872], old=null
2020-04-28 14:38:35,704 [omNode1@group-3464CFB7038B-LeaderElection6] INFO  impl.LeaderElection (LeaderElection.java:askForVotes(206)) - omNode1@group-3464CFB7038B-LeaderElection6: begin an election at term 1143 for -1: [omNode2:122.0.0.122:9872, omNode1:0.0.0.0:9872], old=null
2020-04-28 14:38:35,789 [omNode1@group-3464CFB7038B-LeaderElection6] INFO  impl.LeaderElection (LeaderElection.java:logAndReturn(61)) - omNode1@group-3464CFB7038B-LeaderElection6: Election TIMEOUT; received 0 response(s) [] and 0 exception(s); omNode1@group-3464CFB7038B:t1143, leader=null, voted=omNode1, raftlog=omNode1@group-3464CFB7038B-SegmentedRaftLog:OPENED:c-1,f-1,i0, conf=-1: [omNode2:122.0.0.122:9872, omNode1:0.0.0.0:9872], old=null
2020-04-28 14:38:35,790 [omNode1@group-3464CFB7038B-LeaderElection6] INFO  impl.LeaderElection (LeaderElection.java:askForVotes(206)) - omNode1@group-3464CFB7038B-LeaderElection6: begin an election at term 1144 for -1: [omNode2:122.0.0.122:9872, omNode1:0.0.0.0:9872], old=null
2020-04-28 14:38:35,803 [main] INFO  ozone.MiniOzoneClusterImpl (MiniOzoneClusterImpl.java:lambda$waitForClusterToBeReady$0(177)) - Nodes are ready. Got 3 of 3 DN Heartbeats.
2020-04-28 14:38:35,803 [main] INFO  ozone.MiniOzoneClusterImpl (MiniOzoneClusterImpl.java:lambda$waitForClusterToBeReady$0(180)) - Waiting for cluster to exit safe mode
2020-04-28 14:38:35,939 [omNode1@group-3464CFB7038B-LeaderElection6] INFO  impl.LeaderElection (LeaderElection.java:logAndReturn(61)) - omNode1@group-3464CFB7038B-LeaderElection6: Election TIMEOUT; received 0 response(s) [] and 0 exception(s); omNode1@group-3464CFB7038B:t1144, leader=null, voted=omNode1, raftlog=omNode1@group-3464CFB7038B-SegmentedRaftLog:OPENED:c-1,f-1,i0, conf=-1: [omNode2:122.0.0.122:9872, omNode1:0.0.0.0:9872], old=null
2020-04-28 14:38:35,940 [omNode1@group-3464CFB7038B-LeaderElection6] INFO  impl.LeaderElection (LeaderElection.java:askForVotes(206)) - omNode1@group-3464CFB7038B-LeaderElection6: begin an election at term 1145 for -1: [omNode2:122.0.0.122:9872, omNode1:0.0.0.0:9872], old=null
2020-04-28 14:38:35,960 [omNode1@group-3464CFB7038B-LeaderElection6] INFO  impl.LeaderElection (LeaderElection.java:logAndReturn(61)) - omNode1@group-3464CFB7038B-LeaderElection6: Election TIMEOUT; received 0 response(s) [] and 0 exception(s); omNode1@group-3464CFB7038B:t1145, leader=null, voted=omNode1, raftlog=omNode1@group-3464CFB7038B-SegmentedRaftLog:OPENED:c-1,f-1,i0, conf=-1: [omNode2:122.0.0.122:9872, omNode1:0.0.0.0:9872], old=null
2020-04-28 14:38:35,961 [omNode1@group-3464CFB7038B-LeaderElection6] INFO  impl.LeaderElection (LeaderElection.java:askForVotes(206)) - omNode1@group-3464CFB7038B-LeaderElection6: begin an election at term 1146 for -1: [omNode2:122.0.0.122:9872, omNode1:0.0.0.0:9872], old=null
2020-04-28 14:38:36,005 [omNode1@group-3464CFB7038B-LeaderElection6] INFO  impl.LeaderElection (LeaderElection.java:logAndReturn(61)) - omNode1@group-3464CFB7038B-LeaderElection6: Election TIMEOUT; received 0 response(s) [] and 0 exception(s); omNode1@group-3464CFB7038B:t1146, leader=null, voted=omNode1, raftlog=omNode1@group-3464CFB7038B-SegmentedRaftLog:OPENED:c-1,f-1,i0, conf=-1: [omNode2:122.0.0.122:9872, omNode1:0.0.0.0:9872], old=null
2020-04-28 14:38:36,006 [omNode1@group-3464CFB7038B-LeaderElection6] INFO  impl.LeaderElection (LeaderElection.java:askForVotes(206)) - omNode1@group-3464CFB7038B-LeaderElection6: begin an election at term 1147 for -1: [omNode2:122.0.0.122:9872, omNode1:0.0.0.0:9872], old=null
2020-04-28 14:38:36,199 [omNode1@group-3464CFB7038B-LeaderElection6] INFO  impl.LeaderElection (LeaderElection.java:logAndReturn(61)) - omNode1@group-3464CFB7038B-LeaderElection6: Election TIMEOUT; received 0 response(s) [] and 0 exception(s); omNode1@group-3464CFB7038B:t1147, leader=null, voted=omNode1, raftlog=omNode1@group-3464CFB7038B-SegmentedRaftLog:OPENED:c-1,f-1,i0, conf=-1: [omNode2:122.0.0.122:9872, omNode1:0.0.0.0:9872], old=null
2020-04-28 14:38:36,200 [omNode1@group-3464CFB7038B-LeaderElection6] INFO  impl.LeaderElection (LeaderElection.java:askForVotes(206)) - omNode1@group-3464CFB7038B-LeaderElection6: begin an election at term 1148 for -1: [omNode2:122.0.0.122:9872, omNode1:0.0.0.0:9872], old=null
2020-04-28 14:38:36,302 [omNode1@group-3464CFB7038B-LeaderElection6] INFO  impl.LeaderElection (LeaderElection.java:logAndReturn(61)) - omNode1@group-3464CFB7038B-LeaderElection6: Election TIMEOUT; received 0 response(s) [] and 0 exception(s); omNode1@group-3464CFB7038B:t1148, leader=null, voted=omNode1, raftlog=omNode1@group-3464CFB7038B-SegmentedRaftLog:OPENED:c-1,f-1,i0, conf=-1: [omNode2:122.0.0.122:9872, omNode1:0.0.0.0:9872], old=null
2020-04-28 14:38:36,303 [omNode1@group-3464CFB7038B-LeaderElection6] INFO  impl.LeaderElection (LeaderElection.java:askForVotes(206)) - omNode1@group-3464CFB7038B-LeaderElection6: begin an election at term 1149 for -1: [omNode2:122.0.0.122:9872, omNode1:0.0.0.0:9872], old=null
2020-04-28 14:38:36,483 [omNode1@group-3464CFB7038B-LeaderElection6] INFO  impl.LeaderElection (LeaderElection.java:logAndReturn(61)) - omNode1@group-3464CFB7038B-LeaderElection6: Election TIMEOUT; received 0 response(s) [] and 0 exception(s); omNode1@group-3464CFB7038B:t1149, leader=null, voted=omNode1, raftlog=omNode1@group-3464CFB7038B-SegmentedRaftLog:OPENED:c-1,f-1,i0, conf=-1: [omNode2:122.0.0.122:9872, omNode1:0.0.0.0:9872], old=null
2020-04-28 14:38:36,485 [omNode1@group-3464CFB7038B-LeaderElection6] INFO  impl.LeaderElection (LeaderElection.java:askForVotes(206)) - omNode1@group-3464CFB7038B-LeaderElection6: begin an election at term 1150 for -1: [omNode2:122.0.0.122:9872, omNode1:0.0.0.0:9872], old=null
2020-04-28 14:38:36,636 [omNode1@group-3464CFB7038B-LeaderElection6] INFO  impl.LeaderElection (LeaderElection.java:logAndReturn(61)) - omNode1@group-3464CFB7038B-LeaderElection6: Election TIMEOUT; received 0 response(s) [] and 0 exception(s); omNode1@group-3464CFB7038B:t1150, leader=null, voted=omNode1, raftlog=omNode1@group-3464CFB7038B-SegmentedRaftLog:OPENED:c-1,f-1,i0, conf=-1: [omNode2:122.0.0.122:9872, omNode1:0.0.0.0:9872], old=null
2020-04-28 14:38:36,637 [omNode1@group-3464CFB7038B-LeaderElection6] INFO  impl.LeaderElection (LeaderElection.java:askForVotes(206)) - omNode1@group-3464CFB7038B-LeaderElection6: begin an election at term 1151 for -1: [omNode2:122.0.0.122:9872, omNode1:0.0.0.0:9872], old=null
2020-04-28 14:38:36,644 [omNode1@group-3464CFB7038B-LeaderElection6] INFO  impl.LeaderElection (LeaderElection.java:logAndReturn(61)) - omNode1@group-3464CFB7038B-LeaderElection6: Election TIMEOUT; received 0 response(s) [] and 0 exception(s); omNode1@group-3464CFB7038B:t1151, leader=null, voted=omNode1, raftlog=omNode1@group-3464CFB7038B-SegmentedRaftLog:OPENED:c-1,f-1,i0, conf=-1: [omNode2:122.0.0.122:9872, omNode1:0.0.0.0:9872], old=null
2020-04-28 14:38:36,645 [omNode1@group-3464CFB7038B-LeaderElection6] INFO  impl.LeaderElection (LeaderElection.java:askForVotes(206)) - omNode1@group-3464CFB7038B-LeaderElection6: begin an election at term 1152 for -1: [omNode2:122.0.0.122:9872, omNode1:0.0.0.0:9872], old=null
2020-04-28 14:38:36,741 [omNode1@group-3464CFB7038B-LeaderElection6] INFO  impl.LeaderElection (LeaderElection.java:logAndReturn(61)) - omNode1@group-3464CFB7038B-LeaderElection6: Election TIMEOUT; received 0 response(s) [] and 0 exception(s); omNode1@group-3464CFB7038B:t1152, leader=null, voted=omNode1, raftlog=omNode1@group-3464CFB7038B-SegmentedRaftLog:OPENED:c-1,f-1,i0, conf=-1: [omNode2:122.0.0.122:9872, omNode1:0.0.0.0:9872], old=null
2020-04-28 14:38:36,743 [omNode1@group-3464CFB7038B-LeaderElection6] INFO  impl.LeaderElection (LeaderElection.java:askForVotes(206)) - omNode1@group-3464CFB7038B-LeaderElection6: begin an election at term 1153 for -1: [omNode2:122.0.0.122:9872, omNode1:0.0.0.0:9872], old=null
2020-04-28 14:38:36,803 [main] INFO  ozone.MiniOzoneClusterImpl (MiniOzoneClusterImpl.java:lambda$waitForClusterToBeReady$0(177)) - Nodes are ready. Got 3 of 3 DN Heartbeats.
2020-04-28 14:38:36,803 [main] INFO  ozone.MiniOzoneClusterImpl (MiniOzoneClusterImpl.java:lambda$waitForClusterToBeReady$0(180)) - Waiting for cluster to exit safe mode
2020-04-28 14:38:36,844 [Command processor thread] INFO  impl.RaftServerProxy (RaftServerProxy.java:addNew(89)) - b49cd372-011e-4c73-9cd9-f6b19e929270: addNew group-5C396212DADF:[049e6fea-8fea-4434-aaa3-5a2ab300f420:172.17.0.2:45965, b49cd372-011e-4c73-9cd9-f6b19e929270:172.17.0.2:39859, f48396e8-f861-4ea7-9d9a-a0d4272beba6:172.17.0.2:34957] returns group-5C396212DADF:java.util.concurrent.CompletableFuture@1507b422[Not completed]
2020-04-28 14:38:36,847 [pool-53-thread-1] INFO  impl.RaftServerImpl (RaftServerImpl.java:<init>(97)) - b49cd372-011e-4c73-9cd9-f6b19e929270: new RaftServerImpl for group-5C396212DADF:[049e6fea-8fea-4434-aaa3-5a2ab300f420:172.17.0.2:45965, b49cd372-011e-4c73-9cd9-f6b19e929270:172.17.0.2:39859, f48396e8-f861-4ea7-9d9a-a0d4272beba6:172.17.0.2:34957] with ContainerStateMachine:uninitialized
2020-04-28 14:38:36,847 [pool-53-thread-1] INFO  server.RaftServerConfigKeys (ConfUtils.java:logGet(44)) - raft.server.rpc.timeout.min = 5s (custom)
2020-04-28 14:38:36,847 [pool-53-thread-1] INFO  server.RaftServerConfigKeys (ConfUtils.java:logGet(44)) - raft.server.rpc.timeout.max = 5200ms (custom)
2020-04-28 14:38:36,847 [pool-53-thread-1] INFO  server.RaftServerConfigKeys (ConfUtils.java:logGet(44)) - raft.server.rpcslowness.timeout = 300s (custom)
2020-04-28 14:38:36,847 [pool-53-thread-1] INFO  server.RaftServerConfigKeys (ConfUtils.java:logGet(44)) - raft.server.sleep.deviation.threshold = 300 (default)
2020-04-28 14:38:36,847 [pool-53-thread-1] INFO  server.RaftServerConfigKeys (ConfUtils.java:logGet(44)) - raft.server.log.appender.install.snapshot.enabled = false (custom)
2020-04-28 14:38:36,848 [pool-53-thread-1] INFO  impl.RaftServerImpl (ServerState.java:<init>(103)) - b49cd372-011e-4c73-9cd9-f6b19e929270@group-5C396212DADF: ConfigurationManager, init=-1: [049e6fea-8fea-4434-aaa3-5a2ab300f420:172.17.0.2:45965, b49cd372-011e-4c73-9cd9-f6b19e929270:172.17.0.2:39859, f48396e8-f861-4ea7-9d9a-a0d4272beba6:172.17.0.2:34957], old=null, confs=<EMPTY_MAP>
2020-04-28 14:38:36,848 [pool-53-thread-1] INFO  server.RaftServerConfigKeys (ConfUtils.java:logGet(44)) - raft.server.storage.dir = [/github/workspace/mnt/ozone/hadoop-ozone/integration-test/target/test-dir/MiniOzoneClusterImpl-bcc7daa9-737a-4aaa-b298-78757390e1e5/datanode-1/data/ratis] (custom)
2020-04-28 14:38:36,848 [pool-53-thread-1] INFO  server.RaftServerConfigKeys (ConfUtils.java:logGet(44)) - raft.server.log.corruption.policy = EXCEPTION (default)
2020-04-28 14:38:36,848 [pool-53-thread-1] INFO  storage.RaftStorageDirectory (RaftStorageDirectory.java:analyzeStorage(253)) - The storage directory /github/workspace/mnt/ozone/hadoop-ozone/integration-test/target/test-dir/MiniOzoneClusterImpl-bcc7daa9-737a-4aaa-b298-78757390e1e5/datanode-1/data/ratis/4be9e659-e721-4184-9f8d-5c396212dadf does not exist. Creating ...
2020-04-28 14:38:36,850 [pool-53-thread-1] INFO  storage.RaftStorageDirectory (RaftStorageDirectory.java:tryLock(335)) - Lock on /github/workspace/mnt/ozone/hadoop-ozone/integration-test/target/test-dir/MiniOzoneClusterImpl-bcc7daa9-737a-4aaa-b298-78757390e1e5/datanode-1/data/ratis/4be9e659-e721-4184-9f8d-5c396212dadf/in_use.lock acquired by nodename 31754@f0b7f6b472ee
2020-04-28 14:38:36,851 [pool-53-thread-1] INFO  storage.RaftStorage (RaftStorage.java:format(84)) - Storage directory /github/workspace/mnt/ozone/hadoop-ozone/integration-test/target/test-dir/MiniOzoneClusterImpl-bcc7daa9-737a-4aaa-b298-78757390e1e5/datanode-1/data/ratis/4be9e659-e721-4184-9f8d-5c396212dadf has been successfully formatted.
2020-04-28 14:38:36,851 [pool-53-thread-1] INFO  ratis.ContainerStateMachine (ContainerStateMachine.java:loadSnapshot(226)) - group-5C396212DADF: The snapshot info is null. Setting the last applied indexto:(t:0, i:~)
2020-04-28 14:38:36,851 [pool-53-thread-1] INFO  server.RaftServerConfigKeys (ConfUtils.java:logGet(44)) - raft.server.notification.no-leader.timeout = 60s (default)
2020-04-28 14:38:36,851 [pool-53-thread-1] INFO  server.RaftServerConfigKeys (ConfUtils.java:logGet(44)) - raft.server.log.use.memory = false (default)
2020-04-28 14:38:36,852 [pool-53-thread-1] INFO  server.RaftServerConfigKeys (ConfUtils.java:logGet(44)) - raft.server.log.purge.gap = 1000000 (custom)
2020-04-28 14:38:36,852 [pool-53-thread-1] INFO  server.RaftServerConfigKeys (ConfUtils.java:logGet(44)) - raft.server.log.appender.buffer.byte-limit = 33554432 (custom)
2020-04-28 14:38:36,852 [pool-53-thread-1] INFO  server.RaftServerConfigKeys (ConfUtils.java:logGet(44)) - raft.server.log.segment.size.max = 1048576 (custom)
2020-04-28 14:38:36,852 [pool-53-thread-1] INFO  server.RaftServerConfigKeys (ConfUtils.java:logGet(44)) - raft.server.log.segment.cache.num.max = 2 (custom)
2020-04-28 14:38:36,853 [pool-53-thread-1] INFO  segmented.SegmentedRaftLogWorker (SegmentedRaftLogWorker.java:<init>(176)) - new b49cd372-011e-4c73-9cd9-f6b19e929270@group-5C396212DADF-SegmentedRaftLogWorker for RaftStorage:Storage Directory /github/workspace/mnt/ozone/hadoop-ozone/integration-test/target/test-dir/MiniOzoneClusterImpl-bcc7daa9-737a-4aaa-b298-78757390e1e5/datanode-1/data/ratis/4be9e659-e721-4184-9f8d-5c396212dadf
2020-04-28 14:38:36,854 [pool-53-thread-1] INFO  server.RaftServerConfigKeys (ConfUtils.java:logGet(44)) - raft.server.log.queue.byte-limit = 2147483647 (custom)
2020-04-28 14:38:36,854 [pool-53-thread-1] INFO  server.RaftServerConfigKeys (ConfUtils.java:logGet(44)) - raft.server.log.queue.element-limit = 1024 (custom)
2020-04-28 14:38:36,854 [pool-53-thread-1] INFO  server.RaftServerConfigKeys (ConfUtils.java:logGet(44)) - raft.server.log.segment.size.max = 1048576 (custom)
2020-04-28 14:38:36,854 [pool-53-thread-1] INFO  server.RaftServerConfigKeys (ConfUtils.java:logGet(44)) - raft.server.log.preallocated.size = 16384 (custom)
2020-04-28 14:38:36,854 [pool-53-thread-1] INFO  server.RaftServerConfigKeys (ConfUtils.java:logGet(44)) - raft.server.log.write.buffer.size = 1048576 (custom)
2020-04-28 14:38:36,854 [pool-53-thread-1] INFO  server.RaftServerConfigKeys (ConfUtils.java:logGet(44)) - raft.server.log.force.sync.num = 128 (default)
2020-04-28 14:38:36,854 [pool-53-thread-1] INFO  server.RaftServerConfigKeys (ConfUtils.java:logGet(44)) - raft.server.log.statemachine.data.sync = true (default)
2020-04-28 14:38:36,854 [pool-53-thread-1] INFO  server.RaftServerConfigKeys (ConfUtils.java:logGet(44)) - raft.server.log.statemachine.data.sync.timeout = 10s (default)
2020-04-28 14:38:36,854 [pool-53-thread-1] INFO  server.RaftServerConfigKeys (ConfUtils.java:logGet(44)) - raft.server.log.statemachine.data.sync.timeout.retry = -1 (default)
2020-04-28 14:38:36,854 [pool-53-thread-1] INFO  server.RaftServerConfigKeys (ConfUtils.java:logGet(44)) - raft.server.log.statemachine.data.caching.enabled = true (custom)
2020-04-28 14:38:36,855 [pool-53-thread-1] INFO  segmented.SegmentedRaftLogWorker (SegmentedRaftLogWorker.java:lambda$new$0(129)) - b49cd372-011e-4c73-9cd9-f6b19e929270@group-5C396212DADF-SegmentedRaftLogWorker: flushIndex: setUnconditionally 0 -> -1
2020-04-28 14:38:36,855 [pool-53-thread-1] INFO  server.RaftServerConfigKeys (ConfUtils.java:logGet(44)) - raft.server.snapshot.auto.trigger.enabled = true (custom)
2020-04-28 14:38:36,855 [pool-53-thread-1] INFO  server.RaftServerConfigKeys (ConfUtils.java:logGet(44)) - raft.server.snapshot.auto.trigger.threshold = 10000 (custom)
2020-04-28 14:38:36,855 [pool-53-thread-1] INFO  server.RaftServerConfigKeys (ConfUtils.java:logGet(44)) - raft.server.snapshot.retention.file.num = 5 (custom)
2020-04-28 14:38:36,855 [pool-53-thread-1] INFO  server.RaftServerConfigKeys (ConfUtils.java:logGet(44)) - raft.server.retrycache.expirytime = 600000ms (custom)
2020-04-28 14:38:36,855 [pool-53-thread-1] INFO  metrics.RatisMetrics (RatisMetrics.java:lambda$create$0(39)) - Creating Metrics Registry : ratis.leader_election.b49cd372-011e-4c73-9cd9-f6b19e929270@group-5C396212DADF
2020-04-28 14:38:36,856 [pool-53-thread-1] INFO  metrics.RatisMetrics (RatisMetrics.java:lambda$create$0(39)) - Creating Metrics Registry : ratis.server.b49cd372-011e-4c73-9cd9-f6b19e929270@group-5C396212DADF
2020-04-28 14:38:36,857 [pool-53-thread-1] INFO  impl.RaftServerImpl (RaftServerImpl.java:start(183)) - b49cd372-011e-4c73-9cd9-f6b19e929270@group-5C396212DADF: start as a follower, conf=-1: [049e6fea-8fea-4434-aaa3-5a2ab300f420:172.17.0.2:45965, b49cd372-011e-4c73-9cd9-f6b19e929270:172.17.0.2:39859, f48396e8-f861-4ea7-9d9a-a0d4272beba6:172.17.0.2:34957], old=null
2020-04-28 14:38:36,857 [pool-53-thread-1] INFO  impl.RaftServerImpl (RaftServerImpl.java:setRole(172)) - b49cd372-011e-4c73-9cd9-f6b19e929270@group-5C396212DADF: changes role from      null to FOLLOWER at term 0 for startAsFollower
2020-04-28 14:38:36,857 [pool-53-thread-1] INFO  impl.RoleInfo (RoleInfo.java:updateAndGet(143)) - b49cd372-011e-4c73-9cd9-f6b19e929270: start FollowerState
2020-04-28 14:38:36,859 [pool-53-thread-1] INFO  util.JmxRegister (JmxRegister.java:tryRegister(44)) - Successfully registered JMX Bean with object name Ratis:service=RaftServer,group=group-5C396212DADF,id=b49cd372-011e-4c73-9cd9-f6b19e929270
2020-04-28 14:38:36,860 [pool-53-thread-1] INFO  metrics.RatisMetrics (RatisMetrics.java:lambda$create$0(39)) - Creating Metrics Registry : ratis.state_machine.b49cd372-011e-4c73-9cd9-f6b19e929270@group-5C396212DADF
2020-04-28 14:38:36,860 [omNode1@group-3464CFB7038B-LeaderElection6] INFO  impl.LeaderElection (LeaderElection.java:logAndReturn(61)) - omNode1@group-3464CFB7038B-LeaderElection6: Election TIMEOUT; received 0 response(s) [] and 0 exception(s); omNode1@group-3464CFB7038B:t1153, leader=null, voted=omNode1, raftlog=omNode1@group-3464CFB7038B-SegmentedRaftLog:OPENED:c-1,f-1,i0, conf=-1: [omNode2:122.0.0.122:9872, omNode1:0.0.0.0:9872], old=null
2020-04-28 14:38:36,866 [omNode1@group-3464CFB7038B-LeaderElection6] INFO  impl.LeaderElection (LeaderElection.java:askForVotes(206)) - omNode1@group-3464CFB7038B-LeaderElection6: begin an election at term 1154 for -1: [omNode2:122.0.0.122:9872, omNode1:0.0.0.0:9872], old=null
2020-04-28 14:38:37,021 [omNode1@group-3464CFB7038B-LeaderElection6] INFO  impl.LeaderElection (LeaderElection.java:logAndReturn(61)) - omNode1@group-3464CFB7038B-LeaderElection6: Election TIMEOUT; received 0 response(s) [] and 0 exception(s); omNode1@group-3464CFB7038B:t1154, leader=null, voted=omNode1, raftlog=omNode1@group-3464CFB7038B-SegmentedRaftLog:OPENED:c-1,f-1,i0, conf=-1: [omNode2:122.0.0.122:9872, omNode1:0.0.0.0:9872], old=null
2020-04-28 14:38:37,022 [omNode1@group-3464CFB7038B-LeaderElection6] INFO  impl.LeaderElection (LeaderElection.java:askForVotes(206)) - omNode1@group-3464CFB7038B-LeaderElection6: begin an election at term 1155 for -1: [omNode2:122.0.0.122:9872, omNode1:0.0.0.0:9872], old=null
2020-04-28 14:38:37,085 [grpc-default-executor-0] INFO  impl.RaftServerProxy (RaftServerProxy.java:addNew(89)) - 049e6fea-8fea-4434-aaa3-5a2ab300f420: addNew group-5C396212DADF:[049e6fea-8fea-4434-aaa3-5a2ab300f420:172.17.0.2:45965, b49cd372-011e-4c73-9cd9-f6b19e929270:172.17.0.2:39859, f48396e8-f861-4ea7-9d9a-a0d4272beba6:172.17.0.2:34957] returns group-5C396212DADF:java.util.concurrent.CompletableFuture@1096cbfc[Not completed]
2020-04-28 14:38:37,095 [pool-68-thread-1] INFO  impl.RaftServerImpl (RaftServerImpl.java:<init>(97)) - 049e6fea-8fea-4434-aaa3-5a2ab300f420: new RaftServerImpl for group-5C396212DADF:[049e6fea-8fea-4434-aaa3-5a2ab300f420:172.17.0.2:45965, b49cd372-011e-4c73-9cd9-f6b19e929270:172.17.0.2:39859, f48396e8-f861-4ea7-9d9a-a0d4272beba6:172.17.0.2:34957] with ContainerStateMachine:uninitialized
2020-04-28 14:38:37,095 [pool-68-thread-1] INFO  server.RaftServerConfigKeys (ConfUtils.java:logGet(44)) - raft.server.rpc.timeout.min = 5s (custom)
2020-04-28 14:38:37,095 [pool-68-thread-1] INFO  server.RaftServerConfigKeys (ConfUtils.java:logGet(44)) - raft.server.rpc.timeout.max = 5200ms (custom)
2020-04-28 14:38:37,095 [pool-68-thread-1] INFO  server.RaftServerConfigKeys (ConfUtils.java:logGet(44)) - raft.server.rpcslowness.timeout = 300s (custom)
2020-04-28 14:38:37,095 [pool-68-thread-1] INFO  server.RaftServerConfigKeys (ConfUtils.java:logGet(44)) - raft.server.sleep.deviation.threshold = 300 (default)
2020-04-28 14:38:37,096 [pool-68-thread-1] INFO  server.RaftServerConfigKeys (ConfUtils.java:logGet(44)) - raft.server.log.appender.install.snapshot.enabled = false (custom)
2020-04-28 14:38:37,096 [pool-68-thread-1] INFO  impl.RaftServerImpl (ServerState.java:<init>(103)) - 049e6fea-8fea-4434-aaa3-5a2ab300f420@group-5C396212DADF: ConfigurationManager, init=-1: [049e6fea-8fea-4434-aaa3-5a2ab300f420:172.17.0.2:45965, b49cd372-011e-4c73-9cd9-f6b19e929270:172.17.0.2:39859, f48396e8-f861-4ea7-9d9a-a0d4272beba6:172.17.0.2:34957], old=null, confs=<EMPTY_MAP>
2020-04-28 14:38:37,096 [pool-68-thread-1] INFO  server.RaftServerConfigKeys (ConfUtils.java:logGet(44)) - raft.server.storage.dir = [/github/workspace/mnt/ozone/hadoop-ozone/integration-test/target/test-dir/MiniOzoneClusterImpl-bcc7daa9-737a-4aaa-b298-78757390e1e5/datanode-2/data/ratis] (custom)
2020-04-28 14:38:37,096 [pool-68-thread-1] INFO  server.RaftServerConfigKeys (ConfUtils.java:logGet(44)) - raft.server.log.corruption.policy = EXCEPTION (default)
2020-04-28 14:38:37,096 [pool-68-thread-1] INFO  storage.RaftStorageDirectory (RaftStorageDirectory.java:analyzeStorage(253)) - The storage directory /github/workspace/mnt/ozone/hadoop-ozone/integration-test/target/test-dir/MiniOzoneClusterImpl-bcc7daa9-737a-4aaa-b298-78757390e1e5/datanode-2/data/ratis/4be9e659-e721-4184-9f8d-5c396212dadf does not exist. Creating ...
2020-04-28 14:38:37,097 [pool-68-thread-1] INFO  storage.RaftStorageDirectory (RaftStorageDirectory.java:tryLock(335)) - Lock on /github/workspace/mnt/ozone/hadoop-ozone/integration-test/target/test-dir/MiniOzoneClusterImpl-bcc7daa9-737a-4aaa-b298-78757390e1e5/datanode-2/data/ratis/4be9e659-e721-4184-9f8d-5c396212dadf/in_use.lock acquired by nodename 31754@f0b7f6b472ee
2020-04-28 14:38:37,098 [pool-68-thread-1] INFO  storage.RaftStorage (RaftStorage.java:format(84)) - Storage directory /github/workspace/mnt/ozone/hadoop-ozone/integration-test/target/test-dir/MiniOzoneClusterImpl-bcc7daa9-737a-4aaa-b298-78757390e1e5/datanode-2/data/ratis/4be9e659-e721-4184-9f8d-5c396212dadf has been successfully formatted.
2020-04-28 14:38:37,103 [pool-68-thread-1] INFO  ratis.ContainerStateMachine (ContainerStateMachine.java:loadSnapshot(226)) - group-5C396212DADF: The snapshot info is null. Setting the last applied indexto:(t:0, i:~)
2020-04-28 14:38:37,103 [pool-68-thread-1] INFO  server.RaftServerConfigKeys (ConfUtils.java:logGet(44)) - raft.server.notification.no-leader.timeout = 60s (default)
2020-04-28 14:38:37,103 [pool-68-thread-1] INFO  server.RaftServerConfigKeys (ConfUtils.java:logGet(44)) - raft.server.log.use.memory = false (default)
2020-04-28 14:38:37,103 [pool-68-thread-1] INFO  server.RaftServerConfigKeys (ConfUtils.java:logGet(44)) - raft.server.log.purge.gap = 1000000 (custom)
2020-04-28 14:38:37,103 [pool-68-thread-1] INFO  server.RaftServerConfigKeys (ConfUtils.java:logGet(44)) - raft.server.log.appender.buffer.byte-limit = 33554432 (custom)
2020-04-28 14:38:37,103 [pool-68-thread-1] INFO  server.RaftServerConfigKeys (ConfUtils.java:logGet(44)) - raft.server.log.segment.size.max = 1048576 (custom)
2020-04-28 14:38:37,103 [pool-68-thread-1] INFO  metrics.RatisMetrics (RatisMetrics.java:lambda$create$0(39)) - Creating Metrics Registry : ratis.log_worker.049e6fea-8fea-4434-aaa3-5a2ab300f420
2020-04-28 14:38:37,104 [pool-68-thread-1] INFO  server.RaftServerConfigKeys (ConfUtils.java:logGet(44)) - raft.server.log.segment.cache.num.max = 2 (custom)
2020-04-28 14:38:37,105 [pool-68-thread-1] INFO  segmented.SegmentedRaftLogWorker (SegmentedRaftLogWorker.java:<init>(176)) - new 049e6fea-8fea-4434-aaa3-5a2ab300f420@group-5C396212DADF-SegmentedRaftLogWorker for RaftStorage:Storage Directory /github/workspace/mnt/ozone/hadoop-ozone/integration-test/target/test-dir/MiniOzoneClusterImpl-bcc7daa9-737a-4aaa-b298-78757390e1e5/datanode-2/data/ratis/4be9e659-e721-4184-9f8d-5c396212dadf
2020-04-28 14:38:37,105 [pool-68-thread-1] INFO  server.RaftServerConfigKeys (ConfUtils.java:logGet(44)) - raft.server.log.queue.byte-limit = 2147483647 (custom)
2020-04-28 14:38:37,105 [pool-68-thread-1] INFO  server.RaftServerConfigKeys (ConfUtils.java:logGet(44)) - raft.server.log.queue.element-limit = 1024 (custom)
2020-04-28 14:38:37,105 [pool-68-thread-1] INFO  server.RaftServerConfigKeys (ConfUtils.java:logGet(44)) - raft.server.log.segment.size.max = 1048576 (custom)
2020-04-28 14:38:37,105 [pool-68-thread-1] INFO  server.RaftServerConfigKeys (ConfUtils.java:logGet(44)) - raft.server.log.preallocated.size = 16384 (custom)
2020-04-28 14:38:37,105 [pool-68-thread-1] INFO  server.RaftServerConfigKeys (ConfUtils.java:logGet(44)) - raft.server.log.write.buffer.size = 1048576 (custom)
2020-04-28 14:38:37,105 [pool-68-thread-1] INFO  server.RaftServerConfigKeys (ConfUtils.java:logGet(44)) - raft.server.log.force.sync.num = 128 (default)
2020-04-28 14:38:37,105 [pool-68-thread-1] INFO  server.RaftServerConfigKeys (ConfUtils.java:logGet(44)) - raft.server.log.statemachine.data.sync = true (default)
2020-04-28 14:38:37,105 [pool-68-thread-1] INFO  server.RaftServerConfigKeys (ConfUtils.java:logGet(44)) - raft.server.log.statemachine.data.sync.timeout = 10s (default)
2020-04-28 14:38:37,105 [pool-68-thread-1] INFO  server.RaftServerConfigKeys (ConfUtils.java:logGet(44)) - raft.server.log.statemachine.data.sync.timeout.retry = -1 (default)
2020-04-28 14:38:37,116 [pool-68-thread-1] INFO  server.RaftServerConfigKeys (ConfUtils.java:logGet(44)) - raft.server.log.statemachine.data.caching.enabled = true (custom)
2020-04-28 14:38:37,116 [pool-68-thread-1] INFO  segmented.SegmentedRaftLogWorker (SegmentedRaftLogWorker.java:lambda$new$0(129)) - 049e6fea-8fea-4434-aaa3-5a2ab300f420@group-5C396212DADF-SegmentedRaftLogWorker: flushIndex: setUnconditionally 0 -> -1
2020-04-28 14:38:37,116 [pool-68-thread-1] INFO  server.RaftServerConfigKeys (ConfUtils.java:logGet(44)) - raft.server.snapshot.auto.trigger.enabled = true (custom)
2020-04-28 14:38:37,116 [pool-68-thread-1] INFO  server.RaftServerConfigKeys (ConfUtils.java:logGet(44)) - raft.server.snapshot.auto.trigger.threshold = 10000 (custom)
2020-04-28 14:38:37,116 [pool-68-thread-1] INFO  server.RaftServerConfigKeys (ConfUtils.java:logGet(44)) - raft.server.snapshot.retention.file.num = 5 (custom)
2020-04-28 14:38:37,116 [pool-68-thread-1] INFO  server.RaftServerConfigKeys (ConfUtils.java:logGet(44)) - raft.server.retrycache.expirytime = 600000ms (custom)
2020-04-28 14:38:37,117 [pool-68-thread-1] INFO  metrics.RatisMetrics (RatisMetrics.java:lambda$create$0(39)) - Creating Metrics Registry : ratis.leader_election.049e6fea-8fea-4434-aaa3-5a2ab300f420@group-5C396212DADF
2020-04-28 14:38:37,118 [pool-68-thread-1] INFO  metrics.RatisMetrics (RatisMetrics.java:lambda$create$0(39)) - Creating Metrics Registry : ratis.server.049e6fea-8fea-4434-aaa3-5a2ab300f420@group-5C396212DADF
2020-04-28 14:38:37,118 [pool-68-thread-1] INFO  impl.RaftServerImpl (RaftServerImpl.java:start(183)) - 049e6fea-8fea-4434-aaa3-5a2ab300f420@group-5C396212DADF: start as a follower, conf=-1: [049e6fea-8fea-4434-aaa3-5a2ab300f420:172.17.0.2:45965, b49cd372-011e-4c73-9cd9-f6b19e929270:172.17.0.2:39859, f48396e8-f861-4ea7-9d9a-a0d4272beba6:172.17.0.2:34957], old=null
2020-04-28 14:38:37,119 [pool-68-thread-1] INFO  impl.RaftServerImpl (RaftServerImpl.java:setRole(172)) - 049e6fea-8fea-4434-aaa3-5a2ab300f420@group-5C396212DADF: changes role from      null to FOLLOWER at term 0 for startAsFollower
2020-04-28 14:38:37,119 [pool-68-thread-1] INFO  impl.RoleInfo (RoleInfo.java:updateAndGet(143)) - 049e6fea-8fea-4434-aaa3-5a2ab300f420: start FollowerState
2020-04-28 14:38:37,120 [pool-68-thread-1] INFO  util.JmxRegister (JmxRegister.java:tryRegister(44)) - Successfully registered JMX Bean with object name Ratis:service=RaftServer,group=group-5C396212DADF,id=049e6fea-8fea-4434-aaa3-5a2ab300f420
2020-04-28 14:38:37,121 [pool-68-thread-1] INFO  metrics.RatisMetrics (RatisMetrics.java:lambda$create$0(39)) - Creating Metrics Registry : ratis.state_machine.049e6fea-8fea-4434-aaa3-5a2ab300f420@group-5C396212DADF
2020-04-28 14:38:37,181 [omNode1@group-3464CFB7038B-LeaderElection6] INFO  impl.LeaderElection (LeaderElection.java:logAndReturn(61)) - omNode1@group-3464CFB7038B-LeaderElection6: Election TIMEOUT; received 0 response(s) [] and 0 exception(s); omNode1@group-3464CFB7038B:t1155, leader=null, voted=omNode1, raftlog=omNode1@group-3464CFB7038B-SegmentedRaftLog:OPENED:c-1,f-1,i0, conf=-1: [omNode2:122.0.0.122:9872, omNode1:0.0.0.0:9872], old=null
2020-04-28 14:38:37,182 [omNode1@group-3464CFB7038B-LeaderElection6] INFO  impl.LeaderElection (LeaderElection.java:askForVotes(206)) - omNode1@group-3464CFB7038B-LeaderElection6: begin an election at term 1156 for -1: [omNode2:122.0.0.122:9872, omNode1:0.0.0.0:9872], old=null
2020-04-28 14:38:37,192 [grpc-default-executor-0] INFO  impl.RaftServerProxy (RaftServerProxy.java:addNew(89)) - f48396e8-f861-4ea7-9d9a-a0d4272beba6: addNew group-5C396212DADF:[049e6fea-8fea-4434-aaa3-5a2ab300f420:172.17.0.2:45965, b49cd372-011e-4c73-9cd9-f6b19e929270:172.17.0.2:39859, f48396e8-f861-4ea7-9d9a-a0d4272beba6:172.17.0.2:34957] returns group-5C396212DADF:java.util.concurrent.CompletableFuture@7cfa1053[Not completed]
2020-04-28 14:38:37,193 [pool-38-thread-1] INFO  impl.RaftServerImpl (RaftServerImpl.java:<init>(97)) - f48396e8-f861-4ea7-9d9a-a0d4272beba6: new RaftServerImpl for group-5C396212DADF:[049e6fea-8fea-4434-aaa3-5a2ab300f420:172.17.0.2:45965, b49cd372-011e-4c73-9cd9-f6b19e929270:172.17.0.2:39859, f48396e8-f861-4ea7-9d9a-a0d4272beba6:172.17.0.2:34957] with ContainerStateMachine:uninitialized
2020-04-28 14:38:37,193 [pool-38-thread-1] INFO  server.RaftServerConfigKeys (ConfUtils.java:logGet(44)) - raft.server.rpc.timeout.min = 5s (custom)
2020-04-28 14:38:37,193 [pool-38-thread-1] INFO  server.RaftServerConfigKeys (ConfUtils.java:logGet(44)) - raft.server.rpc.timeout.max = 5200ms (custom)
2020-04-28 14:38:37,193 [pool-38-thread-1] INFO  server.RaftServerConfigKeys (ConfUtils.java:logGet(44)) - raft.server.rpcslowness.timeout = 300s (custom)
2020-04-28 14:38:37,193 [pool-38-thread-1] INFO  server.RaftServerConfigKeys (ConfUtils.java:logGet(44)) - raft.server.sleep.deviation.threshold = 300 (default)
2020-04-28 14:38:37,193 [pool-38-thread-1] INFO  server.RaftServerConfigKeys (ConfUtils.java:logGet(44)) - raft.server.log.appender.install.snapshot.enabled = false (custom)
2020-04-28 14:38:37,194 [pool-38-thread-1] INFO  impl.RaftServerImpl (ServerState.java:<init>(103)) - f48396e8-f861-4ea7-9d9a-a0d4272beba6@group-5C396212DADF: ConfigurationManager, init=-1: [049e6fea-8fea-4434-aaa3-5a2ab300f420:172.17.0.2:45965, b49cd372-011e-4c73-9cd9-f6b19e929270:172.17.0.2:39859, f48396e8-f861-4ea7-9d9a-a0d4272beba6:172.17.0.2:34957], old=null, confs=<EMPTY_MAP>
2020-04-28 14:38:37,194 [pool-38-thread-1] INFO  server.RaftServerConfigKeys (ConfUtils.java:logGet(44)) - raft.server.storage.dir = [/github/workspace/mnt/ozone/hadoop-ozone/integration-test/target/test-dir/MiniOzoneClusterImpl-bcc7daa9-737a-4aaa-b298-78757390e1e5/datanode-0/data/ratis] (custom)
2020-04-28 14:38:37,194 [pool-38-thread-1] INFO  server.RaftServerConfigKeys (ConfUtils.java:logGet(44)) - raft.server.log.corruption.policy = EXCEPTION (default)
2020-04-28 14:38:37,194 [pool-38-thread-1] INFO  storage.RaftStorageDirectory (RaftStorageDirectory.java:analyzeStorage(253)) - The storage directory /github/workspace/mnt/ozone/hadoop-ozone/integration-test/target/test-dir/MiniOzoneClusterImpl-bcc7daa9-737a-4aaa-b298-78757390e1e5/datanode-0/data/ratis/4be9e659-e721-4184-9f8d-5c396212dadf does not exist. Creating ...
2020-04-28 14:38:37,195 [pool-38-thread-1] INFO  storage.RaftStorageDirectory (RaftStorageDirectory.java:tryLock(335)) - Lock on /github/workspace/mnt/ozone/hadoop-ozone/integration-test/target/test-dir/MiniOzoneClusterImpl-bcc7daa9-737a-4aaa-b298-78757390e1e5/datanode-0/data/ratis/4be9e659-e721-4184-9f8d-5c396212dadf/in_use.lock acquired by nodename 31754@f0b7f6b472ee
2020-04-28 14:38:37,196 [pool-38-thread-1] INFO  storage.RaftStorage (RaftStorage.java:format(84)) - Storage directory /github/workspace/mnt/ozone/hadoop-ozone/integration-test/target/test-dir/MiniOzoneClusterImpl-bcc7daa9-737a-4aaa-b298-78757390e1e5/datanode-0/data/ratis/4be9e659-e721-4184-9f8d-5c396212dadf has been successfully formatted.
2020-04-28 14:38:37,197 [pool-38-thread-1] INFO  ratis.ContainerStateMachine (ContainerStateMachine.java:loadSnapshot(226)) - group-5C396212DADF: The snapshot info is null. Setting the last applied indexto:(t:0, i:~)
2020-04-28 14:38:37,197 [pool-38-thread-1] INFO  server.RaftServerConfigKeys (ConfUtils.java:logGet(44)) - raft.server.notification.no-leader.timeout = 60s (default)
2020-04-28 14:38:37,197 [pool-38-thread-1] INFO  server.RaftServerConfigKeys (ConfUtils.java:logGet(44)) - raft.server.log.use.memory = false (default)
2020-04-28 14:38:37,197 [pool-38-thread-1] INFO  server.RaftServerConfigKeys (ConfUtils.java:logGet(44)) - raft.server.log.purge.gap = 1000000 (custom)
2020-04-28 14:38:37,198 [pool-38-thread-1] INFO  server.RaftServerConfigKeys (ConfUtils.java:logGet(44)) - raft.server.log.appender.buffer.byte-limit = 33554432 (custom)
2020-04-28 14:38:37,198 [pool-38-thread-1] INFO  server.RaftServerConfigKeys (ConfUtils.java:logGet(44)) - raft.server.log.segment.size.max = 1048576 (custom)
2020-04-28 14:38:37,198 [pool-38-thread-1] INFO  server.RaftServerConfigKeys (ConfUtils.java:logGet(44)) - raft.server.log.segment.cache.num.max = 2 (custom)
2020-04-28 14:38:37,198 [pool-38-thread-1] INFO  segmented.SegmentedRaftLogWorker (SegmentedRaftLogWorker.java:<init>(176)) - new f48396e8-f861-4ea7-9d9a-a0d4272beba6@group-5C396212DADF-SegmentedRaftLogWorker for RaftStorage:Storage Directory /github/workspace/mnt/ozone/hadoop-ozone/integration-test/target/test-dir/MiniOzoneClusterImpl-bcc7daa9-737a-4aaa-b298-78757390e1e5/datanode-0/data/ratis/4be9e659-e721-4184-9f8d-5c396212dadf
2020-04-28 14:38:37,198 [pool-38-thread-1] INFO  server.RaftServerConfigKeys (ConfUtils.java:logGet(44)) - raft.server.log.queue.byte-limit = 2147483647 (custom)
2020-04-28 14:38:37,198 [pool-38-thread-1] INFO  server.RaftServerConfigKeys (ConfUtils.java:logGet(44)) - raft.server.log.queue.element-limit = 1024 (custom)
2020-04-28 14:38:37,198 [pool-38-thread-1] INFO  server.RaftServerConfigKeys (ConfUtils.java:logGet(44)) - raft.server.log.segment.size.max = 1048576 (custom)
2020-04-28 14:38:37,198 [pool-38-thread-1] INFO  server.RaftServerConfigKeys (ConfUtils.java:logGet(44)) - raft.server.log.preallocated.size = 16384 (custom)
2020-04-28 14:38:37,198 [pool-38-thread-1] INFO  server.RaftServerConfigKeys (ConfUtils.java:logGet(44)) - raft.server.log.write.buffer.size = 1048576 (custom)
2020-04-28 14:38:37,198 [pool-38-thread-1] INFO  server.RaftServerConfigKeys (ConfUtils.java:logGet(44)) - raft.server.log.force.sync.num = 128 (default)
2020-04-28 14:38:37,198 [pool-38-thread-1] INFO  server.RaftServerConfigKeys (ConfUtils.java:logGet(44)) - raft.server.log.statemachine.data.sync = true (default)
2020-04-28 14:38:37,204 [pool-38-thread-1] INFO  server.RaftServerConfigKeys (ConfUtils.java:logGet(44)) - raft.server.log.statemachine.data.sync.timeout = 10s (default)
2020-04-28 14:38:37,204 [pool-38-thread-1] INFO  server.RaftServerConfigKeys (ConfUtils.java:logGet(44)) - raft.server.log.statemachine.data.sync.timeout.retry = -1 (default)
2020-04-28 14:38:37,205 [pool-38-thread-1] INFO  server.RaftServerConfigKeys (ConfUtils.java:logGet(44)) - raft.server.log.statemachine.data.caching.enabled = true (custom)
2020-04-28 14:38:37,205 [pool-38-thread-1] INFO  segmented.SegmentedRaftLogWorker (SegmentedRaftLogWorker.java:lambda$new$0(129)) - f48396e8-f861-4ea7-9d9a-a0d4272beba6@group-5C396212DADF-SegmentedRaftLogWorker: flushIndex: setUnconditionally 0 -> -1
2020-04-28 14:38:37,205 [pool-38-thread-1] INFO  server.RaftServerConfigKeys (ConfUtils.java:logGet(44)) - raft.server.snapshot.auto.trigger.enabled = true (custom)
2020-04-28 14:38:37,205 [pool-38-thread-1] INFO  server.RaftServerConfigKeys (ConfUtils.java:logGet(44)) - raft.server.snapshot.auto.trigger.threshold = 10000 (custom)
2020-04-28 14:38:37,206 [pool-38-thread-1] INFO  server.RaftServerConfigKeys (ConfUtils.java:logGet(44)) - raft.server.snapshot.retention.file.num = 5 (custom)
2020-04-28 14:38:37,206 [pool-38-thread-1] INFO  server.RaftServerConfigKeys (ConfUtils.java:logGet(44)) - raft.server.retrycache.expirytime = 600000ms (custom)
2020-04-28 14:38:37,206 [pool-38-thread-1] INFO  metrics.RatisMetrics (RatisMetrics.java:lambda$create$0(39)) - Creating Metrics Registry : ratis.leader_election.f48396e8-f861-4ea7-9d9a-a0d4272beba6@group-5C396212DADF
2020-04-28 14:38:37,206 [pool-38-thread-1] INFO  metrics.RatisMetrics (RatisMetrics.java:lambda$create$0(39)) - Creating Metrics Registry : ratis.server.f48396e8-f861-4ea7-9d9a-a0d4272beba6@group-5C396212DADF
2020-04-28 14:38:37,207 [pool-38-thread-1] INFO  impl.RaftServerImpl (RaftServerImpl.java:start(183)) - f48396e8-f861-4ea7-9d9a-a0d4272beba6@group-5C396212DADF: start as a follower, conf=-1: [049e6fea-8fea-4434-aaa3-5a2ab300f420:172.17.0.2:45965, b49cd372-011e-4c73-9cd9-f6b19e929270:172.17.0.2:39859, f48396e8-f861-4ea7-9d9a-a0d4272beba6:172.17.0.2:34957], old=null
2020-04-28 14:38:37,207 [pool-38-thread-1] INFO  impl.RaftServerImpl (RaftServerImpl.java:setRole(172)) - f48396e8-f861-4ea7-9d9a-a0d4272beba6@group-5C396212DADF: changes role from      null to FOLLOWER at term 0 for startAsFollower
2020-04-28 14:38:37,207 [pool-38-thread-1] INFO  impl.RoleInfo (RoleInfo.java:updateAndGet(143)) - f48396e8-f861-4ea7-9d9a-a0d4272beba6: start FollowerState
2020-04-28 14:38:37,210 [pool-38-thread-1] INFO  util.JmxRegister (JmxRegister.java:tryRegister(44)) - Successfully registered JMX Bean with object name Ratis:service=RaftServer,group=group-5C396212DADF,id=f48396e8-f861-4ea7-9d9a-a0d4272beba6
2020-04-28 14:38:37,210 [pool-38-thread-1] INFO  metrics.RatisMetrics (RatisMetrics.java:lambda$create$0(39)) - Creating Metrics Registry : ratis.state_machine.f48396e8-f861-4ea7-9d9a-a0d4272beba6@group-5C396212DADF
2020-04-28 14:38:37,219 [Command processor thread] INFO  commandhandler.CreatePipelineCommandHandler (CreatePipelineCommandHandler.java:handle(109)) - Created Pipeline RATIS THREE #id: "4be9e659-e721-4184-9f8d-5c396212dadf"
.
2020-04-28 14:38:37,358 [omNode1@group-3464CFB7038B-LeaderElection6] INFO  impl.LeaderElection (LeaderElection.java:logAndReturn(61)) - omNode1@group-3464CFB7038B-LeaderElection6: Election TIMEOUT; received 0 response(s) [] and 0 exception(s); omNode1@group-3464CFB7038B:t1156, leader=null, voted=omNode1, raftlog=omNode1@group-3464CFB7038B-SegmentedRaftLog:OPENED:c-1,f-1,i0, conf=-1: [omNode2:122.0.0.122:9872, omNode1:0.0.0.0:9872], old=null
2020-04-28 14:38:37,359 [omNode1@group-3464CFB7038B-LeaderElection6] INFO  impl.LeaderElection (LeaderElection.java:askForVotes(206)) - omNode1@group-3464CFB7038B-LeaderElection6: begin an election at term 1157 for -1: [omNode2:122.0.0.122:9872, omNode1:0.0.0.0:9872], old=null
2020-04-28 14:38:37,485 [omNode1@group-3464CFB7038B-LeaderElection6] INFO  impl.LeaderElection (LeaderElection.java:logAndReturn(61)) - omNode1@group-3464CFB7038B-LeaderElection6: Election TIMEOUT; received 0 response(s) [] and 0 exception(s); omNode1@group-3464CFB7038B:t1157, leader=null, voted=omNode1, raftlog=omNode1@group-3464CFB7038B-SegmentedRaftLog:OPENED:c-1,f-1,i0, conf=-1: [omNode2:122.0.0.122:9872, omNode1:0.0.0.0:9872], old=null
2020-04-28 14:38:37,486 [omNode1@group-3464CFB7038B-LeaderElection6] INFO  impl.LeaderElection (LeaderElection.java:askForVotes(206)) - omNode1@group-3464CFB7038B-LeaderElection6: begin an election at term 1158 for -1: [omNode2:122.0.0.122:9872, omNode1:0.0.0.0:9872], old=null
2020-04-28 14:38:37,584 [omNode1@group-3464CFB7038B-LeaderElection6] INFO  impl.LeaderElection (LeaderElection.java:logAndReturn(61)) - omNode1@group-3464CFB7038B-LeaderElection6: Election TIMEOUT; received 0 response(s) [] and 0 exception(s); omNode1@group-3464CFB7038B:t1158, leader=null, voted=omNode1, raftlog=omNode1@group-3464CFB7038B-SegmentedRaftLog:OPENED:c-1,f-1,i0, conf=-1: [omNode2:122.0.0.122:9872, omNode1:0.0.0.0:9872], old=null
2020-04-28 14:38:37,585 [omNode1@group-3464CFB7038B-LeaderElection6] INFO  impl.LeaderElection (LeaderElection.java:askForVotes(206)) - omNode1@group-3464CFB7038B-LeaderElection6: begin an election at term 1159 for -1: [omNode2:122.0.0.122:9872, omNode1:0.0.0.0:9872], old=null
2020-04-28 14:38:37,642 [omNode1@group-3464CFB7038B-LeaderElection6] INFO  impl.LeaderElection (LeaderElection.java:logAndReturn(61)) - omNode1@group-3464CFB7038B-LeaderElection6: Election TIMEOUT; received 0 response(s) [] and 0 exception(s); omNode1@group-3464CFB7038B:t1159, leader=null, voted=omNode1, raftlog=omNode1@group-3464CFB7038B-SegmentedRaftLog:OPENED:c-1,f-1,i0, conf=-1: [omNode2:122.0.0.122:9872, omNode1:0.0.0.0:9872], old=null
2020-04-28 14:38:37,643 [omNode1@group-3464CFB7038B-LeaderElection6] INFO  impl.LeaderElection (LeaderElection.java:askForVotes(206)) - omNode1@group-3464CFB7038B-LeaderElection6: begin an election at term 1160 for -1: [omNode2:122.0.0.122:9872, omNode1:0.0.0.0:9872], old=null
2020-04-28 14:38:37,651 [omNode1@group-3464CFB7038B-LeaderElection6] INFO  impl.LeaderElection (LeaderElection.java:logAndReturn(61)) - omNode1@group-3464CFB7038B-LeaderElection6: Election TIMEOUT; received 0 response(s) [] and 0 exception(s); omNode1@group-3464CFB7038B:t1160, leader=null, voted=omNode1, raftlog=omNode1@group-3464CFB7038B-SegmentedRaftLog:OPENED:c-1,f-1,i0, conf=-1: [omNode2:122.0.0.122:9872, omNode1:0.0.0.0:9872], old=null
2020-04-28 14:38:37,652 [omNode1@group-3464CFB7038B-LeaderElection6] INFO  impl.LeaderElection (LeaderElection.java:askForVotes(206)) - omNode1@group-3464CFB7038B-LeaderElection6: begin an election at term 1161 for -1: [omNode2:122.0.0.122:9872, omNode1:0.0.0.0:9872], old=null
2020-04-28 14:38:37,713 [omNode1@group-3464CFB7038B-LeaderElection6] INFO  impl.LeaderElection (LeaderElection.java:logAndReturn(61)) - omNode1@group-3464CFB7038B-LeaderElection6: Election TIMEOUT; received 0 response(s) [] and 0 exception(s); omNode1@group-3464CFB7038B:t1161, leader=null, voted=omNode1, raftlog=omNode1@group-3464CFB7038B-SegmentedRaftLog:OPENED:c-1,f-1,i0, conf=-1: [omNode2:122.0.0.122:9872, omNode1:0.0.0.0:9872], old=null
2020-04-28 14:38:37,714 [omNode1@group-3464CFB7038B-LeaderElection6] INFO  impl.LeaderElection (LeaderElection.java:askForVotes(206)) - omNode1@group-3464CFB7038B-LeaderElection6: begin an election at term 1162 for -1: [omNode2:122.0.0.122:9872, omNode1:0.0.0.0:9872], old=null
2020-04-28 14:38:37,771 [omNode1@group-3464CFB7038B-LeaderElection6] INFO  impl.LeaderElection (LeaderElection.java:logAndReturn(61)) - omNode1@group-3464CFB7038B-LeaderElection6: Election TIMEOUT; received 0 response(s) [] and 0 exception(s); omNode1@group-3464CFB7038B:t1162, leader=null, voted=omNode1, raftlog=omNode1@group-3464CFB7038B-SegmentedRaftLog:OPENED:c-1,f-1,i0, conf=-1: [omNode2:122.0.0.122:9872, omNode1:0.0.0.0:9872], old=null
2020-04-28 14:38:37,773 [omNode1@group-3464CFB7038B-LeaderElection6] INFO  impl.LeaderElection (LeaderElection.java:askForVotes(206)) - omNode1@group-3464CFB7038B-LeaderElection6: begin an election at term 1163 for -1: [omNode2:122.0.0.122:9872, omNode1:0.0.0.0:9872], old=null
2020-04-28 14:38:37,777 [Command processor thread] INFO  impl.RaftServerProxy (RaftServerProxy.java:addNew(89)) - 049e6fea-8fea-4434-aaa3-5a2ab300f420: addNew group-19B699229BF9:[049e6fea-8fea-4434-aaa3-5a2ab300f420:172.17.0.2:45965] returns group-19B699229BF9:java.util.concurrent.CompletableFuture@1c3ea7ee[Not completed]
2020-04-28 14:38:37,778 [pool-68-thread-1] INFO  impl.RaftServerImpl (RaftServerImpl.java:<init>(97)) - 049e6fea-8fea-4434-aaa3-5a2ab300f420: new RaftServerImpl for group-19B699229BF9:[049e6fea-8fea-4434-aaa3-5a2ab300f420:172.17.0.2:45965] with ContainerStateMachine:uninitialized
2020-04-28 14:38:37,779 [pool-68-thread-1] INFO  server.RaftServerConfigKeys (ConfUtils.java:logGet(44)) - raft.server.rpc.timeout.min = 5s (custom)
2020-04-28 14:38:37,779 [pool-68-thread-1] INFO  server.RaftServerConfigKeys (ConfUtils.java:logGet(44)) - raft.server.rpc.timeout.max = 5200ms (custom)
2020-04-28 14:38:37,779 [pool-68-thread-1] INFO  server.RaftServerConfigKeys (ConfUtils.java:logGet(44)) - raft.server.rpcslowness.timeout = 300s (custom)
2020-04-28 14:38:37,779 [pool-68-thread-1] INFO  server.RaftServerConfigKeys (ConfUtils.java:logGet(44)) - raft.server.sleep.deviation.threshold = 300 (default)
2020-04-28 14:38:37,779 [pool-68-thread-1] INFO  server.RaftServerConfigKeys (ConfUtils.java:logGet(44)) - raft.server.log.appender.install.snapshot.enabled = false (custom)
2020-04-28 14:38:37,779 [pool-68-thread-1] INFO  impl.RaftServerImpl (ServerState.java:<init>(103)) - 049e6fea-8fea-4434-aaa3-5a2ab300f420@group-19B699229BF9: ConfigurationManager, init=-1: [049e6fea-8fea-4434-aaa3-5a2ab300f420:172.17.0.2:45965], old=null, confs=<EMPTY_MAP>
2020-04-28 14:38:37,779 [pool-68-thread-1] INFO  server.RaftServerConfigKeys (ConfUtils.java:logGet(44)) - raft.server.storage.dir = [/github/workspace/mnt/ozone/hadoop-ozone/integration-test/target/test-dir/MiniOzoneClusterImpl-bcc7daa9-737a-4aaa-b298-78757390e1e5/datanode-2/data/ratis] (custom)
2020-04-28 14:38:37,779 [pool-68-thread-1] INFO  server.RaftServerConfigKeys (ConfUtils.java:logGet(44)) - raft.server.log.corruption.policy = EXCEPTION (default)
2020-04-28 14:38:37,779 [pool-68-thread-1] INFO  storage.RaftStorageDirectory (RaftStorageDirectory.java:analyzeStorage(253)) - The storage directory /github/workspace/mnt/ozone/hadoop-ozone/integration-test/target/test-dir/MiniOzoneClusterImpl-bcc7daa9-737a-4aaa-b298-78757390e1e5/datanode-2/data/ratis/4f1d94fe-a7ee-4cc4-ae66-19b699229bf9 does not exist. Creating ...
2020-04-28 14:38:37,780 [pool-68-thread-1] INFO  storage.RaftStorageDirectory (RaftStorageDirectory.java:tryLock(335)) - Lock on /github/workspace/mnt/ozone/hadoop-ozone/integration-test/target/test-dir/MiniOzoneClusterImpl-bcc7daa9-737a-4aaa-b298-78757390e1e5/datanode-2/data/ratis/4f1d94fe-a7ee-4cc4-ae66-19b699229bf9/in_use.lock acquired by nodename 31754@f0b7f6b472ee
2020-04-28 14:38:37,781 [pool-68-thread-1] INFO  storage.RaftStorage (RaftStorage.java:format(84)) - Storage directory /github/workspace/mnt/ozone/hadoop-ozone/integration-test/target/test-dir/MiniOzoneClusterImpl-bcc7daa9-737a-4aaa-b298-78757390e1e5/datanode-2/data/ratis/4f1d94fe-a7ee-4cc4-ae66-19b699229bf9 has been successfully formatted.
2020-04-28 14:38:37,783 [pool-68-thread-1] INFO  ratis.ContainerStateMachine (ContainerStateMachine.java:loadSnapshot(226)) - group-19B699229BF9: The snapshot info is null. Setting the last applied indexto:(t:0, i:~)
2020-04-28 14:38:37,783 [pool-68-thread-1] INFO  server.RaftServerConfigKeys (ConfUtils.java:logGet(44)) - raft.server.notification.no-leader.timeout = 60s (default)
2020-04-28 14:38:37,783 [pool-68-thread-1] INFO  server.RaftServerConfigKeys (ConfUtils.java:logGet(44)) - raft.server.log.use.memory = false (default)
2020-04-28 14:38:37,783 [pool-68-thread-1] INFO  server.RaftServerConfigKeys (ConfUtils.java:logGet(44)) - raft.server.log.purge.gap = 1000000 (custom)
2020-04-28 14:38:37,783 [pool-68-thread-1] INFO  server.RaftServerConfigKeys (ConfUtils.java:logGet(44)) - raft.server.log.appender.buffer.byte-limit = 33554432 (custom)
2020-04-28 14:38:37,783 [pool-68-thread-1] INFO  server.RaftServerConfigKeys (ConfUtils.java:logGet(44)) - raft.server.log.segment.size.max = 1048576 (custom)
2020-04-28 14:38:37,783 [pool-68-thread-1] INFO  server.RaftServerConfigKeys (ConfUtils.java:logGet(44)) - raft.server.log.segment.cache.num.max = 2 (custom)
2020-04-28 14:38:37,783 [EventQueue-PipelineReportForPipelineReportHandler] INFO  pipeline.PipelineStateManager (PipelineStateManager.java:openPipeline(131)) - Pipeline Pipeline[ Id: 4f1d94fe-a7ee-4cc4-ae66-19b699229bf9, Nodes: 049e6fea-8fea-4434-aaa3-5a2ab300f420{ip: 172.17.0.2, host: f0b7f6b472ee, networkLocation: /default-rack, certSerialId: null}, Type:RATIS, Factor:ONE, State:ALLOCATED, leaderId:049e6fea-8fea-4434-aaa3-5a2ab300f420, CreationTimestamp2020-04-28T14:38:34.962Z] moved to OPEN state
2020-04-28 14:38:37,784 [pool-68-thread-1] INFO  segmented.SegmentedRaftLogWorker (SegmentedRaftLogWorker.java:<init>(176)) - new 049e6fea-8fea-4434-aaa3-5a2ab300f420@group-19B699229BF9-SegmentedRaftLogWorker for RaftStorage:Storage Directory /github/workspace/mnt/ozone/hadoop-ozone/integration-test/target/test-dir/MiniOzoneClusterImpl-bcc7daa9-737a-4aaa-b298-78757390e1e5/datanode-2/data/ratis/4f1d94fe-a7ee-4cc4-ae66-19b699229bf9
2020-04-28 14:38:37,784 [pool-68-thread-1] INFO  server.RaftServerConfigKeys (ConfUtils.java:logGet(44)) - raft.server.log.queue.byte-limit = 2147483647 (custom)
2020-04-28 14:38:37,784 [EventQueue-OpenPipelineForHealthyPipelineSafeModeRule] INFO  safemode.SCMSafeModeManager (HealthyPipelineSafeModeRule.java:process(132)) - SCM in safe mode. Healthy pipelines reported count is 0, required healthy pipeline reported count is 1
2020-04-28 14:38:37,784 [EventQueue-OpenPipelineForOneReplicaPipelineSafeModeRule] INFO  safemode.SCMSafeModeManager (SCMSafeModeManager.java:validateSafeModeExitRules(213)) - AtleastOneDatanodeReportedRule rule is successfully validated
2020-04-28 14:38:37,784 [pool-68-thread-1] INFO  server.RaftServerConfigKeys (ConfUtils.java:logGet(44)) - raft.server.log.queue.element-limit = 1024 (custom)
2020-04-28 14:38:37,784 [pool-68-thread-1] INFO  server.RaftServerConfigKeys (ConfUtils.java:logGet(44)) - raft.server.log.segment.size.max = 1048576 (custom)
2020-04-28 14:38:37,784 [pool-68-thread-1] INFO  server.RaftServerConfigKeys (ConfUtils.java:logGet(44)) - raft.server.log.preallocated.size = 16384 (custom)
2020-04-28 14:38:37,784 [pool-68-thread-1] INFO  server.RaftServerConfigKeys (ConfUtils.java:logGet(44)) - raft.server.log.write.buffer.size = 1048576 (custom)
2020-04-28 14:38:37,784 [pool-68-thread-1] INFO  server.RaftServerConfigKeys (ConfUtils.java:logGet(44)) - raft.server.log.force.sync.num = 128 (default)
2020-04-28 14:38:37,784 [pool-68-thread-1] INFO  server.RaftServerConfigKeys (ConfUtils.java:logGet(44)) - raft.server.log.statemachine.data.sync = true (default)
2020-04-28 14:38:37,785 [pool-68-thread-1] INFO  server.RaftServerConfigKeys (ConfUtils.java:logGet(44)) - raft.server.log.statemachine.data.sync.timeout = 10s (default)
2020-04-28 14:38:37,785 [pool-68-thread-1] INFO  server.RaftServerConfigKeys (ConfUtils.java:logGet(44)) - raft.server.log.statemachine.data.sync.timeout.retry = -1 (default)
2020-04-28 14:38:37,785 [pool-68-thread-1] INFO  server.RaftServerConfigKeys (ConfUtils.java:logGet(44)) - raft.server.log.statemachine.data.caching.enabled = true (custom)
2020-04-28 14:38:37,786 [pool-68-thread-1] INFO  segmented.SegmentedRaftLogWorker (SegmentedRaftLogWorker.java:lambda$new$0(129)) - 049e6fea-8fea-4434-aaa3-5a2ab300f420@group-19B699229BF9-SegmentedRaftLogWorker: flushIndex: setUnconditionally 0 -> -1
2020-04-28 14:38:37,786 [pool-68-thread-1] INFO  server.RaftServerConfigKeys (ConfUtils.java:logGet(44)) - raft.server.snapshot.auto.trigger.enabled = true (custom)
2020-04-28 14:38:37,786 [pool-68-thread-1] INFO  server.RaftServerConfigKeys (ConfUtils.java:logGet(44)) - raft.server.snapshot.auto.trigger.threshold = 10000 (custom)
2020-04-28 14:38:37,787 [pool-68-thread-1] INFO  server.RaftServerConfigKeys (ConfUtils.java:logGet(44)) - raft.server.snapshot.retention.file.num = 5 (custom)
2020-04-28 14:38:37,787 [pool-68-thread-1] INFO  server.RaftServerConfigKeys (ConfUtils.java:logGet(44)) - raft.server.retrycache.expirytime = 600000ms (custom)
2020-04-28 14:38:37,787 [pool-68-thread-1] INFO  metrics.RatisMetrics (RatisMetrics.java:lambda$create$0(39)) - Creating Metrics Registry : ratis.leader_election.049e6fea-8fea-4434-aaa3-5a2ab300f420@group-19B699229BF9
2020-04-28 14:38:37,787 [pool-68-thread-1] INFO  metrics.RatisMetrics (RatisMetrics.java:lambda$create$0(39)) - Creating Metrics Registry : ratis.server.049e6fea-8fea-4434-aaa3-5a2ab300f420@group-19B699229BF9
2020-04-28 14:38:37,788 [pool-68-thread-1] INFO  impl.RaftServerImpl (RaftServerImpl.java:start(183)) - 049e6fea-8fea-4434-aaa3-5a2ab300f420@group-19B699229BF9: start as a follower, conf=-1: [049e6fea-8fea-4434-aaa3-5a2ab300f420:172.17.0.2:45965], old=null
2020-04-28 14:38:37,788 [pool-68-thread-1] INFO  impl.RaftServerImpl (RaftServerImpl.java:setRole(172)) - 049e6fea-8fea-4434-aaa3-5a2ab300f420@group-19B699229BF9: changes role from      null to FOLLOWER at term 0 for startAsFollower
2020-04-28 14:38:37,788 [pool-68-thread-1] INFO  impl.RoleInfo (RoleInfo.java:updateAndGet(143)) - 049e6fea-8fea-4434-aaa3-5a2ab300f420: start FollowerState
2020-04-28 14:38:37,789 [pool-68-thread-1] INFO  util.JmxRegister (JmxRegister.java:tryRegister(44)) - Successfully registered JMX Bean with object name Ratis:service=RaftServer,group=group-19B699229BF9,id=049e6fea-8fea-4434-aaa3-5a2ab300f420
2020-04-28 14:38:37,789 [pool-68-thread-1] INFO  metrics.RatisMetrics (RatisMetrics.java:lambda$create$0(39)) - Creating Metrics Registry : ratis.state_machine.049e6fea-8fea-4434-aaa3-5a2ab300f420@group-19B699229BF9
2020-04-28 14:38:37,789 [omNode1@group-3464CFB7038B-LeaderElection6] INFO  impl.LeaderElection (LeaderElection.java:logAndReturn(61)) - omNode1@group-3464CFB7038B-LeaderElection6: Election TIMEOUT; received 0 response(s) [] and 0 exception(s); omNode1@group-3464CFB7038B:t1163, leader=null, voted=omNode1, raftlog=omNode1@group-3464CFB7038B-SegmentedRaftLog:OPENED:c-1,f-1,i0, conf=-1: [omNode2:122.0.0.122:9872, omNode1:0.0.0.0:9872], old=null
2020-04-28 14:38:37,794 [Command processor thread] INFO  commandhandler.CreatePipelineCommandHandler (CreatePipelineCommandHandler.java:handle(109)) - Created Pipeline RATIS ONE #id: "4f1d94fe-a7ee-4cc4-ae66-19b699229bf9"
.
2020-04-28 14:38:37,794 [omNode1@group-3464CFB7038B-LeaderElection6] INFO  impl.LeaderElection (LeaderElection.java:askForVotes(206)) - omNode1@group-3464CFB7038B-LeaderElection6: begin an election at term 1164 for -1: [omNode2:122.0.0.122:9872, omNode1:0.0.0.0:9872], old=null
2020-04-28 14:38:37,803 [main] INFO  ozone.MiniOzoneClusterImpl (MiniOzoneClusterImpl.java:lambda$waitForClusterToBeReady$0(177)) - Nodes are ready. Got 3 of 3 DN Heartbeats.
2020-04-28 14:38:37,804 [main] INFO  ozone.MiniOzoneClusterImpl (MiniOzoneClusterImpl.java:lambda$waitForClusterToBeReady$0(180)) - Waiting for cluster to exit safe mode
2020-04-28 14:38:37,827 [omNode1@group-3464CFB7038B-LeaderElection6] INFO  impl.LeaderElection (LeaderElection.java:logAndReturn(61)) - omNode1@group-3464CFB7038B-LeaderElection6: Election TIMEOUT; received 0 response(s) [] and 0 exception(s); omNode1@group-3464CFB7038B:t1164, leader=null, voted=omNode1, raftlog=omNode1@group-3464CFB7038B-SegmentedRaftLog:OPENED:c-1,f-1,i0, conf=-1: [omNode2:122.0.0.122:9872, omNode1:0.0.0.0:9872], old=null
2020-04-28 14:38:37,828 [omNode1@group-3464CFB7038B-LeaderElection6] INFO  impl.LeaderElection (LeaderElection.java:askForVotes(206)) - omNode1@group-3464CFB7038B-LeaderElection6: begin an election at term 1165 for -1: [omNode2:122.0.0.122:9872, omNode1:0.0.0.0:9872], old=null
2020-04-28 14:38:37,950 [omNode1@group-3464CFB7038B-LeaderElection6] INFO  impl.LeaderElection (LeaderElection.java:logAndReturn(61)) - omNode1@group-3464CFB7038B-LeaderElection6: Election TIMEOUT; received 0 response(s) [] and 0 exception(s); omNode1@group-3464CFB7038B:t1165, leader=null, voted=omNode1, raftlog=omNode1@group-3464CFB7038B-SegmentedRaftLog:OPENED:c-1,f-1,i0, conf=-1: [omNode2:122.0.0.122:9872, omNode1:0.0.0.0:9872], old=null
2020-04-28 14:38:37,952 [omNode1@group-3464CFB7038B-LeaderElection6] INFO  impl.LeaderElection (LeaderElection.java:askForVotes(206)) - omNode1@group-3464CFB7038B-LeaderElection6: begin an election at term 1166 for -1: [omNode2:122.0.0.122:9872, omNode1:0.0.0.0:9872], old=null
2020-04-28 14:38:38,007 [omNode1@group-3464CFB7038B-LeaderElection6] INFO  impl.LeaderElection (LeaderElection.java:logAndReturn(61)) - omNode1@group-3464CFB7038B-LeaderElection6: Election TIMEOUT; received 0 response(s) [] and 0 exception(s); omNode1@group-3464CFB7038B:t1166, leader=null, voted=omNode1, raftlog=omNode1@group-3464CFB7038B-SegmentedRaftLog:OPENED:c-1,f-1,i0, conf=-1: [omNode2:122.0.0.122:9872, omNode1:0.0.0.0:9872], old=null
2020-04-28 14:38:38,008 [omNode1@group-3464CFB7038B-LeaderElection6] INFO  impl.LeaderElection (LeaderElection.java:askForVotes(206)) - omNode1@group-3464CFB7038B-LeaderElection6: begin an election at term 1167 for -1: [omNode2:122.0.0.122:9872, omNode1:0.0.0.0:9872], old=null
2020-04-28 14:38:38,099 [omNode1@group-3464CFB7038B-LeaderElection6] INFO  impl.LeaderElection (LeaderElection.java:logAndReturn(61)) - omNode1@group-3464CFB7038B-LeaderElection6: Election TIMEOUT; received 0 response(s) [] and 0 exception(s); omNode1@group-3464CFB7038B:t1167, leader=null, voted=omNode1, raftlog=omNode1@group-3464CFB7038B-SegmentedRaftLog:OPENED:c-1,f-1,i0, conf=-1: [omNode2:122.0.0.122:9872, omNode1:0.0.0.0:9872], old=null
2020-04-28 14:38:38,101 [omNode1@group-3464CFB7038B-LeaderElection6] INFO  impl.LeaderElection (LeaderElection.java:askForVotes(206)) - omNode1@group-3464CFB7038B-LeaderElection6: begin an election at term 1168 for -1: [omNode2:122.0.0.122:9872, omNode1:0.0.0.0:9872], old=null
2020-04-28 14:38:38,133 [omNode1@group-3464CFB7038B-LeaderElection6] INFO  impl.LeaderElection (LeaderElection.java:logAndReturn(61)) - omNode1@group-3464CFB7038B-LeaderElection6: Election TIMEOUT; received 0 response(s) [] and 0 exception(s); omNode1@group-3464CFB7038B:t1168, leader=null, voted=omNode1, raftlog=omNode1@group-3464CFB7038B-SegmentedRaftLog:OPENED:c-1,f-1,i0, conf=-1: [omNode2:122.0.0.122:9872, omNode1:0.0.0.0:9872], old=null
2020-04-28 14:38:38,135 [omNode1@group-3464CFB7038B-LeaderElection6] INFO  impl.LeaderElection (LeaderElection.java:askForVotes(206)) - omNode1@group-3464CFB7038B-LeaderElection6: begin an election at term 1169 for -1: [omNode2:122.0.0.122:9872, omNode1:0.0.0.0:9872], old=null
2020-04-28 14:38:38,182 [omNode1@group-3464CFB7038B-LeaderElection6] INFO  impl.LeaderElection (LeaderElection.java:logAndReturn(61)) - omNode1@group-3464CFB7038B-LeaderElection6: Election TIMEOUT; received 0 response(s) [] and 0 exception(s); omNode1@group-3464CFB7038B:t1169, leader=null, voted=omNode1, raftlog=omNode1@group-3464CFB7038B-SegmentedRaftLog:OPENED:c-1,f-1,i0, conf=-1: [omNode2:122.0.0.122:9872, omNode1:0.0.0.0:9872], old=null
2020-04-28 14:38:38,184 [omNode1@group-3464CFB7038B-LeaderElection6] INFO  impl.LeaderElection (LeaderElection.java:askForVotes(206)) - omNode1@group-3464CFB7038B-LeaderElection6: begin an election at term 1170 for -1: [omNode2:122.0.0.122:9872, omNode1:0.0.0.0:9872], old=null
2020-04-28 14:38:38,192 [omNode1@group-3464CFB7038B-LeaderElection6] INFO  impl.LeaderElection (LeaderElection.java:logAndReturn(61)) - omNode1@group-3464CFB7038B-LeaderElection6: Election TIMEOUT; received 0 response(s) [] and 0 exception(s); omNode1@group-3464CFB7038B:t1170, leader=null, voted=omNode1, raftlog=omNode1@group-3464CFB7038B-SegmentedRaftLog:OPENED:c-1,f-1,i0, conf=-1: [omNode2:122.0.0.122:9872, omNode1:0.0.0.0:9872], old=null
2020-04-28 14:38:38,194 [omNode1@group-3464CFB7038B-LeaderElection6] INFO  impl.LeaderElection (LeaderElection.java:askForVotes(206)) - omNode1@group-3464CFB7038B-LeaderElection6: begin an election at term 1171 for -1: [omNode2:122.0.0.122:9872, omNode1:0.0.0.0:9872], old=null
2020-04-28 14:38:38,304 [omNode1@group-3464CFB7038B-LeaderElection6] INFO  impl.LeaderElection (LeaderElection.java:logAndReturn(61)) - omNode1@group-3464CFB7038B-LeaderElection6: Election TIMEOUT; received 0 response(s) [] and 0 exception(s); omNode1@group-3464CFB7038B:t1171, leader=null, voted=omNode1, raftlog=omNode1@group-3464CFB7038B-SegmentedRaftLog:OPENED:c-1,f-1,i0, conf=-1: [omNode2:122.0.0.122:9872, omNode1:0.0.0.0:9872], old=null
2020-04-28 14:38:38,306 [omNode1@group-3464CFB7038B-LeaderElection6] INFO  impl.LeaderElection (LeaderElection.java:askForVotes(206)) - omNode1@group-3464CFB7038B-LeaderElection6: begin an election at term 1172 for -1: [omNode2:122.0.0.122:9872, omNode1:0.0.0.0:9872], old=null
2020-04-28 14:38:38,364 [omNode1@group-3464CFB7038B-LeaderElection6] INFO  impl.LeaderElection (LeaderElection.java:logAndReturn(61)) - omNode1@group-3464CFB7038B-LeaderElection6: Election TIMEOUT; received 0 response(s) [] and 0 exception(s); omNode1@group-3464CFB7038B:t1172, leader=null, voted=omNode1, raftlog=omNode1@group-3464CFB7038B-SegmentedRaftLog:OPENED:c-1,f-1,i0, conf=-1: [omNode2:122.0.0.122:9872, omNode1:0.0.0.0:9872], old=null
2020-04-28 14:38:38,366 [omNode1@group-3464CFB7038B-LeaderElection6] INFO  impl.LeaderElection (LeaderElection.java:askForVotes(206)) - omNode1@group-3464CFB7038B-LeaderElection6: begin an election at term 1173 for -1: [omNode2:122.0.0.122:9872, omNode1:0.0.0.0:9872], old=null
2020-04-28 14:38:38,515 [omNode1@group-3464CFB7038B-LeaderElection6] INFO  impl.LeaderElection (LeaderElection.java:logAndReturn(61)) - omNode1@group-3464CFB7038B-LeaderElection6: Election TIMEOUT; received 0 response(s) [] and 0 exception(s); omNode1@group-3464CFB7038B:t1173, leader=null, voted=omNode1, raftlog=omNode1@group-3464CFB7038B-SegmentedRaftLog:OPENED:c-1,f-1,i0, conf=-1: [omNode2:122.0.0.122:9872, omNode1:0.0.0.0:9872], old=null
2020-04-28 14:38:38,517 [omNode1@group-3464CFB7038B-LeaderElection6] INFO  impl.LeaderElection (LeaderElection.java:askForVotes(206)) - omNode1@group-3464CFB7038B-LeaderElection6: begin an election at term 1174 for -1: [omNode2:122.0.0.122:9872, omNode1:0.0.0.0:9872], old=null
2020-04-28 14:38:38,637 [omNode1@group-3464CFB7038B-LeaderElection6] INFO  impl.LeaderElection (LeaderElection.java:logAndReturn(61)) - omNode1@group-3464CFB7038B-LeaderElection6: Election TIMEOUT; received 0 response(s) [] and 0 exception(s); omNode1@group-3464CFB7038B:t1174, leader=null, voted=omNode1, raftlog=omNode1@group-3464CFB7038B-SegmentedRaftLog:OPENED:c-1,f-1,i0, conf=-1: [omNode2:122.0.0.122:9872, omNode1:0.0.0.0:9872], old=null
2020-04-28 14:38:38,639 [omNode1@group-3464CFB7038B-LeaderElection6] INFO  impl.LeaderElection (LeaderElection.java:askForVotes(206)) - omNode1@group-3464CFB7038B-LeaderElection6: begin an election at term 1175 for -1: [omNode2:122.0.0.122:9872, omNode1:0.0.0.0:9872], old=null
2020-04-28 14:38:38,649 [omNode1@group-3464CFB7038B-LeaderElection6] INFO  impl.LeaderElection (LeaderElection.java:logAndReturn(61)) - omNode1@group-3464CFB7038B-LeaderElection6: Election TIMEOUT; received 0 response(s) [] and 0 exception(s); omNode1@group-3464CFB7038B:t1175, leader=null, voted=omNode1, raftlog=omNode1@group-3464CFB7038B-SegmentedRaftLog:OPENED:c-1,f-1,i0, conf=-1: [omNode2:122.0.0.122:9872, omNode1:0.0.0.0:9872], old=null
2020-04-28 14:38:38,650 [omNode1@group-3464CFB7038B-LeaderElection6] INFO  impl.LeaderElection (LeaderElection.java:askForVotes(206)) - omNode1@group-3464CFB7038B-LeaderElection6: begin an election at term 1176 for -1: [omNode2:122.0.0.122:9872, omNode1:0.0.0.0:9872], old=null
2020-04-28 14:38:38,804 [main] INFO  ozone.MiniOzoneClusterImpl (MiniOzoneClusterImpl.java:lambda$waitForClusterToBeReady$0(177)) - Nodes are ready. Got 3 of 3 DN Heartbeats.
2020-04-28 14:38:38,804 [main] INFO  ozone.MiniOzoneClusterImpl (MiniOzoneClusterImpl.java:lambda$waitForClusterToBeReady$0(180)) - Waiting for cluster to exit safe mode
2020-04-28 14:38:38,840 [omNode1@group-3464CFB7038B-LeaderElection6] INFO  impl.LeaderElection (LeaderElection.java:logAndReturn(61)) - omNode1@group-3464CFB7038B-LeaderElection6: Election TIMEOUT; received 0 response(s) [] and 0 exception(s); omNode1@group-3464CFB7038B:t1176, leader=null, voted=omNode1, raftlog=omNode1@group-3464CFB7038B-SegmentedRaftLog:OPENED:c-1,f-1,i0, conf=-1: [omNode2:122.0.0.122:9872, omNode1:0.0.0.0:9872], old=null
2020-04-28 14:38:38,841 [omNode1@group-3464CFB7038B-LeaderElection6] INFO  impl.LeaderElection (LeaderElection.java:askForVotes(206)) - omNode1@group-3464CFB7038B-LeaderElection6: begin an election at term 1177 for -1: [omNode2:122.0.0.122:9872, omNode1:0.0.0.0:9872], old=null
2020-04-28 14:38:38,939 [omNode1@group-3464CFB7038B-LeaderElection6] INFO  impl.LeaderElection (LeaderElection.java:logAndReturn(61)) - omNode1@group-3464CFB7038B-LeaderElection6: Election TIMEOUT; received 0 response(s) [] and 0 exception(s); omNode1@group-3464CFB7038B:t1177, leader=null, voted=omNode1, raftlog=omNode1@group-3464CFB7038B-SegmentedRaftLog:OPENED:c-1,f-1,i0, conf=-1: [omNode2:122.0.0.122:9872, omNode1:0.0.0.0:9872], old=null
2020-04-28 14:38:38,940 [omNode1@group-3464CFB7038B-LeaderElection6] INFO  impl.LeaderElection (LeaderElection.java:askForVotes(206)) - omNode1@group-3464CFB7038B-LeaderElection6: begin an election at term 1178 for -1: [omNode2:122.0.0.122:9872, omNode1:0.0.0.0:9872], old=null
2020-04-28 14:38:39,035 [omNode1@group-3464CFB7038B-LeaderElection6] INFO  impl.LeaderElection (LeaderElection.java:logAndReturn(61)) - omNode1@group-3464CFB7038B-LeaderElection6: Election TIMEOUT; received 0 response(s) [] and 0 exception(s); omNode1@group-3464CFB7038B:t1178, leader=null, voted=omNode1, raftlog=omNode1@group-3464CFB7038B-SegmentedRaftLog:OPENED:c-1,f-1,i0, conf=-1: [omNode2:122.0.0.122:9872, omNode1:0.0.0.0:9872], old=null
2020-04-28 14:38:39,037 [omNode1@group-3464CFB7038B-LeaderElection6] INFO  impl.LeaderElection (LeaderElection.java:askForVotes(206)) - omNode1@group-3464CFB7038B-LeaderElection6: begin an election at term 1179 for -1: [omNode2:122.0.0.122:9872, omNode1:0.0.0.0:9872], old=null
2020-04-28 14:38:39,084 [omNode1@group-3464CFB7038B-LeaderElection6] INFO  impl.LeaderElection (LeaderElection.java:logAndReturn(61)) - omNode1@group-3464CFB7038B-LeaderElection6: Election TIMEOUT; received 0 response(s) [] and 0 exception(s); omNode1@group-3464CFB7038B:t1179, leader=null, voted=omNode1, raftlog=omNode1@group-3464CFB7038B-SegmentedRaftLog:OPENED:c-1,f-1,i0, conf=-1: [omNode2:122.0.0.122:9872, omNode1:0.0.0.0:9872], old=null
2020-04-28 14:38:39,085 [omNode1@group-3464CFB7038B-LeaderElection6] INFO  impl.LeaderElection (LeaderElection.java:askForVotes(206)) - omNode1@group-3464CFB7038B-LeaderElection6: begin an election at term 1180 for -1: [omNode2:122.0.0.122:9872, omNode1:0.0.0.0:9872], old=null
2020-04-28 14:38:39,191 [omNode1@group-3464CFB7038B-LeaderElection6] INFO  impl.LeaderElection (LeaderElection.java:logAndReturn(61)) - omNode1@group-3464CFB7038B-LeaderElection6: Election TIMEOUT; received 0 response(s) [] and 0 exception(s); omNode1@group-3464CFB7038B:t1180, leader=null, voted=omNode1, raftlog=omNode1@group-3464CFB7038B-SegmentedRaftLog:OPENED:c-1,f-1,i0, conf=-1: [omNode2:122.0.0.122:9872, omNode1:0.0.0.0:9872], old=null
2020-04-28 14:38:39,193 [omNode1@group-3464CFB7038B-LeaderElection6] INFO  impl.LeaderElection (LeaderElection.java:askForVotes(206)) - omNode1@group-3464CFB7038B-LeaderElection6: begin an election at term 1181 for -1: [omNode2:122.0.0.122:9872, omNode1:0.0.0.0:9872], old=null
2020-04-28 14:38:39,263 [omNode1@group-3464CFB7038B-LeaderElection6] INFO  impl.LeaderElection (LeaderElection.java:logAndReturn(61)) - omNode1@group-3464CFB7038B-LeaderElection6: Election TIMEOUT; received 0 response(s) [] and 0 exception(s); omNode1@group-3464CFB7038B:t1181, leader=null, voted=omNode1, raftlog=omNode1@group-3464CFB7038B-SegmentedRaftLog:OPENED:c-1,f-1,i0, conf=-1: [omNode2:122.0.0.122:9872, omNode1:0.0.0.0:9872], old=null
2020-04-28 14:38:39,265 [omNode1@group-3464CFB7038B-LeaderElection6] INFO  impl.LeaderElection (LeaderElection.java:askForVotes(206)) - omNode1@group-3464CFB7038B-LeaderElection6: begin an election at term 1182 for -1: [omNode2:122.0.0.122:9872, omNode1:0.0.0.0:9872], old=null
2020-04-28 14:38:39,462 [omNode1@group-3464CFB7038B-LeaderElection6] INFO  impl.LeaderElection (LeaderElection.java:logAndReturn(61)) - omNode1@group-3464CFB7038B-LeaderElection6: Election TIMEOUT; received 0 response(s) [] and 0 exception(s); omNode1@group-3464CFB7038B:t1182, leader=null, voted=omNode1, raftlog=omNode1@group-3464CFB7038B-SegmentedRaftLog:OPENED:c-1,f-1,i0, conf=-1: [omNode2:122.0.0.122:9872, omNode1:0.0.0.0:9872], old=null
2020-04-28 14:38:39,463 [omNode1@group-3464CFB7038B-LeaderElection6] INFO  impl.LeaderElection (LeaderElection.java:askForVotes(206)) - omNode1@group-3464CFB7038B-LeaderElection6: begin an election at term 1183 for -1: [omNode2:122.0.0.122:9872, omNode1:0.0.0.0:9872], old=null
2020-04-28 14:38:39,463 [omNode1@group-3464CFB7038B-LeaderElection6] INFO  impl.LeaderElection (LeaderElection.java:logAndReturn(61)) - omNode1@group-3464CFB7038B-LeaderElection6: Election TIMEOUT; received 0 response(s) [] and 0 exception(s); omNode1@group-3464CFB7038B:t1183, leader=null, voted=omNode1, raftlog=omNode1@group-3464CFB7038B-SegmentedRaftLog:OPENED:c-1,f-1,i0, conf=-1: [omNode2:122.0.0.122:9872, omNode1:0.0.0.0:9872], old=null
2020-04-28 14:38:39,464 [omNode1@group-3464CFB7038B-LeaderElection6] INFO  impl.LeaderElection (LeaderElection.java:askForVotes(206)) - omNode1@group-3464CFB7038B-LeaderElection6: begin an election at term 1184 for -1: [omNode2:122.0.0.122:9872, omNode1:0.0.0.0:9872], old=null
2020-04-28 14:38:39,500 [omNode1@group-3464CFB7038B-LeaderElection6] INFO  impl.LeaderElection (LeaderElection.java:logAndReturn(61)) - omNode1@group-3464CFB7038B-LeaderElection6: Election TIMEOUT; received 0 response(s) [] and 0 exception(s); omNode1@group-3464CFB7038B:t1184, leader=null, voted=omNode1, raftlog=omNode1@group-3464CFB7038B-SegmentedRaftLog:OPENED:c-1,f-1,i0, conf=-1: [omNode2:122.0.0.122:9872, omNode1:0.0.0.0:9872], old=null
2020-04-28 14:38:39,501 [omNode1@group-3464CFB7038B-LeaderElection6] INFO  impl.LeaderElection (LeaderElection.java:askForVotes(206)) - omNode1@group-3464CFB7038B-LeaderElection6: begin an election at term 1185 for -1: [omNode2:122.0.0.122:9872, omNode1:0.0.0.0:9872], old=null
2020-04-28 14:38:39,617 [omNode1@group-3464CFB7038B-LeaderElection6] INFO  impl.LeaderElection (LeaderElection.java:logAndReturn(61)) - omNode1@group-3464CFB7038B-LeaderElection6: Election TIMEOUT; received 0 response(s) [] and 0 exception(s); omNode1@group-3464CFB7038B:t1185, leader=null, voted=omNode1, raftlog=omNode1@group-3464CFB7038B-SegmentedRaftLog:OPENED:c-1,f-1,i0, conf=-1: [omNode2:122.0.0.122:9872, omNode1:0.0.0.0:9872], old=null
2020-04-28 14:38:39,618 [omNode1@group-3464CFB7038B-LeaderElection6] INFO  impl.LeaderElection (LeaderElection.java:askForVotes(206)) - omNode1@group-3464CFB7038B-LeaderElection6: begin an election at term 1186 for -1: [omNode2:122.0.0.122:9872, omNode1:0.0.0.0:9872], old=null
2020-04-28 14:38:39,788 [omNode1@group-3464CFB7038B-LeaderElection6] INFO  impl.LeaderElection (LeaderElection.java:logAndReturn(61)) - omNode1@group-3464CFB7038B-LeaderElection6: Election TIMEOUT; received 0 response(s) [] and 0 exception(s); omNode1@group-3464CFB7038B:t1186, leader=null, voted=omNode1, raftlog=omNode1@group-3464CFB7038B-SegmentedRaftLog:OPENED:c-1,f-1,i0, conf=-1: [omNode2:122.0.0.122:9872, omNode1:0.0.0.0:9872], old=null
2020-04-28 14:38:39,789 [omNode1@group-3464CFB7038B-LeaderElection6] INFO  impl.LeaderElection (LeaderElection.java:askForVotes(206)) - omNode1@group-3464CFB7038B-LeaderElection6: begin an election at term 1187 for -1: [omNode2:122.0.0.122:9872, omNode1:0.0.0.0:9872], old=null
2020-04-28 14:38:39,800 [omNode1@group-3464CFB7038B-LeaderElection6] INFO  impl.LeaderElection (LeaderElection.java:logAndReturn(61)) - omNode1@group-3464CFB7038B-LeaderElection6: Election TIMEOUT; received 0 response(s) [] and 0 exception(s); omNode1@group-3464CFB7038B:t1187, leader=null, voted=omNode1, raftlog=omNode1@group-3464CFB7038B-SegmentedRaftLog:OPENED:c-1,f-1,i0, conf=-1: [omNode2:122.0.0.122:9872, omNode1:0.0.0.0:9872], old=null
2020-04-28 14:38:39,802 [omNode1@group-3464CFB7038B-LeaderElection6] INFO  impl.LeaderElection (LeaderElection.java:askForVotes(206)) - omNode1@group-3464CFB7038B-LeaderElection6: begin an election at term 1188 for -1: [omNode2:122.0.0.122:9872, omNode1:0.0.0.0:9872], old=null
2020-04-28 14:38:39,804 [main] INFO  ozone.MiniOzoneClusterImpl (MiniOzoneClusterImpl.java:lambda$waitForClusterToBeReady$0(177)) - Nodes are ready. Got 3 of 3 DN Heartbeats.
2020-04-28 14:38:39,805 [main] INFO  ozone.MiniOzoneClusterImpl (MiniOzoneClusterImpl.java:lambda$waitForClusterToBeReady$0(180)) - Waiting for cluster to exit safe mode
2020-04-28 14:38:39,891 [omNode1@group-3464CFB7038B-LeaderElection6] INFO  impl.LeaderElection (LeaderElection.java:logAndReturn(61)) - omNode1@group-3464CFB7038B-LeaderElection6: Election TIMEOUT; received 0 response(s) [] and 0 exception(s); omNode1@group-3464CFB7038B:t1188, leader=null, voted=omNode1, raftlog=omNode1@group-3464CFB7038B-SegmentedRaftLog:OPENED:c-1,f-1,i0, conf=-1: [omNode2:122.0.0.122:9872, omNode1:0.0.0.0:9872], old=null
2020-04-28 14:38:39,892 [omNode1@group-3464CFB7038B-LeaderElection6] INFO  impl.LeaderElection (LeaderElection.java:askForVotes(206)) - omNode1@group-3464CFB7038B-LeaderElection6: begin an election at term 1189 for -1: [omNode2:122.0.0.122:9872, omNode1:0.0.0.0:9872], old=null
2020-04-28 14:38:40,036 [omNode1@group-3464CFB7038B-LeaderElection6] INFO  impl.LeaderElection (LeaderElection.java:logAndReturn(61)) - omNode1@group-3464CFB7038B-LeaderElection6: Election TIMEOUT; received 0 response(s) [] and 0 exception(s); omNode1@group-3464CFB7038B:t1189, leader=null, voted=omNode1, raftlog=omNode1@group-3464CFB7038B-SegmentedRaftLog:OPENED:c-1,f-1,i0, conf=-1: [omNode2:122.0.0.122:9872, omNode1:0.0.0.0:9872], old=null
2020-04-28 14:38:40,037 [omNode1@group-3464CFB7038B-LeaderElection6] INFO  impl.LeaderElection (LeaderElection.java:askForVotes(206)) - omNode1@group-3464CFB7038B-LeaderElection6: begin an election at term 1190 for -1: [omNode2:122.0.0.122:9872, omNode1:0.0.0.0:9872], old=null
2020-04-28 14:38:40,163 [omNode1@group-3464CFB7038B-LeaderElection6] INFO  impl.LeaderElection (LeaderElection.java:logAndReturn(61)) - omNode1@group-3464CFB7038B-LeaderElection6: Election TIMEOUT; received 0 response(s) [] and 0 exception(s); omNode1@group-3464CFB7038B:t1190, leader=null, voted=omNode1, raftlog=omNode1@group-3464CFB7038B-SegmentedRaftLog:OPENED:c-1,f-1,i0, conf=-1: [omNode2:122.0.0.122:9872, omNode1:0.0.0.0:9872], old=null
2020-04-28 14:38:40,164 [omNode1@group-3464CFB7038B-LeaderElection6] INFO  impl.LeaderElection (LeaderElection.java:askForVotes(206)) - omNode1@group-3464CFB7038B-LeaderElection6: begin an election at term 1191 for -1: [omNode2:122.0.0.122:9872, omNode1:0.0.0.0:9872], old=null
2020-04-28 14:38:40,318 [omNode1@group-3464CFB7038B-LeaderElection6] INFO  impl.LeaderElection (LogUtils.java:infoOrTrace(137)) - omNode1@group-3464CFB7038B-LeaderElection6 got exception when requesting votes: java.util.concurrent.ExecutionException: org.apache.ratis.thirdparty.io.grpc.StatusRuntimeException: UNAVAILABLE: io exception
2020-04-28 14:38:40,318 [omNode1@group-3464CFB7038B-LeaderElection6] INFO  impl.LeaderElection (LeaderElection.java:logAndReturn(61)) - omNode1@group-3464CFB7038B-LeaderElection6: Election REJECTED; received 0 response(s) [] and 1 exception(s); omNode1@group-3464CFB7038B:t1191, leader=null, voted=omNode1, raftlog=omNode1@group-3464CFB7038B-SegmentedRaftLog:OPENED:c-1,f-1,i0, conf=-1: [omNode2:122.0.0.122:9872, omNode1:0.0.0.0:9872], old=null
2020-04-28 14:38:40,318 [omNode1@group-3464CFB7038B-LeaderElection6] INFO  impl.LeaderElection (LogUtils.java:infoOrTrace(137)) -   Exception 0: java.util.concurrent.ExecutionException: org.apache.ratis.thirdparty.io.grpc.StatusRuntimeException: UNAVAILABLE: io exception
2020-04-28 14:38:40,318 [omNode1@group-3464CFB7038B-LeaderElection6] INFO  impl.RaftServerImpl (RaftServerImpl.java:setRole(172)) - omNode1@group-3464CFB7038B: changes role from CANDIDATE to FOLLOWER at term 1191 for DISCOVERED_A_NEW_TERM
2020-04-28 14:38:40,318 [omNode1@group-3464CFB7038B-LeaderElection6] INFO  impl.RoleInfo (RoleInfo.java:shutdownLeaderElection(134)) - omNode1: shutdown LeaderElection
2020-04-28 14:38:40,318 [omNode1@group-3464CFB7038B-LeaderElection6] INFO  impl.RoleInfo (RoleInfo.java:updateAndGet(143)) - omNode1: start FollowerState
2020-04-28 14:38:40,499 [Thread-1405] INFO  impl.FollowerState (FollowerState.java:run(108)) - omNode1@group-3464CFB7038B-FollowerState: change to CANDIDATE, lastRpcTime:180ms, electionTimeout:180ms
2020-04-28 14:38:40,499 [Thread-1405] INFO  impl.RoleInfo (RoleInfo.java:shutdownFollowerState(121)) - omNode1: shutdown FollowerState
2020-04-28 14:38:40,499 [Thread-1405] INFO  impl.RaftServerImpl (RaftServerImpl.java:setRole(172)) - omNode1@group-3464CFB7038B: changes role from  FOLLOWER to CANDIDATE at term 1191 for changeToCandidate
2020-04-28 14:38:40,499 [Thread-1405] INFO  impl.RoleInfo (RoleInfo.java:updateAndGet(143)) - omNode1: start LeaderElection
2020-04-28 14:38:40,502 [omNode1@group-3464CFB7038B-LeaderElection7] INFO  impl.LeaderElection (LeaderElection.java:askForVotes(206)) - omNode1@group-3464CFB7038B-LeaderElection7: begin an election at term 1192 for -1: [omNode2:122.0.0.122:9872, omNode1:0.0.0.0:9872], old=null
2020-04-28 14:38:40,620 [omNode1@group-3464CFB7038B-LeaderElection7] INFO  impl.LeaderElection (LeaderElection.java:logAndReturn(61)) - omNode1@group-3464CFB7038B-LeaderElection7: Election TIMEOUT; received 0 response(s) [] and 0 exception(s); omNode1@group-3464CFB7038B:t1192, leader=null, voted=omNode1, raftlog=omNode1@group-3464CFB7038B-SegmentedRaftLog:OPENED:c-1,f-1,i0, conf=-1: [omNode2:122.0.0.122:9872, omNode1:0.0.0.0:9872], old=null
2020-04-28 14:38:40,622 [omNode1@group-3464CFB7038B-LeaderElection7] INFO  impl.LeaderElection (LeaderElection.java:askForVotes(206)) - omNode1@group-3464CFB7038B-LeaderElection7: begin an election at term 1193 for -1: [omNode2:122.0.0.122:9872, omNode1:0.0.0.0:9872], old=null
2020-04-28 14:38:40,773 [omNode1@group-3464CFB7038B-LeaderElection7] INFO  impl.LeaderElection (LeaderElection.java:logAndReturn(61)) - omNode1@group-3464CFB7038B-LeaderElection7: Election TIMEOUT; received 0 response(s) [] and 0 exception(s); omNode1@group-3464CFB7038B:t1193, leader=null, voted=omNode1, raftlog=omNode1@group-3464CFB7038B-SegmentedRaftLog:OPENED:c-1,f-1,i0, conf=-1: [omNode2:122.0.0.122:9872, omNode1:0.0.0.0:9872], old=null
2020-04-28 14:38:40,775 [omNode1@group-3464CFB7038B-LeaderElection7] INFO  impl.LeaderElection (LeaderElection.java:askForVotes(206)) - omNode1@group-3464CFB7038B-LeaderElection7: begin an election at term 1194 for -1: [omNode2:122.0.0.122:9872, omNode1:0.0.0.0:9872], old=null
2020-04-28 14:38:40,805 [main] INFO  ozone.MiniOzoneClusterImpl (MiniOzoneClusterImpl.java:lambda$waitForClusterToBeReady$0(177)) - Nodes are ready. Got 3 of 3 DN Heartbeats.
2020-04-28 14:38:40,805 [main] INFO  ozone.MiniOzoneClusterImpl (MiniOzoneClusterImpl.java:lambda$waitForClusterToBeReady$0(180)) - Waiting for cluster to exit safe mode
2020-04-28 14:38:40,836 [main] INFO  ozone.MiniOzoneClusterImpl (MiniOzoneClusterImpl.java:shutdown(387)) - Shutting down the Mini Ozone Cluster
2020-04-28 14:38:40,837 [main] INFO  ozone.MiniOzoneClusterImpl (MiniOzoneClusterImpl.java:stop(402)) - Stopping the Mini Ozone Cluster
2020-04-28 14:38:40,837 [main] INFO  ozone.MiniOzoneClusterImpl (MiniOzoneClusterImpl.java:stopOM(484)) - Stopping the OzoneManager
2020-04-28 14:38:40,837 [main] INFO  ipc.Server (Server.java:stop(3082)) - Stopping server on 9862
2020-04-28 14:38:40,838 [IPC Server listener on 9862] INFO  ipc.Server (Server.java:run(1185)) - Stopping IPC Server listener on 9862
2020-04-28 14:38:40,840 [IPC Server Responder] INFO  ipc.Server (Server.java:run(1319)) - Stopping IPC Server Responder
2020-04-28 14:38:40,841 [main] INFO  impl.RaftServerProxy (RaftServerProxy.java:lambda$close$4(314)) - omNode1: close
2020-04-28 14:38:40,842 [main] INFO  impl.RaftServerImpl (RaftServerImpl.java:lambda$shutdown$3(249)) - omNode1@group-3464CFB7038B: shutdown
2020-04-28 14:38:40,842 [main] INFO  util.JmxRegister (JmxRegister.java:unregister(73)) - Successfully un-registered JMX Bean with object name Ratis:service=RaftServer,group=group-3464CFB7038B,id=omNode1
2020-04-28 14:38:40,843 [main] INFO  impl.RoleInfo (RoleInfo.java:shutdownLeaderElection(134)) - omNode1: shutdown LeaderElection
2020-04-28 14:38:40,843 [main] INFO  impl.StateMachineUpdater (StateMachineUpdater.java:stopAndJoin(139)) - omNode1@group-3464CFB7038B-StateMachineUpdater: set stopIndex = -1
2020-04-28 14:38:40,843 [omNode1@group-3464CFB7038B-StateMachineUpdater] INFO  metrics.RatisMetrics (RatisMetrics.java:unregister(46)) - Unregistering Metrics Registry : ratis.state_machine.omNode1@group-3464CFB7038B
2020-04-28 14:38:40,844 [main] INFO  impl.RaftServerImpl (ServerState.java:close(387)) - omNode1@group-3464CFB7038B: closes. applyIndex: -1
2020-04-28 14:38:40,845 [omNode1@group-3464CFB7038B-SegmentedRaftLogWorker] INFO  segmented.SegmentedRaftLogWorker (SegmentedRaftLogWorker.java:run(321)) - omNode1@group-3464CFB7038B-SegmentedRaftLogWorker was interrupted, exiting. There are 0 tasks remaining in the queue.
2020-04-28 14:38:40,845 [main] INFO  segmented.SegmentedRaftLogWorker (SegmentedRaftLogWorker.java:close(229)) - omNode1@group-3464CFB7038B-SegmentedRaftLogWorker close()
2020-04-28 14:38:40,846 [main] INFO  metrics.RatisMetrics (RatisMetrics.java:unregister(46)) - Unregistering Metrics Registry : ratis.log_worker.omNode1
2020-04-28 14:38:40,846 [main] INFO  metrics.RatisMetrics (RatisMetrics.java:unregister(46)) - Unregistering Metrics Registry : ratis.leader_election.omNode1@group-3464CFB7038B
2020-04-28 14:38:40,846 [main] INFO  metrics.RatisMetrics (RatisMetrics.java:unregister(46)) - Unregistering Metrics Registry : ratis.server.omNode1@group-3464CFB7038B
2020-04-28 14:38:40,847 [main] INFO  server.GrpcService (GrpcService.java:closeImpl(165)) - omNode1: shutdown server with port 9872 now
2020-04-28 14:38:40,911 [omNode1@group-3464CFB7038B-LeaderElection7] INFO  impl.LeaderElection (LeaderElection.java:logAndReturn(61)) - omNode1@group-3464CFB7038B-LeaderElection7: Election REJECTED; received 0 response(s) [] and 0 exception(s); omNode1@group-3464CFB7038B:t1194, leader=null, voted=omNode1, raftlog=omNode1@group-3464CFB7038B-SegmentedRaftLog:CLOSED:c-1, conf=-1: [omNode2:122.0.0.122:9872, omNode1:0.0.0.0:9872], old=null
2020-04-28 14:38:41,896 [Thread-1357] INFO  impl.FollowerState (FollowerState.java:run(108)) - b49cd372-011e-4c73-9cd9-f6b19e929270@group-5C396212DADF-FollowerState: change to CANDIDATE, lastRpcTime:5038ms, electionTimeout:5032ms
2020-04-28 14:38:41,896 [Thread-1357] INFO  impl.RoleInfo (RoleInfo.java:shutdownFollowerState(121)) - b49cd372-011e-4c73-9cd9-f6b19e929270: shutdown FollowerState
2020-04-28 14:38:41,897 [Thread-1357] INFO  impl.RaftServerImpl (RaftServerImpl.java:setRole(172)) - b49cd372-011e-4c73-9cd9-f6b19e929270@group-5C396212DADF: changes role from  FOLLOWER to CANDIDATE at term 0 for changeToCandidate
2020-04-28 14:38:41,897 [Thread-1357] INFO  impl.RoleInfo (RoleInfo.java:updateAndGet(143)) - b49cd372-011e-4c73-9cd9-f6b19e929270: start LeaderElection
2020-04-28 14:38:41,899 [b49cd372-011e-4c73-9cd9-f6b19e929270@group-5C396212DADF-LeaderElection8] INFO  impl.LeaderElection (LeaderElection.java:askForVotes(206)) - b49cd372-011e-4c73-9cd9-f6b19e929270@group-5C396212DADF-LeaderElection8: begin an election at term 1 for -1: [049e6fea-8fea-4434-aaa3-5a2ab300f420:172.17.0.2:45965, b49cd372-011e-4c73-9cd9-f6b19e929270:172.17.0.2:39859, f48396e8-f861-4ea7-9d9a-a0d4272beba6:172.17.0.2:34957], old=null
2020-04-28 14:38:41,923 [grpc-default-executor-0] INFO  impl.RaftServerImpl (RaftServerImpl.java:setRole(172)) - f48396e8-f861-4ea7-9d9a-a0d4272beba6@group-5C396212DADF: changes role from  FOLLOWER to FOLLOWER at term 1 for recognizeCandidate:b49cd372-011e-4c73-9cd9-f6b19e929270
2020-04-28 14:38:41,923 [grpc-default-executor-0] INFO  impl.RoleInfo (RoleInfo.java:shutdownFollowerState(121)) - f48396e8-f861-4ea7-9d9a-a0d4272beba6: shutdown FollowerState
2020-04-28 14:38:41,923 [grpc-default-executor-0] INFO  impl.RoleInfo (RoleInfo.java:updateAndGet(143)) - f48396e8-f861-4ea7-9d9a-a0d4272beba6: start FollowerState
2020-04-28 14:38:41,923 [Thread-1365] INFO  impl.FollowerState (FollowerState.java:run(117)) - f48396e8-f861-4ea7-9d9a-a0d4272beba6@group-5C396212DADF-FollowerState was interrupted: java.lang.InterruptedException: sleep interrupted
2020-04-28 14:38:41,945 [grpc-default-executor-1] INFO  impl.RaftServerImpl (RaftServerImpl.java:setRole(172)) - 049e6fea-8fea-4434-aaa3-5a2ab300f420@group-5C396212DADF: changes role from  FOLLOWER to FOLLOWER at term 1 for recognizeCandidate:b49cd372-011e-4c73-9cd9-f6b19e929270
2020-04-28 14:38:41,945 [grpc-default-executor-1] INFO  impl.RoleInfo (RoleInfo.java:shutdownFollowerState(121)) - 049e6fea-8fea-4434-aaa3-5a2ab300f420: shutdown FollowerState
2020-04-28 14:38:41,945 [Thread-1361] INFO  impl.FollowerState (FollowerState.java:run(117)) - 049e6fea-8fea-4434-aaa3-5a2ab300f420@group-5C396212DADF-FollowerState was interrupted: java.lang.InterruptedException: sleep interrupted
2020-04-28 14:38:41,947 [grpc-default-executor-1] INFO  impl.RoleInfo (RoleInfo.java:updateAndGet(143)) - 049e6fea-8fea-4434-aaa3-5a2ab300f420: start FollowerState
2020-04-28 14:38:41,949 [b49cd372-011e-4c73-9cd9-f6b19e929270@group-5C396212DADF-LeaderElection8] INFO  impl.LeaderElection (LeaderElection.java:logAndReturn(61)) - b49cd372-011e-4c73-9cd9-f6b19e929270@group-5C396212DADF-LeaderElection8: Election PASSED; received 1 response(s) [b49cd372-011e-4c73-9cd9-f6b19e929270<-f48396e8-f861-4ea7-9d9a-a0d4272beba6#0:OK-t1] and 0 exception(s); b49cd372-011e-4c73-9cd9-f6b19e929270@group-5C396212DADF:t1, leader=null, voted=b49cd372-011e-4c73-9cd9-f6b19e929270, raftlog=b49cd372-011e-4c73-9cd9-f6b19e929270@group-5C396212DADF-SegmentedRaftLog:OPENED:c-1,f-1,i0, conf=-1: [049e6fea-8fea-4434-aaa3-5a2ab300f420:172.17.0.2:45965, b49cd372-011e-4c73-9cd9-f6b19e929270:172.17.0.2:39859, f48396e8-f861-4ea7-9d9a-a0d4272beba6:172.17.0.2:34957], old=null
2020-04-28 14:38:41,949 [b49cd372-011e-4c73-9cd9-f6b19e929270@group-5C396212DADF-LeaderElection8] INFO  impl.RoleInfo (RoleInfo.java:shutdownLeaderElection(134)) - b49cd372-011e-4c73-9cd9-f6b19e929270: shutdown LeaderElection
2020-04-28 14:38:41,949 [b49cd372-011e-4c73-9cd9-f6b19e929270@group-5C396212DADF-LeaderElection8] INFO  impl.RaftServerImpl (RaftServerImpl.java:setRole(172)) - b49cd372-011e-4c73-9cd9-f6b19e929270@group-5C396212DADF: changes role from CANDIDATE to LEADER at term 1 for changeToLeader
2020-04-28 14:38:41,949 [b49cd372-011e-4c73-9cd9-f6b19e929270@group-5C396212DADF-LeaderElection8] INFO  ratis.XceiverServerRatis (XceiverServerRatis.java:handleLeaderChangedNotification(761)) - Leader change notification received for group: group-5C396212DADF with new leaderId: b49cd372-011e-4c73-9cd9-f6b19e929270
2020-04-28 14:38:41,949 [b49cd372-011e-4c73-9cd9-f6b19e929270@group-5C396212DADF-LeaderElection8] INFO  impl.RaftServerImpl (ServerState.java:setLeader(255)) - b49cd372-011e-4c73-9cd9-f6b19e929270@group-5C396212DADF: change Leader from null to b49cd372-011e-4c73-9cd9-f6b19e929270 at term 1 for becomeLeader, leader elected after 5097ms
2020-04-28 14:38:41,949 [b49cd372-011e-4c73-9cd9-f6b19e929270@group-5C396212DADF-LeaderElection8] INFO  server.RaftServerConfigKeys (ConfUtils.java:logGet(44)) - raft.server.staging.catchup.gap = 1000 (default)
2020-04-28 14:38:41,950 [b49cd372-011e-4c73-9cd9-f6b19e929270@group-5C396212DADF-LeaderElection8] INFO  server.RaftServerConfigKeys (ConfUtils.java:logGet(44)) - raft.server.rpc.sleep.time = 25ms (default)
2020-04-28 14:38:41,950 [b49cd372-011e-4c73-9cd9-f6b19e929270@group-5C396212DADF-LeaderElection8] INFO  metrics.RatisMetrics (RatisMetrics.java:lambda$create$0(39)) - Creating Metrics Registry : ratis.log_appender.b49cd372-011e-4c73-9cd9-f6b19e929270@group-5C396212DADF
2020-04-28 14:38:41,950 [b49cd372-011e-4c73-9cd9-f6b19e929270@group-5C396212DADF-LeaderElection8] INFO  server.RaftServerConfigKeys (ConfUtils.java:logGet(44)) - raft.server.write.element-limit = 1024 (custom)
2020-04-28 14:38:41,950 [b49cd372-011e-4c73-9cd9-f6b19e929270@group-5C396212DADF-LeaderElection8] INFO  server.RaftServerConfigKeys (ConfUtils.java:logGet(44)) - raft.server.write.byte-limit = 1073741824 (custom)
2020-04-28 14:38:41,950 [b49cd372-011e-4c73-9cd9-f6b19e929270@group-5C396212DADF-LeaderElection8] INFO  server.RaftServerConfigKeys (ConfUtils.java:logGet(44)) - raft.server.watch.timeout = 180s (custom)
2020-04-28 14:38:41,950 [b49cd372-011e-4c73-9cd9-f6b19e929270@group-5C396212DADF-LeaderElection8] INFO  server.RaftServerConfigKeys (ConfUtils.java:logGet(44)) - raft.server.watch.timeout.denomination = 1s (default)
2020-04-28 14:38:41,950 [b49cd372-011e-4c73-9cd9-f6b19e929270@group-5C396212DADF-LeaderElection8] INFO  server.RaftServerConfigKeys (ConfUtils.java:logGet(44)) - raft.server.watch.element-limit = 65536 (default)
2020-04-28 14:38:41,955 [b49cd372-011e-4c73-9cd9-f6b19e929270@group-5C396212DADF-LeaderElection8] INFO  server.RaftServerConfigKeys (ConfUtils.java:logGet(44)) - raft.server.log.appender.snapshot.chunk.size.max = 16MB (=16777216) (default)
2020-04-28 14:38:41,957 [b49cd372-011e-4c73-9cd9-f6b19e929270@group-5C396212DADF-LeaderElection8] INFO  server.RaftServerConfigKeys (ConfUtils.java:logGet(44)) - raft.server.log.appender.buffer.byte-limit = 33554432 (custom)
2020-04-28 14:38:41,958 [b49cd372-011e-4c73-9cd9-f6b19e929270@group-5C396212DADF-LeaderElection8] INFO  server.RaftServerConfigKeys (ConfUtils.java:logGet(44)) - raft.server.log.appender.buffer.element-limit = 1 (custom)
2020-04-28 14:38:41,962 [EventQueue-PipelineReportForPipelineReportHandler] INFO  pipeline.PipelineStateManager (PipelineStateManager.java:openPipeline(131)) - Pipeline Pipeline[ Id: 4be9e659-e721-4184-9f8d-5c396212dadf, Nodes: 049e6fea-8fea-4434-aaa3-5a2ab300f420{ip: 172.17.0.2, host: f0b7f6b472ee, networkLocation: /default-rack, certSerialId: null}b49cd372-011e-4c73-9cd9-f6b19e929270{ip: 172.17.0.2, host: f0b7f6b472ee, networkLocation: /default-rack, certSerialId: null}f48396e8-f861-4ea7-9d9a-a0d4272beba6{ip: 172.17.0.2, host: f0b7f6b472ee, networkLocation: /default-rack, certSerialId: null}, Type:RATIS, Factor:THREE, State:ALLOCATED, leaderId:b49cd372-011e-4c73-9cd9-f6b19e929270, CreationTimestamp2020-04-28T14:38:34.966Z] moved to OPEN state
2020-04-28 14:38:41,969 [EventQueue-OpenPipelineForOneReplicaPipelineSafeModeRule] INFO  safemode.SCMSafeModeManager (SCMSafeModeManager.java:validateSafeModeExitRules(213)) - AtleastOneDatanodeReportedRule rule is successfully validated
2020-04-28 14:38:41,969 [EventQueue-OpenPipelineForHealthyPipelineSafeModeRule] INFO  safemode.SCMSafeModeManager (HealthyPipelineSafeModeRule.java:process(132)) - SCM in safe mode. Healthy pipelines reported count is 1, required healthy pipeline reported count is 1
2020-04-28 14:38:41,969 [EventQueue-OpenPipelineForHealthyPipelineSafeModeRule] INFO  safemode.SCMSafeModeManager (SCMSafeModeManager.java:validateSafeModeExitRules(213)) - HealthyPipelineSafeModeRule rule is successfully validated
2020-04-28 14:38:41,969 [EventQueue-OpenPipelineForHealthyPipelineSafeModeRule] INFO  safemode.SCMSafeModeManager (SCMSafeModeManager.java:validateSafeModeExitRules(227)) - ScmSafeModeManager, all rules are successfully validated
2020-04-28 14:38:41,969 [EventQueue-OpenPipelineForHealthyPipelineSafeModeRule] INFO  safemode.SCMSafeModeManager (SCMSafeModeManager.java:exitSafeMode(256)) - SCM exiting safe mode.
2020-04-28 14:38:41,978 [b49cd372-011e-4c73-9cd9-f6b19e929270@group-5C396212DADF-LeaderElection8] INFO  grpc.GrpcConfigKeys (ConfUtils.java:logGet(44)) - raft.grpc.server.leader.outstanding.appends.max = 128 (default)
2020-04-28 14:38:41,978 [b49cd372-011e-4c73-9cd9-f6b19e929270@group-5C396212DADF-LeaderElection8] INFO  server.RaftServerConfigKeys (ConfUtils.java:logGet(44)) - raft.server.rpc.request.timeout = 60s (custom)
2020-04-28 14:38:41,979 [b49cd372-011e-4c73-9cd9-f6b19e929270@group-5C396212DADF-LeaderElection8] INFO  server.RaftServerConfigKeys (ConfUtils.java:logGet(44)) - raft.server.log.appender.install.snapshot.enabled = false (custom)
2020-04-28 14:38:41,984 [b49cd372-011e-4c73-9cd9-f6b19e929270@group-5C396212DADF-LeaderElection8] INFO  server.RaftServerConfigKeys (ConfUtils.java:logGet(44)) - raft.server.log.appender.snapshot.chunk.size.max = 16MB (=16777216) (default)
2020-04-28 14:38:41,985 [b49cd372-011e-4c73-9cd9-f6b19e929270@group-5C396212DADF-LeaderElection8] INFO  server.RaftServerConfigKeys (ConfUtils.java:logGet(44)) - raft.server.log.appender.buffer.byte-limit = 33554432 (custom)
2020-04-28 14:38:41,985 [b49cd372-011e-4c73-9cd9-f6b19e929270@group-5C396212DADF-LeaderElection8] INFO  server.RaftServerConfigKeys (ConfUtils.java:logGet(44)) - raft.server.log.appender.buffer.element-limit = 1 (custom)
2020-04-28 14:38:41,985 [b49cd372-011e-4c73-9cd9-f6b19e929270@group-5C396212DADF-LeaderElection8] INFO  grpc.GrpcConfigKeys (ConfUtils.java:logGet(44)) - raft.grpc.server.leader.outstanding.appends.max = 128 (default)
2020-04-28 14:38:41,985 [b49cd372-011e-4c73-9cd9-f6b19e929270@group-5C396212DADF-LeaderElection8] INFO  server.RaftServerConfigKeys (ConfUtils.java:logGet(44)) - raft.server.rpc.request.timeout = 60s (custom)
2020-04-28 14:38:41,985 [b49cd372-011e-4c73-9cd9-f6b19e929270@group-5C396212DADF-LeaderElection8] INFO  server.RaftServerConfigKeys (ConfUtils.java:logGet(44)) - raft.server.log.appender.install.snapshot.enabled = false (custom)
2020-04-28 14:38:41,990 [b49cd372-011e-4c73-9cd9-f6b19e929270@group-5C396212DADF-LeaderElection8] INFO  impl.RoleInfo (RoleInfo.java:updateAndGet(143)) - b49cd372-011e-4c73-9cd9-f6b19e929270: start LeaderState
2020-04-28 14:38:41,991 [b49cd372-011e-4c73-9cd9-f6b19e929270@group-5C396212DADF-LeaderElection8] INFO  segmented.SegmentedRaftLogWorker (SegmentedRaftLogWorker.java:startLogSegment(391)) - b49cd372-011e-4c73-9cd9-f6b19e929270@group-5C396212DADF-SegmentedRaftLogWorker: Starting segment from index:0
2020-04-28 14:38:41,992 [b49cd372-011e-4c73-9cd9-f6b19e929270@group-5C396212DADF-SegmentedRaftLogWorker] INFO  segmented.SegmentedRaftLogWorker (SegmentedRaftLogWorker.java:execute(583)) - b49cd372-011e-4c73-9cd9-f6b19e929270@group-5C396212DADF-SegmentedRaftLogWorker: created new log segment /github/workspace/mnt/ozone/hadoop-ozone/integration-test/target/test-dir/MiniOzoneClusterImpl-bcc7daa9-737a-4aaa-b298-78757390e1e5/datanode-1/data/ratis/4be9e659-e721-4184-9f8d-5c396212dadf/current/log_inprogress_0
2020-04-28 14:38:41,998 [b49cd372-011e-4c73-9cd9-f6b19e929270@group-5C396212DADF-LeaderElection8] INFO  impl.RaftServerImpl (ServerState.java:setRaftConf(356)) - b49cd372-011e-4c73-9cd9-f6b19e929270@group-5C396212DADF: set configuration 0: [049e6fea-8fea-4434-aaa3-5a2ab300f420:172.17.0.2:45965, b49cd372-011e-4c73-9cd9-f6b19e929270:172.17.0.2:39859, f48396e8-f861-4ea7-9d9a-a0d4272beba6:172.17.0.2:34957], old=null at 0
2020-04-28 14:38:42,028 [grpc-default-executor-2] INFO  ratis.XceiverServerRatis (XceiverServerRatis.java:handleLeaderChangedNotification(761)) - Leader change notification received for group: group-5C396212DADF with new leaderId: b49cd372-011e-4c73-9cd9-f6b19e929270
2020-04-28 14:38:42,028 [grpc-default-executor-2] INFO  impl.RaftServerImpl (ServerState.java:setLeader(255)) - f48396e8-f861-4ea7-9d9a-a0d4272beba6@group-5C396212DADF: change Leader from null to b49cd372-011e-4c73-9cd9-f6b19e929270 at term 1 for appendEntries, leader elected after 4831ms
2020-04-28 14:38:42,031 [grpc-default-executor-1] INFO  ratis.XceiverServerRatis (XceiverServerRatis.java:handleLeaderChangedNotification(761)) - Leader change notification received for group: group-5C396212DADF with new leaderId: b49cd372-011e-4c73-9cd9-f6b19e929270
2020-04-28 14:38:42,031 [grpc-default-executor-1] INFO  impl.RaftServerImpl (ServerState.java:setLeader(255)) - 049e6fea-8fea-4434-aaa3-5a2ab300f420@group-5C396212DADF: change Leader from null to b49cd372-011e-4c73-9cd9-f6b19e929270 at term 1 for appendEntries, leader elected after 4927ms
2020-04-28 14:38:42,047 [grpc-default-executor-1] INFO  impl.RaftServerImpl (ServerState.java:setRaftConf(356)) - 049e6fea-8fea-4434-aaa3-5a2ab300f420@group-5C396212DADF: set configuration 0: [049e6fea-8fea-4434-aaa3-5a2ab300f420:172.17.0.2:45965, b49cd372-011e-4c73-9cd9-f6b19e929270:172.17.0.2:39859, f48396e8-f861-4ea7-9d9a-a0d4272beba6:172.17.0.2:34957], old=null at 0
2020-04-28 14:38:42,047 [grpc-default-executor-1] INFO  segmented.SegmentedRaftLogWorker (SegmentedRaftLogWorker.java:startLogSegment(391)) - 049e6fea-8fea-4434-aaa3-5a2ab300f420@group-5C396212DADF-SegmentedRaftLogWorker: Starting segment from index:0
2020-04-28 14:38:42,049 [049e6fea-8fea-4434-aaa3-5a2ab300f420@group-5C396212DADF-SegmentedRaftLogWorker] INFO  segmented.SegmentedRaftLogWorker (SegmentedRaftLogWorker.java:execute(583)) - 049e6fea-8fea-4434-aaa3-5a2ab300f420@group-5C396212DADF-SegmentedRaftLogWorker: created new log segment /github/workspace/mnt/ozone/hadoop-ozone/integration-test/target/test-dir/MiniOzoneClusterImpl-bcc7daa9-737a-4aaa-b298-78757390e1e5/datanode-2/data/ratis/4be9e659-e721-4184-9f8d-5c396212dadf/current/log_inprogress_0
2020-04-28 14:38:42,057 [grpc-default-executor-1] INFO  impl.RaftServerImpl (ServerState.java:setRaftConf(356)) - f48396e8-f861-4ea7-9d9a-a0d4272beba6@group-5C396212DADF: set configuration 0: [049e6fea-8fea-4434-aaa3-5a2ab300f420:172.17.0.2:45965, b49cd372-011e-4c73-9cd9-f6b19e929270:172.17.0.2:39859, f48396e8-f861-4ea7-9d9a-a0d4272beba6:172.17.0.2:34957], old=null at 0
2020-04-28 14:38:42,059 [grpc-default-executor-1] INFO  segmented.SegmentedRaftLogWorker (SegmentedRaftLogWorker.java:startLogSegment(391)) - f48396e8-f861-4ea7-9d9a-a0d4272beba6@group-5C396212DADF-SegmentedRaftLogWorker: Starting segment from index:0
2020-04-28 14:38:42,060 [f48396e8-f861-4ea7-9d9a-a0d4272beba6@group-5C396212DADF-SegmentedRaftLogWorker] INFO  segmented.SegmentedRaftLogWorker (SegmentedRaftLogWorker.java:execute(583)) - f48396e8-f861-4ea7-9d9a-a0d4272beba6@group-5C396212DADF-SegmentedRaftLogWorker: created new log segment /github/workspace/mnt/ozone/hadoop-ozone/integration-test/target/test-dir/MiniOzoneClusterImpl-bcc7daa9-737a-4aaa-b298-78757390e1e5/datanode-0/data/ratis/4be9e659-e721-4184-9f8d-5c396212dadf/current/log_inprogress_0
2020-04-28 14:38:42,894 [Thread-1375] INFO  impl.FollowerState (FollowerState.java:run(108)) - 049e6fea-8fea-4434-aaa3-5a2ab300f420@group-19B699229BF9-FollowerState: change to CANDIDATE, lastRpcTime:5105ms, electionTimeout:5104ms
2020-04-28 14:38:42,894 [Thread-1375] INFO  impl.RoleInfo (RoleInfo.java:shutdownFollowerState(121)) - 049e6fea-8fea-4434-aaa3-5a2ab300f420: shutdown FollowerState
2020-04-28 14:38:42,894 [Thread-1375] INFO  impl.RaftServerImpl (RaftServerImpl.java:setRole(172)) - 049e6fea-8fea-4434-aaa3-5a2ab300f420@group-19B699229BF9: changes role from  FOLLOWER to CANDIDATE at term 0 for changeToCandidate
2020-04-28 14:38:42,894 [Thread-1375] INFO  impl.RoleInfo (RoleInfo.java:updateAndGet(143)) - 049e6fea-8fea-4434-aaa3-5a2ab300f420: start LeaderElection
2020-04-28 14:38:42,899 [049e6fea-8fea-4434-aaa3-5a2ab300f420@group-19B699229BF9-LeaderElection9] INFO  impl.LeaderElection (LeaderElection.java:askForVotes(206)) - 049e6fea-8fea-4434-aaa3-5a2ab300f420@group-19B699229BF9-LeaderElection9: begin an election at term 1 for -1: [049e6fea-8fea-4434-aaa3-5a2ab300f420:172.17.0.2:45965], old=null
2020-04-28 14:38:42,900 [049e6fea-8fea-4434-aaa3-5a2ab300f420@group-19B699229BF9-LeaderElection9] INFO  impl.RoleInfo (RoleInfo.java:shutdownLeaderElection(134)) - 049e6fea-8fea-4434-aaa3-5a2ab300f420: shutdown LeaderElection
2020-04-28 14:38:42,900 [049e6fea-8fea-4434-aaa3-5a2ab300f420@group-19B699229BF9-LeaderElection9] INFO  impl.RaftServerImpl (RaftServerImpl.java:setRole(172)) - 049e6fea-8fea-4434-aaa3-5a2ab300f420@group-19B699229BF9: changes role from CANDIDATE to LEADER at term 1 for changeToLeader
2020-04-28 14:38:42,900 [049e6fea-8fea-4434-aaa3-5a2ab300f420@group-19B699229BF9-LeaderElection9] INFO  ratis.XceiverServerRatis (XceiverServerRatis.java:handleLeaderChangedNotification(761)) - Leader change notification received for group: group-19B699229BF9 with new leaderId: 049e6fea-8fea-4434-aaa3-5a2ab300f420
2020-04-28 14:38:42,901 [049e6fea-8fea-4434-aaa3-5a2ab300f420@group-19B699229BF9-LeaderElection9] INFO  impl.RaftServerImpl (ServerState.java:setLeader(255)) - 049e6fea-8fea-4434-aaa3-5a2ab300f420@group-19B699229BF9: change Leader from null to 049e6fea-8fea-4434-aaa3-5a2ab300f420 at term 1 for becomeLeader, leader elected after 5117ms
2020-04-28 14:38:42,901 [049e6fea-8fea-4434-aaa3-5a2ab300f420@group-19B699229BF9-LeaderElection9] INFO  server.RaftServerConfigKeys (ConfUtils.java:logGet(44)) - raft.server.staging.catchup.gap = 1000 (default)
2020-04-28 14:38:42,901 [049e6fea-8fea-4434-aaa3-5a2ab300f420@group-19B699229BF9-LeaderElection9] INFO  server.RaftServerConfigKeys (ConfUtils.java:logGet(44)) - raft.server.rpc.sleep.time = 25ms (default)
2020-04-28 14:38:42,902 [049e6fea-8fea-4434-aaa3-5a2ab300f420@group-19B699229BF9-LeaderElection9] INFO  metrics.RatisMetrics (RatisMetrics.java:lambda$create$0(39)) - Creating Metrics Registry : ratis.log_appender.049e6fea-8fea-4434-aaa3-5a2ab300f420@group-19B699229BF9
2020-04-28 14:38:42,902 [049e6fea-8fea-4434-aaa3-5a2ab300f420@group-19B699229BF9-LeaderElection9] INFO  server.RaftServerConfigKeys (ConfUtils.java:logGet(44)) - raft.server.write.element-limit = 1024 (custom)
2020-04-28 14:38:42,902 [049e6fea-8fea-4434-aaa3-5a2ab300f420@group-19B699229BF9-LeaderElection9] INFO  server.RaftServerConfigKeys (ConfUtils.java:logGet(44)) - raft.server.write.byte-limit = 1073741824 (custom)
2020-04-28 14:38:42,903 [049e6fea-8fea-4434-aaa3-5a2ab300f420@group-19B699229BF9-LeaderElection9] INFO  server.RaftServerConfigKeys (ConfUtils.java:logGet(44)) - raft.server.watch.timeout = 180s (custom)
2020-04-28 14:38:42,903 [049e6fea-8fea-4434-aaa3-5a2ab300f420@group-19B699229BF9-LeaderElection9] INFO  server.RaftServerConfigKeys (ConfUtils.java:logGet(44)) - raft.server.watch.timeout.denomination = 1s (default)
2020-04-28 14:38:42,903 [049e6fea-8fea-4434-aaa3-5a2ab300f420@group-19B699229BF9-LeaderElection9] INFO  server.RaftServerConfigKeys (ConfUtils.java:logGet(44)) - raft.server.watch.element-limit = 65536 (default)
2020-04-28 14:38:42,904 [049e6fea-8fea-4434-aaa3-5a2ab300f420@group-19B699229BF9-LeaderElection9] INFO  impl.RoleInfo (RoleInfo.java:updateAndGet(143)) - 049e6fea-8fea-4434-aaa3-5a2ab300f420: start LeaderState
2020-04-28 14:38:42,904 [049e6fea-8fea-4434-aaa3-5a2ab300f420@group-19B699229BF9-LeaderElection9] INFO  segmented.SegmentedRaftLogWorker (SegmentedRaftLogWorker.java:startLogSegment(391)) - 049e6fea-8fea-4434-aaa3-5a2ab300f420@group-19B699229BF9-SegmentedRaftLogWorker: Starting segment from index:0
2020-04-28 14:38:42,906 [049e6fea-8fea-4434-aaa3-5a2ab300f420@group-19B699229BF9-SegmentedRaftLogWorker] INFO  segmented.SegmentedRaftLogWorker (SegmentedRaftLogWorker.java:execute(583)) - 049e6fea-8fea-4434-aaa3-5a2ab300f420@group-19B699229BF9-SegmentedRaftLogWorker: created new log segment /github/workspace/mnt/ozone/hadoop-ozone/integration-test/target/test-dir/MiniOzoneClusterImpl-bcc7daa9-737a-4aaa-b298-78757390e1e5/datanode-2/data/ratis/4f1d94fe-a7ee-4cc4-ae66-19b699229bf9/current/log_inprogress_0
2020-04-28 14:38:42,907 [049e6fea-8fea-4434-aaa3-5a2ab300f420@group-19B699229BF9-LeaderElection9] INFO  impl.RaftServerImpl (ServerState.java:setRaftConf(356)) - 049e6fea-8fea-4434-aaa3-5a2ab300f420@group-19B699229BF9: set configuration 0: [049e6fea-8fea-4434-aaa3-5a2ab300f420:172.17.0.2:45965], old=null at 0
2020-04-28 14:38:44,981 [EventQueue-Delayed safe mode statusForReplicationManager] INFO  container.ReplicationManager (ReplicationManager.java:start(165)) - Starting Replication Monitor Thread.
2020-04-28 14:38:44,982 [ReplicationMonitor] INFO  container.ReplicationManager (ReplicationManager.java:run(228)) - Replication Monitor Thread took 0 milliseconds for processing 0 containers.
2020-04-28 14:38:45,849 [main] INFO  server.GrpcService (GrpcService.java:closeImpl(173)) - omNode1: shutdown server with port 9872 successfully
2020-04-28 14:38:45,849 [main] INFO  ratis.OzoneManagerDoubleBuffer (OzoneManagerDoubleBuffer.java:stop(272)) - Stopping OMDoubleBuffer flush thread
2020-04-28 14:38:45,850 [OMDoubleBufferFlushThread] INFO  ratis.OzoneManagerDoubleBuffer (OzoneManagerDoubleBuffer.java:flushTransactions(206)) - OMDoubleBuffer flush thread OMDoubleBufferFlushThread is interrupted and will exit. OMDoubleBufferFlushThread
2020-04-28 14:38:45,851 [main] INFO  utils.BackgroundService (BackgroundService.java:shutdown(157)) - Shutting down service KeyDeletingService
2020-04-28 14:38:45,855 [main] INFO  handler.ContextHandler (ContextHandler.java:doStop(1016)) - Stopped o.e.j.w.WebAppContext@671669a6{ozoneManager,/,null,UNAVAILABLE}{file:/github/workspace/mnt/ozone/hadoop-ozone/integration-test/target/test-classes/webapps/ozoneManager}
2020-04-28 14:38:45,860 [main] INFO  server.AbstractConnector (AbstractConnector.java:doStop(380)) - Stopped ServerConnector@d62634d{HTTP/1.1,[http/1.1]}{0.0.0.0:0}
2020-04-28 14:38:45,860 [main] INFO  server.session (HouseKeeper.java:stopScavenging(158)) - node0 Stopped scavenging
2020-04-28 14:38:45,860 [main] INFO  handler.ContextHandler (ContextHandler.java:doStop(1016)) - Stopped o.e.j.s.ServletContextHandler@49d068b0{static,/static,file:///github/workspace/mnt/ozone/hadoop-ozone/integration-test/target/test-classes/webapps/static,UNAVAILABLE}
2020-04-28 14:38:45,861 [main] INFO  handler.ContextHandler (ContextHandler.java:doStop(1016)) - Stopped o.e.j.s.ServletContextHandler@52b9bcda{logs,/logs,file:///github/workspace/mnt/ozone/hadoop-ozone/integration-test/target/log,UNAVAILABLE}
2020-04-28 14:38:45,863 [main] INFO  ozone.MiniOzoneClusterImpl (MiniOzoneClusterImpl.java:stopDatanodes(461)) - Stopping the HddsDatanodes
2020-04-28 14:38:45,953 [Datanode State Machine Thread - 0] INFO  statemachine.DatanodeStateMachine (DatanodeStateMachine.java:lambda$startDaemon$0(376)) - Ozone container server started.
2020-04-28 14:38:46,196 [Datanode State Machine Thread - 0] INFO  statemachine.DatanodeStateMachine (DatanodeStateMachine.java:lambda$startDaemon$0(376)) - Ozone container server started.
2020-04-28 14:38:50,865 [main] INFO  ozoneimpl.OzoneContainer (OzoneContainer.java:stop(246)) - Attempting to stop container services.
2020-04-28 14:38:50,865 [ForkJoinPool.commonPool-worker-1] INFO  ozoneimpl.OzoneContainer (OzoneContainer.java:stop(246)) - Attempting to stop container services.
2020-04-28 14:38:50,866 [ForkJoinPool.commonPool-worker-1] INFO  impl.RaftServerProxy (RaftServerProxy.java:lambda$close$4(314)) - f48396e8-f861-4ea7-9d9a-a0d4272beba6: close
2020-04-28 14:38:50,866 [ForkJoinPool.commonPool-worker-1] INFO  impl.RaftServerImpl (RaftServerImpl.java:lambda$shutdown$3(249)) - f48396e8-f861-4ea7-9d9a-a0d4272beba6@group-FBF1FF002355: shutdown
2020-04-28 14:38:50,866 [ForkJoinPool.commonPool-worker-1] INFO  util.JmxRegister (JmxRegister.java:unregister(73)) - Successfully un-registered JMX Bean with object name Ratis:service=RaftServer,group=group-FBF1FF002355,id=f48396e8-f861-4ea7-9d9a-a0d4272beba6
2020-04-28 14:38:50,866 [ForkJoinPool.commonPool-worker-1] INFO  impl.RoleInfo (RoleInfo.java:shutdownLeaderState(104)) - f48396e8-f861-4ea7-9d9a-a0d4272beba6: shutdown LeaderState
2020-04-28 14:38:50,867 [ForkJoinPool.commonPool-worker-1] INFO  impl.PendingRequests (PendingRequests.java:sendNotLeaderResponses(240)) - f48396e8-f861-4ea7-9d9a-a0d4272beba6@group-FBF1FF002355-PendingRequests: sendNotLeaderResponses
2020-04-28 14:38:50,868 [ForkJoinPool.commonPool-worker-1] INFO  metrics.RatisMetrics (RatisMetrics.java:unregister(46)) - Unregistering Metrics Registry : ratis.log_appender.f48396e8-f861-4ea7-9d9a-a0d4272beba6@group-FBF1FF002355
2020-04-28 14:38:50,868 [main] INFO  impl.RaftServerProxy (RaftServerProxy.java:lambda$close$4(314)) - b49cd372-011e-4c73-9cd9-f6b19e929270: close
2020-04-28 14:38:50,868 [main] INFO  impl.RaftServerImpl (RaftServerImpl.java:lambda$shutdown$3(249)) - b49cd372-011e-4c73-9cd9-f6b19e929270@group-BB78CE42D49A: shutdown
2020-04-28 14:38:50,868 [main] INFO  util.JmxRegister (JmxRegister.java:unregister(73)) - Successfully un-registered JMX Bean with object name Ratis:service=RaftServer,group=group-BB78CE42D49A,id=b49cd372-011e-4c73-9cd9-f6b19e929270
2020-04-28 14:38:50,868 [main] INFO  impl.RoleInfo (RoleInfo.java:shutdownLeaderState(104)) - b49cd372-011e-4c73-9cd9-f6b19e929270: shutdown LeaderState
2020-04-28 14:38:50,869 [main] INFO  impl.PendingRequests (PendingRequests.java:sendNotLeaderResponses(240)) - b49cd372-011e-4c73-9cd9-f6b19e929270@group-BB78CE42D49A-PendingRequests: sendNotLeaderResponses
2020-04-28 14:38:50,869 [main] INFO  metrics.RatisMetrics (RatisMetrics.java:unregister(46)) - Unregistering Metrics Registry : ratis.log_appender.b49cd372-011e-4c73-9cd9-f6b19e929270@group-BB78CE42D49A
2020-04-28 14:38:50,870 [main] INFO  impl.StateMachineUpdater (StateMachineUpdater.java:stopAndJoin(139)) - b49cd372-011e-4c73-9cd9-f6b19e929270@group-BB78CE42D49A-StateMachineUpdater: set stopIndex = 0
2020-04-28 14:38:50,870 [b49cd372-011e-4c73-9cd9-f6b19e929270@group-BB78CE42D49A-StateMachineUpdater] INFO  ratis.ContainerStateMachine (ContainerStateMachine.java:takeSnapshot(288)) - group-BB78CE42D49A: Taking a snapshot at:(t:1, i:0) file /github/workspace/mnt/ozone/hadoop-ozone/integration-test/target/test-dir/MiniOzoneClusterImpl-bcc7daa9-737a-4aaa-b298-78757390e1e5/datanode-1/data/ratis/36de566f-329e-408e-addd-bb78ce42d49a/sm/snapshot.1_0
2020-04-28 14:38:50,870 [f48396e8-f861-4ea7-9d9a-a0d4272beba6@group-FBF1FF002355-StateMachineUpdater] INFO  ratis.ContainerStateMachine (ContainerStateMachine.java:takeSnapshot(288)) - group-FBF1FF002355: Taking a snapshot at:(t:1, i:0) file /github/workspace/mnt/ozone/hadoop-ozone/integration-test/target/test-dir/MiniOzoneClusterImpl-bcc7daa9-737a-4aaa-b298-78757390e1e5/datanode-0/data/ratis/3d0112b6-bb9d-4b4b-a67e-fbf1ff002355/sm/snapshot.1_0
2020-04-28 14:38:50,870 [ForkJoinPool.commonPool-worker-1] INFO  impl.StateMachineUpdater (StateMachineUpdater.java:stopAndJoin(139)) - f48396e8-f861-4ea7-9d9a-a0d4272beba6@group-FBF1FF002355-StateMachineUpdater: set stopIndex = 0
2020-04-28 14:38:50,964 [f48396e8-f861-4ea7-9d9a-a0d4272beba6@group-FBF1FF002355-StateMachineUpdater] INFO  ratis.ContainerStateMachine (ContainerStateMachine.java:takeSnapshot(299)) - group-FBF1FF002355: Finished taking a snapshot at:(t:1, i:0) file:/github/workspace/mnt/ozone/hadoop-ozone/integration-test/target/test-dir/MiniOzoneClusterImpl-bcc7daa9-737a-4aaa-b298-78757390e1e5/datanode-0/data/ratis/3d0112b6-bb9d-4b4b-a67e-fbf1ff002355/sm/snapshot.1_0 time:93
2020-04-28 14:38:50,965 [f48396e8-f861-4ea7-9d9a-a0d4272beba6@group-FBF1FF002355-StateMachineUpdater] INFO  impl.StateMachineUpdater (StateMachineUpdater.java:takeSnapshot(274)) - f48396e8-f861-4ea7-9d9a-a0d4272beba6@group-FBF1FF002355-StateMachineUpdater: Took a snapshot at index 0
2020-04-28 14:38:50,965 [f48396e8-f861-4ea7-9d9a-a0d4272beba6@group-FBF1FF002355-StateMachineUpdater] INFO  impl.StateMachineUpdater (StateMachineUpdater.java:lambda$new$0(86)) - f48396e8-f861-4ea7-9d9a-a0d4272beba6@group-FBF1FF002355-StateMachineUpdater: snapshotIndex: updateIncreasingly -1 -> 0
2020-04-28 14:38:50,969 [b49cd372-011e-4c73-9cd9-f6b19e929270@group-BB78CE42D49A-StateMachineUpdater] INFO  ratis.ContainerStateMachine (ContainerStateMachine.java:takeSnapshot(299)) - group-BB78CE42D49A: Finished taking a snapshot at:(t:1, i:0) file:/github/workspace/mnt/ozone/hadoop-ozone/integration-test/target/test-dir/MiniOzoneClusterImpl-bcc7daa9-737a-4aaa-b298-78757390e1e5/datanode-1/data/ratis/36de566f-329e-408e-addd-bb78ce42d49a/sm/snapshot.1_0 time:98
2020-04-28 14:38:50,969 [b49cd372-011e-4c73-9cd9-f6b19e929270@group-BB78CE42D49A-StateMachineUpdater] INFO  impl.StateMachineUpdater (StateMachineUpdater.java:takeSnapshot(274)) - b49cd372-011e-4c73-9cd9-f6b19e929270@group-BB78CE42D49A-StateMachineUpdater: Took a snapshot at index 0
2020-04-28 14:38:50,969 [b49cd372-011e-4c73-9cd9-f6b19e929270@group-BB78CE42D49A-StateMachineUpdater] INFO  impl.StateMachineUpdater (StateMachineUpdater.java:lambda$new$0(86)) - b49cd372-011e-4c73-9cd9-f6b19e929270@group-BB78CE42D49A-StateMachineUpdater: snapshotIndex: updateIncreasingly -1 -> 0
2020-04-28 14:38:50,970 [f48396e8-f861-4ea7-9d9a-a0d4272beba6@group-FBF1FF002355-StateMachineUpdater] INFO  metrics.RatisMetrics (RatisMetrics.java:unregister(46)) - Unregistering Metrics Registry : ratis.state_machine.f48396e8-f861-4ea7-9d9a-a0d4272beba6@group-FBF1FF002355
2020-04-28 14:38:50,970 [b49cd372-011e-4c73-9cd9-f6b19e929270@group-BB78CE42D49A-StateMachineUpdater] INFO  metrics.RatisMetrics (RatisMetrics.java:unregister(46)) - Unregistering Metrics Registry : ratis.state_machine.b49cd372-011e-4c73-9cd9-f6b19e929270@group-BB78CE42D49A
2020-04-28 14:38:50,970 [ForkJoinPool.commonPool-worker-1] INFO  impl.RaftServerImpl (ServerState.java:close(387)) - f48396e8-f861-4ea7-9d9a-a0d4272beba6@group-FBF1FF002355: closes. applyIndex: 0
2020-04-28 14:38:50,970 [main] INFO  impl.RaftServerImpl (ServerState.java:close(387)) - b49cd372-011e-4c73-9cd9-f6b19e929270@group-BB78CE42D49A: closes. applyIndex: 0
2020-04-28 14:38:50,971 [f48396e8-f861-4ea7-9d9a-a0d4272beba6@group-FBF1FF002355-SegmentedRaftLogWorker] INFO  segmented.SegmentedRaftLogWorker (SegmentedRaftLogWorker.java:run(321)) - f48396e8-f861-4ea7-9d9a-a0d4272beba6@group-FBF1FF002355-SegmentedRaftLogWorker was interrupted, exiting. There are 0 tasks remaining in the queue.
2020-04-28 14:38:50,971 [b49cd372-011e-4c73-9cd9-f6b19e929270@group-BB78CE42D49A-SegmentedRaftLogWorker] INFO  segmented.SegmentedRaftLogWorker (SegmentedRaftLogWorker.java:run(321)) - b49cd372-011e-4c73-9cd9-f6b19e929270@group-BB78CE42D49A-SegmentedRaftLogWorker was interrupted, exiting. There are 0 tasks remaining in the queue.
2020-04-28 14:38:50,971 [ForkJoinPool.commonPool-worker-1] INFO  segmented.SegmentedRaftLogWorker (SegmentedRaftLogWorker.java:close(229)) - f48396e8-f861-4ea7-9d9a-a0d4272beba6@group-FBF1FF002355-SegmentedRaftLogWorker close()
2020-04-28 14:38:50,972 [ForkJoinPool.commonPool-worker-1] INFO  metrics.RatisMetrics (RatisMetrics.java:unregister(46)) - Unregistering Metrics Registry : ratis.log_worker.f48396e8-f861-4ea7-9d9a-a0d4272beba6
2020-04-28 14:38:50,972 [ForkJoinPool.commonPool-worker-1] INFO  metrics.RatisMetrics (RatisMetrics.java:unregister(46)) - Unregistering Metrics Registry : ratis.leader_election.f48396e8-f861-4ea7-9d9a-a0d4272beba6@group-FBF1FF002355
2020-04-28 14:38:50,972 [ForkJoinPool.commonPool-worker-1] INFO  metrics.RatisMetrics (RatisMetrics.java:unregister(46)) - Unregistering Metrics Registry : ratis.server.f48396e8-f861-4ea7-9d9a-a0d4272beba6@group-FBF1FF002355
2020-04-28 14:38:50,972 [ForkJoinPool.commonPool-worker-1] INFO  impl.RaftServerImpl (RaftServerImpl.java:lambda$shutdown$3(249)) - f48396e8-f861-4ea7-9d9a-a0d4272beba6@group-5C396212DADF: shutdown
2020-04-28 14:38:50,973 [ForkJoinPool.commonPool-worker-1] INFO  util.JmxRegister (JmxRegister.java:unregister(73)) - Successfully un-registered JMX Bean with object name Ratis:service=RaftServer,group=group-5C396212DADF,id=f48396e8-f861-4ea7-9d9a-a0d4272beba6
2020-04-28 14:38:50,973 [ForkJoinPool.commonPool-worker-1] INFO  impl.RoleInfo (RoleInfo.java:shutdownFollowerState(121)) - f48396e8-f861-4ea7-9d9a-a0d4272beba6: shutdown FollowerState
2020-04-28 14:38:50,973 [ForkJoinPool.commonPool-worker-1] INFO  impl.StateMachineUpdater (StateMachineUpdater.java:stopAndJoin(139)) - f48396e8-f861-4ea7-9d9a-a0d4272beba6@group-5C396212DADF-StateMachineUpdater: set stopIndex = 0
2020-04-28 14:38:50,972 [main] INFO  segmented.SegmentedRaftLogWorker (SegmentedRaftLogWorker.java:close(229)) - b49cd372-011e-4c73-9cd9-f6b19e929270@group-BB78CE42D49A-SegmentedRaftLogWorker close()
2020-04-28 14:38:50,973 [f48396e8-f861-4ea7-9d9a-a0d4272beba6@group-5C396212DADF-StateMachineUpdater] INFO  ratis.ContainerStateMachine (ContainerStateMachine.java:takeSnapshot(288)) - group-5C396212DADF: Taking a snapshot at:(t:1, i:0) file /github/workspace/mnt/ozone/hadoop-ozone/integration-test/target/test-dir/MiniOzoneClusterImpl-bcc7daa9-737a-4aaa-b298-78757390e1e5/datanode-0/data/ratis/4be9e659-e721-4184-9f8d-5c396212dadf/sm/snapshot.1_0
2020-04-28 14:38:50,973 [Thread-1413] INFO  impl.FollowerState (FollowerState.java:run(117)) - f48396e8-f861-4ea7-9d9a-a0d4272beba6@group-5C396212DADF-FollowerState was interrupted: java.lang.InterruptedException: sleep interrupted
2020-04-28 14:38:50,974 [main] INFO  metrics.RatisMetrics (RatisMetrics.java:unregister(46)) - Unregistering Metrics Registry : ratis.log_worker.b49cd372-011e-4c73-9cd9-f6b19e929270
2020-04-28 14:38:50,974 [main] INFO  metrics.RatisMetrics (RatisMetrics.java:unregister(46)) - Unregistering Metrics Registry : ratis.leader_election.b49cd372-011e-4c73-9cd9-f6b19e929270@group-BB78CE42D49A
2020-04-28 14:38:50,974 [main] INFO  metrics.RatisMetrics (RatisMetrics.java:unregister(46)) - Unregistering Metrics Registry : ratis.server.b49cd372-011e-4c73-9cd9-f6b19e929270@group-BB78CE42D49A
2020-04-28 14:38:50,975 [main] INFO  impl.RaftServerImpl (RaftServerImpl.java:lambda$shutdown$3(249)) - b49cd372-011e-4c73-9cd9-f6b19e929270@group-5C396212DADF: shutdown
2020-04-28 14:38:50,975 [main] INFO  util.JmxRegister (JmxRegister.java:unregister(73)) - Successfully un-registered JMX Bean with object name Ratis:service=RaftServer,group=group-5C396212DADF,id=b49cd372-011e-4c73-9cd9-f6b19e929270
2020-04-28 14:38:50,975 [main] INFO  impl.RoleInfo (RoleInfo.java:shutdownLeaderState(104)) - b49cd372-011e-4c73-9cd9-f6b19e929270: shutdown LeaderState
2020-04-28 14:38:50,974 [f48396e8-f861-4ea7-9d9a-a0d4272beba6@group-5C396212DADF-StateMachineUpdater] INFO  ratis.ContainerStateMachine (ContainerStateMachine.java:takeSnapshot(299)) - group-5C396212DADF: Finished taking a snapshot at:(t:1, i:0) file:/github/workspace/mnt/ozone/hadoop-ozone/integration-test/target/test-dir/MiniOzoneClusterImpl-bcc7daa9-737a-4aaa-b298-78757390e1e5/datanode-0/data/ratis/4be9e659-e721-4184-9f8d-5c396212dadf/sm/snapshot.1_0 time:1
2020-04-28 14:38:50,975 [f48396e8-f861-4ea7-9d9a-a0d4272beba6@group-5C396212DADF-StateMachineUpdater] INFO  impl.StateMachineUpdater (StateMachineUpdater.java:takeSnapshot(274)) - f48396e8-f861-4ea7-9d9a-a0d4272beba6@group-5C396212DADF-StateMachineUpdater: Took a snapshot at index 0
2020-04-28 14:38:50,975 [f48396e8-f861-4ea7-9d9a-a0d4272beba6@group-5C396212DADF-StateMachineUpdater] INFO  impl.StateMachineUpdater (StateMachineUpdater.java:lambda$new$0(86)) - f48396e8-f861-4ea7-9d9a-a0d4272beba6@group-5C396212DADF-StateMachineUpdater: snapshotIndex: updateIncreasingly -1 -> 0
2020-04-28 14:38:50,976 [f48396e8-f861-4ea7-9d9a-a0d4272beba6@group-5C396212DADF-StateMachineUpdater] INFO  metrics.RatisMetrics (RatisMetrics.java:unregister(46)) - Unregistering Metrics Registry : ratis.state_machine.f48396e8-f861-4ea7-9d9a-a0d4272beba6@group-5C396212DADF
2020-04-28 14:38:50,976 [ForkJoinPool.commonPool-worker-1] INFO  impl.RaftServerImpl (ServerState.java:close(387)) - f48396e8-f861-4ea7-9d9a-a0d4272beba6@group-5C396212DADF: closes. applyIndex: 0
2020-04-28 14:38:50,976 [f48396e8-f861-4ea7-9d9a-a0d4272beba6@group-5C396212DADF-SegmentedRaftLogWorker] INFO  segmented.SegmentedRaftLogWorker (SegmentedRaftLogWorker.java:run(321)) - f48396e8-f861-4ea7-9d9a-a0d4272beba6@group-5C396212DADF-SegmentedRaftLogWorker was interrupted, exiting. There are 0 tasks remaining in the queue.
2020-04-28 14:38:50,976 [main] INFO  impl.PendingRequests (PendingRequests.java:sendNotLeaderResponses(240)) - b49cd372-011e-4c73-9cd9-f6b19e929270@group-5C396212DADF-PendingRequests: sendNotLeaderResponses
2020-04-28 14:38:50,977 [org.apache.ratis.server.impl.LogAppender$AppenderDaemon$$Lambda$468/1304121429@3293255c] WARN  server.GrpcLogAppender (GrpcLogAppender.java:mayWait(153)) - b49cd372-011e-4c73-9cd9-f6b19e929270@group-5C396212DADF->049e6fea-8fea-4434-aaa3-5a2ab300f420-GrpcLogAppender: Wait interrupted by java.lang.InterruptedException
2020-04-28 14:38:50,977 [main] INFO  metrics.RatisMetrics (RatisMetrics.java:unregister(46)) - Unregistering Metrics Registry : ratis.log_appender.b49cd372-011e-4c73-9cd9-f6b19e929270@group-5C396212DADF
2020-04-28 14:38:50,977 [org.apache.ratis.server.impl.LogAppender$AppenderDaemon$$Lambda$468/1304121429@5f1dd083] WARN  server.GrpcLogAppender (GrpcLogAppender.java:mayWait(153)) - b49cd372-011e-4c73-9cd9-f6b19e929270@group-5C396212DADF->f48396e8-f861-4ea7-9d9a-a0d4272beba6-GrpcLogAppender: Wait interrupted by java.lang.InterruptedException
2020-04-28 14:38:50,977 [main] INFO  impl.StateMachineUpdater (StateMachineUpdater.java:stopAndJoin(139)) - b49cd372-011e-4c73-9cd9-f6b19e929270@group-5C396212DADF-StateMachineUpdater: set stopIndex = 0
2020-04-28 14:38:50,978 [b49cd372-011e-4c73-9cd9-f6b19e929270@group-5C396212DADF-StateMachineUpdater] INFO  ratis.ContainerStateMachine (ContainerStateMachine.java:takeSnapshot(288)) - group-5C396212DADF: Taking a snapshot at:(t:1, i:0) file /github/workspace/mnt/ozone/hadoop-ozone/integration-test/target/test-dir/MiniOzoneClusterImpl-bcc7daa9-737a-4aaa-b298-78757390e1e5/datanode-1/data/ratis/4be9e659-e721-4184-9f8d-5c396212dadf/sm/snapshot.1_0
2020-04-28 14:38:50,978 [b49cd372-011e-4c73-9cd9-f6b19e929270@group-5C396212DADF-StateMachineUpdater] INFO  ratis.ContainerStateMachine (ContainerStateMachine.java:takeSnapshot(299)) - group-5C396212DADF: Finished taking a snapshot at:(t:1, i:0) file:/github/workspace/mnt/ozone/hadoop-ozone/integration-test/target/test-dir/MiniOzoneClusterImpl-bcc7daa9-737a-4aaa-b298-78757390e1e5/datanode-1/data/ratis/4be9e659-e721-4184-9f8d-5c396212dadf/sm/snapshot.1_0 time:0
2020-04-28 14:38:50,979 [b49cd372-011e-4c73-9cd9-f6b19e929270@group-5C396212DADF-StateMachineUpdater] INFO  impl.StateMachineUpdater (StateMachineUpdater.java:takeSnapshot(274)) - b49cd372-011e-4c73-9cd9-f6b19e929270@group-5C396212DADF-StateMachineUpdater: Took a snapshot at index 0
2020-04-28 14:38:50,979 [b49cd372-011e-4c73-9cd9-f6b19e929270@group-5C396212DADF-StateMachineUpdater] INFO  impl.StateMachineUpdater (StateMachineUpdater.java:lambda$new$0(86)) - b49cd372-011e-4c73-9cd9-f6b19e929270@group-5C396212DADF-StateMachineUpdater: snapshotIndex: updateIncreasingly -1 -> 0
2020-04-28 14:38:50,979 [b49cd372-011e-4c73-9cd9-f6b19e929270@group-5C396212DADF-StateMachineUpdater] INFO  metrics.RatisMetrics (RatisMetrics.java:unregister(46)) - Unregistering Metrics Registry : ratis.state_machine.b49cd372-011e-4c73-9cd9-f6b19e929270@group-5C396212DADF
2020-04-28 14:38:50,979 [ForkJoinPool.commonPool-worker-1] INFO  segmented.SegmentedRaftLogWorker (SegmentedRaftLogWorker.java:close(229)) - f48396e8-f861-4ea7-9d9a-a0d4272beba6@group-5C396212DADF-SegmentedRaftLogWorker close()
2020-04-28 14:38:50,980 [main] INFO  impl.RaftServerImpl (ServerState.java:close(387)) - b49cd372-011e-4c73-9cd9-f6b19e929270@group-5C396212DADF: closes. applyIndex: 0
2020-04-28 14:38:50,980 [b49cd372-011e-4c73-9cd9-f6b19e929270@group-5C396212DADF-SegmentedRaftLogWorker] INFO  segmented.SegmentedRaftLogWorker (SegmentedRaftLogWorker.java:run(321)) - b49cd372-011e-4c73-9cd9-f6b19e929270@group-5C396212DADF-SegmentedRaftLogWorker was interrupted, exiting. There are 0 tasks remaining in the queue.
2020-04-28 14:38:50,980 [ForkJoinPool.commonPool-worker-1] INFO  metrics.RatisMetrics (RatisMetrics.java:unregister(46)) - Unregistering Metrics Registry : ratis.log_worker.f48396e8-f861-4ea7-9d9a-a0d4272beba6
2020-04-28 14:38:50,981 [ForkJoinPool.commonPool-worker-1] INFO  metrics.RatisMetrics (RatisMetrics.java:unregister(46)) - Unregistering Metrics Registry : ratis.leader_election.f48396e8-f861-4ea7-9d9a-a0d4272beba6@group-5C396212DADF
2020-04-28 14:38:50,981 [ForkJoinPool.commonPool-worker-1] INFO  metrics.RatisMetrics (RatisMetrics.java:unregister(46)) - Unregistering Metrics Registry : ratis.server.f48396e8-f861-4ea7-9d9a-a0d4272beba6@group-5C396212DADF
2020-04-28 14:38:50,981 [ForkJoinPool.commonPool-worker-1] INFO  server.GrpcService (GrpcService.java:closeImpl(165)) - f48396e8-f861-4ea7-9d9a-a0d4272beba6: shutdown server with port 34957 now
2020-04-28 14:38:50,981 [main] INFO  segmented.SegmentedRaftLogWorker (SegmentedRaftLogWorker.java:close(229)) - b49cd372-011e-4c73-9cd9-f6b19e929270@group-5C396212DADF-SegmentedRaftLogWorker close()
2020-04-28 14:38:50,982 [main] INFO  metrics.RatisMetrics (RatisMetrics.java:unregister(46)) - Unregistering Metrics Registry : ratis.log_worker.b49cd372-011e-4c73-9cd9-f6b19e929270
2020-04-28 14:38:50,982 [main] INFO  metrics.RatisMetrics (RatisMetrics.java:unregister(46)) - Unregistering Metrics Registry : ratis.leader_election.b49cd372-011e-4c73-9cd9-f6b19e929270@group-5C396212DADF
2020-04-28 14:38:50,982 [main] INFO  metrics.RatisMetrics (RatisMetrics.java:unregister(46)) - Unregistering Metrics Registry : ratis.server.b49cd372-011e-4c73-9cd9-f6b19e929270@group-5C396212DADF
2020-04-28 14:38:50,983 [main] INFO  server.GrpcService (GrpcService.java:closeImpl(165)) - b49cd372-011e-4c73-9cd9-f6b19e929270: shutdown server with port 39859 now
2020-04-28 14:38:50,986 [grpc-default-executor-1] INFO  server.GrpcServerProtocolService (GrpcServerProtocolService.java:onCompleted(137)) - f48396e8-f861-4ea7-9d9a-a0d4272beba6: Completed APPEND_ENTRIES, lastRequest: b49cd372-011e-4c73-9cd9-f6b19e929270->f48396e8-f861-4ea7-9d9a-a0d4272beba6#1-t1, previous=(t:0, i:0), leaderCommit=0, initializing? false, entries: size=1, first=(t:1, i:0), CONFIGURATIONENTRY
2020-04-28 14:38:50,987 [grpc-default-executor-2] INFO  server.GrpcServerProtocolService (GrpcServerProtocolService.java:onCompleted(137)) - 049e6fea-8fea-4434-aaa3-5a2ab300f420: Completed APPEND_ENTRIES, lastRequest: b49cd372-011e-4c73-9cd9-f6b19e929270->049e6fea-8fea-4434-aaa3-5a2ab300f420#1-t1, previous=(t:0, i:0), leaderCommit=0, initializing? false, entries: size=1, first=(t:1, i:0), CONFIGURATIONENTRY
2020-04-28 14:38:50,989 [ForkJoinPool.commonPool-worker-1] INFO  server.GrpcService (GrpcService.java:closeImpl(173)) - f48396e8-f861-4ea7-9d9a-a0d4272beba6: shutdown server with port 34957 successfully
2020-04-28 14:38:50,990 [grpc-default-executor-2] INFO  server.GrpcLogAppender (GrpcLogAppender.java:onError(298)) - b49cd372-011e-4c73-9cd9-f6b19e929270@group-5C396212DADF->f48396e8-f861-4ea7-9d9a-a0d4272beba6-GrpcLogAppender is stopped
2020-04-28 14:38:51,002 [grpc-default-executor-2] INFO  server.GrpcLogAppender (GrpcLogAppender.java:onCompleted(309)) - b49cd372-011e-4c73-9cd9-f6b19e929270@group-5C396212DADF->049e6fea-8fea-4434-aaa3-5a2ab300f420-AppendLogResponseHandler: follower responses appendEntries COMPLETED
2020-04-28 14:38:51,003 [grpc-default-executor-2] INFO  impl.FollowerInfo (FollowerInfo.java:lambda$new$0(50)) - b49cd372-011e-4c73-9cd9-f6b19e929270@group-5C396212DADF->049e6fea-8fea-4434-aaa3-5a2ab300f420: nextIndex: updateUnconditionally 1 -> 0
2020-04-28 14:38:51,015 [main] INFO  server.GrpcService (GrpcService.java:closeImpl(173)) - b49cd372-011e-4c73-9cd9-f6b19e929270: shutdown server with port 39859 successfully
2020-04-28 14:38:51,030 [ForkJoinPool.commonPool-worker-1] INFO  utils.BackgroundService (BackgroundService.java:shutdown(157)) - Shutting down service BlockDeletingService
2020-04-28 14:38:51,038 [ForkJoinPool.commonPool-worker-1] INFO  statemachine.DatanodeStateMachine (DatanodeStateMachine.java:stopDaemon(424)) - Ozone container server stopped.
2020-04-28 14:38:51,044 [ForkJoinPool.commonPool-worker-1] INFO  handler.ContextHandler (ContextHandler.java:doStop(1016)) - Stopped o.e.j.w.WebAppContext@13093132{hddsDatanode,/,null,UNAVAILABLE}{jar:file:/home/user/.m2/repository/org/apache/hadoop/hadoop-hdds-container-service/0.6.0-SNAPSHOT/hadoop-hdds-container-service-0.6.0-SNAPSHOT.jar!/webapps/hddsDatanode}
2020-04-28 14:38:51,045 [ForkJoinPool.commonPool-worker-1] INFO  server.AbstractConnector (AbstractConnector.java:doStop(380)) - Stopped ServerConnector@486c2cf7{HTTP/1.1,[http/1.1]}{0.0.0.0:0}
2020-04-28 14:38:51,045 [ForkJoinPool.commonPool-worker-1] INFO  server.session (HouseKeeper.java:stopScavenging(158)) - node0 Stopped scavenging
2020-04-28 14:38:51,051 [ForkJoinPool.commonPool-worker-1] INFO  handler.ContextHandler (ContextHandler.java:doStop(1016)) - Stopped o.e.j.s.ServletContextHandler@473d26cb{static,/static,jar:file:/home/user/.m2/repository/org/apache/hadoop/hadoop-hdds-container-service/0.6.0-SNAPSHOT/hadoop-hdds-container-service-0.6.0-SNAPSHOT.jar!/webapps/static,UNAVAILABLE}
2020-04-28 14:38:51,052 [ForkJoinPool.commonPool-worker-1] INFO  handler.ContextHandler (ContextHandler.java:doStop(1016)) - Stopped o.e.j.s.ServletContextHandler@21253afe{logs,/logs,file:///github/workspace/mnt/ozone/hadoop-ozone/integration-test/target/log,UNAVAILABLE}
2020-04-28 14:38:51,066 [main] INFO  utils.BackgroundService (BackgroundService.java:shutdown(157)) - Shutting down service BlockDeletingService
2020-04-28 14:38:51,067 [main] INFO  statemachine.DatanodeStateMachine (DatanodeStateMachine.java:stopDaemon(424)) - Ozone container server stopped.
2020-04-28 14:38:51,068 [main] INFO  handler.ContextHandler (ContextHandler.java:doStop(1016)) - Stopped o.e.j.w.WebAppContext@4329ea29{hddsDatanode,/,null,UNAVAILABLE}{jar:file:/home/user/.m2/repository/org/apache/hadoop/hadoop-hdds-container-service/0.6.0-SNAPSHOT/hadoop-hdds-container-service-0.6.0-SNAPSHOT.jar!/webapps/hddsDatanode}
2020-04-28 14:38:51,068 [main] INFO  server.AbstractConnector (AbstractConnector.java:doStop(380)) - Stopped ServerConnector@54a4d15f{HTTP/1.1,[http/1.1]}{0.0.0.0:0}
2020-04-28 14:38:51,069 [main] INFO  server.session (HouseKeeper.java:stopScavenging(158)) - node0 Stopped scavenging
2020-04-28 14:38:51,069 [main] INFO  handler.ContextHandler (ContextHandler.java:doStop(1016)) - Stopped o.e.j.s.ServletContextHandler@2632a96e{static,/static,jar:file:/home/user/.m2/repository/org/apache/hadoop/hadoop-hdds-container-service/0.6.0-SNAPSHOT/hadoop-hdds-container-service-0.6.0-SNAPSHOT.jar!/webapps/static,UNAVAILABLE}
2020-04-28 14:38:51,069 [main] INFO  handler.ContextHandler (ContextHandler.java:doStop(1016)) - Stopped o.e.j.s.ServletContextHandler@23f855df{logs,/logs,file:///github/workspace/mnt/ozone/hadoop-ozone/integration-test/target/log,UNAVAILABLE}
2020-04-28 14:38:51,903 [Datanode State Machine Thread - 0] INFO  statemachine.DatanodeStateMachine (DatanodeStateMachine.java:lambda$startDaemon$0(376)) - Ozone container server started.
2020-04-28 14:38:56,053 [ForkJoinPool.commonPool-worker-1] INFO  ozoneimpl.OzoneContainer (OzoneContainer.java:stop(246)) - Attempting to stop container services.
2020-04-28 14:38:56,054 [ForkJoinPool.commonPool-worker-1] INFO  impl.RaftServerProxy (RaftServerProxy.java:lambda$close$4(314)) - 049e6fea-8fea-4434-aaa3-5a2ab300f420: close
2020-04-28 14:38:56,054 [ForkJoinPool.commonPool-worker-1] INFO  impl.RaftServerImpl (RaftServerImpl.java:lambda$shutdown$3(249)) - 049e6fea-8fea-4434-aaa3-5a2ab300f420@group-19B699229BF9: shutdown
2020-04-28 14:38:56,054 [ForkJoinPool.commonPool-worker-1] INFO  util.JmxRegister (JmxRegister.java:unregister(73)) - Successfully un-registered JMX Bean with object name Ratis:service=RaftServer,group=group-19B699229BF9,id=049e6fea-8fea-4434-aaa3-5a2ab300f420
2020-04-28 14:38:56,054 [ForkJoinPool.commonPool-worker-1] INFO  impl.RoleInfo (RoleInfo.java:shutdownLeaderState(104)) - 049e6fea-8fea-4434-aaa3-5a2ab300f420: shutdown LeaderState
2020-04-28 14:38:56,055 [ForkJoinPool.commonPool-worker-1] INFO  impl.PendingRequests (PendingRequests.java:sendNotLeaderResponses(240)) - 049e6fea-8fea-4434-aaa3-5a2ab300f420@group-19B699229BF9-PendingRequests: sendNotLeaderResponses
2020-04-28 14:38:56,055 [ForkJoinPool.commonPool-worker-1] INFO  metrics.RatisMetrics (RatisMetrics.java:unregister(46)) - Unregistering Metrics Registry : ratis.log_appender.049e6fea-8fea-4434-aaa3-5a2ab300f420@group-19B699229BF9
2020-04-28 14:38:56,055 [ForkJoinPool.commonPool-worker-1] INFO  impl.StateMachineUpdater (StateMachineUpdater.java:stopAndJoin(139)) - 049e6fea-8fea-4434-aaa3-5a2ab300f420@group-19B699229BF9-StateMachineUpdater: set stopIndex = 0
2020-04-28 14:38:56,056 [049e6fea-8fea-4434-aaa3-5a2ab300f420@group-19B699229BF9-StateMachineUpdater] INFO  ratis.ContainerStateMachine (ContainerStateMachine.java:takeSnapshot(288)) - group-19B699229BF9: Taking a snapshot at:(t:1, i:0) file /github/workspace/mnt/ozone/hadoop-ozone/integration-test/target/test-dir/MiniOzoneClusterImpl-bcc7daa9-737a-4aaa-b298-78757390e1e5/datanode-2/data/ratis/4f1d94fe-a7ee-4cc4-ae66-19b699229bf9/sm/snapshot.1_0
2020-04-28 14:38:56,056 [049e6fea-8fea-4434-aaa3-5a2ab300f420@group-19B699229BF9-StateMachineUpdater] INFO  ratis.ContainerStateMachine (ContainerStateMachine.java:takeSnapshot(299)) - group-19B699229BF9: Finished taking a snapshot at:(t:1, i:0) file:/github/workspace/mnt/ozone/hadoop-ozone/integration-test/target/test-dir/MiniOzoneClusterImpl-bcc7daa9-737a-4aaa-b298-78757390e1e5/datanode-2/data/ratis/4f1d94fe-a7ee-4cc4-ae66-19b699229bf9/sm/snapshot.1_0 time:1
2020-04-28 14:38:56,057 [049e6fea-8fea-4434-aaa3-5a2ab300f420@group-19B699229BF9-StateMachineUpdater] INFO  impl.StateMachineUpdater (StateMachineUpdater.java:takeSnapshot(274)) - 049e6fea-8fea-4434-aaa3-5a2ab300f420@group-19B699229BF9-StateMachineUpdater: Took a snapshot at index 0
2020-04-28 14:38:56,057 [049e6fea-8fea-4434-aaa3-5a2ab300f420@group-19B699229BF9-StateMachineUpdater] INFO  impl.StateMachineUpdater (StateMachineUpdater.java:lambda$new$0(86)) - 049e6fea-8fea-4434-aaa3-5a2ab300f420@group-19B699229BF9-StateMachineUpdater: snapshotIndex: updateIncreasingly -1 -> 0
2020-04-28 14:38:56,057 [049e6fea-8fea-4434-aaa3-5a2ab300f420@group-19B699229BF9-StateMachineUpdater] INFO  metrics.RatisMetrics (RatisMetrics.java:unregister(46)) - Unregistering Metrics Registry : ratis.state_machine.049e6fea-8fea-4434-aaa3-5a2ab300f420@group-19B699229BF9
2020-04-28 14:38:56,063 [ForkJoinPool.commonPool-worker-1] INFO  impl.RaftServerImpl (ServerState.java:close(387)) - 049e6fea-8fea-4434-aaa3-5a2ab300f420@group-19B699229BF9: closes. applyIndex: 0
2020-04-28 14:38:56,063 [049e6fea-8fea-4434-aaa3-5a2ab300f420@group-19B699229BF9-SegmentedRaftLogWorker] INFO  segmented.SegmentedRaftLogWorker (SegmentedRaftLogWorker.java:run(321)) - 049e6fea-8fea-4434-aaa3-5a2ab300f420@group-19B699229BF9-SegmentedRaftLogWorker was interrupted, exiting. There are 0 tasks remaining in the queue.
2020-04-28 14:38:56,064 [ForkJoinPool.commonPool-worker-1] INFO  segmented.SegmentedRaftLogWorker (SegmentedRaftLogWorker.java:close(229)) - 049e6fea-8fea-4434-aaa3-5a2ab300f420@group-19B699229BF9-SegmentedRaftLogWorker close()
2020-04-28 14:38:56,065 [ForkJoinPool.commonPool-worker-1] INFO  metrics.RatisMetrics (RatisMetrics.java:unregister(46)) - Unregistering Metrics Registry : ratis.log_worker.049e6fea-8fea-4434-aaa3-5a2ab300f420
2020-04-28 14:38:56,065 [ForkJoinPool.commonPool-worker-1] INFO  metrics.RatisMetrics (RatisMetrics.java:unregister(46)) - Unregistering Metrics Registry : ratis.leader_election.049e6fea-8fea-4434-aaa3-5a2ab300f420@group-19B699229BF9
2020-04-28 14:38:56,065 [ForkJoinPool.commonPool-worker-1] INFO  metrics.RatisMetrics (RatisMetrics.java:unregister(46)) - Unregistering Metrics Registry : ratis.server.049e6fea-8fea-4434-aaa3-5a2ab300f420@group-19B699229BF9
2020-04-28 14:38:56,065 [ForkJoinPool.commonPool-worker-1] INFO  impl.RaftServerImpl (RaftServerImpl.java:lambda$shutdown$3(249)) - 049e6fea-8fea-4434-aaa3-5a2ab300f420@group-5C396212DADF: shutdown
2020-04-28 14:38:56,065 [ForkJoinPool.commonPool-worker-1] INFO  util.JmxRegister (JmxRegister.java:unregister(73)) - Successfully un-registered JMX Bean with object name Ratis:service=RaftServer,group=group-5C396212DADF,id=049e6fea-8fea-4434-aaa3-5a2ab300f420
2020-04-28 14:38:56,065 [ForkJoinPool.commonPool-worker-1] INFO  impl.RoleInfo (RoleInfo.java:shutdownFollowerState(121)) - 049e6fea-8fea-4434-aaa3-5a2ab300f420: shutdown FollowerState
2020-04-28 14:38:56,065 [ForkJoinPool.commonPool-worker-1] INFO  impl.StateMachineUpdater (StateMachineUpdater.java:stopAndJoin(139)) - 049e6fea-8fea-4434-aaa3-5a2ab300f420@group-5C396212DADF-StateMachineUpdater: set stopIndex = 0
2020-04-28 14:38:56,066 [049e6fea-8fea-4434-aaa3-5a2ab300f420@group-5C396212DADF-StateMachineUpdater] INFO  ratis.ContainerStateMachine (ContainerStateMachine.java:takeSnapshot(288)) - group-5C396212DADF: Taking a snapshot at:(t:1, i:0) file /github/workspace/mnt/ozone/hadoop-ozone/integration-test/target/test-dir/MiniOzoneClusterImpl-bcc7daa9-737a-4aaa-b298-78757390e1e5/datanode-2/data/ratis/4be9e659-e721-4184-9f8d-5c396212dadf/sm/snapshot.1_0
2020-04-28 14:38:56,065 [Thread-1414] INFO  impl.FollowerState (FollowerState.java:run(117)) - 049e6fea-8fea-4434-aaa3-5a2ab300f420@group-5C396212DADF-FollowerState was interrupted: java.lang.InterruptedException: sleep interrupted
2020-04-28 14:38:56,067 [049e6fea-8fea-4434-aaa3-5a2ab300f420@group-5C396212DADF-StateMachineUpdater] INFO  ratis.ContainerStateMachine (ContainerStateMachine.java:takeSnapshot(299)) - group-5C396212DADF: Finished taking a snapshot at:(t:1, i:0) file:/github/workspace/mnt/ozone/hadoop-ozone/integration-test/target/test-dir/MiniOzoneClusterImpl-bcc7daa9-737a-4aaa-b298-78757390e1e5/datanode-2/data/ratis/4be9e659-e721-4184-9f8d-5c396212dadf/sm/snapshot.1_0 time:0
2020-04-28 14:38:56,068 [049e6fea-8fea-4434-aaa3-5a2ab300f420@group-5C396212DADF-StateMachineUpdater] INFO  impl.StateMachineUpdater (StateMachineUpdater.java:takeSnapshot(274)) - 049e6fea-8fea-4434-aaa3-5a2ab300f420@group-5C396212DADF-StateMachineUpdater: Took a snapshot at index 0
2020-04-28 14:38:56,068 [049e6fea-8fea-4434-aaa3-5a2ab300f420@group-5C396212DADF-StateMachineUpdater] INFO  impl.StateMachineUpdater (StateMachineUpdater.java:lambda$new$0(86)) - 049e6fea-8fea-4434-aaa3-5a2ab300f420@group-5C396212DADF-StateMachineUpdater: snapshotIndex: updateIncreasingly -1 -> 0
2020-04-28 14:38:56,068 [049e6fea-8fea-4434-aaa3-5a2ab300f420@group-5C396212DADF-StateMachineUpdater] INFO  metrics.RatisMetrics (RatisMetrics.java:unregister(46)) - Unregistering Metrics Registry : ratis.state_machine.049e6fea-8fea-4434-aaa3-5a2ab300f420@group-5C396212DADF
2020-04-28 14:38:56,068 [ForkJoinPool.commonPool-worker-1] INFO  impl.RaftServerImpl (ServerState.java:close(387)) - 049e6fea-8fea-4434-aaa3-5a2ab300f420@group-5C396212DADF: closes. applyIndex: 0
2020-04-28 14:38:56,069 [049e6fea-8fea-4434-aaa3-5a2ab300f420@group-5C396212DADF-SegmentedRaftLogWorker] INFO  segmented.SegmentedRaftLogWorker (SegmentedRaftLogWorker.java:run(321)) - 049e6fea-8fea-4434-aaa3-5a2ab300f420@group-5C396212DADF-SegmentedRaftLogWorker was interrupted, exiting. There are 0 tasks remaining in the queue.
2020-04-28 14:38:56,069 [ForkJoinPool.commonPool-worker-1] INFO  segmented.SegmentedRaftLogWorker (SegmentedRaftLogWorker.java:close(229)) - 049e6fea-8fea-4434-aaa3-5a2ab300f420@group-5C396212DADF-SegmentedRaftLogWorker close()
2020-04-28 14:38:56,070 [ForkJoinPool.commonPool-worker-1] INFO  metrics.RatisMetrics (RatisMetrics.java:unregister(46)) - Unregistering Metrics Registry : ratis.log_worker.049e6fea-8fea-4434-aaa3-5a2ab300f420
2020-04-28 14:38:56,070 [ForkJoinPool.commonPool-worker-1] INFO  metrics.RatisMetrics (RatisMetrics.java:unregister(46)) - Unregistering Metrics Registry : ratis.leader_election.049e6fea-8fea-4434-aaa3-5a2ab300f420@group-5C396212DADF
2020-04-28 14:38:56,070 [ForkJoinPool.commonPool-worker-1] INFO  metrics.RatisMetrics (RatisMetrics.java:unregister(46)) - Unregistering Metrics Registry : ratis.server.049e6fea-8fea-4434-aaa3-5a2ab300f420@group-5C396212DADF
2020-04-28 14:38:56,070 [ForkJoinPool.commonPool-worker-1] INFO  server.GrpcService (GrpcService.java:closeImpl(165)) - 049e6fea-8fea-4434-aaa3-5a2ab300f420: shutdown server with port 45965 now
2020-04-28 14:38:56,071 [ForkJoinPool.commonPool-worker-1] INFO  server.GrpcService (GrpcService.java:closeImpl(173)) - 049e6fea-8fea-4434-aaa3-5a2ab300f420: shutdown server with port 45965 successfully
2020-04-28 14:38:56,091 [ForkJoinPool.commonPool-worker-1] INFO  utils.BackgroundService (BackgroundService.java:shutdown(157)) - Shutting down service BlockDeletingService
2020-04-28 14:38:56,092 [ForkJoinPool.commonPool-worker-1] INFO  statemachine.DatanodeStateMachine (DatanodeStateMachine.java:stopDaemon(424)) - Ozone container server stopped.
2020-04-28 14:38:56,094 [ForkJoinPool.commonPool-worker-1] INFO  handler.ContextHandler (ContextHandler.java:doStop(1016)) - Stopped o.e.j.w.WebAppContext@6af1c145{hddsDatanode,/,null,UNAVAILABLE}{jar:file:/home/user/.m2/repository/org/apache/hadoop/hadoop-hdds-container-service/0.6.0-SNAPSHOT/hadoop-hdds-container-service-0.6.0-SNAPSHOT.jar!/webapps/hddsDatanode}
2020-04-28 14:38:56,096 [ForkJoinPool.commonPool-worker-1] INFO  server.AbstractConnector (AbstractConnector.java:doStop(380)) - Stopped ServerConnector@72d99216{HTTP/1.1,[http/1.1]}{0.0.0.0:0}
2020-04-28 14:38:56,096 [ForkJoinPool.commonPool-worker-1] INFO  server.session (HouseKeeper.java:stopScavenging(158)) - node0 Stopped scavenging
2020-04-28 14:38:56,097 [ForkJoinPool.commonPool-worker-1] INFO  handler.ContextHandler (ContextHandler.java:doStop(1016)) - Stopped o.e.j.s.ServletContextHandler@777546a{static,/static,jar:file:/home/user/.m2/repository/org/apache/hadoop/hadoop-hdds-container-service/0.6.0-SNAPSHOT/hadoop-hdds-container-service-0.6.0-SNAPSHOT.jar!/webapps/static,UNAVAILABLE}
2020-04-28 14:38:56,097 [ForkJoinPool.commonPool-worker-1] INFO  handler.ContextHandler (ContextHandler.java:doStop(1016)) - Stopped o.e.j.s.ServletContextHandler@610cc9af{logs,/logs,file:///github/workspace/mnt/ozone/hadoop-ozone/integration-test/target/log,UNAVAILABLE}
2020-04-28 14:38:56,099 [main] INFO  ozone.MiniOzoneClusterImpl (MiniOzoneClusterImpl.java:stopSCM(476)) - Stopping the StorageContainerManager
2020-04-28 14:38:56,099 [main] INFO  server.StorageContainerManager (StorageContainerManager.java:stop(824)) - Stopping Replication Manager Service.
2020-04-28 14:38:56,099 [main] INFO  container.ReplicationManager (ReplicationManager.java:stop(206)) - Stopping Replication Monitor Thread.
2020-04-28 14:38:56,099 [main] INFO  server.StorageContainerManager (StorageContainerManager.java:stop(831)) - Stopping Lease Manager of the command watchers
2020-04-28 14:38:56,099 [main] INFO  server.StorageContainerManager (StorageContainerManager.java:stop(838)) - Stopping datanode service RPC server
2020-04-28 14:38:56,099 [main] INFO  server.SCMDatanodeProtocolServer (SCMDatanodeProtocolServer.java:stop(361)) - Stopping the RPC server for DataNodes
2020-04-28 14:38:56,099 [main] INFO  ipc.Server (Server.java:stop(3082)) - Stopping server on 37155
2020-04-28 14:38:56,103 [IPC Server Responder] INFO  ipc.Server (Server.java:run(1319)) - Stopping IPC Server Responder
2020-04-28 14:38:56,103 [IPC Server listener on 37155] INFO  ipc.Server (Server.java:run(1185)) - Stopping IPC Server listener on 37155
2020-04-28 14:38:56,104 [CommandWatcher-LeaseManager#LeaseMonitor] ERROR lease.LeaseManager (LeaseManager.java:run(238)) - Execution was interrupted 
java.lang.InterruptedException: sleep interrupted
	at java.lang.Thread.sleep(Native Method)
	at org.apache.hadoop.ozone.lease.LeaseManager$LeaseMonitor.run(LeaseManager.java:234)
	at java.lang.Thread.run(Thread.java:748)
2020-04-28 14:38:56,105 [SCM Heartbeat Processing Thread - 0] WARN  node.NodeStateManager (NodeStateManager.java:scheduleNextHealthCheck(661)) - Current Thread is interrupted, shutting down HB processing thread for Node Manager.
2020-04-28 14:38:56,106 [main] INFO  server.StorageContainerManager (StorageContainerManager.java:stop(846)) - Stopping block service RPC server
2020-04-28 14:38:56,106 [main] INFO  server.SCMBlockProtocolServer (SCMBlockProtocolServer.java:stop(158)) - Stopping the RPC server for Block Protocol
2020-04-28 14:38:56,106 [main] INFO  ipc.Server (Server.java:stop(3082)) - Stopping server on 46581
2020-04-28 14:38:56,107 [main] INFO  server.StorageContainerManager (StorageContainerManager.java:stop(853)) - Stopping the StorageContainerLocationProtocol RPC server
2020-04-28 14:38:56,107 [main] INFO  server.SCMClientProtocolServer (SCMClientProtocolServer.java:stop(166)) - Stopping the RPC server for Client Protocol
2020-04-28 14:38:56,107 [main] INFO  ipc.Server (Server.java:stop(3082)) - Stopping server on 44693
2020-04-28 14:38:56,107 [IPC Server listener on 46581] INFO  ipc.Server (Server.java:run(1185)) - Stopping IPC Server listener on 46581
2020-04-28 14:38:56,108 [IPC Server Responder] INFO  ipc.Server (Server.java:run(1319)) - Stopping IPC Server Responder
2020-04-28 14:38:56,110 [IPC Server listener on 44693] INFO  ipc.Server (Server.java:run(1185)) - Stopping IPC Server listener on 44693
2020-04-28 14:38:56,112 [IPC Server Responder] INFO  ipc.Server (Server.java:run(1319)) - Stopping IPC Server Responder
2020-04-28 14:38:56,112 [main] INFO  server.StorageContainerManager (StorageContainerManager.java:stop(860)) - Stopping Storage Container Manager HTTP server.
2020-04-28 14:38:56,112 [main] INFO  handler.ContextHandler (ContextHandler.java:doStop(1016)) - Stopped o.e.j.w.WebAppContext@33bb8859{scm,/,null,UNAVAILABLE}{file:/github/workspace/mnt/ozone/hadoop-ozone/integration-test/target/test-classes/webapps/scm}
2020-04-28 14:38:56,113 [main] INFO  server.AbstractConnector (AbstractConnector.java:doStop(380)) - Stopped ServerConnector@69bdb27c{HTTP/1.1,[http/1.1]}{0.0.0.0:0}
2020-04-28 14:38:56,113 [main] INFO  server.session (HouseKeeper.java:stopScavenging(158)) - node0 Stopped scavenging
2020-04-28 14:38:56,113 [main] INFO  handler.ContextHandler (ContextHandler.java:doStop(1016)) - Stopped o.e.j.s.ServletContextHandler@23c9da95{static,/static,file:///github/workspace/mnt/ozone/hadoop-ozone/integration-test/target/test-classes/webapps/static,UNAVAILABLE}
2020-04-28 14:38:56,114 [main] INFO  handler.ContextHandler (ContextHandler.java:doStop(1016)) - Stopped o.e.j.s.ServletContextHandler@3e1d79ad{logs,/logs,file:///github/workspace/mnt/ozone/hadoop-ozone/integration-test/target/log,UNAVAILABLE}
2020-04-28 14:38:56,115 [main] INFO  server.StorageContainerManager (StorageContainerManager.java:stop(871)) - Stopping Block Manager Service.
2020-04-28 14:38:56,115 [main] INFO  utils.BackgroundService (BackgroundService.java:shutdown(157)) - Shutting down service SCMBlockDeletingService
2020-04-28 14:38:56,115 [main] INFO  utils.BackgroundService (BackgroundService.java:shutdown(157)) - Shutting down service SCMBlockDeletingService
2020-04-28 14:38:56,116 [main] INFO  server.StorageContainerManager (StorageContainerManager.java:stop(896)) - Stopping SCM Event Queue.
2020-04-28 14:38:56,122 [main] INFO  impl.MetricsSystemImpl (MetricsSystemImpl.java:stop(210)) - Stopping HddsDatanode metrics system...
2020-04-28 14:38:56,126 [prometheus] INFO  impl.MetricsSinkAdapter (MetricsSinkAdapter.java:publishMetricsFromQueue(141)) - prometheus thread interrupted.
2020-04-28 14:38:56,127 [main] INFO  impl.MetricsSystemImpl (MetricsSystemImpl.java:stop(216)) - HddsDatanode metrics system stopped.
]]></system-out>
    <system-err><![CDATA[ERROR StatusLogger No Log4j 2 configuration file found. Using default configuration (logging only errors to the console), or user programmatically provided configurations. Set system property 'log4j2.debug' to show Log4j 2 internal initialization logging. See https://logging.apache.org/log4j/2.x/manual/configuration.html for instructions on how to configure Log4j 2
]]></system-err>
  </testcase>
  <testcase name="testNoOMAddrs" classname="org.apache.hadoop.ozone.om.TestOzoneManagerConfiguration" time="0.272"/>
  <testcase name="testNoOMNodes" classname="org.apache.hadoop.ozone.om.TestOzoneManagerConfiguration" time="0.273"/>
  <testcase name="testWrongConfiguration" classname="org.apache.hadoop.ozone.om.TestOzoneManagerConfiguration" time="9.686"/>
  <testcase name="testNoConfiguredOMAddress" classname="org.apache.hadoop.ozone.om.TestOzoneManagerConfiguration" time="23.822"/>
  <testcase name="testSingleNodeOMservice" classname="org.apache.hadoop.ozone.om.TestOzoneManagerConfiguration" time="22.939"/>
  <testcase name="testMultipleOMServiceIds" classname="org.apache.hadoop.ozone.om.TestOzoneManagerConfiguration" time="31.832"/>
  <testcase name="testThreeNodeOMservice" classname="org.apache.hadoop.ozone.om.TestOzoneManagerConfiguration" time="36.041"/>
</testsuite>