<?xml version="1.0" encoding="UTF-8"?>
<testsuite xmlns:xsi="http://www.w3.org/2001/XMLSchema-instance" xsi:noNamespaceSchemaLocation="https://maven.apache.org/surefire/maven-surefire-plugin/xsd/surefire-test-report.xsd" name="org.apache.hadoop.ozone.client.rpc.TestBlockOutputStreamWithFailuresFlushDelay" time="668.399" tests="5" errors="1" skipped="0" failures="0">
  <properties>
    <property name="awt.toolkit" value="sun.awt.X11.XToolkit"/>
    <property name="file.encoding.pkg" value="sun.io"/>
    <property name="java.specification.version" value="1.8"/>
    <property name="sun.cpu.isalist" value=""/>
    <property name="sun.jnu.encoding" value="UTF-8"/>
    <property name="java.class.path" value="/home/runner/work/ozone/ozone/hadoop-ozone/integration-test/target/test-classes:/home/runner/work/ozone/ozone/hadoop-ozone/integration-test/target/classes:/home/runner/.m2/repository/org/apache/ozone/ozone-common/1.2.0-SNAPSHOT/ozone-common-1.2.0-SNAPSHOT.jar:/home/runner/.m2/repository/org/apache/commons/commons-compress/1.21/commons-compress-1.21.jar:/home/runner/.m2/repository/org/apache/ozone/hdds-common/1.2.0-SNAPSHOT/hdds-common-1.2.0-SNAPSHOT.jar:/home/runner/.m2/repository/org/apache/ozone/hdds-client/1.2.0-SNAPSHOT/hdds-client-1.2.0-SNAPSHOT.jar:/home/runner/.m2/repository/org/apache/ozone/ozone-interface-client/1.2.0-SNAPSHOT/ozone-interface-client-1.2.0-SNAPSHOT.jar:/home/runner/.m2/repository/org/apache/ozone/hdds-test-utils/1.2.0-SNAPSHOT/hdds-test-utils-1.2.0-SNAPSHOT.jar:/home/runner/.m2/repository/com/google/guava/guava/30.1.1-jre/guava-30.1.1-jre.jar:/home/runner/.m2/repository/com/google/guava/failureaccess/1.0.1/failureaccess-1.0.1.jar:/home/runner/.m2/repository/com/google/guava/listenablefuture/9999.0-empty-to-avoid-conflict-with-guava/listenablefuture-9999.0-empty-to-avoid-conflict-with-guava.jar:/home/runner/.m2/repository/com/google/code/findbugs/jsr305/3.0.0/jsr305-3.0.0.jar:/home/runner/.m2/repository/org/checkerframework/checker-qual/3.8.0/checker-qual-3.8.0.jar:/home/runner/.m2/repository/com/google/errorprone/error_prone_annotations/2.2.0/error_prone_annotations-2.2.0.jar:/home/runner/.m2/repository/com/google/j2objc/j2objc-annotations/1.3/j2objc-annotations-1.3.jar:/home/runner/.m2/repository/commons-io/commons-io/2.11.0/commons-io-2.11.0.jar:/home/runner/.m2/repository/commons-logging/commons-logging/1.2/commons-logging-1.2.jar:/home/runner/.m2/repository/log4j/log4j/1.2.17/log4j-1.2.17.jar:/home/runner/.m2/repository/org/slf4j/slf4j-api/1.7.30/slf4j-api-1.7.30.jar:/home/runner/.m2/repository/org/apache/ozone/hdds-server-scm/1.2.0-SNAPSHOT/hdds-server-scm-1.2.0-SNAPSHOT.jar:/home/runner/.m2/repository/org/apache/ozone/hdds-container-service/1.2.0-SNAPSHOT/hdds-container-service-1.2.0-SNAPSHOT.jar:/home/runner/.m2/repository/org/apache/ozone/hdds-hadoop-dependency-server/1.2.0-SNAPSHOT/hdds-hadoop-dependency-server-1.2.0-SNAPSHOT.jar:/home/runner/.m2/repository/org/apache/hadoop/hadoop-hdfs/3.3.1/hadoop-hdfs-3.3.1.jar:/home/runner/.m2/repository/org/apache/ozone/hdds-server-framework/1.2.0-SNAPSHOT/hdds-server-framework-1.2.0-SNAPSHOT.jar:/home/runner/.m2/repository/org/apache/ozone/hdds-interface-server/1.2.0-SNAPSHOT/hdds-interface-server-1.2.0-SNAPSHOT.jar:/home/runner/.m2/repository/org/eclipse/jetty/jetty-servlet/9.4.43.v20210629/jetty-servlet-9.4.43.v20210629.jar:/home/runner/.m2/repository/org/eclipse/jetty/jetty-security/9.4.43.v20210629/jetty-security-9.4.43.v20210629.jar:/home/runner/.m2/repository/org/rocksdb/rocksdbjni/6.20.3/rocksdbjni-6.20.3.jar:/home/runner/.m2/repository/io/prometheus/simpleclient_dropwizard/0.7.0/simpleclient_dropwizard-0.7.0.jar:/home/runner/.m2/repository/io/prometheus/simpleclient/0.7.0/simpleclient-0.7.0.jar:/home/runner/.m2/repository/io/prometheus/simpleclient_common/0.7.0/simpleclient_common-0.7.0.jar:/home/runner/.m2/repository/com/fasterxml/jackson/datatype/jackson-datatype-jsr310/2.12.1/jackson-datatype-jsr310-2.12.1.jar:/home/runner/.m2/repository/io/dropwizard/metrics/metrics-core/3.2.4/metrics-core-3.2.4.jar:/home/runner/.m2/repository/org/apache/hadoop/hadoop-hdfs-client/3.3.1/hadoop-hdfs-client-3.3.1.jar:/home/runner/.m2/repository/org/bouncycastle/bcprov-jdk15on/1.67/bcprov-jdk15on-1.67.jar:/home/runner/.m2/repository/com/google/protobuf/protobuf-java/2.5.0/protobuf-java-2.5.0.jar:/home/runner/.m2/repository/org/apache/ozone/ozone-manager/1.2.0-SNAPSHOT/ozone-manager-1.2.0-SNAPSHOT.jar:/home/runner/.m2/repository/org/aspectj/aspectjrt/1.9.7/aspectjrt-1.9.7.jar:/home/runner/.m2/repository/org/aspectj/aspectjweaver/1.9.7/aspectjweaver-1.9.7.jar:/home/runner/.m2/repository/org/apache/ozone/hdds-interface-client/1.2.0-SNAPSHOT/hdds-interface-client-1.2.0-SNAPSHOT.jar:/home/runner/.m2/repository/org/apache/hadoop/thirdparty/hadoop-shaded-protobuf_3_7/1.1.1/hadoop-shaded-protobuf_3_7-1.1.1.jar:/home/runner/.m2/repository/org/apache/ozone/ozone-interface-storage/1.2.0-SNAPSHOT/ozone-interface-storage-1.2.0-SNAPSHOT.jar:/home/runner/.m2/repository/org/reflections/reflections/0.9.11/reflections-0.9.11.jar:/home/runner/.m2/repository/org/apache/hadoop/hadoop-minikdc/3.3.1/hadoop-minikdc-3.3.1.jar:/home/runner/.m2/repository/org/apache/kerby/kerb-simplekdc/1.0.1/kerb-simplekdc-1.0.1.jar:/home/runner/.m2/repository/org/apache/kerby/kerb-client/1.0.1/kerb-client-1.0.1.jar:/home/runner/.m2/repository/org/apache/kerby/kerby-config/1.0.1/kerby-config-1.0.1.jar:/home/runner/.m2/repository/org/apache/kerby/kerb-common/1.0.1/kerb-common-1.0.1.jar:/home/runner/.m2/repository/org/apache/kerby/kerb-crypto/1.0.1/kerb-crypto-1.0.1.jar:/home/runner/.m2/repository/org/apache/kerby/kerb-util/1.0.1/kerb-util-1.0.1.jar:/home/runner/.m2/repository/org/apache/kerby/token-provider/1.0.1/token-provider-1.0.1.jar:/home/runner/.m2/repository/org/apache/kerby/kerb-admin/1.0.1/kerb-admin-1.0.1.jar:/home/runner/.m2/repository/org/apache/kerby/kerb-server/1.0.1/kerb-server-1.0.1.jar:/home/runner/.m2/repository/org/apache/kerby/kerb-identity/1.0.1/kerb-identity-1.0.1.jar:/home/runner/.m2/repository/org/apache/kerby/kerby-xdr/1.0.1/kerby-xdr-1.0.1.jar:/home/runner/.m2/repository/org/slf4j/slf4j-log4j12/1.7.30/slf4j-log4j12-1.7.30.jar:/home/runner/.m2/repository/org/apache/ozone/ozone-s3gateway/1.2.0-SNAPSHOT/ozone-s3gateway-1.2.0-SNAPSHOT.jar:/home/runner/.m2/repository/org/javassist/javassist/3.21.0-GA/javassist-3.21.0-GA.jar:/home/runner/.m2/repository/org/jboss/weld/servlet/weld-servlet/2.4.7.Final/weld-servlet-2.4.7.Final.jar:/home/runner/.m2/repository/org/glassfish/jersey/containers/jersey-container-servlet-core/2.33/jersey-container-servlet-core-2.33.jar:/home/runner/.m2/repository/org/glassfish/hk2/external/jakarta.inject/2.6.1/jakarta.inject-2.6.1.jar:/home/runner/.m2/repository/org/glassfish/jersey/core/jersey-common/2.33/jersey-common-2.33.jar:/home/runner/.m2/repository/jakarta/ws/rs/jakarta.ws.rs-api/2.1.6/jakarta.ws.rs-api-2.1.6.jar:/home/runner/.m2/repository/org/glassfish/jersey/ext/cdi/jersey-cdi1x/2.33/jersey-cdi1x-2.33.jar:/home/runner/.m2/repository/org/glassfish/jersey/inject/jersey-hk2/2.33/jersey-hk2-2.33.jar:/home/runner/.m2/repository/org/glassfish/hk2/hk2-locator/2.6.1/hk2-locator-2.6.1.jar:/home/runner/.m2/repository/org/glassfish/jersey/media/jersey-media-jaxb/2.33/jersey-media-jaxb-2.33.jar:/home/runner/.m2/repository/org/glassfish/hk2/osgi-resource-locator/1.0.3/osgi-resource-locator-1.0.3.jar:/home/runner/.m2/repository/org/glassfish/hk2/hk2-api/2.5.0/hk2-api-2.5.0.jar:/home/runner/.m2/repository/org/glassfish/hk2/hk2-utils/2.5.0/hk2-utils-2.5.0.jar:/home/runner/.m2/repository/org/glassfish/hk2/external/aopalliance-repackaged/2.5.0/aopalliance-repackaged-2.5.0.jar:/home/runner/.m2/repository/com/fasterxml/jackson/dataformat/jackson-dataformat-xml/2.12.1/jackson-dataformat-xml-2.12.1.jar:/home/runner/.m2/repository/com/fasterxml/jackson/core/jackson-core/2.12.1/jackson-core-2.12.1.jar:/home/runner/.m2/repository/com/fasterxml/jackson/module/jackson-module-jaxb-annotations/2.12.1/jackson-module-jaxb-annotations-2.12.1.jar:/home/runner/.m2/repository/jakarta/xml/bind/jakarta.xml.bind-api/2.3.2/jakarta.xml.bind-api-2.3.2.jar:/home/runner/.m2/repository/org/codehaus/woodstox/stax2-api/3.1.4/stax2-api-3.1.4.jar:/home/runner/.m2/repository/com/fasterxml/woodstox/woodstox-core/5.0.3/woodstox-core-5.0.3.jar:/home/runner/.m2/repository/javax/enterprise/cdi-api/1.2/cdi-api-1.2.jar:/home/runner/.m2/repository/javax/el/javax.el-api/3.0.0/javax.el-api-3.0.0.jar:/home/runner/.m2/repository/javax/interceptor/javax.interceptor-api/1.2/javax.interceptor-api-1.2.jar:/home/runner/.m2/repository/javax/inject/javax.inject/1/javax.inject-1.jar:/home/runner/.m2/repository/javax/xml/bind/jaxb-api/2.3.0/jaxb-api-2.3.0.jar:/home/runner/.m2/repository/org/glassfish/jaxb/jaxb-runtime/2.3.0.1/jaxb-runtime-2.3.0.1.jar:/home/runner/.m2/repository/org/glassfish/jaxb/jaxb-core/2.3.0.1/jaxb-core-2.3.0.1.jar:/home/runner/.m2/repository/org/glassfish/jaxb/txw2/2.3.0.1/txw2-2.3.0.1.jar:/home/runner/.m2/repository/com/sun/istack/istack-commons-runtime/3.0.5/istack-commons-runtime-3.0.5.jar:/home/runner/.m2/repository/org/jvnet/staxex/stax-ex/1.7.8/stax-ex-1.7.8.jar:/home/runner/.m2/repository/com/sun/xml/fastinfoset/FastInfoset/1.2.13/FastInfoset-1.2.13.jar:/home/runner/.m2/repository/javax/activation/activation/1.1.1/activation-1.1.1.jar:/home/runner/.m2/repository/org/apache/ozone/ozone-csi/1.2.0-SNAPSHOT/ozone-csi-1.2.0-SNAPSHOT.jar:/home/runner/.m2/repository/com/google/protobuf/protobuf-java-util/3.12.0/protobuf-java-util-3.12.0.jar:/home/runner/.m2/repository/com/google/code/gson/gson/2.2.4/gson-2.2.4.jar:/home/runner/.m2/repository/org/apache/ozone/hdds-config/1.2.0-SNAPSHOT/hdds-config-1.2.0-SNAPSHOT.jar:/home/runner/.m2/repository/io/grpc/grpc-netty/1.33.0/grpc-netty-1.33.0.jar:/home/runner/.m2/repository/io/grpc/grpc-core/1.33.0/grpc-core-1.33.0.jar:/home/runner/.m2/repository/com/google/android/annotations/4.1.1.4/annotations-4.1.1.4.jar:/home/runner/.m2/repository/io/netty/netty-codec-http2/4.1.63.Final/netty-codec-http2-4.1.63.Final.jar:/home/runner/.m2/repository/io/netty/netty-codec-http/4.1.63.Final/netty-codec-http-4.1.63.Final.jar:/home/runner/.m2/repository/io/netty/netty-handler-proxy/4.1.63.Final/netty-handler-proxy-4.1.63.Final.jar:/home/runner/.m2/repository/io/netty/netty-codec-socks/4.1.63.Final/netty-codec-socks-4.1.63.Final.jar:/home/runner/.m2/repository/io/perfmark/perfmark-api/0.19.0/perfmark-api-0.19.0.jar:/home/runner/.m2/repository/org/codehaus/mojo/animal-sniffer-annotations/1.18/animal-sniffer-annotations-1.18.jar:/home/runner/.m2/repository/io/netty/netty-transport-native-epoll/4.1.63.Final/netty-transport-native-epoll-4.1.63.Final.jar:/home/runner/.m2/repository/io/netty/netty-common/4.1.63.Final/netty-common-4.1.63.Final.jar:/home/runner/.m2/repository/io/netty/netty-buffer/4.1.63.Final/netty-buffer-4.1.63.Final.jar:/home/runner/.m2/repository/io/netty/netty-transport-native-unix-common/4.1.63.Final/netty-transport-native-unix-common-4.1.63.Final.jar:/home/runner/.m2/repository/io/grpc/grpc-protobuf/1.33.0/grpc-protobuf-1.33.0.jar:/home/runner/.m2/repository/io/grpc/grpc-api/1.33.0/grpc-api-1.33.0.jar:/home/runner/.m2/repository/io/grpc/grpc-context/1.33.0/grpc-context-1.33.0.jar:/home/runner/.m2/repository/com/google/api/grpc/proto-google-common-protos/1.17.0/proto-google-common-protos-1.17.0.jar:/home/runner/.m2/repository/io/grpc/grpc-protobuf-lite/1.33.0/grpc-protobuf-lite-1.33.0.jar:/home/runner/.m2/repository/io/grpc/grpc-stub/1.33.0/grpc-stub-1.33.0.jar:/home/runner/.m2/repository/org/apache/ozone/ozone-recon/1.2.0-SNAPSHOT/ozone-recon-1.2.0-SNAPSHOT.jar:/home/runner/.m2/repository/org/apache/ozone/ozone-reconcodegen/1.2.0-SNAPSHOT/ozone-reconcodegen-1.2.0-SNAPSHOT.jar:/home/runner/.m2/repository/com/google/inject/extensions/guice-multibindings/4.0/guice-multibindings-4.0.jar:/home/runner/.m2/repository/com/google/inject/guice/4.0/guice-4.0.jar:/home/runner/.m2/repository/aopalliance/aopalliance/1.0/aopalliance-1.0.jar:/home/runner/.m2/repository/com/google/inject/extensions/guice-assistedinject/4.0/guice-assistedinject-4.0.jar:/home/runner/.m2/repository/com/google/inject/extensions/guice-servlet/4.0/guice-servlet-4.0.jar:/home/runner/.m2/repository/org/glassfish/jersey/containers/jersey-container-servlet/2.33/jersey-container-servlet-2.33.jar:/home/runner/.m2/repository/org/glassfish/hk2/guice-bridge/2.5.0/guice-bridge-2.5.0.jar:/home/runner/.m2/repository/org/glassfish/jersey/core/jersey-server/2.33/jersey-server-2.33.jar:/home/runner/.m2/repository/org/glassfish/jersey/core/jersey-client/2.33/jersey-client-2.33.jar:/home/runner/.m2/repository/jakarta/annotation/jakarta.annotation-api/1.3.5/jakarta.annotation-api-1.3.5.jar:/home/runner/.m2/repository/jakarta/validation/jakarta.validation-api/2.0.2/jakarta.validation-api-2.0.2.jar:/home/runner/.m2/repository/org/glassfish/jersey/media/jersey-media-json-jackson/2.33/jersey-media-json-jackson-2.33.jar:/home/runner/.m2/repository/org/glassfish/jersey/ext/jersey-entity-filtering/2.33/jersey-entity-filtering-2.33.jar:/home/runner/.m2/repository/org/jooq/jooq/3.11.10/jooq-3.11.10.jar:/home/runner/.m2/repository/org/jooq/jooq-meta/3.11.10/jooq-meta-3.11.10.jar:/home/runner/.m2/repository/org/jooq/jooq-codegen/3.11.10/jooq-codegen-3.11.10.jar:/home/runner/.m2/repository/com/jolbox/bonecp/0.8.0.RELEASE/bonecp-0.8.0.RELEASE.jar:/home/runner/.m2/repository/org/apache/derby/derby/10.14.2.0/derby-10.14.2.0.jar:/home/runner/.m2/repository/org/xerial/sqlite-jdbc/3.25.2/sqlite-jdbc-3.25.2.jar:/home/runner/.m2/repository/org/springframework/spring-jdbc/5.2.17.RELEASE/spring-jdbc-5.2.17.RELEASE.jar:/home/runner/.m2/repository/org/springframework/spring-beans/5.2.17.RELEASE/spring-beans-5.2.17.RELEASE.jar:/home/runner/.m2/repository/org/springframework/spring-core/5.2.17.RELEASE/spring-core-5.2.17.RELEASE.jar:/home/runner/.m2/repository/org/springframework/spring-jcl/5.2.17.RELEASE/spring-jcl-5.2.17.RELEASE.jar:/home/runner/.m2/repository/org/springframework/spring-tx/5.2.17.RELEASE/spring-tx-5.2.17.RELEASE.jar:/home/runner/.m2/repository/org/apache/ozone/ozone-client/1.2.0-SNAPSHOT/ozone-client-1.2.0-SNAPSHOT.jar:/home/runner/.m2/repository/org/apache/ozone/ozone-filesystem/1.2.0-SNAPSHOT/ozone-filesystem-1.2.0-SNAPSHOT.jar:/home/runner/.m2/repository/org/apache/ozone/ozone-filesystem-common/1.2.0-SNAPSHOT/ozone-filesystem-common-1.2.0-SNAPSHOT.jar:/home/runner/.m2/repository/org/apache/ozone/ozone-tools/1.2.0-SNAPSHOT/ozone-tools-1.2.0-SNAPSHOT.jar:/home/runner/.m2/repository/org/apache/ratis/ratis-tools/2.2.0/ratis-tools-2.2.0.jar:/home/runner/.m2/repository/com/amazonaws/aws-java-sdk-core/1.11.1034/aws-java-sdk-core-1.11.1034.jar:/home/runner/.m2/repository/org/apache/httpcomponents/httpclient/4.5.13/httpclient-4.5.13.jar:/home/runner/.m2/repository/org/apache/httpcomponents/httpcore/4.4.13/httpcore-4.4.13.jar:/home/runner/.m2/repository/software/amazon/ion/ion-java/1.0.2/ion-java-1.0.2.jar:/home/runner/.m2/repository/com/fasterxml/jackson/dataformat/jackson-dataformat-cbor/2.12.1/jackson-dataformat-cbor-2.12.1.jar:/home/runner/.m2/repository/joda-time/joda-time/2.8.1/joda-time-2.8.1.jar:/home/runner/.m2/repository/com/amazonaws/aws-java-sdk-s3/1.11.1034/aws-java-sdk-s3-1.11.1034.jar:/home/runner/.m2/repository/com/amazonaws/aws-java-sdk-kms/1.11.1034/aws-java-sdk-kms-1.11.1034.jar:/home/runner/.m2/repository/com/amazonaws/jmespath-java/1.11.1034/jmespath-java-1.11.1034.jar:/home/runner/.m2/repository/org/kohsuke/metainf-services/metainf-services/1.8/metainf-services-1.8.jar:/home/runner/.m2/repository/org/apache/ozone/hdds-tools/1.2.0-SNAPSHOT/hdds-tools-1.2.0-SNAPSHOT.jar:/home/runner/.m2/repository/commons-cli/commons-cli/1.2/commons-cli-1.2.jar:/home/runner/.m2/repository/org/apache/commons/commons-lang3/3.7/commons-lang3-3.7.jar:/home/runner/.m2/repository/org/apache/ozone/ozone-manager/1.2.0-SNAPSHOT/ozone-manager-1.2.0-SNAPSHOT-tests.jar:/home/runner/.m2/repository/org/apache/ozone/hdds-common/1.2.0-SNAPSHOT/hdds-common-1.2.0-SNAPSHOT-tests.jar:/home/runner/.m2/repository/org/apache/ozone/hdds-hadoop-dependency-client/1.2.0-SNAPSHOT/hdds-hadoop-dependency-client-1.2.0-SNAPSHOT.jar:/home/runner/.m2/repository/info/picocli/picocli/4.6.1/picocli-4.6.1.jar:/home/runner/.m2/repository/com/fasterxml/jackson/core/jackson-annotations/2.12.1/jackson-annotations-2.12.1.jar:/home/runner/.m2/repository/javax/annotation/javax.annotation-api/1.2/javax.annotation-api-1.2.jar:/home/runner/.m2/repository/org/apache/ratis/ratis-server/2.2.0/ratis-server-2.2.0.jar:/home/runner/.m2/repository/org/apache/ratis/ratis-client/2.2.0/ratis-client-2.2.0.jar:/home/runner/.m2/repository/org/apache/ratis/ratis-server-api/2.2.0/ratis-server-api-2.2.0.jar:/home/runner/.m2/repository/org/apache/ratis/ratis-metrics/2.2.0/ratis-metrics-2.2.0.jar:/home/runner/.m2/repository/org/apache/ratis/ratis-netty/2.2.0/ratis-netty-2.2.0.jar:/home/runner/.m2/repository/org/apache/ratis/ratis-grpc/2.2.0/ratis-grpc-2.2.0.jar:/home/runner/.m2/repository/org/apache/logging/log4j/log4j-api/2.13.3/log4j-api-2.13.3.jar:/home/runner/.m2/repository/org/apache/logging/log4j/log4j-core/2.13.3/log4j-core-2.13.3.jar:/home/runner/.m2/repository/com/lmax/disruptor/3.4.2/disruptor-3.4.2.jar:/home/runner/.m2/repository/org/apache/commons/commons-pool2/2.6.0/commons-pool2-2.6.0.jar:/home/runner/.m2/repository/org/bouncycastle/bcpkix-jdk15on/1.67/bcpkix-jdk15on-1.67.jar:/home/runner/.m2/repository/commons-validator/commons-validator/1.6/commons-validator-1.6.jar:/home/runner/.m2/repository/commons-beanutils/commons-beanutils/1.9.4/commons-beanutils-1.9.4.jar:/home/runner/.m2/repository/commons-digester/commons-digester/1.8.1/commons-digester-1.8.1.jar:/home/runner/.m2/repository/commons-collections/commons-collections/3.2.2/commons-collections-3.2.2.jar:/home/runner/.m2/repository/io/jaegertracing/jaeger-client/1.6.0/jaeger-client-1.6.0.jar:/home/runner/.m2/repository/io/jaegertracing/jaeger-thrift/1.6.0/jaeger-thrift-1.6.0.jar:/home/runner/.m2/repository/org/apache/thrift/libthrift/0.14.1/libthrift-0.14.1.jar:/home/runner/.m2/repository/com/squareup/okhttp3/okhttp/4.9.0/okhttp-4.9.0.jar:/home/runner/.m2/repository/com/squareup/okio/okio/2.8.0/okio-2.8.0.jar:/home/runner/.m2/repository/io/jaegertracing/jaeger-core/1.6.0/jaeger-core-1.6.0.jar:/home/runner/.m2/repository/io/jaegertracing/jaeger-tracerresolver/1.6.0/jaeger-tracerresolver-1.6.0.jar:/home/runner/.m2/repository/io/opentracing/contrib/opentracing-tracerresolver/0.1.8/opentracing-tracerresolver-0.1.8.jar:/home/runner/.m2/repository/org/jetbrains/kotlin/kotlin-stdlib/1.4.31/kotlin-stdlib-1.4.31.jar:/home/runner/.m2/repository/org/jetbrains/kotlin/kotlin-stdlib-common/1.4.31/kotlin-stdlib-common-1.4.31.jar:/home/runner/.m2/repository/org/jetbrains/annotations/13.0/annotations-13.0.jar:/home/runner/.m2/repository/io/opentracing/opentracing-util/0.33.0/opentracing-util-0.33.0.jar:/home/runner/.m2/repository/io/opentracing/opentracing-api/0.33.0/opentracing-api-0.33.0.jar:/home/runner/.m2/repository/io/opentracing/opentracing-noop/0.33.0/opentracing-noop-0.33.0.jar:/home/runner/.m2/repository/org/yaml/snakeyaml/1.26/snakeyaml-1.26.jar:/home/runner/.m2/repository/org/apache/ozone/hdds-interface-admin/1.2.0-SNAPSHOT/hdds-interface-admin-1.2.0-SNAPSHOT.jar:/home/runner/.m2/repository/junit/junit/4.13.1/junit-4.13.1.jar:/home/runner/.m2/repository/org/hamcrest/hamcrest-core/1.3/hamcrest-core-1.3.jar:/home/runner/.m2/repository/org/junit/jupiter/junit-jupiter-api/5.7.0/junit-jupiter-api-5.7.0.jar:/home/runner/.m2/repository/org/apiguardian/apiguardian-api/1.1.0/apiguardian-api-1.1.0.jar:/home/runner/.m2/repository/org/opentest4j/opentest4j/1.2.0/opentest4j-1.2.0.jar:/home/runner/.m2/repository/org/junit/platform/junit-platform-commons/1.7.0/junit-platform-commons-1.7.0.jar:/home/runner/.m2/repository/org/junit/jupiter/junit-jupiter-engine/5.7.0/junit-jupiter-engine-5.7.0.jar:/home/runner/.m2/repository/org/junit/platform/junit-platform-engine/1.7.0/junit-platform-engine-1.7.0.jar:/home/runner/.m2/repository/org/junit/vintage/junit-vintage-engine/5.7.0/junit-vintage-engine-5.7.0.jar:/home/runner/.m2/repository/org/junit/platform/junit-platform-launcher/1.7.0/junit-platform-launcher-1.7.0.jar:/home/runner/.m2/repository/org/openjdk/jmh/jmh-core/1.19/jmh-core-1.19.jar:/home/runner/.m2/repository/net/sf/jopt-simple/jopt-simple/4.6/jopt-simple-4.6.jar:/home/runner/.m2/repository/org/apache/commons/commons-math3/3.1.1/commons-math3-3.1.1.jar:/home/runner/.m2/repository/org/openjdk/jmh/jmh-generator-annprocess/1.19/jmh-generator-annprocess-1.19.jar:/home/runner/.m2/repository/org/mockito/mockito-core/2.28.2/mockito-core-2.28.2.jar:/home/runner/.m2/repository/net/bytebuddy/byte-buddy/1.9.10/byte-buddy-1.9.10.jar:/home/runner/.m2/repository/net/bytebuddy/byte-buddy-agent/1.9.10/byte-buddy-agent-1.9.10.jar:/home/runner/.m2/repository/org/objenesis/objenesis/1.0/objenesis-1.0.jar:/home/runner/.m2/repository/org/apache/hadoop/hadoop-kms/3.3.1/hadoop-kms-3.3.1.jar:/home/runner/.m2/repository/org/apache/hadoop/hadoop-auth/3.3.1/hadoop-auth-3.3.1.jar:/home/runner/.m2/repository/com/nimbusds/nimbus-jose-jwt/7.9/nimbus-jose-jwt-7.9.jar:/home/runner/.m2/repository/com/github/stephenc/jcip/jcip-annotations/1.0-1/jcip-annotations-1.0-1.jar:/home/runner/.m2/repository/net/minidev/json-smart/2.3.1/json-smart-2.3.1.jar:/home/runner/.m2/repository/net/minidev/accessors-smart/2.3.1/accessors-smart-2.3.1.jar:/home/runner/.m2/repository/org/ow2/asm/asm/5.0.4/asm-5.0.4.jar:/home/runner/.m2/repository/org/apache/zookeeper/zookeeper/3.5.6/zookeeper-3.5.6.jar:/home/runner/.m2/repository/org/apache/zookeeper/zookeeper-jute/3.5.6/zookeeper-jute-3.5.6.jar:/home/runner/.m2/repository/org/apache/yetus/audience-annotations/0.5.0/audience-annotations-0.5.0.jar:/home/runner/.m2/repository/org/apache/curator/curator-framework/4.2.0/curator-framework-4.2.0.jar:/home/runner/.m2/repository/org/apache/hadoop/thirdparty/hadoop-shaded-guava/1.1.1/hadoop-shaded-guava-1.1.1.jar:/home/runner/.m2/repository/com/sun/jersey/jersey-core/1.19/jersey-core-1.19.jar:/home/runner/.m2/repository/javax/ws/rs/jsr311-api/1.1.1/jsr311-api-1.1.1.jar:/home/runner/.m2/repository/com/sun/jersey/jersey-server/1.19/jersey-server-1.19.jar:/home/runner/.m2/repository/javax/servlet/javax.servlet-api/3.1.0/javax.servlet-api-3.1.0.jar:/home/runner/.m2/repository/org/eclipse/jetty/jetty-server/9.4.43.v20210629/jetty-server-9.4.43.v20210629.jar:/home/runner/.m2/repository/org/eclipse/jetty/jetty-http/9.4.43.v20210629/jetty-http-9.4.43.v20210629.jar:/home/runner/.m2/repository/org/eclipse/jetty/jetty-io/9.4.43.v20210629/jetty-io-9.4.43.v20210629.jar:/home/runner/.m2/repository/org/eclipse/jetty/jetty-webapp/9.4.43.v20210629/jetty-webapp-9.4.43.v20210629.jar:/home/runner/.m2/repository/org/eclipse/jetty/jetty-xml/9.4.43.v20210629/jetty-xml-9.4.43.v20210629.jar:/home/runner/.m2/repository/org/apache/hadoop/hadoop-common/3.3.1/hadoop-common-3.3.1.jar:/home/runner/.m2/repository/commons-net/commons-net/3.6/commons-net-3.6.jar:/home/runner/.m2/repository/jakarta/activation/jakarta.activation-api/1.2.1/jakarta.activation-api-1.2.1.jar:/home/runner/.m2/repository/com/sun/jersey/jersey-servlet/1.19/jersey-servlet-1.19.jar:/home/runner/.m2/repository/com/sun/jersey/jersey-json/1.19/jersey-json-1.19.jar:/home/runner/.m2/repository/org/codehaus/jettison/jettison/1.1/jettison-1.1.jar:/home/runner/.m2/repository/com/sun/xml/bind/jaxb-impl/2.2.3-1/jaxb-impl-2.2.3-1.jar:/home/runner/.m2/repository/org/codehaus/jackson/jackson-jaxrs/1.9.2/jackson-jaxrs-1.9.2.jar:/home/runner/.m2/repository/org/codehaus/jackson/jackson-xc/1.9.2/jackson-xc-1.9.2.jar:/home/runner/.m2/repository/org/apache/commons/commons-configuration2/2.1.1/commons-configuration2-2.1.1.jar:/home/runner/.m2/repository/org/apache/commons/commons-text/1.4/commons-text-1.4.jar:/home/runner/.m2/repository/com/google/re2j/re2j/1.1/re2j-1.1.jar:/home/runner/.m2/repository/com/jcraft/jsch/0.1.54/jsch-0.1.54.jar:/home/runner/.m2/repository/org/apache/curator/curator-client/4.2.0/curator-client-4.2.0.jar:/home/runner/.m2/repository/org/apache/curator/curator-recipes/4.2.0/curator-recipes-4.2.0.jar:/home/runner/.m2/repository/org/apache/kerby/kerb-core/1.0.1/kerb-core-1.0.1.jar:/home/runner/.m2/repository/org/apache/kerby/kerby-pkix/1.0.1/kerby-pkix-1.0.1.jar:/home/runner/.m2/repository/org/apache/kerby/kerby-asn1/1.0.1/kerby-asn1-1.0.1.jar:/home/runner/.m2/repository/org/apache/kerby/kerby-util/1.0.1/kerby-util-1.0.1.jar:/home/runner/.m2/repository/dnsjava/dnsjava/2.1.7/dnsjava-2.1.7.jar:/home/runner/.m2/repository/org/xerial/snappy/snappy-java/1.1.8.2/snappy-java-1.1.8.2.jar:/home/runner/.m2/repository/org/slf4j/jul-to-slf4j/1.7.30/jul-to-slf4j-1.7.30.jar:/home/runner/.m2/repository/org/eclipse/jetty/jetty-util/9.4.43.v20210629/jetty-util-9.4.43.v20210629.jar:/home/runner/.m2/repository/com/fasterxml/jackson/core/jackson-databind/2.12.1/jackson-databind-2.12.1.jar:/home/runner/.m2/repository/org/apache/hadoop/hadoop-kms/3.3.1/hadoop-kms-3.3.1-tests.jar:/home/runner/.m2/repository/org/apache/ozone/hdds-server-scm/1.2.0-SNAPSHOT/hdds-server-scm-1.2.0-SNAPSHOT-tests.jar:/home/runner/.m2/repository/org/apache/ozone/hdds-container-service/1.2.0-SNAPSHOT/hdds-container-service-1.2.0-SNAPSHOT-tests.jar:/home/runner/.m2/repository/commons-codec/commons-codec/1.11/commons-codec-1.11.jar:/home/runner/.m2/repository/io/netty/netty-transport/4.1.63.Final/netty-transport-4.1.63.Final.jar:/home/runner/.m2/repository/io/netty/netty-resolver/4.1.63.Final/netty-resolver-4.1.63.Final.jar:/home/runner/.m2/repository/io/netty/netty-codec/4.1.63.Final/netty-codec-4.1.63.Final.jar:/home/runner/.m2/repository/io/netty/netty-handler/4.1.63.Final/netty-handler-4.1.63.Final.jar:/home/runner/.m2/repository/org/apache/ozone/hdds-hadoop-dependency-test/1.2.0-SNAPSHOT/hdds-hadoop-dependency-test-1.2.0-SNAPSHOT.jar:/home/runner/.m2/repository/org/apache/hadoop/hadoop-common/3.3.1/hadoop-common-3.3.1-tests.jar:/home/runner/.m2/repository/org/assertj/assertj-core/3.12.2/assertj-core-3.12.2.jar:/home/runner/.m2/repository/org/apache/hadoop/hadoop-hdfs/3.3.1/hadoop-hdfs-3.3.1-tests.jar:/home/runner/.m2/repository/org/eclipse/jetty/jetty-util-ajax/9.4.43.v20210629/jetty-util-ajax-9.4.43.v20210629.jar:/home/runner/.m2/repository/commons-daemon/commons-daemon/1.0.13/commons-daemon-1.0.13.jar:/home/runner/.m2/repository/io/netty/netty/3.10.6.Final/netty-3.10.6.Final.jar:/home/runner/.m2/repository/io/netty/netty-all/4.1.63.Final/netty-all-4.1.63.Final.jar:/home/runner/.m2/repository/org/apache/htrace/htrace-core4/4.1.0-incubating/htrace-core4-4.1.0-incubating.jar:/home/runner/.m2/repository/org/fusesource/leveldbjni/leveldbjni-all/1.8/leveldbjni-all-1.8.jar:/home/runner/.m2/repository/org/apache/hadoop/hadoop-distcp/3.3.1/hadoop-distcp-3.3.1.jar:/home/runner/.m2/repository/org/apache/hadoop/hadoop-mapreduce-client-jobclient/3.3.1/hadoop-mapreduce-client-jobclient-3.3.1.jar:/home/runner/.m2/repository/org/apache/hadoop/hadoop-mapreduce-client-common/3.3.1/hadoop-mapreduce-client-common-3.3.1.jar:/home/runner/.m2/repository/org/apache/hadoop/hadoop-yarn-common/3.3.1/hadoop-yarn-common-3.3.1.jar:/home/runner/.m2/repository/org/apache/hadoop/hadoop-yarn-api/3.3.1/hadoop-yarn-api-3.3.1.jar:/home/runner/.m2/repository/com/sun/jersey/jersey-client/1.19/jersey-client-1.19.jar:/home/runner/.m2/repository/com/sun/jersey/contribs/jersey-guice/1.19/jersey-guice-1.19.jar:/home/runner/.m2/repository/com/fasterxml/jackson/jaxrs/jackson-jaxrs-json-provider/2.12.1/jackson-jaxrs-json-provider-2.12.1.jar:/home/runner/.m2/repository/com/fasterxml/jackson/jaxrs/jackson-jaxrs-base/2.12.1/jackson-jaxrs-base-2.12.1.jar:/home/runner/.m2/repository/org/apache/hadoop/hadoop-yarn-client/3.3.1/hadoop-yarn-client-3.3.1.jar:/home/runner/.m2/repository/org/eclipse/jetty/websocket/websocket-client/9.4.40.v20210413/websocket-client-9.4.40.v20210413.jar:/home/runner/.m2/repository/org/eclipse/jetty/jetty-client/9.4.40.v20210413/jetty-client-9.4.40.v20210413.jar:/home/runner/.m2/repository/org/eclipse/jetty/websocket/websocket-common/9.4.40.v20210413/websocket-common-9.4.40.v20210413.jar:/home/runner/.m2/repository/org/eclipse/jetty/websocket/websocket-api/9.4.40.v20210413/websocket-api-9.4.40.v20210413.jar:/home/runner/.m2/repository/org/jline/jline/3.9.0/jline-3.9.0.jar:/home/runner/.m2/repository/org/apache/hadoop/hadoop-mapreduce-client-core/3.3.1/hadoop-mapreduce-client-core-3.3.1.jar:/home/runner/.m2/repository/org/apache/avro/avro/1.7.7/avro-1.7.7.jar:/home/runner/.m2/repository/org/codehaus/jackson/jackson-core-asl/1.9.13/jackson-core-asl-1.9.13.jar:/home/runner/.m2/repository/org/codehaus/jackson/jackson-mapper-asl/1.9.13/jackson-mapper-asl-1.9.13.jar:/home/runner/.m2/repository/com/thoughtworks/paranamer/paranamer/2.3/paranamer-2.3.jar:/home/runner/.m2/repository/org/apache/hadoop/hadoop-annotations/3.3.1/hadoop-annotations-3.3.1.jar:/usr/lib/jvm/adoptopenjdk-8-hotspot-amd64/jre/../lib/tools.jar:/home/runner/.m2/repository/org/apache/hadoop/hadoop-distcp/3.3.1/hadoop-distcp-3.3.1-tests.jar:/home/runner/.m2/repository/org/apache/ratis/ratis-common/2.2.0/ratis-common-2.2.0.jar:/home/runner/.m2/repository/org/apache/ratis/ratis-thirdparty-misc/0.7.0/ratis-thirdparty-misc-0.7.0.jar:/home/runner/.m2/repository/org/apache/ratis/ratis-proto/2.2.0/ratis-proto-2.2.0.jar:"/>
    <property name="java.vm.vendor" value="AdoptOpenJDK"/>
    <property name="sun.arch.data.model" value="64"/>
    <property name="test.build.dir" value="/home/runner/work/ozone/ozone/hadoop-ozone/integration-test/target/test-dir"/>
    <property name="test.cache.data" value=""/>
    <property name="java.vendor.url" value="https://adoptopenjdk.net/"/>
    <property name="user.timezone" value=""/>
    <property name="java.vm.specification.version" value="1.8"/>
    <property name="os.name" value="Linux"/>
    <property name="test.build.data" value="/home/runner/work/ozone/ozone/hadoop-ozone/integration-test/target/test-dir"/>
    <property name="sun.java.launcher" value="SUN_STANDARD"/>
    <property name="sun.boot.library.path" value="/usr/lib/jvm/adoptopenjdk-8-hotspot-amd64/jre/lib/amd64"/>
    <property name="sun.java.command" value="/home/runner/work/ozone/ozone/hadoop-ozone/integration-test/target/surefire/surefirebooter3122209685477863173.jar /home/runner/work/ozone/ozone/hadoop-ozone/integration-test/target/surefire 2021-11-05T12-49-00_509-jvmRun1 surefire2276702624852339502tmp surefire_1963743433217182066tmp"/>
    <property name="surefire.test.class.path" value="/home/runner/work/ozone/ozone/hadoop-ozone/integration-test/target/test-classes:/home/runner/work/ozone/ozone/hadoop-ozone/integration-test/target/classes:/home/runner/.m2/repository/org/apache/ozone/ozone-common/1.2.0-SNAPSHOT/ozone-common-1.2.0-SNAPSHOT.jar:/home/runner/.m2/repository/org/apache/commons/commons-compress/1.21/commons-compress-1.21.jar:/home/runner/.m2/repository/org/apache/ozone/hdds-common/1.2.0-SNAPSHOT/hdds-common-1.2.0-SNAPSHOT.jar:/home/runner/.m2/repository/org/apache/ozone/hdds-client/1.2.0-SNAPSHOT/hdds-client-1.2.0-SNAPSHOT.jar:/home/runner/.m2/repository/org/apache/ozone/ozone-interface-client/1.2.0-SNAPSHOT/ozone-interface-client-1.2.0-SNAPSHOT.jar:/home/runner/.m2/repository/org/apache/ozone/hdds-test-utils/1.2.0-SNAPSHOT/hdds-test-utils-1.2.0-SNAPSHOT.jar:/home/runner/.m2/repository/com/google/guava/guava/30.1.1-jre/guava-30.1.1-jre.jar:/home/runner/.m2/repository/com/google/guava/failureaccess/1.0.1/failureaccess-1.0.1.jar:/home/runner/.m2/repository/com/google/guava/listenablefuture/9999.0-empty-to-avoid-conflict-with-guava/listenablefuture-9999.0-empty-to-avoid-conflict-with-guava.jar:/home/runner/.m2/repository/com/google/code/findbugs/jsr305/3.0.0/jsr305-3.0.0.jar:/home/runner/.m2/repository/org/checkerframework/checker-qual/3.8.0/checker-qual-3.8.0.jar:/home/runner/.m2/repository/com/google/errorprone/error_prone_annotations/2.2.0/error_prone_annotations-2.2.0.jar:/home/runner/.m2/repository/com/google/j2objc/j2objc-annotations/1.3/j2objc-annotations-1.3.jar:/home/runner/.m2/repository/commons-io/commons-io/2.11.0/commons-io-2.11.0.jar:/home/runner/.m2/repository/commons-logging/commons-logging/1.2/commons-logging-1.2.jar:/home/runner/.m2/repository/log4j/log4j/1.2.17/log4j-1.2.17.jar:/home/runner/.m2/repository/org/slf4j/slf4j-api/1.7.30/slf4j-api-1.7.30.jar:/home/runner/.m2/repository/org/apache/ozone/hdds-server-scm/1.2.0-SNAPSHOT/hdds-server-scm-1.2.0-SNAPSHOT.jar:/home/runner/.m2/repository/org/apache/ozone/hdds-container-service/1.2.0-SNAPSHOT/hdds-container-service-1.2.0-SNAPSHOT.jar:/home/runner/.m2/repository/org/apache/ozone/hdds-hadoop-dependency-server/1.2.0-SNAPSHOT/hdds-hadoop-dependency-server-1.2.0-SNAPSHOT.jar:/home/runner/.m2/repository/org/apache/hadoop/hadoop-hdfs/3.3.1/hadoop-hdfs-3.3.1.jar:/home/runner/.m2/repository/org/apache/ozone/hdds-server-framework/1.2.0-SNAPSHOT/hdds-server-framework-1.2.0-SNAPSHOT.jar:/home/runner/.m2/repository/org/apache/ozone/hdds-interface-server/1.2.0-SNAPSHOT/hdds-interface-server-1.2.0-SNAPSHOT.jar:/home/runner/.m2/repository/org/eclipse/jetty/jetty-servlet/9.4.43.v20210629/jetty-servlet-9.4.43.v20210629.jar:/home/runner/.m2/repository/org/eclipse/jetty/jetty-security/9.4.43.v20210629/jetty-security-9.4.43.v20210629.jar:/home/runner/.m2/repository/org/rocksdb/rocksdbjni/6.20.3/rocksdbjni-6.20.3.jar:/home/runner/.m2/repository/io/prometheus/simpleclient_dropwizard/0.7.0/simpleclient_dropwizard-0.7.0.jar:/home/runner/.m2/repository/io/prometheus/simpleclient/0.7.0/simpleclient-0.7.0.jar:/home/runner/.m2/repository/io/prometheus/simpleclient_common/0.7.0/simpleclient_common-0.7.0.jar:/home/runner/.m2/repository/com/fasterxml/jackson/datatype/jackson-datatype-jsr310/2.12.1/jackson-datatype-jsr310-2.12.1.jar:/home/runner/.m2/repository/io/dropwizard/metrics/metrics-core/3.2.4/metrics-core-3.2.4.jar:/home/runner/.m2/repository/org/apache/hadoop/hadoop-hdfs-client/3.3.1/hadoop-hdfs-client-3.3.1.jar:/home/runner/.m2/repository/org/bouncycastle/bcprov-jdk15on/1.67/bcprov-jdk15on-1.67.jar:/home/runner/.m2/repository/com/google/protobuf/protobuf-java/2.5.0/protobuf-java-2.5.0.jar:/home/runner/.m2/repository/org/apache/ozone/ozone-manager/1.2.0-SNAPSHOT/ozone-manager-1.2.0-SNAPSHOT.jar:/home/runner/.m2/repository/org/aspectj/aspectjrt/1.9.7/aspectjrt-1.9.7.jar:/home/runner/.m2/repository/org/aspectj/aspectjweaver/1.9.7/aspectjweaver-1.9.7.jar:/home/runner/.m2/repository/org/apache/ozone/hdds-interface-client/1.2.0-SNAPSHOT/hdds-interface-client-1.2.0-SNAPSHOT.jar:/home/runner/.m2/repository/org/apache/hadoop/thirdparty/hadoop-shaded-protobuf_3_7/1.1.1/hadoop-shaded-protobuf_3_7-1.1.1.jar:/home/runner/.m2/repository/org/apache/ozone/ozone-interface-storage/1.2.0-SNAPSHOT/ozone-interface-storage-1.2.0-SNAPSHOT.jar:/home/runner/.m2/repository/org/reflections/reflections/0.9.11/reflections-0.9.11.jar:/home/runner/.m2/repository/org/apache/hadoop/hadoop-minikdc/3.3.1/hadoop-minikdc-3.3.1.jar:/home/runner/.m2/repository/org/apache/kerby/kerb-simplekdc/1.0.1/kerb-simplekdc-1.0.1.jar:/home/runner/.m2/repository/org/apache/kerby/kerb-client/1.0.1/kerb-client-1.0.1.jar:/home/runner/.m2/repository/org/apache/kerby/kerby-config/1.0.1/kerby-config-1.0.1.jar:/home/runner/.m2/repository/org/apache/kerby/kerb-common/1.0.1/kerb-common-1.0.1.jar:/home/runner/.m2/repository/org/apache/kerby/kerb-crypto/1.0.1/kerb-crypto-1.0.1.jar:/home/runner/.m2/repository/org/apache/kerby/kerb-util/1.0.1/kerb-util-1.0.1.jar:/home/runner/.m2/repository/org/apache/kerby/token-provider/1.0.1/token-provider-1.0.1.jar:/home/runner/.m2/repository/org/apache/kerby/kerb-admin/1.0.1/kerb-admin-1.0.1.jar:/home/runner/.m2/repository/org/apache/kerby/kerb-server/1.0.1/kerb-server-1.0.1.jar:/home/runner/.m2/repository/org/apache/kerby/kerb-identity/1.0.1/kerb-identity-1.0.1.jar:/home/runner/.m2/repository/org/apache/kerby/kerby-xdr/1.0.1/kerby-xdr-1.0.1.jar:/home/runner/.m2/repository/org/slf4j/slf4j-log4j12/1.7.30/slf4j-log4j12-1.7.30.jar:/home/runner/.m2/repository/org/apache/ozone/ozone-s3gateway/1.2.0-SNAPSHOT/ozone-s3gateway-1.2.0-SNAPSHOT.jar:/home/runner/.m2/repository/org/javassist/javassist/3.21.0-GA/javassist-3.21.0-GA.jar:/home/runner/.m2/repository/org/jboss/weld/servlet/weld-servlet/2.4.7.Final/weld-servlet-2.4.7.Final.jar:/home/runner/.m2/repository/org/glassfish/jersey/containers/jersey-container-servlet-core/2.33/jersey-container-servlet-core-2.33.jar:/home/runner/.m2/repository/org/glassfish/hk2/external/jakarta.inject/2.6.1/jakarta.inject-2.6.1.jar:/home/runner/.m2/repository/org/glassfish/jersey/core/jersey-common/2.33/jersey-common-2.33.jar:/home/runner/.m2/repository/jakarta/ws/rs/jakarta.ws.rs-api/2.1.6/jakarta.ws.rs-api-2.1.6.jar:/home/runner/.m2/repository/org/glassfish/jersey/ext/cdi/jersey-cdi1x/2.33/jersey-cdi1x-2.33.jar:/home/runner/.m2/repository/org/glassfish/jersey/inject/jersey-hk2/2.33/jersey-hk2-2.33.jar:/home/runner/.m2/repository/org/glassfish/hk2/hk2-locator/2.6.1/hk2-locator-2.6.1.jar:/home/runner/.m2/repository/org/glassfish/jersey/media/jersey-media-jaxb/2.33/jersey-media-jaxb-2.33.jar:/home/runner/.m2/repository/org/glassfish/hk2/osgi-resource-locator/1.0.3/osgi-resource-locator-1.0.3.jar:/home/runner/.m2/repository/org/glassfish/hk2/hk2-api/2.5.0/hk2-api-2.5.0.jar:/home/runner/.m2/repository/org/glassfish/hk2/hk2-utils/2.5.0/hk2-utils-2.5.0.jar:/home/runner/.m2/repository/org/glassfish/hk2/external/aopalliance-repackaged/2.5.0/aopalliance-repackaged-2.5.0.jar:/home/runner/.m2/repository/com/fasterxml/jackson/dataformat/jackson-dataformat-xml/2.12.1/jackson-dataformat-xml-2.12.1.jar:/home/runner/.m2/repository/com/fasterxml/jackson/core/jackson-core/2.12.1/jackson-core-2.12.1.jar:/home/runner/.m2/repository/com/fasterxml/jackson/module/jackson-module-jaxb-annotations/2.12.1/jackson-module-jaxb-annotations-2.12.1.jar:/home/runner/.m2/repository/jakarta/xml/bind/jakarta.xml.bind-api/2.3.2/jakarta.xml.bind-api-2.3.2.jar:/home/runner/.m2/repository/org/codehaus/woodstox/stax2-api/3.1.4/stax2-api-3.1.4.jar:/home/runner/.m2/repository/com/fasterxml/woodstox/woodstox-core/5.0.3/woodstox-core-5.0.3.jar:/home/runner/.m2/repository/javax/enterprise/cdi-api/1.2/cdi-api-1.2.jar:/home/runner/.m2/repository/javax/el/javax.el-api/3.0.0/javax.el-api-3.0.0.jar:/home/runner/.m2/repository/javax/interceptor/javax.interceptor-api/1.2/javax.interceptor-api-1.2.jar:/home/runner/.m2/repository/javax/inject/javax.inject/1/javax.inject-1.jar:/home/runner/.m2/repository/javax/xml/bind/jaxb-api/2.3.0/jaxb-api-2.3.0.jar:/home/runner/.m2/repository/org/glassfish/jaxb/jaxb-runtime/2.3.0.1/jaxb-runtime-2.3.0.1.jar:/home/runner/.m2/repository/org/glassfish/jaxb/jaxb-core/2.3.0.1/jaxb-core-2.3.0.1.jar:/home/runner/.m2/repository/org/glassfish/jaxb/txw2/2.3.0.1/txw2-2.3.0.1.jar:/home/runner/.m2/repository/com/sun/istack/istack-commons-runtime/3.0.5/istack-commons-runtime-3.0.5.jar:/home/runner/.m2/repository/org/jvnet/staxex/stax-ex/1.7.8/stax-ex-1.7.8.jar:/home/runner/.m2/repository/com/sun/xml/fastinfoset/FastInfoset/1.2.13/FastInfoset-1.2.13.jar:/home/runner/.m2/repository/javax/activation/activation/1.1.1/activation-1.1.1.jar:/home/runner/.m2/repository/org/apache/ozone/ozone-csi/1.2.0-SNAPSHOT/ozone-csi-1.2.0-SNAPSHOT.jar:/home/runner/.m2/repository/com/google/protobuf/protobuf-java-util/3.12.0/protobuf-java-util-3.12.0.jar:/home/runner/.m2/repository/com/google/code/gson/gson/2.2.4/gson-2.2.4.jar:/home/runner/.m2/repository/org/apache/ozone/hdds-config/1.2.0-SNAPSHOT/hdds-config-1.2.0-SNAPSHOT.jar:/home/runner/.m2/repository/io/grpc/grpc-netty/1.33.0/grpc-netty-1.33.0.jar:/home/runner/.m2/repository/io/grpc/grpc-core/1.33.0/grpc-core-1.33.0.jar:/home/runner/.m2/repository/com/google/android/annotations/4.1.1.4/annotations-4.1.1.4.jar:/home/runner/.m2/repository/io/netty/netty-codec-http2/4.1.63.Final/netty-codec-http2-4.1.63.Final.jar:/home/runner/.m2/repository/io/netty/netty-codec-http/4.1.63.Final/netty-codec-http-4.1.63.Final.jar:/home/runner/.m2/repository/io/netty/netty-handler-proxy/4.1.63.Final/netty-handler-proxy-4.1.63.Final.jar:/home/runner/.m2/repository/io/netty/netty-codec-socks/4.1.63.Final/netty-codec-socks-4.1.63.Final.jar:/home/runner/.m2/repository/io/perfmark/perfmark-api/0.19.0/perfmark-api-0.19.0.jar:/home/runner/.m2/repository/org/codehaus/mojo/animal-sniffer-annotations/1.18/animal-sniffer-annotations-1.18.jar:/home/runner/.m2/repository/io/netty/netty-transport-native-epoll/4.1.63.Final/netty-transport-native-epoll-4.1.63.Final.jar:/home/runner/.m2/repository/io/netty/netty-common/4.1.63.Final/netty-common-4.1.63.Final.jar:/home/runner/.m2/repository/io/netty/netty-buffer/4.1.63.Final/netty-buffer-4.1.63.Final.jar:/home/runner/.m2/repository/io/netty/netty-transport-native-unix-common/4.1.63.Final/netty-transport-native-unix-common-4.1.63.Final.jar:/home/runner/.m2/repository/io/grpc/grpc-protobuf/1.33.0/grpc-protobuf-1.33.0.jar:/home/runner/.m2/repository/io/grpc/grpc-api/1.33.0/grpc-api-1.33.0.jar:/home/runner/.m2/repository/io/grpc/grpc-context/1.33.0/grpc-context-1.33.0.jar:/home/runner/.m2/repository/com/google/api/grpc/proto-google-common-protos/1.17.0/proto-google-common-protos-1.17.0.jar:/home/runner/.m2/repository/io/grpc/grpc-protobuf-lite/1.33.0/grpc-protobuf-lite-1.33.0.jar:/home/runner/.m2/repository/io/grpc/grpc-stub/1.33.0/grpc-stub-1.33.0.jar:/home/runner/.m2/repository/org/apache/ozone/ozone-recon/1.2.0-SNAPSHOT/ozone-recon-1.2.0-SNAPSHOT.jar:/home/runner/.m2/repository/org/apache/ozone/ozone-reconcodegen/1.2.0-SNAPSHOT/ozone-reconcodegen-1.2.0-SNAPSHOT.jar:/home/runner/.m2/repository/com/google/inject/extensions/guice-multibindings/4.0/guice-multibindings-4.0.jar:/home/runner/.m2/repository/com/google/inject/guice/4.0/guice-4.0.jar:/home/runner/.m2/repository/aopalliance/aopalliance/1.0/aopalliance-1.0.jar:/home/runner/.m2/repository/com/google/inject/extensions/guice-assistedinject/4.0/guice-assistedinject-4.0.jar:/home/runner/.m2/repository/com/google/inject/extensions/guice-servlet/4.0/guice-servlet-4.0.jar:/home/runner/.m2/repository/org/glassfish/jersey/containers/jersey-container-servlet/2.33/jersey-container-servlet-2.33.jar:/home/runner/.m2/repository/org/glassfish/hk2/guice-bridge/2.5.0/guice-bridge-2.5.0.jar:/home/runner/.m2/repository/org/glassfish/jersey/core/jersey-server/2.33/jersey-server-2.33.jar:/home/runner/.m2/repository/org/glassfish/jersey/core/jersey-client/2.33/jersey-client-2.33.jar:/home/runner/.m2/repository/jakarta/annotation/jakarta.annotation-api/1.3.5/jakarta.annotation-api-1.3.5.jar:/home/runner/.m2/repository/jakarta/validation/jakarta.validation-api/2.0.2/jakarta.validation-api-2.0.2.jar:/home/runner/.m2/repository/org/glassfish/jersey/media/jersey-media-json-jackson/2.33/jersey-media-json-jackson-2.33.jar:/home/runner/.m2/repository/org/glassfish/jersey/ext/jersey-entity-filtering/2.33/jersey-entity-filtering-2.33.jar:/home/runner/.m2/repository/org/jooq/jooq/3.11.10/jooq-3.11.10.jar:/home/runner/.m2/repository/org/jooq/jooq-meta/3.11.10/jooq-meta-3.11.10.jar:/home/runner/.m2/repository/org/jooq/jooq-codegen/3.11.10/jooq-codegen-3.11.10.jar:/home/runner/.m2/repository/com/jolbox/bonecp/0.8.0.RELEASE/bonecp-0.8.0.RELEASE.jar:/home/runner/.m2/repository/org/apache/derby/derby/10.14.2.0/derby-10.14.2.0.jar:/home/runner/.m2/repository/org/xerial/sqlite-jdbc/3.25.2/sqlite-jdbc-3.25.2.jar:/home/runner/.m2/repository/org/springframework/spring-jdbc/5.2.17.RELEASE/spring-jdbc-5.2.17.RELEASE.jar:/home/runner/.m2/repository/org/springframework/spring-beans/5.2.17.RELEASE/spring-beans-5.2.17.RELEASE.jar:/home/runner/.m2/repository/org/springframework/spring-core/5.2.17.RELEASE/spring-core-5.2.17.RELEASE.jar:/home/runner/.m2/repository/org/springframework/spring-jcl/5.2.17.RELEASE/spring-jcl-5.2.17.RELEASE.jar:/home/runner/.m2/repository/org/springframework/spring-tx/5.2.17.RELEASE/spring-tx-5.2.17.RELEASE.jar:/home/runner/.m2/repository/org/apache/ozone/ozone-client/1.2.0-SNAPSHOT/ozone-client-1.2.0-SNAPSHOT.jar:/home/runner/.m2/repository/org/apache/ozone/ozone-filesystem/1.2.0-SNAPSHOT/ozone-filesystem-1.2.0-SNAPSHOT.jar:/home/runner/.m2/repository/org/apache/ozone/ozone-filesystem-common/1.2.0-SNAPSHOT/ozone-filesystem-common-1.2.0-SNAPSHOT.jar:/home/runner/.m2/repository/org/apache/ozone/ozone-tools/1.2.0-SNAPSHOT/ozone-tools-1.2.0-SNAPSHOT.jar:/home/runner/.m2/repository/org/apache/ratis/ratis-tools/2.2.0/ratis-tools-2.2.0.jar:/home/runner/.m2/repository/com/amazonaws/aws-java-sdk-core/1.11.1034/aws-java-sdk-core-1.11.1034.jar:/home/runner/.m2/repository/org/apache/httpcomponents/httpclient/4.5.13/httpclient-4.5.13.jar:/home/runner/.m2/repository/org/apache/httpcomponents/httpcore/4.4.13/httpcore-4.4.13.jar:/home/runner/.m2/repository/software/amazon/ion/ion-java/1.0.2/ion-java-1.0.2.jar:/home/runner/.m2/repository/com/fasterxml/jackson/dataformat/jackson-dataformat-cbor/2.12.1/jackson-dataformat-cbor-2.12.1.jar:/home/runner/.m2/repository/joda-time/joda-time/2.8.1/joda-time-2.8.1.jar:/home/runner/.m2/repository/com/amazonaws/aws-java-sdk-s3/1.11.1034/aws-java-sdk-s3-1.11.1034.jar:/home/runner/.m2/repository/com/amazonaws/aws-java-sdk-kms/1.11.1034/aws-java-sdk-kms-1.11.1034.jar:/home/runner/.m2/repository/com/amazonaws/jmespath-java/1.11.1034/jmespath-java-1.11.1034.jar:/home/runner/.m2/repository/org/kohsuke/metainf-services/metainf-services/1.8/metainf-services-1.8.jar:/home/runner/.m2/repository/org/apache/ozone/hdds-tools/1.2.0-SNAPSHOT/hdds-tools-1.2.0-SNAPSHOT.jar:/home/runner/.m2/repository/commons-cli/commons-cli/1.2/commons-cli-1.2.jar:/home/runner/.m2/repository/org/apache/commons/commons-lang3/3.7/commons-lang3-3.7.jar:/home/runner/.m2/repository/org/apache/ozone/ozone-manager/1.2.0-SNAPSHOT/ozone-manager-1.2.0-SNAPSHOT-tests.jar:/home/runner/.m2/repository/org/apache/ozone/hdds-common/1.2.0-SNAPSHOT/hdds-common-1.2.0-SNAPSHOT-tests.jar:/home/runner/.m2/repository/org/apache/ozone/hdds-hadoop-dependency-client/1.2.0-SNAPSHOT/hdds-hadoop-dependency-client-1.2.0-SNAPSHOT.jar:/home/runner/.m2/repository/info/picocli/picocli/4.6.1/picocli-4.6.1.jar:/home/runner/.m2/repository/com/fasterxml/jackson/core/jackson-annotations/2.12.1/jackson-annotations-2.12.1.jar:/home/runner/.m2/repository/javax/annotation/javax.annotation-api/1.2/javax.annotation-api-1.2.jar:/home/runner/.m2/repository/org/apache/ratis/ratis-server/2.2.0/ratis-server-2.2.0.jar:/home/runner/.m2/repository/org/apache/ratis/ratis-client/2.2.0/ratis-client-2.2.0.jar:/home/runner/.m2/repository/org/apache/ratis/ratis-server-api/2.2.0/ratis-server-api-2.2.0.jar:/home/runner/.m2/repository/org/apache/ratis/ratis-metrics/2.2.0/ratis-metrics-2.2.0.jar:/home/runner/.m2/repository/org/apache/ratis/ratis-netty/2.2.0/ratis-netty-2.2.0.jar:/home/runner/.m2/repository/org/apache/ratis/ratis-grpc/2.2.0/ratis-grpc-2.2.0.jar:/home/runner/.m2/repository/org/apache/logging/log4j/log4j-api/2.13.3/log4j-api-2.13.3.jar:/home/runner/.m2/repository/org/apache/logging/log4j/log4j-core/2.13.3/log4j-core-2.13.3.jar:/home/runner/.m2/repository/com/lmax/disruptor/3.4.2/disruptor-3.4.2.jar:/home/runner/.m2/repository/org/apache/commons/commons-pool2/2.6.0/commons-pool2-2.6.0.jar:/home/runner/.m2/repository/org/bouncycastle/bcpkix-jdk15on/1.67/bcpkix-jdk15on-1.67.jar:/home/runner/.m2/repository/commons-validator/commons-validator/1.6/commons-validator-1.6.jar:/home/runner/.m2/repository/commons-beanutils/commons-beanutils/1.9.4/commons-beanutils-1.9.4.jar:/home/runner/.m2/repository/commons-digester/commons-digester/1.8.1/commons-digester-1.8.1.jar:/home/runner/.m2/repository/commons-collections/commons-collections/3.2.2/commons-collections-3.2.2.jar:/home/runner/.m2/repository/io/jaegertracing/jaeger-client/1.6.0/jaeger-client-1.6.0.jar:/home/runner/.m2/repository/io/jaegertracing/jaeger-thrift/1.6.0/jaeger-thrift-1.6.0.jar:/home/runner/.m2/repository/org/apache/thrift/libthrift/0.14.1/libthrift-0.14.1.jar:/home/runner/.m2/repository/com/squareup/okhttp3/okhttp/4.9.0/okhttp-4.9.0.jar:/home/runner/.m2/repository/com/squareup/okio/okio/2.8.0/okio-2.8.0.jar:/home/runner/.m2/repository/io/jaegertracing/jaeger-core/1.6.0/jaeger-core-1.6.0.jar:/home/runner/.m2/repository/io/jaegertracing/jaeger-tracerresolver/1.6.0/jaeger-tracerresolver-1.6.0.jar:/home/runner/.m2/repository/io/opentracing/contrib/opentracing-tracerresolver/0.1.8/opentracing-tracerresolver-0.1.8.jar:/home/runner/.m2/repository/org/jetbrains/kotlin/kotlin-stdlib/1.4.31/kotlin-stdlib-1.4.31.jar:/home/runner/.m2/repository/org/jetbrains/kotlin/kotlin-stdlib-common/1.4.31/kotlin-stdlib-common-1.4.31.jar:/home/runner/.m2/repository/org/jetbrains/annotations/13.0/annotations-13.0.jar:/home/runner/.m2/repository/io/opentracing/opentracing-util/0.33.0/opentracing-util-0.33.0.jar:/home/runner/.m2/repository/io/opentracing/opentracing-api/0.33.0/opentracing-api-0.33.0.jar:/home/runner/.m2/repository/io/opentracing/opentracing-noop/0.33.0/opentracing-noop-0.33.0.jar:/home/runner/.m2/repository/org/yaml/snakeyaml/1.26/snakeyaml-1.26.jar:/home/runner/.m2/repository/org/apache/ozone/hdds-interface-admin/1.2.0-SNAPSHOT/hdds-interface-admin-1.2.0-SNAPSHOT.jar:/home/runner/.m2/repository/junit/junit/4.13.1/junit-4.13.1.jar:/home/runner/.m2/repository/org/hamcrest/hamcrest-core/1.3/hamcrest-core-1.3.jar:/home/runner/.m2/repository/org/junit/jupiter/junit-jupiter-api/5.7.0/junit-jupiter-api-5.7.0.jar:/home/runner/.m2/repository/org/apiguardian/apiguardian-api/1.1.0/apiguardian-api-1.1.0.jar:/home/runner/.m2/repository/org/opentest4j/opentest4j/1.2.0/opentest4j-1.2.0.jar:/home/runner/.m2/repository/org/junit/platform/junit-platform-commons/1.7.0/junit-platform-commons-1.7.0.jar:/home/runner/.m2/repository/org/junit/jupiter/junit-jupiter-engine/5.7.0/junit-jupiter-engine-5.7.0.jar:/home/runner/.m2/repository/org/junit/platform/junit-platform-engine/1.7.0/junit-platform-engine-1.7.0.jar:/home/runner/.m2/repository/org/junit/vintage/junit-vintage-engine/5.7.0/junit-vintage-engine-5.7.0.jar:/home/runner/.m2/repository/org/junit/platform/junit-platform-launcher/1.7.0/junit-platform-launcher-1.7.0.jar:/home/runner/.m2/repository/org/openjdk/jmh/jmh-core/1.19/jmh-core-1.19.jar:/home/runner/.m2/repository/net/sf/jopt-simple/jopt-simple/4.6/jopt-simple-4.6.jar:/home/runner/.m2/repository/org/apache/commons/commons-math3/3.1.1/commons-math3-3.1.1.jar:/home/runner/.m2/repository/org/openjdk/jmh/jmh-generator-annprocess/1.19/jmh-generator-annprocess-1.19.jar:/home/runner/.m2/repository/org/mockito/mockito-core/2.28.2/mockito-core-2.28.2.jar:/home/runner/.m2/repository/net/bytebuddy/byte-buddy/1.9.10/byte-buddy-1.9.10.jar:/home/runner/.m2/repository/net/bytebuddy/byte-buddy-agent/1.9.10/byte-buddy-agent-1.9.10.jar:/home/runner/.m2/repository/org/objenesis/objenesis/1.0/objenesis-1.0.jar:/home/runner/.m2/repository/org/apache/hadoop/hadoop-kms/3.3.1/hadoop-kms-3.3.1.jar:/home/runner/.m2/repository/org/apache/hadoop/hadoop-auth/3.3.1/hadoop-auth-3.3.1.jar:/home/runner/.m2/repository/com/nimbusds/nimbus-jose-jwt/7.9/nimbus-jose-jwt-7.9.jar:/home/runner/.m2/repository/com/github/stephenc/jcip/jcip-annotations/1.0-1/jcip-annotations-1.0-1.jar:/home/runner/.m2/repository/net/minidev/json-smart/2.3.1/json-smart-2.3.1.jar:/home/runner/.m2/repository/net/minidev/accessors-smart/2.3.1/accessors-smart-2.3.1.jar:/home/runner/.m2/repository/org/ow2/asm/asm/5.0.4/asm-5.0.4.jar:/home/runner/.m2/repository/org/apache/zookeeper/zookeeper/3.5.6/zookeeper-3.5.6.jar:/home/runner/.m2/repository/org/apache/zookeeper/zookeeper-jute/3.5.6/zookeeper-jute-3.5.6.jar:/home/runner/.m2/repository/org/apache/yetus/audience-annotations/0.5.0/audience-annotations-0.5.0.jar:/home/runner/.m2/repository/org/apache/curator/curator-framework/4.2.0/curator-framework-4.2.0.jar:/home/runner/.m2/repository/org/apache/hadoop/thirdparty/hadoop-shaded-guava/1.1.1/hadoop-shaded-guava-1.1.1.jar:/home/runner/.m2/repository/com/sun/jersey/jersey-core/1.19/jersey-core-1.19.jar:/home/runner/.m2/repository/javax/ws/rs/jsr311-api/1.1.1/jsr311-api-1.1.1.jar:/home/runner/.m2/repository/com/sun/jersey/jersey-server/1.19/jersey-server-1.19.jar:/home/runner/.m2/repository/javax/servlet/javax.servlet-api/3.1.0/javax.servlet-api-3.1.0.jar:/home/runner/.m2/repository/org/eclipse/jetty/jetty-server/9.4.43.v20210629/jetty-server-9.4.43.v20210629.jar:/home/runner/.m2/repository/org/eclipse/jetty/jetty-http/9.4.43.v20210629/jetty-http-9.4.43.v20210629.jar:/home/runner/.m2/repository/org/eclipse/jetty/jetty-io/9.4.43.v20210629/jetty-io-9.4.43.v20210629.jar:/home/runner/.m2/repository/org/eclipse/jetty/jetty-webapp/9.4.43.v20210629/jetty-webapp-9.4.43.v20210629.jar:/home/runner/.m2/repository/org/eclipse/jetty/jetty-xml/9.4.43.v20210629/jetty-xml-9.4.43.v20210629.jar:/home/runner/.m2/repository/org/apache/hadoop/hadoop-common/3.3.1/hadoop-common-3.3.1.jar:/home/runner/.m2/repository/commons-net/commons-net/3.6/commons-net-3.6.jar:/home/runner/.m2/repository/jakarta/activation/jakarta.activation-api/1.2.1/jakarta.activation-api-1.2.1.jar:/home/runner/.m2/repository/com/sun/jersey/jersey-servlet/1.19/jersey-servlet-1.19.jar:/home/runner/.m2/repository/com/sun/jersey/jersey-json/1.19/jersey-json-1.19.jar:/home/runner/.m2/repository/org/codehaus/jettison/jettison/1.1/jettison-1.1.jar:/home/runner/.m2/repository/com/sun/xml/bind/jaxb-impl/2.2.3-1/jaxb-impl-2.2.3-1.jar:/home/runner/.m2/repository/org/codehaus/jackson/jackson-jaxrs/1.9.2/jackson-jaxrs-1.9.2.jar:/home/runner/.m2/repository/org/codehaus/jackson/jackson-xc/1.9.2/jackson-xc-1.9.2.jar:/home/runner/.m2/repository/org/apache/commons/commons-configuration2/2.1.1/commons-configuration2-2.1.1.jar:/home/runner/.m2/repository/org/apache/commons/commons-text/1.4/commons-text-1.4.jar:/home/runner/.m2/repository/com/google/re2j/re2j/1.1/re2j-1.1.jar:/home/runner/.m2/repository/com/jcraft/jsch/0.1.54/jsch-0.1.54.jar:/home/runner/.m2/repository/org/apache/curator/curator-client/4.2.0/curator-client-4.2.0.jar:/home/runner/.m2/repository/org/apache/curator/curator-recipes/4.2.0/curator-recipes-4.2.0.jar:/home/runner/.m2/repository/org/apache/kerby/kerb-core/1.0.1/kerb-core-1.0.1.jar:/home/runner/.m2/repository/org/apache/kerby/kerby-pkix/1.0.1/kerby-pkix-1.0.1.jar:/home/runner/.m2/repository/org/apache/kerby/kerby-asn1/1.0.1/kerby-asn1-1.0.1.jar:/home/runner/.m2/repository/org/apache/kerby/kerby-util/1.0.1/kerby-util-1.0.1.jar:/home/runner/.m2/repository/dnsjava/dnsjava/2.1.7/dnsjava-2.1.7.jar:/home/runner/.m2/repository/org/xerial/snappy/snappy-java/1.1.8.2/snappy-java-1.1.8.2.jar:/home/runner/.m2/repository/org/slf4j/jul-to-slf4j/1.7.30/jul-to-slf4j-1.7.30.jar:/home/runner/.m2/repository/org/eclipse/jetty/jetty-util/9.4.43.v20210629/jetty-util-9.4.43.v20210629.jar:/home/runner/.m2/repository/com/fasterxml/jackson/core/jackson-databind/2.12.1/jackson-databind-2.12.1.jar:/home/runner/.m2/repository/org/apache/hadoop/hadoop-kms/3.3.1/hadoop-kms-3.3.1-tests.jar:/home/runner/.m2/repository/org/apache/ozone/hdds-server-scm/1.2.0-SNAPSHOT/hdds-server-scm-1.2.0-SNAPSHOT-tests.jar:/home/runner/.m2/repository/org/apache/ozone/hdds-container-service/1.2.0-SNAPSHOT/hdds-container-service-1.2.0-SNAPSHOT-tests.jar:/home/runner/.m2/repository/commons-codec/commons-codec/1.11/commons-codec-1.11.jar:/home/runner/.m2/repository/io/netty/netty-transport/4.1.63.Final/netty-transport-4.1.63.Final.jar:/home/runner/.m2/repository/io/netty/netty-resolver/4.1.63.Final/netty-resolver-4.1.63.Final.jar:/home/runner/.m2/repository/io/netty/netty-codec/4.1.63.Final/netty-codec-4.1.63.Final.jar:/home/runner/.m2/repository/io/netty/netty-handler/4.1.63.Final/netty-handler-4.1.63.Final.jar:/home/runner/.m2/repository/org/apache/ozone/hdds-hadoop-dependency-test/1.2.0-SNAPSHOT/hdds-hadoop-dependency-test-1.2.0-SNAPSHOT.jar:/home/runner/.m2/repository/org/apache/hadoop/hadoop-common/3.3.1/hadoop-common-3.3.1-tests.jar:/home/runner/.m2/repository/org/assertj/assertj-core/3.12.2/assertj-core-3.12.2.jar:/home/runner/.m2/repository/org/apache/hadoop/hadoop-hdfs/3.3.1/hadoop-hdfs-3.3.1-tests.jar:/home/runner/.m2/repository/org/eclipse/jetty/jetty-util-ajax/9.4.43.v20210629/jetty-util-ajax-9.4.43.v20210629.jar:/home/runner/.m2/repository/commons-daemon/commons-daemon/1.0.13/commons-daemon-1.0.13.jar:/home/runner/.m2/repository/io/netty/netty/3.10.6.Final/netty-3.10.6.Final.jar:/home/runner/.m2/repository/io/netty/netty-all/4.1.63.Final/netty-all-4.1.63.Final.jar:/home/runner/.m2/repository/org/apache/htrace/htrace-core4/4.1.0-incubating/htrace-core4-4.1.0-incubating.jar:/home/runner/.m2/repository/org/fusesource/leveldbjni/leveldbjni-all/1.8/leveldbjni-all-1.8.jar:/home/runner/.m2/repository/org/apache/hadoop/hadoop-distcp/3.3.1/hadoop-distcp-3.3.1.jar:/home/runner/.m2/repository/org/apache/hadoop/hadoop-mapreduce-client-jobclient/3.3.1/hadoop-mapreduce-client-jobclient-3.3.1.jar:/home/runner/.m2/repository/org/apache/hadoop/hadoop-mapreduce-client-common/3.3.1/hadoop-mapreduce-client-common-3.3.1.jar:/home/runner/.m2/repository/org/apache/hadoop/hadoop-yarn-common/3.3.1/hadoop-yarn-common-3.3.1.jar:/home/runner/.m2/repository/org/apache/hadoop/hadoop-yarn-api/3.3.1/hadoop-yarn-api-3.3.1.jar:/home/runner/.m2/repository/com/sun/jersey/jersey-client/1.19/jersey-client-1.19.jar:/home/runner/.m2/repository/com/sun/jersey/contribs/jersey-guice/1.19/jersey-guice-1.19.jar:/home/runner/.m2/repository/com/fasterxml/jackson/jaxrs/jackson-jaxrs-json-provider/2.12.1/jackson-jaxrs-json-provider-2.12.1.jar:/home/runner/.m2/repository/com/fasterxml/jackson/jaxrs/jackson-jaxrs-base/2.12.1/jackson-jaxrs-base-2.12.1.jar:/home/runner/.m2/repository/org/apache/hadoop/hadoop-yarn-client/3.3.1/hadoop-yarn-client-3.3.1.jar:/home/runner/.m2/repository/org/eclipse/jetty/websocket/websocket-client/9.4.40.v20210413/websocket-client-9.4.40.v20210413.jar:/home/runner/.m2/repository/org/eclipse/jetty/jetty-client/9.4.40.v20210413/jetty-client-9.4.40.v20210413.jar:/home/runner/.m2/repository/org/eclipse/jetty/websocket/websocket-common/9.4.40.v20210413/websocket-common-9.4.40.v20210413.jar:/home/runner/.m2/repository/org/eclipse/jetty/websocket/websocket-api/9.4.40.v20210413/websocket-api-9.4.40.v20210413.jar:/home/runner/.m2/repository/org/jline/jline/3.9.0/jline-3.9.0.jar:/home/runner/.m2/repository/org/apache/hadoop/hadoop-mapreduce-client-core/3.3.1/hadoop-mapreduce-client-core-3.3.1.jar:/home/runner/.m2/repository/org/apache/avro/avro/1.7.7/avro-1.7.7.jar:/home/runner/.m2/repository/org/codehaus/jackson/jackson-core-asl/1.9.13/jackson-core-asl-1.9.13.jar:/home/runner/.m2/repository/org/codehaus/jackson/jackson-mapper-asl/1.9.13/jackson-mapper-asl-1.9.13.jar:/home/runner/.m2/repository/com/thoughtworks/paranamer/paranamer/2.3/paranamer-2.3.jar:/home/runner/.m2/repository/org/apache/hadoop/hadoop-annotations/3.3.1/hadoop-annotations-3.3.1.jar:/usr/lib/jvm/adoptopenjdk-8-hotspot-amd64/jre/../lib/tools.jar:/home/runner/.m2/repository/org/apache/hadoop/hadoop-distcp/3.3.1/hadoop-distcp-3.3.1-tests.jar:/home/runner/.m2/repository/org/apache/ratis/ratis-common/2.2.0/ratis-common-2.2.0.jar:/home/runner/.m2/repository/org/apache/ratis/ratis-thirdparty-misc/0.7.0/ratis-thirdparty-misc-0.7.0.jar:/home/runner/.m2/repository/org/apache/ratis/ratis-proto/2.2.0/ratis-proto-2.2.0.jar:"/>
    <property name="sun.cpu.endian" value="little"/>
    <property name="user.home" value="/home/runner"/>
    <property name="user.language" value="en"/>
    <property name="java.specification.vendor" value="Oracle Corporation"/>
    <property name="java.home" value="/usr/lib/jvm/adoptopenjdk-8-hotspot-amd64/jre"/>
    <property name="java.security.krb5.conf" value="/home/runner/work/ozone/ozone/hadoop-ozone/integration-test/target/test-classes/krb5.conf"/>
    <property name="basedir" value="/home/runner/work/ozone/ozone/hadoop-ozone/integration-test"/>
    <property name="file.separator" value="/"/>
    <property name="line.separator" value="&#10;"/>
    <property name="java.vm.specification.vendor" value="Oracle Corporation"/>
    <property name="java.specification.name" value="Java Platform API Specification"/>
    <property name="java.awt.graphicsenv" value="sun.awt.X11GraphicsEnvironment"/>
    <property name="skip.installnpx" value="true"/>
    <property name="surefire.real.class.path" value="/home/runner/work/ozone/ozone/hadoop-ozone/integration-test/target/surefire/surefirebooter3122209685477863173.jar:/home/runner/.m2/repository/org/jacoco/org.jacoco.agent/0.8.5/org.jacoco.agent-0.8.5-runtime.jar"/>
    <property name="hadoop.log.dir" value="/home/runner/work/ozone/ozone/hadoop-ozone/integration-test/target/log"/>
    <property name="sun.boot.class.path" value="/usr/lib/jvm/adoptopenjdk-8-hotspot-amd64/jre/lib/resources.jar:/usr/lib/jvm/adoptopenjdk-8-hotspot-amd64/jre/lib/rt.jar:/usr/lib/jvm/adoptopenjdk-8-hotspot-amd64/jre/lib/sunrsasign.jar:/usr/lib/jvm/adoptopenjdk-8-hotspot-amd64/jre/lib/jsse.jar:/usr/lib/jvm/adoptopenjdk-8-hotspot-amd64/jre/lib/jce.jar:/usr/lib/jvm/adoptopenjdk-8-hotspot-amd64/jre/lib/charsets.jar:/usr/lib/jvm/adoptopenjdk-8-hotspot-amd64/jre/lib/jfr.jar:/usr/lib/jvm/adoptopenjdk-8-hotspot-amd64/jre/classes"/>
    <property name="sun.management.compiler" value="HotSpot 64-Bit Tiered Compilers"/>
    <property name="skip.npx" value="true"/>
    <property name="java.runtime.version" value="1.8.0_292-b10"/>
    <property name="java.net.preferIPv4Stack" value="true"/>
    <property name="user.name" value="runner"/>
    <property name="path.separator" value=":"/>
    <property name="java.security.egd" value="file:///dev/urandom"/>
    <property name="os.version" value="5.4.0-1062-azure"/>
    <property name="java.endorsed.dirs" value="/usr/lib/jvm/adoptopenjdk-8-hotspot-amd64/jre/lib/endorsed"/>
    <property name="java.runtime.name" value="OpenJDK Runtime Environment"/>
    <property name="file.encoding" value="UTF-8"/>
    <property name="java.vm.name" value="OpenJDK 64-Bit Server VM"/>
    <property name="test.build.webapps" value=""/>
    <property name="localRepository" value="/home/runner/.m2/repository"/>
    <property name="java.vendor.url.bug" value="https://github.com/AdoptOpenJDK/openjdk-support/issues"/>
    <property name="java.io.tmpdir" value="/tmp"/>
    <property name="require.test.libhadoop" value=""/>
    <property name="java.version" value="1.8.0_292"/>
    <property name="user.dir" value="/home/runner/work/ozone/ozone/hadoop-ozone/integration-test"/>
    <property name="os.arch" value="amd64"/>
    <property name="java.vm.specification.name" value="Java Virtual Machine Specification"/>
    <property name="test.build.classes" value="/home/runner/work/ozone/ozone/hadoop-ozone/integration-test/target/test-classes"/>
    <property name="java.awt.printerjob" value="sun.print.PSPrinterJob"/>
    <property name="sun.os.patch.level" value="unknown"/>
    <property name="hadoop.tmp.dir" value="/home/runner/work/ozone/ozone/hadoop-ozone/integration-test/target/tmp"/>
    <property name="java.library.path" value="/usr/java/packages/lib/amd64:/usr/lib64:/lib64:/lib:/usr/lib"/>
    <property name="java.vm.info" value="mixed mode"/>
    <property name="java.vendor" value="AdoptOpenJDK"/>
    <property name="java.vm.version" value="25.292-b10"/>
    <property name="java.ext.dirs" value="/usr/lib/jvm/adoptopenjdk-8-hotspot-amd64/jre/lib/ext:/usr/java/packages/lib/ext"/>
    <property name="sun.io.unicode.encoding" value="UnicodeLittle"/>
    <property name="java.class.version" value="52.0"/>
  </properties>
  <testcase name="test2DatanodesFailure" classname="org.apache.hadoop.ozone.client.rpc.TestBlockOutputStreamWithFailuresFlushDelay" time="73.776"/>
  <testcase name="testDatanodeFailureWithPreAllocation" classname="org.apache.hadoop.ozone.client.rpc.TestBlockOutputStreamWithFailuresFlushDelay" time="111.139"/>
  <testcase name="testDatanodeFailureWithSingleNodeRatis" classname="org.apache.hadoop.ozone.client.rpc.TestBlockOutputStreamWithFailuresFlushDelay" time="300.035">
    <error message="test timed out after 300 seconds" type="org.junit.runners.model.TestTimedOutException">org.junit.runners.model.TestTimedOutException: test timed out after 300 seconds
	at java.lang.Object.wait(Native Method)
	at java.util.concurrent.ForkJoinTask.externalAwaitDone(ForkJoinTask.java:334)
	at java.util.concurrent.ForkJoinTask.doInvoke(ForkJoinTask.java:405)
	at java.util.concurrent.ForkJoinTask.invoke(ForkJoinTask.java:734)
	at java.util.stream.ForEachOps$ForEachOp.evaluateParallel(ForEachOps.java:159)
	at java.util.stream.ForEachOps$ForEachOp$OfRef.evaluateParallel(ForEachOps.java:173)
	at java.util.stream.AbstractPipeline.evaluate(AbstractPipeline.java:233)
	at java.util.stream.ReferencePipeline.forEach(ReferencePipeline.java:485)
	at java.util.stream.ReferencePipeline$Head.forEach(ReferencePipeline.java:650)
	at org.apache.hadoop.ozone.MiniOzoneClusterImpl.stopDatanodes(MiniOzoneClusterImpl.java:529)
	at org.apache.hadoop.ozone.MiniOzoneClusterImpl.stop(MiniOzoneClusterImpl.java:470)
	at org.apache.hadoop.ozone.MiniOzoneClusterImpl.shutdown(MiniOzoneClusterImpl.java:457)
	at org.apache.hadoop.ozone.client.rpc.TestBlockOutputStreamWithFailuresFlushDelay.shutdown(TestBlockOutputStreamWithFailuresFlushDelay.java:160)
	at sun.reflect.NativeMethodAccessorImpl.invoke0(Native Method)
	at sun.reflect.NativeMethodAccessorImpl.invoke(NativeMethodAccessorImpl.java:62)
	at sun.reflect.DelegatingMethodAccessorImpl.invoke(DelegatingMethodAccessorImpl.java:43)
	at java.lang.reflect.Method.invoke(Method.java:498)
	at org.junit.runners.model.FrameworkMethod$1.runReflectiveCall(FrameworkMethod.java:59)
	at org.junit.internal.runners.model.ReflectiveCallable.run(ReflectiveCallable.java:12)
	at org.junit.runners.model.FrameworkMethod.invokeExplosively(FrameworkMethod.java:56)
	at org.junit.internal.runners.statements.RunAfters.invokeMethod(RunAfters.java:46)
	at org.junit.internal.runners.statements.RunAfters.evaluate(RunAfters.java:33)
	at org.junit.internal.runners.statements.FailOnTimeout$CallableStatement.call(FailOnTimeout.java:288)
	at org.junit.internal.runners.statements.FailOnTimeout$CallableStatement.call(FailOnTimeout.java:282)
	at java.util.concurrent.FutureTask.run(FutureTask.java:266)
	at java.lang.Thread.run(Thread.java:748)
</error>
    <system-out><![CDATA[2021-11-05 12:59:56,976 [Time-limited test] WARN  server.ServerUtils (ServerUtils.java:getScmDbDir(148)) - ozone.scm.db.dirs is not configured. We recommend adding this setting. Falling back to ozone.metadata.dirs instead.
2021-11-05 12:59:56,987 [Time-limited test] INFO  ha.SCMHANodeDetails (SCMHANodeDetails.java:loadSCMHAConfig(157)) - ServiceID for StorageContainerManager is null
2021-11-05 12:59:56,987 [Time-limited test] INFO  ha.SCMHANodeDetails (SCMHANodeDetails.java:loadSCMHAConfig(162)) - ozone.scm.default.service.id is not defined, falling back to ozone.scm.service.ids to find serviceID for StorageContainerManager if it is HA enabled cluster
2021-11-05 12:59:56,998 [Time-limited test] WARN  server.ServerUtils (ServerUtils.java:getScmDbDir(148)) - ozone.scm.db.dirs is not configured. We recommend adding this setting. Falling back to ozone.metadata.dirs instead.
2021-11-05 12:59:57,004 [Time-limited test] INFO  upgrade.AbstractLayoutVersionManager (AbstractLayoutVersionManager.java:init(79)) - Initializing Layout version manager with metadata layout = SCM_HA (version = 2), software layout = SCM_HA (version = 2)
2021-11-05 12:59:57,139 [Time-limited test] INFO  reflections.Reflections (Reflections.java:scan(232)) - Reflections took 134 ms to scan 7 urls, producing 119 keys and 279 values 
2021-11-05 12:59:57,141 [Time-limited test] WARN  utils.HAUtils (HAUtils.java:getMetaDir(342)) - ozone.scm.db.dirs is not configured. We recommend adding this setting. Falling back to ozone.metadata.dirs instead.
2021-11-05 12:59:57,142 [Time-limited test] WARN  db.DBStoreBuilder (DBStoreBuilder.java:applyDBDefinition(145)) - ozone.scm.db.dirs is not configured. We recommend adding this setting. Falling back to ozone.metadata.dirs instead.
2021-11-05 12:59:57,520 [Time-limited test] INFO  net.NodeSchemaLoader (NodeSchemaLoader.java:loadSchemaFromFile(129)) - Loading schema from [jar:file:/home/runner/.m2/repository/org/apache/ozone/hdds-common/1.2.0-SNAPSHOT/hdds-common-1.2.0-SNAPSHOT.jar!/network-topology-default.xml]
2021-11-05 12:59:57,520 [Time-limited test] INFO  net.NodeSchemaLoader (NodeSchemaLoader.java:loadSchema(176)) - Loading network topology layer schema file
2021-11-05 12:59:57,523 [Time-limited test] WARN  impl.MetricRegistriesImpl (MetricRegistriesImpl.java:addReporterRegistration(111)) - New reporters are added after registries were created. Some metrics will be missing from the reporter. Please add reporter before adding any new registry.
2021-11-05 12:59:57,523 [Time-limited test] WARN  impl.MetricRegistriesImpl (MetricRegistriesImpl.java:addReporterRegistration(111)) - New reporters are added after registries were created. Some metrics will be missing from the reporter. Please add reporter before adding any new registry.
2021-11-05 12:59:57,523 [Time-limited test] INFO  ha.SequenceIdGenerator (SequenceIdGenerator.java:upgradeToSequenceId(347)) - upgrade localId to 107544261427200000
2021-11-05 12:59:57,524 [Time-limited test] INFO  ha.SequenceIdGenerator (SequenceIdGenerator.java:upgradeToSequenceId(357)) - upgrade delTxnId to 0
2021-11-05 12:59:57,524 [Time-limited test] INFO  ha.SequenceIdGenerator (SequenceIdGenerator.java:upgradeToSequenceId(371)) - upgrade containerId to 0
2021-11-05 12:59:57,524 [Time-limited test] INFO  ha.SequenceIdGenerator (SequenceIdGenerator.java:<init>(218)) - Init the HA SequenceIdGenerator.
2021-11-05 12:59:57,524 [Time-limited test] WARN  server.ServerUtils (ServerUtils.java:sanitizeUserArgs(67)) - ozone.scm.dead.node.interval value = 10000 is smaller than min = 20000 based on the key value of ozone.scm.stale.node.interval, reset to the min value 20000.
2021-11-05 12:59:57,575 [Time-limited test] INFO  node.SCMNodeManager (SCMNodeManager.java:<init>(144)) - Entering startup safe mode.
2021-11-05 12:59:57,576 [Time-limited test] INFO  algorithms.ContainerPlacementPolicyFactory (ContainerPlacementPolicyFactory.java:getPolicy(60)) - Create container placement policy of type org.apache.hadoop.hdds.scm.container.placement.algorithms.SCMContainerPlacementRandom
2021-11-05 12:59:57,576 [Time-limited test] INFO  pipeline.PipelineStateManagerImpl (PipelineStateManagerImpl.java:initialize(78)) - No pipeline exists in current db
2021-11-05 12:59:57,576 [Time-limited test] INFO  algorithms.LeaderChoosePolicyFactory (LeaderChoosePolicyFactory.java:getPolicy(57)) - Create leader choose policy of type org.apache.hadoop.hdds.scm.pipeline.leader.choose.algorithms.MinLeaderCountChoosePolicy
2021-11-05 12:59:57,576 [Time-limited test] INFO  ha.SCMServiceManager (SCMServiceManager.java:register(43)) - Registering service BackgroundPipelineCreator.
2021-11-05 12:59:57,576 [Time-limited test] INFO  pipeline.BackgroundPipelineCreator (BackgroundPipelineCreator.java:start(130)) - Starting RatisPipelineUtilsThread.
2021-11-05 12:59:57,584 [Time-limited test] INFO  algorithms.PipelineChoosePolicyFactory (PipelineChoosePolicyFactory.java:createPipelineChoosePolicyFromClass(73)) - Create pipeline choose policy of type org.apache.hadoop.hdds.scm.pipeline.choose.algorithms.RandomPipelineChoosePolicy
2021-11-05 12:59:57,584 [Time-limited test] INFO  ha.SCMServiceManager (SCMServiceManager.java:register(43)) - Registering service SCMBlockDeletingService.
2021-11-05 12:59:57,585 [Time-limited test] INFO  ha.SCMServiceManager (SCMServiceManager.java:register(43)) - Registering service ReplicationManager.
2021-11-05 12:59:57,585 [Time-limited test] INFO  container.ReplicationManager (ReplicationManager.java:start(319)) - Starting Replication Monitor Thread.
2021-11-05 12:59:57,620 [Time-limited test] INFO  safemode.ContainerSafeModeRule (ContainerSafeModeRule.java:<init>(89)) - containers with one replica threshold count 0
2021-11-05 12:59:57,620 [Time-limited test] INFO  safemode.HealthyPipelineSafeModeRule (HealthyPipelineSafeModeRule.java:initializeRule(156)) - Total pipeline count is 0, healthy pipeline threshold count is 1
2021-11-05 12:59:57,620 [Time-limited test] INFO  safemode.OneReplicaPipelineSafeModeRule (OneReplicaPipelineSafeModeRule.java:initializeRule(180)) - Total pipeline count is 0, pipeline's with at least one datanode reported threshold count is 0
2021-11-05 12:59:57,636 [Time-limited test] INFO  ipc.CallQueueManager (CallQueueManager.java:<init>(90)) - Using callQueue: class java.util.concurrent.LinkedBlockingQueue, queueCapacity: 2000, scheduler: class org.apache.hadoop.ipc.DefaultRpcScheduler, ipcBackoff: false.
2021-11-05 12:59:57,644 [Socket Reader #1 for port 0] INFO  ipc.Server (Server.java:run(1265)) - Starting Socket Reader #1 for port 0
2021-11-05 12:59:57,652 [Listener at 0.0.0.0/35591] INFO  ipc.CallQueueManager (CallQueueManager.java:<init>(90)) - Using callQueue: class java.util.concurrent.LinkedBlockingQueue, queueCapacity: 2000, scheduler: class org.apache.hadoop.ipc.DefaultRpcScheduler, ipcBackoff: false.
2021-11-05 12:59:57,653 [Socket Reader #1 for port 0] INFO  ipc.Server (Server.java:run(1265)) - Starting Socket Reader #1 for port 0
2021-11-05 12:59:57,653 [Listener at 0.0.0.0/42733] INFO  ipc.CallQueueManager (CallQueueManager.java:<init>(90)) - Using callQueue: class java.util.concurrent.LinkedBlockingQueue, queueCapacity: 2000, scheduler: class org.apache.hadoop.ipc.DefaultRpcScheduler, ipcBackoff: false.
2021-11-05 12:59:57,655 [Socket Reader #1 for port 0] INFO  ipc.Server (Server.java:run(1265)) - Starting Socket Reader #1 for port 0
2021-11-05 12:59:57,655 [ReplicationMonitor] INFO  container.ReplicationManager (ReplicationManager.java:processAll(371)) - Replication Monitor Thread took 0 milliseconds for processing 0 containers.
2021-11-05 12:59:57,803 [Listener at 0.0.0.0/38605] INFO  algorithms.ContainerPlacementPolicyFactory (ContainerPlacementPolicyFactory.java:getPolicy(60)) - Create container placement policy of type org.apache.hadoop.hdds.scm.container.placement.algorithms.SCMContainerPlacementRandom
2021-11-05 12:59:57,808 [Listener at 0.0.0.0/38605] INFO  server.StorageContainerManager (StorageContainerManager.java:<init>(388)) - 
Container Balancer status:
Key                            Value
Running                        false
Container Balancer Configuration values:
Key                                                Value
Threshold                                          0.1
Max Datanodes to Involve per Iteration(ratio)      0.2
Max Size to Move per Iteration                     32212254720B

2021-11-05 12:59:57,816 [Listener at 0.0.0.0/38605] WARN  events.EventQueue (EventQueue.java:fireEvent(194)) - No event handler registered for event TypedEvent{payloadType=SafeModeStatus, name='Safe mode status'}
2021-11-05 12:59:57,816 [Listener at 0.0.0.0/38605] INFO  ha.SCMContext (SCMContext.java:updateSafeModeStatus(205)) - Update SafeModeStatus from SafeModeStatus{safeModeStatus=true, preCheckPassed=false} to SafeModeStatus{safeModeStatus=true, preCheckPassed=false}.
2021-11-05 12:59:57,816 [Listener at 0.0.0.0/38605] INFO  server.StorageContainerManager (StorageContainerManager.java:start(1303)) - StorageContainerLocationProtocol RPC server is listening at /0.0.0.0:38605
2021-11-05 12:59:57,817 [Listener at 0.0.0.0/38605] WARN  impl.MetricsConfig (MetricsConfig.java:loadFirst(136)) - Cannot locate configuration: tried hadoop-metrics2-storagecontainermanager.properties,hadoop-metrics2.properties
2021-11-05 12:59:57,826 [Listener at 0.0.0.0/38605] INFO  impl.MetricsSystemImpl (MetricsSystemImpl.java:startTimer(378)) - Scheduled Metric snapshot period at 10 second(s).
2021-11-05 12:59:57,826 [Listener at 0.0.0.0/38605] INFO  impl.MetricsSystemImpl (MetricsSystemImpl.java:start(191)) - StorageContainerManager metrics system started
2021-11-05 12:59:57,848 [Listener at 0.0.0.0/38605] INFO  impl.MetricsSinkAdapter (MetricsSinkAdapter.java:start(204)) - Sink prometheus started
2021-11-05 12:59:57,900 [Listener at 0.0.0.0/38605] INFO  impl.MetricsSystemImpl (MetricsSystemImpl.java:registerSink(305)) - Registered sink prometheus
2021-11-05 12:59:58,008 [Listener at 0.0.0.0/38605] INFO  server.SCMClientProtocolServer (SCMClientProtocolServer.java:start(164)) - RPC server for Client  is listening at /0.0.0.0:38605
2021-11-05 12:59:58,023 [IPC Server Responder] INFO  ipc.Server (Server.java:run(1507)) - IPC Server Responder: starting
2021-11-05 12:59:58,081 [Listener at 0.0.0.0/38605] INFO  server.StorageContainerManager (StorageContainerManager.java:start(1318)) - ScmBlockLocationProtocol RPC server is listening at /0.0.0.0:42733
2021-11-05 12:59:58,082 [Listener at 0.0.0.0/38605] INFO  server.SCMBlockProtocolServer (SCMBlockProtocolServer.java:start(151)) - RPC server for Block Protocol is listening at /0.0.0.0:42733
2021-11-05 12:59:58,082 [IPC Server Responder] INFO  ipc.Server (Server.java:run(1507)) - IPC Server Responder: starting
2021-11-05 12:59:58,082 [IPC Server listener on 0] INFO  ipc.Server (Server.java:run(1344)) - IPC Server listener on 0: starting
2021-11-05 12:59:58,085 [Listener at 0.0.0.0/38605] INFO  server.StorageContainerManager (StorageContainerManager.java:start(1324)) - ScmDatanodeProtocl RPC server is listening at /0.0.0.0:35591
2021-11-05 12:59:58,085 [Listener at 0.0.0.0/38605] INFO  server.SCMDatanodeProtocolServer (SCMDatanodeProtocolServer.java:start(181)) - RPC server for DataNodes is listening at /0.0.0.0:35591
2021-11-05 12:59:58,086 [IPC Server Responder] INFO  ipc.Server (Server.java:run(1507)) - IPC Server Responder: starting
2021-11-05 12:59:58,086 [IPC Server listener on 0] INFO  ipc.Server (Server.java:run(1344)) - IPC Server listener on 0: starting
2021-11-05 12:59:58,113 [Listener at 0.0.0.0/38605] INFO  http.BaseHttpServer (BaseHttpServer.java:newHttpServer2BuilderForOzone(209)) - Starting Web-server for scm at: http://0.0.0.0:0
2021-11-05 12:59:58,113 [Listener at 0.0.0.0/38605] INFO  http.BaseHttpServer (BaseHttpServer.java:<init>(107)) - Hadoop Security Enabled: false Ozone Security Enabled: false Ozone HTTP Security Enabled: false 
2021-11-05 12:59:58,114 [Listener at 0.0.0.0/38605] INFO  server.AuthenticationFilter (AuthenticationFilter.java:constructSecretProvider(240)) - Unable to initialize FileSignerSecretProvider, falling back to use random secrets.
2021-11-05 12:59:58,114 [IPC Server listener on 0] INFO  ipc.Server (Server.java:run(1344)) - IPC Server listener on 0: starting
2021-11-05 12:59:58,126 [org.apache.hadoop.util.JvmPauseMonitor$Monitor@2c4cacd4] INFO  util.JvmPauseMonitor (JvmPauseMonitor.java:run(188)) - Starting JVM pause monitor
2021-11-05 12:59:58,148 [Listener at 0.0.0.0/38605] WARN  http.HttpRequestLog (HttpRequestLog.java:getRequestLog(103)) - Jetty request log can only be enabled using Log4j
2021-11-05 12:59:58,149 [Listener at 0.0.0.0/38605] INFO  http.HttpServer2 (HttpServer2.java:addGlobalFilter(1030)) - Added global filter 'safety' (class=org.apache.hadoop.hdds.server.http.HttpServer2$QuotingInputFilter)
2021-11-05 12:59:58,149 [Listener at 0.0.0.0/38605] INFO  http.HttpServer2 (HttpServer2.java:addFilter(1006)) - Added filter static_user_filter (class=org.apache.hadoop.http.lib.StaticUserWebFilter$StaticUserFilter) to context scm
2021-11-05 12:59:58,149 [Listener at 0.0.0.0/38605] INFO  http.HttpServer2 (HttpServer2.java:addFilter(1014)) - Added filter static_user_filter (class=org.apache.hadoop.http.lib.StaticUserWebFilter$StaticUserFilter) to context logs
2021-11-05 12:59:58,149 [Listener at 0.0.0.0/38605] INFO  http.HttpServer2 (HttpServer2.java:addFilter(1014)) - Added filter static_user_filter (class=org.apache.hadoop.http.lib.StaticUserWebFilter$StaticUserFilter) to context static
2021-11-05 12:59:58,150 [Listener at 0.0.0.0/38605] INFO  http.HttpServer2 (HttpServer2.java:bindListener(1249)) - Jetty bound to port 43841
2021-11-05 12:59:58,150 [Listener at 0.0.0.0/38605] INFO  server.Server (Server.java:doStart(375)) - jetty-9.4.43.v20210629; built: 2021-06-30T11:07:22.254Z; git: 526006ecfa3af7f1a27ef3a288e2bef7ea9dd7e8; jvm 1.8.0_292-b10
2021-11-05 12:59:58,188 [Listener at 0.0.0.0/38605] INFO  server.session (DefaultSessionIdManager.java:doStart(334)) - DefaultSessionIdManager workerName=node0
2021-11-05 12:59:58,188 [Listener at 0.0.0.0/38605] INFO  server.session (DefaultSessionIdManager.java:doStart(339)) - No SessionScavenger set, using defaults
2021-11-05 12:59:58,189 [Listener at 0.0.0.0/38605] INFO  server.session (HouseKeeper.java:startScavenging(132)) - node0 Scavenging every 600000ms
2021-11-05 12:59:58,189 [Listener at 0.0.0.0/38605] INFO  handler.ContextHandler (ContextHandler.java:doStart(915)) - Started o.e.j.s.ServletContextHandler@6b270763{logs,/logs,file:///home/runner/work/ozone/ozone/hadoop-ozone/integration-test/target/log,AVAILABLE}
2021-11-05 12:59:58,190 [Listener at 0.0.0.0/38605] INFO  handler.ContextHandler (ContextHandler.java:doStart(915)) - Started o.e.j.s.ServletContextHandler@6219e9d2{static,/static,file:///home/runner/work/ozone/ozone/hadoop-ozone/integration-test/target/test-classes/webapps/static,AVAILABLE}
2021-11-05 12:59:58,216 [Listener at 0.0.0.0/38605] INFO  handler.ContextHandler (ContextHandler.java:doStart(915)) - Started o.e.j.w.WebAppContext@4cd77718{scm,/,file:///home/runner/work/ozone/ozone/hadoop-ozone/integration-test/target/test-classes/webapps/scm/,AVAILABLE}{file:/home/runner/work/ozone/ozone/hadoop-ozone/integration-test/target/test-classes/webapps/scm}
2021-11-05 12:59:58,225 [Listener at 0.0.0.0/38605] INFO  server.AbstractConnector (AbstractConnector.java:doStart(331)) - Started ServerConnector@322f6613{HTTP/1.1, (http/1.1)}{0.0.0.0:43841}
2021-11-05 12:59:58,225 [Listener at 0.0.0.0/38605] INFO  server.Server (Server.java:doStart(415)) - Started @187246ms
2021-11-05 12:59:58,225 [Listener at 0.0.0.0/38605] WARN  impl.MetricsSystemImpl (MetricsSystemImpl.java:register(279)) - Sink prometheus already exists!
2021-11-05 12:59:58,226 [Listener at 0.0.0.0/38605] INFO  http.BaseHttpServer (BaseHttpServer.java:updateConnectorAddress(329)) - HTTP server of scm listening at http://0.0.0.0:43841
2021-11-05 12:59:58,226 [Listener at 0.0.0.0/38605] WARN  server.ServerUtils (ServerUtils.java:getDBPath(225)) - ozone.om.db.dirs is not configured. We recommend adding this setting. Falling back to ozone.metadata.dirs instead.
2021-11-05 12:59:58,229 [Listener at 0.0.0.0/38605] INFO  ha.OMHANodeDetails (OMHANodeDetails.java:loadOMHAConfig(112)) - ozone.om.internal.service.id is not defined, falling back to ozone.om.service.ids to find serviceID for OzoneManager if it is HA enabled cluster
2021-11-05 12:59:58,248 [Listener at 0.0.0.0/38605] INFO  ha.OMHANodeDetails (OMHANodeDetails.java:loadOMHAConfig(219)) - Configuration does not have ozone.om.address set. Falling back to the default OM address /127.0.0.1:0
2021-11-05 12:59:58,248 [Listener at 0.0.0.0/38605] INFO  ha.OMHANodeDetails (OMHANodeDetails.java:getOMNodeDetails(247)) - OM Service ID is not set. Setting it to the default ID: omServiceIdDefault
2021-11-05 12:59:58,248 [Listener at 0.0.0.0/38605] INFO  ha.OMHANodeDetails (OMHANodeDetails.java:getOMNodeDetails(254)) - OM Node ID is not set. Setting it to the default ID: om1
2021-11-05 12:59:58,248 [Listener at 0.0.0.0/38605] WARN  server.ServerUtils (ServerUtils.java:getDBPath(225)) - ozone.om.db.dirs is not configured. We recommend adding this setting. Falling back to ozone.metadata.dirs instead.
2021-11-05 12:59:58,248 [Listener at 0.0.0.0/38605] INFO  upgrade.AbstractLayoutVersionManager (AbstractLayoutVersionManager.java:init(79)) - Initializing Layout version manager with metadata layout = INITIAL_VERSION (version = 0), software layout = INITIAL_VERSION (version = 0)
2021-11-05 12:59:58,491 [Listener at 0.0.0.0/38605] INFO  reflections.Reflections (Reflections.java:scan(232)) - Reflections took 227 ms to scan 2 urls, producing 131 keys and 344 values [using 2 cores]
2021-11-05 12:59:58,491 [Listener at 0.0.0.0/38605] INFO  upgrade.OMLayoutVersionManager (OMLayoutVersionManager.java:lambda$0(115)) - Skipping Upgrade Action MockOmUpgradeAction since it has been finalized.
2021-11-05 12:59:58,492 [Listener at 0.0.0.0/38605] WARN  server.ServerUtils (ServerUtils.java:getDBPath(225)) - ozone.om.db.dirs is not configured. We recommend adding this setting. Falling back to ozone.metadata.dirs instead.
2021-11-05 12:59:58,597 [Listener at 0.0.0.0/38605] WARN  server.ServerUtils (ServerUtils.java:getDBPath(225)) - ozone.om.db.dirs is not configured. We recommend adding this setting. Falling back to ozone.metadata.dirs instead.
2021-11-05 12:59:58,597 [Listener at 0.0.0.0/38605] INFO  codec.OmKeyInfoCodec (OmKeyInfoCodec.java:<init>(51)) - OmKeyInfoCodec ignorePipeline = true
2021-11-05 12:59:58,600 [Listener at 0.0.0.0/38605] INFO  codec.RepeatedOmKeyInfoCodec (RepeatedOmKeyInfoCodec.java:<init>(42)) - RepeatedOmKeyInfoCodec ignorePipeline = true
2021-11-05 12:59:59,011 [Listener at 0.0.0.0/38605] INFO  om.OzoneManager (OzoneManager.java:addS3GVolumeToDB(3456)) - Created Volume s3v With Owner runner required for S3Gateway operations.
2021-11-05 12:59:59,011 [Listener at 0.0.0.0/38605] WARN  server.ServerUtils (ServerUtils.java:getDefaultRatisDirectory(237)) - Storage directory for Ratis is not configured. It is a good idea to map this to an SSD disk. Falling back to ozone.metadata.dirs
2021-11-05 12:59:59,011 [Listener at 0.0.0.0/38605] WARN  utils.OzoneManagerRatisUtils (OzoneManagerRatisUtils.java:getOMRatisSnapshotDirectory(435)) - ozone.om.ratis.snapshot.dir is not configured. Falling back to ozone.metadata.dirs config
2021-11-05 12:59:59,054 [Listener at 0.0.0.0/38605] WARN  impl.MetricRegistriesImpl (MetricRegistriesImpl.java:addReporterRegistration(111)) - New reporters are added after registries were created. Some metrics will be missing from the reporter. Please add reporter before adding any new registry.
2021-11-05 12:59:59,054 [Listener at 0.0.0.0/38605] WARN  impl.MetricRegistriesImpl (MetricRegistriesImpl.java:addReporterRegistration(111)) - New reporters are added after registries were created. Some metrics will be missing from the reporter. Please add reporter before adding any new registry.
2021-11-05 12:59:59,054 [Listener at 0.0.0.0/38605] WARN  server.ServerUtils (ServerUtils.java:getDefaultRatisDirectory(237)) - Storage directory for Ratis is not configured. It is a good idea to map this to an SSD disk. Falling back to ozone.metadata.dirs
2021-11-05 12:59:59,055 [Listener at 0.0.0.0/38605] INFO  ratis.OzoneManagerRatisServer (OzoneManagerRatisServer.java:<init>(159)) - Instantiating OM Ratis server with groupID: omServiceIdDefault and peers: localhost:9872
2021-11-05 12:59:59,064 [Listener at 0.0.0.0/38605] INFO  ratis.OzoneManagerStateMachine (OzoneManagerStateMachine.java:loadSnapshotInfoFromDB(605)) - LastAppliedIndex is set from TransactionInfo from OM DB as (t:0, i:~)
2021-11-05 12:59:59,074 [Listener at 0.0.0.0/38605] INFO  server.RaftServer (ConfUtils.java:logGet(44)) - raft.rpc.type = GRPC (default)
2021-11-05 12:59:59,074 [Listener at 0.0.0.0/38605] INFO  grpc.GrpcFactory (GrpcFactory.java:checkPooledByteBufAllocatorUseCacheForAllThreads(48)) - PERFORMANCE WARNING: useCacheForAllThreads is true that may cause Netty to create a lot garbage objects and, as a result, trigger GC.
	It is recommended to disable useCacheForAllThreads by setting -Dorg.apache.ratis.thirdparty.io.netty.allocator.useCacheForAllThreads=false in command line.
2021-11-05 12:59:59,080 [Listener at 0.0.0.0/38605] INFO  grpc.GrpcConfigKeys (ConfUtils.java:logGet(44)) - raft.grpc.admin.port = -1 (default)
2021-11-05 12:59:59,080 [Listener at 0.0.0.0/38605] INFO  grpc.GrpcConfigKeys (ConfUtils.java:logGet(44)) - raft.grpc.server.port = 9872 (custom)
2021-11-05 12:59:59,080 [Listener at 0.0.0.0/38605] INFO  grpc.GrpcConfigKeys (ConfUtils.java:logGet(44)) - raft.grpc.client.port = -1 (default)
2021-11-05 12:59:59,081 [Listener at 0.0.0.0/38605] INFO  grpc.GrpcConfigKeys (ConfUtils.java:logGet(44)) - raft.grpc.server.port = 9872 (custom)
2021-11-05 12:59:59,081 [Listener at 0.0.0.0/38605] INFO  grpc.GrpcConfigKeys (ConfUtils.java:logGet(44)) - raft.grpc.server.port = 9872 (custom)
2021-11-05 12:59:59,081 [Listener at 0.0.0.0/38605] INFO  server.GrpcService (ConfUtils.java:logGet(44)) - raft.grpc.message.size.max = 33554432 (custom)
2021-11-05 12:59:59,081 [Listener at 0.0.0.0/38605] INFO  server.RaftServerConfigKeys (ConfUtils.java:logGet(44)) - raft.server.log.appender.buffer.byte-limit = 33554432 (custom)
2021-11-05 12:59:59,081 [Listener at 0.0.0.0/38605] INFO  server.GrpcService (ConfUtils.java:logGet(44)) - raft.grpc.flow.control.window = 1MB (=1048576) (default)
2021-11-05 12:59:59,081 [Listener at 0.0.0.0/38605] INFO  server.RaftServerConfigKeys (ConfUtils.java:logGet(44)) - raft.server.rpc.request.timeout = 3000ms (default)
2021-11-05 12:59:59,086 [Listener at 0.0.0.0/38605] INFO  impl.DataStreamServerImpl (ConfUtils.java:logGet(44)) - raft.datastream.type = DISABLED (default)
2021-11-05 12:59:59,094 [Listener at 0.0.0.0/38605] INFO  server.RaftServerConfigKeys (ConfUtils.java:logGet(44)) - raft.server.rpc.slowness.timeout = 120s (custom)
2021-11-05 12:59:59,094 [Listener at 0.0.0.0/38605] INFO  server.RaftServerConfigKeys (ConfUtils.java:logGet(44)) - raft.server.leaderelection.leader.step-down.wait-time = 10s (default)
2021-11-05 12:59:59,095 [Listener at 0.0.0.0/38605] INFO  server.RaftServerConfigKeys (ConfUtils.java:logGet(44)) - raft.server.storage.dir = [/home/runner/work/ozone/ozone/hadoop-ozone/integration-test/target/test-dir/MiniOzoneClusterImpl-bdf76210-3e21-404e-9e17-65b92aec9f1a/ozone-meta/ratis] (custom)
2021-11-05 12:59:59,095 [Listener at 0.0.0.0/38605] INFO  server.RaftServer (RaftServerProxy.java:addNew(95)) - om1: addNew group-C5BA1605619E:[om1|rpc:localhost:9872|priority:0] returns group-C5BA1605619E:java.util.concurrent.CompletableFuture@4fd6dec0[Not completed]
2021-11-05 12:59:59,095 [Listener at 0.0.0.0/38605] INFO  om.OzoneManager (OzoneManager.java:initializeRatisServer(1638)) - OzoneManager Ratis server initialized at port 9872
2021-11-05 12:59:59,096 [Listener at 0.0.0.0/38605] INFO  ipc.CallQueueManager (CallQueueManager.java:<init>(90)) - Using callQueue: class java.util.concurrent.LinkedBlockingQueue, queueCapacity: 2000, scheduler: class org.apache.hadoop.ipc.DefaultRpcScheduler, ipcBackoff: false.
2021-11-05 12:59:59,097 [Socket Reader #1 for port 0] INFO  ipc.Server (Server.java:run(1265)) - Starting Socket Reader #1 for port 0
2021-11-05 12:59:59,148 [pool-508-thread-1] INFO  server.RaftServer$Division (RaftServerImpl.java:<init>(184)) - om1: new RaftServerImpl for group-C5BA1605619E:[om1|rpc:localhost:9872|priority:0] with OzoneManagerStateMachine:uninitialized
2021-11-05 12:59:59,160 [pool-508-thread-1] INFO  server.RaftServerConfigKeys (ConfUtils.java:logGet(44)) - raft.server.rpc.timeout.min = 1s (custom)
2021-11-05 12:59:59,160 [pool-508-thread-1] INFO  server.RaftServerConfigKeys (ConfUtils.java:logGet(44)) - raft.server.rpc.timeout.max = 1200ms (custom)
2021-11-05 12:59:59,160 [pool-508-thread-1] INFO  server.RaftServerConfigKeys (ConfUtils.java:logGet(44)) - raft.server.rpc.sleep.time = 25ms (default)
2021-11-05 12:59:59,160 [pool-508-thread-1] INFO  server.RaftServerConfigKeys (ConfUtils.java:logGet(44)) - raft.server.rpc.slowness.timeout = 120s (custom)
2021-11-05 12:59:59,161 [pool-508-thread-1] INFO  server.RaftServerConfigKeys (ConfUtils.java:logGet(44)) - raft.server.leaderelection.leader.step-down.wait-time = 10s (default)
2021-11-05 12:59:59,161 [pool-508-thread-1] INFO  server.RaftServerConfigKeys (ConfUtils.java:logGet(44)) - raft.server.sleep.deviation.threshold = 300ms (default)
2021-11-05 12:59:59,161 [pool-508-thread-1] INFO  server.RaftServerConfigKeys (ConfUtils.java:logGet(44)) - raft.server.log.appender.install.snapshot.enabled = false (custom)
2021-11-05 12:59:59,161 [pool-508-thread-1] INFO  server.RaftServer$Division (ServerState.java:<init>(105)) - om1@group-C5BA1605619E: ConfigurationManager, init=-1: [om1|rpc:localhost:9872|priority:0], old=null, confs=<EMPTY_MAP>
2021-11-05 12:59:59,161 [pool-508-thread-1] INFO  server.RaftServerConfigKeys (ConfUtils.java:logGet(44)) - raft.server.storage.dir = [/home/runner/work/ozone/ozone/hadoop-ozone/integration-test/target/test-dir/MiniOzoneClusterImpl-bdf76210-3e21-404e-9e17-65b92aec9f1a/ozone-meta/ratis] (custom)
2021-11-05 12:59:59,161 [pool-508-thread-1] INFO  server.RaftServerConfigKeys (ConfUtils.java:logGet(44)) - raft.server.log.corruption.policy = EXCEPTION (default)
2021-11-05 12:59:59,161 [pool-508-thread-1] INFO  server.RaftServerConfigKeys (ConfUtils.java:logGet(44)) - raft.server.storage.free-space.min = 0MB (=0) (default)
2021-11-05 12:59:59,161 [pool-508-thread-1] INFO  storage.RaftStorageDirectory (RaftStorageDirectoryImpl.java:analyzeStorage(135)) - The storage directory /home/runner/work/ozone/ozone/hadoop-ozone/integration-test/target/test-dir/MiniOzoneClusterImpl-bdf76210-3e21-404e-9e17-65b92aec9f1a/ozone-meta/ratis/bf265839-605b-3f16-9796-c5ba1605619e does not exist. Creating ...
2021-11-05 12:59:59,163 [pool-508-thread-1] INFO  storage.RaftStorageDirectory (RaftStorageDirectoryImpl.java:tryLock(230)) - Lock on /home/runner/work/ozone/ozone/hadoop-ozone/integration-test/target/test-dir/MiniOzoneClusterImpl-bdf76210-3e21-404e-9e17-65b92aec9f1a/ozone-meta/ratis/bf265839-605b-3f16-9796-c5ba1605619e/in_use.lock acquired by nodename 10214@fv-az151-875
2021-11-05 12:59:59,168 [pool-508-thread-1] INFO  storage.RaftStorage (RaftStorageImpl.java:format(89)) - Storage directory /home/runner/work/ozone/ozone/hadoop-ozone/integration-test/target/test-dir/MiniOzoneClusterImpl-bdf76210-3e21-404e-9e17-65b92aec9f1a/ozone-meta/ratis/bf265839-605b-3f16-9796-c5ba1605619e has been successfully formatted.
2021-11-05 12:59:59,193 [pool-508-thread-1] INFO  server.RaftServerConfigKeys (ConfUtils.java:logGet(44)) - raft.server.notification.no-leader.timeout = 120s (custom)
2021-11-05 12:59:59,193 [pool-508-thread-1] INFO  server.RaftServerConfigKeys (ConfUtils.java:logGet(44)) - raft.server.log.use.memory = false (default)
2021-11-05 12:59:59,193 [pool-508-thread-1] INFO  server.RaftServerConfigKeys (ConfUtils.java:logGet(44)) - raft.server.log.purge.gap = 1000000 (custom)
2021-11-05 12:59:59,193 [pool-508-thread-1] INFO  server.RaftServerConfigKeys (ConfUtils.java:logGet(44)) - raft.server.log.appender.buffer.byte-limit = 33554432 (custom)
2021-11-05 12:59:59,193 [pool-508-thread-1] INFO  server.RaftServerConfigKeys (ConfUtils.java:logGet(44)) - raft.server.log.segment.size.max = 4194304 (custom)
2021-11-05 12:59:59,194 [pool-508-thread-1] INFO  server.RaftServerConfigKeys (ConfUtils.java:logGet(44)) - raft.server.log.segment.cache.num.max = 2 (custom)
2021-11-05 12:59:59,194 [pool-508-thread-1] INFO  server.RaftServerConfigKeys (ConfUtils.java:logGet(44)) - raft.server.log.segment.cache.size.max = 200MB (=209715200) (default)
2021-11-05 12:59:59,194 [pool-508-thread-1] INFO  segmented.SegmentedRaftLogWorker (SegmentedRaftLogWorker.java:<init>(182)) - new om1@group-C5BA1605619E-SegmentedRaftLogWorker for RaftStorageImpl:Storage Directory /home/runner/work/ozone/ozone/hadoop-ozone/integration-test/target/test-dir/MiniOzoneClusterImpl-bdf76210-3e21-404e-9e17-65b92aec9f1a/ozone-meta/ratis/bf265839-605b-3f16-9796-c5ba1605619e
2021-11-05 12:59:59,194 [pool-508-thread-1] INFO  server.RaftServerConfigKeys (ConfUtils.java:logGet(44)) - raft.server.log.queue.byte-limit = 64MB (=67108864) (default)
2021-11-05 12:59:59,194 [pool-508-thread-1] INFO  server.RaftServerConfigKeys (ConfUtils.java:logGet(44)) - raft.server.log.queue.element-limit = 4096 (default)
2021-11-05 12:59:59,194 [pool-508-thread-1] INFO  server.RaftServerConfigKeys (ConfUtils.java:logGet(44)) - raft.server.log.segment.size.max = 4194304 (custom)
2021-11-05 12:59:59,194 [pool-508-thread-1] INFO  server.RaftServerConfigKeys (ConfUtils.java:logGet(44)) - raft.server.log.preallocated.size = 4194304 (custom)
2021-11-05 12:59:59,194 [pool-508-thread-1] INFO  server.RaftServerConfigKeys (ConfUtils.java:logGet(44)) - raft.server.log.force.sync.num = 128 (default)
2021-11-05 12:59:59,194 [pool-508-thread-1] INFO  server.RaftServerConfigKeys (ConfUtils.java:logGet(44)) - raft.server.log.statemachine.data.sync = true (default)
2021-11-05 12:59:59,194 [pool-508-thread-1] INFO  server.RaftServerConfigKeys (ConfUtils.java:logGet(44)) - raft.server.log.statemachine.data.sync.timeout = 10s (default)
2021-11-05 12:59:59,194 [pool-508-thread-1] INFO  server.RaftServerConfigKeys (ConfUtils.java:logGet(44)) - raft.server.log.statemachine.data.sync.timeout.retry = -1 (default)
2021-11-05 12:59:59,195 [pool-508-thread-1] INFO  server.RaftServerConfigKeys (ConfUtils.java:logGet(44)) - raft.server.log.write.buffer.size = 64KB (=65536) (default)
2021-11-05 12:59:59,195 [pool-508-thread-1] INFO  server.RaftServerConfigKeys (ConfUtils.java:logGet(44)) - raft.server.log.statemachine.data.caching.enabled = false (default)
2021-11-05 12:59:59,195 [pool-508-thread-1] INFO  segmented.SegmentedRaftLogWorker (SegmentedRaftLogWorker.java:lambda$new$0(133)) - om1@group-C5BA1605619E-SegmentedRaftLogWorker: flushIndex: setUnconditionally 0 -> -1
2021-11-05 12:59:59,195 [pool-508-thread-1] INFO  segmented.SegmentedRaftLogWorker (SegmentedRaftLogWorker.java:lambda$new$0(133)) - om1@group-C5BA1605619E-SegmentedRaftLogWorker: safeCacheEvictIndex: setUnconditionally 0 -> -1
2021-11-05 12:59:59,204 [pool-508-thread-1] INFO  server.RaftServerConfigKeys (ConfUtils.java:logGet(44)) - raft.server.snapshot.auto.trigger.enabled = true (custom)
2021-11-05 12:59:59,204 [pool-508-thread-1] INFO  server.RaftServerConfigKeys (ConfUtils.java:logGet(44)) - raft.server.snapshot.auto.trigger.threshold = 400000 (default)
2021-11-05 12:59:59,204 [pool-508-thread-1] INFO  server.RaftServerConfigKeys (ConfUtils.java:logGet(44)) - raft.server.snapshot.retention.file.num = -1 (default)
2021-11-05 12:59:59,204 [pool-508-thread-1] INFO  server.RaftServerConfigKeys (ConfUtils.java:logGet(44)) - raft.server.log.purge.upto.snapshot.index = true (custom)
2021-11-05 12:59:59,204 [pool-508-thread-1] INFO  server.RaftServerConfigKeys (ConfUtils.java:logGet(44)) - raft.server.retrycache.expirytime = 300s (custom)
2021-11-05 12:59:59,204 [pool-508-thread-1] INFO  server.RaftServerConfigKeys (ConfUtils.java:logGet(44)) - raft.server.retrycache.statistics.expirytime = 100μs (default)
2021-11-05 12:59:59,222 [Listener at 127.0.0.1/42119] INFO  om.OzoneManager (OzoneManager.java:initFSOLayout(3662)) - Configured ozone.om.metadata.layout=SIMPLE and disabled optimized OM FS operations
2021-11-05 12:59:59,236 [Listener at 127.0.0.1/42119] INFO  impl.MetricsSystemImpl (MetricsSystemImpl.java:init(158)) - OzoneManager metrics system started (again)
2021-11-05 12:59:59,292 [Listener at 127.0.0.1/42119] INFO  om.OzoneManager (OzoneManager.java:start(1322)) - OzoneManager RPC server is listening at localhost/127.0.0.1:42119
2021-11-05 12:59:59,310 [Listener at 127.0.0.1/42119] INFO  ratis.OzoneManagerRatisServer (OzoneManagerRatisServer.java:start(522)) - Starting OzoneManagerRatisServer om1 at port 9872
2021-11-05 12:59:59,310 [Listener at 127.0.0.1/42119] INFO  server.RaftServer$Division (RaftServerImpl.java:start(301)) - om1@group-C5BA1605619E: start as a follower, conf=-1: [om1|rpc:localhost:9872|priority:0], old=null
2021-11-05 12:59:59,310 [Listener at 127.0.0.1/42119] INFO  server.RaftServer$Division (RaftServerImpl.java:setRole(290)) - om1@group-C5BA1605619E: changes role from      null to FOLLOWER at term 0 for startAsFollower
2021-11-05 12:59:59,310 [Listener at 127.0.0.1/42119] INFO  impl.RoleInfo (RoleInfo.java:updateAndGet(130)) - om1: start om1@group-C5BA1605619E-FollowerState
2021-11-05 12:59:59,364 [Listener at 127.0.0.1/42119] INFO  util.JmxRegister (JmxRegister.java:tryRegister(44)) - Successfully registered JMX Bean with object name Ratis:service=RaftServer,group=group-C5BA1605619E,id=om1
2021-11-05 12:59:59,368 [Listener at 127.0.0.1/42119] INFO  server.RaftServer (RaftServerProxy.java:lambda$start$5(374)) - om1: start RPC server
2021-11-05 12:59:59,380 [Listener at 127.0.0.1/42119] INFO  server.GrpcService (GrpcService.java:startImpl(253)) - om1: GrpcService started, listening on 9872
2021-11-05 12:59:59,381 [Listener at 127.0.0.1/42119] INFO  om.OzoneManager (OzoneManager.java:start(1340)) - Version File has different layout version (0) than OM DB (null). That is expected if this OM has never been finalized to a newer layout version.
2021-11-05 12:59:59,381 [org.apache.ratis.util.JvmPauseMonitor$$Lambda$531/328699815@57e255b3] INFO  util.JvmPauseMonitor (JvmPauseMonitor.java:run(103)) - JvmPauseMonitor-om1: Started
2021-11-05 12:59:59,438 [Listener at 127.0.0.1/42119] INFO  http.BaseHttpServer (BaseHttpServer.java:newHttpServer2BuilderForOzone(209)) - Starting Web-server for ozoneManager at: http://0.0.0.0:0
2021-11-05 12:59:59,438 [Listener at 127.0.0.1/42119] INFO  http.BaseHttpServer (BaseHttpServer.java:<init>(107)) - Hadoop Security Enabled: false Ozone Security Enabled: false Ozone HTTP Security Enabled: false 
2021-11-05 12:59:59,456 [Listener at 127.0.0.1/42119] INFO  server.AuthenticationFilter (AuthenticationFilter.java:constructSecretProvider(240)) - Unable to initialize FileSignerSecretProvider, falling back to use random secrets.
2021-11-05 12:59:59,458 [Listener at 127.0.0.1/42119] WARN  http.HttpRequestLog (HttpRequestLog.java:getRequestLog(103)) - Jetty request log can only be enabled using Log4j
2021-11-05 12:59:59,459 [Listener at 127.0.0.1/42119] INFO  http.HttpServer2 (HttpServer2.java:addGlobalFilter(1030)) - Added global filter 'safety' (class=org.apache.hadoop.hdds.server.http.HttpServer2$QuotingInputFilter)
2021-11-05 12:59:59,459 [Listener at 127.0.0.1/42119] INFO  http.HttpServer2 (HttpServer2.java:addFilter(1006)) - Added filter static_user_filter (class=org.apache.hadoop.http.lib.StaticUserWebFilter$StaticUserFilter) to context ozoneManager
2021-11-05 12:59:59,459 [Listener at 127.0.0.1/42119] INFO  http.HttpServer2 (HttpServer2.java:addFilter(1014)) - Added filter static_user_filter (class=org.apache.hadoop.http.lib.StaticUserWebFilter$StaticUserFilter) to context logs
2021-11-05 12:59:59,459 [Listener at 127.0.0.1/42119] INFO  http.HttpServer2 (HttpServer2.java:addFilter(1014)) - Added filter static_user_filter (class=org.apache.hadoop.http.lib.StaticUserWebFilter$StaticUserFilter) to context static
2021-11-05 12:59:59,460 [Listener at 127.0.0.1/42119] INFO  http.HttpServer2 (HttpServer2.java:bindListener(1249)) - Jetty bound to port 38383
2021-11-05 12:59:59,460 [Listener at 127.0.0.1/42119] INFO  server.Server (Server.java:doStart(375)) - jetty-9.4.43.v20210629; built: 2021-06-30T11:07:22.254Z; git: 526006ecfa3af7f1a27ef3a288e2bef7ea9dd7e8; jvm 1.8.0_292-b10
2021-11-05 12:59:59,461 [Listener at 127.0.0.1/42119] INFO  server.session (DefaultSessionIdManager.java:doStart(334)) - DefaultSessionIdManager workerName=node0
2021-11-05 12:59:59,461 [Listener at 127.0.0.1/42119] INFO  server.session (DefaultSessionIdManager.java:doStart(339)) - No SessionScavenger set, using defaults
2021-11-05 12:59:59,481 [Listener at 127.0.0.1/42119] INFO  server.session (HouseKeeper.java:startScavenging(132)) - node0 Scavenging every 600000ms
2021-11-05 12:59:59,483 [Listener at 127.0.0.1/42119] INFO  handler.ContextHandler (ContextHandler.java:doStart(915)) - Started o.e.j.s.ServletContextHandler@37f66c22{logs,/logs,file:///home/runner/work/ozone/ozone/hadoop-ozone/integration-test/target/log,AVAILABLE}
2021-11-05 12:59:59,495 [Listener at 127.0.0.1/42119] INFO  handler.ContextHandler (ContextHandler.java:doStart(915)) - Started o.e.j.s.ServletContextHandler@64c25947{static,/static,file:///home/runner/work/ozone/ozone/hadoop-ozone/integration-test/target/test-classes/webapps/static,AVAILABLE}
2021-11-05 12:59:59,529 [Listener at 127.0.0.1/42119] INFO  handler.ContextHandler (ContextHandler.java:doStart(915)) - Started o.e.j.w.WebAppContext@57e6eaa5{ozoneManager,/,file:///home/runner/work/ozone/ozone/hadoop-ozone/integration-test/target/test-classes/webapps/ozoneManager/,AVAILABLE}{file:/home/runner/work/ozone/ozone/hadoop-ozone/integration-test/target/test-classes/webapps/ozoneManager}
2021-11-05 12:59:59,543 [Listener at 127.0.0.1/42119] INFO  server.AbstractConnector (AbstractConnector.java:doStart(331)) - Started ServerConnector@6911e438{HTTP/1.1, (http/1.1)}{0.0.0.0:38383}
2021-11-05 12:59:59,543 [Listener at 127.0.0.1/42119] INFO  server.Server (Server.java:doStart(415)) - Started @188564ms
2021-11-05 12:59:59,543 [Listener at 127.0.0.1/42119] WARN  impl.MetricsSystemImpl (MetricsSystemImpl.java:register(279)) - Sink prometheus already exists!
2021-11-05 12:59:59,544 [Listener at 127.0.0.1/42119] INFO  http.BaseHttpServer (BaseHttpServer.java:updateConnectorAddress(329)) - HTTP server of ozoneManager listening at http://0.0.0.0:38383
2021-11-05 12:59:59,550 [IPC Server Responder] INFO  ipc.Server (Server.java:run(1507)) - IPC Server Responder: starting
2021-11-05 12:59:59,552 [IPC Server listener on 0] INFO  ipc.Server (Server.java:run(1344)) - IPC Server listener on 0: starting
2021-11-05 12:59:59,579 [Listener at 127.0.0.1/42119] INFO  om.OzoneManager (OzoneManager.java:startTrashEmptier(1596)) - Trash Interval set to 0. Files deleted will not move to trash
2021-11-05 12:59:59,629 [org.apache.hadoop.util.JvmPauseMonitor$Monitor@710d8df7] INFO  util.JvmPauseMonitor (JvmPauseMonitor.java:run(188)) - Starting JVM pause monitor
2021-11-05 12:59:59,659 [Listener at 127.0.0.1/42119] WARN  impl.MetricRegistriesImpl (MetricRegistriesImpl.java:addReporterRegistration(111)) - New reporters are added after registries were created. Some metrics will be missing from the reporter. Please add reporter before adding any new registry.
2021-11-05 12:59:59,659 [Listener at 127.0.0.1/42119] WARN  impl.MetricRegistriesImpl (MetricRegistriesImpl.java:addReporterRegistration(111)) - New reporters are added after registries were created. Some metrics will be missing from the reporter. Please add reporter before adding any new registry.
2021-11-05 12:59:59,659 [Listener at 127.0.0.1/42119] INFO  impl.MetricsSystemImpl (MetricsSystemImpl.java:init(158)) - HddsDatanode metrics system started (again)
2021-11-05 12:59:59,695 [Listener at 127.0.0.1/42119] INFO  ozone.HddsDatanodeService (HddsDatanodeService.java:start(234)) - HddsDatanodeService host:fv-az151-875.yf2hydr00wburbhx3j5hxtcipe.bx.internal.cloudapp.net ip:10.1.0.23
2021-11-05 12:59:59,816 [Listener at 127.0.0.1/42119] INFO  upgrade.AbstractLayoutVersionManager (AbstractLayoutVersionManager.java:init(79)) - Initializing Layout version manager with metadata layout = SCM_HA (version = 2), software layout = SCM_HA (version = 2)
2021-11-05 12:59:59,945 [Listener at 127.0.0.1/42119] INFO  reflections.Reflections (Reflections.java:scan(232)) - Reflections took 127 ms to scan 7 urls, producing 119 keys and 279 values 
2021-11-05 12:59:59,947 [Listener at 127.0.0.1/42119] INFO  statemachine.DatanodeStateMachine (DatanodeStateMachine.java:getEndPointTaskThreadPoolSize(219)) - Datanode State Machine Task Thread Pool size 2
2021-11-05 12:59:59,948 [Listener at 127.0.0.1/42119] INFO  volume.HddsVolume (HddsVolume.java:<init>(120)) - Creating HddsVolume: /home/runner/work/ozone/ozone/hadoop-ozone/integration-test/target/test-dir/MiniOzoneClusterImpl-bdf76210-3e21-404e-9e17-65b92aec9f1a/datanode-0/data-0/containers/hdds of storage type : DISK capacity : 9223372036854775807
2021-11-05 12:59:59,948 [Listener at 127.0.0.1/42119] INFO  volume.MutableVolumeSet (MutableVolumeSet.java:initializeVolumeSet(168)) - Added Volume : /home/runner/work/ozone/ozone/hadoop-ozone/integration-test/target/test-dir/MiniOzoneClusterImpl-bdf76210-3e21-404e-9e17-65b92aec9f1a/datanode-0/data-0/containers/hdds to VolumeSet
2021-11-05 12:59:59,948 [Listener at 127.0.0.1/42119] INFO  volume.ThrottledAsyncChecker (ThrottledAsyncChecker.java:schedule(141)) - Scheduling a check for /home/runner/work/ozone/ozone/hadoop-ozone/integration-test/target/test-dir/MiniOzoneClusterImpl-bdf76210-3e21-404e-9e17-65b92aec9f1a/datanode-0/data-0/containers/hdds
2021-11-05 12:59:59,972 [Listener at 127.0.0.1/42119] INFO  volume.StorageVolumeChecker (StorageVolumeChecker.java:checkAllVolumes(202)) - Scheduled health check for volume /home/runner/work/ozone/ozone/hadoop-ozone/integration-test/target/test-dir/MiniOzoneClusterImpl-bdf76210-3e21-404e-9e17-65b92aec9f1a/datanode-0/data-0/containers/hdds
2021-11-05 13:00:00,029 [Listener at 127.0.0.1/42119] INFO  volume.MutableVolumeSet (MutableVolumeSet.java:initializeVolumeSet(168)) - Added Volume : /home/runner/work/ozone/ozone/hadoop-ozone/integration-test/target/test-dir/MiniOzoneClusterImpl-bdf76210-3e21-404e-9e17-65b92aec9f1a/datanode-0/data/ratis to VolumeSet
2021-11-05 13:00:00,036 [Listener at 127.0.0.1/42119] INFO  volume.ThrottledAsyncChecker (ThrottledAsyncChecker.java:schedule(141)) - Scheduling a check for /home/runner/work/ozone/ozone/hadoop-ozone/integration-test/target/test-dir/MiniOzoneClusterImpl-bdf76210-3e21-404e-9e17-65b92aec9f1a/datanode-0/data/ratis
2021-11-05 13:00:00,036 [Listener at 127.0.0.1/42119] INFO  volume.StorageVolumeChecker (StorageVolumeChecker.java:checkAllVolumes(202)) - Scheduled health check for volume /home/runner/work/ozone/ozone/hadoop-ozone/integration-test/target/test-dir/MiniOzoneClusterImpl-bdf76210-3e21-404e-9e17-65b92aec9f1a/datanode-0/data/ratis
2021-11-05 13:00:00,112 [Thread-1632] INFO  ozoneimpl.ContainerReader (ContainerReader.java:readVolume(172)) - Finish verifying containers on volume /home/runner/work/ozone/ozone/hadoop-ozone/integration-test/target/test-dir/MiniOzoneClusterImpl-bdf76210-3e21-404e-9e17-65b92aec9f1a/datanode-0/data-0/containers/hdds
2021-11-05 13:00:00,113 [Listener at 127.0.0.1/42119] INFO  ozoneimpl.OzoneContainer (OzoneContainer.java:buildContainerSet(236)) - Build ContainerSet costs 0s
2021-11-05 13:00:00,162 [Listener at 127.0.0.1/42119] INFO  server.RaftServer (ConfUtils.java:logGet(44)) - raft.rpc.type = GRPC (default)
2021-11-05 13:00:00,176 [Listener at 127.0.0.1/42119] INFO  grpc.GrpcFactory (GrpcFactory.java:checkPooledByteBufAllocatorUseCacheForAllThreads(48)) - PERFORMANCE WARNING: useCacheForAllThreads is true that may cause Netty to create a lot garbage objects and, as a result, trigger GC.
	It is recommended to disable useCacheForAllThreads by setting -Dorg.apache.ratis.thirdparty.io.netty.allocator.useCacheForAllThreads=false in command line.
2021-11-05 13:00:00,176 [Listener at 127.0.0.1/42119] INFO  grpc.GrpcConfigKeys (ConfUtils.java:logGet(44)) - raft.grpc.admin.port = 0 (custom)
2021-11-05 13:00:00,176 [Listener at 127.0.0.1/42119] INFO  grpc.GrpcConfigKeys (ConfUtils.java:logGet(44)) - raft.grpc.client.port = 0 (custom)
2021-11-05 13:00:00,176 [Listener at 127.0.0.1/42119] INFO  grpc.GrpcConfigKeys (ConfUtils.java:logGet(44)) - raft.grpc.server.port = 0 (default)
2021-11-05 13:00:00,176 [Listener at 127.0.0.1/42119] INFO  server.GrpcService (ConfUtils.java:logGet(44)) - raft.grpc.message.size.max = 32MB (=33554432) (custom)
2021-11-05 13:00:00,176 [Listener at 127.0.0.1/42119] INFO  server.RaftServerConfigKeys (ConfUtils.java:logGet(44)) - raft.server.log.appender.buffer.byte-limit = 33554432 (custom)
2021-11-05 13:00:00,176 [Listener at 127.0.0.1/42119] INFO  server.GrpcService (ConfUtils.java:logGet(44)) - raft.grpc.flow.control.window = 5MB (=5242880) (custom)
2021-11-05 13:00:00,176 [Listener at 127.0.0.1/42119] INFO  server.RaftServerConfigKeys (ConfUtils.java:logGet(44)) - raft.server.rpc.request.timeout = 3000ms (default)
2021-11-05 13:00:00,178 [Listener at 127.0.0.1/42119] INFO  impl.DataStreamServerImpl (ConfUtils.java:logGet(44)) - raft.datastream.type = DISABLED (default)
2021-11-05 13:00:00,178 [Listener at 127.0.0.1/42119] INFO  server.RaftServerConfigKeys (ConfUtils.java:logGet(44)) - raft.server.rpc.slowness.timeout = 300000ms (custom)
2021-11-05 13:00:00,178 [Listener at 127.0.0.1/42119] INFO  server.RaftServerConfigKeys (ConfUtils.java:logGet(44)) - raft.server.leaderelection.leader.step-down.wait-time = 10s (default)
2021-11-05 13:00:00,178 [Listener at 127.0.0.1/42119] INFO  server.RaftServerConfigKeys (ConfUtils.java:logGet(44)) - raft.server.storage.dir = [/home/runner/work/ozone/ozone/hadoop-ozone/integration-test/target/test-dir/MiniOzoneClusterImpl-bdf76210-3e21-404e-9e17-65b92aec9f1a/datanode-0/data/ratis] (custom)
2021-11-05 13:00:00,182 [Listener at 127.0.0.1/42119] INFO  http.BaseHttpServer (BaseHttpServer.java:newHttpServer2BuilderForOzone(209)) - Starting Web-server for hddsDatanode at: http://0.0.0.0:0
2021-11-05 13:00:00,182 [Listener at 127.0.0.1/42119] INFO  http.BaseHttpServer (BaseHttpServer.java:<init>(107)) - Hadoop Security Enabled: false Ozone Security Enabled: false Ozone HTTP Security Enabled: false 
2021-11-05 13:00:00,183 [Listener at 127.0.0.1/42119] INFO  server.AuthenticationFilter (AuthenticationFilter.java:constructSecretProvider(240)) - Unable to initialize FileSignerSecretProvider, falling back to use random secrets.
2021-11-05 13:00:00,183 [Listener at 127.0.0.1/42119] WARN  http.HttpRequestLog (HttpRequestLog.java:getRequestLog(103)) - Jetty request log can only be enabled using Log4j
2021-11-05 13:00:00,184 [Listener at 127.0.0.1/42119] INFO  http.HttpServer2 (HttpServer2.java:addGlobalFilter(1030)) - Added global filter 'safety' (class=org.apache.hadoop.hdds.server.http.HttpServer2$QuotingInputFilter)
2021-11-05 13:00:00,185 [Listener at 127.0.0.1/42119] INFO  http.HttpServer2 (HttpServer2.java:addFilter(1006)) - Added filter static_user_filter (class=org.apache.hadoop.http.lib.StaticUserWebFilter$StaticUserFilter) to context hddsDatanode
2021-11-05 13:00:00,185 [Listener at 127.0.0.1/42119] INFO  http.HttpServer2 (HttpServer2.java:addFilter(1014)) - Added filter static_user_filter (class=org.apache.hadoop.http.lib.StaticUserWebFilter$StaticUserFilter) to context static
2021-11-05 13:00:00,185 [Listener at 127.0.0.1/42119] INFO  http.HttpServer2 (HttpServer2.java:addFilter(1014)) - Added filter static_user_filter (class=org.apache.hadoop.http.lib.StaticUserWebFilter$StaticUserFilter) to context logs
2021-11-05 13:00:00,204 [Listener at 127.0.0.1/42119] INFO  http.HttpServer2 (HttpServer2.java:bindListener(1249)) - Jetty bound to port 42167
2021-11-05 13:00:00,204 [Listener at 127.0.0.1/42119] INFO  server.Server (Server.java:doStart(375)) - jetty-9.4.43.v20210629; built: 2021-06-30T11:07:22.254Z; git: 526006ecfa3af7f1a27ef3a288e2bef7ea9dd7e8; jvm 1.8.0_292-b10
2021-11-05 13:00:00,262 [Listener at 127.0.0.1/42119] INFO  server.session (DefaultSessionIdManager.java:doStart(334)) - DefaultSessionIdManager workerName=node0
2021-11-05 13:00:00,262 [Listener at 127.0.0.1/42119] INFO  server.session (DefaultSessionIdManager.java:doStart(339)) - No SessionScavenger set, using defaults
2021-11-05 13:00:00,263 [Listener at 127.0.0.1/42119] INFO  server.session (HouseKeeper.java:startScavenging(132)) - node0 Scavenging every 660000ms
2021-11-05 13:00:00,264 [Listener at 127.0.0.1/42119] INFO  handler.ContextHandler (ContextHandler.java:doStart(915)) - Started o.e.j.s.ServletContextHandler@2079742e{logs,/logs,file:///home/runner/work/ozone/ozone/hadoop-ozone/integration-test/target/log,AVAILABLE}
2021-11-05 13:00:00,264 [Listener at 127.0.0.1/42119] INFO  handler.ContextHandler (ContextHandler.java:doStart(915)) - Started o.e.j.s.ServletContextHandler@43b16b03{static,/static,jar:file:/home/runner/.m2/repository/org/apache/ozone/hdds-container-service/1.2.0-SNAPSHOT/hdds-container-service-1.2.0-SNAPSHOT.jar!/webapps/static,AVAILABLE}
2021-11-05 13:00:00,466 [om1@group-C5BA1605619E-FollowerState] INFO  impl.FollowerState (FollowerState.java:run(134)) - om1@group-C5BA1605619E-FollowerState: change to CANDIDATE, lastRpcElapsedTime:1155210968ns, electionTimeout:1101ms
2021-11-05 13:00:00,466 [om1@group-C5BA1605619E-FollowerState] INFO  impl.RoleInfo (RoleInfo.java:shutdownFollowerState(108)) - om1: shutdown om1@group-C5BA1605619E-FollowerState
2021-11-05 13:00:00,466 [om1@group-C5BA1605619E-FollowerState] INFO  server.RaftServer$Division (RaftServerImpl.java:setRole(290)) - om1@group-C5BA1605619E: changes role from  FOLLOWER to CANDIDATE at term 0 for changeToCandidate
2021-11-05 13:00:00,466 [om1@group-C5BA1605619E-FollowerState] INFO  server.RaftServerConfigKeys (ConfUtils.java:logGet(44)) - raft.server.leaderelection.pre-vote = false (custom)
2021-11-05 13:00:00,466 [om1@group-C5BA1605619E-FollowerState] INFO  impl.RoleInfo (RoleInfo.java:updateAndGet(130)) - om1: start om1@group-C5BA1605619E-LeaderElection85
2021-11-05 13:00:00,521 [om1@group-C5BA1605619E-LeaderElection85] INFO  impl.LeaderElection (LeaderElection.java:askForVotes(306)) - om1@group-C5BA1605619E-LeaderElection85 ELECTION round 0: submit vote requests at term 1 for -1: [om1|rpc:localhost:9872|priority:0], old=null
2021-11-05 13:00:00,521 [om1@group-C5BA1605619E-LeaderElection85] INFO  impl.LeaderElection (LeaderElection.java:askForVotes(308)) - om1@group-C5BA1605619E-LeaderElection85 ELECTION round 0: result PASSED (term=1)
2021-11-05 13:00:00,521 [om1@group-C5BA1605619E-LeaderElection85] INFO  impl.RoleInfo (RoleInfo.java:shutdownLeaderElection(121)) - om1: shutdown om1@group-C5BA1605619E-LeaderElection85
2021-11-05 13:00:00,521 [om1@group-C5BA1605619E-LeaderElection85] INFO  server.RaftServer$Division (RaftServerImpl.java:setRole(290)) - om1@group-C5BA1605619E: changes role from CANDIDATE to LEADER at term 1 for changeToLeader
2021-11-05 13:00:00,521 [om1@group-C5BA1605619E-LeaderElection85] INFO  server.RaftServer$Division (ServerState.java:setLeader(285)) - om1@group-C5BA1605619E: change Leader from null to om1 at term 1 for becomeLeader, leader elected after 1328ms
2021-11-05 13:00:00,521 [om1@group-C5BA1605619E-LeaderElection85] INFO  server.RaftServerConfigKeys (ConfUtils.java:logGet(44)) - raft.server.staging.catchup.gap = 1000 (default)
2021-11-05 13:00:00,521 [om1@group-C5BA1605619E-LeaderElection85] INFO  server.RaftServerConfigKeys (ConfUtils.java:logGet(44)) - raft.server.write.element-limit = 4096 (default)
2021-11-05 13:00:00,521 [om1@group-C5BA1605619E-LeaderElection85] INFO  server.RaftServerConfigKeys (ConfUtils.java:logGet(44)) - raft.server.write.byte-limit = 64MB (=67108864) (default)
2021-11-05 13:00:00,522 [om1@group-C5BA1605619E-LeaderElection85] INFO  server.RaftServerConfigKeys (ConfUtils.java:logGet(44)) - raft.server.watch.timeout = 10s (default)
2021-11-05 13:00:00,522 [om1@group-C5BA1605619E-LeaderElection85] INFO  server.RaftServerConfigKeys (ConfUtils.java:logGet(44)) - raft.server.watch.timeout.denomination = 1s (default)
2021-11-05 13:00:00,522 [om1@group-C5BA1605619E-LeaderElection85] INFO  server.RaftServerConfigKeys (ConfUtils.java:logGet(44)) - raft.server.watch.element-limit = 65536 (default)
2021-11-05 13:00:00,522 [om1@group-C5BA1605619E-LeaderElection85] INFO  server.RaftServerConfigKeys (ConfUtils.java:logGet(44)) - raft.server.write.element-limit = 4096 (default)
2021-11-05 13:00:00,522 [om1@group-C5BA1605619E-LeaderElection85] INFO  server.RaftServerConfigKeys (ConfUtils.java:logGet(44)) - raft.server.write.follower.gap.ratio.max = -1.0 (default)
2021-11-05 13:00:00,522 [om1@group-C5BA1605619E-LeaderElection85] INFO  impl.RoleInfo (RoleInfo.java:updateAndGet(130)) - om1: start om1@group-C5BA1605619E-LeaderStateImpl
2021-11-05 13:00:00,522 [om1@group-C5BA1605619E-LeaderElection85] INFO  segmented.SegmentedRaftLogWorker (SegmentedRaftLogWorker.java:startLogSegment(394)) - om1@group-C5BA1605619E-SegmentedRaftLogWorker: Starting segment from index:0
2021-11-05 13:00:00,530 [om1@group-C5BA1605619E-SegmentedRaftLogWorker] INFO  segmented.SegmentedRaftLogWorker (SegmentedRaftLogWorker.java:execute(601)) - om1@group-C5BA1605619E-SegmentedRaftLogWorker: created new log segment /home/runner/work/ozone/ozone/hadoop-ozone/integration-test/target/test-dir/MiniOzoneClusterImpl-bdf76210-3e21-404e-9e17-65b92aec9f1a/ozone-meta/ratis/bf265839-605b-3f16-9796-c5ba1605619e/current/log_inprogress_0
2021-11-05 13:00:00,532 [om1@group-C5BA1605619E-LeaderElection85] INFO  server.RaftServer$Division (ServerState.java:setRaftConf(387)) - om1@group-C5BA1605619E: set configuration 0: [om1|rpc:localhost:9872|admin:|client:|dataStream:|priority:0], old=null
2021-11-05 13:00:00,569 [om1@group-C5BA1605619E-StateMachineUpdater] INFO  ratis.OzoneManagerStateMachine (OzoneManagerStateMachine.java:notifyConfigurationChanged(188)) - Received Configuration change notification from Ratis. New Peer list:
[id: "om1"
address: "localhost:9872"
]
2021-11-05 13:00:00,645 [Listener at 127.0.0.1/42119] INFO  handler.ContextHandler (ContextHandler.java:doStart(915)) - Started o.e.j.w.WebAppContext@5d851571{hddsDatanode,/,file:///tmp/jetty-0_0_0_0-42167-hdds-container-service-1_2_0-SNAPSHOT_jar-_-any-6631079096220826507/webapp/,AVAILABLE}{jar:file:/home/runner/.m2/repository/org/apache/ozone/hdds-container-service/1.2.0-SNAPSHOT/hdds-container-service-1.2.0-SNAPSHOT.jar!/webapps/hddsDatanode}
2021-11-05 13:00:00,673 [Listener at 127.0.0.1/42119] INFO  server.AbstractConnector (AbstractConnector.java:doStart(331)) - Started ServerConnector@77d89df6{HTTP/1.1, (http/1.1)}{0.0.0.0:42167}
2021-11-05 13:00:00,673 [Listener at 127.0.0.1/42119] INFO  server.Server (Server.java:doStart(415)) - Started @189694ms
2021-11-05 13:00:00,673 [Listener at 127.0.0.1/42119] WARN  impl.MetricsSystemImpl (MetricsSystemImpl.java:register(279)) - Sink prometheus already exists!
2021-11-05 13:00:00,674 [Listener at 127.0.0.1/42119] INFO  http.BaseHttpServer (BaseHttpServer.java:updateConnectorAddress(329)) - HTTP server of hddsDatanode listening at http://0.0.0.0:42167
2021-11-05 13:00:00,674 [Listener at 127.0.0.1/42119] WARN  impl.MetricRegistriesImpl (MetricRegistriesImpl.java:addReporterRegistration(111)) - New reporters are added after registries were created. Some metrics will be missing from the reporter. Please add reporter before adding any new registry.
2021-11-05 13:00:00,674 [Listener at 127.0.0.1/42119] WARN  impl.MetricRegistriesImpl (MetricRegistriesImpl.java:addReporterRegistration(111)) - New reporters are added after registries were created. Some metrics will be missing from the reporter. Please add reporter before adding any new registry.
2021-11-05 13:00:00,674 [Listener at 127.0.0.1/42119] INFO  impl.MetricsSystemImpl (MetricsSystemImpl.java:init(158)) - HddsDatanode metrics system started (again)
2021-11-05 13:00:00,712 [Datanode State Machine Daemon Thread] INFO  statemachine.DatanodeStateMachine (DatanodeStateMachine.java:lambda$startDaemon$0(467)) - Ozone container server started.
2021-11-05 13:00:00,752 [org.apache.hadoop.util.JvmPauseMonitor$Monitor@2328680] INFO  util.JvmPauseMonitor (JvmPauseMonitor.java:run(188)) - Starting JVM pause monitor
2021-11-05 13:00:00,802 [Listener at 127.0.0.1/42119] INFO  ozone.HddsDatanodeService (HddsDatanodeService.java:start(234)) - HddsDatanodeService host:fv-az151-875.yf2hydr00wburbhx3j5hxtcipe.bx.internal.cloudapp.net ip:10.1.0.23
2021-11-05 13:00:00,816 [Datanode State Machine Task Thread - 0] INFO  datanode.InitDatanodeState (InitDatanodeState.java:persistContainerDatanodeDetails(145)) - DatanodeDetails is persisted to /home/runner/work/ozone/ozone/hadoop-ozone/integration-test/target/test-dir/MiniOzoneClusterImpl-bdf76210-3e21-404e-9e17-65b92aec9f1a/datanode-0/meta/datanode.id
2021-11-05 13:00:00,885 [Listener at 127.0.0.1/42119] INFO  upgrade.AbstractLayoutVersionManager (AbstractLayoutVersionManager.java:init(79)) - Initializing Layout version manager with metadata layout = SCM_HA (version = 2), software layout = SCM_HA (version = 2)
2021-11-05 13:00:01,120 [Listener at 127.0.0.1/42119] INFO  reflections.Reflections (Reflections.java:scan(232)) - Reflections took 234 ms to scan 7 urls, producing 119 keys and 279 values 
2021-11-05 13:00:01,140 [Listener at 127.0.0.1/42119] INFO  statemachine.DatanodeStateMachine (DatanodeStateMachine.java:getEndPointTaskThreadPoolSize(219)) - Datanode State Machine Task Thread Pool size 2
2021-11-05 13:00:01,180 [Listener at 127.0.0.1/42119] INFO  volume.HddsVolume (HddsVolume.java:<init>(120)) - Creating HddsVolume: /home/runner/work/ozone/ozone/hadoop-ozone/integration-test/target/test-dir/MiniOzoneClusterImpl-bdf76210-3e21-404e-9e17-65b92aec9f1a/datanode-1/data-0/containers/hdds of storage type : DISK capacity : 9223372036854775807
2021-11-05 13:00:01,181 [Listener at 127.0.0.1/42119] INFO  volume.MutableVolumeSet (MutableVolumeSet.java:initializeVolumeSet(168)) - Added Volume : /home/runner/work/ozone/ozone/hadoop-ozone/integration-test/target/test-dir/MiniOzoneClusterImpl-bdf76210-3e21-404e-9e17-65b92aec9f1a/datanode-1/data-0/containers/hdds to VolumeSet
2021-11-05 13:00:01,181 [Listener at 127.0.0.1/42119] INFO  volume.ThrottledAsyncChecker (ThrottledAsyncChecker.java:schedule(141)) - Scheduling a check for /home/runner/work/ozone/ozone/hadoop-ozone/integration-test/target/test-dir/MiniOzoneClusterImpl-bdf76210-3e21-404e-9e17-65b92aec9f1a/datanode-1/data-0/containers/hdds
2021-11-05 13:00:01,198 [Listener at 127.0.0.1/42119] INFO  volume.StorageVolumeChecker (StorageVolumeChecker.java:checkAllVolumes(202)) - Scheduled health check for volume /home/runner/work/ozone/ozone/hadoop-ozone/integration-test/target/test-dir/MiniOzoneClusterImpl-bdf76210-3e21-404e-9e17-65b92aec9f1a/datanode-1/data-0/containers/hdds
2021-11-05 13:00:01,243 [Listener at 127.0.0.1/42119] INFO  volume.MutableVolumeSet (MutableVolumeSet.java:initializeVolumeSet(168)) - Added Volume : /home/runner/work/ozone/ozone/hadoop-ozone/integration-test/target/test-dir/MiniOzoneClusterImpl-bdf76210-3e21-404e-9e17-65b92aec9f1a/datanode-1/data/ratis to VolumeSet
2021-11-05 13:00:01,243 [Listener at 127.0.0.1/42119] INFO  volume.ThrottledAsyncChecker (ThrottledAsyncChecker.java:schedule(141)) - Scheduling a check for /home/runner/work/ozone/ozone/hadoop-ozone/integration-test/target/test-dir/MiniOzoneClusterImpl-bdf76210-3e21-404e-9e17-65b92aec9f1a/datanode-1/data/ratis
2021-11-05 13:00:01,243 [Listener at 127.0.0.1/42119] INFO  volume.StorageVolumeChecker (StorageVolumeChecker.java:checkAllVolumes(202)) - Scheduled health check for volume /home/runner/work/ozone/ozone/hadoop-ozone/integration-test/target/test-dir/MiniOzoneClusterImpl-bdf76210-3e21-404e-9e17-65b92aec9f1a/datanode-1/data/ratis
2021-11-05 13:00:01,352 [Thread-1646] INFO  ozoneimpl.ContainerReader (ContainerReader.java:readVolume(172)) - Finish verifying containers on volume /home/runner/work/ozone/ozone/hadoop-ozone/integration-test/target/test-dir/MiniOzoneClusterImpl-bdf76210-3e21-404e-9e17-65b92aec9f1a/datanode-1/data-0/containers/hdds
2021-11-05 13:00:01,352 [Listener at 127.0.0.1/42119] INFO  ozoneimpl.OzoneContainer (OzoneContainer.java:buildContainerSet(236)) - Build ContainerSet costs 0s
2021-11-05 13:00:01,354 [Listener at 127.0.0.1/42119] INFO  server.RaftServer (ConfUtils.java:logGet(44)) - raft.rpc.type = GRPC (default)
2021-11-05 13:00:01,354 [Listener at 127.0.0.1/42119] INFO  grpc.GrpcFactory (GrpcFactory.java:checkPooledByteBufAllocatorUseCacheForAllThreads(48)) - PERFORMANCE WARNING: useCacheForAllThreads is true that may cause Netty to create a lot garbage objects and, as a result, trigger GC.
	It is recommended to disable useCacheForAllThreads by setting -Dorg.apache.ratis.thirdparty.io.netty.allocator.useCacheForAllThreads=false in command line.
2021-11-05 13:00:01,354 [Listener at 127.0.0.1/42119] INFO  grpc.GrpcConfigKeys (ConfUtils.java:logGet(44)) - raft.grpc.admin.port = 0 (custom)
2021-11-05 13:00:01,354 [Listener at 127.0.0.1/42119] INFO  grpc.GrpcConfigKeys (ConfUtils.java:logGet(44)) - raft.grpc.client.port = 0 (custom)
2021-11-05 13:00:01,354 [Listener at 127.0.0.1/42119] INFO  grpc.GrpcConfigKeys (ConfUtils.java:logGet(44)) - raft.grpc.server.port = 0 (default)
2021-11-05 13:00:01,354 [Listener at 127.0.0.1/42119] INFO  server.GrpcService (ConfUtils.java:logGet(44)) - raft.grpc.message.size.max = 32MB (=33554432) (custom)
2021-11-05 13:00:01,354 [Listener at 127.0.0.1/42119] INFO  server.RaftServerConfigKeys (ConfUtils.java:logGet(44)) - raft.server.log.appender.buffer.byte-limit = 33554432 (custom)
2021-11-05 13:00:01,354 [Listener at 127.0.0.1/42119] INFO  server.GrpcService (ConfUtils.java:logGet(44)) - raft.grpc.flow.control.window = 5MB (=5242880) (custom)
2021-11-05 13:00:01,355 [Listener at 127.0.0.1/42119] INFO  server.RaftServerConfigKeys (ConfUtils.java:logGet(44)) - raft.server.rpc.request.timeout = 3000ms (default)
2021-11-05 13:00:01,355 [Listener at 127.0.0.1/42119] INFO  impl.DataStreamServerImpl (ConfUtils.java:logGet(44)) - raft.datastream.type = DISABLED (default)
2021-11-05 13:00:01,356 [Listener at 127.0.0.1/42119] INFO  server.RaftServerConfigKeys (ConfUtils.java:logGet(44)) - raft.server.rpc.slowness.timeout = 300000ms (custom)
2021-11-05 13:00:01,356 [Listener at 127.0.0.1/42119] INFO  server.RaftServerConfigKeys (ConfUtils.java:logGet(44)) - raft.server.leaderelection.leader.step-down.wait-time = 10s (default)
2021-11-05 13:00:01,356 [Listener at 127.0.0.1/42119] INFO  server.RaftServerConfigKeys (ConfUtils.java:logGet(44)) - raft.server.storage.dir = [/home/runner/work/ozone/ozone/hadoop-ozone/integration-test/target/test-dir/MiniOzoneClusterImpl-bdf76210-3e21-404e-9e17-65b92aec9f1a/datanode-1/data/ratis] (custom)
2021-11-05 13:00:01,359 [Listener at 127.0.0.1/42119] INFO  http.BaseHttpServer (BaseHttpServer.java:newHttpServer2BuilderForOzone(209)) - Starting Web-server for hddsDatanode at: http://0.0.0.0:0
2021-11-05 13:00:01,359 [Listener at 127.0.0.1/42119] INFO  http.BaseHttpServer (BaseHttpServer.java:<init>(107)) - Hadoop Security Enabled: false Ozone Security Enabled: false Ozone HTTP Security Enabled: false 
2021-11-05 13:00:01,364 [Listener at 127.0.0.1/42119] INFO  server.AuthenticationFilter (AuthenticationFilter.java:constructSecretProvider(240)) - Unable to initialize FileSignerSecretProvider, falling back to use random secrets.
2021-11-05 13:00:01,410 [Listener at 127.0.0.1/42119] WARN  http.HttpRequestLog (HttpRequestLog.java:getRequestLog(103)) - Jetty request log can only be enabled using Log4j
2021-11-05 13:00:01,410 [Listener at 127.0.0.1/42119] INFO  http.HttpServer2 (HttpServer2.java:addGlobalFilter(1030)) - Added global filter 'safety' (class=org.apache.hadoop.hdds.server.http.HttpServer2$QuotingInputFilter)
2021-11-05 13:00:01,411 [Listener at 127.0.0.1/42119] INFO  http.HttpServer2 (HttpServer2.java:addFilter(1006)) - Added filter static_user_filter (class=org.apache.hadoop.http.lib.StaticUserWebFilter$StaticUserFilter) to context hddsDatanode
2021-11-05 13:00:01,411 [Listener at 127.0.0.1/42119] INFO  http.HttpServer2 (HttpServer2.java:addFilter(1014)) - Added filter static_user_filter (class=org.apache.hadoop.http.lib.StaticUserWebFilter$StaticUserFilter) to context logs
2021-11-05 13:00:01,411 [Listener at 127.0.0.1/42119] INFO  http.HttpServer2 (HttpServer2.java:addFilter(1014)) - Added filter static_user_filter (class=org.apache.hadoop.http.lib.StaticUserWebFilter$StaticUserFilter) to context static
2021-11-05 13:00:01,411 [Listener at 127.0.0.1/42119] INFO  http.HttpServer2 (HttpServer2.java:bindListener(1249)) - Jetty bound to port 35123
2021-11-05 13:00:01,411 [Listener at 127.0.0.1/42119] INFO  server.Server (Server.java:doStart(375)) - jetty-9.4.43.v20210629; built: 2021-06-30T11:07:22.254Z; git: 526006ecfa3af7f1a27ef3a288e2bef7ea9dd7e8; jvm 1.8.0_292-b10
2021-11-05 13:00:01,508 [Listener at 127.0.0.1/42119] INFO  server.session (DefaultSessionIdManager.java:doStart(334)) - DefaultSessionIdManager workerName=node0
2021-11-05 13:00:01,508 [Listener at 127.0.0.1/42119] INFO  server.session (DefaultSessionIdManager.java:doStart(339)) - No SessionScavenger set, using defaults
2021-11-05 13:00:01,508 [Listener at 127.0.0.1/42119] INFO  server.session (HouseKeeper.java:startScavenging(132)) - node0 Scavenging every 660000ms
2021-11-05 13:00:01,564 [Listener at 127.0.0.1/42119] INFO  handler.ContextHandler (ContextHandler.java:doStart(915)) - Started o.e.j.s.ServletContextHandler@3a93f83b{logs,/logs,file:///home/runner/work/ozone/ozone/hadoop-ozone/integration-test/target/log,AVAILABLE}
2021-11-05 13:00:01,564 [Listener at 127.0.0.1/42119] INFO  handler.ContextHandler (ContextHandler.java:doStart(915)) - Started o.e.j.s.ServletContextHandler@38c0dfaa{static,/static,jar:file:/home/runner/.m2/repository/org/apache/ozone/hdds-container-service/1.2.0-SNAPSHOT/hdds-container-service-1.2.0-SNAPSHOT.jar!/webapps/static,AVAILABLE}
2021-11-05 13:00:01,738 [Listener at 127.0.0.1/42119] INFO  handler.ContextHandler (ContextHandler.java:doStart(915)) - Started o.e.j.w.WebAppContext@371258e7{hddsDatanode,/,file:///tmp/jetty-0_0_0_0-35123-hdds-container-service-1_2_0-SNAPSHOT_jar-_-any-3248828124615726481/webapp/,AVAILABLE}{jar:file:/home/runner/.m2/repository/org/apache/ozone/hdds-container-service/1.2.0-SNAPSHOT/hdds-container-service-1.2.0-SNAPSHOT.jar!/webapps/hddsDatanode}
2021-11-05 13:00:01,776 [Listener at 127.0.0.1/42119] INFO  server.AbstractConnector (AbstractConnector.java:doStart(331)) - Started ServerConnector@56b8511c{HTTP/1.1, (http/1.1)}{0.0.0.0:35123}
2021-11-05 13:00:01,776 [Listener at 127.0.0.1/42119] INFO  server.Server (Server.java:doStart(415)) - Started @190797ms
2021-11-05 13:00:01,776 [Listener at 127.0.0.1/42119] WARN  impl.MetricsSystemImpl (MetricsSystemImpl.java:register(279)) - Sink prometheus already exists!
2021-11-05 13:00:01,777 [Listener at 127.0.0.1/42119] INFO  http.BaseHttpServer (BaseHttpServer.java:updateConnectorAddress(329)) - HTTP server of hddsDatanode listening at http://0.0.0.0:35123
2021-11-05 13:00:01,791 [Listener at 127.0.0.1/42119] WARN  impl.MetricRegistriesImpl (MetricRegistriesImpl.java:addReporterRegistration(111)) - New reporters are added after registries were created. Some metrics will be missing from the reporter. Please add reporter before adding any new registry.
2021-11-05 13:00:01,797 [Listener at 127.0.0.1/42119] WARN  impl.MetricRegistriesImpl (MetricRegistriesImpl.java:addReporterRegistration(111)) - New reporters are added after registries were created. Some metrics will be missing from the reporter. Please add reporter before adding any new registry.
2021-11-05 13:00:01,797 [Listener at 127.0.0.1/42119] INFO  impl.MetricsSystemImpl (MetricsSystemImpl.java:init(158)) - HddsDatanode metrics system started (again)
2021-11-05 13:00:01,808 [Datanode State Machine Daemon Thread] INFO  statemachine.DatanodeStateMachine (DatanodeStateMachine.java:lambda$startDaemon$0(467)) - Ozone container server started.
2021-11-05 13:00:01,956 [org.apache.hadoop.util.JvmPauseMonitor$Monitor@24e2f648] INFO  util.JvmPauseMonitor (JvmPauseMonitor.java:run(188)) - Starting JVM pause monitor
2021-11-05 13:00:01,986 [Listener at 127.0.0.1/42119] INFO  ozone.HddsDatanodeService (HddsDatanodeService.java:start(234)) - HddsDatanodeService host:fv-az151-875.yf2hydr00wburbhx3j5hxtcipe.bx.internal.cloudapp.net ip:10.1.0.23
2021-11-05 13:00:02,010 [Datanode State Machine Task Thread - 0] INFO  datanode.InitDatanodeState (InitDatanodeState.java:persistContainerDatanodeDetails(145)) - DatanodeDetails is persisted to /home/runner/work/ozone/ozone/hadoop-ozone/integration-test/target/test-dir/MiniOzoneClusterImpl-bdf76210-3e21-404e-9e17-65b92aec9f1a/datanode-1/meta/datanode.id
2021-11-05 13:00:02,108 [Listener at 127.0.0.1/42119] INFO  upgrade.AbstractLayoutVersionManager (AbstractLayoutVersionManager.java:init(79)) - Initializing Layout version manager with metadata layout = SCM_HA (version = 2), software layout = SCM_HA (version = 2)
2021-11-05 13:00:02,361 [Listener at 127.0.0.1/42119] INFO  reflections.Reflections (Reflections.java:scan(232)) - Reflections took 243 ms to scan 7 urls, producing 119 keys and 279 values 
2021-11-05 13:00:02,373 [Listener at 127.0.0.1/42119] INFO  statemachine.DatanodeStateMachine (DatanodeStateMachine.java:getEndPointTaskThreadPoolSize(219)) - Datanode State Machine Task Thread Pool size 2
2021-11-05 13:00:02,392 [Listener at 127.0.0.1/42119] INFO  volume.HddsVolume (HddsVolume.java:<init>(120)) - Creating HddsVolume: /home/runner/work/ozone/ozone/hadoop-ozone/integration-test/target/test-dir/MiniOzoneClusterImpl-bdf76210-3e21-404e-9e17-65b92aec9f1a/datanode-2/data-0/containers/hdds of storage type : DISK capacity : 9223372036854775807
2021-11-05 13:00:02,392 [Listener at 127.0.0.1/42119] INFO  volume.MutableVolumeSet (MutableVolumeSet.java:initializeVolumeSet(168)) - Added Volume : /home/runner/work/ozone/ozone/hadoop-ozone/integration-test/target/test-dir/MiniOzoneClusterImpl-bdf76210-3e21-404e-9e17-65b92aec9f1a/datanode-2/data-0/containers/hdds to VolumeSet
2021-11-05 13:00:02,392 [Listener at 127.0.0.1/42119] INFO  volume.ThrottledAsyncChecker (ThrottledAsyncChecker.java:schedule(141)) - Scheduling a check for /home/runner/work/ozone/ozone/hadoop-ozone/integration-test/target/test-dir/MiniOzoneClusterImpl-bdf76210-3e21-404e-9e17-65b92aec9f1a/datanode-2/data-0/containers/hdds
2021-11-05 13:00:02,417 [Listener at 127.0.0.1/42119] INFO  volume.StorageVolumeChecker (StorageVolumeChecker.java:checkAllVolumes(202)) - Scheduled health check for volume /home/runner/work/ozone/ozone/hadoop-ozone/integration-test/target/test-dir/MiniOzoneClusterImpl-bdf76210-3e21-404e-9e17-65b92aec9f1a/datanode-2/data-0/containers/hdds
2021-11-05 13:00:02,462 [Listener at 127.0.0.1/42119] INFO  volume.MutableVolumeSet (MutableVolumeSet.java:initializeVolumeSet(168)) - Added Volume : /home/runner/work/ozone/ozone/hadoop-ozone/integration-test/target/test-dir/MiniOzoneClusterImpl-bdf76210-3e21-404e-9e17-65b92aec9f1a/datanode-2/data/ratis to VolumeSet
2021-11-05 13:00:02,462 [Listener at 127.0.0.1/42119] INFO  volume.ThrottledAsyncChecker (ThrottledAsyncChecker.java:schedule(141)) - Scheduling a check for /home/runner/work/ozone/ozone/hadoop-ozone/integration-test/target/test-dir/MiniOzoneClusterImpl-bdf76210-3e21-404e-9e17-65b92aec9f1a/datanode-2/data/ratis
2021-11-05 13:00:02,496 [Listener at 127.0.0.1/42119] INFO  volume.StorageVolumeChecker (StorageVolumeChecker.java:checkAllVolumes(202)) - Scheduled health check for volume /home/runner/work/ozone/ozone/hadoop-ozone/integration-test/target/test-dir/MiniOzoneClusterImpl-bdf76210-3e21-404e-9e17-65b92aec9f1a/datanode-2/data/ratis
2021-11-05 13:00:02,554 [Thread-1658] INFO  ozoneimpl.ContainerReader (ContainerReader.java:readVolume(172)) - Finish verifying containers on volume /home/runner/work/ozone/ozone/hadoop-ozone/integration-test/target/test-dir/MiniOzoneClusterImpl-bdf76210-3e21-404e-9e17-65b92aec9f1a/datanode-2/data-0/containers/hdds
2021-11-05 13:00:02,554 [Listener at 127.0.0.1/42119] INFO  ozoneimpl.OzoneContainer (OzoneContainer.java:buildContainerSet(236)) - Build ContainerSet costs 0s
2021-11-05 13:00:02,556 [Listener at 127.0.0.1/42119] INFO  server.RaftServer (ConfUtils.java:logGet(44)) - raft.rpc.type = GRPC (default)
2021-11-05 13:00:02,556 [Listener at 127.0.0.1/42119] INFO  grpc.GrpcFactory (GrpcFactory.java:checkPooledByteBufAllocatorUseCacheForAllThreads(48)) - PERFORMANCE WARNING: useCacheForAllThreads is true that may cause Netty to create a lot garbage objects and, as a result, trigger GC.
	It is recommended to disable useCacheForAllThreads by setting -Dorg.apache.ratis.thirdparty.io.netty.allocator.useCacheForAllThreads=false in command line.
2021-11-05 13:00:02,556 [Listener at 127.0.0.1/42119] INFO  grpc.GrpcConfigKeys (ConfUtils.java:logGet(44)) - raft.grpc.admin.port = 0 (custom)
2021-11-05 13:00:02,556 [Listener at 127.0.0.1/42119] INFO  grpc.GrpcConfigKeys (ConfUtils.java:logGet(44)) - raft.grpc.client.port = 0 (custom)
2021-11-05 13:00:02,556 [Listener at 127.0.0.1/42119] INFO  grpc.GrpcConfigKeys (ConfUtils.java:logGet(44)) - raft.grpc.server.port = 0 (default)
2021-11-05 13:00:02,556 [Listener at 127.0.0.1/42119] INFO  server.GrpcService (ConfUtils.java:logGet(44)) - raft.grpc.message.size.max = 32MB (=33554432) (custom)
2021-11-05 13:00:02,556 [Listener at 127.0.0.1/42119] INFO  server.RaftServerConfigKeys (ConfUtils.java:logGet(44)) - raft.server.log.appender.buffer.byte-limit = 33554432 (custom)
2021-11-05 13:00:02,556 [Listener at 127.0.0.1/42119] INFO  server.GrpcService (ConfUtils.java:logGet(44)) - raft.grpc.flow.control.window = 5MB (=5242880) (custom)
2021-11-05 13:00:02,556 [Listener at 127.0.0.1/42119] INFO  server.RaftServerConfigKeys (ConfUtils.java:logGet(44)) - raft.server.rpc.request.timeout = 3000ms (default)
2021-11-05 13:00:02,557 [Listener at 127.0.0.1/42119] INFO  impl.DataStreamServerImpl (ConfUtils.java:logGet(44)) - raft.datastream.type = DISABLED (default)
2021-11-05 13:00:02,557 [Listener at 127.0.0.1/42119] INFO  server.RaftServerConfigKeys (ConfUtils.java:logGet(44)) - raft.server.rpc.slowness.timeout = 300000ms (custom)
2021-11-05 13:00:02,557 [Listener at 127.0.0.1/42119] INFO  server.RaftServerConfigKeys (ConfUtils.java:logGet(44)) - raft.server.leaderelection.leader.step-down.wait-time = 10s (default)
2021-11-05 13:00:02,558 [Listener at 127.0.0.1/42119] INFO  server.RaftServerConfigKeys (ConfUtils.java:logGet(44)) - raft.server.storage.dir = [/home/runner/work/ozone/ozone/hadoop-ozone/integration-test/target/test-dir/MiniOzoneClusterImpl-bdf76210-3e21-404e-9e17-65b92aec9f1a/datanode-2/data/ratis] (custom)
2021-11-05 13:00:02,570 [Listener at 127.0.0.1/42119] INFO  http.BaseHttpServer (BaseHttpServer.java:newHttpServer2BuilderForOzone(209)) - Starting Web-server for hddsDatanode at: http://0.0.0.0:0
2021-11-05 13:00:02,570 [Listener at 127.0.0.1/42119] INFO  http.BaseHttpServer (BaseHttpServer.java:<init>(107)) - Hadoop Security Enabled: false Ozone Security Enabled: false Ozone HTTP Security Enabled: false 
2021-11-05 13:00:02,571 [Listener at 127.0.0.1/42119] INFO  server.AuthenticationFilter (AuthenticationFilter.java:constructSecretProvider(240)) - Unable to initialize FileSignerSecretProvider, falling back to use random secrets.
2021-11-05 13:00:02,616 [Listener at 127.0.0.1/42119] WARN  http.HttpRequestLog (HttpRequestLog.java:getRequestLog(103)) - Jetty request log can only be enabled using Log4j
2021-11-05 13:00:02,616 [Listener at 127.0.0.1/42119] INFO  http.HttpServer2 (HttpServer2.java:addGlobalFilter(1030)) - Added global filter 'safety' (class=org.apache.hadoop.hdds.server.http.HttpServer2$QuotingInputFilter)
2021-11-05 13:00:02,617 [Listener at 127.0.0.1/42119] INFO  http.HttpServer2 (HttpServer2.java:addFilter(1006)) - Added filter static_user_filter (class=org.apache.hadoop.http.lib.StaticUserWebFilter$StaticUserFilter) to context hddsDatanode
2021-11-05 13:00:02,617 [Listener at 127.0.0.1/42119] INFO  http.HttpServer2 (HttpServer2.java:addFilter(1014)) - Added filter static_user_filter (class=org.apache.hadoop.http.lib.StaticUserWebFilter$StaticUserFilter) to context logs
2021-11-05 13:00:02,617 [Listener at 127.0.0.1/42119] INFO  http.HttpServer2 (HttpServer2.java:addFilter(1014)) - Added filter static_user_filter (class=org.apache.hadoop.http.lib.StaticUserWebFilter$StaticUserFilter) to context static
2021-11-05 13:00:02,617 [Listener at 127.0.0.1/42119] INFO  http.HttpServer2 (HttpServer2.java:bindListener(1249)) - Jetty bound to port 46583
2021-11-05 13:00:02,617 [Listener at 127.0.0.1/42119] INFO  server.Server (Server.java:doStart(375)) - jetty-9.4.43.v20210629; built: 2021-06-30T11:07:22.254Z; git: 526006ecfa3af7f1a27ef3a288e2bef7ea9dd7e8; jvm 1.8.0_292-b10
2021-11-05 13:00:02,653 [Listener at 127.0.0.1/42119] INFO  server.session (DefaultSessionIdManager.java:doStart(334)) - DefaultSessionIdManager workerName=node0
2021-11-05 13:00:02,653 [Listener at 127.0.0.1/42119] INFO  server.session (DefaultSessionIdManager.java:doStart(339)) - No SessionScavenger set, using defaults
2021-11-05 13:00:02,653 [Listener at 127.0.0.1/42119] INFO  server.session (HouseKeeper.java:startScavenging(132)) - node0 Scavenging every 600000ms
2021-11-05 13:00:02,654 [Listener at 127.0.0.1/42119] INFO  handler.ContextHandler (ContextHandler.java:doStart(915)) - Started o.e.j.s.ServletContextHandler@3938540a{logs,/logs,file:///home/runner/work/ozone/ozone/hadoop-ozone/integration-test/target/log,AVAILABLE}
2021-11-05 13:00:02,654 [Listener at 127.0.0.1/42119] INFO  handler.ContextHandler (ContextHandler.java:doStart(915)) - Started o.e.j.s.ServletContextHandler@79beb503{static,/static,jar:file:/home/runner/.m2/repository/org/apache/ozone/hdds-container-service/1.2.0-SNAPSHOT/hdds-container-service-1.2.0-SNAPSHOT.jar!/webapps/static,AVAILABLE}
2021-11-05 13:00:02,836 [EndpointStateMachine task thread for /0.0.0.0:35591 - 0 ] INFO  ozoneimpl.OzoneContainer (OzoneContainer.java:start(304)) - Attempting to start container services.
2021-11-05 13:00:02,836 [EndpointStateMachine task thread for /0.0.0.0:35591 - 0 ] INFO  ozoneimpl.OzoneContainer (OzoneContainer.java:startContainerScrub(249)) - Background container scanner has been disabled.
2021-11-05 13:00:02,837 [EndpointStateMachine task thread for /0.0.0.0:35591 - 0 ] INFO  replication.ReplicationServer (ReplicationServer.java:start(107)) - ReplicationServer is started using port 43087
2021-11-05 13:00:02,844 [EndpointStateMachine task thread for /0.0.0.0:35591 - 0 ] INFO  ratis.XceiverServerRatis (XceiverServerRatis.java:start(484)) - Starting XceiverServerRatis 76ef4e66-eace-4a3b-a369-d2a815523a61
2021-11-05 13:00:02,848 [EndpointStateMachine task thread for /0.0.0.0:35591 - 0 ] INFO  server.RaftServer (RaftServerProxy.java:lambda$start$5(374)) - 76ef4e66-eace-4a3b-a369-d2a815523a61: start RPC server
2021-11-05 13:00:02,856 [EndpointStateMachine task thread for /0.0.0.0:35591 - 0 ] INFO  server.GrpcService (GrpcService.java:startImpl(253)) - 76ef4e66-eace-4a3b-a369-d2a815523a61: GrpcService started, listening on 41987
2021-11-05 13:00:02,868 [EndpointStateMachine task thread for /0.0.0.0:35591 - 0 ] INFO  ratis.XceiverServerRatis (XceiverServerRatis.java:getRealPort(505)) - XceiverServerRatis 76ef4e66-eace-4a3b-a369-d2a815523a61 is started using port 41987 for RATIS
2021-11-05 13:00:02,868 [EndpointStateMachine task thread for /0.0.0.0:35591 - 0 ] INFO  ratis.XceiverServerRatis (XceiverServerRatis.java:getRealPort(505)) - XceiverServerRatis 76ef4e66-eace-4a3b-a369-d2a815523a61 is started using port 41987 for RATIS_ADMIN
2021-11-05 13:00:02,868 [EndpointStateMachine task thread for /0.0.0.0:35591 - 0 ] INFO  ratis.XceiverServerRatis (XceiverServerRatis.java:getRealPort(505)) - XceiverServerRatis 76ef4e66-eace-4a3b-a369-d2a815523a61 is started using port 41987 for RATIS_SERVER
2021-11-05 13:00:02,869 [EndpointStateMachine task thread for /0.0.0.0:35591 - 0 ] INFO  server.XceiverServerGrpc (XceiverServerGrpc.java:start(135)) - XceiverServerGrpc 76ef4e66-eace-4a3b-a369-d2a815523a61 is started using port 45779
2021-11-05 13:00:02,872 [Listener at 127.0.0.1/42119] INFO  handler.ContextHandler (ContextHandler.java:doStart(915)) - Started o.e.j.w.WebAppContext@72a1033d{hddsDatanode,/,file:///tmp/jetty-0_0_0_0-46583-hdds-container-service-1_2_0-SNAPSHOT_jar-_-any-7871799522876641390/webapp/,AVAILABLE}{jar:file:/home/runner/.m2/repository/org/apache/ozone/hdds-container-service/1.2.0-SNAPSHOT/hdds-container-service-1.2.0-SNAPSHOT.jar!/webapps/hddsDatanode}
2021-11-05 13:00:02,919 [org.apache.ratis.util.JvmPauseMonitor$$Lambda$531/328699815@512500a8] INFO  util.JvmPauseMonitor (JvmPauseMonitor.java:run(103)) - JvmPauseMonitor-76ef4e66-eace-4a3b-a369-d2a815523a61: Started
2021-11-05 13:00:02,940 [Listener at 127.0.0.1/42119] INFO  server.AbstractConnector (AbstractConnector.java:doStart(331)) - Started ServerConnector@27daa416{HTTP/1.1, (http/1.1)}{0.0.0.0:46583}
2021-11-05 13:00:02,940 [Listener at 127.0.0.1/42119] INFO  server.Server (Server.java:doStart(415)) - Started @191960ms
2021-11-05 13:00:02,940 [Listener at 127.0.0.1/42119] WARN  impl.MetricsSystemImpl (MetricsSystemImpl.java:register(279)) - Sink prometheus already exists!
2021-11-05 13:00:02,941 [Listener at 127.0.0.1/42119] INFO  http.BaseHttpServer (BaseHttpServer.java:updateConnectorAddress(329)) - HTTP server of hddsDatanode listening at http://0.0.0.0:46583
2021-11-05 13:00:02,958 [Listener at 127.0.0.1/42119] WARN  impl.MetricRegistriesImpl (MetricRegistriesImpl.java:addReporterRegistration(111)) - New reporters are added after registries were created. Some metrics will be missing from the reporter. Please add reporter before adding any new registry.
2021-11-05 13:00:02,958 [Listener at 127.0.0.1/42119] WARN  impl.MetricRegistriesImpl (MetricRegistriesImpl.java:addReporterRegistration(111)) - New reporters are added after registries were created. Some metrics will be missing from the reporter. Please add reporter before adding any new registry.
2021-11-05 13:00:02,958 [Listener at 127.0.0.1/42119] INFO  impl.MetricsSystemImpl (MetricsSystemImpl.java:init(158)) - HddsDatanode metrics system started (again)
2021-11-05 13:00:02,970 [Datanode State Machine Daemon Thread] INFO  statemachine.DatanodeStateMachine (DatanodeStateMachine.java:lambda$startDaemon$0(467)) - Ozone container server started.
2021-11-05 13:00:02,986 [org.apache.hadoop.util.JvmPauseMonitor$Monitor@4cf7932d] INFO  util.JvmPauseMonitor (JvmPauseMonitor.java:run(188)) - Starting JVM pause monitor
2021-11-05 13:00:02,996 [Datanode State Machine Task Thread - 0] INFO  datanode.InitDatanodeState (InitDatanodeState.java:persistContainerDatanodeDetails(145)) - DatanodeDetails is persisted to /home/runner/work/ozone/ozone/hadoop-ozone/integration-test/target/test-dir/MiniOzoneClusterImpl-bdf76210-3e21-404e-9e17-65b92aec9f1a/datanode-2/meta/datanode.id
2021-11-05 13:00:03,026 [Listener at 127.0.0.1/42119] INFO  ozone.HddsDatanodeService (HddsDatanodeService.java:start(234)) - HddsDatanodeService host:fv-az151-875.yf2hydr00wburbhx3j5hxtcipe.bx.internal.cloudapp.net ip:10.1.0.23
2021-11-05 13:00:03,053 [Listener at 127.0.0.1/42119] INFO  upgrade.AbstractLayoutVersionManager (AbstractLayoutVersionManager.java:init(79)) - Initializing Layout version manager with metadata layout = SCM_HA (version = 2), software layout = SCM_HA (version = 2)
2021-11-05 13:00:03,195 [Listener at 127.0.0.1/42119] INFO  reflections.Reflections (Reflections.java:scan(232)) - Reflections took 141 ms to scan 7 urls, producing 119 keys and 279 values 
2021-11-05 13:00:03,212 [Listener at 127.0.0.1/42119] INFO  statemachine.DatanodeStateMachine (DatanodeStateMachine.java:getEndPointTaskThreadPoolSize(219)) - Datanode State Machine Task Thread Pool size 2
2021-11-05 13:00:03,236 [Listener at 127.0.0.1/42119] INFO  volume.HddsVolume (HddsVolume.java:<init>(120)) - Creating HddsVolume: /home/runner/work/ozone/ozone/hadoop-ozone/integration-test/target/test-dir/MiniOzoneClusterImpl-bdf76210-3e21-404e-9e17-65b92aec9f1a/datanode-3/data-0/containers/hdds of storage type : DISK capacity : 9223372036854775807
2021-11-05 13:00:03,237 [Listener at 127.0.0.1/42119] INFO  volume.MutableVolumeSet (MutableVolumeSet.java:initializeVolumeSet(168)) - Added Volume : /home/runner/work/ozone/ozone/hadoop-ozone/integration-test/target/test-dir/MiniOzoneClusterImpl-bdf76210-3e21-404e-9e17-65b92aec9f1a/datanode-3/data-0/containers/hdds to VolumeSet
2021-11-05 13:00:03,237 [Listener at 127.0.0.1/42119] INFO  volume.ThrottledAsyncChecker (ThrottledAsyncChecker.java:schedule(141)) - Scheduling a check for /home/runner/work/ozone/ozone/hadoop-ozone/integration-test/target/test-dir/MiniOzoneClusterImpl-bdf76210-3e21-404e-9e17-65b92aec9f1a/datanode-3/data-0/containers/hdds
2021-11-05 13:00:03,268 [Listener at 127.0.0.1/42119] INFO  volume.StorageVolumeChecker (StorageVolumeChecker.java:checkAllVolumes(202)) - Scheduled health check for volume /home/runner/work/ozone/ozone/hadoop-ozone/integration-test/target/test-dir/MiniOzoneClusterImpl-bdf76210-3e21-404e-9e17-65b92aec9f1a/datanode-3/data-0/containers/hdds
2021-11-05 13:00:03,370 [Listener at 127.0.0.1/42119] INFO  volume.MutableVolumeSet (MutableVolumeSet.java:initializeVolumeSet(168)) - Added Volume : /home/runner/work/ozone/ozone/hadoop-ozone/integration-test/target/test-dir/MiniOzoneClusterImpl-bdf76210-3e21-404e-9e17-65b92aec9f1a/datanode-3/data/ratis to VolumeSet
2021-11-05 13:00:03,370 [Listener at 127.0.0.1/42119] INFO  volume.ThrottledAsyncChecker (ThrottledAsyncChecker.java:schedule(141)) - Scheduling a check for /home/runner/work/ozone/ozone/hadoop-ozone/integration-test/target/test-dir/MiniOzoneClusterImpl-bdf76210-3e21-404e-9e17-65b92aec9f1a/datanode-3/data/ratis
2021-11-05 13:00:03,371 [Listener at 127.0.0.1/42119] INFO  volume.StorageVolumeChecker (StorageVolumeChecker.java:checkAllVolumes(202)) - Scheduled health check for volume /home/runner/work/ozone/ozone/hadoop-ozone/integration-test/target/test-dir/MiniOzoneClusterImpl-bdf76210-3e21-404e-9e17-65b92aec9f1a/datanode-3/data/ratis
2021-11-05 13:00:03,456 [Thread-1674] INFO  ozoneimpl.ContainerReader (ContainerReader.java:readVolume(172)) - Finish verifying containers on volume /home/runner/work/ozone/ozone/hadoop-ozone/integration-test/target/test-dir/MiniOzoneClusterImpl-bdf76210-3e21-404e-9e17-65b92aec9f1a/datanode-3/data-0/containers/hdds
2021-11-05 13:00:03,456 [Listener at 127.0.0.1/42119] INFO  ozoneimpl.OzoneContainer (OzoneContainer.java:buildContainerSet(236)) - Build ContainerSet costs 0s
2021-11-05 13:00:03,458 [Listener at 127.0.0.1/42119] INFO  server.RaftServer (ConfUtils.java:logGet(44)) - raft.rpc.type = GRPC (default)
2021-11-05 13:00:03,458 [Listener at 127.0.0.1/42119] INFO  grpc.GrpcFactory (GrpcFactory.java:checkPooledByteBufAllocatorUseCacheForAllThreads(48)) - PERFORMANCE WARNING: useCacheForAllThreads is true that may cause Netty to create a lot garbage objects and, as a result, trigger GC.
	It is recommended to disable useCacheForAllThreads by setting -Dorg.apache.ratis.thirdparty.io.netty.allocator.useCacheForAllThreads=false in command line.
2021-11-05 13:00:03,458 [Listener at 127.0.0.1/42119] INFO  grpc.GrpcConfigKeys (ConfUtils.java:logGet(44)) - raft.grpc.admin.port = 0 (custom)
2021-11-05 13:00:03,458 [Listener at 127.0.0.1/42119] INFO  grpc.GrpcConfigKeys (ConfUtils.java:logGet(44)) - raft.grpc.client.port = 0 (custom)
2021-11-05 13:00:03,458 [Listener at 127.0.0.1/42119] INFO  grpc.GrpcConfigKeys (ConfUtils.java:logGet(44)) - raft.grpc.server.port = 0 (default)
2021-11-05 13:00:03,458 [Listener at 127.0.0.1/42119] INFO  server.GrpcService (ConfUtils.java:logGet(44)) - raft.grpc.message.size.max = 32MB (=33554432) (custom)
2021-11-05 13:00:03,458 [Listener at 127.0.0.1/42119] INFO  server.RaftServerConfigKeys (ConfUtils.java:logGet(44)) - raft.server.log.appender.buffer.byte-limit = 33554432 (custom)
2021-11-05 13:00:03,460 [Listener at 127.0.0.1/42119] INFO  server.GrpcService (ConfUtils.java:logGet(44)) - raft.grpc.flow.control.window = 5MB (=5242880) (custom)
2021-11-05 13:00:03,460 [Listener at 127.0.0.1/42119] INFO  server.RaftServerConfigKeys (ConfUtils.java:logGet(44)) - raft.server.rpc.request.timeout = 3000ms (default)
2021-11-05 13:00:03,461 [Listener at 127.0.0.1/42119] INFO  impl.DataStreamServerImpl (ConfUtils.java:logGet(44)) - raft.datastream.type = DISABLED (default)
2021-11-05 13:00:03,472 [Listener at 127.0.0.1/42119] INFO  server.RaftServerConfigKeys (ConfUtils.java:logGet(44)) - raft.server.rpc.slowness.timeout = 300000ms (custom)
2021-11-05 13:00:03,472 [Listener at 127.0.0.1/42119] INFO  server.RaftServerConfigKeys (ConfUtils.java:logGet(44)) - raft.server.leaderelection.leader.step-down.wait-time = 10s (default)
2021-11-05 13:00:03,472 [Listener at 127.0.0.1/42119] INFO  server.RaftServerConfigKeys (ConfUtils.java:logGet(44)) - raft.server.storage.dir = [/home/runner/work/ozone/ozone/hadoop-ozone/integration-test/target/test-dir/MiniOzoneClusterImpl-bdf76210-3e21-404e-9e17-65b92aec9f1a/datanode-3/data/ratis] (custom)
2021-11-05 13:00:03,499 [Listener at 127.0.0.1/42119] INFO  http.BaseHttpServer (BaseHttpServer.java:newHttpServer2BuilderForOzone(209)) - Starting Web-server for hddsDatanode at: http://0.0.0.0:0
2021-11-05 13:00:03,499 [Listener at 127.0.0.1/42119] INFO  http.BaseHttpServer (BaseHttpServer.java:<init>(107)) - Hadoop Security Enabled: false Ozone Security Enabled: false Ozone HTTP Security Enabled: false 
2021-11-05 13:00:03,500 [Listener at 127.0.0.1/42119] INFO  server.AuthenticationFilter (AuthenticationFilter.java:constructSecretProvider(240)) - Unable to initialize FileSignerSecretProvider, falling back to use random secrets.
2021-11-05 13:00:03,500 [Listener at 127.0.0.1/42119] WARN  http.HttpRequestLog (HttpRequestLog.java:getRequestLog(103)) - Jetty request log can only be enabled using Log4j
2021-11-05 13:00:03,501 [Listener at 127.0.0.1/42119] INFO  http.HttpServer2 (HttpServer2.java:addGlobalFilter(1030)) - Added global filter 'safety' (class=org.apache.hadoop.hdds.server.http.HttpServer2$QuotingInputFilter)
2021-11-05 13:00:03,501 [Listener at 127.0.0.1/42119] INFO  http.HttpServer2 (HttpServer2.java:addFilter(1006)) - Added filter static_user_filter (class=org.apache.hadoop.http.lib.StaticUserWebFilter$StaticUserFilter) to context hddsDatanode
2021-11-05 13:00:03,501 [Listener at 127.0.0.1/42119] INFO  http.HttpServer2 (HttpServer2.java:addFilter(1014)) - Added filter static_user_filter (class=org.apache.hadoop.http.lib.StaticUserWebFilter$StaticUserFilter) to context static
2021-11-05 13:00:03,501 [Listener at 127.0.0.1/42119] INFO  http.HttpServer2 (HttpServer2.java:addFilter(1014)) - Added filter static_user_filter (class=org.apache.hadoop.http.lib.StaticUserWebFilter$StaticUserFilter) to context logs
2021-11-05 13:00:03,502 [Listener at 127.0.0.1/42119] INFO  http.HttpServer2 (HttpServer2.java:bindListener(1249)) - Jetty bound to port 46029
2021-11-05 13:00:03,502 [Listener at 127.0.0.1/42119] INFO  server.Server (Server.java:doStart(375)) - jetty-9.4.43.v20210629; built: 2021-06-30T11:07:22.254Z; git: 526006ecfa3af7f1a27ef3a288e2bef7ea9dd7e8; jvm 1.8.0_292-b10
2021-11-05 13:00:03,583 [Listener at 127.0.0.1/42119] INFO  server.session (DefaultSessionIdManager.java:doStart(334)) - DefaultSessionIdManager workerName=node0
2021-11-05 13:00:03,583 [Listener at 127.0.0.1/42119] INFO  server.session (DefaultSessionIdManager.java:doStart(339)) - No SessionScavenger set, using defaults
2021-11-05 13:00:03,583 [Listener at 127.0.0.1/42119] INFO  server.session (HouseKeeper.java:startScavenging(132)) - node0 Scavenging every 600000ms
2021-11-05 13:00:03,584 [Listener at 127.0.0.1/42119] INFO  handler.ContextHandler (ContextHandler.java:doStart(915)) - Started o.e.j.s.ServletContextHandler@14eeaaf1{logs,/logs,file:///home/runner/work/ozone/ozone/hadoop-ozone/integration-test/target/log,AVAILABLE}
2021-11-05 13:00:03,584 [Listener at 127.0.0.1/42119] INFO  handler.ContextHandler (ContextHandler.java:doStart(915)) - Started o.e.j.s.ServletContextHandler@6800971e{static,/static,jar:file:/home/runner/.m2/repository/org/apache/ozone/hdds-container-service/1.2.0-SNAPSHOT/hdds-container-service-1.2.0-SNAPSHOT.jar!/webapps/static,AVAILABLE}
2021-11-05 13:00:03,771 [Listener at 127.0.0.1/42119] INFO  handler.ContextHandler (ContextHandler.java:doStart(915)) - Started o.e.j.w.WebAppContext@5bee640b{hddsDatanode,/,file:///tmp/jetty-0_0_0_0-46029-hdds-container-service-1_2_0-SNAPSHOT_jar-_-any-2986697178709298101/webapp/,AVAILABLE}{jar:file:/home/runner/.m2/repository/org/apache/ozone/hdds-container-service/1.2.0-SNAPSHOT/hdds-container-service-1.2.0-SNAPSHOT.jar!/webapps/hddsDatanode}
2021-11-05 13:00:03,792 [Listener at 127.0.0.1/42119] INFO  server.AbstractConnector (AbstractConnector.java:doStart(331)) - Started ServerConnector@21d7df59{HTTP/1.1, (http/1.1)}{0.0.0.0:46029}
2021-11-05 13:00:03,792 [Listener at 127.0.0.1/42119] INFO  server.Server (Server.java:doStart(415)) - Started @192813ms
2021-11-05 13:00:03,792 [Listener at 127.0.0.1/42119] WARN  impl.MetricsSystemImpl (MetricsSystemImpl.java:register(279)) - Sink prometheus already exists!
2021-11-05 13:00:03,793 [Listener at 127.0.0.1/42119] INFO  http.BaseHttpServer (BaseHttpServer.java:updateConnectorAddress(329)) - HTTP server of hddsDatanode listening at http://0.0.0.0:46029
2021-11-05 13:00:03,793 [Listener at 127.0.0.1/42119] WARN  impl.MetricRegistriesImpl (MetricRegistriesImpl.java:addReporterRegistration(111)) - New reporters are added after registries were created. Some metrics will be missing from the reporter. Please add reporter before adding any new registry.
2021-11-05 13:00:03,794 [Listener at 127.0.0.1/42119] WARN  impl.MetricRegistriesImpl (MetricRegistriesImpl.java:addReporterRegistration(111)) - New reporters are added after registries were created. Some metrics will be missing from the reporter. Please add reporter before adding any new registry.
2021-11-05 13:00:03,794 [Listener at 127.0.0.1/42119] INFO  impl.MetricsSystemImpl (MetricsSystemImpl.java:init(158)) - HddsDatanode metrics system started (again)
2021-11-05 13:00:03,805 [Datanode State Machine Daemon Thread] INFO  statemachine.DatanodeStateMachine (DatanodeStateMachine.java:lambda$startDaemon$0(467)) - Ozone container server started.
2021-11-05 13:00:03,920 [Listener at 127.0.0.1/42119] INFO  ozone.HddsDatanodeService (HddsDatanodeService.java:start(234)) - HddsDatanodeService host:fv-az151-875.yf2hydr00wburbhx3j5hxtcipe.bx.internal.cloudapp.net ip:10.1.0.23
2021-11-05 13:00:03,932 [org.apache.hadoop.util.JvmPauseMonitor$Monitor@9763904] INFO  util.JvmPauseMonitor (JvmPauseMonitor.java:run(188)) - Starting JVM pause monitor
2021-11-05 13:00:03,940 [Datanode State Machine Task Thread - 0] INFO  datanode.InitDatanodeState (InitDatanodeState.java:persistContainerDatanodeDetails(145)) - DatanodeDetails is persisted to /home/runner/work/ozone/ozone/hadoop-ozone/integration-test/target/test-dir/MiniOzoneClusterImpl-bdf76210-3e21-404e-9e17-65b92aec9f1a/datanode-3/meta/datanode.id
2021-11-05 13:00:03,984 [Listener at 127.0.0.1/42119] INFO  upgrade.AbstractLayoutVersionManager (AbstractLayoutVersionManager.java:init(79)) - Initializing Layout version manager with metadata layout = SCM_HA (version = 2), software layout = SCM_HA (version = 2)
2021-11-05 13:00:03,999 [EndpointStateMachine task thread for /0.0.0.0:35591 - 0 ] INFO  ozoneimpl.OzoneContainer (OzoneContainer.java:start(304)) - Attempting to start container services.
2021-11-05 13:00:03,999 [EndpointStateMachine task thread for /0.0.0.0:35591 - 0 ] INFO  ozoneimpl.OzoneContainer (OzoneContainer.java:startContainerScrub(249)) - Background container scanner has been disabled.
2021-11-05 13:00:04,000 [EndpointStateMachine task thread for /0.0.0.0:35591 - 0 ] INFO  replication.ReplicationServer (ReplicationServer.java:start(107)) - ReplicationServer is started using port 35839
2021-11-05 13:00:04,040 [EndpointStateMachine task thread for /0.0.0.0:35591 - 0 ] INFO  ratis.XceiverServerRatis (XceiverServerRatis.java:start(484)) - Starting XceiverServerRatis fa45fd2a-a6ef-4106-9a44-777d17a8e8f4
2021-11-05 13:00:04,093 [EndpointStateMachine task thread for /0.0.0.0:35591 - 0 ] INFO  server.RaftServer (RaftServerProxy.java:lambda$start$5(374)) - fa45fd2a-a6ef-4106-9a44-777d17a8e8f4: start RPC server
2021-11-05 13:00:04,094 [EndpointStateMachine task thread for /0.0.0.0:35591 - 0 ] INFO  server.GrpcService (GrpcService.java:startImpl(253)) - fa45fd2a-a6ef-4106-9a44-777d17a8e8f4: GrpcService started, listening on 43989
2021-11-05 13:00:04,117 [EndpointStateMachine task thread for /0.0.0.0:35591 - 0 ] INFO  ratis.XceiverServerRatis (XceiverServerRatis.java:getRealPort(505)) - XceiverServerRatis fa45fd2a-a6ef-4106-9a44-777d17a8e8f4 is started using port 43989 for RATIS
2021-11-05 13:00:04,117 [EndpointStateMachine task thread for /0.0.0.0:35591 - 0 ] INFO  ratis.XceiverServerRatis (XceiverServerRatis.java:getRealPort(505)) - XceiverServerRatis fa45fd2a-a6ef-4106-9a44-777d17a8e8f4 is started using port 43989 for RATIS_ADMIN
2021-11-05 13:00:04,117 [EndpointStateMachine task thread for /0.0.0.0:35591 - 0 ] INFO  ratis.XceiverServerRatis (XceiverServerRatis.java:getRealPort(505)) - XceiverServerRatis fa45fd2a-a6ef-4106-9a44-777d17a8e8f4 is started using port 43989 for RATIS_SERVER
2021-11-05 13:00:04,118 [EndpointStateMachine task thread for /0.0.0.0:35591 - 0 ] INFO  server.XceiverServerGrpc (XceiverServerGrpc.java:start(135)) - XceiverServerGrpc fa45fd2a-a6ef-4106-9a44-777d17a8e8f4 is started using port 44877
2021-11-05 13:00:04,152 [org.apache.ratis.util.JvmPauseMonitor$$Lambda$531/328699815@5a7efc83] INFO  util.JvmPauseMonitor (JvmPauseMonitor.java:run(103)) - JvmPauseMonitor-fa45fd2a-a6ef-4106-9a44-777d17a8e8f4: Started
2021-11-05 13:00:04,217 [Listener at 127.0.0.1/42119] INFO  reflections.Reflections (Reflections.java:scan(232)) - Reflections took 220 ms to scan 7 urls, producing 119 keys and 279 values 
2021-11-05 13:00:04,219 [Listener at 127.0.0.1/42119] INFO  statemachine.DatanodeStateMachine (DatanodeStateMachine.java:getEndPointTaskThreadPoolSize(219)) - Datanode State Machine Task Thread Pool size 2
2021-11-05 13:00:04,221 [Listener at 127.0.0.1/42119] INFO  volume.HddsVolume (HddsVolume.java:<init>(120)) - Creating HddsVolume: /home/runner/work/ozone/ozone/hadoop-ozone/integration-test/target/test-dir/MiniOzoneClusterImpl-bdf76210-3e21-404e-9e17-65b92aec9f1a/datanode-4/data-0/containers/hdds of storage type : DISK capacity : 9223372036854775807
2021-11-05 13:00:04,221 [Listener at 127.0.0.1/42119] INFO  volume.MutableVolumeSet (MutableVolumeSet.java:initializeVolumeSet(168)) - Added Volume : /home/runner/work/ozone/ozone/hadoop-ozone/integration-test/target/test-dir/MiniOzoneClusterImpl-bdf76210-3e21-404e-9e17-65b92aec9f1a/datanode-4/data-0/containers/hdds to VolumeSet
2021-11-05 13:00:04,221 [Listener at 127.0.0.1/42119] INFO  volume.ThrottledAsyncChecker (ThrottledAsyncChecker.java:schedule(141)) - Scheduling a check for /home/runner/work/ozone/ozone/hadoop-ozone/integration-test/target/test-dir/MiniOzoneClusterImpl-bdf76210-3e21-404e-9e17-65b92aec9f1a/datanode-4/data-0/containers/hdds
2021-11-05 13:00:04,222 [Listener at 127.0.0.1/42119] INFO  volume.StorageVolumeChecker (StorageVolumeChecker.java:checkAllVolumes(202)) - Scheduled health check for volume /home/runner/work/ozone/ozone/hadoop-ozone/integration-test/target/test-dir/MiniOzoneClusterImpl-bdf76210-3e21-404e-9e17-65b92aec9f1a/datanode-4/data-0/containers/hdds
2021-11-05 13:00:04,260 [Listener at 127.0.0.1/42119] INFO  volume.MutableVolumeSet (MutableVolumeSet.java:initializeVolumeSet(168)) - Added Volume : /home/runner/work/ozone/ozone/hadoop-ozone/integration-test/target/test-dir/MiniOzoneClusterImpl-bdf76210-3e21-404e-9e17-65b92aec9f1a/datanode-4/data/ratis to VolumeSet
2021-11-05 13:00:04,260 [Listener at 127.0.0.1/42119] INFO  volume.ThrottledAsyncChecker (ThrottledAsyncChecker.java:schedule(141)) - Scheduling a check for /home/runner/work/ozone/ozone/hadoop-ozone/integration-test/target/test-dir/MiniOzoneClusterImpl-bdf76210-3e21-404e-9e17-65b92aec9f1a/datanode-4/data/ratis
2021-11-05 13:00:04,261 [Listener at 127.0.0.1/42119] INFO  volume.StorageVolumeChecker (StorageVolumeChecker.java:checkAllVolumes(202)) - Scheduled health check for volume /home/runner/work/ozone/ozone/hadoop-ozone/integration-test/target/test-dir/MiniOzoneClusterImpl-bdf76210-3e21-404e-9e17-65b92aec9f1a/datanode-4/data/ratis
2021-11-05 13:00:04,297 [Thread-1689] INFO  ozoneimpl.ContainerReader (ContainerReader.java:readVolume(172)) - Finish verifying containers on volume /home/runner/work/ozone/ozone/hadoop-ozone/integration-test/target/test-dir/MiniOzoneClusterImpl-bdf76210-3e21-404e-9e17-65b92aec9f1a/datanode-4/data-0/containers/hdds
2021-11-05 13:00:04,297 [Listener at 127.0.0.1/42119] INFO  ozoneimpl.OzoneContainer (OzoneContainer.java:buildContainerSet(236)) - Build ContainerSet costs 0s
2021-11-05 13:00:04,327 [Listener at 127.0.0.1/42119] INFO  server.RaftServer (ConfUtils.java:logGet(44)) - raft.rpc.type = GRPC (default)
2021-11-05 13:00:04,327 [Listener at 127.0.0.1/42119] INFO  grpc.GrpcFactory (GrpcFactory.java:checkPooledByteBufAllocatorUseCacheForAllThreads(48)) - PERFORMANCE WARNING: useCacheForAllThreads is true that may cause Netty to create a lot garbage objects and, as a result, trigger GC.
	It is recommended to disable useCacheForAllThreads by setting -Dorg.apache.ratis.thirdparty.io.netty.allocator.useCacheForAllThreads=false in command line.
2021-11-05 13:00:04,337 [Listener at 127.0.0.1/42119] INFO  grpc.GrpcConfigKeys (ConfUtils.java:logGet(44)) - raft.grpc.admin.port = 0 (custom)
2021-11-05 13:00:04,337 [Listener at 127.0.0.1/42119] INFO  grpc.GrpcConfigKeys (ConfUtils.java:logGet(44)) - raft.grpc.client.port = 0 (custom)
2021-11-05 13:00:04,337 [Listener at 127.0.0.1/42119] INFO  grpc.GrpcConfigKeys (ConfUtils.java:logGet(44)) - raft.grpc.server.port = 0 (default)
2021-11-05 13:00:04,338 [Listener at 127.0.0.1/42119] INFO  server.GrpcService (ConfUtils.java:logGet(44)) - raft.grpc.message.size.max = 32MB (=33554432) (custom)
2021-11-05 13:00:04,338 [Listener at 127.0.0.1/42119] INFO  server.RaftServerConfigKeys (ConfUtils.java:logGet(44)) - raft.server.log.appender.buffer.byte-limit = 33554432 (custom)
2021-11-05 13:00:04,338 [Listener at 127.0.0.1/42119] INFO  server.GrpcService (ConfUtils.java:logGet(44)) - raft.grpc.flow.control.window = 5MB (=5242880) (custom)
2021-11-05 13:00:04,338 [Listener at 127.0.0.1/42119] INFO  server.RaftServerConfigKeys (ConfUtils.java:logGet(44)) - raft.server.rpc.request.timeout = 3000ms (default)
2021-11-05 13:00:04,339 [Listener at 127.0.0.1/42119] INFO  impl.DataStreamServerImpl (ConfUtils.java:logGet(44)) - raft.datastream.type = DISABLED (default)
2021-11-05 13:00:04,344 [Listener at 127.0.0.1/42119] INFO  server.RaftServerConfigKeys (ConfUtils.java:logGet(44)) - raft.server.rpc.slowness.timeout = 300000ms (custom)
2021-11-05 13:00:04,344 [Listener at 127.0.0.1/42119] INFO  server.RaftServerConfigKeys (ConfUtils.java:logGet(44)) - raft.server.leaderelection.leader.step-down.wait-time = 10s (default)
2021-11-05 13:00:04,344 [Listener at 127.0.0.1/42119] INFO  server.RaftServerConfigKeys (ConfUtils.java:logGet(44)) - raft.server.storage.dir = [/home/runner/work/ozone/ozone/hadoop-ozone/integration-test/target/test-dir/MiniOzoneClusterImpl-bdf76210-3e21-404e-9e17-65b92aec9f1a/datanode-4/data/ratis] (custom)
2021-11-05 13:00:04,353 [Listener at 127.0.0.1/42119] INFO  http.BaseHttpServer (BaseHttpServer.java:newHttpServer2BuilderForOzone(209)) - Starting Web-server for hddsDatanode at: http://0.0.0.0:0
2021-11-05 13:00:04,353 [Listener at 127.0.0.1/42119] INFO  http.BaseHttpServer (BaseHttpServer.java:<init>(107)) - Hadoop Security Enabled: false Ozone Security Enabled: false Ozone HTTP Security Enabled: false 
2021-11-05 13:00:04,354 [Listener at 127.0.0.1/42119] INFO  server.AuthenticationFilter (AuthenticationFilter.java:constructSecretProvider(240)) - Unable to initialize FileSignerSecretProvider, falling back to use random secrets.
2021-11-05 13:00:04,355 [Listener at 127.0.0.1/42119] WARN  http.HttpRequestLog (HttpRequestLog.java:getRequestLog(103)) - Jetty request log can only be enabled using Log4j
2021-11-05 13:00:04,356 [Listener at 127.0.0.1/42119] INFO  http.HttpServer2 (HttpServer2.java:addGlobalFilter(1030)) - Added global filter 'safety' (class=org.apache.hadoop.hdds.server.http.HttpServer2$QuotingInputFilter)
2021-11-05 13:00:04,356 [Listener at 127.0.0.1/42119] INFO  http.HttpServer2 (HttpServer2.java:addFilter(1006)) - Added filter static_user_filter (class=org.apache.hadoop.http.lib.StaticUserWebFilter$StaticUserFilter) to context hddsDatanode
2021-11-05 13:00:04,356 [Listener at 127.0.0.1/42119] INFO  http.HttpServer2 (HttpServer2.java:addFilter(1014)) - Added filter static_user_filter (class=org.apache.hadoop.http.lib.StaticUserWebFilter$StaticUserFilter) to context logs
2021-11-05 13:00:04,356 [Listener at 127.0.0.1/42119] INFO  http.HttpServer2 (HttpServer2.java:addFilter(1014)) - Added filter static_user_filter (class=org.apache.hadoop.http.lib.StaticUserWebFilter$StaticUserFilter) to context static
2021-11-05 13:00:04,356 [Listener at 127.0.0.1/42119] INFO  http.HttpServer2 (HttpServer2.java:bindListener(1249)) - Jetty bound to port 37929
2021-11-05 13:00:04,357 [Listener at 127.0.0.1/42119] INFO  server.Server (Server.java:doStart(375)) - jetty-9.4.43.v20210629; built: 2021-06-30T11:07:22.254Z; git: 526006ecfa3af7f1a27ef3a288e2bef7ea9dd7e8; jvm 1.8.0_292-b10
2021-11-05 13:00:04,369 [Listener at 127.0.0.1/42119] INFO  server.session (DefaultSessionIdManager.java:doStart(334)) - DefaultSessionIdManager workerName=node0
2021-11-05 13:00:04,369 [Listener at 127.0.0.1/42119] INFO  server.session (DefaultSessionIdManager.java:doStart(339)) - No SessionScavenger set, using defaults
2021-11-05 13:00:04,369 [Listener at 127.0.0.1/42119] INFO  server.session (HouseKeeper.java:startScavenging(132)) - node0 Scavenging every 600000ms
2021-11-05 13:00:04,370 [Listener at 127.0.0.1/42119] INFO  handler.ContextHandler (ContextHandler.java:doStart(915)) - Started o.e.j.s.ServletContextHandler@51b71e4e{logs,/logs,file:///home/runner/work/ozone/ozone/hadoop-ozone/integration-test/target/log,AVAILABLE}
2021-11-05 13:00:04,370 [Listener at 127.0.0.1/42119] INFO  handler.ContextHandler (ContextHandler.java:doStart(915)) - Started o.e.j.s.ServletContextHandler@6a21541f{static,/static,jar:file:/home/runner/.m2/repository/org/apache/ozone/hdds-container-service/1.2.0-SNAPSHOT/hdds-container-service-1.2.0-SNAPSHOT.jar!/webapps/static,AVAILABLE}
2021-11-05 13:00:04,561 [Listener at 127.0.0.1/42119] INFO  handler.ContextHandler (ContextHandler.java:doStart(915)) - Started o.e.j.w.WebAppContext@659ca0c0{hddsDatanode,/,file:///tmp/jetty-0_0_0_0-37929-hdds-container-service-1_2_0-SNAPSHOT_jar-_-any-8295354623585411289/webapp/,AVAILABLE}{jar:file:/home/runner/.m2/repository/org/apache/ozone/hdds-container-service/1.2.0-SNAPSHOT/hdds-container-service-1.2.0-SNAPSHOT.jar!/webapps/hddsDatanode}
2021-11-05 13:00:04,583 [Listener at 127.0.0.1/42119] INFO  server.AbstractConnector (AbstractConnector.java:doStart(331)) - Started ServerConnector@d5a9a89{HTTP/1.1, (http/1.1)}{0.0.0.0:37929}
2021-11-05 13:00:04,583 [Listener at 127.0.0.1/42119] INFO  server.Server (Server.java:doStart(415)) - Started @193604ms
2021-11-05 13:00:04,583 [Listener at 127.0.0.1/42119] WARN  impl.MetricsSystemImpl (MetricsSystemImpl.java:register(279)) - Sink prometheus already exists!
2021-11-05 13:00:04,584 [Listener at 127.0.0.1/42119] INFO  http.BaseHttpServer (BaseHttpServer.java:updateConnectorAddress(329)) - HTTP server of hddsDatanode listening at http://0.0.0.0:37929
2021-11-05 13:00:04,588 [Listener at 127.0.0.1/42119] WARN  impl.MetricRegistriesImpl (MetricRegistriesImpl.java:addReporterRegistration(111)) - New reporters are added after registries were created. Some metrics will be missing from the reporter. Please add reporter before adding any new registry.
2021-11-05 13:00:04,588 [Listener at 127.0.0.1/42119] WARN  impl.MetricRegistriesImpl (MetricRegistriesImpl.java:addReporterRegistration(111)) - New reporters are added after registries were created. Some metrics will be missing from the reporter. Please add reporter before adding any new registry.
2021-11-05 13:00:04,588 [Listener at 127.0.0.1/42119] INFO  impl.MetricsSystemImpl (MetricsSystemImpl.java:init(158)) - HddsDatanode metrics system started (again)
2021-11-05 13:00:04,619 [Datanode State Machine Daemon Thread] INFO  statemachine.DatanodeStateMachine (DatanodeStateMachine.java:lambda$startDaemon$0(467)) - Ozone container server started.
2021-11-05 13:00:04,637 [org.apache.hadoop.util.JvmPauseMonitor$Monitor@4303fde9] INFO  util.JvmPauseMonitor (JvmPauseMonitor.java:run(188)) - Starting JVM pause monitor
2021-11-05 13:00:04,665 [Listener at 127.0.0.1/42119] INFO  ozone.HddsDatanodeService (HddsDatanodeService.java:start(234)) - HddsDatanodeService host:fv-az151-875.yf2hydr00wburbhx3j5hxtcipe.bx.internal.cloudapp.net ip:10.1.0.23
2021-11-05 13:00:04,685 [Datanode State Machine Task Thread - 0] INFO  datanode.InitDatanodeState (InitDatanodeState.java:persistContainerDatanodeDetails(145)) - DatanodeDetails is persisted to /home/runner/work/ozone/ozone/hadoop-ozone/integration-test/target/test-dir/MiniOzoneClusterImpl-bdf76210-3e21-404e-9e17-65b92aec9f1a/datanode-4/meta/datanode.id
2021-11-05 13:00:04,741 [Listener at 127.0.0.1/42119] INFO  upgrade.AbstractLayoutVersionManager (AbstractLayoutVersionManager.java:init(79)) - Initializing Layout version manager with metadata layout = SCM_HA (version = 2), software layout = SCM_HA (version = 2)
2021-11-05 13:00:04,753 [IPC Server handler 0 on default port 35591] INFO  net.NetworkTopologyImpl (NetworkTopologyImpl.java:add(112)) - Added a new node: /default-rack/76ef4e66-eace-4a3b-a369-d2a815523a61
2021-11-05 13:00:04,753 [IPC Server handler 0 on default port 35591] INFO  node.SCMNodeManager (SCMNodeManager.java:register(389)) - Registered Data node : 76ef4e66-eace-4a3b-a369-d2a815523a61{ip: 10.1.0.23, host: fv-az151-875.yf2hydr00wburbhx3j5hxtcipe.bx.internal.cloudapp.net, ports: [REPLICATION=43087, RATIS=41987, RATIS_ADMIN=41987, RATIS_SERVER=41987, STANDALONE=45779], networkLocation: /default-rack, certSerialId: null, persistedOpState: null, persistedOpStateExpiryEpochSec: 0}
2021-11-05 13:00:04,760 [EventQueue-NodeRegistrationContainerReportForContainerSafeModeRule] INFO  safemode.SCMSafeModeManager (SCMSafeModeManager.java:validateSafeModeExitRules(204)) - ContainerSafeModeRule rule is successfully validated
2021-11-05 13:00:04,760 [EventQueue-NodeRegistrationContainerReportForDataNodeSafeModeRule] INFO  safemode.SCMSafeModeManager (DataNodeSafeModeRule.java:process(71)) - SCM in safe mode. 1 DataNodes registered, 3 required.
2021-11-05 13:00:04,792 [EventQueue-NewNodeForNewNodeHandler] INFO  pipeline.BackgroundPipelineCreator (BackgroundPipelineCreator.java:notifyEventTriggered(285)) - trigger a one-shot run on RatisPipelineUtilsThread.
2021-11-05 13:00:04,793 [RatisPipelineUtilsThread - 0] INFO  pipeline.RatisPipelineProvider (RatisPipelineProvider.java:lambda$create$0(183)) - Sending CreatePipelineCommand for pipeline:PipelineID=e2469dc0-4f58-4d76-a3f8-05b35d5aa406 to datanode:76ef4e66-eace-4a3b-a369-d2a815523a61
2021-11-05 13:00:04,793 [RatisPipelineUtilsThread - 0] INFO  pipeline.PipelineStateManagerImpl (PipelineStateManagerImpl.java:addPipeline(101)) - Created pipeline Pipeline[ Id: e2469dc0-4f58-4d76-a3f8-05b35d5aa406, Nodes: 76ef4e66-eace-4a3b-a369-d2a815523a61{ip: 10.1.0.23, host: fv-az151-875.yf2hydr00wburbhx3j5hxtcipe.bx.internal.cloudapp.net, ports: [REPLICATION=43087, RATIS=41987, RATIS_ADMIN=41987, RATIS_SERVER=41987, STANDALONE=45779], networkLocation: /default-rack, certSerialId: null, persistedOpState: IN_SERVICE, persistedOpStateExpiryEpochSec: 0}, ReplicationConfig: RATIS/ONE, State:ALLOCATED, leaderId:, CreationTimestamp2021-11-05T13:00:04.792Z[Etc/UTC]].
2021-11-05 13:00:04,820 [EventQueue-PipelineReportForOneReplicaPipelineSafeModeRule] INFO  safemode.SCMSafeModeManager (SCMSafeModeManager.java:validateSafeModeExitRules(204)) - AtleastOneDatanodeReportedRule rule is successfully validated
2021-11-05 13:00:04,925 [Listener at 127.0.0.1/42119] INFO  reflections.Reflections (Reflections.java:scan(232)) - Reflections took 183 ms to scan 7 urls, producing 119 keys and 279 values 
2021-11-05 13:00:04,953 [Listener at 127.0.0.1/42119] INFO  statemachine.DatanodeStateMachine (DatanodeStateMachine.java:getEndPointTaskThreadPoolSize(219)) - Datanode State Machine Task Thread Pool size 2
2021-11-05 13:00:04,972 [Listener at 127.0.0.1/42119] INFO  volume.HddsVolume (HddsVolume.java:<init>(120)) - Creating HddsVolume: /home/runner/work/ozone/ozone/hadoop-ozone/integration-test/target/test-dir/MiniOzoneClusterImpl-bdf76210-3e21-404e-9e17-65b92aec9f1a/datanode-5/data-0/containers/hdds of storage type : DISK capacity : 9223372036854775807
2021-11-05 13:00:04,972 [Listener at 127.0.0.1/42119] INFO  volume.MutableVolumeSet (MutableVolumeSet.java:initializeVolumeSet(168)) - Added Volume : /home/runner/work/ozone/ozone/hadoop-ozone/integration-test/target/test-dir/MiniOzoneClusterImpl-bdf76210-3e21-404e-9e17-65b92aec9f1a/datanode-5/data-0/containers/hdds to VolumeSet
2021-11-05 13:00:04,973 [Listener at 127.0.0.1/42119] INFO  volume.ThrottledAsyncChecker (ThrottledAsyncChecker.java:schedule(141)) - Scheduling a check for /home/runner/work/ozone/ozone/hadoop-ozone/integration-test/target/test-dir/MiniOzoneClusterImpl-bdf76210-3e21-404e-9e17-65b92aec9f1a/datanode-5/data-0/containers/hdds
2021-11-05 13:00:04,979 [Listener at 127.0.0.1/42119] INFO  volume.StorageVolumeChecker (StorageVolumeChecker.java:checkAllVolumes(202)) - Scheduled health check for volume /home/runner/work/ozone/ozone/hadoop-ozone/integration-test/target/test-dir/MiniOzoneClusterImpl-bdf76210-3e21-404e-9e17-65b92aec9f1a/datanode-5/data-0/containers/hdds
2021-11-05 13:00:05,054 [Listener at 127.0.0.1/42119] INFO  volume.MutableVolumeSet (MutableVolumeSet.java:initializeVolumeSet(168)) - Added Volume : /home/runner/work/ozone/ozone/hadoop-ozone/integration-test/target/test-dir/MiniOzoneClusterImpl-bdf76210-3e21-404e-9e17-65b92aec9f1a/datanode-5/data/ratis to VolumeSet
2021-11-05 13:00:05,057 [Listener at 127.0.0.1/42119] INFO  volume.ThrottledAsyncChecker (ThrottledAsyncChecker.java:schedule(141)) - Scheduling a check for /home/runner/work/ozone/ozone/hadoop-ozone/integration-test/target/test-dir/MiniOzoneClusterImpl-bdf76210-3e21-404e-9e17-65b92aec9f1a/datanode-5/data/ratis
2021-11-05 13:00:05,057 [EndpointStateMachine task thread for /0.0.0.0:35591 - 0 ] INFO  ozoneimpl.OzoneContainer (OzoneContainer.java:start(304)) - Attempting to start container services.
2021-11-05 13:00:05,057 [EndpointStateMachine task thread for /0.0.0.0:35591 - 0 ] INFO  ozoneimpl.OzoneContainer (OzoneContainer.java:startContainerScrub(249)) - Background container scanner has been disabled.
2021-11-05 13:00:05,057 [Listener at 127.0.0.1/42119] INFO  volume.StorageVolumeChecker (StorageVolumeChecker.java:checkAllVolumes(202)) - Scheduled health check for volume /home/runner/work/ozone/ozone/hadoop-ozone/integration-test/target/test-dir/MiniOzoneClusterImpl-bdf76210-3e21-404e-9e17-65b92aec9f1a/datanode-5/data/ratis
2021-11-05 13:00:05,060 [EndpointStateMachine task thread for /0.0.0.0:35591 - 0 ] INFO  replication.ReplicationServer (ReplicationServer.java:start(107)) - ReplicationServer is started using port 39333
2021-11-05 13:00:05,086 [EndpointStateMachine task thread for /0.0.0.0:35591 - 0 ] INFO  ratis.XceiverServerRatis (XceiverServerRatis.java:start(484)) - Starting XceiverServerRatis 3ae4cb20-15ad-4779-a013-5b0fdc3aaee7
2021-11-05 13:00:05,140 [EndpointStateMachine task thread for /0.0.0.0:35591 - 0 ] INFO  server.RaftServer (RaftServerProxy.java:lambda$start$5(374)) - 3ae4cb20-15ad-4779-a013-5b0fdc3aaee7: start RPC server
2021-11-05 13:00:05,140 [EndpointStateMachine task thread for /0.0.0.0:35591 - 0 ] INFO  server.GrpcService (GrpcService.java:startImpl(253)) - 3ae4cb20-15ad-4779-a013-5b0fdc3aaee7: GrpcService started, listening on 35115
2021-11-05 13:00:05,148 [EndpointStateMachine task thread for /0.0.0.0:35591 - 0 ] INFO  ratis.XceiverServerRatis (XceiverServerRatis.java:getRealPort(505)) - XceiverServerRatis 3ae4cb20-15ad-4779-a013-5b0fdc3aaee7 is started using port 35115 for RATIS
2021-11-05 13:00:05,148 [EndpointStateMachine task thread for /0.0.0.0:35591 - 0 ] INFO  ratis.XceiverServerRatis (XceiverServerRatis.java:getRealPort(505)) - XceiverServerRatis 3ae4cb20-15ad-4779-a013-5b0fdc3aaee7 is started using port 35115 for RATIS_ADMIN
2021-11-05 13:00:05,148 [EndpointStateMachine task thread for /0.0.0.0:35591 - 0 ] INFO  ratis.XceiverServerRatis (XceiverServerRatis.java:getRealPort(505)) - XceiverServerRatis 3ae4cb20-15ad-4779-a013-5b0fdc3aaee7 is started using port 35115 for RATIS_SERVER
2021-11-05 13:00:05,149 [EndpointStateMachine task thread for /0.0.0.0:35591 - 0 ] INFO  server.XceiverServerGrpc (XceiverServerGrpc.java:start(135)) - XceiverServerGrpc 3ae4cb20-15ad-4779-a013-5b0fdc3aaee7 is started using port 41693
2021-11-05 13:00:05,168 [org.apache.ratis.util.JvmPauseMonitor$$Lambda$531/328699815@7b08416e] INFO  util.JvmPauseMonitor (JvmPauseMonitor.java:run(103)) - JvmPauseMonitor-3ae4cb20-15ad-4779-a013-5b0fdc3aaee7: Started
2021-11-05 13:00:05,168 [Thread-1708] INFO  ozoneimpl.ContainerReader (ContainerReader.java:readVolume(172)) - Finish verifying containers on volume /home/runner/work/ozone/ozone/hadoop-ozone/integration-test/target/test-dir/MiniOzoneClusterImpl-bdf76210-3e21-404e-9e17-65b92aec9f1a/datanode-5/data-0/containers/hdds
2021-11-05 13:00:05,172 [Listener at 127.0.0.1/42119] INFO  ozoneimpl.OzoneContainer (OzoneContainer.java:buildContainerSet(236)) - Build ContainerSet costs 0s
2021-11-05 13:00:05,173 [Listener at 127.0.0.1/42119] INFO  server.RaftServer (ConfUtils.java:logGet(44)) - raft.rpc.type = GRPC (default)
2021-11-05 13:00:05,173 [Listener at 127.0.0.1/42119] INFO  grpc.GrpcFactory (GrpcFactory.java:checkPooledByteBufAllocatorUseCacheForAllThreads(48)) - PERFORMANCE WARNING: useCacheForAllThreads is true that may cause Netty to create a lot garbage objects and, as a result, trigger GC.
	It is recommended to disable useCacheForAllThreads by setting -Dorg.apache.ratis.thirdparty.io.netty.allocator.useCacheForAllThreads=false in command line.
2021-11-05 13:00:05,174 [Listener at 127.0.0.1/42119] INFO  grpc.GrpcConfigKeys (ConfUtils.java:logGet(44)) - raft.grpc.admin.port = 0 (custom)
2021-11-05 13:00:05,174 [Listener at 127.0.0.1/42119] INFO  grpc.GrpcConfigKeys (ConfUtils.java:logGet(44)) - raft.grpc.client.port = 0 (custom)
2021-11-05 13:00:05,174 [Listener at 127.0.0.1/42119] INFO  grpc.GrpcConfigKeys (ConfUtils.java:logGet(44)) - raft.grpc.server.port = 0 (default)
2021-11-05 13:00:05,174 [Listener at 127.0.0.1/42119] INFO  server.GrpcService (ConfUtils.java:logGet(44)) - raft.grpc.message.size.max = 32MB (=33554432) (custom)
2021-11-05 13:00:05,174 [Listener at 127.0.0.1/42119] INFO  server.RaftServerConfigKeys (ConfUtils.java:logGet(44)) - raft.server.log.appender.buffer.byte-limit = 33554432 (custom)
2021-11-05 13:00:05,174 [Listener at 127.0.0.1/42119] INFO  server.GrpcService (ConfUtils.java:logGet(44)) - raft.grpc.flow.control.window = 5MB (=5242880) (custom)
2021-11-05 13:00:05,174 [Listener at 127.0.0.1/42119] INFO  server.RaftServerConfigKeys (ConfUtils.java:logGet(44)) - raft.server.rpc.request.timeout = 3000ms (default)
2021-11-05 13:00:05,175 [Listener at 127.0.0.1/42119] INFO  impl.DataStreamServerImpl (ConfUtils.java:logGet(44)) - raft.datastream.type = DISABLED (default)
2021-11-05 13:00:05,175 [Listener at 127.0.0.1/42119] INFO  server.RaftServerConfigKeys (ConfUtils.java:logGet(44)) - raft.server.rpc.slowness.timeout = 300000ms (custom)
2021-11-05 13:00:05,175 [Listener at 127.0.0.1/42119] INFO  server.RaftServerConfigKeys (ConfUtils.java:logGet(44)) - raft.server.leaderelection.leader.step-down.wait-time = 10s (default)
2021-11-05 13:00:05,175 [Listener at 127.0.0.1/42119] INFO  server.RaftServerConfigKeys (ConfUtils.java:logGet(44)) - raft.server.storage.dir = [/home/runner/work/ozone/ozone/hadoop-ozone/integration-test/target/test-dir/MiniOzoneClusterImpl-bdf76210-3e21-404e-9e17-65b92aec9f1a/datanode-5/data/ratis] (custom)
2021-11-05 13:00:05,182 [Listener at 127.0.0.1/42119] INFO  http.BaseHttpServer (BaseHttpServer.java:newHttpServer2BuilderForOzone(209)) - Starting Web-server for hddsDatanode at: http://0.0.0.0:0
2021-11-05 13:00:05,182 [Listener at 127.0.0.1/42119] INFO  http.BaseHttpServer (BaseHttpServer.java:<init>(107)) - Hadoop Security Enabled: false Ozone Security Enabled: false Ozone HTTP Security Enabled: false 
2021-11-05 13:00:05,183 [Listener at 127.0.0.1/42119] INFO  server.AuthenticationFilter (AuthenticationFilter.java:constructSecretProvider(240)) - Unable to initialize FileSignerSecretProvider, falling back to use random secrets.
2021-11-05 13:00:05,204 [Listener at 127.0.0.1/42119] WARN  http.HttpRequestLog (HttpRequestLog.java:getRequestLog(103)) - Jetty request log can only be enabled using Log4j
2021-11-05 13:00:05,204 [Listener at 127.0.0.1/42119] INFO  http.HttpServer2 (HttpServer2.java:addGlobalFilter(1030)) - Added global filter 'safety' (class=org.apache.hadoop.hdds.server.http.HttpServer2$QuotingInputFilter)
2021-11-05 13:00:05,205 [Listener at 127.0.0.1/42119] INFO  http.HttpServer2 (HttpServer2.java:addFilter(1006)) - Added filter static_user_filter (class=org.apache.hadoop.http.lib.StaticUserWebFilter$StaticUserFilter) to context hddsDatanode
2021-11-05 13:00:05,205 [Listener at 127.0.0.1/42119] INFO  http.HttpServer2 (HttpServer2.java:addFilter(1014)) - Added filter static_user_filter (class=org.apache.hadoop.http.lib.StaticUserWebFilter$StaticUserFilter) to context logs
2021-11-05 13:00:05,205 [Listener at 127.0.0.1/42119] INFO  http.HttpServer2 (HttpServer2.java:addFilter(1014)) - Added filter static_user_filter (class=org.apache.hadoop.http.lib.StaticUserWebFilter$StaticUserFilter) to context static
2021-11-05 13:00:05,205 [Listener at 127.0.0.1/42119] INFO  http.HttpServer2 (HttpServer2.java:bindListener(1249)) - Jetty bound to port 37399
2021-11-05 13:00:05,206 [Listener at 127.0.0.1/42119] INFO  server.Server (Server.java:doStart(375)) - jetty-9.4.43.v20210629; built: 2021-06-30T11:07:22.254Z; git: 526006ecfa3af7f1a27ef3a288e2bef7ea9dd7e8; jvm 1.8.0_292-b10
2021-11-05 13:00:05,207 [Listener at 127.0.0.1/42119] INFO  server.session (DefaultSessionIdManager.java:doStart(334)) - DefaultSessionIdManager workerName=node0
2021-11-05 13:00:05,207 [Listener at 127.0.0.1/42119] INFO  server.session (DefaultSessionIdManager.java:doStart(339)) - No SessionScavenger set, using defaults
2021-11-05 13:00:05,207 [Listener at 127.0.0.1/42119] INFO  server.session (HouseKeeper.java:startScavenging(132)) - node0 Scavenging every 600000ms
2021-11-05 13:00:05,208 [Listener at 127.0.0.1/42119] INFO  handler.ContextHandler (ContextHandler.java:doStart(915)) - Started o.e.j.s.ServletContextHandler@7e9b1fd2{logs,/logs,file:///home/runner/work/ozone/ozone/hadoop-ozone/integration-test/target/log,AVAILABLE}
2021-11-05 13:00:05,208 [Listener at 127.0.0.1/42119] INFO  handler.ContextHandler (ContextHandler.java:doStart(915)) - Started o.e.j.s.ServletContextHandler@25e4de78{static,/static,jar:file:/home/runner/.m2/repository/org/apache/ozone/hdds-container-service/1.2.0-SNAPSHOT/hdds-container-service-1.2.0-SNAPSHOT.jar!/webapps/static,AVAILABLE}
2021-11-05 13:00:05,438 [Listener at 127.0.0.1/42119] INFO  handler.ContextHandler (ContextHandler.java:doStart(915)) - Started o.e.j.w.WebAppContext@782cd87a{hddsDatanode,/,file:///tmp/jetty-0_0_0_0-37399-hdds-container-service-1_2_0-SNAPSHOT_jar-_-any-35275431464610839/webapp/,AVAILABLE}{jar:file:/home/runner/.m2/repository/org/apache/ozone/hdds-container-service/1.2.0-SNAPSHOT/hdds-container-service-1.2.0-SNAPSHOT.jar!/webapps/hddsDatanode}
2021-11-05 13:00:05,440 [Listener at 127.0.0.1/42119] INFO  server.AbstractConnector (AbstractConnector.java:doStart(331)) - Started ServerConnector@4efd8081{HTTP/1.1, (http/1.1)}{0.0.0.0:37399}
2021-11-05 13:00:05,440 [Listener at 127.0.0.1/42119] INFO  server.Server (Server.java:doStart(415)) - Started @194461ms
2021-11-05 13:00:05,440 [Listener at 127.0.0.1/42119] WARN  impl.MetricsSystemImpl (MetricsSystemImpl.java:register(279)) - Sink prometheus already exists!
2021-11-05 13:00:05,444 [Listener at 127.0.0.1/42119] INFO  http.BaseHttpServer (BaseHttpServer.java:updateConnectorAddress(329)) - HTTP server of hddsDatanode listening at http://0.0.0.0:37399
2021-11-05 13:00:05,452 [Datanode State Machine Daemon Thread] INFO  statemachine.DatanodeStateMachine (DatanodeStateMachine.java:lambda$startDaemon$0(467)) - Ozone container server started.
2021-11-05 13:00:05,452 [Listener at 127.0.0.1/42119] WARN  impl.MetricRegistriesImpl (MetricRegistriesImpl.java:addReporterRegistration(111)) - New reporters are added after registries were created. Some metrics will be missing from the reporter. Please add reporter before adding any new registry.
2021-11-05 13:00:05,452 [Listener at 127.0.0.1/42119] WARN  impl.MetricRegistriesImpl (MetricRegistriesImpl.java:addReporterRegistration(111)) - New reporters are added after registries were created. Some metrics will be missing from the reporter. Please add reporter before adding any new registry.
2021-11-05 13:00:05,452 [Listener at 127.0.0.1/42119] INFO  impl.MetricsSystemImpl (MetricsSystemImpl.java:init(158)) - HddsDatanode metrics system started (again)
2021-11-05 13:00:05,476 [org.apache.hadoop.util.JvmPauseMonitor$Monitor@11f5bcd3] INFO  util.JvmPauseMonitor (JvmPauseMonitor.java:run(188)) - Starting JVM pause monitor
2021-11-05 13:00:05,504 [Datanode State Machine Task Thread - 0] INFO  datanode.InitDatanodeState (InitDatanodeState.java:persistContainerDatanodeDetails(145)) - DatanodeDetails is persisted to /home/runner/work/ozone/ozone/hadoop-ozone/integration-test/target/test-dir/MiniOzoneClusterImpl-bdf76210-3e21-404e-9e17-65b92aec9f1a/datanode-5/meta/datanode.id
2021-11-05 13:00:05,551 [Listener at 127.0.0.1/42119] INFO  ozone.HddsDatanodeService (HddsDatanodeService.java:start(234)) - HddsDatanodeService host:fv-az151-875.yf2hydr00wburbhx3j5hxtcipe.bx.internal.cloudapp.net ip:10.1.0.23
2021-11-05 13:00:05,644 [Listener at 127.0.0.1/42119] INFO  upgrade.AbstractLayoutVersionManager (AbstractLayoutVersionManager.java:init(79)) - Initializing Layout version manager with metadata layout = SCM_HA (version = 2), software layout = SCM_HA (version = 2)
2021-11-05 13:00:05,784 [Listener at 127.0.0.1/42119] INFO  reflections.Reflections (Reflections.java:scan(232)) - Reflections took 121 ms to scan 7 urls, producing 119 keys and 279 values 
2021-11-05 13:00:05,817 [Listener at 127.0.0.1/42119] INFO  statemachine.DatanodeStateMachine (DatanodeStateMachine.java:getEndPointTaskThreadPoolSize(219)) - Datanode State Machine Task Thread Pool size 2
2021-11-05 13:00:05,818 [Listener at 127.0.0.1/42119] INFO  volume.HddsVolume (HddsVolume.java:<init>(120)) - Creating HddsVolume: /home/runner/work/ozone/ozone/hadoop-ozone/integration-test/target/test-dir/MiniOzoneClusterImpl-bdf76210-3e21-404e-9e17-65b92aec9f1a/datanode-6/data-0/containers/hdds of storage type : DISK capacity : 9223372036854775807
2021-11-05 13:00:05,818 [Listener at 127.0.0.1/42119] INFO  volume.MutableVolumeSet (MutableVolumeSet.java:initializeVolumeSet(168)) - Added Volume : /home/runner/work/ozone/ozone/hadoop-ozone/integration-test/target/test-dir/MiniOzoneClusterImpl-bdf76210-3e21-404e-9e17-65b92aec9f1a/datanode-6/data-0/containers/hdds to VolumeSet
2021-11-05 13:00:05,818 [Listener at 127.0.0.1/42119] INFO  volume.ThrottledAsyncChecker (ThrottledAsyncChecker.java:schedule(141)) - Scheduling a check for /home/runner/work/ozone/ozone/hadoop-ozone/integration-test/target/test-dir/MiniOzoneClusterImpl-bdf76210-3e21-404e-9e17-65b92aec9f1a/datanode-6/data-0/containers/hdds
2021-11-05 13:00:05,819 [Listener at 127.0.0.1/42119] INFO  volume.StorageVolumeChecker (StorageVolumeChecker.java:checkAllVolumes(202)) - Scheduled health check for volume /home/runner/work/ozone/ozone/hadoop-ozone/integration-test/target/test-dir/MiniOzoneClusterImpl-bdf76210-3e21-404e-9e17-65b92aec9f1a/datanode-6/data-0/containers/hdds
2021-11-05 13:00:05,857 [Listener at 127.0.0.1/42119] INFO  volume.MutableVolumeSet (MutableVolumeSet.java:initializeVolumeSet(168)) - Added Volume : /home/runner/work/ozone/ozone/hadoop-ozone/integration-test/target/test-dir/MiniOzoneClusterImpl-bdf76210-3e21-404e-9e17-65b92aec9f1a/datanode-6/data/ratis to VolumeSet
2021-11-05 13:00:05,858 [Listener at 127.0.0.1/42119] INFO  volume.ThrottledAsyncChecker (ThrottledAsyncChecker.java:schedule(141)) - Scheduling a check for /home/runner/work/ozone/ozone/hadoop-ozone/integration-test/target/test-dir/MiniOzoneClusterImpl-bdf76210-3e21-404e-9e17-65b92aec9f1a/datanode-6/data/ratis
2021-11-05 13:00:05,858 [Listener at 127.0.0.1/42119] INFO  volume.StorageVolumeChecker (StorageVolumeChecker.java:checkAllVolumes(202)) - Scheduled health check for volume /home/runner/work/ozone/ozone/hadoop-ozone/integration-test/target/test-dir/MiniOzoneClusterImpl-bdf76210-3e21-404e-9e17-65b92aec9f1a/datanode-6/data/ratis
2021-11-05 13:00:05,931 [Thread-1723] INFO  ozoneimpl.ContainerReader (ContainerReader.java:readVolume(172)) - Finish verifying containers on volume /home/runner/work/ozone/ozone/hadoop-ozone/integration-test/target/test-dir/MiniOzoneClusterImpl-bdf76210-3e21-404e-9e17-65b92aec9f1a/datanode-6/data-0/containers/hdds
2021-11-05 13:00:05,931 [Listener at 127.0.0.1/42119] INFO  ozoneimpl.OzoneContainer (OzoneContainer.java:buildContainerSet(236)) - Build ContainerSet costs 0s
2021-11-05 13:00:05,958 [Listener at 127.0.0.1/42119] INFO  server.RaftServer (ConfUtils.java:logGet(44)) - raft.rpc.type = GRPC (default)
2021-11-05 13:00:05,958 [Listener at 127.0.0.1/42119] INFO  grpc.GrpcFactory (GrpcFactory.java:checkPooledByteBufAllocatorUseCacheForAllThreads(48)) - PERFORMANCE WARNING: useCacheForAllThreads is true that may cause Netty to create a lot garbage objects and, as a result, trigger GC.
	It is recommended to disable useCacheForAllThreads by setting -Dorg.apache.ratis.thirdparty.io.netty.allocator.useCacheForAllThreads=false in command line.
2021-11-05 13:00:05,958 [Listener at 127.0.0.1/42119] INFO  grpc.GrpcConfigKeys (ConfUtils.java:logGet(44)) - raft.grpc.admin.port = 0 (custom)
2021-11-05 13:00:05,958 [Listener at 127.0.0.1/42119] INFO  grpc.GrpcConfigKeys (ConfUtils.java:logGet(44)) - raft.grpc.client.port = 0 (custom)
2021-11-05 13:00:05,958 [Listener at 127.0.0.1/42119] INFO  grpc.GrpcConfigKeys (ConfUtils.java:logGet(44)) - raft.grpc.server.port = 0 (default)
2021-11-05 13:00:05,958 [Listener at 127.0.0.1/42119] INFO  server.GrpcService (ConfUtils.java:logGet(44)) - raft.grpc.message.size.max = 32MB (=33554432) (custom)
2021-11-05 13:00:05,959 [Listener at 127.0.0.1/42119] INFO  server.RaftServerConfigKeys (ConfUtils.java:logGet(44)) - raft.server.log.appender.buffer.byte-limit = 33554432 (custom)
2021-11-05 13:00:05,959 [Listener at 127.0.0.1/42119] INFO  server.GrpcService (ConfUtils.java:logGet(44)) - raft.grpc.flow.control.window = 5MB (=5242880) (custom)
2021-11-05 13:00:05,959 [Listener at 127.0.0.1/42119] INFO  server.RaftServerConfigKeys (ConfUtils.java:logGet(44)) - raft.server.rpc.request.timeout = 3000ms (default)
2021-11-05 13:00:05,960 [Listener at 127.0.0.1/42119] INFO  impl.DataStreamServerImpl (ConfUtils.java:logGet(44)) - raft.datastream.type = DISABLED (default)
2021-11-05 13:00:05,960 [Listener at 127.0.0.1/42119] INFO  server.RaftServerConfigKeys (ConfUtils.java:logGet(44)) - raft.server.rpc.slowness.timeout = 300000ms (custom)
2021-11-05 13:00:05,960 [Listener at 127.0.0.1/42119] INFO  server.RaftServerConfigKeys (ConfUtils.java:logGet(44)) - raft.server.leaderelection.leader.step-down.wait-time = 10s (default)
2021-11-05 13:00:05,961 [Listener at 127.0.0.1/42119] INFO  server.RaftServerConfigKeys (ConfUtils.java:logGet(44)) - raft.server.storage.dir = [/home/runner/work/ozone/ozone/hadoop-ozone/integration-test/target/test-dir/MiniOzoneClusterImpl-bdf76210-3e21-404e-9e17-65b92aec9f1a/datanode-6/data/ratis] (custom)
2021-11-05 13:00:05,963 [Listener at 127.0.0.1/42119] INFO  http.BaseHttpServer (BaseHttpServer.java:newHttpServer2BuilderForOzone(209)) - Starting Web-server for hddsDatanode at: http://0.0.0.0:0
2021-11-05 13:00:05,963 [Listener at 127.0.0.1/42119] INFO  http.BaseHttpServer (BaseHttpServer.java:<init>(107)) - Hadoop Security Enabled: false Ozone Security Enabled: false Ozone HTTP Security Enabled: false 
2021-11-05 13:00:05,964 [Listener at 127.0.0.1/42119] INFO  server.AuthenticationFilter (AuthenticationFilter.java:constructSecretProvider(240)) - Unable to initialize FileSignerSecretProvider, falling back to use random secrets.
2021-11-05 13:00:05,965 [Listener at 127.0.0.1/42119] WARN  http.HttpRequestLog (HttpRequestLog.java:getRequestLog(103)) - Jetty request log can only be enabled using Log4j
2021-11-05 13:00:05,965 [Listener at 127.0.0.1/42119] INFO  http.HttpServer2 (HttpServer2.java:addGlobalFilter(1030)) - Added global filter 'safety' (class=org.apache.hadoop.hdds.server.http.HttpServer2$QuotingInputFilter)
2021-11-05 13:00:05,966 [Listener at 127.0.0.1/42119] INFO  http.HttpServer2 (HttpServer2.java:addFilter(1006)) - Added filter static_user_filter (class=org.apache.hadoop.http.lib.StaticUserWebFilter$StaticUserFilter) to context hddsDatanode
2021-11-05 13:00:05,966 [Listener at 127.0.0.1/42119] INFO  http.HttpServer2 (HttpServer2.java:addFilter(1014)) - Added filter static_user_filter (class=org.apache.hadoop.http.lib.StaticUserWebFilter$StaticUserFilter) to context logs
2021-11-05 13:00:05,966 [Listener at 127.0.0.1/42119] INFO  http.HttpServer2 (HttpServer2.java:addFilter(1014)) - Added filter static_user_filter (class=org.apache.hadoop.http.lib.StaticUserWebFilter$StaticUserFilter) to context static
2021-11-05 13:00:05,966 [Listener at 127.0.0.1/42119] INFO  http.HttpServer2 (HttpServer2.java:bindListener(1249)) - Jetty bound to port 33193
2021-11-05 13:00:05,966 [Listener at 127.0.0.1/42119] INFO  server.Server (Server.java:doStart(375)) - jetty-9.4.43.v20210629; built: 2021-06-30T11:07:22.254Z; git: 526006ecfa3af7f1a27ef3a288e2bef7ea9dd7e8; jvm 1.8.0_292-b10
2021-11-05 13:00:05,968 [Listener at 127.0.0.1/42119] INFO  server.session (DefaultSessionIdManager.java:doStart(334)) - DefaultSessionIdManager workerName=node0
2021-11-05 13:00:05,968 [Listener at 127.0.0.1/42119] INFO  server.session (DefaultSessionIdManager.java:doStart(339)) - No SessionScavenger set, using defaults
2021-11-05 13:00:05,968 [Listener at 127.0.0.1/42119] INFO  server.session (HouseKeeper.java:startScavenging(132)) - node0 Scavenging every 660000ms
2021-11-05 13:00:05,969 [IPC Server handler 2 on default port 35591] INFO  net.NetworkTopologyImpl (NetworkTopologyImpl.java:add(112)) - Added a new node: /default-rack/fa45fd2a-a6ef-4106-9a44-777d17a8e8f4
2021-11-05 13:00:05,969 [IPC Server handler 2 on default port 35591] INFO  node.SCMNodeManager (SCMNodeManager.java:register(389)) - Registered Data node : fa45fd2a-a6ef-4106-9a44-777d17a8e8f4{ip: 10.1.0.23, host: fv-az151-875.yf2hydr00wburbhx3j5hxtcipe.bx.internal.cloudapp.net, ports: [REPLICATION=35839, RATIS=43989, RATIS_ADMIN=43989, RATIS_SERVER=43989, STANDALONE=44877], networkLocation: /default-rack, certSerialId: null, persistedOpState: null, persistedOpStateExpiryEpochSec: 0}
2021-11-05 13:00:05,975 [EndpointStateMachine task thread for /0.0.0.0:35591 - 0 ] INFO  ozoneimpl.OzoneContainer (OzoneContainer.java:start(304)) - Attempting to start container services.
2021-11-05 13:00:05,975 [EndpointStateMachine task thread for /0.0.0.0:35591 - 0 ] INFO  ozoneimpl.OzoneContainer (OzoneContainer.java:startContainerScrub(249)) - Background container scanner has been disabled.
2021-11-05 13:00:05,976 [EndpointStateMachine task thread for /0.0.0.0:35591 - 0 ] INFO  replication.ReplicationServer (ReplicationServer.java:start(107)) - ReplicationServer is started using port 35371
2021-11-05 13:00:06,009 [EventQueue-NewNodeForNewNodeHandler] INFO  pipeline.BackgroundPipelineCreator (BackgroundPipelineCreator.java:notifyEventTriggered(285)) - trigger a one-shot run on RatisPipelineUtilsThread.
2021-11-05 13:00:06,009 [EndpointStateMachine task thread for /0.0.0.0:35591 - 0 ] INFO  ratis.XceiverServerRatis (XceiverServerRatis.java:start(484)) - Starting XceiverServerRatis fae3de48-3e9f-4cc7-8f85-17bb385fc42a
2021-11-05 13:00:06,016 [EventQueue-NodeRegistrationContainerReportForDataNodeSafeModeRule] INFO  safemode.SCMSafeModeManager (DataNodeSafeModeRule.java:process(71)) - SCM in safe mode. 2 DataNodes registered, 3 required.
2021-11-05 13:00:06,060 [Listener at 127.0.0.1/42119] INFO  handler.ContextHandler (ContextHandler.java:doStart(915)) - Started o.e.j.s.ServletContextHandler@296eecf8{logs,/logs,file:///home/runner/work/ozone/ozone/hadoop-ozone/integration-test/target/log,AVAILABLE}
2021-11-05 13:00:06,060 [Listener at 127.0.0.1/42119] INFO  handler.ContextHandler (ContextHandler.java:doStart(915)) - Started o.e.j.s.ServletContextHandler@51121b6e{static,/static,jar:file:/home/runner/.m2/repository/org/apache/ozone/hdds-container-service/1.2.0-SNAPSHOT/hdds-container-service-1.2.0-SNAPSHOT.jar!/webapps/static,AVAILABLE}
2021-11-05 13:00:06,084 [RatisPipelineUtilsThread - 0] INFO  pipeline.RatisPipelineProvider (RatisPipelineProvider.java:lambda$create$0(183)) - Sending CreatePipelineCommand for pipeline:PipelineID=9a8c8b22-4b43-436c-8b5e-1fa21d5fafdd to datanode:fa45fd2a-a6ef-4106-9a44-777d17a8e8f4
2021-11-05 13:00:06,152 [EndpointStateMachine task thread for /0.0.0.0:35591 - 0 ] INFO  server.RaftServer (RaftServerProxy.java:lambda$start$5(374)) - fae3de48-3e9f-4cc7-8f85-17bb385fc42a: start RPC server
2021-11-05 13:00:06,152 [RatisPipelineUtilsThread - 0] INFO  pipeline.PipelineStateManagerImpl (PipelineStateManagerImpl.java:addPipeline(101)) - Created pipeline Pipeline[ Id: 9a8c8b22-4b43-436c-8b5e-1fa21d5fafdd, Nodes: fa45fd2a-a6ef-4106-9a44-777d17a8e8f4{ip: 10.1.0.23, host: fv-az151-875.yf2hydr00wburbhx3j5hxtcipe.bx.internal.cloudapp.net, ports: [REPLICATION=35839, RATIS=43989, RATIS_ADMIN=43989, RATIS_SERVER=43989, STANDALONE=44877], networkLocation: /default-rack, certSerialId: null, persistedOpState: IN_SERVICE, persistedOpStateExpiryEpochSec: 0}, ReplicationConfig: RATIS/ONE, State:ALLOCATED, leaderId:, CreationTimestamp2021-11-05T13:00:06.084Z[Etc/UTC]].
2021-11-05 13:00:06,152 [EndpointStateMachine task thread for /0.0.0.0:35591 - 0 ] INFO  server.GrpcService (GrpcService.java:startImpl(253)) - fae3de48-3e9f-4cc7-8f85-17bb385fc42a: GrpcService started, listening on 41205
2021-11-05 13:00:06,153 [EndpointStateMachine task thread for /0.0.0.0:35591 - 0 ] INFO  ratis.XceiverServerRatis (XceiverServerRatis.java:getRealPort(505)) - XceiverServerRatis fae3de48-3e9f-4cc7-8f85-17bb385fc42a is started using port 41205 for RATIS
2021-11-05 13:00:06,153 [EndpointStateMachine task thread for /0.0.0.0:35591 - 0 ] INFO  ratis.XceiverServerRatis (XceiverServerRatis.java:getRealPort(505)) - XceiverServerRatis fae3de48-3e9f-4cc7-8f85-17bb385fc42a is started using port 41205 for RATIS_ADMIN
2021-11-05 13:00:06,153 [EndpointStateMachine task thread for /0.0.0.0:35591 - 0 ] INFO  ratis.XceiverServerRatis (XceiverServerRatis.java:getRealPort(505)) - XceiverServerRatis fae3de48-3e9f-4cc7-8f85-17bb385fc42a is started using port 41205 for RATIS_SERVER
2021-11-05 13:00:06,153 [EndpointStateMachine task thread for /0.0.0.0:35591 - 0 ] INFO  server.XceiverServerGrpc (XceiverServerGrpc.java:start(135)) - XceiverServerGrpc fae3de48-3e9f-4cc7-8f85-17bb385fc42a is started using port 45749
2021-11-05 13:00:06,154 [org.apache.ratis.util.JvmPauseMonitor$$Lambda$531/328699815@247fbbde] INFO  util.JvmPauseMonitor (JvmPauseMonitor.java:run(103)) - JvmPauseMonitor-fae3de48-3e9f-4cc7-8f85-17bb385fc42a: Started
2021-11-05 13:00:06,261 [Listener at 127.0.0.1/42119] INFO  handler.ContextHandler (ContextHandler.java:doStart(915)) - Started o.e.j.w.WebAppContext@7cbd1440{hddsDatanode,/,file:///tmp/jetty-0_0_0_0-33193-hdds-container-service-1_2_0-SNAPSHOT_jar-_-any-4354438613512979499/webapp/,AVAILABLE}{jar:file:/home/runner/.m2/repository/org/apache/ozone/hdds-container-service/1.2.0-SNAPSHOT/hdds-container-service-1.2.0-SNAPSHOT.jar!/webapps/hddsDatanode}
2021-11-05 13:00:06,285 [Listener at 127.0.0.1/42119] INFO  server.AbstractConnector (AbstractConnector.java:doStart(331)) - Started ServerConnector@6c644275{HTTP/1.1, (http/1.1)}{0.0.0.0:33193}
2021-11-05 13:00:06,285 [Listener at 127.0.0.1/42119] INFO  server.Server (Server.java:doStart(415)) - Started @195306ms
2021-11-05 13:00:06,285 [Listener at 127.0.0.1/42119] WARN  impl.MetricsSystemImpl (MetricsSystemImpl.java:register(279)) - Sink prometheus already exists!
2021-11-05 13:00:06,286 [Listener at 127.0.0.1/42119] INFO  http.BaseHttpServer (BaseHttpServer.java:updateConnectorAddress(329)) - HTTP server of hddsDatanode listening at http://0.0.0.0:33193
2021-11-05 13:00:06,287 [Listener at 127.0.0.1/42119] INFO  ozone.MiniOzoneClusterImpl (MiniOzoneClusterImpl.java:lambda$waitForClusterToBeReady$0(235)) - Waiting for nodes to be ready. Got 2 of 7 DN Heartbeats.
2021-11-05 13:00:06,287 [Listener at 127.0.0.1/42119] INFO  ozone.MiniOzoneClusterImpl (MiniOzoneClusterImpl.java:lambda$waitForClusterToBeReady$0(238)) - Waiting for cluster to exit safe mode
2021-11-05 13:00:06,287 [Listener at 127.0.0.1/42119] INFO  ozone.MiniOzoneClusterImpl (MiniOzoneClusterImpl.java:lambda$waitForClusterToBeReady$0(240)) - SCM became leader
2021-11-05 13:00:06,287 [Datanode State Machine Daemon Thread] INFO  statemachine.DatanodeStateMachine (DatanodeStateMachine.java:lambda$startDaemon$0(467)) - Ozone container server started.
2021-11-05 13:00:06,356 [org.apache.hadoop.util.JvmPauseMonitor$Monitor@3d1bb61e] INFO  util.JvmPauseMonitor (JvmPauseMonitor.java:run(188)) - Starting JVM pause monitor
2021-11-05 13:00:06,423 [Datanode State Machine Task Thread - 0] INFO  datanode.InitDatanodeState (InitDatanodeState.java:persistContainerDatanodeDetails(145)) - DatanodeDetails is persisted to /home/runner/work/ozone/ozone/hadoop-ozone/integration-test/target/test-dir/MiniOzoneClusterImpl-bdf76210-3e21-404e-9e17-65b92aec9f1a/datanode-6/meta/datanode.id
2021-11-05 13:00:06,656 [EndpointStateMachine task thread for /0.0.0.0:35591 - 0 ] INFO  ozoneimpl.OzoneContainer (OzoneContainer.java:start(304)) - Attempting to start container services.
2021-11-05 13:00:06,657 [EndpointStateMachine task thread for /0.0.0.0:35591 - 0 ] INFO  ozoneimpl.OzoneContainer (OzoneContainer.java:startContainerScrub(249)) - Background container scanner has been disabled.
2021-11-05 13:00:06,657 [EndpointStateMachine task thread for /0.0.0.0:35591 - 0 ] INFO  replication.ReplicationServer (ReplicationServer.java:start(107)) - ReplicationServer is started using port 40425
2021-11-05 13:00:06,659 [EndpointStateMachine task thread for /0.0.0.0:35591 - 0 ] INFO  ratis.XceiverServerRatis (XceiverServerRatis.java:start(484)) - Starting XceiverServerRatis f63fc592-5921-4d2a-8a56-22c1aba49965
2021-11-05 13:00:06,659 [EndpointStateMachine task thread for /0.0.0.0:35591 - 0 ] INFO  server.RaftServer (RaftServerProxy.java:lambda$start$5(374)) - f63fc592-5921-4d2a-8a56-22c1aba49965: start RPC server
2021-11-05 13:00:06,660 [EndpointStateMachine task thread for /0.0.0.0:35591 - 0 ] INFO  server.GrpcService (GrpcService.java:startImpl(253)) - f63fc592-5921-4d2a-8a56-22c1aba49965: GrpcService started, listening on 39383
2021-11-05 13:00:06,660 [EndpointStateMachine task thread for /0.0.0.0:35591 - 0 ] INFO  ratis.XceiverServerRatis (XceiverServerRatis.java:getRealPort(505)) - XceiverServerRatis f63fc592-5921-4d2a-8a56-22c1aba49965 is started using port 39383 for RATIS
2021-11-05 13:00:06,660 [EndpointStateMachine task thread for /0.0.0.0:35591 - 0 ] INFO  ratis.XceiverServerRatis (XceiverServerRatis.java:getRealPort(505)) - XceiverServerRatis f63fc592-5921-4d2a-8a56-22c1aba49965 is started using port 39383 for RATIS_ADMIN
2021-11-05 13:00:06,660 [EndpointStateMachine task thread for /0.0.0.0:35591 - 0 ] INFO  ratis.XceiverServerRatis (XceiverServerRatis.java:getRealPort(505)) - XceiverServerRatis f63fc592-5921-4d2a-8a56-22c1aba49965 is started using port 39383 for RATIS_SERVER
2021-11-05 13:00:06,660 [EndpointStateMachine task thread for /0.0.0.0:35591 - 0 ] INFO  server.XceiverServerGrpc (XceiverServerGrpc.java:start(135)) - XceiverServerGrpc f63fc592-5921-4d2a-8a56-22c1aba49965 is started using port 43527
2021-11-05 13:00:06,692 [org.apache.ratis.util.JvmPauseMonitor$$Lambda$531/328699815@5badbabc] INFO  util.JvmPauseMonitor (JvmPauseMonitor.java:run(103)) - JvmPauseMonitor-f63fc592-5921-4d2a-8a56-22c1aba49965: Started
2021-11-05 13:00:06,984 [IPC Server handler 2 on default port 35591] INFO  net.NetworkTopologyImpl (NetworkTopologyImpl.java:add(112)) - Added a new node: /default-rack/3ae4cb20-15ad-4779-a013-5b0fdc3aaee7
2021-11-05 13:00:06,984 [IPC Server handler 2 on default port 35591] INFO  node.SCMNodeManager (SCMNodeManager.java:register(389)) - Registered Data node : 3ae4cb20-15ad-4779-a013-5b0fdc3aaee7{ip: 10.1.0.23, host: fv-az151-875.yf2hydr00wburbhx3j5hxtcipe.bx.internal.cloudapp.net, ports: [REPLICATION=39333, RATIS=35115, RATIS_ADMIN=35115, RATIS_SERVER=35115, STANDALONE=41693], networkLocation: /default-rack, certSerialId: null, persistedOpState: null, persistedOpStateExpiryEpochSec: 0}
2021-11-05 13:00:06,984 [EventQueue-NewNodeForNewNodeHandler] INFO  pipeline.BackgroundPipelineCreator (BackgroundPipelineCreator.java:notifyEventTriggered(285)) - trigger a one-shot run on RatisPipelineUtilsThread.
2021-11-05 13:00:06,985 [RatisPipelineUtilsThread - 0] INFO  pipeline.RatisPipelineProvider (RatisPipelineProvider.java:lambda$create$0(183)) - Sending CreatePipelineCommand for pipeline:PipelineID=9f515d6c-93a5-42ab-b8a3-79a4ecc5e59f to datanode:3ae4cb20-15ad-4779-a013-5b0fdc3aaee7
2021-11-05 13:00:06,985 [RatisPipelineUtilsThread - 0] INFO  pipeline.PipelineStateManagerImpl (PipelineStateManagerImpl.java:addPipeline(101)) - Created pipeline Pipeline[ Id: 9f515d6c-93a5-42ab-b8a3-79a4ecc5e59f, Nodes: 3ae4cb20-15ad-4779-a013-5b0fdc3aaee7{ip: 10.1.0.23, host: fv-az151-875.yf2hydr00wburbhx3j5hxtcipe.bx.internal.cloudapp.net, ports: [REPLICATION=39333, RATIS=35115, RATIS_ADMIN=35115, RATIS_SERVER=35115, STANDALONE=41693], networkLocation: /default-rack, certSerialId: null, persistedOpState: IN_SERVICE, persistedOpStateExpiryEpochSec: 0}, ReplicationConfig: RATIS/ONE, State:ALLOCATED, leaderId:, CreationTimestamp2021-11-05T13:00:06.985Z[Etc/UTC]].
2021-11-05 13:00:07,008 [EventQueue-NodeRegistrationContainerReportForDataNodeSafeModeRule] INFO  safemode.SCMSafeModeManager (DataNodeSafeModeRule.java:process(71)) - SCM in safe mode. 3 DataNodes registered, 3 required.
2021-11-05 13:00:07,009 [EventQueue-NodeRegistrationContainerReportForDataNodeSafeModeRule] INFO  safemode.SCMSafeModeManager (SCMSafeModeManager.java:validateSafeModeExitRules(204)) - DataNodeSafeModeRule rule is successfully validated
2021-11-05 13:00:07,009 [EventQueue-NodeRegistrationContainerReportForDataNodeSafeModeRule] INFO  safemode.SCMSafeModeManager (SCMSafeModeManager.java:completePreCheck(233)) - All SCM safe mode pre check rules have passed
2021-11-05 13:00:07,009 [EventQueue-NodeRegistrationContainerReportForDataNodeSafeModeRule] WARN  events.EventQueue (EventQueue.java:fireEvent(194)) - No event handler registered for event TypedEvent{payloadType=SafeModeStatus, name='Safe mode status'}
2021-11-05 13:00:07,009 [EventQueue-NodeRegistrationContainerReportForDataNodeSafeModeRule] INFO  ha.SCMContext (SCMContext.java:updateSafeModeStatus(205)) - Update SafeModeStatus from SafeModeStatus{safeModeStatus=true, preCheckPassed=false} to SafeModeStatus{safeModeStatus=true, preCheckPassed=true}.
2021-11-05 13:00:07,009 [EventQueue-NodeRegistrationContainerReportForDataNodeSafeModeRule] INFO  pipeline.BackgroundPipelineCreator (BackgroundPipelineCreator.java:notifyEventTriggered(285)) - trigger a one-shot run on RatisPipelineUtilsThread.
2021-11-05 13:00:07,009 [RatisPipelineUtilsThread - 0] INFO  pipeline.RatisPipelineProvider (RatisPipelineProvider.java:lambda$create$0(183)) - Sending CreatePipelineCommand for pipeline:PipelineID=bb7091f3-c5ce-4e13-86bd-5d93fa255116 to datanode:76ef4e66-eace-4a3b-a369-d2a815523a61
2021-11-05 13:00:07,009 [RatisPipelineUtilsThread - 0] INFO  pipeline.RatisPipelineProvider (RatisPipelineProvider.java:lambda$create$0(183)) - Sending CreatePipelineCommand for pipeline:PipelineID=bb7091f3-c5ce-4e13-86bd-5d93fa255116 to datanode:fa45fd2a-a6ef-4106-9a44-777d17a8e8f4
2021-11-05 13:00:07,009 [RatisPipelineUtilsThread - 0] INFO  pipeline.RatisPipelineProvider (RatisPipelineProvider.java:lambda$create$0(183)) - Sending CreatePipelineCommand for pipeline:PipelineID=bb7091f3-c5ce-4e13-86bd-5d93fa255116 to datanode:3ae4cb20-15ad-4779-a013-5b0fdc3aaee7
2021-11-05 13:00:07,010 [RatisPipelineUtilsThread - 0] INFO  pipeline.PipelineStateManagerImpl (PipelineStateManagerImpl.java:addPipeline(101)) - Created pipeline Pipeline[ Id: bb7091f3-c5ce-4e13-86bd-5d93fa255116, Nodes: 76ef4e66-eace-4a3b-a369-d2a815523a61{ip: 10.1.0.23, host: fv-az151-875.yf2hydr00wburbhx3j5hxtcipe.bx.internal.cloudapp.net, ports: [REPLICATION=43087, RATIS=41987, RATIS_ADMIN=41987, RATIS_SERVER=41987, STANDALONE=45779], networkLocation: /default-rack, certSerialId: null, persistedOpState: IN_SERVICE, persistedOpStateExpiryEpochSec: 0}fa45fd2a-a6ef-4106-9a44-777d17a8e8f4{ip: 10.1.0.23, host: fv-az151-875.yf2hydr00wburbhx3j5hxtcipe.bx.internal.cloudapp.net, ports: [REPLICATION=35839, RATIS=43989, RATIS_ADMIN=43989, RATIS_SERVER=43989, STANDALONE=44877], networkLocation: /default-rack, certSerialId: null, persistedOpState: IN_SERVICE, persistedOpStateExpiryEpochSec: 0}3ae4cb20-15ad-4779-a013-5b0fdc3aaee7{ip: 10.1.0.23, host: fv-az151-875.yf2hydr00wburbhx3j5hxtcipe.bx.internal.cloudapp.net, ports: [REPLICATION=39333, RATIS=35115, RATIS_ADMIN=35115, RATIS_SERVER=35115, STANDALONE=41693], networkLocation: /default-rack, certSerialId: null, persistedOpState: IN_SERVICE, persistedOpStateExpiryEpochSec: 0}, ReplicationConfig: RATIS/THREE, State:ALLOCATED, leaderId:, CreationTimestamp2021-11-05T13:00:07.009Z[Etc/UTC]].
2021-11-05 13:00:07,010 [RatisPipelineUtilsThread - 0] INFO  pipeline.RatisPipelineProvider (RatisPipelineProvider.java:lambda$create$0(183)) - Sending CreatePipelineCommand for pipeline:PipelineID=4477d87b-15ba-4f68-ae12-22f5320889a7 to datanode:3ae4cb20-15ad-4779-a013-5b0fdc3aaee7
2021-11-05 13:00:07,010 [RatisPipelineUtilsThread - 0] INFO  pipeline.RatisPipelineProvider (RatisPipelineProvider.java:lambda$create$0(183)) - Sending CreatePipelineCommand for pipeline:PipelineID=4477d87b-15ba-4f68-ae12-22f5320889a7 to datanode:fa45fd2a-a6ef-4106-9a44-777d17a8e8f4
2021-11-05 13:00:07,010 [RatisPipelineUtilsThread - 0] INFO  pipeline.RatisPipelineProvider (RatisPipelineProvider.java:lambda$create$0(183)) - Sending CreatePipelineCommand for pipeline:PipelineID=4477d87b-15ba-4f68-ae12-22f5320889a7 to datanode:76ef4e66-eace-4a3b-a369-d2a815523a61
2021-11-05 13:00:07,010 [RatisPipelineUtilsThread - 0] INFO  pipeline.PipelineStateManagerImpl (PipelineStateManagerImpl.java:addPipeline(101)) - Created pipeline Pipeline[ Id: 4477d87b-15ba-4f68-ae12-22f5320889a7, Nodes: 3ae4cb20-15ad-4779-a013-5b0fdc3aaee7{ip: 10.1.0.23, host: fv-az151-875.yf2hydr00wburbhx3j5hxtcipe.bx.internal.cloudapp.net, ports: [REPLICATION=39333, RATIS=35115, RATIS_ADMIN=35115, RATIS_SERVER=35115, STANDALONE=41693], networkLocation: /default-rack, certSerialId: null, persistedOpState: IN_SERVICE, persistedOpStateExpiryEpochSec: 0}fa45fd2a-a6ef-4106-9a44-777d17a8e8f4{ip: 10.1.0.23, host: fv-az151-875.yf2hydr00wburbhx3j5hxtcipe.bx.internal.cloudapp.net, ports: [REPLICATION=35839, RATIS=43989, RATIS_ADMIN=43989, RATIS_SERVER=43989, STANDALONE=44877], networkLocation: /default-rack, certSerialId: null, persistedOpState: IN_SERVICE, persistedOpStateExpiryEpochSec: 0}76ef4e66-eace-4a3b-a369-d2a815523a61{ip: 10.1.0.23, host: fv-az151-875.yf2hydr00wburbhx3j5hxtcipe.bx.internal.cloudapp.net, ports: [REPLICATION=43087, RATIS=41987, RATIS_ADMIN=41987, RATIS_SERVER=41987, STANDALONE=45779], networkLocation: /default-rack, certSerialId: null, persistedOpState: IN_SERVICE, persistedOpStateExpiryEpochSec: 0}, ReplicationConfig: RATIS/THREE, State:ALLOCATED, leaderId:, CreationTimestamp2021-11-05T13:00:07.010Z[Etc/UTC]].
2021-11-05 13:00:07,011 [RatisPipelineUtilsThread - 0] INFO  pipeline.PipelineManagerImpl (PipelineManagerImpl.java:recordMetricsForPipeline(620)) - Pipeline: PipelineID=4477d87b-15ba-4f68-ae12-22f5320889a7 contains same datanodes as previous pipelines: PipelineID=bb7091f3-c5ce-4e13-86bd-5d93fa255116 nodeIds: 3ae4cb20-15ad-4779-a013-5b0fdc3aaee7, fa45fd2a-a6ef-4106-9a44-777d17a8e8f4, 76ef4e66-eace-4a3b-a369-d2a815523a61
2021-11-05 13:00:07,011 [RatisPipelineUtilsThread - 0] INFO  pipeline.RatisPipelineProvider (RatisPipelineProvider.java:lambda$create$0(183)) - Sending CreatePipelineCommand for pipeline:PipelineID=31cdf347-9acf-41c8-b64f-46a48ff2b846 to datanode:3ae4cb20-15ad-4779-a013-5b0fdc3aaee7
2021-11-05 13:00:07,011 [RatisPipelineUtilsThread - 0] INFO  pipeline.RatisPipelineProvider (RatisPipelineProvider.java:lambda$create$0(183)) - Sending CreatePipelineCommand for pipeline:PipelineID=31cdf347-9acf-41c8-b64f-46a48ff2b846 to datanode:fa45fd2a-a6ef-4106-9a44-777d17a8e8f4
2021-11-05 13:00:07,011 [RatisPipelineUtilsThread - 0] INFO  pipeline.RatisPipelineProvider (RatisPipelineProvider.java:lambda$create$0(183)) - Sending CreatePipelineCommand for pipeline:PipelineID=31cdf347-9acf-41c8-b64f-46a48ff2b846 to datanode:76ef4e66-eace-4a3b-a369-d2a815523a61
2021-11-05 13:00:07,011 [RatisPipelineUtilsThread - 0] INFO  pipeline.PipelineStateManagerImpl (PipelineStateManagerImpl.java:addPipeline(101)) - Created pipeline Pipeline[ Id: 31cdf347-9acf-41c8-b64f-46a48ff2b846, Nodes: 3ae4cb20-15ad-4779-a013-5b0fdc3aaee7{ip: 10.1.0.23, host: fv-az151-875.yf2hydr00wburbhx3j5hxtcipe.bx.internal.cloudapp.net, ports: [REPLICATION=39333, RATIS=35115, RATIS_ADMIN=35115, RATIS_SERVER=35115, STANDALONE=41693], networkLocation: /default-rack, certSerialId: null, persistedOpState: IN_SERVICE, persistedOpStateExpiryEpochSec: 0}fa45fd2a-a6ef-4106-9a44-777d17a8e8f4{ip: 10.1.0.23, host: fv-az151-875.yf2hydr00wburbhx3j5hxtcipe.bx.internal.cloudapp.net, ports: [REPLICATION=35839, RATIS=43989, RATIS_ADMIN=43989, RATIS_SERVER=43989, STANDALONE=44877], networkLocation: /default-rack, certSerialId: null, persistedOpState: IN_SERVICE, persistedOpStateExpiryEpochSec: 0}76ef4e66-eace-4a3b-a369-d2a815523a61{ip: 10.1.0.23, host: fv-az151-875.yf2hydr00wburbhx3j5hxtcipe.bx.internal.cloudapp.net, ports: [REPLICATION=43087, RATIS=41987, RATIS_ADMIN=41987, RATIS_SERVER=41987, STANDALONE=45779], networkLocation: /default-rack, certSerialId: null, persistedOpState: IN_SERVICE, persistedOpStateExpiryEpochSec: 0}, ReplicationConfig: RATIS/THREE, State:ALLOCATED, leaderId:, CreationTimestamp2021-11-05T13:00:07.011Z[Etc/UTC]].
2021-11-05 13:00:07,011 [RatisPipelineUtilsThread - 0] INFO  pipeline.PipelineManagerImpl (PipelineManagerImpl.java:recordMetricsForPipeline(620)) - Pipeline: PipelineID=31cdf347-9acf-41c8-b64f-46a48ff2b846 contains same datanodes as previous pipelines: PipelineID=bb7091f3-c5ce-4e13-86bd-5d93fa255116 nodeIds: 3ae4cb20-15ad-4779-a013-5b0fdc3aaee7, fa45fd2a-a6ef-4106-9a44-777d17a8e8f4, 76ef4e66-eace-4a3b-a369-d2a815523a61
2021-11-05 13:00:07,011 [RatisPipelineUtilsThread - 0] INFO  pipeline.PipelineManagerImpl (PipelineManagerImpl.java:recordMetricsForPipeline(620)) - Pipeline: PipelineID=31cdf347-9acf-41c8-b64f-46a48ff2b846 contains same datanodes as previous pipelines: PipelineID=4477d87b-15ba-4f68-ae12-22f5320889a7 nodeIds: 3ae4cb20-15ad-4779-a013-5b0fdc3aaee7, fa45fd2a-a6ef-4106-9a44-777d17a8e8f4, 76ef4e66-eace-4a3b-a369-d2a815523a61
2021-11-05 13:00:07,287 [Listener at 127.0.0.1/42119] INFO  ozone.MiniOzoneClusterImpl (MiniOzoneClusterImpl.java:lambda$waitForClusterToBeReady$0(235)) - Waiting for nodes to be ready. Got 3 of 7 DN Heartbeats.
2021-11-05 13:00:07,287 [Listener at 127.0.0.1/42119] INFO  ozone.MiniOzoneClusterImpl (MiniOzoneClusterImpl.java:lambda$waitForClusterToBeReady$0(238)) - Waiting for cluster to exit safe mode
2021-11-05 13:00:07,287 [Listener at 127.0.0.1/42119] INFO  ozone.MiniOzoneClusterImpl (MiniOzoneClusterImpl.java:lambda$waitForClusterToBeReady$0(240)) - SCM became leader
2021-11-05 13:00:07,488 [EndpointStateMachine task thread for /0.0.0.0:35591 - 0 ] INFO  ozoneimpl.OzoneContainer (OzoneContainer.java:start(304)) - Attempting to start container services.
2021-11-05 13:00:07,488 [EndpointStateMachine task thread for /0.0.0.0:35591 - 0 ] INFO  ozoneimpl.OzoneContainer (OzoneContainer.java:startContainerScrub(249)) - Background container scanner has been disabled.
2021-11-05 13:00:07,488 [EndpointStateMachine task thread for /0.0.0.0:35591 - 0 ] INFO  replication.ReplicationServer (ReplicationServer.java:start(107)) - ReplicationServer is started using port 40621
2021-11-05 13:00:07,528 [EndpointStateMachine task thread for /0.0.0.0:35591 - 0 ] INFO  ratis.XceiverServerRatis (XceiverServerRatis.java:start(484)) - Starting XceiverServerRatis 04351296-bb31-4c39-8b7c-2fcea1114805
2021-11-05 13:00:07,540 [EndpointStateMachine task thread for /0.0.0.0:35591 - 0 ] INFO  server.RaftServer (RaftServerProxy.java:lambda$start$5(374)) - 04351296-bb31-4c39-8b7c-2fcea1114805: start RPC server
2021-11-05 13:00:07,541 [EndpointStateMachine task thread for /0.0.0.0:35591 - 0 ] INFO  server.GrpcService (GrpcService.java:startImpl(253)) - 04351296-bb31-4c39-8b7c-2fcea1114805: GrpcService started, listening on 43337
2021-11-05 13:00:07,541 [EndpointStateMachine task thread for /0.0.0.0:35591 - 0 ] INFO  ratis.XceiverServerRatis (XceiverServerRatis.java:getRealPort(505)) - XceiverServerRatis 04351296-bb31-4c39-8b7c-2fcea1114805 is started using port 43337 for RATIS
2021-11-05 13:00:07,541 [EndpointStateMachine task thread for /0.0.0.0:35591 - 0 ] INFO  ratis.XceiverServerRatis (XceiverServerRatis.java:getRealPort(505)) - XceiverServerRatis 04351296-bb31-4c39-8b7c-2fcea1114805 is started using port 43337 for RATIS_ADMIN
2021-11-05 13:00:07,541 [EndpointStateMachine task thread for /0.0.0.0:35591 - 0 ] INFO  ratis.XceiverServerRatis (XceiverServerRatis.java:getRealPort(505)) - XceiverServerRatis 04351296-bb31-4c39-8b7c-2fcea1114805 is started using port 43337 for RATIS_SERVER
2021-11-05 13:00:07,541 [EndpointStateMachine task thread for /0.0.0.0:35591 - 0 ] INFO  server.XceiverServerGrpc (XceiverServerGrpc.java:start(135)) - XceiverServerGrpc 04351296-bb31-4c39-8b7c-2fcea1114805 is started using port 45289
2021-11-05 13:00:07,558 [org.apache.ratis.util.JvmPauseMonitor$$Lambda$531/328699815@640af704] INFO  util.JvmPauseMonitor (JvmPauseMonitor.java:run(103)) - JvmPauseMonitor-04351296-bb31-4c39-8b7c-2fcea1114805: Started
2021-11-05 13:00:07,753 [Command processor thread] INFO  server.RaftServer (RaftServerProxy.java:addNew(95)) - 76ef4e66-eace-4a3b-a369-d2a815523a61: addNew group-05B35D5AA406:[76ef4e66-eace-4a3b-a369-d2a815523a61|rpc:10.1.0.23:41987|priority:1] returns group-05B35D5AA406:java.util.concurrent.CompletableFuture@2948a2df[Not completed]
2021-11-05 13:00:07,754 [pool-521-thread-1] INFO  server.RaftServer$Division (RaftServerImpl.java:<init>(184)) - 76ef4e66-eace-4a3b-a369-d2a815523a61: new RaftServerImpl for group-05B35D5AA406:[76ef4e66-eace-4a3b-a369-d2a815523a61|rpc:10.1.0.23:41987|priority:1] with ContainerStateMachine:uninitialized
2021-11-05 13:00:07,800 [pool-521-thread-1] INFO  server.RaftServerConfigKeys (ConfUtils.java:logGet(44)) - raft.server.rpc.timeout.min = 5s (custom)
2021-11-05 13:00:07,800 [pool-521-thread-1] INFO  server.RaftServerConfigKeys (ConfUtils.java:logGet(44)) - raft.server.rpc.timeout.max = 5200ms (custom)
2021-11-05 13:00:07,800 [pool-521-thread-1] INFO  server.RaftServerConfigKeys (ConfUtils.java:logGet(44)) - raft.server.rpc.sleep.time = 25ms (default)
2021-11-05 13:00:07,800 [pool-521-thread-1] INFO  server.RaftServerConfigKeys (ConfUtils.java:logGet(44)) - raft.server.rpc.slowness.timeout = 300000ms (custom)
2021-11-05 13:00:07,800 [pool-521-thread-1] INFO  server.RaftServerConfigKeys (ConfUtils.java:logGet(44)) - raft.server.leaderelection.leader.step-down.wait-time = 10s (default)
2021-11-05 13:00:07,800 [pool-521-thread-1] INFO  server.RaftServerConfigKeys (ConfUtils.java:logGet(44)) - raft.server.sleep.deviation.threshold = 300ms (default)
2021-11-05 13:00:07,800 [pool-521-thread-1] INFO  server.RaftServerConfigKeys (ConfUtils.java:logGet(44)) - raft.server.log.appender.install.snapshot.enabled = false (custom)
2021-11-05 13:00:07,800 [pool-521-thread-1] INFO  server.RaftServer$Division (ServerState.java:<init>(105)) - 76ef4e66-eace-4a3b-a369-d2a815523a61@group-05B35D5AA406: ConfigurationManager, init=-1: [76ef4e66-eace-4a3b-a369-d2a815523a61|rpc:10.1.0.23:41987|priority:1], old=null, confs=<EMPTY_MAP>
2021-11-05 13:00:07,800 [pool-521-thread-1] INFO  server.RaftServerConfigKeys (ConfUtils.java:logGet(44)) - raft.server.storage.dir = [/home/runner/work/ozone/ozone/hadoop-ozone/integration-test/target/test-dir/MiniOzoneClusterImpl-bdf76210-3e21-404e-9e17-65b92aec9f1a/datanode-0/data/ratis] (custom)
2021-11-05 13:00:07,800 [pool-521-thread-1] INFO  server.RaftServerConfigKeys (ConfUtils.java:logGet(44)) - raft.server.log.corruption.policy = EXCEPTION (default)
2021-11-05 13:00:07,800 [pool-521-thread-1] INFO  server.RaftServerConfigKeys (ConfUtils.java:logGet(44)) - raft.server.storage.free-space.min = 0MB (=0) (default)
2021-11-05 13:00:07,800 [pool-521-thread-1] INFO  storage.RaftStorageDirectory (RaftStorageDirectoryImpl.java:analyzeStorage(135)) - The storage directory /home/runner/work/ozone/ozone/hadoop-ozone/integration-test/target/test-dir/MiniOzoneClusterImpl-bdf76210-3e21-404e-9e17-65b92aec9f1a/datanode-0/data/ratis/e2469dc0-4f58-4d76-a3f8-05b35d5aa406 does not exist. Creating ...
2021-11-05 13:00:07,805 [pool-521-thread-1] INFO  storage.RaftStorageDirectory (RaftStorageDirectoryImpl.java:tryLock(230)) - Lock on /home/runner/work/ozone/ozone/hadoop-ozone/integration-test/target/test-dir/MiniOzoneClusterImpl-bdf76210-3e21-404e-9e17-65b92aec9f1a/datanode-0/data/ratis/e2469dc0-4f58-4d76-a3f8-05b35d5aa406/in_use.lock acquired by nodename 10214@fv-az151-875
2021-11-05 13:00:07,806 [pool-521-thread-1] INFO  storage.RaftStorage (RaftStorageImpl.java:format(89)) - Storage directory /home/runner/work/ozone/ozone/hadoop-ozone/integration-test/target/test-dir/MiniOzoneClusterImpl-bdf76210-3e21-404e-9e17-65b92aec9f1a/datanode-0/data/ratis/e2469dc0-4f58-4d76-a3f8-05b35d5aa406 has been successfully formatted.
2021-11-05 13:00:07,807 [pool-521-thread-1] INFO  ratis.ContainerStateMachine (ContainerStateMachine.java:loadSnapshot(224)) - group-05B35D5AA406: The snapshot info is null. Setting the last applied indexto:(t:0, i:~)
2021-11-05 13:00:07,808 [pool-521-thread-1] INFO  server.RaftServerConfigKeys (ConfUtils.java:logGet(44)) - raft.server.notification.no-leader.timeout = 300000ms (custom)
2021-11-05 13:00:07,808 [pool-521-thread-1] INFO  server.RaftServerConfigKeys (ConfUtils.java:logGet(44)) - raft.server.log.use.memory = false (default)
2021-11-05 13:00:07,808 [pool-521-thread-1] INFO  server.RaftServerConfigKeys (ConfUtils.java:logGet(44)) - raft.server.log.purge.gap = 1000000 (custom)
2021-11-05 13:00:07,808 [pool-521-thread-1] INFO  server.RaftServerConfigKeys (ConfUtils.java:logGet(44)) - raft.server.log.appender.buffer.byte-limit = 33554432 (custom)
2021-11-05 13:00:07,808 [pool-521-thread-1] INFO  server.RaftServerConfigKeys (ConfUtils.java:logGet(44)) - raft.server.log.segment.size.max = 1048576 (custom)
2021-11-05 13:00:07,809 [pool-521-thread-1] INFO  server.RaftServerConfigKeys (ConfUtils.java:logGet(44)) - raft.server.log.segment.cache.num.max = 2 (custom)
2021-11-05 13:00:07,809 [pool-521-thread-1] INFO  server.RaftServerConfigKeys (ConfUtils.java:logGet(44)) - raft.server.log.segment.cache.size.max = 200MB (=209715200) (default)
2021-11-05 13:00:07,809 [pool-521-thread-1] INFO  segmented.SegmentedRaftLogWorker (SegmentedRaftLogWorker.java:<init>(182)) - new 76ef4e66-eace-4a3b-a369-d2a815523a61@group-05B35D5AA406-SegmentedRaftLogWorker for RaftStorageImpl:Storage Directory /home/runner/work/ozone/ozone/hadoop-ozone/integration-test/target/test-dir/MiniOzoneClusterImpl-bdf76210-3e21-404e-9e17-65b92aec9f1a/datanode-0/data/ratis/e2469dc0-4f58-4d76-a3f8-05b35d5aa406
2021-11-05 13:00:07,809 [pool-521-thread-1] INFO  server.RaftServerConfigKeys (ConfUtils.java:logGet(44)) - raft.server.log.queue.byte-limit = 2147483647 (custom)
2021-11-05 13:00:07,809 [pool-521-thread-1] INFO  server.RaftServerConfigKeys (ConfUtils.java:logGet(44)) - raft.server.log.queue.element-limit = 1024 (custom)
2021-11-05 13:00:07,809 [pool-521-thread-1] INFO  server.RaftServerConfigKeys (ConfUtils.java:logGet(44)) - raft.server.log.segment.size.max = 1048576 (custom)
2021-11-05 13:00:07,809 [pool-521-thread-1] INFO  server.RaftServerConfigKeys (ConfUtils.java:logGet(44)) - raft.server.log.preallocated.size = 16384 (custom)
2021-11-05 13:00:07,809 [pool-521-thread-1] INFO  server.RaftServerConfigKeys (ConfUtils.java:logGet(44)) - raft.server.log.force.sync.num = 128 (default)
2021-11-05 13:00:07,809 [pool-521-thread-1] INFO  server.RaftServerConfigKeys (ConfUtils.java:logGet(44)) - raft.server.log.statemachine.data.sync = true (default)
2021-11-05 13:00:07,809 [pool-521-thread-1] INFO  server.RaftServerConfigKeys (ConfUtils.java:logGet(44)) - raft.server.log.statemachine.data.sync.timeout = 10s (default)
2021-11-05 13:00:07,809 [pool-521-thread-1] INFO  server.RaftServerConfigKeys (ConfUtils.java:logGet(44)) - raft.server.log.statemachine.data.sync.timeout.retry = -1 (default)
2021-11-05 13:00:07,811 [EventQueue-PipelineReportForPipelineReportHandler] INFO  pipeline.PipelineManagerImpl (PipelineManagerImpl.java:openPipeline(289)) - Pipeline Pipeline[ Id: e2469dc0-4f58-4d76-a3f8-05b35d5aa406, Nodes: 76ef4e66-eace-4a3b-a369-d2a815523a61{ip: 10.1.0.23, host: fv-az151-875.yf2hydr00wburbhx3j5hxtcipe.bx.internal.cloudapp.net, ports: [REPLICATION=43087, RATIS=41987, RATIS_ADMIN=41987, RATIS_SERVER=41987, STANDALONE=45779], networkLocation: /default-rack, certSerialId: null, persistedOpState: IN_SERVICE, persistedOpStateExpiryEpochSec: 0}, ReplicationConfig: RATIS/ONE, State:ALLOCATED, leaderId:76ef4e66-eace-4a3b-a369-d2a815523a61, CreationTimestamp2021-11-05T13:00:04.792Z[Etc/UTC]] moved to OPEN state
2021-11-05 13:00:07,844 [pool-521-thread-1] INFO  server.RaftServerConfigKeys (ConfUtils.java:logGet(44)) - raft.server.log.write.buffer.size = 1048576 (custom)
2021-11-05 13:00:07,845 [pool-521-thread-1] INFO  server.RaftServerConfigKeys (ConfUtils.java:logGet(44)) - raft.server.log.statemachine.data.caching.enabled = true (custom)
2021-11-05 13:00:07,845 [pool-521-thread-1] INFO  segmented.SegmentedRaftLogWorker (SegmentedRaftLogWorker.java:lambda$new$0(133)) - 76ef4e66-eace-4a3b-a369-d2a815523a61@group-05B35D5AA406-SegmentedRaftLogWorker: flushIndex: setUnconditionally 0 -> -1
2021-11-05 13:00:07,845 [pool-521-thread-1] INFO  segmented.SegmentedRaftLogWorker (SegmentedRaftLogWorker.java:lambda$new$0(133)) - 76ef4e66-eace-4a3b-a369-d2a815523a61@group-05B35D5AA406-SegmentedRaftLogWorker: safeCacheEvictIndex: setUnconditionally 0 -> -1
2021-11-05 13:00:07,849 [pool-521-thread-1] INFO  server.RaftServerConfigKeys (ConfUtils.java:logGet(44)) - raft.server.snapshot.auto.trigger.enabled = true (custom)
2021-11-05 13:00:07,849 [pool-521-thread-1] INFO  server.RaftServerConfigKeys (ConfUtils.java:logGet(44)) - raft.server.snapshot.auto.trigger.threshold = 10000 (custom)
2021-11-05 13:00:07,849 [pool-521-thread-1] INFO  server.RaftServerConfigKeys (ConfUtils.java:logGet(44)) - raft.server.snapshot.retention.file.num = 5 (custom)
2021-11-05 13:00:07,849 [pool-521-thread-1] INFO  server.RaftServerConfigKeys (ConfUtils.java:logGet(44)) - raft.server.log.purge.upto.snapshot.index = false (default)
2021-11-05 13:00:07,849 [pool-521-thread-1] INFO  server.RaftServerConfigKeys (ConfUtils.java:logGet(44)) - raft.server.retrycache.expirytime = 600000ms (custom)
2021-11-05 13:00:07,849 [pool-521-thread-1] INFO  server.RaftServerConfigKeys (ConfUtils.java:logGet(44)) - raft.server.retrycache.statistics.expirytime = 100μs (default)
2021-11-05 13:00:07,853 [pool-521-thread-1] INFO  server.RaftServer$Division (RaftServerImpl.java:start(301)) - 76ef4e66-eace-4a3b-a369-d2a815523a61@group-05B35D5AA406: start as a follower, conf=-1: [76ef4e66-eace-4a3b-a369-d2a815523a61|rpc:10.1.0.23:41987|priority:1], old=null
2021-11-05 13:00:07,853 [pool-521-thread-1] INFO  server.RaftServer$Division (RaftServerImpl.java:setRole(290)) - 76ef4e66-eace-4a3b-a369-d2a815523a61@group-05B35D5AA406: changes role from      null to FOLLOWER at term 0 for startAsFollower
2021-11-05 13:00:07,854 [pool-521-thread-1] INFO  impl.RoleInfo (RoleInfo.java:updateAndGet(130)) - 76ef4e66-eace-4a3b-a369-d2a815523a61: start 76ef4e66-eace-4a3b-a369-d2a815523a61@group-05B35D5AA406-FollowerState
2021-11-05 13:00:07,854 [pool-521-thread-1] INFO  util.JmxRegister (JmxRegister.java:tryRegister(44)) - Successfully registered JMX Bean with object name Ratis:service=RaftServer,group=group-05B35D5AA406,id=76ef4e66-eace-4a3b-a369-d2a815523a61
2021-11-05 13:00:07,880 [EventQueue-OpenPipelineForHealthyPipelineSafeModeRule] INFO  safemode.SCMSafeModeManager (HealthyPipelineSafeModeRule.java:process(124)) - SCM in safe mode. Healthy pipelines reported count is 0, required healthy pipeline reported count is 1
2021-11-05 13:00:07,901 [Command processor thread] INFO  ratis.XceiverServerRatis (XceiverServerRatis.java:addGroup(768)) - Created group PipelineID=e2469dc0-4f58-4d76-a3f8-05b35d5aa406
2021-11-05 13:00:07,940 [Command processor thread] INFO  commandhandler.CreatePipelineCommandHandler (CreatePipelineCommandHandler.java:handle(106)) - Created Pipeline RATIS ONE PipelineID=e2469dc0-4f58-4d76-a3f8-05b35d5aa406.
2021-11-05 13:00:07,940 [Command processor thread] INFO  server.RaftServer (RaftServerProxy.java:addNew(95)) - 76ef4e66-eace-4a3b-a369-d2a815523a61: addNew group-5D93FA255116:[76ef4e66-eace-4a3b-a369-d2a815523a61|rpc:10.1.0.23:41987|priority:0, fa45fd2a-a6ef-4106-9a44-777d17a8e8f4|rpc:10.1.0.23:43989|priority:0, 3ae4cb20-15ad-4779-a013-5b0fdc3aaee7|rpc:10.1.0.23:35115|priority:1] returns group-5D93FA255116:java.util.concurrent.CompletableFuture@2d77232e[Not completed]
2021-11-05 13:00:07,940 [pool-521-thread-1] INFO  server.RaftServer$Division (RaftServerImpl.java:<init>(184)) - 76ef4e66-eace-4a3b-a369-d2a815523a61: new RaftServerImpl for group-5D93FA255116:[76ef4e66-eace-4a3b-a369-d2a815523a61|rpc:10.1.0.23:41987|priority:0, fa45fd2a-a6ef-4106-9a44-777d17a8e8f4|rpc:10.1.0.23:43989|priority:0, 3ae4cb20-15ad-4779-a013-5b0fdc3aaee7|rpc:10.1.0.23:35115|priority:1] with ContainerStateMachine:uninitialized
2021-11-05 13:00:07,941 [pool-521-thread-1] INFO  server.RaftServerConfigKeys (ConfUtils.java:logGet(44)) - raft.server.rpc.timeout.min = 5s (custom)
2021-11-05 13:00:07,941 [pool-521-thread-1] INFO  server.RaftServerConfigKeys (ConfUtils.java:logGet(44)) - raft.server.rpc.timeout.max = 5200ms (custom)
2021-11-05 13:00:07,941 [pool-521-thread-1] INFO  server.RaftServerConfigKeys (ConfUtils.java:logGet(44)) - raft.server.rpc.sleep.time = 25ms (default)
2021-11-05 13:00:07,941 [pool-521-thread-1] INFO  server.RaftServerConfigKeys (ConfUtils.java:logGet(44)) - raft.server.rpc.slowness.timeout = 300000ms (custom)
2021-11-05 13:00:07,941 [pool-521-thread-1] INFO  server.RaftServerConfigKeys (ConfUtils.java:logGet(44)) - raft.server.leaderelection.leader.step-down.wait-time = 10s (default)
2021-11-05 13:00:07,941 [pool-521-thread-1] INFO  server.RaftServerConfigKeys (ConfUtils.java:logGet(44)) - raft.server.sleep.deviation.threshold = 300ms (default)
2021-11-05 13:00:07,941 [pool-521-thread-1] INFO  server.RaftServerConfigKeys (ConfUtils.java:logGet(44)) - raft.server.log.appender.install.snapshot.enabled = false (custom)
2021-11-05 13:00:07,941 [pool-521-thread-1] INFO  server.RaftServer$Division (ServerState.java:<init>(105)) - 76ef4e66-eace-4a3b-a369-d2a815523a61@group-5D93FA255116: ConfigurationManager, init=-1: [76ef4e66-eace-4a3b-a369-d2a815523a61|rpc:10.1.0.23:41987|priority:0, fa45fd2a-a6ef-4106-9a44-777d17a8e8f4|rpc:10.1.0.23:43989|priority:0, 3ae4cb20-15ad-4779-a013-5b0fdc3aaee7|rpc:10.1.0.23:35115|priority:1], old=null, confs=<EMPTY_MAP>
2021-11-05 13:00:07,941 [pool-521-thread-1] INFO  server.RaftServerConfigKeys (ConfUtils.java:logGet(44)) - raft.server.storage.dir = [/home/runner/work/ozone/ozone/hadoop-ozone/integration-test/target/test-dir/MiniOzoneClusterImpl-bdf76210-3e21-404e-9e17-65b92aec9f1a/datanode-0/data/ratis] (custom)
2021-11-05 13:00:07,941 [pool-521-thread-1] INFO  server.RaftServerConfigKeys (ConfUtils.java:logGet(44)) - raft.server.log.corruption.policy = EXCEPTION (default)
2021-11-05 13:00:07,941 [pool-521-thread-1] INFO  server.RaftServerConfigKeys (ConfUtils.java:logGet(44)) - raft.server.storage.free-space.min = 0MB (=0) (default)
2021-11-05 13:00:07,941 [pool-521-thread-1] INFO  storage.RaftStorageDirectory (RaftStorageDirectoryImpl.java:analyzeStorage(135)) - The storage directory /home/runner/work/ozone/ozone/hadoop-ozone/integration-test/target/test-dir/MiniOzoneClusterImpl-bdf76210-3e21-404e-9e17-65b92aec9f1a/datanode-0/data/ratis/bb7091f3-c5ce-4e13-86bd-5d93fa255116 does not exist. Creating ...
2021-11-05 13:00:07,948 [IPC Server handler 14 on default port 35591] INFO  net.NetworkTopologyImpl (NetworkTopologyImpl.java:add(112)) - Added a new node: /default-rack/fae3de48-3e9f-4cc7-8f85-17bb385fc42a
2021-11-05 13:00:07,949 [IPC Server handler 14 on default port 35591] INFO  node.SCMNodeManager (SCMNodeManager.java:register(389)) - Registered Data node : fae3de48-3e9f-4cc7-8f85-17bb385fc42a{ip: 10.1.0.23, host: fv-az151-875.yf2hydr00wburbhx3j5hxtcipe.bx.internal.cloudapp.net, ports: [REPLICATION=35371, RATIS=41205, RATIS_ADMIN=41205, RATIS_SERVER=41205, STANDALONE=45749], networkLocation: /default-rack, certSerialId: null, persistedOpState: null, persistedOpStateExpiryEpochSec: 0}
2021-11-05 13:00:07,949 [pool-521-thread-1] INFO  storage.RaftStorageDirectory (RaftStorageDirectoryImpl.java:tryLock(230)) - Lock on /home/runner/work/ozone/ozone/hadoop-ozone/integration-test/target/test-dir/MiniOzoneClusterImpl-bdf76210-3e21-404e-9e17-65b92aec9f1a/datanode-0/data/ratis/bb7091f3-c5ce-4e13-86bd-5d93fa255116/in_use.lock acquired by nodename 10214@fv-az151-875
2021-11-05 13:00:07,949 [EventQueue-NewNodeForNewNodeHandler] INFO  pipeline.BackgroundPipelineCreator (BackgroundPipelineCreator.java:notifyEventTriggered(285)) - trigger a one-shot run on RatisPipelineUtilsThread.
2021-11-05 13:00:07,949 [RatisPipelineUtilsThread - 0] INFO  pipeline.RatisPipelineProvider (RatisPipelineProvider.java:lambda$create$0(183)) - Sending CreatePipelineCommand for pipeline:PipelineID=5ffd143b-b608-4c45-a055-0448bf33db77 to datanode:fae3de48-3e9f-4cc7-8f85-17bb385fc42a
2021-11-05 13:00:07,950 [RatisPipelineUtilsThread - 0] INFO  pipeline.PipelineStateManagerImpl (PipelineStateManagerImpl.java:addPipeline(101)) - Created pipeline Pipeline[ Id: 5ffd143b-b608-4c45-a055-0448bf33db77, Nodes: fae3de48-3e9f-4cc7-8f85-17bb385fc42a{ip: 10.1.0.23, host: fv-az151-875.yf2hydr00wburbhx3j5hxtcipe.bx.internal.cloudapp.net, ports: [REPLICATION=35371, RATIS=41205, RATIS_ADMIN=41205, RATIS_SERVER=41205, STANDALONE=45749], networkLocation: /default-rack, certSerialId: null, persistedOpState: IN_SERVICE, persistedOpStateExpiryEpochSec: 0}, ReplicationConfig: RATIS/ONE, State:ALLOCATED, leaderId:, CreationTimestamp2021-11-05T13:00:07.949Z[Etc/UTC]].
2021-11-05 13:00:07,956 [pool-521-thread-1] INFO  storage.RaftStorage (RaftStorageImpl.java:format(89)) - Storage directory /home/runner/work/ozone/ozone/hadoop-ozone/integration-test/target/test-dir/MiniOzoneClusterImpl-bdf76210-3e21-404e-9e17-65b92aec9f1a/datanode-0/data/ratis/bb7091f3-c5ce-4e13-86bd-5d93fa255116 has been successfully formatted.
2021-11-05 13:00:07,981 [pool-521-thread-1] INFO  ratis.ContainerStateMachine (ContainerStateMachine.java:loadSnapshot(224)) - group-5D93FA255116: The snapshot info is null. Setting the last applied indexto:(t:0, i:~)
2021-11-05 13:00:07,981 [pool-521-thread-1] INFO  server.RaftServerConfigKeys (ConfUtils.java:logGet(44)) - raft.server.notification.no-leader.timeout = 300000ms (custom)
2021-11-05 13:00:07,981 [pool-521-thread-1] INFO  server.RaftServerConfigKeys (ConfUtils.java:logGet(44)) - raft.server.log.use.memory = false (default)
2021-11-05 13:00:07,981 [pool-521-thread-1] INFO  server.RaftServerConfigKeys (ConfUtils.java:logGet(44)) - raft.server.log.purge.gap = 1000000 (custom)
2021-11-05 13:00:07,981 [pool-521-thread-1] INFO  server.RaftServerConfigKeys (ConfUtils.java:logGet(44)) - raft.server.log.appender.buffer.byte-limit = 33554432 (custom)
2021-11-05 13:00:07,981 [pool-521-thread-1] INFO  server.RaftServerConfigKeys (ConfUtils.java:logGet(44)) - raft.server.log.segment.size.max = 1048576 (custom)
2021-11-05 13:00:07,982 [pool-521-thread-1] INFO  server.RaftServerConfigKeys (ConfUtils.java:logGet(44)) - raft.server.log.segment.cache.num.max = 2 (custom)
2021-11-05 13:00:07,982 [pool-521-thread-1] INFO  server.RaftServerConfigKeys (ConfUtils.java:logGet(44)) - raft.server.log.segment.cache.size.max = 200MB (=209715200) (default)
2021-11-05 13:00:07,982 [pool-521-thread-1] INFO  segmented.SegmentedRaftLogWorker (SegmentedRaftLogWorker.java:<init>(182)) - new 76ef4e66-eace-4a3b-a369-d2a815523a61@group-5D93FA255116-SegmentedRaftLogWorker for RaftStorageImpl:Storage Directory /home/runner/work/ozone/ozone/hadoop-ozone/integration-test/target/test-dir/MiniOzoneClusterImpl-bdf76210-3e21-404e-9e17-65b92aec9f1a/datanode-0/data/ratis/bb7091f3-c5ce-4e13-86bd-5d93fa255116
2021-11-05 13:00:07,982 [pool-521-thread-1] INFO  server.RaftServerConfigKeys (ConfUtils.java:logGet(44)) - raft.server.log.queue.byte-limit = 2147483647 (custom)
2021-11-05 13:00:07,982 [pool-521-thread-1] INFO  server.RaftServerConfigKeys (ConfUtils.java:logGet(44)) - raft.server.log.queue.element-limit = 1024 (custom)
2021-11-05 13:00:07,982 [pool-521-thread-1] INFO  server.RaftServerConfigKeys (ConfUtils.java:logGet(44)) - raft.server.log.segment.size.max = 1048576 (custom)
2021-11-05 13:00:07,982 [pool-521-thread-1] INFO  server.RaftServerConfigKeys (ConfUtils.java:logGet(44)) - raft.server.log.preallocated.size = 16384 (custom)
2021-11-05 13:00:07,982 [pool-521-thread-1] INFO  server.RaftServerConfigKeys (ConfUtils.java:logGet(44)) - raft.server.log.force.sync.num = 128 (default)
2021-11-05 13:00:07,982 [pool-521-thread-1] INFO  server.RaftServerConfigKeys (ConfUtils.java:logGet(44)) - raft.server.log.statemachine.data.sync = true (default)
2021-11-05 13:00:07,982 [pool-521-thread-1] INFO  server.RaftServerConfigKeys (ConfUtils.java:logGet(44)) - raft.server.log.statemachine.data.sync.timeout = 10s (default)
2021-11-05 13:00:07,982 [pool-521-thread-1] INFO  server.RaftServerConfigKeys (ConfUtils.java:logGet(44)) - raft.server.log.statemachine.data.sync.timeout.retry = -1 (default)
2021-11-05 13:00:07,983 [pool-521-thread-1] INFO  server.RaftServerConfigKeys (ConfUtils.java:logGet(44)) - raft.server.log.write.buffer.size = 1048576 (custom)
2021-11-05 13:00:07,984 [pool-521-thread-1] INFO  server.RaftServerConfigKeys (ConfUtils.java:logGet(44)) - raft.server.log.statemachine.data.caching.enabled = true (custom)
2021-11-05 13:00:07,984 [pool-521-thread-1] INFO  segmented.SegmentedRaftLogWorker (SegmentedRaftLogWorker.java:lambda$new$0(133)) - 76ef4e66-eace-4a3b-a369-d2a815523a61@group-5D93FA255116-SegmentedRaftLogWorker: flushIndex: setUnconditionally 0 -> -1
2021-11-05 13:00:07,984 [pool-521-thread-1] INFO  segmented.SegmentedRaftLogWorker (SegmentedRaftLogWorker.java:lambda$new$0(133)) - 76ef4e66-eace-4a3b-a369-d2a815523a61@group-5D93FA255116-SegmentedRaftLogWorker: safeCacheEvictIndex: setUnconditionally 0 -> -1
2021-11-05 13:00:07,985 [pool-521-thread-1] INFO  server.RaftServerConfigKeys (ConfUtils.java:logGet(44)) - raft.server.snapshot.auto.trigger.enabled = true (custom)
2021-11-05 13:00:07,985 [pool-521-thread-1] INFO  server.RaftServerConfigKeys (ConfUtils.java:logGet(44)) - raft.server.snapshot.auto.trigger.threshold = 10000 (custom)
2021-11-05 13:00:07,985 [pool-521-thread-1] INFO  server.RaftServerConfigKeys (ConfUtils.java:logGet(44)) - raft.server.snapshot.retention.file.num = 5 (custom)
2021-11-05 13:00:07,985 [pool-521-thread-1] INFO  server.RaftServerConfigKeys (ConfUtils.java:logGet(44)) - raft.server.log.purge.upto.snapshot.index = false (default)
2021-11-05 13:00:07,985 [pool-521-thread-1] INFO  server.RaftServerConfigKeys (ConfUtils.java:logGet(44)) - raft.server.retrycache.expirytime = 600000ms (custom)
2021-11-05 13:00:07,985 [pool-521-thread-1] INFO  server.RaftServerConfigKeys (ConfUtils.java:logGet(44)) - raft.server.retrycache.statistics.expirytime = 100μs (default)
2021-11-05 13:00:07,985 [EventQueue-OpenPipelineForHealthyPipelineSafeModeRule] INFO  safemode.SCMSafeModeManager (HealthyPipelineSafeModeRule.java:process(124)) - SCM in safe mode. Healthy pipelines reported count is 0, required healthy pipeline reported count is 1
2021-11-05 13:00:08,004 [pool-521-thread-1] INFO  server.RaftServer$Division (RaftServerImpl.java:start(301)) - 76ef4e66-eace-4a3b-a369-d2a815523a61@group-5D93FA255116: start as a follower, conf=-1: [76ef4e66-eace-4a3b-a369-d2a815523a61|rpc:10.1.0.23:41987|priority:0, fa45fd2a-a6ef-4106-9a44-777d17a8e8f4|rpc:10.1.0.23:43989|priority:0, 3ae4cb20-15ad-4779-a013-5b0fdc3aaee7|rpc:10.1.0.23:35115|priority:1], old=null
2021-11-05 13:00:08,004 [pool-521-thread-1] INFO  server.RaftServer$Division (RaftServerImpl.java:setRole(290)) - 76ef4e66-eace-4a3b-a369-d2a815523a61@group-5D93FA255116: changes role from      null to FOLLOWER at term 0 for startAsFollower
2021-11-05 13:00:08,004 [pool-521-thread-1] INFO  impl.RoleInfo (RoleInfo.java:updateAndGet(130)) - 76ef4e66-eace-4a3b-a369-d2a815523a61: start 76ef4e66-eace-4a3b-a369-d2a815523a61@group-5D93FA255116-FollowerState
2021-11-05 13:00:08,005 [pool-521-thread-1] INFO  util.JmxRegister (JmxRegister.java:tryRegister(44)) - Successfully registered JMX Bean with object name Ratis:service=RaftServer,group=group-5D93FA255116,id=76ef4e66-eace-4a3b-a369-d2a815523a61
2021-11-05 13:00:08,005 [Command processor thread] INFO  ratis.XceiverServerRatis (XceiverServerRatis.java:addGroup(768)) - Created group PipelineID=bb7091f3-c5ce-4e13-86bd-5d93fa255116
2021-11-05 13:00:08,032 [grpc-default-executor-3] INFO  server.RaftServer (RaftServerProxy.java:addNew(95)) - fa45fd2a-a6ef-4106-9a44-777d17a8e8f4: addNew group-5D93FA255116:[76ef4e66-eace-4a3b-a369-d2a815523a61|rpc:10.1.0.23:41987|dataStream:|priority:0, fa45fd2a-a6ef-4106-9a44-777d17a8e8f4|rpc:10.1.0.23:43989|dataStream:|priority:0, 3ae4cb20-15ad-4779-a013-5b0fdc3aaee7|rpc:10.1.0.23:35115|dataStream:|priority:1] returns group-5D93FA255116:java.util.concurrent.CompletableFuture@21228a6d[Not completed]
2021-11-05 13:00:08,032 [pool-540-thread-1] INFO  server.RaftServer$Division (RaftServerImpl.java:<init>(184)) - fa45fd2a-a6ef-4106-9a44-777d17a8e8f4: new RaftServerImpl for group-5D93FA255116:[76ef4e66-eace-4a3b-a369-d2a815523a61|rpc:10.1.0.23:41987|dataStream:|priority:0, fa45fd2a-a6ef-4106-9a44-777d17a8e8f4|rpc:10.1.0.23:43989|dataStream:|priority:0, 3ae4cb20-15ad-4779-a013-5b0fdc3aaee7|rpc:10.1.0.23:35115|dataStream:|priority:1] with ContainerStateMachine:uninitialized
2021-11-05 13:00:08,033 [pool-540-thread-1] INFO  server.RaftServerConfigKeys (ConfUtils.java:logGet(44)) - raft.server.rpc.timeout.min = 5s (custom)
2021-11-05 13:00:08,033 [pool-540-thread-1] INFO  server.RaftServerConfigKeys (ConfUtils.java:logGet(44)) - raft.server.rpc.timeout.max = 5200ms (custom)
2021-11-05 13:00:08,033 [pool-540-thread-1] INFO  server.RaftServerConfigKeys (ConfUtils.java:logGet(44)) - raft.server.rpc.sleep.time = 25ms (default)
2021-11-05 13:00:08,033 [pool-540-thread-1] INFO  server.RaftServerConfigKeys (ConfUtils.java:logGet(44)) - raft.server.rpc.slowness.timeout = 300000ms (custom)
2021-11-05 13:00:08,033 [pool-540-thread-1] INFO  server.RaftServerConfigKeys (ConfUtils.java:logGet(44)) - raft.server.leaderelection.leader.step-down.wait-time = 10s (default)
2021-11-05 13:00:08,033 [pool-540-thread-1] INFO  server.RaftServerConfigKeys (ConfUtils.java:logGet(44)) - raft.server.sleep.deviation.threshold = 300ms (default)
2021-11-05 13:00:08,033 [pool-540-thread-1] INFO  server.RaftServerConfigKeys (ConfUtils.java:logGet(44)) - raft.server.log.appender.install.snapshot.enabled = false (custom)
2021-11-05 13:00:08,033 [pool-540-thread-1] INFO  server.RaftServer$Division (ServerState.java:<init>(105)) - fa45fd2a-a6ef-4106-9a44-777d17a8e8f4@group-5D93FA255116: ConfigurationManager, init=-1: [76ef4e66-eace-4a3b-a369-d2a815523a61|rpc:10.1.0.23:41987|dataStream:|priority:0, fa45fd2a-a6ef-4106-9a44-777d17a8e8f4|rpc:10.1.0.23:43989|dataStream:|priority:0, 3ae4cb20-15ad-4779-a013-5b0fdc3aaee7|rpc:10.1.0.23:35115|dataStream:|priority:1], old=null, confs=<EMPTY_MAP>
2021-11-05 13:00:08,033 [pool-540-thread-1] INFO  server.RaftServerConfigKeys (ConfUtils.java:logGet(44)) - raft.server.storage.dir = [/home/runner/work/ozone/ozone/hadoop-ozone/integration-test/target/test-dir/MiniOzoneClusterImpl-bdf76210-3e21-404e-9e17-65b92aec9f1a/datanode-1/data/ratis] (custom)
2021-11-05 13:00:08,033 [pool-540-thread-1] INFO  server.RaftServerConfigKeys (ConfUtils.java:logGet(44)) - raft.server.log.corruption.policy = EXCEPTION (default)
2021-11-05 13:00:08,033 [pool-540-thread-1] INFO  server.RaftServerConfigKeys (ConfUtils.java:logGet(44)) - raft.server.storage.free-space.min = 0MB (=0) (default)
2021-11-05 13:00:08,034 [pool-540-thread-1] INFO  storage.RaftStorageDirectory (RaftStorageDirectoryImpl.java:analyzeStorage(135)) - The storage directory /home/runner/work/ozone/ozone/hadoop-ozone/integration-test/target/test-dir/MiniOzoneClusterImpl-bdf76210-3e21-404e-9e17-65b92aec9f1a/datanode-1/data/ratis/bb7091f3-c5ce-4e13-86bd-5d93fa255116 does not exist. Creating ...
2021-11-05 13:00:08,088 [pool-540-thread-1] INFO  storage.RaftStorageDirectory (RaftStorageDirectoryImpl.java:tryLock(230)) - Lock on /home/runner/work/ozone/ozone/hadoop-ozone/integration-test/target/test-dir/MiniOzoneClusterImpl-bdf76210-3e21-404e-9e17-65b92aec9f1a/datanode-1/data/ratis/bb7091f3-c5ce-4e13-86bd-5d93fa255116/in_use.lock acquired by nodename 10214@fv-az151-875
2021-11-05 13:00:08,104 [pool-540-thread-1] INFO  storage.RaftStorage (RaftStorageImpl.java:format(89)) - Storage directory /home/runner/work/ozone/ozone/hadoop-ozone/integration-test/target/test-dir/MiniOzoneClusterImpl-bdf76210-3e21-404e-9e17-65b92aec9f1a/datanode-1/data/ratis/bb7091f3-c5ce-4e13-86bd-5d93fa255116 has been successfully formatted.
2021-11-05 13:00:08,109 [pool-540-thread-1] INFO  ratis.ContainerStateMachine (ContainerStateMachine.java:loadSnapshot(224)) - group-5D93FA255116: The snapshot info is null. Setting the last applied indexto:(t:0, i:~)
2021-11-05 13:00:08,109 [pool-540-thread-1] INFO  server.RaftServerConfigKeys (ConfUtils.java:logGet(44)) - raft.server.notification.no-leader.timeout = 300000ms (custom)
2021-11-05 13:00:08,109 [pool-540-thread-1] INFO  server.RaftServerConfigKeys (ConfUtils.java:logGet(44)) - raft.server.log.use.memory = false (default)
2021-11-05 13:00:08,109 [pool-540-thread-1] INFO  server.RaftServerConfigKeys (ConfUtils.java:logGet(44)) - raft.server.log.purge.gap = 1000000 (custom)
2021-11-05 13:00:08,109 [pool-540-thread-1] INFO  server.RaftServerConfigKeys (ConfUtils.java:logGet(44)) - raft.server.log.appender.buffer.byte-limit = 33554432 (custom)
2021-11-05 13:00:08,109 [pool-540-thread-1] INFO  server.RaftServerConfigKeys (ConfUtils.java:logGet(44)) - raft.server.log.segment.size.max = 1048576 (custom)
2021-11-05 13:00:08,110 [pool-540-thread-1] INFO  server.RaftServerConfigKeys (ConfUtils.java:logGet(44)) - raft.server.log.segment.cache.num.max = 2 (custom)
2021-11-05 13:00:08,110 [pool-540-thread-1] INFO  server.RaftServerConfigKeys (ConfUtils.java:logGet(44)) - raft.server.log.segment.cache.size.max = 200MB (=209715200) (default)
2021-11-05 13:00:08,110 [pool-540-thread-1] INFO  segmented.SegmentedRaftLogWorker (SegmentedRaftLogWorker.java:<init>(182)) - new fa45fd2a-a6ef-4106-9a44-777d17a8e8f4@group-5D93FA255116-SegmentedRaftLogWorker for RaftStorageImpl:Storage Directory /home/runner/work/ozone/ozone/hadoop-ozone/integration-test/target/test-dir/MiniOzoneClusterImpl-bdf76210-3e21-404e-9e17-65b92aec9f1a/datanode-1/data/ratis/bb7091f3-c5ce-4e13-86bd-5d93fa255116
2021-11-05 13:00:08,110 [pool-540-thread-1] INFO  server.RaftServerConfigKeys (ConfUtils.java:logGet(44)) - raft.server.log.queue.byte-limit = 2147483647 (custom)
2021-11-05 13:00:08,110 [pool-540-thread-1] INFO  server.RaftServerConfigKeys (ConfUtils.java:logGet(44)) - raft.server.log.queue.element-limit = 1024 (custom)
2021-11-05 13:00:08,110 [pool-540-thread-1] INFO  server.RaftServerConfigKeys (ConfUtils.java:logGet(44)) - raft.server.log.segment.size.max = 1048576 (custom)
2021-11-05 13:00:08,110 [pool-540-thread-1] INFO  server.RaftServerConfigKeys (ConfUtils.java:logGet(44)) - raft.server.log.preallocated.size = 16384 (custom)
2021-11-05 13:00:08,110 [pool-540-thread-1] INFO  server.RaftServerConfigKeys (ConfUtils.java:logGet(44)) - raft.server.log.force.sync.num = 128 (default)
2021-11-05 13:00:08,110 [pool-540-thread-1] INFO  server.RaftServerConfigKeys (ConfUtils.java:logGet(44)) - raft.server.log.statemachine.data.sync = true (default)
2021-11-05 13:00:08,110 [pool-540-thread-1] INFO  server.RaftServerConfigKeys (ConfUtils.java:logGet(44)) - raft.server.log.statemachine.data.sync.timeout = 10s (default)
2021-11-05 13:00:08,110 [pool-540-thread-1] INFO  server.RaftServerConfigKeys (ConfUtils.java:logGet(44)) - raft.server.log.statemachine.data.sync.timeout.retry = -1 (default)
2021-11-05 13:00:08,111 [pool-540-thread-1] INFO  server.RaftServerConfigKeys (ConfUtils.java:logGet(44)) - raft.server.log.write.buffer.size = 1048576 (custom)
2021-11-05 13:00:08,111 [pool-540-thread-1] INFO  server.RaftServerConfigKeys (ConfUtils.java:logGet(44)) - raft.server.log.statemachine.data.caching.enabled = true (custom)
2021-11-05 13:00:08,111 [pool-540-thread-1] INFO  segmented.SegmentedRaftLogWorker (SegmentedRaftLogWorker.java:lambda$new$0(133)) - fa45fd2a-a6ef-4106-9a44-777d17a8e8f4@group-5D93FA255116-SegmentedRaftLogWorker: flushIndex: setUnconditionally 0 -> -1
2021-11-05 13:00:08,111 [pool-540-thread-1] INFO  segmented.SegmentedRaftLogWorker (SegmentedRaftLogWorker.java:lambda$new$0(133)) - fa45fd2a-a6ef-4106-9a44-777d17a8e8f4@group-5D93FA255116-SegmentedRaftLogWorker: safeCacheEvictIndex: setUnconditionally 0 -> -1
2021-11-05 13:00:08,112 [pool-540-thread-1] INFO  server.RaftServerConfigKeys (ConfUtils.java:logGet(44)) - raft.server.snapshot.auto.trigger.enabled = true (custom)
2021-11-05 13:00:08,112 [pool-540-thread-1] INFO  server.RaftServerConfigKeys (ConfUtils.java:logGet(44)) - raft.server.snapshot.auto.trigger.threshold = 10000 (custom)
2021-11-05 13:00:08,112 [pool-540-thread-1] INFO  server.RaftServerConfigKeys (ConfUtils.java:logGet(44)) - raft.server.snapshot.retention.file.num = 5 (custom)
2021-11-05 13:00:08,112 [pool-540-thread-1] INFO  server.RaftServerConfigKeys (ConfUtils.java:logGet(44)) - raft.server.log.purge.upto.snapshot.index = false (default)
2021-11-05 13:00:08,112 [pool-540-thread-1] INFO  server.RaftServerConfigKeys (ConfUtils.java:logGet(44)) - raft.server.retrycache.expirytime = 600000ms (custom)
2021-11-05 13:00:08,112 [pool-540-thread-1] INFO  server.RaftServerConfigKeys (ConfUtils.java:logGet(44)) - raft.server.retrycache.statistics.expirytime = 100μs (default)
2021-11-05 13:00:08,114 [pool-540-thread-1] INFO  server.RaftServer$Division (RaftServerImpl.java:start(301)) - fa45fd2a-a6ef-4106-9a44-777d17a8e8f4@group-5D93FA255116: start as a follower, conf=-1: [76ef4e66-eace-4a3b-a369-d2a815523a61|rpc:10.1.0.23:41987|dataStream:|priority:0, fa45fd2a-a6ef-4106-9a44-777d17a8e8f4|rpc:10.1.0.23:43989|dataStream:|priority:0, 3ae4cb20-15ad-4779-a013-5b0fdc3aaee7|rpc:10.1.0.23:35115|dataStream:|priority:1], old=null
2021-11-05 13:00:08,114 [pool-540-thread-1] INFO  server.RaftServer$Division (RaftServerImpl.java:setRole(290)) - fa45fd2a-a6ef-4106-9a44-777d17a8e8f4@group-5D93FA255116: changes role from      null to FOLLOWER at term 0 for startAsFollower
2021-11-05 13:00:08,114 [pool-540-thread-1] INFO  impl.RoleInfo (RoleInfo.java:updateAndGet(130)) - fa45fd2a-a6ef-4106-9a44-777d17a8e8f4: start fa45fd2a-a6ef-4106-9a44-777d17a8e8f4@group-5D93FA255116-FollowerState
2021-11-05 13:00:08,114 [pool-540-thread-1] INFO  util.JmxRegister (JmxRegister.java:tryRegister(44)) - Successfully registered JMX Bean with object name Ratis:service=RaftServer,group=group-5D93FA255116,id=fa45fd2a-a6ef-4106-9a44-777d17a8e8f4
2021-11-05 13:00:08,163 [grpc-default-executor-3] INFO  server.RaftServer (RaftServerProxy.java:addNew(95)) - 3ae4cb20-15ad-4779-a013-5b0fdc3aaee7: addNew group-5D93FA255116:[76ef4e66-eace-4a3b-a369-d2a815523a61|rpc:10.1.0.23:41987|dataStream:|priority:0, fa45fd2a-a6ef-4106-9a44-777d17a8e8f4|rpc:10.1.0.23:43989|dataStream:|priority:0, 3ae4cb20-15ad-4779-a013-5b0fdc3aaee7|rpc:10.1.0.23:35115|dataStream:|priority:1] returns group-5D93FA255116:java.util.concurrent.CompletableFuture@1a104db9[Not completed]
2021-11-05 13:00:08,184 [pool-559-thread-1] INFO  server.RaftServer$Division (RaftServerImpl.java:<init>(184)) - 3ae4cb20-15ad-4779-a013-5b0fdc3aaee7: new RaftServerImpl for group-5D93FA255116:[76ef4e66-eace-4a3b-a369-d2a815523a61|rpc:10.1.0.23:41987|dataStream:|priority:0, fa45fd2a-a6ef-4106-9a44-777d17a8e8f4|rpc:10.1.0.23:43989|dataStream:|priority:0, 3ae4cb20-15ad-4779-a013-5b0fdc3aaee7|rpc:10.1.0.23:35115|dataStream:|priority:1] with ContainerStateMachine:uninitialized
2021-11-05 13:00:08,185 [pool-559-thread-1] INFO  server.RaftServerConfigKeys (ConfUtils.java:logGet(44)) - raft.server.rpc.timeout.min = 5s (custom)
2021-11-05 13:00:08,185 [pool-559-thread-1] INFO  server.RaftServerConfigKeys (ConfUtils.java:logGet(44)) - raft.server.rpc.timeout.max = 5200ms (custom)
2021-11-05 13:00:08,185 [pool-559-thread-1] INFO  server.RaftServerConfigKeys (ConfUtils.java:logGet(44)) - raft.server.rpc.sleep.time = 25ms (default)
2021-11-05 13:00:08,185 [pool-559-thread-1] INFO  server.RaftServerConfigKeys (ConfUtils.java:logGet(44)) - raft.server.rpc.slowness.timeout = 300000ms (custom)
2021-11-05 13:00:08,185 [pool-559-thread-1] INFO  server.RaftServerConfigKeys (ConfUtils.java:logGet(44)) - raft.server.leaderelection.leader.step-down.wait-time = 10s (default)
2021-11-05 13:00:08,185 [pool-559-thread-1] INFO  server.RaftServerConfigKeys (ConfUtils.java:logGet(44)) - raft.server.sleep.deviation.threshold = 300ms (default)
2021-11-05 13:00:08,185 [pool-559-thread-1] INFO  server.RaftServerConfigKeys (ConfUtils.java:logGet(44)) - raft.server.log.appender.install.snapshot.enabled = false (custom)
2021-11-05 13:00:08,185 [pool-559-thread-1] INFO  server.RaftServer$Division (ServerState.java:<init>(105)) - 3ae4cb20-15ad-4779-a013-5b0fdc3aaee7@group-5D93FA255116: ConfigurationManager, init=-1: [76ef4e66-eace-4a3b-a369-d2a815523a61|rpc:10.1.0.23:41987|dataStream:|priority:0, fa45fd2a-a6ef-4106-9a44-777d17a8e8f4|rpc:10.1.0.23:43989|dataStream:|priority:0, 3ae4cb20-15ad-4779-a013-5b0fdc3aaee7|rpc:10.1.0.23:35115|dataStream:|priority:1], old=null, confs=<EMPTY_MAP>
2021-11-05 13:00:08,185 [pool-559-thread-1] INFO  server.RaftServerConfigKeys (ConfUtils.java:logGet(44)) - raft.server.storage.dir = [/home/runner/work/ozone/ozone/hadoop-ozone/integration-test/target/test-dir/MiniOzoneClusterImpl-bdf76210-3e21-404e-9e17-65b92aec9f1a/datanode-2/data/ratis] (custom)
2021-11-05 13:00:08,185 [pool-559-thread-1] INFO  server.RaftServerConfigKeys (ConfUtils.java:logGet(44)) - raft.server.log.corruption.policy = EXCEPTION (default)
2021-11-05 13:00:08,185 [pool-559-thread-1] INFO  server.RaftServerConfigKeys (ConfUtils.java:logGet(44)) - raft.server.storage.free-space.min = 0MB (=0) (default)
2021-11-05 13:00:08,186 [pool-559-thread-1] INFO  storage.RaftStorageDirectory (RaftStorageDirectoryImpl.java:analyzeStorage(135)) - The storage directory /home/runner/work/ozone/ozone/hadoop-ozone/integration-test/target/test-dir/MiniOzoneClusterImpl-bdf76210-3e21-404e-9e17-65b92aec9f1a/datanode-2/data/ratis/bb7091f3-c5ce-4e13-86bd-5d93fa255116 does not exist. Creating ...
2021-11-05 13:00:08,187 [pool-559-thread-1] INFO  storage.RaftStorageDirectory (RaftStorageDirectoryImpl.java:tryLock(230)) - Lock on /home/runner/work/ozone/ozone/hadoop-ozone/integration-test/target/test-dir/MiniOzoneClusterImpl-bdf76210-3e21-404e-9e17-65b92aec9f1a/datanode-2/data/ratis/bb7091f3-c5ce-4e13-86bd-5d93fa255116/in_use.lock acquired by nodename 10214@fv-az151-875
2021-11-05 13:00:08,224 [pool-559-thread-1] INFO  storage.RaftStorage (RaftStorageImpl.java:format(89)) - Storage directory /home/runner/work/ozone/ozone/hadoop-ozone/integration-test/target/test-dir/MiniOzoneClusterImpl-bdf76210-3e21-404e-9e17-65b92aec9f1a/datanode-2/data/ratis/bb7091f3-c5ce-4e13-86bd-5d93fa255116 has been successfully formatted.
2021-11-05 13:00:08,224 [pool-559-thread-1] INFO  ratis.ContainerStateMachine (ContainerStateMachine.java:loadSnapshot(224)) - group-5D93FA255116: The snapshot info is null. Setting the last applied indexto:(t:0, i:~)
2021-11-05 13:00:08,224 [pool-559-thread-1] INFO  server.RaftServerConfigKeys (ConfUtils.java:logGet(44)) - raft.server.notification.no-leader.timeout = 300000ms (custom)
2021-11-05 13:00:08,224 [pool-559-thread-1] INFO  server.RaftServerConfigKeys (ConfUtils.java:logGet(44)) - raft.server.log.use.memory = false (default)
2021-11-05 13:00:08,224 [pool-559-thread-1] INFO  server.RaftServerConfigKeys (ConfUtils.java:logGet(44)) - raft.server.log.purge.gap = 1000000 (custom)
2021-11-05 13:00:08,224 [pool-559-thread-1] INFO  server.RaftServerConfigKeys (ConfUtils.java:logGet(44)) - raft.server.log.appender.buffer.byte-limit = 33554432 (custom)
2021-11-05 13:00:08,224 [pool-559-thread-1] INFO  server.RaftServerConfigKeys (ConfUtils.java:logGet(44)) - raft.server.log.segment.size.max = 1048576 (custom)
2021-11-05 13:00:08,225 [pool-559-thread-1] INFO  server.RaftServerConfigKeys (ConfUtils.java:logGet(44)) - raft.server.log.segment.cache.num.max = 2 (custom)
2021-11-05 13:00:08,225 [pool-559-thread-1] INFO  server.RaftServerConfigKeys (ConfUtils.java:logGet(44)) - raft.server.log.segment.cache.size.max = 200MB (=209715200) (default)
2021-11-05 13:00:08,225 [pool-559-thread-1] INFO  segmented.SegmentedRaftLogWorker (SegmentedRaftLogWorker.java:<init>(182)) - new 3ae4cb20-15ad-4779-a013-5b0fdc3aaee7@group-5D93FA255116-SegmentedRaftLogWorker for RaftStorageImpl:Storage Directory /home/runner/work/ozone/ozone/hadoop-ozone/integration-test/target/test-dir/MiniOzoneClusterImpl-bdf76210-3e21-404e-9e17-65b92aec9f1a/datanode-2/data/ratis/bb7091f3-c5ce-4e13-86bd-5d93fa255116
2021-11-05 13:00:08,225 [pool-559-thread-1] INFO  server.RaftServerConfigKeys (ConfUtils.java:logGet(44)) - raft.server.log.queue.byte-limit = 2147483647 (custom)
2021-11-05 13:00:08,225 [pool-559-thread-1] INFO  server.RaftServerConfigKeys (ConfUtils.java:logGet(44)) - raft.server.log.queue.element-limit = 1024 (custom)
2021-11-05 13:00:08,225 [pool-559-thread-1] INFO  server.RaftServerConfigKeys (ConfUtils.java:logGet(44)) - raft.server.log.segment.size.max = 1048576 (custom)
2021-11-05 13:00:08,225 [pool-559-thread-1] INFO  server.RaftServerConfigKeys (ConfUtils.java:logGet(44)) - raft.server.log.preallocated.size = 16384 (custom)
2021-11-05 13:00:08,225 [pool-559-thread-1] INFO  server.RaftServerConfigKeys (ConfUtils.java:logGet(44)) - raft.server.log.force.sync.num = 128 (default)
2021-11-05 13:00:08,225 [pool-559-thread-1] INFO  server.RaftServerConfigKeys (ConfUtils.java:logGet(44)) - raft.server.log.statemachine.data.sync = true (default)
2021-11-05 13:00:08,225 [pool-559-thread-1] INFO  server.RaftServerConfigKeys (ConfUtils.java:logGet(44)) - raft.server.log.statemachine.data.sync.timeout = 10s (default)
2021-11-05 13:00:08,225 [pool-559-thread-1] INFO  server.RaftServerConfigKeys (ConfUtils.java:logGet(44)) - raft.server.log.statemachine.data.sync.timeout.retry = -1 (default)
2021-11-05 13:00:08,226 [pool-559-thread-1] INFO  server.RaftServerConfigKeys (ConfUtils.java:logGet(44)) - raft.server.log.write.buffer.size = 1048576 (custom)
2021-11-05 13:00:08,272 [pool-559-thread-1] INFO  server.RaftServerConfigKeys (ConfUtils.java:logGet(44)) - raft.server.log.statemachine.data.caching.enabled = true (custom)
2021-11-05 13:00:08,272 [pool-559-thread-1] INFO  segmented.SegmentedRaftLogWorker (SegmentedRaftLogWorker.java:lambda$new$0(133)) - 3ae4cb20-15ad-4779-a013-5b0fdc3aaee7@group-5D93FA255116-SegmentedRaftLogWorker: flushIndex: setUnconditionally 0 -> -1
2021-11-05 13:00:08,273 [pool-559-thread-1] INFO  segmented.SegmentedRaftLogWorker (SegmentedRaftLogWorker.java:lambda$new$0(133)) - 3ae4cb20-15ad-4779-a013-5b0fdc3aaee7@group-5D93FA255116-SegmentedRaftLogWorker: safeCacheEvictIndex: setUnconditionally 0 -> -1
2021-11-05 13:00:08,293 [Listener at 127.0.0.1/42119] INFO  ozone.MiniOzoneClusterImpl (MiniOzoneClusterImpl.java:lambda$waitForClusterToBeReady$0(235)) - Waiting for nodes to be ready. Got 4 of 7 DN Heartbeats.
2021-11-05 13:00:08,293 [Listener at 127.0.0.1/42119] INFO  ozone.MiniOzoneClusterImpl (MiniOzoneClusterImpl.java:lambda$waitForClusterToBeReady$0(238)) - Waiting for cluster to exit safe mode
2021-11-05 13:00:08,293 [Listener at 127.0.0.1/42119] INFO  ozone.MiniOzoneClusterImpl (MiniOzoneClusterImpl.java:lambda$waitForClusterToBeReady$0(240)) - SCM became leader
2021-11-05 13:00:08,316 [pool-559-thread-1] INFO  server.RaftServerConfigKeys (ConfUtils.java:logGet(44)) - raft.server.snapshot.auto.trigger.enabled = true (custom)
2021-11-05 13:00:08,316 [pool-559-thread-1] INFO  server.RaftServerConfigKeys (ConfUtils.java:logGet(44)) - raft.server.snapshot.auto.trigger.threshold = 10000 (custom)
2021-11-05 13:00:08,316 [pool-559-thread-1] INFO  server.RaftServerConfigKeys (ConfUtils.java:logGet(44)) - raft.server.snapshot.retention.file.num = 5 (custom)
2021-11-05 13:00:08,316 [pool-559-thread-1] INFO  server.RaftServerConfigKeys (ConfUtils.java:logGet(44)) - raft.server.log.purge.upto.snapshot.index = false (default)
2021-11-05 13:00:08,316 [pool-559-thread-1] INFO  server.RaftServerConfigKeys (ConfUtils.java:logGet(44)) - raft.server.retrycache.expirytime = 600000ms (custom)
2021-11-05 13:00:08,316 [pool-559-thread-1] INFO  server.RaftServerConfigKeys (ConfUtils.java:logGet(44)) - raft.server.retrycache.statistics.expirytime = 100μs (default)
2021-11-05 13:00:08,318 [pool-559-thread-1] INFO  server.RaftServer$Division (RaftServerImpl.java:start(301)) - 3ae4cb20-15ad-4779-a013-5b0fdc3aaee7@group-5D93FA255116: start as a follower, conf=-1: [76ef4e66-eace-4a3b-a369-d2a815523a61|rpc:10.1.0.23:41987|dataStream:|priority:0, fa45fd2a-a6ef-4106-9a44-777d17a8e8f4|rpc:10.1.0.23:43989|dataStream:|priority:0, 3ae4cb20-15ad-4779-a013-5b0fdc3aaee7|rpc:10.1.0.23:35115|dataStream:|priority:1], old=null
2021-11-05 13:00:08,318 [pool-559-thread-1] INFO  server.RaftServer$Division (RaftServerImpl.java:setRole(290)) - 3ae4cb20-15ad-4779-a013-5b0fdc3aaee7@group-5D93FA255116: changes role from      null to FOLLOWER at term 0 for startAsFollower
2021-11-05 13:00:08,318 [pool-559-thread-1] INFO  impl.RoleInfo (RoleInfo.java:updateAndGet(130)) - 3ae4cb20-15ad-4779-a013-5b0fdc3aaee7: start 3ae4cb20-15ad-4779-a013-5b0fdc3aaee7@group-5D93FA255116-FollowerState
2021-11-05 13:00:08,348 [pool-559-thread-1] INFO  util.JmxRegister (JmxRegister.java:tryRegister(44)) - Successfully registered JMX Bean with object name Ratis:service=RaftServer,group=group-5D93FA255116,id=3ae4cb20-15ad-4779-a013-5b0fdc3aaee7
2021-11-05 13:00:08,369 [Command processor thread] INFO  commandhandler.CreatePipelineCommandHandler (CreatePipelineCommandHandler.java:handle(106)) - Created Pipeline RATIS THREE PipelineID=bb7091f3-c5ce-4e13-86bd-5d93fa255116.
2021-11-05 13:00:08,369 [Command processor thread] INFO  server.RaftServer (RaftServerProxy.java:addNew(95)) - 76ef4e66-eace-4a3b-a369-d2a815523a61: addNew group-22F5320889A7:[76ef4e66-eace-4a3b-a369-d2a815523a61|rpc:10.1.0.23:41987|priority:0, fa45fd2a-a6ef-4106-9a44-777d17a8e8f4|rpc:10.1.0.23:43989|priority:1, 3ae4cb20-15ad-4779-a013-5b0fdc3aaee7|rpc:10.1.0.23:35115|priority:0] returns group-22F5320889A7:java.util.concurrent.CompletableFuture@695b8a8e[Not completed]
2021-11-05 13:00:08,370 [pool-521-thread-1] INFO  server.RaftServer$Division (RaftServerImpl.java:<init>(184)) - 76ef4e66-eace-4a3b-a369-d2a815523a61: new RaftServerImpl for group-22F5320889A7:[76ef4e66-eace-4a3b-a369-d2a815523a61|rpc:10.1.0.23:41987|priority:0, fa45fd2a-a6ef-4106-9a44-777d17a8e8f4|rpc:10.1.0.23:43989|priority:1, 3ae4cb20-15ad-4779-a013-5b0fdc3aaee7|rpc:10.1.0.23:35115|priority:0] with ContainerStateMachine:uninitialized
2021-11-05 13:00:08,370 [pool-521-thread-1] INFO  server.RaftServerConfigKeys (ConfUtils.java:logGet(44)) - raft.server.rpc.timeout.min = 5s (custom)
2021-11-05 13:00:08,370 [pool-521-thread-1] INFO  server.RaftServerConfigKeys (ConfUtils.java:logGet(44)) - raft.server.rpc.timeout.max = 5200ms (custom)
2021-11-05 13:00:08,370 [pool-521-thread-1] INFO  server.RaftServerConfigKeys (ConfUtils.java:logGet(44)) - raft.server.rpc.sleep.time = 25ms (default)
2021-11-05 13:00:08,370 [pool-521-thread-1] INFO  server.RaftServerConfigKeys (ConfUtils.java:logGet(44)) - raft.server.rpc.slowness.timeout = 300000ms (custom)
2021-11-05 13:00:08,370 [pool-521-thread-1] INFO  server.RaftServerConfigKeys (ConfUtils.java:logGet(44)) - raft.server.leaderelection.leader.step-down.wait-time = 10s (default)
2021-11-05 13:00:08,370 [pool-521-thread-1] INFO  server.RaftServerConfigKeys (ConfUtils.java:logGet(44)) - raft.server.sleep.deviation.threshold = 300ms (default)
2021-11-05 13:00:08,370 [pool-521-thread-1] INFO  server.RaftServerConfigKeys (ConfUtils.java:logGet(44)) - raft.server.log.appender.install.snapshot.enabled = false (custom)
2021-11-05 13:00:08,370 [pool-521-thread-1] INFO  server.RaftServer$Division (ServerState.java:<init>(105)) - 76ef4e66-eace-4a3b-a369-d2a815523a61@group-22F5320889A7: ConfigurationManager, init=-1: [76ef4e66-eace-4a3b-a369-d2a815523a61|rpc:10.1.0.23:41987|priority:0, fa45fd2a-a6ef-4106-9a44-777d17a8e8f4|rpc:10.1.0.23:43989|priority:1, 3ae4cb20-15ad-4779-a013-5b0fdc3aaee7|rpc:10.1.0.23:35115|priority:0], old=null, confs=<EMPTY_MAP>
2021-11-05 13:00:08,370 [pool-521-thread-1] INFO  server.RaftServerConfigKeys (ConfUtils.java:logGet(44)) - raft.server.storage.dir = [/home/runner/work/ozone/ozone/hadoop-ozone/integration-test/target/test-dir/MiniOzoneClusterImpl-bdf76210-3e21-404e-9e17-65b92aec9f1a/datanode-0/data/ratis] (custom)
2021-11-05 13:00:08,370 [pool-521-thread-1] INFO  server.RaftServerConfigKeys (ConfUtils.java:logGet(44)) - raft.server.log.corruption.policy = EXCEPTION (default)
2021-11-05 13:00:08,370 [pool-521-thread-1] INFO  server.RaftServerConfigKeys (ConfUtils.java:logGet(44)) - raft.server.storage.free-space.min = 0MB (=0) (default)
2021-11-05 13:00:08,371 [pool-521-thread-1] INFO  storage.RaftStorageDirectory (RaftStorageDirectoryImpl.java:analyzeStorage(135)) - The storage directory /home/runner/work/ozone/ozone/hadoop-ozone/integration-test/target/test-dir/MiniOzoneClusterImpl-bdf76210-3e21-404e-9e17-65b92aec9f1a/datanode-0/data/ratis/4477d87b-15ba-4f68-ae12-22f5320889a7 does not exist. Creating ...
2021-11-05 13:00:08,372 [pool-521-thread-1] INFO  storage.RaftStorageDirectory (RaftStorageDirectoryImpl.java:tryLock(230)) - Lock on /home/runner/work/ozone/ozone/hadoop-ozone/integration-test/target/test-dir/MiniOzoneClusterImpl-bdf76210-3e21-404e-9e17-65b92aec9f1a/datanode-0/data/ratis/4477d87b-15ba-4f68-ae12-22f5320889a7/in_use.lock acquired by nodename 10214@fv-az151-875
2021-11-05 13:00:08,374 [pool-521-thread-1] INFO  storage.RaftStorage (RaftStorageImpl.java:format(89)) - Storage directory /home/runner/work/ozone/ozone/hadoop-ozone/integration-test/target/test-dir/MiniOzoneClusterImpl-bdf76210-3e21-404e-9e17-65b92aec9f1a/datanode-0/data/ratis/4477d87b-15ba-4f68-ae12-22f5320889a7 has been successfully formatted.
2021-11-05 13:00:08,375 [EventQueue-OpenPipelineForHealthyPipelineSafeModeRule] INFO  safemode.SCMSafeModeManager (HealthyPipelineSafeModeRule.java:process(124)) - SCM in safe mode. Healthy pipelines reported count is 0, required healthy pipeline reported count is 1
2021-11-05 13:00:08,375 [pool-521-thread-1] INFO  ratis.ContainerStateMachine (ContainerStateMachine.java:loadSnapshot(224)) - group-22F5320889A7: The snapshot info is null. Setting the last applied indexto:(t:0, i:~)
2021-11-05 13:00:08,375 [pool-521-thread-1] INFO  server.RaftServerConfigKeys (ConfUtils.java:logGet(44)) - raft.server.notification.no-leader.timeout = 300000ms (custom)
2021-11-05 13:00:08,375 [pool-521-thread-1] INFO  server.RaftServerConfigKeys (ConfUtils.java:logGet(44)) - raft.server.log.use.memory = false (default)
2021-11-05 13:00:08,375 [pool-521-thread-1] INFO  server.RaftServerConfigKeys (ConfUtils.java:logGet(44)) - raft.server.log.purge.gap = 1000000 (custom)
2021-11-05 13:00:08,375 [pool-521-thread-1] INFO  server.RaftServerConfigKeys (ConfUtils.java:logGet(44)) - raft.server.log.appender.buffer.byte-limit = 33554432 (custom)
2021-11-05 13:00:08,375 [pool-521-thread-1] INFO  server.RaftServerConfigKeys (ConfUtils.java:logGet(44)) - raft.server.log.segment.size.max = 1048576 (custom)
2021-11-05 13:00:08,376 [pool-521-thread-1] INFO  server.RaftServerConfigKeys (ConfUtils.java:logGet(44)) - raft.server.log.segment.cache.num.max = 2 (custom)
2021-11-05 13:00:08,376 [pool-521-thread-1] INFO  server.RaftServerConfigKeys (ConfUtils.java:logGet(44)) - raft.server.log.segment.cache.size.max = 200MB (=209715200) (default)
2021-11-05 13:00:08,376 [pool-521-thread-1] INFO  segmented.SegmentedRaftLogWorker (SegmentedRaftLogWorker.java:<init>(182)) - new 76ef4e66-eace-4a3b-a369-d2a815523a61@group-22F5320889A7-SegmentedRaftLogWorker for RaftStorageImpl:Storage Directory /home/runner/work/ozone/ozone/hadoop-ozone/integration-test/target/test-dir/MiniOzoneClusterImpl-bdf76210-3e21-404e-9e17-65b92aec9f1a/datanode-0/data/ratis/4477d87b-15ba-4f68-ae12-22f5320889a7
2021-11-05 13:00:08,376 [pool-521-thread-1] INFO  server.RaftServerConfigKeys (ConfUtils.java:logGet(44)) - raft.server.log.queue.byte-limit = 2147483647 (custom)
2021-11-05 13:00:08,376 [pool-521-thread-1] INFO  server.RaftServerConfigKeys (ConfUtils.java:logGet(44)) - raft.server.log.queue.element-limit = 1024 (custom)
2021-11-05 13:00:08,376 [pool-521-thread-1] INFO  server.RaftServerConfigKeys (ConfUtils.java:logGet(44)) - raft.server.log.segment.size.max = 1048576 (custom)
2021-11-05 13:00:08,376 [pool-521-thread-1] INFO  server.RaftServerConfigKeys (ConfUtils.java:logGet(44)) - raft.server.log.preallocated.size = 16384 (custom)
2021-11-05 13:00:08,376 [pool-521-thread-1] INFO  server.RaftServerConfigKeys (ConfUtils.java:logGet(44)) - raft.server.log.force.sync.num = 128 (default)
2021-11-05 13:00:08,376 [pool-521-thread-1] INFO  server.RaftServerConfigKeys (ConfUtils.java:logGet(44)) - raft.server.log.statemachine.data.sync = true (default)
2021-11-05 13:00:08,376 [pool-521-thread-1] INFO  server.RaftServerConfigKeys (ConfUtils.java:logGet(44)) - raft.server.log.statemachine.data.sync.timeout = 10s (default)
2021-11-05 13:00:08,376 [pool-521-thread-1] INFO  server.RaftServerConfigKeys (ConfUtils.java:logGet(44)) - raft.server.log.statemachine.data.sync.timeout.retry = -1 (default)
2021-11-05 13:00:08,377 [pool-521-thread-1] INFO  server.RaftServerConfigKeys (ConfUtils.java:logGet(44)) - raft.server.log.write.buffer.size = 1048576 (custom)
2021-11-05 13:00:08,378 [pool-521-thread-1] INFO  server.RaftServerConfigKeys (ConfUtils.java:logGet(44)) - raft.server.log.statemachine.data.caching.enabled = true (custom)
2021-11-05 13:00:08,378 [pool-521-thread-1] INFO  segmented.SegmentedRaftLogWorker (SegmentedRaftLogWorker.java:lambda$new$0(133)) - 76ef4e66-eace-4a3b-a369-d2a815523a61@group-22F5320889A7-SegmentedRaftLogWorker: flushIndex: setUnconditionally 0 -> -1
2021-11-05 13:00:08,378 [pool-521-thread-1] INFO  segmented.SegmentedRaftLogWorker (SegmentedRaftLogWorker.java:lambda$new$0(133)) - 76ef4e66-eace-4a3b-a369-d2a815523a61@group-22F5320889A7-SegmentedRaftLogWorker: safeCacheEvictIndex: setUnconditionally 0 -> -1
2021-11-05 13:00:08,384 [pool-521-thread-1] INFO  server.RaftServerConfigKeys (ConfUtils.java:logGet(44)) - raft.server.snapshot.auto.trigger.enabled = true (custom)
2021-11-05 13:00:08,384 [pool-521-thread-1] INFO  server.RaftServerConfigKeys (ConfUtils.java:logGet(44)) - raft.server.snapshot.auto.trigger.threshold = 10000 (custom)
2021-11-05 13:00:08,384 [pool-521-thread-1] INFO  server.RaftServerConfigKeys (ConfUtils.java:logGet(44)) - raft.server.snapshot.retention.file.num = 5 (custom)
2021-11-05 13:00:08,384 [pool-521-thread-1] INFO  server.RaftServerConfigKeys (ConfUtils.java:logGet(44)) - raft.server.log.purge.upto.snapshot.index = false (default)
2021-11-05 13:00:08,384 [pool-521-thread-1] INFO  server.RaftServerConfigKeys (ConfUtils.java:logGet(44)) - raft.server.retrycache.expirytime = 600000ms (custom)
2021-11-05 13:00:08,384 [pool-521-thread-1] INFO  server.RaftServerConfigKeys (ConfUtils.java:logGet(44)) - raft.server.retrycache.statistics.expirytime = 100μs (default)
2021-11-05 13:00:08,385 [pool-521-thread-1] INFO  server.RaftServer$Division (RaftServerImpl.java:start(301)) - 76ef4e66-eace-4a3b-a369-d2a815523a61@group-22F5320889A7: start as a follower, conf=-1: [76ef4e66-eace-4a3b-a369-d2a815523a61|rpc:10.1.0.23:41987|priority:0, fa45fd2a-a6ef-4106-9a44-777d17a8e8f4|rpc:10.1.0.23:43989|priority:1, 3ae4cb20-15ad-4779-a013-5b0fdc3aaee7|rpc:10.1.0.23:35115|priority:0], old=null
2021-11-05 13:00:08,385 [pool-521-thread-1] INFO  server.RaftServer$Division (RaftServerImpl.java:setRole(290)) - 76ef4e66-eace-4a3b-a369-d2a815523a61@group-22F5320889A7: changes role from      null to FOLLOWER at term 0 for startAsFollower
2021-11-05 13:00:08,385 [pool-521-thread-1] INFO  impl.RoleInfo (RoleInfo.java:updateAndGet(130)) - 76ef4e66-eace-4a3b-a369-d2a815523a61: start 76ef4e66-eace-4a3b-a369-d2a815523a61@group-22F5320889A7-FollowerState
2021-11-05 13:00:08,406 [pool-521-thread-1] INFO  util.JmxRegister (JmxRegister.java:tryRegister(44)) - Successfully registered JMX Bean with object name Ratis:service=RaftServer,group=group-22F5320889A7,id=76ef4e66-eace-4a3b-a369-d2a815523a61
2021-11-05 13:00:08,407 [Command processor thread] INFO  ratis.XceiverServerRatis (XceiverServerRatis.java:addGroup(768)) - Created group PipelineID=4477d87b-15ba-4f68-ae12-22f5320889a7
2021-11-05 13:00:08,418 [grpc-default-executor-3] INFO  server.RaftServer (RaftServerProxy.java:addNew(95)) - 3ae4cb20-15ad-4779-a013-5b0fdc3aaee7: addNew group-22F5320889A7:[76ef4e66-eace-4a3b-a369-d2a815523a61|rpc:10.1.0.23:41987|dataStream:|priority:0, fa45fd2a-a6ef-4106-9a44-777d17a8e8f4|rpc:10.1.0.23:43989|dataStream:|priority:1, 3ae4cb20-15ad-4779-a013-5b0fdc3aaee7|rpc:10.1.0.23:35115|dataStream:|priority:0] returns group-22F5320889A7:java.util.concurrent.CompletableFuture@5b5def66[Not completed]
2021-11-05 13:00:08,419 [pool-559-thread-1] INFO  server.RaftServer$Division (RaftServerImpl.java:<init>(184)) - 3ae4cb20-15ad-4779-a013-5b0fdc3aaee7: new RaftServerImpl for group-22F5320889A7:[76ef4e66-eace-4a3b-a369-d2a815523a61|rpc:10.1.0.23:41987|dataStream:|priority:0, fa45fd2a-a6ef-4106-9a44-777d17a8e8f4|rpc:10.1.0.23:43989|dataStream:|priority:1, 3ae4cb20-15ad-4779-a013-5b0fdc3aaee7|rpc:10.1.0.23:35115|dataStream:|priority:0] with ContainerStateMachine:uninitialized
2021-11-05 13:00:08,419 [pool-559-thread-1] INFO  server.RaftServerConfigKeys (ConfUtils.java:logGet(44)) - raft.server.rpc.timeout.min = 5s (custom)
2021-11-05 13:00:08,419 [pool-559-thread-1] INFO  server.RaftServerConfigKeys (ConfUtils.java:logGet(44)) - raft.server.rpc.timeout.max = 5200ms (custom)
2021-11-05 13:00:08,419 [pool-559-thread-1] INFO  server.RaftServerConfigKeys (ConfUtils.java:logGet(44)) - raft.server.rpc.sleep.time = 25ms (default)
2021-11-05 13:00:08,419 [pool-559-thread-1] INFO  server.RaftServerConfigKeys (ConfUtils.java:logGet(44)) - raft.server.rpc.slowness.timeout = 300000ms (custom)
2021-11-05 13:00:08,419 [pool-559-thread-1] INFO  server.RaftServerConfigKeys (ConfUtils.java:logGet(44)) - raft.server.leaderelection.leader.step-down.wait-time = 10s (default)
2021-11-05 13:00:08,419 [pool-559-thread-1] INFO  server.RaftServerConfigKeys (ConfUtils.java:logGet(44)) - raft.server.sleep.deviation.threshold = 300ms (default)
2021-11-05 13:00:08,419 [pool-559-thread-1] INFO  server.RaftServerConfigKeys (ConfUtils.java:logGet(44)) - raft.server.log.appender.install.snapshot.enabled = false (custom)
2021-11-05 13:00:08,419 [pool-559-thread-1] INFO  server.RaftServer$Division (ServerState.java:<init>(105)) - 3ae4cb20-15ad-4779-a013-5b0fdc3aaee7@group-22F5320889A7: ConfigurationManager, init=-1: [76ef4e66-eace-4a3b-a369-d2a815523a61|rpc:10.1.0.23:41987|dataStream:|priority:0, fa45fd2a-a6ef-4106-9a44-777d17a8e8f4|rpc:10.1.0.23:43989|dataStream:|priority:1, 3ae4cb20-15ad-4779-a013-5b0fdc3aaee7|rpc:10.1.0.23:35115|dataStream:|priority:0], old=null, confs=<EMPTY_MAP>
2021-11-05 13:00:08,419 [pool-559-thread-1] INFO  server.RaftServerConfigKeys (ConfUtils.java:logGet(44)) - raft.server.storage.dir = [/home/runner/work/ozone/ozone/hadoop-ozone/integration-test/target/test-dir/MiniOzoneClusterImpl-bdf76210-3e21-404e-9e17-65b92aec9f1a/datanode-2/data/ratis] (custom)
2021-11-05 13:00:08,419 [pool-559-thread-1] INFO  server.RaftServerConfigKeys (ConfUtils.java:logGet(44)) - raft.server.log.corruption.policy = EXCEPTION (default)
2021-11-05 13:00:08,419 [pool-559-thread-1] INFO  server.RaftServerConfigKeys (ConfUtils.java:logGet(44)) - raft.server.storage.free-space.min = 0MB (=0) (default)
2021-11-05 13:00:08,420 [pool-559-thread-1] INFO  storage.RaftStorageDirectory (RaftStorageDirectoryImpl.java:analyzeStorage(135)) - The storage directory /home/runner/work/ozone/ozone/hadoop-ozone/integration-test/target/test-dir/MiniOzoneClusterImpl-bdf76210-3e21-404e-9e17-65b92aec9f1a/datanode-2/data/ratis/4477d87b-15ba-4f68-ae12-22f5320889a7 does not exist. Creating ...
2021-11-05 13:00:08,438 [pool-559-thread-1] INFO  storage.RaftStorageDirectory (RaftStorageDirectoryImpl.java:tryLock(230)) - Lock on /home/runner/work/ozone/ozone/hadoop-ozone/integration-test/target/test-dir/MiniOzoneClusterImpl-bdf76210-3e21-404e-9e17-65b92aec9f1a/datanode-2/data/ratis/4477d87b-15ba-4f68-ae12-22f5320889a7/in_use.lock acquired by nodename 10214@fv-az151-875
2021-11-05 13:00:08,441 [pool-559-thread-1] INFO  storage.RaftStorage (RaftStorageImpl.java:format(89)) - Storage directory /home/runner/work/ozone/ozone/hadoop-ozone/integration-test/target/test-dir/MiniOzoneClusterImpl-bdf76210-3e21-404e-9e17-65b92aec9f1a/datanode-2/data/ratis/4477d87b-15ba-4f68-ae12-22f5320889a7 has been successfully formatted.
2021-11-05 13:00:08,444 [pool-559-thread-1] INFO  ratis.ContainerStateMachine (ContainerStateMachine.java:loadSnapshot(224)) - group-22F5320889A7: The snapshot info is null. Setting the last applied indexto:(t:0, i:~)
2021-11-05 13:00:08,444 [pool-559-thread-1] INFO  server.RaftServerConfigKeys (ConfUtils.java:logGet(44)) - raft.server.notification.no-leader.timeout = 300000ms (custom)
2021-11-05 13:00:08,444 [pool-559-thread-1] INFO  server.RaftServerConfigKeys (ConfUtils.java:logGet(44)) - raft.server.log.use.memory = false (default)
2021-11-05 13:00:08,444 [pool-559-thread-1] INFO  server.RaftServerConfigKeys (ConfUtils.java:logGet(44)) - raft.server.log.purge.gap = 1000000 (custom)
2021-11-05 13:00:08,444 [pool-559-thread-1] INFO  server.RaftServerConfigKeys (ConfUtils.java:logGet(44)) - raft.server.log.appender.buffer.byte-limit = 33554432 (custom)
2021-11-05 13:00:08,445 [pool-559-thread-1] INFO  server.RaftServerConfigKeys (ConfUtils.java:logGet(44)) - raft.server.log.segment.size.max = 1048576 (custom)
2021-11-05 13:00:08,445 [pool-559-thread-1] INFO  server.RaftServerConfigKeys (ConfUtils.java:logGet(44)) - raft.server.log.segment.cache.num.max = 2 (custom)
2021-11-05 13:00:08,445 [pool-559-thread-1] INFO  server.RaftServerConfigKeys (ConfUtils.java:logGet(44)) - raft.server.log.segment.cache.size.max = 200MB (=209715200) (default)
2021-11-05 13:00:08,445 [pool-559-thread-1] INFO  segmented.SegmentedRaftLogWorker (SegmentedRaftLogWorker.java:<init>(182)) - new 3ae4cb20-15ad-4779-a013-5b0fdc3aaee7@group-22F5320889A7-SegmentedRaftLogWorker for RaftStorageImpl:Storage Directory /home/runner/work/ozone/ozone/hadoop-ozone/integration-test/target/test-dir/MiniOzoneClusterImpl-bdf76210-3e21-404e-9e17-65b92aec9f1a/datanode-2/data/ratis/4477d87b-15ba-4f68-ae12-22f5320889a7
2021-11-05 13:00:08,445 [pool-559-thread-1] INFO  server.RaftServerConfigKeys (ConfUtils.java:logGet(44)) - raft.server.log.queue.byte-limit = 2147483647 (custom)
2021-11-05 13:00:08,445 [pool-559-thread-1] INFO  server.RaftServerConfigKeys (ConfUtils.java:logGet(44)) - raft.server.log.queue.element-limit = 1024 (custom)
2021-11-05 13:00:08,445 [pool-559-thread-1] INFO  server.RaftServerConfigKeys (ConfUtils.java:logGet(44)) - raft.server.log.segment.size.max = 1048576 (custom)
2021-11-05 13:00:08,445 [pool-559-thread-1] INFO  server.RaftServerConfigKeys (ConfUtils.java:logGet(44)) - raft.server.log.preallocated.size = 16384 (custom)
2021-11-05 13:00:08,446 [pool-559-thread-1] INFO  server.RaftServerConfigKeys (ConfUtils.java:logGet(44)) - raft.server.log.force.sync.num = 128 (default)
2021-11-05 13:00:08,446 [pool-559-thread-1] INFO  server.RaftServerConfigKeys (ConfUtils.java:logGet(44)) - raft.server.log.statemachine.data.sync = true (default)
2021-11-05 13:00:08,446 [pool-559-thread-1] INFO  server.RaftServerConfigKeys (ConfUtils.java:logGet(44)) - raft.server.log.statemachine.data.sync.timeout = 10s (default)
2021-11-05 13:00:08,446 [pool-559-thread-1] INFO  server.RaftServerConfigKeys (ConfUtils.java:logGet(44)) - raft.server.log.statemachine.data.sync.timeout.retry = -1 (default)
2021-11-05 13:00:08,447 [pool-559-thread-1] INFO  server.RaftServerConfigKeys (ConfUtils.java:logGet(44)) - raft.server.log.write.buffer.size = 1048576 (custom)
2021-11-05 13:00:08,447 [pool-559-thread-1] INFO  server.RaftServerConfigKeys (ConfUtils.java:logGet(44)) - raft.server.log.statemachine.data.caching.enabled = true (custom)
2021-11-05 13:00:08,452 [pool-559-thread-1] INFO  segmented.SegmentedRaftLogWorker (SegmentedRaftLogWorker.java:lambda$new$0(133)) - 3ae4cb20-15ad-4779-a013-5b0fdc3aaee7@group-22F5320889A7-SegmentedRaftLogWorker: flushIndex: setUnconditionally 0 -> -1
2021-11-05 13:00:08,452 [pool-559-thread-1] INFO  segmented.SegmentedRaftLogWorker (SegmentedRaftLogWorker.java:lambda$new$0(133)) - 3ae4cb20-15ad-4779-a013-5b0fdc3aaee7@group-22F5320889A7-SegmentedRaftLogWorker: safeCacheEvictIndex: setUnconditionally 0 -> -1
2021-11-05 13:00:08,454 [pool-559-thread-1] INFO  server.RaftServerConfigKeys (ConfUtils.java:logGet(44)) - raft.server.snapshot.auto.trigger.enabled = true (custom)
2021-11-05 13:00:08,454 [pool-559-thread-1] INFO  server.RaftServerConfigKeys (ConfUtils.java:logGet(44)) - raft.server.snapshot.auto.trigger.threshold = 10000 (custom)
2021-11-05 13:00:08,454 [pool-559-thread-1] INFO  server.RaftServerConfigKeys (ConfUtils.java:logGet(44)) - raft.server.snapshot.retention.file.num = 5 (custom)
2021-11-05 13:00:08,454 [pool-559-thread-1] INFO  server.RaftServerConfigKeys (ConfUtils.java:logGet(44)) - raft.server.log.purge.upto.snapshot.index = false (default)
2021-11-05 13:00:08,455 [pool-559-thread-1] INFO  server.RaftServerConfigKeys (ConfUtils.java:logGet(44)) - raft.server.retrycache.expirytime = 600000ms (custom)
2021-11-05 13:00:08,504 [pool-559-thread-1] INFO  server.RaftServerConfigKeys (ConfUtils.java:logGet(44)) - raft.server.retrycache.statistics.expirytime = 100μs (default)
2021-11-05 13:00:08,504 [EndpointStateMachine task thread for /0.0.0.0:35591 - 0 ] INFO  ozoneimpl.OzoneContainer (OzoneContainer.java:start(304)) - Attempting to start container services.
2021-11-05 13:00:08,504 [EndpointStateMachine task thread for /0.0.0.0:35591 - 0 ] INFO  ozoneimpl.OzoneContainer (OzoneContainer.java:startContainerScrub(249)) - Background container scanner has been disabled.
2021-11-05 13:00:08,505 [EndpointStateMachine task thread for /0.0.0.0:35591 - 0 ] INFO  replication.ReplicationServer (ReplicationServer.java:start(107)) - ReplicationServer is started using port 42685
2021-11-05 13:00:08,505 [EndpointStateMachine task thread for /0.0.0.0:35591 - 0 ] INFO  ratis.XceiverServerRatis (XceiverServerRatis.java:start(484)) - Starting XceiverServerRatis f0359a9b-bc21-4a61-b53d-8d2dd84c6fc1
2021-11-05 13:00:08,509 [pool-559-thread-1] INFO  server.RaftServer$Division (RaftServerImpl.java:start(301)) - 3ae4cb20-15ad-4779-a013-5b0fdc3aaee7@group-22F5320889A7: start as a follower, conf=-1: [76ef4e66-eace-4a3b-a369-d2a815523a61|rpc:10.1.0.23:41987|dataStream:|priority:0, fa45fd2a-a6ef-4106-9a44-777d17a8e8f4|rpc:10.1.0.23:43989|dataStream:|priority:1, 3ae4cb20-15ad-4779-a013-5b0fdc3aaee7|rpc:10.1.0.23:35115|dataStream:|priority:0], old=null
2021-11-05 13:00:08,509 [pool-559-thread-1] INFO  server.RaftServer$Division (RaftServerImpl.java:setRole(290)) - 3ae4cb20-15ad-4779-a013-5b0fdc3aaee7@group-22F5320889A7: changes role from      null to FOLLOWER at term 0 for startAsFollower
2021-11-05 13:00:08,604 [EndpointStateMachine task thread for /0.0.0.0:35591 - 0 ] INFO  server.RaftServer (RaftServerProxy.java:lambda$start$5(374)) - f0359a9b-bc21-4a61-b53d-8d2dd84c6fc1: start RPC server
2021-11-05 13:00:08,611 [pool-559-thread-1] INFO  impl.RoleInfo (RoleInfo.java:updateAndGet(130)) - 3ae4cb20-15ad-4779-a013-5b0fdc3aaee7: start 3ae4cb20-15ad-4779-a013-5b0fdc3aaee7@group-22F5320889A7-FollowerState
2021-11-05 13:00:08,612 [EndpointStateMachine task thread for /0.0.0.0:35591 - 0 ] INFO  server.GrpcService (GrpcService.java:startImpl(253)) - f0359a9b-bc21-4a61-b53d-8d2dd84c6fc1: GrpcService started, listening on 44285
2021-11-05 13:00:08,612 [pool-559-thread-1] INFO  util.JmxRegister (JmxRegister.java:tryRegister(44)) - Successfully registered JMX Bean with object name Ratis:service=RaftServer,group=group-22F5320889A7,id=3ae4cb20-15ad-4779-a013-5b0fdc3aaee7
2021-11-05 13:00:08,681 [EndpointStateMachine task thread for /0.0.0.0:35591 - 0 ] INFO  ratis.XceiverServerRatis (XceiverServerRatis.java:getRealPort(505)) - XceiverServerRatis f0359a9b-bc21-4a61-b53d-8d2dd84c6fc1 is started using port 44285 for RATIS
2021-11-05 13:00:08,681 [EndpointStateMachine task thread for /0.0.0.0:35591 - 0 ] INFO  ratis.XceiverServerRatis (XceiverServerRatis.java:getRealPort(505)) - XceiverServerRatis f0359a9b-bc21-4a61-b53d-8d2dd84c6fc1 is started using port 44285 for RATIS_ADMIN
2021-11-05 13:00:08,681 [EndpointStateMachine task thread for /0.0.0.0:35591 - 0 ] INFO  ratis.XceiverServerRatis (XceiverServerRatis.java:getRealPort(505)) - XceiverServerRatis f0359a9b-bc21-4a61-b53d-8d2dd84c6fc1 is started using port 44285 for RATIS_SERVER
2021-11-05 13:00:08,681 [grpc-default-executor-3] INFO  server.RaftServer (RaftServerProxy.java:addNew(95)) - fa45fd2a-a6ef-4106-9a44-777d17a8e8f4: addNew group-22F5320889A7:[76ef4e66-eace-4a3b-a369-d2a815523a61|rpc:10.1.0.23:41987|dataStream:|priority:0, fa45fd2a-a6ef-4106-9a44-777d17a8e8f4|rpc:10.1.0.23:43989|dataStream:|priority:1, 3ae4cb20-15ad-4779-a013-5b0fdc3aaee7|rpc:10.1.0.23:35115|dataStream:|priority:0] returns group-22F5320889A7:java.util.concurrent.CompletableFuture@588cac7c[Not completed]
2021-11-05 13:00:08,681 [org.apache.ratis.util.JvmPauseMonitor$$Lambda$531/328699815@756f7534] INFO  util.JvmPauseMonitor (JvmPauseMonitor.java:run(103)) - JvmPauseMonitor-f0359a9b-bc21-4a61-b53d-8d2dd84c6fc1: Started
2021-11-05 13:00:08,682 [pool-540-thread-1] INFO  server.RaftServer$Division (RaftServerImpl.java:<init>(184)) - fa45fd2a-a6ef-4106-9a44-777d17a8e8f4: new RaftServerImpl for group-22F5320889A7:[76ef4e66-eace-4a3b-a369-d2a815523a61|rpc:10.1.0.23:41987|dataStream:|priority:0, fa45fd2a-a6ef-4106-9a44-777d17a8e8f4|rpc:10.1.0.23:43989|dataStream:|priority:1, 3ae4cb20-15ad-4779-a013-5b0fdc3aaee7|rpc:10.1.0.23:35115|dataStream:|priority:0] with ContainerStateMachine:uninitialized
2021-11-05 13:00:08,682 [pool-540-thread-1] INFO  server.RaftServerConfigKeys (ConfUtils.java:logGet(44)) - raft.server.rpc.timeout.min = 5s (custom)
2021-11-05 13:00:08,682 [pool-540-thread-1] INFO  server.RaftServerConfigKeys (ConfUtils.java:logGet(44)) - raft.server.rpc.timeout.max = 5200ms (custom)
2021-11-05 13:00:08,682 [pool-540-thread-1] INFO  server.RaftServerConfigKeys (ConfUtils.java:logGet(44)) - raft.server.rpc.sleep.time = 25ms (default)
2021-11-05 13:00:08,682 [pool-540-thread-1] INFO  server.RaftServerConfigKeys (ConfUtils.java:logGet(44)) - raft.server.rpc.slowness.timeout = 300000ms (custom)
2021-11-05 13:00:08,682 [pool-540-thread-1] INFO  server.RaftServerConfigKeys (ConfUtils.java:logGet(44)) - raft.server.leaderelection.leader.step-down.wait-time = 10s (default)
2021-11-05 13:00:08,682 [pool-540-thread-1] INFO  server.RaftServerConfigKeys (ConfUtils.java:logGet(44)) - raft.server.sleep.deviation.threshold = 300ms (default)
2021-11-05 13:00:08,682 [pool-540-thread-1] INFO  server.RaftServerConfigKeys (ConfUtils.java:logGet(44)) - raft.server.log.appender.install.snapshot.enabled = false (custom)
2021-11-05 13:00:08,682 [pool-540-thread-1] INFO  server.RaftServer$Division (ServerState.java:<init>(105)) - fa45fd2a-a6ef-4106-9a44-777d17a8e8f4@group-22F5320889A7: ConfigurationManager, init=-1: [76ef4e66-eace-4a3b-a369-d2a815523a61|rpc:10.1.0.23:41987|dataStream:|priority:0, fa45fd2a-a6ef-4106-9a44-777d17a8e8f4|rpc:10.1.0.23:43989|dataStream:|priority:1, 3ae4cb20-15ad-4779-a013-5b0fdc3aaee7|rpc:10.1.0.23:35115|dataStream:|priority:0], old=null, confs=<EMPTY_MAP>
2021-11-05 13:00:08,682 [pool-540-thread-1] INFO  server.RaftServerConfigKeys (ConfUtils.java:logGet(44)) - raft.server.storage.dir = [/home/runner/work/ozone/ozone/hadoop-ozone/integration-test/target/test-dir/MiniOzoneClusterImpl-bdf76210-3e21-404e-9e17-65b92aec9f1a/datanode-1/data/ratis] (custom)
2021-11-05 13:00:08,682 [pool-540-thread-1] INFO  server.RaftServerConfigKeys (ConfUtils.java:logGet(44)) - raft.server.log.corruption.policy = EXCEPTION (default)
2021-11-05 13:00:08,682 [pool-540-thread-1] INFO  server.RaftServerConfigKeys (ConfUtils.java:logGet(44)) - raft.server.storage.free-space.min = 0MB (=0) (default)
2021-11-05 13:00:08,682 [pool-540-thread-1] INFO  storage.RaftStorageDirectory (RaftStorageDirectoryImpl.java:analyzeStorage(135)) - The storage directory /home/runner/work/ozone/ozone/hadoop-ozone/integration-test/target/test-dir/MiniOzoneClusterImpl-bdf76210-3e21-404e-9e17-65b92aec9f1a/datanode-1/data/ratis/4477d87b-15ba-4f68-ae12-22f5320889a7 does not exist. Creating ...
2021-11-05 13:00:08,686 [IPC Server handler 5 on default port 35591] INFO  net.NetworkTopologyImpl (NetworkTopologyImpl.java:add(112)) - Added a new node: /default-rack/f63fc592-5921-4d2a-8a56-22c1aba49965
2021-11-05 13:00:08,686 [IPC Server handler 5 on default port 35591] INFO  node.SCMNodeManager (SCMNodeManager.java:register(389)) - Registered Data node : f63fc592-5921-4d2a-8a56-22c1aba49965{ip: 10.1.0.23, host: fv-az151-875.yf2hydr00wburbhx3j5hxtcipe.bx.internal.cloudapp.net, ports: [REPLICATION=40425, RATIS=39383, RATIS_ADMIN=39383, RATIS_SERVER=39383, STANDALONE=43527], networkLocation: /default-rack, certSerialId: null, persistedOpState: null, persistedOpStateExpiryEpochSec: 0}
2021-11-05 13:00:08,686 [EventQueue-NewNodeForNewNodeHandler] INFO  pipeline.BackgroundPipelineCreator (BackgroundPipelineCreator.java:notifyEventTriggered(285)) - trigger a one-shot run on RatisPipelineUtilsThread.
2021-11-05 13:00:08,687 [RatisPipelineUtilsThread - 0] INFO  pipeline.RatisPipelineProvider (RatisPipelineProvider.java:lambda$create$0(183)) - Sending CreatePipelineCommand for pipeline:PipelineID=3417dacd-ff16-41a1-8a71-9c3501db6fae to datanode:f63fc592-5921-4d2a-8a56-22c1aba49965
2021-11-05 13:00:08,687 [RatisPipelineUtilsThread - 0] INFO  pipeline.PipelineStateManagerImpl (PipelineStateManagerImpl.java:addPipeline(101)) - Created pipeline Pipeline[ Id: 3417dacd-ff16-41a1-8a71-9c3501db6fae, Nodes: f63fc592-5921-4d2a-8a56-22c1aba49965{ip: 10.1.0.23, host: fv-az151-875.yf2hydr00wburbhx3j5hxtcipe.bx.internal.cloudapp.net, ports: [REPLICATION=40425, RATIS=39383, RATIS_ADMIN=39383, RATIS_SERVER=39383, STANDALONE=43527], networkLocation: /default-rack, certSerialId: null, persistedOpState: IN_SERVICE, persistedOpStateExpiryEpochSec: 0}, ReplicationConfig: RATIS/ONE, State:ALLOCATED, leaderId:, CreationTimestamp2021-11-05T13:00:08.687Z[Etc/UTC]].
2021-11-05 13:00:08,689 [EndpointStateMachine task thread for /0.0.0.0:35591 - 0 ] INFO  server.XceiverServerGrpc (XceiverServerGrpc.java:start(135)) - XceiverServerGrpc f0359a9b-bc21-4a61-b53d-8d2dd84c6fc1 is started using port 43041
2021-11-05 13:00:08,690 [pool-540-thread-1] INFO  storage.RaftStorageDirectory (RaftStorageDirectoryImpl.java:tryLock(230)) - Lock on /home/runner/work/ozone/ozone/hadoop-ozone/integration-test/target/test-dir/MiniOzoneClusterImpl-bdf76210-3e21-404e-9e17-65b92aec9f1a/datanode-1/data/ratis/4477d87b-15ba-4f68-ae12-22f5320889a7/in_use.lock acquired by nodename 10214@fv-az151-875
2021-11-05 13:00:08,692 [pool-540-thread-1] INFO  storage.RaftStorage (RaftStorageImpl.java:format(89)) - Storage directory /home/runner/work/ozone/ozone/hadoop-ozone/integration-test/target/test-dir/MiniOzoneClusterImpl-bdf76210-3e21-404e-9e17-65b92aec9f1a/datanode-1/data/ratis/4477d87b-15ba-4f68-ae12-22f5320889a7 has been successfully formatted.
2021-11-05 13:00:08,708 [pool-540-thread-1] INFO  ratis.ContainerStateMachine (ContainerStateMachine.java:loadSnapshot(224)) - group-22F5320889A7: The snapshot info is null. Setting the last applied indexto:(t:0, i:~)
2021-11-05 13:00:08,708 [pool-540-thread-1] INFO  server.RaftServerConfigKeys (ConfUtils.java:logGet(44)) - raft.server.notification.no-leader.timeout = 300000ms (custom)
2021-11-05 13:00:08,708 [pool-540-thread-1] INFO  server.RaftServerConfigKeys (ConfUtils.java:logGet(44)) - raft.server.log.use.memory = false (default)
2021-11-05 13:00:08,708 [pool-540-thread-1] INFO  server.RaftServerConfigKeys (ConfUtils.java:logGet(44)) - raft.server.log.purge.gap = 1000000 (custom)
2021-11-05 13:00:08,708 [pool-540-thread-1] INFO  server.RaftServerConfigKeys (ConfUtils.java:logGet(44)) - raft.server.log.appender.buffer.byte-limit = 33554432 (custom)
2021-11-05 13:00:08,708 [pool-540-thread-1] INFO  server.RaftServerConfigKeys (ConfUtils.java:logGet(44)) - raft.server.log.segment.size.max = 1048576 (custom)
2021-11-05 13:00:08,709 [pool-540-thread-1] INFO  server.RaftServerConfigKeys (ConfUtils.java:logGet(44)) - raft.server.log.segment.cache.num.max = 2 (custom)
2021-11-05 13:00:08,709 [pool-540-thread-1] INFO  server.RaftServerConfigKeys (ConfUtils.java:logGet(44)) - raft.server.log.segment.cache.size.max = 200MB (=209715200) (default)
2021-11-05 13:00:08,709 [pool-540-thread-1] INFO  segmented.SegmentedRaftLogWorker (SegmentedRaftLogWorker.java:<init>(182)) - new fa45fd2a-a6ef-4106-9a44-777d17a8e8f4@group-22F5320889A7-SegmentedRaftLogWorker for RaftStorageImpl:Storage Directory /home/runner/work/ozone/ozone/hadoop-ozone/integration-test/target/test-dir/MiniOzoneClusterImpl-bdf76210-3e21-404e-9e17-65b92aec9f1a/datanode-1/data/ratis/4477d87b-15ba-4f68-ae12-22f5320889a7
2021-11-05 13:00:08,709 [pool-540-thread-1] INFO  server.RaftServerConfigKeys (ConfUtils.java:logGet(44)) - raft.server.log.queue.byte-limit = 2147483647 (custom)
2021-11-05 13:00:08,709 [pool-540-thread-1] INFO  server.RaftServerConfigKeys (ConfUtils.java:logGet(44)) - raft.server.log.queue.element-limit = 1024 (custom)
2021-11-05 13:00:08,709 [pool-540-thread-1] INFO  server.RaftServerConfigKeys (ConfUtils.java:logGet(44)) - raft.server.log.segment.size.max = 1048576 (custom)
2021-11-05 13:00:08,709 [pool-540-thread-1] INFO  server.RaftServerConfigKeys (ConfUtils.java:logGet(44)) - raft.server.log.preallocated.size = 16384 (custom)
2021-11-05 13:00:08,709 [pool-540-thread-1] INFO  server.RaftServerConfigKeys (ConfUtils.java:logGet(44)) - raft.server.log.force.sync.num = 128 (default)
2021-11-05 13:00:08,709 [pool-540-thread-1] INFO  server.RaftServerConfigKeys (ConfUtils.java:logGet(44)) - raft.server.log.statemachine.data.sync = true (default)
2021-11-05 13:00:08,709 [pool-540-thread-1] INFO  server.RaftServerConfigKeys (ConfUtils.java:logGet(44)) - raft.server.log.statemachine.data.sync.timeout = 10s (default)
2021-11-05 13:00:08,709 [pool-540-thread-1] INFO  server.RaftServerConfigKeys (ConfUtils.java:logGet(44)) - raft.server.log.statemachine.data.sync.timeout.retry = -1 (default)
2021-11-05 13:00:08,710 [pool-540-thread-1] INFO  server.RaftServerConfigKeys (ConfUtils.java:logGet(44)) - raft.server.log.write.buffer.size = 1048576 (custom)
2021-11-05 13:00:08,711 [pool-540-thread-1] INFO  server.RaftServerConfigKeys (ConfUtils.java:logGet(44)) - raft.server.log.statemachine.data.caching.enabled = true (custom)
2021-11-05 13:00:08,711 [pool-540-thread-1] INFO  segmented.SegmentedRaftLogWorker (SegmentedRaftLogWorker.java:lambda$new$0(133)) - fa45fd2a-a6ef-4106-9a44-777d17a8e8f4@group-22F5320889A7-SegmentedRaftLogWorker: flushIndex: setUnconditionally 0 -> -1
2021-11-05 13:00:08,711 [pool-540-thread-1] INFO  segmented.SegmentedRaftLogWorker (SegmentedRaftLogWorker.java:lambda$new$0(133)) - fa45fd2a-a6ef-4106-9a44-777d17a8e8f4@group-22F5320889A7-SegmentedRaftLogWorker: safeCacheEvictIndex: setUnconditionally 0 -> -1
2021-11-05 13:00:08,805 [pool-540-thread-1] INFO  server.RaftServerConfigKeys (ConfUtils.java:logGet(44)) - raft.server.snapshot.auto.trigger.enabled = true (custom)
2021-11-05 13:00:08,805 [pool-540-thread-1] INFO  server.RaftServerConfigKeys (ConfUtils.java:logGet(44)) - raft.server.snapshot.auto.trigger.threshold = 10000 (custom)
2021-11-05 13:00:08,805 [pool-540-thread-1] INFO  server.RaftServerConfigKeys (ConfUtils.java:logGet(44)) - raft.server.snapshot.retention.file.num = 5 (custom)
2021-11-05 13:00:08,805 [pool-540-thread-1] INFO  server.RaftServerConfigKeys (ConfUtils.java:logGet(44)) - raft.server.log.purge.upto.snapshot.index = false (default)
2021-11-05 13:00:08,806 [pool-540-thread-1] INFO  server.RaftServerConfigKeys (ConfUtils.java:logGet(44)) - raft.server.retrycache.expirytime = 600000ms (custom)
2021-11-05 13:00:08,806 [pool-540-thread-1] INFO  server.RaftServerConfigKeys (ConfUtils.java:logGet(44)) - raft.server.retrycache.statistics.expirytime = 100μs (default)
2021-11-05 13:00:08,807 [pool-540-thread-1] INFO  server.RaftServer$Division (RaftServerImpl.java:start(301)) - fa45fd2a-a6ef-4106-9a44-777d17a8e8f4@group-22F5320889A7: start as a follower, conf=-1: [76ef4e66-eace-4a3b-a369-d2a815523a61|rpc:10.1.0.23:41987|dataStream:|priority:0, fa45fd2a-a6ef-4106-9a44-777d17a8e8f4|rpc:10.1.0.23:43989|dataStream:|priority:1, 3ae4cb20-15ad-4779-a013-5b0fdc3aaee7|rpc:10.1.0.23:35115|dataStream:|priority:0], old=null
2021-11-05 13:00:08,807 [pool-540-thread-1] INFO  server.RaftServer$Division (RaftServerImpl.java:setRole(290)) - fa45fd2a-a6ef-4106-9a44-777d17a8e8f4@group-22F5320889A7: changes role from      null to FOLLOWER at term 0 for startAsFollower
2021-11-05 13:00:08,807 [pool-540-thread-1] INFO  impl.RoleInfo (RoleInfo.java:updateAndGet(130)) - fa45fd2a-a6ef-4106-9a44-777d17a8e8f4: start fa45fd2a-a6ef-4106-9a44-777d17a8e8f4@group-22F5320889A7-FollowerState
2021-11-05 13:00:08,810 [pool-540-thread-1] INFO  util.JmxRegister (JmxRegister.java:tryRegister(44)) - Successfully registered JMX Bean with object name Ratis:service=RaftServer,group=group-22F5320889A7,id=fa45fd2a-a6ef-4106-9a44-777d17a8e8f4
2021-11-05 13:00:08,849 [Command processor thread] INFO  commandhandler.CreatePipelineCommandHandler (CreatePipelineCommandHandler.java:handle(106)) - Created Pipeline RATIS THREE PipelineID=4477d87b-15ba-4f68-ae12-22f5320889a7.
2021-11-05 13:00:08,849 [Command processor thread] INFO  server.RaftServer (RaftServerProxy.java:addNew(95)) - 76ef4e66-eace-4a3b-a369-d2a815523a61: addNew group-46A48FF2B846:[76ef4e66-eace-4a3b-a369-d2a815523a61|rpc:10.1.0.23:41987|priority:1, fa45fd2a-a6ef-4106-9a44-777d17a8e8f4|rpc:10.1.0.23:43989|priority:0, 3ae4cb20-15ad-4779-a013-5b0fdc3aaee7|rpc:10.1.0.23:35115|priority:0] returns group-46A48FF2B846:java.util.concurrent.CompletableFuture@375fea87[Not completed]
2021-11-05 13:00:08,852 [pool-521-thread-1] INFO  server.RaftServer$Division (RaftServerImpl.java:<init>(184)) - 76ef4e66-eace-4a3b-a369-d2a815523a61: new RaftServerImpl for group-46A48FF2B846:[76ef4e66-eace-4a3b-a369-d2a815523a61|rpc:10.1.0.23:41987|priority:1, fa45fd2a-a6ef-4106-9a44-777d17a8e8f4|rpc:10.1.0.23:43989|priority:0, 3ae4cb20-15ad-4779-a013-5b0fdc3aaee7|rpc:10.1.0.23:35115|priority:0] with ContainerStateMachine:uninitialized
2021-11-05 13:00:08,852 [pool-521-thread-1] INFO  server.RaftServerConfigKeys (ConfUtils.java:logGet(44)) - raft.server.rpc.timeout.min = 5s (custom)
2021-11-05 13:00:08,852 [pool-521-thread-1] INFO  server.RaftServerConfigKeys (ConfUtils.java:logGet(44)) - raft.server.rpc.timeout.max = 5200ms (custom)
2021-11-05 13:00:08,852 [pool-521-thread-1] INFO  server.RaftServerConfigKeys (ConfUtils.java:logGet(44)) - raft.server.rpc.sleep.time = 25ms (default)
2021-11-05 13:00:08,852 [pool-521-thread-1] INFO  server.RaftServerConfigKeys (ConfUtils.java:logGet(44)) - raft.server.rpc.slowness.timeout = 300000ms (custom)
2021-11-05 13:00:08,852 [pool-521-thread-1] INFO  server.RaftServerConfigKeys (ConfUtils.java:logGet(44)) - raft.server.leaderelection.leader.step-down.wait-time = 10s (default)
2021-11-05 13:00:08,853 [pool-521-thread-1] INFO  server.RaftServerConfigKeys (ConfUtils.java:logGet(44)) - raft.server.sleep.deviation.threshold = 300ms (default)
2021-11-05 13:00:08,853 [pool-521-thread-1] INFO  server.RaftServerConfigKeys (ConfUtils.java:logGet(44)) - raft.server.log.appender.install.snapshot.enabled = false (custom)
2021-11-05 13:00:08,853 [pool-521-thread-1] INFO  server.RaftServer$Division (ServerState.java:<init>(105)) - 76ef4e66-eace-4a3b-a369-d2a815523a61@group-46A48FF2B846: ConfigurationManager, init=-1: [76ef4e66-eace-4a3b-a369-d2a815523a61|rpc:10.1.0.23:41987|priority:1, fa45fd2a-a6ef-4106-9a44-777d17a8e8f4|rpc:10.1.0.23:43989|priority:0, 3ae4cb20-15ad-4779-a013-5b0fdc3aaee7|rpc:10.1.0.23:35115|priority:0], old=null, confs=<EMPTY_MAP>
2021-11-05 13:00:08,853 [pool-521-thread-1] INFO  server.RaftServerConfigKeys (ConfUtils.java:logGet(44)) - raft.server.storage.dir = [/home/runner/work/ozone/ozone/hadoop-ozone/integration-test/target/test-dir/MiniOzoneClusterImpl-bdf76210-3e21-404e-9e17-65b92aec9f1a/datanode-0/data/ratis] (custom)
2021-11-05 13:00:08,853 [pool-521-thread-1] INFO  server.RaftServerConfigKeys (ConfUtils.java:logGet(44)) - raft.server.log.corruption.policy = EXCEPTION (default)
2021-11-05 13:00:08,853 [pool-521-thread-1] INFO  server.RaftServerConfigKeys (ConfUtils.java:logGet(44)) - raft.server.storage.free-space.min = 0MB (=0) (default)
2021-11-05 13:00:08,853 [pool-521-thread-1] INFO  storage.RaftStorageDirectory (RaftStorageDirectoryImpl.java:analyzeStorage(135)) - The storage directory /home/runner/work/ozone/ozone/hadoop-ozone/integration-test/target/test-dir/MiniOzoneClusterImpl-bdf76210-3e21-404e-9e17-65b92aec9f1a/datanode-0/data/ratis/31cdf347-9acf-41c8-b64f-46a48ff2b846 does not exist. Creating ...
2021-11-05 13:00:08,856 [pool-521-thread-1] INFO  storage.RaftStorageDirectory (RaftStorageDirectoryImpl.java:tryLock(230)) - Lock on /home/runner/work/ozone/ozone/hadoop-ozone/integration-test/target/test-dir/MiniOzoneClusterImpl-bdf76210-3e21-404e-9e17-65b92aec9f1a/datanode-0/data/ratis/31cdf347-9acf-41c8-b64f-46a48ff2b846/in_use.lock acquired by nodename 10214@fv-az151-875
2021-11-05 13:00:08,860 [pool-521-thread-1] INFO  storage.RaftStorage (RaftStorageImpl.java:format(89)) - Storage directory /home/runner/work/ozone/ozone/hadoop-ozone/integration-test/target/test-dir/MiniOzoneClusterImpl-bdf76210-3e21-404e-9e17-65b92aec9f1a/datanode-0/data/ratis/31cdf347-9acf-41c8-b64f-46a48ff2b846 has been successfully formatted.
2021-11-05 13:00:08,860 [pool-521-thread-1] INFO  ratis.ContainerStateMachine (ContainerStateMachine.java:loadSnapshot(224)) - group-46A48FF2B846: The snapshot info is null. Setting the last applied indexto:(t:0, i:~)
2021-11-05 13:00:08,864 [pool-521-thread-1] INFO  server.RaftServerConfigKeys (ConfUtils.java:logGet(44)) - raft.server.notification.no-leader.timeout = 300000ms (custom)
2021-11-05 13:00:08,864 [pool-521-thread-1] INFO  server.RaftServerConfigKeys (ConfUtils.java:logGet(44)) - raft.server.log.use.memory = false (default)
2021-11-05 13:00:08,864 [pool-521-thread-1] INFO  server.RaftServerConfigKeys (ConfUtils.java:logGet(44)) - raft.server.log.purge.gap = 1000000 (custom)
2021-11-05 13:00:08,864 [pool-521-thread-1] INFO  server.RaftServerConfigKeys (ConfUtils.java:logGet(44)) - raft.server.log.appender.buffer.byte-limit = 33554432 (custom)
2021-11-05 13:00:08,864 [pool-521-thread-1] INFO  server.RaftServerConfigKeys (ConfUtils.java:logGet(44)) - raft.server.log.segment.size.max = 1048576 (custom)
2021-11-05 13:00:08,865 [pool-521-thread-1] INFO  server.RaftServerConfigKeys (ConfUtils.java:logGet(44)) - raft.server.log.segment.cache.num.max = 2 (custom)
2021-11-05 13:00:08,865 [pool-521-thread-1] INFO  server.RaftServerConfigKeys (ConfUtils.java:logGet(44)) - raft.server.log.segment.cache.size.max = 200MB (=209715200) (default)
2021-11-05 13:00:08,865 [pool-521-thread-1] INFO  segmented.SegmentedRaftLogWorker (SegmentedRaftLogWorker.java:<init>(182)) - new 76ef4e66-eace-4a3b-a369-d2a815523a61@group-46A48FF2B846-SegmentedRaftLogWorker for RaftStorageImpl:Storage Directory /home/runner/work/ozone/ozone/hadoop-ozone/integration-test/target/test-dir/MiniOzoneClusterImpl-bdf76210-3e21-404e-9e17-65b92aec9f1a/datanode-0/data/ratis/31cdf347-9acf-41c8-b64f-46a48ff2b846
2021-11-05 13:00:08,865 [pool-521-thread-1] INFO  server.RaftServerConfigKeys (ConfUtils.java:logGet(44)) - raft.server.log.queue.byte-limit = 2147483647 (custom)
2021-11-05 13:00:08,865 [pool-521-thread-1] INFO  server.RaftServerConfigKeys (ConfUtils.java:logGet(44)) - raft.server.log.queue.element-limit = 1024 (custom)
2021-11-05 13:00:08,865 [pool-521-thread-1] INFO  server.RaftServerConfigKeys (ConfUtils.java:logGet(44)) - raft.server.log.segment.size.max = 1048576 (custom)
2021-11-05 13:00:08,865 [pool-521-thread-1] INFO  server.RaftServerConfigKeys (ConfUtils.java:logGet(44)) - raft.server.log.preallocated.size = 16384 (custom)
2021-11-05 13:00:08,865 [pool-521-thread-1] INFO  server.RaftServerConfigKeys (ConfUtils.java:logGet(44)) - raft.server.log.force.sync.num = 128 (default)
2021-11-05 13:00:08,865 [pool-521-thread-1] INFO  server.RaftServerConfigKeys (ConfUtils.java:logGet(44)) - raft.server.log.statemachine.data.sync = true (default)
2021-11-05 13:00:08,865 [pool-521-thread-1] INFO  server.RaftServerConfigKeys (ConfUtils.java:logGet(44)) - raft.server.log.statemachine.data.sync.timeout = 10s (default)
2021-11-05 13:00:08,865 [pool-521-thread-1] INFO  server.RaftServerConfigKeys (ConfUtils.java:logGet(44)) - raft.server.log.statemachine.data.sync.timeout.retry = -1 (default)
2021-11-05 13:00:08,865 [EventQueue-OpenPipelineForHealthyPipelineSafeModeRule] INFO  safemode.SCMSafeModeManager (HealthyPipelineSafeModeRule.java:process(124)) - SCM in safe mode. Healthy pipelines reported count is 0, required healthy pipeline reported count is 1
2021-11-05 13:00:08,866 [pool-521-thread-1] INFO  server.RaftServerConfigKeys (ConfUtils.java:logGet(44)) - raft.server.log.write.buffer.size = 1048576 (custom)
2021-11-05 13:00:08,867 [pool-521-thread-1] INFO  server.RaftServerConfigKeys (ConfUtils.java:logGet(44)) - raft.server.log.statemachine.data.caching.enabled = true (custom)
2021-11-05 13:00:08,867 [pool-521-thread-1] INFO  segmented.SegmentedRaftLogWorker (SegmentedRaftLogWorker.java:lambda$new$0(133)) - 76ef4e66-eace-4a3b-a369-d2a815523a61@group-46A48FF2B846-SegmentedRaftLogWorker: flushIndex: setUnconditionally 0 -> -1
2021-11-05 13:00:08,867 [pool-521-thread-1] INFO  segmented.SegmentedRaftLogWorker (SegmentedRaftLogWorker.java:lambda$new$0(133)) - 76ef4e66-eace-4a3b-a369-d2a815523a61@group-46A48FF2B846-SegmentedRaftLogWorker: safeCacheEvictIndex: setUnconditionally 0 -> -1
2021-11-05 13:00:08,875 [pool-521-thread-1] INFO  server.RaftServerConfigKeys (ConfUtils.java:logGet(44)) - raft.server.snapshot.auto.trigger.enabled = true (custom)
2021-11-05 13:00:08,875 [pool-521-thread-1] INFO  server.RaftServerConfigKeys (ConfUtils.java:logGet(44)) - raft.server.snapshot.auto.trigger.threshold = 10000 (custom)
2021-11-05 13:00:08,875 [pool-521-thread-1] INFO  server.RaftServerConfigKeys (ConfUtils.java:logGet(44)) - raft.server.snapshot.retention.file.num = 5 (custom)
2021-11-05 13:00:08,875 [pool-521-thread-1] INFO  server.RaftServerConfigKeys (ConfUtils.java:logGet(44)) - raft.server.log.purge.upto.snapshot.index = false (default)
2021-11-05 13:00:08,875 [pool-521-thread-1] INFO  server.RaftServerConfigKeys (ConfUtils.java:logGet(44)) - raft.server.retrycache.expirytime = 600000ms (custom)
2021-11-05 13:00:08,875 [pool-521-thread-1] INFO  server.RaftServerConfigKeys (ConfUtils.java:logGet(44)) - raft.server.retrycache.statistics.expirytime = 100μs (default)
2021-11-05 13:00:08,877 [pool-521-thread-1] INFO  server.RaftServer$Division (RaftServerImpl.java:start(301)) - 76ef4e66-eace-4a3b-a369-d2a815523a61@group-46A48FF2B846: start as a follower, conf=-1: [76ef4e66-eace-4a3b-a369-d2a815523a61|rpc:10.1.0.23:41987|priority:1, fa45fd2a-a6ef-4106-9a44-777d17a8e8f4|rpc:10.1.0.23:43989|priority:0, 3ae4cb20-15ad-4779-a013-5b0fdc3aaee7|rpc:10.1.0.23:35115|priority:0], old=null
2021-11-05 13:00:08,877 [pool-521-thread-1] INFO  server.RaftServer$Division (RaftServerImpl.java:setRole(290)) - 76ef4e66-eace-4a3b-a369-d2a815523a61@group-46A48FF2B846: changes role from      null to FOLLOWER at term 0 for startAsFollower
2021-11-05 13:00:08,877 [pool-521-thread-1] INFO  impl.RoleInfo (RoleInfo.java:updateAndGet(130)) - 76ef4e66-eace-4a3b-a369-d2a815523a61: start 76ef4e66-eace-4a3b-a369-d2a815523a61@group-46A48FF2B846-FollowerState
2021-11-05 13:00:08,904 [pool-521-thread-1] INFO  util.JmxRegister (JmxRegister.java:tryRegister(44)) - Successfully registered JMX Bean with object name Ratis:service=RaftServer,group=group-46A48FF2B846,id=76ef4e66-eace-4a3b-a369-d2a815523a61
2021-11-05 13:00:08,905 [Command processor thread] INFO  ratis.XceiverServerRatis (XceiverServerRatis.java:addGroup(768)) - Created group PipelineID=31cdf347-9acf-41c8-b64f-46a48ff2b846
2021-11-05 13:00:08,944 [grpc-default-executor-3] INFO  server.RaftServer (RaftServerProxy.java:addNew(95)) - 3ae4cb20-15ad-4779-a013-5b0fdc3aaee7: addNew group-46A48FF2B846:[76ef4e66-eace-4a3b-a369-d2a815523a61|rpc:10.1.0.23:41987|dataStream:|priority:1, fa45fd2a-a6ef-4106-9a44-777d17a8e8f4|rpc:10.1.0.23:43989|dataStream:|priority:0, 3ae4cb20-15ad-4779-a013-5b0fdc3aaee7|rpc:10.1.0.23:35115|dataStream:|priority:0] returns group-46A48FF2B846:java.util.concurrent.CompletableFuture@6c9e5ed4[Not completed]
2021-11-05 13:00:08,944 [pool-559-thread-1] INFO  server.RaftServer$Division (RaftServerImpl.java:<init>(184)) - 3ae4cb20-15ad-4779-a013-5b0fdc3aaee7: new RaftServerImpl for group-46A48FF2B846:[76ef4e66-eace-4a3b-a369-d2a815523a61|rpc:10.1.0.23:41987|dataStream:|priority:1, fa45fd2a-a6ef-4106-9a44-777d17a8e8f4|rpc:10.1.0.23:43989|dataStream:|priority:0, 3ae4cb20-15ad-4779-a013-5b0fdc3aaee7|rpc:10.1.0.23:35115|dataStream:|priority:0] with ContainerStateMachine:uninitialized
2021-11-05 13:00:08,944 [pool-559-thread-1] INFO  server.RaftServerConfigKeys (ConfUtils.java:logGet(44)) - raft.server.rpc.timeout.min = 5s (custom)
2021-11-05 13:00:08,944 [pool-559-thread-1] INFO  server.RaftServerConfigKeys (ConfUtils.java:logGet(44)) - raft.server.rpc.timeout.max = 5200ms (custom)
2021-11-05 13:00:08,944 [pool-559-thread-1] INFO  server.RaftServerConfigKeys (ConfUtils.java:logGet(44)) - raft.server.rpc.sleep.time = 25ms (default)
2021-11-05 13:00:08,944 [pool-559-thread-1] INFO  server.RaftServerConfigKeys (ConfUtils.java:logGet(44)) - raft.server.rpc.slowness.timeout = 300000ms (custom)
2021-11-05 13:00:08,944 [pool-559-thread-1] INFO  server.RaftServerConfigKeys (ConfUtils.java:logGet(44)) - raft.server.leaderelection.leader.step-down.wait-time = 10s (default)
2021-11-05 13:00:08,944 [pool-559-thread-1] INFO  server.RaftServerConfigKeys (ConfUtils.java:logGet(44)) - raft.server.sleep.deviation.threshold = 300ms (default)
2021-11-05 13:00:08,944 [pool-559-thread-1] INFO  server.RaftServerConfigKeys (ConfUtils.java:logGet(44)) - raft.server.log.appender.install.snapshot.enabled = false (custom)
2021-11-05 13:00:08,945 [pool-559-thread-1] INFO  server.RaftServer$Division (ServerState.java:<init>(105)) - 3ae4cb20-15ad-4779-a013-5b0fdc3aaee7@group-46A48FF2B846: ConfigurationManager, init=-1: [76ef4e66-eace-4a3b-a369-d2a815523a61|rpc:10.1.0.23:41987|dataStream:|priority:1, fa45fd2a-a6ef-4106-9a44-777d17a8e8f4|rpc:10.1.0.23:43989|dataStream:|priority:0, 3ae4cb20-15ad-4779-a013-5b0fdc3aaee7|rpc:10.1.0.23:35115|dataStream:|priority:0], old=null, confs=<EMPTY_MAP>
2021-11-05 13:00:08,945 [pool-559-thread-1] INFO  server.RaftServerConfigKeys (ConfUtils.java:logGet(44)) - raft.server.storage.dir = [/home/runner/work/ozone/ozone/hadoop-ozone/integration-test/target/test-dir/MiniOzoneClusterImpl-bdf76210-3e21-404e-9e17-65b92aec9f1a/datanode-2/data/ratis] (custom)
2021-11-05 13:00:08,945 [pool-559-thread-1] INFO  server.RaftServerConfigKeys (ConfUtils.java:logGet(44)) - raft.server.log.corruption.policy = EXCEPTION (default)
2021-11-05 13:00:08,945 [pool-559-thread-1] INFO  server.RaftServerConfigKeys (ConfUtils.java:logGet(44)) - raft.server.storage.free-space.min = 0MB (=0) (default)
2021-11-05 13:00:08,945 [pool-559-thread-1] INFO  storage.RaftStorageDirectory (RaftStorageDirectoryImpl.java:analyzeStorage(135)) - The storage directory /home/runner/work/ozone/ozone/hadoop-ozone/integration-test/target/test-dir/MiniOzoneClusterImpl-bdf76210-3e21-404e-9e17-65b92aec9f1a/datanode-2/data/ratis/31cdf347-9acf-41c8-b64f-46a48ff2b846 does not exist. Creating ...
2021-11-05 13:00:08,946 [pool-559-thread-1] INFO  storage.RaftStorageDirectory (RaftStorageDirectoryImpl.java:tryLock(230)) - Lock on /home/runner/work/ozone/ozone/hadoop-ozone/integration-test/target/test-dir/MiniOzoneClusterImpl-bdf76210-3e21-404e-9e17-65b92aec9f1a/datanode-2/data/ratis/31cdf347-9acf-41c8-b64f-46a48ff2b846/in_use.lock acquired by nodename 10214@fv-az151-875
2021-11-05 13:00:08,948 [pool-559-thread-1] INFO  storage.RaftStorage (RaftStorageImpl.java:format(89)) - Storage directory /home/runner/work/ozone/ozone/hadoop-ozone/integration-test/target/test-dir/MiniOzoneClusterImpl-bdf76210-3e21-404e-9e17-65b92aec9f1a/datanode-2/data/ratis/31cdf347-9acf-41c8-b64f-46a48ff2b846 has been successfully formatted.
2021-11-05 13:00:08,948 [pool-559-thread-1] INFO  ratis.ContainerStateMachine (ContainerStateMachine.java:loadSnapshot(224)) - group-46A48FF2B846: The snapshot info is null. Setting the last applied indexto:(t:0, i:~)
2021-11-05 13:00:08,960 [Command processor thread] INFO  server.RaftServer (RaftServerProxy.java:addNew(95)) - fa45fd2a-a6ef-4106-9a44-777d17a8e8f4: addNew group-1FA21D5FAFDD:[fa45fd2a-a6ef-4106-9a44-777d17a8e8f4|rpc:10.1.0.23:43989|priority:1] returns group-1FA21D5FAFDD:java.util.concurrent.CompletableFuture@17a52074[Not completed]
2021-11-05 13:00:08,961 [pool-540-thread-1] INFO  server.RaftServer$Division (RaftServerImpl.java:<init>(184)) - fa45fd2a-a6ef-4106-9a44-777d17a8e8f4: new RaftServerImpl for group-1FA21D5FAFDD:[fa45fd2a-a6ef-4106-9a44-777d17a8e8f4|rpc:10.1.0.23:43989|priority:1] with ContainerStateMachine:uninitialized
2021-11-05 13:00:08,961 [pool-540-thread-1] INFO  server.RaftServerConfigKeys (ConfUtils.java:logGet(44)) - raft.server.rpc.timeout.min = 5s (custom)
2021-11-05 13:00:08,961 [pool-540-thread-1] INFO  server.RaftServerConfigKeys (ConfUtils.java:logGet(44)) - raft.server.rpc.timeout.max = 5200ms (custom)
2021-11-05 13:00:08,961 [pool-540-thread-1] INFO  server.RaftServerConfigKeys (ConfUtils.java:logGet(44)) - raft.server.rpc.sleep.time = 25ms (default)
2021-11-05 13:00:08,961 [pool-540-thread-1] INFO  server.RaftServerConfigKeys (ConfUtils.java:logGet(44)) - raft.server.rpc.slowness.timeout = 300000ms (custom)
2021-11-05 13:00:08,961 [pool-540-thread-1] INFO  server.RaftServerConfigKeys (ConfUtils.java:logGet(44)) - raft.server.leaderelection.leader.step-down.wait-time = 10s (default)
2021-11-05 13:00:08,961 [pool-540-thread-1] INFO  server.RaftServerConfigKeys (ConfUtils.java:logGet(44)) - raft.server.sleep.deviation.threshold = 300ms (default)
2021-11-05 13:00:08,961 [pool-540-thread-1] INFO  server.RaftServerConfigKeys (ConfUtils.java:logGet(44)) - raft.server.log.appender.install.snapshot.enabled = false (custom)
2021-11-05 13:00:08,961 [pool-540-thread-1] INFO  server.RaftServer$Division (ServerState.java:<init>(105)) - fa45fd2a-a6ef-4106-9a44-777d17a8e8f4@group-1FA21D5FAFDD: ConfigurationManager, init=-1: [fa45fd2a-a6ef-4106-9a44-777d17a8e8f4|rpc:10.1.0.23:43989|priority:1], old=null, confs=<EMPTY_MAP>
2021-11-05 13:00:08,961 [pool-540-thread-1] INFO  server.RaftServerConfigKeys (ConfUtils.java:logGet(44)) - raft.server.storage.dir = [/home/runner/work/ozone/ozone/hadoop-ozone/integration-test/target/test-dir/MiniOzoneClusterImpl-bdf76210-3e21-404e-9e17-65b92aec9f1a/datanode-1/data/ratis] (custom)
2021-11-05 13:00:08,961 [pool-540-thread-1] INFO  server.RaftServerConfigKeys (ConfUtils.java:logGet(44)) - raft.server.log.corruption.policy = EXCEPTION (default)
2021-11-05 13:00:08,961 [pool-540-thread-1] INFO  server.RaftServerConfigKeys (ConfUtils.java:logGet(44)) - raft.server.storage.free-space.min = 0MB (=0) (default)
2021-11-05 13:00:08,961 [pool-540-thread-1] INFO  storage.RaftStorageDirectory (RaftStorageDirectoryImpl.java:analyzeStorage(135)) - The storage directory /home/runner/work/ozone/ozone/hadoop-ozone/integration-test/target/test-dir/MiniOzoneClusterImpl-bdf76210-3e21-404e-9e17-65b92aec9f1a/datanode-1/data/ratis/9a8c8b22-4b43-436c-8b5e-1fa21d5fafdd does not exist. Creating ...
2021-11-05 13:00:08,963 [pool-540-thread-1] INFO  storage.RaftStorageDirectory (RaftStorageDirectoryImpl.java:tryLock(230)) - Lock on /home/runner/work/ozone/ozone/hadoop-ozone/integration-test/target/test-dir/MiniOzoneClusterImpl-bdf76210-3e21-404e-9e17-65b92aec9f1a/datanode-1/data/ratis/9a8c8b22-4b43-436c-8b5e-1fa21d5fafdd/in_use.lock acquired by nodename 10214@fv-az151-875
2021-11-05 13:00:08,965 [pool-540-thread-1] INFO  storage.RaftStorage (RaftStorageImpl.java:format(89)) - Storage directory /home/runner/work/ozone/ozone/hadoop-ozone/integration-test/target/test-dir/MiniOzoneClusterImpl-bdf76210-3e21-404e-9e17-65b92aec9f1a/datanode-1/data/ratis/9a8c8b22-4b43-436c-8b5e-1fa21d5fafdd has been successfully formatted.
2021-11-05 13:00:08,965 [pool-540-thread-1] INFO  ratis.ContainerStateMachine (ContainerStateMachine.java:loadSnapshot(224)) - group-1FA21D5FAFDD: The snapshot info is null. Setting the last applied indexto:(t:0, i:~)
2021-11-05 13:00:08,965 [pool-540-thread-1] INFO  server.RaftServerConfigKeys (ConfUtils.java:logGet(44)) - raft.server.notification.no-leader.timeout = 300000ms (custom)
2021-11-05 13:00:08,965 [pool-540-thread-1] INFO  server.RaftServerConfigKeys (ConfUtils.java:logGet(44)) - raft.server.log.use.memory = false (default)
2021-11-05 13:00:08,966 [EventQueue-PipelineReportForPipelineReportHandler] INFO  pipeline.PipelineManagerImpl (PipelineManagerImpl.java:openPipeline(289)) - Pipeline Pipeline[ Id: 9a8c8b22-4b43-436c-8b5e-1fa21d5fafdd, Nodes: fa45fd2a-a6ef-4106-9a44-777d17a8e8f4{ip: 10.1.0.23, host: fv-az151-875.yf2hydr00wburbhx3j5hxtcipe.bx.internal.cloudapp.net, ports: [REPLICATION=35839, RATIS=43989, RATIS_ADMIN=43989, RATIS_SERVER=43989, STANDALONE=44877], networkLocation: /default-rack, certSerialId: null, persistedOpState: IN_SERVICE, persistedOpStateExpiryEpochSec: 0}, ReplicationConfig: RATIS/ONE, State:ALLOCATED, leaderId:fa45fd2a-a6ef-4106-9a44-777d17a8e8f4, CreationTimestamp2021-11-05T13:00:06.084Z[Etc/UTC]] moved to OPEN state
2021-11-05 13:00:08,967 [EventQueue-OpenPipelineForHealthyPipelineSafeModeRule] INFO  safemode.SCMSafeModeManager (HealthyPipelineSafeModeRule.java:process(124)) - SCM in safe mode. Healthy pipelines reported count is 0, required healthy pipeline reported count is 1
2021-11-05 13:00:08,967 [pool-540-thread-1] INFO  server.RaftServerConfigKeys (ConfUtils.java:logGet(44)) - raft.server.log.purge.gap = 1000000 (custom)
2021-11-05 13:00:08,967 [pool-540-thread-1] INFO  server.RaftServerConfigKeys (ConfUtils.java:logGet(44)) - raft.server.log.appender.buffer.byte-limit = 33554432 (custom)
2021-11-05 13:00:08,967 [pool-540-thread-1] INFO  server.RaftServerConfigKeys (ConfUtils.java:logGet(44)) - raft.server.log.segment.size.max = 1048576 (custom)
2021-11-05 13:00:08,968 [pool-540-thread-1] INFO  server.RaftServerConfigKeys (ConfUtils.java:logGet(44)) - raft.server.log.segment.cache.num.max = 2 (custom)
2021-11-05 13:00:08,968 [pool-540-thread-1] INFO  server.RaftServerConfigKeys (ConfUtils.java:logGet(44)) - raft.server.log.segment.cache.size.max = 200MB (=209715200) (default)
2021-11-05 13:00:08,968 [pool-540-thread-1] INFO  segmented.SegmentedRaftLogWorker (SegmentedRaftLogWorker.java:<init>(182)) - new fa45fd2a-a6ef-4106-9a44-777d17a8e8f4@group-1FA21D5FAFDD-SegmentedRaftLogWorker for RaftStorageImpl:Storage Directory /home/runner/work/ozone/ozone/hadoop-ozone/integration-test/target/test-dir/MiniOzoneClusterImpl-bdf76210-3e21-404e-9e17-65b92aec9f1a/datanode-1/data/ratis/9a8c8b22-4b43-436c-8b5e-1fa21d5fafdd
2021-11-05 13:00:08,968 [pool-540-thread-1] INFO  server.RaftServerConfigKeys (ConfUtils.java:logGet(44)) - raft.server.log.queue.byte-limit = 2147483647 (custom)
2021-11-05 13:00:08,968 [pool-540-thread-1] INFO  server.RaftServerConfigKeys (ConfUtils.java:logGet(44)) - raft.server.log.queue.element-limit = 1024 (custom)
2021-11-05 13:00:08,968 [pool-540-thread-1] INFO  server.RaftServerConfigKeys (ConfUtils.java:logGet(44)) - raft.server.log.segment.size.max = 1048576 (custom)
2021-11-05 13:00:08,968 [pool-540-thread-1] INFO  server.RaftServerConfigKeys (ConfUtils.java:logGet(44)) - raft.server.log.preallocated.size = 16384 (custom)
2021-11-05 13:00:08,968 [pool-540-thread-1] INFO  server.RaftServerConfigKeys (ConfUtils.java:logGet(44)) - raft.server.log.force.sync.num = 128 (default)
2021-11-05 13:00:08,968 [pool-540-thread-1] INFO  server.RaftServerConfigKeys (ConfUtils.java:logGet(44)) - raft.server.log.statemachine.data.sync = true (default)
2021-11-05 13:00:08,968 [pool-540-thread-1] INFO  server.RaftServerConfigKeys (ConfUtils.java:logGet(44)) - raft.server.log.statemachine.data.sync.timeout = 10s (default)
2021-11-05 13:00:08,968 [pool-540-thread-1] INFO  server.RaftServerConfigKeys (ConfUtils.java:logGet(44)) - raft.server.log.statemachine.data.sync.timeout.retry = -1 (default)
2021-11-05 13:00:08,969 [pool-540-thread-1] INFO  server.RaftServerConfigKeys (ConfUtils.java:logGet(44)) - raft.server.log.write.buffer.size = 1048576 (custom)
2021-11-05 13:00:08,970 [pool-540-thread-1] INFO  server.RaftServerConfigKeys (ConfUtils.java:logGet(44)) - raft.server.log.statemachine.data.caching.enabled = true (custom)
2021-11-05 13:00:08,970 [pool-540-thread-1] INFO  segmented.SegmentedRaftLogWorker (SegmentedRaftLogWorker.java:lambda$new$0(133)) - fa45fd2a-a6ef-4106-9a44-777d17a8e8f4@group-1FA21D5FAFDD-SegmentedRaftLogWorker: flushIndex: setUnconditionally 0 -> -1
2021-11-05 13:00:08,970 [pool-540-thread-1] INFO  segmented.SegmentedRaftLogWorker (SegmentedRaftLogWorker.java:lambda$new$0(133)) - fa45fd2a-a6ef-4106-9a44-777d17a8e8f4@group-1FA21D5FAFDD-SegmentedRaftLogWorker: safeCacheEvictIndex: setUnconditionally 0 -> -1
2021-11-05 13:00:08,970 [pool-540-thread-1] INFO  server.RaftServerConfigKeys (ConfUtils.java:logGet(44)) - raft.server.snapshot.auto.trigger.enabled = true (custom)
2021-11-05 13:00:08,970 [pool-540-thread-1] INFO  server.RaftServerConfigKeys (ConfUtils.java:logGet(44)) - raft.server.snapshot.auto.trigger.threshold = 10000 (custom)
2021-11-05 13:00:08,970 [pool-540-thread-1] INFO  server.RaftServerConfigKeys (ConfUtils.java:logGet(44)) - raft.server.snapshot.retention.file.num = 5 (custom)
2021-11-05 13:00:08,970 [pool-540-thread-1] INFO  server.RaftServerConfigKeys (ConfUtils.java:logGet(44)) - raft.server.log.purge.upto.snapshot.index = false (default)
2021-11-05 13:00:08,970 [pool-540-thread-1] INFO  server.RaftServerConfigKeys (ConfUtils.java:logGet(44)) - raft.server.retrycache.expirytime = 600000ms (custom)
2021-11-05 13:00:08,970 [pool-540-thread-1] INFO  server.RaftServerConfigKeys (ConfUtils.java:logGet(44)) - raft.server.retrycache.statistics.expirytime = 100μs (default)
2021-11-05 13:00:08,973 [pool-559-thread-1] INFO  server.RaftServerConfigKeys (ConfUtils.java:logGet(44)) - raft.server.notification.no-leader.timeout = 300000ms (custom)
2021-11-05 13:00:08,973 [pool-559-thread-1] INFO  server.RaftServerConfigKeys (ConfUtils.java:logGet(44)) - raft.server.log.use.memory = false (default)
2021-11-05 13:00:08,973 [pool-559-thread-1] INFO  server.RaftServerConfigKeys (ConfUtils.java:logGet(44)) - raft.server.log.purge.gap = 1000000 (custom)
2021-11-05 13:00:08,973 [pool-559-thread-1] INFO  server.RaftServerConfigKeys (ConfUtils.java:logGet(44)) - raft.server.log.appender.buffer.byte-limit = 33554432 (custom)
2021-11-05 13:00:08,973 [pool-559-thread-1] INFO  server.RaftServerConfigKeys (ConfUtils.java:logGet(44)) - raft.server.log.segment.size.max = 1048576 (custom)
2021-11-05 13:00:08,974 [pool-559-thread-1] INFO  server.RaftServerConfigKeys (ConfUtils.java:logGet(44)) - raft.server.log.segment.cache.num.max = 2 (custom)
2021-11-05 13:00:08,974 [pool-559-thread-1] INFO  server.RaftServerConfigKeys (ConfUtils.java:logGet(44)) - raft.server.log.segment.cache.size.max = 200MB (=209715200) (default)
2021-11-05 13:00:08,974 [pool-559-thread-1] INFO  segmented.SegmentedRaftLogWorker (SegmentedRaftLogWorker.java:<init>(182)) - new 3ae4cb20-15ad-4779-a013-5b0fdc3aaee7@group-46A48FF2B846-SegmentedRaftLogWorker for RaftStorageImpl:Storage Directory /home/runner/work/ozone/ozone/hadoop-ozone/integration-test/target/test-dir/MiniOzoneClusterImpl-bdf76210-3e21-404e-9e17-65b92aec9f1a/datanode-2/data/ratis/31cdf347-9acf-41c8-b64f-46a48ff2b846
2021-11-05 13:00:08,974 [pool-559-thread-1] INFO  server.RaftServerConfigKeys (ConfUtils.java:logGet(44)) - raft.server.log.queue.byte-limit = 2147483647 (custom)
2021-11-05 13:00:08,974 [pool-559-thread-1] INFO  server.RaftServerConfigKeys (ConfUtils.java:logGet(44)) - raft.server.log.queue.element-limit = 1024 (custom)
2021-11-05 13:00:08,974 [pool-559-thread-1] INFO  server.RaftServerConfigKeys (ConfUtils.java:logGet(44)) - raft.server.log.segment.size.max = 1048576 (custom)
2021-11-05 13:00:08,974 [pool-559-thread-1] INFO  server.RaftServerConfigKeys (ConfUtils.java:logGet(44)) - raft.server.log.preallocated.size = 16384 (custom)
2021-11-05 13:00:08,974 [pool-559-thread-1] INFO  server.RaftServerConfigKeys (ConfUtils.java:logGet(44)) - raft.server.log.force.sync.num = 128 (default)
2021-11-05 13:00:08,974 [pool-559-thread-1] INFO  server.RaftServerConfigKeys (ConfUtils.java:logGet(44)) - raft.server.log.statemachine.data.sync = true (default)
2021-11-05 13:00:08,974 [pool-559-thread-1] INFO  server.RaftServerConfigKeys (ConfUtils.java:logGet(44)) - raft.server.log.statemachine.data.sync.timeout = 10s (default)
2021-11-05 13:00:08,974 [pool-559-thread-1] INFO  server.RaftServerConfigKeys (ConfUtils.java:logGet(44)) - raft.server.log.statemachine.data.sync.timeout.retry = -1 (default)
2021-11-05 13:00:08,975 [pool-559-thread-1] INFO  server.RaftServerConfigKeys (ConfUtils.java:logGet(44)) - raft.server.log.write.buffer.size = 1048576 (custom)
2021-11-05 13:00:08,980 [pool-540-thread-1] INFO  server.RaftServer$Division (RaftServerImpl.java:start(301)) - fa45fd2a-a6ef-4106-9a44-777d17a8e8f4@group-1FA21D5FAFDD: start as a follower, conf=-1: [fa45fd2a-a6ef-4106-9a44-777d17a8e8f4|rpc:10.1.0.23:43989|priority:1], old=null
2021-11-05 13:00:08,980 [pool-540-thread-1] INFO  server.RaftServer$Division (RaftServerImpl.java:setRole(290)) - fa45fd2a-a6ef-4106-9a44-777d17a8e8f4@group-1FA21D5FAFDD: changes role from      null to FOLLOWER at term 0 for startAsFollower
2021-11-05 13:00:08,980 [pool-540-thread-1] INFO  impl.RoleInfo (RoleInfo.java:updateAndGet(130)) - fa45fd2a-a6ef-4106-9a44-777d17a8e8f4: start fa45fd2a-a6ef-4106-9a44-777d17a8e8f4@group-1FA21D5FAFDD-FollowerState
2021-11-05 13:00:08,981 [pool-559-thread-1] INFO  server.RaftServerConfigKeys (ConfUtils.java:logGet(44)) - raft.server.log.statemachine.data.caching.enabled = true (custom)
2021-11-05 13:00:08,981 [pool-559-thread-1] INFO  segmented.SegmentedRaftLogWorker (SegmentedRaftLogWorker.java:lambda$new$0(133)) - 3ae4cb20-15ad-4779-a013-5b0fdc3aaee7@group-46A48FF2B846-SegmentedRaftLogWorker: flushIndex: setUnconditionally 0 -> -1
2021-11-05 13:00:08,981 [pool-559-thread-1] INFO  segmented.SegmentedRaftLogWorker (SegmentedRaftLogWorker.java:lambda$new$0(133)) - 3ae4cb20-15ad-4779-a013-5b0fdc3aaee7@group-46A48FF2B846-SegmentedRaftLogWorker: safeCacheEvictIndex: setUnconditionally 0 -> -1
2021-11-05 13:00:08,981 [pool-540-thread-1] INFO  util.JmxRegister (JmxRegister.java:tryRegister(44)) - Successfully registered JMX Bean with object name Ratis:service=RaftServer,group=group-1FA21D5FAFDD,id=fa45fd2a-a6ef-4106-9a44-777d17a8e8f4
2021-11-05 13:00:08,982 [Command processor thread] INFO  ratis.XceiverServerRatis (XceiverServerRatis.java:addGroup(768)) - Created group PipelineID=9a8c8b22-4b43-436c-8b5e-1fa21d5fafdd
2021-11-05 13:00:08,982 [Command processor thread] INFO  commandhandler.CreatePipelineCommandHandler (CreatePipelineCommandHandler.java:handle(106)) - Created Pipeline RATIS ONE PipelineID=9a8c8b22-4b43-436c-8b5e-1fa21d5fafdd.
2021-11-05 13:00:08,982 [Command processor thread] INFO  server.RaftServer (RaftServerProxy.java:addNew(95)) - fa45fd2a-a6ef-4106-9a44-777d17a8e8f4: addNew group-46A48FF2B846:[76ef4e66-eace-4a3b-a369-d2a815523a61|rpc:10.1.0.23:41987|priority:1, fa45fd2a-a6ef-4106-9a44-777d17a8e8f4|rpc:10.1.0.23:43989|priority:0, 3ae4cb20-15ad-4779-a013-5b0fdc3aaee7|rpc:10.1.0.23:35115|priority:0] returns group-46A48FF2B846:java.util.concurrent.CompletableFuture@1962ccf0[Not completed]
2021-11-05 13:00:08,983 [pool-540-thread-1] INFO  server.RaftServer$Division (RaftServerImpl.java:<init>(184)) - fa45fd2a-a6ef-4106-9a44-777d17a8e8f4: new RaftServerImpl for group-46A48FF2B846:[76ef4e66-eace-4a3b-a369-d2a815523a61|rpc:10.1.0.23:41987|priority:1, fa45fd2a-a6ef-4106-9a44-777d17a8e8f4|rpc:10.1.0.23:43989|priority:0, 3ae4cb20-15ad-4779-a013-5b0fdc3aaee7|rpc:10.1.0.23:35115|priority:0] with ContainerStateMachine:uninitialized
2021-11-05 13:00:08,983 [pool-540-thread-1] INFO  server.RaftServerConfigKeys (ConfUtils.java:logGet(44)) - raft.server.rpc.timeout.min = 5s (custom)
2021-11-05 13:00:08,983 [pool-540-thread-1] INFO  server.RaftServerConfigKeys (ConfUtils.java:logGet(44)) - raft.server.rpc.timeout.max = 5200ms (custom)
2021-11-05 13:00:08,983 [pool-540-thread-1] INFO  server.RaftServerConfigKeys (ConfUtils.java:logGet(44)) - raft.server.rpc.sleep.time = 25ms (default)
2021-11-05 13:00:08,983 [pool-540-thread-1] INFO  server.RaftServerConfigKeys (ConfUtils.java:logGet(44)) - raft.server.rpc.slowness.timeout = 300000ms (custom)
2021-11-05 13:00:08,983 [pool-540-thread-1] INFO  server.RaftServerConfigKeys (ConfUtils.java:logGet(44)) - raft.server.leaderelection.leader.step-down.wait-time = 10s (default)
2021-11-05 13:00:08,983 [pool-540-thread-1] INFO  server.RaftServerConfigKeys (ConfUtils.java:logGet(44)) - raft.server.sleep.deviation.threshold = 300ms (default)
2021-11-05 13:00:08,983 [pool-540-thread-1] INFO  server.RaftServerConfigKeys (ConfUtils.java:logGet(44)) - raft.server.log.appender.install.snapshot.enabled = false (custom)
2021-11-05 13:00:08,983 [pool-540-thread-1] INFO  server.RaftServer$Division (ServerState.java:<init>(105)) - fa45fd2a-a6ef-4106-9a44-777d17a8e8f4@group-46A48FF2B846: ConfigurationManager, init=-1: [76ef4e66-eace-4a3b-a369-d2a815523a61|rpc:10.1.0.23:41987|priority:1, fa45fd2a-a6ef-4106-9a44-777d17a8e8f4|rpc:10.1.0.23:43989|priority:0, 3ae4cb20-15ad-4779-a013-5b0fdc3aaee7|rpc:10.1.0.23:35115|priority:0], old=null, confs=<EMPTY_MAP>
2021-11-05 13:00:08,983 [pool-540-thread-1] INFO  server.RaftServerConfigKeys (ConfUtils.java:logGet(44)) - raft.server.storage.dir = [/home/runner/work/ozone/ozone/hadoop-ozone/integration-test/target/test-dir/MiniOzoneClusterImpl-bdf76210-3e21-404e-9e17-65b92aec9f1a/datanode-1/data/ratis] (custom)
2021-11-05 13:00:08,983 [pool-540-thread-1] INFO  server.RaftServerConfigKeys (ConfUtils.java:logGet(44)) - raft.server.log.corruption.policy = EXCEPTION (default)
2021-11-05 13:00:08,983 [pool-540-thread-1] INFO  server.RaftServerConfigKeys (ConfUtils.java:logGet(44)) - raft.server.storage.free-space.min = 0MB (=0) (default)
2021-11-05 13:00:08,986 [pool-540-thread-1] INFO  storage.RaftStorageDirectory (RaftStorageDirectoryImpl.java:analyzeStorage(135)) - The storage directory /home/runner/work/ozone/ozone/hadoop-ozone/integration-test/target/test-dir/MiniOzoneClusterImpl-bdf76210-3e21-404e-9e17-65b92aec9f1a/datanode-1/data/ratis/31cdf347-9acf-41c8-b64f-46a48ff2b846 does not exist. Creating ...
2021-11-05 13:00:08,992 [pool-540-thread-1] INFO  storage.RaftStorageDirectory (RaftStorageDirectoryImpl.java:tryLock(230)) - Lock on /home/runner/work/ozone/ozone/hadoop-ozone/integration-test/target/test-dir/MiniOzoneClusterImpl-bdf76210-3e21-404e-9e17-65b92aec9f1a/datanode-1/data/ratis/31cdf347-9acf-41c8-b64f-46a48ff2b846/in_use.lock acquired by nodename 10214@fv-az151-875
2021-11-05 13:00:08,995 [pool-559-thread-1] INFO  server.RaftServerConfigKeys (ConfUtils.java:logGet(44)) - raft.server.snapshot.auto.trigger.enabled = true (custom)
2021-11-05 13:00:08,995 [pool-559-thread-1] INFO  server.RaftServerConfigKeys (ConfUtils.java:logGet(44)) - raft.server.snapshot.auto.trigger.threshold = 10000 (custom)
2021-11-05 13:00:08,995 [pool-559-thread-1] INFO  server.RaftServerConfigKeys (ConfUtils.java:logGet(44)) - raft.server.snapshot.retention.file.num = 5 (custom)
2021-11-05 13:00:08,995 [pool-559-thread-1] INFO  server.RaftServerConfigKeys (ConfUtils.java:logGet(44)) - raft.server.log.purge.upto.snapshot.index = false (default)
2021-11-05 13:00:09,000 [pool-540-thread-1] INFO  storage.RaftStorage (RaftStorageImpl.java:format(89)) - Storage directory /home/runner/work/ozone/ozone/hadoop-ozone/integration-test/target/test-dir/MiniOzoneClusterImpl-bdf76210-3e21-404e-9e17-65b92aec9f1a/datanode-1/data/ratis/31cdf347-9acf-41c8-b64f-46a48ff2b846 has been successfully formatted.
2021-11-05 13:00:09,004 [pool-540-thread-1] INFO  ratis.ContainerStateMachine (ContainerStateMachine.java:loadSnapshot(224)) - group-46A48FF2B846: The snapshot info is null. Setting the last applied indexto:(t:0, i:~)
2021-11-05 13:00:09,004 [pool-559-thread-1] INFO  server.RaftServerConfigKeys (ConfUtils.java:logGet(44)) - raft.server.retrycache.expirytime = 600000ms (custom)
2021-11-05 13:00:09,004 [pool-559-thread-1] INFO  server.RaftServerConfigKeys (ConfUtils.java:logGet(44)) - raft.server.retrycache.statistics.expirytime = 100μs (default)
2021-11-05 13:00:09,006 [pool-559-thread-1] INFO  server.RaftServer$Division (RaftServerImpl.java:start(301)) - 3ae4cb20-15ad-4779-a013-5b0fdc3aaee7@group-46A48FF2B846: start as a follower, conf=-1: [76ef4e66-eace-4a3b-a369-d2a815523a61|rpc:10.1.0.23:41987|dataStream:|priority:1, fa45fd2a-a6ef-4106-9a44-777d17a8e8f4|rpc:10.1.0.23:43989|dataStream:|priority:0, 3ae4cb20-15ad-4779-a013-5b0fdc3aaee7|rpc:10.1.0.23:35115|dataStream:|priority:0], old=null
2021-11-05 13:00:09,006 [pool-559-thread-1] INFO  server.RaftServer$Division (RaftServerImpl.java:setRole(290)) - 3ae4cb20-15ad-4779-a013-5b0fdc3aaee7@group-46A48FF2B846: changes role from      null to FOLLOWER at term 0 for startAsFollower
2021-11-05 13:00:09,006 [pool-559-thread-1] INFO  impl.RoleInfo (RoleInfo.java:updateAndGet(130)) - 3ae4cb20-15ad-4779-a013-5b0fdc3aaee7: start 3ae4cb20-15ad-4779-a013-5b0fdc3aaee7@group-46A48FF2B846-FollowerState
2021-11-05 13:00:09,011 [pool-540-thread-1] INFO  server.RaftServerConfigKeys (ConfUtils.java:logGet(44)) - raft.server.notification.no-leader.timeout = 300000ms (custom)
2021-11-05 13:00:09,011 [pool-540-thread-1] INFO  server.RaftServerConfigKeys (ConfUtils.java:logGet(44)) - raft.server.log.use.memory = false (default)
2021-11-05 13:00:09,011 [pool-540-thread-1] INFO  server.RaftServerConfigKeys (ConfUtils.java:logGet(44)) - raft.server.log.purge.gap = 1000000 (custom)
2021-11-05 13:00:09,011 [pool-540-thread-1] INFO  server.RaftServerConfigKeys (ConfUtils.java:logGet(44)) - raft.server.log.appender.buffer.byte-limit = 33554432 (custom)
2021-11-05 13:00:09,012 [pool-540-thread-1] INFO  server.RaftServerConfigKeys (ConfUtils.java:logGet(44)) - raft.server.log.segment.size.max = 1048576 (custom)
2021-11-05 13:00:09,012 [pool-540-thread-1] INFO  server.RaftServerConfigKeys (ConfUtils.java:logGet(44)) - raft.server.log.segment.cache.num.max = 2 (custom)
2021-11-05 13:00:09,012 [pool-540-thread-1] INFO  server.RaftServerConfigKeys (ConfUtils.java:logGet(44)) - raft.server.log.segment.cache.size.max = 200MB (=209715200) (default)
2021-11-05 13:00:09,013 [pool-540-thread-1] INFO  segmented.SegmentedRaftLogWorker (SegmentedRaftLogWorker.java:<init>(182)) - new fa45fd2a-a6ef-4106-9a44-777d17a8e8f4@group-46A48FF2B846-SegmentedRaftLogWorker for RaftStorageImpl:Storage Directory /home/runner/work/ozone/ozone/hadoop-ozone/integration-test/target/test-dir/MiniOzoneClusterImpl-bdf76210-3e21-404e-9e17-65b92aec9f1a/datanode-1/data/ratis/31cdf347-9acf-41c8-b64f-46a48ff2b846
2021-11-05 13:00:09,013 [pool-540-thread-1] INFO  server.RaftServerConfigKeys (ConfUtils.java:logGet(44)) - raft.server.log.queue.byte-limit = 2147483647 (custom)
2021-11-05 13:00:09,013 [pool-540-thread-1] INFO  server.RaftServerConfigKeys (ConfUtils.java:logGet(44)) - raft.server.log.queue.element-limit = 1024 (custom)
2021-11-05 13:00:09,013 [pool-540-thread-1] INFO  server.RaftServerConfigKeys (ConfUtils.java:logGet(44)) - raft.server.log.segment.size.max = 1048576 (custom)
2021-11-05 13:00:09,014 [pool-540-thread-1] INFO  server.RaftServerConfigKeys (ConfUtils.java:logGet(44)) - raft.server.log.preallocated.size = 16384 (custom)
2021-11-05 13:00:09,014 [pool-540-thread-1] INFO  server.RaftServerConfigKeys (ConfUtils.java:logGet(44)) - raft.server.log.force.sync.num = 128 (default)
2021-11-05 13:00:09,014 [pool-540-thread-1] INFO  server.RaftServerConfigKeys (ConfUtils.java:logGet(44)) - raft.server.log.statemachine.data.sync = true (default)
2021-11-05 13:00:09,014 [pool-540-thread-1] INFO  server.RaftServerConfigKeys (ConfUtils.java:logGet(44)) - raft.server.log.statemachine.data.sync.timeout = 10s (default)
2021-11-05 13:00:09,014 [pool-540-thread-1] INFO  server.RaftServerConfigKeys (ConfUtils.java:logGet(44)) - raft.server.log.statemachine.data.sync.timeout.retry = -1 (default)
2021-11-05 13:00:09,016 [pool-559-thread-1] INFO  util.JmxRegister (JmxRegister.java:tryRegister(44)) - Successfully registered JMX Bean with object name Ratis:service=RaftServer,group=group-46A48FF2B846,id=3ae4cb20-15ad-4779-a013-5b0fdc3aaee7
2021-11-05 13:00:09,016 [EventQueue-OpenPipelineForHealthyPipelineSafeModeRule] INFO  safemode.SCMSafeModeManager (HealthyPipelineSafeModeRule.java:process(124)) - SCM in safe mode. Healthy pipelines reported count is 0, required healthy pipeline reported count is 1
2021-11-05 13:00:09,018 [pool-540-thread-1] INFO  server.RaftServerConfigKeys (ConfUtils.java:logGet(44)) - raft.server.log.write.buffer.size = 1048576 (custom)
2021-11-05 13:00:09,018 [pool-540-thread-1] INFO  server.RaftServerConfigKeys (ConfUtils.java:logGet(44)) - raft.server.log.statemachine.data.caching.enabled = true (custom)
2021-11-05 13:00:09,019 [pool-540-thread-1] INFO  segmented.SegmentedRaftLogWorker (SegmentedRaftLogWorker.java:lambda$new$0(133)) - fa45fd2a-a6ef-4106-9a44-777d17a8e8f4@group-46A48FF2B846-SegmentedRaftLogWorker: flushIndex: setUnconditionally 0 -> -1
2021-11-05 13:00:09,019 [pool-540-thread-1] INFO  segmented.SegmentedRaftLogWorker (SegmentedRaftLogWorker.java:lambda$new$0(133)) - fa45fd2a-a6ef-4106-9a44-777d17a8e8f4@group-46A48FF2B846-SegmentedRaftLogWorker: safeCacheEvictIndex: setUnconditionally 0 -> -1
2021-11-05 13:00:09,082 [pool-540-thread-1] INFO  server.RaftServerConfigKeys (ConfUtils.java:logGet(44)) - raft.server.snapshot.auto.trigger.enabled = true (custom)
2021-11-05 13:00:09,082 [pool-540-thread-1] INFO  server.RaftServerConfigKeys (ConfUtils.java:logGet(44)) - raft.server.snapshot.auto.trigger.threshold = 10000 (custom)
2021-11-05 13:00:09,082 [pool-540-thread-1] INFO  server.RaftServerConfigKeys (ConfUtils.java:logGet(44)) - raft.server.snapshot.retention.file.num = 5 (custom)
2021-11-05 13:00:09,082 [pool-540-thread-1] INFO  server.RaftServerConfigKeys (ConfUtils.java:logGet(44)) - raft.server.log.purge.upto.snapshot.index = false (default)
2021-11-05 13:00:09,082 [pool-540-thread-1] INFO  server.RaftServerConfigKeys (ConfUtils.java:logGet(44)) - raft.server.retrycache.expirytime = 600000ms (custom)
2021-11-05 13:00:09,083 [pool-540-thread-1] INFO  server.RaftServerConfigKeys (ConfUtils.java:logGet(44)) - raft.server.retrycache.statistics.expirytime = 100μs (default)
2021-11-05 13:00:09,084 [pool-540-thread-1] INFO  server.RaftServer$Division (RaftServerImpl.java:start(301)) - fa45fd2a-a6ef-4106-9a44-777d17a8e8f4@group-46A48FF2B846: start as a follower, conf=-1: [76ef4e66-eace-4a3b-a369-d2a815523a61|rpc:10.1.0.23:41987|priority:1, fa45fd2a-a6ef-4106-9a44-777d17a8e8f4|rpc:10.1.0.23:43989|priority:0, 3ae4cb20-15ad-4779-a013-5b0fdc3aaee7|rpc:10.1.0.23:35115|priority:0], old=null
2021-11-05 13:00:09,084 [pool-540-thread-1] INFO  server.RaftServer$Division (RaftServerImpl.java:setRole(290)) - fa45fd2a-a6ef-4106-9a44-777d17a8e8f4@group-46A48FF2B846: changes role from      null to FOLLOWER at term 0 for startAsFollower
2021-11-05 13:00:09,084 [pool-540-thread-1] INFO  impl.RoleInfo (RoleInfo.java:updateAndGet(130)) - fa45fd2a-a6ef-4106-9a44-777d17a8e8f4: start fa45fd2a-a6ef-4106-9a44-777d17a8e8f4@group-46A48FF2B846-FollowerState
2021-11-05 13:00:09,085 [pool-540-thread-1] INFO  util.JmxRegister (JmxRegister.java:tryRegister(44)) - Successfully registered JMX Bean with object name Ratis:service=RaftServer,group=group-46A48FF2B846,id=fa45fd2a-a6ef-4106-9a44-777d17a8e8f4
2021-11-05 13:00:09,085 [Command processor thread] INFO  ratis.XceiverServerRatis (XceiverServerRatis.java:addGroup(768)) - Created group PipelineID=31cdf347-9acf-41c8-b64f-46a48ff2b846
2021-11-05 13:00:09,236 [Command processor thread] INFO  commandhandler.CreatePipelineCommandHandler (CreatePipelineCommandHandler.java:handle(106)) - Created Pipeline RATIS THREE PipelineID=31cdf347-9acf-41c8-b64f-46a48ff2b846.
2021-11-05 13:00:09,301 [Listener at 127.0.0.1/42119] INFO  ozone.MiniOzoneClusterImpl (MiniOzoneClusterImpl.java:lambda$waitForClusterToBeReady$0(235)) - Waiting for nodes to be ready. Got 5 of 7 DN Heartbeats.
2021-11-05 13:00:09,301 [Listener at 127.0.0.1/42119] INFO  ozone.MiniOzoneClusterImpl (MiniOzoneClusterImpl.java:lambda$waitForClusterToBeReady$0(238)) - Waiting for cluster to exit safe mode
2021-11-05 13:00:09,301 [Listener at 127.0.0.1/42119] INFO  ozone.MiniOzoneClusterImpl (MiniOzoneClusterImpl.java:lambda$waitForClusterToBeReady$0(240)) - SCM became leader
2021-11-05 13:00:09,396 [Command processor thread] INFO  commandhandler.CreatePipelineCommandHandler (CreatePipelineCommandHandler.java:handle(106)) - Created Pipeline RATIS THREE PipelineID=31cdf347-9acf-41c8-b64f-46a48ff2b846.
2021-11-05 13:00:09,473 [IPC Server handler 5 on default port 35591] INFO  net.NetworkTopologyImpl (NetworkTopologyImpl.java:add(112)) - Added a new node: /default-rack/04351296-bb31-4c39-8b7c-2fcea1114805
2021-11-05 13:00:09,473 [IPC Server handler 5 on default port 35591] INFO  node.SCMNodeManager (SCMNodeManager.java:register(389)) - Registered Data node : 04351296-bb31-4c39-8b7c-2fcea1114805{ip: 10.1.0.23, host: fv-az151-875.yf2hydr00wburbhx3j5hxtcipe.bx.internal.cloudapp.net, ports: [REPLICATION=40621, RATIS=43337, RATIS_ADMIN=43337, RATIS_SERVER=43337, STANDALONE=45289], networkLocation: /default-rack, certSerialId: null, persistedOpState: null, persistedOpStateExpiryEpochSec: 0}
2021-11-05 13:00:09,473 [EventQueue-NewNodeForNewNodeHandler] INFO  pipeline.BackgroundPipelineCreator (BackgroundPipelineCreator.java:notifyEventTriggered(285)) - trigger a one-shot run on RatisPipelineUtilsThread.
2021-11-05 13:00:09,474 [RatisPipelineUtilsThread - 0] INFO  pipeline.RatisPipelineProvider (RatisPipelineProvider.java:lambda$create$0(183)) - Sending CreatePipelineCommand for pipeline:PipelineID=4734e41e-899c-454a-8436-5696fcacb92b to datanode:04351296-bb31-4c39-8b7c-2fcea1114805
2021-11-05 13:00:09,474 [RatisPipelineUtilsThread - 0] INFO  pipeline.PipelineStateManagerImpl (PipelineStateManagerImpl.java:addPipeline(101)) - Created pipeline Pipeline[ Id: 4734e41e-899c-454a-8436-5696fcacb92b, Nodes: 04351296-bb31-4c39-8b7c-2fcea1114805{ip: 10.1.0.23, host: fv-az151-875.yf2hydr00wburbhx3j5hxtcipe.bx.internal.cloudapp.net, ports: [REPLICATION=40621, RATIS=43337, RATIS_ADMIN=43337, RATIS_SERVER=43337, STANDALONE=45289], networkLocation: /default-rack, certSerialId: null, persistedOpState: IN_SERVICE, persistedOpStateExpiryEpochSec: 0}, ReplicationConfig: RATIS/ONE, State:ALLOCATED, leaderId:, CreationTimestamp2021-11-05T13:00:09.474Z[Etc/UTC]].
2021-11-05 13:00:09,475 [RatisPipelineUtilsThread - 0] INFO  pipeline.RatisPipelineProvider (RatisPipelineProvider.java:lambda$create$0(183)) - Sending CreatePipelineCommand for pipeline:PipelineID=3f1b9fd8-ba50-4c9b-8c0d-30a45c208ca2 to datanode:f63fc592-5921-4d2a-8a56-22c1aba49965
2021-11-05 13:00:09,475 [RatisPipelineUtilsThread - 0] INFO  pipeline.RatisPipelineProvider (RatisPipelineProvider.java:lambda$create$0(183)) - Sending CreatePipelineCommand for pipeline:PipelineID=3f1b9fd8-ba50-4c9b-8c0d-30a45c208ca2 to datanode:fae3de48-3e9f-4cc7-8f85-17bb385fc42a
2021-11-05 13:00:09,475 [RatisPipelineUtilsThread - 0] INFO  pipeline.RatisPipelineProvider (RatisPipelineProvider.java:lambda$create$0(183)) - Sending CreatePipelineCommand for pipeline:PipelineID=3f1b9fd8-ba50-4c9b-8c0d-30a45c208ca2 to datanode:04351296-bb31-4c39-8b7c-2fcea1114805
2021-11-05 13:00:09,475 [RatisPipelineUtilsThread - 0] INFO  pipeline.PipelineStateManagerImpl (PipelineStateManagerImpl.java:addPipeline(101)) - Created pipeline Pipeline[ Id: 3f1b9fd8-ba50-4c9b-8c0d-30a45c208ca2, Nodes: f63fc592-5921-4d2a-8a56-22c1aba49965{ip: 10.1.0.23, host: fv-az151-875.yf2hydr00wburbhx3j5hxtcipe.bx.internal.cloudapp.net, ports: [REPLICATION=40425, RATIS=39383, RATIS_ADMIN=39383, RATIS_SERVER=39383, STANDALONE=43527], networkLocation: /default-rack, certSerialId: null, persistedOpState: IN_SERVICE, persistedOpStateExpiryEpochSec: 0}fae3de48-3e9f-4cc7-8f85-17bb385fc42a{ip: 10.1.0.23, host: fv-az151-875.yf2hydr00wburbhx3j5hxtcipe.bx.internal.cloudapp.net, ports: [REPLICATION=35371, RATIS=41205, RATIS_ADMIN=41205, RATIS_SERVER=41205, STANDALONE=45749], networkLocation: /default-rack, certSerialId: null, persistedOpState: IN_SERVICE, persistedOpStateExpiryEpochSec: 0}04351296-bb31-4c39-8b7c-2fcea1114805{ip: 10.1.0.23, host: fv-az151-875.yf2hydr00wburbhx3j5hxtcipe.bx.internal.cloudapp.net, ports: [REPLICATION=40621, RATIS=43337, RATIS_ADMIN=43337, RATIS_SERVER=43337, STANDALONE=45289], networkLocation: /default-rack, certSerialId: null, persistedOpState: IN_SERVICE, persistedOpStateExpiryEpochSec: 0}, ReplicationConfig: RATIS/THREE, State:ALLOCATED, leaderId:, CreationTimestamp2021-11-05T13:00:09.475Z[Etc/UTC]].
2021-11-05 13:00:09,484 [RatisPipelineUtilsThread - 0] INFO  pipeline.RatisPipelineProvider (RatisPipelineProvider.java:lambda$create$0(183)) - Sending CreatePipelineCommand for pipeline:PipelineID=76f5f5e5-670c-4792-baeb-2717592fe90b to datanode:04351296-bb31-4c39-8b7c-2fcea1114805
2021-11-05 13:00:09,484 [RatisPipelineUtilsThread - 0] INFO  pipeline.RatisPipelineProvider (RatisPipelineProvider.java:lambda$create$0(183)) - Sending CreatePipelineCommand for pipeline:PipelineID=76f5f5e5-670c-4792-baeb-2717592fe90b to datanode:f63fc592-5921-4d2a-8a56-22c1aba49965
2021-11-05 13:00:09,484 [RatisPipelineUtilsThread - 0] INFO  pipeline.RatisPipelineProvider (RatisPipelineProvider.java:lambda$create$0(183)) - Sending CreatePipelineCommand for pipeline:PipelineID=76f5f5e5-670c-4792-baeb-2717592fe90b to datanode:fae3de48-3e9f-4cc7-8f85-17bb385fc42a
2021-11-05 13:00:09,484 [RatisPipelineUtilsThread - 0] INFO  pipeline.PipelineStateManagerImpl (PipelineStateManagerImpl.java:addPipeline(101)) - Created pipeline Pipeline[ Id: 76f5f5e5-670c-4792-baeb-2717592fe90b, Nodes: 04351296-bb31-4c39-8b7c-2fcea1114805{ip: 10.1.0.23, host: fv-az151-875.yf2hydr00wburbhx3j5hxtcipe.bx.internal.cloudapp.net, ports: [REPLICATION=40621, RATIS=43337, RATIS_ADMIN=43337, RATIS_SERVER=43337, STANDALONE=45289], networkLocation: /default-rack, certSerialId: null, persistedOpState: IN_SERVICE, persistedOpStateExpiryEpochSec: 0}f63fc592-5921-4d2a-8a56-22c1aba49965{ip: 10.1.0.23, host: fv-az151-875.yf2hydr00wburbhx3j5hxtcipe.bx.internal.cloudapp.net, ports: [REPLICATION=40425, RATIS=39383, RATIS_ADMIN=39383, RATIS_SERVER=39383, STANDALONE=43527], networkLocation: /default-rack, certSerialId: null, persistedOpState: IN_SERVICE, persistedOpStateExpiryEpochSec: 0}fae3de48-3e9f-4cc7-8f85-17bb385fc42a{ip: 10.1.0.23, host: fv-az151-875.yf2hydr00wburbhx3j5hxtcipe.bx.internal.cloudapp.net, ports: [REPLICATION=35371, RATIS=41205, RATIS_ADMIN=41205, RATIS_SERVER=41205, STANDALONE=45749], networkLocation: /default-rack, certSerialId: null, persistedOpState: IN_SERVICE, persistedOpStateExpiryEpochSec: 0}, ReplicationConfig: RATIS/THREE, State:ALLOCATED, leaderId:, CreationTimestamp2021-11-05T13:00:09.484Z[Etc/UTC]].
2021-11-05 13:00:09,484 [RatisPipelineUtilsThread - 0] INFO  pipeline.PipelineManagerImpl (PipelineManagerImpl.java:recordMetricsForPipeline(620)) - Pipeline: PipelineID=76f5f5e5-670c-4792-baeb-2717592fe90b contains same datanodes as previous pipelines: PipelineID=3f1b9fd8-ba50-4c9b-8c0d-30a45c208ca2 nodeIds: 04351296-bb31-4c39-8b7c-2fcea1114805, f63fc592-5921-4d2a-8a56-22c1aba49965, fae3de48-3e9f-4cc7-8f85-17bb385fc42a
2021-11-05 13:00:09,485 [RatisPipelineUtilsThread - 0] INFO  pipeline.RatisPipelineProvider (RatisPipelineProvider.java:lambda$create$0(183)) - Sending CreatePipelineCommand for pipeline:PipelineID=cf6dd734-eee3-40b4-8aa9-321dbb24bc0f to datanode:04351296-bb31-4c39-8b7c-2fcea1114805
2021-11-05 13:00:09,485 [RatisPipelineUtilsThread - 0] INFO  pipeline.RatisPipelineProvider (RatisPipelineProvider.java:lambda$create$0(183)) - Sending CreatePipelineCommand for pipeline:PipelineID=cf6dd734-eee3-40b4-8aa9-321dbb24bc0f to datanode:f63fc592-5921-4d2a-8a56-22c1aba49965
2021-11-05 13:00:09,485 [RatisPipelineUtilsThread - 0] INFO  pipeline.RatisPipelineProvider (RatisPipelineProvider.java:lambda$create$0(183)) - Sending CreatePipelineCommand for pipeline:PipelineID=cf6dd734-eee3-40b4-8aa9-321dbb24bc0f to datanode:fae3de48-3e9f-4cc7-8f85-17bb385fc42a
2021-11-05 13:00:09,485 [RatisPipelineUtilsThread - 0] INFO  pipeline.PipelineStateManagerImpl (PipelineStateManagerImpl.java:addPipeline(101)) - Created pipeline Pipeline[ Id: cf6dd734-eee3-40b4-8aa9-321dbb24bc0f, Nodes: 04351296-bb31-4c39-8b7c-2fcea1114805{ip: 10.1.0.23, host: fv-az151-875.yf2hydr00wburbhx3j5hxtcipe.bx.internal.cloudapp.net, ports: [REPLICATION=40621, RATIS=43337, RATIS_ADMIN=43337, RATIS_SERVER=43337, STANDALONE=45289], networkLocation: /default-rack, certSerialId: null, persistedOpState: IN_SERVICE, persistedOpStateExpiryEpochSec: 0}f63fc592-5921-4d2a-8a56-22c1aba49965{ip: 10.1.0.23, host: fv-az151-875.yf2hydr00wburbhx3j5hxtcipe.bx.internal.cloudapp.net, ports: [REPLICATION=40425, RATIS=39383, RATIS_ADMIN=39383, RATIS_SERVER=39383, STANDALONE=43527], networkLocation: /default-rack, certSerialId: null, persistedOpState: IN_SERVICE, persistedOpStateExpiryEpochSec: 0}fae3de48-3e9f-4cc7-8f85-17bb385fc42a{ip: 10.1.0.23, host: fv-az151-875.yf2hydr00wburbhx3j5hxtcipe.bx.internal.cloudapp.net, ports: [REPLICATION=35371, RATIS=41205, RATIS_ADMIN=41205, RATIS_SERVER=41205, STANDALONE=45749], networkLocation: /default-rack, certSerialId: null, persistedOpState: IN_SERVICE, persistedOpStateExpiryEpochSec: 0}, ReplicationConfig: RATIS/THREE, State:ALLOCATED, leaderId:, CreationTimestamp2021-11-05T13:00:09.485Z[Etc/UTC]].
2021-11-05 13:00:09,485 [RatisPipelineUtilsThread - 0] INFO  pipeline.PipelineManagerImpl (PipelineManagerImpl.java:recordMetricsForPipeline(620)) - Pipeline: PipelineID=cf6dd734-eee3-40b4-8aa9-321dbb24bc0f contains same datanodes as previous pipelines: PipelineID=3f1b9fd8-ba50-4c9b-8c0d-30a45c208ca2 nodeIds: 04351296-bb31-4c39-8b7c-2fcea1114805, f63fc592-5921-4d2a-8a56-22c1aba49965, fae3de48-3e9f-4cc7-8f85-17bb385fc42a
2021-11-05 13:00:09,485 [RatisPipelineUtilsThread - 0] INFO  pipeline.PipelineManagerImpl (PipelineManagerImpl.java:recordMetricsForPipeline(620)) - Pipeline: PipelineID=cf6dd734-eee3-40b4-8aa9-321dbb24bc0f contains same datanodes as previous pipelines: PipelineID=76f5f5e5-670c-4792-baeb-2717592fe90b nodeIds: 04351296-bb31-4c39-8b7c-2fcea1114805, f63fc592-5921-4d2a-8a56-22c1aba49965, fae3de48-3e9f-4cc7-8f85-17bb385fc42a
2021-11-05 13:00:09,982 [Command processor thread] INFO  server.RaftServer (RaftServerProxy.java:addNew(95)) - 3ae4cb20-15ad-4779-a013-5b0fdc3aaee7: addNew group-79A4ECC5E59F:[3ae4cb20-15ad-4779-a013-5b0fdc3aaee7|rpc:10.1.0.23:35115|priority:1] returns group-79A4ECC5E59F:java.util.concurrent.CompletableFuture@23e3cc80[Not completed]
2021-11-05 13:00:09,984 [pool-559-thread-1] INFO  server.RaftServer$Division (RaftServerImpl.java:<init>(184)) - 3ae4cb20-15ad-4779-a013-5b0fdc3aaee7: new RaftServerImpl for group-79A4ECC5E59F:[3ae4cb20-15ad-4779-a013-5b0fdc3aaee7|rpc:10.1.0.23:35115|priority:1] with ContainerStateMachine:uninitialized
2021-11-05 13:00:09,984 [pool-559-thread-1] INFO  server.RaftServerConfigKeys (ConfUtils.java:logGet(44)) - raft.server.rpc.timeout.min = 5s (custom)
2021-11-05 13:00:09,984 [pool-559-thread-1] INFO  server.RaftServerConfigKeys (ConfUtils.java:logGet(44)) - raft.server.rpc.timeout.max = 5200ms (custom)
2021-11-05 13:00:09,984 [pool-559-thread-1] INFO  server.RaftServerConfigKeys (ConfUtils.java:logGet(44)) - raft.server.rpc.sleep.time = 25ms (default)
2021-11-05 13:00:09,984 [pool-559-thread-1] INFO  server.RaftServerConfigKeys (ConfUtils.java:logGet(44)) - raft.server.rpc.slowness.timeout = 300000ms (custom)
2021-11-05 13:00:09,984 [pool-559-thread-1] INFO  server.RaftServerConfigKeys (ConfUtils.java:logGet(44)) - raft.server.leaderelection.leader.step-down.wait-time = 10s (default)
2021-11-05 13:00:09,985 [pool-559-thread-1] INFO  server.RaftServerConfigKeys (ConfUtils.java:logGet(44)) - raft.server.sleep.deviation.threshold = 300ms (default)
2021-11-05 13:00:09,985 [pool-559-thread-1] INFO  server.RaftServerConfigKeys (ConfUtils.java:logGet(44)) - raft.server.log.appender.install.snapshot.enabled = false (custom)
2021-11-05 13:00:09,985 [pool-559-thread-1] INFO  server.RaftServer$Division (ServerState.java:<init>(105)) - 3ae4cb20-15ad-4779-a013-5b0fdc3aaee7@group-79A4ECC5E59F: ConfigurationManager, init=-1: [3ae4cb20-15ad-4779-a013-5b0fdc3aaee7|rpc:10.1.0.23:35115|priority:1], old=null, confs=<EMPTY_MAP>
2021-11-05 13:00:09,985 [pool-559-thread-1] INFO  server.RaftServerConfigKeys (ConfUtils.java:logGet(44)) - raft.server.storage.dir = [/home/runner/work/ozone/ozone/hadoop-ozone/integration-test/target/test-dir/MiniOzoneClusterImpl-bdf76210-3e21-404e-9e17-65b92aec9f1a/datanode-2/data/ratis] (custom)
2021-11-05 13:00:09,985 [pool-559-thread-1] INFO  server.RaftServerConfigKeys (ConfUtils.java:logGet(44)) - raft.server.log.corruption.policy = EXCEPTION (default)
2021-11-05 13:00:09,985 [pool-559-thread-1] INFO  server.RaftServerConfigKeys (ConfUtils.java:logGet(44)) - raft.server.storage.free-space.min = 0MB (=0) (default)
2021-11-05 13:00:09,985 [pool-559-thread-1] INFO  storage.RaftStorageDirectory (RaftStorageDirectoryImpl.java:analyzeStorage(135)) - The storage directory /home/runner/work/ozone/ozone/hadoop-ozone/integration-test/target/test-dir/MiniOzoneClusterImpl-bdf76210-3e21-404e-9e17-65b92aec9f1a/datanode-2/data/ratis/9f515d6c-93a5-42ab-b8a3-79a4ecc5e59f does not exist. Creating ...
2021-11-05 13:00:09,986 [pool-559-thread-1] INFO  storage.RaftStorageDirectory (RaftStorageDirectoryImpl.java:tryLock(230)) - Lock on /home/runner/work/ozone/ozone/hadoop-ozone/integration-test/target/test-dir/MiniOzoneClusterImpl-bdf76210-3e21-404e-9e17-65b92aec9f1a/datanode-2/data/ratis/9f515d6c-93a5-42ab-b8a3-79a4ecc5e59f/in_use.lock acquired by nodename 10214@fv-az151-875
2021-11-05 13:00:09,995 [pool-559-thread-1] INFO  storage.RaftStorage (RaftStorageImpl.java:format(89)) - Storage directory /home/runner/work/ozone/ozone/hadoop-ozone/integration-test/target/test-dir/MiniOzoneClusterImpl-bdf76210-3e21-404e-9e17-65b92aec9f1a/datanode-2/data/ratis/9f515d6c-93a5-42ab-b8a3-79a4ecc5e59f has been successfully formatted.
2021-11-05 13:00:09,995 [pool-559-thread-1] INFO  ratis.ContainerStateMachine (ContainerStateMachine.java:loadSnapshot(224)) - group-79A4ECC5E59F: The snapshot info is null. Setting the last applied indexto:(t:0, i:~)
2021-11-05 13:00:09,995 [pool-559-thread-1] INFO  server.RaftServerConfigKeys (ConfUtils.java:logGet(44)) - raft.server.notification.no-leader.timeout = 300000ms (custom)
2021-11-05 13:00:09,995 [pool-559-thread-1] INFO  server.RaftServerConfigKeys (ConfUtils.java:logGet(44)) - raft.server.log.use.memory = false (default)
2021-11-05 13:00:09,995 [pool-559-thread-1] INFO  server.RaftServerConfigKeys (ConfUtils.java:logGet(44)) - raft.server.log.purge.gap = 1000000 (custom)
2021-11-05 13:00:09,995 [pool-559-thread-1] INFO  server.RaftServerConfigKeys (ConfUtils.java:logGet(44)) - raft.server.log.appender.buffer.byte-limit = 33554432 (custom)
2021-11-05 13:00:09,996 [EventQueue-PipelineReportForPipelineReportHandler] INFO  pipeline.PipelineManagerImpl (PipelineManagerImpl.java:openPipeline(289)) - Pipeline Pipeline[ Id: 9f515d6c-93a5-42ab-b8a3-79a4ecc5e59f, Nodes: 3ae4cb20-15ad-4779-a013-5b0fdc3aaee7{ip: 10.1.0.23, host: fv-az151-875.yf2hydr00wburbhx3j5hxtcipe.bx.internal.cloudapp.net, ports: [REPLICATION=39333, RATIS=35115, RATIS_ADMIN=35115, RATIS_SERVER=35115, STANDALONE=41693], networkLocation: /default-rack, certSerialId: null, persistedOpState: IN_SERVICE, persistedOpStateExpiryEpochSec: 0}, ReplicationConfig: RATIS/ONE, State:ALLOCATED, leaderId:3ae4cb20-15ad-4779-a013-5b0fdc3aaee7, CreationTimestamp2021-11-05T13:00:06.985Z[Etc/UTC]] moved to OPEN state
2021-11-05 13:00:09,996 [EventQueue-OpenPipelineForHealthyPipelineSafeModeRule] INFO  safemode.SCMSafeModeManager (HealthyPipelineSafeModeRule.java:process(124)) - SCM in safe mode. Healthy pipelines reported count is 0, required healthy pipeline reported count is 1
2021-11-05 13:00:09,997 [pool-559-thread-1] INFO  server.RaftServerConfigKeys (ConfUtils.java:logGet(44)) - raft.server.log.segment.size.max = 1048576 (custom)
2021-11-05 13:00:09,997 [pool-559-thread-1] INFO  server.RaftServerConfigKeys (ConfUtils.java:logGet(44)) - raft.server.log.segment.cache.num.max = 2 (custom)
2021-11-05 13:00:10,000 [pool-559-thread-1] INFO  server.RaftServerConfigKeys (ConfUtils.java:logGet(44)) - raft.server.log.segment.cache.size.max = 200MB (=209715200) (default)
2021-11-05 13:00:10,000 [pool-559-thread-1] INFO  segmented.SegmentedRaftLogWorker (SegmentedRaftLogWorker.java:<init>(182)) - new 3ae4cb20-15ad-4779-a013-5b0fdc3aaee7@group-79A4ECC5E59F-SegmentedRaftLogWorker for RaftStorageImpl:Storage Directory /home/runner/work/ozone/ozone/hadoop-ozone/integration-test/target/test-dir/MiniOzoneClusterImpl-bdf76210-3e21-404e-9e17-65b92aec9f1a/datanode-2/data/ratis/9f515d6c-93a5-42ab-b8a3-79a4ecc5e59f
2021-11-05 13:00:10,000 [pool-559-thread-1] INFO  server.RaftServerConfigKeys (ConfUtils.java:logGet(44)) - raft.server.log.queue.byte-limit = 2147483647 (custom)
2021-11-05 13:00:10,000 [pool-559-thread-1] INFO  server.RaftServerConfigKeys (ConfUtils.java:logGet(44)) - raft.server.log.queue.element-limit = 1024 (custom)
2021-11-05 13:00:10,000 [pool-559-thread-1] INFO  server.RaftServerConfigKeys (ConfUtils.java:logGet(44)) - raft.server.log.segment.size.max = 1048576 (custom)
2021-11-05 13:00:10,000 [pool-559-thread-1] INFO  server.RaftServerConfigKeys (ConfUtils.java:logGet(44)) - raft.server.log.preallocated.size = 16384 (custom)
2021-11-05 13:00:10,000 [pool-559-thread-1] INFO  server.RaftServerConfigKeys (ConfUtils.java:logGet(44)) - raft.server.log.force.sync.num = 128 (default)
2021-11-05 13:00:10,000 [pool-559-thread-1] INFO  server.RaftServerConfigKeys (ConfUtils.java:logGet(44)) - raft.server.log.statemachine.data.sync = true (default)
2021-11-05 13:00:10,001 [pool-559-thread-1] INFO  server.RaftServerConfigKeys (ConfUtils.java:logGet(44)) - raft.server.log.statemachine.data.sync.timeout = 10s (default)
2021-11-05 13:00:10,001 [pool-559-thread-1] INFO  server.RaftServerConfigKeys (ConfUtils.java:logGet(44)) - raft.server.log.statemachine.data.sync.timeout.retry = -1 (default)
2021-11-05 13:00:10,002 [pool-559-thread-1] INFO  server.RaftServerConfigKeys (ConfUtils.java:logGet(44)) - raft.server.log.write.buffer.size = 1048576 (custom)
2021-11-05 13:00:10,005 [pool-559-thread-1] INFO  server.RaftServerConfigKeys (ConfUtils.java:logGet(44)) - raft.server.log.statemachine.data.caching.enabled = true (custom)
2021-11-05 13:00:10,008 [pool-559-thread-1] INFO  segmented.SegmentedRaftLogWorker (SegmentedRaftLogWorker.java:lambda$new$0(133)) - 3ae4cb20-15ad-4779-a013-5b0fdc3aaee7@group-79A4ECC5E59F-SegmentedRaftLogWorker: flushIndex: setUnconditionally 0 -> -1
2021-11-05 13:00:10,008 [pool-559-thread-1] INFO  segmented.SegmentedRaftLogWorker (SegmentedRaftLogWorker.java:lambda$new$0(133)) - 3ae4cb20-15ad-4779-a013-5b0fdc3aaee7@group-79A4ECC5E59F-SegmentedRaftLogWorker: safeCacheEvictIndex: setUnconditionally 0 -> -1
2021-11-05 13:00:10,020 [pool-559-thread-1] INFO  server.RaftServerConfigKeys (ConfUtils.java:logGet(44)) - raft.server.snapshot.auto.trigger.enabled = true (custom)
2021-11-05 13:00:10,020 [pool-559-thread-1] INFO  server.RaftServerConfigKeys (ConfUtils.java:logGet(44)) - raft.server.snapshot.auto.trigger.threshold = 10000 (custom)
2021-11-05 13:00:10,020 [pool-559-thread-1] INFO  server.RaftServerConfigKeys (ConfUtils.java:logGet(44)) - raft.server.snapshot.retention.file.num = 5 (custom)
2021-11-05 13:00:10,020 [pool-559-thread-1] INFO  server.RaftServerConfigKeys (ConfUtils.java:logGet(44)) - raft.server.log.purge.upto.snapshot.index = false (default)
2021-11-05 13:00:10,020 [pool-559-thread-1] INFO  server.RaftServerConfigKeys (ConfUtils.java:logGet(44)) - raft.server.retrycache.expirytime = 600000ms (custom)
2021-11-05 13:00:10,020 [pool-559-thread-1] INFO  server.RaftServerConfigKeys (ConfUtils.java:logGet(44)) - raft.server.retrycache.statistics.expirytime = 100μs (default)
2021-11-05 13:00:10,021 [pool-559-thread-1] INFO  server.RaftServer$Division (RaftServerImpl.java:start(301)) - 3ae4cb20-15ad-4779-a013-5b0fdc3aaee7@group-79A4ECC5E59F: start as a follower, conf=-1: [3ae4cb20-15ad-4779-a013-5b0fdc3aaee7|rpc:10.1.0.23:35115|priority:1], old=null
2021-11-05 13:00:10,022 [pool-559-thread-1] INFO  server.RaftServer$Division (RaftServerImpl.java:setRole(290)) - 3ae4cb20-15ad-4779-a013-5b0fdc3aaee7@group-79A4ECC5E59F: changes role from      null to FOLLOWER at term 0 for startAsFollower
2021-11-05 13:00:10,022 [pool-559-thread-1] INFO  impl.RoleInfo (RoleInfo.java:updateAndGet(130)) - 3ae4cb20-15ad-4779-a013-5b0fdc3aaee7: start 3ae4cb20-15ad-4779-a013-5b0fdc3aaee7@group-79A4ECC5E59F-FollowerState
2021-11-05 13:00:10,035 [pool-559-thread-1] INFO  util.JmxRegister (JmxRegister.java:tryRegister(44)) - Successfully registered JMX Bean with object name Ratis:service=RaftServer,group=group-79A4ECC5E59F,id=3ae4cb20-15ad-4779-a013-5b0fdc3aaee7
2021-11-05 13:00:10,060 [Command processor thread] INFO  ratis.XceiverServerRatis (XceiverServerRatis.java:addGroup(768)) - Created group PipelineID=9f515d6c-93a5-42ab-b8a3-79a4ecc5e59f
2021-11-05 13:00:10,060 [Command processor thread] INFO  commandhandler.CreatePipelineCommandHandler (CreatePipelineCommandHandler.java:handle(106)) - Created Pipeline RATIS ONE PipelineID=9f515d6c-93a5-42ab-b8a3-79a4ecc5e59f.
2021-11-05 13:00:10,307 [Listener at 127.0.0.1/42119] INFO  ozone.MiniOzoneClusterImpl (MiniOzoneClusterImpl.java:lambda$waitForClusterToBeReady$0(235)) - Waiting for nodes to be ready. Got 6 of 7 DN Heartbeats.
2021-11-05 13:00:10,307 [Listener at 127.0.0.1/42119] INFO  ozone.MiniOzoneClusterImpl (MiniOzoneClusterImpl.java:lambda$waitForClusterToBeReady$0(238)) - Waiting for cluster to exit safe mode
2021-11-05 13:00:10,307 [Listener at 127.0.0.1/42119] INFO  ozone.MiniOzoneClusterImpl (MiniOzoneClusterImpl.java:lambda$waitForClusterToBeReady$0(240)) - SCM became leader
2021-11-05 13:00:10,357 [IPC Server handler 2 on default port 35591] INFO  net.NetworkTopologyImpl (NetworkTopologyImpl.java:add(112)) - Added a new node: /default-rack/f0359a9b-bc21-4a61-b53d-8d2dd84c6fc1
2021-11-05 13:00:10,357 [IPC Server handler 2 on default port 35591] INFO  node.SCMNodeManager (SCMNodeManager.java:register(389)) - Registered Data node : f0359a9b-bc21-4a61-b53d-8d2dd84c6fc1{ip: 10.1.0.23, host: fv-az151-875.yf2hydr00wburbhx3j5hxtcipe.bx.internal.cloudapp.net, ports: [REPLICATION=42685, RATIS=44285, RATIS_ADMIN=44285, RATIS_SERVER=44285, STANDALONE=43041], networkLocation: /default-rack, certSerialId: null, persistedOpState: null, persistedOpStateExpiryEpochSec: 0}
2021-11-05 13:00:10,357 [EventQueue-NewNodeForNewNodeHandler] INFO  pipeline.BackgroundPipelineCreator (BackgroundPipelineCreator.java:notifyEventTriggered(285)) - trigger a one-shot run on RatisPipelineUtilsThread.
2021-11-05 13:00:10,358 [RatisPipelineUtilsThread - 0] INFO  pipeline.RatisPipelineProvider (RatisPipelineProvider.java:lambda$create$0(183)) - Sending CreatePipelineCommand for pipeline:PipelineID=d9c3e9e1-c8f8-4483-839d-95bef8c5e0e6 to datanode:f0359a9b-bc21-4a61-b53d-8d2dd84c6fc1
2021-11-05 13:00:10,359 [RatisPipelineUtilsThread - 0] INFO  pipeline.PipelineStateManagerImpl (PipelineStateManagerImpl.java:addPipeline(101)) - Created pipeline Pipeline[ Id: d9c3e9e1-c8f8-4483-839d-95bef8c5e0e6, Nodes: f0359a9b-bc21-4a61-b53d-8d2dd84c6fc1{ip: 10.1.0.23, host: fv-az151-875.yf2hydr00wburbhx3j5hxtcipe.bx.internal.cloudapp.net, ports: [REPLICATION=42685, RATIS=44285, RATIS_ADMIN=44285, RATIS_SERVER=44285, STANDALONE=43041], networkLocation: /default-rack, certSerialId: null, persistedOpState: IN_SERVICE, persistedOpStateExpiryEpochSec: 0}, ReplicationConfig: RATIS/ONE, State:ALLOCATED, leaderId:, CreationTimestamp2021-11-05T13:00:10.358Z[Etc/UTC]].
2021-11-05 13:00:10,944 [Command processor thread] INFO  server.RaftServer (RaftServerProxy.java:addNew(95)) - fae3de48-3e9f-4cc7-8f85-17bb385fc42a: addNew group-0448BF33DB77:[fae3de48-3e9f-4cc7-8f85-17bb385fc42a|rpc:10.1.0.23:41205|priority:1] returns group-0448BF33DB77:java.util.concurrent.CompletableFuture@655f9d7b[Not completed]
2021-11-05 13:00:10,956 [pool-578-thread-1] INFO  server.RaftServer$Division (RaftServerImpl.java:<init>(184)) - fae3de48-3e9f-4cc7-8f85-17bb385fc42a: new RaftServerImpl for group-0448BF33DB77:[fae3de48-3e9f-4cc7-8f85-17bb385fc42a|rpc:10.1.0.23:41205|priority:1] with ContainerStateMachine:uninitialized
2021-11-05 13:00:10,956 [pool-578-thread-1] INFO  server.RaftServerConfigKeys (ConfUtils.java:logGet(44)) - raft.server.rpc.timeout.min = 5s (custom)
2021-11-05 13:00:10,956 [pool-578-thread-1] INFO  server.RaftServerConfigKeys (ConfUtils.java:logGet(44)) - raft.server.rpc.timeout.max = 5200ms (custom)
2021-11-05 13:00:10,956 [pool-578-thread-1] INFO  server.RaftServerConfigKeys (ConfUtils.java:logGet(44)) - raft.server.rpc.sleep.time = 25ms (default)
2021-11-05 13:00:10,956 [pool-578-thread-1] INFO  server.RaftServerConfigKeys (ConfUtils.java:logGet(44)) - raft.server.rpc.slowness.timeout = 300000ms (custom)
2021-11-05 13:00:10,956 [pool-578-thread-1] INFO  server.RaftServerConfigKeys (ConfUtils.java:logGet(44)) - raft.server.leaderelection.leader.step-down.wait-time = 10s (default)
2021-11-05 13:00:10,957 [pool-578-thread-1] INFO  server.RaftServerConfigKeys (ConfUtils.java:logGet(44)) - raft.server.sleep.deviation.threshold = 300ms (default)
2021-11-05 13:00:10,957 [pool-578-thread-1] INFO  server.RaftServerConfigKeys (ConfUtils.java:logGet(44)) - raft.server.log.appender.install.snapshot.enabled = false (custom)
2021-11-05 13:00:10,957 [pool-578-thread-1] INFO  server.RaftServer$Division (ServerState.java:<init>(105)) - fae3de48-3e9f-4cc7-8f85-17bb385fc42a@group-0448BF33DB77: ConfigurationManager, init=-1: [fae3de48-3e9f-4cc7-8f85-17bb385fc42a|rpc:10.1.0.23:41205|priority:1], old=null, confs=<EMPTY_MAP>
2021-11-05 13:00:10,957 [pool-578-thread-1] INFO  server.RaftServerConfigKeys (ConfUtils.java:logGet(44)) - raft.server.storage.dir = [/home/runner/work/ozone/ozone/hadoop-ozone/integration-test/target/test-dir/MiniOzoneClusterImpl-bdf76210-3e21-404e-9e17-65b92aec9f1a/datanode-3/data/ratis] (custom)
2021-11-05 13:00:10,957 [pool-578-thread-1] INFO  server.RaftServerConfigKeys (ConfUtils.java:logGet(44)) - raft.server.log.corruption.policy = EXCEPTION (default)
2021-11-05 13:00:10,957 [pool-578-thread-1] INFO  server.RaftServerConfigKeys (ConfUtils.java:logGet(44)) - raft.server.storage.free-space.min = 0MB (=0) (default)
2021-11-05 13:00:10,957 [pool-578-thread-1] INFO  storage.RaftStorageDirectory (RaftStorageDirectoryImpl.java:analyzeStorage(135)) - The storage directory /home/runner/work/ozone/ozone/hadoop-ozone/integration-test/target/test-dir/MiniOzoneClusterImpl-bdf76210-3e21-404e-9e17-65b92aec9f1a/datanode-3/data/ratis/5ffd143b-b608-4c45-a055-0448bf33db77 does not exist. Creating ...
2021-11-05 13:00:10,965 [pool-578-thread-1] INFO  storage.RaftStorageDirectory (RaftStorageDirectoryImpl.java:tryLock(230)) - Lock on /home/runner/work/ozone/ozone/hadoop-ozone/integration-test/target/test-dir/MiniOzoneClusterImpl-bdf76210-3e21-404e-9e17-65b92aec9f1a/datanode-3/data/ratis/5ffd143b-b608-4c45-a055-0448bf33db77/in_use.lock acquired by nodename 10214@fv-az151-875
2021-11-05 13:00:10,992 [pool-578-thread-1] INFO  storage.RaftStorage (RaftStorageImpl.java:format(89)) - Storage directory /home/runner/work/ozone/ozone/hadoop-ozone/integration-test/target/test-dir/MiniOzoneClusterImpl-bdf76210-3e21-404e-9e17-65b92aec9f1a/datanode-3/data/ratis/5ffd143b-b608-4c45-a055-0448bf33db77 has been successfully formatted.
2021-11-05 13:00:11,020 [pool-578-thread-1] INFO  ratis.ContainerStateMachine (ContainerStateMachine.java:loadSnapshot(224)) - group-0448BF33DB77: The snapshot info is null. Setting the last applied indexto:(t:0, i:~)
2021-11-05 13:00:11,024 [pool-578-thread-1] INFO  server.RaftServerConfigKeys (ConfUtils.java:logGet(44)) - raft.server.notification.no-leader.timeout = 300000ms (custom)
2021-11-05 13:00:11,024 [pool-578-thread-1] INFO  server.RaftServerConfigKeys (ConfUtils.java:logGet(44)) - raft.server.log.use.memory = false (default)
2021-11-05 13:00:11,024 [pool-578-thread-1] INFO  server.RaftServerConfigKeys (ConfUtils.java:logGet(44)) - raft.server.log.purge.gap = 1000000 (custom)
2021-11-05 13:00:11,024 [pool-578-thread-1] INFO  server.RaftServerConfigKeys (ConfUtils.java:logGet(44)) - raft.server.log.appender.buffer.byte-limit = 33554432 (custom)
2021-11-05 13:00:11,024 [pool-578-thread-1] INFO  server.RaftServerConfigKeys (ConfUtils.java:logGet(44)) - raft.server.log.segment.size.max = 1048576 (custom)
2021-11-05 13:00:11,025 [pool-578-thread-1] INFO  server.RaftServerConfigKeys (ConfUtils.java:logGet(44)) - raft.server.log.segment.cache.num.max = 2 (custom)
2021-11-05 13:00:11,025 [pool-578-thread-1] INFO  server.RaftServerConfigKeys (ConfUtils.java:logGet(44)) - raft.server.log.segment.cache.size.max = 200MB (=209715200) (default)
2021-11-05 13:00:11,025 [pool-578-thread-1] INFO  segmented.SegmentedRaftLogWorker (SegmentedRaftLogWorker.java:<init>(182)) - new fae3de48-3e9f-4cc7-8f85-17bb385fc42a@group-0448BF33DB77-SegmentedRaftLogWorker for RaftStorageImpl:Storage Directory /home/runner/work/ozone/ozone/hadoop-ozone/integration-test/target/test-dir/MiniOzoneClusterImpl-bdf76210-3e21-404e-9e17-65b92aec9f1a/datanode-3/data/ratis/5ffd143b-b608-4c45-a055-0448bf33db77
2021-11-05 13:00:11,025 [pool-578-thread-1] INFO  server.RaftServerConfigKeys (ConfUtils.java:logGet(44)) - raft.server.log.queue.byte-limit = 2147483647 (custom)
2021-11-05 13:00:11,025 [pool-578-thread-1] INFO  server.RaftServerConfigKeys (ConfUtils.java:logGet(44)) - raft.server.log.queue.element-limit = 1024 (custom)
2021-11-05 13:00:11,025 [pool-578-thread-1] INFO  server.RaftServerConfigKeys (ConfUtils.java:logGet(44)) - raft.server.log.segment.size.max = 1048576 (custom)
2021-11-05 13:00:11,025 [pool-578-thread-1] INFO  server.RaftServerConfigKeys (ConfUtils.java:logGet(44)) - raft.server.log.preallocated.size = 16384 (custom)
2021-11-05 13:00:11,025 [pool-578-thread-1] INFO  server.RaftServerConfigKeys (ConfUtils.java:logGet(44)) - raft.server.log.force.sync.num = 128 (default)
2021-11-05 13:00:11,025 [pool-578-thread-1] INFO  server.RaftServerConfigKeys (ConfUtils.java:logGet(44)) - raft.server.log.statemachine.data.sync = true (default)
2021-11-05 13:00:11,025 [pool-578-thread-1] INFO  server.RaftServerConfigKeys (ConfUtils.java:logGet(44)) - raft.server.log.statemachine.data.sync.timeout = 10s (default)
2021-11-05 13:00:11,025 [pool-578-thread-1] INFO  server.RaftServerConfigKeys (ConfUtils.java:logGet(44)) - raft.server.log.statemachine.data.sync.timeout.retry = -1 (default)
2021-11-05 13:00:11,026 [pool-578-thread-1] INFO  server.RaftServerConfigKeys (ConfUtils.java:logGet(44)) - raft.server.log.write.buffer.size = 1048576 (custom)
2021-11-05 13:00:11,027 [pool-578-thread-1] INFO  server.RaftServerConfigKeys (ConfUtils.java:logGet(44)) - raft.server.log.statemachine.data.caching.enabled = true (custom)
2021-11-05 13:00:11,027 [pool-578-thread-1] INFO  segmented.SegmentedRaftLogWorker (SegmentedRaftLogWorker.java:lambda$new$0(133)) - fae3de48-3e9f-4cc7-8f85-17bb385fc42a@group-0448BF33DB77-SegmentedRaftLogWorker: flushIndex: setUnconditionally 0 -> -1
2021-11-05 13:00:11,027 [pool-578-thread-1] INFO  segmented.SegmentedRaftLogWorker (SegmentedRaftLogWorker.java:lambda$new$0(133)) - fae3de48-3e9f-4cc7-8f85-17bb385fc42a@group-0448BF33DB77-SegmentedRaftLogWorker: safeCacheEvictIndex: setUnconditionally 0 -> -1
2021-11-05 13:00:11,027 [EventQueue-PipelineReportForPipelineReportHandler] INFO  pipeline.PipelineManagerImpl (PipelineManagerImpl.java:openPipeline(289)) - Pipeline Pipeline[ Id: 5ffd143b-b608-4c45-a055-0448bf33db77, Nodes: fae3de48-3e9f-4cc7-8f85-17bb385fc42a{ip: 10.1.0.23, host: fv-az151-875.yf2hydr00wburbhx3j5hxtcipe.bx.internal.cloudapp.net, ports: [REPLICATION=35371, RATIS=41205, RATIS_ADMIN=41205, RATIS_SERVER=41205, STANDALONE=45749], networkLocation: /default-rack, certSerialId: null, persistedOpState: IN_SERVICE, persistedOpStateExpiryEpochSec: 0}, ReplicationConfig: RATIS/ONE, State:ALLOCATED, leaderId:fae3de48-3e9f-4cc7-8f85-17bb385fc42a, CreationTimestamp2021-11-05T13:00:07.949Z[Etc/UTC]] moved to OPEN state
2021-11-05 13:00:11,028 [EventQueue-OpenPipelineForHealthyPipelineSafeModeRule] INFO  safemode.SCMSafeModeManager (HealthyPipelineSafeModeRule.java:process(124)) - SCM in safe mode. Healthy pipelines reported count is 0, required healthy pipeline reported count is 1
2021-11-05 13:00:11,032 [pool-578-thread-1] INFO  server.RaftServerConfigKeys (ConfUtils.java:logGet(44)) - raft.server.snapshot.auto.trigger.enabled = true (custom)
2021-11-05 13:00:11,032 [pool-578-thread-1] INFO  server.RaftServerConfigKeys (ConfUtils.java:logGet(44)) - raft.server.snapshot.auto.trigger.threshold = 10000 (custom)
2021-11-05 13:00:11,032 [pool-578-thread-1] INFO  server.RaftServerConfigKeys (ConfUtils.java:logGet(44)) - raft.server.snapshot.retention.file.num = 5 (custom)
2021-11-05 13:00:11,032 [pool-578-thread-1] INFO  server.RaftServerConfigKeys (ConfUtils.java:logGet(44)) - raft.server.log.purge.upto.snapshot.index = false (default)
2021-11-05 13:00:11,032 [pool-578-thread-1] INFO  server.RaftServerConfigKeys (ConfUtils.java:logGet(44)) - raft.server.retrycache.expirytime = 600000ms (custom)
2021-11-05 13:00:11,032 [pool-578-thread-1] INFO  server.RaftServerConfigKeys (ConfUtils.java:logGet(44)) - raft.server.retrycache.statistics.expirytime = 100μs (default)
2021-11-05 13:00:11,033 [pool-578-thread-1] INFO  server.RaftServer$Division (RaftServerImpl.java:start(301)) - fae3de48-3e9f-4cc7-8f85-17bb385fc42a@group-0448BF33DB77: start as a follower, conf=-1: [fae3de48-3e9f-4cc7-8f85-17bb385fc42a|rpc:10.1.0.23:41205|priority:1], old=null
2021-11-05 13:00:11,033 [pool-578-thread-1] INFO  server.RaftServer$Division (RaftServerImpl.java:setRole(290)) - fae3de48-3e9f-4cc7-8f85-17bb385fc42a@group-0448BF33DB77: changes role from      null to FOLLOWER at term 0 for startAsFollower
2021-11-05 13:00:11,033 [pool-578-thread-1] INFO  impl.RoleInfo (RoleInfo.java:updateAndGet(130)) - fae3de48-3e9f-4cc7-8f85-17bb385fc42a: start fae3de48-3e9f-4cc7-8f85-17bb385fc42a@group-0448BF33DB77-FollowerState
2021-11-05 13:00:11,061 [pool-578-thread-1] INFO  util.JmxRegister (JmxRegister.java:tryRegister(44)) - Successfully registered JMX Bean with object name Ratis:service=RaftServer,group=group-0448BF33DB77,id=fae3de48-3e9f-4cc7-8f85-17bb385fc42a
2021-11-05 13:00:11,066 [Command processor thread] INFO  ratis.XceiverServerRatis (XceiverServerRatis.java:addGroup(768)) - Created group PipelineID=5ffd143b-b608-4c45-a055-0448bf33db77
2021-11-05 13:00:11,066 [Command processor thread] INFO  commandhandler.CreatePipelineCommandHandler (CreatePipelineCommandHandler.java:handle(106)) - Created Pipeline RATIS ONE PipelineID=5ffd143b-b608-4c45-a055-0448bf33db77.
2021-11-05 13:00:11,066 [Command processor thread] INFO  server.RaftServer (RaftServerProxy.java:addNew(95)) - fae3de48-3e9f-4cc7-8f85-17bb385fc42a: addNew group-30A45C208CA2:[fae3de48-3e9f-4cc7-8f85-17bb385fc42a|rpc:10.1.0.23:41205|priority:0, 04351296-bb31-4c39-8b7c-2fcea1114805|rpc:10.1.0.23:43337|priority:0, f63fc592-5921-4d2a-8a56-22c1aba49965|rpc:10.1.0.23:39383|priority:1] returns group-30A45C208CA2:java.util.concurrent.CompletableFuture@61600508[Not completed]
2021-11-05 13:00:11,067 [pool-578-thread-1] INFO  server.RaftServer$Division (RaftServerImpl.java:<init>(184)) - fae3de48-3e9f-4cc7-8f85-17bb385fc42a: new RaftServerImpl for group-30A45C208CA2:[fae3de48-3e9f-4cc7-8f85-17bb385fc42a|rpc:10.1.0.23:41205|priority:0, 04351296-bb31-4c39-8b7c-2fcea1114805|rpc:10.1.0.23:43337|priority:0, f63fc592-5921-4d2a-8a56-22c1aba49965|rpc:10.1.0.23:39383|priority:1] with ContainerStateMachine:uninitialized
2021-11-05 13:00:11,067 [pool-578-thread-1] INFO  server.RaftServerConfigKeys (ConfUtils.java:logGet(44)) - raft.server.rpc.timeout.min = 5s (custom)
2021-11-05 13:00:11,067 [pool-578-thread-1] INFO  server.RaftServerConfigKeys (ConfUtils.java:logGet(44)) - raft.server.rpc.timeout.max = 5200ms (custom)
2021-11-05 13:00:11,067 [pool-578-thread-1] INFO  server.RaftServerConfigKeys (ConfUtils.java:logGet(44)) - raft.server.rpc.sleep.time = 25ms (default)
2021-11-05 13:00:11,067 [pool-578-thread-1] INFO  server.RaftServerConfigKeys (ConfUtils.java:logGet(44)) - raft.server.rpc.slowness.timeout = 300000ms (custom)
2021-11-05 13:00:11,067 [pool-578-thread-1] INFO  server.RaftServerConfigKeys (ConfUtils.java:logGet(44)) - raft.server.leaderelection.leader.step-down.wait-time = 10s (default)
2021-11-05 13:00:11,067 [pool-578-thread-1] INFO  server.RaftServerConfigKeys (ConfUtils.java:logGet(44)) - raft.server.sleep.deviation.threshold = 300ms (default)
2021-11-05 13:00:11,067 [pool-578-thread-1] INFO  server.RaftServerConfigKeys (ConfUtils.java:logGet(44)) - raft.server.log.appender.install.snapshot.enabled = false (custom)
2021-11-05 13:00:11,067 [pool-578-thread-1] INFO  server.RaftServer$Division (ServerState.java:<init>(105)) - fae3de48-3e9f-4cc7-8f85-17bb385fc42a@group-30A45C208CA2: ConfigurationManager, init=-1: [fae3de48-3e9f-4cc7-8f85-17bb385fc42a|rpc:10.1.0.23:41205|priority:0, 04351296-bb31-4c39-8b7c-2fcea1114805|rpc:10.1.0.23:43337|priority:0, f63fc592-5921-4d2a-8a56-22c1aba49965|rpc:10.1.0.23:39383|priority:1], old=null, confs=<EMPTY_MAP>
2021-11-05 13:00:11,067 [pool-578-thread-1] INFO  server.RaftServerConfigKeys (ConfUtils.java:logGet(44)) - raft.server.storage.dir = [/home/runner/work/ozone/ozone/hadoop-ozone/integration-test/target/test-dir/MiniOzoneClusterImpl-bdf76210-3e21-404e-9e17-65b92aec9f1a/datanode-3/data/ratis] (custom)
2021-11-05 13:00:11,067 [pool-578-thread-1] INFO  server.RaftServerConfigKeys (ConfUtils.java:logGet(44)) - raft.server.log.corruption.policy = EXCEPTION (default)
2021-11-05 13:00:11,067 [pool-578-thread-1] INFO  server.RaftServerConfigKeys (ConfUtils.java:logGet(44)) - raft.server.storage.free-space.min = 0MB (=0) (default)
2021-11-05 13:00:11,067 [pool-578-thread-1] INFO  storage.RaftStorageDirectory (RaftStorageDirectoryImpl.java:analyzeStorage(135)) - The storage directory /home/runner/work/ozone/ozone/hadoop-ozone/integration-test/target/test-dir/MiniOzoneClusterImpl-bdf76210-3e21-404e-9e17-65b92aec9f1a/datanode-3/data/ratis/3f1b9fd8-ba50-4c9b-8c0d-30a45c208ca2 does not exist. Creating ...
2021-11-05 13:00:11,068 [pool-578-thread-1] INFO  storage.RaftStorageDirectory (RaftStorageDirectoryImpl.java:tryLock(230)) - Lock on /home/runner/work/ozone/ozone/hadoop-ozone/integration-test/target/test-dir/MiniOzoneClusterImpl-bdf76210-3e21-404e-9e17-65b92aec9f1a/datanode-3/data/ratis/3f1b9fd8-ba50-4c9b-8c0d-30a45c208ca2/in_use.lock acquired by nodename 10214@fv-az151-875
2021-11-05 13:00:11,069 [pool-578-thread-1] INFO  storage.RaftStorage (RaftStorageImpl.java:format(89)) - Storage directory /home/runner/work/ozone/ozone/hadoop-ozone/integration-test/target/test-dir/MiniOzoneClusterImpl-bdf76210-3e21-404e-9e17-65b92aec9f1a/datanode-3/data/ratis/3f1b9fd8-ba50-4c9b-8c0d-30a45c208ca2 has been successfully formatted.
2021-11-05 13:00:11,070 [pool-578-thread-1] INFO  ratis.ContainerStateMachine (ContainerStateMachine.java:loadSnapshot(224)) - group-30A45C208CA2: The snapshot info is null. Setting the last applied indexto:(t:0, i:~)
2021-11-05 13:00:11,070 [pool-578-thread-1] INFO  server.RaftServerConfigKeys (ConfUtils.java:logGet(44)) - raft.server.notification.no-leader.timeout = 300000ms (custom)
2021-11-05 13:00:11,070 [pool-578-thread-1] INFO  server.RaftServerConfigKeys (ConfUtils.java:logGet(44)) - raft.server.log.use.memory = false (default)
2021-11-05 13:00:11,070 [pool-578-thread-1] INFO  server.RaftServerConfigKeys (ConfUtils.java:logGet(44)) - raft.server.log.purge.gap = 1000000 (custom)
2021-11-05 13:00:11,070 [pool-578-thread-1] INFO  server.RaftServerConfigKeys (ConfUtils.java:logGet(44)) - raft.server.log.appender.buffer.byte-limit = 33554432 (custom)
2021-11-05 13:00:11,070 [pool-578-thread-1] INFO  server.RaftServerConfigKeys (ConfUtils.java:logGet(44)) - raft.server.log.segment.size.max = 1048576 (custom)
2021-11-05 13:00:11,071 [pool-578-thread-1] INFO  server.RaftServerConfigKeys (ConfUtils.java:logGet(44)) - raft.server.log.segment.cache.num.max = 2 (custom)
2021-11-05 13:00:11,071 [pool-578-thread-1] INFO  server.RaftServerConfigKeys (ConfUtils.java:logGet(44)) - raft.server.log.segment.cache.size.max = 200MB (=209715200) (default)
2021-11-05 13:00:11,071 [pool-578-thread-1] INFO  segmented.SegmentedRaftLogWorker (SegmentedRaftLogWorker.java:<init>(182)) - new fae3de48-3e9f-4cc7-8f85-17bb385fc42a@group-30A45C208CA2-SegmentedRaftLogWorker for RaftStorageImpl:Storage Directory /home/runner/work/ozone/ozone/hadoop-ozone/integration-test/target/test-dir/MiniOzoneClusterImpl-bdf76210-3e21-404e-9e17-65b92aec9f1a/datanode-3/data/ratis/3f1b9fd8-ba50-4c9b-8c0d-30a45c208ca2
2021-11-05 13:00:11,071 [pool-578-thread-1] INFO  server.RaftServerConfigKeys (ConfUtils.java:logGet(44)) - raft.server.log.queue.byte-limit = 2147483647 (custom)
2021-11-05 13:00:11,071 [pool-578-thread-1] INFO  server.RaftServerConfigKeys (ConfUtils.java:logGet(44)) - raft.server.log.queue.element-limit = 1024 (custom)
2021-11-05 13:00:11,071 [pool-578-thread-1] INFO  server.RaftServerConfigKeys (ConfUtils.java:logGet(44)) - raft.server.log.segment.size.max = 1048576 (custom)
2021-11-05 13:00:11,071 [pool-578-thread-1] INFO  server.RaftServerConfigKeys (ConfUtils.java:logGet(44)) - raft.server.log.preallocated.size = 16384 (custom)
2021-11-05 13:00:11,071 [pool-578-thread-1] INFO  server.RaftServerConfigKeys (ConfUtils.java:logGet(44)) - raft.server.log.force.sync.num = 128 (default)
2021-11-05 13:00:11,071 [pool-578-thread-1] INFO  server.RaftServerConfigKeys (ConfUtils.java:logGet(44)) - raft.server.log.statemachine.data.sync = true (default)
2021-11-05 13:00:11,071 [pool-578-thread-1] INFO  server.RaftServerConfigKeys (ConfUtils.java:logGet(44)) - raft.server.log.statemachine.data.sync.timeout = 10s (default)
2021-11-05 13:00:11,071 [pool-578-thread-1] INFO  server.RaftServerConfigKeys (ConfUtils.java:logGet(44)) - raft.server.log.statemachine.data.sync.timeout.retry = -1 (default)
2021-11-05 13:00:11,072 [pool-578-thread-1] INFO  server.RaftServerConfigKeys (ConfUtils.java:logGet(44)) - raft.server.log.write.buffer.size = 1048576 (custom)
2021-11-05 13:00:11,073 [pool-578-thread-1] INFO  server.RaftServerConfigKeys (ConfUtils.java:logGet(44)) - raft.server.log.statemachine.data.caching.enabled = true (custom)
2021-11-05 13:00:11,073 [pool-578-thread-1] INFO  segmented.SegmentedRaftLogWorker (SegmentedRaftLogWorker.java:lambda$new$0(133)) - fae3de48-3e9f-4cc7-8f85-17bb385fc42a@group-30A45C208CA2-SegmentedRaftLogWorker: flushIndex: setUnconditionally 0 -> -1
2021-11-05 13:00:11,073 [pool-578-thread-1] INFO  segmented.SegmentedRaftLogWorker (SegmentedRaftLogWorker.java:lambda$new$0(133)) - fae3de48-3e9f-4cc7-8f85-17bb385fc42a@group-30A45C208CA2-SegmentedRaftLogWorker: safeCacheEvictIndex: setUnconditionally 0 -> -1
2021-11-05 13:00:11,073 [EventQueue-OpenPipelineForHealthyPipelineSafeModeRule] INFO  safemode.SCMSafeModeManager (HealthyPipelineSafeModeRule.java:process(124)) - SCM in safe mode. Healthy pipelines reported count is 0, required healthy pipeline reported count is 1
2021-11-05 13:00:11,094 [pool-578-thread-1] INFO  server.RaftServerConfigKeys (ConfUtils.java:logGet(44)) - raft.server.snapshot.auto.trigger.enabled = true (custom)
2021-11-05 13:00:11,094 [pool-578-thread-1] INFO  server.RaftServerConfigKeys (ConfUtils.java:logGet(44)) - raft.server.snapshot.auto.trigger.threshold = 10000 (custom)
2021-11-05 13:00:11,094 [pool-578-thread-1] INFO  server.RaftServerConfigKeys (ConfUtils.java:logGet(44)) - raft.server.snapshot.retention.file.num = 5 (custom)
2021-11-05 13:00:11,094 [pool-578-thread-1] INFO  server.RaftServerConfigKeys (ConfUtils.java:logGet(44)) - raft.server.log.purge.upto.snapshot.index = false (default)
2021-11-05 13:00:11,094 [pool-578-thread-1] INFO  server.RaftServerConfigKeys (ConfUtils.java:logGet(44)) - raft.server.retrycache.expirytime = 600000ms (custom)
2021-11-05 13:00:11,094 [pool-578-thread-1] INFO  server.RaftServerConfigKeys (ConfUtils.java:logGet(44)) - raft.server.retrycache.statistics.expirytime = 100μs (default)
2021-11-05 13:00:11,105 [pool-578-thread-1] INFO  server.RaftServer$Division (RaftServerImpl.java:start(301)) - fae3de48-3e9f-4cc7-8f85-17bb385fc42a@group-30A45C208CA2: start as a follower, conf=-1: [fae3de48-3e9f-4cc7-8f85-17bb385fc42a|rpc:10.1.0.23:41205|priority:0, 04351296-bb31-4c39-8b7c-2fcea1114805|rpc:10.1.0.23:43337|priority:0, f63fc592-5921-4d2a-8a56-22c1aba49965|rpc:10.1.0.23:39383|priority:1], old=null
2021-11-05 13:00:11,105 [pool-578-thread-1] INFO  server.RaftServer$Division (RaftServerImpl.java:setRole(290)) - fae3de48-3e9f-4cc7-8f85-17bb385fc42a@group-30A45C208CA2: changes role from      null to FOLLOWER at term 0 for startAsFollower
2021-11-05 13:00:11,105 [pool-578-thread-1] INFO  impl.RoleInfo (RoleInfo.java:updateAndGet(130)) - fae3de48-3e9f-4cc7-8f85-17bb385fc42a: start fae3de48-3e9f-4cc7-8f85-17bb385fc42a@group-30A45C208CA2-FollowerState
2021-11-05 13:00:11,112 [pool-578-thread-1] INFO  util.JmxRegister (JmxRegister.java:tryRegister(44)) - Successfully registered JMX Bean with object name Ratis:service=RaftServer,group=group-30A45C208CA2,id=fae3de48-3e9f-4cc7-8f85-17bb385fc42a
2021-11-05 13:00:11,164 [Command processor thread] INFO  ratis.XceiverServerRatis (XceiverServerRatis.java:addGroup(768)) - Created group PipelineID=3f1b9fd8-ba50-4c9b-8c0d-30a45c208ca2
2021-11-05 13:00:11,179 [grpc-default-executor-3] INFO  server.RaftServer (RaftServerProxy.java:addNew(95)) - f63fc592-5921-4d2a-8a56-22c1aba49965: addNew group-30A45C208CA2:[fae3de48-3e9f-4cc7-8f85-17bb385fc42a|rpc:10.1.0.23:41205|dataStream:|priority:0, 04351296-bb31-4c39-8b7c-2fcea1114805|rpc:10.1.0.23:43337|dataStream:|priority:0, f63fc592-5921-4d2a-8a56-22c1aba49965|rpc:10.1.0.23:39383|dataStream:|priority:1] returns group-30A45C208CA2:java.util.concurrent.CompletableFuture@40d351a2[Not completed]
2021-11-05 13:00:11,180 [pool-597-thread-1] INFO  server.RaftServer$Division (RaftServerImpl.java:<init>(184)) - f63fc592-5921-4d2a-8a56-22c1aba49965: new RaftServerImpl for group-30A45C208CA2:[fae3de48-3e9f-4cc7-8f85-17bb385fc42a|rpc:10.1.0.23:41205|dataStream:|priority:0, 04351296-bb31-4c39-8b7c-2fcea1114805|rpc:10.1.0.23:43337|dataStream:|priority:0, f63fc592-5921-4d2a-8a56-22c1aba49965|rpc:10.1.0.23:39383|dataStream:|priority:1] with ContainerStateMachine:uninitialized
2021-11-05 13:00:11,180 [pool-597-thread-1] INFO  server.RaftServerConfigKeys (ConfUtils.java:logGet(44)) - raft.server.rpc.timeout.min = 5s (custom)
2021-11-05 13:00:11,180 [pool-597-thread-1] INFO  server.RaftServerConfigKeys (ConfUtils.java:logGet(44)) - raft.server.rpc.timeout.max = 5200ms (custom)
2021-11-05 13:00:11,180 [pool-597-thread-1] INFO  server.RaftServerConfigKeys (ConfUtils.java:logGet(44)) - raft.server.rpc.sleep.time = 25ms (default)
2021-11-05 13:00:11,180 [pool-597-thread-1] INFO  server.RaftServerConfigKeys (ConfUtils.java:logGet(44)) - raft.server.rpc.slowness.timeout = 300000ms (custom)
2021-11-05 13:00:11,180 [pool-597-thread-1] INFO  server.RaftServerConfigKeys (ConfUtils.java:logGet(44)) - raft.server.leaderelection.leader.step-down.wait-time = 10s (default)
2021-11-05 13:00:11,180 [pool-597-thread-1] INFO  server.RaftServerConfigKeys (ConfUtils.java:logGet(44)) - raft.server.sleep.deviation.threshold = 300ms (default)
2021-11-05 13:00:11,180 [pool-597-thread-1] INFO  server.RaftServerConfigKeys (ConfUtils.java:logGet(44)) - raft.server.log.appender.install.snapshot.enabled = false (custom)
2021-11-05 13:00:11,180 [pool-597-thread-1] INFO  server.RaftServer$Division (ServerState.java:<init>(105)) - f63fc592-5921-4d2a-8a56-22c1aba49965@group-30A45C208CA2: ConfigurationManager, init=-1: [fae3de48-3e9f-4cc7-8f85-17bb385fc42a|rpc:10.1.0.23:41205|dataStream:|priority:0, 04351296-bb31-4c39-8b7c-2fcea1114805|rpc:10.1.0.23:43337|dataStream:|priority:0, f63fc592-5921-4d2a-8a56-22c1aba49965|rpc:10.1.0.23:39383|dataStream:|priority:1], old=null, confs=<EMPTY_MAP>
2021-11-05 13:00:11,180 [pool-597-thread-1] INFO  server.RaftServerConfigKeys (ConfUtils.java:logGet(44)) - raft.server.storage.dir = [/home/runner/work/ozone/ozone/hadoop-ozone/integration-test/target/test-dir/MiniOzoneClusterImpl-bdf76210-3e21-404e-9e17-65b92aec9f1a/datanode-4/data/ratis] (custom)
2021-11-05 13:00:11,181 [pool-597-thread-1] INFO  server.RaftServerConfigKeys (ConfUtils.java:logGet(44)) - raft.server.log.corruption.policy = EXCEPTION (default)
2021-11-05 13:00:11,181 [pool-597-thread-1] INFO  server.RaftServerConfigKeys (ConfUtils.java:logGet(44)) - raft.server.storage.free-space.min = 0MB (=0) (default)
2021-11-05 13:00:11,181 [pool-597-thread-1] INFO  storage.RaftStorageDirectory (RaftStorageDirectoryImpl.java:analyzeStorage(135)) - The storage directory /home/runner/work/ozone/ozone/hadoop-ozone/integration-test/target/test-dir/MiniOzoneClusterImpl-bdf76210-3e21-404e-9e17-65b92aec9f1a/datanode-4/data/ratis/3f1b9fd8-ba50-4c9b-8c0d-30a45c208ca2 does not exist. Creating ...
2021-11-05 13:00:11,183 [pool-597-thread-1] INFO  storage.RaftStorageDirectory (RaftStorageDirectoryImpl.java:tryLock(230)) - Lock on /home/runner/work/ozone/ozone/hadoop-ozone/integration-test/target/test-dir/MiniOzoneClusterImpl-bdf76210-3e21-404e-9e17-65b92aec9f1a/datanode-4/data/ratis/3f1b9fd8-ba50-4c9b-8c0d-30a45c208ca2/in_use.lock acquired by nodename 10214@fv-az151-875
2021-11-05 13:00:11,186 [pool-597-thread-1] INFO  storage.RaftStorage (RaftStorageImpl.java:format(89)) - Storage directory /home/runner/work/ozone/ozone/hadoop-ozone/integration-test/target/test-dir/MiniOzoneClusterImpl-bdf76210-3e21-404e-9e17-65b92aec9f1a/datanode-4/data/ratis/3f1b9fd8-ba50-4c9b-8c0d-30a45c208ca2 has been successfully formatted.
2021-11-05 13:00:11,240 [pool-597-thread-1] INFO  ratis.ContainerStateMachine (ContainerStateMachine.java:loadSnapshot(224)) - group-30A45C208CA2: The snapshot info is null. Setting the last applied indexto:(t:0, i:~)
2021-11-05 13:00:11,240 [pool-597-thread-1] INFO  server.RaftServerConfigKeys (ConfUtils.java:logGet(44)) - raft.server.notification.no-leader.timeout = 300000ms (custom)
2021-11-05 13:00:11,240 [pool-597-thread-1] INFO  server.RaftServerConfigKeys (ConfUtils.java:logGet(44)) - raft.server.log.use.memory = false (default)
2021-11-05 13:00:11,240 [pool-597-thread-1] INFO  server.RaftServerConfigKeys (ConfUtils.java:logGet(44)) - raft.server.log.purge.gap = 1000000 (custom)
2021-11-05 13:00:11,240 [pool-597-thread-1] INFO  server.RaftServerConfigKeys (ConfUtils.java:logGet(44)) - raft.server.log.appender.buffer.byte-limit = 33554432 (custom)
2021-11-05 13:00:11,240 [pool-597-thread-1] INFO  server.RaftServerConfigKeys (ConfUtils.java:logGet(44)) - raft.server.log.segment.size.max = 1048576 (custom)
2021-11-05 13:00:11,241 [pool-597-thread-1] INFO  server.RaftServerConfigKeys (ConfUtils.java:logGet(44)) - raft.server.log.segment.cache.num.max = 2 (custom)
2021-11-05 13:00:11,241 [pool-597-thread-1] INFO  server.RaftServerConfigKeys (ConfUtils.java:logGet(44)) - raft.server.log.segment.cache.size.max = 200MB (=209715200) (default)
2021-11-05 13:00:11,241 [pool-597-thread-1] INFO  segmented.SegmentedRaftLogWorker (SegmentedRaftLogWorker.java:<init>(182)) - new f63fc592-5921-4d2a-8a56-22c1aba49965@group-30A45C208CA2-SegmentedRaftLogWorker for RaftStorageImpl:Storage Directory /home/runner/work/ozone/ozone/hadoop-ozone/integration-test/target/test-dir/MiniOzoneClusterImpl-bdf76210-3e21-404e-9e17-65b92aec9f1a/datanode-4/data/ratis/3f1b9fd8-ba50-4c9b-8c0d-30a45c208ca2
2021-11-05 13:00:11,241 [pool-597-thread-1] INFO  server.RaftServerConfigKeys (ConfUtils.java:logGet(44)) - raft.server.log.queue.byte-limit = 2147483647 (custom)
2021-11-05 13:00:11,241 [pool-597-thread-1] INFO  server.RaftServerConfigKeys (ConfUtils.java:logGet(44)) - raft.server.log.queue.element-limit = 1024 (custom)
2021-11-05 13:00:11,241 [pool-597-thread-1] INFO  server.RaftServerConfigKeys (ConfUtils.java:logGet(44)) - raft.server.log.segment.size.max = 1048576 (custom)
2021-11-05 13:00:11,241 [pool-597-thread-1] INFO  server.RaftServerConfigKeys (ConfUtils.java:logGet(44)) - raft.server.log.preallocated.size = 16384 (custom)
2021-11-05 13:00:11,241 [pool-597-thread-1] INFO  server.RaftServerConfigKeys (ConfUtils.java:logGet(44)) - raft.server.log.force.sync.num = 128 (default)
2021-11-05 13:00:11,241 [pool-597-thread-1] INFO  server.RaftServerConfigKeys (ConfUtils.java:logGet(44)) - raft.server.log.statemachine.data.sync = true (default)
2021-11-05 13:00:11,241 [pool-597-thread-1] INFO  server.RaftServerConfigKeys (ConfUtils.java:logGet(44)) - raft.server.log.statemachine.data.sync.timeout = 10s (default)
2021-11-05 13:00:11,241 [pool-597-thread-1] INFO  server.RaftServerConfigKeys (ConfUtils.java:logGet(44)) - raft.server.log.statemachine.data.sync.timeout.retry = -1 (default)
2021-11-05 13:00:11,242 [pool-597-thread-1] INFO  server.RaftServerConfigKeys (ConfUtils.java:logGet(44)) - raft.server.log.write.buffer.size = 1048576 (custom)
2021-11-05 13:00:11,243 [pool-597-thread-1] INFO  server.RaftServerConfigKeys (ConfUtils.java:logGet(44)) - raft.server.log.statemachine.data.caching.enabled = true (custom)
2021-11-05 13:00:11,243 [pool-597-thread-1] INFO  segmented.SegmentedRaftLogWorker (SegmentedRaftLogWorker.java:lambda$new$0(133)) - f63fc592-5921-4d2a-8a56-22c1aba49965@group-30A45C208CA2-SegmentedRaftLogWorker: flushIndex: setUnconditionally 0 -> -1
2021-11-05 13:00:11,243 [pool-597-thread-1] INFO  segmented.SegmentedRaftLogWorker (SegmentedRaftLogWorker.java:lambda$new$0(133)) - f63fc592-5921-4d2a-8a56-22c1aba49965@group-30A45C208CA2-SegmentedRaftLogWorker: safeCacheEvictIndex: setUnconditionally 0 -> -1
2021-11-05 13:00:11,252 [pool-597-thread-1] INFO  server.RaftServerConfigKeys (ConfUtils.java:logGet(44)) - raft.server.snapshot.auto.trigger.enabled = true (custom)
2021-11-05 13:00:11,252 [pool-597-thread-1] INFO  server.RaftServerConfigKeys (ConfUtils.java:logGet(44)) - raft.server.snapshot.auto.trigger.threshold = 10000 (custom)
2021-11-05 13:00:11,252 [pool-597-thread-1] INFO  server.RaftServerConfigKeys (ConfUtils.java:logGet(44)) - raft.server.snapshot.retention.file.num = 5 (custom)
2021-11-05 13:00:11,252 [pool-597-thread-1] INFO  server.RaftServerConfigKeys (ConfUtils.java:logGet(44)) - raft.server.log.purge.upto.snapshot.index = false (default)
2021-11-05 13:00:11,252 [pool-597-thread-1] INFO  server.RaftServerConfigKeys (ConfUtils.java:logGet(44)) - raft.server.retrycache.expirytime = 600000ms (custom)
2021-11-05 13:00:11,252 [pool-597-thread-1] INFO  server.RaftServerConfigKeys (ConfUtils.java:logGet(44)) - raft.server.retrycache.statistics.expirytime = 100μs (default)
2021-11-05 13:00:11,253 [pool-597-thread-1] INFO  server.RaftServer$Division (RaftServerImpl.java:start(301)) - f63fc592-5921-4d2a-8a56-22c1aba49965@group-30A45C208CA2: start as a follower, conf=-1: [fae3de48-3e9f-4cc7-8f85-17bb385fc42a|rpc:10.1.0.23:41205|dataStream:|priority:0, 04351296-bb31-4c39-8b7c-2fcea1114805|rpc:10.1.0.23:43337|dataStream:|priority:0, f63fc592-5921-4d2a-8a56-22c1aba49965|rpc:10.1.0.23:39383|dataStream:|priority:1], old=null
2021-11-05 13:00:11,253 [pool-597-thread-1] INFO  server.RaftServer$Division (RaftServerImpl.java:setRole(290)) - f63fc592-5921-4d2a-8a56-22c1aba49965@group-30A45C208CA2: changes role from      null to FOLLOWER at term 0 for startAsFollower
2021-11-05 13:00:11,253 [pool-597-thread-1] INFO  impl.RoleInfo (RoleInfo.java:updateAndGet(130)) - f63fc592-5921-4d2a-8a56-22c1aba49965: start f63fc592-5921-4d2a-8a56-22c1aba49965@group-30A45C208CA2-FollowerState
2021-11-05 13:00:11,255 [pool-597-thread-1] INFO  util.JmxRegister (JmxRegister.java:tryRegister(44)) - Successfully registered JMX Bean with object name Ratis:service=RaftServer,group=group-30A45C208CA2,id=f63fc592-5921-4d2a-8a56-22c1aba49965
2021-11-05 13:00:11,308 [Listener at 127.0.0.1/42119] INFO  ozone.MiniOzoneClusterImpl (MiniOzoneClusterImpl.java:lambda$waitForClusterToBeReady$0(235)) - Nodes are ready. Got 7 of 7 DN Heartbeats.
2021-11-05 13:00:11,308 [Listener at 127.0.0.1/42119] INFO  ozone.MiniOzoneClusterImpl (MiniOzoneClusterImpl.java:lambda$waitForClusterToBeReady$0(238)) - Waiting for cluster to exit safe mode
2021-11-05 13:00:11,308 [Listener at 127.0.0.1/42119] INFO  ozone.MiniOzoneClusterImpl (MiniOzoneClusterImpl.java:lambda$waitForClusterToBeReady$0(240)) - SCM became leader
2021-11-05 13:00:11,337 [grpc-default-executor-3] INFO  server.RaftServer (RaftServerProxy.java:addNew(95)) - 04351296-bb31-4c39-8b7c-2fcea1114805: addNew group-30A45C208CA2:[fae3de48-3e9f-4cc7-8f85-17bb385fc42a|rpc:10.1.0.23:41205|dataStream:|priority:0, 04351296-bb31-4c39-8b7c-2fcea1114805|rpc:10.1.0.23:43337|dataStream:|priority:0, f63fc592-5921-4d2a-8a56-22c1aba49965|rpc:10.1.0.23:39383|dataStream:|priority:1] returns group-30A45C208CA2:java.util.concurrent.CompletableFuture@303059b9[Not completed]
2021-11-05 13:00:11,372 [pool-616-thread-1] INFO  server.RaftServer$Division (RaftServerImpl.java:<init>(184)) - 04351296-bb31-4c39-8b7c-2fcea1114805: new RaftServerImpl for group-30A45C208CA2:[fae3de48-3e9f-4cc7-8f85-17bb385fc42a|rpc:10.1.0.23:41205|dataStream:|priority:0, 04351296-bb31-4c39-8b7c-2fcea1114805|rpc:10.1.0.23:43337|dataStream:|priority:0, f63fc592-5921-4d2a-8a56-22c1aba49965|rpc:10.1.0.23:39383|dataStream:|priority:1] with ContainerStateMachine:uninitialized
2021-11-05 13:00:11,373 [pool-616-thread-1] INFO  server.RaftServerConfigKeys (ConfUtils.java:logGet(44)) - raft.server.rpc.timeout.min = 5s (custom)
2021-11-05 13:00:11,373 [pool-616-thread-1] INFO  server.RaftServerConfigKeys (ConfUtils.java:logGet(44)) - raft.server.rpc.timeout.max = 5200ms (custom)
2021-11-05 13:00:11,373 [pool-616-thread-1] INFO  server.RaftServerConfigKeys (ConfUtils.java:logGet(44)) - raft.server.rpc.sleep.time = 25ms (default)
2021-11-05 13:00:11,373 [pool-616-thread-1] INFO  server.RaftServerConfigKeys (ConfUtils.java:logGet(44)) - raft.server.rpc.slowness.timeout = 300000ms (custom)
2021-11-05 13:00:11,373 [pool-616-thread-1] INFO  server.RaftServerConfigKeys (ConfUtils.java:logGet(44)) - raft.server.leaderelection.leader.step-down.wait-time = 10s (default)
2021-11-05 13:00:11,373 [pool-616-thread-1] INFO  server.RaftServerConfigKeys (ConfUtils.java:logGet(44)) - raft.server.sleep.deviation.threshold = 300ms (default)
2021-11-05 13:00:11,374 [pool-616-thread-1] INFO  server.RaftServerConfigKeys (ConfUtils.java:logGet(44)) - raft.server.log.appender.install.snapshot.enabled = false (custom)
2021-11-05 13:00:11,374 [pool-616-thread-1] INFO  server.RaftServer$Division (ServerState.java:<init>(105)) - 04351296-bb31-4c39-8b7c-2fcea1114805@group-30A45C208CA2: ConfigurationManager, init=-1: [fae3de48-3e9f-4cc7-8f85-17bb385fc42a|rpc:10.1.0.23:41205|dataStream:|priority:0, 04351296-bb31-4c39-8b7c-2fcea1114805|rpc:10.1.0.23:43337|dataStream:|priority:0, f63fc592-5921-4d2a-8a56-22c1aba49965|rpc:10.1.0.23:39383|dataStream:|priority:1], old=null, confs=<EMPTY_MAP>
2021-11-05 13:00:11,374 [pool-616-thread-1] INFO  server.RaftServerConfigKeys (ConfUtils.java:logGet(44)) - raft.server.storage.dir = [/home/runner/work/ozone/ozone/hadoop-ozone/integration-test/target/test-dir/MiniOzoneClusterImpl-bdf76210-3e21-404e-9e17-65b92aec9f1a/datanode-5/data/ratis] (custom)
2021-11-05 13:00:11,374 [pool-616-thread-1] INFO  server.RaftServerConfigKeys (ConfUtils.java:logGet(44)) - raft.server.log.corruption.policy = EXCEPTION (default)
2021-11-05 13:00:11,374 [pool-616-thread-1] INFO  server.RaftServerConfigKeys (ConfUtils.java:logGet(44)) - raft.server.storage.free-space.min = 0MB (=0) (default)
2021-11-05 13:00:11,374 [pool-616-thread-1] INFO  storage.RaftStorageDirectory (RaftStorageDirectoryImpl.java:analyzeStorage(135)) - The storage directory /home/runner/work/ozone/ozone/hadoop-ozone/integration-test/target/test-dir/MiniOzoneClusterImpl-bdf76210-3e21-404e-9e17-65b92aec9f1a/datanode-5/data/ratis/3f1b9fd8-ba50-4c9b-8c0d-30a45c208ca2 does not exist. Creating ...
2021-11-05 13:00:11,383 [pool-616-thread-1] INFO  storage.RaftStorageDirectory (RaftStorageDirectoryImpl.java:tryLock(230)) - Lock on /home/runner/work/ozone/ozone/hadoop-ozone/integration-test/target/test-dir/MiniOzoneClusterImpl-bdf76210-3e21-404e-9e17-65b92aec9f1a/datanode-5/data/ratis/3f1b9fd8-ba50-4c9b-8c0d-30a45c208ca2/in_use.lock acquired by nodename 10214@fv-az151-875
2021-11-05 13:00:11,387 [pool-616-thread-1] INFO  storage.RaftStorage (RaftStorageImpl.java:format(89)) - Storage directory /home/runner/work/ozone/ozone/hadoop-ozone/integration-test/target/test-dir/MiniOzoneClusterImpl-bdf76210-3e21-404e-9e17-65b92aec9f1a/datanode-5/data/ratis/3f1b9fd8-ba50-4c9b-8c0d-30a45c208ca2 has been successfully formatted.
2021-11-05 13:00:11,390 [pool-616-thread-1] INFO  ratis.ContainerStateMachine (ContainerStateMachine.java:loadSnapshot(224)) - group-30A45C208CA2: The snapshot info is null. Setting the last applied indexto:(t:0, i:~)
2021-11-05 13:00:11,390 [pool-616-thread-1] INFO  server.RaftServerConfigKeys (ConfUtils.java:logGet(44)) - raft.server.notification.no-leader.timeout = 300000ms (custom)
2021-11-05 13:00:11,390 [pool-616-thread-1] INFO  server.RaftServerConfigKeys (ConfUtils.java:logGet(44)) - raft.server.log.use.memory = false (default)
2021-11-05 13:00:11,390 [pool-616-thread-1] INFO  server.RaftServerConfigKeys (ConfUtils.java:logGet(44)) - raft.server.log.purge.gap = 1000000 (custom)
2021-11-05 13:00:11,390 [pool-616-thread-1] INFO  server.RaftServerConfigKeys (ConfUtils.java:logGet(44)) - raft.server.log.appender.buffer.byte-limit = 33554432 (custom)
2021-11-05 13:00:11,391 [pool-616-thread-1] INFO  server.RaftServerConfigKeys (ConfUtils.java:logGet(44)) - raft.server.log.segment.size.max = 1048576 (custom)
2021-11-05 13:00:11,391 [pool-616-thread-1] INFO  server.RaftServerConfigKeys (ConfUtils.java:logGet(44)) - raft.server.log.segment.cache.num.max = 2 (custom)
2021-11-05 13:00:11,391 [pool-616-thread-1] INFO  server.RaftServerConfigKeys (ConfUtils.java:logGet(44)) - raft.server.log.segment.cache.size.max = 200MB (=209715200) (default)
2021-11-05 13:00:11,391 [pool-616-thread-1] INFO  segmented.SegmentedRaftLogWorker (SegmentedRaftLogWorker.java:<init>(182)) - new 04351296-bb31-4c39-8b7c-2fcea1114805@group-30A45C208CA2-SegmentedRaftLogWorker for RaftStorageImpl:Storage Directory /home/runner/work/ozone/ozone/hadoop-ozone/integration-test/target/test-dir/MiniOzoneClusterImpl-bdf76210-3e21-404e-9e17-65b92aec9f1a/datanode-5/data/ratis/3f1b9fd8-ba50-4c9b-8c0d-30a45c208ca2
2021-11-05 13:00:11,391 [pool-616-thread-1] INFO  server.RaftServerConfigKeys (ConfUtils.java:logGet(44)) - raft.server.log.queue.byte-limit = 2147483647 (custom)
2021-11-05 13:00:11,391 [pool-616-thread-1] INFO  server.RaftServerConfigKeys (ConfUtils.java:logGet(44)) - raft.server.log.queue.element-limit = 1024 (custom)
2021-11-05 13:00:11,391 [pool-616-thread-1] INFO  server.RaftServerConfigKeys (ConfUtils.java:logGet(44)) - raft.server.log.segment.size.max = 1048576 (custom)
2021-11-05 13:00:11,424 [pool-616-thread-1] INFO  server.RaftServerConfigKeys (ConfUtils.java:logGet(44)) - raft.server.log.preallocated.size = 16384 (custom)
2021-11-05 13:00:11,424 [pool-616-thread-1] INFO  server.RaftServerConfigKeys (ConfUtils.java:logGet(44)) - raft.server.log.force.sync.num = 128 (default)
2021-11-05 13:00:11,424 [pool-616-thread-1] INFO  server.RaftServerConfigKeys (ConfUtils.java:logGet(44)) - raft.server.log.statemachine.data.sync = true (default)
2021-11-05 13:00:11,424 [pool-616-thread-1] INFO  server.RaftServerConfigKeys (ConfUtils.java:logGet(44)) - raft.server.log.statemachine.data.sync.timeout = 10s (default)
2021-11-05 13:00:11,424 [pool-616-thread-1] INFO  server.RaftServerConfigKeys (ConfUtils.java:logGet(44)) - raft.server.log.statemachine.data.sync.timeout.retry = -1 (default)
2021-11-05 13:00:11,425 [pool-616-thread-1] INFO  server.RaftServerConfigKeys (ConfUtils.java:logGet(44)) - raft.server.log.write.buffer.size = 1048576 (custom)
2021-11-05 13:00:11,426 [pool-616-thread-1] INFO  server.RaftServerConfigKeys (ConfUtils.java:logGet(44)) - raft.server.log.statemachine.data.caching.enabled = true (custom)
2021-11-05 13:00:11,431 [pool-616-thread-1] INFO  segmented.SegmentedRaftLogWorker (SegmentedRaftLogWorker.java:lambda$new$0(133)) - 04351296-bb31-4c39-8b7c-2fcea1114805@group-30A45C208CA2-SegmentedRaftLogWorker: flushIndex: setUnconditionally 0 -> -1
2021-11-05 13:00:11,440 [pool-616-thread-1] INFO  segmented.SegmentedRaftLogWorker (SegmentedRaftLogWorker.java:lambda$new$0(133)) - 04351296-bb31-4c39-8b7c-2fcea1114805@group-30A45C208CA2-SegmentedRaftLogWorker: safeCacheEvictIndex: setUnconditionally 0 -> -1
2021-11-05 13:00:11,440 [pool-616-thread-1] INFO  server.RaftServerConfigKeys (ConfUtils.java:logGet(44)) - raft.server.snapshot.auto.trigger.enabled = true (custom)
2021-11-05 13:00:11,440 [pool-616-thread-1] INFO  server.RaftServerConfigKeys (ConfUtils.java:logGet(44)) - raft.server.snapshot.auto.trigger.threshold = 10000 (custom)
2021-11-05 13:00:11,440 [pool-616-thread-1] INFO  server.RaftServerConfigKeys (ConfUtils.java:logGet(44)) - raft.server.snapshot.retention.file.num = 5 (custom)
2021-11-05 13:00:11,440 [pool-616-thread-1] INFO  server.RaftServerConfigKeys (ConfUtils.java:logGet(44)) - raft.server.log.purge.upto.snapshot.index = false (default)
2021-11-05 13:00:11,440 [pool-616-thread-1] INFO  server.RaftServerConfigKeys (ConfUtils.java:logGet(44)) - raft.server.retrycache.expirytime = 600000ms (custom)
2021-11-05 13:00:11,440 [pool-616-thread-1] INFO  server.RaftServerConfigKeys (ConfUtils.java:logGet(44)) - raft.server.retrycache.statistics.expirytime = 100μs (default)
2021-11-05 13:00:11,449 [pool-616-thread-1] INFO  server.RaftServer$Division (RaftServerImpl.java:start(301)) - 04351296-bb31-4c39-8b7c-2fcea1114805@group-30A45C208CA2: start as a follower, conf=-1: [fae3de48-3e9f-4cc7-8f85-17bb385fc42a|rpc:10.1.0.23:41205|dataStream:|priority:0, 04351296-bb31-4c39-8b7c-2fcea1114805|rpc:10.1.0.23:43337|dataStream:|priority:0, f63fc592-5921-4d2a-8a56-22c1aba49965|rpc:10.1.0.23:39383|dataStream:|priority:1], old=null
2021-11-05 13:00:11,464 [pool-616-thread-1] INFO  server.RaftServer$Division (RaftServerImpl.java:setRole(290)) - 04351296-bb31-4c39-8b7c-2fcea1114805@group-30A45C208CA2: changes role from      null to FOLLOWER at term 0 for startAsFollower
2021-11-05 13:00:11,464 [pool-616-thread-1] INFO  impl.RoleInfo (RoleInfo.java:updateAndGet(130)) - 04351296-bb31-4c39-8b7c-2fcea1114805: start 04351296-bb31-4c39-8b7c-2fcea1114805@group-30A45C208CA2-FollowerState
2021-11-05 13:00:11,477 [pool-616-thread-1] INFO  util.JmxRegister (JmxRegister.java:tryRegister(44)) - Successfully registered JMX Bean with object name Ratis:service=RaftServer,group=group-30A45C208CA2,id=04351296-bb31-4c39-8b7c-2fcea1114805
2021-11-05 13:00:11,577 [Command processor thread] INFO  commandhandler.CreatePipelineCommandHandler (CreatePipelineCommandHandler.java:handle(106)) - Created Pipeline RATIS THREE PipelineID=3f1b9fd8-ba50-4c9b-8c0d-30a45c208ca2.
2021-11-05 13:00:11,577 [Command processor thread] INFO  server.RaftServer (RaftServerProxy.java:addNew(95)) - fae3de48-3e9f-4cc7-8f85-17bb385fc42a: addNew group-2717592FE90B:[fae3de48-3e9f-4cc7-8f85-17bb385fc42a|rpc:10.1.0.23:41205|priority:1, 04351296-bb31-4c39-8b7c-2fcea1114805|rpc:10.1.0.23:43337|priority:0, f63fc592-5921-4d2a-8a56-22c1aba49965|rpc:10.1.0.23:39383|priority:0] returns group-2717592FE90B:java.util.concurrent.CompletableFuture@14f281df[Not completed]
2021-11-05 13:00:11,578 [pool-578-thread-1] INFO  server.RaftServer$Division (RaftServerImpl.java:<init>(184)) - fae3de48-3e9f-4cc7-8f85-17bb385fc42a: new RaftServerImpl for group-2717592FE90B:[fae3de48-3e9f-4cc7-8f85-17bb385fc42a|rpc:10.1.0.23:41205|priority:1, 04351296-bb31-4c39-8b7c-2fcea1114805|rpc:10.1.0.23:43337|priority:0, f63fc592-5921-4d2a-8a56-22c1aba49965|rpc:10.1.0.23:39383|priority:0] with ContainerStateMachine:uninitialized
2021-11-05 13:00:11,578 [pool-578-thread-1] INFO  server.RaftServerConfigKeys (ConfUtils.java:logGet(44)) - raft.server.rpc.timeout.min = 5s (custom)
2021-11-05 13:00:11,578 [pool-578-thread-1] INFO  server.RaftServerConfigKeys (ConfUtils.java:logGet(44)) - raft.server.rpc.timeout.max = 5200ms (custom)
2021-11-05 13:00:11,578 [pool-578-thread-1] INFO  server.RaftServerConfigKeys (ConfUtils.java:logGet(44)) - raft.server.rpc.sleep.time = 25ms (default)
2021-11-05 13:00:11,578 [pool-578-thread-1] INFO  server.RaftServerConfigKeys (ConfUtils.java:logGet(44)) - raft.server.rpc.slowness.timeout = 300000ms (custom)
2021-11-05 13:00:11,578 [pool-578-thread-1] INFO  server.RaftServerConfigKeys (ConfUtils.java:logGet(44)) - raft.server.leaderelection.leader.step-down.wait-time = 10s (default)
2021-11-05 13:00:11,578 [pool-578-thread-1] INFO  server.RaftServerConfigKeys (ConfUtils.java:logGet(44)) - raft.server.sleep.deviation.threshold = 300ms (default)
2021-11-05 13:00:11,578 [pool-578-thread-1] INFO  server.RaftServerConfigKeys (ConfUtils.java:logGet(44)) - raft.server.log.appender.install.snapshot.enabled = false (custom)
2021-11-05 13:00:11,578 [pool-578-thread-1] INFO  server.RaftServer$Division (ServerState.java:<init>(105)) - fae3de48-3e9f-4cc7-8f85-17bb385fc42a@group-2717592FE90B: ConfigurationManager, init=-1: [fae3de48-3e9f-4cc7-8f85-17bb385fc42a|rpc:10.1.0.23:41205|priority:1, 04351296-bb31-4c39-8b7c-2fcea1114805|rpc:10.1.0.23:43337|priority:0, f63fc592-5921-4d2a-8a56-22c1aba49965|rpc:10.1.0.23:39383|priority:0], old=null, confs=<EMPTY_MAP>
2021-11-05 13:00:11,578 [pool-578-thread-1] INFO  server.RaftServerConfigKeys (ConfUtils.java:logGet(44)) - raft.server.storage.dir = [/home/runner/work/ozone/ozone/hadoop-ozone/integration-test/target/test-dir/MiniOzoneClusterImpl-bdf76210-3e21-404e-9e17-65b92aec9f1a/datanode-3/data/ratis] (custom)
2021-11-05 13:00:11,578 [pool-578-thread-1] INFO  server.RaftServerConfigKeys (ConfUtils.java:logGet(44)) - raft.server.log.corruption.policy = EXCEPTION (default)
2021-11-05 13:00:11,578 [pool-578-thread-1] INFO  server.RaftServerConfigKeys (ConfUtils.java:logGet(44)) - raft.server.storage.free-space.min = 0MB (=0) (default)
2021-11-05 13:00:11,578 [pool-578-thread-1] INFO  storage.RaftStorageDirectory (RaftStorageDirectoryImpl.java:analyzeStorage(135)) - The storage directory /home/runner/work/ozone/ozone/hadoop-ozone/integration-test/target/test-dir/MiniOzoneClusterImpl-bdf76210-3e21-404e-9e17-65b92aec9f1a/datanode-3/data/ratis/76f5f5e5-670c-4792-baeb-2717592fe90b does not exist. Creating ...
2021-11-05 13:00:11,580 [pool-578-thread-1] INFO  storage.RaftStorageDirectory (RaftStorageDirectoryImpl.java:tryLock(230)) - Lock on /home/runner/work/ozone/ozone/hadoop-ozone/integration-test/target/test-dir/MiniOzoneClusterImpl-bdf76210-3e21-404e-9e17-65b92aec9f1a/datanode-3/data/ratis/76f5f5e5-670c-4792-baeb-2717592fe90b/in_use.lock acquired by nodename 10214@fv-az151-875
2021-11-05 13:00:11,581 [pool-578-thread-1] INFO  storage.RaftStorage (RaftStorageImpl.java:format(89)) - Storage directory /home/runner/work/ozone/ozone/hadoop-ozone/integration-test/target/test-dir/MiniOzoneClusterImpl-bdf76210-3e21-404e-9e17-65b92aec9f1a/datanode-3/data/ratis/76f5f5e5-670c-4792-baeb-2717592fe90b has been successfully formatted.
2021-11-05 13:00:11,581 [pool-578-thread-1] INFO  ratis.ContainerStateMachine (ContainerStateMachine.java:loadSnapshot(224)) - group-2717592FE90B: The snapshot info is null. Setting the last applied indexto:(t:0, i:~)
2021-11-05 13:00:11,582 [pool-578-thread-1] INFO  server.RaftServerConfigKeys (ConfUtils.java:logGet(44)) - raft.server.notification.no-leader.timeout = 300000ms (custom)
2021-11-05 13:00:11,582 [pool-578-thread-1] INFO  server.RaftServerConfigKeys (ConfUtils.java:logGet(44)) - raft.server.log.use.memory = false (default)
2021-11-05 13:00:11,582 [pool-578-thread-1] INFO  server.RaftServerConfigKeys (ConfUtils.java:logGet(44)) - raft.server.log.purge.gap = 1000000 (custom)
2021-11-05 13:00:11,582 [pool-578-thread-1] INFO  server.RaftServerConfigKeys (ConfUtils.java:logGet(44)) - raft.server.log.appender.buffer.byte-limit = 33554432 (custom)
2021-11-05 13:00:11,582 [EventQueue-OpenPipelineForHealthyPipelineSafeModeRule] INFO  safemode.SCMSafeModeManager (HealthyPipelineSafeModeRule.java:process(124)) - SCM in safe mode. Healthy pipelines reported count is 0, required healthy pipeline reported count is 1
2021-11-05 13:00:11,583 [pool-578-thread-1] INFO  server.RaftServerConfigKeys (ConfUtils.java:logGet(44)) - raft.server.log.segment.size.max = 1048576 (custom)
2021-11-05 13:00:11,586 [pool-578-thread-1] INFO  server.RaftServerConfigKeys (ConfUtils.java:logGet(44)) - raft.server.log.segment.cache.num.max = 2 (custom)
2021-11-05 13:00:11,589 [pool-578-thread-1] INFO  server.RaftServerConfigKeys (ConfUtils.java:logGet(44)) - raft.server.log.segment.cache.size.max = 200MB (=209715200) (default)
2021-11-05 13:00:11,589 [pool-578-thread-1] INFO  segmented.SegmentedRaftLogWorker (SegmentedRaftLogWorker.java:<init>(182)) - new fae3de48-3e9f-4cc7-8f85-17bb385fc42a@group-2717592FE90B-SegmentedRaftLogWorker for RaftStorageImpl:Storage Directory /home/runner/work/ozone/ozone/hadoop-ozone/integration-test/target/test-dir/MiniOzoneClusterImpl-bdf76210-3e21-404e-9e17-65b92aec9f1a/datanode-3/data/ratis/76f5f5e5-670c-4792-baeb-2717592fe90b
2021-11-05 13:00:11,589 [pool-578-thread-1] INFO  server.RaftServerConfigKeys (ConfUtils.java:logGet(44)) - raft.server.log.queue.byte-limit = 2147483647 (custom)
2021-11-05 13:00:11,589 [pool-578-thread-1] INFO  server.RaftServerConfigKeys (ConfUtils.java:logGet(44)) - raft.server.log.queue.element-limit = 1024 (custom)
2021-11-05 13:00:11,589 [pool-578-thread-1] INFO  server.RaftServerConfigKeys (ConfUtils.java:logGet(44)) - raft.server.log.segment.size.max = 1048576 (custom)
2021-11-05 13:00:11,589 [pool-578-thread-1] INFO  server.RaftServerConfigKeys (ConfUtils.java:logGet(44)) - raft.server.log.preallocated.size = 16384 (custom)
2021-11-05 13:00:11,589 [pool-578-thread-1] INFO  server.RaftServerConfigKeys (ConfUtils.java:logGet(44)) - raft.server.log.force.sync.num = 128 (default)
2021-11-05 13:00:11,589 [pool-578-thread-1] INFO  server.RaftServerConfigKeys (ConfUtils.java:logGet(44)) - raft.server.log.statemachine.data.sync = true (default)
2021-11-05 13:00:11,589 [pool-578-thread-1] INFO  server.RaftServerConfigKeys (ConfUtils.java:logGet(44)) - raft.server.log.statemachine.data.sync.timeout = 10s (default)
2021-11-05 13:00:11,589 [pool-578-thread-1] INFO  server.RaftServerConfigKeys (ConfUtils.java:logGet(44)) - raft.server.log.statemachine.data.sync.timeout.retry = -1 (default)
2021-11-05 13:00:11,590 [pool-578-thread-1] INFO  server.RaftServerConfigKeys (ConfUtils.java:logGet(44)) - raft.server.log.write.buffer.size = 1048576 (custom)
2021-11-05 13:00:11,591 [pool-578-thread-1] INFO  server.RaftServerConfigKeys (ConfUtils.java:logGet(44)) - raft.server.log.statemachine.data.caching.enabled = true (custom)
2021-11-05 13:00:11,591 [pool-578-thread-1] INFO  segmented.SegmentedRaftLogWorker (SegmentedRaftLogWorker.java:lambda$new$0(133)) - fae3de48-3e9f-4cc7-8f85-17bb385fc42a@group-2717592FE90B-SegmentedRaftLogWorker: flushIndex: setUnconditionally 0 -> -1
2021-11-05 13:00:11,592 [pool-578-thread-1] INFO  segmented.SegmentedRaftLogWorker (SegmentedRaftLogWorker.java:lambda$new$0(133)) - fae3de48-3e9f-4cc7-8f85-17bb385fc42a@group-2717592FE90B-SegmentedRaftLogWorker: safeCacheEvictIndex: setUnconditionally 0 -> -1
2021-11-05 13:00:11,592 [pool-578-thread-1] INFO  server.RaftServerConfigKeys (ConfUtils.java:logGet(44)) - raft.server.snapshot.auto.trigger.enabled = true (custom)
2021-11-05 13:00:11,592 [pool-578-thread-1] INFO  server.RaftServerConfigKeys (ConfUtils.java:logGet(44)) - raft.server.snapshot.auto.trigger.threshold = 10000 (custom)
2021-11-05 13:00:11,592 [pool-578-thread-1] INFO  server.RaftServerConfigKeys (ConfUtils.java:logGet(44)) - raft.server.snapshot.retention.file.num = 5 (custom)
2021-11-05 13:00:11,592 [pool-578-thread-1] INFO  server.RaftServerConfigKeys (ConfUtils.java:logGet(44)) - raft.server.log.purge.upto.snapshot.index = false (default)
2021-11-05 13:00:11,592 [pool-578-thread-1] INFO  server.RaftServerConfigKeys (ConfUtils.java:logGet(44)) - raft.server.retrycache.expirytime = 600000ms (custom)
2021-11-05 13:00:11,592 [pool-578-thread-1] INFO  server.RaftServerConfigKeys (ConfUtils.java:logGet(44)) - raft.server.retrycache.statistics.expirytime = 100μs (default)
2021-11-05 13:00:11,593 [pool-578-thread-1] INFO  server.RaftServer$Division (RaftServerImpl.java:start(301)) - fae3de48-3e9f-4cc7-8f85-17bb385fc42a@group-2717592FE90B: start as a follower, conf=-1: [fae3de48-3e9f-4cc7-8f85-17bb385fc42a|rpc:10.1.0.23:41205|priority:1, 04351296-bb31-4c39-8b7c-2fcea1114805|rpc:10.1.0.23:43337|priority:0, f63fc592-5921-4d2a-8a56-22c1aba49965|rpc:10.1.0.23:39383|priority:0], old=null
2021-11-05 13:00:11,594 [pool-578-thread-1] INFO  server.RaftServer$Division (RaftServerImpl.java:setRole(290)) - fae3de48-3e9f-4cc7-8f85-17bb385fc42a@group-2717592FE90B: changes role from      null to FOLLOWER at term 0 for startAsFollower
2021-11-05 13:00:11,594 [pool-578-thread-1] INFO  impl.RoleInfo (RoleInfo.java:updateAndGet(130)) - fae3de48-3e9f-4cc7-8f85-17bb385fc42a: start fae3de48-3e9f-4cc7-8f85-17bb385fc42a@group-2717592FE90B-FollowerState
2021-11-05 13:00:11,594 [pool-578-thread-1] INFO  util.JmxRegister (JmxRegister.java:tryRegister(44)) - Successfully registered JMX Bean with object name Ratis:service=RaftServer,group=group-2717592FE90B,id=fae3de48-3e9f-4cc7-8f85-17bb385fc42a
2021-11-05 13:00:11,595 [Command processor thread] INFO  ratis.XceiverServerRatis (XceiverServerRatis.java:addGroup(768)) - Created group PipelineID=76f5f5e5-670c-4792-baeb-2717592fe90b
2021-11-05 13:00:11,620 [grpc-default-executor-3] INFO  server.RaftServer (RaftServerProxy.java:addNew(95)) - 04351296-bb31-4c39-8b7c-2fcea1114805: addNew group-2717592FE90B:[fae3de48-3e9f-4cc7-8f85-17bb385fc42a|rpc:10.1.0.23:41205|dataStream:|priority:1, 04351296-bb31-4c39-8b7c-2fcea1114805|rpc:10.1.0.23:43337|dataStream:|priority:0, f63fc592-5921-4d2a-8a56-22c1aba49965|rpc:10.1.0.23:39383|dataStream:|priority:0] returns group-2717592FE90B:java.util.concurrent.CompletableFuture@49ebbeee[Not completed]
2021-11-05 13:00:11,620 [pool-616-thread-1] INFO  server.RaftServer$Division (RaftServerImpl.java:<init>(184)) - 04351296-bb31-4c39-8b7c-2fcea1114805: new RaftServerImpl for group-2717592FE90B:[fae3de48-3e9f-4cc7-8f85-17bb385fc42a|rpc:10.1.0.23:41205|dataStream:|priority:1, 04351296-bb31-4c39-8b7c-2fcea1114805|rpc:10.1.0.23:43337|dataStream:|priority:0, f63fc592-5921-4d2a-8a56-22c1aba49965|rpc:10.1.0.23:39383|dataStream:|priority:0] with ContainerStateMachine:uninitialized
2021-11-05 13:00:11,620 [pool-616-thread-1] INFO  server.RaftServerConfigKeys (ConfUtils.java:logGet(44)) - raft.server.rpc.timeout.min = 5s (custom)
2021-11-05 13:00:11,621 [pool-616-thread-1] INFO  server.RaftServerConfigKeys (ConfUtils.java:logGet(44)) - raft.server.rpc.timeout.max = 5200ms (custom)
2021-11-05 13:00:11,621 [pool-616-thread-1] INFO  server.RaftServerConfigKeys (ConfUtils.java:logGet(44)) - raft.server.rpc.sleep.time = 25ms (default)
2021-11-05 13:00:11,621 [pool-616-thread-1] INFO  server.RaftServerConfigKeys (ConfUtils.java:logGet(44)) - raft.server.rpc.slowness.timeout = 300000ms (custom)
2021-11-05 13:00:11,621 [pool-616-thread-1] INFO  server.RaftServerConfigKeys (ConfUtils.java:logGet(44)) - raft.server.leaderelection.leader.step-down.wait-time = 10s (default)
2021-11-05 13:00:11,621 [pool-616-thread-1] INFO  server.RaftServerConfigKeys (ConfUtils.java:logGet(44)) - raft.server.sleep.deviation.threshold = 300ms (default)
2021-11-05 13:00:11,621 [pool-616-thread-1] INFO  server.RaftServerConfigKeys (ConfUtils.java:logGet(44)) - raft.server.log.appender.install.snapshot.enabled = false (custom)
2021-11-05 13:00:11,621 [pool-616-thread-1] INFO  server.RaftServer$Division (ServerState.java:<init>(105)) - 04351296-bb31-4c39-8b7c-2fcea1114805@group-2717592FE90B: ConfigurationManager, init=-1: [fae3de48-3e9f-4cc7-8f85-17bb385fc42a|rpc:10.1.0.23:41205|dataStream:|priority:1, 04351296-bb31-4c39-8b7c-2fcea1114805|rpc:10.1.0.23:43337|dataStream:|priority:0, f63fc592-5921-4d2a-8a56-22c1aba49965|rpc:10.1.0.23:39383|dataStream:|priority:0], old=null, confs=<EMPTY_MAP>
2021-11-05 13:00:11,621 [pool-616-thread-1] INFO  server.RaftServerConfigKeys (ConfUtils.java:logGet(44)) - raft.server.storage.dir = [/home/runner/work/ozone/ozone/hadoop-ozone/integration-test/target/test-dir/MiniOzoneClusterImpl-bdf76210-3e21-404e-9e17-65b92aec9f1a/datanode-5/data/ratis] (custom)
2021-11-05 13:00:11,621 [pool-616-thread-1] INFO  server.RaftServerConfigKeys (ConfUtils.java:logGet(44)) - raft.server.log.corruption.policy = EXCEPTION (default)
2021-11-05 13:00:11,621 [pool-616-thread-1] INFO  server.RaftServerConfigKeys (ConfUtils.java:logGet(44)) - raft.server.storage.free-space.min = 0MB (=0) (default)
2021-11-05 13:00:11,621 [pool-616-thread-1] INFO  storage.RaftStorageDirectory (RaftStorageDirectoryImpl.java:analyzeStorage(135)) - The storage directory /home/runner/work/ozone/ozone/hadoop-ozone/integration-test/target/test-dir/MiniOzoneClusterImpl-bdf76210-3e21-404e-9e17-65b92aec9f1a/datanode-5/data/ratis/76f5f5e5-670c-4792-baeb-2717592fe90b does not exist. Creating ...
2021-11-05 13:00:11,632 [pool-616-thread-1] INFO  storage.RaftStorageDirectory (RaftStorageDirectoryImpl.java:tryLock(230)) - Lock on /home/runner/work/ozone/ozone/hadoop-ozone/integration-test/target/test-dir/MiniOzoneClusterImpl-bdf76210-3e21-404e-9e17-65b92aec9f1a/datanode-5/data/ratis/76f5f5e5-670c-4792-baeb-2717592fe90b/in_use.lock acquired by nodename 10214@fv-az151-875
2021-11-05 13:00:11,639 [pool-616-thread-1] INFO  storage.RaftStorage (RaftStorageImpl.java:format(89)) - Storage directory /home/runner/work/ozone/ozone/hadoop-ozone/integration-test/target/test-dir/MiniOzoneClusterImpl-bdf76210-3e21-404e-9e17-65b92aec9f1a/datanode-5/data/ratis/76f5f5e5-670c-4792-baeb-2717592fe90b has been successfully formatted.
2021-11-05 13:00:11,640 [pool-616-thread-1] INFO  ratis.ContainerStateMachine (ContainerStateMachine.java:loadSnapshot(224)) - group-2717592FE90B: The snapshot info is null. Setting the last applied indexto:(t:0, i:~)
2021-11-05 13:00:11,640 [pool-616-thread-1] INFO  server.RaftServerConfigKeys (ConfUtils.java:logGet(44)) - raft.server.notification.no-leader.timeout = 300000ms (custom)
2021-11-05 13:00:11,640 [pool-616-thread-1] INFO  server.RaftServerConfigKeys (ConfUtils.java:logGet(44)) - raft.server.log.use.memory = false (default)
2021-11-05 13:00:11,640 [pool-616-thread-1] INFO  server.RaftServerConfigKeys (ConfUtils.java:logGet(44)) - raft.server.log.purge.gap = 1000000 (custom)
2021-11-05 13:00:11,640 [pool-616-thread-1] INFO  server.RaftServerConfigKeys (ConfUtils.java:logGet(44)) - raft.server.log.appender.buffer.byte-limit = 33554432 (custom)
2021-11-05 13:00:11,640 [pool-616-thread-1] INFO  server.RaftServerConfigKeys (ConfUtils.java:logGet(44)) - raft.server.log.segment.size.max = 1048576 (custom)
2021-11-05 13:00:11,641 [pool-616-thread-1] INFO  server.RaftServerConfigKeys (ConfUtils.java:logGet(44)) - raft.server.log.segment.cache.num.max = 2 (custom)
2021-11-05 13:00:11,641 [pool-616-thread-1] INFO  server.RaftServerConfigKeys (ConfUtils.java:logGet(44)) - raft.server.log.segment.cache.size.max = 200MB (=209715200) (default)
2021-11-05 13:00:11,641 [pool-616-thread-1] INFO  segmented.SegmentedRaftLogWorker (SegmentedRaftLogWorker.java:<init>(182)) - new 04351296-bb31-4c39-8b7c-2fcea1114805@group-2717592FE90B-SegmentedRaftLogWorker for RaftStorageImpl:Storage Directory /home/runner/work/ozone/ozone/hadoop-ozone/integration-test/target/test-dir/MiniOzoneClusterImpl-bdf76210-3e21-404e-9e17-65b92aec9f1a/datanode-5/data/ratis/76f5f5e5-670c-4792-baeb-2717592fe90b
2021-11-05 13:00:11,641 [pool-616-thread-1] INFO  server.RaftServerConfigKeys (ConfUtils.java:logGet(44)) - raft.server.log.queue.byte-limit = 2147483647 (custom)
2021-11-05 13:00:11,641 [pool-616-thread-1] INFO  server.RaftServerConfigKeys (ConfUtils.java:logGet(44)) - raft.server.log.queue.element-limit = 1024 (custom)
2021-11-05 13:00:11,641 [pool-616-thread-1] INFO  server.RaftServerConfigKeys (ConfUtils.java:logGet(44)) - raft.server.log.segment.size.max = 1048576 (custom)
2021-11-05 13:00:11,641 [pool-616-thread-1] INFO  server.RaftServerConfigKeys (ConfUtils.java:logGet(44)) - raft.server.log.preallocated.size = 16384 (custom)
2021-11-05 13:00:11,641 [pool-616-thread-1] INFO  server.RaftServerConfigKeys (ConfUtils.java:logGet(44)) - raft.server.log.force.sync.num = 128 (default)
2021-11-05 13:00:11,641 [pool-616-thread-1] INFO  server.RaftServerConfigKeys (ConfUtils.java:logGet(44)) - raft.server.log.statemachine.data.sync = true (default)
2021-11-05 13:00:11,641 [pool-616-thread-1] INFO  server.RaftServerConfigKeys (ConfUtils.java:logGet(44)) - raft.server.log.statemachine.data.sync.timeout = 10s (default)
2021-11-05 13:00:11,641 [pool-616-thread-1] INFO  server.RaftServerConfigKeys (ConfUtils.java:logGet(44)) - raft.server.log.statemachine.data.sync.timeout.retry = -1 (default)
2021-11-05 13:00:11,642 [pool-616-thread-1] INFO  server.RaftServerConfigKeys (ConfUtils.java:logGet(44)) - raft.server.log.write.buffer.size = 1048576 (custom)
2021-11-05 13:00:11,643 [pool-616-thread-1] INFO  server.RaftServerConfigKeys (ConfUtils.java:logGet(44)) - raft.server.log.statemachine.data.caching.enabled = true (custom)
2021-11-05 13:00:11,643 [pool-616-thread-1] INFO  segmented.SegmentedRaftLogWorker (SegmentedRaftLogWorker.java:lambda$new$0(133)) - 04351296-bb31-4c39-8b7c-2fcea1114805@group-2717592FE90B-SegmentedRaftLogWorker: flushIndex: setUnconditionally 0 -> -1
2021-11-05 13:00:11,643 [pool-616-thread-1] INFO  segmented.SegmentedRaftLogWorker (SegmentedRaftLogWorker.java:lambda$new$0(133)) - 04351296-bb31-4c39-8b7c-2fcea1114805@group-2717592FE90B-SegmentedRaftLogWorker: safeCacheEvictIndex: setUnconditionally 0 -> -1
2021-11-05 13:00:11,646 [pool-616-thread-1] INFO  server.RaftServerConfigKeys (ConfUtils.java:logGet(44)) - raft.server.snapshot.auto.trigger.enabled = true (custom)
2021-11-05 13:00:11,646 [pool-616-thread-1] INFO  server.RaftServerConfigKeys (ConfUtils.java:logGet(44)) - raft.server.snapshot.auto.trigger.threshold = 10000 (custom)
2021-11-05 13:00:11,646 [pool-616-thread-1] INFO  server.RaftServerConfigKeys (ConfUtils.java:logGet(44)) - raft.server.snapshot.retention.file.num = 5 (custom)
2021-11-05 13:00:11,646 [pool-616-thread-1] INFO  server.RaftServerConfigKeys (ConfUtils.java:logGet(44)) - raft.server.log.purge.upto.snapshot.index = false (default)
2021-11-05 13:00:11,646 [pool-616-thread-1] INFO  server.RaftServerConfigKeys (ConfUtils.java:logGet(44)) - raft.server.retrycache.expirytime = 600000ms (custom)
2021-11-05 13:00:11,646 [pool-616-thread-1] INFO  server.RaftServerConfigKeys (ConfUtils.java:logGet(44)) - raft.server.retrycache.statistics.expirytime = 100μs (default)
2021-11-05 13:00:11,648 [pool-616-thread-1] INFO  server.RaftServer$Division (RaftServerImpl.java:start(301)) - 04351296-bb31-4c39-8b7c-2fcea1114805@group-2717592FE90B: start as a follower, conf=-1: [fae3de48-3e9f-4cc7-8f85-17bb385fc42a|rpc:10.1.0.23:41205|dataStream:|priority:1, 04351296-bb31-4c39-8b7c-2fcea1114805|rpc:10.1.0.23:43337|dataStream:|priority:0, f63fc592-5921-4d2a-8a56-22c1aba49965|rpc:10.1.0.23:39383|dataStream:|priority:0], old=null
2021-11-05 13:00:11,648 [pool-616-thread-1] INFO  server.RaftServer$Division (RaftServerImpl.java:setRole(290)) - 04351296-bb31-4c39-8b7c-2fcea1114805@group-2717592FE90B: changes role from      null to FOLLOWER at term 0 for startAsFollower
2021-11-05 13:00:11,648 [pool-616-thread-1] INFO  impl.RoleInfo (RoleInfo.java:updateAndGet(130)) - 04351296-bb31-4c39-8b7c-2fcea1114805: start 04351296-bb31-4c39-8b7c-2fcea1114805@group-2717592FE90B-FollowerState
2021-11-05 13:00:11,648 [pool-616-thread-1] INFO  util.JmxRegister (JmxRegister.java:tryRegister(44)) - Successfully registered JMX Bean with object name Ratis:service=RaftServer,group=group-2717592FE90B,id=04351296-bb31-4c39-8b7c-2fcea1114805
2021-11-05 13:00:11,666 [Command processor thread] INFO  server.RaftServer (RaftServerProxy.java:addNew(95)) - f63fc592-5921-4d2a-8a56-22c1aba49965: addNew group-9C3501DB6FAE:[f63fc592-5921-4d2a-8a56-22c1aba49965|rpc:10.1.0.23:39383|priority:1] returns group-9C3501DB6FAE:java.util.concurrent.CompletableFuture@16247c03[Not completed]
2021-11-05 13:00:11,667 [pool-597-thread-1] INFO  server.RaftServer$Division (RaftServerImpl.java:<init>(184)) - f63fc592-5921-4d2a-8a56-22c1aba49965: new RaftServerImpl for group-9C3501DB6FAE:[f63fc592-5921-4d2a-8a56-22c1aba49965|rpc:10.1.0.23:39383|priority:1] with ContainerStateMachine:uninitialized
2021-11-05 13:00:11,667 [pool-597-thread-1] INFO  server.RaftServerConfigKeys (ConfUtils.java:logGet(44)) - raft.server.rpc.timeout.min = 5s (custom)
2021-11-05 13:00:11,667 [pool-597-thread-1] INFO  server.RaftServerConfigKeys (ConfUtils.java:logGet(44)) - raft.server.rpc.timeout.max = 5200ms (custom)
2021-11-05 13:00:11,667 [pool-597-thread-1] INFO  server.RaftServerConfigKeys (ConfUtils.java:logGet(44)) - raft.server.rpc.sleep.time = 25ms (default)
2021-11-05 13:00:11,667 [pool-597-thread-1] INFO  server.RaftServerConfigKeys (ConfUtils.java:logGet(44)) - raft.server.rpc.slowness.timeout = 300000ms (custom)
2021-11-05 13:00:11,667 [pool-597-thread-1] INFO  server.RaftServerConfigKeys (ConfUtils.java:logGet(44)) - raft.server.leaderelection.leader.step-down.wait-time = 10s (default)
2021-11-05 13:00:11,667 [pool-597-thread-1] INFO  server.RaftServerConfigKeys (ConfUtils.java:logGet(44)) - raft.server.sleep.deviation.threshold = 300ms (default)
2021-11-05 13:00:11,667 [pool-597-thread-1] INFO  server.RaftServerConfigKeys (ConfUtils.java:logGet(44)) - raft.server.log.appender.install.snapshot.enabled = false (custom)
2021-11-05 13:00:11,667 [pool-597-thread-1] INFO  server.RaftServer$Division (ServerState.java:<init>(105)) - f63fc592-5921-4d2a-8a56-22c1aba49965@group-9C3501DB6FAE: ConfigurationManager, init=-1: [f63fc592-5921-4d2a-8a56-22c1aba49965|rpc:10.1.0.23:39383|priority:1], old=null, confs=<EMPTY_MAP>
2021-11-05 13:00:11,667 [pool-597-thread-1] INFO  server.RaftServerConfigKeys (ConfUtils.java:logGet(44)) - raft.server.storage.dir = [/home/runner/work/ozone/ozone/hadoop-ozone/integration-test/target/test-dir/MiniOzoneClusterImpl-bdf76210-3e21-404e-9e17-65b92aec9f1a/datanode-4/data/ratis] (custom)
2021-11-05 13:00:11,667 [pool-597-thread-1] INFO  server.RaftServerConfigKeys (ConfUtils.java:logGet(44)) - raft.server.log.corruption.policy = EXCEPTION (default)
2021-11-05 13:00:11,667 [pool-597-thread-1] INFO  server.RaftServerConfigKeys (ConfUtils.java:logGet(44)) - raft.server.storage.free-space.min = 0MB (=0) (default)
2021-11-05 13:00:11,668 [pool-597-thread-1] INFO  storage.RaftStorageDirectory (RaftStorageDirectoryImpl.java:analyzeStorage(135)) - The storage directory /home/runner/work/ozone/ozone/hadoop-ozone/integration-test/target/test-dir/MiniOzoneClusterImpl-bdf76210-3e21-404e-9e17-65b92aec9f1a/datanode-4/data/ratis/3417dacd-ff16-41a1-8a71-9c3501db6fae does not exist. Creating ...
2021-11-05 13:00:11,676 [pool-597-thread-1] INFO  storage.RaftStorageDirectory (RaftStorageDirectoryImpl.java:tryLock(230)) - Lock on /home/runner/work/ozone/ozone/hadoop-ozone/integration-test/target/test-dir/MiniOzoneClusterImpl-bdf76210-3e21-404e-9e17-65b92aec9f1a/datanode-4/data/ratis/3417dacd-ff16-41a1-8a71-9c3501db6fae/in_use.lock acquired by nodename 10214@fv-az151-875
2021-11-05 13:00:11,685 [pool-597-thread-1] INFO  storage.RaftStorage (RaftStorageImpl.java:format(89)) - Storage directory /home/runner/work/ozone/ozone/hadoop-ozone/integration-test/target/test-dir/MiniOzoneClusterImpl-bdf76210-3e21-404e-9e17-65b92aec9f1a/datanode-4/data/ratis/3417dacd-ff16-41a1-8a71-9c3501db6fae has been successfully formatted.
2021-11-05 13:00:11,686 [pool-597-thread-1] INFO  ratis.ContainerStateMachine (ContainerStateMachine.java:loadSnapshot(224)) - group-9C3501DB6FAE: The snapshot info is null. Setting the last applied indexto:(t:0, i:~)
2021-11-05 13:00:11,686 [pool-597-thread-1] INFO  server.RaftServerConfigKeys (ConfUtils.java:logGet(44)) - raft.server.notification.no-leader.timeout = 300000ms (custom)
2021-11-05 13:00:11,686 [pool-597-thread-1] INFO  server.RaftServerConfigKeys (ConfUtils.java:logGet(44)) - raft.server.log.use.memory = false (default)
2021-11-05 13:00:11,686 [pool-597-thread-1] INFO  server.RaftServerConfigKeys (ConfUtils.java:logGet(44)) - raft.server.log.purge.gap = 1000000 (custom)
2021-11-05 13:00:11,686 [pool-597-thread-1] INFO  server.RaftServerConfigKeys (ConfUtils.java:logGet(44)) - raft.server.log.appender.buffer.byte-limit = 33554432 (custom)
2021-11-05 13:00:11,686 [pool-597-thread-1] INFO  server.RaftServerConfigKeys (ConfUtils.java:logGet(44)) - raft.server.log.segment.size.max = 1048576 (custom)
2021-11-05 13:00:11,686 [pool-597-thread-1] INFO  server.RaftServerConfigKeys (ConfUtils.java:logGet(44)) - raft.server.log.segment.cache.num.max = 2 (custom)
2021-11-05 13:00:11,686 [pool-597-thread-1] INFO  server.RaftServerConfigKeys (ConfUtils.java:logGet(44)) - raft.server.log.segment.cache.size.max = 200MB (=209715200) (default)
2021-11-05 13:00:11,687 [pool-597-thread-1] INFO  segmented.SegmentedRaftLogWorker (SegmentedRaftLogWorker.java:<init>(182)) - new f63fc592-5921-4d2a-8a56-22c1aba49965@group-9C3501DB6FAE-SegmentedRaftLogWorker for RaftStorageImpl:Storage Directory /home/runner/work/ozone/ozone/hadoop-ozone/integration-test/target/test-dir/MiniOzoneClusterImpl-bdf76210-3e21-404e-9e17-65b92aec9f1a/datanode-4/data/ratis/3417dacd-ff16-41a1-8a71-9c3501db6fae
2021-11-05 13:00:11,687 [pool-597-thread-1] INFO  server.RaftServerConfigKeys (ConfUtils.java:logGet(44)) - raft.server.log.queue.byte-limit = 2147483647 (custom)
2021-11-05 13:00:11,687 [pool-597-thread-1] INFO  server.RaftServerConfigKeys (ConfUtils.java:logGet(44)) - raft.server.log.queue.element-limit = 1024 (custom)
2021-11-05 13:00:11,687 [pool-597-thread-1] INFO  server.RaftServerConfigKeys (ConfUtils.java:logGet(44)) - raft.server.log.segment.size.max = 1048576 (custom)
2021-11-05 13:00:11,687 [pool-597-thread-1] INFO  server.RaftServerConfigKeys (ConfUtils.java:logGet(44)) - raft.server.log.preallocated.size = 16384 (custom)
2021-11-05 13:00:11,687 [pool-597-thread-1] INFO  server.RaftServerConfigKeys (ConfUtils.java:logGet(44)) - raft.server.log.force.sync.num = 128 (default)
2021-11-05 13:00:11,687 [pool-597-thread-1] INFO  server.RaftServerConfigKeys (ConfUtils.java:logGet(44)) - raft.server.log.statemachine.data.sync = true (default)
2021-11-05 13:00:11,687 [pool-597-thread-1] INFO  server.RaftServerConfigKeys (ConfUtils.java:logGet(44)) - raft.server.log.statemachine.data.sync.timeout = 10s (default)
2021-11-05 13:00:11,687 [pool-597-thread-1] INFO  server.RaftServerConfigKeys (ConfUtils.java:logGet(44)) - raft.server.log.statemachine.data.sync.timeout.retry = -1 (default)
2021-11-05 13:00:11,716 [pool-597-thread-1] INFO  server.RaftServerConfigKeys (ConfUtils.java:logGet(44)) - raft.server.log.write.buffer.size = 1048576 (custom)
2021-11-05 13:00:11,717 [pool-597-thread-1] INFO  server.RaftServerConfigKeys (ConfUtils.java:logGet(44)) - raft.server.log.statemachine.data.caching.enabled = true (custom)
2021-11-05 13:00:11,717 [pool-597-thread-1] INFO  segmented.SegmentedRaftLogWorker (SegmentedRaftLogWorker.java:lambda$new$0(133)) - f63fc592-5921-4d2a-8a56-22c1aba49965@group-9C3501DB6FAE-SegmentedRaftLogWorker: flushIndex: setUnconditionally 0 -> -1
2021-11-05 13:00:11,717 [pool-597-thread-1] INFO  segmented.SegmentedRaftLogWorker (SegmentedRaftLogWorker.java:lambda$new$0(133)) - f63fc592-5921-4d2a-8a56-22c1aba49965@group-9C3501DB6FAE-SegmentedRaftLogWorker: safeCacheEvictIndex: setUnconditionally 0 -> -1
2021-11-05 13:00:11,720 [pool-597-thread-1] INFO  server.RaftServerConfigKeys (ConfUtils.java:logGet(44)) - raft.server.snapshot.auto.trigger.enabled = true (custom)
2021-11-05 13:00:11,720 [pool-597-thread-1] INFO  server.RaftServerConfigKeys (ConfUtils.java:logGet(44)) - raft.server.snapshot.auto.trigger.threshold = 10000 (custom)
2021-11-05 13:00:11,720 [pool-597-thread-1] INFO  server.RaftServerConfigKeys (ConfUtils.java:logGet(44)) - raft.server.snapshot.retention.file.num = 5 (custom)
2021-11-05 13:00:11,720 [pool-597-thread-1] INFO  server.RaftServerConfigKeys (ConfUtils.java:logGet(44)) - raft.server.log.purge.upto.snapshot.index = false (default)
2021-11-05 13:00:11,720 [pool-597-thread-1] INFO  server.RaftServerConfigKeys (ConfUtils.java:logGet(44)) - raft.server.retrycache.expirytime = 600000ms (custom)
2021-11-05 13:00:11,720 [pool-597-thread-1] INFO  server.RaftServerConfigKeys (ConfUtils.java:logGet(44)) - raft.server.retrycache.statistics.expirytime = 100μs (default)
2021-11-05 13:00:11,728 [EventQueue-PipelineReportForPipelineReportHandler] INFO  pipeline.PipelineManagerImpl (PipelineManagerImpl.java:openPipeline(289)) - Pipeline Pipeline[ Id: 3417dacd-ff16-41a1-8a71-9c3501db6fae, Nodes: f63fc592-5921-4d2a-8a56-22c1aba49965{ip: 10.1.0.23, host: fv-az151-875.yf2hydr00wburbhx3j5hxtcipe.bx.internal.cloudapp.net, ports: [REPLICATION=40425, RATIS=39383, RATIS_ADMIN=39383, RATIS_SERVER=39383, STANDALONE=43527], networkLocation: /default-rack, certSerialId: null, persistedOpState: IN_SERVICE, persistedOpStateExpiryEpochSec: 0}, ReplicationConfig: RATIS/ONE, State:ALLOCATED, leaderId:f63fc592-5921-4d2a-8a56-22c1aba49965, CreationTimestamp2021-11-05T13:00:08.687Z[Etc/UTC]] moved to OPEN state
2021-11-05 13:00:11,728 [EventQueue-OpenPipelineForHealthyPipelineSafeModeRule] INFO  safemode.SCMSafeModeManager (HealthyPipelineSafeModeRule.java:process(124)) - SCM in safe mode. Healthy pipelines reported count is 0, required healthy pipeline reported count is 1
2021-11-05 13:00:11,734 [pool-597-thread-1] INFO  server.RaftServer$Division (RaftServerImpl.java:start(301)) - f63fc592-5921-4d2a-8a56-22c1aba49965@group-9C3501DB6FAE: start as a follower, conf=-1: [f63fc592-5921-4d2a-8a56-22c1aba49965|rpc:10.1.0.23:39383|priority:1], old=null
2021-11-05 13:00:11,734 [pool-597-thread-1] INFO  server.RaftServer$Division (RaftServerImpl.java:setRole(290)) - f63fc592-5921-4d2a-8a56-22c1aba49965@group-9C3501DB6FAE: changes role from      null to FOLLOWER at term 0 for startAsFollower
2021-11-05 13:00:11,734 [pool-597-thread-1] INFO  impl.RoleInfo (RoleInfo.java:updateAndGet(130)) - f63fc592-5921-4d2a-8a56-22c1aba49965: start f63fc592-5921-4d2a-8a56-22c1aba49965@group-9C3501DB6FAE-FollowerState
2021-11-05 13:00:11,736 [grpc-default-executor-3] INFO  server.RaftServer (RaftServerProxy.java:addNew(95)) - f63fc592-5921-4d2a-8a56-22c1aba49965: addNew group-2717592FE90B:[fae3de48-3e9f-4cc7-8f85-17bb385fc42a|rpc:10.1.0.23:41205|dataStream:|priority:1, 04351296-bb31-4c39-8b7c-2fcea1114805|rpc:10.1.0.23:43337|dataStream:|priority:0, f63fc592-5921-4d2a-8a56-22c1aba49965|rpc:10.1.0.23:39383|dataStream:|priority:0] returns group-2717592FE90B:java.util.concurrent.CompletableFuture@fa81a0f[Not completed]
2021-11-05 13:00:11,737 [pool-597-thread-1] INFO  util.JmxRegister (JmxRegister.java:tryRegister(44)) - Successfully registered JMX Bean with object name Ratis:service=RaftServer,group=group-9C3501DB6FAE,id=f63fc592-5921-4d2a-8a56-22c1aba49965
2021-11-05 13:00:11,739 [pool-597-thread-1] INFO  server.RaftServer$Division (RaftServerImpl.java:<init>(184)) - f63fc592-5921-4d2a-8a56-22c1aba49965: new RaftServerImpl for group-2717592FE90B:[fae3de48-3e9f-4cc7-8f85-17bb385fc42a|rpc:10.1.0.23:41205|dataStream:|priority:1, 04351296-bb31-4c39-8b7c-2fcea1114805|rpc:10.1.0.23:43337|dataStream:|priority:0, f63fc592-5921-4d2a-8a56-22c1aba49965|rpc:10.1.0.23:39383|dataStream:|priority:0] with ContainerStateMachine:uninitialized
2021-11-05 13:00:11,739 [pool-597-thread-1] INFO  server.RaftServerConfigKeys (ConfUtils.java:logGet(44)) - raft.server.rpc.timeout.min = 5s (custom)
2021-11-05 13:00:11,739 [pool-597-thread-1] INFO  server.RaftServerConfigKeys (ConfUtils.java:logGet(44)) - raft.server.rpc.timeout.max = 5200ms (custom)
2021-11-05 13:00:11,739 [pool-597-thread-1] INFO  server.RaftServerConfigKeys (ConfUtils.java:logGet(44)) - raft.server.rpc.sleep.time = 25ms (default)
2021-11-05 13:00:11,739 [pool-597-thread-1] INFO  server.RaftServerConfigKeys (ConfUtils.java:logGet(44)) - raft.server.rpc.slowness.timeout = 300000ms (custom)
2021-11-05 13:00:11,739 [pool-597-thread-1] INFO  server.RaftServerConfigKeys (ConfUtils.java:logGet(44)) - raft.server.leaderelection.leader.step-down.wait-time = 10s (default)
2021-11-05 13:00:11,739 [pool-597-thread-1] INFO  server.RaftServerConfigKeys (ConfUtils.java:logGet(44)) - raft.server.sleep.deviation.threshold = 300ms (default)
2021-11-05 13:00:11,739 [pool-597-thread-1] INFO  server.RaftServerConfigKeys (ConfUtils.java:logGet(44)) - raft.server.log.appender.install.snapshot.enabled = false (custom)
2021-11-05 13:00:11,739 [pool-597-thread-1] INFO  server.RaftServer$Division (ServerState.java:<init>(105)) - f63fc592-5921-4d2a-8a56-22c1aba49965@group-2717592FE90B: ConfigurationManager, init=-1: [fae3de48-3e9f-4cc7-8f85-17bb385fc42a|rpc:10.1.0.23:41205|dataStream:|priority:1, 04351296-bb31-4c39-8b7c-2fcea1114805|rpc:10.1.0.23:43337|dataStream:|priority:0, f63fc592-5921-4d2a-8a56-22c1aba49965|rpc:10.1.0.23:39383|dataStream:|priority:0], old=null, confs=<EMPTY_MAP>
2021-11-05 13:00:11,739 [pool-597-thread-1] INFO  server.RaftServerConfigKeys (ConfUtils.java:logGet(44)) - raft.server.storage.dir = [/home/runner/work/ozone/ozone/hadoop-ozone/integration-test/target/test-dir/MiniOzoneClusterImpl-bdf76210-3e21-404e-9e17-65b92aec9f1a/datanode-4/data/ratis] (custom)
2021-11-05 13:00:11,740 [pool-597-thread-1] INFO  server.RaftServerConfigKeys (ConfUtils.java:logGet(44)) - raft.server.log.corruption.policy = EXCEPTION (default)
2021-11-05 13:00:11,740 [pool-597-thread-1] INFO  server.RaftServerConfigKeys (ConfUtils.java:logGet(44)) - raft.server.storage.free-space.min = 0MB (=0) (default)
2021-11-05 13:00:11,740 [pool-597-thread-1] INFO  storage.RaftStorageDirectory (RaftStorageDirectoryImpl.java:analyzeStorage(135)) - The storage directory /home/runner/work/ozone/ozone/hadoop-ozone/integration-test/target/test-dir/MiniOzoneClusterImpl-bdf76210-3e21-404e-9e17-65b92aec9f1a/datanode-4/data/ratis/76f5f5e5-670c-4792-baeb-2717592fe90b does not exist. Creating ...
2021-11-05 13:00:11,740 [Command processor thread] INFO  ratis.XceiverServerRatis (XceiverServerRatis.java:addGroup(768)) - Created group PipelineID=3417dacd-ff16-41a1-8a71-9c3501db6fae
2021-11-05 13:00:11,740 [Command processor thread] INFO  commandhandler.CreatePipelineCommandHandler (CreatePipelineCommandHandler.java:handle(106)) - Created Pipeline RATIS ONE PipelineID=3417dacd-ff16-41a1-8a71-9c3501db6fae.
2021-11-05 13:00:11,740 [Command processor thread] INFO  server.RaftServer (RaftServerProxy.java:addNew(95)) - f63fc592-5921-4d2a-8a56-22c1aba49965: addNew group-321DBB24BC0F:[fae3de48-3e9f-4cc7-8f85-17bb385fc42a|rpc:10.1.0.23:41205|priority:0, 04351296-bb31-4c39-8b7c-2fcea1114805|rpc:10.1.0.23:43337|priority:1, f63fc592-5921-4d2a-8a56-22c1aba49965|rpc:10.1.0.23:39383|priority:0] returns group-321DBB24BC0F:java.util.concurrent.CompletableFuture@18e390b7[Not completed]
2021-11-05 13:00:11,742 [pool-597-thread-1] INFO  storage.RaftStorageDirectory (RaftStorageDirectoryImpl.java:tryLock(230)) - Lock on /home/runner/work/ozone/ozone/hadoop-ozone/integration-test/target/test-dir/MiniOzoneClusterImpl-bdf76210-3e21-404e-9e17-65b92aec9f1a/datanode-4/data/ratis/76f5f5e5-670c-4792-baeb-2717592fe90b/in_use.lock acquired by nodename 10214@fv-az151-875
2021-11-05 13:00:11,746 [pool-597-thread-1] INFO  storage.RaftStorage (RaftStorageImpl.java:format(89)) - Storage directory /home/runner/work/ozone/ozone/hadoop-ozone/integration-test/target/test-dir/MiniOzoneClusterImpl-bdf76210-3e21-404e-9e17-65b92aec9f1a/datanode-4/data/ratis/76f5f5e5-670c-4792-baeb-2717592fe90b has been successfully formatted.
2021-11-05 13:00:11,746 [pool-597-thread-1] INFO  ratis.ContainerStateMachine (ContainerStateMachine.java:loadSnapshot(224)) - group-2717592FE90B: The snapshot info is null. Setting the last applied indexto:(t:0, i:~)
2021-11-05 13:00:11,746 [pool-597-thread-1] INFO  server.RaftServerConfigKeys (ConfUtils.java:logGet(44)) - raft.server.notification.no-leader.timeout = 300000ms (custom)
2021-11-05 13:00:11,746 [pool-597-thread-1] INFO  server.RaftServerConfigKeys (ConfUtils.java:logGet(44)) - raft.server.log.use.memory = false (default)
2021-11-05 13:00:11,746 [pool-597-thread-1] INFO  server.RaftServerConfigKeys (ConfUtils.java:logGet(44)) - raft.server.log.purge.gap = 1000000 (custom)
2021-11-05 13:00:11,746 [pool-597-thread-1] INFO  server.RaftServerConfigKeys (ConfUtils.java:logGet(44)) - raft.server.log.appender.buffer.byte-limit = 33554432 (custom)
2021-11-05 13:00:11,746 [pool-597-thread-1] INFO  server.RaftServerConfigKeys (ConfUtils.java:logGet(44)) - raft.server.log.segment.size.max = 1048576 (custom)
2021-11-05 13:00:11,747 [pool-597-thread-1] INFO  server.RaftServerConfigKeys (ConfUtils.java:logGet(44)) - raft.server.log.segment.cache.num.max = 2 (custom)
2021-11-05 13:00:11,747 [pool-597-thread-1] INFO  server.RaftServerConfigKeys (ConfUtils.java:logGet(44)) - raft.server.log.segment.cache.size.max = 200MB (=209715200) (default)
2021-11-05 13:00:11,747 [pool-597-thread-1] INFO  segmented.SegmentedRaftLogWorker (SegmentedRaftLogWorker.java:<init>(182)) - new f63fc592-5921-4d2a-8a56-22c1aba49965@group-2717592FE90B-SegmentedRaftLogWorker for RaftStorageImpl:Storage Directory /home/runner/work/ozone/ozone/hadoop-ozone/integration-test/target/test-dir/MiniOzoneClusterImpl-bdf76210-3e21-404e-9e17-65b92aec9f1a/datanode-4/data/ratis/76f5f5e5-670c-4792-baeb-2717592fe90b
2021-11-05 13:00:11,747 [pool-597-thread-1] INFO  server.RaftServerConfigKeys (ConfUtils.java:logGet(44)) - raft.server.log.queue.byte-limit = 2147483647 (custom)
2021-11-05 13:00:11,747 [pool-597-thread-1] INFO  server.RaftServerConfigKeys (ConfUtils.java:logGet(44)) - raft.server.log.queue.element-limit = 1024 (custom)
2021-11-05 13:00:11,747 [pool-597-thread-1] INFO  server.RaftServerConfigKeys (ConfUtils.java:logGet(44)) - raft.server.log.segment.size.max = 1048576 (custom)
2021-11-05 13:00:11,747 [pool-597-thread-1] INFO  server.RaftServerConfigKeys (ConfUtils.java:logGet(44)) - raft.server.log.preallocated.size = 16384 (custom)
2021-11-05 13:00:11,747 [pool-597-thread-1] INFO  server.RaftServerConfigKeys (ConfUtils.java:logGet(44)) - raft.server.log.force.sync.num = 128 (default)
2021-11-05 13:00:11,747 [pool-597-thread-1] INFO  server.RaftServerConfigKeys (ConfUtils.java:logGet(44)) - raft.server.log.statemachine.data.sync = true (default)
2021-11-05 13:00:11,747 [pool-597-thread-1] INFO  server.RaftServerConfigKeys (ConfUtils.java:logGet(44)) - raft.server.log.statemachine.data.sync.timeout = 10s (default)
2021-11-05 13:00:11,747 [pool-597-thread-1] INFO  server.RaftServerConfigKeys (ConfUtils.java:logGet(44)) - raft.server.log.statemachine.data.sync.timeout.retry = -1 (default)
2021-11-05 13:00:11,748 [pool-597-thread-1] INFO  server.RaftServerConfigKeys (ConfUtils.java:logGet(44)) - raft.server.log.write.buffer.size = 1048576 (custom)
2021-11-05 13:00:11,749 [pool-597-thread-1] INFO  server.RaftServerConfigKeys (ConfUtils.java:logGet(44)) - raft.server.log.statemachine.data.caching.enabled = true (custom)
2021-11-05 13:00:11,749 [pool-597-thread-1] INFO  segmented.SegmentedRaftLogWorker (SegmentedRaftLogWorker.java:lambda$new$0(133)) - f63fc592-5921-4d2a-8a56-22c1aba49965@group-2717592FE90B-SegmentedRaftLogWorker: flushIndex: setUnconditionally 0 -> -1
2021-11-05 13:00:11,749 [pool-597-thread-1] INFO  segmented.SegmentedRaftLogWorker (SegmentedRaftLogWorker.java:lambda$new$0(133)) - f63fc592-5921-4d2a-8a56-22c1aba49965@group-2717592FE90B-SegmentedRaftLogWorker: safeCacheEvictIndex: setUnconditionally 0 -> -1
2021-11-05 13:00:11,772 [EventQueue-OpenPipelineForHealthyPipelineSafeModeRule] INFO  safemode.SCMSafeModeManager (HealthyPipelineSafeModeRule.java:process(124)) - SCM in safe mode. Healthy pipelines reported count is 0, required healthy pipeline reported count is 1
2021-11-05 13:00:11,786 [pool-597-thread-1] INFO  server.RaftServerConfigKeys (ConfUtils.java:logGet(44)) - raft.server.snapshot.auto.trigger.enabled = true (custom)
2021-11-05 13:00:11,786 [pool-597-thread-1] INFO  server.RaftServerConfigKeys (ConfUtils.java:logGet(44)) - raft.server.snapshot.auto.trigger.threshold = 10000 (custom)
2021-11-05 13:00:11,786 [pool-597-thread-1] INFO  server.RaftServerConfigKeys (ConfUtils.java:logGet(44)) - raft.server.snapshot.retention.file.num = 5 (custom)
2021-11-05 13:00:11,786 [pool-597-thread-1] INFO  server.RaftServerConfigKeys (ConfUtils.java:logGet(44)) - raft.server.log.purge.upto.snapshot.index = false (default)
2021-11-05 13:00:11,786 [pool-597-thread-1] INFO  server.RaftServerConfigKeys (ConfUtils.java:logGet(44)) - raft.server.retrycache.expirytime = 600000ms (custom)
2021-11-05 13:00:11,786 [pool-597-thread-1] INFO  server.RaftServerConfigKeys (ConfUtils.java:logGet(44)) - raft.server.retrycache.statistics.expirytime = 100μs (default)
2021-11-05 13:00:11,788 [pool-597-thread-1] INFO  server.RaftServer$Division (RaftServerImpl.java:<init>(184)) - f63fc592-5921-4d2a-8a56-22c1aba49965: new RaftServerImpl for group-321DBB24BC0F:[fae3de48-3e9f-4cc7-8f85-17bb385fc42a|rpc:10.1.0.23:41205|priority:0, 04351296-bb31-4c39-8b7c-2fcea1114805|rpc:10.1.0.23:43337|priority:1, f63fc592-5921-4d2a-8a56-22c1aba49965|rpc:10.1.0.23:39383|priority:0] with ContainerStateMachine:uninitialized
2021-11-05 13:00:11,788 [pool-597-thread-1] INFO  server.RaftServerConfigKeys (ConfUtils.java:logGet(44)) - raft.server.rpc.timeout.min = 5s (custom)
2021-11-05 13:00:11,788 [pool-597-thread-1] INFO  server.RaftServerConfigKeys (ConfUtils.java:logGet(44)) - raft.server.rpc.timeout.max = 5200ms (custom)
2021-11-05 13:00:11,788 [pool-597-thread-1] INFO  server.RaftServerConfigKeys (ConfUtils.java:logGet(44)) - raft.server.rpc.sleep.time = 25ms (default)
2021-11-05 13:00:11,788 [pool-597-thread-1] INFO  server.RaftServerConfigKeys (ConfUtils.java:logGet(44)) - raft.server.rpc.slowness.timeout = 300000ms (custom)
2021-11-05 13:00:11,788 [pool-597-thread-1] INFO  server.RaftServerConfigKeys (ConfUtils.java:logGet(44)) - raft.server.leaderelection.leader.step-down.wait-time = 10s (default)
2021-11-05 13:00:11,788 [pool-597-thread-1] INFO  server.RaftServerConfigKeys (ConfUtils.java:logGet(44)) - raft.server.sleep.deviation.threshold = 300ms (default)
2021-11-05 13:00:11,788 [pool-597-thread-1] INFO  server.RaftServerConfigKeys (ConfUtils.java:logGet(44)) - raft.server.log.appender.install.snapshot.enabled = false (custom)
2021-11-05 13:00:11,788 [pool-597-thread-1] INFO  server.RaftServer$Division (ServerState.java:<init>(105)) - f63fc592-5921-4d2a-8a56-22c1aba49965@group-321DBB24BC0F: ConfigurationManager, init=-1: [fae3de48-3e9f-4cc7-8f85-17bb385fc42a|rpc:10.1.0.23:41205|priority:0, 04351296-bb31-4c39-8b7c-2fcea1114805|rpc:10.1.0.23:43337|priority:1, f63fc592-5921-4d2a-8a56-22c1aba49965|rpc:10.1.0.23:39383|priority:0], old=null, confs=<EMPTY_MAP>
2021-11-05 13:00:11,788 [pool-597-thread-1] INFO  server.RaftServerConfigKeys (ConfUtils.java:logGet(44)) - raft.server.storage.dir = [/home/runner/work/ozone/ozone/hadoop-ozone/integration-test/target/test-dir/MiniOzoneClusterImpl-bdf76210-3e21-404e-9e17-65b92aec9f1a/datanode-4/data/ratis] (custom)
2021-11-05 13:00:11,788 [pool-597-thread-1] INFO  server.RaftServerConfigKeys (ConfUtils.java:logGet(44)) - raft.server.log.corruption.policy = EXCEPTION (default)
2021-11-05 13:00:11,788 [pool-597-thread-1] INFO  server.RaftServerConfigKeys (ConfUtils.java:logGet(44)) - raft.server.storage.free-space.min = 0MB (=0) (default)
2021-11-05 13:00:11,789 [pool-597-thread-1] INFO  storage.RaftStorageDirectory (RaftStorageDirectoryImpl.java:analyzeStorage(135)) - The storage directory /home/runner/work/ozone/ozone/hadoop-ozone/integration-test/target/test-dir/MiniOzoneClusterImpl-bdf76210-3e21-404e-9e17-65b92aec9f1a/datanode-4/data/ratis/cf6dd734-eee3-40b4-8aa9-321dbb24bc0f does not exist. Creating ...
2021-11-05 13:00:11,797 [pool-597-thread-1] INFO  storage.RaftStorageDirectory (RaftStorageDirectoryImpl.java:tryLock(230)) - Lock on /home/runner/work/ozone/ozone/hadoop-ozone/integration-test/target/test-dir/MiniOzoneClusterImpl-bdf76210-3e21-404e-9e17-65b92aec9f1a/datanode-4/data/ratis/cf6dd734-eee3-40b4-8aa9-321dbb24bc0f/in_use.lock acquired by nodename 10214@fv-az151-875
2021-11-05 13:00:11,820 [pool-597-thread-1] INFO  storage.RaftStorage (RaftStorageImpl.java:format(89)) - Storage directory /home/runner/work/ozone/ozone/hadoop-ozone/integration-test/target/test-dir/MiniOzoneClusterImpl-bdf76210-3e21-404e-9e17-65b92aec9f1a/datanode-4/data/ratis/cf6dd734-eee3-40b4-8aa9-321dbb24bc0f has been successfully formatted.
2021-11-05 13:00:11,820 [pool-597-thread-1] INFO  ratis.ContainerStateMachine (ContainerStateMachine.java:loadSnapshot(224)) - group-321DBB24BC0F: The snapshot info is null. Setting the last applied indexto:(t:0, i:~)
2021-11-05 13:00:11,820 [pool-597-thread-1] INFO  server.RaftServerConfigKeys (ConfUtils.java:logGet(44)) - raft.server.notification.no-leader.timeout = 300000ms (custom)
2021-11-05 13:00:11,820 [pool-597-thread-1] INFO  server.RaftServerConfigKeys (ConfUtils.java:logGet(44)) - raft.server.log.use.memory = false (default)
2021-11-05 13:00:11,820 [pool-597-thread-1] INFO  server.RaftServerConfigKeys (ConfUtils.java:logGet(44)) - raft.server.log.purge.gap = 1000000 (custom)
2021-11-05 13:00:11,820 [pool-597-thread-1] INFO  server.RaftServerConfigKeys (ConfUtils.java:logGet(44)) - raft.server.log.appender.buffer.byte-limit = 33554432 (custom)
2021-11-05 13:00:11,820 [pool-597-thread-1] INFO  server.RaftServerConfigKeys (ConfUtils.java:logGet(44)) - raft.server.log.segment.size.max = 1048576 (custom)
2021-11-05 13:00:11,821 [pool-597-thread-1] INFO  server.RaftServerConfigKeys (ConfUtils.java:logGet(44)) - raft.server.log.segment.cache.num.max = 2 (custom)
2021-11-05 13:00:11,821 [pool-597-thread-1] INFO  server.RaftServerConfigKeys (ConfUtils.java:logGet(44)) - raft.server.log.segment.cache.size.max = 200MB (=209715200) (default)
2021-11-05 13:00:11,821 [pool-597-thread-1] INFO  segmented.SegmentedRaftLogWorker (SegmentedRaftLogWorker.java:<init>(182)) - new f63fc592-5921-4d2a-8a56-22c1aba49965@group-321DBB24BC0F-SegmentedRaftLogWorker for RaftStorageImpl:Storage Directory /home/runner/work/ozone/ozone/hadoop-ozone/integration-test/target/test-dir/MiniOzoneClusterImpl-bdf76210-3e21-404e-9e17-65b92aec9f1a/datanode-4/data/ratis/cf6dd734-eee3-40b4-8aa9-321dbb24bc0f
2021-11-05 13:00:11,821 [pool-597-thread-1] INFO  server.RaftServerConfigKeys (ConfUtils.java:logGet(44)) - raft.server.log.queue.byte-limit = 2147483647 (custom)
2021-11-05 13:00:11,821 [pool-597-thread-1] INFO  server.RaftServerConfigKeys (ConfUtils.java:logGet(44)) - raft.server.log.queue.element-limit = 1024 (custom)
2021-11-05 13:00:11,821 [pool-597-thread-1] INFO  server.RaftServerConfigKeys (ConfUtils.java:logGet(44)) - raft.server.log.segment.size.max = 1048576 (custom)
2021-11-05 13:00:11,821 [pool-597-thread-1] INFO  server.RaftServerConfigKeys (ConfUtils.java:logGet(44)) - raft.server.log.preallocated.size = 16384 (custom)
2021-11-05 13:00:11,821 [pool-597-thread-1] INFO  server.RaftServerConfigKeys (ConfUtils.java:logGet(44)) - raft.server.log.force.sync.num = 128 (default)
2021-11-05 13:00:11,821 [pool-597-thread-1] INFO  server.RaftServerConfigKeys (ConfUtils.java:logGet(44)) - raft.server.log.statemachine.data.sync = true (default)
2021-11-05 13:00:11,821 [pool-597-thread-1] INFO  server.RaftServerConfigKeys (ConfUtils.java:logGet(44)) - raft.server.log.statemachine.data.sync.timeout = 10s (default)
2021-11-05 13:00:11,821 [pool-597-thread-1] INFO  server.RaftServerConfigKeys (ConfUtils.java:logGet(44)) - raft.server.log.statemachine.data.sync.timeout.retry = -1 (default)
2021-11-05 13:00:11,822 [pool-597-thread-1] INFO  server.RaftServerConfigKeys (ConfUtils.java:logGet(44)) - raft.server.log.write.buffer.size = 1048576 (custom)
2021-11-05 13:00:11,823 [pool-597-thread-1] INFO  server.RaftServerConfigKeys (ConfUtils.java:logGet(44)) - raft.server.log.statemachine.data.caching.enabled = true (custom)
2021-11-05 13:00:11,823 [pool-597-thread-1] INFO  segmented.SegmentedRaftLogWorker (SegmentedRaftLogWorker.java:lambda$new$0(133)) - f63fc592-5921-4d2a-8a56-22c1aba49965@group-321DBB24BC0F-SegmentedRaftLogWorker: flushIndex: setUnconditionally 0 -> -1
2021-11-05 13:00:11,823 [pool-597-thread-1] INFO  segmented.SegmentedRaftLogWorker (SegmentedRaftLogWorker.java:lambda$new$0(133)) - f63fc592-5921-4d2a-8a56-22c1aba49965@group-321DBB24BC0F-SegmentedRaftLogWorker: safeCacheEvictIndex: setUnconditionally 0 -> -1
2021-11-05 13:00:11,824 [EventQueue-OpenPipelineForHealthyPipelineSafeModeRule] INFO  safemode.SCMSafeModeManager (HealthyPipelineSafeModeRule.java:process(124)) - SCM in safe mode. Healthy pipelines reported count is 0, required healthy pipeline reported count is 1
2021-11-05 13:00:11,843 [pool-597-thread-1] INFO  server.RaftServerConfigKeys (ConfUtils.java:logGet(44)) - raft.server.snapshot.auto.trigger.enabled = true (custom)
2021-11-05 13:00:11,843 [pool-597-thread-1] INFO  server.RaftServerConfigKeys (ConfUtils.java:logGet(44)) - raft.server.snapshot.auto.trigger.threshold = 10000 (custom)
2021-11-05 13:00:11,843 [pool-597-thread-1] INFO  server.RaftServerConfigKeys (ConfUtils.java:logGet(44)) - raft.server.snapshot.retention.file.num = 5 (custom)
2021-11-05 13:00:11,843 [pool-597-thread-1] INFO  server.RaftServerConfigKeys (ConfUtils.java:logGet(44)) - raft.server.log.purge.upto.snapshot.index = false (default)
2021-11-05 13:00:11,843 [pool-597-thread-1] INFO  server.RaftServerConfigKeys (ConfUtils.java:logGet(44)) - raft.server.retrycache.expirytime = 600000ms (custom)
2021-11-05 13:00:11,843 [pool-597-thread-1] INFO  server.RaftServerConfigKeys (ConfUtils.java:logGet(44)) - raft.server.retrycache.statistics.expirytime = 100μs (default)
2021-11-05 13:00:11,845 [pool-597-thread-1] INFO  server.RaftServer$Division (RaftServerImpl.java:start(301)) - f63fc592-5921-4d2a-8a56-22c1aba49965@group-2717592FE90B: start as a follower, conf=-1: [fae3de48-3e9f-4cc7-8f85-17bb385fc42a|rpc:10.1.0.23:41205|dataStream:|priority:1, 04351296-bb31-4c39-8b7c-2fcea1114805|rpc:10.1.0.23:43337|dataStream:|priority:0, f63fc592-5921-4d2a-8a56-22c1aba49965|rpc:10.1.0.23:39383|dataStream:|priority:0], old=null
2021-11-05 13:00:11,845 [pool-597-thread-1] INFO  server.RaftServer$Division (RaftServerImpl.java:setRole(290)) - f63fc592-5921-4d2a-8a56-22c1aba49965@group-2717592FE90B: changes role from      null to FOLLOWER at term 0 for startAsFollower
2021-11-05 13:00:11,845 [pool-597-thread-1] INFO  impl.RoleInfo (RoleInfo.java:updateAndGet(130)) - f63fc592-5921-4d2a-8a56-22c1aba49965: start f63fc592-5921-4d2a-8a56-22c1aba49965@group-2717592FE90B-FollowerState
2021-11-05 13:00:11,856 [pool-597-thread-1] INFO  util.JmxRegister (JmxRegister.java:tryRegister(44)) - Successfully registered JMX Bean with object name Ratis:service=RaftServer,group=group-2717592FE90B,id=f63fc592-5921-4d2a-8a56-22c1aba49965
2021-11-05 13:00:11,876 [pool-597-thread-1] INFO  server.RaftServer$Division (RaftServerImpl.java:start(301)) - f63fc592-5921-4d2a-8a56-22c1aba49965@group-321DBB24BC0F: start as a follower, conf=-1: [fae3de48-3e9f-4cc7-8f85-17bb385fc42a|rpc:10.1.0.23:41205|priority:0, 04351296-bb31-4c39-8b7c-2fcea1114805|rpc:10.1.0.23:43337|priority:1, f63fc592-5921-4d2a-8a56-22c1aba49965|rpc:10.1.0.23:39383|priority:0], old=null
2021-11-05 13:00:11,876 [pool-597-thread-1] INFO  server.RaftServer$Division (RaftServerImpl.java:setRole(290)) - f63fc592-5921-4d2a-8a56-22c1aba49965@group-321DBB24BC0F: changes role from      null to FOLLOWER at term 0 for startAsFollower
2021-11-05 13:00:11,876 [pool-597-thread-1] INFO  impl.RoleInfo (RoleInfo.java:updateAndGet(130)) - f63fc592-5921-4d2a-8a56-22c1aba49965: start f63fc592-5921-4d2a-8a56-22c1aba49965@group-321DBB24BC0F-FollowerState
2021-11-05 13:00:11,881 [pool-597-thread-1] INFO  util.JmxRegister (JmxRegister.java:tryRegister(44)) - Successfully registered JMX Bean with object name Ratis:service=RaftServer,group=group-321DBB24BC0F,id=f63fc592-5921-4d2a-8a56-22c1aba49965
2021-11-05 13:00:11,885 [Command processor thread] INFO  commandhandler.CreatePipelineCommandHandler (CreatePipelineCommandHandler.java:handle(106)) - Created Pipeline RATIS THREE PipelineID=76f5f5e5-670c-4792-baeb-2717592fe90b.
2021-11-05 13:00:11,885 [Command processor thread] INFO  server.RaftServer (RaftServerProxy.java:addNew(95)) - fae3de48-3e9f-4cc7-8f85-17bb385fc42a: addNew group-321DBB24BC0F:[fae3de48-3e9f-4cc7-8f85-17bb385fc42a|rpc:10.1.0.23:41205|priority:0, 04351296-bb31-4c39-8b7c-2fcea1114805|rpc:10.1.0.23:43337|priority:1, f63fc592-5921-4d2a-8a56-22c1aba49965|rpc:10.1.0.23:39383|priority:0] returns group-321DBB24BC0F:java.util.concurrent.CompletableFuture@301f0a02[Not completed]
2021-11-05 13:00:11,886 [pool-578-thread-1] INFO  server.RaftServer$Division (RaftServerImpl.java:<init>(184)) - fae3de48-3e9f-4cc7-8f85-17bb385fc42a: new RaftServerImpl for group-321DBB24BC0F:[fae3de48-3e9f-4cc7-8f85-17bb385fc42a|rpc:10.1.0.23:41205|priority:0, 04351296-bb31-4c39-8b7c-2fcea1114805|rpc:10.1.0.23:43337|priority:1, f63fc592-5921-4d2a-8a56-22c1aba49965|rpc:10.1.0.23:39383|priority:0] with ContainerStateMachine:uninitialized
2021-11-05 13:00:11,886 [pool-578-thread-1] INFO  server.RaftServerConfigKeys (ConfUtils.java:logGet(44)) - raft.server.rpc.timeout.min = 5s (custom)
2021-11-05 13:00:11,886 [pool-578-thread-1] INFO  server.RaftServerConfigKeys (ConfUtils.java:logGet(44)) - raft.server.rpc.timeout.max = 5200ms (custom)
2021-11-05 13:00:11,886 [pool-578-thread-1] INFO  server.RaftServerConfigKeys (ConfUtils.java:logGet(44)) - raft.server.rpc.sleep.time = 25ms (default)
2021-11-05 13:00:11,886 [pool-578-thread-1] INFO  server.RaftServerConfigKeys (ConfUtils.java:logGet(44)) - raft.server.rpc.slowness.timeout = 300000ms (custom)
2021-11-05 13:00:11,886 [pool-578-thread-1] INFO  server.RaftServerConfigKeys (ConfUtils.java:logGet(44)) - raft.server.leaderelection.leader.step-down.wait-time = 10s (default)
2021-11-05 13:00:11,886 [pool-578-thread-1] INFO  server.RaftServerConfigKeys (ConfUtils.java:logGet(44)) - raft.server.sleep.deviation.threshold = 300ms (default)
2021-11-05 13:00:11,886 [pool-578-thread-1] INFO  server.RaftServerConfigKeys (ConfUtils.java:logGet(44)) - raft.server.log.appender.install.snapshot.enabled = false (custom)
2021-11-05 13:00:11,886 [pool-578-thread-1] INFO  server.RaftServer$Division (ServerState.java:<init>(105)) - fae3de48-3e9f-4cc7-8f85-17bb385fc42a@group-321DBB24BC0F: ConfigurationManager, init=-1: [fae3de48-3e9f-4cc7-8f85-17bb385fc42a|rpc:10.1.0.23:41205|priority:0, 04351296-bb31-4c39-8b7c-2fcea1114805|rpc:10.1.0.23:43337|priority:1, f63fc592-5921-4d2a-8a56-22c1aba49965|rpc:10.1.0.23:39383|priority:0], old=null, confs=<EMPTY_MAP>
2021-11-05 13:00:11,886 [pool-578-thread-1] INFO  server.RaftServerConfigKeys (ConfUtils.java:logGet(44)) - raft.server.storage.dir = [/home/runner/work/ozone/ozone/hadoop-ozone/integration-test/target/test-dir/MiniOzoneClusterImpl-bdf76210-3e21-404e-9e17-65b92aec9f1a/datanode-3/data/ratis] (custom)
2021-11-05 13:00:11,886 [pool-578-thread-1] INFO  server.RaftServerConfigKeys (ConfUtils.java:logGet(44)) - raft.server.log.corruption.policy = EXCEPTION (default)
2021-11-05 13:00:11,886 [pool-578-thread-1] INFO  server.RaftServerConfigKeys (ConfUtils.java:logGet(44)) - raft.server.storage.free-space.min = 0MB (=0) (default)
2021-11-05 13:00:11,886 [pool-578-thread-1] INFO  storage.RaftStorageDirectory (RaftStorageDirectoryImpl.java:analyzeStorage(135)) - The storage directory /home/runner/work/ozone/ozone/hadoop-ozone/integration-test/target/test-dir/MiniOzoneClusterImpl-bdf76210-3e21-404e-9e17-65b92aec9f1a/datanode-3/data/ratis/cf6dd734-eee3-40b4-8aa9-321dbb24bc0f does not exist. Creating ...
2021-11-05 13:00:11,892 [pool-578-thread-1] INFO  storage.RaftStorageDirectory (RaftStorageDirectoryImpl.java:tryLock(230)) - Lock on /home/runner/work/ozone/ozone/hadoop-ozone/integration-test/target/test-dir/MiniOzoneClusterImpl-bdf76210-3e21-404e-9e17-65b92aec9f1a/datanode-3/data/ratis/cf6dd734-eee3-40b4-8aa9-321dbb24bc0f/in_use.lock acquired by nodename 10214@fv-az151-875
2021-11-05 13:00:11,893 [pool-578-thread-1] INFO  storage.RaftStorage (RaftStorageImpl.java:format(89)) - Storage directory /home/runner/work/ozone/ozone/hadoop-ozone/integration-test/target/test-dir/MiniOzoneClusterImpl-bdf76210-3e21-404e-9e17-65b92aec9f1a/datanode-3/data/ratis/cf6dd734-eee3-40b4-8aa9-321dbb24bc0f has been successfully formatted.
2021-11-05 13:00:11,894 [pool-578-thread-1] INFO  ratis.ContainerStateMachine (ContainerStateMachine.java:loadSnapshot(224)) - group-321DBB24BC0F: The snapshot info is null. Setting the last applied indexto:(t:0, i:~)
2021-11-05 13:00:11,894 [pool-578-thread-1] INFO  server.RaftServerConfigKeys (ConfUtils.java:logGet(44)) - raft.server.notification.no-leader.timeout = 300000ms (custom)
2021-11-05 13:00:11,894 [pool-578-thread-1] INFO  server.RaftServerConfigKeys (ConfUtils.java:logGet(44)) - raft.server.log.use.memory = false (default)
2021-11-05 13:00:11,894 [pool-578-thread-1] INFO  server.RaftServerConfigKeys (ConfUtils.java:logGet(44)) - raft.server.log.purge.gap = 1000000 (custom)
2021-11-05 13:00:11,894 [pool-578-thread-1] INFO  server.RaftServerConfigKeys (ConfUtils.java:logGet(44)) - raft.server.log.appender.buffer.byte-limit = 33554432 (custom)
2021-11-05 13:00:11,894 [EventQueue-OpenPipelineForHealthyPipelineSafeModeRule] INFO  safemode.SCMSafeModeManager (HealthyPipelineSafeModeRule.java:process(124)) - SCM in safe mode. Healthy pipelines reported count is 0, required healthy pipeline reported count is 1
2021-11-05 13:00:11,895 [pool-578-thread-1] INFO  server.RaftServerConfigKeys (ConfUtils.java:logGet(44)) - raft.server.log.segment.size.max = 1048576 (custom)
2021-11-05 13:00:11,895 [pool-578-thread-1] INFO  server.RaftServerConfigKeys (ConfUtils.java:logGet(44)) - raft.server.log.segment.cache.num.max = 2 (custom)
2021-11-05 13:00:11,895 [pool-578-thread-1] INFO  server.RaftServerConfigKeys (ConfUtils.java:logGet(44)) - raft.server.log.segment.cache.size.max = 200MB (=209715200) (default)
2021-11-05 13:00:11,895 [pool-578-thread-1] INFO  segmented.SegmentedRaftLogWorker (SegmentedRaftLogWorker.java:<init>(182)) - new fae3de48-3e9f-4cc7-8f85-17bb385fc42a@group-321DBB24BC0F-SegmentedRaftLogWorker for RaftStorageImpl:Storage Directory /home/runner/work/ozone/ozone/hadoop-ozone/integration-test/target/test-dir/MiniOzoneClusterImpl-bdf76210-3e21-404e-9e17-65b92aec9f1a/datanode-3/data/ratis/cf6dd734-eee3-40b4-8aa9-321dbb24bc0f
2021-11-05 13:00:11,895 [pool-578-thread-1] INFO  server.RaftServerConfigKeys (ConfUtils.java:logGet(44)) - raft.server.log.queue.byte-limit = 2147483647 (custom)
2021-11-05 13:00:11,895 [pool-578-thread-1] INFO  server.RaftServerConfigKeys (ConfUtils.java:logGet(44)) - raft.server.log.queue.element-limit = 1024 (custom)
2021-11-05 13:00:11,895 [pool-578-thread-1] INFO  server.RaftServerConfigKeys (ConfUtils.java:logGet(44)) - raft.server.log.segment.size.max = 1048576 (custom)
2021-11-05 13:00:11,895 [pool-578-thread-1] INFO  server.RaftServerConfigKeys (ConfUtils.java:logGet(44)) - raft.server.log.preallocated.size = 16384 (custom)
2021-11-05 13:00:11,895 [pool-578-thread-1] INFO  server.RaftServerConfigKeys (ConfUtils.java:logGet(44)) - raft.server.log.force.sync.num = 128 (default)
2021-11-05 13:00:11,896 [pool-578-thread-1] INFO  server.RaftServerConfigKeys (ConfUtils.java:logGet(44)) - raft.server.log.statemachine.data.sync = true (default)
2021-11-05 13:00:11,896 [pool-578-thread-1] INFO  server.RaftServerConfigKeys (ConfUtils.java:logGet(44)) - raft.server.log.statemachine.data.sync.timeout = 10s (default)
2021-11-05 13:00:11,896 [pool-578-thread-1] INFO  server.RaftServerConfigKeys (ConfUtils.java:logGet(44)) - raft.server.log.statemachine.data.sync.timeout.retry = -1 (default)
2021-11-05 13:00:11,897 [pool-578-thread-1] INFO  server.RaftServerConfigKeys (ConfUtils.java:logGet(44)) - raft.server.log.write.buffer.size = 1048576 (custom)
2021-11-05 13:00:11,898 [pool-578-thread-1] INFO  server.RaftServerConfigKeys (ConfUtils.java:logGet(44)) - raft.server.log.statemachine.data.caching.enabled = true (custom)
2021-11-05 13:00:11,898 [pool-578-thread-1] INFO  segmented.SegmentedRaftLogWorker (SegmentedRaftLogWorker.java:lambda$new$0(133)) - fae3de48-3e9f-4cc7-8f85-17bb385fc42a@group-321DBB24BC0F-SegmentedRaftLogWorker: flushIndex: setUnconditionally 0 -> -1
2021-11-05 13:00:11,916 [pool-578-thread-1] INFO  segmented.SegmentedRaftLogWorker (SegmentedRaftLogWorker.java:lambda$new$0(133)) - fae3de48-3e9f-4cc7-8f85-17bb385fc42a@group-321DBB24BC0F-SegmentedRaftLogWorker: safeCacheEvictIndex: setUnconditionally 0 -> -1
2021-11-05 13:00:11,953 [Command processor thread] INFO  ratis.XceiverServerRatis (XceiverServerRatis.java:addGroup(768)) - Created group PipelineID=cf6dd734-eee3-40b4-8aa9-321dbb24bc0f
2021-11-05 13:00:11,957 [pool-578-thread-1] INFO  server.RaftServerConfigKeys (ConfUtils.java:logGet(44)) - raft.server.snapshot.auto.trigger.enabled = true (custom)
2021-11-05 13:00:11,957 [pool-578-thread-1] INFO  server.RaftServerConfigKeys (ConfUtils.java:logGet(44)) - raft.server.snapshot.auto.trigger.threshold = 10000 (custom)
2021-11-05 13:00:11,958 [pool-578-thread-1] INFO  server.RaftServerConfigKeys (ConfUtils.java:logGet(44)) - raft.server.snapshot.retention.file.num = 5 (custom)
2021-11-05 13:00:11,958 [pool-578-thread-1] INFO  server.RaftServerConfigKeys (ConfUtils.java:logGet(44)) - raft.server.log.purge.upto.snapshot.index = false (default)
2021-11-05 13:00:11,959 [pool-578-thread-1] INFO  server.RaftServerConfigKeys (ConfUtils.java:logGet(44)) - raft.server.retrycache.expirytime = 600000ms (custom)
2021-11-05 13:00:11,959 [pool-578-thread-1] INFO  server.RaftServerConfigKeys (ConfUtils.java:logGet(44)) - raft.server.retrycache.statistics.expirytime = 100μs (default)
2021-11-05 13:00:11,959 [grpc-default-executor-3] INFO  server.RaftServer (RaftServerProxy.java:addNew(95)) - 04351296-bb31-4c39-8b7c-2fcea1114805: addNew group-321DBB24BC0F:[fae3de48-3e9f-4cc7-8f85-17bb385fc42a|rpc:10.1.0.23:41205|dataStream:|priority:0, 04351296-bb31-4c39-8b7c-2fcea1114805|rpc:10.1.0.23:43337|dataStream:|priority:1, f63fc592-5921-4d2a-8a56-22c1aba49965|rpc:10.1.0.23:39383|dataStream:|priority:0] returns group-321DBB24BC0F:java.util.concurrent.CompletableFuture@54c58035[Not completed]
2021-11-05 13:00:11,960 [pool-616-thread-1] INFO  server.RaftServer$Division (RaftServerImpl.java:<init>(184)) - 04351296-bb31-4c39-8b7c-2fcea1114805: new RaftServerImpl for group-321DBB24BC0F:[fae3de48-3e9f-4cc7-8f85-17bb385fc42a|rpc:10.1.0.23:41205|dataStream:|priority:0, 04351296-bb31-4c39-8b7c-2fcea1114805|rpc:10.1.0.23:43337|dataStream:|priority:1, f63fc592-5921-4d2a-8a56-22c1aba49965|rpc:10.1.0.23:39383|dataStream:|priority:0] with ContainerStateMachine:uninitialized
2021-11-05 13:00:11,960 [pool-616-thread-1] INFO  server.RaftServerConfigKeys (ConfUtils.java:logGet(44)) - raft.server.rpc.timeout.min = 5s (custom)
2021-11-05 13:00:11,960 [pool-616-thread-1] INFO  server.RaftServerConfigKeys (ConfUtils.java:logGet(44)) - raft.server.rpc.timeout.max = 5200ms (custom)
2021-11-05 13:00:11,960 [pool-616-thread-1] INFO  server.RaftServerConfigKeys (ConfUtils.java:logGet(44)) - raft.server.rpc.sleep.time = 25ms (default)
2021-11-05 13:00:11,960 [pool-616-thread-1] INFO  server.RaftServerConfigKeys (ConfUtils.java:logGet(44)) - raft.server.rpc.slowness.timeout = 300000ms (custom)
2021-11-05 13:00:11,960 [pool-616-thread-1] INFO  server.RaftServerConfigKeys (ConfUtils.java:logGet(44)) - raft.server.leaderelection.leader.step-down.wait-time = 10s (default)
2021-11-05 13:00:11,960 [pool-616-thread-1] INFO  server.RaftServerConfigKeys (ConfUtils.java:logGet(44)) - raft.server.sleep.deviation.threshold = 300ms (default)
2021-11-05 13:00:11,960 [pool-616-thread-1] INFO  server.RaftServerConfigKeys (ConfUtils.java:logGet(44)) - raft.server.log.appender.install.snapshot.enabled = false (custom)
2021-11-05 13:00:11,960 [pool-616-thread-1] INFO  server.RaftServer$Division (ServerState.java:<init>(105)) - 04351296-bb31-4c39-8b7c-2fcea1114805@group-321DBB24BC0F: ConfigurationManager, init=-1: [fae3de48-3e9f-4cc7-8f85-17bb385fc42a|rpc:10.1.0.23:41205|dataStream:|priority:0, 04351296-bb31-4c39-8b7c-2fcea1114805|rpc:10.1.0.23:43337|dataStream:|priority:1, f63fc592-5921-4d2a-8a56-22c1aba49965|rpc:10.1.0.23:39383|dataStream:|priority:0], old=null, confs=<EMPTY_MAP>
2021-11-05 13:00:11,960 [pool-616-thread-1] INFO  server.RaftServerConfigKeys (ConfUtils.java:logGet(44)) - raft.server.storage.dir = [/home/runner/work/ozone/ozone/hadoop-ozone/integration-test/target/test-dir/MiniOzoneClusterImpl-bdf76210-3e21-404e-9e17-65b92aec9f1a/datanode-5/data/ratis] (custom)
2021-11-05 13:00:11,960 [pool-616-thread-1] INFO  server.RaftServerConfigKeys (ConfUtils.java:logGet(44)) - raft.server.log.corruption.policy = EXCEPTION (default)
2021-11-05 13:00:11,960 [pool-616-thread-1] INFO  server.RaftServerConfigKeys (ConfUtils.java:logGet(44)) - raft.server.storage.free-space.min = 0MB (=0) (default)
2021-11-05 13:00:11,961 [pool-616-thread-1] INFO  storage.RaftStorageDirectory (RaftStorageDirectoryImpl.java:analyzeStorage(135)) - The storage directory /home/runner/work/ozone/ozone/hadoop-ozone/integration-test/target/test-dir/MiniOzoneClusterImpl-bdf76210-3e21-404e-9e17-65b92aec9f1a/datanode-5/data/ratis/cf6dd734-eee3-40b4-8aa9-321dbb24bc0f does not exist. Creating ...
2021-11-05 13:00:11,962 [pool-616-thread-1] INFO  storage.RaftStorageDirectory (RaftStorageDirectoryImpl.java:tryLock(230)) - Lock on /home/runner/work/ozone/ozone/hadoop-ozone/integration-test/target/test-dir/MiniOzoneClusterImpl-bdf76210-3e21-404e-9e17-65b92aec9f1a/datanode-5/data/ratis/cf6dd734-eee3-40b4-8aa9-321dbb24bc0f/in_use.lock acquired by nodename 10214@fv-az151-875
2021-11-05 13:00:11,966 [pool-616-thread-1] INFO  storage.RaftStorage (RaftStorageImpl.java:format(89)) - Storage directory /home/runner/work/ozone/ozone/hadoop-ozone/integration-test/target/test-dir/MiniOzoneClusterImpl-bdf76210-3e21-404e-9e17-65b92aec9f1a/datanode-5/data/ratis/cf6dd734-eee3-40b4-8aa9-321dbb24bc0f has been successfully formatted.
2021-11-05 13:00:11,966 [pool-616-thread-1] INFO  ratis.ContainerStateMachine (ContainerStateMachine.java:loadSnapshot(224)) - group-321DBB24BC0F: The snapshot info is null. Setting the last applied indexto:(t:0, i:~)
2021-11-05 13:00:11,967 [pool-616-thread-1] INFO  server.RaftServerConfigKeys (ConfUtils.java:logGet(44)) - raft.server.notification.no-leader.timeout = 300000ms (custom)
2021-11-05 13:00:11,967 [pool-616-thread-1] INFO  server.RaftServerConfigKeys (ConfUtils.java:logGet(44)) - raft.server.log.use.memory = false (default)
2021-11-05 13:00:11,967 [pool-616-thread-1] INFO  server.RaftServerConfigKeys (ConfUtils.java:logGet(44)) - raft.server.log.purge.gap = 1000000 (custom)
2021-11-05 13:00:11,967 [pool-616-thread-1] INFO  server.RaftServerConfigKeys (ConfUtils.java:logGet(44)) - raft.server.log.appender.buffer.byte-limit = 33554432 (custom)
2021-11-05 13:00:11,967 [pool-616-thread-1] INFO  server.RaftServerConfigKeys (ConfUtils.java:logGet(44)) - raft.server.log.segment.size.max = 1048576 (custom)
2021-11-05 13:00:11,968 [pool-616-thread-1] INFO  server.RaftServerConfigKeys (ConfUtils.java:logGet(44)) - raft.server.log.segment.cache.num.max = 2 (custom)
2021-11-05 13:00:11,968 [pool-616-thread-1] INFO  server.RaftServerConfigKeys (ConfUtils.java:logGet(44)) - raft.server.log.segment.cache.size.max = 200MB (=209715200) (default)
2021-11-05 13:00:11,968 [pool-616-thread-1] INFO  segmented.SegmentedRaftLogWorker (SegmentedRaftLogWorker.java:<init>(182)) - new 04351296-bb31-4c39-8b7c-2fcea1114805@group-321DBB24BC0F-SegmentedRaftLogWorker for RaftStorageImpl:Storage Directory /home/runner/work/ozone/ozone/hadoop-ozone/integration-test/target/test-dir/MiniOzoneClusterImpl-bdf76210-3e21-404e-9e17-65b92aec9f1a/datanode-5/data/ratis/cf6dd734-eee3-40b4-8aa9-321dbb24bc0f
2021-11-05 13:00:11,968 [pool-616-thread-1] INFO  server.RaftServerConfigKeys (ConfUtils.java:logGet(44)) - raft.server.log.queue.byte-limit = 2147483647 (custom)
2021-11-05 13:00:11,968 [pool-616-thread-1] INFO  server.RaftServerConfigKeys (ConfUtils.java:logGet(44)) - raft.server.log.queue.element-limit = 1024 (custom)
2021-11-05 13:00:11,968 [pool-616-thread-1] INFO  server.RaftServerConfigKeys (ConfUtils.java:logGet(44)) - raft.server.log.segment.size.max = 1048576 (custom)
2021-11-05 13:00:11,968 [pool-616-thread-1] INFO  server.RaftServerConfigKeys (ConfUtils.java:logGet(44)) - raft.server.log.preallocated.size = 16384 (custom)
2021-11-05 13:00:11,968 [pool-616-thread-1] INFO  server.RaftServerConfigKeys (ConfUtils.java:logGet(44)) - raft.server.log.force.sync.num = 128 (default)
2021-11-05 13:00:11,968 [pool-616-thread-1] INFO  server.RaftServerConfigKeys (ConfUtils.java:logGet(44)) - raft.server.log.statemachine.data.sync = true (default)
2021-11-05 13:00:11,968 [pool-616-thread-1] INFO  server.RaftServerConfigKeys (ConfUtils.java:logGet(44)) - raft.server.log.statemachine.data.sync.timeout = 10s (default)
2021-11-05 13:00:11,968 [pool-616-thread-1] INFO  server.RaftServerConfigKeys (ConfUtils.java:logGet(44)) - raft.server.log.statemachine.data.sync.timeout.retry = -1 (default)
2021-11-05 13:00:11,970 [pool-616-thread-1] INFO  server.RaftServerConfigKeys (ConfUtils.java:logGet(44)) - raft.server.log.write.buffer.size = 1048576 (custom)
2021-11-05 13:00:11,970 [pool-616-thread-1] INFO  server.RaftServerConfigKeys (ConfUtils.java:logGet(44)) - raft.server.log.statemachine.data.caching.enabled = true (custom)
2021-11-05 13:00:11,970 [pool-616-thread-1] INFO  segmented.SegmentedRaftLogWorker (SegmentedRaftLogWorker.java:lambda$new$0(133)) - 04351296-bb31-4c39-8b7c-2fcea1114805@group-321DBB24BC0F-SegmentedRaftLogWorker: flushIndex: setUnconditionally 0 -> -1
2021-11-05 13:00:11,970 [pool-616-thread-1] INFO  segmented.SegmentedRaftLogWorker (SegmentedRaftLogWorker.java:lambda$new$0(133)) - 04351296-bb31-4c39-8b7c-2fcea1114805@group-321DBB24BC0F-SegmentedRaftLogWorker: safeCacheEvictIndex: setUnconditionally 0 -> -1
2021-11-05 13:00:11,971 [pool-578-thread-1] INFO  server.RaftServer$Division (RaftServerImpl.java:start(301)) - fae3de48-3e9f-4cc7-8f85-17bb385fc42a@group-321DBB24BC0F: start as a follower, conf=-1: [fae3de48-3e9f-4cc7-8f85-17bb385fc42a|rpc:10.1.0.23:41205|priority:0, 04351296-bb31-4c39-8b7c-2fcea1114805|rpc:10.1.0.23:43337|priority:1, f63fc592-5921-4d2a-8a56-22c1aba49965|rpc:10.1.0.23:39383|priority:0], old=null
2021-11-05 13:00:11,971 [pool-578-thread-1] INFO  server.RaftServer$Division (RaftServerImpl.java:setRole(290)) - fae3de48-3e9f-4cc7-8f85-17bb385fc42a@group-321DBB24BC0F: changes role from      null to FOLLOWER at term 0 for startAsFollower
2021-11-05 13:00:11,988 [pool-616-thread-1] INFO  server.RaftServerConfigKeys (ConfUtils.java:logGet(44)) - raft.server.snapshot.auto.trigger.enabled = true (custom)
2021-11-05 13:00:11,988 [pool-616-thread-1] INFO  server.RaftServerConfigKeys (ConfUtils.java:logGet(44)) - raft.server.snapshot.auto.trigger.threshold = 10000 (custom)
2021-11-05 13:00:11,989 [pool-616-thread-1] INFO  server.RaftServerConfigKeys (ConfUtils.java:logGet(44)) - raft.server.snapshot.retention.file.num = 5 (custom)
2021-11-05 13:00:11,989 [pool-616-thread-1] INFO  server.RaftServerConfigKeys (ConfUtils.java:logGet(44)) - raft.server.log.purge.upto.snapshot.index = false (default)
2021-11-05 13:00:11,989 [pool-616-thread-1] INFO  server.RaftServerConfigKeys (ConfUtils.java:logGet(44)) - raft.server.retrycache.expirytime = 600000ms (custom)
2021-11-05 13:00:11,989 [pool-616-thread-1] INFO  server.RaftServerConfigKeys (ConfUtils.java:logGet(44)) - raft.server.retrycache.statistics.expirytime = 100μs (default)
2021-11-05 13:00:11,990 [pool-616-thread-1] INFO  server.RaftServer$Division (RaftServerImpl.java:start(301)) - 04351296-bb31-4c39-8b7c-2fcea1114805@group-321DBB24BC0F: start as a follower, conf=-1: [fae3de48-3e9f-4cc7-8f85-17bb385fc42a|rpc:10.1.0.23:41205|dataStream:|priority:0, 04351296-bb31-4c39-8b7c-2fcea1114805|rpc:10.1.0.23:43337|dataStream:|priority:1, f63fc592-5921-4d2a-8a56-22c1aba49965|rpc:10.1.0.23:39383|dataStream:|priority:0], old=null
2021-11-05 13:00:11,990 [pool-616-thread-1] INFO  server.RaftServer$Division (RaftServerImpl.java:setRole(290)) - 04351296-bb31-4c39-8b7c-2fcea1114805@group-321DBB24BC0F: changes role from      null to FOLLOWER at term 0 for startAsFollower
2021-11-05 13:00:11,991 [pool-616-thread-1] INFO  impl.RoleInfo (RoleInfo.java:updateAndGet(130)) - 04351296-bb31-4c39-8b7c-2fcea1114805: start 04351296-bb31-4c39-8b7c-2fcea1114805@group-321DBB24BC0F-FollowerState
2021-11-05 13:00:11,990 [pool-578-thread-1] INFO  impl.RoleInfo (RoleInfo.java:updateAndGet(130)) - fae3de48-3e9f-4cc7-8f85-17bb385fc42a: start fae3de48-3e9f-4cc7-8f85-17bb385fc42a@group-321DBB24BC0F-FollowerState
2021-11-05 13:00:11,997 [pool-616-thread-1] INFO  util.JmxRegister (JmxRegister.java:tryRegister(44)) - Successfully registered JMX Bean with object name Ratis:service=RaftServer,group=group-321DBB24BC0F,id=04351296-bb31-4c39-8b7c-2fcea1114805
2021-11-05 13:00:12,000 [pool-578-thread-1] INFO  util.JmxRegister (JmxRegister.java:tryRegister(44)) - Successfully registered JMX Bean with object name Ratis:service=RaftServer,group=group-321DBB24BC0F,id=fae3de48-3e9f-4cc7-8f85-17bb385fc42a
2021-11-05 13:00:12,013 [Command processor thread] INFO  ratis.XceiverServerRatis (XceiverServerRatis.java:addGroup(768)) - Created group PipelineID=cf6dd734-eee3-40b4-8aa9-321dbb24bc0f
2021-11-05 13:00:12,249 [Command processor thread] INFO  commandhandler.CreatePipelineCommandHandler (CreatePipelineCommandHandler.java:handle(106)) - Created Pipeline RATIS THREE PipelineID=cf6dd734-eee3-40b4-8aa9-321dbb24bc0f.
2021-11-05 13:00:12,290 [Command processor thread] INFO  commandhandler.CreatePipelineCommandHandler (CreatePipelineCommandHandler.java:handle(106)) - Created Pipeline RATIS THREE PipelineID=cf6dd734-eee3-40b4-8aa9-321dbb24bc0f.
2021-11-05 13:00:12,308 [Listener at 127.0.0.1/42119] INFO  ozone.MiniOzoneClusterImpl (MiniOzoneClusterImpl.java:lambda$waitForClusterToBeReady$0(235)) - Nodes are ready. Got 7 of 7 DN Heartbeats.
2021-11-05 13:00:12,308 [Listener at 127.0.0.1/42119] INFO  ozone.MiniOzoneClusterImpl (MiniOzoneClusterImpl.java:lambda$waitForClusterToBeReady$0(238)) - Waiting for cluster to exit safe mode
2021-11-05 13:00:12,308 [Listener at 127.0.0.1/42119] INFO  ozone.MiniOzoneClusterImpl (MiniOzoneClusterImpl.java:lambda$waitForClusterToBeReady$0(240)) - SCM became leader
2021-11-05 13:00:12,471 [Command processor thread] INFO  server.RaftServer (RaftServerProxy.java:addNew(95)) - 04351296-bb31-4c39-8b7c-2fcea1114805: addNew group-5696FCACB92B:[04351296-bb31-4c39-8b7c-2fcea1114805|rpc:10.1.0.23:43337|priority:1] returns group-5696FCACB92B:java.util.concurrent.CompletableFuture@5c122370[Not completed]
2021-11-05 13:00:12,472 [pool-616-thread-1] INFO  server.RaftServer$Division (RaftServerImpl.java:<init>(184)) - 04351296-bb31-4c39-8b7c-2fcea1114805: new RaftServerImpl for group-5696FCACB92B:[04351296-bb31-4c39-8b7c-2fcea1114805|rpc:10.1.0.23:43337|priority:1] with ContainerStateMachine:uninitialized
2021-11-05 13:00:12,472 [pool-616-thread-1] INFO  server.RaftServerConfigKeys (ConfUtils.java:logGet(44)) - raft.server.rpc.timeout.min = 5s (custom)
2021-11-05 13:00:12,472 [pool-616-thread-1] INFO  server.RaftServerConfigKeys (ConfUtils.java:logGet(44)) - raft.server.rpc.timeout.max = 5200ms (custom)
2021-11-05 13:00:12,472 [pool-616-thread-1] INFO  server.RaftServerConfigKeys (ConfUtils.java:logGet(44)) - raft.server.rpc.sleep.time = 25ms (default)
2021-11-05 13:00:12,472 [pool-616-thread-1] INFO  server.RaftServerConfigKeys (ConfUtils.java:logGet(44)) - raft.server.rpc.slowness.timeout = 300000ms (custom)
2021-11-05 13:00:12,472 [pool-616-thread-1] INFO  server.RaftServerConfigKeys (ConfUtils.java:logGet(44)) - raft.server.leaderelection.leader.step-down.wait-time = 10s (default)
2021-11-05 13:00:12,472 [pool-616-thread-1] INFO  server.RaftServerConfigKeys (ConfUtils.java:logGet(44)) - raft.server.sleep.deviation.threshold = 300ms (default)
2021-11-05 13:00:12,472 [pool-616-thread-1] INFO  server.RaftServerConfigKeys (ConfUtils.java:logGet(44)) - raft.server.log.appender.install.snapshot.enabled = false (custom)
2021-11-05 13:00:12,472 [pool-616-thread-1] INFO  server.RaftServer$Division (ServerState.java:<init>(105)) - 04351296-bb31-4c39-8b7c-2fcea1114805@group-5696FCACB92B: ConfigurationManager, init=-1: [04351296-bb31-4c39-8b7c-2fcea1114805|rpc:10.1.0.23:43337|priority:1], old=null, confs=<EMPTY_MAP>
2021-11-05 13:00:12,472 [pool-616-thread-1] INFO  server.RaftServerConfigKeys (ConfUtils.java:logGet(44)) - raft.server.storage.dir = [/home/runner/work/ozone/ozone/hadoop-ozone/integration-test/target/test-dir/MiniOzoneClusterImpl-bdf76210-3e21-404e-9e17-65b92aec9f1a/datanode-5/data/ratis] (custom)
2021-11-05 13:00:12,472 [pool-616-thread-1] INFO  server.RaftServerConfigKeys (ConfUtils.java:logGet(44)) - raft.server.log.corruption.policy = EXCEPTION (default)
2021-11-05 13:00:12,472 [pool-616-thread-1] INFO  server.RaftServerConfigKeys (ConfUtils.java:logGet(44)) - raft.server.storage.free-space.min = 0MB (=0) (default)
2021-11-05 13:00:12,472 [pool-616-thread-1] INFO  storage.RaftStorageDirectory (RaftStorageDirectoryImpl.java:analyzeStorage(135)) - The storage directory /home/runner/work/ozone/ozone/hadoop-ozone/integration-test/target/test-dir/MiniOzoneClusterImpl-bdf76210-3e21-404e-9e17-65b92aec9f1a/datanode-5/data/ratis/4734e41e-899c-454a-8436-5696fcacb92b does not exist. Creating ...
2021-11-05 13:00:12,474 [pool-616-thread-1] INFO  storage.RaftStorageDirectory (RaftStorageDirectoryImpl.java:tryLock(230)) - Lock on /home/runner/work/ozone/ozone/hadoop-ozone/integration-test/target/test-dir/MiniOzoneClusterImpl-bdf76210-3e21-404e-9e17-65b92aec9f1a/datanode-5/data/ratis/4734e41e-899c-454a-8436-5696fcacb92b/in_use.lock acquired by nodename 10214@fv-az151-875
2021-11-05 13:00:12,475 [pool-616-thread-1] INFO  storage.RaftStorage (RaftStorageImpl.java:format(89)) - Storage directory /home/runner/work/ozone/ozone/hadoop-ozone/integration-test/target/test-dir/MiniOzoneClusterImpl-bdf76210-3e21-404e-9e17-65b92aec9f1a/datanode-5/data/ratis/4734e41e-899c-454a-8436-5696fcacb92b has been successfully formatted.
2021-11-05 13:00:12,475 [pool-616-thread-1] INFO  ratis.ContainerStateMachine (ContainerStateMachine.java:loadSnapshot(224)) - group-5696FCACB92B: The snapshot info is null. Setting the last applied indexto:(t:0, i:~)
2021-11-05 13:00:12,476 [EventQueue-PipelineReportForPipelineReportHandler] INFO  pipeline.PipelineManagerImpl (PipelineManagerImpl.java:openPipeline(289)) - Pipeline Pipeline[ Id: 4734e41e-899c-454a-8436-5696fcacb92b, Nodes: 04351296-bb31-4c39-8b7c-2fcea1114805{ip: 10.1.0.23, host: fv-az151-875.yf2hydr00wburbhx3j5hxtcipe.bx.internal.cloudapp.net, ports: [REPLICATION=40621, RATIS=43337, RATIS_ADMIN=43337, RATIS_SERVER=43337, STANDALONE=45289], networkLocation: /default-rack, certSerialId: null, persistedOpState: IN_SERVICE, persistedOpStateExpiryEpochSec: 0}, ReplicationConfig: RATIS/ONE, State:ALLOCATED, leaderId:04351296-bb31-4c39-8b7c-2fcea1114805, CreationTimestamp2021-11-05T13:00:09.474Z[Etc/UTC]] moved to OPEN state
2021-11-05 13:00:12,476 [EventQueue-OpenPipelineForHealthyPipelineSafeModeRule] INFO  safemode.SCMSafeModeManager (HealthyPipelineSafeModeRule.java:process(124)) - SCM in safe mode. Healthy pipelines reported count is 0, required healthy pipeline reported count is 1
2021-11-05 13:00:12,477 [pool-616-thread-1] INFO  server.RaftServerConfigKeys (ConfUtils.java:logGet(44)) - raft.server.notification.no-leader.timeout = 300000ms (custom)
2021-11-05 13:00:12,477 [pool-616-thread-1] INFO  server.RaftServerConfigKeys (ConfUtils.java:logGet(44)) - raft.server.log.use.memory = false (default)
2021-11-05 13:00:12,477 [pool-616-thread-1] INFO  server.RaftServerConfigKeys (ConfUtils.java:logGet(44)) - raft.server.log.purge.gap = 1000000 (custom)
2021-11-05 13:00:12,477 [pool-616-thread-1] INFO  server.RaftServerConfigKeys (ConfUtils.java:logGet(44)) - raft.server.log.appender.buffer.byte-limit = 33554432 (custom)
2021-11-05 13:00:12,477 [pool-616-thread-1] INFO  server.RaftServerConfigKeys (ConfUtils.java:logGet(44)) - raft.server.log.segment.size.max = 1048576 (custom)
2021-11-05 13:00:12,478 [pool-616-thread-1] INFO  server.RaftServerConfigKeys (ConfUtils.java:logGet(44)) - raft.server.log.segment.cache.num.max = 2 (custom)
2021-11-05 13:00:12,478 [pool-616-thread-1] INFO  server.RaftServerConfigKeys (ConfUtils.java:logGet(44)) - raft.server.log.segment.cache.size.max = 200MB (=209715200) (default)
2021-11-05 13:00:12,478 [pool-616-thread-1] INFO  segmented.SegmentedRaftLogWorker (SegmentedRaftLogWorker.java:<init>(182)) - new 04351296-bb31-4c39-8b7c-2fcea1114805@group-5696FCACB92B-SegmentedRaftLogWorker for RaftStorageImpl:Storage Directory /home/runner/work/ozone/ozone/hadoop-ozone/integration-test/target/test-dir/MiniOzoneClusterImpl-bdf76210-3e21-404e-9e17-65b92aec9f1a/datanode-5/data/ratis/4734e41e-899c-454a-8436-5696fcacb92b
2021-11-05 13:00:12,478 [pool-616-thread-1] INFO  server.RaftServerConfigKeys (ConfUtils.java:logGet(44)) - raft.server.log.queue.byte-limit = 2147483647 (custom)
2021-11-05 13:00:12,478 [pool-616-thread-1] INFO  server.RaftServerConfigKeys (ConfUtils.java:logGet(44)) - raft.server.log.queue.element-limit = 1024 (custom)
2021-11-05 13:00:12,478 [pool-616-thread-1] INFO  server.RaftServerConfigKeys (ConfUtils.java:logGet(44)) - raft.server.log.segment.size.max = 1048576 (custom)
2021-11-05 13:00:12,478 [pool-616-thread-1] INFO  server.RaftServerConfigKeys (ConfUtils.java:logGet(44)) - raft.server.log.preallocated.size = 16384 (custom)
2021-11-05 13:00:12,478 [pool-616-thread-1] INFO  server.RaftServerConfigKeys (ConfUtils.java:logGet(44)) - raft.server.log.force.sync.num = 128 (default)
2021-11-05 13:00:12,478 [pool-616-thread-1] INFO  server.RaftServerConfigKeys (ConfUtils.java:logGet(44)) - raft.server.log.statemachine.data.sync = true (default)
2021-11-05 13:00:12,478 [pool-616-thread-1] INFO  server.RaftServerConfigKeys (ConfUtils.java:logGet(44)) - raft.server.log.statemachine.data.sync.timeout = 10s (default)
2021-11-05 13:00:12,478 [pool-616-thread-1] INFO  server.RaftServerConfigKeys (ConfUtils.java:logGet(44)) - raft.server.log.statemachine.data.sync.timeout.retry = -1 (default)
2021-11-05 13:00:12,479 [pool-616-thread-1] INFO  server.RaftServerConfigKeys (ConfUtils.java:logGet(44)) - raft.server.log.write.buffer.size = 1048576 (custom)
2021-11-05 13:00:12,480 [pool-616-thread-1] INFO  server.RaftServerConfigKeys (ConfUtils.java:logGet(44)) - raft.server.log.statemachine.data.caching.enabled = true (custom)
2021-11-05 13:00:12,480 [pool-616-thread-1] INFO  segmented.SegmentedRaftLogWorker (SegmentedRaftLogWorker.java:lambda$new$0(133)) - 04351296-bb31-4c39-8b7c-2fcea1114805@group-5696FCACB92B-SegmentedRaftLogWorker: flushIndex: setUnconditionally 0 -> -1
2021-11-05 13:00:12,480 [pool-616-thread-1] INFO  segmented.SegmentedRaftLogWorker (SegmentedRaftLogWorker.java:lambda$new$0(133)) - 04351296-bb31-4c39-8b7c-2fcea1114805@group-5696FCACB92B-SegmentedRaftLogWorker: safeCacheEvictIndex: setUnconditionally 0 -> -1
2021-11-05 13:00:12,481 [pool-616-thread-1] INFO  server.RaftServerConfigKeys (ConfUtils.java:logGet(44)) - raft.server.snapshot.auto.trigger.enabled = true (custom)
2021-11-05 13:00:12,481 [pool-616-thread-1] INFO  server.RaftServerConfigKeys (ConfUtils.java:logGet(44)) - raft.server.snapshot.auto.trigger.threshold = 10000 (custom)
2021-11-05 13:00:12,481 [pool-616-thread-1] INFO  server.RaftServerConfigKeys (ConfUtils.java:logGet(44)) - raft.server.snapshot.retention.file.num = 5 (custom)
2021-11-05 13:00:12,481 [pool-616-thread-1] INFO  server.RaftServerConfigKeys (ConfUtils.java:logGet(44)) - raft.server.log.purge.upto.snapshot.index = false (default)
2021-11-05 13:00:12,481 [pool-616-thread-1] INFO  server.RaftServerConfigKeys (ConfUtils.java:logGet(44)) - raft.server.retrycache.expirytime = 600000ms (custom)
2021-11-05 13:00:12,481 [pool-616-thread-1] INFO  server.RaftServerConfigKeys (ConfUtils.java:logGet(44)) - raft.server.retrycache.statistics.expirytime = 100μs (default)
2021-11-05 13:00:12,482 [pool-616-thread-1] INFO  server.RaftServer$Division (RaftServerImpl.java:start(301)) - 04351296-bb31-4c39-8b7c-2fcea1114805@group-5696FCACB92B: start as a follower, conf=-1: [04351296-bb31-4c39-8b7c-2fcea1114805|rpc:10.1.0.23:43337|priority:1], old=null
2021-11-05 13:00:12,482 [pool-616-thread-1] INFO  server.RaftServer$Division (RaftServerImpl.java:setRole(290)) - 04351296-bb31-4c39-8b7c-2fcea1114805@group-5696FCACB92B: changes role from      null to FOLLOWER at term 0 for startAsFollower
2021-11-05 13:00:12,482 [pool-616-thread-1] INFO  impl.RoleInfo (RoleInfo.java:updateAndGet(130)) - 04351296-bb31-4c39-8b7c-2fcea1114805: start 04351296-bb31-4c39-8b7c-2fcea1114805@group-5696FCACB92B-FollowerState
2021-11-05 13:00:12,487 [pool-616-thread-1] INFO  util.JmxRegister (JmxRegister.java:tryRegister(44)) - Successfully registered JMX Bean with object name Ratis:service=RaftServer,group=group-5696FCACB92B,id=04351296-bb31-4c39-8b7c-2fcea1114805
2021-11-05 13:00:12,488 [Command processor thread] INFO  ratis.XceiverServerRatis (XceiverServerRatis.java:addGroup(768)) - Created group PipelineID=4734e41e-899c-454a-8436-5696fcacb92b
2021-11-05 13:00:12,488 [Command processor thread] INFO  commandhandler.CreatePipelineCommandHandler (CreatePipelineCommandHandler.java:handle(106)) - Created Pipeline RATIS ONE PipelineID=4734e41e-899c-454a-8436-5696fcacb92b.
2021-11-05 13:00:12,895 [76ef4e66-eace-4a3b-a369-d2a815523a61@group-05B35D5AA406-FollowerState] INFO  impl.FollowerState (FollowerState.java:run(134)) - 76ef4e66-eace-4a3b-a369-d2a815523a61@group-05B35D5AA406-FollowerState: change to CANDIDATE, lastRpcElapsedTime:5041110094ns, electionTimeout:5040ms
2021-11-05 13:00:12,895 [76ef4e66-eace-4a3b-a369-d2a815523a61@group-05B35D5AA406-FollowerState] INFO  impl.RoleInfo (RoleInfo.java:shutdownFollowerState(108)) - 76ef4e66-eace-4a3b-a369-d2a815523a61: shutdown 76ef4e66-eace-4a3b-a369-d2a815523a61@group-05B35D5AA406-FollowerState
2021-11-05 13:00:12,895 [76ef4e66-eace-4a3b-a369-d2a815523a61@group-05B35D5AA406-FollowerState] INFO  server.RaftServer$Division (RaftServerImpl.java:setRole(290)) - 76ef4e66-eace-4a3b-a369-d2a815523a61@group-05B35D5AA406: changes role from  FOLLOWER to CANDIDATE at term 0 for changeToCandidate
2021-11-05 13:00:12,897 [76ef4e66-eace-4a3b-a369-d2a815523a61@group-05B35D5AA406-FollowerState] INFO  server.RaftServerConfigKeys (ConfUtils.java:logGet(44)) - raft.server.leaderelection.pre-vote = false (custom)
2021-11-05 13:00:12,897 [76ef4e66-eace-4a3b-a369-d2a815523a61@group-05B35D5AA406-FollowerState] INFO  impl.RoleInfo (RoleInfo.java:updateAndGet(130)) - 76ef4e66-eace-4a3b-a369-d2a815523a61: start 76ef4e66-eace-4a3b-a369-d2a815523a61@group-05B35D5AA406-LeaderElection86
2021-11-05 13:00:12,940 [76ef4e66-eace-4a3b-a369-d2a815523a61@group-05B35D5AA406-LeaderElection86] INFO  impl.LeaderElection (LeaderElection.java:askForVotes(306)) - 76ef4e66-eace-4a3b-a369-d2a815523a61@group-05B35D5AA406-LeaderElection86 ELECTION round 0: submit vote requests at term 1 for -1: [76ef4e66-eace-4a3b-a369-d2a815523a61|rpc:10.1.0.23:41987|priority:1], old=null
2021-11-05 13:00:12,940 [76ef4e66-eace-4a3b-a369-d2a815523a61@group-05B35D5AA406-LeaderElection86] INFO  impl.LeaderElection (LeaderElection.java:askForVotes(308)) - 76ef4e66-eace-4a3b-a369-d2a815523a61@group-05B35D5AA406-LeaderElection86 ELECTION round 0: result PASSED (term=1)
2021-11-05 13:00:12,940 [76ef4e66-eace-4a3b-a369-d2a815523a61@group-05B35D5AA406-LeaderElection86] INFO  impl.RoleInfo (RoleInfo.java:shutdownLeaderElection(121)) - 76ef4e66-eace-4a3b-a369-d2a815523a61: shutdown 76ef4e66-eace-4a3b-a369-d2a815523a61@group-05B35D5AA406-LeaderElection86
2021-11-05 13:00:12,940 [76ef4e66-eace-4a3b-a369-d2a815523a61@group-05B35D5AA406-LeaderElection86] INFO  server.RaftServer$Division (RaftServerImpl.java:setRole(290)) - 76ef4e66-eace-4a3b-a369-d2a815523a61@group-05B35D5AA406: changes role from CANDIDATE to LEADER at term 1 for changeToLeader
2021-11-05 13:00:12,940 [76ef4e66-eace-4a3b-a369-d2a815523a61@group-05B35D5AA406-LeaderElection86] INFO  ratis.XceiverServerRatis (XceiverServerRatis.java:handleLeaderChangedNotification(866)) - Leader change notification received for group: group-05B35D5AA406 with new leaderId: 76ef4e66-eace-4a3b-a369-d2a815523a61
2021-11-05 13:00:12,945 [76ef4e66-eace-4a3b-a369-d2a815523a61@group-05B35D5AA406-LeaderElection86] INFO  server.RaftServer$Division (ServerState.java:setLeader(285)) - 76ef4e66-eace-4a3b-a369-d2a815523a61@group-05B35D5AA406: change Leader from null to 76ef4e66-eace-4a3b-a369-d2a815523a61 at term 1 for becomeLeader, leader elected after 5132ms
2021-11-05 13:00:12,946 [EventQueue-OpenPipelineForHealthyPipelineSafeModeRule] INFO  safemode.SCMSafeModeManager (HealthyPipelineSafeModeRule.java:process(124)) - SCM in safe mode. Healthy pipelines reported count is 0, required healthy pipeline reported count is 1
2021-11-05 13:00:12,946 [76ef4e66-eace-4a3b-a369-d2a815523a61@group-05B35D5AA406-LeaderElection86] INFO  server.RaftServerConfigKeys (ConfUtils.java:logGet(44)) - raft.server.staging.catchup.gap = 1000 (default)
2021-11-05 13:00:12,946 [76ef4e66-eace-4a3b-a369-d2a815523a61@group-05B35D5AA406-LeaderElection86] INFO  server.RaftServerConfigKeys (ConfUtils.java:logGet(44)) - raft.server.write.element-limit = 1024 (custom)
2021-11-05 13:00:12,946 [76ef4e66-eace-4a3b-a369-d2a815523a61@group-05B35D5AA406-LeaderElection86] INFO  server.RaftServerConfigKeys (ConfUtils.java:logGet(44)) - raft.server.write.byte-limit = 1024 M (=1073741824) (custom)
2021-11-05 13:00:12,947 [76ef4e66-eace-4a3b-a369-d2a815523a61@group-05B35D5AA406-LeaderElection86] INFO  server.RaftServerConfigKeys (ConfUtils.java:logGet(44)) - raft.server.watch.timeout = 3000ms (custom)
2021-11-05 13:00:12,947 [76ef4e66-eace-4a3b-a369-d2a815523a61@group-05B35D5AA406-LeaderElection86] INFO  server.RaftServerConfigKeys (ConfUtils.java:logGet(44)) - raft.server.watch.timeout.denomination = 1s (default)
2021-11-05 13:00:12,947 [76ef4e66-eace-4a3b-a369-d2a815523a61@group-05B35D5AA406-LeaderElection86] INFO  server.RaftServerConfigKeys (ConfUtils.java:logGet(44)) - raft.server.watch.element-limit = 65536 (default)
2021-11-05 13:00:12,947 [76ef4e66-eace-4a3b-a369-d2a815523a61@group-05B35D5AA406-LeaderElection86] INFO  server.RaftServerConfigKeys (ConfUtils.java:logGet(44)) - raft.server.write.element-limit = 1024 (custom)
2021-11-05 13:00:12,947 [76ef4e66-eace-4a3b-a369-d2a815523a61@group-05B35D5AA406-LeaderElection86] INFO  server.RaftServerConfigKeys (ConfUtils.java:logGet(44)) - raft.server.write.follower.gap.ratio.max = -1.0 (default)
2021-11-05 13:00:12,947 [76ef4e66-eace-4a3b-a369-d2a815523a61@group-05B35D5AA406-LeaderElection86] INFO  impl.RoleInfo (RoleInfo.java:updateAndGet(130)) - 76ef4e66-eace-4a3b-a369-d2a815523a61: start 76ef4e66-eace-4a3b-a369-d2a815523a61@group-05B35D5AA406-LeaderStateImpl
2021-11-05 13:00:12,947 [76ef4e66-eace-4a3b-a369-d2a815523a61@group-05B35D5AA406-LeaderElection86] INFO  segmented.SegmentedRaftLogWorker (SegmentedRaftLogWorker.java:startLogSegment(394)) - 76ef4e66-eace-4a3b-a369-d2a815523a61@group-05B35D5AA406-SegmentedRaftLogWorker: Starting segment from index:0
2021-11-05 13:00:12,958 [76ef4e66-eace-4a3b-a369-d2a815523a61@group-05B35D5AA406-LeaderElection86] INFO  server.RaftServer$Division (ServerState.java:setRaftConf(387)) - 76ef4e66-eace-4a3b-a369-d2a815523a61@group-05B35D5AA406: set configuration 0: [76ef4e66-eace-4a3b-a369-d2a815523a61|rpc:10.1.0.23:41987|dataStream:|priority:1], old=null
2021-11-05 13:00:12,986 [76ef4e66-eace-4a3b-a369-d2a815523a61@group-05B35D5AA406-SegmentedRaftLogWorker] INFO  segmented.SegmentedRaftLogWorker (SegmentedRaftLogWorker.java:execute(601)) - 76ef4e66-eace-4a3b-a369-d2a815523a61@group-05B35D5AA406-SegmentedRaftLogWorker: created new log segment /home/runner/work/ozone/ozone/hadoop-ozone/integration-test/target/test-dir/MiniOzoneClusterImpl-bdf76210-3e21-404e-9e17-65b92aec9f1a/datanode-0/data/ratis/e2469dc0-4f58-4d76-a3f8-05b35d5aa406/current/log_inprogress_0
2021-11-05 13:00:13,152 [fa45fd2a-a6ef-4106-9a44-777d17a8e8f4@group-5D93FA255116-FollowerState] INFO  impl.FollowerState (FollowerState.java:run(134)) - fa45fd2a-a6ef-4106-9a44-777d17a8e8f4@group-5D93FA255116-FollowerState: change to CANDIDATE, lastRpcElapsedTime:5037679833ns, electionTimeout:5034ms
2021-11-05 13:00:13,152 [fa45fd2a-a6ef-4106-9a44-777d17a8e8f4@group-5D93FA255116-FollowerState] INFO  impl.RoleInfo (RoleInfo.java:shutdownFollowerState(108)) - fa45fd2a-a6ef-4106-9a44-777d17a8e8f4: shutdown fa45fd2a-a6ef-4106-9a44-777d17a8e8f4@group-5D93FA255116-FollowerState
2021-11-05 13:00:13,152 [fa45fd2a-a6ef-4106-9a44-777d17a8e8f4@group-5D93FA255116-FollowerState] INFO  server.RaftServer$Division (RaftServerImpl.java:setRole(290)) - fa45fd2a-a6ef-4106-9a44-777d17a8e8f4@group-5D93FA255116: changes role from  FOLLOWER to CANDIDATE at term 0 for changeToCandidate
2021-11-05 13:00:13,154 [fa45fd2a-a6ef-4106-9a44-777d17a8e8f4@group-5D93FA255116-FollowerState] INFO  server.RaftServerConfigKeys (ConfUtils.java:logGet(44)) - raft.server.leaderelection.pre-vote = false (custom)
2021-11-05 13:00:13,154 [fa45fd2a-a6ef-4106-9a44-777d17a8e8f4@group-5D93FA255116-FollowerState] INFO  impl.RoleInfo (RoleInfo.java:updateAndGet(130)) - fa45fd2a-a6ef-4106-9a44-777d17a8e8f4: start fa45fd2a-a6ef-4106-9a44-777d17a8e8f4@group-5D93FA255116-LeaderElection87
2021-11-05 13:00:13,156 [76ef4e66-eace-4a3b-a369-d2a815523a61@group-5D93FA255116-FollowerState] INFO  impl.FollowerState (FollowerState.java:run(134)) - 76ef4e66-eace-4a3b-a369-d2a815523a61@group-5D93FA255116-FollowerState: change to CANDIDATE, lastRpcElapsedTime:5152101586ns, electionTimeout:5151ms
2021-11-05 13:00:13,157 [76ef4e66-eace-4a3b-a369-d2a815523a61@group-5D93FA255116-FollowerState] INFO  impl.RoleInfo (RoleInfo.java:shutdownFollowerState(108)) - 76ef4e66-eace-4a3b-a369-d2a815523a61: shutdown 76ef4e66-eace-4a3b-a369-d2a815523a61@group-5D93FA255116-FollowerState
2021-11-05 13:00:13,157 [76ef4e66-eace-4a3b-a369-d2a815523a61@group-5D93FA255116-FollowerState] INFO  server.RaftServer$Division (RaftServerImpl.java:setRole(290)) - 76ef4e66-eace-4a3b-a369-d2a815523a61@group-5D93FA255116: changes role from  FOLLOWER to CANDIDATE at term 0 for changeToCandidate
2021-11-05 13:00:13,157 [76ef4e66-eace-4a3b-a369-d2a815523a61@group-5D93FA255116-FollowerState] INFO  server.RaftServerConfigKeys (ConfUtils.java:logGet(44)) - raft.server.leaderelection.pre-vote = false (custom)
2021-11-05 13:00:13,157 [76ef4e66-eace-4a3b-a369-d2a815523a61@group-5D93FA255116-FollowerState] INFO  impl.RoleInfo (RoleInfo.java:updateAndGet(130)) - 76ef4e66-eace-4a3b-a369-d2a815523a61: start 76ef4e66-eace-4a3b-a369-d2a815523a61@group-5D93FA255116-LeaderElection88
2021-11-05 13:00:13,204 [fa45fd2a-a6ef-4106-9a44-777d17a8e8f4@group-5D93FA255116-LeaderElection87] INFO  impl.LeaderElection (LeaderElection.java:askForVotes(306)) - fa45fd2a-a6ef-4106-9a44-777d17a8e8f4@group-5D93FA255116-LeaderElection87 ELECTION round 0: submit vote requests at term 1 for -1: [76ef4e66-eace-4a3b-a369-d2a815523a61|rpc:10.1.0.23:41987|dataStream:|priority:0, fa45fd2a-a6ef-4106-9a44-777d17a8e8f4|rpc:10.1.0.23:43989|dataStream:|priority:0, 3ae4cb20-15ad-4779-a013-5b0fdc3aaee7|rpc:10.1.0.23:35115|dataStream:|priority:1], old=null
2021-11-05 13:00:13,205 [76ef4e66-eace-4a3b-a369-d2a815523a61@group-5D93FA255116-LeaderElection88] INFO  impl.LeaderElection (LeaderElection.java:askForVotes(306)) - 76ef4e66-eace-4a3b-a369-d2a815523a61@group-5D93FA255116-LeaderElection88 ELECTION round 0: submit vote requests at term 1 for -1: [76ef4e66-eace-4a3b-a369-d2a815523a61|rpc:10.1.0.23:41987|priority:0, fa45fd2a-a6ef-4106-9a44-777d17a8e8f4|rpc:10.1.0.23:43989|priority:0, 3ae4cb20-15ad-4779-a013-5b0fdc3aaee7|rpc:10.1.0.23:35115|priority:1], old=null
2021-11-05 13:00:13,241 [grpc-default-executor-1] INFO  server.RaftServer$Division (RaftServerImpl.java:requestVote(1046)) - 76ef4e66-eace-4a3b-a369-d2a815523a61@group-5D93FA255116: receive requestVote(ELECTION, fa45fd2a-a6ef-4106-9a44-777d17a8e8f4, group-5D93FA255116, 1, (t:0, i:0))
2021-11-05 13:00:13,241 [grpc-default-executor-1] INFO  impl.VoteContext (VoteContext.java:log(48)) - 76ef4e66-eace-4a3b-a369-d2a815523a61@group-5D93FA255116-CANDIDATE: reject ELECTION from fa45fd2a-a6ef-4106-9a44-777d17a8e8f4: already has voted for 76ef4e66-eace-4a3b-a369-d2a815523a61 at current term 1
2021-11-05 13:00:13,242 [grpc-default-executor-1] INFO  server.RaftServer$Division (RaftServerImpl.java:requestVote(1078)) - 76ef4e66-eace-4a3b-a369-d2a815523a61@group-5D93FA255116 replies to ELECTION vote request: fa45fd2a-a6ef-4106-9a44-777d17a8e8f4<-76ef4e66-eace-4a3b-a369-d2a815523a61#0:FAIL-t1. Peer's state: 76ef4e66-eace-4a3b-a369-d2a815523a61@group-5D93FA255116:t1, leader=null, voted=76ef4e66-eace-4a3b-a369-d2a815523a61, raftlog=76ef4e66-eace-4a3b-a369-d2a815523a61@group-5D93FA255116-SegmentedRaftLog:OPENED:c-1, conf=-1: [76ef4e66-eace-4a3b-a369-d2a815523a61|rpc:10.1.0.23:41987|priority:0, fa45fd2a-a6ef-4106-9a44-777d17a8e8f4|rpc:10.1.0.23:43989|priority:0, 3ae4cb20-15ad-4779-a013-5b0fdc3aaee7|rpc:10.1.0.23:35115|priority:1], old=null
2021-11-05 13:00:13,282 [grpc-default-executor-1] INFO  server.RaftServer$Division (RaftServerImpl.java:requestVote(1046)) - fa45fd2a-a6ef-4106-9a44-777d17a8e8f4@group-5D93FA255116: receive requestVote(ELECTION, 76ef4e66-eace-4a3b-a369-d2a815523a61, group-5D93FA255116, 1, (t:0, i:0))
2021-11-05 13:00:13,282 [grpc-default-executor-1] INFO  impl.VoteContext (VoteContext.java:log(48)) - fa45fd2a-a6ef-4106-9a44-777d17a8e8f4@group-5D93FA255116-CANDIDATE: reject ELECTION from 76ef4e66-eace-4a3b-a369-d2a815523a61: already has voted for fa45fd2a-a6ef-4106-9a44-777d17a8e8f4 at current term 1
2021-11-05 13:00:13,282 [grpc-default-executor-1] INFO  server.RaftServer$Division (RaftServerImpl.java:requestVote(1078)) - fa45fd2a-a6ef-4106-9a44-777d17a8e8f4@group-5D93FA255116 replies to ELECTION vote request: 76ef4e66-eace-4a3b-a369-d2a815523a61<-fa45fd2a-a6ef-4106-9a44-777d17a8e8f4#0:FAIL-t1. Peer's state: fa45fd2a-a6ef-4106-9a44-777d17a8e8f4@group-5D93FA255116:t1, leader=null, voted=fa45fd2a-a6ef-4106-9a44-777d17a8e8f4, raftlog=fa45fd2a-a6ef-4106-9a44-777d17a8e8f4@group-5D93FA255116-SegmentedRaftLog:OPENED:c-1, conf=-1: [76ef4e66-eace-4a3b-a369-d2a815523a61|rpc:10.1.0.23:41987|dataStream:|priority:0, fa45fd2a-a6ef-4106-9a44-777d17a8e8f4|rpc:10.1.0.23:43989|dataStream:|priority:0, 3ae4cb20-15ad-4779-a013-5b0fdc3aaee7|rpc:10.1.0.23:35115|dataStream:|priority:1], old=null
2021-11-05 13:00:13,284 [grpc-default-executor-3] INFO  server.RaftServer$Division (RaftServerImpl.java:requestVote(1046)) - 3ae4cb20-15ad-4779-a013-5b0fdc3aaee7@group-5D93FA255116: receive requestVote(ELECTION, fa45fd2a-a6ef-4106-9a44-777d17a8e8f4, group-5D93FA255116, 1, (t:0, i:0))
2021-11-05 13:00:13,284 [grpc-default-executor-3] INFO  impl.VoteContext (VoteContext.java:log(48)) - 3ae4cb20-15ad-4779-a013-5b0fdc3aaee7@group-5D93FA255116-FOLLOWER: reject ELECTION from fa45fd2a-a6ef-4106-9a44-777d17a8e8f4: our priority 1 > candidate's priority 0
2021-11-05 13:00:13,284 [grpc-default-executor-3] INFO  server.RaftServer$Division (RaftServerImpl.java:setRole(290)) - 3ae4cb20-15ad-4779-a013-5b0fdc3aaee7@group-5D93FA255116: changes role from  FOLLOWER to FOLLOWER at term 1 for candidate:fa45fd2a-a6ef-4106-9a44-777d17a8e8f4
2021-11-05 13:00:13,284 [grpc-default-executor-3] INFO  impl.RoleInfo (RoleInfo.java:shutdownFollowerState(108)) - 3ae4cb20-15ad-4779-a013-5b0fdc3aaee7: shutdown 3ae4cb20-15ad-4779-a013-5b0fdc3aaee7@group-5D93FA255116-FollowerState
2021-11-05 13:00:13,284 [grpc-default-executor-3] INFO  impl.RoleInfo (RoleInfo.java:updateAndGet(130)) - 3ae4cb20-15ad-4779-a013-5b0fdc3aaee7: start 3ae4cb20-15ad-4779-a013-5b0fdc3aaee7@group-5D93FA255116-FollowerState
2021-11-05 13:00:13,285 [3ae4cb20-15ad-4779-a013-5b0fdc3aaee7@group-5D93FA255116-FollowerState] INFO  impl.FollowerState (FollowerState.java:run(143)) - 3ae4cb20-15ad-4779-a013-5b0fdc3aaee7@group-5D93FA255116-FollowerState was interrupted: {}
java.lang.InterruptedException: sleep interrupted
	at java.lang.Thread.sleep(Native Method)
	at java.lang.Thread.sleep(Thread.java:340)
	at java.util.concurrent.TimeUnit.sleep(TimeUnit.java:386)
	at org.apache.ratis.util.TimeDuration.sleep(TimeDuration.java:324)
	at org.apache.ratis.util.TimeDuration.sleep(TimeDuration.java:309)
	at org.apache.ratis.server.impl.FollowerState.run(FollowerState.java:118)
2021-11-05 13:00:13,305 [grpc-default-executor-3] INFO  server.RaftServer$Division (RaftServerImpl.java:requestVote(1078)) - 3ae4cb20-15ad-4779-a013-5b0fdc3aaee7@group-5D93FA255116 replies to ELECTION vote request: fa45fd2a-a6ef-4106-9a44-777d17a8e8f4<-3ae4cb20-15ad-4779-a013-5b0fdc3aaee7#0:FAIL-t1. Peer's state: 3ae4cb20-15ad-4779-a013-5b0fdc3aaee7@group-5D93FA255116:t1, leader=null, voted=null, raftlog=3ae4cb20-15ad-4779-a013-5b0fdc3aaee7@group-5D93FA255116-SegmentedRaftLog:OPENED:c-1, conf=-1: [76ef4e66-eace-4a3b-a369-d2a815523a61|rpc:10.1.0.23:41987|dataStream:|priority:0, fa45fd2a-a6ef-4106-9a44-777d17a8e8f4|rpc:10.1.0.23:43989|dataStream:|priority:0, 3ae4cb20-15ad-4779-a013-5b0fdc3aaee7|rpc:10.1.0.23:35115|dataStream:|priority:1], old=null
2021-11-05 13:00:13,312 [fa45fd2a-a6ef-4106-9a44-777d17a8e8f4@group-5D93FA255116-LeaderElection87] INFO  impl.LeaderElection (LeaderElection.java:logAndReturn(89)) - fa45fd2a-a6ef-4106-9a44-777d17a8e8f4@group-5D93FA255116-LeaderElection87: ELECTION REJECTED received 2 response(s) and 0 exception(s):
2021-11-05 13:00:13,313 [fa45fd2a-a6ef-4106-9a44-777d17a8e8f4@group-5D93FA255116-LeaderElection87] INFO  impl.LeaderElection (LeaderElection.java:logAndReturn(93)) -   Response 0: fa45fd2a-a6ef-4106-9a44-777d17a8e8f4<-76ef4e66-eace-4a3b-a369-d2a815523a61#0:FAIL-t1
2021-11-05 13:00:13,313 [fa45fd2a-a6ef-4106-9a44-777d17a8e8f4@group-5D93FA255116-LeaderElection87] INFO  impl.LeaderElection (LeaderElection.java:logAndReturn(93)) -   Response 1: fa45fd2a-a6ef-4106-9a44-777d17a8e8f4<-3ae4cb20-15ad-4779-a013-5b0fdc3aaee7#0:FAIL-t1
2021-11-05 13:00:13,313 [fa45fd2a-a6ef-4106-9a44-777d17a8e8f4@group-5D93FA255116-LeaderElection87] INFO  impl.LeaderElection (LeaderElection.java:askForVotes(308)) - fa45fd2a-a6ef-4106-9a44-777d17a8e8f4@group-5D93FA255116-LeaderElection87 ELECTION round 0: result REJECTED
2021-11-05 13:00:13,313 [fa45fd2a-a6ef-4106-9a44-777d17a8e8f4@group-5D93FA255116-LeaderElection87] INFO  server.RaftServer$Division (RaftServerImpl.java:setRole(290)) - fa45fd2a-a6ef-4106-9a44-777d17a8e8f4@group-5D93FA255116: changes role from CANDIDATE to FOLLOWER at term 1 for REJECTED
2021-11-05 13:00:13,313 [fa45fd2a-a6ef-4106-9a44-777d17a8e8f4@group-5D93FA255116-LeaderElection87] INFO  impl.RoleInfo (RoleInfo.java:shutdownLeaderElection(121)) - fa45fd2a-a6ef-4106-9a44-777d17a8e8f4: shutdown fa45fd2a-a6ef-4106-9a44-777d17a8e8f4@group-5D93FA255116-LeaderElection87
2021-11-05 13:00:13,313 [fa45fd2a-a6ef-4106-9a44-777d17a8e8f4@group-5D93FA255116-LeaderElection87] INFO  impl.RoleInfo (RoleInfo.java:updateAndGet(130)) - fa45fd2a-a6ef-4106-9a44-777d17a8e8f4: start fa45fd2a-a6ef-4106-9a44-777d17a8e8f4@group-5D93FA255116-FollowerState
2021-11-05 13:00:13,316 [Listener at 127.0.0.1/42119] INFO  ozone.MiniOzoneClusterImpl (MiniOzoneClusterImpl.java:lambda$waitForClusterToBeReady$0(235)) - Nodes are ready. Got 7 of 7 DN Heartbeats.
2021-11-05 13:00:13,316 [Listener at 127.0.0.1/42119] INFO  ozone.MiniOzoneClusterImpl (MiniOzoneClusterImpl.java:lambda$waitForClusterToBeReady$0(238)) - Waiting for cluster to exit safe mode
2021-11-05 13:00:13,316 [Listener at 127.0.0.1/42119] INFO  ozone.MiniOzoneClusterImpl (MiniOzoneClusterImpl.java:lambda$waitForClusterToBeReady$0(240)) - SCM became leader
2021-11-05 13:00:13,324 [grpc-default-executor-3] INFO  server.RaftServer$Division (RaftServerImpl.java:requestVote(1046)) - 3ae4cb20-15ad-4779-a013-5b0fdc3aaee7@group-5D93FA255116: receive requestVote(ELECTION, 76ef4e66-eace-4a3b-a369-d2a815523a61, group-5D93FA255116, 1, (t:0, i:0))
2021-11-05 13:00:13,324 [grpc-default-executor-3] INFO  impl.VoteContext (VoteContext.java:log(48)) - 3ae4cb20-15ad-4779-a013-5b0fdc3aaee7@group-5D93FA255116-FOLLOWER: reject ELECTION from 76ef4e66-eace-4a3b-a369-d2a815523a61: our priority 1 > candidate's priority 0
2021-11-05 13:00:13,324 [grpc-default-executor-3] INFO  server.RaftServer$Division (RaftServerImpl.java:setRole(290)) - 3ae4cb20-15ad-4779-a013-5b0fdc3aaee7@group-5D93FA255116: changes role from  FOLLOWER to FOLLOWER at term 1 for candidate:76ef4e66-eace-4a3b-a369-d2a815523a61
2021-11-05 13:00:13,324 [grpc-default-executor-3] INFO  impl.RoleInfo (RoleInfo.java:shutdownFollowerState(108)) - 3ae4cb20-15ad-4779-a013-5b0fdc3aaee7: shutdown 3ae4cb20-15ad-4779-a013-5b0fdc3aaee7@group-5D93FA255116-FollowerState
2021-11-05 13:00:13,324 [grpc-default-executor-3] INFO  impl.RoleInfo (RoleInfo.java:updateAndGet(130)) - 3ae4cb20-15ad-4779-a013-5b0fdc3aaee7: start 3ae4cb20-15ad-4779-a013-5b0fdc3aaee7@group-5D93FA255116-FollowerState
2021-11-05 13:00:13,324 [3ae4cb20-15ad-4779-a013-5b0fdc3aaee7@group-5D93FA255116-FollowerState] INFO  impl.FollowerState (FollowerState.java:run(143)) - 3ae4cb20-15ad-4779-a013-5b0fdc3aaee7@group-5D93FA255116-FollowerState was interrupted: {}
java.lang.InterruptedException: sleep interrupted
	at java.lang.Thread.sleep(Native Method)
	at java.lang.Thread.sleep(Thread.java:340)
	at java.util.concurrent.TimeUnit.sleep(TimeUnit.java:386)
	at org.apache.ratis.util.TimeDuration.sleep(TimeDuration.java:324)
	at org.apache.ratis.util.TimeDuration.sleep(TimeDuration.java:309)
	at org.apache.ratis.server.impl.FollowerState.run(FollowerState.java:118)
2021-11-05 13:00:13,328 [grpc-default-executor-3] INFO  server.RaftServer$Division (RaftServerImpl.java:requestVote(1078)) - 3ae4cb20-15ad-4779-a013-5b0fdc3aaee7@group-5D93FA255116 replies to ELECTION vote request: 76ef4e66-eace-4a3b-a369-d2a815523a61<-3ae4cb20-15ad-4779-a013-5b0fdc3aaee7#0:FAIL-t1. Peer's state: 3ae4cb20-15ad-4779-a013-5b0fdc3aaee7@group-5D93FA255116:t1, leader=null, voted=null, raftlog=3ae4cb20-15ad-4779-a013-5b0fdc3aaee7@group-5D93FA255116-SegmentedRaftLog:OPENED:c-1, conf=-1: [76ef4e66-eace-4a3b-a369-d2a815523a61|rpc:10.1.0.23:41987|dataStream:|priority:0, fa45fd2a-a6ef-4106-9a44-777d17a8e8f4|rpc:10.1.0.23:43989|dataStream:|priority:0, 3ae4cb20-15ad-4779-a013-5b0fdc3aaee7|rpc:10.1.0.23:35115|dataStream:|priority:1], old=null
2021-11-05 13:00:13,343 [76ef4e66-eace-4a3b-a369-d2a815523a61@group-5D93FA255116-LeaderElection88] INFO  impl.LeaderElection (LeaderElection.java:logAndReturn(89)) - 76ef4e66-eace-4a3b-a369-d2a815523a61@group-5D93FA255116-LeaderElection88: ELECTION REJECTED received 2 response(s) and 0 exception(s):
2021-11-05 13:00:13,343 [76ef4e66-eace-4a3b-a369-d2a815523a61@group-5D93FA255116-LeaderElection88] INFO  impl.LeaderElection (LeaderElection.java:logAndReturn(93)) -   Response 0: 76ef4e66-eace-4a3b-a369-d2a815523a61<-fa45fd2a-a6ef-4106-9a44-777d17a8e8f4#0:FAIL-t1
2021-11-05 13:00:13,343 [76ef4e66-eace-4a3b-a369-d2a815523a61@group-5D93FA255116-LeaderElection88] INFO  impl.LeaderElection (LeaderElection.java:logAndReturn(93)) -   Response 1: 76ef4e66-eace-4a3b-a369-d2a815523a61<-3ae4cb20-15ad-4779-a013-5b0fdc3aaee7#0:FAIL-t1
2021-11-05 13:00:13,343 [76ef4e66-eace-4a3b-a369-d2a815523a61@group-5D93FA255116-LeaderElection88] INFO  impl.LeaderElection (LeaderElection.java:askForVotes(308)) - 76ef4e66-eace-4a3b-a369-d2a815523a61@group-5D93FA255116-LeaderElection88 ELECTION round 0: result REJECTED
2021-11-05 13:00:13,343 [76ef4e66-eace-4a3b-a369-d2a815523a61@group-5D93FA255116-LeaderElection88] INFO  server.RaftServer$Division (RaftServerImpl.java:setRole(290)) - 76ef4e66-eace-4a3b-a369-d2a815523a61@group-5D93FA255116: changes role from CANDIDATE to FOLLOWER at term 1 for REJECTED
2021-11-05 13:00:13,343 [76ef4e66-eace-4a3b-a369-d2a815523a61@group-5D93FA255116-LeaderElection88] INFO  impl.RoleInfo (RoleInfo.java:shutdownLeaderElection(121)) - 76ef4e66-eace-4a3b-a369-d2a815523a61: shutdown 76ef4e66-eace-4a3b-a369-d2a815523a61@group-5D93FA255116-LeaderElection88
2021-11-05 13:00:13,343 [76ef4e66-eace-4a3b-a369-d2a815523a61@group-5D93FA255116-LeaderElection88] INFO  impl.RoleInfo (RoleInfo.java:updateAndGet(130)) - 76ef4e66-eace-4a3b-a369-d2a815523a61: start 76ef4e66-eace-4a3b-a369-d2a815523a61@group-5D93FA255116-FollowerState
2021-11-05 13:00:13,374 [Command processor thread] INFO  server.RaftServer (RaftServerProxy.java:addNew(95)) - f0359a9b-bc21-4a61-b53d-8d2dd84c6fc1: addNew group-95BEF8C5E0E6:[f0359a9b-bc21-4a61-b53d-8d2dd84c6fc1|rpc:10.1.0.23:44285|priority:1] returns group-95BEF8C5E0E6:java.util.concurrent.CompletableFuture@73cc23f8[Not completed]
2021-11-05 13:00:13,383 [pool-635-thread-1] INFO  server.RaftServer$Division (RaftServerImpl.java:<init>(184)) - f0359a9b-bc21-4a61-b53d-8d2dd84c6fc1: new RaftServerImpl for group-95BEF8C5E0E6:[f0359a9b-bc21-4a61-b53d-8d2dd84c6fc1|rpc:10.1.0.23:44285|priority:1] with ContainerStateMachine:uninitialized
2021-11-05 13:00:13,388 [pool-635-thread-1] INFO  server.RaftServerConfigKeys (ConfUtils.java:logGet(44)) - raft.server.rpc.timeout.min = 5s (custom)
2021-11-05 13:00:13,388 [pool-635-thread-1] INFO  server.RaftServerConfigKeys (ConfUtils.java:logGet(44)) - raft.server.rpc.timeout.max = 5200ms (custom)
2021-11-05 13:00:13,388 [pool-635-thread-1] INFO  server.RaftServerConfigKeys (ConfUtils.java:logGet(44)) - raft.server.rpc.sleep.time = 25ms (default)
2021-11-05 13:00:13,388 [pool-635-thread-1] INFO  server.RaftServerConfigKeys (ConfUtils.java:logGet(44)) - raft.server.rpc.slowness.timeout = 300000ms (custom)
2021-11-05 13:00:13,388 [pool-635-thread-1] INFO  server.RaftServerConfigKeys (ConfUtils.java:logGet(44)) - raft.server.leaderelection.leader.step-down.wait-time = 10s (default)
2021-11-05 13:00:13,388 [pool-635-thread-1] INFO  server.RaftServerConfigKeys (ConfUtils.java:logGet(44)) - raft.server.sleep.deviation.threshold = 300ms (default)
2021-11-05 13:00:13,389 [pool-635-thread-1] INFO  server.RaftServerConfigKeys (ConfUtils.java:logGet(44)) - raft.server.log.appender.install.snapshot.enabled = false (custom)
2021-11-05 13:00:13,389 [pool-635-thread-1] INFO  server.RaftServer$Division (ServerState.java:<init>(105)) - f0359a9b-bc21-4a61-b53d-8d2dd84c6fc1@group-95BEF8C5E0E6: ConfigurationManager, init=-1: [f0359a9b-bc21-4a61-b53d-8d2dd84c6fc1|rpc:10.1.0.23:44285|priority:1], old=null, confs=<EMPTY_MAP>
2021-11-05 13:00:13,389 [pool-635-thread-1] INFO  server.RaftServerConfigKeys (ConfUtils.java:logGet(44)) - raft.server.storage.dir = [/home/runner/work/ozone/ozone/hadoop-ozone/integration-test/target/test-dir/MiniOzoneClusterImpl-bdf76210-3e21-404e-9e17-65b92aec9f1a/datanode-6/data/ratis] (custom)
2021-11-05 13:00:13,389 [pool-635-thread-1] INFO  server.RaftServerConfigKeys (ConfUtils.java:logGet(44)) - raft.server.log.corruption.policy = EXCEPTION (default)
2021-11-05 13:00:13,389 [pool-635-thread-1] INFO  server.RaftServerConfigKeys (ConfUtils.java:logGet(44)) - raft.server.storage.free-space.min = 0MB (=0) (default)
2021-11-05 13:00:13,389 [pool-635-thread-1] INFO  storage.RaftStorageDirectory (RaftStorageDirectoryImpl.java:analyzeStorage(135)) - The storage directory /home/runner/work/ozone/ozone/hadoop-ozone/integration-test/target/test-dir/MiniOzoneClusterImpl-bdf76210-3e21-404e-9e17-65b92aec9f1a/datanode-6/data/ratis/d9c3e9e1-c8f8-4483-839d-95bef8c5e0e6 does not exist. Creating ...
2021-11-05 13:00:13,404 [pool-635-thread-1] INFO  storage.RaftStorageDirectory (RaftStorageDirectoryImpl.java:tryLock(230)) - Lock on /home/runner/work/ozone/ozone/hadoop-ozone/integration-test/target/test-dir/MiniOzoneClusterImpl-bdf76210-3e21-404e-9e17-65b92aec9f1a/datanode-6/data/ratis/d9c3e9e1-c8f8-4483-839d-95bef8c5e0e6/in_use.lock acquired by nodename 10214@fv-az151-875
2021-11-05 13:00:13,408 [pool-635-thread-1] INFO  storage.RaftStorage (RaftStorageImpl.java:format(89)) - Storage directory /home/runner/work/ozone/ozone/hadoop-ozone/integration-test/target/test-dir/MiniOzoneClusterImpl-bdf76210-3e21-404e-9e17-65b92aec9f1a/datanode-6/data/ratis/d9c3e9e1-c8f8-4483-839d-95bef8c5e0e6 has been successfully formatted.
2021-11-05 13:00:13,444 [pool-635-thread-1] INFO  ratis.ContainerStateMachine (ContainerStateMachine.java:loadSnapshot(224)) - group-95BEF8C5E0E6: The snapshot info is null. Setting the last applied indexto:(t:0, i:~)
2021-11-05 13:00:13,445 [pool-635-thread-1] INFO  server.RaftServerConfigKeys (ConfUtils.java:logGet(44)) - raft.server.notification.no-leader.timeout = 300000ms (custom)
2021-11-05 13:00:13,445 [pool-635-thread-1] INFO  server.RaftServerConfigKeys (ConfUtils.java:logGet(44)) - raft.server.log.use.memory = false (default)
2021-11-05 13:00:13,445 [pool-635-thread-1] INFO  server.RaftServerConfigKeys (ConfUtils.java:logGet(44)) - raft.server.log.purge.gap = 1000000 (custom)
2021-11-05 13:00:13,445 [pool-635-thread-1] INFO  server.RaftServerConfigKeys (ConfUtils.java:logGet(44)) - raft.server.log.appender.buffer.byte-limit = 33554432 (custom)
2021-11-05 13:00:13,445 [pool-635-thread-1] INFO  server.RaftServerConfigKeys (ConfUtils.java:logGet(44)) - raft.server.log.segment.size.max = 1048576 (custom)
2021-11-05 13:00:13,445 [pool-635-thread-1] INFO  server.RaftServerConfigKeys (ConfUtils.java:logGet(44)) - raft.server.log.segment.cache.num.max = 2 (custom)
2021-11-05 13:00:13,446 [pool-635-thread-1] INFO  server.RaftServerConfigKeys (ConfUtils.java:logGet(44)) - raft.server.log.segment.cache.size.max = 200MB (=209715200) (default)
2021-11-05 13:00:13,446 [pool-635-thread-1] INFO  segmented.SegmentedRaftLogWorker (SegmentedRaftLogWorker.java:<init>(182)) - new f0359a9b-bc21-4a61-b53d-8d2dd84c6fc1@group-95BEF8C5E0E6-SegmentedRaftLogWorker for RaftStorageImpl:Storage Directory /home/runner/work/ozone/ozone/hadoop-ozone/integration-test/target/test-dir/MiniOzoneClusterImpl-bdf76210-3e21-404e-9e17-65b92aec9f1a/datanode-6/data/ratis/d9c3e9e1-c8f8-4483-839d-95bef8c5e0e6
2021-11-05 13:00:13,446 [pool-635-thread-1] INFO  server.RaftServerConfigKeys (ConfUtils.java:logGet(44)) - raft.server.log.queue.byte-limit = 2147483647 (custom)
2021-11-05 13:00:13,446 [pool-635-thread-1] INFO  server.RaftServerConfigKeys (ConfUtils.java:logGet(44)) - raft.server.log.queue.element-limit = 1024 (custom)
2021-11-05 13:00:13,446 [pool-635-thread-1] INFO  server.RaftServerConfigKeys (ConfUtils.java:logGet(44)) - raft.server.log.segment.size.max = 1048576 (custom)
2021-11-05 13:00:13,446 [pool-635-thread-1] INFO  server.RaftServerConfigKeys (ConfUtils.java:logGet(44)) - raft.server.log.preallocated.size = 16384 (custom)
2021-11-05 13:00:13,446 [pool-635-thread-1] INFO  server.RaftServerConfigKeys (ConfUtils.java:logGet(44)) - raft.server.log.force.sync.num = 128 (default)
2021-11-05 13:00:13,446 [pool-635-thread-1] INFO  server.RaftServerConfigKeys (ConfUtils.java:logGet(44)) - raft.server.log.statemachine.data.sync = true (default)
2021-11-05 13:00:13,446 [pool-635-thread-1] INFO  server.RaftServerConfigKeys (ConfUtils.java:logGet(44)) - raft.server.log.statemachine.data.sync.timeout = 10s (default)
2021-11-05 13:00:13,446 [pool-635-thread-1] INFO  server.RaftServerConfigKeys (ConfUtils.java:logGet(44)) - raft.server.log.statemachine.data.sync.timeout.retry = -1 (default)
2021-11-05 13:00:13,447 [pool-635-thread-1] INFO  server.RaftServerConfigKeys (ConfUtils.java:logGet(44)) - raft.server.log.write.buffer.size = 1048576 (custom)
2021-11-05 13:00:13,449 [pool-635-thread-1] INFO  server.RaftServerConfigKeys (ConfUtils.java:logGet(44)) - raft.server.log.statemachine.data.caching.enabled = true (custom)
2021-11-05 13:00:13,449 [pool-635-thread-1] INFO  segmented.SegmentedRaftLogWorker (SegmentedRaftLogWorker.java:lambda$new$0(133)) - f0359a9b-bc21-4a61-b53d-8d2dd84c6fc1@group-95BEF8C5E0E6-SegmentedRaftLogWorker: flushIndex: setUnconditionally 0 -> -1
2021-11-05 13:00:13,449 [pool-635-thread-1] INFO  segmented.SegmentedRaftLogWorker (SegmentedRaftLogWorker.java:lambda$new$0(133)) - f0359a9b-bc21-4a61-b53d-8d2dd84c6fc1@group-95BEF8C5E0E6-SegmentedRaftLogWorker: safeCacheEvictIndex: setUnconditionally 0 -> -1
2021-11-05 13:00:13,449 [pool-635-thread-1] INFO  server.RaftServerConfigKeys (ConfUtils.java:logGet(44)) - raft.server.snapshot.auto.trigger.enabled = true (custom)
2021-11-05 13:00:13,449 [pool-635-thread-1] INFO  server.RaftServerConfigKeys (ConfUtils.java:logGet(44)) - raft.server.snapshot.auto.trigger.threshold = 10000 (custom)
2021-11-05 13:00:13,449 [pool-635-thread-1] INFO  server.RaftServerConfigKeys (ConfUtils.java:logGet(44)) - raft.server.snapshot.retention.file.num = 5 (custom)
2021-11-05 13:00:13,449 [pool-635-thread-1] INFO  server.RaftServerConfigKeys (ConfUtils.java:logGet(44)) - raft.server.log.purge.upto.snapshot.index = false (default)
2021-11-05 13:00:13,449 [pool-635-thread-1] INFO  server.RaftServerConfigKeys (ConfUtils.java:logGet(44)) - raft.server.retrycache.expirytime = 600000ms (custom)
2021-11-05 13:00:13,449 [pool-635-thread-1] INFO  server.RaftServerConfigKeys (ConfUtils.java:logGet(44)) - raft.server.retrycache.statistics.expirytime = 100μs (default)
2021-11-05 13:00:13,451 [pool-635-thread-1] INFO  server.RaftServer$Division (RaftServerImpl.java:start(301)) - f0359a9b-bc21-4a61-b53d-8d2dd84c6fc1@group-95BEF8C5E0E6: start as a follower, conf=-1: [f0359a9b-bc21-4a61-b53d-8d2dd84c6fc1|rpc:10.1.0.23:44285|priority:1], old=null
2021-11-05 13:00:13,451 [pool-635-thread-1] INFO  server.RaftServer$Division (RaftServerImpl.java:setRole(290)) - f0359a9b-bc21-4a61-b53d-8d2dd84c6fc1@group-95BEF8C5E0E6: changes role from      null to FOLLOWER at term 0 for startAsFollower
2021-11-05 13:00:13,451 [pool-635-thread-1] INFO  impl.RoleInfo (RoleInfo.java:updateAndGet(130)) - f0359a9b-bc21-4a61-b53d-8d2dd84c6fc1: start f0359a9b-bc21-4a61-b53d-8d2dd84c6fc1@group-95BEF8C5E0E6-FollowerState
2021-11-05 13:00:13,457 [pool-635-thread-1] INFO  util.JmxRegister (JmxRegister.java:tryRegister(44)) - Successfully registered JMX Bean with object name Ratis:service=RaftServer,group=group-95BEF8C5E0E6,id=f0359a9b-bc21-4a61-b53d-8d2dd84c6fc1
2021-11-05 13:00:13,458 [Command processor thread] INFO  ratis.XceiverServerRatis (XceiverServerRatis.java:addGroup(768)) - Created group PipelineID=d9c3e9e1-c8f8-4483-839d-95bef8c5e0e6
2021-11-05 13:00:13,458 [Command processor thread] INFO  commandhandler.CreatePipelineCommandHandler (CreatePipelineCommandHandler.java:handle(106)) - Created Pipeline RATIS ONE PipelineID=d9c3e9e1-c8f8-4483-839d-95bef8c5e0e6.
2021-11-05 13:00:13,493 [EventQueue-PipelineReportForPipelineReportHandler] INFO  pipeline.PipelineManagerImpl (PipelineManagerImpl.java:openPipeline(289)) - Pipeline Pipeline[ Id: d9c3e9e1-c8f8-4483-839d-95bef8c5e0e6, Nodes: f0359a9b-bc21-4a61-b53d-8d2dd84c6fc1{ip: 10.1.0.23, host: fv-az151-875.yf2hydr00wburbhx3j5hxtcipe.bx.internal.cloudapp.net, ports: [REPLICATION=42685, RATIS=44285, RATIS_ADMIN=44285, RATIS_SERVER=44285, STANDALONE=43041], networkLocation: /default-rack, certSerialId: null, persistedOpState: IN_SERVICE, persistedOpStateExpiryEpochSec: 0}, ReplicationConfig: RATIS/ONE, State:ALLOCATED, leaderId:f0359a9b-bc21-4a61-b53d-8d2dd84c6fc1, CreationTimestamp2021-11-05T13:00:10.358Z[Etc/UTC]] moved to OPEN state
2021-11-05 13:00:13,496 [EventQueue-OpenPipelineForHealthyPipelineSafeModeRule] INFO  safemode.SCMSafeModeManager (HealthyPipelineSafeModeRule.java:process(124)) - SCM in safe mode. Healthy pipelines reported count is 0, required healthy pipeline reported count is 1
2021-11-05 13:00:13,600 [76ef4e66-eace-4a3b-a369-d2a815523a61@group-22F5320889A7-FollowerState] INFO  impl.FollowerState (FollowerState.java:run(134)) - 76ef4e66-eace-4a3b-a369-d2a815523a61@group-22F5320889A7-FollowerState: change to CANDIDATE, lastRpcElapsedTime:5214300452ns, electionTimeout:5156ms
2021-11-05 13:00:13,600 [76ef4e66-eace-4a3b-a369-d2a815523a61@group-22F5320889A7-FollowerState] INFO  impl.RoleInfo (RoleInfo.java:shutdownFollowerState(108)) - 76ef4e66-eace-4a3b-a369-d2a815523a61: shutdown 76ef4e66-eace-4a3b-a369-d2a815523a61@group-22F5320889A7-FollowerState
2021-11-05 13:00:13,600 [76ef4e66-eace-4a3b-a369-d2a815523a61@group-22F5320889A7-FollowerState] INFO  server.RaftServer$Division (RaftServerImpl.java:setRole(290)) - 76ef4e66-eace-4a3b-a369-d2a815523a61@group-22F5320889A7: changes role from  FOLLOWER to CANDIDATE at term 0 for changeToCandidate
2021-11-05 13:00:13,600 [76ef4e66-eace-4a3b-a369-d2a815523a61@group-22F5320889A7-FollowerState] INFO  server.RaftServerConfigKeys (ConfUtils.java:logGet(44)) - raft.server.leaderelection.pre-vote = false (custom)
2021-11-05 13:00:13,600 [76ef4e66-eace-4a3b-a369-d2a815523a61@group-22F5320889A7-FollowerState] INFO  impl.RoleInfo (RoleInfo.java:updateAndGet(130)) - 76ef4e66-eace-4a3b-a369-d2a815523a61: start 76ef4e66-eace-4a3b-a369-d2a815523a61@group-22F5320889A7-LeaderElection89
2021-11-05 13:00:13,639 [3ae4cb20-15ad-4779-a013-5b0fdc3aaee7@group-22F5320889A7-FollowerState] INFO  impl.FollowerState (FollowerState.java:run(134)) - 3ae4cb20-15ad-4779-a013-5b0fdc3aaee7@group-22F5320889A7-FollowerState: change to CANDIDATE, lastRpcElapsedTime:5028127643ns, electionTimeout:5026ms
2021-11-05 13:00:13,639 [3ae4cb20-15ad-4779-a013-5b0fdc3aaee7@group-22F5320889A7-FollowerState] INFO  impl.RoleInfo (RoleInfo.java:shutdownFollowerState(108)) - 3ae4cb20-15ad-4779-a013-5b0fdc3aaee7: shutdown 3ae4cb20-15ad-4779-a013-5b0fdc3aaee7@group-22F5320889A7-FollowerState
2021-11-05 13:00:13,639 [3ae4cb20-15ad-4779-a013-5b0fdc3aaee7@group-22F5320889A7-FollowerState] INFO  server.RaftServer$Division (RaftServerImpl.java:setRole(290)) - 3ae4cb20-15ad-4779-a013-5b0fdc3aaee7@group-22F5320889A7: changes role from  FOLLOWER to CANDIDATE at term 0 for changeToCandidate
2021-11-05 13:00:13,668 [3ae4cb20-15ad-4779-a013-5b0fdc3aaee7@group-22F5320889A7-FollowerState] INFO  server.RaftServerConfigKeys (ConfUtils.java:logGet(44)) - raft.server.leaderelection.pre-vote = false (custom)
2021-11-05 13:00:13,668 [3ae4cb20-15ad-4779-a013-5b0fdc3aaee7@group-22F5320889A7-FollowerState] INFO  impl.RoleInfo (RoleInfo.java:updateAndGet(130)) - 3ae4cb20-15ad-4779-a013-5b0fdc3aaee7: start 3ae4cb20-15ad-4779-a013-5b0fdc3aaee7@group-22F5320889A7-LeaderElection90
2021-11-05 13:00:13,669 [76ef4e66-eace-4a3b-a369-d2a815523a61@group-22F5320889A7-LeaderElection89] INFO  impl.LeaderElection (LeaderElection.java:askForVotes(306)) - 76ef4e66-eace-4a3b-a369-d2a815523a61@group-22F5320889A7-LeaderElection89 ELECTION round 0: submit vote requests at term 1 for -1: [76ef4e66-eace-4a3b-a369-d2a815523a61|rpc:10.1.0.23:41987|priority:0, fa45fd2a-a6ef-4106-9a44-777d17a8e8f4|rpc:10.1.0.23:43989|priority:1, 3ae4cb20-15ad-4779-a013-5b0fdc3aaee7|rpc:10.1.0.23:35115|priority:0], old=null
2021-11-05 13:00:13,677 [grpc-default-executor-3] INFO  server.RaftServer$Division (RaftServerImpl.java:requestVote(1046)) - fa45fd2a-a6ef-4106-9a44-777d17a8e8f4@group-22F5320889A7: receive requestVote(ELECTION, 76ef4e66-eace-4a3b-a369-d2a815523a61, group-22F5320889A7, 1, (t:0, i:0))
2021-11-05 13:00:13,677 [grpc-default-executor-3] INFO  impl.VoteContext (VoteContext.java:log(48)) - fa45fd2a-a6ef-4106-9a44-777d17a8e8f4@group-22F5320889A7-FOLLOWER: reject ELECTION from 76ef4e66-eace-4a3b-a369-d2a815523a61: our priority 1 > candidate's priority 0
2021-11-05 13:00:13,677 [grpc-default-executor-3] INFO  server.RaftServer$Division (RaftServerImpl.java:setRole(290)) - fa45fd2a-a6ef-4106-9a44-777d17a8e8f4@group-22F5320889A7: changes role from  FOLLOWER to FOLLOWER at term 1 for candidate:76ef4e66-eace-4a3b-a369-d2a815523a61
2021-11-05 13:00:13,677 [grpc-default-executor-3] INFO  impl.RoleInfo (RoleInfo.java:shutdownFollowerState(108)) - fa45fd2a-a6ef-4106-9a44-777d17a8e8f4: shutdown fa45fd2a-a6ef-4106-9a44-777d17a8e8f4@group-22F5320889A7-FollowerState
2021-11-05 13:00:13,683 [3ae4cb20-15ad-4779-a013-5b0fdc3aaee7@group-22F5320889A7-LeaderElection90] INFO  impl.LeaderElection (LeaderElection.java:askForVotes(306)) - 3ae4cb20-15ad-4779-a013-5b0fdc3aaee7@group-22F5320889A7-LeaderElection90 ELECTION round 0: submit vote requests at term 1 for -1: [76ef4e66-eace-4a3b-a369-d2a815523a61|rpc:10.1.0.23:41987|dataStream:|priority:0, fa45fd2a-a6ef-4106-9a44-777d17a8e8f4|rpc:10.1.0.23:43989|dataStream:|priority:1, 3ae4cb20-15ad-4779-a013-5b0fdc3aaee7|rpc:10.1.0.23:35115|dataStream:|priority:0], old=null
2021-11-05 13:00:13,728 [grpc-default-executor-3] INFO  impl.RoleInfo (RoleInfo.java:updateAndGet(130)) - fa45fd2a-a6ef-4106-9a44-777d17a8e8f4: start fa45fd2a-a6ef-4106-9a44-777d17a8e8f4@group-22F5320889A7-FollowerState
2021-11-05 13:00:13,729 [grpc-default-executor-4] INFO  server.RaftServer$Division (RaftServerImpl.java:requestVote(1046)) - 3ae4cb20-15ad-4779-a013-5b0fdc3aaee7@group-22F5320889A7: receive requestVote(ELECTION, 76ef4e66-eace-4a3b-a369-d2a815523a61, group-22F5320889A7, 1, (t:0, i:0))
2021-11-05 13:00:13,729 [grpc-default-executor-4] INFO  impl.VoteContext (VoteContext.java:log(48)) - 3ae4cb20-15ad-4779-a013-5b0fdc3aaee7@group-22F5320889A7-CANDIDATE: reject ELECTION from 76ef4e66-eace-4a3b-a369-d2a815523a61: already has voted for 3ae4cb20-15ad-4779-a013-5b0fdc3aaee7 at current term 1
2021-11-05 13:00:13,729 [grpc-default-executor-4] INFO  server.RaftServer$Division (RaftServerImpl.java:requestVote(1078)) - 3ae4cb20-15ad-4779-a013-5b0fdc3aaee7@group-22F5320889A7 replies to ELECTION vote request: 76ef4e66-eace-4a3b-a369-d2a815523a61<-3ae4cb20-15ad-4779-a013-5b0fdc3aaee7#0:FAIL-t1. Peer's state: 3ae4cb20-15ad-4779-a013-5b0fdc3aaee7@group-22F5320889A7:t1, leader=null, voted=3ae4cb20-15ad-4779-a013-5b0fdc3aaee7, raftlog=3ae4cb20-15ad-4779-a013-5b0fdc3aaee7@group-22F5320889A7-SegmentedRaftLog:OPENED:c-1, conf=-1: [76ef4e66-eace-4a3b-a369-d2a815523a61|rpc:10.1.0.23:41987|dataStream:|priority:0, fa45fd2a-a6ef-4106-9a44-777d17a8e8f4|rpc:10.1.0.23:43989|dataStream:|priority:1, 3ae4cb20-15ad-4779-a013-5b0fdc3aaee7|rpc:10.1.0.23:35115|dataStream:|priority:0], old=null
2021-11-05 13:00:13,737 [fa45fd2a-a6ef-4106-9a44-777d17a8e8f4@group-22F5320889A7-FollowerState] INFO  impl.FollowerState (FollowerState.java:run(143)) - fa45fd2a-a6ef-4106-9a44-777d17a8e8f4@group-22F5320889A7-FollowerState was interrupted: {}
java.lang.InterruptedException: sleep interrupted
	at java.lang.Thread.sleep(Native Method)
	at java.lang.Thread.sleep(Thread.java:340)
	at java.util.concurrent.TimeUnit.sleep(TimeUnit.java:386)
	at org.apache.ratis.util.TimeDuration.sleep(TimeDuration.java:324)
	at org.apache.ratis.util.TimeDuration.sleep(TimeDuration.java:309)
	at org.apache.ratis.server.impl.FollowerState.run(FollowerState.java:118)
2021-11-05 13:00:13,738 [grpc-default-executor-3] INFO  server.RaftServer$Division (RaftServerImpl.java:requestVote(1078)) - fa45fd2a-a6ef-4106-9a44-777d17a8e8f4@group-22F5320889A7 replies to ELECTION vote request: 76ef4e66-eace-4a3b-a369-d2a815523a61<-fa45fd2a-a6ef-4106-9a44-777d17a8e8f4#0:FAIL-t1. Peer's state: fa45fd2a-a6ef-4106-9a44-777d17a8e8f4@group-22F5320889A7:t1, leader=null, voted=null, raftlog=fa45fd2a-a6ef-4106-9a44-777d17a8e8f4@group-22F5320889A7-SegmentedRaftLog:OPENED:c-1, conf=-1: [76ef4e66-eace-4a3b-a369-d2a815523a61|rpc:10.1.0.23:41987|dataStream:|priority:0, fa45fd2a-a6ef-4106-9a44-777d17a8e8f4|rpc:10.1.0.23:43989|dataStream:|priority:1, 3ae4cb20-15ad-4779-a013-5b0fdc3aaee7|rpc:10.1.0.23:35115|dataStream:|priority:0], old=null
2021-11-05 13:00:13,739 [grpc-default-executor-3] INFO  server.RaftServer$Division (RaftServerImpl.java:requestVote(1046)) - 76ef4e66-eace-4a3b-a369-d2a815523a61@group-22F5320889A7: receive requestVote(ELECTION, 3ae4cb20-15ad-4779-a013-5b0fdc3aaee7, group-22F5320889A7, 1, (t:0, i:0))
2021-11-05 13:00:13,739 [grpc-default-executor-3] INFO  impl.VoteContext (VoteContext.java:log(48)) - 76ef4e66-eace-4a3b-a369-d2a815523a61@group-22F5320889A7-CANDIDATE: reject ELECTION from 3ae4cb20-15ad-4779-a013-5b0fdc3aaee7: already has voted for 76ef4e66-eace-4a3b-a369-d2a815523a61 at current term 1
2021-11-05 13:00:13,739 [grpc-default-executor-3] INFO  server.RaftServer$Division (RaftServerImpl.java:requestVote(1078)) - 76ef4e66-eace-4a3b-a369-d2a815523a61@group-22F5320889A7 replies to ELECTION vote request: 3ae4cb20-15ad-4779-a013-5b0fdc3aaee7<-76ef4e66-eace-4a3b-a369-d2a815523a61#0:FAIL-t1. Peer's state: 76ef4e66-eace-4a3b-a369-d2a815523a61@group-22F5320889A7:t1, leader=null, voted=76ef4e66-eace-4a3b-a369-d2a815523a61, raftlog=76ef4e66-eace-4a3b-a369-d2a815523a61@group-22F5320889A7-SegmentedRaftLog:OPENED:c-1, conf=-1: [76ef4e66-eace-4a3b-a369-d2a815523a61|rpc:10.1.0.23:41987|priority:0, fa45fd2a-a6ef-4106-9a44-777d17a8e8f4|rpc:10.1.0.23:43989|priority:1, 3ae4cb20-15ad-4779-a013-5b0fdc3aaee7|rpc:10.1.0.23:35115|priority:0], old=null
2021-11-05 13:00:13,740 [76ef4e66-eace-4a3b-a369-d2a815523a61@group-22F5320889A7-LeaderElection89] INFO  impl.LeaderElection (LeaderElection.java:logAndReturn(89)) - 76ef4e66-eace-4a3b-a369-d2a815523a61@group-22F5320889A7-LeaderElection89: ELECTION REJECTED received 2 response(s) and 0 exception(s):
2021-11-05 13:00:13,740 [76ef4e66-eace-4a3b-a369-d2a815523a61@group-22F5320889A7-LeaderElection89] INFO  impl.LeaderElection (LeaderElection.java:logAndReturn(93)) -   Response 0: 76ef4e66-eace-4a3b-a369-d2a815523a61<-fa45fd2a-a6ef-4106-9a44-777d17a8e8f4#0:FAIL-t1
2021-11-05 13:00:13,740 [76ef4e66-eace-4a3b-a369-d2a815523a61@group-22F5320889A7-LeaderElection89] INFO  impl.LeaderElection (LeaderElection.java:logAndReturn(93)) -   Response 1: 76ef4e66-eace-4a3b-a369-d2a815523a61<-3ae4cb20-15ad-4779-a013-5b0fdc3aaee7#0:FAIL-t1
2021-11-05 13:00:13,740 [76ef4e66-eace-4a3b-a369-d2a815523a61@group-22F5320889A7-LeaderElection89] INFO  impl.LeaderElection (LeaderElection.java:askForVotes(308)) - 76ef4e66-eace-4a3b-a369-d2a815523a61@group-22F5320889A7-LeaderElection89 ELECTION round 0: result REJECTED
2021-11-05 13:00:13,740 [76ef4e66-eace-4a3b-a369-d2a815523a61@group-22F5320889A7-LeaderElection89] INFO  server.RaftServer$Division (RaftServerImpl.java:setRole(290)) - 76ef4e66-eace-4a3b-a369-d2a815523a61@group-22F5320889A7: changes role from CANDIDATE to FOLLOWER at term 1 for REJECTED
2021-11-05 13:00:13,740 [76ef4e66-eace-4a3b-a369-d2a815523a61@group-22F5320889A7-LeaderElection89] INFO  impl.RoleInfo (RoleInfo.java:shutdownLeaderElection(121)) - 76ef4e66-eace-4a3b-a369-d2a815523a61: shutdown 76ef4e66-eace-4a3b-a369-d2a815523a61@group-22F5320889A7-LeaderElection89
2021-11-05 13:00:13,740 [76ef4e66-eace-4a3b-a369-d2a815523a61@group-22F5320889A7-LeaderElection89] INFO  impl.RoleInfo (RoleInfo.java:updateAndGet(130)) - 76ef4e66-eace-4a3b-a369-d2a815523a61: start 76ef4e66-eace-4a3b-a369-d2a815523a61@group-22F5320889A7-FollowerState
2021-11-05 13:00:13,784 [grpc-default-executor-3] INFO  server.RaftServer$Division (RaftServerImpl.java:requestVote(1046)) - fa45fd2a-a6ef-4106-9a44-777d17a8e8f4@group-22F5320889A7: receive requestVote(ELECTION, 3ae4cb20-15ad-4779-a013-5b0fdc3aaee7, group-22F5320889A7, 1, (t:0, i:0))
2021-11-05 13:00:13,784 [grpc-default-executor-3] INFO  impl.VoteContext (VoteContext.java:log(48)) - fa45fd2a-a6ef-4106-9a44-777d17a8e8f4@group-22F5320889A7-FOLLOWER: reject ELECTION from 3ae4cb20-15ad-4779-a013-5b0fdc3aaee7: our priority 1 > candidate's priority 0
2021-11-05 13:00:13,784 [grpc-default-executor-3] INFO  server.RaftServer$Division (RaftServerImpl.java:setRole(290)) - fa45fd2a-a6ef-4106-9a44-777d17a8e8f4@group-22F5320889A7: changes role from  FOLLOWER to FOLLOWER at term 1 for candidate:3ae4cb20-15ad-4779-a013-5b0fdc3aaee7
2021-11-05 13:00:13,784 [grpc-default-executor-3] INFO  impl.RoleInfo (RoleInfo.java:shutdownFollowerState(108)) - fa45fd2a-a6ef-4106-9a44-777d17a8e8f4: shutdown fa45fd2a-a6ef-4106-9a44-777d17a8e8f4@group-22F5320889A7-FollowerState
2021-11-05 13:00:13,785 [grpc-default-executor-3] INFO  impl.RoleInfo (RoleInfo.java:updateAndGet(130)) - fa45fd2a-a6ef-4106-9a44-777d17a8e8f4: start fa45fd2a-a6ef-4106-9a44-777d17a8e8f4@group-22F5320889A7-FollowerState
2021-11-05 13:00:13,785 [fa45fd2a-a6ef-4106-9a44-777d17a8e8f4@group-22F5320889A7-FollowerState] INFO  impl.FollowerState (FollowerState.java:run(143)) - fa45fd2a-a6ef-4106-9a44-777d17a8e8f4@group-22F5320889A7-FollowerState was interrupted: {}
java.lang.InterruptedException: sleep interrupted
	at java.lang.Thread.sleep(Native Method)
	at java.lang.Thread.sleep(Thread.java:340)
	at java.util.concurrent.TimeUnit.sleep(TimeUnit.java:386)
	at org.apache.ratis.util.TimeDuration.sleep(TimeDuration.java:324)
	at org.apache.ratis.util.TimeDuration.sleep(TimeDuration.java:309)
	at org.apache.ratis.server.impl.FollowerState.run(FollowerState.java:118)
2021-11-05 13:00:13,788 [grpc-default-executor-3] INFO  server.RaftServer$Division (RaftServerImpl.java:requestVote(1078)) - fa45fd2a-a6ef-4106-9a44-777d17a8e8f4@group-22F5320889A7 replies to ELECTION vote request: 3ae4cb20-15ad-4779-a013-5b0fdc3aaee7<-fa45fd2a-a6ef-4106-9a44-777d17a8e8f4#0:FAIL-t1. Peer's state: fa45fd2a-a6ef-4106-9a44-777d17a8e8f4@group-22F5320889A7:t1, leader=null, voted=null, raftlog=fa45fd2a-a6ef-4106-9a44-777d17a8e8f4@group-22F5320889A7-SegmentedRaftLog:OPENED:c-1, conf=-1: [76ef4e66-eace-4a3b-a369-d2a815523a61|rpc:10.1.0.23:41987|dataStream:|priority:0, fa45fd2a-a6ef-4106-9a44-777d17a8e8f4|rpc:10.1.0.23:43989|dataStream:|priority:1, 3ae4cb20-15ad-4779-a013-5b0fdc3aaee7|rpc:10.1.0.23:35115|dataStream:|priority:0], old=null
2021-11-05 13:00:13,790 [3ae4cb20-15ad-4779-a013-5b0fdc3aaee7@group-22F5320889A7-LeaderElection90] INFO  impl.LeaderElection (LeaderElection.java:logAndReturn(89)) - 3ae4cb20-15ad-4779-a013-5b0fdc3aaee7@group-22F5320889A7-LeaderElection90: ELECTION REJECTED received 2 response(s) and 0 exception(s):
2021-11-05 13:00:13,790 [3ae4cb20-15ad-4779-a013-5b0fdc3aaee7@group-22F5320889A7-LeaderElection90] INFO  impl.LeaderElection (LeaderElection.java:logAndReturn(93)) -   Response 0: 3ae4cb20-15ad-4779-a013-5b0fdc3aaee7<-76ef4e66-eace-4a3b-a369-d2a815523a61#0:FAIL-t1
2021-11-05 13:00:13,790 [3ae4cb20-15ad-4779-a013-5b0fdc3aaee7@group-22F5320889A7-LeaderElection90] INFO  impl.LeaderElection (LeaderElection.java:logAndReturn(93)) -   Response 1: 3ae4cb20-15ad-4779-a013-5b0fdc3aaee7<-fa45fd2a-a6ef-4106-9a44-777d17a8e8f4#0:FAIL-t1
2021-11-05 13:00:13,790 [3ae4cb20-15ad-4779-a013-5b0fdc3aaee7@group-22F5320889A7-LeaderElection90] INFO  impl.LeaderElection (LeaderElection.java:askForVotes(308)) - 3ae4cb20-15ad-4779-a013-5b0fdc3aaee7@group-22F5320889A7-LeaderElection90 ELECTION round 0: result REJECTED
2021-11-05 13:00:13,790 [3ae4cb20-15ad-4779-a013-5b0fdc3aaee7@group-22F5320889A7-LeaderElection90] INFO  server.RaftServer$Division (RaftServerImpl.java:setRole(290)) - 3ae4cb20-15ad-4779-a013-5b0fdc3aaee7@group-22F5320889A7: changes role from CANDIDATE to FOLLOWER at term 1 for REJECTED
2021-11-05 13:00:13,790 [3ae4cb20-15ad-4779-a013-5b0fdc3aaee7@group-22F5320889A7-LeaderElection90] INFO  impl.RoleInfo (RoleInfo.java:shutdownLeaderElection(121)) - 3ae4cb20-15ad-4779-a013-5b0fdc3aaee7: shutdown 3ae4cb20-15ad-4779-a013-5b0fdc3aaee7@group-22F5320889A7-LeaderElection90
2021-11-05 13:00:13,790 [3ae4cb20-15ad-4779-a013-5b0fdc3aaee7@group-22F5320889A7-LeaderElection90] INFO  impl.RoleInfo (RoleInfo.java:updateAndGet(130)) - 3ae4cb20-15ad-4779-a013-5b0fdc3aaee7: start 3ae4cb20-15ad-4779-a013-5b0fdc3aaee7@group-22F5320889A7-FollowerState
2021-11-05 13:00:13,980 [76ef4e66-eace-4a3b-a369-d2a815523a61@group-46A48FF2B846-FollowerState] INFO  impl.FollowerState (FollowerState.java:run(134)) - 76ef4e66-eace-4a3b-a369-d2a815523a61@group-46A48FF2B846-FollowerState: change to CANDIDATE, lastRpcElapsedTime:5102789055ns, electionTimeout:5076ms
2021-11-05 13:00:13,980 [76ef4e66-eace-4a3b-a369-d2a815523a61@group-46A48FF2B846-FollowerState] INFO  impl.RoleInfo (RoleInfo.java:shutdownFollowerState(108)) - 76ef4e66-eace-4a3b-a369-d2a815523a61: shutdown 76ef4e66-eace-4a3b-a369-d2a815523a61@group-46A48FF2B846-FollowerState
2021-11-05 13:00:13,980 [76ef4e66-eace-4a3b-a369-d2a815523a61@group-46A48FF2B846-FollowerState] INFO  server.RaftServer$Division (RaftServerImpl.java:setRole(290)) - 76ef4e66-eace-4a3b-a369-d2a815523a61@group-46A48FF2B846: changes role from  FOLLOWER to CANDIDATE at term 0 for changeToCandidate
2021-11-05 13:00:13,980 [76ef4e66-eace-4a3b-a369-d2a815523a61@group-46A48FF2B846-FollowerState] INFO  server.RaftServerConfigKeys (ConfUtils.java:logGet(44)) - raft.server.leaderelection.pre-vote = false (custom)
2021-11-05 13:00:13,980 [76ef4e66-eace-4a3b-a369-d2a815523a61@group-46A48FF2B846-FollowerState] INFO  impl.RoleInfo (RoleInfo.java:updateAndGet(130)) - 76ef4e66-eace-4a3b-a369-d2a815523a61: start 76ef4e66-eace-4a3b-a369-d2a815523a61@group-46A48FF2B846-LeaderElection91
2021-11-05 13:00:14,018 [76ef4e66-eace-4a3b-a369-d2a815523a61@group-46A48FF2B846-LeaderElection91] INFO  impl.LeaderElection (LeaderElection.java:askForVotes(306)) - 76ef4e66-eace-4a3b-a369-d2a815523a61@group-46A48FF2B846-LeaderElection91 ELECTION round 0: submit vote requests at term 1 for -1: [76ef4e66-eace-4a3b-a369-d2a815523a61|rpc:10.1.0.23:41987|priority:1, fa45fd2a-a6ef-4106-9a44-777d17a8e8f4|rpc:10.1.0.23:43989|priority:0, 3ae4cb20-15ad-4779-a013-5b0fdc3aaee7|rpc:10.1.0.23:35115|priority:0], old=null
2021-11-05 13:00:14,025 [grpc-default-executor-3] INFO  server.RaftServer$Division (RaftServerImpl.java:requestVote(1046)) - fa45fd2a-a6ef-4106-9a44-777d17a8e8f4@group-46A48FF2B846: receive requestVote(ELECTION, 76ef4e66-eace-4a3b-a369-d2a815523a61, group-46A48FF2B846, 1, (t:0, i:0))
2021-11-05 13:00:14,025 [grpc-default-executor-3] INFO  impl.VoteContext (VoteContext.java:log(48)) - fa45fd2a-a6ef-4106-9a44-777d17a8e8f4@group-46A48FF2B846-FOLLOWER: accept ELECTION from 76ef4e66-eace-4a3b-a369-d2a815523a61: our priority 0 <= candidate's priority 1
2021-11-05 13:00:14,025 [grpc-default-executor-3] INFO  server.RaftServer$Division (RaftServerImpl.java:setRole(290)) - fa45fd2a-a6ef-4106-9a44-777d17a8e8f4@group-46A48FF2B846: changes role from  FOLLOWER to FOLLOWER at term 1 for candidate:76ef4e66-eace-4a3b-a369-d2a815523a61
2021-11-05 13:00:14,025 [grpc-default-executor-3] INFO  impl.RoleInfo (RoleInfo.java:shutdownFollowerState(108)) - fa45fd2a-a6ef-4106-9a44-777d17a8e8f4: shutdown fa45fd2a-a6ef-4106-9a44-777d17a8e8f4@group-46A48FF2B846-FollowerState
2021-11-05 13:00:14,028 [grpc-default-executor-1] INFO  server.RaftServer$Division (RaftServerImpl.java:requestVote(1046)) - 3ae4cb20-15ad-4779-a013-5b0fdc3aaee7@group-46A48FF2B846: receive requestVote(ELECTION, 76ef4e66-eace-4a3b-a369-d2a815523a61, group-46A48FF2B846, 1, (t:0, i:0))
2021-11-05 13:00:14,029 [grpc-default-executor-1] INFO  impl.VoteContext (VoteContext.java:log(48)) - 3ae4cb20-15ad-4779-a013-5b0fdc3aaee7@group-46A48FF2B846-FOLLOWER: accept ELECTION from 76ef4e66-eace-4a3b-a369-d2a815523a61: our priority 0 <= candidate's priority 1
2021-11-05 13:00:14,029 [grpc-default-executor-1] INFO  server.RaftServer$Division (RaftServerImpl.java:setRole(290)) - 3ae4cb20-15ad-4779-a013-5b0fdc3aaee7@group-46A48FF2B846: changes role from  FOLLOWER to FOLLOWER at term 1 for candidate:76ef4e66-eace-4a3b-a369-d2a815523a61
2021-11-05 13:00:14,029 [grpc-default-executor-1] INFO  impl.RoleInfo (RoleInfo.java:shutdownFollowerState(108)) - 3ae4cb20-15ad-4779-a013-5b0fdc3aaee7: shutdown 3ae4cb20-15ad-4779-a013-5b0fdc3aaee7@group-46A48FF2B846-FollowerState
2021-11-05 13:00:14,029 [grpc-default-executor-1] INFO  impl.RoleInfo (RoleInfo.java:updateAndGet(130)) - 3ae4cb20-15ad-4779-a013-5b0fdc3aaee7: start 3ae4cb20-15ad-4779-a013-5b0fdc3aaee7@group-46A48FF2B846-FollowerState
2021-11-05 13:00:14,029 [3ae4cb20-15ad-4779-a013-5b0fdc3aaee7@group-46A48FF2B846-FollowerState] INFO  impl.FollowerState (FollowerState.java:run(143)) - 3ae4cb20-15ad-4779-a013-5b0fdc3aaee7@group-46A48FF2B846-FollowerState was interrupted: {}
java.lang.InterruptedException: sleep interrupted
	at java.lang.Thread.sleep(Native Method)
	at java.lang.Thread.sleep(Thread.java:340)
	at java.util.concurrent.TimeUnit.sleep(TimeUnit.java:386)
	at org.apache.ratis.util.TimeDuration.sleep(TimeDuration.java:324)
	at org.apache.ratis.util.TimeDuration.sleep(TimeDuration.java:309)
	at org.apache.ratis.server.impl.FollowerState.run(FollowerState.java:118)
2021-11-05 13:00:14,040 [grpc-default-executor-1] INFO  server.RaftServer$Division (RaftServerImpl.java:requestVote(1078)) - 3ae4cb20-15ad-4779-a013-5b0fdc3aaee7@group-46A48FF2B846 replies to ELECTION vote request: 76ef4e66-eace-4a3b-a369-d2a815523a61<-3ae4cb20-15ad-4779-a013-5b0fdc3aaee7#0:OK-t1. Peer's state: 3ae4cb20-15ad-4779-a013-5b0fdc3aaee7@group-46A48FF2B846:t1, leader=null, voted=76ef4e66-eace-4a3b-a369-d2a815523a61, raftlog=3ae4cb20-15ad-4779-a013-5b0fdc3aaee7@group-46A48FF2B846-SegmentedRaftLog:OPENED:c-1, conf=-1: [76ef4e66-eace-4a3b-a369-d2a815523a61|rpc:10.1.0.23:41987|dataStream:|priority:1, fa45fd2a-a6ef-4106-9a44-777d17a8e8f4|rpc:10.1.0.23:43989|dataStream:|priority:0, 3ae4cb20-15ad-4779-a013-5b0fdc3aaee7|rpc:10.1.0.23:35115|dataStream:|priority:0], old=null
2021-11-05 13:00:14,040 [76ef4e66-eace-4a3b-a369-d2a815523a61@group-46A48FF2B846-LeaderElection91] INFO  impl.LeaderElection (LeaderElection.java:logAndReturn(89)) - 76ef4e66-eace-4a3b-a369-d2a815523a61@group-46A48FF2B846-LeaderElection91: ELECTION PASSED received 1 response(s) and 0 exception(s):
2021-11-05 13:00:14,041 [76ef4e66-eace-4a3b-a369-d2a815523a61@group-46A48FF2B846-LeaderElection91] INFO  impl.LeaderElection (LeaderElection.java:logAndReturn(93)) -   Response 0: 76ef4e66-eace-4a3b-a369-d2a815523a61<-3ae4cb20-15ad-4779-a013-5b0fdc3aaee7#0:OK-t1
2021-11-05 13:00:14,041 [76ef4e66-eace-4a3b-a369-d2a815523a61@group-46A48FF2B846-LeaderElection91] INFO  impl.LeaderElection (LeaderElection.java:askForVotes(308)) - 76ef4e66-eace-4a3b-a369-d2a815523a61@group-46A48FF2B846-LeaderElection91 ELECTION round 0: result PASSED
2021-11-05 13:00:14,041 [76ef4e66-eace-4a3b-a369-d2a815523a61@group-46A48FF2B846-LeaderElection91] INFO  impl.RoleInfo (RoleInfo.java:shutdownLeaderElection(121)) - 76ef4e66-eace-4a3b-a369-d2a815523a61: shutdown 76ef4e66-eace-4a3b-a369-d2a815523a61@group-46A48FF2B846-LeaderElection91
2021-11-05 13:00:14,041 [76ef4e66-eace-4a3b-a369-d2a815523a61@group-46A48FF2B846-LeaderElection91] INFO  server.RaftServer$Division (RaftServerImpl.java:setRole(290)) - 76ef4e66-eace-4a3b-a369-d2a815523a61@group-46A48FF2B846: changes role from CANDIDATE to LEADER at term 1 for changeToLeader
2021-11-05 13:00:14,041 [76ef4e66-eace-4a3b-a369-d2a815523a61@group-46A48FF2B846-LeaderElection91] INFO  ratis.XceiverServerRatis (XceiverServerRatis.java:handleLeaderChangedNotification(866)) - Leader change notification received for group: group-46A48FF2B846 with new leaderId: 76ef4e66-eace-4a3b-a369-d2a815523a61
2021-11-05 13:00:14,041 [76ef4e66-eace-4a3b-a369-d2a815523a61@group-46A48FF2B846-LeaderElection91] INFO  server.RaftServer$Division (ServerState.java:setLeader(285)) - 76ef4e66-eace-4a3b-a369-d2a815523a61@group-46A48FF2B846: change Leader from null to 76ef4e66-eace-4a3b-a369-d2a815523a61 at term 1 for becomeLeader, leader elected after 5177ms
2021-11-05 13:00:14,041 [76ef4e66-eace-4a3b-a369-d2a815523a61@group-46A48FF2B846-LeaderElection91] INFO  server.RaftServerConfigKeys (ConfUtils.java:logGet(44)) - raft.server.staging.catchup.gap = 1000 (default)
2021-11-05 13:00:14,041 [76ef4e66-eace-4a3b-a369-d2a815523a61@group-46A48FF2B846-LeaderElection91] INFO  server.RaftServerConfigKeys (ConfUtils.java:logGet(44)) - raft.server.write.element-limit = 1024 (custom)
2021-11-05 13:00:14,041 [76ef4e66-eace-4a3b-a369-d2a815523a61@group-46A48FF2B846-LeaderElection91] INFO  server.RaftServerConfigKeys (ConfUtils.java:logGet(44)) - raft.server.write.byte-limit = 1024 M (=1073741824) (custom)
2021-11-05 13:00:14,042 [76ef4e66-eace-4a3b-a369-d2a815523a61@group-46A48FF2B846-LeaderElection91] INFO  server.RaftServerConfigKeys (ConfUtils.java:logGet(44)) - raft.server.watch.timeout = 3000ms (custom)
2021-11-05 13:00:14,042 [76ef4e66-eace-4a3b-a369-d2a815523a61@group-46A48FF2B846-LeaderElection91] INFO  server.RaftServerConfigKeys (ConfUtils.java:logGet(44)) - raft.server.watch.timeout.denomination = 1s (default)
2021-11-05 13:00:14,042 [76ef4e66-eace-4a3b-a369-d2a815523a61@group-46A48FF2B846-LeaderElection91] INFO  server.RaftServerConfigKeys (ConfUtils.java:logGet(44)) - raft.server.watch.element-limit = 65536 (default)
2021-11-05 13:00:14,042 [76ef4e66-eace-4a3b-a369-d2a815523a61@group-46A48FF2B846-LeaderElection91] INFO  server.RaftServerConfigKeys (ConfUtils.java:logGet(44)) - raft.server.write.element-limit = 1024 (custom)
2021-11-05 13:00:14,042 [76ef4e66-eace-4a3b-a369-d2a815523a61@group-46A48FF2B846-LeaderElection91] INFO  server.RaftServerConfigKeys (ConfUtils.java:logGet(44)) - raft.server.write.follower.gap.ratio.max = -1.0 (default)
2021-11-05 13:00:14,042 [76ef4e66-eace-4a3b-a369-d2a815523a61@group-46A48FF2B846-LeaderElection91] INFO  server.RaftServerConfigKeys (ConfUtils.java:logGet(44)) - raft.server.log.appender.snapshot.chunk.size.max = 16MB (=16777216) (default)
2021-11-05 13:00:14,042 [76ef4e66-eace-4a3b-a369-d2a815523a61@group-46A48FF2B846-LeaderElection91] INFO  server.RaftServerConfigKeys (ConfUtils.java:logGet(44)) - raft.server.log.appender.buffer.byte-limit = 33554432 (custom)
2021-11-05 13:00:14,042 [76ef4e66-eace-4a3b-a369-d2a815523a61@group-46A48FF2B846-LeaderElection91] INFO  server.RaftServerConfigKeys (ConfUtils.java:logGet(44)) - raft.server.log.appender.buffer.element-limit = 1 (custom)
2021-11-05 13:00:14,042 [76ef4e66-eace-4a3b-a369-d2a815523a61@group-46A48FF2B846-LeaderElection91] INFO  grpc.GrpcConfigKeys (ConfUtils.java:logGet(44)) - raft.grpc.server.leader.outstanding.appends.max = 128 (default)
2021-11-05 13:00:14,042 [76ef4e66-eace-4a3b-a369-d2a815523a61@group-46A48FF2B846-LeaderElection91] INFO  server.RaftServerConfigKeys (ConfUtils.java:logGet(44)) - raft.server.rpc.request.timeout = 3000ms (default)
2021-11-05 13:00:14,042 [76ef4e66-eace-4a3b-a369-d2a815523a61@group-46A48FF2B846-LeaderElection91] INFO  server.RaftServerConfigKeys (ConfUtils.java:logGet(44)) - raft.server.log.appender.install.snapshot.enabled = false (custom)
2021-11-05 13:00:14,043 [76ef4e66-eace-4a3b-a369-d2a815523a61@group-46A48FF2B846-LeaderElection91] INFO  server.RaftServerConfigKeys (ConfUtils.java:logGet(44)) - raft.server.log.appender.snapshot.chunk.size.max = 16MB (=16777216) (default)
2021-11-05 13:00:14,043 [76ef4e66-eace-4a3b-a369-d2a815523a61@group-46A48FF2B846-LeaderElection91] INFO  server.RaftServerConfigKeys (ConfUtils.java:logGet(44)) - raft.server.log.appender.buffer.byte-limit = 33554432 (custom)
2021-11-05 13:00:14,043 [76ef4e66-eace-4a3b-a369-d2a815523a61@group-46A48FF2B846-LeaderElection91] INFO  server.RaftServerConfigKeys (ConfUtils.java:logGet(44)) - raft.server.log.appender.buffer.element-limit = 1 (custom)
2021-11-05 13:00:14,043 [76ef4e66-eace-4a3b-a369-d2a815523a61@group-46A48FF2B846-LeaderElection91] INFO  grpc.GrpcConfigKeys (ConfUtils.java:logGet(44)) - raft.grpc.server.leader.outstanding.appends.max = 128 (default)
2021-11-05 13:00:14,044 [76ef4e66-eace-4a3b-a369-d2a815523a61@group-46A48FF2B846-LeaderElection91] INFO  server.RaftServerConfigKeys (ConfUtils.java:logGet(44)) - raft.server.rpc.request.timeout = 3000ms (default)
2021-11-05 13:00:14,044 [EventQueue-PipelineReportForPipelineReportHandler] INFO  pipeline.PipelineManagerImpl (PipelineManagerImpl.java:openPipeline(289)) - Pipeline Pipeline[ Id: 31cdf347-9acf-41c8-b64f-46a48ff2b846, Nodes: 3ae4cb20-15ad-4779-a013-5b0fdc3aaee7{ip: 10.1.0.23, host: fv-az151-875.yf2hydr00wburbhx3j5hxtcipe.bx.internal.cloudapp.net, ports: [REPLICATION=39333, RATIS=35115, RATIS_ADMIN=35115, RATIS_SERVER=35115, STANDALONE=41693], networkLocation: /default-rack, certSerialId: null, persistedOpState: IN_SERVICE, persistedOpStateExpiryEpochSec: 0}fa45fd2a-a6ef-4106-9a44-777d17a8e8f4{ip: 10.1.0.23, host: fv-az151-875.yf2hydr00wburbhx3j5hxtcipe.bx.internal.cloudapp.net, ports: [REPLICATION=35839, RATIS=43989, RATIS_ADMIN=43989, RATIS_SERVER=43989, STANDALONE=44877], networkLocation: /default-rack, certSerialId: null, persistedOpState: IN_SERVICE, persistedOpStateExpiryEpochSec: 0}76ef4e66-eace-4a3b-a369-d2a815523a61{ip: 10.1.0.23, host: fv-az151-875.yf2hydr00wburbhx3j5hxtcipe.bx.internal.cloudapp.net, ports: [REPLICATION=43087, RATIS=41987, RATIS_ADMIN=41987, RATIS_SERVER=41987, STANDALONE=45779], networkLocation: /default-rack, certSerialId: null, persistedOpState: IN_SERVICE, persistedOpStateExpiryEpochSec: 0}, ReplicationConfig: RATIS/THREE, State:ALLOCATED, leaderId:76ef4e66-eace-4a3b-a369-d2a815523a61, CreationTimestamp2021-11-05T13:00:07.011Z[Etc/UTC]] moved to OPEN state
2021-11-05 13:00:14,045 [EventQueue-OpenPipelineForHealthyPipelineSafeModeRule] INFO  safemode.SCMSafeModeManager (HealthyPipelineSafeModeRule.java:process(124)) - SCM in safe mode. Healthy pipelines reported count is 1, required healthy pipeline reported count is 1
2021-11-05 13:00:14,045 [EventQueue-OpenPipelineForHealthyPipelineSafeModeRule] INFO  safemode.SCMSafeModeManager (SCMSafeModeManager.java:validateSafeModeExitRules(204)) - HealthyPipelineSafeModeRule rule is successfully validated
2021-11-05 13:00:14,045 [EventQueue-OpenPipelineForHealthyPipelineSafeModeRule] INFO  safemode.SCMSafeModeManager (SCMSafeModeManager.java:validateSafeModeExitRules(219)) - ScmSafeModeManager, all rules are successfully validated
2021-11-05 13:00:14,045 [EventQueue-OpenPipelineForHealthyPipelineSafeModeRule] INFO  safemode.SCMSafeModeManager (SCMSafeModeManager.java:exitSafeMode(248)) - SCM exiting safe mode.
2021-11-05 13:00:14,045 [EventQueue-OpenPipelineForHealthyPipelineSafeModeRule] WARN  events.EventQueue (EventQueue.java:fireEvent(194)) - No event handler registered for event TypedEvent{payloadType=SafeModeStatus, name='Safe mode status'}
2021-11-05 13:00:14,045 [EventQueue-OpenPipelineForHealthyPipelineSafeModeRule] INFO  ha.SCMContext (SCMContext.java:updateSafeModeStatus(205)) - Update SafeModeStatus from SafeModeStatus{safeModeStatus=true, preCheckPassed=true} to SafeModeStatus{safeModeStatus=false, preCheckPassed=true}.
2021-11-05 13:00:14,045 [EventQueue-OpenPipelineForHealthyPipelineSafeModeRule] INFO  pipeline.BackgroundPipelineCreator (BackgroundPipelineCreator.java:notifyStatusChanged(264)) - Service BackgroundPipelineCreator transitions to RUNNING.
2021-11-05 13:00:14,045 [EventQueue-OpenPipelineForHealthyPipelineSafeModeRule] INFO  container.ReplicationManager (ReplicationManager.java:notifyStatusChanged(1746)) - Service ReplicationManager transitions to RUNNING.
2021-11-05 13:00:14,044 [76ef4e66-eace-4a3b-a369-d2a815523a61@group-46A48FF2B846-LeaderElection91] INFO  server.RaftServerConfigKeys (ConfUtils.java:logGet(44)) - raft.server.log.appender.install.snapshot.enabled = false (custom)
2021-11-05 13:00:14,049 [76ef4e66-eace-4a3b-a369-d2a815523a61@group-46A48FF2B846-LeaderElection91] INFO  impl.RoleInfo (RoleInfo.java:updateAndGet(130)) - 76ef4e66-eace-4a3b-a369-d2a815523a61: start 76ef4e66-eace-4a3b-a369-d2a815523a61@group-46A48FF2B846-LeaderStateImpl
2021-11-05 13:00:14,056 [grpc-default-executor-3] INFO  impl.RoleInfo (RoleInfo.java:updateAndGet(130)) - fa45fd2a-a6ef-4106-9a44-777d17a8e8f4: start fa45fd2a-a6ef-4106-9a44-777d17a8e8f4@group-46A48FF2B846-FollowerState
2021-11-05 13:00:14,060 [76ef4e66-eace-4a3b-a369-d2a815523a61@group-46A48FF2B846-LeaderElection91] INFO  segmented.SegmentedRaftLogWorker (SegmentedRaftLogWorker.java:startLogSegment(394)) - 76ef4e66-eace-4a3b-a369-d2a815523a61@group-46A48FF2B846-SegmentedRaftLogWorker: Starting segment from index:0
2021-11-05 13:00:14,068 [76ef4e66-eace-4a3b-a369-d2a815523a61@group-46A48FF2B846-SegmentedRaftLogWorker] INFO  segmented.SegmentedRaftLogWorker (SegmentedRaftLogWorker.java:execute(601)) - 76ef4e66-eace-4a3b-a369-d2a815523a61@group-46A48FF2B846-SegmentedRaftLogWorker: created new log segment /home/runner/work/ozone/ozone/hadoop-ozone/integration-test/target/test-dir/MiniOzoneClusterImpl-bdf76210-3e21-404e-9e17-65b92aec9f1a/datanode-0/data/ratis/31cdf347-9acf-41c8-b64f-46a48ff2b846/current/log_inprogress_0
2021-11-05 13:00:14,068 [grpc-default-executor-3] INFO  server.RaftServer$Division (RaftServerImpl.java:requestVote(1078)) - fa45fd2a-a6ef-4106-9a44-777d17a8e8f4@group-46A48FF2B846 replies to ELECTION vote request: 76ef4e66-eace-4a3b-a369-d2a815523a61<-fa45fd2a-a6ef-4106-9a44-777d17a8e8f4#0:OK-t1. Peer's state: fa45fd2a-a6ef-4106-9a44-777d17a8e8f4@group-46A48FF2B846:t1, leader=null, voted=76ef4e66-eace-4a3b-a369-d2a815523a61, raftlog=fa45fd2a-a6ef-4106-9a44-777d17a8e8f4@group-46A48FF2B846-SegmentedRaftLog:OPENED:c-1, conf=-1: [76ef4e66-eace-4a3b-a369-d2a815523a61|rpc:10.1.0.23:41987|priority:1, fa45fd2a-a6ef-4106-9a44-777d17a8e8f4|rpc:10.1.0.23:43989|priority:0, 3ae4cb20-15ad-4779-a013-5b0fdc3aaee7|rpc:10.1.0.23:35115|priority:0], old=null
2021-11-05 13:00:14,069 [fa45fd2a-a6ef-4106-9a44-777d17a8e8f4@group-46A48FF2B846-FollowerState] INFO  impl.FollowerState (FollowerState.java:run(143)) - fa45fd2a-a6ef-4106-9a44-777d17a8e8f4@group-46A48FF2B846-FollowerState was interrupted: {}
java.lang.InterruptedException: sleep interrupted
	at java.lang.Thread.sleep(Native Method)
	at java.lang.Thread.sleep(Thread.java:340)
	at java.util.concurrent.TimeUnit.sleep(TimeUnit.java:386)
	at org.apache.ratis.util.TimeDuration.sleep(TimeDuration.java:324)
	at org.apache.ratis.util.TimeDuration.sleep(TimeDuration.java:309)
	at org.apache.ratis.server.impl.FollowerState.run(FollowerState.java:118)
2021-11-05 13:00:14,085 [76ef4e66-eace-4a3b-a369-d2a815523a61@group-46A48FF2B846-LeaderElection91] INFO  server.RaftServer$Division (ServerState.java:setRaftConf(387)) - 76ef4e66-eace-4a3b-a369-d2a815523a61@group-46A48FF2B846: set configuration 0: [76ef4e66-eace-4a3b-a369-d2a815523a61|rpc:10.1.0.23:41987|dataStream:|priority:1, fa45fd2a-a6ef-4106-9a44-777d17a8e8f4|rpc:10.1.0.23:43989|dataStream:|priority:0, 3ae4cb20-15ad-4779-a013-5b0fdc3aaee7|rpc:10.1.0.23:35115|dataStream:|priority:0], old=null
2021-11-05 13:00:14,119 [grpc-default-executor-3] INFO  ratis.XceiverServerRatis (XceiverServerRatis.java:handleLeaderChangedNotification(866)) - Leader change notification received for group: group-46A48FF2B846 with new leaderId: 76ef4e66-eace-4a3b-a369-d2a815523a61
2021-11-05 13:00:14,119 [grpc-default-executor-3] INFO  server.RaftServer$Division (ServerState.java:setLeader(285)) - 3ae4cb20-15ad-4779-a013-5b0fdc3aaee7@group-46A48FF2B846: change Leader from null to 76ef4e66-eace-4a3b-a369-d2a815523a61 at term 1 for appendEntries, leader elected after 5146ms
2021-11-05 13:00:14,119 [grpc-default-executor-4] INFO  ratis.XceiverServerRatis (XceiverServerRatis.java:handleLeaderChangedNotification(866)) - Leader change notification received for group: group-46A48FF2B846 with new leaderId: 76ef4e66-eace-4a3b-a369-d2a815523a61
2021-11-05 13:00:14,119 [grpc-default-executor-4] INFO  server.RaftServer$Division (ServerState.java:setLeader(285)) - fa45fd2a-a6ef-4106-9a44-777d17a8e8f4@group-46A48FF2B846: change Leader from null to 76ef4e66-eace-4a3b-a369-d2a815523a61 at term 1 for appendEntries, leader elected after 5108ms
2021-11-05 13:00:14,137 [grpc-default-executor-3] INFO  server.RaftServer$Division (ServerState.java:setRaftConf(387)) - 3ae4cb20-15ad-4779-a013-5b0fdc3aaee7@group-46A48FF2B846: set configuration 0: [76ef4e66-eace-4a3b-a369-d2a815523a61|rpc:10.1.0.23:41987|dataStream:|priority:1, fa45fd2a-a6ef-4106-9a44-777d17a8e8f4|rpc:10.1.0.23:43989|dataStream:|priority:0, 3ae4cb20-15ad-4779-a013-5b0fdc3aaee7|rpc:10.1.0.23:35115|dataStream:|priority:0], old=null
2021-11-05 13:00:14,138 [grpc-default-executor-3] INFO  segmented.SegmentedRaftLogWorker (SegmentedRaftLogWorker.java:startLogSegment(394)) - 3ae4cb20-15ad-4779-a013-5b0fdc3aaee7@group-46A48FF2B846-SegmentedRaftLogWorker: Starting segment from index:0
2021-11-05 13:00:14,143 [3ae4cb20-15ad-4779-a013-5b0fdc3aaee7@group-46A48FF2B846-SegmentedRaftLogWorker] INFO  segmented.SegmentedRaftLogWorker (SegmentedRaftLogWorker.java:execute(601)) - 3ae4cb20-15ad-4779-a013-5b0fdc3aaee7@group-46A48FF2B846-SegmentedRaftLogWorker: created new log segment /home/runner/work/ozone/ozone/hadoop-ozone/integration-test/target/test-dir/MiniOzoneClusterImpl-bdf76210-3e21-404e-9e17-65b92aec9f1a/datanode-2/data/ratis/31cdf347-9acf-41c8-b64f-46a48ff2b846/current/log_inprogress_0
2021-11-05 13:00:14,173 [fa45fd2a-a6ef-4106-9a44-777d17a8e8f4@group-1FA21D5FAFDD-FollowerState] INFO  impl.FollowerState (FollowerState.java:run(134)) - fa45fd2a-a6ef-4106-9a44-777d17a8e8f4@group-1FA21D5FAFDD-FollowerState: change to CANDIDATE, lastRpcElapsedTime:5192811360ns, electionTimeout:5191ms
2021-11-05 13:00:14,173 [fa45fd2a-a6ef-4106-9a44-777d17a8e8f4@group-1FA21D5FAFDD-FollowerState] INFO  impl.RoleInfo (RoleInfo.java:shutdownFollowerState(108)) - fa45fd2a-a6ef-4106-9a44-777d17a8e8f4: shutdown fa45fd2a-a6ef-4106-9a44-777d17a8e8f4@group-1FA21D5FAFDD-FollowerState
2021-11-05 13:00:14,173 [fa45fd2a-a6ef-4106-9a44-777d17a8e8f4@group-1FA21D5FAFDD-FollowerState] INFO  server.RaftServer$Division (RaftServerImpl.java:setRole(290)) - fa45fd2a-a6ef-4106-9a44-777d17a8e8f4@group-1FA21D5FAFDD: changes role from  FOLLOWER to CANDIDATE at term 0 for changeToCandidate
2021-11-05 13:00:14,280 [fa45fd2a-a6ef-4106-9a44-777d17a8e8f4@group-1FA21D5FAFDD-FollowerState] INFO  server.RaftServerConfigKeys (ConfUtils.java:logGet(44)) - raft.server.leaderelection.pre-vote = false (custom)
2021-11-05 13:00:14,280 [fa45fd2a-a6ef-4106-9a44-777d17a8e8f4@group-1FA21D5FAFDD-FollowerState] INFO  impl.RoleInfo (RoleInfo.java:updateAndGet(130)) - fa45fd2a-a6ef-4106-9a44-777d17a8e8f4: start fa45fd2a-a6ef-4106-9a44-777d17a8e8f4@group-1FA21D5FAFDD-LeaderElection92
2021-11-05 13:00:14,319 [grpc-default-executor-4] INFO  server.RaftServer$Division (ServerState.java:setRaftConf(387)) - fa45fd2a-a6ef-4106-9a44-777d17a8e8f4@group-46A48FF2B846: set configuration 0: [76ef4e66-eace-4a3b-a369-d2a815523a61|rpc:10.1.0.23:41987|dataStream:|priority:1, fa45fd2a-a6ef-4106-9a44-777d17a8e8f4|rpc:10.1.0.23:43989|dataStream:|priority:0, 3ae4cb20-15ad-4779-a013-5b0fdc3aaee7|rpc:10.1.0.23:35115|dataStream:|priority:0], old=null
2021-11-05 13:00:14,319 [grpc-default-executor-4] INFO  segmented.SegmentedRaftLogWorker (SegmentedRaftLogWorker.java:startLogSegment(394)) - fa45fd2a-a6ef-4106-9a44-777d17a8e8f4@group-46A48FF2B846-SegmentedRaftLogWorker: Starting segment from index:0
2021-11-05 13:00:14,322 [fa45fd2a-a6ef-4106-9a44-777d17a8e8f4@group-46A48FF2B846-SegmentedRaftLogWorker] INFO  segmented.SegmentedRaftLogWorker (SegmentedRaftLogWorker.java:execute(601)) - fa45fd2a-a6ef-4106-9a44-777d17a8e8f4@group-46A48FF2B846-SegmentedRaftLogWorker: created new log segment /home/runner/work/ozone/ozone/hadoop-ozone/integration-test/target/test-dir/MiniOzoneClusterImpl-bdf76210-3e21-404e-9e17-65b92aec9f1a/datanode-1/data/ratis/31cdf347-9acf-41c8-b64f-46a48ff2b846/current/log_inprogress_0
2021-11-05 13:00:14,323 [fa45fd2a-a6ef-4106-9a44-777d17a8e8f4@group-1FA21D5FAFDD-LeaderElection92] INFO  impl.LeaderElection (LeaderElection.java:askForVotes(306)) - fa45fd2a-a6ef-4106-9a44-777d17a8e8f4@group-1FA21D5FAFDD-LeaderElection92 ELECTION round 0: submit vote requests at term 1 for -1: [fa45fd2a-a6ef-4106-9a44-777d17a8e8f4|rpc:10.1.0.23:43989|priority:1], old=null
2021-11-05 13:00:14,323 [fa45fd2a-a6ef-4106-9a44-777d17a8e8f4@group-1FA21D5FAFDD-LeaderElection92] INFO  impl.LeaderElection (LeaderElection.java:askForVotes(308)) - fa45fd2a-a6ef-4106-9a44-777d17a8e8f4@group-1FA21D5FAFDD-LeaderElection92 ELECTION round 0: result PASSED (term=1)
2021-11-05 13:00:14,323 [fa45fd2a-a6ef-4106-9a44-777d17a8e8f4@group-1FA21D5FAFDD-LeaderElection92] INFO  impl.RoleInfo (RoleInfo.java:shutdownLeaderElection(121)) - fa45fd2a-a6ef-4106-9a44-777d17a8e8f4: shutdown fa45fd2a-a6ef-4106-9a44-777d17a8e8f4@group-1FA21D5FAFDD-LeaderElection92
2021-11-05 13:00:14,323 [fa45fd2a-a6ef-4106-9a44-777d17a8e8f4@group-1FA21D5FAFDD-LeaderElection92] INFO  server.RaftServer$Division (RaftServerImpl.java:setRole(290)) - fa45fd2a-a6ef-4106-9a44-777d17a8e8f4@group-1FA21D5FAFDD: changes role from CANDIDATE to LEADER at term 1 for changeToLeader
2021-11-05 13:00:14,323 [fa45fd2a-a6ef-4106-9a44-777d17a8e8f4@group-1FA21D5FAFDD-LeaderElection92] INFO  ratis.XceiverServerRatis (XceiverServerRatis.java:handleLeaderChangedNotification(866)) - Leader change notification received for group: group-1FA21D5FAFDD with new leaderId: fa45fd2a-a6ef-4106-9a44-777d17a8e8f4
2021-11-05 13:00:14,324 [Listener at 127.0.0.1/42119] INFO  ozone.MiniOzoneClusterImpl (MiniOzoneClusterImpl.java:lambda$waitForClusterToBeReady$0(235)) - Nodes are ready. Got 7 of 7 DN Heartbeats.
2021-11-05 13:00:14,324 [Listener at 127.0.0.1/42119] INFO  ozone.MiniOzoneClusterImpl (MiniOzoneClusterImpl.java:lambda$waitForClusterToBeReady$0(238)) - Cluster exits safe mode
2021-11-05 13:00:14,324 [Listener at 127.0.0.1/42119] INFO  ozone.MiniOzoneClusterImpl (MiniOzoneClusterImpl.java:lambda$waitForClusterToBeReady$0(240)) - SCM became leader
2021-11-05 13:00:14,324 [fa45fd2a-a6ef-4106-9a44-777d17a8e8f4@group-1FA21D5FAFDD-LeaderElection92] INFO  server.RaftServer$Division (ServerState.java:setLeader(285)) - fa45fd2a-a6ef-4106-9a44-777d17a8e8f4@group-1FA21D5FAFDD: change Leader from null to fa45fd2a-a6ef-4106-9a44-777d17a8e8f4 at term 1 for becomeLeader, leader elected after 5358ms
2021-11-05 13:00:14,324 [fa45fd2a-a6ef-4106-9a44-777d17a8e8f4@group-1FA21D5FAFDD-LeaderElection92] INFO  server.RaftServerConfigKeys (ConfUtils.java:logGet(44)) - raft.server.staging.catchup.gap = 1000 (default)
2021-11-05 13:00:14,324 [fa45fd2a-a6ef-4106-9a44-777d17a8e8f4@group-1FA21D5FAFDD-LeaderElection92] INFO  server.RaftServerConfigKeys (ConfUtils.java:logGet(44)) - raft.server.write.element-limit = 1024 (custom)
2021-11-05 13:00:14,325 [fa45fd2a-a6ef-4106-9a44-777d17a8e8f4@group-1FA21D5FAFDD-LeaderElection92] INFO  server.RaftServerConfigKeys (ConfUtils.java:logGet(44)) - raft.server.write.byte-limit = 1024 M (=1073741824) (custom)
2021-11-05 13:00:14,325 [fa45fd2a-a6ef-4106-9a44-777d17a8e8f4@group-1FA21D5FAFDD-LeaderElection92] INFO  server.RaftServerConfigKeys (ConfUtils.java:logGet(44)) - raft.server.watch.timeout = 3000ms (custom)
2021-11-05 13:00:14,325 [fa45fd2a-a6ef-4106-9a44-777d17a8e8f4@group-1FA21D5FAFDD-LeaderElection92] INFO  server.RaftServerConfigKeys (ConfUtils.java:logGet(44)) - raft.server.watch.timeout.denomination = 1s (default)
2021-11-05 13:00:14,325 [fa45fd2a-a6ef-4106-9a44-777d17a8e8f4@group-1FA21D5FAFDD-LeaderElection92] INFO  server.RaftServerConfigKeys (ConfUtils.java:logGet(44)) - raft.server.watch.element-limit = 65536 (default)
2021-11-05 13:00:14,325 [fa45fd2a-a6ef-4106-9a44-777d17a8e8f4@group-1FA21D5FAFDD-LeaderElection92] INFO  server.RaftServerConfigKeys (ConfUtils.java:logGet(44)) - raft.server.write.element-limit = 1024 (custom)
2021-11-05 13:00:14,325 [fa45fd2a-a6ef-4106-9a44-777d17a8e8f4@group-1FA21D5FAFDD-LeaderElection92] INFO  server.RaftServerConfigKeys (ConfUtils.java:logGet(44)) - raft.server.write.follower.gap.ratio.max = -1.0 (default)
2021-11-05 13:00:14,325 [fa45fd2a-a6ef-4106-9a44-777d17a8e8f4@group-1FA21D5FAFDD-LeaderElection92] INFO  impl.RoleInfo (RoleInfo.java:updateAndGet(130)) - fa45fd2a-a6ef-4106-9a44-777d17a8e8f4: start fa45fd2a-a6ef-4106-9a44-777d17a8e8f4@group-1FA21D5FAFDD-LeaderStateImpl
2021-11-05 13:00:14,325 [fa45fd2a-a6ef-4106-9a44-777d17a8e8f4@group-1FA21D5FAFDD-LeaderElection92] INFO  segmented.SegmentedRaftLogWorker (SegmentedRaftLogWorker.java:startLogSegment(394)) - fa45fd2a-a6ef-4106-9a44-777d17a8e8f4@group-1FA21D5FAFDD-SegmentedRaftLogWorker: Starting segment from index:0
2021-11-05 13:00:14,335 [fa45fd2a-a6ef-4106-9a44-777d17a8e8f4@group-1FA21D5FAFDD-SegmentedRaftLogWorker] INFO  segmented.SegmentedRaftLogWorker (SegmentedRaftLogWorker.java:execute(601)) - fa45fd2a-a6ef-4106-9a44-777d17a8e8f4@group-1FA21D5FAFDD-SegmentedRaftLogWorker: created new log segment /home/runner/work/ozone/ozone/hadoop-ozone/integration-test/target/test-dir/MiniOzoneClusterImpl-bdf76210-3e21-404e-9e17-65b92aec9f1a/datanode-1/data/ratis/9a8c8b22-4b43-436c-8b5e-1fa21d5fafdd/current/log_inprogress_0
2021-11-05 13:00:14,435 [Listener at 127.0.0.1/42119] INFO  rpc.RpcClient (RpcClient.java:createVolume(343)) - Creating Volume: testblockoutputstream, with runner as owner and space quota set to -1 bytes, counts quota set to -1
2021-11-05 13:00:14,441 [fa45fd2a-a6ef-4106-9a44-777d17a8e8f4@group-1FA21D5FAFDD-LeaderElection92] INFO  server.RaftServer$Division (ServerState.java:setRaftConf(387)) - fa45fd2a-a6ef-4106-9a44-777d17a8e8f4@group-1FA21D5FAFDD: set configuration 0: [fa45fd2a-a6ef-4106-9a44-777d17a8e8f4|rpc:10.1.0.23:43989|dataStream:|priority:1], old=null
2021-11-05 13:00:14,512 [OM StateMachine ApplyTransaction Thread - 0] INFO  volume.OMVolumeCreateRequest (OMVolumeCreateRequest.java:validateAndUpdateCache(195)) - created volume:testblockoutputstream for user:runner
2021-11-05 13:00:14,532 [Listener at 127.0.0.1/42119] INFO  rpc.RpcClient (RpcClient.java:createBucket(503)) - Creating Bucket: testblockoutputstream/testblockoutputstream, with Versioning false and Storage Type set to DISK and Encryption set to false 
2021-11-05 13:00:14,620 [IPC Server handler 19 on default port 42733] INFO  ha.SequenceIdGenerator (SequenceIdGenerator.java:getNextId(127)) - Allocate a batch for containerId, change lastId from 0 to 1000.
2021-11-05 13:00:14,621 [IPC Server handler 19 on default port 42733] WARN  ha.SequenceIdGenerator (SequenceIdGenerator.java:allocateBatch(235)) - Failed to allocate a batch for localId, expected lastId is 0, actual lastId is 107544261427200000.
2021-11-05 13:00:14,621 [IPC Server handler 19 on default port 42733] INFO  ha.SequenceIdGenerator (SequenceIdGenerator.java:getNextId(127)) - Allocate a batch for localId, change lastId from 107544261427200000 to 107544261427201000.
2021-11-05 13:00:15,082 [3ae4cb20-15ad-4779-a013-5b0fdc3aaee7@group-79A4ECC5E59F-FollowerState] INFO  impl.FollowerState (FollowerState.java:run(134)) - 3ae4cb20-15ad-4779-a013-5b0fdc3aaee7@group-79A4ECC5E59F-FollowerState: change to CANDIDATE, lastRpcElapsedTime:5060677863ns, electionTimeout:5029ms
2021-11-05 13:00:15,083 [3ae4cb20-15ad-4779-a013-5b0fdc3aaee7@group-79A4ECC5E59F-FollowerState] INFO  impl.RoleInfo (RoleInfo.java:shutdownFollowerState(108)) - 3ae4cb20-15ad-4779-a013-5b0fdc3aaee7: shutdown 3ae4cb20-15ad-4779-a013-5b0fdc3aaee7@group-79A4ECC5E59F-FollowerState
2021-11-05 13:00:15,083 [3ae4cb20-15ad-4779-a013-5b0fdc3aaee7@group-79A4ECC5E59F-FollowerState] INFO  server.RaftServer$Division (RaftServerImpl.java:setRole(290)) - 3ae4cb20-15ad-4779-a013-5b0fdc3aaee7@group-79A4ECC5E59F: changes role from  FOLLOWER to CANDIDATE at term 0 for changeToCandidate
2021-11-05 13:00:15,123 [3ae4cb20-15ad-4779-a013-5b0fdc3aaee7@group-79A4ECC5E59F-FollowerState] INFO  server.RaftServerConfigKeys (ConfUtils.java:logGet(44)) - raft.server.leaderelection.pre-vote = false (custom)
2021-11-05 13:00:15,123 [3ae4cb20-15ad-4779-a013-5b0fdc3aaee7@group-79A4ECC5E59F-FollowerState] INFO  impl.RoleInfo (RoleInfo.java:updateAndGet(130)) - 3ae4cb20-15ad-4779-a013-5b0fdc3aaee7: start 3ae4cb20-15ad-4779-a013-5b0fdc3aaee7@group-79A4ECC5E59F-LeaderElection93
2021-11-05 13:00:15,137 [3ae4cb20-15ad-4779-a013-5b0fdc3aaee7@group-79A4ECC5E59F-LeaderElection93] INFO  impl.LeaderElection (LeaderElection.java:askForVotes(306)) - 3ae4cb20-15ad-4779-a013-5b0fdc3aaee7@group-79A4ECC5E59F-LeaderElection93 ELECTION round 0: submit vote requests at term 1 for -1: [3ae4cb20-15ad-4779-a013-5b0fdc3aaee7|rpc:10.1.0.23:35115|priority:1], old=null
2021-11-05 13:00:15,137 [3ae4cb20-15ad-4779-a013-5b0fdc3aaee7@group-79A4ECC5E59F-LeaderElection93] INFO  impl.LeaderElection (LeaderElection.java:askForVotes(308)) - 3ae4cb20-15ad-4779-a013-5b0fdc3aaee7@group-79A4ECC5E59F-LeaderElection93 ELECTION round 0: result PASSED (term=1)
2021-11-05 13:00:15,137 [3ae4cb20-15ad-4779-a013-5b0fdc3aaee7@group-79A4ECC5E59F-LeaderElection93] INFO  impl.RoleInfo (RoleInfo.java:shutdownLeaderElection(121)) - 3ae4cb20-15ad-4779-a013-5b0fdc3aaee7: shutdown 3ae4cb20-15ad-4779-a013-5b0fdc3aaee7@group-79A4ECC5E59F-LeaderElection93
2021-11-05 13:00:15,137 [3ae4cb20-15ad-4779-a013-5b0fdc3aaee7@group-79A4ECC5E59F-LeaderElection93] INFO  server.RaftServer$Division (RaftServerImpl.java:setRole(290)) - 3ae4cb20-15ad-4779-a013-5b0fdc3aaee7@group-79A4ECC5E59F: changes role from CANDIDATE to LEADER at term 1 for changeToLeader
2021-11-05 13:00:15,137 [3ae4cb20-15ad-4779-a013-5b0fdc3aaee7@group-79A4ECC5E59F-LeaderElection93] INFO  ratis.XceiverServerRatis (XceiverServerRatis.java:handleLeaderChangedNotification(866)) - Leader change notification received for group: group-79A4ECC5E59F with new leaderId: 3ae4cb20-15ad-4779-a013-5b0fdc3aaee7
2021-11-05 13:00:15,138 [3ae4cb20-15ad-4779-a013-5b0fdc3aaee7@group-79A4ECC5E59F-LeaderElection93] INFO  server.RaftServer$Division (ServerState.java:setLeader(285)) - 3ae4cb20-15ad-4779-a013-5b0fdc3aaee7@group-79A4ECC5E59F: change Leader from null to 3ae4cb20-15ad-4779-a013-5b0fdc3aaee7 at term 1 for becomeLeader, leader elected after 5142ms
2021-11-05 13:00:15,138 [3ae4cb20-15ad-4779-a013-5b0fdc3aaee7@group-79A4ECC5E59F-LeaderElection93] INFO  server.RaftServerConfigKeys (ConfUtils.java:logGet(44)) - raft.server.staging.catchup.gap = 1000 (default)
2021-11-05 13:00:15,140 [3ae4cb20-15ad-4779-a013-5b0fdc3aaee7@group-79A4ECC5E59F-LeaderElection93] INFO  server.RaftServerConfigKeys (ConfUtils.java:logGet(44)) - raft.server.write.element-limit = 1024 (custom)
2021-11-05 13:00:15,140 [3ae4cb20-15ad-4779-a013-5b0fdc3aaee7@group-79A4ECC5E59F-LeaderElection93] INFO  server.RaftServerConfigKeys (ConfUtils.java:logGet(44)) - raft.server.write.byte-limit = 1024 M (=1073741824) (custom)
2021-11-05 13:00:15,140 [3ae4cb20-15ad-4779-a013-5b0fdc3aaee7@group-79A4ECC5E59F-LeaderElection93] INFO  server.RaftServerConfigKeys (ConfUtils.java:logGet(44)) - raft.server.watch.timeout = 3000ms (custom)
2021-11-05 13:00:15,146 [3ae4cb20-15ad-4779-a013-5b0fdc3aaee7@group-79A4ECC5E59F-LeaderElection93] INFO  server.RaftServerConfigKeys (ConfUtils.java:logGet(44)) - raft.server.watch.timeout.denomination = 1s (default)
2021-11-05 13:00:15,146 [3ae4cb20-15ad-4779-a013-5b0fdc3aaee7@group-79A4ECC5E59F-LeaderElection93] INFO  server.RaftServerConfigKeys (ConfUtils.java:logGet(44)) - raft.server.watch.element-limit = 65536 (default)
2021-11-05 13:00:15,146 [3ae4cb20-15ad-4779-a013-5b0fdc3aaee7@group-79A4ECC5E59F-LeaderElection93] INFO  server.RaftServerConfigKeys (ConfUtils.java:logGet(44)) - raft.server.write.element-limit = 1024 (custom)
2021-11-05 13:00:15,150 [3ae4cb20-15ad-4779-a013-5b0fdc3aaee7@group-79A4ECC5E59F-LeaderElection93] INFO  server.RaftServerConfigKeys (ConfUtils.java:logGet(44)) - raft.server.write.follower.gap.ratio.max = -1.0 (default)
2021-11-05 13:00:15,150 [3ae4cb20-15ad-4779-a013-5b0fdc3aaee7@group-79A4ECC5E59F-LeaderElection93] INFO  impl.RoleInfo (RoleInfo.java:updateAndGet(130)) - 3ae4cb20-15ad-4779-a013-5b0fdc3aaee7: start 3ae4cb20-15ad-4779-a013-5b0fdc3aaee7@group-79A4ECC5E59F-LeaderStateImpl
2021-11-05 13:00:15,164 [3ae4cb20-15ad-4779-a013-5b0fdc3aaee7@group-79A4ECC5E59F-LeaderElection93] INFO  segmented.SegmentedRaftLogWorker (SegmentedRaftLogWorker.java:startLogSegment(394)) - 3ae4cb20-15ad-4779-a013-5b0fdc3aaee7@group-79A4ECC5E59F-SegmentedRaftLogWorker: Starting segment from index:0
2021-11-05 13:00:15,169 [3ae4cb20-15ad-4779-a013-5b0fdc3aaee7@group-79A4ECC5E59F-SegmentedRaftLogWorker] INFO  segmented.SegmentedRaftLogWorker (SegmentedRaftLogWorker.java:execute(601)) - 3ae4cb20-15ad-4779-a013-5b0fdc3aaee7@group-79A4ECC5E59F-SegmentedRaftLogWorker: created new log segment /home/runner/work/ozone/ozone/hadoop-ozone/integration-test/target/test-dir/MiniOzoneClusterImpl-bdf76210-3e21-404e-9e17-65b92aec9f1a/datanode-2/data/ratis/9f515d6c-93a5-42ab-b8a3-79a4ecc5e59f/current/log_inprogress_0
2021-11-05 13:00:15,188 [3ae4cb20-15ad-4779-a013-5b0fdc3aaee7@group-79A4ECC5E59F-LeaderElection93] INFO  server.RaftServer$Division (ServerState.java:setRaftConf(387)) - 3ae4cb20-15ad-4779-a013-5b0fdc3aaee7@group-79A4ECC5E59F: set configuration 0: [3ae4cb20-15ad-4779-a013-5b0fdc3aaee7|rpc:10.1.0.23:35115|dataStream:|priority:1], old=null
2021-11-05 13:00:16,190 [fae3de48-3e9f-4cc7-8f85-17bb385fc42a@group-30A45C208CA2-FollowerState] INFO  impl.FollowerState (FollowerState.java:run(134)) - fae3de48-3e9f-4cc7-8f85-17bb385fc42a@group-30A45C208CA2-FollowerState: change to CANDIDATE, lastRpcElapsedTime:5084319987ns, electionTimeout:5077ms
2021-11-05 13:00:16,190 [fae3de48-3e9f-4cc7-8f85-17bb385fc42a@group-30A45C208CA2-FollowerState] INFO  impl.RoleInfo (RoleInfo.java:shutdownFollowerState(108)) - fae3de48-3e9f-4cc7-8f85-17bb385fc42a: shutdown fae3de48-3e9f-4cc7-8f85-17bb385fc42a@group-30A45C208CA2-FollowerState
2021-11-05 13:00:16,190 [fae3de48-3e9f-4cc7-8f85-17bb385fc42a@group-30A45C208CA2-FollowerState] INFO  server.RaftServer$Division (RaftServerImpl.java:setRole(290)) - fae3de48-3e9f-4cc7-8f85-17bb385fc42a@group-30A45C208CA2: changes role from  FOLLOWER to CANDIDATE at term 0 for changeToCandidate
2021-11-05 13:00:16,192 [fae3de48-3e9f-4cc7-8f85-17bb385fc42a@group-30A45C208CA2-FollowerState] INFO  server.RaftServerConfigKeys (ConfUtils.java:logGet(44)) - raft.server.leaderelection.pre-vote = false (custom)
2021-11-05 13:00:16,192 [fae3de48-3e9f-4cc7-8f85-17bb385fc42a@group-30A45C208CA2-FollowerState] INFO  impl.RoleInfo (RoleInfo.java:updateAndGet(130)) - fae3de48-3e9f-4cc7-8f85-17bb385fc42a: start fae3de48-3e9f-4cc7-8f85-17bb385fc42a@group-30A45C208CA2-LeaderElection94
2021-11-05 13:00:16,216 [fae3de48-3e9f-4cc7-8f85-17bb385fc42a@group-0448BF33DB77-FollowerState] INFO  impl.FollowerState (FollowerState.java:run(134)) - fae3de48-3e9f-4cc7-8f85-17bb385fc42a@group-0448BF33DB77-FollowerState: change to CANDIDATE, lastRpcElapsedTime:5182935528ns, electionTimeout:5155ms
2021-11-05 13:00:16,217 [fae3de48-3e9f-4cc7-8f85-17bb385fc42a@group-0448BF33DB77-FollowerState] INFO  impl.RoleInfo (RoleInfo.java:shutdownFollowerState(108)) - fae3de48-3e9f-4cc7-8f85-17bb385fc42a: shutdown fae3de48-3e9f-4cc7-8f85-17bb385fc42a@group-0448BF33DB77-FollowerState
2021-11-05 13:00:16,217 [fae3de48-3e9f-4cc7-8f85-17bb385fc42a@group-0448BF33DB77-FollowerState] INFO  server.RaftServer$Division (RaftServerImpl.java:setRole(290)) - fae3de48-3e9f-4cc7-8f85-17bb385fc42a@group-0448BF33DB77: changes role from  FOLLOWER to CANDIDATE at term 0 for changeToCandidate
2021-11-05 13:00:16,217 [fae3de48-3e9f-4cc7-8f85-17bb385fc42a@group-0448BF33DB77-FollowerState] INFO  server.RaftServerConfigKeys (ConfUtils.java:logGet(44)) - raft.server.leaderelection.pre-vote = false (custom)
2021-11-05 13:00:16,217 [fae3de48-3e9f-4cc7-8f85-17bb385fc42a@group-0448BF33DB77-FollowerState] INFO  impl.RoleInfo (RoleInfo.java:updateAndGet(130)) - fae3de48-3e9f-4cc7-8f85-17bb385fc42a: start fae3de48-3e9f-4cc7-8f85-17bb385fc42a@group-0448BF33DB77-LeaderElection95
2021-11-05 13:00:16,250 [fae3de48-3e9f-4cc7-8f85-17bb385fc42a@group-30A45C208CA2-LeaderElection94] INFO  impl.LeaderElection (LeaderElection.java:askForVotes(306)) - fae3de48-3e9f-4cc7-8f85-17bb385fc42a@group-30A45C208CA2-LeaderElection94 ELECTION round 0: submit vote requests at term 1 for -1: [fae3de48-3e9f-4cc7-8f85-17bb385fc42a|rpc:10.1.0.23:41205|priority:0, 04351296-bb31-4c39-8b7c-2fcea1114805|rpc:10.1.0.23:43337|priority:0, f63fc592-5921-4d2a-8a56-22c1aba49965|rpc:10.1.0.23:39383|priority:1], old=null
2021-11-05 13:00:16,258 [grpc-default-executor-4] INFO  server.RaftServer$Division (RaftServerImpl.java:requestVote(1046)) - 04351296-bb31-4c39-8b7c-2fcea1114805@group-30A45C208CA2: receive requestVote(ELECTION, fae3de48-3e9f-4cc7-8f85-17bb385fc42a, group-30A45C208CA2, 1, (t:0, i:0))
2021-11-05 13:00:16,258 [grpc-default-executor-4] INFO  impl.VoteContext (VoteContext.java:log(48)) - 04351296-bb31-4c39-8b7c-2fcea1114805@group-30A45C208CA2-FOLLOWER: accept ELECTION from fae3de48-3e9f-4cc7-8f85-17bb385fc42a: our priority 0 <= candidate's priority 0
2021-11-05 13:00:16,258 [grpc-default-executor-4] INFO  server.RaftServer$Division (RaftServerImpl.java:setRole(290)) - 04351296-bb31-4c39-8b7c-2fcea1114805@group-30A45C208CA2: changes role from  FOLLOWER to FOLLOWER at term 1 for candidate:fae3de48-3e9f-4cc7-8f85-17bb385fc42a
2021-11-05 13:00:16,258 [grpc-default-executor-4] INFO  impl.RoleInfo (RoleInfo.java:shutdownFollowerState(108)) - 04351296-bb31-4c39-8b7c-2fcea1114805: shutdown 04351296-bb31-4c39-8b7c-2fcea1114805@group-30A45C208CA2-FollowerState
2021-11-05 13:00:16,284 [grpc-default-executor-4] INFO  impl.RoleInfo (RoleInfo.java:updateAndGet(130)) - 04351296-bb31-4c39-8b7c-2fcea1114805: start 04351296-bb31-4c39-8b7c-2fcea1114805@group-30A45C208CA2-FollowerState
2021-11-05 13:00:16,294 [04351296-bb31-4c39-8b7c-2fcea1114805@group-30A45C208CA2-FollowerState] INFO  impl.FollowerState (FollowerState.java:run(143)) - 04351296-bb31-4c39-8b7c-2fcea1114805@group-30A45C208CA2-FollowerState was interrupted: {}
java.lang.InterruptedException: sleep interrupted
	at java.lang.Thread.sleep(Native Method)
	at java.lang.Thread.sleep(Thread.java:340)
	at java.util.concurrent.TimeUnit.sleep(TimeUnit.java:386)
	at org.apache.ratis.util.TimeDuration.sleep(TimeDuration.java:324)
	at org.apache.ratis.util.TimeDuration.sleep(TimeDuration.java:309)
	at org.apache.ratis.server.impl.FollowerState.run(FollowerState.java:118)
2021-11-05 13:00:16,296 [grpc-default-executor-4] INFO  server.RaftServer$Division (RaftServerImpl.java:requestVote(1078)) - 04351296-bb31-4c39-8b7c-2fcea1114805@group-30A45C208CA2 replies to ELECTION vote request: fae3de48-3e9f-4cc7-8f85-17bb385fc42a<-04351296-bb31-4c39-8b7c-2fcea1114805#0:OK-t1. Peer's state: 04351296-bb31-4c39-8b7c-2fcea1114805@group-30A45C208CA2:t1, leader=null, voted=fae3de48-3e9f-4cc7-8f85-17bb385fc42a, raftlog=04351296-bb31-4c39-8b7c-2fcea1114805@group-30A45C208CA2-SegmentedRaftLog:OPENED:c-1, conf=-1: [fae3de48-3e9f-4cc7-8f85-17bb385fc42a|rpc:10.1.0.23:41205|dataStream:|priority:0, 04351296-bb31-4c39-8b7c-2fcea1114805|rpc:10.1.0.23:43337|dataStream:|priority:0, f63fc592-5921-4d2a-8a56-22c1aba49965|rpc:10.1.0.23:39383|dataStream:|priority:1], old=null
2021-11-05 13:00:16,298 [fae3de48-3e9f-4cc7-8f85-17bb385fc42a@group-0448BF33DB77-LeaderElection95] INFO  impl.LeaderElection (LeaderElection.java:askForVotes(306)) - fae3de48-3e9f-4cc7-8f85-17bb385fc42a@group-0448BF33DB77-LeaderElection95 ELECTION round 0: submit vote requests at term 1 for -1: [fae3de48-3e9f-4cc7-8f85-17bb385fc42a|rpc:10.1.0.23:41205|priority:1], old=null
2021-11-05 13:00:16,298 [fae3de48-3e9f-4cc7-8f85-17bb385fc42a@group-0448BF33DB77-LeaderElection95] INFO  impl.LeaderElection (LeaderElection.java:askForVotes(308)) - fae3de48-3e9f-4cc7-8f85-17bb385fc42a@group-0448BF33DB77-LeaderElection95 ELECTION round 0: result PASSED (term=1)
2021-11-05 13:00:16,298 [fae3de48-3e9f-4cc7-8f85-17bb385fc42a@group-0448BF33DB77-LeaderElection95] INFO  impl.RoleInfo (RoleInfo.java:shutdownLeaderElection(121)) - fae3de48-3e9f-4cc7-8f85-17bb385fc42a: shutdown fae3de48-3e9f-4cc7-8f85-17bb385fc42a@group-0448BF33DB77-LeaderElection95
2021-11-05 13:00:16,299 [fae3de48-3e9f-4cc7-8f85-17bb385fc42a@group-0448BF33DB77-LeaderElection95] INFO  server.RaftServer$Division (RaftServerImpl.java:setRole(290)) - fae3de48-3e9f-4cc7-8f85-17bb385fc42a@group-0448BF33DB77: changes role from CANDIDATE to LEADER at term 1 for changeToLeader
2021-11-05 13:00:16,299 [fae3de48-3e9f-4cc7-8f85-17bb385fc42a@group-0448BF33DB77-LeaderElection95] INFO  ratis.XceiverServerRatis (XceiverServerRatis.java:handleLeaderChangedNotification(866)) - Leader change notification received for group: group-0448BF33DB77 with new leaderId: fae3de48-3e9f-4cc7-8f85-17bb385fc42a
2021-11-05 13:00:16,299 [fae3de48-3e9f-4cc7-8f85-17bb385fc42a@group-0448BF33DB77-LeaderElection95] INFO  server.RaftServer$Division (ServerState.java:setLeader(285)) - fae3de48-3e9f-4cc7-8f85-17bb385fc42a@group-0448BF33DB77: change Leader from null to fae3de48-3e9f-4cc7-8f85-17bb385fc42a at term 1 for becomeLeader, leader elected after 5274ms
2021-11-05 13:00:16,299 [fae3de48-3e9f-4cc7-8f85-17bb385fc42a@group-0448BF33DB77-LeaderElection95] INFO  server.RaftServerConfigKeys (ConfUtils.java:logGet(44)) - raft.server.staging.catchup.gap = 1000 (default)
2021-11-05 13:00:16,299 [fae3de48-3e9f-4cc7-8f85-17bb385fc42a@group-0448BF33DB77-LeaderElection95] INFO  server.RaftServerConfigKeys (ConfUtils.java:logGet(44)) - raft.server.write.element-limit = 1024 (custom)
2021-11-05 13:00:16,299 [fae3de48-3e9f-4cc7-8f85-17bb385fc42a@group-0448BF33DB77-LeaderElection95] INFO  server.RaftServerConfigKeys (ConfUtils.java:logGet(44)) - raft.server.write.byte-limit = 1024 M (=1073741824) (custom)
2021-11-05 13:00:16,299 [fae3de48-3e9f-4cc7-8f85-17bb385fc42a@group-0448BF33DB77-LeaderElection95] INFO  server.RaftServerConfigKeys (ConfUtils.java:logGet(44)) - raft.server.watch.timeout = 3000ms (custom)
2021-11-05 13:00:16,299 [fae3de48-3e9f-4cc7-8f85-17bb385fc42a@group-0448BF33DB77-LeaderElection95] INFO  server.RaftServerConfigKeys (ConfUtils.java:logGet(44)) - raft.server.watch.timeout.denomination = 1s (default)
2021-11-05 13:00:16,299 [fae3de48-3e9f-4cc7-8f85-17bb385fc42a@group-0448BF33DB77-LeaderElection95] INFO  server.RaftServerConfigKeys (ConfUtils.java:logGet(44)) - raft.server.watch.element-limit = 65536 (default)
2021-11-05 13:00:16,300 [fae3de48-3e9f-4cc7-8f85-17bb385fc42a@group-0448BF33DB77-LeaderElection95] INFO  server.RaftServerConfigKeys (ConfUtils.java:logGet(44)) - raft.server.write.element-limit = 1024 (custom)
2021-11-05 13:00:16,300 [fae3de48-3e9f-4cc7-8f85-17bb385fc42a@group-0448BF33DB77-LeaderElection95] INFO  server.RaftServerConfigKeys (ConfUtils.java:logGet(44)) - raft.server.write.follower.gap.ratio.max = -1.0 (default)
2021-11-05 13:00:16,300 [fae3de48-3e9f-4cc7-8f85-17bb385fc42a@group-0448BF33DB77-LeaderElection95] INFO  impl.RoleInfo (RoleInfo.java:updateAndGet(130)) - fae3de48-3e9f-4cc7-8f85-17bb385fc42a: start fae3de48-3e9f-4cc7-8f85-17bb385fc42a@group-0448BF33DB77-LeaderStateImpl
2021-11-05 13:00:16,300 [fae3de48-3e9f-4cc7-8f85-17bb385fc42a@group-0448BF33DB77-LeaderElection95] INFO  segmented.SegmentedRaftLogWorker (SegmentedRaftLogWorker.java:startLogSegment(394)) - fae3de48-3e9f-4cc7-8f85-17bb385fc42a@group-0448BF33DB77-SegmentedRaftLogWorker: Starting segment from index:0
2021-11-05 13:00:16,301 [fae3de48-3e9f-4cc7-8f85-17bb385fc42a@group-0448BF33DB77-SegmentedRaftLogWorker] INFO  segmented.SegmentedRaftLogWorker (SegmentedRaftLogWorker.java:execute(601)) - fae3de48-3e9f-4cc7-8f85-17bb385fc42a@group-0448BF33DB77-SegmentedRaftLogWorker: created new log segment /home/runner/work/ozone/ozone/hadoop-ozone/integration-test/target/test-dir/MiniOzoneClusterImpl-bdf76210-3e21-404e-9e17-65b92aec9f1a/datanode-3/data/ratis/5ffd143b-b608-4c45-a055-0448bf33db77/current/log_inprogress_0
2021-11-05 13:00:16,309 [fae3de48-3e9f-4cc7-8f85-17bb385fc42a@group-0448BF33DB77-LeaderElection95] INFO  server.RaftServer$Division (ServerState.java:setRaftConf(387)) - fae3de48-3e9f-4cc7-8f85-17bb385fc42a@group-0448BF33DB77: set configuration 0: [fae3de48-3e9f-4cc7-8f85-17bb385fc42a|rpc:10.1.0.23:41205|dataStream:|priority:1], old=null
2021-11-05 13:00:16,342 [grpc-default-executor-3] INFO  server.RaftServer$Division (RaftServerImpl.java:requestVote(1046)) - f63fc592-5921-4d2a-8a56-22c1aba49965@group-30A45C208CA2: receive requestVote(ELECTION, fae3de48-3e9f-4cc7-8f85-17bb385fc42a, group-30A45C208CA2, 1, (t:0, i:0))
2021-11-05 13:00:16,343 [grpc-default-executor-3] INFO  impl.VoteContext (VoteContext.java:log(48)) - f63fc592-5921-4d2a-8a56-22c1aba49965@group-30A45C208CA2-FOLLOWER: reject ELECTION from fae3de48-3e9f-4cc7-8f85-17bb385fc42a: our priority 1 > candidate's priority 0
2021-11-05 13:00:16,343 [grpc-default-executor-3] INFO  server.RaftServer$Division (RaftServerImpl.java:setRole(290)) - f63fc592-5921-4d2a-8a56-22c1aba49965@group-30A45C208CA2: changes role from  FOLLOWER to FOLLOWER at term 1 for candidate:fae3de48-3e9f-4cc7-8f85-17bb385fc42a
2021-11-05 13:00:16,343 [grpc-default-executor-3] INFO  impl.RoleInfo (RoleInfo.java:shutdownFollowerState(108)) - f63fc592-5921-4d2a-8a56-22c1aba49965: shutdown f63fc592-5921-4d2a-8a56-22c1aba49965@group-30A45C208CA2-FollowerState
2021-11-05 13:00:16,343 [grpc-default-executor-3] INFO  impl.RoleInfo (RoleInfo.java:updateAndGet(130)) - f63fc592-5921-4d2a-8a56-22c1aba49965: start f63fc592-5921-4d2a-8a56-22c1aba49965@group-30A45C208CA2-FollowerState
2021-11-05 13:00:16,343 [f63fc592-5921-4d2a-8a56-22c1aba49965@group-30A45C208CA2-FollowerState] INFO  impl.FollowerState (FollowerState.java:run(143)) - f63fc592-5921-4d2a-8a56-22c1aba49965@group-30A45C208CA2-FollowerState was interrupted: {}
java.lang.InterruptedException: sleep interrupted
	at java.lang.Thread.sleep(Native Method)
	at java.lang.Thread.sleep(Thread.java:340)
	at java.util.concurrent.TimeUnit.sleep(TimeUnit.java:386)
	at org.apache.ratis.util.TimeDuration.sleep(TimeDuration.java:324)
	at org.apache.ratis.util.TimeDuration.sleep(TimeDuration.java:309)
	at org.apache.ratis.server.impl.FollowerState.run(FollowerState.java:118)
2021-11-05 13:00:16,361 [grpc-default-executor-3] INFO  server.RaftServer$Division (RaftServerImpl.java:requestVote(1078)) - f63fc592-5921-4d2a-8a56-22c1aba49965@group-30A45C208CA2 replies to ELECTION vote request: fae3de48-3e9f-4cc7-8f85-17bb385fc42a<-f63fc592-5921-4d2a-8a56-22c1aba49965#0:FAIL-t1. Peer's state: f63fc592-5921-4d2a-8a56-22c1aba49965@group-30A45C208CA2:t1, leader=null, voted=null, raftlog=f63fc592-5921-4d2a-8a56-22c1aba49965@group-30A45C208CA2-SegmentedRaftLog:OPENED:c-1, conf=-1: [fae3de48-3e9f-4cc7-8f85-17bb385fc42a|rpc:10.1.0.23:41205|dataStream:|priority:0, 04351296-bb31-4c39-8b7c-2fcea1114805|rpc:10.1.0.23:43337|dataStream:|priority:0, f63fc592-5921-4d2a-8a56-22c1aba49965|rpc:10.1.0.23:39383|dataStream:|priority:1], old=null
2021-11-05 13:00:16,364 [fae3de48-3e9f-4cc7-8f85-17bb385fc42a@group-30A45C208CA2-LeaderElection94] INFO  impl.LeaderElection (LeaderElection.java:logAndReturn(89)) - fae3de48-3e9f-4cc7-8f85-17bb385fc42a@group-30A45C208CA2-LeaderElection94: ELECTION REJECTED received 2 response(s) and 0 exception(s):
2021-11-05 13:00:16,365 [fae3de48-3e9f-4cc7-8f85-17bb385fc42a@group-30A45C208CA2-LeaderElection94] INFO  impl.LeaderElection (LeaderElection.java:logAndReturn(93)) -   Response 0: fae3de48-3e9f-4cc7-8f85-17bb385fc42a<-04351296-bb31-4c39-8b7c-2fcea1114805#0:OK-t1
2021-11-05 13:00:16,365 [fae3de48-3e9f-4cc7-8f85-17bb385fc42a@group-30A45C208CA2-LeaderElection94] INFO  impl.LeaderElection (LeaderElection.java:logAndReturn(93)) -   Response 1: fae3de48-3e9f-4cc7-8f85-17bb385fc42a<-f63fc592-5921-4d2a-8a56-22c1aba49965#0:FAIL-t1
2021-11-05 13:00:16,365 [fae3de48-3e9f-4cc7-8f85-17bb385fc42a@group-30A45C208CA2-LeaderElection94] INFO  impl.LeaderElection (LeaderElection.java:askForVotes(308)) - fae3de48-3e9f-4cc7-8f85-17bb385fc42a@group-30A45C208CA2-LeaderElection94 ELECTION round 0: result REJECTED
2021-11-05 13:00:16,365 [fae3de48-3e9f-4cc7-8f85-17bb385fc42a@group-30A45C208CA2-LeaderElection94] INFO  server.RaftServer$Division (RaftServerImpl.java:setRole(290)) - fae3de48-3e9f-4cc7-8f85-17bb385fc42a@group-30A45C208CA2: changes role from CANDIDATE to FOLLOWER at term 1 for REJECTED
2021-11-05 13:00:16,365 [fae3de48-3e9f-4cc7-8f85-17bb385fc42a@group-30A45C208CA2-LeaderElection94] INFO  impl.RoleInfo (RoleInfo.java:shutdownLeaderElection(121)) - fae3de48-3e9f-4cc7-8f85-17bb385fc42a: shutdown fae3de48-3e9f-4cc7-8f85-17bb385fc42a@group-30A45C208CA2-LeaderElection94
2021-11-05 13:00:16,365 [fae3de48-3e9f-4cc7-8f85-17bb385fc42a@group-30A45C208CA2-LeaderElection94] INFO  impl.RoleInfo (RoleInfo.java:updateAndGet(130)) - fae3de48-3e9f-4cc7-8f85-17bb385fc42a: start fae3de48-3e9f-4cc7-8f85-17bb385fc42a@group-30A45C208CA2-FollowerState
2021-11-05 13:00:16,603 [fae3de48-3e9f-4cc7-8f85-17bb385fc42a@group-2717592FE90B-FollowerState] INFO  impl.FollowerState (FollowerState.java:run(134)) - fae3de48-3e9f-4cc7-8f85-17bb385fc42a@group-2717592FE90B-FollowerState: change to CANDIDATE, lastRpcElapsedTime:5009085510ns, electionTimeout:5008ms
2021-11-05 13:00:16,603 [fae3de48-3e9f-4cc7-8f85-17bb385fc42a@group-2717592FE90B-FollowerState] INFO  impl.RoleInfo (RoleInfo.java:shutdownFollowerState(108)) - fae3de48-3e9f-4cc7-8f85-17bb385fc42a: shutdown fae3de48-3e9f-4cc7-8f85-17bb385fc42a@group-2717592FE90B-FollowerState
2021-11-05 13:00:16,603 [fae3de48-3e9f-4cc7-8f85-17bb385fc42a@group-2717592FE90B-FollowerState] INFO  server.RaftServer$Division (RaftServerImpl.java:setRole(290)) - fae3de48-3e9f-4cc7-8f85-17bb385fc42a@group-2717592FE90B: changes role from  FOLLOWER to CANDIDATE at term 0 for changeToCandidate
2021-11-05 13:00:16,603 [fae3de48-3e9f-4cc7-8f85-17bb385fc42a@group-2717592FE90B-FollowerState] INFO  server.RaftServerConfigKeys (ConfUtils.java:logGet(44)) - raft.server.leaderelection.pre-vote = false (custom)
2021-11-05 13:00:16,603 [fae3de48-3e9f-4cc7-8f85-17bb385fc42a@group-2717592FE90B-FollowerState] INFO  impl.RoleInfo (RoleInfo.java:updateAndGet(130)) - fae3de48-3e9f-4cc7-8f85-17bb385fc42a: start fae3de48-3e9f-4cc7-8f85-17bb385fc42a@group-2717592FE90B-LeaderElection96
2021-11-05 13:00:16,629 [fae3de48-3e9f-4cc7-8f85-17bb385fc42a@group-2717592FE90B-LeaderElection96] INFO  impl.LeaderElection (LeaderElection.java:askForVotes(306)) - fae3de48-3e9f-4cc7-8f85-17bb385fc42a@group-2717592FE90B-LeaderElection96 ELECTION round 0: submit vote requests at term 1 for -1: [fae3de48-3e9f-4cc7-8f85-17bb385fc42a|rpc:10.1.0.23:41205|priority:1, 04351296-bb31-4c39-8b7c-2fcea1114805|rpc:10.1.0.23:43337|priority:0, f63fc592-5921-4d2a-8a56-22c1aba49965|rpc:10.1.0.23:39383|priority:0], old=null
2021-11-05 13:00:16,647 [grpc-default-executor-3] INFO  server.RaftServer$Division (RaftServerImpl.java:requestVote(1046)) - 04351296-bb31-4c39-8b7c-2fcea1114805@group-2717592FE90B: receive requestVote(ELECTION, fae3de48-3e9f-4cc7-8f85-17bb385fc42a, group-2717592FE90B, 1, (t:0, i:0))
2021-11-05 13:00:16,647 [grpc-default-executor-3] INFO  impl.VoteContext (VoteContext.java:log(48)) - 04351296-bb31-4c39-8b7c-2fcea1114805@group-2717592FE90B-FOLLOWER: accept ELECTION from fae3de48-3e9f-4cc7-8f85-17bb385fc42a: our priority 0 <= candidate's priority 1
2021-11-05 13:00:16,647 [grpc-default-executor-3] INFO  server.RaftServer$Division (RaftServerImpl.java:setRole(290)) - 04351296-bb31-4c39-8b7c-2fcea1114805@group-2717592FE90B: changes role from  FOLLOWER to FOLLOWER at term 1 for candidate:fae3de48-3e9f-4cc7-8f85-17bb385fc42a
2021-11-05 13:00:16,647 [grpc-default-executor-3] INFO  impl.RoleInfo (RoleInfo.java:shutdownFollowerState(108)) - 04351296-bb31-4c39-8b7c-2fcea1114805: shutdown 04351296-bb31-4c39-8b7c-2fcea1114805@group-2717592FE90B-FollowerState
2021-11-05 13:00:16,647 [grpc-default-executor-3] INFO  impl.RoleInfo (RoleInfo.java:updateAndGet(130)) - 04351296-bb31-4c39-8b7c-2fcea1114805: start 04351296-bb31-4c39-8b7c-2fcea1114805@group-2717592FE90B-FollowerState
2021-11-05 13:00:16,648 [04351296-bb31-4c39-8b7c-2fcea1114805@group-2717592FE90B-FollowerState] INFO  impl.FollowerState (FollowerState.java:run(143)) - 04351296-bb31-4c39-8b7c-2fcea1114805@group-2717592FE90B-FollowerState was interrupted: {}
java.lang.InterruptedException: sleep interrupted
	at java.lang.Thread.sleep(Native Method)
	at java.lang.Thread.sleep(Thread.java:340)
	at java.util.concurrent.TimeUnit.sleep(TimeUnit.java:386)
	at org.apache.ratis.util.TimeDuration.sleep(TimeDuration.java:324)
	at org.apache.ratis.util.TimeDuration.sleep(TimeDuration.java:309)
	at org.apache.ratis.server.impl.FollowerState.run(FollowerState.java:118)
2021-11-05 13:00:16,650 [grpc-default-executor-3] INFO  server.RaftServer$Division (RaftServerImpl.java:requestVote(1078)) - 04351296-bb31-4c39-8b7c-2fcea1114805@group-2717592FE90B replies to ELECTION vote request: fae3de48-3e9f-4cc7-8f85-17bb385fc42a<-04351296-bb31-4c39-8b7c-2fcea1114805#0:OK-t1. Peer's state: 04351296-bb31-4c39-8b7c-2fcea1114805@group-2717592FE90B:t1, leader=null, voted=fae3de48-3e9f-4cc7-8f85-17bb385fc42a, raftlog=04351296-bb31-4c39-8b7c-2fcea1114805@group-2717592FE90B-SegmentedRaftLog:OPENED:c-1, conf=-1: [fae3de48-3e9f-4cc7-8f85-17bb385fc42a|rpc:10.1.0.23:41205|dataStream:|priority:1, 04351296-bb31-4c39-8b7c-2fcea1114805|rpc:10.1.0.23:43337|dataStream:|priority:0, f63fc592-5921-4d2a-8a56-22c1aba49965|rpc:10.1.0.23:39383|dataStream:|priority:0], old=null
2021-11-05 13:00:16,660 [fae3de48-3e9f-4cc7-8f85-17bb385fc42a@group-2717592FE90B-LeaderElection96] INFO  impl.LeaderElection (LeaderElection.java:logAndReturn(89)) - fae3de48-3e9f-4cc7-8f85-17bb385fc42a@group-2717592FE90B-LeaderElection96: ELECTION PASSED received 1 response(s) and 0 exception(s):
2021-11-05 13:00:16,660 [fae3de48-3e9f-4cc7-8f85-17bb385fc42a@group-2717592FE90B-LeaderElection96] INFO  impl.LeaderElection (LeaderElection.java:logAndReturn(93)) -   Response 0: fae3de48-3e9f-4cc7-8f85-17bb385fc42a<-04351296-bb31-4c39-8b7c-2fcea1114805#0:OK-t1
2021-11-05 13:00:16,660 [fae3de48-3e9f-4cc7-8f85-17bb385fc42a@group-2717592FE90B-LeaderElection96] INFO  impl.LeaderElection (LeaderElection.java:askForVotes(308)) - fae3de48-3e9f-4cc7-8f85-17bb385fc42a@group-2717592FE90B-LeaderElection96 ELECTION round 0: result PASSED
2021-11-05 13:00:16,660 [fae3de48-3e9f-4cc7-8f85-17bb385fc42a@group-2717592FE90B-LeaderElection96] INFO  impl.RoleInfo (RoleInfo.java:shutdownLeaderElection(121)) - fae3de48-3e9f-4cc7-8f85-17bb385fc42a: shutdown fae3de48-3e9f-4cc7-8f85-17bb385fc42a@group-2717592FE90B-LeaderElection96
2021-11-05 13:00:16,660 [fae3de48-3e9f-4cc7-8f85-17bb385fc42a@group-2717592FE90B-LeaderElection96] INFO  server.RaftServer$Division (RaftServerImpl.java:setRole(290)) - fae3de48-3e9f-4cc7-8f85-17bb385fc42a@group-2717592FE90B: changes role from CANDIDATE to LEADER at term 1 for changeToLeader
2021-11-05 13:00:16,660 [fae3de48-3e9f-4cc7-8f85-17bb385fc42a@group-2717592FE90B-LeaderElection96] INFO  ratis.XceiverServerRatis (XceiverServerRatis.java:handleLeaderChangedNotification(866)) - Leader change notification received for group: group-2717592FE90B with new leaderId: fae3de48-3e9f-4cc7-8f85-17bb385fc42a
2021-11-05 13:00:16,660 [fae3de48-3e9f-4cc7-8f85-17bb385fc42a@group-2717592FE90B-LeaderElection96] INFO  server.RaftServer$Division (ServerState.java:setLeader(285)) - fae3de48-3e9f-4cc7-8f85-17bb385fc42a@group-2717592FE90B: change Leader from null to fae3de48-3e9f-4cc7-8f85-17bb385fc42a at term 1 for becomeLeader, leader elected after 5078ms
2021-11-05 13:00:16,660 [fae3de48-3e9f-4cc7-8f85-17bb385fc42a@group-2717592FE90B-LeaderElection96] INFO  server.RaftServerConfigKeys (ConfUtils.java:logGet(44)) - raft.server.staging.catchup.gap = 1000 (default)
2021-11-05 13:00:16,660 [fae3de48-3e9f-4cc7-8f85-17bb385fc42a@group-2717592FE90B-LeaderElection96] INFO  server.RaftServerConfigKeys (ConfUtils.java:logGet(44)) - raft.server.write.element-limit = 1024 (custom)
2021-11-05 13:00:16,660 [grpc-default-executor-3] INFO  server.RaftServer$Division (RaftServerImpl.java:requestVote(1046)) - f63fc592-5921-4d2a-8a56-22c1aba49965@group-2717592FE90B: receive requestVote(ELECTION, fae3de48-3e9f-4cc7-8f85-17bb385fc42a, group-2717592FE90B, 1, (t:0, i:0))
2021-11-05 13:00:16,660 [grpc-default-executor-3] INFO  impl.VoteContext (VoteContext.java:log(48)) - f63fc592-5921-4d2a-8a56-22c1aba49965@group-2717592FE90B-FOLLOWER: accept ELECTION from fae3de48-3e9f-4cc7-8f85-17bb385fc42a: our priority 0 <= candidate's priority 1
2021-11-05 13:00:16,661 [grpc-default-executor-3] INFO  server.RaftServer$Division (RaftServerImpl.java:setRole(290)) - f63fc592-5921-4d2a-8a56-22c1aba49965@group-2717592FE90B: changes role from  FOLLOWER to FOLLOWER at term 1 for candidate:fae3de48-3e9f-4cc7-8f85-17bb385fc42a
2021-11-05 13:00:16,661 [grpc-default-executor-3] INFO  impl.RoleInfo (RoleInfo.java:shutdownFollowerState(108)) - f63fc592-5921-4d2a-8a56-22c1aba49965: shutdown f63fc592-5921-4d2a-8a56-22c1aba49965@group-2717592FE90B-FollowerState
2021-11-05 13:00:16,661 [grpc-default-executor-3] INFO  impl.RoleInfo (RoleInfo.java:updateAndGet(130)) - f63fc592-5921-4d2a-8a56-22c1aba49965: start f63fc592-5921-4d2a-8a56-22c1aba49965@group-2717592FE90B-FollowerState
2021-11-05 13:00:16,660 [fae3de48-3e9f-4cc7-8f85-17bb385fc42a@group-2717592FE90B-LeaderElection96] INFO  server.RaftServerConfigKeys (ConfUtils.java:logGet(44)) - raft.server.write.byte-limit = 1024 M (=1073741824) (custom)
2021-11-05 13:00:16,661 [fae3de48-3e9f-4cc7-8f85-17bb385fc42a@group-2717592FE90B-LeaderElection96] INFO  server.RaftServerConfigKeys (ConfUtils.java:logGet(44)) - raft.server.watch.timeout = 3000ms (custom)
2021-11-05 13:00:16,661 [fae3de48-3e9f-4cc7-8f85-17bb385fc42a@group-2717592FE90B-LeaderElection96] INFO  server.RaftServerConfigKeys (ConfUtils.java:logGet(44)) - raft.server.watch.timeout.denomination = 1s (default)
2021-11-05 13:00:16,661 [fae3de48-3e9f-4cc7-8f85-17bb385fc42a@group-2717592FE90B-LeaderElection96] INFO  server.RaftServerConfigKeys (ConfUtils.java:logGet(44)) - raft.server.watch.element-limit = 65536 (default)
2021-11-05 13:00:16,661 [fae3de48-3e9f-4cc7-8f85-17bb385fc42a@group-2717592FE90B-LeaderElection96] INFO  server.RaftServerConfigKeys (ConfUtils.java:logGet(44)) - raft.server.write.element-limit = 1024 (custom)
2021-11-05 13:00:16,661 [fae3de48-3e9f-4cc7-8f85-17bb385fc42a@group-2717592FE90B-LeaderElection96] INFO  server.RaftServerConfigKeys (ConfUtils.java:logGet(44)) - raft.server.write.follower.gap.ratio.max = -1.0 (default)
2021-11-05 13:00:16,661 [fae3de48-3e9f-4cc7-8f85-17bb385fc42a@group-2717592FE90B-LeaderElection96] INFO  server.RaftServerConfigKeys (ConfUtils.java:logGet(44)) - raft.server.log.appender.snapshot.chunk.size.max = 16MB (=16777216) (default)
2021-11-05 13:00:16,662 [fae3de48-3e9f-4cc7-8f85-17bb385fc42a@group-2717592FE90B-LeaderElection96] INFO  server.RaftServerConfigKeys (ConfUtils.java:logGet(44)) - raft.server.log.appender.buffer.byte-limit = 33554432 (custom)
2021-11-05 13:00:16,662 [fae3de48-3e9f-4cc7-8f85-17bb385fc42a@group-2717592FE90B-LeaderElection96] INFO  server.RaftServerConfigKeys (ConfUtils.java:logGet(44)) - raft.server.log.appender.buffer.element-limit = 1 (custom)
2021-11-05 13:00:16,662 [f63fc592-5921-4d2a-8a56-22c1aba49965@group-2717592FE90B-FollowerState] INFO  impl.FollowerState (FollowerState.java:run(143)) - f63fc592-5921-4d2a-8a56-22c1aba49965@group-2717592FE90B-FollowerState was interrupted: {}
java.lang.InterruptedException: sleep interrupted
	at java.lang.Thread.sleep(Native Method)
	at java.lang.Thread.sleep(Thread.java:340)
	at java.util.concurrent.TimeUnit.sleep(TimeUnit.java:386)
	at org.apache.ratis.util.TimeDuration.sleep(TimeDuration.java:324)
	at org.apache.ratis.util.TimeDuration.sleep(TimeDuration.java:309)
	at org.apache.ratis.server.impl.FollowerState.run(FollowerState.java:118)
2021-11-05 13:00:16,663 [EventQueue-PipelineReportForPipelineReportHandler] INFO  pipeline.PipelineManagerImpl (PipelineManagerImpl.java:openPipeline(289)) - Pipeline Pipeline[ Id: 76f5f5e5-670c-4792-baeb-2717592fe90b, Nodes: 04351296-bb31-4c39-8b7c-2fcea1114805{ip: 10.1.0.23, host: fv-az151-875.yf2hydr00wburbhx3j5hxtcipe.bx.internal.cloudapp.net, ports: [REPLICATION=40621, RATIS=43337, RATIS_ADMIN=43337, RATIS_SERVER=43337, STANDALONE=45289], networkLocation: /default-rack, certSerialId: null, persistedOpState: IN_SERVICE, persistedOpStateExpiryEpochSec: 0}f63fc592-5921-4d2a-8a56-22c1aba49965{ip: 10.1.0.23, host: fv-az151-875.yf2hydr00wburbhx3j5hxtcipe.bx.internal.cloudapp.net, ports: [REPLICATION=40425, RATIS=39383, RATIS_ADMIN=39383, RATIS_SERVER=39383, STANDALONE=43527], networkLocation: /default-rack, certSerialId: null, persistedOpState: IN_SERVICE, persistedOpStateExpiryEpochSec: 0}fae3de48-3e9f-4cc7-8f85-17bb385fc42a{ip: 10.1.0.23, host: fv-az151-875.yf2hydr00wburbhx3j5hxtcipe.bx.internal.cloudapp.net, ports: [REPLICATION=35371, RATIS=41205, RATIS_ADMIN=41205, RATIS_SERVER=41205, STANDALONE=45749], networkLocation: /default-rack, certSerialId: null, persistedOpState: IN_SERVICE, persistedOpStateExpiryEpochSec: 0}, ReplicationConfig: RATIS/THREE, State:ALLOCATED, leaderId:fae3de48-3e9f-4cc7-8f85-17bb385fc42a, CreationTimestamp2021-11-05T13:00:09.484Z[Etc/UTC]] moved to OPEN state
2021-11-05 13:00:16,663 [fae3de48-3e9f-4cc7-8f85-17bb385fc42a@group-2717592FE90B-LeaderElection96] INFO  grpc.GrpcConfigKeys (ConfUtils.java:logGet(44)) - raft.grpc.server.leader.outstanding.appends.max = 128 (default)
2021-11-05 13:00:16,663 [fae3de48-3e9f-4cc7-8f85-17bb385fc42a@group-2717592FE90B-LeaderElection96] INFO  server.RaftServerConfigKeys (ConfUtils.java:logGet(44)) - raft.server.rpc.request.timeout = 3000ms (default)
2021-11-05 13:00:16,663 [fae3de48-3e9f-4cc7-8f85-17bb385fc42a@group-2717592FE90B-LeaderElection96] INFO  server.RaftServerConfigKeys (ConfUtils.java:logGet(44)) - raft.server.log.appender.install.snapshot.enabled = false (custom)
2021-11-05 13:00:16,664 [fae3de48-3e9f-4cc7-8f85-17bb385fc42a@group-2717592FE90B-LeaderElection96] INFO  server.RaftServerConfigKeys (ConfUtils.java:logGet(44)) - raft.server.log.appender.snapshot.chunk.size.max = 16MB (=16777216) (default)
2021-11-05 13:00:16,665 [fae3de48-3e9f-4cc7-8f85-17bb385fc42a@group-2717592FE90B-LeaderElection96] INFO  server.RaftServerConfigKeys (ConfUtils.java:logGet(44)) - raft.server.log.appender.buffer.byte-limit = 33554432 (custom)
2021-11-05 13:00:16,665 [fae3de48-3e9f-4cc7-8f85-17bb385fc42a@group-2717592FE90B-LeaderElection96] INFO  server.RaftServerConfigKeys (ConfUtils.java:logGet(44)) - raft.server.log.appender.buffer.element-limit = 1 (custom)
2021-11-05 13:00:16,665 [fae3de48-3e9f-4cc7-8f85-17bb385fc42a@group-2717592FE90B-LeaderElection96] INFO  grpc.GrpcConfigKeys (ConfUtils.java:logGet(44)) - raft.grpc.server.leader.outstanding.appends.max = 128 (default)
2021-11-05 13:00:16,665 [fae3de48-3e9f-4cc7-8f85-17bb385fc42a@group-2717592FE90B-LeaderElection96] INFO  server.RaftServerConfigKeys (ConfUtils.java:logGet(44)) - raft.server.rpc.request.timeout = 3000ms (default)
2021-11-05 13:00:16,665 [fae3de48-3e9f-4cc7-8f85-17bb385fc42a@group-2717592FE90B-LeaderElection96] INFO  server.RaftServerConfigKeys (ConfUtils.java:logGet(44)) - raft.server.log.appender.install.snapshot.enabled = false (custom)
2021-11-05 13:00:16,666 [fae3de48-3e9f-4cc7-8f85-17bb385fc42a@group-2717592FE90B-LeaderElection96] INFO  impl.RoleInfo (RoleInfo.java:updateAndGet(130)) - fae3de48-3e9f-4cc7-8f85-17bb385fc42a: start fae3de48-3e9f-4cc7-8f85-17bb385fc42a@group-2717592FE90B-LeaderStateImpl
2021-11-05 13:00:16,666 [fae3de48-3e9f-4cc7-8f85-17bb385fc42a@group-2717592FE90B-LeaderElection96] INFO  segmented.SegmentedRaftLogWorker (SegmentedRaftLogWorker.java:startLogSegment(394)) - fae3de48-3e9f-4cc7-8f85-17bb385fc42a@group-2717592FE90B-SegmentedRaftLogWorker: Starting segment from index:0
2021-11-05 13:00:16,667 [grpc-default-executor-3] INFO  server.RaftServer$Division (RaftServerImpl.java:requestVote(1078)) - f63fc592-5921-4d2a-8a56-22c1aba49965@group-2717592FE90B replies to ELECTION vote request: fae3de48-3e9f-4cc7-8f85-17bb385fc42a<-f63fc592-5921-4d2a-8a56-22c1aba49965#0:OK-t1. Peer's state: f63fc592-5921-4d2a-8a56-22c1aba49965@group-2717592FE90B:t1, leader=null, voted=fae3de48-3e9f-4cc7-8f85-17bb385fc42a, raftlog=f63fc592-5921-4d2a-8a56-22c1aba49965@group-2717592FE90B-SegmentedRaftLog:OPENED:c-1, conf=-1: [fae3de48-3e9f-4cc7-8f85-17bb385fc42a|rpc:10.1.0.23:41205|dataStream:|priority:1, 04351296-bb31-4c39-8b7c-2fcea1114805|rpc:10.1.0.23:43337|dataStream:|priority:0, f63fc592-5921-4d2a-8a56-22c1aba49965|rpc:10.1.0.23:39383|dataStream:|priority:0], old=null
2021-11-05 13:00:16,668 [fae3de48-3e9f-4cc7-8f85-17bb385fc42a@group-2717592FE90B-SegmentedRaftLogWorker] INFO  segmented.SegmentedRaftLogWorker (SegmentedRaftLogWorker.java:execute(601)) - fae3de48-3e9f-4cc7-8f85-17bb385fc42a@group-2717592FE90B-SegmentedRaftLogWorker: created new log segment /home/runner/work/ozone/ozone/hadoop-ozone/integration-test/target/test-dir/MiniOzoneClusterImpl-bdf76210-3e21-404e-9e17-65b92aec9f1a/datanode-3/data/ratis/76f5f5e5-670c-4792-baeb-2717592fe90b/current/log_inprogress_0
2021-11-05 13:00:16,757 [grpc-default-executor-4] INFO  ratis.XceiverServerRatis (XceiverServerRatis.java:handleLeaderChangedNotification(866)) - Leader change notification received for group: group-2717592FE90B with new leaderId: fae3de48-3e9f-4cc7-8f85-17bb385fc42a
2021-11-05 13:00:16,757 [grpc-default-executor-4] INFO  server.RaftServer$Division (ServerState.java:setLeader(285)) - f63fc592-5921-4d2a-8a56-22c1aba49965@group-2717592FE90B: change Leader from null to fae3de48-3e9f-4cc7-8f85-17bb385fc42a at term 1 for appendEntries, leader elected after 5011ms
2021-11-05 13:00:16,757 [fae3de48-3e9f-4cc7-8f85-17bb385fc42a@group-2717592FE90B-LeaderElection96] INFO  server.RaftServer$Division (ServerState.java:setRaftConf(387)) - fae3de48-3e9f-4cc7-8f85-17bb385fc42a@group-2717592FE90B: set configuration 0: [fae3de48-3e9f-4cc7-8f85-17bb385fc42a|rpc:10.1.0.23:41205|dataStream:|priority:1, 04351296-bb31-4c39-8b7c-2fcea1114805|rpc:10.1.0.23:43337|dataStream:|priority:0, f63fc592-5921-4d2a-8a56-22c1aba49965|rpc:10.1.0.23:39383|dataStream:|priority:0], old=null
2021-11-05 13:00:16,758 [grpc-default-executor-2] INFO  ratis.XceiverServerRatis (XceiverServerRatis.java:handleLeaderChangedNotification(866)) - Leader change notification received for group: group-2717592FE90B with new leaderId: fae3de48-3e9f-4cc7-8f85-17bb385fc42a
2021-11-05 13:00:16,758 [grpc-default-executor-2] INFO  server.RaftServer$Division (ServerState.java:setLeader(285)) - 04351296-bb31-4c39-8b7c-2fcea1114805@group-2717592FE90B: change Leader from null to fae3de48-3e9f-4cc7-8f85-17bb385fc42a at term 1 for appendEntries, leader elected after 5117ms
2021-11-05 13:00:16,779 [f63fc592-5921-4d2a-8a56-22c1aba49965@group-9C3501DB6FAE-FollowerState] INFO  impl.FollowerState (FollowerState.java:run(134)) - f63fc592-5921-4d2a-8a56-22c1aba49965@group-9C3501DB6FAE-FollowerState: change to CANDIDATE, lastRpcElapsedTime:5045161096ns, electionTimeout:5041ms
2021-11-05 13:00:16,779 [f63fc592-5921-4d2a-8a56-22c1aba49965@group-9C3501DB6FAE-FollowerState] INFO  impl.RoleInfo (RoleInfo.java:shutdownFollowerState(108)) - f63fc592-5921-4d2a-8a56-22c1aba49965: shutdown f63fc592-5921-4d2a-8a56-22c1aba49965@group-9C3501DB6FAE-FollowerState
2021-11-05 13:00:16,779 [f63fc592-5921-4d2a-8a56-22c1aba49965@group-9C3501DB6FAE-FollowerState] INFO  server.RaftServer$Division (RaftServerImpl.java:setRole(290)) - f63fc592-5921-4d2a-8a56-22c1aba49965@group-9C3501DB6FAE: changes role from  FOLLOWER to CANDIDATE at term 0 for changeToCandidate
2021-11-05 13:00:16,785 [f63fc592-5921-4d2a-8a56-22c1aba49965@group-9C3501DB6FAE-FollowerState] INFO  server.RaftServerConfigKeys (ConfUtils.java:logGet(44)) - raft.server.leaderelection.pre-vote = false (custom)
2021-11-05 13:00:16,785 [f63fc592-5921-4d2a-8a56-22c1aba49965@group-9C3501DB6FAE-FollowerState] INFO  impl.RoleInfo (RoleInfo.java:updateAndGet(130)) - f63fc592-5921-4d2a-8a56-22c1aba49965: start f63fc592-5921-4d2a-8a56-22c1aba49965@group-9C3501DB6FAE-LeaderElection97
2021-11-05 13:00:16,803 [grpc-default-executor-4] INFO  server.RaftServer$Division (ServerState.java:setRaftConf(387)) - f63fc592-5921-4d2a-8a56-22c1aba49965@group-2717592FE90B: set configuration 0: [fae3de48-3e9f-4cc7-8f85-17bb385fc42a|rpc:10.1.0.23:41205|dataStream:|priority:1, 04351296-bb31-4c39-8b7c-2fcea1114805|rpc:10.1.0.23:43337|dataStream:|priority:0, f63fc592-5921-4d2a-8a56-22c1aba49965|rpc:10.1.0.23:39383|dataStream:|priority:0], old=null
2021-11-05 13:00:16,804 [grpc-default-executor-4] INFO  segmented.SegmentedRaftLogWorker (SegmentedRaftLogWorker.java:startLogSegment(394)) - f63fc592-5921-4d2a-8a56-22c1aba49965@group-2717592FE90B-SegmentedRaftLogWorker: Starting segment from index:0
2021-11-05 13:00:16,844 [f63fc592-5921-4d2a-8a56-22c1aba49965@group-2717592FE90B-SegmentedRaftLogWorker] INFO  segmented.SegmentedRaftLogWorker (SegmentedRaftLogWorker.java:execute(601)) - f63fc592-5921-4d2a-8a56-22c1aba49965@group-2717592FE90B-SegmentedRaftLogWorker: created new log segment /home/runner/work/ozone/ozone/hadoop-ozone/integration-test/target/test-dir/MiniOzoneClusterImpl-bdf76210-3e21-404e-9e17-65b92aec9f1a/datanode-4/data/ratis/76f5f5e5-670c-4792-baeb-2717592fe90b/current/log_inprogress_0
2021-11-05 13:00:16,849 [f63fc592-5921-4d2a-8a56-22c1aba49965@group-9C3501DB6FAE-LeaderElection97] INFO  impl.LeaderElection (LeaderElection.java:askForVotes(306)) - f63fc592-5921-4d2a-8a56-22c1aba49965@group-9C3501DB6FAE-LeaderElection97 ELECTION round 0: submit vote requests at term 1 for -1: [f63fc592-5921-4d2a-8a56-22c1aba49965|rpc:10.1.0.23:39383|priority:1], old=null
2021-11-05 13:00:16,849 [f63fc592-5921-4d2a-8a56-22c1aba49965@group-9C3501DB6FAE-LeaderElection97] INFO  impl.LeaderElection (LeaderElection.java:askForVotes(308)) - f63fc592-5921-4d2a-8a56-22c1aba49965@group-9C3501DB6FAE-LeaderElection97 ELECTION round 0: result PASSED (term=1)
2021-11-05 13:00:16,849 [f63fc592-5921-4d2a-8a56-22c1aba49965@group-9C3501DB6FAE-LeaderElection97] INFO  impl.RoleInfo (RoleInfo.java:shutdownLeaderElection(121)) - f63fc592-5921-4d2a-8a56-22c1aba49965: shutdown f63fc592-5921-4d2a-8a56-22c1aba49965@group-9C3501DB6FAE-LeaderElection97
2021-11-05 13:00:16,849 [f63fc592-5921-4d2a-8a56-22c1aba49965@group-9C3501DB6FAE-LeaderElection97] INFO  server.RaftServer$Division (RaftServerImpl.java:setRole(290)) - f63fc592-5921-4d2a-8a56-22c1aba49965@group-9C3501DB6FAE: changes role from CANDIDATE to LEADER at term 1 for changeToLeader
2021-11-05 13:00:16,849 [f63fc592-5921-4d2a-8a56-22c1aba49965@group-9C3501DB6FAE-LeaderElection97] INFO  ratis.XceiverServerRatis (XceiverServerRatis.java:handleLeaderChangedNotification(866)) - Leader change notification received for group: group-9C3501DB6FAE with new leaderId: f63fc592-5921-4d2a-8a56-22c1aba49965
2021-11-05 13:00:16,849 [f63fc592-5921-4d2a-8a56-22c1aba49965@group-9C3501DB6FAE-LeaderElection97] INFO  server.RaftServer$Division (ServerState.java:setLeader(285)) - f63fc592-5921-4d2a-8a56-22c1aba49965@group-9C3501DB6FAE: change Leader from null to f63fc592-5921-4d2a-8a56-22c1aba49965 at term 1 for becomeLeader, leader elected after 5163ms
2021-11-05 13:00:16,849 [f63fc592-5921-4d2a-8a56-22c1aba49965@group-9C3501DB6FAE-LeaderElection97] INFO  server.RaftServerConfigKeys (ConfUtils.java:logGet(44)) - raft.server.staging.catchup.gap = 1000 (default)
2021-11-05 13:00:16,849 [f63fc592-5921-4d2a-8a56-22c1aba49965@group-9C3501DB6FAE-LeaderElection97] INFO  server.RaftServerConfigKeys (ConfUtils.java:logGet(44)) - raft.server.write.element-limit = 1024 (custom)
2021-11-05 13:00:16,849 [f63fc592-5921-4d2a-8a56-22c1aba49965@group-9C3501DB6FAE-LeaderElection97] INFO  server.RaftServerConfigKeys (ConfUtils.java:logGet(44)) - raft.server.write.byte-limit = 1024 M (=1073741824) (custom)
2021-11-05 13:00:16,850 [f63fc592-5921-4d2a-8a56-22c1aba49965@group-9C3501DB6FAE-LeaderElection97] INFO  server.RaftServerConfigKeys (ConfUtils.java:logGet(44)) - raft.server.watch.timeout = 3000ms (custom)
2021-11-05 13:00:16,850 [f63fc592-5921-4d2a-8a56-22c1aba49965@group-9C3501DB6FAE-LeaderElection97] INFO  server.RaftServerConfigKeys (ConfUtils.java:logGet(44)) - raft.server.watch.timeout.denomination = 1s (default)
2021-11-05 13:00:16,850 [f63fc592-5921-4d2a-8a56-22c1aba49965@group-9C3501DB6FAE-LeaderElection97] INFO  server.RaftServerConfigKeys (ConfUtils.java:logGet(44)) - raft.server.watch.element-limit = 65536 (default)
2021-11-05 13:00:16,850 [f63fc592-5921-4d2a-8a56-22c1aba49965@group-9C3501DB6FAE-LeaderElection97] INFO  server.RaftServerConfigKeys (ConfUtils.java:logGet(44)) - raft.server.write.element-limit = 1024 (custom)
2021-11-05 13:00:16,850 [f63fc592-5921-4d2a-8a56-22c1aba49965@group-9C3501DB6FAE-LeaderElection97] INFO  server.RaftServerConfigKeys (ConfUtils.java:logGet(44)) - raft.server.write.follower.gap.ratio.max = -1.0 (default)
2021-11-05 13:00:16,850 [f63fc592-5921-4d2a-8a56-22c1aba49965@group-9C3501DB6FAE-LeaderElection97] INFO  impl.RoleInfo (RoleInfo.java:updateAndGet(130)) - f63fc592-5921-4d2a-8a56-22c1aba49965: start f63fc592-5921-4d2a-8a56-22c1aba49965@group-9C3501DB6FAE-LeaderStateImpl
2021-11-05 13:00:16,850 [f63fc592-5921-4d2a-8a56-22c1aba49965@group-9C3501DB6FAE-LeaderElection97] INFO  segmented.SegmentedRaftLogWorker (SegmentedRaftLogWorker.java:startLogSegment(394)) - f63fc592-5921-4d2a-8a56-22c1aba49965@group-9C3501DB6FAE-SegmentedRaftLogWorker: Starting segment from index:0
2021-11-05 13:00:16,851 [grpc-default-executor-2] INFO  server.RaftServer$Division (ServerState.java:setRaftConf(387)) - 04351296-bb31-4c39-8b7c-2fcea1114805@group-2717592FE90B: set configuration 0: [fae3de48-3e9f-4cc7-8f85-17bb385fc42a|rpc:10.1.0.23:41205|dataStream:|priority:1, 04351296-bb31-4c39-8b7c-2fcea1114805|rpc:10.1.0.23:43337|dataStream:|priority:0, f63fc592-5921-4d2a-8a56-22c1aba49965|rpc:10.1.0.23:39383|dataStream:|priority:0], old=null
2021-11-05 13:00:16,852 [grpc-default-executor-2] INFO  segmented.SegmentedRaftLogWorker (SegmentedRaftLogWorker.java:startLogSegment(394)) - 04351296-bb31-4c39-8b7c-2fcea1114805@group-2717592FE90B-SegmentedRaftLogWorker: Starting segment from index:0
2021-11-05 13:00:16,853 [f63fc592-5921-4d2a-8a56-22c1aba49965@group-9C3501DB6FAE-SegmentedRaftLogWorker] INFO  segmented.SegmentedRaftLogWorker (SegmentedRaftLogWorker.java:execute(601)) - f63fc592-5921-4d2a-8a56-22c1aba49965@group-9C3501DB6FAE-SegmentedRaftLogWorker: created new log segment /home/runner/work/ozone/ozone/hadoop-ozone/integration-test/target/test-dir/MiniOzoneClusterImpl-bdf76210-3e21-404e-9e17-65b92aec9f1a/datanode-4/data/ratis/3417dacd-ff16-41a1-8a71-9c3501db6fae/current/log_inprogress_0
2021-11-05 13:00:16,860 [f63fc592-5921-4d2a-8a56-22c1aba49965@group-9C3501DB6FAE-LeaderElection97] INFO  server.RaftServer$Division (ServerState.java:setRaftConf(387)) - f63fc592-5921-4d2a-8a56-22c1aba49965@group-9C3501DB6FAE: set configuration 0: [f63fc592-5921-4d2a-8a56-22c1aba49965|rpc:10.1.0.23:39383|dataStream:|priority:1], old=null
2021-11-05 13:00:16,874 [04351296-bb31-4c39-8b7c-2fcea1114805@group-2717592FE90B-SegmentedRaftLogWorker] INFO  segmented.SegmentedRaftLogWorker (SegmentedRaftLogWorker.java:execute(601)) - 04351296-bb31-4c39-8b7c-2fcea1114805@group-2717592FE90B-SegmentedRaftLogWorker: created new log segment /home/runner/work/ozone/ozone/hadoop-ozone/integration-test/target/test-dir/MiniOzoneClusterImpl-bdf76210-3e21-404e-9e17-65b92aec9f1a/datanode-5/data/ratis/76f5f5e5-670c-4792-baeb-2717592fe90b/current/log_inprogress_0
2021-11-05 13:00:16,981 [f63fc592-5921-4d2a-8a56-22c1aba49965@group-321DBB24BC0F-FollowerState] INFO  impl.FollowerState (FollowerState.java:run(134)) - f63fc592-5921-4d2a-8a56-22c1aba49965@group-321DBB24BC0F-FollowerState: change to CANDIDATE, lastRpcElapsedTime:5105394940ns, electionTimeout:5100ms
2021-11-05 13:00:16,981 [f63fc592-5921-4d2a-8a56-22c1aba49965@group-321DBB24BC0F-FollowerState] INFO  impl.RoleInfo (RoleInfo.java:shutdownFollowerState(108)) - f63fc592-5921-4d2a-8a56-22c1aba49965: shutdown f63fc592-5921-4d2a-8a56-22c1aba49965@group-321DBB24BC0F-FollowerState
2021-11-05 13:00:16,981 [f63fc592-5921-4d2a-8a56-22c1aba49965@group-321DBB24BC0F-FollowerState] INFO  server.RaftServer$Division (RaftServerImpl.java:setRole(290)) - f63fc592-5921-4d2a-8a56-22c1aba49965@group-321DBB24BC0F: changes role from  FOLLOWER to CANDIDATE at term 0 for changeToCandidate
2021-11-05 13:00:16,981 [f63fc592-5921-4d2a-8a56-22c1aba49965@group-321DBB24BC0F-FollowerState] INFO  server.RaftServerConfigKeys (ConfUtils.java:logGet(44)) - raft.server.leaderelection.pre-vote = false (custom)
2021-11-05 13:00:16,982 [f63fc592-5921-4d2a-8a56-22c1aba49965@group-321DBB24BC0F-FollowerState] INFO  impl.RoleInfo (RoleInfo.java:updateAndGet(130)) - f63fc592-5921-4d2a-8a56-22c1aba49965: start f63fc592-5921-4d2a-8a56-22c1aba49965@group-321DBB24BC0F-LeaderElection98
2021-11-05 13:00:17,008 [f63fc592-5921-4d2a-8a56-22c1aba49965@group-321DBB24BC0F-LeaderElection98] INFO  impl.LeaderElection (LeaderElection.java:askForVotes(306)) - f63fc592-5921-4d2a-8a56-22c1aba49965@group-321DBB24BC0F-LeaderElection98 ELECTION round 0: submit vote requests at term 1 for -1: [fae3de48-3e9f-4cc7-8f85-17bb385fc42a|rpc:10.1.0.23:41205|priority:0, 04351296-bb31-4c39-8b7c-2fcea1114805|rpc:10.1.0.23:43337|priority:1, f63fc592-5921-4d2a-8a56-22c1aba49965|rpc:10.1.0.23:39383|priority:0], old=null
2021-11-05 13:00:17,045 [grpc-default-executor-2] INFO  server.RaftServer$Division (RaftServerImpl.java:requestVote(1046)) - fae3de48-3e9f-4cc7-8f85-17bb385fc42a@group-321DBB24BC0F: receive requestVote(ELECTION, f63fc592-5921-4d2a-8a56-22c1aba49965, group-321DBB24BC0F, 1, (t:0, i:0))
2021-11-05 13:00:17,045 [grpc-default-executor-2] INFO  impl.VoteContext (VoteContext.java:log(48)) - fae3de48-3e9f-4cc7-8f85-17bb385fc42a@group-321DBB24BC0F-FOLLOWER: accept ELECTION from f63fc592-5921-4d2a-8a56-22c1aba49965: our priority 0 <= candidate's priority 0
2021-11-05 13:00:17,045 [grpc-default-executor-2] INFO  server.RaftServer$Division (RaftServerImpl.java:setRole(290)) - fae3de48-3e9f-4cc7-8f85-17bb385fc42a@group-321DBB24BC0F: changes role from  FOLLOWER to FOLLOWER at term 1 for candidate:f63fc592-5921-4d2a-8a56-22c1aba49965
2021-11-05 13:00:17,045 [grpc-default-executor-2] INFO  impl.RoleInfo (RoleInfo.java:shutdownFollowerState(108)) - fae3de48-3e9f-4cc7-8f85-17bb385fc42a: shutdown fae3de48-3e9f-4cc7-8f85-17bb385fc42a@group-321DBB24BC0F-FollowerState
2021-11-05 13:00:17,046 [grpc-default-executor-2] INFO  impl.RoleInfo (RoleInfo.java:updateAndGet(130)) - fae3de48-3e9f-4cc7-8f85-17bb385fc42a: start fae3de48-3e9f-4cc7-8f85-17bb385fc42a@group-321DBB24BC0F-FollowerState
2021-11-05 13:00:17,072 [grpc-default-executor-3] INFO  server.RaftServer$Division (RaftServerImpl.java:requestVote(1046)) - 04351296-bb31-4c39-8b7c-2fcea1114805@group-321DBB24BC0F: receive requestVote(ELECTION, f63fc592-5921-4d2a-8a56-22c1aba49965, group-321DBB24BC0F, 1, (t:0, i:0))
2021-11-05 13:00:17,072 [grpc-default-executor-3] INFO  impl.VoteContext (VoteContext.java:log(48)) - 04351296-bb31-4c39-8b7c-2fcea1114805@group-321DBB24BC0F-FOLLOWER: reject ELECTION from f63fc592-5921-4d2a-8a56-22c1aba49965: our priority 1 > candidate's priority 0
2021-11-05 13:00:17,073 [grpc-default-executor-3] INFO  server.RaftServer$Division (RaftServerImpl.java:setRole(290)) - 04351296-bb31-4c39-8b7c-2fcea1114805@group-321DBB24BC0F: changes role from  FOLLOWER to FOLLOWER at term 1 for candidate:f63fc592-5921-4d2a-8a56-22c1aba49965
2021-11-05 13:00:17,073 [grpc-default-executor-3] INFO  impl.RoleInfo (RoleInfo.java:shutdownFollowerState(108)) - 04351296-bb31-4c39-8b7c-2fcea1114805: shutdown 04351296-bb31-4c39-8b7c-2fcea1114805@group-321DBB24BC0F-FollowerState
2021-11-05 13:00:17,073 [grpc-default-executor-3] INFO  impl.RoleInfo (RoleInfo.java:updateAndGet(130)) - 04351296-bb31-4c39-8b7c-2fcea1114805: start 04351296-bb31-4c39-8b7c-2fcea1114805@group-321DBB24BC0F-FollowerState
2021-11-05 13:00:17,073 [04351296-bb31-4c39-8b7c-2fcea1114805@group-321DBB24BC0F-FollowerState] INFO  impl.FollowerState (FollowerState.java:run(143)) - 04351296-bb31-4c39-8b7c-2fcea1114805@group-321DBB24BC0F-FollowerState was interrupted: {}
java.lang.InterruptedException: sleep interrupted
	at java.lang.Thread.sleep(Native Method)
	at java.lang.Thread.sleep(Thread.java:340)
	at java.util.concurrent.TimeUnit.sleep(TimeUnit.java:386)
	at org.apache.ratis.util.TimeDuration.sleep(TimeDuration.java:324)
	at org.apache.ratis.util.TimeDuration.sleep(TimeDuration.java:309)
	at org.apache.ratis.server.impl.FollowerState.run(FollowerState.java:118)
2021-11-05 13:00:17,092 [fae3de48-3e9f-4cc7-8f85-17bb385fc42a@group-321DBB24BC0F-FollowerState] INFO  impl.FollowerState (FollowerState.java:run(143)) - fae3de48-3e9f-4cc7-8f85-17bb385fc42a@group-321DBB24BC0F-FollowerState was interrupted: {}
java.lang.InterruptedException: sleep interrupted
	at java.lang.Thread.sleep(Native Method)
	at java.lang.Thread.sleep(Thread.java:340)
	at java.util.concurrent.TimeUnit.sleep(TimeUnit.java:386)
	at org.apache.ratis.util.TimeDuration.sleep(TimeDuration.java:324)
	at org.apache.ratis.util.TimeDuration.sleep(TimeDuration.java:309)
	at org.apache.ratis.server.impl.FollowerState.run(FollowerState.java:118)
2021-11-05 13:00:17,093 [grpc-default-executor-3] INFO  server.RaftServer$Division (RaftServerImpl.java:requestVote(1078)) - 04351296-bb31-4c39-8b7c-2fcea1114805@group-321DBB24BC0F replies to ELECTION vote request: f63fc592-5921-4d2a-8a56-22c1aba49965<-04351296-bb31-4c39-8b7c-2fcea1114805#0:FAIL-t1. Peer's state: 04351296-bb31-4c39-8b7c-2fcea1114805@group-321DBB24BC0F:t1, leader=null, voted=null, raftlog=04351296-bb31-4c39-8b7c-2fcea1114805@group-321DBB24BC0F-SegmentedRaftLog:OPENED:c-1, conf=-1: [fae3de48-3e9f-4cc7-8f85-17bb385fc42a|rpc:10.1.0.23:41205|dataStream:|priority:0, 04351296-bb31-4c39-8b7c-2fcea1114805|rpc:10.1.0.23:43337|dataStream:|priority:1, f63fc592-5921-4d2a-8a56-22c1aba49965|rpc:10.1.0.23:39383|dataStream:|priority:0], old=null
2021-11-05 13:00:17,104 [f63fc592-5921-4d2a-8a56-22c1aba49965@group-321DBB24BC0F-LeaderElection98] INFO  impl.LeaderElection (LeaderElection.java:logAndReturn(89)) - f63fc592-5921-4d2a-8a56-22c1aba49965@group-321DBB24BC0F-LeaderElection98: ELECTION REJECTED received 1 response(s) and 0 exception(s):
2021-11-05 13:00:17,104 [f63fc592-5921-4d2a-8a56-22c1aba49965@group-321DBB24BC0F-LeaderElection98] INFO  impl.LeaderElection (LeaderElection.java:logAndReturn(93)) -   Response 0: f63fc592-5921-4d2a-8a56-22c1aba49965<-04351296-bb31-4c39-8b7c-2fcea1114805#0:FAIL-t1
2021-11-05 13:00:17,104 [f63fc592-5921-4d2a-8a56-22c1aba49965@group-321DBB24BC0F-LeaderElection98] INFO  impl.LeaderElection (LeaderElection.java:askForVotes(308)) - f63fc592-5921-4d2a-8a56-22c1aba49965@group-321DBB24BC0F-LeaderElection98 ELECTION round 0: result REJECTED
2021-11-05 13:00:17,104 [f63fc592-5921-4d2a-8a56-22c1aba49965@group-321DBB24BC0F-LeaderElection98] INFO  server.RaftServer$Division (RaftServerImpl.java:setRole(290)) - f63fc592-5921-4d2a-8a56-22c1aba49965@group-321DBB24BC0F: changes role from CANDIDATE to FOLLOWER at term 1 for REJECTED
2021-11-05 13:00:17,104 [f63fc592-5921-4d2a-8a56-22c1aba49965@group-321DBB24BC0F-LeaderElection98] INFO  impl.RoleInfo (RoleInfo.java:shutdownLeaderElection(121)) - f63fc592-5921-4d2a-8a56-22c1aba49965: shutdown f63fc592-5921-4d2a-8a56-22c1aba49965@group-321DBB24BC0F-LeaderElection98
2021-11-05 13:00:17,104 [f63fc592-5921-4d2a-8a56-22c1aba49965@group-321DBB24BC0F-LeaderElection98] INFO  impl.RoleInfo (RoleInfo.java:updateAndGet(130)) - f63fc592-5921-4d2a-8a56-22c1aba49965: start f63fc592-5921-4d2a-8a56-22c1aba49965@group-321DBB24BC0F-FollowerState
2021-11-05 13:00:17,113 [grpc-default-executor-2] INFO  server.RaftServer$Division (RaftServerImpl.java:requestVote(1078)) - fae3de48-3e9f-4cc7-8f85-17bb385fc42a@group-321DBB24BC0F replies to ELECTION vote request: f63fc592-5921-4d2a-8a56-22c1aba49965<-fae3de48-3e9f-4cc7-8f85-17bb385fc42a#0:OK-t1. Peer's state: fae3de48-3e9f-4cc7-8f85-17bb385fc42a@group-321DBB24BC0F:t1, leader=null, voted=f63fc592-5921-4d2a-8a56-22c1aba49965, raftlog=fae3de48-3e9f-4cc7-8f85-17bb385fc42a@group-321DBB24BC0F-SegmentedRaftLog:OPENED:c-1, conf=-1: [fae3de48-3e9f-4cc7-8f85-17bb385fc42a|rpc:10.1.0.23:41205|priority:0, 04351296-bb31-4c39-8b7c-2fcea1114805|rpc:10.1.0.23:43337|priority:1, f63fc592-5921-4d2a-8a56-22c1aba49965|rpc:10.1.0.23:39383|priority:0], old=null
2021-11-05 13:00:17,493 [04351296-bb31-4c39-8b7c-2fcea1114805@group-5696FCACB92B-FollowerState] INFO  impl.FollowerState (FollowerState.java:run(134)) - 04351296-bb31-4c39-8b7c-2fcea1114805@group-5696FCACB92B-FollowerState: change to CANDIDATE, lastRpcElapsedTime:5010682422ns, electionTimeout:5000ms
2021-11-05 13:00:17,493 [04351296-bb31-4c39-8b7c-2fcea1114805@group-5696FCACB92B-FollowerState] INFO  impl.RoleInfo (RoleInfo.java:shutdownFollowerState(108)) - 04351296-bb31-4c39-8b7c-2fcea1114805: shutdown 04351296-bb31-4c39-8b7c-2fcea1114805@group-5696FCACB92B-FollowerState
2021-11-05 13:00:17,493 [04351296-bb31-4c39-8b7c-2fcea1114805@group-5696FCACB92B-FollowerState] INFO  server.RaftServer$Division (RaftServerImpl.java:setRole(290)) - 04351296-bb31-4c39-8b7c-2fcea1114805@group-5696FCACB92B: changes role from  FOLLOWER to CANDIDATE at term 0 for changeToCandidate
2021-11-05 13:00:17,496 [04351296-bb31-4c39-8b7c-2fcea1114805@group-5696FCACB92B-FollowerState] INFO  server.RaftServerConfigKeys (ConfUtils.java:logGet(44)) - raft.server.leaderelection.pre-vote = false (custom)
2021-11-05 13:00:17,496 [04351296-bb31-4c39-8b7c-2fcea1114805@group-5696FCACB92B-FollowerState] INFO  impl.RoleInfo (RoleInfo.java:updateAndGet(130)) - 04351296-bb31-4c39-8b7c-2fcea1114805: start 04351296-bb31-4c39-8b7c-2fcea1114805@group-5696FCACB92B-LeaderElection99
2021-11-05 13:00:17,532 [04351296-bb31-4c39-8b7c-2fcea1114805@group-5696FCACB92B-LeaderElection99] INFO  impl.LeaderElection (LeaderElection.java:askForVotes(306)) - 04351296-bb31-4c39-8b7c-2fcea1114805@group-5696FCACB92B-LeaderElection99 ELECTION round 0: submit vote requests at term 1 for -1: [04351296-bb31-4c39-8b7c-2fcea1114805|rpc:10.1.0.23:43337|priority:1], old=null
2021-11-05 13:00:17,532 [04351296-bb31-4c39-8b7c-2fcea1114805@group-5696FCACB92B-LeaderElection99] INFO  impl.LeaderElection (LeaderElection.java:askForVotes(308)) - 04351296-bb31-4c39-8b7c-2fcea1114805@group-5696FCACB92B-LeaderElection99 ELECTION round 0: result PASSED (term=1)
2021-11-05 13:00:17,532 [04351296-bb31-4c39-8b7c-2fcea1114805@group-5696FCACB92B-LeaderElection99] INFO  impl.RoleInfo (RoleInfo.java:shutdownLeaderElection(121)) - 04351296-bb31-4c39-8b7c-2fcea1114805: shutdown 04351296-bb31-4c39-8b7c-2fcea1114805@group-5696FCACB92B-LeaderElection99
2021-11-05 13:00:17,532 [04351296-bb31-4c39-8b7c-2fcea1114805@group-5696FCACB92B-LeaderElection99] INFO  server.RaftServer$Division (RaftServerImpl.java:setRole(290)) - 04351296-bb31-4c39-8b7c-2fcea1114805@group-5696FCACB92B: changes role from CANDIDATE to LEADER at term 1 for changeToLeader
2021-11-05 13:00:17,532 [04351296-bb31-4c39-8b7c-2fcea1114805@group-5696FCACB92B-LeaderElection99] INFO  ratis.XceiverServerRatis (XceiverServerRatis.java:handleLeaderChangedNotification(866)) - Leader change notification received for group: group-5696FCACB92B with new leaderId: 04351296-bb31-4c39-8b7c-2fcea1114805
2021-11-05 13:00:17,534 [04351296-bb31-4c39-8b7c-2fcea1114805@group-5696FCACB92B-LeaderElection99] INFO  server.RaftServer$Division (ServerState.java:setLeader(285)) - 04351296-bb31-4c39-8b7c-2fcea1114805@group-5696FCACB92B: change Leader from null to 04351296-bb31-4c39-8b7c-2fcea1114805 at term 1 for becomeLeader, leader elected after 5055ms
2021-11-05 13:00:17,535 [04351296-bb31-4c39-8b7c-2fcea1114805@group-5696FCACB92B-LeaderElection99] INFO  server.RaftServerConfigKeys (ConfUtils.java:logGet(44)) - raft.server.staging.catchup.gap = 1000 (default)
2021-11-05 13:00:17,548 [04351296-bb31-4c39-8b7c-2fcea1114805@group-5696FCACB92B-LeaderElection99] INFO  server.RaftServerConfigKeys (ConfUtils.java:logGet(44)) - raft.server.write.element-limit = 1024 (custom)
2021-11-05 13:00:17,550 [04351296-bb31-4c39-8b7c-2fcea1114805@group-5696FCACB92B-LeaderElection99] INFO  server.RaftServerConfigKeys (ConfUtils.java:logGet(44)) - raft.server.write.byte-limit = 1024 M (=1073741824) (custom)
2021-11-05 13:00:17,556 [04351296-bb31-4c39-8b7c-2fcea1114805@group-5696FCACB92B-LeaderElection99] INFO  server.RaftServerConfigKeys (ConfUtils.java:logGet(44)) - raft.server.watch.timeout = 3000ms (custom)
2021-11-05 13:00:17,557 [04351296-bb31-4c39-8b7c-2fcea1114805@group-5696FCACB92B-LeaderElection99] INFO  server.RaftServerConfigKeys (ConfUtils.java:logGet(44)) - raft.server.watch.timeout.denomination = 1s (default)
2021-11-05 13:00:17,557 [04351296-bb31-4c39-8b7c-2fcea1114805@group-5696FCACB92B-LeaderElection99] INFO  server.RaftServerConfigKeys (ConfUtils.java:logGet(44)) - raft.server.watch.element-limit = 65536 (default)
2021-11-05 13:00:17,557 [04351296-bb31-4c39-8b7c-2fcea1114805@group-5696FCACB92B-LeaderElection99] INFO  server.RaftServerConfigKeys (ConfUtils.java:logGet(44)) - raft.server.write.element-limit = 1024 (custom)
2021-11-05 13:00:17,557 [04351296-bb31-4c39-8b7c-2fcea1114805@group-5696FCACB92B-LeaderElection99] INFO  server.RaftServerConfigKeys (ConfUtils.java:logGet(44)) - raft.server.write.follower.gap.ratio.max = -1.0 (default)
2021-11-05 13:00:17,557 [04351296-bb31-4c39-8b7c-2fcea1114805@group-5696FCACB92B-LeaderElection99] INFO  impl.RoleInfo (RoleInfo.java:updateAndGet(130)) - 04351296-bb31-4c39-8b7c-2fcea1114805: start 04351296-bb31-4c39-8b7c-2fcea1114805@group-5696FCACB92B-LeaderStateImpl
2021-11-05 13:00:17,558 [04351296-bb31-4c39-8b7c-2fcea1114805@group-5696FCACB92B-LeaderElection99] INFO  segmented.SegmentedRaftLogWorker (SegmentedRaftLogWorker.java:startLogSegment(394)) - 04351296-bb31-4c39-8b7c-2fcea1114805@group-5696FCACB92B-SegmentedRaftLogWorker: Starting segment from index:0
2021-11-05 13:00:17,560 [04351296-bb31-4c39-8b7c-2fcea1114805@group-5696FCACB92B-SegmentedRaftLogWorker] INFO  segmented.SegmentedRaftLogWorker (SegmentedRaftLogWorker.java:execute(601)) - 04351296-bb31-4c39-8b7c-2fcea1114805@group-5696FCACB92B-SegmentedRaftLogWorker: created new log segment /home/runner/work/ozone/ozone/hadoop-ozone/integration-test/target/test-dir/MiniOzoneClusterImpl-bdf76210-3e21-404e-9e17-65b92aec9f1a/datanode-5/data/ratis/4734e41e-899c-454a-8436-5696fcacb92b/current/log_inprogress_0
2021-11-05 13:00:17,579 [04351296-bb31-4c39-8b7c-2fcea1114805@group-5696FCACB92B-LeaderElection99] INFO  server.RaftServer$Division (ServerState.java:setRaftConf(387)) - 04351296-bb31-4c39-8b7c-2fcea1114805@group-5696FCACB92B: set configuration 0: [04351296-bb31-4c39-8b7c-2fcea1114805|rpc:10.1.0.23:43337|dataStream:|priority:1], old=null
2021-11-05 13:00:18,359 [3ae4cb20-15ad-4779-a013-5b0fdc3aaee7@group-5D93FA255116-FollowerState] INFO  impl.FollowerState (FollowerState.java:run(134)) - 3ae4cb20-15ad-4779-a013-5b0fdc3aaee7@group-5D93FA255116-FollowerState: change to CANDIDATE, lastRpcElapsedTime:5034885256ns, electionTimeout:5031ms
2021-11-05 13:00:18,359 [3ae4cb20-15ad-4779-a013-5b0fdc3aaee7@group-5D93FA255116-FollowerState] INFO  impl.RoleInfo (RoleInfo.java:shutdownFollowerState(108)) - 3ae4cb20-15ad-4779-a013-5b0fdc3aaee7: shutdown 3ae4cb20-15ad-4779-a013-5b0fdc3aaee7@group-5D93FA255116-FollowerState
2021-11-05 13:00:18,359 [3ae4cb20-15ad-4779-a013-5b0fdc3aaee7@group-5D93FA255116-FollowerState] INFO  server.RaftServer$Division (RaftServerImpl.java:setRole(290)) - 3ae4cb20-15ad-4779-a013-5b0fdc3aaee7@group-5D93FA255116: changes role from  FOLLOWER to CANDIDATE at term 1 for changeToCandidate
2021-11-05 13:00:18,359 [3ae4cb20-15ad-4779-a013-5b0fdc3aaee7@group-5D93FA255116-FollowerState] INFO  server.RaftServerConfigKeys (ConfUtils.java:logGet(44)) - raft.server.leaderelection.pre-vote = false (custom)
2021-11-05 13:00:18,359 [3ae4cb20-15ad-4779-a013-5b0fdc3aaee7@group-5D93FA255116-FollowerState] INFO  impl.RoleInfo (RoleInfo.java:updateAndGet(130)) - 3ae4cb20-15ad-4779-a013-5b0fdc3aaee7: start 3ae4cb20-15ad-4779-a013-5b0fdc3aaee7@group-5D93FA255116-LeaderElection100
2021-11-05 13:00:18,387 [3ae4cb20-15ad-4779-a013-5b0fdc3aaee7@group-5D93FA255116-LeaderElection100] INFO  impl.LeaderElection (LeaderElection.java:askForVotes(306)) - 3ae4cb20-15ad-4779-a013-5b0fdc3aaee7@group-5D93FA255116-LeaderElection100 ELECTION round 0: submit vote requests at term 2 for -1: [76ef4e66-eace-4a3b-a369-d2a815523a61|rpc:10.1.0.23:41987|dataStream:|priority:0, fa45fd2a-a6ef-4106-9a44-777d17a8e8f4|rpc:10.1.0.23:43989|dataStream:|priority:0, 3ae4cb20-15ad-4779-a013-5b0fdc3aaee7|rpc:10.1.0.23:35115|dataStream:|priority:1], old=null
2021-11-05 13:00:18,389 [grpc-default-executor-2] INFO  server.RaftServer$Division (RaftServerImpl.java:requestVote(1046)) - 76ef4e66-eace-4a3b-a369-d2a815523a61@group-5D93FA255116: receive requestVote(ELECTION, 3ae4cb20-15ad-4779-a013-5b0fdc3aaee7, group-5D93FA255116, 2, (t:0, i:0))
2021-11-05 13:00:18,389 [grpc-default-executor-2] INFO  impl.VoteContext (VoteContext.java:log(48)) - 76ef4e66-eace-4a3b-a369-d2a815523a61@group-5D93FA255116-FOLLOWER: accept ELECTION from 3ae4cb20-15ad-4779-a013-5b0fdc3aaee7: our priority 0 <= candidate's priority 1
2021-11-05 13:00:18,389 [grpc-default-executor-2] INFO  server.RaftServer$Division (RaftServerImpl.java:setRole(290)) - 76ef4e66-eace-4a3b-a369-d2a815523a61@group-5D93FA255116: changes role from  FOLLOWER to FOLLOWER at term 2 for candidate:3ae4cb20-15ad-4779-a013-5b0fdc3aaee7
2021-11-05 13:00:18,389 [grpc-default-executor-2] INFO  impl.RoleInfo (RoleInfo.java:shutdownFollowerState(108)) - 76ef4e66-eace-4a3b-a369-d2a815523a61: shutdown 76ef4e66-eace-4a3b-a369-d2a815523a61@group-5D93FA255116-FollowerState
2021-11-05 13:00:18,389 [76ef4e66-eace-4a3b-a369-d2a815523a61@group-5D93FA255116-FollowerState] INFO  impl.FollowerState (FollowerState.java:run(143)) - 76ef4e66-eace-4a3b-a369-d2a815523a61@group-5D93FA255116-FollowerState was interrupted: {}
java.lang.InterruptedException: sleep interrupted
	at java.lang.Thread.sleep(Native Method)
	at java.lang.Thread.sleep(Thread.java:340)
	at java.util.concurrent.TimeUnit.sleep(TimeUnit.java:386)
	at org.apache.ratis.util.TimeDuration.sleep(TimeDuration.java:324)
	at org.apache.ratis.util.TimeDuration.sleep(TimeDuration.java:309)
	at org.apache.ratis.server.impl.FollowerState.run(FollowerState.java:118)
2021-11-05 13:00:18,389 [grpc-default-executor-2] INFO  impl.RoleInfo (RoleInfo.java:updateAndGet(130)) - 76ef4e66-eace-4a3b-a369-d2a815523a61: start 76ef4e66-eace-4a3b-a369-d2a815523a61@group-5D93FA255116-FollowerState
2021-11-05 13:00:18,400 [grpc-default-executor-2] INFO  server.RaftServer$Division (RaftServerImpl.java:requestVote(1078)) - 76ef4e66-eace-4a3b-a369-d2a815523a61@group-5D93FA255116 replies to ELECTION vote request: 3ae4cb20-15ad-4779-a013-5b0fdc3aaee7<-76ef4e66-eace-4a3b-a369-d2a815523a61#0:OK-t2. Peer's state: 76ef4e66-eace-4a3b-a369-d2a815523a61@group-5D93FA255116:t2, leader=null, voted=3ae4cb20-15ad-4779-a013-5b0fdc3aaee7, raftlog=76ef4e66-eace-4a3b-a369-d2a815523a61@group-5D93FA255116-SegmentedRaftLog:OPENED:c-1, conf=-1: [76ef4e66-eace-4a3b-a369-d2a815523a61|rpc:10.1.0.23:41987|priority:0, fa45fd2a-a6ef-4106-9a44-777d17a8e8f4|rpc:10.1.0.23:43989|priority:0, 3ae4cb20-15ad-4779-a013-5b0fdc3aaee7|rpc:10.1.0.23:35115|priority:1], old=null
2021-11-05 13:00:18,401 [3ae4cb20-15ad-4779-a013-5b0fdc3aaee7@group-5D93FA255116-LeaderElection100] INFO  impl.LeaderElection (LeaderElection.java:logAndReturn(89)) - 3ae4cb20-15ad-4779-a013-5b0fdc3aaee7@group-5D93FA255116-LeaderElection100: ELECTION PASSED received 1 response(s) and 0 exception(s):
2021-11-05 13:00:18,401 [3ae4cb20-15ad-4779-a013-5b0fdc3aaee7@group-5D93FA255116-LeaderElection100] INFO  impl.LeaderElection (LeaderElection.java:logAndReturn(93)) -   Response 0: 3ae4cb20-15ad-4779-a013-5b0fdc3aaee7<-76ef4e66-eace-4a3b-a369-d2a815523a61#0:OK-t2
2021-11-05 13:00:18,401 [3ae4cb20-15ad-4779-a013-5b0fdc3aaee7@group-5D93FA255116-LeaderElection100] INFO  impl.LeaderElection (LeaderElection.java:askForVotes(308)) - 3ae4cb20-15ad-4779-a013-5b0fdc3aaee7@group-5D93FA255116-LeaderElection100 ELECTION round 0: result PASSED
2021-11-05 13:00:18,401 [3ae4cb20-15ad-4779-a013-5b0fdc3aaee7@group-5D93FA255116-LeaderElection100] INFO  impl.RoleInfo (RoleInfo.java:shutdownLeaderElection(121)) - 3ae4cb20-15ad-4779-a013-5b0fdc3aaee7: shutdown 3ae4cb20-15ad-4779-a013-5b0fdc3aaee7@group-5D93FA255116-LeaderElection100
2021-11-05 13:00:18,401 [3ae4cb20-15ad-4779-a013-5b0fdc3aaee7@group-5D93FA255116-LeaderElection100] INFO  server.RaftServer$Division (RaftServerImpl.java:setRole(290)) - 3ae4cb20-15ad-4779-a013-5b0fdc3aaee7@group-5D93FA255116: changes role from CANDIDATE to LEADER at term 2 for changeToLeader
2021-11-05 13:00:18,401 [3ae4cb20-15ad-4779-a013-5b0fdc3aaee7@group-5D93FA255116-LeaderElection100] INFO  ratis.XceiverServerRatis (XceiverServerRatis.java:handleLeaderChangedNotification(866)) - Leader change notification received for group: group-5D93FA255116 with new leaderId: 3ae4cb20-15ad-4779-a013-5b0fdc3aaee7
2021-11-05 13:00:18,402 [3ae4cb20-15ad-4779-a013-5b0fdc3aaee7@group-5D93FA255116-LeaderElection100] INFO  server.RaftServer$Division (ServerState.java:setLeader(285)) - 3ae4cb20-15ad-4779-a013-5b0fdc3aaee7@group-5D93FA255116: change Leader from null to 3ae4cb20-15ad-4779-a013-5b0fdc3aaee7 at term 2 for becomeLeader, leader elected after 10177ms
2021-11-05 13:00:18,402 [3ae4cb20-15ad-4779-a013-5b0fdc3aaee7@group-5D93FA255116-LeaderElection100] INFO  server.RaftServerConfigKeys (ConfUtils.java:logGet(44)) - raft.server.staging.catchup.gap = 1000 (default)
2021-11-05 13:00:18,402 [3ae4cb20-15ad-4779-a013-5b0fdc3aaee7@group-5D93FA255116-LeaderElection100] INFO  server.RaftServerConfigKeys (ConfUtils.java:logGet(44)) - raft.server.write.element-limit = 1024 (custom)
2021-11-05 13:00:18,402 [3ae4cb20-15ad-4779-a013-5b0fdc3aaee7@group-5D93FA255116-LeaderElection100] INFO  server.RaftServerConfigKeys (ConfUtils.java:logGet(44)) - raft.server.write.byte-limit = 1024 M (=1073741824) (custom)
2021-11-05 13:00:18,402 [3ae4cb20-15ad-4779-a013-5b0fdc3aaee7@group-5D93FA255116-LeaderElection100] INFO  server.RaftServerConfigKeys (ConfUtils.java:logGet(44)) - raft.server.watch.timeout = 3000ms (custom)
2021-11-05 13:00:18,402 [3ae4cb20-15ad-4779-a013-5b0fdc3aaee7@group-5D93FA255116-LeaderElection100] INFO  server.RaftServerConfigKeys (ConfUtils.java:logGet(44)) - raft.server.watch.timeout.denomination = 1s (default)
2021-11-05 13:00:18,402 [3ae4cb20-15ad-4779-a013-5b0fdc3aaee7@group-5D93FA255116-LeaderElection100] INFO  server.RaftServerConfigKeys (ConfUtils.java:logGet(44)) - raft.server.watch.element-limit = 65536 (default)
2021-11-05 13:00:18,402 [3ae4cb20-15ad-4779-a013-5b0fdc3aaee7@group-5D93FA255116-LeaderElection100] INFO  server.RaftServerConfigKeys (ConfUtils.java:logGet(44)) - raft.server.write.element-limit = 1024 (custom)
2021-11-05 13:00:18,402 [3ae4cb20-15ad-4779-a013-5b0fdc3aaee7@group-5D93FA255116-LeaderElection100] INFO  server.RaftServerConfigKeys (ConfUtils.java:logGet(44)) - raft.server.write.follower.gap.ratio.max = -1.0 (default)
2021-11-05 13:00:18,403 [3ae4cb20-15ad-4779-a013-5b0fdc3aaee7@group-5D93FA255116-LeaderElection100] INFO  server.RaftServerConfigKeys (ConfUtils.java:logGet(44)) - raft.server.log.appender.snapshot.chunk.size.max = 16MB (=16777216) (default)
2021-11-05 13:00:18,403 [3ae4cb20-15ad-4779-a013-5b0fdc3aaee7@group-5D93FA255116-LeaderElection100] INFO  server.RaftServerConfigKeys (ConfUtils.java:logGet(44)) - raft.server.log.appender.buffer.byte-limit = 33554432 (custom)
2021-11-05 13:00:18,403 [3ae4cb20-15ad-4779-a013-5b0fdc3aaee7@group-5D93FA255116-LeaderElection100] INFO  server.RaftServerConfigKeys (ConfUtils.java:logGet(44)) - raft.server.log.appender.buffer.element-limit = 1 (custom)
2021-11-05 13:00:18,403 [3ae4cb20-15ad-4779-a013-5b0fdc3aaee7@group-5D93FA255116-LeaderElection100] INFO  grpc.GrpcConfigKeys (ConfUtils.java:logGet(44)) - raft.grpc.server.leader.outstanding.appends.max = 128 (default)
2021-11-05 13:00:18,403 [3ae4cb20-15ad-4779-a013-5b0fdc3aaee7@group-5D93FA255116-LeaderElection100] INFO  server.RaftServerConfigKeys (ConfUtils.java:logGet(44)) - raft.server.rpc.request.timeout = 3000ms (default)
2021-11-05 13:00:18,403 [3ae4cb20-15ad-4779-a013-5b0fdc3aaee7@group-5D93FA255116-LeaderElection100] INFO  server.RaftServerConfigKeys (ConfUtils.java:logGet(44)) - raft.server.log.appender.install.snapshot.enabled = false (custom)
2021-11-05 13:00:18,405 [EventQueue-PipelineReportForPipelineReportHandler] INFO  pipeline.PipelineManagerImpl (PipelineManagerImpl.java:openPipeline(289)) - Pipeline Pipeline[ Id: bb7091f3-c5ce-4e13-86bd-5d93fa255116, Nodes: 76ef4e66-eace-4a3b-a369-d2a815523a61{ip: 10.1.0.23, host: fv-az151-875.yf2hydr00wburbhx3j5hxtcipe.bx.internal.cloudapp.net, ports: [REPLICATION=43087, RATIS=41987, RATIS_ADMIN=41987, RATIS_SERVER=41987, STANDALONE=45779], networkLocation: /default-rack, certSerialId: null, persistedOpState: IN_SERVICE, persistedOpStateExpiryEpochSec: 0}fa45fd2a-a6ef-4106-9a44-777d17a8e8f4{ip: 10.1.0.23, host: fv-az151-875.yf2hydr00wburbhx3j5hxtcipe.bx.internal.cloudapp.net, ports: [REPLICATION=35839, RATIS=43989, RATIS_ADMIN=43989, RATIS_SERVER=43989, STANDALONE=44877], networkLocation: /default-rack, certSerialId: null, persistedOpState: IN_SERVICE, persistedOpStateExpiryEpochSec: 0}3ae4cb20-15ad-4779-a013-5b0fdc3aaee7{ip: 10.1.0.23, host: fv-az151-875.yf2hydr00wburbhx3j5hxtcipe.bx.internal.cloudapp.net, ports: [REPLICATION=39333, RATIS=35115, RATIS_ADMIN=35115, RATIS_SERVER=35115, STANDALONE=41693], networkLocation: /default-rack, certSerialId: null, persistedOpState: IN_SERVICE, persistedOpStateExpiryEpochSec: 0}, ReplicationConfig: RATIS/THREE, State:ALLOCATED, leaderId:3ae4cb20-15ad-4779-a013-5b0fdc3aaee7, CreationTimestamp2021-11-05T13:00:07.009Z[Etc/UTC]] moved to OPEN state
2021-11-05 13:00:18,413 [3ae4cb20-15ad-4779-a013-5b0fdc3aaee7@group-5D93FA255116-LeaderElection100] INFO  server.RaftServerConfigKeys (ConfUtils.java:logGet(44)) - raft.server.log.appender.snapshot.chunk.size.max = 16MB (=16777216) (default)
2021-11-05 13:00:18,413 [3ae4cb20-15ad-4779-a013-5b0fdc3aaee7@group-5D93FA255116-LeaderElection100] INFO  server.RaftServerConfigKeys (ConfUtils.java:logGet(44)) - raft.server.log.appender.buffer.byte-limit = 33554432 (custom)
2021-11-05 13:00:18,413 [3ae4cb20-15ad-4779-a013-5b0fdc3aaee7@group-5D93FA255116-LeaderElection100] INFO  server.RaftServerConfigKeys (ConfUtils.java:logGet(44)) - raft.server.log.appender.buffer.element-limit = 1 (custom)
2021-11-05 13:00:18,413 [3ae4cb20-15ad-4779-a013-5b0fdc3aaee7@group-5D93FA255116-LeaderElection100] INFO  grpc.GrpcConfigKeys (ConfUtils.java:logGet(44)) - raft.grpc.server.leader.outstanding.appends.max = 128 (default)
2021-11-05 13:00:18,413 [3ae4cb20-15ad-4779-a013-5b0fdc3aaee7@group-5D93FA255116-LeaderElection100] INFO  server.RaftServerConfigKeys (ConfUtils.java:logGet(44)) - raft.server.rpc.request.timeout = 3000ms (default)
2021-11-05 13:00:18,413 [3ae4cb20-15ad-4779-a013-5b0fdc3aaee7@group-5D93FA255116-LeaderElection100] INFO  server.RaftServerConfigKeys (ConfUtils.java:logGet(44)) - raft.server.log.appender.install.snapshot.enabled = false (custom)
2021-11-05 13:00:18,413 [grpc-default-executor-2] INFO  server.RaftServer$Division (RaftServerImpl.java:requestVote(1046)) - fa45fd2a-a6ef-4106-9a44-777d17a8e8f4@group-5D93FA255116: receive requestVote(ELECTION, 3ae4cb20-15ad-4779-a013-5b0fdc3aaee7, group-5D93FA255116, 2, (t:0, i:0))
2021-11-05 13:00:18,414 [grpc-default-executor-2] INFO  impl.VoteContext (VoteContext.java:log(48)) - fa45fd2a-a6ef-4106-9a44-777d17a8e8f4@group-5D93FA255116-FOLLOWER: accept ELECTION from 3ae4cb20-15ad-4779-a013-5b0fdc3aaee7: our priority 0 <= candidate's priority 1
2021-11-05 13:00:18,414 [grpc-default-executor-2] INFO  server.RaftServer$Division (RaftServerImpl.java:setRole(290)) - fa45fd2a-a6ef-4106-9a44-777d17a8e8f4@group-5D93FA255116: changes role from  FOLLOWER to FOLLOWER at term 2 for candidate:3ae4cb20-15ad-4779-a013-5b0fdc3aaee7
2021-11-05 13:00:18,414 [grpc-default-executor-2] INFO  impl.RoleInfo (RoleInfo.java:shutdownFollowerState(108)) - fa45fd2a-a6ef-4106-9a44-777d17a8e8f4: shutdown fa45fd2a-a6ef-4106-9a44-777d17a8e8f4@group-5D93FA255116-FollowerState
2021-11-05 13:00:18,414 [grpc-default-executor-2] INFO  impl.RoleInfo (RoleInfo.java:updateAndGet(130)) - fa45fd2a-a6ef-4106-9a44-777d17a8e8f4: start fa45fd2a-a6ef-4106-9a44-777d17a8e8f4@group-5D93FA255116-FollowerState
2021-11-05 13:00:18,414 [3ae4cb20-15ad-4779-a013-5b0fdc3aaee7@group-5D93FA255116-LeaderElection100] INFO  impl.RoleInfo (RoleInfo.java:updateAndGet(130)) - 3ae4cb20-15ad-4779-a013-5b0fdc3aaee7: start 3ae4cb20-15ad-4779-a013-5b0fdc3aaee7@group-5D93FA255116-LeaderStateImpl
2021-11-05 13:00:18,415 [3ae4cb20-15ad-4779-a013-5b0fdc3aaee7@group-5D93FA255116-LeaderElection100] INFO  segmented.SegmentedRaftLogWorker (SegmentedRaftLogWorker.java:startLogSegment(394)) - 3ae4cb20-15ad-4779-a013-5b0fdc3aaee7@group-5D93FA255116-SegmentedRaftLogWorker: Starting segment from index:0
2021-11-05 13:00:18,416 [3ae4cb20-15ad-4779-a013-5b0fdc3aaee7@group-5D93FA255116-SegmentedRaftLogWorker] INFO  segmented.SegmentedRaftLogWorker (SegmentedRaftLogWorker.java:execute(601)) - 3ae4cb20-15ad-4779-a013-5b0fdc3aaee7@group-5D93FA255116-SegmentedRaftLogWorker: created new log segment /home/runner/work/ozone/ozone/hadoop-ozone/integration-test/target/test-dir/MiniOzoneClusterImpl-bdf76210-3e21-404e-9e17-65b92aec9f1a/datanode-2/data/ratis/bb7091f3-c5ce-4e13-86bd-5d93fa255116/current/log_inprogress_0
2021-11-05 13:00:18,417 [grpc-default-executor-2] INFO  server.RaftServer$Division (RaftServerImpl.java:requestVote(1078)) - fa45fd2a-a6ef-4106-9a44-777d17a8e8f4@group-5D93FA255116 replies to ELECTION vote request: 3ae4cb20-15ad-4779-a013-5b0fdc3aaee7<-fa45fd2a-a6ef-4106-9a44-777d17a8e8f4#0:OK-t2. Peer's state: fa45fd2a-a6ef-4106-9a44-777d17a8e8f4@group-5D93FA255116:t2, leader=null, voted=3ae4cb20-15ad-4779-a013-5b0fdc3aaee7, raftlog=fa45fd2a-a6ef-4106-9a44-777d17a8e8f4@group-5D93FA255116-SegmentedRaftLog:OPENED:c-1, conf=-1: [76ef4e66-eace-4a3b-a369-d2a815523a61|rpc:10.1.0.23:41987|dataStream:|priority:0, fa45fd2a-a6ef-4106-9a44-777d17a8e8f4|rpc:10.1.0.23:43989|dataStream:|priority:0, 3ae4cb20-15ad-4779-a013-5b0fdc3aaee7|rpc:10.1.0.23:35115|dataStream:|priority:1], old=null
2021-11-05 13:00:18,419 [3ae4cb20-15ad-4779-a013-5b0fdc3aaee7@group-5D93FA255116-LeaderElection100] INFO  server.RaftServer$Division (ServerState.java:setRaftConf(387)) - 3ae4cb20-15ad-4779-a013-5b0fdc3aaee7@group-5D93FA255116: set configuration 0: [76ef4e66-eace-4a3b-a369-d2a815523a61|rpc:10.1.0.23:41987|dataStream:|priority:0, fa45fd2a-a6ef-4106-9a44-777d17a8e8f4|rpc:10.1.0.23:43989|dataStream:|priority:0, 3ae4cb20-15ad-4779-a013-5b0fdc3aaee7|rpc:10.1.0.23:35115|dataStream:|priority:1], old=null
2021-11-05 13:00:18,421 [grpc-default-executor-3] INFO  ratis.XceiverServerRatis (XceiverServerRatis.java:handleLeaderChangedNotification(866)) - Leader change notification received for group: group-5D93FA255116 with new leaderId: 3ae4cb20-15ad-4779-a013-5b0fdc3aaee7
2021-11-05 13:00:18,421 [grpc-default-executor-3] INFO  server.RaftServer$Division (ServerState.java:setLeader(285)) - fa45fd2a-a6ef-4106-9a44-777d17a8e8f4@group-5D93FA255116: change Leader from null to 3ae4cb20-15ad-4779-a013-5b0fdc3aaee7 at term 2 for appendEntries, leader elected after 10312ms
2021-11-05 13:00:18,423 [grpc-default-executor-2] INFO  ratis.XceiverServerRatis (XceiverServerRatis.java:handleLeaderChangedNotification(866)) - Leader change notification received for group: group-5D93FA255116 with new leaderId: 3ae4cb20-15ad-4779-a013-5b0fdc3aaee7
2021-11-05 13:00:18,423 [grpc-default-executor-2] INFO  server.RaftServer$Division (ServerState.java:setLeader(285)) - 76ef4e66-eace-4a3b-a369-d2a815523a61@group-5D93FA255116: change Leader from null to 3ae4cb20-15ad-4779-a013-5b0fdc3aaee7 at term 2 for appendEntries, leader elected after 10441ms
2021-11-05 13:00:18,430 [grpc-default-executor-3] INFO  server.RaftServer$Division (ServerState.java:setRaftConf(387)) - fa45fd2a-a6ef-4106-9a44-777d17a8e8f4@group-5D93FA255116: set configuration 0: [76ef4e66-eace-4a3b-a369-d2a815523a61|rpc:10.1.0.23:41987|dataStream:|priority:0, fa45fd2a-a6ef-4106-9a44-777d17a8e8f4|rpc:10.1.0.23:43989|dataStream:|priority:0, 3ae4cb20-15ad-4779-a013-5b0fdc3aaee7|rpc:10.1.0.23:35115|dataStream:|priority:1], old=null
2021-11-05 13:00:18,431 [grpc-default-executor-3] INFO  segmented.SegmentedRaftLogWorker (SegmentedRaftLogWorker.java:startLogSegment(394)) - fa45fd2a-a6ef-4106-9a44-777d17a8e8f4@group-5D93FA255116-SegmentedRaftLogWorker: Starting segment from index:0
2021-11-05 13:00:18,431 [grpc-default-executor-3] INFO  server.RaftServer$Division (ServerState.java:setRaftConf(387)) - 76ef4e66-eace-4a3b-a369-d2a815523a61@group-5D93FA255116: set configuration 0: [76ef4e66-eace-4a3b-a369-d2a815523a61|rpc:10.1.0.23:41987|dataStream:|priority:0, fa45fd2a-a6ef-4106-9a44-777d17a8e8f4|rpc:10.1.0.23:43989|dataStream:|priority:0, 3ae4cb20-15ad-4779-a013-5b0fdc3aaee7|rpc:10.1.0.23:35115|dataStream:|priority:1], old=null
2021-11-05 13:00:18,432 [fa45fd2a-a6ef-4106-9a44-777d17a8e8f4@group-5D93FA255116-SegmentedRaftLogWorker] INFO  segmented.SegmentedRaftLogWorker (SegmentedRaftLogWorker.java:execute(601)) - fa45fd2a-a6ef-4106-9a44-777d17a8e8f4@group-5D93FA255116-SegmentedRaftLogWorker: created new log segment /home/runner/work/ozone/ozone/hadoop-ozone/integration-test/target/test-dir/MiniOzoneClusterImpl-bdf76210-3e21-404e-9e17-65b92aec9f1a/datanode-1/data/ratis/bb7091f3-c5ce-4e13-86bd-5d93fa255116/current/log_inprogress_0
2021-11-05 13:00:18,436 [fa45fd2a-a6ef-4106-9a44-777d17a8e8f4@group-5D93FA255116-FollowerState] INFO  impl.FollowerState (FollowerState.java:run(143)) - fa45fd2a-a6ef-4106-9a44-777d17a8e8f4@group-5D93FA255116-FollowerState was interrupted: {}
java.lang.InterruptedException: sleep interrupted
	at java.lang.Thread.sleep(Native Method)
	at java.lang.Thread.sleep(Thread.java:340)
	at java.util.concurrent.TimeUnit.sleep(TimeUnit.java:386)
	at org.apache.ratis.util.TimeDuration.sleep(TimeDuration.java:324)
	at org.apache.ratis.util.TimeDuration.sleep(TimeDuration.java:309)
	at org.apache.ratis.server.impl.FollowerState.run(FollowerState.java:118)
2021-11-05 13:00:18,436 [grpc-default-executor-3] INFO  segmented.SegmentedRaftLogWorker (SegmentedRaftLogWorker.java:startLogSegment(394)) - 76ef4e66-eace-4a3b-a369-d2a815523a61@group-5D93FA255116-SegmentedRaftLogWorker: Starting segment from index:0
2021-11-05 13:00:18,438 [76ef4e66-eace-4a3b-a369-d2a815523a61@group-5D93FA255116-SegmentedRaftLogWorker] INFO  segmented.SegmentedRaftLogWorker (SegmentedRaftLogWorker.java:execute(601)) - 76ef4e66-eace-4a3b-a369-d2a815523a61@group-5D93FA255116-SegmentedRaftLogWorker: created new log segment /home/runner/work/ozone/ozone/hadoop-ozone/integration-test/target/test-dir/MiniOzoneClusterImpl-bdf76210-3e21-404e-9e17-65b92aec9f1a/datanode-0/data/ratis/bb7091f3-c5ce-4e13-86bd-5d93fa255116/current/log_inprogress_0
2021-11-05 13:00:18,529 [f0359a9b-bc21-4a61-b53d-8d2dd84c6fc1@group-95BEF8C5E0E6-FollowerState] INFO  impl.FollowerState (FollowerState.java:run(134)) - f0359a9b-bc21-4a61-b53d-8d2dd84c6fc1@group-95BEF8C5E0E6-FollowerState: change to CANDIDATE, lastRpcElapsedTime:5078366585ns, electionTimeout:5038ms
2021-11-05 13:00:18,530 [f0359a9b-bc21-4a61-b53d-8d2dd84c6fc1@group-95BEF8C5E0E6-FollowerState] INFO  impl.RoleInfo (RoleInfo.java:shutdownFollowerState(108)) - f0359a9b-bc21-4a61-b53d-8d2dd84c6fc1: shutdown f0359a9b-bc21-4a61-b53d-8d2dd84c6fc1@group-95BEF8C5E0E6-FollowerState
2021-11-05 13:00:18,530 [f0359a9b-bc21-4a61-b53d-8d2dd84c6fc1@group-95BEF8C5E0E6-FollowerState] INFO  server.RaftServer$Division (RaftServerImpl.java:setRole(290)) - f0359a9b-bc21-4a61-b53d-8d2dd84c6fc1@group-95BEF8C5E0E6: changes role from  FOLLOWER to CANDIDATE at term 0 for changeToCandidate
2021-11-05 13:00:18,535 [f0359a9b-bc21-4a61-b53d-8d2dd84c6fc1@group-95BEF8C5E0E6-FollowerState] INFO  server.RaftServerConfigKeys (ConfUtils.java:logGet(44)) - raft.server.leaderelection.pre-vote = false (custom)
2021-11-05 13:00:18,535 [f0359a9b-bc21-4a61-b53d-8d2dd84c6fc1@group-95BEF8C5E0E6-FollowerState] INFO  impl.RoleInfo (RoleInfo.java:updateAndGet(130)) - f0359a9b-bc21-4a61-b53d-8d2dd84c6fc1: start f0359a9b-bc21-4a61-b53d-8d2dd84c6fc1@group-95BEF8C5E0E6-LeaderElection101
2021-11-05 13:00:18,588 [f0359a9b-bc21-4a61-b53d-8d2dd84c6fc1@group-95BEF8C5E0E6-LeaderElection101] INFO  impl.LeaderElection (LeaderElection.java:askForVotes(306)) - f0359a9b-bc21-4a61-b53d-8d2dd84c6fc1@group-95BEF8C5E0E6-LeaderElection101 ELECTION round 0: submit vote requests at term 1 for -1: [f0359a9b-bc21-4a61-b53d-8d2dd84c6fc1|rpc:10.1.0.23:44285|priority:1], old=null
2021-11-05 13:00:18,588 [f0359a9b-bc21-4a61-b53d-8d2dd84c6fc1@group-95BEF8C5E0E6-LeaderElection101] INFO  impl.LeaderElection (LeaderElection.java:askForVotes(308)) - f0359a9b-bc21-4a61-b53d-8d2dd84c6fc1@group-95BEF8C5E0E6-LeaderElection101 ELECTION round 0: result PASSED (term=1)
2021-11-05 13:00:18,588 [f0359a9b-bc21-4a61-b53d-8d2dd84c6fc1@group-95BEF8C5E0E6-LeaderElection101] INFO  impl.RoleInfo (RoleInfo.java:shutdownLeaderElection(121)) - f0359a9b-bc21-4a61-b53d-8d2dd84c6fc1: shutdown f0359a9b-bc21-4a61-b53d-8d2dd84c6fc1@group-95BEF8C5E0E6-LeaderElection101
2021-11-05 13:00:18,588 [f0359a9b-bc21-4a61-b53d-8d2dd84c6fc1@group-95BEF8C5E0E6-LeaderElection101] INFO  server.RaftServer$Division (RaftServerImpl.java:setRole(290)) - f0359a9b-bc21-4a61-b53d-8d2dd84c6fc1@group-95BEF8C5E0E6: changes role from CANDIDATE to LEADER at term 1 for changeToLeader
2021-11-05 13:00:18,588 [f0359a9b-bc21-4a61-b53d-8d2dd84c6fc1@group-95BEF8C5E0E6-LeaderElection101] INFO  ratis.XceiverServerRatis (XceiverServerRatis.java:handleLeaderChangedNotification(866)) - Leader change notification received for group: group-95BEF8C5E0E6 with new leaderId: f0359a9b-bc21-4a61-b53d-8d2dd84c6fc1
2021-11-05 13:00:18,588 [f0359a9b-bc21-4a61-b53d-8d2dd84c6fc1@group-95BEF8C5E0E6-LeaderElection101] INFO  server.RaftServer$Division (ServerState.java:setLeader(285)) - f0359a9b-bc21-4a61-b53d-8d2dd84c6fc1@group-95BEF8C5E0E6: change Leader from null to f0359a9b-bc21-4a61-b53d-8d2dd84c6fc1 at term 1 for becomeLeader, leader elected after 5143ms
2021-11-05 13:00:18,588 [f0359a9b-bc21-4a61-b53d-8d2dd84c6fc1@group-95BEF8C5E0E6-LeaderElection101] INFO  server.RaftServerConfigKeys (ConfUtils.java:logGet(44)) - raft.server.staging.catchup.gap = 1000 (default)
2021-11-05 13:00:18,589 [f0359a9b-bc21-4a61-b53d-8d2dd84c6fc1@group-95BEF8C5E0E6-LeaderElection101] INFO  server.RaftServerConfigKeys (ConfUtils.java:logGet(44)) - raft.server.write.element-limit = 1024 (custom)
2021-11-05 13:00:18,589 [f0359a9b-bc21-4a61-b53d-8d2dd84c6fc1@group-95BEF8C5E0E6-LeaderElection101] INFO  server.RaftServerConfigKeys (ConfUtils.java:logGet(44)) - raft.server.write.byte-limit = 1024 M (=1073741824) (custom)
2021-11-05 13:00:18,589 [f0359a9b-bc21-4a61-b53d-8d2dd84c6fc1@group-95BEF8C5E0E6-LeaderElection101] INFO  server.RaftServerConfigKeys (ConfUtils.java:logGet(44)) - raft.server.watch.timeout = 3000ms (custom)
2021-11-05 13:00:18,589 [f0359a9b-bc21-4a61-b53d-8d2dd84c6fc1@group-95BEF8C5E0E6-LeaderElection101] INFO  server.RaftServerConfigKeys (ConfUtils.java:logGet(44)) - raft.server.watch.timeout.denomination = 1s (default)
2021-11-05 13:00:18,589 [f0359a9b-bc21-4a61-b53d-8d2dd84c6fc1@group-95BEF8C5E0E6-LeaderElection101] INFO  server.RaftServerConfigKeys (ConfUtils.java:logGet(44)) - raft.server.watch.element-limit = 65536 (default)
2021-11-05 13:00:18,589 [f0359a9b-bc21-4a61-b53d-8d2dd84c6fc1@group-95BEF8C5E0E6-LeaderElection101] INFO  server.RaftServerConfigKeys (ConfUtils.java:logGet(44)) - raft.server.write.element-limit = 1024 (custom)
2021-11-05 13:00:18,589 [f0359a9b-bc21-4a61-b53d-8d2dd84c6fc1@group-95BEF8C5E0E6-LeaderElection101] INFO  server.RaftServerConfigKeys (ConfUtils.java:logGet(44)) - raft.server.write.follower.gap.ratio.max = -1.0 (default)
2021-11-05 13:00:18,589 [f0359a9b-bc21-4a61-b53d-8d2dd84c6fc1@group-95BEF8C5E0E6-LeaderElection101] INFO  impl.RoleInfo (RoleInfo.java:updateAndGet(130)) - f0359a9b-bc21-4a61-b53d-8d2dd84c6fc1: start f0359a9b-bc21-4a61-b53d-8d2dd84c6fc1@group-95BEF8C5E0E6-LeaderStateImpl
2021-11-05 13:00:18,590 [f0359a9b-bc21-4a61-b53d-8d2dd84c6fc1@group-95BEF8C5E0E6-LeaderElection101] INFO  segmented.SegmentedRaftLogWorker (SegmentedRaftLogWorker.java:startLogSegment(394)) - f0359a9b-bc21-4a61-b53d-8d2dd84c6fc1@group-95BEF8C5E0E6-SegmentedRaftLogWorker: Starting segment from index:0
2021-11-05 13:00:18,596 [f0359a9b-bc21-4a61-b53d-8d2dd84c6fc1@group-95BEF8C5E0E6-SegmentedRaftLogWorker] INFO  segmented.SegmentedRaftLogWorker (SegmentedRaftLogWorker.java:execute(601)) - f0359a9b-bc21-4a61-b53d-8d2dd84c6fc1@group-95BEF8C5E0E6-SegmentedRaftLogWorker: created new log segment /home/runner/work/ozone/ozone/hadoop-ozone/integration-test/target/test-dir/MiniOzoneClusterImpl-bdf76210-3e21-404e-9e17-65b92aec9f1a/datanode-6/data/ratis/d9c3e9e1-c8f8-4483-839d-95bef8c5e0e6/current/log_inprogress_0
2021-11-05 13:00:18,602 [f0359a9b-bc21-4a61-b53d-8d2dd84c6fc1@group-95BEF8C5E0E6-LeaderElection101] INFO  server.RaftServer$Division (ServerState.java:setRaftConf(387)) - f0359a9b-bc21-4a61-b53d-8d2dd84c6fc1@group-95BEF8C5E0E6: set configuration 0: [f0359a9b-bc21-4a61-b53d-8d2dd84c6fc1|rpc:10.1.0.23:44285|dataStream:|priority:1], old=null
2021-11-05 13:00:18,806 [fa45fd2a-a6ef-4106-9a44-777d17a8e8f4@group-22F5320889A7-FollowerState] INFO  impl.FollowerState (FollowerState.java:run(134)) - fa45fd2a-a6ef-4106-9a44-777d17a8e8f4@group-22F5320889A7-FollowerState: change to CANDIDATE, lastRpcElapsedTime:5021105438ns, electionTimeout:5017ms
2021-11-05 13:00:18,806 [fa45fd2a-a6ef-4106-9a44-777d17a8e8f4@group-22F5320889A7-FollowerState] INFO  impl.RoleInfo (RoleInfo.java:shutdownFollowerState(108)) - fa45fd2a-a6ef-4106-9a44-777d17a8e8f4: shutdown fa45fd2a-a6ef-4106-9a44-777d17a8e8f4@group-22F5320889A7-FollowerState
2021-11-05 13:00:18,806 [fa45fd2a-a6ef-4106-9a44-777d17a8e8f4@group-22F5320889A7-FollowerState] INFO  server.RaftServer$Division (RaftServerImpl.java:setRole(290)) - fa45fd2a-a6ef-4106-9a44-777d17a8e8f4@group-22F5320889A7: changes role from  FOLLOWER to CANDIDATE at term 1 for changeToCandidate
2021-11-05 13:00:18,806 [fa45fd2a-a6ef-4106-9a44-777d17a8e8f4@group-22F5320889A7-FollowerState] INFO  server.RaftServerConfigKeys (ConfUtils.java:logGet(44)) - raft.server.leaderelection.pre-vote = false (custom)
2021-11-05 13:00:18,806 [fa45fd2a-a6ef-4106-9a44-777d17a8e8f4@group-22F5320889A7-FollowerState] INFO  impl.RoleInfo (RoleInfo.java:updateAndGet(130)) - fa45fd2a-a6ef-4106-9a44-777d17a8e8f4: start fa45fd2a-a6ef-4106-9a44-777d17a8e8f4@group-22F5320889A7-LeaderElection102
2021-11-05 13:00:18,813 [76ef4e66-eace-4a3b-a369-d2a815523a61@group-22F5320889A7-FollowerState] INFO  impl.FollowerState (FollowerState.java:run(134)) - 76ef4e66-eace-4a3b-a369-d2a815523a61@group-22F5320889A7-FollowerState: change to CANDIDATE, lastRpcElapsedTime:5072712760ns, electionTimeout:5044ms
2021-11-05 13:00:18,813 [76ef4e66-eace-4a3b-a369-d2a815523a61@group-22F5320889A7-FollowerState] INFO  impl.RoleInfo (RoleInfo.java:shutdownFollowerState(108)) - 76ef4e66-eace-4a3b-a369-d2a815523a61: shutdown 76ef4e66-eace-4a3b-a369-d2a815523a61@group-22F5320889A7-FollowerState
2021-11-05 13:00:18,813 [76ef4e66-eace-4a3b-a369-d2a815523a61@group-22F5320889A7-FollowerState] INFO  server.RaftServer$Division (RaftServerImpl.java:setRole(290)) - 76ef4e66-eace-4a3b-a369-d2a815523a61@group-22F5320889A7: changes role from  FOLLOWER to CANDIDATE at term 1 for changeToCandidate
2021-11-05 13:00:18,813 [76ef4e66-eace-4a3b-a369-d2a815523a61@group-22F5320889A7-FollowerState] INFO  server.RaftServerConfigKeys (ConfUtils.java:logGet(44)) - raft.server.leaderelection.pre-vote = false (custom)
2021-11-05 13:00:18,813 [76ef4e66-eace-4a3b-a369-d2a815523a61@group-22F5320889A7-FollowerState] INFO  impl.RoleInfo (RoleInfo.java:updateAndGet(130)) - 76ef4e66-eace-4a3b-a369-d2a815523a61: start 76ef4e66-eace-4a3b-a369-d2a815523a61@group-22F5320889A7-LeaderElection103
2021-11-05 13:00:18,848 [fa45fd2a-a6ef-4106-9a44-777d17a8e8f4@group-22F5320889A7-LeaderElection102] INFO  impl.LeaderElection (LeaderElection.java:askForVotes(306)) - fa45fd2a-a6ef-4106-9a44-777d17a8e8f4@group-22F5320889A7-LeaderElection102 ELECTION round 0: submit vote requests at term 2 for -1: [76ef4e66-eace-4a3b-a369-d2a815523a61|rpc:10.1.0.23:41987|dataStream:|priority:0, fa45fd2a-a6ef-4106-9a44-777d17a8e8f4|rpc:10.1.0.23:43989|dataStream:|priority:1, 3ae4cb20-15ad-4779-a013-5b0fdc3aaee7|rpc:10.1.0.23:35115|dataStream:|priority:0], old=null
2021-11-05 13:00:18,850 [grpc-default-executor-2] INFO  server.RaftServer$Division (RaftServerImpl.java:requestVote(1046)) - 76ef4e66-eace-4a3b-a369-d2a815523a61@group-22F5320889A7: receive requestVote(ELECTION, fa45fd2a-a6ef-4106-9a44-777d17a8e8f4, group-22F5320889A7, 2, (t:0, i:0))
2021-11-05 13:00:18,851 [76ef4e66-eace-4a3b-a369-d2a815523a61@group-22F5320889A7-LeaderElection103] INFO  impl.LeaderElection (LeaderElection.java:askForVotes(306)) - 76ef4e66-eace-4a3b-a369-d2a815523a61@group-22F5320889A7-LeaderElection103 ELECTION round 0: submit vote requests at term 2 for -1: [76ef4e66-eace-4a3b-a369-d2a815523a61|rpc:10.1.0.23:41987|priority:0, fa45fd2a-a6ef-4106-9a44-777d17a8e8f4|rpc:10.1.0.23:43989|priority:1, 3ae4cb20-15ad-4779-a013-5b0fdc3aaee7|rpc:10.1.0.23:35115|priority:0], old=null
2021-11-05 13:00:18,852 [grpc-default-executor-2] INFO  impl.VoteContext (VoteContext.java:log(48)) - 76ef4e66-eace-4a3b-a369-d2a815523a61@group-22F5320889A7-CANDIDATE: reject ELECTION from fa45fd2a-a6ef-4106-9a44-777d17a8e8f4: already has voted for 76ef4e66-eace-4a3b-a369-d2a815523a61 at current term 2
2021-11-05 13:00:18,852 [grpc-default-executor-2] INFO  server.RaftServer$Division (RaftServerImpl.java:requestVote(1078)) - 76ef4e66-eace-4a3b-a369-d2a815523a61@group-22F5320889A7 replies to ELECTION vote request: fa45fd2a-a6ef-4106-9a44-777d17a8e8f4<-76ef4e66-eace-4a3b-a369-d2a815523a61#0:FAIL-t2. Peer's state: 76ef4e66-eace-4a3b-a369-d2a815523a61@group-22F5320889A7:t2, leader=null, voted=76ef4e66-eace-4a3b-a369-d2a815523a61, raftlog=76ef4e66-eace-4a3b-a369-d2a815523a61@group-22F5320889A7-SegmentedRaftLog:OPENED:c-1, conf=-1: [76ef4e66-eace-4a3b-a369-d2a815523a61|rpc:10.1.0.23:41987|priority:0, fa45fd2a-a6ef-4106-9a44-777d17a8e8f4|rpc:10.1.0.23:43989|priority:1, 3ae4cb20-15ad-4779-a013-5b0fdc3aaee7|rpc:10.1.0.23:35115|priority:0], old=null
2021-11-05 13:00:18,897 [grpc-default-executor-2] INFO  server.RaftServer$Division (RaftServerImpl.java:requestVote(1046)) - fa45fd2a-a6ef-4106-9a44-777d17a8e8f4@group-22F5320889A7: receive requestVote(ELECTION, 76ef4e66-eace-4a3b-a369-d2a815523a61, group-22F5320889A7, 2, (t:0, i:0))
2021-11-05 13:00:18,897 [grpc-default-executor-2] INFO  impl.VoteContext (VoteContext.java:log(48)) - fa45fd2a-a6ef-4106-9a44-777d17a8e8f4@group-22F5320889A7-CANDIDATE: reject ELECTION from 76ef4e66-eace-4a3b-a369-d2a815523a61: already has voted for fa45fd2a-a6ef-4106-9a44-777d17a8e8f4 at current term 2
2021-11-05 13:00:18,897 [grpc-default-executor-2] INFO  server.RaftServer$Division (RaftServerImpl.java:requestVote(1078)) - fa45fd2a-a6ef-4106-9a44-777d17a8e8f4@group-22F5320889A7 replies to ELECTION vote request: 76ef4e66-eace-4a3b-a369-d2a815523a61<-fa45fd2a-a6ef-4106-9a44-777d17a8e8f4#0:FAIL-t2. Peer's state: fa45fd2a-a6ef-4106-9a44-777d17a8e8f4@group-22F5320889A7:t2, leader=null, voted=fa45fd2a-a6ef-4106-9a44-777d17a8e8f4, raftlog=fa45fd2a-a6ef-4106-9a44-777d17a8e8f4@group-22F5320889A7-SegmentedRaftLog:OPENED:c-1, conf=-1: [76ef4e66-eace-4a3b-a369-d2a815523a61|rpc:10.1.0.23:41987|dataStream:|priority:0, fa45fd2a-a6ef-4106-9a44-777d17a8e8f4|rpc:10.1.0.23:43989|dataStream:|priority:1, 3ae4cb20-15ad-4779-a013-5b0fdc3aaee7|rpc:10.1.0.23:35115|dataStream:|priority:0], old=null
2021-11-05 13:00:18,910 [grpc-default-executor-2] INFO  server.RaftServer$Division (RaftServerImpl.java:requestVote(1046)) - 3ae4cb20-15ad-4779-a013-5b0fdc3aaee7@group-22F5320889A7: receive requestVote(ELECTION, fa45fd2a-a6ef-4106-9a44-777d17a8e8f4, group-22F5320889A7, 2, (t:0, i:0))
2021-11-05 13:00:18,910 [grpc-default-executor-2] INFO  impl.VoteContext (VoteContext.java:log(48)) - 3ae4cb20-15ad-4779-a013-5b0fdc3aaee7@group-22F5320889A7-FOLLOWER: accept ELECTION from fa45fd2a-a6ef-4106-9a44-777d17a8e8f4: our priority 0 <= candidate's priority 1
2021-11-05 13:00:18,910 [grpc-default-executor-2] INFO  server.RaftServer$Division (RaftServerImpl.java:setRole(290)) - 3ae4cb20-15ad-4779-a013-5b0fdc3aaee7@group-22F5320889A7: changes role from  FOLLOWER to FOLLOWER at term 2 for candidate:fa45fd2a-a6ef-4106-9a44-777d17a8e8f4
2021-11-05 13:00:18,910 [grpc-default-executor-2] INFO  impl.RoleInfo (RoleInfo.java:shutdownFollowerState(108)) - 3ae4cb20-15ad-4779-a013-5b0fdc3aaee7: shutdown 3ae4cb20-15ad-4779-a013-5b0fdc3aaee7@group-22F5320889A7-FollowerState
2021-11-05 13:00:18,929 [76ef4e66-eace-4a3b-a369-d2a815523a61@group-22F5320889A7-LeaderElection103] INFO  impl.LeaderElection (LeaderElection.java:logAndReturn(89)) - 76ef4e66-eace-4a3b-a369-d2a815523a61@group-22F5320889A7-LeaderElection103: ELECTION REJECTED received 1 response(s) and 0 exception(s):
2021-11-05 13:00:18,929 [76ef4e66-eace-4a3b-a369-d2a815523a61@group-22F5320889A7-LeaderElection103] INFO  impl.LeaderElection (LeaderElection.java:logAndReturn(93)) -   Response 0: 76ef4e66-eace-4a3b-a369-d2a815523a61<-fa45fd2a-a6ef-4106-9a44-777d17a8e8f4#0:FAIL-t2
2021-11-05 13:00:18,929 [76ef4e66-eace-4a3b-a369-d2a815523a61@group-22F5320889A7-LeaderElection103] INFO  impl.LeaderElection (LeaderElection.java:askForVotes(308)) - 76ef4e66-eace-4a3b-a369-d2a815523a61@group-22F5320889A7-LeaderElection103 ELECTION round 0: result REJECTED
2021-11-05 13:00:18,929 [76ef4e66-eace-4a3b-a369-d2a815523a61@group-22F5320889A7-LeaderElection103] INFO  server.RaftServer$Division (RaftServerImpl.java:setRole(290)) - 76ef4e66-eace-4a3b-a369-d2a815523a61@group-22F5320889A7: changes role from CANDIDATE to FOLLOWER at term 2 for REJECTED
2021-11-05 13:00:18,929 [76ef4e66-eace-4a3b-a369-d2a815523a61@group-22F5320889A7-LeaderElection103] INFO  impl.RoleInfo (RoleInfo.java:shutdownLeaderElection(121)) - 76ef4e66-eace-4a3b-a369-d2a815523a61: shutdown 76ef4e66-eace-4a3b-a369-d2a815523a61@group-22F5320889A7-LeaderElection103
2021-11-05 13:00:18,929 [76ef4e66-eace-4a3b-a369-d2a815523a61@group-22F5320889A7-LeaderElection103] INFO  impl.RoleInfo (RoleInfo.java:updateAndGet(130)) - 76ef4e66-eace-4a3b-a369-d2a815523a61: start 76ef4e66-eace-4a3b-a369-d2a815523a61@group-22F5320889A7-FollowerState
2021-11-05 13:00:18,930 [grpc-default-executor-3] INFO  server.RaftServer$Division (RaftServerImpl.java:requestVote(1046)) - 3ae4cb20-15ad-4779-a013-5b0fdc3aaee7@group-22F5320889A7: receive requestVote(ELECTION, 76ef4e66-eace-4a3b-a369-d2a815523a61, group-22F5320889A7, 2, (t:0, i:0))
2021-11-05 13:00:18,930 [3ae4cb20-15ad-4779-a013-5b0fdc3aaee7@group-22F5320889A7-FollowerState] INFO  impl.FollowerState (FollowerState.java:run(127)) - 3ae4cb20-15ad-4779-a013-5b0fdc3aaee7@group-22F5320889A7-FollowerState: Stopping now (isRunning? false, isFollower? true)
2021-11-05 13:00:18,948 [grpc-default-executor-2] INFO  impl.RoleInfo (RoleInfo.java:updateAndGet(130)) - 3ae4cb20-15ad-4779-a013-5b0fdc3aaee7: start 3ae4cb20-15ad-4779-a013-5b0fdc3aaee7@group-22F5320889A7-FollowerState
2021-11-05 13:00:18,950 [grpc-default-executor-2] INFO  server.RaftServer$Division (RaftServerImpl.java:requestVote(1078)) - 3ae4cb20-15ad-4779-a013-5b0fdc3aaee7@group-22F5320889A7 replies to ELECTION vote request: fa45fd2a-a6ef-4106-9a44-777d17a8e8f4<-3ae4cb20-15ad-4779-a013-5b0fdc3aaee7#0:OK-t2. Peer's state: 3ae4cb20-15ad-4779-a013-5b0fdc3aaee7@group-22F5320889A7:t2, leader=null, voted=fa45fd2a-a6ef-4106-9a44-777d17a8e8f4, raftlog=3ae4cb20-15ad-4779-a013-5b0fdc3aaee7@group-22F5320889A7-SegmentedRaftLog:OPENED:c-1, conf=-1: [76ef4e66-eace-4a3b-a369-d2a815523a61|rpc:10.1.0.23:41987|dataStream:|priority:0, fa45fd2a-a6ef-4106-9a44-777d17a8e8f4|rpc:10.1.0.23:43989|dataStream:|priority:1, 3ae4cb20-15ad-4779-a013-5b0fdc3aaee7|rpc:10.1.0.23:35115|dataStream:|priority:0], old=null
2021-11-05 13:00:18,950 [grpc-default-executor-3] INFO  impl.VoteContext (VoteContext.java:log(48)) - 3ae4cb20-15ad-4779-a013-5b0fdc3aaee7@group-22F5320889A7-FOLLOWER: reject ELECTION from 76ef4e66-eace-4a3b-a369-d2a815523a61: already has voted for fa45fd2a-a6ef-4106-9a44-777d17a8e8f4 at current term 2
2021-11-05 13:00:18,950 [grpc-default-executor-3] INFO  server.RaftServer$Division (RaftServerImpl.java:requestVote(1078)) - 3ae4cb20-15ad-4779-a013-5b0fdc3aaee7@group-22F5320889A7 replies to ELECTION vote request: 76ef4e66-eace-4a3b-a369-d2a815523a61<-3ae4cb20-15ad-4779-a013-5b0fdc3aaee7#0:FAIL-t2. Peer's state: 3ae4cb20-15ad-4779-a013-5b0fdc3aaee7@group-22F5320889A7:t2, leader=null, voted=fa45fd2a-a6ef-4106-9a44-777d17a8e8f4, raftlog=3ae4cb20-15ad-4779-a013-5b0fdc3aaee7@group-22F5320889A7-SegmentedRaftLog:OPENED:c-1, conf=-1: [76ef4e66-eace-4a3b-a369-d2a815523a61|rpc:10.1.0.23:41987|dataStream:|priority:0, fa45fd2a-a6ef-4106-9a44-777d17a8e8f4|rpc:10.1.0.23:43989|dataStream:|priority:1, 3ae4cb20-15ad-4779-a013-5b0fdc3aaee7|rpc:10.1.0.23:35115|dataStream:|priority:0], old=null
2021-11-05 13:00:18,954 [fa45fd2a-a6ef-4106-9a44-777d17a8e8f4@group-22F5320889A7-LeaderElection102] INFO  impl.LeaderElection (LeaderElection.java:logAndReturn(89)) - fa45fd2a-a6ef-4106-9a44-777d17a8e8f4@group-22F5320889A7-LeaderElection102: ELECTION PASSED received 2 response(s) and 0 exception(s):
2021-11-05 13:00:18,954 [fa45fd2a-a6ef-4106-9a44-777d17a8e8f4@group-22F5320889A7-LeaderElection102] INFO  impl.LeaderElection (LeaderElection.java:logAndReturn(93)) -   Response 0: fa45fd2a-a6ef-4106-9a44-777d17a8e8f4<-76ef4e66-eace-4a3b-a369-d2a815523a61#0:FAIL-t2
2021-11-05 13:00:18,954 [fa45fd2a-a6ef-4106-9a44-777d17a8e8f4@group-22F5320889A7-LeaderElection102] INFO  impl.LeaderElection (LeaderElection.java:logAndReturn(93)) -   Response 1: fa45fd2a-a6ef-4106-9a44-777d17a8e8f4<-3ae4cb20-15ad-4779-a013-5b0fdc3aaee7#0:OK-t2
2021-11-05 13:00:18,954 [fa45fd2a-a6ef-4106-9a44-777d17a8e8f4@group-22F5320889A7-LeaderElection102] INFO  impl.LeaderElection (LeaderElection.java:askForVotes(308)) - fa45fd2a-a6ef-4106-9a44-777d17a8e8f4@group-22F5320889A7-LeaderElection102 ELECTION round 0: result PASSED
2021-11-05 13:00:18,954 [fa45fd2a-a6ef-4106-9a44-777d17a8e8f4@group-22F5320889A7-LeaderElection102] INFO  impl.RoleInfo (RoleInfo.java:shutdownLeaderElection(121)) - fa45fd2a-a6ef-4106-9a44-777d17a8e8f4: shutdown fa45fd2a-a6ef-4106-9a44-777d17a8e8f4@group-22F5320889A7-LeaderElection102
2021-11-05 13:00:18,954 [fa45fd2a-a6ef-4106-9a44-777d17a8e8f4@group-22F5320889A7-LeaderElection102] INFO  server.RaftServer$Division (RaftServerImpl.java:setRole(290)) - fa45fd2a-a6ef-4106-9a44-777d17a8e8f4@group-22F5320889A7: changes role from CANDIDATE to LEADER at term 2 for changeToLeader
2021-11-05 13:00:18,954 [fa45fd2a-a6ef-4106-9a44-777d17a8e8f4@group-22F5320889A7-LeaderElection102] INFO  ratis.XceiverServerRatis (XceiverServerRatis.java:handleLeaderChangedNotification(866)) - Leader change notification received for group: group-22F5320889A7 with new leaderId: fa45fd2a-a6ef-4106-9a44-777d17a8e8f4
2021-11-05 13:00:18,954 [fa45fd2a-a6ef-4106-9a44-777d17a8e8f4@group-22F5320889A7-LeaderElection102] INFO  server.RaftServer$Division (ServerState.java:setLeader(285)) - fa45fd2a-a6ef-4106-9a44-777d17a8e8f4@group-22F5320889A7: change Leader from null to fa45fd2a-a6ef-4106-9a44-777d17a8e8f4 at term 2 for becomeLeader, leader elected after 10245ms
2021-11-05 13:00:18,954 [fa45fd2a-a6ef-4106-9a44-777d17a8e8f4@group-22F5320889A7-LeaderElection102] INFO  server.RaftServerConfigKeys (ConfUtils.java:logGet(44)) - raft.server.staging.catchup.gap = 1000 (default)
2021-11-05 13:00:18,954 [fa45fd2a-a6ef-4106-9a44-777d17a8e8f4@group-22F5320889A7-LeaderElection102] INFO  server.RaftServerConfigKeys (ConfUtils.java:logGet(44)) - raft.server.write.element-limit = 1024 (custom)
2021-11-05 13:00:18,954 [fa45fd2a-a6ef-4106-9a44-777d17a8e8f4@group-22F5320889A7-LeaderElection102] INFO  server.RaftServerConfigKeys (ConfUtils.java:logGet(44)) - raft.server.write.byte-limit = 1024 M (=1073741824) (custom)
2021-11-05 13:00:18,955 [fa45fd2a-a6ef-4106-9a44-777d17a8e8f4@group-22F5320889A7-LeaderElection102] INFO  server.RaftServerConfigKeys (ConfUtils.java:logGet(44)) - raft.server.watch.timeout = 3000ms (custom)
2021-11-05 13:00:18,955 [fa45fd2a-a6ef-4106-9a44-777d17a8e8f4@group-22F5320889A7-LeaderElection102] INFO  server.RaftServerConfigKeys (ConfUtils.java:logGet(44)) - raft.server.watch.timeout.denomination = 1s (default)
2021-11-05 13:00:18,955 [fa45fd2a-a6ef-4106-9a44-777d17a8e8f4@group-22F5320889A7-LeaderElection102] INFO  server.RaftServerConfigKeys (ConfUtils.java:logGet(44)) - raft.server.watch.element-limit = 65536 (default)
2021-11-05 13:00:18,955 [fa45fd2a-a6ef-4106-9a44-777d17a8e8f4@group-22F5320889A7-LeaderElection102] INFO  server.RaftServerConfigKeys (ConfUtils.java:logGet(44)) - raft.server.write.element-limit = 1024 (custom)
2021-11-05 13:00:18,955 [fa45fd2a-a6ef-4106-9a44-777d17a8e8f4@group-22F5320889A7-LeaderElection102] INFO  server.RaftServerConfigKeys (ConfUtils.java:logGet(44)) - raft.server.write.follower.gap.ratio.max = -1.0 (default)
2021-11-05 13:00:18,955 [fa45fd2a-a6ef-4106-9a44-777d17a8e8f4@group-22F5320889A7-LeaderElection102] INFO  server.RaftServerConfigKeys (ConfUtils.java:logGet(44)) - raft.server.log.appender.snapshot.chunk.size.max = 16MB (=16777216) (default)
2021-11-05 13:00:18,955 [fa45fd2a-a6ef-4106-9a44-777d17a8e8f4@group-22F5320889A7-LeaderElection102] INFO  server.RaftServerConfigKeys (ConfUtils.java:logGet(44)) - raft.server.log.appender.buffer.byte-limit = 33554432 (custom)
2021-11-05 13:00:18,955 [fa45fd2a-a6ef-4106-9a44-777d17a8e8f4@group-22F5320889A7-LeaderElection102] INFO  server.RaftServerConfigKeys (ConfUtils.java:logGet(44)) - raft.server.log.appender.buffer.element-limit = 1 (custom)
2021-11-05 13:00:18,955 [fa45fd2a-a6ef-4106-9a44-777d17a8e8f4@group-22F5320889A7-LeaderElection102] INFO  grpc.GrpcConfigKeys (ConfUtils.java:logGet(44)) - raft.grpc.server.leader.outstanding.appends.max = 128 (default)
2021-11-05 13:00:18,955 [fa45fd2a-a6ef-4106-9a44-777d17a8e8f4@group-22F5320889A7-LeaderElection102] INFO  server.RaftServerConfigKeys (ConfUtils.java:logGet(44)) - raft.server.rpc.request.timeout = 3000ms (default)
2021-11-05 13:00:18,955 [fa45fd2a-a6ef-4106-9a44-777d17a8e8f4@group-22F5320889A7-LeaderElection102] INFO  server.RaftServerConfigKeys (ConfUtils.java:logGet(44)) - raft.server.log.appender.install.snapshot.enabled = false (custom)
2021-11-05 13:00:18,957 [fa45fd2a-a6ef-4106-9a44-777d17a8e8f4@group-22F5320889A7-LeaderElection102] INFO  server.RaftServerConfigKeys (ConfUtils.java:logGet(44)) - raft.server.log.appender.snapshot.chunk.size.max = 16MB (=16777216) (default)
2021-11-05 13:00:18,975 [fa45fd2a-a6ef-4106-9a44-777d17a8e8f4@group-22F5320889A7-LeaderElection102] INFO  server.RaftServerConfigKeys (ConfUtils.java:logGet(44)) - raft.server.log.appender.buffer.byte-limit = 33554432 (custom)
2021-11-05 13:00:18,976 [fa45fd2a-a6ef-4106-9a44-777d17a8e8f4@group-22F5320889A7-LeaderElection102] INFO  server.RaftServerConfigKeys (ConfUtils.java:logGet(44)) - raft.server.log.appender.buffer.element-limit = 1 (custom)
2021-11-05 13:00:18,976 [fa45fd2a-a6ef-4106-9a44-777d17a8e8f4@group-22F5320889A7-LeaderElection102] INFO  grpc.GrpcConfigKeys (ConfUtils.java:logGet(44)) - raft.grpc.server.leader.outstanding.appends.max = 128 (default)
2021-11-05 13:00:18,976 [fa45fd2a-a6ef-4106-9a44-777d17a8e8f4@group-22F5320889A7-LeaderElection102] INFO  server.RaftServerConfigKeys (ConfUtils.java:logGet(44)) - raft.server.rpc.request.timeout = 3000ms (default)
2021-11-05 13:00:18,976 [fa45fd2a-a6ef-4106-9a44-777d17a8e8f4@group-22F5320889A7-LeaderElection102] INFO  server.RaftServerConfigKeys (ConfUtils.java:logGet(44)) - raft.server.log.appender.install.snapshot.enabled = false (custom)
2021-11-05 13:00:18,977 [fa45fd2a-a6ef-4106-9a44-777d17a8e8f4@group-22F5320889A7-LeaderElection102] INFO  impl.RoleInfo (RoleInfo.java:updateAndGet(130)) - fa45fd2a-a6ef-4106-9a44-777d17a8e8f4: start fa45fd2a-a6ef-4106-9a44-777d17a8e8f4@group-22F5320889A7-LeaderStateImpl
2021-11-05 13:00:18,979 [EventQueue-PipelineReportForPipelineReportHandler] INFO  pipeline.PipelineManagerImpl (PipelineManagerImpl.java:openPipeline(289)) - Pipeline Pipeline[ Id: 4477d87b-15ba-4f68-ae12-22f5320889a7, Nodes: 3ae4cb20-15ad-4779-a013-5b0fdc3aaee7{ip: 10.1.0.23, host: fv-az151-875.yf2hydr00wburbhx3j5hxtcipe.bx.internal.cloudapp.net, ports: [REPLICATION=39333, RATIS=35115, RATIS_ADMIN=35115, RATIS_SERVER=35115, STANDALONE=41693], networkLocation: /default-rack, certSerialId: null, persistedOpState: IN_SERVICE, persistedOpStateExpiryEpochSec: 0}fa45fd2a-a6ef-4106-9a44-777d17a8e8f4{ip: 10.1.0.23, host: fv-az151-875.yf2hydr00wburbhx3j5hxtcipe.bx.internal.cloudapp.net, ports: [REPLICATION=35839, RATIS=43989, RATIS_ADMIN=43989, RATIS_SERVER=43989, STANDALONE=44877], networkLocation: /default-rack, certSerialId: null, persistedOpState: IN_SERVICE, persistedOpStateExpiryEpochSec: 0}76ef4e66-eace-4a3b-a369-d2a815523a61{ip: 10.1.0.23, host: fv-az151-875.yf2hydr00wburbhx3j5hxtcipe.bx.internal.cloudapp.net, ports: [REPLICATION=43087, RATIS=41987, RATIS_ADMIN=41987, RATIS_SERVER=41987, STANDALONE=45779], networkLocation: /default-rack, certSerialId: null, persistedOpState: IN_SERVICE, persistedOpStateExpiryEpochSec: 0}, ReplicationConfig: RATIS/THREE, State:ALLOCATED, leaderId:fa45fd2a-a6ef-4106-9a44-777d17a8e8f4, CreationTimestamp2021-11-05T13:00:07.010Z[Etc/UTC]] moved to OPEN state
2021-11-05 13:00:19,021 [fa45fd2a-a6ef-4106-9a44-777d17a8e8f4@group-22F5320889A7-LeaderElection102] INFO  segmented.SegmentedRaftLogWorker (SegmentedRaftLogWorker.java:startLogSegment(394)) - fa45fd2a-a6ef-4106-9a44-777d17a8e8f4@group-22F5320889A7-SegmentedRaftLogWorker: Starting segment from index:0
2021-11-05 13:00:19,023 [fa45fd2a-a6ef-4106-9a44-777d17a8e8f4@group-22F5320889A7-SegmentedRaftLogWorker] INFO  segmented.SegmentedRaftLogWorker (SegmentedRaftLogWorker.java:execute(601)) - fa45fd2a-a6ef-4106-9a44-777d17a8e8f4@group-22F5320889A7-SegmentedRaftLogWorker: created new log segment /home/runner/work/ozone/ozone/hadoop-ozone/integration-test/target/test-dir/MiniOzoneClusterImpl-bdf76210-3e21-404e-9e17-65b92aec9f1a/datanode-1/data/ratis/4477d87b-15ba-4f68-ae12-22f5320889a7/current/log_inprogress_0
2021-11-05 13:00:19,032 [grpc-default-executor-2] INFO  ratis.XceiverServerRatis (XceiverServerRatis.java:handleLeaderChangedNotification(866)) - Leader change notification received for group: group-22F5320889A7 with new leaderId: fa45fd2a-a6ef-4106-9a44-777d17a8e8f4
2021-11-05 13:00:19,032 [grpc-default-executor-2] INFO  server.RaftServer$Division (ServerState.java:setLeader(285)) - 76ef4e66-eace-4a3b-a369-d2a815523a61@group-22F5320889A7: change Leader from null to fa45fd2a-a6ef-4106-9a44-777d17a8e8f4 at term 2 for appendEntries, leader elected after 10656ms
2021-11-05 13:00:19,035 [fa45fd2a-a6ef-4106-9a44-777d17a8e8f4@group-22F5320889A7-LeaderElection102] INFO  server.RaftServer$Division (ServerState.java:setRaftConf(387)) - fa45fd2a-a6ef-4106-9a44-777d17a8e8f4@group-22F5320889A7: set configuration 0: [76ef4e66-eace-4a3b-a369-d2a815523a61|rpc:10.1.0.23:41987|dataStream:|priority:0, fa45fd2a-a6ef-4106-9a44-777d17a8e8f4|rpc:10.1.0.23:43989|dataStream:|priority:1, 3ae4cb20-15ad-4779-a013-5b0fdc3aaee7|rpc:10.1.0.23:35115|dataStream:|priority:0], old=null
2021-11-05 13:00:19,038 [grpc-default-executor-4] INFO  ratis.XceiverServerRatis (XceiverServerRatis.java:handleLeaderChangedNotification(866)) - Leader change notification received for group: group-22F5320889A7 with new leaderId: fa45fd2a-a6ef-4106-9a44-777d17a8e8f4
2021-11-05 13:00:19,038 [grpc-default-executor-4] INFO  server.RaftServer$Division (ServerState.java:setLeader(285)) - 3ae4cb20-15ad-4779-a013-5b0fdc3aaee7@group-22F5320889A7: change Leader from null to fa45fd2a-a6ef-4106-9a44-777d17a8e8f4 at term 2 for appendEntries, leader elected after 10593ms
2021-11-05 13:00:19,041 [grpc-default-executor-2] INFO  server.RaftServer$Division (ServerState.java:setRaftConf(387)) - 76ef4e66-eace-4a3b-a369-d2a815523a61@group-22F5320889A7: set configuration 0: [76ef4e66-eace-4a3b-a369-d2a815523a61|rpc:10.1.0.23:41987|dataStream:|priority:0, fa45fd2a-a6ef-4106-9a44-777d17a8e8f4|rpc:10.1.0.23:43989|dataStream:|priority:1, 3ae4cb20-15ad-4779-a013-5b0fdc3aaee7|rpc:10.1.0.23:35115|dataStream:|priority:0], old=null
2021-11-05 13:00:19,042 [grpc-default-executor-2] INFO  segmented.SegmentedRaftLogWorker (SegmentedRaftLogWorker.java:startLogSegment(394)) - 76ef4e66-eace-4a3b-a369-d2a815523a61@group-22F5320889A7-SegmentedRaftLogWorker: Starting segment from index:0
2021-11-05 13:00:19,046 [76ef4e66-eace-4a3b-a369-d2a815523a61@group-22F5320889A7-SegmentedRaftLogWorker] INFO  segmented.SegmentedRaftLogWorker (SegmentedRaftLogWorker.java:execute(601)) - 76ef4e66-eace-4a3b-a369-d2a815523a61@group-22F5320889A7-SegmentedRaftLogWorker: created new log segment /home/runner/work/ozone/ozone/hadoop-ozone/integration-test/target/test-dir/MiniOzoneClusterImpl-bdf76210-3e21-404e-9e17-65b92aec9f1a/datanode-0/data/ratis/4477d87b-15ba-4f68-ae12-22f5320889a7/current/log_inprogress_0
2021-11-05 13:00:19,071 [grpc-default-executor-4] INFO  server.RaftServer$Division (ServerState.java:setRaftConf(387)) - 3ae4cb20-15ad-4779-a013-5b0fdc3aaee7@group-22F5320889A7: set configuration 0: [76ef4e66-eace-4a3b-a369-d2a815523a61|rpc:10.1.0.23:41987|dataStream:|priority:0, fa45fd2a-a6ef-4106-9a44-777d17a8e8f4|rpc:10.1.0.23:43989|dataStream:|priority:1, 3ae4cb20-15ad-4779-a013-5b0fdc3aaee7|rpc:10.1.0.23:35115|dataStream:|priority:0], old=null
2021-11-05 13:00:19,072 [grpc-default-executor-4] INFO  segmented.SegmentedRaftLogWorker (SegmentedRaftLogWorker.java:startLogSegment(394)) - 3ae4cb20-15ad-4779-a013-5b0fdc3aaee7@group-22F5320889A7-SegmentedRaftLogWorker: Starting segment from index:0
2021-11-05 13:00:19,076 [3ae4cb20-15ad-4779-a013-5b0fdc3aaee7@group-22F5320889A7-SegmentedRaftLogWorker] INFO  segmented.SegmentedRaftLogWorker (SegmentedRaftLogWorker.java:execute(601)) - 3ae4cb20-15ad-4779-a013-5b0fdc3aaee7@group-22F5320889A7-SegmentedRaftLogWorker: created new log segment /home/runner/work/ozone/ozone/hadoop-ozone/integration-test/target/test-dir/MiniOzoneClusterImpl-bdf76210-3e21-404e-9e17-65b92aec9f1a/datanode-2/data/ratis/4477d87b-15ba-4f68-ae12-22f5320889a7/current/log_inprogress_0
2021-11-05 13:00:20,291 [Listener at 127.0.0.1/42119] INFO  ozoneimpl.OzoneContainer (OzoneContainer.java:stop(325)) - Attempting to stop container services.
2021-11-05 13:00:20,300 [Listener at 127.0.0.1/42119] INFO  server.RaftServer (RaftServerProxy.java:lambda$close$6(391)) - 76ef4e66-eace-4a3b-a369-d2a815523a61: close
2021-11-05 13:00:20,300 [Listener at 127.0.0.1/42119] INFO  server.RaftServer$Division (RaftServerImpl.java:lambda$close$4(412)) - 76ef4e66-eace-4a3b-a369-d2a815523a61@group-22F5320889A7: shutdown
2021-11-05 13:00:20,300 [Listener at 127.0.0.1/42119] INFO  util.JmxRegister (JmxRegister.java:unregister(73)) - Successfully un-registered JMX Bean with object name Ratis:service=RaftServer,group=group-22F5320889A7,id=76ef4e66-eace-4a3b-a369-d2a815523a61
2021-11-05 13:00:20,300 [Listener at 127.0.0.1/42119] INFO  impl.RoleInfo (RoleInfo.java:shutdownFollowerState(108)) - 76ef4e66-eace-4a3b-a369-d2a815523a61: shutdown 76ef4e66-eace-4a3b-a369-d2a815523a61@group-22F5320889A7-FollowerState
2021-11-05 13:00:20,300 [Listener at 127.0.0.1/42119] INFO  impl.StateMachineUpdater (StateMachineUpdater.java:stopAndJoin(149)) - 76ef4e66-eace-4a3b-a369-d2a815523a61@group-22F5320889A7-StateMachineUpdater: set stopIndex = 0
2021-11-05 13:00:20,300 [ForkJoinPool.commonPool-worker-1] INFO  server.RaftServer$Division (RaftServerImpl.java:lambda$close$4(412)) - 76ef4e66-eace-4a3b-a369-d2a815523a61@group-05B35D5AA406: shutdown
2021-11-05 13:00:20,300 [ForkJoinPool.commonPool-worker-1] INFO  util.JmxRegister (JmxRegister.java:unregister(73)) - Successfully un-registered JMX Bean with object name Ratis:service=RaftServer,group=group-05B35D5AA406,id=76ef4e66-eace-4a3b-a369-d2a815523a61
2021-11-05 13:00:20,301 [ForkJoinPool.commonPool-worker-1] INFO  impl.RoleInfo (RoleInfo.java:shutdownLeaderState(91)) - 76ef4e66-eace-4a3b-a369-d2a815523a61: shutdown 76ef4e66-eace-4a3b-a369-d2a815523a61@group-05B35D5AA406-LeaderStateImpl
2021-11-05 13:00:20,301 [76ef4e66-eace-4a3b-a369-d2a815523a61@group-22F5320889A7-StateMachineUpdater] INFO  ratis.ContainerStateMachine (ContainerStateMachine.java:takeSnapshot(292)) - group-22F5320889A7: Taking a snapshot at:(t:2, i:0) file /home/runner/work/ozone/ozone/hadoop-ozone/integration-test/target/test-dir/MiniOzoneClusterImpl-bdf76210-3e21-404e-9e17-65b92aec9f1a/datanode-0/data/ratis/4477d87b-15ba-4f68-ae12-22f5320889a7/sm/snapshot.2_0
2021-11-05 13:00:20,301 [ForkJoinPool.commonPool-worker-1] INFO  impl.PendingRequests (PendingRequests.java:sendNotLeaderResponses(282)) - 76ef4e66-eace-4a3b-a369-d2a815523a61@group-05B35D5AA406-PendingRequests: sendNotLeaderResponses
2021-11-05 13:00:20,301 [76ef4e66-eace-4a3b-a369-d2a815523a61@group-22F5320889A7-FollowerState] INFO  impl.FollowerState (FollowerState.java:run(143)) - 76ef4e66-eace-4a3b-a369-d2a815523a61@group-22F5320889A7-FollowerState was interrupted: {}
java.lang.InterruptedException: sleep interrupted
	at java.lang.Thread.sleep(Native Method)
	at java.lang.Thread.sleep(Thread.java:340)
	at java.util.concurrent.TimeUnit.sleep(TimeUnit.java:386)
	at org.apache.ratis.util.TimeDuration.sleep(TimeDuration.java:324)
	at org.apache.ratis.util.TimeDuration.sleep(TimeDuration.java:309)
	at org.apache.ratis.server.impl.FollowerState.run(FollowerState.java:118)
2021-11-05 13:00:20,312 [76ef4e66-eace-4a3b-a369-d2a815523a61@group-05B35D5AA406-StateMachineUpdater] INFO  ratis.ContainerStateMachine (ContainerStateMachine.java:takeSnapshot(292)) - group-05B35D5AA406: Taking a snapshot at:(t:1, i:11) file /home/runner/work/ozone/ozone/hadoop-ozone/integration-test/target/test-dir/MiniOzoneClusterImpl-bdf76210-3e21-404e-9e17-65b92aec9f1a/datanode-0/data/ratis/e2469dc0-4f58-4d76-a3f8-05b35d5aa406/sm/snapshot.1_11
2021-11-05 13:00:20,311 [ForkJoinPool.commonPool-worker-1] INFO  impl.StateMachineUpdater (StateMachineUpdater.java:stopAndJoin(149)) - 76ef4e66-eace-4a3b-a369-d2a815523a61@group-05B35D5AA406-StateMachineUpdater: set stopIndex = 11
2021-11-05 13:00:20,302 [76ef4e66-eace-4a3b-a369-d2a815523a61@group-22F5320889A7-StateMachineUpdater] INFO  ratis.ContainerStateMachine (ContainerStateMachine.java:takeSnapshot(303)) - group-22F5320889A7: Finished taking a snapshot at:(t:2, i:0) file:/home/runner/work/ozone/ozone/hadoop-ozone/integration-test/target/test-dir/MiniOzoneClusterImpl-bdf76210-3e21-404e-9e17-65b92aec9f1a/datanode-0/data/ratis/4477d87b-15ba-4f68-ae12-22f5320889a7/sm/snapshot.2_0 took: 2 ms
2021-11-05 13:00:20,325 [76ef4e66-eace-4a3b-a369-d2a815523a61@group-22F5320889A7-StateMachineUpdater] INFO  impl.StateMachineUpdater (StateMachineUpdater.java:takeSnapshot(281)) - 76ef4e66-eace-4a3b-a369-d2a815523a61@group-22F5320889A7-StateMachineUpdater: Took a snapshot at index 0
2021-11-05 13:00:20,325 [76ef4e66-eace-4a3b-a369-d2a815523a61@group-22F5320889A7-StateMachineUpdater] INFO  impl.StateMachineUpdater (StateMachineUpdater.java:lambda$new$0(89)) - 76ef4e66-eace-4a3b-a369-d2a815523a61@group-22F5320889A7-StateMachineUpdater: snapshotIndex: updateIncreasingly -1 -> 0
2021-11-05 13:00:20,325 [Listener at 127.0.0.1/42119] INFO  server.RaftServer$Division (ServerState.java:close(419)) - 76ef4e66-eace-4a3b-a369-d2a815523a61@group-22F5320889A7: closes. applyIndex: 0
2021-11-05 13:00:20,326 [76ef4e66-eace-4a3b-a369-d2a815523a61@group-22F5320889A7-SegmentedRaftLogWorker] INFO  segmented.SegmentedRaftLogWorker (SegmentedRaftLogWorker.java:run(327)) - 76ef4e66-eace-4a3b-a369-d2a815523a61@group-22F5320889A7-SegmentedRaftLogWorker was interrupted, exiting. There are 0 tasks remaining in the queue.
2021-11-05 13:00:20,326 [76ef4e66-eace-4a3b-a369-d2a815523a61@group-05B35D5AA406-StateMachineUpdater] INFO  ratis.ContainerStateMachine (ContainerStateMachine.java:takeSnapshot(303)) - group-05B35D5AA406: Finished taking a snapshot at:(t:1, i:11) file:/home/runner/work/ozone/ozone/hadoop-ozone/integration-test/target/test-dir/MiniOzoneClusterImpl-bdf76210-3e21-404e-9e17-65b92aec9f1a/datanode-0/data/ratis/e2469dc0-4f58-4d76-a3f8-05b35d5aa406/sm/snapshot.1_11 took: 14 ms
2021-11-05 13:00:20,326 [76ef4e66-eace-4a3b-a369-d2a815523a61@group-05B35D5AA406-StateMachineUpdater] INFO  impl.StateMachineUpdater (StateMachineUpdater.java:takeSnapshot(281)) - 76ef4e66-eace-4a3b-a369-d2a815523a61@group-05B35D5AA406-StateMachineUpdater: Took a snapshot at index 11
2021-11-05 13:00:20,326 [76ef4e66-eace-4a3b-a369-d2a815523a61@group-05B35D5AA406-StateMachineUpdater] INFO  impl.StateMachineUpdater (StateMachineUpdater.java:lambda$new$0(89)) - 76ef4e66-eace-4a3b-a369-d2a815523a61@group-05B35D5AA406-StateMachineUpdater: snapshotIndex: updateIncreasingly -1 -> 11
2021-11-05 13:00:20,327 [ForkJoinPool.commonPool-worker-1] INFO  server.RaftServer$Division (ServerState.java:close(419)) - 76ef4e66-eace-4a3b-a369-d2a815523a61@group-05B35D5AA406: closes. applyIndex: 11
2021-11-05 13:00:20,328 [Listener at 127.0.0.1/42119] INFO  segmented.SegmentedRaftLogWorker (SegmentedRaftLogWorker.java:close(237)) - 76ef4e66-eace-4a3b-a369-d2a815523a61@group-22F5320889A7-SegmentedRaftLogWorker close()
2021-11-05 13:00:20,329 [Listener at 127.0.0.1/42119] INFO  server.RaftServer$Division (RaftServerImpl.java:lambda$close$4(412)) - 76ef4e66-eace-4a3b-a369-d2a815523a61@group-46A48FF2B846: shutdown
2021-11-05 13:00:20,329 [Listener at 127.0.0.1/42119] INFO  util.JmxRegister (JmxRegister.java:unregister(73)) - Successfully un-registered JMX Bean with object name Ratis:service=RaftServer,group=group-46A48FF2B846,id=76ef4e66-eace-4a3b-a369-d2a815523a61
2021-11-05 13:00:20,330 [Listener at 127.0.0.1/42119] INFO  impl.RoleInfo (RoleInfo.java:shutdownLeaderState(91)) - 76ef4e66-eace-4a3b-a369-d2a815523a61: shutdown 76ef4e66-eace-4a3b-a369-d2a815523a61@group-46A48FF2B846-LeaderStateImpl
2021-11-05 13:00:20,330 [Listener at 127.0.0.1/42119] INFO  impl.PendingRequests (PendingRequests.java:sendNotLeaderResponses(282)) - 76ef4e66-eace-4a3b-a369-d2a815523a61@group-46A48FF2B846-PendingRequests: sendNotLeaderResponses
2021-11-05 13:00:20,332 [76ef4e66-eace-4a3b-a369-d2a815523a61@group-46A48FF2B846->fa45fd2a-a6ef-4106-9a44-777d17a8e8f4-GrpcLogAppender-LogAppenderDaemon] WARN  server.GrpcLogAppender (GrpcLogAppender.java:mayWait(177)) - 76ef4e66-eace-4a3b-a369-d2a815523a61@group-46A48FF2B846->fa45fd2a-a6ef-4106-9a44-777d17a8e8f4-GrpcLogAppender: Wait interrupted by java.lang.InterruptedException
2021-11-05 13:00:20,332 [grpc-default-executor-4] INFO  server.GrpcServerProtocolService (GrpcServerProtocolService.java:onCompleted(140)) - fa45fd2a-a6ef-4106-9a44-777d17a8e8f4: Completed APPEND_ENTRIES, lastRequest: 76ef4e66-eace-4a3b-a369-d2a815523a61->fa45fd2a-a6ef-4106-9a44-777d17a8e8f4#1-t1,previous=(t:0, i:0),leaderCommit=0,initializing? true,entries: size=1, first=(t:1, i:0), CONFIGURATIONENTRY
2021-11-05 13:00:20,333 [76ef4e66-eace-4a3b-a369-d2a815523a61@group-46A48FF2B846->3ae4cb20-15ad-4779-a013-5b0fdc3aaee7-GrpcLogAppender-LogAppenderDaemon] WARN  server.GrpcLogAppender (GrpcLogAppender.java:mayWait(177)) - 76ef4e66-eace-4a3b-a369-d2a815523a61@group-46A48FF2B846->3ae4cb20-15ad-4779-a013-5b0fdc3aaee7-GrpcLogAppender: Wait interrupted by java.lang.InterruptedException
2021-11-05 13:00:20,333 [grpc-default-executor-2] INFO  server.GrpcLogAppender (GrpcLogAppender.java:onCompleted(346)) - 76ef4e66-eace-4a3b-a369-d2a815523a61@group-46A48FF2B846->fa45fd2a-a6ef-4106-9a44-777d17a8e8f4-AppendLogResponseHandler: follower responses appendEntries COMPLETED
2021-11-05 13:00:20,333 [grpc-default-executor-2] INFO  leader.FollowerInfo (FollowerInfoImpl.java:lambda$new$0(47)) - 76ef4e66-eace-4a3b-a369-d2a815523a61@group-46A48FF2B846->fa45fd2a-a6ef-4106-9a44-777d17a8e8f4: nextIndex: updateUnconditionally 1 -> 0
2021-11-05 13:00:20,333 [grpc-default-executor-3] INFO  server.GrpcServerProtocolService (GrpcServerProtocolService.java:onCompleted(140)) - 3ae4cb20-15ad-4779-a013-5b0fdc3aaee7: Completed APPEND_ENTRIES, lastRequest: 76ef4e66-eace-4a3b-a369-d2a815523a61->3ae4cb20-15ad-4779-a013-5b0fdc3aaee7#1-t1,previous=(t:0, i:0),leaderCommit=0,initializing? true,entries: size=1, first=(t:1, i:0), CONFIGURATIONENTRY
2021-11-05 13:00:20,336 [grpc-default-executor-2] INFO  server.GrpcLogAppender (GrpcLogAppender.java:onCompleted(346)) - 76ef4e66-eace-4a3b-a369-d2a815523a61@group-46A48FF2B846->3ae4cb20-15ad-4779-a013-5b0fdc3aaee7-AppendLogResponseHandler: follower responses appendEntries COMPLETED
2021-11-05 13:00:20,336 [grpc-default-executor-2] INFO  leader.FollowerInfo (FollowerInfoImpl.java:lambda$new$0(47)) - 76ef4e66-eace-4a3b-a369-d2a815523a61@group-46A48FF2B846->3ae4cb20-15ad-4779-a013-5b0fdc3aaee7: nextIndex: updateUnconditionally 1 -> 0
2021-11-05 13:00:20,351 [76ef4e66-eace-4a3b-a369-d2a815523a61@group-05B35D5AA406-SegmentedRaftLogWorker] INFO  segmented.SegmentedRaftLogWorker (SegmentedRaftLogWorker.java:run(327)) - 76ef4e66-eace-4a3b-a369-d2a815523a61@group-05B35D5AA406-SegmentedRaftLogWorker was interrupted, exiting. There are 0 tasks remaining in the queue.
2021-11-05 13:00:20,355 [Listener at 127.0.0.1/42119] INFO  impl.StateMachineUpdater (StateMachineUpdater.java:stopAndJoin(149)) - 76ef4e66-eace-4a3b-a369-d2a815523a61@group-46A48FF2B846-StateMachineUpdater: set stopIndex = 0
2021-11-05 13:00:20,356 [76ef4e66-eace-4a3b-a369-d2a815523a61@group-46A48FF2B846-StateMachineUpdater] INFO  ratis.ContainerStateMachine (ContainerStateMachine.java:takeSnapshot(292)) - group-46A48FF2B846: Taking a snapshot at:(t:1, i:0) file /home/runner/work/ozone/ozone/hadoop-ozone/integration-test/target/test-dir/MiniOzoneClusterImpl-bdf76210-3e21-404e-9e17-65b92aec9f1a/datanode-0/data/ratis/31cdf347-9acf-41c8-b64f-46a48ff2b846/sm/snapshot.1_0
2021-11-05 13:00:20,358 [ForkJoinPool.commonPool-worker-1] INFO  segmented.SegmentedRaftLogWorker (SegmentedRaftLogWorker.java:close(237)) - 76ef4e66-eace-4a3b-a369-d2a815523a61@group-05B35D5AA406-SegmentedRaftLogWorker close()
2021-11-05 13:00:20,375 [76ef4e66-eace-4a3b-a369-d2a815523a61@group-46A48FF2B846-StateMachineUpdater] INFO  ratis.ContainerStateMachine (ContainerStateMachine.java:takeSnapshot(303)) - group-46A48FF2B846: Finished taking a snapshot at:(t:1, i:0) file:/home/runner/work/ozone/ozone/hadoop-ozone/integration-test/target/test-dir/MiniOzoneClusterImpl-bdf76210-3e21-404e-9e17-65b92aec9f1a/datanode-0/data/ratis/31cdf347-9acf-41c8-b64f-46a48ff2b846/sm/snapshot.1_0 took: 19 ms
2021-11-05 13:00:20,375 [76ef4e66-eace-4a3b-a369-d2a815523a61@group-46A48FF2B846-StateMachineUpdater] INFO  impl.StateMachineUpdater (StateMachineUpdater.java:takeSnapshot(281)) - 76ef4e66-eace-4a3b-a369-d2a815523a61@group-46A48FF2B846-StateMachineUpdater: Took a snapshot at index 0
2021-11-05 13:00:20,375 [76ef4e66-eace-4a3b-a369-d2a815523a61@group-46A48FF2B846-StateMachineUpdater] INFO  impl.StateMachineUpdater (StateMachineUpdater.java:lambda$new$0(89)) - 76ef4e66-eace-4a3b-a369-d2a815523a61@group-46A48FF2B846-StateMachineUpdater: snapshotIndex: updateIncreasingly -1 -> 0
2021-11-05 13:00:20,375 [Listener at 127.0.0.1/42119] INFO  server.RaftServer$Division (ServerState.java:close(419)) - 76ef4e66-eace-4a3b-a369-d2a815523a61@group-46A48FF2B846: closes. applyIndex: 0
2021-11-05 13:00:20,376 [76ef4e66-eace-4a3b-a369-d2a815523a61@group-46A48FF2B846-SegmentedRaftLogWorker] INFO  segmented.SegmentedRaftLogWorker (SegmentedRaftLogWorker.java:run(327)) - 76ef4e66-eace-4a3b-a369-d2a815523a61@group-46A48FF2B846-SegmentedRaftLogWorker was interrupted, exiting. There are 0 tasks remaining in the queue.
2021-11-05 13:00:20,377 [Listener at 127.0.0.1/42119] INFO  segmented.SegmentedRaftLogWorker (SegmentedRaftLogWorker.java:close(237)) - 76ef4e66-eace-4a3b-a369-d2a815523a61@group-46A48FF2B846-SegmentedRaftLogWorker close()
2021-11-05 13:00:20,379 [Listener at 127.0.0.1/42119] INFO  server.RaftServer$Division (RaftServerImpl.java:lambda$close$4(412)) - 76ef4e66-eace-4a3b-a369-d2a815523a61@group-5D93FA255116: shutdown
2021-11-05 13:00:20,379 [Listener at 127.0.0.1/42119] INFO  util.JmxRegister (JmxRegister.java:unregister(73)) - Successfully un-registered JMX Bean with object name Ratis:service=RaftServer,group=group-5D93FA255116,id=76ef4e66-eace-4a3b-a369-d2a815523a61
2021-11-05 13:00:20,379 [Listener at 127.0.0.1/42119] INFO  impl.RoleInfo (RoleInfo.java:shutdownFollowerState(108)) - 76ef4e66-eace-4a3b-a369-d2a815523a61: shutdown 76ef4e66-eace-4a3b-a369-d2a815523a61@group-5D93FA255116-FollowerState
2021-11-05 13:00:20,379 [Listener at 127.0.0.1/42119] INFO  impl.StateMachineUpdater (StateMachineUpdater.java:stopAndJoin(149)) - 76ef4e66-eace-4a3b-a369-d2a815523a61@group-5D93FA255116-StateMachineUpdater: set stopIndex = 0
2021-11-05 13:00:20,379 [76ef4e66-eace-4a3b-a369-d2a815523a61@group-5D93FA255116-FollowerState] INFO  impl.FollowerState (FollowerState.java:run(143)) - 76ef4e66-eace-4a3b-a369-d2a815523a61@group-5D93FA255116-FollowerState was interrupted: {}
java.lang.InterruptedException: sleep interrupted
	at java.lang.Thread.sleep(Native Method)
	at java.lang.Thread.sleep(Thread.java:340)
	at java.util.concurrent.TimeUnit.sleep(TimeUnit.java:386)
	at org.apache.ratis.util.TimeDuration.sleep(TimeDuration.java:324)
	at org.apache.ratis.util.TimeDuration.sleep(TimeDuration.java:309)
	at org.apache.ratis.server.impl.FollowerState.run(FollowerState.java:118)
2021-11-05 13:00:20,379 [76ef4e66-eace-4a3b-a369-d2a815523a61@group-5D93FA255116-StateMachineUpdater] INFO  ratis.ContainerStateMachine (ContainerStateMachine.java:takeSnapshot(292)) - group-5D93FA255116: Taking a snapshot at:(t:2, i:0) file /home/runner/work/ozone/ozone/hadoop-ozone/integration-test/target/test-dir/MiniOzoneClusterImpl-bdf76210-3e21-404e-9e17-65b92aec9f1a/datanode-0/data/ratis/bb7091f3-c5ce-4e13-86bd-5d93fa255116/sm/snapshot.2_0
2021-11-05 13:00:20,384 [76ef4e66-eace-4a3b-a369-d2a815523a61@group-5D93FA255116-StateMachineUpdater] INFO  ratis.ContainerStateMachine (ContainerStateMachine.java:takeSnapshot(303)) - group-5D93FA255116: Finished taking a snapshot at:(t:2, i:0) file:/home/runner/work/ozone/ozone/hadoop-ozone/integration-test/target/test-dir/MiniOzoneClusterImpl-bdf76210-3e21-404e-9e17-65b92aec9f1a/datanode-0/data/ratis/bb7091f3-c5ce-4e13-86bd-5d93fa255116/sm/snapshot.2_0 took: 4 ms
2021-11-05 13:00:20,384 [76ef4e66-eace-4a3b-a369-d2a815523a61@group-5D93FA255116-StateMachineUpdater] INFO  impl.StateMachineUpdater (StateMachineUpdater.java:takeSnapshot(281)) - 76ef4e66-eace-4a3b-a369-d2a815523a61@group-5D93FA255116-StateMachineUpdater: Took a snapshot at index 0
2021-11-05 13:00:20,384 [76ef4e66-eace-4a3b-a369-d2a815523a61@group-5D93FA255116-StateMachineUpdater] INFO  impl.StateMachineUpdater (StateMachineUpdater.java:lambda$new$0(89)) - 76ef4e66-eace-4a3b-a369-d2a815523a61@group-5D93FA255116-StateMachineUpdater: snapshotIndex: updateIncreasingly -1 -> 0
2021-11-05 13:00:20,384 [Listener at 127.0.0.1/42119] INFO  server.RaftServer$Division (ServerState.java:close(419)) - 76ef4e66-eace-4a3b-a369-d2a815523a61@group-5D93FA255116: closes. applyIndex: 0
2021-11-05 13:00:20,384 [76ef4e66-eace-4a3b-a369-d2a815523a61@group-5D93FA255116-SegmentedRaftLogWorker] INFO  segmented.SegmentedRaftLogWorker (SegmentedRaftLogWorker.java:run(327)) - 76ef4e66-eace-4a3b-a369-d2a815523a61@group-5D93FA255116-SegmentedRaftLogWorker was interrupted, exiting. There are 0 tasks remaining in the queue.
2021-11-05 13:00:20,387 [Listener at 127.0.0.1/42119] INFO  segmented.SegmentedRaftLogWorker (SegmentedRaftLogWorker.java:close(237)) - 76ef4e66-eace-4a3b-a369-d2a815523a61@group-5D93FA255116-SegmentedRaftLogWorker close()
2021-11-05 13:00:20,389 [Listener at 127.0.0.1/42119] INFO  server.GrpcService (GrpcService.java:closeImpl(262)) - 76ef4e66-eace-4a3b-a369-d2a815523a61: shutdown server with port 41987 now
2021-11-05 13:00:20,390 [grpc-default-executor-3] WARN  server.GrpcServerProtocolService (LogUtils.java:warn(122)) - 76ef4e66-eace-4a3b-a369-d2a815523a61: installSnapshot onError, lastRequest: fa45fd2a-a6ef-4106-9a44-777d17a8e8f4->76ef4e66-eace-4a3b-a369-d2a815523a61#1-t2,previous=(t:0, i:0),leaderCommit=-1,initializing? true,entries: size=1, first=(t:2, i:0), CONFIGURATIONENTRY: org.apache.ratis.thirdparty.io.grpc.StatusRuntimeException: CANCELLED: client cancelled
2021-11-05 13:00:20,392 [grpc-default-executor-1] WARN  server.GrpcServerProtocolService (LogUtils.java:warn(122)) - 76ef4e66-eace-4a3b-a369-d2a815523a61: installSnapshot onError, lastRequest: 3ae4cb20-15ad-4779-a013-5b0fdc3aaee7->76ef4e66-eace-4a3b-a369-d2a815523a61#1-t2,previous=(t:0, i:0),leaderCommit=0,initializing? true,entries: size=1, first=(t:2, i:0), CONFIGURATIONENTRY: org.apache.ratis.thirdparty.io.grpc.StatusRuntimeException: CANCELLED: client cancelled
2021-11-05 13:00:20,393 [grpc-default-executor-1] WARN  server.GrpcLogAppender (LogUtils.java:warn(122)) - 3ae4cb20-15ad-4779-a013-5b0fdc3aaee7@group-5D93FA255116->76ef4e66-eace-4a3b-a369-d2a815523a61-AppendLogResponseHandler: Failed appendEntries: org.apache.ratis.thirdparty.io.grpc.StatusRuntimeException: CANCELLED: HTTP/2 error code: CANCEL
Received Rst Stream
2021-11-05 13:00:20,393 [grpc-default-executor-1] WARN  server.GrpcLogAppender (GrpcLogAppender.java:resetClient(110)) - 3ae4cb20-15ad-4779-a013-5b0fdc3aaee7@group-5D93FA255116->76ef4e66-eace-4a3b-a369-d2a815523a61-GrpcLogAppender: Leader has not got in touch with Follower 3ae4cb20-15ad-4779-a013-5b0fdc3aaee7@group-5D93FA255116->76ef4e66-eace-4a3b-a369-d2a815523a61(c0,m0,n1, attendVote=true, lastRpcSendTime=1963, lastRpcResponseTime=1897) yet, just keep nextIndex unchanged and retry.
2021-11-05 13:00:20,434 [Listener at 127.0.0.1/42119] INFO  server.GrpcService (GrpcService.java:closeImpl(271)) - 76ef4e66-eace-4a3b-a369-d2a815523a61: shutdown server with port 41987 successfully
2021-11-05 13:00:20,434 [org.apache.ratis.util.JvmPauseMonitor$$Lambda$531/328699815@512500a8] INFO  util.JvmPauseMonitor (JvmPauseMonitor.java:run(109)) - JvmPauseMonitor-76ef4e66-eace-4a3b-a369-d2a815523a61: Stopped
2021-11-05 13:00:20,437 [grpc-default-executor-5] WARN  server.GrpcLogAppender (LogUtils.java:warn(122)) - fa45fd2a-a6ef-4106-9a44-777d17a8e8f4@group-22F5320889A7->76ef4e66-eace-4a3b-a369-d2a815523a61-AppendLogResponseHandler: Failed appendEntries: org.apache.ratis.thirdparty.io.grpc.StatusRuntimeException: CANCELLED: HTTP/2 error code: CANCEL
Received Rst Stream
2021-11-05 13:00:20,438 [grpc-default-executor-5] WARN  server.GrpcLogAppender (GrpcLogAppender.java:resetClient(110)) - fa45fd2a-a6ef-4106-9a44-777d17a8e8f4@group-22F5320889A7->76ef4e66-eace-4a3b-a369-d2a815523a61-GrpcLogAppender: Leader has not got in touch with Follower fa45fd2a-a6ef-4106-9a44-777d17a8e8f4@group-22F5320889A7->76ef4e66-eace-4a3b-a369-d2a815523a61(c0,m0,n1, attendVote=true, lastRpcSendTime=1401, lastRpcResponseTime=1310) yet, just keep nextIndex unchanged and retry.
2021-11-05 13:00:20,485 [Listener at 127.0.0.1/42119] INFO  utils.BackgroundService (BackgroundService.java:shutdown(132)) - Shutting down service BlockDeletingService
2021-11-05 13:00:21,030 [grpc-default-executor-1] WARN  server.GrpcLogAppender (LogUtils.java:warn(122)) - 3ae4cb20-15ad-4779-a013-5b0fdc3aaee7@group-5D93FA255116->76ef4e66-eace-4a3b-a369-d2a815523a61-AppendLogResponseHandler: Failed appendEntries: org.apache.ratis.thirdparty.io.grpc.StatusRuntimeException: UNAVAILABLE: io exception
2021-11-05 13:00:21,030 [grpc-default-executor-1] WARN  server.GrpcLogAppender (GrpcLogAppender.java:resetClient(110)) - 3ae4cb20-15ad-4779-a013-5b0fdc3aaee7@group-5D93FA255116->76ef4e66-eace-4a3b-a369-d2a815523a61-GrpcLogAppender: Leader has not got in touch with Follower 3ae4cb20-15ad-4779-a013-5b0fdc3aaee7@group-5D93FA255116->76ef4e66-eace-4a3b-a369-d2a815523a61(c0,m0,n1, attendVote=true, lastRpcSendTime=2600, lastRpcResponseTime=2534) yet, just keep nextIndex unchanged and retry.
2021-11-05 13:00:21,453 [fae3de48-3e9f-4cc7-8f85-17bb385fc42a@group-30A45C208CA2-FollowerState] INFO  impl.FollowerState (FollowerState.java:run(134)) - fae3de48-3e9f-4cc7-8f85-17bb385fc42a@group-30A45C208CA2-FollowerState: change to CANDIDATE, lastRpcElapsedTime:5087810292ns, electionTimeout:5066ms
2021-11-05 13:00:21,453 [fae3de48-3e9f-4cc7-8f85-17bb385fc42a@group-30A45C208CA2-FollowerState] INFO  impl.RoleInfo (RoleInfo.java:shutdownFollowerState(108)) - fae3de48-3e9f-4cc7-8f85-17bb385fc42a: shutdown fae3de48-3e9f-4cc7-8f85-17bb385fc42a@group-30A45C208CA2-FollowerState
2021-11-05 13:00:21,453 [fae3de48-3e9f-4cc7-8f85-17bb385fc42a@group-30A45C208CA2-FollowerState] INFO  server.RaftServer$Division (RaftServerImpl.java:setRole(290)) - fae3de48-3e9f-4cc7-8f85-17bb385fc42a@group-30A45C208CA2: changes role from  FOLLOWER to CANDIDATE at term 1 for changeToCandidate
2021-11-05 13:00:21,453 [fae3de48-3e9f-4cc7-8f85-17bb385fc42a@group-30A45C208CA2-FollowerState] INFO  server.RaftServerConfigKeys (ConfUtils.java:logGet(44)) - raft.server.leaderelection.pre-vote = false (custom)
2021-11-05 13:00:21,453 [fae3de48-3e9f-4cc7-8f85-17bb385fc42a@group-30A45C208CA2-FollowerState] INFO  impl.RoleInfo (RoleInfo.java:updateAndGet(130)) - fae3de48-3e9f-4cc7-8f85-17bb385fc42a: start fae3de48-3e9f-4cc7-8f85-17bb385fc42a@group-30A45C208CA2-LeaderElection104
2021-11-05 13:00:21,457 [fae3de48-3e9f-4cc7-8f85-17bb385fc42a@group-30A45C208CA2-LeaderElection104] INFO  impl.LeaderElection (LeaderElection.java:askForVotes(306)) - fae3de48-3e9f-4cc7-8f85-17bb385fc42a@group-30A45C208CA2-LeaderElection104 ELECTION round 0: submit vote requests at term 2 for -1: [fae3de48-3e9f-4cc7-8f85-17bb385fc42a|rpc:10.1.0.23:41205|priority:0, 04351296-bb31-4c39-8b7c-2fcea1114805|rpc:10.1.0.23:43337|priority:0, f63fc592-5921-4d2a-8a56-22c1aba49965|rpc:10.1.0.23:39383|priority:1], old=null
2021-11-05 13:00:21,469 [grpc-default-executor-5] INFO  server.RaftServer$Division (RaftServerImpl.java:requestVote(1046)) - 04351296-bb31-4c39-8b7c-2fcea1114805@group-30A45C208CA2: receive requestVote(ELECTION, fae3de48-3e9f-4cc7-8f85-17bb385fc42a, group-30A45C208CA2, 2, (t:0, i:0))
2021-11-05 13:00:21,473 [grpc-default-executor-5] INFO  impl.VoteContext (VoteContext.java:log(48)) - 04351296-bb31-4c39-8b7c-2fcea1114805@group-30A45C208CA2-FOLLOWER: accept ELECTION from fae3de48-3e9f-4cc7-8f85-17bb385fc42a: our priority 0 <= candidate's priority 0
2021-11-05 13:00:21,473 [grpc-default-executor-5] INFO  server.RaftServer$Division (RaftServerImpl.java:setRole(290)) - 04351296-bb31-4c39-8b7c-2fcea1114805@group-30A45C208CA2: changes role from  FOLLOWER to FOLLOWER at term 2 for candidate:fae3de48-3e9f-4cc7-8f85-17bb385fc42a
2021-11-05 13:00:21,508 [grpc-default-executor-5] INFO  impl.RoleInfo (RoleInfo.java:shutdownFollowerState(108)) - 04351296-bb31-4c39-8b7c-2fcea1114805: shutdown 04351296-bb31-4c39-8b7c-2fcea1114805@group-30A45C208CA2-FollowerState
2021-11-05 13:00:21,508 [grpc-default-executor-5] INFO  impl.RoleInfo (RoleInfo.java:updateAndGet(130)) - 04351296-bb31-4c39-8b7c-2fcea1114805: start 04351296-bb31-4c39-8b7c-2fcea1114805@group-30A45C208CA2-FollowerState
2021-11-05 13:00:21,510 [04351296-bb31-4c39-8b7c-2fcea1114805@group-30A45C208CA2-FollowerState] INFO  impl.FollowerState (FollowerState.java:run(143)) - 04351296-bb31-4c39-8b7c-2fcea1114805@group-30A45C208CA2-FollowerState was interrupted: {}
java.lang.InterruptedException: sleep interrupted
	at java.lang.Thread.sleep(Native Method)
	at java.lang.Thread.sleep(Thread.java:340)
	at java.util.concurrent.TimeUnit.sleep(TimeUnit.java:386)
	at org.apache.ratis.util.TimeDuration.sleep(TimeDuration.java:324)
	at org.apache.ratis.util.TimeDuration.sleep(TimeDuration.java:309)
	at org.apache.ratis.server.impl.FollowerState.run(FollowerState.java:118)
2021-11-05 13:00:21,508 [grpc-default-executor-1] INFO  server.RaftServer$Division (RaftServerImpl.java:requestVote(1046)) - f63fc592-5921-4d2a-8a56-22c1aba49965@group-30A45C208CA2: receive requestVote(ELECTION, fae3de48-3e9f-4cc7-8f85-17bb385fc42a, group-30A45C208CA2, 2, (t:0, i:0))
2021-11-05 13:00:21,504 [f63fc592-5921-4d2a-8a56-22c1aba49965@group-30A45C208CA2-FollowerState] INFO  impl.FollowerState (FollowerState.java:run(134)) - f63fc592-5921-4d2a-8a56-22c1aba49965@group-30A45C208CA2-FollowerState: change to CANDIDATE, lastRpcElapsedTime:5161795897ns, electionTimeout:5143ms
2021-11-05 13:00:21,511 [f63fc592-5921-4d2a-8a56-22c1aba49965@group-30A45C208CA2-FollowerState] INFO  impl.RoleInfo (RoleInfo.java:shutdownFollowerState(108)) - f63fc592-5921-4d2a-8a56-22c1aba49965: shutdown f63fc592-5921-4d2a-8a56-22c1aba49965@group-30A45C208CA2-FollowerState
2021-11-05 13:00:21,511 [f63fc592-5921-4d2a-8a56-22c1aba49965@group-30A45C208CA2-FollowerState] INFO  server.RaftServer$Division (RaftServerImpl.java:setRole(290)) - f63fc592-5921-4d2a-8a56-22c1aba49965@group-30A45C208CA2: changes role from  FOLLOWER to CANDIDATE at term 1 for changeToCandidate
2021-11-05 13:00:21,521 [grpc-default-executor-5] INFO  server.RaftServer$Division (RaftServerImpl.java:requestVote(1078)) - 04351296-bb31-4c39-8b7c-2fcea1114805@group-30A45C208CA2 replies to ELECTION vote request: fae3de48-3e9f-4cc7-8f85-17bb385fc42a<-04351296-bb31-4c39-8b7c-2fcea1114805#0:OK-t2. Peer's state: 04351296-bb31-4c39-8b7c-2fcea1114805@group-30A45C208CA2:t2, leader=null, voted=fae3de48-3e9f-4cc7-8f85-17bb385fc42a, raftlog=04351296-bb31-4c39-8b7c-2fcea1114805@group-30A45C208CA2-SegmentedRaftLog:OPENED:c-1, conf=-1: [fae3de48-3e9f-4cc7-8f85-17bb385fc42a|rpc:10.1.0.23:41205|dataStream:|priority:0, 04351296-bb31-4c39-8b7c-2fcea1114805|rpc:10.1.0.23:43337|dataStream:|priority:0, f63fc592-5921-4d2a-8a56-22c1aba49965|rpc:10.1.0.23:39383|dataStream:|priority:1], old=null
2021-11-05 13:00:21,530 [f63fc592-5921-4d2a-8a56-22c1aba49965@group-30A45C208CA2-FollowerState] INFO  server.RaftServerConfigKeys (ConfUtils.java:logGet(44)) - raft.server.leaderelection.pre-vote = false (custom)
2021-11-05 13:00:21,530 [f63fc592-5921-4d2a-8a56-22c1aba49965@group-30A45C208CA2-FollowerState] INFO  impl.RoleInfo (RoleInfo.java:updateAndGet(130)) - f63fc592-5921-4d2a-8a56-22c1aba49965: start f63fc592-5921-4d2a-8a56-22c1aba49965@group-30A45C208CA2-LeaderElection105
2021-11-05 13:00:21,568 [grpc-default-executor-1] INFO  impl.VoteContext (VoteContext.java:log(48)) - f63fc592-5921-4d2a-8a56-22c1aba49965@group-30A45C208CA2-CANDIDATE: reject ELECTION from fae3de48-3e9f-4cc7-8f85-17bb385fc42a: our priority 1 > candidate's priority 0
2021-11-05 13:00:21,568 [grpc-default-executor-1] INFO  server.RaftServer$Division (RaftServerImpl.java:setRole(290)) - f63fc592-5921-4d2a-8a56-22c1aba49965@group-30A45C208CA2: changes role from CANDIDATE to FOLLOWER at term 2 for candidate:fae3de48-3e9f-4cc7-8f85-17bb385fc42a
2021-11-05 13:00:21,568 [grpc-default-executor-1] INFO  impl.RoleInfo (RoleInfo.java:shutdownLeaderElection(121)) - f63fc592-5921-4d2a-8a56-22c1aba49965: shutdown f63fc592-5921-4d2a-8a56-22c1aba49965@group-30A45C208CA2-LeaderElection105
2021-11-05 13:00:21,568 [grpc-default-executor-1] INFO  impl.RoleInfo (RoleInfo.java:updateAndGet(130)) - f63fc592-5921-4d2a-8a56-22c1aba49965: start f63fc592-5921-4d2a-8a56-22c1aba49965@group-30A45C208CA2-FollowerState
2021-11-05 13:00:21,568 [f63fc592-5921-4d2a-8a56-22c1aba49965@group-30A45C208CA2-LeaderElection105] INFO  impl.LeaderElection (LeaderElection.java:run(230)) - f63fc592-5921-4d2a-8a56-22c1aba49965@group-30A45C208CA2-LeaderElection105: skip running since this is already CLOSING
2021-11-05 13:00:21,599 [grpc-default-executor-1] INFO  server.RaftServer$Division (RaftServerImpl.java:requestVote(1078)) - f63fc592-5921-4d2a-8a56-22c1aba49965@group-30A45C208CA2 replies to ELECTION vote request: fae3de48-3e9f-4cc7-8f85-17bb385fc42a<-f63fc592-5921-4d2a-8a56-22c1aba49965#0:FAIL-t2. Peer's state: f63fc592-5921-4d2a-8a56-22c1aba49965@group-30A45C208CA2:t2, leader=null, voted=null, raftlog=f63fc592-5921-4d2a-8a56-22c1aba49965@group-30A45C208CA2-SegmentedRaftLog:OPENED:c-1, conf=-1: [fae3de48-3e9f-4cc7-8f85-17bb385fc42a|rpc:10.1.0.23:41205|dataStream:|priority:0, 04351296-bb31-4c39-8b7c-2fcea1114805|rpc:10.1.0.23:43337|dataStream:|priority:0, f63fc592-5921-4d2a-8a56-22c1aba49965|rpc:10.1.0.23:39383|dataStream:|priority:1], old=null
2021-11-05 13:00:21,600 [fae3de48-3e9f-4cc7-8f85-17bb385fc42a@group-30A45C208CA2-LeaderElection104] INFO  impl.LeaderElection (LeaderElection.java:logAndReturn(89)) - fae3de48-3e9f-4cc7-8f85-17bb385fc42a@group-30A45C208CA2-LeaderElection104: ELECTION REJECTED received 2 response(s) and 0 exception(s):
2021-11-05 13:00:21,600 [fae3de48-3e9f-4cc7-8f85-17bb385fc42a@group-30A45C208CA2-LeaderElection104] INFO  impl.LeaderElection (LeaderElection.java:logAndReturn(93)) -   Response 0: fae3de48-3e9f-4cc7-8f85-17bb385fc42a<-04351296-bb31-4c39-8b7c-2fcea1114805#0:OK-t2
2021-11-05 13:00:21,600 [fae3de48-3e9f-4cc7-8f85-17bb385fc42a@group-30A45C208CA2-LeaderElection104] INFO  impl.LeaderElection (LeaderElection.java:logAndReturn(93)) -   Response 1: fae3de48-3e9f-4cc7-8f85-17bb385fc42a<-f63fc592-5921-4d2a-8a56-22c1aba49965#0:FAIL-t2
2021-11-05 13:00:21,600 [fae3de48-3e9f-4cc7-8f85-17bb385fc42a@group-30A45C208CA2-LeaderElection104] INFO  impl.LeaderElection (LeaderElection.java:askForVotes(308)) - fae3de48-3e9f-4cc7-8f85-17bb385fc42a@group-30A45C208CA2-LeaderElection104 ELECTION round 0: result REJECTED
2021-11-05 13:00:21,600 [fae3de48-3e9f-4cc7-8f85-17bb385fc42a@group-30A45C208CA2-LeaderElection104] INFO  server.RaftServer$Division (RaftServerImpl.java:setRole(290)) - fae3de48-3e9f-4cc7-8f85-17bb385fc42a@group-30A45C208CA2: changes role from CANDIDATE to FOLLOWER at term 2 for REJECTED
2021-11-05 13:00:21,600 [fae3de48-3e9f-4cc7-8f85-17bb385fc42a@group-30A45C208CA2-LeaderElection104] INFO  impl.RoleInfo (RoleInfo.java:shutdownLeaderElection(121)) - fae3de48-3e9f-4cc7-8f85-17bb385fc42a: shutdown fae3de48-3e9f-4cc7-8f85-17bb385fc42a@group-30A45C208CA2-LeaderElection104
2021-11-05 13:00:21,600 [fae3de48-3e9f-4cc7-8f85-17bb385fc42a@group-30A45C208CA2-LeaderElection104] INFO  impl.RoleInfo (RoleInfo.java:updateAndGet(130)) - fae3de48-3e9f-4cc7-8f85-17bb385fc42a: start fae3de48-3e9f-4cc7-8f85-17bb385fc42a@group-30A45C208CA2-FollowerState
2021-11-05 13:00:21,740 [grpc-default-executor-5] WARN  server.GrpcLogAppender (LogUtils.java:warn(122)) - fa45fd2a-a6ef-4106-9a44-777d17a8e8f4@group-22F5320889A7->76ef4e66-eace-4a3b-a369-d2a815523a61-AppendLogResponseHandler: Failed appendEntries: org.apache.ratis.thirdparty.io.grpc.StatusRuntimeException: UNAVAILABLE: io exception
2021-11-05 13:00:21,741 [grpc-default-executor-5] WARN  server.GrpcLogAppender (GrpcLogAppender.java:resetClient(110)) - fa45fd2a-a6ef-4106-9a44-777d17a8e8f4@group-22F5320889A7->76ef4e66-eace-4a3b-a369-d2a815523a61-GrpcLogAppender: Leader has not got in touch with Follower fa45fd2a-a6ef-4106-9a44-777d17a8e8f4@group-22F5320889A7->76ef4e66-eace-4a3b-a369-d2a815523a61(c0,m0,n1, attendVote=true, lastRpcSendTime=2, lastRpcResponseTime=2613) yet, just keep nextIndex unchanged and retry.
2021-11-05 13:00:22,239 [04351296-bb31-4c39-8b7c-2fcea1114805@group-321DBB24BC0F-FollowerState] INFO  impl.FollowerState (FollowerState.java:run(134)) - 04351296-bb31-4c39-8b7c-2fcea1114805@group-321DBB24BC0F-FollowerState: change to CANDIDATE, lastRpcElapsedTime:5165907430ns, electionTimeout:5097ms
2021-11-05 13:00:22,239 [04351296-bb31-4c39-8b7c-2fcea1114805@group-321DBB24BC0F-FollowerState] INFO  impl.RoleInfo (RoleInfo.java:shutdownFollowerState(108)) - 04351296-bb31-4c39-8b7c-2fcea1114805: shutdown 04351296-bb31-4c39-8b7c-2fcea1114805@group-321DBB24BC0F-FollowerState
2021-11-05 13:00:22,239 [04351296-bb31-4c39-8b7c-2fcea1114805@group-321DBB24BC0F-FollowerState] INFO  server.RaftServer$Division (RaftServerImpl.java:setRole(290)) - 04351296-bb31-4c39-8b7c-2fcea1114805@group-321DBB24BC0F: changes role from  FOLLOWER to CANDIDATE at term 1 for changeToCandidate
2021-11-05 13:00:22,239 [04351296-bb31-4c39-8b7c-2fcea1114805@group-321DBB24BC0F-FollowerState] INFO  server.RaftServerConfigKeys (ConfUtils.java:logGet(44)) - raft.server.leaderelection.pre-vote = false (custom)
2021-11-05 13:00:22,239 [04351296-bb31-4c39-8b7c-2fcea1114805@group-321DBB24BC0F-FollowerState] INFO  impl.RoleInfo (RoleInfo.java:updateAndGet(130)) - 04351296-bb31-4c39-8b7c-2fcea1114805: start 04351296-bb31-4c39-8b7c-2fcea1114805@group-321DBB24BC0F-LeaderElection106
2021-11-05 13:00:22,276 [04351296-bb31-4c39-8b7c-2fcea1114805@group-321DBB24BC0F-LeaderElection106] INFO  impl.LeaderElection (LeaderElection.java:askForVotes(306)) - 04351296-bb31-4c39-8b7c-2fcea1114805@group-321DBB24BC0F-LeaderElection106 ELECTION round 0: submit vote requests at term 2 for -1: [fae3de48-3e9f-4cc7-8f85-17bb385fc42a|rpc:10.1.0.23:41205|dataStream:|priority:0, 04351296-bb31-4c39-8b7c-2fcea1114805|rpc:10.1.0.23:43337|dataStream:|priority:1, f63fc592-5921-4d2a-8a56-22c1aba49965|rpc:10.1.0.23:39383|dataStream:|priority:0], old=null
2021-11-05 13:00:22,318 [f63fc592-5921-4d2a-8a56-22c1aba49965@group-321DBB24BC0F-FollowerState] INFO  impl.FollowerState (FollowerState.java:run(134)) - f63fc592-5921-4d2a-8a56-22c1aba49965@group-321DBB24BC0F-FollowerState: change to CANDIDATE, lastRpcElapsedTime:5213833922ns, electionTimeout:5190ms
2021-11-05 13:00:22,318 [f63fc592-5921-4d2a-8a56-22c1aba49965@group-321DBB24BC0F-FollowerState] INFO  impl.RoleInfo (RoleInfo.java:shutdownFollowerState(108)) - f63fc592-5921-4d2a-8a56-22c1aba49965: shutdown f63fc592-5921-4d2a-8a56-22c1aba49965@group-321DBB24BC0F-FollowerState
2021-11-05 13:00:22,318 [f63fc592-5921-4d2a-8a56-22c1aba49965@group-321DBB24BC0F-FollowerState] INFO  server.RaftServer$Division (RaftServerImpl.java:setRole(290)) - f63fc592-5921-4d2a-8a56-22c1aba49965@group-321DBB24BC0F: changes role from  FOLLOWER to CANDIDATE at term 1 for changeToCandidate
2021-11-05 13:00:22,318 [f63fc592-5921-4d2a-8a56-22c1aba49965@group-321DBB24BC0F-FollowerState] INFO  server.RaftServerConfigKeys (ConfUtils.java:logGet(44)) - raft.server.leaderelection.pre-vote = false (custom)
2021-11-05 13:00:22,332 [grpc-default-executor-5] INFO  server.RaftServer$Division (RaftServerImpl.java:requestVote(1046)) - fae3de48-3e9f-4cc7-8f85-17bb385fc42a@group-321DBB24BC0F: receive requestVote(ELECTION, 04351296-bb31-4c39-8b7c-2fcea1114805, group-321DBB24BC0F, 2, (t:0, i:0))
2021-11-05 13:00:22,327 [fae3de48-3e9f-4cc7-8f85-17bb385fc42a@group-321DBB24BC0F-FollowerState] INFO  impl.FollowerState (FollowerState.java:run(134)) - fae3de48-3e9f-4cc7-8f85-17bb385fc42a@group-321DBB24BC0F-FollowerState: change to CANDIDATE, lastRpcElapsedTime:5214297966ns, electionTimeout:5198ms
2021-11-05 13:00:22,369 [fae3de48-3e9f-4cc7-8f85-17bb385fc42a@group-321DBB24BC0F-FollowerState] INFO  impl.RoleInfo (RoleInfo.java:shutdownFollowerState(108)) - fae3de48-3e9f-4cc7-8f85-17bb385fc42a: shutdown fae3de48-3e9f-4cc7-8f85-17bb385fc42a@group-321DBB24BC0F-FollowerState
2021-11-05 13:00:22,369 [fae3de48-3e9f-4cc7-8f85-17bb385fc42a@group-321DBB24BC0F-FollowerState] INFO  server.RaftServer$Division (RaftServerImpl.java:setRole(290)) - fae3de48-3e9f-4cc7-8f85-17bb385fc42a@group-321DBB24BC0F: changes role from  FOLLOWER to CANDIDATE at term 1 for changeToCandidate
2021-11-05 13:00:22,369 [fae3de48-3e9f-4cc7-8f85-17bb385fc42a@group-321DBB24BC0F-FollowerState] INFO  server.RaftServerConfigKeys (ConfUtils.java:logGet(44)) - raft.server.leaderelection.pre-vote = false (custom)
2021-11-05 13:00:22,369 [fae3de48-3e9f-4cc7-8f85-17bb385fc42a@group-321DBB24BC0F-FollowerState] INFO  impl.RoleInfo (RoleInfo.java:updateAndGet(130)) - fae3de48-3e9f-4cc7-8f85-17bb385fc42a: start fae3de48-3e9f-4cc7-8f85-17bb385fc42a@group-321DBB24BC0F-LeaderElection108
2021-11-05 13:00:22,368 [f63fc592-5921-4d2a-8a56-22c1aba49965@group-321DBB24BC0F-FollowerState] INFO  impl.RoleInfo (RoleInfo.java:updateAndGet(130)) - f63fc592-5921-4d2a-8a56-22c1aba49965: start f63fc592-5921-4d2a-8a56-22c1aba49965@group-321DBB24BC0F-LeaderElection107
2021-11-05 13:00:22,381 [grpc-default-executor-1] INFO  server.RaftServer$Division (RaftServerImpl.java:requestVote(1046)) - f63fc592-5921-4d2a-8a56-22c1aba49965@group-321DBB24BC0F: receive requestVote(ELECTION, 04351296-bb31-4c39-8b7c-2fcea1114805, group-321DBB24BC0F, 2, (t:0, i:0))
2021-11-05 13:00:22,408 [grpc-default-executor-1] INFO  impl.VoteContext (VoteContext.java:log(48)) - f63fc592-5921-4d2a-8a56-22c1aba49965@group-321DBB24BC0F-CANDIDATE: accept ELECTION from 04351296-bb31-4c39-8b7c-2fcea1114805: our priority 0 <= candidate's priority 1
2021-11-05 13:00:22,409 [grpc-default-executor-1] INFO  server.RaftServer$Division (RaftServerImpl.java:setRole(290)) - f63fc592-5921-4d2a-8a56-22c1aba49965@group-321DBB24BC0F: changes role from CANDIDATE to FOLLOWER at term 2 for candidate:04351296-bb31-4c39-8b7c-2fcea1114805
2021-11-05 13:00:22,409 [grpc-default-executor-1] INFO  impl.RoleInfo (RoleInfo.java:shutdownLeaderElection(121)) - f63fc592-5921-4d2a-8a56-22c1aba49965: shutdown f63fc592-5921-4d2a-8a56-22c1aba49965@group-321DBB24BC0F-LeaderElection107
2021-11-05 13:00:22,409 [grpc-default-executor-1] INFO  impl.RoleInfo (RoleInfo.java:updateAndGet(130)) - f63fc592-5921-4d2a-8a56-22c1aba49965: start f63fc592-5921-4d2a-8a56-22c1aba49965@group-321DBB24BC0F-FollowerState
2021-11-05 13:00:22,411 [grpc-default-executor-1] INFO  server.RaftServer$Division (RaftServerImpl.java:requestVote(1078)) - f63fc592-5921-4d2a-8a56-22c1aba49965@group-321DBB24BC0F replies to ELECTION vote request: 04351296-bb31-4c39-8b7c-2fcea1114805<-f63fc592-5921-4d2a-8a56-22c1aba49965#0:OK-t2. Peer's state: f63fc592-5921-4d2a-8a56-22c1aba49965@group-321DBB24BC0F:t2, leader=null, voted=04351296-bb31-4c39-8b7c-2fcea1114805, raftlog=f63fc592-5921-4d2a-8a56-22c1aba49965@group-321DBB24BC0F-SegmentedRaftLog:OPENED:c-1, conf=-1: [fae3de48-3e9f-4cc7-8f85-17bb385fc42a|rpc:10.1.0.23:41205|priority:0, 04351296-bb31-4c39-8b7c-2fcea1114805|rpc:10.1.0.23:43337|priority:1, f63fc592-5921-4d2a-8a56-22c1aba49965|rpc:10.1.0.23:39383|priority:0], old=null
2021-11-05 13:00:22,411 [04351296-bb31-4c39-8b7c-2fcea1114805@group-321DBB24BC0F-LeaderElection106] INFO  impl.LeaderElection (LeaderElection.java:logAndReturn(89)) - 04351296-bb31-4c39-8b7c-2fcea1114805@group-321DBB24BC0F-LeaderElection106: ELECTION PASSED received 1 response(s) and 0 exception(s):
2021-11-05 13:00:22,412 [04351296-bb31-4c39-8b7c-2fcea1114805@group-321DBB24BC0F-LeaderElection106] INFO  impl.LeaderElection (LeaderElection.java:logAndReturn(93)) -   Response 0: 04351296-bb31-4c39-8b7c-2fcea1114805<-f63fc592-5921-4d2a-8a56-22c1aba49965#0:OK-t2
2021-11-05 13:00:22,412 [04351296-bb31-4c39-8b7c-2fcea1114805@group-321DBB24BC0F-LeaderElection106] INFO  impl.LeaderElection (LeaderElection.java:askForVotes(308)) - 04351296-bb31-4c39-8b7c-2fcea1114805@group-321DBB24BC0F-LeaderElection106 ELECTION round 0: result PASSED
2021-11-05 13:00:22,412 [04351296-bb31-4c39-8b7c-2fcea1114805@group-321DBB24BC0F-LeaderElection106] INFO  impl.RoleInfo (RoleInfo.java:shutdownLeaderElection(121)) - 04351296-bb31-4c39-8b7c-2fcea1114805: shutdown 04351296-bb31-4c39-8b7c-2fcea1114805@group-321DBB24BC0F-LeaderElection106
2021-11-05 13:00:22,412 [04351296-bb31-4c39-8b7c-2fcea1114805@group-321DBB24BC0F-LeaderElection106] INFO  server.RaftServer$Division (RaftServerImpl.java:setRole(290)) - 04351296-bb31-4c39-8b7c-2fcea1114805@group-321DBB24BC0F: changes role from CANDIDATE to LEADER at term 2 for changeToLeader
2021-11-05 13:00:22,412 [04351296-bb31-4c39-8b7c-2fcea1114805@group-321DBB24BC0F-LeaderElection106] INFO  ratis.XceiverServerRatis (XceiverServerRatis.java:handleLeaderChangedNotification(866)) - Leader change notification received for group: group-321DBB24BC0F with new leaderId: 04351296-bb31-4c39-8b7c-2fcea1114805
2021-11-05 13:00:22,412 [04351296-bb31-4c39-8b7c-2fcea1114805@group-321DBB24BC0F-LeaderElection106] INFO  server.RaftServer$Division (ServerState.java:setLeader(285)) - 04351296-bb31-4c39-8b7c-2fcea1114805@group-321DBB24BC0F: change Leader from null to 04351296-bb31-4c39-8b7c-2fcea1114805 at term 2 for becomeLeader, leader elected after 10445ms
2021-11-05 13:00:22,412 [04351296-bb31-4c39-8b7c-2fcea1114805@group-321DBB24BC0F-LeaderElection106] INFO  server.RaftServerConfigKeys (ConfUtils.java:logGet(44)) - raft.server.staging.catchup.gap = 1000 (default)
2021-11-05 13:00:22,412 [04351296-bb31-4c39-8b7c-2fcea1114805@group-321DBB24BC0F-LeaderElection106] INFO  server.RaftServerConfigKeys (ConfUtils.java:logGet(44)) - raft.server.write.element-limit = 1024 (custom)
2021-11-05 13:00:22,412 [04351296-bb31-4c39-8b7c-2fcea1114805@group-321DBB24BC0F-LeaderElection106] INFO  server.RaftServerConfigKeys (ConfUtils.java:logGet(44)) - raft.server.write.byte-limit = 1024 M (=1073741824) (custom)
2021-11-05 13:00:22,413 [04351296-bb31-4c39-8b7c-2fcea1114805@group-321DBB24BC0F-LeaderElection106] INFO  server.RaftServerConfigKeys (ConfUtils.java:logGet(44)) - raft.server.watch.timeout = 3000ms (custom)
2021-11-05 13:00:22,413 [04351296-bb31-4c39-8b7c-2fcea1114805@group-321DBB24BC0F-LeaderElection106] INFO  server.RaftServerConfigKeys (ConfUtils.java:logGet(44)) - raft.server.watch.timeout.denomination = 1s (default)
2021-11-05 13:00:22,413 [04351296-bb31-4c39-8b7c-2fcea1114805@group-321DBB24BC0F-LeaderElection106] INFO  server.RaftServerConfigKeys (ConfUtils.java:logGet(44)) - raft.server.watch.element-limit = 65536 (default)
2021-11-05 13:00:22,413 [04351296-bb31-4c39-8b7c-2fcea1114805@group-321DBB24BC0F-LeaderElection106] INFO  server.RaftServerConfigKeys (ConfUtils.java:logGet(44)) - raft.server.write.element-limit = 1024 (custom)
2021-11-05 13:00:22,413 [04351296-bb31-4c39-8b7c-2fcea1114805@group-321DBB24BC0F-LeaderElection106] INFO  server.RaftServerConfigKeys (ConfUtils.java:logGet(44)) - raft.server.write.follower.gap.ratio.max = -1.0 (default)
2021-11-05 13:00:22,413 [04351296-bb31-4c39-8b7c-2fcea1114805@group-321DBB24BC0F-LeaderElection106] INFO  server.RaftServerConfigKeys (ConfUtils.java:logGet(44)) - raft.server.log.appender.snapshot.chunk.size.max = 16MB (=16777216) (default)
2021-11-05 13:00:22,413 [04351296-bb31-4c39-8b7c-2fcea1114805@group-321DBB24BC0F-LeaderElection106] INFO  server.RaftServerConfigKeys (ConfUtils.java:logGet(44)) - raft.server.log.appender.buffer.byte-limit = 33554432 (custom)
2021-11-05 13:00:22,413 [04351296-bb31-4c39-8b7c-2fcea1114805@group-321DBB24BC0F-LeaderElection106] INFO  server.RaftServerConfigKeys (ConfUtils.java:logGet(44)) - raft.server.log.appender.buffer.element-limit = 1 (custom)
2021-11-05 13:00:22,413 [04351296-bb31-4c39-8b7c-2fcea1114805@group-321DBB24BC0F-LeaderElection106] INFO  grpc.GrpcConfigKeys (ConfUtils.java:logGet(44)) - raft.grpc.server.leader.outstanding.appends.max = 128 (default)
2021-11-05 13:00:22,413 [04351296-bb31-4c39-8b7c-2fcea1114805@group-321DBB24BC0F-LeaderElection106] INFO  server.RaftServerConfigKeys (ConfUtils.java:logGet(44)) - raft.server.rpc.request.timeout = 3000ms (default)
2021-11-05 13:00:22,413 [04351296-bb31-4c39-8b7c-2fcea1114805@group-321DBB24BC0F-LeaderElection106] INFO  server.RaftServerConfigKeys (ConfUtils.java:logGet(44)) - raft.server.log.appender.install.snapshot.enabled = false (custom)
2021-11-05 13:00:22,414 [04351296-bb31-4c39-8b7c-2fcea1114805@group-321DBB24BC0F-LeaderElection106] INFO  server.RaftServerConfigKeys (ConfUtils.java:logGet(44)) - raft.server.log.appender.snapshot.chunk.size.max = 16MB (=16777216) (default)
2021-11-05 13:00:22,414 [04351296-bb31-4c39-8b7c-2fcea1114805@group-321DBB24BC0F-LeaderElection106] INFO  server.RaftServerConfigKeys (ConfUtils.java:logGet(44)) - raft.server.log.appender.buffer.byte-limit = 33554432 (custom)
2021-11-05 13:00:22,414 [04351296-bb31-4c39-8b7c-2fcea1114805@group-321DBB24BC0F-LeaderElection106] INFO  server.RaftServerConfigKeys (ConfUtils.java:logGet(44)) - raft.server.log.appender.buffer.element-limit = 1 (custom)
2021-11-05 13:00:22,415 [04351296-bb31-4c39-8b7c-2fcea1114805@group-321DBB24BC0F-LeaderElection106] INFO  grpc.GrpcConfigKeys (ConfUtils.java:logGet(44)) - raft.grpc.server.leader.outstanding.appends.max = 128 (default)
2021-11-05 13:00:22,415 [04351296-bb31-4c39-8b7c-2fcea1114805@group-321DBB24BC0F-LeaderElection106] INFO  server.RaftServerConfigKeys (ConfUtils.java:logGet(44)) - raft.server.rpc.request.timeout = 3000ms (default)
2021-11-05 13:00:22,415 [04351296-bb31-4c39-8b7c-2fcea1114805@group-321DBB24BC0F-LeaderElection106] INFO  server.RaftServerConfigKeys (ConfUtils.java:logGet(44)) - raft.server.log.appender.install.snapshot.enabled = false (custom)
2021-11-05 13:00:22,419 [EventQueue-PipelineReportForPipelineReportHandler] INFO  pipeline.PipelineManagerImpl (PipelineManagerImpl.java:openPipeline(289)) - Pipeline Pipeline[ Id: cf6dd734-eee3-40b4-8aa9-321dbb24bc0f, Nodes: 04351296-bb31-4c39-8b7c-2fcea1114805{ip: 10.1.0.23, host: fv-az151-875.yf2hydr00wburbhx3j5hxtcipe.bx.internal.cloudapp.net, ports: [REPLICATION=40621, RATIS=43337, RATIS_ADMIN=43337, RATIS_SERVER=43337, STANDALONE=45289], networkLocation: /default-rack, certSerialId: null, persistedOpState: IN_SERVICE, persistedOpStateExpiryEpochSec: 0}f63fc592-5921-4d2a-8a56-22c1aba49965{ip: 10.1.0.23, host: fv-az151-875.yf2hydr00wburbhx3j5hxtcipe.bx.internal.cloudapp.net, ports: [REPLICATION=40425, RATIS=39383, RATIS_ADMIN=39383, RATIS_SERVER=39383, STANDALONE=43527], networkLocation: /default-rack, certSerialId: null, persistedOpState: IN_SERVICE, persistedOpStateExpiryEpochSec: 0}fae3de48-3e9f-4cc7-8f85-17bb385fc42a{ip: 10.1.0.23, host: fv-az151-875.yf2hydr00wburbhx3j5hxtcipe.bx.internal.cloudapp.net, ports: [REPLICATION=35371, RATIS=41205, RATIS_ADMIN=41205, RATIS_SERVER=41205, STANDALONE=45749], networkLocation: /default-rack, certSerialId: null, persistedOpState: IN_SERVICE, persistedOpStateExpiryEpochSec: 0}, ReplicationConfig: RATIS/THREE, State:ALLOCATED, leaderId:04351296-bb31-4c39-8b7c-2fcea1114805, CreationTimestamp2021-11-05T13:00:09.485Z[Etc/UTC]] moved to OPEN state
2021-11-05 13:00:22,420 [04351296-bb31-4c39-8b7c-2fcea1114805@group-321DBB24BC0F-LeaderElection106] INFO  impl.RoleInfo (RoleInfo.java:updateAndGet(130)) - 04351296-bb31-4c39-8b7c-2fcea1114805: start 04351296-bb31-4c39-8b7c-2fcea1114805@group-321DBB24BC0F-LeaderStateImpl
2021-11-05 13:00:22,421 [04351296-bb31-4c39-8b7c-2fcea1114805@group-321DBB24BC0F-LeaderElection106] INFO  segmented.SegmentedRaftLogWorker (SegmentedRaftLogWorker.java:startLogSegment(394)) - 04351296-bb31-4c39-8b7c-2fcea1114805@group-321DBB24BC0F-SegmentedRaftLogWorker: Starting segment from index:0
2021-11-05 13:00:22,423 [04351296-bb31-4c39-8b7c-2fcea1114805@group-321DBB24BC0F-SegmentedRaftLogWorker] INFO  segmented.SegmentedRaftLogWorker (SegmentedRaftLogWorker.java:execute(601)) - 04351296-bb31-4c39-8b7c-2fcea1114805@group-321DBB24BC0F-SegmentedRaftLogWorker: created new log segment /home/runner/work/ozone/ozone/hadoop-ozone/integration-test/target/test-dir/MiniOzoneClusterImpl-bdf76210-3e21-404e-9e17-65b92aec9f1a/datanode-5/data/ratis/cf6dd734-eee3-40b4-8aa9-321dbb24bc0f/current/log_inprogress_0
2021-11-05 13:00:22,428 [f63fc592-5921-4d2a-8a56-22c1aba49965@group-321DBB24BC0F-LeaderElection107] INFO  impl.LeaderElection (LeaderElection.java:run(230)) - f63fc592-5921-4d2a-8a56-22c1aba49965@group-321DBB24BC0F-LeaderElection107: skip running since this is already CLOSING
2021-11-05 13:00:22,430 [grpc-default-executor-1] INFO  ratis.XceiverServerRatis (XceiverServerRatis.java:handleLeaderChangedNotification(866)) - Leader change notification received for group: group-321DBB24BC0F with new leaderId: 04351296-bb31-4c39-8b7c-2fcea1114805
2021-11-05 13:00:22,430 [grpc-default-executor-1] INFO  server.RaftServer$Division (ServerState.java:setLeader(285)) - f63fc592-5921-4d2a-8a56-22c1aba49965@group-321DBB24BC0F: change Leader from null to 04351296-bb31-4c39-8b7c-2fcea1114805 at term 2 for appendEntries, leader elected after 10609ms
2021-11-05 13:00:22,431 [04351296-bb31-4c39-8b7c-2fcea1114805@group-321DBB24BC0F-LeaderElection106] INFO  server.RaftServer$Division (ServerState.java:setRaftConf(387)) - 04351296-bb31-4c39-8b7c-2fcea1114805@group-321DBB24BC0F: set configuration 0: [fae3de48-3e9f-4cc7-8f85-17bb385fc42a|rpc:10.1.0.23:41205|dataStream:|priority:0, 04351296-bb31-4c39-8b7c-2fcea1114805|rpc:10.1.0.23:43337|dataStream:|priority:1, f63fc592-5921-4d2a-8a56-22c1aba49965|rpc:10.1.0.23:39383|dataStream:|priority:0], old=null
2021-11-05 13:00:22,455 [grpc-default-executor-5] INFO  impl.VoteContext (VoteContext.java:log(48)) - fae3de48-3e9f-4cc7-8f85-17bb385fc42a@group-321DBB24BC0F-CANDIDATE: accept ELECTION from 04351296-bb31-4c39-8b7c-2fcea1114805: our priority 0 <= candidate's priority 1
2021-11-05 13:00:22,455 [grpc-default-executor-5] INFO  server.RaftServer$Division (RaftServerImpl.java:setRole(290)) - fae3de48-3e9f-4cc7-8f85-17bb385fc42a@group-321DBB24BC0F: changes role from CANDIDATE to FOLLOWER at term 2 for candidate:04351296-bb31-4c39-8b7c-2fcea1114805
2021-11-05 13:00:22,455 [grpc-default-executor-5] INFO  impl.RoleInfo (RoleInfo.java:shutdownLeaderElection(121)) - fae3de48-3e9f-4cc7-8f85-17bb385fc42a: shutdown fae3de48-3e9f-4cc7-8f85-17bb385fc42a@group-321DBB24BC0F-LeaderElection108
2021-11-05 13:00:22,455 [grpc-default-executor-5] INFO  impl.RoleInfo (RoleInfo.java:updateAndGet(130)) - fae3de48-3e9f-4cc7-8f85-17bb385fc42a: start fae3de48-3e9f-4cc7-8f85-17bb385fc42a@group-321DBB24BC0F-FollowerState
2021-11-05 13:00:22,487 [grpc-default-executor-5] INFO  server.RaftServer$Division (RaftServerImpl.java:requestVote(1078)) - fae3de48-3e9f-4cc7-8f85-17bb385fc42a@group-321DBB24BC0F replies to ELECTION vote request: 04351296-bb31-4c39-8b7c-2fcea1114805<-fae3de48-3e9f-4cc7-8f85-17bb385fc42a#0:OK-t2. Peer's state: fae3de48-3e9f-4cc7-8f85-17bb385fc42a@group-321DBB24BC0F:t2, leader=null, voted=04351296-bb31-4c39-8b7c-2fcea1114805, raftlog=fae3de48-3e9f-4cc7-8f85-17bb385fc42a@group-321DBB24BC0F-SegmentedRaftLog:OPENED:c-1, conf=-1: [fae3de48-3e9f-4cc7-8f85-17bb385fc42a|rpc:10.1.0.23:41205|priority:0, 04351296-bb31-4c39-8b7c-2fcea1114805|rpc:10.1.0.23:43337|priority:1, f63fc592-5921-4d2a-8a56-22c1aba49965|rpc:10.1.0.23:39383|priority:0], old=null
2021-11-05 13:00:22,488 [grpc-default-executor-3] INFO  ratis.XceiverServerRatis (XceiverServerRatis.java:handleLeaderChangedNotification(866)) - Leader change notification received for group: group-321DBB24BC0F with new leaderId: 04351296-bb31-4c39-8b7c-2fcea1114805
2021-11-05 13:00:22,488 [grpc-default-executor-3] INFO  server.RaftServer$Division (ServerState.java:setLeader(285)) - fae3de48-3e9f-4cc7-8f85-17bb385fc42a@group-321DBB24BC0F: change Leader from null to 04351296-bb31-4c39-8b7c-2fcea1114805 at term 2 for appendEntries, leader elected after 10594ms
2021-11-05 13:00:22,514 [grpc-default-executor-1] INFO  server.RaftServer$Division (ServerState.java:setRaftConf(387)) - f63fc592-5921-4d2a-8a56-22c1aba49965@group-321DBB24BC0F: set configuration 0: [fae3de48-3e9f-4cc7-8f85-17bb385fc42a|rpc:10.1.0.23:41205|dataStream:|priority:0, 04351296-bb31-4c39-8b7c-2fcea1114805|rpc:10.1.0.23:43337|dataStream:|priority:1, f63fc592-5921-4d2a-8a56-22c1aba49965|rpc:10.1.0.23:39383|dataStream:|priority:0], old=null
2021-11-05 13:00:22,514 [grpc-default-executor-1] INFO  segmented.SegmentedRaftLogWorker (SegmentedRaftLogWorker.java:startLogSegment(394)) - f63fc592-5921-4d2a-8a56-22c1aba49965@group-321DBB24BC0F-SegmentedRaftLogWorker: Starting segment from index:0
2021-11-05 13:00:22,516 [grpc-default-executor-3] INFO  server.RaftServer$Division (ServerState.java:setRaftConf(387)) - fae3de48-3e9f-4cc7-8f85-17bb385fc42a@group-321DBB24BC0F: set configuration 0: [fae3de48-3e9f-4cc7-8f85-17bb385fc42a|rpc:10.1.0.23:41205|dataStream:|priority:0, 04351296-bb31-4c39-8b7c-2fcea1114805|rpc:10.1.0.23:43337|dataStream:|priority:1, f63fc592-5921-4d2a-8a56-22c1aba49965|rpc:10.1.0.23:39383|dataStream:|priority:0], old=null
2021-11-05 13:00:22,516 [f63fc592-5921-4d2a-8a56-22c1aba49965@group-321DBB24BC0F-SegmentedRaftLogWorker] INFO  segmented.SegmentedRaftLogWorker (SegmentedRaftLogWorker.java:execute(601)) - f63fc592-5921-4d2a-8a56-22c1aba49965@group-321DBB24BC0F-SegmentedRaftLogWorker: created new log segment /home/runner/work/ozone/ozone/hadoop-ozone/integration-test/target/test-dir/MiniOzoneClusterImpl-bdf76210-3e21-404e-9e17-65b92aec9f1a/datanode-4/data/ratis/cf6dd734-eee3-40b4-8aa9-321dbb24bc0f/current/log_inprogress_0
2021-11-05 13:00:22,517 [grpc-default-executor-3] INFO  segmented.SegmentedRaftLogWorker (SegmentedRaftLogWorker.java:startLogSegment(394)) - fae3de48-3e9f-4cc7-8f85-17bb385fc42a@group-321DBB24BC0F-SegmentedRaftLogWorker: Starting segment from index:0
2021-11-05 13:00:22,652 [fae3de48-3e9f-4cc7-8f85-17bb385fc42a@group-321DBB24BC0F-SegmentedRaftLogWorker] INFO  segmented.SegmentedRaftLogWorker (SegmentedRaftLogWorker.java:execute(601)) - fae3de48-3e9f-4cc7-8f85-17bb385fc42a@group-321DBB24BC0F-SegmentedRaftLogWorker: created new log segment /home/runner/work/ozone/ozone/hadoop-ozone/integration-test/target/test-dir/MiniOzoneClusterImpl-bdf76210-3e21-404e-9e17-65b92aec9f1a/datanode-3/data/ratis/cf6dd734-eee3-40b4-8aa9-321dbb24bc0f/current/log_inprogress_0
2021-11-05 13:00:23,516 [Listener at 127.0.0.1/42119] INFO  statemachine.DatanodeStateMachine (DatanodeStateMachine.java:stopDaemon(526)) - Ozone container server stopped.
2021-11-05 13:00:23,517 [Listener at 127.0.0.1/42119] INFO  handler.ContextHandler (ContextHandler.java:doStop(1153)) - Stopped o.e.j.w.WebAppContext@5d851571{hddsDatanode,/,null,STOPPED}{jar:file:/home/runner/.m2/repository/org/apache/ozone/hdds-container-service/1.2.0-SNAPSHOT/hdds-container-service-1.2.0-SNAPSHOT.jar!/webapps/hddsDatanode}
2021-11-05 13:00:23,518 [Listener at 127.0.0.1/42119] INFO  server.AbstractConnector (AbstractConnector.java:doStop(381)) - Stopped ServerConnector@77d89df6{HTTP/1.1, (http/1.1)}{0.0.0.0:0}
2021-11-05 13:00:23,518 [Listener at 127.0.0.1/42119] INFO  server.session (HouseKeeper.java:stopScavenging(149)) - node0 Stopped scavenging
2021-11-05 13:00:23,518 [Listener at 127.0.0.1/42119] INFO  handler.ContextHandler (ContextHandler.java:doStop(1153)) - Stopped o.e.j.s.ServletContextHandler@43b16b03{static,/static,jar:file:/home/runner/.m2/repository/org/apache/ozone/hdds-container-service/1.2.0-SNAPSHOT/hdds-container-service-1.2.0-SNAPSHOT.jar!/webapps/static,STOPPED}
2021-11-05 13:00:23,518 [Listener at 127.0.0.1/42119] INFO  handler.ContextHandler (ContextHandler.java:doStop(1153)) - Stopped o.e.j.s.ServletContextHandler@2079742e{logs,/logs,file:///home/runner/work/ozone/ozone/hadoop-ozone/integration-test/target/log,STOPPED}
2021-11-05 13:00:23,540 [grpc-default-executor-3] WARN  server.GrpcLogAppender (LogUtils.java:warn(122)) - 3ae4cb20-15ad-4779-a013-5b0fdc3aaee7@group-5D93FA255116->76ef4e66-eace-4a3b-a369-d2a815523a61-AppendLogResponseHandler: Failed appendEntries: org.apache.ratis.thirdparty.io.grpc.StatusRuntimeException: UNAVAILABLE: io exception
2021-11-05 13:00:23,541 [grpc-default-executor-3] WARN  server.GrpcLogAppender (GrpcLogAppender.java:resetClient(110)) - 3ae4cb20-15ad-4779-a013-5b0fdc3aaee7@group-5D93FA255116->76ef4e66-eace-4a3b-a369-d2a815523a61-GrpcLogAppender: Leader has not got in touch with Follower 3ae4cb20-15ad-4779-a013-5b0fdc3aaee7@group-5D93FA255116->76ef4e66-eace-4a3b-a369-d2a815523a61(c0,m0,n1, attendVote=true, lastRpcSendTime=2509, lastRpcResponseTime=5044) yet, just keep nextIndex unchanged and retry.
2021-11-05 13:00:24,262 [grpc-default-executor-3] WARN  server.GrpcLogAppender (LogUtils.java:warn(122)) - fa45fd2a-a6ef-4106-9a44-777d17a8e8f4@group-22F5320889A7->76ef4e66-eace-4a3b-a369-d2a815523a61-AppendLogResponseHandler: Failed appendEntries: org.apache.ratis.thirdparty.io.grpc.StatusRuntimeException: UNAVAILABLE: io exception
2021-11-05 13:00:24,263 [grpc-default-executor-3] WARN  server.GrpcLogAppender (GrpcLogAppender.java:resetClient(110)) - fa45fd2a-a6ef-4106-9a44-777d17a8e8f4@group-22F5320889A7->76ef4e66-eace-4a3b-a369-d2a815523a61-GrpcLogAppender: Leader has not got in touch with Follower fa45fd2a-a6ef-4106-9a44-777d17a8e8f4@group-22F5320889A7->76ef4e66-eace-4a3b-a369-d2a815523a61(c0,m0,n1, attendVote=true, lastRpcSendTime=3, lastRpcResponseTime=5135) yet, just keep nextIndex unchanged and retry.
2021-11-05 13:00:25,004 [EventQueue-StaleNodeForStaleNodeHandler] INFO  node.StaleNodeHandler (StaleNodeHandler.java:onMessage(58)) - Datanode 76ef4e66-eace-4a3b-a369-d2a815523a61{ip: 10.1.0.23, host: fv-az151-875.yf2hydr00wburbhx3j5hxtcipe.bx.internal.cloudapp.net, ports: [REPLICATION=43087, RATIS=41987, RATIS_ADMIN=41987, RATIS_SERVER=41987, STANDALONE=45779], networkLocation: /default-rack, certSerialId: null, persistedOpState: IN_SERVICE, persistedOpStateExpiryEpochSec: 0} moved to stale state. Finalizing its pipelines [PipelineID=31cdf347-9acf-41c8-b64f-46a48ff2b846, PipelineID=bb7091f3-c5ce-4e13-86bd-5d93fa255116, PipelineID=4477d87b-15ba-4f68-ae12-22f5320889a7, PipelineID=e2469dc0-4f58-4d76-a3f8-05b35d5aa406]
2021-11-05 13:00:25,004 [EventQueue-StaleNodeForStaleNodeHandler] INFO  pipeline.PipelineManagerImpl (PipelineManagerImpl.java:closePipeline(349)) - Pipeline Pipeline[ Id: 31cdf347-9acf-41c8-b64f-46a48ff2b846, Nodes: 3ae4cb20-15ad-4779-a013-5b0fdc3aaee7{ip: 10.1.0.23, host: fv-az151-875.yf2hydr00wburbhx3j5hxtcipe.bx.internal.cloudapp.net, ports: [REPLICATION=39333, RATIS=35115, RATIS_ADMIN=35115, RATIS_SERVER=35115, STANDALONE=41693], networkLocation: /default-rack, certSerialId: null, persistedOpState: IN_SERVICE, persistedOpStateExpiryEpochSec: 0}fa45fd2a-a6ef-4106-9a44-777d17a8e8f4{ip: 10.1.0.23, host: fv-az151-875.yf2hydr00wburbhx3j5hxtcipe.bx.internal.cloudapp.net, ports: [REPLICATION=35839, RATIS=43989, RATIS_ADMIN=43989, RATIS_SERVER=43989, STANDALONE=44877], networkLocation: /default-rack, certSerialId: null, persistedOpState: IN_SERVICE, persistedOpStateExpiryEpochSec: 0}76ef4e66-eace-4a3b-a369-d2a815523a61{ip: 10.1.0.23, host: fv-az151-875.yf2hydr00wburbhx3j5hxtcipe.bx.internal.cloudapp.net, ports: [REPLICATION=43087, RATIS=41987, RATIS_ADMIN=41987, RATIS_SERVER=41987, STANDALONE=45779], networkLocation: /default-rack, certSerialId: null, persistedOpState: IN_SERVICE, persistedOpStateExpiryEpochSec: 0}, ReplicationConfig: RATIS/THREE, State:OPEN, leaderId:76ef4e66-eace-4a3b-a369-d2a815523a61, CreationTimestamp2021-11-05T13:00:07.011Z[Etc/UTC]] moved to CLOSED state
2021-11-05 13:00:25,014 [EventQueue-StaleNodeForStaleNodeHandler] INFO  pipeline.PipelineManagerImpl (PipelineManagerImpl.java:closePipeline(349)) - Pipeline Pipeline[ Id: bb7091f3-c5ce-4e13-86bd-5d93fa255116, Nodes: 76ef4e66-eace-4a3b-a369-d2a815523a61{ip: 10.1.0.23, host: fv-az151-875.yf2hydr00wburbhx3j5hxtcipe.bx.internal.cloudapp.net, ports: [REPLICATION=43087, RATIS=41987, RATIS_ADMIN=41987, RATIS_SERVER=41987, STANDALONE=45779], networkLocation: /default-rack, certSerialId: null, persistedOpState: IN_SERVICE, persistedOpStateExpiryEpochSec: 0}fa45fd2a-a6ef-4106-9a44-777d17a8e8f4{ip: 10.1.0.23, host: fv-az151-875.yf2hydr00wburbhx3j5hxtcipe.bx.internal.cloudapp.net, ports: [REPLICATION=35839, RATIS=43989, RATIS_ADMIN=43989, RATIS_SERVER=43989, STANDALONE=44877], networkLocation: /default-rack, certSerialId: null, persistedOpState: IN_SERVICE, persistedOpStateExpiryEpochSec: 0}3ae4cb20-15ad-4779-a013-5b0fdc3aaee7{ip: 10.1.0.23, host: fv-az151-875.yf2hydr00wburbhx3j5hxtcipe.bx.internal.cloudapp.net, ports: [REPLICATION=39333, RATIS=35115, RATIS_ADMIN=35115, RATIS_SERVER=35115, STANDALONE=41693], networkLocation: /default-rack, certSerialId: null, persistedOpState: IN_SERVICE, persistedOpStateExpiryEpochSec: 0}, ReplicationConfig: RATIS/THREE, State:OPEN, leaderId:3ae4cb20-15ad-4779-a013-5b0fdc3aaee7, CreationTimestamp2021-11-05T13:00:07.009Z[Etc/UTC]] moved to CLOSED state
2021-11-05 13:00:25,015 [EventQueue-StaleNodeForStaleNodeHandler] INFO  pipeline.PipelineManagerImpl (PipelineManagerImpl.java:closePipeline(349)) - Pipeline Pipeline[ Id: 4477d87b-15ba-4f68-ae12-22f5320889a7, Nodes: 3ae4cb20-15ad-4779-a013-5b0fdc3aaee7{ip: 10.1.0.23, host: fv-az151-875.yf2hydr00wburbhx3j5hxtcipe.bx.internal.cloudapp.net, ports: [REPLICATION=39333, RATIS=35115, RATIS_ADMIN=35115, RATIS_SERVER=35115, STANDALONE=41693], networkLocation: /default-rack, certSerialId: null, persistedOpState: IN_SERVICE, persistedOpStateExpiryEpochSec: 0}fa45fd2a-a6ef-4106-9a44-777d17a8e8f4{ip: 10.1.0.23, host: fv-az151-875.yf2hydr00wburbhx3j5hxtcipe.bx.internal.cloudapp.net, ports: [REPLICATION=35839, RATIS=43989, RATIS_ADMIN=43989, RATIS_SERVER=43989, STANDALONE=44877], networkLocation: /default-rack, certSerialId: null, persistedOpState: IN_SERVICE, persistedOpStateExpiryEpochSec: 0}76ef4e66-eace-4a3b-a369-d2a815523a61{ip: 10.1.0.23, host: fv-az151-875.yf2hydr00wburbhx3j5hxtcipe.bx.internal.cloudapp.net, ports: [REPLICATION=43087, RATIS=41987, RATIS_ADMIN=41987, RATIS_SERVER=41987, STANDALONE=45779], networkLocation: /default-rack, certSerialId: null, persistedOpState: IN_SERVICE, persistedOpStateExpiryEpochSec: 0}, ReplicationConfig: RATIS/THREE, State:OPEN, leaderId:fa45fd2a-a6ef-4106-9a44-777d17a8e8f4, CreationTimestamp2021-11-05T13:00:07.010Z[Etc/UTC]] moved to CLOSED state
2021-11-05 13:00:25,015 [EventQueue-StaleNodeForStaleNodeHandler] INFO  pipeline.PipelineManagerImpl (PipelineManagerImpl.java:closePipeline(349)) - Pipeline Pipeline[ Id: e2469dc0-4f58-4d76-a3f8-05b35d5aa406, Nodes: 76ef4e66-eace-4a3b-a369-d2a815523a61{ip: 10.1.0.23, host: fv-az151-875.yf2hydr00wburbhx3j5hxtcipe.bx.internal.cloudapp.net, ports: [REPLICATION=43087, RATIS=41987, RATIS_ADMIN=41987, RATIS_SERVER=41987, STANDALONE=45779], networkLocation: /default-rack, certSerialId: null, persistedOpState: IN_SERVICE, persistedOpStateExpiryEpochSec: 0}, ReplicationConfig: RATIS/ONE, State:OPEN, leaderId:76ef4e66-eace-4a3b-a369-d2a815523a61, CreationTimestamp2021-11-05T13:00:04.792Z[Etc/UTC]] moved to CLOSED state
2021-11-05 13:00:25,028 [EventQueue-CloseContainerForCloseContainerEventHandler] INFO  container.CloseContainerEventHandler (CloseContainerEventHandler.java:onMessage(69)) - Close container Event triggered for container : #1
2021-11-05 13:00:26,064 [grpc-default-executor-3] WARN  server.GrpcLogAppender (LogUtils.java:warn(122)) - 3ae4cb20-15ad-4779-a013-5b0fdc3aaee7@group-5D93FA255116->76ef4e66-eace-4a3b-a369-d2a815523a61-AppendLogResponseHandler: Failed appendEntries: org.apache.ratis.thirdparty.io.grpc.StatusRuntimeException: UNAVAILABLE: io exception
2021-11-05 13:00:26,064 [grpc-default-executor-3] WARN  server.GrpcLogAppender (GrpcLogAppender.java:resetClient(110)) - 3ae4cb20-15ad-4779-a013-5b0fdc3aaee7@group-5D93FA255116->76ef4e66-eace-4a3b-a369-d2a815523a61-GrpcLogAppender: Leader has not got in touch with Follower 3ae4cb20-15ad-4779-a013-5b0fdc3aaee7@group-5D93FA255116->76ef4e66-eace-4a3b-a369-d2a815523a61(c0,m0,n1, attendVote=true, lastRpcSendTime=0, lastRpcResponseTime=7568) yet, just keep nextIndex unchanged and retry.
2021-11-05 13:00:26,627 [f63fc592-5921-4d2a-8a56-22c1aba49965@group-30A45C208CA2-FollowerState] INFO  impl.FollowerState (FollowerState.java:run(134)) - f63fc592-5921-4d2a-8a56-22c1aba49965@group-30A45C208CA2-FollowerState: change to CANDIDATE, lastRpcElapsedTime:5059287950ns, electionTimeout:5030ms
2021-11-05 13:00:26,627 [f63fc592-5921-4d2a-8a56-22c1aba49965@group-30A45C208CA2-FollowerState] INFO  impl.RoleInfo (RoleInfo.java:shutdownFollowerState(108)) - f63fc592-5921-4d2a-8a56-22c1aba49965: shutdown f63fc592-5921-4d2a-8a56-22c1aba49965@group-30A45C208CA2-FollowerState
2021-11-05 13:00:26,628 [f63fc592-5921-4d2a-8a56-22c1aba49965@group-30A45C208CA2-FollowerState] INFO  server.RaftServer$Division (RaftServerImpl.java:setRole(290)) - f63fc592-5921-4d2a-8a56-22c1aba49965@group-30A45C208CA2: changes role from  FOLLOWER to CANDIDATE at term 2 for changeToCandidate
2021-11-05 13:00:26,628 [f63fc592-5921-4d2a-8a56-22c1aba49965@group-30A45C208CA2-FollowerState] INFO  server.RaftServerConfigKeys (ConfUtils.java:logGet(44)) - raft.server.leaderelection.pre-vote = false (custom)
2021-11-05 13:00:26,628 [f63fc592-5921-4d2a-8a56-22c1aba49965@group-30A45C208CA2-FollowerState] INFO  impl.RoleInfo (RoleInfo.java:updateAndGet(130)) - f63fc592-5921-4d2a-8a56-22c1aba49965: start f63fc592-5921-4d2a-8a56-22c1aba49965@group-30A45C208CA2-LeaderElection109
2021-11-05 13:00:26,635 [f63fc592-5921-4d2a-8a56-22c1aba49965@group-30A45C208CA2-LeaderElection109] INFO  impl.LeaderElection (LeaderElection.java:askForVotes(306)) - f63fc592-5921-4d2a-8a56-22c1aba49965@group-30A45C208CA2-LeaderElection109 ELECTION round 0: submit vote requests at term 3 for -1: [fae3de48-3e9f-4cc7-8f85-17bb385fc42a|rpc:10.1.0.23:41205|dataStream:|priority:0, 04351296-bb31-4c39-8b7c-2fcea1114805|rpc:10.1.0.23:43337|dataStream:|priority:0, f63fc592-5921-4d2a-8a56-22c1aba49965|rpc:10.1.0.23:39383|dataStream:|priority:1], old=null
2021-11-05 13:00:26,684 [grpc-default-executor-3] INFO  server.RaftServer$Division (RaftServerImpl.java:requestVote(1046)) - fae3de48-3e9f-4cc7-8f85-17bb385fc42a@group-30A45C208CA2: receive requestVote(ELECTION, f63fc592-5921-4d2a-8a56-22c1aba49965, group-30A45C208CA2, 3, (t:0, i:0))
2021-11-05 13:00:26,684 [grpc-default-executor-3] INFO  impl.VoteContext (VoteContext.java:log(48)) - fae3de48-3e9f-4cc7-8f85-17bb385fc42a@group-30A45C208CA2-FOLLOWER: accept ELECTION from f63fc592-5921-4d2a-8a56-22c1aba49965: our priority 0 <= candidate's priority 1
2021-11-05 13:00:26,684 [grpc-default-executor-3] INFO  server.RaftServer$Division (RaftServerImpl.java:setRole(290)) - fae3de48-3e9f-4cc7-8f85-17bb385fc42a@group-30A45C208CA2: changes role from  FOLLOWER to FOLLOWER at term 3 for candidate:f63fc592-5921-4d2a-8a56-22c1aba49965
2021-11-05 13:00:26,684 [grpc-default-executor-3] INFO  impl.RoleInfo (RoleInfo.java:shutdownFollowerState(108)) - fae3de48-3e9f-4cc7-8f85-17bb385fc42a: shutdown fae3de48-3e9f-4cc7-8f85-17bb385fc42a@group-30A45C208CA2-FollowerState
2021-11-05 13:00:26,698 [04351296-bb31-4c39-8b7c-2fcea1114805@group-30A45C208CA2-FollowerState] INFO  impl.FollowerState (FollowerState.java:run(134)) - 04351296-bb31-4c39-8b7c-2fcea1114805@group-30A45C208CA2-FollowerState: change to CANDIDATE, lastRpcElapsedTime:5176256039ns, electionTimeout:5133ms
2021-11-05 13:00:26,698 [04351296-bb31-4c39-8b7c-2fcea1114805@group-30A45C208CA2-FollowerState] INFO  impl.RoleInfo (RoleInfo.java:shutdownFollowerState(108)) - 04351296-bb31-4c39-8b7c-2fcea1114805: shutdown 04351296-bb31-4c39-8b7c-2fcea1114805@group-30A45C208CA2-FollowerState
2021-11-05 13:00:26,698 [04351296-bb31-4c39-8b7c-2fcea1114805@group-30A45C208CA2-FollowerState] INFO  server.RaftServer$Division (RaftServerImpl.java:setRole(290)) - 04351296-bb31-4c39-8b7c-2fcea1114805@group-30A45C208CA2: changes role from  FOLLOWER to CANDIDATE at term 2 for changeToCandidate
2021-11-05 13:00:26,714 [grpc-default-executor-1] INFO  server.RaftServer$Division (RaftServerImpl.java:requestVote(1046)) - 04351296-bb31-4c39-8b7c-2fcea1114805@group-30A45C208CA2: receive requestVote(ELECTION, f63fc592-5921-4d2a-8a56-22c1aba49965, group-30A45C208CA2, 3, (t:0, i:0))
2021-11-05 13:00:26,744 [04351296-bb31-4c39-8b7c-2fcea1114805@group-30A45C208CA2-FollowerState] INFO  server.RaftServerConfigKeys (ConfUtils.java:logGet(44)) - raft.server.leaderelection.pre-vote = false (custom)
2021-11-05 13:00:26,745 [04351296-bb31-4c39-8b7c-2fcea1114805@group-30A45C208CA2-FollowerState] INFO  impl.RoleInfo (RoleInfo.java:updateAndGet(130)) - 04351296-bb31-4c39-8b7c-2fcea1114805: start 04351296-bb31-4c39-8b7c-2fcea1114805@group-30A45C208CA2-LeaderElection110
2021-11-05 13:00:26,774 [grpc-default-executor-5] WARN  server.GrpcLogAppender (LogUtils.java:warn(122)) - fa45fd2a-a6ef-4106-9a44-777d17a8e8f4@group-22F5320889A7->76ef4e66-eace-4a3b-a369-d2a815523a61-AppendLogResponseHandler: Failed appendEntries: org.apache.ratis.thirdparty.io.grpc.StatusRuntimeException: UNAVAILABLE: io exception
2021-11-05 13:00:26,774 [grpc-default-executor-5] WARN  server.GrpcLogAppender (GrpcLogAppender.java:resetClient(110)) - fa45fd2a-a6ef-4106-9a44-777d17a8e8f4@group-22F5320889A7->76ef4e66-eace-4a3b-a369-d2a815523a61-GrpcLogAppender: Leader has not got in touch with Follower fa45fd2a-a6ef-4106-9a44-777d17a8e8f4@group-22F5320889A7->76ef4e66-eace-4a3b-a369-d2a815523a61(c0,m0,n1, attendVote=true, lastRpcSendTime=0, lastRpcResponseTime=7647) yet, just keep nextIndex unchanged and retry.
2021-11-05 13:00:26,780 [fae3de48-3e9f-4cc7-8f85-17bb385fc42a@group-30A45C208CA2-FollowerState] INFO  impl.FollowerState (FollowerState.java:run(127)) - fae3de48-3e9f-4cc7-8f85-17bb385fc42a@group-30A45C208CA2-FollowerState: Stopping now (isRunning? false, isFollower? true)
2021-11-05 13:00:26,793 [grpc-default-executor-3] INFO  impl.RoleInfo (RoleInfo.java:updateAndGet(130)) - fae3de48-3e9f-4cc7-8f85-17bb385fc42a: start fae3de48-3e9f-4cc7-8f85-17bb385fc42a@group-30A45C208CA2-FollowerState
2021-11-05 13:00:26,793 [grpc-default-executor-1] INFO  impl.VoteContext (VoteContext.java:log(48)) - 04351296-bb31-4c39-8b7c-2fcea1114805@group-30A45C208CA2-CANDIDATE: accept ELECTION from f63fc592-5921-4d2a-8a56-22c1aba49965: our priority 0 <= candidate's priority 1
2021-11-05 13:00:26,793 [grpc-default-executor-1] INFO  server.RaftServer$Division (RaftServerImpl.java:setRole(290)) - 04351296-bb31-4c39-8b7c-2fcea1114805@group-30A45C208CA2: changes role from CANDIDATE to FOLLOWER at term 3 for candidate:f63fc592-5921-4d2a-8a56-22c1aba49965
2021-11-05 13:00:26,793 [grpc-default-executor-1] INFO  impl.RoleInfo (RoleInfo.java:shutdownLeaderElection(121)) - 04351296-bb31-4c39-8b7c-2fcea1114805: shutdown 04351296-bb31-4c39-8b7c-2fcea1114805@group-30A45C208CA2-LeaderElection110
2021-11-05 13:00:26,793 [04351296-bb31-4c39-8b7c-2fcea1114805@group-30A45C208CA2-LeaderElection110] INFO  impl.LeaderElection (LeaderElection.java:run(230)) - 04351296-bb31-4c39-8b7c-2fcea1114805@group-30A45C208CA2-LeaderElection110: skip running since this is already CLOSING
2021-11-05 13:00:26,809 [grpc-default-executor-1] INFO  impl.RoleInfo (RoleInfo.java:updateAndGet(130)) - 04351296-bb31-4c39-8b7c-2fcea1114805: start 04351296-bb31-4c39-8b7c-2fcea1114805@group-30A45C208CA2-FollowerState
2021-11-05 13:00:26,811 [grpc-default-executor-3] INFO  server.RaftServer$Division (RaftServerImpl.java:requestVote(1078)) - fae3de48-3e9f-4cc7-8f85-17bb385fc42a@group-30A45C208CA2 replies to ELECTION vote request: f63fc592-5921-4d2a-8a56-22c1aba49965<-fae3de48-3e9f-4cc7-8f85-17bb385fc42a#0:OK-t3. Peer's state: fae3de48-3e9f-4cc7-8f85-17bb385fc42a@group-30A45C208CA2:t3, leader=null, voted=f63fc592-5921-4d2a-8a56-22c1aba49965, raftlog=fae3de48-3e9f-4cc7-8f85-17bb385fc42a@group-30A45C208CA2-SegmentedRaftLog:OPENED:c-1, conf=-1: [fae3de48-3e9f-4cc7-8f85-17bb385fc42a|rpc:10.1.0.23:41205|priority:0, 04351296-bb31-4c39-8b7c-2fcea1114805|rpc:10.1.0.23:43337|priority:0, f63fc592-5921-4d2a-8a56-22c1aba49965|rpc:10.1.0.23:39383|priority:1], old=null
2021-11-05 13:00:26,828 [f63fc592-5921-4d2a-8a56-22c1aba49965@group-30A45C208CA2-LeaderElection109] INFO  impl.LeaderElection (LeaderElection.java:logAndReturn(89)) - f63fc592-5921-4d2a-8a56-22c1aba49965@group-30A45C208CA2-LeaderElection109: ELECTION PASSED received 1 response(s) and 0 exception(s):
2021-11-05 13:00:26,828 [f63fc592-5921-4d2a-8a56-22c1aba49965@group-30A45C208CA2-LeaderElection109] INFO  impl.LeaderElection (LeaderElection.java:logAndReturn(93)) -   Response 0: f63fc592-5921-4d2a-8a56-22c1aba49965<-fae3de48-3e9f-4cc7-8f85-17bb385fc42a#0:OK-t3
2021-11-05 13:00:26,828 [f63fc592-5921-4d2a-8a56-22c1aba49965@group-30A45C208CA2-LeaderElection109] INFO  impl.LeaderElection (LeaderElection.java:askForVotes(308)) - f63fc592-5921-4d2a-8a56-22c1aba49965@group-30A45C208CA2-LeaderElection109 ELECTION round 0: result PASSED
2021-11-05 13:00:26,828 [f63fc592-5921-4d2a-8a56-22c1aba49965@group-30A45C208CA2-LeaderElection109] INFO  impl.RoleInfo (RoleInfo.java:shutdownLeaderElection(121)) - f63fc592-5921-4d2a-8a56-22c1aba49965: shutdown f63fc592-5921-4d2a-8a56-22c1aba49965@group-30A45C208CA2-LeaderElection109
2021-11-05 13:00:26,828 [f63fc592-5921-4d2a-8a56-22c1aba49965@group-30A45C208CA2-LeaderElection109] INFO  server.RaftServer$Division (RaftServerImpl.java:setRole(290)) - f63fc592-5921-4d2a-8a56-22c1aba49965@group-30A45C208CA2: changes role from CANDIDATE to LEADER at term 3 for changeToLeader
2021-11-05 13:00:26,829 [f63fc592-5921-4d2a-8a56-22c1aba49965@group-30A45C208CA2-LeaderElection109] INFO  ratis.XceiverServerRatis (XceiverServerRatis.java:handleLeaderChangedNotification(866)) - Leader change notification received for group: group-30A45C208CA2 with new leaderId: f63fc592-5921-4d2a-8a56-22c1aba49965
2021-11-05 13:00:26,829 [f63fc592-5921-4d2a-8a56-22c1aba49965@group-30A45C208CA2-LeaderElection109] INFO  server.RaftServer$Division (ServerState.java:setLeader(285)) - f63fc592-5921-4d2a-8a56-22c1aba49965@group-30A45C208CA2: change Leader from null to f63fc592-5921-4d2a-8a56-22c1aba49965 at term 3 for becomeLeader, leader elected after 15588ms
2021-11-05 13:00:26,829 [f63fc592-5921-4d2a-8a56-22c1aba49965@group-30A45C208CA2-LeaderElection109] INFO  server.RaftServerConfigKeys (ConfUtils.java:logGet(44)) - raft.server.staging.catchup.gap = 1000 (default)
2021-11-05 13:00:26,829 [f63fc592-5921-4d2a-8a56-22c1aba49965@group-30A45C208CA2-LeaderElection109] INFO  server.RaftServerConfigKeys (ConfUtils.java:logGet(44)) - raft.server.write.element-limit = 1024 (custom)
2021-11-05 13:00:26,829 [f63fc592-5921-4d2a-8a56-22c1aba49965@group-30A45C208CA2-LeaderElection109] INFO  server.RaftServerConfigKeys (ConfUtils.java:logGet(44)) - raft.server.write.byte-limit = 1024 M (=1073741824) (custom)
2021-11-05 13:00:26,829 [f63fc592-5921-4d2a-8a56-22c1aba49965@group-30A45C208CA2-LeaderElection109] INFO  server.RaftServerConfigKeys (ConfUtils.java:logGet(44)) - raft.server.watch.timeout = 3000ms (custom)
2021-11-05 13:00:26,829 [f63fc592-5921-4d2a-8a56-22c1aba49965@group-30A45C208CA2-LeaderElection109] INFO  server.RaftServerConfigKeys (ConfUtils.java:logGet(44)) - raft.server.watch.timeout.denomination = 1s (default)
2021-11-05 13:00:26,829 [f63fc592-5921-4d2a-8a56-22c1aba49965@group-30A45C208CA2-LeaderElection109] INFO  server.RaftServerConfigKeys (ConfUtils.java:logGet(44)) - raft.server.watch.element-limit = 65536 (default)
2021-11-05 13:00:26,830 [f63fc592-5921-4d2a-8a56-22c1aba49965@group-30A45C208CA2-LeaderElection109] INFO  server.RaftServerConfigKeys (ConfUtils.java:logGet(44)) - raft.server.write.element-limit = 1024 (custom)
2021-11-05 13:00:26,830 [f63fc592-5921-4d2a-8a56-22c1aba49965@group-30A45C208CA2-LeaderElection109] INFO  server.RaftServerConfigKeys (ConfUtils.java:logGet(44)) - raft.server.write.follower.gap.ratio.max = -1.0 (default)
2021-11-05 13:00:26,830 [f63fc592-5921-4d2a-8a56-22c1aba49965@group-30A45C208CA2-LeaderElection109] INFO  server.RaftServerConfigKeys (ConfUtils.java:logGet(44)) - raft.server.log.appender.snapshot.chunk.size.max = 16MB (=16777216) (default)
2021-11-05 13:00:26,830 [f63fc592-5921-4d2a-8a56-22c1aba49965@group-30A45C208CA2-LeaderElection109] INFO  server.RaftServerConfigKeys (ConfUtils.java:logGet(44)) - raft.server.log.appender.buffer.byte-limit = 33554432 (custom)
2021-11-05 13:00:26,830 [f63fc592-5921-4d2a-8a56-22c1aba49965@group-30A45C208CA2-LeaderElection109] INFO  server.RaftServerConfigKeys (ConfUtils.java:logGet(44)) - raft.server.log.appender.buffer.element-limit = 1 (custom)
2021-11-05 13:00:26,830 [f63fc592-5921-4d2a-8a56-22c1aba49965@group-30A45C208CA2-LeaderElection109] INFO  grpc.GrpcConfigKeys (ConfUtils.java:logGet(44)) - raft.grpc.server.leader.outstanding.appends.max = 128 (default)
2021-11-05 13:00:26,830 [f63fc592-5921-4d2a-8a56-22c1aba49965@group-30A45C208CA2-LeaderElection109] INFO  server.RaftServerConfigKeys (ConfUtils.java:logGet(44)) - raft.server.rpc.request.timeout = 3000ms (default)
2021-11-05 13:00:26,830 [f63fc592-5921-4d2a-8a56-22c1aba49965@group-30A45C208CA2-LeaderElection109] INFO  server.RaftServerConfigKeys (ConfUtils.java:logGet(44)) - raft.server.log.appender.install.snapshot.enabled = false (custom)
2021-11-05 13:00:26,831 [f63fc592-5921-4d2a-8a56-22c1aba49965@group-30A45C208CA2-LeaderElection109] INFO  server.RaftServerConfigKeys (ConfUtils.java:logGet(44)) - raft.server.log.appender.snapshot.chunk.size.max = 16MB (=16777216) (default)
2021-11-05 13:00:26,831 [f63fc592-5921-4d2a-8a56-22c1aba49965@group-30A45C208CA2-LeaderElection109] INFO  server.RaftServerConfigKeys (ConfUtils.java:logGet(44)) - raft.server.log.appender.buffer.byte-limit = 33554432 (custom)
2021-11-05 13:00:26,832 [EventQueue-PipelineReportForPipelineReportHandler] INFO  pipeline.PipelineManagerImpl (PipelineManagerImpl.java:openPipeline(289)) - Pipeline Pipeline[ Id: 3f1b9fd8-ba50-4c9b-8c0d-30a45c208ca2, Nodes: f63fc592-5921-4d2a-8a56-22c1aba49965{ip: 10.1.0.23, host: fv-az151-875.yf2hydr00wburbhx3j5hxtcipe.bx.internal.cloudapp.net, ports: [REPLICATION=40425, RATIS=39383, RATIS_ADMIN=39383, RATIS_SERVER=39383, STANDALONE=43527], networkLocation: /default-rack, certSerialId: null, persistedOpState: IN_SERVICE, persistedOpStateExpiryEpochSec: 0}fae3de48-3e9f-4cc7-8f85-17bb385fc42a{ip: 10.1.0.23, host: fv-az151-875.yf2hydr00wburbhx3j5hxtcipe.bx.internal.cloudapp.net, ports: [REPLICATION=35371, RATIS=41205, RATIS_ADMIN=41205, RATIS_SERVER=41205, STANDALONE=45749], networkLocation: /default-rack, certSerialId: null, persistedOpState: IN_SERVICE, persistedOpStateExpiryEpochSec: 0}04351296-bb31-4c39-8b7c-2fcea1114805{ip: 10.1.0.23, host: fv-az151-875.yf2hydr00wburbhx3j5hxtcipe.bx.internal.cloudapp.net, ports: [REPLICATION=40621, RATIS=43337, RATIS_ADMIN=43337, RATIS_SERVER=43337, STANDALONE=45289], networkLocation: /default-rack, certSerialId: null, persistedOpState: IN_SERVICE, persistedOpStateExpiryEpochSec: 0}, ReplicationConfig: RATIS/THREE, State:ALLOCATED, leaderId:f63fc592-5921-4d2a-8a56-22c1aba49965, CreationTimestamp2021-11-05T13:00:09.475Z[Etc/UTC]] moved to OPEN state
2021-11-05 13:00:26,833 [f63fc592-5921-4d2a-8a56-22c1aba49965@group-30A45C208CA2-LeaderElection109] INFO  server.RaftServerConfigKeys (ConfUtils.java:logGet(44)) - raft.server.log.appender.buffer.element-limit = 1 (custom)
2021-11-05 13:00:26,833 [f63fc592-5921-4d2a-8a56-22c1aba49965@group-30A45C208CA2-LeaderElection109] INFO  grpc.GrpcConfigKeys (ConfUtils.java:logGet(44)) - raft.grpc.server.leader.outstanding.appends.max = 128 (default)
2021-11-05 13:00:26,833 [f63fc592-5921-4d2a-8a56-22c1aba49965@group-30A45C208CA2-LeaderElection109] INFO  server.RaftServerConfigKeys (ConfUtils.java:logGet(44)) - raft.server.rpc.request.timeout = 3000ms (default)
2021-11-05 13:00:26,833 [f63fc592-5921-4d2a-8a56-22c1aba49965@group-30A45C208CA2-LeaderElection109] INFO  server.RaftServerConfigKeys (ConfUtils.java:logGet(44)) - raft.server.log.appender.install.snapshot.enabled = false (custom)
2021-11-05 13:00:26,833 [grpc-default-executor-1] INFO  server.RaftServer$Division (RaftServerImpl.java:requestVote(1078)) - 04351296-bb31-4c39-8b7c-2fcea1114805@group-30A45C208CA2 replies to ELECTION vote request: f63fc592-5921-4d2a-8a56-22c1aba49965<-04351296-bb31-4c39-8b7c-2fcea1114805#0:OK-t3. Peer's state: 04351296-bb31-4c39-8b7c-2fcea1114805@group-30A45C208CA2:t3, leader=null, voted=f63fc592-5921-4d2a-8a56-22c1aba49965, raftlog=04351296-bb31-4c39-8b7c-2fcea1114805@group-30A45C208CA2-SegmentedRaftLog:OPENED:c-1, conf=-1: [fae3de48-3e9f-4cc7-8f85-17bb385fc42a|rpc:10.1.0.23:41205|dataStream:|priority:0, 04351296-bb31-4c39-8b7c-2fcea1114805|rpc:10.1.0.23:43337|dataStream:|priority:0, f63fc592-5921-4d2a-8a56-22c1aba49965|rpc:10.1.0.23:39383|dataStream:|priority:1], old=null
2021-11-05 13:00:26,838 [f63fc592-5921-4d2a-8a56-22c1aba49965@group-30A45C208CA2-LeaderElection109] INFO  impl.RoleInfo (RoleInfo.java:updateAndGet(130)) - f63fc592-5921-4d2a-8a56-22c1aba49965: start f63fc592-5921-4d2a-8a56-22c1aba49965@group-30A45C208CA2-LeaderStateImpl
2021-11-05 13:00:26,840 [f63fc592-5921-4d2a-8a56-22c1aba49965@group-30A45C208CA2-LeaderElection109] INFO  segmented.SegmentedRaftLogWorker (SegmentedRaftLogWorker.java:startLogSegment(394)) - f63fc592-5921-4d2a-8a56-22c1aba49965@group-30A45C208CA2-SegmentedRaftLogWorker: Starting segment from index:0
2021-11-05 13:00:26,842 [f63fc592-5921-4d2a-8a56-22c1aba49965@group-30A45C208CA2-SegmentedRaftLogWorker] INFO  segmented.SegmentedRaftLogWorker (SegmentedRaftLogWorker.java:execute(601)) - f63fc592-5921-4d2a-8a56-22c1aba49965@group-30A45C208CA2-SegmentedRaftLogWorker: created new log segment /home/runner/work/ozone/ozone/hadoop-ozone/integration-test/target/test-dir/MiniOzoneClusterImpl-bdf76210-3e21-404e-9e17-65b92aec9f1a/datanode-4/data/ratis/3f1b9fd8-ba50-4c9b-8c0d-30a45c208ca2/current/log_inprogress_0
2021-11-05 13:00:26,887 [f63fc592-5921-4d2a-8a56-22c1aba49965@group-30A45C208CA2-LeaderElection109] INFO  server.RaftServer$Division (ServerState.java:setRaftConf(387)) - f63fc592-5921-4d2a-8a56-22c1aba49965@group-30A45C208CA2: set configuration 0: [fae3de48-3e9f-4cc7-8f85-17bb385fc42a|rpc:10.1.0.23:41205|dataStream:|priority:0, 04351296-bb31-4c39-8b7c-2fcea1114805|rpc:10.1.0.23:43337|dataStream:|priority:0, f63fc592-5921-4d2a-8a56-22c1aba49965|rpc:10.1.0.23:39383|dataStream:|priority:1], old=null
2021-11-05 13:00:26,964 [grpc-default-executor-1] INFO  ratis.XceiverServerRatis (XceiverServerRatis.java:handleLeaderChangedNotification(866)) - Leader change notification received for group: group-30A45C208CA2 with new leaderId: f63fc592-5921-4d2a-8a56-22c1aba49965
2021-11-05 13:00:26,964 [grpc-default-executor-1] INFO  server.RaftServer$Division (ServerState.java:setLeader(285)) - 04351296-bb31-4c39-8b7c-2fcea1114805@group-30A45C208CA2: change Leader from null to f63fc592-5921-4d2a-8a56-22c1aba49965 at term 3 for appendEntries, leader elected after 15573ms
2021-11-05 13:00:26,969 [grpc-default-executor-5] INFO  ratis.XceiverServerRatis (XceiverServerRatis.java:handleLeaderChangedNotification(866)) - Leader change notification received for group: group-30A45C208CA2 with new leaderId: f63fc592-5921-4d2a-8a56-22c1aba49965
2021-11-05 13:00:26,969 [grpc-default-executor-5] INFO  server.RaftServer$Division (ServerState.java:setLeader(285)) - fae3de48-3e9f-4cc7-8f85-17bb385fc42a@group-30A45C208CA2: change Leader from null to f63fc592-5921-4d2a-8a56-22c1aba49965 at term 3 for appendEntries, leader elected after 15898ms
2021-11-05 13:00:26,976 [grpc-default-executor-1] INFO  server.RaftServer$Division (ServerState.java:setRaftConf(387)) - 04351296-bb31-4c39-8b7c-2fcea1114805@group-30A45C208CA2: set configuration 0: [fae3de48-3e9f-4cc7-8f85-17bb385fc42a|rpc:10.1.0.23:41205|dataStream:|priority:0, 04351296-bb31-4c39-8b7c-2fcea1114805|rpc:10.1.0.23:43337|dataStream:|priority:0, f63fc592-5921-4d2a-8a56-22c1aba49965|rpc:10.1.0.23:39383|dataStream:|priority:1], old=null
2021-11-05 13:00:26,976 [grpc-default-executor-1] INFO  segmented.SegmentedRaftLogWorker (SegmentedRaftLogWorker.java:startLogSegment(394)) - 04351296-bb31-4c39-8b7c-2fcea1114805@group-30A45C208CA2-SegmentedRaftLogWorker: Starting segment from index:0
2021-11-05 13:00:26,992 [grpc-default-executor-5] INFO  server.RaftServer$Division (ServerState.java:setRaftConf(387)) - fae3de48-3e9f-4cc7-8f85-17bb385fc42a@group-30A45C208CA2: set configuration 0: [fae3de48-3e9f-4cc7-8f85-17bb385fc42a|rpc:10.1.0.23:41205|dataStream:|priority:0, 04351296-bb31-4c39-8b7c-2fcea1114805|rpc:10.1.0.23:43337|dataStream:|priority:0, f63fc592-5921-4d2a-8a56-22c1aba49965|rpc:10.1.0.23:39383|dataStream:|priority:1], old=null
2021-11-05 13:00:26,992 [grpc-default-executor-5] INFO  segmented.SegmentedRaftLogWorker (SegmentedRaftLogWorker.java:startLogSegment(394)) - fae3de48-3e9f-4cc7-8f85-17bb385fc42a@group-30A45C208CA2-SegmentedRaftLogWorker: Starting segment from index:0
2021-11-05 13:00:27,016 [fae3de48-3e9f-4cc7-8f85-17bb385fc42a@group-30A45C208CA2-SegmentedRaftLogWorker] INFO  segmented.SegmentedRaftLogWorker (SegmentedRaftLogWorker.java:execute(601)) - fae3de48-3e9f-4cc7-8f85-17bb385fc42a@group-30A45C208CA2-SegmentedRaftLogWorker: created new log segment /home/runner/work/ozone/ozone/hadoop-ozone/integration-test/target/test-dir/MiniOzoneClusterImpl-bdf76210-3e21-404e-9e17-65b92aec9f1a/datanode-3/data/ratis/3f1b9fd8-ba50-4c9b-8c0d-30a45c208ca2/current/log_inprogress_0
2021-11-05 13:00:27,030 [04351296-bb31-4c39-8b7c-2fcea1114805@group-30A45C208CA2-SegmentedRaftLogWorker] INFO  segmented.SegmentedRaftLogWorker (SegmentedRaftLogWorker.java:execute(601)) - 04351296-bb31-4c39-8b7c-2fcea1114805@group-30A45C208CA2-SegmentedRaftLogWorker: created new log segment /home/runner/work/ozone/ozone/hadoop-ozone/integration-test/target/test-dir/MiniOzoneClusterImpl-bdf76210-3e21-404e-9e17-65b92aec9f1a/datanode-5/data/ratis/3f1b9fd8-ba50-4c9b-8c0d-30a45c208ca2/current/log_inprogress_0
2021-11-05 13:00:28,576 [grpc-default-executor-2] WARN  server.GrpcLogAppender (LogUtils.java:warn(122)) - 3ae4cb20-15ad-4779-a013-5b0fdc3aaee7@group-5D93FA255116->76ef4e66-eace-4a3b-a369-d2a815523a61-AppendLogResponseHandler: Failed appendEntries: org.apache.ratis.thirdparty.io.grpc.StatusRuntimeException: UNAVAILABLE: io exception
2021-11-05 13:00:28,577 [grpc-default-executor-2] WARN  server.GrpcLogAppender (GrpcLogAppender.java:resetClient(110)) - 3ae4cb20-15ad-4779-a013-5b0fdc3aaee7@group-5D93FA255116->76ef4e66-eace-4a3b-a369-d2a815523a61-GrpcLogAppender: Leader has not got in touch with Follower 3ae4cb20-15ad-4779-a013-5b0fdc3aaee7@group-5D93FA255116->76ef4e66-eace-4a3b-a369-d2a815523a61(c0,m0,n1, attendVote=true, lastRpcSendTime=0, lastRpcResponseTime=10081) yet, just keep nextIndex unchanged and retry.
2021-11-05 13:00:29,299 [grpc-default-executor-5] WARN  server.GrpcLogAppender (LogUtils.java:warn(122)) - fa45fd2a-a6ef-4106-9a44-777d17a8e8f4@group-22F5320889A7->76ef4e66-eace-4a3b-a369-d2a815523a61-AppendLogResponseHandler: Failed appendEntries: org.apache.ratis.thirdparty.io.grpc.StatusRuntimeException: UNAVAILABLE: io exception
2021-11-05 13:00:29,300 [grpc-default-executor-5] WARN  server.GrpcLogAppender (GrpcLogAppender.java:resetClient(110)) - fa45fd2a-a6ef-4106-9a44-777d17a8e8f4@group-22F5320889A7->76ef4e66-eace-4a3b-a369-d2a815523a61-GrpcLogAppender: Leader has not got in touch with Follower fa45fd2a-a6ef-4106-9a44-777d17a8e8f4@group-22F5320889A7->76ef4e66-eace-4a3b-a369-d2a815523a61(c0,m0,n1, attendVote=true, lastRpcSendTime=0, lastRpcResponseTime=10173) yet, just keep nextIndex unchanged and retry.
2021-11-05 13:00:29,311 [fa45fd2a-a6ef-4106-9a44-777d17a8e8f4@group-46A48FF2B846-FollowerState] INFO  impl.FollowerState (FollowerState.java:run(134)) - fa45fd2a-a6ef-4106-9a44-777d17a8e8f4@group-46A48FF2B846-FollowerState: change to CANDIDATE, lastRpcElapsedTime:9853006225ns, electionTimeout:5093ms
2021-11-05 13:00:29,312 [fa45fd2a-a6ef-4106-9a44-777d17a8e8f4@group-46A48FF2B846-FollowerState] INFO  impl.RoleInfo (RoleInfo.java:shutdownFollowerState(108)) - fa45fd2a-a6ef-4106-9a44-777d17a8e8f4: shutdown fa45fd2a-a6ef-4106-9a44-777d17a8e8f4@group-46A48FF2B846-FollowerState
2021-11-05 13:00:29,312 [fa45fd2a-a6ef-4106-9a44-777d17a8e8f4@group-46A48FF2B846-FollowerState] INFO  server.RaftServer$Division (RaftServerImpl.java:setRole(290)) - fa45fd2a-a6ef-4106-9a44-777d17a8e8f4@group-46A48FF2B846: changes role from  FOLLOWER to CANDIDATE at term 1 for changeToCandidate
2021-11-05 13:00:29,312 [fa45fd2a-a6ef-4106-9a44-777d17a8e8f4@group-46A48FF2B846-FollowerState] INFO  server.RaftServerConfigKeys (ConfUtils.java:logGet(44)) - raft.server.leaderelection.pre-vote = false (custom)
2021-11-05 13:00:29,312 [fa45fd2a-a6ef-4106-9a44-777d17a8e8f4@group-46A48FF2B846-FollowerState] INFO  impl.RoleInfo (RoleInfo.java:updateAndGet(130)) - fa45fd2a-a6ef-4106-9a44-777d17a8e8f4: start fa45fd2a-a6ef-4106-9a44-777d17a8e8f4@group-46A48FF2B846-LeaderElection111
2021-11-05 13:00:29,328 [fa45fd2a-a6ef-4106-9a44-777d17a8e8f4@group-46A48FF2B846-LeaderElection111] INFO  server.RaftServer$Division (ServerState.java:setLeader(285)) - fa45fd2a-a6ef-4106-9a44-777d17a8e8f4@group-46A48FF2B846: change Leader from 76ef4e66-eace-4a3b-a369-d2a815523a61 to null at term 1 for ELECTION
2021-11-05 13:00:29,334 [fa45fd2a-a6ef-4106-9a44-777d17a8e8f4@group-46A48FF2B846-LeaderElection111] INFO  impl.LeaderElection (LeaderElection.java:askForVotes(306)) - fa45fd2a-a6ef-4106-9a44-777d17a8e8f4@group-46A48FF2B846-LeaderElection111 ELECTION round 0: submit vote requests at term 2 for 0: [76ef4e66-eace-4a3b-a369-d2a815523a61|rpc:10.1.0.23:41987|dataStream:|priority:1, fa45fd2a-a6ef-4106-9a44-777d17a8e8f4|rpc:10.1.0.23:43989|dataStream:|priority:0, 3ae4cb20-15ad-4779-a013-5b0fdc3aaee7|rpc:10.1.0.23:35115|dataStream:|priority:0], old=null
2021-11-05 13:00:29,408 [fa45fd2a-a6ef-4106-9a44-777d17a8e8f4@group-46A48FF2B846-LeaderElection111] INFO  impl.LeaderElection (LogUtils.java:infoOrTrace(137)) - fa45fd2a-a6ef-4106-9a44-777d17a8e8f4@group-46A48FF2B846-LeaderElection111 got exception when requesting votes: java.util.concurrent.ExecutionException: org.apache.ratis.thirdparty.io.grpc.StatusRuntimeException: UNAVAILABLE: io exception
2021-11-05 13:00:29,409 [grpc-default-executor-2] INFO  server.RaftServer$Division (RaftServerImpl.java:requestVote(1046)) - 3ae4cb20-15ad-4779-a013-5b0fdc3aaee7@group-46A48FF2B846: receive requestVote(ELECTION, fa45fd2a-a6ef-4106-9a44-777d17a8e8f4, group-46A48FF2B846, 2, (t:1, i:0))
2021-11-05 13:00:29,409 [grpc-default-executor-2] INFO  impl.VoteContext (VoteContext.java:log(48)) - 3ae4cb20-15ad-4779-a013-5b0fdc3aaee7@group-46A48FF2B846-FOLLOWER: accept ELECTION from fa45fd2a-a6ef-4106-9a44-777d17a8e8f4: our priority 0 <= candidate's priority 0
2021-11-05 13:00:29,409 [grpc-default-executor-2] INFO  server.RaftServer$Division (ServerState.java:setLeader(285)) - 3ae4cb20-15ad-4779-a013-5b0fdc3aaee7@group-46A48FF2B846: change Leader from 76ef4e66-eace-4a3b-a369-d2a815523a61 to null at term 2 for updateCurrentTerm
2021-11-05 13:00:29,409 [grpc-default-executor-2] INFO  server.RaftServer$Division (RaftServerImpl.java:setRole(290)) - 3ae4cb20-15ad-4779-a013-5b0fdc3aaee7@group-46A48FF2B846: changes role from  FOLLOWER to FOLLOWER at term 2 for candidate:fa45fd2a-a6ef-4106-9a44-777d17a8e8f4
2021-11-05 13:00:29,409 [grpc-default-executor-2] INFO  impl.RoleInfo (RoleInfo.java:shutdownFollowerState(108)) - 3ae4cb20-15ad-4779-a013-5b0fdc3aaee7: shutdown 3ae4cb20-15ad-4779-a013-5b0fdc3aaee7@group-46A48FF2B846-FollowerState
2021-11-05 13:00:29,409 [grpc-default-executor-2] INFO  impl.RoleInfo (RoleInfo.java:updateAndGet(130)) - 3ae4cb20-15ad-4779-a013-5b0fdc3aaee7: start 3ae4cb20-15ad-4779-a013-5b0fdc3aaee7@group-46A48FF2B846-FollowerState
2021-11-05 13:00:29,410 [3ae4cb20-15ad-4779-a013-5b0fdc3aaee7@group-46A48FF2B846-FollowerState] INFO  impl.FollowerState (FollowerState.java:run(143)) - 3ae4cb20-15ad-4779-a013-5b0fdc3aaee7@group-46A48FF2B846-FollowerState was interrupted: {}
java.lang.InterruptedException: sleep interrupted
	at java.lang.Thread.sleep(Native Method)
	at java.lang.Thread.sleep(Thread.java:340)
	at java.util.concurrent.TimeUnit.sleep(TimeUnit.java:386)
	at org.apache.ratis.util.TimeDuration.sleep(TimeDuration.java:324)
	at org.apache.ratis.util.TimeDuration.sleep(TimeDuration.java:309)
	at org.apache.ratis.server.impl.FollowerState.run(FollowerState.java:118)
2021-11-05 13:00:29,427 [grpc-default-executor-2] INFO  server.RaftServer$Division (RaftServerImpl.java:requestVote(1078)) - 3ae4cb20-15ad-4779-a013-5b0fdc3aaee7@group-46A48FF2B846 replies to ELECTION vote request: fa45fd2a-a6ef-4106-9a44-777d17a8e8f4<-3ae4cb20-15ad-4779-a013-5b0fdc3aaee7#0:OK-t2. Peer's state: 3ae4cb20-15ad-4779-a013-5b0fdc3aaee7@group-46A48FF2B846:t2, leader=null, voted=fa45fd2a-a6ef-4106-9a44-777d17a8e8f4, raftlog=3ae4cb20-15ad-4779-a013-5b0fdc3aaee7@group-46A48FF2B846-SegmentedRaftLog:OPENED:c0, conf=0: [76ef4e66-eace-4a3b-a369-d2a815523a61|rpc:10.1.0.23:41987|dataStream:|priority:1, fa45fd2a-a6ef-4106-9a44-777d17a8e8f4|rpc:10.1.0.23:43989|dataStream:|priority:0, 3ae4cb20-15ad-4779-a013-5b0fdc3aaee7|rpc:10.1.0.23:35115|dataStream:|priority:0], old=null
2021-11-05 13:00:29,429 [fa45fd2a-a6ef-4106-9a44-777d17a8e8f4@group-46A48FF2B846-LeaderElection111] INFO  impl.LeaderElection (LeaderElection.java:logAndReturn(89)) - fa45fd2a-a6ef-4106-9a44-777d17a8e8f4@group-46A48FF2B846-LeaderElection111: ELECTION PASSED received 1 response(s) and 1 exception(s):
2021-11-05 13:00:29,429 [fa45fd2a-a6ef-4106-9a44-777d17a8e8f4@group-46A48FF2B846-LeaderElection111] INFO  impl.LeaderElection (LeaderElection.java:logAndReturn(93)) -   Response 0: fa45fd2a-a6ef-4106-9a44-777d17a8e8f4<-3ae4cb20-15ad-4779-a013-5b0fdc3aaee7#0:OK-t2
2021-11-05 13:00:29,429 [fa45fd2a-a6ef-4106-9a44-777d17a8e8f4@group-46A48FF2B846-LeaderElection111] INFO  impl.LeaderElection (LogUtils.java:infoOrTrace(137)) -   Exception 1: java.util.concurrent.ExecutionException: org.apache.ratis.thirdparty.io.grpc.StatusRuntimeException: UNAVAILABLE: io exception
2021-11-05 13:00:29,429 [fa45fd2a-a6ef-4106-9a44-777d17a8e8f4@group-46A48FF2B846-LeaderElection111] INFO  impl.LeaderElection (LeaderElection.java:askForVotes(308)) - fa45fd2a-a6ef-4106-9a44-777d17a8e8f4@group-46A48FF2B846-LeaderElection111 ELECTION round 0: result PASSED
2021-11-05 13:00:29,429 [fa45fd2a-a6ef-4106-9a44-777d17a8e8f4@group-46A48FF2B846-LeaderElection111] INFO  impl.RoleInfo (RoleInfo.java:shutdownLeaderElection(121)) - fa45fd2a-a6ef-4106-9a44-777d17a8e8f4: shutdown fa45fd2a-a6ef-4106-9a44-777d17a8e8f4@group-46A48FF2B846-LeaderElection111
2021-11-05 13:00:29,429 [fa45fd2a-a6ef-4106-9a44-777d17a8e8f4@group-46A48FF2B846-LeaderElection111] INFO  server.RaftServer$Division (RaftServerImpl.java:setRole(290)) - fa45fd2a-a6ef-4106-9a44-777d17a8e8f4@group-46A48FF2B846: changes role from CANDIDATE to LEADER at term 2 for changeToLeader
2021-11-05 13:00:29,429 [fa45fd2a-a6ef-4106-9a44-777d17a8e8f4@group-46A48FF2B846-LeaderElection111] INFO  ratis.XceiverServerRatis (XceiverServerRatis.java:handleLeaderChangedNotification(866)) - Leader change notification received for group: group-46A48FF2B846 with new leaderId: fa45fd2a-a6ef-4106-9a44-777d17a8e8f4
2021-11-05 13:00:29,430 [fa45fd2a-a6ef-4106-9a44-777d17a8e8f4@group-46A48FF2B846-LeaderElection111] INFO  server.RaftServer$Division (ServerState.java:setLeader(285)) - fa45fd2a-a6ef-4106-9a44-777d17a8e8f4@group-46A48FF2B846: change Leader from null to fa45fd2a-a6ef-4106-9a44-777d17a8e8f4 at term 2 for becomeLeader, leader elected after 101ms
2021-11-05 13:00:29,430 [fa45fd2a-a6ef-4106-9a44-777d17a8e8f4@group-46A48FF2B846-LeaderElection111] INFO  server.RaftServerConfigKeys (ConfUtils.java:logGet(44)) - raft.server.staging.catchup.gap = 1000 (default)
2021-11-05 13:00:29,430 [fa45fd2a-a6ef-4106-9a44-777d17a8e8f4@group-46A48FF2B846-LeaderElection111] INFO  server.RaftServerConfigKeys (ConfUtils.java:logGet(44)) - raft.server.write.element-limit = 1024 (custom)
2021-11-05 13:00:29,430 [fa45fd2a-a6ef-4106-9a44-777d17a8e8f4@group-46A48FF2B846-LeaderElection111] INFO  server.RaftServerConfigKeys (ConfUtils.java:logGet(44)) - raft.server.write.byte-limit = 1024 M (=1073741824) (custom)
2021-11-05 13:00:29,430 [fa45fd2a-a6ef-4106-9a44-777d17a8e8f4@group-46A48FF2B846-LeaderElection111] INFO  server.RaftServerConfigKeys (ConfUtils.java:logGet(44)) - raft.server.watch.timeout = 3000ms (custom)
2021-11-05 13:00:29,430 [fa45fd2a-a6ef-4106-9a44-777d17a8e8f4@group-46A48FF2B846-LeaderElection111] INFO  server.RaftServerConfigKeys (ConfUtils.java:logGet(44)) - raft.server.watch.timeout.denomination = 1s (default)
2021-11-05 13:00:29,430 [fa45fd2a-a6ef-4106-9a44-777d17a8e8f4@group-46A48FF2B846-LeaderElection111] INFO  server.RaftServerConfigKeys (ConfUtils.java:logGet(44)) - raft.server.watch.element-limit = 65536 (default)
2021-11-05 13:00:29,430 [fa45fd2a-a6ef-4106-9a44-777d17a8e8f4@group-46A48FF2B846-LeaderElection111] INFO  server.RaftServerConfigKeys (ConfUtils.java:logGet(44)) - raft.server.write.element-limit = 1024 (custom)
2021-11-05 13:00:29,430 [fa45fd2a-a6ef-4106-9a44-777d17a8e8f4@group-46A48FF2B846-LeaderElection111] INFO  server.RaftServerConfigKeys (ConfUtils.java:logGet(44)) - raft.server.write.follower.gap.ratio.max = -1.0 (default)
2021-11-05 13:00:29,431 [fa45fd2a-a6ef-4106-9a44-777d17a8e8f4@group-46A48FF2B846-LeaderElection111] INFO  server.RaftServerConfigKeys (ConfUtils.java:logGet(44)) - raft.server.log.appender.snapshot.chunk.size.max = 16MB (=16777216) (default)
2021-11-05 13:00:29,431 [fa45fd2a-a6ef-4106-9a44-777d17a8e8f4@group-46A48FF2B846-LeaderElection111] INFO  server.RaftServerConfigKeys (ConfUtils.java:logGet(44)) - raft.server.log.appender.buffer.byte-limit = 33554432 (custom)
2021-11-05 13:00:29,431 [fa45fd2a-a6ef-4106-9a44-777d17a8e8f4@group-46A48FF2B846-LeaderElection111] INFO  server.RaftServerConfigKeys (ConfUtils.java:logGet(44)) - raft.server.log.appender.buffer.element-limit = 1 (custom)
2021-11-05 13:00:29,431 [fa45fd2a-a6ef-4106-9a44-777d17a8e8f4@group-46A48FF2B846-LeaderElection111] INFO  grpc.GrpcConfigKeys (ConfUtils.java:logGet(44)) - raft.grpc.server.leader.outstanding.appends.max = 128 (default)
2021-11-05 13:00:29,431 [fa45fd2a-a6ef-4106-9a44-777d17a8e8f4@group-46A48FF2B846-LeaderElection111] INFO  server.RaftServerConfigKeys (ConfUtils.java:logGet(44)) - raft.server.rpc.request.timeout = 3000ms (default)
2021-11-05 13:00:29,431 [fa45fd2a-a6ef-4106-9a44-777d17a8e8f4@group-46A48FF2B846-LeaderElection111] INFO  server.RaftServerConfigKeys (ConfUtils.java:logGet(44)) - raft.server.log.appender.install.snapshot.enabled = false (custom)
2021-11-05 13:00:29,433 [fa45fd2a-a6ef-4106-9a44-777d17a8e8f4@group-46A48FF2B846-LeaderElection111] INFO  server.RaftServerConfigKeys (ConfUtils.java:logGet(44)) - raft.server.log.appender.snapshot.chunk.size.max = 16MB (=16777216) (default)
2021-11-05 13:00:29,433 [fa45fd2a-a6ef-4106-9a44-777d17a8e8f4@group-46A48FF2B846-LeaderElection111] INFO  server.RaftServerConfigKeys (ConfUtils.java:logGet(44)) - raft.server.log.appender.buffer.byte-limit = 33554432 (custom)
2021-11-05 13:00:29,433 [fa45fd2a-a6ef-4106-9a44-777d17a8e8f4@group-46A48FF2B846-LeaderElection111] INFO  server.RaftServerConfigKeys (ConfUtils.java:logGet(44)) - raft.server.log.appender.buffer.element-limit = 1 (custom)
2021-11-05 13:00:29,433 [fa45fd2a-a6ef-4106-9a44-777d17a8e8f4@group-46A48FF2B846-LeaderElection111] INFO  grpc.GrpcConfigKeys (ConfUtils.java:logGet(44)) - raft.grpc.server.leader.outstanding.appends.max = 128 (default)
2021-11-05 13:00:29,433 [fa45fd2a-a6ef-4106-9a44-777d17a8e8f4@group-46A48FF2B846-LeaderElection111] INFO  server.RaftServerConfigKeys (ConfUtils.java:logGet(44)) - raft.server.rpc.request.timeout = 3000ms (default)
2021-11-05 13:00:29,433 [fa45fd2a-a6ef-4106-9a44-777d17a8e8f4@group-46A48FF2B846-LeaderElection111] INFO  server.RaftServerConfigKeys (ConfUtils.java:logGet(44)) - raft.server.log.appender.install.snapshot.enabled = false (custom)
2021-11-05 13:00:29,434 [fa45fd2a-a6ef-4106-9a44-777d17a8e8f4@group-46A48FF2B846-LeaderElection111] INFO  impl.RoleInfo (RoleInfo.java:updateAndGet(130)) - fa45fd2a-a6ef-4106-9a44-777d17a8e8f4: start fa45fd2a-a6ef-4106-9a44-777d17a8e8f4@group-46A48FF2B846-LeaderStateImpl
2021-11-05 13:00:29,435 [fa45fd2a-a6ef-4106-9a44-777d17a8e8f4@group-46A48FF2B846-LeaderElection111] INFO  segmented.SegmentedRaftLogWorker (SegmentedRaftLogWorker.java:rollLogSegment(399)) - fa45fd2a-a6ef-4106-9a44-777d17a8e8f4@group-46A48FF2B846-SegmentedRaftLogWorker: Rolling segment log-0_0 to index:0
2021-11-05 13:00:29,436 [fa45fd2a-a6ef-4106-9a44-777d17a8e8f4@group-46A48FF2B846-SegmentedRaftLogWorker] INFO  segmented.SegmentedRaftLogWorker (SegmentedRaftLogWorker.java:execute(558)) - fa45fd2a-a6ef-4106-9a44-777d17a8e8f4@group-46A48FF2B846-SegmentedRaftLogWorker: Rolled log segment from /home/runner/work/ozone/ozone/hadoop-ozone/integration-test/target/test-dir/MiniOzoneClusterImpl-bdf76210-3e21-404e-9e17-65b92aec9f1a/datanode-1/data/ratis/31cdf347-9acf-41c8-b64f-46a48ff2b846/current/log_inprogress_0 to /home/runner/work/ozone/ozone/hadoop-ozone/integration-test/target/test-dir/MiniOzoneClusterImpl-bdf76210-3e21-404e-9e17-65b92aec9f1a/datanode-1/data/ratis/31cdf347-9acf-41c8-b64f-46a48ff2b846/current/log_0-0
2021-11-05 13:00:29,437 [fa45fd2a-a6ef-4106-9a44-777d17a8e8f4@group-46A48FF2B846-SegmentedRaftLogWorker] INFO  segmented.SegmentedRaftLogWorker (SegmentedRaftLogWorker.java:execute(601)) - fa45fd2a-a6ef-4106-9a44-777d17a8e8f4@group-46A48FF2B846-SegmentedRaftLogWorker: created new log segment /home/runner/work/ozone/ozone/hadoop-ozone/integration-test/target/test-dir/MiniOzoneClusterImpl-bdf76210-3e21-404e-9e17-65b92aec9f1a/datanode-1/data/ratis/31cdf347-9acf-41c8-b64f-46a48ff2b846/current/log_inprogress_1
2021-11-05 13:00:29,461 [fa45fd2a-a6ef-4106-9a44-777d17a8e8f4@group-46A48FF2B846-LeaderElection111] INFO  server.RaftServer$Division (ServerState.java:setRaftConf(387)) - fa45fd2a-a6ef-4106-9a44-777d17a8e8f4@group-46A48FF2B846: set configuration 1: [76ef4e66-eace-4a3b-a369-d2a815523a61|rpc:10.1.0.23:41987|dataStream:|priority:1, fa45fd2a-a6ef-4106-9a44-777d17a8e8f4|rpc:10.1.0.23:43989|dataStream:|priority:0, 3ae4cb20-15ad-4779-a013-5b0fdc3aaee7|rpc:10.1.0.23:35115|dataStream:|priority:0], old=null
2021-11-05 13:00:29,462 [grpc-default-executor-2] WARN  server.GrpcLogAppender (LogUtils.java:warn(122)) - fa45fd2a-a6ef-4106-9a44-777d17a8e8f4@group-46A48FF2B846->76ef4e66-eace-4a3b-a369-d2a815523a61-AppendLogResponseHandler: Failed appendEntries: org.apache.ratis.thirdparty.io.grpc.StatusRuntimeException: UNAVAILABLE: io exception
2021-11-05 13:00:29,463 [grpc-default-executor-2] WARN  server.GrpcLogAppender (GrpcLogAppender.java:resetClient(110)) - fa45fd2a-a6ef-4106-9a44-777d17a8e8f4@group-46A48FF2B846->76ef4e66-eace-4a3b-a369-d2a815523a61-GrpcLogAppender: Leader has not got in touch with Follower fa45fd2a-a6ef-4106-9a44-777d17a8e8f4@group-46A48FF2B846->76ef4e66-eace-4a3b-a369-d2a815523a61(c-1,m0,n1, attendVote=true, lastRpcSendTime=5231, lastRpcResponseTime=5231) yet, just keep nextIndex unchanged and retry.
2021-11-05 13:00:29,463 [grpc-default-executor-3] WARN  server.GrpcLogAppender (LogUtils.java:warn(122)) - fa45fd2a-a6ef-4106-9a44-777d17a8e8f4@group-46A48FF2B846->76ef4e66-eace-4a3b-a369-d2a815523a61-AppendLogResponseHandler: Failed appendEntries: org.apache.ratis.thirdparty.io.grpc.StatusRuntimeException: UNAVAILABLE: io exception
2021-11-05 13:00:29,464 [grpc-default-executor-3] WARN  server.GrpcLogAppender (GrpcLogAppender.java:resetClient(110)) - fa45fd2a-a6ef-4106-9a44-777d17a8e8f4@group-46A48FF2B846->76ef4e66-eace-4a3b-a369-d2a815523a61-GrpcLogAppender: Leader has not got in touch with Follower fa45fd2a-a6ef-4106-9a44-777d17a8e8f4@group-46A48FF2B846->76ef4e66-eace-4a3b-a369-d2a815523a61(c-1,m0,n2, attendVote=true, lastRpcSendTime=0, lastRpcResponseTime=5232) yet, just keep nextIndex unchanged and retry.
2021-11-05 13:00:29,464 [grpc-default-executor-2] INFO  ratis.XceiverServerRatis (XceiverServerRatis.java:handleLeaderChangedNotification(866)) - Leader change notification received for group: group-46A48FF2B846 with new leaderId: fa45fd2a-a6ef-4106-9a44-777d17a8e8f4
2021-11-05 13:00:29,464 [grpc-default-executor-2] INFO  server.RaftServer$Division (ServerState.java:setLeader(285)) - 3ae4cb20-15ad-4779-a013-5b0fdc3aaee7@group-46A48FF2B846: change Leader from null to fa45fd2a-a6ef-4106-9a44-777d17a8e8f4 at term 2 for appendEntries, leader elected after 54ms
2021-11-05 13:00:29,494 [grpc-default-executor-2] INFO  server.RaftServer$Division (ServerState.java:setRaftConf(387)) - 3ae4cb20-15ad-4779-a013-5b0fdc3aaee7@group-46A48FF2B846: set configuration 1: [76ef4e66-eace-4a3b-a369-d2a815523a61|rpc:10.1.0.23:41987|dataStream:|priority:1, fa45fd2a-a6ef-4106-9a44-777d17a8e8f4|rpc:10.1.0.23:43989|dataStream:|priority:0, 3ae4cb20-15ad-4779-a013-5b0fdc3aaee7|rpc:10.1.0.23:35115|dataStream:|priority:0], old=null
2021-11-05 13:00:29,495 [grpc-default-executor-2] INFO  segmented.SegmentedRaftLogWorker (SegmentedRaftLogWorker.java:rollLogSegment(399)) - 3ae4cb20-15ad-4779-a013-5b0fdc3aaee7@group-46A48FF2B846-SegmentedRaftLogWorker: Rolling segment log-0_0 to index:0
2021-11-05 13:00:29,495 [3ae4cb20-15ad-4779-a013-5b0fdc3aaee7@group-46A48FF2B846-SegmentedRaftLogWorker] INFO  segmented.SegmentedRaftLogWorker (SegmentedRaftLogWorker.java:execute(558)) - 3ae4cb20-15ad-4779-a013-5b0fdc3aaee7@group-46A48FF2B846-SegmentedRaftLogWorker: Rolled log segment from /home/runner/work/ozone/ozone/hadoop-ozone/integration-test/target/test-dir/MiniOzoneClusterImpl-bdf76210-3e21-404e-9e17-65b92aec9f1a/datanode-2/data/ratis/31cdf347-9acf-41c8-b64f-46a48ff2b846/current/log_inprogress_0 to /home/runner/work/ozone/ozone/hadoop-ozone/integration-test/target/test-dir/MiniOzoneClusterImpl-bdf76210-3e21-404e-9e17-65b92aec9f1a/datanode-2/data/ratis/31cdf347-9acf-41c8-b64f-46a48ff2b846/current/log_0-0
2021-11-05 13:00:29,497 [3ae4cb20-15ad-4779-a013-5b0fdc3aaee7@group-46A48FF2B846-SegmentedRaftLogWorker] INFO  segmented.SegmentedRaftLogWorker (SegmentedRaftLogWorker.java:execute(601)) - 3ae4cb20-15ad-4779-a013-5b0fdc3aaee7@group-46A48FF2B846-SegmentedRaftLogWorker: created new log segment /home/runner/work/ozone/ozone/hadoop-ozone/integration-test/target/test-dir/MiniOzoneClusterImpl-bdf76210-3e21-404e-9e17-65b92aec9f1a/datanode-2/data/ratis/31cdf347-9acf-41c8-b64f-46a48ff2b846/current/log_inprogress_1
2021-11-05 13:00:29,556 [grpc-default-executor-2] WARN  server.GrpcLogAppender (LogUtils.java:warn(122)) - fa45fd2a-a6ef-4106-9a44-777d17a8e8f4@group-46A48FF2B846->76ef4e66-eace-4a3b-a369-d2a815523a61-AppendLogResponseHandler: Failed appendEntries: org.apache.ratis.thirdparty.io.grpc.StatusRuntimeException: UNAVAILABLE: io exception
2021-11-05 13:00:29,556 [grpc-default-executor-2] WARN  server.GrpcLogAppender (GrpcLogAppender.java:resetClient(110)) - fa45fd2a-a6ef-4106-9a44-777d17a8e8f4@group-46A48FF2B846->76ef4e66-eace-4a3b-a369-d2a815523a61-GrpcLogAppender: Leader has not got in touch with Follower fa45fd2a-a6ef-4106-9a44-777d17a8e8f4@group-46A48FF2B846->76ef4e66-eace-4a3b-a369-d2a815523a61(c-1,m0,n3, attendVote=true, lastRpcSendTime=93, lastRpcResponseTime=5325) yet, just keep nextIndex unchanged and retry.
2021-11-05 13:00:31,096 [grpc-default-executor-5] WARN  server.GrpcLogAppender (LogUtils.java:warn(122)) - 3ae4cb20-15ad-4779-a013-5b0fdc3aaee7@group-5D93FA255116->76ef4e66-eace-4a3b-a369-d2a815523a61-AppendLogResponseHandler: Failed appendEntries: org.apache.ratis.thirdparty.io.grpc.StatusRuntimeException: UNAVAILABLE: io exception
2021-11-05 13:00:31,096 [grpc-default-executor-5] WARN  server.GrpcLogAppender (GrpcLogAppender.java:resetClient(110)) - 3ae4cb20-15ad-4779-a013-5b0fdc3aaee7@group-5D93FA255116->76ef4e66-eace-4a3b-a369-d2a815523a61-GrpcLogAppender: Leader has not got in touch with Follower 3ae4cb20-15ad-4779-a013-5b0fdc3aaee7@group-5D93FA255116->76ef4e66-eace-4a3b-a369-d2a815523a61(c0,m0,n1, attendVote=true, lastRpcSendTime=4, lastRpcResponseTime=12600) yet, just keep nextIndex unchanged and retry.
2021-11-05 13:00:31,816 [grpc-default-executor-2] WARN  server.GrpcLogAppender (LogUtils.java:warn(122)) - fa45fd2a-a6ef-4106-9a44-777d17a8e8f4@group-22F5320889A7->76ef4e66-eace-4a3b-a369-d2a815523a61-AppendLogResponseHandler: Failed appendEntries: org.apache.ratis.thirdparty.io.grpc.StatusRuntimeException: UNAVAILABLE: io exception
2021-11-05 13:00:31,816 [grpc-default-executor-2] WARN  server.GrpcLogAppender (GrpcLogAppender.java:resetClient(110)) - fa45fd2a-a6ef-4106-9a44-777d17a8e8f4@group-22F5320889A7->76ef4e66-eace-4a3b-a369-d2a815523a61-GrpcLogAppender: Leader has not got in touch with Follower fa45fd2a-a6ef-4106-9a44-777d17a8e8f4@group-22F5320889A7->76ef4e66-eace-4a3b-a369-d2a815523a61(c0,m0,n1, attendVote=true, lastRpcSendTime=2516, lastRpcResponseTime=12689) yet, just keep nextIndex unchanged and retry.
2021-11-05 13:00:32,060 [grpc-default-executor-2] WARN  server.GrpcLogAppender (LogUtils.java:warn(122)) - fa45fd2a-a6ef-4106-9a44-777d17a8e8f4@group-46A48FF2B846->76ef4e66-eace-4a3b-a369-d2a815523a61-AppendLogResponseHandler: Failed appendEntries: org.apache.ratis.thirdparty.io.grpc.StatusRuntimeException: UNAVAILABLE: io exception
2021-11-05 13:00:32,060 [grpc-default-executor-2] WARN  server.GrpcLogAppender (GrpcLogAppender.java:resetClient(110)) - fa45fd2a-a6ef-4106-9a44-777d17a8e8f4@group-46A48FF2B846->76ef4e66-eace-4a3b-a369-d2a815523a61-GrpcLogAppender: Leader has not got in touch with Follower fa45fd2a-a6ef-4106-9a44-777d17a8e8f4@group-46A48FF2B846->76ef4e66-eace-4a3b-a369-d2a815523a61(c-1,m0,n3, attendVote=true, lastRpcSendTime=0, lastRpcResponseTime=7829) yet, just keep nextIndex unchanged and retry.
2021-11-05 13:00:33,600 [grpc-default-executor-5] WARN  server.GrpcLogAppender (LogUtils.java:warn(122)) - 3ae4cb20-15ad-4779-a013-5b0fdc3aaee7@group-5D93FA255116->76ef4e66-eace-4a3b-a369-d2a815523a61-AppendLogResponseHandler: Failed appendEntries: org.apache.ratis.thirdparty.io.grpc.StatusRuntimeException: UNAVAILABLE: io exception
2021-11-05 13:00:33,600 [grpc-default-executor-5] WARN  server.GrpcLogAppender (GrpcLogAppender.java:resetClient(110)) - 3ae4cb20-15ad-4779-a013-5b0fdc3aaee7@group-5D93FA255116->76ef4e66-eace-4a3b-a369-d2a815523a61-GrpcLogAppender: Leader has not got in touch with Follower 3ae4cb20-15ad-4779-a013-5b0fdc3aaee7@group-5D93FA255116->76ef4e66-eace-4a3b-a369-d2a815523a61(c0,m0,n1, attendVote=true, lastRpcSendTime=0, lastRpcResponseTime=15104) yet, just keep nextIndex unchanged and retry.
2021-11-05 13:00:34,321 [grpc-default-executor-5] WARN  server.GrpcLogAppender (LogUtils.java:warn(122)) - fa45fd2a-a6ef-4106-9a44-777d17a8e8f4@group-22F5320889A7->76ef4e66-eace-4a3b-a369-d2a815523a61-AppendLogResponseHandler: Failed appendEntries: org.apache.ratis.thirdparty.io.grpc.StatusRuntimeException: UNAVAILABLE: io exception
2021-11-05 13:00:34,322 [grpc-default-executor-5] WARN  server.GrpcLogAppender (GrpcLogAppender.java:resetClient(110)) - fa45fd2a-a6ef-4106-9a44-777d17a8e8f4@group-22F5320889A7->76ef4e66-eace-4a3b-a369-d2a815523a61-GrpcLogAppender: Leader has not got in touch with Follower fa45fd2a-a6ef-4106-9a44-777d17a8e8f4@group-22F5320889A7->76ef4e66-eace-4a3b-a369-d2a815523a61(c0,m0,n1, attendVote=true, lastRpcSendTime=0, lastRpcResponseTime=15194) yet, just keep nextIndex unchanged and retry.
2021-11-05 13:00:34,567 [grpc-default-executor-5] WARN  server.GrpcLogAppender (LogUtils.java:warn(122)) - fa45fd2a-a6ef-4106-9a44-777d17a8e8f4@group-46A48FF2B846->76ef4e66-eace-4a3b-a369-d2a815523a61-AppendLogResponseHandler: Failed appendEntries: org.apache.ratis.thirdparty.io.grpc.StatusRuntimeException: UNAVAILABLE: io exception
2021-11-05 13:00:34,568 [grpc-default-executor-5] WARN  server.GrpcLogAppender (GrpcLogAppender.java:resetClient(110)) - fa45fd2a-a6ef-4106-9a44-777d17a8e8f4@group-46A48FF2B846->76ef4e66-eace-4a3b-a369-d2a815523a61-GrpcLogAppender: Leader has not got in touch with Follower fa45fd2a-a6ef-4106-9a44-777d17a8e8f4@group-46A48FF2B846->76ef4e66-eace-4a3b-a369-d2a815523a61(c-1,m0,n3, attendVote=true, lastRpcSendTime=0, lastRpcResponseTime=10337) yet, just keep nextIndex unchanged and retry.
2021-11-05 13:00:34,959 [EventQueue-DeadNodeForDeadNodeHandler] INFO  node.DeadNodeHandler (DeadNodeHandler.java:onMessage(80)) - A dead datanode is detected. 76ef4e66-eace-4a3b-a369-d2a815523a61{ip: 10.1.0.23, host: fv-az151-875.yf2hydr00wburbhx3j5hxtcipe.bx.internal.cloudapp.net, ports: [REPLICATION=43087, RATIS=41987, RATIS_ADMIN=41987, RATIS_SERVER=41987, STANDALONE=45779], networkLocation: /default-rack, certSerialId: null, persistedOpState: IN_SERVICE, persistedOpStateExpiryEpochSec: 0}
2021-11-05 13:00:34,959 [EventQueue-DeadNodeForDeadNodeHandler] INFO  pipeline.RatisPipelineProvider (RatisPipelineProvider.java:lambda$close$1(222)) - Send pipeline:PipelineID=31cdf347-9acf-41c8-b64f-46a48ff2b846 close command to datanode 3ae4cb20-15ad-4779-a013-5b0fdc3aaee7
2021-11-05 13:00:34,959 [EventQueue-DeadNodeForDeadNodeHandler] INFO  pipeline.RatisPipelineProvider (RatisPipelineProvider.java:lambda$close$1(222)) - Send pipeline:PipelineID=31cdf347-9acf-41c8-b64f-46a48ff2b846 close command to datanode fa45fd2a-a6ef-4106-9a44-777d17a8e8f4
2021-11-05 13:00:34,960 [EventQueue-DeadNodeForDeadNodeHandler] INFO  pipeline.RatisPipelineProvider (RatisPipelineProvider.java:lambda$close$1(222)) - Send pipeline:PipelineID=31cdf347-9acf-41c8-b64f-46a48ff2b846 close command to datanode 76ef4e66-eace-4a3b-a369-d2a815523a61
2021-11-05 13:00:34,965 [EventQueue-DeadNodeForDeadNodeHandler] INFO  pipeline.PipelineStateManagerImpl (PipelineStateManagerImpl.java:removePipeline(223)) - Pipeline Pipeline[ Id: 31cdf347-9acf-41c8-b64f-46a48ff2b846, Nodes: 3ae4cb20-15ad-4779-a013-5b0fdc3aaee7{ip: 10.1.0.23, host: fv-az151-875.yf2hydr00wburbhx3j5hxtcipe.bx.internal.cloudapp.net, ports: [REPLICATION=39333, RATIS=35115, RATIS_ADMIN=35115, RATIS_SERVER=35115, STANDALONE=41693], networkLocation: /default-rack, certSerialId: null, persistedOpState: IN_SERVICE, persistedOpStateExpiryEpochSec: 0}fa45fd2a-a6ef-4106-9a44-777d17a8e8f4{ip: 10.1.0.23, host: fv-az151-875.yf2hydr00wburbhx3j5hxtcipe.bx.internal.cloudapp.net, ports: [REPLICATION=35839, RATIS=43989, RATIS_ADMIN=43989, RATIS_SERVER=43989, STANDALONE=44877], networkLocation: /default-rack, certSerialId: null, persistedOpState: IN_SERVICE, persistedOpStateExpiryEpochSec: 0}76ef4e66-eace-4a3b-a369-d2a815523a61{ip: 10.1.0.23, host: fv-az151-875.yf2hydr00wburbhx3j5hxtcipe.bx.internal.cloudapp.net, ports: [REPLICATION=43087, RATIS=41987, RATIS_ADMIN=41987, RATIS_SERVER=41987, STANDALONE=45779], networkLocation: /default-rack, certSerialId: null, persistedOpState: IN_SERVICE, persistedOpStateExpiryEpochSec: 0}, ReplicationConfig: RATIS/THREE, State:CLOSED, leaderId:fa45fd2a-a6ef-4106-9a44-777d17a8e8f4, CreationTimestamp2021-11-05T13:00:07.011Z[Etc/UTC]] removed.
2021-11-05 13:00:34,965 [EventQueue-DeadNodeForDeadNodeHandler] INFO  pipeline.RatisPipelineProvider (RatisPipelineProvider.java:lambda$close$1(222)) - Send pipeline:PipelineID=bb7091f3-c5ce-4e13-86bd-5d93fa255116 close command to datanode 76ef4e66-eace-4a3b-a369-d2a815523a61
2021-11-05 13:00:34,965 [EventQueue-DeadNodeForDeadNodeHandler] INFO  pipeline.RatisPipelineProvider (RatisPipelineProvider.java:lambda$close$1(222)) - Send pipeline:PipelineID=bb7091f3-c5ce-4e13-86bd-5d93fa255116 close command to datanode fa45fd2a-a6ef-4106-9a44-777d17a8e8f4
2021-11-05 13:00:34,966 [EventQueue-DeadNodeForDeadNodeHandler] INFO  pipeline.RatisPipelineProvider (RatisPipelineProvider.java:lambda$close$1(222)) - Send pipeline:PipelineID=bb7091f3-c5ce-4e13-86bd-5d93fa255116 close command to datanode 3ae4cb20-15ad-4779-a013-5b0fdc3aaee7
2021-11-05 13:00:34,966 [EventQueue-DeadNodeForDeadNodeHandler] INFO  pipeline.PipelineStateManagerImpl (PipelineStateManagerImpl.java:removePipeline(223)) - Pipeline Pipeline[ Id: bb7091f3-c5ce-4e13-86bd-5d93fa255116, Nodes: 76ef4e66-eace-4a3b-a369-d2a815523a61{ip: 10.1.0.23, host: fv-az151-875.yf2hydr00wburbhx3j5hxtcipe.bx.internal.cloudapp.net, ports: [REPLICATION=43087, RATIS=41987, RATIS_ADMIN=41987, RATIS_SERVER=41987, STANDALONE=45779], networkLocation: /default-rack, certSerialId: null, persistedOpState: IN_SERVICE, persistedOpStateExpiryEpochSec: 0}fa45fd2a-a6ef-4106-9a44-777d17a8e8f4{ip: 10.1.0.23, host: fv-az151-875.yf2hydr00wburbhx3j5hxtcipe.bx.internal.cloudapp.net, ports: [REPLICATION=35839, RATIS=43989, RATIS_ADMIN=43989, RATIS_SERVER=43989, STANDALONE=44877], networkLocation: /default-rack, certSerialId: null, persistedOpState: IN_SERVICE, persistedOpStateExpiryEpochSec: 0}3ae4cb20-15ad-4779-a013-5b0fdc3aaee7{ip: 10.1.0.23, host: fv-az151-875.yf2hydr00wburbhx3j5hxtcipe.bx.internal.cloudapp.net, ports: [REPLICATION=39333, RATIS=35115, RATIS_ADMIN=35115, RATIS_SERVER=35115, STANDALONE=41693], networkLocation: /default-rack, certSerialId: null, persistedOpState: IN_SERVICE, persistedOpStateExpiryEpochSec: 0}, ReplicationConfig: RATIS/THREE, State:CLOSED, leaderId:3ae4cb20-15ad-4779-a013-5b0fdc3aaee7, CreationTimestamp2021-11-05T13:00:07.009Z[Etc/UTC]] removed.
2021-11-05 13:00:34,966 [EventQueue-DeadNodeForDeadNodeHandler] INFO  pipeline.RatisPipelineProvider (RatisPipelineProvider.java:lambda$close$1(222)) - Send pipeline:PipelineID=4477d87b-15ba-4f68-ae12-22f5320889a7 close command to datanode 3ae4cb20-15ad-4779-a013-5b0fdc3aaee7
2021-11-05 13:00:34,966 [EventQueue-DeadNodeForDeadNodeHandler] INFO  pipeline.RatisPipelineProvider (RatisPipelineProvider.java:lambda$close$1(222)) - Send pipeline:PipelineID=4477d87b-15ba-4f68-ae12-22f5320889a7 close command to datanode fa45fd2a-a6ef-4106-9a44-777d17a8e8f4
2021-11-05 13:00:34,966 [EventQueue-DeadNodeForDeadNodeHandler] INFO  pipeline.RatisPipelineProvider (RatisPipelineProvider.java:lambda$close$1(222)) - Send pipeline:PipelineID=4477d87b-15ba-4f68-ae12-22f5320889a7 close command to datanode 76ef4e66-eace-4a3b-a369-d2a815523a61
2021-11-05 13:00:34,966 [EventQueue-DeadNodeForDeadNodeHandler] INFO  pipeline.PipelineStateManagerImpl (PipelineStateManagerImpl.java:removePipeline(223)) - Pipeline Pipeline[ Id: 4477d87b-15ba-4f68-ae12-22f5320889a7, Nodes: 3ae4cb20-15ad-4779-a013-5b0fdc3aaee7{ip: 10.1.0.23, host: fv-az151-875.yf2hydr00wburbhx3j5hxtcipe.bx.internal.cloudapp.net, ports: [REPLICATION=39333, RATIS=35115, RATIS_ADMIN=35115, RATIS_SERVER=35115, STANDALONE=41693], networkLocation: /default-rack, certSerialId: null, persistedOpState: IN_SERVICE, persistedOpStateExpiryEpochSec: 0}fa45fd2a-a6ef-4106-9a44-777d17a8e8f4{ip: 10.1.0.23, host: fv-az151-875.yf2hydr00wburbhx3j5hxtcipe.bx.internal.cloudapp.net, ports: [REPLICATION=35839, RATIS=43989, RATIS_ADMIN=43989, RATIS_SERVER=43989, STANDALONE=44877], networkLocation: /default-rack, certSerialId: null, persistedOpState: IN_SERVICE, persistedOpStateExpiryEpochSec: 0}76ef4e66-eace-4a3b-a369-d2a815523a61{ip: 10.1.0.23, host: fv-az151-875.yf2hydr00wburbhx3j5hxtcipe.bx.internal.cloudapp.net, ports: [REPLICATION=43087, RATIS=41987, RATIS_ADMIN=41987, RATIS_SERVER=41987, STANDALONE=45779], networkLocation: /default-rack, certSerialId: null, persistedOpState: IN_SERVICE, persistedOpStateExpiryEpochSec: 0}, ReplicationConfig: RATIS/THREE, State:CLOSED, leaderId:fa45fd2a-a6ef-4106-9a44-777d17a8e8f4, CreationTimestamp2021-11-05T13:00:07.010Z[Etc/UTC]] removed.
2021-11-05 13:00:34,966 [EventQueue-DeadNodeForDeadNodeHandler] INFO  pipeline.RatisPipelineProvider (RatisPipelineProvider.java:lambda$close$1(222)) - Send pipeline:PipelineID=e2469dc0-4f58-4d76-a3f8-05b35d5aa406 close command to datanode 76ef4e66-eace-4a3b-a369-d2a815523a61
2021-11-05 13:00:34,966 [EventQueue-DeadNodeForDeadNodeHandler] INFO  pipeline.PipelineStateManagerImpl (PipelineStateManagerImpl.java:removePipeline(223)) - Pipeline Pipeline[ Id: e2469dc0-4f58-4d76-a3f8-05b35d5aa406, Nodes: 76ef4e66-eace-4a3b-a369-d2a815523a61{ip: 10.1.0.23, host: fv-az151-875.yf2hydr00wburbhx3j5hxtcipe.bx.internal.cloudapp.net, ports: [REPLICATION=43087, RATIS=41987, RATIS_ADMIN=41987, RATIS_SERVER=41987, STANDALONE=45779], networkLocation: /default-rack, certSerialId: null, persistedOpState: IN_SERVICE, persistedOpStateExpiryEpochSec: 0}, ReplicationConfig: RATIS/ONE, State:CLOSED, leaderId:76ef4e66-eace-4a3b-a369-d2a815523a61, CreationTimestamp2021-11-05T13:00:04.792Z[Etc/UTC]] removed.
2021-11-05 13:00:34,966 [EventQueue-DeadNodeForDeadNodeHandler] INFO  net.NetworkTopologyImpl (NetworkTopologyImpl.java:remove(137)) - Removed a node: /default-rack/76ef4e66-eace-4a3b-a369-d2a815523a61
2021-11-05 13:00:36,102 [grpc-default-executor-2] WARN  server.GrpcLogAppender (LogUtils.java:warn(122)) - 3ae4cb20-15ad-4779-a013-5b0fdc3aaee7@group-5D93FA255116->76ef4e66-eace-4a3b-a369-d2a815523a61-AppendLogResponseHandler: Failed appendEntries: org.apache.ratis.thirdparty.io.grpc.StatusRuntimeException: UNAVAILABLE: io exception
2021-11-05 13:00:36,102 [grpc-default-executor-2] WARN  server.GrpcLogAppender (GrpcLogAppender.java:resetClient(110)) - 3ae4cb20-15ad-4779-a013-5b0fdc3aaee7@group-5D93FA255116->76ef4e66-eace-4a3b-a369-d2a815523a61-GrpcLogAppender: Leader has not got in touch with Follower 3ae4cb20-15ad-4779-a013-5b0fdc3aaee7@group-5D93FA255116->76ef4e66-eace-4a3b-a369-d2a815523a61(c0,m0,n1, attendVote=true, lastRpcSendTime=0, lastRpcResponseTime=17606) yet, just keep nextIndex unchanged and retry.
2021-11-05 13:00:36,420 [Command processor thread] INFO  server.RaftServer (RaftServerProxy.java:remove(106)) - 3ae4cb20-15ad-4779-a013-5b0fdc3aaee7: remove  FOLLOWER 3ae4cb20-15ad-4779-a013-5b0fdc3aaee7@group-46A48FF2B846:t2, leader=fa45fd2a-a6ef-4106-9a44-777d17a8e8f4, voted=fa45fd2a-a6ef-4106-9a44-777d17a8e8f4, raftlog=3ae4cb20-15ad-4779-a013-5b0fdc3aaee7@group-46A48FF2B846-SegmentedRaftLog:OPENED:c2, conf=1: [76ef4e66-eace-4a3b-a369-d2a815523a61|rpc:10.1.0.23:41987|dataStream:|priority:1, fa45fd2a-a6ef-4106-9a44-777d17a8e8f4|rpc:10.1.0.23:43989|dataStream:|priority:0, 3ae4cb20-15ad-4779-a013-5b0fdc3aaee7|rpc:10.1.0.23:35115|dataStream:|priority:0], old=null RUNNING
2021-11-05 13:00:36,420 [Command processor thread] INFO  server.RaftServer$Division (RaftServerImpl.java:lambda$close$4(412)) - 3ae4cb20-15ad-4779-a013-5b0fdc3aaee7@group-46A48FF2B846: shutdown
2021-11-05 13:00:36,421 [Command processor thread] INFO  util.JmxRegister (JmxRegister.java:unregister(73)) - Successfully un-registered JMX Bean with object name Ratis:service=RaftServer,group=group-46A48FF2B846,id=3ae4cb20-15ad-4779-a013-5b0fdc3aaee7
2021-11-05 13:00:36,421 [Command processor thread] INFO  impl.RoleInfo (RoleInfo.java:shutdownFollowerState(108)) - 3ae4cb20-15ad-4779-a013-5b0fdc3aaee7: shutdown 3ae4cb20-15ad-4779-a013-5b0fdc3aaee7@group-46A48FF2B846-FollowerState
2021-11-05 13:00:36,421 [Command processor thread] INFO  impl.StateMachineUpdater (StateMachineUpdater.java:stopAndJoin(149)) - 3ae4cb20-15ad-4779-a013-5b0fdc3aaee7@group-46A48FF2B846-StateMachineUpdater: set stopIndex = 2
2021-11-05 13:00:36,421 [3ae4cb20-15ad-4779-a013-5b0fdc3aaee7@group-46A48FF2B846-FollowerState] INFO  impl.FollowerState (FollowerState.java:run(143)) - 3ae4cb20-15ad-4779-a013-5b0fdc3aaee7@group-46A48FF2B846-FollowerState was interrupted: {}
java.lang.InterruptedException: sleep interrupted
	at java.lang.Thread.sleep(Native Method)
	at java.lang.Thread.sleep(Thread.java:340)
	at java.util.concurrent.TimeUnit.sleep(TimeUnit.java:386)
	at org.apache.ratis.util.TimeDuration.sleep(TimeDuration.java:324)
	at org.apache.ratis.util.TimeDuration.sleep(TimeDuration.java:309)
	at org.apache.ratis.server.impl.FollowerState.run(FollowerState.java:118)
2021-11-05 13:00:36,421 [3ae4cb20-15ad-4779-a013-5b0fdc3aaee7@group-46A48FF2B846-StateMachineUpdater] INFO  ratis.ContainerStateMachine (ContainerStateMachine.java:takeSnapshot(292)) - group-46A48FF2B846: Taking a snapshot at:(t:2, i:2) file /home/runner/work/ozone/ozone/hadoop-ozone/integration-test/target/test-dir/MiniOzoneClusterImpl-bdf76210-3e21-404e-9e17-65b92aec9f1a/datanode-2/data/ratis/31cdf347-9acf-41c8-b64f-46a48ff2b846/sm/snapshot.2_2
2021-11-05 13:00:36,424 [3ae4cb20-15ad-4779-a013-5b0fdc3aaee7@group-46A48FF2B846-StateMachineUpdater] INFO  ratis.ContainerStateMachine (ContainerStateMachine.java:takeSnapshot(303)) - group-46A48FF2B846: Finished taking a snapshot at:(t:2, i:2) file:/home/runner/work/ozone/ozone/hadoop-ozone/integration-test/target/test-dir/MiniOzoneClusterImpl-bdf76210-3e21-404e-9e17-65b92aec9f1a/datanode-2/data/ratis/31cdf347-9acf-41c8-b64f-46a48ff2b846/sm/snapshot.2_2 took: 3 ms
2021-11-05 13:00:36,424 [3ae4cb20-15ad-4779-a013-5b0fdc3aaee7@group-46A48FF2B846-StateMachineUpdater] INFO  impl.StateMachineUpdater (StateMachineUpdater.java:takeSnapshot(281)) - 3ae4cb20-15ad-4779-a013-5b0fdc3aaee7@group-46A48FF2B846-StateMachineUpdater: Took a snapshot at index 2
2021-11-05 13:00:36,424 [3ae4cb20-15ad-4779-a013-5b0fdc3aaee7@group-46A48FF2B846-StateMachineUpdater] INFO  impl.StateMachineUpdater (StateMachineUpdater.java:lambda$new$0(89)) - 3ae4cb20-15ad-4779-a013-5b0fdc3aaee7@group-46A48FF2B846-StateMachineUpdater: snapshotIndex: updateIncreasingly -1 -> 2
2021-11-05 13:00:36,428 [Command processor thread] INFO  server.RaftServer$Division (ServerState.java:close(419)) - 3ae4cb20-15ad-4779-a013-5b0fdc3aaee7@group-46A48FF2B846: closes. applyIndex: 2
2021-11-05 13:00:36,428 [3ae4cb20-15ad-4779-a013-5b0fdc3aaee7@group-46A48FF2B846-SegmentedRaftLogWorker] INFO  segmented.SegmentedRaftLogWorker (SegmentedRaftLogWorker.java:run(327)) - 3ae4cb20-15ad-4779-a013-5b0fdc3aaee7@group-46A48FF2B846-SegmentedRaftLogWorker was interrupted, exiting. There are 0 tasks remaining in the queue.
2021-11-05 13:00:36,433 [Command processor thread] INFO  segmented.SegmentedRaftLogWorker (SegmentedRaftLogWorker.java:close(237)) - 3ae4cb20-15ad-4779-a013-5b0fdc3aaee7@group-46A48FF2B846-SegmentedRaftLogWorker close()
2021-11-05 13:00:36,439 [Command processor thread] INFO  server.RaftServer$Division (RaftServerImpl.java:groupRemove(382)) - 3ae4cb20-15ad-4779-a013-5b0fdc3aaee7@group-46A48FF2B846: Succeed to remove RaftStorageDirectory Storage Directory /home/runner/work/ozone/ozone/hadoop-ozone/integration-test/target/test-dir/MiniOzoneClusterImpl-bdf76210-3e21-404e-9e17-65b92aec9f1a/datanode-2/data/ratis/31cdf347-9acf-41c8-b64f-46a48ff2b846
2021-11-05 13:00:36,439 [Command processor thread] INFO  commandhandler.ClosePipelineCommandHandler (ClosePipelineCommandHandler.java:handle(78)) - Close Pipeline PipelineID=31cdf347-9acf-41c8-b64f-46a48ff2b846 command on datanode 3ae4cb20-15ad-4779-a013-5b0fdc3aaee7.
2021-11-05 13:00:36,439 [Command processor thread] INFO  server.RaftServer (RaftServerProxy.java:remove(106)) - 3ae4cb20-15ad-4779-a013-5b0fdc3aaee7: remove    LEADER 3ae4cb20-15ad-4779-a013-5b0fdc3aaee7@group-5D93FA255116:t2, leader=3ae4cb20-15ad-4779-a013-5b0fdc3aaee7, voted=3ae4cb20-15ad-4779-a013-5b0fdc3aaee7, raftlog=3ae4cb20-15ad-4779-a013-5b0fdc3aaee7@group-5D93FA255116-SegmentedRaftLog:OPENED:c0, conf=0: [76ef4e66-eace-4a3b-a369-d2a815523a61|rpc:10.1.0.23:41987|dataStream:|priority:0, fa45fd2a-a6ef-4106-9a44-777d17a8e8f4|rpc:10.1.0.23:43989|dataStream:|priority:0, 3ae4cb20-15ad-4779-a013-5b0fdc3aaee7|rpc:10.1.0.23:35115|dataStream:|priority:1], old=null RUNNING
2021-11-05 13:00:36,439 [Command processor thread] INFO  server.RaftServer$Division (RaftServerImpl.java:lambda$close$4(412)) - 3ae4cb20-15ad-4779-a013-5b0fdc3aaee7@group-5D93FA255116: shutdown
2021-11-05 13:00:36,440 [Command processor thread] INFO  util.JmxRegister (JmxRegister.java:unregister(73)) - Successfully un-registered JMX Bean with object name Ratis:service=RaftServer,group=group-5D93FA255116,id=3ae4cb20-15ad-4779-a013-5b0fdc3aaee7
2021-11-05 13:00:36,440 [Command processor thread] INFO  impl.RoleInfo (RoleInfo.java:shutdownLeaderState(91)) - 3ae4cb20-15ad-4779-a013-5b0fdc3aaee7: shutdown 3ae4cb20-15ad-4779-a013-5b0fdc3aaee7@group-5D93FA255116-LeaderStateImpl
2021-11-05 13:00:36,444 [Command processor thread] INFO  impl.PendingRequests (PendingRequests.java:sendNotLeaderResponses(282)) - 3ae4cb20-15ad-4779-a013-5b0fdc3aaee7@group-5D93FA255116-PendingRequests: sendNotLeaderResponses
2021-11-05 13:00:36,444 [Command processor thread] INFO  impl.StateMachineUpdater (StateMachineUpdater.java:stopAndJoin(149)) - 3ae4cb20-15ad-4779-a013-5b0fdc3aaee7@group-5D93FA255116-StateMachineUpdater: set stopIndex = 0
2021-11-05 13:00:36,444 [3ae4cb20-15ad-4779-a013-5b0fdc3aaee7@group-5D93FA255116-StateMachineUpdater] INFO  ratis.ContainerStateMachine (ContainerStateMachine.java:takeSnapshot(292)) - group-5D93FA255116: Taking a snapshot at:(t:2, i:0) file /home/runner/work/ozone/ozone/hadoop-ozone/integration-test/target/test-dir/MiniOzoneClusterImpl-bdf76210-3e21-404e-9e17-65b92aec9f1a/datanode-2/data/ratis/bb7091f3-c5ce-4e13-86bd-5d93fa255116/sm/snapshot.2_0
2021-11-05 13:00:36,447 [3ae4cb20-15ad-4779-a013-5b0fdc3aaee7@group-5D93FA255116-StateMachineUpdater] INFO  ratis.ContainerStateMachine (ContainerStateMachine.java:takeSnapshot(303)) - group-5D93FA255116: Finished taking a snapshot at:(t:2, i:0) file:/home/runner/work/ozone/ozone/hadoop-ozone/integration-test/target/test-dir/MiniOzoneClusterImpl-bdf76210-3e21-404e-9e17-65b92aec9f1a/datanode-2/data/ratis/bb7091f3-c5ce-4e13-86bd-5d93fa255116/sm/snapshot.2_0 took: 3 ms
2021-11-05 13:00:36,447 [3ae4cb20-15ad-4779-a013-5b0fdc3aaee7@group-5D93FA255116-StateMachineUpdater] INFO  impl.StateMachineUpdater (StateMachineUpdater.java:takeSnapshot(281)) - 3ae4cb20-15ad-4779-a013-5b0fdc3aaee7@group-5D93FA255116-StateMachineUpdater: Took a snapshot at index 0
2021-11-05 13:00:36,447 [3ae4cb20-15ad-4779-a013-5b0fdc3aaee7@group-5D93FA255116-StateMachineUpdater] INFO  impl.StateMachineUpdater (StateMachineUpdater.java:lambda$new$0(89)) - 3ae4cb20-15ad-4779-a013-5b0fdc3aaee7@group-5D93FA255116-StateMachineUpdater: snapshotIndex: updateIncreasingly -1 -> 0
2021-11-05 13:00:36,448 [Command processor thread] INFO  server.RaftServer$Division (ServerState.java:close(419)) - 3ae4cb20-15ad-4779-a013-5b0fdc3aaee7@group-5D93FA255116: closes. applyIndex: 0
2021-11-05 13:00:36,452 [3ae4cb20-15ad-4779-a013-5b0fdc3aaee7@group-5D93FA255116->fa45fd2a-a6ef-4106-9a44-777d17a8e8f4-GrpcLogAppender-LogAppenderDaemon] WARN  server.GrpcLogAppender (GrpcLogAppender.java:mayWait(177)) - 3ae4cb20-15ad-4779-a013-5b0fdc3aaee7@group-5D93FA255116->fa45fd2a-a6ef-4106-9a44-777d17a8e8f4-GrpcLogAppender: Wait interrupted by java.lang.InterruptedException
2021-11-05 13:00:36,452 [grpc-default-executor-2] INFO  server.GrpcServerProtocolService (GrpcServerProtocolService.java:onCompleted(140)) - fa45fd2a-a6ef-4106-9a44-777d17a8e8f4: Completed APPEND_ENTRIES, lastRequest: 3ae4cb20-15ad-4779-a013-5b0fdc3aaee7->fa45fd2a-a6ef-4106-9a44-777d17a8e8f4#1-t2,previous=(t:0, i:0),leaderCommit=-1,initializing? true,entries: size=1, first=(t:2, i:0), CONFIGURATIONENTRY
2021-11-05 13:00:36,464 [grpc-default-executor-5] INFO  server.GrpcLogAppender (GrpcLogAppender.java:onCompleted(346)) - 3ae4cb20-15ad-4779-a013-5b0fdc3aaee7@group-5D93FA255116->fa45fd2a-a6ef-4106-9a44-777d17a8e8f4-AppendLogResponseHandler: follower responses appendEntries COMPLETED
2021-11-05 13:00:36,464 [grpc-default-executor-5] INFO  leader.FollowerInfo (FollowerInfoImpl.java:lambda$new$0(47)) - 3ae4cb20-15ad-4779-a013-5b0fdc3aaee7@group-5D93FA255116->fa45fd2a-a6ef-4106-9a44-777d17a8e8f4: nextIndex: updateUnconditionally 1 -> 0
2021-11-05 13:00:36,472 [3ae4cb20-15ad-4779-a013-5b0fdc3aaee7@group-5D93FA255116-SegmentedRaftLogWorker] INFO  segmented.SegmentedRaftLogWorker (SegmentedRaftLogWorker.java:run(327)) - 3ae4cb20-15ad-4779-a013-5b0fdc3aaee7@group-5D93FA255116-SegmentedRaftLogWorker was interrupted, exiting. There are 0 tasks remaining in the queue.
2021-11-05 13:00:36,476 [Command processor thread] INFO  segmented.SegmentedRaftLogWorker (SegmentedRaftLogWorker.java:close(237)) - 3ae4cb20-15ad-4779-a013-5b0fdc3aaee7@group-5D93FA255116-SegmentedRaftLogWorker close()
2021-11-05 13:00:36,478 [Command processor thread] INFO  server.RaftServer$Division (RaftServerImpl.java:groupRemove(382)) - 3ae4cb20-15ad-4779-a013-5b0fdc3aaee7@group-5D93FA255116: Succeed to remove RaftStorageDirectory Storage Directory /home/runner/work/ozone/ozone/hadoop-ozone/integration-test/target/test-dir/MiniOzoneClusterImpl-bdf76210-3e21-404e-9e17-65b92aec9f1a/datanode-2/data/ratis/bb7091f3-c5ce-4e13-86bd-5d93fa255116
2021-11-05 13:00:36,478 [Command processor thread] INFO  commandhandler.ClosePipelineCommandHandler (ClosePipelineCommandHandler.java:handle(78)) - Close Pipeline PipelineID=bb7091f3-c5ce-4e13-86bd-5d93fa255116 command on datanode 3ae4cb20-15ad-4779-a013-5b0fdc3aaee7.
2021-11-05 13:00:36,478 [Command processor thread] INFO  server.RaftServer (RaftServerProxy.java:remove(106)) - 3ae4cb20-15ad-4779-a013-5b0fdc3aaee7: remove  FOLLOWER 3ae4cb20-15ad-4779-a013-5b0fdc3aaee7@group-22F5320889A7:t2, leader=fa45fd2a-a6ef-4106-9a44-777d17a8e8f4, voted=fa45fd2a-a6ef-4106-9a44-777d17a8e8f4, raftlog=3ae4cb20-15ad-4779-a013-5b0fdc3aaee7@group-22F5320889A7-SegmentedRaftLog:OPENED:c0, conf=0: [76ef4e66-eace-4a3b-a369-d2a815523a61|rpc:10.1.0.23:41987|dataStream:|priority:0, fa45fd2a-a6ef-4106-9a44-777d17a8e8f4|rpc:10.1.0.23:43989|dataStream:|priority:1, 3ae4cb20-15ad-4779-a013-5b0fdc3aaee7|rpc:10.1.0.23:35115|dataStream:|priority:0], old=null RUNNING
2021-11-05 13:00:36,478 [Command processor thread] INFO  server.RaftServer$Division (RaftServerImpl.java:lambda$close$4(412)) - 3ae4cb20-15ad-4779-a013-5b0fdc3aaee7@group-22F5320889A7: shutdown
2021-11-05 13:00:36,478 [Command processor thread] INFO  util.JmxRegister (JmxRegister.java:unregister(73)) - Successfully un-registered JMX Bean with object name Ratis:service=RaftServer,group=group-22F5320889A7,id=3ae4cb20-15ad-4779-a013-5b0fdc3aaee7
2021-11-05 13:00:36,478 [Command processor thread] INFO  impl.RoleInfo (RoleInfo.java:shutdownFollowerState(108)) - 3ae4cb20-15ad-4779-a013-5b0fdc3aaee7: shutdown 3ae4cb20-15ad-4779-a013-5b0fdc3aaee7@group-22F5320889A7-FollowerState
2021-11-05 13:00:36,478 [Command processor thread] INFO  impl.StateMachineUpdater (StateMachineUpdater.java:stopAndJoin(149)) - 3ae4cb20-15ad-4779-a013-5b0fdc3aaee7@group-22F5320889A7-StateMachineUpdater: set stopIndex = 0
2021-11-05 13:00:36,478 [3ae4cb20-15ad-4779-a013-5b0fdc3aaee7@group-22F5320889A7-FollowerState] INFO  impl.FollowerState (FollowerState.java:run(143)) - 3ae4cb20-15ad-4779-a013-5b0fdc3aaee7@group-22F5320889A7-FollowerState was interrupted: {}
java.lang.InterruptedException: sleep interrupted
	at java.lang.Thread.sleep(Native Method)
	at java.lang.Thread.sleep(Thread.java:340)
	at java.util.concurrent.TimeUnit.sleep(TimeUnit.java:386)
	at org.apache.ratis.util.TimeDuration.sleep(TimeDuration.java:324)
	at org.apache.ratis.util.TimeDuration.sleep(TimeDuration.java:309)
	at org.apache.ratis.server.impl.FollowerState.run(FollowerState.java:118)
2021-11-05 13:00:36,479 [3ae4cb20-15ad-4779-a013-5b0fdc3aaee7@group-22F5320889A7-StateMachineUpdater] INFO  ratis.ContainerStateMachine (ContainerStateMachine.java:takeSnapshot(292)) - group-22F5320889A7: Taking a snapshot at:(t:2, i:0) file /home/runner/work/ozone/ozone/hadoop-ozone/integration-test/target/test-dir/MiniOzoneClusterImpl-bdf76210-3e21-404e-9e17-65b92aec9f1a/datanode-2/data/ratis/4477d87b-15ba-4f68-ae12-22f5320889a7/sm/snapshot.2_0
2021-11-05 13:00:36,484 [3ae4cb20-15ad-4779-a013-5b0fdc3aaee7@group-22F5320889A7-StateMachineUpdater] INFO  ratis.ContainerStateMachine (ContainerStateMachine.java:takeSnapshot(303)) - group-22F5320889A7: Finished taking a snapshot at:(t:2, i:0) file:/home/runner/work/ozone/ozone/hadoop-ozone/integration-test/target/test-dir/MiniOzoneClusterImpl-bdf76210-3e21-404e-9e17-65b92aec9f1a/datanode-2/data/ratis/4477d87b-15ba-4f68-ae12-22f5320889a7/sm/snapshot.2_0 took: 5 ms
2021-11-05 13:00:36,484 [3ae4cb20-15ad-4779-a013-5b0fdc3aaee7@group-22F5320889A7-StateMachineUpdater] INFO  impl.StateMachineUpdater (StateMachineUpdater.java:takeSnapshot(281)) - 3ae4cb20-15ad-4779-a013-5b0fdc3aaee7@group-22F5320889A7-StateMachineUpdater: Took a snapshot at index 0
2021-11-05 13:00:36,484 [3ae4cb20-15ad-4779-a013-5b0fdc3aaee7@group-22F5320889A7-StateMachineUpdater] INFO  impl.StateMachineUpdater (StateMachineUpdater.java:lambda$new$0(89)) - 3ae4cb20-15ad-4779-a013-5b0fdc3aaee7@group-22F5320889A7-StateMachineUpdater: snapshotIndex: updateIncreasingly -1 -> 0
2021-11-05 13:00:36,484 [Command processor thread] INFO  server.RaftServer$Division (ServerState.java:close(419)) - 3ae4cb20-15ad-4779-a013-5b0fdc3aaee7@group-22F5320889A7: closes. applyIndex: 0
2021-11-05 13:00:36,484 [3ae4cb20-15ad-4779-a013-5b0fdc3aaee7@group-22F5320889A7-SegmentedRaftLogWorker] INFO  segmented.SegmentedRaftLogWorker (SegmentedRaftLogWorker.java:run(327)) - 3ae4cb20-15ad-4779-a013-5b0fdc3aaee7@group-22F5320889A7-SegmentedRaftLogWorker was interrupted, exiting. There are 0 tasks remaining in the queue.
2021-11-05 13:00:36,500 [Command processor thread] INFO  segmented.SegmentedRaftLogWorker (SegmentedRaftLogWorker.java:close(237)) - 3ae4cb20-15ad-4779-a013-5b0fdc3aaee7@group-22F5320889A7-SegmentedRaftLogWorker close()
2021-11-05 13:00:36,509 [Command processor thread] INFO  server.RaftServer$Division (RaftServerImpl.java:groupRemove(382)) - 3ae4cb20-15ad-4779-a013-5b0fdc3aaee7@group-22F5320889A7: Succeed to remove RaftStorageDirectory Storage Directory /home/runner/work/ozone/ozone/hadoop-ozone/integration-test/target/test-dir/MiniOzoneClusterImpl-bdf76210-3e21-404e-9e17-65b92aec9f1a/datanode-2/data/ratis/4477d87b-15ba-4f68-ae12-22f5320889a7
2021-11-05 13:00:36,510 [Command processor thread] INFO  commandhandler.ClosePipelineCommandHandler (ClosePipelineCommandHandler.java:handle(78)) - Close Pipeline PipelineID=4477d87b-15ba-4f68-ae12-22f5320889a7 command on datanode 3ae4cb20-15ad-4779-a013-5b0fdc3aaee7.
2021-11-05 13:00:36,825 [grpc-default-executor-5] WARN  server.GrpcLogAppender (LogUtils.java:warn(122)) - fa45fd2a-a6ef-4106-9a44-777d17a8e8f4@group-22F5320889A7->76ef4e66-eace-4a3b-a369-d2a815523a61-AppendLogResponseHandler: Failed appendEntries: org.apache.ratis.thirdparty.io.grpc.StatusRuntimeException: UNAVAILABLE: io exception
2021-11-05 13:00:36,825 [grpc-default-executor-5] WARN  server.GrpcLogAppender (GrpcLogAppender.java:resetClient(110)) - fa45fd2a-a6ef-4106-9a44-777d17a8e8f4@group-22F5320889A7->76ef4e66-eace-4a3b-a369-d2a815523a61-GrpcLogAppender: Leader has not got in touch with Follower fa45fd2a-a6ef-4106-9a44-777d17a8e8f4@group-22F5320889A7->76ef4e66-eace-4a3b-a369-d2a815523a61(c0,m0,n1, attendVote=true, lastRpcSendTime=0, lastRpcResponseTime=17698) yet, just keep nextIndex unchanged and retry.
2021-11-05 13:00:37,088 [grpc-default-executor-5] WARN  server.GrpcLogAppender (LogUtils.java:warn(122)) - fa45fd2a-a6ef-4106-9a44-777d17a8e8f4@group-46A48FF2B846->76ef4e66-eace-4a3b-a369-d2a815523a61-AppendLogResponseHandler: Failed appendEntries: org.apache.ratis.thirdparty.io.grpc.StatusRuntimeException: UNAVAILABLE: io exception
2021-11-05 13:00:37,088 [grpc-default-executor-5] WARN  server.GrpcLogAppender (GrpcLogAppender.java:resetClient(110)) - fa45fd2a-a6ef-4106-9a44-777d17a8e8f4@group-46A48FF2B846->76ef4e66-eace-4a3b-a369-d2a815523a61-GrpcLogAppender: Leader has not got in touch with Follower fa45fd2a-a6ef-4106-9a44-777d17a8e8f4@group-46A48FF2B846->76ef4e66-eace-4a3b-a369-d2a815523a61(c-1,m0,n3, attendVote=true, lastRpcSendTime=0, lastRpcResponseTime=12857) yet, just keep nextIndex unchanged and retry.
2021-11-05 13:00:37,448 [Command processor thread] INFO  server.RaftServer (RaftServerProxy.java:remove(106)) - fa45fd2a-a6ef-4106-9a44-777d17a8e8f4: remove    LEADER fa45fd2a-a6ef-4106-9a44-777d17a8e8f4@group-46A48FF2B846:t2, leader=fa45fd2a-a6ef-4106-9a44-777d17a8e8f4, voted=fa45fd2a-a6ef-4106-9a44-777d17a8e8f4, raftlog=fa45fd2a-a6ef-4106-9a44-777d17a8e8f4@group-46A48FF2B846-SegmentedRaftLog:OPENED:c2, conf=1: [76ef4e66-eace-4a3b-a369-d2a815523a61|rpc:10.1.0.23:41987|dataStream:|priority:1, fa45fd2a-a6ef-4106-9a44-777d17a8e8f4|rpc:10.1.0.23:43989|dataStream:|priority:0, 3ae4cb20-15ad-4779-a013-5b0fdc3aaee7|rpc:10.1.0.23:35115|dataStream:|priority:0], old=null RUNNING
2021-11-05 13:00:37,448 [Command processor thread] INFO  server.RaftServer$Division (RaftServerImpl.java:lambda$close$4(412)) - fa45fd2a-a6ef-4106-9a44-777d17a8e8f4@group-46A48FF2B846: shutdown
2021-11-05 13:00:37,448 [Command processor thread] INFO  util.JmxRegister (JmxRegister.java:unregister(73)) - Successfully un-registered JMX Bean with object name Ratis:service=RaftServer,group=group-46A48FF2B846,id=fa45fd2a-a6ef-4106-9a44-777d17a8e8f4
2021-11-05 13:00:37,448 [Command processor thread] INFO  impl.RoleInfo (RoleInfo.java:shutdownLeaderState(91)) - fa45fd2a-a6ef-4106-9a44-777d17a8e8f4: shutdown fa45fd2a-a6ef-4106-9a44-777d17a8e8f4@group-46A48FF2B846-LeaderStateImpl
2021-11-05 13:00:37,448 [Command processor thread] INFO  impl.PendingRequests (PendingRequests.java:sendNotLeaderResponses(282)) - fa45fd2a-a6ef-4106-9a44-777d17a8e8f4@group-46A48FF2B846-PendingRequests: sendNotLeaderResponses
2021-11-05 13:00:37,448 [fa45fd2a-a6ef-4106-9a44-777d17a8e8f4@group-46A48FF2B846->3ae4cb20-15ad-4779-a013-5b0fdc3aaee7-GrpcLogAppender-LogAppenderDaemon] WARN  server.GrpcLogAppender (GrpcLogAppender.java:mayWait(177)) - fa45fd2a-a6ef-4106-9a44-777d17a8e8f4@group-46A48FF2B846->3ae4cb20-15ad-4779-a013-5b0fdc3aaee7-GrpcLogAppender: Wait interrupted by java.lang.InterruptedException
2021-11-05 13:00:37,451 [Command processor thread] INFO  impl.StateMachineUpdater (StateMachineUpdater.java:stopAndJoin(149)) - fa45fd2a-a6ef-4106-9a44-777d17a8e8f4@group-46A48FF2B846-StateMachineUpdater: set stopIndex = 2
2021-11-05 13:00:37,452 [fa45fd2a-a6ef-4106-9a44-777d17a8e8f4@group-46A48FF2B846-StateMachineUpdater] INFO  ratis.ContainerStateMachine (ContainerStateMachine.java:takeSnapshot(292)) - group-46A48FF2B846: Taking a snapshot at:(t:2, i:2) file /home/runner/work/ozone/ozone/hadoop-ozone/integration-test/target/test-dir/MiniOzoneClusterImpl-bdf76210-3e21-404e-9e17-65b92aec9f1a/datanode-1/data/ratis/31cdf347-9acf-41c8-b64f-46a48ff2b846/sm/snapshot.2_2
2021-11-05 13:00:37,457 [fa45fd2a-a6ef-4106-9a44-777d17a8e8f4@group-46A48FF2B846-StateMachineUpdater] INFO  ratis.ContainerStateMachine (ContainerStateMachine.java:takeSnapshot(303)) - group-46A48FF2B846: Finished taking a snapshot at:(t:2, i:2) file:/home/runner/work/ozone/ozone/hadoop-ozone/integration-test/target/test-dir/MiniOzoneClusterImpl-bdf76210-3e21-404e-9e17-65b92aec9f1a/datanode-1/data/ratis/31cdf347-9acf-41c8-b64f-46a48ff2b846/sm/snapshot.2_2 took: 5 ms
2021-11-05 13:00:37,457 [fa45fd2a-a6ef-4106-9a44-777d17a8e8f4@group-46A48FF2B846-StateMachineUpdater] INFO  impl.StateMachineUpdater (StateMachineUpdater.java:takeSnapshot(281)) - fa45fd2a-a6ef-4106-9a44-777d17a8e8f4@group-46A48FF2B846-StateMachineUpdater: Took a snapshot at index 2
2021-11-05 13:00:37,458 [fa45fd2a-a6ef-4106-9a44-777d17a8e8f4@group-46A48FF2B846-StateMachineUpdater] INFO  impl.StateMachineUpdater (StateMachineUpdater.java:lambda$new$0(89)) - fa45fd2a-a6ef-4106-9a44-777d17a8e8f4@group-46A48FF2B846-StateMachineUpdater: snapshotIndex: updateIncreasingly -1 -> 2
2021-11-05 13:00:37,458 [Command processor thread] INFO  server.RaftServer$Division (ServerState.java:close(419)) - fa45fd2a-a6ef-4106-9a44-777d17a8e8f4@group-46A48FF2B846: closes. applyIndex: 2
2021-11-05 13:00:37,458 [fa45fd2a-a6ef-4106-9a44-777d17a8e8f4@group-46A48FF2B846-SegmentedRaftLogWorker] INFO  segmented.SegmentedRaftLogWorker (SegmentedRaftLogWorker.java:run(327)) - fa45fd2a-a6ef-4106-9a44-777d17a8e8f4@group-46A48FF2B846-SegmentedRaftLogWorker was interrupted, exiting. There are 0 tasks remaining in the queue.
2021-11-05 13:00:37,466 [Command processor thread] INFO  segmented.SegmentedRaftLogWorker (SegmentedRaftLogWorker.java:close(237)) - fa45fd2a-a6ef-4106-9a44-777d17a8e8f4@group-46A48FF2B846-SegmentedRaftLogWorker close()
2021-11-05 13:00:37,468 [grpc-default-executor-3] INFO  server.GrpcServerProtocolService (GrpcServerProtocolService.java:onCompleted(140)) - 3ae4cb20-15ad-4779-a013-5b0fdc3aaee7: Completed APPEND_ENTRIES, lastRequest: fa45fd2a-a6ef-4106-9a44-777d17a8e8f4->3ae4cb20-15ad-4779-a013-5b0fdc3aaee7#2-t2,previous=(t:2, i:1),leaderCommit=1,initializing? true,entries: size=1, first=(t:2, i:2), METADATAENTRY(c:1)
2021-11-05 13:00:37,468 [grpc-default-executor-5] INFO  server.GrpcLogAppender (GrpcLogAppender.java:onCompleted(346)) - fa45fd2a-a6ef-4106-9a44-777d17a8e8f4@group-46A48FF2B846->3ae4cb20-15ad-4779-a013-5b0fdc3aaee7-AppendLogResponseHandler: follower responses appendEntries COMPLETED
2021-11-05 13:00:37,469 [grpc-default-executor-5] INFO  leader.FollowerInfo (FollowerInfoImpl.java:lambda$new$0(47)) - fa45fd2a-a6ef-4106-9a44-777d17a8e8f4@group-46A48FF2B846->3ae4cb20-15ad-4779-a013-5b0fdc3aaee7: nextIndex: updateUnconditionally 3 -> 2
2021-11-05 13:00:37,474 [Command processor thread] INFO  server.RaftServer$Division (RaftServerImpl.java:groupRemove(382)) - fa45fd2a-a6ef-4106-9a44-777d17a8e8f4@group-46A48FF2B846: Succeed to remove RaftStorageDirectory Storage Directory /home/runner/work/ozone/ozone/hadoop-ozone/integration-test/target/test-dir/MiniOzoneClusterImpl-bdf76210-3e21-404e-9e17-65b92aec9f1a/datanode-1/data/ratis/31cdf347-9acf-41c8-b64f-46a48ff2b846
2021-11-05 13:00:37,474 [Command processor thread] INFO  commandhandler.ClosePipelineCommandHandler (ClosePipelineCommandHandler.java:handle(78)) - Close Pipeline PipelineID=31cdf347-9acf-41c8-b64f-46a48ff2b846 command on datanode fa45fd2a-a6ef-4106-9a44-777d17a8e8f4.
2021-11-05 13:00:37,474 [Command processor thread] INFO  server.RaftServer (RaftServerProxy.java:remove(106)) - fa45fd2a-a6ef-4106-9a44-777d17a8e8f4: remove  FOLLOWER fa45fd2a-a6ef-4106-9a44-777d17a8e8f4@group-5D93FA255116:t2, leader=3ae4cb20-15ad-4779-a013-5b0fdc3aaee7, voted=3ae4cb20-15ad-4779-a013-5b0fdc3aaee7, raftlog=fa45fd2a-a6ef-4106-9a44-777d17a8e8f4@group-5D93FA255116-SegmentedRaftLog:OPENED:c0, conf=0: [76ef4e66-eace-4a3b-a369-d2a815523a61|rpc:10.1.0.23:41987|dataStream:|priority:0, fa45fd2a-a6ef-4106-9a44-777d17a8e8f4|rpc:10.1.0.23:43989|dataStream:|priority:0, 3ae4cb20-15ad-4779-a013-5b0fdc3aaee7|rpc:10.1.0.23:35115|dataStream:|priority:1], old=null RUNNING
2021-11-05 13:00:37,474 [Command processor thread] INFO  server.RaftServer$Division (RaftServerImpl.java:lambda$close$4(412)) - fa45fd2a-a6ef-4106-9a44-777d17a8e8f4@group-5D93FA255116: shutdown
2021-11-05 13:00:37,475 [Command processor thread] INFO  util.JmxRegister (JmxRegister.java:unregister(73)) - Successfully un-registered JMX Bean with object name Ratis:service=RaftServer,group=group-5D93FA255116,id=fa45fd2a-a6ef-4106-9a44-777d17a8e8f4
2021-11-05 13:00:37,475 [Command processor thread] INFO  impl.RoleInfo (RoleInfo.java:shutdownFollowerState(108)) - fa45fd2a-a6ef-4106-9a44-777d17a8e8f4: shutdown fa45fd2a-a6ef-4106-9a44-777d17a8e8f4@group-5D93FA255116-FollowerState
2021-11-05 13:00:37,475 [fa45fd2a-a6ef-4106-9a44-777d17a8e8f4@group-5D93FA255116-FollowerState] INFO  impl.FollowerState (FollowerState.java:run(143)) - fa45fd2a-a6ef-4106-9a44-777d17a8e8f4@group-5D93FA255116-FollowerState was interrupted: {}
java.lang.InterruptedException: sleep interrupted
	at java.lang.Thread.sleep(Native Method)
	at java.lang.Thread.sleep(Thread.java:340)
	at java.util.concurrent.TimeUnit.sleep(TimeUnit.java:386)
	at org.apache.ratis.util.TimeDuration.sleep(TimeDuration.java:324)
	at org.apache.ratis.util.TimeDuration.sleep(TimeDuration.java:309)
	at org.apache.ratis.server.impl.FollowerState.run(FollowerState.java:118)
2021-11-05 13:00:37,475 [fa45fd2a-a6ef-4106-9a44-777d17a8e8f4@group-5D93FA255116-StateMachineUpdater] INFO  ratis.ContainerStateMachine (ContainerStateMachine.java:takeSnapshot(292)) - group-5D93FA255116: Taking a snapshot at:(t:2, i:0) file /home/runner/work/ozone/ozone/hadoop-ozone/integration-test/target/test-dir/MiniOzoneClusterImpl-bdf76210-3e21-404e-9e17-65b92aec9f1a/datanode-1/data/ratis/bb7091f3-c5ce-4e13-86bd-5d93fa255116/sm/snapshot.2_0
2021-11-05 13:00:37,475 [Command processor thread] INFO  impl.StateMachineUpdater (StateMachineUpdater.java:stopAndJoin(149)) - fa45fd2a-a6ef-4106-9a44-777d17a8e8f4@group-5D93FA255116-StateMachineUpdater: set stopIndex = 0
2021-11-05 13:00:37,476 [fa45fd2a-a6ef-4106-9a44-777d17a8e8f4@group-5D93FA255116-StateMachineUpdater] INFO  ratis.ContainerStateMachine (ContainerStateMachine.java:takeSnapshot(303)) - group-5D93FA255116: Finished taking a snapshot at:(t:2, i:0) file:/home/runner/work/ozone/ozone/hadoop-ozone/integration-test/target/test-dir/MiniOzoneClusterImpl-bdf76210-3e21-404e-9e17-65b92aec9f1a/datanode-1/data/ratis/bb7091f3-c5ce-4e13-86bd-5d93fa255116/sm/snapshot.2_0 took: 1 ms
2021-11-05 13:00:37,476 [fa45fd2a-a6ef-4106-9a44-777d17a8e8f4@group-5D93FA255116-StateMachineUpdater] INFO  impl.StateMachineUpdater (StateMachineUpdater.java:takeSnapshot(281)) - fa45fd2a-a6ef-4106-9a44-777d17a8e8f4@group-5D93FA255116-StateMachineUpdater: Took a snapshot at index 0
2021-11-05 13:00:37,476 [fa45fd2a-a6ef-4106-9a44-777d17a8e8f4@group-5D93FA255116-StateMachineUpdater] INFO  impl.StateMachineUpdater (StateMachineUpdater.java:lambda$new$0(89)) - fa45fd2a-a6ef-4106-9a44-777d17a8e8f4@group-5D93FA255116-StateMachineUpdater: snapshotIndex: updateIncreasingly -1 -> 0
2021-11-05 13:00:37,480 [Command processor thread] INFO  server.RaftServer$Division (ServerState.java:close(419)) - fa45fd2a-a6ef-4106-9a44-777d17a8e8f4@group-5D93FA255116: closes. applyIndex: 0
2021-11-05 13:00:37,482 [fa45fd2a-a6ef-4106-9a44-777d17a8e8f4@group-5D93FA255116-SegmentedRaftLogWorker] INFO  segmented.SegmentedRaftLogWorker (SegmentedRaftLogWorker.java:run(327)) - fa45fd2a-a6ef-4106-9a44-777d17a8e8f4@group-5D93FA255116-SegmentedRaftLogWorker was interrupted, exiting. There are 0 tasks remaining in the queue.
2021-11-05 13:00:37,502 [Command processor thread] INFO  segmented.SegmentedRaftLogWorker (SegmentedRaftLogWorker.java:close(237)) - fa45fd2a-a6ef-4106-9a44-777d17a8e8f4@group-5D93FA255116-SegmentedRaftLogWorker close()
2021-11-05 13:00:37,517 [Command processor thread] INFO  server.RaftServer$Division (RaftServerImpl.java:groupRemove(382)) - fa45fd2a-a6ef-4106-9a44-777d17a8e8f4@group-5D93FA255116: Succeed to remove RaftStorageDirectory Storage Directory /home/runner/work/ozone/ozone/hadoop-ozone/integration-test/target/test-dir/MiniOzoneClusterImpl-bdf76210-3e21-404e-9e17-65b92aec9f1a/datanode-1/data/ratis/bb7091f3-c5ce-4e13-86bd-5d93fa255116
2021-11-05 13:00:37,518 [Command processor thread] INFO  commandhandler.ClosePipelineCommandHandler (ClosePipelineCommandHandler.java:handle(78)) - Close Pipeline PipelineID=bb7091f3-c5ce-4e13-86bd-5d93fa255116 command on datanode fa45fd2a-a6ef-4106-9a44-777d17a8e8f4.
2021-11-05 13:00:37,518 [Command processor thread] INFO  server.RaftServer (RaftServerProxy.java:remove(106)) - fa45fd2a-a6ef-4106-9a44-777d17a8e8f4: remove    LEADER fa45fd2a-a6ef-4106-9a44-777d17a8e8f4@group-22F5320889A7:t2, leader=fa45fd2a-a6ef-4106-9a44-777d17a8e8f4, voted=fa45fd2a-a6ef-4106-9a44-777d17a8e8f4, raftlog=fa45fd2a-a6ef-4106-9a44-777d17a8e8f4@group-22F5320889A7-SegmentedRaftLog:OPENED:c0, conf=0: [76ef4e66-eace-4a3b-a369-d2a815523a61|rpc:10.1.0.23:41987|dataStream:|priority:0, fa45fd2a-a6ef-4106-9a44-777d17a8e8f4|rpc:10.1.0.23:43989|dataStream:|priority:1, 3ae4cb20-15ad-4779-a013-5b0fdc3aaee7|rpc:10.1.0.23:35115|dataStream:|priority:0], old=null RUNNING
2021-11-05 13:00:37,518 [Command processor thread] INFO  server.RaftServer$Division (RaftServerImpl.java:lambda$close$4(412)) - fa45fd2a-a6ef-4106-9a44-777d17a8e8f4@group-22F5320889A7: shutdown
2021-11-05 13:00:37,518 [Command processor thread] INFO  util.JmxRegister (JmxRegister.java:unregister(73)) - Successfully un-registered JMX Bean with object name Ratis:service=RaftServer,group=group-22F5320889A7,id=fa45fd2a-a6ef-4106-9a44-777d17a8e8f4
2021-11-05 13:00:37,518 [Command processor thread] INFO  impl.RoleInfo (RoleInfo.java:shutdownLeaderState(91)) - fa45fd2a-a6ef-4106-9a44-777d17a8e8f4: shutdown fa45fd2a-a6ef-4106-9a44-777d17a8e8f4@group-22F5320889A7-LeaderStateImpl
2021-11-05 13:00:37,518 [fa45fd2a-a6ef-4106-9a44-777d17a8e8f4@group-22F5320889A7->3ae4cb20-15ad-4779-a013-5b0fdc3aaee7-GrpcLogAppender-LogAppenderDaemon] WARN  server.GrpcLogAppender (GrpcLogAppender.java:mayWait(177)) - fa45fd2a-a6ef-4106-9a44-777d17a8e8f4@group-22F5320889A7->3ae4cb20-15ad-4779-a013-5b0fdc3aaee7-GrpcLogAppender: Wait interrupted by java.lang.InterruptedException
2021-11-05 13:00:37,522 [Command processor thread] INFO  impl.PendingRequests (PendingRequests.java:sendNotLeaderResponses(282)) - fa45fd2a-a6ef-4106-9a44-777d17a8e8f4@group-22F5320889A7-PendingRequests: sendNotLeaderResponses
2021-11-05 13:00:37,523 [Command processor thread] INFO  impl.StateMachineUpdater (StateMachineUpdater.java:stopAndJoin(149)) - fa45fd2a-a6ef-4106-9a44-777d17a8e8f4@group-22F5320889A7-StateMachineUpdater: set stopIndex = 0
2021-11-05 13:00:37,523 [fa45fd2a-a6ef-4106-9a44-777d17a8e8f4@group-22F5320889A7-StateMachineUpdater] INFO  ratis.ContainerStateMachine (ContainerStateMachine.java:takeSnapshot(292)) - group-22F5320889A7: Taking a snapshot at:(t:2, i:0) file /home/runner/work/ozone/ozone/hadoop-ozone/integration-test/target/test-dir/MiniOzoneClusterImpl-bdf76210-3e21-404e-9e17-65b92aec9f1a/datanode-1/data/ratis/4477d87b-15ba-4f68-ae12-22f5320889a7/sm/snapshot.2_0
2021-11-05 13:00:37,524 [grpc-default-executor-5] INFO  server.GrpcServerProtocolService (GrpcServerProtocolService.java:onCompleted(140)) - 3ae4cb20-15ad-4779-a013-5b0fdc3aaee7: Completed APPEND_ENTRIES, lastRequest: fa45fd2a-a6ef-4106-9a44-777d17a8e8f4->3ae4cb20-15ad-4779-a013-5b0fdc3aaee7#1-t2,previous=(t:0, i:0),leaderCommit=0,initializing? true,entries: size=1, first=(t:2, i:0), CONFIGURATIONENTRY
2021-11-05 13:00:37,524 [grpc-default-executor-3] INFO  server.GrpcLogAppender (GrpcLogAppender.java:onCompleted(346)) - fa45fd2a-a6ef-4106-9a44-777d17a8e8f4@group-22F5320889A7->3ae4cb20-15ad-4779-a013-5b0fdc3aaee7-AppendLogResponseHandler: follower responses appendEntries COMPLETED
2021-11-05 13:00:37,524 [grpc-default-executor-3] INFO  leader.FollowerInfo (FollowerInfoImpl.java:lambda$new$0(47)) - fa45fd2a-a6ef-4106-9a44-777d17a8e8f4@group-22F5320889A7->3ae4cb20-15ad-4779-a013-5b0fdc3aaee7: nextIndex: updateUnconditionally 1 -> 0
2021-11-05 13:00:37,524 [fa45fd2a-a6ef-4106-9a44-777d17a8e8f4@group-22F5320889A7-StateMachineUpdater] INFO  ratis.ContainerStateMachine (ContainerStateMachine.java:takeSnapshot(303)) - group-22F5320889A7: Finished taking a snapshot at:(t:2, i:0) file:/home/runner/work/ozone/ozone/hadoop-ozone/integration-test/target/test-dir/MiniOzoneClusterImpl-bdf76210-3e21-404e-9e17-65b92aec9f1a/datanode-1/data/ratis/4477d87b-15ba-4f68-ae12-22f5320889a7/sm/snapshot.2_0 took: 1 ms
2021-11-05 13:00:37,525 [fa45fd2a-a6ef-4106-9a44-777d17a8e8f4@group-22F5320889A7-StateMachineUpdater] INFO  impl.StateMachineUpdater (StateMachineUpdater.java:takeSnapshot(281)) - fa45fd2a-a6ef-4106-9a44-777d17a8e8f4@group-22F5320889A7-StateMachineUpdater: Took a snapshot at index 0
2021-11-05 13:00:37,525 [fa45fd2a-a6ef-4106-9a44-777d17a8e8f4@group-22F5320889A7-StateMachineUpdater] INFO  impl.StateMachineUpdater (StateMachineUpdater.java:lambda$new$0(89)) - fa45fd2a-a6ef-4106-9a44-777d17a8e8f4@group-22F5320889A7-StateMachineUpdater: snapshotIndex: updateIncreasingly -1 -> 0
2021-11-05 13:00:37,525 [Command processor thread] INFO  server.RaftServer$Division (ServerState.java:close(419)) - fa45fd2a-a6ef-4106-9a44-777d17a8e8f4@group-22F5320889A7: closes. applyIndex: 0
2021-11-05 13:00:37,538 [fa45fd2a-a6ef-4106-9a44-777d17a8e8f4@group-22F5320889A7-SegmentedRaftLogWorker] INFO  segmented.SegmentedRaftLogWorker (SegmentedRaftLogWorker.java:run(327)) - fa45fd2a-a6ef-4106-9a44-777d17a8e8f4@group-22F5320889A7-SegmentedRaftLogWorker was interrupted, exiting. There are 0 tasks remaining in the queue.
2021-11-05 13:00:37,539 [Command processor thread] INFO  segmented.SegmentedRaftLogWorker (SegmentedRaftLogWorker.java:close(237)) - fa45fd2a-a6ef-4106-9a44-777d17a8e8f4@group-22F5320889A7-SegmentedRaftLogWorker close()
2021-11-05 13:00:37,546 [Command processor thread] INFO  server.RaftServer$Division (RaftServerImpl.java:groupRemove(382)) - fa45fd2a-a6ef-4106-9a44-777d17a8e8f4@group-22F5320889A7: Succeed to remove RaftStorageDirectory Storage Directory /home/runner/work/ozone/ozone/hadoop-ozone/integration-test/target/test-dir/MiniOzoneClusterImpl-bdf76210-3e21-404e-9e17-65b92aec9f1a/datanode-1/data/ratis/4477d87b-15ba-4f68-ae12-22f5320889a7
2021-11-05 13:00:37,546 [Command processor thread] INFO  commandhandler.ClosePipelineCommandHandler (ClosePipelineCommandHandler.java:handle(78)) - Close Pipeline PipelineID=4477d87b-15ba-4f68-ae12-22f5320889a7 command on datanode fa45fd2a-a6ef-4106-9a44-777d17a8e8f4.
2021-11-05 13:00:55,360 [Listener at 127.0.0.1/42119] WARN  io.KeyOutputStream (KeyOutputStream.java:handleException(310)) - Encountered exception java.io.IOException: Unexpected Storage Container Exception: java.util.concurrent.CompletionException: Failed to write chunk 107544261427200001_chunk_6 into block conID: 1 locID: 107544261427200001 bcsId: 9 on the pipeline Pipeline[ Id: e2469dc0-4f58-4d76-a3f8-05b35d5aa406, Nodes: 76ef4e66-eace-4a3b-a369-d2a815523a61{ip: 10.1.0.23, host: fv-az151-875.yf2hydr00wburbhx3j5hxtcipe.bx.internal.cloudapp.net, ports: [REPLICATION=43087, RATIS=41987, RATIS_ADMIN=41987, RATIS_SERVER=41987, STANDALONE=45779], networkLocation: /default-rack, certSerialId: null, persistedOpState: IN_SERVICE, persistedOpStateExpiryEpochSec: 0}, ReplicationConfig: RATIS/ONE, State:OPEN, leaderId:76ef4e66-eace-4a3b-a369-d2a815523a61, CreationTimestamp2021-11-05T13:00:04.792Z[Etc/UTC]]. The last committed block length is 500, uncommitted data length is 300 retry count 0
2021-11-05 13:00:55,959 [Listener at 127.0.0.1/42119] WARN  impl.MetricRegistriesImpl (MetricRegistriesImpl.java:addReporterRegistration(111)) - New reporters are added after registries were created. Some metrics will be missing from the reporter. Please add reporter before adding any new registry.
2021-11-05 13:00:55,959 [Listener at 127.0.0.1/42119] WARN  impl.MetricRegistriesImpl (MetricRegistriesImpl.java:addReporterRegistration(111)) - New reporters are added after registries were created. Some metrics will be missing from the reporter. Please add reporter before adding any new registry.
2021-11-05 13:00:55,959 [Listener at 127.0.0.1/42119] INFO  impl.MetricsSystemImpl (MetricsSystemImpl.java:init(158)) - HddsDatanode metrics system started (again)
2021-11-05 13:00:56,030 [Listener at 127.0.0.1/42119] INFO  ozone.HddsDatanodeService (HddsDatanodeService.java:start(234)) - HddsDatanodeService host:fv-az151-875.yf2hydr00wburbhx3j5hxtcipe.bx.internal.cloudapp.net ip:10.1.0.23
2021-11-05 13:00:56,101 [Listener at 127.0.0.1/42119] INFO  upgrade.AbstractLayoutVersionManager (AbstractLayoutVersionManager.java:init(79)) - Initializing Layout version manager with metadata layout = SCM_HA (version = 2), software layout = SCM_HA (version = 2)
2021-11-05 13:00:56,320 [Listener at 127.0.0.1/42119] INFO  reflections.Reflections (Reflections.java:scan(232)) - Reflections took 218 ms to scan 7 urls, producing 119 keys and 279 values 
2021-11-05 13:00:56,338 [Listener at 127.0.0.1/42119] INFO  statemachine.DatanodeStateMachine (DatanodeStateMachine.java:getEndPointTaskThreadPoolSize(219)) - Datanode State Machine Task Thread Pool size 2
2021-11-05 13:00:56,339 [Listener at 127.0.0.1/42119] INFO  volume.HddsVolume (HddsVolume.java:<init>(120)) - Creating HddsVolume: /home/runner/work/ozone/ozone/hadoop-ozone/integration-test/target/test-dir/MiniOzoneClusterImpl-bdf76210-3e21-404e-9e17-65b92aec9f1a/datanode-0/data-0/containers/hdds of storage type : DISK capacity : 9223372036854775807
2021-11-05 13:00:56,340 [Listener at 127.0.0.1/42119] INFO  volume.MutableVolumeSet (MutableVolumeSet.java:initializeVolumeSet(168)) - Added Volume : /home/runner/work/ozone/ozone/hadoop-ozone/integration-test/target/test-dir/MiniOzoneClusterImpl-bdf76210-3e21-404e-9e17-65b92aec9f1a/datanode-0/data-0/containers/hdds to VolumeSet
2021-11-05 13:00:56,340 [Listener at 127.0.0.1/42119] INFO  volume.ThrottledAsyncChecker (ThrottledAsyncChecker.java:schedule(141)) - Scheduling a check for /home/runner/work/ozone/ozone/hadoop-ozone/integration-test/target/test-dir/MiniOzoneClusterImpl-bdf76210-3e21-404e-9e17-65b92aec9f1a/datanode-0/data-0/containers/hdds
2021-11-05 13:00:56,341 [Listener at 127.0.0.1/42119] INFO  volume.StorageVolumeChecker (StorageVolumeChecker.java:checkAllVolumes(202)) - Scheduled health check for volume /home/runner/work/ozone/ozone/hadoop-ozone/integration-test/target/test-dir/MiniOzoneClusterImpl-bdf76210-3e21-404e-9e17-65b92aec9f1a/datanode-0/data-0/containers/hdds
2021-11-05 13:00:56,355 [Listener at 127.0.0.1/42119] INFO  volume.MutableVolumeSet (MutableVolumeSet.java:initializeVolumeSet(168)) - Added Volume : /home/runner/work/ozone/ozone/hadoop-ozone/integration-test/target/test-dir/MiniOzoneClusterImpl-bdf76210-3e21-404e-9e17-65b92aec9f1a/datanode-0/data/ratis to VolumeSet
2021-11-05 13:00:56,355 [Listener at 127.0.0.1/42119] INFO  volume.ThrottledAsyncChecker (ThrottledAsyncChecker.java:schedule(141)) - Scheduling a check for /home/runner/work/ozone/ozone/hadoop-ozone/integration-test/target/test-dir/MiniOzoneClusterImpl-bdf76210-3e21-404e-9e17-65b92aec9f1a/datanode-0/data/ratis
2021-11-05 13:00:56,382 [Listener at 127.0.0.1/42119] INFO  volume.StorageVolumeChecker (StorageVolumeChecker.java:checkAllVolumes(202)) - Scheduled health check for volume /home/runner/work/ozone/ozone/hadoop-ozone/integration-test/target/test-dir/MiniOzoneClusterImpl-bdf76210-3e21-404e-9e17-65b92aec9f1a/datanode-0/data/ratis
2021-11-05 13:00:56,417 [Thread-2099] INFO  ozoneimpl.ContainerReader (ContainerReader.java:readVolume(142)) - Start to verify containers on volume /home/runner/work/ozone/ozone/hadoop-ozone/integration-test/target/test-dir/MiniOzoneClusterImpl-bdf76210-3e21-404e-9e17-65b92aec9f1a/datanode-0/data-0/containers/hdds
2021-11-05 13:00:56,494 [Thread-2099] INFO  ozoneimpl.ContainerReader (ContainerReader.java:readVolume(172)) - Finish verifying containers on volume /home/runner/work/ozone/ozone/hadoop-ozone/integration-test/target/test-dir/MiniOzoneClusterImpl-bdf76210-3e21-404e-9e17-65b92aec9f1a/datanode-0/data-0/containers/hdds
2021-11-05 13:00:56,495 [Listener at 127.0.0.1/42119] INFO  ozoneimpl.OzoneContainer (OzoneContainer.java:buildContainerSet(236)) - Build ContainerSet costs 0s
2021-11-05 13:00:56,496 [Listener at 127.0.0.1/42119] INFO  server.RaftServer (ConfUtils.java:logGet(44)) - raft.rpc.type = GRPC (default)
2021-11-05 13:00:56,496 [Listener at 127.0.0.1/42119] INFO  grpc.GrpcFactory (GrpcFactory.java:checkPooledByteBufAllocatorUseCacheForAllThreads(48)) - PERFORMANCE WARNING: useCacheForAllThreads is true that may cause Netty to create a lot garbage objects and, as a result, trigger GC.
	It is recommended to disable useCacheForAllThreads by setting -Dorg.apache.ratis.thirdparty.io.netty.allocator.useCacheForAllThreads=false in command line.
2021-11-05 13:00:56,497 [Listener at 127.0.0.1/42119] INFO  grpc.GrpcConfigKeys (ConfUtils.java:logGet(44)) - raft.grpc.admin.port = 41987 (custom)
2021-11-05 13:00:56,497 [Listener at 127.0.0.1/42119] INFO  grpc.GrpcConfigKeys (ConfUtils.java:logGet(44)) - raft.grpc.client.port = 41987 (custom)
2021-11-05 13:00:56,497 [Listener at 127.0.0.1/42119] INFO  grpc.GrpcConfigKeys (ConfUtils.java:logGet(44)) - raft.grpc.server.port = 41987 (custom)
2021-11-05 13:00:56,497 [Listener at 127.0.0.1/42119] INFO  server.GrpcService (ConfUtils.java:logGet(44)) - raft.grpc.message.size.max = 32MB (=33554432) (custom)
2021-11-05 13:00:56,497 [Listener at 127.0.0.1/42119] INFO  server.RaftServerConfigKeys (ConfUtils.java:logGet(44)) - raft.server.log.appender.buffer.byte-limit = 33554432 (custom)
2021-11-05 13:00:56,497 [Listener at 127.0.0.1/42119] INFO  server.GrpcService (ConfUtils.java:logGet(44)) - raft.grpc.flow.control.window = 5MB (=5242880) (custom)
2021-11-05 13:00:56,497 [Listener at 127.0.0.1/42119] INFO  server.RaftServerConfigKeys (ConfUtils.java:logGet(44)) - raft.server.rpc.request.timeout = 3000ms (default)
2021-11-05 13:00:56,498 [Listener at 127.0.0.1/42119] INFO  impl.DataStreamServerImpl (ConfUtils.java:logGet(44)) - raft.datastream.type = DISABLED (default)
2021-11-05 13:00:56,498 [Listener at 127.0.0.1/42119] INFO  server.RaftServerConfigKeys (ConfUtils.java:logGet(44)) - raft.server.rpc.slowness.timeout = 300000ms (custom)
2021-11-05 13:00:56,498 [Listener at 127.0.0.1/42119] INFO  server.RaftServerConfigKeys (ConfUtils.java:logGet(44)) - raft.server.leaderelection.leader.step-down.wait-time = 10s (default)
2021-11-05 13:00:56,498 [Listener at 127.0.0.1/42119] INFO  server.RaftServerConfigKeys (ConfUtils.java:logGet(44)) - raft.server.storage.dir = [/home/runner/work/ozone/ozone/hadoop-ozone/integration-test/target/test-dir/MiniOzoneClusterImpl-bdf76210-3e21-404e-9e17-65b92aec9f1a/datanode-0/data/ratis] (custom)
2021-11-05 13:00:56,499 [Listener at 127.0.0.1/42119] INFO  server.RaftServer (RaftServerProxy.java:lambda$null$1(235)) - 76ef4e66-eace-4a3b-a369-d2a815523a61: found a subdirectory /home/runner/work/ozone/ozone/hadoop-ozone/integration-test/target/test-dir/MiniOzoneClusterImpl-bdf76210-3e21-404e-9e17-65b92aec9f1a/datanode-0/data/ratis/e2469dc0-4f58-4d76-a3f8-05b35d5aa406
2021-11-05 13:00:56,499 [Listener at 127.0.0.1/42119] INFO  server.RaftServer (RaftServerProxy.java:addNew(95)) - 76ef4e66-eace-4a3b-a369-d2a815523a61: addNew group-05B35D5AA406:[] returns group-05B35D5AA406:java.util.concurrent.CompletableFuture@4399ddf2[Not completed]
2021-11-05 13:00:56,499 [Listener at 127.0.0.1/42119] INFO  server.RaftServer (RaftServerProxy.java:lambda$null$1(235)) - 76ef4e66-eace-4a3b-a369-d2a815523a61: found a subdirectory /home/runner/work/ozone/ozone/hadoop-ozone/integration-test/target/test-dir/MiniOzoneClusterImpl-bdf76210-3e21-404e-9e17-65b92aec9f1a/datanode-0/data/ratis/bb7091f3-c5ce-4e13-86bd-5d93fa255116
2021-11-05 13:00:56,499 [Listener at 127.0.0.1/42119] INFO  server.RaftServer (RaftServerProxy.java:addNew(95)) - 76ef4e66-eace-4a3b-a369-d2a815523a61: addNew group-5D93FA255116:[] returns group-5D93FA255116:java.util.concurrent.CompletableFuture@6d87e10f[Not completed]
2021-11-05 13:00:56,499 [Listener at 127.0.0.1/42119] INFO  server.RaftServer (RaftServerProxy.java:lambda$null$1(235)) - 76ef4e66-eace-4a3b-a369-d2a815523a61: found a subdirectory /home/runner/work/ozone/ozone/hadoop-ozone/integration-test/target/test-dir/MiniOzoneClusterImpl-bdf76210-3e21-404e-9e17-65b92aec9f1a/datanode-0/data/ratis/31cdf347-9acf-41c8-b64f-46a48ff2b846
2021-11-05 13:00:56,499 [Listener at 127.0.0.1/42119] INFO  server.RaftServer (RaftServerProxy.java:addNew(95)) - 76ef4e66-eace-4a3b-a369-d2a815523a61: addNew group-46A48FF2B846:[] returns group-46A48FF2B846:java.util.concurrent.CompletableFuture@7234dc3[Not completed]
2021-11-05 13:00:56,499 [Listener at 127.0.0.1/42119] INFO  server.RaftServer (RaftServerProxy.java:lambda$null$1(235)) - 76ef4e66-eace-4a3b-a369-d2a815523a61: found a subdirectory /home/runner/work/ozone/ozone/hadoop-ozone/integration-test/target/test-dir/MiniOzoneClusterImpl-bdf76210-3e21-404e-9e17-65b92aec9f1a/datanode-0/data/ratis/4477d87b-15ba-4f68-ae12-22f5320889a7
2021-11-05 13:00:56,500 [Listener at 127.0.0.1/42119] INFO  server.RaftServer (RaftServerProxy.java:addNew(95)) - 76ef4e66-eace-4a3b-a369-d2a815523a61: addNew group-22F5320889A7:[] returns group-22F5320889A7:java.util.concurrent.CompletableFuture@6ad14316[Not completed]
2021-11-05 13:00:56,502 [pool-693-thread-1] INFO  server.RaftServer$Division (RaftServerImpl.java:<init>(184)) - 76ef4e66-eace-4a3b-a369-d2a815523a61: new RaftServerImpl for group-05B35D5AA406:[] with ContainerStateMachine:uninitialized
2021-11-05 13:00:56,566 [Listener at 127.0.0.1/42119] INFO  http.BaseHttpServer (BaseHttpServer.java:newHttpServer2BuilderForOzone(209)) - Starting Web-server for hddsDatanode at: http://0.0.0.0:42167
2021-11-05 13:00:56,566 [Listener at 127.0.0.1/42119] INFO  http.BaseHttpServer (BaseHttpServer.java:<init>(107)) - Hadoop Security Enabled: false Ozone Security Enabled: false Ozone HTTP Security Enabled: false 
2021-11-05 13:00:56,567 [Listener at 127.0.0.1/42119] INFO  server.AuthenticationFilter (AuthenticationFilter.java:constructSecretProvider(240)) - Unable to initialize FileSignerSecretProvider, falling back to use random secrets.
2021-11-05 13:00:56,600 [Listener at 127.0.0.1/42119] WARN  http.HttpRequestLog (HttpRequestLog.java:getRequestLog(103)) - Jetty request log can only be enabled using Log4j
2021-11-05 13:00:56,601 [Listener at 127.0.0.1/42119] INFO  http.HttpServer2 (HttpServer2.java:addGlobalFilter(1030)) - Added global filter 'safety' (class=org.apache.hadoop.hdds.server.http.HttpServer2$QuotingInputFilter)
2021-11-05 13:00:56,601 [Listener at 127.0.0.1/42119] INFO  http.HttpServer2 (HttpServer2.java:addFilter(1006)) - Added filter static_user_filter (class=org.apache.hadoop.http.lib.StaticUserWebFilter$StaticUserFilter) to context hddsDatanode
2021-11-05 13:00:56,601 [Listener at 127.0.0.1/42119] INFO  http.HttpServer2 (HttpServer2.java:addFilter(1014)) - Added filter static_user_filter (class=org.apache.hadoop.http.lib.StaticUserWebFilter$StaticUserFilter) to context logs
2021-11-05 13:00:56,601 [Listener at 127.0.0.1/42119] INFO  http.HttpServer2 (HttpServer2.java:addFilter(1014)) - Added filter static_user_filter (class=org.apache.hadoop.http.lib.StaticUserWebFilter$StaticUserFilter) to context static
2021-11-05 13:00:56,602 [Listener at 127.0.0.1/42119] INFO  http.HttpServer2 (HttpServer2.java:bindListener(1249)) - Jetty bound to port 42167
2021-11-05 13:00:56,602 [Listener at 127.0.0.1/42119] INFO  server.Server (Server.java:doStart(375)) - jetty-9.4.43.v20210629; built: 2021-06-30T11:07:22.254Z; git: 526006ecfa3af7f1a27ef3a288e2bef7ea9dd7e8; jvm 1.8.0_292-b10
2021-11-05 13:00:56,652 [pool-693-thread-1] INFO  server.RaftServerConfigKeys (ConfUtils.java:logGet(44)) - raft.server.rpc.timeout.min = 5s (custom)
2021-11-05 13:00:56,652 [pool-693-thread-1] INFO  server.RaftServerConfigKeys (ConfUtils.java:logGet(44)) - raft.server.rpc.timeout.max = 5200ms (custom)
2021-11-05 13:00:56,652 [pool-693-thread-1] INFO  server.RaftServerConfigKeys (ConfUtils.java:logGet(44)) - raft.server.rpc.sleep.time = 25ms (default)
2021-11-05 13:00:56,652 [pool-693-thread-1] INFO  server.RaftServerConfigKeys (ConfUtils.java:logGet(44)) - raft.server.rpc.slowness.timeout = 300000ms (custom)
2021-11-05 13:00:56,652 [pool-693-thread-1] INFO  server.RaftServerConfigKeys (ConfUtils.java:logGet(44)) - raft.server.leaderelection.leader.step-down.wait-time = 10s (default)
2021-11-05 13:00:56,652 [pool-693-thread-1] INFO  server.RaftServerConfigKeys (ConfUtils.java:logGet(44)) - raft.server.sleep.deviation.threshold = 300ms (default)
2021-11-05 13:00:56,652 [pool-693-thread-1] INFO  server.RaftServerConfigKeys (ConfUtils.java:logGet(44)) - raft.server.log.appender.install.snapshot.enabled = false (custom)
2021-11-05 13:00:56,652 [pool-693-thread-1] INFO  server.RaftServer$Division (ServerState.java:<init>(105)) - 76ef4e66-eace-4a3b-a369-d2a815523a61@group-05B35D5AA406: ConfigurationManager, init=-1: [], old=null, confs=<EMPTY_MAP>
2021-11-05 13:00:56,652 [pool-693-thread-1] INFO  server.RaftServerConfigKeys (ConfUtils.java:logGet(44)) - raft.server.storage.dir = [/home/runner/work/ozone/ozone/hadoop-ozone/integration-test/target/test-dir/MiniOzoneClusterImpl-bdf76210-3e21-404e-9e17-65b92aec9f1a/datanode-0/data/ratis] (custom)
2021-11-05 13:00:56,653 [pool-693-thread-1] INFO  server.RaftServerConfigKeys (ConfUtils.java:logGet(44)) - raft.server.log.corruption.policy = EXCEPTION (default)
2021-11-05 13:00:56,653 [pool-693-thread-1] INFO  server.RaftServerConfigKeys (ConfUtils.java:logGet(44)) - raft.server.storage.free-space.min = 0MB (=0) (default)
2021-11-05 13:00:56,654 [Listener at 127.0.0.1/42119] INFO  server.session (DefaultSessionIdManager.java:doStart(334)) - DefaultSessionIdManager workerName=node0
2021-11-05 13:00:56,654 [Listener at 127.0.0.1/42119] INFO  server.session (DefaultSessionIdManager.java:doStart(339)) - No SessionScavenger set, using defaults
2021-11-05 13:00:56,655 [Listener at 127.0.0.1/42119] INFO  server.session (HouseKeeper.java:startScavenging(132)) - node0 Scavenging every 660000ms
2021-11-05 13:00:56,655 [Listener at 127.0.0.1/42119] INFO  handler.ContextHandler (ContextHandler.java:doStart(915)) - Started o.e.j.s.ServletContextHandler@72ba44ae{logs,/logs,file:///home/runner/work/ozone/ozone/hadoop-ozone/integration-test/target/log,AVAILABLE}
2021-11-05 13:00:56,655 [Listener at 127.0.0.1/42119] INFO  handler.ContextHandler (ContextHandler.java:doStart(915)) - Started o.e.j.s.ServletContextHandler@5bc5a70f{static,/static,jar:file:/home/runner/.m2/repository/org/apache/ozone/hdds-container-service/1.2.0-SNAPSHOT/hdds-container-service-1.2.0-SNAPSHOT.jar!/webapps/static,AVAILABLE}
2021-11-05 13:00:56,659 [pool-693-thread-1] INFO  storage.RaftStorageDirectory (RaftStorageDirectoryImpl.java:tryLock(230)) - Lock on /home/runner/work/ozone/ozone/hadoop-ozone/integration-test/target/test-dir/MiniOzoneClusterImpl-bdf76210-3e21-404e-9e17-65b92aec9f1a/datanode-0/data/ratis/e2469dc0-4f58-4d76-a3f8-05b35d5aa406/in_use.lock acquired by nodename 10214@fv-az151-875
2021-11-05 13:00:56,659 [pool-693-thread-1] INFO  storage.RaftStorage (RaftStorageImpl.java:analyzeAndRecoverStorage(110)) - Read RaftStorageMetadata{term=1, votedFor=76ef4e66-eace-4a3b-a369-d2a815523a61} from /home/runner/work/ozone/ozone/hadoop-ozone/integration-test/target/test-dir/MiniOzoneClusterImpl-bdf76210-3e21-404e-9e17-65b92aec9f1a/datanode-0/data/ratis/e2469dc0-4f58-4d76-a3f8-05b35d5aa406/current/raft-meta
2021-11-05 13:00:56,665 [pool-693-thread-1] INFO  ratis.ContainerStateMachine (ContainerStateMachine.java:loadSnapshot(233)) - group-05B35D5AA406: Setting the last applied index to (t:1, i:11)
2021-11-05 13:00:56,665 [pool-693-thread-1] INFO  server.RaftServer$Division (ServerState.java:setRaftConf(387)) - 76ef4e66-eace-4a3b-a369-d2a815523a61@group-05B35D5AA406: set configuration 0: [76ef4e66-eace-4a3b-a369-d2a815523a61|rpc:10.1.0.23:41987|dataStream:|priority:1], old=null
2021-11-05 13:00:56,666 [pool-693-thread-1] INFO  server.RaftServerConfigKeys (ConfUtils.java:logGet(44)) - raft.server.notification.no-leader.timeout = 300000ms (custom)
2021-11-05 13:00:56,666 [pool-693-thread-1] INFO  server.RaftServerConfigKeys (ConfUtils.java:logGet(44)) - raft.server.log.use.memory = false (default)
2021-11-05 13:00:56,666 [pool-693-thread-1] INFO  server.RaftServerConfigKeys (ConfUtils.java:logGet(44)) - raft.server.log.purge.gap = 1000000 (custom)
2021-11-05 13:00:56,666 [pool-693-thread-1] INFO  server.RaftServerConfigKeys (ConfUtils.java:logGet(44)) - raft.server.log.appender.buffer.byte-limit = 33554432 (custom)
2021-11-05 13:00:56,666 [pool-693-thread-1] INFO  server.RaftServerConfigKeys (ConfUtils.java:logGet(44)) - raft.server.log.segment.size.max = 1048576 (custom)
2021-11-05 13:00:56,666 [pool-693-thread-1] INFO  server.RaftServerConfigKeys (ConfUtils.java:logGet(44)) - raft.server.log.segment.cache.num.max = 2 (custom)
2021-11-05 13:00:56,667 [pool-693-thread-1] INFO  server.RaftServerConfigKeys (ConfUtils.java:logGet(44)) - raft.server.log.segment.cache.size.max = 200MB (=209715200) (default)
2021-11-05 13:00:56,667 [pool-693-thread-1] INFO  segmented.SegmentedRaftLogWorker (SegmentedRaftLogWorker.java:<init>(182)) - new 76ef4e66-eace-4a3b-a369-d2a815523a61@group-05B35D5AA406-SegmentedRaftLogWorker for RaftStorageImpl:Storage Directory /home/runner/work/ozone/ozone/hadoop-ozone/integration-test/target/test-dir/MiniOzoneClusterImpl-bdf76210-3e21-404e-9e17-65b92aec9f1a/datanode-0/data/ratis/e2469dc0-4f58-4d76-a3f8-05b35d5aa406
2021-11-05 13:00:56,667 [pool-693-thread-1] INFO  server.RaftServerConfigKeys (ConfUtils.java:logGet(44)) - raft.server.log.queue.byte-limit = 2147483647 (custom)
2021-11-05 13:00:56,667 [pool-693-thread-1] INFO  server.RaftServerConfigKeys (ConfUtils.java:logGet(44)) - raft.server.log.queue.element-limit = 1024 (custom)
2021-11-05 13:00:56,667 [pool-693-thread-1] INFO  server.RaftServerConfigKeys (ConfUtils.java:logGet(44)) - raft.server.log.segment.size.max = 1048576 (custom)
2021-11-05 13:00:56,667 [pool-693-thread-1] INFO  server.RaftServerConfigKeys (ConfUtils.java:logGet(44)) - raft.server.log.preallocated.size = 16384 (custom)
2021-11-05 13:00:56,667 [pool-693-thread-1] INFO  server.RaftServerConfigKeys (ConfUtils.java:logGet(44)) - raft.server.log.force.sync.num = 128 (default)
2021-11-05 13:00:56,667 [pool-693-thread-1] INFO  server.RaftServerConfigKeys (ConfUtils.java:logGet(44)) - raft.server.log.statemachine.data.sync = true (default)
2021-11-05 13:00:56,667 [pool-693-thread-1] INFO  server.RaftServerConfigKeys (ConfUtils.java:logGet(44)) - raft.server.log.statemachine.data.sync.timeout = 10s (default)
2021-11-05 13:00:56,667 [pool-693-thread-1] INFO  server.RaftServerConfigKeys (ConfUtils.java:logGet(44)) - raft.server.log.statemachine.data.sync.timeout.retry = -1 (default)
2021-11-05 13:00:56,682 [pool-693-thread-1] INFO  server.RaftServerConfigKeys (ConfUtils.java:logGet(44)) - raft.server.log.write.buffer.size = 1048576 (custom)
2021-11-05 13:00:56,682 [pool-693-thread-1] INFO  server.RaftServerConfigKeys (ConfUtils.java:logGet(44)) - raft.server.log.statemachine.data.caching.enabled = true (custom)
2021-11-05 13:00:56,683 [pool-693-thread-1] INFO  server.RaftServer$Division (ServerState.java:setRaftConf(387)) - 76ef4e66-eace-4a3b-a369-d2a815523a61@group-05B35D5AA406: set configuration 0: [76ef4e66-eace-4a3b-a369-d2a815523a61|rpc:10.1.0.23:41987|dataStream:|priority:1], old=null
2021-11-05 13:00:56,683 [pool-693-thread-1] INFO  segmented.LogSegment (LogSegment.java:loadSegment(173)) - Successfully read 12 entries from segment file /home/runner/work/ozone/ozone/hadoop-ozone/integration-test/target/test-dir/MiniOzoneClusterImpl-bdf76210-3e21-404e-9e17-65b92aec9f1a/datanode-0/data/ratis/e2469dc0-4f58-4d76-a3f8-05b35d5aa406/current/log_inprogress_0
2021-11-05 13:00:56,700 [pool-693-thread-1] INFO  segmented.SegmentedRaftLogWorker (SegmentedRaftLogWorker.java:lambda$new$0(133)) - 76ef4e66-eace-4a3b-a369-d2a815523a61@group-05B35D5AA406-SegmentedRaftLogWorker: flushIndex: setUnconditionally 0 -> 11
2021-11-05 13:00:56,700 [pool-693-thread-1] INFO  segmented.SegmentedRaftLogWorker (SegmentedRaftLogWorker.java:lambda$new$0(133)) - 76ef4e66-eace-4a3b-a369-d2a815523a61@group-05B35D5AA406-SegmentedRaftLogWorker: safeCacheEvictIndex: setUnconditionally 0 -> -1
2021-11-05 13:00:56,700 [pool-693-thread-1] INFO  raftlog.RaftLog (RaftLogBase.java:lambda$new$0(53)) - 76ef4e66-eace-4a3b-a369-d2a815523a61@group-05B35D5AA406-SegmentedRaftLog: commitIndex: updateToMax old=11, new=9, updated? false
2021-11-05 13:00:56,700 [pool-693-thread-1] INFO  server.RaftServerConfigKeys (ConfUtils.java:logGet(44)) - raft.server.snapshot.auto.trigger.enabled = true (custom)
2021-11-05 13:00:56,700 [pool-693-thread-1] INFO  server.RaftServerConfigKeys (ConfUtils.java:logGet(44)) - raft.server.snapshot.auto.trigger.threshold = 10000 (custom)
2021-11-05 13:00:56,700 [pool-693-thread-1] INFO  server.RaftServerConfigKeys (ConfUtils.java:logGet(44)) - raft.server.snapshot.retention.file.num = 5 (custom)
2021-11-05 13:00:56,700 [pool-693-thread-1] INFO  server.RaftServerConfigKeys (ConfUtils.java:logGet(44)) - raft.server.log.purge.upto.snapshot.index = false (default)
2021-11-05 13:00:56,700 [pool-693-thread-1] INFO  server.RaftServerConfigKeys (ConfUtils.java:logGet(44)) - raft.server.retrycache.expirytime = 600000ms (custom)
2021-11-05 13:00:56,700 [pool-693-thread-1] INFO  server.RaftServerConfigKeys (ConfUtils.java:logGet(44)) - raft.server.retrycache.statistics.expirytime = 100μs (default)
2021-11-05 13:00:56,703 [pool-693-thread-1] INFO  server.RaftServer$Division (RaftServerImpl.java:<init>(184)) - 76ef4e66-eace-4a3b-a369-d2a815523a61: new RaftServerImpl for group-5D93FA255116:[] with ContainerStateMachine:uninitialized
2021-11-05 13:00:56,703 [pool-693-thread-1] INFO  server.RaftServerConfigKeys (ConfUtils.java:logGet(44)) - raft.server.rpc.timeout.min = 5s (custom)
2021-11-05 13:00:56,703 [pool-693-thread-1] INFO  server.RaftServerConfigKeys (ConfUtils.java:logGet(44)) - raft.server.rpc.timeout.max = 5200ms (custom)
2021-11-05 13:00:56,703 [pool-693-thread-1] INFO  server.RaftServerConfigKeys (ConfUtils.java:logGet(44)) - raft.server.rpc.sleep.time = 25ms (default)
2021-11-05 13:00:56,703 [pool-693-thread-1] INFO  server.RaftServerConfigKeys (ConfUtils.java:logGet(44)) - raft.server.rpc.slowness.timeout = 300000ms (custom)
2021-11-05 13:00:56,703 [pool-693-thread-1] INFO  server.RaftServerConfigKeys (ConfUtils.java:logGet(44)) - raft.server.leaderelection.leader.step-down.wait-time = 10s (default)
2021-11-05 13:00:56,703 [pool-693-thread-1] INFO  server.RaftServerConfigKeys (ConfUtils.java:logGet(44)) - raft.server.sleep.deviation.threshold = 300ms (default)
2021-11-05 13:00:56,703 [pool-693-thread-1] INFO  server.RaftServerConfigKeys (ConfUtils.java:logGet(44)) - raft.server.log.appender.install.snapshot.enabled = false (custom)
2021-11-05 13:00:56,703 [pool-693-thread-1] INFO  server.RaftServer$Division (ServerState.java:<init>(105)) - 76ef4e66-eace-4a3b-a369-d2a815523a61@group-5D93FA255116: ConfigurationManager, init=-1: [], old=null, confs=<EMPTY_MAP>
2021-11-05 13:00:56,703 [pool-693-thread-1] INFO  server.RaftServerConfigKeys (ConfUtils.java:logGet(44)) - raft.server.storage.dir = [/home/runner/work/ozone/ozone/hadoop-ozone/integration-test/target/test-dir/MiniOzoneClusterImpl-bdf76210-3e21-404e-9e17-65b92aec9f1a/datanode-0/data/ratis] (custom)
2021-11-05 13:00:56,703 [pool-693-thread-1] INFO  server.RaftServerConfigKeys (ConfUtils.java:logGet(44)) - raft.server.log.corruption.policy = EXCEPTION (default)
2021-11-05 13:00:56,703 [pool-693-thread-1] INFO  server.RaftServerConfigKeys (ConfUtils.java:logGet(44)) - raft.server.storage.free-space.min = 0MB (=0) (default)
2021-11-05 13:00:56,740 [pool-693-thread-1] INFO  storage.RaftStorageDirectory (RaftStorageDirectoryImpl.java:tryLock(230)) - Lock on /home/runner/work/ozone/ozone/hadoop-ozone/integration-test/target/test-dir/MiniOzoneClusterImpl-bdf76210-3e21-404e-9e17-65b92aec9f1a/datanode-0/data/ratis/bb7091f3-c5ce-4e13-86bd-5d93fa255116/in_use.lock acquired by nodename 10214@fv-az151-875
2021-11-05 13:00:56,740 [pool-693-thread-1] INFO  storage.RaftStorage (RaftStorageImpl.java:analyzeAndRecoverStorage(110)) - Read RaftStorageMetadata{term=2, votedFor=3ae4cb20-15ad-4779-a013-5b0fdc3aaee7} from /home/runner/work/ozone/ozone/hadoop-ozone/integration-test/target/test-dir/MiniOzoneClusterImpl-bdf76210-3e21-404e-9e17-65b92aec9f1a/datanode-0/data/ratis/bb7091f3-c5ce-4e13-86bd-5d93fa255116/current/raft-meta
2021-11-05 13:00:56,740 [pool-693-thread-1] INFO  ratis.ContainerStateMachine (ContainerStateMachine.java:loadSnapshot(233)) - group-5D93FA255116: Setting the last applied index to (t:2, i:0)
2021-11-05 13:00:56,740 [pool-693-thread-1] INFO  server.RaftServer$Division (ServerState.java:setRaftConf(387)) - 76ef4e66-eace-4a3b-a369-d2a815523a61@group-5D93FA255116: set configuration 0: [76ef4e66-eace-4a3b-a369-d2a815523a61|rpc:10.1.0.23:41987|dataStream:|priority:0, fa45fd2a-a6ef-4106-9a44-777d17a8e8f4|rpc:10.1.0.23:43989|dataStream:|priority:0, 3ae4cb20-15ad-4779-a013-5b0fdc3aaee7|rpc:10.1.0.23:35115|dataStream:|priority:1], old=null
2021-11-05 13:00:56,741 [pool-693-thread-1] INFO  server.RaftServerConfigKeys (ConfUtils.java:logGet(44)) - raft.server.notification.no-leader.timeout = 300000ms (custom)
2021-11-05 13:00:56,741 [pool-693-thread-1] INFO  server.RaftServerConfigKeys (ConfUtils.java:logGet(44)) - raft.server.log.use.memory = false (default)
2021-11-05 13:00:56,741 [pool-693-thread-1] INFO  server.RaftServerConfigKeys (ConfUtils.java:logGet(44)) - raft.server.log.purge.gap = 1000000 (custom)
2021-11-05 13:00:56,741 [pool-693-thread-1] INFO  server.RaftServerConfigKeys (ConfUtils.java:logGet(44)) - raft.server.log.appender.buffer.byte-limit = 33554432 (custom)
2021-11-05 13:00:56,741 [pool-693-thread-1] INFO  server.RaftServerConfigKeys (ConfUtils.java:logGet(44)) - raft.server.log.segment.size.max = 1048576 (custom)
2021-11-05 13:00:56,741 [pool-693-thread-1] INFO  server.RaftServerConfigKeys (ConfUtils.java:logGet(44)) - raft.server.log.segment.cache.num.max = 2 (custom)
2021-11-05 13:00:56,741 [pool-693-thread-1] INFO  server.RaftServerConfigKeys (ConfUtils.java:logGet(44)) - raft.server.log.segment.cache.size.max = 200MB (=209715200) (default)
2021-11-05 13:00:56,741 [pool-693-thread-1] INFO  segmented.SegmentedRaftLogWorker (SegmentedRaftLogWorker.java:<init>(182)) - new 76ef4e66-eace-4a3b-a369-d2a815523a61@group-5D93FA255116-SegmentedRaftLogWorker for RaftStorageImpl:Storage Directory /home/runner/work/ozone/ozone/hadoop-ozone/integration-test/target/test-dir/MiniOzoneClusterImpl-bdf76210-3e21-404e-9e17-65b92aec9f1a/datanode-0/data/ratis/bb7091f3-c5ce-4e13-86bd-5d93fa255116
2021-11-05 13:00:56,742 [pool-693-thread-1] INFO  server.RaftServerConfigKeys (ConfUtils.java:logGet(44)) - raft.server.log.queue.byte-limit = 2147483647 (custom)
2021-11-05 13:00:56,742 [pool-693-thread-1] INFO  server.RaftServerConfigKeys (ConfUtils.java:logGet(44)) - raft.server.log.queue.element-limit = 1024 (custom)
2021-11-05 13:00:56,742 [pool-693-thread-1] INFO  server.RaftServerConfigKeys (ConfUtils.java:logGet(44)) - raft.server.log.segment.size.max = 1048576 (custom)
2021-11-05 13:00:56,742 [pool-693-thread-1] INFO  server.RaftServerConfigKeys (ConfUtils.java:logGet(44)) - raft.server.log.preallocated.size = 16384 (custom)
2021-11-05 13:00:56,742 [pool-693-thread-1] INFO  server.RaftServerConfigKeys (ConfUtils.java:logGet(44)) - raft.server.log.force.sync.num = 128 (default)
2021-11-05 13:00:56,742 [pool-693-thread-1] INFO  server.RaftServerConfigKeys (ConfUtils.java:logGet(44)) - raft.server.log.statemachine.data.sync = true (default)
2021-11-05 13:00:56,742 [pool-693-thread-1] INFO  server.RaftServerConfigKeys (ConfUtils.java:logGet(44)) - raft.server.log.statemachine.data.sync.timeout = 10s (default)
2021-11-05 13:00:56,742 [pool-693-thread-1] INFO  server.RaftServerConfigKeys (ConfUtils.java:logGet(44)) - raft.server.log.statemachine.data.sync.timeout.retry = -1 (default)
2021-11-05 13:00:56,743 [pool-693-thread-1] INFO  server.RaftServerConfigKeys (ConfUtils.java:logGet(44)) - raft.server.log.write.buffer.size = 1048576 (custom)
2021-11-05 13:00:56,760 [pool-693-thread-1] INFO  server.RaftServerConfigKeys (ConfUtils.java:logGet(44)) - raft.server.log.statemachine.data.caching.enabled = true (custom)
2021-11-05 13:00:56,763 [pool-693-thread-1] INFO  server.RaftServer$Division (ServerState.java:setRaftConf(387)) - 76ef4e66-eace-4a3b-a369-d2a815523a61@group-5D93FA255116: set configuration 0: [76ef4e66-eace-4a3b-a369-d2a815523a61|rpc:10.1.0.23:41987|dataStream:|priority:0, fa45fd2a-a6ef-4106-9a44-777d17a8e8f4|rpc:10.1.0.23:43989|dataStream:|priority:0, 3ae4cb20-15ad-4779-a013-5b0fdc3aaee7|rpc:10.1.0.23:35115|dataStream:|priority:1], old=null
2021-11-05 13:00:56,763 [pool-693-thread-1] INFO  segmented.LogSegment (LogSegment.java:loadSegment(173)) - Successfully read 1 entries from segment file /home/runner/work/ozone/ozone/hadoop-ozone/integration-test/target/test-dir/MiniOzoneClusterImpl-bdf76210-3e21-404e-9e17-65b92aec9f1a/datanode-0/data/ratis/bb7091f3-c5ce-4e13-86bd-5d93fa255116/current/log_inprogress_0
2021-11-05 13:00:56,764 [pool-693-thread-1] INFO  segmented.SegmentedRaftLogWorker (SegmentedRaftLogWorker.java:lambda$new$0(133)) - 76ef4e66-eace-4a3b-a369-d2a815523a61@group-5D93FA255116-SegmentedRaftLogWorker: flushIndex: setUnconditionally 0 -> 0
2021-11-05 13:00:56,764 [pool-693-thread-1] INFO  segmented.SegmentedRaftLogWorker (SegmentedRaftLogWorker.java:lambda$new$0(133)) - 76ef4e66-eace-4a3b-a369-d2a815523a61@group-5D93FA255116-SegmentedRaftLogWorker: safeCacheEvictIndex: setUnconditionally 0 -> -1
2021-11-05 13:00:56,772 [pool-693-thread-1] INFO  server.RaftServerConfigKeys (ConfUtils.java:logGet(44)) - raft.server.snapshot.auto.trigger.enabled = true (custom)
2021-11-05 13:00:56,772 [pool-693-thread-1] INFO  server.RaftServerConfigKeys (ConfUtils.java:logGet(44)) - raft.server.snapshot.auto.trigger.threshold = 10000 (custom)
2021-11-05 13:00:56,772 [pool-693-thread-1] INFO  server.RaftServerConfigKeys (ConfUtils.java:logGet(44)) - raft.server.snapshot.retention.file.num = 5 (custom)
2021-11-05 13:00:56,773 [pool-693-thread-1] INFO  server.RaftServerConfigKeys (ConfUtils.java:logGet(44)) - raft.server.log.purge.upto.snapshot.index = false (default)
2021-11-05 13:00:56,773 [pool-693-thread-1] INFO  server.RaftServerConfigKeys (ConfUtils.java:logGet(44)) - raft.server.retrycache.expirytime = 600000ms (custom)
2021-11-05 13:00:56,773 [pool-693-thread-1] INFO  server.RaftServerConfigKeys (ConfUtils.java:logGet(44)) - raft.server.retrycache.statistics.expirytime = 100μs (default)
2021-11-05 13:00:56,800 [pool-693-thread-1] INFO  server.RaftServer$Division (RaftServerImpl.java:<init>(184)) - 76ef4e66-eace-4a3b-a369-d2a815523a61: new RaftServerImpl for group-46A48FF2B846:[] with ContainerStateMachine:uninitialized
2021-11-05 13:00:56,820 [pool-693-thread-1] INFO  server.RaftServerConfigKeys (ConfUtils.java:logGet(44)) - raft.server.rpc.timeout.min = 5s (custom)
2021-11-05 13:00:56,820 [pool-693-thread-1] INFO  server.RaftServerConfigKeys (ConfUtils.java:logGet(44)) - raft.server.rpc.timeout.max = 5200ms (custom)
2021-11-05 13:00:56,820 [pool-693-thread-1] INFO  server.RaftServerConfigKeys (ConfUtils.java:logGet(44)) - raft.server.rpc.sleep.time = 25ms (default)
2021-11-05 13:00:56,820 [pool-693-thread-1] INFO  server.RaftServerConfigKeys (ConfUtils.java:logGet(44)) - raft.server.rpc.slowness.timeout = 300000ms (custom)
2021-11-05 13:00:56,820 [pool-693-thread-1] INFO  server.RaftServerConfigKeys (ConfUtils.java:logGet(44)) - raft.server.leaderelection.leader.step-down.wait-time = 10s (default)
2021-11-05 13:00:56,820 [pool-693-thread-1] INFO  server.RaftServerConfigKeys (ConfUtils.java:logGet(44)) - raft.server.sleep.deviation.threshold = 300ms (default)
2021-11-05 13:00:56,820 [pool-693-thread-1] INFO  server.RaftServerConfigKeys (ConfUtils.java:logGet(44)) - raft.server.log.appender.install.snapshot.enabled = false (custom)
2021-11-05 13:00:56,820 [pool-693-thread-1] INFO  server.RaftServer$Division (ServerState.java:<init>(105)) - 76ef4e66-eace-4a3b-a369-d2a815523a61@group-46A48FF2B846: ConfigurationManager, init=-1: [], old=null, confs=<EMPTY_MAP>
2021-11-05 13:00:56,820 [pool-693-thread-1] INFO  server.RaftServerConfigKeys (ConfUtils.java:logGet(44)) - raft.server.storage.dir = [/home/runner/work/ozone/ozone/hadoop-ozone/integration-test/target/test-dir/MiniOzoneClusterImpl-bdf76210-3e21-404e-9e17-65b92aec9f1a/datanode-0/data/ratis] (custom)
2021-11-05 13:00:56,820 [pool-693-thread-1] INFO  server.RaftServerConfigKeys (ConfUtils.java:logGet(44)) - raft.server.log.corruption.policy = EXCEPTION (default)
2021-11-05 13:00:56,820 [pool-693-thread-1] INFO  server.RaftServerConfigKeys (ConfUtils.java:logGet(44)) - raft.server.storage.free-space.min = 0MB (=0) (default)
2021-11-05 13:00:56,832 [pool-693-thread-1] INFO  storage.RaftStorageDirectory (RaftStorageDirectoryImpl.java:tryLock(230)) - Lock on /home/runner/work/ozone/ozone/hadoop-ozone/integration-test/target/test-dir/MiniOzoneClusterImpl-bdf76210-3e21-404e-9e17-65b92aec9f1a/datanode-0/data/ratis/31cdf347-9acf-41c8-b64f-46a48ff2b846/in_use.lock acquired by nodename 10214@fv-az151-875
2021-11-05 13:00:56,832 [pool-693-thread-1] INFO  storage.RaftStorage (RaftStorageImpl.java:analyzeAndRecoverStorage(110)) - Read RaftStorageMetadata{term=1, votedFor=76ef4e66-eace-4a3b-a369-d2a815523a61} from /home/runner/work/ozone/ozone/hadoop-ozone/integration-test/target/test-dir/MiniOzoneClusterImpl-bdf76210-3e21-404e-9e17-65b92aec9f1a/datanode-0/data/ratis/31cdf347-9acf-41c8-b64f-46a48ff2b846/current/raft-meta
2021-11-05 13:00:56,832 [pool-693-thread-1] INFO  ratis.ContainerStateMachine (ContainerStateMachine.java:loadSnapshot(233)) - group-46A48FF2B846: Setting the last applied index to (t:1, i:0)
2021-11-05 13:00:56,833 [pool-693-thread-1] INFO  server.RaftServer$Division (ServerState.java:setRaftConf(387)) - 76ef4e66-eace-4a3b-a369-d2a815523a61@group-46A48FF2B846: set configuration 0: [76ef4e66-eace-4a3b-a369-d2a815523a61|rpc:10.1.0.23:41987|dataStream:|priority:1, fa45fd2a-a6ef-4106-9a44-777d17a8e8f4|rpc:10.1.0.23:43989|dataStream:|priority:0, 3ae4cb20-15ad-4779-a013-5b0fdc3aaee7|rpc:10.1.0.23:35115|dataStream:|priority:0], old=null
2021-11-05 13:00:56,833 [pool-693-thread-1] INFO  server.RaftServerConfigKeys (ConfUtils.java:logGet(44)) - raft.server.notification.no-leader.timeout = 300000ms (custom)
2021-11-05 13:00:56,833 [pool-693-thread-1] INFO  server.RaftServerConfigKeys (ConfUtils.java:logGet(44)) - raft.server.log.use.memory = false (default)
2021-11-05 13:00:56,833 [pool-693-thread-1] INFO  server.RaftServerConfigKeys (ConfUtils.java:logGet(44)) - raft.server.log.purge.gap = 1000000 (custom)
2021-11-05 13:00:56,833 [pool-693-thread-1] INFO  server.RaftServerConfigKeys (ConfUtils.java:logGet(44)) - raft.server.log.appender.buffer.byte-limit = 33554432 (custom)
2021-11-05 13:00:56,833 [pool-693-thread-1] INFO  server.RaftServerConfigKeys (ConfUtils.java:logGet(44)) - raft.server.log.segment.size.max = 1048576 (custom)
2021-11-05 13:00:56,834 [pool-693-thread-1] INFO  server.RaftServerConfigKeys (ConfUtils.java:logGet(44)) - raft.server.log.segment.cache.num.max = 2 (custom)
2021-11-05 13:00:56,834 [pool-693-thread-1] INFO  server.RaftServerConfigKeys (ConfUtils.java:logGet(44)) - raft.server.log.segment.cache.size.max = 200MB (=209715200) (default)
2021-11-05 13:00:56,834 [pool-693-thread-1] INFO  segmented.SegmentedRaftLogWorker (SegmentedRaftLogWorker.java:<init>(182)) - new 76ef4e66-eace-4a3b-a369-d2a815523a61@group-46A48FF2B846-SegmentedRaftLogWorker for RaftStorageImpl:Storage Directory /home/runner/work/ozone/ozone/hadoop-ozone/integration-test/target/test-dir/MiniOzoneClusterImpl-bdf76210-3e21-404e-9e17-65b92aec9f1a/datanode-0/data/ratis/31cdf347-9acf-41c8-b64f-46a48ff2b846
2021-11-05 13:00:56,834 [pool-693-thread-1] INFO  server.RaftServerConfigKeys (ConfUtils.java:logGet(44)) - raft.server.log.queue.byte-limit = 2147483647 (custom)
2021-11-05 13:00:56,834 [pool-693-thread-1] INFO  server.RaftServerConfigKeys (ConfUtils.java:logGet(44)) - raft.server.log.queue.element-limit = 1024 (custom)
2021-11-05 13:00:56,834 [pool-693-thread-1] INFO  server.RaftServerConfigKeys (ConfUtils.java:logGet(44)) - raft.server.log.segment.size.max = 1048576 (custom)
2021-11-05 13:00:56,834 [pool-693-thread-1] INFO  server.RaftServerConfigKeys (ConfUtils.java:logGet(44)) - raft.server.log.preallocated.size = 16384 (custom)
2021-11-05 13:00:56,834 [pool-693-thread-1] INFO  server.RaftServerConfigKeys (ConfUtils.java:logGet(44)) - raft.server.log.force.sync.num = 128 (default)
2021-11-05 13:00:56,834 [pool-693-thread-1] INFO  server.RaftServerConfigKeys (ConfUtils.java:logGet(44)) - raft.server.log.statemachine.data.sync = true (default)
2021-11-05 13:00:56,834 [pool-693-thread-1] INFO  server.RaftServerConfigKeys (ConfUtils.java:logGet(44)) - raft.server.log.statemachine.data.sync.timeout = 10s (default)
2021-11-05 13:00:56,834 [pool-693-thread-1] INFO  server.RaftServerConfigKeys (ConfUtils.java:logGet(44)) - raft.server.log.statemachine.data.sync.timeout.retry = -1 (default)
2021-11-05 13:00:56,835 [pool-693-thread-1] INFO  server.RaftServerConfigKeys (ConfUtils.java:logGet(44)) - raft.server.log.write.buffer.size = 1048576 (custom)
2021-11-05 13:00:56,852 [pool-693-thread-1] INFO  server.RaftServerConfigKeys (ConfUtils.java:logGet(44)) - raft.server.log.statemachine.data.caching.enabled = true (custom)
2021-11-05 13:00:56,859 [pool-693-thread-1] INFO  server.RaftServer$Division (ServerState.java:setRaftConf(387)) - 76ef4e66-eace-4a3b-a369-d2a815523a61@group-46A48FF2B846: set configuration 0: [76ef4e66-eace-4a3b-a369-d2a815523a61|rpc:10.1.0.23:41987|dataStream:|priority:1, fa45fd2a-a6ef-4106-9a44-777d17a8e8f4|rpc:10.1.0.23:43989|dataStream:|priority:0, 3ae4cb20-15ad-4779-a013-5b0fdc3aaee7|rpc:10.1.0.23:35115|dataStream:|priority:0], old=null
2021-11-05 13:00:56,860 [pool-693-thread-1] INFO  segmented.LogSegment (LogSegment.java:loadSegment(173)) - Successfully read 1 entries from segment file /home/runner/work/ozone/ozone/hadoop-ozone/integration-test/target/test-dir/MiniOzoneClusterImpl-bdf76210-3e21-404e-9e17-65b92aec9f1a/datanode-0/data/ratis/31cdf347-9acf-41c8-b64f-46a48ff2b846/current/log_inprogress_0
2021-11-05 13:00:56,860 [pool-693-thread-1] INFO  segmented.SegmentedRaftLogWorker (SegmentedRaftLogWorker.java:lambda$new$0(133)) - 76ef4e66-eace-4a3b-a369-d2a815523a61@group-46A48FF2B846-SegmentedRaftLogWorker: flushIndex: setUnconditionally 0 -> 0
2021-11-05 13:00:56,860 [pool-693-thread-1] INFO  segmented.SegmentedRaftLogWorker (SegmentedRaftLogWorker.java:lambda$new$0(133)) - 76ef4e66-eace-4a3b-a369-d2a815523a61@group-46A48FF2B846-SegmentedRaftLogWorker: safeCacheEvictIndex: setUnconditionally 0 -> -1
2021-11-05 13:00:56,876 [pool-693-thread-1] INFO  server.RaftServerConfigKeys (ConfUtils.java:logGet(44)) - raft.server.snapshot.auto.trigger.enabled = true (custom)
2021-11-05 13:00:56,876 [pool-693-thread-1] INFO  server.RaftServerConfigKeys (ConfUtils.java:logGet(44)) - raft.server.snapshot.auto.trigger.threshold = 10000 (custom)
2021-11-05 13:00:56,876 [pool-693-thread-1] INFO  server.RaftServerConfigKeys (ConfUtils.java:logGet(44)) - raft.server.snapshot.retention.file.num = 5 (custom)
2021-11-05 13:00:56,876 [pool-693-thread-1] INFO  server.RaftServerConfigKeys (ConfUtils.java:logGet(44)) - raft.server.log.purge.upto.snapshot.index = false (default)
2021-11-05 13:00:56,877 [pool-693-thread-1] INFO  server.RaftServerConfigKeys (ConfUtils.java:logGet(44)) - raft.server.retrycache.expirytime = 600000ms (custom)
2021-11-05 13:00:56,877 [pool-693-thread-1] INFO  server.RaftServerConfigKeys (ConfUtils.java:logGet(44)) - raft.server.retrycache.statistics.expirytime = 100μs (default)
2021-11-05 13:00:56,886 [pool-693-thread-1] INFO  server.RaftServer$Division (RaftServerImpl.java:<init>(184)) - 76ef4e66-eace-4a3b-a369-d2a815523a61: new RaftServerImpl for group-22F5320889A7:[] with ContainerStateMachine:uninitialized
2021-11-05 13:00:56,892 [pool-693-thread-1] INFO  server.RaftServerConfigKeys (ConfUtils.java:logGet(44)) - raft.server.rpc.timeout.min = 5s (custom)
2021-11-05 13:00:56,892 [pool-693-thread-1] INFO  server.RaftServerConfigKeys (ConfUtils.java:logGet(44)) - raft.server.rpc.timeout.max = 5200ms (custom)
2021-11-05 13:00:56,892 [pool-693-thread-1] INFO  server.RaftServerConfigKeys (ConfUtils.java:logGet(44)) - raft.server.rpc.sleep.time = 25ms (default)
2021-11-05 13:00:56,892 [pool-693-thread-1] INFO  server.RaftServerConfigKeys (ConfUtils.java:logGet(44)) - raft.server.rpc.slowness.timeout = 300000ms (custom)
2021-11-05 13:00:56,892 [pool-693-thread-1] INFO  server.RaftServerConfigKeys (ConfUtils.java:logGet(44)) - raft.server.leaderelection.leader.step-down.wait-time = 10s (default)
2021-11-05 13:00:56,892 [pool-693-thread-1] INFO  server.RaftServerConfigKeys (ConfUtils.java:logGet(44)) - raft.server.sleep.deviation.threshold = 300ms (default)
2021-11-05 13:00:56,896 [pool-693-thread-1] INFO  server.RaftServerConfigKeys (ConfUtils.java:logGet(44)) - raft.server.log.appender.install.snapshot.enabled = false (custom)
2021-11-05 13:00:56,896 [pool-693-thread-1] INFO  server.RaftServer$Division (ServerState.java:<init>(105)) - 76ef4e66-eace-4a3b-a369-d2a815523a61@group-22F5320889A7: ConfigurationManager, init=-1: [], old=null, confs=<EMPTY_MAP>
2021-11-05 13:00:56,896 [pool-693-thread-1] INFO  server.RaftServerConfigKeys (ConfUtils.java:logGet(44)) - raft.server.storage.dir = [/home/runner/work/ozone/ozone/hadoop-ozone/integration-test/target/test-dir/MiniOzoneClusterImpl-bdf76210-3e21-404e-9e17-65b92aec9f1a/datanode-0/data/ratis] (custom)
2021-11-05 13:00:56,896 [pool-693-thread-1] INFO  server.RaftServerConfigKeys (ConfUtils.java:logGet(44)) - raft.server.log.corruption.policy = EXCEPTION (default)
2021-11-05 13:00:56,896 [pool-693-thread-1] INFO  server.RaftServerConfigKeys (ConfUtils.java:logGet(44)) - raft.server.storage.free-space.min = 0MB (=0) (default)
2021-11-05 13:00:56,912 [pool-693-thread-1] INFO  storage.RaftStorageDirectory (RaftStorageDirectoryImpl.java:tryLock(230)) - Lock on /home/runner/work/ozone/ozone/hadoop-ozone/integration-test/target/test-dir/MiniOzoneClusterImpl-bdf76210-3e21-404e-9e17-65b92aec9f1a/datanode-0/data/ratis/4477d87b-15ba-4f68-ae12-22f5320889a7/in_use.lock acquired by nodename 10214@fv-az151-875
2021-11-05 13:00:56,912 [pool-693-thread-1] INFO  storage.RaftStorage (RaftStorageImpl.java:analyzeAndRecoverStorage(110)) - Read RaftStorageMetadata{term=2, votedFor=76ef4e66-eace-4a3b-a369-d2a815523a61} from /home/runner/work/ozone/ozone/hadoop-ozone/integration-test/target/test-dir/MiniOzoneClusterImpl-bdf76210-3e21-404e-9e17-65b92aec9f1a/datanode-0/data/ratis/4477d87b-15ba-4f68-ae12-22f5320889a7/current/raft-meta
2021-11-05 13:00:56,913 [pool-693-thread-1] INFO  ratis.ContainerStateMachine (ContainerStateMachine.java:loadSnapshot(233)) - group-22F5320889A7: Setting the last applied index to (t:2, i:0)
2021-11-05 13:00:56,913 [pool-693-thread-1] INFO  server.RaftServer$Division (ServerState.java:setRaftConf(387)) - 76ef4e66-eace-4a3b-a369-d2a815523a61@group-22F5320889A7: set configuration 0: [76ef4e66-eace-4a3b-a369-d2a815523a61|rpc:10.1.0.23:41987|dataStream:|priority:0, fa45fd2a-a6ef-4106-9a44-777d17a8e8f4|rpc:10.1.0.23:43989|dataStream:|priority:1, 3ae4cb20-15ad-4779-a013-5b0fdc3aaee7|rpc:10.1.0.23:35115|dataStream:|priority:0], old=null
2021-11-05 13:00:56,913 [pool-693-thread-1] INFO  server.RaftServerConfigKeys (ConfUtils.java:logGet(44)) - raft.server.notification.no-leader.timeout = 300000ms (custom)
2021-11-05 13:00:56,918 [pool-693-thread-1] INFO  server.RaftServerConfigKeys (ConfUtils.java:logGet(44)) - raft.server.log.use.memory = false (default)
2021-11-05 13:00:56,918 [pool-693-thread-1] INFO  server.RaftServerConfigKeys (ConfUtils.java:logGet(44)) - raft.server.log.purge.gap = 1000000 (custom)
2021-11-05 13:00:56,918 [pool-693-thread-1] INFO  server.RaftServerConfigKeys (ConfUtils.java:logGet(44)) - raft.server.log.appender.buffer.byte-limit = 33554432 (custom)
2021-11-05 13:00:56,918 [pool-693-thread-1] INFO  server.RaftServerConfigKeys (ConfUtils.java:logGet(44)) - raft.server.log.segment.size.max = 1048576 (custom)
2021-11-05 13:00:56,918 [pool-693-thread-1] INFO  server.RaftServerConfigKeys (ConfUtils.java:logGet(44)) - raft.server.log.segment.cache.num.max = 2 (custom)
2021-11-05 13:00:56,918 [pool-693-thread-1] INFO  server.RaftServerConfigKeys (ConfUtils.java:logGet(44)) - raft.server.log.segment.cache.size.max = 200MB (=209715200) (default)
2021-11-05 13:00:56,918 [pool-693-thread-1] INFO  segmented.SegmentedRaftLogWorker (SegmentedRaftLogWorker.java:<init>(182)) - new 76ef4e66-eace-4a3b-a369-d2a815523a61@group-22F5320889A7-SegmentedRaftLogWorker for RaftStorageImpl:Storage Directory /home/runner/work/ozone/ozone/hadoop-ozone/integration-test/target/test-dir/MiniOzoneClusterImpl-bdf76210-3e21-404e-9e17-65b92aec9f1a/datanode-0/data/ratis/4477d87b-15ba-4f68-ae12-22f5320889a7
2021-11-05 13:00:56,919 [pool-693-thread-1] INFO  server.RaftServerConfigKeys (ConfUtils.java:logGet(44)) - raft.server.log.queue.byte-limit = 2147483647 (custom)
2021-11-05 13:00:56,919 [pool-693-thread-1] INFO  server.RaftServerConfigKeys (ConfUtils.java:logGet(44)) - raft.server.log.queue.element-limit = 1024 (custom)
2021-11-05 13:00:56,919 [pool-693-thread-1] INFO  server.RaftServerConfigKeys (ConfUtils.java:logGet(44)) - raft.server.log.segment.size.max = 1048576 (custom)
2021-11-05 13:00:56,919 [pool-693-thread-1] INFO  server.RaftServerConfigKeys (ConfUtils.java:logGet(44)) - raft.server.log.preallocated.size = 16384 (custom)
2021-11-05 13:00:56,919 [pool-693-thread-1] INFO  server.RaftServerConfigKeys (ConfUtils.java:logGet(44)) - raft.server.log.force.sync.num = 128 (default)
2021-11-05 13:00:56,919 [pool-693-thread-1] INFO  server.RaftServerConfigKeys (ConfUtils.java:logGet(44)) - raft.server.log.statemachine.data.sync = true (default)
2021-11-05 13:00:56,919 [pool-693-thread-1] INFO  server.RaftServerConfigKeys (ConfUtils.java:logGet(44)) - raft.server.log.statemachine.data.sync.timeout = 10s (default)
2021-11-05 13:00:56,919 [pool-693-thread-1] INFO  server.RaftServerConfigKeys (ConfUtils.java:logGet(44)) - raft.server.log.statemachine.data.sync.timeout.retry = -1 (default)
2021-11-05 13:00:56,920 [pool-693-thread-1] INFO  server.RaftServerConfigKeys (ConfUtils.java:logGet(44)) - raft.server.log.write.buffer.size = 1048576 (custom)
2021-11-05 13:00:56,921 [pool-693-thread-1] INFO  server.RaftServerConfigKeys (ConfUtils.java:logGet(44)) - raft.server.log.statemachine.data.caching.enabled = true (custom)
2021-11-05 13:00:56,921 [pool-693-thread-1] INFO  server.RaftServer$Division (ServerState.java:setRaftConf(387)) - 76ef4e66-eace-4a3b-a369-d2a815523a61@group-22F5320889A7: set configuration 0: [76ef4e66-eace-4a3b-a369-d2a815523a61|rpc:10.1.0.23:41987|dataStream:|priority:0, fa45fd2a-a6ef-4106-9a44-777d17a8e8f4|rpc:10.1.0.23:43989|dataStream:|priority:1, 3ae4cb20-15ad-4779-a013-5b0fdc3aaee7|rpc:10.1.0.23:35115|dataStream:|priority:0], old=null
2021-11-05 13:00:56,921 [pool-693-thread-1] INFO  segmented.LogSegment (LogSegment.java:loadSegment(173)) - Successfully read 1 entries from segment file /home/runner/work/ozone/ozone/hadoop-ozone/integration-test/target/test-dir/MiniOzoneClusterImpl-bdf76210-3e21-404e-9e17-65b92aec9f1a/datanode-0/data/ratis/4477d87b-15ba-4f68-ae12-22f5320889a7/current/log_inprogress_0
2021-11-05 13:00:56,922 [pool-693-thread-1] INFO  segmented.SegmentedRaftLogWorker (SegmentedRaftLogWorker.java:lambda$new$0(133)) - 76ef4e66-eace-4a3b-a369-d2a815523a61@group-22F5320889A7-SegmentedRaftLogWorker: flushIndex: setUnconditionally 0 -> 0
2021-11-05 13:00:56,922 [pool-693-thread-1] INFO  segmented.SegmentedRaftLogWorker (SegmentedRaftLogWorker.java:lambda$new$0(133)) - 76ef4e66-eace-4a3b-a369-d2a815523a61@group-22F5320889A7-SegmentedRaftLogWorker: safeCacheEvictIndex: setUnconditionally 0 -> -1
2021-11-05 13:00:56,923 [Listener at 127.0.0.1/42119] INFO  handler.ContextHandler (ContextHandler.java:doStart(915)) - Started o.e.j.w.WebAppContext@348c6898{hddsDatanode,/,file:///tmp/jetty-0_0_0_0-42167-hdds-container-service-1_2_0-SNAPSHOT_jar-_-any-5973974656268579717/webapp/,AVAILABLE}{jar:file:/home/runner/.m2/repository/org/apache/ozone/hdds-container-service/1.2.0-SNAPSHOT/hdds-container-service-1.2.0-SNAPSHOT.jar!/webapps/hddsDatanode}
2021-11-05 13:00:56,952 [pool-693-thread-1] INFO  server.RaftServerConfigKeys (ConfUtils.java:logGet(44)) - raft.server.snapshot.auto.trigger.enabled = true (custom)
2021-11-05 13:00:56,952 [pool-693-thread-1] INFO  server.RaftServerConfigKeys (ConfUtils.java:logGet(44)) - raft.server.snapshot.auto.trigger.threshold = 10000 (custom)
2021-11-05 13:00:56,952 [pool-693-thread-1] INFO  server.RaftServerConfigKeys (ConfUtils.java:logGet(44)) - raft.server.snapshot.retention.file.num = 5 (custom)
2021-11-05 13:00:56,952 [pool-693-thread-1] INFO  server.RaftServerConfigKeys (ConfUtils.java:logGet(44)) - raft.server.log.purge.upto.snapshot.index = false (default)
2021-11-05 13:00:56,952 [pool-693-thread-1] INFO  server.RaftServerConfigKeys (ConfUtils.java:logGet(44)) - raft.server.retrycache.expirytime = 600000ms (custom)
2021-11-05 13:00:56,952 [pool-693-thread-1] INFO  server.RaftServerConfigKeys (ConfUtils.java:logGet(44)) - raft.server.retrycache.statistics.expirytime = 100μs (default)
2021-11-05 13:00:56,957 [Listener at 127.0.0.1/42119] INFO  server.AbstractConnector (AbstractConnector.java:doStart(331)) - Started ServerConnector@2e2671fd{HTTP/1.1, (http/1.1)}{0.0.0.0:42167}
2021-11-05 13:00:56,957 [Listener at 127.0.0.1/42119] INFO  server.Server (Server.java:doStart(415)) - Started @245978ms
2021-11-05 13:00:56,957 [Listener at 127.0.0.1/42119] WARN  impl.MetricsSystemImpl (MetricsSystemImpl.java:register(279)) - Sink prometheus already exists!
2021-11-05 13:00:56,958 [Listener at 127.0.0.1/42119] INFO  http.BaseHttpServer (BaseHttpServer.java:updateConnectorAddress(329)) - HTTP server of hddsDatanode listening at http://0.0.0.0:42167
2021-11-05 13:00:56,959 [Listener at 127.0.0.1/42119] INFO  ozone.MiniOzoneClusterImpl (MiniOzoneClusterImpl.java:lambda$waitForClusterToBeReady$0(235)) - Waiting for nodes to be ready. Got 6 of 7 DN Heartbeats.
2021-11-05 13:00:56,959 [Listener at 127.0.0.1/42119] INFO  ozone.MiniOzoneClusterImpl (MiniOzoneClusterImpl.java:lambda$waitForClusterToBeReady$0(238)) - Cluster exits safe mode
2021-11-05 13:00:56,959 [Listener at 127.0.0.1/42119] INFO  ozone.MiniOzoneClusterImpl (MiniOzoneClusterImpl.java:lambda$waitForClusterToBeReady$0(240)) - SCM became leader
2021-11-05 13:00:56,959 [Datanode State Machine Daemon Thread] INFO  statemachine.DatanodeStateMachine (DatanodeStateMachine.java:lambda$startDaemon$0(467)) - Ozone container server started.
2021-11-05 13:00:56,987 [org.apache.hadoop.util.JvmPauseMonitor$Monitor@6094508f] INFO  util.JvmPauseMonitor (JvmPauseMonitor.java:run(188)) - Starting JVM pause monitor
2021-11-05 13:00:57,960 [Listener at 127.0.0.1/42119] INFO  ozone.MiniOzoneClusterImpl (MiniOzoneClusterImpl.java:lambda$waitForClusterToBeReady$0(235)) - Waiting for nodes to be ready. Got 6 of 7 DN Heartbeats.
2021-11-05 13:00:57,960 [Listener at 127.0.0.1/42119] INFO  ozone.MiniOzoneClusterImpl (MiniOzoneClusterImpl.java:lambda$waitForClusterToBeReady$0(238)) - Cluster exits safe mode
2021-11-05 13:00:57,960 [Listener at 127.0.0.1/42119] INFO  ozone.MiniOzoneClusterImpl (MiniOzoneClusterImpl.java:lambda$waitForClusterToBeReady$0(240)) - SCM became leader
2021-11-05 13:00:58,964 [Listener at 127.0.0.1/42119] INFO  ozone.MiniOzoneClusterImpl (MiniOzoneClusterImpl.java:lambda$waitForClusterToBeReady$0(235)) - Waiting for nodes to be ready. Got 6 of 7 DN Heartbeats.
2021-11-05 13:00:58,964 [Listener at 127.0.0.1/42119] INFO  ozone.MiniOzoneClusterImpl (MiniOzoneClusterImpl.java:lambda$waitForClusterToBeReady$0(238)) - Cluster exits safe mode
2021-11-05 13:00:58,964 [Listener at 127.0.0.1/42119] INFO  ozone.MiniOzoneClusterImpl (MiniOzoneClusterImpl.java:lambda$waitForClusterToBeReady$0(240)) - SCM became leader
2021-11-05 13:00:59,025 [EndpointStateMachine task thread for /0.0.0.0:35591 - 0 ] INFO  ozoneimpl.OzoneContainer (OzoneContainer.java:start(304)) - Attempting to start container services.
2021-11-05 13:00:59,025 [EndpointStateMachine task thread for /0.0.0.0:35591 - 0 ] INFO  ozoneimpl.OzoneContainer (OzoneContainer.java:startContainerScrub(249)) - Background container scanner has been disabled.
2021-11-05 13:00:59,026 [EndpointStateMachine task thread for /0.0.0.0:35591 - 0 ] INFO  replication.ReplicationServer (ReplicationServer.java:start(107)) - ReplicationServer is started using port 42437
2021-11-05 13:00:59,026 [EndpointStateMachine task thread for /0.0.0.0:35591 - 0 ] INFO  ratis.XceiverServerRatis (XceiverServerRatis.java:start(484)) - Starting XceiverServerRatis 76ef4e66-eace-4a3b-a369-d2a815523a61
2021-11-05 13:00:59,027 [EndpointStateMachine task thread for /0.0.0.0:35591 - 0 ] INFO  server.RaftServer$Division (RaftServerImpl.java:start(301)) - 76ef4e66-eace-4a3b-a369-d2a815523a61@group-22F5320889A7: start as a follower, conf=0: [76ef4e66-eace-4a3b-a369-d2a815523a61|rpc:10.1.0.23:41987|dataStream:|priority:0, fa45fd2a-a6ef-4106-9a44-777d17a8e8f4|rpc:10.1.0.23:43989|dataStream:|priority:1, 3ae4cb20-15ad-4779-a013-5b0fdc3aaee7|rpc:10.1.0.23:35115|dataStream:|priority:0], old=null
2021-11-05 13:00:59,027 [EndpointStateMachine task thread for /0.0.0.0:35591 - 0 ] INFO  server.RaftServer$Division (RaftServerImpl.java:setRole(290)) - 76ef4e66-eace-4a3b-a369-d2a815523a61@group-22F5320889A7: changes role from      null to FOLLOWER at term 2 for startAsFollower
2021-11-05 13:00:59,027 [EndpointStateMachine task thread for /0.0.0.0:35591 - 0 ] INFO  impl.RoleInfo (RoleInfo.java:updateAndGet(130)) - 76ef4e66-eace-4a3b-a369-d2a815523a61: start 76ef4e66-eace-4a3b-a369-d2a815523a61@group-22F5320889A7-FollowerState
2021-11-05 13:00:59,027 [ForkJoinPool.commonPool-worker-1] INFO  server.RaftServer$Division (RaftServerImpl.java:start(301)) - 76ef4e66-eace-4a3b-a369-d2a815523a61@group-5D93FA255116: start as a follower, conf=0: [76ef4e66-eace-4a3b-a369-d2a815523a61|rpc:10.1.0.23:41987|dataStream:|priority:0, fa45fd2a-a6ef-4106-9a44-777d17a8e8f4|rpc:10.1.0.23:43989|dataStream:|priority:0, 3ae4cb20-15ad-4779-a013-5b0fdc3aaee7|rpc:10.1.0.23:35115|dataStream:|priority:1], old=null
2021-11-05 13:00:59,028 [ForkJoinPool.commonPool-worker-1] INFO  server.RaftServer$Division (RaftServerImpl.java:setRole(290)) - 76ef4e66-eace-4a3b-a369-d2a815523a61@group-5D93FA255116: changes role from      null to FOLLOWER at term 2 for startAsFollower
2021-11-05 13:00:59,028 [EndpointStateMachine task thread for /0.0.0.0:35591 - 0 ] INFO  util.JmxRegister (JmxRegister.java:tryRegister(44)) - Successfully registered JMX Bean with object name Ratis:service=RaftServer,group=group-22F5320889A7,id=76ef4e66-eace-4a3b-a369-d2a815523a61
2021-11-05 13:00:59,029 [EndpointStateMachine task thread for /0.0.0.0:35591 - 0 ] INFO  server.RaftServer$Division (RaftServerImpl.java:start(301)) - 76ef4e66-eace-4a3b-a369-d2a815523a61@group-05B35D5AA406: start as a follower, conf=0: [76ef4e66-eace-4a3b-a369-d2a815523a61|rpc:10.1.0.23:41987|dataStream:|priority:1], old=null
2021-11-05 13:00:59,029 [EndpointStateMachine task thread for /0.0.0.0:35591 - 0 ] INFO  server.RaftServer$Division (RaftServerImpl.java:setRole(290)) - 76ef4e66-eace-4a3b-a369-d2a815523a61@group-05B35D5AA406: changes role from      null to FOLLOWER at term 1 for startAsFollower
2021-11-05 13:00:59,029 [EndpointStateMachine task thread for /0.0.0.0:35591 - 0 ] INFO  impl.RoleInfo (RoleInfo.java:updateAndGet(130)) - 76ef4e66-eace-4a3b-a369-d2a815523a61: start 76ef4e66-eace-4a3b-a369-d2a815523a61@group-05B35D5AA406-FollowerState
2021-11-05 13:00:59,029 [EndpointStateMachine task thread for /0.0.0.0:35591 - 0 ] INFO  util.JmxRegister (JmxRegister.java:tryRegister(44)) - Successfully registered JMX Bean with object name Ratis:service=RaftServer,group=group-05B35D5AA406,id=76ef4e66-eace-4a3b-a369-d2a815523a61
2021-11-05 13:00:59,030 [EndpointStateMachine task thread for /0.0.0.0:35591 - 0 ] INFO  server.RaftServer$Division (RaftServerImpl.java:start(301)) - 76ef4e66-eace-4a3b-a369-d2a815523a61@group-46A48FF2B846: start as a follower, conf=0: [76ef4e66-eace-4a3b-a369-d2a815523a61|rpc:10.1.0.23:41987|dataStream:|priority:1, fa45fd2a-a6ef-4106-9a44-777d17a8e8f4|rpc:10.1.0.23:43989|dataStream:|priority:0, 3ae4cb20-15ad-4779-a013-5b0fdc3aaee7|rpc:10.1.0.23:35115|dataStream:|priority:0], old=null
2021-11-05 13:00:59,030 [EndpointStateMachine task thread for /0.0.0.0:35591 - 0 ] INFO  server.RaftServer$Division (RaftServerImpl.java:setRole(290)) - 76ef4e66-eace-4a3b-a369-d2a815523a61@group-46A48FF2B846: changes role from      null to FOLLOWER at term 1 for startAsFollower
2021-11-05 13:00:59,030 [EndpointStateMachine task thread for /0.0.0.0:35591 - 0 ] INFO  impl.RoleInfo (RoleInfo.java:updateAndGet(130)) - 76ef4e66-eace-4a3b-a369-d2a815523a61: start 76ef4e66-eace-4a3b-a369-d2a815523a61@group-46A48FF2B846-FollowerState
2021-11-05 13:00:59,030 [EndpointStateMachine task thread for /0.0.0.0:35591 - 0 ] INFO  util.JmxRegister (JmxRegister.java:tryRegister(44)) - Successfully registered JMX Bean with object name Ratis:service=RaftServer,group=group-46A48FF2B846,id=76ef4e66-eace-4a3b-a369-d2a815523a61
2021-11-05 13:00:59,031 [ForkJoinPool.commonPool-worker-1] INFO  impl.RoleInfo (RoleInfo.java:updateAndGet(130)) - 76ef4e66-eace-4a3b-a369-d2a815523a61: start 76ef4e66-eace-4a3b-a369-d2a815523a61@group-5D93FA255116-FollowerState
2021-11-05 13:00:59,031 [ForkJoinPool.commonPool-worker-1] INFO  util.JmxRegister (JmxRegister.java:tryRegister(44)) - Successfully registered JMX Bean with object name Ratis:service=RaftServer,group=group-5D93FA255116,id=76ef4e66-eace-4a3b-a369-d2a815523a61
2021-11-05 13:00:59,032 [EndpointStateMachine task thread for /0.0.0.0:35591 - 0 ] INFO  server.RaftServer (RaftServerProxy.java:lambda$start$5(374)) - 76ef4e66-eace-4a3b-a369-d2a815523a61: start RPC server
2021-11-05 13:00:59,037 [EndpointStateMachine task thread for /0.0.0.0:35591 - 0 ] INFO  server.GrpcService (GrpcService.java:startImpl(253)) - 76ef4e66-eace-4a3b-a369-d2a815523a61: GrpcService started, listening on 41987
2021-11-05 13:00:59,067 [EndpointStateMachine task thread for /0.0.0.0:35591 - 0 ] INFO  ratis.XceiverServerRatis (XceiverServerRatis.java:getRealPort(505)) - XceiverServerRatis 76ef4e66-eace-4a3b-a369-d2a815523a61 is started using port 41987 for RATIS
2021-11-05 13:00:59,067 [EndpointStateMachine task thread for /0.0.0.0:35591 - 0 ] INFO  ratis.XceiverServerRatis (XceiverServerRatis.java:getRealPort(505)) - XceiverServerRatis 76ef4e66-eace-4a3b-a369-d2a815523a61 is started using port 41987 for RATIS_ADMIN
2021-11-05 13:00:59,067 [EndpointStateMachine task thread for /0.0.0.0:35591 - 0 ] INFO  ratis.XceiverServerRatis (XceiverServerRatis.java:getRealPort(505)) - XceiverServerRatis 76ef4e66-eace-4a3b-a369-d2a815523a61 is started using port 41987 for RATIS_SERVER
2021-11-05 13:00:59,068 [org.apache.ratis.util.JvmPauseMonitor$$Lambda$531/328699815@5207764d] INFO  util.JvmPauseMonitor (JvmPauseMonitor.java:run(103)) - JvmPauseMonitor-76ef4e66-eace-4a3b-a369-d2a815523a61: Started
2021-11-05 13:00:59,964 [Listener at 127.0.0.1/42119] INFO  ozone.MiniOzoneClusterImpl (MiniOzoneClusterImpl.java:lambda$waitForClusterToBeReady$0(235)) - Waiting for nodes to be ready. Got 6 of 7 DN Heartbeats.
2021-11-05 13:00:59,964 [Listener at 127.0.0.1/42119] INFO  ozone.MiniOzoneClusterImpl (MiniOzoneClusterImpl.java:lambda$waitForClusterToBeReady$0(238)) - Cluster exits safe mode
2021-11-05 13:00:59,964 [Listener at 127.0.0.1/42119] INFO  ozone.MiniOzoneClusterImpl (MiniOzoneClusterImpl.java:lambda$waitForClusterToBeReady$0(240)) - SCM became leader
2021-11-05 13:01:00,964 [Listener at 127.0.0.1/42119] INFO  ozone.MiniOzoneClusterImpl (MiniOzoneClusterImpl.java:lambda$waitForClusterToBeReady$0(235)) - Waiting for nodes to be ready. Got 6 of 7 DN Heartbeats.
2021-11-05 13:01:00,965 [Listener at 127.0.0.1/42119] INFO  ozone.MiniOzoneClusterImpl (MiniOzoneClusterImpl.java:lambda$waitForClusterToBeReady$0(238)) - Cluster exits safe mode
2021-11-05 13:01:00,965 [Listener at 127.0.0.1/42119] INFO  ozone.MiniOzoneClusterImpl (MiniOzoneClusterImpl.java:lambda$waitForClusterToBeReady$0(240)) - SCM became leader
2021-11-05 13:01:01,002 [EventQueue-PipelineReportForPipelineReportHandler] INFO  pipeline.PipelineReportHandler (PipelineReportHandler.java:processPipelineReport(113)) - Reported pipeline PipelineID=31cdf347-9acf-41c8-b64f-46a48ff2b846 is not found
2021-11-05 13:01:01,002 [EventQueue-PipelineReportForPipelineReportHandler] INFO  pipeline.PipelineReportHandler (PipelineReportHandler.java:processPipelineReport(113)) - Reported pipeline PipelineID=bb7091f3-c5ce-4e13-86bd-5d93fa255116 is not found
2021-11-05 13:01:01,002 [EventQueue-PipelineReportForPipelineReportHandler] INFO  pipeline.PipelineReportHandler (PipelineReportHandler.java:processPipelineReport(113)) - Reported pipeline PipelineID=4477d87b-15ba-4f68-ae12-22f5320889a7 is not found
2021-11-05 13:01:01,002 [EventQueue-PipelineReportForPipelineReportHandler] INFO  pipeline.PipelineReportHandler (PipelineReportHandler.java:processPipelineReport(113)) - Reported pipeline PipelineID=e2469dc0-4f58-4d76-a3f8-05b35d5aa406 is not found
2021-11-05 13:01:01,965 [Listener at 127.0.0.1/42119] INFO  ozone.MiniOzoneClusterImpl (MiniOzoneClusterImpl.java:lambda$waitForClusterToBeReady$0(235)) - Waiting for nodes to be ready. Got 6 of 7 DN Heartbeats.
2021-11-05 13:01:01,965 [Listener at 127.0.0.1/42119] INFO  ozone.MiniOzoneClusterImpl (MiniOzoneClusterImpl.java:lambda$waitForClusterToBeReady$0(238)) - Cluster exits safe mode
2021-11-05 13:01:01,965 [Listener at 127.0.0.1/42119] INFO  ozone.MiniOzoneClusterImpl (MiniOzoneClusterImpl.java:lambda$waitForClusterToBeReady$0(240)) - SCM became leader
2021-11-05 13:01:02,965 [Listener at 127.0.0.1/42119] INFO  ozone.MiniOzoneClusterImpl (MiniOzoneClusterImpl.java:lambda$waitForClusterToBeReady$0(235)) - Waiting for nodes to be ready. Got 6 of 7 DN Heartbeats.
2021-11-05 13:01:02,965 [Listener at 127.0.0.1/42119] INFO  ozone.MiniOzoneClusterImpl (MiniOzoneClusterImpl.java:lambda$waitForClusterToBeReady$0(238)) - Cluster exits safe mode
2021-11-05 13:01:02,966 [Listener at 127.0.0.1/42119] INFO  ozone.MiniOzoneClusterImpl (MiniOzoneClusterImpl.java:lambda$waitForClusterToBeReady$0(240)) - SCM became leader
2021-11-05 13:01:03,120 [EventQueue-HealthyReadonlyNodeForHealthyReadOnlyNodeHandler] INFO  node.HealthyReadOnlyNodeHandler (HealthyReadOnlyNodeHandler.java:onMessage(58)) - Datanode 76ef4e66-eace-4a3b-a369-d2a815523a61{ip: 10.1.0.23, host: fv-az151-875.yf2hydr00wburbhx3j5hxtcipe.bx.internal.cloudapp.net, ports: [REPLICATION=43087, RATIS=41987, RATIS_ADMIN=41987, RATIS_SERVER=41987, STANDALONE=45779], networkLocation: /default-rack, certSerialId: null, persistedOpState: IN_SERVICE, persistedOpStateExpiryEpochSec: 0} moved to HEALTHY READONLY state.
2021-11-05 13:01:03,138 [EventQueue-HealthyReadonlyNodeForHealthyReadOnlyNodeHandler] INFO  net.NetworkTopologyImpl (NetworkTopologyImpl.java:add(112)) - Added a new node: /default-rack/76ef4e66-eace-4a3b-a369-d2a815523a61
2021-11-05 13:01:03,228 [EventQueue-HealthyReadonlyToHealthyNodeForReadOnlyHealthyToHealthyNodeHandler] INFO  node.ReadOnlyHealthyToHealthyNodeHandler (ReadOnlyHealthyToHealthyNodeHandler.java:onMessage(51)) - Datanode 76ef4e66-eace-4a3b-a369-d2a815523a61{ip: 10.1.0.23, host: fv-az151-875.yf2hydr00wburbhx3j5hxtcipe.bx.internal.cloudapp.net, ports: [REPLICATION=43087, RATIS=41987, RATIS_ADMIN=41987, RATIS_SERVER=41987, STANDALONE=45779], networkLocation: /default-rack, certSerialId: null, persistedOpState: IN_SERVICE, persistedOpStateExpiryEpochSec: 0} moved to HEALTHY state.
2021-11-05 13:01:03,228 [EventQueue-HealthyReadonlyToHealthyNodeForReadOnlyHealthyToHealthyNodeHandler] INFO  pipeline.BackgroundPipelineCreator (BackgroundPipelineCreator.java:notifyEventTriggered(285)) - trigger a one-shot run on RatisPipelineUtilsThread.
2021-11-05 13:01:03,236 [RatisPipelineUtilsThread - 0] INFO  pipeline.RatisPipelineProvider (RatisPipelineProvider.java:lambda$create$0(183)) - Sending CreatePipelineCommand for pipeline:PipelineID=50461385-cd45-4a49-8d47-31ba9bbb3b71 to datanode:76ef4e66-eace-4a3b-a369-d2a815523a61
2021-11-05 13:01:03,237 [RatisPipelineUtilsThread - 0] INFO  pipeline.PipelineStateManagerImpl (PipelineStateManagerImpl.java:addPipeline(101)) - Created pipeline Pipeline[ Id: 50461385-cd45-4a49-8d47-31ba9bbb3b71, Nodes: 76ef4e66-eace-4a3b-a369-d2a815523a61{ip: 10.1.0.23, host: fv-az151-875.yf2hydr00wburbhx3j5hxtcipe.bx.internal.cloudapp.net, ports: [REPLICATION=43087, RATIS=41987, RATIS_ADMIN=41987, RATIS_SERVER=41987, STANDALONE=45779], networkLocation: /default-rack, certSerialId: null, persistedOpState: IN_SERVICE, persistedOpStateExpiryEpochSec: 0}, ReplicationConfig: RATIS/ONE, State:ALLOCATED, leaderId:, CreationTimestamp2021-11-05T13:01:03.236Z[Etc/UTC]].
2021-11-05 13:01:03,237 [RatisPipelineUtilsThread - 0] INFO  pipeline.RatisPipelineProvider (RatisPipelineProvider.java:lambda$create$0(183)) - Sending CreatePipelineCommand for pipeline:PipelineID=10ba0849-46ec-45ca-8dca-a5b183601584 to datanode:76ef4e66-eace-4a3b-a369-d2a815523a61
2021-11-05 13:01:03,237 [RatisPipelineUtilsThread - 0] INFO  pipeline.RatisPipelineProvider (RatisPipelineProvider.java:lambda$create$0(183)) - Sending CreatePipelineCommand for pipeline:PipelineID=10ba0849-46ec-45ca-8dca-a5b183601584 to datanode:f0359a9b-bc21-4a61-b53d-8d2dd84c6fc1
2021-11-05 13:01:03,237 [RatisPipelineUtilsThread - 0] INFO  pipeline.RatisPipelineProvider (RatisPipelineProvider.java:lambda$create$0(183)) - Sending CreatePipelineCommand for pipeline:PipelineID=10ba0849-46ec-45ca-8dca-a5b183601584 to datanode:fa45fd2a-a6ef-4106-9a44-777d17a8e8f4
2021-11-05 13:01:03,237 [RatisPipelineUtilsThread - 0] INFO  pipeline.PipelineStateManagerImpl (PipelineStateManagerImpl.java:addPipeline(101)) - Created pipeline Pipeline[ Id: 10ba0849-46ec-45ca-8dca-a5b183601584, Nodes: 76ef4e66-eace-4a3b-a369-d2a815523a61{ip: 10.1.0.23, host: fv-az151-875.yf2hydr00wburbhx3j5hxtcipe.bx.internal.cloudapp.net, ports: [REPLICATION=43087, RATIS=41987, RATIS_ADMIN=41987, RATIS_SERVER=41987, STANDALONE=45779], networkLocation: /default-rack, certSerialId: null, persistedOpState: IN_SERVICE, persistedOpStateExpiryEpochSec: 0}f0359a9b-bc21-4a61-b53d-8d2dd84c6fc1{ip: 10.1.0.23, host: fv-az151-875.yf2hydr00wburbhx3j5hxtcipe.bx.internal.cloudapp.net, ports: [REPLICATION=42685, RATIS=44285, RATIS_ADMIN=44285, RATIS_SERVER=44285, STANDALONE=43041], networkLocation: /default-rack, certSerialId: null, persistedOpState: IN_SERVICE, persistedOpStateExpiryEpochSec: 0}fa45fd2a-a6ef-4106-9a44-777d17a8e8f4{ip: 10.1.0.23, host: fv-az151-875.yf2hydr00wburbhx3j5hxtcipe.bx.internal.cloudapp.net, ports: [REPLICATION=35839, RATIS=43989, RATIS_ADMIN=43989, RATIS_SERVER=43989, STANDALONE=44877], networkLocation: /default-rack, certSerialId: null, persistedOpState: IN_SERVICE, persistedOpStateExpiryEpochSec: 0}, ReplicationConfig: RATIS/THREE, State:ALLOCATED, leaderId:, CreationTimestamp2021-11-05T13:01:03.237Z[Etc/UTC]].
2021-11-05 13:01:03,238 [RatisPipelineUtilsThread - 0] INFO  pipeline.RatisPipelineProvider (RatisPipelineProvider.java:lambda$create$0(183)) - Sending CreatePipelineCommand for pipeline:PipelineID=8c80d07e-7785-4892-a8be-0869023e3dc0 to datanode:3ae4cb20-15ad-4779-a013-5b0fdc3aaee7
2021-11-05 13:01:03,238 [RatisPipelineUtilsThread - 0] INFO  pipeline.RatisPipelineProvider (RatisPipelineProvider.java:lambda$create$0(183)) - Sending CreatePipelineCommand for pipeline:PipelineID=8c80d07e-7785-4892-a8be-0869023e3dc0 to datanode:fa45fd2a-a6ef-4106-9a44-777d17a8e8f4
2021-11-05 13:01:03,238 [RatisPipelineUtilsThread - 0] INFO  pipeline.RatisPipelineProvider (RatisPipelineProvider.java:lambda$create$0(183)) - Sending CreatePipelineCommand for pipeline:PipelineID=8c80d07e-7785-4892-a8be-0869023e3dc0 to datanode:76ef4e66-eace-4a3b-a369-d2a815523a61
2021-11-05 13:01:03,238 [RatisPipelineUtilsThread - 0] INFO  pipeline.PipelineStateManagerImpl (PipelineStateManagerImpl.java:addPipeline(101)) - Created pipeline Pipeline[ Id: 8c80d07e-7785-4892-a8be-0869023e3dc0, Nodes: 3ae4cb20-15ad-4779-a013-5b0fdc3aaee7{ip: 10.1.0.23, host: fv-az151-875.yf2hydr00wburbhx3j5hxtcipe.bx.internal.cloudapp.net, ports: [REPLICATION=39333, RATIS=35115, RATIS_ADMIN=35115, RATIS_SERVER=35115, STANDALONE=41693], networkLocation: /default-rack, certSerialId: null, persistedOpState: IN_SERVICE, persistedOpStateExpiryEpochSec: 0}fa45fd2a-a6ef-4106-9a44-777d17a8e8f4{ip: 10.1.0.23, host: fv-az151-875.yf2hydr00wburbhx3j5hxtcipe.bx.internal.cloudapp.net, ports: [REPLICATION=35839, RATIS=43989, RATIS_ADMIN=43989, RATIS_SERVER=43989, STANDALONE=44877], networkLocation: /default-rack, certSerialId: null, persistedOpState: IN_SERVICE, persistedOpStateExpiryEpochSec: 0}76ef4e66-eace-4a3b-a369-d2a815523a61{ip: 10.1.0.23, host: fv-az151-875.yf2hydr00wburbhx3j5hxtcipe.bx.internal.cloudapp.net, ports: [REPLICATION=43087, RATIS=41987, RATIS_ADMIN=41987, RATIS_SERVER=41987, STANDALONE=45779], networkLocation: /default-rack, certSerialId: null, persistedOpState: IN_SERVICE, persistedOpStateExpiryEpochSec: 0}, ReplicationConfig: RATIS/THREE, State:ALLOCATED, leaderId:, CreationTimestamp2021-11-05T13:01:03.238Z[Etc/UTC]].
2021-11-05 13:01:03,238 [RatisPipelineUtilsThread - 0] INFO  pipeline.RatisPipelineProvider (RatisPipelineProvider.java:lambda$create$0(183)) - Sending CreatePipelineCommand for pipeline:PipelineID=e7fe834a-fc3c-45c7-9c57-48ccfd0e3bb8 to datanode:3ae4cb20-15ad-4779-a013-5b0fdc3aaee7
2021-11-05 13:01:03,239 [RatisPipelineUtilsThread - 0] INFO  pipeline.RatisPipelineProvider (RatisPipelineProvider.java:lambda$create$0(183)) - Sending CreatePipelineCommand for pipeline:PipelineID=e7fe834a-fc3c-45c7-9c57-48ccfd0e3bb8 to datanode:fa45fd2a-a6ef-4106-9a44-777d17a8e8f4
2021-11-05 13:01:03,239 [RatisPipelineUtilsThread - 0] INFO  pipeline.RatisPipelineProvider (RatisPipelineProvider.java:lambda$create$0(183)) - Sending CreatePipelineCommand for pipeline:PipelineID=e7fe834a-fc3c-45c7-9c57-48ccfd0e3bb8 to datanode:f0359a9b-bc21-4a61-b53d-8d2dd84c6fc1
2021-11-05 13:01:03,239 [RatisPipelineUtilsThread - 0] INFO  pipeline.PipelineStateManagerImpl (PipelineStateManagerImpl.java:addPipeline(101)) - Created pipeline Pipeline[ Id: e7fe834a-fc3c-45c7-9c57-48ccfd0e3bb8, Nodes: 3ae4cb20-15ad-4779-a013-5b0fdc3aaee7{ip: 10.1.0.23, host: fv-az151-875.yf2hydr00wburbhx3j5hxtcipe.bx.internal.cloudapp.net, ports: [REPLICATION=39333, RATIS=35115, RATIS_ADMIN=35115, RATIS_SERVER=35115, STANDALONE=41693], networkLocation: /default-rack, certSerialId: null, persistedOpState: IN_SERVICE, persistedOpStateExpiryEpochSec: 0}fa45fd2a-a6ef-4106-9a44-777d17a8e8f4{ip: 10.1.0.23, host: fv-az151-875.yf2hydr00wburbhx3j5hxtcipe.bx.internal.cloudapp.net, ports: [REPLICATION=35839, RATIS=43989, RATIS_ADMIN=43989, RATIS_SERVER=43989, STANDALONE=44877], networkLocation: /default-rack, certSerialId: null, persistedOpState: IN_SERVICE, persistedOpStateExpiryEpochSec: 0}f0359a9b-bc21-4a61-b53d-8d2dd84c6fc1{ip: 10.1.0.23, host: fv-az151-875.yf2hydr00wburbhx3j5hxtcipe.bx.internal.cloudapp.net, ports: [REPLICATION=42685, RATIS=44285, RATIS_ADMIN=44285, RATIS_SERVER=44285, STANDALONE=43041], networkLocation: /default-rack, certSerialId: null, persistedOpState: IN_SERVICE, persistedOpStateExpiryEpochSec: 0}, ReplicationConfig: RATIS/THREE, State:ALLOCATED, leaderId:, CreationTimestamp2021-11-05T13:01:03.238Z[Etc/UTC]].
2021-11-05 13:01:03,239 [RatisPipelineUtilsThread - 0] INFO  pipeline.RatisPipelineProvider (RatisPipelineProvider.java:lambda$create$0(183)) - Sending CreatePipelineCommand for pipeline:PipelineID=bd35d69c-0ad6-4da9-8c62-479bf459bc53 to datanode:76ef4e66-eace-4a3b-a369-d2a815523a61
2021-11-05 13:01:03,239 [RatisPipelineUtilsThread - 0] INFO  pipeline.RatisPipelineProvider (RatisPipelineProvider.java:lambda$create$0(183)) - Sending CreatePipelineCommand for pipeline:PipelineID=bd35d69c-0ad6-4da9-8c62-479bf459bc53 to datanode:3ae4cb20-15ad-4779-a013-5b0fdc3aaee7
2021-11-05 13:01:03,239 [RatisPipelineUtilsThread - 0] INFO  pipeline.RatisPipelineProvider (RatisPipelineProvider.java:lambda$create$0(183)) - Sending CreatePipelineCommand for pipeline:PipelineID=bd35d69c-0ad6-4da9-8c62-479bf459bc53 to datanode:f0359a9b-bc21-4a61-b53d-8d2dd84c6fc1
2021-11-05 13:01:03,239 [RatisPipelineUtilsThread - 0] INFO  pipeline.PipelineStateManagerImpl (PipelineStateManagerImpl.java:addPipeline(101)) - Created pipeline Pipeline[ Id: bd35d69c-0ad6-4da9-8c62-479bf459bc53, Nodes: 76ef4e66-eace-4a3b-a369-d2a815523a61{ip: 10.1.0.23, host: fv-az151-875.yf2hydr00wburbhx3j5hxtcipe.bx.internal.cloudapp.net, ports: [REPLICATION=43087, RATIS=41987, RATIS_ADMIN=41987, RATIS_SERVER=41987, STANDALONE=45779], networkLocation: /default-rack, certSerialId: null, persistedOpState: IN_SERVICE, persistedOpStateExpiryEpochSec: 0}3ae4cb20-15ad-4779-a013-5b0fdc3aaee7{ip: 10.1.0.23, host: fv-az151-875.yf2hydr00wburbhx3j5hxtcipe.bx.internal.cloudapp.net, ports: [REPLICATION=39333, RATIS=35115, RATIS_ADMIN=35115, RATIS_SERVER=35115, STANDALONE=41693], networkLocation: /default-rack, certSerialId: null, persistedOpState: IN_SERVICE, persistedOpStateExpiryEpochSec: 0}f0359a9b-bc21-4a61-b53d-8d2dd84c6fc1{ip: 10.1.0.23, host: fv-az151-875.yf2hydr00wburbhx3j5hxtcipe.bx.internal.cloudapp.net, ports: [REPLICATION=42685, RATIS=44285, RATIS_ADMIN=44285, RATIS_SERVER=44285, STANDALONE=43041], networkLocation: /default-rack, certSerialId: null, persistedOpState: IN_SERVICE, persistedOpStateExpiryEpochSec: 0}, ReplicationConfig: RATIS/THREE, State:ALLOCATED, leaderId:, CreationTimestamp2021-11-05T13:01:03.239Z[Etc/UTC]].
2021-11-05 13:01:03,966 [Listener at 127.0.0.1/42119] INFO  ozone.MiniOzoneClusterImpl (MiniOzoneClusterImpl.java:lambda$waitForClusterToBeReady$0(235)) - Nodes are ready. Got 7 of 7 DN Heartbeats.
2021-11-05 13:01:03,966 [Listener at 127.0.0.1/42119] INFO  ozone.MiniOzoneClusterImpl (MiniOzoneClusterImpl.java:lambda$waitForClusterToBeReady$0(238)) - Cluster exits safe mode
2021-11-05 13:01:03,966 [Listener at 127.0.0.1/42119] INFO  ozone.MiniOzoneClusterImpl (MiniOzoneClusterImpl.java:lambda$waitForClusterToBeReady$0(240)) - SCM became leader
2021-11-05 13:01:04,032 [Command processor thread] INFO  server.RaftServer (RaftServerProxy.java:remove(106)) - 76ef4e66-eace-4a3b-a369-d2a815523a61: remove  FOLLOWER 76ef4e66-eace-4a3b-a369-d2a815523a61@group-46A48FF2B846:t1, leader=null, voted=76ef4e66-eace-4a3b-a369-d2a815523a61, raftlog=76ef4e66-eace-4a3b-a369-d2a815523a61@group-46A48FF2B846-SegmentedRaftLog:OPENED:c0, conf=0: [76ef4e66-eace-4a3b-a369-d2a815523a61|rpc:10.1.0.23:41987|dataStream:|priority:1, fa45fd2a-a6ef-4106-9a44-777d17a8e8f4|rpc:10.1.0.23:43989|dataStream:|priority:0, 3ae4cb20-15ad-4779-a013-5b0fdc3aaee7|rpc:10.1.0.23:35115|dataStream:|priority:0], old=null RUNNING
2021-11-05 13:01:04,033 [Command processor thread] INFO  server.RaftServer$Division (RaftServerImpl.java:lambda$close$4(412)) - 76ef4e66-eace-4a3b-a369-d2a815523a61@group-46A48FF2B846: shutdown
2021-11-05 13:01:04,033 [Command processor thread] INFO  util.JmxRegister (JmxRegister.java:unregister(73)) - Successfully un-registered JMX Bean with object name Ratis:service=RaftServer,group=group-46A48FF2B846,id=76ef4e66-eace-4a3b-a369-d2a815523a61
2021-11-05 13:01:04,033 [Command processor thread] INFO  impl.RoleInfo (RoleInfo.java:shutdownFollowerState(108)) - 76ef4e66-eace-4a3b-a369-d2a815523a61: shutdown 76ef4e66-eace-4a3b-a369-d2a815523a61@group-46A48FF2B846-FollowerState
2021-11-05 13:01:04,033 [76ef4e66-eace-4a3b-a369-d2a815523a61@group-46A48FF2B846-FollowerState] INFO  impl.FollowerState (FollowerState.java:run(143)) - 76ef4e66-eace-4a3b-a369-d2a815523a61@group-46A48FF2B846-FollowerState was interrupted: {}
java.lang.InterruptedException: sleep interrupted
	at java.lang.Thread.sleep(Native Method)
	at java.lang.Thread.sleep(Thread.java:340)
	at java.util.concurrent.TimeUnit.sleep(TimeUnit.java:386)
	at org.apache.ratis.util.TimeDuration.sleep(TimeDuration.java:324)
	at org.apache.ratis.util.TimeDuration.sleep(TimeDuration.java:309)
	at org.apache.ratis.server.impl.FollowerState.run(FollowerState.java:118)
2021-11-05 13:01:04,036 [Command processor thread] INFO  impl.StateMachineUpdater (StateMachineUpdater.java:stopAndJoin(149)) - 76ef4e66-eace-4a3b-a369-d2a815523a61@group-46A48FF2B846-StateMachineUpdater: set stopIndex = 0
2021-11-05 13:01:04,036 [Command processor thread] INFO  server.RaftServer$Division (ServerState.java:close(419)) - 76ef4e66-eace-4a3b-a369-d2a815523a61@group-46A48FF2B846: closes. applyIndex: 0
2021-11-05 13:01:04,061 [76ef4e66-eace-4a3b-a369-d2a815523a61@group-46A48FF2B846-SegmentedRaftLogWorker] INFO  segmented.SegmentedRaftLogWorker (SegmentedRaftLogWorker.java:run(327)) - 76ef4e66-eace-4a3b-a369-d2a815523a61@group-46A48FF2B846-SegmentedRaftLogWorker was interrupted, exiting. There are 0 tasks remaining in the queue.
2021-11-05 13:01:04,069 [76ef4e66-eace-4a3b-a369-d2a815523a61@group-22F5320889A7-FollowerState] INFO  impl.FollowerState (FollowerState.java:run(134)) - 76ef4e66-eace-4a3b-a369-d2a815523a61@group-22F5320889A7-FollowerState: change to CANDIDATE, lastRpcElapsedTime:5041413235ns, electionTimeout:5040ms
2021-11-05 13:01:04,069 [76ef4e66-eace-4a3b-a369-d2a815523a61@group-22F5320889A7-FollowerState] INFO  impl.RoleInfo (RoleInfo.java:shutdownFollowerState(108)) - 76ef4e66-eace-4a3b-a369-d2a815523a61: shutdown 76ef4e66-eace-4a3b-a369-d2a815523a61@group-22F5320889A7-FollowerState
2021-11-05 13:01:04,069 [76ef4e66-eace-4a3b-a369-d2a815523a61@group-22F5320889A7-FollowerState] INFO  server.RaftServer$Division (RaftServerImpl.java:setRole(290)) - 76ef4e66-eace-4a3b-a369-d2a815523a61@group-22F5320889A7: changes role from  FOLLOWER to CANDIDATE at term 2 for changeToCandidate
2021-11-05 13:01:04,069 [76ef4e66-eace-4a3b-a369-d2a815523a61@group-22F5320889A7-FollowerState] INFO  server.RaftServerConfigKeys (ConfUtils.java:logGet(44)) - raft.server.leaderelection.pre-vote = false (custom)
2021-11-05 13:01:04,069 [76ef4e66-eace-4a3b-a369-d2a815523a61@group-22F5320889A7-FollowerState] INFO  impl.RoleInfo (RoleInfo.java:updateAndGet(130)) - 76ef4e66-eace-4a3b-a369-d2a815523a61: start 76ef4e66-eace-4a3b-a369-d2a815523a61@group-22F5320889A7-LeaderElection112
2021-11-05 13:01:04,122 [Command processor thread] INFO  segmented.SegmentedRaftLogWorker (SegmentedRaftLogWorker.java:close(237)) - 76ef4e66-eace-4a3b-a369-d2a815523a61@group-46A48FF2B846-SegmentedRaftLogWorker close()
2021-11-05 13:01:04,125 [76ef4e66-eace-4a3b-a369-d2a815523a61@group-22F5320889A7-LeaderElection112] INFO  impl.LeaderElection (LeaderElection.java:askForVotes(306)) - 76ef4e66-eace-4a3b-a369-d2a815523a61@group-22F5320889A7-LeaderElection112 ELECTION round 0: submit vote requests at term 3 for 0: [76ef4e66-eace-4a3b-a369-d2a815523a61|rpc:10.1.0.23:41987|dataStream:|priority:0, fa45fd2a-a6ef-4106-9a44-777d17a8e8f4|rpc:10.1.0.23:43989|dataStream:|priority:1, 3ae4cb20-15ad-4779-a013-5b0fdc3aaee7|rpc:10.1.0.23:35115|dataStream:|priority:0], old=null
2021-11-05 13:01:04,138 [76ef4e66-eace-4a3b-a369-d2a815523a61@group-5D93FA255116-FollowerState] INFO  impl.FollowerState (FollowerState.java:run(134)) - 76ef4e66-eace-4a3b-a369-d2a815523a61@group-5D93FA255116-FollowerState: change to CANDIDATE, lastRpcElapsedTime:5106519619ns, electionTimeout:5105ms
2021-11-05 13:01:04,138 [76ef4e66-eace-4a3b-a369-d2a815523a61@group-5D93FA255116-FollowerState] INFO  impl.RoleInfo (RoleInfo.java:shutdownFollowerState(108)) - 76ef4e66-eace-4a3b-a369-d2a815523a61: shutdown 76ef4e66-eace-4a3b-a369-d2a815523a61@group-5D93FA255116-FollowerState
2021-11-05 13:01:04,138 [76ef4e66-eace-4a3b-a369-d2a815523a61@group-5D93FA255116-FollowerState] INFO  server.RaftServer$Division (RaftServerImpl.java:setRole(290)) - 76ef4e66-eace-4a3b-a369-d2a815523a61@group-5D93FA255116: changes role from  FOLLOWER to CANDIDATE at term 2 for changeToCandidate
2021-11-05 13:01:04,139 [grpc-default-executor-3] WARN  server.GrpcServerProtocolService (LogUtils.java:warn(124)) - fa45fd2a-a6ef-4106-9a44-777d17a8e8f4: Failed requestVote 76ef4e66-eace-4a3b-a369-d2a815523a61->fa45fd2a-a6ef-4106-9a44-777d17a8e8f4#0
org.apache.ratis.protocol.exceptions.GroupMismatchException: fa45fd2a-a6ef-4106-9a44-777d17a8e8f4: group-22F5320889A7 not found.
	at org.apache.ratis.server.impl.RaftServerProxy$ImplMap.get(RaftServerProxy.java:147)
	at org.apache.ratis.server.impl.RaftServerProxy.getImplFuture(RaftServerProxy.java:339)
	at org.apache.ratis.server.impl.RaftServerProxy.getImpl(RaftServerProxy.java:348)
	at org.apache.ratis.server.impl.RaftServerProxy.getImpl(RaftServerProxy.java:343)
	at org.apache.ratis.server.impl.RaftServerProxy.requestVote(RaftServerProxy.java:548)
	at org.apache.ratis.grpc.server.GrpcServerProtocolService.requestVote(GrpcServerProtocolService.java:172)
	at org.apache.ratis.proto.grpc.RaftServerProtocolServiceGrpc$MethodHandlers.invoke(RaftServerProtocolServiceGrpc.java:394)
	at org.apache.ratis.thirdparty.io.grpc.stub.ServerCalls$UnaryServerCallHandler$UnaryServerCallListener.onHalfClose(ServerCalls.java:182)
	at org.apache.ratis.thirdparty.io.grpc.PartialForwardingServerCallListener.onHalfClose(PartialForwardingServerCallListener.java:35)
	at org.apache.ratis.thirdparty.io.grpc.ForwardingServerCallListener.onHalfClose(ForwardingServerCallListener.java:23)
	at org.apache.ratis.thirdparty.io.grpc.internal.ServerCallImpl$ServerStreamListenerImpl.halfClosed(ServerCallImpl.java:331)
	at org.apache.ratis.thirdparty.io.grpc.internal.ServerImpl$JumpToApplicationThreadServerStreamListener$1HalfClosed.runInContext(ServerImpl.java:814)
	at org.apache.ratis.thirdparty.io.grpc.internal.ContextRunnable.run(ContextRunnable.java:37)
	at org.apache.ratis.thirdparty.io.grpc.internal.SerializingExecutor.run(SerializingExecutor.java:123)
	at java.util.concurrent.ThreadPoolExecutor.runWorker(ThreadPoolExecutor.java:1149)
	at java.util.concurrent.ThreadPoolExecutor$Worker.run(ThreadPoolExecutor.java:624)
	at java.lang.Thread.run(Thread.java:748)
2021-11-05 13:01:04,141 [76ef4e66-eace-4a3b-a369-d2a815523a61@group-22F5320889A7-LeaderElection112] INFO  impl.LeaderElection (LogUtils.java:infoOrTrace(137)) - 76ef4e66-eace-4a3b-a369-d2a815523a61@group-22F5320889A7-LeaderElection112 got exception when requesting votes: java.util.concurrent.ExecutionException: org.apache.ratis.thirdparty.io.grpc.StatusRuntimeException: INTERNAL: fa45fd2a-a6ef-4106-9a44-777d17a8e8f4: group-22F5320889A7 not found.
2021-11-05 13:01:04,151 [76ef4e66-eace-4a3b-a369-d2a815523a61@group-05B35D5AA406-FollowerState] INFO  impl.FollowerState (FollowerState.java:run(134)) - 76ef4e66-eace-4a3b-a369-d2a815523a61@group-05B35D5AA406-FollowerState: change to CANDIDATE, lastRpcElapsedTime:5122486711ns, electionTimeout:5121ms
2021-11-05 13:01:04,151 [76ef4e66-eace-4a3b-a369-d2a815523a61@group-05B35D5AA406-FollowerState] INFO  impl.RoleInfo (RoleInfo.java:shutdownFollowerState(108)) - 76ef4e66-eace-4a3b-a369-d2a815523a61: shutdown 76ef4e66-eace-4a3b-a369-d2a815523a61@group-05B35D5AA406-FollowerState
2021-11-05 13:01:04,151 [76ef4e66-eace-4a3b-a369-d2a815523a61@group-05B35D5AA406-FollowerState] INFO  server.RaftServer$Division (RaftServerImpl.java:setRole(290)) - 76ef4e66-eace-4a3b-a369-d2a815523a61@group-05B35D5AA406: changes role from  FOLLOWER to CANDIDATE at term 1 for changeToCandidate
2021-11-05 13:01:04,152 [76ef4e66-eace-4a3b-a369-d2a815523a61@group-05B35D5AA406-FollowerState] INFO  server.RaftServerConfigKeys (ConfUtils.java:logGet(44)) - raft.server.leaderelection.pre-vote = false (custom)
2021-11-05 13:01:04,152 [76ef4e66-eace-4a3b-a369-d2a815523a61@group-05B35D5AA406-FollowerState] INFO  impl.RoleInfo (RoleInfo.java:updateAndGet(130)) - 76ef4e66-eace-4a3b-a369-d2a815523a61: start 76ef4e66-eace-4a3b-a369-d2a815523a61@group-05B35D5AA406-LeaderElection114
2021-11-05 13:01:04,153 [grpc-default-executor-3] WARN  server.GrpcServerProtocolService (LogUtils.java:warn(124)) - 3ae4cb20-15ad-4779-a013-5b0fdc3aaee7: Failed requestVote 76ef4e66-eace-4a3b-a369-d2a815523a61->3ae4cb20-15ad-4779-a013-5b0fdc3aaee7#0
org.apache.ratis.protocol.exceptions.GroupMismatchException: 3ae4cb20-15ad-4779-a013-5b0fdc3aaee7: group-22F5320889A7 not found.
	at org.apache.ratis.server.impl.RaftServerProxy$ImplMap.get(RaftServerProxy.java:147)
	at org.apache.ratis.server.impl.RaftServerProxy.getImplFuture(RaftServerProxy.java:339)
	at org.apache.ratis.server.impl.RaftServerProxy.getImpl(RaftServerProxy.java:348)
	at org.apache.ratis.server.impl.RaftServerProxy.getImpl(RaftServerProxy.java:343)
	at org.apache.ratis.server.impl.RaftServerProxy.requestVote(RaftServerProxy.java:548)
	at org.apache.ratis.grpc.server.GrpcServerProtocolService.requestVote(GrpcServerProtocolService.java:172)
	at org.apache.ratis.proto.grpc.RaftServerProtocolServiceGrpc$MethodHandlers.invoke(RaftServerProtocolServiceGrpc.java:394)
	at org.apache.ratis.thirdparty.io.grpc.stub.ServerCalls$UnaryServerCallHandler$UnaryServerCallListener.onHalfClose(ServerCalls.java:182)
	at org.apache.ratis.thirdparty.io.grpc.PartialForwardingServerCallListener.onHalfClose(PartialForwardingServerCallListener.java:35)
	at org.apache.ratis.thirdparty.io.grpc.ForwardingServerCallListener.onHalfClose(ForwardingServerCallListener.java:23)
	at org.apache.ratis.thirdparty.io.grpc.internal.ServerCallImpl$ServerStreamListenerImpl.halfClosed(ServerCallImpl.java:331)
	at org.apache.ratis.thirdparty.io.grpc.internal.ServerImpl$JumpToApplicationThreadServerStreamListener$1HalfClosed.runInContext(ServerImpl.java:814)
	at org.apache.ratis.thirdparty.io.grpc.internal.ContextRunnable.run(ContextRunnable.java:37)
	at org.apache.ratis.thirdparty.io.grpc.internal.SerializingExecutor.run(SerializingExecutor.java:123)
	at java.util.concurrent.ThreadPoolExecutor.runWorker(ThreadPoolExecutor.java:1149)
	at java.util.concurrent.ThreadPoolExecutor$Worker.run(ThreadPoolExecutor.java:624)
	at java.lang.Thread.run(Thread.java:748)
2021-11-05 13:01:04,181 [76ef4e66-eace-4a3b-a369-d2a815523a61@group-5D93FA255116-FollowerState] INFO  server.RaftServerConfigKeys (ConfUtils.java:logGet(44)) - raft.server.leaderelection.pre-vote = false (custom)
2021-11-05 13:01:04,181 [76ef4e66-eace-4a3b-a369-d2a815523a61@group-5D93FA255116-FollowerState] INFO  impl.RoleInfo (RoleInfo.java:updateAndGet(130)) - 76ef4e66-eace-4a3b-a369-d2a815523a61: start 76ef4e66-eace-4a3b-a369-d2a815523a61@group-5D93FA255116-LeaderElection113
2021-11-05 13:01:04,181 [76ef4e66-eace-4a3b-a369-d2a815523a61@group-22F5320889A7-LeaderElection112] INFO  impl.LeaderElection (LogUtils.java:infoOrTrace(137)) - 76ef4e66-eace-4a3b-a369-d2a815523a61@group-22F5320889A7-LeaderElection112 got exception when requesting votes: java.util.concurrent.ExecutionException: org.apache.ratis.thirdparty.io.grpc.StatusRuntimeException: INTERNAL: 3ae4cb20-15ad-4779-a013-5b0fdc3aaee7: group-22F5320889A7 not found.
2021-11-05 13:01:04,181 [76ef4e66-eace-4a3b-a369-d2a815523a61@group-22F5320889A7-LeaderElection112] INFO  impl.LeaderElection (LeaderElection.java:logAndReturn(89)) - 76ef4e66-eace-4a3b-a369-d2a815523a61@group-22F5320889A7-LeaderElection112: ELECTION REJECTED received 0 response(s) and 2 exception(s):
2021-11-05 13:01:04,181 [76ef4e66-eace-4a3b-a369-d2a815523a61@group-22F5320889A7-LeaderElection112] INFO  impl.LeaderElection (LogUtils.java:infoOrTrace(137)) -   Exception 0: java.util.concurrent.ExecutionException: org.apache.ratis.thirdparty.io.grpc.StatusRuntimeException: INTERNAL: fa45fd2a-a6ef-4106-9a44-777d17a8e8f4: group-22F5320889A7 not found.
2021-11-05 13:01:04,181 [76ef4e66-eace-4a3b-a369-d2a815523a61@group-22F5320889A7-LeaderElection112] INFO  impl.LeaderElection (LogUtils.java:infoOrTrace(137)) -   Exception 1: java.util.concurrent.ExecutionException: org.apache.ratis.thirdparty.io.grpc.StatusRuntimeException: INTERNAL: 3ae4cb20-15ad-4779-a013-5b0fdc3aaee7: group-22F5320889A7 not found.
2021-11-05 13:01:04,193 [Command processor thread] INFO  server.RaftServer$Division (RaftServerImpl.java:groupRemove(382)) - 76ef4e66-eace-4a3b-a369-d2a815523a61@group-46A48FF2B846: Succeed to remove RaftStorageDirectory Storage Directory /home/runner/work/ozone/ozone/hadoop-ozone/integration-test/target/test-dir/MiniOzoneClusterImpl-bdf76210-3e21-404e-9e17-65b92aec9f1a/datanode-0/data/ratis/31cdf347-9acf-41c8-b64f-46a48ff2b846
2021-11-05 13:01:04,193 [Command processor thread] INFO  commandhandler.ClosePipelineCommandHandler (ClosePipelineCommandHandler.java:handle(78)) - Close Pipeline PipelineID=31cdf347-9acf-41c8-b64f-46a48ff2b846 command on datanode 76ef4e66-eace-4a3b-a369-d2a815523a61.
2021-11-05 13:01:04,194 [Command processor thread] INFO  server.RaftServer (RaftServerProxy.java:remove(106)) - 76ef4e66-eace-4a3b-a369-d2a815523a61: remove CANDIDATE 76ef4e66-eace-4a3b-a369-d2a815523a61@group-5D93FA255116:t2, leader=null, voted=3ae4cb20-15ad-4779-a013-5b0fdc3aaee7, raftlog=76ef4e66-eace-4a3b-a369-d2a815523a61@group-5D93FA255116-SegmentedRaftLog:OPENED:c0, conf=0: [76ef4e66-eace-4a3b-a369-d2a815523a61|rpc:10.1.0.23:41987|dataStream:|priority:0, fa45fd2a-a6ef-4106-9a44-777d17a8e8f4|rpc:10.1.0.23:43989|dataStream:|priority:0, 3ae4cb20-15ad-4779-a013-5b0fdc3aaee7|rpc:10.1.0.23:35115|dataStream:|priority:1], old=null RUNNING
2021-11-05 13:01:04,194 [Command processor thread] INFO  server.RaftServer$Division (RaftServerImpl.java:lambda$close$4(412)) - 76ef4e66-eace-4a3b-a369-d2a815523a61@group-5D93FA255116: shutdown
2021-11-05 13:01:04,194 [Command processor thread] INFO  util.JmxRegister (JmxRegister.java:unregister(73)) - Successfully un-registered JMX Bean with object name Ratis:service=RaftServer,group=group-5D93FA255116,id=76ef4e66-eace-4a3b-a369-d2a815523a61
2021-11-05 13:01:04,194 [Command processor thread] INFO  impl.RoleInfo (RoleInfo.java:shutdownLeaderElection(121)) - 76ef4e66-eace-4a3b-a369-d2a815523a61: shutdown 76ef4e66-eace-4a3b-a369-d2a815523a61@group-5D93FA255116-LeaderElection113
2021-11-05 13:01:04,194 [Command processor thread] INFO  impl.StateMachineUpdater (StateMachineUpdater.java:stopAndJoin(149)) - 76ef4e66-eace-4a3b-a369-d2a815523a61@group-5D93FA255116-StateMachineUpdater: set stopIndex = 0
2021-11-05 13:01:04,194 [Command processor thread] INFO  server.RaftServer$Division (ServerState.java:close(419)) - 76ef4e66-eace-4a3b-a369-d2a815523a61@group-5D93FA255116: closes. applyIndex: 0
2021-11-05 13:01:04,195 [76ef4e66-eace-4a3b-a369-d2a815523a61@group-5D93FA255116-SegmentedRaftLogWorker] INFO  segmented.SegmentedRaftLogWorker (SegmentedRaftLogWorker.java:run(327)) - 76ef4e66-eace-4a3b-a369-d2a815523a61@group-5D93FA255116-SegmentedRaftLogWorker was interrupted, exiting. There are 0 tasks remaining in the queue.
2021-11-05 13:01:04,196 [Command processor thread] INFO  segmented.SegmentedRaftLogWorker (SegmentedRaftLogWorker.java:close(237)) - 76ef4e66-eace-4a3b-a369-d2a815523a61@group-5D93FA255116-SegmentedRaftLogWorker close()
2021-11-05 13:01:04,198 [Command processor thread] INFO  server.RaftServer$Division (RaftServerImpl.java:groupRemove(382)) - 76ef4e66-eace-4a3b-a369-d2a815523a61@group-5D93FA255116: Succeed to remove RaftStorageDirectory Storage Directory /home/runner/work/ozone/ozone/hadoop-ozone/integration-test/target/test-dir/MiniOzoneClusterImpl-bdf76210-3e21-404e-9e17-65b92aec9f1a/datanode-0/data/ratis/bb7091f3-c5ce-4e13-86bd-5d93fa255116
2021-11-05 13:01:04,198 [Command processor thread] INFO  commandhandler.ClosePipelineCommandHandler (ClosePipelineCommandHandler.java:handle(78)) - Close Pipeline PipelineID=bb7091f3-c5ce-4e13-86bd-5d93fa255116 command on datanode 76ef4e66-eace-4a3b-a369-d2a815523a61.
2021-11-05 13:01:04,198 [Command processor thread] INFO  server.RaftServer (RaftServerProxy.java:remove(106)) - 76ef4e66-eace-4a3b-a369-d2a815523a61: remove CANDIDATE 76ef4e66-eace-4a3b-a369-d2a815523a61@group-22F5320889A7:t3, leader=null, voted=76ef4e66-eace-4a3b-a369-d2a815523a61, raftlog=76ef4e66-eace-4a3b-a369-d2a815523a61@group-22F5320889A7-SegmentedRaftLog:OPENED:c0, conf=0: [76ef4e66-eace-4a3b-a369-d2a815523a61|rpc:10.1.0.23:41987|dataStream:|priority:0, fa45fd2a-a6ef-4106-9a44-777d17a8e8f4|rpc:10.1.0.23:43989|dataStream:|priority:1, 3ae4cb20-15ad-4779-a013-5b0fdc3aaee7|rpc:10.1.0.23:35115|dataStream:|priority:0], old=null RUNNING
2021-11-05 13:01:04,198 [Command processor thread] INFO  server.RaftServer$Division (RaftServerImpl.java:lambda$close$4(412)) - 76ef4e66-eace-4a3b-a369-d2a815523a61@group-22F5320889A7: shutdown
2021-11-05 13:01:04,198 [Command processor thread] INFO  util.JmxRegister (JmxRegister.java:unregister(73)) - Successfully un-registered JMX Bean with object name Ratis:service=RaftServer,group=group-22F5320889A7,id=76ef4e66-eace-4a3b-a369-d2a815523a61
2021-11-05 13:01:04,198 [Command processor thread] INFO  impl.RoleInfo (RoleInfo.java:shutdownLeaderElection(121)) - 76ef4e66-eace-4a3b-a369-d2a815523a61: shutdown 76ef4e66-eace-4a3b-a369-d2a815523a61@group-22F5320889A7-LeaderElection112
2021-11-05 13:01:04,199 [Command processor thread] INFO  impl.StateMachineUpdater (StateMachineUpdater.java:stopAndJoin(149)) - 76ef4e66-eace-4a3b-a369-d2a815523a61@group-22F5320889A7-StateMachineUpdater: set stopIndex = 0
2021-11-05 13:01:04,199 [Command processor thread] INFO  server.RaftServer$Division (ServerState.java:close(419)) - 76ef4e66-eace-4a3b-a369-d2a815523a61@group-22F5320889A7: closes. applyIndex: 0
2021-11-05 13:01:04,199 [76ef4e66-eace-4a3b-a369-d2a815523a61@group-22F5320889A7-SegmentedRaftLogWorker] INFO  segmented.SegmentedRaftLogWorker (SegmentedRaftLogWorker.java:run(327)) - 76ef4e66-eace-4a3b-a369-d2a815523a61@group-22F5320889A7-SegmentedRaftLogWorker was interrupted, exiting. There are 0 tasks remaining in the queue.
2021-11-05 13:01:04,200 [Command processor thread] INFO  segmented.SegmentedRaftLogWorker (SegmentedRaftLogWorker.java:close(237)) - 76ef4e66-eace-4a3b-a369-d2a815523a61@group-22F5320889A7-SegmentedRaftLogWorker close()
2021-11-05 13:01:04,202 [Command processor thread] INFO  server.RaftServer$Division (RaftServerImpl.java:groupRemove(382)) - 76ef4e66-eace-4a3b-a369-d2a815523a61@group-22F5320889A7: Succeed to remove RaftStorageDirectory Storage Directory /home/runner/work/ozone/ozone/hadoop-ozone/integration-test/target/test-dir/MiniOzoneClusterImpl-bdf76210-3e21-404e-9e17-65b92aec9f1a/datanode-0/data/ratis/4477d87b-15ba-4f68-ae12-22f5320889a7
2021-11-05 13:01:04,203 [Command processor thread] INFO  commandhandler.ClosePipelineCommandHandler (ClosePipelineCommandHandler.java:handle(78)) - Close Pipeline PipelineID=4477d87b-15ba-4f68-ae12-22f5320889a7 command on datanode 76ef4e66-eace-4a3b-a369-d2a815523a61.
2021-11-05 13:01:04,203 [Command processor thread] INFO  server.RaftServer (RaftServerProxy.java:remove(106)) - 76ef4e66-eace-4a3b-a369-d2a815523a61: remove CANDIDATE 76ef4e66-eace-4a3b-a369-d2a815523a61@group-05B35D5AA406:t2, leader=null, voted=76ef4e66-eace-4a3b-a369-d2a815523a61, raftlog=76ef4e66-eace-4a3b-a369-d2a815523a61@group-05B35D5AA406-SegmentedRaftLog:OPENED:c11, conf=0: [76ef4e66-eace-4a3b-a369-d2a815523a61|rpc:10.1.0.23:41987|dataStream:|priority:1], old=null RUNNING
2021-11-05 13:01:04,203 [Command processor thread] INFO  server.RaftServer$Division (RaftServerImpl.java:lambda$close$4(412)) - 76ef4e66-eace-4a3b-a369-d2a815523a61@group-05B35D5AA406: shutdown
2021-11-05 13:01:04,203 [Command processor thread] INFO  util.JmxRegister (JmxRegister.java:unregister(73)) - Successfully un-registered JMX Bean with object name Ratis:service=RaftServer,group=group-05B35D5AA406,id=76ef4e66-eace-4a3b-a369-d2a815523a61
2021-11-05 13:01:04,203 [Command processor thread] INFO  impl.RoleInfo (RoleInfo.java:shutdownLeaderElection(121)) - 76ef4e66-eace-4a3b-a369-d2a815523a61: shutdown 76ef4e66-eace-4a3b-a369-d2a815523a61@group-05B35D5AA406-LeaderElection114
2021-11-05 13:01:04,203 [Command processor thread] INFO  impl.StateMachineUpdater (StateMachineUpdater.java:stopAndJoin(149)) - 76ef4e66-eace-4a3b-a369-d2a815523a61@group-05B35D5AA406-StateMachineUpdater: set stopIndex = 11
2021-11-05 13:01:04,203 [Command processor thread] INFO  server.RaftServer$Division (ServerState.java:close(419)) - 76ef4e66-eace-4a3b-a369-d2a815523a61@group-05B35D5AA406: closes. applyIndex: 11
2021-11-05 13:01:04,203 [76ef4e66-eace-4a3b-a369-d2a815523a61@group-05B35D5AA406-SegmentedRaftLogWorker] INFO  segmented.SegmentedRaftLogWorker (SegmentedRaftLogWorker.java:run(327)) - 76ef4e66-eace-4a3b-a369-d2a815523a61@group-05B35D5AA406-SegmentedRaftLogWorker was interrupted, exiting. There are 0 tasks remaining in the queue.
2021-11-05 13:01:04,204 [Command processor thread] INFO  segmented.SegmentedRaftLogWorker (SegmentedRaftLogWorker.java:close(237)) - 76ef4e66-eace-4a3b-a369-d2a815523a61@group-05B35D5AA406-SegmentedRaftLogWorker close()
2021-11-05 13:01:04,218 [76ef4e66-eace-4a3b-a369-d2a815523a61@group-5D93FA255116-LeaderElection113] INFO  impl.LeaderElection (LeaderElection.java:run(230)) - 76ef4e66-eace-4a3b-a369-d2a815523a61@group-5D93FA255116-LeaderElection113: skip running since this is already CLOSING
2021-11-05 13:01:04,218 [76ef4e66-eace-4a3b-a369-d2a815523a61@group-22F5320889A7-LeaderElection112] INFO  impl.LeaderElection (LeaderElection.java:askForVotes(308)) - 76ef4e66-eace-4a3b-a369-d2a815523a61@group-22F5320889A7-LeaderElection112 ELECTION round 0: result REJECTED
2021-11-05 13:01:04,229 [Command processor thread] INFO  keyvalue.KeyValueContainer (KeyValueContainer.java:flushAndSyncDB(397)) - Container 1 is synced with bcsId 9.
2021-11-05 13:01:04,229 [Command processor thread] INFO  keyvalue.KeyValueContainer (KeyValueContainer.java:flushAndSyncDB(397)) - Container 1 is synced with bcsId 9.
2021-11-05 13:01:04,231 [76ef4e66-eace-4a3b-a369-d2a815523a61@group-05B35D5AA406-LeaderElection114] INFO  impl.LeaderElection (LeaderElection.java:askForVotes(306)) - 76ef4e66-eace-4a3b-a369-d2a815523a61@group-05B35D5AA406-LeaderElection114 ELECTION round 0: submit vote requests at term 2 for 0: [76ef4e66-eace-4a3b-a369-d2a815523a61|rpc:10.1.0.23:41987|dataStream:|priority:1], old=null
2021-11-05 13:01:04,231 [76ef4e66-eace-4a3b-a369-d2a815523a61@group-05B35D5AA406-LeaderElection114] INFO  impl.LeaderElection (LeaderElection.java:askForVotes(308)) - 76ef4e66-eace-4a3b-a369-d2a815523a61@group-05B35D5AA406-LeaderElection114 ELECTION round 0: result PASSED (term=2)
2021-11-05 13:01:04,232 [Command processor thread] INFO  server.RaftServer$Division (RaftServerImpl.java:groupRemove(382)) - 76ef4e66-eace-4a3b-a369-d2a815523a61@group-05B35D5AA406: Succeed to remove RaftStorageDirectory Storage Directory /home/runner/work/ozone/ozone/hadoop-ozone/integration-test/target/test-dir/MiniOzoneClusterImpl-bdf76210-3e21-404e-9e17-65b92aec9f1a/datanode-0/data/ratis/e2469dc0-4f58-4d76-a3f8-05b35d5aa406
2021-11-05 13:01:04,232 [Command processor thread] INFO  commandhandler.ClosePipelineCommandHandler (ClosePipelineCommandHandler.java:handle(78)) - Close Pipeline PipelineID=e2469dc0-4f58-4d76-a3f8-05b35d5aa406 command on datanode 76ef4e66-eace-4a3b-a369-d2a815523a61.
2021-11-05 13:01:04,232 [Command processor thread] INFO  server.RaftServer (RaftServerProxy.java:addNew(95)) - 76ef4e66-eace-4a3b-a369-d2a815523a61: addNew group-31BA9BBB3B71:[76ef4e66-eace-4a3b-a369-d2a815523a61|rpc:10.1.0.23:41987|priority:1] returns group-31BA9BBB3B71:java.util.concurrent.CompletableFuture@431b7b35[Not completed]
2021-11-05 13:01:04,234 [pool-693-thread-1] INFO  server.RaftServer$Division (RaftServerImpl.java:<init>(184)) - 76ef4e66-eace-4a3b-a369-d2a815523a61: new RaftServerImpl for group-31BA9BBB3B71:[76ef4e66-eace-4a3b-a369-d2a815523a61|rpc:10.1.0.23:41987|priority:1] with ContainerStateMachine:uninitialized
2021-11-05 13:01:04,234 [pool-693-thread-1] INFO  server.RaftServerConfigKeys (ConfUtils.java:logGet(44)) - raft.server.rpc.timeout.min = 5s (custom)
2021-11-05 13:01:04,234 [pool-693-thread-1] INFO  server.RaftServerConfigKeys (ConfUtils.java:logGet(44)) - raft.server.rpc.timeout.max = 5200ms (custom)
2021-11-05 13:01:04,234 [pool-693-thread-1] INFO  server.RaftServerConfigKeys (ConfUtils.java:logGet(44)) - raft.server.rpc.sleep.time = 25ms (default)
2021-11-05 13:01:04,234 [pool-693-thread-1] INFO  server.RaftServerConfigKeys (ConfUtils.java:logGet(44)) - raft.server.rpc.slowness.timeout = 300000ms (custom)
2021-11-05 13:01:04,234 [pool-693-thread-1] INFO  server.RaftServerConfigKeys (ConfUtils.java:logGet(44)) - raft.server.leaderelection.leader.step-down.wait-time = 10s (default)
2021-11-05 13:01:04,234 [pool-693-thread-1] INFO  server.RaftServerConfigKeys (ConfUtils.java:logGet(44)) - raft.server.sleep.deviation.threshold = 300ms (default)
2021-11-05 13:01:04,234 [pool-693-thread-1] INFO  server.RaftServerConfigKeys (ConfUtils.java:logGet(44)) - raft.server.log.appender.install.snapshot.enabled = false (custom)
2021-11-05 13:01:04,235 [pool-693-thread-1] INFO  server.RaftServer$Division (ServerState.java:<init>(105)) - 76ef4e66-eace-4a3b-a369-d2a815523a61@group-31BA9BBB3B71: ConfigurationManager, init=-1: [76ef4e66-eace-4a3b-a369-d2a815523a61|rpc:10.1.0.23:41987|priority:1], old=null, confs=<EMPTY_MAP>
2021-11-05 13:01:04,235 [pool-693-thread-1] INFO  server.RaftServerConfigKeys (ConfUtils.java:logGet(44)) - raft.server.storage.dir = [/home/runner/work/ozone/ozone/hadoop-ozone/integration-test/target/test-dir/MiniOzoneClusterImpl-bdf76210-3e21-404e-9e17-65b92aec9f1a/datanode-0/data/ratis] (custom)
2021-11-05 13:01:04,235 [pool-693-thread-1] INFO  server.RaftServerConfigKeys (ConfUtils.java:logGet(44)) - raft.server.log.corruption.policy = EXCEPTION (default)
2021-11-05 13:01:04,235 [pool-693-thread-1] INFO  server.RaftServerConfigKeys (ConfUtils.java:logGet(44)) - raft.server.storage.free-space.min = 0MB (=0) (default)
2021-11-05 13:01:04,235 [pool-693-thread-1] INFO  storage.RaftStorageDirectory (RaftStorageDirectoryImpl.java:analyzeStorage(135)) - The storage directory /home/runner/work/ozone/ozone/hadoop-ozone/integration-test/target/test-dir/MiniOzoneClusterImpl-bdf76210-3e21-404e-9e17-65b92aec9f1a/datanode-0/data/ratis/50461385-cd45-4a49-8d47-31ba9bbb3b71 does not exist. Creating ...
2021-11-05 13:01:04,235 [EventQueue-IncrementalContainerReportForIncrementalContainerReportHandler] INFO  container.IncrementalContainerReportHandler (AbstractContainerReportHandler.java:updateContainerState(216)) - Moving container #1 to QUASI_CLOSED state, datanode 76ef4e66-eace-4a3b-a369-d2a815523a61{ip: 10.1.0.23, host: fv-az151-875.yf2hydr00wburbhx3j5hxtcipe.bx.internal.cloudapp.net, ports: [REPLICATION=43087, RATIS=41987, RATIS_ADMIN=41987, RATIS_SERVER=41987, STANDALONE=45779], networkLocation: /default-rack, certSerialId: null, persistedOpState: IN_SERVICE, persistedOpStateExpiryEpochSec: 0} reported QUASI_CLOSED replica.
2021-11-05 13:01:04,239 [pool-693-thread-1] INFO  storage.RaftStorageDirectory (RaftStorageDirectoryImpl.java:tryLock(230)) - Lock on /home/runner/work/ozone/ozone/hadoop-ozone/integration-test/target/test-dir/MiniOzoneClusterImpl-bdf76210-3e21-404e-9e17-65b92aec9f1a/datanode-0/data/ratis/50461385-cd45-4a49-8d47-31ba9bbb3b71/in_use.lock acquired by nodename 10214@fv-az151-875
2021-11-05 13:01:04,241 [pool-693-thread-1] INFO  storage.RaftStorage (RaftStorageImpl.java:format(89)) - Storage directory /home/runner/work/ozone/ozone/hadoop-ozone/integration-test/target/test-dir/MiniOzoneClusterImpl-bdf76210-3e21-404e-9e17-65b92aec9f1a/datanode-0/data/ratis/50461385-cd45-4a49-8d47-31ba9bbb3b71 has been successfully formatted.
2021-11-05 13:01:04,241 [pool-693-thread-1] INFO  ratis.ContainerStateMachine (ContainerStateMachine.java:loadSnapshot(224)) - group-31BA9BBB3B71: The snapshot info is null. Setting the last applied indexto:(t:0, i:~)
2021-11-05 13:01:04,244 [pool-693-thread-1] INFO  server.RaftServerConfigKeys (ConfUtils.java:logGet(44)) - raft.server.notification.no-leader.timeout = 300000ms (custom)
2021-11-05 13:01:04,244 [pool-693-thread-1] INFO  server.RaftServerConfigKeys (ConfUtils.java:logGet(44)) - raft.server.log.use.memory = false (default)
2021-11-05 13:01:04,244 [pool-693-thread-1] INFO  server.RaftServerConfigKeys (ConfUtils.java:logGet(44)) - raft.server.log.purge.gap = 1000000 (custom)
2021-11-05 13:01:04,244 [pool-693-thread-1] INFO  server.RaftServerConfigKeys (ConfUtils.java:logGet(44)) - raft.server.log.appender.buffer.byte-limit = 33554432 (custom)
2021-11-05 13:01:04,244 [pool-693-thread-1] INFO  server.RaftServerConfigKeys (ConfUtils.java:logGet(44)) - raft.server.log.segment.size.max = 1048576 (custom)
2021-11-05 13:01:04,245 [pool-693-thread-1] INFO  server.RaftServerConfigKeys (ConfUtils.java:logGet(44)) - raft.server.log.segment.cache.num.max = 2 (custom)
2021-11-05 13:01:04,245 [pool-693-thread-1] INFO  server.RaftServerConfigKeys (ConfUtils.java:logGet(44)) - raft.server.log.segment.cache.size.max = 200MB (=209715200) (default)
2021-11-05 13:01:04,245 [pool-693-thread-1] INFO  segmented.SegmentedRaftLogWorker (SegmentedRaftLogWorker.java:<init>(182)) - new 76ef4e66-eace-4a3b-a369-d2a815523a61@group-31BA9BBB3B71-SegmentedRaftLogWorker for RaftStorageImpl:Storage Directory /home/runner/work/ozone/ozone/hadoop-ozone/integration-test/target/test-dir/MiniOzoneClusterImpl-bdf76210-3e21-404e-9e17-65b92aec9f1a/datanode-0/data/ratis/50461385-cd45-4a49-8d47-31ba9bbb3b71
2021-11-05 13:01:04,245 [pool-693-thread-1] INFO  server.RaftServerConfigKeys (ConfUtils.java:logGet(44)) - raft.server.log.queue.byte-limit = 2147483647 (custom)
2021-11-05 13:01:04,245 [pool-693-thread-1] INFO  server.RaftServerConfigKeys (ConfUtils.java:logGet(44)) - raft.server.log.queue.element-limit = 1024 (custom)
2021-11-05 13:01:04,245 [pool-693-thread-1] INFO  server.RaftServerConfigKeys (ConfUtils.java:logGet(44)) - raft.server.log.segment.size.max = 1048576 (custom)
2021-11-05 13:01:04,245 [pool-693-thread-1] INFO  server.RaftServerConfigKeys (ConfUtils.java:logGet(44)) - raft.server.log.preallocated.size = 16384 (custom)
2021-11-05 13:01:04,245 [pool-693-thread-1] INFO  server.RaftServerConfigKeys (ConfUtils.java:logGet(44)) - raft.server.log.force.sync.num = 128 (default)
2021-11-05 13:01:04,245 [pool-693-thread-1] INFO  server.RaftServerConfigKeys (ConfUtils.java:logGet(44)) - raft.server.log.statemachine.data.sync = true (default)
2021-11-05 13:01:04,245 [pool-693-thread-1] INFO  server.RaftServerConfigKeys (ConfUtils.java:logGet(44)) - raft.server.log.statemachine.data.sync.timeout = 10s (default)
2021-11-05 13:01:04,245 [pool-693-thread-1] INFO  server.RaftServerConfigKeys (ConfUtils.java:logGet(44)) - raft.server.log.statemachine.data.sync.timeout.retry = -1 (default)
2021-11-05 13:01:04,246 [pool-693-thread-1] INFO  server.RaftServerConfigKeys (ConfUtils.java:logGet(44)) - raft.server.log.write.buffer.size = 1048576 (custom)
2021-11-05 13:01:04,247 [pool-693-thread-1] INFO  server.RaftServerConfigKeys (ConfUtils.java:logGet(44)) - raft.server.log.statemachine.data.caching.enabled = true (custom)
2021-11-05 13:01:04,247 [pool-693-thread-1] INFO  segmented.SegmentedRaftLogWorker (SegmentedRaftLogWorker.java:lambda$new$0(133)) - 76ef4e66-eace-4a3b-a369-d2a815523a61@group-31BA9BBB3B71-SegmentedRaftLogWorker: flushIndex: setUnconditionally 0 -> -1
2021-11-05 13:01:04,247 [pool-693-thread-1] INFO  segmented.SegmentedRaftLogWorker (SegmentedRaftLogWorker.java:lambda$new$0(133)) - 76ef4e66-eace-4a3b-a369-d2a815523a61@group-31BA9BBB3B71-SegmentedRaftLogWorker: safeCacheEvictIndex: setUnconditionally 0 -> -1
2021-11-05 13:01:04,249 [EventQueue-PipelineReportForPipelineReportHandler] INFO  pipeline.PipelineManagerImpl (PipelineManagerImpl.java:openPipeline(289)) - Pipeline Pipeline[ Id: 50461385-cd45-4a49-8d47-31ba9bbb3b71, Nodes: 76ef4e66-eace-4a3b-a369-d2a815523a61{ip: 10.1.0.23, host: fv-az151-875.yf2hydr00wburbhx3j5hxtcipe.bx.internal.cloudapp.net, ports: [REPLICATION=43087, RATIS=41987, RATIS_ADMIN=41987, RATIS_SERVER=41987, STANDALONE=45779], networkLocation: /default-rack, certSerialId: null, persistedOpState: IN_SERVICE, persistedOpStateExpiryEpochSec: 0}, ReplicationConfig: RATIS/ONE, State:ALLOCATED, leaderId:76ef4e66-eace-4a3b-a369-d2a815523a61, CreationTimestamp2021-11-05T13:01:03.236Z[Etc/UTC]] moved to OPEN state
2021-11-05 13:01:04,271 [pool-693-thread-1] INFO  server.RaftServerConfigKeys (ConfUtils.java:logGet(44)) - raft.server.snapshot.auto.trigger.enabled = true (custom)
2021-11-05 13:01:04,271 [pool-693-thread-1] INFO  server.RaftServerConfigKeys (ConfUtils.java:logGet(44)) - raft.server.snapshot.auto.trigger.threshold = 10000 (custom)
2021-11-05 13:01:04,271 [pool-693-thread-1] INFO  server.RaftServerConfigKeys (ConfUtils.java:logGet(44)) - raft.server.snapshot.retention.file.num = 5 (custom)
2021-11-05 13:01:04,271 [pool-693-thread-1] INFO  server.RaftServerConfigKeys (ConfUtils.java:logGet(44)) - raft.server.log.purge.upto.snapshot.index = false (default)
2021-11-05 13:01:04,271 [pool-693-thread-1] INFO  server.RaftServerConfigKeys (ConfUtils.java:logGet(44)) - raft.server.retrycache.expirytime = 600000ms (custom)
2021-11-05 13:01:04,271 [pool-693-thread-1] INFO  server.RaftServerConfigKeys (ConfUtils.java:logGet(44)) - raft.server.retrycache.statistics.expirytime = 100μs (default)
2021-11-05 13:01:04,314 [Listener at 127.0.0.1/42119] INFO  ozone.MiniOzoneClusterImpl (MiniOzoneClusterImpl.java:shutdown(453)) - Shutting down the Mini Ozone Cluster
2021-11-05 13:01:04,336 [Listener at 127.0.0.1/42119] INFO  ozone.MiniOzoneClusterImpl (MiniOzoneClusterImpl.java:stop(468)) - Stopping the Mini Ozone Cluster
2021-11-05 13:01:04,336 [Listener at 127.0.0.1/42119] INFO  ozone.MiniOzoneClusterImpl (MiniOzoneClusterImpl.java:stopOM(550)) - Stopping the OzoneManager
2021-11-05 13:01:04,336 [Listener at 127.0.0.1/42119] INFO  om.OzoneManager (OzoneManager.java:stop(1697)) - Stopping Ozone Manager
2021-11-05 13:01:04,336 [Listener at 127.0.0.1/42119] INFO  ipc.Server (Server.java:stop(3414)) - Stopping server on 42119
2021-11-05 13:01:04,337 [pool-693-thread-1] INFO  server.RaftServer$Division (RaftServerImpl.java:start(301)) - 76ef4e66-eace-4a3b-a369-d2a815523a61@group-31BA9BBB3B71: start as a follower, conf=-1: [76ef4e66-eace-4a3b-a369-d2a815523a61|rpc:10.1.0.23:41987|priority:1], old=null
2021-11-05 13:01:04,337 [pool-693-thread-1] INFO  server.RaftServer$Division (RaftServerImpl.java:setRole(290)) - 76ef4e66-eace-4a3b-a369-d2a815523a61@group-31BA9BBB3B71: changes role from      null to FOLLOWER at term 0 for startAsFollower
2021-11-05 13:01:04,337 [pool-693-thread-1] INFO  impl.RoleInfo (RoleInfo.java:updateAndGet(130)) - 76ef4e66-eace-4a3b-a369-d2a815523a61: start 76ef4e66-eace-4a3b-a369-d2a815523a61@group-31BA9BBB3B71-FollowerState
2021-11-05 13:01:04,370 [IPC Server listener on 0] INFO  ipc.Server (Server.java:run(1376)) - Stopping IPC Server listener on 0
2021-11-05 13:01:04,383 [pool-693-thread-1] INFO  util.JmxRegister (JmxRegister.java:tryRegister(44)) - Successfully registered JMX Bean with object name Ratis:service=RaftServer,group=group-31BA9BBB3B71,id=76ef4e66-eace-4a3b-a369-d2a815523a61
2021-11-05 13:01:04,388 [Command processor thread] INFO  ratis.XceiverServerRatis (XceiverServerRatis.java:addGroup(768)) - Created group PipelineID=50461385-cd45-4a49-8d47-31ba9bbb3b71
2021-11-05 13:01:04,388 [Command processor thread] INFO  commandhandler.CreatePipelineCommandHandler (CreatePipelineCommandHandler.java:handle(106)) - Created Pipeline RATIS ONE PipelineID=50461385-cd45-4a49-8d47-31ba9bbb3b71.
2021-11-05 13:01:04,388 [Command processor thread] INFO  server.RaftServer (RaftServerProxy.java:addNew(95)) - 76ef4e66-eace-4a3b-a369-d2a815523a61: addNew group-A5B183601584:[f0359a9b-bc21-4a61-b53d-8d2dd84c6fc1|rpc:10.1.0.23:44285|priority:1, 76ef4e66-eace-4a3b-a369-d2a815523a61|rpc:10.1.0.23:41987|priority:0, fa45fd2a-a6ef-4106-9a44-777d17a8e8f4|rpc:10.1.0.23:43989|priority:0] returns group-A5B183601584:java.util.concurrent.CompletableFuture@48a750ff[Not completed]
2021-11-05 13:01:04,388 [pool-693-thread-1] INFO  server.RaftServer$Division (RaftServerImpl.java:<init>(184)) - 76ef4e66-eace-4a3b-a369-d2a815523a61: new RaftServerImpl for group-A5B183601584:[f0359a9b-bc21-4a61-b53d-8d2dd84c6fc1|rpc:10.1.0.23:44285|priority:1, 76ef4e66-eace-4a3b-a369-d2a815523a61|rpc:10.1.0.23:41987|priority:0, fa45fd2a-a6ef-4106-9a44-777d17a8e8f4|rpc:10.1.0.23:43989|priority:0] with ContainerStateMachine:uninitialized
2021-11-05 13:01:04,389 [pool-693-thread-1] INFO  server.RaftServerConfigKeys (ConfUtils.java:logGet(44)) - raft.server.rpc.timeout.min = 5s (custom)
2021-11-05 13:01:04,389 [pool-693-thread-1] INFO  server.RaftServerConfigKeys (ConfUtils.java:logGet(44)) - raft.server.rpc.timeout.max = 5200ms (custom)
2021-11-05 13:01:04,389 [pool-693-thread-1] INFO  server.RaftServerConfigKeys (ConfUtils.java:logGet(44)) - raft.server.rpc.sleep.time = 25ms (default)
2021-11-05 13:01:04,389 [pool-693-thread-1] INFO  server.RaftServerConfigKeys (ConfUtils.java:logGet(44)) - raft.server.rpc.slowness.timeout = 300000ms (custom)
2021-11-05 13:01:04,389 [pool-693-thread-1] INFO  server.RaftServerConfigKeys (ConfUtils.java:logGet(44)) - raft.server.leaderelection.leader.step-down.wait-time = 10s (default)
2021-11-05 13:01:04,389 [pool-693-thread-1] INFO  server.RaftServerConfigKeys (ConfUtils.java:logGet(44)) - raft.server.sleep.deviation.threshold = 300ms (default)
2021-11-05 13:01:04,389 [pool-693-thread-1] INFO  server.RaftServerConfigKeys (ConfUtils.java:logGet(44)) - raft.server.log.appender.install.snapshot.enabled = false (custom)
2021-11-05 13:01:04,389 [pool-693-thread-1] INFO  server.RaftServer$Division (ServerState.java:<init>(105)) - 76ef4e66-eace-4a3b-a369-d2a815523a61@group-A5B183601584: ConfigurationManager, init=-1: [f0359a9b-bc21-4a61-b53d-8d2dd84c6fc1|rpc:10.1.0.23:44285|priority:1, 76ef4e66-eace-4a3b-a369-d2a815523a61|rpc:10.1.0.23:41987|priority:0, fa45fd2a-a6ef-4106-9a44-777d17a8e8f4|rpc:10.1.0.23:43989|priority:0], old=null, confs=<EMPTY_MAP>
2021-11-05 13:01:04,389 [pool-693-thread-1] INFO  server.RaftServerConfigKeys (ConfUtils.java:logGet(44)) - raft.server.storage.dir = [/home/runner/work/ozone/ozone/hadoop-ozone/integration-test/target/test-dir/MiniOzoneClusterImpl-bdf76210-3e21-404e-9e17-65b92aec9f1a/datanode-0/data/ratis] (custom)
2021-11-05 13:01:04,389 [pool-693-thread-1] INFO  server.RaftServerConfigKeys (ConfUtils.java:logGet(44)) - raft.server.log.corruption.policy = EXCEPTION (default)
2021-11-05 13:01:04,389 [pool-693-thread-1] INFO  server.RaftServerConfigKeys (ConfUtils.java:logGet(44)) - raft.server.storage.free-space.min = 0MB (=0) (default)
2021-11-05 13:01:04,389 [pool-693-thread-1] INFO  storage.RaftStorageDirectory (RaftStorageDirectoryImpl.java:analyzeStorage(135)) - The storage directory /home/runner/work/ozone/ozone/hadoop-ozone/integration-test/target/test-dir/MiniOzoneClusterImpl-bdf76210-3e21-404e-9e17-65b92aec9f1a/datanode-0/data/ratis/10ba0849-46ec-45ca-8dca-a5b183601584 does not exist. Creating ...
2021-11-05 13:01:04,390 [IPC Server Responder] INFO  ipc.Server (Server.java:run(1512)) - Stopping IPC Server Responder
2021-11-05 13:01:04,390 [Listener at 127.0.0.1/42119] INFO  server.RaftServer (RaftServerProxy.java:lambda$close$6(391)) - om1: close
2021-11-05 13:01:04,392 [Listener at 127.0.0.1/42119] INFO  server.RaftServer$Division (RaftServerImpl.java:lambda$close$4(412)) - om1@group-C5BA1605619E: shutdown
2021-11-05 13:01:04,392 [Listener at 127.0.0.1/42119] INFO  util.JmxRegister (JmxRegister.java:unregister(73)) - Successfully un-registered JMX Bean with object name Ratis:service=RaftServer,group=group-C5BA1605619E,id=om1
2021-11-05 13:01:04,392 [Listener at 127.0.0.1/42119] INFO  impl.RoleInfo (RoleInfo.java:shutdownLeaderState(91)) - om1: shutdown om1@group-C5BA1605619E-LeaderStateImpl
2021-11-05 13:01:04,392 [Listener at 127.0.0.1/42119] INFO  impl.PendingRequests (PendingRequests.java:sendNotLeaderResponses(282)) - om1@group-C5BA1605619E-PendingRequests: sendNotLeaderResponses
2021-11-05 13:01:04,412 [Listener at 127.0.0.1/42119] INFO  impl.StateMachineUpdater (StateMachineUpdater.java:stopAndJoin(149)) - om1@group-C5BA1605619E-StateMachineUpdater: set stopIndex = 10
2021-11-05 13:01:04,416 [om1@group-C5BA1605619E-StateMachineUpdater] INFO  ratis.OzoneManagerStateMachine (OzoneManagerStateMachine.java:takeSnapshot(417)) - Current Snapshot Index (t:1, i:10)
2021-11-05 13:01:04,416 [om1@group-C5BA1605619E-StateMachineUpdater] INFO  impl.StateMachineUpdater (StateMachineUpdater.java:takeSnapshot(281)) - om1@group-C5BA1605619E-StateMachineUpdater: Took a snapshot at index 10
2021-11-05 13:01:04,416 [om1@group-C5BA1605619E-StateMachineUpdater] INFO  impl.StateMachineUpdater (StateMachineUpdater.java:lambda$new$0(89)) - om1@group-C5BA1605619E-StateMachineUpdater: snapshotIndex: updateIncreasingly -1 -> 10
2021-11-05 13:01:04,416 [om1@group-C5BA1605619E-StateMachineUpdater] INFO  ratis.OzoneManagerStateMachine (OzoneManagerStateMachine.java:close(471)) - StateMachine has shutdown. Shutdown OzoneManager if not already shutdown.
2021-11-05 13:01:04,416 [Listener at 127.0.0.1/42119] INFO  server.RaftServer$Division (ServerState.java:close(419)) - om1@group-C5BA1605619E: closes. applyIndex: 10
2021-11-05 13:01:04,416 [om1@group-C5BA1605619E-SegmentedRaftLogWorker] INFO  segmented.SegmentedRaftLogWorker (SegmentedRaftLogWorker.java:run(327)) - om1@group-C5BA1605619E-SegmentedRaftLogWorker was interrupted, exiting. There are 0 tasks remaining in the queue.
2021-11-05 13:01:04,426 [Listener at 127.0.0.1/42119] INFO  segmented.SegmentedRaftLogWorker (SegmentedRaftLogWorker.java:close(237)) - om1@group-C5BA1605619E-SegmentedRaftLogWorker close()
2021-11-05 13:01:04,426 [pool-693-thread-1] INFO  storage.RaftStorageDirectory (RaftStorageDirectoryImpl.java:tryLock(230)) - Lock on /home/runner/work/ozone/ozone/hadoop-ozone/integration-test/target/test-dir/MiniOzoneClusterImpl-bdf76210-3e21-404e-9e17-65b92aec9f1a/datanode-0/data/ratis/10ba0849-46ec-45ca-8dca-a5b183601584/in_use.lock acquired by nodename 10214@fv-az151-875
2021-11-05 13:01:04,428 [Listener at 127.0.0.1/42119] INFO  server.GrpcService (GrpcService.java:closeImpl(262)) - om1: shutdown server with port 9872 now
2021-11-05 13:01:04,428 [Listener at 127.0.0.1/42119] INFO  server.GrpcService (GrpcService.java:closeImpl(271)) - om1: shutdown server with port 9872 successfully
2021-11-05 13:01:04,428 [org.apache.ratis.util.JvmPauseMonitor$$Lambda$531/328699815@57e255b3] INFO  util.JvmPauseMonitor (JvmPauseMonitor.java:run(109)) - JvmPauseMonitor-om1: Stopped
2021-11-05 13:01:04,429 [pool-693-thread-1] INFO  storage.RaftStorage (RaftStorageImpl.java:format(89)) - Storage directory /home/runner/work/ozone/ozone/hadoop-ozone/integration-test/target/test-dir/MiniOzoneClusterImpl-bdf76210-3e21-404e-9e17-65b92aec9f1a/datanode-0/data/ratis/10ba0849-46ec-45ca-8dca-a5b183601584 has been successfully formatted.
2021-11-05 13:01:04,429 [pool-693-thread-1] INFO  ratis.ContainerStateMachine (ContainerStateMachine.java:loadSnapshot(224)) - group-A5B183601584: The snapshot info is null. Setting the last applied indexto:(t:0, i:~)
2021-11-05 13:01:04,429 [pool-693-thread-1] INFO  server.RaftServerConfigKeys (ConfUtils.java:logGet(44)) - raft.server.notification.no-leader.timeout = 300000ms (custom)
2021-11-05 13:01:04,429 [pool-693-thread-1] INFO  server.RaftServerConfigKeys (ConfUtils.java:logGet(44)) - raft.server.log.use.memory = false (default)
2021-11-05 13:01:04,429 [pool-693-thread-1] INFO  server.RaftServerConfigKeys (ConfUtils.java:logGet(44)) - raft.server.log.purge.gap = 1000000 (custom)
2021-11-05 13:01:04,429 [pool-693-thread-1] INFO  server.RaftServerConfigKeys (ConfUtils.java:logGet(44)) - raft.server.log.appender.buffer.byte-limit = 33554432 (custom)
2021-11-05 13:01:04,429 [pool-693-thread-1] INFO  server.RaftServerConfigKeys (ConfUtils.java:logGet(44)) - raft.server.log.segment.size.max = 1048576 (custom)
2021-11-05 13:01:04,430 [pool-693-thread-1] INFO  server.RaftServerConfigKeys (ConfUtils.java:logGet(44)) - raft.server.log.segment.cache.num.max = 2 (custom)
2021-11-05 13:01:04,430 [pool-693-thread-1] INFO  server.RaftServerConfigKeys (ConfUtils.java:logGet(44)) - raft.server.log.segment.cache.size.max = 200MB (=209715200) (default)
2021-11-05 13:01:04,430 [pool-693-thread-1] INFO  segmented.SegmentedRaftLogWorker (SegmentedRaftLogWorker.java:<init>(182)) - new 76ef4e66-eace-4a3b-a369-d2a815523a61@group-A5B183601584-SegmentedRaftLogWorker for RaftStorageImpl:Storage Directory /home/runner/work/ozone/ozone/hadoop-ozone/integration-test/target/test-dir/MiniOzoneClusterImpl-bdf76210-3e21-404e-9e17-65b92aec9f1a/datanode-0/data/ratis/10ba0849-46ec-45ca-8dca-a5b183601584
2021-11-05 13:01:04,430 [pool-693-thread-1] INFO  server.RaftServerConfigKeys (ConfUtils.java:logGet(44)) - raft.server.log.queue.byte-limit = 2147483647 (custom)
2021-11-05 13:01:04,430 [pool-693-thread-1] INFO  server.RaftServerConfigKeys (ConfUtils.java:logGet(44)) - raft.server.log.queue.element-limit = 1024 (custom)
2021-11-05 13:01:04,430 [pool-693-thread-1] INFO  server.RaftServerConfigKeys (ConfUtils.java:logGet(44)) - raft.server.log.segment.size.max = 1048576 (custom)
2021-11-05 13:01:04,430 [pool-693-thread-1] INFO  server.RaftServerConfigKeys (ConfUtils.java:logGet(44)) - raft.server.log.preallocated.size = 16384 (custom)
2021-11-05 13:01:04,430 [pool-693-thread-1] INFO  server.RaftServerConfigKeys (ConfUtils.java:logGet(44)) - raft.server.log.force.sync.num = 128 (default)
2021-11-05 13:01:04,430 [pool-693-thread-1] INFO  server.RaftServerConfigKeys (ConfUtils.java:logGet(44)) - raft.server.log.statemachine.data.sync = true (default)
2021-11-05 13:01:04,430 [pool-693-thread-1] INFO  server.RaftServerConfigKeys (ConfUtils.java:logGet(44)) - raft.server.log.statemachine.data.sync.timeout = 10s (default)
2021-11-05 13:01:04,430 [pool-693-thread-1] INFO  server.RaftServerConfigKeys (ConfUtils.java:logGet(44)) - raft.server.log.statemachine.data.sync.timeout.retry = -1 (default)
2021-11-05 13:01:04,431 [pool-693-thread-1] INFO  server.RaftServerConfigKeys (ConfUtils.java:logGet(44)) - raft.server.log.write.buffer.size = 1048576 (custom)
2021-11-05 13:01:04,432 [Listener at 127.0.0.1/42119] INFO  ratis.OzoneManagerDoubleBuffer (OzoneManagerDoubleBuffer.java:stop(437)) - Stopping OMDoubleBuffer flush thread
2021-11-05 13:01:04,432 [OMDoubleBufferFlushThread] INFO  ratis.OzoneManagerDoubleBuffer (OzoneManagerDoubleBuffer.java:flushTransactions(356)) - OMDoubleBuffer flush thread OMDoubleBufferFlushThread is interrupted and will exit. OMDoubleBufferFlushThread
2021-11-05 13:01:04,436 [Listener at 127.0.0.1/42119] INFO  utils.BackgroundService (BackgroundService.java:shutdown(132)) - Shutting down service KeyDeletingService
2021-11-05 13:01:04,436 [Listener at 127.0.0.1/42119] INFO  utils.BackgroundService (BackgroundService.java:shutdown(132)) - Shutting down service DirectoryDeletingService
2021-11-05 13:01:04,437 [Listener at 127.0.0.1/42119] INFO  handler.ContextHandler (ContextHandler.java:doStop(1153)) - Stopped o.e.j.w.WebAppContext@57e6eaa5{ozoneManager,/,null,STOPPED}{file:/home/runner/work/ozone/ozone/hadoop-ozone/integration-test/target/test-classes/webapps/ozoneManager}
2021-11-05 13:01:04,438 [Command processor thread] INFO  server.RaftServer (RaftServerProxy.java:addNew(95)) - 3ae4cb20-15ad-4779-a013-5b0fdc3aaee7: addNew group-0869023E3DC0:[76ef4e66-eace-4a3b-a369-d2a815523a61|rpc:10.1.0.23:41987|priority:0, fa45fd2a-a6ef-4106-9a44-777d17a8e8f4|rpc:10.1.0.23:43989|priority:0, 3ae4cb20-15ad-4779-a013-5b0fdc3aaee7|rpc:10.1.0.23:35115|priority:1] returns group-0869023E3DC0:java.util.concurrent.CompletableFuture@2d24268c[Not completed]
2021-11-05 13:01:04,439 [Listener at 127.0.0.1/42119] INFO  server.AbstractConnector (AbstractConnector.java:doStop(381)) - Stopped ServerConnector@6911e438{HTTP/1.1, (http/1.1)}{0.0.0.0:0}
2021-11-05 13:01:04,440 [Listener at 127.0.0.1/42119] INFO  server.session (HouseKeeper.java:stopScavenging(149)) - node0 Stopped scavenging
2021-11-05 13:01:04,440 [Listener at 127.0.0.1/42119] INFO  handler.ContextHandler (ContextHandler.java:doStop(1153)) - Stopped o.e.j.s.ServletContextHandler@64c25947{static,/static,file:///home/runner/work/ozone/ozone/hadoop-ozone/integration-test/target/test-classes/webapps/static,STOPPED}
2021-11-05 13:01:04,444 [Listener at 127.0.0.1/42119] INFO  handler.ContextHandler (ContextHandler.java:doStop(1153)) - Stopped o.e.j.s.ServletContextHandler@37f66c22{logs,/logs,file:///home/runner/work/ozone/ozone/hadoop-ozone/integration-test/target/log,STOPPED}
2021-11-05 13:01:04,440 [pool-559-thread-1] INFO  server.RaftServer$Division (RaftServerImpl.java:<init>(184)) - 3ae4cb20-15ad-4779-a013-5b0fdc3aaee7: new RaftServerImpl for group-0869023E3DC0:[76ef4e66-eace-4a3b-a369-d2a815523a61|rpc:10.1.0.23:41987|priority:0, fa45fd2a-a6ef-4106-9a44-777d17a8e8f4|rpc:10.1.0.23:43989|priority:0, 3ae4cb20-15ad-4779-a013-5b0fdc3aaee7|rpc:10.1.0.23:35115|priority:1] with ContainerStateMachine:uninitialized
2021-11-05 13:01:04,444 [pool-559-thread-1] INFO  server.RaftServerConfigKeys (ConfUtils.java:logGet(44)) - raft.server.rpc.timeout.min = 5s (custom)
2021-11-05 13:01:04,444 [pool-559-thread-1] INFO  server.RaftServerConfigKeys (ConfUtils.java:logGet(44)) - raft.server.rpc.timeout.max = 5200ms (custom)
2021-11-05 13:01:04,444 [pool-559-thread-1] INFO  server.RaftServerConfigKeys (ConfUtils.java:logGet(44)) - raft.server.rpc.sleep.time = 25ms (default)
2021-11-05 13:01:04,444 [pool-559-thread-1] INFO  server.RaftServerConfigKeys (ConfUtils.java:logGet(44)) - raft.server.rpc.slowness.timeout = 300000ms (custom)
2021-11-05 13:01:04,444 [pool-559-thread-1] INFO  server.RaftServerConfigKeys (ConfUtils.java:logGet(44)) - raft.server.leaderelection.leader.step-down.wait-time = 10s (default)
2021-11-05 13:01:04,444 [pool-559-thread-1] INFO  server.RaftServerConfigKeys (ConfUtils.java:logGet(44)) - raft.server.sleep.deviation.threshold = 300ms (default)
2021-11-05 13:01:04,444 [pool-559-thread-1] INFO  server.RaftServerConfigKeys (ConfUtils.java:logGet(44)) - raft.server.log.appender.install.snapshot.enabled = false (custom)
2021-11-05 13:01:04,444 [pool-559-thread-1] INFO  server.RaftServer$Division (ServerState.java:<init>(105)) - 3ae4cb20-15ad-4779-a013-5b0fdc3aaee7@group-0869023E3DC0: ConfigurationManager, init=-1: [76ef4e66-eace-4a3b-a369-d2a815523a61|rpc:10.1.0.23:41987|priority:0, fa45fd2a-a6ef-4106-9a44-777d17a8e8f4|rpc:10.1.0.23:43989|priority:0, 3ae4cb20-15ad-4779-a013-5b0fdc3aaee7|rpc:10.1.0.23:35115|priority:1], old=null, confs=<EMPTY_MAP>
2021-11-05 13:01:04,445 [pool-559-thread-1] INFO  server.RaftServerConfigKeys (ConfUtils.java:logGet(44)) - raft.server.storage.dir = [/home/runner/work/ozone/ozone/hadoop-ozone/integration-test/target/test-dir/MiniOzoneClusterImpl-bdf76210-3e21-404e-9e17-65b92aec9f1a/datanode-2/data/ratis] (custom)
2021-11-05 13:01:04,445 [pool-559-thread-1] INFO  server.RaftServerConfigKeys (ConfUtils.java:logGet(44)) - raft.server.log.corruption.policy = EXCEPTION (default)
2021-11-05 13:01:04,445 [pool-559-thread-1] INFO  server.RaftServerConfigKeys (ConfUtils.java:logGet(44)) - raft.server.storage.free-space.min = 0MB (=0) (default)
2021-11-05 13:01:04,445 [pool-559-thread-1] INFO  storage.RaftStorageDirectory (RaftStorageDirectoryImpl.java:analyzeStorage(135)) - The storage directory /home/runner/work/ozone/ozone/hadoop-ozone/integration-test/target/test-dir/MiniOzoneClusterImpl-bdf76210-3e21-404e-9e17-65b92aec9f1a/datanode-2/data/ratis/8c80d07e-7785-4892-a8be-0869023e3dc0 does not exist. Creating ...
2021-11-05 13:01:04,446 [pool-693-thread-1] INFO  server.RaftServerConfigKeys (ConfUtils.java:logGet(44)) - raft.server.log.statemachine.data.caching.enabled = true (custom)
2021-11-05 13:01:04,446 [pool-693-thread-1] INFO  segmented.SegmentedRaftLogWorker (SegmentedRaftLogWorker.java:lambda$new$0(133)) - 76ef4e66-eace-4a3b-a369-d2a815523a61@group-A5B183601584-SegmentedRaftLogWorker: flushIndex: setUnconditionally 0 -> -1
2021-11-05 13:01:04,452 [pool-693-thread-1] INFO  segmented.SegmentedRaftLogWorker (SegmentedRaftLogWorker.java:lambda$new$0(133)) - 76ef4e66-eace-4a3b-a369-d2a815523a61@group-A5B183601584-SegmentedRaftLogWorker: safeCacheEvictIndex: setUnconditionally 0 -> -1
2021-11-05 13:01:04,446 [pool-559-thread-1] INFO  storage.RaftStorageDirectory (RaftStorageDirectoryImpl.java:tryLock(230)) - Lock on /home/runner/work/ozone/ozone/hadoop-ozone/integration-test/target/test-dir/MiniOzoneClusterImpl-bdf76210-3e21-404e-9e17-65b92aec9f1a/datanode-2/data/ratis/8c80d07e-7785-4892-a8be-0869023e3dc0/in_use.lock acquired by nodename 10214@fv-az151-875
2021-11-05 13:01:04,457 [pool-559-thread-1] INFO  storage.RaftStorage (RaftStorageImpl.java:format(89)) - Storage directory /home/runner/work/ozone/ozone/hadoop-ozone/integration-test/target/test-dir/MiniOzoneClusterImpl-bdf76210-3e21-404e-9e17-65b92aec9f1a/datanode-2/data/ratis/8c80d07e-7785-4892-a8be-0869023e3dc0 has been successfully formatted.
2021-11-05 13:01:04,467 [Command processor thread] INFO  server.RaftServer (RaftServerProxy.java:addNew(95)) - fa45fd2a-a6ef-4106-9a44-777d17a8e8f4: addNew group-A5B183601584:[f0359a9b-bc21-4a61-b53d-8d2dd84c6fc1|rpc:10.1.0.23:44285|priority:1, 76ef4e66-eace-4a3b-a369-d2a815523a61|rpc:10.1.0.23:41987|priority:0, fa45fd2a-a6ef-4106-9a44-777d17a8e8f4|rpc:10.1.0.23:43989|priority:0] returns group-A5B183601584:java.util.concurrent.CompletableFuture@79e0995e[Not completed]
2021-11-05 13:01:04,468 [pool-540-thread-1] INFO  server.RaftServer$Division (RaftServerImpl.java:<init>(184)) - fa45fd2a-a6ef-4106-9a44-777d17a8e8f4: new RaftServerImpl for group-A5B183601584:[f0359a9b-bc21-4a61-b53d-8d2dd84c6fc1|rpc:10.1.0.23:44285|priority:1, 76ef4e66-eace-4a3b-a369-d2a815523a61|rpc:10.1.0.23:41987|priority:0, fa45fd2a-a6ef-4106-9a44-777d17a8e8f4|rpc:10.1.0.23:43989|priority:0] with ContainerStateMachine:uninitialized
2021-11-05 13:01:04,468 [pool-540-thread-1] INFO  server.RaftServerConfigKeys (ConfUtils.java:logGet(44)) - raft.server.rpc.timeout.min = 5s (custom)
2021-11-05 13:01:04,468 [pool-540-thread-1] INFO  server.RaftServerConfigKeys (ConfUtils.java:logGet(44)) - raft.server.rpc.timeout.max = 5200ms (custom)
2021-11-05 13:01:04,468 [pool-540-thread-1] INFO  server.RaftServerConfigKeys (ConfUtils.java:logGet(44)) - raft.server.rpc.sleep.time = 25ms (default)
2021-11-05 13:01:04,468 [pool-540-thread-1] INFO  server.RaftServerConfigKeys (ConfUtils.java:logGet(44)) - raft.server.rpc.slowness.timeout = 300000ms (custom)
2021-11-05 13:01:04,468 [pool-540-thread-1] INFO  server.RaftServerConfigKeys (ConfUtils.java:logGet(44)) - raft.server.leaderelection.leader.step-down.wait-time = 10s (default)
2021-11-05 13:01:04,468 [pool-540-thread-1] INFO  server.RaftServerConfigKeys (ConfUtils.java:logGet(44)) - raft.server.sleep.deviation.threshold = 300ms (default)
2021-11-05 13:01:04,468 [pool-540-thread-1] INFO  server.RaftServerConfigKeys (ConfUtils.java:logGet(44)) - raft.server.log.appender.install.snapshot.enabled = false (custom)
2021-11-05 13:01:04,468 [pool-540-thread-1] INFO  server.RaftServer$Division (ServerState.java:<init>(105)) - fa45fd2a-a6ef-4106-9a44-777d17a8e8f4@group-A5B183601584: ConfigurationManager, init=-1: [f0359a9b-bc21-4a61-b53d-8d2dd84c6fc1|rpc:10.1.0.23:44285|priority:1, 76ef4e66-eace-4a3b-a369-d2a815523a61|rpc:10.1.0.23:41987|priority:0, fa45fd2a-a6ef-4106-9a44-777d17a8e8f4|rpc:10.1.0.23:43989|priority:0], old=null, confs=<EMPTY_MAP>
2021-11-05 13:01:04,468 [pool-540-thread-1] INFO  server.RaftServerConfigKeys (ConfUtils.java:logGet(44)) - raft.server.storage.dir = [/home/runner/work/ozone/ozone/hadoop-ozone/integration-test/target/test-dir/MiniOzoneClusterImpl-bdf76210-3e21-404e-9e17-65b92aec9f1a/datanode-1/data/ratis] (custom)
2021-11-05 13:01:04,468 [pool-540-thread-1] INFO  server.RaftServerConfigKeys (ConfUtils.java:logGet(44)) - raft.server.log.corruption.policy = EXCEPTION (default)
2021-11-05 13:01:04,468 [pool-540-thread-1] INFO  server.RaftServerConfigKeys (ConfUtils.java:logGet(44)) - raft.server.storage.free-space.min = 0MB (=0) (default)
2021-11-05 13:01:04,468 [pool-540-thread-1] INFO  storage.RaftStorageDirectory (RaftStorageDirectoryImpl.java:analyzeStorage(135)) - The storage directory /home/runner/work/ozone/ozone/hadoop-ozone/integration-test/target/test-dir/MiniOzoneClusterImpl-bdf76210-3e21-404e-9e17-65b92aec9f1a/datanode-1/data/ratis/10ba0849-46ec-45ca-8dca-a5b183601584 does not exist. Creating ...
2021-11-05 13:01:04,472 [pool-540-thread-1] INFO  storage.RaftStorageDirectory (RaftStorageDirectoryImpl.java:tryLock(230)) - Lock on /home/runner/work/ozone/ozone/hadoop-ozone/integration-test/target/test-dir/MiniOzoneClusterImpl-bdf76210-3e21-404e-9e17-65b92aec9f1a/datanode-1/data/ratis/10ba0849-46ec-45ca-8dca-a5b183601584/in_use.lock acquired by nodename 10214@fv-az151-875
2021-11-05 13:01:04,475 [pool-540-thread-1] INFO  storage.RaftStorage (RaftStorageImpl.java:format(89)) - Storage directory /home/runner/work/ozone/ozone/hadoop-ozone/integration-test/target/test-dir/MiniOzoneClusterImpl-bdf76210-3e21-404e-9e17-65b92aec9f1a/datanode-1/data/ratis/10ba0849-46ec-45ca-8dca-a5b183601584 has been successfully formatted.
2021-11-05 13:01:04,498 [pool-693-thread-1] INFO  server.RaftServerConfigKeys (ConfUtils.java:logGet(44)) - raft.server.snapshot.auto.trigger.enabled = true (custom)
2021-11-05 13:01:04,498 [pool-693-thread-1] INFO  server.RaftServerConfigKeys (ConfUtils.java:logGet(44)) - raft.server.snapshot.auto.trigger.threshold = 10000 (custom)
2021-11-05 13:01:04,498 [pool-693-thread-1] INFO  server.RaftServerConfigKeys (ConfUtils.java:logGet(44)) - raft.server.snapshot.retention.file.num = 5 (custom)
2021-11-05 13:01:04,498 [pool-693-thread-1] INFO  server.RaftServerConfigKeys (ConfUtils.java:logGet(44)) - raft.server.log.purge.upto.snapshot.index = false (default)
2021-11-05 13:01:04,498 [pool-693-thread-1] INFO  server.RaftServerConfigKeys (ConfUtils.java:logGet(44)) - raft.server.retrycache.expirytime = 600000ms (custom)
2021-11-05 13:01:04,498 [pool-693-thread-1] INFO  server.RaftServerConfigKeys (ConfUtils.java:logGet(44)) - raft.server.retrycache.statistics.expirytime = 100μs (default)
2021-11-05 13:01:04,499 [pool-693-thread-1] INFO  server.RaftServer$Division (RaftServerImpl.java:start(301)) - 76ef4e66-eace-4a3b-a369-d2a815523a61@group-A5B183601584: start as a follower, conf=-1: [f0359a9b-bc21-4a61-b53d-8d2dd84c6fc1|rpc:10.1.0.23:44285|priority:1, 76ef4e66-eace-4a3b-a369-d2a815523a61|rpc:10.1.0.23:41987|priority:0, fa45fd2a-a6ef-4106-9a44-777d17a8e8f4|rpc:10.1.0.23:43989|priority:0], old=null
2021-11-05 13:01:04,500 [pool-693-thread-1] INFO  server.RaftServer$Division (RaftServerImpl.java:setRole(290)) - 76ef4e66-eace-4a3b-a369-d2a815523a61@group-A5B183601584: changes role from      null to FOLLOWER at term 0 for startAsFollower
2021-11-05 13:01:04,504 [pool-693-thread-1] INFO  impl.RoleInfo (RoleInfo.java:updateAndGet(130)) - 76ef4e66-eace-4a3b-a369-d2a815523a61: start 76ef4e66-eace-4a3b-a369-d2a815523a61@group-A5B183601584-FollowerState
2021-11-05 13:01:04,504 [pool-540-thread-1] INFO  ratis.ContainerStateMachine (ContainerStateMachine.java:loadSnapshot(224)) - group-A5B183601584: The snapshot info is null. Setting the last applied indexto:(t:0, i:~)
2021-11-05 13:01:04,504 [pool-540-thread-1] INFO  server.RaftServerConfigKeys (ConfUtils.java:logGet(44)) - raft.server.notification.no-leader.timeout = 300000ms (custom)
2021-11-05 13:01:04,504 [pool-540-thread-1] INFO  server.RaftServerConfigKeys (ConfUtils.java:logGet(44)) - raft.server.log.use.memory = false (default)
2021-11-05 13:01:04,504 [pool-540-thread-1] INFO  server.RaftServerConfigKeys (ConfUtils.java:logGet(44)) - raft.server.log.purge.gap = 1000000 (custom)
2021-11-05 13:01:04,504 [pool-540-thread-1] INFO  server.RaftServerConfigKeys (ConfUtils.java:logGet(44)) - raft.server.log.appender.buffer.byte-limit = 33554432 (custom)
2021-11-05 13:01:04,505 [pool-540-thread-1] INFO  server.RaftServerConfigKeys (ConfUtils.java:logGet(44)) - raft.server.log.segment.size.max = 1048576 (custom)
2021-11-05 13:01:04,505 [pool-540-thread-1] INFO  server.RaftServerConfigKeys (ConfUtils.java:logGet(44)) - raft.server.log.segment.cache.num.max = 2 (custom)
2021-11-05 13:01:04,505 [pool-540-thread-1] INFO  server.RaftServerConfigKeys (ConfUtils.java:logGet(44)) - raft.server.log.segment.cache.size.max = 200MB (=209715200) (default)
2021-11-05 13:01:04,505 [pool-540-thread-1] INFO  segmented.SegmentedRaftLogWorker (SegmentedRaftLogWorker.java:<init>(182)) - new fa45fd2a-a6ef-4106-9a44-777d17a8e8f4@group-A5B183601584-SegmentedRaftLogWorker for RaftStorageImpl:Storage Directory /home/runner/work/ozone/ozone/hadoop-ozone/integration-test/target/test-dir/MiniOzoneClusterImpl-bdf76210-3e21-404e-9e17-65b92aec9f1a/datanode-1/data/ratis/10ba0849-46ec-45ca-8dca-a5b183601584
2021-11-05 13:01:04,505 [pool-540-thread-1] INFO  server.RaftServerConfigKeys (ConfUtils.java:logGet(44)) - raft.server.log.queue.byte-limit = 2147483647 (custom)
2021-11-05 13:01:04,505 [pool-540-thread-1] INFO  server.RaftServerConfigKeys (ConfUtils.java:logGet(44)) - raft.server.log.queue.element-limit = 1024 (custom)
2021-11-05 13:01:04,505 [pool-540-thread-1] INFO  server.RaftServerConfigKeys (ConfUtils.java:logGet(44)) - raft.server.log.segment.size.max = 1048576 (custom)
2021-11-05 13:01:04,505 [pool-540-thread-1] INFO  server.RaftServerConfigKeys (ConfUtils.java:logGet(44)) - raft.server.log.preallocated.size = 16384 (custom)
2021-11-05 13:01:04,505 [pool-540-thread-1] INFO  server.RaftServerConfigKeys (ConfUtils.java:logGet(44)) - raft.server.log.force.sync.num = 128 (default)
2021-11-05 13:01:04,505 [pool-540-thread-1] INFO  server.RaftServerConfigKeys (ConfUtils.java:logGet(44)) - raft.server.log.statemachine.data.sync = true (default)
2021-11-05 13:01:04,505 [pool-540-thread-1] INFO  server.RaftServerConfigKeys (ConfUtils.java:logGet(44)) - raft.server.log.statemachine.data.sync.timeout = 10s (default)
2021-11-05 13:01:04,505 [pool-540-thread-1] INFO  server.RaftServerConfigKeys (ConfUtils.java:logGet(44)) - raft.server.log.statemachine.data.sync.timeout.retry = -1 (default)
2021-11-05 13:01:04,528 [pool-693-thread-1] INFO  util.JmxRegister (JmxRegister.java:tryRegister(44)) - Successfully registered JMX Bean with object name Ratis:service=RaftServer,group=group-A5B183601584,id=76ef4e66-eace-4a3b-a369-d2a815523a61
2021-11-05 13:01:04,549 [pool-559-thread-1] INFO  ratis.ContainerStateMachine (ContainerStateMachine.java:loadSnapshot(224)) - group-0869023E3DC0: The snapshot info is null. Setting the last applied indexto:(t:0, i:~)
2021-11-05 13:01:04,549 [pool-559-thread-1] INFO  server.RaftServerConfigKeys (ConfUtils.java:logGet(44)) - raft.server.notification.no-leader.timeout = 300000ms (custom)
2021-11-05 13:01:04,549 [pool-559-thread-1] INFO  server.RaftServerConfigKeys (ConfUtils.java:logGet(44)) - raft.server.log.use.memory = false (default)
2021-11-05 13:01:04,549 [pool-559-thread-1] INFO  server.RaftServerConfigKeys (ConfUtils.java:logGet(44)) - raft.server.log.purge.gap = 1000000 (custom)
2021-11-05 13:01:04,549 [pool-559-thread-1] INFO  server.RaftServerConfigKeys (ConfUtils.java:logGet(44)) - raft.server.log.appender.buffer.byte-limit = 33554432 (custom)
2021-11-05 13:01:04,550 [pool-559-thread-1] INFO  server.RaftServerConfigKeys (ConfUtils.java:logGet(44)) - raft.server.log.segment.size.max = 1048576 (custom)
2021-11-05 13:01:04,550 [pool-559-thread-1] INFO  server.RaftServerConfigKeys (ConfUtils.java:logGet(44)) - raft.server.log.segment.cache.num.max = 2 (custom)
2021-11-05 13:01:04,550 [pool-559-thread-1] INFO  server.RaftServerConfigKeys (ConfUtils.java:logGet(44)) - raft.server.log.segment.cache.size.max = 200MB (=209715200) (default)
2021-11-05 13:01:04,550 [pool-559-thread-1] INFO  segmented.SegmentedRaftLogWorker (SegmentedRaftLogWorker.java:<init>(182)) - new 3ae4cb20-15ad-4779-a013-5b0fdc3aaee7@group-0869023E3DC0-SegmentedRaftLogWorker for RaftStorageImpl:Storage Directory /home/runner/work/ozone/ozone/hadoop-ozone/integration-test/target/test-dir/MiniOzoneClusterImpl-bdf76210-3e21-404e-9e17-65b92aec9f1a/datanode-2/data/ratis/8c80d07e-7785-4892-a8be-0869023e3dc0
2021-11-05 13:01:04,550 [pool-559-thread-1] INFO  server.RaftServerConfigKeys (ConfUtils.java:logGet(44)) - raft.server.log.queue.byte-limit = 2147483647 (custom)
2021-11-05 13:01:04,550 [pool-559-thread-1] INFO  server.RaftServerConfigKeys (ConfUtils.java:logGet(44)) - raft.server.log.queue.element-limit = 1024 (custom)
2021-11-05 13:01:04,550 [pool-559-thread-1] INFO  server.RaftServerConfigKeys (ConfUtils.java:logGet(44)) - raft.server.log.segment.size.max = 1048576 (custom)
2021-11-05 13:01:04,550 [pool-559-thread-1] INFO  server.RaftServerConfigKeys (ConfUtils.java:logGet(44)) - raft.server.log.preallocated.size = 16384 (custom)
2021-11-05 13:01:04,550 [pool-559-thread-1] INFO  server.RaftServerConfigKeys (ConfUtils.java:logGet(44)) - raft.server.log.force.sync.num = 128 (default)
2021-11-05 13:01:04,550 [pool-559-thread-1] INFO  server.RaftServerConfigKeys (ConfUtils.java:logGet(44)) - raft.server.log.statemachine.data.sync = true (default)
2021-11-05 13:01:04,550 [pool-559-thread-1] INFO  server.RaftServerConfigKeys (ConfUtils.java:logGet(44)) - raft.server.log.statemachine.data.sync.timeout = 10s (default)
2021-11-05 13:01:04,550 [pool-559-thread-1] INFO  server.RaftServerConfigKeys (ConfUtils.java:logGet(44)) - raft.server.log.statemachine.data.sync.timeout.retry = -1 (default)
2021-11-05 13:01:04,551 [pool-559-thread-1] INFO  server.RaftServerConfigKeys (ConfUtils.java:logGet(44)) - raft.server.log.write.buffer.size = 1048576 (custom)
2021-11-05 13:01:04,571 [pool-559-thread-1] INFO  server.RaftServerConfigKeys (ConfUtils.java:logGet(44)) - raft.server.log.statemachine.data.caching.enabled = true (custom)
2021-11-05 13:01:04,576 [pool-559-thread-1] INFO  segmented.SegmentedRaftLogWorker (SegmentedRaftLogWorker.java:lambda$new$0(133)) - 3ae4cb20-15ad-4779-a013-5b0fdc3aaee7@group-0869023E3DC0-SegmentedRaftLogWorker: flushIndex: setUnconditionally 0 -> -1
2021-11-05 13:01:04,576 [pool-559-thread-1] INFO  segmented.SegmentedRaftLogWorker (SegmentedRaftLogWorker.java:lambda$new$0(133)) - 3ae4cb20-15ad-4779-a013-5b0fdc3aaee7@group-0869023E3DC0-SegmentedRaftLogWorker: safeCacheEvictIndex: setUnconditionally 0 -> -1
2021-11-05 13:01:04,600 [pool-559-thread-1] INFO  server.RaftServerConfigKeys (ConfUtils.java:logGet(44)) - raft.server.snapshot.auto.trigger.enabled = true (custom)
2021-11-05 13:01:04,600 [pool-559-thread-1] INFO  server.RaftServerConfigKeys (ConfUtils.java:logGet(44)) - raft.server.snapshot.auto.trigger.threshold = 10000 (custom)
2021-11-05 13:01:04,600 [pool-559-thread-1] INFO  server.RaftServerConfigKeys (ConfUtils.java:logGet(44)) - raft.server.snapshot.retention.file.num = 5 (custom)
2021-11-05 13:01:04,601 [pool-559-thread-1] INFO  server.RaftServerConfigKeys (ConfUtils.java:logGet(44)) - raft.server.log.purge.upto.snapshot.index = false (default)
2021-11-05 13:01:04,601 [pool-559-thread-1] INFO  server.RaftServerConfigKeys (ConfUtils.java:logGet(44)) - raft.server.retrycache.expirytime = 600000ms (custom)
2021-11-05 13:01:04,601 [pool-559-thread-1] INFO  server.RaftServerConfigKeys (ConfUtils.java:logGet(44)) - raft.server.retrycache.statistics.expirytime = 100μs (default)
2021-11-05 13:01:04,602 [pool-559-thread-1] INFO  server.RaftServer$Division (RaftServerImpl.java:start(301)) - 3ae4cb20-15ad-4779-a013-5b0fdc3aaee7@group-0869023E3DC0: start as a follower, conf=-1: [76ef4e66-eace-4a3b-a369-d2a815523a61|rpc:10.1.0.23:41987|priority:0, fa45fd2a-a6ef-4106-9a44-777d17a8e8f4|rpc:10.1.0.23:43989|priority:0, 3ae4cb20-15ad-4779-a013-5b0fdc3aaee7|rpc:10.1.0.23:35115|priority:1], old=null
2021-11-05 13:01:04,602 [pool-559-thread-1] INFO  server.RaftServer$Division (RaftServerImpl.java:setRole(290)) - 3ae4cb20-15ad-4779-a013-5b0fdc3aaee7@group-0869023E3DC0: changes role from      null to FOLLOWER at term 0 for startAsFollower
2021-11-05 13:01:04,602 [pool-559-thread-1] INFO  impl.RoleInfo (RoleInfo.java:updateAndGet(130)) - 3ae4cb20-15ad-4779-a013-5b0fdc3aaee7: start 3ae4cb20-15ad-4779-a013-5b0fdc3aaee7@group-0869023E3DC0-FollowerState
2021-11-05 13:01:04,616 [pool-559-thread-1] INFO  util.JmxRegister (JmxRegister.java:tryRegister(44)) - Successfully registered JMX Bean with object name Ratis:service=RaftServer,group=group-0869023E3DC0,id=3ae4cb20-15ad-4779-a013-5b0fdc3aaee7
2021-11-05 13:01:04,620 [Command processor thread] INFO  ratis.XceiverServerRatis (XceiverServerRatis.java:addGroup(768)) - Created group PipelineID=10ba0849-46ec-45ca-8dca-a5b183601584
2021-11-05 13:01:04,623 [pool-540-thread-1] INFO  server.RaftServerConfigKeys (ConfUtils.java:logGet(44)) - raft.server.log.write.buffer.size = 1048576 (custom)
2021-11-05 13:01:04,624 [pool-540-thread-1] INFO  server.RaftServerConfigKeys (ConfUtils.java:logGet(44)) - raft.server.log.statemachine.data.caching.enabled = true (custom)
2021-11-05 13:01:04,624 [pool-540-thread-1] INFO  segmented.SegmentedRaftLogWorker (SegmentedRaftLogWorker.java:lambda$new$0(133)) - fa45fd2a-a6ef-4106-9a44-777d17a8e8f4@group-A5B183601584-SegmentedRaftLogWorker: flushIndex: setUnconditionally 0 -> -1
2021-11-05 13:01:04,624 [pool-540-thread-1] INFO  segmented.SegmentedRaftLogWorker (SegmentedRaftLogWorker.java:lambda$new$0(133)) - fa45fd2a-a6ef-4106-9a44-777d17a8e8f4@group-A5B183601584-SegmentedRaftLogWorker: safeCacheEvictIndex: setUnconditionally 0 -> -1
2021-11-05 13:01:04,634 [Command processor thread] INFO  ratis.XceiverServerRatis (XceiverServerRatis.java:addGroup(768)) - Created group PipelineID=8c80d07e-7785-4892-a8be-0869023e3dc0
2021-11-05 13:01:04,640 [grpc-default-executor-5] INFO  server.RaftServer (RaftServerProxy.java:addNew(95)) - fa45fd2a-a6ef-4106-9a44-777d17a8e8f4: addNew group-0869023E3DC0:[76ef4e66-eace-4a3b-a369-d2a815523a61|rpc:10.1.0.23:41987|dataStream:|priority:0, fa45fd2a-a6ef-4106-9a44-777d17a8e8f4|rpc:10.1.0.23:43989|dataStream:|priority:0, 3ae4cb20-15ad-4779-a013-5b0fdc3aaee7|rpc:10.1.0.23:35115|dataStream:|priority:1] returns group-0869023E3DC0:java.util.concurrent.CompletableFuture@686e0b9c[Not completed]
2021-11-05 13:01:04,653 [pool-540-thread-1] INFO  server.RaftServerConfigKeys (ConfUtils.java:logGet(44)) - raft.server.snapshot.auto.trigger.enabled = true (custom)
2021-11-05 13:01:04,653 [pool-540-thread-1] INFO  server.RaftServerConfigKeys (ConfUtils.java:logGet(44)) - raft.server.snapshot.auto.trigger.threshold = 10000 (custom)
2021-11-05 13:01:04,653 [pool-540-thread-1] INFO  server.RaftServerConfigKeys (ConfUtils.java:logGet(44)) - raft.server.snapshot.retention.file.num = 5 (custom)
2021-11-05 13:01:04,653 [pool-540-thread-1] INFO  server.RaftServerConfigKeys (ConfUtils.java:logGet(44)) - raft.server.log.purge.upto.snapshot.index = false (default)
2021-11-05 13:01:04,653 [pool-540-thread-1] INFO  server.RaftServerConfigKeys (ConfUtils.java:logGet(44)) - raft.server.retrycache.expirytime = 600000ms (custom)
2021-11-05 13:01:04,653 [pool-540-thread-1] INFO  server.RaftServerConfigKeys (ConfUtils.java:logGet(44)) - raft.server.retrycache.statistics.expirytime = 100μs (default)
2021-11-05 13:01:04,655 [pool-540-thread-1] INFO  server.RaftServer$Division (RaftServerImpl.java:<init>(184)) - fa45fd2a-a6ef-4106-9a44-777d17a8e8f4: new RaftServerImpl for group-0869023E3DC0:[76ef4e66-eace-4a3b-a369-d2a815523a61|rpc:10.1.0.23:41987|dataStream:|priority:0, fa45fd2a-a6ef-4106-9a44-777d17a8e8f4|rpc:10.1.0.23:43989|dataStream:|priority:0, 3ae4cb20-15ad-4779-a013-5b0fdc3aaee7|rpc:10.1.0.23:35115|dataStream:|priority:1] with ContainerStateMachine:uninitialized
2021-11-05 13:01:04,655 [pool-540-thread-1] INFO  server.RaftServerConfigKeys (ConfUtils.java:logGet(44)) - raft.server.rpc.timeout.min = 5s (custom)
2021-11-05 13:01:04,655 [pool-540-thread-1] INFO  server.RaftServerConfigKeys (ConfUtils.java:logGet(44)) - raft.server.rpc.timeout.max = 5200ms (custom)
2021-11-05 13:01:04,655 [pool-540-thread-1] INFO  server.RaftServerConfigKeys (ConfUtils.java:logGet(44)) - raft.server.rpc.sleep.time = 25ms (default)
2021-11-05 13:01:04,655 [pool-540-thread-1] INFO  server.RaftServerConfigKeys (ConfUtils.java:logGet(44)) - raft.server.rpc.slowness.timeout = 300000ms (custom)
2021-11-05 13:01:04,655 [pool-540-thread-1] INFO  server.RaftServerConfigKeys (ConfUtils.java:logGet(44)) - raft.server.leaderelection.leader.step-down.wait-time = 10s (default)
2021-11-05 13:01:04,655 [pool-540-thread-1] INFO  server.RaftServerConfigKeys (ConfUtils.java:logGet(44)) - raft.server.sleep.deviation.threshold = 300ms (default)
2021-11-05 13:01:04,655 [pool-540-thread-1] INFO  server.RaftServerConfigKeys (ConfUtils.java:logGet(44)) - raft.server.log.appender.install.snapshot.enabled = false (custom)
2021-11-05 13:01:04,655 [pool-540-thread-1] INFO  server.RaftServer$Division (ServerState.java:<init>(105)) - fa45fd2a-a6ef-4106-9a44-777d17a8e8f4@group-0869023E3DC0: ConfigurationManager, init=-1: [76ef4e66-eace-4a3b-a369-d2a815523a61|rpc:10.1.0.23:41987|dataStream:|priority:0, fa45fd2a-a6ef-4106-9a44-777d17a8e8f4|rpc:10.1.0.23:43989|dataStream:|priority:0, 3ae4cb20-15ad-4779-a013-5b0fdc3aaee7|rpc:10.1.0.23:35115|dataStream:|priority:1], old=null, confs=<EMPTY_MAP>
2021-11-05 13:01:04,655 [pool-540-thread-1] INFO  server.RaftServerConfigKeys (ConfUtils.java:logGet(44)) - raft.server.storage.dir = [/home/runner/work/ozone/ozone/hadoop-ozone/integration-test/target/test-dir/MiniOzoneClusterImpl-bdf76210-3e21-404e-9e17-65b92aec9f1a/datanode-1/data/ratis] (custom)
2021-11-05 13:01:04,655 [pool-540-thread-1] INFO  server.RaftServerConfigKeys (ConfUtils.java:logGet(44)) - raft.server.log.corruption.policy = EXCEPTION (default)
2021-11-05 13:01:04,655 [pool-540-thread-1] INFO  server.RaftServerConfigKeys (ConfUtils.java:logGet(44)) - raft.server.storage.free-space.min = 0MB (=0) (default)
2021-11-05 13:01:04,676 [Listener at 127.0.0.1/42119] INFO  ozone.MiniOzoneClusterImpl (MiniOzoneClusterImpl.java:stopDatanodes(527)) - Stopping the HddsDatanodes
2021-11-05 13:01:04,689 [pool-540-thread-1] INFO  storage.RaftStorageDirectory (RaftStorageDirectoryImpl.java:analyzeStorage(135)) - The storage directory /home/runner/work/ozone/ozone/hadoop-ozone/integration-test/target/test-dir/MiniOzoneClusterImpl-bdf76210-3e21-404e-9e17-65b92aec9f1a/datanode-1/data/ratis/8c80d07e-7785-4892-a8be-0869023e3dc0 does not exist. Creating ...
2021-11-05 13:01:04,689 [Command processor thread] INFO  server.RaftServer (RaftServerProxy.java:addNew(95)) - f0359a9b-bc21-4a61-b53d-8d2dd84c6fc1: addNew group-A5B183601584:[f0359a9b-bc21-4a61-b53d-8d2dd84c6fc1|rpc:10.1.0.23:44285|priority:1, 76ef4e66-eace-4a3b-a369-d2a815523a61|rpc:10.1.0.23:41987|priority:0, fa45fd2a-a6ef-4106-9a44-777d17a8e8f4|rpc:10.1.0.23:43989|priority:0] returns group-A5B183601584:java.util.concurrent.CompletableFuture@77f3b959[Not completed]
2021-11-05 13:01:04,691 [pool-540-thread-1] INFO  storage.RaftStorageDirectory (RaftStorageDirectoryImpl.java:tryLock(230)) - Lock on /home/runner/work/ozone/ozone/hadoop-ozone/integration-test/target/test-dir/MiniOzoneClusterImpl-bdf76210-3e21-404e-9e17-65b92aec9f1a/datanode-1/data/ratis/8c80d07e-7785-4892-a8be-0869023e3dc0/in_use.lock acquired by nodename 10214@fv-az151-875
2021-11-05 13:01:04,691 [pool-635-thread-1] INFO  server.RaftServer$Division (RaftServerImpl.java:<init>(184)) - f0359a9b-bc21-4a61-b53d-8d2dd84c6fc1: new RaftServerImpl for group-A5B183601584:[f0359a9b-bc21-4a61-b53d-8d2dd84c6fc1|rpc:10.1.0.23:44285|priority:1, 76ef4e66-eace-4a3b-a369-d2a815523a61|rpc:10.1.0.23:41987|priority:0, fa45fd2a-a6ef-4106-9a44-777d17a8e8f4|rpc:10.1.0.23:43989|priority:0] with ContainerStateMachine:uninitialized
2021-11-05 13:01:04,692 [pool-635-thread-1] INFO  server.RaftServerConfigKeys (ConfUtils.java:logGet(44)) - raft.server.rpc.timeout.min = 5s (custom)
2021-11-05 13:01:04,692 [pool-635-thread-1] INFO  server.RaftServerConfigKeys (ConfUtils.java:logGet(44)) - raft.server.rpc.timeout.max = 5200ms (custom)
2021-11-05 13:01:04,692 [pool-635-thread-1] INFO  server.RaftServerConfigKeys (ConfUtils.java:logGet(44)) - raft.server.rpc.sleep.time = 25ms (default)
2021-11-05 13:01:04,692 [pool-635-thread-1] INFO  server.RaftServerConfigKeys (ConfUtils.java:logGet(44)) - raft.server.rpc.slowness.timeout = 300000ms (custom)
2021-11-05 13:01:04,692 [pool-635-thread-1] INFO  server.RaftServerConfigKeys (ConfUtils.java:logGet(44)) - raft.server.leaderelection.leader.step-down.wait-time = 10s (default)
2021-11-05 13:01:04,692 [pool-635-thread-1] INFO  server.RaftServerConfigKeys (ConfUtils.java:logGet(44)) - raft.server.sleep.deviation.threshold = 300ms (default)
2021-11-05 13:01:04,692 [pool-635-thread-1] INFO  server.RaftServerConfigKeys (ConfUtils.java:logGet(44)) - raft.server.log.appender.install.snapshot.enabled = false (custom)
2021-11-05 13:01:04,692 [pool-635-thread-1] INFO  server.RaftServer$Division (ServerState.java:<init>(105)) - f0359a9b-bc21-4a61-b53d-8d2dd84c6fc1@group-A5B183601584: ConfigurationManager, init=-1: [f0359a9b-bc21-4a61-b53d-8d2dd84c6fc1|rpc:10.1.0.23:44285|priority:1, 76ef4e66-eace-4a3b-a369-d2a815523a61|rpc:10.1.0.23:41987|priority:0, fa45fd2a-a6ef-4106-9a44-777d17a8e8f4|rpc:10.1.0.23:43989|priority:0], old=null, confs=<EMPTY_MAP>
2021-11-05 13:01:04,692 [pool-540-thread-1] INFO  storage.RaftStorage (RaftStorageImpl.java:format(89)) - Storage directory /home/runner/work/ozone/ozone/hadoop-ozone/integration-test/target/test-dir/MiniOzoneClusterImpl-bdf76210-3e21-404e-9e17-65b92aec9f1a/datanode-1/data/ratis/8c80d07e-7785-4892-a8be-0869023e3dc0 has been successfully formatted.
2021-11-05 13:01:04,692 [pool-635-thread-1] INFO  server.RaftServerConfigKeys (ConfUtils.java:logGet(44)) - raft.server.storage.dir = [/home/runner/work/ozone/ozone/hadoop-ozone/integration-test/target/test-dir/MiniOzoneClusterImpl-bdf76210-3e21-404e-9e17-65b92aec9f1a/datanode-6/data/ratis] (custom)
2021-11-05 13:01:04,693 [pool-635-thread-1] INFO  server.RaftServerConfigKeys (ConfUtils.java:logGet(44)) - raft.server.log.corruption.policy = EXCEPTION (default)
2021-11-05 13:01:04,693 [pool-635-thread-1] INFO  server.RaftServerConfigKeys (ConfUtils.java:logGet(44)) - raft.server.storage.free-space.min = 0MB (=0) (default)
2021-11-05 13:01:04,693 [pool-635-thread-1] INFO  storage.RaftStorageDirectory (RaftStorageDirectoryImpl.java:analyzeStorage(135)) - The storage directory /home/runner/work/ozone/ozone/hadoop-ozone/integration-test/target/test-dir/MiniOzoneClusterImpl-bdf76210-3e21-404e-9e17-65b92aec9f1a/datanode-6/data/ratis/10ba0849-46ec-45ca-8dca-a5b183601584 does not exist. Creating ...
2021-11-05 13:01:04,696 [pool-540-thread-1] INFO  ratis.ContainerStateMachine (ContainerStateMachine.java:loadSnapshot(224)) - group-0869023E3DC0: The snapshot info is null. Setting the last applied indexto:(t:0, i:~)
2021-11-05 13:01:04,696 [pool-540-thread-1] INFO  server.RaftServerConfigKeys (ConfUtils.java:logGet(44)) - raft.server.notification.no-leader.timeout = 300000ms (custom)
2021-11-05 13:01:04,696 [pool-540-thread-1] INFO  server.RaftServerConfigKeys (ConfUtils.java:logGet(44)) - raft.server.log.use.memory = false (default)
2021-11-05 13:01:04,696 [pool-540-thread-1] INFO  server.RaftServerConfigKeys (ConfUtils.java:logGet(44)) - raft.server.log.purge.gap = 1000000 (custom)
2021-11-05 13:01:04,696 [pool-540-thread-1] INFO  server.RaftServerConfigKeys (ConfUtils.java:logGet(44)) - raft.server.log.appender.buffer.byte-limit = 33554432 (custom)
2021-11-05 13:01:04,696 [pool-540-thread-1] INFO  server.RaftServerConfigKeys (ConfUtils.java:logGet(44)) - raft.server.log.segment.size.max = 1048576 (custom)
2021-11-05 13:01:04,697 [pool-540-thread-1] INFO  server.RaftServerConfigKeys (ConfUtils.java:logGet(44)) - raft.server.log.segment.cache.num.max = 2 (custom)
2021-11-05 13:01:04,697 [pool-540-thread-1] INFO  server.RaftServerConfigKeys (ConfUtils.java:logGet(44)) - raft.server.log.segment.cache.size.max = 200MB (=209715200) (default)
2021-11-05 13:01:04,697 [pool-540-thread-1] INFO  segmented.SegmentedRaftLogWorker (SegmentedRaftLogWorker.java:<init>(182)) - new fa45fd2a-a6ef-4106-9a44-777d17a8e8f4@group-0869023E3DC0-SegmentedRaftLogWorker for RaftStorageImpl:Storage Directory /home/runner/work/ozone/ozone/hadoop-ozone/integration-test/target/test-dir/MiniOzoneClusterImpl-bdf76210-3e21-404e-9e17-65b92aec9f1a/datanode-1/data/ratis/8c80d07e-7785-4892-a8be-0869023e3dc0
2021-11-05 13:01:04,697 [pool-540-thread-1] INFO  server.RaftServerConfigKeys (ConfUtils.java:logGet(44)) - raft.server.log.queue.byte-limit = 2147483647 (custom)
2021-11-05 13:01:04,697 [pool-540-thread-1] INFO  server.RaftServerConfigKeys (ConfUtils.java:logGet(44)) - raft.server.log.queue.element-limit = 1024 (custom)
2021-11-05 13:01:04,697 [pool-540-thread-1] INFO  server.RaftServerConfigKeys (ConfUtils.java:logGet(44)) - raft.server.log.segment.size.max = 1048576 (custom)
2021-11-05 13:01:04,697 [pool-540-thread-1] INFO  server.RaftServerConfigKeys (ConfUtils.java:logGet(44)) - raft.server.log.preallocated.size = 16384 (custom)
2021-11-05 13:01:04,697 [pool-540-thread-1] INFO  server.RaftServerConfigKeys (ConfUtils.java:logGet(44)) - raft.server.log.force.sync.num = 128 (default)
2021-11-05 13:01:04,697 [pool-540-thread-1] INFO  server.RaftServerConfigKeys (ConfUtils.java:logGet(44)) - raft.server.log.statemachine.data.sync = true (default)
2021-11-05 13:01:04,697 [pool-540-thread-1] INFO  server.RaftServerConfigKeys (ConfUtils.java:logGet(44)) - raft.server.log.statemachine.data.sync.timeout = 10s (default)
2021-11-05 13:01:04,697 [pool-540-thread-1] INFO  server.RaftServerConfigKeys (ConfUtils.java:logGet(44)) - raft.server.log.statemachine.data.sync.timeout.retry = -1 (default)
2021-11-05 13:01:04,698 [pool-540-thread-1] INFO  server.RaftServerConfigKeys (ConfUtils.java:logGet(44)) - raft.server.log.write.buffer.size = 1048576 (custom)
2021-11-05 13:01:04,699 [pool-540-thread-1] INFO  server.RaftServerConfigKeys (ConfUtils.java:logGet(44)) - raft.server.log.statemachine.data.caching.enabled = true (custom)
2021-11-05 13:01:04,699 [pool-540-thread-1] INFO  segmented.SegmentedRaftLogWorker (SegmentedRaftLogWorker.java:lambda$new$0(133)) - fa45fd2a-a6ef-4106-9a44-777d17a8e8f4@group-0869023E3DC0-SegmentedRaftLogWorker: flushIndex: setUnconditionally 0 -> -1
2021-11-05 13:01:04,699 [pool-540-thread-1] INFO  segmented.SegmentedRaftLogWorker (SegmentedRaftLogWorker.java:lambda$new$0(133)) - fa45fd2a-a6ef-4106-9a44-777d17a8e8f4@group-0869023E3DC0-SegmentedRaftLogWorker: safeCacheEvictIndex: setUnconditionally 0 -> -1
2021-11-05 13:01:04,704 [pool-635-thread-1] INFO  storage.RaftStorageDirectory (RaftStorageDirectoryImpl.java:tryLock(230)) - Lock on /home/runner/work/ozone/ozone/hadoop-ozone/integration-test/target/test-dir/MiniOzoneClusterImpl-bdf76210-3e21-404e-9e17-65b92aec9f1a/datanode-6/data/ratis/10ba0849-46ec-45ca-8dca-a5b183601584/in_use.lock acquired by nodename 10214@fv-az151-875
2021-11-05 13:01:04,736 [pool-635-thread-1] INFO  storage.RaftStorage (RaftStorageImpl.java:format(89)) - Storage directory /home/runner/work/ozone/ozone/hadoop-ozone/integration-test/target/test-dir/MiniOzoneClusterImpl-bdf76210-3e21-404e-9e17-65b92aec9f1a/datanode-6/data/ratis/10ba0849-46ec-45ca-8dca-a5b183601584 has been successfully formatted.
2021-11-05 13:01:04,737 [pool-635-thread-1] INFO  ratis.ContainerStateMachine (ContainerStateMachine.java:loadSnapshot(224)) - group-A5B183601584: The snapshot info is null. Setting the last applied indexto:(t:0, i:~)
2021-11-05 13:01:04,737 [pool-635-thread-1] INFO  server.RaftServerConfigKeys (ConfUtils.java:logGet(44)) - raft.server.notification.no-leader.timeout = 300000ms (custom)
2021-11-05 13:01:04,737 [pool-635-thread-1] INFO  server.RaftServerConfigKeys (ConfUtils.java:logGet(44)) - raft.server.log.use.memory = false (default)
2021-11-05 13:01:04,737 [pool-635-thread-1] INFO  server.RaftServerConfigKeys (ConfUtils.java:logGet(44)) - raft.server.log.purge.gap = 1000000 (custom)
2021-11-05 13:01:04,737 [pool-635-thread-1] INFO  server.RaftServerConfigKeys (ConfUtils.java:logGet(44)) - raft.server.log.appender.buffer.byte-limit = 33554432 (custom)
2021-11-05 13:01:04,737 [pool-635-thread-1] INFO  server.RaftServerConfigKeys (ConfUtils.java:logGet(44)) - raft.server.log.segment.size.max = 1048576 (custom)
2021-11-05 13:01:04,738 [pool-635-thread-1] INFO  server.RaftServerConfigKeys (ConfUtils.java:logGet(44)) - raft.server.log.segment.cache.num.max = 2 (custom)
2021-11-05 13:01:04,738 [pool-635-thread-1] INFO  server.RaftServerConfigKeys (ConfUtils.java:logGet(44)) - raft.server.log.segment.cache.size.max = 200MB (=209715200) (default)
2021-11-05 13:01:04,738 [pool-635-thread-1] INFO  segmented.SegmentedRaftLogWorker (SegmentedRaftLogWorker.java:<init>(182)) - new f0359a9b-bc21-4a61-b53d-8d2dd84c6fc1@group-A5B183601584-SegmentedRaftLogWorker for RaftStorageImpl:Storage Directory /home/runner/work/ozone/ozone/hadoop-ozone/integration-test/target/test-dir/MiniOzoneClusterImpl-bdf76210-3e21-404e-9e17-65b92aec9f1a/datanode-6/data/ratis/10ba0849-46ec-45ca-8dca-a5b183601584
2021-11-05 13:01:04,738 [pool-635-thread-1] INFO  server.RaftServerConfigKeys (ConfUtils.java:logGet(44)) - raft.server.log.queue.byte-limit = 2147483647 (custom)
2021-11-05 13:01:04,738 [pool-635-thread-1] INFO  server.RaftServerConfigKeys (ConfUtils.java:logGet(44)) - raft.server.log.queue.element-limit = 1024 (custom)
2021-11-05 13:01:04,738 [pool-635-thread-1] INFO  server.RaftServerConfigKeys (ConfUtils.java:logGet(44)) - raft.server.log.segment.size.max = 1048576 (custom)
2021-11-05 13:01:04,738 [pool-635-thread-1] INFO  server.RaftServerConfigKeys (ConfUtils.java:logGet(44)) - raft.server.log.preallocated.size = 16384 (custom)
2021-11-05 13:01:04,738 [pool-635-thread-1] INFO  server.RaftServerConfigKeys (ConfUtils.java:logGet(44)) - raft.server.log.force.sync.num = 128 (default)
2021-11-05 13:01:04,738 [pool-635-thread-1] INFO  server.RaftServerConfigKeys (ConfUtils.java:logGet(44)) - raft.server.log.statemachine.data.sync = true (default)
2021-11-05 13:01:04,738 [pool-635-thread-1] INFO  server.RaftServerConfigKeys (ConfUtils.java:logGet(44)) - raft.server.log.statemachine.data.sync.timeout = 10s (default)
2021-11-05 13:01:04,738 [pool-635-thread-1] INFO  server.RaftServerConfigKeys (ConfUtils.java:logGet(44)) - raft.server.log.statemachine.data.sync.timeout.retry = -1 (default)
2021-11-05 13:01:04,739 [pool-635-thread-1] INFO  server.RaftServerConfigKeys (ConfUtils.java:logGet(44)) - raft.server.log.write.buffer.size = 1048576 (custom)
2021-11-05 13:01:04,739 [pool-635-thread-1] INFO  server.RaftServerConfigKeys (ConfUtils.java:logGet(44)) - raft.server.log.statemachine.data.caching.enabled = true (custom)
2021-11-05 13:01:04,740 [pool-635-thread-1] INFO  segmented.SegmentedRaftLogWorker (SegmentedRaftLogWorker.java:lambda$new$0(133)) - f0359a9b-bc21-4a61-b53d-8d2dd84c6fc1@group-A5B183601584-SegmentedRaftLogWorker: flushIndex: setUnconditionally 0 -> -1
2021-11-05 13:01:04,784 [pool-635-thread-1] INFO  segmented.SegmentedRaftLogWorker (SegmentedRaftLogWorker.java:lambda$new$0(133)) - f0359a9b-bc21-4a61-b53d-8d2dd84c6fc1@group-A5B183601584-SegmentedRaftLogWorker: safeCacheEvictIndex: setUnconditionally 0 -> -1
2021-11-05 13:01:04,746 [pool-540-thread-1] INFO  server.RaftServerConfigKeys (ConfUtils.java:logGet(44)) - raft.server.snapshot.auto.trigger.enabled = true (custom)
2021-11-05 13:01:04,784 [pool-540-thread-1] INFO  server.RaftServerConfigKeys (ConfUtils.java:logGet(44)) - raft.server.snapshot.auto.trigger.threshold = 10000 (custom)
2021-11-05 13:01:04,784 [pool-540-thread-1] INFO  server.RaftServerConfigKeys (ConfUtils.java:logGet(44)) - raft.server.snapshot.retention.file.num = 5 (custom)
2021-11-05 13:01:04,784 [pool-540-thread-1] INFO  server.RaftServerConfigKeys (ConfUtils.java:logGet(44)) - raft.server.log.purge.upto.snapshot.index = false (default)
2021-11-05 13:01:04,804 [pool-635-thread-1] INFO  server.RaftServerConfigKeys (ConfUtils.java:logGet(44)) - raft.server.snapshot.auto.trigger.enabled = true (custom)
2021-11-05 13:01:04,804 [pool-635-thread-1] INFO  server.RaftServerConfigKeys (ConfUtils.java:logGet(44)) - raft.server.snapshot.auto.trigger.threshold = 10000 (custom)
2021-11-05 13:01:04,804 [pool-635-thread-1] INFO  server.RaftServerConfigKeys (ConfUtils.java:logGet(44)) - raft.server.snapshot.retention.file.num = 5 (custom)
2021-11-05 13:01:04,804 [pool-635-thread-1] INFO  server.RaftServerConfigKeys (ConfUtils.java:logGet(44)) - raft.server.log.purge.upto.snapshot.index = false (default)
2021-11-05 13:01:04,804 [pool-635-thread-1] INFO  server.RaftServerConfigKeys (ConfUtils.java:logGet(44)) - raft.server.retrycache.expirytime = 600000ms (custom)
2021-11-05 13:01:04,804 [pool-635-thread-1] INFO  server.RaftServerConfigKeys (ConfUtils.java:logGet(44)) - raft.server.retrycache.statistics.expirytime = 100μs (default)
2021-11-05 13:01:04,805 [pool-635-thread-1] INFO  server.RaftServer$Division (RaftServerImpl.java:start(301)) - f0359a9b-bc21-4a61-b53d-8d2dd84c6fc1@group-A5B183601584: start as a follower, conf=-1: [f0359a9b-bc21-4a61-b53d-8d2dd84c6fc1|rpc:10.1.0.23:44285|priority:1, 76ef4e66-eace-4a3b-a369-d2a815523a61|rpc:10.1.0.23:41987|priority:0, fa45fd2a-a6ef-4106-9a44-777d17a8e8f4|rpc:10.1.0.23:43989|priority:0], old=null
2021-11-05 13:01:04,806 [pool-635-thread-1] INFO  server.RaftServer$Division (RaftServerImpl.java:setRole(290)) - f0359a9b-bc21-4a61-b53d-8d2dd84c6fc1@group-A5B183601584: changes role from      null to FOLLOWER at term 0 for startAsFollower
2021-11-05 13:01:04,806 [pool-635-thread-1] INFO  impl.RoleInfo (RoleInfo.java:updateAndGet(130)) - f0359a9b-bc21-4a61-b53d-8d2dd84c6fc1: start f0359a9b-bc21-4a61-b53d-8d2dd84c6fc1@group-A5B183601584-FollowerState
2021-11-05 13:01:04,806 [pool-635-thread-1] INFO  util.JmxRegister (JmxRegister.java:tryRegister(44)) - Successfully registered JMX Bean with object name Ratis:service=RaftServer,group=group-A5B183601584,id=f0359a9b-bc21-4a61-b53d-8d2dd84c6fc1
2021-11-05 13:01:04,834 [Command processor thread] INFO  ratis.XceiverServerRatis (XceiverServerRatis.java:addGroup(768)) - Created group PipelineID=10ba0849-46ec-45ca-8dca-a5b183601584
2021-11-05 13:01:04,847 [pool-540-thread-1] INFO  server.RaftServerConfigKeys (ConfUtils.java:logGet(44)) - raft.server.retrycache.expirytime = 600000ms (custom)
2021-11-05 13:01:04,852 [pool-540-thread-1] INFO  server.RaftServerConfigKeys (ConfUtils.java:logGet(44)) - raft.server.retrycache.statistics.expirytime = 100μs (default)
2021-11-05 13:01:04,854 [pool-540-thread-1] INFO  server.RaftServer$Division (RaftServerImpl.java:start(301)) - fa45fd2a-a6ef-4106-9a44-777d17a8e8f4@group-A5B183601584: start as a follower, conf=-1: [f0359a9b-bc21-4a61-b53d-8d2dd84c6fc1|rpc:10.1.0.23:44285|priority:1, 76ef4e66-eace-4a3b-a369-d2a815523a61|rpc:10.1.0.23:41987|priority:0, fa45fd2a-a6ef-4106-9a44-777d17a8e8f4|rpc:10.1.0.23:43989|priority:0], old=null
2021-11-05 13:01:04,854 [pool-540-thread-1] INFO  server.RaftServer$Division (RaftServerImpl.java:setRole(290)) - fa45fd2a-a6ef-4106-9a44-777d17a8e8f4@group-A5B183601584: changes role from      null to FOLLOWER at term 0 for startAsFollower
2021-11-05 13:01:04,854 [pool-540-thread-1] INFO  impl.RoleInfo (RoleInfo.java:updateAndGet(130)) - fa45fd2a-a6ef-4106-9a44-777d17a8e8f4: start fa45fd2a-a6ef-4106-9a44-777d17a8e8f4@group-A5B183601584-FollowerState
2021-11-05 13:01:04,857 [pool-540-thread-1] INFO  util.JmxRegister (JmxRegister.java:tryRegister(44)) - Successfully registered JMX Bean with object name Ratis:service=RaftServer,group=group-A5B183601584,id=fa45fd2a-a6ef-4106-9a44-777d17a8e8f4
2021-11-05 13:01:04,872 [Command processor thread] INFO  ratis.XceiverServerRatis (XceiverServerRatis.java:addGroup(768)) - Created group PipelineID=10ba0849-46ec-45ca-8dca-a5b183601584
2021-11-05 13:01:04,880 [pool-540-thread-1] INFO  server.RaftServer$Division (RaftServerImpl.java:start(301)) - fa45fd2a-a6ef-4106-9a44-777d17a8e8f4@group-0869023E3DC0: start as a follower, conf=-1: [76ef4e66-eace-4a3b-a369-d2a815523a61|rpc:10.1.0.23:41987|dataStream:|priority:0, fa45fd2a-a6ef-4106-9a44-777d17a8e8f4|rpc:10.1.0.23:43989|dataStream:|priority:0, 3ae4cb20-15ad-4779-a013-5b0fdc3aaee7|rpc:10.1.0.23:35115|dataStream:|priority:1], old=null
2021-11-05 13:01:04,880 [pool-540-thread-1] INFO  server.RaftServer$Division (RaftServerImpl.java:setRole(290)) - fa45fd2a-a6ef-4106-9a44-777d17a8e8f4@group-0869023E3DC0: changes role from      null to FOLLOWER at term 0 for startAsFollower
2021-11-05 13:01:04,941 [pool-540-thread-1] INFO  impl.RoleInfo (RoleInfo.java:updateAndGet(130)) - fa45fd2a-a6ef-4106-9a44-777d17a8e8f4: start fa45fd2a-a6ef-4106-9a44-777d17a8e8f4@group-0869023E3DC0-FollowerState
2021-11-05 13:01:04,945 [pool-540-thread-1] INFO  util.JmxRegister (JmxRegister.java:tryRegister(44)) - Successfully registered JMX Bean with object name Ratis:service=RaftServer,group=group-0869023E3DC0,id=fa45fd2a-a6ef-4106-9a44-777d17a8e8f4
2021-11-05 13:01:05,076 [Command processor thread] INFO  commandhandler.CreatePipelineCommandHandler (CreatePipelineCommandHandler.java:handle(106)) - Created Pipeline RATIS THREE PipelineID=10ba0849-46ec-45ca-8dca-a5b183601584.
2021-11-05 13:01:05,085 [Command processor thread] INFO  server.RaftServer (RaftServerProxy.java:addNew(95)) - 76ef4e66-eace-4a3b-a369-d2a815523a61: addNew group-0869023E3DC0:[76ef4e66-eace-4a3b-a369-d2a815523a61|rpc:10.1.0.23:41987|priority:0, fa45fd2a-a6ef-4106-9a44-777d17a8e8f4|rpc:10.1.0.23:43989|priority:0, 3ae4cb20-15ad-4779-a013-5b0fdc3aaee7|rpc:10.1.0.23:35115|priority:1] returns group-0869023E3DC0:java.util.concurrent.CompletableFuture@220b1214[Not completed]
2021-11-05 13:01:05,095 [pool-693-thread-1] INFO  server.RaftServer$Division (RaftServerImpl.java:<init>(184)) - 76ef4e66-eace-4a3b-a369-d2a815523a61: new RaftServerImpl for group-0869023E3DC0:[76ef4e66-eace-4a3b-a369-d2a815523a61|rpc:10.1.0.23:41987|priority:0, fa45fd2a-a6ef-4106-9a44-777d17a8e8f4|rpc:10.1.0.23:43989|priority:0, 3ae4cb20-15ad-4779-a013-5b0fdc3aaee7|rpc:10.1.0.23:35115|priority:1] with ContainerStateMachine:uninitialized
2021-11-05 13:01:05,096 [pool-693-thread-1] INFO  server.RaftServerConfigKeys (ConfUtils.java:logGet(44)) - raft.server.rpc.timeout.min = 5s (custom)
2021-11-05 13:01:05,097 [pool-693-thread-1] INFO  server.RaftServerConfigKeys (ConfUtils.java:logGet(44)) - raft.server.rpc.timeout.max = 5200ms (custom)
2021-11-05 13:01:05,097 [pool-693-thread-1] INFO  server.RaftServerConfigKeys (ConfUtils.java:logGet(44)) - raft.server.rpc.sleep.time = 25ms (default)
2021-11-05 13:01:05,097 [pool-693-thread-1] INFO  server.RaftServerConfigKeys (ConfUtils.java:logGet(44)) - raft.server.rpc.slowness.timeout = 300000ms (custom)
2021-11-05 13:01:05,097 [pool-693-thread-1] INFO  server.RaftServerConfigKeys (ConfUtils.java:logGet(44)) - raft.server.leaderelection.leader.step-down.wait-time = 10s (default)
2021-11-05 13:01:05,097 [pool-693-thread-1] INFO  server.RaftServerConfigKeys (ConfUtils.java:logGet(44)) - raft.server.sleep.deviation.threshold = 300ms (default)
2021-11-05 13:01:05,097 [pool-693-thread-1] INFO  server.RaftServerConfigKeys (ConfUtils.java:logGet(44)) - raft.server.log.appender.install.snapshot.enabled = false (custom)
2021-11-05 13:01:05,097 [pool-693-thread-1] INFO  server.RaftServer$Division (ServerState.java:<init>(105)) - 76ef4e66-eace-4a3b-a369-d2a815523a61@group-0869023E3DC0: ConfigurationManager, init=-1: [76ef4e66-eace-4a3b-a369-d2a815523a61|rpc:10.1.0.23:41987|priority:0, fa45fd2a-a6ef-4106-9a44-777d17a8e8f4|rpc:10.1.0.23:43989|priority:0, 3ae4cb20-15ad-4779-a013-5b0fdc3aaee7|rpc:10.1.0.23:35115|priority:1], old=null, confs=<EMPTY_MAP>
2021-11-05 13:01:05,097 [pool-693-thread-1] INFO  server.RaftServerConfigKeys (ConfUtils.java:logGet(44)) - raft.server.storage.dir = [/home/runner/work/ozone/ozone/hadoop-ozone/integration-test/target/test-dir/MiniOzoneClusterImpl-bdf76210-3e21-404e-9e17-65b92aec9f1a/datanode-0/data/ratis] (custom)
2021-11-05 13:01:05,097 [pool-693-thread-1] INFO  server.RaftServerConfigKeys (ConfUtils.java:logGet(44)) - raft.server.log.corruption.policy = EXCEPTION (default)
2021-11-05 13:01:05,097 [pool-693-thread-1] INFO  server.RaftServerConfigKeys (ConfUtils.java:logGet(44)) - raft.server.storage.free-space.min = 0MB (=0) (default)
2021-11-05 13:01:05,165 [pool-693-thread-1] INFO  storage.RaftStorageDirectory (RaftStorageDirectoryImpl.java:analyzeStorage(135)) - The storage directory /home/runner/work/ozone/ozone/hadoop-ozone/integration-test/target/test-dir/MiniOzoneClusterImpl-bdf76210-3e21-404e-9e17-65b92aec9f1a/datanode-0/data/ratis/8c80d07e-7785-4892-a8be-0869023e3dc0 does not exist. Creating ...
2021-11-05 13:01:05,216 [Command processor thread] INFO  commandhandler.CreatePipelineCommandHandler (CreatePipelineCommandHandler.java:handle(106)) - Created Pipeline RATIS THREE PipelineID=10ba0849-46ec-45ca-8dca-a5b183601584.
2021-11-05 13:01:05,217 [Command processor thread] INFO  server.RaftServer (RaftServerProxy.java:addNew(95)) - f0359a9b-bc21-4a61-b53d-8d2dd84c6fc1: addNew group-48CCFD0E3BB8:[f0359a9b-bc21-4a61-b53d-8d2dd84c6fc1|rpc:10.1.0.23:44285|priority:0, fa45fd2a-a6ef-4106-9a44-777d17a8e8f4|rpc:10.1.0.23:43989|priority:1, 3ae4cb20-15ad-4779-a013-5b0fdc3aaee7|rpc:10.1.0.23:35115|priority:0] returns group-48CCFD0E3BB8:java.util.concurrent.CompletableFuture@4b74740b[Not completed]
2021-11-05 13:01:05,229 [Command processor thread] INFO  commandhandler.CreatePipelineCommandHandler (CreatePipelineCommandHandler.java:handle(106)) - Created Pipeline RATIS THREE PipelineID=8c80d07e-7785-4892-a8be-0869023e3dc0.
2021-11-05 13:01:05,229 [Command processor thread] INFO  server.RaftServer (RaftServerProxy.java:addNew(95)) - 3ae4cb20-15ad-4779-a013-5b0fdc3aaee7: addNew group-48CCFD0E3BB8:[f0359a9b-bc21-4a61-b53d-8d2dd84c6fc1|rpc:10.1.0.23:44285|priority:0, fa45fd2a-a6ef-4106-9a44-777d17a8e8f4|rpc:10.1.0.23:43989|priority:1, 3ae4cb20-15ad-4779-a013-5b0fdc3aaee7|rpc:10.1.0.23:35115|priority:0] returns group-48CCFD0E3BB8:java.util.concurrent.CompletableFuture@fe6e9d1[Not completed]
2021-11-05 13:01:05,230 [pool-559-thread-1] INFO  server.RaftServer$Division (RaftServerImpl.java:<init>(184)) - 3ae4cb20-15ad-4779-a013-5b0fdc3aaee7: new RaftServerImpl for group-48CCFD0E3BB8:[f0359a9b-bc21-4a61-b53d-8d2dd84c6fc1|rpc:10.1.0.23:44285|priority:0, fa45fd2a-a6ef-4106-9a44-777d17a8e8f4|rpc:10.1.0.23:43989|priority:1, 3ae4cb20-15ad-4779-a013-5b0fdc3aaee7|rpc:10.1.0.23:35115|priority:0] with ContainerStateMachine:uninitialized
2021-11-05 13:01:05,230 [pool-559-thread-1] INFO  server.RaftServerConfigKeys (ConfUtils.java:logGet(44)) - raft.server.rpc.timeout.min = 5s (custom)
2021-11-05 13:01:05,230 [pool-559-thread-1] INFO  server.RaftServerConfigKeys (ConfUtils.java:logGet(44)) - raft.server.rpc.timeout.max = 5200ms (custom)
2021-11-05 13:01:05,230 [pool-559-thread-1] INFO  server.RaftServerConfigKeys (ConfUtils.java:logGet(44)) - raft.server.rpc.sleep.time = 25ms (default)
2021-11-05 13:01:05,230 [pool-559-thread-1] INFO  server.RaftServerConfigKeys (ConfUtils.java:logGet(44)) - raft.server.rpc.slowness.timeout = 300000ms (custom)
2021-11-05 13:01:05,230 [pool-559-thread-1] INFO  server.RaftServerConfigKeys (ConfUtils.java:logGet(44)) - raft.server.leaderelection.leader.step-down.wait-time = 10s (default)
2021-11-05 13:01:05,230 [pool-559-thread-1] INFO  server.RaftServerConfigKeys (ConfUtils.java:logGet(44)) - raft.server.sleep.deviation.threshold = 300ms (default)
2021-11-05 13:01:05,230 [pool-559-thread-1] INFO  server.RaftServerConfigKeys (ConfUtils.java:logGet(44)) - raft.server.log.appender.install.snapshot.enabled = false (custom)
2021-11-05 13:01:05,230 [pool-559-thread-1] INFO  server.RaftServer$Division (ServerState.java:<init>(105)) - 3ae4cb20-15ad-4779-a013-5b0fdc3aaee7@group-48CCFD0E3BB8: ConfigurationManager, init=-1: [f0359a9b-bc21-4a61-b53d-8d2dd84c6fc1|rpc:10.1.0.23:44285|priority:0, fa45fd2a-a6ef-4106-9a44-777d17a8e8f4|rpc:10.1.0.23:43989|priority:1, 3ae4cb20-15ad-4779-a013-5b0fdc3aaee7|rpc:10.1.0.23:35115|priority:0], old=null, confs=<EMPTY_MAP>
2021-11-05 13:01:05,230 [pool-559-thread-1] INFO  server.RaftServerConfigKeys (ConfUtils.java:logGet(44)) - raft.server.storage.dir = [/home/runner/work/ozone/ozone/hadoop-ozone/integration-test/target/test-dir/MiniOzoneClusterImpl-bdf76210-3e21-404e-9e17-65b92aec9f1a/datanode-2/data/ratis] (custom)
2021-11-05 13:01:05,230 [pool-559-thread-1] INFO  server.RaftServerConfigKeys (ConfUtils.java:logGet(44)) - raft.server.log.corruption.policy = EXCEPTION (default)
2021-11-05 13:01:05,230 [pool-559-thread-1] INFO  server.RaftServerConfigKeys (ConfUtils.java:logGet(44)) - raft.server.storage.free-space.min = 0MB (=0) (default)
2021-11-05 13:01:05,230 [pool-559-thread-1] INFO  storage.RaftStorageDirectory (RaftStorageDirectoryImpl.java:analyzeStorage(135)) - The storage directory /home/runner/work/ozone/ozone/hadoop-ozone/integration-test/target/test-dir/MiniOzoneClusterImpl-bdf76210-3e21-404e-9e17-65b92aec9f1a/datanode-2/data/ratis/e7fe834a-fc3c-45c7-9c57-48ccfd0e3bb8 does not exist. Creating ...
2021-11-05 13:01:05,231 [pool-559-thread-1] INFO  storage.RaftStorageDirectory (RaftStorageDirectoryImpl.java:tryLock(230)) - Lock on /home/runner/work/ozone/ozone/hadoop-ozone/integration-test/target/test-dir/MiniOzoneClusterImpl-bdf76210-3e21-404e-9e17-65b92aec9f1a/datanode-2/data/ratis/e7fe834a-fc3c-45c7-9c57-48ccfd0e3bb8/in_use.lock acquired by nodename 10214@fv-az151-875
2021-11-05 13:01:05,232 [pool-559-thread-1] INFO  storage.RaftStorage (RaftStorageImpl.java:format(89)) - Storage directory /home/runner/work/ozone/ozone/hadoop-ozone/integration-test/target/test-dir/MiniOzoneClusterImpl-bdf76210-3e21-404e-9e17-65b92aec9f1a/datanode-2/data/ratis/e7fe834a-fc3c-45c7-9c57-48ccfd0e3bb8 has been successfully formatted.
2021-11-05 13:01:05,232 [pool-559-thread-1] INFO  ratis.ContainerStateMachine (ContainerStateMachine.java:loadSnapshot(224)) - group-48CCFD0E3BB8: The snapshot info is null. Setting the last applied indexto:(t:0, i:~)
2021-11-05 13:01:05,233 [pool-559-thread-1] INFO  server.RaftServerConfigKeys (ConfUtils.java:logGet(44)) - raft.server.notification.no-leader.timeout = 300000ms (custom)
2021-11-05 13:01:05,233 [pool-559-thread-1] INFO  server.RaftServerConfigKeys (ConfUtils.java:logGet(44)) - raft.server.log.use.memory = false (default)
2021-11-05 13:01:05,233 [pool-559-thread-1] INFO  server.RaftServerConfigKeys (ConfUtils.java:logGet(44)) - raft.server.log.purge.gap = 1000000 (custom)
2021-11-05 13:01:05,233 [pool-559-thread-1] INFO  server.RaftServerConfigKeys (ConfUtils.java:logGet(44)) - raft.server.log.appender.buffer.byte-limit = 33554432 (custom)
2021-11-05 13:01:05,233 [pool-559-thread-1] INFO  server.RaftServerConfigKeys (ConfUtils.java:logGet(44)) - raft.server.log.segment.size.max = 1048576 (custom)
2021-11-05 13:01:05,234 [pool-559-thread-1] INFO  server.RaftServerConfigKeys (ConfUtils.java:logGet(44)) - raft.server.log.segment.cache.num.max = 2 (custom)
2021-11-05 13:01:05,234 [pool-559-thread-1] INFO  server.RaftServerConfigKeys (ConfUtils.java:logGet(44)) - raft.server.log.segment.cache.size.max = 200MB (=209715200) (default)
2021-11-05 13:01:05,234 [pool-559-thread-1] INFO  segmented.SegmentedRaftLogWorker (SegmentedRaftLogWorker.java:<init>(182)) - new 3ae4cb20-15ad-4779-a013-5b0fdc3aaee7@group-48CCFD0E3BB8-SegmentedRaftLogWorker for RaftStorageImpl:Storage Directory /home/runner/work/ozone/ozone/hadoop-ozone/integration-test/target/test-dir/MiniOzoneClusterImpl-bdf76210-3e21-404e-9e17-65b92aec9f1a/datanode-2/data/ratis/e7fe834a-fc3c-45c7-9c57-48ccfd0e3bb8
2021-11-05 13:01:05,234 [pool-559-thread-1] INFO  server.RaftServerConfigKeys (ConfUtils.java:logGet(44)) - raft.server.log.queue.byte-limit = 2147483647 (custom)
2021-11-05 13:01:05,234 [pool-559-thread-1] INFO  server.RaftServerConfigKeys (ConfUtils.java:logGet(44)) - raft.server.log.queue.element-limit = 1024 (custom)
2021-11-05 13:01:05,234 [pool-559-thread-1] INFO  server.RaftServerConfigKeys (ConfUtils.java:logGet(44)) - raft.server.log.segment.size.max = 1048576 (custom)
2021-11-05 13:01:05,234 [pool-559-thread-1] INFO  server.RaftServerConfigKeys (ConfUtils.java:logGet(44)) - raft.server.log.preallocated.size = 16384 (custom)
2021-11-05 13:01:05,234 [pool-559-thread-1] INFO  server.RaftServerConfigKeys (ConfUtils.java:logGet(44)) - raft.server.log.force.sync.num = 128 (default)
2021-11-05 13:01:05,234 [pool-559-thread-1] INFO  server.RaftServerConfigKeys (ConfUtils.java:logGet(44)) - raft.server.log.statemachine.data.sync = true (default)
2021-11-05 13:01:05,234 [pool-559-thread-1] INFO  server.RaftServerConfigKeys (ConfUtils.java:logGet(44)) - raft.server.log.statemachine.data.sync.timeout = 10s (default)
2021-11-05 13:01:05,235 [pool-559-thread-1] INFO  server.RaftServerConfigKeys (ConfUtils.java:logGet(44)) - raft.server.log.statemachine.data.sync.timeout.retry = -1 (default)
2021-11-05 13:01:05,236 [pool-559-thread-1] INFO  server.RaftServerConfigKeys (ConfUtils.java:logGet(44)) - raft.server.log.write.buffer.size = 1048576 (custom)
2021-11-05 13:01:05,237 [pool-559-thread-1] INFO  server.RaftServerConfigKeys (ConfUtils.java:logGet(44)) - raft.server.log.statemachine.data.caching.enabled = true (custom)
2021-11-05 13:01:05,237 [pool-559-thread-1] INFO  segmented.SegmentedRaftLogWorker (SegmentedRaftLogWorker.java:lambda$new$0(133)) - 3ae4cb20-15ad-4779-a013-5b0fdc3aaee7@group-48CCFD0E3BB8-SegmentedRaftLogWorker: flushIndex: setUnconditionally 0 -> -1
2021-11-05 13:01:05,237 [pool-559-thread-1] INFO  segmented.SegmentedRaftLogWorker (SegmentedRaftLogWorker.java:lambda$new$0(133)) - 3ae4cb20-15ad-4779-a013-5b0fdc3aaee7@group-48CCFD0E3BB8-SegmentedRaftLogWorker: safeCacheEvictIndex: setUnconditionally 0 -> -1
2021-11-05 13:01:05,237 [pool-559-thread-1] INFO  server.RaftServerConfigKeys (ConfUtils.java:logGet(44)) - raft.server.snapshot.auto.trigger.enabled = true (custom)
2021-11-05 13:01:05,238 [pool-559-thread-1] INFO  server.RaftServerConfigKeys (ConfUtils.java:logGet(44)) - raft.server.snapshot.auto.trigger.threshold = 10000 (custom)
2021-11-05 13:01:05,238 [pool-559-thread-1] INFO  server.RaftServerConfigKeys (ConfUtils.java:logGet(44)) - raft.server.snapshot.retention.file.num = 5 (custom)
2021-11-05 13:01:05,238 [pool-559-thread-1] INFO  server.RaftServerConfigKeys (ConfUtils.java:logGet(44)) - raft.server.log.purge.upto.snapshot.index = false (default)
2021-11-05 13:01:05,238 [pool-559-thread-1] INFO  server.RaftServerConfigKeys (ConfUtils.java:logGet(44)) - raft.server.retrycache.expirytime = 600000ms (custom)
2021-11-05 13:01:05,238 [pool-559-thread-1] INFO  server.RaftServerConfigKeys (ConfUtils.java:logGet(44)) - raft.server.retrycache.statistics.expirytime = 100μs (default)
2021-11-05 13:01:05,239 [pool-559-thread-1] INFO  server.RaftServer$Division (RaftServerImpl.java:start(301)) - 3ae4cb20-15ad-4779-a013-5b0fdc3aaee7@group-48CCFD0E3BB8: start as a follower, conf=-1: [f0359a9b-bc21-4a61-b53d-8d2dd84c6fc1|rpc:10.1.0.23:44285|priority:0, fa45fd2a-a6ef-4106-9a44-777d17a8e8f4|rpc:10.1.0.23:43989|priority:1, 3ae4cb20-15ad-4779-a013-5b0fdc3aaee7|rpc:10.1.0.23:35115|priority:0], old=null
2021-11-05 13:01:05,239 [pool-559-thread-1] INFO  server.RaftServer$Division (RaftServerImpl.java:setRole(290)) - 3ae4cb20-15ad-4779-a013-5b0fdc3aaee7@group-48CCFD0E3BB8: changes role from      null to FOLLOWER at term 0 for startAsFollower
2021-11-05 13:01:05,239 [pool-559-thread-1] INFO  impl.RoleInfo (RoleInfo.java:updateAndGet(130)) - 3ae4cb20-15ad-4779-a013-5b0fdc3aaee7: start 3ae4cb20-15ad-4779-a013-5b0fdc3aaee7@group-48CCFD0E3BB8-FollowerState
2021-11-05 13:01:05,240 [pool-559-thread-1] INFO  util.JmxRegister (JmxRegister.java:tryRegister(44)) - Successfully registered JMX Bean with object name Ratis:service=RaftServer,group=group-48CCFD0E3BB8,id=3ae4cb20-15ad-4779-a013-5b0fdc3aaee7
2021-11-05 13:01:05,257 [Command processor thread] INFO  ratis.XceiverServerRatis (XceiverServerRatis.java:addGroup(768)) - Created group PipelineID=e7fe834a-fc3c-45c7-9c57-48ccfd0e3bb8
2021-11-05 13:01:05,260 [pool-635-thread-1] INFO  server.RaftServer$Division (RaftServerImpl.java:<init>(184)) - f0359a9b-bc21-4a61-b53d-8d2dd84c6fc1: new RaftServerImpl for group-48CCFD0E3BB8:[f0359a9b-bc21-4a61-b53d-8d2dd84c6fc1|rpc:10.1.0.23:44285|priority:0, fa45fd2a-a6ef-4106-9a44-777d17a8e8f4|rpc:10.1.0.23:43989|priority:1, 3ae4cb20-15ad-4779-a013-5b0fdc3aaee7|rpc:10.1.0.23:35115|priority:0] with ContainerStateMachine:uninitialized
2021-11-05 13:01:05,260 [pool-635-thread-1] INFO  server.RaftServerConfigKeys (ConfUtils.java:logGet(44)) - raft.server.rpc.timeout.min = 5s (custom)
2021-11-05 13:01:05,260 [pool-635-thread-1] INFO  server.RaftServerConfigKeys (ConfUtils.java:logGet(44)) - raft.server.rpc.timeout.max = 5200ms (custom)
2021-11-05 13:01:05,260 [pool-635-thread-1] INFO  server.RaftServerConfigKeys (ConfUtils.java:logGet(44)) - raft.server.rpc.sleep.time = 25ms (default)
2021-11-05 13:01:05,260 [pool-635-thread-1] INFO  server.RaftServerConfigKeys (ConfUtils.java:logGet(44)) - raft.server.rpc.slowness.timeout = 300000ms (custom)
2021-11-05 13:01:05,260 [pool-635-thread-1] INFO  server.RaftServerConfigKeys (ConfUtils.java:logGet(44)) - raft.server.leaderelection.leader.step-down.wait-time = 10s (default)
2021-11-05 13:01:05,260 [pool-635-thread-1] INFO  server.RaftServerConfigKeys (ConfUtils.java:logGet(44)) - raft.server.sleep.deviation.threshold = 300ms (default)
2021-11-05 13:01:05,260 [pool-635-thread-1] INFO  server.RaftServerConfigKeys (ConfUtils.java:logGet(44)) - raft.server.log.appender.install.snapshot.enabled = false (custom)
2021-11-05 13:01:05,260 [pool-635-thread-1] INFO  server.RaftServer$Division (ServerState.java:<init>(105)) - f0359a9b-bc21-4a61-b53d-8d2dd84c6fc1@group-48CCFD0E3BB8: ConfigurationManager, init=-1: [f0359a9b-bc21-4a61-b53d-8d2dd84c6fc1|rpc:10.1.0.23:44285|priority:0, fa45fd2a-a6ef-4106-9a44-777d17a8e8f4|rpc:10.1.0.23:43989|priority:1, 3ae4cb20-15ad-4779-a013-5b0fdc3aaee7|rpc:10.1.0.23:35115|priority:0], old=null, confs=<EMPTY_MAP>
2021-11-05 13:01:05,260 [pool-635-thread-1] INFO  server.RaftServerConfigKeys (ConfUtils.java:logGet(44)) - raft.server.storage.dir = [/home/runner/work/ozone/ozone/hadoop-ozone/integration-test/target/test-dir/MiniOzoneClusterImpl-bdf76210-3e21-404e-9e17-65b92aec9f1a/datanode-6/data/ratis] (custom)
2021-11-05 13:01:05,261 [pool-635-thread-1] INFO  server.RaftServerConfigKeys (ConfUtils.java:logGet(44)) - raft.server.log.corruption.policy = EXCEPTION (default)
2021-11-05 13:01:05,261 [pool-635-thread-1] INFO  server.RaftServerConfigKeys (ConfUtils.java:logGet(44)) - raft.server.storage.free-space.min = 0MB (=0) (default)
2021-11-05 13:01:05,261 [pool-635-thread-1] INFO  storage.RaftStorageDirectory (RaftStorageDirectoryImpl.java:analyzeStorage(135)) - The storage directory /home/runner/work/ozone/ozone/hadoop-ozone/integration-test/target/test-dir/MiniOzoneClusterImpl-bdf76210-3e21-404e-9e17-65b92aec9f1a/datanode-6/data/ratis/e7fe834a-fc3c-45c7-9c57-48ccfd0e3bb8 does not exist. Creating ...
2021-11-05 13:01:05,268 [pool-693-thread-1] INFO  storage.RaftStorageDirectory (RaftStorageDirectoryImpl.java:tryLock(230)) - Lock on /home/runner/work/ozone/ozone/hadoop-ozone/integration-test/target/test-dir/MiniOzoneClusterImpl-bdf76210-3e21-404e-9e17-65b92aec9f1a/datanode-0/data/ratis/8c80d07e-7785-4892-a8be-0869023e3dc0/in_use.lock acquired by nodename 10214@fv-az151-875
2021-11-05 13:01:05,268 [pool-635-thread-1] INFO  storage.RaftStorageDirectory (RaftStorageDirectoryImpl.java:tryLock(230)) - Lock on /home/runner/work/ozone/ozone/hadoop-ozone/integration-test/target/test-dir/MiniOzoneClusterImpl-bdf76210-3e21-404e-9e17-65b92aec9f1a/datanode-6/data/ratis/e7fe834a-fc3c-45c7-9c57-48ccfd0e3bb8/in_use.lock acquired by nodename 10214@fv-az151-875
2021-11-05 13:01:05,274 [grpc-default-executor-5] INFO  server.RaftServer (RaftServerProxy.java:addNew(95)) - fa45fd2a-a6ef-4106-9a44-777d17a8e8f4: addNew group-48CCFD0E3BB8:[f0359a9b-bc21-4a61-b53d-8d2dd84c6fc1|rpc:10.1.0.23:44285|dataStream:|priority:0, fa45fd2a-a6ef-4106-9a44-777d17a8e8f4|rpc:10.1.0.23:43989|dataStream:|priority:1, 3ae4cb20-15ad-4779-a013-5b0fdc3aaee7|rpc:10.1.0.23:35115|dataStream:|priority:0] returns group-48CCFD0E3BB8:java.util.concurrent.CompletableFuture@7634bd4a[Not completed]
2021-11-05 13:01:05,275 [pool-540-thread-1] INFO  server.RaftServer$Division (RaftServerImpl.java:<init>(184)) - fa45fd2a-a6ef-4106-9a44-777d17a8e8f4: new RaftServerImpl for group-48CCFD0E3BB8:[f0359a9b-bc21-4a61-b53d-8d2dd84c6fc1|rpc:10.1.0.23:44285|dataStream:|priority:0, fa45fd2a-a6ef-4106-9a44-777d17a8e8f4|rpc:10.1.0.23:43989|dataStream:|priority:1, 3ae4cb20-15ad-4779-a013-5b0fdc3aaee7|rpc:10.1.0.23:35115|dataStream:|priority:0] with ContainerStateMachine:uninitialized
2021-11-05 13:01:05,275 [pool-540-thread-1] INFO  server.RaftServerConfigKeys (ConfUtils.java:logGet(44)) - raft.server.rpc.timeout.min = 5s (custom)
2021-11-05 13:01:05,275 [pool-540-thread-1] INFO  server.RaftServerConfigKeys (ConfUtils.java:logGet(44)) - raft.server.rpc.timeout.max = 5200ms (custom)
2021-11-05 13:01:05,275 [pool-540-thread-1] INFO  server.RaftServerConfigKeys (ConfUtils.java:logGet(44)) - raft.server.rpc.sleep.time = 25ms (default)
2021-11-05 13:01:05,275 [pool-540-thread-1] INFO  server.RaftServerConfigKeys (ConfUtils.java:logGet(44)) - raft.server.rpc.slowness.timeout = 300000ms (custom)
2021-11-05 13:01:05,275 [pool-540-thread-1] INFO  server.RaftServerConfigKeys (ConfUtils.java:logGet(44)) - raft.server.leaderelection.leader.step-down.wait-time = 10s (default)
2021-11-05 13:01:05,275 [pool-540-thread-1] INFO  server.RaftServerConfigKeys (ConfUtils.java:logGet(44)) - raft.server.sleep.deviation.threshold = 300ms (default)
2021-11-05 13:01:05,275 [pool-540-thread-1] INFO  server.RaftServerConfigKeys (ConfUtils.java:logGet(44)) - raft.server.log.appender.install.snapshot.enabled = false (custom)
2021-11-05 13:01:05,275 [pool-540-thread-1] INFO  server.RaftServer$Division (ServerState.java:<init>(105)) - fa45fd2a-a6ef-4106-9a44-777d17a8e8f4@group-48CCFD0E3BB8: ConfigurationManager, init=-1: [f0359a9b-bc21-4a61-b53d-8d2dd84c6fc1|rpc:10.1.0.23:44285|dataStream:|priority:0, fa45fd2a-a6ef-4106-9a44-777d17a8e8f4|rpc:10.1.0.23:43989|dataStream:|priority:1, 3ae4cb20-15ad-4779-a013-5b0fdc3aaee7|rpc:10.1.0.23:35115|dataStream:|priority:0], old=null, confs=<EMPTY_MAP>
2021-11-05 13:01:05,275 [pool-540-thread-1] INFO  server.RaftServerConfigKeys (ConfUtils.java:logGet(44)) - raft.server.storage.dir = [/home/runner/work/ozone/ozone/hadoop-ozone/integration-test/target/test-dir/MiniOzoneClusterImpl-bdf76210-3e21-404e-9e17-65b92aec9f1a/datanode-1/data/ratis] (custom)
2021-11-05 13:01:05,275 [pool-540-thread-1] INFO  server.RaftServerConfigKeys (ConfUtils.java:logGet(44)) - raft.server.log.corruption.policy = EXCEPTION (default)
2021-11-05 13:01:05,275 [pool-540-thread-1] INFO  server.RaftServerConfigKeys (ConfUtils.java:logGet(44)) - raft.server.storage.free-space.min = 0MB (=0) (default)
2021-11-05 13:01:05,276 [pool-540-thread-1] INFO  storage.RaftStorageDirectory (RaftStorageDirectoryImpl.java:analyzeStorage(135)) - The storage directory /home/runner/work/ozone/ozone/hadoop-ozone/integration-test/target/test-dir/MiniOzoneClusterImpl-bdf76210-3e21-404e-9e17-65b92aec9f1a/datanode-1/data/ratis/e7fe834a-fc3c-45c7-9c57-48ccfd0e3bb8 does not exist. Creating ...
2021-11-05 13:01:05,278 [pool-540-thread-1] INFO  storage.RaftStorageDirectory (RaftStorageDirectoryImpl.java:tryLock(230)) - Lock on /home/runner/work/ozone/ozone/hadoop-ozone/integration-test/target/test-dir/MiniOzoneClusterImpl-bdf76210-3e21-404e-9e17-65b92aec9f1a/datanode-1/data/ratis/e7fe834a-fc3c-45c7-9c57-48ccfd0e3bb8/in_use.lock acquired by nodename 10214@fv-az151-875
2021-11-05 13:01:05,278 [pool-693-thread-1] INFO  storage.RaftStorage (RaftStorageImpl.java:format(89)) - Storage directory /home/runner/work/ozone/ozone/hadoop-ozone/integration-test/target/test-dir/MiniOzoneClusterImpl-bdf76210-3e21-404e-9e17-65b92aec9f1a/datanode-0/data/ratis/8c80d07e-7785-4892-a8be-0869023e3dc0 has been successfully formatted.
2021-11-05 13:01:05,278 [pool-693-thread-1] INFO  ratis.ContainerStateMachine (ContainerStateMachine.java:loadSnapshot(224)) - group-0869023E3DC0: The snapshot info is null. Setting the last applied indexto:(t:0, i:~)
2021-11-05 13:01:05,278 [pool-693-thread-1] INFO  server.RaftServerConfigKeys (ConfUtils.java:logGet(44)) - raft.server.notification.no-leader.timeout = 300000ms (custom)
2021-11-05 13:01:05,278 [pool-693-thread-1] INFO  server.RaftServerConfigKeys (ConfUtils.java:logGet(44)) - raft.server.log.use.memory = false (default)
2021-11-05 13:01:05,278 [pool-693-thread-1] INFO  server.RaftServerConfigKeys (ConfUtils.java:logGet(44)) - raft.server.log.purge.gap = 1000000 (custom)
2021-11-05 13:01:05,278 [pool-693-thread-1] INFO  server.RaftServerConfigKeys (ConfUtils.java:logGet(44)) - raft.server.log.appender.buffer.byte-limit = 33554432 (custom)
2021-11-05 13:01:05,279 [pool-693-thread-1] INFO  server.RaftServerConfigKeys (ConfUtils.java:logGet(44)) - raft.server.log.segment.size.max = 1048576 (custom)
2021-11-05 13:01:05,279 [pool-693-thread-1] INFO  server.RaftServerConfigKeys (ConfUtils.java:logGet(44)) - raft.server.log.segment.cache.num.max = 2 (custom)
2021-11-05 13:01:05,279 [pool-693-thread-1] INFO  server.RaftServerConfigKeys (ConfUtils.java:logGet(44)) - raft.server.log.segment.cache.size.max = 200MB (=209715200) (default)
2021-11-05 13:01:05,279 [pool-693-thread-1] INFO  segmented.SegmentedRaftLogWorker (SegmentedRaftLogWorker.java:<init>(182)) - new 76ef4e66-eace-4a3b-a369-d2a815523a61@group-0869023E3DC0-SegmentedRaftLogWorker for RaftStorageImpl:Storage Directory /home/runner/work/ozone/ozone/hadoop-ozone/integration-test/target/test-dir/MiniOzoneClusterImpl-bdf76210-3e21-404e-9e17-65b92aec9f1a/datanode-0/data/ratis/8c80d07e-7785-4892-a8be-0869023e3dc0
2021-11-05 13:01:05,279 [pool-693-thread-1] INFO  server.RaftServerConfigKeys (ConfUtils.java:logGet(44)) - raft.server.log.queue.byte-limit = 2147483647 (custom)
2021-11-05 13:01:05,279 [pool-693-thread-1] INFO  server.RaftServerConfigKeys (ConfUtils.java:logGet(44)) - raft.server.log.queue.element-limit = 1024 (custom)
2021-11-05 13:01:05,279 [pool-693-thread-1] INFO  server.RaftServerConfigKeys (ConfUtils.java:logGet(44)) - raft.server.log.segment.size.max = 1048576 (custom)
2021-11-05 13:01:05,279 [pool-693-thread-1] INFO  server.RaftServerConfigKeys (ConfUtils.java:logGet(44)) - raft.server.log.preallocated.size = 16384 (custom)
2021-11-05 13:01:05,279 [pool-693-thread-1] INFO  server.RaftServerConfigKeys (ConfUtils.java:logGet(44)) - raft.server.log.force.sync.num = 128 (default)
2021-11-05 13:01:05,279 [pool-693-thread-1] INFO  server.RaftServerConfigKeys (ConfUtils.java:logGet(44)) - raft.server.log.statemachine.data.sync = true (default)
2021-11-05 13:01:05,279 [pool-693-thread-1] INFO  server.RaftServerConfigKeys (ConfUtils.java:logGet(44)) - raft.server.log.statemachine.data.sync.timeout = 10s (default)
2021-11-05 13:01:05,279 [pool-693-thread-1] INFO  server.RaftServerConfigKeys (ConfUtils.java:logGet(44)) - raft.server.log.statemachine.data.sync.timeout.retry = -1 (default)
2021-11-05 13:01:05,281 [pool-693-thread-1] INFO  server.RaftServerConfigKeys (ConfUtils.java:logGet(44)) - raft.server.log.write.buffer.size = 1048576 (custom)
2021-11-05 13:01:05,282 [pool-693-thread-1] INFO  server.RaftServerConfigKeys (ConfUtils.java:logGet(44)) - raft.server.log.statemachine.data.caching.enabled = true (custom)
2021-11-05 13:01:05,282 [pool-693-thread-1] INFO  segmented.SegmentedRaftLogWorker (SegmentedRaftLogWorker.java:lambda$new$0(133)) - 76ef4e66-eace-4a3b-a369-d2a815523a61@group-0869023E3DC0-SegmentedRaftLogWorker: flushIndex: setUnconditionally 0 -> -1
2021-11-05 13:01:05,282 [pool-693-thread-1] INFO  segmented.SegmentedRaftLogWorker (SegmentedRaftLogWorker.java:lambda$new$0(133)) - 76ef4e66-eace-4a3b-a369-d2a815523a61@group-0869023E3DC0-SegmentedRaftLogWorker: safeCacheEvictIndex: setUnconditionally 0 -> -1
2021-11-05 13:01:05,284 [pool-635-thread-1] INFO  storage.RaftStorage (RaftStorageImpl.java:format(89)) - Storage directory /home/runner/work/ozone/ozone/hadoop-ozone/integration-test/target/test-dir/MiniOzoneClusterImpl-bdf76210-3e21-404e-9e17-65b92aec9f1a/datanode-6/data/ratis/e7fe834a-fc3c-45c7-9c57-48ccfd0e3bb8 has been successfully formatted.
2021-11-05 13:01:05,284 [pool-540-thread-1] INFO  storage.RaftStorage (RaftStorageImpl.java:format(89)) - Storage directory /home/runner/work/ozone/ozone/hadoop-ozone/integration-test/target/test-dir/MiniOzoneClusterImpl-bdf76210-3e21-404e-9e17-65b92aec9f1a/datanode-1/data/ratis/e7fe834a-fc3c-45c7-9c57-48ccfd0e3bb8 has been successfully formatted.
2021-11-05 13:01:05,329 [pool-540-thread-1] INFO  ratis.ContainerStateMachine (ContainerStateMachine.java:loadSnapshot(224)) - group-48CCFD0E3BB8: The snapshot info is null. Setting the last applied indexto:(t:0, i:~)
2021-11-05 13:01:05,329 [pool-540-thread-1] INFO  server.RaftServerConfigKeys (ConfUtils.java:logGet(44)) - raft.server.notification.no-leader.timeout = 300000ms (custom)
2021-11-05 13:01:05,329 [pool-540-thread-1] INFO  server.RaftServerConfigKeys (ConfUtils.java:logGet(44)) - raft.server.log.use.memory = false (default)
2021-11-05 13:01:05,329 [pool-540-thread-1] INFO  server.RaftServerConfigKeys (ConfUtils.java:logGet(44)) - raft.server.log.purge.gap = 1000000 (custom)
2021-11-05 13:01:05,329 [pool-540-thread-1] INFO  server.RaftServerConfigKeys (ConfUtils.java:logGet(44)) - raft.server.log.appender.buffer.byte-limit = 33554432 (custom)
2021-11-05 13:01:05,329 [pool-540-thread-1] INFO  server.RaftServerConfigKeys (ConfUtils.java:logGet(44)) - raft.server.log.segment.size.max = 1048576 (custom)
2021-11-05 13:01:05,330 [pool-540-thread-1] INFO  server.RaftServerConfigKeys (ConfUtils.java:logGet(44)) - raft.server.log.segment.cache.num.max = 2 (custom)
2021-11-05 13:01:05,330 [pool-540-thread-1] INFO  server.RaftServerConfigKeys (ConfUtils.java:logGet(44)) - raft.server.log.segment.cache.size.max = 200MB (=209715200) (default)
2021-11-05 13:01:05,330 [pool-540-thread-1] INFO  segmented.SegmentedRaftLogWorker (SegmentedRaftLogWorker.java:<init>(182)) - new fa45fd2a-a6ef-4106-9a44-777d17a8e8f4@group-48CCFD0E3BB8-SegmentedRaftLogWorker for RaftStorageImpl:Storage Directory /home/runner/work/ozone/ozone/hadoop-ozone/integration-test/target/test-dir/MiniOzoneClusterImpl-bdf76210-3e21-404e-9e17-65b92aec9f1a/datanode-1/data/ratis/e7fe834a-fc3c-45c7-9c57-48ccfd0e3bb8
2021-11-05 13:01:05,330 [pool-540-thread-1] INFO  server.RaftServerConfigKeys (ConfUtils.java:logGet(44)) - raft.server.log.queue.byte-limit = 2147483647 (custom)
2021-11-05 13:01:05,330 [pool-540-thread-1] INFO  server.RaftServerConfigKeys (ConfUtils.java:logGet(44)) - raft.server.log.queue.element-limit = 1024 (custom)
2021-11-05 13:01:05,330 [pool-540-thread-1] INFO  server.RaftServerConfigKeys (ConfUtils.java:logGet(44)) - raft.server.log.segment.size.max = 1048576 (custom)
2021-11-05 13:01:05,330 [pool-540-thread-1] INFO  server.RaftServerConfigKeys (ConfUtils.java:logGet(44)) - raft.server.log.preallocated.size = 16384 (custom)
2021-11-05 13:01:05,330 [pool-540-thread-1] INFO  server.RaftServerConfigKeys (ConfUtils.java:logGet(44)) - raft.server.log.force.sync.num = 128 (default)
2021-11-05 13:01:05,330 [pool-540-thread-1] INFO  server.RaftServerConfigKeys (ConfUtils.java:logGet(44)) - raft.server.log.statemachine.data.sync = true (default)
2021-11-05 13:01:05,330 [pool-540-thread-1] INFO  server.RaftServerConfigKeys (ConfUtils.java:logGet(44)) - raft.server.log.statemachine.data.sync.timeout = 10s (default)
2021-11-05 13:01:05,330 [pool-540-thread-1] INFO  server.RaftServerConfigKeys (ConfUtils.java:logGet(44)) - raft.server.log.statemachine.data.sync.timeout.retry = -1 (default)
2021-11-05 13:01:05,331 [pool-540-thread-1] INFO  server.RaftServerConfigKeys (ConfUtils.java:logGet(44)) - raft.server.log.write.buffer.size = 1048576 (custom)
2021-11-05 13:01:05,332 [pool-635-thread-1] INFO  ratis.ContainerStateMachine (ContainerStateMachine.java:loadSnapshot(224)) - group-48CCFD0E3BB8: The snapshot info is null. Setting the last applied indexto:(t:0, i:~)
2021-11-05 13:01:05,332 [pool-635-thread-1] INFO  server.RaftServerConfigKeys (ConfUtils.java:logGet(44)) - raft.server.notification.no-leader.timeout = 300000ms (custom)
2021-11-05 13:01:05,332 [pool-635-thread-1] INFO  server.RaftServerConfigKeys (ConfUtils.java:logGet(44)) - raft.server.log.use.memory = false (default)
2021-11-05 13:01:05,332 [pool-635-thread-1] INFO  server.RaftServerConfigKeys (ConfUtils.java:logGet(44)) - raft.server.log.purge.gap = 1000000 (custom)
2021-11-05 13:01:05,332 [pool-635-thread-1] INFO  server.RaftServerConfigKeys (ConfUtils.java:logGet(44)) - raft.server.log.appender.buffer.byte-limit = 33554432 (custom)
2021-11-05 13:01:05,332 [pool-635-thread-1] INFO  server.RaftServerConfigKeys (ConfUtils.java:logGet(44)) - raft.server.log.segment.size.max = 1048576 (custom)
2021-11-05 13:01:05,332 [pool-635-thread-1] INFO  server.RaftServerConfigKeys (ConfUtils.java:logGet(44)) - raft.server.log.segment.cache.num.max = 2 (custom)
2021-11-05 13:01:05,333 [pool-635-thread-1] INFO  server.RaftServerConfigKeys (ConfUtils.java:logGet(44)) - raft.server.log.segment.cache.size.max = 200MB (=209715200) (default)
2021-11-05 13:01:05,333 [pool-635-thread-1] INFO  segmented.SegmentedRaftLogWorker (SegmentedRaftLogWorker.java:<init>(182)) - new f0359a9b-bc21-4a61-b53d-8d2dd84c6fc1@group-48CCFD0E3BB8-SegmentedRaftLogWorker for RaftStorageImpl:Storage Directory /home/runner/work/ozone/ozone/hadoop-ozone/integration-test/target/test-dir/MiniOzoneClusterImpl-bdf76210-3e21-404e-9e17-65b92aec9f1a/datanode-6/data/ratis/e7fe834a-fc3c-45c7-9c57-48ccfd0e3bb8
2021-11-05 13:01:05,333 [pool-635-thread-1] INFO  server.RaftServerConfigKeys (ConfUtils.java:logGet(44)) - raft.server.log.queue.byte-limit = 2147483647 (custom)
2021-11-05 13:01:05,333 [pool-635-thread-1] INFO  server.RaftServerConfigKeys (ConfUtils.java:logGet(44)) - raft.server.log.queue.element-limit = 1024 (custom)
2021-11-05 13:01:05,333 [pool-635-thread-1] INFO  server.RaftServerConfigKeys (ConfUtils.java:logGet(44)) - raft.server.log.segment.size.max = 1048576 (custom)
2021-11-05 13:01:05,333 [pool-635-thread-1] INFO  server.RaftServerConfigKeys (ConfUtils.java:logGet(44)) - raft.server.log.preallocated.size = 16384 (custom)
2021-11-05 13:01:05,333 [pool-635-thread-1] INFO  server.RaftServerConfigKeys (ConfUtils.java:logGet(44)) - raft.server.log.force.sync.num = 128 (default)
2021-11-05 13:01:05,333 [pool-635-thread-1] INFO  server.RaftServerConfigKeys (ConfUtils.java:logGet(44)) - raft.server.log.statemachine.data.sync = true (default)
2021-11-05 13:01:05,333 [pool-635-thread-1] INFO  server.RaftServerConfigKeys (ConfUtils.java:logGet(44)) - raft.server.log.statemachine.data.sync.timeout = 10s (default)
2021-11-05 13:01:05,333 [pool-635-thread-1] INFO  server.RaftServerConfigKeys (ConfUtils.java:logGet(44)) - raft.server.log.statemachine.data.sync.timeout.retry = -1 (default)
2021-11-05 13:01:05,334 [pool-635-thread-1] INFO  server.RaftServerConfigKeys (ConfUtils.java:logGet(44)) - raft.server.log.write.buffer.size = 1048576 (custom)
2021-11-05 13:01:05,334 [pool-635-thread-1] INFO  server.RaftServerConfigKeys (ConfUtils.java:logGet(44)) - raft.server.log.statemachine.data.caching.enabled = true (custom)
2021-11-05 13:01:05,334 [pool-635-thread-1] INFO  segmented.SegmentedRaftLogWorker (SegmentedRaftLogWorker.java:lambda$new$0(133)) - f0359a9b-bc21-4a61-b53d-8d2dd84c6fc1@group-48CCFD0E3BB8-SegmentedRaftLogWorker: flushIndex: setUnconditionally 0 -> -1
2021-11-05 13:01:05,334 [pool-635-thread-1] INFO  segmented.SegmentedRaftLogWorker (SegmentedRaftLogWorker.java:lambda$new$0(133)) - f0359a9b-bc21-4a61-b53d-8d2dd84c6fc1@group-48CCFD0E3BB8-SegmentedRaftLogWorker: safeCacheEvictIndex: setUnconditionally 0 -> -1
2021-11-05 13:01:05,338 [pool-540-thread-1] INFO  server.RaftServerConfigKeys (ConfUtils.java:logGet(44)) - raft.server.log.statemachine.data.caching.enabled = true (custom)
2021-11-05 13:01:05,340 [pool-540-thread-1] INFO  segmented.SegmentedRaftLogWorker (SegmentedRaftLogWorker.java:lambda$new$0(133)) - fa45fd2a-a6ef-4106-9a44-777d17a8e8f4@group-48CCFD0E3BB8-SegmentedRaftLogWorker: flushIndex: setUnconditionally 0 -> -1
2021-11-05 13:01:05,340 [pool-540-thread-1] INFO  segmented.SegmentedRaftLogWorker (SegmentedRaftLogWorker.java:lambda$new$0(133)) - fa45fd2a-a6ef-4106-9a44-777d17a8e8f4@group-48CCFD0E3BB8-SegmentedRaftLogWorker: safeCacheEvictIndex: setUnconditionally 0 -> -1
2021-11-05 13:01:05,341 [pool-635-thread-1] INFO  server.RaftServerConfigKeys (ConfUtils.java:logGet(44)) - raft.server.snapshot.auto.trigger.enabled = true (custom)
2021-11-05 13:01:05,341 [pool-635-thread-1] INFO  server.RaftServerConfigKeys (ConfUtils.java:logGet(44)) - raft.server.snapshot.auto.trigger.threshold = 10000 (custom)
2021-11-05 13:01:05,341 [pool-635-thread-1] INFO  server.RaftServerConfigKeys (ConfUtils.java:logGet(44)) - raft.server.snapshot.retention.file.num = 5 (custom)
2021-11-05 13:01:05,341 [pool-635-thread-1] INFO  server.RaftServerConfigKeys (ConfUtils.java:logGet(44)) - raft.server.log.purge.upto.snapshot.index = false (default)
2021-11-05 13:01:05,341 [pool-635-thread-1] INFO  server.RaftServerConfigKeys (ConfUtils.java:logGet(44)) - raft.server.retrycache.expirytime = 600000ms (custom)
2021-11-05 13:01:05,341 [pool-635-thread-1] INFO  server.RaftServerConfigKeys (ConfUtils.java:logGet(44)) - raft.server.retrycache.statistics.expirytime = 100μs (default)
2021-11-05 13:01:05,343 [pool-635-thread-1] INFO  server.RaftServer$Division (RaftServerImpl.java:start(301)) - f0359a9b-bc21-4a61-b53d-8d2dd84c6fc1@group-48CCFD0E3BB8: start as a follower, conf=-1: [f0359a9b-bc21-4a61-b53d-8d2dd84c6fc1|rpc:10.1.0.23:44285|priority:0, fa45fd2a-a6ef-4106-9a44-777d17a8e8f4|rpc:10.1.0.23:43989|priority:1, 3ae4cb20-15ad-4779-a013-5b0fdc3aaee7|rpc:10.1.0.23:35115|priority:0], old=null
2021-11-05 13:01:05,343 [pool-635-thread-1] INFO  server.RaftServer$Division (RaftServerImpl.java:setRole(290)) - f0359a9b-bc21-4a61-b53d-8d2dd84c6fc1@group-48CCFD0E3BB8: changes role from      null to FOLLOWER at term 0 for startAsFollower
2021-11-05 13:01:05,343 [pool-635-thread-1] INFO  impl.RoleInfo (RoleInfo.java:updateAndGet(130)) - f0359a9b-bc21-4a61-b53d-8d2dd84c6fc1: start f0359a9b-bc21-4a61-b53d-8d2dd84c6fc1@group-48CCFD0E3BB8-FollowerState
2021-11-05 13:01:05,348 [pool-635-thread-1] INFO  util.JmxRegister (JmxRegister.java:tryRegister(44)) - Successfully registered JMX Bean with object name Ratis:service=RaftServer,group=group-48CCFD0E3BB8,id=f0359a9b-bc21-4a61-b53d-8d2dd84c6fc1
2021-11-05 13:01:05,356 [Command processor thread] INFO  ratis.XceiverServerRatis (XceiverServerRatis.java:addGroup(768)) - Created group PipelineID=e7fe834a-fc3c-45c7-9c57-48ccfd0e3bb8
2021-11-05 13:01:05,364 [pool-693-thread-1] INFO  server.RaftServerConfigKeys (ConfUtils.java:logGet(44)) - raft.server.snapshot.auto.trigger.enabled = true (custom)
2021-11-05 13:01:05,364 [pool-693-thread-1] INFO  server.RaftServerConfigKeys (ConfUtils.java:logGet(44)) - raft.server.snapshot.auto.trigger.threshold = 10000 (custom)
2021-11-05 13:01:05,364 [pool-693-thread-1] INFO  server.RaftServerConfigKeys (ConfUtils.java:logGet(44)) - raft.server.snapshot.retention.file.num = 5 (custom)
2021-11-05 13:01:05,364 [pool-693-thread-1] INFO  server.RaftServerConfigKeys (ConfUtils.java:logGet(44)) - raft.server.log.purge.upto.snapshot.index = false (default)
2021-11-05 13:01:05,364 [pool-693-thread-1] INFO  server.RaftServerConfigKeys (ConfUtils.java:logGet(44)) - raft.server.retrycache.expirytime = 600000ms (custom)
2021-11-05 13:01:05,364 [pool-693-thread-1] INFO  server.RaftServerConfigKeys (ConfUtils.java:logGet(44)) - raft.server.retrycache.statistics.expirytime = 100μs (default)
2021-11-05 13:01:05,365 [pool-693-thread-1] INFO  server.RaftServer$Division (RaftServerImpl.java:start(301)) - 76ef4e66-eace-4a3b-a369-d2a815523a61@group-0869023E3DC0: start as a follower, conf=-1: [76ef4e66-eace-4a3b-a369-d2a815523a61|rpc:10.1.0.23:41987|priority:0, fa45fd2a-a6ef-4106-9a44-777d17a8e8f4|rpc:10.1.0.23:43989|priority:0, 3ae4cb20-15ad-4779-a013-5b0fdc3aaee7|rpc:10.1.0.23:35115|priority:1], old=null
2021-11-05 13:01:05,365 [pool-693-thread-1] INFO  server.RaftServer$Division (RaftServerImpl.java:setRole(290)) - 76ef4e66-eace-4a3b-a369-d2a815523a61@group-0869023E3DC0: changes role from      null to FOLLOWER at term 0 for startAsFollower
2021-11-05 13:01:05,365 [pool-693-thread-1] INFO  impl.RoleInfo (RoleInfo.java:updateAndGet(130)) - 76ef4e66-eace-4a3b-a369-d2a815523a61: start 76ef4e66-eace-4a3b-a369-d2a815523a61@group-0869023E3DC0-FollowerState
2021-11-05 13:01:05,366 [pool-693-thread-1] INFO  util.JmxRegister (JmxRegister.java:tryRegister(44)) - Successfully registered JMX Bean with object name Ratis:service=RaftServer,group=group-0869023E3DC0,id=76ef4e66-eace-4a3b-a369-d2a815523a61
2021-11-05 13:01:05,367 [Command processor thread] INFO  ratis.XceiverServerRatis (XceiverServerRatis.java:addGroup(768)) - Created group PipelineID=8c80d07e-7785-4892-a8be-0869023e3dc0
2021-11-05 13:01:05,382 [pool-540-thread-1] INFO  server.RaftServerConfigKeys (ConfUtils.java:logGet(44)) - raft.server.snapshot.auto.trigger.enabled = true (custom)
2021-11-05 13:01:05,382 [pool-540-thread-1] INFO  server.RaftServerConfigKeys (ConfUtils.java:logGet(44)) - raft.server.snapshot.auto.trigger.threshold = 10000 (custom)
2021-11-05 13:01:05,382 [pool-540-thread-1] INFO  server.RaftServerConfigKeys (ConfUtils.java:logGet(44)) - raft.server.snapshot.retention.file.num = 5 (custom)
2021-11-05 13:01:05,382 [pool-540-thread-1] INFO  server.RaftServerConfigKeys (ConfUtils.java:logGet(44)) - raft.server.log.purge.upto.snapshot.index = false (default)
2021-11-05 13:01:05,382 [pool-540-thread-1] INFO  server.RaftServerConfigKeys (ConfUtils.java:logGet(44)) - raft.server.retrycache.expirytime = 600000ms (custom)
2021-11-05 13:01:05,382 [pool-540-thread-1] INFO  server.RaftServerConfigKeys (ConfUtils.java:logGet(44)) - raft.server.retrycache.statistics.expirytime = 100μs (default)
2021-11-05 13:01:05,383 [pool-540-thread-1] INFO  server.RaftServer$Division (RaftServerImpl.java:start(301)) - fa45fd2a-a6ef-4106-9a44-777d17a8e8f4@group-48CCFD0E3BB8: start as a follower, conf=-1: [f0359a9b-bc21-4a61-b53d-8d2dd84c6fc1|rpc:10.1.0.23:44285|dataStream:|priority:0, fa45fd2a-a6ef-4106-9a44-777d17a8e8f4|rpc:10.1.0.23:43989|dataStream:|priority:1, 3ae4cb20-15ad-4779-a013-5b0fdc3aaee7|rpc:10.1.0.23:35115|dataStream:|priority:0], old=null
2021-11-05 13:01:05,384 [pool-540-thread-1] INFO  server.RaftServer$Division (RaftServerImpl.java:setRole(290)) - fa45fd2a-a6ef-4106-9a44-777d17a8e8f4@group-48CCFD0E3BB8: changes role from      null to FOLLOWER at term 0 for startAsFollower
2021-11-05 13:01:05,384 [pool-540-thread-1] INFO  impl.RoleInfo (RoleInfo.java:updateAndGet(130)) - fa45fd2a-a6ef-4106-9a44-777d17a8e8f4: start fa45fd2a-a6ef-4106-9a44-777d17a8e8f4@group-48CCFD0E3BB8-FollowerState
2021-11-05 13:01:05,416 [pool-540-thread-1] INFO  util.JmxRegister (JmxRegister.java:tryRegister(44)) - Successfully registered JMX Bean with object name Ratis:service=RaftServer,group=group-48CCFD0E3BB8,id=fa45fd2a-a6ef-4106-9a44-777d17a8e8f4
2021-11-05 13:01:05,529 [Command processor thread] INFO  commandhandler.CreatePipelineCommandHandler (CreatePipelineCommandHandler.java:handle(106)) - Created Pipeline RATIS THREE PipelineID=e7fe834a-fc3c-45c7-9c57-48ccfd0e3bb8.
2021-11-05 13:01:05,568 [Command processor thread] INFO  commandhandler.CreatePipelineCommandHandler (CreatePipelineCommandHandler.java:handle(106)) - Created Pipeline RATIS THREE PipelineID=e7fe834a-fc3c-45c7-9c57-48ccfd0e3bb8.
2021-11-05 13:01:05,568 [Command processor thread] INFO  server.RaftServer (RaftServerProxy.java:addNew(95)) - 3ae4cb20-15ad-4779-a013-5b0fdc3aaee7: addNew group-479BF459BC53:[f0359a9b-bc21-4a61-b53d-8d2dd84c6fc1|rpc:10.1.0.23:44285|priority:0, 76ef4e66-eace-4a3b-a369-d2a815523a61|rpc:10.1.0.23:41987|priority:1, 3ae4cb20-15ad-4779-a013-5b0fdc3aaee7|rpc:10.1.0.23:35115|priority:0] returns group-479BF459BC53:java.util.concurrent.CompletableFuture@3107df1b[Not completed]
2021-11-05 13:01:05,568 [pool-559-thread-1] INFO  server.RaftServer$Division (RaftServerImpl.java:<init>(184)) - 3ae4cb20-15ad-4779-a013-5b0fdc3aaee7: new RaftServerImpl for group-479BF459BC53:[f0359a9b-bc21-4a61-b53d-8d2dd84c6fc1|rpc:10.1.0.23:44285|priority:0, 76ef4e66-eace-4a3b-a369-d2a815523a61|rpc:10.1.0.23:41987|priority:1, 3ae4cb20-15ad-4779-a013-5b0fdc3aaee7|rpc:10.1.0.23:35115|priority:0] with ContainerStateMachine:uninitialized
2021-11-05 13:01:05,569 [pool-559-thread-1] INFO  server.RaftServerConfigKeys (ConfUtils.java:logGet(44)) - raft.server.rpc.timeout.min = 5s (custom)
2021-11-05 13:01:05,569 [pool-559-thread-1] INFO  server.RaftServerConfigKeys (ConfUtils.java:logGet(44)) - raft.server.rpc.timeout.max = 5200ms (custom)
2021-11-05 13:01:05,569 [pool-559-thread-1] INFO  server.RaftServerConfigKeys (ConfUtils.java:logGet(44)) - raft.server.rpc.sleep.time = 25ms (default)
2021-11-05 13:01:05,569 [pool-559-thread-1] INFO  server.RaftServerConfigKeys (ConfUtils.java:logGet(44)) - raft.server.rpc.slowness.timeout = 300000ms (custom)
2021-11-05 13:01:05,569 [pool-559-thread-1] INFO  server.RaftServerConfigKeys (ConfUtils.java:logGet(44)) - raft.server.leaderelection.leader.step-down.wait-time = 10s (default)
2021-11-05 13:01:05,569 [pool-559-thread-1] INFO  server.RaftServerConfigKeys (ConfUtils.java:logGet(44)) - raft.server.sleep.deviation.threshold = 300ms (default)
2021-11-05 13:01:05,569 [pool-559-thread-1] INFO  server.RaftServerConfigKeys (ConfUtils.java:logGet(44)) - raft.server.log.appender.install.snapshot.enabled = false (custom)
2021-11-05 13:01:05,569 [pool-559-thread-1] INFO  server.RaftServer$Division (ServerState.java:<init>(105)) - 3ae4cb20-15ad-4779-a013-5b0fdc3aaee7@group-479BF459BC53: ConfigurationManager, init=-1: [f0359a9b-bc21-4a61-b53d-8d2dd84c6fc1|rpc:10.1.0.23:44285|priority:0, 76ef4e66-eace-4a3b-a369-d2a815523a61|rpc:10.1.0.23:41987|priority:1, 3ae4cb20-15ad-4779-a013-5b0fdc3aaee7|rpc:10.1.0.23:35115|priority:0], old=null, confs=<EMPTY_MAP>
2021-11-05 13:01:05,569 [pool-559-thread-1] INFO  server.RaftServerConfigKeys (ConfUtils.java:logGet(44)) - raft.server.storage.dir = [/home/runner/work/ozone/ozone/hadoop-ozone/integration-test/target/test-dir/MiniOzoneClusterImpl-bdf76210-3e21-404e-9e17-65b92aec9f1a/datanode-2/data/ratis] (custom)
2021-11-05 13:01:05,569 [pool-559-thread-1] INFO  server.RaftServerConfigKeys (ConfUtils.java:logGet(44)) - raft.server.log.corruption.policy = EXCEPTION (default)
2021-11-05 13:01:05,569 [pool-559-thread-1] INFO  server.RaftServerConfigKeys (ConfUtils.java:logGet(44)) - raft.server.storage.free-space.min = 0MB (=0) (default)
2021-11-05 13:01:05,569 [pool-559-thread-1] INFO  storage.RaftStorageDirectory (RaftStorageDirectoryImpl.java:analyzeStorage(135)) - The storage directory /home/runner/work/ozone/ozone/hadoop-ozone/integration-test/target/test-dir/MiniOzoneClusterImpl-bdf76210-3e21-404e-9e17-65b92aec9f1a/datanode-2/data/ratis/bd35d69c-0ad6-4da9-8c62-479bf459bc53 does not exist. Creating ...
2021-11-05 13:01:05,570 [pool-559-thread-1] INFO  storage.RaftStorageDirectory (RaftStorageDirectoryImpl.java:tryLock(230)) - Lock on /home/runner/work/ozone/ozone/hadoop-ozone/integration-test/target/test-dir/MiniOzoneClusterImpl-bdf76210-3e21-404e-9e17-65b92aec9f1a/datanode-2/data/ratis/bd35d69c-0ad6-4da9-8c62-479bf459bc53/in_use.lock acquired by nodename 10214@fv-az151-875
2021-11-05 13:01:05,571 [Command processor thread] INFO  server.RaftServer (RaftServerProxy.java:addNew(95)) - f0359a9b-bc21-4a61-b53d-8d2dd84c6fc1: addNew group-479BF459BC53:[f0359a9b-bc21-4a61-b53d-8d2dd84c6fc1|rpc:10.1.0.23:44285|priority:0, 76ef4e66-eace-4a3b-a369-d2a815523a61|rpc:10.1.0.23:41987|priority:1, 3ae4cb20-15ad-4779-a013-5b0fdc3aaee7|rpc:10.1.0.23:35115|priority:0] returns group-479BF459BC53:java.util.concurrent.CompletableFuture@459fd6e7[Not completed]
2021-11-05 13:01:05,571 [pool-635-thread-1] INFO  server.RaftServer$Division (RaftServerImpl.java:<init>(184)) - f0359a9b-bc21-4a61-b53d-8d2dd84c6fc1: new RaftServerImpl for group-479BF459BC53:[f0359a9b-bc21-4a61-b53d-8d2dd84c6fc1|rpc:10.1.0.23:44285|priority:0, 76ef4e66-eace-4a3b-a369-d2a815523a61|rpc:10.1.0.23:41987|priority:1, 3ae4cb20-15ad-4779-a013-5b0fdc3aaee7|rpc:10.1.0.23:35115|priority:0] with ContainerStateMachine:uninitialized
2021-11-05 13:01:05,571 [pool-635-thread-1] INFO  server.RaftServerConfigKeys (ConfUtils.java:logGet(44)) - raft.server.rpc.timeout.min = 5s (custom)
2021-11-05 13:01:05,571 [pool-635-thread-1] INFO  server.RaftServerConfigKeys (ConfUtils.java:logGet(44)) - raft.server.rpc.timeout.max = 5200ms (custom)
2021-11-05 13:01:05,571 [pool-635-thread-1] INFO  server.RaftServerConfigKeys (ConfUtils.java:logGet(44)) - raft.server.rpc.sleep.time = 25ms (default)
2021-11-05 13:01:05,571 [pool-635-thread-1] INFO  server.RaftServerConfigKeys (ConfUtils.java:logGet(44)) - raft.server.rpc.slowness.timeout = 300000ms (custom)
2021-11-05 13:01:05,571 [pool-635-thread-1] INFO  server.RaftServerConfigKeys (ConfUtils.java:logGet(44)) - raft.server.leaderelection.leader.step-down.wait-time = 10s (default)
2021-11-05 13:01:05,571 [pool-635-thread-1] INFO  server.RaftServerConfigKeys (ConfUtils.java:logGet(44)) - raft.server.sleep.deviation.threshold = 300ms (default)
2021-11-05 13:01:05,572 [pool-635-thread-1] INFO  server.RaftServerConfigKeys (ConfUtils.java:logGet(44)) - raft.server.log.appender.install.snapshot.enabled = false (custom)
2021-11-05 13:01:05,572 [pool-635-thread-1] INFO  server.RaftServer$Division (ServerState.java:<init>(105)) - f0359a9b-bc21-4a61-b53d-8d2dd84c6fc1@group-479BF459BC53: ConfigurationManager, init=-1: [f0359a9b-bc21-4a61-b53d-8d2dd84c6fc1|rpc:10.1.0.23:44285|priority:0, 76ef4e66-eace-4a3b-a369-d2a815523a61|rpc:10.1.0.23:41987|priority:1, 3ae4cb20-15ad-4779-a013-5b0fdc3aaee7|rpc:10.1.0.23:35115|priority:0], old=null, confs=<EMPTY_MAP>
2021-11-05 13:01:05,572 [pool-635-thread-1] INFO  server.RaftServerConfigKeys (ConfUtils.java:logGet(44)) - raft.server.storage.dir = [/home/runner/work/ozone/ozone/hadoop-ozone/integration-test/target/test-dir/MiniOzoneClusterImpl-bdf76210-3e21-404e-9e17-65b92aec9f1a/datanode-6/data/ratis] (custom)
2021-11-05 13:01:05,572 [pool-635-thread-1] INFO  server.RaftServerConfigKeys (ConfUtils.java:logGet(44)) - raft.server.log.corruption.policy = EXCEPTION (default)
2021-11-05 13:01:05,572 [pool-635-thread-1] INFO  server.RaftServerConfigKeys (ConfUtils.java:logGet(44)) - raft.server.storage.free-space.min = 0MB (=0) (default)
2021-11-05 13:01:05,572 [pool-635-thread-1] INFO  storage.RaftStorageDirectory (RaftStorageDirectoryImpl.java:analyzeStorage(135)) - The storage directory /home/runner/work/ozone/ozone/hadoop-ozone/integration-test/target/test-dir/MiniOzoneClusterImpl-bdf76210-3e21-404e-9e17-65b92aec9f1a/datanode-6/data/ratis/bd35d69c-0ad6-4da9-8c62-479bf459bc53 does not exist. Creating ...
2021-11-05 13:01:05,573 [pool-559-thread-1] INFO  storage.RaftStorage (RaftStorageImpl.java:format(89)) - Storage directory /home/runner/work/ozone/ozone/hadoop-ozone/integration-test/target/test-dir/MiniOzoneClusterImpl-bdf76210-3e21-404e-9e17-65b92aec9f1a/datanode-2/data/ratis/bd35d69c-0ad6-4da9-8c62-479bf459bc53 has been successfully formatted.
2021-11-05 13:01:05,573 [pool-559-thread-1] INFO  ratis.ContainerStateMachine (ContainerStateMachine.java:loadSnapshot(224)) - group-479BF459BC53: The snapshot info is null. Setting the last applied indexto:(t:0, i:~)
2021-11-05 13:01:05,573 [pool-635-thread-1] INFO  storage.RaftStorageDirectory (RaftStorageDirectoryImpl.java:tryLock(230)) - Lock on /home/runner/work/ozone/ozone/hadoop-ozone/integration-test/target/test-dir/MiniOzoneClusterImpl-bdf76210-3e21-404e-9e17-65b92aec9f1a/datanode-6/data/ratis/bd35d69c-0ad6-4da9-8c62-479bf459bc53/in_use.lock acquired by nodename 10214@fv-az151-875
2021-11-05 13:01:05,575 [pool-559-thread-1] INFO  server.RaftServerConfigKeys (ConfUtils.java:logGet(44)) - raft.server.notification.no-leader.timeout = 300000ms (custom)
2021-11-05 13:01:05,575 [pool-559-thread-1] INFO  server.RaftServerConfigKeys (ConfUtils.java:logGet(44)) - raft.server.log.use.memory = false (default)
2021-11-05 13:01:05,575 [pool-559-thread-1] INFO  server.RaftServerConfigKeys (ConfUtils.java:logGet(44)) - raft.server.log.purge.gap = 1000000 (custom)
2021-11-05 13:01:05,575 [pool-559-thread-1] INFO  server.RaftServerConfigKeys (ConfUtils.java:logGet(44)) - raft.server.log.appender.buffer.byte-limit = 33554432 (custom)
2021-11-05 13:01:05,575 [pool-559-thread-1] INFO  server.RaftServerConfigKeys (ConfUtils.java:logGet(44)) - raft.server.log.segment.size.max = 1048576 (custom)
2021-11-05 13:01:05,575 [pool-635-thread-1] INFO  storage.RaftStorage (RaftStorageImpl.java:format(89)) - Storage directory /home/runner/work/ozone/ozone/hadoop-ozone/integration-test/target/test-dir/MiniOzoneClusterImpl-bdf76210-3e21-404e-9e17-65b92aec9f1a/datanode-6/data/ratis/bd35d69c-0ad6-4da9-8c62-479bf459bc53 has been successfully formatted.
2021-11-05 13:01:05,576 [pool-635-thread-1] INFO  ratis.ContainerStateMachine (ContainerStateMachine.java:loadSnapshot(224)) - group-479BF459BC53: The snapshot info is null. Setting the last applied indexto:(t:0, i:~)
2021-11-05 13:01:05,576 [pool-635-thread-1] INFO  server.RaftServerConfigKeys (ConfUtils.java:logGet(44)) - raft.server.notification.no-leader.timeout = 300000ms (custom)
2021-11-05 13:01:05,576 [pool-635-thread-1] INFO  server.RaftServerConfigKeys (ConfUtils.java:logGet(44)) - raft.server.log.use.memory = false (default)
2021-11-05 13:01:05,576 [pool-635-thread-1] INFO  server.RaftServerConfigKeys (ConfUtils.java:logGet(44)) - raft.server.log.purge.gap = 1000000 (custom)
2021-11-05 13:01:05,576 [pool-635-thread-1] INFO  server.RaftServerConfigKeys (ConfUtils.java:logGet(44)) - raft.server.log.appender.buffer.byte-limit = 33554432 (custom)
2021-11-05 13:01:05,577 [pool-635-thread-1] INFO  server.RaftServerConfigKeys (ConfUtils.java:logGet(44)) - raft.server.log.segment.size.max = 1048576 (custom)
2021-11-05 13:01:05,577 [pool-635-thread-1] INFO  server.RaftServerConfigKeys (ConfUtils.java:logGet(44)) - raft.server.log.segment.cache.num.max = 2 (custom)
2021-11-05 13:01:05,577 [pool-635-thread-1] INFO  server.RaftServerConfigKeys (ConfUtils.java:logGet(44)) - raft.server.log.segment.cache.size.max = 200MB (=209715200) (default)
2021-11-05 13:01:05,577 [pool-635-thread-1] INFO  segmented.SegmentedRaftLogWorker (SegmentedRaftLogWorker.java:<init>(182)) - new f0359a9b-bc21-4a61-b53d-8d2dd84c6fc1@group-479BF459BC53-SegmentedRaftLogWorker for RaftStorageImpl:Storage Directory /home/runner/work/ozone/ozone/hadoop-ozone/integration-test/target/test-dir/MiniOzoneClusterImpl-bdf76210-3e21-404e-9e17-65b92aec9f1a/datanode-6/data/ratis/bd35d69c-0ad6-4da9-8c62-479bf459bc53
2021-11-05 13:01:05,577 [pool-635-thread-1] INFO  server.RaftServerConfigKeys (ConfUtils.java:logGet(44)) - raft.server.log.queue.byte-limit = 2147483647 (custom)
2021-11-05 13:01:05,577 [pool-635-thread-1] INFO  server.RaftServerConfigKeys (ConfUtils.java:logGet(44)) - raft.server.log.queue.element-limit = 1024 (custom)
2021-11-05 13:01:05,577 [pool-635-thread-1] INFO  server.RaftServerConfigKeys (ConfUtils.java:logGet(44)) - raft.server.log.segment.size.max = 1048576 (custom)
2021-11-05 13:01:05,577 [pool-635-thread-1] INFO  server.RaftServerConfigKeys (ConfUtils.java:logGet(44)) - raft.server.log.preallocated.size = 16384 (custom)
2021-11-05 13:01:05,577 [pool-635-thread-1] INFO  server.RaftServerConfigKeys (ConfUtils.java:logGet(44)) - raft.server.log.force.sync.num = 128 (default)
2021-11-05 13:01:05,577 [pool-635-thread-1] INFO  server.RaftServerConfigKeys (ConfUtils.java:logGet(44)) - raft.server.log.statemachine.data.sync = true (default)
2021-11-05 13:01:05,577 [pool-635-thread-1] INFO  server.RaftServerConfigKeys (ConfUtils.java:logGet(44)) - raft.server.log.statemachine.data.sync.timeout = 10s (default)
2021-11-05 13:01:05,577 [pool-635-thread-1] INFO  server.RaftServerConfigKeys (ConfUtils.java:logGet(44)) - raft.server.log.statemachine.data.sync.timeout.retry = -1 (default)
2021-11-05 13:01:05,579 [pool-635-thread-1] INFO  server.RaftServerConfigKeys (ConfUtils.java:logGet(44)) - raft.server.log.write.buffer.size = 1048576 (custom)
2021-11-05 13:01:05,579 [pool-635-thread-1] INFO  server.RaftServerConfigKeys (ConfUtils.java:logGet(44)) - raft.server.log.statemachine.data.caching.enabled = true (custom)
2021-11-05 13:01:05,579 [pool-635-thread-1] INFO  segmented.SegmentedRaftLogWorker (SegmentedRaftLogWorker.java:lambda$new$0(133)) - f0359a9b-bc21-4a61-b53d-8d2dd84c6fc1@group-479BF459BC53-SegmentedRaftLogWorker: flushIndex: setUnconditionally 0 -> -1
2021-11-05 13:01:05,579 [pool-635-thread-1] INFO  segmented.SegmentedRaftLogWorker (SegmentedRaftLogWorker.java:lambda$new$0(133)) - f0359a9b-bc21-4a61-b53d-8d2dd84c6fc1@group-479BF459BC53-SegmentedRaftLogWorker: safeCacheEvictIndex: setUnconditionally 0 -> -1
2021-11-05 13:01:05,580 [pool-559-thread-1] INFO  server.RaftServerConfigKeys (ConfUtils.java:logGet(44)) - raft.server.log.segment.cache.num.max = 2 (custom)
2021-11-05 13:01:05,580 [pool-559-thread-1] INFO  server.RaftServerConfigKeys (ConfUtils.java:logGet(44)) - raft.server.log.segment.cache.size.max = 200MB (=209715200) (default)
2021-11-05 13:01:05,580 [pool-559-thread-1] INFO  segmented.SegmentedRaftLogWorker (SegmentedRaftLogWorker.java:<init>(182)) - new 3ae4cb20-15ad-4779-a013-5b0fdc3aaee7@group-479BF459BC53-SegmentedRaftLogWorker for RaftStorageImpl:Storage Directory /home/runner/work/ozone/ozone/hadoop-ozone/integration-test/target/test-dir/MiniOzoneClusterImpl-bdf76210-3e21-404e-9e17-65b92aec9f1a/datanode-2/data/ratis/bd35d69c-0ad6-4da9-8c62-479bf459bc53
2021-11-05 13:01:05,580 [pool-559-thread-1] INFO  server.RaftServerConfigKeys (ConfUtils.java:logGet(44)) - raft.server.log.queue.byte-limit = 2147483647 (custom)
2021-11-05 13:01:05,580 [pool-559-thread-1] INFO  server.RaftServerConfigKeys (ConfUtils.java:logGet(44)) - raft.server.log.queue.element-limit = 1024 (custom)
2021-11-05 13:01:05,580 [pool-559-thread-1] INFO  server.RaftServerConfigKeys (ConfUtils.java:logGet(44)) - raft.server.log.segment.size.max = 1048576 (custom)
2021-11-05 13:01:05,580 [pool-559-thread-1] INFO  server.RaftServerConfigKeys (ConfUtils.java:logGet(44)) - raft.server.log.preallocated.size = 16384 (custom)
2021-11-05 13:01:05,580 [pool-559-thread-1] INFO  server.RaftServerConfigKeys (ConfUtils.java:logGet(44)) - raft.server.log.force.sync.num = 128 (default)
2021-11-05 13:01:05,580 [pool-559-thread-1] INFO  server.RaftServerConfigKeys (ConfUtils.java:logGet(44)) - raft.server.log.statemachine.data.sync = true (default)
2021-11-05 13:01:05,580 [pool-559-thread-1] INFO  server.RaftServerConfigKeys (ConfUtils.java:logGet(44)) - raft.server.log.statemachine.data.sync.timeout = 10s (default)
2021-11-05 13:01:05,581 [pool-559-thread-1] INFO  server.RaftServerConfigKeys (ConfUtils.java:logGet(44)) - raft.server.log.statemachine.data.sync.timeout.retry = -1 (default)
2021-11-05 13:01:05,588 [pool-635-thread-1] INFO  server.RaftServerConfigKeys (ConfUtils.java:logGet(44)) - raft.server.snapshot.auto.trigger.enabled = true (custom)
2021-11-05 13:01:05,588 [pool-635-thread-1] INFO  server.RaftServerConfigKeys (ConfUtils.java:logGet(44)) - raft.server.snapshot.auto.trigger.threshold = 10000 (custom)
2021-11-05 13:01:05,588 [pool-635-thread-1] INFO  server.RaftServerConfigKeys (ConfUtils.java:logGet(44)) - raft.server.snapshot.retention.file.num = 5 (custom)
2021-11-05 13:01:05,588 [pool-635-thread-1] INFO  server.RaftServerConfigKeys (ConfUtils.java:logGet(44)) - raft.server.log.purge.upto.snapshot.index = false (default)
2021-11-05 13:01:05,588 [pool-635-thread-1] INFO  server.RaftServerConfigKeys (ConfUtils.java:logGet(44)) - raft.server.retrycache.expirytime = 600000ms (custom)
2021-11-05 13:01:05,588 [pool-635-thread-1] INFO  server.RaftServerConfigKeys (ConfUtils.java:logGet(44)) - raft.server.retrycache.statistics.expirytime = 100μs (default)
2021-11-05 13:01:05,589 [pool-635-thread-1] INFO  server.RaftServer$Division (RaftServerImpl.java:start(301)) - f0359a9b-bc21-4a61-b53d-8d2dd84c6fc1@group-479BF459BC53: start as a follower, conf=-1: [f0359a9b-bc21-4a61-b53d-8d2dd84c6fc1|rpc:10.1.0.23:44285|priority:0, 76ef4e66-eace-4a3b-a369-d2a815523a61|rpc:10.1.0.23:41987|priority:1, 3ae4cb20-15ad-4779-a013-5b0fdc3aaee7|rpc:10.1.0.23:35115|priority:0], old=null
2021-11-05 13:01:05,589 [pool-635-thread-1] INFO  server.RaftServer$Division (RaftServerImpl.java:setRole(290)) - f0359a9b-bc21-4a61-b53d-8d2dd84c6fc1@group-479BF459BC53: changes role from      null to FOLLOWER at term 0 for startAsFollower
2021-11-05 13:01:05,590 [pool-635-thread-1] INFO  impl.RoleInfo (RoleInfo.java:updateAndGet(130)) - f0359a9b-bc21-4a61-b53d-8d2dd84c6fc1: start f0359a9b-bc21-4a61-b53d-8d2dd84c6fc1@group-479BF459BC53-FollowerState
2021-11-05 13:01:05,600 [pool-635-thread-1] INFO  util.JmxRegister (JmxRegister.java:tryRegister(44)) - Successfully registered JMX Bean with object name Ratis:service=RaftServer,group=group-479BF459BC53,id=f0359a9b-bc21-4a61-b53d-8d2dd84c6fc1
2021-11-05 13:01:05,603 [Command processor thread] INFO  ratis.XceiverServerRatis (XceiverServerRatis.java:addGroup(768)) - Created group PipelineID=bd35d69c-0ad6-4da9-8c62-479bf459bc53
2021-11-05 13:01:05,665 [Command processor thread] INFO  commandhandler.CreatePipelineCommandHandler (CreatePipelineCommandHandler.java:handle(106)) - Created Pipeline RATIS THREE PipelineID=8c80d07e-7785-4892-a8be-0869023e3dc0.
2021-11-05 13:01:05,665 [Command processor thread] INFO  server.RaftServer (RaftServerProxy.java:addNew(95)) - 76ef4e66-eace-4a3b-a369-d2a815523a61: addNew group-479BF459BC53:[f0359a9b-bc21-4a61-b53d-8d2dd84c6fc1|rpc:10.1.0.23:44285|priority:0, 76ef4e66-eace-4a3b-a369-d2a815523a61|rpc:10.1.0.23:41987|priority:1, 3ae4cb20-15ad-4779-a013-5b0fdc3aaee7|rpc:10.1.0.23:35115|priority:0] returns group-479BF459BC53:java.util.concurrent.CompletableFuture@3e435c84[Not completed]
2021-11-05 13:01:05,666 [pool-693-thread-1] INFO  server.RaftServer$Division (RaftServerImpl.java:<init>(184)) - 76ef4e66-eace-4a3b-a369-d2a815523a61: new RaftServerImpl for group-479BF459BC53:[f0359a9b-bc21-4a61-b53d-8d2dd84c6fc1|rpc:10.1.0.23:44285|priority:0, 76ef4e66-eace-4a3b-a369-d2a815523a61|rpc:10.1.0.23:41987|priority:1, 3ae4cb20-15ad-4779-a013-5b0fdc3aaee7|rpc:10.1.0.23:35115|priority:0] with ContainerStateMachine:uninitialized
2021-11-05 13:01:05,666 [pool-693-thread-1] INFO  server.RaftServerConfigKeys (ConfUtils.java:logGet(44)) - raft.server.rpc.timeout.min = 5s (custom)
2021-11-05 13:01:05,666 [pool-693-thread-1] INFO  server.RaftServerConfigKeys (ConfUtils.java:logGet(44)) - raft.server.rpc.timeout.max = 5200ms (custom)
2021-11-05 13:01:05,666 [pool-693-thread-1] INFO  server.RaftServerConfigKeys (ConfUtils.java:logGet(44)) - raft.server.rpc.sleep.time = 25ms (default)
2021-11-05 13:01:05,666 [pool-693-thread-1] INFO  server.RaftServerConfigKeys (ConfUtils.java:logGet(44)) - raft.server.rpc.slowness.timeout = 300000ms (custom)
2021-11-05 13:01:05,666 [pool-693-thread-1] INFO  server.RaftServerConfigKeys (ConfUtils.java:logGet(44)) - raft.server.leaderelection.leader.step-down.wait-time = 10s (default)
2021-11-05 13:01:05,666 [pool-693-thread-1] INFO  server.RaftServerConfigKeys (ConfUtils.java:logGet(44)) - raft.server.sleep.deviation.threshold = 300ms (default)
2021-11-05 13:01:05,667 [pool-693-thread-1] INFO  server.RaftServerConfigKeys (ConfUtils.java:logGet(44)) - raft.server.log.appender.install.snapshot.enabled = false (custom)
2021-11-05 13:01:05,667 [pool-693-thread-1] INFO  server.RaftServer$Division (ServerState.java:<init>(105)) - 76ef4e66-eace-4a3b-a369-d2a815523a61@group-479BF459BC53: ConfigurationManager, init=-1: [f0359a9b-bc21-4a61-b53d-8d2dd84c6fc1|rpc:10.1.0.23:44285|priority:0, 76ef4e66-eace-4a3b-a369-d2a815523a61|rpc:10.1.0.23:41987|priority:1, 3ae4cb20-15ad-4779-a013-5b0fdc3aaee7|rpc:10.1.0.23:35115|priority:0], old=null, confs=<EMPTY_MAP>
2021-11-05 13:01:05,667 [pool-693-thread-1] INFO  server.RaftServerConfigKeys (ConfUtils.java:logGet(44)) - raft.server.storage.dir = [/home/runner/work/ozone/ozone/hadoop-ozone/integration-test/target/test-dir/MiniOzoneClusterImpl-bdf76210-3e21-404e-9e17-65b92aec9f1a/datanode-0/data/ratis] (custom)
2021-11-05 13:01:05,667 [pool-693-thread-1] INFO  server.RaftServerConfigKeys (ConfUtils.java:logGet(44)) - raft.server.log.corruption.policy = EXCEPTION (default)
2021-11-05 13:01:05,667 [pool-693-thread-1] INFO  server.RaftServerConfigKeys (ConfUtils.java:logGet(44)) - raft.server.storage.free-space.min = 0MB (=0) (default)
2021-11-05 13:01:05,667 [pool-693-thread-1] INFO  storage.RaftStorageDirectory (RaftStorageDirectoryImpl.java:analyzeStorage(135)) - The storage directory /home/runner/work/ozone/ozone/hadoop-ozone/integration-test/target/test-dir/MiniOzoneClusterImpl-bdf76210-3e21-404e-9e17-65b92aec9f1a/datanode-0/data/ratis/bd35d69c-0ad6-4da9-8c62-479bf459bc53 does not exist. Creating ...
2021-11-05 13:01:05,669 [pool-693-thread-1] INFO  storage.RaftStorageDirectory (RaftStorageDirectoryImpl.java:tryLock(230)) - Lock on /home/runner/work/ozone/ozone/hadoop-ozone/integration-test/target/test-dir/MiniOzoneClusterImpl-bdf76210-3e21-404e-9e17-65b92aec9f1a/datanode-0/data/ratis/bd35d69c-0ad6-4da9-8c62-479bf459bc53/in_use.lock acquired by nodename 10214@fv-az151-875
2021-11-05 13:01:05,675 [pool-693-thread-1] INFO  storage.RaftStorage (RaftStorageImpl.java:format(89)) - Storage directory /home/runner/work/ozone/ozone/hadoop-ozone/integration-test/target/test-dir/MiniOzoneClusterImpl-bdf76210-3e21-404e-9e17-65b92aec9f1a/datanode-0/data/ratis/bd35d69c-0ad6-4da9-8c62-479bf459bc53 has been successfully formatted.
2021-11-05 13:01:05,675 [pool-693-thread-1] INFO  ratis.ContainerStateMachine (ContainerStateMachine.java:loadSnapshot(224)) - group-479BF459BC53: The snapshot info is null. Setting the last applied indexto:(t:0, i:~)
2021-11-05 13:01:05,675 [pool-693-thread-1] INFO  server.RaftServerConfigKeys (ConfUtils.java:logGet(44)) - raft.server.notification.no-leader.timeout = 300000ms (custom)
2021-11-05 13:01:05,675 [pool-693-thread-1] INFO  server.RaftServerConfigKeys (ConfUtils.java:logGet(44)) - raft.server.log.use.memory = false (default)
2021-11-05 13:01:05,675 [pool-559-thread-1] INFO  server.RaftServerConfigKeys (ConfUtils.java:logGet(44)) - raft.server.log.write.buffer.size = 1048576 (custom)
2021-11-05 13:01:05,675 [pool-559-thread-1] INFO  server.RaftServerConfigKeys (ConfUtils.java:logGet(44)) - raft.server.log.statemachine.data.caching.enabled = true (custom)
2021-11-05 13:01:05,676 [pool-559-thread-1] INFO  segmented.SegmentedRaftLogWorker (SegmentedRaftLogWorker.java:lambda$new$0(133)) - 3ae4cb20-15ad-4779-a013-5b0fdc3aaee7@group-479BF459BC53-SegmentedRaftLogWorker: flushIndex: setUnconditionally 0 -> -1
2021-11-05 13:01:05,676 [pool-559-thread-1] INFO  segmented.SegmentedRaftLogWorker (SegmentedRaftLogWorker.java:lambda$new$0(133)) - 3ae4cb20-15ad-4779-a013-5b0fdc3aaee7@group-479BF459BC53-SegmentedRaftLogWorker: safeCacheEvictIndex: setUnconditionally 0 -> -1
2021-11-05 13:01:05,675 [pool-693-thread-1] INFO  server.RaftServerConfigKeys (ConfUtils.java:logGet(44)) - raft.server.log.purge.gap = 1000000 (custom)
2021-11-05 13:01:05,676 [pool-693-thread-1] INFO  server.RaftServerConfigKeys (ConfUtils.java:logGet(44)) - raft.server.log.appender.buffer.byte-limit = 33554432 (custom)
2021-11-05 13:01:05,676 [pool-693-thread-1] INFO  server.RaftServerConfigKeys (ConfUtils.java:logGet(44)) - raft.server.log.segment.size.max = 1048576 (custom)
2021-11-05 13:01:05,677 [pool-693-thread-1] INFO  server.RaftServerConfigKeys (ConfUtils.java:logGet(44)) - raft.server.log.segment.cache.num.max = 2 (custom)
2021-11-05 13:01:05,677 [pool-693-thread-1] INFO  server.RaftServerConfigKeys (ConfUtils.java:logGet(44)) - raft.server.log.segment.cache.size.max = 200MB (=209715200) (default)
2021-11-05 13:01:05,677 [pool-693-thread-1] INFO  segmented.SegmentedRaftLogWorker (SegmentedRaftLogWorker.java:<init>(182)) - new 76ef4e66-eace-4a3b-a369-d2a815523a61@group-479BF459BC53-SegmentedRaftLogWorker for RaftStorageImpl:Storage Directory /home/runner/work/ozone/ozone/hadoop-ozone/integration-test/target/test-dir/MiniOzoneClusterImpl-bdf76210-3e21-404e-9e17-65b92aec9f1a/datanode-0/data/ratis/bd35d69c-0ad6-4da9-8c62-479bf459bc53
2021-11-05 13:01:05,677 [pool-693-thread-1] INFO  server.RaftServerConfigKeys (ConfUtils.java:logGet(44)) - raft.server.log.queue.byte-limit = 2147483647 (custom)
2021-11-05 13:01:05,677 [pool-693-thread-1] INFO  server.RaftServerConfigKeys (ConfUtils.java:logGet(44)) - raft.server.log.queue.element-limit = 1024 (custom)
2021-11-05 13:01:05,677 [pool-693-thread-1] INFO  server.RaftServerConfigKeys (ConfUtils.java:logGet(44)) - raft.server.log.segment.size.max = 1048576 (custom)
2021-11-05 13:01:05,677 [pool-693-thread-1] INFO  server.RaftServerConfigKeys (ConfUtils.java:logGet(44)) - raft.server.log.preallocated.size = 16384 (custom)
2021-11-05 13:01:05,677 [pool-693-thread-1] INFO  server.RaftServerConfigKeys (ConfUtils.java:logGet(44)) - raft.server.log.force.sync.num = 128 (default)
2021-11-05 13:01:05,677 [pool-693-thread-1] INFO  server.RaftServerConfigKeys (ConfUtils.java:logGet(44)) - raft.server.log.statemachine.data.sync = true (default)
2021-11-05 13:01:05,677 [pool-693-thread-1] INFO  server.RaftServerConfigKeys (ConfUtils.java:logGet(44)) - raft.server.log.statemachine.data.sync.timeout = 10s (default)
2021-11-05 13:01:05,677 [pool-693-thread-1] INFO  server.RaftServerConfigKeys (ConfUtils.java:logGet(44)) - raft.server.log.statemachine.data.sync.timeout.retry = -1 (default)
2021-11-05 13:01:05,677 [pool-559-thread-1] INFO  server.RaftServerConfigKeys (ConfUtils.java:logGet(44)) - raft.server.snapshot.auto.trigger.enabled = true (custom)
2021-11-05 13:01:05,677 [pool-559-thread-1] INFO  server.RaftServerConfigKeys (ConfUtils.java:logGet(44)) - raft.server.snapshot.auto.trigger.threshold = 10000 (custom)
2021-11-05 13:01:05,677 [pool-559-thread-1] INFO  server.RaftServerConfigKeys (ConfUtils.java:logGet(44)) - raft.server.snapshot.retention.file.num = 5 (custom)
2021-11-05 13:01:05,677 [pool-559-thread-1] INFO  server.RaftServerConfigKeys (ConfUtils.java:logGet(44)) - raft.server.log.purge.upto.snapshot.index = false (default)
2021-11-05 13:01:05,678 [pool-559-thread-1] INFO  server.RaftServerConfigKeys (ConfUtils.java:logGet(44)) - raft.server.retrycache.expirytime = 600000ms (custom)
2021-11-05 13:01:05,678 [pool-559-thread-1] INFO  server.RaftServerConfigKeys (ConfUtils.java:logGet(44)) - raft.server.retrycache.statistics.expirytime = 100μs (default)
2021-11-05 13:01:05,679 [pool-559-thread-1] INFO  server.RaftServer$Division (RaftServerImpl.java:start(301)) - 3ae4cb20-15ad-4779-a013-5b0fdc3aaee7@group-479BF459BC53: start as a follower, conf=-1: [f0359a9b-bc21-4a61-b53d-8d2dd84c6fc1|rpc:10.1.0.23:44285|priority:0, 76ef4e66-eace-4a3b-a369-d2a815523a61|rpc:10.1.0.23:41987|priority:1, 3ae4cb20-15ad-4779-a013-5b0fdc3aaee7|rpc:10.1.0.23:35115|priority:0], old=null
2021-11-05 13:01:05,679 [pool-559-thread-1] INFO  server.RaftServer$Division (RaftServerImpl.java:setRole(290)) - 3ae4cb20-15ad-4779-a013-5b0fdc3aaee7@group-479BF459BC53: changes role from      null to FOLLOWER at term 0 for startAsFollower
2021-11-05 13:01:05,679 [pool-559-thread-1] INFO  impl.RoleInfo (RoleInfo.java:updateAndGet(130)) - 3ae4cb20-15ad-4779-a013-5b0fdc3aaee7: start 3ae4cb20-15ad-4779-a013-5b0fdc3aaee7@group-479BF459BC53-FollowerState
2021-11-05 13:01:05,679 [pool-559-thread-1] INFO  util.JmxRegister (JmxRegister.java:tryRegister(44)) - Successfully registered JMX Bean with object name Ratis:service=RaftServer,group=group-479BF459BC53,id=3ae4cb20-15ad-4779-a013-5b0fdc3aaee7
2021-11-05 13:01:05,683 [Command processor thread] INFO  ratis.XceiverServerRatis (XceiverServerRatis.java:addGroup(768)) - Created group PipelineID=bd35d69c-0ad6-4da9-8c62-479bf459bc53
2021-11-05 13:01:05,715 [pool-693-thread-1] INFO  server.RaftServerConfigKeys (ConfUtils.java:logGet(44)) - raft.server.log.write.buffer.size = 1048576 (custom)
2021-11-05 13:01:05,715 [pool-693-thread-1] INFO  server.RaftServerConfigKeys (ConfUtils.java:logGet(44)) - raft.server.log.statemachine.data.caching.enabled = true (custom)
2021-11-05 13:01:05,715 [pool-693-thread-1] INFO  segmented.SegmentedRaftLogWorker (SegmentedRaftLogWorker.java:lambda$new$0(133)) - 76ef4e66-eace-4a3b-a369-d2a815523a61@group-479BF459BC53-SegmentedRaftLogWorker: flushIndex: setUnconditionally 0 -> -1
2021-11-05 13:01:05,715 [pool-693-thread-1] INFO  segmented.SegmentedRaftLogWorker (SegmentedRaftLogWorker.java:lambda$new$0(133)) - 76ef4e66-eace-4a3b-a369-d2a815523a61@group-479BF459BC53-SegmentedRaftLogWorker: safeCacheEvictIndex: setUnconditionally 0 -> -1
2021-11-05 13:01:05,820 [pool-693-thread-1] INFO  server.RaftServerConfigKeys (ConfUtils.java:logGet(44)) - raft.server.snapshot.auto.trigger.enabled = true (custom)
2021-11-05 13:01:05,820 [pool-693-thread-1] INFO  server.RaftServerConfigKeys (ConfUtils.java:logGet(44)) - raft.server.snapshot.auto.trigger.threshold = 10000 (custom)
2021-11-05 13:01:05,820 [pool-693-thread-1] INFO  server.RaftServerConfigKeys (ConfUtils.java:logGet(44)) - raft.server.snapshot.retention.file.num = 5 (custom)
2021-11-05 13:01:05,820 [pool-693-thread-1] INFO  server.RaftServerConfigKeys (ConfUtils.java:logGet(44)) - raft.server.log.purge.upto.snapshot.index = false (default)
2021-11-05 13:01:05,820 [pool-693-thread-1] INFO  server.RaftServerConfigKeys (ConfUtils.java:logGet(44)) - raft.server.retrycache.expirytime = 600000ms (custom)
2021-11-05 13:01:05,820 [pool-693-thread-1] INFO  server.RaftServerConfigKeys (ConfUtils.java:logGet(44)) - raft.server.retrycache.statistics.expirytime = 100μs (default)
2021-11-05 13:01:05,822 [pool-693-thread-1] INFO  server.RaftServer$Division (RaftServerImpl.java:start(301)) - 76ef4e66-eace-4a3b-a369-d2a815523a61@group-479BF459BC53: start as a follower, conf=-1: [f0359a9b-bc21-4a61-b53d-8d2dd84c6fc1|rpc:10.1.0.23:44285|priority:0, 76ef4e66-eace-4a3b-a369-d2a815523a61|rpc:10.1.0.23:41987|priority:1, 3ae4cb20-15ad-4779-a013-5b0fdc3aaee7|rpc:10.1.0.23:35115|priority:0], old=null
2021-11-05 13:01:05,822 [pool-693-thread-1] INFO  server.RaftServer$Division (RaftServerImpl.java:setRole(290)) - 76ef4e66-eace-4a3b-a369-d2a815523a61@group-479BF459BC53: changes role from      null to FOLLOWER at term 0 for startAsFollower
2021-11-05 13:01:05,822 [pool-693-thread-1] INFO  impl.RoleInfo (RoleInfo.java:updateAndGet(130)) - 76ef4e66-eace-4a3b-a369-d2a815523a61: start 76ef4e66-eace-4a3b-a369-d2a815523a61@group-479BF459BC53-FollowerState
2021-11-05 13:01:05,832 [pool-693-thread-1] INFO  util.JmxRegister (JmxRegister.java:tryRegister(44)) - Successfully registered JMX Bean with object name Ratis:service=RaftServer,group=group-479BF459BC53,id=76ef4e66-eace-4a3b-a369-d2a815523a61
2021-11-05 13:01:05,857 [Command processor thread] INFO  commandhandler.CreatePipelineCommandHandler (CreatePipelineCommandHandler.java:handle(106)) - Created Pipeline RATIS THREE PipelineID=bd35d69c-0ad6-4da9-8c62-479bf459bc53.
2021-11-05 13:01:05,872 [Command processor thread] INFO  ratis.XceiverServerRatis (XceiverServerRatis.java:addGroup(768)) - Created group PipelineID=bd35d69c-0ad6-4da9-8c62-479bf459bc53
2021-11-05 13:01:05,957 [Command processor thread] INFO  commandhandler.CreatePipelineCommandHandler (CreatePipelineCommandHandler.java:handle(106)) - Created Pipeline RATIS THREE PipelineID=bd35d69c-0ad6-4da9-8c62-479bf459bc53.
2021-11-05 13:01:06,061 [Command processor thread] INFO  commandhandler.CreatePipelineCommandHandler (CreatePipelineCommandHandler.java:handle(106)) - Created Pipeline RATIS THREE PipelineID=bd35d69c-0ad6-4da9-8c62-479bf459bc53.
2021-11-05 13:01:09,581 [76ef4e66-eace-4a3b-a369-d2a815523a61@group-31BA9BBB3B71-FollowerState] INFO  impl.FollowerState (FollowerState.java:run(134)) - 76ef4e66-eace-4a3b-a369-d2a815523a61@group-31BA9BBB3B71-FollowerState: change to CANDIDATE, lastRpcElapsedTime:5243563849ns, electionTimeout:5191ms
2021-11-05 13:01:09,581 [76ef4e66-eace-4a3b-a369-d2a815523a61@group-31BA9BBB3B71-FollowerState] INFO  impl.RoleInfo (RoleInfo.java:shutdownFollowerState(108)) - 76ef4e66-eace-4a3b-a369-d2a815523a61: shutdown 76ef4e66-eace-4a3b-a369-d2a815523a61@group-31BA9BBB3B71-FollowerState
2021-11-05 13:01:09,581 [76ef4e66-eace-4a3b-a369-d2a815523a61@group-31BA9BBB3B71-FollowerState] INFO  server.RaftServer$Division (RaftServerImpl.java:setRole(290)) - 76ef4e66-eace-4a3b-a369-d2a815523a61@group-31BA9BBB3B71: changes role from  FOLLOWER to CANDIDATE at term 0 for changeToCandidate
2021-11-05 13:01:09,581 [76ef4e66-eace-4a3b-a369-d2a815523a61@group-31BA9BBB3B71-FollowerState] INFO  server.RaftServerConfigKeys (ConfUtils.java:logGet(44)) - raft.server.leaderelection.pre-vote = false (custom)
2021-11-05 13:01:09,581 [76ef4e66-eace-4a3b-a369-d2a815523a61@group-31BA9BBB3B71-FollowerState] INFO  impl.RoleInfo (RoleInfo.java:updateAndGet(130)) - 76ef4e66-eace-4a3b-a369-d2a815523a61: start 76ef4e66-eace-4a3b-a369-d2a815523a61@group-31BA9BBB3B71-LeaderElection115
2021-11-05 13:01:09,623 [76ef4e66-eace-4a3b-a369-d2a815523a61@group-31BA9BBB3B71-LeaderElection115] INFO  impl.LeaderElection (LeaderElection.java:askForVotes(306)) - 76ef4e66-eace-4a3b-a369-d2a815523a61@group-31BA9BBB3B71-LeaderElection115 ELECTION round 0: submit vote requests at term 1 for -1: [76ef4e66-eace-4a3b-a369-d2a815523a61|rpc:10.1.0.23:41987|priority:1], old=null
2021-11-05 13:01:09,623 [76ef4e66-eace-4a3b-a369-d2a815523a61@group-31BA9BBB3B71-LeaderElection115] INFO  impl.LeaderElection (LeaderElection.java:askForVotes(308)) - 76ef4e66-eace-4a3b-a369-d2a815523a61@group-31BA9BBB3B71-LeaderElection115 ELECTION round 0: result PASSED (term=1)
2021-11-05 13:01:09,623 [76ef4e66-eace-4a3b-a369-d2a815523a61@group-31BA9BBB3B71-LeaderElection115] INFO  impl.RoleInfo (RoleInfo.java:shutdownLeaderElection(121)) - 76ef4e66-eace-4a3b-a369-d2a815523a61: shutdown 76ef4e66-eace-4a3b-a369-d2a815523a61@group-31BA9BBB3B71-LeaderElection115
2021-11-05 13:01:09,623 [76ef4e66-eace-4a3b-a369-d2a815523a61@group-31BA9BBB3B71-LeaderElection115] INFO  server.RaftServer$Division (RaftServerImpl.java:setRole(290)) - 76ef4e66-eace-4a3b-a369-d2a815523a61@group-31BA9BBB3B71: changes role from CANDIDATE to LEADER at term 1 for changeToLeader
2021-11-05 13:01:09,623 [76ef4e66-eace-4a3b-a369-d2a815523a61@group-31BA9BBB3B71-LeaderElection115] INFO  ratis.XceiverServerRatis (XceiverServerRatis.java:handleLeaderChangedNotification(866)) - Leader change notification received for group: group-31BA9BBB3B71 with new leaderId: 76ef4e66-eace-4a3b-a369-d2a815523a61
2021-11-05 13:01:09,624 [76ef4e66-eace-4a3b-a369-d2a815523a61@group-31BA9BBB3B71-LeaderElection115] INFO  server.RaftServer$Division (ServerState.java:setLeader(285)) - 76ef4e66-eace-4a3b-a369-d2a815523a61@group-31BA9BBB3B71: change Leader from null to 76ef4e66-eace-4a3b-a369-d2a815523a61 at term 1 for becomeLeader, leader elected after 5379ms
2021-11-05 13:01:09,624 [76ef4e66-eace-4a3b-a369-d2a815523a61@group-31BA9BBB3B71-LeaderElection115] INFO  server.RaftServerConfigKeys (ConfUtils.java:logGet(44)) - raft.server.staging.catchup.gap = 1000 (default)
2021-11-05 13:01:09,624 [76ef4e66-eace-4a3b-a369-d2a815523a61@group-31BA9BBB3B71-LeaderElection115] INFO  server.RaftServerConfigKeys (ConfUtils.java:logGet(44)) - raft.server.write.element-limit = 1024 (custom)
2021-11-05 13:01:09,624 [76ef4e66-eace-4a3b-a369-d2a815523a61@group-31BA9BBB3B71-LeaderElection115] INFO  server.RaftServerConfigKeys (ConfUtils.java:logGet(44)) - raft.server.write.byte-limit = 1024 M (=1073741824) (custom)
2021-11-05 13:01:09,625 [76ef4e66-eace-4a3b-a369-d2a815523a61@group-31BA9BBB3B71-LeaderElection115] INFO  server.RaftServerConfigKeys (ConfUtils.java:logGet(44)) - raft.server.watch.timeout = 3000ms (custom)
2021-11-05 13:01:09,625 [76ef4e66-eace-4a3b-a369-d2a815523a61@group-31BA9BBB3B71-LeaderElection115] INFO  server.RaftServerConfigKeys (ConfUtils.java:logGet(44)) - raft.server.watch.timeout.denomination = 1s (default)
2021-11-05 13:01:09,625 [76ef4e66-eace-4a3b-a369-d2a815523a61@group-31BA9BBB3B71-LeaderElection115] INFO  server.RaftServerConfigKeys (ConfUtils.java:logGet(44)) - raft.server.watch.element-limit = 65536 (default)
2021-11-05 13:01:09,625 [76ef4e66-eace-4a3b-a369-d2a815523a61@group-31BA9BBB3B71-LeaderElection115] INFO  server.RaftServerConfigKeys (ConfUtils.java:logGet(44)) - raft.server.write.element-limit = 1024 (custom)
2021-11-05 13:01:09,625 [76ef4e66-eace-4a3b-a369-d2a815523a61@group-31BA9BBB3B71-LeaderElection115] INFO  server.RaftServerConfigKeys (ConfUtils.java:logGet(44)) - raft.server.write.follower.gap.ratio.max = -1.0 (default)
2021-11-05 13:01:09,625 [76ef4e66-eace-4a3b-a369-d2a815523a61@group-31BA9BBB3B71-LeaderElection115] INFO  impl.RoleInfo (RoleInfo.java:updateAndGet(130)) - 76ef4e66-eace-4a3b-a369-d2a815523a61: start 76ef4e66-eace-4a3b-a369-d2a815523a61@group-31BA9BBB3B71-LeaderStateImpl
2021-11-05 13:01:09,625 [76ef4e66-eace-4a3b-a369-d2a815523a61@group-31BA9BBB3B71-LeaderElection115] INFO  segmented.SegmentedRaftLogWorker (SegmentedRaftLogWorker.java:startLogSegment(394)) - 76ef4e66-eace-4a3b-a369-d2a815523a61@group-31BA9BBB3B71-SegmentedRaftLogWorker: Starting segment from index:0
2021-11-05 13:01:09,629 [76ef4e66-eace-4a3b-a369-d2a815523a61@group-31BA9BBB3B71-SegmentedRaftLogWorker] INFO  segmented.SegmentedRaftLogWorker (SegmentedRaftLogWorker.java:execute(601)) - 76ef4e66-eace-4a3b-a369-d2a815523a61@group-31BA9BBB3B71-SegmentedRaftLogWorker: created new log segment /home/runner/work/ozone/ozone/hadoop-ozone/integration-test/target/test-dir/MiniOzoneClusterImpl-bdf76210-3e21-404e-9e17-65b92aec9f1a/datanode-0/data/ratis/50461385-cd45-4a49-8d47-31ba9bbb3b71/current/log_inprogress_0
2021-11-05 13:01:09,629 [76ef4e66-eace-4a3b-a369-d2a815523a61@group-31BA9BBB3B71-LeaderElection115] INFO  server.RaftServer$Division (ServerState.java:setRaftConf(387)) - 76ef4e66-eace-4a3b-a369-d2a815523a61@group-31BA9BBB3B71: set configuration 0: [76ef4e66-eace-4a3b-a369-d2a815523a61|rpc:10.1.0.23:41987|dataStream:|priority:1], old=null
2021-11-05 13:01:09,633 [76ef4e66-eace-4a3b-a369-d2a815523a61@group-A5B183601584-FollowerState] INFO  impl.FollowerState (FollowerState.java:run(134)) - 76ef4e66-eace-4a3b-a369-d2a815523a61@group-A5B183601584-FollowerState: change to CANDIDATE, lastRpcElapsedTime:5129610053ns, electionTimeout:5105ms
2021-11-05 13:01:09,634 [76ef4e66-eace-4a3b-a369-d2a815523a61@group-A5B183601584-FollowerState] INFO  impl.RoleInfo (RoleInfo.java:shutdownFollowerState(108)) - 76ef4e66-eace-4a3b-a369-d2a815523a61: shutdown 76ef4e66-eace-4a3b-a369-d2a815523a61@group-A5B183601584-FollowerState
2021-11-05 13:01:09,634 [76ef4e66-eace-4a3b-a369-d2a815523a61@group-A5B183601584-FollowerState] INFO  server.RaftServer$Division (RaftServerImpl.java:setRole(290)) - 76ef4e66-eace-4a3b-a369-d2a815523a61@group-A5B183601584: changes role from  FOLLOWER to CANDIDATE at term 0 for changeToCandidate
2021-11-05 13:01:09,634 [76ef4e66-eace-4a3b-a369-d2a815523a61@group-A5B183601584-FollowerState] INFO  server.RaftServerConfigKeys (ConfUtils.java:logGet(44)) - raft.server.leaderelection.pre-vote = false (custom)
2021-11-05 13:01:09,634 [76ef4e66-eace-4a3b-a369-d2a815523a61@group-A5B183601584-FollowerState] INFO  impl.RoleInfo (RoleInfo.java:updateAndGet(130)) - 76ef4e66-eace-4a3b-a369-d2a815523a61: start 76ef4e66-eace-4a3b-a369-d2a815523a61@group-A5B183601584-LeaderElection116
2021-11-05 13:01:09,639 [3ae4cb20-15ad-4779-a013-5b0fdc3aaee7@group-0869023E3DC0-FollowerState] INFO  impl.FollowerState (FollowerState.java:run(134)) - 3ae4cb20-15ad-4779-a013-5b0fdc3aaee7@group-0869023E3DC0-FollowerState: change to CANDIDATE, lastRpcElapsedTime:5036579207ns, electionTimeout:5019ms
2021-11-05 13:01:09,639 [3ae4cb20-15ad-4779-a013-5b0fdc3aaee7@group-0869023E3DC0-FollowerState] INFO  impl.RoleInfo (RoleInfo.java:shutdownFollowerState(108)) - 3ae4cb20-15ad-4779-a013-5b0fdc3aaee7: shutdown 3ae4cb20-15ad-4779-a013-5b0fdc3aaee7@group-0869023E3DC0-FollowerState
2021-11-05 13:01:09,639 [3ae4cb20-15ad-4779-a013-5b0fdc3aaee7@group-0869023E3DC0-FollowerState] INFO  server.RaftServer$Division (RaftServerImpl.java:setRole(290)) - 3ae4cb20-15ad-4779-a013-5b0fdc3aaee7@group-0869023E3DC0: changes role from  FOLLOWER to CANDIDATE at term 0 for changeToCandidate
2021-11-05 13:01:09,677 [ForkJoinPool.commonPool-worker-0] INFO  ozoneimpl.OzoneContainer (OzoneContainer.java:stop(325)) - Attempting to stop container services.
2021-11-05 13:01:09,678 [Listener at 127.0.0.1/42119] INFO  ozoneimpl.OzoneContainer (OzoneContainer.java:stop(325)) - Attempting to stop container services.
2021-11-05 13:01:09,680 [Listener at 127.0.0.1/42119] INFO  server.RaftServer (RaftServerProxy.java:lambda$close$6(391)) - f63fc592-5921-4d2a-8a56-22c1aba49965: close
2021-11-05 13:01:09,680 [Listener at 127.0.0.1/42119] INFO  server.RaftServer$Division (RaftServerImpl.java:lambda$close$4(412)) - f63fc592-5921-4d2a-8a56-22c1aba49965@group-2717592FE90B: shutdown
2021-11-05 13:01:09,680 [Listener at 127.0.0.1/42119] INFO  util.JmxRegister (JmxRegister.java:unregister(73)) - Successfully un-registered JMX Bean with object name Ratis:service=RaftServer,group=group-2717592FE90B,id=f63fc592-5921-4d2a-8a56-22c1aba49965
2021-11-05 13:01:09,680 [Listener at 127.0.0.1/42119] INFO  impl.RoleInfo (RoleInfo.java:shutdownFollowerState(108)) - f63fc592-5921-4d2a-8a56-22c1aba49965: shutdown f63fc592-5921-4d2a-8a56-22c1aba49965@group-2717592FE90B-FollowerState
2021-11-05 13:01:09,680 [Listener at 127.0.0.1/42119] INFO  impl.StateMachineUpdater (StateMachineUpdater.java:stopAndJoin(149)) - f63fc592-5921-4d2a-8a56-22c1aba49965@group-2717592FE90B-StateMachineUpdater: set stopIndex = 0
2021-11-05 13:01:09,681 [f63fc592-5921-4d2a-8a56-22c1aba49965@group-2717592FE90B-FollowerState] INFO  impl.FollowerState (FollowerState.java:run(143)) - f63fc592-5921-4d2a-8a56-22c1aba49965@group-2717592FE90B-FollowerState was interrupted: {}
java.lang.InterruptedException: sleep interrupted
	at java.lang.Thread.sleep(Native Method)
	at java.lang.Thread.sleep(Thread.java:340)
	at java.util.concurrent.TimeUnit.sleep(TimeUnit.java:386)
	at org.apache.ratis.util.TimeDuration.sleep(TimeDuration.java:324)
	at org.apache.ratis.util.TimeDuration.sleep(TimeDuration.java:309)
	at org.apache.ratis.server.impl.FollowerState.run(FollowerState.java:118)
2021-11-05 13:01:09,681 [f63fc592-5921-4d2a-8a56-22c1aba49965@group-2717592FE90B-StateMachineUpdater] INFO  ratis.ContainerStateMachine (ContainerStateMachine.java:takeSnapshot(292)) - group-2717592FE90B: Taking a snapshot at:(t:1, i:0) file /home/runner/work/ozone/ozone/hadoop-ozone/integration-test/target/test-dir/MiniOzoneClusterImpl-bdf76210-3e21-404e-9e17-65b92aec9f1a/datanode-4/data/ratis/76f5f5e5-670c-4792-baeb-2717592fe90b/sm/snapshot.1_0
2021-11-05 13:01:09,681 [ForkJoinPool.commonPool-worker-0] INFO  server.RaftServer (RaftServerProxy.java:lambda$close$6(391)) - fa45fd2a-a6ef-4106-9a44-777d17a8e8f4: close
2021-11-05 13:01:09,681 [3ae4cb20-15ad-4779-a013-5b0fdc3aaee7@group-0869023E3DC0-FollowerState] INFO  server.RaftServerConfigKeys (ConfUtils.java:logGet(44)) - raft.server.leaderelection.pre-vote = false (custom)
2021-11-05 13:01:09,682 [3ae4cb20-15ad-4779-a013-5b0fdc3aaee7@group-0869023E3DC0-FollowerState] INFO  impl.RoleInfo (RoleInfo.java:updateAndGet(130)) - 3ae4cb20-15ad-4779-a013-5b0fdc3aaee7: start 3ae4cb20-15ad-4779-a013-5b0fdc3aaee7@group-0869023E3DC0-LeaderElection117
2021-11-05 13:01:09,682 [ForkJoinPool.commonPool-worker-0] INFO  server.RaftServer$Division (RaftServerImpl.java:lambda$close$4(412)) - fa45fd2a-a6ef-4106-9a44-777d17a8e8f4@group-0869023E3DC0: shutdown
2021-11-05 13:01:09,682 [ForkJoinPool.commonPool-worker-0] INFO  util.JmxRegister (JmxRegister.java:unregister(73)) - Successfully un-registered JMX Bean with object name Ratis:service=RaftServer,group=group-0869023E3DC0,id=fa45fd2a-a6ef-4106-9a44-777d17a8e8f4
2021-11-05 13:01:09,682 [ForkJoinPool.commonPool-worker-0] INFO  impl.RoleInfo (RoleInfo.java:shutdownFollowerState(108)) - fa45fd2a-a6ef-4106-9a44-777d17a8e8f4: shutdown fa45fd2a-a6ef-4106-9a44-777d17a8e8f4@group-0869023E3DC0-FollowerState
2021-11-05 13:01:09,682 [f63fc592-5921-4d2a-8a56-22c1aba49965@group-2717592FE90B-StateMachineUpdater] INFO  ratis.ContainerStateMachine (ContainerStateMachine.java:takeSnapshot(303)) - group-2717592FE90B: Finished taking a snapshot at:(t:1, i:0) file:/home/runner/work/ozone/ozone/hadoop-ozone/integration-test/target/test-dir/MiniOzoneClusterImpl-bdf76210-3e21-404e-9e17-65b92aec9f1a/datanode-4/data/ratis/76f5f5e5-670c-4792-baeb-2717592fe90b/sm/snapshot.1_0 took: 1 ms
2021-11-05 13:01:09,682 [f63fc592-5921-4d2a-8a56-22c1aba49965@group-2717592FE90B-StateMachineUpdater] INFO  impl.StateMachineUpdater (StateMachineUpdater.java:takeSnapshot(281)) - f63fc592-5921-4d2a-8a56-22c1aba49965@group-2717592FE90B-StateMachineUpdater: Took a snapshot at index 0
2021-11-05 13:01:09,682 [f63fc592-5921-4d2a-8a56-22c1aba49965@group-2717592FE90B-StateMachineUpdater] INFO  impl.StateMachineUpdater (StateMachineUpdater.java:lambda$new$0(89)) - f63fc592-5921-4d2a-8a56-22c1aba49965@group-2717592FE90B-StateMachineUpdater: snapshotIndex: updateIncreasingly -1 -> 0
2021-11-05 13:01:09,683 [Listener at 127.0.0.1/42119] INFO  server.RaftServer$Division (ServerState.java:close(419)) - f63fc592-5921-4d2a-8a56-22c1aba49965@group-2717592FE90B: closes. applyIndex: 0
2021-11-05 13:01:09,692 [76ef4e66-eace-4a3b-a369-d2a815523a61@group-A5B183601584-LeaderElection116] INFO  impl.LeaderElection (LeaderElection.java:askForVotes(306)) - 76ef4e66-eace-4a3b-a369-d2a815523a61@group-A5B183601584-LeaderElection116 ELECTION round 0: submit vote requests at term 1 for -1: [f0359a9b-bc21-4a61-b53d-8d2dd84c6fc1|rpc:10.1.0.23:44285|priority:1, 76ef4e66-eace-4a3b-a369-d2a815523a61|rpc:10.1.0.23:41987|priority:0, fa45fd2a-a6ef-4106-9a44-777d17a8e8f4|rpc:10.1.0.23:43989|priority:0], old=null
2021-11-05 13:01:09,702 [f63fc592-5921-4d2a-8a56-22c1aba49965@group-2717592FE90B-SegmentedRaftLogWorker] INFO  segmented.SegmentedRaftLogWorker (SegmentedRaftLogWorker.java:run(327)) - f63fc592-5921-4d2a-8a56-22c1aba49965@group-2717592FE90B-SegmentedRaftLogWorker was interrupted, exiting. There are 0 tasks remaining in the queue.
2021-11-05 13:01:09,703 [ForkJoinPool.commonPool-worker-0] INFO  impl.StateMachineUpdater (StateMachineUpdater.java:stopAndJoin(149)) - fa45fd2a-a6ef-4106-9a44-777d17a8e8f4@group-0869023E3DC0-StateMachineUpdater: set stopIndex = -1
2021-11-05 13:01:09,703 [ForkJoinPool.commonPool-worker-0] INFO  server.RaftServer$Division (ServerState.java:close(419)) - fa45fd2a-a6ef-4106-9a44-777d17a8e8f4@group-0869023E3DC0: closes. applyIndex: -1
2021-11-05 13:01:09,703 [fa45fd2a-a6ef-4106-9a44-777d17a8e8f4@group-0869023E3DC0-SegmentedRaftLogWorker] INFO  segmented.SegmentedRaftLogWorker (SegmentedRaftLogWorker.java:run(327)) - fa45fd2a-a6ef-4106-9a44-777d17a8e8f4@group-0869023E3DC0-SegmentedRaftLogWorker was interrupted, exiting. There are 0 tasks remaining in the queue.
2021-11-05 13:01:09,703 [Listener at 127.0.0.1/42119] INFO  segmented.SegmentedRaftLogWorker (SegmentedRaftLogWorker.java:close(237)) - f63fc592-5921-4d2a-8a56-22c1aba49965@group-2717592FE90B-SegmentedRaftLogWorker close()
2021-11-05 13:01:09,705 [Listener at 127.0.0.1/42119] INFO  server.RaftServer$Division (RaftServerImpl.java:lambda$close$4(412)) - f63fc592-5921-4d2a-8a56-22c1aba49965@group-321DBB24BC0F: shutdown
2021-11-05 13:01:09,705 [Listener at 127.0.0.1/42119] INFO  util.JmxRegister (JmxRegister.java:unregister(73)) - Successfully un-registered JMX Bean with object name Ratis:service=RaftServer,group=group-321DBB24BC0F,id=f63fc592-5921-4d2a-8a56-22c1aba49965
2021-11-05 13:01:09,705 [Listener at 127.0.0.1/42119] INFO  impl.RoleInfo (RoleInfo.java:shutdownFollowerState(108)) - f63fc592-5921-4d2a-8a56-22c1aba49965: shutdown f63fc592-5921-4d2a-8a56-22c1aba49965@group-321DBB24BC0F-FollowerState
2021-11-05 13:01:09,705 [Listener at 127.0.0.1/42119] INFO  impl.StateMachineUpdater (StateMachineUpdater.java:stopAndJoin(149)) - f63fc592-5921-4d2a-8a56-22c1aba49965@group-321DBB24BC0F-StateMachineUpdater: set stopIndex = 0
2021-11-05 13:01:09,705 [f63fc592-5921-4d2a-8a56-22c1aba49965@group-321DBB24BC0F-FollowerState] INFO  impl.FollowerState (FollowerState.java:run(143)) - f63fc592-5921-4d2a-8a56-22c1aba49965@group-321DBB24BC0F-FollowerState was interrupted: {}
java.lang.InterruptedException: sleep interrupted
	at java.lang.Thread.sleep(Native Method)
	at java.lang.Thread.sleep(Thread.java:340)
	at java.util.concurrent.TimeUnit.sleep(TimeUnit.java:386)
	at org.apache.ratis.util.TimeDuration.sleep(TimeDuration.java:324)
	at org.apache.ratis.util.TimeDuration.sleep(TimeDuration.java:309)
	at org.apache.ratis.server.impl.FollowerState.run(FollowerState.java:118)
2021-11-05 13:01:09,706 [f63fc592-5921-4d2a-8a56-22c1aba49965@group-321DBB24BC0F-StateMachineUpdater] INFO  ratis.ContainerStateMachine (ContainerStateMachine.java:takeSnapshot(292)) - group-321DBB24BC0F: Taking a snapshot at:(t:2, i:0) file /home/runner/work/ozone/ozone/hadoop-ozone/integration-test/target/test-dir/MiniOzoneClusterImpl-bdf76210-3e21-404e-9e17-65b92aec9f1a/datanode-4/data/ratis/cf6dd734-eee3-40b4-8aa9-321dbb24bc0f/sm/snapshot.2_0
2021-11-05 13:01:09,706 [fa45fd2a-a6ef-4106-9a44-777d17a8e8f4@group-0869023E3DC0-FollowerState] INFO  impl.FollowerState (FollowerState.java:run(143)) - fa45fd2a-a6ef-4106-9a44-777d17a8e8f4@group-0869023E3DC0-FollowerState was interrupted: {}
java.lang.InterruptedException: sleep interrupted
	at java.lang.Thread.sleep(Native Method)
	at java.lang.Thread.sleep(Thread.java:340)
	at java.util.concurrent.TimeUnit.sleep(TimeUnit.java:386)
	at org.apache.ratis.util.TimeDuration.sleep(TimeDuration.java:324)
	at org.apache.ratis.util.TimeDuration.sleep(TimeDuration.java:309)
	at org.apache.ratis.server.impl.FollowerState.run(FollowerState.java:118)
2021-11-05 13:01:09,706 [f63fc592-5921-4d2a-8a56-22c1aba49965@group-321DBB24BC0F-StateMachineUpdater] INFO  ratis.ContainerStateMachine (ContainerStateMachine.java:takeSnapshot(303)) - group-321DBB24BC0F: Finished taking a snapshot at:(t:2, i:0) file:/home/runner/work/ozone/ozone/hadoop-ozone/integration-test/target/test-dir/MiniOzoneClusterImpl-bdf76210-3e21-404e-9e17-65b92aec9f1a/datanode-4/data/ratis/cf6dd734-eee3-40b4-8aa9-321dbb24bc0f/sm/snapshot.2_0 took: 1 ms
2021-11-05 13:01:09,707 [f63fc592-5921-4d2a-8a56-22c1aba49965@group-321DBB24BC0F-StateMachineUpdater] INFO  impl.StateMachineUpdater (StateMachineUpdater.java:takeSnapshot(281)) - f63fc592-5921-4d2a-8a56-22c1aba49965@group-321DBB24BC0F-StateMachineUpdater: Took a snapshot at index 0
2021-11-05 13:01:09,707 [f63fc592-5921-4d2a-8a56-22c1aba49965@group-321DBB24BC0F-StateMachineUpdater] INFO  impl.StateMachineUpdater (StateMachineUpdater.java:lambda$new$0(89)) - f63fc592-5921-4d2a-8a56-22c1aba49965@group-321DBB24BC0F-StateMachineUpdater: snapshotIndex: updateIncreasingly -1 -> 0
2021-11-05 13:01:09,707 [Listener at 127.0.0.1/42119] INFO  server.RaftServer$Division (ServerState.java:close(419)) - f63fc592-5921-4d2a-8a56-22c1aba49965@group-321DBB24BC0F: closes. applyIndex: 0
2021-11-05 13:01:09,707 [f63fc592-5921-4d2a-8a56-22c1aba49965@group-321DBB24BC0F-SegmentedRaftLogWorker] INFO  segmented.SegmentedRaftLogWorker (SegmentedRaftLogWorker.java:run(327)) - f63fc592-5921-4d2a-8a56-22c1aba49965@group-321DBB24BC0F-SegmentedRaftLogWorker was interrupted, exiting. There are 0 tasks remaining in the queue.
2021-11-05 13:01:09,707 [Listener at 127.0.0.1/42119] INFO  segmented.SegmentedRaftLogWorker (SegmentedRaftLogWorker.java:close(237)) - f63fc592-5921-4d2a-8a56-22c1aba49965@group-321DBB24BC0F-SegmentedRaftLogWorker close()
2021-11-05 13:01:09,709 [Listener at 127.0.0.1/42119] INFO  server.RaftServer$Division (RaftServerImpl.java:lambda$close$4(412)) - f63fc592-5921-4d2a-8a56-22c1aba49965@group-30A45C208CA2: shutdown
2021-11-05 13:01:09,709 [Listener at 127.0.0.1/42119] INFO  util.JmxRegister (JmxRegister.java:unregister(73)) - Successfully un-registered JMX Bean with object name Ratis:service=RaftServer,group=group-30A45C208CA2,id=f63fc592-5921-4d2a-8a56-22c1aba49965
2021-11-05 13:01:09,709 [Listener at 127.0.0.1/42119] INFO  impl.RoleInfo (RoleInfo.java:shutdownLeaderState(91)) - f63fc592-5921-4d2a-8a56-22c1aba49965: shutdown f63fc592-5921-4d2a-8a56-22c1aba49965@group-30A45C208CA2-LeaderStateImpl
2021-11-05 13:01:09,709 [f63fc592-5921-4d2a-8a56-22c1aba49965@group-30A45C208CA2->fae3de48-3e9f-4cc7-8f85-17bb385fc42a-GrpcLogAppender-LogAppenderDaemon] WARN  server.GrpcLogAppender (GrpcLogAppender.java:mayWait(177)) - f63fc592-5921-4d2a-8a56-22c1aba49965@group-30A45C208CA2->fae3de48-3e9f-4cc7-8f85-17bb385fc42a-GrpcLogAppender: Wait interrupted by java.lang.InterruptedException
2021-11-05 13:01:09,709 [Listener at 127.0.0.1/42119] INFO  impl.PendingRequests (PendingRequests.java:sendNotLeaderResponses(282)) - f63fc592-5921-4d2a-8a56-22c1aba49965@group-30A45C208CA2-PendingRequests: sendNotLeaderResponses
2021-11-05 13:01:09,710 [grpc-default-executor-3] INFO  server.GrpcServerProtocolService (GrpcServerProtocolService.java:onCompleted(140)) - fae3de48-3e9f-4cc7-8f85-17bb385fc42a: Completed APPEND_ENTRIES, lastRequest: f63fc592-5921-4d2a-8a56-22c1aba49965->fae3de48-3e9f-4cc7-8f85-17bb385fc42a#1-t3,previous=(t:0, i:0),leaderCommit=0,initializing? true,entries: size=1, first=(t:3, i:0), CONFIGURATIONENTRY
2021-11-05 13:01:09,709 [f63fc592-5921-4d2a-8a56-22c1aba49965@group-30A45C208CA2->04351296-bb31-4c39-8b7c-2fcea1114805-GrpcLogAppender-LogAppenderDaemon] WARN  server.GrpcLogAppender (GrpcLogAppender.java:mayWait(177)) - f63fc592-5921-4d2a-8a56-22c1aba49965@group-30A45C208CA2->04351296-bb31-4c39-8b7c-2fcea1114805-GrpcLogAppender: Wait interrupted by java.lang.InterruptedException
2021-11-05 13:01:09,711 [grpc-default-executor-2] INFO  server.GrpcLogAppender (GrpcLogAppender.java:onCompleted(346)) - f63fc592-5921-4d2a-8a56-22c1aba49965@group-30A45C208CA2->fae3de48-3e9f-4cc7-8f85-17bb385fc42a-AppendLogResponseHandler: follower responses appendEntries COMPLETED
2021-11-05 13:01:09,711 [grpc-default-executor-2] INFO  leader.FollowerInfo (FollowerInfoImpl.java:lambda$new$0(47)) - f63fc592-5921-4d2a-8a56-22c1aba49965@group-30A45C208CA2->fae3de48-3e9f-4cc7-8f85-17bb385fc42a: nextIndex: updateUnconditionally 1 -> 0
2021-11-05 13:01:09,711 [grpc-default-executor-5] INFO  server.GrpcServerProtocolService (GrpcServerProtocolService.java:onCompleted(140)) - 04351296-bb31-4c39-8b7c-2fcea1114805: Completed APPEND_ENTRIES, lastRequest: f63fc592-5921-4d2a-8a56-22c1aba49965->04351296-bb31-4c39-8b7c-2fcea1114805#1-t3,previous=(t:0, i:0),leaderCommit=0,initializing? true,entries: size=1, first=(t:3, i:0), CONFIGURATIONENTRY
2021-11-05 13:01:09,712 [grpc-default-executor-5] INFO  server.GrpcLogAppender (GrpcLogAppender.java:onCompleted(346)) - f63fc592-5921-4d2a-8a56-22c1aba49965@group-30A45C208CA2->04351296-bb31-4c39-8b7c-2fcea1114805-AppendLogResponseHandler: follower responses appendEntries COMPLETED
2021-11-05 13:01:09,712 [grpc-default-executor-5] INFO  leader.FollowerInfo (FollowerInfoImpl.java:lambda$new$0(47)) - f63fc592-5921-4d2a-8a56-22c1aba49965@group-30A45C208CA2->04351296-bb31-4c39-8b7c-2fcea1114805: nextIndex: updateUnconditionally 1 -> 0
2021-11-05 13:01:09,713 [f63fc592-5921-4d2a-8a56-22c1aba49965@group-30A45C208CA2-StateMachineUpdater] INFO  ratis.ContainerStateMachine (ContainerStateMachine.java:takeSnapshot(292)) - group-30A45C208CA2: Taking a snapshot at:(t:3, i:0) file /home/runner/work/ozone/ozone/hadoop-ozone/integration-test/target/test-dir/MiniOzoneClusterImpl-bdf76210-3e21-404e-9e17-65b92aec9f1a/datanode-4/data/ratis/3f1b9fd8-ba50-4c9b-8c0d-30a45c208ca2/sm/snapshot.3_0
2021-11-05 13:01:09,713 [Listener at 127.0.0.1/42119] INFO  impl.StateMachineUpdater (StateMachineUpdater.java:stopAndJoin(149)) - f63fc592-5921-4d2a-8a56-22c1aba49965@group-30A45C208CA2-StateMachineUpdater: set stopIndex = 0
2021-11-05 13:01:09,714 [f63fc592-5921-4d2a-8a56-22c1aba49965@group-30A45C208CA2-StateMachineUpdater] INFO  ratis.ContainerStateMachine (ContainerStateMachine.java:takeSnapshot(303)) - group-30A45C208CA2: Finished taking a snapshot at:(t:3, i:0) file:/home/runner/work/ozone/ozone/hadoop-ozone/integration-test/target/test-dir/MiniOzoneClusterImpl-bdf76210-3e21-404e-9e17-65b92aec9f1a/datanode-4/data/ratis/3f1b9fd8-ba50-4c9b-8c0d-30a45c208ca2/sm/snapshot.3_0 took: 1 ms
2021-11-05 13:01:09,714 [f63fc592-5921-4d2a-8a56-22c1aba49965@group-30A45C208CA2-StateMachineUpdater] INFO  impl.StateMachineUpdater (StateMachineUpdater.java:takeSnapshot(281)) - f63fc592-5921-4d2a-8a56-22c1aba49965@group-30A45C208CA2-StateMachineUpdater: Took a snapshot at index 0
2021-11-05 13:01:09,714 [f63fc592-5921-4d2a-8a56-22c1aba49965@group-30A45C208CA2-StateMachineUpdater] INFO  impl.StateMachineUpdater (StateMachineUpdater.java:lambda$new$0(89)) - f63fc592-5921-4d2a-8a56-22c1aba49965@group-30A45C208CA2-StateMachineUpdater: snapshotIndex: updateIncreasingly -1 -> 0
2021-11-05 13:01:09,714 [Listener at 127.0.0.1/42119] INFO  server.RaftServer$Division (ServerState.java:close(419)) - f63fc592-5921-4d2a-8a56-22c1aba49965@group-30A45C208CA2: closes. applyIndex: 0
2021-11-05 13:01:09,715 [f63fc592-5921-4d2a-8a56-22c1aba49965@group-30A45C208CA2-SegmentedRaftLogWorker] INFO  segmented.SegmentedRaftLogWorker (SegmentedRaftLogWorker.java:run(327)) - f63fc592-5921-4d2a-8a56-22c1aba49965@group-30A45C208CA2-SegmentedRaftLogWorker was interrupted, exiting. There are 0 tasks remaining in the queue.
2021-11-05 13:01:09,715 [Listener at 127.0.0.1/42119] INFO  segmented.SegmentedRaftLogWorker (SegmentedRaftLogWorker.java:close(237)) - f63fc592-5921-4d2a-8a56-22c1aba49965@group-30A45C208CA2-SegmentedRaftLogWorker close()
2021-11-05 13:01:09,724 [Listener at 127.0.0.1/42119] INFO  server.RaftServer$Division (RaftServerImpl.java:lambda$close$4(412)) - f63fc592-5921-4d2a-8a56-22c1aba49965@group-9C3501DB6FAE: shutdown
2021-11-05 13:01:09,724 [Listener at 127.0.0.1/42119] INFO  util.JmxRegister (JmxRegister.java:unregister(73)) - Successfully un-registered JMX Bean with object name Ratis:service=RaftServer,group=group-9C3501DB6FAE,id=f63fc592-5921-4d2a-8a56-22c1aba49965
2021-11-05 13:01:09,726 [Listener at 127.0.0.1/42119] INFO  impl.RoleInfo (RoleInfo.java:shutdownLeaderState(91)) - f63fc592-5921-4d2a-8a56-22c1aba49965: shutdown f63fc592-5921-4d2a-8a56-22c1aba49965@group-9C3501DB6FAE-LeaderStateImpl
2021-11-05 13:01:09,726 [Listener at 127.0.0.1/42119] INFO  impl.PendingRequests (PendingRequests.java:sendNotLeaderResponses(282)) - f63fc592-5921-4d2a-8a56-22c1aba49965@group-9C3501DB6FAE-PendingRequests: sendNotLeaderResponses
2021-11-05 13:01:09,728 [f63fc592-5921-4d2a-8a56-22c1aba49965@group-9C3501DB6FAE-StateMachineUpdater] INFO  ratis.ContainerStateMachine (ContainerStateMachine.java:takeSnapshot(292)) - group-9C3501DB6FAE: Taking a snapshot at:(t:1, i:13) file /home/runner/work/ozone/ozone/hadoop-ozone/integration-test/target/test-dir/MiniOzoneClusterImpl-bdf76210-3e21-404e-9e17-65b92aec9f1a/datanode-4/data/ratis/3417dacd-ff16-41a1-8a71-9c3501db6fae/sm/snapshot.1_13
2021-11-05 13:01:09,729 [Listener at 127.0.0.1/42119] INFO  impl.StateMachineUpdater (StateMachineUpdater.java:stopAndJoin(149)) - f63fc592-5921-4d2a-8a56-22c1aba49965@group-9C3501DB6FAE-StateMachineUpdater: set stopIndex = 13
2021-11-05 13:01:09,732 [f63fc592-5921-4d2a-8a56-22c1aba49965@group-9C3501DB6FAE-StateMachineUpdater] INFO  ratis.ContainerStateMachine (ContainerStateMachine.java:takeSnapshot(303)) - group-9C3501DB6FAE: Finished taking a snapshot at:(t:1, i:13) file:/home/runner/work/ozone/ozone/hadoop-ozone/integration-test/target/test-dir/MiniOzoneClusterImpl-bdf76210-3e21-404e-9e17-65b92aec9f1a/datanode-4/data/ratis/3417dacd-ff16-41a1-8a71-9c3501db6fae/sm/snapshot.1_13 took: 4 ms
2021-11-05 13:01:09,733 [f63fc592-5921-4d2a-8a56-22c1aba49965@group-9C3501DB6FAE-StateMachineUpdater] INFO  impl.StateMachineUpdater (StateMachineUpdater.java:takeSnapshot(281)) - f63fc592-5921-4d2a-8a56-22c1aba49965@group-9C3501DB6FAE-StateMachineUpdater: Took a snapshot at index 13
2021-11-05 13:01:09,733 [f63fc592-5921-4d2a-8a56-22c1aba49965@group-9C3501DB6FAE-StateMachineUpdater] INFO  impl.StateMachineUpdater (StateMachineUpdater.java:lambda$new$0(89)) - f63fc592-5921-4d2a-8a56-22c1aba49965@group-9C3501DB6FAE-StateMachineUpdater: snapshotIndex: updateIncreasingly -1 -> 13
2021-11-05 13:01:09,734 [ForkJoinPool.commonPool-worker-0] INFO  segmented.SegmentedRaftLogWorker (SegmentedRaftLogWorker.java:close(237)) - fa45fd2a-a6ef-4106-9a44-777d17a8e8f4@group-0869023E3DC0-SegmentedRaftLogWorker close()
2021-11-05 13:01:09,745 [ForkJoinPool.commonPool-worker-0] INFO  server.RaftServer$Division (RaftServerImpl.java:lambda$close$4(412)) - fa45fd2a-a6ef-4106-9a44-777d17a8e8f4@group-48CCFD0E3BB8: shutdown
2021-11-05 13:01:09,745 [ForkJoinPool.commonPool-worker-0] INFO  util.JmxRegister (JmxRegister.java:unregister(73)) - Successfully un-registered JMX Bean with object name Ratis:service=RaftServer,group=group-48CCFD0E3BB8,id=fa45fd2a-a6ef-4106-9a44-777d17a8e8f4
2021-11-05 13:01:09,745 [ForkJoinPool.commonPool-worker-0] INFO  impl.RoleInfo (RoleInfo.java:shutdownFollowerState(108)) - fa45fd2a-a6ef-4106-9a44-777d17a8e8f4: shutdown fa45fd2a-a6ef-4106-9a44-777d17a8e8f4@group-48CCFD0E3BB8-FollowerState
2021-11-05 13:01:09,745 [ForkJoinPool.commonPool-worker-0] INFO  impl.StateMachineUpdater (StateMachineUpdater.java:stopAndJoin(149)) - fa45fd2a-a6ef-4106-9a44-777d17a8e8f4@group-48CCFD0E3BB8-StateMachineUpdater: set stopIndex = -1
2021-11-05 13:01:09,745 [ForkJoinPool.commonPool-worker-0] INFO  server.RaftServer$Division (ServerState.java:close(419)) - fa45fd2a-a6ef-4106-9a44-777d17a8e8f4@group-48CCFD0E3BB8: closes. applyIndex: -1
2021-11-05 13:01:09,745 [fa45fd2a-a6ef-4106-9a44-777d17a8e8f4@group-48CCFD0E3BB8-FollowerState] INFO  impl.FollowerState (FollowerState.java:run(143)) - fa45fd2a-a6ef-4106-9a44-777d17a8e8f4@group-48CCFD0E3BB8-FollowerState was interrupted: {}
java.lang.InterruptedException: sleep interrupted
	at java.lang.Thread.sleep(Native Method)
	at java.lang.Thread.sleep(Thread.java:340)
	at java.util.concurrent.TimeUnit.sleep(TimeUnit.java:386)
	at org.apache.ratis.util.TimeDuration.sleep(TimeDuration.java:324)
	at org.apache.ratis.util.TimeDuration.sleep(TimeDuration.java:309)
	at org.apache.ratis.server.impl.FollowerState.run(FollowerState.java:118)
2021-11-05 13:01:09,745 [fa45fd2a-a6ef-4106-9a44-777d17a8e8f4@group-48CCFD0E3BB8-SegmentedRaftLogWorker] INFO  segmented.SegmentedRaftLogWorker (SegmentedRaftLogWorker.java:run(327)) - fa45fd2a-a6ef-4106-9a44-777d17a8e8f4@group-48CCFD0E3BB8-SegmentedRaftLogWorker was interrupted, exiting. There are 0 tasks remaining in the queue.
2021-11-05 13:01:09,746 [ForkJoinPool.commonPool-worker-0] INFO  segmented.SegmentedRaftLogWorker (SegmentedRaftLogWorker.java:close(237)) - fa45fd2a-a6ef-4106-9a44-777d17a8e8f4@group-48CCFD0E3BB8-SegmentedRaftLogWorker close()
2021-11-05 13:01:09,750 [ForkJoinPool.commonPool-worker-0] INFO  server.RaftServer$Division (RaftServerImpl.java:lambda$close$4(412)) - fa45fd2a-a6ef-4106-9a44-777d17a8e8f4@group-A5B183601584: shutdown
2021-11-05 13:01:09,750 [ForkJoinPool.commonPool-worker-0] INFO  util.JmxRegister (JmxRegister.java:unregister(73)) - Successfully un-registered JMX Bean with object name Ratis:service=RaftServer,group=group-A5B183601584,id=fa45fd2a-a6ef-4106-9a44-777d17a8e8f4
2021-11-05 13:01:09,750 [ForkJoinPool.commonPool-worker-0] INFO  impl.RoleInfo (RoleInfo.java:shutdownFollowerState(108)) - fa45fd2a-a6ef-4106-9a44-777d17a8e8f4: shutdown fa45fd2a-a6ef-4106-9a44-777d17a8e8f4@group-A5B183601584-FollowerState
2021-11-05 13:01:09,750 [ForkJoinPool.commonPool-worker-0] INFO  impl.StateMachineUpdater (StateMachineUpdater.java:stopAndJoin(149)) - fa45fd2a-a6ef-4106-9a44-777d17a8e8f4@group-A5B183601584-StateMachineUpdater: set stopIndex = -1
2021-11-05 13:01:09,750 [fa45fd2a-a6ef-4106-9a44-777d17a8e8f4@group-A5B183601584-FollowerState] INFO  impl.FollowerState (FollowerState.java:run(143)) - fa45fd2a-a6ef-4106-9a44-777d17a8e8f4@group-A5B183601584-FollowerState was interrupted: {}
java.lang.InterruptedException: sleep interrupted
	at java.lang.Thread.sleep(Native Method)
	at java.lang.Thread.sleep(Thread.java:340)
	at java.util.concurrent.TimeUnit.sleep(TimeUnit.java:386)
	at org.apache.ratis.util.TimeDuration.sleep(TimeDuration.java:324)
	at org.apache.ratis.util.TimeDuration.sleep(TimeDuration.java:309)
	at org.apache.ratis.server.impl.FollowerState.run(FollowerState.java:118)
2021-11-05 13:01:09,750 [ForkJoinPool.commonPool-worker-0] INFO  server.RaftServer$Division (ServerState.java:close(419)) - fa45fd2a-a6ef-4106-9a44-777d17a8e8f4@group-A5B183601584: closes. applyIndex: -1
2021-11-05 13:01:09,750 [fa45fd2a-a6ef-4106-9a44-777d17a8e8f4@group-A5B183601584-SegmentedRaftLogWorker] INFO  segmented.SegmentedRaftLogWorker (SegmentedRaftLogWorker.java:run(327)) - fa45fd2a-a6ef-4106-9a44-777d17a8e8f4@group-A5B183601584-SegmentedRaftLogWorker was interrupted, exiting. There are 0 tasks remaining in the queue.
2021-11-05 13:01:09,750 [ForkJoinPool.commonPool-worker-0] INFO  segmented.SegmentedRaftLogWorker (SegmentedRaftLogWorker.java:close(237)) - fa45fd2a-a6ef-4106-9a44-777d17a8e8f4@group-A5B183601584-SegmentedRaftLogWorker close()
2021-11-05 13:01:09,756 [Listener at 127.0.0.1/42119] INFO  server.RaftServer$Division (ServerState.java:close(419)) - f63fc592-5921-4d2a-8a56-22c1aba49965@group-9C3501DB6FAE: closes. applyIndex: 13
2021-11-05 13:01:09,760 [f63fc592-5921-4d2a-8a56-22c1aba49965@group-9C3501DB6FAE-SegmentedRaftLogWorker] INFO  segmented.SegmentedRaftLogWorker (SegmentedRaftLogWorker.java:run(327)) - f63fc592-5921-4d2a-8a56-22c1aba49965@group-9C3501DB6FAE-SegmentedRaftLogWorker was interrupted, exiting. There are 0 tasks remaining in the queue.
2021-11-05 13:01:09,761 [3ae4cb20-15ad-4779-a013-5b0fdc3aaee7@group-0869023E3DC0-LeaderElection117] INFO  impl.LeaderElection (LeaderElection.java:askForVotes(306)) - 3ae4cb20-15ad-4779-a013-5b0fdc3aaee7@group-0869023E3DC0-LeaderElection117 ELECTION round 0: submit vote requests at term 1 for -1: [76ef4e66-eace-4a3b-a369-d2a815523a61|rpc:10.1.0.23:41987|priority:0, fa45fd2a-a6ef-4106-9a44-777d17a8e8f4|rpc:10.1.0.23:43989|priority:0, 3ae4cb20-15ad-4779-a013-5b0fdc3aaee7|rpc:10.1.0.23:35115|priority:1], old=null
2021-11-05 13:01:09,761 [grpc-default-executor-2] INFO  server.RaftServer$Division (RaftServerImpl.java:requestVote(1046)) - f0359a9b-bc21-4a61-b53d-8d2dd84c6fc1@group-A5B183601584: receive requestVote(ELECTION, 76ef4e66-eace-4a3b-a369-d2a815523a61, group-A5B183601584, 1, (t:0, i:0))
2021-11-05 13:01:09,761 [grpc-default-executor-5] INFO  server.RaftServer$Division (RaftServerImpl.java:requestVote(1046)) - fa45fd2a-a6ef-4106-9a44-777d17a8e8f4@group-A5B183601584: receive requestVote(ELECTION, 76ef4e66-eace-4a3b-a369-d2a815523a61, group-A5B183601584, 1, (t:0, i:0))
2021-11-05 13:01:09,761 [grpc-default-executor-5] WARN  server.GrpcServerProtocolService (LogUtils.java:warn(122)) - fa45fd2a-a6ef-4106-9a44-777d17a8e8f4: Failed requestVote 76ef4e66-eace-4a3b-a369-d2a815523a61->fa45fd2a-a6ef-4106-9a44-777d17a8e8f4#0: org.apache.ratis.protocol.exceptions.ServerNotReadyException: fa45fd2a-a6ef-4106-9a44-777d17a8e8f4@group-A5B183601584 is not in [RUNNING]: current state is CLOSING
2021-11-05 13:01:09,761 [grpc-default-executor-2] INFO  impl.VoteContext (VoteContext.java:log(48)) - f0359a9b-bc21-4a61-b53d-8d2dd84c6fc1@group-A5B183601584-FOLLOWER: reject ELECTION from 76ef4e66-eace-4a3b-a369-d2a815523a61: our priority 1 > candidate's priority 0
2021-11-05 13:01:09,770 [grpc-default-executor-2] INFO  server.RaftServer$Division (RaftServerImpl.java:setRole(290)) - f0359a9b-bc21-4a61-b53d-8d2dd84c6fc1@group-A5B183601584: changes role from  FOLLOWER to FOLLOWER at term 1 for candidate:76ef4e66-eace-4a3b-a369-d2a815523a61
2021-11-05 13:01:09,770 [grpc-default-executor-2] INFO  impl.RoleInfo (RoleInfo.java:shutdownFollowerState(108)) - f0359a9b-bc21-4a61-b53d-8d2dd84c6fc1: shutdown f0359a9b-bc21-4a61-b53d-8d2dd84c6fc1@group-A5B183601584-FollowerState
2021-11-05 13:01:09,777 [grpc-default-executor-3] INFO  server.RaftServer$Division (RaftServerImpl.java:requestVote(1046)) - 76ef4e66-eace-4a3b-a369-d2a815523a61@group-0869023E3DC0: receive requestVote(ELECTION, 3ae4cb20-15ad-4779-a013-5b0fdc3aaee7, group-0869023E3DC0, 1, (t:0, i:0))
2021-11-05 13:01:09,777 [grpc-default-executor-3] INFO  impl.VoteContext (VoteContext.java:log(48)) - 76ef4e66-eace-4a3b-a369-d2a815523a61@group-0869023E3DC0-FOLLOWER: accept ELECTION from 3ae4cb20-15ad-4779-a013-5b0fdc3aaee7: our priority 0 <= candidate's priority 1
2021-11-05 13:01:09,777 [grpc-default-executor-3] INFO  server.RaftServer$Division (RaftServerImpl.java:setRole(290)) - 76ef4e66-eace-4a3b-a369-d2a815523a61@group-0869023E3DC0: changes role from  FOLLOWER to FOLLOWER at term 1 for candidate:3ae4cb20-15ad-4779-a013-5b0fdc3aaee7
2021-11-05 13:01:09,777 [grpc-default-executor-3] INFO  impl.RoleInfo (RoleInfo.java:shutdownFollowerState(108)) - 76ef4e66-eace-4a3b-a369-d2a815523a61: shutdown 76ef4e66-eace-4a3b-a369-d2a815523a61@group-0869023E3DC0-FollowerState
2021-11-05 13:01:09,782 [grpc-default-executor-1] INFO  server.RaftServer$Division (RaftServerImpl.java:requestVote(1046)) - fa45fd2a-a6ef-4106-9a44-777d17a8e8f4@group-0869023E3DC0: receive requestVote(ELECTION, 3ae4cb20-15ad-4779-a013-5b0fdc3aaee7, group-0869023E3DC0, 1, (t:0, i:0))
2021-11-05 13:01:09,782 [grpc-default-executor-1] WARN  server.GrpcServerProtocolService (LogUtils.java:warn(122)) - fa45fd2a-a6ef-4106-9a44-777d17a8e8f4: Failed requestVote 3ae4cb20-15ad-4779-a013-5b0fdc3aaee7->fa45fd2a-a6ef-4106-9a44-777d17a8e8f4#0: org.apache.ratis.protocol.exceptions.ServerNotReadyException: fa45fd2a-a6ef-4106-9a44-777d17a8e8f4@group-0869023E3DC0 is not in [RUNNING]: current state is CLOSED
2021-11-05 13:01:09,784 [grpc-default-executor-3] INFO  impl.RoleInfo (RoleInfo.java:updateAndGet(130)) - 76ef4e66-eace-4a3b-a369-d2a815523a61: start 76ef4e66-eace-4a3b-a369-d2a815523a61@group-0869023E3DC0-FollowerState
2021-11-05 13:01:09,784 [76ef4e66-eace-4a3b-a369-d2a815523a61@group-0869023E3DC0-FollowerState] INFO  impl.FollowerState (FollowerState.java:run(143)) - 76ef4e66-eace-4a3b-a369-d2a815523a61@group-0869023E3DC0-FollowerState was interrupted: {}
java.lang.InterruptedException: sleep interrupted
	at java.lang.Thread.sleep(Native Method)
	at java.lang.Thread.sleep(Thread.java:340)
	at java.util.concurrent.TimeUnit.sleep(TimeUnit.java:386)
	at org.apache.ratis.util.TimeDuration.sleep(TimeDuration.java:324)
	at org.apache.ratis.util.TimeDuration.sleep(TimeDuration.java:309)
	at org.apache.ratis.server.impl.FollowerState.run(FollowerState.java:118)
2021-11-05 13:01:09,810 [grpc-default-executor-2] INFO  impl.RoleInfo (RoleInfo.java:updateAndGet(130)) - f0359a9b-bc21-4a61-b53d-8d2dd84c6fc1: start f0359a9b-bc21-4a61-b53d-8d2dd84c6fc1@group-A5B183601584-FollowerState
2021-11-05 13:01:09,810 [f0359a9b-bc21-4a61-b53d-8d2dd84c6fc1@group-A5B183601584-FollowerState] INFO  impl.FollowerState (FollowerState.java:run(143)) - f0359a9b-bc21-4a61-b53d-8d2dd84c6fc1@group-A5B183601584-FollowerState was interrupted: {}
java.lang.InterruptedException: sleep interrupted
	at java.lang.Thread.sleep(Native Method)
	at java.lang.Thread.sleep(Thread.java:340)
	at java.util.concurrent.TimeUnit.sleep(TimeUnit.java:386)
	at org.apache.ratis.util.TimeDuration.sleep(TimeDuration.java:324)
	at org.apache.ratis.util.TimeDuration.sleep(TimeDuration.java:309)
	at org.apache.ratis.server.impl.FollowerState.run(FollowerState.java:118)
2021-11-05 13:01:09,811 [ForkJoinPool.commonPool-worker-0] INFO  server.RaftServer$Division (RaftServerImpl.java:lambda$close$4(412)) - fa45fd2a-a6ef-4106-9a44-777d17a8e8f4@group-1FA21D5FAFDD: shutdown
2021-11-05 13:01:09,811 [ForkJoinPool.commonPool-worker-0] INFO  util.JmxRegister (JmxRegister.java:unregister(73)) - Successfully un-registered JMX Bean with object name Ratis:service=RaftServer,group=group-1FA21D5FAFDD,id=fa45fd2a-a6ef-4106-9a44-777d17a8e8f4
2021-11-05 13:01:09,811 [ForkJoinPool.commonPool-worker-0] INFO  impl.RoleInfo (RoleInfo.java:shutdownLeaderState(91)) - fa45fd2a-a6ef-4106-9a44-777d17a8e8f4: shutdown fa45fd2a-a6ef-4106-9a44-777d17a8e8f4@group-1FA21D5FAFDD-LeaderStateImpl
2021-11-05 13:01:09,811 [ForkJoinPool.commonPool-worker-0] INFO  impl.PendingRequests (PendingRequests.java:sendNotLeaderResponses(282)) - fa45fd2a-a6ef-4106-9a44-777d17a8e8f4@group-1FA21D5FAFDD-PendingRequests: sendNotLeaderResponses
2021-11-05 13:01:09,811 [Listener at 127.0.0.1/42119] INFO  segmented.SegmentedRaftLogWorker (SegmentedRaftLogWorker.java:close(237)) - f63fc592-5921-4d2a-8a56-22c1aba49965@group-9C3501DB6FAE-SegmentedRaftLogWorker close()
2021-11-05 13:01:09,812 [Listener at 127.0.0.1/42119] INFO  server.GrpcService (GrpcService.java:closeImpl(262)) - f63fc592-5921-4d2a-8a56-22c1aba49965: shutdown server with port 39383 now
2021-11-05 13:01:09,812 [fa45fd2a-a6ef-4106-9a44-777d17a8e8f4@group-1FA21D5FAFDD-StateMachineUpdater] INFO  ratis.ContainerStateMachine (ContainerStateMachine.java:takeSnapshot(292)) - group-1FA21D5FAFDD: Taking a snapshot at:(t:1, i:0) file /home/runner/work/ozone/ozone/hadoop-ozone/integration-test/target/test-dir/MiniOzoneClusterImpl-bdf76210-3e21-404e-9e17-65b92aec9f1a/datanode-1/data/ratis/9a8c8b22-4b43-436c-8b5e-1fa21d5fafdd/sm/snapshot.1_0
2021-11-05 13:01:09,813 [fa45fd2a-a6ef-4106-9a44-777d17a8e8f4@group-1FA21D5FAFDD-StateMachineUpdater] INFO  ratis.ContainerStateMachine (ContainerStateMachine.java:takeSnapshot(303)) - group-1FA21D5FAFDD: Finished taking a snapshot at:(t:1, i:0) file:/home/runner/work/ozone/ozone/hadoop-ozone/integration-test/target/test-dir/MiniOzoneClusterImpl-bdf76210-3e21-404e-9e17-65b92aec9f1a/datanode-1/data/ratis/9a8c8b22-4b43-436c-8b5e-1fa21d5fafdd/sm/snapshot.1_0 took: 1 ms
2021-11-05 13:01:09,814 [fa45fd2a-a6ef-4106-9a44-777d17a8e8f4@group-1FA21D5FAFDD-StateMachineUpdater] INFO  impl.StateMachineUpdater (StateMachineUpdater.java:takeSnapshot(281)) - fa45fd2a-a6ef-4106-9a44-777d17a8e8f4@group-1FA21D5FAFDD-StateMachineUpdater: Took a snapshot at index 0
2021-11-05 13:01:09,814 [fa45fd2a-a6ef-4106-9a44-777d17a8e8f4@group-1FA21D5FAFDD-StateMachineUpdater] INFO  impl.StateMachineUpdater (StateMachineUpdater.java:lambda$new$0(89)) - fa45fd2a-a6ef-4106-9a44-777d17a8e8f4@group-1FA21D5FAFDD-StateMachineUpdater: snapshotIndex: updateIncreasingly -1 -> 0
2021-11-05 13:01:09,812 [ForkJoinPool.commonPool-worker-0] INFO  impl.StateMachineUpdater (StateMachineUpdater.java:stopAndJoin(149)) - fa45fd2a-a6ef-4106-9a44-777d17a8e8f4@group-1FA21D5FAFDD-StateMachineUpdater: set stopIndex = 0
2021-11-05 13:01:09,814 [ForkJoinPool.commonPool-worker-0] INFO  server.RaftServer$Division (ServerState.java:close(419)) - fa45fd2a-a6ef-4106-9a44-777d17a8e8f4@group-1FA21D5FAFDD: closes. applyIndex: 0
2021-11-05 13:01:09,815 [grpc-default-executor-2] INFO  server.RaftServer$Division (RaftServerImpl.java:requestVote(1078)) - f0359a9b-bc21-4a61-b53d-8d2dd84c6fc1@group-A5B183601584 replies to ELECTION vote request: 76ef4e66-eace-4a3b-a369-d2a815523a61<-f0359a9b-bc21-4a61-b53d-8d2dd84c6fc1#0:FAIL-t1. Peer's state: f0359a9b-bc21-4a61-b53d-8d2dd84c6fc1@group-A5B183601584:t1, leader=null, voted=null, raftlog=f0359a9b-bc21-4a61-b53d-8d2dd84c6fc1@group-A5B183601584-SegmentedRaftLog:OPENED:c-1, conf=-1: [f0359a9b-bc21-4a61-b53d-8d2dd84c6fc1|rpc:10.1.0.23:44285|priority:1, 76ef4e66-eace-4a3b-a369-d2a815523a61|rpc:10.1.0.23:41987|priority:0, fa45fd2a-a6ef-4106-9a44-777d17a8e8f4|rpc:10.1.0.23:43989|priority:0], old=null
2021-11-05 13:01:09,816 [grpc-default-executor-3] INFO  server.RaftServer$Division (RaftServerImpl.java:requestVote(1078)) - 76ef4e66-eace-4a3b-a369-d2a815523a61@group-0869023E3DC0 replies to ELECTION vote request: 3ae4cb20-15ad-4779-a013-5b0fdc3aaee7<-76ef4e66-eace-4a3b-a369-d2a815523a61#0:OK-t1. Peer's state: 76ef4e66-eace-4a3b-a369-d2a815523a61@group-0869023E3DC0:t1, leader=null, voted=3ae4cb20-15ad-4779-a013-5b0fdc3aaee7, raftlog=76ef4e66-eace-4a3b-a369-d2a815523a61@group-0869023E3DC0-SegmentedRaftLog:OPENED:c-1, conf=-1: [76ef4e66-eace-4a3b-a369-d2a815523a61|rpc:10.1.0.23:41987|priority:0, fa45fd2a-a6ef-4106-9a44-777d17a8e8f4|rpc:10.1.0.23:43989|priority:0, 3ae4cb20-15ad-4779-a013-5b0fdc3aaee7|rpc:10.1.0.23:35115|priority:1], old=null
2021-11-05 13:01:09,840 [fa45fd2a-a6ef-4106-9a44-777d17a8e8f4@group-1FA21D5FAFDD-SegmentedRaftLogWorker] INFO  segmented.SegmentedRaftLogWorker (SegmentedRaftLogWorker.java:run(327)) - fa45fd2a-a6ef-4106-9a44-777d17a8e8f4@group-1FA21D5FAFDD-SegmentedRaftLogWorker was interrupted, exiting. There are 0 tasks remaining in the queue.
2021-11-05 13:01:09,842 [grpc-default-executor-2] WARN  server.GrpcServerProtocolService (LogUtils.java:warn(122)) - f63fc592-5921-4d2a-8a56-22c1aba49965: installSnapshot onError, lastRequest: 04351296-bb31-4c39-8b7c-2fcea1114805->f63fc592-5921-4d2a-8a56-22c1aba49965#1-t2,previous=(t:0, i:0),leaderCommit=-1,initializing? true,entries: size=1, first=(t:2, i:0), CONFIGURATIONENTRY: org.apache.ratis.thirdparty.io.grpc.StatusRuntimeException: CANCELLED: client cancelled
2021-11-05 13:01:09,843 [grpc-default-executor-1] WARN  server.GrpcServerProtocolService (LogUtils.java:warn(122)) - f63fc592-5921-4d2a-8a56-22c1aba49965: installSnapshot onError, lastRequest: fae3de48-3e9f-4cc7-8f85-17bb385fc42a->f63fc592-5921-4d2a-8a56-22c1aba49965#1-t1,previous=(t:0, i:0),leaderCommit=-1,initializing? true,entries: size=1, first=(t:1, i:0), CONFIGURATIONENTRY: org.apache.ratis.thirdparty.io.grpc.StatusRuntimeException: CANCELLED: client cancelled
2021-11-05 13:01:09,844 [76ef4e66-eace-4a3b-a369-d2a815523a61@group-A5B183601584-LeaderElection116] INFO  impl.LeaderElection (LogUtils.java:infoOrTrace(137)) - 76ef4e66-eace-4a3b-a369-d2a815523a61@group-A5B183601584-LeaderElection116 got exception when requesting votes: java.util.concurrent.ExecutionException: org.apache.ratis.thirdparty.io.grpc.StatusRuntimeException: INTERNAL: fa45fd2a-a6ef-4106-9a44-777d17a8e8f4@group-A5B183601584 is not in [RUNNING]: current state is CLOSING
2021-11-05 13:01:09,844 [76ef4e66-eace-4a3b-a369-d2a815523a61@group-A5B183601584-LeaderElection116] INFO  impl.LeaderElection (LeaderElection.java:logAndReturn(89)) - 76ef4e66-eace-4a3b-a369-d2a815523a61@group-A5B183601584-LeaderElection116: ELECTION REJECTED received 1 response(s) and 1 exception(s):
2021-11-05 13:01:09,889 [76ef4e66-eace-4a3b-a369-d2a815523a61@group-A5B183601584-LeaderElection116] INFO  impl.LeaderElection (LeaderElection.java:logAndReturn(93)) -   Response 0: 76ef4e66-eace-4a3b-a369-d2a815523a61<-f0359a9b-bc21-4a61-b53d-8d2dd84c6fc1#0:FAIL-t1
2021-11-05 13:01:09,889 [76ef4e66-eace-4a3b-a369-d2a815523a61@group-A5B183601584-LeaderElection116] INFO  impl.LeaderElection (LogUtils.java:infoOrTrace(137)) -   Exception 1: java.util.concurrent.ExecutionException: org.apache.ratis.thirdparty.io.grpc.StatusRuntimeException: INTERNAL: fa45fd2a-a6ef-4106-9a44-777d17a8e8f4@group-A5B183601584 is not in [RUNNING]: current state is CLOSING
2021-11-05 13:01:09,889 [76ef4e66-eace-4a3b-a369-d2a815523a61@group-A5B183601584-LeaderElection116] INFO  impl.LeaderElection (LeaderElection.java:askForVotes(308)) - 76ef4e66-eace-4a3b-a369-d2a815523a61@group-A5B183601584-LeaderElection116 ELECTION round 0: result REJECTED
2021-11-05 13:01:09,889 [76ef4e66-eace-4a3b-a369-d2a815523a61@group-A5B183601584-LeaderElection116] INFO  server.RaftServer$Division (RaftServerImpl.java:setRole(290)) - 76ef4e66-eace-4a3b-a369-d2a815523a61@group-A5B183601584: changes role from CANDIDATE to FOLLOWER at term 1 for REJECTED
2021-11-05 13:01:09,889 [76ef4e66-eace-4a3b-a369-d2a815523a61@group-A5B183601584-LeaderElection116] INFO  impl.RoleInfo (RoleInfo.java:shutdownLeaderElection(121)) - 76ef4e66-eace-4a3b-a369-d2a815523a61: shutdown 76ef4e66-eace-4a3b-a369-d2a815523a61@group-A5B183601584-LeaderElection116
2021-11-05 13:01:09,889 [76ef4e66-eace-4a3b-a369-d2a815523a61@group-A5B183601584-LeaderElection116] INFO  impl.RoleInfo (RoleInfo.java:updateAndGet(130)) - 76ef4e66-eace-4a3b-a369-d2a815523a61: start 76ef4e66-eace-4a3b-a369-d2a815523a61@group-A5B183601584-FollowerState
2021-11-05 13:01:09,889 [grpc-default-executor-4] WARN  server.GrpcLogAppender (LogUtils.java:warn(122)) - fae3de48-3e9f-4cc7-8f85-17bb385fc42a@group-2717592FE90B->f63fc592-5921-4d2a-8a56-22c1aba49965-AppendLogResponseHandler: Failed appendEntries: org.apache.ratis.thirdparty.io.grpc.StatusRuntimeException: CANCELLED: HTTP/2 error code: CANCEL
Received Rst Stream
2021-11-05 13:01:09,889 [grpc-default-executor-4] WARN  server.GrpcLogAppender (GrpcLogAppender.java:resetClient(110)) - fae3de48-3e9f-4cc7-8f85-17bb385fc42a@group-2717592FE90B->f63fc592-5921-4d2a-8a56-22c1aba49965-GrpcLogAppender: Leader has not got in touch with Follower fae3de48-3e9f-4cc7-8f85-17bb385fc42a@group-2717592FE90B->f63fc592-5921-4d2a-8a56-22c1aba49965(c0,m0,n1, attendVote=true, lastRpcSendTime=0, lastRpcResponseTime=2515) yet, just keep nextIndex unchanged and retry.
2021-11-05 13:01:09,888 [grpc-default-executor-6] WARN  server.GrpcLogAppender (LogUtils.java:warn(122)) - 04351296-bb31-4c39-8b7c-2fcea1114805@group-321DBB24BC0F->f63fc592-5921-4d2a-8a56-22c1aba49965-AppendLogResponseHandler: Failed appendEntries: org.apache.ratis.thirdparty.io.grpc.StatusRuntimeException: CANCELLED: HTTP/2 error code: CANCEL
Received Rst Stream
2021-11-05 13:01:09,892 [grpc-default-executor-6] WARN  server.GrpcLogAppender (GrpcLogAppender.java:resetClient(110)) - 04351296-bb31-4c39-8b7c-2fcea1114805@group-321DBB24BC0F->f63fc592-5921-4d2a-8a56-22c1aba49965-GrpcLogAppender: Leader has not got in touch with Follower 04351296-bb31-4c39-8b7c-2fcea1114805@group-321DBB24BC0F->f63fc592-5921-4d2a-8a56-22c1aba49965(c0,m0,n1, attendVote=true, lastRpcSendTime=1967, lastRpcResponseTime=1945) yet, just keep nextIndex unchanged and retry.
2021-11-05 13:01:09,888 [ForkJoinPool.commonPool-worker-0] INFO  segmented.SegmentedRaftLogWorker (SegmentedRaftLogWorker.java:close(237)) - fa45fd2a-a6ef-4106-9a44-777d17a8e8f4@group-1FA21D5FAFDD-SegmentedRaftLogWorker close()
2021-11-05 13:01:09,892 [ForkJoinPool.commonPool-worker-0] INFO  server.GrpcService (GrpcService.java:closeImpl(262)) - fa45fd2a-a6ef-4106-9a44-777d17a8e8f4: shutdown server with port 43989 now
2021-11-05 13:01:09,848 [3ae4cb20-15ad-4779-a013-5b0fdc3aaee7@group-0869023E3DC0-LeaderElection117] INFO  impl.LeaderElection (LogUtils.java:infoOrTrace(137)) - 3ae4cb20-15ad-4779-a013-5b0fdc3aaee7@group-0869023E3DC0-LeaderElection117 got exception when requesting votes: java.util.concurrent.ExecutionException: org.apache.ratis.thirdparty.io.grpc.StatusRuntimeException: INTERNAL: fa45fd2a-a6ef-4106-9a44-777d17a8e8f4@group-0869023E3DC0 is not in [RUNNING]: current state is CLOSED
2021-11-05 13:01:09,893 [Listener at 127.0.0.1/42119] INFO  server.GrpcService (GrpcService.java:closeImpl(271)) - f63fc592-5921-4d2a-8a56-22c1aba49965: shutdown server with port 39383 successfully
2021-11-05 13:01:09,917 [org.apache.ratis.util.JvmPauseMonitor$$Lambda$531/328699815@5badbabc] INFO  util.JvmPauseMonitor (JvmPauseMonitor.java:run(109)) - JvmPauseMonitor-f63fc592-5921-4d2a-8a56-22c1aba49965: Stopped
2021-11-05 13:01:09,918 [3ae4cb20-15ad-4779-a013-5b0fdc3aaee7@group-0869023E3DC0-LeaderElection117] INFO  impl.LeaderElection (LeaderElection.java:logAndReturn(89)) - 3ae4cb20-15ad-4779-a013-5b0fdc3aaee7@group-0869023E3DC0-LeaderElection117: ELECTION PASSED received 1 response(s) and 1 exception(s):
2021-11-05 13:01:09,918 [3ae4cb20-15ad-4779-a013-5b0fdc3aaee7@group-0869023E3DC0-LeaderElection117] INFO  impl.LeaderElection (LeaderElection.java:logAndReturn(93)) -   Response 0: 3ae4cb20-15ad-4779-a013-5b0fdc3aaee7<-76ef4e66-eace-4a3b-a369-d2a815523a61#0:OK-t1
2021-11-05 13:01:09,918 [3ae4cb20-15ad-4779-a013-5b0fdc3aaee7@group-0869023E3DC0-LeaderElection117] INFO  impl.LeaderElection (LogUtils.java:infoOrTrace(137)) -   Exception 1: java.util.concurrent.ExecutionException: org.apache.ratis.thirdparty.io.grpc.StatusRuntimeException: INTERNAL: fa45fd2a-a6ef-4106-9a44-777d17a8e8f4@group-0869023E3DC0 is not in [RUNNING]: current state is CLOSED
2021-11-05 13:01:09,918 [3ae4cb20-15ad-4779-a013-5b0fdc3aaee7@group-0869023E3DC0-LeaderElection117] INFO  impl.LeaderElection (LeaderElection.java:askForVotes(308)) - 3ae4cb20-15ad-4779-a013-5b0fdc3aaee7@group-0869023E3DC0-LeaderElection117 ELECTION round 0: result PASSED
2021-11-05 13:01:09,918 [3ae4cb20-15ad-4779-a013-5b0fdc3aaee7@group-0869023E3DC0-LeaderElection117] INFO  impl.RoleInfo (RoleInfo.java:shutdownLeaderElection(121)) - 3ae4cb20-15ad-4779-a013-5b0fdc3aaee7: shutdown 3ae4cb20-15ad-4779-a013-5b0fdc3aaee7@group-0869023E3DC0-LeaderElection117
2021-11-05 13:01:09,918 [3ae4cb20-15ad-4779-a013-5b0fdc3aaee7@group-0869023E3DC0-LeaderElection117] INFO  server.RaftServer$Division (RaftServerImpl.java:setRole(290)) - 3ae4cb20-15ad-4779-a013-5b0fdc3aaee7@group-0869023E3DC0: changes role from CANDIDATE to LEADER at term 1 for changeToLeader
2021-11-05 13:01:09,918 [3ae4cb20-15ad-4779-a013-5b0fdc3aaee7@group-0869023E3DC0-LeaderElection117] INFO  ratis.XceiverServerRatis (XceiverServerRatis.java:handleLeaderChangedNotification(866)) - Leader change notification received for group: group-0869023E3DC0 with new leaderId: 3ae4cb20-15ad-4779-a013-5b0fdc3aaee7
2021-11-05 13:01:09,918 [3ae4cb20-15ad-4779-a013-5b0fdc3aaee7@group-0869023E3DC0-LeaderElection117] INFO  server.RaftServer$Division (ServerState.java:setLeader(285)) - 3ae4cb20-15ad-4779-a013-5b0fdc3aaee7@group-0869023E3DC0: change Leader from null to 3ae4cb20-15ad-4779-a013-5b0fdc3aaee7 at term 1 for becomeLeader, leader elected after 5368ms
2021-11-05 13:01:09,918 [3ae4cb20-15ad-4779-a013-5b0fdc3aaee7@group-0869023E3DC0-LeaderElection117] INFO  server.RaftServerConfigKeys (ConfUtils.java:logGet(44)) - raft.server.staging.catchup.gap = 1000 (default)
2021-11-05 13:01:09,918 [3ae4cb20-15ad-4779-a013-5b0fdc3aaee7@group-0869023E3DC0-LeaderElection117] INFO  server.RaftServerConfigKeys (ConfUtils.java:logGet(44)) - raft.server.write.element-limit = 1024 (custom)
2021-11-05 13:01:09,918 [3ae4cb20-15ad-4779-a013-5b0fdc3aaee7@group-0869023E3DC0-LeaderElection117] INFO  server.RaftServerConfigKeys (ConfUtils.java:logGet(44)) - raft.server.write.byte-limit = 1024 M (=1073741824) (custom)
2021-11-05 13:01:09,919 [3ae4cb20-15ad-4779-a013-5b0fdc3aaee7@group-0869023E3DC0-LeaderElection117] INFO  server.RaftServerConfigKeys (ConfUtils.java:logGet(44)) - raft.server.watch.timeout = 3000ms (custom)
2021-11-05 13:01:09,919 [3ae4cb20-15ad-4779-a013-5b0fdc3aaee7@group-0869023E3DC0-LeaderElection117] INFO  server.RaftServerConfigKeys (ConfUtils.java:logGet(44)) - raft.server.watch.timeout.denomination = 1s (default)
2021-11-05 13:01:09,919 [3ae4cb20-15ad-4779-a013-5b0fdc3aaee7@group-0869023E3DC0-LeaderElection117] INFO  server.RaftServerConfigKeys (ConfUtils.java:logGet(44)) - raft.server.watch.element-limit = 65536 (default)
2021-11-05 13:01:09,919 [3ae4cb20-15ad-4779-a013-5b0fdc3aaee7@group-0869023E3DC0-LeaderElection117] INFO  server.RaftServerConfigKeys (ConfUtils.java:logGet(44)) - raft.server.write.element-limit = 1024 (custom)
2021-11-05 13:01:09,919 [3ae4cb20-15ad-4779-a013-5b0fdc3aaee7@group-0869023E3DC0-LeaderElection117] INFO  server.RaftServerConfigKeys (ConfUtils.java:logGet(44)) - raft.server.write.follower.gap.ratio.max = -1.0 (default)
2021-11-05 13:01:09,919 [3ae4cb20-15ad-4779-a013-5b0fdc3aaee7@group-0869023E3DC0-LeaderElection117] INFO  server.RaftServerConfigKeys (ConfUtils.java:logGet(44)) - raft.server.log.appender.snapshot.chunk.size.max = 16MB (=16777216) (default)
2021-11-05 13:01:09,919 [3ae4cb20-15ad-4779-a013-5b0fdc3aaee7@group-0869023E3DC0-LeaderElection117] INFO  server.RaftServerConfigKeys (ConfUtils.java:logGet(44)) - raft.server.log.appender.buffer.byte-limit = 33554432 (custom)
2021-11-05 13:01:09,919 [3ae4cb20-15ad-4779-a013-5b0fdc3aaee7@group-0869023E3DC0-LeaderElection117] INFO  server.RaftServerConfigKeys (ConfUtils.java:logGet(44)) - raft.server.log.appender.buffer.element-limit = 1 (custom)
2021-11-05 13:01:09,919 [3ae4cb20-15ad-4779-a013-5b0fdc3aaee7@group-0869023E3DC0-LeaderElection117] INFO  grpc.GrpcConfigKeys (ConfUtils.java:logGet(44)) - raft.grpc.server.leader.outstanding.appends.max = 128 (default)
2021-11-05 13:01:09,919 [ForkJoinPool.commonPool-worker-0] INFO  server.GrpcService (GrpcService.java:closeImpl(271)) - fa45fd2a-a6ef-4106-9a44-777d17a8e8f4: shutdown server with port 43989 successfully
2021-11-05 13:01:09,919 [org.apache.ratis.util.JvmPauseMonitor$$Lambda$531/328699815@5a7efc83] INFO  util.JvmPauseMonitor (JvmPauseMonitor.java:run(109)) - JvmPauseMonitor-fa45fd2a-a6ef-4106-9a44-777d17a8e8f4: Stopped
2021-11-05 13:01:09,919 [3ae4cb20-15ad-4779-a013-5b0fdc3aaee7@group-0869023E3DC0-LeaderElection117] INFO  server.RaftServerConfigKeys (ConfUtils.java:logGet(44)) - raft.server.rpc.request.timeout = 3000ms (default)
2021-11-05 13:01:09,980 [3ae4cb20-15ad-4779-a013-5b0fdc3aaee7@group-0869023E3DC0-LeaderElection117] INFO  server.RaftServerConfigKeys (ConfUtils.java:logGet(44)) - raft.server.log.appender.install.snapshot.enabled = false (custom)
2021-11-05 13:01:09,981 [3ae4cb20-15ad-4779-a013-5b0fdc3aaee7@group-0869023E3DC0-LeaderElection117] INFO  server.RaftServerConfigKeys (ConfUtils.java:logGet(44)) - raft.server.log.appender.snapshot.chunk.size.max = 16MB (=16777216) (default)
2021-11-05 13:01:09,981 [3ae4cb20-15ad-4779-a013-5b0fdc3aaee7@group-0869023E3DC0-LeaderElection117] INFO  server.RaftServerConfigKeys (ConfUtils.java:logGet(44)) - raft.server.log.appender.buffer.byte-limit = 33554432 (custom)
2021-11-05 13:01:09,981 [3ae4cb20-15ad-4779-a013-5b0fdc3aaee7@group-0869023E3DC0-LeaderElection117] INFO  server.RaftServerConfigKeys (ConfUtils.java:logGet(44)) - raft.server.log.appender.buffer.element-limit = 1 (custom)
2021-11-05 13:01:09,981 [3ae4cb20-15ad-4779-a013-5b0fdc3aaee7@group-0869023E3DC0-LeaderElection117] INFO  grpc.GrpcConfigKeys (ConfUtils.java:logGet(44)) - raft.grpc.server.leader.outstanding.appends.max = 128 (default)
2021-11-05 13:01:09,981 [3ae4cb20-15ad-4779-a013-5b0fdc3aaee7@group-0869023E3DC0-LeaderElection117] INFO  server.RaftServerConfigKeys (ConfUtils.java:logGet(44)) - raft.server.rpc.request.timeout = 3000ms (default)
2021-11-05 13:01:09,981 [3ae4cb20-15ad-4779-a013-5b0fdc3aaee7@group-0869023E3DC0-LeaderElection117] INFO  server.RaftServerConfigKeys (ConfUtils.java:logGet(44)) - raft.server.log.appender.install.snapshot.enabled = false (custom)
2021-11-05 13:01:09,982 [3ae4cb20-15ad-4779-a013-5b0fdc3aaee7@group-0869023E3DC0-LeaderElection117] INFO  impl.RoleInfo (RoleInfo.java:updateAndGet(130)) - 3ae4cb20-15ad-4779-a013-5b0fdc3aaee7: start 3ae4cb20-15ad-4779-a013-5b0fdc3aaee7@group-0869023E3DC0-LeaderStateImpl
2021-11-05 13:01:09,983 [3ae4cb20-15ad-4779-a013-5b0fdc3aaee7@group-0869023E3DC0-LeaderElection117] INFO  segmented.SegmentedRaftLogWorker (SegmentedRaftLogWorker.java:startLogSegment(394)) - 3ae4cb20-15ad-4779-a013-5b0fdc3aaee7@group-0869023E3DC0-SegmentedRaftLogWorker: Starting segment from index:0
2021-11-05 13:01:09,970 [Listener at 127.0.0.1/42119] INFO  utils.BackgroundService (BackgroundService.java:shutdown(132)) - Shutting down service BlockDeletingService
2021-11-05 13:01:09,936 [ForkJoinPool.commonPool-worker-0] INFO  utils.BackgroundService (BackgroundService.java:shutdown(132)) - Shutting down service BlockDeletingService
2021-11-05 13:01:09,992 [3ae4cb20-15ad-4779-a013-5b0fdc3aaee7@group-0869023E3DC0-SegmentedRaftLogWorker] INFO  segmented.SegmentedRaftLogWorker (SegmentedRaftLogWorker.java:execute(601)) - 3ae4cb20-15ad-4779-a013-5b0fdc3aaee7@group-0869023E3DC0-SegmentedRaftLogWorker: created new log segment /home/runner/work/ozone/ozone/hadoop-ozone/integration-test/target/test-dir/MiniOzoneClusterImpl-bdf76210-3e21-404e-9e17-65b92aec9f1a/datanode-2/data/ratis/8c80d07e-7785-4892-a8be-0869023e3dc0/current/log_inprogress_0
2021-11-05 13:01:10,044 [3ae4cb20-15ad-4779-a013-5b0fdc3aaee7@group-0869023E3DC0-LeaderElection117] INFO  server.RaftServer$Division (ServerState.java:setRaftConf(387)) - 3ae4cb20-15ad-4779-a013-5b0fdc3aaee7@group-0869023E3DC0: set configuration 0: [76ef4e66-eace-4a3b-a369-d2a815523a61|rpc:10.1.0.23:41987|dataStream:|priority:0, fa45fd2a-a6ef-4106-9a44-777d17a8e8f4|rpc:10.1.0.23:43989|dataStream:|priority:0, 3ae4cb20-15ad-4779-a013-5b0fdc3aaee7|rpc:10.1.0.23:35115|dataStream:|priority:1], old=null
2021-11-05 13:01:10,061 [grpc-default-executor-6] WARN  server.GrpcLogAppender (LogUtils.java:warn(122)) - 3ae4cb20-15ad-4779-a013-5b0fdc3aaee7@group-0869023E3DC0->fa45fd2a-a6ef-4106-9a44-777d17a8e8f4-AppendLogResponseHandler: Failed appendEntries: org.apache.ratis.thirdparty.io.grpc.StatusRuntimeException: UNAVAILABLE: io exception
2021-11-05 13:01:10,062 [grpc-default-executor-6] WARN  server.GrpcLogAppender (GrpcLogAppender.java:resetClient(110)) - 3ae4cb20-15ad-4779-a013-5b0fdc3aaee7@group-0869023E3DC0->fa45fd2a-a6ef-4106-9a44-777d17a8e8f4-GrpcLogAppender: Leader has not got in touch with Follower 3ae4cb20-15ad-4779-a013-5b0fdc3aaee7@group-0869023E3DC0->fa45fd2a-a6ef-4106-9a44-777d17a8e8f4(c-1,m0,n0, attendVote=true, lastRpcSendTime=5342, lastRpcResponseTime=5342) yet, just keep nextIndex unchanged and retry.
2021-11-05 13:01:10,063 [grpc-default-executor-6] WARN  server.GrpcLogAppender (LogUtils.java:warn(122)) - 3ae4cb20-15ad-4779-a013-5b0fdc3aaee7@group-0869023E3DC0->fa45fd2a-a6ef-4106-9a44-777d17a8e8f4-AppendLogResponseHandler: Failed appendEntries: org.apache.ratis.thirdparty.io.grpc.StatusRuntimeException: UNAVAILABLE: io exception
2021-11-05 13:01:10,063 [grpc-default-executor-6] WARN  server.GrpcLogAppender (GrpcLogAppender.java:resetClient(110)) - 3ae4cb20-15ad-4779-a013-5b0fdc3aaee7@group-0869023E3DC0->fa45fd2a-a6ef-4106-9a44-777d17a8e8f4-GrpcLogAppender: Leader has not got in touch with Follower 3ae4cb20-15ad-4779-a013-5b0fdc3aaee7@group-0869023E3DC0->fa45fd2a-a6ef-4106-9a44-777d17a8e8f4(c-1,m0,n1, attendVote=true, lastRpcSendTime=0, lastRpcResponseTime=5344) yet, just keep nextIndex unchanged and retry.
2021-11-05 13:01:10,165 [grpc-default-executor-4] INFO  ratis.XceiverServerRatis (XceiverServerRatis.java:handleLeaderChangedNotification(866)) - Leader change notification received for group: group-0869023E3DC0 with new leaderId: 3ae4cb20-15ad-4779-a013-5b0fdc3aaee7
2021-11-05 13:01:10,165 [grpc-default-executor-4] INFO  server.RaftServer$Division (ServerState.java:setLeader(285)) - 76ef4e66-eace-4a3b-a369-d2a815523a61@group-0869023E3DC0: change Leader from null to 3ae4cb20-15ad-4779-a013-5b0fdc3aaee7 at term 1 for appendEntries, leader elected after 4886ms
2021-11-05 13:01:10,209 [grpc-default-executor-4] INFO  server.RaftServer$Division (ServerState.java:setRaftConf(387)) - 76ef4e66-eace-4a3b-a369-d2a815523a61@group-0869023E3DC0: set configuration 0: [76ef4e66-eace-4a3b-a369-d2a815523a61|rpc:10.1.0.23:41987|dataStream:|priority:0, fa45fd2a-a6ef-4106-9a44-777d17a8e8f4|rpc:10.1.0.23:43989|dataStream:|priority:0, 3ae4cb20-15ad-4779-a013-5b0fdc3aaee7|rpc:10.1.0.23:35115|dataStream:|priority:1], old=null
2021-11-05 13:01:10,216 [grpc-default-executor-4] INFO  segmented.SegmentedRaftLogWorker (SegmentedRaftLogWorker.java:startLogSegment(394)) - 76ef4e66-eace-4a3b-a369-d2a815523a61@group-0869023E3DC0-SegmentedRaftLogWorker: Starting segment from index:0
2021-11-05 13:01:10,220 [76ef4e66-eace-4a3b-a369-d2a815523a61@group-0869023E3DC0-SegmentedRaftLogWorker] INFO  segmented.SegmentedRaftLogWorker (SegmentedRaftLogWorker.java:execute(601)) - 76ef4e66-eace-4a3b-a369-d2a815523a61@group-0869023E3DC0-SegmentedRaftLogWorker: created new log segment /home/runner/work/ozone/ozone/hadoop-ozone/integration-test/target/test-dir/MiniOzoneClusterImpl-bdf76210-3e21-404e-9e17-65b92aec9f1a/datanode-0/data/ratis/8c80d07e-7785-4892-a8be-0869023e3dc0/current/log_inprogress_0
2021-11-05 13:01:10,434 [3ae4cb20-15ad-4779-a013-5b0fdc3aaee7@group-48CCFD0E3BB8-FollowerState] INFO  impl.FollowerState (FollowerState.java:run(134)) - 3ae4cb20-15ad-4779-a013-5b0fdc3aaee7@group-48CCFD0E3BB8-FollowerState: change to CANDIDATE, lastRpcElapsedTime:5195051108ns, electionTimeout:5194ms
2021-11-05 13:01:10,435 [3ae4cb20-15ad-4779-a013-5b0fdc3aaee7@group-48CCFD0E3BB8-FollowerState] INFO  impl.RoleInfo (RoleInfo.java:shutdownFollowerState(108)) - 3ae4cb20-15ad-4779-a013-5b0fdc3aaee7: shutdown 3ae4cb20-15ad-4779-a013-5b0fdc3aaee7@group-48CCFD0E3BB8-FollowerState
2021-11-05 13:01:10,435 [3ae4cb20-15ad-4779-a013-5b0fdc3aaee7@group-48CCFD0E3BB8-FollowerState] INFO  server.RaftServer$Division (RaftServerImpl.java:setRole(290)) - 3ae4cb20-15ad-4779-a013-5b0fdc3aaee7@group-48CCFD0E3BB8: changes role from  FOLLOWER to CANDIDATE at term 0 for changeToCandidate
2021-11-05 13:01:10,435 [3ae4cb20-15ad-4779-a013-5b0fdc3aaee7@group-48CCFD0E3BB8-FollowerState] INFO  server.RaftServerConfigKeys (ConfUtils.java:logGet(44)) - raft.server.leaderelection.pre-vote = false (custom)
2021-11-05 13:01:10,435 [3ae4cb20-15ad-4779-a013-5b0fdc3aaee7@group-48CCFD0E3BB8-FollowerState] INFO  impl.RoleInfo (RoleInfo.java:updateAndGet(130)) - 3ae4cb20-15ad-4779-a013-5b0fdc3aaee7: start 3ae4cb20-15ad-4779-a013-5b0fdc3aaee7@group-48CCFD0E3BB8-LeaderElection118
2021-11-05 13:01:10,461 [grpc-default-executor-6] WARN  server.GrpcLogAppender (LogUtils.java:warn(122)) - 04351296-bb31-4c39-8b7c-2fcea1114805@group-321DBB24BC0F->f63fc592-5921-4d2a-8a56-22c1aba49965-AppendLogResponseHandler: Failed appendEntries: org.apache.ratis.thirdparty.io.grpc.StatusRuntimeException: UNAVAILABLE: io exception
2021-11-05 13:01:10,461 [grpc-default-executor-6] WARN  server.GrpcLogAppender (GrpcLogAppender.java:resetClient(110)) - 04351296-bb31-4c39-8b7c-2fcea1114805@group-321DBB24BC0F->f63fc592-5921-4d2a-8a56-22c1aba49965-GrpcLogAppender: Leader has not got in touch with Follower 04351296-bb31-4c39-8b7c-2fcea1114805@group-321DBB24BC0F->f63fc592-5921-4d2a-8a56-22c1aba49965(c0,m0,n1, attendVote=true, lastRpcSendTime=1, lastRpcResponseTime=2515) yet, just keep nextIndex unchanged and retry.
2021-11-05 13:01:10,516 [f0359a9b-bc21-4a61-b53d-8d2dd84c6fc1@group-48CCFD0E3BB8-FollowerState] INFO  impl.FollowerState (FollowerState.java:run(134)) - f0359a9b-bc21-4a61-b53d-8d2dd84c6fc1@group-48CCFD0E3BB8-FollowerState: change to CANDIDATE, lastRpcElapsedTime:5172599972ns, electionTimeout:5164ms
2021-11-05 13:01:10,516 [f0359a9b-bc21-4a61-b53d-8d2dd84c6fc1@group-48CCFD0E3BB8-FollowerState] INFO  impl.RoleInfo (RoleInfo.java:shutdownFollowerState(108)) - f0359a9b-bc21-4a61-b53d-8d2dd84c6fc1: shutdown f0359a9b-bc21-4a61-b53d-8d2dd84c6fc1@group-48CCFD0E3BB8-FollowerState
2021-11-05 13:01:10,516 [f0359a9b-bc21-4a61-b53d-8d2dd84c6fc1@group-48CCFD0E3BB8-FollowerState] INFO  server.RaftServer$Division (RaftServerImpl.java:setRole(290)) - f0359a9b-bc21-4a61-b53d-8d2dd84c6fc1@group-48CCFD0E3BB8: changes role from  FOLLOWER to CANDIDATE at term 0 for changeToCandidate
2021-11-05 13:01:10,516 [f0359a9b-bc21-4a61-b53d-8d2dd84c6fc1@group-48CCFD0E3BB8-FollowerState] INFO  server.RaftServerConfigKeys (ConfUtils.java:logGet(44)) - raft.server.leaderelection.pre-vote = false (custom)
2021-11-05 13:01:10,516 [f0359a9b-bc21-4a61-b53d-8d2dd84c6fc1@group-48CCFD0E3BB8-FollowerState] INFO  impl.RoleInfo (RoleInfo.java:updateAndGet(130)) - f0359a9b-bc21-4a61-b53d-8d2dd84c6fc1: start f0359a9b-bc21-4a61-b53d-8d2dd84c6fc1@group-48CCFD0E3BB8-LeaderElection119
2021-11-05 13:01:10,605 [f0359a9b-bc21-4a61-b53d-8d2dd84c6fc1@group-48CCFD0E3BB8-LeaderElection119] INFO  impl.LeaderElection (LeaderElection.java:askForVotes(306)) - f0359a9b-bc21-4a61-b53d-8d2dd84c6fc1@group-48CCFD0E3BB8-LeaderElection119 ELECTION round 0: submit vote requests at term 1 for -1: [f0359a9b-bc21-4a61-b53d-8d2dd84c6fc1|rpc:10.1.0.23:44285|priority:0, fa45fd2a-a6ef-4106-9a44-777d17a8e8f4|rpc:10.1.0.23:43989|priority:1, 3ae4cb20-15ad-4779-a013-5b0fdc3aaee7|rpc:10.1.0.23:35115|priority:0], old=null
2021-11-05 13:01:10,606 [3ae4cb20-15ad-4779-a013-5b0fdc3aaee7@group-48CCFD0E3BB8-LeaderElection118] INFO  impl.LeaderElection (LeaderElection.java:askForVotes(306)) - 3ae4cb20-15ad-4779-a013-5b0fdc3aaee7@group-48CCFD0E3BB8-LeaderElection118 ELECTION round 0: submit vote requests at term 1 for -1: [f0359a9b-bc21-4a61-b53d-8d2dd84c6fc1|rpc:10.1.0.23:44285|priority:0, fa45fd2a-a6ef-4106-9a44-777d17a8e8f4|rpc:10.1.0.23:43989|priority:1, 3ae4cb20-15ad-4779-a013-5b0fdc3aaee7|rpc:10.1.0.23:35115|priority:0], old=null
2021-11-05 13:01:10,609 [f0359a9b-bc21-4a61-b53d-8d2dd84c6fc1@group-48CCFD0E3BB8-LeaderElection119] INFO  impl.LeaderElection (LogUtils.java:infoOrTrace(137)) - f0359a9b-bc21-4a61-b53d-8d2dd84c6fc1@group-48CCFD0E3BB8-LeaderElection119 got exception when requesting votes: java.util.concurrent.ExecutionException: org.apache.ratis.thirdparty.io.grpc.StatusRuntimeException: UNAVAILABLE: io exception
2021-11-05 13:01:10,646 [grpc-default-executor-6] INFO  server.RaftServer$Division (RaftServerImpl.java:requestVote(1046)) - 3ae4cb20-15ad-4779-a013-5b0fdc3aaee7@group-48CCFD0E3BB8: receive requestVote(ELECTION, f0359a9b-bc21-4a61-b53d-8d2dd84c6fc1, group-48CCFD0E3BB8, 1, (t:0, i:0))
2021-11-05 13:01:10,646 [grpc-default-executor-6] INFO  impl.VoteContext (VoteContext.java:log(48)) - 3ae4cb20-15ad-4779-a013-5b0fdc3aaee7@group-48CCFD0E3BB8-CANDIDATE: reject ELECTION from f0359a9b-bc21-4a61-b53d-8d2dd84c6fc1: already has voted for 3ae4cb20-15ad-4779-a013-5b0fdc3aaee7 at current term 1
2021-11-05 13:01:10,646 [grpc-default-executor-6] INFO  server.RaftServer$Division (RaftServerImpl.java:requestVote(1078)) - 3ae4cb20-15ad-4779-a013-5b0fdc3aaee7@group-48CCFD0E3BB8 replies to ELECTION vote request: f0359a9b-bc21-4a61-b53d-8d2dd84c6fc1<-3ae4cb20-15ad-4779-a013-5b0fdc3aaee7#0:FAIL-t1. Peer's state: 3ae4cb20-15ad-4779-a013-5b0fdc3aaee7@group-48CCFD0E3BB8:t1, leader=null, voted=3ae4cb20-15ad-4779-a013-5b0fdc3aaee7, raftlog=3ae4cb20-15ad-4779-a013-5b0fdc3aaee7@group-48CCFD0E3BB8-SegmentedRaftLog:OPENED:c-1, conf=-1: [f0359a9b-bc21-4a61-b53d-8d2dd84c6fc1|rpc:10.1.0.23:44285|priority:0, fa45fd2a-a6ef-4106-9a44-777d17a8e8f4|rpc:10.1.0.23:43989|priority:1, 3ae4cb20-15ad-4779-a013-5b0fdc3aaee7|rpc:10.1.0.23:35115|priority:0], old=null
2021-11-05 13:01:10,667 [f0359a9b-bc21-4a61-b53d-8d2dd84c6fc1@group-479BF459BC53-FollowerState] INFO  impl.FollowerState (FollowerState.java:run(134)) - f0359a9b-bc21-4a61-b53d-8d2dd84c6fc1@group-479BF459BC53-FollowerState: change to CANDIDATE, lastRpcElapsedTime:5077797437ns, electionTimeout:5067ms
2021-11-05 13:01:10,668 [f0359a9b-bc21-4a61-b53d-8d2dd84c6fc1@group-479BF459BC53-FollowerState] INFO  impl.RoleInfo (RoleInfo.java:shutdownFollowerState(108)) - f0359a9b-bc21-4a61-b53d-8d2dd84c6fc1: shutdown f0359a9b-bc21-4a61-b53d-8d2dd84c6fc1@group-479BF459BC53-FollowerState
2021-11-05 13:01:10,668 [f0359a9b-bc21-4a61-b53d-8d2dd84c6fc1@group-479BF459BC53-FollowerState] INFO  server.RaftServer$Division (RaftServerImpl.java:setRole(290)) - f0359a9b-bc21-4a61-b53d-8d2dd84c6fc1@group-479BF459BC53: changes role from  FOLLOWER to CANDIDATE at term 0 for changeToCandidate
2021-11-05 13:01:10,687 [grpc-default-executor-4] INFO  server.RaftServer$Division (RaftServerImpl.java:requestVote(1046)) - f0359a9b-bc21-4a61-b53d-8d2dd84c6fc1@group-48CCFD0E3BB8: receive requestVote(ELECTION, 3ae4cb20-15ad-4779-a013-5b0fdc3aaee7, group-48CCFD0E3BB8, 1, (t:0, i:0))
2021-11-05 13:01:10,687 [grpc-default-executor-4] INFO  impl.VoteContext (VoteContext.java:log(48)) - f0359a9b-bc21-4a61-b53d-8d2dd84c6fc1@group-48CCFD0E3BB8-CANDIDATE: reject ELECTION from 3ae4cb20-15ad-4779-a013-5b0fdc3aaee7: already has voted for f0359a9b-bc21-4a61-b53d-8d2dd84c6fc1 at current term 1
2021-11-05 13:01:10,687 [grpc-default-executor-4] INFO  server.RaftServer$Division (RaftServerImpl.java:requestVote(1078)) - f0359a9b-bc21-4a61-b53d-8d2dd84c6fc1@group-48CCFD0E3BB8 replies to ELECTION vote request: 3ae4cb20-15ad-4779-a013-5b0fdc3aaee7<-f0359a9b-bc21-4a61-b53d-8d2dd84c6fc1#0:FAIL-t1. Peer's state: f0359a9b-bc21-4a61-b53d-8d2dd84c6fc1@group-48CCFD0E3BB8:t1, leader=null, voted=f0359a9b-bc21-4a61-b53d-8d2dd84c6fc1, raftlog=f0359a9b-bc21-4a61-b53d-8d2dd84c6fc1@group-48CCFD0E3BB8-SegmentedRaftLog:OPENED:c-1, conf=-1: [f0359a9b-bc21-4a61-b53d-8d2dd84c6fc1|rpc:10.1.0.23:44285|priority:0, fa45fd2a-a6ef-4106-9a44-777d17a8e8f4|rpc:10.1.0.23:43989|priority:1, 3ae4cb20-15ad-4779-a013-5b0fdc3aaee7|rpc:10.1.0.23:35115|priority:0], old=null
2021-11-05 13:01:10,688 [f0359a9b-bc21-4a61-b53d-8d2dd84c6fc1@group-48CCFD0E3BB8-LeaderElection119] INFO  impl.LeaderElection (LeaderElection.java:logAndReturn(89)) - f0359a9b-bc21-4a61-b53d-8d2dd84c6fc1@group-48CCFD0E3BB8-LeaderElection119: ELECTION REJECTED received 1 response(s) and 1 exception(s):
2021-11-05 13:01:10,688 [f0359a9b-bc21-4a61-b53d-8d2dd84c6fc1@group-48CCFD0E3BB8-LeaderElection119] INFO  impl.LeaderElection (LeaderElection.java:logAndReturn(93)) -   Response 0: f0359a9b-bc21-4a61-b53d-8d2dd84c6fc1<-3ae4cb20-15ad-4779-a013-5b0fdc3aaee7#0:FAIL-t1
2021-11-05 13:01:10,688 [f0359a9b-bc21-4a61-b53d-8d2dd84c6fc1@group-48CCFD0E3BB8-LeaderElection119] INFO  impl.LeaderElection (LogUtils.java:infoOrTrace(137)) -   Exception 1: java.util.concurrent.ExecutionException: org.apache.ratis.thirdparty.io.grpc.StatusRuntimeException: UNAVAILABLE: io exception
2021-11-05 13:01:10,704 [f0359a9b-bc21-4a61-b53d-8d2dd84c6fc1@group-479BF459BC53-FollowerState] INFO  server.RaftServerConfigKeys (ConfUtils.java:logGet(44)) - raft.server.leaderelection.pre-vote = false (custom)
2021-11-05 13:01:10,704 [f0359a9b-bc21-4a61-b53d-8d2dd84c6fc1@group-479BF459BC53-FollowerState] INFO  impl.RoleInfo (RoleInfo.java:updateAndGet(130)) - f0359a9b-bc21-4a61-b53d-8d2dd84c6fc1: start f0359a9b-bc21-4a61-b53d-8d2dd84c6fc1@group-479BF459BC53-LeaderElection120
2021-11-05 13:01:10,751 [f0359a9b-bc21-4a61-b53d-8d2dd84c6fc1@group-48CCFD0E3BB8-LeaderElection119] INFO  impl.LeaderElection (LeaderElection.java:askForVotes(308)) - f0359a9b-bc21-4a61-b53d-8d2dd84c6fc1@group-48CCFD0E3BB8-LeaderElection119 ELECTION round 0: result REJECTED
2021-11-05 13:01:10,751 [f0359a9b-bc21-4a61-b53d-8d2dd84c6fc1@group-48CCFD0E3BB8-LeaderElection119] INFO  server.RaftServer$Division (RaftServerImpl.java:setRole(290)) - f0359a9b-bc21-4a61-b53d-8d2dd84c6fc1@group-48CCFD0E3BB8: changes role from CANDIDATE to FOLLOWER at term 1 for REJECTED
2021-11-05 13:01:10,751 [f0359a9b-bc21-4a61-b53d-8d2dd84c6fc1@group-48CCFD0E3BB8-LeaderElection119] INFO  impl.RoleInfo (RoleInfo.java:shutdownLeaderElection(121)) - f0359a9b-bc21-4a61-b53d-8d2dd84c6fc1: shutdown f0359a9b-bc21-4a61-b53d-8d2dd84c6fc1@group-48CCFD0E3BB8-LeaderElection119
2021-11-05 13:01:10,751 [f0359a9b-bc21-4a61-b53d-8d2dd84c6fc1@group-48CCFD0E3BB8-LeaderElection119] INFO  impl.RoleInfo (RoleInfo.java:updateAndGet(130)) - f0359a9b-bc21-4a61-b53d-8d2dd84c6fc1: start f0359a9b-bc21-4a61-b53d-8d2dd84c6fc1@group-48CCFD0E3BB8-FollowerState
2021-11-05 13:01:10,751 [3ae4cb20-15ad-4779-a013-5b0fdc3aaee7@group-48CCFD0E3BB8-LeaderElection118] INFO  impl.LeaderElection (LogUtils.java:infoOrTrace(137)) - 3ae4cb20-15ad-4779-a013-5b0fdc3aaee7@group-48CCFD0E3BB8-LeaderElection118 got exception when requesting votes: java.util.concurrent.ExecutionException: org.apache.ratis.thirdparty.io.grpc.StatusRuntimeException: UNAVAILABLE: io exception
2021-11-05 13:01:10,751 [3ae4cb20-15ad-4779-a013-5b0fdc3aaee7@group-48CCFD0E3BB8-LeaderElection118] INFO  impl.LeaderElection (LeaderElection.java:logAndReturn(89)) - 3ae4cb20-15ad-4779-a013-5b0fdc3aaee7@group-48CCFD0E3BB8-LeaderElection118: ELECTION REJECTED received 1 response(s) and 1 exception(s):
2021-11-05 13:01:10,751 [3ae4cb20-15ad-4779-a013-5b0fdc3aaee7@group-48CCFD0E3BB8-LeaderElection118] INFO  impl.LeaderElection (LeaderElection.java:logAndReturn(93)) -   Response 0: 3ae4cb20-15ad-4779-a013-5b0fdc3aaee7<-f0359a9b-bc21-4a61-b53d-8d2dd84c6fc1#0:FAIL-t1
2021-11-05 13:01:10,751 [3ae4cb20-15ad-4779-a013-5b0fdc3aaee7@group-48CCFD0E3BB8-LeaderElection118] INFO  impl.LeaderElection (LogUtils.java:infoOrTrace(137)) -   Exception 1: java.util.concurrent.ExecutionException: org.apache.ratis.thirdparty.io.grpc.StatusRuntimeException: UNAVAILABLE: io exception
2021-11-05 13:01:10,766 [3ae4cb20-15ad-4779-a013-5b0fdc3aaee7@group-48CCFD0E3BB8-LeaderElection118] INFO  impl.LeaderElection (LeaderElection.java:askForVotes(308)) - 3ae4cb20-15ad-4779-a013-5b0fdc3aaee7@group-48CCFD0E3BB8-LeaderElection118 ELECTION round 0: result REJECTED
2021-11-05 13:01:10,766 [3ae4cb20-15ad-4779-a013-5b0fdc3aaee7@group-48CCFD0E3BB8-LeaderElection118] INFO  server.RaftServer$Division (RaftServerImpl.java:setRole(290)) - 3ae4cb20-15ad-4779-a013-5b0fdc3aaee7@group-48CCFD0E3BB8: changes role from CANDIDATE to FOLLOWER at term 1 for REJECTED
2021-11-05 13:01:10,766 [3ae4cb20-15ad-4779-a013-5b0fdc3aaee7@group-48CCFD0E3BB8-LeaderElection118] INFO  impl.RoleInfo (RoleInfo.java:shutdownLeaderElection(121)) - 3ae4cb20-15ad-4779-a013-5b0fdc3aaee7: shutdown 3ae4cb20-15ad-4779-a013-5b0fdc3aaee7@group-48CCFD0E3BB8-LeaderElection118
2021-11-05 13:01:10,766 [3ae4cb20-15ad-4779-a013-5b0fdc3aaee7@group-48CCFD0E3BB8-LeaderElection118] INFO  impl.RoleInfo (RoleInfo.java:updateAndGet(130)) - 3ae4cb20-15ad-4779-a013-5b0fdc3aaee7: start 3ae4cb20-15ad-4779-a013-5b0fdc3aaee7@group-48CCFD0E3BB8-FollowerState
2021-11-05 13:01:10,792 [f0359a9b-bc21-4a61-b53d-8d2dd84c6fc1@group-479BF459BC53-LeaderElection120] INFO  impl.LeaderElection (LeaderElection.java:askForVotes(306)) - f0359a9b-bc21-4a61-b53d-8d2dd84c6fc1@group-479BF459BC53-LeaderElection120 ELECTION round 0: submit vote requests at term 1 for -1: [f0359a9b-bc21-4a61-b53d-8d2dd84c6fc1|rpc:10.1.0.23:44285|priority:0, 76ef4e66-eace-4a3b-a369-d2a815523a61|rpc:10.1.0.23:41987|priority:1, 3ae4cb20-15ad-4779-a013-5b0fdc3aaee7|rpc:10.1.0.23:35115|priority:0], old=null
2021-11-05 13:01:10,818 [3ae4cb20-15ad-4779-a013-5b0fdc3aaee7@group-479BF459BC53-FollowerState] INFO  impl.FollowerState (FollowerState.java:run(134)) - 3ae4cb20-15ad-4779-a013-5b0fdc3aaee7@group-479BF459BC53-FollowerState: change to CANDIDATE, lastRpcElapsedTime:5139034086ns, electionTimeout:5135ms
2021-11-05 13:01:10,818 [3ae4cb20-15ad-4779-a013-5b0fdc3aaee7@group-479BF459BC53-FollowerState] INFO  impl.RoleInfo (RoleInfo.java:shutdownFollowerState(108)) - 3ae4cb20-15ad-4779-a013-5b0fdc3aaee7: shutdown 3ae4cb20-15ad-4779-a013-5b0fdc3aaee7@group-479BF459BC53-FollowerState
2021-11-05 13:01:10,818 [3ae4cb20-15ad-4779-a013-5b0fdc3aaee7@group-479BF459BC53-FollowerState] INFO  server.RaftServer$Division (RaftServerImpl.java:setRole(290)) - 3ae4cb20-15ad-4779-a013-5b0fdc3aaee7@group-479BF459BC53: changes role from  FOLLOWER to CANDIDATE at term 0 for changeToCandidate
2021-11-05 13:01:10,828 [3ae4cb20-15ad-4779-a013-5b0fdc3aaee7@group-479BF459BC53-FollowerState] INFO  server.RaftServerConfigKeys (ConfUtils.java:logGet(44)) - raft.server.leaderelection.pre-vote = false (custom)
2021-11-05 13:01:10,828 [3ae4cb20-15ad-4779-a013-5b0fdc3aaee7@group-479BF459BC53-FollowerState] INFO  impl.RoleInfo (RoleInfo.java:updateAndGet(130)) - 3ae4cb20-15ad-4779-a013-5b0fdc3aaee7: start 3ae4cb20-15ad-4779-a013-5b0fdc3aaee7@group-479BF459BC53-LeaderElection121
2021-11-05 13:01:10,834 [grpc-default-executor-6] INFO  server.RaftServer$Division (RaftServerImpl.java:requestVote(1046)) - 76ef4e66-eace-4a3b-a369-d2a815523a61@group-479BF459BC53: receive requestVote(ELECTION, f0359a9b-bc21-4a61-b53d-8d2dd84c6fc1, group-479BF459BC53, 1, (t:0, i:0))
2021-11-05 13:01:10,834 [grpc-default-executor-6] INFO  impl.VoteContext (VoteContext.java:log(48)) - 76ef4e66-eace-4a3b-a369-d2a815523a61@group-479BF459BC53-FOLLOWER: reject ELECTION from f0359a9b-bc21-4a61-b53d-8d2dd84c6fc1: our priority 1 > candidate's priority 0
2021-11-05 13:01:10,834 [grpc-default-executor-6] INFO  server.RaftServer$Division (RaftServerImpl.java:setRole(290)) - 76ef4e66-eace-4a3b-a369-d2a815523a61@group-479BF459BC53: changes role from  FOLLOWER to FOLLOWER at term 1 for candidate:f0359a9b-bc21-4a61-b53d-8d2dd84c6fc1
2021-11-05 13:01:10,834 [grpc-default-executor-6] INFO  impl.RoleInfo (RoleInfo.java:shutdownFollowerState(108)) - 76ef4e66-eace-4a3b-a369-d2a815523a61: shutdown 76ef4e66-eace-4a3b-a369-d2a815523a61@group-479BF459BC53-FollowerState
2021-11-05 13:01:10,841 [grpc-default-executor-4] INFO  server.RaftServer$Division (RaftServerImpl.java:requestVote(1046)) - 3ae4cb20-15ad-4779-a013-5b0fdc3aaee7@group-479BF459BC53: receive requestVote(ELECTION, f0359a9b-bc21-4a61-b53d-8d2dd84c6fc1, group-479BF459BC53, 1, (t:0, i:0))
2021-11-05 13:01:10,859 [76ef4e66-eace-4a3b-a369-d2a815523a61@group-479BF459BC53-FollowerState] INFO  impl.FollowerState (FollowerState.java:run(143)) - 76ef4e66-eace-4a3b-a369-d2a815523a61@group-479BF459BC53-FollowerState was interrupted: {}
java.lang.InterruptedException: sleep interrupted
	at java.lang.Thread.sleep(Native Method)
	at java.lang.Thread.sleep(Thread.java:340)
	at java.util.concurrent.TimeUnit.sleep(TimeUnit.java:386)
	at org.apache.ratis.util.TimeDuration.sleep(TimeDuration.java:324)
	at org.apache.ratis.util.TimeDuration.sleep(TimeDuration.java:309)
	at org.apache.ratis.server.impl.FollowerState.run(FollowerState.java:118)
2021-11-05 13:01:10,859 [grpc-default-executor-4] INFO  impl.VoteContext (VoteContext.java:log(48)) - 3ae4cb20-15ad-4779-a013-5b0fdc3aaee7@group-479BF459BC53-CANDIDATE: accept ELECTION from f0359a9b-bc21-4a61-b53d-8d2dd84c6fc1: our priority 0 <= candidate's priority 0
2021-11-05 13:01:10,860 [grpc-default-executor-4] INFO  server.RaftServer$Division (RaftServerImpl.java:setRole(290)) - 3ae4cb20-15ad-4779-a013-5b0fdc3aaee7@group-479BF459BC53: changes role from CANDIDATE to FOLLOWER at term 1 for candidate:f0359a9b-bc21-4a61-b53d-8d2dd84c6fc1
2021-11-05 13:01:10,860 [grpc-default-executor-4] INFO  impl.RoleInfo (RoleInfo.java:shutdownLeaderElection(121)) - 3ae4cb20-15ad-4779-a013-5b0fdc3aaee7: shutdown 3ae4cb20-15ad-4779-a013-5b0fdc3aaee7@group-479BF459BC53-LeaderElection121
2021-11-05 13:01:10,860 [grpc-default-executor-4] INFO  impl.RoleInfo (RoleInfo.java:updateAndGet(130)) - 3ae4cb20-15ad-4779-a013-5b0fdc3aaee7: start 3ae4cb20-15ad-4779-a013-5b0fdc3aaee7@group-479BF459BC53-FollowerState
2021-11-05 13:01:10,859 [grpc-default-executor-6] INFO  impl.RoleInfo (RoleInfo.java:updateAndGet(130)) - 76ef4e66-eace-4a3b-a369-d2a815523a61: start 76ef4e66-eace-4a3b-a369-d2a815523a61@group-479BF459BC53-FollowerState
2021-11-05 13:01:10,864 [grpc-default-executor-4] INFO  server.RaftServer$Division (RaftServerImpl.java:requestVote(1078)) - 3ae4cb20-15ad-4779-a013-5b0fdc3aaee7@group-479BF459BC53 replies to ELECTION vote request: f0359a9b-bc21-4a61-b53d-8d2dd84c6fc1<-3ae4cb20-15ad-4779-a013-5b0fdc3aaee7#0:OK-t1. Peer's state: 3ae4cb20-15ad-4779-a013-5b0fdc3aaee7@group-479BF459BC53:t1, leader=null, voted=f0359a9b-bc21-4a61-b53d-8d2dd84c6fc1, raftlog=3ae4cb20-15ad-4779-a013-5b0fdc3aaee7@group-479BF459BC53-SegmentedRaftLog:OPENED:c-1, conf=-1: [f0359a9b-bc21-4a61-b53d-8d2dd84c6fc1|rpc:10.1.0.23:44285|priority:0, 76ef4e66-eace-4a3b-a369-d2a815523a61|rpc:10.1.0.23:41987|priority:1, 3ae4cb20-15ad-4779-a013-5b0fdc3aaee7|rpc:10.1.0.23:35115|priority:0], old=null
2021-11-05 13:01:10,934 [grpc-default-executor-6] INFO  server.RaftServer$Division (RaftServerImpl.java:requestVote(1078)) - 76ef4e66-eace-4a3b-a369-d2a815523a61@group-479BF459BC53 replies to ELECTION vote request: f0359a9b-bc21-4a61-b53d-8d2dd84c6fc1<-76ef4e66-eace-4a3b-a369-d2a815523a61#0:FAIL-t1. Peer's state: 76ef4e66-eace-4a3b-a369-d2a815523a61@group-479BF459BC53:t1, leader=null, voted=null, raftlog=76ef4e66-eace-4a3b-a369-d2a815523a61@group-479BF459BC53-SegmentedRaftLog:OPENED:c-1, conf=-1: [f0359a9b-bc21-4a61-b53d-8d2dd84c6fc1|rpc:10.1.0.23:44285|priority:0, 76ef4e66-eace-4a3b-a369-d2a815523a61|rpc:10.1.0.23:41987|priority:1, 3ae4cb20-15ad-4779-a013-5b0fdc3aaee7|rpc:10.1.0.23:35115|priority:0], old=null
2021-11-05 13:01:10,935 [f0359a9b-bc21-4a61-b53d-8d2dd84c6fc1@group-479BF459BC53-LeaderElection120] INFO  impl.LeaderElection (LeaderElection.java:logAndReturn(89)) - f0359a9b-bc21-4a61-b53d-8d2dd84c6fc1@group-479BF459BC53-LeaderElection120: ELECTION REJECTED received 2 response(s) and 0 exception(s):
2021-11-05 13:01:10,935 [f0359a9b-bc21-4a61-b53d-8d2dd84c6fc1@group-479BF459BC53-LeaderElection120] INFO  impl.LeaderElection (LeaderElection.java:logAndReturn(93)) -   Response 0: f0359a9b-bc21-4a61-b53d-8d2dd84c6fc1<-76ef4e66-eace-4a3b-a369-d2a815523a61#0:FAIL-t1
2021-11-05 13:01:10,935 [f0359a9b-bc21-4a61-b53d-8d2dd84c6fc1@group-479BF459BC53-LeaderElection120] INFO  impl.LeaderElection (LeaderElection.java:logAndReturn(93)) -   Response 1: f0359a9b-bc21-4a61-b53d-8d2dd84c6fc1<-3ae4cb20-15ad-4779-a013-5b0fdc3aaee7#0:OK-t1
2021-11-05 13:01:10,935 [f0359a9b-bc21-4a61-b53d-8d2dd84c6fc1@group-479BF459BC53-LeaderElection120] INFO  impl.LeaderElection (LeaderElection.java:askForVotes(308)) - f0359a9b-bc21-4a61-b53d-8d2dd84c6fc1@group-479BF459BC53-LeaderElection120 ELECTION round 0: result REJECTED
2021-11-05 13:01:10,935 [f0359a9b-bc21-4a61-b53d-8d2dd84c6fc1@group-479BF459BC53-LeaderElection120] INFO  server.RaftServer$Division (RaftServerImpl.java:setRole(290)) - f0359a9b-bc21-4a61-b53d-8d2dd84c6fc1@group-479BF459BC53: changes role from CANDIDATE to FOLLOWER at term 1 for REJECTED
2021-11-05 13:01:10,935 [f0359a9b-bc21-4a61-b53d-8d2dd84c6fc1@group-479BF459BC53-LeaderElection120] INFO  impl.RoleInfo (RoleInfo.java:shutdownLeaderElection(121)) - f0359a9b-bc21-4a61-b53d-8d2dd84c6fc1: shutdown f0359a9b-bc21-4a61-b53d-8d2dd84c6fc1@group-479BF459BC53-LeaderElection120
2021-11-05 13:01:10,935 [f0359a9b-bc21-4a61-b53d-8d2dd84c6fc1@group-479BF459BC53-LeaderElection120] INFO  impl.RoleInfo (RoleInfo.java:updateAndGet(130)) - f0359a9b-bc21-4a61-b53d-8d2dd84c6fc1: start f0359a9b-bc21-4a61-b53d-8d2dd84c6fc1@group-479BF459BC53-FollowerState
2021-11-05 13:01:12,403 [grpc-default-executor-6] WARN  server.GrpcLogAppender (LogUtils.java:warn(122)) - fae3de48-3e9f-4cc7-8f85-17bb385fc42a@group-2717592FE90B->f63fc592-5921-4d2a-8a56-22c1aba49965-AppendLogResponseHandler: Failed appendEntries: org.apache.ratis.thirdparty.io.grpc.StatusRuntimeException: UNAVAILABLE: io exception
2021-11-05 13:01:12,411 [grpc-default-executor-6] WARN  server.GrpcLogAppender (GrpcLogAppender.java:resetClient(110)) - fae3de48-3e9f-4cc7-8f85-17bb385fc42a@group-2717592FE90B->f63fc592-5921-4d2a-8a56-22c1aba49965-GrpcLogAppender: Leader has not got in touch with Follower fae3de48-3e9f-4cc7-8f85-17bb385fc42a@group-2717592FE90B->f63fc592-5921-4d2a-8a56-22c1aba49965(c0,m0,n1, attendVote=true, lastRpcSendTime=2521, lastRpcResponseTime=5036) yet, just keep nextIndex unchanged and retry.
2021-11-05 13:01:12,569 [grpc-default-executor-6] WARN  server.GrpcLogAppender (LogUtils.java:warn(122)) - 3ae4cb20-15ad-4779-a013-5b0fdc3aaee7@group-0869023E3DC0->fa45fd2a-a6ef-4106-9a44-777d17a8e8f4-AppendLogResponseHandler: Failed appendEntries: org.apache.ratis.thirdparty.io.grpc.StatusRuntimeException: UNAVAILABLE: io exception
2021-11-05 13:01:12,569 [grpc-default-executor-6] WARN  server.GrpcLogAppender (GrpcLogAppender.java:resetClient(110)) - 3ae4cb20-15ad-4779-a013-5b0fdc3aaee7@group-0869023E3DC0->fa45fd2a-a6ef-4106-9a44-777d17a8e8f4-GrpcLogAppender: Leader has not got in touch with Follower 3ae4cb20-15ad-4779-a013-5b0fdc3aaee7@group-0869023E3DC0->fa45fd2a-a6ef-4106-9a44-777d17a8e8f4(c-1,m0,n1, attendVote=true, lastRpcSendTime=0, lastRpcResponseTime=7850) yet, just keep nextIndex unchanged and retry.
2021-11-05 13:01:12,976 [grpc-default-executor-6] WARN  server.GrpcLogAppender (LogUtils.java:warn(122)) - 04351296-bb31-4c39-8b7c-2fcea1114805@group-321DBB24BC0F->f63fc592-5921-4d2a-8a56-22c1aba49965-AppendLogResponseHandler: Failed appendEntries: org.apache.ratis.thirdparty.io.grpc.StatusRuntimeException: UNAVAILABLE: io exception
2021-11-05 13:01:12,976 [grpc-default-executor-6] WARN  server.GrpcLogAppender (GrpcLogAppender.java:resetClient(110)) - 04351296-bb31-4c39-8b7c-2fcea1114805@group-321DBB24BC0F->f63fc592-5921-4d2a-8a56-22c1aba49965-GrpcLogAppender: Leader has not got in touch with Follower 04351296-bb31-4c39-8b7c-2fcea1114805@group-321DBB24BC0F->f63fc592-5921-4d2a-8a56-22c1aba49965(c0,m0,n1, attendVote=true, lastRpcSendTime=2516, lastRpcResponseTime=5030) yet, just keep nextIndex unchanged and retry.
2021-11-05 13:01:13,036 [Listener at 127.0.0.1/42119] INFO  statemachine.DatanodeStateMachine (DatanodeStateMachine.java:stopDaemon(526)) - Ozone container server stopped.
2021-11-05 13:01:13,037 [Listener at 127.0.0.1/42119] INFO  handler.ContextHandler (ContextHandler.java:doStop(1153)) - Stopped o.e.j.w.WebAppContext@659ca0c0{hddsDatanode,/,null,STOPPED}{jar:file:/home/runner/.m2/repository/org/apache/ozone/hdds-container-service/1.2.0-SNAPSHOT/hdds-container-service-1.2.0-SNAPSHOT.jar!/webapps/hddsDatanode}
2021-11-05 13:01:13,037 [Listener at 127.0.0.1/42119] INFO  server.AbstractConnector (AbstractConnector.java:doStop(381)) - Stopped ServerConnector@d5a9a89{HTTP/1.1, (http/1.1)}{0.0.0.0:0}
2021-11-05 13:01:13,037 [Listener at 127.0.0.1/42119] INFO  server.session (HouseKeeper.java:stopScavenging(149)) - node0 Stopped scavenging
2021-11-05 13:01:13,037 [Listener at 127.0.0.1/42119] INFO  handler.ContextHandler (ContextHandler.java:doStop(1153)) - Stopped o.e.j.s.ServletContextHandler@6a21541f{static,/static,jar:file:/home/runner/.m2/repository/org/apache/ozone/hdds-container-service/1.2.0-SNAPSHOT/hdds-container-service-1.2.0-SNAPSHOT.jar!/webapps/static,STOPPED}
2021-11-05 13:01:13,038 [Listener at 127.0.0.1/42119] INFO  handler.ContextHandler (ContextHandler.java:doStop(1153)) - Stopped o.e.j.s.ServletContextHandler@51b71e4e{logs,/logs,file:///home/runner/work/ozone/ozone/hadoop-ozone/integration-test/target/log,STOPPED}
2021-11-05 13:01:13,067 [ForkJoinPool.commonPool-worker-0] INFO  statemachine.DatanodeStateMachine (DatanodeStateMachine.java:stopDaemon(526)) - Ozone container server stopped.
2021-11-05 13:01:13,104 [04351296-bb31-4c39-8b7c-2fcea1114805@group-30A45C208CA2-FollowerState] INFO  impl.FollowerState (FollowerState.java:run(134)) - 04351296-bb31-4c39-8b7c-2fcea1114805@group-30A45C208CA2-FollowerState: change to CANDIDATE, lastRpcElapsedTime:5483879538ns, electionTimeout:5197ms
2021-11-05 13:01:13,104 [04351296-bb31-4c39-8b7c-2fcea1114805@group-30A45C208CA2-FollowerState] INFO  impl.RoleInfo (RoleInfo.java:shutdownFollowerState(108)) - 04351296-bb31-4c39-8b7c-2fcea1114805: shutdown 04351296-bb31-4c39-8b7c-2fcea1114805@group-30A45C208CA2-FollowerState
2021-11-05 13:01:13,104 [04351296-bb31-4c39-8b7c-2fcea1114805@group-30A45C208CA2-FollowerState] INFO  server.RaftServer$Division (RaftServerImpl.java:setRole(290)) - 04351296-bb31-4c39-8b7c-2fcea1114805@group-30A45C208CA2: changes role from  FOLLOWER to CANDIDATE at term 3 for changeToCandidate
2021-11-05 13:01:13,104 [04351296-bb31-4c39-8b7c-2fcea1114805@group-30A45C208CA2-FollowerState] INFO  server.RaftServerConfigKeys (ConfUtils.java:logGet(44)) - raft.server.leaderelection.pre-vote = false (custom)
2021-11-05 13:01:13,104 [04351296-bb31-4c39-8b7c-2fcea1114805@group-30A45C208CA2-FollowerState] INFO  impl.RoleInfo (RoleInfo.java:updateAndGet(130)) - 04351296-bb31-4c39-8b7c-2fcea1114805: start 04351296-bb31-4c39-8b7c-2fcea1114805@group-30A45C208CA2-LeaderElection122
2021-11-05 13:01:13,112 [04351296-bb31-4c39-8b7c-2fcea1114805@group-30A45C208CA2-LeaderElection122] INFO  server.RaftServer$Division (ServerState.java:setLeader(285)) - 04351296-bb31-4c39-8b7c-2fcea1114805@group-30A45C208CA2: change Leader from f63fc592-5921-4d2a-8a56-22c1aba49965 to null at term 3 for ELECTION
2021-11-05 13:01:13,188 [04351296-bb31-4c39-8b7c-2fcea1114805@group-30A45C208CA2-LeaderElection122] INFO  impl.LeaderElection (LeaderElection.java:askForVotes(306)) - 04351296-bb31-4c39-8b7c-2fcea1114805@group-30A45C208CA2-LeaderElection122 ELECTION round 0: submit vote requests at term 4 for 0: [fae3de48-3e9f-4cc7-8f85-17bb385fc42a|rpc:10.1.0.23:41205|dataStream:|priority:0, 04351296-bb31-4c39-8b7c-2fcea1114805|rpc:10.1.0.23:43337|dataStream:|priority:0, f63fc592-5921-4d2a-8a56-22c1aba49965|rpc:10.1.0.23:39383|dataStream:|priority:1], old=null
2021-11-05 13:01:13,205 [ForkJoinPool.commonPool-worker-0] INFO  handler.ContextHandler (ContextHandler.java:doStop(1153)) - Stopped o.e.j.w.WebAppContext@371258e7{hddsDatanode,/,null,STOPPED}{jar:file:/home/runner/.m2/repository/org/apache/ozone/hdds-container-service/1.2.0-SNAPSHOT/hdds-container-service-1.2.0-SNAPSHOT.jar!/webapps/hddsDatanode}
2021-11-05 13:01:13,216 [ForkJoinPool.commonPool-worker-0] INFO  server.AbstractConnector (AbstractConnector.java:doStop(381)) - Stopped ServerConnector@56b8511c{HTTP/1.1, (http/1.1)}{0.0.0.0:0}
2021-11-05 13:01:13,216 [ForkJoinPool.commonPool-worker-0] INFO  server.session (HouseKeeper.java:stopScavenging(149)) - node0 Stopped scavenging
2021-11-05 13:01:13,265 [04351296-bb31-4c39-8b7c-2fcea1114805@group-30A45C208CA2-LeaderElection122] INFO  impl.LeaderElection (LogUtils.java:infoOrTrace(137)) - 04351296-bb31-4c39-8b7c-2fcea1114805@group-30A45C208CA2-LeaderElection122 got exception when requesting votes: java.util.concurrent.ExecutionException: org.apache.ratis.thirdparty.io.grpc.StatusRuntimeException: UNAVAILABLE: io exception
2021-11-05 13:01:13,265 [ForkJoinPool.commonPool-worker-0] INFO  handler.ContextHandler (ContextHandler.java:doStop(1153)) - Stopped o.e.j.s.ServletContextHandler@38c0dfaa{static,/static,jar:file:/home/runner/.m2/repository/org/apache/ozone/hdds-container-service/1.2.0-SNAPSHOT/hdds-container-service-1.2.0-SNAPSHOT.jar!/webapps/static,STOPPED}
2021-11-05 13:01:13,266 [ForkJoinPool.commonPool-worker-0] INFO  handler.ContextHandler (ContextHandler.java:doStop(1153)) - Stopped o.e.j.s.ServletContextHandler@3a93f83b{logs,/logs,file:///home/runner/work/ozone/ozone/hadoop-ozone/integration-test/target/log,STOPPED}
2021-11-05 13:01:13,309 [grpc-default-executor-6] INFO  server.RaftServer$Division (RaftServerImpl.java:requestVote(1046)) - fae3de48-3e9f-4cc7-8f85-17bb385fc42a@group-30A45C208CA2: receive requestVote(ELECTION, 04351296-bb31-4c39-8b7c-2fcea1114805, group-30A45C208CA2, 4, (t:3, i:0))
2021-11-05 13:01:13,309 [grpc-default-executor-6] INFO  impl.VoteContext (VoteContext.java:log(48)) - fae3de48-3e9f-4cc7-8f85-17bb385fc42a@group-30A45C208CA2-FOLLOWER: accept ELECTION from 04351296-bb31-4c39-8b7c-2fcea1114805: our priority 0 <= candidate's priority 0
2021-11-05 13:01:13,309 [grpc-default-executor-6] INFO  server.RaftServer$Division (ServerState.java:setLeader(285)) - fae3de48-3e9f-4cc7-8f85-17bb385fc42a@group-30A45C208CA2: change Leader from f63fc592-5921-4d2a-8a56-22c1aba49965 to null at term 4 for updateCurrentTerm
2021-11-05 13:01:13,309 [grpc-default-executor-6] INFO  server.RaftServer$Division (RaftServerImpl.java:setRole(290)) - fae3de48-3e9f-4cc7-8f85-17bb385fc42a@group-30A45C208CA2: changes role from  FOLLOWER to FOLLOWER at term 4 for candidate:04351296-bb31-4c39-8b7c-2fcea1114805
2021-11-05 13:01:13,309 [grpc-default-executor-6] INFO  impl.RoleInfo (RoleInfo.java:shutdownFollowerState(108)) - fae3de48-3e9f-4cc7-8f85-17bb385fc42a: shutdown fae3de48-3e9f-4cc7-8f85-17bb385fc42a@group-30A45C208CA2-FollowerState
2021-11-05 13:01:13,309 [grpc-default-executor-6] INFO  impl.RoleInfo (RoleInfo.java:updateAndGet(130)) - fae3de48-3e9f-4cc7-8f85-17bb385fc42a: start fae3de48-3e9f-4cc7-8f85-17bb385fc42a@group-30A45C208CA2-FollowerState
2021-11-05 13:01:13,309 [fae3de48-3e9f-4cc7-8f85-17bb385fc42a@group-30A45C208CA2-FollowerState] INFO  impl.FollowerState (FollowerState.java:run(143)) - fae3de48-3e9f-4cc7-8f85-17bb385fc42a@group-30A45C208CA2-FollowerState was interrupted: {}
java.lang.InterruptedException: sleep interrupted
	at java.lang.Thread.sleep(Native Method)
	at java.lang.Thread.sleep(Thread.java:340)
	at java.util.concurrent.TimeUnit.sleep(TimeUnit.java:386)
	at org.apache.ratis.util.TimeDuration.sleep(TimeDuration.java:324)
	at org.apache.ratis.util.TimeDuration.sleep(TimeDuration.java:309)
	at org.apache.ratis.server.impl.FollowerState.run(FollowerState.java:118)
2021-11-05 13:01:13,323 [grpc-default-executor-6] INFO  server.RaftServer$Division (RaftServerImpl.java:requestVote(1078)) - fae3de48-3e9f-4cc7-8f85-17bb385fc42a@group-30A45C208CA2 replies to ELECTION vote request: 04351296-bb31-4c39-8b7c-2fcea1114805<-fae3de48-3e9f-4cc7-8f85-17bb385fc42a#0:OK-t4. Peer's state: fae3de48-3e9f-4cc7-8f85-17bb385fc42a@group-30A45C208CA2:t4, leader=null, voted=04351296-bb31-4c39-8b7c-2fcea1114805, raftlog=fae3de48-3e9f-4cc7-8f85-17bb385fc42a@group-30A45C208CA2-SegmentedRaftLog:OPENED:c0, conf=0: [fae3de48-3e9f-4cc7-8f85-17bb385fc42a|rpc:10.1.0.23:41205|dataStream:|priority:0, 04351296-bb31-4c39-8b7c-2fcea1114805|rpc:10.1.0.23:43337|dataStream:|priority:0, f63fc592-5921-4d2a-8a56-22c1aba49965|rpc:10.1.0.23:39383|dataStream:|priority:1], old=null
2021-11-05 13:01:13,324 [04351296-bb31-4c39-8b7c-2fcea1114805@group-30A45C208CA2-LeaderElection122] INFO  impl.LeaderElection (LeaderElection.java:logAndReturn(89)) - 04351296-bb31-4c39-8b7c-2fcea1114805@group-30A45C208CA2-LeaderElection122: ELECTION PASSED received 1 response(s) and 1 exception(s):
2021-11-05 13:01:13,324 [04351296-bb31-4c39-8b7c-2fcea1114805@group-30A45C208CA2-LeaderElection122] INFO  impl.LeaderElection (LeaderElection.java:logAndReturn(93)) -   Response 0: 04351296-bb31-4c39-8b7c-2fcea1114805<-fae3de48-3e9f-4cc7-8f85-17bb385fc42a#0:OK-t4
2021-11-05 13:01:13,324 [04351296-bb31-4c39-8b7c-2fcea1114805@group-30A45C208CA2-LeaderElection122] INFO  impl.LeaderElection (LogUtils.java:infoOrTrace(137)) -   Exception 1: java.util.concurrent.ExecutionException: org.apache.ratis.thirdparty.io.grpc.StatusRuntimeException: UNAVAILABLE: io exception
2021-11-05 13:01:13,324 [04351296-bb31-4c39-8b7c-2fcea1114805@group-30A45C208CA2-LeaderElection122] INFO  impl.LeaderElection (LeaderElection.java:askForVotes(308)) - 04351296-bb31-4c39-8b7c-2fcea1114805@group-30A45C208CA2-LeaderElection122 ELECTION round 0: result PASSED
2021-11-05 13:01:13,324 [04351296-bb31-4c39-8b7c-2fcea1114805@group-30A45C208CA2-LeaderElection122] INFO  impl.RoleInfo (RoleInfo.java:shutdownLeaderElection(121)) - 04351296-bb31-4c39-8b7c-2fcea1114805: shutdown 04351296-bb31-4c39-8b7c-2fcea1114805@group-30A45C208CA2-LeaderElection122
2021-11-05 13:01:13,324 [04351296-bb31-4c39-8b7c-2fcea1114805@group-30A45C208CA2-LeaderElection122] INFO  server.RaftServer$Division (RaftServerImpl.java:setRole(290)) - 04351296-bb31-4c39-8b7c-2fcea1114805@group-30A45C208CA2: changes role from CANDIDATE to LEADER at term 4 for changeToLeader
2021-11-05 13:01:13,324 [04351296-bb31-4c39-8b7c-2fcea1114805@group-30A45C208CA2-LeaderElection122] INFO  ratis.XceiverServerRatis (XceiverServerRatis.java:handleLeaderChangedNotification(866)) - Leader change notification received for group: group-30A45C208CA2 with new leaderId: 04351296-bb31-4c39-8b7c-2fcea1114805
2021-11-05 13:01:13,324 [04351296-bb31-4c39-8b7c-2fcea1114805@group-30A45C208CA2-LeaderElection122] INFO  server.RaftServer$Division (ServerState.java:setLeader(285)) - 04351296-bb31-4c39-8b7c-2fcea1114805@group-30A45C208CA2: change Leader from null to 04351296-bb31-4c39-8b7c-2fcea1114805 at term 4 for becomeLeader, leader elected after 211ms
2021-11-05 13:01:13,324 [04351296-bb31-4c39-8b7c-2fcea1114805@group-30A45C208CA2-LeaderElection122] INFO  server.RaftServerConfigKeys (ConfUtils.java:logGet(44)) - raft.server.staging.catchup.gap = 1000 (default)
2021-11-05 13:01:13,324 [04351296-bb31-4c39-8b7c-2fcea1114805@group-30A45C208CA2-LeaderElection122] INFO  server.RaftServerConfigKeys (ConfUtils.java:logGet(44)) - raft.server.write.element-limit = 1024 (custom)
2021-11-05 13:01:13,324 [04351296-bb31-4c39-8b7c-2fcea1114805@group-30A45C208CA2-LeaderElection122] INFO  server.RaftServerConfigKeys (ConfUtils.java:logGet(44)) - raft.server.write.byte-limit = 1024 M (=1073741824) (custom)
2021-11-05 13:01:13,325 [04351296-bb31-4c39-8b7c-2fcea1114805@group-30A45C208CA2-LeaderElection122] INFO  server.RaftServerConfigKeys (ConfUtils.java:logGet(44)) - raft.server.watch.timeout = 3000ms (custom)
2021-11-05 13:01:13,325 [04351296-bb31-4c39-8b7c-2fcea1114805@group-30A45C208CA2-LeaderElection122] INFO  server.RaftServerConfigKeys (ConfUtils.java:logGet(44)) - raft.server.watch.timeout.denomination = 1s (default)
2021-11-05 13:01:13,325 [04351296-bb31-4c39-8b7c-2fcea1114805@group-30A45C208CA2-LeaderElection122] INFO  server.RaftServerConfigKeys (ConfUtils.java:logGet(44)) - raft.server.watch.element-limit = 65536 (default)
2021-11-05 13:01:13,325 [04351296-bb31-4c39-8b7c-2fcea1114805@group-30A45C208CA2-LeaderElection122] INFO  server.RaftServerConfigKeys (ConfUtils.java:logGet(44)) - raft.server.write.element-limit = 1024 (custom)
2021-11-05 13:01:13,325 [04351296-bb31-4c39-8b7c-2fcea1114805@group-30A45C208CA2-LeaderElection122] INFO  server.RaftServerConfigKeys (ConfUtils.java:logGet(44)) - raft.server.write.follower.gap.ratio.max = -1.0 (default)
2021-11-05 13:01:13,325 [04351296-bb31-4c39-8b7c-2fcea1114805@group-30A45C208CA2-LeaderElection122] INFO  server.RaftServerConfigKeys (ConfUtils.java:logGet(44)) - raft.server.log.appender.snapshot.chunk.size.max = 16MB (=16777216) (default)
2021-11-05 13:01:13,325 [04351296-bb31-4c39-8b7c-2fcea1114805@group-30A45C208CA2-LeaderElection122] INFO  server.RaftServerConfigKeys (ConfUtils.java:logGet(44)) - raft.server.log.appender.buffer.byte-limit = 33554432 (custom)
2021-11-05 13:01:13,325 [04351296-bb31-4c39-8b7c-2fcea1114805@group-30A45C208CA2-LeaderElection122] INFO  server.RaftServerConfigKeys (ConfUtils.java:logGet(44)) - raft.server.log.appender.buffer.element-limit = 1 (custom)
2021-11-05 13:01:13,325 [04351296-bb31-4c39-8b7c-2fcea1114805@group-30A45C208CA2-LeaderElection122] INFO  grpc.GrpcConfigKeys (ConfUtils.java:logGet(44)) - raft.grpc.server.leader.outstanding.appends.max = 128 (default)
2021-11-05 13:01:13,325 [04351296-bb31-4c39-8b7c-2fcea1114805@group-30A45C208CA2-LeaderElection122] INFO  server.RaftServerConfigKeys (ConfUtils.java:logGet(44)) - raft.server.rpc.request.timeout = 3000ms (default)
2021-11-05 13:01:13,325 [04351296-bb31-4c39-8b7c-2fcea1114805@group-30A45C208CA2-LeaderElection122] INFO  server.RaftServerConfigKeys (ConfUtils.java:logGet(44)) - raft.server.log.appender.install.snapshot.enabled = false (custom)
2021-11-05 13:01:13,327 [04351296-bb31-4c39-8b7c-2fcea1114805@group-30A45C208CA2-LeaderElection122] INFO  server.RaftServerConfigKeys (ConfUtils.java:logGet(44)) - raft.server.log.appender.snapshot.chunk.size.max = 16MB (=16777216) (default)
2021-11-05 13:01:13,327 [04351296-bb31-4c39-8b7c-2fcea1114805@group-30A45C208CA2-LeaderElection122] INFO  server.RaftServerConfigKeys (ConfUtils.java:logGet(44)) - raft.server.log.appender.buffer.byte-limit = 33554432 (custom)
2021-11-05 13:01:13,327 [04351296-bb31-4c39-8b7c-2fcea1114805@group-30A45C208CA2-LeaderElection122] INFO  server.RaftServerConfigKeys (ConfUtils.java:logGet(44)) - raft.server.log.appender.buffer.element-limit = 1 (custom)
2021-11-05 13:01:13,327 [04351296-bb31-4c39-8b7c-2fcea1114805@group-30A45C208CA2-LeaderElection122] INFO  grpc.GrpcConfigKeys (ConfUtils.java:logGet(44)) - raft.grpc.server.leader.outstanding.appends.max = 128 (default)
2021-11-05 13:01:13,327 [04351296-bb31-4c39-8b7c-2fcea1114805@group-30A45C208CA2-LeaderElection122] INFO  server.RaftServerConfigKeys (ConfUtils.java:logGet(44)) - raft.server.rpc.request.timeout = 3000ms (default)
2021-11-05 13:01:13,327 [04351296-bb31-4c39-8b7c-2fcea1114805@group-30A45C208CA2-LeaderElection122] INFO  server.RaftServerConfigKeys (ConfUtils.java:logGet(44)) - raft.server.log.appender.install.snapshot.enabled = false (custom)
2021-11-05 13:01:13,329 [04351296-bb31-4c39-8b7c-2fcea1114805@group-30A45C208CA2-LeaderElection122] INFO  impl.RoleInfo (RoleInfo.java:updateAndGet(130)) - 04351296-bb31-4c39-8b7c-2fcea1114805: start 04351296-bb31-4c39-8b7c-2fcea1114805@group-30A45C208CA2-LeaderStateImpl
2021-11-05 13:01:13,329 [04351296-bb31-4c39-8b7c-2fcea1114805@group-30A45C208CA2-LeaderElection122] INFO  segmented.SegmentedRaftLogWorker (SegmentedRaftLogWorker.java:rollLogSegment(399)) - 04351296-bb31-4c39-8b7c-2fcea1114805@group-30A45C208CA2-SegmentedRaftLogWorker: Rolling segment log-0_0 to index:0
2021-11-05 13:01:13,329 [04351296-bb31-4c39-8b7c-2fcea1114805@group-30A45C208CA2-SegmentedRaftLogWorker] INFO  segmented.SegmentedRaftLogWorker (SegmentedRaftLogWorker.java:execute(558)) - 04351296-bb31-4c39-8b7c-2fcea1114805@group-30A45C208CA2-SegmentedRaftLogWorker: Rolled log segment from /home/runner/work/ozone/ozone/hadoop-ozone/integration-test/target/test-dir/MiniOzoneClusterImpl-bdf76210-3e21-404e-9e17-65b92aec9f1a/datanode-5/data/ratis/3f1b9fd8-ba50-4c9b-8c0d-30a45c208ca2/current/log_inprogress_0 to /home/runner/work/ozone/ozone/hadoop-ozone/integration-test/target/test-dir/MiniOzoneClusterImpl-bdf76210-3e21-404e-9e17-65b92aec9f1a/datanode-5/data/ratis/3f1b9fd8-ba50-4c9b-8c0d-30a45c208ca2/current/log_0-0
2021-11-05 13:01:13,337 [04351296-bb31-4c39-8b7c-2fcea1114805@group-30A45C208CA2-SegmentedRaftLogWorker] INFO  segmented.SegmentedRaftLogWorker (SegmentedRaftLogWorker.java:execute(601)) - 04351296-bb31-4c39-8b7c-2fcea1114805@group-30A45C208CA2-SegmentedRaftLogWorker: created new log segment /home/runner/work/ozone/ozone/hadoop-ozone/integration-test/target/test-dir/MiniOzoneClusterImpl-bdf76210-3e21-404e-9e17-65b92aec9f1a/datanode-5/data/ratis/3f1b9fd8-ba50-4c9b-8c0d-30a45c208ca2/current/log_inprogress_1
2021-11-05 13:01:13,376 [grpc-default-executor-6] WARN  server.GrpcLogAppender (LogUtils.java:warn(122)) - 04351296-bb31-4c39-8b7c-2fcea1114805@group-30A45C208CA2->f63fc592-5921-4d2a-8a56-22c1aba49965-AppendLogResponseHandler: Failed appendEntries: org.apache.ratis.thirdparty.io.grpc.StatusRuntimeException: UNAVAILABLE: io exception
2021-11-05 13:01:13,377 [grpc-default-executor-6] WARN  server.GrpcLogAppender (GrpcLogAppender.java:resetClient(110)) - 04351296-bb31-4c39-8b7c-2fcea1114805@group-30A45C208CA2->f63fc592-5921-4d2a-8a56-22c1aba49965-GrpcLogAppender: Leader has not got in touch with Follower 04351296-bb31-4c39-8b7c-2fcea1114805@group-30A45C208CA2->f63fc592-5921-4d2a-8a56-22c1aba49965(c-1,m0,n1, attendVote=true, lastRpcSendTime=5251, lastRpcResponseTime=5251) yet, just keep nextIndex unchanged and retry.
2021-11-05 13:01:13,378 [grpc-default-executor-6] WARN  server.GrpcLogAppender (LogUtils.java:warn(122)) - 04351296-bb31-4c39-8b7c-2fcea1114805@group-30A45C208CA2->f63fc592-5921-4d2a-8a56-22c1aba49965-AppendLogResponseHandler: Failed appendEntries: org.apache.ratis.thirdparty.io.grpc.StatusRuntimeException: UNAVAILABLE: io exception
2021-11-05 13:01:13,380 [grpc-default-executor-6] WARN  server.GrpcLogAppender (GrpcLogAppender.java:resetClient(110)) - 04351296-bb31-4c39-8b7c-2fcea1114805@group-30A45C208CA2->f63fc592-5921-4d2a-8a56-22c1aba49965-GrpcLogAppender: Leader has not got in touch with Follower 04351296-bb31-4c39-8b7c-2fcea1114805@group-30A45C208CA2->f63fc592-5921-4d2a-8a56-22c1aba49965(c-1,m0,n2, attendVote=true, lastRpcSendTime=1, lastRpcResponseTime=5255) yet, just keep nextIndex unchanged and retry.
2021-11-05 13:01:13,439 [04351296-bb31-4c39-8b7c-2fcea1114805@group-30A45C208CA2-LeaderElection122] INFO  server.RaftServer$Division (ServerState.java:setRaftConf(387)) - 04351296-bb31-4c39-8b7c-2fcea1114805@group-30A45C208CA2: set configuration 1: [fae3de48-3e9f-4cc7-8f85-17bb385fc42a|rpc:10.1.0.23:41205|dataStream:|priority:0, 04351296-bb31-4c39-8b7c-2fcea1114805|rpc:10.1.0.23:43337|dataStream:|priority:0, f63fc592-5921-4d2a-8a56-22c1aba49965|rpc:10.1.0.23:39383|dataStream:|priority:1], old=null
2021-11-05 13:01:13,505 [grpc-default-executor-6] INFO  ratis.XceiverServerRatis (XceiverServerRatis.java:handleLeaderChangedNotification(866)) - Leader change notification received for group: group-30A45C208CA2 with new leaderId: 04351296-bb31-4c39-8b7c-2fcea1114805
2021-11-05 13:01:13,505 [grpc-default-executor-6] INFO  server.RaftServer$Division (ServerState.java:setLeader(285)) - fae3de48-3e9f-4cc7-8f85-17bb385fc42a@group-30A45C208CA2: change Leader from null to 04351296-bb31-4c39-8b7c-2fcea1114805 at term 4 for appendEntries, leader elected after 195ms
2021-11-05 13:01:13,529 [grpc-default-executor-6] INFO  server.RaftServer$Division (ServerState.java:setRaftConf(387)) - fae3de48-3e9f-4cc7-8f85-17bb385fc42a@group-30A45C208CA2: set configuration 1: [fae3de48-3e9f-4cc7-8f85-17bb385fc42a|rpc:10.1.0.23:41205|dataStream:|priority:0, 04351296-bb31-4c39-8b7c-2fcea1114805|rpc:10.1.0.23:43337|dataStream:|priority:0, f63fc592-5921-4d2a-8a56-22c1aba49965|rpc:10.1.0.23:39383|dataStream:|priority:1], old=null
2021-11-05 13:01:13,529 [grpc-default-executor-6] INFO  segmented.SegmentedRaftLogWorker (SegmentedRaftLogWorker.java:rollLogSegment(399)) - fae3de48-3e9f-4cc7-8f85-17bb385fc42a@group-30A45C208CA2-SegmentedRaftLogWorker: Rolling segment log-0_0 to index:0
2021-11-05 13:01:13,530 [fae3de48-3e9f-4cc7-8f85-17bb385fc42a@group-30A45C208CA2-SegmentedRaftLogWorker] INFO  segmented.SegmentedRaftLogWorker (SegmentedRaftLogWorker.java:execute(558)) - fae3de48-3e9f-4cc7-8f85-17bb385fc42a@group-30A45C208CA2-SegmentedRaftLogWorker: Rolled log segment from /home/runner/work/ozone/ozone/hadoop-ozone/integration-test/target/test-dir/MiniOzoneClusterImpl-bdf76210-3e21-404e-9e17-65b92aec9f1a/datanode-3/data/ratis/3f1b9fd8-ba50-4c9b-8c0d-30a45c208ca2/current/log_inprogress_0 to /home/runner/work/ozone/ozone/hadoop-ozone/integration-test/target/test-dir/MiniOzoneClusterImpl-bdf76210-3e21-404e-9e17-65b92aec9f1a/datanode-3/data/ratis/3f1b9fd8-ba50-4c9b-8c0d-30a45c208ca2/current/log_0-0
2021-11-05 13:01:13,532 [fae3de48-3e9f-4cc7-8f85-17bb385fc42a@group-30A45C208CA2-SegmentedRaftLogWorker] INFO  segmented.SegmentedRaftLogWorker (SegmentedRaftLogWorker.java:execute(601)) - fae3de48-3e9f-4cc7-8f85-17bb385fc42a@group-30A45C208CA2-SegmentedRaftLogWorker: created new log segment /home/runner/work/ozone/ozone/hadoop-ozone/integration-test/target/test-dir/MiniOzoneClusterImpl-bdf76210-3e21-404e-9e17-65b92aec9f1a/datanode-3/data/ratis/3f1b9fd8-ba50-4c9b-8c0d-30a45c208ca2/current/log_inprogress_1
2021-11-05 13:01:13,633 [grpc-default-executor-6] WARN  server.GrpcLogAppender (LogUtils.java:warn(122)) - 04351296-bb31-4c39-8b7c-2fcea1114805@group-30A45C208CA2->f63fc592-5921-4d2a-8a56-22c1aba49965-AppendLogResponseHandler: Failed appendEntries: org.apache.ratis.thirdparty.io.grpc.StatusRuntimeException: UNAVAILABLE: io exception
2021-11-05 13:01:13,633 [grpc-default-executor-6] WARN  server.GrpcLogAppender (GrpcLogAppender.java:resetClient(110)) - 04351296-bb31-4c39-8b7c-2fcea1114805@group-30A45C208CA2->f63fc592-5921-4d2a-8a56-22c1aba49965-GrpcLogAppender: Leader has not got in touch with Follower 04351296-bb31-4c39-8b7c-2fcea1114805@group-30A45C208CA2->f63fc592-5921-4d2a-8a56-22c1aba49965(c-1,m0,n3, attendVote=true, lastRpcSendTime=0, lastRpcResponseTime=5508) yet, just keep nextIndex unchanged and retry.
2021-11-05 13:01:14,533 [EventQueue-StaleNodeForStaleNodeHandler] INFO  node.StaleNodeHandler (StaleNodeHandler.java:onMessage(58)) - Datanode fa45fd2a-a6ef-4106-9a44-777d17a8e8f4{ip: 10.1.0.23, host: fv-az151-875.yf2hydr00wburbhx3j5hxtcipe.bx.internal.cloudapp.net, ports: [REPLICATION=35839, RATIS=43989, RATIS_ADMIN=43989, RATIS_SERVER=43989, STANDALONE=44877], networkLocation: /default-rack, certSerialId: null, persistedOpState: IN_SERVICE, persistedOpStateExpiryEpochSec: 0} moved to stale state. Finalizing its pipelines [PipelineID=8c80d07e-7785-4892-a8be-0869023e3dc0, PipelineID=e7fe834a-fc3c-45c7-9c57-48ccfd0e3bb8, PipelineID=10ba0849-46ec-45ca-8dca-a5b183601584, PipelineID=9a8c8b22-4b43-436c-8b5e-1fa21d5fafdd]
2021-11-05 13:01:14,533 [EventQueue-StaleNodeForStaleNodeHandler] INFO  pipeline.PipelineManagerImpl (PipelineManagerImpl.java:closePipeline(349)) - Pipeline Pipeline[ Id: 8c80d07e-7785-4892-a8be-0869023e3dc0, Nodes: 3ae4cb20-15ad-4779-a013-5b0fdc3aaee7{ip: 10.1.0.23, host: fv-az151-875.yf2hydr00wburbhx3j5hxtcipe.bx.internal.cloudapp.net, ports: [REPLICATION=39333, RATIS=35115, RATIS_ADMIN=35115, RATIS_SERVER=35115, STANDALONE=41693], networkLocation: /default-rack, certSerialId: null, persistedOpState: IN_SERVICE, persistedOpStateExpiryEpochSec: 0}fa45fd2a-a6ef-4106-9a44-777d17a8e8f4{ip: 10.1.0.23, host: fv-az151-875.yf2hydr00wburbhx3j5hxtcipe.bx.internal.cloudapp.net, ports: [REPLICATION=35839, RATIS=43989, RATIS_ADMIN=43989, RATIS_SERVER=43989, STANDALONE=44877], networkLocation: /default-rack, certSerialId: null, persistedOpState: IN_SERVICE, persistedOpStateExpiryEpochSec: 0}76ef4e66-eace-4a3b-a369-d2a815523a61{ip: 10.1.0.23, host: fv-az151-875.yf2hydr00wburbhx3j5hxtcipe.bx.internal.cloudapp.net, ports: [REPLICATION=43087, RATIS=41987, RATIS_ADMIN=41987, RATIS_SERVER=41987, STANDALONE=45779], networkLocation: /default-rack, certSerialId: null, persistedOpState: IN_SERVICE, persistedOpStateExpiryEpochSec: 0}, ReplicationConfig: RATIS/THREE, State:ALLOCATED, leaderId:3ae4cb20-15ad-4779-a013-5b0fdc3aaee7, CreationTimestamp2021-11-05T13:01:03.238Z[Etc/UTC]] moved to CLOSED state
2021-11-05 13:01:14,536 [EventQueue-StaleNodeForStaleNodeHandler] INFO  pipeline.PipelineManagerImpl (PipelineManagerImpl.java:closePipeline(349)) - Pipeline Pipeline[ Id: e7fe834a-fc3c-45c7-9c57-48ccfd0e3bb8, Nodes: 3ae4cb20-15ad-4779-a013-5b0fdc3aaee7{ip: 10.1.0.23, host: fv-az151-875.yf2hydr00wburbhx3j5hxtcipe.bx.internal.cloudapp.net, ports: [REPLICATION=39333, RATIS=35115, RATIS_ADMIN=35115, RATIS_SERVER=35115, STANDALONE=41693], networkLocation: /default-rack, certSerialId: null, persistedOpState: IN_SERVICE, persistedOpStateExpiryEpochSec: 0}fa45fd2a-a6ef-4106-9a44-777d17a8e8f4{ip: 10.1.0.23, host: fv-az151-875.yf2hydr00wburbhx3j5hxtcipe.bx.internal.cloudapp.net, ports: [REPLICATION=35839, RATIS=43989, RATIS_ADMIN=43989, RATIS_SERVER=43989, STANDALONE=44877], networkLocation: /default-rack, certSerialId: null, persistedOpState: IN_SERVICE, persistedOpStateExpiryEpochSec: 0}f0359a9b-bc21-4a61-b53d-8d2dd84c6fc1{ip: 10.1.0.23, host: fv-az151-875.yf2hydr00wburbhx3j5hxtcipe.bx.internal.cloudapp.net, ports: [REPLICATION=42685, RATIS=44285, RATIS_ADMIN=44285, RATIS_SERVER=44285, STANDALONE=43041], networkLocation: /default-rack, certSerialId: null, persistedOpState: IN_SERVICE, persistedOpStateExpiryEpochSec: 0}, ReplicationConfig: RATIS/THREE, State:ALLOCATED, leaderId:, CreationTimestamp2021-11-05T13:01:03.238Z[Etc/UTC]] moved to CLOSED state
2021-11-05 13:01:14,541 [EventQueue-StaleNodeForStaleNodeHandler] INFO  pipeline.PipelineManagerImpl (PipelineManagerImpl.java:closePipeline(349)) - Pipeline Pipeline[ Id: 10ba0849-46ec-45ca-8dca-a5b183601584, Nodes: 76ef4e66-eace-4a3b-a369-d2a815523a61{ip: 10.1.0.23, host: fv-az151-875.yf2hydr00wburbhx3j5hxtcipe.bx.internal.cloudapp.net, ports: [REPLICATION=43087, RATIS=41987, RATIS_ADMIN=41987, RATIS_SERVER=41987, STANDALONE=45779], networkLocation: /default-rack, certSerialId: null, persistedOpState: IN_SERVICE, persistedOpStateExpiryEpochSec: 0}f0359a9b-bc21-4a61-b53d-8d2dd84c6fc1{ip: 10.1.0.23, host: fv-az151-875.yf2hydr00wburbhx3j5hxtcipe.bx.internal.cloudapp.net, ports: [REPLICATION=42685, RATIS=44285, RATIS_ADMIN=44285, RATIS_SERVER=44285, STANDALONE=43041], networkLocation: /default-rack, certSerialId: null, persistedOpState: IN_SERVICE, persistedOpStateExpiryEpochSec: 0}fa45fd2a-a6ef-4106-9a44-777d17a8e8f4{ip: 10.1.0.23, host: fv-az151-875.yf2hydr00wburbhx3j5hxtcipe.bx.internal.cloudapp.net, ports: [REPLICATION=35839, RATIS=43989, RATIS_ADMIN=43989, RATIS_SERVER=43989, STANDALONE=44877], networkLocation: /default-rack, certSerialId: null, persistedOpState: IN_SERVICE, persistedOpStateExpiryEpochSec: 0}, ReplicationConfig: RATIS/THREE, State:ALLOCATED, leaderId:, CreationTimestamp2021-11-05T13:01:03.237Z[Etc/UTC]] moved to CLOSED state
2021-11-05 13:01:14,542 [EventQueue-StaleNodeForStaleNodeHandler] INFO  pipeline.PipelineManagerImpl (PipelineManagerImpl.java:closePipeline(349)) - Pipeline Pipeline[ Id: 9a8c8b22-4b43-436c-8b5e-1fa21d5fafdd, Nodes: fa45fd2a-a6ef-4106-9a44-777d17a8e8f4{ip: 10.1.0.23, host: fv-az151-875.yf2hydr00wburbhx3j5hxtcipe.bx.internal.cloudapp.net, ports: [REPLICATION=35839, RATIS=43989, RATIS_ADMIN=43989, RATIS_SERVER=43989, STANDALONE=44877], networkLocation: /default-rack, certSerialId: null, persistedOpState: IN_SERVICE, persistedOpStateExpiryEpochSec: 0}, ReplicationConfig: RATIS/ONE, State:OPEN, leaderId:fa45fd2a-a6ef-4106-9a44-777d17a8e8f4, CreationTimestamp2021-11-05T13:00:06.084Z[Etc/UTC]] moved to CLOSED state
2021-11-05 13:01:14,733 [EventQueue-StaleNodeForStaleNodeHandler] INFO  node.StaleNodeHandler (StaleNodeHandler.java:onMessage(58)) - Datanode f63fc592-5921-4d2a-8a56-22c1aba49965{ip: 10.1.0.23, host: fv-az151-875.yf2hydr00wburbhx3j5hxtcipe.bx.internal.cloudapp.net, ports: [REPLICATION=40425, RATIS=39383, RATIS_ADMIN=39383, RATIS_SERVER=39383, STANDALONE=43527], networkLocation: /default-rack, certSerialId: null, persistedOpState: IN_SERVICE, persistedOpStateExpiryEpochSec: 0} moved to stale state. Finalizing its pipelines [PipelineID=cf6dd734-eee3-40b4-8aa9-321dbb24bc0f, PipelineID=3f1b9fd8-ba50-4c9b-8c0d-30a45c208ca2, PipelineID=76f5f5e5-670c-4792-baeb-2717592fe90b, PipelineID=3417dacd-ff16-41a1-8a71-9c3501db6fae]
2021-11-05 13:01:14,733 [EventQueue-StaleNodeForStaleNodeHandler] INFO  pipeline.PipelineManagerImpl (PipelineManagerImpl.java:closePipeline(349)) - Pipeline Pipeline[ Id: cf6dd734-eee3-40b4-8aa9-321dbb24bc0f, Nodes: 04351296-bb31-4c39-8b7c-2fcea1114805{ip: 10.1.0.23, host: fv-az151-875.yf2hydr00wburbhx3j5hxtcipe.bx.internal.cloudapp.net, ports: [REPLICATION=40621, RATIS=43337, RATIS_ADMIN=43337, RATIS_SERVER=43337, STANDALONE=45289], networkLocation: /default-rack, certSerialId: null, persistedOpState: IN_SERVICE, persistedOpStateExpiryEpochSec: 0}f63fc592-5921-4d2a-8a56-22c1aba49965{ip: 10.1.0.23, host: fv-az151-875.yf2hydr00wburbhx3j5hxtcipe.bx.internal.cloudapp.net, ports: [REPLICATION=40425, RATIS=39383, RATIS_ADMIN=39383, RATIS_SERVER=39383, STANDALONE=43527], networkLocation: /default-rack, certSerialId: null, persistedOpState: IN_SERVICE, persistedOpStateExpiryEpochSec: 0}fae3de48-3e9f-4cc7-8f85-17bb385fc42a{ip: 10.1.0.23, host: fv-az151-875.yf2hydr00wburbhx3j5hxtcipe.bx.internal.cloudapp.net, ports: [REPLICATION=35371, RATIS=41205, RATIS_ADMIN=41205, RATIS_SERVER=41205, STANDALONE=45749], networkLocation: /default-rack, certSerialId: null, persistedOpState: IN_SERVICE, persistedOpStateExpiryEpochSec: 0}, ReplicationConfig: RATIS/THREE, State:OPEN, leaderId:04351296-bb31-4c39-8b7c-2fcea1114805, CreationTimestamp2021-11-05T13:00:09.485Z[Etc/UTC]] moved to CLOSED state
2021-11-05 13:01:14,734 [EventQueue-StaleNodeForStaleNodeHandler] INFO  pipeline.PipelineManagerImpl (PipelineManagerImpl.java:closePipeline(349)) - Pipeline Pipeline[ Id: 3f1b9fd8-ba50-4c9b-8c0d-30a45c208ca2, Nodes: f63fc592-5921-4d2a-8a56-22c1aba49965{ip: 10.1.0.23, host: fv-az151-875.yf2hydr00wburbhx3j5hxtcipe.bx.internal.cloudapp.net, ports: [REPLICATION=40425, RATIS=39383, RATIS_ADMIN=39383, RATIS_SERVER=39383, STANDALONE=43527], networkLocation: /default-rack, certSerialId: null, persistedOpState: IN_SERVICE, persistedOpStateExpiryEpochSec: 0}fae3de48-3e9f-4cc7-8f85-17bb385fc42a{ip: 10.1.0.23, host: fv-az151-875.yf2hydr00wburbhx3j5hxtcipe.bx.internal.cloudapp.net, ports: [REPLICATION=35371, RATIS=41205, RATIS_ADMIN=41205, RATIS_SERVER=41205, STANDALONE=45749], networkLocation: /default-rack, certSerialId: null, persistedOpState: IN_SERVICE, persistedOpStateExpiryEpochSec: 0}04351296-bb31-4c39-8b7c-2fcea1114805{ip: 10.1.0.23, host: fv-az151-875.yf2hydr00wburbhx3j5hxtcipe.bx.internal.cloudapp.net, ports: [REPLICATION=40621, RATIS=43337, RATIS_ADMIN=43337, RATIS_SERVER=43337, STANDALONE=45289], networkLocation: /default-rack, certSerialId: null, persistedOpState: IN_SERVICE, persistedOpStateExpiryEpochSec: 0}, ReplicationConfig: RATIS/THREE, State:OPEN, leaderId:04351296-bb31-4c39-8b7c-2fcea1114805, CreationTimestamp2021-11-05T13:00:09.475Z[Etc/UTC]] moved to CLOSED state
2021-11-05 13:01:14,734 [EventQueue-StaleNodeForStaleNodeHandler] INFO  pipeline.PipelineManagerImpl (PipelineManagerImpl.java:closePipeline(349)) - Pipeline Pipeline[ Id: 76f5f5e5-670c-4792-baeb-2717592fe90b, Nodes: 04351296-bb31-4c39-8b7c-2fcea1114805{ip: 10.1.0.23, host: fv-az151-875.yf2hydr00wburbhx3j5hxtcipe.bx.internal.cloudapp.net, ports: [REPLICATION=40621, RATIS=43337, RATIS_ADMIN=43337, RATIS_SERVER=43337, STANDALONE=45289], networkLocation: /default-rack, certSerialId: null, persistedOpState: IN_SERVICE, persistedOpStateExpiryEpochSec: 0}f63fc592-5921-4d2a-8a56-22c1aba49965{ip: 10.1.0.23, host: fv-az151-875.yf2hydr00wburbhx3j5hxtcipe.bx.internal.cloudapp.net, ports: [REPLICATION=40425, RATIS=39383, RATIS_ADMIN=39383, RATIS_SERVER=39383, STANDALONE=43527], networkLocation: /default-rack, certSerialId: null, persistedOpState: IN_SERVICE, persistedOpStateExpiryEpochSec: 0}fae3de48-3e9f-4cc7-8f85-17bb385fc42a{ip: 10.1.0.23, host: fv-az151-875.yf2hydr00wburbhx3j5hxtcipe.bx.internal.cloudapp.net, ports: [REPLICATION=35371, RATIS=41205, RATIS_ADMIN=41205, RATIS_SERVER=41205, STANDALONE=45749], networkLocation: /default-rack, certSerialId: null, persistedOpState: IN_SERVICE, persistedOpStateExpiryEpochSec: 0}, ReplicationConfig: RATIS/THREE, State:OPEN, leaderId:fae3de48-3e9f-4cc7-8f85-17bb385fc42a, CreationTimestamp2021-11-05T13:00:09.484Z[Etc/UTC]] moved to CLOSED state
2021-11-05 13:01:14,734 [EventQueue-StaleNodeForStaleNodeHandler] INFO  pipeline.PipelineManagerImpl (PipelineManagerImpl.java:closePipeline(349)) - Pipeline Pipeline[ Id: 3417dacd-ff16-41a1-8a71-9c3501db6fae, Nodes: f63fc592-5921-4d2a-8a56-22c1aba49965{ip: 10.1.0.23, host: fv-az151-875.yf2hydr00wburbhx3j5hxtcipe.bx.internal.cloudapp.net, ports: [REPLICATION=40425, RATIS=39383, RATIS_ADMIN=39383, RATIS_SERVER=39383, STANDALONE=43527], networkLocation: /default-rack, certSerialId: null, persistedOpState: IN_SERVICE, persistedOpStateExpiryEpochSec: 0}, ReplicationConfig: RATIS/ONE, State:OPEN, leaderId:f63fc592-5921-4d2a-8a56-22c1aba49965, CreationTimestamp2021-11-05T13:00:08.687Z[Etc/UTC]] moved to CLOSED state
2021-11-05 13:01:14,734 [EventQueue-CloseContainerForCloseContainerEventHandler] INFO  container.CloseContainerEventHandler (CloseContainerEventHandler.java:onMessage(69)) - Close container Event triggered for container : #2
2021-11-05 13:01:14,938 [grpc-default-executor-6] WARN  server.GrpcLogAppender (LogUtils.java:warn(122)) - fae3de48-3e9f-4cc7-8f85-17bb385fc42a@group-2717592FE90B->f63fc592-5921-4d2a-8a56-22c1aba49965-AppendLogResponseHandler: Failed appendEntries: org.apache.ratis.thirdparty.io.grpc.StatusRuntimeException: UNAVAILABLE: io exception
2021-11-05 13:01:14,939 [grpc-default-executor-6] WARN  server.GrpcLogAppender (GrpcLogAppender.java:resetClient(110)) - fae3de48-3e9f-4cc7-8f85-17bb385fc42a@group-2717592FE90B->f63fc592-5921-4d2a-8a56-22c1aba49965-GrpcLogAppender: Leader has not got in touch with Follower fae3de48-3e9f-4cc7-8f85-17bb385fc42a@group-2717592FE90B->f63fc592-5921-4d2a-8a56-22c1aba49965(c0,m0,n1, attendVote=true, lastRpcSendTime=2527, lastRpcResponseTime=7564) yet, just keep nextIndex unchanged and retry.
2021-11-05 13:01:15,052 [76ef4e66-eace-4a3b-a369-d2a815523a61@group-A5B183601584-FollowerState] INFO  impl.FollowerState (FollowerState.java:run(134)) - 76ef4e66-eace-4a3b-a369-d2a815523a61@group-A5B183601584-FollowerState: change to CANDIDATE, lastRpcElapsedTime:5162972176ns, electionTimeout:5095ms
2021-11-05 13:01:15,052 [76ef4e66-eace-4a3b-a369-d2a815523a61@group-A5B183601584-FollowerState] INFO  impl.RoleInfo (RoleInfo.java:shutdownFollowerState(108)) - 76ef4e66-eace-4a3b-a369-d2a815523a61: shutdown 76ef4e66-eace-4a3b-a369-d2a815523a61@group-A5B183601584-FollowerState
2021-11-05 13:01:15,052 [76ef4e66-eace-4a3b-a369-d2a815523a61@group-A5B183601584-FollowerState] INFO  server.RaftServer$Division (RaftServerImpl.java:setRole(290)) - 76ef4e66-eace-4a3b-a369-d2a815523a61@group-A5B183601584: changes role from  FOLLOWER to CANDIDATE at term 1 for changeToCandidate
2021-11-05 13:01:15,052 [76ef4e66-eace-4a3b-a369-d2a815523a61@group-A5B183601584-FollowerState] INFO  server.RaftServerConfigKeys (ConfUtils.java:logGet(44)) - raft.server.leaderelection.pre-vote = false (custom)
2021-11-05 13:01:15,052 [76ef4e66-eace-4a3b-a369-d2a815523a61@group-A5B183601584-FollowerState] INFO  impl.RoleInfo (RoleInfo.java:updateAndGet(130)) - 76ef4e66-eace-4a3b-a369-d2a815523a61: start 76ef4e66-eace-4a3b-a369-d2a815523a61@group-A5B183601584-LeaderElection123
2021-11-05 13:01:15,069 [f0359a9b-bc21-4a61-b53d-8d2dd84c6fc1@group-A5B183601584-FollowerState] INFO  impl.FollowerState (FollowerState.java:run(134)) - f0359a9b-bc21-4a61-b53d-8d2dd84c6fc1@group-A5B183601584-FollowerState: change to CANDIDATE, lastRpcElapsedTime:5258445484ns, electionTimeout:5178ms
2021-11-05 13:01:15,069 [f0359a9b-bc21-4a61-b53d-8d2dd84c6fc1@group-A5B183601584-FollowerState] INFO  impl.RoleInfo (RoleInfo.java:shutdownFollowerState(108)) - f0359a9b-bc21-4a61-b53d-8d2dd84c6fc1: shutdown f0359a9b-bc21-4a61-b53d-8d2dd84c6fc1@group-A5B183601584-FollowerState
2021-11-05 13:01:15,069 [f0359a9b-bc21-4a61-b53d-8d2dd84c6fc1@group-A5B183601584-FollowerState] INFO  server.RaftServer$Division (RaftServerImpl.java:setRole(290)) - f0359a9b-bc21-4a61-b53d-8d2dd84c6fc1@group-A5B183601584: changes role from  FOLLOWER to CANDIDATE at term 1 for changeToCandidate
2021-11-05 13:01:15,069 [f0359a9b-bc21-4a61-b53d-8d2dd84c6fc1@group-A5B183601584-FollowerState] INFO  server.RaftServerConfigKeys (ConfUtils.java:logGet(44)) - raft.server.leaderelection.pre-vote = false (custom)
2021-11-05 13:01:15,069 [f0359a9b-bc21-4a61-b53d-8d2dd84c6fc1@group-A5B183601584-FollowerState] INFO  impl.RoleInfo (RoleInfo.java:updateAndGet(130)) - f0359a9b-bc21-4a61-b53d-8d2dd84c6fc1: start f0359a9b-bc21-4a61-b53d-8d2dd84c6fc1@group-A5B183601584-LeaderElection124
2021-11-05 13:01:15,090 [grpc-default-executor-6] WARN  server.GrpcLogAppender (LogUtils.java:warn(122)) - 3ae4cb20-15ad-4779-a013-5b0fdc3aaee7@group-0869023E3DC0->fa45fd2a-a6ef-4106-9a44-777d17a8e8f4-AppendLogResponseHandler: Failed appendEntries: org.apache.ratis.thirdparty.io.grpc.StatusRuntimeException: UNAVAILABLE: io exception
2021-11-05 13:01:15,091 [grpc-default-executor-6] WARN  server.GrpcLogAppender (GrpcLogAppender.java:resetClient(110)) - 3ae4cb20-15ad-4779-a013-5b0fdc3aaee7@group-0869023E3DC0->fa45fd2a-a6ef-4106-9a44-777d17a8e8f4-GrpcLogAppender: Leader has not got in touch with Follower 3ae4cb20-15ad-4779-a013-5b0fdc3aaee7@group-0869023E3DC0->fa45fd2a-a6ef-4106-9a44-777d17a8e8f4(c-1,m0,n1, attendVote=true, lastRpcSendTime=3, lastRpcResponseTime=10371) yet, just keep nextIndex unchanged and retry.
2021-11-05 13:01:15,101 [76ef4e66-eace-4a3b-a369-d2a815523a61@group-A5B183601584-LeaderElection123] INFO  impl.LeaderElection (LeaderElection.java:askForVotes(306)) - 76ef4e66-eace-4a3b-a369-d2a815523a61@group-A5B183601584-LeaderElection123 ELECTION round 0: submit vote requests at term 2 for -1: [f0359a9b-bc21-4a61-b53d-8d2dd84c6fc1|rpc:10.1.0.23:44285|priority:1, 76ef4e66-eace-4a3b-a369-d2a815523a61|rpc:10.1.0.23:41987|priority:0, fa45fd2a-a6ef-4106-9a44-777d17a8e8f4|rpc:10.1.0.23:43989|priority:0], old=null
2021-11-05 13:01:15,103 [f0359a9b-bc21-4a61-b53d-8d2dd84c6fc1@group-A5B183601584-LeaderElection124] INFO  impl.LeaderElection (LeaderElection.java:askForVotes(306)) - f0359a9b-bc21-4a61-b53d-8d2dd84c6fc1@group-A5B183601584-LeaderElection124 ELECTION round 0: submit vote requests at term 2 for -1: [f0359a9b-bc21-4a61-b53d-8d2dd84c6fc1|rpc:10.1.0.23:44285|priority:1, 76ef4e66-eace-4a3b-a369-d2a815523a61|rpc:10.1.0.23:41987|priority:0, fa45fd2a-a6ef-4106-9a44-777d17a8e8f4|rpc:10.1.0.23:43989|priority:0], old=null
2021-11-05 13:01:15,108 [grpc-default-executor-6] INFO  server.RaftServer$Division (RaftServerImpl.java:requestVote(1046)) - f0359a9b-bc21-4a61-b53d-8d2dd84c6fc1@group-A5B183601584: receive requestVote(ELECTION, 76ef4e66-eace-4a3b-a369-d2a815523a61, group-A5B183601584, 2, (t:0, i:0))
2021-11-05 13:01:15,108 [grpc-default-executor-6] INFO  impl.VoteContext (VoteContext.java:log(48)) - f0359a9b-bc21-4a61-b53d-8d2dd84c6fc1@group-A5B183601584-CANDIDATE: reject ELECTION from 76ef4e66-eace-4a3b-a369-d2a815523a61: already has voted for f0359a9b-bc21-4a61-b53d-8d2dd84c6fc1 at current term 2
2021-11-05 13:01:15,109 [grpc-default-executor-6] INFO  server.RaftServer$Division (RaftServerImpl.java:requestVote(1078)) - f0359a9b-bc21-4a61-b53d-8d2dd84c6fc1@group-A5B183601584 replies to ELECTION vote request: 76ef4e66-eace-4a3b-a369-d2a815523a61<-f0359a9b-bc21-4a61-b53d-8d2dd84c6fc1#0:FAIL-t2. Peer's state: f0359a9b-bc21-4a61-b53d-8d2dd84c6fc1@group-A5B183601584:t2, leader=null, voted=f0359a9b-bc21-4a61-b53d-8d2dd84c6fc1, raftlog=f0359a9b-bc21-4a61-b53d-8d2dd84c6fc1@group-A5B183601584-SegmentedRaftLog:OPENED:c-1, conf=-1: [f0359a9b-bc21-4a61-b53d-8d2dd84c6fc1|rpc:10.1.0.23:44285|priority:1, 76ef4e66-eace-4a3b-a369-d2a815523a61|rpc:10.1.0.23:41987|priority:0, fa45fd2a-a6ef-4106-9a44-777d17a8e8f4|rpc:10.1.0.23:43989|priority:0], old=null
2021-11-05 13:01:15,132 [76ef4e66-eace-4a3b-a369-d2a815523a61@group-A5B183601584-LeaderElection123] INFO  impl.LeaderElection (LeaderElection.java:logAndReturn(89)) - 76ef4e66-eace-4a3b-a369-d2a815523a61@group-A5B183601584-LeaderElection123: ELECTION REJECTED received 1 response(s) and 0 exception(s):
2021-11-05 13:01:15,132 [76ef4e66-eace-4a3b-a369-d2a815523a61@group-A5B183601584-LeaderElection123] INFO  impl.LeaderElection (LeaderElection.java:logAndReturn(93)) -   Response 0: 76ef4e66-eace-4a3b-a369-d2a815523a61<-f0359a9b-bc21-4a61-b53d-8d2dd84c6fc1#0:FAIL-t2
2021-11-05 13:01:15,132 [76ef4e66-eace-4a3b-a369-d2a815523a61@group-A5B183601584-LeaderElection123] INFO  impl.LeaderElection (LeaderElection.java:askForVotes(308)) - 76ef4e66-eace-4a3b-a369-d2a815523a61@group-A5B183601584-LeaderElection123 ELECTION round 0: result REJECTED
2021-11-05 13:01:15,132 [76ef4e66-eace-4a3b-a369-d2a815523a61@group-A5B183601584-LeaderElection123] INFO  server.RaftServer$Division (RaftServerImpl.java:setRole(290)) - 76ef4e66-eace-4a3b-a369-d2a815523a61@group-A5B183601584: changes role from CANDIDATE to FOLLOWER at term 2 for REJECTED
2021-11-05 13:01:15,132 [76ef4e66-eace-4a3b-a369-d2a815523a61@group-A5B183601584-LeaderElection123] INFO  impl.RoleInfo (RoleInfo.java:shutdownLeaderElection(121)) - 76ef4e66-eace-4a3b-a369-d2a815523a61: shutdown 76ef4e66-eace-4a3b-a369-d2a815523a61@group-A5B183601584-LeaderElection123
2021-11-05 13:01:15,132 [76ef4e66-eace-4a3b-a369-d2a815523a61@group-A5B183601584-LeaderElection123] INFO  impl.RoleInfo (RoleInfo.java:updateAndGet(130)) - 76ef4e66-eace-4a3b-a369-d2a815523a61: start 76ef4e66-eace-4a3b-a369-d2a815523a61@group-A5B183601584-FollowerState
2021-11-05 13:01:15,211 [grpc-default-executor-4] INFO  server.RaftServer$Division (RaftServerImpl.java:requestVote(1046)) - 76ef4e66-eace-4a3b-a369-d2a815523a61@group-A5B183601584: receive requestVote(ELECTION, f0359a9b-bc21-4a61-b53d-8d2dd84c6fc1, group-A5B183601584, 2, (t:0, i:0))
2021-11-05 13:01:15,211 [grpc-default-executor-4] INFO  impl.VoteContext (VoteContext.java:log(48)) - 76ef4e66-eace-4a3b-a369-d2a815523a61@group-A5B183601584-FOLLOWER: reject ELECTION from f0359a9b-bc21-4a61-b53d-8d2dd84c6fc1: already has voted for 76ef4e66-eace-4a3b-a369-d2a815523a61 at current term 2
2021-11-05 13:01:15,211 [grpc-default-executor-4] INFO  server.RaftServer$Division (RaftServerImpl.java:requestVote(1078)) - 76ef4e66-eace-4a3b-a369-d2a815523a61@group-A5B183601584 replies to ELECTION vote request: f0359a9b-bc21-4a61-b53d-8d2dd84c6fc1<-76ef4e66-eace-4a3b-a369-d2a815523a61#0:FAIL-t2. Peer's state: 76ef4e66-eace-4a3b-a369-d2a815523a61@group-A5B183601584:t2, leader=null, voted=76ef4e66-eace-4a3b-a369-d2a815523a61, raftlog=76ef4e66-eace-4a3b-a369-d2a815523a61@group-A5B183601584-SegmentedRaftLog:OPENED:c-1, conf=-1: [f0359a9b-bc21-4a61-b53d-8d2dd84c6fc1|rpc:10.1.0.23:44285|priority:1, 76ef4e66-eace-4a3b-a369-d2a815523a61|rpc:10.1.0.23:41987|priority:0, fa45fd2a-a6ef-4106-9a44-777d17a8e8f4|rpc:10.1.0.23:43989|priority:0], old=null
2021-11-05 13:01:15,233 [f0359a9b-bc21-4a61-b53d-8d2dd84c6fc1@group-A5B183601584-LeaderElection124] INFO  impl.LeaderElection (LogUtils.java:infoOrTrace(137)) - f0359a9b-bc21-4a61-b53d-8d2dd84c6fc1@group-A5B183601584-LeaderElection124 got exception when requesting votes: java.util.concurrent.ExecutionException: org.apache.ratis.thirdparty.io.grpc.StatusRuntimeException: UNAVAILABLE: io exception
2021-11-05 13:01:15,233 [f0359a9b-bc21-4a61-b53d-8d2dd84c6fc1@group-A5B183601584-LeaderElection124] INFO  impl.LeaderElection (LeaderElection.java:logAndReturn(89)) - f0359a9b-bc21-4a61-b53d-8d2dd84c6fc1@group-A5B183601584-LeaderElection124: ELECTION REJECTED received 1 response(s) and 1 exception(s):
2021-11-05 13:01:15,233 [f0359a9b-bc21-4a61-b53d-8d2dd84c6fc1@group-A5B183601584-LeaderElection124] INFO  impl.LeaderElection (LeaderElection.java:logAndReturn(93)) -   Response 0: f0359a9b-bc21-4a61-b53d-8d2dd84c6fc1<-76ef4e66-eace-4a3b-a369-d2a815523a61#0:FAIL-t2
2021-11-05 13:01:15,233 [f0359a9b-bc21-4a61-b53d-8d2dd84c6fc1@group-A5B183601584-LeaderElection124] INFO  impl.LeaderElection (LogUtils.java:infoOrTrace(137)) -   Exception 1: java.util.concurrent.ExecutionException: org.apache.ratis.thirdparty.io.grpc.StatusRuntimeException: UNAVAILABLE: io exception
2021-11-05 13:01:15,233 [f0359a9b-bc21-4a61-b53d-8d2dd84c6fc1@group-A5B183601584-LeaderElection124] INFO  impl.LeaderElection (LeaderElection.java:askForVotes(308)) - f0359a9b-bc21-4a61-b53d-8d2dd84c6fc1@group-A5B183601584-LeaderElection124 ELECTION round 0: result REJECTED
2021-11-05 13:01:15,234 [f0359a9b-bc21-4a61-b53d-8d2dd84c6fc1@group-A5B183601584-LeaderElection124] INFO  server.RaftServer$Division (RaftServerImpl.java:setRole(290)) - f0359a9b-bc21-4a61-b53d-8d2dd84c6fc1@group-A5B183601584: changes role from CANDIDATE to FOLLOWER at term 2 for REJECTED
2021-11-05 13:01:15,234 [f0359a9b-bc21-4a61-b53d-8d2dd84c6fc1@group-A5B183601584-LeaderElection124] INFO  impl.RoleInfo (RoleInfo.java:shutdownLeaderElection(121)) - f0359a9b-bc21-4a61-b53d-8d2dd84c6fc1: shutdown f0359a9b-bc21-4a61-b53d-8d2dd84c6fc1@group-A5B183601584-LeaderElection124
2021-11-05 13:01:15,234 [f0359a9b-bc21-4a61-b53d-8d2dd84c6fc1@group-A5B183601584-LeaderElection124] INFO  impl.RoleInfo (RoleInfo.java:updateAndGet(130)) - f0359a9b-bc21-4a61-b53d-8d2dd84c6fc1: start f0359a9b-bc21-4a61-b53d-8d2dd84c6fc1@group-A5B183601584-FollowerState
2021-11-05 13:01:15,484 [grpc-default-executor-6] WARN  server.GrpcLogAppender (LogUtils.java:warn(122)) - 04351296-bb31-4c39-8b7c-2fcea1114805@group-321DBB24BC0F->f63fc592-5921-4d2a-8a56-22c1aba49965-AppendLogResponseHandler: Failed appendEntries: org.apache.ratis.thirdparty.io.grpc.StatusRuntimeException: UNAVAILABLE: io exception
2021-11-05 13:01:15,484 [grpc-default-executor-6] WARN  server.GrpcLogAppender (GrpcLogAppender.java:resetClient(110)) - 04351296-bb31-4c39-8b7c-2fcea1114805@group-321DBB24BC0F->f63fc592-5921-4d2a-8a56-22c1aba49965-GrpcLogAppender: Leader has not got in touch with Follower 04351296-bb31-4c39-8b7c-2fcea1114805@group-321DBB24BC0F->f63fc592-5921-4d2a-8a56-22c1aba49965(c0,m0,n1, attendVote=true, lastRpcSendTime=2507, lastRpcResponseTime=7538) yet, just keep nextIndex unchanged and retry.
2021-11-05 13:01:15,847 [f0359a9b-bc21-4a61-b53d-8d2dd84c6fc1@group-48CCFD0E3BB8-FollowerState] INFO  impl.FollowerState (FollowerState.java:run(134)) - f0359a9b-bc21-4a61-b53d-8d2dd84c6fc1@group-48CCFD0E3BB8-FollowerState: change to CANDIDATE, lastRpcElapsedTime:5095985717ns, electionTimeout:5019ms
2021-11-05 13:01:15,847 [f0359a9b-bc21-4a61-b53d-8d2dd84c6fc1@group-48CCFD0E3BB8-FollowerState] INFO  impl.RoleInfo (RoleInfo.java:shutdownFollowerState(108)) - f0359a9b-bc21-4a61-b53d-8d2dd84c6fc1: shutdown f0359a9b-bc21-4a61-b53d-8d2dd84c6fc1@group-48CCFD0E3BB8-FollowerState
2021-11-05 13:01:15,847 [f0359a9b-bc21-4a61-b53d-8d2dd84c6fc1@group-48CCFD0E3BB8-FollowerState] INFO  server.RaftServer$Division (RaftServerImpl.java:setRole(290)) - f0359a9b-bc21-4a61-b53d-8d2dd84c6fc1@group-48CCFD0E3BB8: changes role from  FOLLOWER to CANDIDATE at term 1 for changeToCandidate
2021-11-05 13:01:15,847 [f0359a9b-bc21-4a61-b53d-8d2dd84c6fc1@group-48CCFD0E3BB8-FollowerState] INFO  server.RaftServerConfigKeys (ConfUtils.java:logGet(44)) - raft.server.leaderelection.pre-vote = false (custom)
2021-11-05 13:01:15,847 [f0359a9b-bc21-4a61-b53d-8d2dd84c6fc1@group-48CCFD0E3BB8-FollowerState] INFO  impl.RoleInfo (RoleInfo.java:updateAndGet(130)) - f0359a9b-bc21-4a61-b53d-8d2dd84c6fc1: start f0359a9b-bc21-4a61-b53d-8d2dd84c6fc1@group-48CCFD0E3BB8-LeaderElection125
2021-11-05 13:01:15,848 [3ae4cb20-15ad-4779-a013-5b0fdc3aaee7@group-48CCFD0E3BB8-FollowerState] INFO  impl.FollowerState (FollowerState.java:run(134)) - 3ae4cb20-15ad-4779-a013-5b0fdc3aaee7@group-48CCFD0E3BB8-FollowerState: change to CANDIDATE, lastRpcElapsedTime:5081610609ns, electionTimeout:5036ms
2021-11-05 13:01:15,848 [3ae4cb20-15ad-4779-a013-5b0fdc3aaee7@group-48CCFD0E3BB8-FollowerState] INFO  impl.RoleInfo (RoleInfo.java:shutdownFollowerState(108)) - 3ae4cb20-15ad-4779-a013-5b0fdc3aaee7: shutdown 3ae4cb20-15ad-4779-a013-5b0fdc3aaee7@group-48CCFD0E3BB8-FollowerState
2021-11-05 13:01:15,848 [3ae4cb20-15ad-4779-a013-5b0fdc3aaee7@group-48CCFD0E3BB8-FollowerState] INFO  server.RaftServer$Division (RaftServerImpl.java:setRole(290)) - 3ae4cb20-15ad-4779-a013-5b0fdc3aaee7@group-48CCFD0E3BB8: changes role from  FOLLOWER to CANDIDATE at term 1 for changeToCandidate
2021-11-05 13:01:15,853 [3ae4cb20-15ad-4779-a013-5b0fdc3aaee7@group-48CCFD0E3BB8-FollowerState] INFO  server.RaftServerConfigKeys (ConfUtils.java:logGet(44)) - raft.server.leaderelection.pre-vote = false (custom)
2021-11-05 13:01:15,853 [3ae4cb20-15ad-4779-a013-5b0fdc3aaee7@group-48CCFD0E3BB8-FollowerState] INFO  impl.RoleInfo (RoleInfo.java:updateAndGet(130)) - 3ae4cb20-15ad-4779-a013-5b0fdc3aaee7: start 3ae4cb20-15ad-4779-a013-5b0fdc3aaee7@group-48CCFD0E3BB8-LeaderElection126
2021-11-05 13:01:15,856 [f0359a9b-bc21-4a61-b53d-8d2dd84c6fc1@group-48CCFD0E3BB8-LeaderElection125] INFO  impl.LeaderElection (LeaderElection.java:askForVotes(306)) - f0359a9b-bc21-4a61-b53d-8d2dd84c6fc1@group-48CCFD0E3BB8-LeaderElection125 ELECTION round 0: submit vote requests at term 2 for -1: [f0359a9b-bc21-4a61-b53d-8d2dd84c6fc1|rpc:10.1.0.23:44285|priority:0, fa45fd2a-a6ef-4106-9a44-777d17a8e8f4|rpc:10.1.0.23:43989|priority:1, 3ae4cb20-15ad-4779-a013-5b0fdc3aaee7|rpc:10.1.0.23:35115|priority:0], old=null
2021-11-05 13:01:15,865 [3ae4cb20-15ad-4779-a013-5b0fdc3aaee7@group-48CCFD0E3BB8-LeaderElection126] INFO  impl.LeaderElection (LeaderElection.java:askForVotes(306)) - 3ae4cb20-15ad-4779-a013-5b0fdc3aaee7@group-48CCFD0E3BB8-LeaderElection126 ELECTION round 0: submit vote requests at term 2 for -1: [f0359a9b-bc21-4a61-b53d-8d2dd84c6fc1|rpc:10.1.0.23:44285|priority:0, fa45fd2a-a6ef-4106-9a44-777d17a8e8f4|rpc:10.1.0.23:43989|priority:1, 3ae4cb20-15ad-4779-a013-5b0fdc3aaee7|rpc:10.1.0.23:35115|priority:0], old=null
2021-11-05 13:01:15,896 [f0359a9b-bc21-4a61-b53d-8d2dd84c6fc1@group-48CCFD0E3BB8-LeaderElection125] INFO  impl.LeaderElection (LogUtils.java:infoOrTrace(137)) - f0359a9b-bc21-4a61-b53d-8d2dd84c6fc1@group-48CCFD0E3BB8-LeaderElection125 got exception when requesting votes: java.util.concurrent.ExecutionException: org.apache.ratis.thirdparty.io.grpc.StatusRuntimeException: UNAVAILABLE: io exception
2021-11-05 13:01:15,897 [grpc-default-executor-6] INFO  server.RaftServer$Division (RaftServerImpl.java:requestVote(1046)) - 3ae4cb20-15ad-4779-a013-5b0fdc3aaee7@group-48CCFD0E3BB8: receive requestVote(ELECTION, f0359a9b-bc21-4a61-b53d-8d2dd84c6fc1, group-48CCFD0E3BB8, 2, (t:0, i:0))
2021-11-05 13:01:15,898 [grpc-default-executor-6] INFO  impl.VoteContext (VoteContext.java:log(48)) - 3ae4cb20-15ad-4779-a013-5b0fdc3aaee7@group-48CCFD0E3BB8-CANDIDATE: reject ELECTION from f0359a9b-bc21-4a61-b53d-8d2dd84c6fc1: already has voted for 3ae4cb20-15ad-4779-a013-5b0fdc3aaee7 at current term 2
2021-11-05 13:01:15,898 [grpc-default-executor-6] INFO  server.RaftServer$Division (RaftServerImpl.java:requestVote(1078)) - 3ae4cb20-15ad-4779-a013-5b0fdc3aaee7@group-48CCFD0E3BB8 replies to ELECTION vote request: f0359a9b-bc21-4a61-b53d-8d2dd84c6fc1<-3ae4cb20-15ad-4779-a013-5b0fdc3aaee7#0:FAIL-t2. Peer's state: 3ae4cb20-15ad-4779-a013-5b0fdc3aaee7@group-48CCFD0E3BB8:t2, leader=null, voted=3ae4cb20-15ad-4779-a013-5b0fdc3aaee7, raftlog=3ae4cb20-15ad-4779-a013-5b0fdc3aaee7@group-48CCFD0E3BB8-SegmentedRaftLog:OPENED:c-1, conf=-1: [f0359a9b-bc21-4a61-b53d-8d2dd84c6fc1|rpc:10.1.0.23:44285|priority:0, fa45fd2a-a6ef-4106-9a44-777d17a8e8f4|rpc:10.1.0.23:43989|priority:1, 3ae4cb20-15ad-4779-a013-5b0fdc3aaee7|rpc:10.1.0.23:35115|priority:0], old=null
2021-11-05 13:01:15,905 [grpc-default-executor-6] INFO  server.RaftServer$Division (RaftServerImpl.java:requestVote(1046)) - f0359a9b-bc21-4a61-b53d-8d2dd84c6fc1@group-48CCFD0E3BB8: receive requestVote(ELECTION, 3ae4cb20-15ad-4779-a013-5b0fdc3aaee7, group-48CCFD0E3BB8, 2, (t:0, i:0))
2021-11-05 13:01:15,905 [grpc-default-executor-6] INFO  impl.VoteContext (VoteContext.java:log(48)) - f0359a9b-bc21-4a61-b53d-8d2dd84c6fc1@group-48CCFD0E3BB8-CANDIDATE: reject ELECTION from 3ae4cb20-15ad-4779-a013-5b0fdc3aaee7: already has voted for f0359a9b-bc21-4a61-b53d-8d2dd84c6fc1 at current term 2
2021-11-05 13:01:15,905 [grpc-default-executor-6] INFO  server.RaftServer$Division (RaftServerImpl.java:requestVote(1078)) - f0359a9b-bc21-4a61-b53d-8d2dd84c6fc1@group-48CCFD0E3BB8 replies to ELECTION vote request: 3ae4cb20-15ad-4779-a013-5b0fdc3aaee7<-f0359a9b-bc21-4a61-b53d-8d2dd84c6fc1#0:FAIL-t2. Peer's state: f0359a9b-bc21-4a61-b53d-8d2dd84c6fc1@group-48CCFD0E3BB8:t2, leader=null, voted=f0359a9b-bc21-4a61-b53d-8d2dd84c6fc1, raftlog=f0359a9b-bc21-4a61-b53d-8d2dd84c6fc1@group-48CCFD0E3BB8-SegmentedRaftLog:OPENED:c-1, conf=-1: [f0359a9b-bc21-4a61-b53d-8d2dd84c6fc1|rpc:10.1.0.23:44285|priority:0, fa45fd2a-a6ef-4106-9a44-777d17a8e8f4|rpc:10.1.0.23:43989|priority:1, 3ae4cb20-15ad-4779-a013-5b0fdc3aaee7|rpc:10.1.0.23:35115|priority:0], old=null
2021-11-05 13:01:15,919 [f0359a9b-bc21-4a61-b53d-8d2dd84c6fc1@group-48CCFD0E3BB8-LeaderElection125] INFO  impl.LeaderElection (LeaderElection.java:logAndReturn(89)) - f0359a9b-bc21-4a61-b53d-8d2dd84c6fc1@group-48CCFD0E3BB8-LeaderElection125: ELECTION REJECTED received 1 response(s) and 1 exception(s):
2021-11-05 13:01:15,919 [f0359a9b-bc21-4a61-b53d-8d2dd84c6fc1@group-48CCFD0E3BB8-LeaderElection125] INFO  impl.LeaderElection (LeaderElection.java:logAndReturn(93)) -   Response 0: f0359a9b-bc21-4a61-b53d-8d2dd84c6fc1<-3ae4cb20-15ad-4779-a013-5b0fdc3aaee7#0:FAIL-t2
2021-11-05 13:01:15,919 [f0359a9b-bc21-4a61-b53d-8d2dd84c6fc1@group-48CCFD0E3BB8-LeaderElection125] INFO  impl.LeaderElection (LogUtils.java:infoOrTrace(137)) -   Exception 1: java.util.concurrent.ExecutionException: org.apache.ratis.thirdparty.io.grpc.StatusRuntimeException: UNAVAILABLE: io exception
2021-11-05 13:01:15,919 [f0359a9b-bc21-4a61-b53d-8d2dd84c6fc1@group-48CCFD0E3BB8-LeaderElection125] INFO  impl.LeaderElection (LeaderElection.java:askForVotes(308)) - f0359a9b-bc21-4a61-b53d-8d2dd84c6fc1@group-48CCFD0E3BB8-LeaderElection125 ELECTION round 0: result REJECTED
2021-11-05 13:01:15,919 [f0359a9b-bc21-4a61-b53d-8d2dd84c6fc1@group-48CCFD0E3BB8-LeaderElection125] INFO  server.RaftServer$Division (RaftServerImpl.java:setRole(290)) - f0359a9b-bc21-4a61-b53d-8d2dd84c6fc1@group-48CCFD0E3BB8: changes role from CANDIDATE to FOLLOWER at term 2 for REJECTED
2021-11-05 13:01:15,919 [f0359a9b-bc21-4a61-b53d-8d2dd84c6fc1@group-48CCFD0E3BB8-LeaderElection125] INFO  impl.RoleInfo (RoleInfo.java:shutdownLeaderElection(121)) - f0359a9b-bc21-4a61-b53d-8d2dd84c6fc1: shutdown f0359a9b-bc21-4a61-b53d-8d2dd84c6fc1@group-48CCFD0E3BB8-LeaderElection125
2021-11-05 13:01:15,919 [f0359a9b-bc21-4a61-b53d-8d2dd84c6fc1@group-48CCFD0E3BB8-LeaderElection125] INFO  impl.RoleInfo (RoleInfo.java:updateAndGet(130)) - f0359a9b-bc21-4a61-b53d-8d2dd84c6fc1: start f0359a9b-bc21-4a61-b53d-8d2dd84c6fc1@group-48CCFD0E3BB8-FollowerState
2021-11-05 13:01:15,951 [f0359a9b-bc21-4a61-b53d-8d2dd84c6fc1@group-479BF459BC53-FollowerState] INFO  impl.FollowerState (FollowerState.java:run(134)) - f0359a9b-bc21-4a61-b53d-8d2dd84c6fc1@group-479BF459BC53-FollowerState: change to CANDIDATE, lastRpcElapsedTime:5016275780ns, electionTimeout:5011ms
2021-11-05 13:01:15,951 [f0359a9b-bc21-4a61-b53d-8d2dd84c6fc1@group-479BF459BC53-FollowerState] INFO  impl.RoleInfo (RoleInfo.java:shutdownFollowerState(108)) - f0359a9b-bc21-4a61-b53d-8d2dd84c6fc1: shutdown f0359a9b-bc21-4a61-b53d-8d2dd84c6fc1@group-479BF459BC53-FollowerState
2021-11-05 13:01:15,951 [f0359a9b-bc21-4a61-b53d-8d2dd84c6fc1@group-479BF459BC53-FollowerState] INFO  server.RaftServer$Division (RaftServerImpl.java:setRole(290)) - f0359a9b-bc21-4a61-b53d-8d2dd84c6fc1@group-479BF459BC53: changes role from  FOLLOWER to CANDIDATE at term 1 for changeToCandidate
2021-11-05 13:01:15,956 [3ae4cb20-15ad-4779-a013-5b0fdc3aaee7@group-479BF459BC53-FollowerState] INFO  impl.FollowerState (FollowerState.java:run(134)) - 3ae4cb20-15ad-4779-a013-5b0fdc3aaee7@group-479BF459BC53-FollowerState: change to CANDIDATE, lastRpcElapsedTime:5091993314ns, electionTimeout:5085ms
2021-11-05 13:01:15,956 [3ae4cb20-15ad-4779-a013-5b0fdc3aaee7@group-479BF459BC53-FollowerState] INFO  impl.RoleInfo (RoleInfo.java:shutdownFollowerState(108)) - 3ae4cb20-15ad-4779-a013-5b0fdc3aaee7: shutdown 3ae4cb20-15ad-4779-a013-5b0fdc3aaee7@group-479BF459BC53-FollowerState
2021-11-05 13:01:15,956 [3ae4cb20-15ad-4779-a013-5b0fdc3aaee7@group-479BF459BC53-FollowerState] INFO  server.RaftServer$Division (RaftServerImpl.java:setRole(290)) - 3ae4cb20-15ad-4779-a013-5b0fdc3aaee7@group-479BF459BC53: changes role from  FOLLOWER to CANDIDATE at term 1 for changeToCandidate
2021-11-05 13:01:15,961 [3ae4cb20-15ad-4779-a013-5b0fdc3aaee7@group-479BF459BC53-FollowerState] INFO  server.RaftServerConfigKeys (ConfUtils.java:logGet(44)) - raft.server.leaderelection.pre-vote = false (custom)
2021-11-05 13:01:15,961 [3ae4cb20-15ad-4779-a013-5b0fdc3aaee7@group-479BF459BC53-FollowerState] INFO  impl.RoleInfo (RoleInfo.java:updateAndGet(130)) - 3ae4cb20-15ad-4779-a013-5b0fdc3aaee7: start 3ae4cb20-15ad-4779-a013-5b0fdc3aaee7@group-479BF459BC53-LeaderElection128
2021-11-05 13:01:15,968 [f0359a9b-bc21-4a61-b53d-8d2dd84c6fc1@group-479BF459BC53-FollowerState] INFO  server.RaftServerConfigKeys (ConfUtils.java:logGet(44)) - raft.server.leaderelection.pre-vote = false (custom)
2021-11-05 13:01:15,968 [f0359a9b-bc21-4a61-b53d-8d2dd84c6fc1@group-479BF459BC53-FollowerState] INFO  impl.RoleInfo (RoleInfo.java:updateAndGet(130)) - f0359a9b-bc21-4a61-b53d-8d2dd84c6fc1: start f0359a9b-bc21-4a61-b53d-8d2dd84c6fc1@group-479BF459BC53-LeaderElection127
2021-11-05 13:01:15,969 [3ae4cb20-15ad-4779-a013-5b0fdc3aaee7@group-48CCFD0E3BB8-LeaderElection126] INFO  impl.LeaderElection (LogUtils.java:infoOrTrace(137)) - 3ae4cb20-15ad-4779-a013-5b0fdc3aaee7@group-48CCFD0E3BB8-LeaderElection126 got exception when requesting votes: java.util.concurrent.ExecutionException: org.apache.ratis.thirdparty.io.grpc.StatusRuntimeException: UNAVAILABLE: io exception
2021-11-05 13:01:15,969 [3ae4cb20-15ad-4779-a013-5b0fdc3aaee7@group-48CCFD0E3BB8-LeaderElection126] INFO  impl.LeaderElection (LeaderElection.java:logAndReturn(89)) - 3ae4cb20-15ad-4779-a013-5b0fdc3aaee7@group-48CCFD0E3BB8-LeaderElection126: ELECTION REJECTED received 1 response(s) and 1 exception(s):
2021-11-05 13:01:15,969 [3ae4cb20-15ad-4779-a013-5b0fdc3aaee7@group-48CCFD0E3BB8-LeaderElection126] INFO  impl.LeaderElection (LeaderElection.java:logAndReturn(93)) -   Response 0: 3ae4cb20-15ad-4779-a013-5b0fdc3aaee7<-f0359a9b-bc21-4a61-b53d-8d2dd84c6fc1#0:FAIL-t2
2021-11-05 13:01:15,969 [3ae4cb20-15ad-4779-a013-5b0fdc3aaee7@group-48CCFD0E3BB8-LeaderElection126] INFO  impl.LeaderElection (LogUtils.java:infoOrTrace(137)) -   Exception 1: java.util.concurrent.ExecutionException: org.apache.ratis.thirdparty.io.grpc.StatusRuntimeException: UNAVAILABLE: io exception
2021-11-05 13:01:15,969 [3ae4cb20-15ad-4779-a013-5b0fdc3aaee7@group-48CCFD0E3BB8-LeaderElection126] INFO  impl.LeaderElection (LeaderElection.java:askForVotes(308)) - 3ae4cb20-15ad-4779-a013-5b0fdc3aaee7@group-48CCFD0E3BB8-LeaderElection126 ELECTION round 0: result REJECTED
2021-11-05 13:01:15,969 [3ae4cb20-15ad-4779-a013-5b0fdc3aaee7@group-48CCFD0E3BB8-LeaderElection126] INFO  server.RaftServer$Division (RaftServerImpl.java:setRole(290)) - 3ae4cb20-15ad-4779-a013-5b0fdc3aaee7@group-48CCFD0E3BB8: changes role from CANDIDATE to FOLLOWER at term 2 for REJECTED
2021-11-05 13:01:15,969 [3ae4cb20-15ad-4779-a013-5b0fdc3aaee7@group-48CCFD0E3BB8-LeaderElection126] INFO  impl.RoleInfo (RoleInfo.java:shutdownLeaderElection(121)) - 3ae4cb20-15ad-4779-a013-5b0fdc3aaee7: shutdown 3ae4cb20-15ad-4779-a013-5b0fdc3aaee7@group-48CCFD0E3BB8-LeaderElection126
2021-11-05 13:01:15,969 [3ae4cb20-15ad-4779-a013-5b0fdc3aaee7@group-48CCFD0E3BB8-LeaderElection126] INFO  impl.RoleInfo (RoleInfo.java:updateAndGet(130)) - 3ae4cb20-15ad-4779-a013-5b0fdc3aaee7: start 3ae4cb20-15ad-4779-a013-5b0fdc3aaee7@group-48CCFD0E3BB8-FollowerState
2021-11-05 13:01:15,970 [3ae4cb20-15ad-4779-a013-5b0fdc3aaee7@group-479BF459BC53-LeaderElection128] INFO  impl.LeaderElection (LeaderElection.java:askForVotes(306)) - 3ae4cb20-15ad-4779-a013-5b0fdc3aaee7@group-479BF459BC53-LeaderElection128 ELECTION round 0: submit vote requests at term 2 for -1: [f0359a9b-bc21-4a61-b53d-8d2dd84c6fc1|rpc:10.1.0.23:44285|priority:0, 76ef4e66-eace-4a3b-a369-d2a815523a61|rpc:10.1.0.23:41987|priority:1, 3ae4cb20-15ad-4779-a013-5b0fdc3aaee7|rpc:10.1.0.23:35115|priority:0], old=null
2021-11-05 13:01:15,972 [grpc-default-executor-6] INFO  server.RaftServer$Division (RaftServerImpl.java:requestVote(1046)) - f0359a9b-bc21-4a61-b53d-8d2dd84c6fc1@group-479BF459BC53: receive requestVote(ELECTION, 3ae4cb20-15ad-4779-a013-5b0fdc3aaee7, group-479BF459BC53, 2, (t:0, i:0))
2021-11-05 13:01:15,972 [f0359a9b-bc21-4a61-b53d-8d2dd84c6fc1@group-479BF459BC53-LeaderElection127] INFO  impl.LeaderElection (LeaderElection.java:askForVotes(306)) - f0359a9b-bc21-4a61-b53d-8d2dd84c6fc1@group-479BF459BC53-LeaderElection127 ELECTION round 0: submit vote requests at term 2 for -1: [f0359a9b-bc21-4a61-b53d-8d2dd84c6fc1|rpc:10.1.0.23:44285|priority:0, 76ef4e66-eace-4a3b-a369-d2a815523a61|rpc:10.1.0.23:41987|priority:1, 3ae4cb20-15ad-4779-a013-5b0fdc3aaee7|rpc:10.1.0.23:35115|priority:0], old=null
2021-11-05 13:01:15,972 [grpc-default-executor-6] INFO  impl.VoteContext (VoteContext.java:log(48)) - f0359a9b-bc21-4a61-b53d-8d2dd84c6fc1@group-479BF459BC53-CANDIDATE: reject ELECTION from 3ae4cb20-15ad-4779-a013-5b0fdc3aaee7: already has voted for f0359a9b-bc21-4a61-b53d-8d2dd84c6fc1 at current term 2
2021-11-05 13:01:15,972 [grpc-default-executor-6] INFO  server.RaftServer$Division (RaftServerImpl.java:requestVote(1078)) - f0359a9b-bc21-4a61-b53d-8d2dd84c6fc1@group-479BF459BC53 replies to ELECTION vote request: 3ae4cb20-15ad-4779-a013-5b0fdc3aaee7<-f0359a9b-bc21-4a61-b53d-8d2dd84c6fc1#0:FAIL-t2. Peer's state: f0359a9b-bc21-4a61-b53d-8d2dd84c6fc1@group-479BF459BC53:t2, leader=null, voted=f0359a9b-bc21-4a61-b53d-8d2dd84c6fc1, raftlog=f0359a9b-bc21-4a61-b53d-8d2dd84c6fc1@group-479BF459BC53-SegmentedRaftLog:OPENED:c-1, conf=-1: [f0359a9b-bc21-4a61-b53d-8d2dd84c6fc1|rpc:10.1.0.23:44285|priority:0, 76ef4e66-eace-4a3b-a369-d2a815523a61|rpc:10.1.0.23:41987|priority:1, 3ae4cb20-15ad-4779-a013-5b0fdc3aaee7|rpc:10.1.0.23:35115|priority:0], old=null
2021-11-05 13:01:15,976 [grpc-default-executor-6] INFO  server.RaftServer$Division (RaftServerImpl.java:requestVote(1046)) - 76ef4e66-eace-4a3b-a369-d2a815523a61@group-479BF459BC53: receive requestVote(ELECTION, 3ae4cb20-15ad-4779-a013-5b0fdc3aaee7, group-479BF459BC53, 2, (t:0, i:0))
2021-11-05 13:01:15,976 [grpc-default-executor-6] INFO  impl.VoteContext (VoteContext.java:log(48)) - 76ef4e66-eace-4a3b-a369-d2a815523a61@group-479BF459BC53-FOLLOWER: reject ELECTION from 3ae4cb20-15ad-4779-a013-5b0fdc3aaee7: our priority 1 > candidate's priority 0
2021-11-05 13:01:15,976 [grpc-default-executor-6] INFO  server.RaftServer$Division (RaftServerImpl.java:setRole(290)) - 76ef4e66-eace-4a3b-a369-d2a815523a61@group-479BF459BC53: changes role from  FOLLOWER to FOLLOWER at term 2 for candidate:3ae4cb20-15ad-4779-a013-5b0fdc3aaee7
2021-11-05 13:01:15,976 [grpc-default-executor-6] INFO  impl.RoleInfo (RoleInfo.java:shutdownFollowerState(108)) - 76ef4e66-eace-4a3b-a369-d2a815523a61: shutdown 76ef4e66-eace-4a3b-a369-d2a815523a61@group-479BF459BC53-FollowerState
2021-11-05 13:01:15,977 [grpc-default-executor-4] INFO  server.RaftServer$Division (RaftServerImpl.java:requestVote(1046)) - 76ef4e66-eace-4a3b-a369-d2a815523a61@group-479BF459BC53: receive requestVote(ELECTION, f0359a9b-bc21-4a61-b53d-8d2dd84c6fc1, group-479BF459BC53, 2, (t:0, i:0))
2021-11-05 13:01:15,982 [grpc-default-executor-6] INFO  impl.RoleInfo (RoleInfo.java:updateAndGet(130)) - 76ef4e66-eace-4a3b-a369-d2a815523a61: start 76ef4e66-eace-4a3b-a369-d2a815523a61@group-479BF459BC53-FollowerState
2021-11-05 13:01:15,982 [76ef4e66-eace-4a3b-a369-d2a815523a61@group-479BF459BC53-FollowerState] INFO  impl.FollowerState (FollowerState.java:run(143)) - 76ef4e66-eace-4a3b-a369-d2a815523a61@group-479BF459BC53-FollowerState was interrupted: {}
java.lang.InterruptedException: sleep interrupted
	at java.lang.Thread.sleep(Native Method)
	at java.lang.Thread.sleep(Thread.java:340)
	at java.util.concurrent.TimeUnit.sleep(TimeUnit.java:386)
	at org.apache.ratis.util.TimeDuration.sleep(TimeDuration.java:324)
	at org.apache.ratis.util.TimeDuration.sleep(TimeDuration.java:309)
	at org.apache.ratis.server.impl.FollowerState.run(FollowerState.java:118)
2021-11-05 13:01:16,042 [grpc-default-executor-6] INFO  server.RaftServer$Division (RaftServerImpl.java:requestVote(1078)) - 76ef4e66-eace-4a3b-a369-d2a815523a61@group-479BF459BC53 replies to ELECTION vote request: 3ae4cb20-15ad-4779-a013-5b0fdc3aaee7<-76ef4e66-eace-4a3b-a369-d2a815523a61#0:FAIL-t2. Peer's state: 76ef4e66-eace-4a3b-a369-d2a815523a61@group-479BF459BC53:t2, leader=null, voted=null, raftlog=76ef4e66-eace-4a3b-a369-d2a815523a61@group-479BF459BC53-SegmentedRaftLog:OPENED:c-1, conf=-1: [f0359a9b-bc21-4a61-b53d-8d2dd84c6fc1|rpc:10.1.0.23:44285|priority:0, 76ef4e66-eace-4a3b-a369-d2a815523a61|rpc:10.1.0.23:41987|priority:1, 3ae4cb20-15ad-4779-a013-5b0fdc3aaee7|rpc:10.1.0.23:35115|priority:0], old=null
2021-11-05 13:01:16,043 [grpc-default-executor-4] INFO  impl.VoteContext (VoteContext.java:log(48)) - 76ef4e66-eace-4a3b-a369-d2a815523a61@group-479BF459BC53-FOLLOWER: reject ELECTION from f0359a9b-bc21-4a61-b53d-8d2dd84c6fc1: our priority 1 > candidate's priority 0
2021-11-05 13:01:16,043 [grpc-default-executor-4] INFO  server.RaftServer$Division (RaftServerImpl.java:setRole(290)) - 76ef4e66-eace-4a3b-a369-d2a815523a61@group-479BF459BC53: changes role from  FOLLOWER to FOLLOWER at term 2 for candidate:f0359a9b-bc21-4a61-b53d-8d2dd84c6fc1
2021-11-05 13:01:16,043 [grpc-default-executor-4] INFO  impl.RoleInfo (RoleInfo.java:shutdownFollowerState(108)) - 76ef4e66-eace-4a3b-a369-d2a815523a61: shutdown 76ef4e66-eace-4a3b-a369-d2a815523a61@group-479BF459BC53-FollowerState
2021-11-05 13:01:16,043 [grpc-default-executor-4] INFO  impl.RoleInfo (RoleInfo.java:updateAndGet(130)) - 76ef4e66-eace-4a3b-a369-d2a815523a61: start 76ef4e66-eace-4a3b-a369-d2a815523a61@group-479BF459BC53-FollowerState
2021-11-05 13:01:16,043 [grpc-default-executor-6] INFO  server.RaftServer$Division (RaftServerImpl.java:requestVote(1046)) - 3ae4cb20-15ad-4779-a013-5b0fdc3aaee7@group-479BF459BC53: receive requestVote(ELECTION, f0359a9b-bc21-4a61-b53d-8d2dd84c6fc1, group-479BF459BC53, 2, (t:0, i:0))
2021-11-05 13:01:16,043 [grpc-default-executor-6] INFO  impl.VoteContext (VoteContext.java:log(48)) - 3ae4cb20-15ad-4779-a013-5b0fdc3aaee7@group-479BF459BC53-CANDIDATE: reject ELECTION from f0359a9b-bc21-4a61-b53d-8d2dd84c6fc1: already has voted for 3ae4cb20-15ad-4779-a013-5b0fdc3aaee7 at current term 2
2021-11-05 13:01:16,043 [grpc-default-executor-6] INFO  server.RaftServer$Division (RaftServerImpl.java:requestVote(1078)) - 3ae4cb20-15ad-4779-a013-5b0fdc3aaee7@group-479BF459BC53 replies to ELECTION vote request: f0359a9b-bc21-4a61-b53d-8d2dd84c6fc1<-3ae4cb20-15ad-4779-a013-5b0fdc3aaee7#0:FAIL-t2. Peer's state: 3ae4cb20-15ad-4779-a013-5b0fdc3aaee7@group-479BF459BC53:t2, leader=null, voted=3ae4cb20-15ad-4779-a013-5b0fdc3aaee7, raftlog=3ae4cb20-15ad-4779-a013-5b0fdc3aaee7@group-479BF459BC53-SegmentedRaftLog:OPENED:c-1, conf=-1: [f0359a9b-bc21-4a61-b53d-8d2dd84c6fc1|rpc:10.1.0.23:44285|priority:0, 76ef4e66-eace-4a3b-a369-d2a815523a61|rpc:10.1.0.23:41987|priority:1, 3ae4cb20-15ad-4779-a013-5b0fdc3aaee7|rpc:10.1.0.23:35115|priority:0], old=null
2021-11-05 13:01:16,052 [grpc-default-executor-4] INFO  server.RaftServer$Division (RaftServerImpl.java:requestVote(1078)) - 76ef4e66-eace-4a3b-a369-d2a815523a61@group-479BF459BC53 replies to ELECTION vote request: f0359a9b-bc21-4a61-b53d-8d2dd84c6fc1<-76ef4e66-eace-4a3b-a369-d2a815523a61#0:FAIL-t2. Peer's state: 76ef4e66-eace-4a3b-a369-d2a815523a61@group-479BF459BC53:t2, leader=null, voted=null, raftlog=76ef4e66-eace-4a3b-a369-d2a815523a61@group-479BF459BC53-SegmentedRaftLog:OPENED:c-1, conf=-1: [f0359a9b-bc21-4a61-b53d-8d2dd84c6fc1|rpc:10.1.0.23:44285|priority:0, 76ef4e66-eace-4a3b-a369-d2a815523a61|rpc:10.1.0.23:41987|priority:1, 3ae4cb20-15ad-4779-a013-5b0fdc3aaee7|rpc:10.1.0.23:35115|priority:0], old=null
2021-11-05 13:01:16,052 [3ae4cb20-15ad-4779-a013-5b0fdc3aaee7@group-479BF459BC53-LeaderElection128] INFO  impl.LeaderElection (LeaderElection.java:logAndReturn(89)) - 3ae4cb20-15ad-4779-a013-5b0fdc3aaee7@group-479BF459BC53-LeaderElection128: ELECTION REJECTED received 2 response(s) and 0 exception(s):
2021-11-05 13:01:16,052 [3ae4cb20-15ad-4779-a013-5b0fdc3aaee7@group-479BF459BC53-LeaderElection128] INFO  impl.LeaderElection (LeaderElection.java:logAndReturn(93)) -   Response 0: 3ae4cb20-15ad-4779-a013-5b0fdc3aaee7<-f0359a9b-bc21-4a61-b53d-8d2dd84c6fc1#0:FAIL-t2
2021-11-05 13:01:16,052 [3ae4cb20-15ad-4779-a013-5b0fdc3aaee7@group-479BF459BC53-LeaderElection128] INFO  impl.LeaderElection (LeaderElection.java:logAndReturn(93)) -   Response 1: 3ae4cb20-15ad-4779-a013-5b0fdc3aaee7<-76ef4e66-eace-4a3b-a369-d2a815523a61#0:FAIL-t2
2021-11-05 13:01:16,053 [3ae4cb20-15ad-4779-a013-5b0fdc3aaee7@group-479BF459BC53-LeaderElection128] INFO  impl.LeaderElection (LeaderElection.java:askForVotes(308)) - 3ae4cb20-15ad-4779-a013-5b0fdc3aaee7@group-479BF459BC53-LeaderElection128 ELECTION round 0: result REJECTED
2021-11-05 13:01:16,053 [3ae4cb20-15ad-4779-a013-5b0fdc3aaee7@group-479BF459BC53-LeaderElection128] INFO  server.RaftServer$Division (RaftServerImpl.java:setRole(290)) - 3ae4cb20-15ad-4779-a013-5b0fdc3aaee7@group-479BF459BC53: changes role from CANDIDATE to FOLLOWER at term 2 for REJECTED
2021-11-05 13:01:16,053 [3ae4cb20-15ad-4779-a013-5b0fdc3aaee7@group-479BF459BC53-LeaderElection128] INFO  impl.RoleInfo (RoleInfo.java:shutdownLeaderElection(121)) - 3ae4cb20-15ad-4779-a013-5b0fdc3aaee7: shutdown 3ae4cb20-15ad-4779-a013-5b0fdc3aaee7@group-479BF459BC53-LeaderElection128
2021-11-05 13:01:16,053 [3ae4cb20-15ad-4779-a013-5b0fdc3aaee7@group-479BF459BC53-LeaderElection128] INFO  impl.RoleInfo (RoleInfo.java:updateAndGet(130)) - 3ae4cb20-15ad-4779-a013-5b0fdc3aaee7: start 3ae4cb20-15ad-4779-a013-5b0fdc3aaee7@group-479BF459BC53-FollowerState
2021-11-05 13:01:16,100 [f0359a9b-bc21-4a61-b53d-8d2dd84c6fc1@group-479BF459BC53-LeaderElection127] INFO  impl.LeaderElection (LeaderElection.java:logAndReturn(89)) - f0359a9b-bc21-4a61-b53d-8d2dd84c6fc1@group-479BF459BC53-LeaderElection127: ELECTION REJECTED received 1 response(s) and 0 exception(s):
2021-11-05 13:01:16,100 [f0359a9b-bc21-4a61-b53d-8d2dd84c6fc1@group-479BF459BC53-LeaderElection127] INFO  impl.LeaderElection (LeaderElection.java:logAndReturn(93)) -   Response 0: f0359a9b-bc21-4a61-b53d-8d2dd84c6fc1<-76ef4e66-eace-4a3b-a369-d2a815523a61#0:FAIL-t2
2021-11-05 13:01:16,100 [f0359a9b-bc21-4a61-b53d-8d2dd84c6fc1@group-479BF459BC53-LeaderElection127] INFO  impl.LeaderElection (LeaderElection.java:askForVotes(308)) - f0359a9b-bc21-4a61-b53d-8d2dd84c6fc1@group-479BF459BC53-LeaderElection127 ELECTION round 0: result REJECTED
2021-11-05 13:01:16,100 [f0359a9b-bc21-4a61-b53d-8d2dd84c6fc1@group-479BF459BC53-LeaderElection127] INFO  server.RaftServer$Division (RaftServerImpl.java:setRole(290)) - f0359a9b-bc21-4a61-b53d-8d2dd84c6fc1@group-479BF459BC53: changes role from CANDIDATE to FOLLOWER at term 2 for REJECTED
2021-11-05 13:01:16,100 [f0359a9b-bc21-4a61-b53d-8d2dd84c6fc1@group-479BF459BC53-LeaderElection127] INFO  impl.RoleInfo (RoleInfo.java:shutdownLeaderElection(121)) - f0359a9b-bc21-4a61-b53d-8d2dd84c6fc1: shutdown f0359a9b-bc21-4a61-b53d-8d2dd84c6fc1@group-479BF459BC53-LeaderElection127
2021-11-05 13:01:16,100 [f0359a9b-bc21-4a61-b53d-8d2dd84c6fc1@group-479BF459BC53-LeaderElection127] INFO  impl.RoleInfo (RoleInfo.java:updateAndGet(130)) - f0359a9b-bc21-4a61-b53d-8d2dd84c6fc1: start f0359a9b-bc21-4a61-b53d-8d2dd84c6fc1@group-479BF459BC53-FollowerState
2021-11-05 13:01:16,153 [grpc-default-executor-6] WARN  server.GrpcLogAppender (LogUtils.java:warn(122)) - 04351296-bb31-4c39-8b7c-2fcea1114805@group-30A45C208CA2->f63fc592-5921-4d2a-8a56-22c1aba49965-AppendLogResponseHandler: Failed appendEntries: org.apache.ratis.thirdparty.io.grpc.StatusRuntimeException: UNAVAILABLE: io exception
2021-11-05 13:01:16,153 [grpc-default-executor-6] WARN  server.GrpcLogAppender (GrpcLogAppender.java:resetClient(110)) - 04351296-bb31-4c39-8b7c-2fcea1114805@group-30A45C208CA2->f63fc592-5921-4d2a-8a56-22c1aba49965-GrpcLogAppender: Leader has not got in touch with Follower 04351296-bb31-4c39-8b7c-2fcea1114805@group-30A45C208CA2->f63fc592-5921-4d2a-8a56-22c1aba49965(c-1,m0,n3, attendVote=true, lastRpcSendTime=2520, lastRpcResponseTime=8028) yet, just keep nextIndex unchanged and retry.
2021-11-05 13:01:17,453 [grpc-default-executor-4] WARN  server.GrpcLogAppender (LogUtils.java:warn(122)) - fae3de48-3e9f-4cc7-8f85-17bb385fc42a@group-2717592FE90B->f63fc592-5921-4d2a-8a56-22c1aba49965-AppendLogResponseHandler: Failed appendEntries: org.apache.ratis.thirdparty.io.grpc.StatusRuntimeException: UNAVAILABLE: io exception
2021-11-05 13:01:17,454 [grpc-default-executor-4] WARN  server.GrpcLogAppender (GrpcLogAppender.java:resetClient(110)) - fae3de48-3e9f-4cc7-8f85-17bb385fc42a@group-2717592FE90B->f63fc592-5921-4d2a-8a56-22c1aba49965-GrpcLogAppender: Leader has not got in touch with Follower fae3de48-3e9f-4cc7-8f85-17bb385fc42a@group-2717592FE90B->f63fc592-5921-4d2a-8a56-22c1aba49965(c0,m0,n1, attendVote=true, lastRpcSendTime=2502, lastRpcResponseTime=10079) yet, just keep nextIndex unchanged and retry.
2021-11-05 13:01:17,592 [grpc-default-executor-4] WARN  server.GrpcLogAppender (LogUtils.java:warn(122)) - 3ae4cb20-15ad-4779-a013-5b0fdc3aaee7@group-0869023E3DC0->fa45fd2a-a6ef-4106-9a44-777d17a8e8f4-AppendLogResponseHandler: Failed appendEntries: org.apache.ratis.thirdparty.io.grpc.StatusRuntimeException: UNAVAILABLE: io exception
2021-11-05 13:01:17,592 [grpc-default-executor-4] WARN  server.GrpcLogAppender (GrpcLogAppender.java:resetClient(110)) - 3ae4cb20-15ad-4779-a013-5b0fdc3aaee7@group-0869023E3DC0->fa45fd2a-a6ef-4106-9a44-777d17a8e8f4-GrpcLogAppender: Leader has not got in touch with Follower 3ae4cb20-15ad-4779-a013-5b0fdc3aaee7@group-0869023E3DC0->fa45fd2a-a6ef-4106-9a44-777d17a8e8f4(c-1,m0,n1, attendVote=true, lastRpcSendTime=0, lastRpcResponseTime=12873) yet, just keep nextIndex unchanged and retry.
2021-11-05 13:01:18,014 [grpc-default-executor-4] WARN  server.GrpcLogAppender (LogUtils.java:warn(122)) - 04351296-bb31-4c39-8b7c-2fcea1114805@group-321DBB24BC0F->f63fc592-5921-4d2a-8a56-22c1aba49965-AppendLogResponseHandler: Failed appendEntries: org.apache.ratis.thirdparty.io.grpc.StatusRuntimeException: UNAVAILABLE: io exception
2021-11-05 13:01:18,015 [grpc-default-executor-4] WARN  server.GrpcLogAppender (GrpcLogAppender.java:resetClient(110)) - 04351296-bb31-4c39-8b7c-2fcea1114805@group-321DBB24BC0F->f63fc592-5921-4d2a-8a56-22c1aba49965-GrpcLogAppender: Leader has not got in touch with Follower 04351296-bb31-4c39-8b7c-2fcea1114805@group-321DBB24BC0F->f63fc592-5921-4d2a-8a56-22c1aba49965(c0,m0,n1, attendVote=true, lastRpcSendTime=0, lastRpcResponseTime=10068) yet, just keep nextIndex unchanged and retry.
2021-11-05 13:01:18,041 [Listener at 127.0.0.1/42119] INFO  ozoneimpl.OzoneContainer (OzoneContainer.java:stop(325)) - Attempting to stop container services.
2021-11-05 13:01:18,041 [Listener at 127.0.0.1/42119] INFO  server.RaftServer (RaftServerProxy.java:lambda$close$6(391)) - 76ef4e66-eace-4a3b-a369-d2a815523a61: close
2021-11-05 13:01:18,041 [Listener at 127.0.0.1/42119] INFO  server.RaftServer$Division (RaftServerImpl.java:lambda$close$4(412)) - 76ef4e66-eace-4a3b-a369-d2a815523a61@group-479BF459BC53: shutdown
2021-11-05 13:01:18,041 [Listener at 127.0.0.1/42119] INFO  util.JmxRegister (JmxRegister.java:unregister(73)) - Successfully un-registered JMX Bean with object name Ratis:service=RaftServer,group=group-479BF459BC53,id=76ef4e66-eace-4a3b-a369-d2a815523a61
2021-11-05 13:01:18,042 [Listener at 127.0.0.1/42119] INFO  impl.RoleInfo (RoleInfo.java:shutdownFollowerState(108)) - 76ef4e66-eace-4a3b-a369-d2a815523a61: shutdown 76ef4e66-eace-4a3b-a369-d2a815523a61@group-479BF459BC53-FollowerState
2021-11-05 13:01:18,042 [Listener at 127.0.0.1/42119] INFO  impl.StateMachineUpdater (StateMachineUpdater.java:stopAndJoin(149)) - 76ef4e66-eace-4a3b-a369-d2a815523a61@group-479BF459BC53-StateMachineUpdater: set stopIndex = -1
2021-11-05 13:01:18,042 [76ef4e66-eace-4a3b-a369-d2a815523a61@group-479BF459BC53-FollowerState] INFO  impl.FollowerState (FollowerState.java:run(143)) - 76ef4e66-eace-4a3b-a369-d2a815523a61@group-479BF459BC53-FollowerState was interrupted: {}
java.lang.InterruptedException: sleep interrupted
	at java.lang.Thread.sleep(Native Method)
	at java.lang.Thread.sleep(Thread.java:340)
	at java.util.concurrent.TimeUnit.sleep(TimeUnit.java:386)
	at org.apache.ratis.util.TimeDuration.sleep(TimeDuration.java:324)
	at org.apache.ratis.util.TimeDuration.sleep(TimeDuration.java:309)
	at org.apache.ratis.server.impl.FollowerState.run(FollowerState.java:118)
2021-11-05 13:01:18,042 [Listener at 127.0.0.1/42119] INFO  server.RaftServer$Division (ServerState.java:close(419)) - 76ef4e66-eace-4a3b-a369-d2a815523a61@group-479BF459BC53: closes. applyIndex: -1
2021-11-05 13:01:18,042 [76ef4e66-eace-4a3b-a369-d2a815523a61@group-479BF459BC53-SegmentedRaftLogWorker] INFO  segmented.SegmentedRaftLogWorker (SegmentedRaftLogWorker.java:run(327)) - 76ef4e66-eace-4a3b-a369-d2a815523a61@group-479BF459BC53-SegmentedRaftLogWorker was interrupted, exiting. There are 0 tasks remaining in the queue.
2021-11-05 13:01:18,042 [Listener at 127.0.0.1/42119] INFO  segmented.SegmentedRaftLogWorker (SegmentedRaftLogWorker.java:close(237)) - 76ef4e66-eace-4a3b-a369-d2a815523a61@group-479BF459BC53-SegmentedRaftLogWorker close()
2021-11-05 13:01:18,058 [Listener at 127.0.0.1/42119] INFO  server.RaftServer$Division (RaftServerImpl.java:lambda$close$4(412)) - 76ef4e66-eace-4a3b-a369-d2a815523a61@group-0869023E3DC0: shutdown
2021-11-05 13:01:18,058 [Listener at 127.0.0.1/42119] INFO  util.JmxRegister (JmxRegister.java:unregister(73)) - Successfully un-registered JMX Bean with object name Ratis:service=RaftServer,group=group-0869023E3DC0,id=76ef4e66-eace-4a3b-a369-d2a815523a61
2021-11-05 13:01:18,058 [Listener at 127.0.0.1/42119] INFO  impl.RoleInfo (RoleInfo.java:shutdownFollowerState(108)) - 76ef4e66-eace-4a3b-a369-d2a815523a61: shutdown 76ef4e66-eace-4a3b-a369-d2a815523a61@group-0869023E3DC0-FollowerState
2021-11-05 13:01:18,058 [Listener at 127.0.0.1/42119] INFO  impl.StateMachineUpdater (StateMachineUpdater.java:stopAndJoin(149)) - 76ef4e66-eace-4a3b-a369-d2a815523a61@group-0869023E3DC0-StateMachineUpdater: set stopIndex = 0
2021-11-05 13:01:18,058 [76ef4e66-eace-4a3b-a369-d2a815523a61@group-0869023E3DC0-FollowerState] INFO  impl.FollowerState (FollowerState.java:run(143)) - 76ef4e66-eace-4a3b-a369-d2a815523a61@group-0869023E3DC0-FollowerState was interrupted: {}
java.lang.InterruptedException: sleep interrupted
	at java.lang.Thread.sleep(Native Method)
	at java.lang.Thread.sleep(Thread.java:340)
	at java.util.concurrent.TimeUnit.sleep(TimeUnit.java:386)
	at org.apache.ratis.util.TimeDuration.sleep(TimeDuration.java:324)
	at org.apache.ratis.util.TimeDuration.sleep(TimeDuration.java:309)
	at org.apache.ratis.server.impl.FollowerState.run(FollowerState.java:118)
2021-11-05 13:01:18,059 [76ef4e66-eace-4a3b-a369-d2a815523a61@group-0869023E3DC0-StateMachineUpdater] INFO  ratis.ContainerStateMachine (ContainerStateMachine.java:takeSnapshot(292)) - group-0869023E3DC0: Taking a snapshot at:(t:1, i:0) file /home/runner/work/ozone/ozone/hadoop-ozone/integration-test/target/test-dir/MiniOzoneClusterImpl-bdf76210-3e21-404e-9e17-65b92aec9f1a/datanode-0/data/ratis/8c80d07e-7785-4892-a8be-0869023e3dc0/sm/snapshot.1_0
2021-11-05 13:01:18,059 [76ef4e66-eace-4a3b-a369-d2a815523a61@group-0869023E3DC0-StateMachineUpdater] INFO  ratis.ContainerStateMachine (ContainerStateMachine.java:takeSnapshot(303)) - group-0869023E3DC0: Finished taking a snapshot at:(t:1, i:0) file:/home/runner/work/ozone/ozone/hadoop-ozone/integration-test/target/test-dir/MiniOzoneClusterImpl-bdf76210-3e21-404e-9e17-65b92aec9f1a/datanode-0/data/ratis/8c80d07e-7785-4892-a8be-0869023e3dc0/sm/snapshot.1_0 took: 0 ms
2021-11-05 13:01:18,060 [76ef4e66-eace-4a3b-a369-d2a815523a61@group-0869023E3DC0-StateMachineUpdater] INFO  impl.StateMachineUpdater (StateMachineUpdater.java:takeSnapshot(281)) - 76ef4e66-eace-4a3b-a369-d2a815523a61@group-0869023E3DC0-StateMachineUpdater: Took a snapshot at index 0
2021-11-05 13:01:18,060 [76ef4e66-eace-4a3b-a369-d2a815523a61@group-0869023E3DC0-StateMachineUpdater] INFO  impl.StateMachineUpdater (StateMachineUpdater.java:lambda$new$0(89)) - 76ef4e66-eace-4a3b-a369-d2a815523a61@group-0869023E3DC0-StateMachineUpdater: snapshotIndex: updateIncreasingly -1 -> 0
2021-11-05 13:01:18,060 [Listener at 127.0.0.1/42119] INFO  server.RaftServer$Division (ServerState.java:close(419)) - 76ef4e66-eace-4a3b-a369-d2a815523a61@group-0869023E3DC0: closes. applyIndex: 0
2021-11-05 13:01:18,060 [76ef4e66-eace-4a3b-a369-d2a815523a61@group-0869023E3DC0-SegmentedRaftLogWorker] INFO  segmented.SegmentedRaftLogWorker (SegmentedRaftLogWorker.java:run(327)) - 76ef4e66-eace-4a3b-a369-d2a815523a61@group-0869023E3DC0-SegmentedRaftLogWorker was interrupted, exiting. There are 0 tasks remaining in the queue.
2021-11-05 13:01:18,073 [Listener at 127.0.0.1/42119] INFO  segmented.SegmentedRaftLogWorker (SegmentedRaftLogWorker.java:close(237)) - 76ef4e66-eace-4a3b-a369-d2a815523a61@group-0869023E3DC0-SegmentedRaftLogWorker close()
2021-11-05 13:01:18,074 [Listener at 127.0.0.1/42119] INFO  server.RaftServer$Division (RaftServerImpl.java:lambda$close$4(412)) - 76ef4e66-eace-4a3b-a369-d2a815523a61@group-31BA9BBB3B71: shutdown
2021-11-05 13:01:18,074 [Listener at 127.0.0.1/42119] INFO  util.JmxRegister (JmxRegister.java:unregister(73)) - Successfully un-registered JMX Bean with object name Ratis:service=RaftServer,group=group-31BA9BBB3B71,id=76ef4e66-eace-4a3b-a369-d2a815523a61
2021-11-05 13:01:18,074 [Listener at 127.0.0.1/42119] INFO  impl.RoleInfo (RoleInfo.java:shutdownLeaderState(91)) - 76ef4e66-eace-4a3b-a369-d2a815523a61: shutdown 76ef4e66-eace-4a3b-a369-d2a815523a61@group-31BA9BBB3B71-LeaderStateImpl
2021-11-05 13:01:18,074 [Listener at 127.0.0.1/42119] INFO  impl.PendingRequests (PendingRequests.java:sendNotLeaderResponses(282)) - 76ef4e66-eace-4a3b-a369-d2a815523a61@group-31BA9BBB3B71-PendingRequests: sendNotLeaderResponses
2021-11-05 13:01:18,075 [Listener at 127.0.0.1/42119] INFO  impl.StateMachineUpdater (StateMachineUpdater.java:stopAndJoin(149)) - 76ef4e66-eace-4a3b-a369-d2a815523a61@group-31BA9BBB3B71-StateMachineUpdater: set stopIndex = 0
2021-11-05 13:01:18,075 [76ef4e66-eace-4a3b-a369-d2a815523a61@group-31BA9BBB3B71-StateMachineUpdater] INFO  ratis.ContainerStateMachine (ContainerStateMachine.java:takeSnapshot(292)) - group-31BA9BBB3B71: Taking a snapshot at:(t:1, i:0) file /home/runner/work/ozone/ozone/hadoop-ozone/integration-test/target/test-dir/MiniOzoneClusterImpl-bdf76210-3e21-404e-9e17-65b92aec9f1a/datanode-0/data/ratis/50461385-cd45-4a49-8d47-31ba9bbb3b71/sm/snapshot.1_0
2021-11-05 13:01:18,076 [76ef4e66-eace-4a3b-a369-d2a815523a61@group-31BA9BBB3B71-StateMachineUpdater] INFO  ratis.ContainerStateMachine (ContainerStateMachine.java:takeSnapshot(303)) - group-31BA9BBB3B71: Finished taking a snapshot at:(t:1, i:0) file:/home/runner/work/ozone/ozone/hadoop-ozone/integration-test/target/test-dir/MiniOzoneClusterImpl-bdf76210-3e21-404e-9e17-65b92aec9f1a/datanode-0/data/ratis/50461385-cd45-4a49-8d47-31ba9bbb3b71/sm/snapshot.1_0 took: 1 ms
2021-11-05 13:01:18,077 [76ef4e66-eace-4a3b-a369-d2a815523a61@group-31BA9BBB3B71-StateMachineUpdater] INFO  impl.StateMachineUpdater (StateMachineUpdater.java:takeSnapshot(281)) - 76ef4e66-eace-4a3b-a369-d2a815523a61@group-31BA9BBB3B71-StateMachineUpdater: Took a snapshot at index 0
2021-11-05 13:01:18,077 [76ef4e66-eace-4a3b-a369-d2a815523a61@group-31BA9BBB3B71-StateMachineUpdater] INFO  impl.StateMachineUpdater (StateMachineUpdater.java:lambda$new$0(89)) - 76ef4e66-eace-4a3b-a369-d2a815523a61@group-31BA9BBB3B71-StateMachineUpdater: snapshotIndex: updateIncreasingly -1 -> 0
2021-11-05 13:01:18,077 [Listener at 127.0.0.1/42119] INFO  server.RaftServer$Division (ServerState.java:close(419)) - 76ef4e66-eace-4a3b-a369-d2a815523a61@group-31BA9BBB3B71: closes. applyIndex: 0
2021-11-05 13:01:18,077 [76ef4e66-eace-4a3b-a369-d2a815523a61@group-31BA9BBB3B71-SegmentedRaftLogWorker] INFO  segmented.SegmentedRaftLogWorker (SegmentedRaftLogWorker.java:run(327)) - 76ef4e66-eace-4a3b-a369-d2a815523a61@group-31BA9BBB3B71-SegmentedRaftLogWorker was interrupted, exiting. There are 0 tasks remaining in the queue.
2021-11-05 13:01:18,078 [Listener at 127.0.0.1/42119] INFO  segmented.SegmentedRaftLogWorker (SegmentedRaftLogWorker.java:close(237)) - 76ef4e66-eace-4a3b-a369-d2a815523a61@group-31BA9BBB3B71-SegmentedRaftLogWorker close()
2021-11-05 13:01:18,177 [Listener at 127.0.0.1/42119] INFO  server.RaftServer$Division (RaftServerImpl.java:lambda$close$4(412)) - 76ef4e66-eace-4a3b-a369-d2a815523a61@group-A5B183601584: shutdown
2021-11-05 13:01:18,177 [Listener at 127.0.0.1/42119] INFO  util.JmxRegister (JmxRegister.java:unregister(73)) - Successfully un-registered JMX Bean with object name Ratis:service=RaftServer,group=group-A5B183601584,id=76ef4e66-eace-4a3b-a369-d2a815523a61
2021-11-05 13:01:18,177 [Listener at 127.0.0.1/42119] INFO  impl.RoleInfo (RoleInfo.java:shutdownFollowerState(108)) - 76ef4e66-eace-4a3b-a369-d2a815523a61: shutdown 76ef4e66-eace-4a3b-a369-d2a815523a61@group-A5B183601584-FollowerState
2021-11-05 13:01:18,177 [Listener at 127.0.0.1/42119] INFO  impl.StateMachineUpdater (StateMachineUpdater.java:stopAndJoin(149)) - 76ef4e66-eace-4a3b-a369-d2a815523a61@group-A5B183601584-StateMachineUpdater: set stopIndex = -1
2021-11-05 13:01:18,180 [76ef4e66-eace-4a3b-a369-d2a815523a61@group-A5B183601584-FollowerState] INFO  impl.FollowerState (FollowerState.java:run(143)) - 76ef4e66-eace-4a3b-a369-d2a815523a61@group-A5B183601584-FollowerState was interrupted: {}
java.lang.InterruptedException: sleep interrupted
	at java.lang.Thread.sleep(Native Method)
	at java.lang.Thread.sleep(Thread.java:340)
	at java.util.concurrent.TimeUnit.sleep(TimeUnit.java:386)
	at org.apache.ratis.util.TimeDuration.sleep(TimeDuration.java:324)
	at org.apache.ratis.util.TimeDuration.sleep(TimeDuration.java:309)
	at org.apache.ratis.server.impl.FollowerState.run(FollowerState.java:118)
2021-11-05 13:01:18,180 [Listener at 127.0.0.1/42119] INFO  server.RaftServer$Division (ServerState.java:close(419)) - 76ef4e66-eace-4a3b-a369-d2a815523a61@group-A5B183601584: closes. applyIndex: -1
2021-11-05 13:01:18,181 [76ef4e66-eace-4a3b-a369-d2a815523a61@group-A5B183601584-SegmentedRaftLogWorker] INFO  segmented.SegmentedRaftLogWorker (SegmentedRaftLogWorker.java:run(327)) - 76ef4e66-eace-4a3b-a369-d2a815523a61@group-A5B183601584-SegmentedRaftLogWorker was interrupted, exiting. There are 0 tasks remaining in the queue.
2021-11-05 13:01:18,181 [Listener at 127.0.0.1/42119] INFO  segmented.SegmentedRaftLogWorker (SegmentedRaftLogWorker.java:close(237)) - 76ef4e66-eace-4a3b-a369-d2a815523a61@group-A5B183601584-SegmentedRaftLogWorker close()
2021-11-05 13:01:18,229 [Listener at 127.0.0.1/42119] INFO  server.GrpcService (GrpcService.java:closeImpl(262)) - 76ef4e66-eace-4a3b-a369-d2a815523a61: shutdown server with port 41987 now
2021-11-05 13:01:18,236 [grpc-default-executor-6] WARN  server.GrpcServerProtocolService (LogUtils.java:warn(122)) - 76ef4e66-eace-4a3b-a369-d2a815523a61: installSnapshot onError, lastRequest: 3ae4cb20-15ad-4779-a013-5b0fdc3aaee7->76ef4e66-eace-4a3b-a369-d2a815523a61#1-t1,previous=(t:0, i:0),leaderCommit=0,initializing? true,entries: size=1, first=(t:1, i:0), CONFIGURATIONENTRY: org.apache.ratis.thirdparty.io.grpc.StatusRuntimeException: CANCELLED: client cancelled
2021-11-05 13:01:18,298 [Listener at 127.0.0.1/42119] INFO  server.GrpcService (GrpcService.java:closeImpl(271)) - 76ef4e66-eace-4a3b-a369-d2a815523a61: shutdown server with port 41987 successfully
2021-11-05 13:01:18,299 [org.apache.ratis.util.JvmPauseMonitor$$Lambda$531/328699815@5207764d] INFO  util.JvmPauseMonitor (JvmPauseMonitor.java:run(109)) - JvmPauseMonitor-76ef4e66-eace-4a3b-a369-d2a815523a61: Stopped
2021-11-05 13:01:18,301 [grpc-default-executor-4] WARN  server.GrpcLogAppender (LogUtils.java:warn(122)) - 3ae4cb20-15ad-4779-a013-5b0fdc3aaee7@group-0869023E3DC0->76ef4e66-eace-4a3b-a369-d2a815523a61-AppendLogResponseHandler: Failed appendEntries: org.apache.ratis.thirdparty.io.grpc.StatusRuntimeException: CANCELLED: HTTP/2 error code: CANCEL
Received Rst Stream
2021-11-05 13:01:18,301 [grpc-default-executor-4] WARN  server.GrpcLogAppender (GrpcLogAppender.java:resetClient(110)) - 3ae4cb20-15ad-4779-a013-5b0fdc3aaee7@group-0869023E3DC0->76ef4e66-eace-4a3b-a369-d2a815523a61-GrpcLogAppender: Leader has not got in touch with Follower 3ae4cb20-15ad-4779-a013-5b0fdc3aaee7@group-0869023E3DC0->76ef4e66-eace-4a3b-a369-d2a815523a61(c0,m0,n1, attendVote=true, lastRpcSendTime=480, lastRpcResponseTime=472) yet, just keep nextIndex unchanged and retry.
2021-11-05 13:01:18,305 [Listener at 127.0.0.1/42119] INFO  utils.BackgroundService (BackgroundService.java:shutdown(132)) - Shutting down service BlockDeletingService
2021-11-05 13:01:18,680 [grpc-default-executor-6] WARN  server.GrpcLogAppender (LogUtils.java:warn(122)) - 04351296-bb31-4c39-8b7c-2fcea1114805@group-30A45C208CA2->f63fc592-5921-4d2a-8a56-22c1aba49965-AppendLogResponseHandler: Failed appendEntries: org.apache.ratis.thirdparty.io.grpc.StatusRuntimeException: UNAVAILABLE: io exception
2021-11-05 13:01:18,680 [grpc-default-executor-6] WARN  server.GrpcLogAppender (GrpcLogAppender.java:resetClient(110)) - 04351296-bb31-4c39-8b7c-2fcea1114805@group-30A45C208CA2->f63fc592-5921-4d2a-8a56-22c1aba49965-GrpcLogAppender: Leader has not got in touch with Follower 04351296-bb31-4c39-8b7c-2fcea1114805@group-30A45C208CA2->f63fc592-5921-4d2a-8a56-22c1aba49965(c-1,m0,n3, attendVote=true, lastRpcSendTime=2526, lastRpcResponseTime=10555) yet, just keep nextIndex unchanged and retry.
2021-11-05 13:01:19,955 [grpc-default-executor-6] WARN  server.GrpcLogAppender (LogUtils.java:warn(122)) - fae3de48-3e9f-4cc7-8f85-17bb385fc42a@group-2717592FE90B->f63fc592-5921-4d2a-8a56-22c1aba49965-AppendLogResponseHandler: Failed appendEntries: org.apache.ratis.thirdparty.io.grpc.StatusRuntimeException: UNAVAILABLE: io exception
2021-11-05 13:01:19,955 [grpc-default-executor-6] WARN  server.GrpcLogAppender (GrpcLogAppender.java:resetClient(110)) - fae3de48-3e9f-4cc7-8f85-17bb385fc42a@group-2717592FE90B->f63fc592-5921-4d2a-8a56-22c1aba49965-GrpcLogAppender: Leader has not got in touch with Follower fae3de48-3e9f-4cc7-8f85-17bb385fc42a@group-2717592FE90B->f63fc592-5921-4d2a-8a56-22c1aba49965(c0,m0,n1, attendVote=true, lastRpcSendTime=0, lastRpcResponseTime=12581) yet, just keep nextIndex unchanged and retry.
2021-11-05 13:01:20,101 [grpc-default-executor-6] WARN  server.GrpcLogAppender (LogUtils.java:warn(122)) - 3ae4cb20-15ad-4779-a013-5b0fdc3aaee7@group-0869023E3DC0->fa45fd2a-a6ef-4106-9a44-777d17a8e8f4-AppendLogResponseHandler: Failed appendEntries: org.apache.ratis.thirdparty.io.grpc.StatusRuntimeException: UNAVAILABLE: io exception
2021-11-05 13:01:20,102 [grpc-default-executor-6] WARN  server.GrpcLogAppender (GrpcLogAppender.java:resetClient(110)) - 3ae4cb20-15ad-4779-a013-5b0fdc3aaee7@group-0869023E3DC0->fa45fd2a-a6ef-4106-9a44-777d17a8e8f4-GrpcLogAppender: Leader has not got in touch with Follower 3ae4cb20-15ad-4779-a013-5b0fdc3aaee7@group-0869023E3DC0->fa45fd2a-a6ef-4106-9a44-777d17a8e8f4(c-1,m0,n1, attendVote=true, lastRpcSendTime=0, lastRpcResponseTime=15382) yet, just keep nextIndex unchanged and retry.
2021-11-05 13:01:20,348 [f0359a9b-bc21-4a61-b53d-8d2dd84c6fc1@group-A5B183601584-FollowerState] INFO  impl.FollowerState (FollowerState.java:run(134)) - f0359a9b-bc21-4a61-b53d-8d2dd84c6fc1@group-A5B183601584-FollowerState: change to CANDIDATE, lastRpcElapsedTime:5114460598ns, electionTimeout:5047ms
2021-11-05 13:01:20,348 [f0359a9b-bc21-4a61-b53d-8d2dd84c6fc1@group-A5B183601584-FollowerState] INFO  impl.RoleInfo (RoleInfo.java:shutdownFollowerState(108)) - f0359a9b-bc21-4a61-b53d-8d2dd84c6fc1: shutdown f0359a9b-bc21-4a61-b53d-8d2dd84c6fc1@group-A5B183601584-FollowerState
2021-11-05 13:01:20,348 [f0359a9b-bc21-4a61-b53d-8d2dd84c6fc1@group-A5B183601584-FollowerState] INFO  server.RaftServer$Division (RaftServerImpl.java:setRole(290)) - f0359a9b-bc21-4a61-b53d-8d2dd84c6fc1@group-A5B183601584: changes role from  FOLLOWER to CANDIDATE at term 2 for changeToCandidate
2021-11-05 13:01:20,348 [f0359a9b-bc21-4a61-b53d-8d2dd84c6fc1@group-A5B183601584-FollowerState] INFO  server.RaftServerConfigKeys (ConfUtils.java:logGet(44)) - raft.server.leaderelection.pre-vote = false (custom)
2021-11-05 13:01:20,348 [f0359a9b-bc21-4a61-b53d-8d2dd84c6fc1@group-A5B183601584-FollowerState] INFO  impl.RoleInfo (RoleInfo.java:updateAndGet(130)) - f0359a9b-bc21-4a61-b53d-8d2dd84c6fc1: start f0359a9b-bc21-4a61-b53d-8d2dd84c6fc1@group-A5B183601584-LeaderElection129
2021-11-05 13:01:20,356 [grpc-default-executor-6] WARN  server.GrpcLogAppender (LogUtils.java:warn(122)) - 3ae4cb20-15ad-4779-a013-5b0fdc3aaee7@group-0869023E3DC0->76ef4e66-eace-4a3b-a369-d2a815523a61-AppendLogResponseHandler: Failed appendEntries: org.apache.ratis.thirdparty.io.grpc.StatusRuntimeException: UNAVAILABLE: io exception
2021-11-05 13:01:20,357 [grpc-default-executor-6] WARN  server.GrpcLogAppender (GrpcLogAppender.java:resetClient(110)) - 3ae4cb20-15ad-4779-a013-5b0fdc3aaee7@group-0869023E3DC0->76ef4e66-eace-4a3b-a369-d2a815523a61-GrpcLogAppender: Leader has not got in touch with Follower 3ae4cb20-15ad-4779-a013-5b0fdc3aaee7@group-0869023E3DC0->76ef4e66-eace-4a3b-a369-d2a815523a61(c0,m0,n1, attendVote=true, lastRpcSendTime=2536, lastRpcResponseTime=2528) yet, just keep nextIndex unchanged and retry.
2021-11-05 13:01:20,378 [f0359a9b-bc21-4a61-b53d-8d2dd84c6fc1@group-A5B183601584-LeaderElection129] INFO  impl.LeaderElection (LeaderElection.java:askForVotes(306)) - f0359a9b-bc21-4a61-b53d-8d2dd84c6fc1@group-A5B183601584-LeaderElection129 ELECTION round 0: submit vote requests at term 3 for -1: [f0359a9b-bc21-4a61-b53d-8d2dd84c6fc1|rpc:10.1.0.23:44285|priority:1, 76ef4e66-eace-4a3b-a369-d2a815523a61|rpc:10.1.0.23:41987|priority:0, fa45fd2a-a6ef-4106-9a44-777d17a8e8f4|rpc:10.1.0.23:43989|priority:0], old=null
2021-11-05 13:01:20,432 [f0359a9b-bc21-4a61-b53d-8d2dd84c6fc1@group-A5B183601584-LeaderElection129] INFO  impl.LeaderElection (LogUtils.java:infoOrTrace(137)) - f0359a9b-bc21-4a61-b53d-8d2dd84c6fc1@group-A5B183601584-LeaderElection129 got exception when requesting votes: java.util.concurrent.ExecutionException: org.apache.ratis.thirdparty.io.grpc.StatusRuntimeException: UNAVAILABLE: io exception
2021-11-05 13:01:20,436 [f0359a9b-bc21-4a61-b53d-8d2dd84c6fc1@group-A5B183601584-LeaderElection129] INFO  impl.LeaderElection (LogUtils.java:infoOrTrace(137)) - f0359a9b-bc21-4a61-b53d-8d2dd84c6fc1@group-A5B183601584-LeaderElection129 got exception when requesting votes: java.util.concurrent.ExecutionException: org.apache.ratis.thirdparty.io.grpc.StatusRuntimeException: UNAVAILABLE: io exception
2021-11-05 13:01:20,436 [f0359a9b-bc21-4a61-b53d-8d2dd84c6fc1@group-A5B183601584-LeaderElection129] INFO  impl.LeaderElection (LeaderElection.java:logAndReturn(89)) - f0359a9b-bc21-4a61-b53d-8d2dd84c6fc1@group-A5B183601584-LeaderElection129: ELECTION REJECTED received 0 response(s) and 2 exception(s):
2021-11-05 13:01:20,436 [f0359a9b-bc21-4a61-b53d-8d2dd84c6fc1@group-A5B183601584-LeaderElection129] INFO  impl.LeaderElection (LogUtils.java:infoOrTrace(137)) -   Exception 0: java.util.concurrent.ExecutionException: org.apache.ratis.thirdparty.io.grpc.StatusRuntimeException: UNAVAILABLE: io exception
2021-11-05 13:01:20,436 [f0359a9b-bc21-4a61-b53d-8d2dd84c6fc1@group-A5B183601584-LeaderElection129] INFO  impl.LeaderElection (LogUtils.java:infoOrTrace(137)) -   Exception 1: java.util.concurrent.ExecutionException: org.apache.ratis.thirdparty.io.grpc.StatusRuntimeException: UNAVAILABLE: io exception
2021-11-05 13:01:20,436 [f0359a9b-bc21-4a61-b53d-8d2dd84c6fc1@group-A5B183601584-LeaderElection129] INFO  impl.LeaderElection (LeaderElection.java:askForVotes(308)) - f0359a9b-bc21-4a61-b53d-8d2dd84c6fc1@group-A5B183601584-LeaderElection129 ELECTION round 0: result REJECTED
2021-11-05 13:01:20,436 [f0359a9b-bc21-4a61-b53d-8d2dd84c6fc1@group-A5B183601584-LeaderElection129] INFO  server.RaftServer$Division (RaftServerImpl.java:setRole(290)) - f0359a9b-bc21-4a61-b53d-8d2dd84c6fc1@group-A5B183601584: changes role from CANDIDATE to FOLLOWER at term 3 for REJECTED
2021-11-05 13:01:20,436 [f0359a9b-bc21-4a61-b53d-8d2dd84c6fc1@group-A5B183601584-LeaderElection129] INFO  impl.RoleInfo (RoleInfo.java:shutdownLeaderElection(121)) - f0359a9b-bc21-4a61-b53d-8d2dd84c6fc1: shutdown f0359a9b-bc21-4a61-b53d-8d2dd84c6fc1@group-A5B183601584-LeaderElection129
2021-11-05 13:01:20,436 [f0359a9b-bc21-4a61-b53d-8d2dd84c6fc1@group-A5B183601584-LeaderElection129] INFO  impl.RoleInfo (RoleInfo.java:updateAndGet(130)) - f0359a9b-bc21-4a61-b53d-8d2dd84c6fc1: start f0359a9b-bc21-4a61-b53d-8d2dd84c6fc1@group-A5B183601584-FollowerState
2021-11-05 13:01:20,524 [grpc-default-executor-6] WARN  server.GrpcLogAppender (LogUtils.java:warn(122)) - 04351296-bb31-4c39-8b7c-2fcea1114805@group-321DBB24BC0F->f63fc592-5921-4d2a-8a56-22c1aba49965-AppendLogResponseHandler: Failed appendEntries: org.apache.ratis.thirdparty.io.grpc.StatusRuntimeException: UNAVAILABLE: io exception
2021-11-05 13:01:20,524 [grpc-default-executor-6] WARN  server.GrpcLogAppender (GrpcLogAppender.java:resetClient(110)) - 04351296-bb31-4c39-8b7c-2fcea1114805@group-321DBB24BC0F->f63fc592-5921-4d2a-8a56-22c1aba49965-GrpcLogAppender: Leader has not got in touch with Follower 04351296-bb31-4c39-8b7c-2fcea1114805@group-321DBB24BC0F->f63fc592-5921-4d2a-8a56-22c1aba49965(c0,m0,n1, attendVote=true, lastRpcSendTime=0, lastRpcResponseTime=12577) yet, just keep nextIndex unchanged and retry.
2021-11-05 13:01:20,972 [f0359a9b-bc21-4a61-b53d-8d2dd84c6fc1@group-48CCFD0E3BB8-FollowerState] INFO  impl.FollowerState (FollowerState.java:run(134)) - f0359a9b-bc21-4a61-b53d-8d2dd84c6fc1@group-48CCFD0E3BB8-FollowerState: change to CANDIDATE, lastRpcElapsedTime:5052681294ns, electionTimeout:5008ms
2021-11-05 13:01:20,972 [f0359a9b-bc21-4a61-b53d-8d2dd84c6fc1@group-48CCFD0E3BB8-FollowerState] INFO  impl.RoleInfo (RoleInfo.java:shutdownFollowerState(108)) - f0359a9b-bc21-4a61-b53d-8d2dd84c6fc1: shutdown f0359a9b-bc21-4a61-b53d-8d2dd84c6fc1@group-48CCFD0E3BB8-FollowerState
2021-11-05 13:01:20,972 [f0359a9b-bc21-4a61-b53d-8d2dd84c6fc1@group-48CCFD0E3BB8-FollowerState] INFO  server.RaftServer$Division (RaftServerImpl.java:setRole(290)) - f0359a9b-bc21-4a61-b53d-8d2dd84c6fc1@group-48CCFD0E3BB8: changes role from  FOLLOWER to CANDIDATE at term 2 for changeToCandidate
2021-11-05 13:01:20,972 [f0359a9b-bc21-4a61-b53d-8d2dd84c6fc1@group-48CCFD0E3BB8-FollowerState] INFO  server.RaftServerConfigKeys (ConfUtils.java:logGet(44)) - raft.server.leaderelection.pre-vote = false (custom)
2021-11-05 13:01:20,972 [f0359a9b-bc21-4a61-b53d-8d2dd84c6fc1@group-48CCFD0E3BB8-FollowerState] INFO  impl.RoleInfo (RoleInfo.java:updateAndGet(130)) - f0359a9b-bc21-4a61-b53d-8d2dd84c6fc1: start f0359a9b-bc21-4a61-b53d-8d2dd84c6fc1@group-48CCFD0E3BB8-LeaderElection130
2021-11-05 13:01:20,984 [3ae4cb20-15ad-4779-a013-5b0fdc3aaee7@group-48CCFD0E3BB8-FollowerState] INFO  impl.FollowerState (FollowerState.java:run(134)) - 3ae4cb20-15ad-4779-a013-5b0fdc3aaee7@group-48CCFD0E3BB8-FollowerState: change to CANDIDATE, lastRpcElapsedTime:5014993363ns, electionTimeout:5013ms
2021-11-05 13:01:20,984 [3ae4cb20-15ad-4779-a013-5b0fdc3aaee7@group-48CCFD0E3BB8-FollowerState] INFO  impl.RoleInfo (RoleInfo.java:shutdownFollowerState(108)) - 3ae4cb20-15ad-4779-a013-5b0fdc3aaee7: shutdown 3ae4cb20-15ad-4779-a013-5b0fdc3aaee7@group-48CCFD0E3BB8-FollowerState
2021-11-05 13:01:20,984 [3ae4cb20-15ad-4779-a013-5b0fdc3aaee7@group-48CCFD0E3BB8-FollowerState] INFO  server.RaftServer$Division (RaftServerImpl.java:setRole(290)) - 3ae4cb20-15ad-4779-a013-5b0fdc3aaee7@group-48CCFD0E3BB8: changes role from  FOLLOWER to CANDIDATE at term 2 for changeToCandidate
2021-11-05 13:01:21,032 [3ae4cb20-15ad-4779-a013-5b0fdc3aaee7@group-48CCFD0E3BB8-FollowerState] INFO  server.RaftServerConfigKeys (ConfUtils.java:logGet(44)) - raft.server.leaderelection.pre-vote = false (custom)
2021-11-05 13:01:21,032 [3ae4cb20-15ad-4779-a013-5b0fdc3aaee7@group-48CCFD0E3BB8-FollowerState] INFO  impl.RoleInfo (RoleInfo.java:updateAndGet(130)) - 3ae4cb20-15ad-4779-a013-5b0fdc3aaee7: start 3ae4cb20-15ad-4779-a013-5b0fdc3aaee7@group-48CCFD0E3BB8-LeaderElection131
2021-11-05 13:01:21,034 [f0359a9b-bc21-4a61-b53d-8d2dd84c6fc1@group-48CCFD0E3BB8-LeaderElection130] INFO  impl.LeaderElection (LeaderElection.java:askForVotes(306)) - f0359a9b-bc21-4a61-b53d-8d2dd84c6fc1@group-48CCFD0E3BB8-LeaderElection130 ELECTION round 0: submit vote requests at term 3 for -1: [f0359a9b-bc21-4a61-b53d-8d2dd84c6fc1|rpc:10.1.0.23:44285|priority:0, fa45fd2a-a6ef-4106-9a44-777d17a8e8f4|rpc:10.1.0.23:43989|priority:1, 3ae4cb20-15ad-4779-a013-5b0fdc3aaee7|rpc:10.1.0.23:35115|priority:0], old=null
2021-11-05 13:01:21,068 [3ae4cb20-15ad-4779-a013-5b0fdc3aaee7@group-48CCFD0E3BB8-LeaderElection131] INFO  impl.LeaderElection (LeaderElection.java:askForVotes(306)) - 3ae4cb20-15ad-4779-a013-5b0fdc3aaee7@group-48CCFD0E3BB8-LeaderElection131 ELECTION round 0: submit vote requests at term 3 for -1: [f0359a9b-bc21-4a61-b53d-8d2dd84c6fc1|rpc:10.1.0.23:44285|priority:0, fa45fd2a-a6ef-4106-9a44-777d17a8e8f4|rpc:10.1.0.23:43989|priority:1, 3ae4cb20-15ad-4779-a013-5b0fdc3aaee7|rpc:10.1.0.23:35115|priority:0], old=null
2021-11-05 13:01:21,088 [f0359a9b-bc21-4a61-b53d-8d2dd84c6fc1@group-48CCFD0E3BB8-LeaderElection130] INFO  impl.LeaderElection (LogUtils.java:infoOrTrace(137)) - f0359a9b-bc21-4a61-b53d-8d2dd84c6fc1@group-48CCFD0E3BB8-LeaderElection130 got exception when requesting votes: java.util.concurrent.ExecutionException: org.apache.ratis.thirdparty.io.grpc.StatusRuntimeException: UNAVAILABLE: io exception
2021-11-05 13:01:21,089 [grpc-default-executor-6] INFO  server.RaftServer$Division (RaftServerImpl.java:requestVote(1046)) - 3ae4cb20-15ad-4779-a013-5b0fdc3aaee7@group-48CCFD0E3BB8: receive requestVote(ELECTION, f0359a9b-bc21-4a61-b53d-8d2dd84c6fc1, group-48CCFD0E3BB8, 3, (t:0, i:0))
2021-11-05 13:01:21,089 [grpc-default-executor-6] INFO  impl.VoteContext (VoteContext.java:log(48)) - 3ae4cb20-15ad-4779-a013-5b0fdc3aaee7@group-48CCFD0E3BB8-CANDIDATE: reject ELECTION from f0359a9b-bc21-4a61-b53d-8d2dd84c6fc1: already has voted for 3ae4cb20-15ad-4779-a013-5b0fdc3aaee7 at current term 3
2021-11-05 13:01:21,089 [grpc-default-executor-6] INFO  server.RaftServer$Division (RaftServerImpl.java:requestVote(1078)) - 3ae4cb20-15ad-4779-a013-5b0fdc3aaee7@group-48CCFD0E3BB8 replies to ELECTION vote request: f0359a9b-bc21-4a61-b53d-8d2dd84c6fc1<-3ae4cb20-15ad-4779-a013-5b0fdc3aaee7#0:FAIL-t3. Peer's state: 3ae4cb20-15ad-4779-a013-5b0fdc3aaee7@group-48CCFD0E3BB8:t3, leader=null, voted=3ae4cb20-15ad-4779-a013-5b0fdc3aaee7, raftlog=3ae4cb20-15ad-4779-a013-5b0fdc3aaee7@group-48CCFD0E3BB8-SegmentedRaftLog:OPENED:c-1, conf=-1: [f0359a9b-bc21-4a61-b53d-8d2dd84c6fc1|rpc:10.1.0.23:44285|priority:0, fa45fd2a-a6ef-4106-9a44-777d17a8e8f4|rpc:10.1.0.23:43989|priority:1, 3ae4cb20-15ad-4779-a013-5b0fdc3aaee7|rpc:10.1.0.23:35115|priority:0], old=null
2021-11-05 13:01:21,136 [3ae4cb20-15ad-4779-a013-5b0fdc3aaee7@group-48CCFD0E3BB8-LeaderElection131] INFO  impl.LeaderElection (LogUtils.java:infoOrTrace(137)) - 3ae4cb20-15ad-4779-a013-5b0fdc3aaee7@group-48CCFD0E3BB8-LeaderElection131 got exception when requesting votes: java.util.concurrent.ExecutionException: org.apache.ratis.thirdparty.io.grpc.StatusRuntimeException: UNAVAILABLE: io exception
2021-11-05 13:01:21,136 [grpc-default-executor-6] INFO  server.RaftServer$Division (RaftServerImpl.java:requestVote(1046)) - f0359a9b-bc21-4a61-b53d-8d2dd84c6fc1@group-48CCFD0E3BB8: receive requestVote(ELECTION, 3ae4cb20-15ad-4779-a013-5b0fdc3aaee7, group-48CCFD0E3BB8, 3, (t:0, i:0))
2021-11-05 13:01:21,137 [grpc-default-executor-6] INFO  impl.VoteContext (VoteContext.java:log(48)) - f0359a9b-bc21-4a61-b53d-8d2dd84c6fc1@group-48CCFD0E3BB8-CANDIDATE: reject ELECTION from 3ae4cb20-15ad-4779-a013-5b0fdc3aaee7: already has voted for f0359a9b-bc21-4a61-b53d-8d2dd84c6fc1 at current term 3
2021-11-05 13:01:21,137 [grpc-default-executor-6] INFO  server.RaftServer$Division (RaftServerImpl.java:requestVote(1078)) - f0359a9b-bc21-4a61-b53d-8d2dd84c6fc1@group-48CCFD0E3BB8 replies to ELECTION vote request: 3ae4cb20-15ad-4779-a013-5b0fdc3aaee7<-f0359a9b-bc21-4a61-b53d-8d2dd84c6fc1#0:FAIL-t3. Peer's state: f0359a9b-bc21-4a61-b53d-8d2dd84c6fc1@group-48CCFD0E3BB8:t3, leader=null, voted=f0359a9b-bc21-4a61-b53d-8d2dd84c6fc1, raftlog=f0359a9b-bc21-4a61-b53d-8d2dd84c6fc1@group-48CCFD0E3BB8-SegmentedRaftLog:OPENED:c-1, conf=-1: [f0359a9b-bc21-4a61-b53d-8d2dd84c6fc1|rpc:10.1.0.23:44285|priority:0, fa45fd2a-a6ef-4106-9a44-777d17a8e8f4|rpc:10.1.0.23:43989|priority:1, 3ae4cb20-15ad-4779-a013-5b0fdc3aaee7|rpc:10.1.0.23:35115|priority:0], old=null
2021-11-05 13:01:21,137 [f0359a9b-bc21-4a61-b53d-8d2dd84c6fc1@group-48CCFD0E3BB8-LeaderElection130] INFO  impl.LeaderElection (LeaderElection.java:logAndReturn(89)) - f0359a9b-bc21-4a61-b53d-8d2dd84c6fc1@group-48CCFD0E3BB8-LeaderElection130: ELECTION REJECTED received 1 response(s) and 1 exception(s):
2021-11-05 13:01:21,137 [f0359a9b-bc21-4a61-b53d-8d2dd84c6fc1@group-48CCFD0E3BB8-LeaderElection130] INFO  impl.LeaderElection (LeaderElection.java:logAndReturn(93)) -   Response 0: f0359a9b-bc21-4a61-b53d-8d2dd84c6fc1<-3ae4cb20-15ad-4779-a013-5b0fdc3aaee7#0:FAIL-t3
2021-11-05 13:01:21,137 [f0359a9b-bc21-4a61-b53d-8d2dd84c6fc1@group-48CCFD0E3BB8-LeaderElection130] INFO  impl.LeaderElection (LogUtils.java:infoOrTrace(137)) -   Exception 1: java.util.concurrent.ExecutionException: org.apache.ratis.thirdparty.io.grpc.StatusRuntimeException: UNAVAILABLE: io exception
2021-11-05 13:01:21,138 [f0359a9b-bc21-4a61-b53d-8d2dd84c6fc1@group-48CCFD0E3BB8-LeaderElection130] INFO  impl.LeaderElection (LeaderElection.java:askForVotes(308)) - f0359a9b-bc21-4a61-b53d-8d2dd84c6fc1@group-48CCFD0E3BB8-LeaderElection130 ELECTION round 0: result REJECTED
2021-11-05 13:01:21,138 [f0359a9b-bc21-4a61-b53d-8d2dd84c6fc1@group-48CCFD0E3BB8-LeaderElection130] INFO  server.RaftServer$Division (RaftServerImpl.java:setRole(290)) - f0359a9b-bc21-4a61-b53d-8d2dd84c6fc1@group-48CCFD0E3BB8: changes role from CANDIDATE to FOLLOWER at term 3 for REJECTED
2021-11-05 13:01:21,138 [f0359a9b-bc21-4a61-b53d-8d2dd84c6fc1@group-48CCFD0E3BB8-LeaderElection130] INFO  impl.RoleInfo (RoleInfo.java:shutdownLeaderElection(121)) - f0359a9b-bc21-4a61-b53d-8d2dd84c6fc1: shutdown f0359a9b-bc21-4a61-b53d-8d2dd84c6fc1@group-48CCFD0E3BB8-LeaderElection130
2021-11-05 13:01:21,138 [f0359a9b-bc21-4a61-b53d-8d2dd84c6fc1@group-48CCFD0E3BB8-LeaderElection130] INFO  impl.RoleInfo (RoleInfo.java:updateAndGet(130)) - f0359a9b-bc21-4a61-b53d-8d2dd84c6fc1: start f0359a9b-bc21-4a61-b53d-8d2dd84c6fc1@group-48CCFD0E3BB8-FollowerState
2021-11-05 13:01:21,139 [3ae4cb20-15ad-4779-a013-5b0fdc3aaee7@group-48CCFD0E3BB8-LeaderElection131] INFO  impl.LeaderElection (LeaderElection.java:logAndReturn(89)) - 3ae4cb20-15ad-4779-a013-5b0fdc3aaee7@group-48CCFD0E3BB8-LeaderElection131: ELECTION REJECTED received 1 response(s) and 1 exception(s):
2021-11-05 13:01:21,139 [3ae4cb20-15ad-4779-a013-5b0fdc3aaee7@group-48CCFD0E3BB8-LeaderElection131] INFO  impl.LeaderElection (LeaderElection.java:logAndReturn(93)) -   Response 0: 3ae4cb20-15ad-4779-a013-5b0fdc3aaee7<-f0359a9b-bc21-4a61-b53d-8d2dd84c6fc1#0:FAIL-t3
2021-11-05 13:01:21,139 [3ae4cb20-15ad-4779-a013-5b0fdc3aaee7@group-48CCFD0E3BB8-LeaderElection131] INFO  impl.LeaderElection (LogUtils.java:infoOrTrace(137)) -   Exception 1: java.util.concurrent.ExecutionException: org.apache.ratis.thirdparty.io.grpc.StatusRuntimeException: UNAVAILABLE: io exception
2021-11-05 13:01:21,156 [3ae4cb20-15ad-4779-a013-5b0fdc3aaee7@group-48CCFD0E3BB8-LeaderElection131] INFO  impl.LeaderElection (LeaderElection.java:askForVotes(308)) - 3ae4cb20-15ad-4779-a013-5b0fdc3aaee7@group-48CCFD0E3BB8-LeaderElection131 ELECTION round 0: result REJECTED
2021-11-05 13:01:21,156 [3ae4cb20-15ad-4779-a013-5b0fdc3aaee7@group-48CCFD0E3BB8-LeaderElection131] INFO  server.RaftServer$Division (RaftServerImpl.java:setRole(290)) - 3ae4cb20-15ad-4779-a013-5b0fdc3aaee7@group-48CCFD0E3BB8: changes role from CANDIDATE to FOLLOWER at term 3 for REJECTED
2021-11-05 13:01:21,156 [3ae4cb20-15ad-4779-a013-5b0fdc3aaee7@group-48CCFD0E3BB8-LeaderElection131] INFO  impl.RoleInfo (RoleInfo.java:shutdownLeaderElection(121)) - 3ae4cb20-15ad-4779-a013-5b0fdc3aaee7: shutdown 3ae4cb20-15ad-4779-a013-5b0fdc3aaee7@group-48CCFD0E3BB8-LeaderElection131
2021-11-05 13:01:21,156 [3ae4cb20-15ad-4779-a013-5b0fdc3aaee7@group-48CCFD0E3BB8-LeaderElection131] INFO  impl.RoleInfo (RoleInfo.java:updateAndGet(130)) - 3ae4cb20-15ad-4779-a013-5b0fdc3aaee7: start 3ae4cb20-15ad-4779-a013-5b0fdc3aaee7@group-48CCFD0E3BB8-FollowerState
2021-11-05 13:01:21,200 [grpc-default-executor-6] WARN  server.GrpcLogAppender (LogUtils.java:warn(122)) - 04351296-bb31-4c39-8b7c-2fcea1114805@group-30A45C208CA2->f63fc592-5921-4d2a-8a56-22c1aba49965-AppendLogResponseHandler: Failed appendEntries: org.apache.ratis.thirdparty.io.grpc.StatusRuntimeException: UNAVAILABLE: io exception
2021-11-05 13:01:21,200 [grpc-default-executor-6] WARN  server.GrpcLogAppender (GrpcLogAppender.java:resetClient(110)) - 04351296-bb31-4c39-8b7c-2fcea1114805@group-30A45C208CA2->f63fc592-5921-4d2a-8a56-22c1aba49965-GrpcLogAppender: Leader has not got in touch with Follower 04351296-bb31-4c39-8b7c-2fcea1114805@group-30A45C208CA2->f63fc592-5921-4d2a-8a56-22c1aba49965(c-1,m0,n3, attendVote=true, lastRpcSendTime=2519, lastRpcResponseTime=13075) yet, just keep nextIndex unchanged and retry.
2021-11-05 13:01:21,202 [f0359a9b-bc21-4a61-b53d-8d2dd84c6fc1@group-479BF459BC53-FollowerState] INFO  impl.FollowerState (FollowerState.java:run(134)) - f0359a9b-bc21-4a61-b53d-8d2dd84c6fc1@group-479BF459BC53-FollowerState: change to CANDIDATE, lastRpcElapsedTime:5101492783ns, electionTimeout:5098ms
2021-11-05 13:01:21,202 [f0359a9b-bc21-4a61-b53d-8d2dd84c6fc1@group-479BF459BC53-FollowerState] INFO  impl.RoleInfo (RoleInfo.java:shutdownFollowerState(108)) - f0359a9b-bc21-4a61-b53d-8d2dd84c6fc1: shutdown f0359a9b-bc21-4a61-b53d-8d2dd84c6fc1@group-479BF459BC53-FollowerState
2021-11-05 13:01:21,202 [f0359a9b-bc21-4a61-b53d-8d2dd84c6fc1@group-479BF459BC53-FollowerState] INFO  server.RaftServer$Division (RaftServerImpl.java:setRole(290)) - f0359a9b-bc21-4a61-b53d-8d2dd84c6fc1@group-479BF459BC53: changes role from  FOLLOWER to CANDIDATE at term 2 for changeToCandidate
2021-11-05 13:01:21,202 [f0359a9b-bc21-4a61-b53d-8d2dd84c6fc1@group-479BF459BC53-FollowerState] INFO  server.RaftServerConfigKeys (ConfUtils.java:logGet(44)) - raft.server.leaderelection.pre-vote = false (custom)
2021-11-05 13:01:21,202 [f0359a9b-bc21-4a61-b53d-8d2dd84c6fc1@group-479BF459BC53-FollowerState] INFO  impl.RoleInfo (RoleInfo.java:updateAndGet(130)) - f0359a9b-bc21-4a61-b53d-8d2dd84c6fc1: start f0359a9b-bc21-4a61-b53d-8d2dd84c6fc1@group-479BF459BC53-LeaderElection132
2021-11-05 13:01:21,212 [f0359a9b-bc21-4a61-b53d-8d2dd84c6fc1@group-479BF459BC53-LeaderElection132] INFO  impl.LeaderElection (LeaderElection.java:askForVotes(306)) - f0359a9b-bc21-4a61-b53d-8d2dd84c6fc1@group-479BF459BC53-LeaderElection132 ELECTION round 0: submit vote requests at term 3 for -1: [f0359a9b-bc21-4a61-b53d-8d2dd84c6fc1|rpc:10.1.0.23:44285|priority:0, 76ef4e66-eace-4a3b-a369-d2a815523a61|rpc:10.1.0.23:41987|priority:1, 3ae4cb20-15ad-4779-a013-5b0fdc3aaee7|rpc:10.1.0.23:35115|priority:0], old=null
2021-11-05 13:01:21,272 [3ae4cb20-15ad-4779-a013-5b0fdc3aaee7@group-479BF459BC53-FollowerState] INFO  impl.FollowerState (FollowerState.java:run(134)) - 3ae4cb20-15ad-4779-a013-5b0fdc3aaee7@group-479BF459BC53-FollowerState: change to CANDIDATE, lastRpcElapsedTime:5219659406ns, electionTimeout:5167ms
2021-11-05 13:01:21,272 [3ae4cb20-15ad-4779-a013-5b0fdc3aaee7@group-479BF459BC53-FollowerState] INFO  impl.RoleInfo (RoleInfo.java:shutdownFollowerState(108)) - 3ae4cb20-15ad-4779-a013-5b0fdc3aaee7: shutdown 3ae4cb20-15ad-4779-a013-5b0fdc3aaee7@group-479BF459BC53-FollowerState
2021-11-05 13:01:21,272 [3ae4cb20-15ad-4779-a013-5b0fdc3aaee7@group-479BF459BC53-FollowerState] INFO  server.RaftServer$Division (RaftServerImpl.java:setRole(290)) - 3ae4cb20-15ad-4779-a013-5b0fdc3aaee7@group-479BF459BC53: changes role from  FOLLOWER to CANDIDATE at term 2 for changeToCandidate
2021-11-05 13:01:21,284 [f0359a9b-bc21-4a61-b53d-8d2dd84c6fc1@group-479BF459BC53-LeaderElection132] INFO  impl.LeaderElection (LogUtils.java:infoOrTrace(137)) - f0359a9b-bc21-4a61-b53d-8d2dd84c6fc1@group-479BF459BC53-LeaderElection132 got exception when requesting votes: java.util.concurrent.ExecutionException: org.apache.ratis.thirdparty.io.grpc.StatusRuntimeException: UNAVAILABLE: io exception
2021-11-05 13:01:21,285 [3ae4cb20-15ad-4779-a013-5b0fdc3aaee7@group-479BF459BC53-FollowerState] INFO  server.RaftServerConfigKeys (ConfUtils.java:logGet(44)) - raft.server.leaderelection.pre-vote = false (custom)
2021-11-05 13:01:21,285 [3ae4cb20-15ad-4779-a013-5b0fdc3aaee7@group-479BF459BC53-FollowerState] INFO  impl.RoleInfo (RoleInfo.java:updateAndGet(130)) - 3ae4cb20-15ad-4779-a013-5b0fdc3aaee7: start 3ae4cb20-15ad-4779-a013-5b0fdc3aaee7@group-479BF459BC53-LeaderElection133
2021-11-05 13:01:21,286 [grpc-default-executor-6] INFO  server.RaftServer$Division (RaftServerImpl.java:requestVote(1046)) - 3ae4cb20-15ad-4779-a013-5b0fdc3aaee7@group-479BF459BC53: receive requestVote(ELECTION, f0359a9b-bc21-4a61-b53d-8d2dd84c6fc1, group-479BF459BC53, 3, (t:0, i:0))
2021-11-05 13:01:21,292 [grpc-default-executor-6] INFO  impl.VoteContext (VoteContext.java:log(48)) - 3ae4cb20-15ad-4779-a013-5b0fdc3aaee7@group-479BF459BC53-CANDIDATE: accept ELECTION from f0359a9b-bc21-4a61-b53d-8d2dd84c6fc1: our priority 0 <= candidate's priority 0
2021-11-05 13:01:21,292 [grpc-default-executor-6] INFO  server.RaftServer$Division (RaftServerImpl.java:setRole(290)) - 3ae4cb20-15ad-4779-a013-5b0fdc3aaee7@group-479BF459BC53: changes role from CANDIDATE to FOLLOWER at term 3 for candidate:f0359a9b-bc21-4a61-b53d-8d2dd84c6fc1
2021-11-05 13:01:21,292 [grpc-default-executor-6] INFO  impl.RoleInfo (RoleInfo.java:shutdownLeaderElection(121)) - 3ae4cb20-15ad-4779-a013-5b0fdc3aaee7: shutdown 3ae4cb20-15ad-4779-a013-5b0fdc3aaee7@group-479BF459BC53-LeaderElection133
2021-11-05 13:01:21,292 [grpc-default-executor-6] INFO  impl.RoleInfo (RoleInfo.java:updateAndGet(130)) - 3ae4cb20-15ad-4779-a013-5b0fdc3aaee7: start 3ae4cb20-15ad-4779-a013-5b0fdc3aaee7@group-479BF459BC53-FollowerState
2021-11-05 13:01:21,294 [3ae4cb20-15ad-4779-a013-5b0fdc3aaee7@group-479BF459BC53-LeaderElection133] INFO  impl.LeaderElection (LeaderElection.java:run(230)) - 3ae4cb20-15ad-4779-a013-5b0fdc3aaee7@group-479BF459BC53-LeaderElection133: skip running since this is already CLOSING
2021-11-05 13:01:21,300 [grpc-default-executor-6] INFO  server.RaftServer$Division (RaftServerImpl.java:requestVote(1078)) - 3ae4cb20-15ad-4779-a013-5b0fdc3aaee7@group-479BF459BC53 replies to ELECTION vote request: f0359a9b-bc21-4a61-b53d-8d2dd84c6fc1<-3ae4cb20-15ad-4779-a013-5b0fdc3aaee7#0:OK-t3. Peer's state: 3ae4cb20-15ad-4779-a013-5b0fdc3aaee7@group-479BF459BC53:t3, leader=null, voted=f0359a9b-bc21-4a61-b53d-8d2dd84c6fc1, raftlog=3ae4cb20-15ad-4779-a013-5b0fdc3aaee7@group-479BF459BC53-SegmentedRaftLog:OPENED:c-1, conf=-1: [f0359a9b-bc21-4a61-b53d-8d2dd84c6fc1|rpc:10.1.0.23:44285|priority:0, 76ef4e66-eace-4a3b-a369-d2a815523a61|rpc:10.1.0.23:41987|priority:1, 3ae4cb20-15ad-4779-a013-5b0fdc3aaee7|rpc:10.1.0.23:35115|priority:0], old=null
2021-11-05 13:01:21,312 [f0359a9b-bc21-4a61-b53d-8d2dd84c6fc1@group-479BF459BC53-LeaderElection132] INFO  impl.LeaderElection (LeaderElection.java:logAndReturn(89)) - f0359a9b-bc21-4a61-b53d-8d2dd84c6fc1@group-479BF459BC53-LeaderElection132: ELECTION PASSED received 1 response(s) and 1 exception(s):
2021-11-05 13:01:21,312 [f0359a9b-bc21-4a61-b53d-8d2dd84c6fc1@group-479BF459BC53-LeaderElection132] INFO  impl.LeaderElection (LeaderElection.java:logAndReturn(93)) -   Response 0: f0359a9b-bc21-4a61-b53d-8d2dd84c6fc1<-3ae4cb20-15ad-4779-a013-5b0fdc3aaee7#0:OK-t3
2021-11-05 13:01:21,312 [f0359a9b-bc21-4a61-b53d-8d2dd84c6fc1@group-479BF459BC53-LeaderElection132] INFO  impl.LeaderElection (LogUtils.java:infoOrTrace(137)) -   Exception 1: java.util.concurrent.ExecutionException: org.apache.ratis.thirdparty.io.grpc.StatusRuntimeException: UNAVAILABLE: io exception
2021-11-05 13:01:21,312 [f0359a9b-bc21-4a61-b53d-8d2dd84c6fc1@group-479BF459BC53-LeaderElection132] INFO  impl.LeaderElection (LeaderElection.java:askForVotes(308)) - f0359a9b-bc21-4a61-b53d-8d2dd84c6fc1@group-479BF459BC53-LeaderElection132 ELECTION round 0: result PASSED
2021-11-05 13:01:21,312 [f0359a9b-bc21-4a61-b53d-8d2dd84c6fc1@group-479BF459BC53-LeaderElection132] INFO  impl.RoleInfo (RoleInfo.java:shutdownLeaderElection(121)) - f0359a9b-bc21-4a61-b53d-8d2dd84c6fc1: shutdown f0359a9b-bc21-4a61-b53d-8d2dd84c6fc1@group-479BF459BC53-LeaderElection132
2021-11-05 13:01:21,313 [f0359a9b-bc21-4a61-b53d-8d2dd84c6fc1@group-479BF459BC53-LeaderElection132] INFO  server.RaftServer$Division (RaftServerImpl.java:setRole(290)) - f0359a9b-bc21-4a61-b53d-8d2dd84c6fc1@group-479BF459BC53: changes role from CANDIDATE to LEADER at term 3 for changeToLeader
2021-11-05 13:01:21,313 [f0359a9b-bc21-4a61-b53d-8d2dd84c6fc1@group-479BF459BC53-LeaderElection132] INFO  ratis.XceiverServerRatis (XceiverServerRatis.java:handleLeaderChangedNotification(866)) - Leader change notification received for group: group-479BF459BC53 with new leaderId: f0359a9b-bc21-4a61-b53d-8d2dd84c6fc1
2021-11-05 13:01:21,313 [f0359a9b-bc21-4a61-b53d-8d2dd84c6fc1@group-479BF459BC53-LeaderElection132] INFO  server.RaftServer$Division (ServerState.java:setLeader(285)) - f0359a9b-bc21-4a61-b53d-8d2dd84c6fc1@group-479BF459BC53: change Leader from null to f0359a9b-bc21-4a61-b53d-8d2dd84c6fc1 at term 3 for becomeLeader, leader elected after 15736ms
2021-11-05 13:01:21,313 [f0359a9b-bc21-4a61-b53d-8d2dd84c6fc1@group-479BF459BC53-LeaderElection132] INFO  server.RaftServerConfigKeys (ConfUtils.java:logGet(44)) - raft.server.staging.catchup.gap = 1000 (default)
2021-11-05 13:01:21,313 [f0359a9b-bc21-4a61-b53d-8d2dd84c6fc1@group-479BF459BC53-LeaderElection132] INFO  server.RaftServerConfigKeys (ConfUtils.java:logGet(44)) - raft.server.write.element-limit = 1024 (custom)
2021-11-05 13:01:21,313 [f0359a9b-bc21-4a61-b53d-8d2dd84c6fc1@group-479BF459BC53-LeaderElection132] INFO  server.RaftServerConfigKeys (ConfUtils.java:logGet(44)) - raft.server.write.byte-limit = 1024 M (=1073741824) (custom)
2021-11-05 13:01:21,313 [f0359a9b-bc21-4a61-b53d-8d2dd84c6fc1@group-479BF459BC53-LeaderElection132] INFO  server.RaftServerConfigKeys (ConfUtils.java:logGet(44)) - raft.server.watch.timeout = 3000ms (custom)
2021-11-05 13:01:21,313 [f0359a9b-bc21-4a61-b53d-8d2dd84c6fc1@group-479BF459BC53-LeaderElection132] INFO  server.RaftServerConfigKeys (ConfUtils.java:logGet(44)) - raft.server.watch.timeout.denomination = 1s (default)
2021-11-05 13:01:21,313 [f0359a9b-bc21-4a61-b53d-8d2dd84c6fc1@group-479BF459BC53-LeaderElection132] INFO  server.RaftServerConfigKeys (ConfUtils.java:logGet(44)) - raft.server.watch.element-limit = 65536 (default)
2021-11-05 13:01:21,314 [f0359a9b-bc21-4a61-b53d-8d2dd84c6fc1@group-479BF459BC53-LeaderElection132] INFO  server.RaftServerConfigKeys (ConfUtils.java:logGet(44)) - raft.server.write.element-limit = 1024 (custom)
2021-11-05 13:01:21,314 [f0359a9b-bc21-4a61-b53d-8d2dd84c6fc1@group-479BF459BC53-LeaderElection132] INFO  server.RaftServerConfigKeys (ConfUtils.java:logGet(44)) - raft.server.write.follower.gap.ratio.max = -1.0 (default)
2021-11-05 13:01:21,314 [f0359a9b-bc21-4a61-b53d-8d2dd84c6fc1@group-479BF459BC53-LeaderElection132] INFO  server.RaftServerConfigKeys (ConfUtils.java:logGet(44)) - raft.server.log.appender.snapshot.chunk.size.max = 16MB (=16777216) (default)
2021-11-05 13:01:21,314 [f0359a9b-bc21-4a61-b53d-8d2dd84c6fc1@group-479BF459BC53-LeaderElection132] INFO  server.RaftServerConfigKeys (ConfUtils.java:logGet(44)) - raft.server.log.appender.buffer.byte-limit = 33554432 (custom)
2021-11-05 13:01:21,314 [f0359a9b-bc21-4a61-b53d-8d2dd84c6fc1@group-479BF459BC53-LeaderElection132] INFO  server.RaftServerConfigKeys (ConfUtils.java:logGet(44)) - raft.server.log.appender.buffer.element-limit = 1 (custom)
2021-11-05 13:01:21,314 [f0359a9b-bc21-4a61-b53d-8d2dd84c6fc1@group-479BF459BC53-LeaderElection132] INFO  grpc.GrpcConfigKeys (ConfUtils.java:logGet(44)) - raft.grpc.server.leader.outstanding.appends.max = 128 (default)
2021-11-05 13:01:21,314 [f0359a9b-bc21-4a61-b53d-8d2dd84c6fc1@group-479BF459BC53-LeaderElection132] INFO  server.RaftServerConfigKeys (ConfUtils.java:logGet(44)) - raft.server.rpc.request.timeout = 3000ms (default)
2021-11-05 13:01:21,314 [f0359a9b-bc21-4a61-b53d-8d2dd84c6fc1@group-479BF459BC53-LeaderElection132] INFO  server.RaftServerConfigKeys (ConfUtils.java:logGet(44)) - raft.server.log.appender.install.snapshot.enabled = false (custom)
2021-11-05 13:01:21,316 [f0359a9b-bc21-4a61-b53d-8d2dd84c6fc1@group-479BF459BC53-LeaderElection132] INFO  server.RaftServerConfigKeys (ConfUtils.java:logGet(44)) - raft.server.log.appender.snapshot.chunk.size.max = 16MB (=16777216) (default)
2021-11-05 13:01:21,316 [f0359a9b-bc21-4a61-b53d-8d2dd84c6fc1@group-479BF459BC53-LeaderElection132] INFO  server.RaftServerConfigKeys (ConfUtils.java:logGet(44)) - raft.server.log.appender.buffer.byte-limit = 33554432 (custom)
2021-11-05 13:01:21,317 [f0359a9b-bc21-4a61-b53d-8d2dd84c6fc1@group-479BF459BC53-LeaderElection132] INFO  server.RaftServerConfigKeys (ConfUtils.java:logGet(44)) - raft.server.log.appender.buffer.element-limit = 1 (custom)
2021-11-05 13:01:21,317 [f0359a9b-bc21-4a61-b53d-8d2dd84c6fc1@group-479BF459BC53-LeaderElection132] INFO  grpc.GrpcConfigKeys (ConfUtils.java:logGet(44)) - raft.grpc.server.leader.outstanding.appends.max = 128 (default)
2021-11-05 13:01:21,317 [f0359a9b-bc21-4a61-b53d-8d2dd84c6fc1@group-479BF459BC53-LeaderElection132] INFO  server.RaftServerConfigKeys (ConfUtils.java:logGet(44)) - raft.server.rpc.request.timeout = 3000ms (default)
2021-11-05 13:01:21,317 [f0359a9b-bc21-4a61-b53d-8d2dd84c6fc1@group-479BF459BC53-LeaderElection132] INFO  server.RaftServerConfigKeys (ConfUtils.java:logGet(44)) - raft.server.log.appender.install.snapshot.enabled = false (custom)
2021-11-05 13:01:21,318 [f0359a9b-bc21-4a61-b53d-8d2dd84c6fc1@group-479BF459BC53-LeaderElection132] INFO  impl.RoleInfo (RoleInfo.java:updateAndGet(130)) - f0359a9b-bc21-4a61-b53d-8d2dd84c6fc1: start f0359a9b-bc21-4a61-b53d-8d2dd84c6fc1@group-479BF459BC53-LeaderStateImpl
2021-11-05 13:01:21,318 [f0359a9b-bc21-4a61-b53d-8d2dd84c6fc1@group-479BF459BC53-LeaderElection132] INFO  segmented.SegmentedRaftLogWorker (SegmentedRaftLogWorker.java:startLogSegment(394)) - f0359a9b-bc21-4a61-b53d-8d2dd84c6fc1@group-479BF459BC53-SegmentedRaftLogWorker: Starting segment from index:0
2021-11-05 13:01:21,318 [EventQueue-PipelineReportForPipelineReportHandler] INFO  pipeline.PipelineManagerImpl (PipelineManagerImpl.java:openPipeline(289)) - Pipeline Pipeline[ Id: bd35d69c-0ad6-4da9-8c62-479bf459bc53, Nodes: 76ef4e66-eace-4a3b-a369-d2a815523a61{ip: 10.1.0.23, host: fv-az151-875.yf2hydr00wburbhx3j5hxtcipe.bx.internal.cloudapp.net, ports: [REPLICATION=43087, RATIS=41987, RATIS_ADMIN=41987, RATIS_SERVER=41987, STANDALONE=45779], networkLocation: /default-rack, certSerialId: null, persistedOpState: IN_SERVICE, persistedOpStateExpiryEpochSec: 0}3ae4cb20-15ad-4779-a013-5b0fdc3aaee7{ip: 10.1.0.23, host: fv-az151-875.yf2hydr00wburbhx3j5hxtcipe.bx.internal.cloudapp.net, ports: [REPLICATION=39333, RATIS=35115, RATIS_ADMIN=35115, RATIS_SERVER=35115, STANDALONE=41693], networkLocation: /default-rack, certSerialId: null, persistedOpState: IN_SERVICE, persistedOpStateExpiryEpochSec: 0}f0359a9b-bc21-4a61-b53d-8d2dd84c6fc1{ip: 10.1.0.23, host: fv-az151-875.yf2hydr00wburbhx3j5hxtcipe.bx.internal.cloudapp.net, ports: [REPLICATION=42685, RATIS=44285, RATIS_ADMIN=44285, RATIS_SERVER=44285, STANDALONE=43041], networkLocation: /default-rack, certSerialId: null, persistedOpState: IN_SERVICE, persistedOpStateExpiryEpochSec: 0}, ReplicationConfig: RATIS/THREE, State:ALLOCATED, leaderId:f0359a9b-bc21-4a61-b53d-8d2dd84c6fc1, CreationTimestamp2021-11-05T13:01:03.239Z[Etc/UTC]] moved to OPEN state
2021-11-05 13:01:21,320 [Listener at 127.0.0.1/42119] INFO  statemachine.DatanodeStateMachine (DatanodeStateMachine.java:stopDaemon(526)) - Ozone container server stopped.
2021-11-05 13:01:21,321 [f0359a9b-bc21-4a61-b53d-8d2dd84c6fc1@group-479BF459BC53-SegmentedRaftLogWorker] INFO  segmented.SegmentedRaftLogWorker (SegmentedRaftLogWorker.java:execute(601)) - f0359a9b-bc21-4a61-b53d-8d2dd84c6fc1@group-479BF459BC53-SegmentedRaftLogWorker: created new log segment /home/runner/work/ozone/ozone/hadoop-ozone/integration-test/target/test-dir/MiniOzoneClusterImpl-bdf76210-3e21-404e-9e17-65b92aec9f1a/datanode-6/data/ratis/bd35d69c-0ad6-4da9-8c62-479bf459bc53/current/log_inprogress_0
2021-11-05 13:01:21,328 [Listener at 127.0.0.1/42119] INFO  handler.ContextHandler (ContextHandler.java:doStop(1153)) - Stopped o.e.j.w.WebAppContext@348c6898{hddsDatanode,/,null,STOPPED}{jar:file:/home/runner/.m2/repository/org/apache/ozone/hdds-container-service/1.2.0-SNAPSHOT/hdds-container-service-1.2.0-SNAPSHOT.jar!/webapps/hddsDatanode}
2021-11-05 13:01:21,328 [Listener at 127.0.0.1/42119] INFO  server.AbstractConnector (AbstractConnector.java:doStop(381)) - Stopped ServerConnector@2e2671fd{HTTP/1.1, (http/1.1)}{0.0.0.0:42167}
2021-11-05 13:01:21,329 [Listener at 127.0.0.1/42119] INFO  server.session (HouseKeeper.java:stopScavenging(149)) - node0 Stopped scavenging
2021-11-05 13:01:21,329 [Listener at 127.0.0.1/42119] INFO  handler.ContextHandler (ContextHandler.java:doStop(1153)) - Stopped o.e.j.s.ServletContextHandler@5bc5a70f{static,/static,jar:file:/home/runner/.m2/repository/org/apache/ozone/hdds-container-service/1.2.0-SNAPSHOT/hdds-container-service-1.2.0-SNAPSHOT.jar!/webapps/static,STOPPED}
2021-11-05 13:01:21,329 [Listener at 127.0.0.1/42119] INFO  handler.ContextHandler (ContextHandler.java:doStop(1153)) - Stopped o.e.j.s.ServletContextHandler@72ba44ae{logs,/logs,file:///home/runner/work/ozone/ozone/hadoop-ozone/integration-test/target/log,STOPPED}
2021-11-05 13:01:21,368 [grpc-default-executor-6] INFO  ratis.XceiverServerRatis (XceiverServerRatis.java:handleLeaderChangedNotification(866)) - Leader change notification received for group: group-479BF459BC53 with new leaderId: f0359a9b-bc21-4a61-b53d-8d2dd84c6fc1
2021-11-05 13:01:21,368 [grpc-default-executor-6] INFO  server.RaftServer$Division (ServerState.java:setLeader(285)) - 3ae4cb20-15ad-4779-a013-5b0fdc3aaee7@group-479BF459BC53: change Leader from null to f0359a9b-bc21-4a61-b53d-8d2dd84c6fc1 at term 3 for appendEntries, leader elected after 15793ms
2021-11-05 13:01:21,378 [f0359a9b-bc21-4a61-b53d-8d2dd84c6fc1@group-479BF459BC53-LeaderElection132] INFO  server.RaftServer$Division (ServerState.java:setRaftConf(387)) - f0359a9b-bc21-4a61-b53d-8d2dd84c6fc1@group-479BF459BC53: set configuration 0: [f0359a9b-bc21-4a61-b53d-8d2dd84c6fc1|rpc:10.1.0.23:44285|dataStream:|priority:0, 76ef4e66-eace-4a3b-a369-d2a815523a61|rpc:10.1.0.23:41987|dataStream:|priority:1, 3ae4cb20-15ad-4779-a013-5b0fdc3aaee7|rpc:10.1.0.23:35115|dataStream:|priority:0], old=null
2021-11-05 13:01:21,429 [grpc-default-executor-4] WARN  server.GrpcLogAppender (LogUtils.java:warn(122)) - f0359a9b-bc21-4a61-b53d-8d2dd84c6fc1@group-479BF459BC53->76ef4e66-eace-4a3b-a369-d2a815523a61-AppendLogResponseHandler: Failed appendEntries: org.apache.ratis.thirdparty.io.grpc.StatusRuntimeException: UNAVAILABLE: io exception
2021-11-05 13:01:21,431 [grpc-default-executor-4] WARN  server.GrpcLogAppender (GrpcLogAppender.java:resetClient(110)) - f0359a9b-bc21-4a61-b53d-8d2dd84c6fc1@group-479BF459BC53->76ef4e66-eace-4a3b-a369-d2a815523a61-GrpcLogAppender: Leader has not got in touch with Follower f0359a9b-bc21-4a61-b53d-8d2dd84c6fc1@group-479BF459BC53->76ef4e66-eace-4a3b-a369-d2a815523a61(c-1,m0,n1, attendVote=true, lastRpcSendTime=0, lastRpcResponseTime=5316) yet, just keep nextIndex unchanged and retry.
2021-11-05 13:01:21,472 [grpc-default-executor-6] INFO  server.RaftServer$Division (ServerState.java:setRaftConf(387)) - 3ae4cb20-15ad-4779-a013-5b0fdc3aaee7@group-479BF459BC53: set configuration 0: [f0359a9b-bc21-4a61-b53d-8d2dd84c6fc1|rpc:10.1.0.23:44285|dataStream:|priority:0, 76ef4e66-eace-4a3b-a369-d2a815523a61|rpc:10.1.0.23:41987|dataStream:|priority:1, 3ae4cb20-15ad-4779-a013-5b0fdc3aaee7|rpc:10.1.0.23:35115|dataStream:|priority:0], old=null
2021-11-05 13:01:21,472 [grpc-default-executor-6] INFO  segmented.SegmentedRaftLogWorker (SegmentedRaftLogWorker.java:startLogSegment(394)) - 3ae4cb20-15ad-4779-a013-5b0fdc3aaee7@group-479BF459BC53-SegmentedRaftLogWorker: Starting segment from index:0
2021-11-05 13:01:21,481 [3ae4cb20-15ad-4779-a013-5b0fdc3aaee7@group-479BF459BC53-SegmentedRaftLogWorker] INFO  segmented.SegmentedRaftLogWorker (SegmentedRaftLogWorker.java:execute(601)) - 3ae4cb20-15ad-4779-a013-5b0fdc3aaee7@group-479BF459BC53-SegmentedRaftLogWorker: created new log segment /home/runner/work/ozone/ozone/hadoop-ozone/integration-test/target/test-dir/MiniOzoneClusterImpl-bdf76210-3e21-404e-9e17-65b92aec9f1a/datanode-2/data/ratis/bd35d69c-0ad6-4da9-8c62-479bf459bc53/current/log_inprogress_0
2021-11-05 13:01:22,480 [grpc-default-executor-6] WARN  server.GrpcLogAppender (LogUtils.java:warn(122)) - fae3de48-3e9f-4cc7-8f85-17bb385fc42a@group-2717592FE90B->f63fc592-5921-4d2a-8a56-22c1aba49965-AppendLogResponseHandler: Failed appendEntries: org.apache.ratis.thirdparty.io.grpc.StatusRuntimeException: UNAVAILABLE: io exception
2021-11-05 13:01:22,482 [grpc-default-executor-6] WARN  server.GrpcLogAppender (GrpcLogAppender.java:resetClient(110)) - fae3de48-3e9f-4cc7-8f85-17bb385fc42a@group-2717592FE90B->f63fc592-5921-4d2a-8a56-22c1aba49965-GrpcLogAppender: Leader has not got in touch with Follower fae3de48-3e9f-4cc7-8f85-17bb385fc42a@group-2717592FE90B->f63fc592-5921-4d2a-8a56-22c1aba49965(c0,m0,n1, attendVote=true, lastRpcSendTime=2527, lastRpcResponseTime=15107) yet, just keep nextIndex unchanged and retry.
2021-11-05 13:01:22,608 [grpc-default-executor-6] WARN  server.GrpcLogAppender (LogUtils.java:warn(122)) - 3ae4cb20-15ad-4779-a013-5b0fdc3aaee7@group-0869023E3DC0->fa45fd2a-a6ef-4106-9a44-777d17a8e8f4-AppendLogResponseHandler: Failed appendEntries: org.apache.ratis.thirdparty.io.grpc.StatusRuntimeException: UNAVAILABLE: io exception
2021-11-05 13:01:22,608 [grpc-default-executor-6] WARN  server.GrpcLogAppender (GrpcLogAppender.java:resetClient(110)) - 3ae4cb20-15ad-4779-a013-5b0fdc3aaee7@group-0869023E3DC0->fa45fd2a-a6ef-4106-9a44-777d17a8e8f4-GrpcLogAppender: Leader has not got in touch with Follower 3ae4cb20-15ad-4779-a013-5b0fdc3aaee7@group-0869023E3DC0->fa45fd2a-a6ef-4106-9a44-777d17a8e8f4(c-1,m0,n1, attendVote=true, lastRpcSendTime=0, lastRpcResponseTime=17889) yet, just keep nextIndex unchanged and retry.
2021-11-05 13:01:22,701 [EventQueue-StaleNodeForStaleNodeHandler] INFO  node.StaleNodeHandler (StaleNodeHandler.java:onMessage(58)) - Datanode 76ef4e66-eace-4a3b-a369-d2a815523a61{ip: 10.1.0.23, host: fv-az151-875.yf2hydr00wburbhx3j5hxtcipe.bx.internal.cloudapp.net, ports: [REPLICATION=43087, RATIS=41987, RATIS_ADMIN=41987, RATIS_SERVER=41987, STANDALONE=45779], networkLocation: /default-rack, certSerialId: null, persistedOpState: IN_SERVICE, persistedOpStateExpiryEpochSec: 0} moved to stale state. Finalizing its pipelines [PipelineID=8c80d07e-7785-4892-a8be-0869023e3dc0, PipelineID=bd35d69c-0ad6-4da9-8c62-479bf459bc53, PipelineID=50461385-cd45-4a49-8d47-31ba9bbb3b71, PipelineID=10ba0849-46ec-45ca-8dca-a5b183601584]
2021-11-05 13:01:22,701 [EventQueue-StaleNodeForStaleNodeHandler] INFO  pipeline.PipelineManagerImpl (PipelineManagerImpl.java:closePipeline(349)) - Pipeline Pipeline[ Id: bd35d69c-0ad6-4da9-8c62-479bf459bc53, Nodes: 76ef4e66-eace-4a3b-a369-d2a815523a61{ip: 10.1.0.23, host: fv-az151-875.yf2hydr00wburbhx3j5hxtcipe.bx.internal.cloudapp.net, ports: [REPLICATION=43087, RATIS=41987, RATIS_ADMIN=41987, RATIS_SERVER=41987, STANDALONE=45779], networkLocation: /default-rack, certSerialId: null, persistedOpState: IN_SERVICE, persistedOpStateExpiryEpochSec: 0}3ae4cb20-15ad-4779-a013-5b0fdc3aaee7{ip: 10.1.0.23, host: fv-az151-875.yf2hydr00wburbhx3j5hxtcipe.bx.internal.cloudapp.net, ports: [REPLICATION=39333, RATIS=35115, RATIS_ADMIN=35115, RATIS_SERVER=35115, STANDALONE=41693], networkLocation: /default-rack, certSerialId: null, persistedOpState: IN_SERVICE, persistedOpStateExpiryEpochSec: 0}f0359a9b-bc21-4a61-b53d-8d2dd84c6fc1{ip: 10.1.0.23, host: fv-az151-875.yf2hydr00wburbhx3j5hxtcipe.bx.internal.cloudapp.net, ports: [REPLICATION=42685, RATIS=44285, RATIS_ADMIN=44285, RATIS_SERVER=44285, STANDALONE=43041], networkLocation: /default-rack, certSerialId: null, persistedOpState: IN_SERVICE, persistedOpStateExpiryEpochSec: 0}, ReplicationConfig: RATIS/THREE, State:OPEN, leaderId:f0359a9b-bc21-4a61-b53d-8d2dd84c6fc1, CreationTimestamp2021-11-05T13:01:03.239Z[Etc/UTC]] moved to CLOSED state
2021-11-05 13:01:22,701 [EventQueue-StaleNodeForStaleNodeHandler] INFO  pipeline.PipelineManagerImpl (PipelineManagerImpl.java:closePipeline(349)) - Pipeline Pipeline[ Id: 50461385-cd45-4a49-8d47-31ba9bbb3b71, Nodes: 76ef4e66-eace-4a3b-a369-d2a815523a61{ip: 10.1.0.23, host: fv-az151-875.yf2hydr00wburbhx3j5hxtcipe.bx.internal.cloudapp.net, ports: [REPLICATION=43087, RATIS=41987, RATIS_ADMIN=41987, RATIS_SERVER=41987, STANDALONE=45779], networkLocation: /default-rack, certSerialId: null, persistedOpState: IN_SERVICE, persistedOpStateExpiryEpochSec: 0}, ReplicationConfig: RATIS/ONE, State:OPEN, leaderId:76ef4e66-eace-4a3b-a369-d2a815523a61, CreationTimestamp2021-11-05T13:01:03.236Z[Etc/UTC]] moved to CLOSED state
2021-11-05 13:01:22,870 [grpc-default-executor-6] WARN  server.GrpcLogAppender (LogUtils.java:warn(122)) - 3ae4cb20-15ad-4779-a013-5b0fdc3aaee7@group-0869023E3DC0->76ef4e66-eace-4a3b-a369-d2a815523a61-AppendLogResponseHandler: Failed appendEntries: org.apache.ratis.thirdparty.io.grpc.StatusRuntimeException: UNAVAILABLE: io exception
2021-11-05 13:01:22,871 [grpc-default-executor-6] WARN  server.GrpcLogAppender (GrpcLogAppender.java:resetClient(110)) - 3ae4cb20-15ad-4779-a013-5b0fdc3aaee7@group-0869023E3DC0->76ef4e66-eace-4a3b-a369-d2a815523a61-GrpcLogAppender: Leader has not got in touch with Follower 3ae4cb20-15ad-4779-a013-5b0fdc3aaee7@group-0869023E3DC0->76ef4e66-eace-4a3b-a369-d2a815523a61(c0,m0,n1, attendVote=true, lastRpcSendTime=2513, lastRpcResponseTime=5042) yet, just keep nextIndex unchanged and retry.
2021-11-05 13:01:23,037 [grpc-default-executor-6] WARN  server.GrpcLogAppender (LogUtils.java:warn(122)) - 04351296-bb31-4c39-8b7c-2fcea1114805@group-321DBB24BC0F->f63fc592-5921-4d2a-8a56-22c1aba49965-AppendLogResponseHandler: Failed appendEntries: org.apache.ratis.thirdparty.io.grpc.StatusRuntimeException: UNAVAILABLE: io exception
2021-11-05 13:01:23,038 [grpc-default-executor-6] WARN  server.GrpcLogAppender (GrpcLogAppender.java:resetClient(110)) - 04351296-bb31-4c39-8b7c-2fcea1114805@group-321DBB24BC0F->f63fc592-5921-4d2a-8a56-22c1aba49965-GrpcLogAppender: Leader has not got in touch with Follower 04351296-bb31-4c39-8b7c-2fcea1114805@group-321DBB24BC0F->f63fc592-5921-4d2a-8a56-22c1aba49965(c0,m0,n1, attendVote=true, lastRpcSendTime=2514, lastRpcResponseTime=15091) yet, just keep nextIndex unchanged and retry.
2021-11-05 13:01:23,708 [grpc-default-executor-6] WARN  server.GrpcLogAppender (LogUtils.java:warn(122)) - 04351296-bb31-4c39-8b7c-2fcea1114805@group-30A45C208CA2->f63fc592-5921-4d2a-8a56-22c1aba49965-AppendLogResponseHandler: Failed appendEntries: org.apache.ratis.thirdparty.io.grpc.StatusRuntimeException: UNAVAILABLE: io exception
2021-11-05 13:01:23,709 [grpc-default-executor-6] WARN  server.GrpcLogAppender (GrpcLogAppender.java:resetClient(110)) - 04351296-bb31-4c39-8b7c-2fcea1114805@group-30A45C208CA2->f63fc592-5921-4d2a-8a56-22c1aba49965-GrpcLogAppender: Leader has not got in touch with Follower 04351296-bb31-4c39-8b7c-2fcea1114805@group-30A45C208CA2->f63fc592-5921-4d2a-8a56-22c1aba49965(c-1,m0,n3, attendVote=true, lastRpcSendTime=2508, lastRpcResponseTime=15584) yet, just keep nextIndex unchanged and retry.
2021-11-05 13:01:23,930 [grpc-default-executor-6] WARN  server.GrpcLogAppender (LogUtils.java:warn(122)) - f0359a9b-bc21-4a61-b53d-8d2dd84c6fc1@group-479BF459BC53->76ef4e66-eace-4a3b-a369-d2a815523a61-AppendLogResponseHandler: Failed appendEntries: org.apache.ratis.thirdparty.io.grpc.StatusRuntimeException: UNAVAILABLE: io exception
2021-11-05 13:01:23,931 [grpc-default-executor-6] WARN  server.GrpcLogAppender (GrpcLogAppender.java:resetClient(110)) - f0359a9b-bc21-4a61-b53d-8d2dd84c6fc1@group-479BF459BC53->76ef4e66-eace-4a3b-a369-d2a815523a61-GrpcLogAppender: Leader has not got in touch with Follower f0359a9b-bc21-4a61-b53d-8d2dd84c6fc1@group-479BF459BC53->76ef4e66-eace-4a3b-a369-d2a815523a61(c-1,m0,n1, attendVote=true, lastRpcSendTime=0, lastRpcResponseTime=7816) yet, just keep nextIndex unchanged and retry.
2021-11-05 13:01:24,524 [EventQueue-DeadNodeForDeadNodeHandler] INFO  node.DeadNodeHandler (DeadNodeHandler.java:onMessage(80)) - A dead datanode is detected. fa45fd2a-a6ef-4106-9a44-777d17a8e8f4{ip: 10.1.0.23, host: fv-az151-875.yf2hydr00wburbhx3j5hxtcipe.bx.internal.cloudapp.net, ports: [REPLICATION=35839, RATIS=43989, RATIS_ADMIN=43989, RATIS_SERVER=43989, STANDALONE=44877], networkLocation: /default-rack, certSerialId: null, persistedOpState: IN_SERVICE, persistedOpStateExpiryEpochSec: 0}
2021-11-05 13:01:24,524 [EventQueue-DeadNodeForDeadNodeHandler] INFO  pipeline.RatisPipelineProvider (RatisPipelineProvider.java:lambda$close$1(222)) - Send pipeline:PipelineID=8c80d07e-7785-4892-a8be-0869023e3dc0 close command to datanode 3ae4cb20-15ad-4779-a013-5b0fdc3aaee7
2021-11-05 13:01:24,524 [EventQueue-DeadNodeForDeadNodeHandler] INFO  pipeline.RatisPipelineProvider (RatisPipelineProvider.java:lambda$close$1(222)) - Send pipeline:PipelineID=8c80d07e-7785-4892-a8be-0869023e3dc0 close command to datanode fa45fd2a-a6ef-4106-9a44-777d17a8e8f4
2021-11-05 13:01:24,524 [EventQueue-DeadNodeForDeadNodeHandler] INFO  pipeline.RatisPipelineProvider (RatisPipelineProvider.java:lambda$close$1(222)) - Send pipeline:PipelineID=8c80d07e-7785-4892-a8be-0869023e3dc0 close command to datanode 76ef4e66-eace-4a3b-a369-d2a815523a61
2021-11-05 13:01:24,524 [EventQueue-DeadNodeForDeadNodeHandler] INFO  pipeline.PipelineStateManagerImpl (PipelineStateManagerImpl.java:removePipeline(223)) - Pipeline Pipeline[ Id: 8c80d07e-7785-4892-a8be-0869023e3dc0, Nodes: 3ae4cb20-15ad-4779-a013-5b0fdc3aaee7{ip: 10.1.0.23, host: fv-az151-875.yf2hydr00wburbhx3j5hxtcipe.bx.internal.cloudapp.net, ports: [REPLICATION=39333, RATIS=35115, RATIS_ADMIN=35115, RATIS_SERVER=35115, STANDALONE=41693], networkLocation: /default-rack, certSerialId: null, persistedOpState: IN_SERVICE, persistedOpStateExpiryEpochSec: 0}fa45fd2a-a6ef-4106-9a44-777d17a8e8f4{ip: 10.1.0.23, host: fv-az151-875.yf2hydr00wburbhx3j5hxtcipe.bx.internal.cloudapp.net, ports: [REPLICATION=35839, RATIS=43989, RATIS_ADMIN=43989, RATIS_SERVER=43989, STANDALONE=44877], networkLocation: /default-rack, certSerialId: null, persistedOpState: IN_SERVICE, persistedOpStateExpiryEpochSec: 0}76ef4e66-eace-4a3b-a369-d2a815523a61{ip: 10.1.0.23, host: fv-az151-875.yf2hydr00wburbhx3j5hxtcipe.bx.internal.cloudapp.net, ports: [REPLICATION=43087, RATIS=41987, RATIS_ADMIN=41987, RATIS_SERVER=41987, STANDALONE=45779], networkLocation: /default-rack, certSerialId: null, persistedOpState: IN_SERVICE, persistedOpStateExpiryEpochSec: 0}, ReplicationConfig: RATIS/THREE, State:CLOSED, leaderId:3ae4cb20-15ad-4779-a013-5b0fdc3aaee7, CreationTimestamp2021-11-05T13:01:03.238Z[Etc/UTC]] removed.
2021-11-05 13:01:24,525 [EventQueue-DeadNodeForDeadNodeHandler] INFO  pipeline.RatisPipelineProvider (RatisPipelineProvider.java:lambda$close$1(222)) - Send pipeline:PipelineID=e7fe834a-fc3c-45c7-9c57-48ccfd0e3bb8 close command to datanode 3ae4cb20-15ad-4779-a013-5b0fdc3aaee7
2021-11-05 13:01:24,525 [EventQueue-DeadNodeForDeadNodeHandler] INFO  pipeline.RatisPipelineProvider (RatisPipelineProvider.java:lambda$close$1(222)) - Send pipeline:PipelineID=e7fe834a-fc3c-45c7-9c57-48ccfd0e3bb8 close command to datanode fa45fd2a-a6ef-4106-9a44-777d17a8e8f4
2021-11-05 13:01:24,525 [EventQueue-DeadNodeForDeadNodeHandler] INFO  pipeline.RatisPipelineProvider (RatisPipelineProvider.java:lambda$close$1(222)) - Send pipeline:PipelineID=e7fe834a-fc3c-45c7-9c57-48ccfd0e3bb8 close command to datanode f0359a9b-bc21-4a61-b53d-8d2dd84c6fc1
2021-11-05 13:01:24,525 [EventQueue-DeadNodeForDeadNodeHandler] INFO  pipeline.PipelineStateManagerImpl (PipelineStateManagerImpl.java:removePipeline(223)) - Pipeline Pipeline[ Id: e7fe834a-fc3c-45c7-9c57-48ccfd0e3bb8, Nodes: 3ae4cb20-15ad-4779-a013-5b0fdc3aaee7{ip: 10.1.0.23, host: fv-az151-875.yf2hydr00wburbhx3j5hxtcipe.bx.internal.cloudapp.net, ports: [REPLICATION=39333, RATIS=35115, RATIS_ADMIN=35115, RATIS_SERVER=35115, STANDALONE=41693], networkLocation: /default-rack, certSerialId: null, persistedOpState: IN_SERVICE, persistedOpStateExpiryEpochSec: 0}fa45fd2a-a6ef-4106-9a44-777d17a8e8f4{ip: 10.1.0.23, host: fv-az151-875.yf2hydr00wburbhx3j5hxtcipe.bx.internal.cloudapp.net, ports: [REPLICATION=35839, RATIS=43989, RATIS_ADMIN=43989, RATIS_SERVER=43989, STANDALONE=44877], networkLocation: /default-rack, certSerialId: null, persistedOpState: IN_SERVICE, persistedOpStateExpiryEpochSec: 0}f0359a9b-bc21-4a61-b53d-8d2dd84c6fc1{ip: 10.1.0.23, host: fv-az151-875.yf2hydr00wburbhx3j5hxtcipe.bx.internal.cloudapp.net, ports: [REPLICATION=42685, RATIS=44285, RATIS_ADMIN=44285, RATIS_SERVER=44285, STANDALONE=43041], networkLocation: /default-rack, certSerialId: null, persistedOpState: IN_SERVICE, persistedOpStateExpiryEpochSec: 0}, ReplicationConfig: RATIS/THREE, State:CLOSED, leaderId:, CreationTimestamp2021-11-05T13:01:03.238Z[Etc/UTC]] removed.
2021-11-05 13:01:24,525 [EventQueue-DeadNodeForDeadNodeHandler] INFO  pipeline.RatisPipelineProvider (RatisPipelineProvider.java:lambda$close$1(222)) - Send pipeline:PipelineID=10ba0849-46ec-45ca-8dca-a5b183601584 close command to datanode 76ef4e66-eace-4a3b-a369-d2a815523a61
2021-11-05 13:01:24,525 [EventQueue-DeadNodeForDeadNodeHandler] INFO  pipeline.RatisPipelineProvider (RatisPipelineProvider.java:lambda$close$1(222)) - Send pipeline:PipelineID=10ba0849-46ec-45ca-8dca-a5b183601584 close command to datanode f0359a9b-bc21-4a61-b53d-8d2dd84c6fc1
2021-11-05 13:01:24,525 [EventQueue-DeadNodeForDeadNodeHandler] INFO  pipeline.RatisPipelineProvider (RatisPipelineProvider.java:lambda$close$1(222)) - Send pipeline:PipelineID=10ba0849-46ec-45ca-8dca-a5b183601584 close command to datanode fa45fd2a-a6ef-4106-9a44-777d17a8e8f4
2021-11-05 13:01:24,525 [EventQueue-DeadNodeForDeadNodeHandler] INFO  pipeline.PipelineStateManagerImpl (PipelineStateManagerImpl.java:removePipeline(223)) - Pipeline Pipeline[ Id: 10ba0849-46ec-45ca-8dca-a5b183601584, Nodes: 76ef4e66-eace-4a3b-a369-d2a815523a61{ip: 10.1.0.23, host: fv-az151-875.yf2hydr00wburbhx3j5hxtcipe.bx.internal.cloudapp.net, ports: [REPLICATION=43087, RATIS=41987, RATIS_ADMIN=41987, RATIS_SERVER=41987, STANDALONE=45779], networkLocation: /default-rack, certSerialId: null, persistedOpState: IN_SERVICE, persistedOpStateExpiryEpochSec: 0}f0359a9b-bc21-4a61-b53d-8d2dd84c6fc1{ip: 10.1.0.23, host: fv-az151-875.yf2hydr00wburbhx3j5hxtcipe.bx.internal.cloudapp.net, ports: [REPLICATION=42685, RATIS=44285, RATIS_ADMIN=44285, RATIS_SERVER=44285, STANDALONE=43041], networkLocation: /default-rack, certSerialId: null, persistedOpState: IN_SERVICE, persistedOpStateExpiryEpochSec: 0}fa45fd2a-a6ef-4106-9a44-777d17a8e8f4{ip: 10.1.0.23, host: fv-az151-875.yf2hydr00wburbhx3j5hxtcipe.bx.internal.cloudapp.net, ports: [REPLICATION=35839, RATIS=43989, RATIS_ADMIN=43989, RATIS_SERVER=43989, STANDALONE=44877], networkLocation: /default-rack, certSerialId: null, persistedOpState: IN_SERVICE, persistedOpStateExpiryEpochSec: 0}, ReplicationConfig: RATIS/THREE, State:CLOSED, leaderId:, CreationTimestamp2021-11-05T13:01:03.237Z[Etc/UTC]] removed.
2021-11-05 13:01:24,525 [EventQueue-DeadNodeForDeadNodeHandler] INFO  pipeline.RatisPipelineProvider (RatisPipelineProvider.java:lambda$close$1(222)) - Send pipeline:PipelineID=9a8c8b22-4b43-436c-8b5e-1fa21d5fafdd close command to datanode fa45fd2a-a6ef-4106-9a44-777d17a8e8f4
2021-11-05 13:01:24,525 [EventQueue-DeadNodeForDeadNodeHandler] INFO  pipeline.PipelineStateManagerImpl (PipelineStateManagerImpl.java:removePipeline(223)) - Pipeline Pipeline[ Id: 9a8c8b22-4b43-436c-8b5e-1fa21d5fafdd, Nodes: fa45fd2a-a6ef-4106-9a44-777d17a8e8f4{ip: 10.1.0.23, host: fv-az151-875.yf2hydr00wburbhx3j5hxtcipe.bx.internal.cloudapp.net, ports: [REPLICATION=35839, RATIS=43989, RATIS_ADMIN=43989, RATIS_SERVER=43989, STANDALONE=44877], networkLocation: /default-rack, certSerialId: null, persistedOpState: IN_SERVICE, persistedOpStateExpiryEpochSec: 0}, ReplicationConfig: RATIS/ONE, State:CLOSED, leaderId:fa45fd2a-a6ef-4106-9a44-777d17a8e8f4, CreationTimestamp2021-11-05T13:00:06.084Z[Etc/UTC]] removed.
2021-11-05 13:01:24,525 [EventQueue-DeadNodeForDeadNodeHandler] INFO  net.NetworkTopologyImpl (NetworkTopologyImpl.java:remove(137)) - Removed a node: /default-rack/fa45fd2a-a6ef-4106-9a44-777d17a8e8f4
2021-11-05 13:01:24,728 [EventQueue-DeadNodeForDeadNodeHandler] INFO  node.DeadNodeHandler (DeadNodeHandler.java:onMessage(80)) - A dead datanode is detected. f63fc592-5921-4d2a-8a56-22c1aba49965{ip: 10.1.0.23, host: fv-az151-875.yf2hydr00wburbhx3j5hxtcipe.bx.internal.cloudapp.net, ports: [REPLICATION=40425, RATIS=39383, RATIS_ADMIN=39383, RATIS_SERVER=39383, STANDALONE=43527], networkLocation: /default-rack, certSerialId: null, persistedOpState: IN_SERVICE, persistedOpStateExpiryEpochSec: 0}
2021-11-05 13:01:24,729 [EventQueue-DeadNodeForDeadNodeHandler] INFO  pipeline.RatisPipelineProvider (RatisPipelineProvider.java:lambda$close$1(222)) - Send pipeline:PipelineID=cf6dd734-eee3-40b4-8aa9-321dbb24bc0f close command to datanode 04351296-bb31-4c39-8b7c-2fcea1114805
2021-11-05 13:01:24,729 [EventQueue-DeadNodeForDeadNodeHandler] INFO  pipeline.RatisPipelineProvider (RatisPipelineProvider.java:lambda$close$1(222)) - Send pipeline:PipelineID=cf6dd734-eee3-40b4-8aa9-321dbb24bc0f close command to datanode f63fc592-5921-4d2a-8a56-22c1aba49965
2021-11-05 13:01:24,729 [EventQueue-DeadNodeForDeadNodeHandler] INFO  pipeline.RatisPipelineProvider (RatisPipelineProvider.java:lambda$close$1(222)) - Send pipeline:PipelineID=cf6dd734-eee3-40b4-8aa9-321dbb24bc0f close command to datanode fae3de48-3e9f-4cc7-8f85-17bb385fc42a
2021-11-05 13:01:24,729 [EventQueue-DeadNodeForDeadNodeHandler] INFO  pipeline.PipelineStateManagerImpl (PipelineStateManagerImpl.java:removePipeline(223)) - Pipeline Pipeline[ Id: cf6dd734-eee3-40b4-8aa9-321dbb24bc0f, Nodes: 04351296-bb31-4c39-8b7c-2fcea1114805{ip: 10.1.0.23, host: fv-az151-875.yf2hydr00wburbhx3j5hxtcipe.bx.internal.cloudapp.net, ports: [REPLICATION=40621, RATIS=43337, RATIS_ADMIN=43337, RATIS_SERVER=43337, STANDALONE=45289], networkLocation: /default-rack, certSerialId: null, persistedOpState: IN_SERVICE, persistedOpStateExpiryEpochSec: 0}f63fc592-5921-4d2a-8a56-22c1aba49965{ip: 10.1.0.23, host: fv-az151-875.yf2hydr00wburbhx3j5hxtcipe.bx.internal.cloudapp.net, ports: [REPLICATION=40425, RATIS=39383, RATIS_ADMIN=39383, RATIS_SERVER=39383, STANDALONE=43527], networkLocation: /default-rack, certSerialId: null, persistedOpState: IN_SERVICE, persistedOpStateExpiryEpochSec: 0}fae3de48-3e9f-4cc7-8f85-17bb385fc42a{ip: 10.1.0.23, host: fv-az151-875.yf2hydr00wburbhx3j5hxtcipe.bx.internal.cloudapp.net, ports: [REPLICATION=35371, RATIS=41205, RATIS_ADMIN=41205, RATIS_SERVER=41205, STANDALONE=45749], networkLocation: /default-rack, certSerialId: null, persistedOpState: IN_SERVICE, persistedOpStateExpiryEpochSec: 0}, ReplicationConfig: RATIS/THREE, State:CLOSED, leaderId:04351296-bb31-4c39-8b7c-2fcea1114805, CreationTimestamp2021-11-05T13:00:09.485Z[Etc/UTC]] removed.
2021-11-05 13:01:24,729 [EventQueue-DeadNodeForDeadNodeHandler] INFO  pipeline.RatisPipelineProvider (RatisPipelineProvider.java:lambda$close$1(222)) - Send pipeline:PipelineID=3f1b9fd8-ba50-4c9b-8c0d-30a45c208ca2 close command to datanode f63fc592-5921-4d2a-8a56-22c1aba49965
2021-11-05 13:01:24,729 [EventQueue-DeadNodeForDeadNodeHandler] INFO  pipeline.RatisPipelineProvider (RatisPipelineProvider.java:lambda$close$1(222)) - Send pipeline:PipelineID=3f1b9fd8-ba50-4c9b-8c0d-30a45c208ca2 close command to datanode fae3de48-3e9f-4cc7-8f85-17bb385fc42a
2021-11-05 13:01:24,729 [EventQueue-DeadNodeForDeadNodeHandler] INFO  pipeline.RatisPipelineProvider (RatisPipelineProvider.java:lambda$close$1(222)) - Send pipeline:PipelineID=3f1b9fd8-ba50-4c9b-8c0d-30a45c208ca2 close command to datanode 04351296-bb31-4c39-8b7c-2fcea1114805
2021-11-05 13:01:24,729 [EventQueue-DeadNodeForDeadNodeHandler] INFO  pipeline.PipelineStateManagerImpl (PipelineStateManagerImpl.java:removePipeline(223)) - Pipeline Pipeline[ Id: 3f1b9fd8-ba50-4c9b-8c0d-30a45c208ca2, Nodes: f63fc592-5921-4d2a-8a56-22c1aba49965{ip: 10.1.0.23, host: fv-az151-875.yf2hydr00wburbhx3j5hxtcipe.bx.internal.cloudapp.net, ports: [REPLICATION=40425, RATIS=39383, RATIS_ADMIN=39383, RATIS_SERVER=39383, STANDALONE=43527], networkLocation: /default-rack, certSerialId: null, persistedOpState: IN_SERVICE, persistedOpStateExpiryEpochSec: 0}fae3de48-3e9f-4cc7-8f85-17bb385fc42a{ip: 10.1.0.23, host: fv-az151-875.yf2hydr00wburbhx3j5hxtcipe.bx.internal.cloudapp.net, ports: [REPLICATION=35371, RATIS=41205, RATIS_ADMIN=41205, RATIS_SERVER=41205, STANDALONE=45749], networkLocation: /default-rack, certSerialId: null, persistedOpState: IN_SERVICE, persistedOpStateExpiryEpochSec: 0}04351296-bb31-4c39-8b7c-2fcea1114805{ip: 10.1.0.23, host: fv-az151-875.yf2hydr00wburbhx3j5hxtcipe.bx.internal.cloudapp.net, ports: [REPLICATION=40621, RATIS=43337, RATIS_ADMIN=43337, RATIS_SERVER=43337, STANDALONE=45289], networkLocation: /default-rack, certSerialId: null, persistedOpState: IN_SERVICE, persistedOpStateExpiryEpochSec: 0}, ReplicationConfig: RATIS/THREE, State:CLOSED, leaderId:04351296-bb31-4c39-8b7c-2fcea1114805, CreationTimestamp2021-11-05T13:00:09.475Z[Etc/UTC]] removed.
2021-11-05 13:01:24,729 [EventQueue-DeadNodeForDeadNodeHandler] INFO  pipeline.RatisPipelineProvider (RatisPipelineProvider.java:lambda$close$1(222)) - Send pipeline:PipelineID=76f5f5e5-670c-4792-baeb-2717592fe90b close command to datanode 04351296-bb31-4c39-8b7c-2fcea1114805
2021-11-05 13:01:24,729 [EventQueue-DeadNodeForDeadNodeHandler] INFO  pipeline.RatisPipelineProvider (RatisPipelineProvider.java:lambda$close$1(222)) - Send pipeline:PipelineID=76f5f5e5-670c-4792-baeb-2717592fe90b close command to datanode f63fc592-5921-4d2a-8a56-22c1aba49965
2021-11-05 13:01:24,729 [EventQueue-DeadNodeForDeadNodeHandler] INFO  pipeline.RatisPipelineProvider (RatisPipelineProvider.java:lambda$close$1(222)) - Send pipeline:PipelineID=76f5f5e5-670c-4792-baeb-2717592fe90b close command to datanode fae3de48-3e9f-4cc7-8f85-17bb385fc42a
2021-11-05 13:01:24,730 [EventQueue-DeadNodeForDeadNodeHandler] INFO  pipeline.PipelineStateManagerImpl (PipelineStateManagerImpl.java:removePipeline(223)) - Pipeline Pipeline[ Id: 76f5f5e5-670c-4792-baeb-2717592fe90b, Nodes: 04351296-bb31-4c39-8b7c-2fcea1114805{ip: 10.1.0.23, host: fv-az151-875.yf2hydr00wburbhx3j5hxtcipe.bx.internal.cloudapp.net, ports: [REPLICATION=40621, RATIS=43337, RATIS_ADMIN=43337, RATIS_SERVER=43337, STANDALONE=45289], networkLocation: /default-rack, certSerialId: null, persistedOpState: IN_SERVICE, persistedOpStateExpiryEpochSec: 0}f63fc592-5921-4d2a-8a56-22c1aba49965{ip: 10.1.0.23, host: fv-az151-875.yf2hydr00wburbhx3j5hxtcipe.bx.internal.cloudapp.net, ports: [REPLICATION=40425, RATIS=39383, RATIS_ADMIN=39383, RATIS_SERVER=39383, STANDALONE=43527], networkLocation: /default-rack, certSerialId: null, persistedOpState: IN_SERVICE, persistedOpStateExpiryEpochSec: 0}fae3de48-3e9f-4cc7-8f85-17bb385fc42a{ip: 10.1.0.23, host: fv-az151-875.yf2hydr00wburbhx3j5hxtcipe.bx.internal.cloudapp.net, ports: [REPLICATION=35371, RATIS=41205, RATIS_ADMIN=41205, RATIS_SERVER=41205, STANDALONE=45749], networkLocation: /default-rack, certSerialId: null, persistedOpState: IN_SERVICE, persistedOpStateExpiryEpochSec: 0}, ReplicationConfig: RATIS/THREE, State:CLOSED, leaderId:fae3de48-3e9f-4cc7-8f85-17bb385fc42a, CreationTimestamp2021-11-05T13:00:09.484Z[Etc/UTC]] removed.
2021-11-05 13:01:24,730 [EventQueue-DeadNodeForDeadNodeHandler] INFO  pipeline.RatisPipelineProvider (RatisPipelineProvider.java:lambda$close$1(222)) - Send pipeline:PipelineID=3417dacd-ff16-41a1-8a71-9c3501db6fae close command to datanode f63fc592-5921-4d2a-8a56-22c1aba49965
2021-11-05 13:01:24,730 [EventQueue-DeadNodeForDeadNodeHandler] INFO  pipeline.PipelineStateManagerImpl (PipelineStateManagerImpl.java:removePipeline(223)) - Pipeline Pipeline[ Id: 3417dacd-ff16-41a1-8a71-9c3501db6fae, Nodes: f63fc592-5921-4d2a-8a56-22c1aba49965{ip: 10.1.0.23, host: fv-az151-875.yf2hydr00wburbhx3j5hxtcipe.bx.internal.cloudapp.net, ports: [REPLICATION=40425, RATIS=39383, RATIS_ADMIN=39383, RATIS_SERVER=39383, STANDALONE=43527], networkLocation: /default-rack, certSerialId: null, persistedOpState: IN_SERVICE, persistedOpStateExpiryEpochSec: 0}, ReplicationConfig: RATIS/ONE, State:CLOSED, leaderId:f63fc592-5921-4d2a-8a56-22c1aba49965, CreationTimestamp2021-11-05T13:00:08.687Z[Etc/UTC]] removed.
2021-11-05 13:01:24,730 [EventQueue-DeadNodeForDeadNodeHandler] INFO  net.NetworkTopologyImpl (NetworkTopologyImpl.java:remove(137)) - Removed a node: /default-rack/f63fc592-5921-4d2a-8a56-22c1aba49965
2021-11-05 13:01:25,060 [grpc-default-executor-6] WARN  server.GrpcLogAppender (LogUtils.java:warn(122)) - fae3de48-3e9f-4cc7-8f85-17bb385fc42a@group-2717592FE90B->f63fc592-5921-4d2a-8a56-22c1aba49965-AppendLogResponseHandler: Failed appendEntries: org.apache.ratis.thirdparty.io.grpc.StatusRuntimeException: UNAVAILABLE: io exception
2021-11-05 13:01:25,061 [grpc-default-executor-6] WARN  server.GrpcLogAppender (GrpcLogAppender.java:resetClient(110)) - fae3de48-3e9f-4cc7-8f85-17bb385fc42a@group-2717592FE90B->f63fc592-5921-4d2a-8a56-22c1aba49965-GrpcLogAppender: Leader has not got in touch with Follower fae3de48-3e9f-4cc7-8f85-17bb385fc42a@group-2717592FE90B->f63fc592-5921-4d2a-8a56-22c1aba49965(c0,m0,n1, attendVote=true, lastRpcSendTime=2501, lastRpcResponseTime=17686) yet, just keep nextIndex unchanged and retry.
2021-11-05 13:01:25,184 [grpc-default-executor-6] WARN  server.GrpcLogAppender (LogUtils.java:warn(122)) - 3ae4cb20-15ad-4779-a013-5b0fdc3aaee7@group-0869023E3DC0->fa45fd2a-a6ef-4106-9a44-777d17a8e8f4-AppendLogResponseHandler: Failed appendEntries: org.apache.ratis.thirdparty.io.grpc.StatusRuntimeException: UNAVAILABLE: io exception
2021-11-05 13:01:25,185 [grpc-default-executor-6] WARN  server.GrpcLogAppender (GrpcLogAppender.java:resetClient(110)) - 3ae4cb20-15ad-4779-a013-5b0fdc3aaee7@group-0869023E3DC0->fa45fd2a-a6ef-4106-9a44-777d17a8e8f4-GrpcLogAppender: Leader has not got in touch with Follower 3ae4cb20-15ad-4779-a013-5b0fdc3aaee7@group-0869023E3DC0->fa45fd2a-a6ef-4106-9a44-777d17a8e8f4(c-1,m0,n1, attendVote=true, lastRpcSendTime=0, lastRpcResponseTime=20465) yet, just keep nextIndex unchanged and retry.
2021-11-05 13:01:25,396 [grpc-default-executor-6] WARN  server.GrpcLogAppender (LogUtils.java:warn(122)) - 3ae4cb20-15ad-4779-a013-5b0fdc3aaee7@group-0869023E3DC0->76ef4e66-eace-4a3b-a369-d2a815523a61-AppendLogResponseHandler: Failed appendEntries: org.apache.ratis.thirdparty.io.grpc.StatusRuntimeException: UNAVAILABLE: io exception
2021-11-05 13:01:25,396 [grpc-default-executor-6] WARN  server.GrpcLogAppender (GrpcLogAppender.java:resetClient(110)) - 3ae4cb20-15ad-4779-a013-5b0fdc3aaee7@group-0869023E3DC0->76ef4e66-eace-4a3b-a369-d2a815523a61-GrpcLogAppender: Leader has not got in touch with Follower 3ae4cb20-15ad-4779-a013-5b0fdc3aaee7@group-0869023E3DC0->76ef4e66-eace-4a3b-a369-d2a815523a61(c0,m0,n1, attendVote=true, lastRpcSendTime=2525, lastRpcResponseTime=7568) yet, just keep nextIndex unchanged and retry.
2021-11-05 13:01:25,539 [grpc-default-executor-6] WARN  server.GrpcLogAppender (LogUtils.java:warn(122)) - 04351296-bb31-4c39-8b7c-2fcea1114805@group-321DBB24BC0F->f63fc592-5921-4d2a-8a56-22c1aba49965-AppendLogResponseHandler: Failed appendEntries: org.apache.ratis.thirdparty.io.grpc.StatusRuntimeException: UNAVAILABLE: io exception
2021-11-05 13:01:25,544 [grpc-default-executor-6] WARN  server.GrpcLogAppender (GrpcLogAppender.java:resetClient(110)) - 04351296-bb31-4c39-8b7c-2fcea1114805@group-321DBB24BC0F->f63fc592-5921-4d2a-8a56-22c1aba49965-GrpcLogAppender: Leader has not got in touch with Follower 04351296-bb31-4c39-8b7c-2fcea1114805@group-321DBB24BC0F->f63fc592-5921-4d2a-8a56-22c1aba49965(c0,m0,n1, attendVote=true, lastRpcSendTime=2505, lastRpcResponseTime=17597) yet, just keep nextIndex unchanged and retry.
2021-11-05 13:01:25,602 [f0359a9b-bc21-4a61-b53d-8d2dd84c6fc1@group-A5B183601584-FollowerState] INFO  impl.FollowerState (FollowerState.java:run(134)) - f0359a9b-bc21-4a61-b53d-8d2dd84c6fc1@group-A5B183601584-FollowerState: change to CANDIDATE, lastRpcElapsedTime:5165704133ns, electionTimeout:5162ms
2021-11-05 13:01:25,602 [f0359a9b-bc21-4a61-b53d-8d2dd84c6fc1@group-A5B183601584-FollowerState] INFO  impl.RoleInfo (RoleInfo.java:shutdownFollowerState(108)) - f0359a9b-bc21-4a61-b53d-8d2dd84c6fc1: shutdown f0359a9b-bc21-4a61-b53d-8d2dd84c6fc1@group-A5B183601584-FollowerState
2021-11-05 13:01:25,602 [f0359a9b-bc21-4a61-b53d-8d2dd84c6fc1@group-A5B183601584-FollowerState] INFO  server.RaftServer$Division (RaftServerImpl.java:setRole(290)) - f0359a9b-bc21-4a61-b53d-8d2dd84c6fc1@group-A5B183601584: changes role from  FOLLOWER to CANDIDATE at term 3 for changeToCandidate
2021-11-05 13:01:25,602 [f0359a9b-bc21-4a61-b53d-8d2dd84c6fc1@group-A5B183601584-FollowerState] INFO  server.RaftServerConfigKeys (ConfUtils.java:logGet(44)) - raft.server.leaderelection.pre-vote = false (custom)
2021-11-05 13:01:25,602 [f0359a9b-bc21-4a61-b53d-8d2dd84c6fc1@group-A5B183601584-FollowerState] INFO  impl.RoleInfo (RoleInfo.java:updateAndGet(130)) - f0359a9b-bc21-4a61-b53d-8d2dd84c6fc1: start f0359a9b-bc21-4a61-b53d-8d2dd84c6fc1@group-A5B183601584-LeaderElection134
2021-11-05 13:01:25,649 [3ae4cb20-15ad-4779-a013-5b0fdc3aaee7@group-0869023E3DC0-LeaderStateImpl] WARN  server.RaftServer$Division (LeaderStateImpl.java:checkLeadership(974)) - 3ae4cb20-15ad-4779-a013-5b0fdc3aaee7@group-0869023E3DC0-LeaderStateImpl: Lost leadership on term: 1. Election timeout: 5200ms. In charge for: 15731ms. Conf: 0: [76ef4e66-eace-4a3b-a369-d2a815523a61|rpc:10.1.0.23:41987|dataStream:|priority:0, fa45fd2a-a6ef-4106-9a44-777d17a8e8f4|rpc:10.1.0.23:43989|dataStream:|priority:0, 3ae4cb20-15ad-4779-a013-5b0fdc3aaee7|rpc:10.1.0.23:35115|dataStream:|priority:1], old=null
2021-11-05 13:01:25,649 [3ae4cb20-15ad-4779-a013-5b0fdc3aaee7@group-0869023E3DC0-LeaderStateImpl] WARN  server.RaftServer$Division (LeaderStateImpl.java:lambda$checkLeadership$15(978)) - Follower 3ae4cb20-15ad-4779-a013-5b0fdc3aaee7@group-0869023E3DC0->76ef4e66-eace-4a3b-a369-d2a815523a61(c0,m0,n1, attendVote=true, lastRpcSendTime=252, lastRpcResponseTime=7821)
2021-11-05 13:01:25,649 [3ae4cb20-15ad-4779-a013-5b0fdc3aaee7@group-0869023E3DC0-LeaderStateImpl] WARN  server.RaftServer$Division (LeaderStateImpl.java:lambda$checkLeadership$15(978)) - Follower 3ae4cb20-15ad-4779-a013-5b0fdc3aaee7@group-0869023E3DC0->fa45fd2a-a6ef-4106-9a44-777d17a8e8f4(c-1,m0,n1, attendVote=true, lastRpcSendTime=465, lastRpcResponseTime=20930)
2021-11-05 13:01:25,649 [3ae4cb20-15ad-4779-a013-5b0fdc3aaee7@group-0869023E3DC0-LeaderStateImpl] INFO  server.RaftServer$Division (RaftServerImpl.java:setRole(290)) - 3ae4cb20-15ad-4779-a013-5b0fdc3aaee7@group-0869023E3DC0: changes role from    LEADER to FOLLOWER at term 1 for StepDownReason:LOST_MAJORITY_HEARTBEATS
2021-11-05 13:01:25,649 [3ae4cb20-15ad-4779-a013-5b0fdc3aaee7@group-0869023E3DC0-LeaderStateImpl] INFO  impl.RoleInfo (RoleInfo.java:shutdownLeaderState(91)) - 3ae4cb20-15ad-4779-a013-5b0fdc3aaee7: shutdown 3ae4cb20-15ad-4779-a013-5b0fdc3aaee7@group-0869023E3DC0-LeaderStateImpl
2021-11-05 13:01:25,650 [3ae4cb20-15ad-4779-a013-5b0fdc3aaee7@group-0869023E3DC0-LeaderStateImpl] INFO  impl.PendingRequests (PendingRequests.java:sendNotLeaderResponses(282)) - 3ae4cb20-15ad-4779-a013-5b0fdc3aaee7@group-0869023E3DC0-PendingRequests: sendNotLeaderResponses
2021-11-05 13:01:25,650 [3ae4cb20-15ad-4779-a013-5b0fdc3aaee7@group-0869023E3DC0-LeaderStateImpl] INFO  impl.RoleInfo (RoleInfo.java:updateAndGet(130)) - 3ae4cb20-15ad-4779-a013-5b0fdc3aaee7: start 3ae4cb20-15ad-4779-a013-5b0fdc3aaee7@group-0869023E3DC0-FollowerState
2021-11-05 13:01:25,716 [f0359a9b-bc21-4a61-b53d-8d2dd84c6fc1@group-A5B183601584-LeaderElection134] INFO  impl.LeaderElection (LeaderElection.java:askForVotes(306)) - f0359a9b-bc21-4a61-b53d-8d2dd84c6fc1@group-A5B183601584-LeaderElection134 ELECTION round 0: submit vote requests at term 4 for -1: [f0359a9b-bc21-4a61-b53d-8d2dd84c6fc1|rpc:10.1.0.23:44285|priority:1, 76ef4e66-eace-4a3b-a369-d2a815523a61|rpc:10.1.0.23:41987|priority:0, fa45fd2a-a6ef-4106-9a44-777d17a8e8f4|rpc:10.1.0.23:43989|priority:0], old=null
2021-11-05 13:01:25,736 [f0359a9b-bc21-4a61-b53d-8d2dd84c6fc1@group-A5B183601584-LeaderElection134] INFO  impl.LeaderElection (LogUtils.java:infoOrTrace(137)) - f0359a9b-bc21-4a61-b53d-8d2dd84c6fc1@group-A5B183601584-LeaderElection134 got exception when requesting votes: java.util.concurrent.ExecutionException: org.apache.ratis.thirdparty.io.grpc.StatusRuntimeException: UNAVAILABLE: io exception
2021-11-05 13:01:25,736 [f0359a9b-bc21-4a61-b53d-8d2dd84c6fc1@group-A5B183601584-LeaderElection134] INFO  impl.LeaderElection (LogUtils.java:infoOrTrace(137)) - f0359a9b-bc21-4a61-b53d-8d2dd84c6fc1@group-A5B183601584-LeaderElection134 got exception when requesting votes: java.util.concurrent.ExecutionException: org.apache.ratis.thirdparty.io.grpc.StatusRuntimeException: UNAVAILABLE: io exception
2021-11-05 13:01:25,736 [f0359a9b-bc21-4a61-b53d-8d2dd84c6fc1@group-A5B183601584-LeaderElection134] INFO  impl.LeaderElection (LeaderElection.java:logAndReturn(89)) - f0359a9b-bc21-4a61-b53d-8d2dd84c6fc1@group-A5B183601584-LeaderElection134: ELECTION REJECTED received 0 response(s) and 2 exception(s):
2021-11-05 13:01:25,736 [f0359a9b-bc21-4a61-b53d-8d2dd84c6fc1@group-A5B183601584-LeaderElection134] INFO  impl.LeaderElection (LogUtils.java:infoOrTrace(137)) -   Exception 0: java.util.concurrent.ExecutionException: org.apache.ratis.thirdparty.io.grpc.StatusRuntimeException: UNAVAILABLE: io exception
2021-11-05 13:01:25,736 [f0359a9b-bc21-4a61-b53d-8d2dd84c6fc1@group-A5B183601584-LeaderElection134] INFO  impl.LeaderElection (LogUtils.java:infoOrTrace(137)) -   Exception 1: java.util.concurrent.ExecutionException: org.apache.ratis.thirdparty.io.grpc.StatusRuntimeException: UNAVAILABLE: io exception
2021-11-05 13:01:25,736 [f0359a9b-bc21-4a61-b53d-8d2dd84c6fc1@group-A5B183601584-LeaderElection134] INFO  impl.LeaderElection (LeaderElection.java:askForVotes(308)) - f0359a9b-bc21-4a61-b53d-8d2dd84c6fc1@group-A5B183601584-LeaderElection134 ELECTION round 0: result REJECTED
2021-11-05 13:01:25,736 [f0359a9b-bc21-4a61-b53d-8d2dd84c6fc1@group-A5B183601584-LeaderElection134] INFO  server.RaftServer$Division (RaftServerImpl.java:setRole(290)) - f0359a9b-bc21-4a61-b53d-8d2dd84c6fc1@group-A5B183601584: changes role from CANDIDATE to FOLLOWER at term 4 for REJECTED
2021-11-05 13:01:25,736 [f0359a9b-bc21-4a61-b53d-8d2dd84c6fc1@group-A5B183601584-LeaderElection134] INFO  impl.RoleInfo (RoleInfo.java:shutdownLeaderElection(121)) - f0359a9b-bc21-4a61-b53d-8d2dd84c6fc1: shutdown f0359a9b-bc21-4a61-b53d-8d2dd84c6fc1@group-A5B183601584-LeaderElection134
2021-11-05 13:01:25,737 [f0359a9b-bc21-4a61-b53d-8d2dd84c6fc1@group-A5B183601584-LeaderElection134] INFO  impl.RoleInfo (RoleInfo.java:updateAndGet(130)) - f0359a9b-bc21-4a61-b53d-8d2dd84c6fc1: start f0359a9b-bc21-4a61-b53d-8d2dd84c6fc1@group-A5B183601584-FollowerState
2021-11-05 13:01:26,228 [grpc-default-executor-6] WARN  server.GrpcLogAppender (LogUtils.java:warn(122)) - 04351296-bb31-4c39-8b7c-2fcea1114805@group-30A45C208CA2->f63fc592-5921-4d2a-8a56-22c1aba49965-AppendLogResponseHandler: Failed appendEntries: org.apache.ratis.thirdparty.io.grpc.StatusRuntimeException: UNAVAILABLE: io exception
2021-11-05 13:01:26,228 [grpc-default-executor-6] WARN  server.GrpcLogAppender (GrpcLogAppender.java:resetClient(110)) - 04351296-bb31-4c39-8b7c-2fcea1114805@group-30A45C208CA2->f63fc592-5921-4d2a-8a56-22c1aba49965-GrpcLogAppender: Leader has not got in touch with Follower 04351296-bb31-4c39-8b7c-2fcea1114805@group-30A45C208CA2->f63fc592-5921-4d2a-8a56-22c1aba49965(c-1,m0,n3, attendVote=true, lastRpcSendTime=2518, lastRpcResponseTime=18103) yet, just keep nextIndex unchanged and retry.
2021-11-05 13:01:26,272 [f0359a9b-bc21-4a61-b53d-8d2dd84c6fc1@group-48CCFD0E3BB8-FollowerState] INFO  impl.FollowerState (FollowerState.java:run(134)) - f0359a9b-bc21-4a61-b53d-8d2dd84c6fc1@group-48CCFD0E3BB8-FollowerState: change to CANDIDATE, lastRpcElapsedTime:5134200659ns, electionTimeout:5115ms
2021-11-05 13:01:26,272 [f0359a9b-bc21-4a61-b53d-8d2dd84c6fc1@group-48CCFD0E3BB8-FollowerState] INFO  impl.RoleInfo (RoleInfo.java:shutdownFollowerState(108)) - f0359a9b-bc21-4a61-b53d-8d2dd84c6fc1: shutdown f0359a9b-bc21-4a61-b53d-8d2dd84c6fc1@group-48CCFD0E3BB8-FollowerState
2021-11-05 13:01:26,272 [f0359a9b-bc21-4a61-b53d-8d2dd84c6fc1@group-48CCFD0E3BB8-FollowerState] INFO  server.RaftServer$Division (RaftServerImpl.java:setRole(290)) - f0359a9b-bc21-4a61-b53d-8d2dd84c6fc1@group-48CCFD0E3BB8: changes role from  FOLLOWER to CANDIDATE at term 3 for changeToCandidate
2021-11-05 13:01:26,272 [f0359a9b-bc21-4a61-b53d-8d2dd84c6fc1@group-48CCFD0E3BB8-FollowerState] INFO  server.RaftServerConfigKeys (ConfUtils.java:logGet(44)) - raft.server.leaderelection.pre-vote = false (custom)
2021-11-05 13:01:26,272 [f0359a9b-bc21-4a61-b53d-8d2dd84c6fc1@group-48CCFD0E3BB8-FollowerState] INFO  impl.RoleInfo (RoleInfo.java:updateAndGet(130)) - f0359a9b-bc21-4a61-b53d-8d2dd84c6fc1: start f0359a9b-bc21-4a61-b53d-8d2dd84c6fc1@group-48CCFD0E3BB8-LeaderElection135
2021-11-05 13:01:26,306 [f0359a9b-bc21-4a61-b53d-8d2dd84c6fc1@group-48CCFD0E3BB8-LeaderElection135] INFO  impl.LeaderElection (LeaderElection.java:askForVotes(306)) - f0359a9b-bc21-4a61-b53d-8d2dd84c6fc1@group-48CCFD0E3BB8-LeaderElection135 ELECTION round 0: submit vote requests at term 4 for -1: [f0359a9b-bc21-4a61-b53d-8d2dd84c6fc1|rpc:10.1.0.23:44285|priority:0, fa45fd2a-a6ef-4106-9a44-777d17a8e8f4|rpc:10.1.0.23:43989|priority:1, 3ae4cb20-15ad-4779-a013-5b0fdc3aaee7|rpc:10.1.0.23:35115|priority:0], old=null
2021-11-05 13:01:26,316 [Command processor thread] INFO  server.RaftServer (RaftServerProxy.java:remove(106)) - f0359a9b-bc21-4a61-b53d-8d2dd84c6fc1: remove CANDIDATE f0359a9b-bc21-4a61-b53d-8d2dd84c6fc1@group-48CCFD0E3BB8:t4, leader=null, voted=f0359a9b-bc21-4a61-b53d-8d2dd84c6fc1, raftlog=f0359a9b-bc21-4a61-b53d-8d2dd84c6fc1@group-48CCFD0E3BB8-SegmentedRaftLog:OPENED:c-1, conf=-1: [f0359a9b-bc21-4a61-b53d-8d2dd84c6fc1|rpc:10.1.0.23:44285|priority:0, fa45fd2a-a6ef-4106-9a44-777d17a8e8f4|rpc:10.1.0.23:43989|priority:1, 3ae4cb20-15ad-4779-a013-5b0fdc3aaee7|rpc:10.1.0.23:35115|priority:0], old=null RUNNING
2021-11-05 13:01:26,316 [Command processor thread] INFO  server.RaftServer$Division (RaftServerImpl.java:lambda$close$4(412)) - f0359a9b-bc21-4a61-b53d-8d2dd84c6fc1@group-48CCFD0E3BB8: shutdown
2021-11-05 13:01:26,316 [Command processor thread] INFO  util.JmxRegister (JmxRegister.java:unregister(73)) - Successfully un-registered JMX Bean with object name Ratis:service=RaftServer,group=group-48CCFD0E3BB8,id=f0359a9b-bc21-4a61-b53d-8d2dd84c6fc1
2021-11-05 13:01:26,316 [Command processor thread] INFO  impl.RoleInfo (RoleInfo.java:shutdownLeaderElection(121)) - f0359a9b-bc21-4a61-b53d-8d2dd84c6fc1: shutdown f0359a9b-bc21-4a61-b53d-8d2dd84c6fc1@group-48CCFD0E3BB8-LeaderElection135
2021-11-05 13:01:26,316 [Command processor thread] INFO  impl.StateMachineUpdater (StateMachineUpdater.java:stopAndJoin(149)) - f0359a9b-bc21-4a61-b53d-8d2dd84c6fc1@group-48CCFD0E3BB8-StateMachineUpdater: set stopIndex = -1
2021-11-05 13:01:26,317 [Command processor thread] INFO  server.RaftServer$Division (ServerState.java:close(419)) - f0359a9b-bc21-4a61-b53d-8d2dd84c6fc1@group-48CCFD0E3BB8: closes. applyIndex: -1
2021-11-05 13:01:26,326 [3ae4cb20-15ad-4779-a013-5b0fdc3aaee7@group-48CCFD0E3BB8-FollowerState] INFO  impl.FollowerState (FollowerState.java:run(134)) - 3ae4cb20-15ad-4779-a013-5b0fdc3aaee7@group-48CCFD0E3BB8-FollowerState: change to CANDIDATE, lastRpcElapsedTime:5170379750ns, electionTimeout:5150ms
2021-11-05 13:01:26,327 [3ae4cb20-15ad-4779-a013-5b0fdc3aaee7@group-48CCFD0E3BB8-FollowerState] INFO  impl.RoleInfo (RoleInfo.java:shutdownFollowerState(108)) - 3ae4cb20-15ad-4779-a013-5b0fdc3aaee7: shutdown 3ae4cb20-15ad-4779-a013-5b0fdc3aaee7@group-48CCFD0E3BB8-FollowerState
2021-11-05 13:01:26,327 [3ae4cb20-15ad-4779-a013-5b0fdc3aaee7@group-48CCFD0E3BB8-FollowerState] INFO  server.RaftServer$Division (RaftServerImpl.java:setRole(290)) - 3ae4cb20-15ad-4779-a013-5b0fdc3aaee7@group-48CCFD0E3BB8: changes role from  FOLLOWER to CANDIDATE at term 3 for changeToCandidate
2021-11-05 13:01:26,344 [3ae4cb20-15ad-4779-a013-5b0fdc3aaee7@group-48CCFD0E3BB8-FollowerState] INFO  server.RaftServerConfigKeys (ConfUtils.java:logGet(44)) - raft.server.leaderelection.pre-vote = false (custom)
2021-11-05 13:01:26,344 [f0359a9b-bc21-4a61-b53d-8d2dd84c6fc1@group-48CCFD0E3BB8-SegmentedRaftLogWorker] INFO  segmented.SegmentedRaftLogWorker (SegmentedRaftLogWorker.java:run(327)) - f0359a9b-bc21-4a61-b53d-8d2dd84c6fc1@group-48CCFD0E3BB8-SegmentedRaftLogWorker was interrupted, exiting. There are 0 tasks remaining in the queue.
2021-11-05 13:01:26,344 [f0359a9b-bc21-4a61-b53d-8d2dd84c6fc1@group-48CCFD0E3BB8-LeaderElection135] INFO  impl.LeaderElection (LeaderElection.java:logAndReturn(89)) - f0359a9b-bc21-4a61-b53d-8d2dd84c6fc1@group-48CCFD0E3BB8-LeaderElection135: ELECTION REJECTED received 0 response(s) and 0 exception(s):
2021-11-05 13:01:26,344 [3ae4cb20-15ad-4779-a013-5b0fdc3aaee7@group-48CCFD0E3BB8-FollowerState] INFO  impl.RoleInfo (RoleInfo.java:updateAndGet(130)) - 3ae4cb20-15ad-4779-a013-5b0fdc3aaee7: start 3ae4cb20-15ad-4779-a013-5b0fdc3aaee7@group-48CCFD0E3BB8-LeaderElection136
2021-11-05 13:01:26,344 [Command processor thread] INFO  segmented.SegmentedRaftLogWorker (SegmentedRaftLogWorker.java:close(237)) - f0359a9b-bc21-4a61-b53d-8d2dd84c6fc1@group-48CCFD0E3BB8-SegmentedRaftLogWorker close()
2021-11-05 13:01:26,345 [grpc-default-executor-6] INFO  server.RaftServer$Division (RaftServerImpl.java:requestVote(1046)) - 3ae4cb20-15ad-4779-a013-5b0fdc3aaee7@group-48CCFD0E3BB8: receive requestVote(ELECTION, f0359a9b-bc21-4a61-b53d-8d2dd84c6fc1, group-48CCFD0E3BB8, 4, (t:0, i:0))
2021-11-05 13:01:26,365 [f0359a9b-bc21-4a61-b53d-8d2dd84c6fc1@group-48CCFD0E3BB8-LeaderElection135] INFO  impl.LeaderElection (LeaderElection.java:askForVotes(308)) - f0359a9b-bc21-4a61-b53d-8d2dd84c6fc1@group-48CCFD0E3BB8-LeaderElection135 ELECTION round 0: result REJECTED
2021-11-05 13:01:26,371 [Command processor thread] INFO  server.RaftServer$Division (RaftServerImpl.java:groupRemove(382)) - f0359a9b-bc21-4a61-b53d-8d2dd84c6fc1@group-48CCFD0E3BB8: Succeed to remove RaftStorageDirectory Storage Directory /home/runner/work/ozone/ozone/hadoop-ozone/integration-test/target/test-dir/MiniOzoneClusterImpl-bdf76210-3e21-404e-9e17-65b92aec9f1a/datanode-6/data/ratis/e7fe834a-fc3c-45c7-9c57-48ccfd0e3bb8
2021-11-05 13:01:26,371 [Command processor thread] INFO  commandhandler.ClosePipelineCommandHandler (ClosePipelineCommandHandler.java:handle(78)) - Close Pipeline PipelineID=e7fe834a-fc3c-45c7-9c57-48ccfd0e3bb8 command on datanode f0359a9b-bc21-4a61-b53d-8d2dd84c6fc1.
2021-11-05 13:01:26,371 [Command processor thread] INFO  server.RaftServer (RaftServerProxy.java:remove(106)) - f0359a9b-bc21-4a61-b53d-8d2dd84c6fc1: remove  FOLLOWER f0359a9b-bc21-4a61-b53d-8d2dd84c6fc1@group-A5B183601584:t4, leader=null, voted=f0359a9b-bc21-4a61-b53d-8d2dd84c6fc1, raftlog=f0359a9b-bc21-4a61-b53d-8d2dd84c6fc1@group-A5B183601584-SegmentedRaftLog:OPENED:c-1, conf=-1: [f0359a9b-bc21-4a61-b53d-8d2dd84c6fc1|rpc:10.1.0.23:44285|priority:1, 76ef4e66-eace-4a3b-a369-d2a815523a61|rpc:10.1.0.23:41987|priority:0, fa45fd2a-a6ef-4106-9a44-777d17a8e8f4|rpc:10.1.0.23:43989|priority:0], old=null RUNNING
2021-11-05 13:01:26,371 [Command processor thread] INFO  server.RaftServer$Division (RaftServerImpl.java:lambda$close$4(412)) - f0359a9b-bc21-4a61-b53d-8d2dd84c6fc1@group-A5B183601584: shutdown
2021-11-05 13:01:26,371 [Command processor thread] INFO  util.JmxRegister (JmxRegister.java:unregister(73)) - Successfully un-registered JMX Bean with object name Ratis:service=RaftServer,group=group-A5B183601584,id=f0359a9b-bc21-4a61-b53d-8d2dd84c6fc1
2021-11-05 13:01:26,371 [Command processor thread] INFO  impl.RoleInfo (RoleInfo.java:shutdownFollowerState(108)) - f0359a9b-bc21-4a61-b53d-8d2dd84c6fc1: shutdown f0359a9b-bc21-4a61-b53d-8d2dd84c6fc1@group-A5B183601584-FollowerState
2021-11-05 13:01:26,371 [Command processor thread] INFO  impl.StateMachineUpdater (StateMachineUpdater.java:stopAndJoin(149)) - f0359a9b-bc21-4a61-b53d-8d2dd84c6fc1@group-A5B183601584-StateMachineUpdater: set stopIndex = -1
2021-11-05 13:01:26,372 [f0359a9b-bc21-4a61-b53d-8d2dd84c6fc1@group-A5B183601584-FollowerState] INFO  impl.FollowerState (FollowerState.java:run(143)) - f0359a9b-bc21-4a61-b53d-8d2dd84c6fc1@group-A5B183601584-FollowerState was interrupted: {}
java.lang.InterruptedException: sleep interrupted
	at java.lang.Thread.sleep(Native Method)
	at java.lang.Thread.sleep(Thread.java:340)
	at java.util.concurrent.TimeUnit.sleep(TimeUnit.java:386)
	at org.apache.ratis.util.TimeDuration.sleep(TimeDuration.java:324)
	at org.apache.ratis.util.TimeDuration.sleep(TimeDuration.java:309)
	at org.apache.ratis.server.impl.FollowerState.run(FollowerState.java:118)
2021-11-05 13:01:26,383 [Listener at 127.0.0.1/42119] INFO  ozoneimpl.OzoneContainer (OzoneContainer.java:stop(325)) - Attempting to stop container services.
2021-11-05 13:01:26,388 [Listener at 127.0.0.1/42119] INFO  server.RaftServer (RaftServerProxy.java:lambda$close$6(391)) - 3ae4cb20-15ad-4779-a013-5b0fdc3aaee7: close
2021-11-05 13:01:26,388 [Listener at 127.0.0.1/42119] INFO  server.RaftServer$Division (RaftServerImpl.java:lambda$close$4(412)) - 3ae4cb20-15ad-4779-a013-5b0fdc3aaee7@group-479BF459BC53: shutdown
2021-11-05 13:01:26,388 [Listener at 127.0.0.1/42119] INFO  util.JmxRegister (JmxRegister.java:unregister(73)) - Successfully un-registered JMX Bean with object name Ratis:service=RaftServer,group=group-479BF459BC53,id=3ae4cb20-15ad-4779-a013-5b0fdc3aaee7
2021-11-05 13:01:26,388 [Listener at 127.0.0.1/42119] INFO  impl.RoleInfo (RoleInfo.java:shutdownFollowerState(108)) - 3ae4cb20-15ad-4779-a013-5b0fdc3aaee7: shutdown 3ae4cb20-15ad-4779-a013-5b0fdc3aaee7@group-479BF459BC53-FollowerState
2021-11-05 13:01:26,388 [Listener at 127.0.0.1/42119] INFO  impl.StateMachineUpdater (StateMachineUpdater.java:stopAndJoin(149)) - 3ae4cb20-15ad-4779-a013-5b0fdc3aaee7@group-479BF459BC53-StateMachineUpdater: set stopIndex = 0
2021-11-05 13:01:26,389 [3ae4cb20-15ad-4779-a013-5b0fdc3aaee7@group-479BF459BC53-StateMachineUpdater] INFO  ratis.ContainerStateMachine (ContainerStateMachine.java:takeSnapshot(292)) - group-479BF459BC53: Taking a snapshot at:(t:3, i:0) file /home/runner/work/ozone/ozone/hadoop-ozone/integration-test/target/test-dir/MiniOzoneClusterImpl-bdf76210-3e21-404e-9e17-65b92aec9f1a/datanode-2/data/ratis/bd35d69c-0ad6-4da9-8c62-479bf459bc53/sm/snapshot.3_0
2021-11-05 13:01:26,389 [Command processor thread] INFO  server.RaftServer$Division (ServerState.java:close(419)) - f0359a9b-bc21-4a61-b53d-8d2dd84c6fc1@group-A5B183601584: closes. applyIndex: -1
2021-11-05 13:01:26,392 [f0359a9b-bc21-4a61-b53d-8d2dd84c6fc1@group-A5B183601584-SegmentedRaftLogWorker] INFO  segmented.SegmentedRaftLogWorker (SegmentedRaftLogWorker.java:run(327)) - f0359a9b-bc21-4a61-b53d-8d2dd84c6fc1@group-A5B183601584-SegmentedRaftLogWorker was interrupted, exiting. There are 0 tasks remaining in the queue.
2021-11-05 13:01:26,392 [Command processor thread] INFO  segmented.SegmentedRaftLogWorker (SegmentedRaftLogWorker.java:close(237)) - f0359a9b-bc21-4a61-b53d-8d2dd84c6fc1@group-A5B183601584-SegmentedRaftLogWorker close()
2021-11-05 13:01:26,392 [3ae4cb20-15ad-4779-a013-5b0fdc3aaee7@group-479BF459BC53-StateMachineUpdater] INFO  ratis.ContainerStateMachine (ContainerStateMachine.java:takeSnapshot(303)) - group-479BF459BC53: Finished taking a snapshot at:(t:3, i:0) file:/home/runner/work/ozone/ozone/hadoop-ozone/integration-test/target/test-dir/MiniOzoneClusterImpl-bdf76210-3e21-404e-9e17-65b92aec9f1a/datanode-2/data/ratis/bd35d69c-0ad6-4da9-8c62-479bf459bc53/sm/snapshot.3_0 took: 3 ms
2021-11-05 13:01:26,392 [3ae4cb20-15ad-4779-a013-5b0fdc3aaee7@group-479BF459BC53-StateMachineUpdater] INFO  impl.StateMachineUpdater (StateMachineUpdater.java:takeSnapshot(281)) - 3ae4cb20-15ad-4779-a013-5b0fdc3aaee7@group-479BF459BC53-StateMachineUpdater: Took a snapshot at index 0
2021-11-05 13:01:26,392 [3ae4cb20-15ad-4779-a013-5b0fdc3aaee7@group-479BF459BC53-StateMachineUpdater] INFO  impl.StateMachineUpdater (StateMachineUpdater.java:lambda$new$0(89)) - 3ae4cb20-15ad-4779-a013-5b0fdc3aaee7@group-479BF459BC53-StateMachineUpdater: snapshotIndex: updateIncreasingly -1 -> 0
2021-11-05 13:01:26,392 [Command processor thread] INFO  server.RaftServer$Division (RaftServerImpl.java:groupRemove(382)) - f0359a9b-bc21-4a61-b53d-8d2dd84c6fc1@group-A5B183601584: Succeed to remove RaftStorageDirectory Storage Directory /home/runner/work/ozone/ozone/hadoop-ozone/integration-test/target/test-dir/MiniOzoneClusterImpl-bdf76210-3e21-404e-9e17-65b92aec9f1a/datanode-6/data/ratis/10ba0849-46ec-45ca-8dca-a5b183601584
2021-11-05 13:01:26,392 [Command processor thread] INFO  commandhandler.ClosePipelineCommandHandler (ClosePipelineCommandHandler.java:handle(78)) - Close Pipeline PipelineID=10ba0849-46ec-45ca-8dca-a5b183601584 command on datanode f0359a9b-bc21-4a61-b53d-8d2dd84c6fc1.
2021-11-05 13:01:26,392 [Listener at 127.0.0.1/42119] INFO  server.RaftServer$Division (ServerState.java:close(419)) - 3ae4cb20-15ad-4779-a013-5b0fdc3aaee7@group-479BF459BC53: closes. applyIndex: 0
2021-11-05 13:01:26,393 [3ae4cb20-15ad-4779-a013-5b0fdc3aaee7@group-479BF459BC53-SegmentedRaftLogWorker] INFO  segmented.SegmentedRaftLogWorker (SegmentedRaftLogWorker.java:run(327)) - 3ae4cb20-15ad-4779-a013-5b0fdc3aaee7@group-479BF459BC53-SegmentedRaftLogWorker was interrupted, exiting. There are 0 tasks remaining in the queue.
2021-11-05 13:01:26,393 [Listener at 127.0.0.1/42119] INFO  segmented.SegmentedRaftLogWorker (SegmentedRaftLogWorker.java:close(237)) - 3ae4cb20-15ad-4779-a013-5b0fdc3aaee7@group-479BF459BC53-SegmentedRaftLogWorker close()
2021-11-05 13:01:26,393 [Listener at 127.0.0.1/42119] INFO  server.RaftServer$Division (RaftServerImpl.java:lambda$close$4(412)) - 3ae4cb20-15ad-4779-a013-5b0fdc3aaee7@group-0869023E3DC0: shutdown
2021-11-05 13:01:26,393 [Listener at 127.0.0.1/42119] INFO  util.JmxRegister (JmxRegister.java:unregister(73)) - Successfully un-registered JMX Bean with object name Ratis:service=RaftServer,group=group-0869023E3DC0,id=3ae4cb20-15ad-4779-a013-5b0fdc3aaee7
2021-11-05 13:01:26,393 [Listener at 127.0.0.1/42119] INFO  impl.RoleInfo (RoleInfo.java:shutdownFollowerState(108)) - 3ae4cb20-15ad-4779-a013-5b0fdc3aaee7: shutdown 3ae4cb20-15ad-4779-a013-5b0fdc3aaee7@group-0869023E3DC0-FollowerState
2021-11-05 13:01:26,393 [Listener at 127.0.0.1/42119] INFO  impl.StateMachineUpdater (StateMachineUpdater.java:stopAndJoin(149)) - 3ae4cb20-15ad-4779-a013-5b0fdc3aaee7@group-0869023E3DC0-StateMachineUpdater: set stopIndex = 0
2021-11-05 13:01:26,393 [3ae4cb20-15ad-4779-a013-5b0fdc3aaee7@group-0869023E3DC0-FollowerState] INFO  impl.FollowerState (FollowerState.java:run(143)) - 3ae4cb20-15ad-4779-a013-5b0fdc3aaee7@group-0869023E3DC0-FollowerState was interrupted: {}
java.lang.InterruptedException: sleep interrupted
	at java.lang.Thread.sleep(Native Method)
	at java.lang.Thread.sleep(Thread.java:340)
	at java.util.concurrent.TimeUnit.sleep(TimeUnit.java:386)
	at org.apache.ratis.util.TimeDuration.sleep(TimeDuration.java:324)
	at org.apache.ratis.util.TimeDuration.sleep(TimeDuration.java:309)
	at org.apache.ratis.server.impl.FollowerState.run(FollowerState.java:118)
2021-11-05 13:01:26,393 [3ae4cb20-15ad-4779-a013-5b0fdc3aaee7@group-0869023E3DC0-StateMachineUpdater] INFO  ratis.ContainerStateMachine (ContainerStateMachine.java:takeSnapshot(292)) - group-0869023E3DC0: Taking a snapshot at:(t:1, i:0) file /home/runner/work/ozone/ozone/hadoop-ozone/integration-test/target/test-dir/MiniOzoneClusterImpl-bdf76210-3e21-404e-9e17-65b92aec9f1a/datanode-2/data/ratis/8c80d07e-7785-4892-a8be-0869023e3dc0/sm/snapshot.1_0
2021-11-05 13:01:26,395 [3ae4cb20-15ad-4779-a013-5b0fdc3aaee7@group-0869023E3DC0-StateMachineUpdater] INFO  ratis.ContainerStateMachine (ContainerStateMachine.java:takeSnapshot(303)) - group-0869023E3DC0: Finished taking a snapshot at:(t:1, i:0) file:/home/runner/work/ozone/ozone/hadoop-ozone/integration-test/target/test-dir/MiniOzoneClusterImpl-bdf76210-3e21-404e-9e17-65b92aec9f1a/datanode-2/data/ratis/8c80d07e-7785-4892-a8be-0869023e3dc0/sm/snapshot.1_0 took: 2 ms
2021-11-05 13:01:26,395 [3ae4cb20-15ad-4779-a013-5b0fdc3aaee7@group-0869023E3DC0-StateMachineUpdater] INFO  impl.StateMachineUpdater (StateMachineUpdater.java:takeSnapshot(281)) - 3ae4cb20-15ad-4779-a013-5b0fdc3aaee7@group-0869023E3DC0-StateMachineUpdater: Took a snapshot at index 0
2021-11-05 13:01:26,395 [3ae4cb20-15ad-4779-a013-5b0fdc3aaee7@group-0869023E3DC0-StateMachineUpdater] INFO  impl.StateMachineUpdater (StateMachineUpdater.java:lambda$new$0(89)) - 3ae4cb20-15ad-4779-a013-5b0fdc3aaee7@group-0869023E3DC0-StateMachineUpdater: snapshotIndex: updateIncreasingly -1 -> 0
2021-11-05 13:01:26,395 [Listener at 127.0.0.1/42119] INFO  server.RaftServer$Division (ServerState.java:close(419)) - 3ae4cb20-15ad-4779-a013-5b0fdc3aaee7@group-0869023E3DC0: closes. applyIndex: 0
2021-11-05 13:01:26,395 [3ae4cb20-15ad-4779-a013-5b0fdc3aaee7@group-0869023E3DC0-SegmentedRaftLogWorker] INFO  segmented.SegmentedRaftLogWorker (SegmentedRaftLogWorker.java:run(327)) - 3ae4cb20-15ad-4779-a013-5b0fdc3aaee7@group-0869023E3DC0-SegmentedRaftLogWorker was interrupted, exiting. There are 0 tasks remaining in the queue.
2021-11-05 13:01:26,396 [3ae4cb20-15ad-4779-a013-5b0fdc3aaee7@group-479BF459BC53-FollowerState] INFO  impl.FollowerState (FollowerState.java:run(143)) - 3ae4cb20-15ad-4779-a013-5b0fdc3aaee7@group-479BF459BC53-FollowerState was interrupted: {}
java.lang.InterruptedException: sleep interrupted
	at java.lang.Thread.sleep(Native Method)
	at java.lang.Thread.sleep(Thread.java:340)
	at java.util.concurrent.TimeUnit.sleep(TimeUnit.java:386)
	at org.apache.ratis.util.TimeDuration.sleep(TimeDuration.java:324)
	at org.apache.ratis.util.TimeDuration.sleep(TimeDuration.java:309)
	at org.apache.ratis.server.impl.FollowerState.run(FollowerState.java:118)
2021-11-05 13:01:26,404 [Listener at 127.0.0.1/42119] INFO  segmented.SegmentedRaftLogWorker (SegmentedRaftLogWorker.java:close(237)) - 3ae4cb20-15ad-4779-a013-5b0fdc3aaee7@group-0869023E3DC0-SegmentedRaftLogWorker close()
2021-11-05 13:01:26,404 [Listener at 127.0.0.1/42119] INFO  server.RaftServer$Division (RaftServerImpl.java:lambda$close$4(412)) - 3ae4cb20-15ad-4779-a013-5b0fdc3aaee7@group-48CCFD0E3BB8: shutdown
2021-11-05 13:01:26,404 [Listener at 127.0.0.1/42119] INFO  util.JmxRegister (JmxRegister.java:unregister(73)) - Successfully un-registered JMX Bean with object name Ratis:service=RaftServer,group=group-48CCFD0E3BB8,id=3ae4cb20-15ad-4779-a013-5b0fdc3aaee7
2021-11-05 13:01:26,404 [Listener at 127.0.0.1/42119] INFO  impl.RoleInfo (RoleInfo.java:shutdownLeaderElection(121)) - 3ae4cb20-15ad-4779-a013-5b0fdc3aaee7: shutdown 3ae4cb20-15ad-4779-a013-5b0fdc3aaee7@group-48CCFD0E3BB8-LeaderElection136
2021-11-05 13:01:26,404 [Listener at 127.0.0.1/42119] INFO  impl.StateMachineUpdater (StateMachineUpdater.java:stopAndJoin(149)) - 3ae4cb20-15ad-4779-a013-5b0fdc3aaee7@group-48CCFD0E3BB8-StateMachineUpdater: set stopIndex = -1
2021-11-05 13:01:26,404 [Listener at 127.0.0.1/42119] INFO  server.RaftServer$Division (ServerState.java:close(419)) - 3ae4cb20-15ad-4779-a013-5b0fdc3aaee7@group-48CCFD0E3BB8: closes. applyIndex: -1
2021-11-05 13:01:26,404 [3ae4cb20-15ad-4779-a013-5b0fdc3aaee7@group-48CCFD0E3BB8-SegmentedRaftLogWorker] INFO  segmented.SegmentedRaftLogWorker (SegmentedRaftLogWorker.java:run(327)) - 3ae4cb20-15ad-4779-a013-5b0fdc3aaee7@group-48CCFD0E3BB8-SegmentedRaftLogWorker was interrupted, exiting. There are 0 tasks remaining in the queue.
2021-11-05 13:01:26,404 [Listener at 127.0.0.1/42119] INFO  segmented.SegmentedRaftLogWorker (SegmentedRaftLogWorker.java:close(237)) - 3ae4cb20-15ad-4779-a013-5b0fdc3aaee7@group-48CCFD0E3BB8-SegmentedRaftLogWorker close()
2021-11-05 13:01:26,405 [Listener at 127.0.0.1/42119] INFO  server.RaftServer$Division (RaftServerImpl.java:lambda$close$4(412)) - 3ae4cb20-15ad-4779-a013-5b0fdc3aaee7@group-79A4ECC5E59F: shutdown
2021-11-05 13:01:26,405 [Listener at 127.0.0.1/42119] INFO  util.JmxRegister (JmxRegister.java:unregister(73)) - Successfully un-registered JMX Bean with object name Ratis:service=RaftServer,group=group-79A4ECC5E59F,id=3ae4cb20-15ad-4779-a013-5b0fdc3aaee7
2021-11-05 13:01:26,405 [Listener at 127.0.0.1/42119] INFO  impl.RoleInfo (RoleInfo.java:shutdownLeaderState(91)) - 3ae4cb20-15ad-4779-a013-5b0fdc3aaee7: shutdown 3ae4cb20-15ad-4779-a013-5b0fdc3aaee7@group-79A4ECC5E59F-LeaderStateImpl
2021-11-05 13:01:26,405 [Listener at 127.0.0.1/42119] INFO  impl.PendingRequests (PendingRequests.java:sendNotLeaderResponses(282)) - 3ae4cb20-15ad-4779-a013-5b0fdc3aaee7@group-79A4ECC5E59F-PendingRequests: sendNotLeaderResponses
2021-11-05 13:01:26,408 [3ae4cb20-15ad-4779-a013-5b0fdc3aaee7@group-79A4ECC5E59F-StateMachineUpdater] INFO  ratis.ContainerStateMachine (ContainerStateMachine.java:takeSnapshot(292)) - group-79A4ECC5E59F: Taking a snapshot at:(t:1, i:0) file /home/runner/work/ozone/ozone/hadoop-ozone/integration-test/target/test-dir/MiniOzoneClusterImpl-bdf76210-3e21-404e-9e17-65b92aec9f1a/datanode-2/data/ratis/9f515d6c-93a5-42ab-b8a3-79a4ecc5e59f/sm/snapshot.1_0
2021-11-05 13:01:26,408 [Listener at 127.0.0.1/42119] INFO  impl.StateMachineUpdater (StateMachineUpdater.java:stopAndJoin(149)) - 3ae4cb20-15ad-4779-a013-5b0fdc3aaee7@group-79A4ECC5E59F-StateMachineUpdater: set stopIndex = 0
2021-11-05 13:01:26,408 [3ae4cb20-15ad-4779-a013-5b0fdc3aaee7@group-79A4ECC5E59F-StateMachineUpdater] INFO  ratis.ContainerStateMachine (ContainerStateMachine.java:takeSnapshot(303)) - group-79A4ECC5E59F: Finished taking a snapshot at:(t:1, i:0) file:/home/runner/work/ozone/ozone/hadoop-ozone/integration-test/target/test-dir/MiniOzoneClusterImpl-bdf76210-3e21-404e-9e17-65b92aec9f1a/datanode-2/data/ratis/9f515d6c-93a5-42ab-b8a3-79a4ecc5e59f/sm/snapshot.1_0 took: 0 ms
2021-11-05 13:01:26,409 [3ae4cb20-15ad-4779-a013-5b0fdc3aaee7@group-79A4ECC5E59F-StateMachineUpdater] INFO  impl.StateMachineUpdater (StateMachineUpdater.java:takeSnapshot(281)) - 3ae4cb20-15ad-4779-a013-5b0fdc3aaee7@group-79A4ECC5E59F-StateMachineUpdater: Took a snapshot at index 0
2021-11-05 13:01:26,409 [3ae4cb20-15ad-4779-a013-5b0fdc3aaee7@group-79A4ECC5E59F-StateMachineUpdater] INFO  impl.StateMachineUpdater (StateMachineUpdater.java:lambda$new$0(89)) - 3ae4cb20-15ad-4779-a013-5b0fdc3aaee7@group-79A4ECC5E59F-StateMachineUpdater: snapshotIndex: updateIncreasingly -1 -> 0
2021-11-05 13:01:26,421 [Listener at 127.0.0.1/42119] INFO  server.RaftServer$Division (ServerState.java:close(419)) - 3ae4cb20-15ad-4779-a013-5b0fdc3aaee7@group-79A4ECC5E59F: closes. applyIndex: 0
2021-11-05 13:01:26,422 [3ae4cb20-15ad-4779-a013-5b0fdc3aaee7@group-79A4ECC5E59F-SegmentedRaftLogWorker] INFO  segmented.SegmentedRaftLogWorker (SegmentedRaftLogWorker.java:run(327)) - 3ae4cb20-15ad-4779-a013-5b0fdc3aaee7@group-79A4ECC5E59F-SegmentedRaftLogWorker was interrupted, exiting. There are 0 tasks remaining in the queue.
2021-11-05 13:01:26,430 [Listener at 127.0.0.1/42119] INFO  segmented.SegmentedRaftLogWorker (SegmentedRaftLogWorker.java:close(237)) - 3ae4cb20-15ad-4779-a013-5b0fdc3aaee7@group-79A4ECC5E59F-SegmentedRaftLogWorker close()
2021-11-05 13:01:26,430 [Listener at 127.0.0.1/42119] INFO  server.GrpcService (GrpcService.java:closeImpl(262)) - 3ae4cb20-15ad-4779-a013-5b0fdc3aaee7: shutdown server with port 35115 now
2021-11-05 13:01:26,431 [grpc-default-executor-3] WARN  server.GrpcServerProtocolService (LogUtils.java:warn(122)) - 3ae4cb20-15ad-4779-a013-5b0fdc3aaee7: installSnapshot onError, lastRequest: f0359a9b-bc21-4a61-b53d-8d2dd84c6fc1->3ae4cb20-15ad-4779-a013-5b0fdc3aaee7#1-t3,previous=(t:0, i:0),leaderCommit=-1,initializing? true,entries: size=1, first=(t:3, i:0), CONFIGURATIONENTRY: org.apache.ratis.thirdparty.io.grpc.StatusRuntimeException: CANCELLED: client cancelled
2021-11-05 13:01:26,432 [grpc-default-executor-5] WARN  server.GrpcLogAppender (LogUtils.java:warn(122)) - f0359a9b-bc21-4a61-b53d-8d2dd84c6fc1@group-479BF459BC53->3ae4cb20-15ad-4779-a013-5b0fdc3aaee7-AppendLogResponseHandler: Failed appendEntries: org.apache.ratis.thirdparty.io.grpc.StatusRuntimeException: CANCELLED: HTTP/2 error code: CANCEL
Received Rst Stream
2021-11-05 13:01:26,432 [grpc-default-executor-5] WARN  server.GrpcLogAppender (GrpcLogAppender.java:resetClient(110)) - f0359a9b-bc21-4a61-b53d-8d2dd84c6fc1@group-479BF459BC53->3ae4cb20-15ad-4779-a013-5b0fdc3aaee7-GrpcLogAppender: Leader has not got in touch with Follower f0359a9b-bc21-4a61-b53d-8d2dd84c6fc1@group-479BF459BC53->3ae4cb20-15ad-4779-a013-5b0fdc3aaee7(c0,m0,n1, attendVote=true, lastRpcSendTime=2395, lastRpcResponseTime=2350) yet, just keep nextIndex unchanged and retry.
2021-11-05 13:01:26,444 [3ae4cb20-15ad-4779-a013-5b0fdc3aaee7@group-48CCFD0E3BB8-LeaderElection136] INFO  impl.LeaderElection (LeaderElection.java:run(230)) - 3ae4cb20-15ad-4779-a013-5b0fdc3aaee7@group-48CCFD0E3BB8-LeaderElection136: skip running since this is already CLOSING
2021-11-05 13:01:26,444 [grpc-default-executor-6] WARN  server.GrpcServerProtocolService (LogUtils.java:warn(122)) - 3ae4cb20-15ad-4779-a013-5b0fdc3aaee7: Failed requestVote f0359a9b-bc21-4a61-b53d-8d2dd84c6fc1->3ae4cb20-15ad-4779-a013-5b0fdc3aaee7#0: org.apache.ratis.protocol.exceptions.ServerNotReadyException: 3ae4cb20-15ad-4779-a013-5b0fdc3aaee7@group-48CCFD0E3BB8 is not in [RUNNING]: current state is CLOSED
2021-11-05 13:01:26,456 [grpc-default-executor-6] WARN  server.GrpcLogAppender (LogUtils.java:warn(122)) - f0359a9b-bc21-4a61-b53d-8d2dd84c6fc1@group-479BF459BC53->76ef4e66-eace-4a3b-a369-d2a815523a61-AppendLogResponseHandler: Failed appendEntries: org.apache.ratis.thirdparty.io.grpc.StatusRuntimeException: UNAVAILABLE: io exception
2021-11-05 13:01:26,456 [grpc-default-executor-6] WARN  server.GrpcLogAppender (GrpcLogAppender.java:resetClient(110)) - f0359a9b-bc21-4a61-b53d-8d2dd84c6fc1@group-479BF459BC53->76ef4e66-eace-4a3b-a369-d2a815523a61-GrpcLogAppender: Leader has not got in touch with Follower f0359a9b-bc21-4a61-b53d-8d2dd84c6fc1@group-479BF459BC53->76ef4e66-eace-4a3b-a369-d2a815523a61(c-1,m0,n1, attendVote=true, lastRpcSendTime=0, lastRpcResponseTime=10342) yet, just keep nextIndex unchanged and retry.
2021-11-05 13:01:26,504 [Listener at 127.0.0.1/42119] INFO  server.GrpcService (GrpcService.java:closeImpl(271)) - 3ae4cb20-15ad-4779-a013-5b0fdc3aaee7: shutdown server with port 35115 successfully
2021-11-05 13:01:26,504 [org.apache.ratis.util.JvmPauseMonitor$$Lambda$531/328699815@7b08416e] INFO  util.JvmPauseMonitor (JvmPauseMonitor.java:run(109)) - JvmPauseMonitor-3ae4cb20-15ad-4779-a013-5b0fdc3aaee7: Stopped
2021-11-05 13:01:26,505 [Listener at 127.0.0.1/42119] INFO  utils.BackgroundService (BackgroundService.java:shutdown(132)) - Shutting down service BlockDeletingService
2021-11-05 13:01:26,578 [f0359a9b-bc21-4a61-b53d-8d2dd84c6fc1@group-479BF459BC53-LeaderStateImpl] INFO  server.RaftServer$Division (LeaderStateImpl.java:yieldLeaderToHigherPriorityPeer(930)) - f0359a9b-bc21-4a61-b53d-8d2dd84c6fc1@group-479BF459BC53-LeaderStateImpl send StartLeaderElectionRequest to follower:76ef4e66-eace-4a3b-a369-d2a815523a61 on term:3 because follower's priority:1 is higher than leader's:0 and follower's lastEntry index:0 catch up with leader's:0
2021-11-05 13:01:26,596 [grpc-default-executor-6] WARN  server.GrpcLogAppender (LogUtils.java:warn(122)) - f0359a9b-bc21-4a61-b53d-8d2dd84c6fc1@group-479BF459BC53->3ae4cb20-15ad-4779-a013-5b0fdc3aaee7-AppendLogResponseHandler: Failed appendEntries: org.apache.ratis.thirdparty.io.grpc.StatusRuntimeException: UNAVAILABLE: io exception
2021-11-05 13:01:26,596 [grpc-default-executor-6] WARN  server.GrpcLogAppender (GrpcLogAppender.java:resetClient(110)) - f0359a9b-bc21-4a61-b53d-8d2dd84c6fc1@group-479BF459BC53->3ae4cb20-15ad-4779-a013-5b0fdc3aaee7-GrpcLogAppender: Leader has not got in touch with Follower f0359a9b-bc21-4a61-b53d-8d2dd84c6fc1@group-479BF459BC53->3ae4cb20-15ad-4779-a013-5b0fdc3aaee7(c0,m0,n1, attendVote=true, lastRpcSendTime=2559, lastRpcResponseTime=2515) yet, just keep nextIndex unchanged and retry.
2021-11-05 13:01:26,713 [Command processor thread] INFO  server.RaftServer (RaftServerProxy.java:remove(106)) - fae3de48-3e9f-4cc7-8f85-17bb385fc42a: remove  FOLLOWER fae3de48-3e9f-4cc7-8f85-17bb385fc42a@group-321DBB24BC0F:t2, leader=04351296-bb31-4c39-8b7c-2fcea1114805, voted=04351296-bb31-4c39-8b7c-2fcea1114805, raftlog=fae3de48-3e9f-4cc7-8f85-17bb385fc42a@group-321DBB24BC0F-SegmentedRaftLog:OPENED:c0, conf=0: [fae3de48-3e9f-4cc7-8f85-17bb385fc42a|rpc:10.1.0.23:41205|dataStream:|priority:0, 04351296-bb31-4c39-8b7c-2fcea1114805|rpc:10.1.0.23:43337|dataStream:|priority:1, f63fc592-5921-4d2a-8a56-22c1aba49965|rpc:10.1.0.23:39383|dataStream:|priority:0], old=null RUNNING
2021-11-05 13:01:26,713 [Command processor thread] INFO  server.RaftServer$Division (RaftServerImpl.java:lambda$close$4(412)) - fae3de48-3e9f-4cc7-8f85-17bb385fc42a@group-321DBB24BC0F: shutdown
2021-11-05 13:01:26,713 [Command processor thread] INFO  util.JmxRegister (JmxRegister.java:unregister(73)) - Successfully un-registered JMX Bean with object name Ratis:service=RaftServer,group=group-321DBB24BC0F,id=fae3de48-3e9f-4cc7-8f85-17bb385fc42a
2021-11-05 13:01:26,713 [Command processor thread] INFO  impl.RoleInfo (RoleInfo.java:shutdownFollowerState(108)) - fae3de48-3e9f-4cc7-8f85-17bb385fc42a: shutdown fae3de48-3e9f-4cc7-8f85-17bb385fc42a@group-321DBB24BC0F-FollowerState
2021-11-05 13:01:26,714 [Command processor thread] INFO  impl.StateMachineUpdater (StateMachineUpdater.java:stopAndJoin(149)) - fae3de48-3e9f-4cc7-8f85-17bb385fc42a@group-321DBB24BC0F-StateMachineUpdater: set stopIndex = 0
2021-11-05 13:01:26,714 [fae3de48-3e9f-4cc7-8f85-17bb385fc42a@group-321DBB24BC0F-StateMachineUpdater] INFO  ratis.ContainerStateMachine (ContainerStateMachine.java:takeSnapshot(292)) - group-321DBB24BC0F: Taking a snapshot at:(t:2, i:0) file /home/runner/work/ozone/ozone/hadoop-ozone/integration-test/target/test-dir/MiniOzoneClusterImpl-bdf76210-3e21-404e-9e17-65b92aec9f1a/datanode-3/data/ratis/cf6dd734-eee3-40b4-8aa9-321dbb24bc0f/sm/snapshot.2_0
2021-11-05 13:01:26,715 [fae3de48-3e9f-4cc7-8f85-17bb385fc42a@group-321DBB24BC0F-StateMachineUpdater] INFO  ratis.ContainerStateMachine (ContainerStateMachine.java:takeSnapshot(303)) - group-321DBB24BC0F: Finished taking a snapshot at:(t:2, i:0) file:/home/runner/work/ozone/ozone/hadoop-ozone/integration-test/target/test-dir/MiniOzoneClusterImpl-bdf76210-3e21-404e-9e17-65b92aec9f1a/datanode-3/data/ratis/cf6dd734-eee3-40b4-8aa9-321dbb24bc0f/sm/snapshot.2_0 took: 1 ms
2021-11-05 13:01:26,715 [fae3de48-3e9f-4cc7-8f85-17bb385fc42a@group-321DBB24BC0F-StateMachineUpdater] INFO  impl.StateMachineUpdater (StateMachineUpdater.java:takeSnapshot(281)) - fae3de48-3e9f-4cc7-8f85-17bb385fc42a@group-321DBB24BC0F-StateMachineUpdater: Took a snapshot at index 0
2021-11-05 13:01:26,715 [fae3de48-3e9f-4cc7-8f85-17bb385fc42a@group-321DBB24BC0F-StateMachineUpdater] INFO  impl.StateMachineUpdater (StateMachineUpdater.java:lambda$new$0(89)) - fae3de48-3e9f-4cc7-8f85-17bb385fc42a@group-321DBB24BC0F-StateMachineUpdater: snapshotIndex: updateIncreasingly -1 -> 0
2021-11-05 13:01:26,716 [Command processor thread] INFO  server.RaftServer$Division (ServerState.java:close(419)) - fae3de48-3e9f-4cc7-8f85-17bb385fc42a@group-321DBB24BC0F: closes. applyIndex: 0
2021-11-05 13:01:26,716 [fae3de48-3e9f-4cc7-8f85-17bb385fc42a@group-321DBB24BC0F-SegmentedRaftLogWorker] INFO  segmented.SegmentedRaftLogWorker (SegmentedRaftLogWorker.java:run(327)) - fae3de48-3e9f-4cc7-8f85-17bb385fc42a@group-321DBB24BC0F-SegmentedRaftLogWorker was interrupted, exiting. There are 0 tasks remaining in the queue.
2021-11-05 13:01:26,716 [Command processor thread] INFO  segmented.SegmentedRaftLogWorker (SegmentedRaftLogWorker.java:close(237)) - fae3de48-3e9f-4cc7-8f85-17bb385fc42a@group-321DBB24BC0F-SegmentedRaftLogWorker close()
2021-11-05 13:01:26,717 [Command processor thread] INFO  server.RaftServer$Division (RaftServerImpl.java:groupRemove(382)) - fae3de48-3e9f-4cc7-8f85-17bb385fc42a@group-321DBB24BC0F: Succeed to remove RaftStorageDirectory Storage Directory /home/runner/work/ozone/ozone/hadoop-ozone/integration-test/target/test-dir/MiniOzoneClusterImpl-bdf76210-3e21-404e-9e17-65b92aec9f1a/datanode-3/data/ratis/cf6dd734-eee3-40b4-8aa9-321dbb24bc0f
2021-11-05 13:01:26,717 [Command processor thread] INFO  commandhandler.ClosePipelineCommandHandler (ClosePipelineCommandHandler.java:handle(78)) - Close Pipeline PipelineID=cf6dd734-eee3-40b4-8aa9-321dbb24bc0f command on datanode fae3de48-3e9f-4cc7-8f85-17bb385fc42a.
2021-11-05 13:01:26,717 [Command processor thread] INFO  server.RaftServer (RaftServerProxy.java:remove(106)) - fae3de48-3e9f-4cc7-8f85-17bb385fc42a: remove  FOLLOWER fae3de48-3e9f-4cc7-8f85-17bb385fc42a@group-30A45C208CA2:t4, leader=04351296-bb31-4c39-8b7c-2fcea1114805, voted=04351296-bb31-4c39-8b7c-2fcea1114805, raftlog=fae3de48-3e9f-4cc7-8f85-17bb385fc42a@group-30A45C208CA2-SegmentedRaftLog:OPENED:c2, conf=1: [fae3de48-3e9f-4cc7-8f85-17bb385fc42a|rpc:10.1.0.23:41205|dataStream:|priority:0, 04351296-bb31-4c39-8b7c-2fcea1114805|rpc:10.1.0.23:43337|dataStream:|priority:0, f63fc592-5921-4d2a-8a56-22c1aba49965|rpc:10.1.0.23:39383|dataStream:|priority:1], old=null RUNNING
2021-11-05 13:01:26,717 [Command processor thread] INFO  server.RaftServer$Division (RaftServerImpl.java:lambda$close$4(412)) - fae3de48-3e9f-4cc7-8f85-17bb385fc42a@group-30A45C208CA2: shutdown
2021-11-05 13:01:26,717 [Command processor thread] INFO  util.JmxRegister (JmxRegister.java:unregister(73)) - Successfully un-registered JMX Bean with object name Ratis:service=RaftServer,group=group-30A45C208CA2,id=fae3de48-3e9f-4cc7-8f85-17bb385fc42a
2021-11-05 13:01:26,717 [Command processor thread] INFO  impl.RoleInfo (RoleInfo.java:shutdownFollowerState(108)) - fae3de48-3e9f-4cc7-8f85-17bb385fc42a: shutdown fae3de48-3e9f-4cc7-8f85-17bb385fc42a@group-30A45C208CA2-FollowerState
2021-11-05 13:01:26,717 [Command processor thread] INFO  impl.StateMachineUpdater (StateMachineUpdater.java:stopAndJoin(149)) - fae3de48-3e9f-4cc7-8f85-17bb385fc42a@group-30A45C208CA2-StateMachineUpdater: set stopIndex = 2
2021-11-05 13:01:26,717 [fae3de48-3e9f-4cc7-8f85-17bb385fc42a@group-30A45C208CA2-FollowerState] INFO  impl.FollowerState (FollowerState.java:run(143)) - fae3de48-3e9f-4cc7-8f85-17bb385fc42a@group-30A45C208CA2-FollowerState was interrupted: {}
java.lang.InterruptedException: sleep interrupted
	at java.lang.Thread.sleep(Native Method)
	at java.lang.Thread.sleep(Thread.java:340)
	at java.util.concurrent.TimeUnit.sleep(TimeUnit.java:386)
	at org.apache.ratis.util.TimeDuration.sleep(TimeDuration.java:324)
	at org.apache.ratis.util.TimeDuration.sleep(TimeDuration.java:309)
	at org.apache.ratis.server.impl.FollowerState.run(FollowerState.java:118)
2021-11-05 13:01:26,724 [fae3de48-3e9f-4cc7-8f85-17bb385fc42a@group-30A45C208CA2-StateMachineUpdater] INFO  ratis.ContainerStateMachine (ContainerStateMachine.java:takeSnapshot(292)) - group-30A45C208CA2: Taking a snapshot at:(t:4, i:2) file /home/runner/work/ozone/ozone/hadoop-ozone/integration-test/target/test-dir/MiniOzoneClusterImpl-bdf76210-3e21-404e-9e17-65b92aec9f1a/datanode-3/data/ratis/3f1b9fd8-ba50-4c9b-8c0d-30a45c208ca2/sm/snapshot.4_2
2021-11-05 13:01:26,725 [fae3de48-3e9f-4cc7-8f85-17bb385fc42a@group-30A45C208CA2-StateMachineUpdater] INFO  ratis.ContainerStateMachine (ContainerStateMachine.java:takeSnapshot(303)) - group-30A45C208CA2: Finished taking a snapshot at:(t:4, i:2) file:/home/runner/work/ozone/ozone/hadoop-ozone/integration-test/target/test-dir/MiniOzoneClusterImpl-bdf76210-3e21-404e-9e17-65b92aec9f1a/datanode-3/data/ratis/3f1b9fd8-ba50-4c9b-8c0d-30a45c208ca2/sm/snapshot.4_2 took: 1 ms
2021-11-05 13:01:26,725 [fae3de48-3e9f-4cc7-8f85-17bb385fc42a@group-30A45C208CA2-StateMachineUpdater] INFO  impl.StateMachineUpdater (StateMachineUpdater.java:takeSnapshot(281)) - fae3de48-3e9f-4cc7-8f85-17bb385fc42a@group-30A45C208CA2-StateMachineUpdater: Took a snapshot at index 2
2021-11-05 13:01:26,725 [fae3de48-3e9f-4cc7-8f85-17bb385fc42a@group-30A45C208CA2-StateMachineUpdater] INFO  impl.StateMachineUpdater (StateMachineUpdater.java:lambda$new$0(89)) - fae3de48-3e9f-4cc7-8f85-17bb385fc42a@group-30A45C208CA2-StateMachineUpdater: snapshotIndex: updateIncreasingly -1 -> 2
2021-11-05 13:01:26,725 [Command processor thread] INFO  server.RaftServer$Division (ServerState.java:close(419)) - fae3de48-3e9f-4cc7-8f85-17bb385fc42a@group-30A45C208CA2: closes. applyIndex: 2
2021-11-05 13:01:26,725 [fae3de48-3e9f-4cc7-8f85-17bb385fc42a@group-30A45C208CA2-SegmentedRaftLogWorker] INFO  segmented.SegmentedRaftLogWorker (SegmentedRaftLogWorker.java:run(327)) - fae3de48-3e9f-4cc7-8f85-17bb385fc42a@group-30A45C208CA2-SegmentedRaftLogWorker was interrupted, exiting. There are 0 tasks remaining in the queue.
2021-11-05 13:01:26,726 [Command processor thread] INFO  segmented.SegmentedRaftLogWorker (SegmentedRaftLogWorker.java:close(237)) - fae3de48-3e9f-4cc7-8f85-17bb385fc42a@group-30A45C208CA2-SegmentedRaftLogWorker close()
2021-11-05 13:01:26,726 [Command processor thread] INFO  server.RaftServer$Division (RaftServerImpl.java:groupRemove(382)) - fae3de48-3e9f-4cc7-8f85-17bb385fc42a@group-30A45C208CA2: Succeed to remove RaftStorageDirectory Storage Directory /home/runner/work/ozone/ozone/hadoop-ozone/integration-test/target/test-dir/MiniOzoneClusterImpl-bdf76210-3e21-404e-9e17-65b92aec9f1a/datanode-3/data/ratis/3f1b9fd8-ba50-4c9b-8c0d-30a45c208ca2
2021-11-05 13:01:26,726 [Command processor thread] INFO  commandhandler.ClosePipelineCommandHandler (ClosePipelineCommandHandler.java:handle(78)) - Close Pipeline PipelineID=3f1b9fd8-ba50-4c9b-8c0d-30a45c208ca2 command on datanode fae3de48-3e9f-4cc7-8f85-17bb385fc42a.
2021-11-05 13:01:26,726 [Command processor thread] INFO  server.RaftServer (RaftServerProxy.java:remove(106)) - fae3de48-3e9f-4cc7-8f85-17bb385fc42a: remove    LEADER fae3de48-3e9f-4cc7-8f85-17bb385fc42a@group-2717592FE90B:t1, leader=fae3de48-3e9f-4cc7-8f85-17bb385fc42a, voted=fae3de48-3e9f-4cc7-8f85-17bb385fc42a, raftlog=fae3de48-3e9f-4cc7-8f85-17bb385fc42a@group-2717592FE90B-SegmentedRaftLog:OPENED:c0, conf=0: [fae3de48-3e9f-4cc7-8f85-17bb385fc42a|rpc:10.1.0.23:41205|dataStream:|priority:1, 04351296-bb31-4c39-8b7c-2fcea1114805|rpc:10.1.0.23:43337|dataStream:|priority:0, f63fc592-5921-4d2a-8a56-22c1aba49965|rpc:10.1.0.23:39383|dataStream:|priority:0], old=null RUNNING
2021-11-05 13:01:26,726 [Command processor thread] INFO  server.RaftServer$Division (RaftServerImpl.java:lambda$close$4(412)) - fae3de48-3e9f-4cc7-8f85-17bb385fc42a@group-2717592FE90B: shutdown
2021-11-05 13:01:26,726 [Command processor thread] INFO  util.JmxRegister (JmxRegister.java:unregister(73)) - Successfully un-registered JMX Bean with object name Ratis:service=RaftServer,group=group-2717592FE90B,id=fae3de48-3e9f-4cc7-8f85-17bb385fc42a
2021-11-05 13:01:26,726 [Command processor thread] INFO  impl.RoleInfo (RoleInfo.java:shutdownLeaderState(91)) - fae3de48-3e9f-4cc7-8f85-17bb385fc42a: shutdown fae3de48-3e9f-4cc7-8f85-17bb385fc42a@group-2717592FE90B-LeaderStateImpl
2021-11-05 13:01:26,726 [Command processor thread] INFO  impl.PendingRequests (PendingRequests.java:sendNotLeaderResponses(282)) - fae3de48-3e9f-4cc7-8f85-17bb385fc42a@group-2717592FE90B-PendingRequests: sendNotLeaderResponses
2021-11-05 13:01:26,727 [fae3de48-3e9f-4cc7-8f85-17bb385fc42a@group-321DBB24BC0F-FollowerState] INFO  impl.FollowerState (FollowerState.java:run(143)) - fae3de48-3e9f-4cc7-8f85-17bb385fc42a@group-321DBB24BC0F-FollowerState was interrupted: {}
java.lang.InterruptedException: sleep interrupted
	at java.lang.Thread.sleep(Native Method)
	at java.lang.Thread.sleep(Thread.java:340)
	at java.util.concurrent.TimeUnit.sleep(TimeUnit.java:386)
	at org.apache.ratis.util.TimeDuration.sleep(TimeDuration.java:324)
	at org.apache.ratis.util.TimeDuration.sleep(TimeDuration.java:309)
	at org.apache.ratis.server.impl.FollowerState.run(FollowerState.java:118)
2021-11-05 13:01:26,727 [Command processor thread] INFO  impl.StateMachineUpdater (StateMachineUpdater.java:stopAndJoin(149)) - fae3de48-3e9f-4cc7-8f85-17bb385fc42a@group-2717592FE90B-StateMachineUpdater: set stopIndex = 0
2021-11-05 13:01:26,728 [fae3de48-3e9f-4cc7-8f85-17bb385fc42a@group-2717592FE90B-StateMachineUpdater] INFO  ratis.ContainerStateMachine (ContainerStateMachine.java:takeSnapshot(292)) - group-2717592FE90B: Taking a snapshot at:(t:1, i:0) file /home/runner/work/ozone/ozone/hadoop-ozone/integration-test/target/test-dir/MiniOzoneClusterImpl-bdf76210-3e21-404e-9e17-65b92aec9f1a/datanode-3/data/ratis/76f5f5e5-670c-4792-baeb-2717592fe90b/sm/snapshot.1_0
2021-11-05 13:01:26,755 [fae3de48-3e9f-4cc7-8f85-17bb385fc42a@group-2717592FE90B-StateMachineUpdater] INFO  ratis.ContainerStateMachine (ContainerStateMachine.java:takeSnapshot(303)) - group-2717592FE90B: Finished taking a snapshot at:(t:1, i:0) file:/home/runner/work/ozone/ozone/hadoop-ozone/integration-test/target/test-dir/MiniOzoneClusterImpl-bdf76210-3e21-404e-9e17-65b92aec9f1a/datanode-3/data/ratis/76f5f5e5-670c-4792-baeb-2717592fe90b/sm/snapshot.1_0 took: 27 ms
2021-11-05 13:01:26,756 [fae3de48-3e9f-4cc7-8f85-17bb385fc42a@group-2717592FE90B-StateMachineUpdater] INFO  impl.StateMachineUpdater (StateMachineUpdater.java:takeSnapshot(281)) - fae3de48-3e9f-4cc7-8f85-17bb385fc42a@group-2717592FE90B-StateMachineUpdater: Took a snapshot at index 0
2021-11-05 13:01:26,756 [fae3de48-3e9f-4cc7-8f85-17bb385fc42a@group-2717592FE90B-StateMachineUpdater] INFO  impl.StateMachineUpdater (StateMachineUpdater.java:lambda$new$0(89)) - fae3de48-3e9f-4cc7-8f85-17bb385fc42a@group-2717592FE90B-StateMachineUpdater: snapshotIndex: updateIncreasingly -1 -> 0
2021-11-05 13:01:26,756 [Command processor thread] INFO  server.RaftServer$Division (ServerState.java:close(419)) - fae3de48-3e9f-4cc7-8f85-17bb385fc42a@group-2717592FE90B: closes. applyIndex: 0
2021-11-05 13:01:26,756 [fae3de48-3e9f-4cc7-8f85-17bb385fc42a@group-2717592FE90B-SegmentedRaftLogWorker] INFO  segmented.SegmentedRaftLogWorker (SegmentedRaftLogWorker.java:run(327)) - fae3de48-3e9f-4cc7-8f85-17bb385fc42a@group-2717592FE90B-SegmentedRaftLogWorker was interrupted, exiting. There are 0 tasks remaining in the queue.
2021-11-05 13:01:26,756 [Command processor thread] INFO  segmented.SegmentedRaftLogWorker (SegmentedRaftLogWorker.java:close(237)) - fae3de48-3e9f-4cc7-8f85-17bb385fc42a@group-2717592FE90B-SegmentedRaftLogWorker close()
2021-11-05 13:01:26,757 [Command processor thread] INFO  server.RaftServer$Division (RaftServerImpl.java:groupRemove(382)) - fae3de48-3e9f-4cc7-8f85-17bb385fc42a@group-2717592FE90B: Succeed to remove RaftStorageDirectory Storage Directory /home/runner/work/ozone/ozone/hadoop-ozone/integration-test/target/test-dir/MiniOzoneClusterImpl-bdf76210-3e21-404e-9e17-65b92aec9f1a/datanode-3/data/ratis/76f5f5e5-670c-4792-baeb-2717592fe90b
2021-11-05 13:01:26,757 [Command processor thread] INFO  commandhandler.ClosePipelineCommandHandler (ClosePipelineCommandHandler.java:handle(78)) - Close Pipeline PipelineID=76f5f5e5-670c-4792-baeb-2717592fe90b command on datanode fae3de48-3e9f-4cc7-8f85-17bb385fc42a.
2021-11-05 13:01:26,796 [fae3de48-3e9f-4cc7-8f85-17bb385fc42a@group-2717592FE90B->04351296-bb31-4c39-8b7c-2fcea1114805-GrpcLogAppender-LogAppenderDaemon] WARN  server.GrpcLogAppender (GrpcLogAppender.java:mayWait(177)) - fae3de48-3e9f-4cc7-8f85-17bb385fc42a@group-2717592FE90B->04351296-bb31-4c39-8b7c-2fcea1114805-GrpcLogAppender: Wait interrupted by java.lang.InterruptedException
2021-11-05 13:01:26,796 [grpc-default-executor-6] INFO  server.GrpcServerProtocolService (GrpcServerProtocolService.java:onCompleted(140)) - 04351296-bb31-4c39-8b7c-2fcea1114805: Completed APPEND_ENTRIES, lastRequest: fae3de48-3e9f-4cc7-8f85-17bb385fc42a->04351296-bb31-4c39-8b7c-2fcea1114805#1-t1,previous=(t:0, i:0),leaderCommit=-1,initializing? true,entries: size=1, first=(t:1, i:0), CONFIGURATIONENTRY
2021-11-05 13:01:26,797 [grpc-default-executor-5] INFO  server.GrpcLogAppender (GrpcLogAppender.java:onCompleted(346)) - fae3de48-3e9f-4cc7-8f85-17bb385fc42a@group-2717592FE90B->04351296-bb31-4c39-8b7c-2fcea1114805-AppendLogResponseHandler: follower responses appendEntries COMPLETED
2021-11-05 13:01:26,797 [grpc-default-executor-5] INFO  leader.FollowerInfo (FollowerInfoImpl.java:lambda$new$0(47)) - fae3de48-3e9f-4cc7-8f85-17bb385fc42a@group-2717592FE90B->04351296-bb31-4c39-8b7c-2fcea1114805: nextIndex: updateUnconditionally 1 -> 0
2021-11-05 13:01:27,347 [Command processor thread] INFO  server.RaftServer (RaftServerProxy.java:remove(106)) - 04351296-bb31-4c39-8b7c-2fcea1114805: remove    LEADER 04351296-bb31-4c39-8b7c-2fcea1114805@group-321DBB24BC0F:t2, leader=04351296-bb31-4c39-8b7c-2fcea1114805, voted=04351296-bb31-4c39-8b7c-2fcea1114805, raftlog=04351296-bb31-4c39-8b7c-2fcea1114805@group-321DBB24BC0F-SegmentedRaftLog:OPENED:c0, conf=0: [fae3de48-3e9f-4cc7-8f85-17bb385fc42a|rpc:10.1.0.23:41205|dataStream:|priority:0, 04351296-bb31-4c39-8b7c-2fcea1114805|rpc:10.1.0.23:43337|dataStream:|priority:1, f63fc592-5921-4d2a-8a56-22c1aba49965|rpc:10.1.0.23:39383|dataStream:|priority:0], old=null RUNNING
2021-11-05 13:01:27,347 [Command processor thread] INFO  server.RaftServer$Division (RaftServerImpl.java:lambda$close$4(412)) - 04351296-bb31-4c39-8b7c-2fcea1114805@group-321DBB24BC0F: shutdown
2021-11-05 13:01:27,347 [Command processor thread] INFO  util.JmxRegister (JmxRegister.java:unregister(73)) - Successfully un-registered JMX Bean with object name Ratis:service=RaftServer,group=group-321DBB24BC0F,id=04351296-bb31-4c39-8b7c-2fcea1114805
2021-11-05 13:01:27,347 [Command processor thread] INFO  impl.RoleInfo (RoleInfo.java:shutdownLeaderState(91)) - 04351296-bb31-4c39-8b7c-2fcea1114805: shutdown 04351296-bb31-4c39-8b7c-2fcea1114805@group-321DBB24BC0F-LeaderStateImpl
2021-11-05 13:01:27,347 [Command processor thread] INFO  impl.PendingRequests (PendingRequests.java:sendNotLeaderResponses(282)) - 04351296-bb31-4c39-8b7c-2fcea1114805@group-321DBB24BC0F-PendingRequests: sendNotLeaderResponses
2021-11-05 13:01:27,348 [Command processor thread] INFO  impl.StateMachineUpdater (StateMachineUpdater.java:stopAndJoin(149)) - 04351296-bb31-4c39-8b7c-2fcea1114805@group-321DBB24BC0F-StateMachineUpdater: set stopIndex = 0
2021-11-05 13:01:27,348 [04351296-bb31-4c39-8b7c-2fcea1114805@group-321DBB24BC0F-StateMachineUpdater] INFO  ratis.ContainerStateMachine (ContainerStateMachine.java:takeSnapshot(292)) - group-321DBB24BC0F: Taking a snapshot at:(t:2, i:0) file /home/runner/work/ozone/ozone/hadoop-ozone/integration-test/target/test-dir/MiniOzoneClusterImpl-bdf76210-3e21-404e-9e17-65b92aec9f1a/datanode-5/data/ratis/cf6dd734-eee3-40b4-8aa9-321dbb24bc0f/sm/snapshot.2_0
2021-11-05 13:01:27,348 [04351296-bb31-4c39-8b7c-2fcea1114805@group-321DBB24BC0F->fae3de48-3e9f-4cc7-8f85-17bb385fc42a-GrpcLogAppender-LogAppenderDaemon] WARN  server.GrpcLogAppender (GrpcLogAppender.java:mayWait(177)) - 04351296-bb31-4c39-8b7c-2fcea1114805@group-321DBB24BC0F->fae3de48-3e9f-4cc7-8f85-17bb385fc42a-GrpcLogAppender: Wait interrupted by java.lang.InterruptedException
2021-11-05 13:01:27,349 [grpc-default-executor-6] INFO  server.GrpcServerProtocolService (GrpcServerProtocolService.java:onCompleted(140)) - fae3de48-3e9f-4cc7-8f85-17bb385fc42a: Completed APPEND_ENTRIES, lastRequest: 04351296-bb31-4c39-8b7c-2fcea1114805->fae3de48-3e9f-4cc7-8f85-17bb385fc42a#1-t2,previous=(t:0, i:0),leaderCommit=0,initializing? true,entries: size=1, first=(t:2, i:0), CONFIGURATIONENTRY
2021-11-05 13:01:27,350 [grpc-default-executor-5] INFO  server.GrpcLogAppender (GrpcLogAppender.java:onCompleted(346)) - 04351296-bb31-4c39-8b7c-2fcea1114805@group-321DBB24BC0F->fae3de48-3e9f-4cc7-8f85-17bb385fc42a-AppendLogResponseHandler: follower responses appendEntries COMPLETED
2021-11-05 13:01:27,350 [grpc-default-executor-5] INFO  leader.FollowerInfo (FollowerInfoImpl.java:lambda$new$0(47)) - 04351296-bb31-4c39-8b7c-2fcea1114805@group-321DBB24BC0F->fae3de48-3e9f-4cc7-8f85-17bb385fc42a: nextIndex: updateUnconditionally 1 -> 0
2021-11-05 13:01:27,360 [04351296-bb31-4c39-8b7c-2fcea1114805@group-321DBB24BC0F-StateMachineUpdater] INFO  ratis.ContainerStateMachine (ContainerStateMachine.java:takeSnapshot(303)) - group-321DBB24BC0F: Finished taking a snapshot at:(t:2, i:0) file:/home/runner/work/ozone/ozone/hadoop-ozone/integration-test/target/test-dir/MiniOzoneClusterImpl-bdf76210-3e21-404e-9e17-65b92aec9f1a/datanode-5/data/ratis/cf6dd734-eee3-40b4-8aa9-321dbb24bc0f/sm/snapshot.2_0 took: 12 ms
2021-11-05 13:01:27,360 [04351296-bb31-4c39-8b7c-2fcea1114805@group-321DBB24BC0F-StateMachineUpdater] INFO  impl.StateMachineUpdater (StateMachineUpdater.java:takeSnapshot(281)) - 04351296-bb31-4c39-8b7c-2fcea1114805@group-321DBB24BC0F-StateMachineUpdater: Took a snapshot at index 0
2021-11-05 13:01:27,360 [04351296-bb31-4c39-8b7c-2fcea1114805@group-321DBB24BC0F-StateMachineUpdater] INFO  impl.StateMachineUpdater (StateMachineUpdater.java:lambda$new$0(89)) - 04351296-bb31-4c39-8b7c-2fcea1114805@group-321DBB24BC0F-StateMachineUpdater: snapshotIndex: updateIncreasingly -1 -> 0
2021-11-05 13:01:27,360 [Command processor thread] INFO  server.RaftServer$Division (ServerState.java:close(419)) - 04351296-bb31-4c39-8b7c-2fcea1114805@group-321DBB24BC0F: closes. applyIndex: 0
2021-11-05 13:01:27,360 [04351296-bb31-4c39-8b7c-2fcea1114805@group-321DBB24BC0F-SegmentedRaftLogWorker] INFO  segmented.SegmentedRaftLogWorker (SegmentedRaftLogWorker.java:run(327)) - 04351296-bb31-4c39-8b7c-2fcea1114805@group-321DBB24BC0F-SegmentedRaftLogWorker was interrupted, exiting. There are 0 tasks remaining in the queue.
2021-11-05 13:01:27,363 [Command processor thread] INFO  segmented.SegmentedRaftLogWorker (SegmentedRaftLogWorker.java:close(237)) - 04351296-bb31-4c39-8b7c-2fcea1114805@group-321DBB24BC0F-SegmentedRaftLogWorker close()
2021-11-05 13:01:27,364 [Command processor thread] INFO  server.RaftServer$Division (RaftServerImpl.java:groupRemove(382)) - 04351296-bb31-4c39-8b7c-2fcea1114805@group-321DBB24BC0F: Succeed to remove RaftStorageDirectory Storage Directory /home/runner/work/ozone/ozone/hadoop-ozone/integration-test/target/test-dir/MiniOzoneClusterImpl-bdf76210-3e21-404e-9e17-65b92aec9f1a/datanode-5/data/ratis/cf6dd734-eee3-40b4-8aa9-321dbb24bc0f
2021-11-05 13:01:27,364 [Command processor thread] INFO  commandhandler.ClosePipelineCommandHandler (ClosePipelineCommandHandler.java:handle(78)) - Close Pipeline PipelineID=cf6dd734-eee3-40b4-8aa9-321dbb24bc0f command on datanode 04351296-bb31-4c39-8b7c-2fcea1114805.
2021-11-05 13:01:27,364 [Command processor thread] INFO  server.RaftServer (RaftServerProxy.java:remove(106)) - 04351296-bb31-4c39-8b7c-2fcea1114805: remove    LEADER 04351296-bb31-4c39-8b7c-2fcea1114805@group-30A45C208CA2:t4, leader=04351296-bb31-4c39-8b7c-2fcea1114805, voted=04351296-bb31-4c39-8b7c-2fcea1114805, raftlog=04351296-bb31-4c39-8b7c-2fcea1114805@group-30A45C208CA2-SegmentedRaftLog:OPENED:c2, conf=1: [fae3de48-3e9f-4cc7-8f85-17bb385fc42a|rpc:10.1.0.23:41205|dataStream:|priority:0, 04351296-bb31-4c39-8b7c-2fcea1114805|rpc:10.1.0.23:43337|dataStream:|priority:0, f63fc592-5921-4d2a-8a56-22c1aba49965|rpc:10.1.0.23:39383|dataStream:|priority:1], old=null RUNNING
2021-11-05 13:01:27,364 [Command processor thread] INFO  server.RaftServer$Division (RaftServerImpl.java:lambda$close$4(412)) - 04351296-bb31-4c39-8b7c-2fcea1114805@group-30A45C208CA2: shutdown
2021-11-05 13:01:27,364 [Command processor thread] INFO  util.JmxRegister (JmxRegister.java:unregister(73)) - Successfully un-registered JMX Bean with object name Ratis:service=RaftServer,group=group-30A45C208CA2,id=04351296-bb31-4c39-8b7c-2fcea1114805
2021-11-05 13:01:27,364 [Command processor thread] INFO  impl.RoleInfo (RoleInfo.java:shutdownLeaderState(91)) - 04351296-bb31-4c39-8b7c-2fcea1114805: shutdown 04351296-bb31-4c39-8b7c-2fcea1114805@group-30A45C208CA2-LeaderStateImpl
2021-11-05 13:01:27,364 [04351296-bb31-4c39-8b7c-2fcea1114805@group-30A45C208CA2->fae3de48-3e9f-4cc7-8f85-17bb385fc42a-GrpcLogAppender-LogAppenderDaemon] WARN  server.GrpcLogAppender (GrpcLogAppender.java:mayWait(177)) - 04351296-bb31-4c39-8b7c-2fcea1114805@group-30A45C208CA2->fae3de48-3e9f-4cc7-8f85-17bb385fc42a-GrpcLogAppender: Wait interrupted by java.lang.InterruptedException
2021-11-05 13:01:27,364 [grpc-default-executor-6] INFO  server.GrpcServerProtocolService (GrpcServerProtocolService.java:onCompleted(140)) - fae3de48-3e9f-4cc7-8f85-17bb385fc42a: Completed APPEND_ENTRIES, lastRequest: 04351296-bb31-4c39-8b7c-2fcea1114805->fae3de48-3e9f-4cc7-8f85-17bb385fc42a#2-t4,previous=(t:4, i:1),leaderCommit=1,initializing? true,entries: size=1, first=(t:4, i:2), METADATAENTRY(c:1)
2021-11-05 13:01:27,365 [grpc-default-executor-6] INFO  server.GrpcLogAppender (GrpcLogAppender.java:onCompleted(346)) - 04351296-bb31-4c39-8b7c-2fcea1114805@group-30A45C208CA2->fae3de48-3e9f-4cc7-8f85-17bb385fc42a-AppendLogResponseHandler: follower responses appendEntries COMPLETED
2021-11-05 13:01:27,365 [grpc-default-executor-6] INFO  leader.FollowerInfo (FollowerInfoImpl.java:lambda$new$0(47)) - 04351296-bb31-4c39-8b7c-2fcea1114805@group-30A45C208CA2->fae3de48-3e9f-4cc7-8f85-17bb385fc42a: nextIndex: updateUnconditionally 3 -> 2
2021-11-05 13:01:27,366 [Command processor thread] INFO  impl.PendingRequests (PendingRequests.java:sendNotLeaderResponses(282)) - 04351296-bb31-4c39-8b7c-2fcea1114805@group-30A45C208CA2-PendingRequests: sendNotLeaderResponses
2021-11-05 13:01:27,376 [04351296-bb31-4c39-8b7c-2fcea1114805@group-321DBB24BC0F->f63fc592-5921-4d2a-8a56-22c1aba49965-GrpcLogAppender-LogAppenderDaemon] ERROR leader.LogAppenderDaemon (LogAppenderDaemon.java:run(86)) - 04351296-bb31-4c39-8b7c-2fcea1114805@group-321DBB24BC0F->f63fc592-5921-4d2a-8a56-22c1aba49965-GrpcLogAppender-LogAppenderDaemon failed
java.lang.IllegalArgumentException: 04351296-bb31-4c39-8b7c-2fcea1114805@group-321DBB24BC0F-SegmentedRaftLog is expected to be opened but it is CLOSED
	at org.apache.ratis.util.OpenCloseState.assertOpen(OpenCloseState.java:63)
	at org.apache.ratis.server.raftlog.RaftLogBase.checkLogState(RaftLogBase.java:107)
	at org.apache.ratis.server.raftlog.segmented.SegmentedRaftLog.getLastEntryTermIndex(SegmentedRaftLog.java:339)
	at org.apache.ratis.server.raftlog.RaftLog.getNextIndex(RaftLog.java:83)
	at org.apache.ratis.grpc.server.GrpcLogAppender.shouldNotifyToInstallSnapshot(GrpcLogAppender.java:592)
	at org.apache.ratis.grpc.server.GrpcLogAppender.run(GrpcLogAppender.java:140)
	at org.apache.ratis.server.leader.LogAppenderDaemon.run(LogAppenderDaemon.java:77)
	at java.lang.Thread.run(Thread.java:748)
Caused by: org.apache.ratis.util.OpenCloseState$CloseTrace: Close 04351296-bb31-4c39-8b7c-2fcea1114805@group-321DBB24BC0F-SegmentedRaftLog
	at org.apache.ratis.util.OpenCloseState.lambda$close$1(OpenCloseState.java:109)
	at java.util.concurrent.atomic.AtomicReference.getAndUpdate(AtomicReference.java:160)
	at org.apache.ratis.util.OpenCloseState.close(OpenCloseState.java:109)
	at org.apache.ratis.server.raftlog.RaftLogBase.close(RaftLogBase.java:356)
	at org.apache.ratis.server.raftlog.segmented.SegmentedRaftLog.close(SegmentedRaftLog.java:505)
	at org.apache.ratis.server.impl.ServerState.close(ServerState.java:421)
	at org.apache.ratis.server.impl.RaftServerImpl.lambda$close$4(RaftServerImpl.java:434)
	at org.apache.ratis.util.LifeCycle.lambda$checkStateAndClose$4(LifeCycle.java:299)
	at org.apache.ratis.util.LifeCycle.checkStateAndClose(LifeCycle.java:319)
	at org.apache.ratis.util.LifeCycle.checkStateAndClose(LifeCycle.java:297)
	at org.apache.ratis.server.impl.RaftServerImpl.close(RaftServerImpl.java:411)
	at org.apache.ratis.server.impl.RaftServerImpl.groupRemove(RaftServerImpl.java:376)
	at org.apache.ratis.server.impl.RaftServerProxy.lambda$groupRemoveAsync$14(RaftServerProxy.java:507)
	at java.util.concurrent.CompletableFuture.uniApply(CompletableFuture.java:616)
	at java.util.concurrent.CompletableFuture.uniApplyStage(CompletableFuture.java:628)
	at java.util.concurrent.CompletableFuture.thenApply(CompletableFuture.java:1996)
	at org.apache.ratis.server.impl.RaftServerProxy.groupRemoveAsync(RaftServerProxy.java:506)
	at org.apache.ratis.server.impl.RaftServerProxy.groupManagementAsync(RaftServerProxy.java:460)
	at org.apache.ratis.server.impl.RaftServerProxy.groupManagement(RaftServerProxy.java:440)
	at org.apache.hadoop.ozone.container.common.transport.server.ratis.XceiverServerRatis.removeGroup(XceiverServerRatis.java:784)
	at org.apache.hadoop.ozone.container.common.statemachine.commandhandler.ClosePipelineCommandHandler.handle(ClosePipelineCommandHandler.java:77)
	at org.apache.hadoop.ozone.container.common.statemachine.commandhandler.CommandDispatcher.handle(CommandDispatcher.java:99)
	at org.apache.hadoop.ozone.container.common.statemachine.DatanodeStateMachine.lambda$initCommandHandlerThread$2(DatanodeStateMachine.java:567)
	... 1 more
2021-11-05 13:01:27,412 [04351296-bb31-4c39-8b7c-2fcea1114805@group-30A45C208CA2-StateMachineUpdater] INFO  ratis.ContainerStateMachine (ContainerStateMachine.java:takeSnapshot(292)) - group-30A45C208CA2: Taking a snapshot at:(t:4, i:2) file /home/runner/work/ozone/ozone/hadoop-ozone/integration-test/target/test-dir/MiniOzoneClusterImpl-bdf76210-3e21-404e-9e17-65b92aec9f1a/datanode-5/data/ratis/3f1b9fd8-ba50-4c9b-8c0d-30a45c208ca2/sm/snapshot.4_2
2021-11-05 13:01:27,412 [Command processor thread] INFO  impl.StateMachineUpdater (StateMachineUpdater.java:stopAndJoin(149)) - 04351296-bb31-4c39-8b7c-2fcea1114805@group-30A45C208CA2-StateMachineUpdater: set stopIndex = 2
2021-11-05 13:01:27,415 [04351296-bb31-4c39-8b7c-2fcea1114805@group-30A45C208CA2-StateMachineUpdater] INFO  ratis.ContainerStateMachine (ContainerStateMachine.java:takeSnapshot(303)) - group-30A45C208CA2: Finished taking a snapshot at:(t:4, i:2) file:/home/runner/work/ozone/ozone/hadoop-ozone/integration-test/target/test-dir/MiniOzoneClusterImpl-bdf76210-3e21-404e-9e17-65b92aec9f1a/datanode-5/data/ratis/3f1b9fd8-ba50-4c9b-8c0d-30a45c208ca2/sm/snapshot.4_2 took: 3 ms
2021-11-05 13:01:27,415 [04351296-bb31-4c39-8b7c-2fcea1114805@group-30A45C208CA2-StateMachineUpdater] INFO  impl.StateMachineUpdater (StateMachineUpdater.java:takeSnapshot(281)) - 04351296-bb31-4c39-8b7c-2fcea1114805@group-30A45C208CA2-StateMachineUpdater: Took a snapshot at index 2
2021-11-05 13:01:27,415 [04351296-bb31-4c39-8b7c-2fcea1114805@group-30A45C208CA2-StateMachineUpdater] INFO  impl.StateMachineUpdater (StateMachineUpdater.java:lambda$new$0(89)) - 04351296-bb31-4c39-8b7c-2fcea1114805@group-30A45C208CA2-StateMachineUpdater: snapshotIndex: updateIncreasingly -1 -> 2
2021-11-05 13:01:27,416 [Command processor thread] INFO  server.RaftServer$Division (ServerState.java:close(419)) - 04351296-bb31-4c39-8b7c-2fcea1114805@group-30A45C208CA2: closes. applyIndex: 2
2021-11-05 13:01:27,416 [04351296-bb31-4c39-8b7c-2fcea1114805@group-30A45C208CA2-SegmentedRaftLogWorker] INFO  segmented.SegmentedRaftLogWorker (SegmentedRaftLogWorker.java:run(327)) - 04351296-bb31-4c39-8b7c-2fcea1114805@group-30A45C208CA2-SegmentedRaftLogWorker was interrupted, exiting. There are 0 tasks remaining in the queue.
2021-11-05 13:01:27,416 [Command processor thread] INFO  segmented.SegmentedRaftLogWorker (SegmentedRaftLogWorker.java:close(237)) - 04351296-bb31-4c39-8b7c-2fcea1114805@group-30A45C208CA2-SegmentedRaftLogWorker close()
2021-11-05 13:01:27,416 [Command processor thread] INFO  server.RaftServer$Division (RaftServerImpl.java:groupRemove(382)) - 04351296-bb31-4c39-8b7c-2fcea1114805@group-30A45C208CA2: Succeed to remove RaftStorageDirectory Storage Directory /home/runner/work/ozone/ozone/hadoop-ozone/integration-test/target/test-dir/MiniOzoneClusterImpl-bdf76210-3e21-404e-9e17-65b92aec9f1a/datanode-5/data/ratis/3f1b9fd8-ba50-4c9b-8c0d-30a45c208ca2
2021-11-05 13:01:27,417 [Command processor thread] INFO  commandhandler.ClosePipelineCommandHandler (ClosePipelineCommandHandler.java:handle(78)) - Close Pipeline PipelineID=3f1b9fd8-ba50-4c9b-8c0d-30a45c208ca2 command on datanode 04351296-bb31-4c39-8b7c-2fcea1114805.
2021-11-05 13:01:27,417 [Command processor thread] INFO  server.RaftServer (RaftServerProxy.java:remove(106)) - 04351296-bb31-4c39-8b7c-2fcea1114805: remove  FOLLOWER 04351296-bb31-4c39-8b7c-2fcea1114805@group-2717592FE90B:t1, leader=fae3de48-3e9f-4cc7-8f85-17bb385fc42a, voted=fae3de48-3e9f-4cc7-8f85-17bb385fc42a, raftlog=04351296-bb31-4c39-8b7c-2fcea1114805@group-2717592FE90B-SegmentedRaftLog:OPENED:c0, conf=0: [fae3de48-3e9f-4cc7-8f85-17bb385fc42a|rpc:10.1.0.23:41205|dataStream:|priority:1, 04351296-bb31-4c39-8b7c-2fcea1114805|rpc:10.1.0.23:43337|dataStream:|priority:0, f63fc592-5921-4d2a-8a56-22c1aba49965|rpc:10.1.0.23:39383|dataStream:|priority:0], old=null RUNNING
2021-11-05 13:01:27,417 [Command processor thread] INFO  server.RaftServer$Division (RaftServerImpl.java:lambda$close$4(412)) - 04351296-bb31-4c39-8b7c-2fcea1114805@group-2717592FE90B: shutdown
2021-11-05 13:01:27,417 [Command processor thread] INFO  util.JmxRegister (JmxRegister.java:unregister(73)) - Successfully un-registered JMX Bean with object name Ratis:service=RaftServer,group=group-2717592FE90B,id=04351296-bb31-4c39-8b7c-2fcea1114805
2021-11-05 13:01:27,417 [Command processor thread] INFO  impl.RoleInfo (RoleInfo.java:shutdownFollowerState(108)) - 04351296-bb31-4c39-8b7c-2fcea1114805: shutdown 04351296-bb31-4c39-8b7c-2fcea1114805@group-2717592FE90B-FollowerState
2021-11-05 13:01:27,417 [04351296-bb31-4c39-8b7c-2fcea1114805@group-2717592FE90B-FollowerState] INFO  impl.FollowerState (FollowerState.java:run(143)) - 04351296-bb31-4c39-8b7c-2fcea1114805@group-2717592FE90B-FollowerState was interrupted: {}
java.lang.InterruptedException: sleep interrupted
	at java.lang.Thread.sleep(Native Method)
	at java.lang.Thread.sleep(Thread.java:340)
	at java.util.concurrent.TimeUnit.sleep(TimeUnit.java:386)
	at org.apache.ratis.util.TimeDuration.sleep(TimeDuration.java:324)
	at org.apache.ratis.util.TimeDuration.sleep(TimeDuration.java:309)
	at org.apache.ratis.server.impl.FollowerState.run(FollowerState.java:118)
2021-11-05 13:01:27,417 [Command processor thread] INFO  impl.StateMachineUpdater (StateMachineUpdater.java:stopAndJoin(149)) - 04351296-bb31-4c39-8b7c-2fcea1114805@group-2717592FE90B-StateMachineUpdater: set stopIndex = 0
2021-11-05 13:01:27,417 [04351296-bb31-4c39-8b7c-2fcea1114805@group-2717592FE90B-StateMachineUpdater] INFO  ratis.ContainerStateMachine (ContainerStateMachine.java:takeSnapshot(292)) - group-2717592FE90B: Taking a snapshot at:(t:1, i:0) file /home/runner/work/ozone/ozone/hadoop-ozone/integration-test/target/test-dir/MiniOzoneClusterImpl-bdf76210-3e21-404e-9e17-65b92aec9f1a/datanode-5/data/ratis/76f5f5e5-670c-4792-baeb-2717592fe90b/sm/snapshot.1_0
2021-11-05 13:01:27,432 [04351296-bb31-4c39-8b7c-2fcea1114805@group-2717592FE90B-StateMachineUpdater] INFO  ratis.ContainerStateMachine (ContainerStateMachine.java:takeSnapshot(303)) - group-2717592FE90B: Finished taking a snapshot at:(t:1, i:0) file:/home/runner/work/ozone/ozone/hadoop-ozone/integration-test/target/test-dir/MiniOzoneClusterImpl-bdf76210-3e21-404e-9e17-65b92aec9f1a/datanode-5/data/ratis/76f5f5e5-670c-4792-baeb-2717592fe90b/sm/snapshot.1_0 took: 15 ms
2021-11-05 13:01:27,433 [04351296-bb31-4c39-8b7c-2fcea1114805@group-2717592FE90B-StateMachineUpdater] INFO  impl.StateMachineUpdater (StateMachineUpdater.java:takeSnapshot(281)) - 04351296-bb31-4c39-8b7c-2fcea1114805@group-2717592FE90B-StateMachineUpdater: Took a snapshot at index 0
2021-11-05 13:01:27,433 [04351296-bb31-4c39-8b7c-2fcea1114805@group-2717592FE90B-StateMachineUpdater] INFO  impl.StateMachineUpdater (StateMachineUpdater.java:lambda$new$0(89)) - 04351296-bb31-4c39-8b7c-2fcea1114805@group-2717592FE90B-StateMachineUpdater: snapshotIndex: updateIncreasingly -1 -> 0
2021-11-05 13:01:27,433 [Command processor thread] INFO  server.RaftServer$Division (ServerState.java:close(419)) - 04351296-bb31-4c39-8b7c-2fcea1114805@group-2717592FE90B: closes. applyIndex: 0
2021-11-05 13:01:27,444 [04351296-bb31-4c39-8b7c-2fcea1114805@group-2717592FE90B-SegmentedRaftLogWorker] INFO  segmented.SegmentedRaftLogWorker (SegmentedRaftLogWorker.java:run(327)) - 04351296-bb31-4c39-8b7c-2fcea1114805@group-2717592FE90B-SegmentedRaftLogWorker was interrupted, exiting. There are 0 tasks remaining in the queue.
2021-11-05 13:01:27,456 [Command processor thread] INFO  segmented.SegmentedRaftLogWorker (SegmentedRaftLogWorker.java:close(237)) - 04351296-bb31-4c39-8b7c-2fcea1114805@group-2717592FE90B-SegmentedRaftLogWorker close()
2021-11-05 13:01:27,456 [Command processor thread] INFO  server.RaftServer$Division (RaftServerImpl.java:groupRemove(382)) - 04351296-bb31-4c39-8b7c-2fcea1114805@group-2717592FE90B: Succeed to remove RaftStorageDirectory Storage Directory /home/runner/work/ozone/ozone/hadoop-ozone/integration-test/target/test-dir/MiniOzoneClusterImpl-bdf76210-3e21-404e-9e17-65b92aec9f1a/datanode-5/data/ratis/76f5f5e5-670c-4792-baeb-2717592fe90b
2021-11-05 13:01:27,456 [Command processor thread] INFO  commandhandler.ClosePipelineCommandHandler (ClosePipelineCommandHandler.java:handle(78)) - Close Pipeline PipelineID=76f5f5e5-670c-4792-baeb-2717592fe90b command on datanode 04351296-bb31-4c39-8b7c-2fcea1114805.
2021-11-05 13:01:29,006 [grpc-default-executor-6] WARN  server.GrpcLogAppender (LogUtils.java:warn(122)) - f0359a9b-bc21-4a61-b53d-8d2dd84c6fc1@group-479BF459BC53->76ef4e66-eace-4a3b-a369-d2a815523a61-AppendLogResponseHandler: Failed appendEntries: org.apache.ratis.thirdparty.io.grpc.StatusRuntimeException: UNAVAILABLE: io exception
2021-11-05 13:01:29,007 [grpc-default-executor-6] WARN  server.GrpcLogAppender (GrpcLogAppender.java:resetClient(110)) - f0359a9b-bc21-4a61-b53d-8d2dd84c6fc1@group-479BF459BC53->76ef4e66-eace-4a3b-a369-d2a815523a61-GrpcLogAppender: Leader has not got in touch with Follower f0359a9b-bc21-4a61-b53d-8d2dd84c6fc1@group-479BF459BC53->76ef4e66-eace-4a3b-a369-d2a815523a61(c-1,m0,n1, attendVote=true, lastRpcSendTime=2551, lastRpcResponseTime=12893) yet, just keep nextIndex unchanged and retry.
2021-11-05 13:01:29,119 [grpc-default-executor-6] WARN  server.GrpcLogAppender (LogUtils.java:warn(122)) - f0359a9b-bc21-4a61-b53d-8d2dd84c6fc1@group-479BF459BC53->3ae4cb20-15ad-4779-a013-5b0fdc3aaee7-AppendLogResponseHandler: Failed appendEntries: org.apache.ratis.thirdparty.io.grpc.StatusRuntimeException: UNAVAILABLE: io exception
2021-11-05 13:01:29,120 [grpc-default-executor-6] WARN  server.GrpcLogAppender (GrpcLogAppender.java:resetClient(110)) - f0359a9b-bc21-4a61-b53d-8d2dd84c6fc1@group-479BF459BC53->3ae4cb20-15ad-4779-a013-5b0fdc3aaee7-GrpcLogAppender: Leader has not got in touch with Follower f0359a9b-bc21-4a61-b53d-8d2dd84c6fc1@group-479BF459BC53->3ae4cb20-15ad-4779-a013-5b0fdc3aaee7(c0,m0,n1, attendVote=true, lastRpcSendTime=0, lastRpcResponseTime=5039) yet, just keep nextIndex unchanged and retry.
2021-11-05 13:01:29,616 [Listener at 127.0.0.1/42119] INFO  statemachine.DatanodeStateMachine (DatanodeStateMachine.java:stopDaemon(526)) - Ozone container server stopped.
2021-11-05 13:01:29,617 [Listener at 127.0.0.1/42119] INFO  handler.ContextHandler (ContextHandler.java:doStop(1153)) - Stopped o.e.j.w.WebAppContext@72a1033d{hddsDatanode,/,null,STOPPED}{jar:file:/home/runner/.m2/repository/org/apache/ozone/hdds-container-service/1.2.0-SNAPSHOT/hdds-container-service-1.2.0-SNAPSHOT.jar!/webapps/hddsDatanode}
2021-11-05 13:01:29,617 [Listener at 127.0.0.1/42119] INFO  server.AbstractConnector (AbstractConnector.java:doStop(381)) - Stopped ServerConnector@27daa416{HTTP/1.1, (http/1.1)}{0.0.0.0:0}
2021-11-05 13:01:29,617 [Listener at 127.0.0.1/42119] INFO  server.session (HouseKeeper.java:stopScavenging(149)) - node0 Stopped scavenging
2021-11-05 13:01:29,618 [Listener at 127.0.0.1/42119] INFO  handler.ContextHandler (ContextHandler.java:doStop(1153)) - Stopped o.e.j.s.ServletContextHandler@79beb503{static,/static,jar:file:/home/runner/.m2/repository/org/apache/ozone/hdds-container-service/1.2.0-SNAPSHOT/hdds-container-service-1.2.0-SNAPSHOT.jar!/webapps/static,STOPPED}
2021-11-05 13:01:29,618 [Listener at 127.0.0.1/42119] INFO  handler.ContextHandler (ContextHandler.java:doStop(1153)) - Stopped o.e.j.s.ServletContextHandler@3938540a{logs,/logs,file:///home/runner/work/ozone/ozone/hadoop-ozone/integration-test/target/log,STOPPED}
2021-11-05 13:01:30,966 [EventQueue-StaleNodeForStaleNodeHandler] INFO  node.StaleNodeHandler (StaleNodeHandler.java:onMessage(58)) - Datanode 3ae4cb20-15ad-4779-a013-5b0fdc3aaee7{ip: 10.1.0.23, host: fv-az151-875.yf2hydr00wburbhx3j5hxtcipe.bx.internal.cloudapp.net, ports: [REPLICATION=39333, RATIS=35115, RATIS_ADMIN=35115, RATIS_SERVER=35115, STANDALONE=41693], networkLocation: /default-rack, certSerialId: null, persistedOpState: IN_SERVICE, persistedOpStateExpiryEpochSec: 0} moved to stale state. Finalizing its pipelines [PipelineID=bd35d69c-0ad6-4da9-8c62-479bf459bc53, PipelineID=9f515d6c-93a5-42ab-b8a3-79a4ecc5e59f]
2021-11-05 13:01:30,967 [EventQueue-StaleNodeForStaleNodeHandler] INFO  pipeline.PipelineManagerImpl (PipelineManagerImpl.java:closePipeline(349)) - Pipeline Pipeline[ Id: 9f515d6c-93a5-42ab-b8a3-79a4ecc5e59f, Nodes: 3ae4cb20-15ad-4779-a013-5b0fdc3aaee7{ip: 10.1.0.23, host: fv-az151-875.yf2hydr00wburbhx3j5hxtcipe.bx.internal.cloudapp.net, ports: [REPLICATION=39333, RATIS=35115, RATIS_ADMIN=35115, RATIS_SERVER=35115, STANDALONE=41693], networkLocation: /default-rack, certSerialId: null, persistedOpState: IN_SERVICE, persistedOpStateExpiryEpochSec: 0}, ReplicationConfig: RATIS/ONE, State:OPEN, leaderId:3ae4cb20-15ad-4779-a013-5b0fdc3aaee7, CreationTimestamp2021-11-05T13:00:06.985Z[Etc/UTC]] moved to CLOSED state
2021-11-05 13:01:31,548 [grpc-default-executor-6] WARN  server.GrpcLogAppender (LogUtils.java:warn(122)) - f0359a9b-bc21-4a61-b53d-8d2dd84c6fc1@group-479BF459BC53->76ef4e66-eace-4a3b-a369-d2a815523a61-AppendLogResponseHandler: Failed appendEntries: org.apache.ratis.thirdparty.io.grpc.StatusRuntimeException: UNAVAILABLE: io exception
2021-11-05 13:01:31,549 [grpc-default-executor-6] WARN  server.GrpcLogAppender (GrpcLogAppender.java:resetClient(110)) - f0359a9b-bc21-4a61-b53d-8d2dd84c6fc1@group-479BF459BC53->76ef4e66-eace-4a3b-a369-d2a815523a61-GrpcLogAppender: Leader has not got in touch with Follower f0359a9b-bc21-4a61-b53d-8d2dd84c6fc1@group-479BF459BC53->76ef4e66-eace-4a3b-a369-d2a815523a61(c-1,m0,n1, attendVote=true, lastRpcSendTime=2534, lastRpcResponseTime=15435) yet, just keep nextIndex unchanged and retry.
2021-11-05 13:01:31,627 [grpc-default-executor-6] WARN  server.GrpcLogAppender (LogUtils.java:warn(122)) - f0359a9b-bc21-4a61-b53d-8d2dd84c6fc1@group-479BF459BC53->3ae4cb20-15ad-4779-a013-5b0fdc3aaee7-AppendLogResponseHandler: Failed appendEntries: org.apache.ratis.thirdparty.io.grpc.StatusRuntimeException: UNAVAILABLE: io exception
2021-11-05 13:01:31,628 [grpc-default-executor-6] WARN  server.GrpcLogAppender (GrpcLogAppender.java:resetClient(110)) - f0359a9b-bc21-4a61-b53d-8d2dd84c6fc1@group-479BF459BC53->3ae4cb20-15ad-4779-a013-5b0fdc3aaee7-GrpcLogAppender: Leader has not got in touch with Follower f0359a9b-bc21-4a61-b53d-8d2dd84c6fc1@group-479BF459BC53->3ae4cb20-15ad-4779-a013-5b0fdc3aaee7(c0,m0,n1, attendVote=true, lastRpcSendTime=2508, lastRpcResponseTime=7547) yet, just keep nextIndex unchanged and retry.
2021-11-05 13:01:31,796 [f0359a9b-bc21-4a61-b53d-8d2dd84c6fc1@group-479BF459BC53-LeaderStateImpl] INFO  server.RaftServer$Division (LeaderStateImpl.java:yieldLeaderToHigherPriorityPeer(930)) - f0359a9b-bc21-4a61-b53d-8d2dd84c6fc1@group-479BF459BC53-LeaderStateImpl send StartLeaderElectionRequest to follower:76ef4e66-eace-4a3b-a369-d2a815523a61 on term:3 because follower's priority:1 is higher than leader's:0 and follower's lastEntry index:0 catch up with leader's:0
2021-11-05 13:01:31,832 [f0359a9b-bc21-4a61-b53d-8d2dd84c6fc1@group-479BF459BC53-LeaderStateImpl] WARN  server.RaftServer$Division (LeaderStateImpl.java:checkLeadership(974)) - f0359a9b-bc21-4a61-b53d-8d2dd84c6fc1@group-479BF459BC53-LeaderStateImpl: Lost leadership on term: 3. Election timeout: 5200ms. In charge for: 10519ms. Conf: 0: [f0359a9b-bc21-4a61-b53d-8d2dd84c6fc1|rpc:10.1.0.23:44285|dataStream:|priority:0, 76ef4e66-eace-4a3b-a369-d2a815523a61|rpc:10.1.0.23:41987|dataStream:|priority:1, 3ae4cb20-15ad-4779-a013-5b0fdc3aaee7|rpc:10.1.0.23:35115|dataStream:|priority:0], old=null
2021-11-05 13:01:31,832 [f0359a9b-bc21-4a61-b53d-8d2dd84c6fc1@group-479BF459BC53-LeaderStateImpl] WARN  server.RaftServer$Division (LeaderStateImpl.java:lambda$checkLeadership$15(978)) - Follower f0359a9b-bc21-4a61-b53d-8d2dd84c6fc1@group-479BF459BC53->76ef4e66-eace-4a3b-a369-d2a815523a61(c-1,m0,n1, attendVote=true, lastRpcSendTime=282, lastRpcResponseTime=15718)
2021-11-05 13:01:31,832 [f0359a9b-bc21-4a61-b53d-8d2dd84c6fc1@group-479BF459BC53-LeaderStateImpl] WARN  server.RaftServer$Division (LeaderStateImpl.java:lambda$checkLeadership$15(978)) - Follower f0359a9b-bc21-4a61-b53d-8d2dd84c6fc1@group-479BF459BC53->3ae4cb20-15ad-4779-a013-5b0fdc3aaee7(c0,m0,n1, attendVote=true, lastRpcSendTime=203, lastRpcResponseTime=7751)
2021-11-05 13:01:31,832 [f0359a9b-bc21-4a61-b53d-8d2dd84c6fc1@group-479BF459BC53-LeaderStateImpl] INFO  server.RaftServer$Division (RaftServerImpl.java:setRole(290)) - f0359a9b-bc21-4a61-b53d-8d2dd84c6fc1@group-479BF459BC53: changes role from    LEADER to FOLLOWER at term 3 for StepDownReason:LOST_MAJORITY_HEARTBEATS
2021-11-05 13:01:31,832 [f0359a9b-bc21-4a61-b53d-8d2dd84c6fc1@group-479BF459BC53-LeaderStateImpl] INFO  impl.RoleInfo (RoleInfo.java:shutdownLeaderState(91)) - f0359a9b-bc21-4a61-b53d-8d2dd84c6fc1: shutdown f0359a9b-bc21-4a61-b53d-8d2dd84c6fc1@group-479BF459BC53-LeaderStateImpl
2021-11-05 13:01:31,832 [f0359a9b-bc21-4a61-b53d-8d2dd84c6fc1@group-479BF459BC53-LeaderStateImpl] INFO  impl.PendingRequests (PendingRequests.java:sendNotLeaderResponses(282)) - f0359a9b-bc21-4a61-b53d-8d2dd84c6fc1@group-479BF459BC53-PendingRequests: sendNotLeaderResponses
2021-11-05 13:01:31,833 [f0359a9b-bc21-4a61-b53d-8d2dd84c6fc1@group-479BF459BC53-LeaderStateImpl] INFO  impl.RoleInfo (RoleInfo.java:updateAndGet(130)) - f0359a9b-bc21-4a61-b53d-8d2dd84c6fc1: start f0359a9b-bc21-4a61-b53d-8d2dd84c6fc1@group-479BF459BC53-FollowerState
2021-11-05 13:01:32,668 [EventQueue-DeadNodeForDeadNodeHandler] INFO  node.DeadNodeHandler (DeadNodeHandler.java:onMessage(80)) - A dead datanode is detected. 76ef4e66-eace-4a3b-a369-d2a815523a61{ip: 10.1.0.23, host: fv-az151-875.yf2hydr00wburbhx3j5hxtcipe.bx.internal.cloudapp.net, ports: [REPLICATION=43087, RATIS=41987, RATIS_ADMIN=41987, RATIS_SERVER=41987, STANDALONE=45779], networkLocation: /default-rack, certSerialId: null, persistedOpState: IN_SERVICE, persistedOpStateExpiryEpochSec: 0}
2021-11-05 13:01:32,669 [EventQueue-DeadNodeForDeadNodeHandler] INFO  pipeline.RatisPipelineProvider (RatisPipelineProvider.java:lambda$close$1(222)) - Send pipeline:PipelineID=bd35d69c-0ad6-4da9-8c62-479bf459bc53 close command to datanode 76ef4e66-eace-4a3b-a369-d2a815523a61
2021-11-05 13:01:32,669 [EventQueue-DeadNodeForDeadNodeHandler] INFO  pipeline.RatisPipelineProvider (RatisPipelineProvider.java:lambda$close$1(222)) - Send pipeline:PipelineID=bd35d69c-0ad6-4da9-8c62-479bf459bc53 close command to datanode 3ae4cb20-15ad-4779-a013-5b0fdc3aaee7
2021-11-05 13:01:32,669 [EventQueue-DeadNodeForDeadNodeHandler] INFO  pipeline.RatisPipelineProvider (RatisPipelineProvider.java:lambda$close$1(222)) - Send pipeline:PipelineID=bd35d69c-0ad6-4da9-8c62-479bf459bc53 close command to datanode f0359a9b-bc21-4a61-b53d-8d2dd84c6fc1
2021-11-05 13:01:32,669 [EventQueue-DeadNodeForDeadNodeHandler] INFO  pipeline.PipelineStateManagerImpl (PipelineStateManagerImpl.java:removePipeline(223)) - Pipeline Pipeline[ Id: bd35d69c-0ad6-4da9-8c62-479bf459bc53, Nodes: 76ef4e66-eace-4a3b-a369-d2a815523a61{ip: 10.1.0.23, host: fv-az151-875.yf2hydr00wburbhx3j5hxtcipe.bx.internal.cloudapp.net, ports: [REPLICATION=43087, RATIS=41987, RATIS_ADMIN=41987, RATIS_SERVER=41987, STANDALONE=45779], networkLocation: /default-rack, certSerialId: null, persistedOpState: IN_SERVICE, persistedOpStateExpiryEpochSec: 0}3ae4cb20-15ad-4779-a013-5b0fdc3aaee7{ip: 10.1.0.23, host: fv-az151-875.yf2hydr00wburbhx3j5hxtcipe.bx.internal.cloudapp.net, ports: [REPLICATION=39333, RATIS=35115, RATIS_ADMIN=35115, RATIS_SERVER=35115, STANDALONE=41693], networkLocation: /default-rack, certSerialId: null, persistedOpState: IN_SERVICE, persistedOpStateExpiryEpochSec: 0}f0359a9b-bc21-4a61-b53d-8d2dd84c6fc1{ip: 10.1.0.23, host: fv-az151-875.yf2hydr00wburbhx3j5hxtcipe.bx.internal.cloudapp.net, ports: [REPLICATION=42685, RATIS=44285, RATIS_ADMIN=44285, RATIS_SERVER=44285, STANDALONE=43041], networkLocation: /default-rack, certSerialId: null, persistedOpState: IN_SERVICE, persistedOpStateExpiryEpochSec: 0}, ReplicationConfig: RATIS/THREE, State:CLOSED, leaderId:f0359a9b-bc21-4a61-b53d-8d2dd84c6fc1, CreationTimestamp2021-11-05T13:01:03.239Z[Etc/UTC]] removed.
2021-11-05 13:01:32,669 [EventQueue-DeadNodeForDeadNodeHandler] INFO  pipeline.RatisPipelineProvider (RatisPipelineProvider.java:lambda$close$1(222)) - Send pipeline:PipelineID=50461385-cd45-4a49-8d47-31ba9bbb3b71 close command to datanode 76ef4e66-eace-4a3b-a369-d2a815523a61
2021-11-05 13:01:32,669 [EventQueue-DeadNodeForDeadNodeHandler] INFO  pipeline.PipelineStateManagerImpl (PipelineStateManagerImpl.java:removePipeline(223)) - Pipeline Pipeline[ Id: 50461385-cd45-4a49-8d47-31ba9bbb3b71, Nodes: 76ef4e66-eace-4a3b-a369-d2a815523a61{ip: 10.1.0.23, host: fv-az151-875.yf2hydr00wburbhx3j5hxtcipe.bx.internal.cloudapp.net, ports: [REPLICATION=43087, RATIS=41987, RATIS_ADMIN=41987, RATIS_SERVER=41987, STANDALONE=45779], networkLocation: /default-rack, certSerialId: null, persistedOpState: IN_SERVICE, persistedOpStateExpiryEpochSec: 0}, ReplicationConfig: RATIS/ONE, State:CLOSED, leaderId:76ef4e66-eace-4a3b-a369-d2a815523a61, CreationTimestamp2021-11-05T13:01:03.236Z[Etc/UTC]] removed.
2021-11-05 13:01:32,669 [EventQueue-DeadNodeForDeadNodeHandler] INFO  net.NetworkTopologyImpl (NetworkTopologyImpl.java:remove(137)) - Removed a node: /default-rack/76ef4e66-eace-4a3b-a369-d2a815523a61
2021-11-05 13:01:34,622 [Listener at 127.0.0.1/42119] INFO  ozoneimpl.OzoneContainer (OzoneContainer.java:stop(325)) - Attempting to stop container services.
2021-11-05 13:01:34,623 [Listener at 127.0.0.1/42119] INFO  server.RaftServer (RaftServerProxy.java:lambda$close$6(391)) - f0359a9b-bc21-4a61-b53d-8d2dd84c6fc1: close
2021-11-05 13:01:34,624 [Listener at 127.0.0.1/42119] INFO  server.RaftServer$Division (RaftServerImpl.java:lambda$close$4(412)) - f0359a9b-bc21-4a61-b53d-8d2dd84c6fc1@group-479BF459BC53: shutdown
2021-11-05 13:01:34,624 [Listener at 127.0.0.1/42119] INFO  util.JmxRegister (JmxRegister.java:unregister(73)) - Successfully un-registered JMX Bean with object name Ratis:service=RaftServer,group=group-479BF459BC53,id=f0359a9b-bc21-4a61-b53d-8d2dd84c6fc1
2021-11-05 13:01:34,624 [Listener at 127.0.0.1/42119] INFO  impl.RoleInfo (RoleInfo.java:shutdownFollowerState(108)) - f0359a9b-bc21-4a61-b53d-8d2dd84c6fc1: shutdown f0359a9b-bc21-4a61-b53d-8d2dd84c6fc1@group-479BF459BC53-FollowerState
2021-11-05 13:01:34,624 [Listener at 127.0.0.1/42119] INFO  impl.StateMachineUpdater (StateMachineUpdater.java:stopAndJoin(149)) - f0359a9b-bc21-4a61-b53d-8d2dd84c6fc1@group-479BF459BC53-StateMachineUpdater: set stopIndex = 0
2021-11-05 13:01:34,624 [f0359a9b-bc21-4a61-b53d-8d2dd84c6fc1@group-479BF459BC53-FollowerState] INFO  impl.FollowerState (FollowerState.java:run(143)) - f0359a9b-bc21-4a61-b53d-8d2dd84c6fc1@group-479BF459BC53-FollowerState was interrupted: {}
java.lang.InterruptedException: sleep interrupted
	at java.lang.Thread.sleep(Native Method)
	at java.lang.Thread.sleep(Thread.java:340)
	at java.util.concurrent.TimeUnit.sleep(TimeUnit.java:386)
	at org.apache.ratis.util.TimeDuration.sleep(TimeDuration.java:324)
	at org.apache.ratis.util.TimeDuration.sleep(TimeDuration.java:309)
	at org.apache.ratis.server.impl.FollowerState.run(FollowerState.java:118)
2021-11-05 13:01:34,625 [f0359a9b-bc21-4a61-b53d-8d2dd84c6fc1@group-479BF459BC53-StateMachineUpdater] INFO  ratis.ContainerStateMachine (ContainerStateMachine.java:takeSnapshot(292)) - group-479BF459BC53: Taking a snapshot at:(t:3, i:0) file /home/runner/work/ozone/ozone/hadoop-ozone/integration-test/target/test-dir/MiniOzoneClusterImpl-bdf76210-3e21-404e-9e17-65b92aec9f1a/datanode-6/data/ratis/bd35d69c-0ad6-4da9-8c62-479bf459bc53/sm/snapshot.3_0
2021-11-05 13:01:34,629 [f0359a9b-bc21-4a61-b53d-8d2dd84c6fc1@group-479BF459BC53-StateMachineUpdater] INFO  ratis.ContainerStateMachine (ContainerStateMachine.java:takeSnapshot(303)) - group-479BF459BC53: Finished taking a snapshot at:(t:3, i:0) file:/home/runner/work/ozone/ozone/hadoop-ozone/integration-test/target/test-dir/MiniOzoneClusterImpl-bdf76210-3e21-404e-9e17-65b92aec9f1a/datanode-6/data/ratis/bd35d69c-0ad6-4da9-8c62-479bf459bc53/sm/snapshot.3_0 took: 4 ms
2021-11-05 13:01:34,629 [f0359a9b-bc21-4a61-b53d-8d2dd84c6fc1@group-479BF459BC53-StateMachineUpdater] INFO  impl.StateMachineUpdater (StateMachineUpdater.java:takeSnapshot(281)) - f0359a9b-bc21-4a61-b53d-8d2dd84c6fc1@group-479BF459BC53-StateMachineUpdater: Took a snapshot at index 0
2021-11-05 13:01:34,629 [f0359a9b-bc21-4a61-b53d-8d2dd84c6fc1@group-479BF459BC53-StateMachineUpdater] INFO  impl.StateMachineUpdater (StateMachineUpdater.java:lambda$new$0(89)) - f0359a9b-bc21-4a61-b53d-8d2dd84c6fc1@group-479BF459BC53-StateMachineUpdater: snapshotIndex: updateIncreasingly -1 -> 0
2021-11-05 13:01:34,629 [Listener at 127.0.0.1/42119] INFO  server.RaftServer$Division (ServerState.java:close(419)) - f0359a9b-bc21-4a61-b53d-8d2dd84c6fc1@group-479BF459BC53: closes. applyIndex: 0
2021-11-05 13:01:34,629 [f0359a9b-bc21-4a61-b53d-8d2dd84c6fc1@group-479BF459BC53-SegmentedRaftLogWorker] INFO  segmented.SegmentedRaftLogWorker (SegmentedRaftLogWorker.java:run(327)) - f0359a9b-bc21-4a61-b53d-8d2dd84c6fc1@group-479BF459BC53-SegmentedRaftLogWorker was interrupted, exiting. There are 0 tasks remaining in the queue.
2021-11-05 13:01:34,632 [Listener at 127.0.0.1/42119] INFO  segmented.SegmentedRaftLogWorker (SegmentedRaftLogWorker.java:close(237)) - f0359a9b-bc21-4a61-b53d-8d2dd84c6fc1@group-479BF459BC53-SegmentedRaftLogWorker close()
2021-11-05 13:01:34,632 [Listener at 127.0.0.1/42119] INFO  server.RaftServer$Division (RaftServerImpl.java:lambda$close$4(412)) - f0359a9b-bc21-4a61-b53d-8d2dd84c6fc1@group-95BEF8C5E0E6: shutdown
2021-11-05 13:01:34,632 [Listener at 127.0.0.1/42119] INFO  util.JmxRegister (JmxRegister.java:unregister(73)) - Successfully un-registered JMX Bean with object name Ratis:service=RaftServer,group=group-95BEF8C5E0E6,id=f0359a9b-bc21-4a61-b53d-8d2dd84c6fc1
2021-11-05 13:01:34,632 [Listener at 127.0.0.1/42119] INFO  impl.RoleInfo (RoleInfo.java:shutdownLeaderState(91)) - f0359a9b-bc21-4a61-b53d-8d2dd84c6fc1: shutdown f0359a9b-bc21-4a61-b53d-8d2dd84c6fc1@group-95BEF8C5E0E6-LeaderStateImpl
2021-11-05 13:01:34,632 [Listener at 127.0.0.1/42119] INFO  impl.PendingRequests (PendingRequests.java:sendNotLeaderResponses(282)) - f0359a9b-bc21-4a61-b53d-8d2dd84c6fc1@group-95BEF8C5E0E6-PendingRequests: sendNotLeaderResponses
2021-11-05 13:01:34,634 [f0359a9b-bc21-4a61-b53d-8d2dd84c6fc1@group-95BEF8C5E0E6-StateMachineUpdater] INFO  ratis.ContainerStateMachine (ContainerStateMachine.java:takeSnapshot(292)) - group-95BEF8C5E0E6: Taking a snapshot at:(t:1, i:0) file /home/runner/work/ozone/ozone/hadoop-ozone/integration-test/target/test-dir/MiniOzoneClusterImpl-bdf76210-3e21-404e-9e17-65b92aec9f1a/datanode-6/data/ratis/d9c3e9e1-c8f8-4483-839d-95bef8c5e0e6/sm/snapshot.1_0
2021-11-05 13:01:34,634 [Listener at 127.0.0.1/42119] INFO  impl.StateMachineUpdater (StateMachineUpdater.java:stopAndJoin(149)) - f0359a9b-bc21-4a61-b53d-8d2dd84c6fc1@group-95BEF8C5E0E6-StateMachineUpdater: set stopIndex = 0
2021-11-05 13:01:34,639 [f0359a9b-bc21-4a61-b53d-8d2dd84c6fc1@group-95BEF8C5E0E6-StateMachineUpdater] INFO  ratis.ContainerStateMachine (ContainerStateMachine.java:takeSnapshot(303)) - group-95BEF8C5E0E6: Finished taking a snapshot at:(t:1, i:0) file:/home/runner/work/ozone/ozone/hadoop-ozone/integration-test/target/test-dir/MiniOzoneClusterImpl-bdf76210-3e21-404e-9e17-65b92aec9f1a/datanode-6/data/ratis/d9c3e9e1-c8f8-4483-839d-95bef8c5e0e6/sm/snapshot.1_0 took: 5 ms
2021-11-05 13:01:34,639 [f0359a9b-bc21-4a61-b53d-8d2dd84c6fc1@group-95BEF8C5E0E6-StateMachineUpdater] INFO  impl.StateMachineUpdater (StateMachineUpdater.java:takeSnapshot(281)) - f0359a9b-bc21-4a61-b53d-8d2dd84c6fc1@group-95BEF8C5E0E6-StateMachineUpdater: Took a snapshot at index 0
2021-11-05 13:01:34,639 [f0359a9b-bc21-4a61-b53d-8d2dd84c6fc1@group-95BEF8C5E0E6-StateMachineUpdater] INFO  impl.StateMachineUpdater (StateMachineUpdater.java:lambda$new$0(89)) - f0359a9b-bc21-4a61-b53d-8d2dd84c6fc1@group-95BEF8C5E0E6-StateMachineUpdater: snapshotIndex: updateIncreasingly -1 -> 0
2021-11-05 13:01:34,639 [Listener at 127.0.0.1/42119] INFO  server.RaftServer$Division (ServerState.java:close(419)) - f0359a9b-bc21-4a61-b53d-8d2dd84c6fc1@group-95BEF8C5E0E6: closes. applyIndex: 0
2021-11-05 13:01:34,640 [f0359a9b-bc21-4a61-b53d-8d2dd84c6fc1@group-95BEF8C5E0E6-SegmentedRaftLogWorker] INFO  segmented.SegmentedRaftLogWorker (SegmentedRaftLogWorker.java:run(327)) - f0359a9b-bc21-4a61-b53d-8d2dd84c6fc1@group-95BEF8C5E0E6-SegmentedRaftLogWorker was interrupted, exiting. There are 0 tasks remaining in the queue.
2021-11-05 13:01:34,640 [Listener at 127.0.0.1/42119] INFO  segmented.SegmentedRaftLogWorker (SegmentedRaftLogWorker.java:close(237)) - f0359a9b-bc21-4a61-b53d-8d2dd84c6fc1@group-95BEF8C5E0E6-SegmentedRaftLogWorker close()
2021-11-05 13:01:34,640 [Listener at 127.0.0.1/42119] INFO  server.GrpcService (GrpcService.java:closeImpl(262)) - f0359a9b-bc21-4a61-b53d-8d2dd84c6fc1: shutdown server with port 44285 now
2021-11-05 13:01:34,682 [Listener at 127.0.0.1/42119] INFO  server.GrpcService (GrpcService.java:closeImpl(271)) - f0359a9b-bc21-4a61-b53d-8d2dd84c6fc1: shutdown server with port 44285 successfully
2021-11-05 13:01:34,683 [org.apache.ratis.util.JvmPauseMonitor$$Lambda$531/328699815@756f7534] INFO  util.JvmPauseMonitor (JvmPauseMonitor.java:run(109)) - JvmPauseMonitor-f0359a9b-bc21-4a61-b53d-8d2dd84c6fc1: Stopped
2021-11-05 13:01:34,683 [Listener at 127.0.0.1/42119] INFO  utils.BackgroundService (BackgroundService.java:shutdown(132)) - Shutting down service BlockDeletingService
2021-11-05 13:01:37,704 [Listener at 127.0.0.1/42119] INFO  statemachine.DatanodeStateMachine (DatanodeStateMachine.java:stopDaemon(526)) - Ozone container server stopped.
2021-11-05 13:01:37,705 [Listener at 127.0.0.1/42119] INFO  handler.ContextHandler (ContextHandler.java:doStop(1153)) - Stopped o.e.j.w.WebAppContext@7cbd1440{hddsDatanode,/,null,STOPPED}{jar:file:/home/runner/.m2/repository/org/apache/ozone/hdds-container-service/1.2.0-SNAPSHOT/hdds-container-service-1.2.0-SNAPSHOT.jar!/webapps/hddsDatanode}
2021-11-05 13:01:37,705 [Listener at 127.0.0.1/42119] INFO  server.AbstractConnector (AbstractConnector.java:doStop(381)) - Stopped ServerConnector@6c644275{HTTP/1.1, (http/1.1)}{0.0.0.0:0}
2021-11-05 13:01:37,706 [Listener at 127.0.0.1/42119] INFO  server.session (HouseKeeper.java:stopScavenging(149)) - node0 Stopped scavenging
2021-11-05 13:01:37,706 [Listener at 127.0.0.1/42119] INFO  handler.ContextHandler (ContextHandler.java:doStop(1153)) - Stopped o.e.j.s.ServletContextHandler@51121b6e{static,/static,jar:file:/home/runner/.m2/repository/org/apache/ozone/hdds-container-service/1.2.0-SNAPSHOT/hdds-container-service-1.2.0-SNAPSHOT.jar!/webapps/static,STOPPED}
2021-11-05 13:01:37,706 [Listener at 127.0.0.1/42119] INFO  handler.ContextHandler (ContextHandler.java:doStop(1153)) - Stopped o.e.j.s.ServletContextHandler@296eecf8{logs,/logs,file:///home/runner/work/ozone/ozone/hadoop-ozone/integration-test/target/log,STOPPED}
2021-11-05 13:01:39,416 [EventQueue-StaleNodeForStaleNodeHandler] INFO  node.StaleNodeHandler (StaleNodeHandler.java:onMessage(58)) - Datanode f0359a9b-bc21-4a61-b53d-8d2dd84c6fc1{ip: 10.1.0.23, host: fv-az151-875.yf2hydr00wburbhx3j5hxtcipe.bx.internal.cloudapp.net, ports: [REPLICATION=42685, RATIS=44285, RATIS_ADMIN=44285, RATIS_SERVER=44285, STANDALONE=43041], networkLocation: /default-rack, certSerialId: null, persistedOpState: IN_SERVICE, persistedOpStateExpiryEpochSec: 0} moved to stale state. Finalizing its pipelines [PipelineID=d9c3e9e1-c8f8-4483-839d-95bef8c5e0e6]
2021-11-05 13:01:39,416 [EventQueue-StaleNodeForStaleNodeHandler] INFO  pipeline.PipelineManagerImpl (PipelineManagerImpl.java:closePipeline(349)) - Pipeline Pipeline[ Id: d9c3e9e1-c8f8-4483-839d-95bef8c5e0e6, Nodes: f0359a9b-bc21-4a61-b53d-8d2dd84c6fc1{ip: 10.1.0.23, host: fv-az151-875.yf2hydr00wburbhx3j5hxtcipe.bx.internal.cloudapp.net, ports: [REPLICATION=42685, RATIS=44285, RATIS_ADMIN=44285, RATIS_SERVER=44285, STANDALONE=43041], networkLocation: /default-rack, certSerialId: null, persistedOpState: IN_SERVICE, persistedOpStateExpiryEpochSec: 0}, ReplicationConfig: RATIS/ONE, State:OPEN, leaderId:f0359a9b-bc21-4a61-b53d-8d2dd84c6fc1, CreationTimestamp2021-11-05T13:00:10.358Z[Etc/UTC]] moved to CLOSED state
2021-11-05 13:01:40,944 [EventQueue-DeadNodeForDeadNodeHandler] INFO  node.DeadNodeHandler (DeadNodeHandler.java:onMessage(80)) - A dead datanode is detected. 3ae4cb20-15ad-4779-a013-5b0fdc3aaee7{ip: 10.1.0.23, host: fv-az151-875.yf2hydr00wburbhx3j5hxtcipe.bx.internal.cloudapp.net, ports: [REPLICATION=39333, RATIS=35115, RATIS_ADMIN=35115, RATIS_SERVER=35115, STANDALONE=41693], networkLocation: /default-rack, certSerialId: null, persistedOpState: IN_SERVICE, persistedOpStateExpiryEpochSec: 0}
2021-11-05 13:01:40,944 [EventQueue-DeadNodeForDeadNodeHandler] INFO  pipeline.RatisPipelineProvider (RatisPipelineProvider.java:lambda$close$1(222)) - Send pipeline:PipelineID=9f515d6c-93a5-42ab-b8a3-79a4ecc5e59f close command to datanode 3ae4cb20-15ad-4779-a013-5b0fdc3aaee7
2021-11-05 13:01:40,944 [EventQueue-DeadNodeForDeadNodeHandler] INFO  pipeline.PipelineStateManagerImpl (PipelineStateManagerImpl.java:removePipeline(223)) - Pipeline Pipeline[ Id: 9f515d6c-93a5-42ab-b8a3-79a4ecc5e59f, Nodes: 3ae4cb20-15ad-4779-a013-5b0fdc3aaee7{ip: 10.1.0.23, host: fv-az151-875.yf2hydr00wburbhx3j5hxtcipe.bx.internal.cloudapp.net, ports: [REPLICATION=39333, RATIS=35115, RATIS_ADMIN=35115, RATIS_SERVER=35115, STANDALONE=41693], networkLocation: /default-rack, certSerialId: null, persistedOpState: IN_SERVICE, persistedOpStateExpiryEpochSec: 0}, ReplicationConfig: RATIS/ONE, State:CLOSED, leaderId:3ae4cb20-15ad-4779-a013-5b0fdc3aaee7, CreationTimestamp2021-11-05T13:00:06.985Z[Etc/UTC]] removed.
2021-11-05 13:01:40,944 [EventQueue-DeadNodeForDeadNodeHandler] INFO  net.NetworkTopologyImpl (NetworkTopologyImpl.java:remove(137)) - Removed a node: /default-rack/3ae4cb20-15ad-4779-a013-5b0fdc3aaee7
2021-11-05 13:01:42,708 [Listener at 127.0.0.1/42119] INFO  ozoneimpl.OzoneContainer (OzoneContainer.java:stop(325)) - Attempting to stop container services.
2021-11-05 13:01:42,709 [Listener at 127.0.0.1/42119] INFO  server.RaftServer (RaftServerProxy.java:lambda$close$6(391)) - 04351296-bb31-4c39-8b7c-2fcea1114805: close
2021-11-05 13:01:42,709 [Listener at 127.0.0.1/42119] INFO  server.RaftServer$Division (RaftServerImpl.java:lambda$close$4(412)) - 04351296-bb31-4c39-8b7c-2fcea1114805@group-5696FCACB92B: shutdown
2021-11-05 13:01:42,709 [Listener at 127.0.0.1/42119] INFO  util.JmxRegister (JmxRegister.java:unregister(73)) - Successfully un-registered JMX Bean with object name Ratis:service=RaftServer,group=group-5696FCACB92B,id=04351296-bb31-4c39-8b7c-2fcea1114805
2021-11-05 13:01:42,709 [Listener at 127.0.0.1/42119] INFO  impl.RoleInfo (RoleInfo.java:shutdownLeaderState(91)) - 04351296-bb31-4c39-8b7c-2fcea1114805: shutdown 04351296-bb31-4c39-8b7c-2fcea1114805@group-5696FCACB92B-LeaderStateImpl
2021-11-05 13:01:42,709 [Listener at 127.0.0.1/42119] INFO  impl.PendingRequests (PendingRequests.java:sendNotLeaderResponses(282)) - 04351296-bb31-4c39-8b7c-2fcea1114805@group-5696FCACB92B-PendingRequests: sendNotLeaderResponses
2021-11-05 13:01:42,710 [Listener at 127.0.0.1/42119] INFO  impl.StateMachineUpdater (StateMachineUpdater.java:stopAndJoin(149)) - 04351296-bb31-4c39-8b7c-2fcea1114805@group-5696FCACB92B-StateMachineUpdater: set stopIndex = 0
2021-11-05 13:01:42,710 [04351296-bb31-4c39-8b7c-2fcea1114805@group-5696FCACB92B-StateMachineUpdater] INFO  ratis.ContainerStateMachine (ContainerStateMachine.java:takeSnapshot(292)) - group-5696FCACB92B: Taking a snapshot at:(t:1, i:0) file /home/runner/work/ozone/ozone/hadoop-ozone/integration-test/target/test-dir/MiniOzoneClusterImpl-bdf76210-3e21-404e-9e17-65b92aec9f1a/datanode-5/data/ratis/4734e41e-899c-454a-8436-5696fcacb92b/sm/snapshot.1_0
2021-11-05 13:01:42,711 [04351296-bb31-4c39-8b7c-2fcea1114805@group-5696FCACB92B-StateMachineUpdater] INFO  ratis.ContainerStateMachine (ContainerStateMachine.java:takeSnapshot(303)) - group-5696FCACB92B: Finished taking a snapshot at:(t:1, i:0) file:/home/runner/work/ozone/ozone/hadoop-ozone/integration-test/target/test-dir/MiniOzoneClusterImpl-bdf76210-3e21-404e-9e17-65b92aec9f1a/datanode-5/data/ratis/4734e41e-899c-454a-8436-5696fcacb92b/sm/snapshot.1_0 took: 1 ms
2021-11-05 13:01:42,711 [04351296-bb31-4c39-8b7c-2fcea1114805@group-5696FCACB92B-StateMachineUpdater] INFO  impl.StateMachineUpdater (StateMachineUpdater.java:takeSnapshot(281)) - 04351296-bb31-4c39-8b7c-2fcea1114805@group-5696FCACB92B-StateMachineUpdater: Took a snapshot at index 0
2021-11-05 13:01:42,712 [04351296-bb31-4c39-8b7c-2fcea1114805@group-5696FCACB92B-StateMachineUpdater] INFO  impl.StateMachineUpdater (StateMachineUpdater.java:lambda$new$0(89)) - 04351296-bb31-4c39-8b7c-2fcea1114805@group-5696FCACB92B-StateMachineUpdater: snapshotIndex: updateIncreasingly -1 -> 0
2021-11-05 13:01:42,716 [Listener at 127.0.0.1/42119] INFO  server.RaftServer$Division (ServerState.java:close(419)) - 04351296-bb31-4c39-8b7c-2fcea1114805@group-5696FCACB92B: closes. applyIndex: 0
2021-11-05 13:01:42,717 [04351296-bb31-4c39-8b7c-2fcea1114805@group-5696FCACB92B-SegmentedRaftLogWorker] INFO  segmented.SegmentedRaftLogWorker (SegmentedRaftLogWorker.java:run(327)) - 04351296-bb31-4c39-8b7c-2fcea1114805@group-5696FCACB92B-SegmentedRaftLogWorker was interrupted, exiting. There are 0 tasks remaining in the queue.
2021-11-05 13:01:42,717 [Listener at 127.0.0.1/42119] INFO  segmented.SegmentedRaftLogWorker (SegmentedRaftLogWorker.java:close(237)) - 04351296-bb31-4c39-8b7c-2fcea1114805@group-5696FCACB92B-SegmentedRaftLogWorker close()
2021-11-05 13:01:42,717 [Listener at 127.0.0.1/42119] INFO  server.GrpcService (GrpcService.java:closeImpl(262)) - 04351296-bb31-4c39-8b7c-2fcea1114805: shutdown server with port 43337 now
2021-11-05 13:01:42,761 [Listener at 127.0.0.1/42119] INFO  server.GrpcService (GrpcService.java:closeImpl(271)) - 04351296-bb31-4c39-8b7c-2fcea1114805: shutdown server with port 43337 successfully
2021-11-05 13:01:42,761 [org.apache.ratis.util.JvmPauseMonitor$$Lambda$531/328699815@640af704] INFO  util.JvmPauseMonitor (JvmPauseMonitor.java:run(109)) - JvmPauseMonitor-04351296-bb31-4c39-8b7c-2fcea1114805: Stopped
2021-11-05 13:01:42,804 [Listener at 127.0.0.1/42119] INFO  utils.BackgroundService (BackgroundService.java:shutdown(132)) - Shutting down service BlockDeletingService
2021-11-05 13:01:45,807 [Listener at 127.0.0.1/42119] INFO  statemachine.DatanodeStateMachine (DatanodeStateMachine.java:stopDaemon(526)) - Ozone container server stopped.
2021-11-05 13:01:45,808 [Listener at 127.0.0.1/42119] INFO  handler.ContextHandler (ContextHandler.java:doStop(1153)) - Stopped o.e.j.w.WebAppContext@782cd87a{hddsDatanode,/,null,STOPPED}{jar:file:/home/runner/.m2/repository/org/apache/ozone/hdds-container-service/1.2.0-SNAPSHOT/hdds-container-service-1.2.0-SNAPSHOT.jar!/webapps/hddsDatanode}
2021-11-05 13:01:45,809 [Listener at 127.0.0.1/42119] INFO  server.AbstractConnector (AbstractConnector.java:doStop(381)) - Stopped ServerConnector@4efd8081{HTTP/1.1, (http/1.1)}{0.0.0.0:0}
2021-11-05 13:01:45,809 [Listener at 127.0.0.1/42119] INFO  server.session (HouseKeeper.java:stopScavenging(149)) - node0 Stopped scavenging
2021-11-05 13:01:45,809 [Listener at 127.0.0.1/42119] INFO  handler.ContextHandler (ContextHandler.java:doStop(1153)) - Stopped o.e.j.s.ServletContextHandler@25e4de78{static,/static,jar:file:/home/runner/.m2/repository/org/apache/ozone/hdds-container-service/1.2.0-SNAPSHOT/hdds-container-service-1.2.0-SNAPSHOT.jar!/webapps/static,STOPPED}
2021-11-05 13:01:45,809 [Listener at 127.0.0.1/42119] INFO  handler.ContextHandler (ContextHandler.java:doStop(1153)) - Stopped o.e.j.s.ServletContextHandler@7e9b1fd2{logs,/logs,file:///home/runner/work/ozone/ozone/hadoop-ozone/integration-test/target/log,STOPPED}
2021-11-05 13:01:47,419 [EventQueue-StaleNodeForStaleNodeHandler] INFO  node.StaleNodeHandler (StaleNodeHandler.java:onMessage(58)) - Datanode 04351296-bb31-4c39-8b7c-2fcea1114805{ip: 10.1.0.23, host: fv-az151-875.yf2hydr00wburbhx3j5hxtcipe.bx.internal.cloudapp.net, ports: [REPLICATION=40621, RATIS=43337, RATIS_ADMIN=43337, RATIS_SERVER=43337, STANDALONE=45289], networkLocation: /default-rack, certSerialId: null, persistedOpState: IN_SERVICE, persistedOpStateExpiryEpochSec: 0} moved to stale state. Finalizing its pipelines [PipelineID=4734e41e-899c-454a-8436-5696fcacb92b]
2021-11-05 13:01:47,420 [EventQueue-StaleNodeForStaleNodeHandler] INFO  pipeline.PipelineManagerImpl (PipelineManagerImpl.java:closePipeline(349)) - Pipeline Pipeline[ Id: 4734e41e-899c-454a-8436-5696fcacb92b, Nodes: 04351296-bb31-4c39-8b7c-2fcea1114805{ip: 10.1.0.23, host: fv-az151-875.yf2hydr00wburbhx3j5hxtcipe.bx.internal.cloudapp.net, ports: [REPLICATION=40621, RATIS=43337, RATIS_ADMIN=43337, RATIS_SERVER=43337, STANDALONE=45289], networkLocation: /default-rack, certSerialId: null, persistedOpState: IN_SERVICE, persistedOpStateExpiryEpochSec: 0}, ReplicationConfig: RATIS/ONE, State:OPEN, leaderId:04351296-bb31-4c39-8b7c-2fcea1114805, CreationTimestamp2021-11-05T13:00:09.474Z[Etc/UTC]] moved to CLOSED state
2021-11-05 13:01:49,332 [EventQueue-DeadNodeForDeadNodeHandler] INFO  node.DeadNodeHandler (DeadNodeHandler.java:onMessage(80)) - A dead datanode is detected. f0359a9b-bc21-4a61-b53d-8d2dd84c6fc1{ip: 10.1.0.23, host: fv-az151-875.yf2hydr00wburbhx3j5hxtcipe.bx.internal.cloudapp.net, ports: [REPLICATION=42685, RATIS=44285, RATIS_ADMIN=44285, RATIS_SERVER=44285, STANDALONE=43041], networkLocation: /default-rack, certSerialId: null, persistedOpState: IN_SERVICE, persistedOpStateExpiryEpochSec: 0}
2021-11-05 13:01:49,332 [EventQueue-DeadNodeForDeadNodeHandler] INFO  pipeline.RatisPipelineProvider (RatisPipelineProvider.java:lambda$close$1(222)) - Send pipeline:PipelineID=d9c3e9e1-c8f8-4483-839d-95bef8c5e0e6 close command to datanode f0359a9b-bc21-4a61-b53d-8d2dd84c6fc1
2021-11-05 13:01:49,333 [EventQueue-DeadNodeForDeadNodeHandler] INFO  pipeline.PipelineStateManagerImpl (PipelineStateManagerImpl.java:removePipeline(223)) - Pipeline Pipeline[ Id: d9c3e9e1-c8f8-4483-839d-95bef8c5e0e6, Nodes: f0359a9b-bc21-4a61-b53d-8d2dd84c6fc1{ip: 10.1.0.23, host: fv-az151-875.yf2hydr00wburbhx3j5hxtcipe.bx.internal.cloudapp.net, ports: [REPLICATION=42685, RATIS=44285, RATIS_ADMIN=44285, RATIS_SERVER=44285, STANDALONE=43041], networkLocation: /default-rack, certSerialId: null, persistedOpState: IN_SERVICE, persistedOpStateExpiryEpochSec: 0}, ReplicationConfig: RATIS/ONE, State:CLOSED, leaderId:f0359a9b-bc21-4a61-b53d-8d2dd84c6fc1, CreationTimestamp2021-11-05T13:00:10.358Z[Etc/UTC]] removed.
2021-11-05 13:01:49,333 [EventQueue-DeadNodeForDeadNodeHandler] INFO  net.NetworkTopologyImpl (NetworkTopologyImpl.java:remove(137)) - Removed a node: /default-rack/f0359a9b-bc21-4a61-b53d-8d2dd84c6fc1
2021-11-05 13:01:50,811 [Listener at 127.0.0.1/42119] INFO  ozoneimpl.OzoneContainer (OzoneContainer.java:stop(325)) - Attempting to stop container services.
2021-11-05 13:01:50,812 [Listener at 127.0.0.1/42119] INFO  server.RaftServer (RaftServerProxy.java:lambda$close$6(391)) - fae3de48-3e9f-4cc7-8f85-17bb385fc42a: close
2021-11-05 13:01:50,812 [Listener at 127.0.0.1/42119] INFO  server.RaftServer$Division (RaftServerImpl.java:lambda$close$4(412)) - fae3de48-3e9f-4cc7-8f85-17bb385fc42a@group-0448BF33DB77: shutdown
2021-11-05 13:01:50,812 [Listener at 127.0.0.1/42119] INFO  util.JmxRegister (JmxRegister.java:unregister(73)) - Successfully un-registered JMX Bean with object name Ratis:service=RaftServer,group=group-0448BF33DB77,id=fae3de48-3e9f-4cc7-8f85-17bb385fc42a
2021-11-05 13:01:50,812 [Listener at 127.0.0.1/42119] INFO  impl.RoleInfo (RoleInfo.java:shutdownLeaderState(91)) - fae3de48-3e9f-4cc7-8f85-17bb385fc42a: shutdown fae3de48-3e9f-4cc7-8f85-17bb385fc42a@group-0448BF33DB77-LeaderStateImpl
2021-11-05 13:01:50,813 [Listener at 127.0.0.1/42119] INFO  impl.PendingRequests (PendingRequests.java:sendNotLeaderResponses(282)) - fae3de48-3e9f-4cc7-8f85-17bb385fc42a@group-0448BF33DB77-PendingRequests: sendNotLeaderResponses
2021-11-05 13:01:50,813 [Listener at 127.0.0.1/42119] INFO  impl.StateMachineUpdater (StateMachineUpdater.java:stopAndJoin(149)) - fae3de48-3e9f-4cc7-8f85-17bb385fc42a@group-0448BF33DB77-StateMachineUpdater: set stopIndex = 0
2021-11-05 13:01:50,814 [fae3de48-3e9f-4cc7-8f85-17bb385fc42a@group-0448BF33DB77-StateMachineUpdater] INFO  ratis.ContainerStateMachine (ContainerStateMachine.java:takeSnapshot(292)) - group-0448BF33DB77: Taking a snapshot at:(t:1, i:0) file /home/runner/work/ozone/ozone/hadoop-ozone/integration-test/target/test-dir/MiniOzoneClusterImpl-bdf76210-3e21-404e-9e17-65b92aec9f1a/datanode-3/data/ratis/5ffd143b-b608-4c45-a055-0448bf33db77/sm/snapshot.1_0
2021-11-05 13:01:50,815 [fae3de48-3e9f-4cc7-8f85-17bb385fc42a@group-0448BF33DB77-StateMachineUpdater] INFO  ratis.ContainerStateMachine (ContainerStateMachine.java:takeSnapshot(303)) - group-0448BF33DB77: Finished taking a snapshot at:(t:1, i:0) file:/home/runner/work/ozone/ozone/hadoop-ozone/integration-test/target/test-dir/MiniOzoneClusterImpl-bdf76210-3e21-404e-9e17-65b92aec9f1a/datanode-3/data/ratis/5ffd143b-b608-4c45-a055-0448bf33db77/sm/snapshot.1_0 took: 1 ms
2021-11-05 13:01:50,815 [fae3de48-3e9f-4cc7-8f85-17bb385fc42a@group-0448BF33DB77-StateMachineUpdater] INFO  impl.StateMachineUpdater (StateMachineUpdater.java:takeSnapshot(281)) - fae3de48-3e9f-4cc7-8f85-17bb385fc42a@group-0448BF33DB77-StateMachineUpdater: Took a snapshot at index 0
2021-11-05 13:01:50,815 [fae3de48-3e9f-4cc7-8f85-17bb385fc42a@group-0448BF33DB77-StateMachineUpdater] INFO  impl.StateMachineUpdater (StateMachineUpdater.java:lambda$new$0(89)) - fae3de48-3e9f-4cc7-8f85-17bb385fc42a@group-0448BF33DB77-StateMachineUpdater: snapshotIndex: updateIncreasingly -1 -> 0
2021-11-05 13:01:50,815 [Listener at 127.0.0.1/42119] INFO  server.RaftServer$Division (ServerState.java:close(419)) - fae3de48-3e9f-4cc7-8f85-17bb385fc42a@group-0448BF33DB77: closes. applyIndex: 0
2021-11-05 13:01:50,816 [fae3de48-3e9f-4cc7-8f85-17bb385fc42a@group-0448BF33DB77-SegmentedRaftLogWorker] INFO  segmented.SegmentedRaftLogWorker (SegmentedRaftLogWorker.java:run(327)) - fae3de48-3e9f-4cc7-8f85-17bb385fc42a@group-0448BF33DB77-SegmentedRaftLogWorker was interrupted, exiting. There are 0 tasks remaining in the queue.
2021-11-05 13:01:50,816 [Listener at 127.0.0.1/42119] INFO  segmented.SegmentedRaftLogWorker (SegmentedRaftLogWorker.java:close(237)) - fae3de48-3e9f-4cc7-8f85-17bb385fc42a@group-0448BF33DB77-SegmentedRaftLogWorker close()
2021-11-05 13:01:50,816 [Listener at 127.0.0.1/42119] INFO  server.GrpcService (GrpcService.java:closeImpl(262)) - fae3de48-3e9f-4cc7-8f85-17bb385fc42a: shutdown server with port 41205 now
2021-11-05 13:01:50,869 [Listener at 127.0.0.1/42119] INFO  server.GrpcService (GrpcService.java:closeImpl(271)) - fae3de48-3e9f-4cc7-8f85-17bb385fc42a: shutdown server with port 41205 successfully
2021-11-05 13:01:50,869 [org.apache.ratis.util.JvmPauseMonitor$$Lambda$531/328699815@247fbbde] INFO  util.JvmPauseMonitor (JvmPauseMonitor.java:run(109)) - JvmPauseMonitor-fae3de48-3e9f-4cc7-8f85-17bb385fc42a: Stopped
2021-11-05 13:01:50,870 [Listener at 127.0.0.1/42119] INFO  utils.BackgroundService (BackgroundService.java:shutdown(132)) - Shutting down service BlockDeletingService
2021-11-05 13:01:53,871 [Listener at 127.0.0.1/42119] INFO  statemachine.DatanodeStateMachine (DatanodeStateMachine.java:stopDaemon(526)) - Ozone container server stopped.
2021-11-05 13:01:53,872 [Listener at 127.0.0.1/42119] INFO  handler.ContextHandler (ContextHandler.java:doStop(1153)) - Stopped o.e.j.w.WebAppContext@5bee640b{hddsDatanode,/,null,STOPPED}{jar:file:/home/runner/.m2/repository/org/apache/ozone/hdds-container-service/1.2.0-SNAPSHOT/hdds-container-service-1.2.0-SNAPSHOT.jar!/webapps/hddsDatanode}
2021-11-05 13:01:53,872 [Listener at 127.0.0.1/42119] INFO  server.AbstractConnector (AbstractConnector.java:doStop(381)) - Stopped ServerConnector@21d7df59{HTTP/1.1, (http/1.1)}{0.0.0.0:0}
2021-11-05 13:01:53,873 [Listener at 127.0.0.1/42119] INFO  server.session (HouseKeeper.java:stopScavenging(149)) - node0 Stopped scavenging
2021-11-05 13:01:53,873 [Listener at 127.0.0.1/42119] INFO  handler.ContextHandler (ContextHandler.java:doStop(1153)) - Stopped o.e.j.s.ServletContextHandler@6800971e{static,/static,jar:file:/home/runner/.m2/repository/org/apache/ozone/hdds-container-service/1.2.0-SNAPSHOT/hdds-container-service-1.2.0-SNAPSHOT.jar!/webapps/static,STOPPED}
2021-11-05 13:01:53,873 [Listener at 127.0.0.1/42119] INFO  handler.ContextHandler (ContextHandler.java:doStop(1153)) - Stopped o.e.j.s.ServletContextHandler@14eeaaf1{logs,/logs,file:///home/runner/work/ozone/ozone/hadoop-ozone/integration-test/target/log,STOPPED}
2021-11-05 13:01:55,800 [EventQueue-StaleNodeForStaleNodeHandler] INFO  node.StaleNodeHandler (StaleNodeHandler.java:onMessage(58)) - Datanode fae3de48-3e9f-4cc7-8f85-17bb385fc42a{ip: 10.1.0.23, host: fv-az151-875.yf2hydr00wburbhx3j5hxtcipe.bx.internal.cloudapp.net, ports: [REPLICATION=35371, RATIS=41205, RATIS_ADMIN=41205, RATIS_SERVER=41205, STANDALONE=45749], networkLocation: /default-rack, certSerialId: null, persistedOpState: IN_SERVICE, persistedOpStateExpiryEpochSec: 0} moved to stale state. Finalizing its pipelines [PipelineID=5ffd143b-b608-4c45-a055-0448bf33db77]
2021-11-05 13:01:55,800 [EventQueue-StaleNodeForStaleNodeHandler] INFO  pipeline.PipelineManagerImpl (PipelineManagerImpl.java:closePipeline(349)) - Pipeline Pipeline[ Id: 5ffd143b-b608-4c45-a055-0448bf33db77, Nodes: fae3de48-3e9f-4cc7-8f85-17bb385fc42a{ip: 10.1.0.23, host: fv-az151-875.yf2hydr00wburbhx3j5hxtcipe.bx.internal.cloudapp.net, ports: [REPLICATION=35371, RATIS=41205, RATIS_ADMIN=41205, RATIS_SERVER=41205, STANDALONE=45749], networkLocation: /default-rack, certSerialId: null, persistedOpState: IN_SERVICE, persistedOpStateExpiryEpochSec: 0}, ReplicationConfig: RATIS/ONE, State:OPEN, leaderId:fae3de48-3e9f-4cc7-8f85-17bb385fc42a, CreationTimestamp2021-11-05T13:00:07.949Z[Etc/UTC]] moved to CLOSED state
2021-11-05 13:01:57,416 [EventQueue-DeadNodeForDeadNodeHandler] INFO  node.DeadNodeHandler (DeadNodeHandler.java:onMessage(80)) - A dead datanode is detected. 04351296-bb31-4c39-8b7c-2fcea1114805{ip: 10.1.0.23, host: fv-az151-875.yf2hydr00wburbhx3j5hxtcipe.bx.internal.cloudapp.net, ports: [REPLICATION=40621, RATIS=43337, RATIS_ADMIN=43337, RATIS_SERVER=43337, STANDALONE=45289], networkLocation: /default-rack, certSerialId: null, persistedOpState: IN_SERVICE, persistedOpStateExpiryEpochSec: 0}
2021-11-05 13:01:57,416 [EventQueue-DeadNodeForDeadNodeHandler] INFO  pipeline.RatisPipelineProvider (RatisPipelineProvider.java:lambda$close$1(222)) - Send pipeline:PipelineID=4734e41e-899c-454a-8436-5696fcacb92b close command to datanode 04351296-bb31-4c39-8b7c-2fcea1114805
2021-11-05 13:01:57,416 [EventQueue-DeadNodeForDeadNodeHandler] INFO  pipeline.PipelineStateManagerImpl (PipelineStateManagerImpl.java:removePipeline(223)) - Pipeline Pipeline[ Id: 4734e41e-899c-454a-8436-5696fcacb92b, Nodes: 04351296-bb31-4c39-8b7c-2fcea1114805{ip: 10.1.0.23, host: fv-az151-875.yf2hydr00wburbhx3j5hxtcipe.bx.internal.cloudapp.net, ports: [REPLICATION=40621, RATIS=43337, RATIS_ADMIN=43337, RATIS_SERVER=43337, STANDALONE=45289], networkLocation: /default-rack, certSerialId: null, persistedOpState: IN_SERVICE, persistedOpStateExpiryEpochSec: 0}, ReplicationConfig: RATIS/ONE, State:CLOSED, leaderId:04351296-bb31-4c39-8b7c-2fcea1114805, CreationTimestamp2021-11-05T13:00:09.474Z[Etc/UTC]] removed.
2021-11-05 13:01:57,416 [EventQueue-DeadNodeForDeadNodeHandler] INFO  net.NetworkTopologyImpl (NetworkTopologyImpl.java:remove(137)) - Removed a node: /default-rack/04351296-bb31-4c39-8b7c-2fcea1114805
2021-11-05 13:02:05,834 [EventQueue-DeadNodeForDeadNodeHandler] INFO  node.DeadNodeHandler (DeadNodeHandler.java:onMessage(80)) - A dead datanode is detected. fae3de48-3e9f-4cc7-8f85-17bb385fc42a{ip: 10.1.0.23, host: fv-az151-875.yf2hydr00wburbhx3j5hxtcipe.bx.internal.cloudapp.net, ports: [REPLICATION=35371, RATIS=41205, RATIS_ADMIN=41205, RATIS_SERVER=41205, STANDALONE=45749], networkLocation: /default-rack, certSerialId: null, persistedOpState: IN_SERVICE, persistedOpStateExpiryEpochSec: 0}
2021-11-05 13:02:05,834 [EventQueue-DeadNodeForDeadNodeHandler] INFO  pipeline.RatisPipelineProvider (RatisPipelineProvider.java:lambda$close$1(222)) - Send pipeline:PipelineID=5ffd143b-b608-4c45-a055-0448bf33db77 close command to datanode fae3de48-3e9f-4cc7-8f85-17bb385fc42a
2021-11-05 13:02:05,834 [EventQueue-DeadNodeForDeadNodeHandler] INFO  pipeline.PipelineStateManagerImpl (PipelineStateManagerImpl.java:removePipeline(223)) - Pipeline Pipeline[ Id: 5ffd143b-b608-4c45-a055-0448bf33db77, Nodes: fae3de48-3e9f-4cc7-8f85-17bb385fc42a{ip: 10.1.0.23, host: fv-az151-875.yf2hydr00wburbhx3j5hxtcipe.bx.internal.cloudapp.net, ports: [REPLICATION=35371, RATIS=41205, RATIS_ADMIN=41205, RATIS_SERVER=41205, STANDALONE=45749], networkLocation: /default-rack, certSerialId: null, persistedOpState: IN_SERVICE, persistedOpStateExpiryEpochSec: 0}, ReplicationConfig: RATIS/ONE, State:CLOSED, leaderId:fae3de48-3e9f-4cc7-8f85-17bb385fc42a, CreationTimestamp2021-11-05T13:00:07.949Z[Etc/UTC]] removed.
2021-11-05 13:02:05,835 [EventQueue-DeadNodeForDeadNodeHandler] INFO  net.NetworkTopologyImpl (NetworkTopologyImpl.java:remove(137)) - Removed a node: /default-rack/fae3de48-3e9f-4cc7-8f85-17bb385fc42a
2021-11-05 13:03:03,243 [RatisPipelineUtilsThread - 0] ERROR scm.SCMCommonPlacementPolicy (SCMCommonPlacementPolicy.java:filterNodesWithSpace(171)) - Unable to find enough nodes that meet the space requirement of 1073741824 bytes for metadata and 5368709120 bytes for data in healthy node set. Required 3. Found 0.
]]></system-out>
  </testcase>
  <testcase name="testWatchForCommitDatanodeFailure" classname="org.apache.hadoop.ozone.client.rpc.TestBlockOutputStreamWithFailuresFlushDelay" time="84.106"/>
  <testcase name="testContainerClose" classname="org.apache.hadoop.ozone.client.rpc.TestBlockOutputStreamWithFailuresFlushDelay" time="99.33"/>
</testsuite>