<?xml version="1.0" encoding="UTF-8"?>
<testsuite xmlns:xsi="http://www.w3.org/2001/XMLSchema-instance" xsi:noNamespaceSchemaLocation="https://maven.apache.org/surefire/maven-surefire-plugin/xsd/surefire-test-report-3.0.xsd" version="3.0" name="org.apache.hadoop.ozone.TestSecureOzoneCluster" time="151.77" tests="15" errors="0" skipped="1" failures="1">
  <properties>
    <property name="awt.toolkit" value="sun.awt.X11.XToolkit"/>
    <property name="file.encoding.pkg" value="sun.io"/>
    <property name="java.specification.version" value="1.8"/>
    <property name="sun.cpu.isalist" value=""/>
    <property name="sun.jnu.encoding" value="UTF-8"/>
    <property name="java.class.path" value="/home/runner/work/ozone/ozone/hadoop-ozone/integration-test/target/test-classes:/home/runner/work/ozone/ozone/hadoop-ozone/integration-test/target/classes:/home/runner/.m2/repository/org/apache/ozone/ozone-common/1.4.0-SNAPSHOT/ozone-common-1.4.0-SNAPSHOT.jar:/home/runner/.m2/repository/io/grpc/grpc-netty/1.51.1/grpc-netty-1.51.1.jar:/home/runner/.m2/repository/io/grpc/grpc-core/1.51.1/grpc-core-1.51.1.jar:/home/runner/.m2/repository/com/google/android/annotations/4.1.1.4/annotations-4.1.1.4.jar:/home/runner/.m2/repository/org/codehaus/mojo/animal-sniffer-annotations/1.21/animal-sniffer-annotations-1.21.jar:/home/runner/.m2/repository/com/google/errorprone/error_prone_annotations/2.2.0/error_prone_annotations-2.2.0.jar:/home/runner/.m2/repository/io/perfmark/perfmark-api/0.25.0/perfmark-api-0.25.0.jar:/home/runner/.m2/repository/io/netty/netty-codec-http2/4.1.86.Final/netty-codec-http2-4.1.86.Final.jar:/home/runner/.m2/repository/io/netty/netty-common/4.1.86.Final/netty-common-4.1.86.Final.jar:/home/runner/.m2/repository/io/netty/netty-buffer/4.1.86.Final/netty-buffer-4.1.86.Final.jar:/home/runner/.m2/repository/io/netty/netty-codec-http/4.1.86.Final/netty-codec-http-4.1.86.Final.jar:/home/runner/.m2/repository/io/netty/netty-handler-proxy/4.1.86.Final/netty-handler-proxy-4.1.86.Final.jar:/home/runner/.m2/repository/io/netty/netty-codec-socks/4.1.86.Final/netty-codec-socks-4.1.86.Final.jar:/home/runner/.m2/repository/io/netty/netty-tcnative-boringssl-static/2.0.54.Final/netty-tcnative-boringssl-static-2.0.54.Final.jar:/home/runner/.m2/repository/io/netty/netty-tcnative-classes/2.0.54.Final/netty-tcnative-classes-2.0.54.Final.jar:/home/runner/.m2/repository/io/netty/netty-tcnative-boringssl-static/2.0.54.Final/netty-tcnative-boringssl-static-2.0.54.Final-linux-x86_64.jar:/home/runner/.m2/repository/io/netty/netty-tcnative-boringssl-static/2.0.54.Final/netty-tcnative-boringssl-static-2.0.54.Final-linux-aarch_64.jar:/home/runner/.m2/repository/io/netty/netty-tcnative-boringssl-static/2.0.54.Final/netty-tcnative-boringssl-static-2.0.54.Final-osx-x86_64.jar:/home/runner/.m2/repository/io/netty/netty-tcnative-boringssl-static/2.0.54.Final/netty-tcnative-boringssl-static-2.0.54.Final-osx-aarch_64.jar:/home/runner/.m2/repository/io/netty/netty-tcnative-boringssl-static/2.0.54.Final/netty-tcnative-boringssl-static-2.0.54.Final-windows-x86_64.jar:/home/runner/.m2/repository/org/apache/commons/commons-compress/1.21/commons-compress-1.21.jar:/home/runner/.m2/repository/org/apache/ozone/hdds-common/1.4.0-SNAPSHOT/hdds-common-1.4.0-SNAPSHOT.jar:/home/runner/.m2/repository/org/apache/ozone/hdds-client/1.4.0-SNAPSHOT/hdds-client-1.4.0-SNAPSHOT.jar:/home/runner/.m2/repository/org/apache/ozone/ozone-interface-client/1.4.0-SNAPSHOT/ozone-interface-client-1.4.0-SNAPSHOT.jar:/home/runner/.m2/repository/org/apache/hadoop/hadoop-hdfs-client/3.3.5/hadoop-hdfs-client-3.3.5.jar:/home/runner/.m2/repository/com/squareup/okhttp3/okhttp/4.9.3/okhttp-4.9.3.jar:/home/runner/.m2/repository/com/squareup/okio/okio/2.8.0/okio-2.8.0.jar:/home/runner/.m2/repository/org/jetbrains/kotlin/kotlin-stdlib-common/1.6.21/kotlin-stdlib-common-1.6.21.jar:/home/runner/.m2/repository/org/apache/ozone/hdds-test-utils/1.4.0-SNAPSHOT/hdds-test-utils-1.4.0-SNAPSHOT.jar:/home/runner/.m2/repository/com/google/guava/guava/32.0.0-jre/guava-32.0.0-jre.jar:/home/runner/.m2/repository/com/google/guava/failureaccess/1.0.1/failureaccess-1.0.1.jar:/home/runner/.m2/repository/com/google/guava/listenablefuture/9999.0-empty-to-avoid-conflict-with-guava/listenablefuture-9999.0-empty-to-avoid-conflict-with-guava.jar:/home/runner/.m2/repository/com/google/code/findbugs/jsr305/3.0.0/jsr305-3.0.0.jar:/home/runner/.m2/repository/org/checkerframework/checker-qual/3.33.0/checker-qual-3.33.0.jar:/home/runner/.m2/repository/com/google/j2objc/j2objc-annotations/2.8/j2objc-annotations-2.8.jar:/home/runner/.m2/repository/commons-io/commons-io/2.11.0/commons-io-2.11.0.jar:/home/runner/.m2/repository/commons-logging/commons-logging/1.2/commons-logging-1.2.jar:/home/runner/.m2/repository/ch/qos/reload4j/reload4j/1.2.22/reload4j-1.2.22.jar:/home/runner/.m2/repository/org/slf4j/slf4j-api/1.7.36/slf4j-api-1.7.36.jar:/home/runner/.m2/repository/org/apache/ozone/hdds-server-scm/1.4.0-SNAPSHOT/hdds-server-scm-1.4.0-SNAPSHOT.jar:/home/runner/.m2/repository/org/apache/ozone/hdds-container-service/1.4.0-SNAPSHOT/hdds-container-service-1.4.0-SNAPSHOT.jar:/home/runner/.m2/repository/org/apache/ozone/hdds-hadoop-dependency-server/1.4.0-SNAPSHOT/hdds-hadoop-dependency-server-1.4.0-SNAPSHOT.jar:/home/runner/.m2/repository/org/apache/hadoop/hadoop-hdfs/3.3.5/hadoop-hdfs-3.3.5.jar:/home/runner/.m2/repository/commons-daemon/commons-daemon/1.0.13/commons-daemon-1.0.13.jar:/home/runner/.m2/repository/org/apache/ozone/hdds-server-framework/1.4.0-SNAPSHOT/hdds-server-framework-1.4.0-SNAPSHOT.jar:/home/runner/.m2/repository/io/dropwizard/metrics/metrics-core/3.2.4/metrics-core-3.2.4.jar:/home/runner/.m2/repository/org/apache/commons/commons-text/1.10.0/commons-text-1.10.0.jar:/home/runner/.m2/repository/org/bouncycastle/bcprov-jdk15on/1.67/bcprov-jdk15on-1.67.jar:/home/runner/.m2/repository/com/google/protobuf/protobuf-java/2.5.0/protobuf-java-2.5.0.jar:/home/runner/.m2/repository/org/apache/ozone/hdds-server-framework/1.4.0-SNAPSHOT/hdds-server-framework-1.4.0-SNAPSHOT-tests.jar:/home/runner/.m2/repository/org/apache/ozone/hdds-interface-server/1.4.0-SNAPSHOT/hdds-interface-server-1.4.0-SNAPSHOT.jar:/home/runner/.m2/repository/org/apache/ozone/hdds-interface-admin/1.4.0-SNAPSHOT/hdds-interface-admin-1.4.0-SNAPSHOT.jar:/home/runner/.m2/repository/org/apache/ozone/hdds-managed-rocksdb/1.4.0-SNAPSHOT/hdds-managed-rocksdb-1.4.0-SNAPSHOT.jar:/home/runner/.m2/repository/org/rocksdb/rocksdbjni/7.7.3/rocksdbjni-7.7.3.jar:/home/runner/.m2/repository/org/slf4j/slf4j-reload4j/1.7.36/slf4j-reload4j-1.7.36.jar:/home/runner/.m2/repository/org/apache/commons/commons-configuration2/2.1.1/commons-configuration2-2.1.1.jar:/home/runner/.m2/repository/org/apache/logging/log4j/log4j-core/2.17.1/log4j-core-2.17.1.jar:/home/runner/.m2/repository/com/lmax/disruptor/3.4.2/disruptor-3.4.2.jar:/home/runner/.m2/repository/org/eclipse/jetty/jetty-util/9.4.51.v20230217/jetty-util-9.4.51.v20230217.jar:/home/runner/.m2/repository/org/eclipse/jetty/jetty-server/9.4.51.v20230217/jetty-server-9.4.51.v20230217.jar:/home/runner/.m2/repository/org/eclipse/jetty/jetty-http/9.4.51.v20230217/jetty-http-9.4.51.v20230217.jar:/home/runner/.m2/repository/org/eclipse/jetty/jetty-io/9.4.51.v20230217/jetty-io-9.4.51.v20230217.jar:/home/runner/.m2/repository/org/eclipse/jetty/jetty-servlet/9.4.51.v20230217/jetty-servlet-9.4.51.v20230217.jar:/home/runner/.m2/repository/org/eclipse/jetty/jetty-security/9.4.51.v20230217/jetty-security-9.4.51.v20230217.jar:/home/runner/.m2/repository/org/eclipse/jetty/jetty-util-ajax/9.4.51.v20230217/jetty-util-ajax-9.4.51.v20230217.jar:/home/runner/.m2/repository/org/eclipse/jetty/jetty-webapp/9.4.51.v20230217/jetty-webapp-9.4.51.v20230217.jar:/home/runner/.m2/repository/org/eclipse/jetty/jetty-xml/9.4.51.v20230217/jetty-xml-9.4.51.v20230217.jar:/home/runner/.m2/repository/org/apache/ratis/ratis-server/2.5.1/ratis-server-2.5.1.jar:/home/runner/.m2/repository/org/apache/ratis/ratis-thirdparty-misc/1.0.4/ratis-thirdparty-misc-1.0.4.jar:/home/runner/.m2/repository/org/apache/ratis/ratis-proto/2.5.1/ratis-proto-2.5.1.jar:/home/runner/.m2/repository/org/apache/ratis/ratis-common/2.5.1/ratis-common-2.5.1.jar:/home/runner/.m2/repository/org/apache/ratis/ratis-client/2.5.1/ratis-client-2.5.1.jar:/home/runner/.m2/repository/org/apache/ratis/ratis-server-api/2.5.1/ratis-server-api-2.5.1.jar:/home/runner/.m2/repository/org/apache/ratis/ratis-metrics/2.5.1/ratis-metrics-2.5.1.jar:/home/runner/.m2/repository/io/prometheus/simpleclient_dropwizard/0.7.0/simpleclient_dropwizard-0.7.0.jar:/home/runner/.m2/repository/io/prometheus/simpleclient/0.7.0/simpleclient-0.7.0.jar:/home/runner/.m2/repository/io/prometheus/simpleclient_common/0.7.0/simpleclient_common-0.7.0.jar:/home/runner/.m2/repository/com/fasterxml/jackson/datatype/jackson-datatype-jsr310/2.13.4/jackson-datatype-jsr310-2.13.4.jar:/home/runner/.m2/repository/com/fasterxml/jackson/core/jackson-core/2.13.4/jackson-core-2.13.4.jar:/home/runner/.m2/repository/com/github/spotbugs/spotbugs-annotations/3.1.12/spotbugs-annotations-3.1.12.jar:/home/runner/.m2/repository/org/apache/ozone/rocksdb-checkpoint-differ/1.4.0-SNAPSHOT/rocksdb-checkpoint-differ-1.4.0-SNAPSHOT.jar:/home/runner/.m2/repository/org/awaitility/awaitility/4.2.0/awaitility-4.2.0.jar:/home/runner/.m2/repository/org/hamcrest/hamcrest/2.1/hamcrest-2.1.jar:/home/runner/.m2/repository/org/apache/ozone/ozone-manager/1.4.0-SNAPSHOT/ozone-manager-1.4.0-SNAPSHOT.jar:/home/runner/.m2/repository/org/aspectj/aspectjrt/1.9.7/aspectjrt-1.9.7.jar:/home/runner/.m2/repository/org/aspectj/aspectjweaver/1.9.7/aspectjweaver-1.9.7.jar:/home/runner/.m2/repository/org/apache/ozone/hdds-interface-client/1.4.0-SNAPSHOT/hdds-interface-client-1.4.0-SNAPSHOT.jar:/home/runner/.m2/repository/org/apache/hadoop/thirdparty/hadoop-shaded-protobuf_3_7/1.1.1/hadoop-shaded-protobuf_3_7-1.1.1.jar:/home/runner/.m2/repository/org/apache/ozone/ozone-interface-storage/1.4.0-SNAPSHOT/ozone-interface-storage-1.4.0-SNAPSHOT.jar:/home/runner/.m2/repository/org/reflections/reflections/0.9.11/reflections-0.9.11.jar:/home/runner/.m2/repository/com/sun/jersey/jersey-client/1.19/jersey-client-1.19.jar:/home/runner/.m2/repository/org/codehaus/jackson/jackson-core-asl/1.9.13/jackson-core-asl-1.9.13.jar:/home/runner/.m2/repository/org/codehaus/jackson/jackson-mapper-asl/1.9.13/jackson-mapper-asl-1.9.13.jar:/home/runner/.m2/repository/org/codehaus/jackson/jackson-jaxrs/1.9.13/jackson-jaxrs-1.9.13.jar:/home/runner/.m2/repository/org/apache/ranger/ranger-intg/2.3.0/ranger-intg-2.3.0.jar:/home/runner/.m2/repository/org/apache/ranger/ranger-plugins-common/2.3.0/ranger-plugins-common-2.3.0.jar:/home/runner/.m2/repository/commons-lang/commons-lang/2.6/commons-lang-2.6.jar:/home/runner/.m2/repository/org/apache/ranger/ranger-plugins-cred/2.3.0/ranger-plugins-cred-2.3.0.jar:/home/runner/.m2/repository/org/apache/ranger/ranger-plugins-audit/2.3.0/ranger-plugins-audit-2.3.0.jar:/home/runner/.m2/repository/org/eclipse/jetty/jetty-client/9.4.51.v20230217/jetty-client-9.4.51.v20230217.jar:/home/runner/.m2/repository/org/apache/httpcomponents/httpmime/4.5.6/httpmime-4.5.6.jar:/home/runner/.m2/repository/org/apache/httpcomponents/httpcore-nio/4.4.13/httpcore-nio-4.4.13.jar:/home/runner/.m2/repository/org/apache/httpcomponents/httpasyncclient/4.1.3/httpasyncclient-4.1.3.jar:/home/runner/.m2/repository/com/carrotsearch/hppc/0.8.0/hppc-0.8.0.jar:/home/runner/.m2/repository/org/apache/orc/orc-core/1.5.8/orc-core-1.5.8.jar:/home/runner/.m2/repository/net/java/dev/jna/jna/5.2.0/jna-5.2.0.jar:/home/runner/.m2/repository/net/java/dev/jna/jna-platform/5.2.0/jna-platform-5.2.0.jar:/home/runner/.m2/repository/com/kstruct/gethostname4j/0.0.2/gethostname4j-0.0.2.jar:/home/runner/.m2/repository/org/apache/ranger/ranger-plugin-classloader/2.3.0/ranger-plugin-classloader-2.3.0.jar:/home/runner/.m2/repository/org/apache/ozone/hdds-rocks-native/1.4.0-SNAPSHOT/hdds-rocks-native-1.4.0-SNAPSHOT.jar:/home/runner/.m2/repository/org/apache/hadoop/hadoop-minikdc/3.3.5/hadoop-minikdc-3.3.5.jar:/home/runner/.m2/repository/org/apache/kerby/kerb-simplekdc/1.0.1/kerb-simplekdc-1.0.1.jar:/home/runner/.m2/repository/org/apache/kerby/kerb-client/1.0.1/kerb-client-1.0.1.jar:/home/runner/.m2/repository/org/apache/kerby/kerby-config/1.0.1/kerby-config-1.0.1.jar:/home/runner/.m2/repository/org/apache/kerby/kerb-common/1.0.1/kerb-common-1.0.1.jar:/home/runner/.m2/repository/org/apache/kerby/kerb-crypto/1.0.1/kerb-crypto-1.0.1.jar:/home/runner/.m2/repository/org/apache/kerby/kerb-util/1.0.1/kerb-util-1.0.1.jar:/home/runner/.m2/repository/org/apache/kerby/token-provider/1.0.1/token-provider-1.0.1.jar:/home/runner/.m2/repository/org/apache/kerby/kerb-admin/1.0.1/kerb-admin-1.0.1.jar:/home/runner/.m2/repository/org/apache/kerby/kerb-server/1.0.1/kerb-server-1.0.1.jar:/home/runner/.m2/repository/org/apache/kerby/kerb-identity/1.0.1/kerb-identity-1.0.1.jar:/home/runner/.m2/repository/org/apache/kerby/kerby-xdr/1.0.1/kerby-xdr-1.0.1.jar:/home/runner/.m2/repository/org/apache/ozone/ozone-s3gateway/1.4.0-SNAPSHOT/ozone-s3gateway-1.4.0-SNAPSHOT.jar:/home/runner/.m2/repository/org/javassist/javassist/3.21.0-GA/javassist-3.21.0-GA.jar:/home/runner/.m2/repository/org/jboss/weld/servlet/weld-servlet-shaded/3.1.9.Final/weld-servlet-shaded-3.1.9.Final.jar:/home/runner/.m2/repository/org/glassfish/jersey/containers/jersey-container-servlet-core/2.34/jersey-container-servlet-core-2.34.jar:/home/runner/.m2/repository/org/glassfish/hk2/external/jakarta.inject/2.6.1/jakarta.inject-2.6.1.jar:/home/runner/.m2/repository/org/glassfish/jersey/core/jersey-common/2.34/jersey-common-2.34.jar:/home/runner/.m2/repository/jakarta/ws/rs/jakarta.ws.rs-api/2.1.6/jakarta.ws.rs-api-2.1.6.jar:/home/runner/.m2/repository/org/glassfish/jersey/ext/cdi/jersey-cdi1x/2.34/jersey-cdi1x-2.34.jar:/home/runner/.m2/repository/org/glassfish/jersey/inject/jersey-hk2/2.34/jersey-hk2-2.34.jar:/home/runner/.m2/repository/org/glassfish/hk2/hk2-locator/2.6.1/hk2-locator-2.6.1.jar:/home/runner/.m2/repository/org/glassfish/jersey/media/jersey-media-jaxb/2.34/jersey-media-jaxb-2.34.jar:/home/runner/.m2/repository/org/glassfish/hk2/osgi-resource-locator/1.0.3/osgi-resource-locator-1.0.3.jar:/home/runner/.m2/repository/org/glassfish/hk2/hk2-api/2.5.0/hk2-api-2.5.0.jar:/home/runner/.m2/repository/org/glassfish/hk2/hk2-utils/2.5.0/hk2-utils-2.5.0.jar:/home/runner/.m2/repository/org/glassfish/hk2/external/aopalliance-repackaged/2.5.0/aopalliance-repackaged-2.5.0.jar:/home/runner/.m2/repository/com/fasterxml/jackson/dataformat/jackson-dataformat-xml/2.13.4/jackson-dataformat-xml-2.13.4.jar:/home/runner/.m2/repository/org/codehaus/woodstox/stax2-api/4.2.1/stax2-api-4.2.1.jar:/home/runner/.m2/repository/com/fasterxml/woodstox/woodstox-core/5.4.0/woodstox-core-5.4.0.jar:/home/runner/.m2/repository/com/fasterxml/jackson/module/jackson-module-jaxb-annotations/2.13.4/jackson-module-jaxb-annotations-2.13.4.jar:/home/runner/.m2/repository/jakarta/xml/bind/jakarta.xml.bind-api/2.3.3/jakarta.xml.bind-api-2.3.3.jar:/home/runner/.m2/repository/jakarta/activation/jakarta.activation-api/1.2.2/jakarta.activation-api-1.2.2.jar:/home/runner/.m2/repository/javax/enterprise/cdi-api/2.0/cdi-api-2.0.jar:/home/runner/.m2/repository/javax/el/javax.el-api/3.0.0/javax.el-api-3.0.0.jar:/home/runner/.m2/repository/javax/interceptor/javax.interceptor-api/1.2/javax.interceptor-api-1.2.jar:/home/runner/.m2/repository/javax/inject/javax.inject/1/javax.inject-1.jar:/home/runner/.m2/repository/javax/xml/bind/jaxb-api/2.3.0/jaxb-api-2.3.0.jar:/home/runner/.m2/repository/org/glassfish/jaxb/jaxb-runtime/2.3.0.1/jaxb-runtime-2.3.0.1.jar:/home/runner/.m2/repository/org/glassfish/jaxb/jaxb-core/2.3.0.1/jaxb-core-2.3.0.1.jar:/home/runner/.m2/repository/org/glassfish/jaxb/txw2/2.3.0.1/txw2-2.3.0.1.jar:/home/runner/.m2/repository/com/sun/istack/istack-commons-runtime/3.0.5/istack-commons-runtime-3.0.5.jar:/home/runner/.m2/repository/org/jvnet/staxex/stax-ex/1.7.8/stax-ex-1.7.8.jar:/home/runner/.m2/repository/com/sun/xml/fastinfoset/FastInfoset/1.2.13/FastInfoset-1.2.13.jar:/home/runner/.m2/repository/javax/activation/activation/1.1.1/activation-1.1.1.jar:/home/runner/.m2/repository/io/grpc/grpc-protobuf/1.51.1/grpc-protobuf-1.51.1.jar:/home/runner/.m2/repository/com/google/api/grpc/proto-google-common-protos/2.9.0/proto-google-common-protos-2.9.0.jar:/home/runner/.m2/repository/io/grpc/grpc-protobuf-lite/1.51.1/grpc-protobuf-lite-1.51.1.jar:/home/runner/.m2/repository/io/grpc/grpc-stub/1.51.1/grpc-stub-1.51.1.jar:/home/runner/.m2/repository/io/netty/netty-transport/4.1.86.Final/netty-transport-4.1.86.Final.jar:/home/runner/.m2/repository/io/netty/netty-resolver/4.1.86.Final/netty-resolver-4.1.86.Final.jar:/home/runner/.m2/repository/org/apache/ozone/ozone-csi/1.4.0-SNAPSHOT/ozone-csi-1.4.0-SNAPSHOT.jar:/home/runner/.m2/repository/com/google/protobuf/protobuf-java-util/3.19.6/protobuf-java-util-3.19.6.jar:/home/runner/.m2/repository/com/google/code/gson/gson/2.9.0/gson-2.9.0.jar:/home/runner/.m2/repository/org/apache/ozone/hdds-config/1.4.0-SNAPSHOT/hdds-config-1.4.0-SNAPSHOT.jar:/home/runner/.m2/repository/io/netty/netty-transport-native-epoll/4.1.86.Final/netty-transport-native-epoll-4.1.86.Final-linux-x86_64.jar:/home/runner/.m2/repository/io/netty/netty-transport-classes-epoll/4.1.86.Final/netty-transport-classes-epoll-4.1.86.Final.jar:/home/runner/.m2/repository/io/netty/netty-transport-native-unix-common/4.1.86.Final/netty-transport-native-unix-common-4.1.86.Final.jar:/home/runner/.m2/repository/org/apache/ozone/ozone-recon/1.4.0-SNAPSHOT/ozone-recon-1.4.0-SNAPSHOT.jar:/home/runner/.m2/repository/org/apache/ozone/ozone-reconcodegen/1.4.0-SNAPSHOT/ozone-reconcodegen-1.4.0-SNAPSHOT.jar:/home/runner/.m2/repository/com/google/inject/guice/5.1.0/guice-5.1.0.jar:/home/runner/.m2/repository/aopalliance/aopalliance/1.0/aopalliance-1.0.jar:/home/runner/.m2/repository/com/google/inject/extensions/guice-assistedinject/5.1.0/guice-assistedinject-5.1.0.jar:/home/runner/.m2/repository/com/google/inject/extensions/guice-servlet/5.1.0/guice-servlet-5.1.0.jar:/home/runner/.m2/repository/org/glassfish/jersey/containers/jersey-container-servlet/2.34/jersey-container-servlet-2.34.jar:/home/runner/.m2/repository/org/glassfish/hk2/guice-bridge/2.5.0/guice-bridge-2.5.0.jar:/home/runner/.m2/repository/org/glassfish/jersey/core/jersey-server/2.34/jersey-server-2.34.jar:/home/runner/.m2/repository/org/glassfish/jersey/core/jersey-client/2.34/jersey-client-2.34.jar:/home/runner/.m2/repository/jakarta/annotation/jakarta.annotation-api/1.3.5/jakarta.annotation-api-1.3.5.jar:/home/runner/.m2/repository/jakarta/validation/jakarta.validation-api/2.0.2/jakarta.validation-api-2.0.2.jar:/home/runner/.m2/repository/org/glassfish/jersey/media/jersey-media-json-jackson/2.34/jersey-media-json-jackson-2.34.jar:/home/runner/.m2/repository/org/glassfish/jersey/ext/jersey-entity-filtering/2.34/jersey-entity-filtering-2.34.jar:/home/runner/.m2/repository/org/jooq/jooq/3.11.10/jooq-3.11.10.jar:/home/runner/.m2/repository/org/jooq/jooq-meta/3.11.10/jooq-meta-3.11.10.jar:/home/runner/.m2/repository/org/jooq/jooq-codegen/3.11.10/jooq-codegen-3.11.10.jar:/home/runner/.m2/repository/com/jolbox/bonecp/0.8.0.RELEASE/bonecp-0.8.0.RELEASE.jar:/home/runner/.m2/repository/org/apache/derby/derby/10.14.2.0/derby-10.14.2.0.jar:/home/runner/.m2/repository/org/xerial/sqlite-jdbc/3.41.2.2/sqlite-jdbc-3.41.2.2.jar:/home/runner/.m2/repository/org/springframework/spring-jdbc/5.3.27/spring-jdbc-5.3.27.jar:/home/runner/.m2/repository/org/springframework/spring-beans/5.3.27/spring-beans-5.3.27.jar:/home/runner/.m2/repository/org/springframework/spring-core/5.3.27/spring-core-5.3.27.jar:/home/runner/.m2/repository/org/springframework/spring-tx/5.3.27/spring-tx-5.3.27.jar:/home/runner/.m2/repository/org/apache/ozone/ozone-client/1.4.0-SNAPSHOT/ozone-client-1.4.0-SNAPSHOT.jar:/home/runner/.m2/repository/org/apache/ozone/hdds-erasurecode/1.4.0-SNAPSHOT/hdds-erasurecode-1.4.0-SNAPSHOT.jar:/home/runner/.m2/repository/org/apache/ozone/ozone-filesystem/1.4.0-SNAPSHOT/ozone-filesystem-1.4.0-SNAPSHOT.jar:/home/runner/.m2/repository/org/apache/ozone/ozone-filesystem-common/1.4.0-SNAPSHOT/ozone-filesystem-common-1.4.0-SNAPSHOT.jar:/home/runner/.m2/repository/org/apache/ozone/ozone-tools/1.4.0-SNAPSHOT/ozone-tools-1.4.0-SNAPSHOT.jar:/home/runner/.m2/repository/com/amazonaws/aws-java-sdk-core/1.12.261/aws-java-sdk-core-1.12.261.jar:/home/runner/.m2/repository/org/apache/httpcomponents/httpclient/4.5.13/httpclient-4.5.13.jar:/home/runner/.m2/repository/org/apache/httpcomponents/httpcore/4.4.13/httpcore-4.4.13.jar:/home/runner/.m2/repository/software/amazon/ion/ion-java/1.0.2/ion-java-1.0.2.jar:/home/runner/.m2/repository/com/fasterxml/jackson/dataformat/jackson-dataformat-cbor/2.13.4/jackson-dataformat-cbor-2.13.4.jar:/home/runner/.m2/repository/joda-time/joda-time/2.10.6/joda-time-2.10.6.jar:/home/runner/.m2/repository/com/amazonaws/aws-java-sdk-s3/1.12.261/aws-java-sdk-s3-1.12.261.jar:/home/runner/.m2/repository/com/amazonaws/aws-java-sdk-kms/1.12.261/aws-java-sdk-kms-1.12.261.jar:/home/runner/.m2/repository/com/amazonaws/jmespath-java/1.12.261/jmespath-java-1.12.261.jar:/home/runner/.m2/repository/org/kohsuke/metainf-services/metainf-services/1.8/metainf-services-1.8.jar:/home/runner/.m2/repository/org/apache/ozone/hdds-tools/1.4.0-SNAPSHOT/hdds-tools-1.4.0-SNAPSHOT.jar:/home/runner/.m2/repository/org/apache/ratis/ratis-tools/2.5.1/ratis-tools-2.5.1.jar:/home/runner/.m2/repository/commons-cli/commons-cli/1.2/commons-cli-1.2.jar:/home/runner/.m2/repository/org/apache/commons/commons-lang3/3.7/commons-lang3-3.7.jar:/home/runner/.m2/repository/org/apache/ozone/ozone-manager/1.4.0-SNAPSHOT/ozone-manager-1.4.0-SNAPSHOT-tests.jar:/home/runner/.m2/repository/org/apache/ozone/hdds-common/1.4.0-SNAPSHOT/hdds-common-1.4.0-SNAPSHOT-tests.jar:/home/runner/.m2/repository/org/apache/ozone/hdds-hadoop-dependency-client/1.4.0-SNAPSHOT/hdds-hadoop-dependency-client-1.4.0-SNAPSHOT.jar:/home/runner/.m2/repository/info/picocli/picocli/4.6.1/picocli-4.6.1.jar:/home/runner/.m2/repository/com/fasterxml/jackson/core/jackson-annotations/2.13.4/jackson-annotations-2.13.4.jar:/home/runner/.m2/repository/org/apache/ozone/hdds-annotation-processing/1.4.0-SNAPSHOT/hdds-annotation-processing-1.4.0-SNAPSHOT.jar:/home/runner/.m2/repository/javax/annotation/javax.annotation-api/1.2/javax.annotation-api-1.2.jar:/home/runner/.m2/repository/org/apache/ratis/ratis-netty/2.5.1/ratis-netty-2.5.1.jar:/home/runner/.m2/repository/org/apache/ratis/ratis-grpc/2.5.1/ratis-grpc-2.5.1.jar:/home/runner/.m2/repository/org/apache/logging/log4j/log4j-api/2.17.1/log4j-api-2.17.1.jar:/home/runner/.m2/repository/org/apache/commons/commons-pool2/2.6.0/commons-pool2-2.6.0.jar:/home/runner/.m2/repository/org/bouncycastle/bcpkix-jdk15on/1.67/bcpkix-jdk15on-1.67.jar:/home/runner/.m2/repository/commons-validator/commons-validator/1.6/commons-validator-1.6.jar:/home/runner/.m2/repository/commons-beanutils/commons-beanutils/1.9.4/commons-beanutils-1.9.4.jar:/home/runner/.m2/repository/commons-digester/commons-digester/1.8.1/commons-digester-1.8.1.jar:/home/runner/.m2/repository/commons-collections/commons-collections/3.2.2/commons-collections-3.2.2.jar:/home/runner/.m2/repository/io/jaegertracing/jaeger-client/1.6.0/jaeger-client-1.6.0.jar:/home/runner/.m2/repository/io/jaegertracing/jaeger-thrift/1.6.0/jaeger-thrift-1.6.0.jar:/home/runner/.m2/repository/org/apache/thrift/libthrift/0.14.1/libthrift-0.14.1.jar:/home/runner/.m2/repository/io/jaegertracing/jaeger-core/1.6.0/jaeger-core-1.6.0.jar:/home/runner/.m2/repository/io/jaegertracing/jaeger-tracerresolver/1.6.0/jaeger-tracerresolver-1.6.0.jar:/home/runner/.m2/repository/io/opentracing/contrib/opentracing-tracerresolver/0.1.8/opentracing-tracerresolver-0.1.8.jar:/home/runner/.m2/repository/org/jetbrains/kotlin/kotlin-stdlib/1.6.21/kotlin-stdlib-1.6.21.jar:/home/runner/.m2/repository/org/jetbrains/annotations/13.0/annotations-13.0.jar:/home/runner/.m2/repository/io/opentracing/opentracing-util/0.33.0/opentracing-util-0.33.0.jar:/home/runner/.m2/repository/io/opentracing/opentracing-api/0.33.0/opentracing-api-0.33.0.jar:/home/runner/.m2/repository/io/opentracing/opentracing-noop/0.33.0/opentracing-noop-0.33.0.jar:/home/runner/.m2/repository/org/yaml/snakeyaml/2.0/snakeyaml-2.0.jar:/home/runner/.m2/repository/io/grpc/grpc-api/1.51.1/grpc-api-1.51.1.jar:/home/runner/.m2/repository/io/grpc/grpc-context/1.51.1/grpc-context-1.51.1.jar:/home/runner/.m2/repository/junit/junit/4.13.1/junit-4.13.1.jar:/home/runner/.m2/repository/org/hamcrest/hamcrest-core/1.3/hamcrest-core-1.3.jar:/home/runner/.m2/repository/org/junit/jupiter/junit-jupiter-api/5.8.2/junit-jupiter-api-5.8.2.jar:/home/runner/.m2/repository/org/opentest4j/opentest4j/1.2.0/opentest4j-1.2.0.jar:/home/runner/.m2/repository/org/junit/platform/junit-platform-commons/1.8.2/junit-platform-commons-1.8.2.jar:/home/runner/.m2/repository/org/apiguardian/apiguardian-api/1.1.2/apiguardian-api-1.1.2.jar:/home/runner/.m2/repository/org/junit/jupiter/junit-jupiter-params/5.8.2/junit-jupiter-params-5.8.2.jar:/home/runner/.m2/repository/org/junit/jupiter/junit-jupiter-migrationsupport/5.8.2/junit-jupiter-migrationsupport-5.8.2.jar:/home/runner/.m2/repository/org/junit/jupiter/junit-jupiter-engine/5.8.2/junit-jupiter-engine-5.8.2.jar:/home/runner/.m2/repository/org/junit/platform/junit-platform-engine/1.8.2/junit-platform-engine-1.8.2.jar:/home/runner/.m2/repository/org/junit/vintage/junit-vintage-engine/5.8.2/junit-vintage-engine-5.8.2.jar:/home/runner/.m2/repository/org/junit/platform/junit-platform-launcher/1.8.2/junit-platform-launcher-1.8.2.jar:/home/runner/.m2/repository/org/mockito/mockito-core/3.5.9/mockito-core-3.5.9.jar:/home/runner/.m2/repository/net/bytebuddy/byte-buddy/1.10.13/byte-buddy-1.10.13.jar:/home/runner/.m2/repository/net/bytebuddy/byte-buddy-agent/1.10.13/byte-buddy-agent-1.10.13.jar:/home/runner/.m2/repository/org/objenesis/objenesis/1.0/objenesis-1.0.jar:/home/runner/.m2/repository/org/apache/hadoop/hadoop-kms/3.3.5/hadoop-kms-3.3.5.jar:/home/runner/.m2/repository/org/apache/hadoop/hadoop-auth/3.3.5/hadoop-auth-3.3.5.jar:/home/runner/.m2/repository/com/nimbusds/nimbus-jose-jwt/9.8.1/nimbus-jose-jwt-9.8.1.jar:/home/runner/.m2/repository/com/github/stephenc/jcip/jcip-annotations/1.0-1/jcip-annotations-1.0-1.jar:/home/runner/.m2/repository/net/minidev/json-smart/2.4.7/json-smart-2.4.7.jar:/home/runner/.m2/repository/net/minidev/accessors-smart/2.4.7/accessors-smart-2.4.7.jar:/home/runner/.m2/repository/org/ow2/asm/asm/5.0.4/asm-5.0.4.jar:/home/runner/.m2/repository/org/apache/zookeeper/zookeeper/3.5.6/zookeeper-3.5.6.jar:/home/runner/.m2/repository/org/apache/zookeeper/zookeeper-jute/3.5.6/zookeeper-jute-3.5.6.jar:/home/runner/.m2/repository/org/apache/yetus/audience-annotations/0.5.0/audience-annotations-0.5.0.jar:/home/runner/.m2/repository/org/apache/curator/curator-framework/4.2.0/curator-framework-4.2.0.jar:/home/runner/.m2/repository/org/apache/hadoop/thirdparty/hadoop-shaded-guava/1.1.1/hadoop-shaded-guava-1.1.1.jar:/home/runner/.m2/repository/com/sun/jersey/jersey-core/1.19/jersey-core-1.19.jar:/home/runner/.m2/repository/javax/ws/rs/jsr311-api/1.1.1/jsr311-api-1.1.1.jar:/home/runner/.m2/repository/com/sun/jersey/jersey-server/1.19/jersey-server-1.19.jar:/home/runner/.m2/repository/javax/servlet/javax.servlet-api/3.1.0/javax.servlet-api-3.1.0.jar:/home/runner/.m2/repository/org/apache/hadoop/hadoop-common/3.3.5/hadoop-common-3.3.5.jar:/home/runner/.m2/repository/org/apache/commons/commons-math3/3.1.1/commons-math3-3.1.1.jar:/home/runner/.m2/repository/commons-net/commons-net/3.9.0/commons-net-3.9.0.jar:/home/runner/.m2/repository/com/sun/jersey/jersey-servlet/1.19/jersey-servlet-1.19.jar:/home/runner/.m2/repository/com/github/pjfanning/jersey-json/1.20/jersey-json-1.20.jar:/home/runner/.m2/repository/org/codehaus/jettison/jettison/1.1/jettison-1.1.jar:/home/runner/.m2/repository/com/sun/xml/bind/jaxb-impl/2.2.3-1/jaxb-impl-2.2.3-1.jar:/home/runner/.m2/repository/com/google/re2j/re2j/1.1/re2j-1.1.jar:/home/runner/.m2/repository/com/jcraft/jsch/0.1.54/jsch-0.1.54.jar:/home/runner/.m2/repository/org/apache/curator/curator-client/4.2.0/curator-client-4.2.0.jar:/home/runner/.m2/repository/org/apache/curator/curator-recipes/4.2.0/curator-recipes-4.2.0.jar:/home/runner/.m2/repository/org/apache/kerby/kerb-core/1.0.1/kerb-core-1.0.1.jar:/home/runner/.m2/repository/org/apache/kerby/kerby-pkix/1.0.1/kerby-pkix-1.0.1.jar:/home/runner/.m2/repository/org/apache/kerby/kerby-asn1/1.0.1/kerby-asn1-1.0.1.jar:/home/runner/.m2/repository/org/apache/kerby/kerby-util/1.0.1/kerby-util-1.0.1.jar:/home/runner/.m2/repository/dnsjava/dnsjava/2.1.7/dnsjava-2.1.7.jar:/home/runner/.m2/repository/org/xerial/snappy/snappy-java/1.1.8.2/snappy-java-1.1.8.2.jar:/home/runner/.m2/repository/com/fasterxml/jackson/core/jackson-databind/2.13.4.2/jackson-databind-2.13.4.2.jar:/home/runner/.m2/repository/org/apache/hadoop/hadoop-kms/3.3.5/hadoop-kms-3.3.5-tests.jar:/home/runner/.m2/repository/org/apache/ozone/hdds-server-scm/1.4.0-SNAPSHOT/hdds-server-scm-1.4.0-SNAPSHOT-tests.jar:/home/runner/.m2/repository/org/apache/ozone/hdds-container-service/1.4.0-SNAPSHOT/hdds-container-service-1.4.0-SNAPSHOT-tests.jar:/home/runner/.m2/repository/com/github/luben/zstd-jni/1.5.2-5/zstd-jni-1.5.2-5.jar:/home/runner/.m2/repository/commons-codec/commons-codec/1.15/commons-codec-1.15.jar:/home/runner/.m2/repository/io/netty/netty-codec/4.1.86.Final/netty-codec-4.1.86.Final.jar:/home/runner/.m2/repository/io/netty/netty-handler/4.1.86.Final/netty-handler-4.1.86.Final.jar:/home/runner/.m2/repository/org/apache/ozone/hdds-hadoop-dependency-test/1.4.0-SNAPSHOT/hdds-hadoop-dependency-test-1.4.0-SNAPSHOT.jar:/home/runner/.m2/repository/org/apache/hadoop/hadoop-common/3.3.5/hadoop-common-3.3.5-tests.jar:/home/runner/.m2/repository/org/apache/hadoop/hadoop-hdfs/3.3.5/hadoop-hdfs-3.3.5-tests.jar:/home/runner/.m2/repository/org/assertj/assertj-core/3.12.2/assertj-core-3.12.2.jar:/home/runner/.m2/repository/org/apache/hadoop/hadoop-distcp/3.3.5/hadoop-distcp-3.3.5.jar:/home/runner/.m2/repository/org/apache/hadoop/hadoop-mapreduce-client-jobclient/3.3.5/hadoop-mapreduce-client-jobclient-3.3.5.jar:/home/runner/.m2/repository/org/apache/hadoop/hadoop-mapreduce-client-common/3.3.5/hadoop-mapreduce-client-common-3.3.5.jar:/home/runner/.m2/repository/org/apache/hadoop/hadoop-yarn-common/3.3.5/hadoop-yarn-common-3.3.5.jar:/home/runner/.m2/repository/org/apache/hadoop/hadoop-yarn-api/3.3.5/hadoop-yarn-api-3.3.5.jar:/home/runner/.m2/repository/com/sun/jersey/contribs/jersey-guice/1.19/jersey-guice-1.19.jar:/home/runner/.m2/repository/com/fasterxml/jackson/jaxrs/jackson-jaxrs-json-provider/2.13.4/jackson-jaxrs-json-provider-2.13.4.jar:/home/runner/.m2/repository/com/fasterxml/jackson/jaxrs/jackson-jaxrs-base/2.13.4/jackson-jaxrs-base-2.13.4.jar:/home/runner/.m2/repository/org/apache/hadoop/hadoop-yarn-client/3.3.5/hadoop-yarn-client-3.3.5.jar:/home/runner/.m2/repository/org/eclipse/jetty/websocket/websocket-client/9.4.48.v20220622/websocket-client-9.4.48.v20220622.jar:/home/runner/.m2/repository/org/eclipse/jetty/websocket/websocket-common/9.4.48.v20220622/websocket-common-9.4.48.v20220622.jar:/home/runner/.m2/repository/org/eclipse/jetty/websocket/websocket-api/9.4.48.v20220622/websocket-api-9.4.48.v20220622.jar:/home/runner/.m2/repository/org/jline/jline/3.9.0/jline-3.9.0.jar:/home/runner/.m2/repository/org/apache/hadoop/hadoop-mapreduce-client-core/3.3.5/hadoop-mapreduce-client-core-3.3.5.jar:/home/runner/.m2/repository/org/apache/avro/avro/1.7.7/avro-1.7.7.jar:/home/runner/.m2/repository/com/thoughtworks/paranamer/paranamer/2.3/paranamer-2.3.jar:/home/runner/.m2/repository/org/apache/hadoop/hadoop-annotations/3.3.5/hadoop-annotations-3.3.5.jar:/usr/lib/jvm/temurin-8-jdk-amd64/jre/../lib/tools.jar:/home/runner/.m2/repository/io/netty/netty/3.10.6.Final/netty-3.10.6.Final.jar:/home/runner/.m2/repository/org/apache/hadoop/hadoop-distcp/3.3.5/hadoop-distcp-3.3.5-tests.jar:/home/runner/.m2/repository/org/slf4j/jul-to-slf4j/1.7.36/jul-to-slf4j-1.7.36.jar:"/>
    <property name="java.vm.vendor" value="Temurin"/>
    <property name="sun.arch.data.model" value="64"/>
    <property name="test.build.dir" value="/home/runner/work/ozone/ozone/hadoop-ozone/integration-test/target/test-dir"/>
    <property name="sun.security.krb5.debug" value="false"/>
    <property name="test.cache.data" value=""/>
    <property name="java.vendor.url" value="https://adoptium.net/"/>
    <property name="user.timezone" value="Etc/UTC"/>
    <property name="os.name" value="Linux"/>
    <property name="java.vm.specification.version" value="1.8"/>
    <property name="test.build.data" value="/home/runner/work/ozone/ozone/hadoop-ozone/integration-test/target/test-dir"/>
    <property name="sun.java.launcher" value="SUN_STANDARD"/>
    <property name="sun.boot.library.path" value="/usr/lib/jvm/temurin-8-jdk-amd64/jre/lib/amd64"/>
    <property name="sun.java.command" value="/home/runner/work/ozone/ozone/hadoop-ozone/integration-test/target/surefire/surefirebooter4210645394763204501.jar /home/runner/work/ozone/ozone/hadoop-ozone/integration-test/target/surefire 2023-06-19T19-25-42_454-jvmRun1 surefire6733407698374779277tmp surefire_617092773618098565449tmp"/>
    <property name="native.lib.tmp.dir" value="/tmp"/>
    <property name="surefire.test.class.path" value="/home/runner/work/ozone/ozone/hadoop-ozone/integration-test/target/test-classes:/home/runner/work/ozone/ozone/hadoop-ozone/integration-test/target/classes:/home/runner/.m2/repository/org/apache/ozone/ozone-common/1.4.0-SNAPSHOT/ozone-common-1.4.0-SNAPSHOT.jar:/home/runner/.m2/repository/io/grpc/grpc-netty/1.51.1/grpc-netty-1.51.1.jar:/home/runner/.m2/repository/io/grpc/grpc-core/1.51.1/grpc-core-1.51.1.jar:/home/runner/.m2/repository/com/google/android/annotations/4.1.1.4/annotations-4.1.1.4.jar:/home/runner/.m2/repository/org/codehaus/mojo/animal-sniffer-annotations/1.21/animal-sniffer-annotations-1.21.jar:/home/runner/.m2/repository/com/google/errorprone/error_prone_annotations/2.2.0/error_prone_annotations-2.2.0.jar:/home/runner/.m2/repository/io/perfmark/perfmark-api/0.25.0/perfmark-api-0.25.0.jar:/home/runner/.m2/repository/io/netty/netty-codec-http2/4.1.86.Final/netty-codec-http2-4.1.86.Final.jar:/home/runner/.m2/repository/io/netty/netty-common/4.1.86.Final/netty-common-4.1.86.Final.jar:/home/runner/.m2/repository/io/netty/netty-buffer/4.1.86.Final/netty-buffer-4.1.86.Final.jar:/home/runner/.m2/repository/io/netty/netty-codec-http/4.1.86.Final/netty-codec-http-4.1.86.Final.jar:/home/runner/.m2/repository/io/netty/netty-handler-proxy/4.1.86.Final/netty-handler-proxy-4.1.86.Final.jar:/home/runner/.m2/repository/io/netty/netty-codec-socks/4.1.86.Final/netty-codec-socks-4.1.86.Final.jar:/home/runner/.m2/repository/io/netty/netty-tcnative-boringssl-static/2.0.54.Final/netty-tcnative-boringssl-static-2.0.54.Final.jar:/home/runner/.m2/repository/io/netty/netty-tcnative-classes/2.0.54.Final/netty-tcnative-classes-2.0.54.Final.jar:/home/runner/.m2/repository/io/netty/netty-tcnative-boringssl-static/2.0.54.Final/netty-tcnative-boringssl-static-2.0.54.Final-linux-x86_64.jar:/home/runner/.m2/repository/io/netty/netty-tcnative-boringssl-static/2.0.54.Final/netty-tcnative-boringssl-static-2.0.54.Final-linux-aarch_64.jar:/home/runner/.m2/repository/io/netty/netty-tcnative-boringssl-static/2.0.54.Final/netty-tcnative-boringssl-static-2.0.54.Final-osx-x86_64.jar:/home/runner/.m2/repository/io/netty/netty-tcnative-boringssl-static/2.0.54.Final/netty-tcnative-boringssl-static-2.0.54.Final-osx-aarch_64.jar:/home/runner/.m2/repository/io/netty/netty-tcnative-boringssl-static/2.0.54.Final/netty-tcnative-boringssl-static-2.0.54.Final-windows-x86_64.jar:/home/runner/.m2/repository/org/apache/commons/commons-compress/1.21/commons-compress-1.21.jar:/home/runner/.m2/repository/org/apache/ozone/hdds-common/1.4.0-SNAPSHOT/hdds-common-1.4.0-SNAPSHOT.jar:/home/runner/.m2/repository/org/apache/ozone/hdds-client/1.4.0-SNAPSHOT/hdds-client-1.4.0-SNAPSHOT.jar:/home/runner/.m2/repository/org/apache/ozone/ozone-interface-client/1.4.0-SNAPSHOT/ozone-interface-client-1.4.0-SNAPSHOT.jar:/home/runner/.m2/repository/org/apache/hadoop/hadoop-hdfs-client/3.3.5/hadoop-hdfs-client-3.3.5.jar:/home/runner/.m2/repository/com/squareup/okhttp3/okhttp/4.9.3/okhttp-4.9.3.jar:/home/runner/.m2/repository/com/squareup/okio/okio/2.8.0/okio-2.8.0.jar:/home/runner/.m2/repository/org/jetbrains/kotlin/kotlin-stdlib-common/1.6.21/kotlin-stdlib-common-1.6.21.jar:/home/runner/.m2/repository/org/apache/ozone/hdds-test-utils/1.4.0-SNAPSHOT/hdds-test-utils-1.4.0-SNAPSHOT.jar:/home/runner/.m2/repository/com/google/guava/guava/32.0.0-jre/guava-32.0.0-jre.jar:/home/runner/.m2/repository/com/google/guava/failureaccess/1.0.1/failureaccess-1.0.1.jar:/home/runner/.m2/repository/com/google/guava/listenablefuture/9999.0-empty-to-avoid-conflict-with-guava/listenablefuture-9999.0-empty-to-avoid-conflict-with-guava.jar:/home/runner/.m2/repository/com/google/code/findbugs/jsr305/3.0.0/jsr305-3.0.0.jar:/home/runner/.m2/repository/org/checkerframework/checker-qual/3.33.0/checker-qual-3.33.0.jar:/home/runner/.m2/repository/com/google/j2objc/j2objc-annotations/2.8/j2objc-annotations-2.8.jar:/home/runner/.m2/repository/commons-io/commons-io/2.11.0/commons-io-2.11.0.jar:/home/runner/.m2/repository/commons-logging/commons-logging/1.2/commons-logging-1.2.jar:/home/runner/.m2/repository/ch/qos/reload4j/reload4j/1.2.22/reload4j-1.2.22.jar:/home/runner/.m2/repository/org/slf4j/slf4j-api/1.7.36/slf4j-api-1.7.36.jar:/home/runner/.m2/repository/org/apache/ozone/hdds-server-scm/1.4.0-SNAPSHOT/hdds-server-scm-1.4.0-SNAPSHOT.jar:/home/runner/.m2/repository/org/apache/ozone/hdds-container-service/1.4.0-SNAPSHOT/hdds-container-service-1.4.0-SNAPSHOT.jar:/home/runner/.m2/repository/org/apache/ozone/hdds-hadoop-dependency-server/1.4.0-SNAPSHOT/hdds-hadoop-dependency-server-1.4.0-SNAPSHOT.jar:/home/runner/.m2/repository/org/apache/hadoop/hadoop-hdfs/3.3.5/hadoop-hdfs-3.3.5.jar:/home/runner/.m2/repository/commons-daemon/commons-daemon/1.0.13/commons-daemon-1.0.13.jar:/home/runner/.m2/repository/org/apache/ozone/hdds-server-framework/1.4.0-SNAPSHOT/hdds-server-framework-1.4.0-SNAPSHOT.jar:/home/runner/.m2/repository/io/dropwizard/metrics/metrics-core/3.2.4/metrics-core-3.2.4.jar:/home/runner/.m2/repository/org/apache/commons/commons-text/1.10.0/commons-text-1.10.0.jar:/home/runner/.m2/repository/org/bouncycastle/bcprov-jdk15on/1.67/bcprov-jdk15on-1.67.jar:/home/runner/.m2/repository/com/google/protobuf/protobuf-java/2.5.0/protobuf-java-2.5.0.jar:/home/runner/.m2/repository/org/apache/ozone/hdds-server-framework/1.4.0-SNAPSHOT/hdds-server-framework-1.4.0-SNAPSHOT-tests.jar:/home/runner/.m2/repository/org/apache/ozone/hdds-interface-server/1.4.0-SNAPSHOT/hdds-interface-server-1.4.0-SNAPSHOT.jar:/home/runner/.m2/repository/org/apache/ozone/hdds-interface-admin/1.4.0-SNAPSHOT/hdds-interface-admin-1.4.0-SNAPSHOT.jar:/home/runner/.m2/repository/org/apache/ozone/hdds-managed-rocksdb/1.4.0-SNAPSHOT/hdds-managed-rocksdb-1.4.0-SNAPSHOT.jar:/home/runner/.m2/repository/org/rocksdb/rocksdbjni/7.7.3/rocksdbjni-7.7.3.jar:/home/runner/.m2/repository/org/slf4j/slf4j-reload4j/1.7.36/slf4j-reload4j-1.7.36.jar:/home/runner/.m2/repository/org/apache/commons/commons-configuration2/2.1.1/commons-configuration2-2.1.1.jar:/home/runner/.m2/repository/org/apache/logging/log4j/log4j-core/2.17.1/log4j-core-2.17.1.jar:/home/runner/.m2/repository/com/lmax/disruptor/3.4.2/disruptor-3.4.2.jar:/home/runner/.m2/repository/org/eclipse/jetty/jetty-util/9.4.51.v20230217/jetty-util-9.4.51.v20230217.jar:/home/runner/.m2/repository/org/eclipse/jetty/jetty-server/9.4.51.v20230217/jetty-server-9.4.51.v20230217.jar:/home/runner/.m2/repository/org/eclipse/jetty/jetty-http/9.4.51.v20230217/jetty-http-9.4.51.v20230217.jar:/home/runner/.m2/repository/org/eclipse/jetty/jetty-io/9.4.51.v20230217/jetty-io-9.4.51.v20230217.jar:/home/runner/.m2/repository/org/eclipse/jetty/jetty-servlet/9.4.51.v20230217/jetty-servlet-9.4.51.v20230217.jar:/home/runner/.m2/repository/org/eclipse/jetty/jetty-security/9.4.51.v20230217/jetty-security-9.4.51.v20230217.jar:/home/runner/.m2/repository/org/eclipse/jetty/jetty-util-ajax/9.4.51.v20230217/jetty-util-ajax-9.4.51.v20230217.jar:/home/runner/.m2/repository/org/eclipse/jetty/jetty-webapp/9.4.51.v20230217/jetty-webapp-9.4.51.v20230217.jar:/home/runner/.m2/repository/org/eclipse/jetty/jetty-xml/9.4.51.v20230217/jetty-xml-9.4.51.v20230217.jar:/home/runner/.m2/repository/org/apache/ratis/ratis-server/2.5.1/ratis-server-2.5.1.jar:/home/runner/.m2/repository/org/apache/ratis/ratis-thirdparty-misc/1.0.4/ratis-thirdparty-misc-1.0.4.jar:/home/runner/.m2/repository/org/apache/ratis/ratis-proto/2.5.1/ratis-proto-2.5.1.jar:/home/runner/.m2/repository/org/apache/ratis/ratis-common/2.5.1/ratis-common-2.5.1.jar:/home/runner/.m2/repository/org/apache/ratis/ratis-client/2.5.1/ratis-client-2.5.1.jar:/home/runner/.m2/repository/org/apache/ratis/ratis-server-api/2.5.1/ratis-server-api-2.5.1.jar:/home/runner/.m2/repository/org/apache/ratis/ratis-metrics/2.5.1/ratis-metrics-2.5.1.jar:/home/runner/.m2/repository/io/prometheus/simpleclient_dropwizard/0.7.0/simpleclient_dropwizard-0.7.0.jar:/home/runner/.m2/repository/io/prometheus/simpleclient/0.7.0/simpleclient-0.7.0.jar:/home/runner/.m2/repository/io/prometheus/simpleclient_common/0.7.0/simpleclient_common-0.7.0.jar:/home/runner/.m2/repository/com/fasterxml/jackson/datatype/jackson-datatype-jsr310/2.13.4/jackson-datatype-jsr310-2.13.4.jar:/home/runner/.m2/repository/com/fasterxml/jackson/core/jackson-core/2.13.4/jackson-core-2.13.4.jar:/home/runner/.m2/repository/com/github/spotbugs/spotbugs-annotations/3.1.12/spotbugs-annotations-3.1.12.jar:/home/runner/.m2/repository/org/apache/ozone/rocksdb-checkpoint-differ/1.4.0-SNAPSHOT/rocksdb-checkpoint-differ-1.4.0-SNAPSHOT.jar:/home/runner/.m2/repository/org/awaitility/awaitility/4.2.0/awaitility-4.2.0.jar:/home/runner/.m2/repository/org/hamcrest/hamcrest/2.1/hamcrest-2.1.jar:/home/runner/.m2/repository/org/apache/ozone/ozone-manager/1.4.0-SNAPSHOT/ozone-manager-1.4.0-SNAPSHOT.jar:/home/runner/.m2/repository/org/aspectj/aspectjrt/1.9.7/aspectjrt-1.9.7.jar:/home/runner/.m2/repository/org/aspectj/aspectjweaver/1.9.7/aspectjweaver-1.9.7.jar:/home/runner/.m2/repository/org/apache/ozone/hdds-interface-client/1.4.0-SNAPSHOT/hdds-interface-client-1.4.0-SNAPSHOT.jar:/home/runner/.m2/repository/org/apache/hadoop/thirdparty/hadoop-shaded-protobuf_3_7/1.1.1/hadoop-shaded-protobuf_3_7-1.1.1.jar:/home/runner/.m2/repository/org/apache/ozone/ozone-interface-storage/1.4.0-SNAPSHOT/ozone-interface-storage-1.4.0-SNAPSHOT.jar:/home/runner/.m2/repository/org/reflections/reflections/0.9.11/reflections-0.9.11.jar:/home/runner/.m2/repository/com/sun/jersey/jersey-client/1.19/jersey-client-1.19.jar:/home/runner/.m2/repository/org/codehaus/jackson/jackson-core-asl/1.9.13/jackson-core-asl-1.9.13.jar:/home/runner/.m2/repository/org/codehaus/jackson/jackson-mapper-asl/1.9.13/jackson-mapper-asl-1.9.13.jar:/home/runner/.m2/repository/org/codehaus/jackson/jackson-jaxrs/1.9.13/jackson-jaxrs-1.9.13.jar:/home/runner/.m2/repository/org/apache/ranger/ranger-intg/2.3.0/ranger-intg-2.3.0.jar:/home/runner/.m2/repository/org/apache/ranger/ranger-plugins-common/2.3.0/ranger-plugins-common-2.3.0.jar:/home/runner/.m2/repository/commons-lang/commons-lang/2.6/commons-lang-2.6.jar:/home/runner/.m2/repository/org/apache/ranger/ranger-plugins-cred/2.3.0/ranger-plugins-cred-2.3.0.jar:/home/runner/.m2/repository/org/apache/ranger/ranger-plugins-audit/2.3.0/ranger-plugins-audit-2.3.0.jar:/home/runner/.m2/repository/org/eclipse/jetty/jetty-client/9.4.51.v20230217/jetty-client-9.4.51.v20230217.jar:/home/runner/.m2/repository/org/apache/httpcomponents/httpmime/4.5.6/httpmime-4.5.6.jar:/home/runner/.m2/repository/org/apache/httpcomponents/httpcore-nio/4.4.13/httpcore-nio-4.4.13.jar:/home/runner/.m2/repository/org/apache/httpcomponents/httpasyncclient/4.1.3/httpasyncclient-4.1.3.jar:/home/runner/.m2/repository/com/carrotsearch/hppc/0.8.0/hppc-0.8.0.jar:/home/runner/.m2/repository/org/apache/orc/orc-core/1.5.8/orc-core-1.5.8.jar:/home/runner/.m2/repository/net/java/dev/jna/jna/5.2.0/jna-5.2.0.jar:/home/runner/.m2/repository/net/java/dev/jna/jna-platform/5.2.0/jna-platform-5.2.0.jar:/home/runner/.m2/repository/com/kstruct/gethostname4j/0.0.2/gethostname4j-0.0.2.jar:/home/runner/.m2/repository/org/apache/ranger/ranger-plugin-classloader/2.3.0/ranger-plugin-classloader-2.3.0.jar:/home/runner/.m2/repository/org/apache/ozone/hdds-rocks-native/1.4.0-SNAPSHOT/hdds-rocks-native-1.4.0-SNAPSHOT.jar:/home/runner/.m2/repository/org/apache/hadoop/hadoop-minikdc/3.3.5/hadoop-minikdc-3.3.5.jar:/home/runner/.m2/repository/org/apache/kerby/kerb-simplekdc/1.0.1/kerb-simplekdc-1.0.1.jar:/home/runner/.m2/repository/org/apache/kerby/kerb-client/1.0.1/kerb-client-1.0.1.jar:/home/runner/.m2/repository/org/apache/kerby/kerby-config/1.0.1/kerby-config-1.0.1.jar:/home/runner/.m2/repository/org/apache/kerby/kerb-common/1.0.1/kerb-common-1.0.1.jar:/home/runner/.m2/repository/org/apache/kerby/kerb-crypto/1.0.1/kerb-crypto-1.0.1.jar:/home/runner/.m2/repository/org/apache/kerby/kerb-util/1.0.1/kerb-util-1.0.1.jar:/home/runner/.m2/repository/org/apache/kerby/token-provider/1.0.1/token-provider-1.0.1.jar:/home/runner/.m2/repository/org/apache/kerby/kerb-admin/1.0.1/kerb-admin-1.0.1.jar:/home/runner/.m2/repository/org/apache/kerby/kerb-server/1.0.1/kerb-server-1.0.1.jar:/home/runner/.m2/repository/org/apache/kerby/kerb-identity/1.0.1/kerb-identity-1.0.1.jar:/home/runner/.m2/repository/org/apache/kerby/kerby-xdr/1.0.1/kerby-xdr-1.0.1.jar:/home/runner/.m2/repository/org/apache/ozone/ozone-s3gateway/1.4.0-SNAPSHOT/ozone-s3gateway-1.4.0-SNAPSHOT.jar:/home/runner/.m2/repository/org/javassist/javassist/3.21.0-GA/javassist-3.21.0-GA.jar:/home/runner/.m2/repository/org/jboss/weld/servlet/weld-servlet-shaded/3.1.9.Final/weld-servlet-shaded-3.1.9.Final.jar:/home/runner/.m2/repository/org/glassfish/jersey/containers/jersey-container-servlet-core/2.34/jersey-container-servlet-core-2.34.jar:/home/runner/.m2/repository/org/glassfish/hk2/external/jakarta.inject/2.6.1/jakarta.inject-2.6.1.jar:/home/runner/.m2/repository/org/glassfish/jersey/core/jersey-common/2.34/jersey-common-2.34.jar:/home/runner/.m2/repository/jakarta/ws/rs/jakarta.ws.rs-api/2.1.6/jakarta.ws.rs-api-2.1.6.jar:/home/runner/.m2/repository/org/glassfish/jersey/ext/cdi/jersey-cdi1x/2.34/jersey-cdi1x-2.34.jar:/home/runner/.m2/repository/org/glassfish/jersey/inject/jersey-hk2/2.34/jersey-hk2-2.34.jar:/home/runner/.m2/repository/org/glassfish/hk2/hk2-locator/2.6.1/hk2-locator-2.6.1.jar:/home/runner/.m2/repository/org/glassfish/jersey/media/jersey-media-jaxb/2.34/jersey-media-jaxb-2.34.jar:/home/runner/.m2/repository/org/glassfish/hk2/osgi-resource-locator/1.0.3/osgi-resource-locator-1.0.3.jar:/home/runner/.m2/repository/org/glassfish/hk2/hk2-api/2.5.0/hk2-api-2.5.0.jar:/home/runner/.m2/repository/org/glassfish/hk2/hk2-utils/2.5.0/hk2-utils-2.5.0.jar:/home/runner/.m2/repository/org/glassfish/hk2/external/aopalliance-repackaged/2.5.0/aopalliance-repackaged-2.5.0.jar:/home/runner/.m2/repository/com/fasterxml/jackson/dataformat/jackson-dataformat-xml/2.13.4/jackson-dataformat-xml-2.13.4.jar:/home/runner/.m2/repository/org/codehaus/woodstox/stax2-api/4.2.1/stax2-api-4.2.1.jar:/home/runner/.m2/repository/com/fasterxml/woodstox/woodstox-core/5.4.0/woodstox-core-5.4.0.jar:/home/runner/.m2/repository/com/fasterxml/jackson/module/jackson-module-jaxb-annotations/2.13.4/jackson-module-jaxb-annotations-2.13.4.jar:/home/runner/.m2/repository/jakarta/xml/bind/jakarta.xml.bind-api/2.3.3/jakarta.xml.bind-api-2.3.3.jar:/home/runner/.m2/repository/jakarta/activation/jakarta.activation-api/1.2.2/jakarta.activation-api-1.2.2.jar:/home/runner/.m2/repository/javax/enterprise/cdi-api/2.0/cdi-api-2.0.jar:/home/runner/.m2/repository/javax/el/javax.el-api/3.0.0/javax.el-api-3.0.0.jar:/home/runner/.m2/repository/javax/interceptor/javax.interceptor-api/1.2/javax.interceptor-api-1.2.jar:/home/runner/.m2/repository/javax/inject/javax.inject/1/javax.inject-1.jar:/home/runner/.m2/repository/javax/xml/bind/jaxb-api/2.3.0/jaxb-api-2.3.0.jar:/home/runner/.m2/repository/org/glassfish/jaxb/jaxb-runtime/2.3.0.1/jaxb-runtime-2.3.0.1.jar:/home/runner/.m2/repository/org/glassfish/jaxb/jaxb-core/2.3.0.1/jaxb-core-2.3.0.1.jar:/home/runner/.m2/repository/org/glassfish/jaxb/txw2/2.3.0.1/txw2-2.3.0.1.jar:/home/runner/.m2/repository/com/sun/istack/istack-commons-runtime/3.0.5/istack-commons-runtime-3.0.5.jar:/home/runner/.m2/repository/org/jvnet/staxex/stax-ex/1.7.8/stax-ex-1.7.8.jar:/home/runner/.m2/repository/com/sun/xml/fastinfoset/FastInfoset/1.2.13/FastInfoset-1.2.13.jar:/home/runner/.m2/repository/javax/activation/activation/1.1.1/activation-1.1.1.jar:/home/runner/.m2/repository/io/grpc/grpc-protobuf/1.51.1/grpc-protobuf-1.51.1.jar:/home/runner/.m2/repository/com/google/api/grpc/proto-google-common-protos/2.9.0/proto-google-common-protos-2.9.0.jar:/home/runner/.m2/repository/io/grpc/grpc-protobuf-lite/1.51.1/grpc-protobuf-lite-1.51.1.jar:/home/runner/.m2/repository/io/grpc/grpc-stub/1.51.1/grpc-stub-1.51.1.jar:/home/runner/.m2/repository/io/netty/netty-transport/4.1.86.Final/netty-transport-4.1.86.Final.jar:/home/runner/.m2/repository/io/netty/netty-resolver/4.1.86.Final/netty-resolver-4.1.86.Final.jar:/home/runner/.m2/repository/org/apache/ozone/ozone-csi/1.4.0-SNAPSHOT/ozone-csi-1.4.0-SNAPSHOT.jar:/home/runner/.m2/repository/com/google/protobuf/protobuf-java-util/3.19.6/protobuf-java-util-3.19.6.jar:/home/runner/.m2/repository/com/google/code/gson/gson/2.9.0/gson-2.9.0.jar:/home/runner/.m2/repository/org/apache/ozone/hdds-config/1.4.0-SNAPSHOT/hdds-config-1.4.0-SNAPSHOT.jar:/home/runner/.m2/repository/io/netty/netty-transport-native-epoll/4.1.86.Final/netty-transport-native-epoll-4.1.86.Final-linux-x86_64.jar:/home/runner/.m2/repository/io/netty/netty-transport-classes-epoll/4.1.86.Final/netty-transport-classes-epoll-4.1.86.Final.jar:/home/runner/.m2/repository/io/netty/netty-transport-native-unix-common/4.1.86.Final/netty-transport-native-unix-common-4.1.86.Final.jar:/home/runner/.m2/repository/org/apache/ozone/ozone-recon/1.4.0-SNAPSHOT/ozone-recon-1.4.0-SNAPSHOT.jar:/home/runner/.m2/repository/org/apache/ozone/ozone-reconcodegen/1.4.0-SNAPSHOT/ozone-reconcodegen-1.4.0-SNAPSHOT.jar:/home/runner/.m2/repository/com/google/inject/guice/5.1.0/guice-5.1.0.jar:/home/runner/.m2/repository/aopalliance/aopalliance/1.0/aopalliance-1.0.jar:/home/runner/.m2/repository/com/google/inject/extensions/guice-assistedinject/5.1.0/guice-assistedinject-5.1.0.jar:/home/runner/.m2/repository/com/google/inject/extensions/guice-servlet/5.1.0/guice-servlet-5.1.0.jar:/home/runner/.m2/repository/org/glassfish/jersey/containers/jersey-container-servlet/2.34/jersey-container-servlet-2.34.jar:/home/runner/.m2/repository/org/glassfish/hk2/guice-bridge/2.5.0/guice-bridge-2.5.0.jar:/home/runner/.m2/repository/org/glassfish/jersey/core/jersey-server/2.34/jersey-server-2.34.jar:/home/runner/.m2/repository/org/glassfish/jersey/core/jersey-client/2.34/jersey-client-2.34.jar:/home/runner/.m2/repository/jakarta/annotation/jakarta.annotation-api/1.3.5/jakarta.annotation-api-1.3.5.jar:/home/runner/.m2/repository/jakarta/validation/jakarta.validation-api/2.0.2/jakarta.validation-api-2.0.2.jar:/home/runner/.m2/repository/org/glassfish/jersey/media/jersey-media-json-jackson/2.34/jersey-media-json-jackson-2.34.jar:/home/runner/.m2/repository/org/glassfish/jersey/ext/jersey-entity-filtering/2.34/jersey-entity-filtering-2.34.jar:/home/runner/.m2/repository/org/jooq/jooq/3.11.10/jooq-3.11.10.jar:/home/runner/.m2/repository/org/jooq/jooq-meta/3.11.10/jooq-meta-3.11.10.jar:/home/runner/.m2/repository/org/jooq/jooq-codegen/3.11.10/jooq-codegen-3.11.10.jar:/home/runner/.m2/repository/com/jolbox/bonecp/0.8.0.RELEASE/bonecp-0.8.0.RELEASE.jar:/home/runner/.m2/repository/org/apache/derby/derby/10.14.2.0/derby-10.14.2.0.jar:/home/runner/.m2/repository/org/xerial/sqlite-jdbc/3.41.2.2/sqlite-jdbc-3.41.2.2.jar:/home/runner/.m2/repository/org/springframework/spring-jdbc/5.3.27/spring-jdbc-5.3.27.jar:/home/runner/.m2/repository/org/springframework/spring-beans/5.3.27/spring-beans-5.3.27.jar:/home/runner/.m2/repository/org/springframework/spring-core/5.3.27/spring-core-5.3.27.jar:/home/runner/.m2/repository/org/springframework/spring-tx/5.3.27/spring-tx-5.3.27.jar:/home/runner/.m2/repository/org/apache/ozone/ozone-client/1.4.0-SNAPSHOT/ozone-client-1.4.0-SNAPSHOT.jar:/home/runner/.m2/repository/org/apache/ozone/hdds-erasurecode/1.4.0-SNAPSHOT/hdds-erasurecode-1.4.0-SNAPSHOT.jar:/home/runner/.m2/repository/org/apache/ozone/ozone-filesystem/1.4.0-SNAPSHOT/ozone-filesystem-1.4.0-SNAPSHOT.jar:/home/runner/.m2/repository/org/apache/ozone/ozone-filesystem-common/1.4.0-SNAPSHOT/ozone-filesystem-common-1.4.0-SNAPSHOT.jar:/home/runner/.m2/repository/org/apache/ozone/ozone-tools/1.4.0-SNAPSHOT/ozone-tools-1.4.0-SNAPSHOT.jar:/home/runner/.m2/repository/com/amazonaws/aws-java-sdk-core/1.12.261/aws-java-sdk-core-1.12.261.jar:/home/runner/.m2/repository/org/apache/httpcomponents/httpclient/4.5.13/httpclient-4.5.13.jar:/home/runner/.m2/repository/org/apache/httpcomponents/httpcore/4.4.13/httpcore-4.4.13.jar:/home/runner/.m2/repository/software/amazon/ion/ion-java/1.0.2/ion-java-1.0.2.jar:/home/runner/.m2/repository/com/fasterxml/jackson/dataformat/jackson-dataformat-cbor/2.13.4/jackson-dataformat-cbor-2.13.4.jar:/home/runner/.m2/repository/joda-time/joda-time/2.10.6/joda-time-2.10.6.jar:/home/runner/.m2/repository/com/amazonaws/aws-java-sdk-s3/1.12.261/aws-java-sdk-s3-1.12.261.jar:/home/runner/.m2/repository/com/amazonaws/aws-java-sdk-kms/1.12.261/aws-java-sdk-kms-1.12.261.jar:/home/runner/.m2/repository/com/amazonaws/jmespath-java/1.12.261/jmespath-java-1.12.261.jar:/home/runner/.m2/repository/org/kohsuke/metainf-services/metainf-services/1.8/metainf-services-1.8.jar:/home/runner/.m2/repository/org/apache/ozone/hdds-tools/1.4.0-SNAPSHOT/hdds-tools-1.4.0-SNAPSHOT.jar:/home/runner/.m2/repository/org/apache/ratis/ratis-tools/2.5.1/ratis-tools-2.5.1.jar:/home/runner/.m2/repository/commons-cli/commons-cli/1.2/commons-cli-1.2.jar:/home/runner/.m2/repository/org/apache/commons/commons-lang3/3.7/commons-lang3-3.7.jar:/home/runner/.m2/repository/org/apache/ozone/ozone-manager/1.4.0-SNAPSHOT/ozone-manager-1.4.0-SNAPSHOT-tests.jar:/home/runner/.m2/repository/org/apache/ozone/hdds-common/1.4.0-SNAPSHOT/hdds-common-1.4.0-SNAPSHOT-tests.jar:/home/runner/.m2/repository/org/apache/ozone/hdds-hadoop-dependency-client/1.4.0-SNAPSHOT/hdds-hadoop-dependency-client-1.4.0-SNAPSHOT.jar:/home/runner/.m2/repository/info/picocli/picocli/4.6.1/picocli-4.6.1.jar:/home/runner/.m2/repository/com/fasterxml/jackson/core/jackson-annotations/2.13.4/jackson-annotations-2.13.4.jar:/home/runner/.m2/repository/org/apache/ozone/hdds-annotation-processing/1.4.0-SNAPSHOT/hdds-annotation-processing-1.4.0-SNAPSHOT.jar:/home/runner/.m2/repository/javax/annotation/javax.annotation-api/1.2/javax.annotation-api-1.2.jar:/home/runner/.m2/repository/org/apache/ratis/ratis-netty/2.5.1/ratis-netty-2.5.1.jar:/home/runner/.m2/repository/org/apache/ratis/ratis-grpc/2.5.1/ratis-grpc-2.5.1.jar:/home/runner/.m2/repository/org/apache/logging/log4j/log4j-api/2.17.1/log4j-api-2.17.1.jar:/home/runner/.m2/repository/org/apache/commons/commons-pool2/2.6.0/commons-pool2-2.6.0.jar:/home/runner/.m2/repository/org/bouncycastle/bcpkix-jdk15on/1.67/bcpkix-jdk15on-1.67.jar:/home/runner/.m2/repository/commons-validator/commons-validator/1.6/commons-validator-1.6.jar:/home/runner/.m2/repository/commons-beanutils/commons-beanutils/1.9.4/commons-beanutils-1.9.4.jar:/home/runner/.m2/repository/commons-digester/commons-digester/1.8.1/commons-digester-1.8.1.jar:/home/runner/.m2/repository/commons-collections/commons-collections/3.2.2/commons-collections-3.2.2.jar:/home/runner/.m2/repository/io/jaegertracing/jaeger-client/1.6.0/jaeger-client-1.6.0.jar:/home/runner/.m2/repository/io/jaegertracing/jaeger-thrift/1.6.0/jaeger-thrift-1.6.0.jar:/home/runner/.m2/repository/org/apache/thrift/libthrift/0.14.1/libthrift-0.14.1.jar:/home/runner/.m2/repository/io/jaegertracing/jaeger-core/1.6.0/jaeger-core-1.6.0.jar:/home/runner/.m2/repository/io/jaegertracing/jaeger-tracerresolver/1.6.0/jaeger-tracerresolver-1.6.0.jar:/home/runner/.m2/repository/io/opentracing/contrib/opentracing-tracerresolver/0.1.8/opentracing-tracerresolver-0.1.8.jar:/home/runner/.m2/repository/org/jetbrains/kotlin/kotlin-stdlib/1.6.21/kotlin-stdlib-1.6.21.jar:/home/runner/.m2/repository/org/jetbrains/annotations/13.0/annotations-13.0.jar:/home/runner/.m2/repository/io/opentracing/opentracing-util/0.33.0/opentracing-util-0.33.0.jar:/home/runner/.m2/repository/io/opentracing/opentracing-api/0.33.0/opentracing-api-0.33.0.jar:/home/runner/.m2/repository/io/opentracing/opentracing-noop/0.33.0/opentracing-noop-0.33.0.jar:/home/runner/.m2/repository/org/yaml/snakeyaml/2.0/snakeyaml-2.0.jar:/home/runner/.m2/repository/io/grpc/grpc-api/1.51.1/grpc-api-1.51.1.jar:/home/runner/.m2/repository/io/grpc/grpc-context/1.51.1/grpc-context-1.51.1.jar:/home/runner/.m2/repository/junit/junit/4.13.1/junit-4.13.1.jar:/home/runner/.m2/repository/org/hamcrest/hamcrest-core/1.3/hamcrest-core-1.3.jar:/home/runner/.m2/repository/org/junit/jupiter/junit-jupiter-api/5.8.2/junit-jupiter-api-5.8.2.jar:/home/runner/.m2/repository/org/opentest4j/opentest4j/1.2.0/opentest4j-1.2.0.jar:/home/runner/.m2/repository/org/junit/platform/junit-platform-commons/1.8.2/junit-platform-commons-1.8.2.jar:/home/runner/.m2/repository/org/apiguardian/apiguardian-api/1.1.2/apiguardian-api-1.1.2.jar:/home/runner/.m2/repository/org/junit/jupiter/junit-jupiter-params/5.8.2/junit-jupiter-params-5.8.2.jar:/home/runner/.m2/repository/org/junit/jupiter/junit-jupiter-migrationsupport/5.8.2/junit-jupiter-migrationsupport-5.8.2.jar:/home/runner/.m2/repository/org/junit/jupiter/junit-jupiter-engine/5.8.2/junit-jupiter-engine-5.8.2.jar:/home/runner/.m2/repository/org/junit/platform/junit-platform-engine/1.8.2/junit-platform-engine-1.8.2.jar:/home/runner/.m2/repository/org/junit/vintage/junit-vintage-engine/5.8.2/junit-vintage-engine-5.8.2.jar:/home/runner/.m2/repository/org/junit/platform/junit-platform-launcher/1.8.2/junit-platform-launcher-1.8.2.jar:/home/runner/.m2/repository/org/mockito/mockito-core/3.5.9/mockito-core-3.5.9.jar:/home/runner/.m2/repository/net/bytebuddy/byte-buddy/1.10.13/byte-buddy-1.10.13.jar:/home/runner/.m2/repository/net/bytebuddy/byte-buddy-agent/1.10.13/byte-buddy-agent-1.10.13.jar:/home/runner/.m2/repository/org/objenesis/objenesis/1.0/objenesis-1.0.jar:/home/runner/.m2/repository/org/apache/hadoop/hadoop-kms/3.3.5/hadoop-kms-3.3.5.jar:/home/runner/.m2/repository/org/apache/hadoop/hadoop-auth/3.3.5/hadoop-auth-3.3.5.jar:/home/runner/.m2/repository/com/nimbusds/nimbus-jose-jwt/9.8.1/nimbus-jose-jwt-9.8.1.jar:/home/runner/.m2/repository/com/github/stephenc/jcip/jcip-annotations/1.0-1/jcip-annotations-1.0-1.jar:/home/runner/.m2/repository/net/minidev/json-smart/2.4.7/json-smart-2.4.7.jar:/home/runner/.m2/repository/net/minidev/accessors-smart/2.4.7/accessors-smart-2.4.7.jar:/home/runner/.m2/repository/org/ow2/asm/asm/5.0.4/asm-5.0.4.jar:/home/runner/.m2/repository/org/apache/zookeeper/zookeeper/3.5.6/zookeeper-3.5.6.jar:/home/runner/.m2/repository/org/apache/zookeeper/zookeeper-jute/3.5.6/zookeeper-jute-3.5.6.jar:/home/runner/.m2/repository/org/apache/yetus/audience-annotations/0.5.0/audience-annotations-0.5.0.jar:/home/runner/.m2/repository/org/apache/curator/curator-framework/4.2.0/curator-framework-4.2.0.jar:/home/runner/.m2/repository/org/apache/hadoop/thirdparty/hadoop-shaded-guava/1.1.1/hadoop-shaded-guava-1.1.1.jar:/home/runner/.m2/repository/com/sun/jersey/jersey-core/1.19/jersey-core-1.19.jar:/home/runner/.m2/repository/javax/ws/rs/jsr311-api/1.1.1/jsr311-api-1.1.1.jar:/home/runner/.m2/repository/com/sun/jersey/jersey-server/1.19/jersey-server-1.19.jar:/home/runner/.m2/repository/javax/servlet/javax.servlet-api/3.1.0/javax.servlet-api-3.1.0.jar:/home/runner/.m2/repository/org/apache/hadoop/hadoop-common/3.3.5/hadoop-common-3.3.5.jar:/home/runner/.m2/repository/org/apache/commons/commons-math3/3.1.1/commons-math3-3.1.1.jar:/home/runner/.m2/repository/commons-net/commons-net/3.9.0/commons-net-3.9.0.jar:/home/runner/.m2/repository/com/sun/jersey/jersey-servlet/1.19/jersey-servlet-1.19.jar:/home/runner/.m2/repository/com/github/pjfanning/jersey-json/1.20/jersey-json-1.20.jar:/home/runner/.m2/repository/org/codehaus/jettison/jettison/1.1/jettison-1.1.jar:/home/runner/.m2/repository/com/sun/xml/bind/jaxb-impl/2.2.3-1/jaxb-impl-2.2.3-1.jar:/home/runner/.m2/repository/com/google/re2j/re2j/1.1/re2j-1.1.jar:/home/runner/.m2/repository/com/jcraft/jsch/0.1.54/jsch-0.1.54.jar:/home/runner/.m2/repository/org/apache/curator/curator-client/4.2.0/curator-client-4.2.0.jar:/home/runner/.m2/repository/org/apache/curator/curator-recipes/4.2.0/curator-recipes-4.2.0.jar:/home/runner/.m2/repository/org/apache/kerby/kerb-core/1.0.1/kerb-core-1.0.1.jar:/home/runner/.m2/repository/org/apache/kerby/kerby-pkix/1.0.1/kerby-pkix-1.0.1.jar:/home/runner/.m2/repository/org/apache/kerby/kerby-asn1/1.0.1/kerby-asn1-1.0.1.jar:/home/runner/.m2/repository/org/apache/kerby/kerby-util/1.0.1/kerby-util-1.0.1.jar:/home/runner/.m2/repository/dnsjava/dnsjava/2.1.7/dnsjava-2.1.7.jar:/home/runner/.m2/repository/org/xerial/snappy/snappy-java/1.1.8.2/snappy-java-1.1.8.2.jar:/home/runner/.m2/repository/com/fasterxml/jackson/core/jackson-databind/2.13.4.2/jackson-databind-2.13.4.2.jar:/home/runner/.m2/repository/org/apache/hadoop/hadoop-kms/3.3.5/hadoop-kms-3.3.5-tests.jar:/home/runner/.m2/repository/org/apache/ozone/hdds-server-scm/1.4.0-SNAPSHOT/hdds-server-scm-1.4.0-SNAPSHOT-tests.jar:/home/runner/.m2/repository/org/apache/ozone/hdds-container-service/1.4.0-SNAPSHOT/hdds-container-service-1.4.0-SNAPSHOT-tests.jar:/home/runner/.m2/repository/com/github/luben/zstd-jni/1.5.2-5/zstd-jni-1.5.2-5.jar:/home/runner/.m2/repository/commons-codec/commons-codec/1.15/commons-codec-1.15.jar:/home/runner/.m2/repository/io/netty/netty-codec/4.1.86.Final/netty-codec-4.1.86.Final.jar:/home/runner/.m2/repository/io/netty/netty-handler/4.1.86.Final/netty-handler-4.1.86.Final.jar:/home/runner/.m2/repository/org/apache/ozone/hdds-hadoop-dependency-test/1.4.0-SNAPSHOT/hdds-hadoop-dependency-test-1.4.0-SNAPSHOT.jar:/home/runner/.m2/repository/org/apache/hadoop/hadoop-common/3.3.5/hadoop-common-3.3.5-tests.jar:/home/runner/.m2/repository/org/apache/hadoop/hadoop-hdfs/3.3.5/hadoop-hdfs-3.3.5-tests.jar:/home/runner/.m2/repository/org/assertj/assertj-core/3.12.2/assertj-core-3.12.2.jar:/home/runner/.m2/repository/org/apache/hadoop/hadoop-distcp/3.3.5/hadoop-distcp-3.3.5.jar:/home/runner/.m2/repository/org/apache/hadoop/hadoop-mapreduce-client-jobclient/3.3.5/hadoop-mapreduce-client-jobclient-3.3.5.jar:/home/runner/.m2/repository/org/apache/hadoop/hadoop-mapreduce-client-common/3.3.5/hadoop-mapreduce-client-common-3.3.5.jar:/home/runner/.m2/repository/org/apache/hadoop/hadoop-yarn-common/3.3.5/hadoop-yarn-common-3.3.5.jar:/home/runner/.m2/repository/org/apache/hadoop/hadoop-yarn-api/3.3.5/hadoop-yarn-api-3.3.5.jar:/home/runner/.m2/repository/com/sun/jersey/contribs/jersey-guice/1.19/jersey-guice-1.19.jar:/home/runner/.m2/repository/com/fasterxml/jackson/jaxrs/jackson-jaxrs-json-provider/2.13.4/jackson-jaxrs-json-provider-2.13.4.jar:/home/runner/.m2/repository/com/fasterxml/jackson/jaxrs/jackson-jaxrs-base/2.13.4/jackson-jaxrs-base-2.13.4.jar:/home/runner/.m2/repository/org/apache/hadoop/hadoop-yarn-client/3.3.5/hadoop-yarn-client-3.3.5.jar:/home/runner/.m2/repository/org/eclipse/jetty/websocket/websocket-client/9.4.48.v20220622/websocket-client-9.4.48.v20220622.jar:/home/runner/.m2/repository/org/eclipse/jetty/websocket/websocket-common/9.4.48.v20220622/websocket-common-9.4.48.v20220622.jar:/home/runner/.m2/repository/org/eclipse/jetty/websocket/websocket-api/9.4.48.v20220622/websocket-api-9.4.48.v20220622.jar:/home/runner/.m2/repository/org/jline/jline/3.9.0/jline-3.9.0.jar:/home/runner/.m2/repository/org/apache/hadoop/hadoop-mapreduce-client-core/3.3.5/hadoop-mapreduce-client-core-3.3.5.jar:/home/runner/.m2/repository/org/apache/avro/avro/1.7.7/avro-1.7.7.jar:/home/runner/.m2/repository/com/thoughtworks/paranamer/paranamer/2.3/paranamer-2.3.jar:/home/runner/.m2/repository/org/apache/hadoop/hadoop-annotations/3.3.5/hadoop-annotations-3.3.5.jar:/usr/lib/jvm/temurin-8-jdk-amd64/jre/../lib/tools.jar:/home/runner/.m2/repository/io/netty/netty/3.10.6.Final/netty-3.10.6.Final.jar:/home/runner/.m2/repository/org/apache/hadoop/hadoop-distcp/3.3.5/hadoop-distcp-3.3.5-tests.jar:/home/runner/.m2/repository/org/slf4j/jul-to-slf4j/1.7.36/jul-to-slf4j-1.7.36.jar:"/>
    <property name="sun.cpu.endian" value="little"/>
    <property name="user.home" value="/home/runner"/>
    <property name="user.language" value="en"/>
    <property name="java.specification.vendor" value="Oracle Corporation"/>
    <property name="java.home" value="/usr/lib/jvm/temurin-8-jdk-amd64/jre"/>
    <property name="java.security.krb5.conf" value="/home/runner/work/ozone/ozone/hadoop-ozone/integration-test/target/test-dir/TestSecureOzoneCluster/1687206774498/krb5.conf"/>
    <property name="file.separator" value="/"/>
    <property name="basedir" value="/home/runner/work/ozone/ozone/hadoop-ozone/integration-test"/>
    <property name="line.separator" value="&#10;"/>
    <property name="java.vm.specification.vendor" value="Oracle Corporation"/>
    <property name="java.specification.name" value="Java Platform API Specification"/>
    <property name="skip.installnpx" value="true"/>
    <property name="java.awt.graphicsenv" value="sun.awt.X11GraphicsEnvironment"/>
    <property name="surefire.real.class.path" value="/home/runner/work/ozone/ozone/hadoop-ozone/integration-test/target/surefire/surefirebooter4210645394763204501.jar:/home/runner/.m2/repository/org/jacoco/org.jacoco.agent/0.8.5/org.jacoco.agent-0.8.5-runtime.jar"/>
    <property name="sun.boot.class.path" value="/usr/lib/jvm/temurin-8-jdk-amd64/jre/lib/resources.jar:/usr/lib/jvm/temurin-8-jdk-amd64/jre/lib/rt.jar:/usr/lib/jvm/temurin-8-jdk-amd64/jre/lib/sunrsasign.jar:/usr/lib/jvm/temurin-8-jdk-amd64/jre/lib/jsse.jar:/usr/lib/jvm/temurin-8-jdk-amd64/jre/lib/jce.jar:/usr/lib/jvm/temurin-8-jdk-amd64/jre/lib/charsets.jar:/usr/lib/jvm/temurin-8-jdk-amd64/jre/lib/jfr.jar:/usr/lib/jvm/temurin-8-jdk-amd64/jre/classes"/>
    <property name="hadoop.log.dir" value="/home/runner/work/ozone/ozone/hadoop-ozone/integration-test/target/log"/>
    <property name="sun.management.compiler" value="HotSpot 64-Bit Tiered Compilers"/>
    <property name="java.runtime.version" value="1.8.0_372-b07"/>
    <property name="skip.npx" value="true"/>
    <property name="user.name" value="runner"/>
    <property name="java.net.preferIPv4Stack" value="true"/>
    <property name="path.separator" value=":"/>
    <property name="java.security.egd" value="file:///dev/urandom"/>
    <property name="os.version" value="5.15.0-1039-azure"/>
    <property name="java.endorsed.dirs" value="/usr/lib/jvm/temurin-8-jdk-amd64/jre/lib/endorsed"/>
    <property name="java.runtime.name" value="OpenJDK Runtime Environment"/>
    <property name="file.encoding" value="UTF-8"/>
    <property name="java.vm.name" value="OpenJDK 64-Bit Server VM"/>
    <property name="test.build.webapps" value=""/>
    <property name="localRepository" value="/home/runner/.m2/repository"/>
    <property name="jetty.git.hash" value="b45c405e4544384de066f814ed42ae3dceacdd49"/>
    <property name="java.vendor.url.bug" value="https://github.com/adoptium/adoptium-support/issues"/>
    <property name="require.test.libhadoop" value=""/>
    <property name="java.io.tmpdir" value="/tmp"/>
    <property name="java.version" value="1.8.0_372"/>
    <property name="user.dir" value="/home/runner/work/ozone/ozone/hadoop-ozone/integration-test"/>
    <property name="os.arch" value="amd64"/>
    <property name="test.build.classes" value="/home/runner/work/ozone/ozone/hadoop-ozone/integration-test/target/test-classes"/>
    <property name="java.vm.specification.name" value="Java Virtual Machine Specification"/>
    <property name="java.awt.printerjob" value="sun.print.PSPrinterJob"/>
    <property name="sun.os.patch.level" value="unknown"/>
    <property name="org.apache.ratis.thirdparty.io.netty.allocator.useCacheForAllThreads" value="false"/>
    <property name="hadoop.tmp.dir" value="/home/runner/work/ozone/ozone/hadoop-ozone/integration-test/target/tmp"/>
    <property name="java.library.path" value="/usr/java/packages/lib/amd64:/usr/lib64:/lib64:/lib:/usr/lib"/>
    <property name="java.vendor" value="Temurin"/>
    <property name="java.vm.info" value="mixed mode"/>
    <property name="java.vm.version" value="25.372-b07"/>
    <property name="java.specification.maintenance.version" value="4"/>
    <property name="sun.io.unicode.encoding" value="UnicodeLittle"/>
    <property name="java.ext.dirs" value="/usr/lib/jvm/temurin-8-jdk-amd64/jre/lib/ext:/usr/java/packages/lib/ext"/>
    <property name="java.class.version" value="52.0"/>
  </properties>
  <testcase name="testSCMSecurityProtocol" classname="org.apache.hadoop.ozone.TestSecureOzoneCluster" time="11.38">
    <system-out><![CDATA[2023-06-19 20:30:27,877 [Time-limited test] INFO  net.ServerSocketUtil (ServerSocketUtil.java:getPort(55)) - Using port 9860
2023-06-19 20:30:27,879 [Time-limited test] INFO  net.ServerSocketUtil (ServerSocketUtil.java:getPort(55)) - Using port 9861
2023-06-19 20:30:27,879 [Time-limited test] INFO  net.ServerSocketUtil (ServerSocketUtil.java:getPort(55)) - Using port 9863
2023-06-19 20:30:27,880 [Time-limited test] INFO  net.ServerSocketUtil (ServerSocketUtil.java:getPort(55)) - Using port 9961
2023-06-19 20:30:27,880 [Time-limited test] INFO  net.ServerSocketUtil (ServerSocketUtil.java:getPort(55)) - Using port 1200
2023-06-19 20:30:27,881 [Time-limited test] INFO  net.ServerSocketUtil (ServerSocketUtil.java:getPort(55)) - Using port 1201
2023-06-19 20:30:27,888 [Time-limited test] INFO  minikdc.MiniKdc (MiniKdc.java:<init>(225)) - Configuration:
2023-06-19 20:30:27,888 [Time-limited test] INFO  minikdc.MiniKdc (MiniKdc.java:<init>(226)) - ---------------------------------------------------------------
2023-06-19 20:30:27,890 [Time-limited test] INFO  minikdc.MiniKdc (MiniKdc.java:<init>(228)) -   debug: false
2023-06-19 20:30:27,890 [Time-limited test] INFO  minikdc.MiniKdc (MiniKdc.java:<init>(228)) -   transport: TCP
2023-06-19 20:30:27,890 [Time-limited test] INFO  minikdc.MiniKdc (MiniKdc.java:<init>(228)) -   max.ticket.lifetime: 86400000
2023-06-19 20:30:27,890 [Time-limited test] INFO  minikdc.MiniKdc (MiniKdc.java:<init>(228)) -   org.name: EXAMPLE
2023-06-19 20:30:27,891 [Time-limited test] INFO  minikdc.MiniKdc (MiniKdc.java:<init>(228)) -   kdc.port: 0
2023-06-19 20:30:27,892 [Time-limited test] INFO  minikdc.MiniKdc (MiniKdc.java:<init>(228)) -   org.domain: COM
2023-06-19 20:30:27,892 [Time-limited test] INFO  minikdc.MiniKdc (MiniKdc.java:<init>(228)) -   max.renewable.lifetime: 604800000
2023-06-19 20:30:27,892 [Time-limited test] INFO  minikdc.MiniKdc (MiniKdc.java:<init>(228)) -   instance: DefaultKrbServer
2023-06-19 20:30:27,892 [Time-limited test] INFO  minikdc.MiniKdc (MiniKdc.java:<init>(228)) -   kdc.bind.address: localhost
2023-06-19 20:30:27,893 [Time-limited test] INFO  minikdc.MiniKdc (MiniKdc.java:<init>(230)) - ---------------------------------------------------------------
2023-06-19 20:30:27,992 [Time-limited test] INFO  minikdc.MiniKdc (MiniKdc.java:start(285)) - MiniKdc started.
2023-06-19 20:30:29,109 [Time-limited test] WARN  server.ServerUtils (ServerUtils.java:getScmDbDir(155)) - ozone.scm.db.dirs is not configured. We recommend adding this setting. Falling back to ozone.metadata.dirs instead.
2023-06-19 20:30:29,400 [Time-limited test] INFO  reflections.Reflections (Reflections.java:scan(232)) - Reflections took 228 ms to scan 7 urls, producing 158 keys and 368 values 
2023-06-19 20:30:29,562 [Time-limited test] INFO  ha.HASecurityUtils (HASecurityUtils.java:initializeSecurity(93)) - Initializing secure StorageContainerManager.
2023-06-19 20:30:29,569 [Time-limited test] WARN  client.SCMCertificateClient (DefaultCertificateClient.java:loadAllCertificates(161)) - Certificates could not be loaded.
java.nio.file.NoSuchFileException: /tmp/junit4407372963769415496/junit7301616861901887403/scm-meta/scm/sub-ca/certs
	at sun.nio.fs.UnixException.translateToIOException(UnixException.java:86)
	at sun.nio.fs.UnixException.rethrowAsIOException(UnixException.java:102)
	at sun.nio.fs.UnixException.rethrowAsIOException(UnixException.java:107)
	at sun.nio.fs.UnixFileSystemProvider.newDirectoryStream(UnixFileSystemProvider.java:427)
	at java.nio.file.Files.newDirectoryStream(Files.java:457)
	at java.nio.file.Files.list(Files.java:3451)
	at org.apache.hadoop.hdds.security.x509.certificate.client.DefaultCertificateClient.loadAllCertificates(DefaultCertificateClient.java:156)
	at org.apache.hadoop.hdds.security.x509.certificate.client.DefaultCertificateClient.updateCertSerialId(DefaultCertificateClient.java:1206)
	at org.apache.hadoop.hdds.security.x509.certificate.client.DefaultCertificateClient.<init>(DefaultCertificateClient.java:148)
	at org.apache.hadoop.hdds.security.x509.certificate.client.SCMCertificateClient.<init>(SCMCertificateClient.java:54)
	at org.apache.hadoop.hdds.scm.ha.HASecurityUtils.initializeSecurity(HASecurityUtils.java:97)
	at org.apache.hadoop.ozone.TestSecureOzoneCluster.initSCM(TestSecureOzoneCluster.java:431)
	at org.apache.hadoop.ozone.TestSecureOzoneCluster.testSCMSecurityProtocol(TestSecureOzoneCluster.java:344)
	at sun.reflect.NativeMethodAccessorImpl.invoke0(Native Method)
	at sun.reflect.NativeMethodAccessorImpl.invoke(NativeMethodAccessorImpl.java:62)
	at sun.reflect.DelegatingMethodAccessorImpl.invoke(DelegatingMethodAccessorImpl.java:43)
	at java.lang.reflect.Method.invoke(Method.java:498)
	at org.junit.runners.model.FrameworkMethod$1.runReflectiveCall(FrameworkMethod.java:59)
	at org.junit.internal.runners.model.ReflectiveCallable.run(ReflectiveCallable.java:12)
	at org.junit.runners.model.FrameworkMethod.invokeExplosively(FrameworkMethod.java:56)
	at org.junit.internal.runners.statements.InvokeMethod.evaluate(InvokeMethod.java:17)
	at org.junit.internal.runners.statements.RunBefores.evaluate(RunBefores.java:26)
	at org.junit.internal.runners.statements.RunAfters.evaluate(RunAfters.java:27)
	at org.junit.rules.ExternalResource$1.evaluate(ExternalResource.java:54)
	at org.junit.internal.runners.statements.FailOnTimeout$CallableStatement.call(FailOnTimeout.java:288)
	at org.junit.internal.runners.statements.FailOnTimeout$CallableStatement.call(FailOnTimeout.java:282)
	at java.util.concurrent.FutureTask.run(FutureTask.java:266)
	at java.lang.Thread.run(Thread.java:750)
2023-06-19 20:30:29,575 [Time-limited test] WARN  client.SCMCertificateClient (DefaultCertificateClient.java:loadAllCertificates(161)) - Certificates could not be loaded.
java.nio.file.NoSuchFileException: /tmp/junit4407372963769415496/junit7301616861901887403/scm-meta/scm/sub-ca/certs
	at sun.nio.fs.UnixException.translateToIOException(UnixException.java:86)
	at sun.nio.fs.UnixException.rethrowAsIOException(UnixException.java:102)
	at sun.nio.fs.UnixException.rethrowAsIOException(UnixException.java:107)
	at sun.nio.fs.UnixFileSystemProvider.newDirectoryStream(UnixFileSystemProvider.java:427)
	at java.nio.file.Files.newDirectoryStream(Files.java:457)
	at java.nio.file.Files.list(Files.java:3451)
	at org.apache.hadoop.hdds.security.x509.certificate.client.DefaultCertificateClient.loadAllCertificates(DefaultCertificateClient.java:156)
	at org.apache.hadoop.hdds.security.x509.certificate.client.DefaultCertificateClient.getCertPath(DefaultCertificateClient.java:324)
	at org.apache.hadoop.hdds.security.x509.certificate.client.DefaultCertificateClient.getCertificate(DefaultCertificateClient.java:300)
	at org.apache.hadoop.hdds.security.x509.certificate.client.DefaultCertificateClient.init(DefaultCertificateClient.java:669)
	at org.apache.hadoop.hdds.scm.ha.HASecurityUtils.initializeSecurity(HASecurityUtils.java:98)
	at org.apache.hadoop.ozone.TestSecureOzoneCluster.initSCM(TestSecureOzoneCluster.java:431)
	at org.apache.hadoop.ozone.TestSecureOzoneCluster.testSCMSecurityProtocol(TestSecureOzoneCluster.java:344)
	at sun.reflect.NativeMethodAccessorImpl.invoke0(Native Method)
	at sun.reflect.NativeMethodAccessorImpl.invoke(NativeMethodAccessorImpl.java:62)
	at sun.reflect.DelegatingMethodAccessorImpl.invoke(DelegatingMethodAccessorImpl.java:43)
	at java.lang.reflect.Method.invoke(Method.java:498)
	at org.junit.runners.model.FrameworkMethod$1.runReflectiveCall(FrameworkMethod.java:59)
	at org.junit.internal.runners.model.ReflectiveCallable.run(ReflectiveCallable.java:12)
	at org.junit.runners.model.FrameworkMethod.invokeExplosively(FrameworkMethod.java:56)
	at org.junit.internal.runners.statements.InvokeMethod.evaluate(InvokeMethod.java:17)
	at org.junit.internal.runners.statements.RunBefores.evaluate(RunBefores.java:26)
	at org.junit.internal.runners.statements.RunAfters.evaluate(RunAfters.java:27)
	at org.junit.rules.ExternalResource$1.evaluate(ExternalResource.java:54)
	at org.junit.internal.runners.statements.FailOnTimeout$CallableStatement.call(FailOnTimeout.java:288)
	at org.junit.internal.runners.statements.FailOnTimeout$CallableStatement.call(FailOnTimeout.java:282)
	at java.util.concurrent.FutureTask.run(FutureTask.java:266)
	at java.lang.Thread.run(Thread.java:750)
2023-06-19 20:30:29,580 [Time-limited test] INFO  client.SCMCertificateClient (DefaultCertificateClient.java:init(692)) - Certificate client init case: 0
2023-06-19 20:30:29,580 [Time-limited test] INFO  client.SCMCertificateClient (SCMCertificateClient.java:handleCase(68)) - Creating keypair for client as keypair and certificate not found.
2023-06-19 20:30:29,847 [Time-limited test] INFO  ha.HASecurityUtils (HASecurityUtils.java:initializeSecurity(99)) - Init response: GETCERT
2023-06-19 20:30:30,115 [Time-limited test] INFO  ozone.OzoneSecurityUtil (OzoneSecurityUtil.java:getValidInetsForCurrentHost(119)) - ip:fe80:0:0:0:20d:3aff:fe5b:c2ca%eth0 not returned.
2023-06-19 20:30:30,116 [Time-limited test] INFO  ozone.OzoneSecurityUtil (OzoneSecurityUtil.java:getValidInetsForCurrentHost(116)) - Adding ip:10.1.0.14,host:fv-az616-238
2023-06-19 20:30:30,116 [Time-limited test] INFO  ozone.OzoneSecurityUtil (OzoneSecurityUtil.java:getValidInetsForCurrentHost(119)) - ip:0:0:0:0:0:0:0:1%lo not returned.
2023-06-19 20:30:30,116 [Time-limited test] INFO  ozone.OzoneSecurityUtil (OzoneSecurityUtil.java:getValidInetsForCurrentHost(119)) - ip:127.0.0.1 not returned.
2023-06-19 20:30:30,119 [Time-limited test] ERROR utils.SelfSignedCertificate (SelfSignedCertificate.java:lambda$addInetAddresses$0(245)) - Invalid domain fv-az616-238
2023-06-19 20:30:30,184 [Time-limited test] INFO  utils.SelfSignedCertificate (SelfSignedCertificate.java:generateCertificate(158)) - Certificate 1 is issued by CN=scm@fv-az616-238,OU=462acbf0-2aed-4b4b-a18f-67c2da473f15,O=68e9e27a-78f7-42eb-8fa8-46e5a35a1df2 to CN=scm@fv-az616-238,OU=462acbf0-2aed-4b4b-a18f-67c2da473f15,O=68e9e27a-78f7-42eb-8fa8-46e5a35a1df2, valid from Mon Jun 19 20:30:30 UTC 2023 to Thu Jul 27 20:30:30 UTC 2028
2023-06-19 20:30:30,214 [Time-limited test] INFO  ozone.OzoneSecurityUtil (OzoneSecurityUtil.java:getValidInetsForCurrentHost(119)) - ip:fe80:0:0:0:20d:3aff:fe5b:c2ca%eth0 not returned.
2023-06-19 20:30:30,214 [Time-limited test] INFO  ozone.OzoneSecurityUtil (OzoneSecurityUtil.java:getValidInetsForCurrentHost(116)) - Adding ip:10.1.0.14,host:fv-az616-238
2023-06-19 20:30:30,215 [Time-limited test] INFO  ozone.OzoneSecurityUtil (OzoneSecurityUtil.java:getValidInetsForCurrentHost(119)) - ip:0:0:0:0:0:0:0:1%lo not returned.
2023-06-19 20:30:30,215 [Time-limited test] INFO  ozone.OzoneSecurityUtil (OzoneSecurityUtil.java:getValidInetsForCurrentHost(119)) - ip:127.0.0.1 not returned.
2023-06-19 20:30:30,218 [Time-limited test] ERROR utils.CertificateSignRequest (CertificateSignRequest.java:lambda$addInetAddresses$0(296)) - Invalid domain fv-az616-238
2023-06-19 20:30:30,219 [Time-limited test] INFO  ha.HASecurityUtils (HASecurityUtils.java:generateCSR(280)) - Creating csr for SCM->hostName:fv-az616-238,scmId:462acbf0-2aed-4b4b-a18f-67c2da473f15,clusterId:68e9e27a-78f7-42eb-8fa8-46e5a35a1df2,subject:scm-sub@fv-az616-238
2023-06-19 20:30:30,300 [Time-limited test] INFO  ha.HASecurityUtils (HASecurityUtils.java:initializeSecurity(112)) - Successfully stored SCM signed certificate.
2023-06-19 20:30:30,355 [Time-limited test] WARN  server.ServerUtils (ServerUtils.java:getScmDbDir(155)) - ozone.scm.db.dirs is not configured. We recommend adding this setting. Falling back to ozone.metadata.dirs instead.
2023-06-19 20:30:30,360 [Time-limited test] INFO  ha.SCMHANodeDetails (SCMHANodeDetails.java:loadSCMHAConfig(210)) - ServiceID for StorageContainerManager is null
2023-06-19 20:30:30,361 [Time-limited test] INFO  ha.SCMHANodeDetails (SCMHANodeDetails.java:loadSCMHAConfig(215)) - ozone.scm.default.service.id is not defined, falling back to ozone.scm.service.ids to find serviceID for StorageContainerManager if it is HA enabled cluster
2023-06-19 20:30:30,433 [Time-limited test] INFO  client.SCMCertificateClient (DefaultCertificateClient.java:readCertificateFile(196)) - Added certificate   [0]         Version: 3
         SerialNumber: 5119787149001
             IssuerDN: CN=scm@fv-az616-238,OU=462acbf0-2aed-4b4b-a18f-67c2da473f15,O=68e9e27a-78f7-42eb-8fa8-46e5a35a1df2
           Start Date: Mon Jun 19 20:30:30 UTC 2023
           Final Date: Thu Jul 27 20:30:30 UTC 2028
            SubjectDN: CN=scm-sub@fv-az616-238,OU=462acbf0-2aed-4b4b-a18f-67c2da473f15,O=68e9e27a-78f7-42eb-8fa8-46e5a35a1df2
           Public Key: RSA Public Key [59:68:ee:19:a9:d9:d2:50:fb:10:65:71:83:ea:c8:45:3a:04:fc:86],[56:66:d1:a4]
        modulus: a7c1768ccc336215d105cf3a6d69e6dac6a806753431a8afe2d507de6ca51d4e0eed93250d06f3e2bb4d8dd2db8978801b72f4a570fc85e90d406353468b9921bb096bdc1ecfa65a1b1816c6cb8d092b856dd64aaf6364e5a5103c6a8bb07684b2da91681917604d16d3e343c6cea6efcdc154b810740df34d6ab14bcd605da644132e2a3634115bacd2c4d8fa7779beeac6a9ccc565b3320991f73c4ac54e9776e2dcd2a3cd674de6222fb64f936d6fa7a9d237ab11a00844b0f106a1ed57f63eb2bffd0ff538bf4d407dd509a3f2ddb44b44261c910f4b0e546907b4707d46926a3c50b8074caf9ccc62dd3f986bf7e7d72367dc85fd20c7489fdd481431cd
public exponent: 10001

  Signature Algorithm: SHA256WITHRSA
            Signature: 3df10badcc75744484cce297a8c7a5950133492f
                       8529820def7ed714b7ed0ae37dee0720f7651ef8
                       2488b784e0bf6da79d1d50f371889bcef1d99530
                       f2992c38f969989156ded7a719a6f767662317f8
                       d201c115e1c0101b4350a4959ae6f76663d91ef2
                       4e58c50075410429cef1a38b7a16e259218f0363
                       4bcc3ab3cabd3a3960d920baa9e7de2928b4777c
                       4f11c3830aad4e8404b81ce0e0633b38e424ca0c
                       a7d1c019ab76b40df2da010450c69cee8dc16dc4
                       966b19d31cf4252babe834fc25083b318755dc4f
                       60d8af5e9bcef317fcbae9d74b73168b2f2d79ce
                       764098b26362e3b444278a80fe69d7a98edc1b53
                       f20b9e59e95359483b0a8c6af9e2e5f2
       Extensions: 
                       critical(false) 2.5.29.17 value = Sequence
    Tagged [7] IMPLICIT 
        DER Octet String[4] 

                       critical(true) BasicConstraints: isCa(true)
                       critical(true) KeyUsage: 0xbe
 from file: /tmp/junit4407372963769415496/junit7301616861901887403/scm-meta/scm/sub-ca/certs/certificate.crt.
2023-06-19 20:30:30,436 [Time-limited test] INFO  client.SCMCertificateClient (DefaultCertificateClient.java:readCertificateFile(196)) - Added certificate   [0]         Version: 3
         SerialNumber: 5119787149001
             IssuerDN: CN=scm@fv-az616-238,OU=462acbf0-2aed-4b4b-a18f-67c2da473f15,O=68e9e27a-78f7-42eb-8fa8-46e5a35a1df2
           Start Date: Mon Jun 19 20:30:30 UTC 2023
           Final Date: Thu Jul 27 20:30:30 UTC 2028
            SubjectDN: CN=scm-sub@fv-az616-238,OU=462acbf0-2aed-4b4b-a18f-67c2da473f15,O=68e9e27a-78f7-42eb-8fa8-46e5a35a1df2
           Public Key: RSA Public Key [59:68:ee:19:a9:d9:d2:50:fb:10:65:71:83:ea:c8:45:3a:04:fc:86],[56:66:d1:a4]
        modulus: a7c1768ccc336215d105cf3a6d69e6dac6a806753431a8afe2d507de6ca51d4e0eed93250d06f3e2bb4d8dd2db8978801b72f4a570fc85e90d406353468b9921bb096bdc1ecfa65a1b1816c6cb8d092b856dd64aaf6364e5a5103c6a8bb07684b2da91681917604d16d3e343c6cea6efcdc154b810740df34d6ab14bcd605da644132e2a3634115bacd2c4d8fa7779beeac6a9ccc565b3320991f73c4ac54e9776e2dcd2a3cd674de6222fb64f936d6fa7a9d237ab11a00844b0f106a1ed57f63eb2bffd0ff538bf4d407dd509a3f2ddb44b44261c910f4b0e546907b4707d46926a3c50b8074caf9ccc62dd3f986bf7e7d72367dc85fd20c7489fdd481431cd
public exponent: 10001

  Signature Algorithm: SHA256WITHRSA
            Signature: 3df10badcc75744484cce297a8c7a5950133492f
                       8529820def7ed714b7ed0ae37dee0720f7651ef8
                       2488b784e0bf6da79d1d50f371889bcef1d99530
                       f2992c38f969989156ded7a719a6f767662317f8
                       d201c115e1c0101b4350a4959ae6f76663d91ef2
                       4e58c50075410429cef1a38b7a16e259218f0363
                       4bcc3ab3cabd3a3960d920baa9e7de2928b4777c
                       4f11c3830aad4e8404b81ce0e0633b38e424ca0c
                       a7d1c019ab76b40df2da010450c69cee8dc16dc4
                       966b19d31cf4252babe834fc25083b318755dc4f
                       60d8af5e9bcef317fcbae9d74b73168b2f2d79ce
                       764098b26362e3b444278a80fe69d7a98edc1b53
                       f20b9e59e95359483b0a8c6af9e2e5f2
       Extensions: 
                       critical(false) 2.5.29.17 value = Sequence
    Tagged [7] IMPLICIT 
        DER Octet String[4] 

                       critical(true) BasicConstraints: isCa(true)
                       critical(true) KeyUsage: 0xbe
 from file: /tmp/junit4407372963769415496/junit7301616861901887403/scm-meta/scm/sub-ca/certs/5119787149001.crt.
2023-06-19 20:30:30,442 [Time-limited test] INFO  client.SCMCertificateClient (DefaultCertificateClient.java:readCertificateFile(196)) - Added certificate   [0]         Version: 3
         SerialNumber: 1
             IssuerDN: CN=scm@fv-az616-238,OU=462acbf0-2aed-4b4b-a18f-67c2da473f15,O=68e9e27a-78f7-42eb-8fa8-46e5a35a1df2
           Start Date: Mon Jun 19 20:30:30 UTC 2023
           Final Date: Thu Jul 27 20:30:30 UTC 2028
            SubjectDN: CN=scm@fv-az616-238,OU=462acbf0-2aed-4b4b-a18f-67c2da473f15,O=68e9e27a-78f7-42eb-8fa8-46e5a35a1df2
           Public Key: RSA Public Key [67:ce:d7:5c:ef:96:38:10:6d:9e:98:1c:5c:f5:3e:77:20:15:e8:69],[56:66:d1:a4]
        modulus: 8d0d0a35b7f3e7b8a8095a1300d47dee486fd26f9bef4de7531e4beedcf24667d2f5974a7afddd72f3277034dea7f068085e2b9f1126e7372c148e05799f9c569e6571d1d8131729e3e3c744615153aa9c15f9a27a80dc7c14c2e6df897a51d9e0f9498790b8a24861ba2049588ba659035fcbb90f5a6cb3015ad09a827c9b5b4508234da78aec6fb568760010b97a7e44f396432d644129dd30db64b070f5248ba3c938521c397966a2e141194b2a2ebb587c798c4ce84084e8b1b79f8774a3e84e9df06a91a59418820ee84ba5e1201dc1abe413f3d99ae14854e73b6f42105e59b9141feac43b74468f921a8371d54b73c54083a795df923ddc8d8b829ed1
public exponent: 10001

  Signature Algorithm: SHA256WITHRSA
            Signature: 002c6606f2bc391e28b8d997424d6553fa037277
                       b05ed9ce0483d04445a56d1c300213e56bf4ae76
                       3e728e58bc30693dd51634b2cd7696ef09a6e504
                       7ba7696638695ea638367f949ee091124e8c9d77
                       701badb18228bf75347a01f73e688cec42a20f44
                       c95eaea5ee28a99347aba64ba9c360e70fa7c7c8
                       0e0b1665599d11d73478c05c6490403803492412
                       bdd69d94a5236aed8bb6b7991311fb1ab56c249c
                       68d3b11562140aaa99eca85a5c41aa06f9388759
                       e6f0a15b8202f353e1c3822ce2f4d6db8134d03e
                       6b44ca540ce0763a8e660c85f770627bc6eadd2f
                       87f9ef91dcf310bc03b8280113bcf278a6eaa5f9
                       f58004cd6617e58fb71132b4219a873b
       Extensions: 
                       critical(true) BasicConstraints: isCa(true)
                       critical(true) KeyUsage: 0x6
                       critical(false) 2.5.29.17 value = Sequence
    Tagged [7] IMPLICIT 
        DER Octet String[4] 

 from file: /tmp/junit4407372963769415496/junit7301616861901887403/scm-meta/scm/sub-ca/certs/CA-1.crt.
2023-06-19 20:30:30,447 [Time-limited test] INFO  client.SCMCertificateClient (DefaultCertificateClient.java:startCertificateMonitor(1260)) - CertificateLifetimeMonitor for scm/sub-ca is started with first delay 161135989556 ms and interval 3333 ms.
2023-06-19 20:30:30,531 [pool-2-thread-1] INFO  request.KdcRequest (KdcRequest.java:preauth(651)) - The preauth data is empty.
2023-06-19 20:30:30,539 [pool-2-thread-1] INFO  server.KdcHandler (KdcHandler.java:handleRecoverableException(177)) - KRB error occurred while processing request:Additional pre-authentication required
2023-06-19 20:30:30,593 [pool-2-thread-1] INFO  request.AsRequest (AsRequest.java:issueTicket(112)) - AS_REQ ISSUE: authtime 1687206630590,scm/fv-az616-238@EXAMPLE.COM for krbtgt/EXAMPLE.COM@EXAMPLE.COM
2023-06-19 20:30:30,606 [Time-limited test] INFO  security.UserGroupInformation (UserGroupInformation.java:loginUserFromKeytab(1132)) - Login successful for user scm/fv-az616-238@EXAMPLE.COM using keytab file scm.keytab. Keytab auto renewal enabled : false
2023-06-19 20:30:30,606 [Time-limited test] INFO  server.StorageContainerManager (StorageContainerManager.java:loginAsSCMUserIfSecurityEnabled(1042)) - SCM login successful.
2023-06-19 20:30:30,726 [Time-limited test] WARN  utils.HAUtils (HAUtils.java:getMetaDir(339)) - ozone.scm.db.dirs is not configured. We recommend adding this setting. Falling back to ozone.metadata.dirs instead.
2023-06-19 20:30:30,901 [Time-limited test] WARN  db.DBStoreBuilder (DBStoreBuilder.java:applyDBDefinition(165)) - ozone.scm.db.dirs is not configured. We recommend adding this setting. Falling back to ozone.metadata.dirs instead.
2023-06-19 20:30:31,228 [Time-limited test] INFO  net.NodeSchemaLoader (NodeSchemaLoader.java:loadSchemaFromFile(129)) - Loading schema from [jar:file:/home/runner/.m2/repository/org/apache/ozone/hdds-common/1.4.0-SNAPSHOT/hdds-common-1.4.0-SNAPSHOT.jar!/network-topology-default.xml]
2023-06-19 20:30:31,229 [Time-limited test] INFO  net.NodeSchemaLoader (NodeSchemaLoader.java:loadSchema(176)) - Loading network topology layer schema file
2023-06-19 20:30:31,284 [Time-limited test] INFO  metrics.MetricRegistries (MetricRegistriesLoader.java:load(64)) - Loaded MetricRegistries class org.apache.ratis.metrics.impl.MetricRegistriesImpl
2023-06-19 20:30:31,305 [Time-limited test] INFO  upgrade.AbstractLayoutVersionManager (AbstractLayoutVersionManager.java:init(83)) - Initializing Layout version manager with metadata layout = HADOOP_PRC_PORTS_IN_DATANODEDETAILS (version = 7), software layout = HADOOP_PRC_PORTS_IN_DATANODEDETAILS (version = 7)
2023-06-19 20:30:31,546 [Time-limited test] INFO  ha.SequenceIdGenerator (SequenceIdGenerator.java:upgradeToSequenceId(349)) - upgrade localId to 111677748019200000
2023-06-19 20:30:31,548 [Time-limited test] INFO  ha.SequenceIdGenerator (SequenceIdGenerator.java:upgradeToSequenceId(359)) - upgrade delTxnId to 0
2023-06-19 20:30:31,555 [Time-limited test] INFO  ha.SequenceIdGenerator (SequenceIdGenerator.java:upgradeToSequenceId(376)) - upgrade containerId to 0
2023-06-19 20:30:31,558 [Time-limited test] INFO  ha.SequenceIdGenerator (SequenceIdGenerator.java:<init>(220)) - Init the HA SequenceIdGenerator.
2023-06-19 20:30:31,758 [Time-limited test] INFO  node.SCMNodeManager (SCMNodeManager.java:<init>(158)) - Entering startup safe mode.
2023-06-19 20:30:31,790 [Time-limited test] INFO  algorithms.ContainerPlacementPolicyFactory (ContainerPlacementPolicyFactory.java:getPolicyInternal(86)) - Create container placement policy of type org.apache.hadoop.hdds.scm.container.placement.algorithms.SCMContainerPlacementRackAware
2023-06-19 20:30:31,794 [Time-limited test] INFO  algorithms.ContainerPlacementPolicyFactory (ContainerPlacementPolicyFactory.java:getPolicyInternal(86)) - Create container placement policy of type org.apache.hadoop.hdds.scm.container.placement.algorithms.SCMContainerPlacementRackScatter
2023-06-19 20:30:31,806 [Time-limited test] INFO  pipeline.PipelineStateManagerImpl (PipelineStateManagerImpl.java:initialize(78)) - No pipeline exists in current db
2023-06-19 20:30:31,826 [Time-limited test] INFO  algorithms.LeaderChoosePolicyFactory (LeaderChoosePolicyFactory.java:getPolicy(57)) - Create leader choose policy of type org.apache.hadoop.hdds.scm.pipeline.leader.choose.algorithms.MinLeaderCountChoosePolicy
2023-06-19 20:30:31,827 [Time-limited test] INFO  algorithms.ContainerPlacementPolicyFactory (ContainerPlacementPolicyFactory.java:getPolicyInternal(86)) - Create container placement policy of type org.apache.hadoop.hdds.scm.container.placement.algorithms.SCMContainerPlacementRackScatter
2023-06-19 20:30:31,836 [Time-limited test] INFO  ha.SCMServiceManager (SCMServiceManager.java:register(42)) - Registering service BackgroundPipelineCreator.
2023-06-19 20:30:31,836 [Time-limited test] INFO  pipeline.BackgroundPipelineCreator (BackgroundPipelineCreator.java:start(124)) - Starting RatisPipelineUtilsThread.
2023-06-19 20:30:31,840 [Time-limited test] INFO  BackgroundPipelineScrubber (BackgroundSCMService.java:start(68)) - Starting BackgroundPipelineScrubber Service.
2023-06-19 20:30:31,844 [Time-limited test] INFO  ha.SCMServiceManager (SCMServiceManager.java:register(42)) - Registering service BackgroundPipelineScrubber.
2023-06-19 20:30:31,860 [Time-limited test] INFO  ExpiredContainerReplicaOpScrubber (BackgroundSCMService.java:start(68)) - Starting ExpiredContainerReplicaOpScrubber Service.
2023-06-19 20:30:31,861 [Time-limited test] INFO  ha.SCMServiceManager (SCMServiceManager.java:register(42)) - Registering service ExpiredContainerReplicaOpScrubber.
2023-06-19 20:30:31,915 [Time-limited test] INFO  algorithms.PipelineChoosePolicyFactory (PipelineChoosePolicyFactory.java:createPipelineChoosePolicyFromClass(73)) - Create pipeline choose policy of type org.apache.hadoop.hdds.scm.pipeline.choose.algorithms.RandomPipelineChoosePolicy
2023-06-19 20:30:31,947 [Time-limited test] INFO  ha.SCMServiceManager (SCMServiceManager.java:register(42)) - Registering service SCMBlockDeletingService.
2023-06-19 20:30:32,031 [Time-limited test] INFO  replication.ReplicationManager (ReplicationManager.java:start(286)) - Starting Replication Monitor Thread.
2023-06-19 20:30:32,065 [Time-limited test] INFO  ha.SCMServiceManager (SCMServiceManager.java:register(42)) - Registering service ReplicationManager.
2023-06-19 20:30:32,075 [ReplicationMonitor] INFO  replication.ReplicationManager (ReplicationManager.java:processAll(361)) - Replication Manager is not ready to run until 300000ms after safemode exit
2023-06-19 20:30:32,089 [Time-limited test] INFO  safemode.ContainerSafeModeRule (ContainerSafeModeRule.java:<init>(89)) - containers with one replica threshold count 0
2023-06-19 20:30:32,095 [Time-limited test] INFO  safemode.HealthyPipelineSafeModeRule (HealthyPipelineSafeModeRule.java:initializeRule(169)) - Total pipeline count is 0, healthy pipeline threshold count is 0
2023-06-19 20:30:32,098 [Time-limited test] INFO  safemode.OneReplicaPipelineSafeModeRule (OneReplicaPipelineSafeModeRule.java:initializeRule(180)) - Total pipeline count is 0, pipeline's with at least one datanode reported threshold count is 0
2023-06-19 20:30:32,136 [Time-limited test] INFO  authority.DefaultCAServer (DefaultCAServer.java:lambda$processVerificationStatus$0(465)) - CertificateServer validation is successful
2023-06-19 20:30:32,138 [Time-limited test] INFO  authority.DefaultCAServer (DefaultCAServer.java:lambda$processVerificationStatus$0(465)) - CertificateServer validation is successful
2023-06-19 20:30:32,139 [Time-limited test] INFO  server.StorageContainerManager (StorageContainerManager.java:persistPrimarySCMCerts(910)) - Storing sub-ca certificate serialId 5119787149001 on primary SCM
2023-06-19 20:30:32,165 [Time-limited test] INFO  server.StorageContainerManager (StorageContainerManager.java:persistPrimarySCMCerts(918)) - Storing root certificate serialId 1
2023-06-19 20:30:32,233 [Time-limited test] INFO  ipc.CallQueueManager (CallQueueManager.java:<init>(90)) - Using callQueue: class java.util.concurrent.LinkedBlockingQueue, queueCapacity: 200, scheduler: class org.apache.hadoop.ipc.DefaultRpcScheduler, ipcBackoff: false.
2023-06-19 20:30:32,292 [Socket Reader #1 for port 9961] INFO  ipc.Server (Server.java:run(1319)) - Starting Socket Reader #1 for port 9961
2023-06-19 20:30:32,353 [Listener at 0.0.0.0/9961] INFO  hdds.HddsUtils (HddsUtils.java:preserveThreadName(848)) - Restoring thread name: Time-limited test
2023-06-19 20:30:32,367 [Time-limited test] INFO  ha.SCMServiceManager (SCMServiceManager.java:register(42)) - Registering service RootCARotationManager.
2023-06-19 20:30:32,368 [Time-limited test] INFO  server.StorageContainerManager (StorageContainerManager.java:<init>(414)) - SCM start with adminUsers: [runner, scm]
2023-06-19 20:30:32,771 [Time-limited test] INFO  audit.AuditLogger (AuditLogger.java:refreshDebugCmdSet(126)) - Refresh DebugCmdSet for SCMAudit to [].
2023-06-19 20:30:32,780 [Time-limited test] INFO  ipc.CallQueueManager (CallQueueManager.java:<init>(90)) - Using callQueue: class java.util.concurrent.LinkedBlockingQueue, queueCapacity: 10000, scheduler: class org.apache.hadoop.ipc.DefaultRpcScheduler, ipcBackoff: false.
2023-06-19 20:30:32,785 [Listener at 0.0.0.0/9861] INFO  hdds.HddsUtils (HddsUtils.java:preserveThreadName(848)) - Restoring thread name: Time-limited test
2023-06-19 20:30:32,781 [Socket Reader #1 for port 9861] INFO  ipc.Server (Server.java:run(1319)) - Starting Socket Reader #1 for port 9861
2023-06-19 20:30:32,825 [Time-limited test] INFO  audit.AuditLogger (AuditLogger.java:refreshDebugCmdSet(126)) - Refresh DebugCmdSet for SCMAudit to [].
2023-06-19 20:30:32,840 [Time-limited test] INFO  ipc.CallQueueManager (CallQueueManager.java:<init>(90)) - Using callQueue: class java.util.concurrent.LinkedBlockingQueue, queueCapacity: 10000, scheduler: class org.apache.hadoop.ipc.DefaultRpcScheduler, ipcBackoff: false.
2023-06-19 20:30:32,842 [Socket Reader #1 for port 9863] INFO  ipc.Server (Server.java:run(1319)) - Starting Socket Reader #1 for port 9863
2023-06-19 20:30:32,849 [Listener at 0.0.0.0/9863] INFO  hdds.HddsUtils (HddsUtils.java:preserveThreadName(848)) - Restoring thread name: Time-limited test
2023-06-19 20:30:32,900 [Time-limited test] INFO  audit.AuditLogger (AuditLogger.java:refreshDebugCmdSet(126)) - Refresh DebugCmdSet for SCMAudit to [].
2023-06-19 20:30:32,915 [Time-limited test] INFO  ipc.CallQueueManager (CallQueueManager.java:<init>(90)) - Using callQueue: class java.util.concurrent.LinkedBlockingQueue, queueCapacity: 10000, scheduler: class org.apache.hadoop.ipc.DefaultRpcScheduler, ipcBackoff: false.
2023-06-19 20:30:32,920 [Socket Reader #1 for port 9860] INFO  ipc.Server (Server.java:run(1319)) - Starting Socket Reader #1 for port 9860
2023-06-19 20:30:32,922 [Listener at 0.0.0.0/9860] INFO  hdds.HddsUtils (HddsUtils.java:preserveThreadName(848)) - Restoring thread name: Time-limited test
2023-06-19 20:30:32,990 [Time-limited test] INFO  ha.SCMServiceManager (SCMServiceManager.java:register(42)) - Registering service ContainerBalancer.
2023-06-19 20:30:32,991 [Time-limited test] INFO  server.StorageContainerManager (StorageContainerManager.java:<init>(427)) - 
Container Balancer status:
Key                            Value
Running                        false
Container Balancer Configuration values:
Key                                                Value
Threshold                                          10
Max Datanodes to Involve per Iteration(percent)    20
Max Size to Move per Iteration                     500GB
Max Size Entering Target per Iteration             26GB
Max Size Leaving Source per Iteration              26GB

2023-06-19 20:30:32,991 [Time-limited test] INFO  ha.SCMContext (SCMContext.java:updateSafeModeStatus(228)) - Update SafeModeStatus from SafeModeStatus{safeModeStatus=true, preCheckPassed=false} to SafeModeStatus{safeModeStatus=true, preCheckPassed=false}.
2023-06-19 20:30:32,996 [Time-limited test] INFO  server.StorageContainerManager (StorageContainerManager.java:start(1483)) - StorageContainerLocationProtocol RPC server is listening at /0.0.0.0:9860
2023-06-19 20:30:33,121 [Time-limited test] WARN  impl.MetricsConfig (MetricsConfig.java:loadFirst(136)) - Cannot locate configuration: tried hadoop-metrics2-storagecontainermanager.properties,hadoop-metrics2.properties
2023-06-19 20:30:33,143 [Time-limited test] INFO  impl.MetricsSystemImpl (MetricsSystemImpl.java:startTimer(378)) - Scheduled Metric snapshot period at 10 second(s).
2023-06-19 20:30:33,143 [Time-limited test] INFO  impl.MetricsSystemImpl (MetricsSystemImpl.java:start(191)) - StorageContainerManager metrics system started
2023-06-19 20:30:33,488 [Time-limited test] INFO  server.SCMClientProtocolServer (SCMClientProtocolServer.java:start(201)) - RPC server for Client  is listening at /0.0.0.0:9860
2023-06-19 20:30:33,489 [IPC Server Responder] INFO  ipc.Server (Server.java:run(1558)) - IPC Server Responder: starting
2023-06-19 20:30:33,490 [IPC Server listener on 9860] INFO  ipc.Server (Server.java:run(1398)) - IPC Server listener on 9860: starting
2023-06-19 20:30:33,574 [Time-limited test] INFO  server.StorageContainerManager (StorageContainerManager.java:start(1496)) - ScmBlockLocationProtocol RPC server is listening at /0.0.0.0:9863
2023-06-19 20:30:33,575 [Time-limited test] INFO  server.SCMBlockProtocolServer (SCMBlockProtocolServer.java:start(152)) - RPC server for Block Protocol is listening at /0.0.0.0:9863
2023-06-19 20:30:33,576 [IPC Server Responder] INFO  ipc.Server (Server.java:run(1558)) - IPC Server Responder: starting
2023-06-19 20:30:33,576 [IPC Server listener on 9863] INFO  ipc.Server (Server.java:run(1398)) - IPC Server listener on 9863: starting
2023-06-19 20:30:33,598 [Time-limited test] INFO  server.SCMDatanodeProtocolServer (SCMDatanodeProtocolServer.java:start(193)) - ScmDatanodeProtocol RPC server for DataNodes is listening at /0.0.0.0:9861
2023-06-19 20:30:33,601 [IPC Server listener on 9861] INFO  ipc.Server (Server.java:run(1398)) - IPC Server listener on 9861: starting
2023-06-19 20:30:33,633 [Time-limited test] INFO  server.SCMSecurityProtocolServer (SCMSecurityProtocolServer.java:start(465)) - Starting RPC server for SCMSecurityProtocolServer. is listening at /0.0.0.0:9961
2023-06-19 20:30:33,636 [Time-limited test] INFO  server.SCMUpdateServiceGrpcServer (SCMUpdateServiceGrpcServer.java:start(58)) - SCMUpdateService starting
2023-06-19 20:30:33,663 [IPC Server Responder] INFO  ipc.Server (Server.java:run(1558)) - IPC Server Responder: starting
2023-06-19 20:30:33,664 [IPC Server listener on 9961] INFO  ipc.Server (Server.java:run(1398)) - IPC Server listener on 9961: starting
2023-06-19 20:30:33,664 [IPC Server Responder] INFO  ipc.Server (Server.java:run(1558)) - IPC Server Responder: starting
2023-06-19 20:30:33,977 [Time-limited test] INFO  security.RootCARotationManager (RootCARotationManager.java:start(135)) - Monitor task for root certificate 1 is started with interval PT9S.
2023-06-19 20:30:33,997 [JvmPauseMonitor0] INFO  util.JvmPauseMonitor (JvmPauseMonitor.java:run(103)) - JvmPauseMonitor-462acbf0-2aed-4b4b-a18f-67c2da473f15: Started
2023-06-19 20:30:34,012 [Time-limited test] INFO  http.BaseHttpServer (BaseHttpServer.java:newHttpServer2BuilderForOzone(224)) - Starting Web-server for scm at: http://0.0.0.0:9876
2023-06-19 20:30:34,013 [Time-limited test] INFO  http.BaseHttpServer (BaseHttpServer.java:<init>(111)) - Hadoop Security Enabled: true Ozone Security Enabled: true Ozone HTTP Security Enabled: false 
2023-06-19 20:30:34,047 [Time-limited test] INFO  util.log (Log.java:initialized(170)) - Logging initialized @8486ms to org.eclipse.jetty.util.log.Slf4jLog
2023-06-19 20:30:34,181 [Time-limited test] WARN  server.AuthenticationFilter (AuthenticationFilter.java:constructSecretProvider(240)) - Unable to initialize FileSignerSecretProvider, falling back to use random secrets. Reason: Could not read signature secret file: /home/runner/hadoop-http-auth-signature-secret
2023-06-19 20:30:34,202 [Time-limited test] INFO  http.HttpRequestLog (HttpRequestLog.java:getRequestLog(86)) - Http request log for http.requests.scm is not defined
2023-06-19 20:30:34,213 [Time-limited test] INFO  http.HttpServer2 (HttpServer2.java:addGlobalFilter(1031)) - Added global filter 'safety' (class=org.apache.hadoop.hdds.server.http.HttpServer2$QuotingInputFilter)
2023-06-19 20:30:34,217 [Time-limited test] INFO  http.HttpServer2 (HttpServer2.java:addFilter(1007)) - Added filter static_user_filter (class=org.apache.hadoop.http.lib.StaticUserWebFilter$StaticUserFilter) to context scm
2023-06-19 20:30:34,217 [Time-limited test] INFO  http.HttpServer2 (HttpServer2.java:addFilter(1015)) - Added filter static_user_filter (class=org.apache.hadoop.http.lib.StaticUserWebFilter$StaticUserFilter) to context static
2023-06-19 20:30:34,218 [Time-limited test] INFO  http.HttpServer2 (HttpServer2.java:addFilter(1015)) - Added filter static_user_filter (class=org.apache.hadoop.http.lib.StaticUserWebFilter$StaticUserFilter) to context logs
2023-06-19 20:30:34,272 [Time-limited test] INFO  http.BaseHttpServer (BaseHttpServer.java:<init>(190)) - HTTP server of scm uses base directory /tmp/junit4407372963769415496/junit7301616861901887403/scm-meta/webserver
2023-06-19 20:30:34,273 [Time-limited test] INFO  http.HttpServer2 (HttpServer2.java:bindListener(1250)) - Jetty bound to port 9876
2023-06-19 20:30:34,275 [Time-limited test] INFO  server.Server (Server.java:doStart(375)) - jetty-9.4.51.v20230217; built: 2023-02-17T08:19:37.309Z; git: b45c405e4544384de066f814ed42ae3dceacdd49; jvm 1.8.0_372-b07
2023-06-19 20:30:34,325 [Time-limited test] INFO  server.session (DefaultSessionIdManager.java:doStart(334)) - DefaultSessionIdManager workerName=node0
2023-06-19 20:30:34,326 [Time-limited test] INFO  server.session (DefaultSessionIdManager.java:doStart(339)) - No SessionScavenger set, using defaults
2023-06-19 20:30:34,331 [Time-limited test] INFO  server.session (HouseKeeper.java:startScavenging(132)) - node0 Scavenging every 600000ms
2023-06-19 20:30:34,354 [Time-limited test] INFO  handler.ContextHandler (ContextHandler.java:doStart(921)) - Started o.e.j.s.ServletContextHandler@389da1a2{logs,/logs,file:///home/runner/work/ozone/ozone/hadoop-ozone/integration-test/target/log,AVAILABLE}
2023-06-19 20:30:34,356 [Time-limited test] INFO  handler.ContextHandler (ContextHandler.java:doStart(921)) - Started o.e.j.s.ServletContextHandler@34ca7d43{static,/static,file:///home/runner/work/ozone/ozone/hadoop-ozone/integration-test/target/test-classes/webapps/static,AVAILABLE}
2023-06-19 20:30:34,419 [Time-limited test] INFO  handler.ContextHandler (ContextHandler.java:doStart(921)) - Started o.e.j.w.WebAppContext@26c19786{scm,/,file:///home/runner/work/ozone/ozone/hadoop-ozone/integration-test/target/test-classes/webapps/scm/,AVAILABLE}{file:/home/runner/work/ozone/ozone/hadoop-ozone/integration-test/target/test-classes/webapps/scm}
2023-06-19 20:30:34,431 [Time-limited test] INFO  server.AbstractConnector (AbstractConnector.java:doStart(333)) - Started ServerConnector@4e40294f{HTTP/1.1, (http/1.1)}{0.0.0.0:9876}
2023-06-19 20:30:34,431 [Time-limited test] INFO  server.Server (Server.java:doStart(415)) - Started @8870ms
2023-06-19 20:30:34,435 [Time-limited test] INFO  impl.MetricsSinkAdapter (MetricsSinkAdapter.java:start(204)) - Sink prometheus started
2023-06-19 20:30:34,435 [Time-limited test] INFO  impl.MetricsSystemImpl (MetricsSystemImpl.java:registerSink(305)) - Registered sink prometheus
2023-06-19 20:30:34,437 [Time-limited test] INFO  http.BaseHttpServer (BaseHttpServer.java:updateConnectorAddress(344)) - HTTP server of scm listening at http://0.0.0.0:9876
2023-06-19 20:30:34,445 [pool-2-thread-1] INFO  request.KdcRequest (KdcRequest.java:preauth(651)) - The preauth data is empty.
2023-06-19 20:30:34,445 [pool-2-thread-1] INFO  server.KdcHandler (KdcHandler.java:handleRecoverableException(177)) - KRB error occurred while processing request:Additional pre-authentication required
2023-06-19 20:30:34,463 [pool-2-thread-1] INFO  request.AsRequest (AsRequest.java:issueTicket(112)) - AS_REQ ISSUE: authtime 1687206634462,test@EXAMPLE.COM for krbtgt/EXAMPLE.COM@EXAMPLE.COM
2023-06-19 20:30:34,741 [pool-2-thread-1] INFO  request.TgsRequest (TgsRequest.java:issueTicket(115)) - TGS_REQ ISSUE: authtime 1687206634739,test for scm/fv-az616-238@EXAMPLE.COM
2023-06-19 20:30:34,778 [Socket Reader #1 for port 9961] INFO  ipc.Server (Server.java:saslProcess(2116)) - Auth successful for test@EXAMPLE.COM (auth:KERBEROS) from 10.1.0.14:52682
2023-06-19 20:30:34,995 [IPC Server handler 1 on default port 9961] INFO  server.SCMSecurityProtocolServer (SCMSecurityProtocolServer.java:getCertificate(348)) - Certificate with serial id 100 not found.
2023-06-19 20:30:35,007 [Time-limited test] WARN  ipc.Client (Client.java:run(749)) - Exception encountered while connecting to the server 
org.apache.hadoop.security.AccessControlException: Client cannot authenticate via:[KERBEROS]
	at org.apache.hadoop.security.SaslRpcClient.selectSaslClient(SaslRpcClient.java:179)
	at org.apache.hadoop.security.SaslRpcClient.saslConnect(SaslRpcClient.java:392)
	at org.apache.hadoop.ipc.Client$Connection.setupSaslConnection(Client.java:577)
	at org.apache.hadoop.ipc.Client$Connection.access$2100(Client.java:363)
	at org.apache.hadoop.ipc.Client$Connection$2.run(Client.java:800)
	at org.apache.hadoop.ipc.Client$Connection$2.run(Client.java:796)
	at java.security.AccessController.doPrivileged(Native Method)
	at javax.security.auth.Subject.doAs(Subject.java:422)
	at org.apache.hadoop.security.UserGroupInformation.doAs(UserGroupInformation.java:1899)
	at org.apache.hadoop.ipc.Client$Connection.setupIOstreams(Client.java:796)
	at org.apache.hadoop.ipc.Client$Connection.access$3800(Client.java:363)
	at org.apache.hadoop.ipc.Client.getConnection(Client.java:1649)
	at org.apache.hadoop.ipc.Client.call(Client.java:1474)
	at org.apache.hadoop.ipc.Client.call(Client.java:1427)
	at org.apache.hadoop.ipc.ProtobufRpcEngine$Invoker.invoke(ProtobufRpcEngine.java:250)
	at org.apache.hadoop.ipc.ProtobufRpcEngine$Invoker.invoke(ProtobufRpcEngine.java:132)
	at com.sun.proxy.$Proxy44.submitRequest(Unknown Source)
	at sun.reflect.NativeMethodAccessorImpl.invoke0(Native Method)
	at sun.reflect.NativeMethodAccessorImpl.invoke(NativeMethodAccessorImpl.java:62)
	at sun.reflect.DelegatingMethodAccessorImpl.invoke(DelegatingMethodAccessorImpl.java:43)
	at java.lang.reflect.Method.invoke(Method.java:498)
	at org.apache.hadoop.io.retry.RetryInvocationHandler.invokeMethod(RetryInvocationHandler.java:433)
	at org.apache.hadoop.io.retry.RetryInvocationHandler$Call.invokeMethod(RetryInvocationHandler.java:166)
	at org.apache.hadoop.io.retry.RetryInvocationHandler$Call.invoke(RetryInvocationHandler.java:158)
	at org.apache.hadoop.io.retry.RetryInvocationHandler$Call.invokeOnce(RetryInvocationHandler.java:96)
	at org.apache.hadoop.io.retry.RetryInvocationHandler.invoke(RetryInvocationHandler.java:362)
	at com.sun.proxy.$Proxy44.submitRequest(Unknown Source)
	at org.apache.hadoop.hdds.protocolPB.SCMSecurityProtocolClientSideTranslatorPB.submitRequest(SCMSecurityProtocolClientSideTranslatorPB.java:101)
	at org.apache.hadoop.hdds.protocolPB.SCMSecurityProtocolClientSideTranslatorPB.getCACert(SCMSecurityProtocolClientSideTranslatorPB.java:314)
	at org.apache.hadoop.hdds.protocolPB.SCMSecurityProtocolClientSideTranslatorPB.getCACertificate(SCMSecurityProtocolClientSideTranslatorPB.java:307)
	at org.apache.ozone.test.LambdaTestUtils.intercept(LambdaTestUtils.java:491)
	at org.apache.ozone.test.LambdaTestUtils.intercept(LambdaTestUtils.java:377)
	at org.apache.ozone.test.LambdaTestUtils.intercept(LambdaTestUtils.java:446)
	at org.apache.hadoop.ozone.TestSecureOzoneCluster.testSCMSecurityProtocol(TestSecureOzoneCluster.java:375)
	at sun.reflect.NativeMethodAccessorImpl.invoke0(Native Method)
	at sun.reflect.NativeMethodAccessorImpl.invoke(NativeMethodAccessorImpl.java:62)
	at sun.reflect.DelegatingMethodAccessorImpl.invoke(DelegatingMethodAccessorImpl.java:43)
	at java.lang.reflect.Method.invoke(Method.java:498)
	at org.junit.runners.model.FrameworkMethod$1.runReflectiveCall(FrameworkMethod.java:59)
	at org.junit.internal.runners.model.ReflectiveCallable.run(ReflectiveCallable.java:12)
	at org.junit.runners.model.FrameworkMethod.invokeExplosively(FrameworkMethod.java:56)
	at org.junit.internal.runners.statements.InvokeMethod.evaluate(InvokeMethod.java:17)
	at org.junit.internal.runners.statements.RunBefores.evaluate(RunBefores.java:26)
	at org.junit.internal.runners.statements.RunAfters.evaluate(RunAfters.java:27)
	at org.junit.rules.ExternalResource$1.evaluate(ExternalResource.java:54)
	at org.junit.internal.runners.statements.FailOnTimeout$CallableStatement.call(FailOnTimeout.java:288)
	at org.junit.internal.runners.statements.FailOnTimeout$CallableStatement.call(FailOnTimeout.java:282)
	at java.util.concurrent.FutureTask.run(FutureTask.java:266)
	at java.lang.Thread.run(Thread.java:750)
2023-06-19 20:30:35,022 [Time-limited test] WARN  ipc.Client (Client.java:run(749)) - Exception encountered while connecting to the server 
org.apache.hadoop.security.AccessControlException: Client cannot authenticate via:[KERBEROS]
	at org.apache.hadoop.security.SaslRpcClient.selectSaslClient(SaslRpcClient.java:179)
	at org.apache.hadoop.security.SaslRpcClient.saslConnect(SaslRpcClient.java:392)
	at org.apache.hadoop.ipc.Client$Connection.setupSaslConnection(Client.java:577)
	at org.apache.hadoop.ipc.Client$Connection.access$2100(Client.java:363)
	at org.apache.hadoop.ipc.Client$Connection$2.run(Client.java:800)
	at org.apache.hadoop.ipc.Client$Connection$2.run(Client.java:796)
	at java.security.AccessController.doPrivileged(Native Method)
	at javax.security.auth.Subject.doAs(Subject.java:422)
	at org.apache.hadoop.security.UserGroupInformation.doAs(UserGroupInformation.java:1899)
	at org.apache.hadoop.ipc.Client$Connection.setupIOstreams(Client.java:796)
	at org.apache.hadoop.ipc.Client$Connection.access$3800(Client.java:363)
	at org.apache.hadoop.ipc.Client.getConnection(Client.java:1649)
	at org.apache.hadoop.ipc.Client.call(Client.java:1474)
	at org.apache.hadoop.ipc.Client.call(Client.java:1427)
	at org.apache.hadoop.ipc.ProtobufRpcEngine$Invoker.invoke(ProtobufRpcEngine.java:250)
	at org.apache.hadoop.ipc.ProtobufRpcEngine$Invoker.invoke(ProtobufRpcEngine.java:132)
	at com.sun.proxy.$Proxy44.submitRequest(Unknown Source)
	at sun.reflect.NativeMethodAccessorImpl.invoke0(Native Method)
	at sun.reflect.NativeMethodAccessorImpl.invoke(NativeMethodAccessorImpl.java:62)
	at sun.reflect.DelegatingMethodAccessorImpl.invoke(DelegatingMethodAccessorImpl.java:43)
	at java.lang.reflect.Method.invoke(Method.java:498)
	at org.apache.hadoop.io.retry.RetryInvocationHandler.invokeMethod(RetryInvocationHandler.java:433)
	at org.apache.hadoop.io.retry.RetryInvocationHandler$Call.invokeMethod(RetryInvocationHandler.java:166)
	at org.apache.hadoop.io.retry.RetryInvocationHandler$Call.invoke(RetryInvocationHandler.java:158)
	at org.apache.hadoop.io.retry.RetryInvocationHandler$Call.invokeOnce(RetryInvocationHandler.java:96)
	at org.apache.hadoop.io.retry.RetryInvocationHandler.invoke(RetryInvocationHandler.java:362)
	at com.sun.proxy.$Proxy44.submitRequest(Unknown Source)
	at org.apache.hadoop.hdds.protocolPB.SCMSecurityProtocolClientSideTranslatorPB.submitRequest(SCMSecurityProtocolClientSideTranslatorPB.java:101)
	at org.apache.hadoop.hdds.protocolPB.SCMSecurityProtocolClientSideTranslatorPB.getCertificate(SCMSecurityProtocolClientSideTranslatorPB.java:253)
	at org.apache.hadoop.ozone.TestSecureOzoneCluster.lambda$testSCMSecurityProtocol$1(TestSecureOzoneCluster.java:378)
	at org.apache.ozone.test.LambdaTestUtils.intercept(LambdaTestUtils.java:491)
	at org.apache.ozone.test.LambdaTestUtils.intercept(LambdaTestUtils.java:377)
	at org.apache.ozone.test.LambdaTestUtils.intercept(LambdaTestUtils.java:446)
	at org.apache.hadoop.ozone.TestSecureOzoneCluster.testSCMSecurityProtocol(TestSecureOzoneCluster.java:377)
	at sun.reflect.NativeMethodAccessorImpl.invoke0(Native Method)
	at sun.reflect.NativeMethodAccessorImpl.invoke(NativeMethodAccessorImpl.java:62)
	at sun.reflect.DelegatingMethodAccessorImpl.invoke(DelegatingMethodAccessorImpl.java:43)
	at java.lang.reflect.Method.invoke(Method.java:498)
	at org.junit.runners.model.FrameworkMethod$1.runReflectiveCall(FrameworkMethod.java:59)
	at org.junit.internal.runners.model.ReflectiveCallable.run(ReflectiveCallable.java:12)
	at org.junit.runners.model.FrameworkMethod.invokeExplosively(FrameworkMethod.java:56)
	at org.junit.internal.runners.statements.InvokeMethod.evaluate(InvokeMethod.java:17)
	at org.junit.internal.runners.statements.RunBefores.evaluate(RunBefores.java:26)
	at org.junit.internal.runners.statements.RunAfters.evaluate(RunAfters.java:27)
	at org.junit.rules.ExternalResource$1.evaluate(ExternalResource.java:54)
	at org.junit.internal.runners.statements.FailOnTimeout$CallableStatement.call(FailOnTimeout.java:288)
	at org.junit.internal.runners.statements.FailOnTimeout$CallableStatement.call(FailOnTimeout.java:282)
	at java.util.concurrent.FutureTask.run(FutureTask.java:266)
	at java.lang.Thread.run(Thread.java:750)
2023-06-19 20:30:35,024 [Time-limited test] INFO  server.StorageContainerManager (StorageContainerManager.java:stop(1584)) - Container Balancer is not running.
2023-06-19 20:30:35,024 [Time-limited test] INFO  server.StorageContainerManager (StorageContainerManager.java:stopReplicationManager(1717)) - Stopping Replication Manager Service.
2023-06-19 20:30:35,024 [Time-limited test] INFO  replication.ReplicationManager (ReplicationManager.java:stop(319)) - Stopping Replication Monitor Thread.
2023-06-19 20:30:35,025 [Under Replicated Processor] WARN  replication.UnhealthyReplicationProcessor (UnhealthyReplicationProcessor.java:run(180)) - Under Replicated Processor interrupted. Exiting...
2023-06-19 20:30:35,027 [Over Replicated Processor] WARN  replication.UnhealthyReplicationProcessor (UnhealthyReplicationProcessor.java:run(180)) - Over Replicated Processor interrupted. Exiting...
2023-06-19 20:30:35,042 [Time-limited test] INFO  server.StorageContainerManager (StorageContainerManager.java:stop(1593)) - Stopping the Datanode Admin Monitor.
2023-06-19 20:30:35,042 [ReplicationMonitor] INFO  replication.ReplicationManager (ReplicationManager.java:run(918)) - Replication Monitor Thread is stopped
2023-06-19 20:30:35,043 [Time-limited test] INFO  server.StorageContainerManager (StorageContainerManager.java:stop(1600)) - Stopping datanode service RPC server
2023-06-19 20:30:35,043 [Time-limited test] INFO  server.SCMDatanodeProtocolServer (SCMDatanodeProtocolServer.java:stop(424)) - Stopping the RPC server for DataNodes
2023-06-19 20:30:35,043 [Time-limited test] INFO  ipc.Server (Server.java:stop(3501)) - Stopping server on 9861
2023-06-19 20:30:35,058 [IPC Server listener on 9861] INFO  ipc.Server (Server.java:run(1430)) - Stopping IPC Server listener on 9861
2023-06-19 20:30:35,064 [IPC Server Responder] INFO  ipc.Server (Server.java:run(1563)) - Stopping IPC Server Responder
2023-06-19 20:30:37,759 [SCM Heartbeat Processing Thread - 0] WARN  node.NodeStateManager (NodeStateManager.java:scheduleNextHealthCheck(870)) - Current Thread is interrupted, shutting down HB processing thread for Node Manager.
2023-06-19 20:30:37,760 [Time-limited test] INFO  server.StorageContainerManager (StorageContainerManager.java:stop(1608)) - Stopping block service RPC server
2023-06-19 20:30:37,760 [Time-limited test] INFO  server.SCMBlockProtocolServer (SCMBlockProtocolServer.java:stop(161)) - Stopping the RPC server for Block Protocol
2023-06-19 20:30:37,760 [Time-limited test] INFO  ipc.Server (Server.java:stop(3501)) - Stopping server on 9863
2023-06-19 20:30:37,764 [Time-limited test] INFO  server.StorageContainerManager (StorageContainerManager.java:stop(1615)) - Stopping the StorageContainerLocationProtocol RPC server
2023-06-19 20:30:37,765 [Time-limited test] INFO  server.SCMClientProtocolServer (SCMClientProtocolServer.java:stop(210)) - Stopping the RPC server for Client Protocol
2023-06-19 20:30:37,765 [Time-limited test] INFO  ipc.Server (Server.java:stop(3501)) - Stopping server on 9860
2023-06-19 20:30:37,765 [IPC Server Responder] INFO  ipc.Server (Server.java:run(1563)) - Stopping IPC Server Responder
2023-06-19 20:30:37,765 [IPC Server listener on 9863] INFO  ipc.Server (Server.java:run(1430)) - Stopping IPC Server listener on 9863
2023-06-19 20:30:37,785 [IPC Server listener on 9860] INFO  ipc.Server (Server.java:run(1430)) - Stopping IPC Server listener on 9860
2023-06-19 20:30:37,788 [IPC Server Responder] INFO  ipc.Server (Server.java:run(1563)) - Stopping IPC Server Responder
2023-06-19 20:30:37,789 [Time-limited test] INFO  server.StorageContainerManager (StorageContainerManager.java:stop(1622)) - Stopping Storage Container Manager HTTP server.
2023-06-19 20:30:37,794 [Time-limited test] INFO  handler.ContextHandler (ContextHandler.java:doStop(1159)) - Stopped o.e.j.w.WebAppContext@26c19786{scm,/,null,STOPPED}{file:/home/runner/work/ozone/ozone/hadoop-ozone/integration-test/target/test-classes/webapps/scm}
2023-06-19 20:30:37,798 [Time-limited test] INFO  server.AbstractConnector (AbstractConnector.java:doStop(383)) - Stopped ServerConnector@4e40294f{HTTP/1.1, (http/1.1)}{0.0.0.0:9876}
2023-06-19 20:30:37,798 [Time-limited test] INFO  server.session (HouseKeeper.java:stopScavenging(149)) - node0 Stopped scavenging
2023-06-19 20:30:37,798 [Time-limited test] INFO  handler.ContextHandler (ContextHandler.java:doStop(1159)) - Stopped o.e.j.s.ServletContextHandler@34ca7d43{static,/static,file:///home/runner/work/ozone/ozone/hadoop-ozone/integration-test/target/test-classes/webapps/static,STOPPED}
2023-06-19 20:30:37,798 [Time-limited test] INFO  handler.ContextHandler (ContextHandler.java:doStop(1159)) - Stopped o.e.j.s.ServletContextHandler@389da1a2{logs,/logs,file:///home/runner/work/ozone/ozone/hadoop-ozone/integration-test/target/log,STOPPED}
2023-06-19 20:30:37,802 [Time-limited test] INFO  server.StorageContainerManager (StorageContainerManager.java:stop(1630)) - Stopping SCM LayoutVersionManager Service.
2023-06-19 20:30:37,802 [Time-limited test] INFO  server.SCMSecurityProtocolServer (SCMSecurityProtocolServer.java:stop(473)) - Stopping the SCMSecurityProtocolServer.
2023-06-19 20:30:37,802 [Time-limited test] INFO  ipc.Server (Server.java:stop(3501)) - Stopping server on 9961
2023-06-19 20:30:37,803 [IPC Server listener on 9961] INFO  ipc.Server (Server.java:run(1430)) - Stopping IPC Server listener on 9961
2023-06-19 20:30:37,805 [IPC Server Responder] INFO  ipc.Server (Server.java:run(1563)) - Stopping IPC Server Responder
2023-06-19 20:30:37,805 [Time-limited test] INFO  server.SCMUpdateServiceGrpcServer (SCMUpdateServiceGrpcServer.java:stop(73)) - SCMUpdateService stopping
2023-06-19 20:30:37,816 [Time-limited test] INFO  server.SCMUpdateServiceGrpcServer (SCMUpdateServiceGrpcServer.java:stop(85)) - SCMUpdateService stopped!
2023-06-19 20:30:37,817 [Time-limited test] INFO  server.StorageContainerManager (StorageContainerManager.java:stop(1642)) - Stopping Block Manager Service.
2023-06-19 20:30:37,817 [Time-limited test] INFO  utils.BackgroundService (BackgroundService.java:shutdown(141)) - Shutting down service SCMBlockDeletingService
2023-06-19 20:30:37,817 [Time-limited test] INFO  utils.BackgroundService (BackgroundService.java:shutdown(141)) - Shutting down service SCMBlockDeletingService
2023-06-19 20:30:37,818 [Time-limited test] INFO  server.StorageContainerManager (StorageContainerManager.java:stop(1662)) - Stopping SCM Event Queue.
2023-06-19 20:30:37,820 [JvmPauseMonitor0] INFO  util.JvmPauseMonitor (JvmPauseMonitor.java:run(109)) - JvmPauseMonitor-462acbf0-2aed-4b4b-a18f-67c2da473f15: Stopped
2023-06-19 20:30:37,820 [Time-limited test] INFO  server.StorageContainerManager (StorageContainerManager.java:stop(1673)) - Stopping SCM HA services.
2023-06-19 20:30:37,822 [Time-limited test] INFO  pipeline.BackgroundPipelineCreator (BackgroundPipelineCreator.java:stop(149)) - Stopping RatisPipelineUtilsThread.
2023-06-19 20:30:37,822 [RatisPipelineUtilsThread - 0] WARN  pipeline.BackgroundPipelineCreator (BackgroundPipelineCreator.java:run(180)) - RatisPipelineUtilsThread is interrupted.
2023-06-19 20:30:37,822 [Time-limited test] INFO  BackgroundPipelineScrubber (BackgroundSCMService.java:stop(131)) - Stopping BackgroundPipelineScrubber Service.
2023-06-19 20:30:37,822 [BackgroundPipelineScrubberThread] WARN  BackgroundPipelineScrubber (BackgroundSCMService.java:run(115)) - BackgroundPipelineScrubber is interrupted, exit
2023-06-19 20:30:37,824 [Time-limited test] INFO  impl.MetricsSystemImpl (MetricsSystemImpl.java:stop(210)) - Stopping StorageContainerManager metrics system...
2023-06-19 20:30:37,825 [prometheus] INFO  impl.MetricsSinkAdapter (MetricsSinkAdapter.java:publishMetricsFromQueue(141)) - prometheus thread interrupted.
2023-06-19 20:30:37,825 [Time-limited test] INFO  impl.MetricsSystemImpl (MetricsSystemImpl.java:stop(216)) - StorageContainerManager metrics system stopped.
2023-06-19 20:30:37,826 [Time-limited test] WARN  pipeline.BackgroundPipelineCreator (BackgroundPipelineCreator.java:stop(145)) - RatisPipelineUtilsThread is not running, just ignore.
2023-06-19 20:30:37,826 [Time-limited test] INFO  BackgroundPipelineScrubber (BackgroundSCMService.java:stop(126)) - BackgroundPipelineScrubber Service is not running, skip stop.
2023-06-19 20:30:37,826 [ExpiredContainerReplicaOpScrubberThread] WARN  ExpiredContainerReplicaOpScrubber (BackgroundSCMService.java:run(115)) - ExpiredContainerReplicaOpScrubber is interrupted, exit
2023-06-19 20:30:37,827 [Time-limited test] INFO  ExpiredContainerReplicaOpScrubber (BackgroundSCMService.java:stop(131)) - Stopping ExpiredContainerReplicaOpScrubber Service.
2023-06-19 20:30:37,827 [Time-limited test] INFO  utils.BackgroundService (BackgroundService.java:shutdown(141)) - Shutting down service SCMBlockDeletingService
2023-06-19 20:30:37,827 [Time-limited test] INFO  replication.ReplicationManager (ReplicationManager.java:stop(329)) - Replication Monitor Thread is not running.
2023-06-19 20:30:37,827 [Time-limited test] WARN  balancer.ContainerBalancer (ContainerBalancer.java:stop(328)) - Cannot stop Container Balancer because it's not running or stopping
2023-06-19 20:30:37,827 [Lease Manager-LeaseManager#LeaseMonitor] WARN  lease.LeaseManager (LeaseManager.java:run(272)) - Lease manager is interrupted. Shutting down...
java.lang.InterruptedException
	at java.util.concurrent.locks.AbstractQueuedSynchronizer.doAcquireSharedNanos(AbstractQueuedSynchronizer.java:1039)
	at java.util.concurrent.locks.AbstractQueuedSynchronizer.tryAcquireSharedNanos(AbstractQueuedSynchronizer.java:1328)
	at java.util.concurrent.Semaphore.tryAcquire(Semaphore.java:409)
	at org.apache.hadoop.ozone.lease.LeaseManager$LeaseMonitor.run(LeaseManager.java:270)
	at java.lang.Thread.run(Thread.java:750)
2023-06-19 20:30:37,828 [Time-limited test] INFO  server.StorageContainerManager (StorageContainerManager.java:stop(1708)) - Stopping SCM MetadataStore.
2023-06-19 20:30:37,836 [Time-limited test] INFO  impl.DefaultInternalKdcServerImpl (DefaultInternalKdcServerImpl.java:doStop(102)) - Default Internal kdc server stopped.
2023-06-19 20:30:38,837 [Time-limited test] INFO  minikdc.MiniKdc (MiniKdc.java:stop(359)) - MiniKdc stopped.
2023-06-19 20:30:38,837 [Time-limited test] INFO  server.StorageContainerManager (StorageContainerManager.java:stop(1573)) - Storage Container Manager is not running.
2023-06-19 20:30:38,837 [Time-limited test] INFO  server.StorageContainerManager (StorageContainerManager.java:stopReplicationManager(1717)) - Stopping Replication Manager Service.
2023-06-19 20:30:38,837 [Time-limited test] INFO  replication.ReplicationManager (ReplicationManager.java:stop(329)) - Replication Monitor Thread is not running.
2023-06-19 20:30:38,837 [Time-limited test] INFO  server.SCMSecurityProtocolServer (SCMSecurityProtocolServer.java:join(483)) - Join RPC server for SCMSecurityProtocolServer.
2023-06-19 20:30:38,837 [Time-limited test] INFO  server.SCMSecurityProtocolServer (SCMSecurityProtocolServer.java:join(485)) - Join gRPC server for SCMSecurityProtocolServer.
]]></system-out>
  </testcase>
  <testcase name="testSecureOmReInit" classname="org.apache.hadoop.ozone.TestSecureOzoneCluster" time="12.693">
    <system-out><![CDATA[2023-06-19 20:30:38,870 [Time-limited test] INFO  net.ServerSocketUtil (ServerSocketUtil.java:getPort(55)) - Using port 9860
2023-06-19 20:30:38,870 [Time-limited test] INFO  net.ServerSocketUtil (ServerSocketUtil.java:getPort(55)) - Using port 9861
2023-06-19 20:30:38,870 [Time-limited test] INFO  net.ServerSocketUtil (ServerSocketUtil.java:getPort(55)) - Using port 9863
2023-06-19 20:30:38,870 [Time-limited test] INFO  net.ServerSocketUtil (ServerSocketUtil.java:getPort(55)) - Using port 9961
2023-06-19 20:30:38,870 [Time-limited test] INFO  net.ServerSocketUtil (ServerSocketUtil.java:getPort(55)) - Using port 1200
2023-06-19 20:30:38,870 [Time-limited test] INFO  net.ServerSocketUtil (ServerSocketUtil.java:getPort(55)) - Using port 1201
2023-06-19 20:30:38,871 [Time-limited test] INFO  minikdc.MiniKdc (MiniKdc.java:<init>(225)) - Configuration:
2023-06-19 20:30:38,871 [Time-limited test] INFO  minikdc.MiniKdc (MiniKdc.java:<init>(226)) - ---------------------------------------------------------------
2023-06-19 20:30:38,872 [Time-limited test] INFO  minikdc.MiniKdc (MiniKdc.java:<init>(228)) -   debug: false
2023-06-19 20:30:38,872 [Time-limited test] INFO  minikdc.MiniKdc (MiniKdc.java:<init>(228)) -   transport: TCP
2023-06-19 20:30:38,872 [Time-limited test] INFO  minikdc.MiniKdc (MiniKdc.java:<init>(228)) -   max.ticket.lifetime: 86400000
2023-06-19 20:30:38,872 [Time-limited test] INFO  minikdc.MiniKdc (MiniKdc.java:<init>(228)) -   org.name: EXAMPLE
2023-06-19 20:30:38,872 [Time-limited test] INFO  minikdc.MiniKdc (MiniKdc.java:<init>(228)) -   kdc.port: 0
2023-06-19 20:30:38,872 [Time-limited test] INFO  minikdc.MiniKdc (MiniKdc.java:<init>(228)) -   org.domain: COM
2023-06-19 20:30:38,872 [Time-limited test] INFO  minikdc.MiniKdc (MiniKdc.java:<init>(228)) -   max.renewable.lifetime: 604800000
2023-06-19 20:30:38,872 [Time-limited test] INFO  minikdc.MiniKdc (MiniKdc.java:<init>(228)) -   instance: DefaultKrbServer
2023-06-19 20:30:38,872 [Time-limited test] INFO  minikdc.MiniKdc (MiniKdc.java:<init>(228)) -   kdc.bind.address: localhost
2023-06-19 20:30:38,872 [Time-limited test] INFO  minikdc.MiniKdc (MiniKdc.java:<init>(230)) - ---------------------------------------------------------------
2023-06-19 20:30:38,875 [Time-limited test] INFO  minikdc.MiniKdc (MiniKdc.java:start(285)) - MiniKdc started.
2023-06-19 20:30:39,589 [Time-limited test] INFO  audit.AuditLogger (AuditLogger.java:refreshDebugCmdSet(126)) - Refresh DebugCmdSet for OMAudit to [].
2023-06-19 20:30:39,684 [Time-limited test] WARN  server.ServerUtils (ServerUtils.java:getScmDbDir(155)) - ozone.scm.db.dirs is not configured. We recommend adding this setting. Falling back to ozone.metadata.dirs instead.
2023-06-19 20:30:39,685 [Time-limited test] INFO  ha.HASecurityUtils (HASecurityUtils.java:initializeSecurity(93)) - Initializing secure StorageContainerManager.
2023-06-19 20:30:39,685 [Time-limited test] WARN  client.SCMCertificateClient (DefaultCertificateClient.java:loadAllCertificates(161)) - Certificates could not be loaded.
java.nio.file.NoSuchFileException: /tmp/junit716989042618232927/junit1455760321911956786/scm-meta/scm/sub-ca/certs
	at sun.nio.fs.UnixException.translateToIOException(UnixException.java:86)
	at sun.nio.fs.UnixException.rethrowAsIOException(UnixException.java:102)
	at sun.nio.fs.UnixException.rethrowAsIOException(UnixException.java:107)
	at sun.nio.fs.UnixFileSystemProvider.newDirectoryStream(UnixFileSystemProvider.java:427)
	at java.nio.file.Files.newDirectoryStream(Files.java:457)
	at java.nio.file.Files.list(Files.java:3451)
	at org.apache.hadoop.hdds.security.x509.certificate.client.DefaultCertificateClient.loadAllCertificates(DefaultCertificateClient.java:156)
	at org.apache.hadoop.hdds.security.x509.certificate.client.DefaultCertificateClient.updateCertSerialId(DefaultCertificateClient.java:1206)
	at org.apache.hadoop.hdds.security.x509.certificate.client.DefaultCertificateClient.<init>(DefaultCertificateClient.java:148)
	at org.apache.hadoop.hdds.security.x509.certificate.client.SCMCertificateClient.<init>(SCMCertificateClient.java:54)
	at org.apache.hadoop.hdds.scm.ha.HASecurityUtils.initializeSecurity(HASecurityUtils.java:97)
	at org.apache.hadoop.ozone.TestSecureOzoneCluster.initSCM(TestSecureOzoneCluster.java:431)
	at org.apache.hadoop.ozone.TestSecureOzoneCluster.testSecureOmReInit(TestSecureOzoneCluster.java:787)
	at sun.reflect.NativeMethodAccessorImpl.invoke0(Native Method)
	at sun.reflect.NativeMethodAccessorImpl.invoke(NativeMethodAccessorImpl.java:62)
	at sun.reflect.DelegatingMethodAccessorImpl.invoke(DelegatingMethodAccessorImpl.java:43)
	at java.lang.reflect.Method.invoke(Method.java:498)
	at org.junit.runners.model.FrameworkMethod$1.runReflectiveCall(FrameworkMethod.java:59)
	at org.junit.internal.runners.model.ReflectiveCallable.run(ReflectiveCallable.java:12)
	at org.junit.runners.model.FrameworkMethod.invokeExplosively(FrameworkMethod.java:56)
	at org.junit.internal.runners.statements.InvokeMethod.evaluate(InvokeMethod.java:17)
	at org.junit.internal.runners.statements.RunBefores.evaluate(RunBefores.java:26)
	at org.junit.internal.runners.statements.RunAfters.evaluate(RunAfters.java:27)
	at org.junit.rules.ExternalResource$1.evaluate(ExternalResource.java:54)
	at org.junit.internal.runners.statements.FailOnTimeout$CallableStatement.call(FailOnTimeout.java:288)
	at org.junit.internal.runners.statements.FailOnTimeout$CallableStatement.call(FailOnTimeout.java:282)
	at java.util.concurrent.FutureTask.run(FutureTask.java:266)
	at java.lang.Thread.run(Thread.java:750)
2023-06-19 20:30:39,686 [Time-limited test] WARN  client.SCMCertificateClient (DefaultCertificateClient.java:loadAllCertificates(161)) - Certificates could not be loaded.
java.nio.file.NoSuchFileException: /tmp/junit716989042618232927/junit1455760321911956786/scm-meta/scm/sub-ca/certs
	at sun.nio.fs.UnixException.translateToIOException(UnixException.java:86)
	at sun.nio.fs.UnixException.rethrowAsIOException(UnixException.java:102)
	at sun.nio.fs.UnixException.rethrowAsIOException(UnixException.java:107)
	at sun.nio.fs.UnixFileSystemProvider.newDirectoryStream(UnixFileSystemProvider.java:427)
	at java.nio.file.Files.newDirectoryStream(Files.java:457)
	at java.nio.file.Files.list(Files.java:3451)
	at org.apache.hadoop.hdds.security.x509.certificate.client.DefaultCertificateClient.loadAllCertificates(DefaultCertificateClient.java:156)
	at org.apache.hadoop.hdds.security.x509.certificate.client.DefaultCertificateClient.getCertPath(DefaultCertificateClient.java:324)
	at org.apache.hadoop.hdds.security.x509.certificate.client.DefaultCertificateClient.getCertificate(DefaultCertificateClient.java:300)
	at org.apache.hadoop.hdds.security.x509.certificate.client.DefaultCertificateClient.init(DefaultCertificateClient.java:669)
	at org.apache.hadoop.hdds.scm.ha.HASecurityUtils.initializeSecurity(HASecurityUtils.java:98)
	at org.apache.hadoop.ozone.TestSecureOzoneCluster.initSCM(TestSecureOzoneCluster.java:431)
	at org.apache.hadoop.ozone.TestSecureOzoneCluster.testSecureOmReInit(TestSecureOzoneCluster.java:787)
	at sun.reflect.NativeMethodAccessorImpl.invoke0(Native Method)
	at sun.reflect.NativeMethodAccessorImpl.invoke(NativeMethodAccessorImpl.java:62)
	at sun.reflect.DelegatingMethodAccessorImpl.invoke(DelegatingMethodAccessorImpl.java:43)
	at java.lang.reflect.Method.invoke(Method.java:498)
	at org.junit.runners.model.FrameworkMethod$1.runReflectiveCall(FrameworkMethod.java:59)
	at org.junit.internal.runners.model.ReflectiveCallable.run(ReflectiveCallable.java:12)
	at org.junit.runners.model.FrameworkMethod.invokeExplosively(FrameworkMethod.java:56)
	at org.junit.internal.runners.statements.InvokeMethod.evaluate(InvokeMethod.java:17)
	at org.junit.internal.runners.statements.RunBefores.evaluate(RunBefores.java:26)
	at org.junit.internal.runners.statements.RunAfters.evaluate(RunAfters.java:27)
	at org.junit.rules.ExternalResource$1.evaluate(ExternalResource.java:54)
	at org.junit.internal.runners.statements.FailOnTimeout$CallableStatement.call(FailOnTimeout.java:288)
	at org.junit.internal.runners.statements.FailOnTimeout$CallableStatement.call(FailOnTimeout.java:282)
	at java.util.concurrent.FutureTask.run(FutureTask.java:266)
	at java.lang.Thread.run(Thread.java:750)
2023-06-19 20:30:39,686 [Time-limited test] INFO  client.SCMCertificateClient (DefaultCertificateClient.java:init(692)) - Certificate client init case: 0
2023-06-19 20:30:39,686 [Time-limited test] INFO  client.SCMCertificateClient (SCMCertificateClient.java:handleCase(68)) - Creating keypair for client as keypair and certificate not found.
2023-06-19 20:30:40,055 [Time-limited test] INFO  ha.HASecurityUtils (HASecurityUtils.java:initializeSecurity(99)) - Init response: GETCERT
2023-06-19 20:30:40,215 [Time-limited test] INFO  ozone.OzoneSecurityUtil (OzoneSecurityUtil.java:getValidInetsForCurrentHost(119)) - ip:fe80:0:0:0:20d:3aff:fe5b:c2ca%eth0 not returned.
2023-06-19 20:30:40,216 [Time-limited test] INFO  ozone.OzoneSecurityUtil (OzoneSecurityUtil.java:getValidInetsForCurrentHost(116)) - Adding ip:10.1.0.14,host:fv-az616-238
2023-06-19 20:30:40,216 [Time-limited test] INFO  ozone.OzoneSecurityUtil (OzoneSecurityUtil.java:getValidInetsForCurrentHost(119)) - ip:0:0:0:0:0:0:0:1%lo not returned.
2023-06-19 20:30:40,216 [Time-limited test] INFO  ozone.OzoneSecurityUtil (OzoneSecurityUtil.java:getValidInetsForCurrentHost(119)) - ip:127.0.0.1 not returned.
2023-06-19 20:30:40,216 [Time-limited test] ERROR utils.SelfSignedCertificate (SelfSignedCertificate.java:lambda$addInetAddresses$0(245)) - Invalid domain fv-az616-238
2023-06-19 20:30:40,221 [Time-limited test] INFO  utils.SelfSignedCertificate (SelfSignedCertificate.java:generateCertificate(158)) - Certificate 1 is issued by CN=scm@fv-az616-238,OU=a1f312bd-c5db-4541-855d-1918696fe10f,O=ee73dfad-59e5-4dc3-9da9-e0bd77078470 to CN=scm@fv-az616-238,OU=a1f312bd-c5db-4541-855d-1918696fe10f,O=ee73dfad-59e5-4dc3-9da9-e0bd77078470, valid from Mon Jun 19 20:30:40 UTC 2023 to Thu Jul 27 20:30:40 UTC 2028
2023-06-19 20:30:40,223 [Time-limited test] INFO  ozone.OzoneSecurityUtil (OzoneSecurityUtil.java:getValidInetsForCurrentHost(119)) - ip:fe80:0:0:0:20d:3aff:fe5b:c2ca%eth0 not returned.
2023-06-19 20:30:40,223 [Time-limited test] INFO  ozone.OzoneSecurityUtil (OzoneSecurityUtil.java:getValidInetsForCurrentHost(116)) - Adding ip:10.1.0.14,host:fv-az616-238
2023-06-19 20:30:40,223 [Time-limited test] INFO  ozone.OzoneSecurityUtil (OzoneSecurityUtil.java:getValidInetsForCurrentHost(119)) - ip:0:0:0:0:0:0:0:1%lo not returned.
2023-06-19 20:30:40,224 [Time-limited test] INFO  ozone.OzoneSecurityUtil (OzoneSecurityUtil.java:getValidInetsForCurrentHost(119)) - ip:127.0.0.1 not returned.
2023-06-19 20:30:40,224 [Time-limited test] ERROR utils.CertificateSignRequest (CertificateSignRequest.java:lambda$addInetAddresses$0(296)) - Invalid domain fv-az616-238
2023-06-19 20:30:40,224 [Time-limited test] INFO  ha.HASecurityUtils (HASecurityUtils.java:generateCSR(280)) - Creating csr for SCM->hostName:fv-az616-238,scmId:a1f312bd-c5db-4541-855d-1918696fe10f,clusterId:ee73dfad-59e5-4dc3-9da9-e0bd77078470,subject:scm-sub@fv-az616-238
2023-06-19 20:30:40,237 [Time-limited test] INFO  ha.HASecurityUtils (HASecurityUtils.java:initializeSecurity(112)) - Successfully stored SCM signed certificate.
2023-06-19 20:30:40,242 [Time-limited test] WARN  server.ServerUtils (ServerUtils.java:getScmDbDir(155)) - ozone.scm.db.dirs is not configured. We recommend adding this setting. Falling back to ozone.metadata.dirs instead.
2023-06-19 20:30:40,242 [Time-limited test] INFO  ha.SCMHANodeDetails (SCMHANodeDetails.java:loadSCMHAConfig(210)) - ServiceID for StorageContainerManager is null
2023-06-19 20:30:40,242 [Time-limited test] INFO  ha.SCMHANodeDetails (SCMHANodeDetails.java:loadSCMHAConfig(215)) - ozone.scm.default.service.id is not defined, falling back to ozone.scm.service.ids to find serviceID for StorageContainerManager if it is HA enabled cluster
2023-06-19 20:30:40,246 [Time-limited test] INFO  client.SCMCertificateClient (DefaultCertificateClient.java:readCertificateFile(196)) - Added certificate   [0]         Version: 3
         SerialNumber: 5129744544073
             IssuerDN: CN=scm@fv-az616-238,OU=a1f312bd-c5db-4541-855d-1918696fe10f,O=ee73dfad-59e5-4dc3-9da9-e0bd77078470
           Start Date: Mon Jun 19 20:30:40 UTC 2023
           Final Date: Thu Jul 27 20:30:40 UTC 2028
            SubjectDN: CN=scm-sub@fv-az616-238,OU=a1f312bd-c5db-4541-855d-1918696fe10f,O=ee73dfad-59e5-4dc3-9da9-e0bd77078470
           Public Key: RSA Public Key [55:d9:5b:5b:27:fb:a5:a1:d0:57:bd:82:bb:1e:9e:0a:6b:c5:1c:72],[56:66:d1:a4]
        modulus: ae5533b7f411da8cc92228d58c6bbbbca4c7d1ba884f7bfba68c6f9d78f499e78d43f4ff8d813b788ab8b59619b332b20cefa16dcd69e62d7999bc84a6e97a96a5dac8fca1de1d3682e149cc35adec24bae6c68fe05bbb5ce3a6728128e96d511138384d183ffd6d1be11282e495b649f16e3adeae5d2eace881a55522d59ef8526a15cf610c70d1ca474d9de3a2e2b7b29c7b68bee59d91c570283db7109b6d9176e44a50de618d23b1b95014bd8594b4e33fee14f9820e2c96e348b74b496bf303f34aed606a10f8ca3ddf1c914aac785c84d2e8094a695e14f8320e271238c68b03fb9068aced20dc14cc4578c294334728ae1588c59c69dd054a98cf1997
public exponent: 10001

  Signature Algorithm: SHA256WITHRSA
            Signature: 3d41a4c7b34e985e16bd387749df7ea152c56a2a
                       0f12657c17c34dfb5329cd3d566e980482b7be3e
                       91b3d23f8734b6fa31524cc0f9fbc13c0710e03f
                       7665aaf8d72b5d6b7aeb24b8f7d7d6b18492b013
                       e889f33d7b423d37fefa83b4e001c7491feb3125
                       429be6f3e965c6691116938960a27e19be0550c1
                       ec39471a9871f12480069db92c3797a0c3dc3e04
                       f3195340733ba5c7a7064c6ba91e6808f90ddbd3
                       5b19231b07356dd2be3017595e308b88eb26ded8
                       55f737aa752c58144ba4c195d8380898c3ada679
                       0f900a13306ae898563b8d9b44925e5467afb061
                       000bbefad5fcc895b6254b3ddbdbcee2d2115cad
                       2a4f42a5c140f2fa6843ba7fb9d77fd5
       Extensions: 
                       critical(false) 2.5.29.17 value = Sequence
    Tagged [7] IMPLICIT 
        DER Octet String[4] 

                       critical(true) BasicConstraints: isCa(true)
                       critical(true) KeyUsage: 0xbe
 from file: /tmp/junit716989042618232927/junit1455760321911956786/scm-meta/scm/sub-ca/certs/certificate.crt.
2023-06-19 20:30:40,249 [Time-limited test] INFO  client.SCMCertificateClient (DefaultCertificateClient.java:readCertificateFile(196)) - Added certificate   [0]         Version: 3
         SerialNumber: 5129744544073
             IssuerDN: CN=scm@fv-az616-238,OU=a1f312bd-c5db-4541-855d-1918696fe10f,O=ee73dfad-59e5-4dc3-9da9-e0bd77078470
           Start Date: Mon Jun 19 20:30:40 UTC 2023
           Final Date: Thu Jul 27 20:30:40 UTC 2028
            SubjectDN: CN=scm-sub@fv-az616-238,OU=a1f312bd-c5db-4541-855d-1918696fe10f,O=ee73dfad-59e5-4dc3-9da9-e0bd77078470
           Public Key: RSA Public Key [55:d9:5b:5b:27:fb:a5:a1:d0:57:bd:82:bb:1e:9e:0a:6b:c5:1c:72],[56:66:d1:a4]
        modulus: ae5533b7f411da8cc92228d58c6bbbbca4c7d1ba884f7bfba68c6f9d78f499e78d43f4ff8d813b788ab8b59619b332b20cefa16dcd69e62d7999bc84a6e97a96a5dac8fca1de1d3682e149cc35adec24bae6c68fe05bbb5ce3a6728128e96d511138384d183ffd6d1be11282e495b649f16e3adeae5d2eace881a55522d59ef8526a15cf610c70d1ca474d9de3a2e2b7b29c7b68bee59d91c570283db7109b6d9176e44a50de618d23b1b95014bd8594b4e33fee14f9820e2c96e348b74b496bf303f34aed606a10f8ca3ddf1c914aac785c84d2e8094a695e14f8320e271238c68b03fb9068aced20dc14cc4578c294334728ae1588c59c69dd054a98cf1997
public exponent: 10001

  Signature Algorithm: SHA256WITHRSA
            Signature: 3d41a4c7b34e985e16bd387749df7ea152c56a2a
                       0f12657c17c34dfb5329cd3d566e980482b7be3e
                       91b3d23f8734b6fa31524cc0f9fbc13c0710e03f
                       7665aaf8d72b5d6b7aeb24b8f7d7d6b18492b013
                       e889f33d7b423d37fefa83b4e001c7491feb3125
                       429be6f3e965c6691116938960a27e19be0550c1
                       ec39471a9871f12480069db92c3797a0c3dc3e04
                       f3195340733ba5c7a7064c6ba91e6808f90ddbd3
                       5b19231b07356dd2be3017595e308b88eb26ded8
                       55f737aa752c58144ba4c195d8380898c3ada679
                       0f900a13306ae898563b8d9b44925e5467afb061
                       000bbefad5fcc895b6254b3ddbdbcee2d2115cad
                       2a4f42a5c140f2fa6843ba7fb9d77fd5
       Extensions: 
                       critical(false) 2.5.29.17 value = Sequence
    Tagged [7] IMPLICIT 
        DER Octet String[4] 

                       critical(true) BasicConstraints: isCa(true)
                       critical(true) KeyUsage: 0xbe
 from file: /tmp/junit716989042618232927/junit1455760321911956786/scm-meta/scm/sub-ca/certs/5129744544073.crt.
2023-06-19 20:30:40,250 [Time-limited test] INFO  client.SCMCertificateClient (DefaultCertificateClient.java:readCertificateFile(196)) - Added certificate   [0]         Version: 3
         SerialNumber: 1
             IssuerDN: CN=scm@fv-az616-238,OU=a1f312bd-c5db-4541-855d-1918696fe10f,O=ee73dfad-59e5-4dc3-9da9-e0bd77078470
           Start Date: Mon Jun 19 20:30:40 UTC 2023
           Final Date: Thu Jul 27 20:30:40 UTC 2028
            SubjectDN: CN=scm@fv-az616-238,OU=a1f312bd-c5db-4541-855d-1918696fe10f,O=ee73dfad-59e5-4dc3-9da9-e0bd77078470
           Public Key: RSA Public Key [f0:9d:df:dc:07:1c:0f:b8:5e:07:76:de:16:6b:a4:2e:a8:1a:c6:14],[56:66:d1:a4]
        modulus: b3f0ca1a4a17cc10522837a4632ca9ef2e50f67dfe452d597136c3cd2d4f6b4668384cf31ee4ac8e0b97c2b695723eb9ea9df060c8a1ef2148e6df531a2774df15bb24b2676b79508b727f9c79ad89bf37011460219c70b4045f0c8268ec2b23d001c94d5c1d1247eb4d3c9beefc3bc65179cf877992d511ce82db18b6424b760ab12a24a7b81d5c51b25a4e591899c4d6579a6b98e76294c92a9ccfa269107191154caf2ebbfa8015a334f11e6eff6e82e160e7a3b95ab6bd59015c84575380b3b6bae803c0b6f0ab4d4498d926bfc464025c2d982e1d6caf18c566c4e8af4d989c1d08c90d5ac144506540632258a83b64597a478c1f872db4f01deeb12145
public exponent: 10001

  Signature Algorithm: SHA256WITHRSA
            Signature: 870cbe06c6e0f0a40eb4264fda00803548e45039
                       5fb78cc250d49f2157ac045158caa5c8391a4399
                       5ae8ba4f2f38d6fc7ddaa13e6bbf556da044b966
                       c1d3ead14580b6d1f8070b5292f3a668e5b51caf
                       ec450a6c194f4435d397b590424cabd1ea843ada
                       5f234bc276952c5ff874355a2f37a1eb8934a0b5
                       b5a3bed4e9eb2377028916bf3147104cce363bff
                       e86050515f8bc2d5024ad366059a01cd5bb8f06f
                       d7b6670660f4388349b9a6521d639a41d6897d39
                       f69f1d4a4dd5795b070ad37b808229706a482c59
                       ee968837571869962bbf55cc9958700e3b0093ce
                       a4e1014b1d0f58ecdfcfc952e598576f2374d00d
                       af445541b57ae0fb0a4eee5693643cc7
       Extensions: 
                       critical(true) BasicConstraints: isCa(true)
                       critical(true) KeyUsage: 0x6
                       critical(false) 2.5.29.17 value = Sequence
    Tagged [7] IMPLICIT 
        DER Octet String[4] 

 from file: /tmp/junit716989042618232927/junit1455760321911956786/scm-meta/scm/sub-ca/certs/CA-1.crt.
2023-06-19 20:30:40,252 [Time-limited test] INFO  client.SCMCertificateClient (DefaultCertificateClient.java:startCertificateMonitor(1260)) - CertificateLifetimeMonitor for scm/sub-ca is started with first delay 161135989749 ms and interval 3333 ms.
2023-06-19 20:30:40,263 [pool-41-thread-1] INFO  request.KdcRequest (KdcRequest.java:preauth(651)) - The preauth data is empty.
2023-06-19 20:30:40,264 [pool-41-thread-1] INFO  server.KdcHandler (KdcHandler.java:handleRecoverableException(177)) - KRB error occurred while processing request:Additional pre-authentication required
2023-06-19 20:30:40,275 [pool-41-thread-1] INFO  request.AsRequest (AsRequest.java:issueTicket(112)) - AS_REQ ISSUE: authtime 1687206640274,scm/fv-az616-238@EXAMPLE.COM for krbtgt/EXAMPLE.COM@EXAMPLE.COM
2023-06-19 20:30:40,277 [Time-limited test] INFO  security.UserGroupInformation (UserGroupInformation.java:loginUserFromKeytab(1132)) - Login successful for user scm/fv-az616-238@EXAMPLE.COM using keytab file scm.keytab. Keytab auto renewal enabled : false
2023-06-19 20:30:40,277 [Time-limited test] INFO  server.StorageContainerManager (StorageContainerManager.java:loginAsSCMUserIfSecurityEnabled(1042)) - SCM login successful.
2023-06-19 20:30:40,277 [Time-limited test] WARN  utils.HAUtils (HAUtils.java:getMetaDir(339)) - ozone.scm.db.dirs is not configured. We recommend adding this setting. Falling back to ozone.metadata.dirs instead.
2023-06-19 20:30:40,278 [Time-limited test] WARN  db.DBStoreBuilder (DBStoreBuilder.java:applyDBDefinition(165)) - ozone.scm.db.dirs is not configured. We recommend adding this setting. Falling back to ozone.metadata.dirs instead.
2023-06-19 20:30:40,429 [Time-limited test] INFO  net.NodeSchemaLoader (NodeSchemaLoader.java:loadSchemaFromFile(129)) - Loading schema from [jar:file:/home/runner/.m2/repository/org/apache/ozone/hdds-common/1.4.0-SNAPSHOT/hdds-common-1.4.0-SNAPSHOT.jar!/network-topology-default.xml]
2023-06-19 20:30:40,429 [Time-limited test] INFO  net.NodeSchemaLoader (NodeSchemaLoader.java:loadSchema(176)) - Loading network topology layer schema file
2023-06-19 20:30:40,432 [Time-limited test] INFO  upgrade.AbstractLayoutVersionManager (AbstractLayoutVersionManager.java:init(83)) - Initializing Layout version manager with metadata layout = HADOOP_PRC_PORTS_IN_DATANODEDETAILS (version = 7), software layout = HADOOP_PRC_PORTS_IN_DATANODEDETAILS (version = 7)
2023-06-19 20:30:40,435 [Time-limited test] INFO  ha.SequenceIdGenerator (SequenceIdGenerator.java:upgradeToSequenceId(349)) - upgrade localId to 111677748019200000
2023-06-19 20:30:40,436 [Time-limited test] INFO  ha.SequenceIdGenerator (SequenceIdGenerator.java:upgradeToSequenceId(359)) - upgrade delTxnId to 0
2023-06-19 20:30:40,437 [Time-limited test] INFO  ha.SequenceIdGenerator (SequenceIdGenerator.java:upgradeToSequenceId(376)) - upgrade containerId to 0
2023-06-19 20:30:40,437 [Time-limited test] INFO  ha.SequenceIdGenerator (SequenceIdGenerator.java:<init>(220)) - Init the HA SequenceIdGenerator.
2023-06-19 20:30:40,438 [Time-limited test] INFO  node.SCMNodeManager (SCMNodeManager.java:<init>(158)) - Entering startup safe mode.
2023-06-19 20:30:40,439 [Time-limited test] INFO  algorithms.ContainerPlacementPolicyFactory (ContainerPlacementPolicyFactory.java:getPolicyInternal(86)) - Create container placement policy of type org.apache.hadoop.hdds.scm.container.placement.algorithms.SCMContainerPlacementRackAware
2023-06-19 20:30:40,439 [Time-limited test] INFO  algorithms.ContainerPlacementPolicyFactory (ContainerPlacementPolicyFactory.java:getPolicyInternal(86)) - Create container placement policy of type org.apache.hadoop.hdds.scm.container.placement.algorithms.SCMContainerPlacementRackScatter
2023-06-19 20:30:40,439 [Time-limited test] INFO  pipeline.PipelineStateManagerImpl (PipelineStateManagerImpl.java:initialize(78)) - No pipeline exists in current db
2023-06-19 20:30:40,439 [Time-limited test] INFO  algorithms.LeaderChoosePolicyFactory (LeaderChoosePolicyFactory.java:getPolicy(57)) - Create leader choose policy of type org.apache.hadoop.hdds.scm.pipeline.leader.choose.algorithms.MinLeaderCountChoosePolicy
2023-06-19 20:30:40,440 [Time-limited test] INFO  algorithms.ContainerPlacementPolicyFactory (ContainerPlacementPolicyFactory.java:getPolicyInternal(86)) - Create container placement policy of type org.apache.hadoop.hdds.scm.container.placement.algorithms.SCMContainerPlacementRackScatter
2023-06-19 20:30:40,440 [Time-limited test] INFO  ha.SCMServiceManager (SCMServiceManager.java:register(42)) - Registering service BackgroundPipelineCreator.
2023-06-19 20:30:40,440 [Time-limited test] INFO  pipeline.BackgroundPipelineCreator (BackgroundPipelineCreator.java:start(124)) - Starting RatisPipelineUtilsThread.
2023-06-19 20:30:40,442 [Time-limited test] INFO  BackgroundPipelineScrubber (BackgroundSCMService.java:start(68)) - Starting BackgroundPipelineScrubber Service.
2023-06-19 20:30:40,442 [Time-limited test] INFO  ha.SCMServiceManager (SCMServiceManager.java:register(42)) - Registering service BackgroundPipelineScrubber.
2023-06-19 20:30:40,442 [Time-limited test] INFO  ExpiredContainerReplicaOpScrubber (BackgroundSCMService.java:start(68)) - Starting ExpiredContainerReplicaOpScrubber Service.
2023-06-19 20:30:40,443 [Time-limited test] INFO  ha.SCMServiceManager (SCMServiceManager.java:register(42)) - Registering service ExpiredContainerReplicaOpScrubber.
2023-06-19 20:30:40,444 [Time-limited test] INFO  algorithms.PipelineChoosePolicyFactory (PipelineChoosePolicyFactory.java:createPipelineChoosePolicyFromClass(73)) - Create pipeline choose policy of type org.apache.hadoop.hdds.scm.pipeline.choose.algorithms.RandomPipelineChoosePolicy
2023-06-19 20:30:40,445 [Time-limited test] INFO  ha.SCMServiceManager (SCMServiceManager.java:register(42)) - Registering service SCMBlockDeletingService.
2023-06-19 20:30:40,446 [Time-limited test] INFO  replication.ReplicationManager (ReplicationManager.java:start(286)) - Starting Replication Monitor Thread.
2023-06-19 20:30:40,447 [Time-limited test] INFO  ha.SCMServiceManager (SCMServiceManager.java:register(42)) - Registering service ReplicationManager.
2023-06-19 20:30:40,448 [Time-limited test] INFO  safemode.ContainerSafeModeRule (ContainerSafeModeRule.java:<init>(89)) - containers with one replica threshold count 0
2023-06-19 20:30:40,448 [Time-limited test] INFO  safemode.HealthyPipelineSafeModeRule (HealthyPipelineSafeModeRule.java:initializeRule(169)) - Total pipeline count is 0, healthy pipeline threshold count is 0
2023-06-19 20:30:40,449 [Time-limited test] INFO  safemode.OneReplicaPipelineSafeModeRule (OneReplicaPipelineSafeModeRule.java:initializeRule(180)) - Total pipeline count is 0, pipeline's with at least one datanode reported threshold count is 0
2023-06-19 20:30:40,450 [Time-limited test] INFO  authority.DefaultCAServer (DefaultCAServer.java:lambda$processVerificationStatus$0(465)) - CertificateServer validation is successful
2023-06-19 20:30:40,451 [Time-limited test] INFO  authority.DefaultCAServer (DefaultCAServer.java:lambda$processVerificationStatus$0(465)) - CertificateServer validation is successful
2023-06-19 20:30:40,456 [Time-limited test] INFO  server.StorageContainerManager (StorageContainerManager.java:persistPrimarySCMCerts(910)) - Storing sub-ca certificate serialId 5129744544073 on primary SCM
2023-06-19 20:30:40,459 [Time-limited test] INFO  server.StorageContainerManager (StorageContainerManager.java:persistPrimarySCMCerts(918)) - Storing root certificate serialId 1
2023-06-19 20:30:40,460 [Time-limited test] INFO  ipc.CallQueueManager (CallQueueManager.java:<init>(90)) - Using callQueue: class java.util.concurrent.LinkedBlockingQueue, queueCapacity: 200, scheduler: class org.apache.hadoop.ipc.DefaultRpcScheduler, ipcBackoff: false.
2023-06-19 20:30:40,461 [ReplicationMonitor] INFO  replication.ReplicationManager (ReplicationManager.java:processAll(361)) - Replication Manager is not ready to run until 300000ms after safemode exit
2023-06-19 20:30:40,461 [Socket Reader #1 for port 9961] INFO  ipc.Server (Server.java:run(1319)) - Starting Socket Reader #1 for port 9961
2023-06-19 20:30:40,463 [Listener at 0.0.0.0/9961] INFO  hdds.HddsUtils (HddsUtils.java:preserveThreadName(848)) - Restoring thread name: Time-limited test
2023-06-19 20:30:40,464 [Time-limited test] INFO  ha.SCMServiceManager (SCMServiceManager.java:register(42)) - Registering service RootCARotationManager.
2023-06-19 20:30:40,464 [Time-limited test] INFO  server.StorageContainerManager (StorageContainerManager.java:<init>(414)) - SCM start with adminUsers: [scm/fv-az616-238@EXAMPLE.COM, scm]
2023-06-19 20:30:40,465 [Time-limited test] INFO  ipc.CallQueueManager (CallQueueManager.java:<init>(90)) - Using callQueue: class java.util.concurrent.LinkedBlockingQueue, queueCapacity: 10000, scheduler: class org.apache.hadoop.ipc.DefaultRpcScheduler, ipcBackoff: false.
2023-06-19 20:30:40,468 [Socket Reader #1 for port 9861] INFO  ipc.Server (Server.java:run(1319)) - Starting Socket Reader #1 for port 9861
2023-06-19 20:30:40,474 [Listener at 0.0.0.0/9861] INFO  hdds.HddsUtils (HddsUtils.java:preserveThreadName(848)) - Restoring thread name: Time-limited test
2023-06-19 20:30:40,474 [Time-limited test] INFO  ipc.CallQueueManager (CallQueueManager.java:<init>(90)) - Using callQueue: class java.util.concurrent.LinkedBlockingQueue, queueCapacity: 10000, scheduler: class org.apache.hadoop.ipc.DefaultRpcScheduler, ipcBackoff: false.
2023-06-19 20:30:40,481 [Socket Reader #1 for port 9863] INFO  ipc.Server (Server.java:run(1319)) - Starting Socket Reader #1 for port 9863
2023-06-19 20:30:40,483 [Listener at 0.0.0.0/9863] INFO  hdds.HddsUtils (HddsUtils.java:preserveThreadName(848)) - Restoring thread name: Time-limited test
2023-06-19 20:30:40,483 [Time-limited test] INFO  ipc.CallQueueManager (CallQueueManager.java:<init>(90)) - Using callQueue: class java.util.concurrent.LinkedBlockingQueue, queueCapacity: 10000, scheduler: class org.apache.hadoop.ipc.DefaultRpcScheduler, ipcBackoff: false.
2023-06-19 20:30:40,486 [Socket Reader #1 for port 9860] INFO  ipc.Server (Server.java:run(1319)) - Starting Socket Reader #1 for port 9860
2023-06-19 20:30:40,500 [Listener at 0.0.0.0/9860] INFO  hdds.HddsUtils (HddsUtils.java:preserveThreadName(848)) - Restoring thread name: Time-limited test
2023-06-19 20:30:40,509 [Time-limited test] INFO  ha.SCMServiceManager (SCMServiceManager.java:register(42)) - Registering service ContainerBalancer.
2023-06-19 20:30:40,510 [Time-limited test] INFO  server.StorageContainerManager (StorageContainerManager.java:<init>(427)) - 
Container Balancer status:
Key                            Value
Running                        false
Container Balancer Configuration values:
Key                                                Value
Threshold                                          10
Max Datanodes to Involve per Iteration(percent)    20
Max Size to Move per Iteration                     500GB
Max Size Entering Target per Iteration             26GB
Max Size Leaving Source per Iteration              26GB

2023-06-19 20:30:40,510 [Time-limited test] INFO  ha.SCMContext (SCMContext.java:updateSafeModeStatus(228)) - Update SafeModeStatus from SafeModeStatus{safeModeStatus=true, preCheckPassed=false} to SafeModeStatus{safeModeStatus=true, preCheckPassed=false}.
2023-06-19 20:30:40,510 [Time-limited test] INFO  server.StorageContainerManager (StorageContainerManager.java:start(1483)) - StorageContainerLocationProtocol RPC server is listening at /0.0.0.0:9860
2023-06-19 20:30:40,513 [Time-limited test] WARN  impl.MetricsConfig (MetricsConfig.java:loadFirst(136)) - Cannot locate configuration: tried hadoop-metrics2-storagecontainermanager.properties,hadoop-metrics2.properties
2023-06-19 20:30:40,514 [Time-limited test] INFO  impl.MetricsSystemImpl (MetricsSystemImpl.java:startTimer(378)) - Scheduled Metric snapshot period at 10 second(s).
2023-06-19 20:30:40,514 [Time-limited test] INFO  impl.MetricsSystemImpl (MetricsSystemImpl.java:start(191)) - StorageContainerManager metrics system started
2023-06-19 20:30:40,526 [Time-limited test] INFO  impl.MetricsSinkAdapter (MetricsSinkAdapter.java:start(204)) - Sink prometheus started
2023-06-19 20:30:40,526 [Time-limited test] INFO  impl.MetricsSystemImpl (MetricsSystemImpl.java:registerSink(305)) - Registered sink prometheus
2023-06-19 20:30:40,553 [Time-limited test] INFO  server.SCMClientProtocolServer (SCMClientProtocolServer.java:start(201)) - RPC server for Client  is listening at /0.0.0.0:9860
2023-06-19 20:30:40,553 [IPC Server Responder] INFO  ipc.Server (Server.java:run(1558)) - IPC Server Responder: starting
2023-06-19 20:30:40,555 [IPC Server listener on 9860] INFO  ipc.Server (Server.java:run(1398)) - IPC Server listener on 9860: starting
2023-06-19 20:30:40,569 [Time-limited test] INFO  server.StorageContainerManager (StorageContainerManager.java:start(1496)) - ScmBlockLocationProtocol RPC server is listening at /0.0.0.0:9863
2023-06-19 20:30:40,570 [Time-limited test] INFO  server.SCMBlockProtocolServer (SCMBlockProtocolServer.java:start(152)) - RPC server for Block Protocol is listening at /0.0.0.0:9863
2023-06-19 20:30:40,572 [IPC Server listener on 9863] INFO  ipc.Server (Server.java:run(1398)) - IPC Server listener on 9863: starting
2023-06-19 20:30:40,572 [IPC Server Responder] INFO  ipc.Server (Server.java:run(1558)) - IPC Server Responder: starting
2023-06-19 20:30:40,605 [Time-limited test] INFO  server.SCMDatanodeProtocolServer (SCMDatanodeProtocolServer.java:start(193)) - ScmDatanodeProtocol RPC server for DataNodes is listening at /0.0.0.0:9861
2023-06-19 20:30:40,606 [IPC Server Responder] INFO  ipc.Server (Server.java:run(1558)) - IPC Server Responder: starting
2023-06-19 20:30:40,608 [IPC Server listener on 9861] INFO  ipc.Server (Server.java:run(1398)) - IPC Server listener on 9861: starting
2023-06-19 20:30:40,633 [Time-limited test] INFO  server.SCMSecurityProtocolServer (SCMSecurityProtocolServer.java:start(465)) - Starting RPC server for SCMSecurityProtocolServer. is listening at /0.0.0.0:9961
2023-06-19 20:30:40,634 [IPC Server Responder] INFO  ipc.Server (Server.java:run(1558)) - IPC Server Responder: starting
2023-06-19 20:30:40,634 [IPC Server listener on 9961] INFO  ipc.Server (Server.java:run(1398)) - IPC Server listener on 9961: starting
2023-06-19 20:30:40,635 [Time-limited test] INFO  server.SCMUpdateServiceGrpcServer (SCMUpdateServiceGrpcServer.java:start(58)) - SCMUpdateService starting
2023-06-19 20:30:40,645 [Time-limited test] INFO  security.RootCARotationManager (RootCARotationManager.java:start(135)) - Monitor task for root certificate 1 is started with interval PT9S.
2023-06-19 20:30:40,647 [Time-limited test] INFO  http.BaseHttpServer (BaseHttpServer.java:newHttpServer2BuilderForOzone(224)) - Starting Web-server for scm at: http://0.0.0.0:9876
2023-06-19 20:30:40,647 [Time-limited test] INFO  http.BaseHttpServer (BaseHttpServer.java:<init>(111)) - Hadoop Security Enabled: true Ozone Security Enabled: true Ozone HTTP Security Enabled: false 
2023-06-19 20:30:40,649 [Time-limited test] WARN  server.AuthenticationFilter (AuthenticationFilter.java:constructSecretProvider(240)) - Unable to initialize FileSignerSecretProvider, falling back to use random secrets. Reason: Could not read signature secret file: /home/runner/hadoop-http-auth-signature-secret
2023-06-19 20:30:40,652 [Time-limited test] INFO  http.HttpRequestLog (HttpRequestLog.java:getRequestLog(86)) - Http request log for http.requests.scm is not defined
2023-06-19 20:30:40,654 [Time-limited test] INFO  http.HttpServer2 (HttpServer2.java:addGlobalFilter(1031)) - Added global filter 'safety' (class=org.apache.hadoop.hdds.server.http.HttpServer2$QuotingInputFilter)
2023-06-19 20:30:40,650 [JvmPauseMonitor1] INFO  util.JvmPauseMonitor (JvmPauseMonitor.java:run(103)) - JvmPauseMonitor-a1f312bd-c5db-4541-855d-1918696fe10f: Started
2023-06-19 20:30:40,665 [Time-limited test] INFO  http.HttpServer2 (HttpServer2.java:addFilter(1007)) - Added filter static_user_filter (class=org.apache.hadoop.http.lib.StaticUserWebFilter$StaticUserFilter) to context scm
2023-06-19 20:30:40,666 [Time-limited test] INFO  http.HttpServer2 (HttpServer2.java:addFilter(1015)) - Added filter static_user_filter (class=org.apache.hadoop.http.lib.StaticUserWebFilter$StaticUserFilter) to context static
2023-06-19 20:30:40,666 [Time-limited test] INFO  http.HttpServer2 (HttpServer2.java:addFilter(1015)) - Added filter static_user_filter (class=org.apache.hadoop.http.lib.StaticUserWebFilter$StaticUserFilter) to context logs
2023-06-19 20:30:40,669 [Time-limited test] INFO  http.BaseHttpServer (BaseHttpServer.java:<init>(190)) - HTTP server of scm uses base directory /tmp/junit716989042618232927/junit1455760321911956786/scm-meta/webserver
2023-06-19 20:30:40,669 [Time-limited test] INFO  http.HttpServer2 (HttpServer2.java:bindListener(1250)) - Jetty bound to port 9876
2023-06-19 20:30:40,669 [Time-limited test] INFO  server.Server (Server.java:doStart(375)) - jetty-9.4.51.v20230217; built: 2023-02-17T08:19:37.309Z; git: b45c405e4544384de066f814ed42ae3dceacdd49; jvm 1.8.0_372-b07
2023-06-19 20:30:40,671 [Time-limited test] INFO  server.session (DefaultSessionIdManager.java:doStart(334)) - DefaultSessionIdManager workerName=node0
2023-06-19 20:30:40,671 [Time-limited test] INFO  server.session (DefaultSessionIdManager.java:doStart(339)) - No SessionScavenger set, using defaults
2023-06-19 20:30:40,672 [Time-limited test] INFO  server.session (HouseKeeper.java:startScavenging(132)) - node0 Scavenging every 660000ms
2023-06-19 20:30:40,673 [Time-limited test] INFO  handler.ContextHandler (ContextHandler.java:doStart(921)) - Started o.e.j.s.ServletContextHandler@53648a09{logs,/logs,file:///home/runner/work/ozone/ozone/hadoop-ozone/integration-test/target/log,AVAILABLE}
2023-06-19 20:30:40,674 [Time-limited test] INFO  handler.ContextHandler (ContextHandler.java:doStart(921)) - Started o.e.j.s.ServletContextHandler@6f85e396{static,/static,file:///home/runner/work/ozone/ozone/hadoop-ozone/integration-test/target/test-classes/webapps/static,AVAILABLE}
2023-06-19 20:30:40,680 [Time-limited test] INFO  handler.ContextHandler (ContextHandler.java:doStart(921)) - Started o.e.j.w.WebAppContext@1819edde{scm,/,file:///home/runner/work/ozone/ozone/hadoop-ozone/integration-test/target/test-classes/webapps/scm/,AVAILABLE}{file:/home/runner/work/ozone/ozone/hadoop-ozone/integration-test/target/test-classes/webapps/scm}
2023-06-19 20:30:40,684 [Time-limited test] INFO  server.AbstractConnector (AbstractConnector.java:doStart(333)) - Started ServerConnector@6a4162ac{HTTP/1.1, (http/1.1)}{0.0.0.0:9876}
2023-06-19 20:30:40,684 [Time-limited test] INFO  server.Server (Server.java:doStart(415)) - Started @15122ms
2023-06-19 20:30:40,684 [Time-limited test] WARN  impl.MetricsSystemImpl (MetricsSystemImpl.java:register(279)) - Sink prometheus already exists!
2023-06-19 20:30:40,687 [Time-limited test] INFO  http.BaseHttpServer (BaseHttpServer.java:updateConnectorAddress(344)) - HTTP server of scm listening at http://0.0.0.0:9876
2023-06-19 20:30:40,690 [Time-limited test] WARN  server.ServerUtils (ServerUtils.java:getDBPath(311)) - ozone.om.db.dirs is not configured. We recommend adding this setting. Falling back to ozone.metadata.dirs instead.
2023-06-19 20:30:40,703 [Time-limited test] INFO  ha.OMHANodeDetails (OMHANodeDetails.java:loadOMHAConfig(115)) - ozone.om.internal.service.id is not defined, falling back to ozone.om.service.ids to find serviceID for OzoneManager if it is HA enabled cluster
2023-06-19 20:30:40,706 [Time-limited test] INFO  ha.OMHANodeDetails (OMHANodeDetails.java:loadOMHAConfig(226)) - Configuration does not have ozone.om.address set. Falling back to the default OM address fv-az616-238/10.1.0.14:1202
2023-06-19 20:30:40,709 [Time-limited test] INFO  ha.OMHANodeDetails (OMHANodeDetails.java:getOMNodeDetailsForNonHA(254)) - OM Service ID is not set. Setting it to the default ID: omServiceIdDefault
2023-06-19 20:30:40,709 [Time-limited test] INFO  ha.OMHANodeDetails (OMHANodeDetails.java:getOMNodeDetailsForNonHA(261)) - OM Node ID is not set. Setting it to the default ID: om1
2023-06-19 20:30:40,714 [Time-limited test] WARN  server.ServerUtils (ServerUtils.java:getDBPath(311)) - ozone.om.db.dirs is not configured. We recommend adding this setting. Falling back to ozone.metadata.dirs instead.
2023-06-19 20:30:40,719 [Time-limited test] INFO  upgrade.AbstractLayoutVersionManager (AbstractLayoutVersionManager.java:init(83)) - Initializing Layout version manager with metadata layout = QUOTA (version = 6), software layout = QUOTA (version = 6)
2023-06-19 20:30:40,891 [Time-limited test] INFO  reflections.Reflections (Reflections.java:scan(232)) - Reflections took 166 ms to scan 2 urls, producing 181 keys and 502 values [using 2 cores]
2023-06-19 20:30:40,898 [Time-limited test] INFO  upgrade.OMLayoutVersionManager (OMLayoutVersionManager.java:lambda$0(115)) - Skipping Upgrade Action MockOmUpgradeAction since it has been finalized.
2023-06-19 20:30:40,898 [Time-limited test] INFO  upgrade.OMLayoutVersionManager (OMLayoutVersionManager.java:lambda$0(115)) - Skipping Upgrade Action QuotaRepairUpgradeAction since it has been finalized.
2023-06-19 20:30:40,901 [Time-limited test] WARN  server.ServerUtils (ServerUtils.java:getDBPath(311)) - ozone.om.db.dirs is not configured. We recommend adding this setting. Falling back to ozone.metadata.dirs instead.
2023-06-19 20:30:41,269 [Time-limited test] INFO  proxy.SCMBlockLocationFailoverProxyProvider (SCMBlockLocationFailoverProxyProvider.java:<init>(114)) - Created block location fail-over proxy with 1 nodes: [nodeId=scmNodeId,nodeAddress=/0.0.0.0:9863]
2023-06-19 20:30:41,353 [Time-limited test] INFO  om.OzoneManager (OzoneManager.java:<init>(644)) - OM start with adminUsers: [scm/fv-az616-238@EXAMPLE.COM, scm]
2023-06-19 20:30:41,377 [Time-limited test] WARN  server.ServerUtils (ServerUtils.java:getDBPath(311)) - ozone.om.db.dirs is not configured. We recommend adding this setting. Falling back to ozone.metadata.dirs instead.
2023-06-19 20:30:41,410 [Time-limited test] INFO  helpers.OmKeyInfo (OmKeyInfo.java:getCodec(71)) - OmKeyInfo.getCodec ignorePipeline = true
2023-06-19 20:30:41,784 [Time-limited test] INFO  om.OzoneManager (OzoneManager.java:instantiateServices(773)) - S3 Multi-Tenancy is disabled
2023-06-19 20:30:41,816 [Time-limited test] INFO  security.OzoneSecretStore (OzoneSecretStore.java:loadState(69)) - Loaded 0 tokens
2023-06-19 20:30:41,818 [Time-limited test] INFO  security.OzoneDelegationTokenSecretManager (OzoneDelegationTokenSecretManager.java:loadTokenSecretState(530)) - Loading token state into token manager.
2023-06-19 20:30:41,854 [Time-limited test] INFO  om.OmSnapshotManager (OmSnapshotManager.java:<init>(170)) - Ozone filesystem snapshot feature is enabled.
2023-06-19 20:30:41,869 [Time-limited test] WARN  server.ServerUtils (ServerUtils.java:getDBPath(311)) - ozone.om.snapshot.diff.db.dir is not configured. We recommend adding this setting. Falling back to ozone.metadata.dirs instead.
2023-06-19 20:30:41,924 [Time-limited test] INFO  utils.NativeLibraryLoader (NativeLibraryLoader.java:loadLibrary(105)) - Loading Library: ozone_rocksdb_tools
2023-06-19 20:30:41,926 [Time-limited test] INFO  snapshot.SnapshotDiffManager (SnapshotDiffManager.java:closeExecutorService(1267)) - Shutting down executorService: 'SstDumpToolExecutor'
2023-06-19 20:30:42,031 [Time-limited test] INFO  om.OzoneManager (OzoneManager.java:addS3GVolumeToDB(4237)) - Created Volume s3v With Owner scm required for S3Gateway operations.
2023-06-19 20:30:42,114 [Time-limited test] WARN  server.ServerUtils (ServerUtils.java:getDefaultRatisDirectory(323)) - Storage directory for Ratis is not configured. It is a good idea to map this to an SSD disk. Falling back to ozone.metadata.dirs
2023-06-19 20:30:42,116 [Time-limited test] WARN  utils.OzoneManagerRatisUtils (OzoneManagerRatisUtils.java:getOMRatisSnapshotDirectory(461)) - ozone.om.ratis.snapshot.dir is not configured. Falling back to ozone.metadata.dirs config
2023-06-19 20:30:42,131 [Time-limited test] WARN  server.ServerUtils (ServerUtils.java:getDefaultRatisDirectory(323)) - Storage directory for Ratis is not configured. It is a good idea to map this to an SSD disk. Falling back to ozone.metadata.dirs
2023-06-19 20:30:42,171 [Time-limited test] INFO  ratis.OzoneManagerRatisServer (OzoneManagerRatisServer.java:<init>(163)) - Instantiating OM Ratis server with groupID: omServiceIdDefault and peers: fv-az616-238:9872
2023-06-19 20:30:42,186 [Time-limited test] INFO  ratis.OzoneManagerStateMachine (OzoneManagerStateMachine.java:loadSnapshotInfoFromDB(670)) - LastAppliedIndex is set from TransactionInfo from OM DB as (t:0, i:~)
2023-06-19 20:30:42,279 [Time-limited test] INFO  server.RaftServer (ConfUtils.java:logGet(46)) - raft.rpc.type = GRPC (default)
2023-06-19 20:30:42,291 [Time-limited test] INFO  grpc.GrpcConfigKeys (ConfUtils.java:logFallback(53)) - raft.grpc.admin.host = null (fallback to raft.grpc.server.host)
2023-06-19 20:30:42,293 [Time-limited test] INFO  grpc.GrpcConfigKeys (ConfUtils.java:logFallback(53)) - raft.grpc.admin.port = 9872 (fallback to raft.grpc.server.port)
2023-06-19 20:30:42,293 [Time-limited test] INFO  grpc.GrpcConfigKeys (ConfUtils.java:logFallback(53)) - raft.grpc.client.host = null (fallback to raft.grpc.server.host)
2023-06-19 20:30:42,294 [Time-limited test] INFO  grpc.GrpcConfigKeys (ConfUtils.java:logFallback(53)) - raft.grpc.client.port = 9872 (fallback to raft.grpc.server.port)
2023-06-19 20:30:42,294 [Time-limited test] INFO  grpc.GrpcConfigKeys (ConfUtils.java:logGet(46)) - raft.grpc.server.host = null (default)
2023-06-19 20:30:42,294 [Time-limited test] INFO  grpc.GrpcConfigKeys (ConfUtils.java:logGet(46)) - raft.grpc.server.port = 9872 (custom)
2023-06-19 20:30:42,295 [Time-limited test] INFO  server.GrpcService (ConfUtils.java:logGet(46)) - raft.grpc.message.size.max = 33554432 (custom)
2023-06-19 20:30:42,297 [Time-limited test] INFO  server.RaftServerConfigKeys (ConfUtils.java:logGet(46)) - raft.server.log.appender.buffer.byte-limit = 33554432 (custom)
2023-06-19 20:30:42,298 [Time-limited test] INFO  server.GrpcService (ConfUtils.java:logGet(46)) - raft.grpc.flow.control.window = 1MB (=1048576) (default)
2023-06-19 20:30:42,298 [Time-limited test] INFO  server.RaftServerConfigKeys (ConfUtils.java:logGet(46)) - raft.server.rpc.request.timeout = 3000ms (default)
2023-06-19 20:30:42,315 [Time-limited test] INFO  grpc.GrpcConfigKeys (ConfUtils.java:logGet(46)) - raft.grpc.server.heartbeat.channel = true (default)
2023-06-19 20:30:42,320 [Time-limited test] INFO  grpc.GrpcConfigKeys (ConfUtils.java:logGet(46)) - raft.grpc.server.async.request.thread.pool.cached = true (default)
2023-06-19 20:30:42,321 [Time-limited test] INFO  grpc.GrpcConfigKeys (ConfUtils.java:logGet(46)) - raft.grpc.server.async.request.thread.pool.size = 32 (default)
2023-06-19 20:30:42,390 [Time-limited test] INFO  impl.DataStreamServerImpl (ConfUtils.java:logGet(46)) - raft.datastream.type = DISABLED (default)
2023-06-19 20:30:42,395 [Time-limited test] INFO  server.RaftServerConfigKeys (ConfUtils.java:logGet(46)) - raft.server.threadpool.proxy.cached = true (default)
2023-06-19 20:30:42,397 [Time-limited test] INFO  server.RaftServerConfigKeys (ConfUtils.java:logGet(46)) - raft.server.threadpool.proxy.size = 0 (default)
2023-06-19 20:30:42,397 [Time-limited test] INFO  server.RaftServerConfigKeys (ConfUtils.java:logGet(46)) - raft.server.rpc.slowness.timeout = 120s (custom)
2023-06-19 20:30:42,397 [Time-limited test] INFO  server.RaftServerConfigKeys (ConfUtils.java:logGet(46)) - raft.server.leaderelection.leader.step-down.wait-time = 10s (default)
2023-06-19 20:30:42,399 [Time-limited test] INFO  server.RaftServerConfigKeys (ConfUtils.java:logGet(46)) - raft.server.storage.dir = [/tmp/junit716989042618232927/junit1455760321911956786/scm-meta/ratis] (custom)
2023-06-19 20:30:42,417 [Time-limited test] INFO  server.RaftServer (RaftServerProxy.java:addNew(98)) - om1: addNew group-C5BA1605619E:[om1|rpc:fv-az616-238:9872|priority:0|startupRole:FOLLOWER] returns group-C5BA1605619E:java.util.concurrent.CompletableFuture@31d919b9[Not completed]
2023-06-19 20:30:42,417 [Time-limited test] INFO  om.OzoneManager (OzoneManager.java:initializeRatisServer(2106)) - OzoneManager Ratis server initialized at port 9872
2023-06-19 20:30:42,422 [Time-limited test] INFO  om.OzoneManager (OzoneManager.java:getRpcServer(1166)) - Creating RPC Server
2023-06-19 20:30:42,447 [om1-groupManagement] INFO  server.RaftServer$Division (RaftServerImpl.java:<init>(198)) - om1: new RaftServerImpl for group-C5BA1605619E:[om1|rpc:fv-az616-238:9872|priority:0|startupRole:FOLLOWER] with OzoneManagerStateMachine:uninitialized
2023-06-19 20:30:42,456 [om1-groupManagement] INFO  server.RaftServerConfigKeys (ConfUtils.java:logGet(46)) - raft.server.rpc.timeout.min = 5s (custom)
2023-06-19 20:30:42,465 [om1-groupManagement] INFO  server.RaftServerConfigKeys (ConfUtils.java:logGet(46)) - raft.server.rpc.timeout.max = 5200ms (custom)
2023-06-19 20:30:42,465 [om1-groupManagement] INFO  server.RaftServerConfigKeys (ConfUtils.java:logGet(46)) - raft.server.rpc.sleep.time = 25ms (default)
2023-06-19 20:30:42,465 [om1-groupManagement] INFO  server.RaftServerConfigKeys (ConfUtils.java:logGet(46)) - raft.server.rpc.slowness.timeout = 120s (custom)
2023-06-19 20:30:42,465 [om1-groupManagement] INFO  server.RaftServerConfigKeys (ConfUtils.java:logGet(46)) - raft.server.leaderelection.leader.step-down.wait-time = 10s (default)
2023-06-19 20:30:42,465 [om1-groupManagement] INFO  server.RaftServerConfigKeys (ConfUtils.java:logGet(46)) - raft.server.sleep.deviation.threshold = 300ms (default)
2023-06-19 20:30:42,490 [om1-groupManagement] INFO  server.RaftServer$Division (ServerState.java:<init>(120)) - om1@group-C5BA1605619E: ConfigurationManager, init=-1: peers:[om1|rpc:fv-az616-238:9872|priority:0|startupRole:FOLLOWER]|listeners:[], old=null, confs=<EMPTY_MAP>
2023-06-19 20:30:42,490 [om1-groupManagement] INFO  server.RaftServerConfigKeys (ConfUtils.java:logGet(46)) - raft.server.storage.dir = [/tmp/junit716989042618232927/junit1455760321911956786/scm-meta/ratis] (custom)
2023-06-19 20:30:42,502 [om1-groupManagement] INFO  server.RaftServerConfigKeys (ConfUtils.java:logGet(46)) - raft.server.log.corruption.policy = EXCEPTION (default)
2023-06-19 20:30:42,503 [om1-groupManagement] INFO  server.RaftServerConfigKeys (ConfUtils.java:logGet(46)) - raft.server.storage.free-space.min = 0MB (=0) (default)
2023-06-19 20:30:42,525 [om1-groupManagement] INFO  server.RaftServerConfigKeys (ConfUtils.java:logGet(46)) - raft.server.notification.no-leader.timeout = 120s (custom)
2023-06-19 20:30:42,537 [om1-groupManagement] INFO  server.RaftServerConfigKeys (ConfUtils.java:logGet(46)) - raft.server.read.timeout = 10s (default)
2023-06-19 20:30:42,550 [om1-groupManagement] INFO  server.RaftServerConfigKeys (ConfUtils.java:logGet(46)) - raft.server.retrycache.expirytime = 300s (custom)
2023-06-19 20:30:42,550 [om1-groupManagement] INFO  server.RaftServerConfigKeys (ConfUtils.java:logGet(46)) - raft.server.retrycache.statistics.expirytime = 100μs (default)
2023-06-19 20:30:42,623 [om1-groupManagement] INFO  server.RaftServerConfigKeys (ConfUtils.java:logGet(46)) - raft.server.read.option = DEFAULT (default)
2023-06-19 20:30:42,697 [om1-groupManagement] INFO  server.RaftServerConfigKeys (ConfUtils.java:logGet(46)) - raft.server.rpc.request.timeout = 3000ms (default)
2023-06-19 20:30:42,703 [om1-groupManagement] INFO  server.RaftServerConfigKeys (ConfUtils.java:logGet(46)) - raft.server.log.appender.install.snapshot.enabled = false (custom)
2023-06-19 20:30:42,704 [om1-groupManagement] INFO  server.RaftServerConfigKeys (ConfUtils.java:logGet(46)) - raft.server.threadpool.server.cached = true (default)
2023-06-19 20:30:42,705 [om1-groupManagement] INFO  server.RaftServerConfigKeys (ConfUtils.java:logGet(46)) - raft.server.threadpool.server.size = 0 (default)
2023-06-19 20:30:42,707 [om1-groupManagement] INFO  server.RaftServerConfigKeys (ConfUtils.java:logGet(46)) - raft.server.threadpool.client.cached = true (default)
2023-06-19 20:30:42,707 [om1-groupManagement] INFO  server.RaftServerConfigKeys (ConfUtils.java:logGet(46)) - raft.server.threadpool.client.size = 0 (default)
2023-06-19 20:30:43,343 [Time-limited test] INFO  reflections.Reflections (Reflections.java:scan(232)) - Reflections took 838 ms to scan 19 urls, producing 69 keys and 5367 values [using 2 cores]
2023-06-19 20:30:43,578 [Time-limited test] INFO  ipc.CallQueueManager (CallQueueManager.java:<init>(90)) - Using callQueue: class java.util.concurrent.LinkedBlockingQueue, queueCapacity: 10000, scheduler: class org.apache.hadoop.ipc.DefaultRpcScheduler, ipcBackoff: false.
2023-06-19 20:30:43,579 [Socket Reader #1 for port 1202] INFO  ipc.Server (Server.java:run(1319)) - Starting Socket Reader #1 for port 1202
2023-06-19 20:30:43,597 [Listener at fv-az616-238/1202] INFO  hdds.HddsUtils (HddsUtils.java:preserveThreadName(848)) - Restoring thread name: Time-limited test
2023-06-19 20:30:43,624 [Time-limited test] INFO  ha.OMHANodeDetails (OMHANodeDetails.java:loadOMHAConfig(115)) - ozone.om.internal.service.id is not defined, falling back to ozone.om.service.ids to find serviceID for OzoneManager if it is HA enabled cluster
2023-06-19 20:30:43,624 [Time-limited test] INFO  ha.OMHANodeDetails (OMHANodeDetails.java:loadOMHAConfig(226)) - Configuration does not have ozone.om.address set. Falling back to the default OM address fv-az616-238/10.1.0.14:1202
2023-06-19 20:30:43,624 [Time-limited test] INFO  ha.OMHANodeDetails (OMHANodeDetails.java:getOMNodeDetailsForNonHA(254)) - OM Service ID is not set. Setting it to the default ID: omServiceIdDefault
2023-06-19 20:30:43,625 [Time-limited test] INFO  ha.OMHANodeDetails (OMHANodeDetails.java:getOMNodeDetailsForNonHA(261)) - OM Node ID is not set. Setting it to the default ID: om1
2023-06-19 20:30:43,628 [pool-41-thread-1] INFO  request.KdcRequest (KdcRequest.java:preauth(651)) - The preauth data is empty.
2023-06-19 20:30:43,628 [pool-41-thread-1] INFO  server.KdcHandler (KdcHandler.java:handleRecoverableException(177)) - KRB error occurred while processing request:Additional pre-authentication required
2023-06-19 20:30:43,634 [pool-41-thread-1] INFO  request.AsRequest (AsRequest.java:issueTicket(112)) - AS_REQ ISSUE: authtime 1687206643633,scm/fv-az616-238@EXAMPLE.COM for krbtgt/EXAMPLE.COM@EXAMPLE.COM
2023-06-19 20:30:43,638 [Time-limited test] INFO  security.UserGroupInformation (UserGroupInformation.java:loginUserFromKeytab(1132)) - Login successful for user scm/fv-az616-238@EXAMPLE.COM using keytab file scm.keytab. Keytab auto renewal enabled : false
2023-06-19 20:30:43,638 [Time-limited test] INFO  om.OzoneManager (OzoneManager.java:loginOMUser(1134)) - Ozone Manager login successful.
2023-06-19 20:30:43,638 [Time-limited test] WARN  server.ServerUtils (ServerUtils.java:getDBPath(311)) - ozone.om.db.dirs is not configured. We recommend adding this setting. Falling back to ozone.metadata.dirs instead.
2023-06-19 20:30:43,640 [Time-limited test] INFO  proxy.SCMBlockLocationFailoverProxyProvider (SCMBlockLocationFailoverProxyProvider.java:<init>(114)) - Created block location fail-over proxy with 1 nodes: [nodeId=scmNodeId,nodeAddress=/0.0.0.0:9863]
2023-06-19 20:30:43,658 [pool-41-thread-1] INFO  request.TgsRequest (TgsRequest.java:issueTicket(115)) - TGS_REQ ISSUE: authtime 1687206643658,scm/fv-az616-238 for scm/fv-az616-238@EXAMPLE.COM
2023-06-19 20:30:43,672 [Socket Reader #1 for port 9863] INFO  ipc.Server (Server.java:saslProcess(2116)) - Auth successful for scm/fv-az616-238@EXAMPLE.COM (auth:KERBEROS) from 10.1.0.14:38403
OM already initialized.Reusing existing cluster id for sd=/tmp/junit716989042618232927/junit1455760321911956786/scm-meta/om;cid=ee73dfad-59e5-4dc3-9da9-e0bd77078470;layoutVersion=6
2023-06-19 20:30:43,734 [Time-limited test] INFO  om.OzoneManager (OzoneManager.java:omInit(1342)) - OM storage initialized. Initializing security
2023-06-19 20:30:43,734 [Time-limited test] INFO  om.OzoneManager (OzoneManager.java:initializeSecurity(1355)) - Initializing secure OzoneManager.
2023-06-19 20:30:43,735 [Time-limited test] WARN  security.OMCertificateClient (DefaultCertificateClient.java:loadAllCertificates(161)) - Certificates could not be loaded.
java.nio.file.NoSuchFileException: /tmp/junit716989042618232927/junit1455760321911956786/scm-meta/om/certs
	at sun.nio.fs.UnixException.translateToIOException(UnixException.java:86)
	at sun.nio.fs.UnixException.rethrowAsIOException(UnixException.java:102)
	at sun.nio.fs.UnixException.rethrowAsIOException(UnixException.java:107)
	at sun.nio.fs.UnixFileSystemProvider.newDirectoryStream(UnixFileSystemProvider.java:427)
	at java.nio.file.Files.newDirectoryStream(Files.java:457)
	at java.nio.file.Files.list(Files.java:3451)
	at org.apache.hadoop.hdds.security.x509.certificate.client.DefaultCertificateClient.loadAllCertificates(DefaultCertificateClient.java:156)
	at org.apache.hadoop.hdds.security.x509.certificate.client.DefaultCertificateClient.updateCertSerialId(DefaultCertificateClient.java:1206)
	at org.apache.hadoop.hdds.security.x509.certificate.client.DefaultCertificateClient.<init>(DefaultCertificateClient.java:148)
	at org.apache.hadoop.hdds.security.x509.certificate.client.CommonCertificateClient.<init>(CommonCertificateClient.java:43)
	at org.apache.hadoop.ozone.security.OMCertificateClient.<init>(OMCertificateClient.java:67)
	at org.apache.hadoop.ozone.om.OzoneManager.initializeSecurity(OzoneManager.java:1358)
	at org.apache.hadoop.ozone.om.OzoneManager.omInit(OzoneManager.java:1343)
	at org.apache.hadoop.ozone.TestSecureOzoneCluster.testSecureOmReInit(TestSecureOzoneCluster.java:805)
	at sun.reflect.NativeMethodAccessorImpl.invoke0(Native Method)
	at sun.reflect.NativeMethodAccessorImpl.invoke(NativeMethodAccessorImpl.java:62)
	at sun.reflect.DelegatingMethodAccessorImpl.invoke(DelegatingMethodAccessorImpl.java:43)
	at java.lang.reflect.Method.invoke(Method.java:498)
	at org.junit.runners.model.FrameworkMethod$1.runReflectiveCall(FrameworkMethod.java:59)
	at org.junit.internal.runners.model.ReflectiveCallable.run(ReflectiveCallable.java:12)
	at org.junit.runners.model.FrameworkMethod.invokeExplosively(FrameworkMethod.java:56)
	at org.junit.internal.runners.statements.InvokeMethod.evaluate(InvokeMethod.java:17)
	at org.junit.internal.runners.statements.RunBefores.evaluate(RunBefores.java:26)
	at org.junit.internal.runners.statements.RunAfters.evaluate(RunAfters.java:27)
	at org.junit.rules.ExternalResource$1.evaluate(ExternalResource.java:54)
	at org.junit.internal.runners.statements.FailOnTimeout$CallableStatement.call(FailOnTimeout.java:288)
	at org.junit.internal.runners.statements.FailOnTimeout$CallableStatement.call(FailOnTimeout.java:282)
	at java.util.concurrent.FutureTask.run(FutureTask.java:266)
	at java.lang.Thread.run(Thread.java:750)
2023-06-19 20:30:43,746 [Time-limited test] INFO  om.OzoneManager (OzoneManager.java:getOmDetailsProto(4486)) - OzoneManager ports added:[name: "RPC"
value: 1202
]
2023-06-19 20:30:43,746 [Time-limited test] ERROR security.OMCertificateClient (DefaultCertificateClient.java:getCertPath(319)) - Default certificate serial id is not set. Can't locate the default certificate for this client.
2023-06-19 20:30:43,746 [Time-limited test] INFO  security.OMCertificateClient (DefaultCertificateClient.java:init(692)) - Certificate client init case: 0
2023-06-19 20:30:43,747 [Time-limited test] INFO  security.OMCertificateClient (CommonCertificateClient.java:handleCase(67)) - Creating keypair for client as keypair and certificate not found.
2023-06-19 20:30:44,031 [Time-limited test] INFO  om.OzoneManager (OzoneManager.java:initializeSecurity(1370)) - Init response: GETCERT
2023-06-19 20:30:44,031 [Time-limited test] INFO  ozone.OzoneSecurityUtil (OzoneSecurityUtil.java:getValidInetsForCurrentHost(119)) - ip:fe80:0:0:0:20d:3aff:fe5b:c2ca%eth0 not returned.
2023-06-19 20:30:44,032 [Time-limited test] INFO  ozone.OzoneSecurityUtil (OzoneSecurityUtil.java:getValidInetsForCurrentHost(116)) - Adding ip:10.1.0.14,host:fv-az616-238
2023-06-19 20:30:44,032 [Time-limited test] INFO  ozone.OzoneSecurityUtil (OzoneSecurityUtil.java:getValidInetsForCurrentHost(119)) - ip:0:0:0:0:0:0:0:1%lo not returned.
2023-06-19 20:30:44,032 [Time-limited test] INFO  ozone.OzoneSecurityUtil (OzoneSecurityUtil.java:getValidInetsForCurrentHost(119)) - ip:127.0.0.1 not returned.
2023-06-19 20:30:44,032 [Time-limited test] ERROR utils.CertificateSignRequest (CertificateSignRequest.java:lambda$addInetAddresses$0(296)) - Invalid domain fv-az616-238
2023-06-19 20:30:44,033 [Time-limited test] INFO  ha.OMHANodeDetails (OMHANodeDetails.java:loadOMHAConfig(115)) - ozone.om.internal.service.id is not defined, falling back to ozone.om.service.ids to find serviceID for OzoneManager if it is HA enabled cluster
2023-06-19 20:30:44,033 [Time-limited test] INFO  ha.OMHANodeDetails (OMHANodeDetails.java:loadOMHAConfig(226)) - Configuration does not have ozone.om.address set. Falling back to the default OM address fv-az616-238/10.1.0.14:1202
2023-06-19 20:30:44,033 [Time-limited test] INFO  ha.OMHANodeDetails (OMHANodeDetails.java:getOMNodeDetailsForNonHA(254)) - OM Service ID is not set. Setting it to the default ID: omServiceIdDefault
2023-06-19 20:30:44,033 [Time-limited test] INFO  ha.OMHANodeDetails (OMHANodeDetails.java:getOMNodeDetailsForNonHA(261)) - OM Node ID is not set. Setting it to the default ID: om1
2023-06-19 20:30:44,033 [Time-limited test] INFO  security.OMCertificateClient (OMCertificateClient.java:getCSRBuilder(117)) - Creating csr for OM->dns:fv-az616-238,ip:10.1.0.14,scmId:a1f312bd-c5db-4541-855d-1918696fe10f,clusterId:ee73dfad-59e5-4dc3-9da9-e0bd77078470,subject:fv-az616-238
2023-06-19 20:30:44,058 [Socket Reader #1 for port 9961] INFO  ipc.Server (Server.java:saslProcess(2116)) - Auth successful for scm/fv-az616-238@EXAMPLE.COM (auth:KERBEROS) from 10.1.0.14:41193
2023-06-19 20:30:44,076 [IPC Server handler 0 on default port 9961] INFO  server.SCMSecurityProtocolServer (SCMSecurityProtocolServer.java:getOMCertificate(245)) - Processing CSR for om fv-az616-238, UUID: a7ae8bc2-1df0-4882-90f7-9d035ee3c0aa
2023-06-19 20:30:44,117 [Time-limited test] INFO  security.OMCertificateClient (DefaultCertificateClient.java:readCertificateFile(196)) - Added certificate   [0]         Version: 3
         SerialNumber: 5129744544073
             IssuerDN: CN=scm@fv-az616-238,OU=a1f312bd-c5db-4541-855d-1918696fe10f,O=ee73dfad-59e5-4dc3-9da9-e0bd77078470
           Start Date: Mon Jun 19 20:30:40 UTC 2023
           Final Date: Thu Jul 27 20:30:40 UTC 2028
            SubjectDN: CN=scm-sub@fv-az616-238,OU=a1f312bd-c5db-4541-855d-1918696fe10f,O=ee73dfad-59e5-4dc3-9da9-e0bd77078470
           Public Key: RSA Public Key [55:d9:5b:5b:27:fb:a5:a1:d0:57:bd:82:bb:1e:9e:0a:6b:c5:1c:72],[56:66:d1:a4]
        modulus: ae5533b7f411da8cc92228d58c6bbbbca4c7d1ba884f7bfba68c6f9d78f499e78d43f4ff8d813b788ab8b59619b332b20cefa16dcd69e62d7999bc84a6e97a96a5dac8fca1de1d3682e149cc35adec24bae6c68fe05bbb5ce3a6728128e96d511138384d183ffd6d1be11282e495b649f16e3adeae5d2eace881a55522d59ef8526a15cf610c70d1ca474d9de3a2e2b7b29c7b68bee59d91c570283db7109b6d9176e44a50de618d23b1b95014bd8594b4e33fee14f9820e2c96e348b74b496bf303f34aed606a10f8ca3ddf1c914aac785c84d2e8094a695e14f8320e271238c68b03fb9068aced20dc14cc4578c294334728ae1588c59c69dd054a98cf1997
public exponent: 10001

  Signature Algorithm: SHA256WITHRSA
            Signature: 3d41a4c7b34e985e16bd387749df7ea152c56a2a
                       0f12657c17c34dfb5329cd3d566e980482b7be3e
                       91b3d23f8734b6fa31524cc0f9fbc13c0710e03f
                       7665aaf8d72b5d6b7aeb24b8f7d7d6b18492b013
                       e889f33d7b423d37fefa83b4e001c7491feb3125
                       429be6f3e965c6691116938960a27e19be0550c1
                       ec39471a9871f12480069db92c3797a0c3dc3e04
                       f3195340733ba5c7a7064c6ba91e6808f90ddbd3
                       5b19231b07356dd2be3017595e308b88eb26ded8
                       55f737aa752c58144ba4c195d8380898c3ada679
                       0f900a13306ae898563b8d9b44925e5467afb061
                       000bbefad5fcc895b6254b3ddbdbcee2d2115cad
                       2a4f42a5c140f2fa6843ba7fb9d77fd5
       Extensions: 
                       critical(false) 2.5.29.17 value = Sequence
    Tagged [7] IMPLICIT 
        DER Octet String[4] 

                       critical(true) BasicConstraints: isCa(true)
                       critical(true) KeyUsage: 0xbe
 from file: /tmp/junit716989042618232927/junit1455760321911956786/scm-meta/om/certs/CA-5129744544073.crt.
2023-06-19 20:30:44,121 [Time-limited test] INFO  security.OMCertificateClient (DefaultCertificateClient.java:readCertificateFile(196)) - Added certificate   [0]         Version: 3
         SerialNumber: 1
             IssuerDN: CN=scm@fv-az616-238,OU=a1f312bd-c5db-4541-855d-1918696fe10f,O=ee73dfad-59e5-4dc3-9da9-e0bd77078470
           Start Date: Mon Jun 19 20:30:40 UTC 2023
           Final Date: Thu Jul 27 20:30:40 UTC 2028
            SubjectDN: CN=scm@fv-az616-238,OU=a1f312bd-c5db-4541-855d-1918696fe10f,O=ee73dfad-59e5-4dc3-9da9-e0bd77078470
           Public Key: RSA Public Key [f0:9d:df:dc:07:1c:0f:b8:5e:07:76:de:16:6b:a4:2e:a8:1a:c6:14],[56:66:d1:a4]
        modulus: b3f0ca1a4a17cc10522837a4632ca9ef2e50f67dfe452d597136c3cd2d4f6b4668384cf31ee4ac8e0b97c2b695723eb9ea9df060c8a1ef2148e6df531a2774df15bb24b2676b79508b727f9c79ad89bf37011460219c70b4045f0c8268ec2b23d001c94d5c1d1247eb4d3c9beefc3bc65179cf877992d511ce82db18b6424b760ab12a24a7b81d5c51b25a4e591899c4d6579a6b98e76294c92a9ccfa269107191154caf2ebbfa8015a334f11e6eff6e82e160e7a3b95ab6bd59015c84575380b3b6bae803c0b6f0ab4d4498d926bfc464025c2d982e1d6caf18c566c4e8af4d989c1d08c90d5ac144506540632258a83b64597a478c1f872db4f01deeb12145
public exponent: 10001

  Signature Algorithm: SHA256WITHRSA
            Signature: 870cbe06c6e0f0a40eb4264fda00803548e45039
                       5fb78cc250d49f2157ac045158caa5c8391a4399
                       5ae8ba4f2f38d6fc7ddaa13e6bbf556da044b966
                       c1d3ead14580b6d1f8070b5292f3a668e5b51caf
                       ec450a6c194f4435d397b590424cabd1ea843ada
                       5f234bc276952c5ff874355a2f37a1eb8934a0b5
                       b5a3bed4e9eb2377028916bf3147104cce363bff
                       e86050515f8bc2d5024ad366059a01cd5bb8f06f
                       d7b6670660f4388349b9a6521d639a41d6897d39
                       f69f1d4a4dd5795b070ad37b808229706a482c59
                       ee968837571869962bbf55cc9958700e3b0093ce
                       a4e1014b1d0f58ecdfcfc952e598576f2374d00d
                       af445541b57ae0fb0a4eee5693643cc7
       Extensions: 
                       critical(true) BasicConstraints: isCa(true)
                       critical(true) KeyUsage: 0x6
                       critical(false) 2.5.29.17 value = Sequence
    Tagged [7] IMPLICIT 
        DER Octet String[4] 

 from file: /tmp/junit716989042618232927/junit1455760321911956786/scm-meta/om/certs/ROOTCA-1.crt.
2023-06-19 20:30:44,125 [Time-limited test] INFO  security.OMCertificateClient (DefaultCertificateClient.java:readCertificateFile(196)) - Added certificate   [0]         Version: 3
         SerialNumber: 5133597965878
             IssuerDN: CN=scm-sub@fv-az616-238,OU=a1f312bd-c5db-4541-855d-1918696fe10f,O=ee73dfad-59e5-4dc3-9da9-e0bd77078470
           Start Date: Mon Jun 19 20:30:44 UTC 2023
           Final Date: Tue Jun 18 20:30:44 UTC 2024
            SubjectDN: CN=fv-az616-238,OU=a1f312bd-c5db-4541-855d-1918696fe10f,O=ee73dfad-59e5-4dc3-9da9-e0bd77078470
           Public Key: RSA Public Key [61:98:61:1c:67:cc:c2:22:9c:ee:ec:04:9a:9e:35:df:46:64:b9:45],[56:66:d1:a4]
        modulus: d1704a62fdc1841dcd2f81f0b969e26af025fbf6aa1a3869eb47b18ed953733c92ffc8042512e0e2b7b427349828836ded94138dd8198ed4b6f0e805ff7bb9c0683b60a11fffa30fadd11a19b59ba2ea555c0c2bc239092fd5bfc115b46b2d9ab646816d338a96a15a3d1c983a0cb8b389bfdc59b4b064ee130b83f78aa640b925a8481d6fc13a10845ba31ad8359e7b7a228990ddb2d81f50ed53d44552a06644528996c21c629fa307bc2f37f1227ef35fb14e213866a8849f24dc6e233467c81a51fccb9c8806a52f06cd5d9b257bf0585c2d516029a80850d0171626020dfb282bd2f57091fc07c418d05ba0ce798d4570b30ea6b9207fd1654351e38031
public exponent: 10001

  Signature Algorithm: SHA256WITHRSA
            Signature: a2d32f0c973c6566dc83bbb73417e311027ab19b
                       32ae52bd941ed4fb38fa7fcb26bd6aa8c04c7d02
                       6c9e5529d4e64e225b63b46ebb1f8f79be5b7d78
                       ca4687d20e17eb866fc388b3e2714040cbbbe6e9
                       771075fe99547e1d0043396a1dabb556d7cab1f2
                       e20f11feb190a93cba55958f2d86496a5b8dc263
                       f2c190e74ec4a2d5810edddbe40038263bb40695
                       f1fb2563be2e14c11f1918cff1139aa466ada71a
                       ad6f2fa8202f29d2ad8eb9386a912f7ea0bb06a2
                       ecebad6cd73159c08262cf2efc6160e331331bd1
                       b171991b4f3a4dfcf6857018e0574e1560b43e91
                       35b28686c52bde3b21eaf41ab327a09a24ddf24e
                       9666338497107223fe363d3a22812071
       Extensions: 
                       critical(false) 2.5.29.17 value = Sequence
    Tagged [7] IMPLICIT 
        DER Octet String[4] 
    Tagged [0] IMPLICIT 
        Sequence
            ObjectIdentifier(2.16.840.1.113730.3.1.34)
            Tagged [0]
                UTF8String(omServiceIdDefault) 

                       critical(true) KeyUsage: 0xb8
 from file: /tmp/junit716989042618232927/junit1455760321911956786/scm-meta/om/certs/5133597965878.crt.
2023-06-19 20:30:44,130 [Time-limited test] INFO  security.OMCertificateClient (DefaultCertificateClient.java:startCertificateMonitor(1260)) - CertificateLifetimeMonitor for om is started with first delay 31535989875 ms and interval 3333 ms.
2023-06-19 20:30:44,130 [Time-limited test] INFO  om.OzoneManager (OzoneManager.java:initializeSecurity(1380)) - Successfully stored SCM signed certificate.
2023-06-19 20:30:44,132 [Time-limited test] INFO  om.OzoneManager (OzoneManager.java:stop(2165)) - om1[fv-az616-238:1202]: Stopping Ozone Manager
2023-06-19 20:30:44,132 [Time-limited test] INFO  ipc.Server (Server.java:stop(3501)) - Stopping server on 1202
2023-06-19 20:30:44,136 [Time-limited test] INFO  ratis.OzoneManagerStateMachine (OzoneManagerStateMachine.java:close(533)) - StateMachine has shutdown. Shutdown OzoneManager if not already shutdown.
2023-06-19 20:30:44,136 [Time-limited test] INFO  ratis.OzoneManagerDoubleBuffer (OzoneManagerDoubleBuffer.java:stopDaemon(551)) - Stopping OMDoubleBuffer flush thread
2023-06-19 20:30:44,136 [OMDoubleBufferFlushThread] INFO  ratis.OzoneManagerDoubleBuffer (OzoneManagerDoubleBuffer.java:canFlush(638)) - OMDoubleBuffer flush thread OMDoubleBufferFlushThread is interrupted and will exit.
2023-06-19 20:30:44,139 [Time-limited test] INFO  om.OzoneManager (OzoneManager.java:stopSecretManager(1042)) - Stopping OM delegation token secret manager.
2023-06-19 20:30:44,143 [Time-limited test] INFO  snapshot.SnapshotDiffManager (SnapshotDiffManager.java:closeExecutorService(1267)) - Shutting down executorService: 'SnapDiffExecutor'
2023-06-19 20:30:44,144 [Time-limited test] INFO  snapshot.SnapshotDiffManager (SnapshotDiffManager.java:closeExecutorService(1267)) - Shutting down executorService: 'SstDumpToolExecutor'
2023-06-19 20:30:44,144 [Time-limited test] INFO  utils.BackgroundService (BackgroundService.java:shutdown(141)) - Shutting down service SnapshotDiffCleanupService
2023-06-19 20:30:44,150 [Time-limited test] INFO  ha.OMHANodeDetails (OMHANodeDetails.java:loadOMHAConfig(115)) - ozone.om.internal.service.id is not defined, falling back to ozone.om.service.ids to find serviceID for OzoneManager if it is HA enabled cluster
2023-06-19 20:30:44,150 [Time-limited test] INFO  ha.OMHANodeDetails (OMHANodeDetails.java:loadOMHAConfig(226)) - Configuration does not have ozone.om.address set. Falling back to the default OM address fv-az616-238/10.1.0.14:1202
2023-06-19 20:30:44,150 [Time-limited test] INFO  ha.OMHANodeDetails (OMHANodeDetails.java:getOMNodeDetailsForNonHA(254)) - OM Service ID is not set. Setting it to the default ID: omServiceIdDefault
2023-06-19 20:30:44,150 [Time-limited test] INFO  ha.OMHANodeDetails (OMHANodeDetails.java:getOMNodeDetailsForNonHA(261)) - OM Node ID is not set. Setting it to the default ID: om1
2023-06-19 20:30:44,150 [Time-limited test] WARN  server.ServerUtils (ServerUtils.java:getDBPath(311)) - ozone.om.db.dirs is not configured. We recommend adding this setting. Falling back to ozone.metadata.dirs instead.
2023-06-19 20:30:44,153 [Time-limited test] INFO  upgrade.AbstractLayoutVersionManager (AbstractLayoutVersionManager.java:init(83)) - Initializing Layout version manager with metadata layout = QUOTA (version = 6), software layout = QUOTA (version = 6)
2023-06-19 20:30:44,326 [Time-limited test] INFO  reflections.Reflections (Reflections.java:scan(232)) - Reflections took 171 ms to scan 2 urls, producing 181 keys and 502 values [using 2 cores]
2023-06-19 20:30:44,328 [Time-limited test] INFO  upgrade.OMLayoutVersionManager (OMLayoutVersionManager.java:lambda$0(115)) - Skipping Upgrade Action MockOmUpgradeAction since it has been finalized.
2023-06-19 20:30:44,328 [Time-limited test] INFO  upgrade.OMLayoutVersionManager (OMLayoutVersionManager.java:lambda$0(115)) - Skipping Upgrade Action QuotaRepairUpgradeAction since it has been finalized.
2023-06-19 20:30:44,331 [pool-41-thread-1] INFO  request.KdcRequest (KdcRequest.java:preauth(651)) - The preauth data is empty.
2023-06-19 20:30:44,332 [pool-41-thread-1] INFO  server.KdcHandler (KdcHandler.java:handleRecoverableException(177)) - KRB error occurred while processing request:Additional pre-authentication required
2023-06-19 20:30:44,344 [pool-41-thread-1] INFO  request.AsRequest (AsRequest.java:issueTicket(112)) - AS_REQ ISSUE: authtime 1687206644344,scm/fv-az616-238@EXAMPLE.COM for krbtgt/EXAMPLE.COM@EXAMPLE.COM
2023-06-19 20:30:44,347 [Time-limited test] INFO  security.UserGroupInformation (UserGroupInformation.java:loginUserFromKeytab(1132)) - Login successful for user scm/fv-az616-238@EXAMPLE.COM using keytab file scm.keytab. Keytab auto renewal enabled : false
2023-06-19 20:30:44,348 [Time-limited test] INFO  om.OzoneManager (OzoneManager.java:loginOMUser(1134)) - Ozone Manager login successful.
2023-06-19 20:30:44,348 [Time-limited test] WARN  server.ServerUtils (ServerUtils.java:getDBPath(311)) - ozone.om.db.dirs is not configured. We recommend adding this setting. Falling back to ozone.metadata.dirs instead.
2023-06-19 20:30:44,349 [Time-limited test] INFO  proxy.SCMBlockLocationFailoverProxyProvider (SCMBlockLocationFailoverProxyProvider.java:<init>(114)) - Created block location fail-over proxy with 1 nodes: [nodeId=scmNodeId,nodeAddress=/0.0.0.0:9863]
2023-06-19 20:30:44,353 [Time-limited test] INFO  security.OMCertificateClient (DefaultCertificateClient.java:readCertificateFile(196)) - Added certificate   [0]         Version: 3
         SerialNumber: 5129744544073
             IssuerDN: CN=scm@fv-az616-238,OU=a1f312bd-c5db-4541-855d-1918696fe10f,O=ee73dfad-59e5-4dc3-9da9-e0bd77078470
           Start Date: Mon Jun 19 20:30:40 UTC 2023
           Final Date: Thu Jul 27 20:30:40 UTC 2028
            SubjectDN: CN=scm-sub@fv-az616-238,OU=a1f312bd-c5db-4541-855d-1918696fe10f,O=ee73dfad-59e5-4dc3-9da9-e0bd77078470
           Public Key: RSA Public Key [55:d9:5b:5b:27:fb:a5:a1:d0:57:bd:82:bb:1e:9e:0a:6b:c5:1c:72],[56:66:d1:a4]
        modulus: ae5533b7f411da8cc92228d58c6bbbbca4c7d1ba884f7bfba68c6f9d78f499e78d43f4ff8d813b788ab8b59619b332b20cefa16dcd69e62d7999bc84a6e97a96a5dac8fca1de1d3682e149cc35adec24bae6c68fe05bbb5ce3a6728128e96d511138384d183ffd6d1be11282e495b649f16e3adeae5d2eace881a55522d59ef8526a15cf610c70d1ca474d9de3a2e2b7b29c7b68bee59d91c570283db7109b6d9176e44a50de618d23b1b95014bd8594b4e33fee14f9820e2c96e348b74b496bf303f34aed606a10f8ca3ddf1c914aac785c84d2e8094a695e14f8320e271238c68b03fb9068aced20dc14cc4578c294334728ae1588c59c69dd054a98cf1997
public exponent: 10001

  Signature Algorithm: SHA256WITHRSA
            Signature: 3d41a4c7b34e985e16bd387749df7ea152c56a2a
                       0f12657c17c34dfb5329cd3d566e980482b7be3e
                       91b3d23f8734b6fa31524cc0f9fbc13c0710e03f
                       7665aaf8d72b5d6b7aeb24b8f7d7d6b18492b013
                       e889f33d7b423d37fefa83b4e001c7491feb3125
                       429be6f3e965c6691116938960a27e19be0550c1
                       ec39471a9871f12480069db92c3797a0c3dc3e04
                       f3195340733ba5c7a7064c6ba91e6808f90ddbd3
                       5b19231b07356dd2be3017595e308b88eb26ded8
                       55f737aa752c58144ba4c195d8380898c3ada679
                       0f900a13306ae898563b8d9b44925e5467afb061
                       000bbefad5fcc895b6254b3ddbdbcee2d2115cad
                       2a4f42a5c140f2fa6843ba7fb9d77fd5
       Extensions: 
                       critical(false) 2.5.29.17 value = Sequence
    Tagged [7] IMPLICIT 
        DER Octet String[4] 

                       critical(true) BasicConstraints: isCa(true)
                       critical(true) KeyUsage: 0xbe
 from file: /tmp/junit716989042618232927/junit1455760321911956786/scm-meta/om/certs/CA-5129744544073.crt.
2023-06-19 20:30:44,357 [Time-limited test] INFO  security.OMCertificateClient (DefaultCertificateClient.java:readCertificateFile(196)) - Added certificate   [0]         Version: 3
         SerialNumber: 1
             IssuerDN: CN=scm@fv-az616-238,OU=a1f312bd-c5db-4541-855d-1918696fe10f,O=ee73dfad-59e5-4dc3-9da9-e0bd77078470
           Start Date: Mon Jun 19 20:30:40 UTC 2023
           Final Date: Thu Jul 27 20:30:40 UTC 2028
            SubjectDN: CN=scm@fv-az616-238,OU=a1f312bd-c5db-4541-855d-1918696fe10f,O=ee73dfad-59e5-4dc3-9da9-e0bd77078470
           Public Key: RSA Public Key [f0:9d:df:dc:07:1c:0f:b8:5e:07:76:de:16:6b:a4:2e:a8:1a:c6:14],[56:66:d1:a4]
        modulus: b3f0ca1a4a17cc10522837a4632ca9ef2e50f67dfe452d597136c3cd2d4f6b4668384cf31ee4ac8e0b97c2b695723eb9ea9df060c8a1ef2148e6df531a2774df15bb24b2676b79508b727f9c79ad89bf37011460219c70b4045f0c8268ec2b23d001c94d5c1d1247eb4d3c9beefc3bc65179cf877992d511ce82db18b6424b760ab12a24a7b81d5c51b25a4e591899c4d6579a6b98e76294c92a9ccfa269107191154caf2ebbfa8015a334f11e6eff6e82e160e7a3b95ab6bd59015c84575380b3b6bae803c0b6f0ab4d4498d926bfc464025c2d982e1d6caf18c566c4e8af4d989c1d08c90d5ac144506540632258a83b64597a478c1f872db4f01deeb12145
public exponent: 10001

  Signature Algorithm: SHA256WITHRSA
            Signature: 870cbe06c6e0f0a40eb4264fda00803548e45039
                       5fb78cc250d49f2157ac045158caa5c8391a4399
                       5ae8ba4f2f38d6fc7ddaa13e6bbf556da044b966
                       c1d3ead14580b6d1f8070b5292f3a668e5b51caf
                       ec450a6c194f4435d397b590424cabd1ea843ada
                       5f234bc276952c5ff874355a2f37a1eb8934a0b5
                       b5a3bed4e9eb2377028916bf3147104cce363bff
                       e86050515f8bc2d5024ad366059a01cd5bb8f06f
                       d7b6670660f4388349b9a6521d639a41d6897d39
                       f69f1d4a4dd5795b070ad37b808229706a482c59
                       ee968837571869962bbf55cc9958700e3b0093ce
                       a4e1014b1d0f58ecdfcfc952e598576f2374d00d
                       af445541b57ae0fb0a4eee5693643cc7
       Extensions: 
                       critical(true) BasicConstraints: isCa(true)
                       critical(true) KeyUsage: 0x6
                       critical(false) 2.5.29.17 value = Sequence
    Tagged [7] IMPLICIT 
        DER Octet String[4] 

 from file: /tmp/junit716989042618232927/junit1455760321911956786/scm-meta/om/certs/ROOTCA-1.crt.
2023-06-19 20:30:44,361 [Time-limited test] INFO  security.OMCertificateClient (DefaultCertificateClient.java:readCertificateFile(196)) - Added certificate   [0]         Version: 3
         SerialNumber: 5133597965878
             IssuerDN: CN=scm-sub@fv-az616-238,OU=a1f312bd-c5db-4541-855d-1918696fe10f,O=ee73dfad-59e5-4dc3-9da9-e0bd77078470
           Start Date: Mon Jun 19 20:30:44 UTC 2023
           Final Date: Tue Jun 18 20:30:44 UTC 2024
            SubjectDN: CN=fv-az616-238,OU=a1f312bd-c5db-4541-855d-1918696fe10f,O=ee73dfad-59e5-4dc3-9da9-e0bd77078470
           Public Key: RSA Public Key [61:98:61:1c:67:cc:c2:22:9c:ee:ec:04:9a:9e:35:df:46:64:b9:45],[56:66:d1:a4]
        modulus: d1704a62fdc1841dcd2f81f0b969e26af025fbf6aa1a3869eb47b18ed953733c92ffc8042512e0e2b7b427349828836ded94138dd8198ed4b6f0e805ff7bb9c0683b60a11fffa30fadd11a19b59ba2ea555c0c2bc239092fd5bfc115b46b2d9ab646816d338a96a15a3d1c983a0cb8b389bfdc59b4b064ee130b83f78aa640b925a8481d6fc13a10845ba31ad8359e7b7a228990ddb2d81f50ed53d44552a06644528996c21c629fa307bc2f37f1227ef35fb14e213866a8849f24dc6e233467c81a51fccb9c8806a52f06cd5d9b257bf0585c2d516029a80850d0171626020dfb282bd2f57091fc07c418d05ba0ce798d4570b30ea6b9207fd1654351e38031
public exponent: 10001

  Signature Algorithm: SHA256WITHRSA
            Signature: a2d32f0c973c6566dc83bbb73417e311027ab19b
                       32ae52bd941ed4fb38fa7fcb26bd6aa8c04c7d02
                       6c9e5529d4e64e225b63b46ebb1f8f79be5b7d78
                       ca4687d20e17eb866fc388b3e2714040cbbbe6e9
                       771075fe99547e1d0043396a1dabb556d7cab1f2
                       e20f11feb190a93cba55958f2d86496a5b8dc263
                       f2c190e74ec4a2d5810edddbe40038263bb40695
                       f1fb2563be2e14c11f1918cff1139aa466ada71a
                       ad6f2fa8202f29d2ad8eb9386a912f7ea0bb06a2
                       ecebad6cd73159c08262cf2efc6160e331331bd1
                       b171991b4f3a4dfcf6857018e0574e1560b43e91
                       35b28686c52bde3b21eaf41ab327a09a24ddf24e
                       9666338497107223fe363d3a22812071
       Extensions: 
                       critical(false) 2.5.29.17 value = Sequence
    Tagged [7] IMPLICIT 
        DER Octet String[4] 
    Tagged [0] IMPLICIT 
        Sequence
            ObjectIdentifier(2.16.840.1.113730.3.1.34)
            Tagged [0]
                UTF8String(omServiceIdDefault) 

                       critical(true) KeyUsage: 0xb8
 from file: /tmp/junit716989042618232927/junit1455760321911956786/scm-meta/om/certs/5133597965878.crt.
2023-06-19 20:30:44,366 [Time-limited test] INFO  security.OMCertificateClient (DefaultCertificateClient.java:startCertificateMonitor(1260)) - CertificateLifetimeMonitor for om is started with first delay 31535989638 ms and interval 3333 ms.
2023-06-19 20:30:44,366 [Time-limited test] INFO  om.OzoneManager (OzoneManager.java:getOmDetailsProto(4486)) - OzoneManager ports added:[name: "RPC"
value: 1202
]
2023-06-19 20:30:44,384 [Time-limited test] INFO  om.OzoneManager (OzoneManager.java:<init>(644)) - OM start with adminUsers: [scm/fv-az616-238@EXAMPLE.COM, scm]
2023-06-19 20:30:44,386 [Time-limited test] WARN  server.ServerUtils (ServerUtils.java:getDBPath(311)) - ozone.om.db.dirs is not configured. We recommend adding this setting. Falling back to ozone.metadata.dirs instead.
2023-06-19 20:30:44,387 [Time-limited test] INFO  helpers.OmKeyInfo (OmKeyInfo.java:getCodec(71)) - OmKeyInfo.getCodec ignorePipeline = true
2023-06-19 20:30:44,517 [Time-limited test] INFO  om.OzoneManager (OzoneManager.java:instantiateServices(773)) - S3 Multi-Tenancy is disabled
2023-06-19 20:30:44,518 [Time-limited test] INFO  security.OzoneSecretStore (OzoneSecretStore.java:loadState(69)) - Loaded 0 tokens
2023-06-19 20:30:44,518 [Time-limited test] INFO  security.OzoneDelegationTokenSecretManager (OzoneDelegationTokenSecretManager.java:loadTokenSecretState(530)) - Loading token state into token manager.
2023-06-19 20:30:44,518 [Time-limited test] INFO  om.OmSnapshotManager (OmSnapshotManager.java:<init>(170)) - Ozone filesystem snapshot feature is enabled.
2023-06-19 20:30:44,518 [Time-limited test] WARN  server.ServerUtils (ServerUtils.java:getDBPath(311)) - ozone.om.snapshot.diff.db.dir is not configured. We recommend adding this setting. Falling back to ozone.metadata.dirs instead.
2023-06-19 20:30:44,555 [Time-limited test] INFO  snapshot.SnapshotDiffManager (SnapshotDiffManager.java:closeExecutorService(1267)) - Shutting down executorService: 'SstDumpToolExecutor'
2023-06-19 20:30:44,556 [Time-limited test] WARN  server.ServerUtils (ServerUtils.java:getDefaultRatisDirectory(323)) - Storage directory for Ratis is not configured. It is a good idea to map this to an SSD disk. Falling back to ozone.metadata.dirs
2023-06-19 20:30:44,557 [Time-limited test] WARN  utils.OzoneManagerRatisUtils (OzoneManagerRatisUtils.java:getOMRatisSnapshotDirectory(461)) - ozone.om.ratis.snapshot.dir is not configured. Falling back to ozone.metadata.dirs config
2023-06-19 20:30:44,557 [Time-limited test] WARN  server.ServerUtils (ServerUtils.java:getDefaultRatisDirectory(323)) - Storage directory for Ratis is not configured. It is a good idea to map this to an SSD disk. Falling back to ozone.metadata.dirs
2023-06-19 20:30:44,559 [Time-limited test] INFO  ratis.OzoneManagerRatisServer (OzoneManagerRatisServer.java:<init>(163)) - Instantiating OM Ratis server with groupID: omServiceIdDefault and peers: fv-az616-238:9872
2023-06-19 20:30:44,562 [Time-limited test] INFO  ratis.OzoneManagerStateMachine (OzoneManagerStateMachine.java:loadSnapshotInfoFromDB(670)) - LastAppliedIndex is set from TransactionInfo from OM DB as (t:0, i:~)
2023-06-19 20:30:44,564 [Time-limited test] INFO  server.RaftServer (ConfUtils.java:logGet(46)) - raft.rpc.type = GRPC (default)
2023-06-19 20:30:44,564 [Time-limited test] INFO  grpc.GrpcConfigKeys (ConfUtils.java:logFallback(53)) - raft.grpc.admin.host = null (fallback to raft.grpc.server.host)
2023-06-19 20:30:44,564 [Time-limited test] INFO  grpc.GrpcConfigKeys (ConfUtils.java:logFallback(53)) - raft.grpc.admin.port = 9872 (fallback to raft.grpc.server.port)
2023-06-19 20:30:44,564 [Time-limited test] INFO  grpc.GrpcConfigKeys (ConfUtils.java:logFallback(53)) - raft.grpc.client.host = null (fallback to raft.grpc.server.host)
2023-06-19 20:30:44,564 [Time-limited test] INFO  grpc.GrpcConfigKeys (ConfUtils.java:logFallback(53)) - raft.grpc.client.port = 9872 (fallback to raft.grpc.server.port)
2023-06-19 20:30:44,564 [Time-limited test] INFO  grpc.GrpcConfigKeys (ConfUtils.java:logGet(46)) - raft.grpc.server.host = null (default)
2023-06-19 20:30:44,565 [Time-limited test] INFO  grpc.GrpcConfigKeys (ConfUtils.java:logGet(46)) - raft.grpc.server.port = 9872 (custom)
2023-06-19 20:30:44,565 [Time-limited test] INFO  server.GrpcService (ConfUtils.java:logGet(46)) - raft.grpc.message.size.max = 33554432 (custom)
2023-06-19 20:30:44,565 [Time-limited test] INFO  server.RaftServerConfigKeys (ConfUtils.java:logGet(46)) - raft.server.log.appender.buffer.byte-limit = 33554432 (custom)
2023-06-19 20:30:44,565 [Time-limited test] INFO  server.GrpcService (ConfUtils.java:logGet(46)) - raft.grpc.flow.control.window = 1MB (=1048576) (default)
2023-06-19 20:30:44,565 [Time-limited test] INFO  server.RaftServerConfigKeys (ConfUtils.java:logGet(46)) - raft.server.rpc.request.timeout = 3000ms (default)
2023-06-19 20:30:44,565 [Time-limited test] INFO  grpc.GrpcConfigKeys (ConfUtils.java:logGet(46)) - raft.grpc.server.heartbeat.channel = true (default)
2023-06-19 20:30:44,565 [Time-limited test] INFO  grpc.GrpcConfigKeys (ConfUtils.java:logGet(46)) - raft.grpc.server.async.request.thread.pool.cached = true (default)
2023-06-19 20:30:44,565 [Time-limited test] INFO  grpc.GrpcConfigKeys (ConfUtils.java:logGet(46)) - raft.grpc.server.async.request.thread.pool.size = 32 (default)
2023-06-19 20:30:44,569 [Time-limited test] INFO  impl.DataStreamServerImpl (ConfUtils.java:logGet(46)) - raft.datastream.type = DISABLED (default)
2023-06-19 20:30:44,569 [Time-limited test] INFO  server.RaftServerConfigKeys (ConfUtils.java:logGet(46)) - raft.server.threadpool.proxy.cached = true (default)
2023-06-19 20:30:44,572 [Time-limited test] INFO  server.RaftServerConfigKeys (ConfUtils.java:logGet(46)) - raft.server.threadpool.proxy.size = 0 (default)
2023-06-19 20:30:44,572 [Time-limited test] INFO  server.RaftServerConfigKeys (ConfUtils.java:logGet(46)) - raft.server.rpc.slowness.timeout = 120s (custom)
2023-06-19 20:30:44,572 [Time-limited test] INFO  server.RaftServerConfigKeys (ConfUtils.java:logGet(46)) - raft.server.leaderelection.leader.step-down.wait-time = 10s (default)
2023-06-19 20:30:44,572 [Time-limited test] INFO  server.RaftServerConfigKeys (ConfUtils.java:logGet(46)) - raft.server.storage.dir = [/tmp/junit716989042618232927/junit1455760321911956786/scm-meta/ratis] (custom)
2023-06-19 20:30:44,580 [Time-limited test] INFO  server.RaftServer (RaftServerProxy.java:addNew(98)) - om1: addNew group-C5BA1605619E:[om1|rpc:fv-az616-238:9872|priority:0|startupRole:FOLLOWER] returns group-C5BA1605619E:java.util.concurrent.CompletableFuture@3a187f10[Not completed]
2023-06-19 20:30:44,580 [Time-limited test] INFO  om.OzoneManager (OzoneManager.java:initializeRatisServer(2106)) - OzoneManager Ratis server initialized at port 9872
2023-06-19 20:30:44,580 [Time-limited test] INFO  om.OzoneManager (OzoneManager.java:getRpcServer(1166)) - Creating RPC Server
2023-06-19 20:30:44,582 [om1-groupManagement] INFO  server.RaftServer$Division (RaftServerImpl.java:<init>(198)) - om1: new RaftServerImpl for group-C5BA1605619E:[om1|rpc:fv-az616-238:9872|priority:0|startupRole:FOLLOWER] with OzoneManagerStateMachine:uninitialized
2023-06-19 20:30:44,585 [om1-groupManagement] INFO  server.RaftServerConfigKeys (ConfUtils.java:logGet(46)) - raft.server.rpc.timeout.min = 5s (custom)
2023-06-19 20:30:44,585 [om1-groupManagement] INFO  server.RaftServerConfigKeys (ConfUtils.java:logGet(46)) - raft.server.rpc.timeout.max = 5200ms (custom)
2023-06-19 20:30:44,585 [om1-groupManagement] INFO  server.RaftServerConfigKeys (ConfUtils.java:logGet(46)) - raft.server.rpc.sleep.time = 25ms (default)
2023-06-19 20:30:44,586 [om1-groupManagement] INFO  server.RaftServerConfigKeys (ConfUtils.java:logGet(46)) - raft.server.rpc.slowness.timeout = 120s (custom)
2023-06-19 20:30:44,586 [om1-groupManagement] INFO  server.RaftServerConfigKeys (ConfUtils.java:logGet(46)) - raft.server.leaderelection.leader.step-down.wait-time = 10s (default)
2023-06-19 20:30:44,586 [om1-groupManagement] INFO  server.RaftServerConfigKeys (ConfUtils.java:logGet(46)) - raft.server.sleep.deviation.threshold = 300ms (default)
2023-06-19 20:30:44,586 [om1-groupManagement] INFO  server.RaftServer$Division (ServerState.java:<init>(120)) - om1@group-C5BA1605619E: ConfigurationManager, init=-1: peers:[om1|rpc:fv-az616-238:9872|priority:0|startupRole:FOLLOWER]|listeners:[], old=null, confs=<EMPTY_MAP>
2023-06-19 20:30:44,586 [om1-groupManagement] INFO  server.RaftServerConfigKeys (ConfUtils.java:logGet(46)) - raft.server.storage.dir = [/tmp/junit716989042618232927/junit1455760321911956786/scm-meta/ratis] (custom)
2023-06-19 20:30:44,586 [om1-groupManagement] INFO  server.RaftServerConfigKeys (ConfUtils.java:logGet(46)) - raft.server.log.corruption.policy = EXCEPTION (default)
2023-06-19 20:30:44,586 [om1-groupManagement] INFO  server.RaftServerConfigKeys (ConfUtils.java:logGet(46)) - raft.server.storage.free-space.min = 0MB (=0) (default)
2023-06-19 20:30:44,587 [om1-groupManagement] INFO  server.RaftServerConfigKeys (ConfUtils.java:logGet(46)) - raft.server.notification.no-leader.timeout = 120s (custom)
2023-06-19 20:30:44,587 [om1-groupManagement] INFO  server.RaftServerConfigKeys (ConfUtils.java:logGet(46)) - raft.server.read.timeout = 10s (default)
2023-06-19 20:30:44,587 [om1-groupManagement] INFO  server.RaftServerConfigKeys (ConfUtils.java:logGet(46)) - raft.server.retrycache.expirytime = 300s (custom)
2023-06-19 20:30:44,587 [om1-groupManagement] INFO  server.RaftServerConfigKeys (ConfUtils.java:logGet(46)) - raft.server.retrycache.statistics.expirytime = 100μs (default)
2023-06-19 20:30:44,587 [om1-groupManagement] INFO  server.RaftServerConfigKeys (ConfUtils.java:logGet(46)) - raft.server.read.option = DEFAULT (default)
2023-06-19 20:30:44,588 [om1-groupManagement] INFO  server.RaftServerConfigKeys (ConfUtils.java:logGet(46)) - raft.server.rpc.request.timeout = 3000ms (default)
2023-06-19 20:30:44,588 [om1-groupManagement] INFO  server.RaftServerConfigKeys (ConfUtils.java:logGet(46)) - raft.server.log.appender.install.snapshot.enabled = false (custom)
2023-06-19 20:30:44,588 [om1-groupManagement] INFO  server.RaftServerConfigKeys (ConfUtils.java:logGet(46)) - raft.server.threadpool.server.cached = true (default)
2023-06-19 20:30:44,588 [om1-groupManagement] INFO  server.RaftServerConfigKeys (ConfUtils.java:logGet(46)) - raft.server.threadpool.server.size = 0 (default)
2023-06-19 20:30:44,588 [om1-groupManagement] INFO  server.RaftServerConfigKeys (ConfUtils.java:logGet(46)) - raft.server.threadpool.client.cached = true (default)
2023-06-19 20:30:44,588 [om1-groupManagement] INFO  server.RaftServerConfigKeys (ConfUtils.java:logGet(46)) - raft.server.threadpool.client.size = 0 (default)
2023-06-19 20:30:45,240 [Time-limited test] INFO  reflections.Reflections (Reflections.java:scan(232)) - Reflections took 657 ms to scan 19 urls, producing 69 keys and 5367 values [using 2 cores]
2023-06-19 20:30:45,242 [Time-limited test] INFO  ipc.CallQueueManager (CallQueueManager.java:<init>(90)) - Using callQueue: class java.util.concurrent.LinkedBlockingQueue, queueCapacity: 10000, scheduler: class org.apache.hadoop.ipc.DefaultRpcScheduler, ipcBackoff: false.
2023-06-19 20:30:45,246 [Socket Reader #1 for port 1202] INFO  ipc.Server (Server.java:run(1319)) - Starting Socket Reader #1 for port 1202
2023-06-19 20:30:45,251 [Listener at fv-az616-238/1202] INFO  hdds.HddsUtils (HddsUtils.java:preserveThreadName(848)) - Restoring thread name: Time-limited test
2023-06-19 20:30:46,195 [Time-limited test] INFO  server.StorageContainerManager (StorageContainerManager.java:stop(1584)) - Container Balancer is not running.
2023-06-19 20:30:46,196 [Time-limited test] INFO  server.StorageContainerManager (StorageContainerManager.java:stopReplicationManager(1717)) - Stopping Replication Manager Service.
2023-06-19 20:30:46,196 [Time-limited test] INFO  replication.ReplicationManager (ReplicationManager.java:stop(319)) - Stopping Replication Monitor Thread.
2023-06-19 20:30:46,196 [Under Replicated Processor] WARN  replication.UnhealthyReplicationProcessor (UnhealthyReplicationProcessor.java:run(180)) - Under Replicated Processor interrupted. Exiting...
2023-06-19 20:30:46,196 [Over Replicated Processor] WARN  replication.UnhealthyReplicationProcessor (UnhealthyReplicationProcessor.java:run(180)) - Over Replicated Processor interrupted. Exiting...
2023-06-19 20:30:46,197 [ReplicationMonitor] INFO  replication.ReplicationManager (ReplicationManager.java:run(918)) - Replication Monitor Thread is stopped
2023-06-19 20:30:46,197 [Time-limited test] INFO  server.StorageContainerManager (StorageContainerManager.java:stop(1593)) - Stopping the Datanode Admin Monitor.
2023-06-19 20:30:46,198 [Time-limited test] INFO  server.StorageContainerManager (StorageContainerManager.java:stop(1600)) - Stopping datanode service RPC server
2023-06-19 20:30:46,198 [Time-limited test] INFO  server.SCMDatanodeProtocolServer (SCMDatanodeProtocolServer.java:stop(424)) - Stopping the RPC server for DataNodes
2023-06-19 20:30:46,199 [Time-limited test] INFO  ipc.Server (Server.java:stop(3501)) - Stopping server on 9861
2023-06-19 20:30:46,201 [IPC Server listener on 9861] INFO  ipc.Server (Server.java:run(1430)) - Stopping IPC Server listener on 9861
2023-06-19 20:30:46,216 [IPC Server Responder] INFO  ipc.Server (Server.java:run(1563)) - Stopping IPC Server Responder
2023-06-19 20:30:46,438 [SCM Heartbeat Processing Thread - 0] WARN  node.NodeStateManager (NodeStateManager.java:scheduleNextHealthCheck(870)) - Current Thread is interrupted, shutting down HB processing thread for Node Manager.
2023-06-19 20:30:46,440 [Time-limited test] INFO  server.StorageContainerManager (StorageContainerManager.java:stop(1608)) - Stopping block service RPC server
2023-06-19 20:30:46,440 [Time-limited test] INFO  server.SCMBlockProtocolServer (SCMBlockProtocolServer.java:stop(161)) - Stopping the RPC server for Block Protocol
2023-06-19 20:30:46,440 [Time-limited test] INFO  ipc.Server (Server.java:stop(3501)) - Stopping server on 9863
2023-06-19 20:30:46,449 [IPC Server Responder] INFO  ipc.Server (Server.java:run(1563)) - Stopping IPC Server Responder
2023-06-19 20:30:46,449 [IPC Server listener on 9863] INFO  ipc.Server (Server.java:run(1430)) - Stopping IPC Server listener on 9863
2023-06-19 20:30:46,451 [Time-limited test] INFO  server.StorageContainerManager (StorageContainerManager.java:stop(1615)) - Stopping the StorageContainerLocationProtocol RPC server
2023-06-19 20:30:46,451 [Time-limited test] INFO  server.SCMClientProtocolServer (SCMClientProtocolServer.java:stop(210)) - Stopping the RPC server for Client Protocol
2023-06-19 20:30:46,453 [Time-limited test] INFO  ipc.Server (Server.java:stop(3501)) - Stopping server on 9860
2023-06-19 20:30:46,464 [IPC Server Responder] INFO  ipc.Server (Server.java:run(1563)) - Stopping IPC Server Responder
2023-06-19 20:30:46,464 [IPC Server listener on 9860] INFO  ipc.Server (Server.java:run(1430)) - Stopping IPC Server listener on 9860
2023-06-19 20:30:46,468 [Time-limited test] INFO  server.StorageContainerManager (StorageContainerManager.java:stop(1622)) - Stopping Storage Container Manager HTTP server.
2023-06-19 20:30:46,469 [Time-limited test] INFO  handler.ContextHandler (ContextHandler.java:doStop(1159)) - Stopped o.e.j.w.WebAppContext@1819edde{scm,/,null,STOPPED}{file:/home/runner/work/ozone/ozone/hadoop-ozone/integration-test/target/test-classes/webapps/scm}
2023-06-19 20:30:46,473 [Time-limited test] INFO  server.AbstractConnector (AbstractConnector.java:doStop(383)) - Stopped ServerConnector@6a4162ac{HTTP/1.1, (http/1.1)}{0.0.0.0:9876}
2023-06-19 20:30:46,474 [Time-limited test] INFO  server.session (HouseKeeper.java:stopScavenging(149)) - node0 Stopped scavenging
2023-06-19 20:30:46,474 [Time-limited test] INFO  handler.ContextHandler (ContextHandler.java:doStop(1159)) - Stopped o.e.j.s.ServletContextHandler@6f85e396{static,/static,file:///home/runner/work/ozone/ozone/hadoop-ozone/integration-test/target/test-classes/webapps/static,STOPPED}
2023-06-19 20:30:46,474 [Time-limited test] INFO  handler.ContextHandler (ContextHandler.java:doStop(1159)) - Stopped o.e.j.s.ServletContextHandler@53648a09{logs,/logs,file:///home/runner/work/ozone/ozone/hadoop-ozone/integration-test/target/log,STOPPED}
2023-06-19 20:30:46,476 [Time-limited test] INFO  server.StorageContainerManager (StorageContainerManager.java:stop(1630)) - Stopping SCM LayoutVersionManager Service.
2023-06-19 20:30:46,476 [Time-limited test] INFO  server.SCMSecurityProtocolServer (SCMSecurityProtocolServer.java:stop(473)) - Stopping the SCMSecurityProtocolServer.
2023-06-19 20:30:46,476 [Time-limited test] INFO  ipc.Server (Server.java:stop(3501)) - Stopping server on 9961
2023-06-19 20:30:46,477 [IPC Server Responder] INFO  ipc.Server (Server.java:run(1563)) - Stopping IPC Server Responder
2023-06-19 20:30:46,478 [IPC Server listener on 9961] INFO  ipc.Server (Server.java:run(1430)) - Stopping IPC Server listener on 9961
2023-06-19 20:30:46,478 [Time-limited test] INFO  server.SCMUpdateServiceGrpcServer (SCMUpdateServiceGrpcServer.java:stop(73)) - SCMUpdateService stopping
2023-06-19 20:30:46,481 [Time-limited test] INFO  server.SCMUpdateServiceGrpcServer (SCMUpdateServiceGrpcServer.java:stop(85)) - SCMUpdateService stopped!
2023-06-19 20:30:46,482 [Time-limited test] INFO  server.StorageContainerManager (StorageContainerManager.java:stop(1642)) - Stopping Block Manager Service.
2023-06-19 20:30:46,482 [Time-limited test] INFO  utils.BackgroundService (BackgroundService.java:shutdown(141)) - Shutting down service SCMBlockDeletingService
2023-06-19 20:30:46,483 [Time-limited test] INFO  utils.BackgroundService (BackgroundService.java:shutdown(141)) - Shutting down service SCMBlockDeletingService
2023-06-19 20:30:46,483 [Time-limited test] INFO  server.StorageContainerManager (StorageContainerManager.java:stop(1662)) - Stopping SCM Event Queue.
2023-06-19 20:30:46,484 [JvmPauseMonitor1] INFO  util.JvmPauseMonitor (JvmPauseMonitor.java:run(109)) - JvmPauseMonitor-a1f312bd-c5db-4541-855d-1918696fe10f: Stopped
2023-06-19 20:30:46,484 [Time-limited test] INFO  server.StorageContainerManager (StorageContainerManager.java:stop(1673)) - Stopping SCM HA services.
2023-06-19 20:30:46,485 [Time-limited test] INFO  pipeline.BackgroundPipelineCreator (BackgroundPipelineCreator.java:stop(149)) - Stopping RatisPipelineUtilsThread.
2023-06-19 20:30:46,485 [RatisPipelineUtilsThread - 0] WARN  pipeline.BackgroundPipelineCreator (BackgroundPipelineCreator.java:run(180)) - RatisPipelineUtilsThread is interrupted.
2023-06-19 20:30:46,485 [Time-limited test] INFO  BackgroundPipelineScrubber (BackgroundSCMService.java:stop(131)) - Stopping BackgroundPipelineScrubber Service.
2023-06-19 20:30:46,485 [BackgroundPipelineScrubberThread] WARN  BackgroundPipelineScrubber (BackgroundSCMService.java:run(115)) - BackgroundPipelineScrubber is interrupted, exit
2023-06-19 20:30:46,485 [Time-limited test] INFO  impl.MetricsSystemImpl (MetricsSystemImpl.java:stop(210)) - Stopping StorageContainerManager metrics system...
2023-06-19 20:30:46,492 [prometheus] INFO  impl.MetricsSinkAdapter (MetricsSinkAdapter.java:publishMetricsFromQueue(141)) - prometheus thread interrupted.
2023-06-19 20:30:46,492 [Time-limited test] INFO  impl.MetricsSystemImpl (MetricsSystemImpl.java:stop(216)) - StorageContainerManager metrics system stopped.
2023-06-19 20:30:46,492 [Time-limited test] WARN  pipeline.BackgroundPipelineCreator (BackgroundPipelineCreator.java:stop(145)) - RatisPipelineUtilsThread is not running, just ignore.
2023-06-19 20:30:46,492 [Time-limited test] INFO  BackgroundPipelineScrubber (BackgroundSCMService.java:stop(126)) - BackgroundPipelineScrubber Service is not running, skip stop.
2023-06-19 20:30:46,493 [Time-limited test] INFO  ExpiredContainerReplicaOpScrubber (BackgroundSCMService.java:stop(131)) - Stopping ExpiredContainerReplicaOpScrubber Service.
2023-06-19 20:30:46,493 [ExpiredContainerReplicaOpScrubberThread] WARN  ExpiredContainerReplicaOpScrubber (BackgroundSCMService.java:run(115)) - ExpiredContainerReplicaOpScrubber is interrupted, exit
2023-06-19 20:30:46,493 [Time-limited test] INFO  utils.BackgroundService (BackgroundService.java:shutdown(141)) - Shutting down service SCMBlockDeletingService
2023-06-19 20:30:46,493 [Time-limited test] INFO  replication.ReplicationManager (ReplicationManager.java:stop(329)) - Replication Monitor Thread is not running.
2023-06-19 20:30:46,493 [Time-limited test] WARN  balancer.ContainerBalancer (ContainerBalancer.java:stop(328)) - Cannot stop Container Balancer because it's not running or stopping
2023-06-19 20:30:46,493 [Lease Manager-LeaseManager#LeaseMonitor] WARN  lease.LeaseManager (LeaseManager.java:run(272)) - Lease manager is interrupted. Shutting down...
java.lang.InterruptedException
	at java.util.concurrent.locks.AbstractQueuedSynchronizer.doAcquireSharedNanos(AbstractQueuedSynchronizer.java:1039)
	at java.util.concurrent.locks.AbstractQueuedSynchronizer.tryAcquireSharedNanos(AbstractQueuedSynchronizer.java:1328)
	at java.util.concurrent.Semaphore.tryAcquire(Semaphore.java:409)
	at org.apache.hadoop.ozone.lease.LeaseManager$LeaseMonitor.run(LeaseManager.java:270)
	at java.lang.Thread.run(Thread.java:750)
2023-06-19 20:30:46,493 [Time-limited test] INFO  server.StorageContainerManager (StorageContainerManager.java:stop(1708)) - Stopping SCM MetadataStore.
2023-06-19 20:30:46,495 [Time-limited test] INFO  impl.DefaultInternalKdcServerImpl (DefaultInternalKdcServerImpl.java:doStop(102)) - Default Internal kdc server stopped.
2023-06-19 20:30:47,495 [Time-limited test] INFO  minikdc.MiniKdc (MiniKdc.java:stop(359)) - MiniKdc stopped.
2023-06-19 20:30:47,496 [Time-limited test] INFO  server.StorageContainerManager (StorageContainerManager.java:stop(1573)) - Storage Container Manager is not running.
2023-06-19 20:30:47,496 [Time-limited test] INFO  server.StorageContainerManager (StorageContainerManager.java:stopReplicationManager(1717)) - Stopping Replication Manager Service.
2023-06-19 20:30:47,496 [Time-limited test] INFO  replication.ReplicationManager (ReplicationManager.java:stop(329)) - Replication Monitor Thread is not running.
2023-06-19 20:30:47,496 [Time-limited test] INFO  server.SCMSecurityProtocolServer (SCMSecurityProtocolServer.java:join(483)) - Join RPC server for SCMSecurityProtocolServer.
2023-06-19 20:30:47,496 [Time-limited test] INFO  server.SCMSecurityProtocolServer (SCMSecurityProtocolServer.java:join(485)) - Join gRPC server for SCMSecurityProtocolServer.
2023-06-19 20:30:47,496 [Time-limited test] INFO  om.OzoneManager (OzoneManager.java:stop(2165)) - om1[fv-az616-238:1202]: Stopping Ozone Manager
2023-06-19 20:30:47,496 [Time-limited test] INFO  ipc.Server (Server.java:stop(3501)) - Stopping server on 1202
2023-06-19 20:30:51,529 [Time-limited test] INFO  om.GrpcOzoneManagerServer (GrpcOzoneManagerServer.java:stop(192)) - Server GrpcOzoneManagerServer is shutdown
2023-06-19 20:30:51,530 [Time-limited test] INFO  ratis.OzoneManagerStateMachine (OzoneManagerStateMachine.java:close(533)) - StateMachine has shutdown. Shutdown OzoneManager if not already shutdown.
2023-06-19 20:30:51,530 [Time-limited test] INFO  ratis.OzoneManagerDoubleBuffer (OzoneManagerDoubleBuffer.java:stopDaemon(551)) - Stopping OMDoubleBuffer flush thread
2023-06-19 20:30:51,530 [OMDoubleBufferFlushThread] INFO  ratis.OzoneManagerDoubleBuffer (OzoneManagerDoubleBuffer.java:canFlush(638)) - OMDoubleBuffer flush thread OMDoubleBufferFlushThread is interrupted and will exit.
2023-06-19 20:30:51,530 [Time-limited test] INFO  om.OzoneManager (OzoneManager.java:stopSecretManager(1037)) - Stopping secret key client.
2023-06-19 20:30:51,530 [Time-limited test] INFO  om.OzoneManager (OzoneManager.java:stopSecretManager(1042)) - Stopping OM delegation token secret manager.
2023-06-19 20:30:51,532 [Time-limited test] INFO  snapshot.SnapshotDiffManager (SnapshotDiffManager.java:closeExecutorService(1267)) - Shutting down executorService: 'SnapDiffExecutor'
2023-06-19 20:30:51,532 [Time-limited test] INFO  snapshot.SnapshotDiffManager (SnapshotDiffManager.java:closeExecutorService(1267)) - Shutting down executorService: 'SstDumpToolExecutor'
2023-06-19 20:30:51,533 [Time-limited test] INFO  utils.BackgroundService (BackgroundService.java:shutdown(141)) - Shutting down service SnapshotDiffCleanupService
]]></system-out>
  </testcase>
  <testcase name="testGetSetRevokeS3Secret" classname="org.apache.hadoop.ozone.TestSecureOzoneCluster" time="10.438">
    <system-out><![CDATA[2023-06-19 20:30:51,574 [Time-limited test] INFO  net.ServerSocketUtil (ServerSocketUtil.java:getPort(55)) - Using port 9860
2023-06-19 20:30:51,575 [Time-limited test] INFO  net.ServerSocketUtil (ServerSocketUtil.java:getPort(55)) - Using port 9861
2023-06-19 20:30:51,575 [Time-limited test] INFO  net.ServerSocketUtil (ServerSocketUtil.java:getPort(55)) - Using port 9863
2023-06-19 20:30:51,575 [Time-limited test] INFO  net.ServerSocketUtil (ServerSocketUtil.java:getPort(55)) - Using port 9961
2023-06-19 20:30:51,575 [Time-limited test] INFO  net.ServerSocketUtil (ServerSocketUtil.java:getPort(55)) - Using port 1200
2023-06-19 20:30:51,575 [Time-limited test] INFO  net.ServerSocketUtil (ServerSocketUtil.java:getPort(55)) - Using port 1201
2023-06-19 20:30:51,577 [Time-limited test] INFO  minikdc.MiniKdc (MiniKdc.java:<init>(225)) - Configuration:
2023-06-19 20:30:51,577 [Time-limited test] INFO  minikdc.MiniKdc (MiniKdc.java:<init>(226)) - ---------------------------------------------------------------
2023-06-19 20:30:51,577 [Time-limited test] INFO  minikdc.MiniKdc (MiniKdc.java:<init>(228)) -   debug: false
2023-06-19 20:30:51,578 [Time-limited test] INFO  minikdc.MiniKdc (MiniKdc.java:<init>(228)) -   transport: TCP
2023-06-19 20:30:51,578 [Time-limited test] INFO  minikdc.MiniKdc (MiniKdc.java:<init>(228)) -   max.ticket.lifetime: 86400000
2023-06-19 20:30:51,578 [Time-limited test] INFO  minikdc.MiniKdc (MiniKdc.java:<init>(228)) -   org.name: EXAMPLE
2023-06-19 20:30:51,578 [Time-limited test] INFO  minikdc.MiniKdc (MiniKdc.java:<init>(228)) -   kdc.port: 0
2023-06-19 20:30:51,578 [Time-limited test] INFO  minikdc.MiniKdc (MiniKdc.java:<init>(228)) -   org.domain: COM
2023-06-19 20:30:51,578 [Time-limited test] INFO  minikdc.MiniKdc (MiniKdc.java:<init>(228)) -   max.renewable.lifetime: 604800000
2023-06-19 20:30:51,578 [Time-limited test] INFO  minikdc.MiniKdc (MiniKdc.java:<init>(228)) -   instance: DefaultKrbServer
2023-06-19 20:30:51,578 [Time-limited test] INFO  minikdc.MiniKdc (MiniKdc.java:<init>(228)) -   kdc.bind.address: localhost
2023-06-19 20:30:51,578 [Time-limited test] INFO  minikdc.MiniKdc (MiniKdc.java:<init>(230)) - ---------------------------------------------------------------
2023-06-19 20:30:51,584 [Time-limited test] INFO  minikdc.MiniKdc (MiniKdc.java:start(285)) - MiniKdc started.
2023-06-19 20:30:51,795 [Time-limited test] WARN  server.ServerUtils (ServerUtils.java:getDBPath(311)) - ozone.om.db.dirs is not configured. We recommend adding this setting. Falling back to ozone.metadata.dirs instead.
2023-06-19 20:30:51,797 [Time-limited test] INFO  ha.OMHANodeDetails (OMHANodeDetails.java:loadOMHAConfig(115)) - ozone.om.internal.service.id is not defined, falling back to ozone.om.service.ids to find serviceID for OzoneManager if it is HA enabled cluster
2023-06-19 20:30:51,798 [Time-limited test] INFO  ha.OMHANodeDetails (OMHANodeDetails.java:loadOMHAConfig(226)) - Configuration does not have ozone.om.address set. Falling back to the default OM address fv-az616-238/10.1.0.14:1202
2023-06-19 20:30:51,798 [Time-limited test] INFO  ha.OMHANodeDetails (OMHANodeDetails.java:getOMNodeDetailsForNonHA(254)) - OM Service ID is not set. Setting it to the default ID: omServiceIdDefault
2023-06-19 20:30:51,798 [Time-limited test] INFO  ha.OMHANodeDetails (OMHANodeDetails.java:getOMNodeDetailsForNonHA(261)) - OM Node ID is not set. Setting it to the default ID: om1
2023-06-19 20:30:51,798 [Time-limited test] WARN  server.ServerUtils (ServerUtils.java:getDBPath(311)) - ozone.om.db.dirs is not configured. We recommend adding this setting. Falling back to ozone.metadata.dirs instead.
2023-06-19 20:30:51,801 [Time-limited test] INFO  upgrade.AbstractLayoutVersionManager (AbstractLayoutVersionManager.java:init(83)) - Initializing Layout version manager with metadata layout = QUOTA (version = 6), software layout = QUOTA (version = 6)
2023-06-19 20:30:51,923 [Time-limited test] INFO  reflections.Reflections (Reflections.java:scan(232)) - Reflections took 120 ms to scan 2 urls, producing 181 keys and 502 values [using 2 cores]
2023-06-19 20:30:51,924 [Time-limited test] INFO  upgrade.OMLayoutVersionManager (OMLayoutVersionManager.java:lambda$0(115)) - Skipping Upgrade Action MockOmUpgradeAction since it has been finalized.
2023-06-19 20:30:51,924 [Time-limited test] INFO  upgrade.OMLayoutVersionManager (OMLayoutVersionManager.java:lambda$0(115)) - Skipping Upgrade Action QuotaRepairUpgradeAction since it has been finalized.
2023-06-19 20:30:51,936 [pool-142-thread-1] INFO  request.KdcRequest (KdcRequest.java:preauth(651)) - The preauth data is empty.
2023-06-19 20:30:51,937 [pool-142-thread-1] INFO  server.KdcHandler (KdcHandler.java:handleRecoverableException(177)) - KRB error occurred while processing request:Additional pre-authentication required
2023-06-19 20:30:51,944 [pool-142-thread-2] INFO  request.AsRequest (AsRequest.java:issueTicket(112)) - AS_REQ ISSUE: authtime 1687206651943,om/fv-az616-238@EXAMPLE.COM for krbtgt/EXAMPLE.COM@EXAMPLE.COM
2023-06-19 20:30:51,945 [Time-limited test] INFO  security.UserGroupInformation (UserGroupInformation.java:loginUserFromKeytab(1132)) - Login successful for user om/fv-az616-238@EXAMPLE.COM using keytab file om.keytab. Keytab auto renewal enabled : false
2023-06-19 20:30:51,945 [Time-limited test] INFO  om.OzoneManager (OzoneManager.java:loginOMUser(1134)) - Ozone Manager login successful.
2023-06-19 20:30:51,945 [Time-limited test] WARN  server.ServerUtils (ServerUtils.java:getDBPath(311)) - ozone.om.db.dirs is not configured. We recommend adding this setting. Falling back to ozone.metadata.dirs instead.
2023-06-19 20:30:51,955 [Time-limited test] INFO  proxy.SCMBlockLocationFailoverProxyProvider (SCMBlockLocationFailoverProxyProvider.java:<init>(114)) - Created block location fail-over proxy with 1 nodes: [nodeId=scmNodeId,nodeAddress=localhost/127.0.0.1:9863]
2023-06-19 20:30:51,958 [Time-limited test] WARN  security.OMCertificateClient (DefaultCertificateClient.java:loadAllCertificates(161)) - Certificates could not be loaded.
java.nio.file.NoSuchFileException: /tmp/junit7996810233408721521/junit7307319036341056573/om-meta/om/certs
	at sun.nio.fs.UnixException.translateToIOException(UnixException.java:86)
	at sun.nio.fs.UnixException.rethrowAsIOException(UnixException.java:102)
	at sun.nio.fs.UnixException.rethrowAsIOException(UnixException.java:107)
	at sun.nio.fs.UnixFileSystemProvider.newDirectoryStream(UnixFileSystemProvider.java:427)
	at java.nio.file.Files.newDirectoryStream(Files.java:457)
	at java.nio.file.Files.list(Files.java:3451)
	at org.apache.hadoop.hdds.security.x509.certificate.client.DefaultCertificateClient.loadAllCertificates(DefaultCertificateClient.java:156)
	at org.apache.hadoop.hdds.security.x509.certificate.client.DefaultCertificateClient.updateCertSerialId(DefaultCertificateClient.java:1206)
	at org.apache.hadoop.hdds.security.x509.certificate.client.DefaultCertificateClient.<init>(DefaultCertificateClient.java:148)
	at org.apache.hadoop.hdds.security.x509.certificate.client.CommonCertificateClient.<init>(CommonCertificateClient.java:43)
	at org.apache.hadoop.ozone.security.OMCertificateClient.<init>(OMCertificateClient.java:67)
	at org.apache.hadoop.ozone.om.OzoneManager.<init>(OzoneManager.java:626)
	at org.apache.hadoop.ozone.om.OzoneManager.createOm(OzoneManager.java:736)
	at org.apache.hadoop.ozone.TestSecureOzoneCluster.setupOm(TestSecureOzoneCluster.java:665)
	at org.apache.hadoop.ozone.TestSecureOzoneCluster.testGetSetRevokeS3Secret(TestSecureOzoneCluster.java:672)
	at sun.reflect.NativeMethodAccessorImpl.invoke0(Native Method)
	at sun.reflect.NativeMethodAccessorImpl.invoke(NativeMethodAccessorImpl.java:62)
	at sun.reflect.DelegatingMethodAccessorImpl.invoke(DelegatingMethodAccessorImpl.java:43)
	at java.lang.reflect.Method.invoke(Method.java:498)
	at org.junit.runners.model.FrameworkMethod$1.runReflectiveCall(FrameworkMethod.java:59)
	at org.junit.internal.runners.model.ReflectiveCallable.run(ReflectiveCallable.java:12)
	at org.junit.runners.model.FrameworkMethod.invokeExplosively(FrameworkMethod.java:56)
	at org.junit.internal.runners.statements.InvokeMethod.evaluate(InvokeMethod.java:17)
	at org.junit.internal.runners.statements.RunBefores.evaluate(RunBefores.java:26)
	at org.junit.internal.runners.statements.RunAfters.evaluate(RunAfters.java:27)
	at org.junit.rules.ExternalResource$1.evaluate(ExternalResource.java:54)
	at org.junit.internal.runners.statements.FailOnTimeout$CallableStatement.call(FailOnTimeout.java:288)
	at org.junit.internal.runners.statements.FailOnTimeout$CallableStatement.call(FailOnTimeout.java:282)
	at java.util.concurrent.FutureTask.run(FutureTask.java:266)
	at java.lang.Thread.run(Thread.java:750)
2023-06-19 20:30:51,963 [Time-limited test] INFO  om.OzoneManager (OzoneManager.java:getOmDetailsProto(4486)) - OzoneManager ports added:[name: "RPC"
value: 1202
]
2023-06-19 20:30:51,966 [Time-limited test] INFO  om.OzoneManager (OzoneManager.java:<init>(644)) - OM start with adminUsers: [scm/fv-az616-238@EXAMPLE.COM, om]
2023-06-19 20:30:51,968 [Time-limited test] WARN  server.ServerUtils (ServerUtils.java:getDBPath(311)) - ozone.om.db.dirs is not configured. We recommend adding this setting. Falling back to ozone.metadata.dirs instead.
2023-06-19 20:30:51,970 [Time-limited test] INFO  helpers.OmKeyInfo (OmKeyInfo.java:getCodec(71)) - OmKeyInfo.getCodec ignorePipeline = true
2023-06-19 20:30:52,252 [Time-limited test] INFO  om.OzoneManager (OzoneManager.java:instantiateServices(773)) - S3 Multi-Tenancy is disabled
2023-06-19 20:30:52,252 [Time-limited test] INFO  security.OzoneSecretStore (OzoneSecretStore.java:loadState(69)) - Loaded 0 tokens
2023-06-19 20:30:52,252 [Time-limited test] INFO  security.OzoneDelegationTokenSecretManager (OzoneDelegationTokenSecretManager.java:loadTokenSecretState(530)) - Loading token state into token manager.
2023-06-19 20:30:52,252 [Time-limited test] INFO  om.OmSnapshotManager (OmSnapshotManager.java:<init>(170)) - Ozone filesystem snapshot feature is enabled.
2023-06-19 20:30:52,253 [Time-limited test] WARN  server.ServerUtils (ServerUtils.java:getDBPath(311)) - ozone.om.snapshot.diff.db.dir is not configured. We recommend adding this setting. Falling back to ozone.metadata.dirs instead.
2023-06-19 20:30:52,279 [Time-limited test] INFO  snapshot.SnapshotDiffManager (SnapshotDiffManager.java:closeExecutorService(1267)) - Shutting down executorService: 'SstDumpToolExecutor'
2023-06-19 20:30:52,293 [Time-limited test] INFO  om.OzoneManager (OzoneManager.java:addS3GVolumeToDB(4237)) - Created Volume s3v With Owner om required for S3Gateway operations.
2023-06-19 20:30:52,293 [Time-limited test] WARN  server.ServerUtils (ServerUtils.java:getDefaultRatisDirectory(323)) - Storage directory for Ratis is not configured. It is a good idea to map this to an SSD disk. Falling back to ozone.metadata.dirs
2023-06-19 20:30:52,293 [Time-limited test] WARN  utils.OzoneManagerRatisUtils (OzoneManagerRatisUtils.java:getOMRatisSnapshotDirectory(461)) - ozone.om.ratis.snapshot.dir is not configured. Falling back to ozone.metadata.dirs config
2023-06-19 20:30:52,294 [Time-limited test] WARN  server.ServerUtils (ServerUtils.java:getDefaultRatisDirectory(323)) - Storage directory for Ratis is not configured. It is a good idea to map this to an SSD disk. Falling back to ozone.metadata.dirs
2023-06-19 20:30:52,295 [Time-limited test] INFO  ratis.OzoneManagerRatisServer (OzoneManagerRatisServer.java:<init>(163)) - Instantiating OM Ratis server with groupID: omServiceIdDefault and peers: fv-az616-238:9872
2023-06-19 20:30:52,296 [Time-limited test] INFO  ratis.OzoneManagerStateMachine (OzoneManagerStateMachine.java:loadSnapshotInfoFromDB(670)) - LastAppliedIndex is set from TransactionInfo from OM DB as (t:0, i:~)
2023-06-19 20:30:52,296 [Time-limited test] INFO  server.RaftServer (ConfUtils.java:logGet(46)) - raft.rpc.type = GRPC (default)
2023-06-19 20:30:52,297 [Time-limited test] INFO  grpc.GrpcConfigKeys (ConfUtils.java:logFallback(53)) - raft.grpc.admin.host = null (fallback to raft.grpc.server.host)
2023-06-19 20:30:52,297 [Time-limited test] INFO  grpc.GrpcConfigKeys (ConfUtils.java:logFallback(53)) - raft.grpc.admin.port = 9872 (fallback to raft.grpc.server.port)
2023-06-19 20:30:52,297 [Time-limited test] INFO  grpc.GrpcConfigKeys (ConfUtils.java:logFallback(53)) - raft.grpc.client.host = null (fallback to raft.grpc.server.host)
2023-06-19 20:30:52,297 [Time-limited test] INFO  grpc.GrpcConfigKeys (ConfUtils.java:logFallback(53)) - raft.grpc.client.port = 9872 (fallback to raft.grpc.server.port)
2023-06-19 20:30:52,297 [Time-limited test] INFO  grpc.GrpcConfigKeys (ConfUtils.java:logGet(46)) - raft.grpc.server.host = null (default)
2023-06-19 20:30:52,297 [Time-limited test] INFO  grpc.GrpcConfigKeys (ConfUtils.java:logGet(46)) - raft.grpc.server.port = 9872 (custom)
2023-06-19 20:30:52,297 [Time-limited test] INFO  server.GrpcService (ConfUtils.java:logGet(46)) - raft.grpc.message.size.max = 33554432 (custom)
2023-06-19 20:30:52,297 [Time-limited test] INFO  server.RaftServerConfigKeys (ConfUtils.java:logGet(46)) - raft.server.log.appender.buffer.byte-limit = 33554432 (custom)
2023-06-19 20:30:52,297 [Time-limited test] INFO  server.GrpcService (ConfUtils.java:logGet(46)) - raft.grpc.flow.control.window = 1MB (=1048576) (default)
2023-06-19 20:30:52,298 [Time-limited test] INFO  server.RaftServerConfigKeys (ConfUtils.java:logGet(46)) - raft.server.rpc.request.timeout = 3000ms (default)
2023-06-19 20:30:52,298 [Time-limited test] INFO  grpc.GrpcConfigKeys (ConfUtils.java:logGet(46)) - raft.grpc.server.heartbeat.channel = true (default)
2023-06-19 20:30:52,298 [Time-limited test] INFO  grpc.GrpcConfigKeys (ConfUtils.java:logGet(46)) - raft.grpc.server.async.request.thread.pool.cached = true (default)
2023-06-19 20:30:52,298 [Time-limited test] INFO  grpc.GrpcConfigKeys (ConfUtils.java:logGet(46)) - raft.grpc.server.async.request.thread.pool.size = 32 (default)
2023-06-19 20:30:52,300 [Time-limited test] INFO  impl.DataStreamServerImpl (ConfUtils.java:logGet(46)) - raft.datastream.type = DISABLED (default)
2023-06-19 20:30:52,300 [Time-limited test] INFO  server.RaftServerConfigKeys (ConfUtils.java:logGet(46)) - raft.server.threadpool.proxy.cached = true (default)
2023-06-19 20:30:52,300 [Time-limited test] INFO  server.RaftServerConfigKeys (ConfUtils.java:logGet(46)) - raft.server.threadpool.proxy.size = 0 (default)
2023-06-19 20:30:52,301 [Time-limited test] INFO  server.RaftServerConfigKeys (ConfUtils.java:logGet(46)) - raft.server.rpc.slowness.timeout = 120s (custom)
2023-06-19 20:30:52,301 [Time-limited test] INFO  server.RaftServerConfigKeys (ConfUtils.java:logGet(46)) - raft.server.leaderelection.leader.step-down.wait-time = 10s (default)
2023-06-19 20:30:52,301 [Time-limited test] INFO  server.RaftServerConfigKeys (ConfUtils.java:logGet(46)) - raft.server.storage.dir = [/tmp/junit7996810233408721521/junit7307319036341056573/om-meta/ratis] (custom)
2023-06-19 20:30:52,302 [Time-limited test] INFO  server.RaftServer (RaftServerProxy.java:addNew(98)) - om1: addNew group-C5BA1605619E:[om1|rpc:fv-az616-238:9872|priority:0|startupRole:FOLLOWER] returns group-C5BA1605619E:java.util.concurrent.CompletableFuture@5ca1dd56[Not completed]
2023-06-19 20:30:52,302 [om1-groupManagement] INFO  server.RaftServer$Division (OzoneManager.java:initializeRatisServer(2106)) - OzoneManager Ratis server initialized at port 9872
RaftServerImpl.java:<init>(198)) - om1: new RaftServerImpl for group-C5BA1605619E:[om1|rpc:fv-az616-238:9872|priority:0|startupRole:FOLLOWER] with OzoneManagerStateMachine:uninitialized
2023-06-19 20:30:52,302 [Time-limited test] INFO  om.OzoneManager (OzoneManager.java:initializeRatisServer(2106)) - OzoneManager Ratis server initialized at port 9872
2023-06-19 20:30:52,302 [Time-limited test] INFO  om.OzoneManager (ConfUtils.java:logGet(46)) - raft.server.rpc.timeout.min = 5s (custom)
2023-06-19 20:30:52,302 [Time-limited test] INFO  om.OzoneManager (OzoneManager.java:getRpcServer(1166)) - Creating RPC Server
2023-06-19 20:30:52,302 [om1-groupManagement] INFO  server.RaftServerConfigKeys (ConfUtils.java:logGet(46)) - raft.server.rpc.timeout.max = 5200ms (custom)
2023-06-19 20:30:52,303 [om1-groupManagement] INFO  server.RaftServerConfigKeys (ConfUtils.java:logGet(46)) - raft.server.rpc.sleep.time = 25ms (default)
2023-06-19 20:30:52,303 [om1-groupManagement] INFO  server.RaftServerConfigKeys (ConfUtils.java:logGet(46)) - raft.server.rpc.slowness.timeout = 120s (custom)
2023-06-19 20:30:52,306 [om1-groupManagement] INFO  server.RaftServerConfigKeys (ConfUtils.java:logGet(46)) - raft.server.leaderelection.leader.step-down.wait-time = 10s (default)
2023-06-19 20:30:52,306 [om1-groupManagement] INFO  server.RaftServerConfigKeys (ConfUtils.java:logGet(46)) - raft.server.sleep.deviation.threshold = 300ms (default)
2023-06-19 20:30:52,306 [om1-groupManagement] INFO  server.RaftServer$Division (ServerState.java:<init>(120)) - om1@group-C5BA1605619E: ConfigurationManager, init=-1: peers:[om1|rpc:fv-az616-238:9872|priority:0|startupRole:FOLLOWER]|listeners:[], old=null, confs=<EMPTY_MAP>
2023-06-19 20:30:52,310 [om1-groupManagement] INFO  server.RaftServerConfigKeys (ConfUtils.java:logGet(46)) - raft.server.storage.dir = [/tmp/junit7996810233408721521/junit7307319036341056573/om-meta/ratis] (custom)
2023-06-19 20:30:52,313 [om1-groupManagement] INFO  server.RaftServerConfigKeys (ConfUtils.java:logGet(46)) - raft.server.log.corruption.policy = EXCEPTION (default)
2023-06-19 20:30:52,313 [om1-groupManagement] INFO  server.RaftServerConfigKeys (ConfUtils.java:logGet(46)) - raft.server.storage.free-space.min = 0MB (=0) (default)
2023-06-19 20:30:52,313 [om1-groupManagement] INFO  server.RaftServerConfigKeys (ConfUtils.java:logGet(46)) - raft.server.notification.no-leader.timeout = 120s (custom)
2023-06-19 20:30:52,313 [om1-groupManagement] INFO  server.RaftServerConfigKeys (ConfUtils.java:logGet(46)) - raft.server.read.timeout = 10s (default)
2023-06-19 20:30:52,313 [om1-groupManagement] INFO  server.RaftServerConfigKeys (ConfUtils.java:logGet(46)) - raft.server.retrycache.expirytime = 300s (custom)
2023-06-19 20:30:52,313 [om1-groupManagement] INFO  server.RaftServerConfigKeys (ConfUtils.java:logGet(46)) - raft.server.retrycache.statistics.expirytime = 100μs (default)
2023-06-19 20:30:52,314 [om1-groupManagement] INFO  server.RaftServerConfigKeys (ConfUtils.java:logGet(46)) - raft.server.read.option = DEFAULT (default)
2023-06-19 20:30:52,314 [om1-groupManagement] INFO  server.RaftServerConfigKeys (ConfUtils.java:logGet(46)) - raft.server.rpc.request.timeout = 3000ms (default)
2023-06-19 20:30:52,314 [om1-groupManagement] INFO  server.RaftServerConfigKeys (ConfUtils.java:logGet(46)) - raft.server.log.appender.install.snapshot.enabled = false (custom)
2023-06-19 20:30:52,314 [om1-groupManagement] INFO  server.RaftServerConfigKeys (ConfUtils.java:logGet(46)) - raft.server.threadpool.server.cached = true (default)
2023-06-19 20:30:52,314 [om1-groupManagement] INFO  server.RaftServerConfigKeys (ConfUtils.java:logGet(46)) - raft.server.threadpool.server.size = 0 (default)
2023-06-19 20:30:52,315 [om1-groupManagement] INFO  server.RaftServerConfigKeys (ConfUtils.java:logGet(46)) - raft.server.threadpool.client.cached = true (default)
2023-06-19 20:30:52,315 [om1-groupManagement] INFO  server.RaftServerConfigKeys (ConfUtils.java:logGet(46)) - raft.server.threadpool.client.size = 0 (default)
2023-06-19 20:30:52,825 [Time-limited test] INFO  reflections.Reflections (Reflections.java:scan(232)) - Reflections took 521 ms to scan 19 urls, producing 69 keys and 5367 values [using 2 cores]
2023-06-19 20:30:52,826 [Time-limited test] INFO  ipc.CallQueueManager (CallQueueManager.java:<init>(90)) - Using callQueue: class java.util.concurrent.LinkedBlockingQueue, queueCapacity: 10000, scheduler: class org.apache.hadoop.ipc.DefaultRpcScheduler, ipcBackoff: false.
2023-06-19 20:30:52,828 [Socket Reader #1 for port 1202] INFO  ipc.Server (Server.java:run(1319)) - Starting Socket Reader #1 for port 1202
2023-06-19 20:30:52,832 [Listener at fv-az616-238/1202] INFO  hdds.HddsUtils (HddsUtils.java:preserveThreadName(848)) - Restoring thread name: Time-limited test
2023-06-19 20:30:53,289 [Time-limited test] INFO  utils.SelfSignedCertificate (SelfSignedCertificate.java:generateCertificate(158)) - Certificate 1 is issued by CN=rootCA@localhost,OU=scm1,O=cluster1 to CN=rootCA@localhost,OU=scm1,O=cluster1, valid from Mon Jun 19 20:30:53 UTC 2023 to Thu Jul 27 20:30:53 UTC 2028
2023-06-19 20:30:53,310 [Time-limited test] WARN  impl.MetricsConfig (MetricsConfig.java:loadFirst(136)) - Cannot locate configuration: tried hadoop-metrics2-ozonemanager.properties,hadoop-metrics2.properties
2023-06-19 20:30:53,311 [Time-limited test] INFO  impl.MetricsSystemImpl (MetricsSystemImpl.java:startTimer(378)) - Scheduled Metric snapshot period at 10 second(s).
2023-06-19 20:30:53,311 [Time-limited test] INFO  impl.MetricsSystemImpl (MetricsSystemImpl.java:start(191)) - OzoneManager metrics system started
2023-06-19 20:30:53,323 [Time-limited test] INFO  impl.MetricsSinkAdapter (MetricsSinkAdapter.java:start(204)) - Sink prometheus started
2023-06-19 20:30:53,323 [Time-limited test] INFO  impl.MetricsSystemImpl (MetricsSystemImpl.java:registerSink(305)) - Registered sink prometheus
2023-06-19 20:30:53,346 [Time-limited test] INFO  om.OzoneManager (OzoneManager.java:start(1588)) - OzoneManager RPC server is listening at fv-az616-238/10.1.0.14:1202
2023-06-19 20:30:53,346 [Time-limited test] INFO  ratis.OzoneManagerRatisServer (OzoneManagerRatisServer.java:start(558)) - Starting OzoneManagerRatisServer om1 at port 9872
2023-06-19 20:30:53,349 [om1-impl-thread1] INFO  storage.RaftStorageDirectory (RaftStorageDirectoryImpl.java:analyzeStorage(137)) - The storage directory /tmp/junit7996810233408721521/junit7307319036341056573/om-meta/ratis/bf265839-605b-3f16-9796-c5ba1605619e does not exist. Creating ...
2023-06-19 20:30:53,355 [om1-impl-thread1] INFO  storage.RaftStorageDirectory (RaftStorageDirectoryImpl.java:tryLock(231)) - Lock on /tmp/junit7996810233408721521/junit7307319036341056573/om-meta/ratis/bf265839-605b-3f16-9796-c5ba1605619e/in_use.lock acquired by nodename 86119@fv-az616-238
2023-06-19 20:30:53,362 [om1-impl-thread1] INFO  storage.RaftStorage (RaftStorageImpl.java:format(96)) - Storage directory /tmp/junit7996810233408721521/junit7307319036341056573/om-meta/ratis/bf265839-605b-3f16-9796-c5ba1605619e has been successfully formatted.
2023-06-19 20:30:53,365 [om1-impl-thread1] INFO  server.RaftServerConfigKeys (ConfUtils.java:logGet(46)) - raft.server.log.use.memory = false (default)
2023-06-19 20:30:53,373 [om1-impl-thread1] INFO  server.RaftServerConfigKeys (ConfUtils.java:logGet(46)) - raft.server.log.purge.gap = 1000000 (custom)
2023-06-19 20:30:53,374 [om1-impl-thread1] INFO  server.RaftServerConfigKeys (ConfUtils.java:logGet(46)) - raft.server.log.appender.buffer.byte-limit = 33554432 (custom)
2023-06-19 20:30:53,375 [om1-impl-thread1] INFO  server.RaftServerConfigKeys (ConfUtils.java:logGet(46)) - raft.server.log.statemachine.data.read.timeout = 1000ms (default)
2023-06-19 20:30:53,376 [om1-impl-thread1] INFO  server.RaftServerConfigKeys (ConfUtils.java:logGet(46)) - raft.server.log.purge.preservation.log.num = 0 (default)
2023-06-19 20:30:53,379 [om1-impl-thread1] INFO  server.RaftServerConfigKeys (ConfUtils.java:logGet(46)) - raft.server.log.segment.size.max = 4194304 (custom)
2023-06-19 20:30:53,385 [om1-impl-thread1] INFO  server.RaftServerConfigKeys (ConfUtils.java:logGet(46)) - raft.server.log.segment.cache.num.max = 2 (custom)
2023-06-19 20:30:53,385 [om1-impl-thread1] INFO  server.RaftServerConfigKeys (ConfUtils.java:logGet(46)) - raft.server.log.segment.cache.size.max = 200MB (=209715200) (default)
2023-06-19 20:30:53,386 [om1-impl-thread1] INFO  server.RaftServerConfigKeys (ConfUtils.java:logGet(46)) - raft.server.log.appender.buffer.byte-limit = 33554432 (custom)
2023-06-19 20:30:53,393 [om1-impl-thread1] INFO  segmented.SegmentedRaftLogWorker (SegmentedRaftLogWorker.java:<init>(188)) - new om1@group-C5BA1605619E-SegmentedRaftLogWorker for RaftStorageImpl:Storage Directory /tmp/junit7996810233408721521/junit7307319036341056573/om-meta/ratis/bf265839-605b-3f16-9796-c5ba1605619e
2023-06-19 20:30:53,393 [om1-impl-thread1] INFO  server.RaftServerConfigKeys (ConfUtils.java:logGet(46)) - raft.server.log.queue.byte-limit = 64MB (=67108864) (default)
2023-06-19 20:30:53,394 [om1-impl-thread1] INFO  server.RaftServerConfigKeys (ConfUtils.java:logGet(46)) - raft.server.log.queue.element-limit = 4096 (default)
2023-06-19 20:30:53,395 [om1-impl-thread1] INFO  server.RaftServerConfigKeys (ConfUtils.java:logGet(46)) - raft.server.log.segment.size.max = 4194304 (custom)
2023-06-19 20:30:53,395 [om1-impl-thread1] INFO  server.RaftServerConfigKeys (ConfUtils.java:logGet(46)) - raft.server.log.preallocated.size = 4194304 (custom)
2023-06-19 20:30:53,396 [om1-impl-thread1] INFO  server.RaftServerConfigKeys (ConfUtils.java:logGet(46)) - raft.server.log.force.sync.num = 128 (default)
2023-06-19 20:30:53,397 [om1-impl-thread1] INFO  server.RaftServerConfigKeys (ConfUtils.java:logGet(46)) - raft.server.log.statemachine.data.sync = true (default)
2023-06-19 20:30:53,397 [om1-impl-thread1] INFO  server.RaftServerConfigKeys (ConfUtils.java:logGet(46)) - raft.server.log.statemachine.data.sync.timeout = 10s (default)
2023-06-19 20:30:53,397 [om1-impl-thread1] INFO  server.RaftServerConfigKeys (ConfUtils.java:logGet(46)) - raft.server.log.statemachine.data.sync.timeout.retry = -1 (default)
2023-06-19 20:30:53,408 [om1-impl-thread1] INFO  server.RaftServerConfigKeys (ConfUtils.java:logGet(46)) - raft.server.log.write.buffer.size = 64KB (=65536) (default)
2023-06-19 20:30:53,408 [om1-impl-thread1] INFO  server.RaftServerConfigKeys (ConfUtils.java:logGet(46)) - raft.server.log.appender.buffer.byte-limit = 33554432 (custom)
2023-06-19 20:30:53,415 [om1-impl-thread1] INFO  server.RaftServerConfigKeys (ConfUtils.java:logGet(46)) - raft.server.log.unsafe-flush.enabled = false (default)
2023-06-19 20:30:53,415 [om1-impl-thread1] INFO  server.RaftServerConfigKeys (ConfUtils.java:logGet(46)) - raft.server.log.async-flush.enabled = false (default)
2023-06-19 20:30:53,416 [om1-impl-thread1] INFO  server.RaftServerConfigKeys (ConfUtils.java:logGet(46)) - raft.server.log.statemachine.data.caching.enabled = false (default)
2023-06-19 20:30:53,423 [om1-impl-thread1] INFO  segmented.SegmentedRaftLogWorker (SegmentedRaftLogWorker.java:lambda$new$0(135)) - om1@group-C5BA1605619E-SegmentedRaftLogWorker: flushIndex: setUnconditionally 0 -> -1
2023-06-19 20:30:53,423 [om1-impl-thread1] INFO  segmented.SegmentedRaftLogWorker (SegmentedRaftLogWorker.java:lambda$new$0(135)) - om1@group-C5BA1605619E-SegmentedRaftLogWorker: safeCacheEvictIndex: setUnconditionally 0 -> -1
2023-06-19 20:30:53,429 [om1-impl-thread1] INFO  server.RaftServer$Division (RaftServerImpl.java:start(342)) - om1@group-C5BA1605619E: start as a follower, conf=-1: peers:[om1|rpc:fv-az616-238:9872|priority:0|startupRole:FOLLOWER]|listeners:[], old=null
2023-06-19 20:30:53,429 [om1-impl-thread1] INFO  server.RaftServer$Division (RaftServerImpl.java:setRole(329)) - om1@group-C5BA1605619E: changes role from      null to FOLLOWER at term 0 for startAsFollower
2023-06-19 20:30:53,431 [om1-impl-thread1] INFO  impl.RoleInfo (RoleInfo.java:updateAndGet(139)) - om1: start om1@group-C5BA1605619E-FollowerState
2023-06-19 20:30:53,432 [om1@group-C5BA1605619E-FollowerState] INFO  server.RaftServerConfigKeys (ConfUtils.java:logFallback(53)) - raft.server.rpc.first-election.timeout.min = 5s (fallback to raft.server.rpc.timeout.min)
2023-06-19 20:30:53,432 [om1@group-C5BA1605619E-FollowerState] INFO  server.RaftServerConfigKeys (ConfUtils.java:logFallback(53)) - raft.server.rpc.first-election.timeout.max = 5200ms (fallback to raft.server.rpc.timeout.max)
2023-06-19 20:30:53,438 [om1-impl-thread1] INFO  util.JmxRegister (JmxRegister.java:tryRegister(44)) - Successfully registered JMX Bean with object name Ratis:service=RaftServer,group=group-C5BA1605619E,id=om1
2023-06-19 20:30:53,441 [om1-impl-thread1] INFO  server.RaftServerConfigKeys (ConfUtils.java:logGet(46)) - raft.server.snapshot.auto.trigger.enabled = true (custom)
2023-06-19 20:30:53,441 [om1-impl-thread1] INFO  server.RaftServerConfigKeys (ConfUtils.java:logGet(46)) - raft.server.snapshot.auto.trigger.threshold = 400000 (default)
2023-06-19 20:30:53,442 [om1-impl-thread1] INFO  server.RaftServerConfigKeys (ConfUtils.java:logGet(46)) - raft.server.snapshot.retention.file.num = -1 (default)
2023-06-19 20:30:53,443 [om1-impl-thread1] INFO  server.RaftServerConfigKeys (ConfUtils.java:logGet(46)) - raft.server.log.purge.upto.snapshot.index = true (custom)
2023-06-19 20:30:53,448 [Time-limited test] INFO  server.RaftServer (RaftServerProxy.java:startImpl(400)) - om1: start RPC server
2023-06-19 20:30:53,450 [Time-limited test] INFO  server.GrpcService (GrpcService.java:startImpl(302)) - om1: GrpcService started, listening on 9872
2023-06-19 20:30:53,450 [JvmPauseMonitor2] INFO  util.JvmPauseMonitor (OzoneManager.java:startSecretManager(1077)) - Starting OM delegation token secret manager
JvmPauseMonitor.java:run(103)) - JvmPauseMonitor-om1: Started
2023-06-19 20:30:53,450 [Time-limited test] INFO  om.OzoneManager (OzoneManager.java:startSecretManager(1077)) - Starting OM delegation token secret manager
2023-06-19 20:30:53,450 [Time-limited test] INFO  security.OzoneDelegationTokenSecretManager (OzoneSecretManager.java:updateCurrentKey(175)) - Updating current master key for generating tokens. Cert id 5142808494378
2023-06-19 20:30:53,453 [Thread[Thread-706,5,FailOnTimeoutGroup]] INFO  security.OzoneDelegationTokenSecretManager (OzoneDelegationTokenSecretManager.java:run(636)) - Starting expired delegation token remover thread, tokenRemoverScanInterval=60 min(s)
2023-06-19 20:30:53,454 [Time-limited test] INFO  om.OzoneManager (OzoneManager.java:start(1604)) - Version File has different layout version (6) than OM DB (null). That is expected if this OM has never been finalized to a newer layout version.
2023-06-19 20:30:53,478 [Time-limited test] INFO  http.BaseHttpServer (BaseHttpServer.java:newHttpServer2BuilderForOzone(224)) - Starting Web-server for ozoneManager at: http://0.0.0.0:9874
2023-06-19 20:30:53,478 [Time-limited test] INFO  http.BaseHttpServer (BaseHttpServer.java:<init>(111)) - Hadoop Security Enabled: true Ozone Security Enabled: true Ozone HTTP Security Enabled: false 
2023-06-19 20:30:53,480 [Time-limited test] WARN  server.AuthenticationFilter (AuthenticationFilter.java:constructSecretProvider(240)) - Unable to initialize FileSignerSecretProvider, falling back to use random secrets. Reason: Could not read signature secret file: /home/runner/hadoop-http-auth-signature-secret
2023-06-19 20:30:53,480 [Time-limited test] INFO  http.HttpRequestLog (HttpRequestLog.java:getRequestLog(86)) - Http request log for http.requests.ozoneManager is not defined
2023-06-19 20:30:53,482 [Time-limited test] INFO  http.HttpServer2 (HttpServer2.java:addGlobalFilter(1031)) - Added global filter 'safety' (class=org.apache.hadoop.hdds.server.http.HttpServer2$QuotingInputFilter)
2023-06-19 20:30:53,483 [Time-limited test] INFO  http.HttpServer2 (HttpServer2.java:addFilter(1007)) - Added filter static_user_filter (class=org.apache.hadoop.http.lib.StaticUserWebFilter$StaticUserFilter) to context ozoneManager
2023-06-19 20:30:53,483 [Time-limited test] INFO  http.HttpServer2 (HttpServer2.java:addFilter(1015)) - Added filter static_user_filter (class=org.apache.hadoop.http.lib.StaticUserWebFilter$StaticUserFilter) to context static
2023-06-19 20:30:53,483 [Time-limited test] INFO  http.HttpServer2 (HttpServer2.java:addFilter(1015)) - Added filter static_user_filter (class=org.apache.hadoop.http.lib.StaticUserWebFilter$StaticUserFilter) to context logs
2023-06-19 20:30:53,486 [Time-limited test] INFO  http.BaseHttpServer (BaseHttpServer.java:<init>(190)) - HTTP server of ozoneManager uses base directory /tmp/junit7996810233408721521/junit7307319036341056573/om-meta/webserver
2023-06-19 20:30:53,491 [Time-limited test] INFO  http.HttpServer2 (HttpServer2.java:bindListener(1250)) - Jetty bound to port 9874
2023-06-19 20:30:53,492 [Time-limited test] INFO  server.Server (Server.java:doStart(375)) - jetty-9.4.51.v20230217; built: 2023-02-17T08:19:37.309Z; git: b45c405e4544384de066f814ed42ae3dceacdd49; jvm 1.8.0_372-b07
2023-06-19 20:30:53,494 [Time-limited test] INFO  server.session (DefaultSessionIdManager.java:doStart(334)) - DefaultSessionIdManager workerName=node0
2023-06-19 20:30:53,494 [Time-limited test] INFO  server.session (DefaultSessionIdManager.java:doStart(339)) - No SessionScavenger set, using defaults
2023-06-19 20:30:53,494 [Time-limited test] INFO  server.session (HouseKeeper.java:startScavenging(132)) - node0 Scavenging every 660000ms
2023-06-19 20:30:53,495 [Time-limited test] INFO  handler.ContextHandler (ContextHandler.java:doStart(921)) - Started o.e.j.s.ServletContextHandler@2f3f73f6{logs,/logs,file:///home/runner/work/ozone/ozone/hadoop-ozone/integration-test/target/log,AVAILABLE}
2023-06-19 20:30:53,496 [Time-limited test] INFO  handler.ContextHandler (ContextHandler.java:doStart(921)) - Started o.e.j.s.ServletContextHandler@2dd6c035{static,/static,file:///home/runner/work/ozone/ozone/hadoop-ozone/integration-test/target/test-classes/webapps/static,AVAILABLE}
2023-06-19 20:30:53,501 [Time-limited test] INFO  handler.ContextHandler (ContextHandler.java:doStart(921)) - Started o.e.j.w.WebAppContext@683e76d9{ozoneManager,/,file:///home/runner/work/ozone/ozone/hadoop-ozone/integration-test/target/test-classes/webapps/ozoneManager/,AVAILABLE}{file:/home/runner/work/ozone/ozone/hadoop-ozone/integration-test/target/test-classes/webapps/ozoneManager}
2023-06-19 20:30:53,506 [Time-limited test] INFO  server.AbstractConnector (AbstractConnector.java:doStart(333)) - Started ServerConnector@6cd62ab2{HTTP/1.1, (http/1.1)}{0.0.0.0:9874}
2023-06-19 20:30:53,506 [Time-limited test] INFO  server.Server (Server.java:doStart(415)) - Started @27944ms
2023-06-19 20:30:53,506 [Time-limited test] WARN  impl.MetricsSystemImpl (MetricsSystemImpl.java:register(279)) - Sink prometheus already exists!
2023-06-19 20:30:53,507 [Time-limited test] INFO  http.BaseHttpServer (BaseHttpServer.java:updateConnectorAddress(344)) - HTTP server of ozoneManager listening at http://0.0.0.0:9874
2023-06-19 20:30:53,507 [IPC Server Responder] INFO  ipc.Server (Server.java:run(1558)) - IPC Server Responder: starting
2023-06-19 20:30:53,508 [IPC Server listener on 1202] INFO  ipc.Server (Server.java:run(1398)) - IPC Server listener on 1202: starting
2023-06-19 20:30:53,523 [Time-limited test] INFO  om.OzoneManager (OzoneManager.java:startTrashEmptier(2059)) - Trash Interval set to 0. Files deleted won't move to trash
2023-06-19 20:30:53,609 [pool-142-thread-2] INFO  request.TgsRequest (TgsRequest.java:issueTicket(115)) - TGS_REQ ISSUE: authtime 1687206653609,om/fv-az616-238 for om/fv-az616-238@EXAMPLE.COM
2023-06-19 20:30:53,625 [Socket Reader #1 for port 1202] INFO  ipc.Server (Server.java:saslProcess(2116)) - Auth successful for om/fv-az616-238@EXAMPLE.COM (auth:KERBEROS) from 10.1.0.14:37467
2023-06-19 20:30:55,735 [Time-limited test] INFO  retry.RetryInvocationHandler (RetryInvocationHandler.java:log(422)) - com.google.protobuf.ServiceException: org.apache.hadoop.ipc.RemoteException(org.apache.hadoop.ozone.om.exceptions.OMNotLeaderException): OM:om1 is not the leader. Could not determine the leader node.
	at org.apache.hadoop.ozone.om.OzoneManager.checkLeaderStatus(OzoneManager.java:3949)
	at org.apache.hadoop.ozone.om.ratis.utils.OzoneManagerRatisUtils.checkLeaderStatus(OzoneManagerRatisUtils.java:473)
	at org.apache.hadoop.ozone.protocolPB.OzoneManagerProtocolServerSideTranslatorPB.processRequest(OzoneManagerProtocolServerSideTranslatorPB.java:183)
	at org.apache.hadoop.hdds.server.OzoneProtocolMessageDispatcher.processRequest(OzoneProtocolMessageDispatcher.java:87)
	at org.apache.hadoop.ozone.protocolPB.OzoneManagerProtocolServerSideTranslatorPB.submitRequest(OzoneManagerProtocolServerSideTranslatorPB.java:147)
	at org.apache.hadoop.ozone.protocol.proto.OzoneManagerProtocolProtos$OzoneManagerService$2.callBlockingMethod(OzoneManagerProtocolProtos.java)
	at org.apache.hadoop.ipc.ProtobufRpcEngine$Server.processCall(ProtobufRpcEngine.java:484)
	at org.apache.hadoop.ipc.ProtobufRpcEngine2$Server$ProtoBufRpcInvoker.call(ProtobufRpcEngine2.java:595)
	at org.apache.hadoop.ipc.ProtobufRpcEngine2$Server$ProtoBufRpcInvoker.call(ProtobufRpcEngine2.java:573)
	at org.apache.hadoop.ipc.RPC$Server.call(RPC.java:1213)
	at org.apache.hadoop.ipc.Server$RpcCall.run(Server.java:1089)
	at org.apache.hadoop.ipc.Server$RpcCall.run(Server.java:1012)
	at java.security.AccessController.doPrivileged(Native Method)
	at javax.security.auth.Subject.doAs(Subject.java:422)
	at org.apache.hadoop.security.UserGroupInformation.doAs(UserGroupInformation.java:1899)
	at org.apache.hadoop.ipc.Server$Handler.run(Server.java:3026)
, while invoking $Proxy53.submitRequest over nodeId=null,nodeAddress=fv-az616-238:1202 after 1 failover attempts. Trying to failover after sleeping for 4000ms. Current retry count: 1.
2023-06-19 20:30:58,541 [om1@group-C5BA1605619E-FollowerState] INFO  impl.FollowerState (FollowerState.java:run(143)) - om1@group-C5BA1605619E-FollowerState: change to CANDIDATE, lastRpcElapsedTime:5110663360ns, electionTimeout:5108ms
2023-06-19 20:30:58,543 [om1@group-C5BA1605619E-FollowerState] INFO  impl.RoleInfo (RoleInfo.java:shutdownFollowerState(110)) - om1: shutdown om1@group-C5BA1605619E-FollowerState
2023-06-19 20:30:58,543 [om1@group-C5BA1605619E-FollowerState] INFO  server.RaftServer$Division (RaftServerImpl.java:setRole(329)) - om1@group-C5BA1605619E: changes role from  FOLLOWER to CANDIDATE at term 0 for changeToCandidate
2023-06-19 20:30:58,546 [om1@group-C5BA1605619E-FollowerState] INFO  server.RaftServerConfigKeys (ConfUtils.java:logGet(46)) - raft.server.leaderelection.pre-vote = true (default)
2023-06-19 20:30:58,546 [om1@group-C5BA1605619E-FollowerState] INFO  impl.RoleInfo (RoleInfo.java:updateAndGet(139)) - om1: start om1@group-C5BA1605619E-LeaderElection1
2023-06-19 20:30:58,550 [om1@group-C5BA1605619E-LeaderElection1] INFO  impl.LeaderElection (LeaderElection.java:askForVotes(321)) - om1@group-C5BA1605619E-LeaderElection1 PRE_VOTE round 0: submit vote requests at term 0 for -1: peers:[om1|rpc:fv-az616-238:9872|priority:0|startupRole:FOLLOWER]|listeners:[], old=null
2023-06-19 20:30:58,552 [om1@group-C5BA1605619E-LeaderElection1] INFO  impl.LeaderElection (LeaderElection.java:askForVotes(323)) - om1@group-C5BA1605619E-LeaderElection1 PRE_VOTE round 0: result PASSED (term=0)
2023-06-19 20:30:58,554 [om1@group-C5BA1605619E-LeaderElection1] INFO  impl.LeaderElection (LeaderElection.java:askForVotes(321)) - om1@group-C5BA1605619E-LeaderElection1 ELECTION round 0: submit vote requests at term 1 for -1: peers:[om1|rpc:fv-az616-238:9872|priority:0|startupRole:FOLLOWER]|listeners:[], old=null
2023-06-19 20:30:58,554 [om1@group-C5BA1605619E-LeaderElection1] INFO  impl.LeaderElection (LeaderElection.java:askForVotes(323)) - om1@group-C5BA1605619E-LeaderElection1 ELECTION round 0: result PASSED (term=1)
2023-06-19 20:30:58,554 [om1@group-C5BA1605619E-LeaderElection1] INFO  impl.RoleInfo (RoleInfo.java:shutdownLeaderElection(130)) - om1: shutdown om1@group-C5BA1605619E-LeaderElection1
2023-06-19 20:30:58,555 [om1@group-C5BA1605619E-LeaderElection1] INFO  server.RaftServer$Division (RaftServerImpl.java:setRole(329)) - om1@group-C5BA1605619E: changes role from CANDIDATE to LEADER at term 1 for changeToLeader
2023-06-19 20:30:58,557 [om1@group-C5BA1605619E-LeaderElection1] INFO  server.RaftServer$Division (ServerState.java:setLeader(317)) - om1@group-C5BA1605619E: change Leader from null to om1 at term 1 for becomeLeader, leader elected after 6242ms
2023-06-19 20:30:58,565 [om1@group-C5BA1605619E-LeaderElection1] INFO  server.RaftServerConfigKeys (ConfUtils.java:logGet(46)) - raft.server.staging.catchup.gap = 1000 (default)
2023-06-19 20:30:58,571 [om1@group-C5BA1605619E-LeaderElection1] INFO  server.RaftServerConfigKeys (ConfUtils.java:logGet(46)) - raft.server.write.element-limit = 4096 (default)
2023-06-19 20:30:58,572 [om1@group-C5BA1605619E-LeaderElection1] INFO  server.RaftServerConfigKeys (ConfUtils.java:logGet(46)) - raft.server.write.byte-limit = 64MB (=67108864) (default)
2023-06-19 20:30:58,578 [om1@group-C5BA1605619E-LeaderElection1] INFO  server.RaftServerConfigKeys (ConfUtils.java:logGet(46)) - raft.server.watch.timeout = 10s (default)
2023-06-19 20:30:58,578 [om1@group-C5BA1605619E-LeaderElection1] INFO  server.RaftServerConfigKeys (ConfUtils.java:logGet(46)) - raft.server.watch.timeout.denomination = 1s (default)
2023-06-19 20:30:58,579 [om1@group-C5BA1605619E-LeaderElection1] INFO  server.RaftServerConfigKeys (ConfUtils.java:logGet(46)) - raft.server.watch.element-limit = 65536 (default)
2023-06-19 20:30:58,585 [om1@group-C5BA1605619E-LeaderElection1] INFO  server.RaftServerConfigKeys (ConfUtils.java:logGet(46)) - raft.server.write.element-limit = 4096 (default)
2023-06-19 20:30:58,587 [om1@group-C5BA1605619E-LeaderElection1] INFO  server.RaftServerConfigKeys (ConfUtils.java:logGet(46)) - raft.server.write.follower.gap.ratio.max = -1.0 (default)
2023-06-19 20:30:58,589 [om1@group-C5BA1605619E-LeaderElection1] INFO  impl.RoleInfo (RoleInfo.java:updateAndGet(139)) - om1: start om1@group-C5BA1605619E-LeaderStateImpl
2023-06-19 20:30:58,610 [om1@group-C5BA1605619E-LeaderElection1] INFO  segmented.SegmentedRaftLogWorker (SegmentedRaftLogWorker.java:startLogSegment(447)) - om1@group-C5BA1605619E-SegmentedRaftLogWorker: Starting segment from index:0
2023-06-19 20:30:58,643 [om1@group-C5BA1605619E-LeaderElection1] INFO  server.RaftServer$Division (ServerState.java:setRaftConf(434)) - om1@group-C5BA1605619E: set configuration 0: peers:[om1|rpc:fv-az616-238:9872|admin:|client:|dataStream:|priority:0|startupRole:FOLLOWER]|listeners:[], old=null
2023-06-19 20:30:58,729 [om1@group-C5BA1605619E-SegmentedRaftLogWorker] INFO  segmented.SegmentedRaftLogWorker (SegmentedRaftLogWorker.java:execute(651)) - om1@group-C5BA1605619E-SegmentedRaftLogWorker: created new log segment /tmp/junit7996810233408721521/junit7307319036341056573/om-meta/ratis/bf265839-605b-3f16-9796-c5ba1605619e/current/log_inprogress_0
2023-06-19 20:30:58,846 [om1@group-C5BA1605619E-StateMachineUpdater] INFO  ratis.OzoneManagerStateMachine (OzoneManagerStateMachine.java:notifyConfigurationChanged(201)) - Received Configuration change notification from Ratis. New Peer list:
[id: "om1"
address: "fv-az616-238:9872"
startupRole: FOLLOWER
]
2023-06-19 20:30:59,895 [OM StateMachine ApplyTransaction Thread - 0] INFO  security.S3RevokeSecretRequest (S3RevokeSecretRequest.java:validateAndUpdateCache(127)) - Secret for om/fv-az616-238@EXAMPLE.COM is revoked.
2023-06-19 20:30:59,930 [OM StateMachine ApplyTransaction Thread - 0] INFO  security.S3RevokeSecretRequest (S3RevokeSecretRequest.java:validateAndUpdateCache(127)) - Secret for om/fv-az616-238@EXAMPLE.COM is revoked.
2023-06-19 20:30:59,941 [OM StateMachine ApplyTransaction Thread - 0] INFO  security.S3RevokeSecretRequest (S3RevokeSecretRequest.java:validateAndUpdateCache(127)) - Secret for HADOOP/ALICE is revoked.
2023-06-19 20:30:59,950 [pool-142-thread-2] INFO  request.KdcRequest (KdcRequest.java:preauth(651)) - The preauth data is empty.
2023-06-19 20:30:59,950 [pool-142-thread-2] INFO  server.KdcHandler (KdcHandler.java:handleRecoverableException(177)) - KRB error occurred while processing request:Additional pre-authentication required
2023-06-19 20:30:59,958 [pool-142-thread-1] INFO  request.AsRequest (AsRequest.java:issueTicket(112)) - AS_REQ ISSUE: authtime 1687206659958,test@EXAMPLE.COM for krbtgt/EXAMPLE.COM@EXAMPLE.COM
2023-06-19 20:30:59,973 [pool-142-thread-1] INFO  request.TgsRequest (TgsRequest.java:issueTicket(115)) - TGS_REQ ISSUE: authtime 1687206659972,test for om/fv-az616-238@EXAMPLE.COM
2023-06-19 20:30:59,982 [Socket Reader #1 for port 1202] INFO  ipc.Server (Server.java:saslProcess(2116)) - Auth successful for test@EXAMPLE.COM (auth:KERBEROS) from 10.1.0.14:43348
2023-06-19 20:31:00,016 [Time-limited test] INFO  om.OzoneManager (OzoneManager.java:stop(2165)) - om1[fv-az616-238:1202]: Stopping Ozone Manager
2023-06-19 20:31:00,016 [Time-limited test] INFO  ipc.Server (Server.java:stop(3501)) - Stopping server on 1202
2023-06-19 20:31:00,029 [IPC Server Responder] INFO  ipc.Server (Server.java:run(1563)) - Stopping IPC Server Responder
2023-06-19 20:31:00,029 [IPC Server listener on 1202] INFO  ipc.Server (Server.java:run(1430)) - Stopping IPC Server listener on 1202
2023-06-19 20:31:00,030 [Time-limited test] INFO  server.RaftServer (RaftServerProxy.java:lambda$close$6(416)) - om1: close
2023-06-19 20:31:00,032 [Time-limited test] INFO  server.GrpcService (GrpcService.java:closeImpl(311)) - om1: shutdown server GrpcServerProtocolService now
2023-06-19 20:31:00,032 [om1-impl-thread1] INFO  server.RaftServer$Division (RaftServerImpl.java:lambda$close$4(466)) - om1@group-C5BA1605619E: shutdown
2023-06-19 20:31:00,032 [om1-impl-thread1] INFO  util.JmxRegister (JmxRegister.java:unregister(73)) - Successfully un-registered JMX Bean with object name Ratis:service=RaftServer,group=group-C5BA1605619E,id=om1
2023-06-19 20:31:00,033 [om1-impl-thread1] INFO  impl.RoleInfo (RoleInfo.java:shutdownLeaderState(93)) - om1: shutdown om1@group-C5BA1605619E-LeaderStateImpl
2023-06-19 20:31:00,033 [om1-impl-thread1] INFO  impl.PendingRequests (PendingRequests.java:sendNotLeaderResponses(289)) - om1@group-C5BA1605619E-PendingRequests: sendNotLeaderResponses
2023-06-19 20:31:00,040 [om1@group-C5BA1605619E-StateMachineUpdater] INFO  ratis.OzoneManagerStateMachine (OzoneManagerStateMachine.java:takeSnapshot(479)) - Current Snapshot Index (t:1, i:18)
2023-06-19 20:31:00,042 [om1-impl-thread1] INFO  impl.StateMachineUpdater (StateMachineUpdater.java:stopAndJoin(155)) - om1@group-C5BA1605619E-StateMachineUpdater: set stopIndex = 18
2023-06-19 20:31:00,046 [Time-limited test] INFO  server.GrpcService (GrpcService.java:closeImpl(320)) - om1: shutdown server GrpcServerProtocolService successfully
2023-06-19 20:31:00,060 [om1@group-C5BA1605619E-StateMachineUpdater] INFO  impl.StateMachineUpdater (StateMachineUpdater.java:takeSnapshot(291)) - om1@group-C5BA1605619E-StateMachineUpdater: Took a snapshot at index 18
2023-06-19 20:31:00,061 [om1@group-C5BA1605619E-StateMachineUpdater] INFO  impl.StateMachineUpdater (StateMachineUpdater.java:lambda$new$0(97)) - om1@group-C5BA1605619E-StateMachineUpdater: snapshotIndex: updateIncreasingly -1 -> 18
2023-06-19 20:31:00,061 [om1@group-C5BA1605619E-StateMachineUpdater] INFO  ratis.OzoneManagerStateMachine (OzoneManagerStateMachine.java:close(533)) - StateMachine has shutdown. Shutdown OzoneManager if not already shutdown.
2023-06-19 20:31:00,061 [om1@group-C5BA1605619E-StateMachineUpdater] INFO  ratis.OzoneManagerDoubleBuffer (OzoneManagerDoubleBuffer.java:stopDaemon(551)) - Stopping OMDoubleBuffer flush thread
2023-06-19 20:31:00,061 [OMDoubleBufferFlushThread] INFO  ratis.OzoneManagerDoubleBuffer (OzoneManagerDoubleBuffer.java:canFlush(638)) - OMDoubleBuffer flush thread OMDoubleBufferFlushThread is interrupted and will exit.
2023-06-19 20:31:00,062 [om1-impl-thread1] INFO  server.RaftServer$Division (ServerState.java:close(472)) - om1@group-C5BA1605619E: closes. applyIndex: 18
2023-06-19 20:31:00,943 [om1-impl-thread1] INFO  segmented.SegmentedRaftLogWorker (SegmentedRaftLogWorker.java:close(252)) - om1@group-C5BA1605619E-SegmentedRaftLogWorker close()
2023-06-19 20:31:00,946 [JvmPauseMonitor2] INFO  util.JvmPauseMonitor (JvmPauseMonitor.java:run(109)) - JvmPauseMonitor-om1: Stopped
2023-06-19 20:31:00,946 [Time-limited test] INFO  ratis.OzoneManagerStateMachine (OzoneManagerStateMachine.java:close(533)) - StateMachine has shutdown. Shutdown OzoneManager if not already shutdown.
2023-06-19 20:31:00,952 [Time-limited test] INFO  ratis.OzoneManagerDoubleBuffer (OzoneManagerDoubleBuffer.java:stopDaemon(560)) - OMDoubleBuffer flush thread is not running.
2023-06-19 20:31:00,957 [Time-limited test] INFO  utils.BackgroundService (BackgroundService.java:shutdown(141)) - Shutting down service KeyDeletingService
2023-06-19 20:31:00,957 [Time-limited test] INFO  utils.BackgroundService (BackgroundService.java:shutdown(141)) - Shutting down service KeyDeletingService
2023-06-19 20:31:00,958 [Time-limited test] INFO  utils.BackgroundService (BackgroundService.java:shutdown(141)) - Shutting down service OpenKeyCleanupService
2023-06-19 20:31:00,958 [Time-limited test] INFO  utils.BackgroundService (BackgroundService.java:shutdown(141)) - Shutting down service SstFilteringService
2023-06-19 20:31:00,959 [Time-limited test] INFO  utils.BackgroundService (BackgroundService.java:shutdown(141)) - Shutting down service SnapshotDeletingService
2023-06-19 20:31:00,959 [Time-limited test] INFO  om.OzoneManager (OzoneManager.java:stopSecretManager(1037)) - Stopping secret key client.
2023-06-19 20:31:00,962 [Time-limited test] INFO  om.OzoneManager (OzoneManager.java:stopSecretManager(1042)) - Stopping OM delegation token secret manager.
2023-06-19 20:31:00,963 [Thread[Thread-706,5,FailOnTimeoutGroup]] INFO  security.OzoneDelegationTokenSecretManager (OzoneDelegationTokenSecretManager.java:run(653)) - ExpiredTokenRemover was interrupted.
java.lang.InterruptedException: sleep interrupted
	at java.lang.Thread.sleep(Native Method)
	at org.apache.hadoop.ozone.security.OzoneDelegationTokenSecretManager$ExpiredTokenRemover.run(OzoneDelegationTokenSecretManager.java:649)
	at java.lang.Thread.run(Thread.java:750)
2023-06-19 20:31:00,964 [Time-limited test] INFO  handler.ContextHandler (ContextHandler.java:doStop(1159)) - Stopped o.e.j.w.WebAppContext@683e76d9{ozoneManager,/,null,STOPPED}{file:/home/runner/work/ozone/ozone/hadoop-ozone/integration-test/target/test-classes/webapps/ozoneManager}
2023-06-19 20:31:00,965 [Time-limited test] INFO  server.AbstractConnector (AbstractConnector.java:doStop(383)) - Stopped ServerConnector@6cd62ab2{HTTP/1.1, (http/1.1)}{0.0.0.0:9874}
2023-06-19 20:31:00,965 [Time-limited test] INFO  server.session (HouseKeeper.java:stopScavenging(149)) - node0 Stopped scavenging
2023-06-19 20:31:00,965 [Time-limited test] INFO  handler.ContextHandler (ContextHandler.java:doStop(1159)) - Stopped o.e.j.s.ServletContextHandler@2dd6c035{static,/static,file:///home/runner/work/ozone/ozone/hadoop-ozone/integration-test/target/test-classes/webapps/static,STOPPED}
2023-06-19 20:31:00,965 [Time-limited test] INFO  handler.ContextHandler (ContextHandler.java:doStop(1159)) - Stopped o.e.j.s.ServletContextHandler@2f3f73f6{logs,/logs,file:///home/runner/work/ozone/ozone/hadoop-ozone/integration-test/target/log,STOPPED}
2023-06-19 20:31:00,970 [Time-limited test] INFO  snapshot.SnapshotDiffManager (SnapshotDiffManager.java:closeExecutorService(1267)) - Shutting down executorService: 'SnapDiffExecutor'
2023-06-19 20:31:00,970 [Time-limited test] INFO  snapshot.SnapshotDiffManager (SnapshotDiffManager.java:closeExecutorService(1267)) - Shutting down executorService: 'SstDumpToolExecutor'
2023-06-19 20:31:00,971 [Time-limited test] INFO  utils.BackgroundService (BackgroundService.java:shutdown(141)) - Shutting down service SnapshotDiffCleanupService
2023-06-19 20:31:00,974 [Time-limited test] INFO  impl.DefaultInternalKdcServerImpl (DefaultInternalKdcServerImpl.java:doStop(102)) - Default Internal kdc server stopped.
2023-06-19 20:31:01,975 [Time-limited test] INFO  minikdc.MiniKdc (MiniKdc.java:stop(359)) - MiniKdc stopped.
2023-06-19 20:31:01,975 [Time-limited test] INFO  om.OzoneManager (OzoneManager.java:stop(2165)) - om1[fv-az616-238:1202]: Stopping Ozone Manager
]]></system-out>
  </testcase>
  <testcase name="testCertificateRotationUnRecoverableFailure" classname="org.apache.hadoop.ozone.TestSecureOzoneCluster" time="0">
    <skipped message="Run it locally since it will terminate the process."/>
  </testcase>
  <testcase name="testCertificateRotation" classname="org.apache.hadoop.ozone.TestSecureOzoneCluster" time="22.288">
    <system-out><![CDATA[2023-06-19 20:31:02,002 [Time-limited test] INFO  net.ServerSocketUtil (ServerSocketUtil.java:getPort(55)) - Using port 9860
2023-06-19 20:31:02,002 [Time-limited test] INFO  net.ServerSocketUtil (ServerSocketUtil.java:getPort(55)) - Using port 9861
2023-06-19 20:31:02,003 [Time-limited test] INFO  net.ServerSocketUtil (ServerSocketUtil.java:getPort(55)) - Using port 9863
2023-06-19 20:31:02,003 [Time-limited test] INFO  net.ServerSocketUtil (ServerSocketUtil.java:getPort(55)) - Using port 9961
2023-06-19 20:31:02,003 [Time-limited test] INFO  net.ServerSocketUtil (ServerSocketUtil.java:getPort(55)) - Using port 1200
2023-06-19 20:31:02,003 [Time-limited test] INFO  net.ServerSocketUtil (ServerSocketUtil.java:getPort(55)) - Using port 1201
2023-06-19 20:31:02,004 [Time-limited test] INFO  minikdc.MiniKdc (MiniKdc.java:<init>(225)) - Configuration:
2023-06-19 20:31:02,004 [Time-limited test] INFO  minikdc.MiniKdc (MiniKdc.java:<init>(226)) - ---------------------------------------------------------------
2023-06-19 20:31:02,004 [Time-limited test] INFO  minikdc.MiniKdc (MiniKdc.java:<init>(228)) -   debug: false
2023-06-19 20:31:02,004 [Time-limited test] INFO  minikdc.MiniKdc (MiniKdc.java:<init>(228)) -   transport: TCP
2023-06-19 20:31:02,004 [Time-limited test] INFO  minikdc.MiniKdc (MiniKdc.java:<init>(228)) -   max.ticket.lifetime: 86400000
2023-06-19 20:31:02,004 [Time-limited test] INFO  minikdc.MiniKdc (MiniKdc.java:<init>(228)) -   org.name: EXAMPLE
2023-06-19 20:31:02,004 [Time-limited test] INFO  minikdc.MiniKdc (MiniKdc.java:<init>(228)) -   kdc.port: 0
2023-06-19 20:31:02,004 [Time-limited test] INFO  minikdc.MiniKdc (MiniKdc.java:<init>(228)) -   org.domain: COM
2023-06-19 20:31:02,004 [Time-limited test] INFO  minikdc.MiniKdc (MiniKdc.java:<init>(228)) -   max.renewable.lifetime: 604800000
2023-06-19 20:31:02,004 [Time-limited test] INFO  minikdc.MiniKdc (MiniKdc.java:<init>(228)) -   instance: DefaultKrbServer
2023-06-19 20:31:02,004 [Time-limited test] INFO  minikdc.MiniKdc (MiniKdc.java:<init>(228)) -   kdc.bind.address: localhost
2023-06-19 20:31:02,004 [Time-limited test] INFO  minikdc.MiniKdc (MiniKdc.java:<init>(230)) - ---------------------------------------------------------------
2023-06-19 20:31:02,006 [Time-limited test] INFO  minikdc.MiniKdc (MiniKdc.java:start(285)) - MiniKdc started.
2023-06-19 20:31:02,682 [Time-limited test] WARN  server.ServerUtils (ServerUtils.java:getDBPath(311)) - ozone.om.db.dirs is not configured. We recommend adding this setting. Falling back to ozone.metadata.dirs instead.
2023-06-19 20:31:02,688 [Time-limited test] INFO  utils.SelfSignedCertificate (SelfSignedCertificate.java:generateCertificate(158)) - Certificate 5152200 is issued by CN=localhost,OU=test,O=cluster to CN=localhost,OU=test,O=cluster, valid from Mon Jun 19 20:31:02 UTC 2023 to Mon Jun 19 20:31:22 UTC 2023
2023-06-19 20:31:02,697 [Time-limited test] INFO  security.OMCertificateClient (DefaultCertificateClient.java:readCertificateFile(196)) - Added certificate   [0]         Version: 3
         SerialNumber: 5152200
             IssuerDN: CN=localhost,OU=test,O=cluster
           Start Date: Mon Jun 19 20:31:02 UTC 2023
           Final Date: Mon Jun 19 20:31:22 UTC 2023
            SubjectDN: CN=localhost,OU=test,O=cluster
           Public Key: RSA Public Key [ac:21:71:1c:4d:6c:68:d3:52:f2:28:0f:64:bc:53:db:9a:58:f5:37],[56:66:d1:a4]
        modulus: c78b235def7cc77cb10982e3cfab5e3f23cb737d0deee544d9d7698b52f2c9e505a43a9322087b48297cf823627c2093290208eb2339a80a259489bd95275bae6b91fbe105594fb2c8b3f9b966c4fc3e913ccde77487b29e49d2645a9c56458e181d636accf1de25257c72d1257848bb2a8a874fcd84419babbab1340e26563a8a0f5a8bac7d0b2abb6561af86a7f218e0cd4d9621c03df90289ac426e11e9f54660d50775d613c9725779770d73c3b78d80441fb5dfc676b013af0e9b1cafa6e422c340f2a9922d613fda1c883ea5e3c06e7bfbadf250a0365fea47aea120f3b5fa7a3d887ec29bb92dd0ea08bba573cbfdf3bdf87bc6d121cb78f9a2146ed3
public exponent: 10001

  Signature Algorithm: SHA256WITHRSA
            Signature: 80891857e811951a45acaeac892ee3230dbf6105
                       1e68cb8e39be1d8c1190e222c791b237e91a6f5d
                       34dcced0f1385b2b8f5584944d5eaa993ea4a626
                       2238813e38e4ede920901bfb2e8ea8420fceddf1
                       876c0be13f31d9506ff7e234e9702d4a848dbc95
                       ba2b4e52f12d052f487421bec39d9e8d7961bfaf
                       5c65cd2492b509a80f4f42ae77703677d46dc169
                       cbf8772e140a2e11bb289a7a34703931f033bfe8
                       9484036be12d35aca1cb16d3ae926b9ff41da3c5
                       358c8f4ac9af625c185a4bb8c6e6517e8e992c0c
                       3bb372e867427fde1a6bee16b9610e0a396f1fd8
                       d22cec23e9f3b7915f4ad8ddf50b032d8ee97602
                       b0d16e451d3c5af1821821f869ec40d3
 from file: /tmp/junit6213332989781743126/junit7805215434551084698/om-meta/om/certs/certificate.crt.
2023-06-19 20:31:02,698 [Time-limited test] INFO  security.OMCertificateClient (DefaultCertificateClient.java:startCertificateMonitor(1260)) - CertificateLifetimeMonitor for om is started with first delay 9303 ms and interval 3333 ms.
2023-06-19 20:31:02,698 [Time-limited test] INFO  om.OzoneManager (OzoneManager.java:getOmDetailsProto(4486)) - OzoneManager ports added:[name: "RPC"
value: 1202
]
2023-06-19 20:31:02,701 [Time-limited test] INFO  security.OMCertificateClient (DefaultCertificateClient.java:init(692)) - Certificate client init case: 7
2023-06-19 20:31:02,701 [Time-limited test] INFO  security.OMCertificateClient (CommonCertificateClient.java:handleCase(104)) - Found certificate file along with KeyPair.
2023-06-19 20:31:02,708 [Time-limited test] INFO  security.OMCertificateClient (DefaultCertificateClient.java:validateKeyPairAndCertificate(790)) - Keypair validated.
2023-06-19 20:31:02,714 [Time-limited test] INFO  security.OMCertificateClient (DefaultCertificateClient.java:validateKeyPairAndCertificate(793)) - Keypair validated with certificate.
2023-06-19 20:31:02,777 [Time-limited test] INFO  utils.SelfSignedCertificate (SelfSignedCertificate.java:generateCertificate(158)) - Certificate 5152290 is issued by CN=localhost,OU=test,O=cluster to CN=localhost,OU=test,O=cluster, valid from Mon Jun 19 20:31:12 UTC 2023 to Mon Jun 19 20:31:32 UTC 2023
2023-06-19 20:31:04,061 [Time-limited test] INFO  ha.OMHANodeDetails (OMHANodeDetails.java:loadOMHAConfig(115)) - ozone.om.internal.service.id is not defined, falling back to ozone.om.service.ids to find serviceID for OzoneManager if it is HA enabled cluster
2023-06-19 20:31:04,062 [Time-limited test] INFO  ha.OMHANodeDetails (OMHANodeDetails.java:loadOMHAConfig(226)) - Configuration does not have ozone.om.address set. Falling back to the default OM address fv-az616-238/10.1.0.14:1202
2023-06-19 20:31:04,062 [Time-limited test] INFO  ha.OMHANodeDetails (OMHANodeDetails.java:getOMNodeDetailsForNonHA(254)) - OM Service ID is not set. Setting it to the default ID: omServiceIdDefault
2023-06-19 20:31:04,063 [Time-limited test] INFO  ha.OMHANodeDetails (OMHANodeDetails.java:getOMNodeDetailsForNonHA(261)) - OM Node ID is not set. Setting it to the default ID: om1
2023-06-19 20:31:04,063 [Time-limited test] WARN  server.ServerUtils (ServerUtils.java:getDBPath(311)) - ozone.om.db.dirs is not configured. We recommend adding this setting. Falling back to ozone.metadata.dirs instead.
2023-06-19 20:31:04,066 [Time-limited test] INFO  upgrade.AbstractLayoutVersionManager (AbstractLayoutVersionManager.java:init(83)) - Initializing Layout version manager with metadata layout = QUOTA (version = 6), software layout = QUOTA (version = 6)
2023-06-19 20:31:04,381 [Time-limited test] INFO  reflections.Reflections (Reflections.java:scan(232)) - Reflections took 312 ms to scan 2 urls, producing 181 keys and 502 values [using 2 cores]
2023-06-19 20:31:04,382 [Time-limited test] INFO  upgrade.OMLayoutVersionManager (OMLayoutVersionManager.java:lambda$0(115)) - Skipping Upgrade Action MockOmUpgradeAction since it has been finalized.
2023-06-19 20:31:04,382 [Time-limited test] INFO  upgrade.OMLayoutVersionManager (OMLayoutVersionManager.java:lambda$0(115)) - Skipping Upgrade Action QuotaRepairUpgradeAction since it has been finalized.
2023-06-19 20:31:04,402 [pool-174-thread-1] INFO  request.KdcRequest (KdcRequest.java:preauth(651)) - The preauth data is empty.
2023-06-19 20:31:04,403 [pool-174-thread-1] INFO  server.KdcHandler (KdcHandler.java:handleRecoverableException(177)) - KRB error occurred while processing request:Additional pre-authentication required
2023-06-19 20:31:04,421 [pool-174-thread-2] INFO  request.AsRequest (AsRequest.java:issueTicket(112)) - AS_REQ ISSUE: authtime 1687206664419,om/fv-az616-238@EXAMPLE.COM for krbtgt/EXAMPLE.COM@EXAMPLE.COM
2023-06-19 20:31:04,425 [Time-limited test] INFO  security.UserGroupInformation (UserGroupInformation.java:loginUserFromKeytab(1132)) - Login successful for user om/fv-az616-238@EXAMPLE.COM using keytab file om.keytab. Keytab auto renewal enabled : false
2023-06-19 20:31:04,425 [Time-limited test] INFO  om.OzoneManager (OzoneManager.java:loginOMUser(1134)) - Ozone Manager login successful.
2023-06-19 20:31:04,425 [Time-limited test] WARN  server.ServerUtils (ServerUtils.java:getDBPath(311)) - ozone.om.db.dirs is not configured. We recommend adding this setting. Falling back to ozone.metadata.dirs instead.
2023-06-19 20:31:04,436 [Time-limited test] INFO  proxy.SCMBlockLocationFailoverProxyProvider (SCMBlockLocationFailoverProxyProvider.java:<init>(114)) - Created block location fail-over proxy with 1 nodes: [nodeId=scmNodeId,nodeAddress=localhost/127.0.0.1:9863]
2023-06-19 20:31:04,453 [Time-limited test] INFO  security.OMCertificateClient (DefaultCertificateClient.java:readCertificateFile(196)) - Added certificate   [0]         Version: 3
         SerialNumber: 5152200
             IssuerDN: CN=localhost,OU=test,O=cluster
           Start Date: Mon Jun 19 20:31:02 UTC 2023
           Final Date: Mon Jun 19 20:31:22 UTC 2023
            SubjectDN: CN=localhost,OU=test,O=cluster
           Public Key: RSA Public Key [ac:21:71:1c:4d:6c:68:d3:52:f2:28:0f:64:bc:53:db:9a:58:f5:37],[56:66:d1:a4]
        modulus: c78b235def7cc77cb10982e3cfab5e3f23cb737d0deee544d9d7698b52f2c9e505a43a9322087b48297cf823627c2093290208eb2339a80a259489bd95275bae6b91fbe105594fb2c8b3f9b966c4fc3e913ccde77487b29e49d2645a9c56458e181d636accf1de25257c72d1257848bb2a8a874fcd84419babbab1340e26563a8a0f5a8bac7d0b2abb6561af86a7f218e0cd4d9621c03df90289ac426e11e9f54660d50775d613c9725779770d73c3b78d80441fb5dfc676b013af0e9b1cafa6e422c340f2a9922d613fda1c883ea5e3c06e7bfbadf250a0365fea47aea120f3b5fa7a3d887ec29bb92dd0ea08bba573cbfdf3bdf87bc6d121cb78f9a2146ed3
public exponent: 10001

  Signature Algorithm: SHA256WITHRSA
            Signature: 80891857e811951a45acaeac892ee3230dbf6105
                       1e68cb8e39be1d8c1190e222c791b237e91a6f5d
                       34dcced0f1385b2b8f5584944d5eaa993ea4a626
                       2238813e38e4ede920901bfb2e8ea8420fceddf1
                       876c0be13f31d9506ff7e234e9702d4a848dbc95
                       ba2b4e52f12d052f487421bec39d9e8d7961bfaf
                       5c65cd2492b509a80f4f42ae77703677d46dc169
                       cbf8772e140a2e11bb289a7a34703931f033bfe8
                       9484036be12d35aca1cb16d3ae926b9ff41da3c5
                       358c8f4ac9af625c185a4bb8c6e6517e8e992c0c
                       3bb372e867427fde1a6bee16b9610e0a396f1fd8
                       d22cec23e9f3b7915f4ad8ddf50b032d8ee97602
                       b0d16e451d3c5af1821821f869ec40d3
 from file: /tmp/junit6213332989781743126/junit7805215434551084698/om-meta/om/certs/certificate.crt.
2023-06-19 20:31:04,459 [Time-limited test] INFO  security.OMCertificateClient (DefaultCertificateClient.java:startCertificateMonitor(1260)) - CertificateLifetimeMonitor for om is started with first delay 7546 ms and interval 3333 ms.
2023-06-19 20:31:04,460 [Time-limited test] INFO  om.OzoneManager (OzoneManager.java:getOmDetailsProto(4486)) - OzoneManager ports added:[name: "RPC"
value: 1202
]
2023-06-19 20:31:04,493 [Time-limited test] INFO  om.OzoneManager (OzoneManager.java:<init>(644)) - OM start with adminUsers: [om/fv-az616-238@EXAMPLE.COM, om]
2023-06-19 20:31:04,504 [Time-limited test] WARN  server.ServerUtils (ServerUtils.java:getDBPath(311)) - ozone.om.db.dirs is not configured. We recommend adding this setting. Falling back to ozone.metadata.dirs instead.
2023-06-19 20:31:04,506 [Time-limited test] INFO  helpers.OmKeyInfo (OmKeyInfo.java:getCodec(71)) - OmKeyInfo.getCodec ignorePipeline = true
2023-06-19 20:31:04,828 [Time-limited test] INFO  om.OzoneManager (OzoneManager.java:instantiateServices(773)) - S3 Multi-Tenancy is disabled
2023-06-19 20:31:04,829 [Time-limited test] INFO  security.OzoneSecretStore (OzoneSecretStore.java:loadState(69)) - Loaded 0 tokens
2023-06-19 20:31:04,829 [Time-limited test] INFO  security.OzoneDelegationTokenSecretManager (OzoneDelegationTokenSecretManager.java:loadTokenSecretState(530)) - Loading token state into token manager.
2023-06-19 20:31:04,840 [Time-limited test] INFO  om.OmSnapshotManager (OmSnapshotManager.java:<init>(170)) - Ozone filesystem snapshot feature is enabled.
2023-06-19 20:31:04,841 [Time-limited test] WARN  server.ServerUtils (ServerUtils.java:getDBPath(311)) - ozone.om.snapshot.diff.db.dir is not configured. We recommend adding this setting. Falling back to ozone.metadata.dirs instead.
2023-06-19 20:31:04,868 [Time-limited test] INFO  snapshot.SnapshotDiffManager (SnapshotDiffManager.java:closeExecutorService(1267)) - Shutting down executorService: 'SstDumpToolExecutor'
2023-06-19 20:31:04,876 [Time-limited test] INFO  om.OzoneManager (OzoneManager.java:addS3GVolumeToDB(4237)) - Created Volume s3v With Owner om required for S3Gateway operations.
2023-06-19 20:31:04,876 [Time-limited test] WARN  server.ServerUtils (ServerUtils.java:getDefaultRatisDirectory(323)) - Storage directory for Ratis is not configured. It is a good idea to map this to an SSD disk. Falling back to ozone.metadata.dirs
2023-06-19 20:31:04,877 [Time-limited test] WARN  utils.OzoneManagerRatisUtils (OzoneManagerRatisUtils.java:getOMRatisSnapshotDirectory(461)) - ozone.om.ratis.snapshot.dir is not configured. Falling back to ozone.metadata.dirs config
2023-06-19 20:31:04,878 [Time-limited test] WARN  server.ServerUtils (ServerUtils.java:getDefaultRatisDirectory(323)) - Storage directory for Ratis is not configured. It is a good idea to map this to an SSD disk. Falling back to ozone.metadata.dirs
2023-06-19 20:31:04,887 [Time-limited test] INFO  ratis.OzoneManagerRatisServer (OzoneManagerRatisServer.java:<init>(163)) - Instantiating OM Ratis server with groupID: omServiceIdDefault and peers: fv-az616-238:9872
2023-06-19 20:31:04,888 [Time-limited test] INFO  ratis.OzoneManagerStateMachine (OzoneManagerStateMachine.java:loadSnapshotInfoFromDB(670)) - LastAppliedIndex is set from TransactionInfo from OM DB as (t:0, i:~)
2023-06-19 20:31:04,892 [Time-limited test] INFO  server.RaftServer (ConfUtils.java:logGet(46)) - raft.rpc.type = GRPC (default)
2023-06-19 20:31:04,893 [Time-limited test] INFO  grpc.GrpcConfigKeys (ConfUtils.java:logFallback(53)) - raft.grpc.admin.host = null (fallback to raft.grpc.server.host)
2023-06-19 20:31:04,894 [Time-limited test] INFO  grpc.GrpcConfigKeys (ConfUtils.java:logFallback(53)) - raft.grpc.admin.port = 9872 (fallback to raft.grpc.server.port)
2023-06-19 20:31:04,896 [Time-limited test] INFO  grpc.GrpcConfigKeys (ConfUtils.java:logFallback(53)) - raft.grpc.client.host = null (fallback to raft.grpc.server.host)
2023-06-19 20:31:04,896 [Time-limited test] INFO  grpc.GrpcConfigKeys (ConfUtils.java:logFallback(53)) - raft.grpc.client.port = 9872 (fallback to raft.grpc.server.port)
2023-06-19 20:31:04,896 [Time-limited test] INFO  grpc.GrpcConfigKeys (ConfUtils.java:logGet(46)) - raft.grpc.server.host = null (default)
2023-06-19 20:31:04,897 [Time-limited test] INFO  grpc.GrpcConfigKeys (ConfUtils.java:logGet(46)) - raft.grpc.server.port = 9872 (custom)
2023-06-19 20:31:04,897 [Time-limited test] INFO  server.GrpcService (ConfUtils.java:logGet(46)) - raft.grpc.message.size.max = 33554432 (custom)
2023-06-19 20:31:04,904 [Time-limited test] INFO  server.RaftServerConfigKeys (ConfUtils.java:logGet(46)) - raft.server.log.appender.buffer.byte-limit = 33554432 (custom)
2023-06-19 20:31:04,904 [Time-limited test] INFO  server.GrpcService (ConfUtils.java:logGet(46)) - raft.grpc.flow.control.window = 1MB (=1048576) (default)
2023-06-19 20:31:04,905 [Time-limited test] INFO  server.RaftServerConfigKeys (ConfUtils.java:logGet(46)) - raft.server.rpc.request.timeout = 3000ms (default)
2023-06-19 20:31:04,905 [Time-limited test] INFO  grpc.GrpcConfigKeys (ConfUtils.java:logGet(46)) - raft.grpc.server.heartbeat.channel = true (default)
2023-06-19 20:31:04,905 [Time-limited test] INFO  grpc.GrpcConfigKeys (ConfUtils.java:logGet(46)) - raft.grpc.server.async.request.thread.pool.cached = true (default)
2023-06-19 20:31:04,905 [Time-limited test] INFO  grpc.GrpcConfigKeys (ConfUtils.java:logGet(46)) - raft.grpc.server.async.request.thread.pool.size = 32 (default)
2023-06-19 20:31:04,907 [Time-limited test] INFO  impl.DataStreamServerImpl (ConfUtils.java:logGet(46)) - raft.datastream.type = DISABLED (default)
2023-06-19 20:31:04,908 [Time-limited test] INFO  server.RaftServerConfigKeys (ConfUtils.java:logGet(46)) - raft.server.threadpool.proxy.cached = true (default)
2023-06-19 20:31:04,908 [Time-limited test] INFO  server.RaftServerConfigKeys (ConfUtils.java:logGet(46)) - raft.server.threadpool.proxy.size = 0 (default)
2023-06-19 20:31:04,908 [Time-limited test] INFO  server.RaftServerConfigKeys (ConfUtils.java:logGet(46)) - raft.server.rpc.slowness.timeout = 120s (custom)
2023-06-19 20:31:04,908 [Time-limited test] INFO  server.RaftServerConfigKeys (ConfUtils.java:logGet(46)) - raft.server.leaderelection.leader.step-down.wait-time = 10s (default)
2023-06-19 20:31:04,909 [Time-limited test] INFO  server.RaftServerConfigKeys (ConfUtils.java:logGet(46)) - raft.server.storage.dir = [/tmp/junit6213332989781743126/junit7805215434551084698/om-meta/ratis] (custom)
2023-06-19 20:31:04,927 [Time-limited test] INFO  server.RaftServer (RaftServerProxy.java:addNew(98)) - om1: addNew group-C5BA1605619E:[om1|rpc:fv-az616-238:9872|priority:0|startupRole:FOLLOWER] returns group-C5BA1605619E:java.util.concurrent.CompletableFuture@2885b29[Not completed]
2023-06-19 20:31:04,928 [om1-groupManagement] 2023-06-19 20:31:04,928INFO [Time-limited test  ] INFOserver.RaftServer$Division (  om.OzoneManager (RaftServerImpl.javaOzoneManager.java::<init>initializeRatisServer((1982106)) - )) - om1: new RaftServerImpl for group-C5BA1605619E:[om1|rpc:fv-az616-238:9872|priority:0|startupRole:FOLLOWER] with OzoneManagerStateMachine:uninitializedOzoneManager Ratis server initialized at port 9872

2023-06-19 20:31:04,928 [Time-limited test] INFO  om.OzoneManager (OzoneManager.java:initializeRatisServer(2106)) - OzoneManager Ratis server initialized at port 9872
2023-06-19 20:31:04,929 [om1-groupManagement] INFO  server.RaftServerConfigKeys (ConfUtils.java:logGet(46)) - raft.server.rpc.timeout.min = 5s (custom)
2023-06-19 20:31:04,929 [om1-groupManagement] INFO  server.RaftServerConfigKeys (OzoneManager.java:getRpcServer(1166)) - Creating RPC Server
ConfUtils.java:logGet(46)) - raft.server.rpc.timeout.max = 5200ms (custom)
2023-06-19 20:31:04,929 [Time-limited test] INFO  om.OzoneManager (OzoneManager.java:getRpcServer(1166)) - Creating RPC Server
2023-06-19 20:31:04,929 [om1-groupManagement] INFO  server.RaftServerConfigKeys (ConfUtils.java:logGet(46)) - raft.server.rpc.sleep.time = 25ms (default)
2023-06-19 20:31:04,929 [om1-groupManagement] INFO  server.RaftServerConfigKeys (ConfUtils.java:logGet(46)) - raft.server.rpc.slowness.timeout = 120s (custom)
2023-06-19 20:31:04,929 [om1-groupManagement] INFO  server.RaftServerConfigKeys (ConfUtils.java:logGet(46)) - raft.server.leaderelection.leader.step-down.wait-time = 10s (default)
2023-06-19 20:31:04,930 [om1-groupManagement] INFO  server.RaftServerConfigKeys (ConfUtils.java:logGet(46)) - raft.server.sleep.deviation.threshold = 300ms (default)
2023-06-19 20:31:04,930 [om1-groupManagement] INFO  server.RaftServer$Division (ServerState.java:<init>(120)) - om1@group-C5BA1605619E: ConfigurationManager, init=-1: peers:[om1|rpc:fv-az616-238:9872|priority:0|startupRole:FOLLOWER]|listeners:[], old=null, confs=<EMPTY_MAP>
2023-06-19 20:31:04,930 [om1-groupManagement] INFO  server.RaftServerConfigKeys (ConfUtils.java:logGet(46)) - raft.server.storage.dir = [/tmp/junit6213332989781743126/junit7805215434551084698/om-meta/ratis] (custom)
2023-06-19 20:31:04,930 [om1-groupManagement] INFO  server.RaftServerConfigKeys (ConfUtils.java:logGet(46)) - raft.server.log.corruption.policy = EXCEPTION (default)
2023-06-19 20:31:04,931 [om1-groupManagement] INFO  server.RaftServerConfigKeys (ConfUtils.java:logGet(46)) - raft.server.storage.free-space.min = 0MB (=0) (default)
2023-06-19 20:31:04,931 [om1-groupManagement] INFO  server.RaftServerConfigKeys (ConfUtils.java:logGet(46)) - raft.server.notification.no-leader.timeout = 120s (custom)
2023-06-19 20:31:04,931 [om1-groupManagement] INFO  server.RaftServerConfigKeys (ConfUtils.java:logGet(46)) - raft.server.read.timeout = 10s (default)
2023-06-19 20:31:04,931 [om1-groupManagement] INFO  server.RaftServerConfigKeys (ConfUtils.java:logGet(46)) - raft.server.retrycache.expirytime = 300s (custom)
2023-06-19 20:31:04,932 [om1-groupManagement] INFO  server.RaftServerConfigKeys (ConfUtils.java:logGet(46)) - raft.server.retrycache.statistics.expirytime = 100μs (default)
2023-06-19 20:31:04,932 [om1-groupManagement] INFO  server.RaftServerConfigKeys (ConfUtils.java:logGet(46)) - raft.server.read.option = DEFAULT (default)
2023-06-19 20:31:04,936 [om1-groupManagement] INFO  server.RaftServerConfigKeys (ConfUtils.java:logGet(46)) - raft.server.rpc.request.timeout = 3000ms (default)
2023-06-19 20:31:04,936 [om1-groupManagement] INFO  server.RaftServerConfigKeys (ConfUtils.java:logGet(46)) - raft.server.log.appender.install.snapshot.enabled = false (custom)
2023-06-19 20:31:04,936 [om1-groupManagement] INFO  server.RaftServerConfigKeys (ConfUtils.java:logGet(46)) - raft.server.threadpool.server.cached = true (default)
2023-06-19 20:31:04,937 [om1-groupManagement] INFO  server.RaftServerConfigKeys (ConfUtils.java:logGet(46)) - raft.server.threadpool.server.size = 0 (default)
2023-06-19 20:31:04,937 [om1-groupManagement] INFO  server.RaftServerConfigKeys (ConfUtils.java:logGet(46)) - raft.server.threadpool.client.cached = true (default)
2023-06-19 20:31:04,937 [om1-groupManagement] INFO  server.RaftServerConfigKeys (ConfUtils.java:logGet(46)) - raft.server.threadpool.client.size = 0 (default)
2023-06-19 20:31:06,077 [Time-limited test] INFO  reflections.Reflections (Reflections.java:scan(232)) - Reflections took 1145 ms to scan 19 urls, producing 69 keys and 5367 values [using 2 cores]
2023-06-19 20:31:06,095 [Time-limited test] INFO  ipc.CallQueueManager (CallQueueManager.java:<init>(90)) - Using callQueue: class java.util.concurrent.LinkedBlockingQueue, queueCapacity: 10000, scheduler: class org.apache.hadoop.ipc.DefaultRpcScheduler, ipcBackoff: false.
2023-06-19 20:31:06,103 [Socket Reader #1 for port 1202] INFO  ipc.Server (Server.java:run(1319)) - Starting Socket Reader #1 for port 1202
2023-06-19 20:31:06,112 [Listener at fv-az616-238/1202] INFO  hdds.HddsUtils (HddsUtils.java:preserveThreadName(848)) - Restoring thread name: Time-limited test
2023-06-19 20:31:12,002 [om-CertificateLifetimeMonitor] INFO  security.OMCertificateClient (DefaultCertificateClient.java:run(1290)) - Current certificate has entered the expiry grace period PT0S. Starting renew key and certs.
2023-06-19 20:31:12,862 [om-CertificateLifetimeMonitor] INFO  ozone.OzoneSecurityUtil (OzoneSecurityUtil.java:getValidInetsForCurrentHost(119)) - ip:fe80:0:0:0:20d:3aff:fe5b:c2ca%eth0 not returned.
2023-06-19 20:31:12,862 [om-CertificateLifetimeMonitor] INFO  ozone.OzoneSecurityUtil (OzoneSecurityUtil.java:getValidInetsForCurrentHost(116)) - Adding ip:10.1.0.14,host:fv-az616-238
2023-06-19 20:31:12,862 [om-CertificateLifetimeMonitor] INFO  ozone.OzoneSecurityUtil (OzoneSecurityUtil.java:getValidInetsForCurrentHost(119)) - ip:0:0:0:0:0:0:0:1%lo not returned.
2023-06-19 20:31:12,862 [om-CertificateLifetimeMonitor] INFO  ozone.OzoneSecurityUtil (OzoneSecurityUtil.java:getValidInetsForCurrentHost(119)) - ip:127.0.0.1 not returned.
2023-06-19 20:31:12,862 [om-CertificateLifetimeMonitor] ERROR utils.CertificateSignRequest (CertificateSignRequest.java:lambda$addInetAddresses$0(296)) - Invalid domain fv-az616-238
2023-06-19 20:31:12,863 [om-CertificateLifetimeMonitor] INFO  ha.OMHANodeDetails (OMHANodeDetails.java:loadOMHAConfig(115)) - ozone.om.internal.service.id is not defined, falling back to ozone.om.service.ids to find serviceID for OzoneManager if it is HA enabled cluster
2023-06-19 20:31:12,868 [om-CertificateLifetimeMonitor] INFO  ha.OMHANodeDetails (OMHANodeDetails.java:loadOMHAConfig(226)) - Configuration does not have ozone.om.address set. Falling back to the default OM address fv-az616-238/10.1.0.14:1202
2023-06-19 20:31:12,868 [om-CertificateLifetimeMonitor] INFO  ha.OMHANodeDetails (OMHANodeDetails.java:getOMNodeDetailsForNonHA(254)) - OM Service ID is not set. Setting it to the default ID: omServiceIdDefault
2023-06-19 20:31:12,868 [om-CertificateLifetimeMonitor] INFO  ha.OMHANodeDetails (OMHANodeDetails.java:getOMNodeDetailsForNonHA(261)) - OM Node ID is not set. Setting it to the default ID: om1
2023-06-19 20:31:12,869 [om-CertificateLifetimeMonitor] INFO  security.OMCertificateClient (OMCertificateClient.java:getCSRBuilder(117)) - Creating csr for OM->dns:fv-az616-238,ip:10.1.0.14,scmId:7e956849-3be4-4770-aa2f-54940bc0671f,clusterId:dc53567a-da69-4da7-bc99-7e5c131877c2,subject:fv-az616-238
2023-06-19 20:31:12,889 [om-CertificateLifetimeMonitor] INFO  security.OMCertificateClient (DefaultCertificateClient.java:renewAndStoreKeyAndCertificate(1122)) - Successful renew key and certificate. New certificate 5152290.
2023-06-19 20:31:12,895 [om-CertificateLifetimeMonitor] INFO  security.OMCertificateClient (DefaultCertificateClient.java:readCertificateFile(196)) - Added certificate   [0]         Version: 3
         SerialNumber: 5152290
             IssuerDN: CN=localhost,OU=test,O=cluster
           Start Date: Mon Jun 19 20:31:12 UTC 2023
           Final Date: Mon Jun 19 20:31:32 UTC 2023
            SubjectDN: CN=localhost,OU=test,O=cluster
           Public Key: RSA Public Key [79:57:09:e5:32:53:8c:1d:52:de:57:f1:a8:cc:6f:6c:3d:fd:3b:32],[56:66:d1:a4]
        modulus: 81b8fe9f75e1e4bb8e75498a8029b699b0d4e525c13db58e1e5e16102970f33e489ceb056f8726a2eaa84d5e284c16c4254c50b8cccb1ddc667302e5aa1e4b2c83c951439f72e59082a52993f34462d5395ddc6fccfc2d94080b987353dfd1421ad435d23ad80322a4caf6ebe397049d4df158139fc17ab73372db9f48d4547b
public exponent: 10001

  Signature Algorithm: SHA256WITHRSA
            Signature: 2cdc3b1c53f7f18d7b09e3768d593c78fd22b75e
                       822d35d885d3a9b26b85bbc7c97fc2b5015467da
                       de7176ee5ab180b70848d8a748fea52e202ee5b5
                       99cfb2b6eb9281653d764ad9fa494016092f303b
                       7914736df43b141c6b0bcfd1e12f2ffa62edece3
                       05b2170b89b8c5bf89c2a90a89b4d2df0ec0ad4d
                       7e1003a7bf8b2e9a
 from file: /tmp/junit6213332989781743126/junit7805215434551084698/om-meta/om/certs/5152290.crt.
2023-06-19 20:31:12,900 [om-CertificateLifetimeMonitor] INFO  security.OMCertificateClient (DefaultCertificateClient.java:readCertificateFile(196)) - Added certificate   [0]         Version: 3
         SerialNumber: 5152290
             IssuerDN: CN=localhost,OU=test,O=cluster
           Start Date: Mon Jun 19 20:31:12 UTC 2023
           Final Date: Mon Jun 19 20:31:32 UTC 2023
            SubjectDN: CN=localhost,OU=test,O=cluster
           Public Key: RSA Public Key [79:57:09:e5:32:53:8c:1d:52:de:57:f1:a8:cc:6f:6c:3d:fd:3b:32],[56:66:d1:a4]
        modulus: 81b8fe9f75e1e4bb8e75498a8029b699b0d4e525c13db58e1e5e16102970f33e489ceb056f8726a2eaa84d5e284c16c4254c50b8cccb1ddc667302e5aa1e4b2c83c951439f72e59082a52993f34462d5395ddc6fccfc2d94080b987353dfd1421ad435d23ad80322a4caf6ebe397049d4df158139fc17ab73372db9f48d4547b
public exponent: 10001

  Signature Algorithm: SHA256WITHRSA
            Signature: 2cdc3b1c53f7f18d7b09e3768d593c78fd22b75e
                       822d35d885d3a9b26b85bbc7c97fc2b5015467da
                       de7176ee5ab180b70848d8a748fea52e202ee5b5
                       99cfb2b6eb9281653d764ad9fa494016092f303b
                       7914736df43b141c6b0bcfd1e12f2ffa62edece3
                       05b2170b89b8c5bf89c2a90a89b4d2df0ec0ad4d
                       7e1003a7bf8b2e9a
 from file: /tmp/junit6213332989781743126/junit7805215434551084698/om-meta/om/certs/CA-5152290.crt.
2023-06-19 20:31:12,900 [om-CertificateLifetimeMonitor] INFO  security.OMCertificateClient (DefaultCertificateClient.java:reloadKeyAndCertificate(1193)) - Reset and reload key and all certificates.
2023-06-19 20:31:13,236 [Time-limited test] INFO  utils.SelfSignedCertificate (SelfSignedCertificate.java:generateCertificate(158)) - Certificate 5162748 is issued by CN=localhost,OU=test,O=cluster to CN=localhost,OU=test,O=cluster, valid from Mon Jun 19 20:31:13 UTC 2023 to Mon Jun 19 20:31:33 UTC 2023
2023-06-19 20:31:22,000 [om-CertificateLifetimeMonitor] INFO  security.OMCertificateClient (DefaultCertificateClient.java:run(1290)) - Current certificate has entered the expiry grace period PT0S. Starting renew key and certs.
2023-06-19 20:31:22,303 [om-CertificateLifetimeMonitor] INFO  ozone.OzoneSecurityUtil (OzoneSecurityUtil.java:getValidInetsForCurrentHost(119)) - ip:fe80:0:0:0:20d:3aff:fe5b:c2ca%eth0 not returned.
2023-06-19 20:31:22,304 [om-CertificateLifetimeMonitor] INFO  ozone.OzoneSecurityUtil (OzoneSecurityUtil.java:getValidInetsForCurrentHost(116)) - Adding ip:10.1.0.14,host:fv-az616-238
2023-06-19 20:31:22,309 [om-CertificateLifetimeMonitor] INFO  ozone.OzoneSecurityUtil (OzoneSecurityUtil.java:getValidInetsForCurrentHost(119)) - ip:0:0:0:0:0:0:0:1%lo not returned.
2023-06-19 20:31:22,309 [om-CertificateLifetimeMonitor] INFO  ozone.OzoneSecurityUtil (OzoneSecurityUtil.java:getValidInetsForCurrentHost(119)) - ip:127.0.0.1 not returned.
2023-06-19 20:31:22,309 [om-CertificateLifetimeMonitor] ERROR utils.CertificateSignRequest (CertificateSignRequest.java:lambda$addInetAddresses$0(296)) - Invalid domain fv-az616-238
2023-06-19 20:31:22,311 [om-CertificateLifetimeMonitor] INFO  ha.OMHANodeDetails (OMHANodeDetails.java:loadOMHAConfig(115)) - ozone.om.internal.service.id is not defined, falling back to ozone.om.service.ids to find serviceID for OzoneManager if it is HA enabled cluster
2023-06-19 20:31:22,311 [om-CertificateLifetimeMonitor] INFO  ha.OMHANodeDetails (OMHANodeDetails.java:loadOMHAConfig(226)) - Configuration does not have ozone.om.address set. Falling back to the default OM address fv-az616-238/10.1.0.14:1202
2023-06-19 20:31:22,311 [om-CertificateLifetimeMonitor] INFO  ha.OMHANodeDetails (OMHANodeDetails.java:getOMNodeDetailsForNonHA(254)) - OM Service ID is not set. Setting it to the default ID: omServiceIdDefault
2023-06-19 20:31:22,311 [om-CertificateLifetimeMonitor] INFO  ha.OMHANodeDetails (OMHANodeDetails.java:getOMNodeDetailsForNonHA(261)) - OM Node ID is not set. Setting it to the default ID: om1
2023-06-19 20:31:22,314 [om-CertificateLifetimeMonitor] INFO  security.OMCertificateClient (OMCertificateClient.java:getCSRBuilder(117)) - Creating csr for OM->dns:fv-az616-238,ip:10.1.0.14,scmId:7e956849-3be4-4770-aa2f-54940bc0671f,clusterId:dc53567a-da69-4da7-bc99-7e5c131877c2,subject:fv-az616-238
2023-06-19 20:31:22,319 [om-CertificateLifetimeMonitor] INFO  security.OMCertificateClient (DefaultCertificateClient.java:renewAndStoreKeyAndCertificate(1122)) - Successful renew key and certificate. New certificate 5162748.
2023-06-19 20:31:22,326 [om-CertificateLifetimeMonitor] INFO  security.OMCertificateClient (DefaultCertificateClient.java:readCertificateFile(196)) - Added certificate   [0]         Version: 3
         SerialNumber: 5162748
             IssuerDN: CN=localhost,OU=test,O=cluster
           Start Date: Mon Jun 19 20:31:13 UTC 2023
           Final Date: Mon Jun 19 20:31:33 UTC 2023
            SubjectDN: CN=localhost,OU=test,O=cluster
           Public Key: RSA Public Key [f7:0f:11:de:79:b7:f2:18:87:01:b8:6c:28:d0:67:c7:e0:93:70:53],[56:66:d1:a4]
        modulus: 9112a56a45f727c57c6add094c1740c15e7fb3dc24bf1a96f4d7c3e4baef1f508278e54721b118689cbe7678e209b039c028e120d0e629349da24a71f9f22459aabe7c09501cb91011b7837eb5202294a668d070f57a619ad1026466d3e5346f681283e6e5241a9dd67ec2f1f4bca195931e0848cdef81d5dc1f5ce51a8bef9f
public exponent: 10001

  Signature Algorithm: SHA256WITHRSA
            Signature: 7a4a71ab84c50226ae9e2b6d3c9caaec6b327fb9
                       33b2259c14c29d20d5cf4ce640c802467a11fa74
                       9a4b4b1ad82619b5b3a2fb421b0aa4b25fd6e07a
                       f13e3db6d0731c056ed1ed9c7fcea926cfe4d717
                       a1580dde6f79ac456acae7afb1906a0807166c51
                       59f8f0620615439e83ef6d0b640c6217c309f1e3
                       6c5483941c2d0ece
 from file: /tmp/junit6213332989781743126/junit7805215434551084698/om-meta/om/certs/5162748.crt.
2023-06-19 20:31:22,328 [om-CertificateLifetimeMonitor] INFO  security.OMCertificateClient (DefaultCertificateClient.java:readCertificateFile(196)) - Added certificate   [0]         Version: 3
         SerialNumber: 5162748
             IssuerDN: CN=localhost,OU=test,O=cluster
           Start Date: Mon Jun 19 20:31:13 UTC 2023
           Final Date: Mon Jun 19 20:31:33 UTC 2023
            SubjectDN: CN=localhost,OU=test,O=cluster
           Public Key: RSA Public Key [f7:0f:11:de:79:b7:f2:18:87:01:b8:6c:28:d0:67:c7:e0:93:70:53],[56:66:d1:a4]
        modulus: 9112a56a45f727c57c6add094c1740c15e7fb3dc24bf1a96f4d7c3e4baef1f508278e54721b118689cbe7678e209b039c028e120d0e629349da24a71f9f22459aabe7c09501cb91011b7837eb5202294a668d070f57a619ad1026466d3e5346f681283e6e5241a9dd67ec2f1f4bca195931e0848cdef81d5dc1f5ce51a8bef9f
public exponent: 10001

  Signature Algorithm: SHA256WITHRSA
            Signature: 7a4a71ab84c50226ae9e2b6d3c9caaec6b327fb9
                       33b2259c14c29d20d5cf4ce640c802467a11fa74
                       9a4b4b1ad82619b5b3a2fb421b0aa4b25fd6e07a
                       f13e3db6d0731c056ed1ed9c7fcea926cfe4d717
                       a1580dde6f79ac456acae7afb1906a0807166c51
                       59f8f0620615439e83ef6d0b640c6217c309f1e3
                       6c5483941c2d0ece
 from file: /tmp/junit6213332989781743126/junit7805215434551084698/om-meta/om/certs/CA-5162748.crt.
2023-06-19 20:31:22,328 [om-CertificateLifetimeMonitor] INFO  security.OMCertificateClient (DefaultCertificateClient.java:reloadKeyAndCertificate(1193)) - Reset and reload key and all certificates.
2023-06-19 20:31:23,249 [Time-limited test] INFO  impl.DefaultInternalKdcServerImpl (DefaultInternalKdcServerImpl.java:doStop(102)) - Default Internal kdc server stopped.
2023-06-19 20:31:24,250 [Time-limited test] INFO  minikdc.MiniKdc (MiniKdc.java:stop(359)) - MiniKdc stopped.
2023-06-19 20:31:24,250 [Time-limited test] INFO  om.OzoneManager (OzoneManager.java:stop(2165)) - om1[fv-az616-238:1202]: Stopping Ozone Manager
2023-06-19 20:31:24,250 [Time-limited test] INFO  ipc.Server (Server.java:stop(3501)) - Stopping server on 1202
2023-06-19 20:31:24,251 [Time-limited test] INFO  ratis.OzoneManagerStateMachine (OzoneManagerStateMachine.java:close(533)) - StateMachine has shutdown. Shutdown OzoneManager if not already shutdown.
2023-06-19 20:31:24,252 [Time-limited test] INFO  ratis.OzoneManagerDoubleBuffer (OzoneManagerDoubleBuffer.java:stopDaemon(551)) - Stopping OMDoubleBuffer flush thread
2023-06-19 20:31:24,252 [OMDoubleBufferFlushThread] INFO  ratis.OzoneManagerDoubleBuffer (OzoneManagerDoubleBuffer.java:canFlush(638)) - OMDoubleBuffer flush thread OMDoubleBufferFlushThread is interrupted and will exit.
2023-06-19 20:31:24,252 [Time-limited test] INFO  om.OzoneManager (OzoneManager.java:stopSecretManager(1037)) - Stopping secret key client.
2023-06-19 20:31:24,252 [Time-limited test] INFO  om.OzoneManager (OzoneManager.java:stopSecretManager(1042)) - Stopping OM delegation token secret manager.
2023-06-19 20:31:24,257 [Time-limited test] INFO  snapshot.SnapshotDiffManager (SnapshotDiffManager.java:closeExecutorService(1267)) - Shutting down executorService: 'SnapDiffExecutor'
2023-06-19 20:31:24,257 [Time-limited test] INFO  snapshot.SnapshotDiffManager (SnapshotDiffManager.java:closeExecutorService(1267)) - Shutting down executorService: 'SstDumpToolExecutor'
2023-06-19 20:31:24,257 [Time-limited test] INFO  utils.BackgroundService (BackgroundService.java:shutdown(141)) - Shutting down service SnapshotDiffCleanupService
]]></system-out>
  </testcase>
  <testcase name="testSecureOmInitSuccess" classname="org.apache.hadoop.ozone.TestSecureOzoneCluster" time="5.431">
    <system-out><![CDATA[2023-06-19 20:31:24,309 [Time-limited test] INFO  net.ServerSocketUtil (ServerSocketUtil.java:getPort(55)) - Using port 9860
2023-06-19 20:31:24,310 [Time-limited test] INFO  net.ServerSocketUtil (ServerSocketUtil.java:getPort(55)) - Using port 9861
2023-06-19 20:31:24,310 [Time-limited test] INFO  net.ServerSocketUtil (ServerSocketUtil.java:getPort(55)) - Using port 9863
2023-06-19 20:31:24,310 [Time-limited test] INFO  net.ServerSocketUtil (ServerSocketUtil.java:getPort(55)) - Using port 9961
2023-06-19 20:31:24,310 [Time-limited test] INFO  net.ServerSocketUtil (ServerSocketUtil.java:getPort(55)) - Using port 1200
2023-06-19 20:31:24,310 [Time-limited test] INFO  net.ServerSocketUtil (ServerSocketUtil.java:getPort(55)) - Using port 1201
2023-06-19 20:31:24,311 [Time-limited test] INFO  minikdc.MiniKdc (MiniKdc.java:<init>(225)) - Configuration:
2023-06-19 20:31:24,311 [Time-limited test] INFO  minikdc.MiniKdc (MiniKdc.java:<init>(226)) - ---------------------------------------------------------------
2023-06-19 20:31:24,312 [Time-limited test] INFO  minikdc.MiniKdc (MiniKdc.java:<init>(228)) -   debug: false
2023-06-19 20:31:24,312 [Time-limited test] INFO  minikdc.MiniKdc (MiniKdc.java:<init>(228)) -   transport: TCP
2023-06-19 20:31:24,312 [Time-limited test] INFO  minikdc.MiniKdc (MiniKdc.java:<init>(228)) -   max.ticket.lifetime: 86400000
2023-06-19 20:31:24,312 [Time-limited test] INFO  minikdc.MiniKdc (MiniKdc.java:<init>(228)) -   org.name: EXAMPLE
2023-06-19 20:31:24,312 [Time-limited test] INFO  minikdc.MiniKdc (MiniKdc.java:<init>(228)) -   kdc.port: 0
2023-06-19 20:31:24,312 [Time-limited test] INFO  minikdc.MiniKdc (MiniKdc.java:<init>(228)) -   org.domain: COM
2023-06-19 20:31:24,312 [Time-limited test] INFO  minikdc.MiniKdc (MiniKdc.java:<init>(228)) -   max.renewable.lifetime: 604800000
2023-06-19 20:31:24,314 [Time-limited test] INFO  minikdc.MiniKdc (MiniKdc.java:<init>(228)) -   instance: DefaultKrbServer
2023-06-19 20:31:24,314 [Time-limited test] INFO  minikdc.MiniKdc (MiniKdc.java:<init>(228)) -   kdc.bind.address: localhost
2023-06-19 20:31:24,314 [Time-limited test] INFO  minikdc.MiniKdc (MiniKdc.java:<init>(230)) - ---------------------------------------------------------------
2023-06-19 20:31:24,317 [Time-limited test] INFO  minikdc.MiniKdc (MiniKdc.java:start(285)) - MiniKdc started.
2023-06-19 20:31:24,400 [Time-limited test] WARN  server.ServerUtils (ServerUtils.java:getScmDbDir(155)) - ozone.scm.db.dirs is not configured. We recommend adding this setting. Falling back to ozone.metadata.dirs instead.
2023-06-19 20:31:24,402 [Time-limited test] INFO  ha.HASecurityUtils (HASecurityUtils.java:initializeSecurity(93)) - Initializing secure StorageContainerManager.
2023-06-19 20:31:24,404 [Time-limited test] WARN  client.SCMCertificateClient (DefaultCertificateClient.java:loadAllCertificates(161)) - Certificates could not be loaded.
java.nio.file.NoSuchFileException: /tmp/junit5472904371138093782/junit3445861118651803169/scm-meta/scm/sub-ca/certs
	at sun.nio.fs.UnixException.translateToIOException(UnixException.java:86)
	at sun.nio.fs.UnixException.rethrowAsIOException(UnixException.java:102)
	at sun.nio.fs.UnixException.rethrowAsIOException(UnixException.java:107)
	at sun.nio.fs.UnixFileSystemProvider.newDirectoryStream(UnixFileSystemProvider.java:427)
	at java.nio.file.Files.newDirectoryStream(Files.java:457)
	at java.nio.file.Files.list(Files.java:3451)
	at org.apache.hadoop.hdds.security.x509.certificate.client.DefaultCertificateClient.loadAllCertificates(DefaultCertificateClient.java:156)
	at org.apache.hadoop.hdds.security.x509.certificate.client.DefaultCertificateClient.updateCertSerialId(DefaultCertificateClient.java:1206)
	at org.apache.hadoop.hdds.security.x509.certificate.client.DefaultCertificateClient.<init>(DefaultCertificateClient.java:148)
	at org.apache.hadoop.hdds.security.x509.certificate.client.SCMCertificateClient.<init>(SCMCertificateClient.java:54)
	at org.apache.hadoop.hdds.scm.ha.HASecurityUtils.initializeSecurity(HASecurityUtils.java:97)
	at org.apache.hadoop.ozone.TestSecureOzoneCluster.initSCM(TestSecureOzoneCluster.java:431)
	at org.apache.hadoop.ozone.TestSecureOzoneCluster.testSecureOmInitSuccess(TestSecureOzoneCluster.java:835)
	at sun.reflect.NativeMethodAccessorImpl.invoke0(Native Method)
	at sun.reflect.NativeMethodAccessorImpl.invoke(NativeMethodAccessorImpl.java:62)
	at sun.reflect.DelegatingMethodAccessorImpl.invoke(DelegatingMethodAccessorImpl.java:43)
	at java.lang.reflect.Method.invoke(Method.java:498)
	at org.junit.runners.model.FrameworkMethod$1.runReflectiveCall(FrameworkMethod.java:59)
	at org.junit.internal.runners.model.ReflectiveCallable.run(ReflectiveCallable.java:12)
	at org.junit.runners.model.FrameworkMethod.invokeExplosively(FrameworkMethod.java:56)
	at org.junit.internal.runners.statements.InvokeMethod.evaluate(InvokeMethod.java:17)
	at org.junit.internal.runners.statements.RunBefores.evaluate(RunBefores.java:26)
	at org.junit.internal.runners.statements.RunAfters.evaluate(RunAfters.java:27)
	at org.junit.rules.ExternalResource$1.evaluate(ExternalResource.java:54)
	at org.junit.internal.runners.statements.FailOnTimeout$CallableStatement.call(FailOnTimeout.java:288)
	at org.junit.internal.runners.statements.FailOnTimeout$CallableStatement.call(FailOnTimeout.java:282)
	at java.util.concurrent.FutureTask.run(FutureTask.java:266)
	at java.lang.Thread.run(Thread.java:750)
2023-06-19 20:31:24,405 [Time-limited test] WARN  client.SCMCertificateClient (DefaultCertificateClient.java:loadAllCertificates(161)) - Certificates could not be loaded.
java.nio.file.NoSuchFileException: /tmp/junit5472904371138093782/junit3445861118651803169/scm-meta/scm/sub-ca/certs
	at sun.nio.fs.UnixException.translateToIOException(UnixException.java:86)
	at sun.nio.fs.UnixException.rethrowAsIOException(UnixException.java:102)
	at sun.nio.fs.UnixException.rethrowAsIOException(UnixException.java:107)
	at sun.nio.fs.UnixFileSystemProvider.newDirectoryStream(UnixFileSystemProvider.java:427)
	at java.nio.file.Files.newDirectoryStream(Files.java:457)
	at java.nio.file.Files.list(Files.java:3451)
	at org.apache.hadoop.hdds.security.x509.certificate.client.DefaultCertificateClient.loadAllCertificates(DefaultCertificateClient.java:156)
	at org.apache.hadoop.hdds.security.x509.certificate.client.DefaultCertificateClient.getCertPath(DefaultCertificateClient.java:324)
	at org.apache.hadoop.hdds.security.x509.certificate.client.DefaultCertificateClient.getCertificate(DefaultCertificateClient.java:300)
	at org.apache.hadoop.hdds.security.x509.certificate.client.DefaultCertificateClient.init(DefaultCertificateClient.java:669)
	at org.apache.hadoop.hdds.scm.ha.HASecurityUtils.initializeSecurity(HASecurityUtils.java:98)
	at org.apache.hadoop.ozone.TestSecureOzoneCluster.initSCM(TestSecureOzoneCluster.java:431)
	at org.apache.hadoop.ozone.TestSecureOzoneCluster.testSecureOmInitSuccess(TestSecureOzoneCluster.java:835)
	at sun.reflect.NativeMethodAccessorImpl.invoke0(Native Method)
	at sun.reflect.NativeMethodAccessorImpl.invoke(NativeMethodAccessorImpl.java:62)
	at sun.reflect.DelegatingMethodAccessorImpl.invoke(DelegatingMethodAccessorImpl.java:43)
	at java.lang.reflect.Method.invoke(Method.java:498)
	at org.junit.runners.model.FrameworkMethod$1.runReflectiveCall(FrameworkMethod.java:59)
	at org.junit.internal.runners.model.ReflectiveCallable.run(ReflectiveCallable.java:12)
	at org.junit.runners.model.FrameworkMethod.invokeExplosively(FrameworkMethod.java:56)
	at org.junit.internal.runners.statements.InvokeMethod.evaluate(InvokeMethod.java:17)
	at org.junit.internal.runners.statements.RunBefores.evaluate(RunBefores.java:26)
	at org.junit.internal.runners.statements.RunAfters.evaluate(RunAfters.java:27)
	at org.junit.rules.ExternalResource$1.evaluate(ExternalResource.java:54)
	at org.junit.internal.runners.statements.FailOnTimeout$CallableStatement.call(FailOnTimeout.java:288)
	at org.junit.internal.runners.statements.FailOnTimeout$CallableStatement.call(FailOnTimeout.java:282)
	at java.util.concurrent.FutureTask.run(FutureTask.java:266)
	at java.lang.Thread.run(Thread.java:750)
2023-06-19 20:31:24,408 [Time-limited test] INFO  client.SCMCertificateClient (DefaultCertificateClient.java:init(692)) - Certificate client init case: 0
2023-06-19 20:31:24,409 [Time-limited test] INFO  client.SCMCertificateClient (SCMCertificateClient.java:handleCase(68)) - Creating keypair for client as keypair and certificate not found.
2023-06-19 20:31:24,806 [Time-limited test] INFO  ha.HASecurityUtils (HASecurityUtils.java:initializeSecurity(99)) - Init response: GETCERT
2023-06-19 20:31:25,390 [Time-limited test] INFO  ozone.OzoneSecurityUtil (OzoneSecurityUtil.java:getValidInetsForCurrentHost(119)) - ip:fe80:0:0:0:20d:3aff:fe5b:c2ca%eth0 not returned.
2023-06-19 20:31:25,391 [Time-limited test] INFO  ozone.OzoneSecurityUtil (OzoneSecurityUtil.java:getValidInetsForCurrentHost(116)) - Adding ip:10.1.0.14,host:fv-az616-238
2023-06-19 20:31:25,391 [Time-limited test] INFO  ozone.OzoneSecurityUtil (OzoneSecurityUtil.java:getValidInetsForCurrentHost(119)) - ip:0:0:0:0:0:0:0:1%lo not returned.
2023-06-19 20:31:25,391 [Time-limited test] INFO  ozone.OzoneSecurityUtil (OzoneSecurityUtil.java:getValidInetsForCurrentHost(119)) - ip:127.0.0.1 not returned.
2023-06-19 20:31:25,391 [Time-limited test] ERROR utils.SelfSignedCertificate (SelfSignedCertificate.java:lambda$addInetAddresses$0(245)) - Invalid domain fv-az616-238
2023-06-19 20:31:25,396 [Time-limited test] INFO  utils.SelfSignedCertificate (SelfSignedCertificate.java:generateCertificate(158)) - Certificate 1 is issued by CN=scm@fv-az616-238,OU=ed4f1766-1b8a-40d3-95cb-923886c4c11b,O=e81689cf-fc11-4bbd-b013-8a7799ecd909 to CN=scm@fv-az616-238,OU=ed4f1766-1b8a-40d3-95cb-923886c4c11b,O=e81689cf-fc11-4bbd-b013-8a7799ecd909, valid from Mon Jun 19 20:31:25 UTC 2023 to Thu Jul 27 20:31:25 UTC 2028
2023-06-19 20:31:25,399 [Time-limited test] INFO  ozone.OzoneSecurityUtil (OzoneSecurityUtil.java:getValidInetsForCurrentHost(119)) - ip:fe80:0:0:0:20d:3aff:fe5b:c2ca%eth0 not returned.
2023-06-19 20:31:25,399 [Time-limited test] INFO  ozone.OzoneSecurityUtil (OzoneSecurityUtil.java:getValidInetsForCurrentHost(116)) - Adding ip:10.1.0.14,host:fv-az616-238
2023-06-19 20:31:25,399 [Time-limited test] INFO  ozone.OzoneSecurityUtil (OzoneSecurityUtil.java:getValidInetsForCurrentHost(119)) - ip:0:0:0:0:0:0:0:1%lo not returned.
2023-06-19 20:31:25,399 [Time-limited test] INFO  ozone.OzoneSecurityUtil (OzoneSecurityUtil.java:getValidInetsForCurrentHost(119)) - ip:127.0.0.1 not returned.
2023-06-19 20:31:25,399 [Time-limited test] ERROR utils.CertificateSignRequest (CertificateSignRequest.java:lambda$addInetAddresses$0(296)) - Invalid domain fv-az616-238
2023-06-19 20:31:25,408 [Time-limited test] INFO  ha.HASecurityUtils (HASecurityUtils.java:generateCSR(280)) - Creating csr for SCM->hostName:fv-az616-238,scmId:ed4f1766-1b8a-40d3-95cb-923886c4c11b,clusterId:e81689cf-fc11-4bbd-b013-8a7799ecd909,subject:scm-sub@fv-az616-238
2023-06-19 20:31:25,420 [Time-limited test] INFO  ha.HASecurityUtils (HASecurityUtils.java:initializeSecurity(112)) - Successfully stored SCM signed certificate.
2023-06-19 20:31:25,422 [Time-limited test] WARN  server.ServerUtils (ServerUtils.java:getScmDbDir(155)) - ozone.scm.db.dirs is not configured. We recommend adding this setting. Falling back to ozone.metadata.dirs instead.
2023-06-19 20:31:25,423 [Time-limited test] INFO  ha.SCMHANodeDetails (SCMHANodeDetails.java:loadSCMHAConfig(210)) - ServiceID for StorageContainerManager is null
2023-06-19 20:31:25,423 [Time-limited test] INFO  ha.SCMHANodeDetails (SCMHANodeDetails.java:loadSCMHAConfig(215)) - ozone.scm.default.service.id is not defined, falling back to ozone.scm.service.ids to find serviceID for StorageContainerManager if it is HA enabled cluster
2023-06-19 20:31:25,430 [Time-limited test] INFO  client.SCMCertificateClient (DefaultCertificateClient.java:readCertificateFile(196)) - Added certificate   [0]         Version: 3
         SerialNumber: 5174928005894
             IssuerDN: CN=scm@fv-az616-238,OU=ed4f1766-1b8a-40d3-95cb-923886c4c11b,O=e81689cf-fc11-4bbd-b013-8a7799ecd909
           Start Date: Mon Jun 19 20:31:25 UTC 2023
           Final Date: Thu Jul 27 20:31:25 UTC 2028
            SubjectDN: CN=scm-sub@fv-az616-238,OU=ed4f1766-1b8a-40d3-95cb-923886c4c11b,O=e81689cf-fc11-4bbd-b013-8a7799ecd909
           Public Key: RSA Public Key [69:6c:49:9d:df:4d:f8:b9:fe:e1:4a:18:c5:62:d0:2d:81:33:0c:80],[56:66:d1:a4]
        modulus: 936838ed4dd2e0d51106d8cb00d2feb3fae970cad2270b980ed283f03521351858b10c5ab6afa46a91cf3b69ad05659f027e5a4099a22d7e564c89fc65445948a48b072adaa2d1a84589140da8835677fb5f11a1330cd6858e84a9a31f479f7a12604d8d1eb15c8ffe6047f7d50abb04b74ec2e4368c48be367bbf35453fdfa6be998ec3541b075f38dc92a2ba8945c543426808845e3036220398600d71b305c1d36e6d164b5120886845dfe97142b77301f53e11f2b04a6bae7617a1cbcd22f38d886cc6af83707d11e2e251502574a96e38056ae52e1a20b490e670808c45d99414bda74dce9fe4d5f8d4bf6883b9e08ce468c9072dd5cb7298cc465c39ad
public exponent: 10001

  Signature Algorithm: SHA256WITHRSA
            Signature: ea3d1895d9905f37d14d02ce1d2b5bfac15c63c0
                       998fd54707aa92355affdc977eda52864766c749
                       0a2a2a7faa9ee0d074dd460502a40e5a125a5d38
                       424fcfe51437f50bd1554ff41d9b9ef335e77771
                       103fc8ada73274c206bca43ca2a1651dc6313fbe
                       31b13eb0b81321ee2d59bfc8fc71c302484bceee
                       217c51fba2f0b9a70184c35f0da6275dfee7e45a
                       fb555ffb4de285d80deaee6bd5758c084a0199e4
                       ed9ced7bfd4cbe452070f1b17dbb0f5b1da49cc4
                       de57d733d222dead9187ad405efa66d00a5731b7
                       95374245fdc2aa53642174899684646ac488c23f
                       9df857431fb1bce97c96fb9f6cf7bf398d4e765f
                       356f68de4490828bd8215935b5b60e1e
       Extensions: 
                       critical(false) 2.5.29.17 value = Sequence
    Tagged [7] IMPLICIT 
        DER Octet String[4] 

                       critical(true) BasicConstraints: isCa(true)
                       critical(true) KeyUsage: 0xbe
 from file: /tmp/junit5472904371138093782/junit3445861118651803169/scm-meta/scm/sub-ca/certs/certificate.crt.
2023-06-19 20:31:25,433 [Time-limited test] INFO  client.SCMCertificateClient (DefaultCertificateClient.java:readCertificateFile(196)) - Added certificate   [0]         Version: 3
         SerialNumber: 5174928005894
             IssuerDN: CN=scm@fv-az616-238,OU=ed4f1766-1b8a-40d3-95cb-923886c4c11b,O=e81689cf-fc11-4bbd-b013-8a7799ecd909
           Start Date: Mon Jun 19 20:31:25 UTC 2023
           Final Date: Thu Jul 27 20:31:25 UTC 2028
            SubjectDN: CN=scm-sub@fv-az616-238,OU=ed4f1766-1b8a-40d3-95cb-923886c4c11b,O=e81689cf-fc11-4bbd-b013-8a7799ecd909
           Public Key: RSA Public Key [69:6c:49:9d:df:4d:f8:b9:fe:e1:4a:18:c5:62:d0:2d:81:33:0c:80],[56:66:d1:a4]
        modulus: 936838ed4dd2e0d51106d8cb00d2feb3fae970cad2270b980ed283f03521351858b10c5ab6afa46a91cf3b69ad05659f027e5a4099a22d7e564c89fc65445948a48b072adaa2d1a84589140da8835677fb5f11a1330cd6858e84a9a31f479f7a12604d8d1eb15c8ffe6047f7d50abb04b74ec2e4368c48be367bbf35453fdfa6be998ec3541b075f38dc92a2ba8945c543426808845e3036220398600d71b305c1d36e6d164b5120886845dfe97142b77301f53e11f2b04a6bae7617a1cbcd22f38d886cc6af83707d11e2e251502574a96e38056ae52e1a20b490e670808c45d99414bda74dce9fe4d5f8d4bf6883b9e08ce468c9072dd5cb7298cc465c39ad
public exponent: 10001

  Signature Algorithm: SHA256WITHRSA
            Signature: ea3d1895d9905f37d14d02ce1d2b5bfac15c63c0
                       998fd54707aa92355affdc977eda52864766c749
                       0a2a2a7faa9ee0d074dd460502a40e5a125a5d38
                       424fcfe51437f50bd1554ff41d9b9ef335e77771
                       103fc8ada73274c206bca43ca2a1651dc6313fbe
                       31b13eb0b81321ee2d59bfc8fc71c302484bceee
                       217c51fba2f0b9a70184c35f0da6275dfee7e45a
                       fb555ffb4de285d80deaee6bd5758c084a0199e4
                       ed9ced7bfd4cbe452070f1b17dbb0f5b1da49cc4
                       de57d733d222dead9187ad405efa66d00a5731b7
                       95374245fdc2aa53642174899684646ac488c23f
                       9df857431fb1bce97c96fb9f6cf7bf398d4e765f
                       356f68de4490828bd8215935b5b60e1e
       Extensions: 
                       critical(false) 2.5.29.17 value = Sequence
    Tagged [7] IMPLICIT 
        DER Octet String[4] 

                       critical(true) BasicConstraints: isCa(true)
                       critical(true) KeyUsage: 0xbe
 from file: /tmp/junit5472904371138093782/junit3445861118651803169/scm-meta/scm/sub-ca/certs/5174928005894.crt.
2023-06-19 20:31:25,434 [Time-limited test] INFO  client.SCMCertificateClient (DefaultCertificateClient.java:readCertificateFile(196)) - Added certificate   [0]         Version: 3
         SerialNumber: 1
             IssuerDN: CN=scm@fv-az616-238,OU=ed4f1766-1b8a-40d3-95cb-923886c4c11b,O=e81689cf-fc11-4bbd-b013-8a7799ecd909
           Start Date: Mon Jun 19 20:31:25 UTC 2023
           Final Date: Thu Jul 27 20:31:25 UTC 2028
            SubjectDN: CN=scm@fv-az616-238,OU=ed4f1766-1b8a-40d3-95cb-923886c4c11b,O=e81689cf-fc11-4bbd-b013-8a7799ecd909
           Public Key: RSA Public Key [b5:76:1d:3b:bc:f7:7a:f6:e0:7a:0d:b5:2e:8f:0a:54:e9:93:6e:84],[56:66:d1:a4]
        modulus: effc6c08bee549bfb920459d3b515cabdfede0800c4dbd3fc929d24555ecdbb72a20c93b5d3cdbf912e1a4a88dcc81a901946b01066b320eb9e6eb1dab870fd41a79c828c695033e70bfbdbea41902dac70ed095b4d70eacfc3a9b6305e4336e4691d28119a6485176d4abc5863f65ed594506b09e316b96e1f1ef0c73395f026efb79afb75f9e27379713cebfef7271b26b5d078a811d3d1884f708cb4a17f7e6765970581579f67a35c84228ec34843324a4e8283a5dd6eb405245bc2541f8d2b336c728a0d3473d2ba1e0cd13adab877287b7b920d2fcba0d17c19973548ecc6f4e1b1f7367e9cbf9899fa984b5f0b26a2e22bd7c18603c6ac3351ff9db23
public exponent: 10001

  Signature Algorithm: SHA256WITHRSA
            Signature: c6437c3c42433bc80c6dfe344d5894edfcaf3cd4
                       a52acca2fbbec3872ebb638ded12ebaa6d7ca8cb
                       bf71f8ffad2339659639d3f36c81791099908b11
                       f73963ad165c32f6fafd33f9e091cbbe17282f58
                       36949376695f8647fafa5d524a8c441aa935ff09
                       71284d1416e49304dde17ea803042dd69c54e8d7
                       f717da5e944ed96614e99bb0030758394946d1a9
                       55871859dbc57b2313331f93e9c2f4ba641529cf
                       06dce12371bc566876caa18d2d4640252b22bca9
                       75579f83b3d50aedaa3ba00b3622a5476fffafab
                       96cfc53c445c59ec95ac52edcafe2476c415fedf
                       afbcc499f453d7301286b7c671ec08d5ab75c66c
                       8deb3c1fb0d5594842496a7be48b132b
       Extensions: 
                       critical(true) BasicConstraints: isCa(true)
                       critical(true) KeyUsage: 0x6
                       critical(false) 2.5.29.17 value = Sequence
    Tagged [7] IMPLICIT 
        DER Octet String[4] 

 from file: /tmp/junit5472904371138093782/junit3445861118651803169/scm-meta/scm/sub-ca/certs/CA-1.crt.
2023-06-19 20:31:25,435 [Time-limited test] INFO  client.SCMCertificateClient (DefaultCertificateClient.java:startCertificateMonitor(1260)) - CertificateLifetimeMonitor for scm/sub-ca is started with first delay 161135989565 ms and interval 3333 ms.
2023-06-19 20:31:25,449 [pool-206-thread-1] INFO  request.KdcRequest (KdcRequest.java:preauth(651)) - The preauth data is empty.
2023-06-19 20:31:25,451 [pool-206-thread-1] INFO  server.KdcHandler (KdcHandler.java:handleRecoverableException(177)) - KRB error occurred while processing request:Additional pre-authentication required
2023-06-19 20:31:25,457 [pool-206-thread-1] INFO  request.AsRequest (AsRequest.java:issueTicket(112)) - AS_REQ ISSUE: authtime 1687206685457,scm/fv-az616-238@EXAMPLE.COM for krbtgt/EXAMPLE.COM@EXAMPLE.COM
2023-06-19 20:31:25,460 [Time-limited test] INFO  security.UserGroupInformation (UserGroupInformation.java:loginUserFromKeytab(1132)) - Login successful for user scm/fv-az616-238@EXAMPLE.COM using keytab file scm.keytab. Keytab auto renewal enabled : false
2023-06-19 20:31:25,460 [Time-limited test] INFO  server.StorageContainerManager (StorageContainerManager.java:loginAsSCMUserIfSecurityEnabled(1042)) - SCM login successful.
2023-06-19 20:31:25,460 [Time-limited test] WARN  utils.HAUtils (HAUtils.java:getMetaDir(339)) - ozone.scm.db.dirs is not configured. We recommend adding this setting. Falling back to ozone.metadata.dirs instead.
2023-06-19 20:31:25,460 [Time-limited test] WARN  db.DBStoreBuilder (DBStoreBuilder.java:applyDBDefinition(165)) - ozone.scm.db.dirs is not configured. We recommend adding this setting. Falling back to ozone.metadata.dirs instead.
2023-06-19 20:31:25,611 [Time-limited test] INFO  net.NodeSchemaLoader (NodeSchemaLoader.java:loadSchemaFromFile(129)) - Loading schema from [jar:file:/home/runner/.m2/repository/org/apache/ozone/hdds-common/1.4.0-SNAPSHOT/hdds-common-1.4.0-SNAPSHOT.jar!/network-topology-default.xml]
2023-06-19 20:31:25,612 [Time-limited test] INFO  net.NodeSchemaLoader (NodeSchemaLoader.java:loadSchema(176)) - Loading network topology layer schema file
2023-06-19 20:31:25,616 [Time-limited test] INFO  upgrade.AbstractLayoutVersionManager (AbstractLayoutVersionManager.java:init(83)) - Initializing Layout version manager with metadata layout = HADOOP_PRC_PORTS_IN_DATANODEDETAILS (version = 7), software layout = HADOOP_PRC_PORTS_IN_DATANODEDETAILS (version = 7)
2023-06-19 20:31:25,620 [Time-limited test] INFO  ha.SequenceIdGenerator (SequenceIdGenerator.java:upgradeToSequenceId(349)) - upgrade localId to 111677748019200000
2023-06-19 20:31:25,622 [Time-limited test] INFO  ha.SequenceIdGenerator (SequenceIdGenerator.java:upgradeToSequenceId(359)) - upgrade delTxnId to 0
2023-06-19 20:31:25,623 [Time-limited test] INFO  ha.SequenceIdGenerator (SequenceIdGenerator.java:upgradeToSequenceId(376)) - upgrade containerId to 0
2023-06-19 20:31:25,623 [Time-limited test] INFO  ha.SequenceIdGenerator (SequenceIdGenerator.java:<init>(220)) - Init the HA SequenceIdGenerator.
2023-06-19 20:31:25,623 [Time-limited test] INFO  node.SCMNodeManager (SCMNodeManager.java:<init>(158)) - Entering startup safe mode.
2023-06-19 20:31:25,626 [Time-limited test] INFO  algorithms.ContainerPlacementPolicyFactory (ContainerPlacementPolicyFactory.java:getPolicyInternal(86)) - Create container placement policy of type org.apache.hadoop.hdds.scm.container.placement.algorithms.SCMContainerPlacementRackAware
2023-06-19 20:31:25,626 [Time-limited test] INFO  algorithms.ContainerPlacementPolicyFactory (ContainerPlacementPolicyFactory.java:getPolicyInternal(86)) - Create container placement policy of type org.apache.hadoop.hdds.scm.container.placement.algorithms.SCMContainerPlacementRackScatter
2023-06-19 20:31:25,627 [Time-limited test] INFO  pipeline.PipelineStateManagerImpl (PipelineStateManagerImpl.java:initialize(78)) - No pipeline exists in current db
2023-06-19 20:31:25,627 [Time-limited test] INFO  algorithms.LeaderChoosePolicyFactory (LeaderChoosePolicyFactory.java:getPolicy(57)) - Create leader choose policy of type org.apache.hadoop.hdds.scm.pipeline.leader.choose.algorithms.MinLeaderCountChoosePolicy
2023-06-19 20:31:25,627 [Time-limited test] INFO  algorithms.ContainerPlacementPolicyFactory (ContainerPlacementPolicyFactory.java:getPolicyInternal(86)) - Create container placement policy of type org.apache.hadoop.hdds.scm.container.placement.algorithms.SCMContainerPlacementRackScatter
2023-06-19 20:31:25,628 [Time-limited test] INFO  ha.SCMServiceManager (SCMServiceManager.java:register(42)) - Registering service BackgroundPipelineCreator.
2023-06-19 20:31:25,628 [Time-limited test] INFO  pipeline.BackgroundPipelineCreator (BackgroundPipelineCreator.java:start(124)) - Starting RatisPipelineUtilsThread.
2023-06-19 20:31:25,629 [Time-limited test] INFO  BackgroundPipelineScrubber (BackgroundSCMService.java:start(68)) - Starting BackgroundPipelineScrubber Service.
2023-06-19 20:31:25,629 [Time-limited test] INFO  ha.SCMServiceManager (SCMServiceManager.java:register(42)) - Registering service BackgroundPipelineScrubber.
2023-06-19 20:31:25,629 [Time-limited test] INFO  ExpiredContainerReplicaOpScrubber (BackgroundSCMService.java:start(68)) - Starting ExpiredContainerReplicaOpScrubber Service.
2023-06-19 20:31:25,630 [Time-limited test] INFO  ha.SCMServiceManager (SCMServiceManager.java:register(42)) - Registering service ExpiredContainerReplicaOpScrubber.
2023-06-19 20:31:25,633 [Time-limited test] INFO  algorithms.PipelineChoosePolicyFactory (PipelineChoosePolicyFactory.java:createPipelineChoosePolicyFromClass(73)) - Create pipeline choose policy of type org.apache.hadoop.hdds.scm.pipeline.choose.algorithms.RandomPipelineChoosePolicy
2023-06-19 20:31:25,635 [Time-limited test] INFO  ha.SCMServiceManager (SCMServiceManager.java:register(42)) - Registering service SCMBlockDeletingService.
2023-06-19 20:31:25,638 [Time-limited test] INFO  replication.ReplicationManager (ReplicationManager.java:start(286)) - Starting Replication Monitor Thread.
2023-06-19 20:31:25,647 [Time-limited test] INFO  ha.SCMServiceManager (SCMServiceManager.java:register(42)) - Registering service ReplicationManager.
2023-06-19 20:31:25,649 [ReplicationMonitor] INFO  replication.ReplicationManager (ReplicationManager.java:processAll(361)) - Replication Manager is not ready to run until 300000ms after safemode exit
2023-06-19 20:31:25,649 [Time-limited test] INFO  safemode.ContainerSafeModeRule (ContainerSafeModeRule.java:<init>(89)) - containers with one replica threshold count 0
2023-06-19 20:31:25,650 [Time-limited test] INFO  safemode.HealthyPipelineSafeModeRule (HealthyPipelineSafeModeRule.java:initializeRule(169)) - Total pipeline count is 0, healthy pipeline threshold count is 0
2023-06-19 20:31:25,650 [Time-limited test] INFO  safemode.OneReplicaPipelineSafeModeRule (OneReplicaPipelineSafeModeRule.java:initializeRule(180)) - Total pipeline count is 0, pipeline's with at least one datanode reported threshold count is 0
2023-06-19 20:31:25,652 [Time-limited test] INFO  authority.DefaultCAServer (DefaultCAServer.java:lambda$processVerificationStatus$0(465)) - CertificateServer validation is successful
2023-06-19 20:31:25,653 [Time-limited test] INFO  authority.DefaultCAServer (DefaultCAServer.java:lambda$processVerificationStatus$0(465)) - CertificateServer validation is successful
2023-06-19 20:31:25,654 [Time-limited test] INFO  server.StorageContainerManager (StorageContainerManager.java:persistPrimarySCMCerts(910)) - Storing sub-ca certificate serialId 5174928005894 on primary SCM
2023-06-19 20:31:25,659 [Time-limited test] INFO  server.StorageContainerManager (StorageContainerManager.java:persistPrimarySCMCerts(918)) - Storing root certificate serialId 1
2023-06-19 20:31:25,664 [Time-limited test] INFO  ipc.CallQueueManager (CallQueueManager.java:<init>(90)) - Using callQueue: class java.util.concurrent.LinkedBlockingQueue, queueCapacity: 200, scheduler: class org.apache.hadoop.ipc.DefaultRpcScheduler, ipcBackoff: false.
2023-06-19 20:31:25,667 [Socket Reader #1 for port 9961] INFO  ipc.Server (Server.java:run(1319)) - Starting Socket Reader #1 for port 9961
2023-06-19 20:31:25,673 [Listener at 0.0.0.0/9961] INFO  hdds.HddsUtils (HddsUtils.java:preserveThreadName(848)) - Restoring thread name: Time-limited test
2023-06-19 20:31:25,675 [Time-limited test] INFO  ha.SCMServiceManager (SCMServiceManager.java:register(42)) - Registering service RootCARotationManager.
2023-06-19 20:31:25,675 [Time-limited test] INFO  server.StorageContainerManager (StorageContainerManager.java:<init>(414)) - SCM start with adminUsers: [om/fv-az616-238@EXAMPLE.COM, scm]
2023-06-19 20:31:25,675 [Time-limited test] INFO  ipc.CallQueueManager (CallQueueManager.java:<init>(90)) - Using callQueue: class java.util.concurrent.LinkedBlockingQueue, queueCapacity: 10000, scheduler: class org.apache.hadoop.ipc.DefaultRpcScheduler, ipcBackoff: false.
2023-06-19 20:31:25,676 [Socket Reader #1 for port 9861] INFO  ipc.Server (Server.java:run(1319)) - Starting Socket Reader #1 for port 9861
2023-06-19 20:31:25,692 [Listener at 0.0.0.0/9861] INFO  hdds.HddsUtils (HddsUtils.java:preserveThreadName(848)) - Restoring thread name: Time-limited test
2023-06-19 20:31:25,692 [Time-limited test] INFO  ipc.CallQueueManager (CallQueueManager.java:<init>(90)) - Using callQueue: class java.util.concurrent.LinkedBlockingQueue, queueCapacity: 10000, scheduler: class org.apache.hadoop.ipc.DefaultRpcScheduler, ipcBackoff: false.
2023-06-19 20:31:25,695 [Socket Reader #1 for port 9863] INFO  ipc.Server (Server.java:run(1319)) - Starting Socket Reader #1 for port 9863
2023-06-19 20:31:25,702 [Listener at 0.0.0.0/9863] INFO  hdds.HddsUtils (HddsUtils.java:preserveThreadName(848)) - Restoring thread name: Time-limited test
2023-06-19 20:31:25,702 [Time-limited test] INFO  ipc.CallQueueManager (CallQueueManager.java:<init>(90)) - Using callQueue: class java.util.concurrent.LinkedBlockingQueue, queueCapacity: 10000, scheduler: class org.apache.hadoop.ipc.DefaultRpcScheduler, ipcBackoff: false.
2023-06-19 20:31:25,703 [Socket Reader #1 for port 9860] INFO  ipc.Server (Server.java:run(1319)) - Starting Socket Reader #1 for port 9860
2023-06-19 20:31:25,710 [Listener at 0.0.0.0/9860] INFO  hdds.HddsUtils (HddsUtils.java:preserveThreadName(848)) - Restoring thread name: Time-limited test
2023-06-19 20:31:25,736 [Time-limited test] INFO  ha.SCMServiceManager (SCMServiceManager.java:register(42)) - Registering service ContainerBalancer.
2023-06-19 20:31:25,737 [Time-limited test] INFO  server.StorageContainerManager (StorageContainerManager.java:<init>(427)) - 
Container Balancer status:
Key                            Value
Running                        false
Container Balancer Configuration values:
Key                                                Value
Threshold                                          10
Max Datanodes to Involve per Iteration(percent)    20
Max Size to Move per Iteration                     500GB
Max Size Entering Target per Iteration             26GB
Max Size Leaving Source per Iteration              26GB

2023-06-19 20:31:25,737 [Time-limited test] INFO  ha.SCMContext (SCMContext.java:updateSafeModeStatus(228)) - Update SafeModeStatus from SafeModeStatus{safeModeStatus=true, preCheckPassed=false} to SafeModeStatus{safeModeStatus=true, preCheckPassed=false}.
2023-06-19 20:31:25,738 [Time-limited test] INFO  server.StorageContainerManager (StorageContainerManager.java:start(1483)) - StorageContainerLocationProtocol RPC server is listening at /0.0.0.0:9860
2023-06-19 20:31:25,738 [Time-limited test] INFO  impl.MetricsSystemImpl (MetricsSystemImpl.java:init(158)) - StorageContainerManager metrics system started (again)
2023-06-19 20:31:25,761 [Time-limited test] INFO  server.SCMClientProtocolServer (SCMClientProtocolServer.java:start(201)) - RPC server for Client  is listening at /0.0.0.0:9860
2023-06-19 20:31:25,761 [IPC Server Responder] INFO  ipc.Server (Server.java:run(1558)) - IPC Server Responder: starting
2023-06-19 20:31:25,762 [IPC Server listener on 9860] INFO  ipc.Server (Server.java:run(1398)) - IPC Server listener on 9860: starting
2023-06-19 20:31:25,888 [Time-limited test] INFO  server.StorageContainerManager (StorageContainerManager.java:start(1496)) - ScmBlockLocationProtocol RPC server is listening at /0.0.0.0:9863
2023-06-19 20:31:25,889 [Time-limited test] INFO  server.SCMBlockProtocolServer (SCMBlockProtocolServer.java:start(152)) - RPC server for Block Protocol is listening at /0.0.0.0:9863
2023-06-19 20:31:25,889 [IPC Server Responder] INFO  ipc.Server (Server.java:run(1558)) - IPC Server Responder: starting
2023-06-19 20:31:25,890 [IPC Server listener on 9863] INFO  ipc.Server (Server.java:run(1398)) - IPC Server listener on 9863: starting
2023-06-19 20:31:25,914 [Time-limited test] INFO  server.SCMDatanodeProtocolServer (SCMDatanodeProtocolServer.java:start(193)) - ScmDatanodeProtocol RPC server for DataNodes is listening at /0.0.0.0:9861
2023-06-19 20:31:25,915 [IPC Server Responder] INFO  ipc.Server (Server.java:run(1558)) - IPC Server Responder: starting
2023-06-19 20:31:25,916 [IPC Server listener on 9861] INFO  ipc.Server (Server.java:run(1398)) - IPC Server listener on 9861: starting
2023-06-19 20:31:25,937 [Time-limited test] INFO  server.SCMSecurityProtocolServer (SCMSecurityProtocolServer.java:start(465)) - Starting RPC server for SCMSecurityProtocolServer. is listening at /0.0.0.0:9961
2023-06-19 20:31:25,940 [IPC Server Responder] INFO  ipc.Server (Server.java:run(1558)) - IPC Server Responder: starting
2023-06-19 20:31:25,942 [IPC Server listener on 9961] INFO  ipc.Server (Server.java:run(1398)) - IPC Server listener on 9961: starting
2023-06-19 20:31:25,943 [Time-limited test] INFO  server.SCMUpdateServiceGrpcServer (SCMUpdateServiceGrpcServer.java:start(58)) - SCMUpdateService starting
2023-06-19 20:31:25,949 [Time-limited test] INFO  security.RootCARotationManager (RootCARotationManager.java:start(135)) - Monitor task for root certificate 1 is started with interval PT9S.
2023-06-19 20:31:25,952 [JvmPauseMonitor3] INFO  util.JvmPauseMonitor (JvmPauseMonitor.java:run(103)) - JvmPauseMonitor-ed4f1766-1b8a-40d3-95cb-923886c4c11b: Started
2023-06-19 20:31:25,953 [Time-limited test] INFO  http.BaseHttpServer (BaseHttpServer.java:newHttpServer2BuilderForOzone(224)) - Starting Web-server for scm at: http://0.0.0.0:9876
2023-06-19 20:31:25,954 [Time-limited test] INFO  http.BaseHttpServer (BaseHttpServer.java:<init>(111)) - Hadoop Security Enabled: true Ozone Security Enabled: true Ozone HTTP Security Enabled: false 
2023-06-19 20:31:25,956 [Time-limited test] WARN  server.AuthenticationFilter (AuthenticationFilter.java:constructSecretProvider(240)) - Unable to initialize FileSignerSecretProvider, falling back to use random secrets. Reason: Could not read signature secret file: /home/runner/hadoop-http-auth-signature-secret
2023-06-19 20:31:25,960 [Time-limited test] INFO  http.HttpRequestLog (HttpRequestLog.java:getRequestLog(86)) - Http request log for http.requests.scm is not defined
2023-06-19 20:31:25,963 [Time-limited test] INFO  http.HttpServer2 (HttpServer2.java:addGlobalFilter(1031)) - Added global filter 'safety' (class=org.apache.hadoop.hdds.server.http.HttpServer2$QuotingInputFilter)
2023-06-19 20:31:25,965 [Time-limited test] INFO  http.HttpServer2 (HttpServer2.java:addFilter(1007)) - Added filter static_user_filter (class=org.apache.hadoop.http.lib.StaticUserWebFilter$StaticUserFilter) to context scm
2023-06-19 20:31:25,965 [Time-limited test] INFO  http.HttpServer2 (HttpServer2.java:addFilter(1015)) - Added filter static_user_filter (class=org.apache.hadoop.http.lib.StaticUserWebFilter$StaticUserFilter) to context static
2023-06-19 20:31:25,966 [Time-limited test] INFO  http.HttpServer2 (HttpServer2.java:addFilter(1015)) - Added filter static_user_filter (class=org.apache.hadoop.http.lib.StaticUserWebFilter$StaticUserFilter) to context logs
2023-06-19 20:31:25,968 [Time-limited test] INFO  http.BaseHttpServer (BaseHttpServer.java:<init>(190)) - HTTP server of scm uses base directory /tmp/junit5472904371138093782/junit3445861118651803169/scm-meta/webserver
2023-06-19 20:31:25,968 [Time-limited test] INFO  http.HttpServer2 (HttpServer2.java:bindListener(1250)) - Jetty bound to port 9876
2023-06-19 20:31:25,969 [Time-limited test] INFO  server.Server (Server.java:doStart(375)) - jetty-9.4.51.v20230217; built: 2023-02-17T08:19:37.309Z; git: b45c405e4544384de066f814ed42ae3dceacdd49; jvm 1.8.0_372-b07
2023-06-19 20:31:25,976 [Time-limited test] INFO  server.session (DefaultSessionIdManager.java:doStart(334)) - DefaultSessionIdManager workerName=node0
2023-06-19 20:31:25,977 [Time-limited test] INFO  server.session (DefaultSessionIdManager.java:doStart(339)) - No SessionScavenger set, using defaults
2023-06-19 20:31:25,977 [Time-limited test] INFO  server.session (HouseKeeper.java:startScavenging(132)) - node0 Scavenging every 600000ms
2023-06-19 20:31:25,978 [Time-limited test] INFO  handler.ContextHandler (ContextHandler.java:doStart(921)) - Started o.e.j.s.ServletContextHandler@10244930{logs,/logs,file:///home/runner/work/ozone/ozone/hadoop-ozone/integration-test/target/log,AVAILABLE}
2023-06-19 20:31:25,988 [Time-limited test] INFO  handler.ContextHandler (ContextHandler.java:doStart(921)) - Started o.e.j.s.ServletContextHandler@5b1217b2{static,/static,file:///home/runner/work/ozone/ozone/hadoop-ozone/integration-test/target/test-classes/webapps/static,AVAILABLE}
2023-06-19 20:31:25,993 [Time-limited test] INFO  handler.ContextHandler (ContextHandler.java:doStart(921)) - Started o.e.j.w.WebAppContext@4c9f137f{scm,/,file:///home/runner/work/ozone/ozone/hadoop-ozone/integration-test/target/test-classes/webapps/scm/,AVAILABLE}{file:/home/runner/work/ozone/ozone/hadoop-ozone/integration-test/target/test-classes/webapps/scm}
2023-06-19 20:31:25,995 [Time-limited test] INFO  server.AbstractConnector (AbstractConnector.java:doStart(333)) - Started ServerConnector@1902429a{HTTP/1.1, (http/1.1)}{0.0.0.0:9876}
2023-06-19 20:31:25,996 [Time-limited test] INFO  server.Server (Server.java:doStart(415)) - Started @60434ms
2023-06-19 20:31:25,996 [Time-limited test] WARN  impl.MetricsSystemImpl (MetricsSystemImpl.java:register(279)) - Sink prometheus already exists!
2023-06-19 20:31:25,997 [Time-limited test] INFO  http.BaseHttpServer (BaseHttpServer.java:updateConnectorAddress(344)) - HTTP server of scm listening at http://0.0.0.0:9876
2023-06-19 20:31:25,998 [Time-limited test] WARN  server.ServerUtils (ServerUtils.java:getDBPath(311)) - ozone.om.db.dirs is not configured. We recommend adding this setting. Falling back to ozone.metadata.dirs instead.
2023-06-19 20:31:25,998 [Time-limited test] INFO  om.OzoneManager (OzoneManager.java:initializeSecurity(1355)) - Initializing secure OzoneManager.
2023-06-19 20:31:25,998 [Time-limited test] WARN  security.OMCertificateClient (DefaultCertificateClient.java:loadAllCertificates(161)) - Certificates could not be loaded.
java.nio.file.NoSuchFileException: /tmp/junit5472904371138093782/junit3445861118651803169/scm-meta/om/certs
	at sun.nio.fs.UnixException.translateToIOException(UnixException.java:86)
	at sun.nio.fs.UnixException.rethrowAsIOException(UnixException.java:102)
	at sun.nio.fs.UnixException.rethrowAsIOException(UnixException.java:107)
	at sun.nio.fs.UnixFileSystemProvider.newDirectoryStream(UnixFileSystemProvider.java:427)
	at java.nio.file.Files.newDirectoryStream(Files.java:457)
	at java.nio.file.Files.list(Files.java:3451)
	at org.apache.hadoop.hdds.security.x509.certificate.client.DefaultCertificateClient.loadAllCertificates(DefaultCertificateClient.java:156)
	at org.apache.hadoop.hdds.security.x509.certificate.client.DefaultCertificateClient.updateCertSerialId(DefaultCertificateClient.java:1206)
	at org.apache.hadoop.hdds.security.x509.certificate.client.DefaultCertificateClient.<init>(DefaultCertificateClient.java:148)
	at org.apache.hadoop.hdds.security.x509.certificate.client.CommonCertificateClient.<init>(CommonCertificateClient.java:43)
	at org.apache.hadoop.ozone.security.OMCertificateClient.<init>(OMCertificateClient.java:67)
	at org.apache.hadoop.ozone.om.OzoneManager.initializeSecurity(OzoneManager.java:1358)
	at org.apache.hadoop.ozone.TestSecureOzoneCluster.initializeOmStorage(TestSecureOzoneCluster.java:1216)
	at org.apache.hadoop.ozone.TestSecureOzoneCluster.testSecureOmInitSuccess(TestSecureOzoneCluster.java:841)
	at sun.reflect.NativeMethodAccessorImpl.invoke0(Native Method)
	at sun.reflect.NativeMethodAccessorImpl.invoke(NativeMethodAccessorImpl.java:62)
	at sun.reflect.DelegatingMethodAccessorImpl.invoke(DelegatingMethodAccessorImpl.java:43)
	at java.lang.reflect.Method.invoke(Method.java:498)
	at org.junit.runners.model.FrameworkMethod$1.runReflectiveCall(FrameworkMethod.java:59)
	at org.junit.internal.runners.model.ReflectiveCallable.run(ReflectiveCallable.java:12)
	at org.junit.runners.model.FrameworkMethod.invokeExplosively(FrameworkMethod.java:56)
	at org.junit.internal.runners.statements.InvokeMethod.evaluate(InvokeMethod.java:17)
	at org.junit.internal.runners.statements.RunBefores.evaluate(RunBefores.java:26)
	at org.junit.internal.runners.statements.RunAfters.evaluate(RunAfters.java:27)
	at org.junit.rules.ExternalResource$1.evaluate(ExternalResource.java:54)
	at org.junit.internal.runners.statements.FailOnTimeout$CallableStatement.call(FailOnTimeout.java:288)
	at org.junit.internal.runners.statements.FailOnTimeout$CallableStatement.call(FailOnTimeout.java:282)
	at java.util.concurrent.FutureTask.run(FutureTask.java:266)
	at java.lang.Thread.run(Thread.java:750)
2023-06-19 20:31:26,000 [Time-limited test] INFO  om.OzoneManager (OzoneManager.java:getOmDetailsProto(4486)) - OzoneManager ports added:[name: "RPC"
value: 1202
]
2023-06-19 20:31:26,000 [Time-limited test] ERROR security.OMCertificateClient (DefaultCertificateClient.java:getCertPath(319)) - Default certificate serial id is not set. Can't locate the default certificate for this client.
2023-06-19 20:31:26,001 [Time-limited test] INFO  security.OMCertificateClient (DefaultCertificateClient.java:init(692)) - Certificate client init case: 0
2023-06-19 20:31:26,001 [Time-limited test] INFO  security.OMCertificateClient (CommonCertificateClient.java:handleCase(67)) - Creating keypair for client as keypair and certificate not found.
2023-06-19 20:31:26,500 [Time-limited test] INFO  om.OzoneManager (OzoneManager.java:initializeSecurity(1370)) - Init response: GETCERT
2023-06-19 20:31:26,500 [Time-limited test] INFO  ozone.OzoneSecurityUtil (OzoneSecurityUtil.java:getValidInetsForCurrentHost(119)) - ip:fe80:0:0:0:20d:3aff:fe5b:c2ca%eth0 not returned.
2023-06-19 20:31:26,500 [Time-limited test] INFO  ozone.OzoneSecurityUtil (OzoneSecurityUtil.java:getValidInetsForCurrentHost(116)) - Adding ip:10.1.0.14,host:fv-az616-238
2023-06-19 20:31:26,501 [Time-limited test] INFO  ozone.OzoneSecurityUtil (OzoneSecurityUtil.java:getValidInetsForCurrentHost(119)) - ip:0:0:0:0:0:0:0:1%lo not returned.
2023-06-19 20:31:26,501 [Time-limited test] INFO  ozone.OzoneSecurityUtil (OzoneSecurityUtil.java:getValidInetsForCurrentHost(119)) - ip:127.0.0.1 not returned.
2023-06-19 20:31:26,501 [Time-limited test] ERROR utils.CertificateSignRequest (CertificateSignRequest.java:lambda$addInetAddresses$0(296)) - Invalid domain fv-az616-238
2023-06-19 20:31:26,503 [Time-limited test] INFO  ha.OMHANodeDetails (OMHANodeDetails.java:loadOMHAConfig(115)) - ozone.om.internal.service.id is not defined, falling back to ozone.om.service.ids to find serviceID for OzoneManager if it is HA enabled cluster
2023-06-19 20:31:26,503 [Time-limited test] INFO  ha.OMHANodeDetails (OMHANodeDetails.java:loadOMHAConfig(226)) - Configuration does not have ozone.om.address set. Falling back to the default OM address fv-az616-238/10.1.0.14:1202
2023-06-19 20:31:26,503 [Time-limited test] INFO  ha.OMHANodeDetails (OMHANodeDetails.java:getOMNodeDetailsForNonHA(254)) - OM Service ID is not set. Setting it to the default ID: omServiceIdDefault
2023-06-19 20:31:26,503 [Time-limited test] INFO  ha.OMHANodeDetails (OMHANodeDetails.java:getOMNodeDetailsForNonHA(261)) - OM Node ID is not set. Setting it to the default ID: om1
2023-06-19 20:31:26,504 [Time-limited test] INFO  security.OMCertificateClient (OMCertificateClient.java:getCSRBuilder(117)) - Creating csr for OM->dns:fv-az616-238,ip:10.1.0.14,scmId:ed4f1766-1b8a-40d3-95cb-923886c4c11b,clusterId:e81689cf-fc11-4bbd-b013-8a7799ecd909,subject:fv-az616-238
2023-06-19 20:31:26,527 [pool-206-thread-1] INFO  request.TgsRequest (TgsRequest.java:issueTicket(115)) - TGS_REQ ISSUE: authtime 1687206686526,scm/fv-az616-238 for scm/fv-az616-238@EXAMPLE.COM
2023-06-19 20:31:26,544 [Socket Reader #1 for port 9961] INFO  ipc.Server (Server.java:saslProcess(2116)) - Auth successful for scm/fv-az616-238@EXAMPLE.COM (auth:KERBEROS) from 10.1.0.14:41265
2023-06-19 20:31:26,565 [IPC Server handler 0 on default port 9961] INFO  server.SCMSecurityProtocolServer (SCMSecurityProtocolServer.java:getOMCertificate(245)) - Processing CSR for om fv-az616-238, UUID: dfc714cc-f669-49f4-9686-2a57464250a4
2023-06-19 20:31:26,601 [Time-limited test] INFO  security.OMCertificateClient (DefaultCertificateClient.java:readCertificateFile(196)) - Added certificate   [0]         Version: 3
         SerialNumber: 5174928005894
             IssuerDN: CN=scm@fv-az616-238,OU=ed4f1766-1b8a-40d3-95cb-923886c4c11b,O=e81689cf-fc11-4bbd-b013-8a7799ecd909
           Start Date: Mon Jun 19 20:31:25 UTC 2023
           Final Date: Thu Jul 27 20:31:25 UTC 2028
            SubjectDN: CN=scm-sub@fv-az616-238,OU=ed4f1766-1b8a-40d3-95cb-923886c4c11b,O=e81689cf-fc11-4bbd-b013-8a7799ecd909
           Public Key: RSA Public Key [69:6c:49:9d:df:4d:f8:b9:fe:e1:4a:18:c5:62:d0:2d:81:33:0c:80],[56:66:d1:a4]
        modulus: 936838ed4dd2e0d51106d8cb00d2feb3fae970cad2270b980ed283f03521351858b10c5ab6afa46a91cf3b69ad05659f027e5a4099a22d7e564c89fc65445948a48b072adaa2d1a84589140da8835677fb5f11a1330cd6858e84a9a31f479f7a12604d8d1eb15c8ffe6047f7d50abb04b74ec2e4368c48be367bbf35453fdfa6be998ec3541b075f38dc92a2ba8945c543426808845e3036220398600d71b305c1d36e6d164b5120886845dfe97142b77301f53e11f2b04a6bae7617a1cbcd22f38d886cc6af83707d11e2e251502574a96e38056ae52e1a20b490e670808c45d99414bda74dce9fe4d5f8d4bf6883b9e08ce468c9072dd5cb7298cc465c39ad
public exponent: 10001

  Signature Algorithm: SHA256WITHRSA
            Signature: ea3d1895d9905f37d14d02ce1d2b5bfac15c63c0
                       998fd54707aa92355affdc977eda52864766c749
                       0a2a2a7faa9ee0d074dd460502a40e5a125a5d38
                       424fcfe51437f50bd1554ff41d9b9ef335e77771
                       103fc8ada73274c206bca43ca2a1651dc6313fbe
                       31b13eb0b81321ee2d59bfc8fc71c302484bceee
                       217c51fba2f0b9a70184c35f0da6275dfee7e45a
                       fb555ffb4de285d80deaee6bd5758c084a0199e4
                       ed9ced7bfd4cbe452070f1b17dbb0f5b1da49cc4
                       de57d733d222dead9187ad405efa66d00a5731b7
                       95374245fdc2aa53642174899684646ac488c23f
                       9df857431fb1bce97c96fb9f6cf7bf398d4e765f
                       356f68de4490828bd8215935b5b60e1e
       Extensions: 
                       critical(false) 2.5.29.17 value = Sequence
    Tagged [7] IMPLICIT 
        DER Octet String[4] 

                       critical(true) BasicConstraints: isCa(true)
                       critical(true) KeyUsage: 0xbe
 from file: /tmp/junit5472904371138093782/junit3445861118651803169/scm-meta/om/certs/CA-5174928005894.crt.
2023-06-19 20:31:26,605 [Time-limited test] INFO  security.OMCertificateClient (DefaultCertificateClient.java:readCertificateFile(196)) - Added certificate   [0]         Version: 3
         SerialNumber: 5176084329077
             IssuerDN: CN=scm-sub@fv-az616-238,OU=ed4f1766-1b8a-40d3-95cb-923886c4c11b,O=e81689cf-fc11-4bbd-b013-8a7799ecd909
           Start Date: Mon Jun 19 20:31:26 UTC 2023
           Final Date: Tue Jun 18 20:31:26 UTC 2024
            SubjectDN: CN=fv-az616-238,OU=ed4f1766-1b8a-40d3-95cb-923886c4c11b,O=e81689cf-fc11-4bbd-b013-8a7799ecd909
           Public Key: RSA Public Key [bc:58:be:60:ab:8c:c8:4e:db:75:b7:6f:a2:27:bc:98:95:f3:54:6a],[56:66:d1:a4]
        modulus: a8f5ba3f0f911703f24e1ea96edd3a4c6cb4b530b6228283f1f27838e28b9d823d2a08b9a8a2d22703e378ef0ba3f00c9dd680d980075ecc88c3d2a0f9de0fa147bf52e7f44ee6b19f243c22b022b06f5681c6adbe5267ff57afcbd5366dbbfed74c18bcd59fade4ad129adecd1566fd49323997fe9b0f2514f115da62c41bfe191d52b3af6081e015b2312c22b7f6913e5dd10e416ea3aee490d8c71dd6aad42422926bca1b873b8fcc00da281e87672b1005f2da9aec39a4c6fd295dcb0c1b9e0f414f6a3c038e46b8ff02ee5d793fc7a60b53c44e71825bab0c91f7fc51831637f91f1d334ee057892b4ddd1b385aebdaad6d9ca216076999ad360b39bc61
public exponent: 10001

  Signature Algorithm: SHA256WITHRSA
            Signature: 324cd113d69cb014f9756c3645398190fdf15942
                       de68a349919932f48d43a945a7e8c5aa2dc373a0
                       c60beba4dd42ec35ed6fa8c8a4ee990d3767586a
                       9330be7540f171782259a1ae3505f0e81840b6e7
                       ff6b848d833dd881e56bb5ad050dca8617635ccd
                       ddabe1ee74130b951ed6d9d2859c591c31dfe6e4
                       fc2e30c765c2ca08a36203e4c6d16de10decad6a
                       8ea644339b6c28f9a5c68d383e2df5387cf18d35
                       7197f564b930b1d7e20509188eb7074d71693f6d
                       cfa479fa27c9cd9f188c062e2a323842d13f3560
                       199a238cbdfc60b0183326bb594eb7f3cfd1d989
                       0e80fe4ac0f8aa683db266648f8b8331582233ef
                       14888b4296e5f1324156944706b0597b
       Extensions: 
                       critical(false) 2.5.29.17 value = Sequence
    Tagged [7] IMPLICIT 
        DER Octet String[4] 
    Tagged [0] IMPLICIT 
        Sequence
            ObjectIdentifier(2.16.840.1.113730.3.1.34)
            Tagged [0]
                UTF8String(omServiceIdDefault) 

                       critical(true) KeyUsage: 0xb8
 from file: /tmp/junit5472904371138093782/junit3445861118651803169/scm-meta/om/certs/5176084329077.crt.
2023-06-19 20:31:26,607 [Time-limited test] INFO  security.OMCertificateClient (DefaultCertificateClient.java:readCertificateFile(196)) - Added certificate   [0]         Version: 3
         SerialNumber: 1
             IssuerDN: CN=scm@fv-az616-238,OU=ed4f1766-1b8a-40d3-95cb-923886c4c11b,O=e81689cf-fc11-4bbd-b013-8a7799ecd909
           Start Date: Mon Jun 19 20:31:25 UTC 2023
           Final Date: Thu Jul 27 20:31:25 UTC 2028
            SubjectDN: CN=scm@fv-az616-238,OU=ed4f1766-1b8a-40d3-95cb-923886c4c11b,O=e81689cf-fc11-4bbd-b013-8a7799ecd909
           Public Key: RSA Public Key [b5:76:1d:3b:bc:f7:7a:f6:e0:7a:0d:b5:2e:8f:0a:54:e9:93:6e:84],[56:66:d1:a4]
        modulus: effc6c08bee549bfb920459d3b515cabdfede0800c4dbd3fc929d24555ecdbb72a20c93b5d3cdbf912e1a4a88dcc81a901946b01066b320eb9e6eb1dab870fd41a79c828c695033e70bfbdbea41902dac70ed095b4d70eacfc3a9b6305e4336e4691d28119a6485176d4abc5863f65ed594506b09e316b96e1f1ef0c73395f026efb79afb75f9e27379713cebfef7271b26b5d078a811d3d1884f708cb4a17f7e6765970581579f67a35c84228ec34843324a4e8283a5dd6eb405245bc2541f8d2b336c728a0d3473d2ba1e0cd13adab877287b7b920d2fcba0d17c19973548ecc6f4e1b1f7367e9cbf9899fa984b5f0b26a2e22bd7c18603c6ac3351ff9db23
public exponent: 10001

  Signature Algorithm: SHA256WITHRSA
            Signature: c6437c3c42433bc80c6dfe344d5894edfcaf3cd4
                       a52acca2fbbec3872ebb638ded12ebaa6d7ca8cb
                       bf71f8ffad2339659639d3f36c81791099908b11
                       f73963ad165c32f6fafd33f9e091cbbe17282f58
                       36949376695f8647fafa5d524a8c441aa935ff09
                       71284d1416e49304dde17ea803042dd69c54e8d7
                       f717da5e944ed96614e99bb0030758394946d1a9
                       55871859dbc57b2313331f93e9c2f4ba641529cf
                       06dce12371bc566876caa18d2d4640252b22bca9
                       75579f83b3d50aedaa3ba00b3622a5476fffafab
                       96cfc53c445c59ec95ac52edcafe2476c415fedf
                       afbcc499f453d7301286b7c671ec08d5ab75c66c
                       8deb3c1fb0d5594842496a7be48b132b
       Extensions: 
                       critical(true) BasicConstraints: isCa(true)
                       critical(true) KeyUsage: 0x6
                       critical(false) 2.5.29.17 value = Sequence
    Tagged [7] IMPLICIT 
        DER Octet String[4] 

 from file: /tmp/junit5472904371138093782/junit3445861118651803169/scm-meta/om/certs/ROOTCA-1.crt.
2023-06-19 20:31:26,607 [Time-limited test] INFO  security.OMCertificateClient (DefaultCertificateClient.java:startCertificateMonitor(1260)) - CertificateLifetimeMonitor for om is started with first delay 31535989393 ms and interval 3333 ms.
2023-06-19 20:31:26,607 [Time-limited test] INFO  om.OzoneManager (OzoneManager.java:initializeSecurity(1380)) - Successfully stored SCM signed certificate.
2023-06-19 20:31:26,611 [Time-limited test] INFO  ha.OMHANodeDetails (OMHANodeDetails.java:loadOMHAConfig(115)) - ozone.om.internal.service.id is not defined, falling back to ozone.om.service.ids to find serviceID for OzoneManager if it is HA enabled cluster
2023-06-19 20:31:26,612 [Time-limited test] INFO  ha.OMHANodeDetails (OMHANodeDetails.java:loadOMHAConfig(226)) - Configuration does not have ozone.om.address set. Falling back to the default OM address fv-az616-238/10.1.0.14:1202
2023-06-19 20:31:26,612 [Time-limited test] INFO  ha.OMHANodeDetails (OMHANodeDetails.java:getOMNodeDetailsForNonHA(254)) - OM Service ID is not set. Setting it to the default ID: omServiceIdDefault
2023-06-19 20:31:26,612 [Time-limited test] INFO  ha.OMHANodeDetails (OMHANodeDetails.java:getOMNodeDetailsForNonHA(261)) - OM Node ID is not set. Setting it to the default ID: om1
2023-06-19 20:31:26,612 [Time-limited test] WARN  server.ServerUtils (ServerUtils.java:getDBPath(311)) - ozone.om.db.dirs is not configured. We recommend adding this setting. Falling back to ozone.metadata.dirs instead.
2023-06-19 20:31:26,614 [Time-limited test] INFO  upgrade.AbstractLayoutVersionManager (AbstractLayoutVersionManager.java:init(83)) - Initializing Layout version manager with metadata layout = QUOTA (version = 6), software layout = QUOTA (version = 6)
2023-06-19 20:31:26,725 [Time-limited test] INFO  reflections.Reflections (Reflections.java:scan(232)) - Reflections took 109 ms to scan 2 urls, producing 181 keys and 502 values [using 2 cores]
2023-06-19 20:31:26,725 [Time-limited test] INFO  upgrade.OMLayoutVersionManager (OMLayoutVersionManager.java:lambda$0(115)) - Skipping Upgrade Action MockOmUpgradeAction since it has been finalized.
2023-06-19 20:31:26,729 [Time-limited test] INFO  upgrade.OMLayoutVersionManager (OMLayoutVersionManager.java:lambda$0(115)) - Skipping Upgrade Action QuotaRepairUpgradeAction since it has been finalized.
2023-06-19 20:31:26,732 [pool-206-thread-1] INFO  request.KdcRequest (KdcRequest.java:preauth(651)) - The preauth data is empty.
2023-06-19 20:31:26,733 [pool-206-thread-1] INFO  server.KdcHandler (KdcHandler.java:handleRecoverableException(177)) - KRB error occurred while processing request:Additional pre-authentication required
2023-06-19 20:31:26,738 [pool-206-thread-1] INFO  request.AsRequest (AsRequest.java:issueTicket(112)) - AS_REQ ISSUE: authtime 1687206686738,om/fv-az616-238@EXAMPLE.COM for krbtgt/EXAMPLE.COM@EXAMPLE.COM
2023-06-19 20:31:26,741 [Time-limited test] INFO  security.UserGroupInformation (UserGroupInformation.java:loginUserFromKeytab(1132)) - Login successful for user om/fv-az616-238@EXAMPLE.COM using keytab file om.keytab. Keytab auto renewal enabled : false
2023-06-19 20:31:26,741 [Time-limited test] INFO  om.OzoneManager (OzoneManager.java:loginOMUser(1134)) - Ozone Manager login successful.
2023-06-19 20:31:26,741 [Time-limited test] WARN  server.ServerUtils (ServerUtils.java:getDBPath(311)) - ozone.om.db.dirs is not configured. We recommend adding this setting. Falling back to ozone.metadata.dirs instead.
2023-06-19 20:31:26,743 [Time-limited test] INFO  proxy.SCMBlockLocationFailoverProxyProvider (SCMBlockLocationFailoverProxyProvider.java:<init>(114)) - Created block location fail-over proxy with 1 nodes: [nodeId=scmNodeId,nodeAddress=/0.0.0.0:9863]
2023-06-19 20:31:26,747 [Time-limited test] INFO  security.OMCertificateClient (DefaultCertificateClient.java:readCertificateFile(196)) - Added certificate   [0]         Version: 3
         SerialNumber: 5174928005894
             IssuerDN: CN=scm@fv-az616-238,OU=ed4f1766-1b8a-40d3-95cb-923886c4c11b,O=e81689cf-fc11-4bbd-b013-8a7799ecd909
           Start Date: Mon Jun 19 20:31:25 UTC 2023
           Final Date: Thu Jul 27 20:31:25 UTC 2028
            SubjectDN: CN=scm-sub@fv-az616-238,OU=ed4f1766-1b8a-40d3-95cb-923886c4c11b,O=e81689cf-fc11-4bbd-b013-8a7799ecd909
           Public Key: RSA Public Key [69:6c:49:9d:df:4d:f8:b9:fe:e1:4a:18:c5:62:d0:2d:81:33:0c:80],[56:66:d1:a4]
        modulus: 936838ed4dd2e0d51106d8cb00d2feb3fae970cad2270b980ed283f03521351858b10c5ab6afa46a91cf3b69ad05659f027e5a4099a22d7e564c89fc65445948a48b072adaa2d1a84589140da8835677fb5f11a1330cd6858e84a9a31f479f7a12604d8d1eb15c8ffe6047f7d50abb04b74ec2e4368c48be367bbf35453fdfa6be998ec3541b075f38dc92a2ba8945c543426808845e3036220398600d71b305c1d36e6d164b5120886845dfe97142b77301f53e11f2b04a6bae7617a1cbcd22f38d886cc6af83707d11e2e251502574a96e38056ae52e1a20b490e670808c45d99414bda74dce9fe4d5f8d4bf6883b9e08ce468c9072dd5cb7298cc465c39ad
public exponent: 10001

  Signature Algorithm: SHA256WITHRSA
            Signature: ea3d1895d9905f37d14d02ce1d2b5bfac15c63c0
                       998fd54707aa92355affdc977eda52864766c749
                       0a2a2a7faa9ee0d074dd460502a40e5a125a5d38
                       424fcfe51437f50bd1554ff41d9b9ef335e77771
                       103fc8ada73274c206bca43ca2a1651dc6313fbe
                       31b13eb0b81321ee2d59bfc8fc71c302484bceee
                       217c51fba2f0b9a70184c35f0da6275dfee7e45a
                       fb555ffb4de285d80deaee6bd5758c084a0199e4
                       ed9ced7bfd4cbe452070f1b17dbb0f5b1da49cc4
                       de57d733d222dead9187ad405efa66d00a5731b7
                       95374245fdc2aa53642174899684646ac488c23f
                       9df857431fb1bce97c96fb9f6cf7bf398d4e765f
                       356f68de4490828bd8215935b5b60e1e
       Extensions: 
                       critical(false) 2.5.29.17 value = Sequence
    Tagged [7] IMPLICIT 
        DER Octet String[4] 

                       critical(true) BasicConstraints: isCa(true)
                       critical(true) KeyUsage: 0xbe
 from file: /tmp/junit5472904371138093782/junit3445861118651803169/scm-meta/om/certs/CA-5174928005894.crt.
2023-06-19 20:31:26,751 [Time-limited test] INFO  security.OMCertificateClient (DefaultCertificateClient.java:readCertificateFile(196)) - Added certificate   [0]         Version: 3
         SerialNumber: 5176084329077
             IssuerDN: CN=scm-sub@fv-az616-238,OU=ed4f1766-1b8a-40d3-95cb-923886c4c11b,O=e81689cf-fc11-4bbd-b013-8a7799ecd909
           Start Date: Mon Jun 19 20:31:26 UTC 2023
           Final Date: Tue Jun 18 20:31:26 UTC 2024
            SubjectDN: CN=fv-az616-238,OU=ed4f1766-1b8a-40d3-95cb-923886c4c11b,O=e81689cf-fc11-4bbd-b013-8a7799ecd909
           Public Key: RSA Public Key [bc:58:be:60:ab:8c:c8:4e:db:75:b7:6f:a2:27:bc:98:95:f3:54:6a],[56:66:d1:a4]
        modulus: a8f5ba3f0f911703f24e1ea96edd3a4c6cb4b530b6228283f1f27838e28b9d823d2a08b9a8a2d22703e378ef0ba3f00c9dd680d980075ecc88c3d2a0f9de0fa147bf52e7f44ee6b19f243c22b022b06f5681c6adbe5267ff57afcbd5366dbbfed74c18bcd59fade4ad129adecd1566fd49323997fe9b0f2514f115da62c41bfe191d52b3af6081e015b2312c22b7f6913e5dd10e416ea3aee490d8c71dd6aad42422926bca1b873b8fcc00da281e87672b1005f2da9aec39a4c6fd295dcb0c1b9e0f414f6a3c038e46b8ff02ee5d793fc7a60b53c44e71825bab0c91f7fc51831637f91f1d334ee057892b4ddd1b385aebdaad6d9ca216076999ad360b39bc61
public exponent: 10001

  Signature Algorithm: SHA256WITHRSA
            Signature: 324cd113d69cb014f9756c3645398190fdf15942
                       de68a349919932f48d43a945a7e8c5aa2dc373a0
                       c60beba4dd42ec35ed6fa8c8a4ee990d3767586a
                       9330be7540f171782259a1ae3505f0e81840b6e7
                       ff6b848d833dd881e56bb5ad050dca8617635ccd
                       ddabe1ee74130b951ed6d9d2859c591c31dfe6e4
                       fc2e30c765c2ca08a36203e4c6d16de10decad6a
                       8ea644339b6c28f9a5c68d383e2df5387cf18d35
                       7197f564b930b1d7e20509188eb7074d71693f6d
                       cfa479fa27c9cd9f188c062e2a323842d13f3560
                       199a238cbdfc60b0183326bb594eb7f3cfd1d989
                       0e80fe4ac0f8aa683db266648f8b8331582233ef
                       14888b4296e5f1324156944706b0597b
       Extensions: 
                       critical(false) 2.5.29.17 value = Sequence
    Tagged [7] IMPLICIT 
        DER Octet String[4] 
    Tagged [0] IMPLICIT 
        Sequence
            ObjectIdentifier(2.16.840.1.113730.3.1.34)
            Tagged [0]
                UTF8String(omServiceIdDefault) 

                       critical(true) KeyUsage: 0xb8
 from file: /tmp/junit5472904371138093782/junit3445861118651803169/scm-meta/om/certs/5176084329077.crt.
2023-06-19 20:31:26,754 [Time-limited test] INFO  security.OMCertificateClient (DefaultCertificateClient.java:readCertificateFile(196)) - Added certificate   [0]         Version: 3
         SerialNumber: 1
             IssuerDN: CN=scm@fv-az616-238,OU=ed4f1766-1b8a-40d3-95cb-923886c4c11b,O=e81689cf-fc11-4bbd-b013-8a7799ecd909
           Start Date: Mon Jun 19 20:31:25 UTC 2023
           Final Date: Thu Jul 27 20:31:25 UTC 2028
            SubjectDN: CN=scm@fv-az616-238,OU=ed4f1766-1b8a-40d3-95cb-923886c4c11b,O=e81689cf-fc11-4bbd-b013-8a7799ecd909
           Public Key: RSA Public Key [b5:76:1d:3b:bc:f7:7a:f6:e0:7a:0d:b5:2e:8f:0a:54:e9:93:6e:84],[56:66:d1:a4]
        modulus: effc6c08bee549bfb920459d3b515cabdfede0800c4dbd3fc929d24555ecdbb72a20c93b5d3cdbf912e1a4a88dcc81a901946b01066b320eb9e6eb1dab870fd41a79c828c695033e70bfbdbea41902dac70ed095b4d70eacfc3a9b6305e4336e4691d28119a6485176d4abc5863f65ed594506b09e316b96e1f1ef0c73395f026efb79afb75f9e27379713cebfef7271b26b5d078a811d3d1884f708cb4a17f7e6765970581579f67a35c84228ec34843324a4e8283a5dd6eb405245bc2541f8d2b336c728a0d3473d2ba1e0cd13adab877287b7b920d2fcba0d17c19973548ecc6f4e1b1f7367e9cbf9899fa984b5f0b26a2e22bd7c18603c6ac3351ff9db23
public exponent: 10001

  Signature Algorithm: SHA256WITHRSA
            Signature: c6437c3c42433bc80c6dfe344d5894edfcaf3cd4
                       a52acca2fbbec3872ebb638ded12ebaa6d7ca8cb
                       bf71f8ffad2339659639d3f36c81791099908b11
                       f73963ad165c32f6fafd33f9e091cbbe17282f58
                       36949376695f8647fafa5d524a8c441aa935ff09
                       71284d1416e49304dde17ea803042dd69c54e8d7
                       f717da5e944ed96614e99bb0030758394946d1a9
                       55871859dbc57b2313331f93e9c2f4ba641529cf
                       06dce12371bc566876caa18d2d4640252b22bca9
                       75579f83b3d50aedaa3ba00b3622a5476fffafab
                       96cfc53c445c59ec95ac52edcafe2476c415fedf
                       afbcc499f453d7301286b7c671ec08d5ab75c66c
                       8deb3c1fb0d5594842496a7be48b132b
       Extensions: 
                       critical(true) BasicConstraints: isCa(true)
                       critical(true) KeyUsage: 0x6
                       critical(false) 2.5.29.17 value = Sequence
    Tagged [7] IMPLICIT 
        DER Octet String[4] 

 from file: /tmp/junit5472904371138093782/junit3445861118651803169/scm-meta/om/certs/ROOTCA-1.crt.
2023-06-19 20:31:26,759 [Time-limited test] INFO  security.OMCertificateClient (DefaultCertificateClient.java:startCertificateMonitor(1260)) - CertificateLifetimeMonitor for om is started with first delay 31535989245 ms and interval 3333 ms.
2023-06-19 20:31:26,760 [Time-limited test] INFO  om.OzoneManager (OzoneManager.java:getOmDetailsProto(4486)) - OzoneManager ports added:[name: "RPC"
value: 1202
]
2023-06-19 20:31:26,762 [Time-limited test] INFO  om.OzoneManager (OzoneManager.java:<init>(644)) - OM start with adminUsers: [om/fv-az616-238@EXAMPLE.COM, om]
2023-06-19 20:31:26,766 [Time-limited test] WARN  server.ServerUtils (ServerUtils.java:getDBPath(311)) - ozone.om.db.dirs is not configured. We recommend adding this setting. Falling back to ozone.metadata.dirs instead.
2023-06-19 20:31:26,768 [Time-limited test] INFO  helpers.OmKeyInfo (OmKeyInfo.java:getCodec(71)) - OmKeyInfo.getCodec ignorePipeline = true
2023-06-19 20:31:27,032 [Time-limited test] INFO  om.OzoneManager (OzoneManager.java:instantiateServices(773)) - S3 Multi-Tenancy is disabled
2023-06-19 20:31:27,033 [Time-limited test] INFO  security.OzoneSecretStore (OzoneSecretStore.java:loadState(69)) - Loaded 0 tokens
2023-06-19 20:31:27,034 [Time-limited test] INFO  security.OzoneDelegationTokenSecretManager (OzoneDelegationTokenSecretManager.java:loadTokenSecretState(530)) - Loading token state into token manager.
2023-06-19 20:31:27,035 [Time-limited test] INFO  om.OmSnapshotManager (OmSnapshotManager.java:<init>(170)) - Ozone filesystem snapshot feature is enabled.
2023-06-19 20:31:27,035 [Time-limited test] WARN  server.ServerUtils (ServerUtils.java:getDBPath(311)) - ozone.om.snapshot.diff.db.dir is not configured. We recommend adding this setting. Falling back to ozone.metadata.dirs instead.
2023-06-19 20:31:27,073 [Time-limited test] INFO  snapshot.SnapshotDiffManager (SnapshotDiffManager.java:closeExecutorService(1267)) - Shutting down executorService: 'SstDumpToolExecutor'
2023-06-19 20:31:27,117 [Time-limited test] INFO  om.OzoneManager (OzoneManager.java:addS3GVolumeToDB(4237)) - Created Volume s3v With Owner om required for S3Gateway operations.
2023-06-19 20:31:27,117 [Time-limited test] WARN  server.ServerUtils (ServerUtils.java:getDefaultRatisDirectory(323)) - Storage directory for Ratis is not configured. It is a good idea to map this to an SSD disk. Falling back to ozone.metadata.dirs
2023-06-19 20:31:27,117 [Time-limited test] WARN  utils.OzoneManagerRatisUtils (OzoneManagerRatisUtils.java:getOMRatisSnapshotDirectory(461)) - ozone.om.ratis.snapshot.dir is not configured. Falling back to ozone.metadata.dirs config
2023-06-19 20:31:27,121 [Time-limited test] WARN  server.ServerUtils (ServerUtils.java:getDefaultRatisDirectory(323)) - Storage directory for Ratis is not configured. It is a good idea to map this to an SSD disk. Falling back to ozone.metadata.dirs
2023-06-19 20:31:27,122 [Time-limited test] INFO  ratis.OzoneManagerRatisServer (OzoneManagerRatisServer.java:<init>(163)) - Instantiating OM Ratis server with groupID: omServiceIdDefault and peers: fv-az616-238:9872
2023-06-19 20:31:27,125 [Time-limited test] INFO  ratis.OzoneManagerStateMachine (OzoneManagerStateMachine.java:loadSnapshotInfoFromDB(670)) - LastAppliedIndex is set from TransactionInfo from OM DB as (t:0, i:~)
2023-06-19 20:31:27,126 [Time-limited test] INFO  server.RaftServer (ConfUtils.java:logGet(46)) - raft.rpc.type = GRPC (default)
2023-06-19 20:31:27,126 [Time-limited test] INFO  grpc.GrpcConfigKeys (ConfUtils.java:logFallback(53)) - raft.grpc.admin.host = null (fallback to raft.grpc.server.host)
2023-06-19 20:31:27,127 [Time-limited test] INFO  grpc.GrpcConfigKeys (ConfUtils.java:logFallback(53)) - raft.grpc.admin.port = 9872 (fallback to raft.grpc.server.port)
2023-06-19 20:31:27,127 [Time-limited test] INFO  grpc.GrpcConfigKeys (ConfUtils.java:logFallback(53)) - raft.grpc.client.host = null (fallback to raft.grpc.server.host)
2023-06-19 20:31:27,127 [Time-limited test] INFO  grpc.GrpcConfigKeys (ConfUtils.java:logFallback(53)) - raft.grpc.client.port = 9872 (fallback to raft.grpc.server.port)
2023-06-19 20:31:27,127 [Time-limited test] INFO  grpc.GrpcConfigKeys (ConfUtils.java:logGet(46)) - raft.grpc.server.host = null (default)
2023-06-19 20:31:27,127 [Time-limited test] INFO  grpc.GrpcConfigKeys (ConfUtils.java:logGet(46)) - raft.grpc.server.port = 9872 (custom)
2023-06-19 20:31:27,127 [Time-limited test] INFO  server.GrpcService (ConfUtils.java:logGet(46)) - raft.grpc.message.size.max = 33554432 (custom)
2023-06-19 20:31:27,127 [Time-limited test] INFO  server.RaftServerConfigKeys (ConfUtils.java:logGet(46)) - raft.server.log.appender.buffer.byte-limit = 33554432 (custom)
2023-06-19 20:31:27,128 [Time-limited test] INFO  server.GrpcService (ConfUtils.java:logGet(46)) - raft.grpc.flow.control.window = 1MB (=1048576) (default)
2023-06-19 20:31:27,128 [Time-limited test] INFO  server.RaftServerConfigKeys (ConfUtils.java:logGet(46)) - raft.server.rpc.request.timeout = 3000ms (default)
2023-06-19 20:31:27,128 [Time-limited test] INFO  grpc.GrpcConfigKeys (ConfUtils.java:logGet(46)) - raft.grpc.server.heartbeat.channel = true (default)
2023-06-19 20:31:27,128 [Time-limited test] INFO  grpc.GrpcConfigKeys (ConfUtils.java:logGet(46)) - raft.grpc.server.async.request.thread.pool.cached = true (default)
2023-06-19 20:31:27,128 [Time-limited test] INFO  grpc.GrpcConfigKeys (ConfUtils.java:logGet(46)) - raft.grpc.server.async.request.thread.pool.size = 32 (default)
2023-06-19 20:31:27,130 [Time-limited test] INFO  impl.DataStreamServerImpl (ConfUtils.java:logGet(46)) - raft.datastream.type = DISABLED (default)
2023-06-19 20:31:27,130 [Time-limited test] INFO  server.RaftServerConfigKeys (ConfUtils.java:logGet(46)) - raft.server.threadpool.proxy.cached = true (default)
2023-06-19 20:31:27,130 [Time-limited test] INFO  server.RaftServerConfigKeys (ConfUtils.java:logGet(46)) - raft.server.threadpool.proxy.size = 0 (default)
2023-06-19 20:31:27,130 [Time-limited test] INFO  server.RaftServerConfigKeys (ConfUtils.java:logGet(46)) - raft.server.rpc.slowness.timeout = 120s (custom)
2023-06-19 20:31:27,131 [Time-limited test] INFO  server.RaftServerConfigKeys (ConfUtils.java:logGet(46)) - raft.server.leaderelection.leader.step-down.wait-time = 10s (default)
2023-06-19 20:31:27,131 [Time-limited test] INFO  server.RaftServerConfigKeys (ConfUtils.java:logGet(46)) - raft.server.storage.dir = [/tmp/junit5472904371138093782/junit3445861118651803169/scm-meta/ratis] (custom)
2023-06-19 20:31:27,136 [Time-limited test] INFO  server.RaftServer (RaftServerProxy.java:addNew(98)) - om1: addNew group-C5BA1605619E:[om1|rpc:fv-az616-238:9872|priority:0|startupRole:FOLLOWER] returns group-C5BA1605619E:java.util.concurrent.CompletableFuture@47dc7a0d[Not completed]
2023-06-19 20:31:27,137 [Time-limited test] INFO  om.OzoneManager (OzoneManager.java:initializeRatisServer(2106)) - OzoneManager Ratis server initialized at port 9872
2023-06-19 20:31:27,137 [Time-limited test] INFO  om.OzoneManager (OzoneManager.java:getRpcServer(1166)) - Creating RPC Server
2023-06-19 20:31:27,138 [om1-groupManagement] INFO  server.RaftServer$Division (RaftServerImpl.java:<init>(198)) - om1: new RaftServerImpl for group-C5BA1605619E:[om1|rpc:fv-az616-238:9872|priority:0|startupRole:FOLLOWER] with OzoneManagerStateMachine:uninitialized
2023-06-19 20:31:27,147 [om1-groupManagement] INFO  server.RaftServerConfigKeys (ConfUtils.java:logGet(46)) - raft.server.rpc.timeout.min = 5s (custom)
2023-06-19 20:31:27,147 [om1-groupManagement] INFO  server.RaftServerConfigKeys (ConfUtils.java:logGet(46)) - raft.server.rpc.timeout.max = 5200ms (custom)
2023-06-19 20:31:27,147 [om1-groupManagement] INFO  server.RaftServerConfigKeys (ConfUtils.java:logGet(46)) - raft.server.rpc.sleep.time = 25ms (default)
2023-06-19 20:31:27,147 [om1-groupManagement] INFO  server.RaftServerConfigKeys (ConfUtils.java:logGet(46)) - raft.server.rpc.slowness.timeout = 120s (custom)
2023-06-19 20:31:27,147 [om1-groupManagement] INFO  server.RaftServerConfigKeys (ConfUtils.java:logGet(46)) - raft.server.leaderelection.leader.step-down.wait-time = 10s (default)
2023-06-19 20:31:27,147 [om1-groupManagement] INFO  server.RaftServerConfigKeys (ConfUtils.java:logGet(46)) - raft.server.sleep.deviation.threshold = 300ms (default)
2023-06-19 20:31:27,147 [om1-groupManagement] INFO  server.RaftServer$Division (ServerState.java:<init>(120)) - om1@group-C5BA1605619E: ConfigurationManager, init=-1: peers:[om1|rpc:fv-az616-238:9872|priority:0|startupRole:FOLLOWER]|listeners:[], old=null, confs=<EMPTY_MAP>
2023-06-19 20:31:27,147 [om1-groupManagement] INFO  server.RaftServerConfigKeys (ConfUtils.java:logGet(46)) - raft.server.storage.dir = [/tmp/junit5472904371138093782/junit3445861118651803169/scm-meta/ratis] (custom)
2023-06-19 20:31:27,148 [om1-groupManagement] INFO  server.RaftServerConfigKeys (ConfUtils.java:logGet(46)) - raft.server.log.corruption.policy = EXCEPTION (default)
2023-06-19 20:31:27,148 [om1-groupManagement] INFO  server.RaftServerConfigKeys (ConfUtils.java:logGet(46)) - raft.server.storage.free-space.min = 0MB (=0) (default)
2023-06-19 20:31:27,148 [om1-groupManagement] INFO  server.RaftServerConfigKeys (ConfUtils.java:logGet(46)) - raft.server.notification.no-leader.timeout = 120s (custom)
2023-06-19 20:31:27,148 [om1-groupManagement] INFO  server.RaftServerConfigKeys (ConfUtils.java:logGet(46)) - raft.server.read.timeout = 10s (default)
2023-06-19 20:31:27,148 [om1-groupManagement] INFO  server.RaftServerConfigKeys (ConfUtils.java:logGet(46)) - raft.server.retrycache.expirytime = 300s (custom)
2023-06-19 20:31:27,148 [om1-groupManagement] INFO  server.RaftServerConfigKeys (ConfUtils.java:logGet(46)) - raft.server.retrycache.statistics.expirytime = 100μs (default)
2023-06-19 20:31:27,148 [om1-groupManagement] INFO  server.RaftServerConfigKeys (ConfUtils.java:logGet(46)) - raft.server.read.option = DEFAULT (default)
2023-06-19 20:31:27,149 [om1-groupManagement] INFO  server.RaftServerConfigKeys (ConfUtils.java:logGet(46)) - raft.server.rpc.request.timeout = 3000ms (default)
2023-06-19 20:31:27,149 [om1-groupManagement] INFO  server.RaftServerConfigKeys (ConfUtils.java:logGet(46)) - raft.server.log.appender.install.snapshot.enabled = false (custom)
2023-06-19 20:31:27,150 [om1-groupManagement] INFO  server.RaftServerConfigKeys (ConfUtils.java:logGet(46)) - raft.server.threadpool.server.cached = true (default)
2023-06-19 20:31:27,150 [om1-groupManagement] INFO  server.RaftServerConfigKeys (ConfUtils.java:logGet(46)) - raft.server.threadpool.server.size = 0 (default)
2023-06-19 20:31:27,150 [om1-groupManagement] INFO  server.RaftServerConfigKeys (ConfUtils.java:logGet(46)) - raft.server.threadpool.client.cached = true (default)
2023-06-19 20:31:27,150 [om1-groupManagement] INFO  server.RaftServerConfigKeys (ConfUtils.java:logGet(46)) - raft.server.threadpool.client.size = 0 (default)
2023-06-19 20:31:27,694 [Time-limited test] INFO  reflections.Reflections (Reflections.java:scan(232)) - Reflections took 555 ms to scan 19 urls, producing 69 keys and 5367 values [using 2 cores]
2023-06-19 20:31:27,700 [Time-limited test] INFO  ipc.CallQueueManager (CallQueueManager.java:<init>(90)) - Using callQueue: class java.util.concurrent.LinkedBlockingQueue, queueCapacity: 10000, scheduler: class org.apache.hadoop.ipc.DefaultRpcScheduler, ipcBackoff: false.
2023-06-19 20:31:27,703 [Socket Reader #1 for port 1202] INFO  ipc.Server (Server.java:run(1319)) - Starting Socket Reader #1 for port 1202
2023-06-19 20:31:27,707 [Listener at fv-az616-238/1202] INFO  hdds.HddsUtils (HddsUtils.java:preserveThreadName(848)) - Restoring thread name: Time-limited test
2023-06-19 20:31:27,754 [Time-limited test] INFO  server.StorageContainerManager (StorageContainerManager.java:stop(1584)) - Container Balancer is not running.
2023-06-19 20:31:27,754 [Time-limited test] INFO  server.StorageContainerManager (StorageContainerManager.java:stopReplicationManager(1717)) - Stopping Replication Manager Service.
2023-06-19 20:31:27,754 [Time-limited test] INFO  replication.ReplicationManager (ReplicationManager.java:stop(319)) - Stopping Replication Monitor Thread.
2023-06-19 20:31:27,754 [Under Replicated Processor] WARN  replication.UnhealthyReplicationProcessor (UnhealthyReplicationProcessor.java:run(180)) - Under Replicated Processor interrupted. Exiting...
2023-06-19 20:31:27,754 [Over Replicated Processor] WARN  replication.UnhealthyReplicationProcessor (UnhealthyReplicationProcessor.java:run(180)) - Over Replicated Processor interrupted. Exiting...
2023-06-19 20:31:27,754 [Time-limited test] INFO  server.StorageContainerManager (StorageContainerManager.java:stop(1593)) - Stopping the Datanode Admin Monitor.
2023-06-19 20:31:27,755 [ReplicationMonitor] INFO  replication.ReplicationManager (ReplicationManager.java:run(918)) - Replication Monitor Thread is stopped
2023-06-19 20:31:27,755 [Time-limited test] INFO  server.StorageContainerManager (StorageContainerManager.java:stop(1600)) - Stopping datanode service RPC server
2023-06-19 20:31:27,755 [Time-limited test] INFO  server.SCMDatanodeProtocolServer (SCMDatanodeProtocolServer.java:stop(424)) - Stopping the RPC server for DataNodes
2023-06-19 20:31:27,756 [Time-limited test] INFO  ipc.Server (Server.java:stop(3501)) - Stopping server on 9861
2023-06-19 20:31:27,766 [IPC Server Responder] INFO  ipc.Server (Server.java:run(1563)) - Stopping IPC Server Responder
2023-06-19 20:31:27,766 [IPC Server listener on 9861] INFO  ipc.Server (Server.java:run(1430)) - Stopping IPC Server listener on 9861
2023-06-19 20:31:28,623 [SCM Heartbeat Processing Thread - 0] WARN  node.NodeStateManager (NodeStateManager.java:scheduleNextHealthCheck(870)) - Current Thread is interrupted, shutting down HB processing thread for Node Manager.
2023-06-19 20:31:28,624 [Time-limited test] INFO  server.StorageContainerManager (StorageContainerManager.java:stop(1608)) - Stopping block service RPC server
2023-06-19 20:31:28,624 [Time-limited test] INFO  server.SCMBlockProtocolServer (SCMBlockProtocolServer.java:stop(161)) - Stopping the RPC server for Block Protocol
2023-06-19 20:31:28,624 [Time-limited test] INFO  ipc.Server (Server.java:stop(3501)) - Stopping server on 9863
2023-06-19 20:31:28,628 [IPC Server listener on 9863] INFO  ipc.Server (Server.java:run(1430)) - Stopping IPC Server listener on 9863
2023-06-19 20:31:28,633 [IPC Server Responder] INFO  ipc.Server (Server.java:run(1563)) - Stopping IPC Server Responder
2023-06-19 20:31:28,633 [Time-limited test] INFO  server.StorageContainerManager (StorageContainerManager.java:stop(1615)) - Stopping the StorageContainerLocationProtocol RPC server
2023-06-19 20:31:28,633 [Time-limited test] INFO  server.SCMClientProtocolServer (SCMClientProtocolServer.java:stop(210)) - Stopping the RPC server for Client Protocol
2023-06-19 20:31:28,633 [Time-limited test] INFO  ipc.Server (Server.java:stop(3501)) - Stopping server on 9860
2023-06-19 20:31:28,650 [IPC Server listener on 9860] INFO  ipc.Server (Server.java:run(1430)) - Stopping IPC Server listener on 9860
2023-06-19 20:31:28,650 [IPC Server Responder] INFO  ipc.Server (Server.java:run(1563)) - Stopping IPC Server Responder
2023-06-19 20:31:28,651 [Time-limited test] INFO  server.StorageContainerManager (StorageContainerManager.java:stop(1622)) - Stopping Storage Container Manager HTTP server.
2023-06-19 20:31:28,651 [Time-limited test] INFO  handler.ContextHandler (ContextHandler.java:doStop(1159)) - Stopped o.e.j.w.WebAppContext@4c9f137f{scm,/,null,STOPPED}{file:/home/runner/work/ozone/ozone/hadoop-ozone/integration-test/target/test-classes/webapps/scm}
2023-06-19 20:31:28,652 [Time-limited test] INFO  server.AbstractConnector (AbstractConnector.java:doStop(383)) - Stopped ServerConnector@1902429a{HTTP/1.1, (http/1.1)}{0.0.0.0:9876}
2023-06-19 20:31:28,652 [Time-limited test] INFO  server.session (HouseKeeper.java:stopScavenging(149)) - node0 Stopped scavenging
2023-06-19 20:31:28,653 [Time-limited test] INFO  handler.ContextHandler (ContextHandler.java:doStop(1159)) - Stopped o.e.j.s.ServletContextHandler@5b1217b2{static,/static,file:///home/runner/work/ozone/ozone/hadoop-ozone/integration-test/target/test-classes/webapps/static,STOPPED}
2023-06-19 20:31:28,653 [Time-limited test] INFO  handler.ContextHandler (ContextHandler.java:doStop(1159)) - Stopped o.e.j.s.ServletContextHandler@10244930{logs,/logs,file:///home/runner/work/ozone/ozone/hadoop-ozone/integration-test/target/log,STOPPED}
2023-06-19 20:31:28,654 [Time-limited test] INFO  server.StorageContainerManager (StorageContainerManager.java:stop(1630)) - Stopping SCM LayoutVersionManager Service.
2023-06-19 20:31:28,654 [Time-limited test] INFO  server.SCMSecurityProtocolServer (SCMSecurityProtocolServer.java:stop(473)) - Stopping the SCMSecurityProtocolServer.
2023-06-19 20:31:28,654 [Time-limited test] INFO  ipc.Server (Server.java:stop(3501)) - Stopping server on 9961
2023-06-19 20:31:28,654 [IPC Server listener on 9961] INFO  ipc.Server (Server.java:run(1430)) - Stopping IPC Server listener on 9961
2023-06-19 20:31:28,656 [IPC Server Responder] INFO  ipc.Server (Server.java:run(1563)) - Stopping IPC Server Responder
2023-06-19 20:31:28,657 [Time-limited test] INFO  server.SCMUpdateServiceGrpcServer (SCMUpdateServiceGrpcServer.java:stop(73)) - SCMUpdateService stopping
2023-06-19 20:31:28,658 [Time-limited test] INFO  server.SCMUpdateServiceGrpcServer (SCMUpdateServiceGrpcServer.java:stop(85)) - SCMUpdateService stopped!
2023-06-19 20:31:28,658 [Time-limited test] INFO  server.StorageContainerManager (StorageContainerManager.java:stop(1642)) - Stopping Block Manager Service.
2023-06-19 20:31:28,658 [Time-limited test] INFO  utils.BackgroundService (BackgroundService.java:shutdown(141)) - Shutting down service SCMBlockDeletingService
2023-06-19 20:31:28,659 [Time-limited test] INFO  utils.BackgroundService (BackgroundService.java:shutdown(141)) - Shutting down service SCMBlockDeletingService
2023-06-19 20:31:28,659 [Time-limited test] INFO  server.StorageContainerManager (StorageContainerManager.java:stop(1662)) - Stopping SCM Event Queue.
2023-06-19 20:31:28,659 [JvmPauseMonitor3] INFO  util.JvmPauseMonitor (JvmPauseMonitor.java:run(109)) - JvmPauseMonitor-ed4f1766-1b8a-40d3-95cb-923886c4c11b: Stopped
2023-06-19 20:31:28,663 [Time-limited test] INFO  server.StorageContainerManager (StorageContainerManager.java:stop(1673)) - Stopping SCM HA services.
2023-06-19 20:31:28,663 [Time-limited test] INFO  pipeline.BackgroundPipelineCreator (BackgroundPipelineCreator.java:stop(149)) - Stopping RatisPipelineUtilsThread.
2023-06-19 20:31:28,663 [RatisPipelineUtilsThread - 0] WARN  pipeline.BackgroundPipelineCreator (BackgroundPipelineCreator.java:run(180)) - RatisPipelineUtilsThread is interrupted.
2023-06-19 20:31:28,664 [BackgroundPipelineScrubberThread] WARN  BackgroundPipelineScrubber (BackgroundSCMService.java:run(115)) - BackgroundPipelineScrubber is interrupted, exit
2023-06-19 20:31:28,664 [Time-limited test] INFO  BackgroundPipelineScrubber (BackgroundSCMService.java:stop(131)) - Stopping BackgroundPipelineScrubber Service.
2023-06-19 20:31:28,664 [Time-limited test] INFO  impl.MetricsSystemImpl (MetricsSystemImpl.java:stop(210)) - Stopping StorageContainerManager metrics system...
2023-06-19 20:31:28,668 [prometheus] INFO  impl.MetricsSinkAdapter (MetricsSinkAdapter.java:publishMetricsFromQueue(141)) - prometheus thread interrupted.
2023-06-19 20:31:28,669 [Time-limited test] INFO  impl.MetricsSystemImpl (MetricsSystemImpl.java:stop(216)) - StorageContainerManager metrics system stopped.
2023-06-19 20:31:28,669 [Time-limited test] WARN  pipeline.BackgroundPipelineCreator (BackgroundPipelineCreator.java:stop(145)) - RatisPipelineUtilsThread is not running, just ignore.
2023-06-19 20:31:28,669 [Time-limited test] INFO  BackgroundPipelineScrubber (BackgroundSCMService.java:stop(126)) - BackgroundPipelineScrubber Service is not running, skip stop.
2023-06-19 20:31:28,669 [Time-limited test] INFO  ExpiredContainerReplicaOpScrubber (BackgroundSCMService.java:stop(131)) - Stopping ExpiredContainerReplicaOpScrubber Service.
2023-06-19 20:31:28,669 [ExpiredContainerReplicaOpScrubberThread] WARN  ExpiredContainerReplicaOpScrubber (BackgroundSCMService.java:run(115)) - ExpiredContainerReplicaOpScrubber is interrupted, exit
2023-06-19 20:31:28,669 [Time-limited test] INFO  utils.BackgroundService (BackgroundService.java:shutdown(141)) - Shutting down service SCMBlockDeletingService
2023-06-19 20:31:28,669 [Time-limited test] INFO  replication.ReplicationManager (ReplicationManager.java:stop(329)) - Replication Monitor Thread is not running.
2023-06-19 20:31:28,670 [Time-limited test] WARN  balancer.ContainerBalancer (ContainerBalancer.java:stop(328)) - Cannot stop Container Balancer because it's not running or stopping
2023-06-19 20:31:28,670 [Lease Manager-LeaseManager#LeaseMonitor] WARN  lease.LeaseManager (LeaseManager.java:run(272)) - Lease manager is interrupted. Shutting down...
java.lang.InterruptedException
	at java.util.concurrent.locks.AbstractQueuedSynchronizer.doAcquireSharedNanos(AbstractQueuedSynchronizer.java:1039)
	at java.util.concurrent.locks.AbstractQueuedSynchronizer.tryAcquireSharedNanos(AbstractQueuedSynchronizer.java:1328)
	at java.util.concurrent.Semaphore.tryAcquire(Semaphore.java:409)
	at org.apache.hadoop.ozone.lease.LeaseManager$LeaseMonitor.run(LeaseManager.java:270)
	at java.lang.Thread.run(Thread.java:750)
2023-06-19 20:31:28,670 [Time-limited test] INFO  server.StorageContainerManager (StorageContainerManager.java:stop(1708)) - Stopping SCM MetadataStore.
2023-06-19 20:31:28,671 [Time-limited test] INFO  om.OzoneManager (OzoneManager.java:stop(2165)) - om1[fv-az616-238:1202]: Stopping Ozone Manager
2023-06-19 20:31:28,673 [Time-limited test] INFO  ipc.Server (Server.java:stop(3501)) - Stopping server on 1202
2023-06-19 20:31:28,681 [Time-limited test] INFO  ratis.OzoneManagerStateMachine (OzoneManagerStateMachine.java:close(533)) - StateMachine has shutdown. Shutdown OzoneManager if not already shutdown.
2023-06-19 20:31:28,681 [Time-limited test] INFO  ratis.OzoneManagerDoubleBuffer (OzoneManagerDoubleBuffer.java:stopDaemon(551)) - Stopping OMDoubleBuffer flush thread
2023-06-19 20:31:28,681 [OMDoubleBufferFlushThread] INFO  ratis.OzoneManagerDoubleBuffer (OzoneManagerDoubleBuffer.java:canFlush(638)) - OMDoubleBuffer flush thread OMDoubleBufferFlushThread is interrupted and will exit.
2023-06-19 20:31:28,681 [Time-limited test] INFO  om.OzoneManager (OzoneManager.java:stopSecretManager(1037)) - Stopping secret key client.
2023-06-19 20:31:28,682 [Time-limited test] INFO  om.OzoneManager (OzoneManager.java:stopSecretManager(1042)) - Stopping OM delegation token secret manager.
2023-06-19 20:31:28,684 [Time-limited test] INFO  snapshot.SnapshotDiffManager (SnapshotDiffManager.java:closeExecutorService(1267)) - Shutting down executorService: 'SnapDiffExecutor'
2023-06-19 20:31:28,691 [Time-limited test] INFO  snapshot.SnapshotDiffManager (SnapshotDiffManager.java:closeExecutorService(1267)) - Shutting down executorService: 'SstDumpToolExecutor'
2023-06-19 20:31:28,692 [Time-limited test] INFO  utils.BackgroundService (BackgroundService.java:shutdown(141)) - Shutting down service SnapshotDiffCleanupService
2023-06-19 20:31:28,694 [Time-limited test] INFO  om.OzoneManager (OzoneManager.java:stop(2165)) - om1[fv-az616-238:1202]: Stopping Ozone Manager
2023-06-19 20:31:28,695 [Time-limited test] INFO  impl.DefaultInternalKdcServerImpl (DefaultInternalKdcServerImpl.java:doStop(102)) - Default Internal kdc server stopped.
2023-06-19 20:31:29,696 [Time-limited test] INFO  minikdc.MiniKdc (MiniKdc.java:stop(359)) - MiniKdc stopped.
2023-06-19 20:31:29,696 [Time-limited test] INFO  server.StorageContainerManager (StorageContainerManager.java:stop(1573)) - Storage Container Manager is not running.
2023-06-19 20:31:29,696 [Time-limited test] INFO  server.StorageContainerManager (StorageContainerManager.java:stopReplicationManager(1717)) - Stopping Replication Manager Service.
2023-06-19 20:31:29,696 [Time-limited test] INFO  replication.ReplicationManager (ReplicationManager.java:stop(329)) - Replication Monitor Thread is not running.
2023-06-19 20:31:29,696 [Time-limited test] INFO  server.SCMSecurityProtocolServer (SCMSecurityProtocolServer.java:join(483)) - Join RPC server for SCMSecurityProtocolServer.
2023-06-19 20:31:29,696 [Time-limited test] INFO  server.SCMSecurityProtocolServer (SCMSecurityProtocolServer.java:join(485)) - Join gRPC server for SCMSecurityProtocolServer.
2023-06-19 20:31:29,697 [Time-limited test] INFO  om.OzoneManager (OzoneManager.java:stop(2165)) - om1[fv-az616-238:1202]: Stopping Ozone Manager
]]></system-out>
  </testcase>
  <testcase name="testSecureOmInitializationSuccess" classname="org.apache.hadoop.ozone.TestSecureOzoneCluster" time="4.891">
    <system-out><![CDATA[2023-06-19 20:31:29,744 [Time-limited test] INFO  net.ServerSocketUtil (ServerSocketUtil.java:getPort(55)) - Using port 9860
2023-06-19 20:31:29,744 [Time-limited test] INFO  net.ServerSocketUtil (ServerSocketUtil.java:getPort(55)) - Using port 9861
2023-06-19 20:31:29,745 [Time-limited test] INFO  net.ServerSocketUtil (ServerSocketUtil.java:getPort(55)) - Using port 9863
2023-06-19 20:31:29,745 [Time-limited test] INFO  net.ServerSocketUtil (ServerSocketUtil.java:getPort(55)) - Using port 9961
2023-06-19 20:31:29,745 [Time-limited test] INFO  net.ServerSocketUtil (ServerSocketUtil.java:getPort(55)) - Using port 1200
2023-06-19 20:31:29,745 [Time-limited test] INFO  net.ServerSocketUtil (ServerSocketUtil.java:getPort(55)) - Using port 1201
2023-06-19 20:31:29,746 [Time-limited test] INFO  minikdc.MiniKdc (MiniKdc.java:<init>(225)) - Configuration:
2023-06-19 20:31:29,746 [Time-limited test] INFO  minikdc.MiniKdc (MiniKdc.java:<init>(226)) - ---------------------------------------------------------------
2023-06-19 20:31:29,746 [Time-limited test] INFO  minikdc.MiniKdc (MiniKdc.java:<init>(228)) -   debug: false
2023-06-19 20:31:29,746 [Time-limited test] INFO  minikdc.MiniKdc (MiniKdc.java:<init>(228)) -   transport: TCP
2023-06-19 20:31:29,746 [Time-limited test] INFO  minikdc.MiniKdc (MiniKdc.java:<init>(228)) -   max.ticket.lifetime: 86400000
2023-06-19 20:31:29,746 [Time-limited test] INFO  minikdc.MiniKdc (MiniKdc.java:<init>(228)) -   org.name: EXAMPLE
2023-06-19 20:31:29,746 [Time-limited test] INFO  minikdc.MiniKdc (MiniKdc.java:<init>(228)) -   kdc.port: 0
2023-06-19 20:31:29,746 [Time-limited test] INFO  minikdc.MiniKdc (MiniKdc.java:<init>(228)) -   org.domain: COM
2023-06-19 20:31:29,747 [Time-limited test] INFO  minikdc.MiniKdc (MiniKdc.java:<init>(228)) -   max.renewable.lifetime: 604800000
2023-06-19 20:31:29,747 [Time-limited test] INFO  minikdc.MiniKdc (MiniKdc.java:<init>(228)) -   instance: DefaultKrbServer
2023-06-19 20:31:29,747 [Time-limited test] INFO  minikdc.MiniKdc (MiniKdc.java:<init>(228)) -   kdc.bind.address: localhost
2023-06-19 20:31:29,747 [Time-limited test] INFO  minikdc.MiniKdc (MiniKdc.java:<init>(230)) - ---------------------------------------------------------------
2023-06-19 20:31:29,751 [Time-limited test] INFO  minikdc.MiniKdc (MiniKdc.java:start(285)) - MiniKdc started.
2023-06-19 20:31:30,696 [Time-limited test] WARN  server.ServerUtils (ServerUtils.java:getScmDbDir(155)) - ozone.scm.db.dirs is not configured. We recommend adding this setting. Falling back to ozone.metadata.dirs instead.
2023-06-19 20:31:30,696 [Time-limited test] INFO  ha.HASecurityUtils (HASecurityUtils.java:initializeSecurity(93)) - Initializing secure StorageContainerManager.
2023-06-19 20:31:30,696 [Time-limited test] WARN  client.SCMCertificateClient (DefaultCertificateClient.java:loadAllCertificates(161)) - Certificates could not be loaded.
java.nio.file.NoSuchFileException: /tmp/junit2600101091809176003/junit7024287499491557844/scm-meta/scm/sub-ca/certs
	at sun.nio.fs.UnixException.translateToIOException(UnixException.java:86)
	at sun.nio.fs.UnixException.rethrowAsIOException(UnixException.java:102)
	at sun.nio.fs.UnixException.rethrowAsIOException(UnixException.java:107)
	at sun.nio.fs.UnixFileSystemProvider.newDirectoryStream(UnixFileSystemProvider.java:427)
	at java.nio.file.Files.newDirectoryStream(Files.java:457)
	at java.nio.file.Files.list(Files.java:3451)
	at org.apache.hadoop.hdds.security.x509.certificate.client.DefaultCertificateClient.loadAllCertificates(DefaultCertificateClient.java:156)
	at org.apache.hadoop.hdds.security.x509.certificate.client.DefaultCertificateClient.updateCertSerialId(DefaultCertificateClient.java:1206)
	at org.apache.hadoop.hdds.security.x509.certificate.client.DefaultCertificateClient.<init>(DefaultCertificateClient.java:148)
	at org.apache.hadoop.hdds.security.x509.certificate.client.SCMCertificateClient.<init>(SCMCertificateClient.java:54)
	at org.apache.hadoop.hdds.scm.ha.HASecurityUtils.initializeSecurity(HASecurityUtils.java:97)
	at org.apache.hadoop.ozone.TestSecureOzoneCluster.initSCM(TestSecureOzoneCluster.java:431)
	at org.apache.hadoop.ozone.TestSecureOzoneCluster.testSecureOmInitializationSuccess(TestSecureOzoneCluster.java:501)
	at sun.reflect.NativeMethodAccessorImpl.invoke0(Native Method)
	at sun.reflect.NativeMethodAccessorImpl.invoke(NativeMethodAccessorImpl.java:62)
	at sun.reflect.DelegatingMethodAccessorImpl.invoke(DelegatingMethodAccessorImpl.java:43)
	at java.lang.reflect.Method.invoke(Method.java:498)
	at org.junit.runners.model.FrameworkMethod$1.runReflectiveCall(FrameworkMethod.java:59)
	at org.junit.internal.runners.model.ReflectiveCallable.run(ReflectiveCallable.java:12)
	at org.junit.runners.model.FrameworkMethod.invokeExplosively(FrameworkMethod.java:56)
	at org.junit.internal.runners.statements.InvokeMethod.evaluate(InvokeMethod.java:17)
	at org.junit.internal.runners.statements.RunBefores.evaluate(RunBefores.java:26)
	at org.junit.internal.runners.statements.RunAfters.evaluate(RunAfters.java:27)
	at org.junit.rules.ExternalResource$1.evaluate(ExternalResource.java:54)
	at org.junit.internal.runners.statements.FailOnTimeout$CallableStatement.call(FailOnTimeout.java:288)
	at org.junit.internal.runners.statements.FailOnTimeout$CallableStatement.call(FailOnTimeout.java:282)
	at java.util.concurrent.FutureTask.run(FutureTask.java:266)
	at java.lang.Thread.run(Thread.java:750)
2023-06-19 20:31:30,697 [Time-limited test] WARN  client.SCMCertificateClient (DefaultCertificateClient.java:loadAllCertificates(161)) - Certificates could not be loaded.
java.nio.file.NoSuchFileException: /tmp/junit2600101091809176003/junit7024287499491557844/scm-meta/scm/sub-ca/certs
	at sun.nio.fs.UnixException.translateToIOException(UnixException.java:86)
	at sun.nio.fs.UnixException.rethrowAsIOException(UnixException.java:102)
	at sun.nio.fs.UnixException.rethrowAsIOException(UnixException.java:107)
	at sun.nio.fs.UnixFileSystemProvider.newDirectoryStream(UnixFileSystemProvider.java:427)
	at java.nio.file.Files.newDirectoryStream(Files.java:457)
	at java.nio.file.Files.list(Files.java:3451)
	at org.apache.hadoop.hdds.security.x509.certificate.client.DefaultCertificateClient.loadAllCertificates(DefaultCertificateClient.java:156)
	at org.apache.hadoop.hdds.security.x509.certificate.client.DefaultCertificateClient.getCertPath(DefaultCertificateClient.java:324)
	at org.apache.hadoop.hdds.security.x509.certificate.client.DefaultCertificateClient.getCertificate(DefaultCertificateClient.java:300)
	at org.apache.hadoop.hdds.security.x509.certificate.client.DefaultCertificateClient.init(DefaultCertificateClient.java:669)
	at org.apache.hadoop.hdds.scm.ha.HASecurityUtils.initializeSecurity(HASecurityUtils.java:98)
	at org.apache.hadoop.ozone.TestSecureOzoneCluster.initSCM(TestSecureOzoneCluster.java:431)
	at org.apache.hadoop.ozone.TestSecureOzoneCluster.testSecureOmInitializationSuccess(TestSecureOzoneCluster.java:501)
	at sun.reflect.NativeMethodAccessorImpl.invoke0(Native Method)
	at sun.reflect.NativeMethodAccessorImpl.invoke(NativeMethodAccessorImpl.java:62)
	at sun.reflect.DelegatingMethodAccessorImpl.invoke(DelegatingMethodAccessorImpl.java:43)
	at java.lang.reflect.Method.invoke(Method.java:498)
	at org.junit.runners.model.FrameworkMethod$1.runReflectiveCall(FrameworkMethod.java:59)
	at org.junit.internal.runners.model.ReflectiveCallable.run(ReflectiveCallable.java:12)
	at org.junit.runners.model.FrameworkMethod.invokeExplosively(FrameworkMethod.java:56)
	at org.junit.internal.runners.statements.InvokeMethod.evaluate(InvokeMethod.java:17)
	at org.junit.internal.runners.statements.RunBefores.evaluate(RunBefores.java:26)
	at org.junit.internal.runners.statements.RunAfters.evaluate(RunAfters.java:27)
	at org.junit.rules.ExternalResource$1.evaluate(ExternalResource.java:54)
	at org.junit.internal.runners.statements.FailOnTimeout$CallableStatement.call(FailOnTimeout.java:288)
	at org.junit.internal.runners.statements.FailOnTimeout$CallableStatement.call(FailOnTimeout.java:282)
	at java.util.concurrent.FutureTask.run(FutureTask.java:266)
	at java.lang.Thread.run(Thread.java:750)
2023-06-19 20:31:30,697 [Time-limited test] INFO  client.SCMCertificateClient (DefaultCertificateClient.java:init(692)) - Certificate client init case: 0
2023-06-19 20:31:30,697 [Time-limited test] INFO  client.SCMCertificateClient (SCMCertificateClient.java:handleCase(68)) - Creating keypair for client as keypair and certificate not found.
2023-06-19 20:31:30,884 [Time-limited test] INFO  ha.HASecurityUtils (HASecurityUtils.java:initializeSecurity(99)) - Init response: GETCERT
2023-06-19 20:31:30,993 [Time-limited test] INFO  ozone.OzoneSecurityUtil (OzoneSecurityUtil.java:getValidInetsForCurrentHost(119)) - ip:fe80:0:0:0:20d:3aff:fe5b:c2ca%eth0 not returned.
2023-06-19 20:31:30,993 [Time-limited test] INFO  ozone.OzoneSecurityUtil (OzoneSecurityUtil.java:getValidInetsForCurrentHost(116)) - Adding ip:10.1.0.14,host:fv-az616-238
2023-06-19 20:31:30,993 [Time-limited test] INFO  ozone.OzoneSecurityUtil (OzoneSecurityUtil.java:getValidInetsForCurrentHost(119)) - ip:0:0:0:0:0:0:0:1%lo not returned.
2023-06-19 20:31:30,993 [Time-limited test] INFO  ozone.OzoneSecurityUtil (OzoneSecurityUtil.java:getValidInetsForCurrentHost(119)) - ip:127.0.0.1 not returned.
2023-06-19 20:31:30,993 [Time-limited test] ERROR utils.SelfSignedCertificate (SelfSignedCertificate.java:lambda$addInetAddresses$0(245)) - Invalid domain fv-az616-238
2023-06-19 20:31:30,997 [Time-limited test] INFO  utils.SelfSignedCertificate (SelfSignedCertificate.java:generateCertificate(158)) - Certificate 1 is issued by CN=scm@fv-az616-238,OU=50992b9b-0363-40f6-8189-3832ef39d8ff,O=df50825e-2899-44e6-90f4-6b65943d3cef to CN=scm@fv-az616-238,OU=50992b9b-0363-40f6-8189-3832ef39d8ff,O=df50825e-2899-44e6-90f4-6b65943d3cef, valid from Mon Jun 19 20:31:30 UTC 2023 to Thu Jul 27 20:31:30 UTC 2028
2023-06-19 20:31:30,999 [Time-limited test] INFO  ozone.OzoneSecurityUtil (OzoneSecurityUtil.java:getValidInetsForCurrentHost(119)) - ip:fe80:0:0:0:20d:3aff:fe5b:c2ca%eth0 not returned.
2023-06-19 20:31:30,999 [Time-limited test] INFO  ozone.OzoneSecurityUtil (OzoneSecurityUtil.java:getValidInetsForCurrentHost(116)) - Adding ip:10.1.0.14,host:fv-az616-238
2023-06-19 20:31:30,999 [Time-limited test] INFO  ozone.OzoneSecurityUtil (OzoneSecurityUtil.java:getValidInetsForCurrentHost(119)) - ip:0:0:0:0:0:0:0:1%lo not returned.
2023-06-19 20:31:30,999 [Time-limited test] INFO  ozone.OzoneSecurityUtil (OzoneSecurityUtil.java:getValidInetsForCurrentHost(119)) - ip:127.0.0.1 not returned.
2023-06-19 20:31:31,000 [Time-limited test] ERROR utils.CertificateSignRequest (CertificateSignRequest.java:lambda$addInetAddresses$0(296)) - Invalid domain fv-az616-238
2023-06-19 20:31:31,000 [Time-limited test] INFO  ha.HASecurityUtils (HASecurityUtils.java:generateCSR(280)) - Creating csr for SCM->hostName:fv-az616-238,scmId:50992b9b-0363-40f6-8189-3832ef39d8ff,clusterId:df50825e-2899-44e6-90f4-6b65943d3cef,subject:scm-sub@fv-az616-238
2023-06-19 20:31:31,010 [Time-limited test] INFO  ha.HASecurityUtils (HASecurityUtils.java:initializeSecurity(112)) - Successfully stored SCM signed certificate.
2023-06-19 20:31:31,013 [Time-limited test] WARN  server.ServerUtils (ServerUtils.java:getScmDbDir(155)) - ozone.scm.db.dirs is not configured. We recommend adding this setting. Falling back to ozone.metadata.dirs instead.
2023-06-19 20:31:31,013 [Time-limited test] INFO  ha.SCMHANodeDetails (SCMHANodeDetails.java:loadSCMHAConfig(210)) - ServiceID for StorageContainerManager is null
2023-06-19 20:31:31,013 [Time-limited test] INFO  ha.SCMHANodeDetails (SCMHANodeDetails.java:loadSCMHAConfig(215)) - ozone.scm.default.service.id is not defined, falling back to ozone.scm.service.ids to find serviceID for StorageContainerManager if it is HA enabled cluster
2023-06-19 20:31:31,016 [Time-limited test] INFO  client.SCMCertificateClient (DefaultCertificateClient.java:readCertificateFile(196)) - Added certificate   [0]         Version: 3
         SerialNumber: 5180519680639
             IssuerDN: CN=scm@fv-az616-238,OU=50992b9b-0363-40f6-8189-3832ef39d8ff,O=df50825e-2899-44e6-90f4-6b65943d3cef
           Start Date: Mon Jun 19 20:31:31 UTC 2023
           Final Date: Thu Jul 27 20:31:31 UTC 2028
            SubjectDN: CN=scm-sub@fv-az616-238,OU=50992b9b-0363-40f6-8189-3832ef39d8ff,O=df50825e-2899-44e6-90f4-6b65943d3cef
           Public Key: RSA Public Key [7e:ab:21:5c:62:ed:fe:17:99:41:0f:2a:43:c3:56:b4:ce:0e:7e:20],[56:66:d1:a4]
        modulus: a3ed7d6055929f6c681f2ee1f714c34c68f3a65c320e094eccee87aa90759791a98cb84fd7f13dc80550d7de0a45a790f8b69191b93786e35e5cb0c050cb5cc9ac94f9f9c81e144940a76220d7dad9d6fc8267e3ed2ef2219a16a886f48c8e960e62348ea7609a6b0955c539e89c2b6088db7aaf434d6c3af85162c3d7b6cfb8c851add17af904ce81a7f4399660451947a2a597870cbd39c132a5807337337baf673c59e1b13202bcd2adcf38b1c488c1fa8482da2eecbc2bd5bf42c160fbb4da3720460a535b7daf5d5d4bc2d3a7e963fba0f0eea32d7adcd8642f85ac475f4947d89aa4ab2a28ce8c6917c2422308c3465f51fc50c970626e943fd457976d
public exponent: 10001

  Signature Algorithm: SHA256WITHRSA
            Signature: 648d2ec51e20627a581d4a516ce32cd498f293b3
                       9b802c7cdb7f365bfab21742c2e45186f734a2fa
                       a238dc2189a3e5d7470c0aadbda3e0120f67f912
                       791676524bc59a1ac9bb11c76e9a135544e45984
                       f6c95b8f8c25d84821719e4f46fc5adfedee877c
                       d2501989759eed5b879863f498f7007e94c16723
                       6ea9fade8f06708db6ff3d6f5f60f1d35c9be8ae
                       b6bca9fc7eeb1be62fafab68bc161dd1ca55f060
                       21930eaa236927a5fbcccb85cfb6e4485a3e575d
                       ddfbbf496698b6f5c99b07d6629dfc8897e885c4
                       8a7d96d627de50833fb59c154ef25d9639e5341e
                       81be10d86a2739c37573a8b91a578f150c1f85c3
                       2c01efde02792e52393d7d372b02a26c
       Extensions: 
                       critical(false) 2.5.29.17 value = Sequence
    Tagged [7] IMPLICIT 
        DER Octet String[4] 

                       critical(true) BasicConstraints: isCa(true)
                       critical(true) KeyUsage: 0xbe
 from file: /tmp/junit2600101091809176003/junit7024287499491557844/scm-meta/scm/sub-ca/certs/certificate.crt.
2023-06-19 20:31:31,024 [Time-limited test] INFO  client.SCMCertificateClient (DefaultCertificateClient.java:readCertificateFile(196)) - Added certificate   [0]         Version: 3
         SerialNumber: 1
             IssuerDN: CN=scm@fv-az616-238,OU=50992b9b-0363-40f6-8189-3832ef39d8ff,O=df50825e-2899-44e6-90f4-6b65943d3cef
           Start Date: Mon Jun 19 20:31:30 UTC 2023
           Final Date: Thu Jul 27 20:31:30 UTC 2028
            SubjectDN: CN=scm@fv-az616-238,OU=50992b9b-0363-40f6-8189-3832ef39d8ff,O=df50825e-2899-44e6-90f4-6b65943d3cef
           Public Key: RSA Public Key [2c:6c:85:91:a3:b2:9a:7c:3d:1e:d0:3b:15:b0:64:98:d3:35:aa:b6],[56:66:d1:a4]
        modulus: e6e34f93ccb00e1edb19a7e07e3643241a27dfd48664826cf3e12de0eeaca6324dbd9b2552e9c7c80eafc1726c969287ee9c0a8ffdf4a48c955cf77da20fa781e5c9c8be9528fc974eb2ee1e5b7ab8048acb138bffe2628e41c7458ac2ba01e66635520af170d5074bc3a783553003f7ef25c888e49482a10931da844208f66e243391d79d10d8def48cd517244c135bfdf88aae7375cf48d3d01e6243dc6b1b7750e5c5cfe1a1e49d7ced5624b964cc746240a89366085d32efdcf77bc01ec3191b2789e57d3a74ad9d8d5b1152a0de9bfd3cacad0e0732df4b7b17f4d5953fb59f88a6b8e4c3a4647271ea37331ffbeb02fde305a6a3bd64c887654102b403
public exponent: 10001

  Signature Algorithm: SHA256WITHRSA
            Signature: 84b636e0bfd49bf7d5e9435edef62fb965e1be73
                       9140cabe6e7b09b3c9380716ed8f006218068c8a
                       8d7946d900dc21b98c3189d247eab619edcb37ee
                       4f29fcdb20f5c3ac302e2d1ebe79917bbfe70f39
                       7ac7206660e4cfe50f3f814bcbfbdf839544063e
                       e4542ddbe24cdaa62ef9d70756a16c2f6e5c4811
                       0e797e73b0ea6de4b5f9685215f2cbf2c79510e4
                       36c9c62719a13228d187c79e5daa6f8cfcfe24a2
                       0c7fd576ba844ae87147aa98264cec386f80b84d
                       58c2e27e0885e811260dc0a98e3ac4b31bab839a
                       daad94a0ba45635419b28f9f76ed7923e702d6a4
                       5fc2b97dd9c515e036ca65728b8901a9c8c1e6aa
                       37dc4ae811400342322443c094e825df
       Extensions: 
                       critical(true) BasicConstraints: isCa(true)
                       critical(true) KeyUsage: 0x6
                       critical(false) 2.5.29.17 value = Sequence
    Tagged [7] IMPLICIT 
        DER Octet String[4] 

 from file: /tmp/junit2600101091809176003/junit7024287499491557844/scm-meta/scm/sub-ca/certs/CA-1.crt.
2023-06-19 20:31:31,026 [Time-limited test] INFO  client.SCMCertificateClient (DefaultCertificateClient.java:readCertificateFile(196)) - Added certificate   [0]         Version: 3
         SerialNumber: 5180519680639
             IssuerDN: CN=scm@fv-az616-238,OU=50992b9b-0363-40f6-8189-3832ef39d8ff,O=df50825e-2899-44e6-90f4-6b65943d3cef
           Start Date: Mon Jun 19 20:31:31 UTC 2023
           Final Date: Thu Jul 27 20:31:31 UTC 2028
            SubjectDN: CN=scm-sub@fv-az616-238,OU=50992b9b-0363-40f6-8189-3832ef39d8ff,O=df50825e-2899-44e6-90f4-6b65943d3cef
           Public Key: RSA Public Key [7e:ab:21:5c:62:ed:fe:17:99:41:0f:2a:43:c3:56:b4:ce:0e:7e:20],[56:66:d1:a4]
        modulus: a3ed7d6055929f6c681f2ee1f714c34c68f3a65c320e094eccee87aa90759791a98cb84fd7f13dc80550d7de0a45a790f8b69191b93786e35e5cb0c050cb5cc9ac94f9f9c81e144940a76220d7dad9d6fc8267e3ed2ef2219a16a886f48c8e960e62348ea7609a6b0955c539e89c2b6088db7aaf434d6c3af85162c3d7b6cfb8c851add17af904ce81a7f4399660451947a2a597870cbd39c132a5807337337baf673c59e1b13202bcd2adcf38b1c488c1fa8482da2eecbc2bd5bf42c160fbb4da3720460a535b7daf5d5d4bc2d3a7e963fba0f0eea32d7adcd8642f85ac475f4947d89aa4ab2a28ce8c6917c2422308c3465f51fc50c970626e943fd457976d
public exponent: 10001

  Signature Algorithm: SHA256WITHRSA
            Signature: 648d2ec51e20627a581d4a516ce32cd498f293b3
                       9b802c7cdb7f365bfab21742c2e45186f734a2fa
                       a238dc2189a3e5d7470c0aadbda3e0120f67f912
                       791676524bc59a1ac9bb11c76e9a135544e45984
                       f6c95b8f8c25d84821719e4f46fc5adfedee877c
                       d2501989759eed5b879863f498f7007e94c16723
                       6ea9fade8f06708db6ff3d6f5f60f1d35c9be8ae
                       b6bca9fc7eeb1be62fafab68bc161dd1ca55f060
                       21930eaa236927a5fbcccb85cfb6e4485a3e575d
                       ddfbbf496698b6f5c99b07d6629dfc8897e885c4
                       8a7d96d627de50833fb59c154ef25d9639e5341e
                       81be10d86a2739c37573a8b91a578f150c1f85c3
                       2c01efde02792e52393d7d372b02a26c
       Extensions: 
                       critical(false) 2.5.29.17 value = Sequence
    Tagged [7] IMPLICIT 
        DER Octet String[4] 

                       critical(true) BasicConstraints: isCa(true)
                       critical(true) KeyUsage: 0xbe
 from file: /tmp/junit2600101091809176003/junit7024287499491557844/scm-meta/scm/sub-ca/certs/5180519680639.crt.
2023-06-19 20:31:31,029 [Time-limited test] INFO  client.SCMCertificateClient (DefaultCertificateClient.java:startCertificateMonitor(1260)) - CertificateLifetimeMonitor for scm/sub-ca is started with first delay 161135989974 ms and interval 3333 ms.
2023-06-19 20:31:31,039 [pool-274-thread-1] INFO  request.KdcRequest (KdcRequest.java:preauth(651)) - The preauth data is empty.
2023-06-19 20:31:31,040 [pool-274-thread-1] INFO  server.KdcHandler (KdcHandler.java:handleRecoverableException(177)) - KRB error occurred while processing request:Additional pre-authentication required
2023-06-19 20:31:31,050 [pool-274-thread-2] INFO  request.AsRequest (AsRequest.java:issueTicket(112)) - AS_REQ ISSUE: authtime 1687206691050,scm/fv-az616-238@EXAMPLE.COM for krbtgt/EXAMPLE.COM@EXAMPLE.COM
2023-06-19 20:31:31,058 [Time-limited test] INFO  security.UserGroupInformation (UserGroupInformation.java:loginUserFromKeytab(1132)) - Login successful for user scm/fv-az616-238@EXAMPLE.COM using keytab file scm.keytab. Keytab auto renewal enabled : false
2023-06-19 20:31:31,058 [Time-limited test] INFO  server.StorageContainerManager (StorageContainerManager.java:loginAsSCMUserIfSecurityEnabled(1042)) - SCM login successful.
2023-06-19 20:31:31,058 [Time-limited test] WARN  utils.HAUtils (HAUtils.java:getMetaDir(339)) - ozone.scm.db.dirs is not configured. We recommend adding this setting. Falling back to ozone.metadata.dirs instead.
2023-06-19 20:31:31,059 [Time-limited test] WARN  db.DBStoreBuilder (DBStoreBuilder.java:applyDBDefinition(165)) - ozone.scm.db.dirs is not configured. We recommend adding this setting. Falling back to ozone.metadata.dirs instead.
2023-06-19 20:31:31,228 [Time-limited test] INFO  net.NodeSchemaLoader (NodeSchemaLoader.java:loadSchemaFromFile(129)) - Loading schema from [jar:file:/home/runner/.m2/repository/org/apache/ozone/hdds-common/1.4.0-SNAPSHOT/hdds-common-1.4.0-SNAPSHOT.jar!/network-topology-default.xml]
2023-06-19 20:31:31,228 [Time-limited test] INFO  net.NodeSchemaLoader (NodeSchemaLoader.java:loadSchema(176)) - Loading network topology layer schema file
2023-06-19 20:31:31,236 [Time-limited test] INFO  upgrade.AbstractLayoutVersionManager (AbstractLayoutVersionManager.java:init(83)) - Initializing Layout version manager with metadata layout = HADOOP_PRC_PORTS_IN_DATANODEDETAILS (version = 7), software layout = HADOOP_PRC_PORTS_IN_DATANODEDETAILS (version = 7)
2023-06-19 20:31:31,242 [Time-limited test] INFO  ha.SequenceIdGenerator (SequenceIdGenerator.java:upgradeToSequenceId(349)) - upgrade localId to 111677748019200000
2023-06-19 20:31:31,250 [Time-limited test] INFO  ha.SequenceIdGenerator (SequenceIdGenerator.java:upgradeToSequenceId(359)) - upgrade delTxnId to 0
2023-06-19 20:31:31,257 [Time-limited test] INFO  ha.SequenceIdGenerator (SequenceIdGenerator.java:upgradeToSequenceId(376)) - upgrade containerId to 0
2023-06-19 20:31:31,257 [Time-limited test] INFO  ha.SequenceIdGenerator (SequenceIdGenerator.java:<init>(220)) - Init the HA SequenceIdGenerator.
2023-06-19 20:31:31,263 [Time-limited test] INFO  node.SCMNodeManager (SCMNodeManager.java:<init>(158)) - Entering startup safe mode.
2023-06-19 20:31:31,264 [Time-limited test] INFO  algorithms.ContainerPlacementPolicyFactory (ContainerPlacementPolicyFactory.java:getPolicyInternal(86)) - Create container placement policy of type org.apache.hadoop.hdds.scm.container.placement.algorithms.SCMContainerPlacementRackAware
2023-06-19 20:31:31,265 [Time-limited test] INFO  algorithms.ContainerPlacementPolicyFactory (ContainerPlacementPolicyFactory.java:getPolicyInternal(86)) - Create container placement policy of type org.apache.hadoop.hdds.scm.container.placement.algorithms.SCMContainerPlacementRackScatter
2023-06-19 20:31:31,265 [Time-limited test] INFO  pipeline.PipelineStateManagerImpl (PipelineStateManagerImpl.java:initialize(78)) - No pipeline exists in current db
2023-06-19 20:31:31,265 [Time-limited test] INFO  algorithms.LeaderChoosePolicyFactory (LeaderChoosePolicyFactory.java:getPolicy(57)) - Create leader choose policy of type org.apache.hadoop.hdds.scm.pipeline.leader.choose.algorithms.MinLeaderCountChoosePolicy
2023-06-19 20:31:31,266 [Time-limited test] INFO  algorithms.ContainerPlacementPolicyFactory (ContainerPlacementPolicyFactory.java:getPolicyInternal(86)) - Create container placement policy of type org.apache.hadoop.hdds.scm.container.placement.algorithms.SCMContainerPlacementRackScatter
2023-06-19 20:31:31,267 [Time-limited test] INFO  ha.SCMServiceManager (SCMServiceManager.java:register(42)) - Registering service BackgroundPipelineCreator.
2023-06-19 20:31:31,267 [Time-limited test] INFO  pipeline.BackgroundPipelineCreator (BackgroundPipelineCreator.java:start(124)) - Starting RatisPipelineUtilsThread.
2023-06-19 20:31:31,267 [Time-limited test] INFO  BackgroundPipelineScrubber (BackgroundSCMService.java:start(68)) - Starting BackgroundPipelineScrubber Service.
2023-06-19 20:31:31,267 [Time-limited test] INFO  ha.SCMServiceManager (SCMServiceManager.java:register(42)) - Registering service BackgroundPipelineScrubber.
2023-06-19 20:31:31,268 [Time-limited test] INFO  ExpiredContainerReplicaOpScrubber (BackgroundSCMService.java:start(68)) - Starting ExpiredContainerReplicaOpScrubber Service.
2023-06-19 20:31:31,269 [Time-limited test] INFO  ha.SCMServiceManager (SCMServiceManager.java:register(42)) - Registering service ExpiredContainerReplicaOpScrubber.
2023-06-19 20:31:31,271 [Time-limited test] INFO  algorithms.PipelineChoosePolicyFactory (PipelineChoosePolicyFactory.java:createPipelineChoosePolicyFromClass(73)) - Create pipeline choose policy of type org.apache.hadoop.hdds.scm.pipeline.choose.algorithms.RandomPipelineChoosePolicy
2023-06-19 20:31:31,272 [Time-limited test] INFO  ha.SCMServiceManager (SCMServiceManager.java:register(42)) - Registering service SCMBlockDeletingService.
2023-06-19 20:31:31,273 [Time-limited test] INFO  replication.ReplicationManager (ReplicationManager.java:start(286)) - Starting Replication Monitor Thread.
2023-06-19 20:31:31,276 [Time-limited test] INFO  ha.SCMServiceManager (SCMServiceManager.java:register(42)) - Registering service ReplicationManager.
2023-06-19 20:31:31,276 [Time-limited test] INFO  safemode.ContainerSafeModeRule (ContainerSafeModeRule.java:<init>(89)) - containers with one replica threshold count 0
2023-06-19 20:31:31,277 [Time-limited test] INFO  safemode.HealthyPipelineSafeModeRule (HealthyPipelineSafeModeRule.java:initializeRule(169)) - Total pipeline count is 0, healthy pipeline threshold count is 0
2023-06-19 20:31:31,277 [Time-limited test] INFO  safemode.OneReplicaPipelineSafeModeRule (OneReplicaPipelineSafeModeRule.java:initializeRule(180)) - Total pipeline count is 0, pipeline's with at least one datanode reported threshold count is 0
2023-06-19 20:31:31,279 [Time-limited test] INFO  authority.DefaultCAServer (DefaultCAServer.java:lambda$processVerificationStatus$0(465)) - CertificateServer validation is successful
2023-06-19 20:31:31,279 [ReplicationMonitor] INFO  replication.ReplicationManager (ReplicationManager.java:processAll(361)) - Replication Manager is not ready to run until 300000ms after safemode exit
2023-06-19 20:31:31,284 [Time-limited test] INFO  authority.DefaultCAServer (DefaultCAServer.java:lambda$processVerificationStatus$0(465)) - CertificateServer validation is successful
2023-06-19 20:31:31,285 [Time-limited test] INFO  server.StorageContainerManager (StorageContainerManager.java:persistPrimarySCMCerts(910)) - Storing sub-ca certificate serialId 5180519680639 on primary SCM
2023-06-19 20:31:31,286 [Time-limited test] INFO  server.StorageContainerManager (StorageContainerManager.java:persistPrimarySCMCerts(918)) - Storing root certificate serialId 1
2023-06-19 20:31:31,287 [Time-limited test] INFO  ipc.CallQueueManager (CallQueueManager.java:<init>(90)) - Using callQueue: class java.util.concurrent.LinkedBlockingQueue, queueCapacity: 200, scheduler: class org.apache.hadoop.ipc.DefaultRpcScheduler, ipcBackoff: false.
2023-06-19 20:31:31,290 [Socket Reader #1 for port 9961] INFO  ipc.Server (Server.java:run(1319)) - Starting Socket Reader #1 for port 9961
2023-06-19 20:31:31,291 [Listener at 0.0.0.0/9961] INFO  hdds.HddsUtils (HddsUtils.java:preserveThreadName(848)) - Restoring thread name: Time-limited test
2023-06-19 20:31:31,292 [Time-limited test] INFO  ha.SCMServiceManager (SCMServiceManager.java:register(42)) - Registering service RootCARotationManager.
2023-06-19 20:31:31,292 [Time-limited test] INFO  server.StorageContainerManager (StorageContainerManager.java:<init>(414)) - SCM start with adminUsers: [om/fv-az616-238@EXAMPLE.COM, scm]
2023-06-19 20:31:31,292 [Time-limited test] INFO  ipc.CallQueueManager (CallQueueManager.java:<init>(90)) - Using callQueue: class java.util.concurrent.LinkedBlockingQueue, queueCapacity: 10000, scheduler: class org.apache.hadoop.ipc.DefaultRpcScheduler, ipcBackoff: false.
2023-06-19 20:31:31,294 [Socket Reader #1 for port 9861] INFO  ipc.Server (Server.java:run(1319)) - Starting Socket Reader #1 for port 9861
2023-06-19 20:31:31,295 [Listener at 0.0.0.0/9861] INFO  hdds.HddsUtils (HddsUtils.java:preserveThreadName(848)) - Restoring thread name: Time-limited test
2023-06-19 20:31:31,299 [Time-limited test] INFO  ipc.CallQueueManager (CallQueueManager.java:<init>(90)) - Using callQueue: class java.util.concurrent.LinkedBlockingQueue, queueCapacity: 10000, scheduler: class org.apache.hadoop.ipc.DefaultRpcScheduler, ipcBackoff: false.
2023-06-19 20:31:31,301 [Socket Reader #1 for port 9863] INFO  ipc.Server (Server.java:run(1319)) - Starting Socket Reader #1 for port 9863
2023-06-19 20:31:31,305 [Listener at 0.0.0.0/9863] INFO  hdds.HddsUtils (HddsUtils.java:preserveThreadName(848)) - Restoring thread name: Time-limited test
2023-06-19 20:31:31,305 [Time-limited test] INFO  ipc.CallQueueManager (CallQueueManager.java:<init>(90)) - Using callQueue: class java.util.concurrent.LinkedBlockingQueue, queueCapacity: 10000, scheduler: class org.apache.hadoop.ipc.DefaultRpcScheduler, ipcBackoff: false.
2023-06-19 20:31:31,306 [Socket Reader #1 for port 9860] INFO  ipc.Server (Server.java:run(1319)) - Starting Socket Reader #1 for port 9860
2023-06-19 20:31:31,307 [Listener at 0.0.0.0/9860] INFO  hdds.HddsUtils (HddsUtils.java:preserveThreadName(848)) - Restoring thread name: Time-limited test
2023-06-19 20:31:31,321 [Time-limited test] INFO  ha.SCMServiceManager (SCMServiceManager.java:register(42)) - Registering service ContainerBalancer.
2023-06-19 20:31:31,321 [Time-limited test] INFO  server.StorageContainerManager (StorageContainerManager.java:<init>(427)) - 
Container Balancer status:
Key                            Value
Running                        false
Container Balancer Configuration values:
Key                                                Value
Threshold                                          10
Max Datanodes to Involve per Iteration(percent)    20
Max Size to Move per Iteration                     500GB
Max Size Entering Target per Iteration             26GB
Max Size Leaving Source per Iteration              26GB

2023-06-19 20:31:31,321 [Time-limited test] INFO  ha.SCMContext (SCMContext.java:updateSafeModeStatus(228)) - Update SafeModeStatus from SafeModeStatus{safeModeStatus=true, preCheckPassed=false} to SafeModeStatus{safeModeStatus=true, preCheckPassed=false}.
2023-06-19 20:31:31,322 [Time-limited test] WARN  server.ServerUtils (ServerUtils.java:getDBPath(311)) - ozone.om.db.dirs is not configured. We recommend adding this setting. Falling back to ozone.metadata.dirs instead.
2023-06-19 20:31:31,325 [Time-limited test] INFO  ha.OMHANodeDetails (OMHANodeDetails.java:loadOMHAConfig(115)) - ozone.om.internal.service.id is not defined, falling back to ozone.om.service.ids to find serviceID for OzoneManager if it is HA enabled cluster
2023-06-19 20:31:31,325 [Time-limited test] INFO  ha.OMHANodeDetails (OMHANodeDetails.java:loadOMHAConfig(226)) - Configuration does not have ozone.om.address set. Falling back to the default OM address fv-az616-238/10.1.0.14:1202
2023-06-19 20:31:31,325 [Time-limited test] INFO  ha.OMHANodeDetails (OMHANodeDetails.java:getOMNodeDetailsForNonHA(254)) - OM Service ID is not set. Setting it to the default ID: omServiceIdDefault
2023-06-19 20:31:31,325 [Time-limited test] INFO  ha.OMHANodeDetails (OMHANodeDetails.java:getOMNodeDetailsForNonHA(261)) - OM Node ID is not set. Setting it to the default ID: om1
2023-06-19 20:31:31,325 [Time-limited test] WARN  server.ServerUtils (ServerUtils.java:getDBPath(311)) - ozone.om.db.dirs is not configured. We recommend adding this setting. Falling back to ozone.metadata.dirs instead.
2023-06-19 20:31:31,328 [Time-limited test] INFO  upgrade.AbstractLayoutVersionManager (AbstractLayoutVersionManager.java:init(83)) - Initializing Layout version manager with metadata layout = QUOTA (version = 6), software layout = QUOTA (version = 6)
2023-06-19 20:31:31,492 [Time-limited test] INFO  reflections.Reflections (Reflections.java:scan(232)) - Reflections took 161 ms to scan 2 urls, producing 181 keys and 502 values [using 2 cores]
2023-06-19 20:31:31,492 [Time-limited test] INFO  upgrade.OMLayoutVersionManager (OMLayoutVersionManager.java:lambda$0(115)) - Skipping Upgrade Action MockOmUpgradeAction since it has been finalized.
2023-06-19 20:31:31,492 [Time-limited test] INFO  upgrade.OMLayoutVersionManager (OMLayoutVersionManager.java:lambda$0(115)) - Skipping Upgrade Action QuotaRepairUpgradeAction since it has been finalized.
2023-06-19 20:31:31,496 [pool-274-thread-2] INFO  request.KdcRequest (KdcRequest.java:preauth(651)) - The preauth data is empty.
2023-06-19 20:31:31,497 [pool-274-thread-2] INFO  server.KdcHandler (KdcHandler.java:handleRecoverableException(177)) - KRB error occurred while processing request:Additional pre-authentication required
2023-06-19 20:31:31,505 [pool-274-thread-1] INFO  request.AsRequest (AsRequest.java:issueTicket(112)) - AS_REQ ISSUE: authtime 1687206691505,om/fv-az616-238@EXAMPLE.COM for krbtgt/EXAMPLE.COM@EXAMPLE.COM
2023-06-19 20:31:31,508 [Time-limited test] INFO  security.UserGroupInformation (UserGroupInformation.java:loginUserFromKeytab(1132)) - Login successful for user om/fv-az616-238@EXAMPLE.COM using keytab file om.keytab. Keytab auto renewal enabled : false
2023-06-19 20:31:31,508 [Time-limited test] INFO  om.OzoneManager (OzoneManager.java:loginOMUser(1134)) - Ozone Manager login successful.
2023-06-19 20:31:31,508 [Time-limited test] WARN  server.ServerUtils (ServerUtils.java:getDBPath(311)) - ozone.om.db.dirs is not configured. We recommend adding this setting. Falling back to ozone.metadata.dirs instead.
2023-06-19 20:31:31,510 [Time-limited test] INFO  proxy.SCMBlockLocationFailoverProxyProvider (SCMBlockLocationFailoverProxyProvider.java:<init>(114)) - Created block location fail-over proxy with 1 nodes: [nodeId=scmNodeId,nodeAddress=/0.0.0.0:9863]
2023-06-19 20:31:31,512 [Time-limited test] WARN  security.OMCertificateClient (DefaultCertificateClient.java:loadAllCertificates(161)) - Certificates could not be loaded.
java.nio.file.NoSuchFileException: /tmp/junit2600101091809176003/junit7024287499491557844/scm-meta/om/certs
	at sun.nio.fs.UnixException.translateToIOException(UnixException.java:86)
	at sun.nio.fs.UnixException.rethrowAsIOException(UnixException.java:102)
	at sun.nio.fs.UnixException.rethrowAsIOException(UnixException.java:107)
	at sun.nio.fs.UnixFileSystemProvider.newDirectoryStream(UnixFileSystemProvider.java:427)
	at java.nio.file.Files.newDirectoryStream(Files.java:457)
	at java.nio.file.Files.list(Files.java:3451)
	at org.apache.hadoop.hdds.security.x509.certificate.client.DefaultCertificateClient.loadAllCertificates(DefaultCertificateClient.java:156)
	at org.apache.hadoop.hdds.security.x509.certificate.client.DefaultCertificateClient.updateCertSerialId(DefaultCertificateClient.java:1206)
	at org.apache.hadoop.hdds.security.x509.certificate.client.DefaultCertificateClient.<init>(DefaultCertificateClient.java:148)
	at org.apache.hadoop.hdds.security.x509.certificate.client.CommonCertificateClient.<init>(CommonCertificateClient.java:43)
	at org.apache.hadoop.ozone.security.OMCertificateClient.<init>(OMCertificateClient.java:67)
	at org.apache.hadoop.ozone.om.OzoneManager.<init>(OzoneManager.java:626)
	at org.apache.hadoop.ozone.om.OzoneManager.createOm(OzoneManager.java:736)
	at org.apache.hadoop.ozone.TestSecureOzoneCluster.setupOm(TestSecureOzoneCluster.java:665)
	at org.apache.hadoop.ozone.TestSecureOzoneCluster.testSecureOmInitializationSuccess(TestSecureOzoneCluster.java:507)
	at sun.reflect.NativeMethodAccessorImpl.invoke0(Native Method)
	at sun.reflect.NativeMethodAccessorImpl.invoke(NativeMethodAccessorImpl.java:62)
	at sun.reflect.DelegatingMethodAccessorImpl.invoke(DelegatingMethodAccessorImpl.java:43)
	at java.lang.reflect.Method.invoke(Method.java:498)
	at org.junit.runners.model.FrameworkMethod$1.runReflectiveCall(FrameworkMethod.java:59)
	at org.junit.internal.runners.model.ReflectiveCallable.run(ReflectiveCallable.java:12)
	at org.junit.runners.model.FrameworkMethod.invokeExplosively(FrameworkMethod.java:56)
	at org.junit.internal.runners.statements.InvokeMethod.evaluate(InvokeMethod.java:17)
	at org.junit.internal.runners.statements.RunBefores.evaluate(RunBefores.java:26)
	at org.junit.internal.runners.statements.RunAfters.evaluate(RunAfters.java:27)
	at org.junit.rules.ExternalResource$1.evaluate(ExternalResource.java:54)
	at org.junit.internal.runners.statements.FailOnTimeout$CallableStatement.call(FailOnTimeout.java:288)
	at org.junit.internal.runners.statements.FailOnTimeout$CallableStatement.call(FailOnTimeout.java:282)
	at java.util.concurrent.FutureTask.run(FutureTask.java:266)
	at java.lang.Thread.run(Thread.java:750)
2023-06-19 20:31:31,513 [Time-limited test] INFO  om.OzoneManager (OzoneManager.java:getOmDetailsProto(4486)) - OzoneManager ports added:[name: "RPC"
value: 1202
]
2023-06-19 20:31:31,516 [Time-limited test] INFO  om.OzoneManager (OzoneManager.java:<init>(644)) - OM start with adminUsers: [om/fv-az616-238@EXAMPLE.COM, om]
2023-06-19 20:31:31,519 [Time-limited test] WARN  server.ServerUtils (ServerUtils.java:getDBPath(311)) - ozone.om.db.dirs is not configured. We recommend adding this setting. Falling back to ozone.metadata.dirs instead.
2023-06-19 20:31:31,520 [Time-limited test] INFO  helpers.OmKeyInfo (OmKeyInfo.java:getCodec(71)) - OmKeyInfo.getCodec ignorePipeline = true
2023-06-19 20:31:31,793 [Time-limited test] INFO  om.OzoneManager (OzoneManager.java:instantiateServices(773)) - S3 Multi-Tenancy is disabled
2023-06-19 20:31:31,794 [Time-limited test] INFO  security.OzoneSecretStore (OzoneSecretStore.java:loadState(69)) - Loaded 0 tokens
2023-06-19 20:31:31,794 [Time-limited test] INFO  security.OzoneDelegationTokenSecretManager (OzoneDelegationTokenSecretManager.java:loadTokenSecretState(530)) - Loading token state into token manager.
2023-06-19 20:31:31,794 [Time-limited test] INFO  om.OmSnapshotManager (OmSnapshotManager.java:<init>(170)) - Ozone filesystem snapshot feature is enabled.
2023-06-19 20:31:31,794 [Time-limited test] WARN  server.ServerUtils (ServerUtils.java:getDBPath(311)) - ozone.om.snapshot.diff.db.dir is not configured. We recommend adding this setting. Falling back to ozone.metadata.dirs instead.
2023-06-19 20:31:31,827 [Time-limited test] INFO  snapshot.SnapshotDiffManager (SnapshotDiffManager.java:closeExecutorService(1267)) - Shutting down executorService: 'SstDumpToolExecutor'
2023-06-19 20:31:31,829 [Time-limited test] INFO  om.OzoneManager (OzoneManager.java:addS3GVolumeToDB(4237)) - Created Volume s3v With Owner om required for S3Gateway operations.
2023-06-19 20:31:31,830 [Time-limited test] WARN  server.ServerUtils (ServerUtils.java:getDefaultRatisDirectory(323)) - Storage directory for Ratis is not configured. It is a good idea to map this to an SSD disk. Falling back to ozone.metadata.dirs
2023-06-19 20:31:31,830 [Time-limited test] WARN  utils.OzoneManagerRatisUtils (OzoneManagerRatisUtils.java:getOMRatisSnapshotDirectory(461)) - ozone.om.ratis.snapshot.dir is not configured. Falling back to ozone.metadata.dirs config
2023-06-19 20:31:31,830 [Time-limited test] WARN  server.ServerUtils (ServerUtils.java:getDefaultRatisDirectory(323)) - Storage directory for Ratis is not configured. It is a good idea to map this to an SSD disk. Falling back to ozone.metadata.dirs
2023-06-19 20:31:31,832 [Time-limited test] INFO  ratis.OzoneManagerRatisServer (OzoneManagerRatisServer.java:<init>(163)) - Instantiating OM Ratis server with groupID: omServiceIdDefault and peers: fv-az616-238:9872
2023-06-19 20:31:31,833 [Time-limited test] INFO  ratis.OzoneManagerStateMachine (OzoneManagerStateMachine.java:loadSnapshotInfoFromDB(670)) - LastAppliedIndex is set from TransactionInfo from OM DB as (t:0, i:~)
2023-06-19 20:31:31,840 [Time-limited test] INFO  server.RaftServer (ConfUtils.java:logGet(46)) - raft.rpc.type = GRPC (default)
2023-06-19 20:31:31,840 [Time-limited test] INFO  grpc.GrpcConfigKeys (ConfUtils.java:logFallback(53)) - raft.grpc.admin.host = null (fallback to raft.grpc.server.host)
2023-06-19 20:31:31,840 [Time-limited test] INFO  grpc.GrpcConfigKeys (ConfUtils.java:logFallback(53)) - raft.grpc.admin.port = 9872 (fallback to raft.grpc.server.port)
2023-06-19 20:31:31,841 [Time-limited test] INFO  grpc.GrpcConfigKeys (ConfUtils.java:logFallback(53)) - raft.grpc.client.host = null (fallback to raft.grpc.server.host)
2023-06-19 20:31:31,841 [Time-limited test] INFO  grpc.GrpcConfigKeys (ConfUtils.java:logFallback(53)) - raft.grpc.client.port = 9872 (fallback to raft.grpc.server.port)
2023-06-19 20:31:31,841 [Time-limited test] INFO  grpc.GrpcConfigKeys (ConfUtils.java:logGet(46)) - raft.grpc.server.host = null (default)
2023-06-19 20:31:31,841 [Time-limited test] INFO  grpc.GrpcConfigKeys (ConfUtils.java:logGet(46)) - raft.grpc.server.port = 9872 (custom)
2023-06-19 20:31:31,841 [Time-limited test] INFO  server.GrpcService (ConfUtils.java:logGet(46)) - raft.grpc.message.size.max = 33554432 (custom)
2023-06-19 20:31:31,841 [Time-limited test] INFO  server.RaftServerConfigKeys (ConfUtils.java:logGet(46)) - raft.server.log.appender.buffer.byte-limit = 33554432 (custom)
2023-06-19 20:31:31,841 [Time-limited test] INFO  server.GrpcService (ConfUtils.java:logGet(46)) - raft.grpc.flow.control.window = 1MB (=1048576) (default)
2023-06-19 20:31:31,841 [Time-limited test] INFO  server.RaftServerConfigKeys (ConfUtils.java:logGet(46)) - raft.server.rpc.request.timeout = 3000ms (default)
2023-06-19 20:31:31,842 [Time-limited test] INFO  grpc.GrpcConfigKeys (ConfUtils.java:logGet(46)) - raft.grpc.server.heartbeat.channel = true (default)
2023-06-19 20:31:31,842 [Time-limited test] INFO  grpc.GrpcConfigKeys (ConfUtils.java:logGet(46)) - raft.grpc.server.async.request.thread.pool.cached = true (default)
2023-06-19 20:31:31,842 [Time-limited test] INFO  grpc.GrpcConfigKeys (ConfUtils.java:logGet(46)) - raft.grpc.server.async.request.thread.pool.size = 32 (default)
2023-06-19 20:31:31,844 [Time-limited test] INFO  impl.DataStreamServerImpl (ConfUtils.java:logGet(46)) - raft.datastream.type = DISABLED (default)
2023-06-19 20:31:31,844 [Time-limited test] INFO  server.RaftServerConfigKeys (ConfUtils.java:logGet(46)) - raft.server.threadpool.proxy.cached = true (default)
2023-06-19 20:31:31,846 [Time-limited test] INFO  server.RaftServerConfigKeys (ConfUtils.java:logGet(46)) - raft.server.threadpool.proxy.size = 0 (default)
2023-06-19 20:31:31,847 [Time-limited test] INFO  server.RaftServerConfigKeys (ConfUtils.java:logGet(46)) - raft.server.rpc.slowness.timeout = 120s (custom)
2023-06-19 20:31:31,847 [Time-limited test] INFO  server.RaftServerConfigKeys (ConfUtils.java:logGet(46)) - raft.server.leaderelection.leader.step-down.wait-time = 10s (default)
2023-06-19 20:31:31,847 [Time-limited test] INFO  server.RaftServerConfigKeys (ConfUtils.java:logGet(46)) - raft.server.storage.dir = [/tmp/junit2600101091809176003/junit7024287499491557844/scm-meta/ratis] (custom)
2023-06-19 20:31:31,850 [Time-limited test] INFO  server.RaftServer (RaftServerProxy.java:addNew(98)) - om1: addNew group-C5BA1605619E:[om1|rpc:fv-az616-238:9872|priority:0|startupRole:FOLLOWER] returns group-C5BA1605619E:java.util.concurrent.CompletableFuture@520daf36[Not completed]
2023-06-19 20:31:31,850 [Time-limited test] INFO  om.OzoneManager (OzoneManager.java:initializeRatisServer(2106)) - OzoneManager Ratis server initialized at port 9872
2023-06-19 20:31:31,850 [Time-limited test] INFO  om.OzoneManager (OzoneManager.java:getRpcServer(1166)) - Creating RPC Server
2023-06-19 20:31:31,852 [om1-groupManagement] INFO  server.RaftServer$Division (RaftServerImpl.java:<init>(198)) - om1: new RaftServerImpl for group-C5BA1605619E:[om1|rpc:fv-az616-238:9872|priority:0|startupRole:FOLLOWER] with OzoneManagerStateMachine:uninitialized
2023-06-19 20:31:31,853 [om1-groupManagement] INFO  server.RaftServerConfigKeys (ConfUtils.java:logGet(46)) - raft.server.rpc.timeout.min = 5s (custom)
2023-06-19 20:31:31,853 [om1-groupManagement] INFO  server.RaftServerConfigKeys (ConfUtils.java:logGet(46)) - raft.server.rpc.timeout.max = 5200ms (custom)
2023-06-19 20:31:31,853 [om1-groupManagement] INFO  server.RaftServerConfigKeys (ConfUtils.java:logGet(46)) - raft.server.rpc.sleep.time = 25ms (default)
2023-06-19 20:31:31,853 [om1-groupManagement] INFO  server.RaftServerConfigKeys (ConfUtils.java:logGet(46)) - raft.server.rpc.slowness.timeout = 120s (custom)
2023-06-19 20:31:31,853 [om1-groupManagement] INFO  server.RaftServerConfigKeys (ConfUtils.java:logGet(46)) - raft.server.leaderelection.leader.step-down.wait-time = 10s (default)
2023-06-19 20:31:31,854 [om1-groupManagement] INFO  server.RaftServerConfigKeys (ConfUtils.java:logGet(46)) - raft.server.sleep.deviation.threshold = 300ms (default)
2023-06-19 20:31:31,854 [om1-groupManagement] INFO  server.RaftServer$Division (ServerState.java:<init>(120)) - om1@group-C5BA1605619E: ConfigurationManager, init=-1: peers:[om1|rpc:fv-az616-238:9872|priority:0|startupRole:FOLLOWER]|listeners:[], old=null, confs=<EMPTY_MAP>
2023-06-19 20:31:31,854 [om1-groupManagement] INFO  server.RaftServerConfigKeys (ConfUtils.java:logGet(46)) - raft.server.storage.dir = [/tmp/junit2600101091809176003/junit7024287499491557844/scm-meta/ratis] (custom)
2023-06-19 20:31:31,854 [om1-groupManagement] INFO  server.RaftServerConfigKeys (ConfUtils.java:logGet(46)) - raft.server.log.corruption.policy = EXCEPTION (default)
2023-06-19 20:31:31,854 [om1-groupManagement] INFO  server.RaftServerConfigKeys (ConfUtils.java:logGet(46)) - raft.server.storage.free-space.min = 0MB (=0) (default)
2023-06-19 20:31:31,854 [om1-groupManagement] INFO  server.RaftServerConfigKeys (ConfUtils.java:logGet(46)) - raft.server.notification.no-leader.timeout = 120s (custom)
2023-06-19 20:31:31,854 [om1-groupManagement] INFO  server.RaftServerConfigKeys (ConfUtils.java:logGet(46)) - raft.server.read.timeout = 10s (default)
2023-06-19 20:31:31,855 [om1-groupManagement] INFO  server.RaftServerConfigKeys (ConfUtils.java:logGet(46)) - raft.server.retrycache.expirytime = 300s (custom)
2023-06-19 20:31:31,855 [om1-groupManagement] INFO  server.RaftServerConfigKeys (ConfUtils.java:logGet(46)) - raft.server.retrycache.statistics.expirytime = 100μs (default)
2023-06-19 20:31:31,855 [om1-groupManagement] INFO  server.RaftServerConfigKeys (ConfUtils.java:logGet(46)) - raft.server.read.option = DEFAULT (default)
2023-06-19 20:31:31,856 [om1-groupManagement] INFO  server.RaftServerConfigKeys (ConfUtils.java:logGet(46)) - raft.server.rpc.request.timeout = 3000ms (default)
2023-06-19 20:31:31,856 [om1-groupManagement] INFO  server.RaftServerConfigKeys (ConfUtils.java:logGet(46)) - raft.server.log.appender.install.snapshot.enabled = false (custom)
2023-06-19 20:31:31,856 [om1-groupManagement] INFO  server.RaftServerConfigKeys (ConfUtils.java:logGet(46)) - raft.server.threadpool.server.cached = true (default)
2023-06-19 20:31:31,856 [om1-groupManagement] INFO  server.RaftServerConfigKeys (ConfUtils.java:logGet(46)) - raft.server.threadpool.server.size = 0 (default)
2023-06-19 20:31:31,856 [om1-groupManagement] INFO  server.RaftServerConfigKeys (ConfUtils.java:logGet(46)) - raft.server.threadpool.client.cached = true (default)
2023-06-19 20:31:31,856 [om1-groupManagement] INFO  server.RaftServerConfigKeys (ConfUtils.java:logGet(46)) - raft.server.threadpool.client.size = 0 (default)
2023-06-19 20:31:32,429 [Time-limited test] INFO  reflections.Reflections (Reflections.java:scan(232)) - Reflections took 576 ms to scan 19 urls, producing 69 keys and 5367 values [using 2 cores]
2023-06-19 20:31:32,430 [Time-limited test] INFO  ipc.CallQueueManager (CallQueueManager.java:<init>(90)) - Using callQueue: class java.util.concurrent.LinkedBlockingQueue, queueCapacity: 10000, scheduler: class org.apache.hadoop.ipc.DefaultRpcScheduler, ipcBackoff: false.
2023-06-19 20:31:32,435 [Socket Reader #1 for port 1202] INFO  ipc.Server (Server.java:run(1319)) - Starting Socket Reader #1 for port 1202
2023-06-19 20:31:32,436 [Listener at fv-az616-238/1202] INFO  hdds.HddsUtils (HddsUtils.java:preserveThreadName(848)) - Restoring thread name: Time-limited test
2023-06-19 20:31:32,478 [Time-limited test] WARN  impl.MetricsConfig (MetricsConfig.java:loadFirst(136)) - Cannot locate configuration: tried hadoop-metrics2-ozonemanager.properties,hadoop-metrics2.properties
2023-06-19 20:31:32,481 [Time-limited test] INFO  impl.MetricsSystemImpl (MetricsSystemImpl.java:startTimer(378)) - Scheduled Metric snapshot period at 10 second(s).
2023-06-19 20:31:32,481 [Time-limited test] INFO  impl.MetricsSystemImpl (MetricsSystemImpl.java:start(191)) - OzoneManager metrics system started
2023-06-19 20:31:32,527 [Time-limited test] INFO  impl.MetricsSinkAdapter (MetricsSinkAdapter.java:start(204)) - Sink prometheus started
2023-06-19 20:31:32,528 [Time-limited test] INFO  impl.MetricsSystemImpl (MetricsSystemImpl.java:registerSink(305)) - Registered sink prometheus
2023-06-19 20:31:32,553 [Time-limited test] INFO  om.OzoneManager (OzoneManager.java:start(1588)) - OzoneManager RPC server is listening at fv-az616-238/10.1.0.14:1202
2023-06-19 20:31:32,553 [Time-limited test] INFO  ratis.OzoneManagerRatisServer (OzoneManagerRatisServer.java:start(558)) - Starting OzoneManagerRatisServer om1 at port 9872
2023-06-19 20:31:32,553 [om1-impl-thread1] INFO  storage.RaftStorageDirectory (RaftStorageDirectoryImpl.java:analyzeStorage(137)) - The storage directory /tmp/junit2600101091809176003/junit7024287499491557844/scm-meta/ratis/bf265839-605b-3f16-9796-c5ba1605619e does not exist. Creating ...
2023-06-19 20:31:32,555 [om1-impl-thread1] INFO  storage.RaftStorageDirectory (RaftStorageDirectoryImpl.java:tryLock(231)) - Lock on /tmp/junit2600101091809176003/junit7024287499491557844/scm-meta/ratis/bf265839-605b-3f16-9796-c5ba1605619e/in_use.lock acquired by nodename 86119@fv-az616-238
2023-06-19 20:31:32,557 [om1-impl-thread1] INFO  storage.RaftStorage (RaftStorageImpl.java:format(96)) - Storage directory /tmp/junit2600101091809176003/junit7024287499491557844/scm-meta/ratis/bf265839-605b-3f16-9796-c5ba1605619e has been successfully formatted.
2023-06-19 20:31:32,558 [om1-impl-thread1] INFO  server.RaftServerConfigKeys (ConfUtils.java:logGet(46)) - raft.server.log.use.memory = false (default)
2023-06-19 20:31:32,558 [om1-impl-thread1] INFO  server.RaftServerConfigKeys (ConfUtils.java:logGet(46)) - raft.server.log.purge.gap = 1000000 (custom)
2023-06-19 20:31:32,558 [om1-impl-thread1] INFO  server.RaftServerConfigKeys (ConfUtils.java:logGet(46)) - raft.server.log.appender.buffer.byte-limit = 33554432 (custom)
2023-06-19 20:31:32,558 [om1-impl-thread1] INFO  server.RaftServerConfigKeys (ConfUtils.java:logGet(46)) - raft.server.log.statemachine.data.read.timeout = 1000ms (default)
2023-06-19 20:31:32,558 [om1-impl-thread1] INFO  server.RaftServerConfigKeys (ConfUtils.java:logGet(46)) - raft.server.log.purge.preservation.log.num = 0 (default)
2023-06-19 20:31:32,558 [om1-impl-thread1] INFO  server.RaftServerConfigKeys (ConfUtils.java:logGet(46)) - raft.server.log.segment.size.max = 4194304 (custom)
2023-06-19 20:31:32,559 [om1-impl-thread1] INFO  server.RaftServerConfigKeys (ConfUtils.java:logGet(46)) - raft.server.log.segment.cache.num.max = 2 (custom)
2023-06-19 20:31:32,559 [om1-impl-thread1] INFO  server.RaftServerConfigKeys (ConfUtils.java:logGet(46)) - raft.server.log.segment.cache.size.max = 200MB (=209715200) (default)
2023-06-19 20:31:32,559 [om1-impl-thread1] INFO  server.RaftServerConfigKeys (ConfUtils.java:logGet(46)) - raft.server.log.appender.buffer.byte-limit = 33554432 (custom)
2023-06-19 20:31:32,559 [om1-impl-thread1] INFO  segmented.SegmentedRaftLogWorker (SegmentedRaftLogWorker.java:<init>(188)) - new om1@group-C5BA1605619E-SegmentedRaftLogWorker for RaftStorageImpl:Storage Directory /tmp/junit2600101091809176003/junit7024287499491557844/scm-meta/ratis/bf265839-605b-3f16-9796-c5ba1605619e
2023-06-19 20:31:32,559 [om1-impl-thread1] INFO  server.RaftServerConfigKeys (ConfUtils.java:logGet(46)) - raft.server.log.queue.byte-limit = 64MB (=67108864) (default)
2023-06-19 20:31:32,560 [om1-impl-thread1] INFO  server.RaftServerConfigKeys (ConfUtils.java:logGet(46)) - raft.server.log.queue.element-limit = 4096 (default)
2023-06-19 20:31:32,560 [om1-impl-thread1] INFO  server.RaftServerConfigKeys (ConfUtils.java:logGet(46)) - raft.server.log.segment.size.max = 4194304 (custom)
2023-06-19 20:31:32,560 [om1-impl-thread1] INFO  server.RaftServerConfigKeys (ConfUtils.java:logGet(46)) - raft.server.log.preallocated.size = 4194304 (custom)
2023-06-19 20:31:32,560 [om1-impl-thread1] INFO  server.RaftServerConfigKeys (ConfUtils.java:logGet(46)) - raft.server.log.force.sync.num = 128 (default)
2023-06-19 20:31:32,560 [om1-impl-thread1] INFO  server.RaftServerConfigKeys (ConfUtils.java:logGet(46)) - raft.server.log.statemachine.data.sync = true (default)
2023-06-19 20:31:32,560 [om1-impl-thread1] INFO  server.RaftServerConfigKeys (ConfUtils.java:logGet(46)) - raft.server.log.statemachine.data.sync.timeout = 10s (default)
2023-06-19 20:31:32,560 [om1-impl-thread1] INFO  server.RaftServerConfigKeys (ConfUtils.java:logGet(46)) - raft.server.log.statemachine.data.sync.timeout.retry = -1 (default)
2023-06-19 20:31:32,561 [om1-impl-thread1] INFO  server.RaftServerConfigKeys (ConfUtils.java:logGet(46)) - raft.server.log.write.buffer.size = 64KB (=65536) (default)
2023-06-19 20:31:32,561 [om1-impl-thread1] INFO  server.RaftServerConfigKeys (ConfUtils.java:logGet(46)) - raft.server.log.appender.buffer.byte-limit = 33554432 (custom)
2023-06-19 20:31:32,568 [om1-impl-thread1] INFO  server.RaftServerConfigKeys (ConfUtils.java:logGet(46)) - raft.server.log.unsafe-flush.enabled = false (default)
2023-06-19 20:31:32,568 [om1-impl-thread1] INFO  server.RaftServerConfigKeys (ConfUtils.java:logGet(46)) - raft.server.log.async-flush.enabled = false (default)
2023-06-19 20:31:32,568 [om1-impl-thread1] INFO  server.RaftServerConfigKeys (ConfUtils.java:logGet(46)) - raft.server.log.statemachine.data.caching.enabled = false (default)
2023-06-19 20:31:32,569 [om1-impl-thread1] INFO  segmented.SegmentedRaftLogWorker (SegmentedRaftLogWorker.java:lambda$new$0(135)) - om1@group-C5BA1605619E-SegmentedRaftLogWorker: flushIndex: setUnconditionally 0 -> -1
2023-06-19 20:31:32,569 [om1-impl-thread1] INFO  segmented.SegmentedRaftLogWorker (SegmentedRaftLogWorker.java:lambda$new$0(135)) - om1@group-C5BA1605619E-SegmentedRaftLogWorker: safeCacheEvictIndex: setUnconditionally 0 -> -1
2023-06-19 20:31:32,569 [om1-impl-thread1] INFO  server.RaftServer$Division (RaftServerImpl.java:start(342)) - om1@group-C5BA1605619E: start as a follower, conf=-1: peers:[om1|rpc:fv-az616-238:9872|priority:0|startupRole:FOLLOWER]|listeners:[], old=null
2023-06-19 20:31:32,569 [om1-impl-thread1] INFO  server.RaftServer$Division (RaftServerImpl.java:setRole(329)) - om1@group-C5BA1605619E: changes role from      null to FOLLOWER at term 0 for startAsFollower
2023-06-19 20:31:32,570 [om1-impl-thread1] INFO  impl.RoleInfo (RoleInfo.java:updateAndGet(139)) - om1: start om1@group-C5BA1605619E-FollowerState
2023-06-19 20:31:32,572 [om1-impl-thread1] INFO  util.JmxRegister (JmxRegister.java:tryRegister(44)) - Successfully registered JMX Bean with object name Ratis:service=RaftServer,group=group-C5BA1605619E,id=om1
2023-06-19 20:31:32,572 [om1-impl-thread1] INFO  server.RaftServerConfigKeys (ConfUtils.java:logGet(46)) - raft.server.snapshot.auto.trigger.enabled = true (custom)
2023-06-19 20:31:32,572 [om1-impl-thread1] INFO  server.RaftServerConfigKeys (ConfUtils.java:logGet(46)) - raft.server.snapshot.auto.trigger.threshold = 400000 (default)
2023-06-19 20:31:32,572 [om1-impl-thread1] INFO  server.RaftServerConfigKeys (ConfUtils.java:logGet(46)) - raft.server.snapshot.retention.file.num = -1 (default)
2023-06-19 20:31:32,572 [om1-impl-thread1] INFO  server.RaftServerConfigKeys (ConfUtils.java:logGet(46)) - raft.server.log.purge.upto.snapshot.index = true (custom)
2023-06-19 20:31:32,573 [om1@group-C5BA1605619E-FollowerState] INFO  server.RaftServerConfigKeys (ConfUtils.java:logFallback(53)) - raft.server.rpc.first-election.timeout.min = 5s (fallback to raft.server.rpc.timeout.min)
2023-06-19 20:31:32,573 [om1@group-C5BA1605619E-FollowerState] INFO  server.RaftServerConfigKeys (ConfUtils.java:logFallback(53)) - raft.server.rpc.first-election.timeout.max = 5200ms (fallback to raft.server.rpc.timeout.max)
2023-06-19 20:31:32,573 [Time-limited test] INFO  server.RaftServer (RaftServerProxy.java:startImpl(400)) - om1: start RPC server
2023-06-19 20:31:32,575 [Time-limited test] INFO  server.GrpcService (GrpcService.java:startImpl(302)) - om1: GrpcService started, listening on 9872
2023-06-19 20:31:32,579 [Time-limited test] ERROR om.OzoneManager (OzoneManager.java:startSecretManager(1061)) - Unable to read key pair for OM.
org.apache.hadoop.hdds.security.OzoneSecurityException: Error reading keypair & certificate
	at org.apache.hadoop.hdds.security.x509.certificate.client.CertificateClient.assertValidKeysAndCertificate(CertificateClient.java:213)
	at org.apache.hadoop.ozone.om.OzoneManager.startSecretManager(OzoneManager.java:1059)
	at org.apache.hadoop.ozone.om.OzoneManager.startSecretManagerIfNecessary(OzoneManager.java:2257)
	at org.apache.hadoop.ozone.om.OzoneManager.start(OzoneManager.java:1598)
	at org.apache.hadoop.ozone.TestSecureOzoneCluster.testSecureOmInitializationSuccess(TestSecureOzoneCluster.java:509)
	at sun.reflect.NativeMethodAccessorImpl.invoke0(Native Method)
	at sun.reflect.NativeMethodAccessorImpl.invoke(NativeMethodAccessorImpl.java:62)
	at sun.reflect.DelegatingMethodAccessorImpl.invoke(DelegatingMethodAccessorImpl.java:43)
	at java.lang.reflect.Method.invoke(Method.java:498)
	at org.junit.runners.model.FrameworkMethod$1.runReflectiveCall(FrameworkMethod.java:59)
	at org.junit.internal.runners.model.ReflectiveCallable.run(ReflectiveCallable.java:12)
	at org.junit.runners.model.FrameworkMethod.invokeExplosively(FrameworkMethod.java:56)
	at org.junit.internal.runners.statements.InvokeMethod.evaluate(InvokeMethod.java:17)
	at org.junit.internal.runners.statements.RunBefores.evaluate(RunBefores.java:26)
	at org.junit.internal.runners.statements.RunAfters.evaluate(RunAfters.java:27)
	at org.junit.rules.ExternalResource$1.evaluate(ExternalResource.java:54)
	at org.junit.internal.runners.statements.FailOnTimeout$CallableStatement.call(FailOnTimeout.java:288)
	at org.junit.internal.runners.statements.FailOnTimeout$CallableStatement.call(FailOnTimeout.java:282)
	at java.util.concurrent.FutureTask.run(FutureTask.java:266)
	at java.lang.Thread.run(Thread.java:750)
Caused by: java.lang.NullPointerException
	at java.util.Objects.requireNonNull(Objects.java:203)
	at org.apache.hadoop.hdds.security.x509.certificate.client.CertificateClient.assertValidKeysAndCertificate(CertificateClient.java:209)
	... 19 more
2023-06-19 20:31:32,581 [Time-limited test] INFO  impl.DefaultInternalKdcServerImpl (DefaultInternalKdcServerImpl.java:doStop(102)) - Default Internal kdc server stopped.
2023-06-19 20:31:32,581 [JvmPauseMonitor4] INFO  util.JvmPauseMonitor (JvmPauseMonitor.java:run(103)) - JvmPauseMonitor-om1: Started
2023-06-19 20:31:33,581 [Time-limited test] INFO  minikdc.MiniKdc (MiniKdc.java:stop(359)) - MiniKdc stopped.
2023-06-19 20:31:33,582 [Time-limited test] INFO  server.StorageContainerManager (StorageContainerManager.java:stop(1584)) - Container Balancer is not running.
2023-06-19 20:31:33,582 [Time-limited test] INFO  server.StorageContainerManager (StorageContainerManager.java:stopReplicationManager(1717)) - Stopping Replication Manager Service.
2023-06-19 20:31:33,582 [Time-limited test] INFO  replication.ReplicationManager (ReplicationManager.java:stop(319)) - Stopping Replication Monitor Thread.
2023-06-19 20:31:33,582 [Over Replicated Processor] WARN  replication.UnhealthyReplicationProcessor (UnhealthyReplicationProcessor.java:run(180)) - Over Replicated Processor interrupted. Exiting...
2023-06-19 20:31:33,582 [Time-limited test] INFO  server.StorageContainerManager (StorageContainerManager.java:stop(1593)) - Stopping the Datanode Admin Monitor.
2023-06-19 20:31:33,582 [ReplicationMonitor] INFO  replication.ReplicationManager (ReplicationManager.java:run(918)) - Replication Monitor Thread is stopped
2023-06-19 20:31:33,582 [Under Replicated Processor] WARN  replication.UnhealthyReplicationProcessor (UnhealthyReplicationProcessor.java:run(180)) - Under Replicated Processor interrupted. Exiting...
2023-06-19 20:31:33,582 [Time-limited test] INFO  server.StorageContainerManager (StorageContainerManager.java:stop(1600)) - Stopping datanode service RPC server
2023-06-19 20:31:33,583 [Time-limited test] INFO  server.SCMDatanodeProtocolServer (SCMDatanodeProtocolServer.java:stop(424)) - Stopping the RPC server for DataNodes
2023-06-19 20:31:33,583 [Time-limited test] INFO  ipc.Server (Server.java:stop(3501)) - Stopping server on 9861
2023-06-19 20:31:34,263 [SCM Heartbeat Processing Thread - 0] WARN  node.NodeStateManager (NodeStateManager.java:scheduleNextHealthCheck(870)) - Current Thread is interrupted, shutting down HB processing thread for Node Manager.
2023-06-19 20:31:34,263 [Time-limited test] INFO  server.StorageContainerManager (StorageContainerManager.java:stop(1608)) - Stopping block service RPC server
2023-06-19 20:31:34,264 [Time-limited test] INFO  server.SCMBlockProtocolServer (SCMBlockProtocolServer.java:stop(161)) - Stopping the RPC server for Block Protocol
2023-06-19 20:31:34,264 [Time-limited test] INFO  ipc.Server (Server.java:stop(3501)) - Stopping server on 9863
2023-06-19 20:31:34,266 [Time-limited test] INFO  server.StorageContainerManager (StorageContainerManager.java:stop(1615)) - Stopping the StorageContainerLocationProtocol RPC server
2023-06-19 20:31:34,266 [Time-limited test] INFO  server.SCMClientProtocolServer (SCMClientProtocolServer.java:stop(210)) - Stopping the RPC server for Client Protocol
2023-06-19 20:31:34,266 [Time-limited test] INFO  ipc.Server (Server.java:stop(3501)) - Stopping server on 9860
2023-06-19 20:31:34,267 [Time-limited test] INFO  server.StorageContainerManager (StorageContainerManager.java:stop(1622)) - Stopping Storage Container Manager HTTP server.
2023-06-19 20:31:34,267 [Time-limited test] INFO  server.StorageContainerManager (StorageContainerManager.java:stop(1630)) - Stopping SCM LayoutVersionManager Service.
2023-06-19 20:31:34,267 [Time-limited test] INFO  server.SCMSecurityProtocolServer (SCMSecurityProtocolServer.java:stop(473)) - Stopping the SCMSecurityProtocolServer.
2023-06-19 20:31:34,267 [Time-limited test] INFO  ipc.Server (Server.java:stop(3501)) - Stopping server on 9961
2023-06-19 20:31:34,268 [Time-limited test] INFO  server.SCMUpdateServiceGrpcServer (SCMUpdateServiceGrpcServer.java:stop(73)) - SCMUpdateService stopping
2023-06-19 20:31:34,268 [Time-limited test] INFO  server.StorageContainerManager (StorageContainerManager.java:stop(1642)) - Stopping Block Manager Service.
2023-06-19 20:31:34,268 [Time-limited test] INFO  utils.BackgroundService (BackgroundService.java:shutdown(141)) - Shutting down service SCMBlockDeletingService
2023-06-19 20:31:34,268 [Time-limited test] INFO  utils.BackgroundService (BackgroundService.java:shutdown(141)) - Shutting down service SCMBlockDeletingService
2023-06-19 20:31:34,268 [Time-limited test] INFO  server.StorageContainerManager (StorageContainerManager.java:stop(1662)) - Stopping SCM Event Queue.
2023-06-19 20:31:34,269 [Time-limited test] INFO  server.StorageContainerManager (StorageContainerManager.java:stop(1673)) - Stopping SCM HA services.
2023-06-19 20:31:34,269 [Time-limited test] INFO  pipeline.BackgroundPipelineCreator (BackgroundPipelineCreator.java:stop(149)) - Stopping RatisPipelineUtilsThread.
2023-06-19 20:31:34,270 [RatisPipelineUtilsThread - 0] WARN  pipeline.BackgroundPipelineCreator (BackgroundPipelineCreator.java:run(180)) - RatisPipelineUtilsThread is interrupted.
2023-06-19 20:31:34,270 [Time-limited test] INFO  BackgroundPipelineScrubber (BackgroundSCMService.java:stop(131)) - Stopping BackgroundPipelineScrubber Service.
2023-06-19 20:31:34,270 [BackgroundPipelineScrubberThread] WARN  BackgroundPipelineScrubber (BackgroundSCMService.java:run(115)) - BackgroundPipelineScrubber is interrupted, exit
2023-06-19 20:31:34,270 [Time-limited test] WARN  pipeline.BackgroundPipelineCreator (BackgroundPipelineCreator.java:stop(145)) - RatisPipelineUtilsThread is not running, just ignore.
2023-06-19 20:31:34,270 [Time-limited test] INFO  BackgroundPipelineScrubber (BackgroundSCMService.java:stop(126)) - BackgroundPipelineScrubber Service is not running, skip stop.
2023-06-19 20:31:34,270 [ExpiredContainerReplicaOpScrubberThread] WARN  ExpiredContainerReplicaOpScrubber (BackgroundSCMService.java:run(115)) - ExpiredContainerReplicaOpScrubber is interrupted, exit
2023-06-19 20:31:34,271 [Time-limited test] INFO  ExpiredContainerReplicaOpScrubber (BackgroundSCMService.java:stop(131)) - Stopping ExpiredContainerReplicaOpScrubber Service.
2023-06-19 20:31:34,271 [Time-limited test] INFO  utils.BackgroundService (BackgroundService.java:shutdown(141)) - Shutting down service SCMBlockDeletingService
2023-06-19 20:31:34,271 [Time-limited test] INFO  replication.ReplicationManager (ReplicationManager.java:stop(329)) - Replication Monitor Thread is not running.
2023-06-19 20:31:34,271 [Time-limited test] WARN  balancer.ContainerBalancer (ContainerBalancer.java:stop(328)) - Cannot stop Container Balancer because it's not running or stopping
2023-06-19 20:31:34,272 [Time-limited test] INFO  server.StorageContainerManager (StorageContainerManager.java:stop(1708)) - Stopping SCM MetadataStore.
2023-06-19 20:31:34,274 [Time-limited test] INFO  server.SCMSecurityProtocolServer (SCMSecurityProtocolServer.java:join(483)) - Join RPC server for SCMSecurityProtocolServer.
2023-06-19 20:31:34,274 [Time-limited test] INFO  server.SCMSecurityProtocolServer (SCMSecurityProtocolServer.java:join(485)) - Join gRPC server for SCMSecurityProtocolServer.
2023-06-19 20:31:34,274 [Time-limited test] INFO  om.OzoneManager (OzoneManager.java:stop(2165)) - om1[fv-az616-238:1202]: Stopping Ozone Manager
2023-06-19 20:31:34,274 [Time-limited test] INFO  ipc.Server (Server.java:stop(3501)) - Stopping server on 1202
2023-06-19 20:31:34,276 [Time-limited test] INFO  server.RaftServer (RaftServerProxy.java:lambda$close$6(416)) - om1: close
2023-06-19 20:31:34,276 [om1-impl-thread1] INFO  server.RaftServer$Division (RaftServerImpl.java:lambda$close$4(466)) - om1@group-C5BA1605619E: shutdown
2023-06-19 20:31:34,276 [om1-impl-thread1] INFO  util.JmxRegister (JmxRegister.java:unregister(73)) - Successfully un-registered JMX Bean with object name Ratis:service=RaftServer,group=group-C5BA1605619E,id=om1
2023-06-19 20:31:34,276 [om1-impl-thread1] INFO  impl.RoleInfo (RoleInfo.java:shutdownFollowerState(110)) - om1: shutdown om1@group-C5BA1605619E-FollowerState
2023-06-19 20:31:34,276 [om1-impl-thread1] INFO  impl.StateMachineUpdater (StateMachineUpdater.java:stopAndJoin(155)) - om1@group-C5BA1605619E-StateMachineUpdater: set stopIndex = -1
2023-06-19 20:31:34,276 [om1@group-C5BA1605619E-FollowerState] INFO  impl.FollowerState (FollowerState.java:run(152)) - om1@group-C5BA1605619E-FollowerState was interrupted
2023-06-19 20:31:34,276 [om1@group-C5BA1605619E-StateMachineUpdater] INFO  ratis.OzoneManagerStateMachine (OzoneManagerStateMachine.java:close(533)) - StateMachine has shutdown. Shutdown OzoneManager if not already shutdown.
2023-06-19 20:31:34,277 [om1@group-C5BA1605619E-StateMachineUpdater] INFO  ratis.OzoneManagerDoubleBuffer (OzoneManagerDoubleBuffer.java:stopDaemon(551)) - Stopping OMDoubleBuffer flush thread
2023-06-19 20:31:34,277 [Time-limited test] INFO  server.GrpcService (GrpcService.java:closeImpl(311)) - om1: shutdown server GrpcServerProtocolService now
2023-06-19 20:31:34,277 [OMDoubleBufferFlushThread] INFO  ratis.OzoneManagerDoubleBuffer (OzoneManagerDoubleBuffer.java:canFlush(638)) - OMDoubleBuffer flush thread OMDoubleBufferFlushThread is interrupted and will exit.
2023-06-19 20:31:34,278 [om1-impl-thread1] INFO  server.RaftServer$Division (ServerState.java:close(472)) - om1@group-C5BA1605619E: closes. applyIndex: -1
2023-06-19 20:31:34,279 [Time-limited test] INFO  server.GrpcService (GrpcService.java:closeImpl(320)) - om1: shutdown server GrpcServerProtocolService successfully
2023-06-19 20:31:34,581 [om1-impl-thread1] INFO  segmented.SegmentedRaftLogWorker (SegmentedRaftLogWorker.java:close(252)) - om1@group-C5BA1605619E-SegmentedRaftLogWorker close()
2023-06-19 20:31:34,582 [JvmPauseMonitor4] INFO  util.JvmPauseMonitor (JvmPauseMonitor.java:run(109)) - JvmPauseMonitor-om1: Stopped
2023-06-19 20:31:34,582 [Time-limited test] INFO  ratis.OzoneManagerStateMachine (OzoneManagerStateMachine.java:close(533)) - StateMachine has shutdown. Shutdown OzoneManager if not already shutdown.
2023-06-19 20:31:34,582 [Time-limited test] INFO  ratis.OzoneManagerDoubleBuffer (OzoneManagerDoubleBuffer.java:stopDaemon(560)) - OMDoubleBuffer flush thread is not running.
2023-06-19 20:31:34,582 [Time-limited test] INFO  om.OzoneManager (OzoneManager.java:stopSecretManager(1037)) - Stopping secret key client.
2023-06-19 20:31:34,582 [Time-limited test] INFO  om.OzoneManager (OzoneManager.java:stopSecretManager(1042)) - Stopping OM delegation token secret manager.
2023-06-19 20:31:34,585 [Time-limited test] INFO  snapshot.SnapshotDiffManager (SnapshotDiffManager.java:closeExecutorService(1267)) - Shutting down executorService: 'SnapDiffExecutor'
2023-06-19 20:31:34,585 [Time-limited test] INFO  snapshot.SnapshotDiffManager (SnapshotDiffManager.java:closeExecutorService(1267)) - Shutting down executorService: 'SstDumpToolExecutor'
2023-06-19 20:31:34,585 [Time-limited test] INFO  utils.BackgroundService (BackgroundService.java:shutdown(141)) - Shutting down service SnapshotDiffCleanupService
]]></system-out>
  </testcase>
  <testcase name="testAccessControlExceptionOnClient" classname="org.apache.hadoop.ozone.TestSecureOzoneCluster" time="14.324">
    <system-out><![CDATA[2023-06-19 20:31:34,624 [Time-limited test] INFO  net.ServerSocketUtil (ServerSocketUtil.java:getPort(55)) - Using port 9860
2023-06-19 20:31:34,625 [Time-limited test] INFO  net.ServerSocketUtil (ServerSocketUtil.java:getPort(55)) - Using port 9861
2023-06-19 20:31:34,625 [Time-limited test] INFO  net.ServerSocketUtil (ServerSocketUtil.java:getPort(55)) - Using port 9863
2023-06-19 20:31:34,626 [Time-limited test] INFO  net.ServerSocketUtil (ServerSocketUtil.java:getPort(55)) - Using port 9961
2023-06-19 20:31:34,626 [Time-limited test] INFO  net.ServerSocketUtil (ServerSocketUtil.java:getPort(55)) - Using port 1200
2023-06-19 20:31:34,626 [Time-limited test] INFO  net.ServerSocketUtil (ServerSocketUtil.java:getPort(55)) - Using port 1201
2023-06-19 20:31:34,627 [Time-limited test] INFO  minikdc.MiniKdc (MiniKdc.java:<init>(225)) - Configuration:
2023-06-19 20:31:34,627 [Time-limited test] INFO  minikdc.MiniKdc (MiniKdc.java:<init>(226)) - ---------------------------------------------------------------
2023-06-19 20:31:34,627 [Time-limited test] INFO  minikdc.MiniKdc (MiniKdc.java:<init>(228)) -   debug: false
2023-06-19 20:31:34,627 [Time-limited test] INFO  minikdc.MiniKdc (MiniKdc.java:<init>(228)) -   transport: TCP
2023-06-19 20:31:34,627 [Time-limited test] INFO  minikdc.MiniKdc (MiniKdc.java:<init>(228)) -   max.ticket.lifetime: 86400000
2023-06-19 20:31:34,627 [Time-limited test] INFO  minikdc.MiniKdc (MiniKdc.java:<init>(228)) -   org.name: EXAMPLE
2023-06-19 20:31:34,627 [Time-limited test] INFO  minikdc.MiniKdc (MiniKdc.java:<init>(228)) -   kdc.port: 0
2023-06-19 20:31:34,627 [Time-limited test] INFO  minikdc.MiniKdc (MiniKdc.java:<init>(228)) -   org.domain: COM
2023-06-19 20:31:34,627 [Time-limited test] INFO  minikdc.MiniKdc (MiniKdc.java:<init>(228)) -   max.renewable.lifetime: 604800000
2023-06-19 20:31:34,627 [Time-limited test] INFO  minikdc.MiniKdc (MiniKdc.java:<init>(228)) -   instance: DefaultKrbServer
2023-06-19 20:31:34,627 [Time-limited test] INFO  minikdc.MiniKdc (MiniKdc.java:<init>(228)) -   kdc.bind.address: localhost
2023-06-19 20:31:34,627 [Time-limited test] INFO  minikdc.MiniKdc (MiniKdc.java:<init>(230)) - ---------------------------------------------------------------
2023-06-19 20:31:34,630 [Time-limited test] INFO  minikdc.MiniKdc (MiniKdc.java:start(285)) - MiniKdc started.
2023-06-19 20:31:34,921 [Time-limited test] WARN  server.ServerUtils (ServerUtils.java:getScmDbDir(155)) - ozone.scm.db.dirs is not configured. We recommend adding this setting. Falling back to ozone.metadata.dirs instead.
2023-06-19 20:31:34,921 [Time-limited test] INFO  ha.HASecurityUtils (HASecurityUtils.java:initializeSecurity(93)) - Initializing secure StorageContainerManager.
2023-06-19 20:31:34,922 [Time-limited test] WARN  client.SCMCertificateClient (DefaultCertificateClient.java:loadAllCertificates(161)) - Certificates could not be loaded.
java.nio.file.NoSuchFileException: /tmp/junit6014751621987716139/junit331916914414115390/scm-meta/scm/sub-ca/certs
	at sun.nio.fs.UnixException.translateToIOException(UnixException.java:86)
	at sun.nio.fs.UnixException.rethrowAsIOException(UnixException.java:102)
	at sun.nio.fs.UnixException.rethrowAsIOException(UnixException.java:107)
	at sun.nio.fs.UnixFileSystemProvider.newDirectoryStream(UnixFileSystemProvider.java:427)
	at java.nio.file.Files.newDirectoryStream(Files.java:457)
	at java.nio.file.Files.list(Files.java:3451)
	at org.apache.hadoop.hdds.security.x509.certificate.client.DefaultCertificateClient.loadAllCertificates(DefaultCertificateClient.java:156)
	at org.apache.hadoop.hdds.security.x509.certificate.client.DefaultCertificateClient.updateCertSerialId(DefaultCertificateClient.java:1206)
	at org.apache.hadoop.hdds.security.x509.certificate.client.DefaultCertificateClient.<init>(DefaultCertificateClient.java:148)
	at org.apache.hadoop.hdds.security.x509.certificate.client.SCMCertificateClient.<init>(SCMCertificateClient.java:54)
	at org.apache.hadoop.hdds.scm.ha.HASecurityUtils.initializeSecurity(HASecurityUtils.java:97)
	at org.apache.hadoop.ozone.TestSecureOzoneCluster.initSCM(TestSecureOzoneCluster.java:431)
	at org.apache.hadoop.ozone.TestSecureOzoneCluster.testAccessControlExceptionOnClient(TestSecureOzoneCluster.java:519)
	at sun.reflect.NativeMethodAccessorImpl.invoke0(Native Method)
	at sun.reflect.NativeMethodAccessorImpl.invoke(NativeMethodAccessorImpl.java:62)
	at sun.reflect.DelegatingMethodAccessorImpl.invoke(DelegatingMethodAccessorImpl.java:43)
	at java.lang.reflect.Method.invoke(Method.java:498)
	at org.junit.runners.model.FrameworkMethod$1.runReflectiveCall(FrameworkMethod.java:59)
	at org.junit.internal.runners.model.ReflectiveCallable.run(ReflectiveCallable.java:12)
	at org.junit.runners.model.FrameworkMethod.invokeExplosively(FrameworkMethod.java:56)
	at org.junit.internal.runners.statements.InvokeMethod.evaluate(InvokeMethod.java:17)
	at org.junit.internal.runners.statements.RunBefores.evaluate(RunBefores.java:26)
	at org.junit.internal.runners.statements.RunAfters.evaluate(RunAfters.java:27)
	at org.junit.rules.ExternalResource$1.evaluate(ExternalResource.java:54)
	at org.junit.internal.runners.statements.FailOnTimeout$CallableStatement.call(FailOnTimeout.java:288)
	at org.junit.internal.runners.statements.FailOnTimeout$CallableStatement.call(FailOnTimeout.java:282)
	at java.util.concurrent.FutureTask.run(FutureTask.java:266)
	at java.lang.Thread.run(Thread.java:750)
2023-06-19 20:31:34,922 [Time-limited test] WARN  client.SCMCertificateClient (DefaultCertificateClient.java:loadAllCertificates(161)) - Certificates could not be loaded.
java.nio.file.NoSuchFileException: /tmp/junit6014751621987716139/junit331916914414115390/scm-meta/scm/sub-ca/certs
	at sun.nio.fs.UnixException.translateToIOException(UnixException.java:86)
	at sun.nio.fs.UnixException.rethrowAsIOException(UnixException.java:102)
	at sun.nio.fs.UnixException.rethrowAsIOException(UnixException.java:107)
	at sun.nio.fs.UnixFileSystemProvider.newDirectoryStream(UnixFileSystemProvider.java:427)
	at java.nio.file.Files.newDirectoryStream(Files.java:457)
	at java.nio.file.Files.list(Files.java:3451)
	at org.apache.hadoop.hdds.security.x509.certificate.client.DefaultCertificateClient.loadAllCertificates(DefaultCertificateClient.java:156)
	at org.apache.hadoop.hdds.security.x509.certificate.client.DefaultCertificateClient.getCertPath(DefaultCertificateClient.java:324)
	at org.apache.hadoop.hdds.security.x509.certificate.client.DefaultCertificateClient.getCertificate(DefaultCertificateClient.java:300)
	at org.apache.hadoop.hdds.security.x509.certificate.client.DefaultCertificateClient.init(DefaultCertificateClient.java:669)
	at org.apache.hadoop.hdds.scm.ha.HASecurityUtils.initializeSecurity(HASecurityUtils.java:98)
	at org.apache.hadoop.ozone.TestSecureOzoneCluster.initSCM(TestSecureOzoneCluster.java:431)
	at org.apache.hadoop.ozone.TestSecureOzoneCluster.testAccessControlExceptionOnClient(TestSecureOzoneCluster.java:519)
	at sun.reflect.NativeMethodAccessorImpl.invoke0(Native Method)
	at sun.reflect.NativeMethodAccessorImpl.invoke(NativeMethodAccessorImpl.java:62)
	at sun.reflect.DelegatingMethodAccessorImpl.invoke(DelegatingMethodAccessorImpl.java:43)
	at java.lang.reflect.Method.invoke(Method.java:498)
	at org.junit.runners.model.FrameworkMethod$1.runReflectiveCall(FrameworkMethod.java:59)
	at org.junit.internal.runners.model.ReflectiveCallable.run(ReflectiveCallable.java:12)
	at org.junit.runners.model.FrameworkMethod.invokeExplosively(FrameworkMethod.java:56)
	at org.junit.internal.runners.statements.InvokeMethod.evaluate(InvokeMethod.java:17)
	at org.junit.internal.runners.statements.RunBefores.evaluate(RunBefores.java:26)
	at org.junit.internal.runners.statements.RunAfters.evaluate(RunAfters.java:27)
	at org.junit.rules.ExternalResource$1.evaluate(ExternalResource.java:54)
	at org.junit.internal.runners.statements.FailOnTimeout$CallableStatement.call(FailOnTimeout.java:288)
	at org.junit.internal.runners.statements.FailOnTimeout$CallableStatement.call(FailOnTimeout.java:282)
	at java.util.concurrent.FutureTask.run(FutureTask.java:266)
	at java.lang.Thread.run(Thread.java:750)
2023-06-19 20:31:34,922 [Time-limited test] INFO  client.SCMCertificateClient (DefaultCertificateClient.java:init(692)) - Certificate client init case: 0
2023-06-19 20:31:34,922 [Time-limited test] INFO  client.SCMCertificateClient (SCMCertificateClient.java:handleCase(68)) - Creating keypair for client as keypair and certificate not found.
2023-06-19 20:31:35,097 [Time-limited test] INFO  ha.HASecurityUtils (HASecurityUtils.java:initializeSecurity(99)) - Init response: GETCERT
2023-06-19 20:31:35,677 [Time-limited test] INFO  ozone.OzoneSecurityUtil (OzoneSecurityUtil.java:getValidInetsForCurrentHost(119)) - ip:fe80:0:0:0:20d:3aff:fe5b:c2ca%eth0 not returned.
2023-06-19 20:31:35,677 [Time-limited test] INFO  ozone.OzoneSecurityUtil (OzoneSecurityUtil.java:getValidInetsForCurrentHost(116)) - Adding ip:10.1.0.14,host:fv-az616-238
2023-06-19 20:31:35,677 [Time-limited test] INFO  ozone.OzoneSecurityUtil (OzoneSecurityUtil.java:getValidInetsForCurrentHost(119)) - ip:0:0:0:0:0:0:0:1%lo not returned.
2023-06-19 20:31:35,677 [Time-limited test] INFO  ozone.OzoneSecurityUtil (OzoneSecurityUtil.java:getValidInetsForCurrentHost(119)) - ip:127.0.0.1 not returned.
2023-06-19 20:31:35,677 [Time-limited test] ERROR utils.SelfSignedCertificate (SelfSignedCertificate.java:lambda$addInetAddresses$0(245)) - Invalid domain fv-az616-238
2023-06-19 20:31:35,681 [Time-limited test] INFO  utils.SelfSignedCertificate (SelfSignedCertificate.java:generateCertificate(158)) - Certificate 1 is issued by CN=scm@fv-az616-238,OU=c8f07e1f-ffee-4b2d-bce6-686592d5184f,O=8d2ad91d-42d8-4c85-83c6-9fe1c381cb64 to CN=scm@fv-az616-238,OU=c8f07e1f-ffee-4b2d-bce6-686592d5184f,O=8d2ad91d-42d8-4c85-83c6-9fe1c381cb64, valid from Mon Jun 19 20:31:35 UTC 2023 to Thu Jul 27 20:31:35 UTC 2028
2023-06-19 20:31:35,684 [Time-limited test] INFO  ozone.OzoneSecurityUtil (OzoneSecurityUtil.java:getValidInetsForCurrentHost(119)) - ip:fe80:0:0:0:20d:3aff:fe5b:c2ca%eth0 not returned.
2023-06-19 20:31:35,684 [Time-limited test] INFO  ozone.OzoneSecurityUtil (OzoneSecurityUtil.java:getValidInetsForCurrentHost(116)) - Adding ip:10.1.0.14,host:fv-az616-238
2023-06-19 20:31:35,684 [Time-limited test] INFO  ozone.OzoneSecurityUtil (OzoneSecurityUtil.java:getValidInetsForCurrentHost(119)) - ip:0:0:0:0:0:0:0:1%lo not returned.
2023-06-19 20:31:35,684 [Time-limited test] INFO  ozone.OzoneSecurityUtil (OzoneSecurityUtil.java:getValidInetsForCurrentHost(119)) - ip:127.0.0.1 not returned.
2023-06-19 20:31:35,685 [Time-limited test] ERROR utils.CertificateSignRequest (CertificateSignRequest.java:lambda$addInetAddresses$0(296)) - Invalid domain fv-az616-238
2023-06-19 20:31:35,685 [Time-limited test] INFO  ha.HASecurityUtils (HASecurityUtils.java:generateCSR(280)) - Creating csr for SCM->hostName:fv-az616-238,scmId:c8f07e1f-ffee-4b2d-bce6-686592d5184f,clusterId:8d2ad91d-42d8-4c85-83c6-9fe1c381cb64,subject:scm-sub@fv-az616-238
2023-06-19 20:31:35,695 [Time-limited test] INFO  ha.HASecurityUtils (HASecurityUtils.java:initializeSecurity(112)) - Successfully stored SCM signed certificate.
2023-06-19 20:31:35,697 [Time-limited test] WARN  server.ServerUtils (ServerUtils.java:getScmDbDir(155)) - ozone.scm.db.dirs is not configured. We recommend adding this setting. Falling back to ozone.metadata.dirs instead.
2023-06-19 20:31:35,698 [Time-limited test] INFO  ha.SCMHANodeDetails (SCMHANodeDetails.java:loadSCMHAConfig(210)) - ServiceID for StorageContainerManager is null
2023-06-19 20:31:35,698 [Time-limited test] INFO  ha.SCMHANodeDetails (SCMHANodeDetails.java:loadSCMHAConfig(215)) - ozone.scm.default.service.id is not defined, falling back to ozone.scm.service.ids to find serviceID for StorageContainerManager if it is HA enabled cluster
2023-06-19 20:31:35,701 [Time-limited test] INFO  client.SCMCertificateClient (DefaultCertificateClient.java:readCertificateFile(196)) - Added certificate   [0]         Version: 3
         SerialNumber: 5185204778033
             IssuerDN: CN=scm@fv-az616-238,OU=c8f07e1f-ffee-4b2d-bce6-686592d5184f,O=8d2ad91d-42d8-4c85-83c6-9fe1c381cb64
           Start Date: Mon Jun 19 20:31:35 UTC 2023
           Final Date: Thu Jul 27 20:31:35 UTC 2028
            SubjectDN: CN=scm-sub@fv-az616-238,OU=c8f07e1f-ffee-4b2d-bce6-686592d5184f,O=8d2ad91d-42d8-4c85-83c6-9fe1c381cb64
           Public Key: RSA Public Key [11:a7:25:06:e5:a5:e9:2e:8c:3c:e9:19:0d:ea:b3:e6:9b:54:61:9f],[56:66:d1:a4]
        modulus: bc188153b381af9f8c4952d2045f808f076f1c3ddc3642c6fc93f5597ab4423ba179acad99dfa968110d579e8501328b8b52d533d7a2d049598d0416ac8847627f28e6415c73e3d640085a89eff15a5d458c770de0c1610399dfb5dd1230ce006ef42c29038bcdcf3315f42fbe48eba92b021496c6683cf5fc0d225ac36d44b47485ccb19015be1e03fad43a426723020543784ff53b671ef7476ce9c57a3ac970e03346a876443c2bcee19840c9691de904cab7c255e981fc7d9811339cc4c3fadefa90b1a71188a835170e2d614ec380d627965d3309e181e50b6b933111965c7e0eda974cc7d8dcdc4d2b67b27701d81a0431fe87a5f75eaa410a5fe802ef
public exponent: 10001

  Signature Algorithm: SHA256WITHRSA
            Signature: 5f0c0deb690f948239d2ef6bf9f6ff8aed546567
                       a026f93ce3787d456c691f97725c9606204df2be
                       4d019def9c5a7f1457c7dc6742389df9ad735905
                       d41806b62cb7a7c21e06e2609284dd44ad88f255
                       e4caf98197f1e325f35facf1c6fcc943d793a4af
                       5784fd6692f6a62616841dd90895154c5bf4cbe0
                       ce3767908d355826dd9f1720be06dc11d821e4ab
                       66b23d9ca2eb4d015593ee588bdfe61ae9379773
                       5b36dfca87bba9ff4dad4ba6f73ee4d201dc9118
                       ef6a20d3d63ecba34428b204227c05d291f7238b
                       750f0c0f6d273115cbd7c64c6d9e63e95a99a80f
                       b20c5a8a037d6b1d78bd65ee4c78fee95053a606
                       e70d6f77b85029fe2bd01174459e829f
       Extensions: 
                       critical(false) 2.5.29.17 value = Sequence
    Tagged [7] IMPLICIT 
        DER Octet String[4] 

                       critical(true) BasicConstraints: isCa(true)
                       critical(true) KeyUsage: 0xbe
 from file: /tmp/junit6014751621987716139/junit331916914414115390/scm-meta/scm/sub-ca/certs/certificate.crt.
2023-06-19 20:31:35,704 [Time-limited test] INFO  client.SCMCertificateClient (DefaultCertificateClient.java:readCertificateFile(196)) - Added certificate   [0]         Version: 3
         SerialNumber: 5185204778033
             IssuerDN: CN=scm@fv-az616-238,OU=c8f07e1f-ffee-4b2d-bce6-686592d5184f,O=8d2ad91d-42d8-4c85-83c6-9fe1c381cb64
           Start Date: Mon Jun 19 20:31:35 UTC 2023
           Final Date: Thu Jul 27 20:31:35 UTC 2028
            SubjectDN: CN=scm-sub@fv-az616-238,OU=c8f07e1f-ffee-4b2d-bce6-686592d5184f,O=8d2ad91d-42d8-4c85-83c6-9fe1c381cb64
           Public Key: RSA Public Key [11:a7:25:06:e5:a5:e9:2e:8c:3c:e9:19:0d:ea:b3:e6:9b:54:61:9f],[56:66:d1:a4]
        modulus: bc188153b381af9f8c4952d2045f808f076f1c3ddc3642c6fc93f5597ab4423ba179acad99dfa968110d579e8501328b8b52d533d7a2d049598d0416ac8847627f28e6415c73e3d640085a89eff15a5d458c770de0c1610399dfb5dd1230ce006ef42c29038bcdcf3315f42fbe48eba92b021496c6683cf5fc0d225ac36d44b47485ccb19015be1e03fad43a426723020543784ff53b671ef7476ce9c57a3ac970e03346a876443c2bcee19840c9691de904cab7c255e981fc7d9811339cc4c3fadefa90b1a71188a835170e2d614ec380d627965d3309e181e50b6b933111965c7e0eda974cc7d8dcdc4d2b67b27701d81a0431fe87a5f75eaa410a5fe802ef
public exponent: 10001

  Signature Algorithm: SHA256WITHRSA
            Signature: 5f0c0deb690f948239d2ef6bf9f6ff8aed546567
                       a026f93ce3787d456c691f97725c9606204df2be
                       4d019def9c5a7f1457c7dc6742389df9ad735905
                       d41806b62cb7a7c21e06e2609284dd44ad88f255
                       e4caf98197f1e325f35facf1c6fcc943d793a4af
                       5784fd6692f6a62616841dd90895154c5bf4cbe0
                       ce3767908d355826dd9f1720be06dc11d821e4ab
                       66b23d9ca2eb4d015593ee588bdfe61ae9379773
                       5b36dfca87bba9ff4dad4ba6f73ee4d201dc9118
                       ef6a20d3d63ecba34428b204227c05d291f7238b
                       750f0c0f6d273115cbd7c64c6d9e63e95a99a80f
                       b20c5a8a037d6b1d78bd65ee4c78fee95053a606
                       e70d6f77b85029fe2bd01174459e829f
       Extensions: 
                       critical(false) 2.5.29.17 value = Sequence
    Tagged [7] IMPLICIT 
        DER Octet String[4] 

                       critical(true) BasicConstraints: isCa(true)
                       critical(true) KeyUsage: 0xbe
 from file: /tmp/junit6014751621987716139/junit331916914414115390/scm-meta/scm/sub-ca/certs/5185204778033.crt.
2023-06-19 20:31:35,706 [Time-limited test] INFO  client.SCMCertificateClient (DefaultCertificateClient.java:readCertificateFile(196)) - Added certificate   [0]         Version: 3
         SerialNumber: 1
             IssuerDN: CN=scm@fv-az616-238,OU=c8f07e1f-ffee-4b2d-bce6-686592d5184f,O=8d2ad91d-42d8-4c85-83c6-9fe1c381cb64
           Start Date: Mon Jun 19 20:31:35 UTC 2023
           Final Date: Thu Jul 27 20:31:35 UTC 2028
            SubjectDN: CN=scm@fv-az616-238,OU=c8f07e1f-ffee-4b2d-bce6-686592d5184f,O=8d2ad91d-42d8-4c85-83c6-9fe1c381cb64
           Public Key: RSA Public Key [f4:e5:c7:53:b8:50:00:55:93:2f:7e:a7:ad:70:e1:a2:d1:2a:ad:f4],[56:66:d1:a4]
        modulus: ba6d0af70cf66577f634cf68c487fbba033afb58f7cccc9701155e2cb707784e678fe56a64cdf1db2e855446c44717b4aa06e762c1330283e114011d5a79590c69f2cddf872ffba3b733162cbdef2c72dcf0c29d2c1391f10d1716765012d12576ff072a6ad39cc135e5cf75aa9baf069073121fcfbf47c8ffa621c9a8c386cb1539db566f671eb3699ee9d52af455e93de41b99bb73ad3d3f3d76e7c12eb0ebae09d9d7deb859d1c8372c7cb55e50c8ea5b3a1afa843b8a42e6683b6a6b9a98f68966f9dc37715dace2e02737d64d04b6189a89723c0a0339a6f8b7642358171edafda6fc40cffc0a244b8e7c8a6ddc79be98358c3dc931303f643b476a6363
public exponent: 10001

  Signature Algorithm: SHA256WITHRSA
            Signature: a4384827e0b966ba2889e4f219ac57c8460269bc
                       67e75ccdd89e67b0a240d0ec362a4f19b5c45b1a
                       602cdb721c54a53c4ec5a7804ab87244178343ad
                       d12025356e4dbe170a9aabb0d42906a1b5b89fda
                       20b3dbbd08727455404e3934b97db617d5547160
                       2ec486a0658614d2773524b4ddac947358fa0781
                       d9dfa3d3d119ba670f59f780425efe379d4b1b16
                       73a4bbb2980762484c4052f0cb649af0a6d77a38
                       d6149827d894cd93644cceeb302c4a94e7bea5dd
                       88f98acc856f04c8dc53dc17743573d71c7b8ab8
                       91d9edf4708bdddf1167166e6c41719c60427742
                       46ecff89c5f69b4be4a148a83eb4d7dfd51e865e
                       053d5f07119f32348044dae21321c3f2
       Extensions: 
                       critical(true) BasicConstraints: isCa(true)
                       critical(true) KeyUsage: 0x6
                       critical(false) 2.5.29.17 value = Sequence
    Tagged [7] IMPLICIT 
        DER Octet String[4] 

 from file: /tmp/junit6014751621987716139/junit331916914414115390/scm-meta/scm/sub-ca/certs/CA-1.crt.
2023-06-19 20:31:35,711 [Time-limited test] INFO  client.SCMCertificateClient (DefaultCertificateClient.java:startCertificateMonitor(1260)) - CertificateLifetimeMonitor for scm/sub-ca is started with first delay 161135989294 ms and interval 3333 ms.
2023-06-19 20:31:35,718 [pool-338-thread-1] INFO  request.KdcRequest (KdcRequest.java:preauth(651)) - The preauth data is empty.
2023-06-19 20:31:35,719 [pool-338-thread-1] INFO  server.KdcHandler (KdcHandler.java:handleRecoverableException(177)) - KRB error occurred while processing request:Additional pre-authentication required
2023-06-19 20:31:35,726 [pool-338-thread-2] INFO  request.AsRequest (AsRequest.java:issueTicket(112)) - AS_REQ ISSUE: authtime 1687206695725,scm/fv-az616-238@EXAMPLE.COM for krbtgt/EXAMPLE.COM@EXAMPLE.COM
2023-06-19 20:31:35,728 [Time-limited test] INFO  security.UserGroupInformation (UserGroupInformation.java:loginUserFromKeytab(1132)) - Login successful for user scm/fv-az616-238@EXAMPLE.COM using keytab file scm.keytab. Keytab auto renewal enabled : false
2023-06-19 20:31:35,728 [Time-limited test] INFO  server.StorageContainerManager (StorageContainerManager.java:loginAsSCMUserIfSecurityEnabled(1042)) - SCM login successful.
2023-06-19 20:31:35,728 [Time-limited test] WARN  utils.HAUtils (HAUtils.java:getMetaDir(339)) - ozone.scm.db.dirs is not configured. We recommend adding this setting. Falling back to ozone.metadata.dirs instead.
2023-06-19 20:31:35,729 [Time-limited test] WARN  db.DBStoreBuilder (DBStoreBuilder.java:applyDBDefinition(165)) - ozone.scm.db.dirs is not configured. We recommend adding this setting. Falling back to ozone.metadata.dirs instead.
2023-06-19 20:31:35,889 [Time-limited test] INFO  net.NodeSchemaLoader (NodeSchemaLoader.java:loadSchemaFromFile(129)) - Loading schema from [jar:file:/home/runner/.m2/repository/org/apache/ozone/hdds-common/1.4.0-SNAPSHOT/hdds-common-1.4.0-SNAPSHOT.jar!/network-topology-default.xml]
2023-06-19 20:31:35,889 [Time-limited test] INFO  net.NodeSchemaLoader (NodeSchemaLoader.java:loadSchema(176)) - Loading network topology layer schema file
2023-06-19 20:31:35,893 [Time-limited test] INFO  upgrade.AbstractLayoutVersionManager (AbstractLayoutVersionManager.java:init(83)) - Initializing Layout version manager with metadata layout = HADOOP_PRC_PORTS_IN_DATANODEDETAILS (version = 7), software layout = HADOOP_PRC_PORTS_IN_DATANODEDETAILS (version = 7)
2023-06-19 20:31:35,895 [Time-limited test] INFO  ha.SequenceIdGenerator (SequenceIdGenerator.java:upgradeToSequenceId(349)) - upgrade localId to 111677748019200000
2023-06-19 20:31:35,897 [Time-limited test] INFO  ha.SequenceIdGenerator (SequenceIdGenerator.java:upgradeToSequenceId(359)) - upgrade delTxnId to 0
2023-06-19 20:31:35,898 [Time-limited test] INFO  ha.SequenceIdGenerator (SequenceIdGenerator.java:upgradeToSequenceId(376)) - upgrade containerId to 0
2023-06-19 20:31:35,898 [Time-limited test] INFO  ha.SequenceIdGenerator (SequenceIdGenerator.java:<init>(220)) - Init the HA SequenceIdGenerator.
2023-06-19 20:31:35,899 [Time-limited test] INFO  node.SCMNodeManager (SCMNodeManager.java:<init>(158)) - Entering startup safe mode.
2023-06-19 20:31:35,902 [Time-limited test] INFO  algorithms.ContainerPlacementPolicyFactory (ContainerPlacementPolicyFactory.java:getPolicyInternal(86)) - Create container placement policy of type org.apache.hadoop.hdds.scm.container.placement.algorithms.SCMContainerPlacementRackAware
2023-06-19 20:31:35,902 [Time-limited test] INFO  algorithms.ContainerPlacementPolicyFactory (ContainerPlacementPolicyFactory.java:getPolicyInternal(86)) - Create container placement policy of type org.apache.hadoop.hdds.scm.container.placement.algorithms.SCMContainerPlacementRackScatter
2023-06-19 20:31:35,902 [Time-limited test] INFO  pipeline.PipelineStateManagerImpl (PipelineStateManagerImpl.java:initialize(78)) - No pipeline exists in current db
2023-06-19 20:31:35,903 [Time-limited test] INFO  algorithms.LeaderChoosePolicyFactory (LeaderChoosePolicyFactory.java:getPolicy(57)) - Create leader choose policy of type org.apache.hadoop.hdds.scm.pipeline.leader.choose.algorithms.MinLeaderCountChoosePolicy
2023-06-19 20:31:35,903 [Time-limited test] INFO  algorithms.ContainerPlacementPolicyFactory (ContainerPlacementPolicyFactory.java:getPolicyInternal(86)) - Create container placement policy of type org.apache.hadoop.hdds.scm.container.placement.algorithms.SCMContainerPlacementRackScatter
2023-06-19 20:31:35,904 [Time-limited test] INFO  ha.SCMServiceManager (SCMServiceManager.java:register(42)) - Registering service BackgroundPipelineCreator.
2023-06-19 20:31:35,904 [Time-limited test] INFO  pipeline.BackgroundPipelineCreator (BackgroundPipelineCreator.java:start(124)) - Starting RatisPipelineUtilsThread.
2023-06-19 20:31:35,907 [Time-limited test] INFO  BackgroundPipelineScrubber (BackgroundSCMService.java:start(68)) - Starting BackgroundPipelineScrubber Service.
2023-06-19 20:31:35,908 [Time-limited test] INFO  ha.SCMServiceManager (SCMServiceManager.java:register(42)) - Registering service BackgroundPipelineScrubber.
2023-06-19 20:31:35,908 [Time-limited test] INFO  ExpiredContainerReplicaOpScrubber (BackgroundSCMService.java:start(68)) - Starting ExpiredContainerReplicaOpScrubber Service.
2023-06-19 20:31:35,909 [Time-limited test] INFO  ha.SCMServiceManager (SCMServiceManager.java:register(42)) - Registering service ExpiredContainerReplicaOpScrubber.
2023-06-19 20:31:35,911 [Time-limited test] INFO  algorithms.PipelineChoosePolicyFactory (PipelineChoosePolicyFactory.java:createPipelineChoosePolicyFromClass(73)) - Create pipeline choose policy of type org.apache.hadoop.hdds.scm.pipeline.choose.algorithms.RandomPipelineChoosePolicy
2023-06-19 20:31:35,913 [Time-limited test] INFO  ha.SCMServiceManager (SCMServiceManager.java:register(42)) - Registering service SCMBlockDeletingService.
2023-06-19 20:31:35,914 [Time-limited test] INFO  replication.ReplicationManager (ReplicationManager.java:start(286)) - Starting Replication Monitor Thread.
2023-06-19 20:31:35,921 [Time-limited test] INFO  ha.SCMServiceManager (SCMServiceManager.java:register(42)) - Registering service ReplicationManager.
2023-06-19 20:31:35,922 [Time-limited test] INFO  safemode.ContainerSafeModeRule (ContainerSafeModeRule.java:<init>(89)) - containers with one replica threshold count 0
2023-06-19 20:31:35,922 [Time-limited test] INFO  safemode.HealthyPipelineSafeModeRule (HealthyPipelineSafeModeRule.java:initializeRule(169)) - Total pipeline count is 0, healthy pipeline threshold count is 0
2023-06-19 20:31:35,923 [Time-limited test] INFO  safemode.OneReplicaPipelineSafeModeRule (OneReplicaPipelineSafeModeRule.java:initializeRule(180)) - Total pipeline count is 0, pipeline's with at least one datanode reported threshold count is 0
2023-06-19 20:31:35,929 [Time-limited test] INFO  authority.DefaultCAServer (DefaultCAServer.java:lambda$processVerificationStatus$0(465)) - CertificateServer validation is successful
2023-06-19 20:31:35,929 [Time-limited test] INFO  authority.DefaultCAServer (DefaultCAServer.java:lambda$processVerificationStatus$0(465)) - CertificateServer validation is successful
2023-06-19 20:31:35,930 [Time-limited test] INFO  server.StorageContainerManager (StorageContainerManager.java:persistPrimarySCMCerts(910)) - Storing sub-ca certificate serialId 5185204778033 on primary SCM
2023-06-19 20:31:35,931 [ReplicationMonitor] INFO  replication.ReplicationManager (ReplicationManager.java:processAll(361)) - Replication Manager is not ready to run until 300000ms after safemode exit
2023-06-19 20:31:35,933 [Time-limited test] INFO  server.StorageContainerManager (StorageContainerManager.java:persistPrimarySCMCerts(918)) - Storing root certificate serialId 1
2023-06-19 20:31:35,934 [Time-limited test] INFO  ipc.CallQueueManager (CallQueueManager.java:<init>(90)) - Using callQueue: class java.util.concurrent.LinkedBlockingQueue, queueCapacity: 200, scheduler: class org.apache.hadoop.ipc.DefaultRpcScheduler, ipcBackoff: false.
2023-06-19 20:31:35,937 [Socket Reader #1 for port 9961] INFO  ipc.Server (Server.java:run(1319)) - Starting Socket Reader #1 for port 9961
2023-06-19 20:31:35,940 [Listener at 0.0.0.0/9961] INFO  hdds.HddsUtils (HddsUtils.java:preserveThreadName(848)) - Restoring thread name: Time-limited test
2023-06-19 20:31:35,940 [Time-limited test] INFO  ha.SCMServiceManager (SCMServiceManager.java:register(42)) - Registering service RootCARotationManager.
2023-06-19 20:31:35,940 [Time-limited test] INFO  server.StorageContainerManager (StorageContainerManager.java:<init>(414)) - SCM start with adminUsers: [om/fv-az616-238@EXAMPLE.COM, scm]
2023-06-19 20:31:35,941 [Time-limited test] INFO  ipc.CallQueueManager (CallQueueManager.java:<init>(90)) - Using callQueue: class java.util.concurrent.LinkedBlockingQueue, queueCapacity: 10000, scheduler: class org.apache.hadoop.ipc.DefaultRpcScheduler, ipcBackoff: false.
2023-06-19 20:31:35,941 [Socket Reader #1 for port 9861] INFO  ipc.Server (Server.java:run(1319)) - Starting Socket Reader #1 for port 9861
2023-06-19 20:31:35,943 [Listener at 0.0.0.0/9861] INFO  hdds.HddsUtils (HddsUtils.java:preserveThreadName(848)) - Restoring thread name: Time-limited test
2023-06-19 20:31:35,943 [Time-limited test] INFO  ipc.CallQueueManager (CallQueueManager.java:<init>(90)) - Using callQueue: class java.util.concurrent.LinkedBlockingQueue, queueCapacity: 10000, scheduler: class org.apache.hadoop.ipc.DefaultRpcScheduler, ipcBackoff: false.
2023-06-19 20:31:35,944 [Socket Reader #1 for port 9863] INFO  ipc.Server (Server.java:run(1319)) - Starting Socket Reader #1 for port 9863
2023-06-19 20:31:35,952 [Listener at 0.0.0.0/9863] INFO  hdds.HddsUtils (HddsUtils.java:preserveThreadName(848)) - Restoring thread name: Time-limited test
2023-06-19 20:31:35,953 [Time-limited test] INFO  ipc.CallQueueManager (CallQueueManager.java:<init>(90)) - Using callQueue: class java.util.concurrent.LinkedBlockingQueue, queueCapacity: 10000, scheduler: class org.apache.hadoop.ipc.DefaultRpcScheduler, ipcBackoff: false.
2023-06-19 20:31:35,953 [Socket Reader #1 for port 9860] INFO  ipc.Server (Server.java:run(1319)) - Starting Socket Reader #1 for port 9860
2023-06-19 20:31:35,959 [Listener at 0.0.0.0/9860] INFO  hdds.HddsUtils (HddsUtils.java:preserveThreadName(848)) - Restoring thread name: Time-limited test
2023-06-19 20:31:35,970 [Time-limited test] INFO  ha.SCMServiceManager (SCMServiceManager.java:register(42)) - Registering service ContainerBalancer.
2023-06-19 20:31:35,970 [Time-limited test] INFO  server.StorageContainerManager (StorageContainerManager.java:<init>(427)) - 
Container Balancer status:
Key                            Value
Running                        false
Container Balancer Configuration values:
Key                                                Value
Threshold                                          10
Max Datanodes to Involve per Iteration(percent)    20
Max Size to Move per Iteration                     500GB
Max Size Entering Target per Iteration             26GB
Max Size Leaving Source per Iteration              26GB

2023-06-19 20:31:35,970 [Time-limited test] INFO  ha.SCMContext (SCMContext.java:updateSafeModeStatus(228)) - Update SafeModeStatus from SafeModeStatus{safeModeStatus=true, preCheckPassed=false} to SafeModeStatus{safeModeStatus=true, preCheckPassed=false}.
2023-06-19 20:31:35,971 [Time-limited test] WARN  server.ServerUtils (ServerUtils.java:getDBPath(311)) - ozone.om.db.dirs is not configured. We recommend adding this setting. Falling back to ozone.metadata.dirs instead.
2023-06-19 20:31:35,975 [Time-limited test] INFO  ha.OMHANodeDetails (OMHANodeDetails.java:loadOMHAConfig(115)) - ozone.om.internal.service.id is not defined, falling back to ozone.om.service.ids to find serviceID for OzoneManager if it is HA enabled cluster
2023-06-19 20:31:35,976 [Time-limited test] INFO  ha.OMHANodeDetails (OMHANodeDetails.java:loadOMHAConfig(226)) - Configuration does not have ozone.om.address set. Falling back to the default OM address fv-az616-238/10.1.0.14:1202
2023-06-19 20:31:35,976 [Time-limited test] INFO  ha.OMHANodeDetails (OMHANodeDetails.java:getOMNodeDetailsForNonHA(254)) - OM Service ID is not set. Setting it to the default ID: omServiceIdDefault
2023-06-19 20:31:35,976 [Time-limited test] INFO  ha.OMHANodeDetails (OMHANodeDetails.java:getOMNodeDetailsForNonHA(261)) - OM Node ID is not set. Setting it to the default ID: om1
2023-06-19 20:31:35,976 [Time-limited test] WARN  server.ServerUtils (ServerUtils.java:getDBPath(311)) - ozone.om.db.dirs is not configured. We recommend adding this setting. Falling back to ozone.metadata.dirs instead.
2023-06-19 20:31:35,985 [Time-limited test] INFO  upgrade.AbstractLayoutVersionManager (AbstractLayoutVersionManager.java:init(83)) - Initializing Layout version manager with metadata layout = QUOTA (version = 6), software layout = QUOTA (version = 6)
2023-06-19 20:31:36,081 [Time-limited test] INFO  reflections.Reflections (Reflections.java:scan(232)) - Reflections took 95 ms to scan 2 urls, producing 181 keys and 502 values [using 2 cores]
2023-06-19 20:31:36,082 [Time-limited test] INFO  upgrade.OMLayoutVersionManager (OMLayoutVersionManager.java:lambda$0(115)) - Skipping Upgrade Action MockOmUpgradeAction since it has been finalized.
2023-06-19 20:31:36,082 [Time-limited test] INFO  upgrade.OMLayoutVersionManager (OMLayoutVersionManager.java:lambda$0(115)) - Skipping Upgrade Action QuotaRepairUpgradeAction since it has been finalized.
2023-06-19 20:31:36,085 [pool-338-thread-2] INFO  request.KdcRequest (KdcRequest.java:preauth(651)) - The preauth data is empty.
2023-06-19 20:31:36,086 [pool-338-thread-2] INFO  server.KdcHandler (KdcHandler.java:handleRecoverableException(177)) - KRB error occurred while processing request:Additional pre-authentication required
2023-06-19 20:31:36,091 [pool-338-thread-1] INFO  request.AsRequest (AsRequest.java:issueTicket(112)) - AS_REQ ISSUE: authtime 1687206696091,om/fv-az616-238@EXAMPLE.COM for krbtgt/EXAMPLE.COM@EXAMPLE.COM
2023-06-19 20:31:36,098 [Time-limited test] INFO  security.UserGroupInformation (UserGroupInformation.java:loginUserFromKeytab(1132)) - Login successful for user om/fv-az616-238@EXAMPLE.COM using keytab file om.keytab. Keytab auto renewal enabled : false
2023-06-19 20:31:36,098 [Time-limited test] INFO  om.OzoneManager (OzoneManager.java:loginOMUser(1134)) - Ozone Manager login successful.
2023-06-19 20:31:36,098 [Time-limited test] WARN  server.ServerUtils (ServerUtils.java:getDBPath(311)) - ozone.om.db.dirs is not configured. We recommend adding this setting. Falling back to ozone.metadata.dirs instead.
2023-06-19 20:31:36,100 [Time-limited test] INFO  proxy.SCMBlockLocationFailoverProxyProvider (SCMBlockLocationFailoverProxyProvider.java:<init>(114)) - Created block location fail-over proxy with 1 nodes: [nodeId=scmNodeId,nodeAddress=/0.0.0.0:9863]
2023-06-19 20:31:36,101 [Time-limited test] WARN  security.OMCertificateClient (DefaultCertificateClient.java:loadAllCertificates(161)) - Certificates could not be loaded.
java.nio.file.NoSuchFileException: /tmp/junit6014751621987716139/junit331916914414115390/scm-meta/om/certs
	at sun.nio.fs.UnixException.translateToIOException(UnixException.java:86)
	at sun.nio.fs.UnixException.rethrowAsIOException(UnixException.java:102)
	at sun.nio.fs.UnixException.rethrowAsIOException(UnixException.java:107)
	at sun.nio.fs.UnixFileSystemProvider.newDirectoryStream(UnixFileSystemProvider.java:427)
	at java.nio.file.Files.newDirectoryStream(Files.java:457)
	at java.nio.file.Files.list(Files.java:3451)
	at org.apache.hadoop.hdds.security.x509.certificate.client.DefaultCertificateClient.loadAllCertificates(DefaultCertificateClient.java:156)
	at org.apache.hadoop.hdds.security.x509.certificate.client.DefaultCertificateClient.updateCertSerialId(DefaultCertificateClient.java:1206)
	at org.apache.hadoop.hdds.security.x509.certificate.client.DefaultCertificateClient.<init>(DefaultCertificateClient.java:148)
	at org.apache.hadoop.hdds.security.x509.certificate.client.CommonCertificateClient.<init>(CommonCertificateClient.java:43)
	at org.apache.hadoop.ozone.security.OMCertificateClient.<init>(OMCertificateClient.java:67)
	at org.apache.hadoop.ozone.om.OzoneManager.<init>(OzoneManager.java:626)
	at org.apache.hadoop.ozone.om.OzoneManager.createOm(OzoneManager.java:736)
	at org.apache.hadoop.ozone.TestSecureOzoneCluster.setupOm(TestSecureOzoneCluster.java:665)
	at org.apache.hadoop.ozone.TestSecureOzoneCluster.testAccessControlExceptionOnClient(TestSecureOzoneCluster.java:524)
	at sun.reflect.NativeMethodAccessorImpl.invoke0(Native Method)
	at sun.reflect.NativeMethodAccessorImpl.invoke(NativeMethodAccessorImpl.java:62)
	at sun.reflect.DelegatingMethodAccessorImpl.invoke(DelegatingMethodAccessorImpl.java:43)
	at java.lang.reflect.Method.invoke(Method.java:498)
	at org.junit.runners.model.FrameworkMethod$1.runReflectiveCall(FrameworkMethod.java:59)
	at org.junit.internal.runners.model.ReflectiveCallable.run(ReflectiveCallable.java:12)
	at org.junit.runners.model.FrameworkMethod.invokeExplosively(FrameworkMethod.java:56)
	at org.junit.internal.runners.statements.InvokeMethod.evaluate(InvokeMethod.java:17)
	at org.junit.internal.runners.statements.RunBefores.evaluate(RunBefores.java:26)
	at org.junit.internal.runners.statements.RunAfters.evaluate(RunAfters.java:27)
	at org.junit.rules.ExternalResource$1.evaluate(ExternalResource.java:54)
	at org.junit.internal.runners.statements.FailOnTimeout$CallableStatement.call(FailOnTimeout.java:288)
	at org.junit.internal.runners.statements.FailOnTimeout$CallableStatement.call(FailOnTimeout.java:282)
	at java.util.concurrent.FutureTask.run(FutureTask.java:266)
	at java.lang.Thread.run(Thread.java:750)
2023-06-19 20:31:36,101 [Time-limited test] INFO  om.OzoneManager (OzoneManager.java:getOmDetailsProto(4486)) - OzoneManager ports added:[name: "RPC"
value: 1202
]
2023-06-19 20:31:36,103 [Time-limited test] INFO  om.OzoneManager (OzoneManager.java:<init>(644)) - OM start with adminUsers: [om/fv-az616-238@EXAMPLE.COM, om]
2023-06-19 20:31:36,105 [Time-limited test] WARN  server.ServerUtils (ServerUtils.java:getDBPath(311)) - ozone.om.db.dirs is not configured. We recommend adding this setting. Falling back to ozone.metadata.dirs instead.
2023-06-19 20:31:36,105 [Time-limited test] INFO  helpers.OmKeyInfo (OmKeyInfo.java:getCodec(71)) - OmKeyInfo.getCodec ignorePipeline = true
2023-06-19 20:31:36,367 [Time-limited test] INFO  om.OzoneManager (OzoneManager.java:instantiateServices(773)) - S3 Multi-Tenancy is disabled
2023-06-19 20:31:36,368 [Time-limited test] INFO  security.OzoneSecretStore (OzoneSecretStore.java:loadState(69)) - Loaded 0 tokens
2023-06-19 20:31:36,368 [Time-limited test] INFO  security.OzoneDelegationTokenSecretManager (OzoneDelegationTokenSecretManager.java:loadTokenSecretState(530)) - Loading token state into token manager.
2023-06-19 20:31:36,368 [Time-limited test] INFO  om.OmSnapshotManager (OmSnapshotManager.java:<init>(170)) - Ozone filesystem snapshot feature is enabled.
2023-06-19 20:31:36,368 [Time-limited test] WARN  server.ServerUtils (ServerUtils.java:getDBPath(311)) - ozone.om.snapshot.diff.db.dir is not configured. We recommend adding this setting. Falling back to ozone.metadata.dirs instead.
2023-06-19 20:31:36,399 [Time-limited test] INFO  snapshot.SnapshotDiffManager (SnapshotDiffManager.java:closeExecutorService(1267)) - Shutting down executorService: 'SstDumpToolExecutor'
2023-06-19 20:31:36,405 [Time-limited test] INFO  om.OzoneManager (OzoneManager.java:addS3GVolumeToDB(4237)) - Created Volume s3v With Owner om required for S3Gateway operations.
2023-06-19 20:31:36,406 [Time-limited test] WARN  server.ServerUtils (ServerUtils.java:getDefaultRatisDirectory(323)) - Storage directory for Ratis is not configured. It is a good idea to map this to an SSD disk. Falling back to ozone.metadata.dirs
2023-06-19 20:31:36,406 [Time-limited test] WARN  utils.OzoneManagerRatisUtils (OzoneManagerRatisUtils.java:getOMRatisSnapshotDirectory(461)) - ozone.om.ratis.snapshot.dir is not configured. Falling back to ozone.metadata.dirs config
2023-06-19 20:31:36,406 [Time-limited test] WARN  server.ServerUtils (ServerUtils.java:getDefaultRatisDirectory(323)) - Storage directory for Ratis is not configured. It is a good idea to map this to an SSD disk. Falling back to ozone.metadata.dirs
2023-06-19 20:31:36,409 [Time-limited test] INFO  ratis.OzoneManagerRatisServer (OzoneManagerRatisServer.java:<init>(163)) - Instantiating OM Ratis server with groupID: omServiceIdDefault and peers: fv-az616-238:9872
2023-06-19 20:31:36,410 [Time-limited test] INFO  ratis.OzoneManagerStateMachine (OzoneManagerStateMachine.java:loadSnapshotInfoFromDB(670)) - LastAppliedIndex is set from TransactionInfo from OM DB as (t:0, i:~)
2023-06-19 20:31:36,410 [Time-limited test] INFO  server.RaftServer (ConfUtils.java:logGet(46)) - raft.rpc.type = GRPC (default)
2023-06-19 20:31:36,410 [Time-limited test] INFO  grpc.GrpcConfigKeys (ConfUtils.java:logFallback(53)) - raft.grpc.admin.host = null (fallback to raft.grpc.server.host)
2023-06-19 20:31:36,410 [Time-limited test] INFO  grpc.GrpcConfigKeys (ConfUtils.java:logFallback(53)) - raft.grpc.admin.port = 9872 (fallback to raft.grpc.server.port)
2023-06-19 20:31:36,411 [Time-limited test] INFO  grpc.GrpcConfigKeys (ConfUtils.java:logFallback(53)) - raft.grpc.client.host = null (fallback to raft.grpc.server.host)
2023-06-19 20:31:36,411 [Time-limited test] INFO  grpc.GrpcConfigKeys (ConfUtils.java:logFallback(53)) - raft.grpc.client.port = 9872 (fallback to raft.grpc.server.port)
2023-06-19 20:31:36,411 [Time-limited test] INFO  grpc.GrpcConfigKeys (ConfUtils.java:logGet(46)) - raft.grpc.server.host = null (default)
2023-06-19 20:31:36,411 [Time-limited test] INFO  grpc.GrpcConfigKeys (ConfUtils.java:logGet(46)) - raft.grpc.server.port = 9872 (custom)
2023-06-19 20:31:36,411 [Time-limited test] INFO  server.GrpcService (ConfUtils.java:logGet(46)) - raft.grpc.message.size.max = 33554432 (custom)
2023-06-19 20:31:36,411 [Time-limited test] INFO  server.RaftServerConfigKeys (ConfUtils.java:logGet(46)) - raft.server.log.appender.buffer.byte-limit = 33554432 (custom)
2023-06-19 20:31:36,411 [Time-limited test] INFO  server.GrpcService (ConfUtils.java:logGet(46)) - raft.grpc.flow.control.window = 1MB (=1048576) (default)
2023-06-19 20:31:36,411 [Time-limited test] INFO  server.RaftServerConfigKeys (ConfUtils.java:logGet(46)) - raft.server.rpc.request.timeout = 3000ms (default)
2023-06-19 20:31:36,411 [Time-limited test] INFO  grpc.GrpcConfigKeys (ConfUtils.java:logGet(46)) - raft.grpc.server.heartbeat.channel = true (default)
2023-06-19 20:31:36,412 [Time-limited test] INFO  grpc.GrpcConfigKeys (ConfUtils.java:logGet(46)) - raft.grpc.server.async.request.thread.pool.cached = true (default)
2023-06-19 20:31:36,412 [Time-limited test] INFO  grpc.GrpcConfigKeys (ConfUtils.java:logGet(46)) - raft.grpc.server.async.request.thread.pool.size = 32 (default)
2023-06-19 20:31:36,414 [Time-limited test] INFO  impl.DataStreamServerImpl (ConfUtils.java:logGet(46)) - raft.datastream.type = DISABLED (default)
2023-06-19 20:31:36,414 [Time-limited test] INFO  server.RaftServerConfigKeys (ConfUtils.java:logGet(46)) - raft.server.threadpool.proxy.cached = true (default)
2023-06-19 20:31:36,416 [Time-limited test] INFO  server.RaftServerConfigKeys (ConfUtils.java:logGet(46)) - raft.server.threadpool.proxy.size = 0 (default)
2023-06-19 20:31:36,416 [Time-limited test] INFO  server.RaftServerConfigKeys (ConfUtils.java:logGet(46)) - raft.server.rpc.slowness.timeout = 120s (custom)
2023-06-19 20:31:36,416 [Time-limited test] INFO  server.RaftServerConfigKeys (ConfUtils.java:logGet(46)) - raft.server.leaderelection.leader.step-down.wait-time = 10s (default)
2023-06-19 20:31:36,416 [Time-limited test] INFO  server.RaftServerConfigKeys (ConfUtils.java:logGet(46)) - raft.server.storage.dir = [/tmp/junit6014751621987716139/junit331916914414115390/scm-meta/ratis] (custom)
2023-06-19 20:31:36,418 [Time-limited test] INFO  server.RaftServer (RaftServerProxy.java:addNew(98)) - om1: addNew group-C5BA1605619E:[om1|rpc:fv-az616-238:9872|priority:0|startupRole:FOLLOWER] returns group-C5BA1605619E:java.util.concurrent.CompletableFuture@190dc51b[Not completed]
2023-06-19 20:31:36,418 [Time-limited test] INFO  om.OzoneManager (OzoneManager.java:initializeRatisServer(2106)) - OzoneManager Ratis server initialized at port 9872
RaftServerImpl.java:<init>(198)) - om1: new RaftServerImpl for group-C5BA1605619E:[om1|rpc:fv-az616-238:9872|priority:0|startupRole:FOLLOWER] with OzoneManagerStateMachine:uninitialized
2023-06-19 20:31:36,418 [Time-limited test] INFO  om.OzoneManager (OzoneManager.java:initializeRatisServer(2106)) - OzoneManager Ratis server initialized at port 9872
2023-06-19 20:31:36,418 [Time-limited test] INFO  om.OzoneManager (ConfUtils.java:logGet(46)) - raft.server.rpc.timeout.min = 5s (custom)
2023-06-19 20:31:36,418 [Time-limited test] INFO  om.OzoneManager (OzoneManager.java:getRpcServer(1166)) - Creating RPC Server
2023-06-19 20:31:36,418 [om1-groupManagement] INFO  server.RaftServerConfigKeys (ConfUtils.java:logGet(46)) - raft.server.rpc.timeout.max = 5200ms (custom)
2023-06-19 20:31:36,418 [om1-groupManagement] INFO  server.RaftServerConfigKeys (ConfUtils.java:logGet(46)) - raft.server.rpc.sleep.time = 25ms (default)
2023-06-19 20:31:36,418 [om1-groupManagement] INFO  server.RaftServerConfigKeys (ConfUtils.java:logGet(46)) - raft.server.rpc.slowness.timeout = 120s (custom)
2023-06-19 20:31:36,418 [om1-groupManagement] INFO  server.RaftServerConfigKeys (ConfUtils.java:logGet(46)) - raft.server.leaderelection.leader.step-down.wait-time = 10s (default)
2023-06-19 20:31:36,418 [om1-groupManagement] INFO  server.RaftServerConfigKeys (ConfUtils.java:logGet(46)) - raft.server.sleep.deviation.threshold = 300ms (default)
2023-06-19 20:31:36,419 [om1-groupManagement] INFO  server.RaftServer$Division (ServerState.java:<init>(120)) - om1@group-C5BA1605619E: ConfigurationManager, init=-1: peers:[om1|rpc:fv-az616-238:9872|priority:0|startupRole:FOLLOWER]|listeners:[], old=null, confs=<EMPTY_MAP>
2023-06-19 20:31:36,419 [om1-groupManagement] INFO  server.RaftServerConfigKeys (ConfUtils.java:logGet(46)) - raft.server.storage.dir = [/tmp/junit6014751621987716139/junit331916914414115390/scm-meta/ratis] (custom)
2023-06-19 20:31:36,419 [om1-groupManagement] INFO  server.RaftServerConfigKeys (ConfUtils.java:logGet(46)) - raft.server.log.corruption.policy = EXCEPTION (default)
2023-06-19 20:31:36,419 [om1-groupManagement] INFO  server.RaftServerConfigKeys (ConfUtils.java:logGet(46)) - raft.server.storage.free-space.min = 0MB (=0) (default)
2023-06-19 20:31:36,419 [om1-groupManagement] INFO  server.RaftServerConfigKeys (ConfUtils.java:logGet(46)) - raft.server.notification.no-leader.timeout = 120s (custom)
2023-06-19 20:31:36,419 [om1-groupManagement] INFO  server.RaftServerConfigKeys (ConfUtils.java:logGet(46)) - raft.server.read.timeout = 10s (default)
2023-06-19 20:31:36,420 [om1-groupManagement] INFO  server.RaftServerConfigKeys (ConfUtils.java:logGet(46)) - raft.server.retrycache.expirytime = 300s (custom)
2023-06-19 20:31:36,420 [om1-groupManagement] INFO  server.RaftServerConfigKeys (ConfUtils.java:logGet(46)) - raft.server.retrycache.statistics.expirytime = 100μs (default)
2023-06-19 20:31:36,420 [om1-groupManagement] INFO  server.RaftServerConfigKeys (ConfUtils.java:logGet(46)) - raft.server.read.option = DEFAULT (default)
2023-06-19 20:31:36,421 [om1-groupManagement] INFO  server.RaftServerConfigKeys (ConfUtils.java:logGet(46)) - raft.server.rpc.request.timeout = 3000ms (default)
2023-06-19 20:31:36,421 [om1-groupManagement] INFO  server.RaftServerConfigKeys (ConfUtils.java:logGet(46)) - raft.server.log.appender.install.snapshot.enabled = false (custom)
2023-06-19 20:31:36,421 [om1-groupManagement] INFO  server.RaftServerConfigKeys (ConfUtils.java:logGet(46)) - raft.server.threadpool.server.cached = true (default)
2023-06-19 20:31:36,421 [om1-groupManagement] INFO  server.RaftServerConfigKeys (ConfUtils.java:logGet(46)) - raft.server.threadpool.server.size = 0 (default)
2023-06-19 20:31:36,421 [om1-groupManagement] INFO  server.RaftServerConfigKeys (ConfUtils.java:logGet(46)) - raft.server.threadpool.client.cached = true (default)
2023-06-19 20:31:36,421 [om1-groupManagement] INFO  server.RaftServerConfigKeys (ConfUtils.java:logGet(46)) - raft.server.threadpool.client.size = 0 (default)
2023-06-19 20:31:36,972 [Time-limited test] INFO  reflections.Reflections (Reflections.java:scan(232)) - Reflections took 548 ms to scan 19 urls, producing 69 keys and 5367 values [using 2 cores]
2023-06-19 20:31:36,975 [Time-limited test] INFO  ipc.CallQueueManager (CallQueueManager.java:<init>(90)) - Using callQueue: class java.util.concurrent.LinkedBlockingQueue, queueCapacity: 10000, scheduler: class org.apache.hadoop.ipc.DefaultRpcScheduler, ipcBackoff: false.
2023-06-19 20:31:36,976 [Socket Reader #1 for port 1202] INFO  ipc.Server (Server.java:run(1319)) - Starting Socket Reader #1 for port 1202
2023-06-19 20:31:36,978 [Listener at fv-az616-238/1202] INFO  hdds.HddsUtils (HddsUtils.java:preserveThreadName(848)) - Restoring thread name: Time-limited test
2023-06-19 20:31:37,681 [Time-limited test] INFO  utils.SelfSignedCertificate (SelfSignedCertificate.java:generateCertificate(158)) - Certificate 1 is issued by CN=rootCA@localhost,OU=scm1,O=cluster1 to CN=rootCA@localhost,OU=scm1,O=cluster1, valid from Mon Jun 19 20:31:37 UTC 2023 to Thu Jul 27 20:31:37 UTC 2028
2023-06-19 20:31:37,689 [Time-limited test] INFO  impl.MetricsSystemImpl (MetricsSystemImpl.java:init(158)) - OzoneManager metrics system started (again)
2023-06-19 20:31:37,705 [Time-limited test] INFO  om.OzoneManager (OzoneManager.java:start(1588)) - OzoneManager RPC server is listening at fv-az616-238/10.1.0.14:1202
2023-06-19 20:31:37,705 [Time-limited test] INFO  ratis.OzoneManagerRatisServer (OzoneManagerRatisServer.java:start(558)) - Starting OzoneManagerRatisServer om1 at port 9872
2023-06-19 20:31:37,705 [om1-impl-thread1] INFO  storage.RaftStorageDirectory (RaftStorageDirectoryImpl.java:analyzeStorage(137)) - The storage directory /tmp/junit6014751621987716139/junit331916914414115390/scm-meta/ratis/bf265839-605b-3f16-9796-c5ba1605619e does not exist. Creating ...
2023-06-19 20:31:37,707 [om1-impl-thread1] INFO  storage.RaftStorageDirectory (RaftStorageDirectoryImpl.java:tryLock(231)) - Lock on /tmp/junit6014751621987716139/junit331916914414115390/scm-meta/ratis/bf265839-605b-3f16-9796-c5ba1605619e/in_use.lock acquired by nodename 86119@fv-az616-238
2023-06-19 20:31:37,709 [om1-impl-thread1] INFO  storage.RaftStorage (RaftStorageImpl.java:format(96)) - Storage directory /tmp/junit6014751621987716139/junit331916914414115390/scm-meta/ratis/bf265839-605b-3f16-9796-c5ba1605619e has been successfully formatted.
2023-06-19 20:31:37,709 [om1-impl-thread1] INFO  server.RaftServerConfigKeys (ConfUtils.java:logGet(46)) - raft.server.log.use.memory = false (default)
2023-06-19 20:31:37,710 [om1-impl-thread1] INFO  server.RaftServerConfigKeys (ConfUtils.java:logGet(46)) - raft.server.log.purge.gap = 1000000 (custom)
2023-06-19 20:31:37,710 [om1-impl-thread1] INFO  server.RaftServerConfigKeys (ConfUtils.java:logGet(46)) - raft.server.log.appender.buffer.byte-limit = 33554432 (custom)
2023-06-19 20:31:37,710 [om1-impl-thread1] INFO  server.RaftServerConfigKeys (ConfUtils.java:logGet(46)) - raft.server.log.statemachine.data.read.timeout = 1000ms (default)
2023-06-19 20:31:37,710 [om1-impl-thread1] INFO  server.RaftServerConfigKeys (ConfUtils.java:logGet(46)) - raft.server.log.purge.preservation.log.num = 0 (default)
2023-06-19 20:31:37,710 [om1-impl-thread1] INFO  server.RaftServerConfigKeys (ConfUtils.java:logGet(46)) - raft.server.log.segment.size.max = 4194304 (custom)
2023-06-19 20:31:37,710 [om1-impl-thread1] INFO  server.RaftServerConfigKeys (ConfUtils.java:logGet(46)) - raft.server.log.segment.cache.num.max = 2 (custom)
2023-06-19 20:31:37,711 [om1-impl-thread1] INFO  server.RaftServerConfigKeys (ConfUtils.java:logGet(46)) - raft.server.log.segment.cache.size.max = 200MB (=209715200) (default)
2023-06-19 20:31:37,711 [om1-impl-thread1] INFO  server.RaftServerConfigKeys (ConfUtils.java:logGet(46)) - raft.server.log.appender.buffer.byte-limit = 33554432 (custom)
2023-06-19 20:31:37,711 [om1-impl-thread1] INFO  segmented.SegmentedRaftLogWorker (SegmentedRaftLogWorker.java:<init>(188)) - new om1@group-C5BA1605619E-SegmentedRaftLogWorker for RaftStorageImpl:Storage Directory /tmp/junit6014751621987716139/junit331916914414115390/scm-meta/ratis/bf265839-605b-3f16-9796-c5ba1605619e
2023-06-19 20:31:37,711 [om1-impl-thread1] INFO  server.RaftServerConfigKeys (ConfUtils.java:logGet(46)) - raft.server.log.queue.byte-limit = 64MB (=67108864) (default)
2023-06-19 20:31:37,711 [om1-impl-thread1] INFO  server.RaftServerConfigKeys (ConfUtils.java:logGet(46)) - raft.server.log.queue.element-limit = 4096 (default)
2023-06-19 20:31:37,711 [om1-impl-thread1] INFO  server.RaftServerConfigKeys (ConfUtils.java:logGet(46)) - raft.server.log.segment.size.max = 4194304 (custom)
2023-06-19 20:31:37,711 [om1-impl-thread1] INFO  server.RaftServerConfigKeys (ConfUtils.java:logGet(46)) - raft.server.log.preallocated.size = 4194304 (custom)
2023-06-19 20:31:37,711 [om1-impl-thread1] INFO  server.RaftServerConfigKeys (ConfUtils.java:logGet(46)) - raft.server.log.force.sync.num = 128 (default)
2023-06-19 20:31:37,711 [om1-impl-thread1] INFO  server.RaftServerConfigKeys (ConfUtils.java:logGet(46)) - raft.server.log.statemachine.data.sync = true (default)
2023-06-19 20:31:37,711 [om1-impl-thread1] INFO  server.RaftServerConfigKeys (ConfUtils.java:logGet(46)) - raft.server.log.statemachine.data.sync.timeout = 10s (default)
2023-06-19 20:31:37,711 [om1-impl-thread1] INFO  server.RaftServerConfigKeys (ConfUtils.java:logGet(46)) - raft.server.log.statemachine.data.sync.timeout.retry = -1 (default)
2023-06-19 20:31:37,712 [om1-impl-thread1] INFO  server.RaftServerConfigKeys (ConfUtils.java:logGet(46)) - raft.server.log.write.buffer.size = 64KB (=65536) (default)
2023-06-19 20:31:37,712 [om1-impl-thread1] INFO  server.RaftServerConfigKeys (ConfUtils.java:logGet(46)) - raft.server.log.appender.buffer.byte-limit = 33554432 (custom)
2023-06-19 20:31:37,719 [om1-impl-thread1] INFO  server.RaftServerConfigKeys (ConfUtils.java:logGet(46)) - raft.server.log.unsafe-flush.enabled = false (default)
2023-06-19 20:31:37,719 [om1-impl-thread1] INFO  server.RaftServerConfigKeys (ConfUtils.java:logGet(46)) - raft.server.log.async-flush.enabled = false (default)
2023-06-19 20:31:37,719 [om1-impl-thread1] INFO  server.RaftServerConfigKeys (ConfUtils.java:logGet(46)) - raft.server.log.statemachine.data.caching.enabled = false (default)
2023-06-19 20:31:37,719 [om1-impl-thread1] INFO  segmented.SegmentedRaftLogWorker (SegmentedRaftLogWorker.java:lambda$new$0(135)) - om1@group-C5BA1605619E-SegmentedRaftLogWorker: flushIndex: setUnconditionally 0 -> -1
2023-06-19 20:31:37,719 [om1-impl-thread1] INFO  segmented.SegmentedRaftLogWorker (SegmentedRaftLogWorker.java:lambda$new$0(135)) - om1@group-C5BA1605619E-SegmentedRaftLogWorker: safeCacheEvictIndex: setUnconditionally 0 -> -1
2023-06-19 20:31:37,720 [om1-impl-thread1] INFO  server.RaftServer$Division (RaftServerImpl.java:start(342)) - om1@group-C5BA1605619E: start as a follower, conf=-1: peers:[om1|rpc:fv-az616-238:9872|priority:0|startupRole:FOLLOWER]|listeners:[], old=null
2023-06-19 20:31:37,720 [om1-impl-thread1] INFO  server.RaftServer$Division (RaftServerImpl.java:setRole(329)) - om1@group-C5BA1605619E: changes role from      null to FOLLOWER at term 0 for startAsFollower
2023-06-19 20:31:37,720 [om1-impl-thread1] INFO  impl.RoleInfo (RoleInfo.java:updateAndGet(139)) - om1: start om1@group-C5BA1605619E-FollowerState
2023-06-19 20:31:37,721 [om1-impl-thread1] INFO  util.JmxRegister (JmxRegister.java:tryRegister(44)) - Successfully registered JMX Bean with object name Ratis:service=RaftServer,group=group-C5BA1605619E,id=om1
2023-06-19 20:31:37,721 [om1-impl-thread1] INFO  server.RaftServerConfigKeys (ConfUtils.java:logGet(46)) - raft.server.snapshot.auto.trigger.enabled = true (custom)
2023-06-19 20:31:37,721 [om1-impl-thread1] INFO  server.RaftServerConfigKeys (ConfUtils.java:logGet(46)) - raft.server.snapshot.auto.trigger.threshold = 400000 (default)
2023-06-19 20:31:37,722 [om1-impl-thread1] INFO  server.RaftServerConfigKeys (ConfUtils.java:logGet(46)) - raft.server.snapshot.retention.file.num = -1 (default)
2023-06-19 20:31:37,722 [om1-impl-thread1] INFO  server.RaftServerConfigKeys (ConfUtils.java:logGet(46)) - raft.server.log.purge.upto.snapshot.index = true (custom)
2023-06-19 20:31:37,722 [Time-limited test] INFO  server.RaftServer (RaftServerProxy.java:startImpl(400)) - om1: start RPC server
2023-06-19 20:31:37,724 [om1@group-C5BA1605619E-FollowerState] INFO  server.RaftServerConfigKeys (ConfUtils.java:logFallback(53)) - raft.server.rpc.first-election.timeout.min = 5s (fallback to raft.server.rpc.timeout.min)
2023-06-19 20:31:37,726 [om1@group-C5BA1605619E-FollowerState] INFO  server.RaftServerConfigKeys (ConfUtils.java:logFallback(53)) - raft.server.rpc.first-election.timeout.max = 5200ms (fallback to raft.server.rpc.timeout.max)
2023-06-19 20:31:37,732 [Time-limited test] INFO  server.GrpcService (GrpcService.java:startImpl(302)) - om1: GrpcService started, listening on 9872
2023-06-19 20:31:37,732 [Time-limited test] INFO  om.OzoneManager (OzoneManager.java:startSecretManager(1077)) - Starting OM delegation token secret manager
2023-06-19 20:31:37,733 [JvmPauseMonitor5] INFO  util.JvmPauseMonitor (JvmPauseMonitor.java:run(103)) - JvmPauseMonitor-om1: Started
2023-06-19 20:31:37,733 [Time-limited test] INFO  security.OzoneDelegationTokenSecretManager (OzoneSecretManager.java:updateCurrentKey(175)) - Updating current master key for generating tokens. Cert id 5187200278963
2023-06-19 20:31:37,734 [Time-limited test] INFO  om.OzoneManager (OzoneManager.java:start(1604)) - Version File has different layout version (6) than OM DB (null). That is expected if this OM has never been finalized to a newer layout version.
2023-06-19 20:31:37,734 [Thread[Thread-1285,5,FailOnTimeoutGroup]] INFO  security.OzoneDelegationTokenSecretManager (OzoneDelegationTokenSecretManager.java:run(636)) - Starting expired delegation token remover thread, tokenRemoverScanInterval=60 min(s)
2023-06-19 20:31:37,741 [Time-limited test] INFO  http.BaseHttpServer (BaseHttpServer.java:newHttpServer2BuilderForOzone(224)) - Starting Web-server for ozoneManager at: http://0.0.0.0:9874
2023-06-19 20:31:37,741 [Time-limited test] INFO  http.BaseHttpServer (BaseHttpServer.java:<init>(111)) - Hadoop Security Enabled: true Ozone Security Enabled: true Ozone HTTP Security Enabled: false 
2023-06-19 20:31:37,743 [Time-limited test] WARN  server.AuthenticationFilter (AuthenticationFilter.java:constructSecretProvider(240)) - Unable to initialize FileSignerSecretProvider, falling back to use random secrets. Reason: Could not read signature secret file: /home/runner/hadoop-http-auth-signature-secret
2023-06-19 20:31:37,744 [Time-limited test] INFO  http.HttpRequestLog (HttpRequestLog.java:getRequestLog(86)) - Http request log for http.requests.ozoneManager is not defined
2023-06-19 20:31:37,746 [Time-limited test] INFO  http.HttpServer2 (HttpServer2.java:addGlobalFilter(1031)) - Added global filter 'safety' (class=org.apache.hadoop.hdds.server.http.HttpServer2$QuotingInputFilter)
2023-06-19 20:31:37,748 [Time-limited test] INFO  http.HttpServer2 (HttpServer2.java:addFilter(1007)) - Added filter static_user_filter (class=org.apache.hadoop.http.lib.StaticUserWebFilter$StaticUserFilter) to context ozoneManager
2023-06-19 20:31:37,748 [Time-limited test] INFO  http.HttpServer2 (HttpServer2.java:addFilter(1015)) - Added filter static_user_filter (class=org.apache.hadoop.http.lib.StaticUserWebFilter$StaticUserFilter) to context static
2023-06-19 20:31:37,748 [Time-limited test] INFO  http.HttpServer2 (HttpServer2.java:addFilter(1015)) - Added filter static_user_filter (class=org.apache.hadoop.http.lib.StaticUserWebFilter$StaticUserFilter) to context logs
2023-06-19 20:31:37,750 [Time-limited test] INFO  http.BaseHttpServer (BaseHttpServer.java:<init>(190)) - HTTP server of ozoneManager uses base directory /tmp/junit6014751621987716139/junit331916914414115390/scm-meta/webserver
2023-06-19 20:31:37,752 [Time-limited test] INFO  http.HttpServer2 (HttpServer2.java:bindListener(1250)) - Jetty bound to port 9874
2023-06-19 20:31:37,752 [Time-limited test] INFO  server.Server (Server.java:doStart(375)) - jetty-9.4.51.v20230217; built: 2023-02-17T08:19:37.309Z; git: b45c405e4544384de066f814ed42ae3dceacdd49; jvm 1.8.0_372-b07
2023-06-19 20:31:37,758 [Time-limited test] INFO  server.session (DefaultSessionIdManager.java:doStart(334)) - DefaultSessionIdManager workerName=node0
2023-06-19 20:31:37,758 [Time-limited test] INFO  server.session (DefaultSessionIdManager.java:doStart(339)) - No SessionScavenger set, using defaults
2023-06-19 20:31:37,758 [Time-limited test] INFO  server.session (HouseKeeper.java:startScavenging(132)) - node0 Scavenging every 660000ms
2023-06-19 20:31:37,760 [Time-limited test] INFO  handler.ContextHandler (ContextHandler.java:doStart(921)) - Started o.e.j.s.ServletContextHandler@7ef038e9{logs,/logs,file:///home/runner/work/ozone/ozone/hadoop-ozone/integration-test/target/log,AVAILABLE}
2023-06-19 20:31:37,760 [Time-limited test] INFO  handler.ContextHandler (ContextHandler.java:doStart(921)) - Started o.e.j.s.ServletContextHandler@93669d3{static,/static,file:///home/runner/work/ozone/ozone/hadoop-ozone/integration-test/target/test-classes/webapps/static,AVAILABLE}
2023-06-19 20:31:37,764 [Time-limited test] INFO  handler.ContextHandler (ContextHandler.java:doStart(921)) - Started o.e.j.w.WebAppContext@73f18108{ozoneManager,/,file:///home/runner/work/ozone/ozone/hadoop-ozone/integration-test/target/test-classes/webapps/ozoneManager/,AVAILABLE}{file:/home/runner/work/ozone/ozone/hadoop-ozone/integration-test/target/test-classes/webapps/ozoneManager}
2023-06-19 20:31:37,766 [Time-limited test] INFO  server.AbstractConnector (AbstractConnector.java:doStart(333)) - Started ServerConnector@3efb1a09{HTTP/1.1, (http/1.1)}{0.0.0.0:9874}
2023-06-19 20:31:37,766 [Time-limited test] INFO  server.Server (Server.java:doStart(415)) - Started @72204ms
2023-06-19 20:31:37,766 [Time-limited test] WARN  impl.MetricsSystemImpl (MetricsSystemImpl.java:register(279)) - Sink prometheus already exists!
2023-06-19 20:31:37,767 [Time-limited test] INFO  http.BaseHttpServer (BaseHttpServer.java:updateConnectorAddress(344)) - HTTP server of ozoneManager listening at http://0.0.0.0:9874
2023-06-19 20:31:37,767 [IPC Server Responder] INFO  ipc.Server (Server.java:run(1558)) - IPC Server Responder: starting
2023-06-19 20:31:37,767 [IPC Server listener on 1202] INFO  ipc.Server (Server.java:run(1398)) - IPC Server listener on 1202: starting
2023-06-19 20:31:37,798 [Time-limited test] INFO  om.OzoneManager (OzoneManager.java:startTrashEmptier(2059)) - Trash Interval set to 0. Files deleted won't move to trash
2023-06-19 20:31:37,802 [pool-338-thread-1] INFO  request.KdcRequest (KdcRequest.java:preauth(651)) - The preauth data is empty.
2023-06-19 20:31:37,802 [pool-338-thread-1] INFO  server.KdcHandler (KdcHandler.java:handleRecoverableException(177)) - KRB error occurred while processing request:Additional pre-authentication required
2023-06-19 20:31:37,807 [pool-338-thread-1] INFO  request.AsRequest (AsRequest.java:issueTicket(112)) - AS_REQ ISSUE: authtime 1687206697807,test@EXAMPLE.COM for krbtgt/EXAMPLE.COM@EXAMPLE.COM
2023-06-19 20:31:37,857 [pool-338-thread-1] INFO  request.TgsRequest (TgsRequest.java:issueTicket(115)) - TGS_REQ ISSUE: authtime 1687206697856,test for om/fv-az616-238@EXAMPLE.COM
2023-06-19 20:31:37,867 [Socket Reader #1 for port 1202] INFO  ipc.Server (Server.java:saslProcess(2116)) - Auth successful for test@EXAMPLE.COM (auth:KERBEROS) from 10.1.0.14:42218
2023-06-19 20:31:39,881 [Time-limited test] INFO  retry.RetryInvocationHandler (RetryInvocationHandler.java:log(422)) - com.google.protobuf.ServiceException: org.apache.hadoop.ipc.RemoteException(org.apache.hadoop.ozone.om.exceptions.OMNotLeaderException): OM:om1 is not the leader. Could not determine the leader node.
	at org.apache.hadoop.ozone.om.OzoneManager.checkLeaderStatus(OzoneManager.java:3949)
	at org.apache.hadoop.ozone.om.ratis.utils.OzoneManagerRatisUtils.checkLeaderStatus(OzoneManagerRatisUtils.java:473)
	at org.apache.hadoop.ozone.protocolPB.OzoneManagerProtocolServerSideTranslatorPB.processRequest(OzoneManagerProtocolServerSideTranslatorPB.java:183)
	at org.apache.hadoop.hdds.server.OzoneProtocolMessageDispatcher.processRequest(OzoneProtocolMessageDispatcher.java:87)
	at org.apache.hadoop.ozone.protocolPB.OzoneManagerProtocolServerSideTranslatorPB.submitRequest(OzoneManagerProtocolServerSideTranslatorPB.java:147)
	at org.apache.hadoop.ozone.protocol.proto.OzoneManagerProtocolProtos$OzoneManagerService$2.callBlockingMethod(OzoneManagerProtocolProtos.java)
	at org.apache.hadoop.ipc.ProtobufRpcEngine$Server.processCall(ProtobufRpcEngine.java:484)
	at org.apache.hadoop.ipc.ProtobufRpcEngine2$Server$ProtoBufRpcInvoker.call(ProtobufRpcEngine2.java:595)
	at org.apache.hadoop.ipc.ProtobufRpcEngine2$Server$ProtoBufRpcInvoker.call(ProtobufRpcEngine2.java:573)
	at org.apache.hadoop.ipc.RPC$Server.call(RPC.java:1213)
	at org.apache.hadoop.ipc.Server$RpcCall.run(Server.java:1089)
	at org.apache.hadoop.ipc.Server$RpcCall.run(Server.java:1012)
	at java.security.AccessController.doPrivileged(Native Method)
	at javax.security.auth.Subject.doAs(Subject.java:422)
	at org.apache.hadoop.security.UserGroupInformation.doAs(UserGroupInformation.java:1899)
	at org.apache.hadoop.ipc.Server$Handler.run(Server.java:3026)
, while invoking $Proxy53.submitRequest over nodeId=null,nodeAddress=fv-az616-238:1202 after 1 failover attempts. Trying to failover after sleeping for 4000ms. Current retry count: 1.
2023-06-19 20:31:42,875 [om1@group-C5BA1605619E-FollowerState] INFO  impl.FollowerState (FollowerState.java:run(143)) - om1@group-C5BA1605619E-FollowerState: change to CANDIDATE, lastRpcElapsedTime:5154710081ns, electionTimeout:5149ms
2023-06-19 20:31:42,876 [om1@group-C5BA1605619E-FollowerState] INFO  impl.RoleInfo (RoleInfo.java:shutdownFollowerState(110)) - om1: shutdown om1@group-C5BA1605619E-FollowerState
2023-06-19 20:31:42,876 [om1@group-C5BA1605619E-FollowerState] INFO  server.RaftServer$Division (RaftServerImpl.java:setRole(329)) - om1@group-C5BA1605619E: changes role from  FOLLOWER to CANDIDATE at term 0 for changeToCandidate
2023-06-19 20:31:42,876 [om1@group-C5BA1605619E-FollowerState] INFO  server.RaftServerConfigKeys (ConfUtils.java:logGet(46)) - raft.server.leaderelection.pre-vote = true (default)
2023-06-19 20:31:42,876 [om1@group-C5BA1605619E-FollowerState] INFO  impl.RoleInfo (RoleInfo.java:updateAndGet(139)) - om1: start om1@group-C5BA1605619E-LeaderElection2
2023-06-19 20:31:42,878 [om1@group-C5BA1605619E-LeaderElection2] INFO  impl.LeaderElection (LeaderElection.java:askForVotes(321)) - om1@group-C5BA1605619E-LeaderElection2 PRE_VOTE round 0: submit vote requests at term 0 for -1: peers:[om1|rpc:fv-az616-238:9872|priority:0|startupRole:FOLLOWER]|listeners:[], old=null
2023-06-19 20:31:42,878 [om1@group-C5BA1605619E-LeaderElection2] INFO  impl.LeaderElection (LeaderElection.java:askForVotes(323)) - om1@group-C5BA1605619E-LeaderElection2 PRE_VOTE round 0: result PASSED (term=0)
2023-06-19 20:31:42,880 [om1@group-C5BA1605619E-LeaderElection2] INFO  impl.LeaderElection (LeaderElection.java:askForVotes(321)) - om1@group-C5BA1605619E-LeaderElection2 ELECTION round 0: submit vote requests at term 1 for -1: peers:[om1|rpc:fv-az616-238:9872|priority:0|startupRole:FOLLOWER]|listeners:[], old=null
2023-06-19 20:31:42,880 [om1@group-C5BA1605619E-LeaderElection2] INFO  impl.LeaderElection (LeaderElection.java:askForVotes(323)) - om1@group-C5BA1605619E-LeaderElection2 ELECTION round 0: result PASSED (term=1)
2023-06-19 20:31:42,880 [om1@group-C5BA1605619E-LeaderElection2] INFO  impl.RoleInfo (RoleInfo.java:shutdownLeaderElection(130)) - om1: shutdown om1@group-C5BA1605619E-LeaderElection2
2023-06-19 20:31:42,881 [om1@group-C5BA1605619E-LeaderElection2] INFO  server.RaftServer$Division (RaftServerImpl.java:setRole(329)) - om1@group-C5BA1605619E: changes role from CANDIDATE to LEADER at term 1 for changeToLeader
2023-06-19 20:31:42,881 [om1@group-C5BA1605619E-LeaderElection2] INFO  server.RaftServer$Division (ServerState.java:setLeader(317)) - om1@group-C5BA1605619E: change Leader from null to om1 at term 1 for becomeLeader, leader elected after 6461ms
2023-06-19 20:31:42,881 [om1@group-C5BA1605619E-LeaderElection2] INFO  server.RaftServerConfigKeys (ConfUtils.java:logGet(46)) - raft.server.staging.catchup.gap = 1000 (default)
2023-06-19 20:31:42,882 [om1@group-C5BA1605619E-LeaderElection2] INFO  server.RaftServerConfigKeys (ConfUtils.java:logGet(46)) - raft.server.write.element-limit = 4096 (default)
2023-06-19 20:31:42,882 [om1@group-C5BA1605619E-LeaderElection2] INFO  server.RaftServerConfigKeys (ConfUtils.java:logGet(46)) - raft.server.write.byte-limit = 64MB (=67108864) (default)
2023-06-19 20:31:42,882 [om1@group-C5BA1605619E-LeaderElection2] INFO  server.RaftServerConfigKeys (ConfUtils.java:logGet(46)) - raft.server.watch.timeout = 10s (default)
2023-06-19 20:31:42,882 [om1@group-C5BA1605619E-LeaderElection2] INFO  server.RaftServerConfigKeys (ConfUtils.java:logGet(46)) - raft.server.watch.timeout.denomination = 1s (default)
2023-06-19 20:31:42,882 [om1@group-C5BA1605619E-LeaderElection2] INFO  server.RaftServerConfigKeys (ConfUtils.java:logGet(46)) - raft.server.watch.element-limit = 65536 (default)
2023-06-19 20:31:42,882 [om1@group-C5BA1605619E-LeaderElection2] INFO  server.RaftServerConfigKeys (ConfUtils.java:logGet(46)) - raft.server.write.element-limit = 4096 (default)
2023-06-19 20:31:42,882 [om1@group-C5BA1605619E-LeaderElection2] INFO  server.RaftServerConfigKeys (ConfUtils.java:logGet(46)) - raft.server.write.follower.gap.ratio.max = -1.0 (default)
2023-06-19 20:31:42,882 [om1@group-C5BA1605619E-LeaderElection2] INFO  impl.RoleInfo (RoleInfo.java:updateAndGet(139)) - om1: start om1@group-C5BA1605619E-LeaderStateImpl
2023-06-19 20:31:42,883 [om1@group-C5BA1605619E-LeaderElection2] INFO  segmented.SegmentedRaftLogWorker (SegmentedRaftLogWorker.java:startLogSegment(447)) - om1@group-C5BA1605619E-SegmentedRaftLogWorker: Starting segment from index:0
2023-06-19 20:31:42,889 [om1@group-C5BA1605619E-LeaderElection2] INFO  server.RaftServer$Division (ServerState.java:setRaftConf(434)) - om1@group-C5BA1605619E: set configuration 0: peers:[om1|rpc:fv-az616-238:9872|admin:|client:|dataStream:|priority:0|startupRole:FOLLOWER]|listeners:[], old=null
2023-06-19 20:31:42,895 [om1@group-C5BA1605619E-SegmentedRaftLogWorker] INFO  segmented.SegmentedRaftLogWorker (SegmentedRaftLogWorker.java:execute(651)) - om1@group-C5BA1605619E-SegmentedRaftLogWorker: created new log segment /tmp/junit6014751621987716139/junit331916914414115390/scm-meta/ratis/bf265839-605b-3f16-9796-c5ba1605619e/current/log_inprogress_0
2023-06-19 20:31:42,898 [om1@group-C5BA1605619E-StateMachineUpdater] INFO  ratis.OzoneManagerStateMachine (OzoneManagerStateMachine.java:notifyConfigurationChanged(201)) - Received Configuration change notification from Ratis. New Peer list:
[id: "om1"
address: "fv-az616-238:9872"
startupRole: FOLLOWER
]
2023-06-19 20:31:43,908 [OM StateMachine ApplyTransaction Thread - 0] INFO  volume.OMVolumeCreateRequest (OMVolumeCreateRequest.java:validateAndUpdateCache(196)) - created volume:vol1 for user:owner1
2023-06-19 20:31:43,938 [Time-limited test] WARN  ipc.Client (Client.java:run(749)) - Exception encountered while connecting to the server 
org.apache.hadoop.security.AccessControlException: Client cannot authenticate via:[TOKEN, KERBEROS]
	at org.apache.hadoop.security.SaslRpcClient.selectSaslClient(SaslRpcClient.java:179)
	at org.apache.hadoop.security.SaslRpcClient.saslConnect(SaslRpcClient.java:392)
	at org.apache.hadoop.ipc.Client$Connection.setupSaslConnection(Client.java:577)
	at org.apache.hadoop.ipc.Client$Connection.access$2100(Client.java:363)
	at org.apache.hadoop.ipc.Client$Connection$2.run(Client.java:800)
	at org.apache.hadoop.ipc.Client$Connection$2.run(Client.java:796)
	at java.security.AccessController.doPrivileged(Native Method)
	at javax.security.auth.Subject.doAs(Subject.java:422)
	at org.apache.hadoop.security.UserGroupInformation.doAs(UserGroupInformation.java:1899)
	at org.apache.hadoop.ipc.Client$Connection.setupIOstreams(Client.java:796)
	at org.apache.hadoop.ipc.Client$Connection.access$3800(Client.java:363)
	at org.apache.hadoop.ipc.Client.getConnection(Client.java:1649)
	at org.apache.hadoop.ipc.Client.call(Client.java:1474)
	at org.apache.hadoop.ipc.Client.call(Client.java:1427)
	at org.apache.hadoop.ipc.ProtobufRpcEngine$Invoker.invoke(ProtobufRpcEngine.java:250)
	at org.apache.hadoop.ipc.ProtobufRpcEngine$Invoker.invoke(ProtobufRpcEngine.java:132)
	at com.sun.proxy.$Proxy53.submitRequest(Unknown Source)
	at sun.reflect.GeneratedMethodAccessor22.invoke(Unknown Source)
	at sun.reflect.DelegatingMethodAccessorImpl.invoke(DelegatingMethodAccessorImpl.java:43)
	at java.lang.reflect.Method.invoke(Method.java:498)
	at org.apache.hadoop.io.retry.RetryInvocationHandler.invokeMethod(RetryInvocationHandler.java:433)
	at org.apache.hadoop.io.retry.RetryInvocationHandler$Call.invokeMethod(RetryInvocationHandler.java:166)
	at org.apache.hadoop.io.retry.RetryInvocationHandler$Call.invoke(RetryInvocationHandler.java:158)
	at org.apache.hadoop.io.retry.RetryInvocationHandler$Call.invokeOnce(RetryInvocationHandler.java:96)
	at org.apache.hadoop.io.retry.RetryInvocationHandler.invoke(RetryInvocationHandler.java:362)
	at com.sun.proxy.$Proxy53.submitRequest(Unknown Source)
	at org.apache.hadoop.ozone.om.protocolPB.Hadoop3OmTransport.submitRequest(Hadoop3OmTransport.java:80)
	at org.apache.hadoop.ozone.om.protocolPB.OzoneManagerProtocolClientSideTranslatorPB.submitRequest(OzoneManagerProtocolClientSideTranslatorPB.java:304)
	at org.apache.hadoop.ozone.om.protocolPB.OzoneManagerProtocolClientSideTranslatorPB.listVolume(OzoneManagerProtocolClientSideTranslatorPB.java:510)
	at org.apache.hadoop.ozone.om.protocolPB.OzoneManagerProtocolClientSideTranslatorPB.listAllVolumes(OzoneManagerProtocolClientSideTranslatorPB.java:499)
	at org.apache.hadoop.ozone.TestSecureOzoneCluster.lambda$testAccessControlExceptionOnClient$5(TestSecureOzoneCluster.java:562)
	at org.apache.ozone.test.LambdaTestUtils.intercept(LambdaTestUtils.java:491)
	at org.apache.ozone.test.LambdaTestUtils.intercept(LambdaTestUtils.java:377)
	at org.apache.ozone.test.LambdaTestUtils.intercept(LambdaTestUtils.java:446)
	at org.apache.hadoop.ozone.TestSecureOzoneCluster.testAccessControlExceptionOnClient(TestSecureOzoneCluster.java:561)
	at sun.reflect.NativeMethodAccessorImpl.invoke0(Native Method)
	at sun.reflect.NativeMethodAccessorImpl.invoke(NativeMethodAccessorImpl.java:62)
	at sun.reflect.DelegatingMethodAccessorImpl.invoke(DelegatingMethodAccessorImpl.java:43)
	at java.lang.reflect.Method.invoke(Method.java:498)
	at org.junit.runners.model.FrameworkMethod$1.runReflectiveCall(FrameworkMethod.java:59)
	at org.junit.internal.runners.model.ReflectiveCallable.run(ReflectiveCallable.java:12)
	at org.junit.runners.model.FrameworkMethod.invokeExplosively(FrameworkMethod.java:56)
	at org.junit.internal.runners.statements.InvokeMethod.evaluate(InvokeMethod.java:17)
	at org.junit.internal.runners.statements.RunBefores.evaluate(RunBefores.java:26)
	at org.junit.internal.runners.statements.RunAfters.evaluate(RunAfters.java:27)
	at org.junit.rules.ExternalResource$1.evaluate(ExternalResource.java:54)
	at org.junit.internal.runners.statements.FailOnTimeout$CallableStatement.call(FailOnTimeout.java:288)
	at org.junit.internal.runners.statements.FailOnTimeout$CallableStatement.call(FailOnTimeout.java:282)
	at java.util.concurrent.FutureTask.run(FutureTask.java:266)
	at java.lang.Thread.run(Thread.java:750)
2023-06-19 20:31:43,946 [Time-limited test] INFO  impl.DefaultInternalKdcServerImpl (DefaultInternalKdcServerImpl.java:doStop(102)) - Default Internal kdc server stopped.
2023-06-19 20:31:44,946 [Time-limited test] INFO  minikdc.MiniKdc (MiniKdc.java:stop(359)) - MiniKdc stopped.
2023-06-19 20:31:44,947 [Time-limited test] INFO  server.StorageContainerManager (StorageContainerManager.java:stop(1584)) - Container Balancer is not running.
2023-06-19 20:31:44,947 [Time-limited test] INFO  server.StorageContainerManager (StorageContainerManager.java:stopReplicationManager(1717)) - Stopping Replication Manager Service.
2023-06-19 20:31:44,947 [Time-limited test] INFO  replication.ReplicationManager (ReplicationManager.java:stop(319)) - Stopping Replication Monitor Thread.
2023-06-19 20:31:44,947 [Under Replicated Processor] WARN  replication.UnhealthyReplicationProcessor (UnhealthyReplicationProcessor.java:run(180)) - Under Replicated Processor interrupted. Exiting...
2023-06-19 20:31:44,947 [Over Replicated Processor] WARN  replication.UnhealthyReplicationProcessor (UnhealthyReplicationProcessor.java:run(180)) - Over Replicated Processor interrupted. Exiting...
2023-06-19 20:31:44,947 [ReplicationMonitor] INFO  replication.ReplicationManager (ReplicationManager.java:run(918)) - Replication Monitor Thread is stopped
2023-06-19 20:31:44,947 [Time-limited test] INFO  server.StorageContainerManager (StorageContainerManager.java:stop(1593)) - Stopping the Datanode Admin Monitor.
2023-06-19 20:31:44,948 [Time-limited test] INFO  server.StorageContainerManager (StorageContainerManager.java:stop(1600)) - Stopping datanode service RPC server
2023-06-19 20:31:44,948 [Time-limited test] INFO  server.SCMDatanodeProtocolServer (SCMDatanodeProtocolServer.java:stop(424)) - Stopping the RPC server for DataNodes
2023-06-19 20:31:44,948 [Time-limited test] INFO  ipc.Server (Server.java:stop(3501)) - Stopping server on 9861
2023-06-19 20:31:47,899 [SCM Heartbeat Processing Thread - 0] WARN  node.NodeStateManager (NodeStateManager.java:scheduleNextHealthCheck(870)) - Current Thread is interrupted, shutting down HB processing thread for Node Manager.
2023-06-19 20:31:47,900 [Time-limited test] INFO  server.StorageContainerManager (StorageContainerManager.java:stop(1608)) - Stopping block service RPC server
2023-06-19 20:31:47,900 [Time-limited test] INFO  server.SCMBlockProtocolServer (SCMBlockProtocolServer.java:stop(161)) - Stopping the RPC server for Block Protocol
2023-06-19 20:31:47,900 [Time-limited test] INFO  ipc.Server (Server.java:stop(3501)) - Stopping server on 9863
2023-06-19 20:31:47,901 [Time-limited test] INFO  server.StorageContainerManager (StorageContainerManager.java:stop(1615)) - Stopping the StorageContainerLocationProtocol RPC server
2023-06-19 20:31:47,901 [Time-limited test] INFO  server.SCMClientProtocolServer (SCMClientProtocolServer.java:stop(210)) - Stopping the RPC server for Client Protocol
2023-06-19 20:31:47,901 [Time-limited test] INFO  ipc.Server (Server.java:stop(3501)) - Stopping server on 9860
2023-06-19 20:31:47,902 [Time-limited test] INFO  server.StorageContainerManager (StorageContainerManager.java:stop(1622)) - Stopping Storage Container Manager HTTP server.
2023-06-19 20:31:47,902 [Time-limited test] INFO  server.StorageContainerManager (StorageContainerManager.java:stop(1630)) - Stopping SCM LayoutVersionManager Service.
2023-06-19 20:31:47,902 [Time-limited test] INFO  server.SCMSecurityProtocolServer (SCMSecurityProtocolServer.java:stop(473)) - Stopping the SCMSecurityProtocolServer.
2023-06-19 20:31:47,902 [Time-limited test] INFO  ipc.Server (Server.java:stop(3501)) - Stopping server on 9961
2023-06-19 20:31:47,903 [Time-limited test] INFO  server.SCMUpdateServiceGrpcServer (SCMUpdateServiceGrpcServer.java:stop(73)) - SCMUpdateService stopping
2023-06-19 20:31:47,903 [Time-limited test] INFO  server.StorageContainerManager (StorageContainerManager.java:stop(1642)) - Stopping Block Manager Service.
2023-06-19 20:31:47,903 [Time-limited test] INFO  utils.BackgroundService (BackgroundService.java:shutdown(141)) - Shutting down service SCMBlockDeletingService
2023-06-19 20:31:47,903 [Time-limited test] INFO  utils.BackgroundService (BackgroundService.java:shutdown(141)) - Shutting down service SCMBlockDeletingService
2023-06-19 20:31:47,903 [Time-limited test] INFO  server.StorageContainerManager (StorageContainerManager.java:stop(1662)) - Stopping SCM Event Queue.
2023-06-19 20:31:47,904 [Time-limited test] INFO  server.StorageContainerManager (StorageContainerManager.java:stop(1673)) - Stopping SCM HA services.
2023-06-19 20:31:47,904 [Time-limited test] INFO  pipeline.BackgroundPipelineCreator (BackgroundPipelineCreator.java:stop(149)) - Stopping RatisPipelineUtilsThread.
2023-06-19 20:31:47,904 [RatisPipelineUtilsThread - 0] WARN  pipeline.BackgroundPipelineCreator (BackgroundPipelineCreator.java:run(180)) - RatisPipelineUtilsThread is interrupted.
2023-06-19 20:31:47,904 [Time-limited test] INFO  BackgroundPipelineScrubber (BackgroundSCMService.java:stop(131)) - Stopping BackgroundPipelineScrubber Service.
2023-06-19 20:31:47,904 [BackgroundPipelineScrubberThread] WARN  BackgroundPipelineScrubber (BackgroundSCMService.java:run(115)) - BackgroundPipelineScrubber is interrupted, exit
2023-06-19 20:31:47,905 [Time-limited test] WARN  pipeline.BackgroundPipelineCreator (BackgroundPipelineCreator.java:stop(145)) - RatisPipelineUtilsThread is not running, just ignore.
2023-06-19 20:31:47,905 [Time-limited test] INFO  BackgroundPipelineScrubber (BackgroundSCMService.java:stop(126)) - BackgroundPipelineScrubber Service is not running, skip stop.
2023-06-19 20:31:47,905 [ExpiredContainerReplicaOpScrubberThread] WARN  ExpiredContainerReplicaOpScrubber (BackgroundSCMService.java:run(115)) - ExpiredContainerReplicaOpScrubber is interrupted, exit
2023-06-19 20:31:47,905 [Time-limited test] INFO  ExpiredContainerReplicaOpScrubber (BackgroundSCMService.java:stop(131)) - Stopping ExpiredContainerReplicaOpScrubber Service.
2023-06-19 20:31:47,905 [Time-limited test] INFO  utils.BackgroundService (BackgroundService.java:shutdown(141)) - Shutting down service SCMBlockDeletingService
2023-06-19 20:31:47,905 [Time-limited test] INFO  replication.ReplicationManager (ReplicationManager.java:stop(329)) - Replication Monitor Thread is not running.
2023-06-19 20:31:47,905 [Time-limited test] WARN  balancer.ContainerBalancer (ContainerBalancer.java:stop(328)) - Cannot stop Container Balancer because it's not running or stopping
2023-06-19 20:31:47,906 [Time-limited test] INFO  server.StorageContainerManager (StorageContainerManager.java:stop(1708)) - Stopping SCM MetadataStore.
2023-06-19 20:31:47,908 [Time-limited test] INFO  server.SCMSecurityProtocolServer (SCMSecurityProtocolServer.java:join(483)) - Join RPC server for SCMSecurityProtocolServer.
2023-06-19 20:31:47,908 [Time-limited test] INFO  server.SCMSecurityProtocolServer (SCMSecurityProtocolServer.java:join(485)) - Join gRPC server for SCMSecurityProtocolServer.
2023-06-19 20:31:47,908 [Time-limited test] INFO  om.OzoneManager (OzoneManager.java:stop(2165)) - om1[fv-az616-238:1202]: Stopping Ozone Manager
2023-06-19 20:31:47,908 [Time-limited test] INFO  ipc.Server (Server.java:stop(3501)) - Stopping server on 1202
2023-06-19 20:31:47,921 [IPC Server listener on 1202] INFO  ipc.Server (Server.java:run(1430)) - Stopping IPC Server listener on 1202
2023-06-19 20:31:47,921 [IPC Server Responder] INFO  ipc.Server (Server.java:run(1563)) - Stopping IPC Server Responder
2023-06-19 20:31:47,922 [Time-limited test] INFO  server.RaftServer (RaftServerProxy.java:lambda$close$6(416)) - om1: close
2023-06-19 20:31:47,923 [Time-limited test] INFO  server.GrpcService (GrpcService.java:closeImpl(311)) - om1: shutdown server GrpcServerProtocolService now
2023-06-19 20:31:47,924 [Time-limited test] INFO  server.GrpcService (GrpcService.java:closeImpl(320)) - om1: shutdown server GrpcServerProtocolService successfully
2023-06-19 20:31:47,923 [om1-impl-thread1] INFO  server.RaftServer$Division (RaftServerImpl.java:lambda$close$4(466)) - om1@group-C5BA1605619E: shutdown
2023-06-19 20:31:47,926 [om1-impl-thread1] INFO  util.JmxRegister (JmxRegister.java:unregister(73)) - Successfully un-registered JMX Bean with object name Ratis:service=RaftServer,group=group-C5BA1605619E,id=om1
2023-06-19 20:31:47,926 [om1-impl-thread1] INFO  impl.RoleInfo (RoleInfo.java:shutdownLeaderState(93)) - om1: shutdown om1@group-C5BA1605619E-LeaderStateImpl
2023-06-19 20:31:47,926 [om1-impl-thread1] INFO  impl.PendingRequests (PendingRequests.java:sendNotLeaderResponses(289)) - om1@group-C5BA1605619E-PendingRequests: sendNotLeaderResponses
2023-06-19 20:31:47,933 [om1-impl-thread1] INFO  impl.StateMachineUpdater (StateMachineUpdater.java:stopAndJoin(155)) - om1@group-C5BA1605619E-StateMachineUpdater: set stopIndex = 2
2023-06-19 20:31:47,934 [om1@group-C5BA1605619E-StateMachineUpdater] INFO  ratis.OzoneManagerStateMachine (OzoneManagerStateMachine.java:takeSnapshot(479)) - Current Snapshot Index (t:1, i:2)
2023-06-19 20:31:47,950 [om1@group-C5BA1605619E-StateMachineUpdater] INFO  impl.StateMachineUpdater (StateMachineUpdater.java:takeSnapshot(291)) - om1@group-C5BA1605619E-StateMachineUpdater: Took a snapshot at index 2
2023-06-19 20:31:47,950 [om1@group-C5BA1605619E-StateMachineUpdater] INFO  impl.StateMachineUpdater (StateMachineUpdater.java:lambda$new$0(97)) - om1@group-C5BA1605619E-StateMachineUpdater: snapshotIndex: updateIncreasingly -1 -> 2
2023-06-19 20:31:47,950 [om1@group-C5BA1605619E-StateMachineUpdater] INFO  ratis.OzoneManagerStateMachine (OzoneManagerStateMachine.java:close(533)) - StateMachine has shutdown. Shutdown OzoneManager if not already shutdown.
2023-06-19 20:31:47,950 [om1@group-C5BA1605619E-StateMachineUpdater] INFO  ratis.OzoneManagerDoubleBuffer (OzoneManagerDoubleBuffer.java:stopDaemon(551)) - Stopping OMDoubleBuffer flush thread
2023-06-19 20:31:47,951 [OMDoubleBufferFlushThread] INFO  ratis.OzoneManagerDoubleBuffer (OzoneManagerDoubleBuffer.java:canFlush(638)) - OMDoubleBuffer flush thread OMDoubleBufferFlushThread is interrupted and will exit.
2023-06-19 20:31:47,951 [om1-impl-thread1] INFO  server.RaftServer$Division (ServerState.java:close(472)) - om1@group-C5BA1605619E: closes. applyIndex: 2
2023-06-19 20:31:48,902 [om1-impl-thread1] INFO  segmented.SegmentedRaftLogWorker (SegmentedRaftLogWorker.java:close(252)) - om1@group-C5BA1605619E-SegmentedRaftLogWorker close()
2023-06-19 20:31:48,903 [JvmPauseMonitor5] INFO  util.JvmPauseMonitor (JvmPauseMonitor.java:run(109)) - JvmPauseMonitor-om1: Stopped
2023-06-19 20:31:48,903 [Time-limited test] INFO  ratis.OzoneManagerStateMachine (OzoneManagerStateMachine.java:close(533)) - StateMachine has shutdown. Shutdown OzoneManager if not already shutdown.
2023-06-19 20:31:48,903 [Time-limited test] INFO  ratis.OzoneManagerDoubleBuffer (OzoneManagerDoubleBuffer.java:stopDaemon(560)) - OMDoubleBuffer flush thread is not running.
2023-06-19 20:31:48,904 [Time-limited test] INFO  utils.BackgroundService (BackgroundService.java:shutdown(141)) - Shutting down service KeyDeletingService
2023-06-19 20:31:48,904 [Time-limited test] INFO  utils.BackgroundService (BackgroundService.java:shutdown(141)) - Shutting down service KeyDeletingService
2023-06-19 20:31:48,905 [Time-limited test] INFO  utils.BackgroundService (BackgroundService.java:shutdown(141)) - Shutting down service OpenKeyCleanupService
2023-06-19 20:31:48,905 [Time-limited test] INFO  utils.BackgroundService (BackgroundService.java:shutdown(141)) - Shutting down service SstFilteringService
2023-06-19 20:31:48,905 [Time-limited test] INFO  utils.BackgroundService (BackgroundService.java:shutdown(141)) - Shutting down service SnapshotDeletingService
2023-06-19 20:31:48,905 [Time-limited test] INFO  om.OzoneManager (OzoneManager.java:stopSecretManager(1037)) - Stopping secret key client.
2023-06-19 20:31:48,906 [Time-limited test] INFO  om.OzoneManager (OzoneManager.java:stopSecretManager(1042)) - Stopping OM delegation token secret manager.
2023-06-19 20:31:48,906 [Thread[Thread-1285,5,FailOnTimeoutGroup]] INFO  security.OzoneDelegationTokenSecretManager (OzoneDelegationTokenSecretManager.java:run(653)) - ExpiredTokenRemover was interrupted.
java.lang.InterruptedException: sleep interrupted
	at java.lang.Thread.sleep(Native Method)
	at org.apache.hadoop.ozone.security.OzoneDelegationTokenSecretManager$ExpiredTokenRemover.run(OzoneDelegationTokenSecretManager.java:649)
	at java.lang.Thread.run(Thread.java:750)
2023-06-19 20:31:48,907 [Time-limited test] INFO  handler.ContextHandler (ContextHandler.java:doStop(1159)) - Stopped o.e.j.w.WebAppContext@73f18108{ozoneManager,/,null,STOPPED}{file:/home/runner/work/ozone/ozone/hadoop-ozone/integration-test/target/test-classes/webapps/ozoneManager}
2023-06-19 20:31:48,907 [Time-limited test] INFO  server.AbstractConnector (AbstractConnector.java:doStop(383)) - Stopped ServerConnector@3efb1a09{HTTP/1.1, (http/1.1)}{0.0.0.0:9874}
2023-06-19 20:31:48,908 [Time-limited test] INFO  server.session (HouseKeeper.java:stopScavenging(149)) - node0 Stopped scavenging
2023-06-19 20:31:48,908 [Time-limited test] INFO  handler.ContextHandler (ContextHandler.java:doStop(1159)) - Stopped o.e.j.s.ServletContextHandler@93669d3{static,/static,file:///home/runner/work/ozone/ozone/hadoop-ozone/integration-test/target/test-classes/webapps/static,STOPPED}
2023-06-19 20:31:48,908 [Time-limited test] INFO  handler.ContextHandler (ContextHandler.java:doStop(1159)) - Stopped o.e.j.s.ServletContextHandler@7ef038e9{logs,/logs,file:///home/runner/work/ozone/ozone/hadoop-ozone/integration-test/target/log,STOPPED}
2023-06-19 20:31:48,911 [Time-limited test] INFO  snapshot.SnapshotDiffManager (SnapshotDiffManager.java:closeExecutorService(1267)) - Shutting down executorService: 'SnapDiffExecutor'
2023-06-19 20:31:48,911 [Time-limited test] INFO  snapshot.SnapshotDiffManager (SnapshotDiffManager.java:closeExecutorService(1267)) - Shutting down executorService: 'SstDumpToolExecutor'
2023-06-19 20:31:48,911 [Time-limited test] INFO  utils.BackgroundService (BackgroundService.java:shutdown(141)) - Shutting down service SnapshotDiffCleanupService
]]></system-out>
  </testcase>
  <testcase name="testDelegationTokenRenewCrossCertificateRenew" classname="org.apache.hadoop.ozone.TestSecureOzoneCluster" time="18.856">
    <failure type="org.junit.ComparisonFailure"><![CDATA[org.junit.ComparisonFailure: expected:<5[21525111032]7> but was:<5[19994102864]7>
	at org.junit.Assert.assertEquals(Assert.java:117)
	at org.junit.Assert.assertEquals(Assert.java:146)
	at org.apache.hadoop.ozone.TestSecureOzoneCluster.testDelegationTokenRenewCrossCertificateRenew(TestSecureOzoneCluster.java:1163)
	at sun.reflect.NativeMethodAccessorImpl.invoke0(Native Method)
	at sun.reflect.NativeMethodAccessorImpl.invoke(NativeMethodAccessorImpl.java:62)
	at sun.reflect.DelegatingMethodAccessorImpl.invoke(DelegatingMethodAccessorImpl.java:43)
	at java.lang.reflect.Method.invoke(Method.java:498)
	at org.junit.runners.model.FrameworkMethod$1.runReflectiveCall(FrameworkMethod.java:59)
	at org.junit.internal.runners.model.ReflectiveCallable.run(ReflectiveCallable.java:12)
	at org.junit.runners.model.FrameworkMethod.invokeExplosively(FrameworkMethod.java:56)
	at org.junit.internal.runners.statements.InvokeMethod.evaluate(InvokeMethod.java:17)
	at org.junit.internal.runners.statements.RunBefores.evaluate(RunBefores.java:26)
	at org.junit.internal.runners.statements.RunAfters.evaluate(RunAfters.java:27)
	at org.junit.rules.ExternalResource$1.evaluate(ExternalResource.java:54)
	at org.junit.internal.runners.statements.FailOnTimeout$CallableStatement.call(FailOnTimeout.java:288)
	at org.junit.internal.runners.statements.FailOnTimeout$CallableStatement.call(FailOnTimeout.java:282)
	at java.util.concurrent.FutureTask.run(FutureTask.java:266)
	at java.lang.Thread.run(Thread.java:750)
]]></failure>
    <system-out><![CDATA[2023-06-19 20:31:48,938 [Time-limited test] INFO  net.ServerSocketUtil (ServerSocketUtil.java:getPort(55)) - Using port 9860
2023-06-19 20:31:48,938 [Time-limited test] INFO  net.ServerSocketUtil (ServerSocketUtil.java:getPort(55)) - Using port 9861
2023-06-19 20:31:48,938 [Time-limited test] INFO  net.ServerSocketUtil (ServerSocketUtil.java:getPort(55)) - Using port 9863
2023-06-19 20:31:48,939 [Time-limited test] INFO  net.ServerSocketUtil (ServerSocketUtil.java:getPort(55)) - Using port 9961
2023-06-19 20:31:48,939 [Time-limited test] INFO  net.ServerSocketUtil (ServerSocketUtil.java:getPort(55)) - Using port 1200
2023-06-19 20:31:48,939 [Time-limited test] INFO  net.ServerSocketUtil (ServerSocketUtil.java:getPort(55)) - Using port 1201
2023-06-19 20:31:48,939 [Time-limited test] INFO  minikdc.MiniKdc (MiniKdc.java:<init>(225)) - Configuration:
2023-06-19 20:31:48,939 [Time-limited test] INFO  minikdc.MiniKdc (MiniKdc.java:<init>(226)) - ---------------------------------------------------------------
2023-06-19 20:31:48,939 [Time-limited test] INFO  minikdc.MiniKdc (MiniKdc.java:<init>(228)) -   debug: false
2023-06-19 20:31:48,939 [Time-limited test] INFO  minikdc.MiniKdc (MiniKdc.java:<init>(228)) -   transport: TCP
2023-06-19 20:31:48,940 [Time-limited test] INFO  minikdc.MiniKdc (MiniKdc.java:<init>(228)) -   max.ticket.lifetime: 86400000
2023-06-19 20:31:48,940 [Time-limited test] INFO  minikdc.MiniKdc (MiniKdc.java:<init>(228)) -   org.name: EXAMPLE
2023-06-19 20:31:48,940 [Time-limited test] INFO  minikdc.MiniKdc (MiniKdc.java:<init>(228)) -   kdc.port: 0
2023-06-19 20:31:48,940 [Time-limited test] INFO  minikdc.MiniKdc (MiniKdc.java:<init>(228)) -   org.domain: COM
2023-06-19 20:31:48,940 [Time-limited test] INFO  minikdc.MiniKdc (MiniKdc.java:<init>(228)) -   max.renewable.lifetime: 604800000
2023-06-19 20:31:48,940 [Time-limited test] INFO  minikdc.MiniKdc (MiniKdc.java:<init>(228)) -   instance: DefaultKrbServer
2023-06-19 20:31:48,940 [Time-limited test] INFO  minikdc.MiniKdc (MiniKdc.java:<init>(228)) -   kdc.bind.address: localhost
2023-06-19 20:31:48,940 [Time-limited test] INFO  minikdc.MiniKdc (MiniKdc.java:<init>(230)) - ---------------------------------------------------------------
2023-06-19 20:31:48,942 [Time-limited test] INFO  minikdc.MiniKdc (MiniKdc.java:start(285)) - MiniKdc started.
2023-06-19 20:31:49,161 [Time-limited test] WARN  server.ServerUtils (ServerUtils.java:getDBPath(311)) - ozone.om.db.dirs is not configured. We recommend adding this setting. Falling back to ozone.metadata.dirs instead.
2023-06-19 20:31:49,163 [Time-limited test] INFO  ha.OMHANodeDetails (OMHANodeDetails.java:loadOMHAConfig(115)) - ozone.om.internal.service.id is not defined, falling back to ozone.om.service.ids to find serviceID for OzoneManager if it is HA enabled cluster
2023-06-19 20:31:49,164 [Time-limited test] INFO  ha.OMHANodeDetails (OMHANodeDetails.java:loadOMHAConfig(226)) - Configuration does not have ozone.om.address set. Falling back to the default OM address fv-az616-238/10.1.0.14:1202
2023-06-19 20:31:49,164 [Time-limited test] INFO  ha.OMHANodeDetails (OMHANodeDetails.java:getOMNodeDetailsForNonHA(254)) - OM Service ID is not set. Setting it to the default ID: omServiceIdDefault
2023-06-19 20:31:49,164 [Time-limited test] INFO  ha.OMHANodeDetails (OMHANodeDetails.java:getOMNodeDetailsForNonHA(261)) - OM Node ID is not set. Setting it to the default ID: om1
2023-06-19 20:31:49,164 [Time-limited test] WARN  server.ServerUtils (ServerUtils.java:getDBPath(311)) - ozone.om.db.dirs is not configured. We recommend adding this setting. Falling back to ozone.metadata.dirs instead.
2023-06-19 20:31:49,166 [Time-limited test] INFO  upgrade.AbstractLayoutVersionManager (AbstractLayoutVersionManager.java:init(83)) - Initializing Layout version manager with metadata layout = QUOTA (version = 6), software layout = QUOTA (version = 6)
2023-06-19 20:31:49,250 [Time-limited test] INFO  reflections.Reflections (Reflections.java:scan(232)) - Reflections took 83 ms to scan 2 urls, producing 181 keys and 502 values [using 2 cores]
2023-06-19 20:31:49,250 [Time-limited test] INFO  upgrade.OMLayoutVersionManager (OMLayoutVersionManager.java:lambda$0(115)) - Skipping Upgrade Action MockOmUpgradeAction since it has been finalized.
2023-06-19 20:31:49,250 [Time-limited test] INFO  upgrade.OMLayoutVersionManager (OMLayoutVersionManager.java:lambda$0(115)) - Skipping Upgrade Action QuotaRepairUpgradeAction since it has been finalized.
2023-06-19 20:31:49,255 [pool-403-thread-1] INFO  request.KdcRequest (KdcRequest.java:preauth(651)) - The preauth data is empty.
2023-06-19 20:31:49,256 [pool-403-thread-1] INFO  server.KdcHandler (KdcHandler.java:handleRecoverableException(177)) - KRB error occurred while processing request:Additional pre-authentication required
2023-06-19 20:31:49,261 [pool-403-thread-1] INFO  request.AsRequest (AsRequest.java:issueTicket(112)) - AS_REQ ISSUE: authtime 1687206709260,om/fv-az616-238@EXAMPLE.COM for krbtgt/EXAMPLE.COM@EXAMPLE.COM
2023-06-19 20:31:49,262 [Time-limited test] INFO  security.UserGroupInformation (UserGroupInformation.java:loginUserFromKeytab(1132)) - Login successful for user om/fv-az616-238@EXAMPLE.COM using keytab file om.keytab. Keytab auto renewal enabled : false
2023-06-19 20:31:49,262 [Time-limited test] INFO  om.OzoneManager (OzoneManager.java:loginOMUser(1134)) - Ozone Manager login successful.
2023-06-19 20:31:49,263 [Time-limited test] WARN  server.ServerUtils (ServerUtils.java:getDBPath(311)) - ozone.om.db.dirs is not configured. We recommend adding this setting. Falling back to ozone.metadata.dirs instead.
2023-06-19 20:31:49,264 [Time-limited test] INFO  proxy.SCMBlockLocationFailoverProxyProvider (SCMBlockLocationFailoverProxyProvider.java:<init>(114)) - Created block location fail-over proxy with 1 nodes: [nodeId=scmNodeId,nodeAddress=localhost/127.0.0.1:9863]
2023-06-19 20:31:49,265 [Time-limited test] WARN  security.OMCertificateClient (DefaultCertificateClient.java:loadAllCertificates(161)) - Certificates could not be loaded.
java.nio.file.NoSuchFileException: /tmp/junit8893794936247249394/junit1463865442867573729/om-meta/om/certs
	at sun.nio.fs.UnixException.translateToIOException(UnixException.java:86)
	at sun.nio.fs.UnixException.rethrowAsIOException(UnixException.java:102)
	at sun.nio.fs.UnixException.rethrowAsIOException(UnixException.java:107)
	at sun.nio.fs.UnixFileSystemProvider.newDirectoryStream(UnixFileSystemProvider.java:427)
	at java.nio.file.Files.newDirectoryStream(Files.java:457)
	at java.nio.file.Files.list(Files.java:3451)
	at org.apache.hadoop.hdds.security.x509.certificate.client.DefaultCertificateClient.loadAllCertificates(DefaultCertificateClient.java:156)
	at org.apache.hadoop.hdds.security.x509.certificate.client.DefaultCertificateClient.updateCertSerialId(DefaultCertificateClient.java:1206)
	at org.apache.hadoop.hdds.security.x509.certificate.client.DefaultCertificateClient.<init>(DefaultCertificateClient.java:148)
	at org.apache.hadoop.hdds.security.x509.certificate.client.CommonCertificateClient.<init>(CommonCertificateClient.java:43)
	at org.apache.hadoop.ozone.security.OMCertificateClient.<init>(OMCertificateClient.java:67)
	at org.apache.hadoop.ozone.om.OzoneManager.<init>(OzoneManager.java:626)
	at org.apache.hadoop.ozone.om.OzoneManager.createOm(OzoneManager.java:736)
	at org.apache.hadoop.ozone.TestSecureOzoneCluster.setupOm(TestSecureOzoneCluster.java:665)
	at org.apache.hadoop.ozone.TestSecureOzoneCluster.testDelegationTokenRenewCrossCertificateRenew(TestSecureOzoneCluster.java:1111)
	at sun.reflect.NativeMethodAccessorImpl.invoke0(Native Method)
	at sun.reflect.NativeMethodAccessorImpl.invoke(NativeMethodAccessorImpl.java:62)
	at sun.reflect.DelegatingMethodAccessorImpl.invoke(DelegatingMethodAccessorImpl.java:43)
	at java.lang.reflect.Method.invoke(Method.java:498)
	at org.junit.runners.model.FrameworkMethod$1.runReflectiveCall(FrameworkMethod.java:59)
	at org.junit.internal.runners.model.ReflectiveCallable.run(ReflectiveCallable.java:12)
	at org.junit.runners.model.FrameworkMethod.invokeExplosively(FrameworkMethod.java:56)
	at org.junit.internal.runners.statements.InvokeMethod.evaluate(InvokeMethod.java:17)
	at org.junit.internal.runners.statements.RunBefores.evaluate(RunBefores.java:26)
	at org.junit.internal.runners.statements.RunAfters.evaluate(RunAfters.java:27)
	at org.junit.rules.ExternalResource$1.evaluate(ExternalResource.java:54)
	at org.junit.internal.runners.statements.FailOnTimeout$CallableStatement.call(FailOnTimeout.java:288)
	at org.junit.internal.runners.statements.FailOnTimeout$CallableStatement.call(FailOnTimeout.java:282)
	at java.util.concurrent.FutureTask.run(FutureTask.java:266)
	at java.lang.Thread.run(Thread.java:750)
2023-06-19 20:31:49,268 [Time-limited test] INFO  om.OzoneManager (OzoneManager.java:getOmDetailsProto(4486)) - OzoneManager ports added:[name: "RPC"
value: 1202
]
2023-06-19 20:31:49,270 [Time-limited test] INFO  om.OzoneManager (OzoneManager.java:<init>(644)) - OM start with adminUsers: [om/fv-az616-238@EXAMPLE.COM, om]
2023-06-19 20:31:49,271 [Time-limited test] WARN  server.ServerUtils (ServerUtils.java:getDBPath(311)) - ozone.om.db.dirs is not configured. We recommend adding this setting. Falling back to ozone.metadata.dirs instead.
2023-06-19 20:31:49,271 [Time-limited test] INFO  helpers.OmKeyInfo (OmKeyInfo.java:getCodec(71)) - OmKeyInfo.getCodec ignorePipeline = true
2023-06-19 20:31:49,545 [Time-limited test] INFO  om.OzoneManager (OzoneManager.java:instantiateServices(773)) - S3 Multi-Tenancy is disabled
2023-06-19 20:31:49,546 [Time-limited test] INFO  security.OzoneSecretStore (OzoneSecretStore.java:loadState(69)) - Loaded 0 tokens
2023-06-19 20:31:49,546 [Time-limited test] INFO  security.OzoneDelegationTokenSecretManager (OzoneDelegationTokenSecretManager.java:loadTokenSecretState(530)) - Loading token state into token manager.
2023-06-19 20:31:49,546 [Time-limited test] INFO  om.OmSnapshotManager (OmSnapshotManager.java:<init>(170)) - Ozone filesystem snapshot feature is enabled.
2023-06-19 20:31:49,546 [Time-limited test] WARN  server.ServerUtils (ServerUtils.java:getDBPath(311)) - ozone.om.snapshot.diff.db.dir is not configured. We recommend adding this setting. Falling back to ozone.metadata.dirs instead.
2023-06-19 20:31:49,572 [Time-limited test] INFO  snapshot.SnapshotDiffManager (SnapshotDiffManager.java:closeExecutorService(1267)) - Shutting down executorService: 'SstDumpToolExecutor'
2023-06-19 20:31:49,577 [Time-limited test] INFO  om.OzoneManager (OzoneManager.java:addS3GVolumeToDB(4237)) - Created Volume s3v With Owner om required for S3Gateway operations.
2023-06-19 20:31:49,577 [Time-limited test] WARN  server.ServerUtils (ServerUtils.java:getDefaultRatisDirectory(323)) - Storage directory for Ratis is not configured. It is a good idea to map this to an SSD disk. Falling back to ozone.metadata.dirs
2023-06-19 20:31:49,577 [Time-limited test] WARN  utils.OzoneManagerRatisUtils (OzoneManagerRatisUtils.java:getOMRatisSnapshotDirectory(461)) - ozone.om.ratis.snapshot.dir is not configured. Falling back to ozone.metadata.dirs config
2023-06-19 20:31:49,578 [Time-limited test] WARN  server.ServerUtils (ServerUtils.java:getDefaultRatisDirectory(323)) - Storage directory for Ratis is not configured. It is a good idea to map this to an SSD disk. Falling back to ozone.metadata.dirs
2023-06-19 20:31:49,580 [Time-limited test] INFO  ratis.OzoneManagerRatisServer (OzoneManagerRatisServer.java:<init>(163)) - Instantiating OM Ratis server with groupID: omServiceIdDefault and peers: fv-az616-238:9872
2023-06-19 20:31:49,580 [Time-limited test] INFO  ratis.OzoneManagerStateMachine (OzoneManagerStateMachine.java:loadSnapshotInfoFromDB(670)) - LastAppliedIndex is set from TransactionInfo from OM DB as (t:0, i:~)
2023-06-19 20:31:49,581 [Time-limited test] INFO  server.RaftServer (ConfUtils.java:logGet(46)) - raft.rpc.type = GRPC (default)
2023-06-19 20:31:49,581 [Time-limited test] INFO  grpc.GrpcConfigKeys (ConfUtils.java:logFallback(53)) - raft.grpc.admin.host = null (fallback to raft.grpc.server.host)
2023-06-19 20:31:49,581 [Time-limited test] INFO  grpc.GrpcConfigKeys (ConfUtils.java:logFallback(53)) - raft.grpc.admin.port = 9872 (fallback to raft.grpc.server.port)
2023-06-19 20:31:49,581 [Time-limited test] INFO  grpc.GrpcConfigKeys (ConfUtils.java:logFallback(53)) - raft.grpc.client.host = null (fallback to raft.grpc.server.host)
2023-06-19 20:31:49,581 [Time-limited test] INFO  grpc.GrpcConfigKeys (ConfUtils.java:logFallback(53)) - raft.grpc.client.port = 9872 (fallback to raft.grpc.server.port)
2023-06-19 20:31:49,581 [Time-limited test] INFO  grpc.GrpcConfigKeys (ConfUtils.java:logGet(46)) - raft.grpc.server.host = null (default)
2023-06-19 20:31:49,581 [Time-limited test] INFO  grpc.GrpcConfigKeys (ConfUtils.java:logGet(46)) - raft.grpc.server.port = 9872 (custom)
2023-06-19 20:31:49,582 [Time-limited test] INFO  server.GrpcService (ConfUtils.java:logGet(46)) - raft.grpc.message.size.max = 33554432 (custom)
2023-06-19 20:31:49,582 [Time-limited test] INFO  server.RaftServerConfigKeys (ConfUtils.java:logGet(46)) - raft.server.log.appender.buffer.byte-limit = 33554432 (custom)
2023-06-19 20:31:49,582 [Time-limited test] INFO  server.GrpcService (ConfUtils.java:logGet(46)) - raft.grpc.flow.control.window = 1MB (=1048576) (default)
2023-06-19 20:31:49,582 [Time-limited test] INFO  server.RaftServerConfigKeys (ConfUtils.java:logGet(46)) - raft.server.rpc.request.timeout = 3000ms (default)
2023-06-19 20:31:49,582 [Time-limited test] INFO  grpc.GrpcConfigKeys (ConfUtils.java:logGet(46)) - raft.grpc.server.heartbeat.channel = true (default)
2023-06-19 20:31:49,582 [Time-limited test] INFO  grpc.GrpcConfigKeys (ConfUtils.java:logGet(46)) - raft.grpc.server.async.request.thread.pool.cached = true (default)
2023-06-19 20:31:49,582 [Time-limited test] INFO  grpc.GrpcConfigKeys (ConfUtils.java:logGet(46)) - raft.grpc.server.async.request.thread.pool.size = 32 (default)
2023-06-19 20:31:49,584 [Time-limited test] INFO  impl.DataStreamServerImpl (ConfUtils.java:logGet(46)) - raft.datastream.type = DISABLED (default)
2023-06-19 20:31:49,584 [Time-limited test] INFO  server.RaftServerConfigKeys (ConfUtils.java:logGet(46)) - raft.server.threadpool.proxy.cached = true (default)
2023-06-19 20:31:49,584 [Time-limited test] INFO  server.RaftServerConfigKeys (ConfUtils.java:logGet(46)) - raft.server.threadpool.proxy.size = 0 (default)
2023-06-19 20:31:49,584 [Time-limited test] INFO  server.RaftServerConfigKeys (ConfUtils.java:logGet(46)) - raft.server.rpc.slowness.timeout = 120s (custom)
2023-06-19 20:31:49,584 [Time-limited test] INFO  server.RaftServerConfigKeys (ConfUtils.java:logGet(46)) - raft.server.leaderelection.leader.step-down.wait-time = 10s (default)
2023-06-19 20:31:49,584 [Time-limited test] INFO  server.RaftServerConfigKeys (ConfUtils.java:logGet(46)) - raft.server.storage.dir = [/tmp/junit8893794936247249394/junit1463865442867573729/om-meta/ratis] (custom)
2023-06-19 20:31:49,586 [Time-limited test] INFO  server.RaftServer (RaftServerProxy.java:addNew(98)) - om1: addNew group-C5BA1605619E:[om1|rpc:fv-az616-238:9872|priority:0|startupRole:FOLLOWER] returns group-C5BA1605619E:java.util.concurrent.CompletableFuture@6dea8355[Not completed]
2023-06-19 20:31:49,587 [Time-limited test] INFO  om.OzoneManager (OzoneManager.java:initializeRatisServerom1-groupManagement] (2106)) - OzoneManager Ratis server initialized at port 9872
INFO  server.RaftServer$Division (RaftServerImpl.java:<init>(198)) - om1: new RaftServerImpl for group-C5BA1605619E:[om1|rpc:fv-az616-238:9872|priority:0|startupRole:FOLLOWER] with OzoneManagerStateMachine:uninitialized
2023-06-19 20:31:49,587 [Time-limited test] INFO  om.OzoneManager (OzoneManager.java:initializeRatisServer(2106)) - OzoneManager Ratis server initialized at port 9872
2023-06-19 20:31:49,587 [Time-limited test] INFO  om.OzoneManager (ConfUtils.java:logGet(46)) - raft.server.rpc.timeout.min = 5s (custom)
2023-06-19 20:31:49,587 [Time-limited test] INFO  om.OzoneManager (OzoneManager.java:getRpcServer(1166)) - Creating RPC Server
2023-06-19 20:31:49,587 [om1-groupManagement] INFO  server.RaftServerConfigKeys (ConfUtils.java:logGet(46)) - raft.server.rpc.timeout.max = 5200ms (custom)
2023-06-19 20:31:49,587 [om1-groupManagement] INFO  server.RaftServerConfigKeys (ConfUtils.java:logGet(46)) - raft.server.rpc.sleep.time = 25ms (default)
2023-06-19 20:31:49,588 [om1-groupManagement] INFO  server.RaftServerConfigKeys (ConfUtils.java:logGet(46)) - raft.server.rpc.slowness.timeout = 120s (custom)
2023-06-19 20:31:49,588 [om1-groupManagement] INFO  server.RaftServerConfigKeys (ConfUtils.java:logGet(46)) - raft.server.leaderelection.leader.step-down.wait-time = 10s (default)
2023-06-19 20:31:49,588 [om1-groupManagement] INFO  server.RaftServerConfigKeys (ConfUtils.java:logGet(46)) - raft.server.sleep.deviation.threshold = 300ms (default)
2023-06-19 20:31:49,592 [om1-groupManagement] INFO  server.RaftServer$Division (ServerState.java:<init>(120)) - om1@group-C5BA1605619E: ConfigurationManager, init=-1: peers:[om1|rpc:fv-az616-238:9872|priority:0|startupRole:FOLLOWER]|listeners:[], old=null, confs=<EMPTY_MAP>
2023-06-19 20:31:49,593 [om1-groupManagement] INFO  server.RaftServerConfigKeys (ConfUtils.java:logGet(46)) - raft.server.storage.dir = [/tmp/junit8893794936247249394/junit1463865442867573729/om-meta/ratis] (custom)
2023-06-19 20:31:49,594 [om1-groupManagement] INFO  server.RaftServerConfigKeys (ConfUtils.java:logGet(46)) - raft.server.log.corruption.policy = EXCEPTION (default)
2023-06-19 20:31:49,594 [om1-groupManagement] INFO  server.RaftServerConfigKeys (ConfUtils.java:logGet(46)) - raft.server.storage.free-space.min = 0MB (=0) (default)
2023-06-19 20:31:49,594 [om1-groupManagement] INFO  server.RaftServerConfigKeys (ConfUtils.java:logGet(46)) - raft.server.notification.no-leader.timeout = 120s (custom)
2023-06-19 20:31:49,594 [om1-groupManagement] INFO  server.RaftServerConfigKeys (ConfUtils.java:logGet(46)) - raft.server.read.timeout = 10s (default)
2023-06-19 20:31:49,596 [om1-groupManagement] INFO  server.RaftServerConfigKeys (ConfUtils.java:logGet(46)) - raft.server.retrycache.expirytime = 300s (custom)
2023-06-19 20:31:49,597 [om1-groupManagement] INFO  server.RaftServerConfigKeys (ConfUtils.java:logGet(46)) - raft.server.retrycache.statistics.expirytime = 100μs (default)
2023-06-19 20:31:49,597 [om1-groupManagement] INFO  server.RaftServerConfigKeys (ConfUtils.java:logGet(46)) - raft.server.read.option = DEFAULT (default)
2023-06-19 20:31:49,599 [om1-groupManagement] INFO  server.RaftServerConfigKeys (ConfUtils.java:logGet(46)) - raft.server.rpc.request.timeout = 3000ms (default)
2023-06-19 20:31:49,599 [om1-groupManagement] INFO  server.RaftServerConfigKeys (ConfUtils.java:logGet(46)) - raft.server.log.appender.install.snapshot.enabled = false (custom)
2023-06-19 20:31:49,599 [om1-groupManagement] INFO  server.RaftServerConfigKeys (ConfUtils.java:logGet(46)) - raft.server.threadpool.server.cached = true (default)
2023-06-19 20:31:49,599 [om1-groupManagement] INFO  server.RaftServerConfigKeys (ConfUtils.java:logGet(46)) - raft.server.threadpool.server.size = 0 (default)
2023-06-19 20:31:49,599 [om1-groupManagement] INFO  server.RaftServerConfigKeys (ConfUtils.java:logGet(46)) - raft.server.threadpool.client.cached = true (default)
2023-06-19 20:31:49,599 [om1-groupManagement] INFO  server.RaftServerConfigKeys (ConfUtils.java:logGet(46)) - raft.server.threadpool.client.size = 0 (default)
2023-06-19 20:31:50,027 [Time-limited test] INFO  reflections.Reflections (Reflections.java:scan(232)) - Reflections took 438 ms to scan 19 urls, producing 69 keys and 5367 values [using 2 cores]
2023-06-19 20:31:50,028 [Time-limited test] INFO  ipc.CallQueueManager (CallQueueManager.java:<init>(90)) - Using callQueue: class java.util.concurrent.LinkedBlockingQueue, queueCapacity: 10000, scheduler: class org.apache.hadoop.ipc.DefaultRpcScheduler, ipcBackoff: false.
2023-06-19 20:31:50,029 [Socket Reader #1 for port 1202] INFO  ipc.Server (Server.java:run(1319)) - Starting Socket Reader #1 for port 1202
2023-06-19 20:31:50,032 [Listener at fv-az616-238/1202] INFO  hdds.HddsUtils (HddsUtils.java:preserveThreadName(848)) - Restoring thread name: Time-limited test
2023-06-19 20:31:50,422 [Time-limited test] INFO  utils.SelfSignedCertificate (SelfSignedCertificate.java:generateCertificate(158)) - Certificate 1 is issued by CN=rootCA@localhost,OU=scm1,O=cluster1 to CN=rootCA@localhost,OU=scm1,O=cluster1, valid from Mon Jun 19 20:31:50 UTC 2023 to Thu Jul 27 20:31:50 UTC 2028
2023-06-19 20:31:50,432 [Time-limited test] INFO  impl.MetricsSystemImpl (MetricsSystemImpl.java:init(158)) - OzoneManager metrics system started (again)
2023-06-19 20:31:50,446 [Time-limited test] INFO  om.OzoneManager (OzoneManager.java:start(1588)) - OzoneManager RPC server is listening at fv-az616-238/10.1.0.14:1202
2023-06-19 20:31:50,446 [Time-limited test] INFO  ratis.OzoneManagerRatisServer (OzoneManagerRatisServer.java:start(558)) - Starting OzoneManagerRatisServer om1 at port 9872
2023-06-19 20:31:50,446 [om1-impl-thread1] INFO  storage.RaftStorageDirectory (RaftStorageDirectoryImpl.java:analyzeStorage(137)) - The storage directory /tmp/junit8893794936247249394/junit1463865442867573729/om-meta/ratis/bf265839-605b-3f16-9796-c5ba1605619e does not exist. Creating ...
2023-06-19 20:31:50,448 [om1-impl-thread1] INFO  storage.RaftStorageDirectory (RaftStorageDirectoryImpl.java:tryLock(231)) - Lock on /tmp/junit8893794936247249394/junit1463865442867573729/om-meta/ratis/bf265839-605b-3f16-9796-c5ba1605619e/in_use.lock acquired by nodename 86119@fv-az616-238
2023-06-19 20:31:50,450 [om1-impl-thread1] INFO  storage.RaftStorage (RaftStorageImpl.java:format(96)) - Storage directory /tmp/junit8893794936247249394/junit1463865442867573729/om-meta/ratis/bf265839-605b-3f16-9796-c5ba1605619e has been successfully formatted.
2023-06-19 20:31:50,450 [om1-impl-thread1] INFO  server.RaftServerConfigKeys (ConfUtils.java:logGet(46)) - raft.server.log.use.memory = false (default)
2023-06-19 20:31:50,451 [om1-impl-thread1] INFO  server.RaftServerConfigKeys (ConfUtils.java:logGet(46)) - raft.server.log.purge.gap = 1000000 (custom)
2023-06-19 20:31:50,451 [om1-impl-thread1] INFO  server.RaftServerConfigKeys (ConfUtils.java:logGet(46)) - raft.server.log.appender.buffer.byte-limit = 33554432 (custom)
2023-06-19 20:31:50,451 [om1-impl-thread1] INFO  server.RaftServerConfigKeys (ConfUtils.java:logGet(46)) - raft.server.log.statemachine.data.read.timeout = 1000ms (default)
2023-06-19 20:31:50,451 [om1-impl-thread1] INFO  server.RaftServerConfigKeys (ConfUtils.java:logGet(46)) - raft.server.log.purge.preservation.log.num = 0 (default)
2023-06-19 20:31:50,451 [om1-impl-thread1] INFO  server.RaftServerConfigKeys (ConfUtils.java:logGet(46)) - raft.server.log.segment.size.max = 4194304 (custom)
2023-06-19 20:31:50,452 [om1-impl-thread1] INFO  server.RaftServerConfigKeys (ConfUtils.java:logGet(46)) - raft.server.log.segment.cache.num.max = 2 (custom)
2023-06-19 20:31:50,452 [om1-impl-thread1] INFO  server.RaftServerConfigKeys (ConfUtils.java:logGet(46)) - raft.server.log.segment.cache.size.max = 200MB (=209715200) (default)
2023-06-19 20:31:50,452 [om1-impl-thread1] INFO  server.RaftServerConfigKeys (ConfUtils.java:logGet(46)) - raft.server.log.appender.buffer.byte-limit = 33554432 (custom)
2023-06-19 20:31:50,452 [om1-impl-thread1] INFO  segmented.SegmentedRaftLogWorker (SegmentedRaftLogWorker.java:<init>(188)) - new om1@group-C5BA1605619E-SegmentedRaftLogWorker for RaftStorageImpl:Storage Directory /tmp/junit8893794936247249394/junit1463865442867573729/om-meta/ratis/bf265839-605b-3f16-9796-c5ba1605619e
2023-06-19 20:31:50,452 [om1-impl-thread1] INFO  server.RaftServerConfigKeys (ConfUtils.java:logGet(46)) - raft.server.log.queue.byte-limit = 64MB (=67108864) (default)
2023-06-19 20:31:50,452 [om1-impl-thread1] INFO  server.RaftServerConfigKeys (ConfUtils.java:logGet(46)) - raft.server.log.queue.element-limit = 4096 (default)
2023-06-19 20:31:50,452 [om1-impl-thread1] INFO  server.RaftServerConfigKeys (ConfUtils.java:logGet(46)) - raft.server.log.segment.size.max = 4194304 (custom)
2023-06-19 20:31:50,452 [om1-impl-thread1] INFO  server.RaftServerConfigKeys (ConfUtils.java:logGet(46)) - raft.server.log.preallocated.size = 4194304 (custom)
2023-06-19 20:31:50,452 [om1-impl-thread1] INFO  server.RaftServerConfigKeys (ConfUtils.java:logGet(46)) - raft.server.log.force.sync.num = 128 (default)
2023-06-19 20:31:50,452 [om1-impl-thread1] INFO  server.RaftServerConfigKeys (ConfUtils.java:logGet(46)) - raft.server.log.statemachine.data.sync = true (default)
2023-06-19 20:31:50,452 [om1-impl-thread1] INFO  server.RaftServerConfigKeys (ConfUtils.java:logGet(46)) - raft.server.log.statemachine.data.sync.timeout = 10s (default)
2023-06-19 20:31:50,452 [om1-impl-thread1] INFO  server.RaftServerConfigKeys (ConfUtils.java:logGet(46)) - raft.server.log.statemachine.data.sync.timeout.retry = -1 (default)
2023-06-19 20:31:50,453 [om1-impl-thread1] INFO  server.RaftServerConfigKeys (ConfUtils.java:logGet(46)) - raft.server.log.write.buffer.size = 64KB (=65536) (default)
2023-06-19 20:31:50,453 [om1-impl-thread1] INFO  server.RaftServerConfigKeys (ConfUtils.java:logGet(46)) - raft.server.log.appender.buffer.byte-limit = 33554432 (custom)
2023-06-19 20:31:50,459 [om1-impl-thread1] INFO  server.RaftServerConfigKeys (ConfUtils.java:logGet(46)) - raft.server.log.unsafe-flush.enabled = false (default)
2023-06-19 20:31:50,459 [om1-impl-thread1] INFO  server.RaftServerConfigKeys (ConfUtils.java:logGet(46)) - raft.server.log.async-flush.enabled = false (default)
2023-06-19 20:31:50,460 [om1-impl-thread1] INFO  server.RaftServerConfigKeys (ConfUtils.java:logGet(46)) - raft.server.log.statemachine.data.caching.enabled = false (default)
2023-06-19 20:31:50,462 [om1-impl-thread1] INFO  segmented.SegmentedRaftLogWorker (SegmentedRaftLogWorker.java:lambda$new$0(135)) - om1@group-C5BA1605619E-SegmentedRaftLogWorker: flushIndex: setUnconditionally 0 -> -1
2023-06-19 20:31:50,463 [om1-impl-thread1] INFO  segmented.SegmentedRaftLogWorker (SegmentedRaftLogWorker.java:lambda$new$0(135)) - om1@group-C5BA1605619E-SegmentedRaftLogWorker: safeCacheEvictIndex: setUnconditionally 0 -> -1
2023-06-19 20:31:50,463 [om1-impl-thread1] INFO  server.RaftServer$Division (RaftServerImpl.java:start(342)) - om1@group-C5BA1605619E: start as a follower, conf=-1: peers:[om1|rpc:fv-az616-238:9872|priority:0|startupRole:FOLLOWER]|listeners:[], old=null
2023-06-19 20:31:50,463 [om1-impl-thread1] INFO  server.RaftServer$Division (RaftServerImpl.java:setRole(329)) - om1@group-C5BA1605619E: changes role from      null to FOLLOWER at term 0 for startAsFollower
2023-06-19 20:31:50,468 [om1-impl-thread1] INFO  impl.RoleInfo (RoleInfo.java:updateAndGet(139)) - om1: start om1@group-C5BA1605619E-FollowerState
2023-06-19 20:31:50,470 [om1-impl-thread1] INFO  util.JmxRegister (JmxRegister.java:tryRegister(44)) - Successfully registered JMX Bean with object name Ratis:service=RaftServer,group=group-C5BA1605619E,id=om1
2023-06-19 20:31:50,470 [om1-impl-thread1] INFO  server.RaftServerConfigKeys (ConfUtils.java:logGet(46)) - raft.server.snapshot.auto.trigger.enabled = true (custom)
2023-06-19 20:31:50,470 [om1-impl-thread1] INFO  server.RaftServerConfigKeys (ConfUtils.java:logGet(46)) - raft.server.snapshot.auto.trigger.threshold = 400000 (default)
2023-06-19 20:31:50,470 [om1-impl-thread1] INFO  server.RaftServerConfigKeys (ConfUtils.java:logGet(46)) - raft.server.snapshot.retention.file.num = -1 (default)
2023-06-19 20:31:50,470 [om1-impl-thread1] INFO  server.RaftServerConfigKeys (ConfUtils.java:logGet(46)) - raft.server.log.purge.upto.snapshot.index = true (custom)
2023-06-19 20:31:50,471 [om1@group-C5BA1605619E-FollowerState] INFO  server.RaftServerConfigKeys (ConfUtils.java:logFallback(53)) - raft.server.rpc.first-election.timeout.min = 5s (fallback to raft.server.rpc.timeout.min)
2023-06-19 20:31:50,471 [om1@group-C5BA1605619E-FollowerState] INFO  server.RaftServerConfigKeys (ConfUtils.java:logFallback(53)) - raft.server.rpc.first-election.timeout.max = 5200ms (fallback to raft.server.rpc.timeout.max)
2023-06-19 20:31:50,472 [Time-limited test] INFO  server.RaftServer (RaftServerProxy.java:startImpl(400)) - om1: start RPC server
2023-06-19 20:31:50,474 [Time-limited test] INFO  server.GrpcService (GrpcService.java:startImpl(302)) - om1: GrpcService started, listening on 9872
2023-06-19 20:31:50,474 [Time-limited test] INFO  om.OzoneManager (OzoneManager.java:startSecretManager(1077)) - Starting OM delegation token secret manager
2023-06-19 20:31:50,474 [Time-limited test] INFO  security.OzoneDelegationTokenSecretManager (OzoneSecretManager.java:updateCurrentKey(175)) - Updating current master key for generating tokens. Cert id 5199941028647
2023-06-19 20:31:50,475 [JvmPauseMonitor6] INFO  util.JvmPauseMonitor (JvmPauseMonitor.java:run(103)) - JvmPauseMonitor-om1: Started
2023-06-19 20:31:50,475 [Time-limited test] INFO  om.OzoneManager (OzoneManager.java:start(1604)) - Version File has different layout version (6) than OM DB (null). That is expected if this OM has never been finalized to a newer layout version.
2023-06-19 20:31:50,476 [Thread[Thread-1455,5,FailOnTimeoutGroup]] INFO  security.OzoneDelegationTokenSecretManager (OzoneDelegationTokenSecretManager.java:run(636)) - Starting expired delegation token remover thread, tokenRemoverScanInterval=60 min(s)
2023-06-19 20:31:50,483 [Time-limited test] INFO  http.BaseHttpServer (BaseHttpServer.java:newHttpServer2BuilderForOzone(224)) - Starting Web-server for ozoneManager at: http://0.0.0.0:9874
2023-06-19 20:31:50,484 [Time-limited test] INFO  http.BaseHttpServer (BaseHttpServer.java:<init>(111)) - Hadoop Security Enabled: true Ozone Security Enabled: true Ozone HTTP Security Enabled: false 
2023-06-19 20:31:50,485 [Time-limited test] WARN  server.AuthenticationFilter (AuthenticationFilter.java:constructSecretProvider(240)) - Unable to initialize FileSignerSecretProvider, falling back to use random secrets. Reason: Could not read signature secret file: /home/runner/hadoop-http-auth-signature-secret
2023-06-19 20:31:50,487 [Time-limited test] INFO  http.HttpRequestLog (HttpRequestLog.java:getRequestLog(86)) - Http request log for http.requests.ozoneManager is not defined
2023-06-19 20:31:50,489 [Time-limited test] INFO  http.HttpServer2 (HttpServer2.java:addGlobalFilter(1031)) - Added global filter 'safety' (class=org.apache.hadoop.hdds.server.http.HttpServer2$QuotingInputFilter)
2023-06-19 20:31:50,490 [Time-limited test] INFO  http.HttpServer2 (HttpServer2.java:addFilter(1007)) - Added filter static_user_filter (class=org.apache.hadoop.http.lib.StaticUserWebFilter$StaticUserFilter) to context ozoneManager
2023-06-19 20:31:50,490 [Time-limited test] INFO  http.HttpServer2 (HttpServer2.java:addFilter(1015)) - Added filter static_user_filter (class=org.apache.hadoop.http.lib.StaticUserWebFilter$StaticUserFilter) to context static
2023-06-19 20:31:50,490 [Time-limited test] INFO  http.HttpServer2 (HttpServer2.java:addFilter(1015)) - Added filter static_user_filter (class=org.apache.hadoop.http.lib.StaticUserWebFilter$StaticUserFilter) to context logs
2023-06-19 20:31:50,491 [Time-limited test] INFO  http.BaseHttpServer (BaseHttpServer.java:<init>(190)) - HTTP server of ozoneManager uses base directory /tmp/junit8893794936247249394/junit1463865442867573729/om-meta/webserver
2023-06-19 20:31:50,491 [Time-limited test] INFO  http.HttpServer2 (HttpServer2.java:bindListener(1250)) - Jetty bound to port 9874
2023-06-19 20:31:50,492 [Time-limited test] INFO  server.Server (Server.java:doStart(375)) - jetty-9.4.51.v20230217; built: 2023-02-17T08:19:37.309Z; git: b45c405e4544384de066f814ed42ae3dceacdd49; jvm 1.8.0_372-b07
2023-06-19 20:31:50,494 [Time-limited test] INFO  server.session (DefaultSessionIdManager.java:doStart(334)) - DefaultSessionIdManager workerName=node0
2023-06-19 20:31:50,494 [Time-limited test] INFO  server.session (DefaultSessionIdManager.java:doStart(339)) - No SessionScavenger set, using defaults
2023-06-19 20:31:50,494 [Time-limited test] INFO  server.session (HouseKeeper.java:startScavenging(132)) - node0 Scavenging every 660000ms
2023-06-19 20:31:50,495 [Time-limited test] INFO  handler.ContextHandler (ContextHandler.java:doStart(921)) - Started o.e.j.s.ServletContextHandler@358ca512{logs,/logs,file:///home/runner/work/ozone/ozone/hadoop-ozone/integration-test/target/log,AVAILABLE}
2023-06-19 20:31:50,496 [Time-limited test] INFO  handler.ContextHandler (ContextHandler.java:doStart(921)) - Started o.e.j.s.ServletContextHandler@2df82ea0{static,/static,file:///home/runner/work/ozone/ozone/hadoop-ozone/integration-test/target/test-classes/webapps/static,AVAILABLE}
2023-06-19 20:31:50,502 [Time-limited test] INFO  handler.ContextHandler (ContextHandler.java:doStart(921)) - Started o.e.j.w.WebAppContext@3b03bee1{ozoneManager,/,file:///home/runner/work/ozone/ozone/hadoop-ozone/integration-test/target/test-classes/webapps/ozoneManager/,AVAILABLE}{file:/home/runner/work/ozone/ozone/hadoop-ozone/integration-test/target/test-classes/webapps/ozoneManager}
2023-06-19 20:31:50,503 [Time-limited test] INFO  server.AbstractConnector (AbstractConnector.java:doStart(333)) - Started ServerConnector@3453dbf5{HTTP/1.1, (http/1.1)}{0.0.0.0:9874}
2023-06-19 20:31:50,503 [Time-limited test] INFO  server.Server (Server.java:doStart(415)) - Started @84942ms
2023-06-19 20:31:50,503 [Time-limited test] WARN  impl.MetricsSystemImpl (MetricsSystemImpl.java:register(279)) - Sink prometheus already exists!
2023-06-19 20:31:50,504 [Time-limited test] INFO  http.BaseHttpServer (BaseHttpServer.java:updateConnectorAddress(344)) - HTTP server of ozoneManager listening at http://0.0.0.0:9874
2023-06-19 20:31:50,504 [IPC Server Responder] INFO  ipc.Server (Server.java:run(1558)) - IPC Server Responder: starting
2023-06-19 20:31:50,508 [IPC Server listener on 1202] INFO  ipc.Server (Server.java:run(1398)) - IPC Server listener on 1202: starting
2023-06-19 20:31:50,520 [Time-limited test] INFO  om.OzoneManager (OzoneManager.java:startTrashEmptier(2059)) - Trash Interval set to 0. Files deleted won't move to trash
2023-06-19 20:31:55,635 [om1@group-C5BA1605619E-FollowerState] INFO  impl.FollowerState (FollowerState.java:run(143)) - om1@group-C5BA1605619E-FollowerState: change to CANDIDATE, lastRpcElapsedTime:5166560126ns, electionTimeout:5164ms
2023-06-19 20:31:55,635 [om1@group-C5BA1605619E-FollowerState] INFO  impl.RoleInfo (RoleInfo.java:shutdownFollowerState(110)) - om1: shutdown om1@group-C5BA1605619E-FollowerState
2023-06-19 20:31:55,635 [om1@group-C5BA1605619E-FollowerState] INFO  server.RaftServer$Division (RaftServerImpl.java:setRole(329)) - om1@group-C5BA1605619E: changes role from  FOLLOWER to CANDIDATE at term 0 for changeToCandidate
2023-06-19 20:31:55,636 [om1@group-C5BA1605619E-FollowerState] INFO  server.RaftServerConfigKeys (ConfUtils.java:logGet(46)) - raft.server.leaderelection.pre-vote = true (default)
2023-06-19 20:31:55,636 [om1@group-C5BA1605619E-FollowerState] INFO  impl.RoleInfo (RoleInfo.java:updateAndGet(139)) - om1: start om1@group-C5BA1605619E-LeaderElection3
2023-06-19 20:31:55,639 [om1@group-C5BA1605619E-LeaderElection3] INFO  impl.LeaderElection (LeaderElection.java:askForVotes(321)) - om1@group-C5BA1605619E-LeaderElection3 PRE_VOTE round 0: submit vote requests at term 0 for -1: peers:[om1|rpc:fv-az616-238:9872|priority:0|startupRole:FOLLOWER]|listeners:[], old=null
2023-06-19 20:31:55,639 [om1@group-C5BA1605619E-LeaderElection3] INFO  impl.LeaderElection (LeaderElection.java:askForVotes(323)) - om1@group-C5BA1605619E-LeaderElection3 PRE_VOTE round 0: result PASSED (term=0)
2023-06-19 20:31:55,642 [om1@group-C5BA1605619E-LeaderElection3] INFO  impl.LeaderElection (LeaderElection.java:askForVotes(321)) - om1@group-C5BA1605619E-LeaderElection3 ELECTION round 0: submit vote requests at term 1 for -1: peers:[om1|rpc:fv-az616-238:9872|priority:0|startupRole:FOLLOWER]|listeners:[], old=null
2023-06-19 20:31:55,642 [om1@group-C5BA1605619E-LeaderElection3] INFO  impl.LeaderElection (LeaderElection.java:askForVotes(323)) - om1@group-C5BA1605619E-LeaderElection3 ELECTION round 0: result PASSED (term=1)
2023-06-19 20:31:55,642 [om1@group-C5BA1605619E-LeaderElection3] INFO  impl.RoleInfo (RoleInfo.java:shutdownLeaderElection(130)) - om1: shutdown om1@group-C5BA1605619E-LeaderElection3
2023-06-19 20:31:55,642 [om1@group-C5BA1605619E-LeaderElection3] INFO  server.RaftServer$Division (RaftServerImpl.java:setRole(329)) - om1@group-C5BA1605619E: changes role from CANDIDATE to LEADER at term 1 for changeToLeader
2023-06-19 20:31:55,642 [om1@group-C5BA1605619E-LeaderElection3] INFO  server.RaftServer$Division (ServerState.java:setLeader(317)) - om1@group-C5BA1605619E: change Leader from null to om1 at term 1 for becomeLeader, leader elected after 6048ms
2023-06-19 20:31:55,643 [om1@group-C5BA1605619E-LeaderElection3] INFO  server.RaftServerConfigKeys (ConfUtils.java:logGet(46)) - raft.server.staging.catchup.gap = 1000 (default)
2023-06-19 20:31:55,643 [om1@group-C5BA1605619E-LeaderElection3] INFO  server.RaftServerConfigKeys (ConfUtils.java:logGet(46)) - raft.server.write.element-limit = 4096 (default)
2023-06-19 20:31:55,643 [om1@group-C5BA1605619E-LeaderElection3] INFO  server.RaftServerConfigKeys (ConfUtils.java:logGet(46)) - raft.server.write.byte-limit = 64MB (=67108864) (default)
2023-06-19 20:31:55,643 [om1@group-C5BA1605619E-LeaderElection3] INFO  server.RaftServerConfigKeys (ConfUtils.java:logGet(46)) - raft.server.watch.timeout = 10s (default)
2023-06-19 20:31:55,643 [om1@group-C5BA1605619E-LeaderElection3] INFO  server.RaftServerConfigKeys (ConfUtils.java:logGet(46)) - raft.server.watch.timeout.denomination = 1s (default)
2023-06-19 20:31:55,643 [om1@group-C5BA1605619E-LeaderElection3] INFO  server.RaftServerConfigKeys (ConfUtils.java:logGet(46)) - raft.server.watch.element-limit = 65536 (default)
2023-06-19 20:31:55,644 [om1@group-C5BA1605619E-LeaderElection3] INFO  server.RaftServerConfigKeys (ConfUtils.java:logGet(46)) - raft.server.write.element-limit = 4096 (default)
2023-06-19 20:31:55,644 [om1@group-C5BA1605619E-LeaderElection3] INFO  server.RaftServerConfigKeys (ConfUtils.java:logGet(46)) - raft.server.write.follower.gap.ratio.max = -1.0 (default)
2023-06-19 20:31:55,644 [om1@group-C5BA1605619E-LeaderElection3] INFO  impl.RoleInfo (RoleInfo.java:updateAndGet(139)) - om1: start om1@group-C5BA1605619E-LeaderStateImpl
2023-06-19 20:31:55,645 [om1@group-C5BA1605619E-LeaderElection3] INFO  segmented.SegmentedRaftLogWorker (SegmentedRaftLogWorker.java:startLogSegment(447)) - om1@group-C5BA1605619E-SegmentedRaftLogWorker: Starting segment from index:0
2023-06-19 20:31:55,647 [om1@group-C5BA1605619E-LeaderElection3] INFO  server.RaftServer$Division (ServerState.java:setRaftConf(434)) - om1@group-C5BA1605619E: set configuration 0: peers:[om1|rpc:fv-az616-238:9872|admin:|client:|dataStream:|priority:0|startupRole:FOLLOWER]|listeners:[], old=null
2023-06-19 20:31:55,658 [om1@group-C5BA1605619E-SegmentedRaftLogWorker] INFO  segmented.SegmentedRaftLogWorker (SegmentedRaftLogWorker.java:execute(651)) - om1@group-C5BA1605619E-SegmentedRaftLogWorker: created new log segment /tmp/junit8893794936247249394/junit1463865442867573729/om-meta/ratis/bf265839-605b-3f16-9796-c5ba1605619e/current/log_inprogress_0
2023-06-19 20:31:55,663 [om1@group-C5BA1605619E-StateMachineUpdater] INFO  ratis.OzoneManagerStateMachine (OzoneManagerStateMachine.java:notifyConfigurationChanged(201)) - Received Configuration change notification from Ratis. New Peer list:
[id: "om1"
address: "fv-az616-238:9872"
startupRole: FOLLOWER
]
2023-06-19 20:31:55,743 [pool-403-thread-1] INFO  request.TgsRequest (TgsRequest.java:issueTicket(115)) - TGS_REQ ISSUE: authtime 1687206715743,om/fv-az616-238 for om/fv-az616-238@EXAMPLE.COM
2023-06-19 20:31:55,769 [Socket Reader #1 for port 1202] INFO  ipc.Server (Server.java:saslProcess(2116)) - Auth successful for om/fv-az616-238@EXAMPLE.COM (auth:KERBEROS) from 10.1.0.14:42897
2023-06-19 20:32:05,437 [CertificateLifetimeMonitor] INFO  utils.SelfSignedCertificate (SelfSignedCertificate.java:generateCertificate(158)) - Certificate 2 is issued by CN=rootCA-new@localhost,OU=scm1,O=cluster1 to CN=rootCA-new@localhost,OU=scm1,O=cluster1, valid from Mon Jun 19 20:32:05 UTC 2023 to Thu Jul 27 20:32:05 UTC 2028
Mon Jun 19 20:32:05 UTC 2023 certificated is renewed
2023-06-19 20:32:05,740 [CertificateLifetimeMonitor] INFO  ssl.PemFileBasedKeyStoresFactory (PemFileBasedKeyStoresFactory.java:notifyCertificateRenewed(156)) - CertificateClientTestImpl notify certificate renewed
2023-06-19 20:32:05,747 [CertificateLifetimeMonitor] INFO  ssl.ReloadingX509KeyManager (ReloadingX509KeyManager.java:loadFrom(142)) - ReloadingX509KeyManager is reloaded
2023-06-19 20:32:05,748 [CertificateLifetimeMonitor] INFO  ssl.ReloadingX509TrustManager (ReloadingX509TrustManager.java:loadFrom(118)) - ReloadingX509TrustManager is reloaded.
2023-06-19 20:32:05,748 [CertificateLifetimeMonitor] INFO  security.OzoneDelegationTokenSecretManager (OzoneSecretManager.java:notifyCertificateRenewed(198)) - Certificate is changed from 5199941028647 to 5215251110327
2023-06-19 20:32:05,748 [CertificateLifetimeMonitor] INFO  security.OzoneDelegationTokenSecretManager (OzoneSecretManager.java:updateCurrentKey(175)) - Updating current master key for generating tokens. Cert id 5215251110327
2023-06-19 20:32:05,748 [CertificateLifetimeMonitor] INFO  ssl.PemFileBasedKeyStoresFactory (PemFileBasedKeyStoresFactory.java:notifyCertificateRenewed(156)) - CertificateClientTestImpl notify certificate renewed
2023-06-19 20:32:05,748 [CertificateLifetimeMonitor] INFO  ssl.ReloadingX509KeyManager (ReloadingX509KeyManager.java:loadFrom(142)) - ReloadingX509KeyManager is reloaded
2023-06-19 20:32:05,749 [CertificateLifetimeMonitor] INFO  ssl.ReloadingX509TrustManager (ReloadingX509TrustManager.java:loadFrom(118)) - ReloadingX509TrustManager is reloaded.
2023-06-19 20:32:05,753 [Time-limited test] INFO  om.OzoneManager (OzoneManager.java:stop(2165)) - om1[fv-az616-238:1202]: Stopping Ozone Manager
2023-06-19 20:32:05,753 [Time-limited test] INFO  ipc.Server (Server.java:stop(3501)) - Stopping server on 1202
2023-06-19 20:32:05,757 [IPC Server Responder] INFO  ipc.Server (Server.java:run(1563)) - Stopping IPC Server Responder
2023-06-19 20:32:05,757 [IPC Server listener on 1202] INFO  ipc.Server (Server.java:run(1430)) - Stopping IPC Server listener on 1202
2023-06-19 20:32:05,758 [Time-limited test] INFO  server.RaftServer (RaftServerProxy.java:lambda$close$6(416)) - om1: close
2023-06-19 20:32:05,758 [Time-limited test] INFO  server.GrpcService (GrpcService.java:closeImpl(311)) - om1: shutdown server GrpcServerProtocolService now
2023-06-19 20:32:05,758 [om1-impl-thread1] INFO  server.RaftServer$Division (RaftServerImpl.java:lambda$close$4(466)) - om1@group-C5BA1605619E: shutdown
2023-06-19 20:32:05,759 [om1-impl-thread1] INFO  util.JmxRegister (JmxRegister.java:unregister(73)) - Successfully un-registered JMX Bean with object name Ratis:service=RaftServer,group=group-C5BA1605619E,id=om1
2023-06-19 20:32:05,759 [om1-impl-thread1] INFO  impl.RoleInfo (RoleInfo.java:shutdownLeaderState(93)) - om1: shutdown om1@group-C5BA1605619E-LeaderStateImpl
2023-06-19 20:32:05,760 [om1-impl-thread1] INFO  impl.PendingRequests (PendingRequests.java:sendNotLeaderResponses(289)) - om1@group-C5BA1605619E-PendingRequests: sendNotLeaderResponses
2023-06-19 20:32:05,762 [om1-impl-thread1] INFO  impl.StateMachineUpdater (StateMachineUpdater.java:stopAndJoin(155)) - om1@group-C5BA1605619E-StateMachineUpdater: set stopIndex = 6
2023-06-19 20:32:05,762 [om1@group-C5BA1605619E-StateMachineUpdater] INFO  ratis.OzoneManagerStateMachine (OzoneManagerStateMachine.java:takeSnapshot(479)) - Current Snapshot Index (t:1, i:6)
2023-06-19 20:32:05,763 [Time-limited test] INFO  server.GrpcService (GrpcService.java:closeImpl(320)) - om1: shutdown server GrpcServerProtocolService successfully
2023-06-19 20:32:05,783 [om1@group-C5BA1605619E-StateMachineUpdater] INFO  impl.StateMachineUpdater (StateMachineUpdater.java:takeSnapshot(291)) - om1@group-C5BA1605619E-StateMachineUpdater: Took a snapshot at index 6
2023-06-19 20:32:05,783 [om1@group-C5BA1605619E-StateMachineUpdater] INFO  impl.StateMachineUpdater (StateMachineUpdater.java:lambda$new$0(97)) - om1@group-C5BA1605619E-StateMachineUpdater: snapshotIndex: updateIncreasingly -1 -> 6
2023-06-19 20:32:05,783 [om1@group-C5BA1605619E-StateMachineUpdater] INFO  ratis.OzoneManagerStateMachine (OzoneManagerStateMachine.java:close(533)) - StateMachine has shutdown. Shutdown OzoneManager if not already shutdown.
2023-06-19 20:32:05,783 [om1@group-C5BA1605619E-StateMachineUpdater] INFO  ratis.OzoneManagerDoubleBuffer (OzoneManagerDoubleBuffer.java:stopDaemon(551)) - Stopping OMDoubleBuffer flush thread
2023-06-19 20:32:05,783 [OMDoubleBufferFlushThread] INFO  ratis.OzoneManagerDoubleBuffer (OzoneManagerDoubleBuffer.java:canFlush(638)) - OMDoubleBuffer flush thread OMDoubleBufferFlushThread is interrupted and will exit.
2023-06-19 20:32:05,784 [om1-impl-thread1] INFO  server.RaftServer$Division (ServerState.java:close(472)) - om1@group-C5BA1605619E: closes. applyIndex: 6
2023-06-19 20:32:06,752 [om1-impl-thread1] INFO  segmented.SegmentedRaftLogWorker (SegmentedRaftLogWorker.java:close(252)) - om1@group-C5BA1605619E-SegmentedRaftLogWorker close()
2023-06-19 20:32:06,753 [JvmPauseMonitor6] INFO  util.JvmPauseMonitor (JvmPauseMonitor.java:run(109)) - JvmPauseMonitor-om1: Stopped
2023-06-19 20:32:06,753 [Time-limited test] INFO  ratis.OzoneManagerStateMachine (OzoneManagerStateMachine.java:close(533)) - StateMachine has shutdown. Shutdown OzoneManager if not already shutdown.
2023-06-19 20:32:06,753 [Time-limited test] INFO  ratis.OzoneManagerDoubleBuffer (OzoneManagerDoubleBuffer.java:stopDaemon(560)) - OMDoubleBuffer flush thread is not running.
2023-06-19 20:32:06,753 [Time-limited test] INFO  utils.BackgroundService (BackgroundService.java:shutdown(141)) - Shutting down service KeyDeletingService
2023-06-19 20:32:06,754 [Time-limited test] INFO  utils.BackgroundService (BackgroundService.java:shutdown(141)) - Shutting down service KeyDeletingService
2023-06-19 20:32:06,754 [Time-limited test] INFO  utils.BackgroundService (BackgroundService.java:shutdown(141)) - Shutting down service OpenKeyCleanupService
2023-06-19 20:32:06,755 [Time-limited test] INFO  utils.BackgroundService (BackgroundService.java:shutdown(141)) - Shutting down service SstFilteringService
2023-06-19 20:32:06,755 [Time-limited test] INFO  utils.BackgroundService (BackgroundService.java:shutdown(141)) - Shutting down service SnapshotDeletingService
2023-06-19 20:32:06,756 [Time-limited test] INFO  om.OzoneManager (OzoneManager.java:stopSecretManager(1037)) - Stopping secret key client.
2023-06-19 20:32:06,756 [Time-limited test] INFO  om.OzoneManager (OzoneManager.java:stopSecretManager(1042)) - Stopping OM delegation token secret manager.
2023-06-19 20:32:06,756 [Thread[Thread-1455,5,FailOnTimeoutGroup]] INFO  security.OzoneDelegationTokenSecretManager (OzoneDelegationTokenSecretManager.java:run(653)) - ExpiredTokenRemover was interrupted.
java.lang.InterruptedException: sleep interrupted
	at java.lang.Thread.sleep(Native Method)
	at org.apache.hadoop.ozone.security.OzoneDelegationTokenSecretManager$ExpiredTokenRemover.run(OzoneDelegationTokenSecretManager.java:649)
	at java.lang.Thread.run(Thread.java:750)
2023-06-19 20:32:06,758 [Time-limited test] INFO  handler.ContextHandler (ContextHandler.java:doStop(1159)) - Stopped o.e.j.w.WebAppContext@3b03bee1{ozoneManager,/,null,STOPPED}{file:/home/runner/work/ozone/ozone/hadoop-ozone/integration-test/target/test-classes/webapps/ozoneManager}
2023-06-19 20:32:06,758 [Time-limited test] INFO  server.AbstractConnector (AbstractConnector.java:doStop(383)) - Stopped ServerConnector@3453dbf5{HTTP/1.1, (http/1.1)}{0.0.0.0:9874}
2023-06-19 20:32:06,759 [Time-limited test] INFO  server.session (HouseKeeper.java:stopScavenging(149)) - node0 Stopped scavenging
2023-06-19 20:32:06,759 [Time-limited test] INFO  handler.ContextHandler (ContextHandler.java:doStop(1159)) - Stopped o.e.j.s.ServletContextHandler@2df82ea0{static,/static,file:///home/runner/work/ozone/ozone/hadoop-ozone/integration-test/target/test-classes/webapps/static,STOPPED}
2023-06-19 20:32:06,759 [Time-limited test] INFO  handler.ContextHandler (ContextHandler.java:doStop(1159)) - Stopped o.e.j.s.ServletContextHandler@358ca512{logs,/logs,file:///home/runner/work/ozone/ozone/hadoop-ozone/integration-test/target/log,STOPPED}
2023-06-19 20:32:06,762 [Time-limited test] INFO  snapshot.SnapshotDiffManager (SnapshotDiffManager.java:closeExecutorService(1267)) - Shutting down executorService: 'SnapDiffExecutor'
2023-06-19 20:32:06,762 [Time-limited test] INFO  snapshot.SnapshotDiffManager (SnapshotDiffManager.java:closeExecutorService(1267)) - Shutting down executorService: 'SstDumpToolExecutor'
2023-06-19 20:32:06,762 [Time-limited test] INFO  utils.BackgroundService (BackgroundService.java:shutdown(141)) - Shutting down service SnapshotDiffCleanupService
2023-06-19 20:32:06,764 [Time-limited test] INFO  impl.DefaultInternalKdcServerImpl (DefaultInternalKdcServerImpl.java:doStop(102)) - Default Internal kdc server stopped.
2023-06-19 20:32:07,764 [Time-limited test] INFO  minikdc.MiniKdc (MiniKdc.java:stop(359)) - MiniKdc stopped.
2023-06-19 20:32:07,765 [Time-limited test] INFO  om.OzoneManager (OzoneManager.java:stop(2165)) - om1[fv-az616-238:1202]: Stopping Ozone Manager
]]></system-out>
  </testcase>
  <testcase name="testSecureScmStartupSuccess" classname="org.apache.hadoop.ozone.TestSecureOzoneCluster" time="4.473">
    <system-out><![CDATA[2023-06-19 20:32:07,803 [Time-limited test] INFO  net.ServerSocketUtil (ServerSocketUtil.java:getPort(55)) - Using port 9860
2023-06-19 20:32:07,803 [Time-limited test] INFO  net.ServerSocketUtil (ServerSocketUtil.java:getPort(55)) - Using port 9861
2023-06-19 20:32:07,804 [Time-limited test] INFO  net.ServerSocketUtil (ServerSocketUtil.java:getPort(55)) - Using port 9863
2023-06-19 20:32:07,804 [Time-limited test] INFO  net.ServerSocketUtil (ServerSocketUtil.java:getPort(55)) - Using port 9961
2023-06-19 20:32:07,804 [Time-limited test] INFO  net.ServerSocketUtil (ServerSocketUtil.java:getPort(55)) - Using port 1200
2023-06-19 20:32:07,804 [Time-limited test] INFO  net.ServerSocketUtil (ServerSocketUtil.java:getPort(55)) - Using port 1201
2023-06-19 20:32:07,804 [Time-limited test] INFO  minikdc.MiniKdc (MiniKdc.java:<init>(225)) - Configuration:
2023-06-19 20:32:07,804 [Time-limited test] INFO  minikdc.MiniKdc (MiniKdc.java:<init>(226)) - ---------------------------------------------------------------
2023-06-19 20:32:07,805 [Time-limited test] INFO  minikdc.MiniKdc (MiniKdc.java:<init>(228)) -   debug: false
2023-06-19 20:32:07,805 [Time-limited test] INFO  minikdc.MiniKdc (MiniKdc.java:<init>(228)) -   transport: TCP
2023-06-19 20:32:07,805 [Time-limited test] INFO  minikdc.MiniKdc (MiniKdc.java:<init>(228)) -   max.ticket.lifetime: 86400000
2023-06-19 20:32:07,805 [Time-limited test] INFO  minikdc.MiniKdc (MiniKdc.java:<init>(228)) -   org.name: EXAMPLE
2023-06-19 20:32:07,805 [Time-limited test] INFO  minikdc.MiniKdc (MiniKdc.java:<init>(228)) -   kdc.port: 0
2023-06-19 20:32:07,805 [Time-limited test] INFO  minikdc.MiniKdc (MiniKdc.java:<init>(228)) -   org.domain: COM
2023-06-19 20:32:07,805 [Time-limited test] INFO  minikdc.MiniKdc (MiniKdc.java:<init>(228)) -   max.renewable.lifetime: 604800000
2023-06-19 20:32:07,805 [Time-limited test] INFO  minikdc.MiniKdc (MiniKdc.java:<init>(228)) -   instance: DefaultKrbServer
2023-06-19 20:32:07,805 [Time-limited test] INFO  minikdc.MiniKdc (MiniKdc.java:<init>(228)) -   kdc.bind.address: localhost
2023-06-19 20:32:07,805 [Time-limited test] INFO  minikdc.MiniKdc (MiniKdc.java:<init>(230)) - ---------------------------------------------------------------
2023-06-19 20:32:07,807 [Time-limited test] INFO  minikdc.MiniKdc (MiniKdc.java:start(285)) - MiniKdc started.
2023-06-19 20:32:07,998 [Time-limited test] WARN  server.ServerUtils (ServerUtils.java:getScmDbDir(155)) - ozone.scm.db.dirs is not configured. We recommend adding this setting. Falling back to ozone.metadata.dirs instead.
2023-06-19 20:32:07,999 [Time-limited test] INFO  ha.HASecurityUtils (HASecurityUtils.java:initializeSecurity(93)) - Initializing secure StorageContainerManager.
2023-06-19 20:32:07,999 [Time-limited test] WARN  client.SCMCertificateClient (DefaultCertificateClient.java:loadAllCertificates(161)) - Certificates could not be loaded.
java.nio.file.NoSuchFileException: /tmp/junit5219987939010187186/junit6431286916006428836/scm-meta/scm/sub-ca/certs
	at sun.nio.fs.UnixException.translateToIOException(UnixException.java:86)
	at sun.nio.fs.UnixException.rethrowAsIOException(UnixException.java:102)
	at sun.nio.fs.UnixException.rethrowAsIOException(UnixException.java:107)
	at sun.nio.fs.UnixFileSystemProvider.newDirectoryStream(UnixFileSystemProvider.java:427)
	at java.nio.file.Files.newDirectoryStream(Files.java:457)
	at java.nio.file.Files.list(Files.java:3451)
	at org.apache.hadoop.hdds.security.x509.certificate.client.DefaultCertificateClient.loadAllCertificates(DefaultCertificateClient.java:156)
	at org.apache.hadoop.hdds.security.x509.certificate.client.DefaultCertificateClient.updateCertSerialId(DefaultCertificateClient.java:1206)
	at org.apache.hadoop.hdds.security.x509.certificate.client.DefaultCertificateClient.<init>(DefaultCertificateClient.java:148)
	at org.apache.hadoop.hdds.security.x509.certificate.client.SCMCertificateClient.<init>(SCMCertificateClient.java:54)
	at org.apache.hadoop.hdds.scm.ha.HASecurityUtils.initializeSecurity(HASecurityUtils.java:97)
	at org.apache.hadoop.ozone.TestSecureOzoneCluster.initSCM(TestSecureOzoneCluster.java:431)
	at org.apache.hadoop.ozone.TestSecureOzoneCluster.testSecureScmStartupSuccess(TestSecureOzoneCluster.java:332)
	at sun.reflect.NativeMethodAccessorImpl.invoke0(Native Method)
	at sun.reflect.NativeMethodAccessorImpl.invoke(NativeMethodAccessorImpl.java:62)
	at sun.reflect.DelegatingMethodAccessorImpl.invoke(DelegatingMethodAccessorImpl.java:43)
	at java.lang.reflect.Method.invoke(Method.java:498)
	at org.junit.runners.model.FrameworkMethod$1.runReflectiveCall(FrameworkMethod.java:59)
	at org.junit.internal.runners.model.ReflectiveCallable.run(ReflectiveCallable.java:12)
	at org.junit.runners.model.FrameworkMethod.invokeExplosively(FrameworkMethod.java:56)
	at org.junit.internal.runners.statements.InvokeMethod.evaluate(InvokeMethod.java:17)
	at org.junit.internal.runners.statements.RunBefores.evaluate(RunBefores.java:26)
	at org.junit.internal.runners.statements.RunAfters.evaluate(RunAfters.java:27)
	at org.junit.rules.ExternalResource$1.evaluate(ExternalResource.java:54)
	at org.junit.internal.runners.statements.FailOnTimeout$CallableStatement.call(FailOnTimeout.java:288)
	at org.junit.internal.runners.statements.FailOnTimeout$CallableStatement.call(FailOnTimeout.java:282)
	at java.util.concurrent.FutureTask.run(FutureTask.java:266)
	at java.lang.Thread.run(Thread.java:750)
2023-06-19 20:32:07,999 [Time-limited test] WARN  client.SCMCertificateClient (DefaultCertificateClient.java:loadAllCertificates(161)) - Certificates could not be loaded.
java.nio.file.NoSuchFileException: /tmp/junit5219987939010187186/junit6431286916006428836/scm-meta/scm/sub-ca/certs
	at sun.nio.fs.UnixException.translateToIOException(UnixException.java:86)
	at sun.nio.fs.UnixException.rethrowAsIOException(UnixException.java:102)
	at sun.nio.fs.UnixException.rethrowAsIOException(UnixException.java:107)
	at sun.nio.fs.UnixFileSystemProvider.newDirectoryStream(UnixFileSystemProvider.java:427)
	at java.nio.file.Files.newDirectoryStream(Files.java:457)
	at java.nio.file.Files.list(Files.java:3451)
	at org.apache.hadoop.hdds.security.x509.certificate.client.DefaultCertificateClient.loadAllCertificates(DefaultCertificateClient.java:156)
	at org.apache.hadoop.hdds.security.x509.certificate.client.DefaultCertificateClient.getCertPath(DefaultCertificateClient.java:324)
	at org.apache.hadoop.hdds.security.x509.certificate.client.DefaultCertificateClient.getCertificate(DefaultCertificateClient.java:300)
	at org.apache.hadoop.hdds.security.x509.certificate.client.DefaultCertificateClient.init(DefaultCertificateClient.java:669)
	at org.apache.hadoop.hdds.scm.ha.HASecurityUtils.initializeSecurity(HASecurityUtils.java:98)
	at org.apache.hadoop.ozone.TestSecureOzoneCluster.initSCM(TestSecureOzoneCluster.java:431)
	at org.apache.hadoop.ozone.TestSecureOzoneCluster.testSecureScmStartupSuccess(TestSecureOzoneCluster.java:332)
	at sun.reflect.NativeMethodAccessorImpl.invoke0(Native Method)
	at sun.reflect.NativeMethodAccessorImpl.invoke(NativeMethodAccessorImpl.java:62)
	at sun.reflect.DelegatingMethodAccessorImpl.invoke(DelegatingMethodAccessorImpl.java:43)
	at java.lang.reflect.Method.invoke(Method.java:498)
	at org.junit.runners.model.FrameworkMethod$1.runReflectiveCall(FrameworkMethod.java:59)
	at org.junit.internal.runners.model.ReflectiveCallable.run(ReflectiveCallable.java:12)
	at org.junit.runners.model.FrameworkMethod.invokeExplosively(FrameworkMethod.java:56)
	at org.junit.internal.runners.statements.InvokeMethod.evaluate(InvokeMethod.java:17)
	at org.junit.internal.runners.statements.RunBefores.evaluate(RunBefores.java:26)
	at org.junit.internal.runners.statements.RunAfters.evaluate(RunAfters.java:27)
	at org.junit.rules.ExternalResource$1.evaluate(ExternalResource.java:54)
	at org.junit.internal.runners.statements.FailOnTimeout$CallableStatement.call(FailOnTimeout.java:288)
	at org.junit.internal.runners.statements.FailOnTimeout$CallableStatement.call(FailOnTimeout.java:282)
	at java.util.concurrent.FutureTask.run(FutureTask.java:266)
	at java.lang.Thread.run(Thread.java:750)
2023-06-19 20:32:08,000 [Time-limited test] INFO  client.SCMCertificateClient (DefaultCertificateClient.java:init(692)) - Certificate client init case: 0
2023-06-19 20:32:08,000 [Time-limited test] INFO  client.SCMCertificateClient (SCMCertificateClient.java:handleCase(68)) - Creating keypair for client as keypair and certificate not found.
2023-06-19 20:32:08,253 [Time-limited test] INFO  ha.HASecurityUtils (HASecurityUtils.java:initializeSecurity(99)) - Init response: GETCERT
2023-06-19 20:32:09,026 [Time-limited test] INFO  ozone.OzoneSecurityUtil (OzoneSecurityUtil.java:getValidInetsForCurrentHost(119)) - ip:fe80:0:0:0:20d:3aff:fe5b:c2ca%eth0 not returned.
2023-06-19 20:32:09,026 [Time-limited test] INFO  ozone.OzoneSecurityUtil (OzoneSecurityUtil.java:getValidInetsForCurrentHost(116)) - Adding ip:10.1.0.14,host:fv-az616-238
2023-06-19 20:32:09,027 [Time-limited test] INFO  ozone.OzoneSecurityUtil (OzoneSecurityUtil.java:getValidInetsForCurrentHost(119)) - ip:0:0:0:0:0:0:0:1%lo not returned.
2023-06-19 20:32:09,027 [Time-limited test] INFO  ozone.OzoneSecurityUtil (OzoneSecurityUtil.java:getValidInetsForCurrentHost(119)) - ip:127.0.0.1 not returned.
2023-06-19 20:32:09,027 [Time-limited test] ERROR utils.SelfSignedCertificate (SelfSignedCertificate.java:lambda$addInetAddresses$0(245)) - Invalid domain fv-az616-238
2023-06-19 20:32:09,030 [Time-limited test] INFO  utils.SelfSignedCertificate (SelfSignedCertificate.java:generateCertificate(158)) - Certificate 1 is issued by CN=scm@fv-az616-238,OU=e76ad2c4-c35e-41ab-8efc-f126097327eb,O=10be4c5c-7844-44a5-a138-d66d0d0bba57 to CN=scm@fv-az616-238,OU=e76ad2c4-c35e-41ab-8efc-f126097327eb,O=10be4c5c-7844-44a5-a138-d66d0d0bba57, valid from Mon Jun 19 20:32:09 UTC 2023 to Thu Jul 27 20:32:09 UTC 2028
2023-06-19 20:32:09,032 [Time-limited test] INFO  ozone.OzoneSecurityUtil (OzoneSecurityUtil.java:getValidInetsForCurrentHost(119)) - ip:fe80:0:0:0:20d:3aff:fe5b:c2ca%eth0 not returned.
2023-06-19 20:32:09,032 [Time-limited test] INFO  ozone.OzoneSecurityUtil (OzoneSecurityUtil.java:getValidInetsForCurrentHost(116)) - Adding ip:10.1.0.14,host:fv-az616-238
2023-06-19 20:32:09,032 [Time-limited test] INFO  ozone.OzoneSecurityUtil (OzoneSecurityUtil.java:getValidInetsForCurrentHost(119)) - ip:0:0:0:0:0:0:0:1%lo not returned.
2023-06-19 20:32:09,033 [Time-limited test] INFO  ozone.OzoneSecurityUtil (OzoneSecurityUtil.java:getValidInetsForCurrentHost(119)) - ip:127.0.0.1 not returned.
2023-06-19 20:32:09,033 [Time-limited test] ERROR utils.CertificateSignRequest (CertificateSignRequest.java:lambda$addInetAddresses$0(296)) - Invalid domain fv-az616-238
2023-06-19 20:32:09,033 [Time-limited test] INFO  ha.HASecurityUtils (HASecurityUtils.java:generateCSR(280)) - Creating csr for SCM->hostName:fv-az616-238,scmId:e76ad2c4-c35e-41ab-8efc-f126097327eb,clusterId:10be4c5c-7844-44a5-a138-d66d0d0bba57,subject:scm-sub@fv-az616-238
2023-06-19 20:32:09,047 [Time-limited test] INFO  ha.HASecurityUtils (HASecurityUtils.java:initializeSecurity(112)) - Successfully stored SCM signed certificate.
2023-06-19 20:32:09,049 [Time-limited test] WARN  server.ServerUtils (ServerUtils.java:getScmDbDir(155)) - ozone.scm.db.dirs is not configured. We recommend adding this setting. Falling back to ozone.metadata.dirs instead.
2023-06-19 20:32:09,053 [Time-limited test] INFO  ha.SCMHANodeDetails (SCMHANodeDetails.java:loadSCMHAConfig(210)) - ServiceID for StorageContainerManager is null
2023-06-19 20:32:09,053 [Time-limited test] INFO  ha.SCMHANodeDetails (SCMHANodeDetails.java:loadSCMHAConfig(215)) - ozone.scm.default.service.id is not defined, falling back to ozone.scm.service.ids to find serviceID for StorageContainerManager if it is HA enabled cluster
2023-06-19 20:32:09,056 [Time-limited test] INFO  client.SCMCertificateClient (DefaultCertificateClient.java:readCertificateFile(196)) - Added certificate   [0]         Version: 3
         SerialNumber: 5218552119512
             IssuerDN: CN=scm@fv-az616-238,OU=e76ad2c4-c35e-41ab-8efc-f126097327eb,O=10be4c5c-7844-44a5-a138-d66d0d0bba57
           Start Date: Mon Jun 19 20:32:09 UTC 2023
           Final Date: Thu Jul 27 20:32:09 UTC 2028
            SubjectDN: CN=scm-sub@fv-az616-238,OU=e76ad2c4-c35e-41ab-8efc-f126097327eb,O=10be4c5c-7844-44a5-a138-d66d0d0bba57
           Public Key: RSA Public Key [21:b3:6d:26:c5:ab:79:b8:41:1f:d8:8c:12:9d:b0:fe:9c:df:f8:01],[56:66:d1:a4]
        modulus: ae889057c809ecddcef32c483f9249aee6cad69806575e4c14d7730d8c9b1dd9b8c3b82b66288f502e146d61b5dda560421b21e96644fa1bddfdc43797e710aa670009aeb8c15fbebdfd135e94f5a6d2030359ed708b760a606dc12a615dc777365aa066dacc7349ac13bd876c67d345a298a0d88bb3c577116c338fb145eb86360049146cde32e56a291ab90acc7935ee28c7a9b7fa696cde24438e6a2ee0274102e73deed02ee931acab177ced2023069abb68c4d065165f75920083a9a46f33a59fce6e5e5815131692fa9687c2d78ade0a793469d4b70f482d0b9f1fd4c3880f6f043a3a2fa230bdffd6f37b852b19eb00f44dc371cde12e397c89711ddd
public exponent: 10001

  Signature Algorithm: SHA256WITHRSA
            Signature: 10a7f956a18a23684f545bce477712a5cbceeecc
                       3ec92dd66f91732c1a68c5abfdfccdbccdd680fa
                       668ff6789b0c3edffb09649a8d829c520befb4f2
                       3c2b134d9f2bcc8cecd3cafedbbf1d0e34ef0f18
                       1ef93b2692efb03e53e149420f3aeb3a70f6025f
                       a953b2f49365892564061ca4e1eec47f3f3cecee
                       4c4756b8410663d6f48a1c12b156638afe92ef05
                       5c6880022fbb5780149415cbe1e8468ea20ddbb4
                       1ff0098888df66db9852fb5730e0c71b1d65112a
                       e5a4555e66162529706a13921d8de4f1c0dc8a55
                       f4cf68cfb960180683946f3b09096dfdd118f060
                       c8c911d4b316b04c6e84410fd03584aa7d904b29
                       7c7a766db8a86aadbfcc9ad037ba7724
       Extensions: 
                       critical(false) 2.5.29.17 value = Sequence
    Tagged [7] IMPLICIT 
        DER Octet String[4] 

                       critical(true) BasicConstraints: isCa(true)
                       critical(true) KeyUsage: 0xbe
 from file: /tmp/junit5219987939010187186/junit6431286916006428836/scm-meta/scm/sub-ca/certs/5218552119512.crt.
2023-06-19 20:32:09,057 [Time-limited test] INFO  client.SCMCertificateClient (DefaultCertificateClient.java:readCertificateFile(196)) - Added certificate   [0]         Version: 3
         SerialNumber: 5218552119512
             IssuerDN: CN=scm@fv-az616-238,OU=e76ad2c4-c35e-41ab-8efc-f126097327eb,O=10be4c5c-7844-44a5-a138-d66d0d0bba57
           Start Date: Mon Jun 19 20:32:09 UTC 2023
           Final Date: Thu Jul 27 20:32:09 UTC 2028
            SubjectDN: CN=scm-sub@fv-az616-238,OU=e76ad2c4-c35e-41ab-8efc-f126097327eb,O=10be4c5c-7844-44a5-a138-d66d0d0bba57
           Public Key: RSA Public Key [21:b3:6d:26:c5:ab:79:b8:41:1f:d8:8c:12:9d:b0:fe:9c:df:f8:01],[56:66:d1:a4]
        modulus: ae889057c809ecddcef32c483f9249aee6cad69806575e4c14d7730d8c9b1dd9b8c3b82b66288f502e146d61b5dda560421b21e96644fa1bddfdc43797e710aa670009aeb8c15fbebdfd135e94f5a6d2030359ed708b760a606dc12a615dc777365aa066dacc7349ac13bd876c67d345a298a0d88bb3c577116c338fb145eb86360049146cde32e56a291ab90acc7935ee28c7a9b7fa696cde24438e6a2ee0274102e73deed02ee931acab177ced2023069abb68c4d065165f75920083a9a46f33a59fce6e5e5815131692fa9687c2d78ade0a793469d4b70f482d0b9f1fd4c3880f6f043a3a2fa230bdffd6f37b852b19eb00f44dc371cde12e397c89711ddd
public exponent: 10001

  Signature Algorithm: SHA256WITHRSA
            Signature: 10a7f956a18a23684f545bce477712a5cbceeecc
                       3ec92dd66f91732c1a68c5abfdfccdbccdd680fa
                       668ff6789b0c3edffb09649a8d829c520befb4f2
                       3c2b134d9f2bcc8cecd3cafedbbf1d0e34ef0f18
                       1ef93b2692efb03e53e149420f3aeb3a70f6025f
                       a953b2f49365892564061ca4e1eec47f3f3cecee
                       4c4756b8410663d6f48a1c12b156638afe92ef05
                       5c6880022fbb5780149415cbe1e8468ea20ddbb4
                       1ff0098888df66db9852fb5730e0c71b1d65112a
                       e5a4555e66162529706a13921d8de4f1c0dc8a55
                       f4cf68cfb960180683946f3b09096dfdd118f060
                       c8c911d4b316b04c6e84410fd03584aa7d904b29
                       7c7a766db8a86aadbfcc9ad037ba7724
       Extensions: 
                       critical(false) 2.5.29.17 value = Sequence
    Tagged [7] IMPLICIT 
        DER Octet String[4] 

                       critical(true) BasicConstraints: isCa(true)
                       critical(true) KeyUsage: 0xbe
 from file: /tmp/junit5219987939010187186/junit6431286916006428836/scm-meta/scm/sub-ca/certs/certificate.crt.
2023-06-19 20:32:09,058 [Time-limited test] INFO  client.SCMCertificateClient (DefaultCertificateClient.java:readCertificateFile(196)) - Added certificate   [0]         Version: 3
         SerialNumber: 1
             IssuerDN: CN=scm@fv-az616-238,OU=e76ad2c4-c35e-41ab-8efc-f126097327eb,O=10be4c5c-7844-44a5-a138-d66d0d0bba57
           Start Date: Mon Jun 19 20:32:09 UTC 2023
           Final Date: Thu Jul 27 20:32:09 UTC 2028
            SubjectDN: CN=scm@fv-az616-238,OU=e76ad2c4-c35e-41ab-8efc-f126097327eb,O=10be4c5c-7844-44a5-a138-d66d0d0bba57
           Public Key: RSA Public Key [10:e2:97:d7:bd:ce:9d:fc:b4:69:27:6e:76:b0:20:c5:8d:e9:48:a2],[56:66:d1:a4]
        modulus: a053e86f655518e9ccb6f472368b2346529ba25e455abf39853c24bea944211afc34b99c1a71199f669f3c8591b397fef9a58be3bfbd25285add98580e581a27f11e84255251082b4eab818dc3dda86dfb35a9873eec889f94c8cc8a4c368de5ade2f1ba1cdd4a224068f72b1ad9e7867916999095d1e667e8b43cfee920080b3fe282c7661149395ff70612d25e2dd2a1055d82c4c6ba92d46639faf16b7aa30027d8c3fe39bbc95d4c9e88e52efeabb12ba9c21e181528914c424bf36824be96bce152d7d0887490da65bc25fde4f597505dacb0dd0d296769f8b401ac8be9afbd8cbbab5c0478dc943dd6b4f5690fd87d29158709ce6ac405ec505c4e4acb
public exponent: 10001

  Signature Algorithm: SHA256WITHRSA
            Signature: 31359dd4a96ad4abf892cd2be2eaf50b39c8764d
                       ee9561c6efefca303a8efec66b5b1ef42ac6b8a2
                       5af668a542ec5fda179c914e96f54af93cb2d2eb
                       4d64c344bfa8c17d1da20fbc74b497af303d965a
                       e9e1eba62ad0edb424e8963bf0e47e0ade8f95da
                       cbe916ab91e70371339d669208d50ab01671376a
                       0133cbda53225a1b9bee2d0de1476f1dbaa8f00c
                       6000d5889bd320bba8a809a04567797485cb6731
                       371656974762ce35045793621156303ef382c52c
                       6e83c5112ceb2c747d627667a495eb5122f967b7
                       121f88011f70898848d5b44b29af0038edbceaff
                       cc6245c321feb95a8a4a930f0f8c2d0106e05519
                       e6f893b1bbf27cb33abe33083033d90b
       Extensions: 
                       critical(true) BasicConstraints: isCa(true)
                       critical(true) KeyUsage: 0x6
                       critical(false) 2.5.29.17 value = Sequence
    Tagged [7] IMPLICIT 
        DER Octet String[4] 

 from file: /tmp/junit5219987939010187186/junit6431286916006428836/scm-meta/scm/sub-ca/certs/CA-1.crt.
2023-06-19 20:32:09,062 [Time-limited test] INFO  client.SCMCertificateClient (DefaultCertificateClient.java:startCertificateMonitor(1260)) - CertificateLifetimeMonitor for scm/sub-ca is started with first delay 161135989941 ms and interval 3333 ms.
2023-06-19 20:32:09,066 [pool-436-thread-1] INFO  request.KdcRequest (KdcRequest.java:preauth(651)) - The preauth data is empty.
2023-06-19 20:32:09,066 [pool-436-thread-1] INFO  server.KdcHandler (KdcHandler.java:handleRecoverableException(177)) - KRB error occurred while processing request:Additional pre-authentication required
2023-06-19 20:32:09,074 [pool-436-thread-2] INFO  request.AsRequest (AsRequest.java:issueTicket(112)) - AS_REQ ISSUE: authtime 1687206729074,scm/fv-az616-238@EXAMPLE.COM for krbtgt/EXAMPLE.COM@EXAMPLE.COM
2023-06-19 20:32:09,076 [Time-limited test] INFO  security.UserGroupInformation (UserGroupInformation.java:loginUserFromKeytab(1132)) - Login successful for user scm/fv-az616-238@EXAMPLE.COM using keytab file scm.keytab. Keytab auto renewal enabled : false
2023-06-19 20:32:09,076 [Time-limited test] INFO  server.StorageContainerManager (StorageContainerManager.java:loginAsSCMUserIfSecurityEnabled(1042)) - SCM login successful.
2023-06-19 20:32:09,076 [Time-limited test] WARN  utils.HAUtils (HAUtils.java:getMetaDir(339)) - ozone.scm.db.dirs is not configured. We recommend adding this setting. Falling back to ozone.metadata.dirs instead.
2023-06-19 20:32:09,077 [Time-limited test] WARN  db.DBStoreBuilder (DBStoreBuilder.java:applyDBDefinition(165)) - ozone.scm.db.dirs is not configured. We recommend adding this setting. Falling back to ozone.metadata.dirs instead.
2023-06-19 20:32:09,234 [Time-limited test] INFO  net.NodeSchemaLoader (NodeSchemaLoader.java:loadSchemaFromFile(129)) - Loading schema from [jar:file:/home/runner/.m2/repository/org/apache/ozone/hdds-common/1.4.0-SNAPSHOT/hdds-common-1.4.0-SNAPSHOT.jar!/network-topology-default.xml]
2023-06-19 20:32:09,234 [Time-limited test] INFO  net.NodeSchemaLoader (NodeSchemaLoader.java:loadSchema(176)) - Loading network topology layer schema file
2023-06-19 20:32:09,237 [Time-limited test] INFO  upgrade.AbstractLayoutVersionManager (AbstractLayoutVersionManager.java:init(83)) - Initializing Layout version manager with metadata layout = HADOOP_PRC_PORTS_IN_DATANODEDETAILS (version = 7), software layout = HADOOP_PRC_PORTS_IN_DATANODEDETAILS (version = 7)
2023-06-19 20:32:09,239 [Time-limited test] INFO  ha.SequenceIdGenerator (SequenceIdGenerator.java:upgradeToSequenceId(349)) - upgrade localId to 111677748019200000
2023-06-19 20:32:09,240 [Time-limited test] INFO  ha.SequenceIdGenerator (SequenceIdGenerator.java:upgradeToSequenceId(359)) - upgrade delTxnId to 0
2023-06-19 20:32:09,241 [Time-limited test] INFO  ha.SequenceIdGenerator (SequenceIdGenerator.java:upgradeToSequenceId(376)) - upgrade containerId to 0
2023-06-19 20:32:09,241 [Time-limited test] INFO  ha.SequenceIdGenerator (SequenceIdGenerator.java:<init>(220)) - Init the HA SequenceIdGenerator.
2023-06-19 20:32:09,242 [Time-limited test] INFO  node.SCMNodeManager (SCMNodeManager.java:<init>(158)) - Entering startup safe mode.
2023-06-19 20:32:09,243 [Time-limited test] INFO  algorithms.ContainerPlacementPolicyFactory (ContainerPlacementPolicyFactory.java:getPolicyInternal(86)) - Create container placement policy of type org.apache.hadoop.hdds.scm.container.placement.algorithms.SCMContainerPlacementRackAware
2023-06-19 20:32:09,243 [Time-limited test] INFO  algorithms.ContainerPlacementPolicyFactory (ContainerPlacementPolicyFactory.java:getPolicyInternal(86)) - Create container placement policy of type org.apache.hadoop.hdds.scm.container.placement.algorithms.SCMContainerPlacementRackScatter
2023-06-19 20:32:09,244 [Time-limited test] INFO  pipeline.PipelineStateManagerImpl (PipelineStateManagerImpl.java:initialize(78)) - No pipeline exists in current db
2023-06-19 20:32:09,244 [Time-limited test] INFO  algorithms.LeaderChoosePolicyFactory (LeaderChoosePolicyFactory.java:getPolicy(57)) - Create leader choose policy of type org.apache.hadoop.hdds.scm.pipeline.leader.choose.algorithms.MinLeaderCountChoosePolicy
2023-06-19 20:32:09,244 [Time-limited test] INFO  algorithms.ContainerPlacementPolicyFactory (ContainerPlacementPolicyFactory.java:getPolicyInternal(86)) - Create container placement policy of type org.apache.hadoop.hdds.scm.container.placement.algorithms.SCMContainerPlacementRackScatter
2023-06-19 20:32:09,244 [Time-limited test] INFO  ha.SCMServiceManager (SCMServiceManager.java:register(42)) - Registering service BackgroundPipelineCreator.
2023-06-19 20:32:09,244 [Time-limited test] INFO  pipeline.BackgroundPipelineCreator (BackgroundPipelineCreator.java:start(124)) - Starting RatisPipelineUtilsThread.
2023-06-19 20:32:09,245 [Time-limited test] INFO  BackgroundPipelineScrubber (BackgroundSCMService.java:start(68)) - Starting BackgroundPipelineScrubber Service.
2023-06-19 20:32:09,245 [Time-limited test] INFO  ha.SCMServiceManager (SCMServiceManager.java:register(42)) - Registering service BackgroundPipelineScrubber.
2023-06-19 20:32:09,245 [Time-limited test] INFO  ExpiredContainerReplicaOpScrubber (BackgroundSCMService.java:start(68)) - Starting ExpiredContainerReplicaOpScrubber Service.
2023-06-19 20:32:09,246 [Time-limited test] INFO  ha.SCMServiceManager (SCMServiceManager.java:register(42)) - Registering service ExpiredContainerReplicaOpScrubber.
2023-06-19 20:32:09,247 [Time-limited test] INFO  algorithms.PipelineChoosePolicyFactory (PipelineChoosePolicyFactory.java:createPipelineChoosePolicyFromClass(73)) - Create pipeline choose policy of type org.apache.hadoop.hdds.scm.pipeline.choose.algorithms.RandomPipelineChoosePolicy
2023-06-19 20:32:09,248 [Time-limited test] INFO  ha.SCMServiceManager (SCMServiceManager.java:register(42)) - Registering service SCMBlockDeletingService.
2023-06-19 20:32:09,249 [Time-limited test] INFO  replication.ReplicationManager (ReplicationManager.java:start(286)) - Starting Replication Monitor Thread.
2023-06-19 20:32:09,250 [Time-limited test] INFO  ha.SCMServiceManager (SCMServiceManager.java:register(42)) - Registering service ReplicationManager.
2023-06-19 20:32:09,251 [Time-limited test] INFO  safemode.ContainerSafeModeRule (ContainerSafeModeRule.java:<init>(89)) - containers with one replica threshold count 0
2023-06-19 20:32:09,252 [Time-limited test] INFO  safemode.HealthyPipelineSafeModeRule (HealthyPipelineSafeModeRule.java:initializeRule(169)) - Total pipeline count is 0, healthy pipeline threshold count is 0
2023-06-19 20:32:09,252 [Time-limited test] INFO  safemode.OneReplicaPipelineSafeModeRule (OneReplicaPipelineSafeModeRule.java:initializeRule(180)) - Total pipeline count is 0, pipeline's with at least one datanode reported threshold count is 0
2023-06-19 20:32:09,260 [ReplicationMonitor] INFO  replication.ReplicationManager (ReplicationManager.java:processAll(361)) - Replication Manager is not ready to run until 300000ms after safemode exit
2023-06-19 20:32:09,260 [Time-limited test] INFO  authority.DefaultCAServer (DefaultCAServer.java:lambda$processVerificationStatus$0(465)) - CertificateServer validation is successful
2023-06-19 20:32:09,261 [Time-limited test] INFO  authority.DefaultCAServer (DefaultCAServer.java:lambda$processVerificationStatus$0(465)) - CertificateServer validation is successful
2023-06-19 20:32:09,262 [Time-limited test] INFO  server.StorageContainerManager (StorageContainerManager.java:persistPrimarySCMCerts(910)) - Storing sub-ca certificate serialId 5218552119512 on primary SCM
2023-06-19 20:32:09,263 [Time-limited test] INFO  server.StorageContainerManager (StorageContainerManager.java:persistPrimarySCMCerts(918)) - Storing root certificate serialId 1
2023-06-19 20:32:09,265 [Time-limited test] INFO  ipc.CallQueueManager (CallQueueManager.java:<init>(90)) - Using callQueue: class java.util.concurrent.LinkedBlockingQueue, queueCapacity: 200, scheduler: class org.apache.hadoop.ipc.DefaultRpcScheduler, ipcBackoff: false.
2023-06-19 20:32:09,265 [Socket Reader #1 for port 9961] INFO  ipc.Server (Server.java:run(1319)) - Starting Socket Reader #1 for port 9961
2023-06-19 20:32:09,269 [Listener at 0.0.0.0/9961] INFO  hdds.HddsUtils (HddsUtils.java:preserveThreadName(848)) - Restoring thread name: Time-limited test
2023-06-19 20:32:09,269 [Time-limited test] INFO  ha.SCMServiceManager (SCMServiceManager.java:register(42)) - Registering service RootCARotationManager.
2023-06-19 20:32:09,270 [Time-limited test] INFO  server.StorageContainerManager (StorageContainerManager.java:<init>(414)) - SCM start with adminUsers: [om/fv-az616-238@EXAMPLE.COM, scm]
2023-06-19 20:32:09,270 [Time-limited test] INFO  ipc.CallQueueManager (CallQueueManager.java:<init>(90)) - Using callQueue: class java.util.concurrent.LinkedBlockingQueue, queueCapacity: 10000, scheduler: class org.apache.hadoop.ipc.DefaultRpcScheduler, ipcBackoff: false.
2023-06-19 20:32:09,271 [Socket Reader #1 for port 9861] INFO  ipc.Server (Server.java:run(1319)) - Starting Socket Reader #1 for port 9861
2023-06-19 20:32:09,276 [Listener at 0.0.0.0/9861] INFO  hdds.HddsUtils (HddsUtils.java:preserveThreadName(848)) - Restoring thread name: Time-limited test
2023-06-19 20:32:09,276 [Time-limited test] INFO  ipc.CallQueueManager (CallQueueManager.java:<init>(90)) - Using callQueue: class java.util.concurrent.LinkedBlockingQueue, queueCapacity: 10000, scheduler: class org.apache.hadoop.ipc.DefaultRpcScheduler, ipcBackoff: false.
2023-06-19 20:32:09,277 [Socket Reader #1 for port 9863] INFO  ipc.Server (Server.java:run(1319)) - Starting Socket Reader #1 for port 9863
2023-06-19 20:32:09,278 [Listener at 0.0.0.0/9863] INFO  hdds.HddsUtils (HddsUtils.java:preserveThreadName(848)) - Restoring thread name: Time-limited test
2023-06-19 20:32:09,278 [Time-limited test] INFO  ipc.CallQueueManager (CallQueueManager.java:<init>(90)) - Using callQueue: class java.util.concurrent.LinkedBlockingQueue, queueCapacity: 10000, scheduler: class org.apache.hadoop.ipc.DefaultRpcScheduler, ipcBackoff: false.
2023-06-19 20:32:09,279 [Socket Reader #1 for port 9860] INFO  ipc.Server (Server.java:run(1319)) - Starting Socket Reader #1 for port 9860
2023-06-19 20:32:09,281 [Listener at 0.0.0.0/9860] INFO  hdds.HddsUtils (HddsUtils.java:preserveThreadName(848)) - Restoring thread name: Time-limited test
2023-06-19 20:32:09,288 [Time-limited test] INFO  ha.SCMServiceManager (SCMServiceManager.java:register(42)) - Registering service ContainerBalancer.
2023-06-19 20:32:09,289 [Time-limited test] INFO  server.StorageContainerManager (StorageContainerManager.java:<init>(427)) - 
Container Balancer status:
Key                            Value
Running                        false
Container Balancer Configuration values:
Key                                                Value
Threshold                                          10
Max Datanodes to Involve per Iteration(percent)    20
Max Size to Move per Iteration                     500GB
Max Size Entering Target per Iteration             26GB
Max Size Leaving Source per Iteration              26GB

2023-06-19 20:32:09,289 [Time-limited test] INFO  ha.SCMContext (SCMContext.java:updateSafeModeStatus(228)) - Update SafeModeStatus from SafeModeStatus{safeModeStatus=true, preCheckPassed=false} to SafeModeStatus{safeModeStatus=true, preCheckPassed=false}.
2023-06-19 20:32:09,292 [Time-limited test] INFO  impl.DefaultInternalKdcServerImpl (DefaultInternalKdcServerImpl.java:doStop(102)) - Default Internal kdc server stopped.
2023-06-19 20:32:10,292 [Time-limited test] INFO  minikdc.MiniKdc (MiniKdc.java:stop(359)) - MiniKdc stopped.
2023-06-19 20:32:10,292 [Time-limited test] INFO  server.StorageContainerManager (StorageContainerManager.java:stop(1584)) - Container Balancer is not running.
2023-06-19 20:32:10,292 [Time-limited test] INFO  server.StorageContainerManager (StorageContainerManager.java:stopReplicationManager(1717)) - Stopping Replication Manager Service.
2023-06-19 20:32:10,293 [Time-limited test] INFO  replication.ReplicationManager (ReplicationManager.java:stop(319)) - Stopping Replication Monitor Thread.
2023-06-19 20:32:10,293 [Time-limited test] INFO  server.StorageContainerManager (StorageContainerManager.java:stop(1593)) - Stopping the Datanode Admin Monitor.
2023-06-19 20:32:10,293 [Under Replicated Processor] WARN  replication.UnhealthyReplicationProcessor (UnhealthyReplicationProcessor.java:run(180)) - Under Replicated Processor interrupted. Exiting...
2023-06-19 20:32:10,293 [ReplicationMonitor] INFO  replication.ReplicationManager (ReplicationManager.java:run(918)) - Replication Monitor Thread is stopped
2023-06-19 20:32:10,293 [Time-limited test] INFO  server.StorageContainerManager (StorageContainerManager.java:stop(1600)) - Stopping datanode service RPC server
2023-06-19 20:32:10,293 [Time-limited test] INFO  server.SCMDatanodeProtocolServer (SCMDatanodeProtocolServer.java:stop(424)) - Stopping the RPC server for DataNodes
2023-06-19 20:32:10,293 [Over Replicated Processor] WARN  replication.UnhealthyReplicationProcessor (UnhealthyReplicationProcessor.java:run(180)) - Over Replicated Processor interrupted. Exiting...
2023-06-19 20:32:10,294 [Time-limited test] INFO  ipc.Server (Server.java:stop(3501)) - Stopping server on 9861
2023-06-19 20:32:12,242 [SCM Heartbeat Processing Thread - 0] WARN  node.NodeStateManager (NodeStateManager.java:scheduleNextHealthCheck(870)) - Current Thread is interrupted, shutting down HB processing thread for Node Manager.
2023-06-19 20:32:12,242 [Time-limited test] INFO  server.StorageContainerManager (StorageContainerManager.java:stop(1608)) - Stopping block service RPC server
2023-06-19 20:32:12,243 [Time-limited test] INFO  server.SCMBlockProtocolServer (SCMBlockProtocolServer.java:stop(161)) - Stopping the RPC server for Block Protocol
2023-06-19 20:32:12,243 [Time-limited test] INFO  ipc.Server (Server.java:stop(3501)) - Stopping server on 9863
2023-06-19 20:32:12,243 [Time-limited test] INFO  server.StorageContainerManager (StorageContainerManager.java:stop(1615)) - Stopping the StorageContainerLocationProtocol RPC server
2023-06-19 20:32:12,243 [Time-limited test] INFO  server.SCMClientProtocolServer (SCMClientProtocolServer.java:stop(210)) - Stopping the RPC server for Client Protocol
2023-06-19 20:32:12,243 [Time-limited test] INFO  ipc.Server (Server.java:stop(3501)) - Stopping server on 9860
2023-06-19 20:32:12,244 [Time-limited test] INFO  server.StorageContainerManager (StorageContainerManager.java:stop(1622)) - Stopping Storage Container Manager HTTP server.
2023-06-19 20:32:12,244 [Time-limited test] INFO  server.StorageContainerManager (StorageContainerManager.java:stop(1630)) - Stopping SCM LayoutVersionManager Service.
2023-06-19 20:32:12,244 [Time-limited test] INFO  server.SCMSecurityProtocolServer (SCMSecurityProtocolServer.java:stop(473)) - Stopping the SCMSecurityProtocolServer.
2023-06-19 20:32:12,244 [Time-limited test] INFO  ipc.Server (Server.java:stop(3501)) - Stopping server on 9961
2023-06-19 20:32:12,245 [Time-limited test] INFO  server.SCMUpdateServiceGrpcServer (SCMUpdateServiceGrpcServer.java:stop(73)) - SCMUpdateService stopping
2023-06-19 20:32:12,245 [Time-limited test] INFO  server.StorageContainerManager (StorageContainerManager.java:stop(1642)) - Stopping Block Manager Service.
2023-06-19 20:32:12,245 [Time-limited test] INFO  utils.BackgroundService (BackgroundService.java:shutdown(141)) - Shutting down service SCMBlockDeletingService
2023-06-19 20:32:12,245 [Time-limited test] INFO  utils.BackgroundService (BackgroundService.java:shutdown(141)) - Shutting down service SCMBlockDeletingService
2023-06-19 20:32:12,245 [Time-limited test] INFO  server.StorageContainerManager (StorageContainerManager.java:stop(1662)) - Stopping SCM Event Queue.
2023-06-19 20:32:12,245 [Time-limited test] INFO  server.StorageContainerManager (StorageContainerManager.java:stop(1673)) - Stopping SCM HA services.
2023-06-19 20:32:12,246 [Time-limited test] INFO  pipeline.BackgroundPipelineCreator (BackgroundPipelineCreator.java:stop(149)) - Stopping RatisPipelineUtilsThread.
2023-06-19 20:32:12,246 [RatisPipelineUtilsThread - 0] WARN  pipeline.BackgroundPipelineCreator (BackgroundPipelineCreator.java:run(180)) - RatisPipelineUtilsThread is interrupted.
2023-06-19 20:32:12,246 [Time-limited test] INFO  BackgroundPipelineScrubber (BackgroundSCMService.java:stop(131)) - Stopping BackgroundPipelineScrubber Service.
2023-06-19 20:32:12,246 [BackgroundPipelineScrubberThread] WARN  BackgroundPipelineScrubber (BackgroundSCMService.java:run(115)) - BackgroundPipelineScrubber is interrupted, exit
2023-06-19 20:32:12,246 [Time-limited test] WARN  pipeline.BackgroundPipelineCreator (BackgroundPipelineCreator.java:stop(145)) - RatisPipelineUtilsThread is not running, just ignore.
2023-06-19 20:32:12,246 [Time-limited test] INFO  BackgroundPipelineScrubber (BackgroundSCMService.java:stop(126)) - BackgroundPipelineScrubber Service is not running, skip stop.
2023-06-19 20:32:12,246 [Time-limited test] INFO  ExpiredContainerReplicaOpScrubber (BackgroundSCMService.java:stop(131)) - Stopping ExpiredContainerReplicaOpScrubber Service.
2023-06-19 20:32:12,246 [ExpiredContainerReplicaOpScrubberThread] WARN  ExpiredContainerReplicaOpScrubber (BackgroundSCMService.java:run(115)) - ExpiredContainerReplicaOpScrubber is interrupted, exit
2023-06-19 20:32:12,246 [Time-limited test] INFO  utils.BackgroundService (BackgroundService.java:shutdown(141)) - Shutting down service SCMBlockDeletingService
2023-06-19 20:32:12,247 [Time-limited test] INFO  replication.ReplicationManager (ReplicationManager.java:stop(329)) - Replication Monitor Thread is not running.
2023-06-19 20:32:12,247 [Time-limited test] WARN  balancer.ContainerBalancer (ContainerBalancer.java:stop(328)) - Cannot stop Container Balancer because it's not running or stopping
2023-06-19 20:32:12,247 [Time-limited test] INFO  server.StorageContainerManager (StorageContainerManager.java:stop(1708)) - Stopping SCM MetadataStore.
2023-06-19 20:32:12,251 [Time-limited test] INFO  server.SCMSecurityProtocolServer (SCMSecurityProtocolServer.java:join(483)) - Join RPC server for SCMSecurityProtocolServer.
2023-06-19 20:32:12,251 [Time-limited test] INFO  server.SCMSecurityProtocolServer (SCMSecurityProtocolServer.java:join(485)) - Join gRPC server for SCMSecurityProtocolServer.
]]></system-out>
  </testcase>
  <testcase name="testCertificateRotationRecoverableFailure" classname="org.apache.hadoop.ozone.TestSecureOzoneCluster" time="25.318">
    <system-out><![CDATA[2023-06-19 20:32:12,275 [Time-limited test] INFO  net.ServerSocketUtil (ServerSocketUtil.java:getPort(55)) - Using port 9860
2023-06-19 20:32:12,276 [Time-limited test] INFO  net.ServerSocketUtil (ServerSocketUtil.java:getPort(55)) - Using port 9861
2023-06-19 20:32:12,276 [Time-limited test] INFO  net.ServerSocketUtil (ServerSocketUtil.java:getPort(55)) - Using port 9863
2023-06-19 20:32:12,276 [Time-limited test] INFO  net.ServerSocketUtil (ServerSocketUtil.java:getPort(55)) - Using port 9961
2023-06-19 20:32:12,276 [Time-limited test] INFO  net.ServerSocketUtil (ServerSocketUtil.java:getPort(55)) - Using port 1200
2023-06-19 20:32:12,276 [Time-limited test] INFO  net.ServerSocketUtil (ServerSocketUtil.java:getPort(55)) - Using port 1201
2023-06-19 20:32:12,277 [Time-limited test] INFO  minikdc.MiniKdc (MiniKdc.java:<init>(225)) - Configuration:
2023-06-19 20:32:12,277 [Time-limited test] INFO  minikdc.MiniKdc (MiniKdc.java:<init>(226)) - ---------------------------------------------------------------
2023-06-19 20:32:12,277 [Time-limited test] INFO  minikdc.MiniKdc (MiniKdc.java:<init>(228)) -   debug: false
2023-06-19 20:32:12,277 [Time-limited test] INFO  minikdc.MiniKdc (MiniKdc.java:<init>(228)) -   transport: TCP
2023-06-19 20:32:12,277 [Time-limited test] INFO  minikdc.MiniKdc (MiniKdc.java:<init>(228)) -   max.ticket.lifetime: 86400000
2023-06-19 20:32:12,277 [Time-limited test] INFO  minikdc.MiniKdc (MiniKdc.java:<init>(228)) -   org.name: EXAMPLE
2023-06-19 20:32:12,277 [Time-limited test] INFO  minikdc.MiniKdc (MiniKdc.java:<init>(228)) -   kdc.port: 0
2023-06-19 20:32:12,277 [Time-limited test] INFO  minikdc.MiniKdc (MiniKdc.java:<init>(228)) -   org.domain: COM
2023-06-19 20:32:12,277 [Time-limited test] INFO  minikdc.MiniKdc (MiniKdc.java:<init>(228)) -   max.renewable.lifetime: 604800000
2023-06-19 20:32:12,277 [Time-limited test] INFO  minikdc.MiniKdc (MiniKdc.java:<init>(228)) -   instance: DefaultKrbServer
2023-06-19 20:32:12,277 [Time-limited test] INFO  minikdc.MiniKdc (MiniKdc.java:<init>(228)) -   kdc.bind.address: localhost
2023-06-19 20:32:12,278 [Time-limited test] INFO  minikdc.MiniKdc (MiniKdc.java:<init>(230)) - ---------------------------------------------------------------
2023-06-19 20:32:12,284 [Time-limited test] INFO  minikdc.MiniKdc (MiniKdc.java:start(285)) - MiniKdc started.
2023-06-19 20:32:12,471 [Time-limited test] WARN  server.ServerUtils (ServerUtils.java:getDBPath(311)) - ozone.om.db.dirs is not configured. We recommend adding this setting. Falling back to ozone.metadata.dirs instead.
2023-06-19 20:32:12,476 [Time-limited test] INFO  utils.SelfSignedCertificate (SelfSignedCertificate.java:generateCertificate(158)) - Certificate 5221988 is issued by CN=localhost,OU=test,O=cluster to CN=localhost,OU=test,O=cluster, valid from Mon Jun 19 20:32:12 UTC 2023 to Mon Jun 19 20:32:32 UTC 2023
2023-06-19 20:32:12,481 [Time-limited test] INFO  security.OMCertificateClient (DefaultCertificateClient.java:readCertificateFile(196)) - Added certificate   [0]         Version: 3
         SerialNumber: 5221988
             IssuerDN: CN=localhost,OU=test,O=cluster
           Start Date: Mon Jun 19 20:32:12 UTC 2023
           Final Date: Mon Jun 19 20:32:32 UTC 2023
            SubjectDN: CN=localhost,OU=test,O=cluster
           Public Key: RSA Public Key [9f:63:4b:56:c3:94:06:98:5d:86:7c:53:9d:2d:58:8c:77:f3:dc:00],[56:66:d1:a4]
        modulus: 90a913b9956a15d2e6f4e493878e7d704e11538017565afe8a1ae498bd405529af7a1b00396a462947c9a947c08ad44f72dec5cc8b511f10d6855cb869548551bf5caa24e522f5954868bcfb31e74868eb403c7ed45b84a800e8c1a213899ad625f50904d38c8c55b562c2b3f4c38ece09526cbc81e237a3440fe908bd3db3de882df58746a5f48eb215754cb307942271e1b91bb80fa207124242e2265ad10a162019e4d2e7e56446f40e476843c77126cb3506ba7a3cc5df442f4cccaea499e7bdc47d7ae4e2da20cad98e5a963069dc34ce09c8421f989866f30287b2a75b1cec32a63a0533da5c26a1491d16cdf621fa07387c19dffa95c6cba56445049f
public exponent: 10001

  Signature Algorithm: SHA256WITHRSA
            Signature: 396efefa45ef418d0ca89ca7b8e1fae83558db76
                       0b968ed973ebd9dbf144d718cb8442e027d29f7e
                       351b9d343dd5bdd36972ff05ffca3d7e1d0e2a45
                       83fac429f7fd9eebc9e60455b1b052c449b89ce0
                       4bc49ad92dfd8920dbdec54584da0519a9c5b46e
                       2c00839106c7817f1e9e79cbca8fc16e9ccd232b
                       9c9bc5174f39004f776a661dd51129bec1f56fc0
                       e809b873dcff7dabe31495019d895acd1072ff08
                       3027b2181f6e3fdf864e22f725bcd43fab790088
                       3f39f167843cbb519f8ddbd5972f877e4f8cf2e6
                       ae6ed241acea4bd43ac768a1b866c8ca96596b1f
                       9e85c9cc5b53b795f25439fd4bfb219cdba0d4a5
                       6019afa26c5bf59bc9cf8286dad7f833
 from file: /tmp/junit2531278927295450987/junit4030736392081747512/om-meta/om/certs/certificate.crt.
2023-06-19 20:32:12,489 [Time-limited test] INFO  security.OMCertificateClient (DefaultCertificateClient.java:startCertificateMonitor(1260)) - CertificateLifetimeMonitor for om is started with first delay 9519 ms and interval 3333 ms.
2023-06-19 20:32:12,490 [Time-limited test] INFO  om.OzoneManager (OzoneManager.java:getOmDetailsProto(4486)) - OzoneManager ports added:[name: "RPC"
value: 1202
]
2023-06-19 20:32:12,491 [Time-limited test] INFO  security.OMCertificateClient (DefaultCertificateClient.java:init(692)) - Certificate client init case: 7
2023-06-19 20:32:12,491 [Time-limited test] INFO  security.OMCertificateClient (CommonCertificateClient.java:handleCase(104)) - Found certificate file along with KeyPair.
2023-06-19 20:32:12,501 [Time-limited test] INFO  security.OMCertificateClient (DefaultCertificateClient.java:validateKeyPairAndCertificate(790)) - Keypair validated.
2023-06-19 20:32:12,507 [Time-limited test] INFO  security.OMCertificateClient (DefaultCertificateClient.java:validateKeyPairAndCertificate(793)) - Keypair validated with certificate.
2023-06-19 20:32:12,528 [Time-limited test] INFO  utils.SelfSignedCertificate (SelfSignedCertificate.java:generateCertificate(158)) - Certificate 5222041 is issued by CN=localhost,OU=test,O=cluster to CN=localhost,OU=test,O=cluster, valid from Mon Jun 19 20:32:22 UTC 2023 to Mon Jun 19 20:32:42 UTC 2023
2023-06-19 20:32:22,001 [om-CertificateLifetimeMonitor] INFO  security.OMCertificateClient (DefaultCertificateClient.java:run(1290)) - Current certificate has entered the expiry grace period PT0S. Starting renew key and certs.
2023-06-19 20:32:22,323 [om-CertificateLifetimeMonitor] INFO  ozone.OzoneSecurityUtil (OzoneSecurityUtil.java:getValidInetsForCurrentHost(119)) - ip:fe80:0:0:0:20d:3aff:fe5b:c2ca%eth0 not returned.
2023-06-19 20:32:22,329 [om-CertificateLifetimeMonitor] INFO  ozone.OzoneSecurityUtil (OzoneSecurityUtil.java:getValidInetsForCurrentHost(116)) - Adding ip:10.1.0.14,host:fv-az616-238
2023-06-19 20:32:22,329 [om-CertificateLifetimeMonitor] INFO  ozone.OzoneSecurityUtil (OzoneSecurityUtil.java:getValidInetsForCurrentHost(119)) - ip:0:0:0:0:0:0:0:1%lo not returned.
2023-06-19 20:32:22,329 [om-CertificateLifetimeMonitor] INFO  ozone.OzoneSecurityUtil (OzoneSecurityUtil.java:getValidInetsForCurrentHost(119)) - ip:127.0.0.1 not returned.
2023-06-19 20:32:22,329 [om-CertificateLifetimeMonitor] ERROR utils.CertificateSignRequest (CertificateSignRequest.java:lambda$addInetAddresses$0(296)) - Invalid domain fv-az616-238
2023-06-19 20:32:22,329 [om-CertificateLifetimeMonitor] INFO  ha.OMHANodeDetails (OMHANodeDetails.java:loadOMHAConfig(115)) - ozone.om.internal.service.id is not defined, falling back to ozone.om.service.ids to find serviceID for OzoneManager if it is HA enabled cluster
2023-06-19 20:32:22,330 [om-CertificateLifetimeMonitor] INFO  ha.OMHANodeDetails (OMHANodeDetails.java:loadOMHAConfig(226)) - Configuration does not have ozone.om.address set. Falling back to the default OM address fv-az616-238/10.1.0.14:1202
2023-06-19 20:32:22,330 [om-CertificateLifetimeMonitor] INFO  ha.OMHANodeDetails (OMHANodeDetails.java:getOMNodeDetailsForNonHA(254)) - OM Service ID is not set. Setting it to the default ID: omServiceIdDefault
2023-06-19 20:32:22,330 [om-CertificateLifetimeMonitor] INFO  ha.OMHANodeDetails (OMHANodeDetails.java:getOMNodeDetailsForNonHA(261)) - OM Node ID is not set. Setting it to the default ID: om1
2023-06-19 20:32:22,330 [om-CertificateLifetimeMonitor] INFO  security.OMCertificateClient (OMCertificateClient.java:getCSRBuilder(117)) - Creating csr for OM->dns:fv-az616-238,ip:10.1.0.14,scmId:235da302-ae51-4a52-8b37-522e5403dd97,clusterId:4264924d-769c-48ba-b8ba-8575e6b18588,subject:fv-az616-238
2023-06-19 20:32:22,335 [om-CertificateLifetimeMonitor] ERROR security.OMCertificateClient (OMCertificateClient.java:signAndStoreCertificate(154)) - Error while signing and storing SCM signed certificate.
org.apache.hadoop.hdds.security.x509.exception.CertificateException: Unable to retrieve OM certificate chain.
	at org.apache.hadoop.ozone.security.OMCertificateClient.signAndStoreCertificate(OMCertificateClient.java:150)
	at org.apache.hadoop.hdds.security.x509.certificate.client.DefaultCertificateClient.renewAndStoreKeyAndCertificate(DefaultCertificateClient.java:1043)
	at org.apache.hadoop.hdds.security.x509.certificate.client.DefaultCertificateClient$CertificateLifetimeMonitor.run(DefaultCertificateClient.java:1293)
	at java.util.concurrent.Executors$RunnableAdapter.call(Executors.java:511)
	at java.util.concurrent.FutureTask.runAndReset(FutureTask.java:308)
	at java.util.concurrent.ScheduledThreadPoolExecutor$ScheduledFutureTask.access$301(ScheduledThreadPoolExecutor.java:180)
	at java.util.concurrent.ScheduledThreadPoolExecutor$ScheduledFutureTask.run(ScheduledThreadPoolExecutor.java:294)
	at java.util.concurrent.ThreadPoolExecutor.runWorker(ThreadPoolExecutor.java:1149)
	at java.util.concurrent.ThreadPoolExecutor$Worker.run(ThreadPoolExecutor.java:624)
	at java.lang.Thread.run(Thread.java:750)
2023-06-19 20:32:22,336 [om-CertificateLifetimeMonitor] ERROR security.OMCertificateClient (DefaultCertificateClient.java:run(1303)) - Failed to renew and store key and cert. Keep using existing certificates.
org.apache.hadoop.hdds.security.x509.exception.CertificateException: Error while signing and storing new certificates.
	at org.apache.hadoop.hdds.security.x509.certificate.client.DefaultCertificateClient.renewAndStoreKeyAndCertificate(DefaultCertificateClient.java:1046)
	at org.apache.hadoop.hdds.security.x509.certificate.client.DefaultCertificateClient$CertificateLifetimeMonitor.run(DefaultCertificateClient.java:1293)
	at java.util.concurrent.Executors$RunnableAdapter.call(Executors.java:511)
	at java.util.concurrent.FutureTask.runAndReset(FutureTask.java:308)
	at java.util.concurrent.ScheduledThreadPoolExecutor$ScheduledFutureTask.access$301(ScheduledThreadPoolExecutor.java:180)
	at java.util.concurrent.ScheduledThreadPoolExecutor$ScheduledFutureTask.run(ScheduledThreadPoolExecutor.java:294)
	at java.util.concurrent.ThreadPoolExecutor.runWorker(ThreadPoolExecutor.java:1149)
	at java.util.concurrent.ThreadPoolExecutor$Worker.run(ThreadPoolExecutor.java:624)
	at java.lang.Thread.run(Thread.java:750)
Caused by: org.apache.hadoop.hdds.security.x509.exception.CertificateException: Error while signing and storing SCM signed certificate.
	at org.apache.hadoop.ozone.security.OMCertificateClient.signAndStoreCertificate(OMCertificateClient.java:155)
	at org.apache.hadoop.hdds.security.x509.certificate.client.DefaultCertificateClient.renewAndStoreKeyAndCertificate(DefaultCertificateClient.java:1043)
	... 8 more
Caused by: org.apache.hadoop.hdds.security.x509.exception.CertificateException: Unable to retrieve OM certificate chain.
	at org.apache.hadoop.ozone.security.OMCertificateClient.signAndStoreCertificate(OMCertificateClient.java:150)
	... 9 more
2023-06-19 20:32:25,334 [om-CertificateLifetimeMonitor] INFO  security.OMCertificateClient (DefaultCertificateClient.java:run(1290)) - Current certificate has entered the expiry grace period PT0S. Starting renew key and certs.
2023-06-19 20:32:25,416 [om-CertificateLifetimeMonitor] INFO  ozone.OzoneSecurityUtil (OzoneSecurityUtil.java:getValidInetsForCurrentHost(119)) - ip:fe80:0:0:0:20d:3aff:fe5b:c2ca%eth0 not returned.
2023-06-19 20:32:25,416 [om-CertificateLifetimeMonitor] INFO  ozone.OzoneSecurityUtil (OzoneSecurityUtil.java:getValidInetsForCurrentHost(116)) - Adding ip:10.1.0.14,host:fv-az616-238
2023-06-19 20:32:25,416 [om-CertificateLifetimeMonitor] INFO  ozone.OzoneSecurityUtil (OzoneSecurityUtil.java:getValidInetsForCurrentHost(119)) - ip:0:0:0:0:0:0:0:1%lo not returned.
2023-06-19 20:32:25,417 [om-CertificateLifetimeMonitor] INFO  ozone.OzoneSecurityUtil (OzoneSecurityUtil.java:getValidInetsForCurrentHost(119)) - ip:127.0.0.1 not returned.
2023-06-19 20:32:25,417 [om-CertificateLifetimeMonitor] ERROR utils.CertificateSignRequest (CertificateSignRequest.java:lambda$addInetAddresses$0(296)) - Invalid domain fv-az616-238
2023-06-19 20:32:25,417 [om-CertificateLifetimeMonitor] INFO  ha.OMHANodeDetails (OMHANodeDetails.java:loadOMHAConfig(115)) - ozone.om.internal.service.id is not defined, falling back to ozone.om.service.ids to find serviceID for OzoneManager if it is HA enabled cluster
2023-06-19 20:32:25,417 [om-CertificateLifetimeMonitor] INFO  ha.OMHANodeDetails (OMHANodeDetails.java:loadOMHAConfig(226)) - Configuration does not have ozone.om.address set. Falling back to the default OM address fv-az616-238/10.1.0.14:1202
2023-06-19 20:32:25,417 [om-CertificateLifetimeMonitor] INFO  ha.OMHANodeDetails (OMHANodeDetails.java:getOMNodeDetailsForNonHA(254)) - OM Service ID is not set. Setting it to the default ID: omServiceIdDefault
2023-06-19 20:32:25,417 [om-CertificateLifetimeMonitor] INFO  ha.OMHANodeDetails (OMHANodeDetails.java:getOMNodeDetailsForNonHA(261)) - OM Node ID is not set. Setting it to the default ID: om1
2023-06-19 20:32:25,417 [om-CertificateLifetimeMonitor] INFO  security.OMCertificateClient (OMCertificateClient.java:getCSRBuilder(117)) - Creating csr for OM->dns:fv-az616-238,ip:10.1.0.14,scmId:235da302-ae51-4a52-8b37-522e5403dd97,clusterId:4264924d-769c-48ba-b8ba-8575e6b18588,subject:fv-az616-238
2023-06-19 20:32:25,421 [om-CertificateLifetimeMonitor] ERROR security.OMCertificateClient (OMCertificateClient.java:signAndStoreCertificate(154)) - Error while signing and storing SCM signed certificate.
org.apache.hadoop.hdds.security.x509.exception.CertificateException: Unable to retrieve OM certificate chain.
	at org.apache.hadoop.ozone.security.OMCertificateClient.signAndStoreCertificate(OMCertificateClient.java:150)
	at org.apache.hadoop.hdds.security.x509.certificate.client.DefaultCertificateClient.renewAndStoreKeyAndCertificate(DefaultCertificateClient.java:1043)
	at org.apache.hadoop.hdds.security.x509.certificate.client.DefaultCertificateClient$CertificateLifetimeMonitor.run(DefaultCertificateClient.java:1293)
	at java.util.concurrent.Executors$RunnableAdapter.call(Executors.java:511)
	at java.util.concurrent.FutureTask.runAndReset(FutureTask.java:308)
	at java.util.concurrent.ScheduledThreadPoolExecutor$ScheduledFutureTask.access$301(ScheduledThreadPoolExecutor.java:180)
	at java.util.concurrent.ScheduledThreadPoolExecutor$ScheduledFutureTask.run(ScheduledThreadPoolExecutor.java:294)
	at java.util.concurrent.ThreadPoolExecutor.runWorker(ThreadPoolExecutor.java:1149)
	at java.util.concurrent.ThreadPoolExecutor$Worker.run(ThreadPoolExecutor.java:624)
	at java.lang.Thread.run(Thread.java:750)
2023-06-19 20:32:25,421 [om-CertificateLifetimeMonitor] ERROR security.OMCertificateClient (DefaultCertificateClient.java:run(1303)) - Failed to renew and store key and cert. Keep using existing certificates.
org.apache.hadoop.hdds.security.x509.exception.CertificateException: Error while signing and storing new certificates.
	at org.apache.hadoop.hdds.security.x509.certificate.client.DefaultCertificateClient.renewAndStoreKeyAndCertificate(DefaultCertificateClient.java:1046)
	at org.apache.hadoop.hdds.security.x509.certificate.client.DefaultCertificateClient$CertificateLifetimeMonitor.run(DefaultCertificateClient.java:1293)
	at java.util.concurrent.Executors$RunnableAdapter.call(Executors.java:511)
	at java.util.concurrent.FutureTask.runAndReset(FutureTask.java:308)
	at java.util.concurrent.ScheduledThreadPoolExecutor$ScheduledFutureTask.access$301(ScheduledThreadPoolExecutor.java:180)
	at java.util.concurrent.ScheduledThreadPoolExecutor$ScheduledFutureTask.run(ScheduledThreadPoolExecutor.java:294)
	at java.util.concurrent.ThreadPoolExecutor.runWorker(ThreadPoolExecutor.java:1149)
	at java.util.concurrent.ThreadPoolExecutor$Worker.run(ThreadPoolExecutor.java:624)
	at java.lang.Thread.run(Thread.java:750)
Caused by: org.apache.hadoop.hdds.security.x509.exception.CertificateException: Error while signing and storing SCM signed certificate.
	at org.apache.hadoop.ozone.security.OMCertificateClient.signAndStoreCertificate(OMCertificateClient.java:155)
	at org.apache.hadoop.hdds.security.x509.certificate.client.DefaultCertificateClient.renewAndStoreKeyAndCertificate(DefaultCertificateClient.java:1043)
	... 8 more
Caused by: org.apache.hadoop.hdds.security.x509.exception.CertificateException: Unable to retrieve OM certificate chain.
	at org.apache.hadoop.ozone.security.OMCertificateClient.signAndStoreCertificate(OMCertificateClient.java:150)
	... 9 more
2023-06-19 20:32:28,667 [om-CertificateLifetimeMonitor] INFO  security.OMCertificateClient (DefaultCertificateClient.java:run(1290)) - Current certificate has entered the expiry grace period PT0S. Starting renew key and certs.
2023-06-19 20:32:29,030 [om-CertificateLifetimeMonitor] INFO  ozone.OzoneSecurityUtil (OzoneSecurityUtil.java:getValidInetsForCurrentHost(119)) - ip:fe80:0:0:0:20d:3aff:fe5b:c2ca%eth0 not returned.
2023-06-19 20:32:29,031 [om-CertificateLifetimeMonitor] INFO  ozone.OzoneSecurityUtil (OzoneSecurityUtil.java:getValidInetsForCurrentHost(116)) - Adding ip:10.1.0.14,host:fv-az616-238
2023-06-19 20:32:29,031 [om-CertificateLifetimeMonitor] INFO  ozone.OzoneSecurityUtil (OzoneSecurityUtil.java:getValidInetsForCurrentHost(119)) - ip:0:0:0:0:0:0:0:1%lo not returned.
2023-06-19 20:32:29,031 [om-CertificateLifetimeMonitor] INFO  ozone.OzoneSecurityUtil (OzoneSecurityUtil.java:getValidInetsForCurrentHost(119)) - ip:127.0.0.1 not returned.
2023-06-19 20:32:29,031 [om-CertificateLifetimeMonitor] ERROR utils.CertificateSignRequest (CertificateSignRequest.java:lambda$addInetAddresses$0(296)) - Invalid domain fv-az616-238
2023-06-19 20:32:29,031 [om-CertificateLifetimeMonitor] INFO  ha.OMHANodeDetails (OMHANodeDetails.java:loadOMHAConfig(115)) - ozone.om.internal.service.id is not defined, falling back to ozone.om.service.ids to find serviceID for OzoneManager if it is HA enabled cluster
2023-06-19 20:32:29,031 [om-CertificateLifetimeMonitor] INFO  ha.OMHANodeDetails (OMHANodeDetails.java:loadOMHAConfig(226)) - Configuration does not have ozone.om.address set. Falling back to the default OM address fv-az616-238/10.1.0.14:1202
2023-06-19 20:32:29,032 [om-CertificateLifetimeMonitor] INFO  ha.OMHANodeDetails (OMHANodeDetails.java:getOMNodeDetailsForNonHA(254)) - OM Service ID is not set. Setting it to the default ID: omServiceIdDefault
2023-06-19 20:32:29,032 [om-CertificateLifetimeMonitor] INFO  ha.OMHANodeDetails (OMHANodeDetails.java:getOMNodeDetailsForNonHA(261)) - OM Node ID is not set. Setting it to the default ID: om1
2023-06-19 20:32:29,032 [om-CertificateLifetimeMonitor] INFO  security.OMCertificateClient (OMCertificateClient.java:getCSRBuilder(117)) - Creating csr for OM->dns:fv-az616-238,ip:10.1.0.14,scmId:235da302-ae51-4a52-8b37-522e5403dd97,clusterId:4264924d-769c-48ba-b8ba-8575e6b18588,subject:fv-az616-238
2023-06-19 20:32:29,035 [om-CertificateLifetimeMonitor] ERROR security.OMCertificateClient (OMCertificateClient.java:signAndStoreCertificate(154)) - Error while signing and storing SCM signed certificate.
org.apache.hadoop.hdds.security.x509.exception.CertificateException: Unable to retrieve OM certificate chain.
	at org.apache.hadoop.ozone.security.OMCertificateClient.signAndStoreCertificate(OMCertificateClient.java:150)
	at org.apache.hadoop.hdds.security.x509.certificate.client.DefaultCertificateClient.renewAndStoreKeyAndCertificate(DefaultCertificateClient.java:1043)
	at org.apache.hadoop.hdds.security.x509.certificate.client.DefaultCertificateClient$CertificateLifetimeMonitor.run(DefaultCertificateClient.java:1293)
	at java.util.concurrent.Executors$RunnableAdapter.call(Executors.java:511)
	at java.util.concurrent.FutureTask.runAndReset(FutureTask.java:308)
	at java.util.concurrent.ScheduledThreadPoolExecutor$ScheduledFutureTask.access$301(ScheduledThreadPoolExecutor.java:180)
	at java.util.concurrent.ScheduledThreadPoolExecutor$ScheduledFutureTask.run(ScheduledThreadPoolExecutor.java:294)
	at java.util.concurrent.ThreadPoolExecutor.runWorker(ThreadPoolExecutor.java:1149)
	at java.util.concurrent.ThreadPoolExecutor$Worker.run(ThreadPoolExecutor.java:624)
	at java.lang.Thread.run(Thread.java:750)
2023-06-19 20:32:29,035 [om-CertificateLifetimeMonitor] ERROR security.OMCertificateClient (DefaultCertificateClient.java:run(1303)) - Failed to renew and store key and cert. Keep using existing certificates.
org.apache.hadoop.hdds.security.x509.exception.CertificateException: Error while signing and storing new certificates.
	at org.apache.hadoop.hdds.security.x509.certificate.client.DefaultCertificateClient.renewAndStoreKeyAndCertificate(DefaultCertificateClient.java:1046)
	at org.apache.hadoop.hdds.security.x509.certificate.client.DefaultCertificateClient$CertificateLifetimeMonitor.run(DefaultCertificateClient.java:1293)
	at java.util.concurrent.Executors$RunnableAdapter.call(Executors.java:511)
	at java.util.concurrent.FutureTask.runAndReset(FutureTask.java:308)
	at java.util.concurrent.ScheduledThreadPoolExecutor$ScheduledFutureTask.access$301(ScheduledThreadPoolExecutor.java:180)
	at java.util.concurrent.ScheduledThreadPoolExecutor$ScheduledFutureTask.run(ScheduledThreadPoolExecutor.java:294)
	at java.util.concurrent.ThreadPoolExecutor.runWorker(ThreadPoolExecutor.java:1149)
	at java.util.concurrent.ThreadPoolExecutor$Worker.run(ThreadPoolExecutor.java:624)
	at java.lang.Thread.run(Thread.java:750)
Caused by: org.apache.hadoop.hdds.security.x509.exception.CertificateException: Error while signing and storing SCM signed certificate.
	at org.apache.hadoop.ozone.security.OMCertificateClient.signAndStoreCertificate(OMCertificateClient.java:155)
	at org.apache.hadoop.hdds.security.x509.certificate.client.DefaultCertificateClient.renewAndStoreKeyAndCertificate(DefaultCertificateClient.java:1043)
	... 8 more
Caused by: org.apache.hadoop.hdds.security.x509.exception.CertificateException: Unable to retrieve OM certificate chain.
	at org.apache.hadoop.ozone.security.OMCertificateClient.signAndStoreCertificate(OMCertificateClient.java:150)
	... 9 more
2023-06-19 20:32:32,000 [om-CertificateLifetimeMonitor] INFO  security.OMCertificateClient (DefaultCertificateClient.java:run(1290)) - Current certificate has entered the expiry grace period PT0S. Starting renew key and certs.
2023-06-19 20:32:32,110 [om-CertificateLifetimeMonitor] INFO  ozone.OzoneSecurityUtil (OzoneSecurityUtil.java:getValidInetsForCurrentHost(119)) - ip:fe80:0:0:0:20d:3aff:fe5b:c2ca%eth0 not returned.
2023-06-19 20:32:32,110 [om-CertificateLifetimeMonitor] INFO  ozone.OzoneSecurityUtil (OzoneSecurityUtil.java:getValidInetsForCurrentHost(116)) - Adding ip:10.1.0.14,host:fv-az616-238
2023-06-19 20:32:32,110 [om-CertificateLifetimeMonitor] INFO  ozone.OzoneSecurityUtil (OzoneSecurityUtil.java:getValidInetsForCurrentHost(119)) - ip:0:0:0:0:0:0:0:1%lo not returned.
2023-06-19 20:32:32,110 [om-CertificateLifetimeMonitor] INFO  ozone.OzoneSecurityUtil (OzoneSecurityUtil.java:getValidInetsForCurrentHost(119)) - ip:127.0.0.1 not returned.
2023-06-19 20:32:32,110 [om-CertificateLifetimeMonitor] ERROR utils.CertificateSignRequest (CertificateSignRequest.java:lambda$addInetAddresses$0(296)) - Invalid domain fv-az616-238
2023-06-19 20:32:32,110 [om-CertificateLifetimeMonitor] INFO  ha.OMHANodeDetails (OMHANodeDetails.java:loadOMHAConfig(115)) - ozone.om.internal.service.id is not defined, falling back to ozone.om.service.ids to find serviceID for OzoneManager if it is HA enabled cluster
2023-06-19 20:32:32,111 [om-CertificateLifetimeMonitor] INFO  ha.OMHANodeDetails (OMHANodeDetails.java:loadOMHAConfig(226)) - Configuration does not have ozone.om.address set. Falling back to the default OM address fv-az616-238/10.1.0.14:1202
2023-06-19 20:32:32,111 [om-CertificateLifetimeMonitor] INFO  ha.OMHANodeDetails (OMHANodeDetails.java:getOMNodeDetailsForNonHA(254)) - OM Service ID is not set. Setting it to the default ID: omServiceIdDefault
2023-06-19 20:32:32,111 [om-CertificateLifetimeMonitor] INFO  ha.OMHANodeDetails (OMHANodeDetails.java:getOMNodeDetailsForNonHA(261)) - OM Node ID is not set. Setting it to the default ID: om1
2023-06-19 20:32:32,111 [om-CertificateLifetimeMonitor] INFO  security.OMCertificateClient (OMCertificateClient.java:getCSRBuilder(117)) - Creating csr for OM->dns:fv-az616-238,ip:10.1.0.14,scmId:235da302-ae51-4a52-8b37-522e5403dd97,clusterId:4264924d-769c-48ba-b8ba-8575e6b18588,subject:fv-az616-238
2023-06-19 20:32:32,114 [om-CertificateLifetimeMonitor] ERROR security.OMCertificateClient (OMCertificateClient.java:signAndStoreCertificate(154)) - Error while signing and storing SCM signed certificate.
org.apache.hadoop.hdds.security.x509.exception.CertificateException: Unable to retrieve OM certificate chain.
	at org.apache.hadoop.ozone.security.OMCertificateClient.signAndStoreCertificate(OMCertificateClient.java:150)
	at org.apache.hadoop.hdds.security.x509.certificate.client.DefaultCertificateClient.renewAndStoreKeyAndCertificate(DefaultCertificateClient.java:1043)
	at org.apache.hadoop.hdds.security.x509.certificate.client.DefaultCertificateClient$CertificateLifetimeMonitor.run(DefaultCertificateClient.java:1293)
	at java.util.concurrent.Executors$RunnableAdapter.call(Executors.java:511)
	at java.util.concurrent.FutureTask.runAndReset(FutureTask.java:308)
	at java.util.concurrent.ScheduledThreadPoolExecutor$ScheduledFutureTask.access$301(ScheduledThreadPoolExecutor.java:180)
	at java.util.concurrent.ScheduledThreadPoolExecutor$ScheduledFutureTask.run(ScheduledThreadPoolExecutor.java:294)
	at java.util.concurrent.ThreadPoolExecutor.runWorker(ThreadPoolExecutor.java:1149)
	at java.util.concurrent.ThreadPoolExecutor$Worker.run(ThreadPoolExecutor.java:624)
	at java.lang.Thread.run(Thread.java:750)
2023-06-19 20:32:32,114 [om-CertificateLifetimeMonitor] ERROR security.OMCertificateClient (DefaultCertificateClient.java:run(1303)) - Failed to renew and store key and cert. Keep using existing certificates.
org.apache.hadoop.hdds.security.x509.exception.CertificateException: Error while signing and storing new certificates.
	at org.apache.hadoop.hdds.security.x509.certificate.client.DefaultCertificateClient.renewAndStoreKeyAndCertificate(DefaultCertificateClient.java:1046)
	at org.apache.hadoop.hdds.security.x509.certificate.client.DefaultCertificateClient$CertificateLifetimeMonitor.run(DefaultCertificateClient.java:1293)
	at java.util.concurrent.Executors$RunnableAdapter.call(Executors.java:511)
	at java.util.concurrent.FutureTask.runAndReset(FutureTask.java:308)
	at java.util.concurrent.ScheduledThreadPoolExecutor$ScheduledFutureTask.access$301(ScheduledThreadPoolExecutor.java:180)
	at java.util.concurrent.ScheduledThreadPoolExecutor$ScheduledFutureTask.run(ScheduledThreadPoolExecutor.java:294)
	at java.util.concurrent.ThreadPoolExecutor.runWorker(ThreadPoolExecutor.java:1149)
	at java.util.concurrent.ThreadPoolExecutor$Worker.run(ThreadPoolExecutor.java:624)
	at java.lang.Thread.run(Thread.java:750)
Caused by: org.apache.hadoop.hdds.security.x509.exception.CertificateException: Error while signing and storing SCM signed certificate.
	at org.apache.hadoop.ozone.security.OMCertificateClient.signAndStoreCertificate(OMCertificateClient.java:155)
	at org.apache.hadoop.hdds.security.x509.certificate.client.DefaultCertificateClient.renewAndStoreKeyAndCertificate(DefaultCertificateClient.java:1043)
	... 8 more
Caused by: org.apache.hadoop.hdds.security.x509.exception.CertificateException: Unable to retrieve OM certificate chain.
	at org.apache.hadoop.ozone.security.OMCertificateClient.signAndStoreCertificate(OMCertificateClient.java:150)
	... 9 more
2023-06-19 20:32:32,561 [Time-limited test] INFO  utils.SelfSignedCertificate (SelfSignedCertificate.java:generateCertificate(158)) - Certificate 5242071 is issued by CN=localhost,OU=test,O=cluster to CN=localhost,OU=test,O=cluster, valid from Mon Jun 19 20:32:32 UTC 2023 to Mon Jun 19 20:32:52 UTC 2023
2023-06-19 20:32:35,333 [om-CertificateLifetimeMonitor] INFO  security.OMCertificateClient (DefaultCertificateClient.java:run(1290)) - Current certificate has entered the expiry grace period PT0S. Starting renew key and certs.
2023-06-19 20:32:35,568 [om-CertificateLifetimeMonitor] INFO  ozone.OzoneSecurityUtil (OzoneSecurityUtil.java:getValidInetsForCurrentHost(119)) - ip:fe80:0:0:0:20d:3aff:fe5b:c2ca%eth0 not returned.
2023-06-19 20:32:35,569 [om-CertificateLifetimeMonitor] INFO  ozone.OzoneSecurityUtil (OzoneSecurityUtil.java:getValidInetsForCurrentHost(116)) - Adding ip:10.1.0.14,host:fv-az616-238
2023-06-19 20:32:35,569 [om-CertificateLifetimeMonitor] INFO  ozone.OzoneSecurityUtil (OzoneSecurityUtil.java:getValidInetsForCurrentHost(119)) - ip:0:0:0:0:0:0:0:1%lo not returned.
2023-06-19 20:32:35,569 [om-CertificateLifetimeMonitor] INFO  ozone.OzoneSecurityUtil (OzoneSecurityUtil.java:getValidInetsForCurrentHost(119)) - ip:127.0.0.1 not returned.
2023-06-19 20:32:35,569 [om-CertificateLifetimeMonitor] ERROR utils.CertificateSignRequest (CertificateSignRequest.java:lambda$addInetAddresses$0(296)) - Invalid domain fv-az616-238
2023-06-19 20:32:35,569 [om-CertificateLifetimeMonitor] INFO  ha.OMHANodeDetails (OMHANodeDetails.java:loadOMHAConfig(115)) - ozone.om.internal.service.id is not defined, falling back to ozone.om.service.ids to find serviceID for OzoneManager if it is HA enabled cluster
2023-06-19 20:32:35,569 [om-CertificateLifetimeMonitor] INFO  ha.OMHANodeDetails (OMHANodeDetails.java:loadOMHAConfig(226)) - Configuration does not have ozone.om.address set. Falling back to the default OM address fv-az616-238/10.1.0.14:1202
2023-06-19 20:32:35,570 [om-CertificateLifetimeMonitor] INFO  ha.OMHANodeDetails (OMHANodeDetails.java:getOMNodeDetailsForNonHA(254)) - OM Service ID is not set. Setting it to the default ID: omServiceIdDefault
2023-06-19 20:32:35,570 [om-CertificateLifetimeMonitor] INFO  ha.OMHANodeDetails (OMHANodeDetails.java:getOMNodeDetailsForNonHA(261)) - OM Node ID is not set. Setting it to the default ID: om1
2023-06-19 20:32:35,570 [om-CertificateLifetimeMonitor] INFO  security.OMCertificateClient (OMCertificateClient.java:getCSRBuilder(117)) - Creating csr for OM->dns:fv-az616-238,ip:10.1.0.14,scmId:235da302-ae51-4a52-8b37-522e5403dd97,clusterId:4264924d-769c-48ba-b8ba-8575e6b18588,subject:fv-az616-238
2023-06-19 20:32:35,574 [om-CertificateLifetimeMonitor] INFO  security.OMCertificateClient (DefaultCertificateClient.java:renewAndStoreKeyAndCertificate(1122)) - Successful renew key and certificate. New certificate 5242071.
2023-06-19 20:32:35,576 [om-CertificateLifetimeMonitor] INFO  security.OMCertificateClient (DefaultCertificateClient.java:readCertificateFile(196)) - Added certificate   [0]         Version: 3
         SerialNumber: 5242071
             IssuerDN: CN=localhost,OU=test,O=cluster
           Start Date: Mon Jun 19 20:32:32 UTC 2023
           Final Date: Mon Jun 19 20:32:52 UTC 2023
            SubjectDN: CN=localhost,OU=test,O=cluster
           Public Key: RSA Public Key [44:48:68:d4:d4:d8:cc:71:73:9e:96:75:9b:e3:be:09:73:17:a0:83],[56:66:d1:a4]
        modulus: 9357a9367f49e5bbbae88c30ccef938b93cf238655235815856a7d09c3db5041421a3bb34d319748926a92864208e7156026083b686c8481fefb4e3dd988efe6556794494b202f72fce11e6e7a1b5a45b473d321d1d1af3f3703d27c763a8a84fbe92ab4e98de1d4363e1e168502d292f7eb74519dd754eace7823547ff7f9e5
public exponent: 10001

  Signature Algorithm: SHA256WITHRSA
            Signature: 1207998ec8ca10025b0c7989759996b55783e11a
                       6419e31870cda478336d5b6abfb40175827d04db
                       767dbb1ca38fe42b678d11c940fe6bbbda711188
                       2edbb941f31cc080dbe8613016b37fe84948af0b
                       f3b80439f12bc708752d7a2e1c598ff1720bf969
                       b7ff0590d8e54592908d4aa6279ccf0da54e327c
                       9145f69b48229c94
 from file: /tmp/junit2531278927295450987/junit4030736392081747512/om-meta/om/certs/CA-5242071.crt.
2023-06-19 20:32:35,576 [om-CertificateLifetimeMonitor] INFO  security.OMCertificateClient (DefaultCertificateClient.java:readCertificateFile(196)) - Added certificate   [0]         Version: 3
         SerialNumber: 5242071
             IssuerDN: CN=localhost,OU=test,O=cluster
           Start Date: Mon Jun 19 20:32:32 UTC 2023
           Final Date: Mon Jun 19 20:32:52 UTC 2023
            SubjectDN: CN=localhost,OU=test,O=cluster
           Public Key: RSA Public Key [44:48:68:d4:d4:d8:cc:71:73:9e:96:75:9b:e3:be:09:73:17:a0:83],[56:66:d1:a4]
        modulus: 9357a9367f49e5bbbae88c30ccef938b93cf238655235815856a7d09c3db5041421a3bb34d319748926a92864208e7156026083b686c8481fefb4e3dd988efe6556794494b202f72fce11e6e7a1b5a45b473d321d1d1af3f3703d27c763a8a84fbe92ab4e98de1d4363e1e168502d292f7eb74519dd754eace7823547ff7f9e5
public exponent: 10001

  Signature Algorithm: SHA256WITHRSA
            Signature: 1207998ec8ca10025b0c7989759996b55783e11a
                       6419e31870cda478336d5b6abfb40175827d04db
                       767dbb1ca38fe42b678d11c940fe6bbbda711188
                       2edbb941f31cc080dbe8613016b37fe84948af0b
                       f3b80439f12bc708752d7a2e1c598ff1720bf969
                       b7ff0590d8e54592908d4aa6279ccf0da54e327c
                       9145f69b48229c94
 from file: /tmp/junit2531278927295450987/junit4030736392081747512/om-meta/om/certs/5242071.crt.
2023-06-19 20:32:35,577 [om-CertificateLifetimeMonitor] INFO  security.OMCertificateClient (DefaultCertificateClient.java:reloadKeyAndCertificate(1193)) - Reset and reload key and all certificates.
2023-06-19 20:32:36,568 [Time-limited test] INFO  impl.DefaultInternalKdcServerImpl (DefaultInternalKdcServerImpl.java:doStop(102)) - Default Internal kdc server stopped.
2023-06-19 20:32:37,570 [Time-limited test] INFO  minikdc.MiniKdc (MiniKdc.java:stop(359)) - MiniKdc stopped.
]]></system-out>
  </testcase>
  <testcase name="testSecureOMInitializationFailure" classname="org.apache.hadoop.ozone.TestSecureOzoneCluster" time="3.866">
    <system-out><![CDATA[2023-06-19 20:32:37,593 [Time-limited test] INFO  net.ServerSocketUtil (ServerSocketUtil.java:getPort(55)) - Using port 9860
2023-06-19 20:32:37,594 [Time-limited test] INFO  net.ServerSocketUtil (ServerSocketUtil.java:getPort(55)) - Using port 9861
2023-06-19 20:32:37,594 [Time-limited test] INFO  net.ServerSocketUtil (ServerSocketUtil.java:getPort(55)) - Using port 9863
2023-06-19 20:32:37,594 [Time-limited test] INFO  net.ServerSocketUtil (ServerSocketUtil.java:getPort(55)) - Using port 9961
2023-06-19 20:32:37,594 [Time-limited test] INFO  net.ServerSocketUtil (ServerSocketUtil.java:getPort(55)) - Using port 1200
2023-06-19 20:32:37,594 [Time-limited test] INFO  net.ServerSocketUtil (ServerSocketUtil.java:getPort(55)) - Using port 1201
2023-06-19 20:32:37,595 [Time-limited test] INFO  minikdc.MiniKdc (MiniKdc.java:<init>(225)) - Configuration:
2023-06-19 20:32:37,595 [Time-limited test] INFO  minikdc.MiniKdc (MiniKdc.java:<init>(226)) - ---------------------------------------------------------------
2023-06-19 20:32:37,595 [Time-limited test] INFO  minikdc.MiniKdc (MiniKdc.java:<init>(228)) -   debug: false
2023-06-19 20:32:37,595 [Time-limited test] INFO  minikdc.MiniKdc (MiniKdc.java:<init>(228)) -   transport: TCP
2023-06-19 20:32:37,595 [Time-limited test] INFO  minikdc.MiniKdc (MiniKdc.java:<init>(228)) -   max.ticket.lifetime: 86400000
2023-06-19 20:32:37,595 [Time-limited test] INFO  minikdc.MiniKdc (MiniKdc.java:<init>(228)) -   org.name: EXAMPLE
2023-06-19 20:32:37,595 [Time-limited test] INFO  minikdc.MiniKdc (MiniKdc.java:<init>(228)) -   kdc.port: 0
2023-06-19 20:32:37,595 [Time-limited test] INFO  minikdc.MiniKdc (MiniKdc.java:<init>(228)) -   org.domain: COM
2023-06-19 20:32:37,595 [Time-limited test] INFO  minikdc.MiniKdc (MiniKdc.java:<init>(228)) -   max.renewable.lifetime: 604800000
2023-06-19 20:32:37,595 [Time-limited test] INFO  minikdc.MiniKdc (MiniKdc.java:<init>(228)) -   instance: DefaultKrbServer
2023-06-19 20:32:37,596 [Time-limited test] INFO  minikdc.MiniKdc (MiniKdc.java:<init>(228)) -   kdc.bind.address: localhost
2023-06-19 20:32:37,596 [Time-limited test] INFO  minikdc.MiniKdc (MiniKdc.java:<init>(230)) - ---------------------------------------------------------------
2023-06-19 20:32:37,598 [Time-limited test] INFO  minikdc.MiniKdc (MiniKdc.java:start(285)) - MiniKdc started.
2023-06-19 20:32:37,711 [Time-limited test] WARN  server.ServerUtils (ServerUtils.java:getScmDbDir(155)) - ozone.scm.db.dirs is not configured. We recommend adding this setting. Falling back to ozone.metadata.dirs instead.
2023-06-19 20:32:37,712 [Time-limited test] INFO  ha.HASecurityUtils (HASecurityUtils.java:initializeSecurity(93)) - Initializing secure StorageContainerManager.
2023-06-19 20:32:37,714 [Time-limited test] WARN  client.SCMCertificateClient (DefaultCertificateClient.java:loadAllCertificates(161)) - Certificates could not be loaded.
java.nio.file.NoSuchFileException: /tmp/junit5318470234666417671/junit6264125206463078896/scm-meta/scm/sub-ca/certs
	at sun.nio.fs.UnixException.translateToIOException(UnixException.java:86)
	at sun.nio.fs.UnixException.rethrowAsIOException(UnixException.java:102)
	at sun.nio.fs.UnixException.rethrowAsIOException(UnixException.java:107)
	at sun.nio.fs.UnixFileSystemProvider.newDirectoryStream(UnixFileSystemProvider.java:427)
	at java.nio.file.Files.newDirectoryStream(Files.java:457)
	at java.nio.file.Files.list(Files.java:3451)
	at org.apache.hadoop.hdds.security.x509.certificate.client.DefaultCertificateClient.loadAllCertificates(DefaultCertificateClient.java:156)
	at org.apache.hadoop.hdds.security.x509.certificate.client.DefaultCertificateClient.updateCertSerialId(DefaultCertificateClient.java:1206)
	at org.apache.hadoop.hdds.security.x509.certificate.client.DefaultCertificateClient.<init>(DefaultCertificateClient.java:148)
	at org.apache.hadoop.hdds.security.x509.certificate.client.SCMCertificateClient.<init>(SCMCertificateClient.java:54)
	at org.apache.hadoop.hdds.scm.ha.HASecurityUtils.initializeSecurity(HASecurityUtils.java:97)
	at org.apache.hadoop.ozone.TestSecureOzoneCluster.initSCM(TestSecureOzoneCluster.java:431)
	at org.apache.hadoop.ozone.TestSecureOzoneCluster.testSecureOMInitializationFailure(TestSecureOzoneCluster.java:487)
	at sun.reflect.NativeMethodAccessorImpl.invoke0(Native Method)
	at sun.reflect.NativeMethodAccessorImpl.invoke(NativeMethodAccessorImpl.java:62)
	at sun.reflect.DelegatingMethodAccessorImpl.invoke(DelegatingMethodAccessorImpl.java:43)
	at java.lang.reflect.Method.invoke(Method.java:498)
	at org.junit.runners.model.FrameworkMethod$1.runReflectiveCall(FrameworkMethod.java:59)
	at org.junit.internal.runners.model.ReflectiveCallable.run(ReflectiveCallable.java:12)
	at org.junit.runners.model.FrameworkMethod.invokeExplosively(FrameworkMethod.java:56)
	at org.junit.internal.runners.statements.InvokeMethod.evaluate(InvokeMethod.java:17)
	at org.junit.internal.runners.statements.RunBefores.evaluate(RunBefores.java:26)
	at org.junit.internal.runners.statements.RunAfters.evaluate(RunAfters.java:27)
	at org.junit.rules.ExternalResource$1.evaluate(ExternalResource.java:54)
	at org.junit.internal.runners.statements.FailOnTimeout$CallableStatement.call(FailOnTimeout.java:288)
	at org.junit.internal.runners.statements.FailOnTimeout$CallableStatement.call(FailOnTimeout.java:282)
	at java.util.concurrent.FutureTask.run(FutureTask.java:266)
	at java.lang.Thread.run(Thread.java:750)
2023-06-19 20:32:37,715 [Time-limited test] WARN  client.SCMCertificateClient (DefaultCertificateClient.java:loadAllCertificates(161)) - Certificates could not be loaded.
java.nio.file.NoSuchFileException: /tmp/junit5318470234666417671/junit6264125206463078896/scm-meta/scm/sub-ca/certs
	at sun.nio.fs.UnixException.translateToIOException(UnixException.java:86)
	at sun.nio.fs.UnixException.rethrowAsIOException(UnixException.java:102)
	at sun.nio.fs.UnixException.rethrowAsIOException(UnixException.java:107)
	at sun.nio.fs.UnixFileSystemProvider.newDirectoryStream(UnixFileSystemProvider.java:427)
	at java.nio.file.Files.newDirectoryStream(Files.java:457)
	at java.nio.file.Files.list(Files.java:3451)
	at org.apache.hadoop.hdds.security.x509.certificate.client.DefaultCertificateClient.loadAllCertificates(DefaultCertificateClient.java:156)
	at org.apache.hadoop.hdds.security.x509.certificate.client.DefaultCertificateClient.getCertPath(DefaultCertificateClient.java:324)
	at org.apache.hadoop.hdds.security.x509.certificate.client.DefaultCertificateClient.getCertificate(DefaultCertificateClient.java:300)
	at org.apache.hadoop.hdds.security.x509.certificate.client.DefaultCertificateClient.init(DefaultCertificateClient.java:669)
	at org.apache.hadoop.hdds.scm.ha.HASecurityUtils.initializeSecurity(HASecurityUtils.java:98)
	at org.apache.hadoop.ozone.TestSecureOzoneCluster.initSCM(TestSecureOzoneCluster.java:431)
	at org.apache.hadoop.ozone.TestSecureOzoneCluster.testSecureOMInitializationFailure(TestSecureOzoneCluster.java:487)
	at sun.reflect.NativeMethodAccessorImpl.invoke0(Native Method)
	at sun.reflect.NativeMethodAccessorImpl.invoke(NativeMethodAccessorImpl.java:62)
	at sun.reflect.DelegatingMethodAccessorImpl.invoke(DelegatingMethodAccessorImpl.java:43)
	at java.lang.reflect.Method.invoke(Method.java:498)
	at org.junit.runners.model.FrameworkMethod$1.runReflectiveCall(FrameworkMethod.java:59)
	at org.junit.internal.runners.model.ReflectiveCallable.run(ReflectiveCallable.java:12)
	at org.junit.runners.model.FrameworkMethod.invokeExplosively(FrameworkMethod.java:56)
	at org.junit.internal.runners.statements.InvokeMethod.evaluate(InvokeMethod.java:17)
	at org.junit.internal.runners.statements.RunBefores.evaluate(RunBefores.java:26)
	at org.junit.internal.runners.statements.RunAfters.evaluate(RunAfters.java:27)
	at org.junit.rules.ExternalResource$1.evaluate(ExternalResource.java:54)
	at org.junit.internal.runners.statements.FailOnTimeout$CallableStatement.call(FailOnTimeout.java:288)
	at org.junit.internal.runners.statements.FailOnTimeout$CallableStatement.call(FailOnTimeout.java:282)
	at java.util.concurrent.FutureTask.run(FutureTask.java:266)
	at java.lang.Thread.run(Thread.java:750)
2023-06-19 20:32:37,715 [Time-limited test] INFO  client.SCMCertificateClient (DefaultCertificateClient.java:init(692)) - Certificate client init case: 0
2023-06-19 20:32:37,715 [Time-limited test] INFO  client.SCMCertificateClient (SCMCertificateClient.java:handleCase(68)) - Creating keypair for client as keypair and certificate not found.
2023-06-19 20:32:38,016 [Time-limited test] INFO  ha.HASecurityUtils (HASecurityUtils.java:initializeSecurity(99)) - Init response: GETCERT
2023-06-19 20:32:38,195 [Time-limited test] INFO  ozone.OzoneSecurityUtil (OzoneSecurityUtil.java:getValidInetsForCurrentHost(119)) - ip:fe80:0:0:0:20d:3aff:fe5b:c2ca%eth0 not returned.
2023-06-19 20:32:38,196 [Time-limited test] INFO  ozone.OzoneSecurityUtil (OzoneSecurityUtil.java:getValidInetsForCurrentHost(116)) - Adding ip:10.1.0.14,host:fv-az616-238
2023-06-19 20:32:38,196 [Time-limited test] INFO  ozone.OzoneSecurityUtil (OzoneSecurityUtil.java:getValidInetsForCurrentHost(119)) - ip:0:0:0:0:0:0:0:1%lo not returned.
2023-06-19 20:32:38,196 [Time-limited test] INFO  ozone.OzoneSecurityUtil (OzoneSecurityUtil.java:getValidInetsForCurrentHost(119)) - ip:127.0.0.1 not returned.
2023-06-19 20:32:38,196 [Time-limited test] ERROR utils.SelfSignedCertificate (SelfSignedCertificate.java:lambda$addInetAddresses$0(245)) - Invalid domain fv-az616-238
2023-06-19 20:32:38,201 [Time-limited test] INFO  utils.SelfSignedCertificate (SelfSignedCertificate.java:generateCertificate(158)) - Certificate 1 is issued by CN=scm@fv-az616-238,OU=b37fecd6-bfea-4e81-b5ba-bbe1e290cf4d,O=6ef829cd-72b3-4a88-a23d-16f1b20fa3bd to CN=scm@fv-az616-238,OU=b37fecd6-bfea-4e81-b5ba-bbe1e290cf4d,O=6ef829cd-72b3-4a88-a23d-16f1b20fa3bd, valid from Mon Jun 19 20:32:38 UTC 2023 to Thu Jul 27 20:32:38 UTC 2028
2023-06-19 20:32:38,204 [Time-limited test] INFO  ozone.OzoneSecurityUtil (OzoneSecurityUtil.java:getValidInetsForCurrentHost(119)) - ip:fe80:0:0:0:20d:3aff:fe5b:c2ca%eth0 not returned.
2023-06-19 20:32:38,204 [Time-limited test] INFO  ozone.OzoneSecurityUtil (OzoneSecurityUtil.java:getValidInetsForCurrentHost(116)) - Adding ip:10.1.0.14,host:fv-az616-238
2023-06-19 20:32:38,204 [Time-limited test] INFO  ozone.OzoneSecurityUtil (OzoneSecurityUtil.java:getValidInetsForCurrentHost(119)) - ip:0:0:0:0:0:0:0:1%lo not returned.
2023-06-19 20:32:38,205 [Time-limited test] INFO  ozone.OzoneSecurityUtil (OzoneSecurityUtil.java:getValidInetsForCurrentHost(119)) - ip:127.0.0.1 not returned.
2023-06-19 20:32:38,205 [Time-limited test] ERROR utils.CertificateSignRequest (CertificateSignRequest.java:lambda$addInetAddresses$0(296)) - Invalid domain fv-az616-238
2023-06-19 20:32:38,205 [Time-limited test] INFO  ha.HASecurityUtils (HASecurityUtils.java:generateCSR(280)) - Creating csr for SCM->hostName:fv-az616-238,scmId:b37fecd6-bfea-4e81-b5ba-bbe1e290cf4d,clusterId:6ef829cd-72b3-4a88-a23d-16f1b20fa3bd,subject:scm-sub@fv-az616-238
2023-06-19 20:32:38,214 [Time-limited test] INFO  ha.HASecurityUtils (HASecurityUtils.java:initializeSecurity(112)) - Successfully stored SCM signed certificate.
2023-06-19 20:32:38,216 [Time-limited test] WARN  server.ServerUtils (ServerUtils.java:getScmDbDir(155)) - ozone.scm.db.dirs is not configured. We recommend adding this setting. Falling back to ozone.metadata.dirs instead.
2023-06-19 20:32:38,216 [Time-limited test] INFO  ha.SCMHANodeDetails (SCMHANodeDetails.java:loadSCMHAConfig(210)) - ServiceID for StorageContainerManager is null
2023-06-19 20:32:38,216 [Time-limited test] INFO  ha.SCMHANodeDetails (SCMHANodeDetails.java:loadSCMHAConfig(215)) - ozone.scm.default.service.id is not defined, falling back to ozone.scm.service.ids to find serviceID for StorageContainerManager if it is HA enabled cluster
2023-06-19 20:32:38,219 [Time-limited test] INFO  client.SCMCertificateClient (DefaultCertificateClient.java:readCertificateFile(196)) - Added certificate   [0]         Version: 3
         SerialNumber: 5247724083763
             IssuerDN: CN=scm@fv-az616-238,OU=b37fecd6-bfea-4e81-b5ba-bbe1e290cf4d,O=6ef829cd-72b3-4a88-a23d-16f1b20fa3bd
           Start Date: Mon Jun 19 20:32:38 UTC 2023
           Final Date: Thu Jul 27 20:32:38 UTC 2028
            SubjectDN: CN=scm-sub@fv-az616-238,OU=b37fecd6-bfea-4e81-b5ba-bbe1e290cf4d,O=6ef829cd-72b3-4a88-a23d-16f1b20fa3bd
           Public Key: RSA Public Key [6d:86:0c:9c:f1:59:ea:6a:57:3d:23:8f:f2:6d:b6:31:16:26:a0:2d],[56:66:d1:a4]
        modulus: acf162b82f2d207dffe089c58b96153ba7e5458f81dab6bded5d89cd704d469f26cf686fd02c6b0c5e82316a1920ead6022da4ba71a444f2662637636b4f0d2ed5838f1fc17819edfe61651ff68b49f5296dc7d804a3222692d8c563418385107f9c26903a52aadd116b3522bf377e55eb67033c2e39e795650e9a0a7f89124a3f2a03788480dbfe39fe6e2921d09701ebea3071f7fcb67feeb3d8120cd36fbbd3ed9feb3fd824eced3b257581b40c6e950cf653667ff1776415c99539d36998ad75d6ae0cf0d6c399ea7c50ae4feeca369332f403daacc4a74e11c3f74b0a6d5c37f589ad6cc0af6bc0566a79d725193b34dbde1c7d78689b18812fb4c5d43f
public exponent: 10001

  Signature Algorithm: SHA256WITHRSA
            Signature: 2a55ddc660f763f4a5191c117bd6d5a2c5a4f1f3
                       ac875a853bb0b64a29da3a1bc66f2cf9ef3152a9
                       747598bf95d9f478e7b457a351f35610ea5c141c
                       375d770aca3a4f6f587a909d0abbfc5b8caa3334
                       fb4ecb233dcad36e09f5743422ac3b8501e5e944
                       00c7f3878edacfe87fcc51b9cd942d0593b90b0d
                       09c2aff4853bf32895f3175cd9badafdc95b8a07
                       89f547229f8f16c30e1ee2cabd61338beb5bc5fe
                       c98889249d7badbe9ea84e49ab0dfaaa69d1ce5b
                       b0895155951085e653026ca3e6ebd2f1ad1eb9ae
                       492b29021ecf91034dfa0d5416ac9b61ece2e15b
                       0432cfa7be3fb21d221e59ec640687afaa2b04e9
                       a4fa69e6a4c15b8d28c75428aa2adc79
       Extensions: 
                       critical(false) 2.5.29.17 value = Sequence
    Tagged [7] IMPLICIT 
        DER Octet String[4] 

                       critical(true) BasicConstraints: isCa(true)
                       critical(true) KeyUsage: 0xbe
 from file: /tmp/junit5318470234666417671/junit6264125206463078896/scm-meta/scm/sub-ca/certs/certificate.crt.
2023-06-19 20:32:38,220 [Time-limited test] INFO  client.SCMCertificateClient (DefaultCertificateClient.java:readCertificateFile(196)) - Added certificate   [0]         Version: 3
         SerialNumber: 5247724083763
             IssuerDN: CN=scm@fv-az616-238,OU=b37fecd6-bfea-4e81-b5ba-bbe1e290cf4d,O=6ef829cd-72b3-4a88-a23d-16f1b20fa3bd
           Start Date: Mon Jun 19 20:32:38 UTC 2023
           Final Date: Thu Jul 27 20:32:38 UTC 2028
            SubjectDN: CN=scm-sub@fv-az616-238,OU=b37fecd6-bfea-4e81-b5ba-bbe1e290cf4d,O=6ef829cd-72b3-4a88-a23d-16f1b20fa3bd
           Public Key: RSA Public Key [6d:86:0c:9c:f1:59:ea:6a:57:3d:23:8f:f2:6d:b6:31:16:26:a0:2d],[56:66:d1:a4]
        modulus: acf162b82f2d207dffe089c58b96153ba7e5458f81dab6bded5d89cd704d469f26cf686fd02c6b0c5e82316a1920ead6022da4ba71a444f2662637636b4f0d2ed5838f1fc17819edfe61651ff68b49f5296dc7d804a3222692d8c563418385107f9c26903a52aadd116b3522bf377e55eb67033c2e39e795650e9a0a7f89124a3f2a03788480dbfe39fe6e2921d09701ebea3071f7fcb67feeb3d8120cd36fbbd3ed9feb3fd824eced3b257581b40c6e950cf653667ff1776415c99539d36998ad75d6ae0cf0d6c399ea7c50ae4feeca369332f403daacc4a74e11c3f74b0a6d5c37f589ad6cc0af6bc0566a79d725193b34dbde1c7d78689b18812fb4c5d43f
public exponent: 10001

  Signature Algorithm: SHA256WITHRSA
            Signature: 2a55ddc660f763f4a5191c117bd6d5a2c5a4f1f3
                       ac875a853bb0b64a29da3a1bc66f2cf9ef3152a9
                       747598bf95d9f478e7b457a351f35610ea5c141c
                       375d770aca3a4f6f587a909d0abbfc5b8caa3334
                       fb4ecb233dcad36e09f5743422ac3b8501e5e944
                       00c7f3878edacfe87fcc51b9cd942d0593b90b0d
                       09c2aff4853bf32895f3175cd9badafdc95b8a07
                       89f547229f8f16c30e1ee2cabd61338beb5bc5fe
                       c98889249d7badbe9ea84e49ab0dfaaa69d1ce5b
                       b0895155951085e653026ca3e6ebd2f1ad1eb9ae
                       492b29021ecf91034dfa0d5416ac9b61ece2e15b
                       0432cfa7be3fb21d221e59ec640687afaa2b04e9
                       a4fa69e6a4c15b8d28c75428aa2adc79
       Extensions: 
                       critical(false) 2.5.29.17 value = Sequence
    Tagged [7] IMPLICIT 
        DER Octet String[4] 

                       critical(true) BasicConstraints: isCa(true)
                       critical(true) KeyUsage: 0xbe
 from file: /tmp/junit5318470234666417671/junit6264125206463078896/scm-meta/scm/sub-ca/certs/5247724083763.crt.
2023-06-19 20:32:38,221 [Time-limited test] INFO  client.SCMCertificateClient (DefaultCertificateClient.java:readCertificateFile(196)) - Added certificate   [0]         Version: 3
         SerialNumber: 1
             IssuerDN: CN=scm@fv-az616-238,OU=b37fecd6-bfea-4e81-b5ba-bbe1e290cf4d,O=6ef829cd-72b3-4a88-a23d-16f1b20fa3bd
           Start Date: Mon Jun 19 20:32:38 UTC 2023
           Final Date: Thu Jul 27 20:32:38 UTC 2028
            SubjectDN: CN=scm@fv-az616-238,OU=b37fecd6-bfea-4e81-b5ba-bbe1e290cf4d,O=6ef829cd-72b3-4a88-a23d-16f1b20fa3bd
           Public Key: RSA Public Key [49:6f:dd:c1:4a:0c:96:58:a5:32:7a:b9:61:40:86:0d:3a:7a:0e:c6],[56:66:d1:a4]
        modulus: c849b3e98b398745e421d0e2d2e130c9d64005c3c1126653d13767fa244f9afc605803be713bd471e52c00fe51eb3f624fe57e54ff5e595f08abb9fc56ab7360cba664c093498c721ba81972c1d9326da2f6b11061955ff6f5f8934a95fed4b4802a981cdd6d52a5eddec0a40abfcf336d09780ff8e01b951b51b98d2f9059964489a9e9811aef9e4a3561706d61bc7752278b89a618a0bbbcf6b317246f4a9c336fcc75385032cac95649f1487bd1ba6898ba2f0be0c6d089a41039dc457f73cae0e5060040b70044cc76b4c0f6002d7ed88c1e01ebfa0c9620b0b0245209b9683d8a24d6c08e615411cfbd3621b0ba166151bd5f5a72d69b899f6e97823107
public exponent: 10001

  Signature Algorithm: SHA256WITHRSA
            Signature: 89bb3dcf667509ecaf248120f94173be574f499e
                       49d04c4383df8985b8630e018dd1a4d317031df0
                       b20f39b95dc5dd5c2e195f75c2108b950b9a22cf
                       6e2a812807acf9462d81db80192f5e56fa2c1e00
                       7ba275392b55d6bb2f6bde9f8269ed69d2b9af31
                       7df4c2cbc9c034796156aa2d85f09fc4526b7c53
                       0e1d2fcc2b9da0f75407628a9d5f46dc17e888cb
                       7b9af180f98e09c02659eb0f7e2da54bde274d80
                       dea72eefc2381419c561d87233b9fff487c046ef
                       6da522f59eaf231988fcf2b4d33db99d6faa24b5
                       36fa5fe4e526d1853293e466607eddcaba934c75
                       2e17032c18fb6f04fea20343430cb741eb7ba0ad
                       ed23ff7c3f34c3092147053f6479d130
       Extensions: 
                       critical(true) BasicConstraints: isCa(true)
                       critical(true) KeyUsage: 0x6
                       critical(false) 2.5.29.17 value = Sequence
    Tagged [7] IMPLICIT 
        DER Octet String[4] 

 from file: /tmp/junit5318470234666417671/junit6264125206463078896/scm-meta/scm/sub-ca/certs/CA-1.crt.
2023-06-19 20:32:38,227 [Time-limited test] INFO  client.SCMCertificateClient (DefaultCertificateClient.java:startCertificateMonitor(1260)) - CertificateLifetimeMonitor for scm/sub-ca is started with first delay 161135989779 ms and interval 3333 ms.
2023-06-19 20:32:38,232 [pool-472-thread-1] INFO  request.KdcRequest (KdcRequest.java:preauth(651)) - The preauth data is empty.
2023-06-19 20:32:38,232 [pool-472-thread-1] INFO  server.KdcHandler (KdcHandler.java:handleRecoverableException(177)) - KRB error occurred while processing request:Additional pre-authentication required
2023-06-19 20:32:38,241 [pool-472-thread-2] INFO  request.AsRequest (AsRequest.java:issueTicket(112)) - AS_REQ ISSUE: authtime 1687206758240,scm/fv-az616-238@EXAMPLE.COM for krbtgt/EXAMPLE.COM@EXAMPLE.COM
2023-06-19 20:32:38,243 [Time-limited test] INFO  security.UserGroupInformation (UserGroupInformation.java:loginUserFromKeytab(1132)) - Login successful for user scm/fv-az616-238@EXAMPLE.COM using keytab file scm.keytab. Keytab auto renewal enabled : false
2023-06-19 20:32:38,243 [Time-limited test] INFO  server.StorageContainerManager (StorageContainerManager.java:loginAsSCMUserIfSecurityEnabled(1042)) - SCM login successful.
2023-06-19 20:32:38,243 [Time-limited test] WARN  utils.HAUtils (HAUtils.java:getMetaDir(339)) - ozone.scm.db.dirs is not configured. We recommend adding this setting. Falling back to ozone.metadata.dirs instead.
2023-06-19 20:32:38,244 [Time-limited test] WARN  db.DBStoreBuilder (DBStoreBuilder.java:applyDBDefinition(165)) - ozone.scm.db.dirs is not configured. We recommend adding this setting. Falling back to ozone.metadata.dirs instead.
2023-06-19 20:32:38,388 [Time-limited test] INFO  net.NodeSchemaLoader (NodeSchemaLoader.java:loadSchemaFromFile(129)) - Loading schema from [jar:file:/home/runner/.m2/repository/org/apache/ozone/hdds-common/1.4.0-SNAPSHOT/hdds-common-1.4.0-SNAPSHOT.jar!/network-topology-default.xml]
2023-06-19 20:32:38,388 [Time-limited test] INFO  net.NodeSchemaLoader (NodeSchemaLoader.java:loadSchema(176)) - Loading network topology layer schema file
2023-06-19 20:32:38,396 [Time-limited test] INFO  upgrade.AbstractLayoutVersionManager (AbstractLayoutVersionManager.java:init(83)) - Initializing Layout version manager with metadata layout = HADOOP_PRC_PORTS_IN_DATANODEDETAILS (version = 7), software layout = HADOOP_PRC_PORTS_IN_DATANODEDETAILS (version = 7)
2023-06-19 20:32:38,398 [Time-limited test] INFO  ha.SequenceIdGenerator (SequenceIdGenerator.java:upgradeToSequenceId(349)) - upgrade localId to 111677748019200000
2023-06-19 20:32:38,399 [Time-limited test] INFO  ha.SequenceIdGenerator (SequenceIdGenerator.java:upgradeToSequenceId(359)) - upgrade delTxnId to 0
2023-06-19 20:32:38,400 [Time-limited test] INFO  ha.SequenceIdGenerator (SequenceIdGenerator.java:upgradeToSequenceId(376)) - upgrade containerId to 0
2023-06-19 20:32:38,400 [Time-limited test] INFO  ha.SequenceIdGenerator (SequenceIdGenerator.java:<init>(220)) - Init the HA SequenceIdGenerator.
2023-06-19 20:32:38,401 [Time-limited test] INFO  node.SCMNodeManager (SCMNodeManager.java:<init>(158)) - Entering startup safe mode.
2023-06-19 20:32:38,402 [Time-limited test] INFO  algorithms.ContainerPlacementPolicyFactory (ContainerPlacementPolicyFactory.java:getPolicyInternal(86)) - Create container placement policy of type org.apache.hadoop.hdds.scm.container.placement.algorithms.SCMContainerPlacementRackAware
2023-06-19 20:32:38,402 [Time-limited test] INFO  algorithms.ContainerPlacementPolicyFactory (ContainerPlacementPolicyFactory.java:getPolicyInternal(86)) - Create container placement policy of type org.apache.hadoop.hdds.scm.container.placement.algorithms.SCMContainerPlacementRackScatter
2023-06-19 20:32:38,402 [Time-limited test] INFO  pipeline.PipelineStateManagerImpl (PipelineStateManagerImpl.java:initialize(78)) - No pipeline exists in current db
2023-06-19 20:32:38,402 [Time-limited test] INFO  algorithms.LeaderChoosePolicyFactory (LeaderChoosePolicyFactory.java:getPolicy(57)) - Create leader choose policy of type org.apache.hadoop.hdds.scm.pipeline.leader.choose.algorithms.MinLeaderCountChoosePolicy
2023-06-19 20:32:38,402 [Time-limited test] INFO  algorithms.ContainerPlacementPolicyFactory (ContainerPlacementPolicyFactory.java:getPolicyInternal(86)) - Create container placement policy of type org.apache.hadoop.hdds.scm.container.placement.algorithms.SCMContainerPlacementRackScatter
2023-06-19 20:32:38,403 [Time-limited test] INFO  ha.SCMServiceManager (SCMServiceManager.java:register(42)) - Registering service BackgroundPipelineCreator.
2023-06-19 20:32:38,403 [Time-limited test] INFO  pipeline.BackgroundPipelineCreator (BackgroundPipelineCreator.java:start(124)) - Starting RatisPipelineUtilsThread.
2023-06-19 20:32:38,403 [Time-limited test] INFO  BackgroundPipelineScrubber (BackgroundSCMService.java:start(68)) - Starting BackgroundPipelineScrubber Service.
2023-06-19 20:32:38,404 [Time-limited test] INFO  ha.SCMServiceManager (SCMServiceManager.java:register(42)) - Registering service BackgroundPipelineScrubber.
2023-06-19 20:32:38,404 [Time-limited test] INFO  ExpiredContainerReplicaOpScrubber (BackgroundSCMService.java:start(68)) - Starting ExpiredContainerReplicaOpScrubber Service.
2023-06-19 20:32:38,404 [Time-limited test] INFO  ha.SCMServiceManager (SCMServiceManager.java:register(42)) - Registering service ExpiredContainerReplicaOpScrubber.
2023-06-19 20:32:38,406 [Time-limited test] INFO  algorithms.PipelineChoosePolicyFactory (PipelineChoosePolicyFactory.java:createPipelineChoosePolicyFromClass(73)) - Create pipeline choose policy of type org.apache.hadoop.hdds.scm.pipeline.choose.algorithms.RandomPipelineChoosePolicy
2023-06-19 20:32:38,407 [Time-limited test] INFO  ha.SCMServiceManager (SCMServiceManager.java:register(42)) - Registering service SCMBlockDeletingService.
2023-06-19 20:32:38,407 [Time-limited test] INFO  replication.ReplicationManager (ReplicationManager.java:start(286)) - Starting Replication Monitor Thread.
2023-06-19 20:32:38,414 [Time-limited test] INFO  ha.SCMServiceManager (SCMServiceManager.java:register(42)) - Registering service ReplicationManager.
2023-06-19 20:32:38,415 [Time-limited test] INFO  safemode.ContainerSafeModeRule (ContainerSafeModeRule.java:<init>(89)) - containers with one replica threshold count 0
2023-06-19 20:32:38,415 [Time-limited test] INFO  safemode.HealthyPipelineSafeModeRule (HealthyPipelineSafeModeRule.java:initializeRule(169)) - Total pipeline count is 0, healthy pipeline threshold count is 0
2023-06-19 20:32:38,416 [Time-limited test] INFO  safemode.OneReplicaPipelineSafeModeRule (OneReplicaPipelineSafeModeRule.java:initializeRule(180)) - Total pipeline count is 0, pipeline's with at least one datanode reported threshold count is 0
2023-06-19 20:32:38,417 [Time-limited test] INFO  authority.DefaultCAServer (DefaultCAServer.java:lambda$processVerificationStatus$0(465)) - CertificateServer validation is successful
2023-06-19 20:32:38,418 [Time-limited test] INFO  authority.DefaultCAServer (DefaultCAServer.java:lambda$processVerificationStatus$0(465)) - CertificateServer validation is successful
2023-06-19 20:32:38,418 [Time-limited test] INFO  server.StorageContainerManager (StorageContainerManager.java:persistPrimarySCMCerts(910)) - Storing sub-ca certificate serialId 5247724083763 on primary SCM
2023-06-19 20:32:38,420 [ReplicationMonitor] INFO  replication.ReplicationManager (ReplicationManager.java:processAll(361)) - Replication Manager is not ready to run until 300000ms after safemode exit
2023-06-19 20:32:38,421 [Time-limited test] INFO  server.StorageContainerManager (StorageContainerManager.java:persistPrimarySCMCerts(918)) - Storing root certificate serialId 1
2023-06-19 20:32:38,423 [Time-limited test] INFO  ipc.CallQueueManager (CallQueueManager.java:<init>(90)) - Using callQueue: class java.util.concurrent.LinkedBlockingQueue, queueCapacity: 200, scheduler: class org.apache.hadoop.ipc.DefaultRpcScheduler, ipcBackoff: false.
2023-06-19 20:32:38,423 [Socket Reader #1 for port 9961] INFO  ipc.Server (Server.java:run(1319)) - Starting Socket Reader #1 for port 9961
2023-06-19 20:32:38,435 [Listener at 0.0.0.0/9961] INFO  hdds.HddsUtils (HddsUtils.java:preserveThreadName(848)) - Restoring thread name: Time-limited test
2023-06-19 20:32:38,436 [Time-limited test] INFO  ha.SCMServiceManager (SCMServiceManager.java:register(42)) - Registering service RootCARotationManager.
2023-06-19 20:32:38,436 [Time-limited test] INFO  server.StorageContainerManager (StorageContainerManager.java:<init>(414)) - SCM start with adminUsers: [scm/fv-az616-238@EXAMPLE.COM, scm]
2023-06-19 20:32:38,436 [Time-limited test] INFO  ipc.CallQueueManager (CallQueueManager.java:<init>(90)) - Using callQueue: class java.util.concurrent.LinkedBlockingQueue, queueCapacity: 10000, scheduler: class org.apache.hadoop.ipc.DefaultRpcScheduler, ipcBackoff: false.
2023-06-19 20:32:38,440 [Socket Reader #1 for port 9861] INFO  ipc.Server (Server.java:run(1319)) - Starting Socket Reader #1 for port 9861
2023-06-19 20:32:38,443 [Listener at 0.0.0.0/9861] INFO  hdds.HddsUtils (HddsUtils.java:preserveThreadName(848)) - Restoring thread name: Time-limited test
2023-06-19 20:32:38,443 [Time-limited test] INFO  ipc.CallQueueManager (CallQueueManager.java:<init>(90)) - Using callQueue: class java.util.concurrent.LinkedBlockingQueue, queueCapacity: 10000, scheduler: class org.apache.hadoop.ipc.DefaultRpcScheduler, ipcBackoff: false.
2023-06-19 20:32:38,444 [Socket Reader #1 for port 9863] INFO  ipc.Server (Server.java:run(1319)) - Starting Socket Reader #1 for port 9863
2023-06-19 20:32:38,445 [Listener at 0.0.0.0/9863] INFO  hdds.HddsUtils (HddsUtils.java:preserveThreadName(848)) - Restoring thread name: Time-limited test
2023-06-19 20:32:38,445 [Time-limited test] INFO  ipc.CallQueueManager (CallQueueManager.java:<init>(90)) - Using callQueue: class java.util.concurrent.LinkedBlockingQueue, queueCapacity: 10000, scheduler: class org.apache.hadoop.ipc.DefaultRpcScheduler, ipcBackoff: false.
2023-06-19 20:32:38,446 [Socket Reader #1 for port 9860] INFO  ipc.Server (Server.java:run(1319)) - Starting Socket Reader #1 for port 9860
2023-06-19 20:32:38,450 [Listener at 0.0.0.0/9860] INFO  hdds.HddsUtils (HddsUtils.java:preserveThreadName(848)) - Restoring thread name: Time-limited test
2023-06-19 20:32:38,459 [Time-limited test] INFO  ha.SCMServiceManager (SCMServiceManager.java:register(42)) - Registering service ContainerBalancer.
2023-06-19 20:32:38,460 [Time-limited test] INFO  server.StorageContainerManager (StorageContainerManager.java:<init>(427)) - 
Container Balancer status:
Key                            Value
Running                        false
Container Balancer Configuration values:
Key                                                Value
Threshold                                          10
Max Datanodes to Involve per Iteration(percent)    20
Max Size to Move per Iteration                     500GB
Max Size Entering Target per Iteration             26GB
Max Size Leaving Source per Iteration              26GB

2023-06-19 20:32:38,460 [Time-limited test] INFO  ha.SCMContext (SCMContext.java:updateSafeModeStatus(228)) - Update SafeModeStatus from SafeModeStatus{safeModeStatus=true, preCheckPassed=false} to SafeModeStatus{safeModeStatus=true, preCheckPassed=false}.
2023-06-19 20:32:38,460 [Time-limited test] WARN  server.ServerUtils (ServerUtils.java:getDBPath(311)) - ozone.om.db.dirs is not configured. We recommend adding this setting. Falling back to ozone.metadata.dirs instead.
2023-06-19 20:32:38,462 [Time-limited test] INFO  ha.OMHANodeDetails (OMHANodeDetails.java:loadOMHAConfig(115)) - ozone.om.internal.service.id is not defined, falling back to ozone.om.service.ids to find serviceID for OzoneManager if it is HA enabled cluster
2023-06-19 20:32:38,463 [Time-limited test] INFO  ha.OMHANodeDetails (OMHANodeDetails.java:loadOMHAConfig(226)) - Configuration does not have ozone.om.address set. Falling back to the default OM address fv-az616-238/10.1.0.14:1202
2023-06-19 20:32:38,463 [Time-limited test] INFO  ha.OMHANodeDetails (OMHANodeDetails.java:getOMNodeDetailsForNonHA(254)) - OM Service ID is not set. Setting it to the default ID: omServiceIdDefault
2023-06-19 20:32:38,463 [Time-limited test] INFO  ha.OMHANodeDetails (OMHANodeDetails.java:getOMNodeDetailsForNonHA(261)) - OM Node ID is not set. Setting it to the default ID: om1
2023-06-19 20:32:38,463 [Time-limited test] WARN  server.ServerUtils (ServerUtils.java:getDBPath(311)) - ozone.om.db.dirs is not configured. We recommend adding this setting. Falling back to ozone.metadata.dirs instead.
2023-06-19 20:32:38,464 [Time-limited test] INFO  upgrade.AbstractLayoutVersionManager (AbstractLayoutVersionManager.java:init(83)) - Initializing Layout version manager with metadata layout = QUOTA (version = 6), software layout = QUOTA (version = 6)
2023-06-19 20:32:38,545 [Time-limited test] INFO  reflections.Reflections (Reflections.java:scan(232)) - Reflections took 80 ms to scan 2 urls, producing 181 keys and 502 values [using 2 cores]
2023-06-19 20:32:38,546 [Time-limited test] INFO  upgrade.OMLayoutVersionManager (OMLayoutVersionManager.java:lambda$0(115)) - Skipping Upgrade Action MockOmUpgradeAction since it has been finalized.
2023-06-19 20:32:38,546 [Time-limited test] INFO  upgrade.OMLayoutVersionManager (OMLayoutVersionManager.java:lambda$0(115)) - Skipping Upgrade Action QuotaRepairUpgradeAction since it has been finalized.
2023-06-19 20:32:38,549 [pool-472-thread-2] INFO  request.KdcRequest (KdcRequest.java:preauth(651)) - The preauth data is empty.
2023-06-19 20:32:38,549 [pool-472-thread-2] INFO  server.KdcHandler (KdcHandler.java:handleRecoverableException(177)) - KRB error occurred while processing request:Additional pre-authentication required
2023-06-19 20:32:38,553 [pool-472-thread-2] INFO  request.AsRequest (AsRequest.java:issueTicket(112)) - AS_REQ ISSUE: authtime 1687206758553,om/fv-az616-238@EXAMPLE.COM for krbtgt/EXAMPLE.COM@EXAMPLE.COM
2023-06-19 20:32:38,554 [Time-limited test] INFO  security.UserGroupInformation (UserGroupInformation.java:loginUserFromKeytab(1132)) - Login successful for user om/fv-az616-238@EXAMPLE.COM using keytab file om.keytab. Keytab auto renewal enabled : false
2023-06-19 20:32:38,554 [Time-limited test] INFO  om.OzoneManager (OzoneManager.java:loginOMUser(1134)) - Ozone Manager login successful.
2023-06-19 20:32:38,554 [Time-limited test] WARN  server.ServerUtils (ServerUtils.java:getDBPath(311)) - ozone.om.db.dirs is not configured. We recommend adding this setting. Falling back to ozone.metadata.dirs instead.
2023-06-19 20:32:38,555 [Time-limited test] INFO  proxy.SCMBlockLocationFailoverProxyProvider (SCMBlockLocationFailoverProxyProvider.java:<init>(114)) - Created block location fail-over proxy with 1 nodes: [nodeId=scmNodeId,nodeAddress=/0.0.0.0:9863]
2023-06-19 20:32:38,556 [Time-limited test] WARN  security.OMCertificateClient (DefaultCertificateClient.java:loadAllCertificates(161)) - Certificates could not be loaded.
java.nio.file.NoSuchFileException: /tmp/junit5318470234666417671/junit6264125206463078896/scm-meta/om/certs
	at sun.nio.fs.UnixException.translateToIOException(UnixException.java:86)
	at sun.nio.fs.UnixException.rethrowAsIOException(UnixException.java:102)
	at sun.nio.fs.UnixException.rethrowAsIOException(UnixException.java:107)
	at sun.nio.fs.UnixFileSystemProvider.newDirectoryStream(UnixFileSystemProvider.java:427)
	at java.nio.file.Files.newDirectoryStream(Files.java:457)
	at java.nio.file.Files.list(Files.java:3451)
	at org.apache.hadoop.hdds.security.x509.certificate.client.DefaultCertificateClient.loadAllCertificates(DefaultCertificateClient.java:156)
	at org.apache.hadoop.hdds.security.x509.certificate.client.DefaultCertificateClient.updateCertSerialId(DefaultCertificateClient.java:1206)
	at org.apache.hadoop.hdds.security.x509.certificate.client.DefaultCertificateClient.<init>(DefaultCertificateClient.java:148)
	at org.apache.hadoop.hdds.security.x509.certificate.client.CommonCertificateClient.<init>(CommonCertificateClient.java:43)
	at org.apache.hadoop.ozone.security.OMCertificateClient.<init>(OMCertificateClient.java:67)
	at org.apache.hadoop.ozone.om.OzoneManager.<init>(OzoneManager.java:626)
	at org.apache.hadoop.ozone.om.OzoneManager.createOm(OzoneManager.java:736)
	at org.apache.hadoop.ozone.TestSecureOzoneCluster.setupOm(TestSecureOzoneCluster.java:665)
	at org.apache.hadoop.ozone.TestSecureOzoneCluster.testSecureOMInitializationFailure(TestSecureOzoneCluster.java:490)
	at sun.reflect.NativeMethodAccessorImpl.invoke0(Native Method)
	at sun.reflect.NativeMethodAccessorImpl.invoke(NativeMethodAccessorImpl.java:62)
	at sun.reflect.DelegatingMethodAccessorImpl.invoke(DelegatingMethodAccessorImpl.java:43)
	at java.lang.reflect.Method.invoke(Method.java:498)
	at org.junit.runners.model.FrameworkMethod$1.runReflectiveCall(FrameworkMethod.java:59)
	at org.junit.internal.runners.model.ReflectiveCallable.run(ReflectiveCallable.java:12)
	at org.junit.runners.model.FrameworkMethod.invokeExplosively(FrameworkMethod.java:56)
	at org.junit.internal.runners.statements.InvokeMethod.evaluate(InvokeMethod.java:17)
	at org.junit.internal.runners.statements.RunBefores.evaluate(RunBefores.java:26)
	at org.junit.internal.runners.statements.RunAfters.evaluate(RunAfters.java:27)
	at org.junit.rules.ExternalResource$1.evaluate(ExternalResource.java:54)
	at org.junit.internal.runners.statements.FailOnTimeout$CallableStatement.call(FailOnTimeout.java:288)
	at org.junit.internal.runners.statements.FailOnTimeout$CallableStatement.call(FailOnTimeout.java:282)
	at java.util.concurrent.FutureTask.run(FutureTask.java:266)
	at java.lang.Thread.run(Thread.java:750)
2023-06-19 20:32:38,557 [Time-limited test] INFO  om.OzoneManager (OzoneManager.java:getOmDetailsProto(4486)) - OzoneManager ports added:[name: "RPC"
value: 1202
]
2023-06-19 20:32:38,558 [Time-limited test] INFO  om.OzoneManager (OzoneManager.java:<init>(644)) - OM start with adminUsers: [scm/fv-az616-238@EXAMPLE.COM, om]
2023-06-19 20:32:38,567 [Time-limited test] WARN  server.ServerUtils (ServerUtils.java:getDBPath(311)) - ozone.om.db.dirs is not configured. We recommend adding this setting. Falling back to ozone.metadata.dirs instead.
2023-06-19 20:32:38,567 [Time-limited test] INFO  helpers.OmKeyInfo (OmKeyInfo.java:getCodec(71)) - OmKeyInfo.getCodec ignorePipeline = true
2023-06-19 20:32:38,831 [Time-limited test] INFO  om.OzoneManager (OzoneManager.java:instantiateServices(773)) - S3 Multi-Tenancy is disabled
2023-06-19 20:32:38,832 [Time-limited test] INFO  security.OzoneSecretStore (OzoneSecretStore.java:loadState(69)) - Loaded 0 tokens
2023-06-19 20:32:38,832 [Time-limited test] INFO  security.OzoneDelegationTokenSecretManager (OzoneDelegationTokenSecretManager.java:loadTokenSecretState(530)) - Loading token state into token manager.
2023-06-19 20:32:38,832 [Time-limited test] INFO  om.OmSnapshotManager (OmSnapshotManager.java:<init>(170)) - Ozone filesystem snapshot feature is enabled.
2023-06-19 20:32:38,832 [Time-limited test] WARN  server.ServerUtils (ServerUtils.java:getDBPath(311)) - ozone.om.snapshot.diff.db.dir is not configured. We recommend adding this setting. Falling back to ozone.metadata.dirs instead.
2023-06-19 20:32:38,861 [Time-limited test] INFO  snapshot.SnapshotDiffManager (SnapshotDiffManager.java:closeExecutorService(1267)) - Shutting down executorService: 'SstDumpToolExecutor'
2023-06-19 20:32:38,876 [Time-limited test] INFO  om.OzoneManager (OzoneManager.java:addS3GVolumeToDB(4237)) - Created Volume s3v With Owner om required for S3Gateway operations.
2023-06-19 20:32:38,876 [Time-limited test] WARN  server.ServerUtils (ServerUtils.java:getDefaultRatisDirectory(323)) - Storage directory for Ratis is not configured. It is a good idea to map this to an SSD disk. Falling back to ozone.metadata.dirs
2023-06-19 20:32:38,876 [Time-limited test] WARN  utils.OzoneManagerRatisUtils (OzoneManagerRatisUtils.java:getOMRatisSnapshotDirectory(461)) - ozone.om.ratis.snapshot.dir is not configured. Falling back to ozone.metadata.dirs config
2023-06-19 20:32:38,877 [Time-limited test] WARN  server.ServerUtils (ServerUtils.java:getDefaultRatisDirectory(323)) - Storage directory for Ratis is not configured. It is a good idea to map this to an SSD disk. Falling back to ozone.metadata.dirs
2023-06-19 20:32:38,879 [Time-limited test] INFO  ratis.OzoneManagerRatisServer (OzoneManagerRatisServer.java:<init>(163)) - Instantiating OM Ratis server with groupID: omServiceIdDefault and peers: fv-az616-238:9872
2023-06-19 20:32:38,879 [Time-limited test] INFO  ratis.OzoneManagerStateMachine (OzoneManagerStateMachine.java:loadSnapshotInfoFromDB(670)) - LastAppliedIndex is set from TransactionInfo from OM DB as (t:0, i:~)
2023-06-19 20:32:38,879 [Time-limited test] INFO  server.RaftServer (ConfUtils.java:logGet(46)) - raft.rpc.type = GRPC (default)
2023-06-19 20:32:38,880 [Time-limited test] INFO  grpc.GrpcConfigKeys (ConfUtils.java:logFallback(53)) - raft.grpc.admin.host = null (fallback to raft.grpc.server.host)
2023-06-19 20:32:38,880 [Time-limited test] INFO  grpc.GrpcConfigKeys (ConfUtils.java:logFallback(53)) - raft.grpc.admin.port = 9872 (fallback to raft.grpc.server.port)
2023-06-19 20:32:38,880 [Time-limited test] INFO  grpc.GrpcConfigKeys (ConfUtils.java:logFallback(53)) - raft.grpc.client.host = null (fallback to raft.grpc.server.host)
2023-06-19 20:32:38,880 [Time-limited test] INFO  grpc.GrpcConfigKeys (ConfUtils.java:logFallback(53)) - raft.grpc.client.port = 9872 (fallback to raft.grpc.server.port)
2023-06-19 20:32:38,880 [Time-limited test] INFO  grpc.GrpcConfigKeys (ConfUtils.java:logGet(46)) - raft.grpc.server.host = null (default)
2023-06-19 20:32:38,880 [Time-limited test] INFO  grpc.GrpcConfigKeys (ConfUtils.java:logGet(46)) - raft.grpc.server.port = 9872 (custom)
2023-06-19 20:32:38,881 [Time-limited test] INFO  server.GrpcService (ConfUtils.java:logGet(46)) - raft.grpc.message.size.max = 33554432 (custom)
2023-06-19 20:32:38,881 [Time-limited test] INFO  server.RaftServerConfigKeys (ConfUtils.java:logGet(46)) - raft.server.log.appender.buffer.byte-limit = 33554432 (custom)
2023-06-19 20:32:38,881 [Time-limited test] INFO  server.GrpcService (ConfUtils.java:logGet(46)) - raft.grpc.flow.control.window = 1MB (=1048576) (default)
2023-06-19 20:32:38,881 [Time-limited test] INFO  server.RaftServerConfigKeys (ConfUtils.java:logGet(46)) - raft.server.rpc.request.timeout = 3000ms (default)
2023-06-19 20:32:38,881 [Time-limited test] INFO  grpc.GrpcConfigKeys (ConfUtils.java:logGet(46)) - raft.grpc.server.heartbeat.channel = true (default)
2023-06-19 20:32:38,881 [Time-limited test] INFO  grpc.GrpcConfigKeys (ConfUtils.java:logGet(46)) - raft.grpc.server.async.request.thread.pool.cached = true (default)
2023-06-19 20:32:38,881 [Time-limited test] INFO  grpc.GrpcConfigKeys (ConfUtils.java:logGet(46)) - raft.grpc.server.async.request.thread.pool.size = 32 (default)
2023-06-19 20:32:38,883 [Time-limited test] INFO  impl.DataStreamServerImpl (ConfUtils.java:logGet(46)) - raft.datastream.type = DISABLED (default)
2023-06-19 20:32:38,884 [Time-limited test] INFO  server.RaftServerConfigKeys (ConfUtils.java:logGet(46)) - raft.server.threadpool.proxy.cached = true (default)
2023-06-19 20:32:38,884 [Time-limited test] INFO  server.RaftServerConfigKeys (ConfUtils.java:logGet(46)) - raft.server.threadpool.proxy.size = 0 (default)
2023-06-19 20:32:38,884 [Time-limited test] INFO  server.RaftServerConfigKeys (ConfUtils.java:logGet(46)) - raft.server.rpc.slowness.timeout = 120s (custom)
2023-06-19 20:32:38,884 [Time-limited test] INFO  server.RaftServerConfigKeys (ConfUtils.java:logGet(46)) - raft.server.leaderelection.leader.step-down.wait-time = 10s (default)
2023-06-19 20:32:38,884 [Time-limited test] INFO  server.RaftServerConfigKeys (ConfUtils.java:logGet(46)) - raft.server.storage.dir = [/tmp/junit5318470234666417671/junit6264125206463078896/scm-meta/ratis] (custom)
2023-06-19 20:32:38,886 [Time-limited test] INFO  server.RaftServer (RaftServerProxy.java:addNew(98)) - om1: addNew group-C5BA1605619E:[om1|rpc:fv-az616-238:9872|priority:0|startupRole:FOLLOWER] returns group-C5BA1605619E:java.util.concurrent.CompletableFuture@4968d702[Not completed]
2023-06-19 20:32:38,886 [Time-limited test] INFO  om.OzoneManager (OzoneManager.java:initializeRatisServer(2106)) - OzoneManager Ratis server initialized at port 9872
2023-06-19 20:32:38,886 [Time-limited test] INFO  om.OzoneManager (OzoneManager.java:getRpcServer(1166)) - Creating RPC Server
2023-06-19 20:32:38,889 [om1-groupManagement] INFO  server.RaftServer$Division (RaftServerImpl.java:<init>(198)) - om1: new RaftServerImpl for group-C5BA1605619E:[om1|rpc:fv-az616-238:9872|priority:0|startupRole:FOLLOWER] with OzoneManagerStateMachine:uninitialized
2023-06-19 20:32:38,889 [om1-groupManagement] INFO  server.RaftServerConfigKeys (ConfUtils.java:logGet(46)) - raft.server.rpc.timeout.min = 5s (custom)
2023-06-19 20:32:38,889 [om1-groupManagement] INFO  server.RaftServerConfigKeys (ConfUtils.java:logGet(46)) - raft.server.rpc.timeout.max = 5200ms (custom)
2023-06-19 20:32:38,889 [om1-groupManagement] INFO  server.RaftServerConfigKeys (ConfUtils.java:logGet(46)) - raft.server.rpc.sleep.time = 25ms (default)
2023-06-19 20:32:38,889 [om1-groupManagement] INFO  server.RaftServerConfigKeys (ConfUtils.java:logGet(46)) - raft.server.rpc.slowness.timeout = 120s (custom)
2023-06-19 20:32:38,889 [om1-groupManagement] INFO  server.RaftServerConfigKeys (ConfUtils.java:logGet(46)) - raft.server.leaderelection.leader.step-down.wait-time = 10s (default)
2023-06-19 20:32:38,889 [om1-groupManagement] INFO  server.RaftServerConfigKeys (ConfUtils.java:logGet(46)) - raft.server.sleep.deviation.threshold = 300ms (default)
2023-06-19 20:32:38,889 [om1-groupManagement] INFO  server.RaftServer$Division (ServerState.java:<init>(120)) - om1@group-C5BA1605619E: ConfigurationManager, init=-1: peers:[om1|rpc:fv-az616-238:9872|priority:0|startupRole:FOLLOWER]|listeners:[], old=null, confs=<EMPTY_MAP>
2023-06-19 20:32:38,890 [om1-groupManagement] INFO  server.RaftServerConfigKeys (ConfUtils.java:logGet(46)) - raft.server.storage.dir = [/tmp/junit5318470234666417671/junit6264125206463078896/scm-meta/ratis] (custom)
2023-06-19 20:32:38,890 [om1-groupManagement] INFO  server.RaftServerConfigKeys (ConfUtils.java:logGet(46)) - raft.server.log.corruption.policy = EXCEPTION (default)
2023-06-19 20:32:38,890 [om1-groupManagement] INFO  server.RaftServerConfigKeys (ConfUtils.java:logGet(46)) - raft.server.storage.free-space.min = 0MB (=0) (default)
2023-06-19 20:32:38,890 [om1-groupManagement] INFO  server.RaftServerConfigKeys (ConfUtils.java:logGet(46)) - raft.server.notification.no-leader.timeout = 120s (custom)
2023-06-19 20:32:38,890 [om1-groupManagement] INFO  server.RaftServerConfigKeys (ConfUtils.java:logGet(46)) - raft.server.read.timeout = 10s (default)
2023-06-19 20:32:38,890 [om1-groupManagement] INFO  server.RaftServerConfigKeys (ConfUtils.java:logGet(46)) - raft.server.retrycache.expirytime = 300s (custom)
2023-06-19 20:32:38,890 [om1-groupManagement] INFO  server.RaftServerConfigKeys (ConfUtils.java:logGet(46)) - raft.server.retrycache.statistics.expirytime = 100μs (default)
2023-06-19 20:32:38,890 [om1-groupManagement] INFO  server.RaftServerConfigKeys (ConfUtils.java:logGet(46)) - raft.server.read.option = DEFAULT (default)
2023-06-19 20:32:38,892 [om1-groupManagement] INFO  server.RaftServerConfigKeys (ConfUtils.java:logGet(46)) - raft.server.rpc.request.timeout = 3000ms (default)
2023-06-19 20:32:38,892 [om1-groupManagement] INFO  server.RaftServerConfigKeys (ConfUtils.java:logGet(46)) - raft.server.log.appender.install.snapshot.enabled = false (custom)
2023-06-19 20:32:38,892 [om1-groupManagement] INFO  server.RaftServerConfigKeys (ConfUtils.java:logGet(46)) - raft.server.threadpool.server.cached = true (default)
2023-06-19 20:32:38,892 [om1-groupManagement] INFO  server.RaftServerConfigKeys (ConfUtils.java:logGet(46)) - raft.server.threadpool.server.size = 0 (default)
2023-06-19 20:32:38,893 [om1-groupManagement] INFO  server.RaftServerConfigKeys (ConfUtils.java:logGet(46)) - raft.server.threadpool.client.cached = true (default)
2023-06-19 20:32:38,893 [om1-groupManagement] INFO  server.RaftServerConfigKeys (ConfUtils.java:logGet(46)) - raft.server.threadpool.client.size = 0 (default)
2023-06-19 20:32:39,385 [Time-limited test] INFO  reflections.Reflections (Reflections.java:scan(232)) - Reflections took 497 ms to scan 19 urls, producing 69 keys and 5367 values [using 2 cores]
2023-06-19 20:32:39,387 [Time-limited test] INFO  ipc.CallQueueManager (CallQueueManager.java:<init>(90)) - Using callQueue: class java.util.concurrent.LinkedBlockingQueue, queueCapacity: 10000, scheduler: class org.apache.hadoop.ipc.DefaultRpcScheduler, ipcBackoff: false.
2023-06-19 20:32:39,388 [Socket Reader #1 for port 1202] INFO  ipc.Server (Server.java:run(1319)) - Starting Socket Reader #1 for port 1202
2023-06-19 20:32:39,390 [Listener at fv-az616-238/1202] INFO  hdds.HddsUtils (HddsUtils.java:preserveThreadName(848)) - Restoring thread name: Time-limited test
2023-06-19 20:32:39,416 [Time-limited test] INFO  ha.OMHANodeDetails (OMHANodeDetails.java:loadOMHAConfig(115)) - ozone.om.internal.service.id is not defined, falling back to ozone.om.service.ids to find serviceID for OzoneManager if it is HA enabled cluster
2023-06-19 20:32:39,416 [Time-limited test] INFO  ha.OMHANodeDetails (OMHANodeDetails.java:loadOMHAConfig(226)) - Configuration does not have ozone.om.address set. Falling back to the default OM address fv-az616-238/10.1.0.14:1202
2023-06-19 20:32:39,416 [Time-limited test] INFO  ha.OMHANodeDetails (OMHANodeDetails.java:getOMNodeDetailsForNonHA(254)) - OM Service ID is not set. Setting it to the default ID: omServiceIdDefault
2023-06-19 20:32:39,416 [Time-limited test] INFO  ha.OMHANodeDetails (OMHANodeDetails.java:getOMNodeDetailsForNonHA(261)) - OM Node ID is not set. Setting it to the default ID: om1
2023-06-19 20:32:39,416 [Time-limited test] WARN  server.ServerUtils (ServerUtils.java:getDBPath(311)) - ozone.om.db.dirs is not configured. We recommend adding this setting. Falling back to ozone.metadata.dirs instead.
2023-06-19 20:32:39,418 [Time-limited test] INFO  upgrade.AbstractLayoutVersionManager (AbstractLayoutVersionManager.java:init(83)) - Initializing Layout version manager with metadata layout = QUOTA (version = 6), software layout = QUOTA (version = 6)
2023-06-19 20:32:39,500 [Time-limited test] INFO  reflections.Reflections (Reflections.java:scan(232)) - Reflections took 81 ms to scan 2 urls, producing 181 keys and 502 values [using 2 cores]
2023-06-19 20:32:39,501 [Time-limited test] INFO  upgrade.OMLayoutVersionManager (OMLayoutVersionManager.java:lambda$0(115)) - Skipping Upgrade Action MockOmUpgradeAction since it has been finalized.
2023-06-19 20:32:39,501 [Time-limited test] INFO  upgrade.OMLayoutVersionManager (OMLayoutVersionManager.java:lambda$0(115)) - Skipping Upgrade Action QuotaRepairUpgradeAction since it has been finalized.
2023-06-19 20:32:39,503 [Time-limited test] INFO  ha.OMHANodeDetails (OMHANodeDetails.java:loadOMHAConfig(115)) - ozone.om.internal.service.id is not defined, falling back to ozone.om.service.ids to find serviceID for OzoneManager if it is HA enabled cluster
2023-06-19 20:32:39,503 [Time-limited test] INFO  ha.OMHANodeDetails (OMHANodeDetails.java:loadOMHAConfig(226)) - Configuration does not have ozone.om.address set. Falling back to the default OM address fv-az616-238/10.1.0.14:1202
2023-06-19 20:32:39,503 [Time-limited test] INFO  ha.OMHANodeDetails (OMHANodeDetails.java:getOMNodeDetailsForNonHA(254)) - OM Service ID is not set. Setting it to the default ID: omServiceIdDefault
2023-06-19 20:32:39,503 [Time-limited test] INFO  ha.OMHANodeDetails (OMHANodeDetails.java:getOMNodeDetailsForNonHA(261)) - OM Node ID is not set. Setting it to the default ID: om1
2023-06-19 20:32:39,503 [Time-limited test] WARN  server.ServerUtils (ServerUtils.java:getDBPath(311)) - ozone.om.db.dirs is not configured. We recommend adding this setting. Falling back to ozone.metadata.dirs instead.
2023-06-19 20:32:39,505 [Time-limited test] INFO  upgrade.AbstractLayoutVersionManager (AbstractLayoutVersionManager.java:init(83)) - Initializing Layout version manager with metadata layout = QUOTA (version = 6), software layout = QUOTA (version = 6)
2023-06-19 20:32:39,593 [Time-limited test] INFO  reflections.Reflections (Reflections.java:scan(232)) - Reflections took 87 ms to scan 2 urls, producing 181 keys and 502 values [using 2 cores]
2023-06-19 20:32:39,593 [Time-limited test] INFO  upgrade.OMLayoutVersionManager (OMLayoutVersionManager.java:lambda$0(115)) - Skipping Upgrade Action MockOmUpgradeAction since it has been finalized.
2023-06-19 20:32:39,593 [Time-limited test] INFO  upgrade.OMLayoutVersionManager (OMLayoutVersionManager.java:lambda$0(115)) - Skipping Upgrade Action QuotaRepairUpgradeAction since it has been finalized.
2023-06-19 20:32:39,594 [Time-limited test] INFO  ha.OMHANodeDetails (OMHANodeDetails.java:loadOMHAConfig(115)) - ozone.om.internal.service.id is not defined, falling back to ozone.om.service.ids to find serviceID for OzoneManager if it is HA enabled cluster
2023-06-19 20:32:39,594 [Time-limited test] INFO  ha.OMHANodeDetails (OMHANodeDetails.java:loadOMHAConfig(226)) - Configuration does not have ozone.om.address set. Falling back to the default OM address fv-az616-238/10.1.0.14:1202
2023-06-19 20:32:39,594 [Time-limited test] INFO  ha.OMHANodeDetails (OMHANodeDetails.java:getOMNodeDetailsForNonHA(254)) - OM Service ID is not set. Setting it to the default ID: omServiceIdDefault
2023-06-19 20:32:39,594 [Time-limited test] INFO  ha.OMHANodeDetails (OMHANodeDetails.java:getOMNodeDetailsForNonHA(261)) - OM Node ID is not set. Setting it to the default ID: om1
2023-06-19 20:32:39,594 [Time-limited test] WARN  server.ServerUtils (ServerUtils.java:getDBPath(311)) - ozone.om.db.dirs is not configured. We recommend adding this setting. Falling back to ozone.metadata.dirs instead.
2023-06-19 20:32:39,596 [Time-limited test] INFO  upgrade.AbstractLayoutVersionManager (AbstractLayoutVersionManager.java:init(83)) - Initializing Layout version manager with metadata layout = QUOTA (version = 6), software layout = QUOTA (version = 6)
2023-06-19 20:32:39,686 [Time-limited test] INFO  reflections.Reflections (Reflections.java:scan(232)) - Reflections took 89 ms to scan 2 urls, producing 181 keys and 502 values [using 2 cores]
2023-06-19 20:32:39,687 [Time-limited test] INFO  upgrade.OMLayoutVersionManager (OMLayoutVersionManager.java:lambda$0(115)) - Skipping Upgrade Action MockOmUpgradeAction since it has been finalized.
2023-06-19 20:32:39,687 [Time-limited test] INFO  upgrade.OMLayoutVersionManager (OMLayoutVersionManager.java:lambda$0(115)) - Skipping Upgrade Action QuotaRepairUpgradeAction since it has been finalized.
2023-06-19 20:32:39,688 [Time-limited test] INFO  impl.DefaultInternalKdcServerImpl (DefaultInternalKdcServerImpl.java:doStop(102)) - Default Internal kdc server stopped.
2023-06-19 20:32:40,689 [Time-limited test] INFO  minikdc.MiniKdc (MiniKdc.java:stop(359)) - MiniKdc stopped.
2023-06-19 20:32:40,689 [Time-limited test] INFO  server.StorageContainerManager (StorageContainerManager.java:stop(1584)) - Container Balancer is not running.
2023-06-19 20:32:40,689 [Time-limited test] INFO  server.StorageContainerManager (StorageContainerManager.java:stopReplicationManager(1717)) - Stopping Replication Manager Service.
2023-06-19 20:32:40,689 [Time-limited test] INFO  replication.ReplicationManager (ReplicationManager.java:stop(319)) - Stopping Replication Monitor Thread.
2023-06-19 20:32:40,689 [Time-limited test] INFO  server.StorageContainerManager (StorageContainerManager.java:stop(1593)) - Stopping the Datanode Admin Monitor.
2023-06-19 20:32:40,689 [Under Replicated Processor] WARN  replication.UnhealthyReplicationProcessor (UnhealthyReplicationProcessor.java:run(180)) - Under Replicated Processor interrupted. Exiting...
2023-06-19 20:32:40,689 [Over Replicated Processor] WARN  replication.UnhealthyReplicationProcessor (UnhealthyReplicationProcessor.java:run(180)) - Over Replicated Processor interrupted. Exiting...
2023-06-19 20:32:40,690 [ReplicationMonitor] INFO  replication.ReplicationManager (ReplicationManager.java:run(918)) - Replication Monitor Thread is stopped
2023-06-19 20:32:40,689 [Time-limited test] INFO  server.StorageContainerManager (StorageContainerManager.java:stop(1600)) - Stopping datanode service RPC server
2023-06-19 20:32:40,690 [Time-limited test] INFO  server.SCMDatanodeProtocolServer (SCMDatanodeProtocolServer.java:stop(424)) - Stopping the RPC server for DataNodes
2023-06-19 20:32:40,690 [Time-limited test] INFO  ipc.Server (Server.java:stop(3501)) - Stopping server on 9861
2023-06-19 20:32:41,401 [SCM Heartbeat Processing Thread - 0] WARN  node.NodeStateManager (NodeStateManager.java:scheduleNextHealthCheck(870)) - Current Thread is interrupted, shutting down HB processing thread for Node Manager.
2023-06-19 20:32:41,401 [Time-limited test] INFO  server.StorageContainerManager (StorageContainerManager.java:stop(1608)) - Stopping block service RPC server
2023-06-19 20:32:41,401 [Time-limited test] INFO  server.SCMBlockProtocolServer (SCMBlockProtocolServer.java:stop(161)) - Stopping the RPC server for Block Protocol
2023-06-19 20:32:41,402 [Time-limited test] INFO  ipc.Server (Server.java:stop(3501)) - Stopping server on 9863
2023-06-19 20:32:41,402 [Time-limited test] INFO  server.StorageContainerManager (StorageContainerManager.java:stop(1615)) - Stopping the StorageContainerLocationProtocol RPC server
2023-06-19 20:32:41,402 [Time-limited test] INFO  server.SCMClientProtocolServer (SCMClientProtocolServer.java:stop(210)) - Stopping the RPC server for Client Protocol
2023-06-19 20:32:41,402 [Time-limited test] INFO  ipc.Server (Server.java:stop(3501)) - Stopping server on 9860
2023-06-19 20:32:41,403 [Time-limited test] INFO  server.StorageContainerManager (StorageContainerManager.java:stop(1622)) - Stopping Storage Container Manager HTTP server.
2023-06-19 20:32:41,403 [Time-limited test] INFO  server.StorageContainerManager (StorageContainerManager.java:stop(1630)) - Stopping SCM LayoutVersionManager Service.
2023-06-19 20:32:41,403 [Time-limited test] INFO  server.SCMSecurityProtocolServer (SCMSecurityProtocolServer.java:stop(473)) - Stopping the SCMSecurityProtocolServer.
2023-06-19 20:32:41,406 [Time-limited test] INFO  ipc.Server (Server.java:stop(3501)) - Stopping server on 9961
2023-06-19 20:32:41,410 [Time-limited test] INFO  server.SCMUpdateServiceGrpcServer (SCMUpdateServiceGrpcServer.java:stop(73)) - SCMUpdateService stopping
2023-06-19 20:32:41,411 [Time-limited test] INFO  server.StorageContainerManager (StorageContainerManager.java:stop(1642)) - Stopping Block Manager Service.
2023-06-19 20:32:41,411 [Time-limited test] INFO  utils.BackgroundService (BackgroundService.java:shutdown(141)) - Shutting down service SCMBlockDeletingService
2023-06-19 20:32:41,411 [Time-limited test] INFO  utils.BackgroundService (BackgroundService.java:shutdown(141)) - Shutting down service SCMBlockDeletingService
2023-06-19 20:32:41,411 [Time-limited test] INFO  server.StorageContainerManager (StorageContainerManager.java:stop(1662)) - Stopping SCM Event Queue.
2023-06-19 20:32:41,411 [Time-limited test] INFO  server.StorageContainerManager (StorageContainerManager.java:stop(1673)) - Stopping SCM HA services.
2023-06-19 20:32:41,411 [Time-limited test] INFO  pipeline.BackgroundPipelineCreator (BackgroundPipelineCreator.java:stop(149)) - Stopping RatisPipelineUtilsThread.
2023-06-19 20:32:41,414 [RatisPipelineUtilsThread - 0] WARN  pipeline.BackgroundPipelineCreator (BackgroundPipelineCreator.java:run(180)) - RatisPipelineUtilsThread is interrupted.
2023-06-19 20:32:41,415 [BackgroundPipelineScrubberThread] WARN  BackgroundPipelineScrubber (BackgroundSCMService.java:run(115)) - BackgroundPipelineScrubber is interrupted, exit
2023-06-19 20:32:41,415 [Time-limited test] INFO  BackgroundPipelineScrubber (BackgroundSCMService.java:stop(131)) - Stopping BackgroundPipelineScrubber Service.
2023-06-19 20:32:41,415 [Time-limited test] WARN  pipeline.BackgroundPipelineCreator (BackgroundPipelineCreator.java:stop(145)) - RatisPipelineUtilsThread is not running, just ignore.
2023-06-19 20:32:41,416 [Time-limited test] INFO  BackgroundPipelineScrubber (BackgroundSCMService.java:stop(126)) - BackgroundPipelineScrubber Service is not running, skip stop.
2023-06-19 20:32:41,416 [ExpiredContainerReplicaOpScrubberThread] WARN  ExpiredContainerReplicaOpScrubber (BackgroundSCMService.java:run(115)) - ExpiredContainerReplicaOpScrubber is interrupted, exit
2023-06-19 20:32:41,416 [Time-limited test] INFO  ExpiredContainerReplicaOpScrubber (BackgroundSCMService.java:stop(131)) - Stopping ExpiredContainerReplicaOpScrubber Service.
2023-06-19 20:32:41,416 [Time-limited test] INFO  utils.BackgroundService (BackgroundService.java:shutdown(141)) - Shutting down service SCMBlockDeletingService
2023-06-19 20:32:41,417 [Time-limited test] INFO  replication.ReplicationManager (ReplicationManager.java:stop(329)) - Replication Monitor Thread is not running.
2023-06-19 20:32:41,417 [Time-limited test] WARN  balancer.ContainerBalancer (ContainerBalancer.java:stop(328)) - Cannot stop Container Balancer because it's not running or stopping
2023-06-19 20:32:41,417 [Time-limited test] INFO  server.StorageContainerManager (StorageContainerManager.java:stop(1708)) - Stopping SCM MetadataStore.
2023-06-19 20:32:41,424 [Time-limited test] INFO  server.SCMSecurityProtocolServer (SCMSecurityProtocolServer.java:join(483)) - Join RPC server for SCMSecurityProtocolServer.
2023-06-19 20:32:41,424 [Time-limited test] INFO  server.SCMSecurityProtocolServer (SCMSecurityProtocolServer.java:join(485)) - Join gRPC server for SCMSecurityProtocolServer.
2023-06-19 20:32:41,424 [Time-limited test] INFO  om.OzoneManager (OzoneManager.java:stop(2165)) - om1[fv-az616-238:1202]: Stopping Ozone Manager
2023-06-19 20:32:41,424 [Time-limited test] INFO  ipc.Server (Server.java:stop(3501)) - Stopping server on 1202
2023-06-19 20:32:41,430 [Time-limited test] INFO  ratis.OzoneManagerStateMachine (OzoneManagerStateMachine.java:close(533)) - StateMachine has shutdown. Shutdown OzoneManager if not already shutdown.
2023-06-19 20:32:41,430 [Time-limited test] INFO  ratis.OzoneManagerDoubleBuffer (OzoneManagerDoubleBuffer.java:stopDaemon(551)) - Stopping OMDoubleBuffer flush thread
2023-06-19 20:32:41,430 [OMDoubleBufferFlushThread] INFO  ratis.OzoneManagerDoubleBuffer (OzoneManagerDoubleBuffer.java:canFlush(638)) - OMDoubleBuffer flush thread OMDoubleBufferFlushThread is interrupted and will exit.
2023-06-19 20:32:41,430 [Time-limited test] INFO  om.OzoneManager (OzoneManager.java:stopSecretManager(1037)) - Stopping secret key client.
2023-06-19 20:32:41,430 [Time-limited test] INFO  om.OzoneManager (OzoneManager.java:stopSecretManager(1042)) - Stopping OM delegation token secret manager.
2023-06-19 20:32:41,432 [Time-limited test] INFO  snapshot.SnapshotDiffManager (SnapshotDiffManager.java:closeExecutorService(1267)) - Shutting down executorService: 'SnapDiffExecutor'
2023-06-19 20:32:41,432 [Time-limited test] INFO  snapshot.SnapshotDiffManager (SnapshotDiffManager.java:closeExecutorService(1267)) - Shutting down executorService: 'SstDumpToolExecutor'
2023-06-19 20:32:41,432 [Time-limited test] INFO  utils.BackgroundService (BackgroundService.java:shutdown(141)) - Shutting down service SnapshotDiffCleanupService
]]></system-out>
  </testcase>
  <testcase name="testDelegationTokenRenewal" classname="org.apache.hadoop.ozone.TestSecureOzoneCluster" time="10.885">
    <system-out><![CDATA[2023-06-19 20:32:41,464 [Time-limited test] INFO  net.ServerSocketUtil (ServerSocketUtil.java:getPort(55)) - Using port 9860
2023-06-19 20:32:41,465 [Time-limited test] INFO  net.ServerSocketUtil (ServerSocketUtil.java:getPort(55)) - Using port 9861
2023-06-19 20:32:41,465 [Time-limited test] INFO  net.ServerSocketUtil (ServerSocketUtil.java:getPort(55)) - Using port 9863
2023-06-19 20:32:41,465 [Time-limited test] INFO  net.ServerSocketUtil (ServerSocketUtil.java:getPort(55)) - Using port 9961
2023-06-19 20:32:41,465 [Time-limited test] INFO  net.ServerSocketUtil (ServerSocketUtil.java:getPort(55)) - Using port 1200
2023-06-19 20:32:41,465 [Time-limited test] INFO  net.ServerSocketUtil (ServerSocketUtil.java:getPort(55)) - Using port 1201
2023-06-19 20:32:41,466 [Time-limited test] INFO  minikdc.MiniKdc (MiniKdc.java:<init>(225)) - Configuration:
2023-06-19 20:32:41,466 [Time-limited test] INFO  minikdc.MiniKdc (MiniKdc.java:<init>(226)) - ---------------------------------------------------------------
2023-06-19 20:32:41,466 [Time-limited test] INFO  minikdc.MiniKdc (MiniKdc.java:<init>(228)) -   debug: false
2023-06-19 20:32:41,466 [Time-limited test] INFO  minikdc.MiniKdc (MiniKdc.java:<init>(228)) -   transport: TCP
2023-06-19 20:32:41,466 [Time-limited test] INFO  minikdc.MiniKdc (MiniKdc.java:<init>(228)) -   max.ticket.lifetime: 86400000
2023-06-19 20:32:41,466 [Time-limited test] INFO  minikdc.MiniKdc (MiniKdc.java:<init>(228)) -   org.name: EXAMPLE
2023-06-19 20:32:41,466 [Time-limited test] INFO  minikdc.MiniKdc (MiniKdc.java:<init>(228)) -   kdc.port: 0
2023-06-19 20:32:41,466 [Time-limited test] INFO  minikdc.MiniKdc (MiniKdc.java:<init>(228)) -   org.domain: COM
2023-06-19 20:32:41,466 [Time-limited test] INFO  minikdc.MiniKdc (MiniKdc.java:<init>(228)) -   max.renewable.lifetime: 604800000
2023-06-19 20:32:41,466 [Time-limited test] INFO  minikdc.MiniKdc (MiniKdc.java:<init>(228)) -   instance: DefaultKrbServer
2023-06-19 20:32:41,466 [Time-limited test] INFO  minikdc.MiniKdc (MiniKdc.java:<init>(228)) -   kdc.bind.address: localhost
2023-06-19 20:32:41,466 [Time-limited test] INFO  minikdc.MiniKdc (MiniKdc.java:<init>(230)) - ---------------------------------------------------------------
2023-06-19 20:32:41,469 [Time-limited test] INFO  minikdc.MiniKdc (MiniKdc.java:start(285)) - MiniKdc started.
2023-06-19 20:32:41,663 [Time-limited test] WARN  server.ServerUtils (ServerUtils.java:getDBPath(311)) - ozone.om.db.dirs is not configured. We recommend adding this setting. Falling back to ozone.metadata.dirs instead.
2023-06-19 20:32:41,670 [Time-limited test] INFO  ha.OMHANodeDetails (OMHANodeDetails.java:loadOMHAConfig(115)) - ozone.om.internal.service.id is not defined, falling back to ozone.om.service.ids to find serviceID for OzoneManager if it is HA enabled cluster
2023-06-19 20:32:41,670 [Time-limited test] INFO  ha.OMHANodeDetails (OMHANodeDetails.java:loadOMHAConfig(226)) - Configuration does not have ozone.om.address set. Falling back to the default OM address fv-az616-238/10.1.0.14:1202
2023-06-19 20:32:41,670 [Time-limited test] INFO  ha.OMHANodeDetails (OMHANodeDetails.java:getOMNodeDetailsForNonHA(254)) - OM Service ID is not set. Setting it to the default ID: omServiceIdDefault
2023-06-19 20:32:41,670 [Time-limited test] INFO  ha.OMHANodeDetails (OMHANodeDetails.java:getOMNodeDetailsForNonHA(261)) - OM Node ID is not set. Setting it to the default ID: om1
2023-06-19 20:32:41,670 [Time-limited test] WARN  server.ServerUtils (ServerUtils.java:getDBPath(311)) - ozone.om.db.dirs is not configured. We recommend adding this setting. Falling back to ozone.metadata.dirs instead.
2023-06-19 20:32:41,690 [Time-limited test] INFO  upgrade.AbstractLayoutVersionManager (AbstractLayoutVersionManager.java:init(83)) - Initializing Layout version manager with metadata layout = QUOTA (version = 6), software layout = QUOTA (version = 6)
2023-06-19 20:32:41,764 [Time-limited test] INFO  reflections.Reflections (Reflections.java:scan(232)) - Reflections took 72 ms to scan 2 urls, producing 181 keys and 502 values [using 2 cores]
2023-06-19 20:32:41,765 [Time-limited test] INFO  upgrade.OMLayoutVersionManager (OMLayoutVersionManager.java:lambda$0(115)) - Skipping Upgrade Action MockOmUpgradeAction since it has been finalized.
2023-06-19 20:32:41,765 [Time-limited test] INFO  upgrade.OMLayoutVersionManager (OMLayoutVersionManager.java:lambda$0(115)) - Skipping Upgrade Action QuotaRepairUpgradeAction since it has been finalized.
2023-06-19 20:32:41,768 [pool-538-thread-1] INFO  request.KdcRequest (KdcRequest.java:preauth(651)) - The preauth data is empty.
2023-06-19 20:32:41,769 [pool-538-thread-1] INFO  server.KdcHandler (KdcHandler.java:handleRecoverableException(177)) - KRB error occurred while processing request:Additional pre-authentication required
2023-06-19 20:32:41,773 [pool-538-thread-1] INFO  request.AsRequest (AsRequest.java:issueTicket(112)) - AS_REQ ISSUE: authtime 1687206761772,om/fv-az616-238@EXAMPLE.COM for krbtgt/EXAMPLE.COM@EXAMPLE.COM
2023-06-19 20:32:41,775 [Time-limited test] INFO  security.UserGroupInformation (UserGroupInformation.java:loginUserFromKeytab(1132)) - Login successful for user om/fv-az616-238@EXAMPLE.COM using keytab file om.keytab. Keytab auto renewal enabled : false
2023-06-19 20:32:41,775 [Time-limited test] INFO  om.OzoneManager (OzoneManager.java:loginOMUser(1134)) - Ozone Manager login successful.
2023-06-19 20:32:41,775 [Time-limited test] WARN  server.ServerUtils (ServerUtils.java:getDBPath(311)) - ozone.om.db.dirs is not configured. We recommend adding this setting. Falling back to ozone.metadata.dirs instead.
2023-06-19 20:32:41,778 [Time-limited test] INFO  proxy.SCMBlockLocationFailoverProxyProvider (SCMBlockLocationFailoverProxyProvider.java:<init>(114)) - Created block location fail-over proxy with 1 nodes: [nodeId=scmNodeId,nodeAddress=localhost/127.0.0.1:9863]
2023-06-19 20:32:41,779 [Time-limited test] WARN  security.OMCertificateClient (DefaultCertificateClient.java:loadAllCertificates(161)) - Certificates could not be loaded.
java.nio.file.NoSuchFileException: /tmp/junit3217488157038146222/junit1080339776679152379/om-meta/om/certs
	at sun.nio.fs.UnixException.translateToIOException(UnixException.java:86)
	at sun.nio.fs.UnixException.rethrowAsIOException(UnixException.java:102)
	at sun.nio.fs.UnixException.rethrowAsIOException(UnixException.java:107)
	at sun.nio.fs.UnixFileSystemProvider.newDirectoryStream(UnixFileSystemProvider.java:427)
	at java.nio.file.Files.newDirectoryStream(Files.java:457)
	at java.nio.file.Files.list(Files.java:3451)
	at org.apache.hadoop.hdds.security.x509.certificate.client.DefaultCertificateClient.loadAllCertificates(DefaultCertificateClient.java:156)
	at org.apache.hadoop.hdds.security.x509.certificate.client.DefaultCertificateClient.updateCertSerialId(DefaultCertificateClient.java:1206)
	at org.apache.hadoop.hdds.security.x509.certificate.client.DefaultCertificateClient.<init>(DefaultCertificateClient.java:148)
	at org.apache.hadoop.hdds.security.x509.certificate.client.CommonCertificateClient.<init>(CommonCertificateClient.java:43)
	at org.apache.hadoop.ozone.security.OMCertificateClient.<init>(OMCertificateClient.java:67)
	at org.apache.hadoop.ozone.om.OzoneManager.<init>(OzoneManager.java:626)
	at org.apache.hadoop.ozone.om.OzoneManager.createOm(OzoneManager.java:736)
	at org.apache.hadoop.ozone.TestSecureOzoneCluster.setupOm(TestSecureOzoneCluster.java:665)
	at org.apache.hadoop.ozone.TestSecureOzoneCluster.testDelegationTokenRenewal(TestSecureOzoneCluster.java:587)
	at sun.reflect.NativeMethodAccessorImpl.invoke0(Native Method)
	at sun.reflect.NativeMethodAccessorImpl.invoke(NativeMethodAccessorImpl.java:62)
	at sun.reflect.DelegatingMethodAccessorImpl.invoke(DelegatingMethodAccessorImpl.java:43)
	at java.lang.reflect.Method.invoke(Method.java:498)
	at org.junit.runners.model.FrameworkMethod$1.runReflectiveCall(FrameworkMethod.java:59)
	at org.junit.internal.runners.model.ReflectiveCallable.run(ReflectiveCallable.java:12)
	at org.junit.runners.model.FrameworkMethod.invokeExplosively(FrameworkMethod.java:56)
	at org.junit.internal.runners.statements.InvokeMethod.evaluate(InvokeMethod.java:17)
	at org.junit.internal.runners.statements.RunBefores.evaluate(RunBefores.java:26)
	at org.junit.internal.runners.statements.RunAfters.evaluate(RunAfters.java:27)
	at org.junit.rules.ExternalResource$1.evaluate(ExternalResource.java:54)
	at org.junit.internal.runners.statements.FailOnTimeout$CallableStatement.call(FailOnTimeout.java:288)
	at org.junit.internal.runners.statements.FailOnTimeout$CallableStatement.call(FailOnTimeout.java:282)
	at java.util.concurrent.FutureTask.run(FutureTask.java:266)
	at java.lang.Thread.run(Thread.java:750)
2023-06-19 20:32:41,780 [Time-limited test] INFO  om.OzoneManager (OzoneManager.java:getOmDetailsProto(4486)) - OzoneManager ports added:[name: "RPC"
value: 1202
]
2023-06-19 20:32:41,781 [Time-limited test] INFO  om.OzoneManager (OzoneManager.java:<init>(644)) - OM start with adminUsers: [om/fv-az616-238@EXAMPLE.COM, om]
2023-06-19 20:32:41,783 [Time-limited test] WARN  server.ServerUtils (ServerUtils.java:getDBPath(311)) - ozone.om.db.dirs is not configured. We recommend adding this setting. Falling back to ozone.metadata.dirs instead.
2023-06-19 20:32:41,783 [Time-limited test] INFO  helpers.OmKeyInfo (OmKeyInfo.java:getCodec(71)) - OmKeyInfo.getCodec ignorePipeline = true
2023-06-19 20:32:42,046 [Time-limited test] INFO  om.OzoneManager (OzoneManager.java:instantiateServices(773)) - S3 Multi-Tenancy is disabled
2023-06-19 20:32:42,047 [Time-limited test] INFO  security.OzoneSecretStore (OzoneSecretStore.java:loadState(69)) - Loaded 0 tokens
2023-06-19 20:32:42,047 [Time-limited test] INFO  security.OzoneDelegationTokenSecretManager (OzoneDelegationTokenSecretManager.java:loadTokenSecretState(530)) - Loading token state into token manager.
2023-06-19 20:32:42,047 [Time-limited test] INFO  om.OmSnapshotManager (OmSnapshotManager.java:<init>(170)) - Ozone filesystem snapshot feature is enabled.
2023-06-19 20:32:42,048 [Time-limited test] WARN  server.ServerUtils (ServerUtils.java:getDBPath(311)) - ozone.om.snapshot.diff.db.dir is not configured. We recommend adding this setting. Falling back to ozone.metadata.dirs instead.
2023-06-19 20:32:42,078 [Time-limited test] INFO  snapshot.SnapshotDiffManager (SnapshotDiffManager.java:closeExecutorService(1267)) - Shutting down executorService: 'SstDumpToolExecutor'
2023-06-19 20:32:42,081 [Time-limited test] INFO  om.OzoneManager (OzoneManager.java:addS3GVolumeToDB(4237)) - Created Volume s3v With Owner om required for S3Gateway operations.
2023-06-19 20:32:42,081 [Time-limited test] WARN  server.ServerUtils (ServerUtils.java:getDefaultRatisDirectory(323)) - Storage directory for Ratis is not configured. It is a good idea to map this to an SSD disk. Falling back to ozone.metadata.dirs
2023-06-19 20:32:42,082 [Time-limited test] WARN  utils.OzoneManagerRatisUtils (OzoneManagerRatisUtils.java:getOMRatisSnapshotDirectory(461)) - ozone.om.ratis.snapshot.dir is not configured. Falling back to ozone.metadata.dirs config
2023-06-19 20:32:42,082 [Time-limited test] WARN  server.ServerUtils (ServerUtils.java:getDefaultRatisDirectory(323)) - Storage directory for Ratis is not configured. It is a good idea to map this to an SSD disk. Falling back to ozone.metadata.dirs
2023-06-19 20:32:42,085 [Time-limited test] INFO  ratis.OzoneManagerRatisServer (OzoneManagerRatisServer.java:<init>(163)) - Instantiating OM Ratis server with groupID: omServiceIdDefault and peers: fv-az616-238:9872
2023-06-19 20:32:42,086 [Time-limited test] INFO  ratis.OzoneManagerStateMachine (OzoneManagerStateMachine.java:loadSnapshotInfoFromDB(670)) - LastAppliedIndex is set from TransactionInfo from OM DB as (t:0, i:~)
2023-06-19 20:32:42,087 [Time-limited test] INFO  server.RaftServer (ConfUtils.java:logGet(46)) - raft.rpc.type = GRPC (default)
2023-06-19 20:32:42,087 [Time-limited test] INFO  grpc.GrpcConfigKeys (ConfUtils.java:logFallback(53)) - raft.grpc.admin.host = null (fallback to raft.grpc.server.host)
2023-06-19 20:32:42,087 [Time-limited test] INFO  grpc.GrpcConfigKeys (ConfUtils.java:logFallback(53)) - raft.grpc.admin.port = 9872 (fallback to raft.grpc.server.port)
2023-06-19 20:32:42,087 [Time-limited test] INFO  grpc.GrpcConfigKeys (ConfUtils.java:logFallback(53)) - raft.grpc.client.host = null (fallback to raft.grpc.server.host)
2023-06-19 20:32:42,087 [Time-limited test] INFO  grpc.GrpcConfigKeys (ConfUtils.java:logFallback(53)) - raft.grpc.client.port = 9872 (fallback to raft.grpc.server.port)
2023-06-19 20:32:42,088 [Time-limited test] INFO  grpc.GrpcConfigKeys (ConfUtils.java:logGet(46)) - raft.grpc.server.host = null (default)
2023-06-19 20:32:42,088 [Time-limited test] INFO  grpc.GrpcConfigKeys (ConfUtils.java:logGet(46)) - raft.grpc.server.port = 9872 (custom)
2023-06-19 20:32:42,088 [Time-limited test] INFO  server.GrpcService (ConfUtils.java:logGet(46)) - raft.grpc.message.size.max = 33554432 (custom)
2023-06-19 20:32:42,088 [Time-limited test] INFO  server.RaftServerConfigKeys (ConfUtils.java:logGet(46)) - raft.server.log.appender.buffer.byte-limit = 33554432 (custom)
2023-06-19 20:32:42,088 [Time-limited test] INFO  server.GrpcService (ConfUtils.java:logGet(46)) - raft.grpc.flow.control.window = 1MB (=1048576) (default)
2023-06-19 20:32:42,088 [Time-limited test] INFO  server.RaftServerConfigKeys (ConfUtils.java:logGet(46)) - raft.server.rpc.request.timeout = 3000ms (default)
2023-06-19 20:32:42,088 [Time-limited test] INFO  grpc.GrpcConfigKeys (ConfUtils.java:logGet(46)) - raft.grpc.server.heartbeat.channel = true (default)
2023-06-19 20:32:42,089 [Time-limited test] INFO  grpc.GrpcConfigKeys (ConfUtils.java:logGet(46)) - raft.grpc.server.async.request.thread.pool.cached = true (default)
2023-06-19 20:32:42,089 [Time-limited test] INFO  grpc.GrpcConfigKeys (ConfUtils.java:logGet(46)) - raft.grpc.server.async.request.thread.pool.size = 32 (default)
2023-06-19 20:32:42,090 [Time-limited test] INFO  impl.DataStreamServerImpl (ConfUtils.java:logGet(46)) - raft.datastream.type = DISABLED (default)
2023-06-19 20:32:42,091 [Time-limited test] INFO  server.RaftServerConfigKeys (ConfUtils.java:logGet(46)) - raft.server.threadpool.proxy.cached = true (default)
2023-06-19 20:32:42,091 [Time-limited test] INFO  server.RaftServerConfigKeys (ConfUtils.java:logGet(46)) - raft.server.threadpool.proxy.size = 0 (default)
2023-06-19 20:32:42,091 [Time-limited test] INFO  server.RaftServerConfigKeys (ConfUtils.java:logGet(46)) - raft.server.rpc.slowness.timeout = 120s (custom)
2023-06-19 20:32:42,091 [Time-limited test] INFO  server.RaftServerConfigKeys (ConfUtils.java:logGet(46)) - raft.server.leaderelection.leader.step-down.wait-time = 10s (default)
2023-06-19 20:32:42,091 [Time-limited test] INFO  server.RaftServerConfigKeys (ConfUtils.java:logGet(46)) - raft.server.storage.dir = [/tmp/junit3217488157038146222/junit1080339776679152379/om-meta/ratis] (custom)
2023-06-19 20:32:42,092 [Time-limited test] INFO  server.RaftServer (RaftServerProxy.java:addNew(98)) - om1: addNew group-C5BA1605619E:[om1|rpc:fv-az616-238:9872|priority:0|startupRole:FOLLOWER] returns group-C5BA1605619E:java.util.concurrent.CompletableFuture@5e8d7494[Not completed]
2023-06-19 20:32:42,092 [Time-limited test] INFO  om.OzoneManager (OzoneManager.java:initializeRatisServer(2106)) - OzoneManager Ratis server initialized at port 9872
RaftServerImpl.java:<init>(198)) - om1: new RaftServerImpl for group-C5BA1605619E:[om1|rpc:fv-az616-238:9872|priority:0|startupRole:FOLLOWER] with OzoneManagerStateMachine:uninitialized
2023-06-19 20:32:42,092 [Time-limited test] INFO  om.OzoneManager (OzoneManager.java:initializeRatisServer(2106)) - OzoneManager Ratis server initialized at port 9872
2023-06-19 20:32:42,093 [Time-limited test] INFO  om.OzoneManager (ConfUtils.java:logGet(46)) - raft.server.rpc.timeout.min = 5s (custom)
2023-06-19 20:32:42,093 [Time-limited test] INFO  om.OzoneManager (OzoneManager.java:getRpcServer(1166)) - Creating RPC Server
2023-06-19 20:32:42,093 [om1-groupManagement] INFO  server.RaftServerConfigKeys (ConfUtils.java:logGet(46)) - raft.server.rpc.timeout.max = 5200ms (custom)
2023-06-19 20:32:42,093 [om1-groupManagement] INFO  server.RaftServerConfigKeys (ConfUtils.java:logGet(46)) - raft.server.rpc.sleep.time = 25ms (default)
2023-06-19 20:32:42,093 [om1-groupManagement] INFO  server.RaftServerConfigKeys (ConfUtils.java:logGet(46)) - raft.server.rpc.slowness.timeout = 120s (custom)
2023-06-19 20:32:42,093 [om1-groupManagement] INFO  server.RaftServerConfigKeys (ConfUtils.java:logGet(46)) - raft.server.leaderelection.leader.step-down.wait-time = 10s (default)
2023-06-19 20:32:42,093 [om1-groupManagement] INFO  server.RaftServerConfigKeys (ConfUtils.java:logGet(46)) - raft.server.sleep.deviation.threshold = 300ms (default)
2023-06-19 20:32:42,093 [om1-groupManagement] INFO  server.RaftServer$Division (ServerState.java:<init>(120)) - om1@group-C5BA1605619E: ConfigurationManager, init=-1: peers:[om1|rpc:fv-az616-238:9872|priority:0|startupRole:FOLLOWER]|listeners:[], old=null, confs=<EMPTY_MAP>
2023-06-19 20:32:42,094 [om1-groupManagement] INFO  server.RaftServerConfigKeys (ConfUtils.java:logGet(46)) - raft.server.storage.dir = [/tmp/junit3217488157038146222/junit1080339776679152379/om-meta/ratis] (custom)
2023-06-19 20:32:42,094 [om1-groupManagement] INFO  server.RaftServerConfigKeys (ConfUtils.java:logGet(46)) - raft.server.log.corruption.policy = EXCEPTION (default)
2023-06-19 20:32:42,094 [om1-groupManagement] INFO  server.RaftServerConfigKeys (ConfUtils.java:logGet(46)) - raft.server.storage.free-space.min = 0MB (=0) (default)
2023-06-19 20:32:42,100 [om1-groupManagement] INFO  server.RaftServerConfigKeys (ConfUtils.java:logGet(46)) - raft.server.notification.no-leader.timeout = 120s (custom)
2023-06-19 20:32:42,101 [om1-groupManagement] INFO  server.RaftServerConfigKeys (ConfUtils.java:logGet(46)) - raft.server.read.timeout = 10s (default)
2023-06-19 20:32:42,101 [om1-groupManagement] INFO  server.RaftServerConfigKeys (ConfUtils.java:logGet(46)) - raft.server.retrycache.expirytime = 300s (custom)
2023-06-19 20:32:42,101 [om1-groupManagement] INFO  server.RaftServerConfigKeys (ConfUtils.java:logGet(46)) - raft.server.retrycache.statistics.expirytime = 100μs (default)
2023-06-19 20:32:42,101 [om1-groupManagement] INFO  server.RaftServerConfigKeys (ConfUtils.java:logGet(46)) - raft.server.read.option = DEFAULT (default)
2023-06-19 20:32:42,101 [om1-groupManagement] INFO  server.RaftServerConfigKeys (ConfUtils.java:logGet(46)) - raft.server.rpc.request.timeout = 3000ms (default)
2023-06-19 20:32:42,101 [om1-groupManagement] INFO  server.RaftServerConfigKeys (ConfUtils.java:logGet(46)) - raft.server.log.appender.install.snapshot.enabled = false (custom)
2023-06-19 20:32:42,101 [om1-groupManagement] INFO  server.RaftServerConfigKeys (ConfUtils.java:logGet(46)) - raft.server.threadpool.server.cached = true (default)
2023-06-19 20:32:42,102 [om1-groupManagement] INFO  server.RaftServerConfigKeys (ConfUtils.java:logGet(46)) - raft.server.threadpool.server.size = 0 (default)
2023-06-19 20:32:42,102 [om1-groupManagement] INFO  server.RaftServerConfigKeys (ConfUtils.java:logGet(46)) - raft.server.threadpool.client.cached = true (default)
2023-06-19 20:32:42,102 [om1-groupManagement] INFO  server.RaftServerConfigKeys (ConfUtils.java:logGet(46)) - raft.server.threadpool.client.size = 0 (default)
2023-06-19 20:32:42,834 [Time-limited test] INFO  reflections.Reflections (Reflections.java:scan(232)) - Reflections took 738 ms to scan 19 urls, producing 69 keys and 5367 values [using 2 cores]
2023-06-19 20:32:42,835 [Time-limited test] INFO  ipc.CallQueueManager (CallQueueManager.java:<init>(90)) - Using callQueue: class java.util.concurrent.LinkedBlockingQueue, queueCapacity: 10000, scheduler: class org.apache.hadoop.ipc.DefaultRpcScheduler, ipcBackoff: false.
2023-06-19 20:32:42,839 [Listener at fv-az616-238/1202] INFO  hdds.HddsUtils (HddsUtils.java:preserveThreadName(848)) - Restoring thread name: Time-limited test
2023-06-19 20:32:42,847 [Socket Reader #1 for port 1202] INFO  ipc.Server (Server.java:run(1319)) - Starting Socket Reader #1 for port 1202
2023-06-19 20:32:43,085 [Time-limited test] INFO  utils.SelfSignedCertificate (SelfSignedCertificate.java:generateCertificate(158)) - Certificate 1 is issued by CN=rootCA@localhost,OU=scm1,O=cluster1 to CN=rootCA@localhost,OU=scm1,O=cluster1, valid from Mon Jun 19 20:32:43 UTC 2023 to Thu Jul 27 20:32:43 UTC 2028
2023-06-19 20:32:43,094 [Time-limited test] INFO  impl.MetricsSystemImpl (MetricsSystemImpl.java:init(158)) - OzoneManager metrics system started (again)
2023-06-19 20:32:43,113 [Time-limited test] INFO  om.OzoneManager (OzoneManager.java:start(1588)) - OzoneManager RPC server is listening at fv-az616-238/10.1.0.14:1202
2023-06-19 20:32:43,114 [Time-limited test] INFO  ratis.OzoneManagerRatisServer (OzoneManagerRatisServer.java:start(558)) - Starting OzoneManagerRatisServer om1 at port 9872
2023-06-19 20:32:43,114 [om1-impl-thread1] INFO  storage.RaftStorageDirectory (RaftStorageDirectoryImpl.java:analyzeStorage(137)) - The storage directory /tmp/junit3217488157038146222/junit1080339776679152379/om-meta/ratis/bf265839-605b-3f16-9796-c5ba1605619e does not exist. Creating ...
2023-06-19 20:32:43,116 [om1-impl-thread1] INFO  storage.RaftStorageDirectory (RaftStorageDirectoryImpl.java:tryLock(231)) - Lock on /tmp/junit3217488157038146222/junit1080339776679152379/om-meta/ratis/bf265839-605b-3f16-9796-c5ba1605619e/in_use.lock acquired by nodename 86119@fv-az616-238
2023-06-19 20:32:43,118 [om1-impl-thread1] INFO  storage.RaftStorage (RaftStorageImpl.java:format(96)) - Storage directory /tmp/junit3217488157038146222/junit1080339776679152379/om-meta/ratis/bf265839-605b-3f16-9796-c5ba1605619e has been successfully formatted.
2023-06-19 20:32:43,118 [om1-impl-thread1] INFO  server.RaftServerConfigKeys (ConfUtils.java:logGet(46)) - raft.server.log.use.memory = false (default)
2023-06-19 20:32:43,118 [om1-impl-thread1] INFO  server.RaftServerConfigKeys (ConfUtils.java:logGet(46)) - raft.server.log.purge.gap = 1000000 (custom)
2023-06-19 20:32:43,118 [om1-impl-thread1] INFO  server.RaftServerConfigKeys (ConfUtils.java:logGet(46)) - raft.server.log.appender.buffer.byte-limit = 33554432 (custom)
2023-06-19 20:32:43,118 [om1-impl-thread1] INFO  server.RaftServerConfigKeys (ConfUtils.java:logGet(46)) - raft.server.log.statemachine.data.read.timeout = 1000ms (default)
2023-06-19 20:32:43,118 [om1-impl-thread1] INFO  server.RaftServerConfigKeys (ConfUtils.java:logGet(46)) - raft.server.log.purge.preservation.log.num = 0 (default)
2023-06-19 20:32:43,119 [om1-impl-thread1] INFO  server.RaftServerConfigKeys (ConfUtils.java:logGet(46)) - raft.server.log.segment.size.max = 4194304 (custom)
2023-06-19 20:32:43,119 [om1-impl-thread1] INFO  server.RaftServerConfigKeys (ConfUtils.java:logGet(46)) - raft.server.log.segment.cache.num.max = 2 (custom)
2023-06-19 20:32:43,119 [om1-impl-thread1] INFO  server.RaftServerConfigKeys (ConfUtils.java:logGet(46)) - raft.server.log.segment.cache.size.max = 200MB (=209715200) (default)
2023-06-19 20:32:43,119 [om1-impl-thread1] INFO  server.RaftServerConfigKeys (ConfUtils.java:logGet(46)) - raft.server.log.appender.buffer.byte-limit = 33554432 (custom)
2023-06-19 20:32:43,119 [om1-impl-thread1] INFO  segmented.SegmentedRaftLogWorker (SegmentedRaftLogWorker.java:<init>(188)) - new om1@group-C5BA1605619E-SegmentedRaftLogWorker for RaftStorageImpl:Storage Directory /tmp/junit3217488157038146222/junit1080339776679152379/om-meta/ratis/bf265839-605b-3f16-9796-c5ba1605619e
2023-06-19 20:32:43,119 [om1-impl-thread1] INFO  server.RaftServerConfigKeys (ConfUtils.java:logGet(46)) - raft.server.log.queue.byte-limit = 64MB (=67108864) (default)
2023-06-19 20:32:43,120 [om1-impl-thread1] INFO  server.RaftServerConfigKeys (ConfUtils.java:logGet(46)) - raft.server.log.queue.element-limit = 4096 (default)
2023-06-19 20:32:43,120 [om1-impl-thread1] INFO  server.RaftServerConfigKeys (ConfUtils.java:logGet(46)) - raft.server.log.segment.size.max = 4194304 (custom)
2023-06-19 20:32:43,120 [om1-impl-thread1] INFO  server.RaftServerConfigKeys (ConfUtils.java:logGet(46)) - raft.server.log.preallocated.size = 4194304 (custom)
2023-06-19 20:32:43,120 [om1-impl-thread1] INFO  server.RaftServerConfigKeys (ConfUtils.java:logGet(46)) - raft.server.log.force.sync.num = 128 (default)
2023-06-19 20:32:43,120 [om1-impl-thread1] INFO  server.RaftServerConfigKeys (ConfUtils.java:logGet(46)) - raft.server.log.statemachine.data.sync = true (default)
2023-06-19 20:32:43,120 [om1-impl-thread1] INFO  server.RaftServerConfigKeys (ConfUtils.java:logGet(46)) - raft.server.log.statemachine.data.sync.timeout = 10s (default)
2023-06-19 20:32:43,120 [om1-impl-thread1] INFO  server.RaftServerConfigKeys (ConfUtils.java:logGet(46)) - raft.server.log.statemachine.data.sync.timeout.retry = -1 (default)
2023-06-19 20:32:43,120 [om1-impl-thread1] INFO  server.RaftServerConfigKeys (ConfUtils.java:logGet(46)) - raft.server.log.write.buffer.size = 64KB (=65536) (default)
2023-06-19 20:32:43,121 [om1-impl-thread1] INFO  server.RaftServerConfigKeys (ConfUtils.java:logGet(46)) - raft.server.log.appender.buffer.byte-limit = 33554432 (custom)
2023-06-19 20:32:43,128 [om1-impl-thread1] INFO  server.RaftServerConfigKeys (ConfUtils.java:logGet(46)) - raft.server.log.unsafe-flush.enabled = false (default)
2023-06-19 20:32:43,128 [om1-impl-thread1] INFO  server.RaftServerConfigKeys (ConfUtils.java:logGet(46)) - raft.server.log.async-flush.enabled = false (default)
2023-06-19 20:32:43,128 [om1-impl-thread1] INFO  server.RaftServerConfigKeys (ConfUtils.java:logGet(46)) - raft.server.log.statemachine.data.caching.enabled = false (default)
2023-06-19 20:32:43,128 [om1-impl-thread1] INFO  segmented.SegmentedRaftLogWorker (SegmentedRaftLogWorker.java:lambda$new$0(135)) - om1@group-C5BA1605619E-SegmentedRaftLogWorker: flushIndex: setUnconditionally 0 -> -1
2023-06-19 20:32:43,128 [om1-impl-thread1] INFO  segmented.SegmentedRaftLogWorker (SegmentedRaftLogWorker.java:lambda$new$0(135)) - om1@group-C5BA1605619E-SegmentedRaftLogWorker: safeCacheEvictIndex: setUnconditionally 0 -> -1
2023-06-19 20:32:43,129 [om1-impl-thread1] INFO  server.RaftServer$Division (RaftServerImpl.java:start(342)) - om1@group-C5BA1605619E: start as a follower, conf=-1: peers:[om1|rpc:fv-az616-238:9872|priority:0|startupRole:FOLLOWER]|listeners:[], old=null
2023-06-19 20:32:43,129 [om1-impl-thread1] INFO  server.RaftServer$Division (RaftServerImpl.java:setRole(329)) - om1@group-C5BA1605619E: changes role from      null to FOLLOWER at term 0 for startAsFollower
2023-06-19 20:32:43,130 [om1-impl-thread1] INFO  impl.RoleInfo (RoleInfo.java:updateAndGet(139)) - om1: start om1@group-C5BA1605619E-FollowerState
2023-06-19 20:32:43,131 [om1-impl-thread1] INFO  util.JmxRegister (JmxRegister.java:tryRegister(44)) - Successfully registered JMX Bean with object name Ratis:service=RaftServer,group=group-C5BA1605619E,id=om1
2023-06-19 20:32:43,131 [om1-impl-thread1] INFO  server.RaftServerConfigKeys (ConfUtils.java:logGet(46)) - raft.server.snapshot.auto.trigger.enabled = true (custom)
2023-06-19 20:32:43,131 [om1-impl-thread1] INFO  server.RaftServerConfigKeys (ConfUtils.java:logGet(46)) - raft.server.snapshot.auto.trigger.threshold = 400000 (default)
2023-06-19 20:32:43,131 [om1-impl-thread1] INFO  server.RaftServerConfigKeys (ConfUtils.java:logGet(46)) - raft.server.snapshot.retention.file.num = -1 (default)
2023-06-19 20:32:43,131 [om1-impl-thread1] INFO  server.RaftServerConfigKeys (ConfUtils.java:logGet(46)) - raft.server.log.purge.upto.snapshot.index = true (custom)
2023-06-19 20:32:43,134 [Time-limited test] INFO  server.RaftServer (RaftServerProxy.java:startImpl(400)) - om1: start RPC server
2023-06-19 20:32:43,134 [om1@group-C5BA1605619E-FollowerState] INFO  server.RaftServerConfigKeys (ConfUtils.java:logFallback(53)) - raft.server.rpc.first-election.timeout.min = 5s (fallback to raft.server.rpc.timeout.min)
2023-06-19 20:32:43,134 [om1@group-C5BA1605619E-FollowerState] INFO  server.RaftServerConfigKeys (ConfUtils.java:logFallback(53)) - raft.server.rpc.first-election.timeout.max = 5200ms (fallback to raft.server.rpc.timeout.max)
2023-06-19 20:32:43,136 [Time-limited test] INFO  server.GrpcService (GrpcService.java:startImpl(302)) - om1: GrpcService started, listening on 9872
2023-06-19 20:32:43,136 [Time-limited test] INFO  om.OzoneManager (OzoneManager.java:startSecretManager(1077)) - Starting OM delegation token secret manager
2023-06-19 20:32:43,136 [Time-limited test] INFO  security.OzoneDelegationTokenSecretManager (OzoneSecretManager.java:updateCurrentKey(175)) - Updating current master key for generating tokens. Cert id 5252604601516
2023-06-19 20:32:43,137 [JvmPauseMonitor7] INFO  util.JvmPauseMonitor (JvmPauseMonitor.java:run(103)) - JvmPauseMonitor-om1: Started
2023-06-19 20:32:43,137 [Thread[Thread-1681,5,FailOnTimeoutGroup]] INFO  security.OzoneDelegationTokenSecretManager (OzoneDelegationTokenSecretManager.java:run(636)) - Starting expired delegation token remover thread, tokenRemoverScanInterval=60 min(s)
2023-06-19 20:32:43,137 [Time-limited test] INFO  om.OzoneManager (OzoneManager.java:start(1604)) - Version File has different layout version (6) than OM DB (null). That is expected if this OM has never been finalized to a newer layout version.
2023-06-19 20:32:43,144 [Time-limited test] INFO  http.BaseHttpServer (BaseHttpServer.java:newHttpServer2BuilderForOzone(224)) - Starting Web-server for ozoneManager at: http://0.0.0.0:9874
2023-06-19 20:32:43,144 [Time-limited test] INFO  http.BaseHttpServer (BaseHttpServer.java:<init>(111)) - Hadoop Security Enabled: true Ozone Security Enabled: true Ozone HTTP Security Enabled: false 
2023-06-19 20:32:43,146 [Time-limited test] WARN  server.AuthenticationFilter (AuthenticationFilter.java:constructSecretProvider(240)) - Unable to initialize FileSignerSecretProvider, falling back to use random secrets. Reason: Could not read signature secret file: /home/runner/hadoop-http-auth-signature-secret
2023-06-19 20:32:43,149 [Time-limited test] INFO  http.HttpRequestLog (HttpRequestLog.java:getRequestLog(86)) - Http request log for http.requests.ozoneManager is not defined
2023-06-19 20:32:43,151 [Time-limited test] INFO  http.HttpServer2 (HttpServer2.java:addGlobalFilter(1031)) - Added global filter 'safety' (class=org.apache.hadoop.hdds.server.http.HttpServer2$QuotingInputFilter)
2023-06-19 20:32:43,152 [Time-limited test] INFO  http.HttpServer2 (HttpServer2.java:addFilter(1007)) - Added filter static_user_filter (class=org.apache.hadoop.http.lib.StaticUserWebFilter$StaticUserFilter) to context ozoneManager
2023-06-19 20:32:43,152 [Time-limited test] INFO  http.HttpServer2 (HttpServer2.java:addFilter(1015)) - Added filter static_user_filter (class=org.apache.hadoop.http.lib.StaticUserWebFilter$StaticUserFilter) to context logs
2023-06-19 20:32:43,153 [Time-limited test] INFO  http.HttpServer2 (HttpServer2.java:addFilter(1015)) - Added filter static_user_filter (class=org.apache.hadoop.http.lib.StaticUserWebFilter$StaticUserFilter) to context static
2023-06-19 20:32:43,153 [Time-limited test] INFO  http.BaseHttpServer (BaseHttpServer.java:<init>(190)) - HTTP server of ozoneManager uses base directory /tmp/junit3217488157038146222/junit1080339776679152379/om-meta/webserver
2023-06-19 20:32:43,154 [Time-limited test] INFO  http.HttpServer2 (HttpServer2.java:bindListener(1250)) - Jetty bound to port 9874
2023-06-19 20:32:43,154 [Time-limited test] INFO  server.Server (Server.java:doStart(375)) - jetty-9.4.51.v20230217; built: 2023-02-17T08:19:37.309Z; git: b45c405e4544384de066f814ed42ae3dceacdd49; jvm 1.8.0_372-b07
2023-06-19 20:32:43,158 [Time-limited test] INFO  server.session (DefaultSessionIdManager.java:doStart(334)) - DefaultSessionIdManager workerName=node0
2023-06-19 20:32:43,159 [Time-limited test] INFO  server.session (DefaultSessionIdManager.java:doStart(339)) - No SessionScavenger set, using defaults
2023-06-19 20:32:43,159 [Time-limited test] INFO  server.session (HouseKeeper.java:startScavenging(132)) - node0 Scavenging every 600000ms
2023-06-19 20:32:43,160 [Time-limited test] INFO  handler.ContextHandler (ContextHandler.java:doStart(921)) - Started o.e.j.s.ServletContextHandler@51571814{logs,/logs,file:///home/runner/work/ozone/ozone/hadoop-ozone/integration-test/target/log,AVAILABLE}
2023-06-19 20:32:43,160 [Time-limited test] INFO  handler.ContextHandler (ContextHandler.java:doStart(921)) - Started o.e.j.s.ServletContextHandler@3cd3ad2{static,/static,file:///home/runner/work/ozone/ozone/hadoop-ozone/integration-test/target/test-classes/webapps/static,AVAILABLE}
2023-06-19 20:32:43,171 [Time-limited test] INFO  handler.ContextHandler (ContextHandler.java:doStart(921)) - Started o.e.j.w.WebAppContext@2d0d5454{ozoneManager,/,file:///home/runner/work/ozone/ozone/hadoop-ozone/integration-test/target/test-classes/webapps/ozoneManager/,AVAILABLE}{file:/home/runner/work/ozone/ozone/hadoop-ozone/integration-test/target/test-classes/webapps/ozoneManager}
2023-06-19 20:32:43,172 [Time-limited test] INFO  server.AbstractConnector (AbstractConnector.java:doStart(333)) - Started ServerConnector@1843cb6f{HTTP/1.1, (http/1.1)}{0.0.0.0:9874}
2023-06-19 20:32:43,172 [Time-limited test] INFO  server.Server (Server.java:doStart(415)) - Started @137611ms
2023-06-19 20:32:43,172 [Time-limited test] WARN  impl.MetricsSystemImpl (MetricsSystemImpl.java:register(279)) - Sink prometheus already exists!
2023-06-19 20:32:43,173 [Time-limited test] INFO  http.BaseHttpServer (BaseHttpServer.java:updateConnectorAddress(344)) - HTTP server of ozoneManager listening at http://0.0.0.0:9874
2023-06-19 20:32:43,173 [IPC Server Responder] INFO  ipc.Server (Server.java:run(1558)) - IPC Server Responder: starting
2023-06-19 20:32:43,174 [IPC Server listener on 1202] INFO  ipc.Server (Server.java:run(1398)) - IPC Server listener on 1202: starting
2023-06-19 20:32:43,184 [Time-limited test] INFO  om.OzoneManager (OzoneManager.java:startTrashEmptier(2059)) - Trash Interval set to 0. Files deleted won't move to trash
2023-06-19 20:32:43,195 [pool-538-thread-1] INFO  request.TgsRequest (TgsRequest.java:issueTicket(115)) - TGS_REQ ISSUE: authtime 1687206763195,om/fv-az616-238 for om/fv-az616-238@EXAMPLE.COM
2023-06-19 20:32:43,208 [Socket Reader #1 for port 1202] INFO  ipc.Server (Server.java:saslProcess(2116)) - Auth successful for om/fv-az616-238@EXAMPLE.COM (auth:KERBEROS) from 10.1.0.14:44685
2023-06-19 20:32:45,224 [Time-limited test] INFO  retry.RetryInvocationHandler (RetryInvocationHandler.java:log(422)) - com.google.protobuf.ServiceException: org.apache.hadoop.ipc.RemoteException(org.apache.hadoop.ozone.om.exceptions.OMNotLeaderException): OM:om1 is not the leader. Could not determine the leader node.
	at org.apache.hadoop.ozone.om.OzoneManager.checkLeaderStatus(OzoneManager.java:3949)
	at org.apache.hadoop.ozone.om.ratis.utils.OzoneManagerRatisUtils.checkLeaderStatus(OzoneManagerRatisUtils.java:473)
	at org.apache.hadoop.ozone.protocolPB.OzoneManagerProtocolServerSideTranslatorPB.processRequest(OzoneManagerProtocolServerSideTranslatorPB.java:183)
	at org.apache.hadoop.hdds.server.OzoneProtocolMessageDispatcher.processRequest(OzoneProtocolMessageDispatcher.java:87)
	at org.apache.hadoop.ozone.protocolPB.OzoneManagerProtocolServerSideTranslatorPB.submitRequest(OzoneManagerProtocolServerSideTranslatorPB.java:147)
	at org.apache.hadoop.ozone.protocol.proto.OzoneManagerProtocolProtos$OzoneManagerService$2.callBlockingMethod(OzoneManagerProtocolProtos.java)
	at org.apache.hadoop.ipc.ProtobufRpcEngine$Server.processCall(ProtobufRpcEngine.java:484)
	at org.apache.hadoop.ipc.ProtobufRpcEngine2$Server$ProtoBufRpcInvoker.call(ProtobufRpcEngine2.java:595)
	at org.apache.hadoop.ipc.ProtobufRpcEngine2$Server$ProtoBufRpcInvoker.call(ProtobufRpcEngine2.java:573)
	at org.apache.hadoop.ipc.RPC$Server.call(RPC.java:1213)
	at org.apache.hadoop.ipc.Server$RpcCall.run(Server.java:1089)
	at org.apache.hadoop.ipc.Server$RpcCall.run(Server.java:1012)
	at java.security.AccessController.doPrivileged(Native Method)
	at javax.security.auth.Subject.doAs(Subject.java:422)
	at org.apache.hadoop.security.UserGroupInformation.doAs(UserGroupInformation.java:1899)
	at org.apache.hadoop.ipc.Server$Handler.run(Server.java:3026)
, while invoking $Proxy53.submitRequest over nodeId=null,nodeAddress=fv-az616-238:1202 after 1 failover attempts. Trying to failover after sleeping for 4000ms. Current retry count: 1.
2023-06-19 20:32:48,220 [om1@group-C5BA1605619E-FollowerState] INFO  impl.FollowerState (FollowerState.java:run(143)) - om1@group-C5BA1605619E-FollowerState: change to CANDIDATE, lastRpcElapsedTime:5089969418ns, electionTimeout:5085ms
2023-06-19 20:32:48,220 [om1@group-C5BA1605619E-FollowerState] INFO  impl.RoleInfo (RoleInfo.java:shutdownFollowerState(110)) - om1: shutdown om1@group-C5BA1605619E-FollowerState
2023-06-19 20:32:48,220 [om1@group-C5BA1605619E-FollowerState] INFO  server.RaftServer$Division (RaftServerImpl.java:setRole(329)) - om1@group-C5BA1605619E: changes role from  FOLLOWER to CANDIDATE at term 0 for changeToCandidate
2023-06-19 20:32:48,220 [om1@group-C5BA1605619E-FollowerState] INFO  server.RaftServerConfigKeys (ConfUtils.java:logGet(46)) - raft.server.leaderelection.pre-vote = true (default)
2023-06-19 20:32:48,220 [om1@group-C5BA1605619E-FollowerState] INFO  impl.RoleInfo (RoleInfo.java:updateAndGet(139)) - om1: start om1@group-C5BA1605619E-LeaderElection4
2023-06-19 20:32:48,222 [om1@group-C5BA1605619E-LeaderElection4] INFO  impl.LeaderElection (LeaderElection.java:askForVotes(321)) - om1@group-C5BA1605619E-LeaderElection4 PRE_VOTE round 0: submit vote requests at term 0 for -1: peers:[om1|rpc:fv-az616-238:9872|priority:0|startupRole:FOLLOWER]|listeners:[], old=null
2023-06-19 20:32:48,222 [om1@group-C5BA1605619E-LeaderElection4] INFO  impl.LeaderElection (LeaderElection.java:askForVotes(323)) - om1@group-C5BA1605619E-LeaderElection4 PRE_VOTE round 0: result PASSED (term=0)
2023-06-19 20:32:48,224 [om1@group-C5BA1605619E-LeaderElection4] INFO  impl.LeaderElection (LeaderElection.java:askForVotes(321)) - om1@group-C5BA1605619E-LeaderElection4 ELECTION round 0: submit vote requests at term 1 for -1: peers:[om1|rpc:fv-az616-238:9872|priority:0|startupRole:FOLLOWER]|listeners:[], old=null
2023-06-19 20:32:48,224 [om1@group-C5BA1605619E-LeaderElection4] INFO  impl.LeaderElection (LeaderElection.java:askForVotes(323)) - om1@group-C5BA1605619E-LeaderElection4 ELECTION round 0: result PASSED (term=1)
2023-06-19 20:32:48,224 [om1@group-C5BA1605619E-LeaderElection4] INFO  impl.RoleInfo (RoleInfo.java:shutdownLeaderElection(130)) - om1: shutdown om1@group-C5BA1605619E-LeaderElection4
2023-06-19 20:32:48,224 [om1@group-C5BA1605619E-LeaderElection4] INFO  server.RaftServer$Division (RaftServerImpl.java:setRole(329)) - om1@group-C5BA1605619E: changes role from CANDIDATE to LEADER at term 1 for changeToLeader
2023-06-19 20:32:48,225 [om1@group-C5BA1605619E-LeaderElection4] INFO  server.RaftServer$Division (ServerState.java:setLeader(317)) - om1@group-C5BA1605619E: change Leader from null to om1 at term 1 for becomeLeader, leader elected after 6123ms
2023-06-19 20:32:48,225 [om1@group-C5BA1605619E-LeaderElection4] INFO  server.RaftServerConfigKeys (ConfUtils.java:logGet(46)) - raft.server.staging.catchup.gap = 1000 (default)
2023-06-19 20:32:48,225 [om1@group-C5BA1605619E-LeaderElection4] INFO  server.RaftServerConfigKeys (ConfUtils.java:logGet(46)) - raft.server.write.element-limit = 4096 (default)
2023-06-19 20:32:48,225 [om1@group-C5BA1605619E-LeaderElection4] INFO  server.RaftServerConfigKeys (ConfUtils.java:logGet(46)) - raft.server.write.byte-limit = 64MB (=67108864) (default)
2023-06-19 20:32:48,226 [om1@group-C5BA1605619E-LeaderElection4] INFO  server.RaftServerConfigKeys (ConfUtils.java:logGet(46)) - raft.server.watch.timeout = 10s (default)
2023-06-19 20:32:48,226 [om1@group-C5BA1605619E-LeaderElection4] INFO  server.RaftServerConfigKeys (ConfUtils.java:logGet(46)) - raft.server.watch.timeout.denomination = 1s (default)
2023-06-19 20:32:48,226 [om1@group-C5BA1605619E-LeaderElection4] INFO  server.RaftServerConfigKeys (ConfUtils.java:logGet(46)) - raft.server.watch.element-limit = 65536 (default)
2023-06-19 20:32:48,226 [om1@group-C5BA1605619E-LeaderElection4] INFO  server.RaftServerConfigKeys (ConfUtils.java:logGet(46)) - raft.server.write.element-limit = 4096 (default)
2023-06-19 20:32:48,229 [om1@group-C5BA1605619E-LeaderElection4] INFO  server.RaftServerConfigKeys (ConfUtils.java:logGet(46)) - raft.server.write.follower.gap.ratio.max = -1.0 (default)
2023-06-19 20:32:48,229 [om1@group-C5BA1605619E-LeaderElection4] INFO  impl.RoleInfo (RoleInfo.java:updateAndGet(139)) - om1: start om1@group-C5BA1605619E-LeaderStateImpl
2023-06-19 20:32:48,230 [om1@group-C5BA1605619E-LeaderElection4] INFO  segmented.SegmentedRaftLogWorker (SegmentedRaftLogWorker.java:startLogSegment(447)) - om1@group-C5BA1605619E-SegmentedRaftLogWorker: Starting segment from index:0
2023-06-19 20:32:48,231 [om1@group-C5BA1605619E-LeaderElection4] INFO  server.RaftServer$Division (ServerState.java:setRaftConf(434)) - om1@group-C5BA1605619E: set configuration 0: peers:[om1|rpc:fv-az616-238:9872|admin:|client:|dataStream:|priority:0|startupRole:FOLLOWER]|listeners:[], old=null
2023-06-19 20:32:48,242 [om1@group-C5BA1605619E-SegmentedRaftLogWorker] INFO  segmented.SegmentedRaftLogWorker (SegmentedRaftLogWorker.java:execute(651)) - om1@group-C5BA1605619E-SegmentedRaftLogWorker: created new log segment /tmp/junit3217488157038146222/junit1080339776679152379/om-meta/ratis/bf265839-605b-3f16-9796-c5ba1605619e/current/log_inprogress_0
2023-06-19 20:32:48,246 [om1@group-C5BA1605619E-StateMachineUpdater] INFO  ratis.OzoneManagerStateMachine (OzoneManagerStateMachine.java:notifyConfigurationChanged(201)) - Received Configuration change notification from Ratis. New Peer list:
[id: "om1"
address: "fv-az616-238:9872"
startupRole: FOLLOWER
]
20:32:50.263 [IPC Server handler 4 on default port 1202] ERROR OMAudit - user=om/fv-az616-238@EXAMPLE.COM | ip=10.1.0.14 | op=RENEW_DELEGATION_TOKEN {kind=OzoneToken, service=fv-az616-238:1202, renewer=om} | ret=FAILURE
org.apache.hadoop.ozone.om.exceptions.OMException: om tried to renew an expired token (OzoneToken owner=om/fv-az616-238@EXAMPLE.COM, renewer=om, realUser=, issueDate=2023-06-19T20:32:49.228Z, maxDate=2023-06-19T20:32:50.228Z, sequenceNumber=1, masterKeyId=1, strToSign=null, signature=null, awsAccessKeyId=null, omServiceId=omServiceIdDefault, omCertSerialId=5252604601516) max expiration date: 2023-06-19 20:32:50,228+0000 currentTime: 2023-06-19 20:32:50,258+0000
	at org.apache.hadoop.ozone.security.OzoneDelegationTokenSecretManager.renewToken(OzoneDelegationTokenSecretManager.java:296) ~[ozone-manager-1.4.0-SNAPSHOT.jar:?]
	at org.apache.hadoop.ozone.om.OzoneManager.renewDelegationToken(OzoneManager.java:2345) ~[ozone-manager-1.4.0-SNAPSHOT.jar:?]
	at org.apache.hadoop.ozone.om.request.security.OMRenewDelegationTokenRequest.preExecute(OMRenewDelegationTokenRequest.java:85) ~[ozone-manager-1.4.0-SNAPSHOT.jar:?]
	at org.apache.hadoop.ozone.protocolPB.OzoneManagerProtocolServerSideTranslatorPB.processRequest(OzoneManagerProtocolServerSideTranslatorPB.java:191) ~[ozone-manager-1.4.0-SNAPSHOT.jar:?]
	at org.apache.hadoop.hdds.server.OzoneProtocolMessageDispatcher.processRequest(OzoneProtocolMessageDispatcher.java:87) [hdds-server-framework-1.4.0-SNAPSHOT.jar:?]
	at org.apache.hadoop.ozone.protocolPB.OzoneManagerProtocolServerSideTranslatorPB.submitRequest(OzoneManagerProtocolServerSideTranslatorPB.java:147) [ozone-manager-1.4.0-SNAPSHOT.jar:?]
	at org.apache.hadoop.ozone.protocol.proto.OzoneManagerProtocolProtos$OzoneManagerService$2.callBlockingMethod(OzoneManagerProtocolProtos.java) [ozone-interface-client-1.4.0-SNAPSHOT.jar:?]
	at org.apache.hadoop.ipc.ProtobufRpcEngine$Server.processCall(ProtobufRpcEngine.java:484) [hadoop-common-3.3.5.jar:?]
	at org.apache.hadoop.ipc.ProtobufRpcEngine2$Server$ProtoBufRpcInvoker.call(ProtobufRpcEngine2.java:595) [hadoop-common-3.3.5.jar:?]
	at org.apache.hadoop.ipc.ProtobufRpcEngine2$Server$ProtoBufRpcInvoker.call(ProtobufRpcEngine2.java:573) [hadoop-common-3.3.5.jar:?]
	at org.apache.hadoop.ipc.RPC$Server.call(RPC.java:1213) [hadoop-common-3.3.5.jar:?]
	at org.apache.hadoop.ipc.Server$RpcCall.run(Server.java:1089) [hadoop-common-3.3.5.jar:?]
	at org.apache.hadoop.ipc.Server$RpcCall.run(Server.java:1012) [hadoop-common-3.3.5.jar:?]
	at java.security.AccessController.doPrivileged(Native Method) ~[?:1.8.0_372]
	at javax.security.auth.Subject.doAs(Subject.java:422) [?:1.8.0_372]
	at org.apache.hadoop.security.UserGroupInformation.doAs(UserGroupInformation.java:1899) [hadoop-common-3.3.5.jar:?]
	at org.apache.hadoop.ipc.Server$Handler.run(Server.java:3026) [hadoop-common-3.3.5.jar:?]
2023-06-19 20:32:50,304 [IPC Server handler 5 on default port 1202] ERROR om.OzoneManager (OzoneManager.java:renewDelegationToken(2355)) - Delegation token renewal failed for dt id: OzoneToken owner=om/fv-az616-238@EXAMPLE.COM, renewer=randomService, realUser=, issueDate=2023-06-19T20:32:50.288Z, maxDate=2023-06-19T20:32:51.288Z, sequenceNumber=2, masterKeyId=1, strToSign=null, signature=null, awsAccessKeyId=null, omServiceId=omServiceIdDefault, omCertSerialId=5252604601516, cause: om tries to renew a token (OzoneToken owner=om/fv-az616-238@EXAMPLE.COM, renewer=randomService, realUser=, issueDate=2023-06-19T20:32:50.288Z, maxDate=2023-06-19T20:32:51.288Z, sequenceNumber=2, masterKeyId=1, strToSign=null, signature=null, awsAccessKeyId=null, omServiceId=omServiceIdDefault, omCertSerialId=5252604601516) with non-matching renewer randomService
20:32:50.349 [IPC Server handler 5 on default port 1202] ERROR OMAudit - user=om/fv-az616-238@EXAMPLE.COM | ip=10.1.0.14 | op=RENEW_DELEGATION_TOKEN {kind=OzoneToken, service=fv-az616-238:1202, renewer=randomService} | ret=FAILURE
org.apache.hadoop.ozone.om.exceptions.OMException: Delegation token renewal failed for dt: Kind: OzoneToken, Service: fv-az616-238:1202, Ident: (OzoneToken owner=om/fv-az616-238@EXAMPLE.COM, renewer=randomService, realUser=, issueDate=2023-06-19T20:32:50.288Z, maxDate=2023-06-19T20:32:51.288Z, sequenceNumber=2, masterKeyId=1, strToSign=null, signature=null, awsAccessKeyId=null, omServiceId=omServiceIdDefault, omCertSerialId=5252604601516)
	at org.apache.hadoop.ozone.om.OzoneManager.renewDelegationToken(OzoneManager.java:2357) ~[ozone-manager-1.4.0-SNAPSHOT.jar:?]
	at org.apache.hadoop.ozone.om.request.security.OMRenewDelegationTokenRequest.preExecute(OMRenewDelegationTokenRequest.java:85) ~[ozone-manager-1.4.0-SNAPSHOT.jar:?]
	at org.apache.hadoop.ozone.protocolPB.OzoneManagerProtocolServerSideTranslatorPB.processRequest(OzoneManagerProtocolServerSideTranslatorPB.java:191) ~[ozone-manager-1.4.0-SNAPSHOT.jar:?]
	at org.apache.hadoop.hdds.server.OzoneProtocolMessageDispatcher.processRequest(OzoneProtocolMessageDispatcher.java:87) [hdds-server-framework-1.4.0-SNAPSHOT.jar:?]
	at org.apache.hadoop.ozone.protocolPB.OzoneManagerProtocolServerSideTranslatorPB.submitRequest(OzoneManagerProtocolServerSideTranslatorPB.java:147) [ozone-manager-1.4.0-SNAPSHOT.jar:?]
	at org.apache.hadoop.ozone.protocol.proto.OzoneManagerProtocolProtos$OzoneManagerService$2.callBlockingMethod(OzoneManagerProtocolProtos.java) [ozone-interface-client-1.4.0-SNAPSHOT.jar:?]
	at org.apache.hadoop.ipc.ProtobufRpcEngine$Server.processCall(ProtobufRpcEngine.java:484) [hadoop-common-3.3.5.jar:?]
	at org.apache.hadoop.ipc.ProtobufRpcEngine2$Server$ProtoBufRpcInvoker.call(ProtobufRpcEngine2.java:595) [hadoop-common-3.3.5.jar:?]
	at org.apache.hadoop.ipc.ProtobufRpcEngine2$Server$ProtoBufRpcInvoker.call(ProtobufRpcEngine2.java:573) [hadoop-common-3.3.5.jar:?]
	at org.apache.hadoop.ipc.RPC$Server.call(RPC.java:1213) [hadoop-common-3.3.5.jar:?]
	at org.apache.hadoop.ipc.Server$RpcCall.run(Server.java:1089) [hadoop-common-3.3.5.jar:?]
	at org.apache.hadoop.ipc.Server$RpcCall.run(Server.java:1012) [hadoop-common-3.3.5.jar:?]
	at java.security.AccessController.doPrivileged(Native Method) ~[?:1.8.0_372]
	at javax.security.auth.Subject.doAs(Subject.java:422) [?:1.8.0_372]
	at org.apache.hadoop.security.UserGroupInformation.doAs(UserGroupInformation.java:1899) [hadoop-common-3.3.5.jar:?]
	at org.apache.hadoop.ipc.Server$Handler.run(Server.java:3026) [hadoop-common-3.3.5.jar:?]
Caused by: org.apache.hadoop.security.AccessControlException: om tries to renew a token (OzoneToken owner=om/fv-az616-238@EXAMPLE.COM, renewer=randomService, realUser=, issueDate=2023-06-19T20:32:50.288Z, maxDate=2023-06-19T20:32:51.288Z, sequenceNumber=2, masterKeyId=1, strToSign=null, signature=null, awsAccessKeyId=null, omServiceId=omServiceIdDefault, omCertSerialId=5252604601516) with non-matching renewer randomService
	at org.apache.hadoop.ozone.security.OzoneDelegationTokenSecretManager.renewToken(OzoneDelegationTokenSecretManager.java:308) ~[ozone-manager-1.4.0-SNAPSHOT.jar:?]
	at org.apache.hadoop.ozone.om.OzoneManager.renewDelegationToken(OzoneManager.java:2345) ~[ozone-manager-1.4.0-SNAPSHOT.jar:?]
	... 15 more
2023-06-19 20:32:50,357 [IPC Server handler 8 on default port 1202] ERROR om.OzoneManager (OzoneManager.java:renewDelegationToken(2355)) - Delegation token renewal failed for dt id: OzoneToken owner=om/fv-az616-238@EXAMPLE.COM, renewer=om, realUser=, issueDate=2023-06-19T20:32:49.228Z, maxDate=2076-12-05T17:05:40.704Z, sequenceNumber=1, masterKeyId=1, strToSign=null, signature=null, awsAccessKeyId=null, omServiceId=omServiceIdDefault, omCertSerialId=5252604601516, cause: token (OzoneToken owner=om/fv-az616-238@EXAMPLE.COM, renewer=om, realUser=, issueDate=2023-06-19T20:32:49.228Z, maxDate=2076-12-05T17:05:40.704Z, sequenceNumber=1, masterKeyId=1, strToSign=null, signature=null, awsAccessKeyId=null, omServiceId=omServiceIdDefault, omCertSerialId=5252604601516) can't be found in cache
20:32:50.358 [IPC Server handler 8 on default port 1202] ERROR OMAudit - user=om/fv-az616-238@EXAMPLE.COM | ip=10.1.0.14 | op=RENEW_DELEGATION_TOKEN {kind=OzoneToken, service=fv-az616-238:1202, renewer=om} | ret=FAILURE
org.apache.hadoop.ozone.om.exceptions.OMException: Delegation token renewal failed for dt: Kind: OzoneToken, Service: fv-az616-238:1202, Ident: (OzoneToken owner=om/fv-az616-238@EXAMPLE.COM, renewer=om, realUser=, issueDate=2023-06-19T20:32:49.228Z, maxDate=2076-12-05T17:05:40.704Z, sequenceNumber=1, masterKeyId=1, strToSign=null, signature=null, awsAccessKeyId=null, omServiceId=omServiceIdDefault, omCertSerialId=5252604601516)
	at org.apache.hadoop.ozone.om.OzoneManager.renewDelegationToken(OzoneManager.java:2357) ~[ozone-manager-1.4.0-SNAPSHOT.jar:?]
	at org.apache.hadoop.ozone.om.request.security.OMRenewDelegationTokenRequest.preExecute(OMRenewDelegationTokenRequest.java:85) ~[ozone-manager-1.4.0-SNAPSHOT.jar:?]
	at org.apache.hadoop.ozone.protocolPB.OzoneManagerProtocolServerSideTranslatorPB.processRequest(OzoneManagerProtocolServerSideTranslatorPB.java:191) ~[ozone-manager-1.4.0-SNAPSHOT.jar:?]
	at org.apache.hadoop.hdds.server.OzoneProtocolMessageDispatcher.processRequest(OzoneProtocolMessageDispatcher.java:87) [hdds-server-framework-1.4.0-SNAPSHOT.jar:?]
	at org.apache.hadoop.ozone.protocolPB.OzoneManagerProtocolServerSideTranslatorPB.submitRequest(OzoneManagerProtocolServerSideTranslatorPB.java:147) [ozone-manager-1.4.0-SNAPSHOT.jar:?]
	at org.apache.hadoop.ozone.protocol.proto.OzoneManagerProtocolProtos$OzoneManagerService$2.callBlockingMethod(OzoneManagerProtocolProtos.java) [ozone-interface-client-1.4.0-SNAPSHOT.jar:?]
	at org.apache.hadoop.ipc.ProtobufRpcEngine$Server.processCall(ProtobufRpcEngine.java:484) [hadoop-common-3.3.5.jar:?]
	at org.apache.hadoop.ipc.ProtobufRpcEngine2$Server$ProtoBufRpcInvoker.call(ProtobufRpcEngine2.java:595) [hadoop-common-3.3.5.jar:?]
	at org.apache.hadoop.ipc.ProtobufRpcEngine2$Server$ProtoBufRpcInvoker.call(ProtobufRpcEngine2.java:573) [hadoop-common-3.3.5.jar:?]
	at org.apache.hadoop.ipc.RPC$Server.call(RPC.java:1213) [hadoop-common-3.3.5.jar:?]
	at org.apache.hadoop.ipc.Server$RpcCall.run(Server.java:1089) [hadoop-common-3.3.5.jar:?]
	at org.apache.hadoop.ipc.Server$RpcCall.run(Server.java:1012) [hadoop-common-3.3.5.jar:?]
	at java.security.AccessController.doPrivileged(Native Method) ~[?:1.8.0_372]
	at javax.security.auth.Subject.doAs(Subject.java:422) [?:1.8.0_372]
	at org.apache.hadoop.security.UserGroupInformation.doAs(UserGroupInformation.java:1899) [hadoop-common-3.3.5.jar:?]
	at org.apache.hadoop.ipc.Server$Handler.run(Server.java:3026) [hadoop-common-3.3.5.jar:?]
Caused by: org.apache.hadoop.security.token.SecretManager$InvalidToken: token (OzoneToken owner=om/fv-az616-238@EXAMPLE.COM, renewer=om, realUser=, issueDate=2023-06-19T20:32:49.228Z, maxDate=2076-12-05T17:05:40.704Z, sequenceNumber=1, masterKeyId=1, strToSign=null, signature=null, awsAccessKeyId=null, omServiceId=omServiceIdDefault, omCertSerialId=5252604601516) can't be found in cache
	at org.apache.hadoop.ozone.security.OzoneDelegationTokenSecretManager.validateToken(OzoneDelegationTokenSecretManager.java:432) ~[ozone-manager-1.4.0-SNAPSHOT.jar:?]
	at org.apache.hadoop.ozone.security.OzoneDelegationTokenSecretManager.renewToken(OzoneDelegationTokenSecretManager.java:301) ~[ozone-manager-1.4.0-SNAPSHOT.jar:?]
	at org.apache.hadoop.ozone.om.OzoneManager.renewDelegationToken(OzoneManager.java:2345) ~[ozone-manager-1.4.0-SNAPSHOT.jar:?]
	... 15 more
2023-06-19 20:32:50,359 [Time-limited test] INFO  om.OzoneManager (OzoneManager.java:stop(2165)) - om1[fv-az616-238:1202]: Stopping Ozone Manager
2023-06-19 20:32:50,360 [Time-limited test] INFO  ipc.Server (Server.java:stop(3501)) - Stopping server on 1202
2023-06-19 20:32:50,364 [IPC Server listener on 1202] INFO  ipc.Server (Server.java:run(1430)) - Stopping IPC Server listener on 1202
2023-06-19 20:32:50,364 [IPC Server Responder] INFO  ipc.Server (Server.java:run(1563)) - Stopping IPC Server Responder
2023-06-19 20:32:50,366 [Time-limited test] INFO  server.RaftServer (RaftServerProxy.java:lambda$close$6(416)) - om1: close
2023-06-19 20:32:50,366 [Time-limited test] INFO  server.GrpcService (GrpcService.java:closeImpl(311)) - om1: shutdown server GrpcServerProtocolService now
2023-06-19 20:32:50,367 [om1-impl-thread1] INFO  server.RaftServer$Division (RaftServerImpl.java:lambda$close$4(466)) - om1@group-C5BA1605619E: shutdown
2023-06-19 20:32:50,367 [om1-impl-thread1] INFO  util.JmxRegister (JmxRegister.java:unregister(73)) - Successfully un-registered JMX Bean with object name Ratis:service=RaftServer,group=group-C5BA1605619E,id=om1
2023-06-19 20:32:50,367 [om1-impl-thread1] INFO  impl.RoleInfo (RoleInfo.java:shutdownLeaderState(93)) - om1: shutdown om1@group-C5BA1605619E-LeaderStateImpl
2023-06-19 20:32:50,367 [om1-impl-thread1] INFO  impl.PendingRequests (PendingRequests.java:sendNotLeaderResponses(289)) - om1@group-C5BA1605619E-PendingRequests: sendNotLeaderResponses
2023-06-19 20:32:50,376 [om1-impl-thread1] INFO  impl.StateMachineUpdater (StateMachineUpdater.java:stopAndJoin(155)) - om1@group-C5BA1605619E-StateMachineUpdater: set stopIndex = 6
2023-06-19 20:32:50,376 [om1@group-C5BA1605619E-StateMachineUpdater] INFO  ratis.OzoneManagerStateMachine (OzoneManagerStateMachine.java:takeSnapshot(479)) - Current Snapshot Index (t:1, i:6)
2023-06-19 20:32:50,382 [Time-limited test] INFO  server.GrpcService (GrpcService.java:closeImpl(320)) - om1: shutdown server GrpcServerProtocolService successfully
2023-06-19 20:32:50,399 [om1@group-C5BA1605619E-StateMachineUpdater] INFO  impl.StateMachineUpdater (StateMachineUpdater.java:takeSnapshot(291)) - om1@group-C5BA1605619E-StateMachineUpdater: Took a snapshot at index 6
2023-06-19 20:32:50,399 [om1@group-C5BA1605619E-StateMachineUpdater] INFO  impl.StateMachineUpdater (StateMachineUpdater.java:lambda$new$0(97)) - om1@group-C5BA1605619E-StateMachineUpdater: snapshotIndex: updateIncreasingly -1 -> 6
2023-06-19 20:32:50,399 [om1@group-C5BA1605619E-StateMachineUpdater] INFO  ratis.OzoneManagerStateMachine (OzoneManagerStateMachine.java:close(533)) - StateMachine has shutdown. Shutdown OzoneManager if not already shutdown.
2023-06-19 20:32:50,399 [om1@group-C5BA1605619E-StateMachineUpdater] INFO  ratis.OzoneManagerDoubleBuffer (OzoneManagerDoubleBuffer.java:stopDaemon(551)) - Stopping OMDoubleBuffer flush thread
2023-06-19 20:32:50,400 [OMDoubleBufferFlushThread] INFO  ratis.OzoneManagerDoubleBuffer (OzoneManagerDoubleBuffer.java:canFlush(638)) - OMDoubleBuffer flush thread OMDoubleBufferFlushThread is interrupted and will exit.
2023-06-19 20:32:50,400 [om1-impl-thread1] INFO  server.RaftServer$Division (ServerState.java:close(472)) - om1@group-C5BA1605619E: closes. applyIndex: 6
2023-06-19 20:32:51,304 [om1-impl-thread1] INFO  segmented.SegmentedRaftLogWorker (SegmentedRaftLogWorker.java:close(252)) - om1@group-C5BA1605619E-SegmentedRaftLogWorker close()
2023-06-19 20:32:51,305 [JvmPauseMonitor7] INFO  util.JvmPauseMonitor (JvmPauseMonitor.java:run(109)) - JvmPauseMonitor-om1: Stopped
2023-06-19 20:32:51,305 [Time-limited test] INFO  ratis.OzoneManagerStateMachine (OzoneManagerStateMachine.java:close(533)) - StateMachine has shutdown. Shutdown OzoneManager if not already shutdown.
2023-06-19 20:32:51,305 [Time-limited test] INFO  ratis.OzoneManagerDoubleBuffer (OzoneManagerDoubleBuffer.java:stopDaemon(560)) - OMDoubleBuffer flush thread is not running.
2023-06-19 20:32:51,306 [Time-limited test] INFO  utils.BackgroundService (BackgroundService.java:shutdown(141)) - Shutting down service KeyDeletingService
2023-06-19 20:32:51,306 [Time-limited test] INFO  utils.BackgroundService (BackgroundService.java:shutdown(141)) - Shutting down service KeyDeletingService
2023-06-19 20:32:51,306 [Time-limited test] INFO  utils.BackgroundService (BackgroundService.java:shutdown(141)) - Shutting down service OpenKeyCleanupService
2023-06-19 20:32:51,306 [Time-limited test] INFO  utils.BackgroundService (BackgroundService.java:shutdown(141)) - Shutting down service SstFilteringService
2023-06-19 20:32:51,306 [Time-limited test] INFO  utils.BackgroundService (BackgroundService.java:shutdown(141)) - Shutting down service SnapshotDeletingService
2023-06-19 20:32:51,307 [Time-limited test] INFO  om.OzoneManager (OzoneManager.java:stopSecretManager(1037)) - Stopping secret key client.
2023-06-19 20:32:51,307 [Time-limited test] INFO  om.OzoneManager (OzoneManager.java:stopSecretManager(1042)) - Stopping OM delegation token secret manager.
2023-06-19 20:32:51,307 [Thread[Thread-1681,5,FailOnTimeoutGroup]] INFO  security.OzoneDelegationTokenSecretManager (OzoneDelegationTokenSecretManager.java:run(653)) - ExpiredTokenRemover was interrupted.
java.lang.InterruptedException: sleep interrupted
	at java.lang.Thread.sleep(Native Method)
	at org.apache.hadoop.ozone.security.OzoneDelegationTokenSecretManager$ExpiredTokenRemover.run(OzoneDelegationTokenSecretManager.java:649)
	at java.lang.Thread.run(Thread.java:750)
2023-06-19 20:32:51,309 [Time-limited test] INFO  handler.ContextHandler (ContextHandler.java:doStop(1159)) - Stopped o.e.j.w.WebAppContext@2d0d5454{ozoneManager,/,null,STOPPED}{file:/home/runner/work/ozone/ozone/hadoop-ozone/integration-test/target/test-classes/webapps/ozoneManager}
2023-06-19 20:32:51,310 [Time-limited test] INFO  server.AbstractConnector (AbstractConnector.java:doStop(383)) - Stopped ServerConnector@1843cb6f{HTTP/1.1, (http/1.1)}{0.0.0.0:9874}
2023-06-19 20:32:51,311 [Time-limited test] INFO  server.session (HouseKeeper.java:stopScavenging(149)) - node0 Stopped scavenging
2023-06-19 20:32:51,311 [Time-limited test] INFO  handler.ContextHandler (ContextHandler.java:doStop(1159)) - Stopped o.e.j.s.ServletContextHandler@3cd3ad2{static,/static,file:///home/runner/work/ozone/ozone/hadoop-ozone/integration-test/target/test-classes/webapps/static,STOPPED}
2023-06-19 20:32:51,312 [Time-limited test] INFO  handler.ContextHandler (ContextHandler.java:doStop(1159)) - Stopped o.e.j.s.ServletContextHandler@51571814{logs,/logs,file:///home/runner/work/ozone/ozone/hadoop-ozone/integration-test/target/log,STOPPED}
2023-06-19 20:32:51,316 [Time-limited test] INFO  snapshot.SnapshotDiffManager (SnapshotDiffManager.java:closeExecutorService(1267)) - Shutting down executorService: 'SnapDiffExecutor'
2023-06-19 20:32:51,316 [Time-limited test] INFO  snapshot.SnapshotDiffManager (SnapshotDiffManager.java:closeExecutorService(1267)) - Shutting down executorService: 'SstDumpToolExecutor'
2023-06-19 20:32:51,316 [Time-limited test] INFO  utils.BackgroundService (BackgroundService.java:shutdown(141)) - Shutting down service SnapshotDiffCleanupService
2023-06-19 20:32:51,318 [Time-limited test] INFO  impl.DefaultInternalKdcServerImpl (DefaultInternalKdcServerImpl.java:doStop(102)) - Default Internal kdc server stopped.
2023-06-19 20:32:52,319 [Time-limited test] INFO  minikdc.MiniKdc (MiniKdc.java:stop(359)) - MiniKdc stopped.
2023-06-19 20:32:52,319 [Time-limited test] INFO  om.OzoneManager (OzoneManager.java:stop(2165)) - om1[fv-az616-238:1202]: Stopping Ozone Manager
]]></system-out>
  </testcase>
  <testcase name="testSecureScmStartupFailure" classname="org.apache.hadoop.ozone.TestSecureOzoneCluster" time="2.155">
    <system-out><![CDATA[2023-06-19 20:32:52,344 [Time-limited test] INFO  net.ServerSocketUtil (ServerSocketUtil.java:getPort(55)) - Using port 9860
2023-06-19 20:32:52,344 [Time-limited test] INFO  net.ServerSocketUtil (ServerSocketUtil.java:getPort(55)) - Using port 9861
2023-06-19 20:32:52,344 [Time-limited test] INFO  net.ServerSocketUtil (ServerSocketUtil.java:getPort(55)) - Using port 9863
2023-06-19 20:32:52,344 [Time-limited test] INFO  net.ServerSocketUtil (ServerSocketUtil.java:getPort(55)) - Using port 9961
2023-06-19 20:32:52,344 [Time-limited test] INFO  net.ServerSocketUtil (ServerSocketUtil.java:getPort(55)) - Using port 1200
2023-06-19 20:32:52,344 [Time-limited test] INFO  net.ServerSocketUtil (ServerSocketUtil.java:getPort(55)) - Using port 1201
2023-06-19 20:32:52,345 [Time-limited test] INFO  minikdc.MiniKdc (MiniKdc.java:<init>(225)) - Configuration:
2023-06-19 20:32:52,345 [Time-limited test] INFO  minikdc.MiniKdc (MiniKdc.java:<init>(226)) - ---------------------------------------------------------------
2023-06-19 20:32:52,345 [Time-limited test] INFO  minikdc.MiniKdc (MiniKdc.java:<init>(228)) -   debug: false
2023-06-19 20:32:52,345 [Time-limited test] INFO  minikdc.MiniKdc (MiniKdc.java:<init>(228)) -   transport: TCP
2023-06-19 20:32:52,345 [Time-limited test] INFO  minikdc.MiniKdc (MiniKdc.java:<init>(228)) -   max.ticket.lifetime: 86400000
2023-06-19 20:32:52,345 [Time-limited test] INFO  minikdc.MiniKdc (MiniKdc.java:<init>(228)) -   org.name: EXAMPLE
2023-06-19 20:32:52,345 [Time-limited test] INFO  minikdc.MiniKdc (MiniKdc.java:<init>(228)) -   kdc.port: 0
2023-06-19 20:32:52,345 [Time-limited test] INFO  minikdc.MiniKdc (MiniKdc.java:<init>(228)) -   org.domain: COM
2023-06-19 20:32:52,345 [Time-limited test] INFO  minikdc.MiniKdc (MiniKdc.java:<init>(228)) -   max.renewable.lifetime: 604800000
2023-06-19 20:32:52,345 [Time-limited test] INFO  minikdc.MiniKdc (MiniKdc.java:<init>(228)) -   instance: DefaultKrbServer
2023-06-19 20:32:52,346 [Time-limited test] INFO  minikdc.MiniKdc (MiniKdc.java:<init>(228)) -   kdc.bind.address: localhost
2023-06-19 20:32:52,346 [Time-limited test] INFO  minikdc.MiniKdc (MiniKdc.java:<init>(230)) - ---------------------------------------------------------------
2023-06-19 20:32:52,348 [Time-limited test] INFO  minikdc.MiniKdc (MiniKdc.java:start(285)) - MiniKdc started.
2023-06-19 20:32:52,528 [Time-limited test] WARN  server.ServerUtils (ServerUtils.java:getScmDbDir(155)) - ozone.scm.db.dirs is not configured. We recommend adding this setting. Falling back to ozone.metadata.dirs instead.
2023-06-19 20:32:52,528 [Time-limited test] INFO  ha.HASecurityUtils (HASecurityUtils.java:initializeSecurity(93)) - Initializing secure StorageContainerManager.
2023-06-19 20:32:52,529 [Time-limited test] WARN  client.SCMCertificateClient (DefaultCertificateClient.java:loadAllCertificates(161)) - Certificates could not be loaded.
java.nio.file.NoSuchFileException: /tmp/junit4656252409070842487/junit6652748982936204108/scm-meta/scm/sub-ca/certs
	at sun.nio.fs.UnixException.translateToIOException(UnixException.java:86)
	at sun.nio.fs.UnixException.rethrowAsIOException(UnixException.java:102)
	at sun.nio.fs.UnixException.rethrowAsIOException(UnixException.java:107)
	at sun.nio.fs.UnixFileSystemProvider.newDirectoryStream(UnixFileSystemProvider.java:427)
	at java.nio.file.Files.newDirectoryStream(Files.java:457)
	at java.nio.file.Files.list(Files.java:3451)
	at org.apache.hadoop.hdds.security.x509.certificate.client.DefaultCertificateClient.loadAllCertificates(DefaultCertificateClient.java:156)
	at org.apache.hadoop.hdds.security.x509.certificate.client.DefaultCertificateClient.updateCertSerialId(DefaultCertificateClient.java:1206)
	at org.apache.hadoop.hdds.security.x509.certificate.client.DefaultCertificateClient.<init>(DefaultCertificateClient.java:148)
	at org.apache.hadoop.hdds.security.x509.certificate.client.SCMCertificateClient.<init>(SCMCertificateClient.java:54)
	at org.apache.hadoop.hdds.scm.ha.HASecurityUtils.initializeSecurity(HASecurityUtils.java:97)
	at org.apache.hadoop.ozone.TestSecureOzoneCluster.initSCM(TestSecureOzoneCluster.java:431)
	at org.apache.hadoop.ozone.TestSecureOzoneCluster.testSecureScmStartupFailure(TestSecureOzoneCluster.java:446)
	at sun.reflect.NativeMethodAccessorImpl.invoke0(Native Method)
	at sun.reflect.NativeMethodAccessorImpl.invoke(NativeMethodAccessorImpl.java:62)
	at sun.reflect.DelegatingMethodAccessorImpl.invoke(DelegatingMethodAccessorImpl.java:43)
	at java.lang.reflect.Method.invoke(Method.java:498)
	at org.junit.runners.model.FrameworkMethod$1.runReflectiveCall(FrameworkMethod.java:59)
	at org.junit.internal.runners.model.ReflectiveCallable.run(ReflectiveCallable.java:12)
	at org.junit.runners.model.FrameworkMethod.invokeExplosively(FrameworkMethod.java:56)
	at org.junit.internal.runners.statements.InvokeMethod.evaluate(InvokeMethod.java:17)
	at org.junit.internal.runners.statements.RunBefores.evaluate(RunBefores.java:26)
	at org.junit.internal.runners.statements.RunAfters.evaluate(RunAfters.java:27)
	at org.junit.rules.ExternalResource$1.evaluate(ExternalResource.java:54)
	at org.junit.internal.runners.statements.FailOnTimeout$CallableStatement.call(FailOnTimeout.java:288)
	at org.junit.internal.runners.statements.FailOnTimeout$CallableStatement.call(FailOnTimeout.java:282)
	at java.util.concurrent.FutureTask.run(FutureTask.java:266)
	at java.lang.Thread.run(Thread.java:750)
2023-06-19 20:32:52,529 [Time-limited test] WARN  client.SCMCertificateClient (DefaultCertificateClient.java:loadAllCertificates(161)) - Certificates could not be loaded.
java.nio.file.NoSuchFileException: /tmp/junit4656252409070842487/junit6652748982936204108/scm-meta/scm/sub-ca/certs
	at sun.nio.fs.UnixException.translateToIOException(UnixException.java:86)
	at sun.nio.fs.UnixException.rethrowAsIOException(UnixException.java:102)
	at sun.nio.fs.UnixException.rethrowAsIOException(UnixException.java:107)
	at sun.nio.fs.UnixFileSystemProvider.newDirectoryStream(UnixFileSystemProvider.java:427)
	at java.nio.file.Files.newDirectoryStream(Files.java:457)
	at java.nio.file.Files.list(Files.java:3451)
	at org.apache.hadoop.hdds.security.x509.certificate.client.DefaultCertificateClient.loadAllCertificates(DefaultCertificateClient.java:156)
	at org.apache.hadoop.hdds.security.x509.certificate.client.DefaultCertificateClient.getCertPath(DefaultCertificateClient.java:324)
	at org.apache.hadoop.hdds.security.x509.certificate.client.DefaultCertificateClient.getCertificate(DefaultCertificateClient.java:300)
	at org.apache.hadoop.hdds.security.x509.certificate.client.DefaultCertificateClient.init(DefaultCertificateClient.java:669)
	at org.apache.hadoop.hdds.scm.ha.HASecurityUtils.initializeSecurity(HASecurityUtils.java:98)
	at org.apache.hadoop.ozone.TestSecureOzoneCluster.initSCM(TestSecureOzoneCluster.java:431)
	at org.apache.hadoop.ozone.TestSecureOzoneCluster.testSecureScmStartupFailure(TestSecureOzoneCluster.java:446)
	at sun.reflect.NativeMethodAccessorImpl.invoke0(Native Method)
	at sun.reflect.NativeMethodAccessorImpl.invoke(NativeMethodAccessorImpl.java:62)
	at sun.reflect.DelegatingMethodAccessorImpl.invoke(DelegatingMethodAccessorImpl.java:43)
	at java.lang.reflect.Method.invoke(Method.java:498)
	at org.junit.runners.model.FrameworkMethod$1.runReflectiveCall(FrameworkMethod.java:59)
	at org.junit.internal.runners.model.ReflectiveCallable.run(ReflectiveCallable.java:12)
	at org.junit.runners.model.FrameworkMethod.invokeExplosively(FrameworkMethod.java:56)
	at org.junit.internal.runners.statements.InvokeMethod.evaluate(InvokeMethod.java:17)
	at org.junit.internal.runners.statements.RunBefores.evaluate(RunBefores.java:26)
	at org.junit.internal.runners.statements.RunAfters.evaluate(RunAfters.java:27)
	at org.junit.rules.ExternalResource$1.evaluate(ExternalResource.java:54)
	at org.junit.internal.runners.statements.FailOnTimeout$CallableStatement.call(FailOnTimeout.java:288)
	at org.junit.internal.runners.statements.FailOnTimeout$CallableStatement.call(FailOnTimeout.java:282)
	at java.util.concurrent.FutureTask.run(FutureTask.java:266)
	at java.lang.Thread.run(Thread.java:750)
2023-06-19 20:32:52,529 [Time-limited test] INFO  client.SCMCertificateClient (DefaultCertificateClient.java:init(692)) - Certificate client init case: 0
2023-06-19 20:32:52,529 [Time-limited test] INFO  client.SCMCertificateClient (SCMCertificateClient.java:handleCase(68)) - Creating keypair for client as keypair and certificate not found.
2023-06-19 20:32:52,681 [Time-limited test] INFO  ha.HASecurityUtils (HASecurityUtils.java:initializeSecurity(99)) - Init response: GETCERT
2023-06-19 20:32:53,420 [Time-limited test] INFO  ozone.OzoneSecurityUtil (OzoneSecurityUtil.java:getValidInetsForCurrentHost(119)) - ip:fe80:0:0:0:20d:3aff:fe5b:c2ca%eth0 not returned.
2023-06-19 20:32:53,420 [Time-limited test] INFO  ozone.OzoneSecurityUtil (OzoneSecurityUtil.java:getValidInetsForCurrentHost(116)) - Adding ip:10.1.0.14,host:fv-az616-238
2023-06-19 20:32:53,420 [Time-limited test] INFO  ozone.OzoneSecurityUtil (OzoneSecurityUtil.java:getValidInetsForCurrentHost(119)) - ip:0:0:0:0:0:0:0:1%lo not returned.
2023-06-19 20:32:53,420 [Time-limited test] INFO  ozone.OzoneSecurityUtil (OzoneSecurityUtil.java:getValidInetsForCurrentHost(119)) - ip:127.0.0.1 not returned.
2023-06-19 20:32:53,421 [Time-limited test] ERROR utils.SelfSignedCertificate (SelfSignedCertificate.java:lambda$addInetAddresses$0(245)) - Invalid domain fv-az616-238
2023-06-19 20:32:53,424 [Time-limited test] INFO  utils.SelfSignedCertificate (SelfSignedCertificate.java:generateCertificate(158)) - Certificate 1 is issued by CN=scm@fv-az616-238,OU=d2043c10-19f7-4d37-a99f-a36e24254c2f,O=493e20d5-d447-46bf-a4c9-0db7a8d28263 to CN=scm@fv-az616-238,OU=d2043c10-19f7-4d37-a99f-a36e24254c2f,O=493e20d5-d447-46bf-a4c9-0db7a8d28263, valid from Mon Jun 19 20:32:53 UTC 2023 to Thu Jul 27 20:32:53 UTC 2028
2023-06-19 20:32:53,426 [Time-limited test] INFO  ozone.OzoneSecurityUtil (OzoneSecurityUtil.java:getValidInetsForCurrentHost(119)) - ip:fe80:0:0:0:20d:3aff:fe5b:c2ca%eth0 not returned.
2023-06-19 20:32:53,426 [Time-limited test] INFO  ozone.OzoneSecurityUtil (OzoneSecurityUtil.java:getValidInetsForCurrentHost(116)) - Adding ip:10.1.0.14,host:fv-az616-238
2023-06-19 20:32:53,427 [Time-limited test] INFO  ozone.OzoneSecurityUtil (OzoneSecurityUtil.java:getValidInetsForCurrentHost(119)) - ip:0:0:0:0:0:0:0:1%lo not returned.
2023-06-19 20:32:53,427 [Time-limited test] INFO  ozone.OzoneSecurityUtil (OzoneSecurityUtil.java:getValidInetsForCurrentHost(119)) - ip:127.0.0.1 not returned.
2023-06-19 20:32:53,427 [Time-limited test] ERROR utils.CertificateSignRequest (CertificateSignRequest.java:lambda$addInetAddresses$0(296)) - Invalid domain fv-az616-238
2023-06-19 20:32:53,427 [Time-limited test] INFO  ha.HASecurityUtils (HASecurityUtils.java:generateCSR(280)) - Creating csr for SCM->hostName:fv-az616-238,scmId:d2043c10-19f7-4d37-a99f-a36e24254c2f,clusterId:493e20d5-d447-46bf-a4c9-0db7a8d28263,subject:scm-sub@fv-az616-238
2023-06-19 20:32:53,438 [Time-limited test] INFO  ha.HASecurityUtils (HASecurityUtils.java:initializeSecurity(112)) - Successfully stored SCM signed certificate.
2023-06-19 20:32:53,441 [Time-limited test] WARN  server.ServerUtils (ServerUtils.java:getScmDbDir(155)) - ozone.scm.db.dirs is not configured. We recommend adding this setting. Falling back to ozone.metadata.dirs instead.
2023-06-19 20:32:53,442 [Time-limited test] INFO  ha.SCMHANodeDetails (SCMHANodeDetails.java:loadSCMHAConfig(210)) - ServiceID for StorageContainerManager is null
2023-06-19 20:32:53,442 [Time-limited test] INFO  ha.SCMHANodeDetails (SCMHANodeDetails.java:loadSCMHAConfig(215)) - ozone.scm.default.service.id is not defined, falling back to ozone.scm.service.ids to find serviceID for StorageContainerManager if it is HA enabled cluster
2023-06-19 20:32:53,445 [Time-limited test] INFO  client.SCMCertificateClient (DefaultCertificateClient.java:readCertificateFile(196)) - Added certificate   [0]         Version: 3
         SerialNumber: 5262947090047
             IssuerDN: CN=scm@fv-az616-238,OU=d2043c10-19f7-4d37-a99f-a36e24254c2f,O=493e20d5-d447-46bf-a4c9-0db7a8d28263
           Start Date: Mon Jun 19 20:32:53 UTC 2023
           Final Date: Thu Jul 27 20:32:53 UTC 2028
            SubjectDN: CN=scm-sub@fv-az616-238,OU=d2043c10-19f7-4d37-a99f-a36e24254c2f,O=493e20d5-d447-46bf-a4c9-0db7a8d28263
           Public Key: RSA Public Key [b6:09:57:7e:2d:d7:dd:82:a1:ef:e4:94:7f:82:f2:27:64:8c:3f:c4],[56:66:d1:a4]
        modulus: e7080abbc96344ca59005feec0195b4df93be11ca421a2d5d559e94e309dcb54f02466ef559b6b1422804de2a15e2004f75d8559241df11681ee1463a0720255696d35a22d6677baa7c975c5821dab19533402f6e31c805de84a6773ddc057e16a919150394969548ec48a9f89094d6721f3cd34159c1f99e4a730f687da720b4c424fdf9684e91313fd7e0409b6df8179ed9bbc659ed7409d2221fc94fae236e4cd1080d30f8de2d8e15a941e0e25d9e2bf10286d06b82c0887701adcd83437f3274019a80842e4c84adaa4d5b6bd8f61aafe62f0ec13f34ee9d2099fb548b51ced2ce23442179aeb5496128696eb94a83c1a789c566d86c79b3208e4ef5dc3
public exponent: 10001

  Signature Algorithm: SHA256WITHRSA
            Signature: 043de72c3f48fc90817f90c93c3d47d40fd5c78e
                       80149d08604a55be03d331e5df4554c7c0ad88c8
                       69cea06f5fb958b442cd8fae31125b81bf6ec33f
                       cb0caa16cfed2a1507046527621ecaadfa4d1dd0
                       6e49c68e03e93471a7e9a6f95a9629421f9455b3
                       ae348703e20d914cf5a0fd99bbc7cf7083562b0e
                       b3f38e625687672edc3993843e6e679dfec31213
                       a8f944529a2ca68e3fbdd4740a57291f5c09d300
                       56c62f3d139b2fb7aeb45c54007ecf926d6df7b2
                       fb2884e7d06a605ce9a379b20caa18fb0a6420b3
                       28364d0abe9ca5faf2a0de04c4b9bd5afed6f9ef
                       085b5428ba3bc74455979d7d08b6f0ea4120eafb
                       17c5a94380ae4c25bd5905b94e14d519
       Extensions: 
                       critical(false) 2.5.29.17 value = Sequence
    Tagged [7] IMPLICIT 
        DER Octet String[4] 

                       critical(true) BasicConstraints: isCa(true)
                       critical(true) KeyUsage: 0xbe
 from file: /tmp/junit4656252409070842487/junit6652748982936204108/scm-meta/scm/sub-ca/certs/certificate.crt.
2023-06-19 20:32:53,446 [Time-limited test] INFO  client.SCMCertificateClient (DefaultCertificateClient.java:readCertificateFile(196)) - Added certificate   [0]         Version: 3
         SerialNumber: 5262947090047
             IssuerDN: CN=scm@fv-az616-238,OU=d2043c10-19f7-4d37-a99f-a36e24254c2f,O=493e20d5-d447-46bf-a4c9-0db7a8d28263
           Start Date: Mon Jun 19 20:32:53 UTC 2023
           Final Date: Thu Jul 27 20:32:53 UTC 2028
            SubjectDN: CN=scm-sub@fv-az616-238,OU=d2043c10-19f7-4d37-a99f-a36e24254c2f,O=493e20d5-d447-46bf-a4c9-0db7a8d28263
           Public Key: RSA Public Key [b6:09:57:7e:2d:d7:dd:82:a1:ef:e4:94:7f:82:f2:27:64:8c:3f:c4],[56:66:d1:a4]
        modulus: e7080abbc96344ca59005feec0195b4df93be11ca421a2d5d559e94e309dcb54f02466ef559b6b1422804de2a15e2004f75d8559241df11681ee1463a0720255696d35a22d6677baa7c975c5821dab19533402f6e31c805de84a6773ddc057e16a919150394969548ec48a9f89094d6721f3cd34159c1f99e4a730f687da720b4c424fdf9684e91313fd7e0409b6df8179ed9bbc659ed7409d2221fc94fae236e4cd1080d30f8de2d8e15a941e0e25d9e2bf10286d06b82c0887701adcd83437f3274019a80842e4c84adaa4d5b6bd8f61aafe62f0ec13f34ee9d2099fb548b51ced2ce23442179aeb5496128696eb94a83c1a789c566d86c79b3208e4ef5dc3
public exponent: 10001

  Signature Algorithm: SHA256WITHRSA
            Signature: 043de72c3f48fc90817f90c93c3d47d40fd5c78e
                       80149d08604a55be03d331e5df4554c7c0ad88c8
                       69cea06f5fb958b442cd8fae31125b81bf6ec33f
                       cb0caa16cfed2a1507046527621ecaadfa4d1dd0
                       6e49c68e03e93471a7e9a6f95a9629421f9455b3
                       ae348703e20d914cf5a0fd99bbc7cf7083562b0e
                       b3f38e625687672edc3993843e6e679dfec31213
                       a8f944529a2ca68e3fbdd4740a57291f5c09d300
                       56c62f3d139b2fb7aeb45c54007ecf926d6df7b2
                       fb2884e7d06a605ce9a379b20caa18fb0a6420b3
                       28364d0abe9ca5faf2a0de04c4b9bd5afed6f9ef
                       085b5428ba3bc74455979d7d08b6f0ea4120eafb
                       17c5a94380ae4c25bd5905b94e14d519
       Extensions: 
                       critical(false) 2.5.29.17 value = Sequence
    Tagged [7] IMPLICIT 
        DER Octet String[4] 

                       critical(true) BasicConstraints: isCa(true)
                       critical(true) KeyUsage: 0xbe
 from file: /tmp/junit4656252409070842487/junit6652748982936204108/scm-meta/scm/sub-ca/certs/5262947090047.crt.
2023-06-19 20:32:53,447 [Time-limited test] INFO  client.SCMCertificateClient (DefaultCertificateClient.java:readCertificateFile(196)) - Added certificate   [0]         Version: 3
         SerialNumber: 1
             IssuerDN: CN=scm@fv-az616-238,OU=d2043c10-19f7-4d37-a99f-a36e24254c2f,O=493e20d5-d447-46bf-a4c9-0db7a8d28263
           Start Date: Mon Jun 19 20:32:53 UTC 2023
           Final Date: Thu Jul 27 20:32:53 UTC 2028
            SubjectDN: CN=scm@fv-az616-238,OU=d2043c10-19f7-4d37-a99f-a36e24254c2f,O=493e20d5-d447-46bf-a4c9-0db7a8d28263
           Public Key: RSA Public Key [b2:f3:b8:76:1f:a9:23:13:84:a5:79:81:ab:ee:b6:2d:f3:d8:b5:e4],[56:66:d1:a4]
        modulus: e11981d5c401506bf26049e10baced0d38227cead83ea9c9ba1bc1ecc55a8c7aa15ab4c17a7f7a12f5913d3c6d9c94eadce51e0ae368ab6165327bf6bb829dc080959e6b0f2caeb16968be06325c0edbd3ed5ea06e1362b34e5083ba2d141cdd144418a19a0c1a672ee35459343c33b4b33bbf104e36993b17fc978e6f416889f302395ae31a3dc64a62a13c417574771b6550e1e3b287a7dc8caa0be9f0be981e3edf2c13c2dc3d56fffe4693189c86252d22e23a7b13291ba2e4fecce37ff3174afb305898eb331433389d4404058a22011ecfbf19f9961850a8834ab815ed754fbdf07b202f03bfd1556f6d4f1cabef704b06f03387a6024997ec8fb3e771
public exponent: 10001

  Signature Algorithm: SHA256WITHRSA
            Signature: 9c177ba745a2266d0753ad90e5f69447186c5aa1
                       2c30c711905fe96601594b0d78c96f586ee76082
                       fc107793ded8d7f3ffec439253a9867e94e379e0
                       2de7af5578f7ea238651871573c4d09d02d6e0d5
                       74bb2b058a3b4dcc98b5c720be3599911ffa0d31
                       55ea1c7034021643ce6043d031e60f0e885a5b87
                       5c87ffe3939a31112f631503bb3eef70fccded32
                       f126652923304913e808c6e20224469d2e65e827
                       a9afefd6521094634f677b14dedd2a655f3301bb
                       97b4eff350608bcc47d28fb487b73bab360429ee
                       8842ab8e86024d5ae6392bde6dd01d3851970f0f
                       4210dfbff2306d0bd840836b53b4b57a4667cf3e
                       604b3b522750d2acdd54c1a7752e06aa
       Extensions: 
                       critical(true) BasicConstraints: isCa(true)
                       critical(true) KeyUsage: 0x6
                       critical(false) 2.5.29.17 value = Sequence
    Tagged [7] IMPLICIT 
        DER Octet String[4] 

 from file: /tmp/junit4656252409070842487/junit6652748982936204108/scm-meta/scm/sub-ca/certs/CA-1.crt.
2023-06-19 20:32:53,452 [Time-limited test] INFO  client.SCMCertificateClient (DefaultCertificateClient.java:startCertificateMonitor(1260)) - CertificateLifetimeMonitor for scm/sub-ca is started with first delay 161135989553 ms and interval 3333 ms.
2023-06-19 20:32:53,453 [Time-limited test] WARN  server.ServerUtils (ServerUtils.java:getScmDbDir(155)) - ozone.scm.db.dirs is not configured. We recommend adding this setting. Falling back to ozone.metadata.dirs instead.
2023-06-19 20:32:53,453 [Time-limited test] INFO  ha.SCMHANodeDetails (SCMHANodeDetails.java:loadSCMHAConfig(210)) - ServiceID for StorageContainerManager is null
2023-06-19 20:32:53,453 [Time-limited test] INFO  ha.SCMHANodeDetails (SCMHANodeDetails.java:loadSCMHAConfig(215)) - ozone.scm.default.service.id is not defined, falling back to ozone.scm.service.ids to find serviceID for StorageContainerManager if it is HA enabled cluster
2023-06-19 20:32:53,458 [Time-limited test] INFO  client.SCMCertificateClient (DefaultCertificateClient.java:readCertificateFile(196)) - Added certificate   [0]         Version: 3
         SerialNumber: 5262947090047
             IssuerDN: CN=scm@fv-az616-238,OU=d2043c10-19f7-4d37-a99f-a36e24254c2f,O=493e20d5-d447-46bf-a4c9-0db7a8d28263
           Start Date: Mon Jun 19 20:32:53 UTC 2023
           Final Date: Thu Jul 27 20:32:53 UTC 2028
            SubjectDN: CN=scm-sub@fv-az616-238,OU=d2043c10-19f7-4d37-a99f-a36e24254c2f,O=493e20d5-d447-46bf-a4c9-0db7a8d28263
           Public Key: RSA Public Key [b6:09:57:7e:2d:d7:dd:82:a1:ef:e4:94:7f:82:f2:27:64:8c:3f:c4],[56:66:d1:a4]
        modulus: e7080abbc96344ca59005feec0195b4df93be11ca421a2d5d559e94e309dcb54f02466ef559b6b1422804de2a15e2004f75d8559241df11681ee1463a0720255696d35a22d6677baa7c975c5821dab19533402f6e31c805de84a6773ddc057e16a919150394969548ec48a9f89094d6721f3cd34159c1f99e4a730f687da720b4c424fdf9684e91313fd7e0409b6df8179ed9bbc659ed7409d2221fc94fae236e4cd1080d30f8de2d8e15a941e0e25d9e2bf10286d06b82c0887701adcd83437f3274019a80842e4c84adaa4d5b6bd8f61aafe62f0ec13f34ee9d2099fb548b51ced2ce23442179aeb5496128696eb94a83c1a789c566d86c79b3208e4ef5dc3
public exponent: 10001

  Signature Algorithm: SHA256WITHRSA
            Signature: 043de72c3f48fc90817f90c93c3d47d40fd5c78e
                       80149d08604a55be03d331e5df4554c7c0ad88c8
                       69cea06f5fb958b442cd8fae31125b81bf6ec33f
                       cb0caa16cfed2a1507046527621ecaadfa4d1dd0
                       6e49c68e03e93471a7e9a6f95a9629421f9455b3
                       ae348703e20d914cf5a0fd99bbc7cf7083562b0e
                       b3f38e625687672edc3993843e6e679dfec31213
                       a8f944529a2ca68e3fbdd4740a57291f5c09d300
                       56c62f3d139b2fb7aeb45c54007ecf926d6df7b2
                       fb2884e7d06a605ce9a379b20caa18fb0a6420b3
                       28364d0abe9ca5faf2a0de04c4b9bd5afed6f9ef
                       085b5428ba3bc74455979d7d08b6f0ea4120eafb
                       17c5a94380ae4c25bd5905b94e14d519
       Extensions: 
                       critical(false) 2.5.29.17 value = Sequence
    Tagged [7] IMPLICIT 
        DER Octet String[4] 

                       critical(true) BasicConstraints: isCa(true)
                       critical(true) KeyUsage: 0xbe
 from file: /tmp/junit4656252409070842487/junit6652748982936204108/scm-meta/scm/sub-ca/certs/certificate.crt.
2023-06-19 20:32:53,459 [Time-limited test] INFO  client.SCMCertificateClient (DefaultCertificateClient.java:readCertificateFile(196)) - Added certificate   [0]         Version: 3
         SerialNumber: 5262947090047
             IssuerDN: CN=scm@fv-az616-238,OU=d2043c10-19f7-4d37-a99f-a36e24254c2f,O=493e20d5-d447-46bf-a4c9-0db7a8d28263
           Start Date: Mon Jun 19 20:32:53 UTC 2023
           Final Date: Thu Jul 27 20:32:53 UTC 2028
            SubjectDN: CN=scm-sub@fv-az616-238,OU=d2043c10-19f7-4d37-a99f-a36e24254c2f,O=493e20d5-d447-46bf-a4c9-0db7a8d28263
           Public Key: RSA Public Key [b6:09:57:7e:2d:d7:dd:82:a1:ef:e4:94:7f:82:f2:27:64:8c:3f:c4],[56:66:d1:a4]
        modulus: e7080abbc96344ca59005feec0195b4df93be11ca421a2d5d559e94e309dcb54f02466ef559b6b1422804de2a15e2004f75d8559241df11681ee1463a0720255696d35a22d6677baa7c975c5821dab19533402f6e31c805de84a6773ddc057e16a919150394969548ec48a9f89094d6721f3cd34159c1f99e4a730f687da720b4c424fdf9684e91313fd7e0409b6df8179ed9bbc659ed7409d2221fc94fae236e4cd1080d30f8de2d8e15a941e0e25d9e2bf10286d06b82c0887701adcd83437f3274019a80842e4c84adaa4d5b6bd8f61aafe62f0ec13f34ee9d2099fb548b51ced2ce23442179aeb5496128696eb94a83c1a789c566d86c79b3208e4ef5dc3
public exponent: 10001

  Signature Algorithm: SHA256WITHRSA
            Signature: 043de72c3f48fc90817f90c93c3d47d40fd5c78e
                       80149d08604a55be03d331e5df4554c7c0ad88c8
                       69cea06f5fb958b442cd8fae31125b81bf6ec33f
                       cb0caa16cfed2a1507046527621ecaadfa4d1dd0
                       6e49c68e03e93471a7e9a6f95a9629421f9455b3
                       ae348703e20d914cf5a0fd99bbc7cf7083562b0e
                       b3f38e625687672edc3993843e6e679dfec31213
                       a8f944529a2ca68e3fbdd4740a57291f5c09d300
                       56c62f3d139b2fb7aeb45c54007ecf926d6df7b2
                       fb2884e7d06a605ce9a379b20caa18fb0a6420b3
                       28364d0abe9ca5faf2a0de04c4b9bd5afed6f9ef
                       085b5428ba3bc74455979d7d08b6f0ea4120eafb
                       17c5a94380ae4c25bd5905b94e14d519
       Extensions: 
                       critical(false) 2.5.29.17 value = Sequence
    Tagged [7] IMPLICIT 
        DER Octet String[4] 

                       critical(true) BasicConstraints: isCa(true)
                       critical(true) KeyUsage: 0xbe
 from file: /tmp/junit4656252409070842487/junit6652748982936204108/scm-meta/scm/sub-ca/certs/5262947090047.crt.
2023-06-19 20:32:53,460 [Time-limited test] INFO  client.SCMCertificateClient (DefaultCertificateClient.java:readCertificateFile(196)) - Added certificate   [0]         Version: 3
         SerialNumber: 1
             IssuerDN: CN=scm@fv-az616-238,OU=d2043c10-19f7-4d37-a99f-a36e24254c2f,O=493e20d5-d447-46bf-a4c9-0db7a8d28263
           Start Date: Mon Jun 19 20:32:53 UTC 2023
           Final Date: Thu Jul 27 20:32:53 UTC 2028
            SubjectDN: CN=scm@fv-az616-238,OU=d2043c10-19f7-4d37-a99f-a36e24254c2f,O=493e20d5-d447-46bf-a4c9-0db7a8d28263
           Public Key: RSA Public Key [b2:f3:b8:76:1f:a9:23:13:84:a5:79:81:ab:ee:b6:2d:f3:d8:b5:e4],[56:66:d1:a4]
        modulus: e11981d5c401506bf26049e10baced0d38227cead83ea9c9ba1bc1ecc55a8c7aa15ab4c17a7f7a12f5913d3c6d9c94eadce51e0ae368ab6165327bf6bb829dc080959e6b0f2caeb16968be06325c0edbd3ed5ea06e1362b34e5083ba2d141cdd144418a19a0c1a672ee35459343c33b4b33bbf104e36993b17fc978e6f416889f302395ae31a3dc64a62a13c417574771b6550e1e3b287a7dc8caa0be9f0be981e3edf2c13c2dc3d56fffe4693189c86252d22e23a7b13291ba2e4fecce37ff3174afb305898eb331433389d4404058a22011ecfbf19f9961850a8834ab815ed754fbdf07b202f03bfd1556f6d4f1cabef704b06f03387a6024997ec8fb3e771
public exponent: 10001

  Signature Algorithm: SHA256WITHRSA
            Signature: 9c177ba745a2266d0753ad90e5f69447186c5aa1
                       2c30c711905fe96601594b0d78c96f586ee76082
                       fc107793ded8d7f3ffec439253a9867e94e379e0
                       2de7af5578f7ea238651871573c4d09d02d6e0d5
                       74bb2b058a3b4dcc98b5c720be3599911ffa0d31
                       55ea1c7034021643ce6043d031e60f0e885a5b87
                       5c87ffe3939a31112f631503bb3eef70fccded32
                       f126652923304913e808c6e20224469d2e65e827
                       a9afefd6521094634f677b14dedd2a655f3301bb
                       97b4eff350608bcc47d28fb487b73bab360429ee
                       8842ab8e86024d5ae6392bde6dd01d3851970f0f
                       4210dfbff2306d0bd840836b53b4b57a4667cf3e
                       604b3b522750d2acdd54c1a7752e06aa
       Extensions: 
                       critical(true) BasicConstraints: isCa(true)
                       critical(true) KeyUsage: 0x6
                       critical(false) 2.5.29.17 value = Sequence
    Tagged [7] IMPLICIT 
        DER Octet String[4] 

 from file: /tmp/junit4656252409070842487/junit6652748982936204108/scm-meta/scm/sub-ca/certs/CA-1.crt.
2023-06-19 20:32:53,461 [Time-limited test] INFO  client.SCMCertificateClient (DefaultCertificateClient.java:startCertificateMonitor(1260)) - CertificateLifetimeMonitor for scm/sub-ca is started with first delay 161135989539 ms and interval 3333 ms.
2023-06-19 20:32:53,462 [Time-limited test] WARN  server.ServerUtils (ServerUtils.java:getScmDbDir(155)) - ozone.scm.db.dirs is not configured. We recommend adding this setting. Falling back to ozone.metadata.dirs instead.
2023-06-19 20:32:53,463 [Time-limited test] INFO  ha.SCMHANodeDetails (SCMHANodeDetails.java:loadSCMHAConfig(210)) - ServiceID for StorageContainerManager is null
2023-06-19 20:32:53,463 [Time-limited test] INFO  ha.SCMHANodeDetails (SCMHANodeDetails.java:loadSCMHAConfig(215)) - ozone.scm.default.service.id is not defined, falling back to ozone.scm.service.ids to find serviceID for StorageContainerManager if it is HA enabled cluster
2023-06-19 20:32:53,465 [Time-limited test] INFO  client.SCMCertificateClient (DefaultCertificateClient.java:readCertificateFile(196)) - Added certificate   [0]         Version: 3
         SerialNumber: 5262947090047
             IssuerDN: CN=scm@fv-az616-238,OU=d2043c10-19f7-4d37-a99f-a36e24254c2f,O=493e20d5-d447-46bf-a4c9-0db7a8d28263
           Start Date: Mon Jun 19 20:32:53 UTC 2023
           Final Date: Thu Jul 27 20:32:53 UTC 2028
            SubjectDN: CN=scm-sub@fv-az616-238,OU=d2043c10-19f7-4d37-a99f-a36e24254c2f,O=493e20d5-d447-46bf-a4c9-0db7a8d28263
           Public Key: RSA Public Key [b6:09:57:7e:2d:d7:dd:82:a1:ef:e4:94:7f:82:f2:27:64:8c:3f:c4],[56:66:d1:a4]
        modulus: e7080abbc96344ca59005feec0195b4df93be11ca421a2d5d559e94e309dcb54f02466ef559b6b1422804de2a15e2004f75d8559241df11681ee1463a0720255696d35a22d6677baa7c975c5821dab19533402f6e31c805de84a6773ddc057e16a919150394969548ec48a9f89094d6721f3cd34159c1f99e4a730f687da720b4c424fdf9684e91313fd7e0409b6df8179ed9bbc659ed7409d2221fc94fae236e4cd1080d30f8de2d8e15a941e0e25d9e2bf10286d06b82c0887701adcd83437f3274019a80842e4c84adaa4d5b6bd8f61aafe62f0ec13f34ee9d2099fb548b51ced2ce23442179aeb5496128696eb94a83c1a789c566d86c79b3208e4ef5dc3
public exponent: 10001

  Signature Algorithm: SHA256WITHRSA
            Signature: 043de72c3f48fc90817f90c93c3d47d40fd5c78e
                       80149d08604a55be03d331e5df4554c7c0ad88c8
                       69cea06f5fb958b442cd8fae31125b81bf6ec33f
                       cb0caa16cfed2a1507046527621ecaadfa4d1dd0
                       6e49c68e03e93471a7e9a6f95a9629421f9455b3
                       ae348703e20d914cf5a0fd99bbc7cf7083562b0e
                       b3f38e625687672edc3993843e6e679dfec31213
                       a8f944529a2ca68e3fbdd4740a57291f5c09d300
                       56c62f3d139b2fb7aeb45c54007ecf926d6df7b2
                       fb2884e7d06a605ce9a379b20caa18fb0a6420b3
                       28364d0abe9ca5faf2a0de04c4b9bd5afed6f9ef
                       085b5428ba3bc74455979d7d08b6f0ea4120eafb
                       17c5a94380ae4c25bd5905b94e14d519
       Extensions: 
                       critical(false) 2.5.29.17 value = Sequence
    Tagged [7] IMPLICIT 
        DER Octet String[4] 

                       critical(true) BasicConstraints: isCa(true)
                       critical(true) KeyUsage: 0xbe
 from file: /tmp/junit4656252409070842487/junit6652748982936204108/scm-meta/scm/sub-ca/certs/certificate.crt.
2023-06-19 20:32:53,466 [Time-limited test] INFO  client.SCMCertificateClient (DefaultCertificateClient.java:readCertificateFile(196)) - Added certificate   [0]         Version: 3
         SerialNumber: 5262947090047
             IssuerDN: CN=scm@fv-az616-238,OU=d2043c10-19f7-4d37-a99f-a36e24254c2f,O=493e20d5-d447-46bf-a4c9-0db7a8d28263
           Start Date: Mon Jun 19 20:32:53 UTC 2023
           Final Date: Thu Jul 27 20:32:53 UTC 2028
            SubjectDN: CN=scm-sub@fv-az616-238,OU=d2043c10-19f7-4d37-a99f-a36e24254c2f,O=493e20d5-d447-46bf-a4c9-0db7a8d28263
           Public Key: RSA Public Key [b6:09:57:7e:2d:d7:dd:82:a1:ef:e4:94:7f:82:f2:27:64:8c:3f:c4],[56:66:d1:a4]
        modulus: e7080abbc96344ca59005feec0195b4df93be11ca421a2d5d559e94e309dcb54f02466ef559b6b1422804de2a15e2004f75d8559241df11681ee1463a0720255696d35a22d6677baa7c975c5821dab19533402f6e31c805de84a6773ddc057e16a919150394969548ec48a9f89094d6721f3cd34159c1f99e4a730f687da720b4c424fdf9684e91313fd7e0409b6df8179ed9bbc659ed7409d2221fc94fae236e4cd1080d30f8de2d8e15a941e0e25d9e2bf10286d06b82c0887701adcd83437f3274019a80842e4c84adaa4d5b6bd8f61aafe62f0ec13f34ee9d2099fb548b51ced2ce23442179aeb5496128696eb94a83c1a789c566d86c79b3208e4ef5dc3
public exponent: 10001

  Signature Algorithm: SHA256WITHRSA
            Signature: 043de72c3f48fc90817f90c93c3d47d40fd5c78e
                       80149d08604a55be03d331e5df4554c7c0ad88c8
                       69cea06f5fb958b442cd8fae31125b81bf6ec33f
                       cb0caa16cfed2a1507046527621ecaadfa4d1dd0
                       6e49c68e03e93471a7e9a6f95a9629421f9455b3
                       ae348703e20d914cf5a0fd99bbc7cf7083562b0e
                       b3f38e625687672edc3993843e6e679dfec31213
                       a8f944529a2ca68e3fbdd4740a57291f5c09d300
                       56c62f3d139b2fb7aeb45c54007ecf926d6df7b2
                       fb2884e7d06a605ce9a379b20caa18fb0a6420b3
                       28364d0abe9ca5faf2a0de04c4b9bd5afed6f9ef
                       085b5428ba3bc74455979d7d08b6f0ea4120eafb
                       17c5a94380ae4c25bd5905b94e14d519
       Extensions: 
                       critical(false) 2.5.29.17 value = Sequence
    Tagged [7] IMPLICIT 
        DER Octet String[4] 

                       critical(true) BasicConstraints: isCa(true)
                       critical(true) KeyUsage: 0xbe
 from file: /tmp/junit4656252409070842487/junit6652748982936204108/scm-meta/scm/sub-ca/certs/5262947090047.crt.
2023-06-19 20:32:53,467 [Time-limited test] INFO  client.SCMCertificateClient (DefaultCertificateClient.java:readCertificateFile(196)) - Added certificate   [0]         Version: 3
         SerialNumber: 1
             IssuerDN: CN=scm@fv-az616-238,OU=d2043c10-19f7-4d37-a99f-a36e24254c2f,O=493e20d5-d447-46bf-a4c9-0db7a8d28263
           Start Date: Mon Jun 19 20:32:53 UTC 2023
           Final Date: Thu Jul 27 20:32:53 UTC 2028
            SubjectDN: CN=scm@fv-az616-238,OU=d2043c10-19f7-4d37-a99f-a36e24254c2f,O=493e20d5-d447-46bf-a4c9-0db7a8d28263
           Public Key: RSA Public Key [b2:f3:b8:76:1f:a9:23:13:84:a5:79:81:ab:ee:b6:2d:f3:d8:b5:e4],[56:66:d1:a4]
        modulus: e11981d5c401506bf26049e10baced0d38227cead83ea9c9ba1bc1ecc55a8c7aa15ab4c17a7f7a12f5913d3c6d9c94eadce51e0ae368ab6165327bf6bb829dc080959e6b0f2caeb16968be06325c0edbd3ed5ea06e1362b34e5083ba2d141cdd144418a19a0c1a672ee35459343c33b4b33bbf104e36993b17fc978e6f416889f302395ae31a3dc64a62a13c417574771b6550e1e3b287a7dc8caa0be9f0be981e3edf2c13c2dc3d56fffe4693189c86252d22e23a7b13291ba2e4fecce37ff3174afb305898eb331433389d4404058a22011ecfbf19f9961850a8834ab815ed754fbdf07b202f03bfd1556f6d4f1cabef704b06f03387a6024997ec8fb3e771
public exponent: 10001

  Signature Algorithm: SHA256WITHRSA
            Signature: 9c177ba745a2266d0753ad90e5f69447186c5aa1
                       2c30c711905fe96601594b0d78c96f586ee76082
                       fc107793ded8d7f3ffec439253a9867e94e379e0
                       2de7af5578f7ea238651871573c4d09d02d6e0d5
                       74bb2b058a3b4dcc98b5c720be3599911ffa0d31
                       55ea1c7034021643ce6043d031e60f0e885a5b87
                       5c87ffe3939a31112f631503bb3eef70fccded32
                       f126652923304913e808c6e20224469d2e65e827
                       a9afefd6521094634f677b14dedd2a655f3301bb
                       97b4eff350608bcc47d28fb487b73bab360429ee
                       8842ab8e86024d5ae6392bde6dd01d3851970f0f
                       4210dfbff2306d0bd840836b53b4b57a4667cf3e
                       604b3b522750d2acdd54c1a7752e06aa
       Extensions: 
                       critical(true) BasicConstraints: isCa(true)
                       critical(true) KeyUsage: 0x6
                       critical(false) 2.5.29.17 value = Sequence
    Tagged [7] IMPLICIT 
        DER Octet String[4] 

 from file: /tmp/junit4656252409070842487/junit6652748982936204108/scm-meta/scm/sub-ca/certs/CA-1.crt.
2023-06-19 20:32:53,468 [Time-limited test] INFO  client.SCMCertificateClient (DefaultCertificateClient.java:startCertificateMonitor(1260)) - CertificateLifetimeMonitor for scm/sub-ca is started with first delay 161135989533 ms and interval 3333 ms.
2023-06-19 20:32:53,468 [Time-limited test] WARN  server.ServerUtils (ServerUtils.java:getScmDbDir(155)) - ozone.scm.db.dirs is not configured. We recommend adding this setting. Falling back to ozone.metadata.dirs instead.
2023-06-19 20:32:53,468 [Time-limited test] INFO  ha.SCMHANodeDetails (SCMHANodeDetails.java:loadSCMHAConfig(210)) - ServiceID for StorageContainerManager is null
2023-06-19 20:32:53,469 [Time-limited test] INFO  ha.SCMHANodeDetails (SCMHANodeDetails.java:loadSCMHAConfig(215)) - ozone.scm.default.service.id is not defined, falling back to ozone.scm.service.ids to find serviceID for StorageContainerManager if it is HA enabled cluster
2023-06-19 20:32:53,470 [Time-limited test] INFO  client.SCMCertificateClient (DefaultCertificateClient.java:readCertificateFile(196)) - Added certificate   [0]         Version: 3
         SerialNumber: 5262947090047
             IssuerDN: CN=scm@fv-az616-238,OU=d2043c10-19f7-4d37-a99f-a36e24254c2f,O=493e20d5-d447-46bf-a4c9-0db7a8d28263
           Start Date: Mon Jun 19 20:32:53 UTC 2023
           Final Date: Thu Jul 27 20:32:53 UTC 2028
            SubjectDN: CN=scm-sub@fv-az616-238,OU=d2043c10-19f7-4d37-a99f-a36e24254c2f,O=493e20d5-d447-46bf-a4c9-0db7a8d28263
           Public Key: RSA Public Key [b6:09:57:7e:2d:d7:dd:82:a1:ef:e4:94:7f:82:f2:27:64:8c:3f:c4],[56:66:d1:a4]
        modulus: e7080abbc96344ca59005feec0195b4df93be11ca421a2d5d559e94e309dcb54f02466ef559b6b1422804de2a15e2004f75d8559241df11681ee1463a0720255696d35a22d6677baa7c975c5821dab19533402f6e31c805de84a6773ddc057e16a919150394969548ec48a9f89094d6721f3cd34159c1f99e4a730f687da720b4c424fdf9684e91313fd7e0409b6df8179ed9bbc659ed7409d2221fc94fae236e4cd1080d30f8de2d8e15a941e0e25d9e2bf10286d06b82c0887701adcd83437f3274019a80842e4c84adaa4d5b6bd8f61aafe62f0ec13f34ee9d2099fb548b51ced2ce23442179aeb5496128696eb94a83c1a789c566d86c79b3208e4ef5dc3
public exponent: 10001

  Signature Algorithm: SHA256WITHRSA
            Signature: 043de72c3f48fc90817f90c93c3d47d40fd5c78e
                       80149d08604a55be03d331e5df4554c7c0ad88c8
                       69cea06f5fb958b442cd8fae31125b81bf6ec33f
                       cb0caa16cfed2a1507046527621ecaadfa4d1dd0
                       6e49c68e03e93471a7e9a6f95a9629421f9455b3
                       ae348703e20d914cf5a0fd99bbc7cf7083562b0e
                       b3f38e625687672edc3993843e6e679dfec31213
                       a8f944529a2ca68e3fbdd4740a57291f5c09d300
                       56c62f3d139b2fb7aeb45c54007ecf926d6df7b2
                       fb2884e7d06a605ce9a379b20caa18fb0a6420b3
                       28364d0abe9ca5faf2a0de04c4b9bd5afed6f9ef
                       085b5428ba3bc74455979d7d08b6f0ea4120eafb
                       17c5a94380ae4c25bd5905b94e14d519
       Extensions: 
                       critical(false) 2.5.29.17 value = Sequence
    Tagged [7] IMPLICIT 
        DER Octet String[4] 

                       critical(true) BasicConstraints: isCa(true)
                       critical(true) KeyUsage: 0xbe
 from file: /tmp/junit4656252409070842487/junit6652748982936204108/scm-meta/scm/sub-ca/certs/certificate.crt.
2023-06-19 20:32:53,471 [Time-limited test] INFO  client.SCMCertificateClient (DefaultCertificateClient.java:readCertificateFile(196)) - Added certificate   [0]         Version: 3
         SerialNumber: 5262947090047
             IssuerDN: CN=scm@fv-az616-238,OU=d2043c10-19f7-4d37-a99f-a36e24254c2f,O=493e20d5-d447-46bf-a4c9-0db7a8d28263
           Start Date: Mon Jun 19 20:32:53 UTC 2023
           Final Date: Thu Jul 27 20:32:53 UTC 2028
            SubjectDN: CN=scm-sub@fv-az616-238,OU=d2043c10-19f7-4d37-a99f-a36e24254c2f,O=493e20d5-d447-46bf-a4c9-0db7a8d28263
           Public Key: RSA Public Key [b6:09:57:7e:2d:d7:dd:82:a1:ef:e4:94:7f:82:f2:27:64:8c:3f:c4],[56:66:d1:a4]
        modulus: e7080abbc96344ca59005feec0195b4df93be11ca421a2d5d559e94e309dcb54f02466ef559b6b1422804de2a15e2004f75d8559241df11681ee1463a0720255696d35a22d6677baa7c975c5821dab19533402f6e31c805de84a6773ddc057e16a919150394969548ec48a9f89094d6721f3cd34159c1f99e4a730f687da720b4c424fdf9684e91313fd7e0409b6df8179ed9bbc659ed7409d2221fc94fae236e4cd1080d30f8de2d8e15a941e0e25d9e2bf10286d06b82c0887701adcd83437f3274019a80842e4c84adaa4d5b6bd8f61aafe62f0ec13f34ee9d2099fb548b51ced2ce23442179aeb5496128696eb94a83c1a789c566d86c79b3208e4ef5dc3
public exponent: 10001

  Signature Algorithm: SHA256WITHRSA
            Signature: 043de72c3f48fc90817f90c93c3d47d40fd5c78e
                       80149d08604a55be03d331e5df4554c7c0ad88c8
                       69cea06f5fb958b442cd8fae31125b81bf6ec33f
                       cb0caa16cfed2a1507046527621ecaadfa4d1dd0
                       6e49c68e03e93471a7e9a6f95a9629421f9455b3
                       ae348703e20d914cf5a0fd99bbc7cf7083562b0e
                       b3f38e625687672edc3993843e6e679dfec31213
                       a8f944529a2ca68e3fbdd4740a57291f5c09d300
                       56c62f3d139b2fb7aeb45c54007ecf926d6df7b2
                       fb2884e7d06a605ce9a379b20caa18fb0a6420b3
                       28364d0abe9ca5faf2a0de04c4b9bd5afed6f9ef
                       085b5428ba3bc74455979d7d08b6f0ea4120eafb
                       17c5a94380ae4c25bd5905b94e14d519
       Extensions: 
                       critical(false) 2.5.29.17 value = Sequence
    Tagged [7] IMPLICIT 
        DER Octet String[4] 

                       critical(true) BasicConstraints: isCa(true)
                       critical(true) KeyUsage: 0xbe
 from file: /tmp/junit4656252409070842487/junit6652748982936204108/scm-meta/scm/sub-ca/certs/5262947090047.crt.
2023-06-19 20:32:53,472 [Time-limited test] INFO  client.SCMCertificateClient (DefaultCertificateClient.java:readCertificateFile(196)) - Added certificate   [0]         Version: 3
         SerialNumber: 1
             IssuerDN: CN=scm@fv-az616-238,OU=d2043c10-19f7-4d37-a99f-a36e24254c2f,O=493e20d5-d447-46bf-a4c9-0db7a8d28263
           Start Date: Mon Jun 19 20:32:53 UTC 2023
           Final Date: Thu Jul 27 20:32:53 UTC 2028
            SubjectDN: CN=scm@fv-az616-238,OU=d2043c10-19f7-4d37-a99f-a36e24254c2f,O=493e20d5-d447-46bf-a4c9-0db7a8d28263
           Public Key: RSA Public Key [b2:f3:b8:76:1f:a9:23:13:84:a5:79:81:ab:ee:b6:2d:f3:d8:b5:e4],[56:66:d1:a4]
        modulus: e11981d5c401506bf26049e10baced0d38227cead83ea9c9ba1bc1ecc55a8c7aa15ab4c17a7f7a12f5913d3c6d9c94eadce51e0ae368ab6165327bf6bb829dc080959e6b0f2caeb16968be06325c0edbd3ed5ea06e1362b34e5083ba2d141cdd144418a19a0c1a672ee35459343c33b4b33bbf104e36993b17fc978e6f416889f302395ae31a3dc64a62a13c417574771b6550e1e3b287a7dc8caa0be9f0be981e3edf2c13c2dc3d56fffe4693189c86252d22e23a7b13291ba2e4fecce37ff3174afb305898eb331433389d4404058a22011ecfbf19f9961850a8834ab815ed754fbdf07b202f03bfd1556f6d4f1cabef704b06f03387a6024997ec8fb3e771
public exponent: 10001

  Signature Algorithm: SHA256WITHRSA
            Signature: 9c177ba745a2266d0753ad90e5f69447186c5aa1
                       2c30c711905fe96601594b0d78c96f586ee76082
                       fc107793ded8d7f3ffec439253a9867e94e379e0
                       2de7af5578f7ea238651871573c4d09d02d6e0d5
                       74bb2b058a3b4dcc98b5c720be3599911ffa0d31
                       55ea1c7034021643ce6043d031e60f0e885a5b87
                       5c87ffe3939a31112f631503bb3eef70fccded32
                       f126652923304913e808c6e20224469d2e65e827
                       a9afefd6521094634f677b14dedd2a655f3301bb
                       97b4eff350608bcc47d28fb487b73bab360429ee
                       8842ab8e86024d5ae6392bde6dd01d3851970f0f
                       4210dfbff2306d0bd840836b53b4b57a4667cf3e
                       604b3b522750d2acdd54c1a7752e06aa
       Extensions: 
                       critical(true) BasicConstraints: isCa(true)
                       critical(true) KeyUsage: 0x6
                       critical(false) 2.5.29.17 value = Sequence
    Tagged [7] IMPLICIT 
        DER Octet String[4] 

 from file: /tmp/junit4656252409070842487/junit6652748982936204108/scm-meta/scm/sub-ca/certs/CA-1.crt.
2023-06-19 20:32:53,473 [Time-limited test] INFO  client.SCMCertificateClient (DefaultCertificateClient.java:startCertificateMonitor(1260)) - CertificateLifetimeMonitor for scm/sub-ca is started with first delay 161135989527 ms and interval 3333 ms.
2023-06-19 20:32:53,474 [Time-limited test] INFO  impl.DefaultInternalKdcServerImpl (DefaultInternalKdcServerImpl.java:doStop(102)) - Default Internal kdc server stopped.
2023-06-19 20:32:54,475 [Time-limited test] INFO  minikdc.MiniKdc (MiniKdc.java:stop(359)) - MiniKdc stopped.
]]></system-out>
  </testcase>
  <testcase name="testAdminAccessControlException" classname="org.apache.hadoop.ozone.TestSecureOzoneCluster" time="4.735">
    <system-out><![CDATA[2023-06-19 20:32:54,497 [Time-limited test] INFO  net.ServerSocketUtil (ServerSocketUtil.java:getPort(55)) - Using port 9860
2023-06-19 20:32:54,497 [Time-limited test] INFO  net.ServerSocketUtil (ServerSocketUtil.java:getPort(55)) - Using port 9861
2023-06-19 20:32:54,497 [Time-limited test] INFO  net.ServerSocketUtil (ServerSocketUtil.java:getPort(55)) - Using port 9863
2023-06-19 20:32:54,497 [Time-limited test] INFO  net.ServerSocketUtil (ServerSocketUtil.java:getPort(55)) - Using port 9961
2023-06-19 20:32:54,497 [Time-limited test] INFO  net.ServerSocketUtil (ServerSocketUtil.java:getPort(55)) - Using port 1200
2023-06-19 20:32:54,497 [Time-limited test] INFO  net.ServerSocketUtil (ServerSocketUtil.java:getPort(55)) - Using port 1201
2023-06-19 20:32:54,498 [Time-limited test] INFO  minikdc.MiniKdc (MiniKdc.java:<init>(225)) - Configuration:
2023-06-19 20:32:54,498 [Time-limited test] INFO  minikdc.MiniKdc (MiniKdc.java:<init>(226)) - ---------------------------------------------------------------
2023-06-19 20:32:54,499 [Time-limited test] INFO  minikdc.MiniKdc (MiniKdc.java:<init>(228)) -   debug: false
2023-06-19 20:32:54,499 [Time-limited test] INFO  minikdc.MiniKdc (MiniKdc.java:<init>(228)) -   transport: TCP
2023-06-19 20:32:54,499 [Time-limited test] INFO  minikdc.MiniKdc (MiniKdc.java:<init>(228)) -   max.ticket.lifetime: 86400000
2023-06-19 20:32:54,499 [Time-limited test] INFO  minikdc.MiniKdc (MiniKdc.java:<init>(228)) -   org.name: EXAMPLE
2023-06-19 20:32:54,499 [Time-limited test] INFO  minikdc.MiniKdc (MiniKdc.java:<init>(228)) -   kdc.port: 0
2023-06-19 20:32:54,499 [Time-limited test] INFO  minikdc.MiniKdc (MiniKdc.java:<init>(228)) -   org.domain: COM
2023-06-19 20:32:54,499 [Time-limited test] INFO  minikdc.MiniKdc (MiniKdc.java:<init>(228)) -   max.renewable.lifetime: 604800000
2023-06-19 20:32:54,499 [Time-limited test] INFO  minikdc.MiniKdc (MiniKdc.java:<init>(228)) -   instance: DefaultKrbServer
2023-06-19 20:32:54,499 [Time-limited test] INFO  minikdc.MiniKdc (MiniKdc.java:<init>(228)) -   kdc.bind.address: localhost
2023-06-19 20:32:54,499 [Time-limited test] INFO  minikdc.MiniKdc (MiniKdc.java:<init>(230)) - ---------------------------------------------------------------
2023-06-19 20:32:54,501 [Time-limited test] INFO  minikdc.MiniKdc (MiniKdc.java:start(285)) - MiniKdc started.
2023-06-19 20:32:54,585 [Time-limited test] WARN  server.ServerUtils (ServerUtils.java:getScmDbDir(155)) - ozone.scm.db.dirs is not configured. We recommend adding this setting. Falling back to ozone.metadata.dirs instead.
2023-06-19 20:32:54,586 [Time-limited test] INFO  ha.HASecurityUtils (HASecurityUtils.java:initializeSecurity(93)) - Initializing secure StorageContainerManager.
2023-06-19 20:32:54,586 [Time-limited test] WARN  client.SCMCertificateClient (DefaultCertificateClient.java:loadAllCertificates(161)) - Certificates could not be loaded.
java.nio.file.NoSuchFileException: /tmp/junit4185836701417321551/junit2013112236945704340/scm-meta/scm/sub-ca/certs
	at sun.nio.fs.UnixException.translateToIOException(UnixException.java:86)
	at sun.nio.fs.UnixException.rethrowAsIOException(UnixException.java:102)
	at sun.nio.fs.UnixException.rethrowAsIOException(UnixException.java:107)
	at sun.nio.fs.UnixFileSystemProvider.newDirectoryStream(UnixFileSystemProvider.java:427)
	at java.nio.file.Files.newDirectoryStream(Files.java:457)
	at java.nio.file.Files.list(Files.java:3451)
	at org.apache.hadoop.hdds.security.x509.certificate.client.DefaultCertificateClient.loadAllCertificates(DefaultCertificateClient.java:156)
	at org.apache.hadoop.hdds.security.x509.certificate.client.DefaultCertificateClient.updateCertSerialId(DefaultCertificateClient.java:1206)
	at org.apache.hadoop.hdds.security.x509.certificate.client.DefaultCertificateClient.<init>(DefaultCertificateClient.java:148)
	at org.apache.hadoop.hdds.security.x509.certificate.client.SCMCertificateClient.<init>(SCMCertificateClient.java:54)
	at org.apache.hadoop.hdds.scm.ha.HASecurityUtils.initializeSecurity(HASecurityUtils.java:97)
	at org.apache.hadoop.ozone.TestSecureOzoneCluster.initSCM(TestSecureOzoneCluster.java:431)
	at org.apache.hadoop.ozone.TestSecureOzoneCluster.testAdminAccessControlException(TestSecureOzoneCluster.java:389)
	at sun.reflect.NativeMethodAccessorImpl.invoke0(Native Method)
	at sun.reflect.NativeMethodAccessorImpl.invoke(NativeMethodAccessorImpl.java:62)
	at sun.reflect.DelegatingMethodAccessorImpl.invoke(DelegatingMethodAccessorImpl.java:43)
	at java.lang.reflect.Method.invoke(Method.java:498)
	at org.junit.runners.model.FrameworkMethod$1.runReflectiveCall(FrameworkMethod.java:59)
	at org.junit.internal.runners.model.ReflectiveCallable.run(ReflectiveCallable.java:12)
	at org.junit.runners.model.FrameworkMethod.invokeExplosively(FrameworkMethod.java:56)
	at org.junit.internal.runners.statements.InvokeMethod.evaluate(InvokeMethod.java:17)
	at org.junit.internal.runners.statements.RunBefores.evaluate(RunBefores.java:26)
	at org.junit.internal.runners.statements.RunAfters.evaluate(RunAfters.java:27)
	at org.junit.rules.ExternalResource$1.evaluate(ExternalResource.java:54)
	at org.junit.internal.runners.statements.FailOnTimeout$CallableStatement.call(FailOnTimeout.java:288)
	at org.junit.internal.runners.statements.FailOnTimeout$CallableStatement.call(FailOnTimeout.java:282)
	at java.util.concurrent.FutureTask.run(FutureTask.java:266)
	at java.lang.Thread.run(Thread.java:750)
2023-06-19 20:32:54,586 [Time-limited test] WARN  client.SCMCertificateClient (DefaultCertificateClient.java:loadAllCertificates(161)) - Certificates could not be loaded.
java.nio.file.NoSuchFileException: /tmp/junit4185836701417321551/junit2013112236945704340/scm-meta/scm/sub-ca/certs
	at sun.nio.fs.UnixException.translateToIOException(UnixException.java:86)
	at sun.nio.fs.UnixException.rethrowAsIOException(UnixException.java:102)
	at sun.nio.fs.UnixException.rethrowAsIOException(UnixException.java:107)
	at sun.nio.fs.UnixFileSystemProvider.newDirectoryStream(UnixFileSystemProvider.java:427)
	at java.nio.file.Files.newDirectoryStream(Files.java:457)
	at java.nio.file.Files.list(Files.java:3451)
	at org.apache.hadoop.hdds.security.x509.certificate.client.DefaultCertificateClient.loadAllCertificates(DefaultCertificateClient.java:156)
	at org.apache.hadoop.hdds.security.x509.certificate.client.DefaultCertificateClient.getCertPath(DefaultCertificateClient.java:324)
	at org.apache.hadoop.hdds.security.x509.certificate.client.DefaultCertificateClient.getCertificate(DefaultCertificateClient.java:300)
	at org.apache.hadoop.hdds.security.x509.certificate.client.DefaultCertificateClient.init(DefaultCertificateClient.java:669)
	at org.apache.hadoop.hdds.scm.ha.HASecurityUtils.initializeSecurity(HASecurityUtils.java:98)
	at org.apache.hadoop.ozone.TestSecureOzoneCluster.initSCM(TestSecureOzoneCluster.java:431)
	at org.apache.hadoop.ozone.TestSecureOzoneCluster.testAdminAccessControlException(TestSecureOzoneCluster.java:389)
	at sun.reflect.NativeMethodAccessorImpl.invoke0(Native Method)
	at sun.reflect.NativeMethodAccessorImpl.invoke(NativeMethodAccessorImpl.java:62)
	at sun.reflect.DelegatingMethodAccessorImpl.invoke(DelegatingMethodAccessorImpl.java:43)
	at java.lang.reflect.Method.invoke(Method.java:498)
	at org.junit.runners.model.FrameworkMethod$1.runReflectiveCall(FrameworkMethod.java:59)
	at org.junit.internal.runners.model.ReflectiveCallable.run(ReflectiveCallable.java:12)
	at org.junit.runners.model.FrameworkMethod.invokeExplosively(FrameworkMethod.java:56)
	at org.junit.internal.runners.statements.InvokeMethod.evaluate(InvokeMethod.java:17)
	at org.junit.internal.runners.statements.RunBefores.evaluate(RunBefores.java:26)
	at org.junit.internal.runners.statements.RunAfters.evaluate(RunAfters.java:27)
	at org.junit.rules.ExternalResource$1.evaluate(ExternalResource.java:54)
	at org.junit.internal.runners.statements.FailOnTimeout$CallableStatement.call(FailOnTimeout.java:288)
	at org.junit.internal.runners.statements.FailOnTimeout$CallableStatement.call(FailOnTimeout.java:282)
	at java.util.concurrent.FutureTask.run(FutureTask.java:266)
	at java.lang.Thread.run(Thread.java:750)
2023-06-19 20:32:54,587 [Time-limited test] INFO  client.SCMCertificateClient (DefaultCertificateClient.java:init(692)) - Certificate client init case: 0
2023-06-19 20:32:54,587 [Time-limited test] INFO  client.SCMCertificateClient (SCMCertificateClient.java:handleCase(68)) - Creating keypair for client as keypair and certificate not found.
2023-06-19 20:32:54,790 [Time-limited test] INFO  ha.HASecurityUtils (HASecurityUtils.java:initializeSecurity(99)) - Init response: GETCERT
2023-06-19 20:32:54,951 [Time-limited test] INFO  ozone.OzoneSecurityUtil (OzoneSecurityUtil.java:getValidInetsForCurrentHost(119)) - ip:fe80:0:0:0:20d:3aff:fe5b:c2ca%eth0 not returned.
2023-06-19 20:32:54,951 [Time-limited test] INFO  ozone.OzoneSecurityUtil (OzoneSecurityUtil.java:getValidInetsForCurrentHost(116)) - Adding ip:10.1.0.14,host:fv-az616-238
2023-06-19 20:32:54,951 [Time-limited test] INFO  ozone.OzoneSecurityUtil (OzoneSecurityUtil.java:getValidInetsForCurrentHost(119)) - ip:0:0:0:0:0:0:0:1%lo not returned.
2023-06-19 20:32:54,952 [Time-limited test] INFO  ozone.OzoneSecurityUtil (OzoneSecurityUtil.java:getValidInetsForCurrentHost(119)) - ip:127.0.0.1 not returned.
2023-06-19 20:32:54,952 [Time-limited test] ERROR utils.SelfSignedCertificate (SelfSignedCertificate.java:lambda$addInetAddresses$0(245)) - Invalid domain fv-az616-238
2023-06-19 20:32:54,955 [Time-limited test] INFO  utils.SelfSignedCertificate (SelfSignedCertificate.java:generateCertificate(158)) - Certificate 1 is issued by CN=scm@fv-az616-238,OU=b22ec8d4-0863-4612-a9c6-18aec847bf8e,O=2e46b8f2-b551-4083-b007-2e1e2aa5fbf3 to CN=scm@fv-az616-238,OU=b22ec8d4-0863-4612-a9c6-18aec847bf8e,O=2e46b8f2-b551-4083-b007-2e1e2aa5fbf3, valid from Mon Jun 19 20:32:54 UTC 2023 to Thu Jul 27 20:32:54 UTC 2028
2023-06-19 20:32:54,956 [Time-limited test] INFO  ozone.OzoneSecurityUtil (OzoneSecurityUtil.java:getValidInetsForCurrentHost(119)) - ip:fe80:0:0:0:20d:3aff:fe5b:c2ca%eth0 not returned.
2023-06-19 20:32:54,956 [Time-limited test] INFO  ozone.OzoneSecurityUtil (OzoneSecurityUtil.java:getValidInetsForCurrentHost(116)) - Adding ip:10.1.0.14,host:fv-az616-238
2023-06-19 20:32:54,957 [Time-limited test] INFO  ozone.OzoneSecurityUtil (OzoneSecurityUtil.java:getValidInetsForCurrentHost(119)) - ip:0:0:0:0:0:0:0:1%lo not returned.
2023-06-19 20:32:54,957 [Time-limited test] INFO  ozone.OzoneSecurityUtil (OzoneSecurityUtil.java:getValidInetsForCurrentHost(119)) - ip:127.0.0.1 not returned.
2023-06-19 20:32:54,957 [Time-limited test] ERROR utils.CertificateSignRequest (CertificateSignRequest.java:lambda$addInetAddresses$0(296)) - Invalid domain fv-az616-238
2023-06-19 20:32:54,957 [Time-limited test] INFO  ha.HASecurityUtils (HASecurityUtils.java:generateCSR(280)) - Creating csr for SCM->hostName:fv-az616-238,scmId:b22ec8d4-0863-4612-a9c6-18aec847bf8e,clusterId:2e46b8f2-b551-4083-b007-2e1e2aa5fbf3,subject:scm-sub@fv-az616-238
2023-06-19 20:32:54,966 [Time-limited test] INFO  ha.HASecurityUtils (HASecurityUtils.java:initializeSecurity(112)) - Successfully stored SCM signed certificate.
2023-06-19 20:32:54,970 [Time-limited test] WARN  server.ServerUtils (ServerUtils.java:getScmDbDir(155)) - ozone.scm.db.dirs is not configured. We recommend adding this setting. Falling back to ozone.metadata.dirs instead.
2023-06-19 20:32:54,971 [Time-limited test] INFO  ha.SCMHANodeDetails (SCMHANodeDetails.java:loadSCMHAConfig(210)) - ServiceID for StorageContainerManager is null
2023-06-19 20:32:54,971 [Time-limited test] INFO  ha.SCMHANodeDetails (SCMHANodeDetails.java:loadSCMHAConfig(215)) - ozone.scm.default.service.id is not defined, falling back to ozone.scm.service.ids to find serviceID for StorageContainerManager if it is HA enabled cluster
2023-06-19 20:32:54,973 [Time-limited test] INFO  client.SCMCertificateClient (DefaultCertificateClient.java:readCertificateFile(196)) - Added certificate   [0]         Version: 3
         SerialNumber: 5264476121934
             IssuerDN: CN=scm@fv-az616-238,OU=b22ec8d4-0863-4612-a9c6-18aec847bf8e,O=2e46b8f2-b551-4083-b007-2e1e2aa5fbf3
           Start Date: Mon Jun 19 20:32:54 UTC 2023
           Final Date: Thu Jul 27 20:32:54 UTC 2028
            SubjectDN: CN=scm-sub@fv-az616-238,OU=b22ec8d4-0863-4612-a9c6-18aec847bf8e,O=2e46b8f2-b551-4083-b007-2e1e2aa5fbf3
           Public Key: RSA Public Key [f2:c3:c8:0d:8a:e1:44:10:bc:fe:74:13:61:5d:ac:4d:a1:b6:51:ff],[56:66:d1:a4]
        modulus: c9857302a86d880d2e153858e219d89ae3f2ff1784e70cb760be7b8d3a34fd786afb1e1929ae0ef8092cec43830fdf073381c33b4b81be3b7d65839d0733398067eeb3d72580003f5f955a0922fbd9fb6dd9c061880f54c97869dd6abdd2eb733f3916c90a21fab2d37d639a4ceac0e473b2004448d835a3335c5723000261a6541710d32916a34375801d6fa8dda0a174862e47648cf37f0bcb04ccc2f64a7fd1bd607de7c07d18ff6c9072937f46ea95f388bc6b495199690c6674edb70bf8d279ad87e54b471ea86470a3fbd7791d77115678426de1b1f4fce1cc8c0ce34a3d885e95f4e4ba790d0e45e907dc585cef6949e63ef4959693f9b604ee2f452b
public exponent: 10001

  Signature Algorithm: SHA256WITHRSA
            Signature: 1f35c26c09c81403e3b892aaf1151df250df184d
                       bf15d7f957210931f4f4393eddf919e1d775d390
                       0d7392f63f5828600eb9a3f23899e53113b5cb4c
                       10f2c1d55e23748ccdf364127ee4f9b56931d2f5
                       22b9cb3a155455de6ca2833d7486aa2f7f927cba
                       5d53f81b7ed17a6cf6b442b066d38e4cd92ddfa5
                       72a643fb38de2ec775e92c87cfda930f285976e7
                       6972b8162ce25befa8808cf6e48001a7069ba82a
                       27e945ba4cb6b697b1965c1e457be470c7409300
                       686bc68f1343968f767dcb10ef2fa4e837806d0b
                       1ec033cfa3502a3117c12e8ebbd990396d65b629
                       b5a7e5ecb5018a86ef2c139915210f890fdff56e
                       ee4b509bf25e7187e7786ad514bbb47e
       Extensions: 
                       critical(false) 2.5.29.17 value = Sequence
    Tagged [7] IMPLICIT 
        DER Octet String[4] 

                       critical(true) BasicConstraints: isCa(true)
                       critical(true) KeyUsage: 0xbe
 from file: /tmp/junit4185836701417321551/junit2013112236945704340/scm-meta/scm/sub-ca/certs/certificate.crt.
2023-06-19 20:32:54,974 [Time-limited test] INFO  client.SCMCertificateClient (DefaultCertificateClient.java:readCertificateFile(196)) - Added certificate   [0]         Version: 3
         SerialNumber: 1
             IssuerDN: CN=scm@fv-az616-238,OU=b22ec8d4-0863-4612-a9c6-18aec847bf8e,O=2e46b8f2-b551-4083-b007-2e1e2aa5fbf3
           Start Date: Mon Jun 19 20:32:54 UTC 2023
           Final Date: Thu Jul 27 20:32:54 UTC 2028
            SubjectDN: CN=scm@fv-az616-238,OU=b22ec8d4-0863-4612-a9c6-18aec847bf8e,O=2e46b8f2-b551-4083-b007-2e1e2aa5fbf3
           Public Key: RSA Public Key [c1:b9:70:39:b9:7c:ff:dc:e1:83:64:ba:0f:4d:50:b1:48:9e:15:c0],[56:66:d1:a4]
        modulus: 97dd620628e6957f6a580fa9bc5984911f3af1afbc496a1085e415f948d913b89c90320f4858a525489a8d203129966cfc8b176dca63520340ddad8017ea47d70e0c217a76f5f05f3fc62d5a233ccc45d1489c01aaa919ff29e60b79c29d3abb42350a4a3eac9bc912c4dee900e57d446c7af4e2dedcf1c3883916b070688897ff7c8b25e0db3156a9ac09dc45118daefb52e3f491490003bec91b48df42072e895395d5029b50d70c367dcd32bd8c4bf0ad0dce9e36f293b8bab72e37b96a53623a24a0324bd012a18d6fd513c0a4afc74371b3d5f28d9c5dddf215207bc1545466a10f3f9b2981ff7715c77ebc3bf9e9a83fdd31d151212bf4825618e31fb9
public exponent: 10001

  Signature Algorithm: SHA256WITHRSA
            Signature: 95e097399245023eab542badd7430e4934cf2a61
                       8b0984d8fbba15a00153fabbc7c1429eefa665e6
                       00bcd15000b9b20c037a3c5eabf795a1fc0b8c2a
                       5fcfc551ee11489ba447a2fa7288d048ef069091
                       2a62fd736ee1ab5e8832ad64037553da56a2b07e
                       ff9e01684da8bbb7038a9a99e5d1a90d54155a36
                       1e2a5de8c9443c552c3a5a6d227085d28649038b
                       9d8d6e5fa13a962938ab265a7c33d9e2a5e42be3
                       aa565db6ec2b4aea9b72d6213de3a5cffb4e6e86
                       5a50efd22ce70012a9186dab086ea4ec3858e8c2
                       7e5584565f01ac2ddd1b354a653426f42e825380
                       ea9a7ce6163948f26d9b6bc6c5ebd73c9d7c354c
                       bbcd5994cddc5c400d0283f88f39f6a9
       Extensions: 
                       critical(true) BasicConstraints: isCa(true)
                       critical(true) KeyUsage: 0x6
                       critical(false) 2.5.29.17 value = Sequence
    Tagged [7] IMPLICIT 
        DER Octet String[4] 

 from file: /tmp/junit4185836701417321551/junit2013112236945704340/scm-meta/scm/sub-ca/certs/CA-1.crt.
2023-06-19 20:32:54,977 [Time-limited test] INFO  client.SCMCertificateClient (DefaultCertificateClient.java:readCertificateFile(196)) - Added certificate   [0]         Version: 3
         SerialNumber: 5264476121934
             IssuerDN: CN=scm@fv-az616-238,OU=b22ec8d4-0863-4612-a9c6-18aec847bf8e,O=2e46b8f2-b551-4083-b007-2e1e2aa5fbf3
           Start Date: Mon Jun 19 20:32:54 UTC 2023
           Final Date: Thu Jul 27 20:32:54 UTC 2028
            SubjectDN: CN=scm-sub@fv-az616-238,OU=b22ec8d4-0863-4612-a9c6-18aec847bf8e,O=2e46b8f2-b551-4083-b007-2e1e2aa5fbf3
           Public Key: RSA Public Key [f2:c3:c8:0d:8a:e1:44:10:bc:fe:74:13:61:5d:ac:4d:a1:b6:51:ff],[56:66:d1:a4]
        modulus: c9857302a86d880d2e153858e219d89ae3f2ff1784e70cb760be7b8d3a34fd786afb1e1929ae0ef8092cec43830fdf073381c33b4b81be3b7d65839d0733398067eeb3d72580003f5f955a0922fbd9fb6dd9c061880f54c97869dd6abdd2eb733f3916c90a21fab2d37d639a4ceac0e473b2004448d835a3335c5723000261a6541710d32916a34375801d6fa8dda0a174862e47648cf37f0bcb04ccc2f64a7fd1bd607de7c07d18ff6c9072937f46ea95f388bc6b495199690c6674edb70bf8d279ad87e54b471ea86470a3fbd7791d77115678426de1b1f4fce1cc8c0ce34a3d885e95f4e4ba790d0e45e907dc585cef6949e63ef4959693f9b604ee2f452b
public exponent: 10001

  Signature Algorithm: SHA256WITHRSA
            Signature: 1f35c26c09c81403e3b892aaf1151df250df184d
                       bf15d7f957210931f4f4393eddf919e1d775d390
                       0d7392f63f5828600eb9a3f23899e53113b5cb4c
                       10f2c1d55e23748ccdf364127ee4f9b56931d2f5
                       22b9cb3a155455de6ca2833d7486aa2f7f927cba
                       5d53f81b7ed17a6cf6b442b066d38e4cd92ddfa5
                       72a643fb38de2ec775e92c87cfda930f285976e7
                       6972b8162ce25befa8808cf6e48001a7069ba82a
                       27e945ba4cb6b697b1965c1e457be470c7409300
                       686bc68f1343968f767dcb10ef2fa4e837806d0b
                       1ec033cfa3502a3117c12e8ebbd990396d65b629
                       b5a7e5ecb5018a86ef2c139915210f890fdff56e
                       ee4b509bf25e7187e7786ad514bbb47e
       Extensions: 
                       critical(false) 2.5.29.17 value = Sequence
    Tagged [7] IMPLICIT 
        DER Octet String[4] 

                       critical(true) BasicConstraints: isCa(true)
                       critical(true) KeyUsage: 0xbe
 from file: /tmp/junit4185836701417321551/junit2013112236945704340/scm-meta/scm/sub-ca/certs/5264476121934.crt.
2023-06-19 20:32:54,978 [Time-limited test] INFO  client.SCMCertificateClient (DefaultCertificateClient.java:startCertificateMonitor(1260)) - CertificateLifetimeMonitor for scm/sub-ca is started with first delay 161135989022 ms and interval 3333 ms.
2023-06-19 20:32:54,982 [pool-575-thread-1] INFO  request.KdcRequest (KdcRequest.java:preauth(651)) - The preauth data is empty.
2023-06-19 20:32:54,983 [pool-575-thread-1] INFO  server.KdcHandler (KdcHandler.java:handleRecoverableException(177)) - KRB error occurred while processing request:Additional pre-authentication required
2023-06-19 20:32:54,989 [pool-575-thread-2] INFO  request.AsRequest (AsRequest.java:issueTicket(112)) - AS_REQ ISSUE: authtime 1687206774989,scm/fv-az616-238@EXAMPLE.COM for krbtgt/EXAMPLE.COM@EXAMPLE.COM
2023-06-19 20:32:54,992 [Time-limited test] INFO  security.UserGroupInformation (UserGroupInformation.java:loginUserFromKeytab(1132)) - Login successful for user scm/fv-az616-238@EXAMPLE.COM using keytab file scm.keytab. Keytab auto renewal enabled : false
2023-06-19 20:32:54,992 [Time-limited test] INFO  server.StorageContainerManager (StorageContainerManager.java:loginAsSCMUserIfSecurityEnabled(1042)) - SCM login successful.
2023-06-19 20:32:54,992 [Time-limited test] WARN  utils.HAUtils (HAUtils.java:getMetaDir(339)) - ozone.scm.db.dirs is not configured. We recommend adding this setting. Falling back to ozone.metadata.dirs instead.
2023-06-19 20:32:54,992 [Time-limited test] WARN  db.DBStoreBuilder (DBStoreBuilder.java:applyDBDefinition(165)) - ozone.scm.db.dirs is not configured. We recommend adding this setting. Falling back to ozone.metadata.dirs instead.
2023-06-19 20:32:55,147 [Time-limited test] INFO  net.NodeSchemaLoader (NodeSchemaLoader.java:loadSchemaFromFile(129)) - Loading schema from [jar:file:/home/runner/.m2/repository/org/apache/ozone/hdds-common/1.4.0-SNAPSHOT/hdds-common-1.4.0-SNAPSHOT.jar!/network-topology-default.xml]
2023-06-19 20:32:55,147 [Time-limited test] INFO  net.NodeSchemaLoader (NodeSchemaLoader.java:loadSchema(176)) - Loading network topology layer schema file
2023-06-19 20:32:55,155 [Time-limited test] INFO  upgrade.AbstractLayoutVersionManager (AbstractLayoutVersionManager.java:init(83)) - Initializing Layout version manager with metadata layout = HADOOP_PRC_PORTS_IN_DATANODEDETAILS (version = 7), software layout = HADOOP_PRC_PORTS_IN_DATANODEDETAILS (version = 7)
2023-06-19 20:32:55,157 [Time-limited test] INFO  ha.SequenceIdGenerator (SequenceIdGenerator.java:upgradeToSequenceId(349)) - upgrade localId to 111677748019200000
2023-06-19 20:32:55,158 [Time-limited test] INFO  ha.SequenceIdGenerator (SequenceIdGenerator.java:upgradeToSequenceId(359)) - upgrade delTxnId to 0
2023-06-19 20:32:55,159 [Time-limited test] INFO  ha.SequenceIdGenerator (SequenceIdGenerator.java:upgradeToSequenceId(376)) - upgrade containerId to 0
2023-06-19 20:32:55,159 [Time-limited test] INFO  ha.SequenceIdGenerator (SequenceIdGenerator.java:<init>(220)) - Init the HA SequenceIdGenerator.
2023-06-19 20:32:55,160 [Time-limited test] INFO  node.SCMNodeManager (SCMNodeManager.java:<init>(158)) - Entering startup safe mode.
2023-06-19 20:32:55,161 [Time-limited test] INFO  algorithms.ContainerPlacementPolicyFactory (ContainerPlacementPolicyFactory.java:getPolicyInternal(86)) - Create container placement policy of type org.apache.hadoop.hdds.scm.container.placement.algorithms.SCMContainerPlacementRackAware
2023-06-19 20:32:55,161 [Time-limited test] INFO  algorithms.ContainerPlacementPolicyFactory (ContainerPlacementPolicyFactory.java:getPolicyInternal(86)) - Create container placement policy of type org.apache.hadoop.hdds.scm.container.placement.algorithms.SCMContainerPlacementRackScatter
2023-06-19 20:32:55,162 [Time-limited test] INFO  pipeline.PipelineStateManagerImpl (PipelineStateManagerImpl.java:initialize(78)) - No pipeline exists in current db
2023-06-19 20:32:55,162 [Time-limited test] INFO  algorithms.LeaderChoosePolicyFactory (LeaderChoosePolicyFactory.java:getPolicy(57)) - Create leader choose policy of type org.apache.hadoop.hdds.scm.pipeline.leader.choose.algorithms.MinLeaderCountChoosePolicy
2023-06-19 20:32:55,162 [Time-limited test] INFO  algorithms.ContainerPlacementPolicyFactory (ContainerPlacementPolicyFactory.java:getPolicyInternal(86)) - Create container placement policy of type org.apache.hadoop.hdds.scm.container.placement.algorithms.SCMContainerPlacementRackScatter
2023-06-19 20:32:55,163 [Time-limited test] INFO  ha.SCMServiceManager (SCMServiceManager.java:register(42)) - Registering service BackgroundPipelineCreator.
2023-06-19 20:32:55,163 [Time-limited test] INFO  pipeline.BackgroundPipelineCreator (BackgroundPipelineCreator.java:start(124)) - Starting RatisPipelineUtilsThread.
2023-06-19 20:32:55,163 [Time-limited test] INFO  BackgroundPipelineScrubber (BackgroundSCMService.java:start(68)) - Starting BackgroundPipelineScrubber Service.
2023-06-19 20:32:55,163 [Time-limited test] INFO  ha.SCMServiceManager (SCMServiceManager.java:register(42)) - Registering service BackgroundPipelineScrubber.
2023-06-19 20:32:55,164 [Time-limited test] INFO  ExpiredContainerReplicaOpScrubber (BackgroundSCMService.java:start(68)) - Starting ExpiredContainerReplicaOpScrubber Service.
2023-06-19 20:32:55,164 [Time-limited test] INFO  ha.SCMServiceManager (SCMServiceManager.java:register(42)) - Registering service ExpiredContainerReplicaOpScrubber.
2023-06-19 20:32:55,166 [Time-limited test] INFO  algorithms.PipelineChoosePolicyFactory (PipelineChoosePolicyFactory.java:createPipelineChoosePolicyFromClass(73)) - Create pipeline choose policy of type org.apache.hadoop.hdds.scm.pipeline.choose.algorithms.RandomPipelineChoosePolicy
2023-06-19 20:32:55,166 [Time-limited test] INFO  ha.SCMServiceManager (SCMServiceManager.java:register(42)) - Registering service SCMBlockDeletingService.
2023-06-19 20:32:55,168 [Time-limited test] INFO  replication.ReplicationManager (ReplicationManager.java:start(286)) - Starting Replication Monitor Thread.
2023-06-19 20:32:55,170 [Time-limited test] INFO  ha.SCMServiceManager (SCMServiceManager.java:register(42)) - Registering service ReplicationManager.
2023-06-19 20:32:55,171 [Time-limited test] INFO  safemode.ContainerSafeModeRule (ContainerSafeModeRule.java:<init>(89)) - containers with one replica threshold count 0
2023-06-19 20:32:55,172 [Time-limited test] INFO  safemode.HealthyPipelineSafeModeRule (HealthyPipelineSafeModeRule.java:initializeRule(169)) - Total pipeline count is 0, healthy pipeline threshold count is 0
2023-06-19 20:32:55,172 [Time-limited test] INFO  safemode.OneReplicaPipelineSafeModeRule (OneReplicaPipelineSafeModeRule.java:initializeRule(180)) - Total pipeline count is 0, pipeline's with at least one datanode reported threshold count is 0
2023-06-19 20:32:55,173 [ReplicationMonitor] INFO  replication.ReplicationManager (ReplicationManager.java:processAll(361)) - Replication Manager is not ready to run until 300000ms after safemode exit
2023-06-19 20:32:55,174 [Time-limited test] INFO  authority.DefaultCAServer (DefaultCAServer.java:lambda$processVerificationStatus$0(465)) - CertificateServer validation is successful
2023-06-19 20:32:55,175 [Time-limited test] INFO  authority.DefaultCAServer (DefaultCAServer.java:lambda$processVerificationStatus$0(465)) - CertificateServer validation is successful
2023-06-19 20:32:55,179 [Time-limited test] INFO  server.StorageContainerManager (StorageContainerManager.java:persistPrimarySCMCerts(910)) - Storing sub-ca certificate serialId 5264476121934 on primary SCM
2023-06-19 20:32:55,181 [Time-limited test] INFO  server.StorageContainerManager (StorageContainerManager.java:persistPrimarySCMCerts(918)) - Storing root certificate serialId 1
2023-06-19 20:32:55,182 [Time-limited test] INFO  ipc.CallQueueManager (CallQueueManager.java:<init>(90)) - Using callQueue: class java.util.concurrent.LinkedBlockingQueue, queueCapacity: 200, scheduler: class org.apache.hadoop.ipc.DefaultRpcScheduler, ipcBackoff: false.
2023-06-19 20:32:55,183 [Socket Reader #1 for port 9961] INFO  ipc.Server (Server.java:run(1319)) - Starting Socket Reader #1 for port 9961
2023-06-19 20:32:55,186 [Listener at 0.0.0.0/9961] INFO  hdds.HddsUtils (HddsUtils.java:preserveThreadName(848)) - Restoring thread name: Time-limited test
2023-06-19 20:32:55,187 [Time-limited test] INFO  ha.SCMServiceManager (SCMServiceManager.java:register(42)) - Registering service RootCARotationManager.
2023-06-19 20:32:55,187 [Time-limited test] INFO  server.StorageContainerManager (StorageContainerManager.java:<init>(414)) - SCM start with adminUsers: [om/fv-az616-238@EXAMPLE.COM, scm]
2023-06-19 20:32:55,188 [Time-limited test] INFO  ipc.CallQueueManager (CallQueueManager.java:<init>(90)) - Using callQueue: class java.util.concurrent.LinkedBlockingQueue, queueCapacity: 10000, scheduler: class org.apache.hadoop.ipc.DefaultRpcScheduler, ipcBackoff: false.
2023-06-19 20:32:55,189 [Socket Reader #1 for port 9861] INFO  ipc.Server (Server.java:run(1319)) - Starting Socket Reader #1 for port 9861
2023-06-19 20:32:55,191 [Listener at 0.0.0.0/9861] INFO  hdds.HddsUtils (HddsUtils.java:preserveThreadName(848)) - Restoring thread name: Time-limited test
2023-06-19 20:32:55,191 [Time-limited test] INFO  ipc.CallQueueManager (CallQueueManager.java:<init>(90)) - Using callQueue: class java.util.concurrent.LinkedBlockingQueue, queueCapacity: 10000, scheduler: class org.apache.hadoop.ipc.DefaultRpcScheduler, ipcBackoff: false.
2023-06-19 20:32:55,193 [Socket Reader #1 for port 9863] INFO  ipc.Server (Server.java:run(1319)) - Starting Socket Reader #1 for port 9863
2023-06-19 20:32:55,195 [Listener at 0.0.0.0/9863] INFO  hdds.HddsUtils (HddsUtils.java:preserveThreadName(848)) - Restoring thread name: Time-limited test
2023-06-19 20:32:55,195 [Time-limited test] INFO  ipc.CallQueueManager (CallQueueManager.java:<init>(90)) - Using callQueue: class java.util.concurrent.LinkedBlockingQueue, queueCapacity: 10000, scheduler: class org.apache.hadoop.ipc.DefaultRpcScheduler, ipcBackoff: false.
2023-06-19 20:32:55,196 [Socket Reader #1 for port 9860] INFO  ipc.Server (Server.java:run(1319)) - Starting Socket Reader #1 for port 9860
2023-06-19 20:32:55,198 [Listener at 0.0.0.0/9860] INFO  hdds.HddsUtils (HddsUtils.java:preserveThreadName(848)) - Restoring thread name: Time-limited test
2023-06-19 20:32:55,204 [Time-limited test] INFO  ha.SCMServiceManager (SCMServiceManager.java:register(42)) - Registering service ContainerBalancer.
2023-06-19 20:32:55,205 [Time-limited test] INFO  server.StorageContainerManager (StorageContainerManager.java:<init>(427)) - 
Container Balancer status:
Key                            Value
Running                        false
Container Balancer Configuration values:
Key                                                Value
Threshold                                          10
Max Datanodes to Involve per Iteration(percent)    20
Max Size to Move per Iteration                     500GB
Max Size Entering Target per Iteration             26GB
Max Size Leaving Source per Iteration              26GB

2023-06-19 20:32:55,205 [Time-limited test] INFO  ha.SCMContext (SCMContext.java:updateSafeModeStatus(228)) - Update SafeModeStatus from SafeModeStatus{safeModeStatus=true, preCheckPassed=false} to SafeModeStatus{safeModeStatus=true, preCheckPassed=false}.
2023-06-19 20:32:55,207 [Time-limited test] INFO  server.StorageContainerManager (StorageContainerManager.java:start(1483)) - StorageContainerLocationProtocol RPC server is listening at /0.0.0.0:9860
2023-06-19 20:32:55,207 [Time-limited test] INFO  impl.MetricsSystemImpl (MetricsSystemImpl.java:init(158)) - StorageContainerManager metrics system started (again)
2023-06-19 20:32:55,223 [Time-limited test] INFO  server.SCMClientProtocolServer (SCMClientProtocolServer.java:start(201)) - RPC server for Client  is listening at /0.0.0.0:9860
2023-06-19 20:32:55,223 [IPC Server Responder] INFO  ipc.Server (Server.java:run(1558)) - IPC Server Responder: starting
2023-06-19 20:32:55,243 [Time-limited test] INFO  server.StorageContainerManager (StorageContainerManager.java:start(1496)) - ScmBlockLocationProtocol RPC server is listening at /0.0.0.0:9863
2023-06-19 20:32:55,244 [Time-limited test] INFO  server.SCMBlockProtocolServer (SCMBlockProtocolServer.java:start(152)) - RPC server for Block Protocol is listening at /0.0.0.0:9863
2023-06-19 20:32:55,244 [IPC Server Responder] INFO  ipc.Server (Server.java:run(1558)) - IPC Server Responder: starting
2023-06-19 20:32:55,244 [IPC Server listener on 9863] INFO  ipc.Server (Server.java:run(1398)) - IPC Server listener on 9863: starting
2023-06-19 20:32:55,246 [IPC Server listener on 9860] INFO  ipc.Server (Server.java:run(1398)) - IPC Server listener on 9860: starting
2023-06-19 20:32:55,260 [Time-limited test] INFO  server.SCMDatanodeProtocolServer (SCMDatanodeProtocolServer.java:start(193)) - ScmDatanodeProtocol RPC server for DataNodes is listening at /0.0.0.0:9861
2023-06-19 20:32:55,261 [IPC Server Responder] INFO  ipc.Server (Server.java:run(1558)) - IPC Server Responder: starting
2023-06-19 20:32:55,261 [IPC Server listener on 9861] INFO  ipc.Server (Server.java:run(1398)) - IPC Server listener on 9861: starting
2023-06-19 20:32:55,280 [Time-limited test] INFO  server.SCMSecurityProtocolServer (SCMSecurityProtocolServer.java:start(465)) - Starting RPC server for SCMSecurityProtocolServer. is listening at /0.0.0.0:9961
2023-06-19 20:32:55,281 [IPC Server Responder] INFO  ipc.Server (Server.java:run(1558)) - IPC Server Responder: starting
2023-06-19 20:32:55,281 [IPC Server listener on 9961] INFO  ipc.Server (Server.java:run(1398)) - IPC Server listener on 9961: starting
2023-06-19 20:32:55,282 [Time-limited test] INFO  server.SCMUpdateServiceGrpcServer (SCMUpdateServiceGrpcServer.java:start(58)) - SCMUpdateService starting
2023-06-19 20:32:55,290 [Time-limited test] INFO  security.RootCARotationManager (RootCARotationManager.java:start(135)) - Monitor task for root certificate 1 is started with interval PT9S.
2023-06-19 20:32:55,295 [Time-limited test] INFO  http.BaseHttpServer (BaseHttpServer.java:newHttpServer2BuilderForOzone(224)) - Starting Web-server for scm at: http://0.0.0.0:9876
2023-06-19 20:32:55,295 [Time-limited test] INFO  http.BaseHttpServer (BaseHttpServer.java:<init>(111)) - Hadoop Security Enabled: true Ozone Security Enabled: true Ozone HTTP Security Enabled: false 
2023-06-19 20:32:55,297 [Time-limited test] WARN  server.AuthenticationFilter (AuthenticationFilter.java:constructSecretProvider(240)) - Unable to initialize FileSignerSecretProvider, falling back to use random secrets. Reason: Could not read signature secret file: /home/runner/hadoop-http-auth-signature-secret
2023-06-19 20:32:55,298 [Time-limited test] INFO  http.HttpRequestLog (HttpRequestLog.java:getRequestLog(86)) - Http request log for http.requests.scm is not defined
2023-06-19 20:32:55,300 [Time-limited test] INFO  http.HttpServer2 (HttpServer2.java:addGlobalFilter(1031)) - Added global filter 'safety' (class=org.apache.hadoop.hdds.server.http.HttpServer2$QuotingInputFilter)
2023-06-19 20:32:55,301 [Time-limited test] INFO  http.HttpServer2 (HttpServer2.java:addFilter(1007)) - Added filter static_user_filter (class=org.apache.hadoop.http.lib.StaticUserWebFilter$StaticUserFilter) to context scm
2023-06-19 20:32:55,301 [Time-limited test] INFO  http.HttpServer2 (HttpServer2.java:addFilter(1015)) - Added filter static_user_filter (class=org.apache.hadoop.http.lib.StaticUserWebFilter$StaticUserFilter) to context static
2023-06-19 20:32:55,301 [Time-limited test] INFO  http.HttpServer2 (HttpServer2.java:addFilter(1015)) - Added filter static_user_filter (class=org.apache.hadoop.http.lib.StaticUserWebFilter$StaticUserFilter) to context logs
2023-06-19 20:32:55,301 [JvmPauseMonitor8] INFO  util.JvmPauseMonitor (JvmPauseMonitor.java:run(103)) - JvmPauseMonitor-b22ec8d4-0863-4612-a9c6-18aec847bf8e: Started
2023-06-19 20:32:55,303 [Time-limited test] INFO  http.BaseHttpServer (BaseHttpServer.java:<init>(190)) - HTTP server of scm uses base directory /tmp/junit4185836701417321551/junit2013112236945704340/scm-meta/webserver
2023-06-19 20:32:55,304 [Time-limited test] INFO  http.HttpServer2 (HttpServer2.java:bindListener(1250)) - Jetty bound to port 9876
2023-06-19 20:32:55,304 [Time-limited test] INFO  server.Server (Server.java:doStart(375)) - jetty-9.4.51.v20230217; built: 2023-02-17T08:19:37.309Z; git: b45c405e4544384de066f814ed42ae3dceacdd49; jvm 1.8.0_372-b07
2023-06-19 20:32:55,306 [Time-limited test] INFO  server.session (DefaultSessionIdManager.java:doStart(334)) - DefaultSessionIdManager workerName=node0
2023-06-19 20:32:55,306 [Time-limited test] INFO  server.session (DefaultSessionIdManager.java:doStart(339)) - No SessionScavenger set, using defaults
2023-06-19 20:32:55,306 [Time-limited test] INFO  server.session (HouseKeeper.java:startScavenging(132)) - node0 Scavenging every 660000ms
2023-06-19 20:32:55,307 [Time-limited test] INFO  handler.ContextHandler (ContextHandler.java:doStart(921)) - Started o.e.j.s.ServletContextHandler@5f093012{logs,/logs,file:///home/runner/work/ozone/ozone/hadoop-ozone/integration-test/target/log,AVAILABLE}
2023-06-19 20:32:55,308 [Time-limited test] INFO  handler.ContextHandler (ContextHandler.java:doStart(921)) - Started o.e.j.s.ServletContextHandler@af974d9{static,/static,file:///home/runner/work/ozone/ozone/hadoop-ozone/integration-test/target/test-classes/webapps/static,AVAILABLE}
2023-06-19 20:32:55,311 [Time-limited test] INFO  handler.ContextHandler (ContextHandler.java:doStart(921)) - Started o.e.j.w.WebAppContext@881500f{scm,/,file:///home/runner/work/ozone/ozone/hadoop-ozone/integration-test/target/test-classes/webapps/scm/,AVAILABLE}{file:/home/runner/work/ozone/ozone/hadoop-ozone/integration-test/target/test-classes/webapps/scm}
2023-06-19 20:32:55,319 [Time-limited test] INFO  server.AbstractConnector (AbstractConnector.java:doStart(333)) - Started ServerConnector@272efcb5{HTTP/1.1, (http/1.1)}{0.0.0.0:9876}
2023-06-19 20:32:55,320 [Time-limited test] INFO  server.Server (Server.java:doStart(415)) - Started @149758ms
2023-06-19 20:32:55,320 [Time-limited test] WARN  impl.MetricsSystemImpl (MetricsSystemImpl.java:register(279)) - Sink prometheus already exists!
2023-06-19 20:32:55,321 [Time-limited test] INFO  http.BaseHttpServer (BaseHttpServer.java:updateConnectorAddress(344)) - HTTP server of scm listening at http://0.0.0.0:9876
2023-06-19 20:32:55,324 [pool-575-thread-2] INFO  request.KdcRequest (KdcRequest.java:preauth(651)) - The preauth data is empty.
2023-06-19 20:32:55,324 [pool-575-thread-2] INFO  server.KdcHandler (KdcHandler.java:handleRecoverableException(177)) - KRB error occurred while processing request:Additional pre-authentication required
2023-06-19 20:32:55,330 [pool-575-thread-2] INFO  request.AsRequest (AsRequest.java:issueTicket(112)) - AS_REQ ISSUE: authtime 1687206775330,test@EXAMPLE.COM for krbtgt/EXAMPLE.COM@EXAMPLE.COM
2023-06-19 20:32:55,375 [pool-575-thread-2] INFO  request.TgsRequest (TgsRequest.java:issueTicket(115)) - TGS_REQ ISSUE: authtime 1687206775375,test for scm/fv-az616-238@EXAMPLE.COM
2023-06-19 20:32:55,390 [Socket Reader #1 for port 9860] INFO  ipc.Server (Server.java:saslProcess(2116)) - Auth successful for test@EXAMPLE.COM (auth:KERBEROS) from 10.1.0.14:40710
2023-06-19 20:32:55,627 [IPC Server handler 0 on default port 9860] INFO  ipc.Server (Server.java:logException(3087)) - IPC Server handler 0 on default port 9860, call Call#30 Retry#0 org.apache.hadoop.hdds.scm.protocol.StorageContainerLocationProtocol.submitRequest from 10.1.0.14:40710
org.apache.hadoop.security.AccessControlException: Access denied for user test@EXAMPLE.COM. SCM superuser privilege is required.
	at org.apache.hadoop.hdds.scm.server.StorageContainerManager.checkAdminAccess(StorageContainerManager.java:1887)
	at org.apache.hadoop.hdds.scm.server.SCMClientProtocolServer.forceExitSafeMode(SCMClientProtocolServer.java:925)
	at org.apache.hadoop.hdds.scm.protocol.StorageContainerLocationProtocolServerSideTranslatorPB.forceExitSafeMode(StorageContainerLocationProtocolServerSideTranslatorPB.java:1013)
	at org.apache.hadoop.hdds.scm.protocol.StorageContainerLocationProtocolServerSideTranslatorPB.processRequest(StorageContainerLocationProtocolServerSideTranslatorPB.java:533)
	at org.apache.hadoop.hdds.server.OzoneProtocolMessageDispatcher.processRequest(OzoneProtocolMessageDispatcher.java:87)
	at org.apache.hadoop.hdds.scm.protocol.StorageContainerLocationProtocolServerSideTranslatorPB.submitRequest(StorageContainerLocationProtocolServerSideTranslatorPB.java:221)
	at org.apache.hadoop.hdds.protocol.proto.StorageContainerLocationProtocolProtos$StorageContainerLocationProtocolService$2.callBlockingMethod(StorageContainerLocationProtocolProtos.java)
	at org.apache.hadoop.ipc.ProtobufRpcEngine$Server.processCall(ProtobufRpcEngine.java:484)
	at org.apache.hadoop.ipc.ProtobufRpcEngine2$Server$ProtoBufRpcInvoker.call(ProtobufRpcEngine2.java:595)
	at org.apache.hadoop.ipc.ProtobufRpcEngine2$Server$ProtoBufRpcInvoker.call(ProtobufRpcEngine2.java:573)
	at org.apache.hadoop.ipc.RPC$Server.call(RPC.java:1213)
	at org.apache.hadoop.ipc.Server$RpcCall.run(Server.java:1089)
	at org.apache.hadoop.ipc.Server$RpcCall.run(Server.java:1012)
	at java.security.AccessController.doPrivileged(Native Method)
	at javax.security.auth.Subject.doAs(Subject.java:422)
	at org.apache.hadoop.security.UserGroupInformation.doAs(UserGroupInformation.java:1899)
	at org.apache.hadoop.ipc.Server$Handler.run(Server.java:3026)
2023-06-19 20:32:55,634 [Time-limited test] WARN  ipc.Client (Client.java:run(749)) - Exception encountered while connecting to the server 
org.apache.hadoop.security.AccessControlException: Client cannot authenticate via:[KERBEROS]
	at org.apache.hadoop.security.SaslRpcClient.selectSaslClient(SaslRpcClient.java:179)
	at org.apache.hadoop.security.SaslRpcClient.saslConnect(SaslRpcClient.java:392)
	at org.apache.hadoop.ipc.Client$Connection.setupSaslConnection(Client.java:577)
	at org.apache.hadoop.ipc.Client$Connection.access$2100(Client.java:363)
	at org.apache.hadoop.ipc.Client$Connection$2.run(Client.java:800)
	at org.apache.hadoop.ipc.Client$Connection$2.run(Client.java:796)
	at java.security.AccessController.doPrivileged(Native Method)
	at javax.security.auth.Subject.doAs(Subject.java:422)
	at org.apache.hadoop.security.UserGroupInformation.doAs(UserGroupInformation.java:1899)
	at org.apache.hadoop.ipc.Client$Connection.setupIOstreams(Client.java:796)
	at org.apache.hadoop.ipc.Client$Connection.access$3800(Client.java:363)
	at org.apache.hadoop.ipc.Client.getConnection(Client.java:1649)
	at org.apache.hadoop.ipc.Client.call(Client.java:1474)
	at org.apache.hadoop.ipc.Client.call(Client.java:1427)
	at org.apache.hadoop.ipc.ProtobufRpcEngine$Invoker.invoke(ProtobufRpcEngine.java:250)
	at org.apache.hadoop.ipc.ProtobufRpcEngine$Invoker.invoke(ProtobufRpcEngine.java:132)
	at com.sun.proxy.$Proxy48.submitRequest(Unknown Source)
	at org.apache.hadoop.hdds.scm.protocolPB.StorageContainerLocationProtocolClientSideTranslatorPB.submitRpcRequest(StorageContainerLocationProtocolClientSideTranslatorPB.java:191)
	at org.apache.hadoop.hdds.scm.protocolPB.StorageContainerLocationProtocolClientSideTranslatorPB.submitRequest(StorageContainerLocationProtocolClientSideTranslatorPB.java:175)
	at org.apache.hadoop.hdds.scm.protocolPB.StorageContainerLocationProtocolClientSideTranslatorPB.forceExitSafeMode(StorageContainerLocationProtocolClientSideTranslatorPB.java:792)
	at org.apache.ozone.test.LambdaTestUtils.intercept(LambdaTestUtils.java:491)
	at org.apache.ozone.test.LambdaTestUtils.intercept(LambdaTestUtils.java:377)
	at org.apache.ozone.test.LambdaTestUtils.intercept(LambdaTestUtils.java:446)
	at org.apache.hadoop.ozone.TestSecureOzoneCluster.testAdminAccessControlException(TestSecureOzoneCluster.java:412)
	at sun.reflect.NativeMethodAccessorImpl.invoke0(Native Method)
	at sun.reflect.NativeMethodAccessorImpl.invoke(NativeMethodAccessorImpl.java:62)
	at sun.reflect.DelegatingMethodAccessorImpl.invoke(DelegatingMethodAccessorImpl.java:43)
	at java.lang.reflect.Method.invoke(Method.java:498)
	at org.junit.runners.model.FrameworkMethod$1.runReflectiveCall(FrameworkMethod.java:59)
	at org.junit.internal.runners.model.ReflectiveCallable.run(ReflectiveCallable.java:12)
	at org.junit.runners.model.FrameworkMethod.invokeExplosively(FrameworkMethod.java:56)
	at org.junit.internal.runners.statements.InvokeMethod.evaluate(InvokeMethod.java:17)
	at org.junit.internal.runners.statements.RunBefores.evaluate(RunBefores.java:26)
	at org.junit.internal.runners.statements.RunAfters.evaluate(RunAfters.java:27)
	at org.junit.rules.ExternalResource$1.evaluate(ExternalResource.java:54)
	at org.junit.internal.runners.statements.FailOnTimeout$CallableStatement.call(FailOnTimeout.java:288)
	at org.junit.internal.runners.statements.FailOnTimeout$CallableStatement.call(FailOnTimeout.java:282)
	at java.util.concurrent.FutureTask.run(FutureTask.java:266)
	at java.lang.Thread.run(Thread.java:750)
2023-06-19 20:32:55,637 [Time-limited test] INFO  server.StorageContainerManager (StorageContainerManager.java:stop(1584)) - Container Balancer is not running.
2023-06-19 20:32:55,637 [Time-limited test] INFO  server.StorageContainerManager (StorageContainerManager.java:stopReplicationManager(1717)) - Stopping Replication Manager Service.
2023-06-19 20:32:55,637 [Time-limited test] INFO  replication.ReplicationManager (ReplicationManager.java:stop(319)) - Stopping Replication Monitor Thread.
2023-06-19 20:32:55,637 [Over Replicated Processor] WARN  replication.UnhealthyReplicationProcessor (UnhealthyReplicationProcessor.java:run(180)) - Over Replicated Processor interrupted. Exiting...
2023-06-19 20:32:55,638 [ReplicationMonitor] INFO  replication.ReplicationManager (ReplicationManager.java:run(918)) - Replication Monitor Thread is stopped
2023-06-19 20:32:55,638 [Time-limited test] INFO  server.StorageContainerManager (StorageContainerManager.java:stop(1593)) - Stopping the Datanode Admin Monitor.
2023-06-19 20:32:55,638 [Time-limited test] INFO  server.StorageContainerManager (StorageContainerManager.java:stop(1600)) - Stopping datanode service RPC server
2023-06-19 20:32:55,638 [Time-limited test] INFO  server.SCMDatanodeProtocolServer (SCMDatanodeProtocolServer.java:stop(424)) - Stopping the RPC server for DataNodes
2023-06-19 20:32:55,638 [Time-limited test] INFO  ipc.Server (Server.java:stop(3501)) - Stopping server on 9861
2023-06-19 20:32:55,639 [Under Replicated Processor] WARN  replication.UnhealthyReplicationProcessor (UnhealthyReplicationProcessor.java:run(180)) - Under Replicated Processor interrupted. Exiting...
2023-06-19 20:32:55,640 [IPC Server listener on 9861] INFO  ipc.Server (Server.java:run(1430)) - Stopping IPC Server listener on 9861
2023-06-19 20:32:55,643 [IPC Server Responder] INFO  ipc.Server (Server.java:run(1563)) - Stopping IPC Server Responder
2023-06-19 20:32:58,160 [SCM Heartbeat Processing Thread - 0] WARN  node.NodeStateManager (NodeStateManager.java:scheduleNextHealthCheck(870)) - Current Thread is interrupted, shutting down HB processing thread for Node Manager.
2023-06-19 20:32:58,160 [Time-limited test] INFO  server.StorageContainerManager (StorageContainerManager.java:stop(1608)) - Stopping block service RPC server
2023-06-19 20:32:58,161 [Time-limited test] INFO  server.SCMBlockProtocolServer (SCMBlockProtocolServer.java:stop(161)) - Stopping the RPC server for Block Protocol
2023-06-19 20:32:58,161 [Time-limited test] INFO  ipc.Server (Server.java:stop(3501)) - Stopping server on 9863
2023-06-19 20:32:58,166 [IPC Server Responder] INFO  ipc.Server (Server.java:run(1563)) - Stopping IPC Server Responder
2023-06-19 20:32:58,167 [Time-limited test] INFO  server.StorageContainerManager (StorageContainerManager.java:stop(1615)) - Stopping the StorageContainerLocationProtocol RPC server
2023-06-19 20:32:58,167 [Time-limited test] INFO  server.SCMClientProtocolServer (SCMClientProtocolServer.java:stop(210)) - Stopping the RPC server for Client Protocol
2023-06-19 20:32:58,167 [Time-limited test] INFO  ipc.Server (Server.java:stop(3501)) - Stopping server on 9860
2023-06-19 20:32:58,169 [IPC Server Responder] INFO  ipc.Server (Server.java:run(1563)) - Stopping IPC Server Responder
2023-06-19 20:32:58,169 [IPC Server listener on 9860] INFO  ipc.Server (Server.java:run(1430)) - Stopping IPC Server listener on 9860
2023-06-19 20:32:58,170 [IPC Server listener on 9863] INFO  ipc.Server (Server.java:run(1430)) - Stopping IPC Server listener on 9863
2023-06-19 20:32:58,170 [Time-limited test] INFO  server.StorageContainerManager (StorageContainerManager.java:stop(1622)) - Stopping Storage Container Manager HTTP server.
2023-06-19 20:32:58,174 [Time-limited test] INFO  handler.ContextHandler (ContextHandler.java:doStop(1159)) - Stopped o.e.j.w.WebAppContext@881500f{scm,/,null,STOPPED}{file:/home/runner/work/ozone/ozone/hadoop-ozone/integration-test/target/test-classes/webapps/scm}
2023-06-19 20:32:58,175 [Time-limited test] INFO  server.AbstractConnector (AbstractConnector.java:doStop(383)) - Stopped ServerConnector@272efcb5{HTTP/1.1, (http/1.1)}{0.0.0.0:9876}
2023-06-19 20:32:58,175 [Time-limited test] INFO  server.session (HouseKeeper.java:stopScavenging(149)) - node0 Stopped scavenging
2023-06-19 20:32:58,175 [Time-limited test] INFO  handler.ContextHandler (ContextHandler.java:doStop(1159)) - Stopped o.e.j.s.ServletContextHandler@af974d9{static,/static,file:///home/runner/work/ozone/ozone/hadoop-ozone/integration-test/target/test-classes/webapps/static,STOPPED}
2023-06-19 20:32:58,176 [Time-limited test] INFO  handler.ContextHandler (ContextHandler.java:doStop(1159)) - Stopped o.e.j.s.ServletContextHandler@5f093012{logs,/logs,file:///home/runner/work/ozone/ozone/hadoop-ozone/integration-test/target/log,STOPPED}
2023-06-19 20:32:58,180 [Time-limited test] INFO  server.StorageContainerManager (StorageContainerManager.java:stop(1630)) - Stopping SCM LayoutVersionManager Service.
2023-06-19 20:32:58,180 [Time-limited test] INFO  server.SCMSecurityProtocolServer (SCMSecurityProtocolServer.java:stop(473)) - Stopping the SCMSecurityProtocolServer.
2023-06-19 20:32:58,180 [Time-limited test] INFO  ipc.Server (Server.java:stop(3501)) - Stopping server on 9961
2023-06-19 20:32:58,180 [IPC Server listener on 9961] INFO  ipc.Server (Server.java:run(1430)) - Stopping IPC Server listener on 9961
2023-06-19 20:32:58,181 [IPC Server Responder] INFO  ipc.Server (Server.java:run(1563)) - Stopping IPC Server Responder
2023-06-19 20:32:58,182 [Time-limited test] INFO  server.SCMUpdateServiceGrpcServer (SCMUpdateServiceGrpcServer.java:stop(73)) - SCMUpdateService stopping
2023-06-19 20:32:58,186 [Time-limited test] INFO  server.SCMUpdateServiceGrpcServer (SCMUpdateServiceGrpcServer.java:stop(85)) - SCMUpdateService stopped!
2023-06-19 20:32:58,186 [Time-limited test] INFO  server.StorageContainerManager (StorageContainerManager.java:stop(1642)) - Stopping Block Manager Service.
2023-06-19 20:32:58,186 [Time-limited test] INFO  utils.BackgroundService (BackgroundService.java:shutdown(141)) - Shutting down service SCMBlockDeletingService
2023-06-19 20:32:58,186 [Time-limited test] INFO  utils.BackgroundService (BackgroundService.java:shutdown(141)) - Shutting down service SCMBlockDeletingService
2023-06-19 20:32:58,186 [Time-limited test] INFO  server.StorageContainerManager (StorageContainerManager.java:stop(1662)) - Stopping SCM Event Queue.
2023-06-19 20:32:58,188 [JvmPauseMonitor8] INFO  util.JvmPauseMonitor (JvmPauseMonitor.java:run(109)) - JvmPauseMonitor-b22ec8d4-0863-4612-a9c6-18aec847bf8e: Stopped
2023-06-19 20:32:58,188 [Time-limited test] INFO  server.StorageContainerManager (StorageContainerManager.java:stop(1673)) - Stopping SCM HA services.
2023-06-19 20:32:58,188 [Time-limited test] INFO  pipeline.BackgroundPipelineCreator (BackgroundPipelineCreator.java:stop(149)) - Stopping RatisPipelineUtilsThread.
2023-06-19 20:32:58,189 [RatisPipelineUtilsThread - 0] WARN  pipeline.BackgroundPipelineCreator (BackgroundPipelineCreator.java:run(180)) - RatisPipelineUtilsThread is interrupted.
2023-06-19 20:32:58,189 [Time-limited test] INFO  BackgroundPipelineScrubber (BackgroundSCMService.java:stop(131)) - Stopping BackgroundPipelineScrubber Service.
2023-06-19 20:32:58,189 [BackgroundPipelineScrubberThread] WARN  BackgroundPipelineScrubber (BackgroundSCMService.java:run(115)) - BackgroundPipelineScrubber is interrupted, exit
2023-06-19 20:32:58,191 [Time-limited test] INFO  impl.MetricsSystemImpl (MetricsSystemImpl.java:stop(210)) - Stopping StorageContainerManager metrics system...
2023-06-19 20:32:58,202 [prometheus] INFO  impl.MetricsSinkAdapter (MetricsSinkAdapter.java:publishMetricsFromQueue(141)) - prometheus thread interrupted.
2023-06-19 20:32:58,202 [Time-limited test] INFO  impl.MetricsSystemImpl (MetricsSystemImpl.java:stop(216)) - StorageContainerManager metrics system stopped.
2023-06-19 20:32:58,203 [Time-limited test] WARN  pipeline.BackgroundPipelineCreator (BackgroundPipelineCreator.java:stop(145)) - RatisPipelineUtilsThread is not running, just ignore.
2023-06-19 20:32:58,203 [Time-limited test] INFO  BackgroundPipelineScrubber (BackgroundSCMService.java:stop(126)) - BackgroundPipelineScrubber Service is not running, skip stop.
2023-06-19 20:32:58,203 [ExpiredContainerReplicaOpScrubberThread] WARN  ExpiredContainerReplicaOpScrubber (BackgroundSCMService.java:run(115)) - ExpiredContainerReplicaOpScrubber is interrupted, exit
2023-06-19 20:32:58,203 [Time-limited test] INFO  ExpiredContainerReplicaOpScrubber (BackgroundSCMService.java:stop(131)) - Stopping ExpiredContainerReplicaOpScrubber Service.
2023-06-19 20:32:58,203 [Time-limited test] INFO  utils.BackgroundService (BackgroundService.java:shutdown(141)) - Shutting down service SCMBlockDeletingService
2023-06-19 20:32:58,203 [Time-limited test] INFO  replication.ReplicationManager (ReplicationManager.java:stop(329)) - Replication Monitor Thread is not running.
2023-06-19 20:32:58,203 [Time-limited test] WARN  balancer.ContainerBalancer (ContainerBalancer.java:stop(328)) - Cannot stop Container Balancer because it's not running or stopping
2023-06-19 20:32:58,203 [Lease Manager-LeaseManager#LeaseMonitor] WARN  lease.LeaseManager (LeaseManager.java:run(272)) - Lease manager is interrupted. Shutting down...
java.lang.InterruptedException
	at java.util.concurrent.locks.AbstractQueuedSynchronizer.doAcquireSharedNanos(AbstractQueuedSynchronizer.java:1039)
	at java.util.concurrent.locks.AbstractQueuedSynchronizer.tryAcquireSharedNanos(AbstractQueuedSynchronizer.java:1328)
	at java.util.concurrent.Semaphore.tryAcquire(Semaphore.java:409)
	at org.apache.hadoop.ozone.lease.LeaseManager$LeaseMonitor.run(LeaseManager.java:270)
	at java.lang.Thread.run(Thread.java:750)
2023-06-19 20:32:58,204 [Time-limited test] INFO  server.StorageContainerManager (StorageContainerManager.java:stop(1708)) - Stopping SCM MetadataStore.
2023-06-19 20:32:58,208 [Time-limited test] INFO  impl.DefaultInternalKdcServerImpl (DefaultInternalKdcServerImpl.java:doStop(102)) - Default Internal kdc server stopped.
2023-06-19 20:32:59,209 [Time-limited test] INFO  minikdc.MiniKdc (MiniKdc.java:stop(359)) - MiniKdc stopped.
2023-06-19 20:32:59,209 [Time-limited test] INFO  server.StorageContainerManager (StorageContainerManager.java:stop(1573)) - Storage Container Manager is not running.
2023-06-19 20:32:59,209 [Time-limited test] INFO  server.StorageContainerManager (StorageContainerManager.java:stopReplicationManager(1717)) - Stopping Replication Manager Service.
2023-06-19 20:32:59,209 [Time-limited test] INFO  replication.ReplicationManager (ReplicationManager.java:stop(329)) - Replication Monitor Thread is not running.
2023-06-19 20:32:59,209 [Time-limited test] INFO  server.SCMSecurityProtocolServer (SCMSecurityProtocolServer.java:join(483)) - Join RPC server for SCMSecurityProtocolServer.
2023-06-19 20:32:59,209 [Time-limited test] INFO  server.SCMSecurityProtocolServer (SCMSecurityProtocolServer.java:join(485)) - Join gRPC server for SCMSecurityProtocolServer.
]]></system-out>
  </testcase>
</testsuite>