<?xml version="1.0" encoding="UTF-8"?>
<testsuite xmlns:xsi="http://www.w3.org/2001/XMLSchema-instance" xsi:noNamespaceSchemaLocation="https://maven.apache.org/surefire/maven-surefire-plugin/xsd/surefire-test-report.xsd" version="3.0.2" name="org.apache.ozone.test.NonHATests$ContainerOperations" time="300.22" tests="8" errors="1" skipped="0" failures="0">
  <properties>
    <property name="java.specification.version" value="21"/>
    <property name="sun.jnu.encoding" value="UTF-8"/>
    <property name="java.class.path" value="/home/runner/work/ozone/ozone/hadoop-ozone/integration-test/target/test-classes:/home/runner/work/ozone/ozone/hadoop-ozone/integration-test/target/classes:/home/runner/work/ozone/ozone/hadoop-hdds/server-scm/target/hdds-server-scm-2.0.0-SNAPSHOT.jar:/home/runner/.m2/repository/com/fasterxml/jackson/core/jackson-annotations/2.16.2/jackson-annotations-2.16.2.jar:/home/runner/.m2/repository/com/fasterxml/jackson/core/jackson-core/2.16.2/jackson-core-2.16.2.jar:/home/runner/.m2/repository/com/fasterxml/jackson/core/jackson-databind/2.16.2/jackson-databind-2.16.2.jar:/home/runner/.m2/repository/com/google/guava/guava/32.1.3-jre/guava-32.1.3-jre.jar:/home/runner/.m2/repository/com/google/guava/failureaccess/1.0.1/failureaccess-1.0.1.jar:/home/runner/.m2/repository/com/google/guava/listenablefuture/9999.0-empty-to-avoid-conflict-with-guava/listenablefuture-9999.0-empty-to-avoid-conflict-with-guava.jar:/home/runner/.m2/repository/org/checkerframework/checker-qual/3.37.0/checker-qual-3.37.0.jar:/home/runner/.m2/repository/com/google/errorprone/error_prone_annotations/2.29.2/error_prone_annotations-2.29.2.jar:/home/runner/.m2/repository/com/google/j2objc/j2objc-annotations/2.8/j2objc-annotations-2.8.jar:/home/runner/.m2/repository/com/google/protobuf/protobuf-java/2.5.0/protobuf-java-2.5.0.jar:/home/runner/.m2/repository/commons-collections/commons-collections/3.2.2/commons-collections-3.2.2.jar:/home/runner/.m2/repository/commons-io/commons-io/2.18.0/commons-io-2.18.0.jar:/home/runner/.m2/repository/info/picocli/picocli/4.7.5/picocli-4.7.5.jar:/home/runner/.m2/repository/io/dropwizard/metrics/metrics-core/3.2.6/metrics-core-3.2.6.jar:/home/runner/.m2/repository/jakarta/annotation/jakarta.annotation-api/2.1.1/jakarta.annotation-api-2.1.1.jar:/home/runner/.m2/repository/javax/servlet/javax.servlet-api/3.1.0/javax.servlet-api-3.1.0.jar:/home/runner/.m2/repository/org/apache/commons/commons-compress/1.27.1/commons-compress-1.27.1.jar:/home/runner/.m2/repository/org/apache/commons/commons-text/1.12.0/commons-text-1.12.0.jar:/home/runner/work/ozone/ozone/hadoop-hdds/client/target/hdds-client-2.0.0-SNAPSHOT.jar:/home/runner/work/ozone/ozone/hadoop-hdds/common/target/hdds-common-2.0.0-SNAPSHOT.jar:/home/runner/work/ozone/ozone/hadoop-hdds/config/target/hdds-config-2.0.0-SNAPSHOT.jar:/home/runner/work/ozone/ozone/hadoop-hdds/container-service/target/hdds-container-service-2.0.0-SNAPSHOT.jar:/home/runner/work/ozone/ozone/hadoop-hdds/hadoop-dependency-client/target/hdds-hadoop-dependency-client-2.0.0-SNAPSHOT.jar:/home/runner/.m2/repository/com/nimbusds/nimbus-jose-jwt/9.40/nimbus-jose-jwt-9.40.jar:/home/runner/work/ozone/ozone/hadoop-hdds/hadoop-dependency-server/target/hdds-hadoop-dependency-server-2.0.0-SNAPSHOT.jar:/home/runner/.m2/repository/org/apache/hadoop/hadoop-hdfs/3.4.1/hadoop-hdfs-3.4.1.jar:/home/runner/.m2/repository/org/apache/kerby/kerb-util/1.0.1/kerb-util-1.0.1.jar:/home/runner/.m2/repository/org/apache/kerby/kerby-config/1.0.1/kerby-config-1.0.1.jar:/home/runner/.m2/repository/org/apache/kerby/kerb-crypto/1.0.1/kerb-crypto-1.0.1.jar:/home/runner/work/ozone/ozone/hadoop-hdds/interface-admin/target/hdds-interface-admin-2.0.0-SNAPSHOT.jar:/home/runner/work/ozone/ozone/hadoop-hdds/interface-client/target/hdds-interface-client-2.0.0-SNAPSHOT.jar:/home/runner/work/ozone/ozone/hadoop-hdds/interface-server/target/hdds-interface-server-2.0.0-SNAPSHOT.jar:/home/runner/work/ozone/ozone/hadoop-hdds/framework/target/hdds-server-framework-2.0.0-SNAPSHOT.jar:/home/runner/.m2/repository/org/apache/ratis/ratis-client/3.1.2/ratis-client-3.1.2.jar:/home/runner/.m2/repository/org/apache/ratis/ratis-common/3.1.2/ratis-common-3.1.2.jar:/home/runner/.m2/repository/org/apache/ratis/ratis-grpc/3.1.2/ratis-grpc-3.1.2.jar:/home/runner/.m2/repository/org/apache/ratis/ratis-netty/3.1.2/ratis-netty-3.1.2.jar:/home/runner/.m2/repository/org/apache/ratis/ratis-proto/3.1.2/ratis-proto-3.1.2.jar:/home/runner/.m2/repository/org/apache/ratis/ratis-server-api/3.1.2/ratis-server-api-3.1.2.jar:/home/runner/.m2/repository/org/apache/ratis/ratis-thirdparty-misc/1.0.6/ratis-thirdparty-misc-1.0.6.jar:/home/runner/.m2/repository/org/bouncycastle/bcpkix-jdk18on/1.80/bcpkix-jdk18on-1.80.jar:/home/runner/.m2/repository/org/bouncycastle/bcprov-jdk18on/1.80/bcprov-jdk18on-1.80.jar:/home/runner/.m2/repository/org/eclipse/jetty/jetty-webapp/9.4.57.v20241219/jetty-webapp-9.4.57.v20241219.jar:/home/runner/.m2/repository/org/eclipse/jetty/jetty-xml/9.4.57.v20241219/jetty-xml-9.4.57.v20241219.jar:/home/runner/.m2/repository/org/slf4j/slf4j-api/2.0.16/slf4j-api-2.0.16.jar:/home/runner/work/ozone/ozone/hadoop-hdds/tools/target/hdds-tools-2.0.0-SNAPSHOT.jar:/home/runner/.m2/repository/ch/qos/reload4j/reload4j/1.2.26/reload4j-1.2.26.jar:/home/runner/.m2/repository/com/fasterxml/jackson/datatype/jackson-datatype-jsr310/2.16.2/jackson-datatype-jsr310-2.16.2.jar:/home/runner/.m2/repository/commons-cli/commons-cli/1.8.0/commons-cli-1.8.0.jar:/home/runner/.m2/repository/org/apache/ratis/ratis-tools/3.1.2/ratis-tools-3.1.2.jar:/home/runner/.m2/repository/org/kohsuke/metainf-services/metainf-services/1.11/metainf-services-1.11.jar:/home/runner/.m2/repository/org/slf4j/slf4j-reload4j/2.0.16/slf4j-reload4j-2.0.16.jar:/home/runner/.m2/repository/org/xerial/sqlite-jdbc/3.49.1.0/sqlite-jdbc-3.49.1.0.jar:/home/runner/work/ozone/ozone/hadoop-ozone/cli-shell/target/ozone-cli-shell-2.0.0-SNAPSHOT.jar:/home/runner/.m2/repository/commons-codec/commons-codec/1.17.1/commons-codec-1.17.1.jar:/home/runner/.m2/repository/info/picocli/picocli-shell-jline3/4.7.5/picocli-shell-jline3-4.7.5.jar:/home/runner/.m2/repository/jakarta/xml/bind/jakarta.xml.bind-api/2.3.3/jakarta.xml.bind-api-2.3.3.jar:/home/runner/.m2/repository/org/apache/httpcomponents/httpclient/4.5.14/httpclient-4.5.14.jar:/home/runner/work/ozone/ozone/hadoop-ozone/ozonefs-common/target/ozone-filesystem-common-2.0.0-SNAPSHOT.jar:/home/runner/work/ozone/ozone/hadoop-ozone/interface-client/target/ozone-interface-client-2.0.0-SNAPSHOT.jar:/home/runner/.m2/repository/org/jline/jline/3.29.0/jline-3.29.0.jar:/home/runner/work/ozone/ozone/hadoop-ozone/client/target/ozone-client-2.0.0-SNAPSHOT.jar:/home/runner/.m2/repository/com/github/stephenc/jcip/jcip-annotations/1.0-1/jcip-annotations-1.0-1.jar:/home/runner/work/ozone/ozone/hadoop-hdds/erasurecode/target/hdds-erasurecode-2.0.0-SNAPSHOT.jar:/home/runner/work/ozone/ozone/hadoop-ozone/common/target/ozone-common-2.0.0-SNAPSHOT.jar:/home/runner/.m2/repository/io/grpc/grpc-api/1.58.0/grpc-api-1.58.0.jar:/home/runner/.m2/repository/io/grpc/grpc-netty/1.58.0/grpc-netty-1.58.0.jar:/home/runner/.m2/repository/io/grpc/grpc-core/1.58.0/grpc-core-1.58.0.jar:/home/runner/.m2/repository/com/google/android/annotations/4.1.1.4/annotations-4.1.1.4.jar:/home/runner/.m2/repository/org/codehaus/mojo/animal-sniffer-annotations/1.23/animal-sniffer-annotations-1.23.jar:/home/runner/.m2/repository/io/grpc/grpc-context/1.58.0/grpc-context-1.58.0.jar:/home/runner/.m2/repository/io/grpc/grpc-util/1.58.0/grpc-util-1.58.0.jar:/home/runner/.m2/repository/io/perfmark/perfmark-api/0.26.0/perfmark-api-0.26.0.jar:/home/runner/.m2/repository/io/grpc/grpc-stub/1.58.0/grpc-stub-1.58.0.jar:/home/runner/.m2/repository/io/netty/netty-codec-http2/4.1.109.Final/netty-codec-http2-4.1.109.Final.jar:/home/runner/.m2/repository/io/netty/netty-codec-http/4.1.109.Final/netty-codec-http-4.1.109.Final.jar:/home/runner/.m2/repository/io/netty/netty-common/4.1.109.Final/netty-common-4.1.109.Final.jar:/home/runner/.m2/repository/io/netty/netty-handler/4.1.109.Final/netty-handler-4.1.109.Final.jar:/home/runner/.m2/repository/io/netty/netty-resolver/4.1.109.Final/netty-resolver-4.1.109.Final.jar:/home/runner/.m2/repository/io/netty/netty-handler-proxy/4.1.109.Final/netty-handler-proxy-4.1.109.Final.jar:/home/runner/.m2/repository/io/netty/netty-codec-socks/4.1.109.Final/netty-codec-socks-4.1.109.Final.jar:/home/runner/.m2/repository/org/apache/httpcomponents/httpcore/4.4.16/httpcore-4.4.16.jar:/home/runner/.m2/repository/io/netty/netty-tcnative-boringssl-static/2.0.65.Final/netty-tcnative-boringssl-static-2.0.65.Final.jar:/home/runner/.m2/repository/io/netty/netty-tcnative-classes/2.0.65.Final/netty-tcnative-classes-2.0.65.Final.jar:/home/runner/.m2/repository/io/netty/netty-tcnative-boringssl-static/2.0.65.Final/netty-tcnative-boringssl-static-2.0.65.Final-linux-x86_64.jar:/home/runner/.m2/repository/io/netty/netty-tcnative-boringssl-static/2.0.65.Final/netty-tcnative-boringssl-static-2.0.65.Final-linux-aarch_64.jar:/home/runner/.m2/repository/io/netty/netty-tcnative-boringssl-static/2.0.65.Final/netty-tcnative-boringssl-static-2.0.65.Final-osx-x86_64.jar:/home/runner/.m2/repository/io/netty/netty-tcnative-boringssl-static/2.0.65.Final/netty-tcnative-boringssl-static-2.0.65.Final-osx-aarch_64.jar:/home/runner/.m2/repository/io/netty/netty-tcnative-boringssl-static/2.0.65.Final/netty-tcnative-boringssl-static-2.0.65.Final-windows-x86_64.jar:/home/runner/work/ozone/ozone/hadoop-ozone/csi/target/ozone-csi-2.0.0-SNAPSHOT.jar:/home/runner/.m2/repository/com/google/protobuf/protobuf-java-util/3.19.6/protobuf-java-util-3.19.6.jar:/home/runner/.m2/repository/io/grpc/grpc-protobuf/1.58.0/grpc-protobuf-1.58.0.jar:/home/runner/.m2/repository/com/google/api/grpc/proto-google-common-protos/2.22.0/proto-google-common-protos-2.22.0.jar:/home/runner/.m2/repository/io/grpc/grpc-protobuf-lite/1.58.0/grpc-protobuf-lite-1.58.0.jar:/home/runner/.m2/repository/io/netty/netty-transport/4.1.109.Final/netty-transport-4.1.109.Final.jar:/home/runner/.m2/repository/io/netty/netty-transport-classes-epoll/4.1.109.Final/netty-transport-classes-epoll-4.1.109.Final.jar:/home/runner/.m2/repository/io/netty/netty-transport-native-epoll/4.1.109.Final/netty-transport-native-epoll-4.1.109.Final-linux-x86_64.jar:/home/runner/.m2/repository/io/netty/netty-transport-native-unix-common/4.1.109.Final/netty-transport-native-unix-common-4.1.109.Final.jar:/home/runner/work/ozone/ozone/hadoop-ozone/ozonefs/target/ozone-filesystem-2.0.0-SNAPSHOT.jar:/home/runner/.m2/repository/io/opentracing/opentracing-api/0.33.0/opentracing-api-0.33.0.jar:/home/runner/.m2/repository/io/opentracing/opentracing-util/0.33.0/opentracing-util-0.33.0.jar:/home/runner/work/ozone/ozone/hadoop-ozone/ozone-manager/target/ozone-manager-2.0.0-SNAPSHOT.jar:/home/runner/.m2/repository/com/sun/jersey/jersey-client/1.19.4/jersey-client-1.19.4.jar:/home/runner/.m2/repository/org/apache/kerby/kerby-util/1.0.1/kerby-util-1.0.1.jar:/home/runner/.m2/repository/org/apache/logging/log4j/log4j-api/2.24.2/log4j-api-2.24.2.jar:/home/runner/work/ozone/ozone/hadoop-hdds/managed-rocksdb/target/hdds-managed-rocksdb-2.0.0-SNAPSHOT.jar:/home/runner/work/ozone/ozone/hadoop-hdds/rocks-native/target/hdds-rocks-native-2.0.0-SNAPSHOT.jar:/home/runner/.m2/repository/org/eclipse/jetty/jetty-io/9.4.57.v20241219/jetty-io-9.4.57.v20241219.jar:/home/runner/work/ozone/ozone/hadoop-ozone/interface-storage/target/ozone-interface-storage-2.0.0-SNAPSHOT.jar:/home/runner/work/ozone/ozone/hadoop-hdds/rocksdb-checkpoint-differ/target/rocksdb-checkpoint-differ-2.0.0-SNAPSHOT.jar:/home/runner/.m2/repository/com/github/vlsi/mxgraph/jgraphx/3.9.12/jgraphx-3.9.12.jar:/home/runner/.m2/repository/org/jgrapht/jgrapht-core/1.4.0/jgrapht-core-1.4.0.jar:/home/runner/.m2/repository/org/jheaps/jheaps/0.11/jheaps-0.11.jar:/home/runner/.m2/repository/org/jgrapht/jgrapht-ext/1.4.0/jgrapht-ext-1.4.0.jar:/home/runner/.m2/repository/org/apache/ranger/ranger-intg/2.3.0/ranger-intg-2.3.0.jar:/home/runner/.m2/repository/org/apache/ranger/ranger-plugins-common/2.3.0/ranger-plugins-common-2.3.0.jar:/home/runner/.m2/repository/commons-lang/commons-lang/2.6/commons-lang-2.6.jar:/home/runner/.m2/repository/org/apache/ranger/ranger-plugins-cred/2.3.0/ranger-plugins-cred-2.3.0.jar:/home/runner/.m2/repository/org/apache/ranger/ranger-plugins-audit/2.3.0/ranger-plugins-audit-2.3.0.jar:/home/runner/.m2/repository/org/eclipse/jetty/jetty-client/9.4.57.v20241219/jetty-client-9.4.57.v20241219.jar:/home/runner/.m2/repository/org/apache/httpcomponents/httpmime/4.5.6/httpmime-4.5.6.jar:/home/runner/.m2/repository/org/apache/httpcomponents/httpcore-nio/4.4.16/httpcore-nio-4.4.16.jar:/home/runner/.m2/repository/org/apache/httpcomponents/httpasyncclient/4.1.3/httpasyncclient-4.1.3.jar:/home/runner/.m2/repository/com/carrotsearch/hppc/0.8.0/hppc-0.8.0.jar:/home/runner/.m2/repository/org/apache/orc/orc-core/1.5.8/orc-core-1.5.8.jar:/home/runner/.m2/repository/net/java/dev/jna/jna/5.2.0/jna-5.2.0.jar:/home/runner/.m2/repository/net/java/dev/jna/jna-platform/5.2.0/jna-platform-5.2.0.jar:/home/runner/.m2/repository/com/kstruct/gethostname4j/0.0.2/gethostname4j-0.0.2.jar:/home/runner/.m2/repository/org/apache/ranger/ranger-plugin-classloader/2.3.0/ranger-plugin-classloader-2.3.0.jar:/home/runner/.m2/repository/org/aspectj/aspectjrt/1.9.7/aspectjrt-1.9.7.jar:/home/runner/.m2/repository/org/aspectj/aspectjweaver/1.9.7/aspectjweaver-1.9.7.jar:/home/runner/.m2/repository/org/codehaus/jackson/jackson-core-asl/1.9.13/jackson-core-asl-1.9.13.jar:/home/runner/.m2/repository/org/codehaus/jackson/jackson-jaxrs/1.9.13/jackson-jaxrs-1.9.13.jar:/home/runner/.m2/repository/org/codehaus/jackson/jackson-mapper-asl/1.9.13/jackson-mapper-asl-1.9.13.jar:/home/runner/.m2/repository/org/eclipse/jetty/jetty-util/9.4.57.v20241219/jetty-util-9.4.57.v20241219.jar:/home/runner/.m2/repository/org/reflections/reflections/0.10.2/reflections-0.10.2.jar:/home/runner/.m2/repository/org/rocksdb/rocksdbjni/7.7.3/rocksdbjni-7.7.3.jar:/home/runner/work/ozone/ozone/hadoop-ozone/recon/target/ozone-recon-2.0.0-SNAPSHOT.jar:/home/runner/.m2/repository/aopalliance/aopalliance/1.0/aopalliance-1.0.jar:/home/runner/.m2/repository/com/google/inject/guice/6.0.0/guice-6.0.0.jar:/home/runner/.m2/repository/jakarta/inject/jakarta.inject-api/2.0.1/jakarta.inject-api-2.0.1.jar:/home/runner/.m2/repository/com/google/inject/extensions/guice-assistedinject/6.0.0/guice-assistedinject-6.0.0.jar:/home/runner/.m2/repository/com/google/inject/extensions/guice-servlet/6.0.0/guice-servlet-6.0.0.jar:/home/runner/.m2/repository/com/jolbox/bonecp/0.8.0.RELEASE/bonecp-0.8.0.RELEASE.jar:/home/runner/.m2/repository/jakarta/activation/jakarta.activation-api/1.2.2/jakarta.activation-api-1.2.2.jar:/home/runner/.m2/repository/jakarta/validation/jakarta.validation-api/2.0.2/jakarta.validation-api-2.0.2.jar:/home/runner/.m2/repository/jakarta/ws/rs/jakarta.ws.rs-api/2.1.6/jakarta.ws.rs-api-2.1.6.jar:/home/runner/.m2/repository/javax/inject/javax.inject/1/javax.inject-1.jar:/home/runner/.m2/repository/org/apache/derby/derby/10.14.2.0/derby-10.14.2.0.jar:/home/runner/work/ozone/ozone/hadoop-ozone/recon-codegen/target/ozone-reconcodegen-2.0.0-SNAPSHOT.jar:/home/runner/.m2/repository/org/eclipse/jetty/jetty-servlet/9.4.57.v20241219/jetty-servlet-9.4.57.v20241219.jar:/home/runner/.m2/repository/org/eclipse/jetty/jetty-security/9.4.57.v20241219/jetty-security-9.4.57.v20241219.jar:/home/runner/.m2/repository/org/glassfish/hk2/guice-bridge/2.6.1/guice-bridge-2.6.1.jar:/home/runner/.m2/repository/org/glassfish/hk2/hk2-api/2.6.1/hk2-api-2.6.1.jar:/home/runner/.m2/repository/org/glassfish/hk2/hk2-utils/2.6.1/hk2-utils-2.6.1.jar:/home/runner/.m2/repository/org/glassfish/hk2/external/aopalliance-repackaged/2.6.1/aopalliance-repackaged-2.6.1.jar:/home/runner/.m2/repository/org/glassfish/hk2/external/jakarta.inject/2.6.1/jakarta.inject-2.6.1.jar:/home/runner/.m2/repository/org/glassfish/jersey/containers/jersey-container-servlet/2.46/jersey-container-servlet-2.46.jar:/home/runner/.m2/repository/org/glassfish/jersey/containers/jersey-container-servlet-core/2.46/jersey-container-servlet-core-2.46.jar:/home/runner/.m2/repository/org/glassfish/jersey/core/jersey-common/2.46/jersey-common-2.46.jar:/home/runner/.m2/repository/org/glassfish/hk2/osgi-resource-locator/1.0.3/osgi-resource-locator-1.0.3.jar:/home/runner/.m2/repository/org/glassfish/jersey/core/jersey-server/2.46/jersey-server-2.46.jar:/home/runner/.m2/repository/org/glassfish/jersey/core/jersey-client/2.46/jersey-client-2.46.jar:/home/runner/.m2/repository/org/glassfish/jersey/inject/jersey-hk2/2.46/jersey-hk2-2.46.jar:/home/runner/.m2/repository/org/glassfish/hk2/hk2-locator/2.6.1/hk2-locator-2.6.1.jar:/home/runner/.m2/repository/org/glassfish/jersey/media/jersey-media-jaxb/2.46/jersey-media-jaxb-2.46.jar:/home/runner/.m2/repository/org/glassfish/jersey/media/jersey-media-json-jackson/2.46/jersey-media-json-jackson-2.46.jar:/home/runner/.m2/repository/org/glassfish/jersey/ext/jersey-entity-filtering/2.46/jersey-entity-filtering-2.46.jar:/home/runner/.m2/repository/org/javassist/javassist/3.30.2-GA/javassist-3.30.2-GA.jar:/home/runner/.m2/repository/org/jooq/jooq/3.11.10/jooq-3.11.10.jar:/home/runner/.m2/repository/org/jooq/jooq-codegen/3.11.10/jooq-codegen-3.11.10.jar:/home/runner/.m2/repository/org/jooq/jooq-meta/3.11.10/jooq-meta-3.11.10.jar:/home/runner/.m2/repository/org/springframework/spring-core/5.3.39/spring-core-5.3.39.jar:/home/runner/.m2/repository/org/springframework/spring-jdbc/5.3.39/spring-jdbc-5.3.39.jar:/home/runner/.m2/repository/org/springframework/spring-beans/5.3.39/spring-beans-5.3.39.jar:/home/runner/.m2/repository/org/springframework/spring-tx/5.3.39/spring-tx-5.3.39.jar:/home/runner/work/ozone/ozone/hadoop-ozone/s3gateway/target/ozone-s3gateway-2.0.0-SNAPSHOT.jar:/home/runner/.m2/repository/com/fasterxml/jackson/dataformat/jackson-dataformat-xml/2.16.2/jackson-dataformat-xml-2.16.2.jar:/home/runner/.m2/repository/com/fasterxml/jackson/module/jackson-module-jaxb-annotations/2.16.2/jackson-module-jaxb-annotations-2.16.2.jar:/home/runner/.m2/repository/io/opentracing/opentracing-noop/0.33.0/opentracing-noop-0.33.0.jar:/home/runner/.m2/repository/javax/annotation/javax.annotation-api/1.3.2/javax.annotation-api-1.3.2.jar:/home/runner/.m2/repository/javax/enterprise/cdi-api/2.0/cdi-api-2.0.jar:/home/runner/.m2/repository/javax/el/javax.el-api/3.0.0/javax.el-api-3.0.0.jar:/home/runner/.m2/repository/javax/interceptor/javax.interceptor-api/1.2/javax.interceptor-api-1.2.jar:/home/runner/.m2/repository/org/glassfish/jaxb/jaxb-runtime/2.3.9/jaxb-runtime-2.3.9.jar:/home/runner/.m2/repository/org/glassfish/jaxb/txw2/2.3.9/txw2-2.3.9.jar:/home/runner/.m2/repository/com/sun/istack/istack-commons-runtime/3.0.12/istack-commons-runtime-3.0.12.jar:/home/runner/.m2/repository/com/sun/activation/jakarta.activation/1.2.2/jakarta.activation-1.2.2.jar:/home/runner/.m2/repository/org/glassfish/jersey/ext/cdi/jersey-cdi1x/2.46/jersey-cdi1x-2.46.jar:/home/runner/.m2/repository/org/jboss/weld/servlet/weld-servlet-shaded/3.1.9.Final/weld-servlet-shaded-3.1.9.Final.jar:/home/runner/work/ozone/ozone/hadoop-ozone/tools/target/ozone-tools-2.0.0-SNAPSHOT.jar:/home/runner/.m2/repository/com/amazonaws/aws-java-sdk-core/1.12.661/aws-java-sdk-core-1.12.661.jar:/home/runner/.m2/repository/com/fasterxml/jackson/dataformat/jackson-dataformat-cbor/2.16.2/jackson-dataformat-cbor-2.16.2.jar:/home/runner/.m2/repository/joda-time/joda-time/2.12.7/joda-time-2.12.7.jar:/home/runner/.m2/repository/com/amazonaws/aws-java-sdk-s3/1.12.661/aws-java-sdk-s3-1.12.661.jar:/home/runner/.m2/repository/com/amazonaws/aws-java-sdk-kms/1.12.661/aws-java-sdk-kms-1.12.661.jar:/home/runner/.m2/repository/com/amazonaws/jmespath-java/1.12.661/jmespath-java-1.12.661.jar:/home/runner/.m2/repository/org/apache/ratis/ratis-shell/3.1.2/ratis-shell-3.1.2.jar:/home/runner/.m2/repository/org/apache/ratis/ratis-server/3.1.2/ratis-server-3.1.2.jar:/home/runner/.m2/repository/org/apache/ratis/ratis-metrics-api/3.1.2/ratis-metrics-api-3.1.2.jar:/home/runner/.m2/repository/org/hamcrest/hamcrest/2.2/hamcrest-2.2.jar:/home/runner/.m2/repository/org/slf4j/jul-to-slf4j/2.0.16/jul-to-slf4j-2.0.16.jar:/home/runner/.m2/repository/org/apache/commons/commons-lang3/3.17.0/commons-lang3-3.17.0.jar:/home/runner/.m2/repository/org/apache/hadoop/hadoop-common/3.4.1/hadoop-common-3.4.1-tests.jar:/home/runner/.m2/repository/org/apache/hadoop/thirdparty/hadoop-shaded-protobuf_3_25/1.3.0/hadoop-shaded-protobuf_3_25-1.3.0.jar:/home/runner/.m2/repository/org/apache/hadoop/hadoop-annotations/3.4.1/hadoop-annotations-3.4.1.jar:/home/runner/.m2/repository/org/apache/hadoop/thirdparty/hadoop-shaded-guava/1.3.0/hadoop-shaded-guava-1.3.0.jar:/home/runner/.m2/repository/org/apache/commons/commons-math3/3.6.1/commons-math3-3.6.1.jar:/home/runner/.m2/repository/commons-net/commons-net/3.11.1/commons-net-3.11.1.jar:/home/runner/.m2/repository/org/eclipse/jetty/jetty-server/9.4.57.v20241219/jetty-server-9.4.57.v20241219.jar:/home/runner/.m2/repository/javax/servlet/jsp/jsp-api/2.1/jsp-api-2.1.jar:/home/runner/.m2/repository/com/sun/jersey/jersey-core/1.19.4/jersey-core-1.19.4.jar:/home/runner/.m2/repository/javax/ws/rs/jsr311-api/1.1.1/jsr311-api-1.1.1.jar:/home/runner/.m2/repository/com/github/pjfanning/jersey-json/1.22.0/jersey-json-1.22.0.jar:/home/runner/.m2/repository/com/sun/xml/bind/jaxb-impl/2.2.3-1/jaxb-impl-2.2.3-1.jar:/home/runner/.m2/repository/org/codehaus/jettison/jettison/1.5.4/jettison-1.5.4.jar:/home/runner/.m2/repository/com/sun/jersey/jersey-server/1.19.4/jersey-server-1.19.4.jar:/home/runner/.m2/repository/commons-beanutils/commons-beanutils/1.9.4/commons-beanutils-1.9.4.jar:/home/runner/.m2/repository/org/apache/commons/commons-configuration2/2.11.0/commons-configuration2-2.11.0.jar:/home/runner/.m2/repository/org/apache/avro/avro/1.9.2/avro-1.9.2.jar:/home/runner/.m2/repository/com/google/re2j/re2j/1.7/re2j-1.7.jar:/home/runner/.m2/repository/com/google/code/gson/gson/2.10.1/gson-2.10.1.jar:/home/runner/.m2/repository/org/apache/hadoop/hadoop-auth/3.4.1/hadoop-auth-3.4.1.jar:/home/runner/.m2/repository/org/apache/curator/curator-framework/4.2.0/curator-framework-4.2.0.jar:/home/runner/.m2/repository/com/jcraft/jsch/0.1.55/jsch-0.1.55.jar:/home/runner/.m2/repository/org/apache/curator/curator-client/4.2.0/curator-client-4.2.0.jar:/home/runner/.m2/repository/org/apache/curator/curator-recipes/5.2.0/curator-recipes-5.2.0.jar:/home/runner/.m2/repository/com/google/code/findbugs/jsr305/3.0.2/jsr305-3.0.2.jar:/home/runner/.m2/repository/org/apache/zookeeper/zookeeper/3.8.4/zookeeper-3.8.4.jar:/home/runner/.m2/repository/org/apache/zookeeper/zookeeper-jute/3.8.4/zookeeper-jute-3.8.4.jar:/home/runner/.m2/repository/org/apache/yetus/audience-annotations/0.12.0/audience-annotations-0.12.0.jar:/home/runner/.m2/repository/io/netty/netty-transport-native-epoll/4.1.109.Final/netty-transport-native-epoll-4.1.109.Final.jar:/home/runner/.m2/repository/org/apache/kerby/kerb-core/1.0.1/kerb-core-1.0.1.jar:/home/runner/.m2/repository/org/apache/kerby/kerby-pkix/1.0.1/kerby-pkix-1.0.1.jar:/home/runner/.m2/repository/org/apache/kerby/kerby-asn1/1.0.1/kerby-asn1-1.0.1.jar:/home/runner/.m2/repository/org/codehaus/woodstox/stax2-api/4.2.2/stax2-api-4.2.2.jar:/home/runner/.m2/repository/com/fasterxml/woodstox/woodstox-core/5.4.0/woodstox-core-5.4.0.jar:/home/runner/.m2/repository/dnsjava/dnsjava/3.6.1/dnsjava-3.6.1.jar:/home/runner/.m2/repository/org/xerial/snappy/snappy-java/1.1.10.7/snappy-java-1.1.10.7.jar:/home/runner/.m2/repository/org/apache/hadoop/hadoop-distcp/3.4.1/hadoop-distcp-3.4.1.jar:/home/runner/.m2/repository/org/apache/hadoop/hadoop-distcp/3.4.1/hadoop-distcp-3.4.1-tests.jar:/home/runner/.m2/repository/org/apache/hadoop/hadoop-hdfs/3.4.1/hadoop-hdfs-3.4.1-tests.jar:/home/runner/.m2/repository/org/eclipse/jetty/jetty-util-ajax/9.4.57.v20241219/jetty-util-ajax-9.4.57.v20241219.jar:/home/runner/.m2/repository/commons-daemon/commons-daemon/1.4.0/commons-daemon-1.4.0.jar:/home/runner/.m2/repository/io/netty/netty-all/4.1.109.Final/netty-all-4.1.109.Final.jar:/home/runner/.m2/repository/io/netty/netty-codec-dns/4.1.109.Final/netty-codec-dns-4.1.109.Final.jar:/home/runner/.m2/repository/io/netty/netty-codec-haproxy/4.1.109.Final/netty-codec-haproxy-4.1.109.Final.jar:/home/runner/.m2/repository/io/netty/netty-codec-memcache/4.1.109.Final/netty-codec-memcache-4.1.109.Final.jar:/home/runner/.m2/repository/io/netty/netty-codec-mqtt/4.1.109.Final/netty-codec-mqtt-4.1.109.Final.jar:/home/runner/.m2/repository/io/netty/netty-codec-redis/4.1.109.Final/netty-codec-redis-4.1.109.Final.jar:/home/runner/.m2/repository/io/netty/netty-codec-smtp/4.1.109.Final/netty-codec-smtp-4.1.109.Final.jar:/home/runner/.m2/repository/io/netty/netty-codec-stomp/4.1.109.Final/netty-codec-stomp-4.1.109.Final.jar:/home/runner/.m2/repository/io/netty/netty-codec-xml/4.1.109.Final/netty-codec-xml-4.1.109.Final.jar:/home/runner/.m2/repository/io/netty/netty-handler-ssl-ocsp/4.1.109.Final/netty-handler-ssl-ocsp-4.1.109.Final.jar:/home/runner/.m2/repository/io/netty/netty-resolver-dns/4.1.109.Final/netty-resolver-dns-4.1.109.Final.jar:/home/runner/.m2/repository/io/netty/netty-transport-rxtx/4.1.109.Final/netty-transport-rxtx-4.1.109.Final.jar:/home/runner/.m2/repository/io/netty/netty-transport-sctp/4.1.109.Final/netty-transport-sctp-4.1.109.Final.jar:/home/runner/.m2/repository/io/netty/netty-transport-udt/4.1.109.Final/netty-transport-udt-4.1.109.Final.jar:/home/runner/.m2/repository/io/netty/netty-transport-classes-kqueue/4.1.109.Final/netty-transport-classes-kqueue-4.1.109.Final.jar:/home/runner/.m2/repository/io/netty/netty-resolver-dns-classes-macos/4.1.109.Final/netty-resolver-dns-classes-macos-4.1.109.Final.jar:/home/runner/.m2/repository/io/netty/netty-transport-native-epoll/4.1.109.Final/netty-transport-native-epoll-4.1.109.Final-linux-aarch_64.jar:/home/runner/.m2/repository/io/netty/netty-transport-native-epoll/4.1.109.Final/netty-transport-native-epoll-4.1.109.Final-linux-riscv64.jar:/home/runner/.m2/repository/io/netty/netty-transport-native-kqueue/4.1.109.Final/netty-transport-native-kqueue-4.1.109.Final-osx-x86_64.jar:/home/runner/.m2/repository/io/netty/netty-transport-native-kqueue/4.1.109.Final/netty-transport-native-kqueue-4.1.109.Final-osx-aarch_64.jar:/home/runner/.m2/repository/io/netty/netty-resolver-dns-native-macos/4.1.109.Final/netty-resolver-dns-native-macos-4.1.109.Final-osx-x86_64.jar:/home/runner/.m2/repository/io/netty/netty-resolver-dns-native-macos/4.1.109.Final/netty-resolver-dns-native-macos-4.1.109.Final-osx-aarch_64.jar:/home/runner/.m2/repository/org/fusesource/leveldbjni/leveldbjni-all/1.8/leveldbjni-all-1.8.jar:/home/runner/.m2/repository/org/apache/hadoop/hadoop-kms/3.4.1/hadoop-kms-3.4.1.jar:/home/runner/.m2/repository/org/apache/hadoop/hadoop-common/3.4.1/hadoop-common-3.4.1.jar:/home/runner/.m2/repository/org/apache/hadoop/hadoop-kms/3.4.1/hadoop-kms-3.4.1-tests.jar:/home/runner/.m2/repository/org/apache/hadoop/hadoop-mapreduce-client-core/3.4.1/hadoop-mapreduce-client-core-3.4.1.jar:/home/runner/.m2/repository/org/apache/hadoop/hadoop-yarn-client/3.4.1/hadoop-yarn-client-3.4.1.jar:/home/runner/.m2/repository/org/eclipse/jetty/websocket/websocket-client/9.4.53.v20231009/websocket-client-9.4.53.v20231009.jar:/home/runner/.m2/repository/org/eclipse/jetty/websocket/websocket-common/9.4.53.v20231009/websocket-common-9.4.53.v20231009.jar:/home/runner/.m2/repository/org/eclipse/jetty/websocket/websocket-api/9.4.53.v20231009/websocket-api-9.4.53.v20231009.jar:/home/runner/.m2/repository/org/apache/hadoop/hadoop-yarn-api/3.4.1/hadoop-yarn-api-3.4.1.jar:/home/runner/.m2/repository/org/apache/hadoop/hadoop-yarn-common/3.4.1/hadoop-yarn-common-3.4.1.jar:/home/runner/.m2/repository/javax/xml/bind/jaxb-api/2.2.11/jaxb-api-2.2.11.jar:/home/runner/.m2/repository/com/sun/jersey/contribs/jersey-guice/1.19.4/jersey-guice-1.19.4.jar:/home/runner/.m2/repository/com/fasterxml/jackson/jaxrs/jackson-jaxrs-json-provider/2.16.2/jackson-jaxrs-json-provider-2.16.2.jar:/home/runner/.m2/repository/com/fasterxml/jackson/jaxrs/jackson-jaxrs-base/2.16.2/jackson-jaxrs-base-2.16.2.jar:/home/runner/.m2/repository/org/apache/hadoop/hadoop-hdfs-client/3.4.1/hadoop-hdfs-client-3.4.1.jar:/home/runner/.m2/repository/org/apache/hadoop/hadoop-mapreduce-client-jobclient/3.4.1/hadoop-mapreduce-client-jobclient-3.4.1.jar:/home/runner/.m2/repository/org/apache/hadoop/hadoop-mapreduce-client-common/3.4.1/hadoop-mapreduce-client-common-3.4.1.jar:/home/runner/.m2/repository/org/apache/hadoop/hadoop-minikdc/3.4.1/hadoop-minikdc-3.4.1.jar:/home/runner/.m2/repository/org/apache/kerby/kerb-simplekdc/2.0.3/kerb-simplekdc-2.0.3.jar:/home/runner/.m2/repository/org/apache/kerby/kerb-client/2.0.3/kerb-client-2.0.3.jar:/home/runner/.m2/repository/org/apache/kerby/kerb-common/2.0.3/kerb-common-2.0.3.jar:/home/runner/.m2/repository/org/apache/kerby/token-provider/2.0.3/token-provider-2.0.3.jar:/home/runner/.m2/repository/org/apache/kerby/kerb-admin/2.0.3/kerb-admin-2.0.3.jar:/home/runner/.m2/repository/org/apache/kerby/kerb-server/2.0.3/kerb-server-2.0.3.jar:/home/runner/.m2/repository/org/apache/kerby/kerb-identity/2.0.3/kerb-identity-2.0.3.jar:/home/runner/.m2/repository/org/apache/kerby/kerby-xdr/2.0.3/kerby-xdr-2.0.3.jar:/home/runner/.m2/repository/junit/junit/4.13.2/junit-4.13.2.jar:/home/runner/.m2/repository/org/hamcrest/hamcrest-core/1.3/hamcrest-core-1.3.jar:/home/runner/work/ozone/ozone/hadoop-hdds/common/target/hdds-common-2.0.0-SNAPSHOT-tests.jar:/home/runner/.m2/repository/commons-validator/commons-validator/1.6/commons-validator-1.6.jar:/home/runner/.m2/repository/commons-digester/commons-digester/1.8.1/commons-digester-1.8.1.jar:/home/runner/.m2/repository/io/jaegertracing/jaeger-client/1.8.1/jaeger-client-1.8.1.jar:/home/runner/.m2/repository/io/jaegertracing/jaeger-thrift/1.8.1/jaeger-thrift-1.8.1.jar:/home/runner/.m2/repository/org/apache/thrift/libthrift/0.15.0/libthrift-0.15.0.jar:/home/runner/.m2/repository/com/squareup/okhttp3/okhttp/4.12.0/okhttp-4.12.0.jar:/home/runner/.m2/repository/com/squareup/okio/okio/3.6.0/okio-3.6.0.jar:/home/runner/.m2/repository/com/squareup/okio/okio-jvm/3.6.0/okio-jvm-3.6.0.jar:/home/runner/.m2/repository/org/jetbrains/kotlin/kotlin-stdlib-common/1.9.25/kotlin-stdlib-common-1.9.25.jar:/home/runner/.m2/repository/org/jetbrains/kotlin/kotlin-stdlib-jdk8/1.9.25/kotlin-stdlib-jdk8-1.9.25.jar:/home/runner/.m2/repository/org/jetbrains/kotlin/kotlin-stdlib-jdk7/1.9.25/kotlin-stdlib-jdk7-1.9.25.jar:/home/runner/.m2/repository/io/jaegertracing/jaeger-tracerresolver/1.8.1/jaeger-tracerresolver-1.8.1.jar:/home/runner/.m2/repository/io/opentracing/contrib/opentracing-tracerresolver/0.1.8/opentracing-tracerresolver-0.1.8.jar:/home/runner/.m2/repository/io/jaegertracing/jaeger-core/1.8.1/jaeger-core-1.8.1.jar:/home/runner/work/ozone/ozone/hadoop-hdds/annotations/target/hdds-annotation-processing-2.0.0-SNAPSHOT.jar:/home/runner/.m2/repository/org/apache/ratis/ratis-metrics-dropwizard3/3.1.2/ratis-metrics-dropwizard3-3.1.2.jar:/home/runner/.m2/repository/org/bouncycastle/bcutil-jdk18on/1.80/bcutil-jdk18on-1.80.jar:/home/runner/.m2/repository/org/jetbrains/kotlin/kotlin-stdlib/1.9.25/kotlin-stdlib-1.9.25.jar:/home/runner/.m2/repository/org/jetbrains/annotations/13.0/annotations-13.0.jar:/home/runner/.m2/repository/org/yaml/snakeyaml/2.0/snakeyaml-2.0.jar:/home/runner/work/ozone/ozone/hadoop-hdds/container-service/target/hdds-container-service-2.0.0-SNAPSHOT-tests.jar:/home/runner/.m2/repository/com/github/luben/zstd-jni/1.5.7-1/zstd-jni-1.5.7-1.jar:/home/runner/.m2/repository/io/netty/netty-buffer/4.1.109.Final/netty-buffer-4.1.109.Final.jar:/home/runner/.m2/repository/io/netty/netty-codec/4.1.109.Final/netty-codec-4.1.109.Final.jar:/home/runner/work/ozone/ozone/hadoop-hdds/framework/target/hdds-server-framework-2.0.0-SNAPSHOT-tests.jar:/home/runner/.m2/repository/com/github/jnr/jnr-constants/0.10.4/jnr-constants-0.10.4.jar:/home/runner/.m2/repository/com/github/jnr/jnr-posix/3.1.20/jnr-posix-3.1.20.jar:/home/runner/.m2/repository/com/github/jnr/jnr-ffi/2.2.17/jnr-ffi-2.2.17.jar:/home/runner/.m2/repository/com/github/jnr/jffi/1.3.13/jffi-1.3.13.jar:/home/runner/.m2/repository/com/github/jnr/jffi/1.3.13/jffi-1.3.13-native.jar:/home/runner/.m2/repository/org/ow2/asm/asm/9.7.1/asm-9.7.1.jar:/home/runner/.m2/repository/org/ow2/asm/asm-commons/9.7.1/asm-commons-9.7.1.jar:/home/runner/.m2/repository/org/ow2/asm/asm-analysis/9.7.1/asm-analysis-9.7.1.jar:/home/runner/.m2/repository/org/ow2/asm/asm-tree/9.7.1/asm-tree-9.7.1.jar:/home/runner/.m2/repository/org/ow2/asm/asm-util/9.7.1/asm-util-9.7.1.jar:/home/runner/.m2/repository/com/github/jnr/jnr-a64asm/1.0.0/jnr-a64asm-1.0.0.jar:/home/runner/.m2/repository/com/github/jnr/jnr-x86asm/1.0.2/jnr-x86asm-1.0.2.jar:/home/runner/.m2/repository/commons-fileupload/commons-fileupload/1.5/commons-fileupload-1.5.jar:/home/runner/.m2/repository/commons-logging/commons-logging/1.2/commons-logging-1.2.jar:/home/runner/.m2/repository/io/prometheus/simpleclient/0.16.0/simpleclient-0.16.0.jar:/home/runner/.m2/repository/io/prometheus/simpleclient_common/0.16.0/simpleclient_common-0.16.0.jar:/home/runner/.m2/repository/io/prometheus/simpleclient_dropwizard/0.16.0/simpleclient_dropwizard-0.16.0.jar:/home/runner/.m2/repository/org/apache/logging/log4j/log4j-core/2.24.2/log4j-core-2.24.2.jar:/home/runner/.m2/repository/org/eclipse/jetty/jetty-http/9.4.57.v20241219/jetty-http-9.4.57.v20241219.jar:/home/runner/.m2/repository/com/lmax/disruptor/3.4.4/disruptor-3.4.4.jar:/home/runner/work/ozone/ozone/hadoop-hdds/server-scm/target/hdds-server-scm-2.0.0-SNAPSHOT-tests.jar:/home/runner/work/ozone/ozone/hadoop-hdds/test-utils/target/hdds-test-utils-2.0.0-SNAPSHOT.jar:/home/runner/work/ozone/ozone/hadoop-ozone/ozone-manager/target/ozone-manager-2.0.0-SNAPSHOT-tests.jar:/home/runner/.m2/repository/org/assertj/assertj-core/3.27.3/assertj-core-3.27.3.jar:/home/runner/.m2/repository/net/bytebuddy/byte-buddy/1.15.11/byte-buddy-1.15.11.jar:/home/runner/.m2/repository/org/junit/jupiter/junit-jupiter-api/5.12.0/junit-jupiter-api-5.12.0.jar:/home/runner/.m2/repository/org/opentest4j/opentest4j/1.3.0/opentest4j-1.3.0.jar:/home/runner/.m2/repository/org/junit/platform/junit-platform-commons/1.12.0/junit-platform-commons-1.12.0.jar:/home/runner/.m2/repository/org/apiguardian/apiguardian-api/1.1.2/apiguardian-api-1.1.2.jar:/home/runner/.m2/repository/org/junit/jupiter/junit-jupiter-params/5.12.0/junit-jupiter-params-5.12.0.jar:/home/runner/.m2/repository/org/mockito/mockito-core/4.11.0/mockito-core-4.11.0.jar:/home/runner/.m2/repository/net/bytebuddy/byte-buddy-agent/1.12.19/byte-buddy-agent-1.12.19.jar:/home/runner/.m2/repository/org/objenesis/objenesis/3.3/objenesis-3.3.jar:/home/runner/.m2/repository/org/mockito/mockito-inline/4.11.0/mockito-inline-4.11.0.jar:/home/runner/.m2/repository/org/mockito/mockito-junit-jupiter/4.11.0/mockito-junit-jupiter-4.11.0.jar:/home/runner/work/ozone/ozone/hadoop-ozone/integration-test/target/gradle-enterprise/test-listeners.jar:"/>
    <property name="java.vm.vendor" value="Eclipse Adoptium"/>
    <property name="sun.arch.data.model" value="64"/>
    <property name="test.build.dir" value="/home/runner/work/ozone/ozone/hadoop-ozone/integration-test/target/test-dir"/>
    <property name="test.cache.data" value=""/>
    <property name="java.vendor.url" value="https://adoptium.net/"/>
    <property name="user.timezone" value="Etc/UTC"/>
    <property name="maven-surefire-plugin.argLineAccessArgs" value=" --add-opens java.management/com.sun.jmx.mbeanserver=ALL-UNNAMED --add-exports java.management/com.sun.jmx.mbeanserver=ALL-UNNAMED --add-opens java.base/java.nio=ALL-UNNAMED --add-opens java.base/java.lang=ALL-UNNAMED --add-opens java.base/java.lang.reflect=ALL-UNNAMED"/>
    <property name="os.name" value="Linux"/>
    <property name="java.vm.specification.version" value="21"/>
    <property name="test.build.data" value="/home/runner/work/ozone/ozone/hadoop-ozone/integration-test/target/test-dir"/>
    <property name="sun.java.launcher" value="SUN_STANDARD"/>
    <property name="sun.boot.library.path" value="/usr/lib/jvm/temurin-21-jdk-amd64/lib"/>
    <property name="sun.java.command" value="/home/runner/work/ozone/ozone/hadoop-ozone/integration-test/target/surefire/surefirebooter-20250225135619952_973.jar /home/runner/work/ozone/ozone/hadoop-ozone/integration-test/target/surefire 2025-02-25T13-48-18_972-jvmRun1 surefire-20250225135619952_971tmp surefire_135-20250225135619952_972tmp"/>
    <property name="jdk.debug" value="release"/>
    <property name="native.lib.tmp.dir" value="/tmp"/>
    <property name="surefire.test.class.path" value="/home/runner/work/ozone/ozone/hadoop-ozone/integration-test/target/test-classes:/home/runner/work/ozone/ozone/hadoop-ozone/integration-test/target/classes:/home/runner/work/ozone/ozone/hadoop-hdds/server-scm/target/hdds-server-scm-2.0.0-SNAPSHOT.jar:/home/runner/.m2/repository/com/fasterxml/jackson/core/jackson-annotations/2.16.2/jackson-annotations-2.16.2.jar:/home/runner/.m2/repository/com/fasterxml/jackson/core/jackson-core/2.16.2/jackson-core-2.16.2.jar:/home/runner/.m2/repository/com/fasterxml/jackson/core/jackson-databind/2.16.2/jackson-databind-2.16.2.jar:/home/runner/.m2/repository/com/google/guava/guava/32.1.3-jre/guava-32.1.3-jre.jar:/home/runner/.m2/repository/com/google/guava/failureaccess/1.0.1/failureaccess-1.0.1.jar:/home/runner/.m2/repository/com/google/guava/listenablefuture/9999.0-empty-to-avoid-conflict-with-guava/listenablefuture-9999.0-empty-to-avoid-conflict-with-guava.jar:/home/runner/.m2/repository/org/checkerframework/checker-qual/3.37.0/checker-qual-3.37.0.jar:/home/runner/.m2/repository/com/google/errorprone/error_prone_annotations/2.29.2/error_prone_annotations-2.29.2.jar:/home/runner/.m2/repository/com/google/j2objc/j2objc-annotations/2.8/j2objc-annotations-2.8.jar:/home/runner/.m2/repository/com/google/protobuf/protobuf-java/2.5.0/protobuf-java-2.5.0.jar:/home/runner/.m2/repository/commons-collections/commons-collections/3.2.2/commons-collections-3.2.2.jar:/home/runner/.m2/repository/commons-io/commons-io/2.18.0/commons-io-2.18.0.jar:/home/runner/.m2/repository/info/picocli/picocli/4.7.5/picocli-4.7.5.jar:/home/runner/.m2/repository/io/dropwizard/metrics/metrics-core/3.2.6/metrics-core-3.2.6.jar:/home/runner/.m2/repository/jakarta/annotation/jakarta.annotation-api/2.1.1/jakarta.annotation-api-2.1.1.jar:/home/runner/.m2/repository/javax/servlet/javax.servlet-api/3.1.0/javax.servlet-api-3.1.0.jar:/home/runner/.m2/repository/org/apache/commons/commons-compress/1.27.1/commons-compress-1.27.1.jar:/home/runner/.m2/repository/org/apache/commons/commons-text/1.12.0/commons-text-1.12.0.jar:/home/runner/work/ozone/ozone/hadoop-hdds/client/target/hdds-client-2.0.0-SNAPSHOT.jar:/home/runner/work/ozone/ozone/hadoop-hdds/common/target/hdds-common-2.0.0-SNAPSHOT.jar:/home/runner/work/ozone/ozone/hadoop-hdds/config/target/hdds-config-2.0.0-SNAPSHOT.jar:/home/runner/work/ozone/ozone/hadoop-hdds/container-service/target/hdds-container-service-2.0.0-SNAPSHOT.jar:/home/runner/work/ozone/ozone/hadoop-hdds/hadoop-dependency-client/target/hdds-hadoop-dependency-client-2.0.0-SNAPSHOT.jar:/home/runner/.m2/repository/com/nimbusds/nimbus-jose-jwt/9.40/nimbus-jose-jwt-9.40.jar:/home/runner/work/ozone/ozone/hadoop-hdds/hadoop-dependency-server/target/hdds-hadoop-dependency-server-2.0.0-SNAPSHOT.jar:/home/runner/.m2/repository/org/apache/hadoop/hadoop-hdfs/3.4.1/hadoop-hdfs-3.4.1.jar:/home/runner/.m2/repository/org/apache/kerby/kerb-util/1.0.1/kerb-util-1.0.1.jar:/home/runner/.m2/repository/org/apache/kerby/kerby-config/1.0.1/kerby-config-1.0.1.jar:/home/runner/.m2/repository/org/apache/kerby/kerb-crypto/1.0.1/kerb-crypto-1.0.1.jar:/home/runner/work/ozone/ozone/hadoop-hdds/interface-admin/target/hdds-interface-admin-2.0.0-SNAPSHOT.jar:/home/runner/work/ozone/ozone/hadoop-hdds/interface-client/target/hdds-interface-client-2.0.0-SNAPSHOT.jar:/home/runner/work/ozone/ozone/hadoop-hdds/interface-server/target/hdds-interface-server-2.0.0-SNAPSHOT.jar:/home/runner/work/ozone/ozone/hadoop-hdds/framework/target/hdds-server-framework-2.0.0-SNAPSHOT.jar:/home/runner/.m2/repository/org/apache/ratis/ratis-client/3.1.2/ratis-client-3.1.2.jar:/home/runner/.m2/repository/org/apache/ratis/ratis-common/3.1.2/ratis-common-3.1.2.jar:/home/runner/.m2/repository/org/apache/ratis/ratis-grpc/3.1.2/ratis-grpc-3.1.2.jar:/home/runner/.m2/repository/org/apache/ratis/ratis-netty/3.1.2/ratis-netty-3.1.2.jar:/home/runner/.m2/repository/org/apache/ratis/ratis-proto/3.1.2/ratis-proto-3.1.2.jar:/home/runner/.m2/repository/org/apache/ratis/ratis-server-api/3.1.2/ratis-server-api-3.1.2.jar:/home/runner/.m2/repository/org/apache/ratis/ratis-thirdparty-misc/1.0.6/ratis-thirdparty-misc-1.0.6.jar:/home/runner/.m2/repository/org/bouncycastle/bcpkix-jdk18on/1.80/bcpkix-jdk18on-1.80.jar:/home/runner/.m2/repository/org/bouncycastle/bcprov-jdk18on/1.80/bcprov-jdk18on-1.80.jar:/home/runner/.m2/repository/org/eclipse/jetty/jetty-webapp/9.4.57.v20241219/jetty-webapp-9.4.57.v20241219.jar:/home/runner/.m2/repository/org/eclipse/jetty/jetty-xml/9.4.57.v20241219/jetty-xml-9.4.57.v20241219.jar:/home/runner/.m2/repository/org/slf4j/slf4j-api/2.0.16/slf4j-api-2.0.16.jar:/home/runner/work/ozone/ozone/hadoop-hdds/tools/target/hdds-tools-2.0.0-SNAPSHOT.jar:/home/runner/.m2/repository/ch/qos/reload4j/reload4j/1.2.26/reload4j-1.2.26.jar:/home/runner/.m2/repository/com/fasterxml/jackson/datatype/jackson-datatype-jsr310/2.16.2/jackson-datatype-jsr310-2.16.2.jar:/home/runner/.m2/repository/commons-cli/commons-cli/1.8.0/commons-cli-1.8.0.jar:/home/runner/.m2/repository/org/apache/ratis/ratis-tools/3.1.2/ratis-tools-3.1.2.jar:/home/runner/.m2/repository/org/kohsuke/metainf-services/metainf-services/1.11/metainf-services-1.11.jar:/home/runner/.m2/repository/org/slf4j/slf4j-reload4j/2.0.16/slf4j-reload4j-2.0.16.jar:/home/runner/.m2/repository/org/xerial/sqlite-jdbc/3.49.1.0/sqlite-jdbc-3.49.1.0.jar:/home/runner/work/ozone/ozone/hadoop-ozone/cli-shell/target/ozone-cli-shell-2.0.0-SNAPSHOT.jar:/home/runner/.m2/repository/commons-codec/commons-codec/1.17.1/commons-codec-1.17.1.jar:/home/runner/.m2/repository/info/picocli/picocli-shell-jline3/4.7.5/picocli-shell-jline3-4.7.5.jar:/home/runner/.m2/repository/jakarta/xml/bind/jakarta.xml.bind-api/2.3.3/jakarta.xml.bind-api-2.3.3.jar:/home/runner/.m2/repository/org/apache/httpcomponents/httpclient/4.5.14/httpclient-4.5.14.jar:/home/runner/work/ozone/ozone/hadoop-ozone/ozonefs-common/target/ozone-filesystem-common-2.0.0-SNAPSHOT.jar:/home/runner/work/ozone/ozone/hadoop-ozone/interface-client/target/ozone-interface-client-2.0.0-SNAPSHOT.jar:/home/runner/.m2/repository/org/jline/jline/3.29.0/jline-3.29.0.jar:/home/runner/work/ozone/ozone/hadoop-ozone/client/target/ozone-client-2.0.0-SNAPSHOT.jar:/home/runner/.m2/repository/com/github/stephenc/jcip/jcip-annotations/1.0-1/jcip-annotations-1.0-1.jar:/home/runner/work/ozone/ozone/hadoop-hdds/erasurecode/target/hdds-erasurecode-2.0.0-SNAPSHOT.jar:/home/runner/work/ozone/ozone/hadoop-ozone/common/target/ozone-common-2.0.0-SNAPSHOT.jar:/home/runner/.m2/repository/io/grpc/grpc-api/1.58.0/grpc-api-1.58.0.jar:/home/runner/.m2/repository/io/grpc/grpc-netty/1.58.0/grpc-netty-1.58.0.jar:/home/runner/.m2/repository/io/grpc/grpc-core/1.58.0/grpc-core-1.58.0.jar:/home/runner/.m2/repository/com/google/android/annotations/4.1.1.4/annotations-4.1.1.4.jar:/home/runner/.m2/repository/org/codehaus/mojo/animal-sniffer-annotations/1.23/animal-sniffer-annotations-1.23.jar:/home/runner/.m2/repository/io/grpc/grpc-context/1.58.0/grpc-context-1.58.0.jar:/home/runner/.m2/repository/io/grpc/grpc-util/1.58.0/grpc-util-1.58.0.jar:/home/runner/.m2/repository/io/perfmark/perfmark-api/0.26.0/perfmark-api-0.26.0.jar:/home/runner/.m2/repository/io/grpc/grpc-stub/1.58.0/grpc-stub-1.58.0.jar:/home/runner/.m2/repository/io/netty/netty-codec-http2/4.1.109.Final/netty-codec-http2-4.1.109.Final.jar:/home/runner/.m2/repository/io/netty/netty-codec-http/4.1.109.Final/netty-codec-http-4.1.109.Final.jar:/home/runner/.m2/repository/io/netty/netty-common/4.1.109.Final/netty-common-4.1.109.Final.jar:/home/runner/.m2/repository/io/netty/netty-handler/4.1.109.Final/netty-handler-4.1.109.Final.jar:/home/runner/.m2/repository/io/netty/netty-resolver/4.1.109.Final/netty-resolver-4.1.109.Final.jar:/home/runner/.m2/repository/io/netty/netty-handler-proxy/4.1.109.Final/netty-handler-proxy-4.1.109.Final.jar:/home/runner/.m2/repository/io/netty/netty-codec-socks/4.1.109.Final/netty-codec-socks-4.1.109.Final.jar:/home/runner/.m2/repository/org/apache/httpcomponents/httpcore/4.4.16/httpcore-4.4.16.jar:/home/runner/.m2/repository/io/netty/netty-tcnative-boringssl-static/2.0.65.Final/netty-tcnative-boringssl-static-2.0.65.Final.jar:/home/runner/.m2/repository/io/netty/netty-tcnative-classes/2.0.65.Final/netty-tcnative-classes-2.0.65.Final.jar:/home/runner/.m2/repository/io/netty/netty-tcnative-boringssl-static/2.0.65.Final/netty-tcnative-boringssl-static-2.0.65.Final-linux-x86_64.jar:/home/runner/.m2/repository/io/netty/netty-tcnative-boringssl-static/2.0.65.Final/netty-tcnative-boringssl-static-2.0.65.Final-linux-aarch_64.jar:/home/runner/.m2/repository/io/netty/netty-tcnative-boringssl-static/2.0.65.Final/netty-tcnative-boringssl-static-2.0.65.Final-osx-x86_64.jar:/home/runner/.m2/repository/io/netty/netty-tcnative-boringssl-static/2.0.65.Final/netty-tcnative-boringssl-static-2.0.65.Final-osx-aarch_64.jar:/home/runner/.m2/repository/io/netty/netty-tcnative-boringssl-static/2.0.65.Final/netty-tcnative-boringssl-static-2.0.65.Final-windows-x86_64.jar:/home/runner/work/ozone/ozone/hadoop-ozone/csi/target/ozone-csi-2.0.0-SNAPSHOT.jar:/home/runner/.m2/repository/com/google/protobuf/protobuf-java-util/3.19.6/protobuf-java-util-3.19.6.jar:/home/runner/.m2/repository/io/grpc/grpc-protobuf/1.58.0/grpc-protobuf-1.58.0.jar:/home/runner/.m2/repository/com/google/api/grpc/proto-google-common-protos/2.22.0/proto-google-common-protos-2.22.0.jar:/home/runner/.m2/repository/io/grpc/grpc-protobuf-lite/1.58.0/grpc-protobuf-lite-1.58.0.jar:/home/runner/.m2/repository/io/netty/netty-transport/4.1.109.Final/netty-transport-4.1.109.Final.jar:/home/runner/.m2/repository/io/netty/netty-transport-classes-epoll/4.1.109.Final/netty-transport-classes-epoll-4.1.109.Final.jar:/home/runner/.m2/repository/io/netty/netty-transport-native-epoll/4.1.109.Final/netty-transport-native-epoll-4.1.109.Final-linux-x86_64.jar:/home/runner/.m2/repository/io/netty/netty-transport-native-unix-common/4.1.109.Final/netty-transport-native-unix-common-4.1.109.Final.jar:/home/runner/work/ozone/ozone/hadoop-ozone/ozonefs/target/ozone-filesystem-2.0.0-SNAPSHOT.jar:/home/runner/.m2/repository/io/opentracing/opentracing-api/0.33.0/opentracing-api-0.33.0.jar:/home/runner/.m2/repository/io/opentracing/opentracing-util/0.33.0/opentracing-util-0.33.0.jar:/home/runner/work/ozone/ozone/hadoop-ozone/ozone-manager/target/ozone-manager-2.0.0-SNAPSHOT.jar:/home/runner/.m2/repository/com/sun/jersey/jersey-client/1.19.4/jersey-client-1.19.4.jar:/home/runner/.m2/repository/org/apache/kerby/kerby-util/1.0.1/kerby-util-1.0.1.jar:/home/runner/.m2/repository/org/apache/logging/log4j/log4j-api/2.24.2/log4j-api-2.24.2.jar:/home/runner/work/ozone/ozone/hadoop-hdds/managed-rocksdb/target/hdds-managed-rocksdb-2.0.0-SNAPSHOT.jar:/home/runner/work/ozone/ozone/hadoop-hdds/rocks-native/target/hdds-rocks-native-2.0.0-SNAPSHOT.jar:/home/runner/.m2/repository/org/eclipse/jetty/jetty-io/9.4.57.v20241219/jetty-io-9.4.57.v20241219.jar:/home/runner/work/ozone/ozone/hadoop-ozone/interface-storage/target/ozone-interface-storage-2.0.0-SNAPSHOT.jar:/home/runner/work/ozone/ozone/hadoop-hdds/rocksdb-checkpoint-differ/target/rocksdb-checkpoint-differ-2.0.0-SNAPSHOT.jar:/home/runner/.m2/repository/com/github/vlsi/mxgraph/jgraphx/3.9.12/jgraphx-3.9.12.jar:/home/runner/.m2/repository/org/jgrapht/jgrapht-core/1.4.0/jgrapht-core-1.4.0.jar:/home/runner/.m2/repository/org/jheaps/jheaps/0.11/jheaps-0.11.jar:/home/runner/.m2/repository/org/jgrapht/jgrapht-ext/1.4.0/jgrapht-ext-1.4.0.jar:/home/runner/.m2/repository/org/apache/ranger/ranger-intg/2.3.0/ranger-intg-2.3.0.jar:/home/runner/.m2/repository/org/apache/ranger/ranger-plugins-common/2.3.0/ranger-plugins-common-2.3.0.jar:/home/runner/.m2/repository/commons-lang/commons-lang/2.6/commons-lang-2.6.jar:/home/runner/.m2/repository/org/apache/ranger/ranger-plugins-cred/2.3.0/ranger-plugins-cred-2.3.0.jar:/home/runner/.m2/repository/org/apache/ranger/ranger-plugins-audit/2.3.0/ranger-plugins-audit-2.3.0.jar:/home/runner/.m2/repository/org/eclipse/jetty/jetty-client/9.4.57.v20241219/jetty-client-9.4.57.v20241219.jar:/home/runner/.m2/repository/org/apache/httpcomponents/httpmime/4.5.6/httpmime-4.5.6.jar:/home/runner/.m2/repository/org/apache/httpcomponents/httpcore-nio/4.4.16/httpcore-nio-4.4.16.jar:/home/runner/.m2/repository/org/apache/httpcomponents/httpasyncclient/4.1.3/httpasyncclient-4.1.3.jar:/home/runner/.m2/repository/com/carrotsearch/hppc/0.8.0/hppc-0.8.0.jar:/home/runner/.m2/repository/org/apache/orc/orc-core/1.5.8/orc-core-1.5.8.jar:/home/runner/.m2/repository/net/java/dev/jna/jna/5.2.0/jna-5.2.0.jar:/home/runner/.m2/repository/net/java/dev/jna/jna-platform/5.2.0/jna-platform-5.2.0.jar:/home/runner/.m2/repository/com/kstruct/gethostname4j/0.0.2/gethostname4j-0.0.2.jar:/home/runner/.m2/repository/org/apache/ranger/ranger-plugin-classloader/2.3.0/ranger-plugin-classloader-2.3.0.jar:/home/runner/.m2/repository/org/aspectj/aspectjrt/1.9.7/aspectjrt-1.9.7.jar:/home/runner/.m2/repository/org/aspectj/aspectjweaver/1.9.7/aspectjweaver-1.9.7.jar:/home/runner/.m2/repository/org/codehaus/jackson/jackson-core-asl/1.9.13/jackson-core-asl-1.9.13.jar:/home/runner/.m2/repository/org/codehaus/jackson/jackson-jaxrs/1.9.13/jackson-jaxrs-1.9.13.jar:/home/runner/.m2/repository/org/codehaus/jackson/jackson-mapper-asl/1.9.13/jackson-mapper-asl-1.9.13.jar:/home/runner/.m2/repository/org/eclipse/jetty/jetty-util/9.4.57.v20241219/jetty-util-9.4.57.v20241219.jar:/home/runner/.m2/repository/org/reflections/reflections/0.10.2/reflections-0.10.2.jar:/home/runner/.m2/repository/org/rocksdb/rocksdbjni/7.7.3/rocksdbjni-7.7.3.jar:/home/runner/work/ozone/ozone/hadoop-ozone/recon/target/ozone-recon-2.0.0-SNAPSHOT.jar:/home/runner/.m2/repository/aopalliance/aopalliance/1.0/aopalliance-1.0.jar:/home/runner/.m2/repository/com/google/inject/guice/6.0.0/guice-6.0.0.jar:/home/runner/.m2/repository/jakarta/inject/jakarta.inject-api/2.0.1/jakarta.inject-api-2.0.1.jar:/home/runner/.m2/repository/com/google/inject/extensions/guice-assistedinject/6.0.0/guice-assistedinject-6.0.0.jar:/home/runner/.m2/repository/com/google/inject/extensions/guice-servlet/6.0.0/guice-servlet-6.0.0.jar:/home/runner/.m2/repository/com/jolbox/bonecp/0.8.0.RELEASE/bonecp-0.8.0.RELEASE.jar:/home/runner/.m2/repository/jakarta/activation/jakarta.activation-api/1.2.2/jakarta.activation-api-1.2.2.jar:/home/runner/.m2/repository/jakarta/validation/jakarta.validation-api/2.0.2/jakarta.validation-api-2.0.2.jar:/home/runner/.m2/repository/jakarta/ws/rs/jakarta.ws.rs-api/2.1.6/jakarta.ws.rs-api-2.1.6.jar:/home/runner/.m2/repository/javax/inject/javax.inject/1/javax.inject-1.jar:/home/runner/.m2/repository/org/apache/derby/derby/10.14.2.0/derby-10.14.2.0.jar:/home/runner/work/ozone/ozone/hadoop-ozone/recon-codegen/target/ozone-reconcodegen-2.0.0-SNAPSHOT.jar:/home/runner/.m2/repository/org/eclipse/jetty/jetty-servlet/9.4.57.v20241219/jetty-servlet-9.4.57.v20241219.jar:/home/runner/.m2/repository/org/eclipse/jetty/jetty-security/9.4.57.v20241219/jetty-security-9.4.57.v20241219.jar:/home/runner/.m2/repository/org/glassfish/hk2/guice-bridge/2.6.1/guice-bridge-2.6.1.jar:/home/runner/.m2/repository/org/glassfish/hk2/hk2-api/2.6.1/hk2-api-2.6.1.jar:/home/runner/.m2/repository/org/glassfish/hk2/hk2-utils/2.6.1/hk2-utils-2.6.1.jar:/home/runner/.m2/repository/org/glassfish/hk2/external/aopalliance-repackaged/2.6.1/aopalliance-repackaged-2.6.1.jar:/home/runner/.m2/repository/org/glassfish/hk2/external/jakarta.inject/2.6.1/jakarta.inject-2.6.1.jar:/home/runner/.m2/repository/org/glassfish/jersey/containers/jersey-container-servlet/2.46/jersey-container-servlet-2.46.jar:/home/runner/.m2/repository/org/glassfish/jersey/containers/jersey-container-servlet-core/2.46/jersey-container-servlet-core-2.46.jar:/home/runner/.m2/repository/org/glassfish/jersey/core/jersey-common/2.46/jersey-common-2.46.jar:/home/runner/.m2/repository/org/glassfish/hk2/osgi-resource-locator/1.0.3/osgi-resource-locator-1.0.3.jar:/home/runner/.m2/repository/org/glassfish/jersey/core/jersey-server/2.46/jersey-server-2.46.jar:/home/runner/.m2/repository/org/glassfish/jersey/core/jersey-client/2.46/jersey-client-2.46.jar:/home/runner/.m2/repository/org/glassfish/jersey/inject/jersey-hk2/2.46/jersey-hk2-2.46.jar:/home/runner/.m2/repository/org/glassfish/hk2/hk2-locator/2.6.1/hk2-locator-2.6.1.jar:/home/runner/.m2/repository/org/glassfish/jersey/media/jersey-media-jaxb/2.46/jersey-media-jaxb-2.46.jar:/home/runner/.m2/repository/org/glassfish/jersey/media/jersey-media-json-jackson/2.46/jersey-media-json-jackson-2.46.jar:/home/runner/.m2/repository/org/glassfish/jersey/ext/jersey-entity-filtering/2.46/jersey-entity-filtering-2.46.jar:/home/runner/.m2/repository/org/javassist/javassist/3.30.2-GA/javassist-3.30.2-GA.jar:/home/runner/.m2/repository/org/jooq/jooq/3.11.10/jooq-3.11.10.jar:/home/runner/.m2/repository/org/jooq/jooq-codegen/3.11.10/jooq-codegen-3.11.10.jar:/home/runner/.m2/repository/org/jooq/jooq-meta/3.11.10/jooq-meta-3.11.10.jar:/home/runner/.m2/repository/org/springframework/spring-core/5.3.39/spring-core-5.3.39.jar:/home/runner/.m2/repository/org/springframework/spring-jdbc/5.3.39/spring-jdbc-5.3.39.jar:/home/runner/.m2/repository/org/springframework/spring-beans/5.3.39/spring-beans-5.3.39.jar:/home/runner/.m2/repository/org/springframework/spring-tx/5.3.39/spring-tx-5.3.39.jar:/home/runner/work/ozone/ozone/hadoop-ozone/s3gateway/target/ozone-s3gateway-2.0.0-SNAPSHOT.jar:/home/runner/.m2/repository/com/fasterxml/jackson/dataformat/jackson-dataformat-xml/2.16.2/jackson-dataformat-xml-2.16.2.jar:/home/runner/.m2/repository/com/fasterxml/jackson/module/jackson-module-jaxb-annotations/2.16.2/jackson-module-jaxb-annotations-2.16.2.jar:/home/runner/.m2/repository/io/opentracing/opentracing-noop/0.33.0/opentracing-noop-0.33.0.jar:/home/runner/.m2/repository/javax/annotation/javax.annotation-api/1.3.2/javax.annotation-api-1.3.2.jar:/home/runner/.m2/repository/javax/enterprise/cdi-api/2.0/cdi-api-2.0.jar:/home/runner/.m2/repository/javax/el/javax.el-api/3.0.0/javax.el-api-3.0.0.jar:/home/runner/.m2/repository/javax/interceptor/javax.interceptor-api/1.2/javax.interceptor-api-1.2.jar:/home/runner/.m2/repository/org/glassfish/jaxb/jaxb-runtime/2.3.9/jaxb-runtime-2.3.9.jar:/home/runner/.m2/repository/org/glassfish/jaxb/txw2/2.3.9/txw2-2.3.9.jar:/home/runner/.m2/repository/com/sun/istack/istack-commons-runtime/3.0.12/istack-commons-runtime-3.0.12.jar:/home/runner/.m2/repository/com/sun/activation/jakarta.activation/1.2.2/jakarta.activation-1.2.2.jar:/home/runner/.m2/repository/org/glassfish/jersey/ext/cdi/jersey-cdi1x/2.46/jersey-cdi1x-2.46.jar:/home/runner/.m2/repository/org/jboss/weld/servlet/weld-servlet-shaded/3.1.9.Final/weld-servlet-shaded-3.1.9.Final.jar:/home/runner/work/ozone/ozone/hadoop-ozone/tools/target/ozone-tools-2.0.0-SNAPSHOT.jar:/home/runner/.m2/repository/com/amazonaws/aws-java-sdk-core/1.12.661/aws-java-sdk-core-1.12.661.jar:/home/runner/.m2/repository/com/fasterxml/jackson/dataformat/jackson-dataformat-cbor/2.16.2/jackson-dataformat-cbor-2.16.2.jar:/home/runner/.m2/repository/joda-time/joda-time/2.12.7/joda-time-2.12.7.jar:/home/runner/.m2/repository/com/amazonaws/aws-java-sdk-s3/1.12.661/aws-java-sdk-s3-1.12.661.jar:/home/runner/.m2/repository/com/amazonaws/aws-java-sdk-kms/1.12.661/aws-java-sdk-kms-1.12.661.jar:/home/runner/.m2/repository/com/amazonaws/jmespath-java/1.12.661/jmespath-java-1.12.661.jar:/home/runner/.m2/repository/org/apache/ratis/ratis-shell/3.1.2/ratis-shell-3.1.2.jar:/home/runner/.m2/repository/org/apache/ratis/ratis-server/3.1.2/ratis-server-3.1.2.jar:/home/runner/.m2/repository/org/apache/ratis/ratis-metrics-api/3.1.2/ratis-metrics-api-3.1.2.jar:/home/runner/.m2/repository/org/hamcrest/hamcrest/2.2/hamcrest-2.2.jar:/home/runner/.m2/repository/org/slf4j/jul-to-slf4j/2.0.16/jul-to-slf4j-2.0.16.jar:/home/runner/.m2/repository/org/apache/commons/commons-lang3/3.17.0/commons-lang3-3.17.0.jar:/home/runner/.m2/repository/org/apache/hadoop/hadoop-common/3.4.1/hadoop-common-3.4.1-tests.jar:/home/runner/.m2/repository/org/apache/hadoop/thirdparty/hadoop-shaded-protobuf_3_25/1.3.0/hadoop-shaded-protobuf_3_25-1.3.0.jar:/home/runner/.m2/repository/org/apache/hadoop/hadoop-annotations/3.4.1/hadoop-annotations-3.4.1.jar:/home/runner/.m2/repository/org/apache/hadoop/thirdparty/hadoop-shaded-guava/1.3.0/hadoop-shaded-guava-1.3.0.jar:/home/runner/.m2/repository/org/apache/commons/commons-math3/3.6.1/commons-math3-3.6.1.jar:/home/runner/.m2/repository/commons-net/commons-net/3.11.1/commons-net-3.11.1.jar:/home/runner/.m2/repository/org/eclipse/jetty/jetty-server/9.4.57.v20241219/jetty-server-9.4.57.v20241219.jar:/home/runner/.m2/repository/javax/servlet/jsp/jsp-api/2.1/jsp-api-2.1.jar:/home/runner/.m2/repository/com/sun/jersey/jersey-core/1.19.4/jersey-core-1.19.4.jar:/home/runner/.m2/repository/javax/ws/rs/jsr311-api/1.1.1/jsr311-api-1.1.1.jar:/home/runner/.m2/repository/com/github/pjfanning/jersey-json/1.22.0/jersey-json-1.22.0.jar:/home/runner/.m2/repository/com/sun/xml/bind/jaxb-impl/2.2.3-1/jaxb-impl-2.2.3-1.jar:/home/runner/.m2/repository/org/codehaus/jettison/jettison/1.5.4/jettison-1.5.4.jar:/home/runner/.m2/repository/com/sun/jersey/jersey-server/1.19.4/jersey-server-1.19.4.jar:/home/runner/.m2/repository/commons-beanutils/commons-beanutils/1.9.4/commons-beanutils-1.9.4.jar:/home/runner/.m2/repository/org/apache/commons/commons-configuration2/2.11.0/commons-configuration2-2.11.0.jar:/home/runner/.m2/repository/org/apache/avro/avro/1.9.2/avro-1.9.2.jar:/home/runner/.m2/repository/com/google/re2j/re2j/1.7/re2j-1.7.jar:/home/runner/.m2/repository/com/google/code/gson/gson/2.10.1/gson-2.10.1.jar:/home/runner/.m2/repository/org/apache/hadoop/hadoop-auth/3.4.1/hadoop-auth-3.4.1.jar:/home/runner/.m2/repository/org/apache/curator/curator-framework/4.2.0/curator-framework-4.2.0.jar:/home/runner/.m2/repository/com/jcraft/jsch/0.1.55/jsch-0.1.55.jar:/home/runner/.m2/repository/org/apache/curator/curator-client/4.2.0/curator-client-4.2.0.jar:/home/runner/.m2/repository/org/apache/curator/curator-recipes/5.2.0/curator-recipes-5.2.0.jar:/home/runner/.m2/repository/com/google/code/findbugs/jsr305/3.0.2/jsr305-3.0.2.jar:/home/runner/.m2/repository/org/apache/zookeeper/zookeeper/3.8.4/zookeeper-3.8.4.jar:/home/runner/.m2/repository/org/apache/zookeeper/zookeeper-jute/3.8.4/zookeeper-jute-3.8.4.jar:/home/runner/.m2/repository/org/apache/yetus/audience-annotations/0.12.0/audience-annotations-0.12.0.jar:/home/runner/.m2/repository/io/netty/netty-transport-native-epoll/4.1.109.Final/netty-transport-native-epoll-4.1.109.Final.jar:/home/runner/.m2/repository/org/apache/kerby/kerb-core/1.0.1/kerb-core-1.0.1.jar:/home/runner/.m2/repository/org/apache/kerby/kerby-pkix/1.0.1/kerby-pkix-1.0.1.jar:/home/runner/.m2/repository/org/apache/kerby/kerby-asn1/1.0.1/kerby-asn1-1.0.1.jar:/home/runner/.m2/repository/org/codehaus/woodstox/stax2-api/4.2.2/stax2-api-4.2.2.jar:/home/runner/.m2/repository/com/fasterxml/woodstox/woodstox-core/5.4.0/woodstox-core-5.4.0.jar:/home/runner/.m2/repository/dnsjava/dnsjava/3.6.1/dnsjava-3.6.1.jar:/home/runner/.m2/repository/org/xerial/snappy/snappy-java/1.1.10.7/snappy-java-1.1.10.7.jar:/home/runner/.m2/repository/org/apache/hadoop/hadoop-distcp/3.4.1/hadoop-distcp-3.4.1.jar:/home/runner/.m2/repository/org/apache/hadoop/hadoop-distcp/3.4.1/hadoop-distcp-3.4.1-tests.jar:/home/runner/.m2/repository/org/apache/hadoop/hadoop-hdfs/3.4.1/hadoop-hdfs-3.4.1-tests.jar:/home/runner/.m2/repository/org/eclipse/jetty/jetty-util-ajax/9.4.57.v20241219/jetty-util-ajax-9.4.57.v20241219.jar:/home/runner/.m2/repository/commons-daemon/commons-daemon/1.4.0/commons-daemon-1.4.0.jar:/home/runner/.m2/repository/io/netty/netty-all/4.1.109.Final/netty-all-4.1.109.Final.jar:/home/runner/.m2/repository/io/netty/netty-codec-dns/4.1.109.Final/netty-codec-dns-4.1.109.Final.jar:/home/runner/.m2/repository/io/netty/netty-codec-haproxy/4.1.109.Final/netty-codec-haproxy-4.1.109.Final.jar:/home/runner/.m2/repository/io/netty/netty-codec-memcache/4.1.109.Final/netty-codec-memcache-4.1.109.Final.jar:/home/runner/.m2/repository/io/netty/netty-codec-mqtt/4.1.109.Final/netty-codec-mqtt-4.1.109.Final.jar:/home/runner/.m2/repository/io/netty/netty-codec-redis/4.1.109.Final/netty-codec-redis-4.1.109.Final.jar:/home/runner/.m2/repository/io/netty/netty-codec-smtp/4.1.109.Final/netty-codec-smtp-4.1.109.Final.jar:/home/runner/.m2/repository/io/netty/netty-codec-stomp/4.1.109.Final/netty-codec-stomp-4.1.109.Final.jar:/home/runner/.m2/repository/io/netty/netty-codec-xml/4.1.109.Final/netty-codec-xml-4.1.109.Final.jar:/home/runner/.m2/repository/io/netty/netty-handler-ssl-ocsp/4.1.109.Final/netty-handler-ssl-ocsp-4.1.109.Final.jar:/home/runner/.m2/repository/io/netty/netty-resolver-dns/4.1.109.Final/netty-resolver-dns-4.1.109.Final.jar:/home/runner/.m2/repository/io/netty/netty-transport-rxtx/4.1.109.Final/netty-transport-rxtx-4.1.109.Final.jar:/home/runner/.m2/repository/io/netty/netty-transport-sctp/4.1.109.Final/netty-transport-sctp-4.1.109.Final.jar:/home/runner/.m2/repository/io/netty/netty-transport-udt/4.1.109.Final/netty-transport-udt-4.1.109.Final.jar:/home/runner/.m2/repository/io/netty/netty-transport-classes-kqueue/4.1.109.Final/netty-transport-classes-kqueue-4.1.109.Final.jar:/home/runner/.m2/repository/io/netty/netty-resolver-dns-classes-macos/4.1.109.Final/netty-resolver-dns-classes-macos-4.1.109.Final.jar:/home/runner/.m2/repository/io/netty/netty-transport-native-epoll/4.1.109.Final/netty-transport-native-epoll-4.1.109.Final-linux-aarch_64.jar:/home/runner/.m2/repository/io/netty/netty-transport-native-epoll/4.1.109.Final/netty-transport-native-epoll-4.1.109.Final-linux-riscv64.jar:/home/runner/.m2/repository/io/netty/netty-transport-native-kqueue/4.1.109.Final/netty-transport-native-kqueue-4.1.109.Final-osx-x86_64.jar:/home/runner/.m2/repository/io/netty/netty-transport-native-kqueue/4.1.109.Final/netty-transport-native-kqueue-4.1.109.Final-osx-aarch_64.jar:/home/runner/.m2/repository/io/netty/netty-resolver-dns-native-macos/4.1.109.Final/netty-resolver-dns-native-macos-4.1.109.Final-osx-x86_64.jar:/home/runner/.m2/repository/io/netty/netty-resolver-dns-native-macos/4.1.109.Final/netty-resolver-dns-native-macos-4.1.109.Final-osx-aarch_64.jar:/home/runner/.m2/repository/org/fusesource/leveldbjni/leveldbjni-all/1.8/leveldbjni-all-1.8.jar:/home/runner/.m2/repository/org/apache/hadoop/hadoop-kms/3.4.1/hadoop-kms-3.4.1.jar:/home/runner/.m2/repository/org/apache/hadoop/hadoop-common/3.4.1/hadoop-common-3.4.1.jar:/home/runner/.m2/repository/org/apache/hadoop/hadoop-kms/3.4.1/hadoop-kms-3.4.1-tests.jar:/home/runner/.m2/repository/org/apache/hadoop/hadoop-mapreduce-client-core/3.4.1/hadoop-mapreduce-client-core-3.4.1.jar:/home/runner/.m2/repository/org/apache/hadoop/hadoop-yarn-client/3.4.1/hadoop-yarn-client-3.4.1.jar:/home/runner/.m2/repository/org/eclipse/jetty/websocket/websocket-client/9.4.53.v20231009/websocket-client-9.4.53.v20231009.jar:/home/runner/.m2/repository/org/eclipse/jetty/websocket/websocket-common/9.4.53.v20231009/websocket-common-9.4.53.v20231009.jar:/home/runner/.m2/repository/org/eclipse/jetty/websocket/websocket-api/9.4.53.v20231009/websocket-api-9.4.53.v20231009.jar:/home/runner/.m2/repository/org/apache/hadoop/hadoop-yarn-api/3.4.1/hadoop-yarn-api-3.4.1.jar:/home/runner/.m2/repository/org/apache/hadoop/hadoop-yarn-common/3.4.1/hadoop-yarn-common-3.4.1.jar:/home/runner/.m2/repository/javax/xml/bind/jaxb-api/2.2.11/jaxb-api-2.2.11.jar:/home/runner/.m2/repository/com/sun/jersey/contribs/jersey-guice/1.19.4/jersey-guice-1.19.4.jar:/home/runner/.m2/repository/com/fasterxml/jackson/jaxrs/jackson-jaxrs-json-provider/2.16.2/jackson-jaxrs-json-provider-2.16.2.jar:/home/runner/.m2/repository/com/fasterxml/jackson/jaxrs/jackson-jaxrs-base/2.16.2/jackson-jaxrs-base-2.16.2.jar:/home/runner/.m2/repository/org/apache/hadoop/hadoop-hdfs-client/3.4.1/hadoop-hdfs-client-3.4.1.jar:/home/runner/.m2/repository/org/apache/hadoop/hadoop-mapreduce-client-jobclient/3.4.1/hadoop-mapreduce-client-jobclient-3.4.1.jar:/home/runner/.m2/repository/org/apache/hadoop/hadoop-mapreduce-client-common/3.4.1/hadoop-mapreduce-client-common-3.4.1.jar:/home/runner/.m2/repository/org/apache/hadoop/hadoop-minikdc/3.4.1/hadoop-minikdc-3.4.1.jar:/home/runner/.m2/repository/org/apache/kerby/kerb-simplekdc/2.0.3/kerb-simplekdc-2.0.3.jar:/home/runner/.m2/repository/org/apache/kerby/kerb-client/2.0.3/kerb-client-2.0.3.jar:/home/runner/.m2/repository/org/apache/kerby/kerb-common/2.0.3/kerb-common-2.0.3.jar:/home/runner/.m2/repository/org/apache/kerby/token-provider/2.0.3/token-provider-2.0.3.jar:/home/runner/.m2/repository/org/apache/kerby/kerb-admin/2.0.3/kerb-admin-2.0.3.jar:/home/runner/.m2/repository/org/apache/kerby/kerb-server/2.0.3/kerb-server-2.0.3.jar:/home/runner/.m2/repository/org/apache/kerby/kerb-identity/2.0.3/kerb-identity-2.0.3.jar:/home/runner/.m2/repository/org/apache/kerby/kerby-xdr/2.0.3/kerby-xdr-2.0.3.jar:/home/runner/.m2/repository/junit/junit/4.13.2/junit-4.13.2.jar:/home/runner/.m2/repository/org/hamcrest/hamcrest-core/1.3/hamcrest-core-1.3.jar:/home/runner/work/ozone/ozone/hadoop-hdds/common/target/hdds-common-2.0.0-SNAPSHOT-tests.jar:/home/runner/.m2/repository/commons-validator/commons-validator/1.6/commons-validator-1.6.jar:/home/runner/.m2/repository/commons-digester/commons-digester/1.8.1/commons-digester-1.8.1.jar:/home/runner/.m2/repository/io/jaegertracing/jaeger-client/1.8.1/jaeger-client-1.8.1.jar:/home/runner/.m2/repository/io/jaegertracing/jaeger-thrift/1.8.1/jaeger-thrift-1.8.1.jar:/home/runner/.m2/repository/org/apache/thrift/libthrift/0.15.0/libthrift-0.15.0.jar:/home/runner/.m2/repository/com/squareup/okhttp3/okhttp/4.12.0/okhttp-4.12.0.jar:/home/runner/.m2/repository/com/squareup/okio/okio/3.6.0/okio-3.6.0.jar:/home/runner/.m2/repository/com/squareup/okio/okio-jvm/3.6.0/okio-jvm-3.6.0.jar:/home/runner/.m2/repository/org/jetbrains/kotlin/kotlin-stdlib-common/1.9.25/kotlin-stdlib-common-1.9.25.jar:/home/runner/.m2/repository/org/jetbrains/kotlin/kotlin-stdlib-jdk8/1.9.25/kotlin-stdlib-jdk8-1.9.25.jar:/home/runner/.m2/repository/org/jetbrains/kotlin/kotlin-stdlib-jdk7/1.9.25/kotlin-stdlib-jdk7-1.9.25.jar:/home/runner/.m2/repository/io/jaegertracing/jaeger-tracerresolver/1.8.1/jaeger-tracerresolver-1.8.1.jar:/home/runner/.m2/repository/io/opentracing/contrib/opentracing-tracerresolver/0.1.8/opentracing-tracerresolver-0.1.8.jar:/home/runner/.m2/repository/io/jaegertracing/jaeger-core/1.8.1/jaeger-core-1.8.1.jar:/home/runner/work/ozone/ozone/hadoop-hdds/annotations/target/hdds-annotation-processing-2.0.0-SNAPSHOT.jar:/home/runner/.m2/repository/org/apache/ratis/ratis-metrics-dropwizard3/3.1.2/ratis-metrics-dropwizard3-3.1.2.jar:/home/runner/.m2/repository/org/bouncycastle/bcutil-jdk18on/1.80/bcutil-jdk18on-1.80.jar:/home/runner/.m2/repository/org/jetbrains/kotlin/kotlin-stdlib/1.9.25/kotlin-stdlib-1.9.25.jar:/home/runner/.m2/repository/org/jetbrains/annotations/13.0/annotations-13.0.jar:/home/runner/.m2/repository/org/yaml/snakeyaml/2.0/snakeyaml-2.0.jar:/home/runner/work/ozone/ozone/hadoop-hdds/container-service/target/hdds-container-service-2.0.0-SNAPSHOT-tests.jar:/home/runner/.m2/repository/com/github/luben/zstd-jni/1.5.7-1/zstd-jni-1.5.7-1.jar:/home/runner/.m2/repository/io/netty/netty-buffer/4.1.109.Final/netty-buffer-4.1.109.Final.jar:/home/runner/.m2/repository/io/netty/netty-codec/4.1.109.Final/netty-codec-4.1.109.Final.jar:/home/runner/work/ozone/ozone/hadoop-hdds/framework/target/hdds-server-framework-2.0.0-SNAPSHOT-tests.jar:/home/runner/.m2/repository/com/github/jnr/jnr-constants/0.10.4/jnr-constants-0.10.4.jar:/home/runner/.m2/repository/com/github/jnr/jnr-posix/3.1.20/jnr-posix-3.1.20.jar:/home/runner/.m2/repository/com/github/jnr/jnr-ffi/2.2.17/jnr-ffi-2.2.17.jar:/home/runner/.m2/repository/com/github/jnr/jffi/1.3.13/jffi-1.3.13.jar:/home/runner/.m2/repository/com/github/jnr/jffi/1.3.13/jffi-1.3.13-native.jar:/home/runner/.m2/repository/org/ow2/asm/asm/9.7.1/asm-9.7.1.jar:/home/runner/.m2/repository/org/ow2/asm/asm-commons/9.7.1/asm-commons-9.7.1.jar:/home/runner/.m2/repository/org/ow2/asm/asm-analysis/9.7.1/asm-analysis-9.7.1.jar:/home/runner/.m2/repository/org/ow2/asm/asm-tree/9.7.1/asm-tree-9.7.1.jar:/home/runner/.m2/repository/org/ow2/asm/asm-util/9.7.1/asm-util-9.7.1.jar:/home/runner/.m2/repository/com/github/jnr/jnr-a64asm/1.0.0/jnr-a64asm-1.0.0.jar:/home/runner/.m2/repository/com/github/jnr/jnr-x86asm/1.0.2/jnr-x86asm-1.0.2.jar:/home/runner/.m2/repository/commons-fileupload/commons-fileupload/1.5/commons-fileupload-1.5.jar:/home/runner/.m2/repository/commons-logging/commons-logging/1.2/commons-logging-1.2.jar:/home/runner/.m2/repository/io/prometheus/simpleclient/0.16.0/simpleclient-0.16.0.jar:/home/runner/.m2/repository/io/prometheus/simpleclient_common/0.16.0/simpleclient_common-0.16.0.jar:/home/runner/.m2/repository/io/prometheus/simpleclient_dropwizard/0.16.0/simpleclient_dropwizard-0.16.0.jar:/home/runner/.m2/repository/org/apache/logging/log4j/log4j-core/2.24.2/log4j-core-2.24.2.jar:/home/runner/.m2/repository/org/eclipse/jetty/jetty-http/9.4.57.v20241219/jetty-http-9.4.57.v20241219.jar:/home/runner/.m2/repository/com/lmax/disruptor/3.4.4/disruptor-3.4.4.jar:/home/runner/work/ozone/ozone/hadoop-hdds/server-scm/target/hdds-server-scm-2.0.0-SNAPSHOT-tests.jar:/home/runner/work/ozone/ozone/hadoop-hdds/test-utils/target/hdds-test-utils-2.0.0-SNAPSHOT.jar:/home/runner/work/ozone/ozone/hadoop-ozone/ozone-manager/target/ozone-manager-2.0.0-SNAPSHOT-tests.jar:/home/runner/.m2/repository/org/assertj/assertj-core/3.27.3/assertj-core-3.27.3.jar:/home/runner/.m2/repository/net/bytebuddy/byte-buddy/1.15.11/byte-buddy-1.15.11.jar:/home/runner/.m2/repository/org/junit/jupiter/junit-jupiter-api/5.12.0/junit-jupiter-api-5.12.0.jar:/home/runner/.m2/repository/org/opentest4j/opentest4j/1.3.0/opentest4j-1.3.0.jar:/home/runner/.m2/repository/org/junit/platform/junit-platform-commons/1.12.0/junit-platform-commons-1.12.0.jar:/home/runner/.m2/repository/org/apiguardian/apiguardian-api/1.1.2/apiguardian-api-1.1.2.jar:/home/runner/.m2/repository/org/junit/jupiter/junit-jupiter-params/5.12.0/junit-jupiter-params-5.12.0.jar:/home/runner/.m2/repository/org/mockito/mockito-core/4.11.0/mockito-core-4.11.0.jar:/home/runner/.m2/repository/net/bytebuddy/byte-buddy-agent/1.12.19/byte-buddy-agent-1.12.19.jar:/home/runner/.m2/repository/org/objenesis/objenesis/3.3/objenesis-3.3.jar:/home/runner/.m2/repository/org/mockito/mockito-inline/4.11.0/mockito-inline-4.11.0.jar:/home/runner/.m2/repository/org/mockito/mockito-junit-jupiter/4.11.0/mockito-junit-jupiter-4.11.0.jar:/home/runner/work/ozone/ozone/hadoop-ozone/integration-test/target/gradle-enterprise/test-listeners.jar:"/>
    <property name="sun.cpu.endian" value="little"/>
    <property name="user.home" value="/home/runner"/>
    <property name="user.language" value="en"/>
    <property name="java.specification.vendor" value="Oracle Corporation"/>
    <property name="skipRecon" value="true"/>
    <property name="java.version.date" value="2025-01-21"/>
    <property name="java.home" value="/usr/lib/jvm/temurin-21-jdk-amd64"/>
    <property name="java.security.krb5.conf" value="/home/runner/work/ozone/ozone/hadoop-ozone/integration-test/target/test-classes/krb5.conf"/>
    <property name="file.separator" value="/"/>
    <property name="basedir" value="/home/runner/work/ozone/ozone/hadoop-ozone/integration-test"/>
    <property name="java.vm.compressedOopsMode" value="Zero based"/>
    <property name="line.separator" value="&#10;"/>
    <property name="java.vm.specification.vendor" value="Oracle Corporation"/>
    <property name="java.specification.name" value="Java Platform API Specification"/>
    <property name="surefire.real.class.path" value="/home/runner/work/ozone/ozone/hadoop-ozone/integration-test/target/surefire/surefirebooter-20250225135619952_973.jar"/>
    <property name="hadoop.log.dir" value="/home/runner/work/ozone/ozone/hadoop-ozone/integration-test/target/log"/>
    <property name="sun.management.compiler" value="HotSpot 64-Bit Tiered Compilers"/>
    <property name="skipShade" value="true"/>
    <property name="java.runtime.version" value="21.0.6+7-LTS"/>
    <property name="user.name" value="runner"/>
    <property name="java.net.preferIPv4Stack" value="true"/>
    <property name="stdout.encoding" value="UTF-8"/>
    <property name="path.separator" value=":"/>
    <property name="java.security.egd" value="file:///dev/urandom"/>
    <property name="os.version" value="6.8.0-1021-azure"/>
    <property name="java.runtime.name" value="OpenJDK Runtime Environment"/>
    <property name="com.gradle.maven.scan.extension.test.listener.junitplatform.NestedExecutionSafeDelegatingTestExecutionListener" value="4dc8caa7"/>
    <property name="file.encoding" value="UTF-8"/>
    <property name="java.vm.name" value="OpenJDK 64-Bit Server VM"/>
    <property name="java.vendor.version" value="Temurin-21.0.6+7"/>
    <property name="test.build.webapps" value=""/>
    <property name="develocity.listener.surefire.forkId" value="1"/>
    <property name="localRepository" value="/home/runner/.m2/repository"/>
    <property name="java.vendor.url.bug" value="https://github.com/adoptium/adoptium-support/issues"/>
    <property name="jetty.git.hash" value="df524e6b29271c2e09ba9aea83c18dc9db464a31"/>
    <property name="java.io.tmpdir" value="/tmp"/>
    <property name="require.test.libhadoop" value=""/>
    <property name="java.version" value="21.0.6"/>
    <property name="user.dir" value="/home/runner/work/ozone/ozone/hadoop-ozone/integration-test"/>
    <property name="os.arch" value="amd64"/>
    <property name="java.vm.specification.name" value="Java Virtual Machine Specification"/>
    <property name="test.build.classes" value="/home/runner/work/ozone/ozone/hadoop-ozone/integration-test/target/test-classes"/>
    <property name="org.apache.ratis.thirdparty.io.netty.allocator.useCacheForAllThreads" value="false"/>
    <property name="native.encoding" value="UTF-8"/>
    <property name="hadoop.tmp.dir" value="/home/runner/work/ozone/ozone/hadoop-ozone/integration-test/target/tmp"/>
    <property name="java.library.path" value="/usr/java/packages/lib:/usr/lib64:/lib64:/lib:/usr/lib"/>
    <property name="java.vm.info" value="mixed mode, sharing"/>
    <property name="stderr.encoding" value="UTF-8"/>
    <property name="java.vendor" value="Eclipse Adoptium"/>
    <property name="java.vm.version" value="21.0.6+7-LTS"/>
    <property name="sun.io.unicode.encoding" value="UnicodeLittle"/>
    <property name="develocity.listener.port" value="37237"/>
    <property name="java.class.version" value="65.0"/>
  </properties>
  <testcase name="testDatanodeUsageInfoContainerCount" classname="org.apache.ozone.test.NonHATests$ContainerOperations" time="0.025">
    <system-out><![CDATA[2025-02-25 14:20:43,514 [main] INFO  proxy.SCMContainerLocationFailoverProxyProvider (SCMFailoverProxyProviderBase.java:<init>(120)) - Created fail-over proxy for protocol StorageContainerLocationProtocolPB with 1 nodes: [nodeId=scmNodeId,nodeAddress=/0.0.0.0:15000]
2025-02-25 14:20:43,517 [main] INFO  proxy.SecretKeyProtocolFailoverProxyProvider (SCMFailoverProxyProviderBase.java:<init>(120)) - Created fail-over proxy for protocol SecretKeyProtocolScmPB with 1 nodes: [nodeId=scmNodeId,nodeAddress=/0.0.0.0:9961]
]]></system-out>
  </testcase>
  <testcase name="testListContainerExceedMaxAllowedCountOperations" classname="org.apache.ozone.test.NonHATests$ContainerOperations" time="0.042">
    <system-out><![CDATA[2025-02-25 14:20:43,584 [main] WARN  cli.ContainerOperationClient (ContainerOperationClient.java:listContainer(349)) - Attempting to list 2 containers. However, this exceeds the cluster's current limit of 1. The results will be capped at the maximum allowed count.
]]></system-out>
  </testcase>
  <testcase name="testHealthyNodesCount" classname="org.apache.ozone.test.NonHATests$ContainerOperations" time="0.011"/>
  <testcase name="testNodeOperationalStates" classname="org.apache.ozone.test.NonHATests$ContainerOperations" time="0.026">
    <system-out><![CDATA[2025-02-25 14:20:43,606 [EventQueue-HealthyReadonlyToHealthyNodeForReadOnlyHealthyToHealthyNodeHandler] INFO  node.ReadOnlyHealthyToHealthyNodeHandler (ReadOnlyHealthyToHealthyNodeHandler.java:onMessage(51)) - Datanode 6f339c6d-ba4b-40de-9593-05d751b3d64d(localhost/127.0.0.1) moved to HEALTHY state.
2025-02-25 14:20:43,607 [EventQueue-HealthyReadonlyToHealthyNodeForReadOnlyHealthyToHealthyNodeHandler] INFO  pipeline.BackgroundPipelineCreator (BackgroundPipelineCreator.java:notifyEventTriggered(291)) - trigger a one-shot run on RatisPipelineUtilsThread.
2025-02-25 14:20:43,609 [RatisPipelineUtilsThread-0] INFO  pipeline.RatisPipelineProvider (RatisPipelineProvider.java:lambda$create$0(203)) - Sending CreatePipelineCommand for pipeline:PipelineID=f17a7a61-75da-4801-9080-48837adf0ab3 to datanode:ea4ad806-8ee9-4fb9-9dce-2788455564d3
2025-02-25 14:20:43,612 [RatisPipelineUtilsThread-0] INFO  pipeline.BackgroundPipelineCreator (BackgroundPipelineCreator.java:createPipelines(247)) - Created new pipeline Pipeline[ Id: f17a7a61-75da-4801-9080-48837adf0ab3, Nodes: ea4ad806-8ee9-4fb9-9dce-2788455564d3(localhost/127.0.0.1) ReplicaIndex: 0, ReplicationConfig: RATIS/ONE, State:ALLOCATED, leaderId:, CreationTimestamp2025-02-25T14:20:43.609626601Z[Etc/UTC]]
2025-02-25 14:20:43,613 [RatisPipelineUtilsThread-0] INFO  pipeline.RatisPipelineProvider (RatisPipelineProvider.java:lambda$create$0(203)) - Sending CreatePipelineCommand for pipeline:PipelineID=e9f46249-b705-4fd7-9186-4a48f8ee2848 to datanode:032c8b1c-a843-4a9d-a39a-9c5a3fe2fd36
2025-02-25 14:20:43,613 [RatisPipelineUtilsThread-0] INFO  pipeline.RatisPipelineProvider (RatisPipelineProvider.java:lambda$create$0(203)) - Sending CreatePipelineCommand for pipeline:PipelineID=e9f46249-b705-4fd7-9186-4a48f8ee2848 to datanode:ea4ad806-8ee9-4fb9-9dce-2788455564d3
2025-02-25 14:20:43,613 [RatisPipelineUtilsThread-0] INFO  pipeline.RatisPipelineProvider (RatisPipelineProvider.java:lambda$create$0(203)) - Sending CreatePipelineCommand for pipeline:PipelineID=e9f46249-b705-4fd7-9186-4a48f8ee2848 to datanode:f0de3bb0-eb83-4e2a-a791-08d5bd07359b
2025-02-25 14:20:43,616 [RatisPipelineUtilsThread-0] INFO  pipeline.BackgroundPipelineCreator (BackgroundPipelineCreator.java:createPipelines(247)) - Created new pipeline Pipeline[ Id: e9f46249-b705-4fd7-9186-4a48f8ee2848, Nodes: 032c8b1c-a843-4a9d-a39a-9c5a3fe2fd36(localhost/127.0.0.1) ReplicaIndex: 0ea4ad806-8ee9-4fb9-9dce-2788455564d3(localhost/127.0.0.1) ReplicaIndex: 0f0de3bb0-eb83-4e2a-a791-08d5bd07359b(localhost/127.0.0.1) ReplicaIndex: 0, ReplicationConfig: RATIS/THREE, State:ALLOCATED, leaderId:, CreationTimestamp2025-02-25T14:20:43.613357305Z[Etc/UTC]]
2025-02-25 14:20:43,617 [RatisPipelineUtilsThread-0] INFO  pipeline.RatisPipelineProvider (RatisPipelineProvider.java:lambda$create$0(203)) - Sending CreatePipelineCommand for pipeline:PipelineID=2682c8c2-9826-4fde-88db-c5ad75a7c03d to datanode:032c8b1c-a843-4a9d-a39a-9c5a3fe2fd36
2025-02-25 14:20:43,618 [RatisPipelineUtilsThread-0] INFO  pipeline.RatisPipelineProvider (RatisPipelineProvider.java:lambda$create$0(203)) - Sending CreatePipelineCommand for pipeline:PipelineID=2682c8c2-9826-4fde-88db-c5ad75a7c03d to datanode:ea4ad806-8ee9-4fb9-9dce-2788455564d3
2025-02-25 14:20:43,618 [RatisPipelineUtilsThread-0] INFO  pipeline.RatisPipelineProvider (RatisPipelineProvider.java:lambda$create$0(203)) - Sending CreatePipelineCommand for pipeline:PipelineID=2682c8c2-9826-4fde-88db-c5ad75a7c03d to datanode:eb7d9a89-7041-4665-a693-2d62dcb81886
2025-02-25 14:20:43,621 [EventQueue-HealthyReadonlyToHealthyNodeForReadOnlyHealthyToHealthyNodeHandler] INFO  node.ReadOnlyHealthyToHealthyNodeHandler (ReadOnlyHealthyToHealthyNodeHandler.java:onMessage(51)) - Datanode 6f339c6d-ba4b-40de-9593-05d751b3d64d(localhost/127.0.0.1) moved to HEALTHY state.
2025-02-25 14:20:43,621 [EventQueue-HealthyReadonlyToHealthyNodeForReadOnlyHealthyToHealthyNodeHandler] INFO  pipeline.BackgroundPipelineCreator (BackgroundPipelineCreator.java:notifyEventTriggered(291)) - trigger a one-shot run on RatisPipelineUtilsThread.
2025-02-25 14:20:43,622 [RatisPipelineUtilsThread-0] INFO  pipeline.BackgroundPipelineCreator (BackgroundPipelineCreator.java:createPipelines(247)) - Created new pipeline Pipeline[ Id: 2682c8c2-9826-4fde-88db-c5ad75a7c03d, Nodes: 032c8b1c-a843-4a9d-a39a-9c5a3fe2fd36(localhost/127.0.0.1) ReplicaIndex: 0ea4ad806-8ee9-4fb9-9dce-2788455564d3(localhost/127.0.0.1) ReplicaIndex: 0eb7d9a89-7041-4665-a693-2d62dcb81886(localhost/127.0.0.1) ReplicaIndex: 0, ReplicationConfig: RATIS/THREE, State:ALLOCATED, leaderId:, CreationTimestamp2025-02-25T14:20:43.617419670Z[Etc/UTC]]
2025-02-25 14:20:43,623 [RatisPipelineUtilsThread-0] INFO  pipeline.RatisPipelineProvider (RatisPipelineProvider.java:lambda$create$0(203)) - Sending CreatePipelineCommand for pipeline:PipelineID=a2a0039c-09ba-42fa-97a9-a5e6e23a4e36 to datanode:6f339c6d-ba4b-40de-9593-05d751b3d64d
2025-02-25 14:20:43,624 [EventQueue-HealthyReadonlyToHealthyNodeForReadOnlyHealthyToHealthyNodeHandler] INFO  node.ReadOnlyHealthyToHealthyNodeHandler (ReadOnlyHealthyToHealthyNodeHandler.java:onMessage(51)) - Datanode 6f339c6d-ba4b-40de-9593-05d751b3d64d(localhost/127.0.0.1) moved to HEALTHY state.
2025-02-25 14:20:43,624 [EventQueue-HealthyReadonlyToHealthyNodeForReadOnlyHealthyToHealthyNodeHandler] INFO  pipeline.BackgroundPipelineCreator (BackgroundPipelineCreator.java:notifyEventTriggered(291)) - trigger a one-shot run on RatisPipelineUtilsThread.
2025-02-25 14:20:43,626 [EventQueue-HealthyReadonlyToHealthyNodeForReadOnlyHealthyToHealthyNodeHandler] INFO  node.ReadOnlyHealthyToHealthyNodeHandler (ReadOnlyHealthyToHealthyNodeHandler.java:onMessage(51)) - Datanode 6f339c6d-ba4b-40de-9593-05d751b3d64d(localhost/127.0.0.1) moved to HEALTHY state.
2025-02-25 14:20:43,626 [EventQueue-HealthyReadonlyToHealthyNodeForReadOnlyHealthyToHealthyNodeHandler] INFO  pipeline.BackgroundPipelineCreator (BackgroundPipelineCreator.java:notifyEventTriggered(291)) - trigger a one-shot run on RatisPipelineUtilsThread.
2025-02-25 14:20:43,626 [RatisPipelineUtilsThread-0] INFO  pipeline.BackgroundPipelineCreator (BackgroundPipelineCreator.java:createPipelines(247)) - Created new pipeline Pipeline[ Id: a2a0039c-09ba-42fa-97a9-a5e6e23a4e36, Nodes: 6f339c6d-ba4b-40de-9593-05d751b3d64d(localhost/127.0.0.1) ReplicaIndex: 0, ReplicationConfig: RATIS/ONE, State:ALLOCATED, leaderId:, CreationTimestamp2025-02-25T14:20:43.623961982Z[Etc/UTC]]
2025-02-25 14:20:43,627 [EventQueue-HealthyReadonlyToHealthyNodeForReadOnlyHealthyToHealthyNodeHandler] INFO  node.ReadOnlyHealthyToHealthyNodeHandler (ReadOnlyHealthyToHealthyNodeHandler.java:onMessage(51)) - Datanode 6f339c6d-ba4b-40de-9593-05d751b3d64d(localhost/127.0.0.1) moved to HEALTHY state.
2025-02-25 14:20:43,627 [EventQueue-HealthyReadonlyToHealthyNodeForReadOnlyHealthyToHealthyNodeHandler] INFO  pipeline.BackgroundPipelineCreator (BackgroundPipelineCreator.java:notifyEventTriggered(291)) - trigger a one-shot run on RatisPipelineUtilsThread.
2025-02-25 14:20:43,629 [EventQueue-HealthyReadonlyToHealthyNodeForReadOnlyHealthyToHealthyNodeHandler] INFO  node.ReadOnlyHealthyToHealthyNodeHandler (ReadOnlyHealthyToHealthyNodeHandler.java:onMessage(51)) - Datanode 6f339c6d-ba4b-40de-9593-05d751b3d64d(localhost/127.0.0.1) moved to HEALTHY state.
2025-02-25 14:20:43,629 [EventQueue-HealthyReadonlyToHealthyNodeForReadOnlyHealthyToHealthyNodeHandler] INFO  pipeline.BackgroundPipelineCreator (BackgroundPipelineCreator.java:notifyEventTriggered(291)) - trigger a one-shot run on RatisPipelineUtilsThread.
2025-02-25 14:20:43,630 [EventQueue-HealthyReadonlyToHealthyNodeForReadOnlyHealthyToHealthyNodeHandler] INFO  node.ReadOnlyHealthyToHealthyNodeHandler (ReadOnlyHealthyToHealthyNodeHandler.java:onMessage(51)) - Datanode 6f339c6d-ba4b-40de-9593-05d751b3d64d(localhost/127.0.0.1) moved to HEALTHY state.
2025-02-25 14:20:43,630 [EventQueue-HealthyReadonlyToHealthyNodeForReadOnlyHealthyToHealthyNodeHandler] INFO  pipeline.BackgroundPipelineCreator (BackgroundPipelineCreator.java:notifyEventTriggered(291)) - trigger a one-shot run on RatisPipelineUtilsThread.
]]></system-out>
  </testcase>
  <testcase name="testDatanodeUsageInfoCompatibility" classname="org.apache.ozone.test.NonHATests$ContainerOperations" time="0.006"/>
  <testcase name="testGetPipeline" classname="org.apache.ozone.test.NonHATests$ContainerOperations" time="0.017">
    <system-out><![CDATA[2025-02-25 14:20:43,644 [IPC Server handler 48 on default port 15000] INFO  ipc.Server (Server.java:logException(3260)) - IPC Server handler 48 on default port 15000, call Call#2261 Retry#0 org.apache.hadoop.hdds.scm.protocol.StorageContainerLocationProtocol.submitRequest from 127.0.0.1:56792
org.apache.hadoop.hdds.scm.pipeline.PipelineNotFoundException: PipelineID=8b6a464f-4aa4-41db-99a5-367d9640a448 not found
	at org.apache.hadoop.hdds.scm.pipeline.PipelineStateMap.getPipeline(PipelineStateMap.java:150)
	at org.apache.hadoop.hdds.scm.pipeline.PipelineStateManagerImpl.getPipeline(PipelineStateManagerImpl.java:135)
	at java.base/jdk.internal.reflect.DirectMethodHandleAccessor.invoke(DirectMethodHandleAccessor.java:103)
	at java.base/java.lang.reflect.Method.invoke(Method.java:580)
	at org.apache.hadoop.hdds.scm.ha.SCMHAInvocationHandler.invokeLocal(SCMHAInvocationHandler.java:91)
	at org.apache.hadoop.hdds.scm.ha.SCMHAInvocationHandler.invoke(SCMHAInvocationHandler.java:74)
	at jdk.proxy2/jdk.proxy2.$Proxy50.getPipeline(Unknown Source)
	at org.apache.hadoop.hdds.scm.pipeline.PipelineManagerImpl.getPipeline(PipelineManagerImpl.java:333)
	at org.apache.hadoop.hdds.scm.server.SCMClientProtocolServer.getPipeline(SCMClientProtocolServer.java:749)
	at org.apache.hadoop.hdds.scm.protocol.StorageContainerLocationProtocolServerSideTranslatorPB.getPipeline(StorageContainerLocationProtocolServerSideTranslatorPB.java:968)
	at org.apache.hadoop.hdds.scm.protocol.StorageContainerLocationProtocolServerSideTranslatorPB.processRequest(StorageContainerLocationProtocolServerSideTranslatorPB.java:615)
	at org.apache.hadoop.hdds.server.OzoneProtocolMessageDispatcher.processRequest(OzoneProtocolMessageDispatcher.java:87)
	at org.apache.hadoop.hdds.scm.protocol.StorageContainerLocationProtocolServerSideTranslatorPB.submitRequest(StorageContainerLocationProtocolServerSideTranslatorPB.java:233)
	at org.apache.hadoop.hdds.protocol.proto.StorageContainerLocationProtocolProtos$StorageContainerLocationProtocolService$2.callBlockingMethod(StorageContainerLocationProtocolProtos.java)
	at org.apache.hadoop.ipc.ProtobufRpcEngine$Server.processCall(ProtobufRpcEngine.java:484)
	at org.apache.hadoop.ipc.ProtobufRpcEngine2$Server$ProtoBufRpcInvoker.call(ProtobufRpcEngine2.java:595)
	at org.apache.hadoop.ipc.ProtobufRpcEngine2$Server$ProtoBufRpcInvoker.call(ProtobufRpcEngine2.java:573)
	at org.apache.hadoop.ipc.RPC$Server.call(RPC.java:1227)
	at org.apache.hadoop.ipc.Server$RpcCall.run(Server.java:1246)
	at org.apache.hadoop.ipc.Server$RpcCall.run(Server.java:1169)
	at java.base/java.security.AccessController.doPrivileged(AccessController.java:714)
	at java.base/javax.security.auth.Subject.doAs(Subject.java:525)
	at org.apache.hadoop.security.UserGroupInformation.doAs(UserGroupInformation.java:1953)
	at org.apache.hadoop.ipc.Server$Handler.run(Server.java:3198)
]]></system-out>
  </testcase>
  <testcase name="testCreate" classname="org.apache.ozone.test.NonHATests$ContainerOperations" time="0.021"/>
  <testcase name="testContainerStateMachineIdempotency" classname="org.apache.ozone.test.NonHATests$ContainerOperations" time="300.005">
    <error message="testContainerStateMachineIdempotency() timed out after 300 seconds" type="java.util.concurrent.TimeoutException"><![CDATA[java.util.concurrent.TimeoutException: testContainerStateMachineIdempotency() timed out after 300 seconds
	at java.base/java.util.ArrayList.forEach(ArrayList.java:1596)
	at java.base/java.util.ArrayList.forEach(ArrayList.java:1596)
	at java.base/java.util.ArrayList.forEach(ArrayList.java:1596)
	Suppressed: java.io.IOException: Failed to execute command cmdType: WriteChunk
containerID: 48
datanodeUuid: "032c8b1c-a843-4a9d-a39a-9c5a3fe2fd36"
writeChunk {
  blockID {
    containerID: 48
    localID: 114064965220237466
    blockCommitSequenceId: 0
  }
  chunkData {
    chunkName: "114064965220237466.data.0"
    offset: 0
    len: 0
    checksumData {
      type: CRC32
      bytesPerChecksum: 1048576
    }
  }
  data: "<redacted>"
}

		at org.apache.hadoop.hdds.scm.XceiverClientSpi.getIOExceptionForSendCommand(XceiverClientSpi.java:151)
		at org.apache.hadoop.hdds.scm.XceiverClientSpi.sendCommand(XceiverClientSpi.java:115)
		at org.apache.hadoop.hdds.scm.TestContainerOperations.testContainerStateMachineIdempotency(TestContainerOperations.java:104)
		at java.base/java.lang.reflect.Method.invoke(Method.java:580)
		... 3 more
	Caused by: java.lang.InterruptedException
		at java.base/java.util.concurrent.CompletableFuture.reportGet(CompletableFuture.java:386)
		at java.base/java.util.concurrent.CompletableFuture.get(CompletableFuture.java:2073)
		at org.apache.hadoop.hdds.scm.XceiverClientSpi.sendCommand(XceiverClientSpi.java:111)
		... 5 more
]]></error>
    <system-out><![CDATA[2025-02-25 14:20:43,738 [grpc-default-executor-1] ERROR impl.OrderedAsync (OrderedAsync.java:lambda$null$6(215)) -  client-10E0445BB839: Failed* RaftClientRequest:client-10E0445BB839->032c8b1c-a843-4a9d-a39a-9c5a3fe2fd36@group-741317190473, cid=412, seq=2, RW, cmdType: WriteChunk
traceID: ""
containerID: 48
datanodeUuid: "032c8b1c-a843-4a9d-a39a-9c5a3fe2fd36"
writeChunk {
  blockID {
    containerID: 48
    localID: 114064965220237466
    blockCommitSequenceId: 0
  }
  chunkData {
    chunkName: "114064965220237466.data.0"
    offset: 0
    len: 0
    checksumData {
      type: CRC32
      bytesPerChecksum: 1048576
    }
  }
}
version: 3
, data.size=0
java.util.concurrent.CompletionException: java.io.IOException: java.lang.IllegalArgumentException
	at java.base/java.util.concurrent.CompletableFuture.encodeThrowable(CompletableFuture.java:332)
	at java.base/java.util.concurrent.CompletableFuture.completeThrowable(CompletableFuture.java:347)
	at java.base/java.util.concurrent.CompletableFuture$UniAccept.tryFire(CompletableFuture.java:708)
	at java.base/java.util.concurrent.CompletableFuture.postComplete(CompletableFuture.java:510)
	at java.base/java.util.concurrent.CompletableFuture.completeExceptionally(CompletableFuture.java:2194)
	at org.apache.ratis.grpc.client.GrpcClientProtocolClient$AsyncStreamObservers.completeReplyExceptionally(GrpcClientProtocolClient.java:397)
	at org.apache.ratis.grpc.client.GrpcClientProtocolClient$AsyncStreamObservers.access$000(GrpcClientProtocolClient.java:303)
	at org.apache.ratis.grpc.client.GrpcClientProtocolClient$AsyncStreamObservers$1.onError(GrpcClientProtocolClient.java:334)
	at org.apache.ratis.thirdparty.io.grpc.stub.ClientCalls$StreamObserverToCallListenerAdapter.onClose(ClientCalls.java:481)
	at org.apache.ratis.thirdparty.io.grpc.PartialForwardingClientCallListener.onClose(PartialForwardingClientCallListener.java:39)
	at org.apache.ratis.thirdparty.io.grpc.ForwardingClientCallListener.onClose(ForwardingClientCallListener.java:23)
	at org.apache.ratis.grpc.metrics.intercept.client.MetricClientCallListener.onClose(MetricClientCallListener.java:47)
	at org.apache.ratis.thirdparty.io.grpc.internal.ClientCallImpl.closeObserver(ClientCallImpl.java:567)
	at org.apache.ratis.thirdparty.io.grpc.internal.ClientCallImpl.access$300(ClientCallImpl.java:71)
	at org.apache.ratis.thirdparty.io.grpc.internal.ClientCallImpl$ClientStreamListenerImpl$1StreamClosed.runInternal(ClientCallImpl.java:735)
	at org.apache.ratis.thirdparty.io.grpc.internal.ClientCallImpl$ClientStreamListenerImpl$1StreamClosed.runInContext(ClientCallImpl.java:716)
	at org.apache.ratis.thirdparty.io.grpc.internal.ContextRunnable.run(ContextRunnable.java:37)
	at org.apache.ratis.thirdparty.io.grpc.internal.SerializingExecutor.run(SerializingExecutor.java:133)
	at java.base/java.util.concurrent.ThreadPoolExecutor.runWorker(ThreadPoolExecutor.java:1144)
	at java.base/java.util.concurrent.ThreadPoolExecutor$Worker.run(ThreadPoolExecutor.java:642)
	at java.base/java.lang.Thread.run(Thread.java:1583)
Caused by: java.io.IOException: java.lang.IllegalArgumentException
	at org.apache.ratis.grpc.GrpcUtil.unwrapException(GrpcUtil.java:99)
	at org.apache.ratis.grpc.GrpcUtil.unwrapIOException(GrpcUtil.java:159)
	at org.apache.ratis.grpc.client.GrpcClientProtocolClient$AsyncStreamObservers$1.onError(GrpcClientProtocolClient.java:333)
	... 13 more
Caused by: java.lang.IllegalArgumentException
	at com.google.common.base.Preconditions.checkArgument(Preconditions.java:129)
	at org.apache.hadoop.ozone.container.common.transport.server.ratis.ContainerStateMachine.startTransaction(ContainerStateMachine.java:461)
	at org.apache.ratis.server.impl.RaftServerImpl.writeAsyncImpl(RaftServerImpl.java:973)
	at org.apache.ratis.server.impl.RaftServerImpl.writeAsync(RaftServerImpl.java:946)
	at org.apache.ratis.server.impl.RaftServerImpl.replyFuture(RaftServerImpl.java:939)
	at org.apache.ratis.server.impl.RaftServerImpl.submitClientRequestAsync(RaftServerImpl.java:916)
	at org.apache.ratis.server.impl.RaftServerImpl.lambda$null$11(RaftServerImpl.java:905)
	at org.apache.ratis.util.JavaUtils.callAsUnchecked(JavaUtils.java:118)
	at org.apache.ratis.server.impl.RaftServerImpl.lambda$executeSubmitClientRequestAsync$12(RaftServerImpl.java:905)
	at java.base/java.util.concurrent.CompletableFuture$AsyncSupply.run(CompletableFuture.java:1768)
	... 3 more
2025-02-25 14:20:44,017 [6f339c6d-ba4b-40de-9593-05d751b3d64d-CloseContainerThread-1] INFO  commandhandler.CloseContainerCommandHandler (CloseContainerCommandHandler.java:lambda$handle$0(105)) - Container #15 does not exist in datanode. Its pipeline may have closed before it was created. Container close failed.
2025-02-25 14:20:44,023 [eb7d9a89-7041-4665-a693-2d62dcb81886-CloseContainerThread-2] INFO  commandhandler.CloseContainerCommandHandler (CloseContainerCommandHandler.java:lambda$handle$0(154)) - Follower cannot close container #9.
2025-02-25 14:20:44,024 [f0de3bb0-eb83-4e2a-a791-08d5bd07359b-CloseContainerThread-0] INFO  commandhandler.CloseContainerCommandHandler (CloseContainerCommandHandler.java:lambda$handle$0(154)) - Follower cannot close container #12.
2025-02-25 14:20:44,025 [f0de3bb0-eb83-4e2a-a791-08d5bd07359b-CloseContainerThread-2] INFO  commandhandler.CloseContainerCommandHandler (CloseContainerCommandHandler.java:lambda$handle$0(154)) - Follower cannot close container #9.
2025-02-25 14:20:44,027 [eb7d9a89-7041-4665-a693-2d62dcb81886-CloseContainerThread-1] INFO  commandhandler.CloseContainerCommandHandler (CloseContainerCommandHandler.java:lambda$handle$0(154)) - Follower cannot close container #12.
2025-02-25 14:20:44,031 [6f339c6d-ba4b-40de-9593-05d751b3d64d-ContainerOp-f7eed6b2-3a03-471e-8211-a050b95b3b09-2] INFO  keyvalue.KeyValueContainer (KeyValueContainer.java:flushAndSyncDB(526)) - Container 13 is synced with bcsId 2.
2025-02-25 14:20:44,031 [6f339c6d-ba4b-40de-9593-05d751b3d64d-ContainerOp-f7eed6b2-3a03-471e-8211-a050b95b3b09-2] INFO  keyvalue.KeyValueContainer (KeyValueContainer.java:flushAndSyncDB(526)) - Container 13 is synced with bcsId 2.
2025-02-25 14:20:44,036 [grpc-default-executor-4] INFO  server.RaftServer (RaftServerProxy.java:remove(111)) - 6f339c6d-ba4b-40de-9593-05d751b3d64d: remove    LEADER 6f339c6d-ba4b-40de-9593-05d751b3d64d@group-0E31C5E74BB7:t1, leader=6f339c6d-ba4b-40de-9593-05d751b3d64d, voted=6f339c6d-ba4b-40de-9593-05d751b3d64d, raftlog=Memoized:6f339c6d-ba4b-40de-9593-05d751b3d64d@group-0E31C5E74BB7-SegmentedRaftLog:OPENED:c200:last(t:1, i:202), conf=conf: {index: 0, cur=peers:[6f339c6d-ba4b-40de-9593-05d751b3d64d|127.0.0.1:15016, f0de3bb0-eb83-4e2a-a791-08d5bd07359b|127.0.0.1:15025, eb7d9a89-7041-4665-a693-2d62dcb81886|127.0.0.1:15034]|listeners:[], old=null} RUNNING
2025-02-25 14:20:44,036 [grpc-default-executor-4] INFO  server.RaftServer$Division (RaftServerImpl.java:lambda$close$1(513)) - 6f339c6d-ba4b-40de-9593-05d751b3d64d@group-0E31C5E74BB7: shutdown
2025-02-25 14:20:44,038 [grpc-default-executor-4] INFO  util.JmxRegister (JmxRegister.java:unregister(74)) - Successfully un-registered JMX Bean with object name Ratis:service=RaftServer,group=group-0E31C5E74BB7,id=6f339c6d-ba4b-40de-9593-05d751b3d64d
2025-02-25 14:20:44,038 [grpc-default-executor-4] INFO  impl.RoleInfo (RoleInfo.java:shutdownLeaderState(103)) - 6f339c6d-ba4b-40de-9593-05d751b3d64d: shutdown 6f339c6d-ba4b-40de-9593-05d751b3d64d@group-0E31C5E74BB7-LeaderStateImpl
2025-02-25 14:20:44,039 [grpc-default-executor-4] INFO  impl.PendingRequests (PendingRequests.java:sendNotLeaderResponses(287)) - 6f339c6d-ba4b-40de-9593-05d751b3d64d@group-0E31C5E74BB7-PendingRequests: sendNotLeaderResponses
2025-02-25 14:20:44,041 [grpc-default-executor-0] WARN  server.RaftServer (RaftServerProxy.java:remove(106)) - 6f339c6d-ba4b-40de-9593-05d751b3d64d: does not contain group: group-0E31C5E74BB7
2025-02-25 14:20:44,042 [6f339c6d-ba4b-40de-9593-05d751b3d64d-CloseContainerThread-1] INFO  commandhandler.CloseContainerCommandHandler (CloseContainerCommandHandler.java:lambda$handle$0(154)) - Follower cannot close container #9.
2025-02-25 14:20:44,042 [6f339c6d-ba4b-40de-9593-05d751b3d64d-CloseContainerThread-0] INFO  commandhandler.CloseContainerCommandHandler (CloseContainerCommandHandler.java:lambda$handle$0(154)) - Follower cannot close container #12.
2025-02-25 14:20:44,040 [6f339c6d-ba4b-40de-9593-05d751b3d64d-ContainerOp-a36c54e7-a96d-45ce-84b4-0e31c5e74bb7-0] INFO  keyvalue.KeyValueContainer (KeyValueContainer.java:flushAndSyncDB(526)) - Container 9 is synced with bcsId 178.
2025-02-25 14:20:44,040 [6f339c6d-ba4b-40de-9593-05d751b3d64d-ContainerOp-f7eed6b2-3a03-471e-8211-a050b95b3b09-2] INFO  keyvalue.KeyValueContainer (KeyValueContainer.java:close(441)) - Container 13 is closed with bcsId 2.
2025-02-25 14:20:44,039 [grpc-default-executor-3] INFO  server.RaftServer (RaftServerProxy.java:remove(111)) - f0de3bb0-eb83-4e2a-a791-08d5bd07359b: remove  FOLLOWER f0de3bb0-eb83-4e2a-a791-08d5bd07359b@group-0E31C5E74BB7:t1, leader=6f339c6d-ba4b-40de-9593-05d751b3d64d, voted=6f339c6d-ba4b-40de-9593-05d751b3d64d, raftlog=Memoized:f0de3bb0-eb83-4e2a-a791-08d5bd07359b@group-0E31C5E74BB7-SegmentedRaftLog:OPENED:c200:last(t:1, i:202), conf=conf: {index: 0, cur=peers:[6f339c6d-ba4b-40de-9593-05d751b3d64d|127.0.0.1:15016, f0de3bb0-eb83-4e2a-a791-08d5bd07359b|127.0.0.1:15025, eb7d9a89-7041-4665-a693-2d62dcb81886|127.0.0.1:15034]|listeners:[], old=null} RUNNING
2025-02-25 14:20:44,044 [grpc-default-executor-3] INFO  server.RaftServer$Division (RaftServerImpl.java:lambda$close$1(513)) - f0de3bb0-eb83-4e2a-a791-08d5bd07359b@group-0E31C5E74BB7: shutdown
2025-02-25 14:20:44,044 [grpc-default-executor-3] INFO  util.JmxRegister (JmxRegister.java:unregister(74)) - Successfully un-registered JMX Bean with object name Ratis:service=RaftServer,group=group-0E31C5E74BB7,id=f0de3bb0-eb83-4e2a-a791-08d5bd07359b
2025-02-25 14:20:44,044 [grpc-default-executor-3] INFO  impl.RoleInfo (RoleInfo.java:shutdownFollowerState(121)) - f0de3bb0-eb83-4e2a-a791-08d5bd07359b: shutdown f0de3bb0-eb83-4e2a-a791-08d5bd07359b@group-0E31C5E74BB7-FollowerState
2025-02-25 14:20:44,039 [6f339c6d-ba4b-40de-9593-05d751b3d64d@group-0E31C5E74BB7->f0de3bb0-eb83-4e2a-a791-08d5bd07359b-GrpcLogAppender-LogAppenderDaemon] WARN  server.GrpcLogAppender (GrpcLogAppender.java:mayWait(293)) - 6f339c6d-ba4b-40de-9593-05d751b3d64d@group-0E31C5E74BB7->f0de3bb0-eb83-4e2a-a791-08d5bd07359b-GrpcLogAppender: Wait interrupted by java.lang.InterruptedException
2025-02-25 14:20:44,045 [f0de3bb0-eb83-4e2a-a791-08d5bd07359b@group-0E31C5E74BB7-StateMachineUpdater] INFO  ratis.ContainerStateMachine (ContainerStateMachine.java:takeSnapshot(376)) - group-0E31C5E74BB7: Taking a snapshot at:(t:1, i:200) file /home/runner/work/ozone/ozone/hadoop-ozone/integration-test/target/test-dir/MiniOzoneClusterImpl-b4714a4f-035e-4bbe-aae1-aaeac144a409/ozone-meta/datanode-2/ratis/a36c54e7-a96d-45ce-84b4-0e31c5e74bb7/sm/snapshot.1_200
2025-02-25 14:20:44,047 [f0de3bb0-eb83-4e2a-a791-08d5bd07359b@group-0E31C5E74BB7-FollowerState] INFO  impl.FollowerState (FollowerState.java:runImpl(170)) - f0de3bb0-eb83-4e2a-a791-08d5bd07359b@group-0E31C5E74BB7-FollowerState was interrupted
2025-02-25 14:20:44,047 [grpc-default-executor-3] INFO  impl.StateMachineUpdater (StateMachineUpdater.java:stopAndJoin(164)) - f0de3bb0-eb83-4e2a-a791-08d5bd07359b@group-0E31C5E74BB7-StateMachineUpdater: set stopIndex = 200
2025-02-25 14:20:44,044 [grpc-default-executor-1] INFO  server.GrpcServerProtocolService (GrpcServerProtocolService.java:onCompleted(157)) - eb7d9a89-7041-4665-a693-2d62dcb81886: Completed APPEND_ENTRIES, lastRequest: 6f339c6d-ba4b-40de-9593-05d751b3d64d->eb7d9a89-7041-4665-a693-2d62dcb81886#437-t1,previous=(t:1, i:201),leaderCommit=200,initializing? false,entries: size=1, first=(t:1, i:202), STATEMACHINELOGENTRY, WRITE: logData.size=87, stateMachineData.size=0, logEntryProtoSerializedSize=0
2025-02-25 14:20:44,048 [f0de3bb0-eb83-4e2a-a791-08d5bd07359b@group-0E31C5E74BB7-StateMachineUpdater] INFO  ratis.ContainerStateMachine (ContainerStateMachine.java:takeSnapshot(387)) - group-0E31C5E74BB7: Finished taking a snapshot at:(t:1, i:200) file:/home/runner/work/ozone/ozone/hadoop-ozone/integration-test/target/test-dir/MiniOzoneClusterImpl-b4714a4f-035e-4bbe-aae1-aaeac144a409/ozone-meta/datanode-2/ratis/a36c54e7-a96d-45ce-84b4-0e31c5e74bb7/sm/snapshot.1_200 took: 3 ms
2025-02-25 14:20:44,048 [grpc-default-executor-1] INFO  server.GrpcServerProtocolService (GrpcServerProtocolService.java:lambda$onCompleted$5(159)) - eb7d9a89-7041-4665-a693-2d62dcb81886: Completed APPEND_ENTRIES, lastReply: null
2025-02-25 14:20:44,048 [f0de3bb0-eb83-4e2a-a791-08d5bd07359b@group-0E31C5E74BB7-StateMachineUpdater] INFO  impl.StateMachineUpdater (StateMachineUpdater.java:takeSnapshot(303)) - f0de3bb0-eb83-4e2a-a791-08d5bd07359b@group-0E31C5E74BB7-StateMachineUpdater: Took a snapshot at index 200
2025-02-25 14:20:44,048 [f0de3bb0-eb83-4e2a-a791-08d5bd07359b@group-0E31C5E74BB7-StateMachineUpdater] INFO  impl.StateMachineUpdater (StateMachineUpdater.java:lambda$new$0(102)) - f0de3bb0-eb83-4e2a-a791-08d5bd07359b@group-0E31C5E74BB7-StateMachineUpdater: snapshotIndex: updateIncreasingly -1 -> 200
2025-02-25 14:20:44,048 [f0de3bb0-eb83-4e2a-a791-08d5bd07359b@group-0E31C5E74BB7-StateMachineUpdater] INFO  impl.StateMachineUpdater (StateMachineUpdater.java:stop(141)) - f0de3bb0-eb83-4e2a-a791-08d5bd07359b@group-0E31C5E74BB7-StateMachineUpdater: closing ContainerStateMachine, lastApplied=(t:1, i:200)
2025-02-25 14:20:44,049 [grpc-default-executor-5] INFO  server.GrpcServerProtocolService (GrpcServerProtocolService.java:onCompleted(157)) - f0de3bb0-eb83-4e2a-a791-08d5bd07359b: Completed APPEND_ENTRIES, lastRequest: 6f339c6d-ba4b-40de-9593-05d751b3d64d->f0de3bb0-eb83-4e2a-a791-08d5bd07359b#461-t1,previous=(t:1, i:201),leaderCommit=200,initializing? false,entries: size=1, first=(t:1, i:202), STATEMACHINELOGENTRY, WRITE: logData.size=87, stateMachineData.size=0, logEntryProtoSerializedSize=0
2025-02-25 14:20:44,050 [grpc-default-executor-5] INFO  server.GrpcServerProtocolService (GrpcServerProtocolService.java:lambda$onCompleted$5(159)) - f0de3bb0-eb83-4e2a-a791-08d5bd07359b: Completed APPEND_ENTRIES, lastReply: null
2025-02-25 14:20:44,043 [6f339c6d-ba4b-40de-9593-05d751b3d64d-ContainerOp-a36c54e7-a96d-45ce-84b4-0e31c5e74bb7-0] INFO  keyvalue.KeyValueContainer (KeyValueContainer.java:flushAndSyncDB(526)) - Container 9 is synced with bcsId 178.
2025-02-25 14:20:44,048 [grpc-default-executor-2] INFO  server.GrpcServerProtocolService (GrpcServerProtocolService.java:onCompleted(157)) - eb7d9a89-7041-4665-a693-2d62dcb81886: Completed APPEND_ENTRIES, lastRequest: null
2025-02-25 14:20:44,048 [FixedThreadPoolWithAffinityExecutor-9-0] INFO  container.IncrementalContainerReportHandler (AbstractContainerReportHandler.java:updateContainerState(308)) - Moving container #13 to CLOSED state, datanode 6f339c6d-ba4b-40de-9593-05d751b3d64d(localhost/127.0.0.1) reported CLOSED replica with index 0.
2025-02-25 14:20:44,054 [grpc-default-executor-6] INFO  server.GrpcServerProtocolService (GrpcServerProtocolService.java:onCompleted(157)) - f0de3bb0-eb83-4e2a-a791-08d5bd07359b: Completed APPEND_ENTRIES, lastRequest: null
2025-02-25 14:20:44,057 [f0de3bb0-eb83-4e2a-a791-08d5bd07359b@group-0E31C5E74BB7-cacheEviction-AwaitToRun] INFO  util.AwaitToRun (AwaitToRun.java:run(49)) - f0de3bb0-eb83-4e2a-a791-08d5bd07359b@group-0E31C5E74BB7-cacheEviction-AwaitToRun-AwaitForSignal is interrupted
2025-02-25 14:20:44,058 [grpc-default-executor-5] INFO  server.GrpcLogAppender (GrpcLogAppender.java:onCompleted(550)) - 6f339c6d-ba4b-40de-9593-05d751b3d64d@group-0E31C5E74BB7->eb7d9a89-7041-4665-a693-2d62dcb81886-AppendLogResponseHandler: follower responses appendEntries COMPLETED
2025-02-25 14:20:44,059 [grpc-default-executor-4] INFO  impl.StateMachineUpdater (StateMachineUpdater.java:stopAndJoin(164)) - 6f339c6d-ba4b-40de-9593-05d751b3d64d@group-0E31C5E74BB7-StateMachineUpdater: set stopIndex = 201
2025-02-25 14:20:44,062 [6f339c6d-ba4b-40de-9593-05d751b3d64d@group-0E31C5E74BB7-StateMachineUpdater] INFO  ratis.ContainerStateMachine (ContainerStateMachine.java:takeSnapshot(376)) - group-0E31C5E74BB7: Taking a snapshot at:(t:1, i:200) file /home/runner/work/ozone/ozone/hadoop-ozone/integration-test/target/test-dir/MiniOzoneClusterImpl-b4714a4f-035e-4bbe-aae1-aaeac144a409/ozone-meta/datanode-1/ratis/a36c54e7-a96d-45ce-84b4-0e31c5e74bb7/sm/snapshot.1_200
2025-02-25 14:20:44,063 [grpc-default-executor-8] INFO  server.GrpcLogAppender (GrpcLogAppender.java:onCompleted(550)) - 6f339c6d-ba4b-40de-9593-05d751b3d64d@group-0E31C5E74BB7->f0de3bb0-eb83-4e2a-a791-08d5bd07359b-AppendLogResponseHandler: follower responses appendEntries COMPLETED
2025-02-25 14:20:44,065 [grpc-default-executor-5] INFO  leader.LogAppender (LogAppenderBase.java:lambda$getNextIndexForError$0(215)) - Decrease nextIndex to 202
2025-02-25 14:20:44,065 [6f339c6d-ba4b-40de-9593-05d751b3d64d@group-0E31C5E74BB7-StateMachineUpdater] INFO  ratis.ContainerStateMachine (ContainerStateMachine.java:takeSnapshot(387)) - group-0E31C5E74BB7: Finished taking a snapshot at:(t:1, i:200) file:/home/runner/work/ozone/ozone/hadoop-ozone/integration-test/target/test-dir/MiniOzoneClusterImpl-b4714a4f-035e-4bbe-aae1-aaeac144a409/ozone-meta/datanode-1/ratis/a36c54e7-a96d-45ce-84b4-0e31c5e74bb7/sm/snapshot.1_200 took: 3 ms
2025-02-25 14:20:44,065 [6f339c6d-ba4b-40de-9593-05d751b3d64d@group-0E31C5E74BB7-StateMachineUpdater] INFO  impl.StateMachineUpdater (StateMachineUpdater.java:takeSnapshot(303)) - 6f339c6d-ba4b-40de-9593-05d751b3d64d@group-0E31C5E74BB7-StateMachineUpdater: Took a snapshot at index 200
2025-02-25 14:20:44,066 [6f339c6d-ba4b-40de-9593-05d751b3d64d@group-0E31C5E74BB7-StateMachineUpdater] INFO  impl.StateMachineUpdater (StateMachineUpdater.java:lambda$new$0(102)) - 6f339c6d-ba4b-40de-9593-05d751b3d64d@group-0E31C5E74BB7-StateMachineUpdater: snapshotIndex: updateIncreasingly -1 -> 200
2025-02-25 14:20:44,066 [6f339c6d-ba4b-40de-9593-05d751b3d64d@group-0E31C5E74BB7-StateMachineUpdater] INFO  ratis.ContainerStateMachine (ContainerStateMachine.java:takeSnapshot(376)) - group-0E31C5E74BB7: Taking a snapshot at:(t:1, i:200) file /home/runner/work/ozone/ozone/hadoop-ozone/integration-test/target/test-dir/MiniOzoneClusterImpl-b4714a4f-035e-4bbe-aae1-aaeac144a409/ozone-meta/datanode-1/ratis/a36c54e7-a96d-45ce-84b4-0e31c5e74bb7/sm/snapshot.1_200
2025-02-25 14:20:44,067 [grpc-default-executor-8] INFO  leader.LogAppender (LogAppenderBase.java:lambda$getNextIndexForError$0(215)) - Decrease nextIndex to 203
2025-02-25 14:20:44,067 [grpc-default-executor-8] INFO  leader.LogAppender (LogAppenderBase.java:lambda$getNextIndexForError$0(215)) - Decrease nextIndex to 203
2025-02-25 14:20:44,066 [6f339c6d-ba4b-40de-9593-05d751b3d64d-ContainerOp-a36c54e7-a96d-45ce-84b4-0e31c5e74bb7-0] INFO  keyvalue.KeyValueContainer (KeyValueContainer.java:close(441)) - Container 9 is closed with bcsId 178.
2025-02-25 14:20:44,066 [grpc-default-executor-5] INFO  leader.LogAppender (LogAppenderBase.java:lambda$getNextIndexForError$0(215)) - Decrease nextIndex to 202
2025-02-25 14:20:44,068 [grpc-default-executor-6] INFO  server.GrpcServerProtocolService (GrpcServerProtocolService.java:lambda$onCompleted$5(159)) - f0de3bb0-eb83-4e2a-a791-08d5bd07359b: Completed APPEND_ENTRIES, lastReply: serverReply {
  requestorId: "6f339c6d-ba4b-40de-9593-05d751b3d64d"
  replyId: "f0de3bb0-eb83-4e2a-a791-08d5bd07359b"
  raftGroupId {
    id: "\243lT\347\251mE\316\204\264\0161\305\347K\267"
  }
  callId: 459
  success: true
}
term: 1
nextIndex: 201
followerCommit: 200
matchIndex: 18446744073709551615
isHearbeat: true

2025-02-25 14:20:44,068 [6f339c6d-ba4b-40de-9593-05d751b3d64d@group-0E31C5E74BB7-StateMachineUpdater] INFO  ratis.ContainerStateMachine (ContainerStateMachine.java:takeSnapshot(387)) - group-0E31C5E74BB7: Finished taking a snapshot at:(t:1, i:200) file:/home/runner/work/ozone/ozone/hadoop-ozone/integration-test/target/test-dir/MiniOzoneClusterImpl-b4714a4f-035e-4bbe-aae1-aaeac144a409/ozone-meta/datanode-1/ratis/a36c54e7-a96d-45ce-84b4-0e31c5e74bb7/sm/snapshot.1_200 took: 2 ms
2025-02-25 14:20:44,068 [6f339c6d-ba4b-40de-9593-05d751b3d64d@group-0E31C5E74BB7-StateMachineUpdater] INFO  impl.StateMachineUpdater (StateMachineUpdater.java:takeSnapshot(303)) - 6f339c6d-ba4b-40de-9593-05d751b3d64d@group-0E31C5E74BB7-StateMachineUpdater: Took a snapshot at index 200
2025-02-25 14:20:44,068 [6f339c6d-ba4b-40de-9593-05d751b3d64d@group-0E31C5E74BB7-StateMachineUpdater] INFO  impl.StateMachineUpdater (StateMachineUpdater.java:stop(141)) - 6f339c6d-ba4b-40de-9593-05d751b3d64d@group-0E31C5E74BB7-StateMachineUpdater: closing ContainerStateMachine, lastApplied=(t:1, i:201)
2025-02-25 14:20:44,069 [grpc-default-executor-6] INFO  server.GrpcLogAppender (GrpcLogAppender.java:onCompleted(550)) - 6f339c6d-ba4b-40de-9593-05d751b3d64d@group-0E31C5E74BB7->f0de3bb0-eb83-4e2a-a791-08d5bd07359b-AppendLogResponseHandler: follower responses appendEntries COMPLETED
2025-02-25 14:20:44,068 [grpc-default-executor-8] INFO  leader.FollowerInfo (FollowerInfoImpl.java:info(70)) - 6f339c6d-ba4b-40de-9593-05d751b3d64d@group-0E31C5E74BB7->f0de3bb0-eb83-4e2a-a791-08d5bd07359b: computeNextIndex nextIndex: updateUnconditionally 204 -> 203
2025-02-25 14:20:44,070 [6f339c6d-ba4b-40de-9593-05d751b3d64d@group-0E31C5E74BB7-cacheEviction-AwaitToRun] INFO  util.AwaitToRun (AwaitToRun.java:run(49)) - 6f339c6d-ba4b-40de-9593-05d751b3d64d@group-0E31C5E74BB7-cacheEviction-AwaitToRun-AwaitForSignal is interrupted
2025-02-25 14:20:44,070 [grpc-default-executor-5] INFO  leader.FollowerInfo (FollowerInfoImpl.java:info(70)) - 6f339c6d-ba4b-40de-9593-05d751b3d64d@group-0E31C5E74BB7->eb7d9a89-7041-4665-a693-2d62dcb81886: computeNextIndex nextIndex: updateUnconditionally 203 -> 202
2025-02-25 14:20:44,071 [FixedThreadPoolWithAffinityExecutor-9-0] INFO  container.IncrementalContainerReportHandler (AbstractContainerReportHandler.java:updateContainerState(308)) - Moving container #9 to CLOSED state, datanode 6f339c6d-ba4b-40de-9593-05d751b3d64d(localhost/127.0.0.1) reported CLOSED replica with index 0.
2025-02-25 14:20:44,071 [grpc-default-executor-2] INFO  server.GrpcServerProtocolService (GrpcServerProtocolService.java:lambda$onCompleted$5(159)) - eb7d9a89-7041-4665-a693-2d62dcb81886: Completed APPEND_ENTRIES, lastReply: serverReply {
  requestorId: "6f339c6d-ba4b-40de-9593-05d751b3d64d"
  replyId: "eb7d9a89-7041-4665-a693-2d62dcb81886"
  raftGroupId {
    id: "\243lT\347\251mE\316\204\264\0161\305\347K\267"
  }
  callId: 434
  success: true
}
term: 1
nextIndex: 201
followerCommit: 200
matchIndex: 18446744073709551615
isHearbeat: true

2025-02-25 14:20:44,074 [grpc-default-executor-5] INFO  server.GrpcLogAppender (GrpcLogAppender.java:onCompleted(550)) - 6f339c6d-ba4b-40de-9593-05d751b3d64d@group-0E31C5E74BB7->eb7d9a89-7041-4665-a693-2d62dcb81886-AppendLogResponseHandler: follower responses appendEntries COMPLETED
2025-02-25 14:20:44,083 [grpc-default-executor-2] INFO  server.RaftServer (RaftServerProxy.java:remove(111)) - eb7d9a89-7041-4665-a693-2d62dcb81886: remove  FOLLOWER eb7d9a89-7041-4665-a693-2d62dcb81886@group-0E31C5E74BB7:t1, leader=6f339c6d-ba4b-40de-9593-05d751b3d64d, voted=6f339c6d-ba4b-40de-9593-05d751b3d64d, raftlog=Memoized:eb7d9a89-7041-4665-a693-2d62dcb81886@group-0E31C5E74BB7-SegmentedRaftLog:OPENED:c200:last(t:1, i:202), conf=conf: {index: 0, cur=peers:[6f339c6d-ba4b-40de-9593-05d751b3d64d|127.0.0.1:15016, f0de3bb0-eb83-4e2a-a791-08d5bd07359b|127.0.0.1:15025, eb7d9a89-7041-4665-a693-2d62dcb81886|127.0.0.1:15034]|listeners:[], old=null} RUNNING
2025-02-25 14:20:44,084 [grpc-default-executor-2] INFO  server.RaftServer$Division (RaftServerImpl.java:lambda$close$1(513)) - eb7d9a89-7041-4665-a693-2d62dcb81886@group-0E31C5E74BB7: shutdown
2025-02-25 14:20:44,084 [grpc-default-executor-2] INFO  util.JmxRegister (JmxRegister.java:unregister(74)) - Successfully un-registered JMX Bean with object name Ratis:service=RaftServer,group=group-0E31C5E74BB7,id=eb7d9a89-7041-4665-a693-2d62dcb81886
2025-02-25 14:20:44,085 [grpc-default-executor-2] INFO  impl.RoleInfo (RoleInfo.java:shutdownFollowerState(121)) - eb7d9a89-7041-4665-a693-2d62dcb81886: shutdown eb7d9a89-7041-4665-a693-2d62dcb81886@group-0E31C5E74BB7-FollowerState
2025-02-25 14:20:44,085 [eb7d9a89-7041-4665-a693-2d62dcb81886@group-0E31C5E74BB7-FollowerState] INFO  impl.FollowerState (FollowerState.java:runImpl(170)) - eb7d9a89-7041-4665-a693-2d62dcb81886@group-0E31C5E74BB7-FollowerState was interrupted
2025-02-25 14:20:44,086 [grpc-default-executor-2] INFO  impl.StateMachineUpdater (StateMachineUpdater.java:stopAndJoin(164)) - eb7d9a89-7041-4665-a693-2d62dcb81886@group-0E31C5E74BB7-StateMachineUpdater: set stopIndex = 200
2025-02-25 14:20:44,086 [eb7d9a89-7041-4665-a693-2d62dcb81886@group-0E31C5E74BB7-StateMachineUpdater] INFO  ratis.ContainerStateMachine (ContainerStateMachine.java:takeSnapshot(376)) - group-0E31C5E74BB7: Taking a snapshot at:(t:1, i:200) file /home/runner/work/ozone/ozone/hadoop-ozone/integration-test/target/test-dir/MiniOzoneClusterImpl-b4714a4f-035e-4bbe-aae1-aaeac144a409/ozone-meta/datanode-3/ratis/a36c54e7-a96d-45ce-84b4-0e31c5e74bb7/sm/snapshot.1_200
2025-02-25 14:20:44,087 [eb7d9a89-7041-4665-a693-2d62dcb81886@group-0E31C5E74BB7-StateMachineUpdater] INFO  ratis.ContainerStateMachine (ContainerStateMachine.java:takeSnapshot(387)) - group-0E31C5E74BB7: Finished taking a snapshot at:(t:1, i:200) file:/home/runner/work/ozone/ozone/hadoop-ozone/integration-test/target/test-dir/MiniOzoneClusterImpl-b4714a4f-035e-4bbe-aae1-aaeac144a409/ozone-meta/datanode-3/ratis/a36c54e7-a96d-45ce-84b4-0e31c5e74bb7/sm/snapshot.1_200 took: 1 ms
2025-02-25 14:20:44,087 [eb7d9a89-7041-4665-a693-2d62dcb81886@group-0E31C5E74BB7-StateMachineUpdater] INFO  impl.StateMachineUpdater (StateMachineUpdater.java:takeSnapshot(303)) - eb7d9a89-7041-4665-a693-2d62dcb81886@group-0E31C5E74BB7-StateMachineUpdater: Took a snapshot at index 200
2025-02-25 14:20:44,087 [eb7d9a89-7041-4665-a693-2d62dcb81886@group-0E31C5E74BB7-StateMachineUpdater] INFO  impl.StateMachineUpdater (StateMachineUpdater.java:lambda$new$0(102)) - eb7d9a89-7041-4665-a693-2d62dcb81886@group-0E31C5E74BB7-StateMachineUpdater: snapshotIndex: updateIncreasingly -1 -> 200
2025-02-25 14:20:44,088 [eb7d9a89-7041-4665-a693-2d62dcb81886@group-0E31C5E74BB7-StateMachineUpdater] INFO  impl.StateMachineUpdater (StateMachineUpdater.java:stop(141)) - eb7d9a89-7041-4665-a693-2d62dcb81886@group-0E31C5E74BB7-StateMachineUpdater: closing ContainerStateMachine, lastApplied=(t:1, i:200)
2025-02-25 14:20:44,089 [eb7d9a89-7041-4665-a693-2d62dcb81886@group-0E31C5E74BB7-cacheEviction-AwaitToRun] INFO  util.AwaitToRun (AwaitToRun.java:run(49)) - eb7d9a89-7041-4665-a693-2d62dcb81886@group-0E31C5E74BB7-cacheEviction-AwaitToRun-AwaitForSignal is interrupted
2025-02-25 14:20:44,558 [032c8b1c-a843-4a9d-a39a-9c5a3fe2fd36-PipelineCommandHandlerThread-0] INFO  server.RaftServer (RaftServerProxy.java:addNew(100)) - 032c8b1c-a843-4a9d-a39a-9c5a3fe2fd36: addNew group-4A48F8EE2848:[ea4ad806-8ee9-4fb9-9dce-2788455564d3|127.0.0.1:15052, 032c8b1c-a843-4a9d-a39a-9c5a3fe2fd36|127.0.0.1:15043, f0de3bb0-eb83-4e2a-a791-08d5bd07359b|127.0.0.1:15025] returns group-4A48F8EE2848:java.util.concurrent.CompletableFuture@5a67cede[Not completed]
2025-02-25 14:20:44,565 [032c8b1c-a843-4a9d-a39a-9c5a3fe2fd36-groupManagement] INFO  server.RaftServer$Division (RaftServerImpl.java:<init>(255)) - 032c8b1c-a843-4a9d-a39a-9c5a3fe2fd36: new RaftServerImpl for group-4A48F8EE2848:[ea4ad806-8ee9-4fb9-9dce-2788455564d3|127.0.0.1:15052, 032c8b1c-a843-4a9d-a39a-9c5a3fe2fd36|127.0.0.1:15043, f0de3bb0-eb83-4e2a-a791-08d5bd07359b|127.0.0.1:15025] with ContainerStateMachine:uninitialized
2025-02-25 14:20:44,565 [032c8b1c-a843-4a9d-a39a-9c5a3fe2fd36-groupManagement] INFO  server.RaftServerConfigKeys (ConfUtils.java:logGet(46)) - raft.server.rpc.timeout.min = 5s (custom)
2025-02-25 14:20:44,565 [032c8b1c-a843-4a9d-a39a-9c5a3fe2fd36-groupManagement] INFO  server.RaftServerConfigKeys (ConfUtils.java:logGet(46)) - raft.server.rpc.timeout.max = 5200ms (custom)
2025-02-25 14:20:44,565 [032c8b1c-a843-4a9d-a39a-9c5a3fe2fd36-groupManagement] INFO  server.RaftServerConfigKeys (ConfUtils.java:logGet(46)) - raft.server.rpc.sleep.time = 25ms (default)
2025-02-25 14:20:44,565 [032c8b1c-a843-4a9d-a39a-9c5a3fe2fd36-groupManagement] INFO  server.RaftServerConfigKeys (ConfUtils.java:logGet(46)) - raft.server.rpc.slowness.timeout = 300000ms (custom)
2025-02-25 14:20:44,565 [032c8b1c-a843-4a9d-a39a-9c5a3fe2fd36-groupManagement] INFO  server.RaftServerConfigKeys (ConfUtils.java:logGet(46)) - raft.server.leaderelection.leader.step-down.wait-time = 10s (default)
2025-02-25 14:20:44,565 [032c8b1c-a843-4a9d-a39a-9c5a3fe2fd36-groupManagement] INFO  server.RaftServerConfigKeys (ConfUtils.java:logGet(46)) - raft.server.leaderelection.member.majority-add = false (default)
2025-02-25 14:20:44,565 [032c8b1c-a843-4a9d-a39a-9c5a3fe2fd36-groupManagement] INFO  server.RaftServerConfigKeys (ConfUtils.java:logGet(46)) - raft.server.sleep.deviation.threshold = 300ms (default)
2025-02-25 14:20:44,566 [032c8b1c-a843-4a9d-a39a-9c5a3fe2fd36-groupManagement] INFO  server.RaftServer$Division (ServerState.java:<init>(114)) - 032c8b1c-a843-4a9d-a39a-9c5a3fe2fd36@group-4A48F8EE2848: ConfigurationManager, init=conf: {index: -1, cur=peers:[ea4ad806-8ee9-4fb9-9dce-2788455564d3|127.0.0.1:15052, 032c8b1c-a843-4a9d-a39a-9c5a3fe2fd36|127.0.0.1:15043, f0de3bb0-eb83-4e2a-a791-08d5bd07359b|127.0.0.1:15025]|listeners:[], old=null}, confs=<EMPTY_MAP>
2025-02-25 14:20:44,566 [032c8b1c-a843-4a9d-a39a-9c5a3fe2fd36-groupManagement] INFO  server.RaftServerConfigKeys (ConfUtils.java:logGet(46)) - raft.server.notification.no-leader.timeout = 300000ms (custom)
2025-02-25 14:20:44,566 [032c8b1c-a843-4a9d-a39a-9c5a3fe2fd36-groupManagement] INFO  server.RaftServerConfigKeys (ConfUtils.java:logGet(46)) - raft.server.read.timeout = 10s (default)
2025-02-25 14:20:44,566 [032c8b1c-a843-4a9d-a39a-9c5a3fe2fd36-groupManagement] INFO  server.RaftServerConfigKeys (ConfUtils.java:logGet(46)) - raft.server.retrycache.expirytime = 600000ms (custom)
2025-02-25 14:20:44,566 [032c8b1c-a843-4a9d-a39a-9c5a3fe2fd36-groupManagement] INFO  server.RaftServerConfigKeys (ConfUtils.java:logGet(46)) - raft.server.retrycache.statistics.expirytime = 100ms (default)
2025-02-25 14:20:44,566 [032c8b1c-a843-4a9d-a39a-9c5a3fe2fd36-groupManagement] INFO  server.RaftServerConfigKeys (ConfUtils.java:logGet(46)) - raft.server.read.option = DEFAULT (default)
2025-02-25 14:20:44,566 [032c8b1c-a843-4a9d-a39a-9c5a3fe2fd36-groupManagement] INFO  server.RaftServerConfigKeys (ConfUtils.java:logGet(46)) - raft.server.read.read-after-write-consistent.write-index-cache.expiry-time = 60s (default)
2025-02-25 14:20:44,573 [032c8b1c-a843-4a9d-a39a-9c5a3fe2fd36-groupManagement] INFO  server.RaftServerConfigKeys (ConfUtils.java:logGet(46)) - raft.server.rpc.request.timeout = 3000ms (default)
2025-02-25 14:20:44,573 [032c8b1c-a843-4a9d-a39a-9c5a3fe2fd36-groupManagement] INFO  server.RaftServerConfigKeys (ConfUtils.java:logGet(46)) - raft.server.log.appender.install.snapshot.enabled = false (custom)
2025-02-25 14:20:44,574 [032c8b1c-a843-4a9d-a39a-9c5a3fe2fd36-groupManagement] INFO  server.RaftServerConfigKeys (ConfUtils.java:logGet(46)) - raft.server.threadpool.server.cached = true (default)
2025-02-25 14:20:44,574 [032c8b1c-a843-4a9d-a39a-9c5a3fe2fd36-groupManagement] INFO  server.RaftServerConfigKeys (ConfUtils.java:logGet(46)) - raft.server.threadpool.server.size = 0 (default)
2025-02-25 14:20:44,574 [032c8b1c-a843-4a9d-a39a-9c5a3fe2fd36-groupManagement] INFO  server.RaftServerConfigKeys (ConfUtils.java:logGet(46)) - raft.server.threadpool.client.cached = true (default)
2025-02-25 14:20:44,574 [032c8b1c-a843-4a9d-a39a-9c5a3fe2fd36-groupManagement] INFO  server.RaftServerConfigKeys (ConfUtils.java:logGet(46)) - raft.server.threadpool.client.size = 0 (default)
2025-02-25 14:20:44,574 [032c8b1c-a843-4a9d-a39a-9c5a3fe2fd36-groupManagement] INFO  server.RaftServerConfigKeys (ConfUtils.java:logGet(46)) - raft.server.storage.free-space.min = 0MB (=0) (default)
2025-02-25 14:20:44,575 [032c8b1c-a843-4a9d-a39a-9c5a3fe2fd36-groupManagement] INFO  server.RaftServerConfigKeys (ConfUtils.java:logGet(46)) - raft.server.log.corruption.policy = EXCEPTION (default)
2025-02-25 14:20:44,575 [032c8b1c-a843-4a9d-a39a-9c5a3fe2fd36-groupManagement] INFO  server.RaftServerConfigKeys (ConfUtils.java:logGet(46)) - raft.server.storage.dir = [/home/runner/work/ozone/ozone/hadoop-ozone/integration-test/target/test-dir/MiniOzoneClusterImpl-b4714a4f-035e-4bbe-aae1-aaeac144a409/ozone-meta/datanode-4/ratis] (custom)
2025-02-25 14:20:44,575 [032c8b1c-a843-4a9d-a39a-9c5a3fe2fd36-groupManagement] INFO  storage.RaftStorageDirectory (RaftStorageDirectoryImpl.java:analyzeStorage(138)) - The storage directory /home/runner/work/ozone/ozone/hadoop-ozone/integration-test/target/test-dir/MiniOzoneClusterImpl-b4714a4f-035e-4bbe-aae1-aaeac144a409/ozone-meta/datanode-4/ratis/e9f46249-b705-4fd7-9186-4a48f8ee2848 does not exist. Creating ...
2025-02-25 14:20:44,579 [032c8b1c-a843-4a9d-a39a-9c5a3fe2fd36-groupManagement] INFO  storage.RaftStorageDirectory (RaftStorageDirectoryImpl.java:tryLock(229)) - Lock on /home/runner/work/ozone/ozone/hadoop-ozone/integration-test/target/test-dir/MiniOzoneClusterImpl-b4714a4f-035e-4bbe-aae1-aaeac144a409/ozone-meta/datanode-4/ratis/e9f46249-b705-4fd7-9186-4a48f8ee2848/in_use.lock acquired by nodename 61090@fv-az1326-920
2025-02-25 14:20:44,581 [032c8b1c-a843-4a9d-a39a-9c5a3fe2fd36-groupManagement] INFO  storage.RaftStorage (RaftStorageImpl.java:format(98)) - Storage directory /home/runner/work/ozone/ozone/hadoop-ozone/integration-test/target/test-dir/MiniOzoneClusterImpl-b4714a4f-035e-4bbe-aae1-aaeac144a409/ozone-meta/datanode-4/ratis/e9f46249-b705-4fd7-9186-4a48f8ee2848 has been successfully formatted.
2025-02-25 14:20:44,581 [032c8b1c-a843-4a9d-a39a-9c5a3fe2fd36-groupManagement] INFO  ratis.ContainerStateMachine (ContainerStateMachine.java:initialize(300)) - 032c8b1c-a843-4a9d-a39a-9c5a3fe2fd36: initialize group-4A48F8EE2848
2025-02-25 14:20:44,581 [032c8b1c-a843-4a9d-a39a-9c5a3fe2fd36-groupManagement] INFO  ratis.ContainerStateMachine (ContainerStateMachine.java:loadSnapshot(308)) - group-4A48F8EE2848: The snapshot info is null. Setting the last applied index to:(t:0, i:~)
2025-02-25 14:20:44,582 [032c8b1c-a843-4a9d-a39a-9c5a3fe2fd36-groupManagement] INFO  server.RaftServerConfigKeys (ConfUtils.java:logGet(46)) - raft.server.log.use.memory = false (default)
2025-02-25 14:20:44,582 [032c8b1c-a843-4a9d-a39a-9c5a3fe2fd36-groupManagement] INFO  server.RaftServerConfigKeys (ConfUtils.java:logGet(46)) - raft.server.log.purge.gap = 1000000 (custom)
2025-02-25 14:20:44,582 [032c8b1c-a843-4a9d-a39a-9c5a3fe2fd36-groupManagement] INFO  server.RaftServerConfigKeys (ConfUtils.java:logGet(46)) - raft.server.log.appender.buffer.byte-limit = 33554432 (custom)
2025-02-25 14:20:44,582 [032c8b1c-a843-4a9d-a39a-9c5a3fe2fd36-groupManagement] INFO  server.RaftServerConfigKeys (ConfUtils.java:logGet(46)) - raft.server.log.statemachine.data.read.timeout = 1000ms (default)
2025-02-25 14:20:44,582 [032c8b1c-a843-4a9d-a39a-9c5a3fe2fd36-groupManagement] INFO  server.RaftServerConfigKeys (ConfUtils.java:logGet(46)) - raft.server.log.purge.preservation.log.num = 0 (default)
2025-02-25 14:20:44,586 [032c8b1c-a843-4a9d-a39a-9c5a3fe2fd36-groupManagement] INFO  server.RaftServerConfigKeys (ConfUtils.java:logGet(46)) - raft.server.log.segment.size.max = 67108864 (custom)
2025-02-25 14:20:44,586 [032c8b1c-a843-4a9d-a39a-9c5a3fe2fd36-groupManagement] INFO  server.RaftServerConfigKeys (ConfUtils.java:logGet(46)) - raft.server.log.segment.cache.num.max = 2 (custom)
2025-02-25 14:20:44,586 [032c8b1c-a843-4a9d-a39a-9c5a3fe2fd36-groupManagement] INFO  server.RaftServerConfigKeys (ConfUtils.java:logGet(46)) - raft.server.log.segment.cache.size.max = 200MB (=209715200) (default)
2025-02-25 14:20:44,587 [032c8b1c-a843-4a9d-a39a-9c5a3fe2fd36-groupManagement] INFO  server.RaftServerConfigKeys (ConfUtils.java:logGet(46)) - raft.server.log.appender.buffer.byte-limit = 33554432 (custom)
2025-02-25 14:20:44,588 [032c8b1c-a843-4a9d-a39a-9c5a3fe2fd36-groupManagement] INFO  util.AwaitToRun (AwaitToRun.java:start(81)) - Thread[#1298,032c8b1c-a843-4a9d-a39a-9c5a3fe2fd36@group-4A48F8EE2848-cacheEviction-AwaitToRun,5,main] started
2025-02-25 14:20:44,588 [032c8b1c-a843-4a9d-a39a-9c5a3fe2fd36-groupManagement] INFO  segmented.SegmentedRaftLogWorker (SegmentedRaftLogWorker.java:<init>(188)) - new 032c8b1c-a843-4a9d-a39a-9c5a3fe2fd36@group-4A48F8EE2848-SegmentedRaftLogWorker for RaftStorageImpl:Storage Directory /home/runner/work/ozone/ozone/hadoop-ozone/integration-test/target/test-dir/MiniOzoneClusterImpl-b4714a4f-035e-4bbe-aae1-aaeac144a409/ozone-meta/datanode-4/ratis/e9f46249-b705-4fd7-9186-4a48f8ee2848
2025-02-25 14:20:44,588 [032c8b1c-a843-4a9d-a39a-9c5a3fe2fd36-groupManagement] INFO  server.RaftServerConfigKeys (ConfUtils.java:logGet(46)) - raft.server.log.queue.byte-limit = 4294967296 (custom)
2025-02-25 14:20:44,588 [032c8b1c-a843-4a9d-a39a-9c5a3fe2fd36-groupManagement] INFO  server.RaftServerConfigKeys (ConfUtils.java:logGet(46)) - raft.server.log.queue.element-limit = 1024 (custom)
2025-02-25 14:20:44,588 [032c8b1c-a843-4a9d-a39a-9c5a3fe2fd36-groupManagement] INFO  server.RaftServerConfigKeys (ConfUtils.java:logGet(46)) - raft.server.log.segment.size.max = 67108864 (custom)
2025-02-25 14:20:44,588 [032c8b1c-a843-4a9d-a39a-9c5a3fe2fd36-groupManagement] INFO  server.RaftServerConfigKeys (ConfUtils.java:logGet(46)) - raft.server.log.preallocated.size = 4194304 (custom)
2025-02-25 14:20:44,588 [032c8b1c-a843-4a9d-a39a-9c5a3fe2fd36-groupManagement] INFO  server.RaftServerConfigKeys (ConfUtils.java:logGet(46)) - raft.server.log.force.sync.num = 128 (default)
2025-02-25 14:20:44,589 [032c8b1c-a843-4a9d-a39a-9c5a3fe2fd36-groupManagement] INFO  server.RaftServerConfigKeys (ConfUtils.java:logGet(46)) - raft.server.log.statemachine.data.sync = true (default)
2025-02-25 14:20:44,589 [032c8b1c-a843-4a9d-a39a-9c5a3fe2fd36-groupManagement] INFO  server.RaftServerConfigKeys (ConfUtils.java:logGet(46)) - raft.server.log.statemachine.data.sync.timeout = 10s (default)
2025-02-25 14:20:44,589 [032c8b1c-a843-4a9d-a39a-9c5a3fe2fd36-groupManagement] INFO  server.RaftServerConfigKeys (ConfUtils.java:logGet(46)) - raft.server.log.statemachine.data.sync.timeout.retry = 30 (custom)
2025-02-25 14:20:44,589 [032c8b1c-a843-4a9d-a39a-9c5a3fe2fd36-groupManagement] INFO  server.RaftServerConfigKeys (ConfUtils.java:logGet(46)) - raft.server.log.write.buffer.size = 33554440 (custom)
2025-02-25 14:20:44,594 [032c8b1c-a843-4a9d-a39a-9c5a3fe2fd36-groupManagement] INFO  server.RaftServerConfigKeys (ConfUtils.java:logGet(46)) - raft.server.log.appender.buffer.byte-limit = 33554432 (custom)
2025-02-25 14:20:44,595 [032c8b1c-a843-4a9d-a39a-9c5a3fe2fd36-groupManagement] INFO  server.RaftServerConfigKeys (ConfUtils.java:logGet(46)) - raft.server.log.unsafe-flush.enabled = false (default)
2025-02-25 14:20:44,595 [032c8b1c-a843-4a9d-a39a-9c5a3fe2fd36-groupManagement] INFO  server.RaftServerConfigKeys (ConfUtils.java:logGet(46)) - raft.server.log.async-flush.enabled = false (default)
2025-02-25 14:20:44,595 [032c8b1c-a843-4a9d-a39a-9c5a3fe2fd36-groupManagement] INFO  server.RaftServerConfigKeys (ConfUtils.java:logGet(46)) - raft.server.log.statemachine.data.caching.enabled = true (custom)
2025-02-25 14:20:44,595 [032c8b1c-a843-4a9d-a39a-9c5a3fe2fd36-groupManagement] INFO  segmented.SegmentedRaftLogWorker (SegmentedRaftLogWorker.java:lambda$new$0(139)) - 032c8b1c-a843-4a9d-a39a-9c5a3fe2fd36@group-4A48F8EE2848-SegmentedRaftLogWorker: flushIndex: setUnconditionally 0 -> -1
2025-02-25 14:20:44,595 [032c8b1c-a843-4a9d-a39a-9c5a3fe2fd36-groupManagement] INFO  segmented.SegmentedRaftLogWorker (SegmentedRaftLogWorker.java:lambda$new$0(139)) - 032c8b1c-a843-4a9d-a39a-9c5a3fe2fd36@group-4A48F8EE2848-SegmentedRaftLogWorker: safeCacheEvictIndex: setUnconditionally 0 -> -1
2025-02-25 14:20:44,596 [032c8b1c-a843-4a9d-a39a-9c5a3fe2fd36-groupManagement] INFO  server.RaftServer$Division (RaftServerImpl.java:start(391)) - 032c8b1c-a843-4a9d-a39a-9c5a3fe2fd36@group-4A48F8EE2848: start as a follower, conf=conf: {index: -1, cur=peers:[ea4ad806-8ee9-4fb9-9dce-2788455564d3|127.0.0.1:15052, 032c8b1c-a843-4a9d-a39a-9c5a3fe2fd36|127.0.0.1:15043, f0de3bb0-eb83-4e2a-a791-08d5bd07359b|127.0.0.1:15025]|listeners:[], old=null}
2025-02-25 14:20:44,596 [032c8b1c-a843-4a9d-a39a-9c5a3fe2fd36-groupManagement] INFO  server.RaftServer$Division (RaftServerImpl.java:setRole(378)) - 032c8b1c-a843-4a9d-a39a-9c5a3fe2fd36@group-4A48F8EE2848: changes role from      null to FOLLOWER at term 0 for startAsFollower
2025-02-25 14:20:44,596 [032c8b1c-a843-4a9d-a39a-9c5a3fe2fd36-groupManagement] INFO  impl.RoleInfo (RoleInfo.java:updateAndGet(148)) - 032c8b1c-a843-4a9d-a39a-9c5a3fe2fd36: start 032c8b1c-a843-4a9d-a39a-9c5a3fe2fd36@group-4A48F8EE2848-FollowerState
2025-02-25 14:20:44,597 [032c8b1c-a843-4a9d-a39a-9c5a3fe2fd36@group-4A48F8EE2848-FollowerState] INFO  server.RaftServerConfigKeys (ConfUtils.java:logFallback(53)) - raft.server.rpc.first-election.timeout.min = 5s (fallback to raft.server.rpc.timeout.min)
2025-02-25 14:20:44,597 [032c8b1c-a843-4a9d-a39a-9c5a3fe2fd36@group-4A48F8EE2848-FollowerState] INFO  server.RaftServerConfigKeys (ConfUtils.java:logFallback(53)) - raft.server.rpc.first-election.timeout.max = 5200ms (fallback to raft.server.rpc.timeout.max)
2025-02-25 14:20:44,597 [032c8b1c-a843-4a9d-a39a-9c5a3fe2fd36-groupManagement] INFO  util.JmxRegister (JmxRegister.java:tryRegister(44)) - Successfully registered JMX Bean with object name Ratis:service=RaftServer,group=group-4A48F8EE2848,id=032c8b1c-a843-4a9d-a39a-9c5a3fe2fd36
2025-02-25 14:20:44,597 [032c8b1c-a843-4a9d-a39a-9c5a3fe2fd36-groupManagement] INFO  util.JmxRegister (JmxRegister.java:register(58)) - register mxBean class org.apache.ratis.server.impl.RaftServerJmxAdapter as Ratis:service=RaftServer,group=group-4A48F8EE2848,id=032c8b1c-a843-4a9d-a39a-9c5a3fe2fd36
2025-02-25 14:20:44,598 [032c8b1c-a843-4a9d-a39a-9c5a3fe2fd36-groupManagement] INFO  server.RaftServerConfigKeys (ConfUtils.java:logGet(46)) - raft.server.snapshot.trigger-when-stop.enabled = true (default)
2025-02-25 14:20:44,598 [032c8b1c-a843-4a9d-a39a-9c5a3fe2fd36-groupManagement] INFO  server.RaftServerConfigKeys (ConfUtils.java:logGet(46)) - raft.server.snapshot.trigger-when-remove.enabled = true (default)
2025-02-25 14:20:44,598 [032c8b1c-a843-4a9d-a39a-9c5a3fe2fd36-groupManagement] INFO  server.RaftServerConfigKeys (ConfUtils.java:logGet(46)) - raft.server.snapshot.auto.trigger.enabled = true (custom)
2025-02-25 14:20:44,598 [032c8b1c-a843-4a9d-a39a-9c5a3fe2fd36-groupManagement] INFO  server.RaftServerConfigKeys (ConfUtils.java:logGet(46)) - raft.server.snapshot.auto.trigger.threshold = 100000 (custom)
2025-02-25 14:20:44,598 [032c8b1c-a843-4a9d-a39a-9c5a3fe2fd36-groupManagement] INFO  server.RaftServerConfigKeys (ConfUtils.java:logGet(46)) - raft.server.snapshot.retention.file.num = 5 (custom)
2025-02-25 14:20:44,598 [032c8b1c-a843-4a9d-a39a-9c5a3fe2fd36-groupManagement] INFO  server.RaftServerConfigKeys (ConfUtils.java:logGet(46)) - raft.server.log.purge.upto.snapshot.index = false (default)
2025-02-25 14:20:44,601 [032c8b1c-a843-4a9d-a39a-9c5a3fe2fd36-groupManagement] INFO  server.RaftServer$Division (RaftServerImpl.java:start(405)) - 032c8b1c-a843-4a9d-a39a-9c5a3fe2fd36@group-4A48F8EE2848: Successfully started.
2025-02-25 14:20:44,601 [032c8b1c-a843-4a9d-a39a-9c5a3fe2fd36-PipelineCommandHandlerThread-0] INFO  ratis.XceiverServerRatis (XceiverServerRatis.java:addGroup(841)) - Created group PipelineID=e9f46249-b705-4fd7-9186-4a48f8ee2848
2025-02-25 14:20:44,612 [grpc-default-executor-5] INFO  server.RaftServer (RaftServerProxy.java:addNew(100)) - ea4ad806-8ee9-4fb9-9dce-2788455564d3: addNew group-4A48F8EE2848:[ea4ad806-8ee9-4fb9-9dce-2788455564d3|127.0.0.1:15052, 032c8b1c-a843-4a9d-a39a-9c5a3fe2fd36|127.0.0.1:15043, f0de3bb0-eb83-4e2a-a791-08d5bd07359b|127.0.0.1:15025] returns group-4A48F8EE2848:java.util.concurrent.CompletableFuture@203b1b78[Not completed]
2025-02-25 14:20:44,615 [ea4ad806-8ee9-4fb9-9dce-2788455564d3-groupManagement] INFO  server.RaftServer$Division (RaftServerImpl.java:<init>(255)) - ea4ad806-8ee9-4fb9-9dce-2788455564d3: new RaftServerImpl for group-4A48F8EE2848:[ea4ad806-8ee9-4fb9-9dce-2788455564d3|127.0.0.1:15052, 032c8b1c-a843-4a9d-a39a-9c5a3fe2fd36|127.0.0.1:15043, f0de3bb0-eb83-4e2a-a791-08d5bd07359b|127.0.0.1:15025] with ContainerStateMachine:uninitialized
2025-02-25 14:20:44,615 [ea4ad806-8ee9-4fb9-9dce-2788455564d3-groupManagement] INFO  server.RaftServerConfigKeys (ConfUtils.java:logGet(46)) - raft.server.rpc.timeout.min = 5s (custom)
2025-02-25 14:20:44,616 [ea4ad806-8ee9-4fb9-9dce-2788455564d3-groupManagement] INFO  server.RaftServerConfigKeys (ConfUtils.java:logGet(46)) - raft.server.rpc.timeout.max = 5200ms (custom)
2025-02-25 14:20:44,616 [ea4ad806-8ee9-4fb9-9dce-2788455564d3-groupManagement] INFO  server.RaftServerConfigKeys (ConfUtils.java:logGet(46)) - raft.server.rpc.sleep.time = 25ms (default)
2025-02-25 14:20:44,616 [ea4ad806-8ee9-4fb9-9dce-2788455564d3-groupManagement] INFO  server.RaftServerConfigKeys (ConfUtils.java:logGet(46)) - raft.server.rpc.slowness.timeout = 300000ms (custom)
2025-02-25 14:20:44,616 [ea4ad806-8ee9-4fb9-9dce-2788455564d3-groupManagement] INFO  server.RaftServerConfigKeys (ConfUtils.java:logGet(46)) - raft.server.leaderelection.leader.step-down.wait-time = 10s (default)
2025-02-25 14:20:44,616 [ea4ad806-8ee9-4fb9-9dce-2788455564d3-groupManagement] INFO  server.RaftServerConfigKeys (ConfUtils.java:logGet(46)) - raft.server.leaderelection.member.majority-add = false (default)
2025-02-25 14:20:44,616 [ea4ad806-8ee9-4fb9-9dce-2788455564d3-groupManagement] INFO  server.RaftServerConfigKeys (ConfUtils.java:logGet(46)) - raft.server.sleep.deviation.threshold = 300ms (default)
2025-02-25 14:20:44,616 [ea4ad806-8ee9-4fb9-9dce-2788455564d3-groupManagement] INFO  server.RaftServer$Division (ServerState.java:<init>(114)) - ea4ad806-8ee9-4fb9-9dce-2788455564d3@group-4A48F8EE2848: ConfigurationManager, init=conf: {index: -1, cur=peers:[ea4ad806-8ee9-4fb9-9dce-2788455564d3|127.0.0.1:15052, 032c8b1c-a843-4a9d-a39a-9c5a3fe2fd36|127.0.0.1:15043, f0de3bb0-eb83-4e2a-a791-08d5bd07359b|127.0.0.1:15025]|listeners:[], old=null}, confs=<EMPTY_MAP>
2025-02-25 14:20:44,616 [ea4ad806-8ee9-4fb9-9dce-2788455564d3-groupManagement] INFO  server.RaftServerConfigKeys (ConfUtils.java:logGet(46)) - raft.server.notification.no-leader.timeout = 300000ms (custom)
2025-02-25 14:20:44,616 [ea4ad806-8ee9-4fb9-9dce-2788455564d3-groupManagement] INFO  server.RaftServerConfigKeys (ConfUtils.java:logGet(46)) - raft.server.read.timeout = 10s (default)
2025-02-25 14:20:44,616 [ea4ad806-8ee9-4fb9-9dce-2788455564d3-groupManagement] INFO  server.RaftServerConfigKeys (ConfUtils.java:logGet(46)) - raft.server.retrycache.expirytime = 600000ms (custom)
2025-02-25 14:20:44,616 [ea4ad806-8ee9-4fb9-9dce-2788455564d3-groupManagement] INFO  server.RaftServerConfigKeys (ConfUtils.java:logGet(46)) - raft.server.retrycache.statistics.expirytime = 100ms (default)
2025-02-25 14:20:44,617 [ea4ad806-8ee9-4fb9-9dce-2788455564d3-groupManagement] INFO  server.RaftServerConfigKeys (ConfUtils.java:logGet(46)) - raft.server.read.option = DEFAULT (default)
2025-02-25 14:20:44,617 [ea4ad806-8ee9-4fb9-9dce-2788455564d3-groupManagement] INFO  server.RaftServerConfigKeys (ConfUtils.java:logGet(46)) - raft.server.read.read-after-write-consistent.write-index-cache.expiry-time = 60s (default)
2025-02-25 14:20:44,622 [ea4ad806-8ee9-4fb9-9dce-2788455564d3-groupManagement] INFO  server.RaftServerConfigKeys (ConfUtils.java:logGet(46)) - raft.server.rpc.request.timeout = 3000ms (default)
2025-02-25 14:20:44,623 [ea4ad806-8ee9-4fb9-9dce-2788455564d3-groupManagement] INFO  server.RaftServerConfigKeys (ConfUtils.java:logGet(46)) - raft.server.log.appender.install.snapshot.enabled = false (custom)
2025-02-25 14:20:44,623 [ea4ad806-8ee9-4fb9-9dce-2788455564d3-groupManagement] INFO  server.RaftServerConfigKeys (ConfUtils.java:logGet(46)) - raft.server.threadpool.server.cached = true (default)
2025-02-25 14:20:44,623 [ea4ad806-8ee9-4fb9-9dce-2788455564d3-groupManagement] INFO  server.RaftServerConfigKeys (ConfUtils.java:logGet(46)) - raft.server.threadpool.server.size = 0 (default)
2025-02-25 14:20:44,623 [ea4ad806-8ee9-4fb9-9dce-2788455564d3-groupManagement] INFO  server.RaftServerConfigKeys (ConfUtils.java:logGet(46)) - raft.server.threadpool.client.cached = true (default)
2025-02-25 14:20:44,623 [ea4ad806-8ee9-4fb9-9dce-2788455564d3-groupManagement] INFO  server.RaftServerConfigKeys (ConfUtils.java:logGet(46)) - raft.server.threadpool.client.size = 0 (default)
2025-02-25 14:20:44,623 [ea4ad806-8ee9-4fb9-9dce-2788455564d3-groupManagement] INFO  server.RaftServerConfigKeys (ConfUtils.java:logGet(46)) - raft.server.storage.free-space.min = 0MB (=0) (default)
2025-02-25 14:20:44,623 [ea4ad806-8ee9-4fb9-9dce-2788455564d3-groupManagement] INFO  server.RaftServerConfigKeys (ConfUtils.java:logGet(46)) - raft.server.log.corruption.policy = EXCEPTION (default)
2025-02-25 14:20:44,623 [ea4ad806-8ee9-4fb9-9dce-2788455564d3-groupManagement] INFO  server.RaftServerConfigKeys (ConfUtils.java:logGet(46)) - raft.server.storage.dir = [/home/runner/work/ozone/ozone/hadoop-ozone/integration-test/target/test-dir/MiniOzoneClusterImpl-b4714a4f-035e-4bbe-aae1-aaeac144a409/ozone-meta/datanode-5/ratis] (custom)
2025-02-25 14:20:44,623 [ea4ad806-8ee9-4fb9-9dce-2788455564d3-groupManagement] INFO  storage.RaftStorageDirectory (RaftStorageDirectoryImpl.java:analyzeStorage(138)) - The storage directory /home/runner/work/ozone/ozone/hadoop-ozone/integration-test/target/test-dir/MiniOzoneClusterImpl-b4714a4f-035e-4bbe-aae1-aaeac144a409/ozone-meta/datanode-5/ratis/e9f46249-b705-4fd7-9186-4a48f8ee2848 does not exist. Creating ...
2025-02-25 14:20:44,625 [ea4ad806-8ee9-4fb9-9dce-2788455564d3-groupManagement] INFO  storage.RaftStorageDirectory (RaftStorageDirectoryImpl.java:tryLock(229)) - Lock on /home/runner/work/ozone/ozone/hadoop-ozone/integration-test/target/test-dir/MiniOzoneClusterImpl-b4714a4f-035e-4bbe-aae1-aaeac144a409/ozone-meta/datanode-5/ratis/e9f46249-b705-4fd7-9186-4a48f8ee2848/in_use.lock acquired by nodename 61090@fv-az1326-920
2025-02-25 14:20:44,627 [ea4ad806-8ee9-4fb9-9dce-2788455564d3-groupManagement] INFO  storage.RaftStorage (RaftStorageImpl.java:format(98)) - Storage directory /home/runner/work/ozone/ozone/hadoop-ozone/integration-test/target/test-dir/MiniOzoneClusterImpl-b4714a4f-035e-4bbe-aae1-aaeac144a409/ozone-meta/datanode-5/ratis/e9f46249-b705-4fd7-9186-4a48f8ee2848 has been successfully formatted.
2025-02-25 14:20:44,627 [ea4ad806-8ee9-4fb9-9dce-2788455564d3-groupManagement] INFO  ratis.ContainerStateMachine (ContainerStateMachine.java:initialize(300)) - ea4ad806-8ee9-4fb9-9dce-2788455564d3: initialize group-4A48F8EE2848
2025-02-25 14:20:44,630 [ea4ad806-8ee9-4fb9-9dce-2788455564d3-groupManagement] INFO  ratis.ContainerStateMachine (ContainerStateMachine.java:loadSnapshot(308)) - group-4A48F8EE2848: The snapshot info is null. Setting the last applied index to:(t:0, i:~)
2025-02-25 14:20:44,630 [ea4ad806-8ee9-4fb9-9dce-2788455564d3-groupManagement] INFO  server.RaftServerConfigKeys (ConfUtils.java:logGet(46)) - raft.server.log.use.memory = false (default)
2025-02-25 14:20:44,632 [ea4ad806-8ee9-4fb9-9dce-2788455564d3-groupManagement] INFO  server.RaftServerConfigKeys (ConfUtils.java:logGet(46)) - raft.server.log.purge.gap = 1000000 (custom)
2025-02-25 14:20:44,633 [ea4ad806-8ee9-4fb9-9dce-2788455564d3-groupManagement] INFO  server.RaftServerConfigKeys (ConfUtils.java:logGet(46)) - raft.server.log.appender.buffer.byte-limit = 33554432 (custom)
2025-02-25 14:20:44,633 [ea4ad806-8ee9-4fb9-9dce-2788455564d3-groupManagement] INFO  server.RaftServerConfigKeys (ConfUtils.java:logGet(46)) - raft.server.log.statemachine.data.read.timeout = 1000ms (default)
2025-02-25 14:20:44,633 [ea4ad806-8ee9-4fb9-9dce-2788455564d3-groupManagement] INFO  server.RaftServerConfigKeys (ConfUtils.java:logGet(46)) - raft.server.log.purge.preservation.log.num = 0 (default)
2025-02-25 14:20:44,636 [ea4ad806-8ee9-4fb9-9dce-2788455564d3-groupManagement] INFO  server.RaftServerConfigKeys (ConfUtils.java:logGet(46)) - raft.server.log.segment.size.max = 67108864 (custom)
2025-02-25 14:20:44,637 [ea4ad806-8ee9-4fb9-9dce-2788455564d3-groupManagement] INFO  server.RaftServerConfigKeys (ConfUtils.java:logGet(46)) - raft.server.log.segment.cache.num.max = 2 (custom)
2025-02-25 14:20:44,638 [ea4ad806-8ee9-4fb9-9dce-2788455564d3-groupManagement] INFO  server.RaftServerConfigKeys (ConfUtils.java:logGet(46)) - raft.server.log.segment.cache.size.max = 200MB (=209715200) (default)
2025-02-25 14:20:44,638 [ea4ad806-8ee9-4fb9-9dce-2788455564d3-groupManagement] INFO  server.RaftServerConfigKeys (ConfUtils.java:logGet(46)) - raft.server.log.appender.buffer.byte-limit = 33554432 (custom)
2025-02-25 14:20:44,639 [ea4ad806-8ee9-4fb9-9dce-2788455564d3-groupManagement] INFO  util.AwaitToRun (AwaitToRun.java:start(81)) - Thread[#1302,ea4ad806-8ee9-4fb9-9dce-2788455564d3@group-4A48F8EE2848-cacheEviction-AwaitToRun,5,main] started
2025-02-25 14:20:44,639 [ea4ad806-8ee9-4fb9-9dce-2788455564d3-groupManagement] INFO  segmented.SegmentedRaftLogWorker (SegmentedRaftLogWorker.java:<init>(188)) - new ea4ad806-8ee9-4fb9-9dce-2788455564d3@group-4A48F8EE2848-SegmentedRaftLogWorker for RaftStorageImpl:Storage Directory /home/runner/work/ozone/ozone/hadoop-ozone/integration-test/target/test-dir/MiniOzoneClusterImpl-b4714a4f-035e-4bbe-aae1-aaeac144a409/ozone-meta/datanode-5/ratis/e9f46249-b705-4fd7-9186-4a48f8ee2848
2025-02-25 14:20:44,640 [ea4ad806-8ee9-4fb9-9dce-2788455564d3-groupManagement] INFO  server.RaftServerConfigKeys (ConfUtils.java:logGet(46)) - raft.server.log.queue.byte-limit = 4294967296 (custom)
2025-02-25 14:20:44,640 [ea4ad806-8ee9-4fb9-9dce-2788455564d3-groupManagement] INFO  server.RaftServerConfigKeys (ConfUtils.java:logGet(46)) - raft.server.log.queue.element-limit = 1024 (custom)
2025-02-25 14:20:44,640 [ea4ad806-8ee9-4fb9-9dce-2788455564d3-groupManagement] INFO  server.RaftServerConfigKeys (ConfUtils.java:logGet(46)) - raft.server.log.segment.size.max = 67108864 (custom)
2025-02-25 14:20:44,640 [ea4ad806-8ee9-4fb9-9dce-2788455564d3-groupManagement] INFO  server.RaftServerConfigKeys (ConfUtils.java:logGet(46)) - raft.server.log.preallocated.size = 4194304 (custom)
2025-02-25 14:20:44,640 [ea4ad806-8ee9-4fb9-9dce-2788455564d3-groupManagement] INFO  server.RaftServerConfigKeys (ConfUtils.java:logGet(46)) - raft.server.log.force.sync.num = 128 (default)
2025-02-25 14:20:44,640 [ea4ad806-8ee9-4fb9-9dce-2788455564d3-groupManagement] INFO  server.RaftServerConfigKeys (ConfUtils.java:logGet(46)) - raft.server.log.statemachine.data.sync = true (default)
2025-02-25 14:20:44,640 [ea4ad806-8ee9-4fb9-9dce-2788455564d3-groupManagement] INFO  server.RaftServerConfigKeys (ConfUtils.java:logGet(46)) - raft.server.log.statemachine.data.sync.timeout = 10s (default)
2025-02-25 14:20:44,640 [ea4ad806-8ee9-4fb9-9dce-2788455564d3-groupManagement] INFO  server.RaftServerConfigKeys (ConfUtils.java:logGet(46)) - raft.server.log.statemachine.data.sync.timeout.retry = 30 (custom)
2025-02-25 14:20:44,642 [ea4ad806-8ee9-4fb9-9dce-2788455564d3-groupManagement] INFO  server.RaftServerConfigKeys (ConfUtils.java:logGet(46)) - raft.server.log.write.buffer.size = 33554440 (custom)
2025-02-25 14:20:44,648 [ea4ad806-8ee9-4fb9-9dce-2788455564d3-groupManagement] INFO  server.RaftServerConfigKeys (ConfUtils.java:logGet(46)) - raft.server.log.appender.buffer.byte-limit = 33554432 (custom)
2025-02-25 14:20:44,649 [ea4ad806-8ee9-4fb9-9dce-2788455564d3-groupManagement] INFO  server.RaftServerConfigKeys (ConfUtils.java:logGet(46)) - raft.server.log.unsafe-flush.enabled = false (default)
2025-02-25 14:20:44,649 [ea4ad806-8ee9-4fb9-9dce-2788455564d3-groupManagement] INFO  server.RaftServerConfigKeys (ConfUtils.java:logGet(46)) - raft.server.log.async-flush.enabled = false (default)
2025-02-25 14:20:44,649 [ea4ad806-8ee9-4fb9-9dce-2788455564d3-groupManagement] INFO  server.RaftServerConfigKeys (ConfUtils.java:logGet(46)) - raft.server.log.statemachine.data.caching.enabled = true (custom)
2025-02-25 14:20:44,650 [ea4ad806-8ee9-4fb9-9dce-2788455564d3-groupManagement] INFO  segmented.SegmentedRaftLogWorker (SegmentedRaftLogWorker.java:lambda$new$0(139)) - ea4ad806-8ee9-4fb9-9dce-2788455564d3@group-4A48F8EE2848-SegmentedRaftLogWorker: flushIndex: setUnconditionally 0 -> -1
2025-02-25 14:20:44,650 [ea4ad806-8ee9-4fb9-9dce-2788455564d3-groupManagement] INFO  segmented.SegmentedRaftLogWorker (SegmentedRaftLogWorker.java:lambda$new$0(139)) - ea4ad806-8ee9-4fb9-9dce-2788455564d3@group-4A48F8EE2848-SegmentedRaftLogWorker: safeCacheEvictIndex: setUnconditionally 0 -> -1
2025-02-25 14:20:44,650 [ea4ad806-8ee9-4fb9-9dce-2788455564d3-groupManagement] INFO  server.RaftServer$Division (RaftServerImpl.java:start(391)) - ea4ad806-8ee9-4fb9-9dce-2788455564d3@group-4A48F8EE2848: start as a follower, conf=conf: {index: -1, cur=peers:[ea4ad806-8ee9-4fb9-9dce-2788455564d3|127.0.0.1:15052, 032c8b1c-a843-4a9d-a39a-9c5a3fe2fd36|127.0.0.1:15043, f0de3bb0-eb83-4e2a-a791-08d5bd07359b|127.0.0.1:15025]|listeners:[], old=null}
2025-02-25 14:20:44,651 [ea4ad806-8ee9-4fb9-9dce-2788455564d3-groupManagement] INFO  server.RaftServer$Division (RaftServerImpl.java:setRole(378)) - ea4ad806-8ee9-4fb9-9dce-2788455564d3@group-4A48F8EE2848: changes role from      null to FOLLOWER at term 0 for startAsFollower
2025-02-25 14:20:44,651 [ea4ad806-8ee9-4fb9-9dce-2788455564d3-groupManagement] INFO  impl.RoleInfo (RoleInfo.java:updateAndGet(148)) - ea4ad806-8ee9-4fb9-9dce-2788455564d3: start ea4ad806-8ee9-4fb9-9dce-2788455564d3@group-4A48F8EE2848-FollowerState
2025-02-25 14:20:44,651 [ea4ad806-8ee9-4fb9-9dce-2788455564d3-groupManagement] INFO  util.JmxRegister (JmxRegister.java:tryRegister(44)) - Successfully registered JMX Bean with object name Ratis:service=RaftServer,group=group-4A48F8EE2848,id=ea4ad806-8ee9-4fb9-9dce-2788455564d3
2025-02-25 14:20:44,651 [ea4ad806-8ee9-4fb9-9dce-2788455564d3@group-4A48F8EE2848-FollowerState] INFO  server.RaftServerConfigKeys (ConfUtils.java:logFallback(53)) - raft.server.rpc.first-election.timeout.min = 5s (fallback to raft.server.rpc.timeout.min)
2025-02-25 14:20:44,651 [ea4ad806-8ee9-4fb9-9dce-2788455564d3-groupManagement] INFO  util.JmxRegister (JmxRegister.java:register(58)) - register mxBean class org.apache.ratis.server.impl.RaftServerJmxAdapter as Ratis:service=RaftServer,group=group-4A48F8EE2848,id=ea4ad806-8ee9-4fb9-9dce-2788455564d3
2025-02-25 14:20:44,652 [ea4ad806-8ee9-4fb9-9dce-2788455564d3-groupManagement] INFO  server.RaftServerConfigKeys (ConfUtils.java:logGet(46)) - raft.server.snapshot.trigger-when-stop.enabled = true (default)
2025-02-25 14:20:44,652 [ea4ad806-8ee9-4fb9-9dce-2788455564d3-groupManagement] INFO  server.RaftServerConfigKeys (ConfUtils.java:logGet(46)) - raft.server.snapshot.trigger-when-remove.enabled = true (default)
2025-02-25 14:20:44,652 [ea4ad806-8ee9-4fb9-9dce-2788455564d3-groupManagement] INFO  server.RaftServerConfigKeys (ConfUtils.java:logGet(46)) - raft.server.snapshot.auto.trigger.enabled = true (custom)
2025-02-25 14:20:44,652 [ea4ad806-8ee9-4fb9-9dce-2788455564d3-groupManagement] INFO  server.RaftServerConfigKeys (ConfUtils.java:logGet(46)) - raft.server.snapshot.auto.trigger.threshold = 100000 (custom)
2025-02-25 14:20:44,652 [ea4ad806-8ee9-4fb9-9dce-2788455564d3-groupManagement] INFO  server.RaftServerConfigKeys (ConfUtils.java:logGet(46)) - raft.server.snapshot.retention.file.num = 5 (custom)
2025-02-25 14:20:44,652 [ea4ad806-8ee9-4fb9-9dce-2788455564d3-groupManagement] INFO  server.RaftServerConfigKeys (ConfUtils.java:logGet(46)) - raft.server.log.purge.upto.snapshot.index = false (default)
2025-02-25 14:20:44,652 [ea4ad806-8ee9-4fb9-9dce-2788455564d3@group-4A48F8EE2848-FollowerState] INFO  server.RaftServerConfigKeys (ConfUtils.java:logFallback(53)) - raft.server.rpc.first-election.timeout.max = 5200ms (fallback to raft.server.rpc.timeout.max)
2025-02-25 14:20:44,653 [ea4ad806-8ee9-4fb9-9dce-2788455564d3-groupManagement] INFO  server.RaftServer$Division (RaftServerImpl.java:start(405)) - ea4ad806-8ee9-4fb9-9dce-2788455564d3@group-4A48F8EE2848: Successfully started.
2025-02-25 14:20:44,664 [grpc-default-executor-5] INFO  server.RaftServer (RaftServerProxy.java:addNew(100)) - f0de3bb0-eb83-4e2a-a791-08d5bd07359b: addNew group-4A48F8EE2848:[ea4ad806-8ee9-4fb9-9dce-2788455564d3|127.0.0.1:15052, 032c8b1c-a843-4a9d-a39a-9c5a3fe2fd36|127.0.0.1:15043, f0de3bb0-eb83-4e2a-a791-08d5bd07359b|127.0.0.1:15025] returns group-4A48F8EE2848:java.util.concurrent.CompletableFuture@a50e0f6[Not completed]
2025-02-25 14:20:44,666 [f0de3bb0-eb83-4e2a-a791-08d5bd07359b-groupManagement] INFO  server.RaftServer$Division (RaftServerImpl.java:<init>(255)) - f0de3bb0-eb83-4e2a-a791-08d5bd07359b: new RaftServerImpl for group-4A48F8EE2848:[ea4ad806-8ee9-4fb9-9dce-2788455564d3|127.0.0.1:15052, 032c8b1c-a843-4a9d-a39a-9c5a3fe2fd36|127.0.0.1:15043, f0de3bb0-eb83-4e2a-a791-08d5bd07359b|127.0.0.1:15025] with ContainerStateMachine:uninitialized
2025-02-25 14:20:44,666 [f0de3bb0-eb83-4e2a-a791-08d5bd07359b-groupManagement] INFO  server.RaftServerConfigKeys (ConfUtils.java:logGet(46)) - raft.server.rpc.timeout.min = 5s (custom)
2025-02-25 14:20:44,666 [f0de3bb0-eb83-4e2a-a791-08d5bd07359b-groupManagement] INFO  server.RaftServerConfigKeys (ConfUtils.java:logGet(46)) - raft.server.rpc.timeout.max = 5200ms (custom)
2025-02-25 14:20:44,666 [f0de3bb0-eb83-4e2a-a791-08d5bd07359b-groupManagement] INFO  server.RaftServerConfigKeys (ConfUtils.java:logGet(46)) - raft.server.rpc.sleep.time = 25ms (default)
2025-02-25 14:20:44,666 [f0de3bb0-eb83-4e2a-a791-08d5bd07359b-groupManagement] INFO  server.RaftServerConfigKeys (ConfUtils.java:logGet(46)) - raft.server.rpc.slowness.timeout = 300000ms (custom)
2025-02-25 14:20:44,667 [f0de3bb0-eb83-4e2a-a791-08d5bd07359b-groupManagement] INFO  server.RaftServerConfigKeys (ConfUtils.java:logGet(46)) - raft.server.leaderelection.leader.step-down.wait-time = 10s (default)
2025-02-25 14:20:44,667 [f0de3bb0-eb83-4e2a-a791-08d5bd07359b-groupManagement] INFO  server.RaftServerConfigKeys (ConfUtils.java:logGet(46)) - raft.server.leaderelection.member.majority-add = false (default)
2025-02-25 14:20:44,667 [f0de3bb0-eb83-4e2a-a791-08d5bd07359b-groupManagement] INFO  server.RaftServerConfigKeys (ConfUtils.java:logGet(46)) - raft.server.sleep.deviation.threshold = 300ms (default)
2025-02-25 14:20:44,667 [f0de3bb0-eb83-4e2a-a791-08d5bd07359b-groupManagement] INFO  server.RaftServer$Division (ServerState.java:<init>(114)) - f0de3bb0-eb83-4e2a-a791-08d5bd07359b@group-4A48F8EE2848: ConfigurationManager, init=conf: {index: -1, cur=peers:[ea4ad806-8ee9-4fb9-9dce-2788455564d3|127.0.0.1:15052, 032c8b1c-a843-4a9d-a39a-9c5a3fe2fd36|127.0.0.1:15043, f0de3bb0-eb83-4e2a-a791-08d5bd07359b|127.0.0.1:15025]|listeners:[], old=null}, confs=<EMPTY_MAP>
2025-02-25 14:20:44,667 [f0de3bb0-eb83-4e2a-a791-08d5bd07359b-groupManagement] INFO  server.RaftServerConfigKeys (ConfUtils.java:logGet(46)) - raft.server.notification.no-leader.timeout = 300000ms (custom)
2025-02-25 14:20:44,668 [f0de3bb0-eb83-4e2a-a791-08d5bd07359b-groupManagement] INFO  server.RaftServerConfigKeys (ConfUtils.java:logGet(46)) - raft.server.read.timeout = 10s (default)
2025-02-25 14:20:44,668 [f0de3bb0-eb83-4e2a-a791-08d5bd07359b-groupManagement] INFO  server.RaftServerConfigKeys (ConfUtils.java:logGet(46)) - raft.server.retrycache.expirytime = 600000ms (custom)
2025-02-25 14:20:44,668 [f0de3bb0-eb83-4e2a-a791-08d5bd07359b-groupManagement] INFO  server.RaftServerConfigKeys (ConfUtils.java:logGet(46)) - raft.server.retrycache.statistics.expirytime = 100ms (default)
2025-02-25 14:20:44,668 [f0de3bb0-eb83-4e2a-a791-08d5bd07359b-groupManagement] INFO  server.RaftServerConfigKeys (ConfUtils.java:logGet(46)) - raft.server.read.option = DEFAULT (default)
2025-02-25 14:20:44,668 [f0de3bb0-eb83-4e2a-a791-08d5bd07359b-groupManagement] INFO  server.RaftServerConfigKeys (ConfUtils.java:logGet(46)) - raft.server.read.read-after-write-consistent.write-index-cache.expiry-time = 60s (default)
2025-02-25 14:20:44,674 [f0de3bb0-eb83-4e2a-a791-08d5bd07359b-groupManagement] INFO  server.RaftServerConfigKeys (ConfUtils.java:logGet(46)) - raft.server.rpc.request.timeout = 3000ms (default)
2025-02-25 14:20:44,674 [f0de3bb0-eb83-4e2a-a791-08d5bd07359b-groupManagement] INFO  server.RaftServerConfigKeys (ConfUtils.java:logGet(46)) - raft.server.log.appender.install.snapshot.enabled = false (custom)
2025-02-25 14:20:44,674 [f0de3bb0-eb83-4e2a-a791-08d5bd07359b-groupManagement] INFO  server.RaftServerConfigKeys (ConfUtils.java:logGet(46)) - raft.server.threadpool.server.cached = true (default)
2025-02-25 14:20:44,674 [f0de3bb0-eb83-4e2a-a791-08d5bd07359b-groupManagement] INFO  server.RaftServerConfigKeys (ConfUtils.java:logGet(46)) - raft.server.threadpool.server.size = 0 (default)
2025-02-25 14:20:44,674 [f0de3bb0-eb83-4e2a-a791-08d5bd07359b-groupManagement] INFO  server.RaftServerConfigKeys (ConfUtils.java:logGet(46)) - raft.server.threadpool.client.cached = true (default)
2025-02-25 14:20:44,674 [f0de3bb0-eb83-4e2a-a791-08d5bd07359b-groupManagement] INFO  server.RaftServerConfigKeys (ConfUtils.java:logGet(46)) - raft.server.threadpool.client.size = 0 (default)
2025-02-25 14:20:44,674 [f0de3bb0-eb83-4e2a-a791-08d5bd07359b-groupManagement] INFO  server.RaftServerConfigKeys (ConfUtils.java:logGet(46)) - raft.server.storage.free-space.min = 0MB (=0) (default)
2025-02-25 14:20:44,674 [f0de3bb0-eb83-4e2a-a791-08d5bd07359b-groupManagement] INFO  server.RaftServerConfigKeys (ConfUtils.java:logGet(46)) - raft.server.log.corruption.policy = EXCEPTION (default)
2025-02-25 14:20:44,675 [f0de3bb0-eb83-4e2a-a791-08d5bd07359b-groupManagement] INFO  server.RaftServerConfigKeys (ConfUtils.java:logGet(46)) - raft.server.storage.dir = [/home/runner/work/ozone/ozone/hadoop-ozone/integration-test/target/test-dir/MiniOzoneClusterImpl-b4714a4f-035e-4bbe-aae1-aaeac144a409/ozone-meta/datanode-2/ratis] (custom)
2025-02-25 14:20:44,675 [f0de3bb0-eb83-4e2a-a791-08d5bd07359b-groupManagement] INFO  storage.RaftStorageDirectory (RaftStorageDirectoryImpl.java:analyzeStorage(138)) - The storage directory /home/runner/work/ozone/ozone/hadoop-ozone/integration-test/target/test-dir/MiniOzoneClusterImpl-b4714a4f-035e-4bbe-aae1-aaeac144a409/ozone-meta/datanode-2/ratis/e9f46249-b705-4fd7-9186-4a48f8ee2848 does not exist. Creating ...
2025-02-25 14:20:44,676 [f0de3bb0-eb83-4e2a-a791-08d5bd07359b-groupManagement] INFO  storage.RaftStorageDirectory (RaftStorageDirectoryImpl.java:tryLock(229)) - Lock on /home/runner/work/ozone/ozone/hadoop-ozone/integration-test/target/test-dir/MiniOzoneClusterImpl-b4714a4f-035e-4bbe-aae1-aaeac144a409/ozone-meta/datanode-2/ratis/e9f46249-b705-4fd7-9186-4a48f8ee2848/in_use.lock acquired by nodename 61090@fv-az1326-920
2025-02-25 14:20:44,677 [f0de3bb0-eb83-4e2a-a791-08d5bd07359b-groupManagement] INFO  storage.RaftStorage (RaftStorageImpl.java:format(98)) - Storage directory /home/runner/work/ozone/ozone/hadoop-ozone/integration-test/target/test-dir/MiniOzoneClusterImpl-b4714a4f-035e-4bbe-aae1-aaeac144a409/ozone-meta/datanode-2/ratis/e9f46249-b705-4fd7-9186-4a48f8ee2848 has been successfully formatted.
2025-02-25 14:20:44,678 [f0de3bb0-eb83-4e2a-a791-08d5bd07359b-groupManagement] INFO  ratis.ContainerStateMachine (ContainerStateMachine.java:initialize(300)) - f0de3bb0-eb83-4e2a-a791-08d5bd07359b: initialize group-4A48F8EE2848
2025-02-25 14:20:44,678 [f0de3bb0-eb83-4e2a-a791-08d5bd07359b-groupManagement] INFO  ratis.ContainerStateMachine (ContainerStateMachine.java:loadSnapshot(308)) - group-4A48F8EE2848: The snapshot info is null. Setting the last applied index to:(t:0, i:~)
2025-02-25 14:20:44,679 [f0de3bb0-eb83-4e2a-a791-08d5bd07359b-groupManagement] INFO  server.RaftServerConfigKeys (ConfUtils.java:logGet(46)) - raft.server.log.use.memory = false (default)
2025-02-25 14:20:44,679 [f0de3bb0-eb83-4e2a-a791-08d5bd07359b-groupManagement] INFO  server.RaftServerConfigKeys (ConfUtils.java:logGet(46)) - raft.server.log.purge.gap = 1000000 (custom)
2025-02-25 14:20:44,679 [f0de3bb0-eb83-4e2a-a791-08d5bd07359b-groupManagement] INFO  server.RaftServerConfigKeys (ConfUtils.java:logGet(46)) - raft.server.log.appender.buffer.byte-limit = 33554432 (custom)
2025-02-25 14:20:44,679 [f0de3bb0-eb83-4e2a-a791-08d5bd07359b-groupManagement] INFO  server.RaftServerConfigKeys (ConfUtils.java:logGet(46)) - raft.server.log.statemachine.data.read.timeout = 1000ms (default)
2025-02-25 14:20:44,679 [f0de3bb0-eb83-4e2a-a791-08d5bd07359b-groupManagement] INFO  server.RaftServerConfigKeys (ConfUtils.java:logGet(46)) - raft.server.log.purge.preservation.log.num = 0 (default)
2025-02-25 14:20:44,682 [f0de3bb0-eb83-4e2a-a791-08d5bd07359b-groupManagement] INFO  server.RaftServerConfigKeys (ConfUtils.java:logGet(46)) - raft.server.log.segment.size.max = 67108864 (custom)
2025-02-25 14:20:44,683 [f0de3bb0-eb83-4e2a-a791-08d5bd07359b-groupManagement] INFO  server.RaftServerConfigKeys (ConfUtils.java:logGet(46)) - raft.server.log.segment.cache.num.max = 2 (custom)
2025-02-25 14:20:44,683 [f0de3bb0-eb83-4e2a-a791-08d5bd07359b-groupManagement] INFO  server.RaftServerConfigKeys (ConfUtils.java:logGet(46)) - raft.server.log.segment.cache.size.max = 200MB (=209715200) (default)
2025-02-25 14:20:44,683 [f0de3bb0-eb83-4e2a-a791-08d5bd07359b-groupManagement] INFO  server.RaftServerConfigKeys (ConfUtils.java:logGet(46)) - raft.server.log.appender.buffer.byte-limit = 33554432 (custom)
2025-02-25 14:20:44,683 [f0de3bb0-eb83-4e2a-a791-08d5bd07359b-groupManagement] INFO  util.AwaitToRun (AwaitToRun.java:start(81)) - Thread[#1309,f0de3bb0-eb83-4e2a-a791-08d5bd07359b@group-4A48F8EE2848-cacheEviction-AwaitToRun,5,main] started
2025-02-25 14:20:44,683 [f0de3bb0-eb83-4e2a-a791-08d5bd07359b-groupManagement] INFO  segmented.SegmentedRaftLogWorker (SegmentedRaftLogWorker.java:<init>(188)) - new f0de3bb0-eb83-4e2a-a791-08d5bd07359b@group-4A48F8EE2848-SegmentedRaftLogWorker for RaftStorageImpl:Storage Directory /home/runner/work/ozone/ozone/hadoop-ozone/integration-test/target/test-dir/MiniOzoneClusterImpl-b4714a4f-035e-4bbe-aae1-aaeac144a409/ozone-meta/datanode-2/ratis/e9f46249-b705-4fd7-9186-4a48f8ee2848
2025-02-25 14:20:44,683 [f0de3bb0-eb83-4e2a-a791-08d5bd07359b-groupManagement] INFO  server.RaftServerConfigKeys (ConfUtils.java:logGet(46)) - raft.server.log.queue.byte-limit = 4294967296 (custom)
2025-02-25 14:20:44,683 [f0de3bb0-eb83-4e2a-a791-08d5bd07359b-groupManagement] INFO  server.RaftServerConfigKeys (ConfUtils.java:logGet(46)) - raft.server.log.queue.element-limit = 1024 (custom)
2025-02-25 14:20:44,683 [f0de3bb0-eb83-4e2a-a791-08d5bd07359b-groupManagement] INFO  server.RaftServerConfigKeys (ConfUtils.java:logGet(46)) - raft.server.log.segment.size.max = 67108864 (custom)
2025-02-25 14:20:44,683 [f0de3bb0-eb83-4e2a-a791-08d5bd07359b-groupManagement] INFO  server.RaftServerConfigKeys (ConfUtils.java:logGet(46)) - raft.server.log.preallocated.size = 4194304 (custom)
2025-02-25 14:20:44,683 [f0de3bb0-eb83-4e2a-a791-08d5bd07359b-groupManagement] INFO  server.RaftServerConfigKeys (ConfUtils.java:logGet(46)) - raft.server.log.force.sync.num = 128 (default)
2025-02-25 14:20:44,683 [f0de3bb0-eb83-4e2a-a791-08d5bd07359b-groupManagement] INFO  server.RaftServerConfigKeys (ConfUtils.java:logGet(46)) - raft.server.log.statemachine.data.sync = true (default)
2025-02-25 14:20:44,683 [f0de3bb0-eb83-4e2a-a791-08d5bd07359b-groupManagement] INFO  server.RaftServerConfigKeys (ConfUtils.java:logGet(46)) - raft.server.log.statemachine.data.sync.timeout = 10s (default)
2025-02-25 14:20:44,684 [f0de3bb0-eb83-4e2a-a791-08d5bd07359b-groupManagement] INFO  server.RaftServerConfigKeys (ConfUtils.java:logGet(46)) - raft.server.log.statemachine.data.sync.timeout.retry = 30 (custom)
2025-02-25 14:20:44,684 [f0de3bb0-eb83-4e2a-a791-08d5bd07359b-groupManagement] INFO  server.RaftServerConfigKeys (ConfUtils.java:logGet(46)) - raft.server.log.write.buffer.size = 33554440 (custom)
2025-02-25 14:20:44,695 [f0de3bb0-eb83-4e2a-a791-08d5bd07359b-groupManagement] INFO  server.RaftServerConfigKeys (ConfUtils.java:logGet(46)) - raft.server.log.appender.buffer.byte-limit = 33554432 (custom)
2025-02-25 14:20:44,695 [f0de3bb0-eb83-4e2a-a791-08d5bd07359b-groupManagement] INFO  server.RaftServerConfigKeys (ConfUtils.java:logGet(46)) - raft.server.log.unsafe-flush.enabled = false (default)
2025-02-25 14:20:44,695 [f0de3bb0-eb83-4e2a-a791-08d5bd07359b-groupManagement] INFO  server.RaftServerConfigKeys (ConfUtils.java:logGet(46)) - raft.server.log.async-flush.enabled = false (default)
2025-02-25 14:20:44,695 [f0de3bb0-eb83-4e2a-a791-08d5bd07359b-groupManagement] INFO  server.RaftServerConfigKeys (ConfUtils.java:logGet(46)) - raft.server.log.statemachine.data.caching.enabled = true (custom)
2025-02-25 14:20:44,695 [f0de3bb0-eb83-4e2a-a791-08d5bd07359b-groupManagement] INFO  segmented.SegmentedRaftLogWorker (SegmentedRaftLogWorker.java:lambda$new$0(139)) - f0de3bb0-eb83-4e2a-a791-08d5bd07359b@group-4A48F8EE2848-SegmentedRaftLogWorker: flushIndex: setUnconditionally 0 -> -1
2025-02-25 14:20:44,696 [f0de3bb0-eb83-4e2a-a791-08d5bd07359b-groupManagement] INFO  segmented.SegmentedRaftLogWorker (SegmentedRaftLogWorker.java:lambda$new$0(139)) - f0de3bb0-eb83-4e2a-a791-08d5bd07359b@group-4A48F8EE2848-SegmentedRaftLogWorker: safeCacheEvictIndex: setUnconditionally 0 -> -1
2025-02-25 14:20:44,699 [f0de3bb0-eb83-4e2a-a791-08d5bd07359b-groupManagement] INFO  server.RaftServer$Division (RaftServerImpl.java:start(391)) - f0de3bb0-eb83-4e2a-a791-08d5bd07359b@group-4A48F8EE2848: start as a follower, conf=conf: {index: -1, cur=peers:[ea4ad806-8ee9-4fb9-9dce-2788455564d3|127.0.0.1:15052, 032c8b1c-a843-4a9d-a39a-9c5a3fe2fd36|127.0.0.1:15043, f0de3bb0-eb83-4e2a-a791-08d5bd07359b|127.0.0.1:15025]|listeners:[], old=null}
2025-02-25 14:20:44,699 [f0de3bb0-eb83-4e2a-a791-08d5bd07359b-groupManagement] INFO  server.RaftServer$Division (RaftServerImpl.java:setRole(378)) - f0de3bb0-eb83-4e2a-a791-08d5bd07359b@group-4A48F8EE2848: changes role from      null to FOLLOWER at term 0 for startAsFollower
2025-02-25 14:20:44,699 [f0de3bb0-eb83-4e2a-a791-08d5bd07359b-groupManagement] INFO  impl.RoleInfo (RoleInfo.java:updateAndGet(148)) - f0de3bb0-eb83-4e2a-a791-08d5bd07359b: start f0de3bb0-eb83-4e2a-a791-08d5bd07359b@group-4A48F8EE2848-FollowerState
2025-02-25 14:20:44,702 [f0de3bb0-eb83-4e2a-a791-08d5bd07359b@group-4A48F8EE2848-FollowerState] INFO  server.RaftServerConfigKeys (ConfUtils.java:logFallback(53)) - raft.server.rpc.first-election.timeout.min = 5s (fallback to raft.server.rpc.timeout.min)
2025-02-25 14:20:44,702 [f0de3bb0-eb83-4e2a-a791-08d5bd07359b@group-4A48F8EE2848-FollowerState] INFO  server.RaftServerConfigKeys (ConfUtils.java:logFallback(53)) - raft.server.rpc.first-election.timeout.max = 5200ms (fallback to raft.server.rpc.timeout.max)
2025-02-25 14:20:44,702 [f0de3bb0-eb83-4e2a-a791-08d5bd07359b-groupManagement] INFO  util.JmxRegister (JmxRegister.java:tryRegister(44)) - Successfully registered JMX Bean with object name Ratis:service=RaftServer,group=group-4A48F8EE2848,id=f0de3bb0-eb83-4e2a-a791-08d5bd07359b
2025-02-25 14:20:44,702 [f0de3bb0-eb83-4e2a-a791-08d5bd07359b-groupManagement] INFO  util.JmxRegister (JmxRegister.java:register(58)) - register mxBean class org.apache.ratis.server.impl.RaftServerJmxAdapter as Ratis:service=RaftServer,group=group-4A48F8EE2848,id=f0de3bb0-eb83-4e2a-a791-08d5bd07359b
2025-02-25 14:20:44,702 [f0de3bb0-eb83-4e2a-a791-08d5bd07359b-groupManagement] INFO  server.RaftServerConfigKeys (ConfUtils.java:logGet(46)) - raft.server.snapshot.trigger-when-stop.enabled = true (default)
2025-02-25 14:20:44,702 [f0de3bb0-eb83-4e2a-a791-08d5bd07359b-groupManagement] INFO  server.RaftServerConfigKeys (ConfUtils.java:logGet(46)) - raft.server.snapshot.trigger-when-remove.enabled = true (default)
2025-02-25 14:20:44,702 [f0de3bb0-eb83-4e2a-a791-08d5bd07359b-groupManagement] INFO  server.RaftServerConfigKeys (ConfUtils.java:logGet(46)) - raft.server.snapshot.auto.trigger.enabled = true (custom)
2025-02-25 14:20:44,702 [f0de3bb0-eb83-4e2a-a791-08d5bd07359b-groupManagement] INFO  server.RaftServerConfigKeys (ConfUtils.java:logGet(46)) - raft.server.snapshot.auto.trigger.threshold = 100000 (custom)
2025-02-25 14:20:44,702 [f0de3bb0-eb83-4e2a-a791-08d5bd07359b-groupManagement] INFO  server.RaftServerConfigKeys (ConfUtils.java:logGet(46)) - raft.server.snapshot.retention.file.num = 5 (custom)
2025-02-25 14:20:44,702 [f0de3bb0-eb83-4e2a-a791-08d5bd07359b-groupManagement] INFO  server.RaftServerConfigKeys (ConfUtils.java:logGet(46)) - raft.server.log.purge.upto.snapshot.index = false (default)
2025-02-25 14:20:44,705 [f0de3bb0-eb83-4e2a-a791-08d5bd07359b-groupManagement] INFO  server.RaftServer$Division (RaftServerImpl.java:start(405)) - f0de3bb0-eb83-4e2a-a791-08d5bd07359b@group-4A48F8EE2848: Successfully started.
2025-02-25 14:20:44,708 [032c8b1c-a843-4a9d-a39a-9c5a3fe2fd36-PipelineCommandHandlerThread-0] INFO  commandhandler.CreatePipelineCommandHandler (CreatePipelineCommandHandler.java:lambda$handle$2(128)) - Created Pipeline RATIS THREE PipelineID=e9f46249-b705-4fd7-9186-4a48f8ee2848.
2025-02-25 14:20:44,710 [032c8b1c-a843-4a9d-a39a-9c5a3fe2fd36-PipelineCommandHandlerThread-0] INFO  server.RaftServer (RaftServerProxy.java:addNew(100)) - 032c8b1c-a843-4a9d-a39a-9c5a3fe2fd36: addNew group-C5AD75A7C03D:[ea4ad806-8ee9-4fb9-9dce-2788455564d3|127.0.0.1:15052, 032c8b1c-a843-4a9d-a39a-9c5a3fe2fd36|127.0.0.1:15043, eb7d9a89-7041-4665-a693-2d62dcb81886|127.0.0.1:15034] returns group-C5AD75A7C03D:java.util.concurrent.CompletableFuture@5cc94ca[Not completed]
2025-02-25 14:20:44,711 [032c8b1c-a843-4a9d-a39a-9c5a3fe2fd36-groupManagement] INFO  server.RaftServer$Division (RaftServerImpl.java:<init>(255)) - 032c8b1c-a843-4a9d-a39a-9c5a3fe2fd36: new RaftServerImpl for group-C5AD75A7C03D:[ea4ad806-8ee9-4fb9-9dce-2788455564d3|127.0.0.1:15052, 032c8b1c-a843-4a9d-a39a-9c5a3fe2fd36|127.0.0.1:15043, eb7d9a89-7041-4665-a693-2d62dcb81886|127.0.0.1:15034] with ContainerStateMachine:uninitialized
2025-02-25 14:20:44,712 [032c8b1c-a843-4a9d-a39a-9c5a3fe2fd36-groupManagement] INFO  server.RaftServerConfigKeys (ConfUtils.java:logGet(46)) - raft.server.rpc.timeout.min = 5s (custom)
2025-02-25 14:20:44,712 [032c8b1c-a843-4a9d-a39a-9c5a3fe2fd36-groupManagement] INFO  server.RaftServerConfigKeys (ConfUtils.java:logGet(46)) - raft.server.rpc.timeout.max = 5200ms (custom)
2025-02-25 14:20:44,713 [032c8b1c-a843-4a9d-a39a-9c5a3fe2fd36-groupManagement] INFO  server.RaftServerConfigKeys (ConfUtils.java:logGet(46)) - raft.server.rpc.sleep.time = 25ms (default)
2025-02-25 14:20:44,713 [032c8b1c-a843-4a9d-a39a-9c5a3fe2fd36-groupManagement] INFO  server.RaftServerConfigKeys (ConfUtils.java:logGet(46)) - raft.server.rpc.slowness.timeout = 300000ms (custom)
2025-02-25 14:20:44,713 [032c8b1c-a843-4a9d-a39a-9c5a3fe2fd36-groupManagement] INFO  server.RaftServerConfigKeys (ConfUtils.java:logGet(46)) - raft.server.leaderelection.leader.step-down.wait-time = 10s (default)
2025-02-25 14:20:44,714 [032c8b1c-a843-4a9d-a39a-9c5a3fe2fd36-groupManagement] INFO  server.RaftServerConfigKeys (ConfUtils.java:logGet(46)) - raft.server.leaderelection.member.majority-add = false (default)
2025-02-25 14:20:44,714 [032c8b1c-a843-4a9d-a39a-9c5a3fe2fd36-groupManagement] INFO  server.RaftServerConfigKeys (ConfUtils.java:logGet(46)) - raft.server.sleep.deviation.threshold = 300ms (default)
2025-02-25 14:20:44,714 [032c8b1c-a843-4a9d-a39a-9c5a3fe2fd36-groupManagement] INFO  server.RaftServer$Division (ServerState.java:<init>(114)) - 032c8b1c-a843-4a9d-a39a-9c5a3fe2fd36@group-C5AD75A7C03D: ConfigurationManager, init=conf: {index: -1, cur=peers:[ea4ad806-8ee9-4fb9-9dce-2788455564d3|127.0.0.1:15052, 032c8b1c-a843-4a9d-a39a-9c5a3fe2fd36|127.0.0.1:15043, eb7d9a89-7041-4665-a693-2d62dcb81886|127.0.0.1:15034]|listeners:[], old=null}, confs=<EMPTY_MAP>
2025-02-25 14:20:44,714 [032c8b1c-a843-4a9d-a39a-9c5a3fe2fd36-groupManagement] INFO  server.RaftServerConfigKeys (ConfUtils.java:logGet(46)) - raft.server.notification.no-leader.timeout = 300000ms (custom)
2025-02-25 14:20:44,714 [032c8b1c-a843-4a9d-a39a-9c5a3fe2fd36-groupManagement] INFO  server.RaftServerConfigKeys (ConfUtils.java:logGet(46)) - raft.server.read.timeout = 10s (default)
2025-02-25 14:20:44,714 [032c8b1c-a843-4a9d-a39a-9c5a3fe2fd36-groupManagement] INFO  server.RaftServerConfigKeys (ConfUtils.java:logGet(46)) - raft.server.retrycache.expirytime = 600000ms (custom)
2025-02-25 14:20:44,714 [032c8b1c-a843-4a9d-a39a-9c5a3fe2fd36-groupManagement] INFO  server.RaftServerConfigKeys (ConfUtils.java:logGet(46)) - raft.server.retrycache.statistics.expirytime = 100ms (default)
2025-02-25 14:20:44,714 [032c8b1c-a843-4a9d-a39a-9c5a3fe2fd36-groupManagement] INFO  server.RaftServerConfigKeys (ConfUtils.java:logGet(46)) - raft.server.read.option = DEFAULT (default)
2025-02-25 14:20:44,714 [032c8b1c-a843-4a9d-a39a-9c5a3fe2fd36-groupManagement] INFO  server.RaftServerConfigKeys (ConfUtils.java:logGet(46)) - raft.server.read.read-after-write-consistent.write-index-cache.expiry-time = 60s (default)
2025-02-25 14:20:44,722 [032c8b1c-a843-4a9d-a39a-9c5a3fe2fd36-groupManagement] INFO  server.RaftServerConfigKeys (ConfUtils.java:logGet(46)) - raft.server.rpc.request.timeout = 3000ms (default)
2025-02-25 14:20:44,722 [032c8b1c-a843-4a9d-a39a-9c5a3fe2fd36-groupManagement] INFO  server.RaftServerConfigKeys (ConfUtils.java:logGet(46)) - raft.server.log.appender.install.snapshot.enabled = false (custom)
2025-02-25 14:20:44,722 [032c8b1c-a843-4a9d-a39a-9c5a3fe2fd36-groupManagement] INFO  server.RaftServerConfigKeys (ConfUtils.java:logGet(46)) - raft.server.threadpool.server.cached = true (default)
2025-02-25 14:20:44,723 [032c8b1c-a843-4a9d-a39a-9c5a3fe2fd36-groupManagement] INFO  server.RaftServerConfigKeys (ConfUtils.java:logGet(46)) - raft.server.threadpool.server.size = 0 (default)
2025-02-25 14:20:44,723 [032c8b1c-a843-4a9d-a39a-9c5a3fe2fd36-groupManagement] INFO  server.RaftServerConfigKeys (ConfUtils.java:logGet(46)) - raft.server.threadpool.client.cached = true (default)
2025-02-25 14:20:44,724 [032c8b1c-a843-4a9d-a39a-9c5a3fe2fd36-groupManagement] INFO  server.RaftServerConfigKeys (ConfUtils.java:logGet(46)) - raft.server.threadpool.client.size = 0 (default)
2025-02-25 14:20:44,724 [032c8b1c-a843-4a9d-a39a-9c5a3fe2fd36-groupManagement] INFO  server.RaftServerConfigKeys (ConfUtils.java:logGet(46)) - raft.server.storage.free-space.min = 0MB (=0) (default)
2025-02-25 14:20:44,724 [032c8b1c-a843-4a9d-a39a-9c5a3fe2fd36-groupManagement] INFO  server.RaftServerConfigKeys (ConfUtils.java:logGet(46)) - raft.server.log.corruption.policy = EXCEPTION (default)
2025-02-25 14:20:44,724 [032c8b1c-a843-4a9d-a39a-9c5a3fe2fd36-groupManagement] INFO  server.RaftServerConfigKeys (ConfUtils.java:logGet(46)) - raft.server.storage.dir = [/home/runner/work/ozone/ozone/hadoop-ozone/integration-test/target/test-dir/MiniOzoneClusterImpl-b4714a4f-035e-4bbe-aae1-aaeac144a409/ozone-meta/datanode-4/ratis] (custom)
2025-02-25 14:20:44,724 [032c8b1c-a843-4a9d-a39a-9c5a3fe2fd36-groupManagement] INFO  storage.RaftStorageDirectory (RaftStorageDirectoryImpl.java:analyzeStorage(138)) - The storage directory /home/runner/work/ozone/ozone/hadoop-ozone/integration-test/target/test-dir/MiniOzoneClusterImpl-b4714a4f-035e-4bbe-aae1-aaeac144a409/ozone-meta/datanode-4/ratis/2682c8c2-9826-4fde-88db-c5ad75a7c03d does not exist. Creating ...
2025-02-25 14:20:44,725 [032c8b1c-a843-4a9d-a39a-9c5a3fe2fd36-groupManagement] INFO  storage.RaftStorageDirectory (RaftStorageDirectoryImpl.java:tryLock(229)) - Lock on /home/runner/work/ozone/ozone/hadoop-ozone/integration-test/target/test-dir/MiniOzoneClusterImpl-b4714a4f-035e-4bbe-aae1-aaeac144a409/ozone-meta/datanode-4/ratis/2682c8c2-9826-4fde-88db-c5ad75a7c03d/in_use.lock acquired by nodename 61090@fv-az1326-920
2025-02-25 14:20:44,726 [032c8b1c-a843-4a9d-a39a-9c5a3fe2fd36-groupManagement] INFO  storage.RaftStorage (RaftStorageImpl.java:format(98)) - Storage directory /home/runner/work/ozone/ozone/hadoop-ozone/integration-test/target/test-dir/MiniOzoneClusterImpl-b4714a4f-035e-4bbe-aae1-aaeac144a409/ozone-meta/datanode-4/ratis/2682c8c2-9826-4fde-88db-c5ad75a7c03d has been successfully formatted.
2025-02-25 14:20:44,727 [032c8b1c-a843-4a9d-a39a-9c5a3fe2fd36-groupManagement] INFO  ratis.ContainerStateMachine (ContainerStateMachine.java:initialize(300)) - 032c8b1c-a843-4a9d-a39a-9c5a3fe2fd36: initialize group-C5AD75A7C03D
2025-02-25 14:20:44,727 [032c8b1c-a843-4a9d-a39a-9c5a3fe2fd36-groupManagement] INFO  ratis.ContainerStateMachine (ContainerStateMachine.java:loadSnapshot(308)) - group-C5AD75A7C03D: The snapshot info is null. Setting the last applied index to:(t:0, i:~)
2025-02-25 14:20:44,727 [032c8b1c-a843-4a9d-a39a-9c5a3fe2fd36-groupManagement] INFO  server.RaftServerConfigKeys (ConfUtils.java:logGet(46)) - raft.server.log.use.memory = false (default)
2025-02-25 14:20:44,727 [032c8b1c-a843-4a9d-a39a-9c5a3fe2fd36-groupManagement] INFO  server.RaftServerConfigKeys (ConfUtils.java:logGet(46)) - raft.server.log.purge.gap = 1000000 (custom)
2025-02-25 14:20:44,727 [032c8b1c-a843-4a9d-a39a-9c5a3fe2fd36-groupManagement] INFO  server.RaftServerConfigKeys (ConfUtils.java:logGet(46)) - raft.server.log.appender.buffer.byte-limit = 33554432 (custom)
2025-02-25 14:20:44,727 [032c8b1c-a843-4a9d-a39a-9c5a3fe2fd36-groupManagement] INFO  server.RaftServerConfigKeys (ConfUtils.java:logGet(46)) - raft.server.log.statemachine.data.read.timeout = 1000ms (default)
2025-02-25 14:20:44,727 [032c8b1c-a843-4a9d-a39a-9c5a3fe2fd36-groupManagement] INFO  server.RaftServerConfigKeys (ConfUtils.java:logGet(46)) - raft.server.log.purge.preservation.log.num = 0 (default)
2025-02-25 14:20:44,730 [032c8b1c-a843-4a9d-a39a-9c5a3fe2fd36-groupManagement] INFO  server.RaftServerConfigKeys (ConfUtils.java:logGet(46)) - raft.server.log.segment.size.max = 67108864 (custom)
2025-02-25 14:20:44,731 [032c8b1c-a843-4a9d-a39a-9c5a3fe2fd36-groupManagement] INFO  server.RaftServerConfigKeys (ConfUtils.java:logGet(46)) - raft.server.log.segment.cache.num.max = 2 (custom)
2025-02-25 14:20:44,731 [032c8b1c-a843-4a9d-a39a-9c5a3fe2fd36-groupManagement] INFO  server.RaftServerConfigKeys (ConfUtils.java:logGet(46)) - raft.server.log.segment.cache.size.max = 200MB (=209715200) (default)
2025-02-25 14:20:44,731 [032c8b1c-a843-4a9d-a39a-9c5a3fe2fd36-groupManagement] INFO  server.RaftServerConfigKeys (ConfUtils.java:logGet(46)) - raft.server.log.appender.buffer.byte-limit = 33554432 (custom)
2025-02-25 14:20:44,732 [032c8b1c-a843-4a9d-a39a-9c5a3fe2fd36-groupManagement] INFO  util.AwaitToRun (AwaitToRun.java:start(81)) - Thread[#1316,032c8b1c-a843-4a9d-a39a-9c5a3fe2fd36@group-C5AD75A7C03D-cacheEviction-AwaitToRun,5,main] started
2025-02-25 14:20:44,732 [032c8b1c-a843-4a9d-a39a-9c5a3fe2fd36-groupManagement] INFO  segmented.SegmentedRaftLogWorker (SegmentedRaftLogWorker.java:<init>(188)) - new 032c8b1c-a843-4a9d-a39a-9c5a3fe2fd36@group-C5AD75A7C03D-SegmentedRaftLogWorker for RaftStorageImpl:Storage Directory /home/runner/work/ozone/ozone/hadoop-ozone/integration-test/target/test-dir/MiniOzoneClusterImpl-b4714a4f-035e-4bbe-aae1-aaeac144a409/ozone-meta/datanode-4/ratis/2682c8c2-9826-4fde-88db-c5ad75a7c03d
2025-02-25 14:20:44,732 [032c8b1c-a843-4a9d-a39a-9c5a3fe2fd36-groupManagement] INFO  server.RaftServerConfigKeys (ConfUtils.java:logGet(46)) - raft.server.log.queue.byte-limit = 4294967296 (custom)
2025-02-25 14:20:44,732 [032c8b1c-a843-4a9d-a39a-9c5a3fe2fd36-groupManagement] INFO  server.RaftServerConfigKeys (ConfUtils.java:logGet(46)) - raft.server.log.queue.element-limit = 1024 (custom)
2025-02-25 14:20:44,732 [032c8b1c-a843-4a9d-a39a-9c5a3fe2fd36-groupManagement] INFO  server.RaftServerConfigKeys (ConfUtils.java:logGet(46)) - raft.server.log.segment.size.max = 67108864 (custom)
2025-02-25 14:20:44,732 [032c8b1c-a843-4a9d-a39a-9c5a3fe2fd36-groupManagement] INFO  server.RaftServerConfigKeys (ConfUtils.java:logGet(46)) - raft.server.log.preallocated.size = 4194304 (custom)
2025-02-25 14:20:44,732 [032c8b1c-a843-4a9d-a39a-9c5a3fe2fd36-groupManagement] INFO  server.RaftServerConfigKeys (ConfUtils.java:logGet(46)) - raft.server.log.force.sync.num = 128 (default)
2025-02-25 14:20:44,732 [032c8b1c-a843-4a9d-a39a-9c5a3fe2fd36-groupManagement] INFO  server.RaftServerConfigKeys (ConfUtils.java:logGet(46)) - raft.server.log.statemachine.data.sync = true (default)
2025-02-25 14:20:44,732 [032c8b1c-a843-4a9d-a39a-9c5a3fe2fd36-groupManagement] INFO  server.RaftServerConfigKeys (ConfUtils.java:logGet(46)) - raft.server.log.statemachine.data.sync.timeout = 10s (default)
2025-02-25 14:20:44,732 [032c8b1c-a843-4a9d-a39a-9c5a3fe2fd36-groupManagement] INFO  server.RaftServerConfigKeys (ConfUtils.java:logGet(46)) - raft.server.log.statemachine.data.sync.timeout.retry = 30 (custom)
2025-02-25 14:20:44,733 [032c8b1c-a843-4a9d-a39a-9c5a3fe2fd36-groupManagement] INFO  server.RaftServerConfigKeys (ConfUtils.java:logGet(46)) - raft.server.log.write.buffer.size = 33554440 (custom)
2025-02-25 14:20:44,739 [032c8b1c-a843-4a9d-a39a-9c5a3fe2fd36-groupManagement] INFO  server.RaftServerConfigKeys (ConfUtils.java:logGet(46)) - raft.server.log.appender.buffer.byte-limit = 33554432 (custom)
2025-02-25 14:20:44,739 [032c8b1c-a843-4a9d-a39a-9c5a3fe2fd36-groupManagement] INFO  server.RaftServerConfigKeys (ConfUtils.java:logGet(46)) - raft.server.log.unsafe-flush.enabled = false (default)
2025-02-25 14:20:44,739 [032c8b1c-a843-4a9d-a39a-9c5a3fe2fd36-groupManagement] INFO  server.RaftServerConfigKeys (ConfUtils.java:logGet(46)) - raft.server.log.async-flush.enabled = false (default)
2025-02-25 14:20:44,740 [032c8b1c-a843-4a9d-a39a-9c5a3fe2fd36-groupManagement] INFO  server.RaftServerConfigKeys (ConfUtils.java:logGet(46)) - raft.server.log.statemachine.data.caching.enabled = true (custom)
2025-02-25 14:20:44,740 [032c8b1c-a843-4a9d-a39a-9c5a3fe2fd36-groupManagement] INFO  segmented.SegmentedRaftLogWorker (SegmentedRaftLogWorker.java:lambda$new$0(139)) - 032c8b1c-a843-4a9d-a39a-9c5a3fe2fd36@group-C5AD75A7C03D-SegmentedRaftLogWorker: flushIndex: setUnconditionally 0 -> -1
2025-02-25 14:20:44,740 [032c8b1c-a843-4a9d-a39a-9c5a3fe2fd36-groupManagement] INFO  segmented.SegmentedRaftLogWorker (SegmentedRaftLogWorker.java:lambda$new$0(139)) - 032c8b1c-a843-4a9d-a39a-9c5a3fe2fd36@group-C5AD75A7C03D-SegmentedRaftLogWorker: safeCacheEvictIndex: setUnconditionally 0 -> -1
2025-02-25 14:20:44,742 [032c8b1c-a843-4a9d-a39a-9c5a3fe2fd36-groupManagement] INFO  server.RaftServer$Division (RaftServerImpl.java:start(391)) - 032c8b1c-a843-4a9d-a39a-9c5a3fe2fd36@group-C5AD75A7C03D: start as a follower, conf=conf: {index: -1, cur=peers:[ea4ad806-8ee9-4fb9-9dce-2788455564d3|127.0.0.1:15052, 032c8b1c-a843-4a9d-a39a-9c5a3fe2fd36|127.0.0.1:15043, eb7d9a89-7041-4665-a693-2d62dcb81886|127.0.0.1:15034]|listeners:[], old=null}
2025-02-25 14:20:44,742 [032c8b1c-a843-4a9d-a39a-9c5a3fe2fd36-groupManagement] INFO  server.RaftServer$Division (RaftServerImpl.java:setRole(378)) - 032c8b1c-a843-4a9d-a39a-9c5a3fe2fd36@group-C5AD75A7C03D: changes role from      null to FOLLOWER at term 0 for startAsFollower
2025-02-25 14:20:44,742 [032c8b1c-a843-4a9d-a39a-9c5a3fe2fd36-groupManagement] INFO  impl.RoleInfo (RoleInfo.java:updateAndGet(148)) - 032c8b1c-a843-4a9d-a39a-9c5a3fe2fd36: start 032c8b1c-a843-4a9d-a39a-9c5a3fe2fd36@group-C5AD75A7C03D-FollowerState
2025-02-25 14:20:44,742 [032c8b1c-a843-4a9d-a39a-9c5a3fe2fd36@group-C5AD75A7C03D-FollowerState] INFO  server.RaftServerConfigKeys (ConfUtils.java:logFallback(53)) - raft.server.rpc.first-election.timeout.min = 5s (fallback to raft.server.rpc.timeout.min)
2025-02-25 14:20:44,743 [032c8b1c-a843-4a9d-a39a-9c5a3fe2fd36@group-C5AD75A7C03D-FollowerState] INFO  server.RaftServerConfigKeys (ConfUtils.java:logFallback(53)) - raft.server.rpc.first-election.timeout.max = 5200ms (fallback to raft.server.rpc.timeout.max)
2025-02-25 14:20:44,743 [032c8b1c-a843-4a9d-a39a-9c5a3fe2fd36-groupManagement] INFO  util.JmxRegister (JmxRegister.java:tryRegister(44)) - Successfully registered JMX Bean with object name Ratis:service=RaftServer,group=group-C5AD75A7C03D,id=032c8b1c-a843-4a9d-a39a-9c5a3fe2fd36
2025-02-25 14:20:44,743 [032c8b1c-a843-4a9d-a39a-9c5a3fe2fd36-groupManagement] INFO  util.JmxRegister (JmxRegister.java:register(58)) - register mxBean class org.apache.ratis.server.impl.RaftServerJmxAdapter as Ratis:service=RaftServer,group=group-C5AD75A7C03D,id=032c8b1c-a843-4a9d-a39a-9c5a3fe2fd36
2025-02-25 14:20:44,743 [032c8b1c-a843-4a9d-a39a-9c5a3fe2fd36-groupManagement] INFO  server.RaftServerConfigKeys (ConfUtils.java:logGet(46)) - raft.server.snapshot.trigger-when-stop.enabled = true (default)
2025-02-25 14:20:44,743 [032c8b1c-a843-4a9d-a39a-9c5a3fe2fd36-groupManagement] INFO  server.RaftServerConfigKeys (ConfUtils.java:logGet(46)) - raft.server.snapshot.trigger-when-remove.enabled = true (default)
2025-02-25 14:20:44,743 [032c8b1c-a843-4a9d-a39a-9c5a3fe2fd36-groupManagement] INFO  server.RaftServerConfigKeys (ConfUtils.java:logGet(46)) - raft.server.snapshot.auto.trigger.enabled = true (custom)
2025-02-25 14:20:44,743 [032c8b1c-a843-4a9d-a39a-9c5a3fe2fd36-groupManagement] INFO  server.RaftServerConfigKeys (ConfUtils.java:logGet(46)) - raft.server.snapshot.auto.trigger.threshold = 100000 (custom)
2025-02-25 14:20:44,743 [032c8b1c-a843-4a9d-a39a-9c5a3fe2fd36-groupManagement] INFO  server.RaftServerConfigKeys (ConfUtils.java:logGet(46)) - raft.server.snapshot.retention.file.num = 5 (custom)
2025-02-25 14:20:44,743 [032c8b1c-a843-4a9d-a39a-9c5a3fe2fd36-groupManagement] INFO  server.RaftServerConfigKeys (ConfUtils.java:logGet(46)) - raft.server.log.purge.upto.snapshot.index = false (default)
2025-02-25 14:20:44,744 [032c8b1c-a843-4a9d-a39a-9c5a3fe2fd36-groupManagement] INFO  server.RaftServer$Division (RaftServerImpl.java:start(405)) - 032c8b1c-a843-4a9d-a39a-9c5a3fe2fd36@group-C5AD75A7C03D: Successfully started.
2025-02-25 14:20:44,744 [032c8b1c-a843-4a9d-a39a-9c5a3fe2fd36-PipelineCommandHandlerThread-0] INFO  ratis.XceiverServerRatis (XceiverServerRatis.java:addGroup(841)) - Created group PipelineID=2682c8c2-9826-4fde-88db-c5ad75a7c03d
2025-02-25 14:20:44,751 [grpc-default-executor-5] INFO  server.RaftServer (RaftServerProxy.java:addNew(100)) - ea4ad806-8ee9-4fb9-9dce-2788455564d3: addNew group-C5AD75A7C03D:[ea4ad806-8ee9-4fb9-9dce-2788455564d3|127.0.0.1:15052, 032c8b1c-a843-4a9d-a39a-9c5a3fe2fd36|127.0.0.1:15043, eb7d9a89-7041-4665-a693-2d62dcb81886|127.0.0.1:15034] returns group-C5AD75A7C03D:java.util.concurrent.CompletableFuture@10a4133e[Not completed]
2025-02-25 14:20:44,753 [ea4ad806-8ee9-4fb9-9dce-2788455564d3-groupManagement] INFO  server.RaftServer$Division (RaftServerImpl.java:<init>(255)) - ea4ad806-8ee9-4fb9-9dce-2788455564d3: new RaftServerImpl for group-C5AD75A7C03D:[ea4ad806-8ee9-4fb9-9dce-2788455564d3|127.0.0.1:15052, 032c8b1c-a843-4a9d-a39a-9c5a3fe2fd36|127.0.0.1:15043, eb7d9a89-7041-4665-a693-2d62dcb81886|127.0.0.1:15034] with ContainerStateMachine:uninitialized
2025-02-25 14:20:44,754 [ea4ad806-8ee9-4fb9-9dce-2788455564d3-groupManagement] INFO  server.RaftServerConfigKeys (ConfUtils.java:logGet(46)) - raft.server.rpc.timeout.min = 5s (custom)
2025-02-25 14:20:44,754 [ea4ad806-8ee9-4fb9-9dce-2788455564d3-groupManagement] INFO  server.RaftServerConfigKeys (ConfUtils.java:logGet(46)) - raft.server.rpc.timeout.max = 5200ms (custom)
2025-02-25 14:20:44,754 [ea4ad806-8ee9-4fb9-9dce-2788455564d3-groupManagement] INFO  server.RaftServerConfigKeys (ConfUtils.java:logGet(46)) - raft.server.rpc.sleep.time = 25ms (default)
2025-02-25 14:20:44,755 [ea4ad806-8ee9-4fb9-9dce-2788455564d3-groupManagement] INFO  server.RaftServerConfigKeys (ConfUtils.java:logGet(46)) - raft.server.rpc.slowness.timeout = 300000ms (custom)
2025-02-25 14:20:44,755 [ea4ad806-8ee9-4fb9-9dce-2788455564d3-groupManagement] INFO  server.RaftServerConfigKeys (ConfUtils.java:logGet(46)) - raft.server.leaderelection.leader.step-down.wait-time = 10s (default)
2025-02-25 14:20:44,755 [ea4ad806-8ee9-4fb9-9dce-2788455564d3-groupManagement] INFO  server.RaftServerConfigKeys (ConfUtils.java:logGet(46)) - raft.server.leaderelection.member.majority-add = false (default)
2025-02-25 14:20:44,755 [ea4ad806-8ee9-4fb9-9dce-2788455564d3-groupManagement] INFO  server.RaftServerConfigKeys (ConfUtils.java:logGet(46)) - raft.server.sleep.deviation.threshold = 300ms (default)
2025-02-25 14:20:44,755 [ea4ad806-8ee9-4fb9-9dce-2788455564d3-groupManagement] INFO  server.RaftServer$Division (ServerState.java:<init>(114)) - ea4ad806-8ee9-4fb9-9dce-2788455564d3@group-C5AD75A7C03D: ConfigurationManager, init=conf: {index: -1, cur=peers:[ea4ad806-8ee9-4fb9-9dce-2788455564d3|127.0.0.1:15052, 032c8b1c-a843-4a9d-a39a-9c5a3fe2fd36|127.0.0.1:15043, eb7d9a89-7041-4665-a693-2d62dcb81886|127.0.0.1:15034]|listeners:[], old=null}, confs=<EMPTY_MAP>
2025-02-25 14:20:44,755 [ea4ad806-8ee9-4fb9-9dce-2788455564d3-groupManagement] INFO  server.RaftServerConfigKeys (ConfUtils.java:logGet(46)) - raft.server.notification.no-leader.timeout = 300000ms (custom)
2025-02-25 14:20:44,755 [ea4ad806-8ee9-4fb9-9dce-2788455564d3-groupManagement] INFO  server.RaftServerConfigKeys (ConfUtils.java:logGet(46)) - raft.server.read.timeout = 10s (default)
2025-02-25 14:20:44,755 [ea4ad806-8ee9-4fb9-9dce-2788455564d3-groupManagement] INFO  server.RaftServerConfigKeys (ConfUtils.java:logGet(46)) - raft.server.retrycache.expirytime = 600000ms (custom)
2025-02-25 14:20:44,755 [ea4ad806-8ee9-4fb9-9dce-2788455564d3-groupManagement] INFO  server.RaftServerConfigKeys (ConfUtils.java:logGet(46)) - raft.server.retrycache.statistics.expirytime = 100ms (default)
2025-02-25 14:20:44,756 [ea4ad806-8ee9-4fb9-9dce-2788455564d3-groupManagement] INFO  server.RaftServerConfigKeys (ConfUtils.java:logGet(46)) - raft.server.read.option = DEFAULT (default)
2025-02-25 14:20:44,756 [ea4ad806-8ee9-4fb9-9dce-2788455564d3-groupManagement] INFO  server.RaftServerConfigKeys (ConfUtils.java:logGet(46)) - raft.server.read.read-after-write-consistent.write-index-cache.expiry-time = 60s (default)
2025-02-25 14:20:44,761 [ea4ad806-8ee9-4fb9-9dce-2788455564d3-groupManagement] INFO  server.RaftServerConfigKeys (ConfUtils.java:logGet(46)) - raft.server.rpc.request.timeout = 3000ms (default)
2025-02-25 14:20:44,761 [ea4ad806-8ee9-4fb9-9dce-2788455564d3-groupManagement] INFO  server.RaftServerConfigKeys (ConfUtils.java:logGet(46)) - raft.server.log.appender.install.snapshot.enabled = false (custom)
2025-02-25 14:20:44,761 [ea4ad806-8ee9-4fb9-9dce-2788455564d3-groupManagement] INFO  server.RaftServerConfigKeys (ConfUtils.java:logGet(46)) - raft.server.threadpool.server.cached = true (default)
2025-02-25 14:20:44,761 [ea4ad806-8ee9-4fb9-9dce-2788455564d3-groupManagement] INFO  server.RaftServerConfigKeys (ConfUtils.java:logGet(46)) - raft.server.threadpool.server.size = 0 (default)
2025-02-25 14:20:44,761 [ea4ad806-8ee9-4fb9-9dce-2788455564d3-groupManagement] INFO  server.RaftServerConfigKeys (ConfUtils.java:logGet(46)) - raft.server.threadpool.client.cached = true (default)
2025-02-25 14:20:44,761 [ea4ad806-8ee9-4fb9-9dce-2788455564d3-groupManagement] INFO  server.RaftServerConfigKeys (ConfUtils.java:logGet(46)) - raft.server.threadpool.client.size = 0 (default)
2025-02-25 14:20:44,762 [ea4ad806-8ee9-4fb9-9dce-2788455564d3-groupManagement] INFO  server.RaftServerConfigKeys (ConfUtils.java:logGet(46)) - raft.server.storage.free-space.min = 0MB (=0) (default)
2025-02-25 14:20:44,762 [ea4ad806-8ee9-4fb9-9dce-2788455564d3-groupManagement] INFO  server.RaftServerConfigKeys (ConfUtils.java:logGet(46)) - raft.server.log.corruption.policy = EXCEPTION (default)
2025-02-25 14:20:44,762 [ea4ad806-8ee9-4fb9-9dce-2788455564d3-groupManagement] INFO  server.RaftServerConfigKeys (ConfUtils.java:logGet(46)) - raft.server.storage.dir = [/home/runner/work/ozone/ozone/hadoop-ozone/integration-test/target/test-dir/MiniOzoneClusterImpl-b4714a4f-035e-4bbe-aae1-aaeac144a409/ozone-meta/datanode-5/ratis] (custom)
2025-02-25 14:20:44,762 [ea4ad806-8ee9-4fb9-9dce-2788455564d3-groupManagement] INFO  storage.RaftStorageDirectory (RaftStorageDirectoryImpl.java:analyzeStorage(138)) - The storage directory /home/runner/work/ozone/ozone/hadoop-ozone/integration-test/target/test-dir/MiniOzoneClusterImpl-b4714a4f-035e-4bbe-aae1-aaeac144a409/ozone-meta/datanode-5/ratis/2682c8c2-9826-4fde-88db-c5ad75a7c03d does not exist. Creating ...
2025-02-25 14:20:44,763 [ea4ad806-8ee9-4fb9-9dce-2788455564d3-groupManagement] INFO  storage.RaftStorageDirectory (RaftStorageDirectoryImpl.java:tryLock(229)) - Lock on /home/runner/work/ozone/ozone/hadoop-ozone/integration-test/target/test-dir/MiniOzoneClusterImpl-b4714a4f-035e-4bbe-aae1-aaeac144a409/ozone-meta/datanode-5/ratis/2682c8c2-9826-4fde-88db-c5ad75a7c03d/in_use.lock acquired by nodename 61090@fv-az1326-920
2025-02-25 14:20:44,764 [ea4ad806-8ee9-4fb9-9dce-2788455564d3-groupManagement] INFO  storage.RaftStorage (RaftStorageImpl.java:format(98)) - Storage directory /home/runner/work/ozone/ozone/hadoop-ozone/integration-test/target/test-dir/MiniOzoneClusterImpl-b4714a4f-035e-4bbe-aae1-aaeac144a409/ozone-meta/datanode-5/ratis/2682c8c2-9826-4fde-88db-c5ad75a7c03d has been successfully formatted.
2025-02-25 14:20:44,764 [ea4ad806-8ee9-4fb9-9dce-2788455564d3-groupManagement] INFO  ratis.ContainerStateMachine (ContainerStateMachine.java:initialize(300)) - ea4ad806-8ee9-4fb9-9dce-2788455564d3: initialize group-C5AD75A7C03D
2025-02-25 14:20:44,764 [ea4ad806-8ee9-4fb9-9dce-2788455564d3-groupManagement] INFO  ratis.ContainerStateMachine (ContainerStateMachine.java:loadSnapshot(308)) - group-C5AD75A7C03D: The snapshot info is null. Setting the last applied index to:(t:0, i:~)
2025-02-25 14:20:44,764 [ea4ad806-8ee9-4fb9-9dce-2788455564d3-groupManagement] INFO  server.RaftServerConfigKeys (ConfUtils.java:logGet(46)) - raft.server.log.use.memory = false (default)
2025-02-25 14:20:44,765 [ea4ad806-8ee9-4fb9-9dce-2788455564d3-groupManagement] INFO  server.RaftServerConfigKeys (ConfUtils.java:logGet(46)) - raft.server.log.purge.gap = 1000000 (custom)
2025-02-25 14:20:44,765 [ea4ad806-8ee9-4fb9-9dce-2788455564d3-groupManagement] INFO  server.RaftServerConfigKeys (ConfUtils.java:logGet(46)) - raft.server.log.appender.buffer.byte-limit = 33554432 (custom)
2025-02-25 14:20:44,765 [ea4ad806-8ee9-4fb9-9dce-2788455564d3-groupManagement] INFO  server.RaftServerConfigKeys (ConfUtils.java:logGet(46)) - raft.server.log.statemachine.data.read.timeout = 1000ms (default)
2025-02-25 14:20:44,765 [ea4ad806-8ee9-4fb9-9dce-2788455564d3-groupManagement] INFO  server.RaftServerConfigKeys (ConfUtils.java:logGet(46)) - raft.server.log.purge.preservation.log.num = 0 (default)
2025-02-25 14:20:44,766 [ea4ad806-8ee9-4fb9-9dce-2788455564d3-groupManagement] INFO  server.RaftServerConfigKeys (ConfUtils.java:logGet(46)) - raft.server.log.segment.size.max = 67108864 (custom)
2025-02-25 14:20:44,768 [ea4ad806-8ee9-4fb9-9dce-2788455564d3-groupManagement] INFO  server.RaftServerConfigKeys (ConfUtils.java:logGet(46)) - raft.server.log.segment.cache.num.max = 2 (custom)
2025-02-25 14:20:44,768 [ea4ad806-8ee9-4fb9-9dce-2788455564d3-groupManagement] INFO  server.RaftServerConfigKeys (ConfUtils.java:logGet(46)) - raft.server.log.segment.cache.size.max = 200MB (=209715200) (default)
2025-02-25 14:20:44,769 [ea4ad806-8ee9-4fb9-9dce-2788455564d3-groupManagement] INFO  server.RaftServerConfigKeys (ConfUtils.java:logGet(46)) - raft.server.log.appender.buffer.byte-limit = 33554432 (custom)
2025-02-25 14:20:44,770 [ea4ad806-8ee9-4fb9-9dce-2788455564d3-groupManagement] INFO  util.AwaitToRun (AwaitToRun.java:start(81)) - Thread[#1320,ea4ad806-8ee9-4fb9-9dce-2788455564d3@group-C5AD75A7C03D-cacheEviction-AwaitToRun,5,main] started
2025-02-25 14:20:44,770 [ea4ad806-8ee9-4fb9-9dce-2788455564d3-groupManagement] INFO  segmented.SegmentedRaftLogWorker (SegmentedRaftLogWorker.java:<init>(188)) - new ea4ad806-8ee9-4fb9-9dce-2788455564d3@group-C5AD75A7C03D-SegmentedRaftLogWorker for RaftStorageImpl:Storage Directory /home/runner/work/ozone/ozone/hadoop-ozone/integration-test/target/test-dir/MiniOzoneClusterImpl-b4714a4f-035e-4bbe-aae1-aaeac144a409/ozone-meta/datanode-5/ratis/2682c8c2-9826-4fde-88db-c5ad75a7c03d
2025-02-25 14:20:44,770 [ea4ad806-8ee9-4fb9-9dce-2788455564d3-groupManagement] INFO  server.RaftServerConfigKeys (ConfUtils.java:logGet(46)) - raft.server.log.queue.byte-limit = 4294967296 (custom)
2025-02-25 14:20:44,770 [ea4ad806-8ee9-4fb9-9dce-2788455564d3-groupManagement] INFO  server.RaftServerConfigKeys (ConfUtils.java:logGet(46)) - raft.server.log.queue.element-limit = 1024 (custom)
2025-02-25 14:20:44,770 [ea4ad806-8ee9-4fb9-9dce-2788455564d3-groupManagement] INFO  server.RaftServerConfigKeys (ConfUtils.java:logGet(46)) - raft.server.log.segment.size.max = 67108864 (custom)
2025-02-25 14:20:44,771 [ea4ad806-8ee9-4fb9-9dce-2788455564d3-groupManagement] INFO  server.RaftServerConfigKeys (ConfUtils.java:logGet(46)) - raft.server.log.preallocated.size = 4194304 (custom)
2025-02-25 14:20:44,771 [ea4ad806-8ee9-4fb9-9dce-2788455564d3-groupManagement] INFO  server.RaftServerConfigKeys (ConfUtils.java:logGet(46)) - raft.server.log.force.sync.num = 128 (default)
2025-02-25 14:20:44,771 [ea4ad806-8ee9-4fb9-9dce-2788455564d3-groupManagement] INFO  server.RaftServerConfigKeys (ConfUtils.java:logGet(46)) - raft.server.log.statemachine.data.sync = true (default)
2025-02-25 14:20:44,771 [ea4ad806-8ee9-4fb9-9dce-2788455564d3-groupManagement] INFO  server.RaftServerConfigKeys (ConfUtils.java:logGet(46)) - raft.server.log.statemachine.data.sync.timeout = 10s (default)
2025-02-25 14:20:44,771 [ea4ad806-8ee9-4fb9-9dce-2788455564d3-groupManagement] INFO  server.RaftServerConfigKeys (ConfUtils.java:logGet(46)) - raft.server.log.statemachine.data.sync.timeout.retry = 30 (custom)
2025-02-25 14:20:44,772 [ea4ad806-8ee9-4fb9-9dce-2788455564d3-groupManagement] INFO  server.RaftServerConfigKeys (ConfUtils.java:logGet(46)) - raft.server.log.write.buffer.size = 33554440 (custom)
2025-02-25 14:20:44,778 [ea4ad806-8ee9-4fb9-9dce-2788455564d3-groupManagement] INFO  server.RaftServerConfigKeys (ConfUtils.java:logGet(46)) - raft.server.log.appender.buffer.byte-limit = 33554432 (custom)
2025-02-25 14:20:44,779 [ea4ad806-8ee9-4fb9-9dce-2788455564d3-groupManagement] INFO  server.RaftServerConfigKeys (ConfUtils.java:logGet(46)) - raft.server.log.unsafe-flush.enabled = false (default)
2025-02-25 14:20:44,779 [ea4ad806-8ee9-4fb9-9dce-2788455564d3-groupManagement] INFO  server.RaftServerConfigKeys (ConfUtils.java:logGet(46)) - raft.server.log.async-flush.enabled = false (default)
2025-02-25 14:20:44,779 [ea4ad806-8ee9-4fb9-9dce-2788455564d3-groupManagement] INFO  server.RaftServerConfigKeys (ConfUtils.java:logGet(46)) - raft.server.log.statemachine.data.caching.enabled = true (custom)
2025-02-25 14:20:44,779 [ea4ad806-8ee9-4fb9-9dce-2788455564d3-groupManagement] INFO  segmented.SegmentedRaftLogWorker (SegmentedRaftLogWorker.java:lambda$new$0(139)) - ea4ad806-8ee9-4fb9-9dce-2788455564d3@group-C5AD75A7C03D-SegmentedRaftLogWorker: flushIndex: setUnconditionally 0 -> -1
2025-02-25 14:20:44,779 [ea4ad806-8ee9-4fb9-9dce-2788455564d3-groupManagement] INFO  segmented.SegmentedRaftLogWorker (SegmentedRaftLogWorker.java:lambda$new$0(139)) - ea4ad806-8ee9-4fb9-9dce-2788455564d3@group-C5AD75A7C03D-SegmentedRaftLogWorker: safeCacheEvictIndex: setUnconditionally 0 -> -1
2025-02-25 14:20:44,780 [ea4ad806-8ee9-4fb9-9dce-2788455564d3-groupManagement] INFO  server.RaftServer$Division (RaftServerImpl.java:start(391)) - ea4ad806-8ee9-4fb9-9dce-2788455564d3@group-C5AD75A7C03D: start as a follower, conf=conf: {index: -1, cur=peers:[ea4ad806-8ee9-4fb9-9dce-2788455564d3|127.0.0.1:15052, 032c8b1c-a843-4a9d-a39a-9c5a3fe2fd36|127.0.0.1:15043, eb7d9a89-7041-4665-a693-2d62dcb81886|127.0.0.1:15034]|listeners:[], old=null}
2025-02-25 14:20:44,780 [ea4ad806-8ee9-4fb9-9dce-2788455564d3-groupManagement] INFO  server.RaftServer$Division (RaftServerImpl.java:setRole(378)) - ea4ad806-8ee9-4fb9-9dce-2788455564d3@group-C5AD75A7C03D: changes role from      null to FOLLOWER at term 0 for startAsFollower
2025-02-25 14:20:44,780 [ea4ad806-8ee9-4fb9-9dce-2788455564d3-groupManagement] INFO  impl.RoleInfo (RoleInfo.java:updateAndGet(148)) - ea4ad806-8ee9-4fb9-9dce-2788455564d3: start ea4ad806-8ee9-4fb9-9dce-2788455564d3@group-C5AD75A7C03D-FollowerState
2025-02-25 14:20:44,780 [ea4ad806-8ee9-4fb9-9dce-2788455564d3-groupManagement] INFO  util.JmxRegister (JmxRegister.java:tryRegister(44)) - Successfully registered JMX Bean with object name Ratis:service=RaftServer,group=group-C5AD75A7C03D,id=ea4ad806-8ee9-4fb9-9dce-2788455564d3
2025-02-25 14:20:44,780 [ea4ad806-8ee9-4fb9-9dce-2788455564d3-groupManagement] INFO  util.JmxRegister (JmxRegister.java:register(58)) - register mxBean class org.apache.ratis.server.impl.RaftServerJmxAdapter as Ratis:service=RaftServer,group=group-C5AD75A7C03D,id=ea4ad806-8ee9-4fb9-9dce-2788455564d3
2025-02-25 14:20:44,780 [ea4ad806-8ee9-4fb9-9dce-2788455564d3-groupManagement] INFO  server.RaftServerConfigKeys (ConfUtils.java:logGet(46)) - raft.server.snapshot.trigger-when-stop.enabled = true (default)
2025-02-25 14:20:44,780 [ea4ad806-8ee9-4fb9-9dce-2788455564d3-groupManagement] INFO  server.RaftServerConfigKeys (ConfUtils.java:logGet(46)) - raft.server.snapshot.trigger-when-remove.enabled = true (default)
2025-02-25 14:20:44,781 [ea4ad806-8ee9-4fb9-9dce-2788455564d3-groupManagement] INFO  server.RaftServerConfigKeys (ConfUtils.java:logGet(46)) - raft.server.snapshot.auto.trigger.enabled = true (custom)
2025-02-25 14:20:44,781 [ea4ad806-8ee9-4fb9-9dce-2788455564d3-groupManagement] INFO  server.RaftServerConfigKeys (ConfUtils.java:logGet(46)) - raft.server.snapshot.auto.trigger.threshold = 100000 (custom)
2025-02-25 14:20:44,781 [ea4ad806-8ee9-4fb9-9dce-2788455564d3@group-C5AD75A7C03D-FollowerState] INFO  server.RaftServerConfigKeys (ConfUtils.java:logFallback(53)) - raft.server.rpc.first-election.timeout.min = 5s (fallback to raft.server.rpc.timeout.min)
2025-02-25 14:20:44,781 [ea4ad806-8ee9-4fb9-9dce-2788455564d3@group-C5AD75A7C03D-FollowerState] INFO  server.RaftServerConfigKeys (ConfUtils.java:logFallback(53)) - raft.server.rpc.first-election.timeout.max = 5200ms (fallback to raft.server.rpc.timeout.max)
2025-02-25 14:20:44,782 [ea4ad806-8ee9-4fb9-9dce-2788455564d3-groupManagement] INFO  server.RaftServerConfigKeys (ConfUtils.java:logGet(46)) - raft.server.snapshot.retention.file.num = 5 (custom)
2025-02-25 14:20:44,782 [ea4ad806-8ee9-4fb9-9dce-2788455564d3-groupManagement] INFO  server.RaftServerConfigKeys (ConfUtils.java:logGet(46)) - raft.server.log.purge.upto.snapshot.index = false (default)
2025-02-25 14:20:44,782 [ea4ad806-8ee9-4fb9-9dce-2788455564d3-groupManagement] INFO  server.RaftServer$Division (RaftServerImpl.java:start(405)) - ea4ad806-8ee9-4fb9-9dce-2788455564d3@group-C5AD75A7C03D: Successfully started.
2025-02-25 14:20:44,793 [grpc-default-executor-5] INFO  server.RaftServer (RaftServerProxy.java:addNew(100)) - eb7d9a89-7041-4665-a693-2d62dcb81886: addNew group-C5AD75A7C03D:[ea4ad806-8ee9-4fb9-9dce-2788455564d3|127.0.0.1:15052, 032c8b1c-a843-4a9d-a39a-9c5a3fe2fd36|127.0.0.1:15043, eb7d9a89-7041-4665-a693-2d62dcb81886|127.0.0.1:15034] returns group-C5AD75A7C03D:java.util.concurrent.CompletableFuture@19a4efbf[Not completed]
2025-02-25 14:20:44,795 [eb7d9a89-7041-4665-a693-2d62dcb81886-groupManagement] INFO  server.RaftServer$Division (RaftServerImpl.java:<init>(255)) - eb7d9a89-7041-4665-a693-2d62dcb81886: new RaftServerImpl for group-C5AD75A7C03D:[ea4ad806-8ee9-4fb9-9dce-2788455564d3|127.0.0.1:15052, 032c8b1c-a843-4a9d-a39a-9c5a3fe2fd36|127.0.0.1:15043, eb7d9a89-7041-4665-a693-2d62dcb81886|127.0.0.1:15034] with ContainerStateMachine:uninitialized
2025-02-25 14:20:44,795 [eb7d9a89-7041-4665-a693-2d62dcb81886-groupManagement] INFO  server.RaftServerConfigKeys (ConfUtils.java:logGet(46)) - raft.server.rpc.timeout.min = 5s (custom)
2025-02-25 14:20:44,795 [eb7d9a89-7041-4665-a693-2d62dcb81886-groupManagement] INFO  server.RaftServerConfigKeys (ConfUtils.java:logGet(46)) - raft.server.rpc.timeout.max = 5200ms (custom)
2025-02-25 14:20:44,795 [eb7d9a89-7041-4665-a693-2d62dcb81886-groupManagement] INFO  server.RaftServerConfigKeys (ConfUtils.java:logGet(46)) - raft.server.rpc.sleep.time = 25ms (default)
2025-02-25 14:20:44,795 [eb7d9a89-7041-4665-a693-2d62dcb81886-groupManagement] INFO  server.RaftServerConfigKeys (ConfUtils.java:logGet(46)) - raft.server.rpc.slowness.timeout = 300000ms (custom)
2025-02-25 14:20:44,795 [eb7d9a89-7041-4665-a693-2d62dcb81886-groupManagement] INFO  server.RaftServerConfigKeys (ConfUtils.java:logGet(46)) - raft.server.leaderelection.leader.step-down.wait-time = 10s (default)
2025-02-25 14:20:44,796 [eb7d9a89-7041-4665-a693-2d62dcb81886-groupManagement] INFO  server.RaftServerConfigKeys (ConfUtils.java:logGet(46)) - raft.server.leaderelection.member.majority-add = false (default)
2025-02-25 14:20:44,796 [eb7d9a89-7041-4665-a693-2d62dcb81886-groupManagement] INFO  server.RaftServerConfigKeys (ConfUtils.java:logGet(46)) - raft.server.sleep.deviation.threshold = 300ms (default)
2025-02-25 14:20:44,796 [eb7d9a89-7041-4665-a693-2d62dcb81886-groupManagement] INFO  server.RaftServer$Division (ServerState.java:<init>(114)) - eb7d9a89-7041-4665-a693-2d62dcb81886@group-C5AD75A7C03D: ConfigurationManager, init=conf: {index: -1, cur=peers:[ea4ad806-8ee9-4fb9-9dce-2788455564d3|127.0.0.1:15052, 032c8b1c-a843-4a9d-a39a-9c5a3fe2fd36|127.0.0.1:15043, eb7d9a89-7041-4665-a693-2d62dcb81886|127.0.0.1:15034]|listeners:[], old=null}, confs=<EMPTY_MAP>
2025-02-25 14:20:44,796 [eb7d9a89-7041-4665-a693-2d62dcb81886-groupManagement] INFO  server.RaftServerConfigKeys (ConfUtils.java:logGet(46)) - raft.server.notification.no-leader.timeout = 300000ms (custom)
2025-02-25 14:20:44,796 [eb7d9a89-7041-4665-a693-2d62dcb81886-groupManagement] INFO  server.RaftServerConfigKeys (ConfUtils.java:logGet(46)) - raft.server.read.timeout = 10s (default)
2025-02-25 14:20:44,796 [eb7d9a89-7041-4665-a693-2d62dcb81886-groupManagement] INFO  server.RaftServerConfigKeys (ConfUtils.java:logGet(46)) - raft.server.retrycache.expirytime = 600000ms (custom)
2025-02-25 14:20:44,796 [eb7d9a89-7041-4665-a693-2d62dcb81886-groupManagement] INFO  server.RaftServerConfigKeys (ConfUtils.java:logGet(46)) - raft.server.retrycache.statistics.expirytime = 100ms (default)
2025-02-25 14:20:44,796 [eb7d9a89-7041-4665-a693-2d62dcb81886-groupManagement] INFO  server.RaftServerConfigKeys (ConfUtils.java:logGet(46)) - raft.server.read.option = DEFAULT (default)
2025-02-25 14:20:44,797 [eb7d9a89-7041-4665-a693-2d62dcb81886-groupManagement] INFO  server.RaftServerConfigKeys (ConfUtils.java:logGet(46)) - raft.server.read.read-after-write-consistent.write-index-cache.expiry-time = 60s (default)
2025-02-25 14:20:44,801 [eb7d9a89-7041-4665-a693-2d62dcb81886-groupManagement] INFO  server.RaftServerConfigKeys (ConfUtils.java:logGet(46)) - raft.server.rpc.request.timeout = 3000ms (default)
2025-02-25 14:20:44,801 [eb7d9a89-7041-4665-a693-2d62dcb81886-groupManagement] INFO  server.RaftServerConfigKeys (ConfUtils.java:logGet(46)) - raft.server.log.appender.install.snapshot.enabled = false (custom)
2025-02-25 14:20:44,801 [eb7d9a89-7041-4665-a693-2d62dcb81886-groupManagement] INFO  server.RaftServerConfigKeys (ConfUtils.java:logGet(46)) - raft.server.threadpool.server.cached = true (default)
2025-02-25 14:20:44,801 [eb7d9a89-7041-4665-a693-2d62dcb81886-groupManagement] INFO  server.RaftServerConfigKeys (ConfUtils.java:logGet(46)) - raft.server.threadpool.server.size = 0 (default)
2025-02-25 14:20:44,801 [eb7d9a89-7041-4665-a693-2d62dcb81886-groupManagement] INFO  server.RaftServerConfigKeys (ConfUtils.java:logGet(46)) - raft.server.threadpool.client.cached = true (default)
2025-02-25 14:20:44,801 [eb7d9a89-7041-4665-a693-2d62dcb81886-groupManagement] INFO  server.RaftServerConfigKeys (ConfUtils.java:logGet(46)) - raft.server.threadpool.client.size = 0 (default)
2025-02-25 14:20:44,802 [eb7d9a89-7041-4665-a693-2d62dcb81886-groupManagement] INFO  server.RaftServerConfigKeys (ConfUtils.java:logGet(46)) - raft.server.storage.free-space.min = 0MB (=0) (default)
2025-02-25 14:20:44,802 [eb7d9a89-7041-4665-a693-2d62dcb81886-groupManagement] INFO  server.RaftServerConfigKeys (ConfUtils.java:logGet(46)) - raft.server.log.corruption.policy = EXCEPTION (default)
2025-02-25 14:20:44,802 [eb7d9a89-7041-4665-a693-2d62dcb81886-groupManagement] INFO  server.RaftServerConfigKeys (ConfUtils.java:logGet(46)) - raft.server.storage.dir = [/home/runner/work/ozone/ozone/hadoop-ozone/integration-test/target/test-dir/MiniOzoneClusterImpl-b4714a4f-035e-4bbe-aae1-aaeac144a409/ozone-meta/datanode-3/ratis] (custom)
2025-02-25 14:20:44,803 [eb7d9a89-7041-4665-a693-2d62dcb81886-groupManagement] INFO  storage.RaftStorageDirectory (RaftStorageDirectoryImpl.java:analyzeStorage(138)) - The storage directory /home/runner/work/ozone/ozone/hadoop-ozone/integration-test/target/test-dir/MiniOzoneClusterImpl-b4714a4f-035e-4bbe-aae1-aaeac144a409/ozone-meta/datanode-3/ratis/2682c8c2-9826-4fde-88db-c5ad75a7c03d does not exist. Creating ...
2025-02-25 14:20:44,804 [eb7d9a89-7041-4665-a693-2d62dcb81886-groupManagement] INFO  storage.RaftStorageDirectory (RaftStorageDirectoryImpl.java:tryLock(229)) - Lock on /home/runner/work/ozone/ozone/hadoop-ozone/integration-test/target/test-dir/MiniOzoneClusterImpl-b4714a4f-035e-4bbe-aae1-aaeac144a409/ozone-meta/datanode-3/ratis/2682c8c2-9826-4fde-88db-c5ad75a7c03d/in_use.lock acquired by nodename 61090@fv-az1326-920
2025-02-25 14:20:44,806 [eb7d9a89-7041-4665-a693-2d62dcb81886-groupManagement] INFO  storage.RaftStorage (RaftStorageImpl.java:format(98)) - Storage directory /home/runner/work/ozone/ozone/hadoop-ozone/integration-test/target/test-dir/MiniOzoneClusterImpl-b4714a4f-035e-4bbe-aae1-aaeac144a409/ozone-meta/datanode-3/ratis/2682c8c2-9826-4fde-88db-c5ad75a7c03d has been successfully formatted.
2025-02-25 14:20:44,807 [eb7d9a89-7041-4665-a693-2d62dcb81886-groupManagement] INFO  ratis.ContainerStateMachine (ContainerStateMachine.java:initialize(300)) - eb7d9a89-7041-4665-a693-2d62dcb81886: initialize group-C5AD75A7C03D
2025-02-25 14:20:44,807 [eb7d9a89-7041-4665-a693-2d62dcb81886-groupManagement] INFO  ratis.ContainerStateMachine (ContainerStateMachine.java:loadSnapshot(308)) - group-C5AD75A7C03D: The snapshot info is null. Setting the last applied index to:(t:0, i:~)
2025-02-25 14:20:44,807 [eb7d9a89-7041-4665-a693-2d62dcb81886-groupManagement] INFO  server.RaftServerConfigKeys (ConfUtils.java:logGet(46)) - raft.server.log.use.memory = false (default)
2025-02-25 14:20:44,807 [eb7d9a89-7041-4665-a693-2d62dcb81886-groupManagement] INFO  server.RaftServerConfigKeys (ConfUtils.java:logGet(46)) - raft.server.log.purge.gap = 1000000 (custom)
2025-02-25 14:20:44,807 [eb7d9a89-7041-4665-a693-2d62dcb81886-groupManagement] INFO  server.RaftServerConfigKeys (ConfUtils.java:logGet(46)) - raft.server.log.appender.buffer.byte-limit = 33554432 (custom)
2025-02-25 14:20:44,807 [eb7d9a89-7041-4665-a693-2d62dcb81886-groupManagement] INFO  server.RaftServerConfigKeys (ConfUtils.java:logGet(46)) - raft.server.log.statemachine.data.read.timeout = 1000ms (default)
2025-02-25 14:20:44,807 [eb7d9a89-7041-4665-a693-2d62dcb81886-groupManagement] INFO  server.RaftServerConfigKeys (ConfUtils.java:logGet(46)) - raft.server.log.purge.preservation.log.num = 0 (default)
2025-02-25 14:20:44,809 [eb7d9a89-7041-4665-a693-2d62dcb81886-groupManagement] INFO  server.RaftServerConfigKeys (ConfUtils.java:logGet(46)) - raft.server.log.segment.size.max = 67108864 (custom)
2025-02-25 14:20:44,810 [eb7d9a89-7041-4665-a693-2d62dcb81886-groupManagement] INFO  server.RaftServerConfigKeys (ConfUtils.java:logGet(46)) - raft.server.log.segment.cache.num.max = 2 (custom)
2025-02-25 14:20:44,810 [eb7d9a89-7041-4665-a693-2d62dcb81886-groupManagement] INFO  server.RaftServerConfigKeys (ConfUtils.java:logGet(46)) - raft.server.log.segment.cache.size.max = 200MB (=209715200) (default)
2025-02-25 14:20:44,810 [eb7d9a89-7041-4665-a693-2d62dcb81886-groupManagement] INFO  server.RaftServerConfigKeys (ConfUtils.java:logGet(46)) - raft.server.log.appender.buffer.byte-limit = 33554432 (custom)
2025-02-25 14:20:44,810 [eb7d9a89-7041-4665-a693-2d62dcb81886-groupManagement] INFO  util.AwaitToRun (AwaitToRun.java:start(81)) - Thread[#1327,eb7d9a89-7041-4665-a693-2d62dcb81886@group-C5AD75A7C03D-cacheEviction-AwaitToRun,5,main] started
2025-02-25 14:20:44,810 [eb7d9a89-7041-4665-a693-2d62dcb81886-groupManagement] INFO  segmented.SegmentedRaftLogWorker (SegmentedRaftLogWorker.java:<init>(188)) - new eb7d9a89-7041-4665-a693-2d62dcb81886@group-C5AD75A7C03D-SegmentedRaftLogWorker for RaftStorageImpl:Storage Directory /home/runner/work/ozone/ozone/hadoop-ozone/integration-test/target/test-dir/MiniOzoneClusterImpl-b4714a4f-035e-4bbe-aae1-aaeac144a409/ozone-meta/datanode-3/ratis/2682c8c2-9826-4fde-88db-c5ad75a7c03d
2025-02-25 14:20:44,810 [eb7d9a89-7041-4665-a693-2d62dcb81886-groupManagement] INFO  server.RaftServerConfigKeys (ConfUtils.java:logGet(46)) - raft.server.log.queue.byte-limit = 4294967296 (custom)
2025-02-25 14:20:44,810 [eb7d9a89-7041-4665-a693-2d62dcb81886-groupManagement] INFO  server.RaftServerConfigKeys (ConfUtils.java:logGet(46)) - raft.server.log.queue.element-limit = 1024 (custom)
2025-02-25 14:20:44,811 [eb7d9a89-7041-4665-a693-2d62dcb81886-groupManagement] INFO  server.RaftServerConfigKeys (ConfUtils.java:logGet(46)) - raft.server.log.segment.size.max = 67108864 (custom)
2025-02-25 14:20:44,811 [eb7d9a89-7041-4665-a693-2d62dcb81886-groupManagement] INFO  server.RaftServerConfigKeys (ConfUtils.java:logGet(46)) - raft.server.log.preallocated.size = 4194304 (custom)
2025-02-25 14:20:44,811 [eb7d9a89-7041-4665-a693-2d62dcb81886-groupManagement] INFO  server.RaftServerConfigKeys (ConfUtils.java:logGet(46)) - raft.server.log.force.sync.num = 128 (default)
2025-02-25 14:20:44,811 [eb7d9a89-7041-4665-a693-2d62dcb81886-groupManagement] INFO  server.RaftServerConfigKeys (ConfUtils.java:logGet(46)) - raft.server.log.statemachine.data.sync = true (default)
2025-02-25 14:20:44,811 [eb7d9a89-7041-4665-a693-2d62dcb81886-groupManagement] INFO  server.RaftServerConfigKeys (ConfUtils.java:logGet(46)) - raft.server.log.statemachine.data.sync.timeout = 10s (default)
2025-02-25 14:20:44,811 [eb7d9a89-7041-4665-a693-2d62dcb81886-groupManagement] INFO  server.RaftServerConfigKeys (ConfUtils.java:logGet(46)) - raft.server.log.statemachine.data.sync.timeout.retry = 30 (custom)
2025-02-25 14:20:44,811 [eb7d9a89-7041-4665-a693-2d62dcb81886-groupManagement] INFO  server.RaftServerConfigKeys (ConfUtils.java:logGet(46)) - raft.server.log.write.buffer.size = 33554440 (custom)
2025-02-25 14:20:44,817 [eb7d9a89-7041-4665-a693-2d62dcb81886-groupManagement] INFO  server.RaftServerConfigKeys (ConfUtils.java:logGet(46)) - raft.server.log.appender.buffer.byte-limit = 33554432 (custom)
2025-02-25 14:20:44,817 [eb7d9a89-7041-4665-a693-2d62dcb81886-groupManagement] INFO  server.RaftServerConfigKeys (ConfUtils.java:logGet(46)) - raft.server.log.unsafe-flush.enabled = false (default)
2025-02-25 14:20:44,817 [eb7d9a89-7041-4665-a693-2d62dcb81886-groupManagement] INFO  server.RaftServerConfigKeys (ConfUtils.java:logGet(46)) - raft.server.log.async-flush.enabled = false (default)
2025-02-25 14:20:44,817 [eb7d9a89-7041-4665-a693-2d62dcb81886-groupManagement] INFO  server.RaftServerConfigKeys (ConfUtils.java:logGet(46)) - raft.server.log.statemachine.data.caching.enabled = true (custom)
2025-02-25 14:20:44,818 [eb7d9a89-7041-4665-a693-2d62dcb81886-groupManagement] INFO  segmented.SegmentedRaftLogWorker (SegmentedRaftLogWorker.java:lambda$new$0(139)) - eb7d9a89-7041-4665-a693-2d62dcb81886@group-C5AD75A7C03D-SegmentedRaftLogWorker: flushIndex: setUnconditionally 0 -> -1
2025-02-25 14:20:44,818 [eb7d9a89-7041-4665-a693-2d62dcb81886-groupManagement] INFO  segmented.SegmentedRaftLogWorker (SegmentedRaftLogWorker.java:lambda$new$0(139)) - eb7d9a89-7041-4665-a693-2d62dcb81886@group-C5AD75A7C03D-SegmentedRaftLogWorker: safeCacheEvictIndex: setUnconditionally 0 -> -1
2025-02-25 14:20:44,818 [eb7d9a89-7041-4665-a693-2d62dcb81886-groupManagement] INFO  server.RaftServer$Division (RaftServerImpl.java:start(391)) - eb7d9a89-7041-4665-a693-2d62dcb81886@group-C5AD75A7C03D: start as a follower, conf=conf: {index: -1, cur=peers:[ea4ad806-8ee9-4fb9-9dce-2788455564d3|127.0.0.1:15052, 032c8b1c-a843-4a9d-a39a-9c5a3fe2fd36|127.0.0.1:15043, eb7d9a89-7041-4665-a693-2d62dcb81886|127.0.0.1:15034]|listeners:[], old=null}
2025-02-25 14:20:44,818 [eb7d9a89-7041-4665-a693-2d62dcb81886-groupManagement] INFO  server.RaftServer$Division (RaftServerImpl.java:setRole(378)) - eb7d9a89-7041-4665-a693-2d62dcb81886@group-C5AD75A7C03D: changes role from      null to FOLLOWER at term 0 for startAsFollower
2025-02-25 14:20:44,818 [eb7d9a89-7041-4665-a693-2d62dcb81886-groupManagement] INFO  impl.RoleInfo (RoleInfo.java:updateAndGet(148)) - eb7d9a89-7041-4665-a693-2d62dcb81886: start eb7d9a89-7041-4665-a693-2d62dcb81886@group-C5AD75A7C03D-FollowerState
2025-02-25 14:20:44,819 [eb7d9a89-7041-4665-a693-2d62dcb81886-groupManagement] INFO  util.JmxRegister (JmxRegister.java:tryRegister(44)) - Successfully registered JMX Bean with object name Ratis:service=RaftServer,group=group-C5AD75A7C03D,id=eb7d9a89-7041-4665-a693-2d62dcb81886
2025-02-25 14:20:44,819 [eb7d9a89-7041-4665-a693-2d62dcb81886-groupManagement] INFO  util.JmxRegister (JmxRegister.java:register(58)) - register mxBean class org.apache.ratis.server.impl.RaftServerJmxAdapter as Ratis:service=RaftServer,group=group-C5AD75A7C03D,id=eb7d9a89-7041-4665-a693-2d62dcb81886
2025-02-25 14:20:44,819 [eb7d9a89-7041-4665-a693-2d62dcb81886-groupManagement] INFO  server.RaftServerConfigKeys (ConfUtils.java:logGet(46)) - raft.server.snapshot.trigger-when-stop.enabled = true (default)
2025-02-25 14:20:44,819 [eb7d9a89-7041-4665-a693-2d62dcb81886-groupManagement] INFO  server.RaftServerConfigKeys (ConfUtils.java:logGet(46)) - raft.server.snapshot.trigger-when-remove.enabled = true (default)
2025-02-25 14:20:44,819 [eb7d9a89-7041-4665-a693-2d62dcb81886-groupManagement] INFO  server.RaftServerConfigKeys (ConfUtils.java:logGet(46)) - raft.server.snapshot.auto.trigger.enabled = true (custom)
2025-02-25 14:20:44,819 [eb7d9a89-7041-4665-a693-2d62dcb81886-groupManagement] INFO  server.RaftServerConfigKeys (ConfUtils.java:logGet(46)) - raft.server.snapshot.auto.trigger.threshold = 100000 (custom)
2025-02-25 14:20:44,819 [eb7d9a89-7041-4665-a693-2d62dcb81886-groupManagement] INFO  server.RaftServerConfigKeys (ConfUtils.java:logGet(46)) - raft.server.snapshot.retention.file.num = 5 (custom)
2025-02-25 14:20:44,819 [eb7d9a89-7041-4665-a693-2d62dcb81886@group-C5AD75A7C03D-FollowerState] INFO  server.RaftServerConfigKeys (ConfUtils.java:logFallback(53)) - raft.server.rpc.first-election.timeout.min = 5s (fallback to raft.server.rpc.timeout.min)
2025-02-25 14:20:44,819 [eb7d9a89-7041-4665-a693-2d62dcb81886@group-C5AD75A7C03D-FollowerState] INFO  server.RaftServerConfigKeys (ConfUtils.java:logFallback(53)) - raft.server.rpc.first-election.timeout.max = 5200ms (fallback to raft.server.rpc.timeout.max)
2025-02-25 14:20:44,820 [eb7d9a89-7041-4665-a693-2d62dcb81886-groupManagement] INFO  server.RaftServerConfigKeys (ConfUtils.java:logGet(46)) - raft.server.log.purge.upto.snapshot.index = false (default)
2025-02-25 14:20:44,820 [eb7d9a89-7041-4665-a693-2d62dcb81886-groupManagement] INFO  server.RaftServer$Division (RaftServerImpl.java:start(405)) - eb7d9a89-7041-4665-a693-2d62dcb81886@group-C5AD75A7C03D: Successfully started.
2025-02-25 14:20:44,824 [032c8b1c-a843-4a9d-a39a-9c5a3fe2fd36-PipelineCommandHandlerThread-0] INFO  commandhandler.CreatePipelineCommandHandler (CreatePipelineCommandHandler.java:lambda$handle$2(128)) - Created Pipeline RATIS THREE PipelineID=2682c8c2-9826-4fde-88db-c5ad75a7c03d.
2025-02-25 14:20:45,038 [grpc-default-executor-3] INFO  segmented.SegmentedRaftLogWorker (SegmentedRaftLogWorker.java:close(252)) - f0de3bb0-eb83-4e2a-a791-08d5bd07359b@group-0E31C5E74BB7-SegmentedRaftLogWorker close()
2025-02-25 14:20:45,040 [grpc-default-executor-4] INFO  segmented.SegmentedRaftLogWorker (SegmentedRaftLogWorker.java:close(252)) - 6f339c6d-ba4b-40de-9593-05d751b3d64d@group-0E31C5E74BB7-SegmentedRaftLogWorker close()
2025-02-25 14:20:45,042 [grpc-default-executor-3] INFO  keyvalue.KeyValueContainer (KeyValueContainer.java:flushAndSyncDB(526)) - Container 9 is synced with bcsId 178.
2025-02-25 14:20:45,042 [grpc-default-executor-3] INFO  keyvalue.KeyValueContainer (KeyValueContainer.java:flushAndSyncDB(526)) - Container 9 is synced with bcsId 178.
2025-02-25 14:20:45,042 [grpc-default-executor-4] INFO  keyvalue.KeyValueContainer (KeyValueContainer.java:flushAndSyncDB(526)) - Container 12 is synced with bcsId 196.
2025-02-25 14:20:45,043 [grpc-default-executor-4] INFO  keyvalue.KeyValueContainer (KeyValueContainer.java:flushAndSyncDB(526)) - Container 12 is synced with bcsId 196.
2025-02-25 14:20:45,045 [grpc-default-executor-2] INFO  segmented.SegmentedRaftLogWorker (SegmentedRaftLogWorker.java:close(252)) - eb7d9a89-7041-4665-a693-2d62dcb81886@group-0E31C5E74BB7-SegmentedRaftLogWorker close()
2025-02-25 14:20:45,049 [FixedThreadPoolWithAffinityExecutor-9-0] INFO  container.IncrementalContainerReportHandler (AbstractContainerReportHandler.java:updateContainerState(283)) - Moving container #12 to QUASI_CLOSED state, datanode 6f339c6d-ba4b-40de-9593-05d751b3d64d(localhost/127.0.0.1) reported QUASI_CLOSED replica.
2025-02-25 14:20:45,050 [grpc-default-executor-3] INFO  keyvalue.KeyValueContainer (KeyValueContainer.java:flushAndSyncDB(526)) - Container 12 is synced with bcsId 196.
2025-02-25 14:20:45,050 [grpc-default-executor-2] INFO  keyvalue.KeyValueContainer (KeyValueContainer.java:flushAndSyncDB(526)) - Container 9 is synced with bcsId 178.
2025-02-25 14:20:45,050 [grpc-default-executor-2] INFO  keyvalue.KeyValueContainer (KeyValueContainer.java:flushAndSyncDB(526)) - Container 9 is synced with bcsId 178.
2025-02-25 14:20:45,050 [grpc-default-executor-4] INFO  server.RaftServer$Division (RaftServerImpl.java:groupRemove(483)) - 6f339c6d-ba4b-40de-9593-05d751b3d64d@group-0E31C5E74BB7: Succeed to remove RaftStorageDirectory Storage Directory /home/runner/work/ozone/ozone/hadoop-ozone/integration-test/target/test-dir/MiniOzoneClusterImpl-b4714a4f-035e-4bbe-aae1-aaeac144a409/ozone-meta/datanode-1/ratis/a36c54e7-a96d-45ce-84b4-0e31c5e74bb7
2025-02-25 14:20:45,050 [grpc-default-executor-3] INFO  keyvalue.KeyValueContainer (KeyValueContainer.java:flushAndSyncDB(526)) - Container 12 is synced with bcsId 196.
2025-02-25 14:20:45,057 [grpc-default-executor-3] INFO  server.RaftServer$Division (RaftServerImpl.java:groupRemove(483)) - f0de3bb0-eb83-4e2a-a791-08d5bd07359b@group-0E31C5E74BB7: Succeed to remove RaftStorageDirectory Storage Directory /home/runner/work/ozone/ozone/hadoop-ozone/integration-test/target/test-dir/MiniOzoneClusterImpl-b4714a4f-035e-4bbe-aae1-aaeac144a409/ozone-meta/datanode-2/ratis/a36c54e7-a96d-45ce-84b4-0e31c5e74bb7
2025-02-25 14:20:45,058 [grpc-default-executor-2] INFO  keyvalue.KeyValueContainer (KeyValueContainer.java:flushAndSyncDB(526)) - Container 12 is synced with bcsId 196.
2025-02-25 14:20:45,059 [grpc-default-executor-2] INFO  keyvalue.KeyValueContainer (KeyValueContainer.java:flushAndSyncDB(526)) - Container 12 is synced with bcsId 196.
2025-02-25 14:20:45,065 [grpc-default-executor-2] INFO  server.RaftServer$Division (RaftServerImpl.java:groupRemove(483)) - eb7d9a89-7041-4665-a693-2d62dcb81886@group-0E31C5E74BB7: Succeed to remove RaftStorageDirectory Storage Directory /home/runner/work/ozone/ozone/hadoop-ozone/integration-test/target/test-dir/MiniOzoneClusterImpl-b4714a4f-035e-4bbe-aae1-aaeac144a409/ozone-meta/datanode-3/ratis/a36c54e7-a96d-45ce-84b4-0e31c5e74bb7
2025-02-25 14:20:45,069 [grpc-default-executor-2] WARN  server.RaftServer (RaftServerProxy.java:remove(106)) - f0de3bb0-eb83-4e2a-a791-08d5bd07359b: does not contain group: group-0E31C5E74BB7
2025-02-25 14:20:45,070 [f0de3bb0-eb83-4e2a-a791-08d5bd07359b-PipelineCommandHandlerThread-0] WARN  server.RaftServer (RaftServerProxy.java:remove(106)) - f0de3bb0-eb83-4e2a-a791-08d5bd07359b: does not contain group: group-0E31C5E74BB7
2025-02-25 14:20:45,073 [grpc-default-executor-3] WARN  server.RaftServer (RaftServerProxy.java:remove(106)) - eb7d9a89-7041-4665-a693-2d62dcb81886: does not contain group: group-0E31C5E74BB7
2025-02-25 14:20:45,078 [eb7d9a89-7041-4665-a693-2d62dcb81886-PipelineCommandHandlerThread-0] WARN  server.RaftServer (RaftServerProxy.java:remove(106)) - eb7d9a89-7041-4665-a693-2d62dcb81886: does not contain group: group-0E31C5E74BB7
2025-02-25 14:20:45,080 [6f339c6d-ba4b-40de-9593-05d751b3d64d-PipelineCommandHandlerThread-0] WARN  server.RaftServer (RaftServerProxy.java:remove(106)) - 6f339c6d-ba4b-40de-9593-05d751b3d64d: does not contain group: group-0E31C5E74BB7
2025-02-25 14:20:45,081 [6f339c6d-ba4b-40de-9593-05d751b3d64d-PipelineCommandHandlerThread-0] INFO  server.RaftServer (RaftServerProxy.java:addNew(100)) - 6f339c6d-ba4b-40de-9593-05d751b3d64d: addNew group-A5E6E23A4E36:[6f339c6d-ba4b-40de-9593-05d751b3d64d|127.0.0.1:15016] returns group-A5E6E23A4E36:java.util.concurrent.CompletableFuture@1b1cd462[Not completed]
2025-02-25 14:20:45,083 [6f339c6d-ba4b-40de-9593-05d751b3d64d-groupManagement] INFO  server.RaftServer$Division (RaftServerImpl.java:<init>(255)) - 6f339c6d-ba4b-40de-9593-05d751b3d64d: new RaftServerImpl for group-A5E6E23A4E36:[6f339c6d-ba4b-40de-9593-05d751b3d64d|127.0.0.1:15016] with ContainerStateMachine:uninitialized
2025-02-25 14:20:45,083 [6f339c6d-ba4b-40de-9593-05d751b3d64d-groupManagement] INFO  server.RaftServerConfigKeys (ConfUtils.java:logGet(46)) - raft.server.rpc.timeout.min = 5s (custom)
2025-02-25 14:20:45,084 [6f339c6d-ba4b-40de-9593-05d751b3d64d-groupManagement] INFO  server.RaftServerConfigKeys (ConfUtils.java:logGet(46)) - raft.server.rpc.timeout.max = 5200ms (custom)
2025-02-25 14:20:45,085 [6f339c6d-ba4b-40de-9593-05d751b3d64d-groupManagement] INFO  server.RaftServerConfigKeys (ConfUtils.java:logGet(46)) - raft.server.rpc.sleep.time = 25ms (default)
2025-02-25 14:20:45,085 [6f339c6d-ba4b-40de-9593-05d751b3d64d-groupManagement] INFO  server.RaftServerConfigKeys (ConfUtils.java:logGet(46)) - raft.server.rpc.slowness.timeout = 300000ms (custom)
2025-02-25 14:20:45,085 [6f339c6d-ba4b-40de-9593-05d751b3d64d-groupManagement] INFO  server.RaftServerConfigKeys (ConfUtils.java:logGet(46)) - raft.server.leaderelection.leader.step-down.wait-time = 10s (default)
2025-02-25 14:20:45,086 [6f339c6d-ba4b-40de-9593-05d751b3d64d-groupManagement] INFO  server.RaftServerConfigKeys (ConfUtils.java:logGet(46)) - raft.server.leaderelection.member.majority-add = false (default)
2025-02-25 14:20:45,086 [6f339c6d-ba4b-40de-9593-05d751b3d64d-groupManagement] INFO  server.RaftServerConfigKeys (ConfUtils.java:logGet(46)) - raft.server.sleep.deviation.threshold = 300ms (default)
2025-02-25 14:20:45,086 [6f339c6d-ba4b-40de-9593-05d751b3d64d-groupManagement] INFO  server.RaftServer$Division (ServerState.java:<init>(114)) - 6f339c6d-ba4b-40de-9593-05d751b3d64d@group-A5E6E23A4E36: ConfigurationManager, init=conf: {index: -1, cur=peers:[6f339c6d-ba4b-40de-9593-05d751b3d64d|127.0.0.1:15016]|listeners:[], old=null}, confs=<EMPTY_MAP>
2025-02-25 14:20:45,087 [6f339c6d-ba4b-40de-9593-05d751b3d64d-groupManagement] INFO  server.RaftServerConfigKeys (ConfUtils.java:logGet(46)) - raft.server.notification.no-leader.timeout = 300000ms (custom)
2025-02-25 14:20:45,087 [6f339c6d-ba4b-40de-9593-05d751b3d64d-groupManagement] INFO  server.RaftServerConfigKeys (ConfUtils.java:logGet(46)) - raft.server.read.timeout = 10s (default)
2025-02-25 14:20:45,087 [6f339c6d-ba4b-40de-9593-05d751b3d64d-groupManagement] INFO  server.RaftServerConfigKeys (ConfUtils.java:logGet(46)) - raft.server.retrycache.expirytime = 600000ms (custom)
2025-02-25 14:20:45,087 [6f339c6d-ba4b-40de-9593-05d751b3d64d-groupManagement] INFO  server.RaftServerConfigKeys (ConfUtils.java:logGet(46)) - raft.server.retrycache.statistics.expirytime = 100ms (default)
2025-02-25 14:20:45,087 [6f339c6d-ba4b-40de-9593-05d751b3d64d-groupManagement] INFO  server.RaftServerConfigKeys (ConfUtils.java:logGet(46)) - raft.server.read.option = DEFAULT (default)
2025-02-25 14:20:45,087 [6f339c6d-ba4b-40de-9593-05d751b3d64d-groupManagement] INFO  server.RaftServerConfigKeys (ConfUtils.java:logGet(46)) - raft.server.read.read-after-write-consistent.write-index-cache.expiry-time = 60s (default)
2025-02-25 14:20:45,092 [6f339c6d-ba4b-40de-9593-05d751b3d64d-groupManagement] INFO  server.RaftServerConfigKeys (ConfUtils.java:logGet(46)) - raft.server.rpc.request.timeout = 3000ms (default)
2025-02-25 14:20:45,092 [6f339c6d-ba4b-40de-9593-05d751b3d64d-groupManagement] INFO  server.RaftServerConfigKeys (ConfUtils.java:logGet(46)) - raft.server.log.appender.install.snapshot.enabled = false (custom)
2025-02-25 14:20:45,092 [6f339c6d-ba4b-40de-9593-05d751b3d64d-groupManagement] INFO  server.RaftServerConfigKeys (ConfUtils.java:logGet(46)) - raft.server.threadpool.server.cached = true (default)
2025-02-25 14:20:45,092 [6f339c6d-ba4b-40de-9593-05d751b3d64d-groupManagement] INFO  server.RaftServerConfigKeys (ConfUtils.java:logGet(46)) - raft.server.threadpool.server.size = 0 (default)
2025-02-25 14:20:45,092 [6f339c6d-ba4b-40de-9593-05d751b3d64d-groupManagement] INFO  server.RaftServerConfigKeys (ConfUtils.java:logGet(46)) - raft.server.threadpool.client.cached = true (default)
2025-02-25 14:20:45,092 [6f339c6d-ba4b-40de-9593-05d751b3d64d-groupManagement] INFO  server.RaftServerConfigKeys (ConfUtils.java:logGet(46)) - raft.server.threadpool.client.size = 0 (default)
2025-02-25 14:20:45,092 [6f339c6d-ba4b-40de-9593-05d751b3d64d-groupManagement] INFO  server.RaftServerConfigKeys (ConfUtils.java:logGet(46)) - raft.server.storage.free-space.min = 0MB (=0) (default)
2025-02-25 14:20:45,092 [6f339c6d-ba4b-40de-9593-05d751b3d64d-groupManagement] INFO  server.RaftServerConfigKeys (ConfUtils.java:logGet(46)) - raft.server.log.corruption.policy = EXCEPTION (default)
2025-02-25 14:20:45,092 [6f339c6d-ba4b-40de-9593-05d751b3d64d-groupManagement] INFO  server.RaftServerConfigKeys (ConfUtils.java:logGet(46)) - raft.server.storage.dir = [/home/runner/work/ozone/ozone/hadoop-ozone/integration-test/target/test-dir/MiniOzoneClusterImpl-b4714a4f-035e-4bbe-aae1-aaeac144a409/ozone-meta/datanode-1/ratis] (custom)
2025-02-25 14:20:45,092 [6f339c6d-ba4b-40de-9593-05d751b3d64d-groupManagement] INFO  storage.RaftStorageDirectory (RaftStorageDirectoryImpl.java:analyzeStorage(138)) - The storage directory /home/runner/work/ozone/ozone/hadoop-ozone/integration-test/target/test-dir/MiniOzoneClusterImpl-b4714a4f-035e-4bbe-aae1-aaeac144a409/ozone-meta/datanode-1/ratis/a2a0039c-09ba-42fa-97a9-a5e6e23a4e36 does not exist. Creating ...
2025-02-25 14:20:45,094 [6f339c6d-ba4b-40de-9593-05d751b3d64d-groupManagement] INFO  storage.RaftStorageDirectory (RaftStorageDirectoryImpl.java:tryLock(229)) - Lock on /home/runner/work/ozone/ozone/hadoop-ozone/integration-test/target/test-dir/MiniOzoneClusterImpl-b4714a4f-035e-4bbe-aae1-aaeac144a409/ozone-meta/datanode-1/ratis/a2a0039c-09ba-42fa-97a9-a5e6e23a4e36/in_use.lock acquired by nodename 61090@fv-az1326-920
2025-02-25 14:20:45,095 [6f339c6d-ba4b-40de-9593-05d751b3d64d-groupManagement] INFO  storage.RaftStorage (RaftStorageImpl.java:format(98)) - Storage directory /home/runner/work/ozone/ozone/hadoop-ozone/integration-test/target/test-dir/MiniOzoneClusterImpl-b4714a4f-035e-4bbe-aae1-aaeac144a409/ozone-meta/datanode-1/ratis/a2a0039c-09ba-42fa-97a9-a5e6e23a4e36 has been successfully formatted.
2025-02-25 14:20:45,095 [6f339c6d-ba4b-40de-9593-05d751b3d64d-groupManagement] INFO  ratis.ContainerStateMachine (ContainerStateMachine.java:initialize(300)) - 6f339c6d-ba4b-40de-9593-05d751b3d64d: initialize group-A5E6E23A4E36
2025-02-25 14:20:45,095 [6f339c6d-ba4b-40de-9593-05d751b3d64d-groupManagement] INFO  ratis.ContainerStateMachine (ContainerStateMachine.java:loadSnapshot(308)) - group-A5E6E23A4E36: The snapshot info is null. Setting the last applied index to:(t:0, i:~)
2025-02-25 14:20:45,095 [6f339c6d-ba4b-40de-9593-05d751b3d64d-groupManagement] INFO  server.RaftServerConfigKeys (ConfUtils.java:logGet(46)) - raft.server.log.use.memory = false (default)
2025-02-25 14:20:45,096 [6f339c6d-ba4b-40de-9593-05d751b3d64d-groupManagement] INFO  server.RaftServerConfigKeys (ConfUtils.java:logGet(46)) - raft.server.log.purge.gap = 1000000 (custom)
2025-02-25 14:20:45,096 [6f339c6d-ba4b-40de-9593-05d751b3d64d-groupManagement] INFO  server.RaftServerConfigKeys (ConfUtils.java:logGet(46)) - raft.server.log.appender.buffer.byte-limit = 33554432 (custom)
2025-02-25 14:20:45,096 [6f339c6d-ba4b-40de-9593-05d751b3d64d-groupManagement] INFO  server.RaftServerConfigKeys (ConfUtils.java:logGet(46)) - raft.server.log.statemachine.data.read.timeout = 1000ms (default)
2025-02-25 14:20:45,096 [6f339c6d-ba4b-40de-9593-05d751b3d64d-groupManagement] INFO  server.RaftServerConfigKeys (ConfUtils.java:logGet(46)) - raft.server.log.purge.preservation.log.num = 0 (default)
2025-02-25 14:20:45,099 [6f339c6d-ba4b-40de-9593-05d751b3d64d-groupManagement] INFO  server.RaftServerConfigKeys (ConfUtils.java:logGet(46)) - raft.server.log.segment.size.max = 67108864 (custom)
2025-02-25 14:20:45,099 [6f339c6d-ba4b-40de-9593-05d751b3d64d-groupManagement] INFO  server.RaftServerConfigKeys (ConfUtils.java:logGet(46)) - raft.server.log.segment.cache.num.max = 2 (custom)
2025-02-25 14:20:45,099 [6f339c6d-ba4b-40de-9593-05d751b3d64d-groupManagement] INFO  server.RaftServerConfigKeys (ConfUtils.java:logGet(46)) - raft.server.log.segment.cache.size.max = 200MB (=209715200) (default)
2025-02-25 14:20:45,099 [6f339c6d-ba4b-40de-9593-05d751b3d64d-groupManagement] INFO  server.RaftServerConfigKeys (ConfUtils.java:logGet(46)) - raft.server.log.appender.buffer.byte-limit = 33554432 (custom)
2025-02-25 14:20:45,101 [6f339c6d-ba4b-40de-9593-05d751b3d64d-groupManagement] INFO  util.AwaitToRun (AwaitToRun.java:start(81)) - Thread[#1339,6f339c6d-ba4b-40de-9593-05d751b3d64d@group-A5E6E23A4E36-cacheEviction-AwaitToRun,5,main] started
2025-02-25 14:20:45,101 [6f339c6d-ba4b-40de-9593-05d751b3d64d-groupManagement] INFO  segmented.SegmentedRaftLogWorker (SegmentedRaftLogWorker.java:<init>(188)) - new 6f339c6d-ba4b-40de-9593-05d751b3d64d@group-A5E6E23A4E36-SegmentedRaftLogWorker for RaftStorageImpl:Storage Directory /home/runner/work/ozone/ozone/hadoop-ozone/integration-test/target/test-dir/MiniOzoneClusterImpl-b4714a4f-035e-4bbe-aae1-aaeac144a409/ozone-meta/datanode-1/ratis/a2a0039c-09ba-42fa-97a9-a5e6e23a4e36
2025-02-25 14:20:45,101 [6f339c6d-ba4b-40de-9593-05d751b3d64d-groupManagement] INFO  server.RaftServerConfigKeys (ConfUtils.java:logGet(46)) - raft.server.log.queue.byte-limit = 4294967296 (custom)
2025-02-25 14:20:45,101 [6f339c6d-ba4b-40de-9593-05d751b3d64d-groupManagement] INFO  server.RaftServerConfigKeys (ConfUtils.java:logGet(46)) - raft.server.log.queue.element-limit = 1024 (custom)
2025-02-25 14:20:45,101 [6f339c6d-ba4b-40de-9593-05d751b3d64d-groupManagement] INFO  server.RaftServerConfigKeys (ConfUtils.java:logGet(46)) - raft.server.log.segment.size.max = 67108864 (custom)
2025-02-25 14:20:45,101 [6f339c6d-ba4b-40de-9593-05d751b3d64d-groupManagement] INFO  server.RaftServerConfigKeys (ConfUtils.java:logGet(46)) - raft.server.log.preallocated.size = 4194304 (custom)
2025-02-25 14:20:45,101 [6f339c6d-ba4b-40de-9593-05d751b3d64d-groupManagement] INFO  server.RaftServerConfigKeys (ConfUtils.java:logGet(46)) - raft.server.log.force.sync.num = 128 (default)
2025-02-25 14:20:45,101 [6f339c6d-ba4b-40de-9593-05d751b3d64d-groupManagement] INFO  server.RaftServerConfigKeys (ConfUtils.java:logGet(46)) - raft.server.log.statemachine.data.sync = true (default)
2025-02-25 14:20:45,101 [6f339c6d-ba4b-40de-9593-05d751b3d64d-groupManagement] INFO  server.RaftServerConfigKeys (ConfUtils.java:logGet(46)) - raft.server.log.statemachine.data.sync.timeout = 10s (default)
2025-02-25 14:20:45,101 [6f339c6d-ba4b-40de-9593-05d751b3d64d-groupManagement] INFO  server.RaftServerConfigKeys (ConfUtils.java:logGet(46)) - raft.server.log.statemachine.data.sync.timeout.retry = 30 (custom)
2025-02-25 14:20:45,102 [EventQueue-PipelineReportForPipelineReportHandler] INFO  pipeline.PipelineReportHandler (PipelineReportHandler.java:processPipelineReport(141)) - Opened pipeline PipelineID=a2a0039c-09ba-42fa-97a9-a5e6e23a4e36
2025-02-25 14:20:45,102 [6f339c6d-ba4b-40de-9593-05d751b3d64d-groupManagement] INFO  server.RaftServerConfigKeys (ConfUtils.java:logGet(46)) - raft.server.log.write.buffer.size = 33554440 (custom)
2025-02-25 14:20:45,106 [6f339c6d-ba4b-40de-9593-05d751b3d64d-groupManagement] INFO  server.RaftServerConfigKeys (ConfUtils.java:logGet(46)) - raft.server.log.appender.buffer.byte-limit = 33554432 (custom)
2025-02-25 14:20:45,107 [6f339c6d-ba4b-40de-9593-05d751b3d64d-groupManagement] INFO  server.RaftServerConfigKeys (ConfUtils.java:logGet(46)) - raft.server.log.unsafe-flush.enabled = false (default)
2025-02-25 14:20:45,107 [6f339c6d-ba4b-40de-9593-05d751b3d64d-groupManagement] INFO  server.RaftServerConfigKeys (ConfUtils.java:logGet(46)) - raft.server.log.async-flush.enabled = false (default)
2025-02-25 14:20:45,107 [6f339c6d-ba4b-40de-9593-05d751b3d64d-groupManagement] INFO  server.RaftServerConfigKeys (ConfUtils.java:logGet(46)) - raft.server.log.statemachine.data.caching.enabled = true (custom)
2025-02-25 14:20:45,107 [6f339c6d-ba4b-40de-9593-05d751b3d64d-groupManagement] INFO  segmented.SegmentedRaftLogWorker (SegmentedRaftLogWorker.java:lambda$new$0(139)) - 6f339c6d-ba4b-40de-9593-05d751b3d64d@group-A5E6E23A4E36-SegmentedRaftLogWorker: flushIndex: setUnconditionally 0 -> -1
2025-02-25 14:20:45,107 [6f339c6d-ba4b-40de-9593-05d751b3d64d-groupManagement] INFO  segmented.SegmentedRaftLogWorker (SegmentedRaftLogWorker.java:lambda$new$0(139)) - 6f339c6d-ba4b-40de-9593-05d751b3d64d@group-A5E6E23A4E36-SegmentedRaftLogWorker: safeCacheEvictIndex: setUnconditionally 0 -> -1
2025-02-25 14:20:45,107 [6f339c6d-ba4b-40de-9593-05d751b3d64d-groupManagement] INFO  server.RaftServer$Division (RaftServerImpl.java:start(391)) - 6f339c6d-ba4b-40de-9593-05d751b3d64d@group-A5E6E23A4E36: start as a follower, conf=conf: {index: -1, cur=peers:[6f339c6d-ba4b-40de-9593-05d751b3d64d|127.0.0.1:15016]|listeners:[], old=null}
2025-02-25 14:20:45,107 [6f339c6d-ba4b-40de-9593-05d751b3d64d-groupManagement] INFO  server.RaftServer$Division (RaftServerImpl.java:setRole(378)) - 6f339c6d-ba4b-40de-9593-05d751b3d64d@group-A5E6E23A4E36: changes role from      null to FOLLOWER at term 0 for startAsFollower
2025-02-25 14:20:45,107 [6f339c6d-ba4b-40de-9593-05d751b3d64d-groupManagement] INFO  impl.RoleInfo (RoleInfo.java:updateAndGet(148)) - 6f339c6d-ba4b-40de-9593-05d751b3d64d: start 6f339c6d-ba4b-40de-9593-05d751b3d64d@group-A5E6E23A4E36-FollowerState
2025-02-25 14:20:45,108 [6f339c6d-ba4b-40de-9593-05d751b3d64d@group-A5E6E23A4E36-FollowerState] INFO  server.RaftServerConfigKeys (ConfUtils.java:logFallback(53)) - raft.server.rpc.first-election.timeout.min = 5s (fallback to raft.server.rpc.timeout.min)
2025-02-25 14:20:45,108 [6f339c6d-ba4b-40de-9593-05d751b3d64d@group-A5E6E23A4E36-FollowerState] INFO  server.RaftServerConfigKeys (ConfUtils.java:logFallback(53)) - raft.server.rpc.first-election.timeout.max = 5200ms (fallback to raft.server.rpc.timeout.max)
2025-02-25 14:20:45,108 [6f339c6d-ba4b-40de-9593-05d751b3d64d-groupManagement] INFO  util.JmxRegister (JmxRegister.java:tryRegister(44)) - Successfully registered JMX Bean with object name Ratis:service=RaftServer,group=group-A5E6E23A4E36,id=6f339c6d-ba4b-40de-9593-05d751b3d64d
2025-02-25 14:20:45,108 [6f339c6d-ba4b-40de-9593-05d751b3d64d-groupManagement] INFO  util.JmxRegister (JmxRegister.java:register(58)) - register mxBean class org.apache.ratis.server.impl.RaftServerJmxAdapter as Ratis:service=RaftServer,group=group-A5E6E23A4E36,id=6f339c6d-ba4b-40de-9593-05d751b3d64d
2025-02-25 14:20:45,108 [6f339c6d-ba4b-40de-9593-05d751b3d64d-groupManagement] INFO  server.RaftServerConfigKeys (ConfUtils.java:logGet(46)) - raft.server.snapshot.trigger-when-stop.enabled = true (default)
2025-02-25 14:20:45,108 [6f339c6d-ba4b-40de-9593-05d751b3d64d-groupManagement] INFO  server.RaftServerConfigKeys (ConfUtils.java:logGet(46)) - raft.server.snapshot.trigger-when-remove.enabled = true (default)
2025-02-25 14:20:45,109 [6f339c6d-ba4b-40de-9593-05d751b3d64d-groupManagement] INFO  server.RaftServerConfigKeys (ConfUtils.java:logGet(46)) - raft.server.snapshot.auto.trigger.enabled = true (custom)
2025-02-25 14:20:45,109 [6f339c6d-ba4b-40de-9593-05d751b3d64d-groupManagement] INFO  server.RaftServerConfigKeys (ConfUtils.java:logGet(46)) - raft.server.snapshot.auto.trigger.threshold = 100000 (custom)
2025-02-25 14:20:45,109 [6f339c6d-ba4b-40de-9593-05d751b3d64d-groupManagement] INFO  server.RaftServerConfigKeys (ConfUtils.java:logGet(46)) - raft.server.snapshot.retention.file.num = 5 (custom)
2025-02-25 14:20:45,109 [6f339c6d-ba4b-40de-9593-05d751b3d64d-groupManagement] INFO  server.RaftServerConfigKeys (ConfUtils.java:logGet(46)) - raft.server.log.purge.upto.snapshot.index = false (default)
2025-02-25 14:20:45,110 [6f339c6d-ba4b-40de-9593-05d751b3d64d-groupManagement] INFO  server.RaftServer$Division (RaftServerImpl.java:start(405)) - 6f339c6d-ba4b-40de-9593-05d751b3d64d@group-A5E6E23A4E36: Successfully started.
2025-02-25 14:20:45,110 [6f339c6d-ba4b-40de-9593-05d751b3d64d-PipelineCommandHandlerThread-0] INFO  ratis.XceiverServerRatis (XceiverServerRatis.java:addGroup(841)) - Created group PipelineID=a2a0039c-09ba-42fa-97a9-a5e6e23a4e36
2025-02-25 14:20:45,110 [6f339c6d-ba4b-40de-9593-05d751b3d64d-PipelineCommandHandlerThread-0] INFO  commandhandler.CreatePipelineCommandHandler (CreatePipelineCommandHandler.java:lambda$handle$2(128)) - Created Pipeline RATIS ONE PipelineID=a2a0039c-09ba-42fa-97a9-a5e6e23a4e36.
2025-02-25 14:20:45,381 [ea4ad806-8ee9-4fb9-9dce-2788455564d3-PipelineCommandHandlerThread-0] INFO  server.RaftServer (RaftServerProxy.java:addNew(100)) - ea4ad806-8ee9-4fb9-9dce-2788455564d3: addNew group-48837ADF0AB3:[ea4ad806-8ee9-4fb9-9dce-2788455564d3|127.0.0.1:15052] returns group-48837ADF0AB3:java.util.concurrent.CompletableFuture@2e5abf1b[Not completed]
2025-02-25 14:20:45,383 [ea4ad806-8ee9-4fb9-9dce-2788455564d3-groupManagement] INFO  server.RaftServer$Division (RaftServerImpl.java:<init>(255)) - ea4ad806-8ee9-4fb9-9dce-2788455564d3: new RaftServerImpl for group-48837ADF0AB3:[ea4ad806-8ee9-4fb9-9dce-2788455564d3|127.0.0.1:15052] with ContainerStateMachine:uninitialized
2025-02-25 14:20:45,383 [ea4ad806-8ee9-4fb9-9dce-2788455564d3-groupManagement] INFO  server.RaftServerConfigKeys (ConfUtils.java:logGet(46)) - raft.server.rpc.timeout.min = 5s (custom)
2025-02-25 14:20:45,384 [ea4ad806-8ee9-4fb9-9dce-2788455564d3-groupManagement] INFO  server.RaftServerConfigKeys (ConfUtils.java:logGet(46)) - raft.server.rpc.timeout.max = 5200ms (custom)
2025-02-25 14:20:45,384 [ea4ad806-8ee9-4fb9-9dce-2788455564d3-groupManagement] INFO  server.RaftServerConfigKeys (ConfUtils.java:logGet(46)) - raft.server.rpc.sleep.time = 25ms (default)
2025-02-25 14:20:45,384 [ea4ad806-8ee9-4fb9-9dce-2788455564d3-groupManagement] INFO  server.RaftServerConfigKeys (ConfUtils.java:logGet(46)) - raft.server.rpc.slowness.timeout = 300000ms (custom)
2025-02-25 14:20:45,384 [ea4ad806-8ee9-4fb9-9dce-2788455564d3-groupManagement] INFO  server.RaftServerConfigKeys (ConfUtils.java:logGet(46)) - raft.server.leaderelection.leader.step-down.wait-time = 10s (default)
2025-02-25 14:20:45,384 [ea4ad806-8ee9-4fb9-9dce-2788455564d3-groupManagement] INFO  server.RaftServerConfigKeys (ConfUtils.java:logGet(46)) - raft.server.leaderelection.member.majority-add = false (default)
2025-02-25 14:20:45,384 [ea4ad806-8ee9-4fb9-9dce-2788455564d3-groupManagement] INFO  server.RaftServerConfigKeys (ConfUtils.java:logGet(46)) - raft.server.sleep.deviation.threshold = 300ms (default)
2025-02-25 14:20:45,384 [ea4ad806-8ee9-4fb9-9dce-2788455564d3-groupManagement] INFO  server.RaftServer$Division (ServerState.java:<init>(114)) - ea4ad806-8ee9-4fb9-9dce-2788455564d3@group-48837ADF0AB3: ConfigurationManager, init=conf: {index: -1, cur=peers:[ea4ad806-8ee9-4fb9-9dce-2788455564d3|127.0.0.1:15052]|listeners:[], old=null}, confs=<EMPTY_MAP>
2025-02-25 14:20:45,384 [ea4ad806-8ee9-4fb9-9dce-2788455564d3-groupManagement] INFO  server.RaftServerConfigKeys (ConfUtils.java:logGet(46)) - raft.server.notification.no-leader.timeout = 300000ms (custom)
2025-02-25 14:20:45,384 [ea4ad806-8ee9-4fb9-9dce-2788455564d3-groupManagement] INFO  server.RaftServerConfigKeys (ConfUtils.java:logGet(46)) - raft.server.read.timeout = 10s (default)
2025-02-25 14:20:45,384 [ea4ad806-8ee9-4fb9-9dce-2788455564d3-groupManagement] INFO  server.RaftServerConfigKeys (ConfUtils.java:logGet(46)) - raft.server.retrycache.expirytime = 600000ms (custom)
2025-02-25 14:20:45,384 [ea4ad806-8ee9-4fb9-9dce-2788455564d3-groupManagement] INFO  server.RaftServerConfigKeys (ConfUtils.java:logGet(46)) - raft.server.retrycache.statistics.expirytime = 100ms (default)
2025-02-25 14:20:45,385 [ea4ad806-8ee9-4fb9-9dce-2788455564d3-groupManagement] INFO  server.RaftServerConfigKeys (ConfUtils.java:logGet(46)) - raft.server.read.option = DEFAULT (default)
2025-02-25 14:20:45,385 [ea4ad806-8ee9-4fb9-9dce-2788455564d3-groupManagement] INFO  server.RaftServerConfigKeys (ConfUtils.java:logGet(46)) - raft.server.read.read-after-write-consistent.write-index-cache.expiry-time = 60s (default)
2025-02-25 14:20:45,389 [ea4ad806-8ee9-4fb9-9dce-2788455564d3-groupManagement] INFO  server.RaftServerConfigKeys (ConfUtils.java:logGet(46)) - raft.server.rpc.request.timeout = 3000ms (default)
2025-02-25 14:20:45,389 [ea4ad806-8ee9-4fb9-9dce-2788455564d3-groupManagement] INFO  server.RaftServerConfigKeys (ConfUtils.java:logGet(46)) - raft.server.log.appender.install.snapshot.enabled = false (custom)
2025-02-25 14:20:45,389 [ea4ad806-8ee9-4fb9-9dce-2788455564d3-groupManagement] INFO  server.RaftServerConfigKeys (ConfUtils.java:logGet(46)) - raft.server.threadpool.server.cached = true (default)
2025-02-25 14:20:45,389 [ea4ad806-8ee9-4fb9-9dce-2788455564d3-groupManagement] INFO  server.RaftServerConfigKeys (ConfUtils.java:logGet(46)) - raft.server.threadpool.server.size = 0 (default)
2025-02-25 14:20:45,389 [ea4ad806-8ee9-4fb9-9dce-2788455564d3-groupManagement] INFO  server.RaftServerConfigKeys (ConfUtils.java:logGet(46)) - raft.server.threadpool.client.cached = true (default)
2025-02-25 14:20:45,389 [ea4ad806-8ee9-4fb9-9dce-2788455564d3-groupManagement] INFO  server.RaftServerConfigKeys (ConfUtils.java:logGet(46)) - raft.server.threadpool.client.size = 0 (default)
2025-02-25 14:20:45,389 [ea4ad806-8ee9-4fb9-9dce-2788455564d3-groupManagement] INFO  server.RaftServerConfigKeys (ConfUtils.java:logGet(46)) - raft.server.storage.free-space.min = 0MB (=0) (default)
2025-02-25 14:20:45,389 [ea4ad806-8ee9-4fb9-9dce-2788455564d3-groupManagement] INFO  server.RaftServerConfigKeys (ConfUtils.java:logGet(46)) - raft.server.log.corruption.policy = EXCEPTION (default)
2025-02-25 14:20:45,389 [ea4ad806-8ee9-4fb9-9dce-2788455564d3-groupManagement] INFO  server.RaftServerConfigKeys (ConfUtils.java:logGet(46)) - raft.server.storage.dir = [/home/runner/work/ozone/ozone/hadoop-ozone/integration-test/target/test-dir/MiniOzoneClusterImpl-b4714a4f-035e-4bbe-aae1-aaeac144a409/ozone-meta/datanode-5/ratis] (custom)
2025-02-25 14:20:45,389 [ea4ad806-8ee9-4fb9-9dce-2788455564d3-groupManagement] INFO  storage.RaftStorageDirectory (RaftStorageDirectoryImpl.java:analyzeStorage(138)) - The storage directory /home/runner/work/ozone/ozone/hadoop-ozone/integration-test/target/test-dir/MiniOzoneClusterImpl-b4714a4f-035e-4bbe-aae1-aaeac144a409/ozone-meta/datanode-5/ratis/f17a7a61-75da-4801-9080-48837adf0ab3 does not exist. Creating ...
2025-02-25 14:20:45,390 [ea4ad806-8ee9-4fb9-9dce-2788455564d3-groupManagement] INFO  storage.RaftStorageDirectory (RaftStorageDirectoryImpl.java:tryLock(229)) - Lock on /home/runner/work/ozone/ozone/hadoop-ozone/integration-test/target/test-dir/MiniOzoneClusterImpl-b4714a4f-035e-4bbe-aae1-aaeac144a409/ozone-meta/datanode-5/ratis/f17a7a61-75da-4801-9080-48837adf0ab3/in_use.lock acquired by nodename 61090@fv-az1326-920
2025-02-25 14:20:45,392 [ea4ad806-8ee9-4fb9-9dce-2788455564d3-groupManagement] INFO  storage.RaftStorage (RaftStorageImpl.java:format(98)) - Storage directory /home/runner/work/ozone/ozone/hadoop-ozone/integration-test/target/test-dir/MiniOzoneClusterImpl-b4714a4f-035e-4bbe-aae1-aaeac144a409/ozone-meta/datanode-5/ratis/f17a7a61-75da-4801-9080-48837adf0ab3 has been successfully formatted.
2025-02-25 14:20:45,392 [ea4ad806-8ee9-4fb9-9dce-2788455564d3-groupManagement] INFO  ratis.ContainerStateMachine (ContainerStateMachine.java:initialize(300)) - ea4ad806-8ee9-4fb9-9dce-2788455564d3: initialize group-48837ADF0AB3
2025-02-25 14:20:45,392 [ea4ad806-8ee9-4fb9-9dce-2788455564d3-groupManagement] INFO  ratis.ContainerStateMachine (ContainerStateMachine.java:loadSnapshot(308)) - group-48837ADF0AB3: The snapshot info is null. Setting the last applied index to:(t:0, i:~)
2025-02-25 14:20:45,393 [ea4ad806-8ee9-4fb9-9dce-2788455564d3-groupManagement] INFO  server.RaftServerConfigKeys (ConfUtils.java:logGet(46)) - raft.server.log.use.memory = false (default)
2025-02-25 14:20:45,393 [ea4ad806-8ee9-4fb9-9dce-2788455564d3-groupManagement] INFO  server.RaftServerConfigKeys (ConfUtils.java:logGet(46)) - raft.server.log.purge.gap = 1000000 (custom)
2025-02-25 14:20:45,393 [ea4ad806-8ee9-4fb9-9dce-2788455564d3-groupManagement] INFO  server.RaftServerConfigKeys (ConfUtils.java:logGet(46)) - raft.server.log.appender.buffer.byte-limit = 33554432 (custom)
2025-02-25 14:20:45,393 [ea4ad806-8ee9-4fb9-9dce-2788455564d3-groupManagement] INFO  server.RaftServerConfigKeys (ConfUtils.java:logGet(46)) - raft.server.log.statemachine.data.read.timeout = 1000ms (default)
2025-02-25 14:20:45,393 [ea4ad806-8ee9-4fb9-9dce-2788455564d3-groupManagement] INFO  server.RaftServerConfigKeys (ConfUtils.java:logGet(46)) - raft.server.log.purge.preservation.log.num = 0 (default)
2025-02-25 14:20:45,395 [ea4ad806-8ee9-4fb9-9dce-2788455564d3-groupManagement] INFO  server.RaftServerConfigKeys (ConfUtils.java:logGet(46)) - raft.server.log.segment.size.max = 67108864 (custom)
2025-02-25 14:20:45,395 [ea4ad806-8ee9-4fb9-9dce-2788455564d3-groupManagement] INFO  server.RaftServerConfigKeys (ConfUtils.java:logGet(46)) - raft.server.log.segment.cache.num.max = 2 (custom)
2025-02-25 14:20:45,395 [ea4ad806-8ee9-4fb9-9dce-2788455564d3-groupManagement] INFO  server.RaftServerConfigKeys (ConfUtils.java:logGet(46)) - raft.server.log.segment.cache.size.max = 200MB (=209715200) (default)
2025-02-25 14:20:45,395 [ea4ad806-8ee9-4fb9-9dce-2788455564d3-groupManagement] INFO  server.RaftServerConfigKeys (ConfUtils.java:logGet(46)) - raft.server.log.appender.buffer.byte-limit = 33554432 (custom)
2025-02-25 14:20:45,396 [ea4ad806-8ee9-4fb9-9dce-2788455564d3-groupManagement] INFO  util.AwaitToRun (AwaitToRun.java:start(81)) - Thread[#1343,ea4ad806-8ee9-4fb9-9dce-2788455564d3@group-48837ADF0AB3-cacheEviction-AwaitToRun,5,main] started
2025-02-25 14:20:45,396 [ea4ad806-8ee9-4fb9-9dce-2788455564d3-groupManagement] INFO  segmented.SegmentedRaftLogWorker (SegmentedRaftLogWorker.java:<init>(188)) - new ea4ad806-8ee9-4fb9-9dce-2788455564d3@group-48837ADF0AB3-SegmentedRaftLogWorker for RaftStorageImpl:Storage Directory /home/runner/work/ozone/ozone/hadoop-ozone/integration-test/target/test-dir/MiniOzoneClusterImpl-b4714a4f-035e-4bbe-aae1-aaeac144a409/ozone-meta/datanode-5/ratis/f17a7a61-75da-4801-9080-48837adf0ab3
2025-02-25 14:20:45,396 [ea4ad806-8ee9-4fb9-9dce-2788455564d3-groupManagement] INFO  server.RaftServerConfigKeys (ConfUtils.java:logGet(46)) - raft.server.log.queue.byte-limit = 4294967296 (custom)
2025-02-25 14:20:45,396 [ea4ad806-8ee9-4fb9-9dce-2788455564d3-groupManagement] INFO  server.RaftServerConfigKeys (ConfUtils.java:logGet(46)) - raft.server.log.queue.element-limit = 1024 (custom)
2025-02-25 14:20:45,396 [ea4ad806-8ee9-4fb9-9dce-2788455564d3-groupManagement] INFO  server.RaftServerConfigKeys (ConfUtils.java:logGet(46)) - raft.server.log.segment.size.max = 67108864 (custom)
2025-02-25 14:20:45,396 [ea4ad806-8ee9-4fb9-9dce-2788455564d3-groupManagement] INFO  server.RaftServerConfigKeys (ConfUtils.java:logGet(46)) - raft.server.log.preallocated.size = 4194304 (custom)
2025-02-25 14:20:45,396 [ea4ad806-8ee9-4fb9-9dce-2788455564d3-groupManagement] INFO  server.RaftServerConfigKeys (ConfUtils.java:logGet(46)) - raft.server.log.force.sync.num = 128 (default)
2025-02-25 14:20:45,396 [ea4ad806-8ee9-4fb9-9dce-2788455564d3-groupManagement] INFO  server.RaftServerConfigKeys (ConfUtils.java:logGet(46)) - raft.server.log.statemachine.data.sync = true (default)
2025-02-25 14:20:45,396 [ea4ad806-8ee9-4fb9-9dce-2788455564d3-groupManagement] INFO  server.RaftServerConfigKeys (ConfUtils.java:logGet(46)) - raft.server.log.statemachine.data.sync.timeout = 10s (default)
2025-02-25 14:20:45,396 [ea4ad806-8ee9-4fb9-9dce-2788455564d3-groupManagement] INFO  server.RaftServerConfigKeys (ConfUtils.java:logGet(46)) - raft.server.log.statemachine.data.sync.timeout.retry = 30 (custom)
2025-02-25 14:20:45,396 [ea4ad806-8ee9-4fb9-9dce-2788455564d3-groupManagement] INFO  server.RaftServerConfigKeys (ConfUtils.java:logGet(46)) - raft.server.log.write.buffer.size = 33554440 (custom)
2025-02-25 14:20:45,401 [ea4ad806-8ee9-4fb9-9dce-2788455564d3-groupManagement] INFO  server.RaftServerConfigKeys (ConfUtils.java:logGet(46)) - raft.server.log.appender.buffer.byte-limit = 33554432 (custom)
2025-02-25 14:20:45,402 [ea4ad806-8ee9-4fb9-9dce-2788455564d3-groupManagement] INFO  server.RaftServerConfigKeys (ConfUtils.java:logGet(46)) - raft.server.log.unsafe-flush.enabled = false (default)
2025-02-25 14:20:45,402 [ea4ad806-8ee9-4fb9-9dce-2788455564d3-groupManagement] INFO  server.RaftServerConfigKeys (ConfUtils.java:logGet(46)) - raft.server.log.async-flush.enabled = false (default)
2025-02-25 14:20:45,402 [ea4ad806-8ee9-4fb9-9dce-2788455564d3-groupManagement] INFO  server.RaftServerConfigKeys (ConfUtils.java:logGet(46)) - raft.server.log.statemachine.data.caching.enabled = true (custom)
2025-02-25 14:20:45,402 [ea4ad806-8ee9-4fb9-9dce-2788455564d3-groupManagement] INFO  segmented.SegmentedRaftLogWorker (SegmentedRaftLogWorker.java:lambda$new$0(139)) - ea4ad806-8ee9-4fb9-9dce-2788455564d3@group-48837ADF0AB3-SegmentedRaftLogWorker: flushIndex: setUnconditionally 0 -> -1
2025-02-25 14:20:45,402 [ea4ad806-8ee9-4fb9-9dce-2788455564d3-groupManagement] INFO  segmented.SegmentedRaftLogWorker (SegmentedRaftLogWorker.java:lambda$new$0(139)) - ea4ad806-8ee9-4fb9-9dce-2788455564d3@group-48837ADF0AB3-SegmentedRaftLogWorker: safeCacheEvictIndex: setUnconditionally 0 -> -1
2025-02-25 14:20:45,403 [EventQueue-PipelineReportForPipelineReportHandler] INFO  pipeline.PipelineReportHandler (PipelineReportHandler.java:processPipelineReport(141)) - Opened pipeline PipelineID=f17a7a61-75da-4801-9080-48837adf0ab3
2025-02-25 14:20:45,405 [ea4ad806-8ee9-4fb9-9dce-2788455564d3-groupManagement] INFO  server.RaftServer$Division (RaftServerImpl.java:start(391)) - ea4ad806-8ee9-4fb9-9dce-2788455564d3@group-48837ADF0AB3: start as a follower, conf=conf: {index: -1, cur=peers:[ea4ad806-8ee9-4fb9-9dce-2788455564d3|127.0.0.1:15052]|listeners:[], old=null}
2025-02-25 14:20:45,405 [ea4ad806-8ee9-4fb9-9dce-2788455564d3-groupManagement] INFO  server.RaftServer$Division (RaftServerImpl.java:setRole(378)) - ea4ad806-8ee9-4fb9-9dce-2788455564d3@group-48837ADF0AB3: changes role from      null to FOLLOWER at term 0 for startAsFollower
2025-02-25 14:20:45,405 [ea4ad806-8ee9-4fb9-9dce-2788455564d3-groupManagement] INFO  impl.RoleInfo (RoleInfo.java:updateAndGet(148)) - ea4ad806-8ee9-4fb9-9dce-2788455564d3: start ea4ad806-8ee9-4fb9-9dce-2788455564d3@group-48837ADF0AB3-FollowerState
2025-02-25 14:20:45,406 [ea4ad806-8ee9-4fb9-9dce-2788455564d3@group-48837ADF0AB3-FollowerState] INFO  server.RaftServerConfigKeys (ConfUtils.java:logFallback(53)) - raft.server.rpc.first-election.timeout.min = 5s (fallback to raft.server.rpc.timeout.min)
2025-02-25 14:20:45,406 [ea4ad806-8ee9-4fb9-9dce-2788455564d3@group-48837ADF0AB3-FollowerState] INFO  server.RaftServerConfigKeys (ConfUtils.java:logFallback(53)) - raft.server.rpc.first-election.timeout.max = 5200ms (fallback to raft.server.rpc.timeout.max)
2025-02-25 14:20:45,406 [ea4ad806-8ee9-4fb9-9dce-2788455564d3-groupManagement] INFO  util.JmxRegister (JmxRegister.java:tryRegister(44)) - Successfully registered JMX Bean with object name Ratis:service=RaftServer,group=group-48837ADF0AB3,id=ea4ad806-8ee9-4fb9-9dce-2788455564d3
2025-02-25 14:20:45,406 [ea4ad806-8ee9-4fb9-9dce-2788455564d3-groupManagement] INFO  util.JmxRegister (JmxRegister.java:register(58)) - register mxBean class org.apache.ratis.server.impl.RaftServerJmxAdapter as Ratis:service=RaftServer,group=group-48837ADF0AB3,id=ea4ad806-8ee9-4fb9-9dce-2788455564d3
2025-02-25 14:20:45,406 [ea4ad806-8ee9-4fb9-9dce-2788455564d3-groupManagement] INFO  server.RaftServerConfigKeys (ConfUtils.java:logGet(46)) - raft.server.snapshot.trigger-when-stop.enabled = true (default)
2025-02-25 14:20:45,406 [ea4ad806-8ee9-4fb9-9dce-2788455564d3-groupManagement] INFO  server.RaftServerConfigKeys (ConfUtils.java:logGet(46)) - raft.server.snapshot.trigger-when-remove.enabled = true (default)
2025-02-25 14:20:45,406 [ea4ad806-8ee9-4fb9-9dce-2788455564d3-groupManagement] INFO  server.RaftServerConfigKeys (ConfUtils.java:logGet(46)) - raft.server.snapshot.auto.trigger.enabled = true (custom)
2025-02-25 14:20:45,406 [ea4ad806-8ee9-4fb9-9dce-2788455564d3-groupManagement] INFO  server.RaftServerConfigKeys (ConfUtils.java:logGet(46)) - raft.server.snapshot.auto.trigger.threshold = 100000 (custom)
2025-02-25 14:20:45,406 [ea4ad806-8ee9-4fb9-9dce-2788455564d3-groupManagement] INFO  server.RaftServerConfigKeys (ConfUtils.java:logGet(46)) - raft.server.snapshot.retention.file.num = 5 (custom)
2025-02-25 14:20:45,406 [ea4ad806-8ee9-4fb9-9dce-2788455564d3-groupManagement] INFO  server.RaftServerConfigKeys (ConfUtils.java:logGet(46)) - raft.server.log.purge.upto.snapshot.index = false (default)
2025-02-25 14:20:45,407 [ea4ad806-8ee9-4fb9-9dce-2788455564d3-groupManagement] INFO  server.RaftServer$Division (RaftServerImpl.java:start(405)) - ea4ad806-8ee9-4fb9-9dce-2788455564d3@group-48837ADF0AB3: Successfully started.
2025-02-25 14:20:45,407 [ea4ad806-8ee9-4fb9-9dce-2788455564d3-PipelineCommandHandlerThread-0] INFO  ratis.XceiverServerRatis (XceiverServerRatis.java:addGroup(841)) - Created group PipelineID=f17a7a61-75da-4801-9080-48837adf0ab3
2025-02-25 14:20:45,407 [ea4ad806-8ee9-4fb9-9dce-2788455564d3-PipelineCommandHandlerThread-0] INFO  commandhandler.CreatePipelineCommandHandler (CreatePipelineCommandHandler.java:lambda$handle$2(128)) - Created Pipeline RATIS ONE PipelineID=f17a7a61-75da-4801-9080-48837adf0ab3.
2025-02-25 14:20:49,111 [timer7] ERROR impl.OrderedAsync (OrderedAsync.java:lambda$null$6(215)) -  client-10E0445BB839: Failed* RaftClientRequest:client-10E0445BB839->032c8b1c-a843-4a9d-a39a-9c5a3fe2fd36@group-741317190473, cid=412, seq=2*, RW, cmdType: WriteChunk
traceID: ""
containerID: 48
datanodeUuid: "032c8b1c-a843-4a9d-a39a-9c5a3fe2fd36"
writeChunk {
  blockID {
    containerID: 48
    localID: 114064965220237466
    blockCommitSequenceId: 0
  }
  chunkData {
    chunkName: "114064965220237466.data.0"
    offset: 0
    len: 0
    checksumData {
      type: CRC32
      bytesPerChecksum: 1048576
    }
  }
}
version: 3
, data.size=0
java.util.concurrent.CompletionException: org.apache.ratis.protocol.exceptions.AlreadyClosedException: client-10E0445BB839->032c8b1c-a843-4a9d-a39a-9c5a3fe2fd36 is closed.
	at java.base/java.util.concurrent.CompletableFuture.encodeThrowable(CompletableFuture.java:332)
	at java.base/java.util.concurrent.CompletableFuture.uniAcceptNow(CompletableFuture.java:747)
	at java.base/java.util.concurrent.CompletableFuture.uniAcceptStage(CompletableFuture.java:735)
	at java.base/java.util.concurrent.CompletableFuture.thenAccept(CompletableFuture.java:2214)
	at org.apache.ratis.client.impl.OrderedAsync.sendRequestWithRetry(OrderedAsync.java:206)
	at org.apache.ratis.util.SlidingWindow$Client.sendOrDelayRequest(SlidingWindow.java:315)
	at org.apache.ratis.util.SlidingWindow$Client.retry(SlidingWindow.java:331)
	at org.apache.ratis.client.impl.OrderedAsync.lambda$handleException$8(OrderedAsync.java:253)
	at org.apache.ratis.util.TimeoutTimer.lambda$onTimeout$2(TimeoutTimer.java:101)
	at org.apache.ratis.util.LogUtils.runAndLog(LogUtils.java:38)
	at org.apache.ratis.util.LogUtils$1.run(LogUtils.java:78)
	at org.apache.ratis.util.TimeoutTimer$Task.run(TimeoutTimer.java:55)
	at java.base/java.util.TimerThread.mainLoop(Timer.java:566)
	at java.base/java.util.TimerThread.run(Timer.java:516)
Caused by: org.apache.ratis.protocol.exceptions.AlreadyClosedException: client-10E0445BB839->032c8b1c-a843-4a9d-a39a-9c5a3fe2fd36 is closed.
	at org.apache.ratis.grpc.client.GrpcClientProtocolClient$AsyncStreamObservers.onNext(GrpcClientProtocolClient.java:352)
	at org.apache.ratis.grpc.client.GrpcClientRpc.sendRequestAsync(GrpcClientRpc.java:71)
	... 10 more
2025-02-25 14:20:49,738 [032c8b1c-a843-4a9d-a39a-9c5a3fe2fd36@group-4A48F8EE2848-FollowerState] INFO  impl.FollowerState (FollowerState.java:runImpl(161)) - 032c8b1c-a843-4a9d-a39a-9c5a3fe2fd36@group-4A48F8EE2848-FollowerState: change to CANDIDATE, lastRpcElapsedTime:5142134560ns, electionTimeout:5141ms
2025-02-25 14:20:49,739 [032c8b1c-a843-4a9d-a39a-9c5a3fe2fd36@group-4A48F8EE2848-FollowerState] INFO  impl.RoleInfo (RoleInfo.java:shutdownFollowerState(121)) - 032c8b1c-a843-4a9d-a39a-9c5a3fe2fd36: shutdown 032c8b1c-a843-4a9d-a39a-9c5a3fe2fd36@group-4A48F8EE2848-FollowerState
2025-02-25 14:20:49,739 [032c8b1c-a843-4a9d-a39a-9c5a3fe2fd36@group-4A48F8EE2848-FollowerState] INFO  server.RaftServer$Division (RaftServerImpl.java:setRole(378)) - 032c8b1c-a843-4a9d-a39a-9c5a3fe2fd36@group-4A48F8EE2848: changes role from  FOLLOWER to CANDIDATE at term 0 for changeToCandidate
2025-02-25 14:20:49,739 [032c8b1c-a843-4a9d-a39a-9c5a3fe2fd36@group-4A48F8EE2848-FollowerState] INFO  server.RaftServerConfigKeys (ConfUtils.java:logGet(46)) - raft.server.leaderelection.pre-vote = true (default)
2025-02-25 14:20:49,739 [032c8b1c-a843-4a9d-a39a-9c5a3fe2fd36@group-4A48F8EE2848-FollowerState] INFO  impl.RoleInfo (RoleInfo.java:updateAndGet(148)) - 032c8b1c-a843-4a9d-a39a-9c5a3fe2fd36: start 032c8b1c-a843-4a9d-a39a-9c5a3fe2fd36@group-4A48F8EE2848-LeaderElection12
2025-02-25 14:20:49,739 [032c8b1c-a843-4a9d-a39a-9c5a3fe2fd36@group-4A48F8EE2848-LeaderElection12] INFO  impl.LeaderElection (LeaderElection.java:askForVotes(332)) - 032c8b1c-a843-4a9d-a39a-9c5a3fe2fd36@group-4A48F8EE2848-LeaderElection12 PRE_VOTE round 0: submit vote requests at term 0 for conf: {index: -1, cur=peers:[ea4ad806-8ee9-4fb9-9dce-2788455564d3|127.0.0.1:15052, 032c8b1c-a843-4a9d-a39a-9c5a3fe2fd36|127.0.0.1:15043, f0de3bb0-eb83-4e2a-a791-08d5bd07359b|127.0.0.1:15025]|listeners:[], old=null}
2025-02-25 14:20:49,740 [032c8b1c-a843-4a9d-a39a-9c5a3fe2fd36@group-4A48F8EE2848-LeaderElection12-1] INFO  server.GrpcServerProtocolClient (GrpcServerProtocolClient.java:<init>(65)) - Build channel for ea4ad806-8ee9-4fb9-9dce-2788455564d3|127.0.0.1:15052
2025-02-25 14:20:49,740 [032c8b1c-a843-4a9d-a39a-9c5a3fe2fd36@group-4A48F8EE2848-LeaderElection12-2] INFO  server.GrpcServerProtocolClient (GrpcServerProtocolClient.java:<init>(65)) - Build channel for f0de3bb0-eb83-4e2a-a791-08d5bd07359b|127.0.0.1:15025
2025-02-25 14:20:49,740 [032c8b1c-a843-4a9d-a39a-9c5a3fe2fd36@group-4A48F8EE2848-LeaderElection12] INFO  server.RaftServerConfigKeys (ConfUtils.java:logFallback(53)) - raft.server.rpc.first-election.timeout.min = 5s (fallback to raft.server.rpc.timeout.min)
2025-02-25 14:20:49,740 [032c8b1c-a843-4a9d-a39a-9c5a3fe2fd36@group-4A48F8EE2848-LeaderElection12] INFO  server.RaftServerConfigKeys (ConfUtils.java:logFallback(53)) - raft.server.rpc.first-election.timeout.max = 5200ms (fallback to raft.server.rpc.timeout.max)
2025-02-25 14:20:49,745 [grpc-default-executor-2] INFO  server.RaftServer$Division (RaftServerImpl.java:requestVote(1407)) - f0de3bb0-eb83-4e2a-a791-08d5bd07359b@group-4A48F8EE2848: receive requestVote(PRE_VOTE, 032c8b1c-a843-4a9d-a39a-9c5a3fe2fd36, group-4A48F8EE2848, 0, (t:0, i:0))
2025-02-25 14:20:49,745 [grpc-default-executor-2] INFO  impl.VoteContext (VoteContext.java:log(49)) - f0de3bb0-eb83-4e2a-a791-08d5bd07359b@group-4A48F8EE2848-FOLLOWER: accept PRE_VOTE from 032c8b1c-a843-4a9d-a39a-9c5a3fe2fd36: our priority 0 <= candidate's priority 1
2025-02-25 14:20:49,745 [grpc-default-executor-3] INFO  server.RaftServer$Division (RaftServerImpl.java:requestVote(1407)) - ea4ad806-8ee9-4fb9-9dce-2788455564d3@group-4A48F8EE2848: receive requestVote(PRE_VOTE, 032c8b1c-a843-4a9d-a39a-9c5a3fe2fd36, group-4A48F8EE2848, 0, (t:0, i:0))
2025-02-25 14:20:49,746 [grpc-default-executor-3] INFO  impl.VoteContext (VoteContext.java:log(49)) - ea4ad806-8ee9-4fb9-9dce-2788455564d3@group-4A48F8EE2848-FOLLOWER: accept PRE_VOTE from 032c8b1c-a843-4a9d-a39a-9c5a3fe2fd36: our priority 0 <= candidate's priority 1
2025-02-25 14:20:49,746 [grpc-default-executor-3] INFO  server.RaftServer$Division (RaftServerImpl.java:requestVote(1441)) - ea4ad806-8ee9-4fb9-9dce-2788455564d3@group-4A48F8EE2848 replies to PRE_VOTE vote request: 032c8b1c-a843-4a9d-a39a-9c5a3fe2fd36<-ea4ad806-8ee9-4fb9-9dce-2788455564d3#0:OK-t0. Peer's state: ea4ad806-8ee9-4fb9-9dce-2788455564d3@group-4A48F8EE2848:t0, leader=null, voted=, raftlog=Memoized:ea4ad806-8ee9-4fb9-9dce-2788455564d3@group-4A48F8EE2848-SegmentedRaftLog:OPENED:c-1:lastnull, conf=conf: {index: -1, cur=peers:[ea4ad806-8ee9-4fb9-9dce-2788455564d3|127.0.0.1:15052, 032c8b1c-a843-4a9d-a39a-9c5a3fe2fd36|127.0.0.1:15043, f0de3bb0-eb83-4e2a-a791-08d5bd07359b|127.0.0.1:15025]|listeners:[], old=null}
2025-02-25 14:20:49,746 [grpc-default-executor-2] INFO  server.RaftServer$Division (RaftServerImpl.java:requestVote(1441)) - f0de3bb0-eb83-4e2a-a791-08d5bd07359b@group-4A48F8EE2848 replies to PRE_VOTE vote request: 032c8b1c-a843-4a9d-a39a-9c5a3fe2fd36<-f0de3bb0-eb83-4e2a-a791-08d5bd07359b#0:OK-t0. Peer's state: f0de3bb0-eb83-4e2a-a791-08d5bd07359b@group-4A48F8EE2848:t0, leader=null, voted=, raftlog=Memoized:f0de3bb0-eb83-4e2a-a791-08d5bd07359b@group-4A48F8EE2848-SegmentedRaftLog:OPENED:c-1:lastnull, conf=conf: {index: -1, cur=peers:[ea4ad806-8ee9-4fb9-9dce-2788455564d3|127.0.0.1:15052, 032c8b1c-a843-4a9d-a39a-9c5a3fe2fd36|127.0.0.1:15043, f0de3bb0-eb83-4e2a-a791-08d5bd07359b|127.0.0.1:15025]|listeners:[], old=null}
2025-02-25 14:20:49,747 [032c8b1c-a843-4a9d-a39a-9c5a3fe2fd36@group-4A48F8EE2848-LeaderElection12] INFO  impl.LeaderElection (LeaderElection.java:logAndReturn(90)) - 032c8b1c-a843-4a9d-a39a-9c5a3fe2fd36@group-4A48F8EE2848-LeaderElection12: PRE_VOTE PASSED received 1 response(s) and 0 exception(s):
2025-02-25 14:20:49,747 [032c8b1c-a843-4a9d-a39a-9c5a3fe2fd36@group-4A48F8EE2848-LeaderElection12] INFO  impl.LeaderElection (LeaderElection.java:logAndReturn(94)) -   Response 0: 032c8b1c-a843-4a9d-a39a-9c5a3fe2fd36<-f0de3bb0-eb83-4e2a-a791-08d5bd07359b#0:OK-t0
2025-02-25 14:20:49,748 [032c8b1c-a843-4a9d-a39a-9c5a3fe2fd36@group-4A48F8EE2848-LeaderElection12] INFO  impl.LeaderElection (LeaderElection.java:askForVotes(334)) - 032c8b1c-a843-4a9d-a39a-9c5a3fe2fd36@group-4A48F8EE2848-LeaderElection12 PRE_VOTE round 0: result PASSED
2025-02-25 14:20:49,750 [032c8b1c-a843-4a9d-a39a-9c5a3fe2fd36@group-4A48F8EE2848-LeaderElection12] INFO  impl.LeaderElection (LeaderElection.java:askForVotes(332)) - 032c8b1c-a843-4a9d-a39a-9c5a3fe2fd36@group-4A48F8EE2848-LeaderElection12 ELECTION round 0: submit vote requests at term 1 for conf: {index: -1, cur=peers:[ea4ad806-8ee9-4fb9-9dce-2788455564d3|127.0.0.1:15052, 032c8b1c-a843-4a9d-a39a-9c5a3fe2fd36|127.0.0.1:15043, f0de3bb0-eb83-4e2a-a791-08d5bd07359b|127.0.0.1:15025]|listeners:[], old=null}
2025-02-25 14:20:49,751 [032c8b1c-a843-4a9d-a39a-9c5a3fe2fd36@group-4A48F8EE2848-LeaderElection12] INFO  server.RaftServerConfigKeys (ConfUtils.java:logFallback(53)) - raft.server.rpc.first-election.timeout.min = 5s (fallback to raft.server.rpc.timeout.min)
2025-02-25 14:20:49,751 [032c8b1c-a843-4a9d-a39a-9c5a3fe2fd36@group-4A48F8EE2848-LeaderElection12] INFO  server.RaftServerConfigKeys (ConfUtils.java:logFallback(53)) - raft.server.rpc.first-election.timeout.max = 5200ms (fallback to raft.server.rpc.timeout.max)
2025-02-25 14:20:49,751 [grpc-default-executor-3] INFO  server.RaftServer$Division (RaftServerImpl.java:requestVote(1407)) - ea4ad806-8ee9-4fb9-9dce-2788455564d3@group-4A48F8EE2848: receive requestVote(ELECTION, 032c8b1c-a843-4a9d-a39a-9c5a3fe2fd36, group-4A48F8EE2848, 1, (t:0, i:0))
2025-02-25 14:20:49,751 [grpc-default-executor-3] INFO  impl.VoteContext (VoteContext.java:log(49)) - ea4ad806-8ee9-4fb9-9dce-2788455564d3@group-4A48F8EE2848-FOLLOWER: accept ELECTION from 032c8b1c-a843-4a9d-a39a-9c5a3fe2fd36: our priority 0 <= candidate's priority 1
2025-02-25 14:20:49,752 [grpc-default-executor-3] INFO  server.RaftServer$Division (RaftServerImpl.java:setRole(378)) - ea4ad806-8ee9-4fb9-9dce-2788455564d3@group-4A48F8EE2848: changes role from  FOLLOWER to FOLLOWER at term 0 for candidate:032c8b1c-a843-4a9d-a39a-9c5a3fe2fd36
2025-02-25 14:20:49,752 [grpc-default-executor-3] INFO  impl.RoleInfo (RoleInfo.java:shutdownFollowerState(121)) - ea4ad806-8ee9-4fb9-9dce-2788455564d3: shutdown ea4ad806-8ee9-4fb9-9dce-2788455564d3@group-4A48F8EE2848-FollowerState
2025-02-25 14:20:49,752 [grpc-default-executor-2] INFO  server.RaftServer$Division (RaftServerImpl.java:requestVote(1407)) - f0de3bb0-eb83-4e2a-a791-08d5bd07359b@group-4A48F8EE2848: receive requestVote(ELECTION, 032c8b1c-a843-4a9d-a39a-9c5a3fe2fd36, group-4A48F8EE2848, 1, (t:0, i:0))
2025-02-25 14:20:49,752 [grpc-default-executor-3] INFO  impl.RoleInfo (RoleInfo.java:updateAndGet(148)) - ea4ad806-8ee9-4fb9-9dce-2788455564d3: start ea4ad806-8ee9-4fb9-9dce-2788455564d3@group-4A48F8EE2848-FollowerState
2025-02-25 14:20:49,752 [grpc-default-executor-2] INFO  impl.VoteContext (VoteContext.java:log(49)) - f0de3bb0-eb83-4e2a-a791-08d5bd07359b@group-4A48F8EE2848-FOLLOWER: accept ELECTION from 032c8b1c-a843-4a9d-a39a-9c5a3fe2fd36: our priority 0 <= candidate's priority 1
2025-02-25 14:20:49,752 [ea4ad806-8ee9-4fb9-9dce-2788455564d3@group-4A48F8EE2848-FollowerState] INFO  impl.FollowerState (FollowerState.java:runImpl(170)) - ea4ad806-8ee9-4fb9-9dce-2788455564d3@group-4A48F8EE2848-FollowerState was interrupted
2025-02-25 14:20:49,752 [grpc-default-executor-2] INFO  server.RaftServer$Division (RaftServerImpl.java:setRole(378)) - f0de3bb0-eb83-4e2a-a791-08d5bd07359b@group-4A48F8EE2848: changes role from  FOLLOWER to FOLLOWER at term 0 for candidate:032c8b1c-a843-4a9d-a39a-9c5a3fe2fd36
2025-02-25 14:20:49,752 [grpc-default-executor-2] INFO  impl.RoleInfo (RoleInfo.java:shutdownFollowerState(121)) - f0de3bb0-eb83-4e2a-a791-08d5bd07359b: shutdown f0de3bb0-eb83-4e2a-a791-08d5bd07359b@group-4A48F8EE2848-FollowerState
2025-02-25 14:20:49,752 [grpc-default-executor-2] INFO  impl.RoleInfo (RoleInfo.java:updateAndGet(148)) - f0de3bb0-eb83-4e2a-a791-08d5bd07359b: start f0de3bb0-eb83-4e2a-a791-08d5bd07359b@group-4A48F8EE2848-FollowerState
2025-02-25 14:20:49,753 [f0de3bb0-eb83-4e2a-a791-08d5bd07359b@group-4A48F8EE2848-FollowerState] INFO  impl.FollowerState (FollowerState.java:runImpl(170)) - f0de3bb0-eb83-4e2a-a791-08d5bd07359b@group-4A48F8EE2848-FollowerState was interrupted
2025-02-25 14:20:49,754 [ea4ad806-8ee9-4fb9-9dce-2788455564d3@group-4A48F8EE2848-FollowerState] INFO  server.RaftServerConfigKeys (ConfUtils.java:logFallback(53)) - raft.server.rpc.first-election.timeout.min = 5s (fallback to raft.server.rpc.timeout.min)
2025-02-25 14:20:49,754 [ea4ad806-8ee9-4fb9-9dce-2788455564d3@group-4A48F8EE2848-FollowerState] INFO  server.RaftServerConfigKeys (ConfUtils.java:logFallback(53)) - raft.server.rpc.first-election.timeout.max = 5200ms (fallback to raft.server.rpc.timeout.max)
2025-02-25 14:20:49,754 [grpc-default-executor-3] INFO  server.RaftServer$Division (RaftServerImpl.java:setFirstElection(562)) - ea4ad806-8ee9-4fb9-9dce-2788455564d3@group-4A48F8EE2848: set firstElectionSinceStartup to false for candidate:032c8b1c-a843-4a9d-a39a-9c5a3fe2fd36
2025-02-25 14:20:49,754 [grpc-default-executor-2] INFO  server.RaftServer$Division (RaftServerImpl.java:setFirstElection(562)) - f0de3bb0-eb83-4e2a-a791-08d5bd07359b@group-4A48F8EE2848: set firstElectionSinceStartup to false for candidate:032c8b1c-a843-4a9d-a39a-9c5a3fe2fd36
2025-02-25 14:20:49,756 [grpc-default-executor-3] INFO  server.RaftServer$Division (RaftServerImpl.java:requestVote(1441)) - ea4ad806-8ee9-4fb9-9dce-2788455564d3@group-4A48F8EE2848 replies to ELECTION vote request: 032c8b1c-a843-4a9d-a39a-9c5a3fe2fd36<-ea4ad806-8ee9-4fb9-9dce-2788455564d3#0:OK-t1. Peer's state: ea4ad806-8ee9-4fb9-9dce-2788455564d3@group-4A48F8EE2848:t1, leader=null, voted=032c8b1c-a843-4a9d-a39a-9c5a3fe2fd36, raftlog=Memoized:ea4ad806-8ee9-4fb9-9dce-2788455564d3@group-4A48F8EE2848-SegmentedRaftLog:OPENED:c-1:lastnull, conf=conf: {index: -1, cur=peers:[ea4ad806-8ee9-4fb9-9dce-2788455564d3|127.0.0.1:15052, 032c8b1c-a843-4a9d-a39a-9c5a3fe2fd36|127.0.0.1:15043, f0de3bb0-eb83-4e2a-a791-08d5bd07359b|127.0.0.1:15025]|listeners:[], old=null}
2025-02-25 14:20:49,756 [grpc-default-executor-2] INFO  server.RaftServer$Division (RaftServerImpl.java:requestVote(1441)) - f0de3bb0-eb83-4e2a-a791-08d5bd07359b@group-4A48F8EE2848 replies to ELECTION vote request: 032c8b1c-a843-4a9d-a39a-9c5a3fe2fd36<-f0de3bb0-eb83-4e2a-a791-08d5bd07359b#0:OK-t1. Peer's state: f0de3bb0-eb83-4e2a-a791-08d5bd07359b@group-4A48F8EE2848:t1, leader=null, voted=032c8b1c-a843-4a9d-a39a-9c5a3fe2fd36, raftlog=Memoized:f0de3bb0-eb83-4e2a-a791-08d5bd07359b@group-4A48F8EE2848-SegmentedRaftLog:OPENED:c-1:lastnull, conf=conf: {index: -1, cur=peers:[ea4ad806-8ee9-4fb9-9dce-2788455564d3|127.0.0.1:15052, 032c8b1c-a843-4a9d-a39a-9c5a3fe2fd36|127.0.0.1:15043, f0de3bb0-eb83-4e2a-a791-08d5bd07359b|127.0.0.1:15025]|listeners:[], old=null}
2025-02-25 14:20:49,757 [032c8b1c-a843-4a9d-a39a-9c5a3fe2fd36@group-4A48F8EE2848-LeaderElection12] INFO  impl.LeaderElection (LeaderElection.java:logAndReturn(90)) - 032c8b1c-a843-4a9d-a39a-9c5a3fe2fd36@group-4A48F8EE2848-LeaderElection12: ELECTION PASSED received 1 response(s) and 0 exception(s):
2025-02-25 14:20:49,757 [032c8b1c-a843-4a9d-a39a-9c5a3fe2fd36@group-4A48F8EE2848-LeaderElection12] INFO  impl.LeaderElection (LeaderElection.java:logAndReturn(94)) -   Response 0: 032c8b1c-a843-4a9d-a39a-9c5a3fe2fd36<-ea4ad806-8ee9-4fb9-9dce-2788455564d3#0:OK-t1
2025-02-25 14:20:49,758 [032c8b1c-a843-4a9d-a39a-9c5a3fe2fd36@group-4A48F8EE2848-LeaderElection12] INFO  impl.LeaderElection (LeaderElection.java:askForVotes(334)) - 032c8b1c-a843-4a9d-a39a-9c5a3fe2fd36@group-4A48F8EE2848-LeaderElection12 ELECTION round 0: result PASSED
2025-02-25 14:20:49,758 [032c8b1c-a843-4a9d-a39a-9c5a3fe2fd36@group-4A48F8EE2848-LeaderElection12] INFO  impl.RoleInfo (RoleInfo.java:shutdownLeaderElection(141)) - 032c8b1c-a843-4a9d-a39a-9c5a3fe2fd36: shutdown 032c8b1c-a843-4a9d-a39a-9c5a3fe2fd36@group-4A48F8EE2848-LeaderElection12
2025-02-25 14:20:49,758 [032c8b1c-a843-4a9d-a39a-9c5a3fe2fd36@group-4A48F8EE2848-LeaderElection12] INFO  server.RaftServer$Division (RaftServerImpl.java:setRole(378)) - 032c8b1c-a843-4a9d-a39a-9c5a3fe2fd36@group-4A48F8EE2848: changes role from CANDIDATE to LEADER at term 1 for changeToLeader
2025-02-25 14:20:49,758 [032c8b1c-a843-4a9d-a39a-9c5a3fe2fd36@group-4A48F8EE2848-LeaderElection12] INFO  server.RaftServerConfigKeys (ConfUtils.java:logGet(46)) - raft.server.staging.catchup.gap = 1000 (default)
2025-02-25 14:20:49,759 [032c8b1c-a843-4a9d-a39a-9c5a3fe2fd36@group-4A48F8EE2848-LeaderElection12] INFO  server.RaftServerConfigKeys (ConfUtils.java:logGet(46)) - raft.server.write.element-limit = 1024 (custom)
2025-02-25 14:20:49,759 [032c8b1c-a843-4a9d-a39a-9c5a3fe2fd36@group-4A48F8EE2848-LeaderElection12] INFO  server.RaftServerConfigKeys (ConfUtils.java:logGet(46)) - raft.server.write.byte-limit = 1024 M (=1073741824) (custom)
2025-02-25 14:20:49,760 [032c8b1c-a843-4a9d-a39a-9c5a3fe2fd36@group-4A48F8EE2848-LeaderElection12] INFO  server.RaftServerConfigKeys (ConfUtils.java:logGet(46)) - raft.server.watch.timeout = 10000ms (default)
2025-02-25 14:20:49,760 [032c8b1c-a843-4a9d-a39a-9c5a3fe2fd36@group-4A48F8EE2848-LeaderElection12] INFO  server.RaftServerConfigKeys (ConfUtils.java:logGet(46)) - raft.server.watch.timeout.denomination = 1s (default)
2025-02-25 14:20:49,760 [032c8b1c-a843-4a9d-a39a-9c5a3fe2fd36@group-4A48F8EE2848-LeaderElection12] INFO  server.RaftServerConfigKeys (ConfUtils.java:logGet(46)) - raft.server.watch.element-limit = 65536 (default)
2025-02-25 14:20:49,762 [032c8b1c-a843-4a9d-a39a-9c5a3fe2fd36@group-4A48F8EE2848-LeaderElection12] INFO  server.RaftServerConfigKeys (ConfUtils.java:logGet(46)) - raft.server.read.leader.lease.enabled = false (default)
2025-02-25 14:20:49,762 [032c8b1c-a843-4a9d-a39a-9c5a3fe2fd36@group-4A48F8EE2848-LeaderElection12] INFO  server.RaftServerConfigKeys (ConfUtils.java:logGet(46)) - raft.server.read.leader.lease.timeout.ratio = 0.9 (default)
2025-02-25 14:20:49,762 [032c8b1c-a843-4a9d-a39a-9c5a3fe2fd36@group-4A48F8EE2848-LeaderElection12] INFO  server.RaftServerConfigKeys (ConfUtils.java:logGet(46)) - raft.server.rpc.timeout.min = 5s (custom)
2025-02-25 14:20:49,762 [032c8b1c-a843-4a9d-a39a-9c5a3fe2fd36@group-4A48F8EE2848-LeaderElection12] INFO  server.RaftServerConfigKeys (ConfUtils.java:logGet(46)) - raft.server.log.log-metadata.enabled = true (default)
2025-02-25 14:20:49,762 [032c8b1c-a843-4a9d-a39a-9c5a3fe2fd36@group-4A48F8EE2848-LeaderElection12] INFO  server.RaftServerConfigKeys (ConfUtils.java:logGet(46)) - raft.server.write.element-limit = 1024 (custom)
2025-02-25 14:20:49,762 [032c8b1c-a843-4a9d-a39a-9c5a3fe2fd36@group-4A48F8EE2848-LeaderElection12] INFO  server.RaftServerConfigKeys (ConfUtils.java:logGet(46)) - raft.server.write.follower.gap.ratio.max = -1.0 (default)
2025-02-25 14:20:49,762 [032c8b1c-a843-4a9d-a39a-9c5a3fe2fd36@group-4A48F8EE2848-LeaderElection12] INFO  server.RaftServerConfigKeys (ConfUtils.java:logGet(46)) - raft.server.log.appender.snapshot.chunk.size.max = 16MB (=16777216) (default)
2025-02-25 14:20:49,763 [032c8b1c-a843-4a9d-a39a-9c5a3fe2fd36@group-4A48F8EE2848-LeaderElection12] INFO  server.RaftServerConfigKeys (ConfUtils.java:logGet(46)) - raft.server.log.appender.buffer.byte-limit = 33554432 (custom)
2025-02-25 14:20:49,763 [032c8b1c-a843-4a9d-a39a-9c5a3fe2fd36@group-4A48F8EE2848-LeaderElection12] INFO  server.RaftServerConfigKeys (ConfUtils.java:logGet(46)) - raft.server.log.appender.buffer.element-limit = 1024 (custom)
2025-02-25 14:20:49,764 [032c8b1c-a843-4a9d-a39a-9c5a3fe2fd36@group-4A48F8EE2848-LeaderElection12] INFO  server.RaftServerConfigKeys (ConfUtils.java:logGet(46)) - raft.server.log.appender.wait-time.min = 0ms (custom)
2025-02-25 14:20:49,764 [032c8b1c-a843-4a9d-a39a-9c5a3fe2fd36@group-4A48F8EE2848-LeaderElection12] INFO  grpc.GrpcConfigKeys (ConfUtils.java:logGet(46)) - raft.grpc.server.leader.outstanding.appends.max = 8 (default)
2025-02-25 14:20:49,764 [032c8b1c-a843-4a9d-a39a-9c5a3fe2fd36@group-4A48F8EE2848-LeaderElection12] INFO  server.RaftServerConfigKeys (ConfUtils.java:logGet(46)) - raft.server.rpc.request.timeout = 3000ms (default)
2025-02-25 14:20:49,765 [032c8b1c-a843-4a9d-a39a-9c5a3fe2fd36@group-4A48F8EE2848-LeaderElection12] INFO  grpc.GrpcConfigKeys (ConfUtils.java:logGet(46)) - raft.grpc.server.install_snapshot.request.element-limit = 8 (default)
2025-02-25 14:20:49,765 [032c8b1c-a843-4a9d-a39a-9c5a3fe2fd36@group-4A48F8EE2848-LeaderElection12] INFO  grpc.GrpcConfigKeys (ConfUtils.java:logGet(46)) - raft.grpc.server.install_snapshot.request.timeout = 3000ms (default)
2025-02-25 14:20:49,766 [032c8b1c-a843-4a9d-a39a-9c5a3fe2fd36@group-4A48F8EE2848-LeaderElection12] INFO  grpc.GrpcConfigKeys (ConfUtils.java:logGet(46)) - raft.grpc.server.log-message.batch.duration = 5s (default)
2025-02-25 14:20:49,766 [032c8b1c-a843-4a9d-a39a-9c5a3fe2fd36@group-4A48F8EE2848-LeaderElection12] INFO  server.RaftServerConfigKeys (ConfUtils.java:logGet(46)) - raft.server.log.appender.install.snapshot.enabled = false (custom)
2025-02-25 14:20:49,766 [032c8b1c-a843-4a9d-a39a-9c5a3fe2fd36@group-4A48F8EE2848-LeaderElection12] INFO  grpc.GrpcConfigKeys (ConfUtils.java:logGet(46)) - raft.grpc.server.heartbeat.channel = true (default)
2025-02-25 14:20:49,767 [032c8b1c-a843-4a9d-a39a-9c5a3fe2fd36@group-4A48F8EE2848-LeaderElection12] INFO  server.RaftServerConfigKeys (ConfUtils.java:logGet(46)) - raft.server.log.appender.snapshot.chunk.size.max = 16MB (=16777216) (default)
2025-02-25 14:20:49,767 [032c8b1c-a843-4a9d-a39a-9c5a3fe2fd36@group-4A48F8EE2848-LeaderElection12] INFO  server.RaftServerConfigKeys (ConfUtils.java:logGet(46)) - raft.server.log.appender.buffer.byte-limit = 33554432 (custom)
2025-02-25 14:20:49,767 [032c8b1c-a843-4a9d-a39a-9c5a3fe2fd36@group-4A48F8EE2848-LeaderElection12] INFO  server.RaftServerConfigKeys (ConfUtils.java:logGet(46)) - raft.server.log.appender.buffer.element-limit = 1024 (custom)
2025-02-25 14:20:49,767 [032c8b1c-a843-4a9d-a39a-9c5a3fe2fd36@group-4A48F8EE2848-LeaderElection12] INFO  server.RaftServerConfigKeys (ConfUtils.java:logGet(46)) - raft.server.log.appender.wait-time.min = 0ms (custom)
2025-02-25 14:20:49,767 [032c8b1c-a843-4a9d-a39a-9c5a3fe2fd36@group-4A48F8EE2848-LeaderElection12] INFO  grpc.GrpcConfigKeys (ConfUtils.java:logGet(46)) - raft.grpc.server.leader.outstanding.appends.max = 8 (default)
2025-02-25 14:20:49,767 [032c8b1c-a843-4a9d-a39a-9c5a3fe2fd36@group-4A48F8EE2848-LeaderElection12] INFO  server.RaftServerConfigKeys (ConfUtils.java:logGet(46)) - raft.server.rpc.request.timeout = 3000ms (default)
2025-02-25 14:20:49,767 [032c8b1c-a843-4a9d-a39a-9c5a3fe2fd36@group-4A48F8EE2848-LeaderElection12] INFO  grpc.GrpcConfigKeys (ConfUtils.java:logGet(46)) - raft.grpc.server.install_snapshot.request.element-limit = 8 (default)
2025-02-25 14:20:49,768 [032c8b1c-a843-4a9d-a39a-9c5a3fe2fd36@group-4A48F8EE2848-LeaderElection12] INFO  grpc.GrpcConfigKeys (ConfUtils.java:logGet(46)) - raft.grpc.server.install_snapshot.request.timeout = 3000ms (default)
2025-02-25 14:20:49,768 [032c8b1c-a843-4a9d-a39a-9c5a3fe2fd36@group-4A48F8EE2848-LeaderElection12] INFO  grpc.GrpcConfigKeys (ConfUtils.java:logGet(46)) - raft.grpc.server.log-message.batch.duration = 5s (default)
2025-02-25 14:20:49,768 [032c8b1c-a843-4a9d-a39a-9c5a3fe2fd36@group-4A48F8EE2848-LeaderElection12] INFO  server.RaftServerConfigKeys (ConfUtils.java:logGet(46)) - raft.server.log.appender.install.snapshot.enabled = false (custom)
2025-02-25 14:20:49,768 [032c8b1c-a843-4a9d-a39a-9c5a3fe2fd36@group-4A48F8EE2848-LeaderElection12] INFO  grpc.GrpcConfigKeys (ConfUtils.java:logGet(46)) - raft.grpc.server.heartbeat.channel = true (default)
2025-02-25 14:20:49,768 [032c8b1c-a843-4a9d-a39a-9c5a3fe2fd36@group-4A48F8EE2848-LeaderElection12] INFO  impl.RoleInfo (RoleInfo.java:updateAndGet(148)) - 032c8b1c-a843-4a9d-a39a-9c5a3fe2fd36: start 032c8b1c-a843-4a9d-a39a-9c5a3fe2fd36@group-4A48F8EE2848-LeaderStateImpl
2025-02-25 14:20:49,768 [032c8b1c-a843-4a9d-a39a-9c5a3fe2fd36@group-4A48F8EE2848-LeaderElection12] INFO  server.RaftServer$Division (RaftServerImpl.java:setFirstElection(562)) - 032c8b1c-a843-4a9d-a39a-9c5a3fe2fd36@group-4A48F8EE2848: set firstElectionSinceStartup to false for becomeLeader
2025-02-25 14:20:49,768 [032c8b1c-a843-4a9d-a39a-9c5a3fe2fd36@group-4A48F8EE2848-LeaderElection12] INFO  ratis.XceiverServerRatis (XceiverServerRatis.java:handleLeaderChangedNotification(941)) - Leader change notification received for group: group-4A48F8EE2848 with new leaderId: 032c8b1c-a843-4a9d-a39a-9c5a3fe2fd36
2025-02-25 14:20:49,768 [032c8b1c-a843-4a9d-a39a-9c5a3fe2fd36@group-4A48F8EE2848-LeaderElection12] INFO  server.RaftServer$Division (ServerState.java:setLeader(272)) - 032c8b1c-a843-4a9d-a39a-9c5a3fe2fd36@group-4A48F8EE2848: change Leader from null to 032c8b1c-a843-4a9d-a39a-9c5a3fe2fd36 at term 1 for becomeLeader, leader elected after 5202ms
2025-02-25 14:20:49,769 [032c8b1c-a843-4a9d-a39a-9c5a3fe2fd36@group-4A48F8EE2848-LeaderElection12] INFO  segmented.SegmentedRaftLogWorker (SegmentedRaftLogWorker.java:startLogSegment(438)) - 032c8b1c-a843-4a9d-a39a-9c5a3fe2fd36@group-4A48F8EE2848-SegmentedRaftLogWorker: Starting segment from index:0
2025-02-25 14:20:49,769 [032c8b1c-a843-4a9d-a39a-9c5a3fe2fd36@group-4A48F8EE2848-LeaderElection12] INFO  server.RaftServer$Division (ServerState.java:setRaftConf(386)) - 032c8b1c-a843-4a9d-a39a-9c5a3fe2fd36@group-4A48F8EE2848: set configuration conf: {index: 0, cur=peers:[ea4ad806-8ee9-4fb9-9dce-2788455564d3|127.0.0.1:15052, 032c8b1c-a843-4a9d-a39a-9c5a3fe2fd36|127.0.0.1:15043, f0de3bb0-eb83-4e2a-a791-08d5bd07359b|127.0.0.1:15025]|listeners:[], old=null}
2025-02-25 14:20:49,770 [032c8b1c-a843-4a9d-a39a-9c5a3fe2fd36@group-4A48F8EE2848-SegmentedRaftLogWorker] INFO  segmented.BufferedWriteChannel (BufferedWriteChannel.java:open(61)) - open log_inprogress_0 at position 0
2025-02-25 14:20:49,779 [EventQueue-PipelineReportForPipelineReportHandler] INFO  pipeline.PipelineReportHandler (PipelineReportHandler.java:processPipelineReport(141)) - Opened pipeline PipelineID=e9f46249-b705-4fd7-9186-4a48f8ee2848
2025-02-25 14:20:49,782 [f0de3bb0-eb83-4e2a-a791-08d5bd07359b-server-thread1] INFO  ratis.XceiverServerRatis (XceiverServerRatis.java:handleLeaderChangedNotification(941)) - Leader change notification received for group: group-4A48F8EE2848 with new leaderId: 032c8b1c-a843-4a9d-a39a-9c5a3fe2fd36
2025-02-25 14:20:49,782 [f0de3bb0-eb83-4e2a-a791-08d5bd07359b-server-thread1] INFO  server.RaftServer$Division (ServerState.java:setLeader(272)) - f0de3bb0-eb83-4e2a-a791-08d5bd07359b@group-4A48F8EE2848: change Leader from null to 032c8b1c-a843-4a9d-a39a-9c5a3fe2fd36 at term 1 for appendEntries, leader elected after 5114ms
2025-02-25 14:20:49,783 [032c8b1c-a843-4a9d-a39a-9c5a3fe2fd36@group-4A48F8EE2848-SegmentedRaftLogWorker] INFO  segmented.SegmentedRaftLogWorker (SegmentedRaftLogWorker.java:execute(644)) - 032c8b1c-a843-4a9d-a39a-9c5a3fe2fd36@group-4A48F8EE2848-SegmentedRaftLogWorker: created new log segment /home/runner/work/ozone/ozone/hadoop-ozone/integration-test/target/test-dir/MiniOzoneClusterImpl-b4714a4f-035e-4bbe-aae1-aaeac144a409/ozone-meta/datanode-4/ratis/e9f46249-b705-4fd7-9186-4a48f8ee2848/current/log_inprogress_0
2025-02-25 14:20:49,783 [ea4ad806-8ee9-4fb9-9dce-2788455564d3-server-thread1] INFO  ratis.XceiverServerRatis (XceiverServerRatis.java:handleLeaderChangedNotification(941)) - Leader change notification received for group: group-4A48F8EE2848 with new leaderId: 032c8b1c-a843-4a9d-a39a-9c5a3fe2fd36
2025-02-25 14:20:49,784 [ea4ad806-8ee9-4fb9-9dce-2788455564d3-server-thread1] INFO  server.RaftServer$Division (ServerState.java:setLeader(272)) - ea4ad806-8ee9-4fb9-9dce-2788455564d3@group-4A48F8EE2848: change Leader from null to 032c8b1c-a843-4a9d-a39a-9c5a3fe2fd36 at term 1 for appendEntries, leader elected after 5167ms
2025-02-25 14:20:49,784 [f0de3bb0-eb83-4e2a-a791-08d5bd07359b-server-thread2] INFO  server.RaftServer$Division (ServerState.java:setRaftConf(386)) - f0de3bb0-eb83-4e2a-a791-08d5bd07359b@group-4A48F8EE2848: set configuration conf: {index: 0, cur=peers:[ea4ad806-8ee9-4fb9-9dce-2788455564d3|127.0.0.1:15052, 032c8b1c-a843-4a9d-a39a-9c5a3fe2fd36|127.0.0.1:15043, f0de3bb0-eb83-4e2a-a791-08d5bd07359b|127.0.0.1:15025]|listeners:[], old=null}
2025-02-25 14:20:49,785 [ea4ad806-8ee9-4fb9-9dce-2788455564d3-server-thread3] INFO  server.RaftServer$Division (ServerState.java:setRaftConf(386)) - ea4ad806-8ee9-4fb9-9dce-2788455564d3@group-4A48F8EE2848: set configuration conf: {index: 0, cur=peers:[ea4ad806-8ee9-4fb9-9dce-2788455564d3|127.0.0.1:15052, 032c8b1c-a843-4a9d-a39a-9c5a3fe2fd36|127.0.0.1:15043, f0de3bb0-eb83-4e2a-a791-08d5bd07359b|127.0.0.1:15025]|listeners:[], old=null}
2025-02-25 14:20:49,786 [ea4ad806-8ee9-4fb9-9dce-2788455564d3-server-thread3] INFO  segmented.SegmentedRaftLogWorker (SegmentedRaftLogWorker.java:startLogSegment(438)) - ea4ad806-8ee9-4fb9-9dce-2788455564d3@group-4A48F8EE2848-SegmentedRaftLogWorker: Starting segment from index:0
2025-02-25 14:20:49,786 [ea4ad806-8ee9-4fb9-9dce-2788455564d3@group-4A48F8EE2848-SegmentedRaftLogWorker] INFO  segmented.BufferedWriteChannel (BufferedWriteChannel.java:open(61)) - open log_inprogress_0 at position 0
2025-02-25 14:20:49,788 [f0de3bb0-eb83-4e2a-a791-08d5bd07359b-server-thread2] INFO  segmented.SegmentedRaftLogWorker (SegmentedRaftLogWorker.java:startLogSegment(438)) - f0de3bb0-eb83-4e2a-a791-08d5bd07359b@group-4A48F8EE2848-SegmentedRaftLogWorker: Starting segment from index:0
2025-02-25 14:20:49,789 [f0de3bb0-eb83-4e2a-a791-08d5bd07359b@group-4A48F8EE2848-SegmentedRaftLogWorker] INFO  segmented.BufferedWriteChannel (BufferedWriteChannel.java:open(61)) - open log_inprogress_0 at position 0
2025-02-25 14:20:49,798 [ea4ad806-8ee9-4fb9-9dce-2788455564d3@group-4A48F8EE2848-SegmentedRaftLogWorker] INFO  segmented.SegmentedRaftLogWorker (SegmentedRaftLogWorker.java:execute(644)) - ea4ad806-8ee9-4fb9-9dce-2788455564d3@group-4A48F8EE2848-SegmentedRaftLogWorker: created new log segment /home/runner/work/ozone/ozone/hadoop-ozone/integration-test/target/test-dir/MiniOzoneClusterImpl-b4714a4f-035e-4bbe-aae1-aaeac144a409/ozone-meta/datanode-5/ratis/e9f46249-b705-4fd7-9186-4a48f8ee2848/current/log_inprogress_0
2025-02-25 14:20:49,802 [032c8b1c-a843-4a9d-a39a-9c5a3fe2fd36@group-4A48F8EE2848-StateMachineUpdater] INFO  server.RaftServer$Division (LeaderStateImpl.java:checkStartIndex(313)) - Leader 032c8b1c-a843-4a9d-a39a-9c5a3fe2fd36@group-4A48F8EE2848-LeaderStateImpl is ready since appliedIndex == startIndex == 0
2025-02-25 14:20:49,803 [f0de3bb0-eb83-4e2a-a791-08d5bd07359b@group-4A48F8EE2848-SegmentedRaftLogWorker] INFO  segmented.SegmentedRaftLogWorker (SegmentedRaftLogWorker.java:execute(644)) - f0de3bb0-eb83-4e2a-a791-08d5bd07359b@group-4A48F8EE2848-SegmentedRaftLogWorker: created new log segment /home/runner/work/ozone/ozone/hadoop-ozone/integration-test/target/test-dir/MiniOzoneClusterImpl-b4714a4f-035e-4bbe-aae1-aaeac144a409/ozone-meta/datanode-2/ratis/e9f46249-b705-4fd7-9186-4a48f8ee2848/current/log_inprogress_0
2025-02-25 14:20:49,873 [032c8b1c-a843-4a9d-a39a-9c5a3fe2fd36@group-C5AD75A7C03D-FollowerState] INFO  impl.FollowerState (FollowerState.java:runImpl(161)) - 032c8b1c-a843-4a9d-a39a-9c5a3fe2fd36@group-C5AD75A7C03D-FollowerState: change to CANDIDATE, lastRpcElapsedTime:5130601777ns, electionTimeout:5130ms
2025-02-25 14:20:49,873 [032c8b1c-a843-4a9d-a39a-9c5a3fe2fd36@group-C5AD75A7C03D-FollowerState] INFO  impl.RoleInfo (RoleInfo.java:shutdownFollowerState(121)) - 032c8b1c-a843-4a9d-a39a-9c5a3fe2fd36: shutdown 032c8b1c-a843-4a9d-a39a-9c5a3fe2fd36@group-C5AD75A7C03D-FollowerState
2025-02-25 14:20:49,873 [032c8b1c-a843-4a9d-a39a-9c5a3fe2fd36@group-C5AD75A7C03D-FollowerState] INFO  server.RaftServer$Division (RaftServerImpl.java:setRole(378)) - 032c8b1c-a843-4a9d-a39a-9c5a3fe2fd36@group-C5AD75A7C03D: changes role from  FOLLOWER to CANDIDATE at term 0 for changeToCandidate
2025-02-25 14:20:49,873 [032c8b1c-a843-4a9d-a39a-9c5a3fe2fd36@group-C5AD75A7C03D-FollowerState] INFO  server.RaftServerConfigKeys (ConfUtils.java:logGet(46)) - raft.server.leaderelection.pre-vote = true (default)
2025-02-25 14:20:49,873 [032c8b1c-a843-4a9d-a39a-9c5a3fe2fd36@group-C5AD75A7C03D-FollowerState] INFO  impl.RoleInfo (RoleInfo.java:updateAndGet(148)) - 032c8b1c-a843-4a9d-a39a-9c5a3fe2fd36: start 032c8b1c-a843-4a9d-a39a-9c5a3fe2fd36@group-C5AD75A7C03D-LeaderElection13
2025-02-25 14:20:49,874 [032c8b1c-a843-4a9d-a39a-9c5a3fe2fd36@group-C5AD75A7C03D-LeaderElection13] INFO  impl.LeaderElection (LeaderElection.java:askForVotes(332)) - 032c8b1c-a843-4a9d-a39a-9c5a3fe2fd36@group-C5AD75A7C03D-LeaderElection13 PRE_VOTE round 0: submit vote requests at term 0 for conf: {index: -1, cur=peers:[ea4ad806-8ee9-4fb9-9dce-2788455564d3|127.0.0.1:15052, 032c8b1c-a843-4a9d-a39a-9c5a3fe2fd36|127.0.0.1:15043, eb7d9a89-7041-4665-a693-2d62dcb81886|127.0.0.1:15034]|listeners:[], old=null}
2025-02-25 14:20:49,874 [032c8b1c-a843-4a9d-a39a-9c5a3fe2fd36@group-C5AD75A7C03D-LeaderElection13] INFO  server.RaftServerConfigKeys (ConfUtils.java:logFallback(53)) - raft.server.rpc.first-election.timeout.min = 5s (fallback to raft.server.rpc.timeout.min)
2025-02-25 14:20:49,874 [032c8b1c-a843-4a9d-a39a-9c5a3fe2fd36@group-C5AD75A7C03D-LeaderElection13-2] INFO  server.GrpcServerProtocolClient (GrpcServerProtocolClient.java:<init>(65)) - Build channel for eb7d9a89-7041-4665-a693-2d62dcb81886|127.0.0.1:15034
2025-02-25 14:20:49,874 [032c8b1c-a843-4a9d-a39a-9c5a3fe2fd36@group-C5AD75A7C03D-LeaderElection13] INFO  server.RaftServerConfigKeys (ConfUtils.java:logFallback(53)) - raft.server.rpc.first-election.timeout.max = 5200ms (fallback to raft.server.rpc.timeout.max)
2025-02-25 14:20:49,876 [grpc-default-executor-8] INFO  server.RaftServer$Division (RaftServerImpl.java:requestVote(1407)) - ea4ad806-8ee9-4fb9-9dce-2788455564d3@group-C5AD75A7C03D: receive requestVote(PRE_VOTE, 032c8b1c-a843-4a9d-a39a-9c5a3fe2fd36, group-C5AD75A7C03D, 0, (t:0, i:0))
2025-02-25 14:20:49,876 [grpc-default-executor-8] INFO  impl.VoteContext (VoteContext.java:log(49)) - ea4ad806-8ee9-4fb9-9dce-2788455564d3@group-C5AD75A7C03D-FOLLOWER: reject PRE_VOTE from 032c8b1c-a843-4a9d-a39a-9c5a3fe2fd36: our priority 1 > candidate's priority 0
2025-02-25 14:20:49,876 [grpc-default-executor-8] INFO  server.RaftServer$Division (RaftServerImpl.java:requestVote(1441)) - ea4ad806-8ee9-4fb9-9dce-2788455564d3@group-C5AD75A7C03D replies to PRE_VOTE vote request: 032c8b1c-a843-4a9d-a39a-9c5a3fe2fd36<-ea4ad806-8ee9-4fb9-9dce-2788455564d3#0:FAIL-t0. Peer's state: ea4ad806-8ee9-4fb9-9dce-2788455564d3@group-C5AD75A7C03D:t0, leader=null, voted=, raftlog=Memoized:ea4ad806-8ee9-4fb9-9dce-2788455564d3@group-C5AD75A7C03D-SegmentedRaftLog:OPENED:c-1:lastnull, conf=conf: {index: -1, cur=peers:[ea4ad806-8ee9-4fb9-9dce-2788455564d3|127.0.0.1:15052, 032c8b1c-a843-4a9d-a39a-9c5a3fe2fd36|127.0.0.1:15043, eb7d9a89-7041-4665-a693-2d62dcb81886|127.0.0.1:15034]|listeners:[], old=null}
2025-02-25 14:20:49,878 [032c8b1c-a843-4a9d-a39a-9c5a3fe2fd36@group-C5AD75A7C03D-LeaderElection13] INFO  impl.LeaderElection (LeaderElection.java:logAndReturn(90)) - 032c8b1c-a843-4a9d-a39a-9c5a3fe2fd36@group-C5AD75A7C03D-LeaderElection13: PRE_VOTE REJECTED received 1 response(s) and 0 exception(s):
2025-02-25 14:20:49,878 [032c8b1c-a843-4a9d-a39a-9c5a3fe2fd36@group-C5AD75A7C03D-LeaderElection13] INFO  impl.LeaderElection (LeaderElection.java:logAndReturn(94)) -   Response 0: 032c8b1c-a843-4a9d-a39a-9c5a3fe2fd36<-ea4ad806-8ee9-4fb9-9dce-2788455564d3#0:FAIL-t0
2025-02-25 14:20:49,878 [032c8b1c-a843-4a9d-a39a-9c5a3fe2fd36@group-C5AD75A7C03D-LeaderElection13] INFO  impl.LeaderElection (LeaderElection.java:askForVotes(334)) - 032c8b1c-a843-4a9d-a39a-9c5a3fe2fd36@group-C5AD75A7C03D-LeaderElection13 PRE_VOTE round 0: result REJECTED
2025-02-25 14:20:49,878 [032c8b1c-a843-4a9d-a39a-9c5a3fe2fd36@group-C5AD75A7C03D-LeaderElection13] INFO  server.RaftServer$Division (RaftServerImpl.java:setRole(378)) - 032c8b1c-a843-4a9d-a39a-9c5a3fe2fd36@group-C5AD75A7C03D: changes role from CANDIDATE to FOLLOWER at term 0 for REJECTED
2025-02-25 14:20:49,878 [032c8b1c-a843-4a9d-a39a-9c5a3fe2fd36@group-C5AD75A7C03D-LeaderElection13] INFO  impl.RoleInfo (RoleInfo.java:shutdownLeaderElection(141)) - 032c8b1c-a843-4a9d-a39a-9c5a3fe2fd36: shutdown 032c8b1c-a843-4a9d-a39a-9c5a3fe2fd36@group-C5AD75A7C03D-LeaderElection13
2025-02-25 14:20:49,879 [032c8b1c-a843-4a9d-a39a-9c5a3fe2fd36@group-C5AD75A7C03D-LeaderElection13] INFO  impl.RoleInfo (RoleInfo.java:updateAndGet(148)) - 032c8b1c-a843-4a9d-a39a-9c5a3fe2fd36: start 032c8b1c-a843-4a9d-a39a-9c5a3fe2fd36@group-C5AD75A7C03D-FollowerState
2025-02-25 14:20:49,880 [032c8b1c-a843-4a9d-a39a-9c5a3fe2fd36@group-C5AD75A7C03D-LeaderElection13] INFO  server.RaftServer$Division (RaftServerImpl.java:setFirstElection(562)) - 032c8b1c-a843-4a9d-a39a-9c5a3fe2fd36@group-C5AD75A7C03D: set firstElectionSinceStartup to false for REJECTED
2025-02-25 14:20:49,907 [eb7d9a89-7041-4665-a693-2d62dcb81886@group-C5AD75A7C03D-FollowerState] INFO  impl.FollowerState (FollowerState.java:runImpl(161)) - eb7d9a89-7041-4665-a693-2d62dcb81886@group-C5AD75A7C03D-FollowerState: change to CANDIDATE, lastRpcElapsedTime:5088159988ns, electionTimeout:5087ms
2025-02-25 14:20:49,907 [eb7d9a89-7041-4665-a693-2d62dcb81886@group-C5AD75A7C03D-FollowerState] INFO  impl.RoleInfo (RoleInfo.java:shutdownFollowerState(121)) - eb7d9a89-7041-4665-a693-2d62dcb81886: shutdown eb7d9a89-7041-4665-a693-2d62dcb81886@group-C5AD75A7C03D-FollowerState
2025-02-25 14:20:49,907 [eb7d9a89-7041-4665-a693-2d62dcb81886@group-C5AD75A7C03D-FollowerState] INFO  server.RaftServer$Division (RaftServerImpl.java:setRole(378)) - eb7d9a89-7041-4665-a693-2d62dcb81886@group-C5AD75A7C03D: changes role from  FOLLOWER to CANDIDATE at term 0 for changeToCandidate
2025-02-25 14:20:49,907 [eb7d9a89-7041-4665-a693-2d62dcb81886@group-C5AD75A7C03D-FollowerState] INFO  server.RaftServerConfigKeys (ConfUtils.java:logGet(46)) - raft.server.leaderelection.pre-vote = true (default)
2025-02-25 14:20:49,907 [eb7d9a89-7041-4665-a693-2d62dcb81886@group-C5AD75A7C03D-FollowerState] INFO  impl.RoleInfo (RoleInfo.java:updateAndGet(148)) - eb7d9a89-7041-4665-a693-2d62dcb81886: start eb7d9a89-7041-4665-a693-2d62dcb81886@group-C5AD75A7C03D-LeaderElection14
2025-02-25 14:20:49,907 [eb7d9a89-7041-4665-a693-2d62dcb81886@group-C5AD75A7C03D-LeaderElection14] INFO  impl.LeaderElection (LeaderElection.java:askForVotes(332)) - eb7d9a89-7041-4665-a693-2d62dcb81886@group-C5AD75A7C03D-LeaderElection14 PRE_VOTE round 0: submit vote requests at term 0 for conf: {index: -1, cur=peers:[ea4ad806-8ee9-4fb9-9dce-2788455564d3|127.0.0.1:15052, 032c8b1c-a843-4a9d-a39a-9c5a3fe2fd36|127.0.0.1:15043, eb7d9a89-7041-4665-a693-2d62dcb81886|127.0.0.1:15034]|listeners:[], old=null}
2025-02-25 14:20:49,908 [eb7d9a89-7041-4665-a693-2d62dcb81886@group-C5AD75A7C03D-LeaderElection14-1] INFO  server.GrpcServerProtocolClient (GrpcServerProtocolClient.java:<init>(65)) - Build channel for ea4ad806-8ee9-4fb9-9dce-2788455564d3|127.0.0.1:15052
2025-02-25 14:20:49,909 [eb7d9a89-7041-4665-a693-2d62dcb81886@group-C5AD75A7C03D-LeaderElection14-2] INFO  server.GrpcServerProtocolClient (GrpcServerProtocolClient.java:<init>(65)) - Build channel for 032c8b1c-a843-4a9d-a39a-9c5a3fe2fd36|127.0.0.1:15043
2025-02-25 14:20:49,909 [eb7d9a89-7041-4665-a693-2d62dcb81886@group-C5AD75A7C03D-LeaderElection14] INFO  server.RaftServerConfigKeys (ConfUtils.java:logFallback(53)) - raft.server.rpc.first-election.timeout.min = 5s (fallback to raft.server.rpc.timeout.min)
2025-02-25 14:20:49,909 [eb7d9a89-7041-4665-a693-2d62dcb81886@group-C5AD75A7C03D-LeaderElection14] INFO  server.RaftServerConfigKeys (ConfUtils.java:logFallback(53)) - raft.server.rpc.first-election.timeout.max = 5200ms (fallback to raft.server.rpc.timeout.max)
2025-02-25 14:20:49,913 [grpc-default-executor-3] INFO  server.RaftServer$Division (RaftServerImpl.java:requestVote(1407)) - ea4ad806-8ee9-4fb9-9dce-2788455564d3@group-C5AD75A7C03D: receive requestVote(PRE_VOTE, eb7d9a89-7041-4665-a693-2d62dcb81886, group-C5AD75A7C03D, 0, (t:0, i:0))
2025-02-25 14:20:49,914 [grpc-default-executor-3] INFO  impl.VoteContext (VoteContext.java:log(49)) - ea4ad806-8ee9-4fb9-9dce-2788455564d3@group-C5AD75A7C03D-FOLLOWER: reject PRE_VOTE from eb7d9a89-7041-4665-a693-2d62dcb81886: our priority 1 > candidate's priority 0
2025-02-25 14:20:49,914 [grpc-default-executor-3] INFO  server.RaftServer$Division (RaftServerImpl.java:requestVote(1441)) - ea4ad806-8ee9-4fb9-9dce-2788455564d3@group-C5AD75A7C03D replies to PRE_VOTE vote request: eb7d9a89-7041-4665-a693-2d62dcb81886<-ea4ad806-8ee9-4fb9-9dce-2788455564d3#0:FAIL-t0. Peer's state: ea4ad806-8ee9-4fb9-9dce-2788455564d3@group-C5AD75A7C03D:t0, leader=null, voted=, raftlog=Memoized:ea4ad806-8ee9-4fb9-9dce-2788455564d3@group-C5AD75A7C03D-SegmentedRaftLog:OPENED:c-1:lastnull, conf=conf: {index: -1, cur=peers:[ea4ad806-8ee9-4fb9-9dce-2788455564d3|127.0.0.1:15052, 032c8b1c-a843-4a9d-a39a-9c5a3fe2fd36|127.0.0.1:15043, eb7d9a89-7041-4665-a693-2d62dcb81886|127.0.0.1:15034]|listeners:[], old=null}
2025-02-25 14:20:49,914 [grpc-default-executor-8] INFO  server.RaftServer$Division (RaftServerImpl.java:requestVote(1407)) - 032c8b1c-a843-4a9d-a39a-9c5a3fe2fd36@group-C5AD75A7C03D: receive requestVote(PRE_VOTE, eb7d9a89-7041-4665-a693-2d62dcb81886, group-C5AD75A7C03D, 0, (t:0, i:0))
2025-02-25 14:20:49,915 [eb7d9a89-7041-4665-a693-2d62dcb81886@group-C5AD75A7C03D-LeaderElection14] INFO  impl.LeaderElection (LeaderElection.java:logAndReturn(90)) - eb7d9a89-7041-4665-a693-2d62dcb81886@group-C5AD75A7C03D-LeaderElection14: PRE_VOTE REJECTED received 1 response(s) and 0 exception(s):
2025-02-25 14:20:49,916 [eb7d9a89-7041-4665-a693-2d62dcb81886@group-C5AD75A7C03D-LeaderElection14] INFO  impl.LeaderElection (LeaderElection.java:logAndReturn(94)) -   Response 0: eb7d9a89-7041-4665-a693-2d62dcb81886<-ea4ad806-8ee9-4fb9-9dce-2788455564d3#0:FAIL-t0
2025-02-25 14:20:49,915 [grpc-default-executor-8] INFO  impl.VoteContext (VoteContext.java:log(49)) - 032c8b1c-a843-4a9d-a39a-9c5a3fe2fd36@group-C5AD75A7C03D-FOLLOWER: accept PRE_VOTE from eb7d9a89-7041-4665-a693-2d62dcb81886: our priority 0 <= candidate's priority 0
2025-02-25 14:20:49,916 [grpc-default-executor-8] INFO  server.RaftServer$Division (RaftServerImpl.java:requestVote(1441)) - 032c8b1c-a843-4a9d-a39a-9c5a3fe2fd36@group-C5AD75A7C03D replies to PRE_VOTE vote request: eb7d9a89-7041-4665-a693-2d62dcb81886<-032c8b1c-a843-4a9d-a39a-9c5a3fe2fd36#0:OK-t0. Peer's state: 032c8b1c-a843-4a9d-a39a-9c5a3fe2fd36@group-C5AD75A7C03D:t0, leader=null, voted=, raftlog=Memoized:032c8b1c-a843-4a9d-a39a-9c5a3fe2fd36@group-C5AD75A7C03D-SegmentedRaftLog:OPENED:c-1:lastnull, conf=conf: {index: -1, cur=peers:[ea4ad806-8ee9-4fb9-9dce-2788455564d3|127.0.0.1:15052, 032c8b1c-a843-4a9d-a39a-9c5a3fe2fd36|127.0.0.1:15043, eb7d9a89-7041-4665-a693-2d62dcb81886|127.0.0.1:15034]|listeners:[], old=null}
2025-02-25 14:20:49,916 [eb7d9a89-7041-4665-a693-2d62dcb81886@group-C5AD75A7C03D-LeaderElection14] INFO  impl.LeaderElection (LeaderElection.java:askForVotes(334)) - eb7d9a89-7041-4665-a693-2d62dcb81886@group-C5AD75A7C03D-LeaderElection14 PRE_VOTE round 0: result REJECTED
2025-02-25 14:20:49,916 [eb7d9a89-7041-4665-a693-2d62dcb81886@group-C5AD75A7C03D-LeaderElection14] INFO  server.RaftServer$Division (RaftServerImpl.java:setRole(378)) - eb7d9a89-7041-4665-a693-2d62dcb81886@group-C5AD75A7C03D: changes role from CANDIDATE to FOLLOWER at term 0 for REJECTED
2025-02-25 14:20:49,916 [eb7d9a89-7041-4665-a693-2d62dcb81886@group-C5AD75A7C03D-LeaderElection14] INFO  impl.RoleInfo (RoleInfo.java:shutdownLeaderElection(141)) - eb7d9a89-7041-4665-a693-2d62dcb81886: shutdown eb7d9a89-7041-4665-a693-2d62dcb81886@group-C5AD75A7C03D-LeaderElection14
2025-02-25 14:20:49,916 [eb7d9a89-7041-4665-a693-2d62dcb81886@group-C5AD75A7C03D-LeaderElection14] INFO  impl.RoleInfo (RoleInfo.java:updateAndGet(148)) - eb7d9a89-7041-4665-a693-2d62dcb81886: start eb7d9a89-7041-4665-a693-2d62dcb81886@group-C5AD75A7C03D-FollowerState
2025-02-25 14:20:49,916 [eb7d9a89-7041-4665-a693-2d62dcb81886@group-C5AD75A7C03D-LeaderElection14] INFO  server.RaftServer$Division (RaftServerImpl.java:setFirstElection(562)) - eb7d9a89-7041-4665-a693-2d62dcb81886@group-C5AD75A7C03D: set firstElectionSinceStartup to false for REJECTED
2025-02-25 14:20:49,944 [ea4ad806-8ee9-4fb9-9dce-2788455564d3@group-C5AD75A7C03D-FollowerState] INFO  impl.FollowerState (FollowerState.java:runImpl(161)) - ea4ad806-8ee9-4fb9-9dce-2788455564d3@group-C5AD75A7C03D-FollowerState: change to CANDIDATE, lastRpcElapsedTime:5164042217ns, electionTimeout:5163ms
2025-02-25 14:20:49,944 [ea4ad806-8ee9-4fb9-9dce-2788455564d3@group-C5AD75A7C03D-FollowerState] INFO  impl.RoleInfo (RoleInfo.java:shutdownFollowerState(121)) - ea4ad806-8ee9-4fb9-9dce-2788455564d3: shutdown ea4ad806-8ee9-4fb9-9dce-2788455564d3@group-C5AD75A7C03D-FollowerState
2025-02-25 14:20:49,944 [ea4ad806-8ee9-4fb9-9dce-2788455564d3@group-C5AD75A7C03D-FollowerState] INFO  server.RaftServer$Division (RaftServerImpl.java:setRole(378)) - ea4ad806-8ee9-4fb9-9dce-2788455564d3@group-C5AD75A7C03D: changes role from  FOLLOWER to CANDIDATE at term 0 for changeToCandidate
2025-02-25 14:20:49,944 [ea4ad806-8ee9-4fb9-9dce-2788455564d3@group-C5AD75A7C03D-FollowerState] INFO  server.RaftServerConfigKeys (ConfUtils.java:logGet(46)) - raft.server.leaderelection.pre-vote = true (default)
2025-02-25 14:20:49,944 [ea4ad806-8ee9-4fb9-9dce-2788455564d3@group-C5AD75A7C03D-FollowerState] INFO  impl.RoleInfo (RoleInfo.java:updateAndGet(148)) - ea4ad806-8ee9-4fb9-9dce-2788455564d3: start ea4ad806-8ee9-4fb9-9dce-2788455564d3@group-C5AD75A7C03D-LeaderElection15
2025-02-25 14:20:49,945 [ea4ad806-8ee9-4fb9-9dce-2788455564d3@group-C5AD75A7C03D-LeaderElection15] INFO  impl.LeaderElection (LeaderElection.java:askForVotes(332)) - ea4ad806-8ee9-4fb9-9dce-2788455564d3@group-C5AD75A7C03D-LeaderElection15 PRE_VOTE round 0: submit vote requests at term 0 for conf: {index: -1, cur=peers:[ea4ad806-8ee9-4fb9-9dce-2788455564d3|127.0.0.1:15052, 032c8b1c-a843-4a9d-a39a-9c5a3fe2fd36|127.0.0.1:15043, eb7d9a89-7041-4665-a693-2d62dcb81886|127.0.0.1:15034]|listeners:[], old=null}
2025-02-25 14:20:49,945 [ea4ad806-8ee9-4fb9-9dce-2788455564d3@group-C5AD75A7C03D-LeaderElection15-1] INFO  server.GrpcServerProtocolClient (GrpcServerProtocolClient.java:<init>(65)) - Build channel for 032c8b1c-a843-4a9d-a39a-9c5a3fe2fd36|127.0.0.1:15043
2025-02-25 14:20:49,946 [ea4ad806-8ee9-4fb9-9dce-2788455564d3@group-C5AD75A7C03D-LeaderElection15] INFO  server.RaftServerConfigKeys (ConfUtils.java:logFallback(53)) - raft.server.rpc.first-election.timeout.min = 5s (fallback to raft.server.rpc.timeout.min)
2025-02-25 14:20:49,946 [ea4ad806-8ee9-4fb9-9dce-2788455564d3@group-C5AD75A7C03D-LeaderElection15] INFO  server.RaftServerConfigKeys (ConfUtils.java:logFallback(53)) - raft.server.rpc.first-election.timeout.max = 5200ms (fallback to raft.server.rpc.timeout.max)
2025-02-25 14:20:49,946 [ea4ad806-8ee9-4fb9-9dce-2788455564d3@group-C5AD75A7C03D-LeaderElection15-2] INFO  server.GrpcServerProtocolClient (GrpcServerProtocolClient.java:<init>(65)) - Build channel for eb7d9a89-7041-4665-a693-2d62dcb81886|127.0.0.1:15034
2025-02-25 14:20:49,949 [grpc-default-executor-8] INFO  server.RaftServer$Division (RaftServerImpl.java:requestVote(1407)) - 032c8b1c-a843-4a9d-a39a-9c5a3fe2fd36@group-C5AD75A7C03D: receive requestVote(PRE_VOTE, ea4ad806-8ee9-4fb9-9dce-2788455564d3, group-C5AD75A7C03D, 0, (t:0, i:0))
2025-02-25 14:20:49,949 [grpc-default-executor-8] INFO  impl.VoteContext (VoteContext.java:log(49)) - 032c8b1c-a843-4a9d-a39a-9c5a3fe2fd36@group-C5AD75A7C03D-FOLLOWER: accept PRE_VOTE from ea4ad806-8ee9-4fb9-9dce-2788455564d3: our priority 0 <= candidate's priority 1
2025-02-25 14:20:49,950 [grpc-default-executor-3] INFO  server.RaftServer$Division (RaftServerImpl.java:requestVote(1407)) - eb7d9a89-7041-4665-a693-2d62dcb81886@group-C5AD75A7C03D: receive requestVote(PRE_VOTE, ea4ad806-8ee9-4fb9-9dce-2788455564d3, group-C5AD75A7C03D, 0, (t:0, i:0))
2025-02-25 14:20:49,950 [grpc-default-executor-8] INFO  server.RaftServer$Division (RaftServerImpl.java:requestVote(1441)) - 032c8b1c-a843-4a9d-a39a-9c5a3fe2fd36@group-C5AD75A7C03D replies to PRE_VOTE vote request: ea4ad806-8ee9-4fb9-9dce-2788455564d3<-032c8b1c-a843-4a9d-a39a-9c5a3fe2fd36#0:OK-t0. Peer's state: 032c8b1c-a843-4a9d-a39a-9c5a3fe2fd36@group-C5AD75A7C03D:t0, leader=null, voted=, raftlog=Memoized:032c8b1c-a843-4a9d-a39a-9c5a3fe2fd36@group-C5AD75A7C03D-SegmentedRaftLog:OPENED:c-1:lastnull, conf=conf: {index: -1, cur=peers:[ea4ad806-8ee9-4fb9-9dce-2788455564d3|127.0.0.1:15052, 032c8b1c-a843-4a9d-a39a-9c5a3fe2fd36|127.0.0.1:15043, eb7d9a89-7041-4665-a693-2d62dcb81886|127.0.0.1:15034]|listeners:[], old=null}
2025-02-25 14:20:49,950 [grpc-default-executor-3] INFO  impl.VoteContext (VoteContext.java:log(49)) - eb7d9a89-7041-4665-a693-2d62dcb81886@group-C5AD75A7C03D-FOLLOWER: accept PRE_VOTE from ea4ad806-8ee9-4fb9-9dce-2788455564d3: our priority 0 <= candidate's priority 1
2025-02-25 14:20:49,950 [grpc-default-executor-3] INFO  server.RaftServer$Division (RaftServerImpl.java:requestVote(1441)) - eb7d9a89-7041-4665-a693-2d62dcb81886@group-C5AD75A7C03D replies to PRE_VOTE vote request: ea4ad806-8ee9-4fb9-9dce-2788455564d3<-eb7d9a89-7041-4665-a693-2d62dcb81886#0:OK-t0. Peer's state: eb7d9a89-7041-4665-a693-2d62dcb81886@group-C5AD75A7C03D:t0, leader=null, voted=, raftlog=Memoized:eb7d9a89-7041-4665-a693-2d62dcb81886@group-C5AD75A7C03D-SegmentedRaftLog:OPENED:c-1:lastnull, conf=conf: {index: -1, cur=peers:[ea4ad806-8ee9-4fb9-9dce-2788455564d3|127.0.0.1:15052, 032c8b1c-a843-4a9d-a39a-9c5a3fe2fd36|127.0.0.1:15043, eb7d9a89-7041-4665-a693-2d62dcb81886|127.0.0.1:15034]|listeners:[], old=null}
2025-02-25 14:20:49,950 [ea4ad806-8ee9-4fb9-9dce-2788455564d3@group-C5AD75A7C03D-LeaderElection15] INFO  impl.LeaderElection (LeaderElection.java:logAndReturn(90)) - ea4ad806-8ee9-4fb9-9dce-2788455564d3@group-C5AD75A7C03D-LeaderElection15: PRE_VOTE PASSED received 1 response(s) and 0 exception(s):
2025-02-25 14:20:49,951 [ea4ad806-8ee9-4fb9-9dce-2788455564d3@group-C5AD75A7C03D-LeaderElection15] INFO  impl.LeaderElection (LeaderElection.java:logAndReturn(94)) -   Response 0: ea4ad806-8ee9-4fb9-9dce-2788455564d3<-032c8b1c-a843-4a9d-a39a-9c5a3fe2fd36#0:OK-t0
2025-02-25 14:20:49,951 [ea4ad806-8ee9-4fb9-9dce-2788455564d3@group-C5AD75A7C03D-LeaderElection15] INFO  impl.LeaderElection (LeaderElection.java:askForVotes(334)) - ea4ad806-8ee9-4fb9-9dce-2788455564d3@group-C5AD75A7C03D-LeaderElection15 PRE_VOTE round 0: result PASSED
2025-02-25 14:20:49,953 [ea4ad806-8ee9-4fb9-9dce-2788455564d3@group-C5AD75A7C03D-LeaderElection15] INFO  impl.LeaderElection (LeaderElection.java:askForVotes(332)) - ea4ad806-8ee9-4fb9-9dce-2788455564d3@group-C5AD75A7C03D-LeaderElection15 ELECTION round 0: submit vote requests at term 1 for conf: {index: -1, cur=peers:[ea4ad806-8ee9-4fb9-9dce-2788455564d3|127.0.0.1:15052, 032c8b1c-a843-4a9d-a39a-9c5a3fe2fd36|127.0.0.1:15043, eb7d9a89-7041-4665-a693-2d62dcb81886|127.0.0.1:15034]|listeners:[], old=null}
2025-02-25 14:20:49,954 [ea4ad806-8ee9-4fb9-9dce-2788455564d3@group-C5AD75A7C03D-LeaderElection15] INFO  server.RaftServerConfigKeys (ConfUtils.java:logFallback(53)) - raft.server.rpc.first-election.timeout.min = 5s (fallback to raft.server.rpc.timeout.min)
2025-02-25 14:20:49,954 [ea4ad806-8ee9-4fb9-9dce-2788455564d3@group-C5AD75A7C03D-LeaderElection15] INFO  server.RaftServerConfigKeys (ConfUtils.java:logFallback(53)) - raft.server.rpc.first-election.timeout.max = 5200ms (fallback to raft.server.rpc.timeout.max)
2025-02-25 14:20:49,955 [grpc-default-executor-3] INFO  server.RaftServer$Division (RaftServerImpl.java:requestVote(1407)) - eb7d9a89-7041-4665-a693-2d62dcb81886@group-C5AD75A7C03D: receive requestVote(ELECTION, ea4ad806-8ee9-4fb9-9dce-2788455564d3, group-C5AD75A7C03D, 1, (t:0, i:0))
2025-02-25 14:20:49,955 [grpc-default-executor-3] INFO  impl.VoteContext (VoteContext.java:log(49)) - eb7d9a89-7041-4665-a693-2d62dcb81886@group-C5AD75A7C03D-FOLLOWER: accept ELECTION from ea4ad806-8ee9-4fb9-9dce-2788455564d3: our priority 0 <= candidate's priority 1
2025-02-25 14:20:49,955 [grpc-default-executor-3] INFO  server.RaftServer$Division (RaftServerImpl.java:setRole(378)) - eb7d9a89-7041-4665-a693-2d62dcb81886@group-C5AD75A7C03D: changes role from  FOLLOWER to FOLLOWER at term 0 for candidate:ea4ad806-8ee9-4fb9-9dce-2788455564d3
2025-02-25 14:20:49,956 [grpc-default-executor-3] INFO  impl.RoleInfo (RoleInfo.java:shutdownFollowerState(121)) - eb7d9a89-7041-4665-a693-2d62dcb81886: shutdown eb7d9a89-7041-4665-a693-2d62dcb81886@group-C5AD75A7C03D-FollowerState
2025-02-25 14:20:49,956 [grpc-default-executor-3] INFO  impl.RoleInfo (RoleInfo.java:updateAndGet(148)) - eb7d9a89-7041-4665-a693-2d62dcb81886: start eb7d9a89-7041-4665-a693-2d62dcb81886@group-C5AD75A7C03D-FollowerState
2025-02-25 14:20:49,957 [eb7d9a89-7041-4665-a693-2d62dcb81886@group-C5AD75A7C03D-FollowerState] INFO  impl.FollowerState (FollowerState.java:runImpl(170)) - eb7d9a89-7041-4665-a693-2d62dcb81886@group-C5AD75A7C03D-FollowerState was interrupted
2025-02-25 14:20:49,958 [grpc-default-executor-8] INFO  server.RaftServer$Division (RaftServerImpl.java:requestVote(1407)) - 032c8b1c-a843-4a9d-a39a-9c5a3fe2fd36@group-C5AD75A7C03D: receive requestVote(ELECTION, ea4ad806-8ee9-4fb9-9dce-2788455564d3, group-C5AD75A7C03D, 1, (t:0, i:0))
2025-02-25 14:20:49,958 [grpc-default-executor-8] INFO  impl.VoteContext (VoteContext.java:log(49)) - 032c8b1c-a843-4a9d-a39a-9c5a3fe2fd36@group-C5AD75A7C03D-FOLLOWER: accept ELECTION from ea4ad806-8ee9-4fb9-9dce-2788455564d3: our priority 0 <= candidate's priority 1
2025-02-25 14:20:49,958 [grpc-default-executor-8] INFO  server.RaftServer$Division (RaftServerImpl.java:setRole(378)) - 032c8b1c-a843-4a9d-a39a-9c5a3fe2fd36@group-C5AD75A7C03D: changes role from  FOLLOWER to FOLLOWER at term 0 for candidate:ea4ad806-8ee9-4fb9-9dce-2788455564d3
2025-02-25 14:20:49,958 [grpc-default-executor-8] INFO  impl.RoleInfo (RoleInfo.java:shutdownFollowerState(121)) - 032c8b1c-a843-4a9d-a39a-9c5a3fe2fd36: shutdown 032c8b1c-a843-4a9d-a39a-9c5a3fe2fd36@group-C5AD75A7C03D-FollowerState
2025-02-25 14:20:49,958 [032c8b1c-a843-4a9d-a39a-9c5a3fe2fd36@group-C5AD75A7C03D-FollowerState] INFO  impl.FollowerState (FollowerState.java:runImpl(170)) - 032c8b1c-a843-4a9d-a39a-9c5a3fe2fd36@group-C5AD75A7C03D-FollowerState was interrupted
2025-02-25 14:20:49,958 [grpc-default-executor-3] INFO  server.RaftServer$Division (RaftServerImpl.java:requestVote(1441)) - eb7d9a89-7041-4665-a693-2d62dcb81886@group-C5AD75A7C03D replies to ELECTION vote request: ea4ad806-8ee9-4fb9-9dce-2788455564d3<-eb7d9a89-7041-4665-a693-2d62dcb81886#0:OK-t1. Peer's state: eb7d9a89-7041-4665-a693-2d62dcb81886@group-C5AD75A7C03D:t1, leader=null, voted=ea4ad806-8ee9-4fb9-9dce-2788455564d3, raftlog=Memoized:eb7d9a89-7041-4665-a693-2d62dcb81886@group-C5AD75A7C03D-SegmentedRaftLog:OPENED:c-1:lastnull, conf=conf: {index: -1, cur=peers:[ea4ad806-8ee9-4fb9-9dce-2788455564d3|127.0.0.1:15052, 032c8b1c-a843-4a9d-a39a-9c5a3fe2fd36|127.0.0.1:15043, eb7d9a89-7041-4665-a693-2d62dcb81886|127.0.0.1:15034]|listeners:[], old=null}
2025-02-25 14:20:49,959 [grpc-default-executor-8] INFO  impl.RoleInfo (RoleInfo.java:updateAndGet(148)) - 032c8b1c-a843-4a9d-a39a-9c5a3fe2fd36: start 032c8b1c-a843-4a9d-a39a-9c5a3fe2fd36@group-C5AD75A7C03D-FollowerState
2025-02-25 14:20:49,960 [ea4ad806-8ee9-4fb9-9dce-2788455564d3@group-C5AD75A7C03D-LeaderElection15] INFO  impl.LeaderElection (LeaderElection.java:logAndReturn(90)) - ea4ad806-8ee9-4fb9-9dce-2788455564d3@group-C5AD75A7C03D-LeaderElection15: ELECTION PASSED received 1 response(s) and 0 exception(s):
2025-02-25 14:20:49,960 [ea4ad806-8ee9-4fb9-9dce-2788455564d3@group-C5AD75A7C03D-LeaderElection15] INFO  impl.LeaderElection (LeaderElection.java:logAndReturn(94)) -   Response 0: ea4ad806-8ee9-4fb9-9dce-2788455564d3<-eb7d9a89-7041-4665-a693-2d62dcb81886#0:OK-t1
2025-02-25 14:20:49,960 [ea4ad806-8ee9-4fb9-9dce-2788455564d3@group-C5AD75A7C03D-LeaderElection15] INFO  impl.LeaderElection (LeaderElection.java:askForVotes(334)) - ea4ad806-8ee9-4fb9-9dce-2788455564d3@group-C5AD75A7C03D-LeaderElection15 ELECTION round 0: result PASSED
2025-02-25 14:20:49,960 [ea4ad806-8ee9-4fb9-9dce-2788455564d3@group-C5AD75A7C03D-LeaderElection15] INFO  impl.RoleInfo (RoleInfo.java:shutdownLeaderElection(141)) - ea4ad806-8ee9-4fb9-9dce-2788455564d3: shutdown ea4ad806-8ee9-4fb9-9dce-2788455564d3@group-C5AD75A7C03D-LeaderElection15
2025-02-25 14:20:49,960 [ea4ad806-8ee9-4fb9-9dce-2788455564d3@group-C5AD75A7C03D-LeaderElection15] INFO  server.RaftServer$Division (RaftServerImpl.java:setRole(378)) - ea4ad806-8ee9-4fb9-9dce-2788455564d3@group-C5AD75A7C03D: changes role from CANDIDATE to LEADER at term 1 for changeToLeader
2025-02-25 14:20:49,960 [ea4ad806-8ee9-4fb9-9dce-2788455564d3@group-C5AD75A7C03D-LeaderElection15] INFO  server.RaftServerConfigKeys (ConfUtils.java:logGet(46)) - raft.server.staging.catchup.gap = 1000 (default)
2025-02-25 14:20:49,961 [ea4ad806-8ee9-4fb9-9dce-2788455564d3@group-C5AD75A7C03D-LeaderElection15] INFO  server.RaftServerConfigKeys (ConfUtils.java:logGet(46)) - raft.server.write.element-limit = 1024 (custom)
2025-02-25 14:20:49,961 [ea4ad806-8ee9-4fb9-9dce-2788455564d3@group-C5AD75A7C03D-LeaderElection15] INFO  server.RaftServerConfigKeys (ConfUtils.java:logGet(46)) - raft.server.write.byte-limit = 1024 M (=1073741824) (custom)
2025-02-25 14:20:49,962 [ea4ad806-8ee9-4fb9-9dce-2788455564d3@group-C5AD75A7C03D-LeaderElection15] INFO  server.RaftServerConfigKeys (ConfUtils.java:logGet(46)) - raft.server.watch.timeout = 10000ms (default)
2025-02-25 14:20:49,962 [ea4ad806-8ee9-4fb9-9dce-2788455564d3@group-C5AD75A7C03D-LeaderElection15] INFO  server.RaftServerConfigKeys (ConfUtils.java:logGet(46)) - raft.server.watch.timeout.denomination = 1s (default)
2025-02-25 14:20:49,962 [ea4ad806-8ee9-4fb9-9dce-2788455564d3@group-C5AD75A7C03D-LeaderElection15] INFO  server.RaftServerConfigKeys (ConfUtils.java:logGet(46)) - raft.server.watch.element-limit = 65536 (default)
2025-02-25 14:20:49,962 [ea4ad806-8ee9-4fb9-9dce-2788455564d3@group-C5AD75A7C03D-LeaderElection15] INFO  server.RaftServerConfigKeys (ConfUtils.java:logGet(46)) - raft.server.read.leader.lease.enabled = false (default)
2025-02-25 14:20:49,962 [ea4ad806-8ee9-4fb9-9dce-2788455564d3@group-C5AD75A7C03D-LeaderElection15] INFO  server.RaftServerConfigKeys (ConfUtils.java:logGet(46)) - raft.server.read.leader.lease.timeout.ratio = 0.9 (default)
2025-02-25 14:20:49,962 [ea4ad806-8ee9-4fb9-9dce-2788455564d3@group-C5AD75A7C03D-LeaderElection15] INFO  server.RaftServerConfigKeys (ConfUtils.java:logGet(46)) - raft.server.rpc.timeout.min = 5s (custom)
2025-02-25 14:20:49,962 [ea4ad806-8ee9-4fb9-9dce-2788455564d3@group-C5AD75A7C03D-LeaderElection15] INFO  server.RaftServerConfigKeys (ConfUtils.java:logGet(46)) - raft.server.log.log-metadata.enabled = true (default)
2025-02-25 14:20:49,962 [ea4ad806-8ee9-4fb9-9dce-2788455564d3@group-C5AD75A7C03D-LeaderElection15] INFO  server.RaftServerConfigKeys (ConfUtils.java:logGet(46)) - raft.server.write.element-limit = 1024 (custom)
2025-02-25 14:20:49,962 [ea4ad806-8ee9-4fb9-9dce-2788455564d3@group-C5AD75A7C03D-LeaderElection15] INFO  server.RaftServerConfigKeys (ConfUtils.java:logGet(46)) - raft.server.write.follower.gap.ratio.max = -1.0 (default)
2025-02-25 14:20:49,963 [ea4ad806-8ee9-4fb9-9dce-2788455564d3@group-C5AD75A7C03D-LeaderElection15] INFO  server.RaftServerConfigKeys (ConfUtils.java:logGet(46)) - raft.server.log.appender.snapshot.chunk.size.max = 16MB (=16777216) (default)
2025-02-25 14:20:49,963 [ea4ad806-8ee9-4fb9-9dce-2788455564d3@group-C5AD75A7C03D-LeaderElection15] INFO  server.RaftServerConfigKeys (ConfUtils.java:logGet(46)) - raft.server.log.appender.buffer.byte-limit = 33554432 (custom)
2025-02-25 14:20:49,963 [ea4ad806-8ee9-4fb9-9dce-2788455564d3@group-C5AD75A7C03D-LeaderElection15] INFO  server.RaftServerConfigKeys (ConfUtils.java:logGet(46)) - raft.server.log.appender.buffer.element-limit = 1024 (custom)
2025-02-25 14:20:49,963 [ea4ad806-8ee9-4fb9-9dce-2788455564d3@group-C5AD75A7C03D-LeaderElection15] INFO  server.RaftServerConfigKeys (ConfUtils.java:logGet(46)) - raft.server.log.appender.wait-time.min = 0ms (custom)
2025-02-25 14:20:49,963 [ea4ad806-8ee9-4fb9-9dce-2788455564d3@group-C5AD75A7C03D-LeaderElection15] INFO  grpc.GrpcConfigKeys (ConfUtils.java:logGet(46)) - raft.grpc.server.leader.outstanding.appends.max = 8 (default)
2025-02-25 14:20:49,963 [ea4ad806-8ee9-4fb9-9dce-2788455564d3@group-C5AD75A7C03D-LeaderElection15] INFO  server.RaftServerConfigKeys (ConfUtils.java:logGet(46)) - raft.server.rpc.request.timeout = 3000ms (default)
2025-02-25 14:20:49,963 [ea4ad806-8ee9-4fb9-9dce-2788455564d3@group-C5AD75A7C03D-LeaderElection15] INFO  grpc.GrpcConfigKeys (ConfUtils.java:logGet(46)) - raft.grpc.server.install_snapshot.request.element-limit = 8 (default)
2025-02-25 14:20:49,963 [ea4ad806-8ee9-4fb9-9dce-2788455564d3@group-C5AD75A7C03D-LeaderElection15] INFO  grpc.GrpcConfigKeys (ConfUtils.java:logGet(46)) - raft.grpc.server.install_snapshot.request.timeout = 3000ms (default)
2025-02-25 14:20:49,963 [ea4ad806-8ee9-4fb9-9dce-2788455564d3@group-C5AD75A7C03D-LeaderElection15] INFO  grpc.GrpcConfigKeys (ConfUtils.java:logGet(46)) - raft.grpc.server.log-message.batch.duration = 5s (default)
2025-02-25 14:20:49,963 [ea4ad806-8ee9-4fb9-9dce-2788455564d3@group-C5AD75A7C03D-LeaderElection15] INFO  server.RaftServerConfigKeys (ConfUtils.java:logGet(46)) - raft.server.log.appender.install.snapshot.enabled = false (custom)
2025-02-25 14:20:49,964 [ea4ad806-8ee9-4fb9-9dce-2788455564d3@group-C5AD75A7C03D-LeaderElection15] INFO  grpc.GrpcConfigKeys (ConfUtils.java:logGet(46)) - raft.grpc.server.heartbeat.channel = true (default)
2025-02-25 14:20:49,965 [ea4ad806-8ee9-4fb9-9dce-2788455564d3@group-C5AD75A7C03D-LeaderElection15] INFO  server.RaftServerConfigKeys (ConfUtils.java:logGet(46)) - raft.server.log.appender.snapshot.chunk.size.max = 16MB (=16777216) (default)
2025-02-25 14:20:49,965 [ea4ad806-8ee9-4fb9-9dce-2788455564d3@group-C5AD75A7C03D-LeaderElection15] INFO  server.RaftServerConfigKeys (ConfUtils.java:logGet(46)) - raft.server.log.appender.buffer.byte-limit = 33554432 (custom)
2025-02-25 14:20:49,965 [grpc-default-executor-8] INFO  server.RaftServer$Division (RaftServerImpl.java:requestVote(1441)) - 032c8b1c-a843-4a9d-a39a-9c5a3fe2fd36@group-C5AD75A7C03D replies to ELECTION vote request: ea4ad806-8ee9-4fb9-9dce-2788455564d3<-032c8b1c-a843-4a9d-a39a-9c5a3fe2fd36#0:OK-t1. Peer's state: 032c8b1c-a843-4a9d-a39a-9c5a3fe2fd36@group-C5AD75A7C03D:t1, leader=null, voted=ea4ad806-8ee9-4fb9-9dce-2788455564d3, raftlog=Memoized:032c8b1c-a843-4a9d-a39a-9c5a3fe2fd36@group-C5AD75A7C03D-SegmentedRaftLog:OPENED:c-1:lastnull, conf=conf: {index: -1, cur=peers:[ea4ad806-8ee9-4fb9-9dce-2788455564d3|127.0.0.1:15052, 032c8b1c-a843-4a9d-a39a-9c5a3fe2fd36|127.0.0.1:15043, eb7d9a89-7041-4665-a693-2d62dcb81886|127.0.0.1:15034]|listeners:[], old=null}
2025-02-25 14:20:49,965 [ea4ad806-8ee9-4fb9-9dce-2788455564d3@group-C5AD75A7C03D-LeaderElection15] INFO  server.RaftServerConfigKeys (ConfUtils.java:logGet(46)) - raft.server.log.appender.buffer.element-limit = 1024 (custom)
2025-02-25 14:20:49,965 [ea4ad806-8ee9-4fb9-9dce-2788455564d3@group-C5AD75A7C03D-LeaderElection15] INFO  server.RaftServerConfigKeys (ConfUtils.java:logGet(46)) - raft.server.log.appender.wait-time.min = 0ms (custom)
2025-02-25 14:20:49,965 [ea4ad806-8ee9-4fb9-9dce-2788455564d3@group-C5AD75A7C03D-LeaderElection15] INFO  grpc.GrpcConfigKeys (ConfUtils.java:logGet(46)) - raft.grpc.server.leader.outstanding.appends.max = 8 (default)
2025-02-25 14:20:49,965 [ea4ad806-8ee9-4fb9-9dce-2788455564d3@group-C5AD75A7C03D-LeaderElection15] INFO  server.RaftServerConfigKeys (ConfUtils.java:logGet(46)) - raft.server.rpc.request.timeout = 3000ms (default)
2025-02-25 14:20:49,966 [ea4ad806-8ee9-4fb9-9dce-2788455564d3@group-C5AD75A7C03D-LeaderElection15] INFO  grpc.GrpcConfigKeys (ConfUtils.java:logGet(46)) - raft.grpc.server.install_snapshot.request.element-limit = 8 (default)
2025-02-25 14:20:49,966 [ea4ad806-8ee9-4fb9-9dce-2788455564d3@group-C5AD75A7C03D-LeaderElection15] INFO  grpc.GrpcConfigKeys (ConfUtils.java:logGet(46)) - raft.grpc.server.install_snapshot.request.timeout = 3000ms (default)
2025-02-25 14:20:49,966 [ea4ad806-8ee9-4fb9-9dce-2788455564d3@group-C5AD75A7C03D-LeaderElection15] INFO  grpc.GrpcConfigKeys (ConfUtils.java:logGet(46)) - raft.grpc.server.log-message.batch.duration = 5s (default)
2025-02-25 14:20:49,966 [ea4ad806-8ee9-4fb9-9dce-2788455564d3@group-C5AD75A7C03D-LeaderElection15] INFO  server.RaftServerConfigKeys (ConfUtils.java:logGet(46)) - raft.server.log.appender.install.snapshot.enabled = false (custom)
2025-02-25 14:20:49,966 [ea4ad806-8ee9-4fb9-9dce-2788455564d3@group-C5AD75A7C03D-LeaderElection15] INFO  grpc.GrpcConfigKeys (ConfUtils.java:logGet(46)) - raft.grpc.server.heartbeat.channel = true (default)
2025-02-25 14:20:49,966 [ea4ad806-8ee9-4fb9-9dce-2788455564d3@group-C5AD75A7C03D-LeaderElection15] INFO  impl.RoleInfo (RoleInfo.java:updateAndGet(148)) - ea4ad806-8ee9-4fb9-9dce-2788455564d3: start ea4ad806-8ee9-4fb9-9dce-2788455564d3@group-C5AD75A7C03D-LeaderStateImpl
2025-02-25 14:20:49,966 [ea4ad806-8ee9-4fb9-9dce-2788455564d3@group-C5AD75A7C03D-LeaderElection15] INFO  server.RaftServer$Division (RaftServerImpl.java:setFirstElection(562)) - ea4ad806-8ee9-4fb9-9dce-2788455564d3@group-C5AD75A7C03D: set firstElectionSinceStartup to false for becomeLeader
2025-02-25 14:20:49,966 [ea4ad806-8ee9-4fb9-9dce-2788455564d3@group-C5AD75A7C03D-LeaderElection15] INFO  ratis.XceiverServerRatis (XceiverServerRatis.java:handleLeaderChangedNotification(941)) - Leader change notification received for group: group-C5AD75A7C03D with new leaderId: ea4ad806-8ee9-4fb9-9dce-2788455564d3
2025-02-25 14:20:49,967 [ea4ad806-8ee9-4fb9-9dce-2788455564d3@group-C5AD75A7C03D-LeaderElection15] INFO  server.RaftServer$Division (ServerState.java:setLeader(272)) - ea4ad806-8ee9-4fb9-9dce-2788455564d3@group-C5AD75A7C03D: change Leader from null to ea4ad806-8ee9-4fb9-9dce-2788455564d3 at term 1 for becomeLeader, leader elected after 5210ms
2025-02-25 14:20:49,967 [ea4ad806-8ee9-4fb9-9dce-2788455564d3@group-C5AD75A7C03D-LeaderElection15] INFO  segmented.SegmentedRaftLogWorker (SegmentedRaftLogWorker.java:startLogSegment(438)) - ea4ad806-8ee9-4fb9-9dce-2788455564d3@group-C5AD75A7C03D-SegmentedRaftLogWorker: Starting segment from index:0
2025-02-25 14:20:49,967 [ea4ad806-8ee9-4fb9-9dce-2788455564d3@group-C5AD75A7C03D-LeaderElection15] INFO  server.RaftServer$Division (ServerState.java:setRaftConf(386)) - ea4ad806-8ee9-4fb9-9dce-2788455564d3@group-C5AD75A7C03D: set configuration conf: {index: 0, cur=peers:[ea4ad806-8ee9-4fb9-9dce-2788455564d3|127.0.0.1:15052, 032c8b1c-a843-4a9d-a39a-9c5a3fe2fd36|127.0.0.1:15043, eb7d9a89-7041-4665-a693-2d62dcb81886|127.0.0.1:15034]|listeners:[], old=null}
2025-02-25 14:20:49,968 [ea4ad806-8ee9-4fb9-9dce-2788455564d3@group-C5AD75A7C03D-SegmentedRaftLogWorker] INFO  segmented.BufferedWriteChannel (BufferedWriteChannel.java:open(61)) - open log_inprogress_0 at position 0
2025-02-25 14:20:49,975 [EventQueue-PipelineReportForPipelineReportHandler] INFO  pipeline.PipelineReportHandler (PipelineReportHandler.java:processPipelineReport(141)) - Opened pipeline PipelineID=2682c8c2-9826-4fde-88db-c5ad75a7c03d
2025-02-25 14:20:49,977 [032c8b1c-a843-4a9d-a39a-9c5a3fe2fd36-server-thread1] INFO  ratis.XceiverServerRatis (XceiverServerRatis.java:handleLeaderChangedNotification(941)) - Leader change notification received for group: group-C5AD75A7C03D with new leaderId: ea4ad806-8ee9-4fb9-9dce-2788455564d3
2025-02-25 14:20:49,977 [032c8b1c-a843-4a9d-a39a-9c5a3fe2fd36-server-thread1] INFO  server.RaftServer$Division (ServerState.java:setLeader(272)) - 032c8b1c-a843-4a9d-a39a-9c5a3fe2fd36@group-C5AD75A7C03D: change Leader from null to ea4ad806-8ee9-4fb9-9dce-2788455564d3 at term 1 for appendEntries, leader elected after 5263ms
2025-02-25 14:20:49,979 [eb7d9a89-7041-4665-a693-2d62dcb81886-server-thread1] INFO  ratis.XceiverServerRatis (XceiverServerRatis.java:handleLeaderChangedNotification(941)) - Leader change notification received for group: group-C5AD75A7C03D with new leaderId: ea4ad806-8ee9-4fb9-9dce-2788455564d3
2025-02-25 14:20:49,979 [eb7d9a89-7041-4665-a693-2d62dcb81886-server-thread1] INFO  server.RaftServer$Division (ServerState.java:setLeader(272)) - eb7d9a89-7041-4665-a693-2d62dcb81886@group-C5AD75A7C03D: change Leader from null to ea4ad806-8ee9-4fb9-9dce-2788455564d3 at term 1 for appendEntries, leader elected after 5182ms
2025-02-25 14:20:49,981 [032c8b1c-a843-4a9d-a39a-9c5a3fe2fd36-server-thread2] INFO  server.RaftServer$Division (ServerState.java:setRaftConf(386)) - 032c8b1c-a843-4a9d-a39a-9c5a3fe2fd36@group-C5AD75A7C03D: set configuration conf: {index: 0, cur=peers:[ea4ad806-8ee9-4fb9-9dce-2788455564d3|127.0.0.1:15052, 032c8b1c-a843-4a9d-a39a-9c5a3fe2fd36|127.0.0.1:15043, eb7d9a89-7041-4665-a693-2d62dcb81886|127.0.0.1:15034]|listeners:[], old=null}
2025-02-25 14:20:49,981 [032c8b1c-a843-4a9d-a39a-9c5a3fe2fd36-server-thread2] INFO  segmented.SegmentedRaftLogWorker (SegmentedRaftLogWorker.java:startLogSegment(438)) - 032c8b1c-a843-4a9d-a39a-9c5a3fe2fd36@group-C5AD75A7C03D-SegmentedRaftLogWorker: Starting segment from index:0
2025-02-25 14:20:49,982 [ea4ad806-8ee9-4fb9-9dce-2788455564d3@group-C5AD75A7C03D-SegmentedRaftLogWorker] INFO  segmented.SegmentedRaftLogWorker (SegmentedRaftLogWorker.java:execute(644)) - ea4ad806-8ee9-4fb9-9dce-2788455564d3@group-C5AD75A7C03D-SegmentedRaftLogWorker: created new log segment /home/runner/work/ozone/ozone/hadoop-ozone/integration-test/target/test-dir/MiniOzoneClusterImpl-b4714a4f-035e-4bbe-aae1-aaeac144a409/ozone-meta/datanode-5/ratis/2682c8c2-9826-4fde-88db-c5ad75a7c03d/current/log_inprogress_0
2025-02-25 14:20:49,982 [eb7d9a89-7041-4665-a693-2d62dcb81886-server-thread1] INFO  server.RaftServer$Division (ServerState.java:setRaftConf(386)) - eb7d9a89-7041-4665-a693-2d62dcb81886@group-C5AD75A7C03D: set configuration conf: {index: 0, cur=peers:[ea4ad806-8ee9-4fb9-9dce-2788455564d3|127.0.0.1:15052, 032c8b1c-a843-4a9d-a39a-9c5a3fe2fd36|127.0.0.1:15043, eb7d9a89-7041-4665-a693-2d62dcb81886|127.0.0.1:15034]|listeners:[], old=null}
2025-02-25 14:20:49,982 [eb7d9a89-7041-4665-a693-2d62dcb81886-server-thread1] INFO  segmented.SegmentedRaftLogWorker (SegmentedRaftLogWorker.java:startLogSegment(438)) - eb7d9a89-7041-4665-a693-2d62dcb81886@group-C5AD75A7C03D-SegmentedRaftLogWorker: Starting segment from index:0
2025-02-25 14:20:49,983 [032c8b1c-a843-4a9d-a39a-9c5a3fe2fd36@group-C5AD75A7C03D-SegmentedRaftLogWorker] INFO  segmented.BufferedWriteChannel (BufferedWriteChannel.java:open(61)) - open log_inprogress_0 at position 0
2025-02-25 14:20:49,984 [eb7d9a89-7041-4665-a693-2d62dcb81886@group-C5AD75A7C03D-SegmentedRaftLogWorker] INFO  segmented.BufferedWriteChannel (BufferedWriteChannel.java:open(61)) - open log_inprogress_0 at position 0
2025-02-25 14:20:49,995 [eb7d9a89-7041-4665-a693-2d62dcb81886@group-C5AD75A7C03D-SegmentedRaftLogWorker] INFO  segmented.SegmentedRaftLogWorker (SegmentedRaftLogWorker.java:execute(644)) - eb7d9a89-7041-4665-a693-2d62dcb81886@group-C5AD75A7C03D-SegmentedRaftLogWorker: created new log segment /home/runner/work/ozone/ozone/hadoop-ozone/integration-test/target/test-dir/MiniOzoneClusterImpl-b4714a4f-035e-4bbe-aae1-aaeac144a409/ozone-meta/datanode-3/ratis/2682c8c2-9826-4fde-88db-c5ad75a7c03d/current/log_inprogress_0
2025-02-25 14:20:49,996 [032c8b1c-a843-4a9d-a39a-9c5a3fe2fd36@group-C5AD75A7C03D-SegmentedRaftLogWorker] INFO  segmented.SegmentedRaftLogWorker (SegmentedRaftLogWorker.java:execute(644)) - 032c8b1c-a843-4a9d-a39a-9c5a3fe2fd36@group-C5AD75A7C03D-SegmentedRaftLogWorker: created new log segment /home/runner/work/ozone/ozone/hadoop-ozone/integration-test/target/test-dir/MiniOzoneClusterImpl-b4714a4f-035e-4bbe-aae1-aaeac144a409/ozone-meta/datanode-4/ratis/2682c8c2-9826-4fde-88db-c5ad75a7c03d/current/log_inprogress_0
2025-02-25 14:20:49,998 [ea4ad806-8ee9-4fb9-9dce-2788455564d3@group-C5AD75A7C03D-StateMachineUpdater] INFO  server.RaftServer$Division (LeaderStateImpl.java:checkStartIndex(313)) - Leader ea4ad806-8ee9-4fb9-9dce-2788455564d3@group-C5AD75A7C03D-LeaderStateImpl is ready since appliedIndex == startIndex == 0
2025-02-25 14:20:50,262 [6f339c6d-ba4b-40de-9593-05d751b3d64d@group-A5E6E23A4E36-FollowerState] INFO  impl.FollowerState (FollowerState.java:runImpl(161)) - 6f339c6d-ba4b-40de-9593-05d751b3d64d@group-A5E6E23A4E36-FollowerState: change to CANDIDATE, lastRpcElapsedTime:5154709259ns, electionTimeout:5154ms
2025-02-25 14:20:50,262 [6f339c6d-ba4b-40de-9593-05d751b3d64d@group-A5E6E23A4E36-FollowerState] INFO  impl.RoleInfo (RoleInfo.java:shutdownFollowerState(121)) - 6f339c6d-ba4b-40de-9593-05d751b3d64d: shutdown 6f339c6d-ba4b-40de-9593-05d751b3d64d@group-A5E6E23A4E36-FollowerState
2025-02-25 14:20:50,262 [6f339c6d-ba4b-40de-9593-05d751b3d64d@group-A5E6E23A4E36-FollowerState] INFO  server.RaftServer$Division (RaftServerImpl.java:setRole(378)) - 6f339c6d-ba4b-40de-9593-05d751b3d64d@group-A5E6E23A4E36: changes role from  FOLLOWER to CANDIDATE at term 0 for changeToCandidate
2025-02-25 14:20:50,263 [6f339c6d-ba4b-40de-9593-05d751b3d64d@group-A5E6E23A4E36-FollowerState] INFO  server.RaftServerConfigKeys (ConfUtils.java:logGet(46)) - raft.server.leaderelection.pre-vote = true (default)
2025-02-25 14:20:50,263 [6f339c6d-ba4b-40de-9593-05d751b3d64d@group-A5E6E23A4E36-FollowerState] INFO  impl.RoleInfo (RoleInfo.java:updateAndGet(148)) - 6f339c6d-ba4b-40de-9593-05d751b3d64d: start 6f339c6d-ba4b-40de-9593-05d751b3d64d@group-A5E6E23A4E36-LeaderElection16
2025-02-25 14:20:50,263 [6f339c6d-ba4b-40de-9593-05d751b3d64d@group-A5E6E23A4E36-LeaderElection16] INFO  impl.LeaderElection (LeaderElection.java:askForVotes(332)) - 6f339c6d-ba4b-40de-9593-05d751b3d64d@group-A5E6E23A4E36-LeaderElection16 PRE_VOTE round 0: submit vote requests at term 0 for conf: {index: -1, cur=peers:[6f339c6d-ba4b-40de-9593-05d751b3d64d|127.0.0.1:15016]|listeners:[], old=null}
2025-02-25 14:20:50,263 [6f339c6d-ba4b-40de-9593-05d751b3d64d@group-A5E6E23A4E36-LeaderElection16] INFO  impl.LeaderElection (LeaderElection.java:askForVotes(334)) - 6f339c6d-ba4b-40de-9593-05d751b3d64d@group-A5E6E23A4E36-LeaderElection16 PRE_VOTE round 0: result PASSED (term=0)
2025-02-25 14:20:50,265 [6f339c6d-ba4b-40de-9593-05d751b3d64d@group-A5E6E23A4E36-LeaderElection16] INFO  impl.LeaderElection (LeaderElection.java:askForVotes(332)) - 6f339c6d-ba4b-40de-9593-05d751b3d64d@group-A5E6E23A4E36-LeaderElection16 ELECTION round 0: submit vote requests at term 1 for conf: {index: -1, cur=peers:[6f339c6d-ba4b-40de-9593-05d751b3d64d|127.0.0.1:15016]|listeners:[], old=null}
2025-02-25 14:20:50,265 [6f339c6d-ba4b-40de-9593-05d751b3d64d@group-A5E6E23A4E36-LeaderElection16] INFO  impl.LeaderElection (LeaderElection.java:askForVotes(334)) - 6f339c6d-ba4b-40de-9593-05d751b3d64d@group-A5E6E23A4E36-LeaderElection16 ELECTION round 0: result PASSED (term=1)
2025-02-25 14:20:50,265 [6f339c6d-ba4b-40de-9593-05d751b3d64d@group-A5E6E23A4E36-LeaderElection16] INFO  impl.RoleInfo (RoleInfo.java:shutdownLeaderElection(141)) - 6f339c6d-ba4b-40de-9593-05d751b3d64d: shutdown 6f339c6d-ba4b-40de-9593-05d751b3d64d@group-A5E6E23A4E36-LeaderElection16
2025-02-25 14:20:50,265 [6f339c6d-ba4b-40de-9593-05d751b3d64d@group-A5E6E23A4E36-LeaderElection16] INFO  server.RaftServer$Division (RaftServerImpl.java:setRole(378)) - 6f339c6d-ba4b-40de-9593-05d751b3d64d@group-A5E6E23A4E36: changes role from CANDIDATE to LEADER at term 1 for changeToLeader
2025-02-25 14:20:50,265 [6f339c6d-ba4b-40de-9593-05d751b3d64d@group-A5E6E23A4E36-LeaderElection16] INFO  server.RaftServerConfigKeys (ConfUtils.java:logGet(46)) - raft.server.staging.catchup.gap = 1000 (default)
2025-02-25 14:20:50,265 [6f339c6d-ba4b-40de-9593-05d751b3d64d@group-A5E6E23A4E36-LeaderElection16] INFO  server.RaftServerConfigKeys (ConfUtils.java:logGet(46)) - raft.server.write.element-limit = 1024 (custom)
2025-02-25 14:20:50,266 [6f339c6d-ba4b-40de-9593-05d751b3d64d@group-A5E6E23A4E36-LeaderElection16] INFO  server.RaftServerConfigKeys (ConfUtils.java:logGet(46)) - raft.server.write.byte-limit = 1024 M (=1073741824) (custom)
2025-02-25 14:20:50,266 [6f339c6d-ba4b-40de-9593-05d751b3d64d@group-A5E6E23A4E36-LeaderElection16] INFO  server.RaftServerConfigKeys (ConfUtils.java:logGet(46)) - raft.server.watch.timeout = 10000ms (default)
2025-02-25 14:20:50,266 [6f339c6d-ba4b-40de-9593-05d751b3d64d@group-A5E6E23A4E36-LeaderElection16] INFO  server.RaftServerConfigKeys (ConfUtils.java:logGet(46)) - raft.server.watch.timeout.denomination = 1s (default)
2025-02-25 14:20:50,266 [6f339c6d-ba4b-40de-9593-05d751b3d64d@group-A5E6E23A4E36-LeaderElection16] INFO  server.RaftServerConfigKeys (ConfUtils.java:logGet(46)) - raft.server.watch.element-limit = 65536 (default)
2025-02-25 14:20:50,266 [6f339c6d-ba4b-40de-9593-05d751b3d64d@group-A5E6E23A4E36-LeaderElection16] INFO  server.RaftServerConfigKeys (ConfUtils.java:logGet(46)) - raft.server.read.leader.lease.enabled = false (default)
2025-02-25 14:20:50,266 [6f339c6d-ba4b-40de-9593-05d751b3d64d@group-A5E6E23A4E36-LeaderElection16] INFO  server.RaftServerConfigKeys (ConfUtils.java:logGet(46)) - raft.server.read.leader.lease.timeout.ratio = 0.9 (default)
2025-02-25 14:20:50,266 [6f339c6d-ba4b-40de-9593-05d751b3d64d@group-A5E6E23A4E36-LeaderElection16] INFO  server.RaftServerConfigKeys (ConfUtils.java:logGet(46)) - raft.server.rpc.timeout.min = 5s (custom)
2025-02-25 14:20:50,266 [6f339c6d-ba4b-40de-9593-05d751b3d64d@group-A5E6E23A4E36-LeaderElection16] INFO  server.RaftServerConfigKeys (ConfUtils.java:logGet(46)) - raft.server.log.log-metadata.enabled = true (default)
2025-02-25 14:20:50,266 [6f339c6d-ba4b-40de-9593-05d751b3d64d@group-A5E6E23A4E36-LeaderElection16] INFO  server.RaftServerConfigKeys (ConfUtils.java:logGet(46)) - raft.server.write.element-limit = 1024 (custom)
2025-02-25 14:20:50,267 [6f339c6d-ba4b-40de-9593-05d751b3d64d@group-A5E6E23A4E36-LeaderElection16] INFO  server.RaftServerConfigKeys (ConfUtils.java:logGet(46)) - raft.server.write.follower.gap.ratio.max = -1.0 (default)
2025-02-25 14:20:50,267 [6f339c6d-ba4b-40de-9593-05d751b3d64d@group-A5E6E23A4E36-LeaderElection16] INFO  impl.RoleInfo (RoleInfo.java:updateAndGet(148)) - 6f339c6d-ba4b-40de-9593-05d751b3d64d: start 6f339c6d-ba4b-40de-9593-05d751b3d64d@group-A5E6E23A4E36-LeaderStateImpl
2025-02-25 14:20:50,267 [6f339c6d-ba4b-40de-9593-05d751b3d64d@group-A5E6E23A4E36-LeaderElection16] INFO  server.RaftServer$Division (RaftServerImpl.java:setFirstElection(562)) - 6f339c6d-ba4b-40de-9593-05d751b3d64d@group-A5E6E23A4E36: set firstElectionSinceStartup to false for becomeLeader
2025-02-25 14:20:50,267 [6f339c6d-ba4b-40de-9593-05d751b3d64d@group-A5E6E23A4E36-LeaderElection16] INFO  ratis.XceiverServerRatis (XceiverServerRatis.java:handleLeaderChangedNotification(941)) - Leader change notification received for group: group-A5E6E23A4E36 with new leaderId: 6f339c6d-ba4b-40de-9593-05d751b3d64d
2025-02-25 14:20:50,267 [6f339c6d-ba4b-40de-9593-05d751b3d64d@group-A5E6E23A4E36-LeaderElection16] INFO  server.RaftServer$Division (ServerState.java:setLeader(272)) - 6f339c6d-ba4b-40de-9593-05d751b3d64d@group-A5E6E23A4E36: change Leader from null to 6f339c6d-ba4b-40de-9593-05d751b3d64d at term 1 for becomeLeader, leader elected after 5179ms
2025-02-25 14:20:50,267 [6f339c6d-ba4b-40de-9593-05d751b3d64d@group-A5E6E23A4E36-LeaderElection16] INFO  segmented.SegmentedRaftLogWorker (SegmentedRaftLogWorker.java:startLogSegment(438)) - 6f339c6d-ba4b-40de-9593-05d751b3d64d@group-A5E6E23A4E36-SegmentedRaftLogWorker: Starting segment from index:0
2025-02-25 14:20:50,267 [6f339c6d-ba4b-40de-9593-05d751b3d64d@group-A5E6E23A4E36-LeaderElection16] INFO  server.RaftServer$Division (ServerState.java:setRaftConf(386)) - 6f339c6d-ba4b-40de-9593-05d751b3d64d@group-A5E6E23A4E36: set configuration conf: {index: 0, cur=peers:[6f339c6d-ba4b-40de-9593-05d751b3d64d|127.0.0.1:15016]|listeners:[], old=null}
2025-02-25 14:20:50,268 [6f339c6d-ba4b-40de-9593-05d751b3d64d@group-A5E6E23A4E36-SegmentedRaftLogWorker] INFO  segmented.BufferedWriteChannel (BufferedWriteChannel.java:open(61)) - open log_inprogress_0 at position 0
2025-02-25 14:20:50,277 [6f339c6d-ba4b-40de-9593-05d751b3d64d@group-A5E6E23A4E36-SegmentedRaftLogWorker] INFO  segmented.SegmentedRaftLogWorker (SegmentedRaftLogWorker.java:execute(644)) - 6f339c6d-ba4b-40de-9593-05d751b3d64d@group-A5E6E23A4E36-SegmentedRaftLogWorker: created new log segment /home/runner/work/ozone/ozone/hadoop-ozone/integration-test/target/test-dir/MiniOzoneClusterImpl-b4714a4f-035e-4bbe-aae1-aaeac144a409/ozone-meta/datanode-1/ratis/a2a0039c-09ba-42fa-97a9-a5e6e23a4e36/current/log_inprogress_0
2025-02-25 14:20:50,279 [6f339c6d-ba4b-40de-9593-05d751b3d64d@group-A5E6E23A4E36-StateMachineUpdater] INFO  server.RaftServer$Division (LeaderStateImpl.java:checkStartIndex(313)) - Leader 6f339c6d-ba4b-40de-9593-05d751b3d64d@group-A5E6E23A4E36-LeaderStateImpl is ready since appliedIndex == startIndex == 0
2025-02-25 14:20:50,523 [ea4ad806-8ee9-4fb9-9dce-2788455564d3@group-48837ADF0AB3-FollowerState] INFO  impl.FollowerState (FollowerState.java:runImpl(161)) - ea4ad806-8ee9-4fb9-9dce-2788455564d3@group-48837ADF0AB3-FollowerState: change to CANDIDATE, lastRpcElapsedTime:5117661691ns, electionTimeout:5117ms
2025-02-25 14:20:50,523 [ea4ad806-8ee9-4fb9-9dce-2788455564d3@group-48837ADF0AB3-FollowerState] INFO  impl.RoleInfo (RoleInfo.java:shutdownFollowerState(121)) - ea4ad806-8ee9-4fb9-9dce-2788455564d3: shutdown ea4ad806-8ee9-4fb9-9dce-2788455564d3@group-48837ADF0AB3-FollowerState
2025-02-25 14:20:50,523 [ea4ad806-8ee9-4fb9-9dce-2788455564d3@group-48837ADF0AB3-FollowerState] INFO  server.RaftServer$Division (RaftServerImpl.java:setRole(378)) - ea4ad806-8ee9-4fb9-9dce-2788455564d3@group-48837ADF0AB3: changes role from  FOLLOWER to CANDIDATE at term 0 for changeToCandidate
2025-02-25 14:20:50,523 [ea4ad806-8ee9-4fb9-9dce-2788455564d3@group-48837ADF0AB3-FollowerState] INFO  server.RaftServerConfigKeys (ConfUtils.java:logGet(46)) - raft.server.leaderelection.pre-vote = true (default)
2025-02-25 14:20:50,523 [ea4ad806-8ee9-4fb9-9dce-2788455564d3@group-48837ADF0AB3-FollowerState] INFO  impl.RoleInfo (RoleInfo.java:updateAndGet(148)) - ea4ad806-8ee9-4fb9-9dce-2788455564d3: start ea4ad806-8ee9-4fb9-9dce-2788455564d3@group-48837ADF0AB3-LeaderElection17
2025-02-25 14:20:50,524 [ea4ad806-8ee9-4fb9-9dce-2788455564d3@group-48837ADF0AB3-LeaderElection17] INFO  impl.LeaderElection (LeaderElection.java:askForVotes(332)) - ea4ad806-8ee9-4fb9-9dce-2788455564d3@group-48837ADF0AB3-LeaderElection17 PRE_VOTE round 0: submit vote requests at term 0 for conf: {index: -1, cur=peers:[ea4ad806-8ee9-4fb9-9dce-2788455564d3|127.0.0.1:15052]|listeners:[], old=null}
2025-02-25 14:20:50,524 [ea4ad806-8ee9-4fb9-9dce-2788455564d3@group-48837ADF0AB3-LeaderElection17] INFO  impl.LeaderElection (LeaderElection.java:askForVotes(334)) - ea4ad806-8ee9-4fb9-9dce-2788455564d3@group-48837ADF0AB3-LeaderElection17 PRE_VOTE round 0: result PASSED (term=0)
2025-02-25 14:20:50,525 [ea4ad806-8ee9-4fb9-9dce-2788455564d3@group-48837ADF0AB3-LeaderElection17] INFO  impl.LeaderElection (LeaderElection.java:askForVotes(332)) - ea4ad806-8ee9-4fb9-9dce-2788455564d3@group-48837ADF0AB3-LeaderElection17 ELECTION round 0: submit vote requests at term 1 for conf: {index: -1, cur=peers:[ea4ad806-8ee9-4fb9-9dce-2788455564d3|127.0.0.1:15052]|listeners:[], old=null}
2025-02-25 14:20:50,525 [ea4ad806-8ee9-4fb9-9dce-2788455564d3@group-48837ADF0AB3-LeaderElection17] INFO  impl.LeaderElection (LeaderElection.java:askForVotes(334)) - ea4ad806-8ee9-4fb9-9dce-2788455564d3@group-48837ADF0AB3-LeaderElection17 ELECTION round 0: result PASSED (term=1)
2025-02-25 14:20:50,525 [ea4ad806-8ee9-4fb9-9dce-2788455564d3@group-48837ADF0AB3-LeaderElection17] INFO  impl.RoleInfo (RoleInfo.java:shutdownLeaderElection(141)) - ea4ad806-8ee9-4fb9-9dce-2788455564d3: shutdown ea4ad806-8ee9-4fb9-9dce-2788455564d3@group-48837ADF0AB3-LeaderElection17
2025-02-25 14:20:50,525 [ea4ad806-8ee9-4fb9-9dce-2788455564d3@group-48837ADF0AB3-LeaderElection17] INFO  server.RaftServer$Division (RaftServerImpl.java:setRole(378)) - ea4ad806-8ee9-4fb9-9dce-2788455564d3@group-48837ADF0AB3: changes role from CANDIDATE to LEADER at term 1 for changeToLeader
2025-02-25 14:20:50,525 [ea4ad806-8ee9-4fb9-9dce-2788455564d3@group-48837ADF0AB3-LeaderElection17] INFO  server.RaftServerConfigKeys (ConfUtils.java:logGet(46)) - raft.server.staging.catchup.gap = 1000 (default)
2025-02-25 14:20:50,525 [ea4ad806-8ee9-4fb9-9dce-2788455564d3@group-48837ADF0AB3-LeaderElection17] INFO  server.RaftServerConfigKeys (ConfUtils.java:logGet(46)) - raft.server.write.element-limit = 1024 (custom)
2025-02-25 14:20:50,526 [ea4ad806-8ee9-4fb9-9dce-2788455564d3@group-48837ADF0AB3-LeaderElection17] INFO  server.RaftServerConfigKeys (ConfUtils.java:logGet(46)) - raft.server.write.byte-limit = 1024 M (=1073741824) (custom)
2025-02-25 14:20:50,526 [ea4ad806-8ee9-4fb9-9dce-2788455564d3@group-48837ADF0AB3-LeaderElection17] INFO  server.RaftServerConfigKeys (ConfUtils.java:logGet(46)) - raft.server.watch.timeout = 10000ms (default)
2025-02-25 14:20:50,526 [ea4ad806-8ee9-4fb9-9dce-2788455564d3@group-48837ADF0AB3-LeaderElection17] INFO  server.RaftServerConfigKeys (ConfUtils.java:logGet(46)) - raft.server.watch.timeout.denomination = 1s (default)
2025-02-25 14:20:50,526 [ea4ad806-8ee9-4fb9-9dce-2788455564d3@group-48837ADF0AB3-LeaderElection17] INFO  server.RaftServerConfigKeys (ConfUtils.java:logGet(46)) - raft.server.watch.element-limit = 65536 (default)
2025-02-25 14:20:50,526 [ea4ad806-8ee9-4fb9-9dce-2788455564d3@group-48837ADF0AB3-LeaderElection17] INFO  server.RaftServerConfigKeys (ConfUtils.java:logGet(46)) - raft.server.read.leader.lease.enabled = false (default)
2025-02-25 14:20:50,526 [ea4ad806-8ee9-4fb9-9dce-2788455564d3@group-48837ADF0AB3-LeaderElection17] INFO  server.RaftServerConfigKeys (ConfUtils.java:logGet(46)) - raft.server.read.leader.lease.timeout.ratio = 0.9 (default)
2025-02-25 14:20:50,526 [ea4ad806-8ee9-4fb9-9dce-2788455564d3@group-48837ADF0AB3-LeaderElection17] INFO  server.RaftServerConfigKeys (ConfUtils.java:logGet(46)) - raft.server.rpc.timeout.min = 5s (custom)
2025-02-25 14:20:50,526 [ea4ad806-8ee9-4fb9-9dce-2788455564d3@group-48837ADF0AB3-LeaderElection17] INFO  server.RaftServerConfigKeys (ConfUtils.java:logGet(46)) - raft.server.log.log-metadata.enabled = true (default)
2025-02-25 14:20:50,526 [ea4ad806-8ee9-4fb9-9dce-2788455564d3@group-48837ADF0AB3-LeaderElection17] INFO  server.RaftServerConfigKeys (ConfUtils.java:logGet(46)) - raft.server.write.element-limit = 1024 (custom)
2025-02-25 14:20:50,527 [ea4ad806-8ee9-4fb9-9dce-2788455564d3@group-48837ADF0AB3-LeaderElection17] INFO  server.RaftServerConfigKeys (ConfUtils.java:logGet(46)) - raft.server.write.follower.gap.ratio.max = -1.0 (default)
2025-02-25 14:20:50,527 [ea4ad806-8ee9-4fb9-9dce-2788455564d3@group-48837ADF0AB3-LeaderElection17] INFO  impl.RoleInfo (RoleInfo.java:updateAndGet(148)) - ea4ad806-8ee9-4fb9-9dce-2788455564d3: start ea4ad806-8ee9-4fb9-9dce-2788455564d3@group-48837ADF0AB3-LeaderStateImpl
2025-02-25 14:20:50,527 [ea4ad806-8ee9-4fb9-9dce-2788455564d3@group-48837ADF0AB3-LeaderElection17] INFO  server.RaftServer$Division (RaftServerImpl.java:setFirstElection(562)) - ea4ad806-8ee9-4fb9-9dce-2788455564d3@group-48837ADF0AB3: set firstElectionSinceStartup to false for becomeLeader
2025-02-25 14:20:50,527 [ea4ad806-8ee9-4fb9-9dce-2788455564d3@group-48837ADF0AB3-LeaderElection17] INFO  ratis.XceiverServerRatis (XceiverServerRatis.java:handleLeaderChangedNotification(941)) - Leader change notification received for group: group-48837ADF0AB3 with new leaderId: ea4ad806-8ee9-4fb9-9dce-2788455564d3
2025-02-25 14:20:50,527 [ea4ad806-8ee9-4fb9-9dce-2788455564d3@group-48837ADF0AB3-LeaderElection17] INFO  server.RaftServer$Division (ServerState.java:setLeader(272)) - ea4ad806-8ee9-4fb9-9dce-2788455564d3@group-48837ADF0AB3: change Leader from null to ea4ad806-8ee9-4fb9-9dce-2788455564d3 at term 1 for becomeLeader, leader elected after 5142ms
2025-02-25 14:20:50,527 [ea4ad806-8ee9-4fb9-9dce-2788455564d3@group-48837ADF0AB3-LeaderElection17] INFO  segmented.SegmentedRaftLogWorker (SegmentedRaftLogWorker.java:startLogSegment(438)) - ea4ad806-8ee9-4fb9-9dce-2788455564d3@group-48837ADF0AB3-SegmentedRaftLogWorker: Starting segment from index:0
2025-02-25 14:20:50,527 [ea4ad806-8ee9-4fb9-9dce-2788455564d3@group-48837ADF0AB3-LeaderElection17] INFO  server.RaftServer$Division (ServerState.java:setRaftConf(386)) - ea4ad806-8ee9-4fb9-9dce-2788455564d3@group-48837ADF0AB3: set configuration conf: {index: 0, cur=peers:[ea4ad806-8ee9-4fb9-9dce-2788455564d3|127.0.0.1:15052]|listeners:[], old=null}
2025-02-25 14:20:50,528 [ea4ad806-8ee9-4fb9-9dce-2788455564d3@group-48837ADF0AB3-SegmentedRaftLogWorker] INFO  segmented.BufferedWriteChannel (BufferedWriteChannel.java:open(61)) - open log_inprogress_0 at position 0
2025-02-25 14:20:50,537 [ea4ad806-8ee9-4fb9-9dce-2788455564d3@group-48837ADF0AB3-SegmentedRaftLogWorker] INFO  segmented.SegmentedRaftLogWorker (SegmentedRaftLogWorker.java:execute(644)) - ea4ad806-8ee9-4fb9-9dce-2788455564d3@group-48837ADF0AB3-SegmentedRaftLogWorker: created new log segment /home/runner/work/ozone/ozone/hadoop-ozone/integration-test/target/test-dir/MiniOzoneClusterImpl-b4714a4f-035e-4bbe-aae1-aaeac144a409/ozone-meta/datanode-5/ratis/f17a7a61-75da-4801-9080-48837adf0ab3/current/log_inprogress_0
2025-02-25 14:20:50,539 [ea4ad806-8ee9-4fb9-9dce-2788455564d3@group-48837ADF0AB3-StateMachineUpdater] INFO  server.RaftServer$Division (LeaderStateImpl.java:checkStartIndex(313)) - Leader ea4ad806-8ee9-4fb9-9dce-2788455564d3@group-48837ADF0AB3-LeaderStateImpl is ready since appliedIndex == startIndex == 0
2025-02-25 14:20:55,628 [timer6] ERROR impl.OrderedAsync (OrderedAsync.java:lambda$null$6(215)) -  client-10E0445BB839: Failed* RaftClientRequest:client-10E0445BB839->032c8b1c-a843-4a9d-a39a-9c5a3fe2fd36@group-741317190473, cid=412, seq=2*, RW, cmdType: WriteChunk
traceID: ""
containerID: 48
datanodeUuid: "032c8b1c-a843-4a9d-a39a-9c5a3fe2fd36"
writeChunk {
  blockID {
    containerID: 48
    localID: 114064965220237466
    blockCommitSequenceId: 0
  }
  chunkData {
    chunkName: "114064965220237466.data.0"
    offset: 0
    len: 0
    checksumData {
      type: CRC32
      bytesPerChecksum: 1048576
    }
  }
}
version: 3
, data.size=0
java.util.concurrent.CompletionException: org.apache.ratis.protocol.exceptions.TimeoutIOException: client-10E0445BB839->032c8b1c-a843-4a9d-a39a-9c5a3fe2fd36 request #412 timeout 3000ms
	at java.base/java.util.concurrent.CompletableFuture.encodeThrowable(CompletableFuture.java:332)
	at java.base/java.util.concurrent.CompletableFuture.completeThrowable(CompletableFuture.java:347)
	at java.base/java.util.concurrent.CompletableFuture$UniAccept.tryFire(CompletableFuture.java:708)
	at java.base/java.util.concurrent.CompletableFuture.postComplete(CompletableFuture.java:510)
	at java.base/java.util.concurrent.CompletableFuture.completeExceptionally(CompletableFuture.java:2194)
	at org.apache.ratis.grpc.client.GrpcClientProtocolClient$AsyncStreamObservers.lambda$timeoutCheck$5(GrpcClientProtocolClient.java:376)
	at java.base/java.util.Optional.ifPresent(Optional.java:178)
	at org.apache.ratis.grpc.client.GrpcClientProtocolClient$AsyncStreamObservers.handleReplyFuture(GrpcClientProtocolClient.java:381)
	at org.apache.ratis.grpc.client.GrpcClientProtocolClient$AsyncStreamObservers.timeoutCheck(GrpcClientProtocolClient.java:376)
	at org.apache.ratis.grpc.client.GrpcClientProtocolClient$AsyncStreamObservers.lambda$onNext$3(GrpcClientProtocolClient.java:369)
	at org.apache.ratis.util.TimeoutTimer.lambda$onTimeout$2(TimeoutTimer.java:101)
	at org.apache.ratis.util.LogUtils.runAndLog(LogUtils.java:38)
	at org.apache.ratis.util.LogUtils$1.run(LogUtils.java:78)
	at org.apache.ratis.util.TimeoutTimer$Task.run(TimeoutTimer.java:55)
	at java.base/java.util.TimerThread.mainLoop(Timer.java:566)
	at java.base/java.util.TimerThread.run(Timer.java:516)
Caused by: org.apache.ratis.protocol.exceptions.TimeoutIOException: client-10E0445BB839->032c8b1c-a843-4a9d-a39a-9c5a3fe2fd36 request #412 timeout 3000ms
	at org.apache.ratis.grpc.client.GrpcClientProtocolClient$AsyncStreamObservers.lambda$timeoutCheck$5(GrpcClientProtocolClient.java:377)
	... 10 more
2025-02-25 14:21:04,076 [timer0] ERROR impl.OrderedAsync (OrderedAsync.java:lambda$null$6(215)) -  client-10E0445BB839: Failed* RaftClientRequest:client-10E0445BB839->032c8b1c-a843-4a9d-a39a-9c5a3fe2fd36@group-741317190473, cid=412, seq=2*, RW, cmdType: WriteChunk
traceID: ""
containerID: 48
datanodeUuid: "032c8b1c-a843-4a9d-a39a-9c5a3fe2fd36"
writeChunk {
  blockID {
    containerID: 48
    localID: 114064965220237466
    blockCommitSequenceId: 0
  }
  chunkData {
    chunkName: "114064965220237466.data.0"
    offset: 0
    len: 0
    checksumData {
      type: CRC32
      bytesPerChecksum: 1048576
    }
  }
}
version: 3
, data.size=0
java.util.concurrent.CompletionException: org.apache.ratis.protocol.exceptions.TimeoutIOException: client-10E0445BB839->032c8b1c-a843-4a9d-a39a-9c5a3fe2fd36 request #412 timeout 3000ms
	at java.base/java.util.concurrent.CompletableFuture.encodeThrowable(CompletableFuture.java:332)
	at java.base/java.util.concurrent.CompletableFuture.completeThrowable(CompletableFuture.java:347)
	at java.base/java.util.concurrent.CompletableFuture$UniAccept.tryFire(CompletableFuture.java:708)
	at java.base/java.util.concurrent.CompletableFuture.postComplete(CompletableFuture.java:510)
	at java.base/java.util.concurrent.CompletableFuture.completeExceptionally(CompletableFuture.java:2194)
	at org.apache.ratis.grpc.client.GrpcClientProtocolClient$AsyncStreamObservers.lambda$timeoutCheck$5(GrpcClientProtocolClient.java:376)
	at java.base/java.util.Optional.ifPresent(Optional.java:178)
	at org.apache.ratis.grpc.client.GrpcClientProtocolClient$AsyncStreamObservers.handleReplyFuture(GrpcClientProtocolClient.java:381)
	at org.apache.ratis.grpc.client.GrpcClientProtocolClient$AsyncStreamObservers.timeoutCheck(GrpcClientProtocolClient.java:376)
	at org.apache.ratis.grpc.client.GrpcClientProtocolClient$AsyncStreamObservers.lambda$onNext$3(GrpcClientProtocolClient.java:369)
	at org.apache.ratis.util.TimeoutTimer.lambda$onTimeout$2(TimeoutTimer.java:101)
	at org.apache.ratis.util.LogUtils.runAndLog(LogUtils.java:38)
	at org.apache.ratis.util.LogUtils$1.run(LogUtils.java:78)
	at org.apache.ratis.util.TimeoutTimer$Task.run(TimeoutTimer.java:55)
	at java.base/java.util.TimerThread.mainLoop(Timer.java:566)
	at java.base/java.util.TimerThread.run(Timer.java:516)
Caused by: org.apache.ratis.protocol.exceptions.TimeoutIOException: client-10E0445BB839->032c8b1c-a843-4a9d-a39a-9c5a3fe2fd36 request #412 timeout 3000ms
	at org.apache.ratis.grpc.client.GrpcClientProtocolClient$AsyncStreamObservers.lambda$timeoutCheck$5(GrpcClientProtocolClient.java:377)
	... 10 more
2025-02-25 14:21:12,593 [om1-KeyDeletingService#0] INFO  utils.BackgroundService (AbstractKeyDeletingService.java:processKeyDeletes(114)) - Send 21 key(s) to SCM, first 10 keys: [BlockGroup[groupID='/dbb98957-932e-4d5a-ac75-c273f560d77f/bucket/key/-9223372036854571264', blockIDs=[conID: 7 locID: 115816896921600143 bcsId: 0 replicaIndex: null]], BlockGroup[groupID='/ekfsdyfxvd/1e225cf7-383a-4b36-80bd-6f87bb35edac/abc/def/mpu-key1/newKey-1/-9223372036854750464', blockIDs=[conID: 9 locID: 115816896921600011 bcsId: 0 replicaIndex: null]], BlockGroup[groupID='/ekfsdyfxvd/bc4c0900-d6c1-4e25-9df5-f6d4048b7af9/abc/def/mpu-key1//-9223372036854754560', blockIDs=[conID: 7 locID: 115816896921600009 bcsId: 0 replicaIndex: null]], BlockGroup[groupID='/gppuhinktr/thrqozfhfo/dir1/dir2/dir3/key-1/-9223372036854747904', blockIDs=[conID: 10 locID: 115816896921600012 bcsId: 0 replicaIndex: null]], BlockGroup[groupID='/volume06895/bucket64247/key37157/-9223372036854713088', blockIDs=[conID: 9 locID: 115816896921600033 bcsId: 0 replicaIndex: null]], BlockGroup[groupID='/volume81916/bucket14948/a10/-9223372036854694656', blockIDs=[conID: 10 locID: 115816896921600036 bcsId: 0 replicaIndex: null]], BlockGroup[groupID='/volume81916/bucket14948/a12/-9223372036854693120', blockIDs=[conID: 7 locID: 115816896921600037 bcsId: 0 replicaIndex: null]], BlockGroup[groupID='/volume81916/bucket14948/a13/-9223372036854692096', blockIDs=[conID: 10 locID: 115816896921600038 bcsId: 0 replicaIndex: null]], BlockGroup[groupID='/volume81916/bucket14948/a2/-9223372036854697728', blockIDs=[conID: 12 locID: 115816896921600034 bcsId: 0 replicaIndex: null]], BlockGroup[groupID='/volume81916/bucket14948/a32/-9223372036854690560', blockIDs=[conID: 12 locID: 115816896921600039 bcsId: 0 replicaIndex: null]]]
2025-02-25 14:21:12,617 [om1-DirectoryDeletingService#4] INFO  utils.BackgroundService (AbstractKeyDeletingService.java:optimizeDirDeletesAndSubmitRequest(411)) - Number of dirs deleted: 1, Number of sub-dir deleted: 2, Number of sub-files moved: 0 to DeletedTable, Number of sub-dirs moved 0 to DeletedDirectoryTable, iteration elapsed: 38ms,  totalRunCount: 4
2025-02-25 14:21:12,619 [om1-DirectoryDeletingService#1] INFO  utils.BackgroundService (AbstractKeyDeletingService.java:optimizeDirDeletesAndSubmitRequest(411)) - Number of dirs deleted: 1, Number of sub-dir deleted: 1, Number of sub-files moved: 3 to DeletedTable, Number of sub-dirs moved 0 to DeletedDirectoryTable, iteration elapsed: 37ms,  totalRunCount: 8
2025-02-25 14:21:12,619 [IPC Server handler 11 on default port 15001] INFO  ha.SequenceIdGenerator (SequenceIdGenerator.java:getNextId(143)) - Allocate a batch for delTxnId, change lastId from 0 to 1000.
2025-02-25 14:21:12,619 [om1-DirectoryDeletingService#2] INFO  utils.BackgroundService (AbstractKeyDeletingService.java:optimizeDirDeletesAndSubmitRequest(411)) - Number of dirs deleted: 1, Number of sub-dir deleted: 1, Number of sub-files moved: 0 to DeletedTable, Number of sub-dirs moved 0 to DeletedDirectoryTable, iteration elapsed: 40ms,  totalRunCount: 3
2025-02-25 14:21:12,620 [om1-DirectoryDeletingService#0] INFO  utils.BackgroundService (AbstractKeyDeletingService.java:optimizeDirDeletesAndSubmitRequest(411)) - Number of dirs deleted: 1, Number of sub-dir deleted: 0, Number of sub-files moved: 0 to DeletedTable, Number of sub-dirs moved 0 to DeletedDirectoryTable, iteration elapsed: 41ms,  totalRunCount: 1
2025-02-25 14:21:12,620 [om1-DirectoryDeletingService#6] INFO  utils.BackgroundService (AbstractKeyDeletingService.java:optimizeDirDeletesAndSubmitRequest(411)) - Number of dirs deleted: 1, Number of sub-dir deleted: 2, Number of sub-files moved: 0 to DeletedTable, Number of sub-dirs moved 0 to DeletedDirectoryTable, iteration elapsed: 41ms,  totalRunCount: 2
2025-02-25 14:21:12,621 [om1-DirectoryDeletingService#8] INFO  utils.BackgroundService (AbstractKeyDeletingService.java:optimizeDirDeletesAndSubmitRequest(411)) - Number of dirs deleted: 1, Number of sub-dir deleted: 1, Number of sub-files moved: 2 to DeletedTable, Number of sub-dirs moved 0 to DeletedDirectoryTable, iteration elapsed: 40ms,  totalRunCount: 6
2025-02-25 14:21:12,621 [om1-DirectoryDeletingService#9] INFO  utils.BackgroundService (AbstractKeyDeletingService.java:optimizeDirDeletesAndSubmitRequest(411)) - Number of dirs deleted: 1, Number of sub-dir deleted: 1, Number of sub-files moved: 2 to DeletedTable, Number of sub-dirs moved 0 to DeletedDirectoryTable, iteration elapsed: 39ms,  totalRunCount: 7
2025-02-25 14:21:12,636 [om1-DirectoryDeletingService#7] INFO  utils.BackgroundService (AbstractKeyDeletingService.java:optimizeDirDeletesAndSubmitRequest(411)) - Number of dirs deleted: 1, Number of sub-dir deleted: 11, Number of sub-files moved: 9 to DeletedTable, Number of sub-dirs moved 0 to DeletedDirectoryTable, iteration elapsed: 56ms,  totalRunCount: 5
2025-02-25 14:21:12,647 [om1-KeyDeletingService#0] INFO  utils.BackgroundService (AbstractKeyDeletingService.java:processKeyDeletes(119)) - 21 BlockGroup deletion are acked by SCM in 54 ms
2025-02-25 14:21:12,701 [om1-KeyDeletingService#0] INFO  utils.BackgroundService (AbstractKeyDeletingService.java:processKeyDeletes(127)) - Blocks for 21 (out of 21) keys are deleted from DB in 54 ms. Limit per task is 20001.
2025-02-25 14:21:15,289 [6f339c6d-ba4b-40de-9593-05d751b3d64d-BlockDeletingService#0] INFO  interfaces.ContainerDeletionChoosingPolicyTemplate (ContainerDeletionChoosingPolicyTemplate.java:chooseContainerForBlockDeletion(83)) - Chosen 0/1 blocks from 0 candidate containers.
2025-02-25 14:21:15,429 [f0de3bb0-eb83-4e2a-a791-08d5bd07359b-BlockDeletingService#0] INFO  interfaces.ContainerDeletionChoosingPolicyTemplate (ContainerDeletionChoosingPolicyTemplate.java:chooseContainerForBlockDeletion(83)) - Chosen 0/5000 blocks from 0 candidate containers.
2025-02-25 14:21:15,652 [eb7d9a89-7041-4665-a693-2d62dcb81886-BlockDeletingService#0] INFO  interfaces.ContainerDeletionChoosingPolicyTemplate (ContainerDeletionChoosingPolicyTemplate.java:chooseContainerForBlockDeletion(83)) - Chosen 0/5000 blocks from 0 candidate containers.
2025-02-25 14:21:15,870 [032c8b1c-a843-4a9d-a39a-9c5a3fe2fd36-BlockDeletingService#0] INFO  interfaces.ContainerDeletionChoosingPolicyTemplate (ContainerDeletionChoosingPolicyTemplate.java:chooseContainerForBlockDeletion(83)) - Chosen 0/5000 blocks from 0 candidate containers.
2025-02-25 14:21:16,085 [ea4ad806-8ee9-4fb9-9dce-2788455564d3-BlockDeletingService#0] INFO  interfaces.ContainerDeletionChoosingPolicyTemplate (ContainerDeletionChoosingPolicyTemplate.java:chooseContainerForBlockDeletion(83)) - Chosen 0/5000 blocks from 0 candidate containers.
2025-02-25 14:21:20,640 [timer4] ERROR impl.OrderedAsync (OrderedAsync.java:lambda$null$6(215)) -  client-10E0445BB839: Failed* RaftClientRequest:client-10E0445BB839->032c8b1c-a843-4a9d-a39a-9c5a3fe2fd36@group-741317190473, cid=412, seq=2*, RW, cmdType: WriteChunk
traceID: ""
containerID: 48
datanodeUuid: "032c8b1c-a843-4a9d-a39a-9c5a3fe2fd36"
writeChunk {
  blockID {
    containerID: 48
    localID: 114064965220237466
    blockCommitSequenceId: 0
  }
  chunkData {
    chunkName: "114064965220237466.data.0"
    offset: 0
    len: 0
    checksumData {
      type: CRC32
      bytesPerChecksum: 1048576
    }
  }
}
version: 3
, data.size=0
java.util.concurrent.CompletionException: org.apache.ratis.protocol.exceptions.TimeoutIOException: client-10E0445BB839->032c8b1c-a843-4a9d-a39a-9c5a3fe2fd36 request #412 timeout 3000ms
	at java.base/java.util.concurrent.CompletableFuture.encodeThrowable(CompletableFuture.java:332)
	at java.base/java.util.concurrent.CompletableFuture.completeThrowable(CompletableFuture.java:347)
	at java.base/java.util.concurrent.CompletableFuture$UniAccept.tryFire(CompletableFuture.java:708)
	at java.base/java.util.concurrent.CompletableFuture.postComplete(CompletableFuture.java:510)
	at java.base/java.util.concurrent.CompletableFuture.completeExceptionally(CompletableFuture.java:2194)
	at org.apache.ratis.grpc.client.GrpcClientProtocolClient$AsyncStreamObservers.lambda$timeoutCheck$5(GrpcClientProtocolClient.java:376)
	at java.base/java.util.Optional.ifPresent(Optional.java:178)
	at org.apache.ratis.grpc.client.GrpcClientProtocolClient$AsyncStreamObservers.handleReplyFuture(GrpcClientProtocolClient.java:381)
	at org.apache.ratis.grpc.client.GrpcClientProtocolClient$AsyncStreamObservers.timeoutCheck(GrpcClientProtocolClient.java:376)
	at org.apache.ratis.grpc.client.GrpcClientProtocolClient$AsyncStreamObservers.lambda$onNext$3(GrpcClientProtocolClient.java:369)
	at org.apache.ratis.util.TimeoutTimer.lambda$onTimeout$2(TimeoutTimer.java:101)
	at org.apache.ratis.util.LogUtils.runAndLog(LogUtils.java:38)
	at org.apache.ratis.util.LogUtils$1.run(LogUtils.java:78)
	at org.apache.ratis.util.TimeoutTimer$Task.run(TimeoutTimer.java:55)
	at java.base/java.util.TimerThread.mainLoop(Timer.java:566)
	at java.base/java.util.TimerThread.run(Timer.java:516)
Caused by: org.apache.ratis.protocol.exceptions.TimeoutIOException: client-10E0445BB839->032c8b1c-a843-4a9d-a39a-9c5a3fe2fd36 request #412 timeout 3000ms
	at org.apache.ratis.grpc.client.GrpcClientProtocolClient$AsyncStreamObservers.lambda$timeoutCheck$5(GrpcClientProtocolClient.java:377)
	... 10 more
2025-02-25 14:22:00,768 [timer4] ERROR impl.OrderedAsync (OrderedAsync.java:lambda$null$6(215)) -  client-10E0445BB839: Failed* RaftClientRequest:client-10E0445BB839->032c8b1c-a843-4a9d-a39a-9c5a3fe2fd36@group-741317190473, cid=412, seq=2*, RW, cmdType: WriteChunk
traceID: ""
containerID: 48
datanodeUuid: "032c8b1c-a843-4a9d-a39a-9c5a3fe2fd36"
writeChunk {
  blockID {
    containerID: 48
    localID: 114064965220237466
    blockCommitSequenceId: 0
  }
  chunkData {
    chunkName: "114064965220237466.data.0"
    offset: 0
    len: 0
    checksumData {
      type: CRC32
      bytesPerChecksum: 1048576
    }
  }
}
version: 3
, data.size=0
java.util.concurrent.CompletionException: org.apache.ratis.protocol.exceptions.TimeoutIOException: client-10E0445BB839->032c8b1c-a843-4a9d-a39a-9c5a3fe2fd36 request #412 timeout 3000ms
	at java.base/java.util.concurrent.CompletableFuture.encodeThrowable(CompletableFuture.java:332)
	at java.base/java.util.concurrent.CompletableFuture.completeThrowable(CompletableFuture.java:347)
	at java.base/java.util.concurrent.CompletableFuture$UniAccept.tryFire(CompletableFuture.java:708)
	at java.base/java.util.concurrent.CompletableFuture.postComplete(CompletableFuture.java:510)
	at java.base/java.util.concurrent.CompletableFuture.completeExceptionally(CompletableFuture.java:2194)
	at org.apache.ratis.grpc.client.GrpcClientProtocolClient$AsyncStreamObservers.lambda$timeoutCheck$5(GrpcClientProtocolClient.java:376)
	at java.base/java.util.Optional.ifPresent(Optional.java:178)
	at org.apache.ratis.grpc.client.GrpcClientProtocolClient$AsyncStreamObservers.handleReplyFuture(GrpcClientProtocolClient.java:381)
	at org.apache.ratis.grpc.client.GrpcClientProtocolClient$AsyncStreamObservers.timeoutCheck(GrpcClientProtocolClient.java:376)
	at org.apache.ratis.grpc.client.GrpcClientProtocolClient$AsyncStreamObservers.lambda$onNext$3(GrpcClientProtocolClient.java:369)
	at org.apache.ratis.util.TimeoutTimer.lambda$onTimeout$2(TimeoutTimer.java:101)
	at org.apache.ratis.util.LogUtils.runAndLog(LogUtils.java:38)
	at org.apache.ratis.util.LogUtils$1.run(LogUtils.java:78)
	at org.apache.ratis.util.TimeoutTimer$Task.run(TimeoutTimer.java:55)
	at java.base/java.util.TimerThread.mainLoop(Timer.java:566)
	at java.base/java.util.TimerThread.run(Timer.java:516)
Caused by: org.apache.ratis.protocol.exceptions.TimeoutIOException: client-10E0445BB839->032c8b1c-a843-4a9d-a39a-9c5a3fe2fd36 request #412 timeout 3000ms
	at org.apache.ratis.grpc.client.GrpcClientProtocolClient$AsyncStreamObservers.lambda$timeoutCheck$5(GrpcClientProtocolClient.java:377)
	... 10 more
2025-02-25 14:22:12,580 [om1-KeyDeletingService#0] INFO  utils.BackgroundService (AbstractKeyDeletingService.java:processKeyDeletes(114)) - Send 16 key(s) to SCM, first 10 keys: [BlockGroup[groupID='/volume96003/bucket03682/a/b1/c1/c1.tx/-9223372036854736636', blockIDs=[conID: 10 locID: 115816896921600017 bcsId: 0 replicaIndex: null]], BlockGroup[groupID='/volume96003/bucket03682/a/b1/c2/c2.tx/-9223372036854735614', blockIDs=[conID: 7 locID: 115816896921600018 bcsId: 0 replicaIndex: null]], BlockGroup[groupID='/volume96003/bucket03682/a/b2/d1/d11.tx/-9223372036854734589', blockIDs=[conID: 10 locID: 115816896921600019 bcsId: 0 replicaIndex: null]], BlockGroup[groupID='/volume96003/bucket03682/a/b2/d2/d21.tx/-9223372036854733566', blockIDs=[conID: 7 locID: 115816896921600020 bcsId: 0 replicaIndex: null]], BlockGroup[groupID='/volume96003/bucket03682/a/b2/d2/d22.tx/-9223372036854732543', blockIDs=[conID: 12 locID: 115816896921600021 bcsId: 0 replicaIndex: null]], BlockGroup[groupID='/volume96003/bucket03682/a/b2/d3/d31.tx/-9223372036854731518', blockIDs=[conID: 9 locID: 115816896921600022 bcsId: 0 replicaIndex: null]], BlockGroup[groupID='/volume96003/bucket03682/a/b3/e1/e11.tx/-9223372036854730493', blockIDs=[conID: 12 locID: 115816896921600023 bcsId: 0 replicaIndex: null]], BlockGroup[groupID='/volume96003/bucket03682/a/b3/e2/e21.tx/-9223372036854729470', blockIDs=[conID: 10 locID: 115816896921600024 bcsId: 0 replicaIndex: null]], BlockGroup[groupID='/volume96003/bucket03682/a/b3/e3/e31.tx/-9223372036854728446', blockIDs=[conID: 7 locID: 115816896921600025 bcsId: 0 replicaIndex: null]], BlockGroup[groupID='/volume96003/bucket03682/dir1/dir2/file1/-9223372036854719741', blockIDs=[conID: 14 locID: 115816896921600030 bcsId: 0 replicaIndex: null]]]
2025-02-25 14:22:12,588 [om1-KeyDeletingService#0] INFO  utils.BackgroundService (AbstractKeyDeletingService.java:processKeyDeletes(119)) - 16 BlockGroup deletion are acked by SCM in 8 ms
2025-02-25 14:22:12,590 [om1-KeyDeletingService#0] INFO  utils.BackgroundService (AbstractKeyDeletingService.java:processKeyDeletes(127)) - Blocks for 16 (out of 16) keys are deleted from DB in 2 ms. Limit per task is 20001.
2025-02-25 14:22:15,289 [6f339c6d-ba4b-40de-9593-05d751b3d64d-BlockDeletingService#1] INFO  interfaces.ContainerDeletionChoosingPolicyTemplate (ContainerDeletionChoosingPolicyTemplate.java:chooseContainerForBlockDeletion(83)) - Chosen 0/1 blocks from 0 candidate containers.
2025-02-25 14:22:15,430 [f0de3bb0-eb83-4e2a-a791-08d5bd07359b-BlockDeletingService#1] INFO  interfaces.ContainerDeletionChoosingPolicyTemplate (ContainerDeletionChoosingPolicyTemplate.java:chooseContainerForBlockDeletion(83)) - Chosen 0/5000 blocks from 0 candidate containers.
2025-02-25 14:22:15,652 [eb7d9a89-7041-4665-a693-2d62dcb81886-BlockDeletingService#1] INFO  interfaces.ContainerDeletionChoosingPolicyTemplate (ContainerDeletionChoosingPolicyTemplate.java:chooseContainerForBlockDeletion(83)) - Chosen 0/5000 blocks from 0 candidate containers.
2025-02-25 14:22:15,870 [032c8b1c-a843-4a9d-a39a-9c5a3fe2fd36-BlockDeletingService#1] INFO  interfaces.ContainerDeletionChoosingPolicyTemplate (ContainerDeletionChoosingPolicyTemplate.java:chooseContainerForBlockDeletion(83)) - Chosen 0/5000 blocks from 0 candidate containers.
2025-02-25 14:22:16,085 [ea4ad806-8ee9-4fb9-9dce-2788455564d3-BlockDeletingService#1] INFO  interfaces.ContainerDeletionChoosingPolicyTemplate (ContainerDeletionChoosingPolicyTemplate.java:chooseContainerForBlockDeletion(83)) - Chosen 0/5000 blocks from 0 candidate containers.
2025-02-25 14:22:47,499 [timer2] ERROR impl.OrderedAsync (OrderedAsync.java:lambda$null$6(215)) -  client-10E0445BB839: Failed* RaftClientRequest:client-10E0445BB839->032c8b1c-a843-4a9d-a39a-9c5a3fe2fd36@group-741317190473, cid=412, seq=2*, RW, cmdType: WriteChunk
traceID: ""
containerID: 48
datanodeUuid: "032c8b1c-a843-4a9d-a39a-9c5a3fe2fd36"
writeChunk {
  blockID {
    containerID: 48
    localID: 114064965220237466
    blockCommitSequenceId: 0
  }
  chunkData {
    chunkName: "114064965220237466.data.0"
    offset: 0
    len: 0
    checksumData {
      type: CRC32
      bytesPerChecksum: 1048576
    }
  }
}
version: 3
, data.size=0
java.util.concurrent.CompletionException: org.apache.ratis.protocol.exceptions.TimeoutIOException: client-10E0445BB839->032c8b1c-a843-4a9d-a39a-9c5a3fe2fd36 request #412 timeout 3000ms
	at java.base/java.util.concurrent.CompletableFuture.encodeThrowable(CompletableFuture.java:332)
	at java.base/java.util.concurrent.CompletableFuture.completeThrowable(CompletableFuture.java:347)
	at java.base/java.util.concurrent.CompletableFuture$UniAccept.tryFire(CompletableFuture.java:708)
	at java.base/java.util.concurrent.CompletableFuture.postComplete(CompletableFuture.java:510)
	at java.base/java.util.concurrent.CompletableFuture.completeExceptionally(CompletableFuture.java:2194)
	at org.apache.ratis.grpc.client.GrpcClientProtocolClient$AsyncStreamObservers.lambda$timeoutCheck$5(GrpcClientProtocolClient.java:376)
	at java.base/java.util.Optional.ifPresent(Optional.java:178)
	at org.apache.ratis.grpc.client.GrpcClientProtocolClient$AsyncStreamObservers.handleReplyFuture(GrpcClientProtocolClient.java:381)
	at org.apache.ratis.grpc.client.GrpcClientProtocolClient$AsyncStreamObservers.timeoutCheck(GrpcClientProtocolClient.java:376)
	at org.apache.ratis.grpc.client.GrpcClientProtocolClient$AsyncStreamObservers.lambda$onNext$3(GrpcClientProtocolClient.java:369)
	at org.apache.ratis.util.TimeoutTimer.lambda$onTimeout$2(TimeoutTimer.java:101)
	at org.apache.ratis.util.LogUtils.runAndLog(LogUtils.java:38)
	at org.apache.ratis.util.LogUtils$1.run(LogUtils.java:78)
	at org.apache.ratis.util.TimeoutTimer$Task.run(TimeoutTimer.java:55)
	at java.base/java.util.TimerThread.mainLoop(Timer.java:566)
	at java.base/java.util.TimerThread.run(Timer.java:516)
Caused by: org.apache.ratis.protocol.exceptions.TimeoutIOException: client-10E0445BB839->032c8b1c-a843-4a9d-a39a-9c5a3fe2fd36 request #412 timeout 3000ms
	at org.apache.ratis.grpc.client.GrpcClientProtocolClient$AsyncStreamObservers.lambda$timeoutCheck$5(GrpcClientProtocolClient.java:377)
	... 10 more
2025-02-25 14:23:15,290 [6f339c6d-ba4b-40de-9593-05d751b3d64d-BlockDeletingService#2] INFO  interfaces.ContainerDeletionChoosingPolicyTemplate (ContainerDeletionChoosingPolicyTemplate.java:chooseContainerForBlockDeletion(83)) - Chosen 0/1 blocks from 0 candidate containers.
2025-02-25 14:23:15,430 [f0de3bb0-eb83-4e2a-a791-08d5bd07359b-BlockDeletingService#0] INFO  interfaces.ContainerDeletionChoosingPolicyTemplate (ContainerDeletionChoosingPolicyTemplate.java:chooseContainerForBlockDeletion(83)) - Chosen 0/5000 blocks from 0 candidate containers.
2025-02-25 14:23:15,653 [eb7d9a89-7041-4665-a693-2d62dcb81886-BlockDeletingService#0] INFO  interfaces.ContainerDeletionChoosingPolicyTemplate (ContainerDeletionChoosingPolicyTemplate.java:chooseContainerForBlockDeletion(83)) - Chosen 0/5000 blocks from 0 candidate containers.
2025-02-25 14:23:15,871 [032c8b1c-a843-4a9d-a39a-9c5a3fe2fd36-BlockDeletingService#0] INFO  interfaces.ContainerDeletionChoosingPolicyTemplate (ContainerDeletionChoosingPolicyTemplate.java:chooseContainerForBlockDeletion(83)) - Chosen 0/5000 blocks from 0 candidate containers.
2025-02-25 14:23:16,086 [ea4ad806-8ee9-4fb9-9dce-2788455564d3-BlockDeletingService#2] INFO  interfaces.ContainerDeletionChoosingPolicyTemplate (ContainerDeletionChoosingPolicyTemplate.java:chooseContainerForBlockDeletion(83)) - Chosen 0/5000 blocks from 0 candidate containers.
2025-02-25 14:23:48,020 [timer2] ERROR impl.OrderedAsync (OrderedAsync.java:lambda$null$6(215)) -  client-10E0445BB839: Failed* RaftClientRequest:client-10E0445BB839->032c8b1c-a843-4a9d-a39a-9c5a3fe2fd36@group-741317190473, cid=412, seq=2*, RW, cmdType: WriteChunk
traceID: ""
containerID: 48
datanodeUuid: "032c8b1c-a843-4a9d-a39a-9c5a3fe2fd36"
writeChunk {
  blockID {
    containerID: 48
    localID: 114064965220237466
    blockCommitSequenceId: 0
  }
  chunkData {
    chunkName: "114064965220237466.data.0"
    offset: 0
    len: 0
    checksumData {
      type: CRC32
      bytesPerChecksum: 1048576
    }
  }
}
version: 3
, data.size=0
java.util.concurrent.CompletionException: org.apache.ratis.protocol.exceptions.TimeoutIOException: client-10E0445BB839->032c8b1c-a843-4a9d-a39a-9c5a3fe2fd36 request #412 timeout 3000ms
	at java.base/java.util.concurrent.CompletableFuture.encodeThrowable(CompletableFuture.java:332)
	at java.base/java.util.concurrent.CompletableFuture.completeThrowable(CompletableFuture.java:347)
	at java.base/java.util.concurrent.CompletableFuture$UniAccept.tryFire(CompletableFuture.java:708)
	at java.base/java.util.concurrent.CompletableFuture.postComplete(CompletableFuture.java:510)
	at java.base/java.util.concurrent.CompletableFuture.completeExceptionally(CompletableFuture.java:2194)
	at org.apache.ratis.grpc.client.GrpcClientProtocolClient$AsyncStreamObservers.lambda$timeoutCheck$5(GrpcClientProtocolClient.java:376)
	at java.base/java.util.Optional.ifPresent(Optional.java:178)
	at org.apache.ratis.grpc.client.GrpcClientProtocolClient$AsyncStreamObservers.handleReplyFuture(GrpcClientProtocolClient.java:381)
	at org.apache.ratis.grpc.client.GrpcClientProtocolClient$AsyncStreamObservers.timeoutCheck(GrpcClientProtocolClient.java:376)
	at org.apache.ratis.grpc.client.GrpcClientProtocolClient$AsyncStreamObservers.lambda$onNext$3(GrpcClientProtocolClient.java:369)
	at org.apache.ratis.util.TimeoutTimer.lambda$onTimeout$2(TimeoutTimer.java:101)
	at org.apache.ratis.util.LogUtils.runAndLog(LogUtils.java:38)
	at org.apache.ratis.util.LogUtils$1.run(LogUtils.java:78)
	at org.apache.ratis.util.TimeoutTimer$Task.run(TimeoutTimer.java:55)
	at java.base/java.util.TimerThread.mainLoop(Timer.java:566)
	at java.base/java.util.TimerThread.run(Timer.java:516)
Caused by: org.apache.ratis.protocol.exceptions.TimeoutIOException: client-10E0445BB839->032c8b1c-a843-4a9d-a39a-9c5a3fe2fd36 request #412 timeout 3000ms
	at org.apache.ratis.grpc.client.GrpcClientProtocolClient$AsyncStreamObservers.lambda$timeoutCheck$5(GrpcClientProtocolClient.java:377)
	... 10 more
2025-02-25 14:24:15,290 [6f339c6d-ba4b-40de-9593-05d751b3d64d-BlockDeletingService#0] INFO  interfaces.ContainerDeletionChoosingPolicyTemplate (ContainerDeletionChoosingPolicyTemplate.java:chooseContainerForBlockDeletion(83)) - Chosen 0/1 blocks from 0 candidate containers.
2025-02-25 14:24:15,430 [f0de3bb0-eb83-4e2a-a791-08d5bd07359b-BlockDeletingService#2] INFO  interfaces.ContainerDeletionChoosingPolicyTemplate (ContainerDeletionChoosingPolicyTemplate.java:chooseContainerForBlockDeletion(83)) - Chosen 0/5000 blocks from 0 candidate containers.
2025-02-25 14:24:15,653 [eb7d9a89-7041-4665-a693-2d62dcb81886-BlockDeletingService#2] INFO  interfaces.ContainerDeletionChoosingPolicyTemplate (ContainerDeletionChoosingPolicyTemplate.java:chooseContainerForBlockDeletion(83)) - Chosen 0/5000 blocks from 0 candidate containers.
2025-02-25 14:24:15,871 [032c8b1c-a843-4a9d-a39a-9c5a3fe2fd36-BlockDeletingService#2] INFO  interfaces.ContainerDeletionChoosingPolicyTemplate (ContainerDeletionChoosingPolicyTemplate.java:chooseContainerForBlockDeletion(83)) - Chosen 0/5000 blocks from 0 candidate containers.
2025-02-25 14:24:16,086 [ea4ad806-8ee9-4fb9-9dce-2788455564d3-BlockDeletingService#0] INFO  interfaces.ContainerDeletionChoosingPolicyTemplate (ContainerDeletionChoosingPolicyTemplate.java:chooseContainerForBlockDeletion(83)) - Chosen 0/5000 blocks from 0 candidate containers.
2025-02-25 14:24:22,987 [timer2] ERROR impl.OrderedAsync (OrderedAsync.java:lambda$null$6(215)) -  client-10E0445BB839: Failed* RaftClientRequest:client-10E0445BB839->032c8b1c-a843-4a9d-a39a-9c5a3fe2fd36@group-741317190473, cid=412, seq=2*, RW, cmdType: WriteChunk
traceID: ""
containerID: 48
datanodeUuid: "032c8b1c-a843-4a9d-a39a-9c5a3fe2fd36"
writeChunk {
  blockID {
    containerID: 48
    localID: 114064965220237466
    blockCommitSequenceId: 0
  }
  chunkData {
    chunkName: "114064965220237466.data.0"
    offset: 0
    len: 0
    checksumData {
      type: CRC32
      bytesPerChecksum: 1048576
    }
  }
}
version: 3
, data.size=0
java.util.concurrent.CompletionException: org.apache.ratis.protocol.exceptions.TimeoutIOException: client-10E0445BB839->032c8b1c-a843-4a9d-a39a-9c5a3fe2fd36 request #412 timeout 3000ms
	at java.base/java.util.concurrent.CompletableFuture.encodeThrowable(CompletableFuture.java:332)
	at java.base/java.util.concurrent.CompletableFuture.completeThrowable(CompletableFuture.java:347)
	at java.base/java.util.concurrent.CompletableFuture$UniAccept.tryFire(CompletableFuture.java:708)
	at java.base/java.util.concurrent.CompletableFuture.postComplete(CompletableFuture.java:510)
	at java.base/java.util.concurrent.CompletableFuture.completeExceptionally(CompletableFuture.java:2194)
	at org.apache.ratis.grpc.client.GrpcClientProtocolClient$AsyncStreamObservers.lambda$timeoutCheck$5(GrpcClientProtocolClient.java:376)
	at java.base/java.util.Optional.ifPresent(Optional.java:178)
	at org.apache.ratis.grpc.client.GrpcClientProtocolClient$AsyncStreamObservers.handleReplyFuture(GrpcClientProtocolClient.java:381)
	at org.apache.ratis.grpc.client.GrpcClientProtocolClient$AsyncStreamObservers.timeoutCheck(GrpcClientProtocolClient.java:376)
	at org.apache.ratis.grpc.client.GrpcClientProtocolClient$AsyncStreamObservers.lambda$onNext$3(GrpcClientProtocolClient.java:369)
	at org.apache.ratis.util.TimeoutTimer.lambda$onTimeout$2(TimeoutTimer.java:101)
	at org.apache.ratis.util.LogUtils.runAndLog(LogUtils.java:38)
	at org.apache.ratis.util.LogUtils$1.run(LogUtils.java:78)
	at org.apache.ratis.util.TimeoutTimer$Task.run(TimeoutTimer.java:55)
	at java.base/java.util.TimerThread.mainLoop(Timer.java:566)
	at java.base/java.util.TimerThread.run(Timer.java:516)
Caused by: org.apache.ratis.protocol.exceptions.TimeoutIOException: client-10E0445BB839->032c8b1c-a843-4a9d-a39a-9c5a3fe2fd36 request #412 timeout 3000ms
	at org.apache.ratis.grpc.client.GrpcClientProtocolClient$AsyncStreamObservers.lambda$timeoutCheck$5(GrpcClientProtocolClient.java:377)
	... 10 more
2025-02-25 14:25:03,491 [BackgroundPipelineScrubber] INFO  pipeline.PipelineManagerImpl (PipelineManagerImpl.java:scrubPipelines(611)) - Scrubbing pipeline: id: PipelineID=f7eed6b2-3a03-471e-8211-a050b95b3b09 since it stays at CLOSED stage.
2025-02-25 14:25:03,491 [BackgroundPipelineScrubber] INFO  pipeline.RatisPipelineProvider (RatisPipelineProvider.java:lambda$close$4(268)) - Send pipeline:PipelineID=f7eed6b2-3a03-471e-8211-a050b95b3b09 close command to datanode 6f339c6d-ba4b-40de-9593-05d751b3d64d
2025-02-25 14:25:03,494 [BackgroundPipelineScrubber] INFO  pipeline.PipelineManagerImpl (PipelineManagerImpl.java:removePipeline(457)) - Pipeline Pipeline[ Id: f7eed6b2-3a03-471e-8211-a050b95b3b09, Nodes: 6f339c6d-ba4b-40de-9593-05d751b3d64d(localhost/127.0.0.1) ReplicaIndex: 0, ReplicationConfig: RATIS/ONE, State:CLOSED, leaderId:6f339c6d-ba4b-40de-9593-05d751b3d64d, CreationTimestamp2025-02-25T14:20:17.211Z[Etc/UTC]] removed.
2025-02-25 14:25:03,572 [ReplicationMonitor] INFO  health.QuasiClosedContainerHandler (QuasiClosedContainerHandler.java:forceCloseContainer(151)) - Force closing container #3 with BCSID 2, which is in QUASI_CLOSED state.
2025-02-25 14:25:03,573 [ReplicationMonitor] INFO  replication.ReplicationManager (ReplicationManager.java:sendDatanodeCommand(657)) - Sending command [closeContainerCommand: cmdID: 3, encodedToken: "", term: 0, deadlineMsSinceEpoch: 0, containerID: 3, pipelineID: PipelineID=9e4d6cda-3d88-45cf-914d-b51af48de2fb, force: true] for container ContainerInfo{id=#3, state=QUASI_CLOSED, stateEnterTime=2025-02-25T14:20:43.382025311Z, pipelineID=PipelineID=9e4d6cda-3d88-45cf-914d-b51af48de2fb, owner=omServiceIdDefault} to ea4ad806-8ee9-4fb9-9dce-2788455564d3(localhost/127.0.0.1) with datanode deadline 1740493863573 and scm deadline 1740494223573
2025-02-25 14:25:03,579 [ReplicationMonitor] INFO  health.QuasiClosedContainerHandler (QuasiClosedContainerHandler.java:forceCloseContainer(151)) - Force closing container #5 with BCSID 5, which is in QUASI_CLOSED state.
2025-02-25 14:25:03,579 [ReplicationMonitor] INFO  replication.ReplicationManager (ReplicationManager.java:sendDatanodeCommand(657)) - Sending command [closeContainerCommand: cmdID: 5, encodedToken: "", term: 0, deadlineMsSinceEpoch: 0, containerID: 5, pipelineID: PipelineID=9e4d6cda-3d88-45cf-914d-b51af48de2fb, force: true] for container ContainerInfo{id=#5, state=QUASI_CLOSED, stateEnterTime=2025-02-25T14:20:43.386044378Z, pipelineID=PipelineID=9e4d6cda-3d88-45cf-914d-b51af48de2fb, owner=omServiceIdDefault} to ea4ad806-8ee9-4fb9-9dce-2788455564d3(localhost/127.0.0.1) with datanode deadline 1740493863579 and scm deadline 1740494223579
2025-02-25 14:25:03,580 [ReplicationMonitor] INFO  replication.ReplicationManager (ReplicationManager.java:sendDatanodeCommand(657)) - Sending command [closeContainerCommand: cmdID: 9, encodedToken: "", term: 0, deadlineMsSinceEpoch: 0, containerID: 9, pipelineID: PipelineID=a36c54e7-a96d-45ce-84b4-0e31c5e74bb7, force: true] for container ContainerInfo{id=#9, state=CLOSED, stateEnterTime=2025-02-25T14:20:44.072813670Z, pipelineID=PipelineID=a36c54e7-a96d-45ce-84b4-0e31c5e74bb7, owner=omServiceIdDefault} to eb7d9a89-7041-4665-a693-2d62dcb81886(localhost/127.0.0.1) with datanode deadline 1740493863580 and scm deadline 1740494223580
2025-02-25 14:25:03,580 [ReplicationMonitor] INFO  replication.ReplicationManager (ReplicationManager.java:sendDatanodeCommand(657)) - Sending command [closeContainerCommand: cmdID: 9, encodedToken: "", term: 0, deadlineMsSinceEpoch: 0, containerID: 9, pipelineID: PipelineID=a36c54e7-a96d-45ce-84b4-0e31c5e74bb7, force: true] for container ContainerInfo{id=#9, state=CLOSED, stateEnterTime=2025-02-25T14:20:44.072813670Z, pipelineID=PipelineID=a36c54e7-a96d-45ce-84b4-0e31c5e74bb7, owner=omServiceIdDefault} to f0de3bb0-eb83-4e2a-a791-08d5bd07359b(localhost/127.0.0.1) with datanode deadline 1740493863580 and scm deadline 1740494223580
2025-02-25 14:25:03,580 [ReplicationMonitor] INFO  health.QuasiClosedContainerHandler (QuasiClosedContainerHandler.java:forceCloseContainer(151)) - Force closing container #12 with BCSID 196, which is in QUASI_CLOSED state.
2025-02-25 14:25:03,580 [ReplicationMonitor] INFO  replication.ReplicationManager (ReplicationManager.java:sendDatanodeCommand(657)) - Sending command [closeContainerCommand: cmdID: 12, encodedToken: "", term: 0, deadlineMsSinceEpoch: 0, containerID: 12, pipelineID: PipelineID=a36c54e7-a96d-45ce-84b4-0e31c5e74bb7, force: true] for container ContainerInfo{id=#12, state=QUASI_CLOSED, stateEnterTime=2025-02-25T14:20:45.054646593Z, pipelineID=PipelineID=a36c54e7-a96d-45ce-84b4-0e31c5e74bb7, owner=omServiceIdDefault} to 6f339c6d-ba4b-40de-9593-05d751b3d64d(localhost/127.0.0.1) with datanode deadline 1740493863580 and scm deadline 1740494223580
2025-02-25 14:25:03,580 [ReplicationMonitor] INFO  replication.ReplicationManager (ReplicationManager.java:sendDatanodeCommand(657)) - Sending command [closeContainerCommand: cmdID: 12, encodedToken: "", term: 0, deadlineMsSinceEpoch: 0, containerID: 12, pipelineID: PipelineID=a36c54e7-a96d-45ce-84b4-0e31c5e74bb7, force: true] for container ContainerInfo{id=#12, state=QUASI_CLOSED, stateEnterTime=2025-02-25T14:20:45.054646593Z, pipelineID=PipelineID=a36c54e7-a96d-45ce-84b4-0e31c5e74bb7, owner=omServiceIdDefault} to f0de3bb0-eb83-4e2a-a791-08d5bd07359b(localhost/127.0.0.1) with datanode deadline 1740493863580 and scm deadline 1740494223580
2025-02-25 14:25:03,580 [ReplicationMonitor] INFO  replication.ReplicationManager (ReplicationManager.java:sendDatanodeCommand(657)) - Sending command [closeContainerCommand: cmdID: 12, encodedToken: "", term: 0, deadlineMsSinceEpoch: 0, containerID: 12, pipelineID: PipelineID=a36c54e7-a96d-45ce-84b4-0e31c5e74bb7, force: true] for container ContainerInfo{id=#12, state=QUASI_CLOSED, stateEnterTime=2025-02-25T14:20:45.054646593Z, pipelineID=PipelineID=a36c54e7-a96d-45ce-84b4-0e31c5e74bb7, owner=omServiceIdDefault} to eb7d9a89-7041-4665-a693-2d62dcb81886(localhost/127.0.0.1) with datanode deadline 1740493863580 and scm deadline 1740494223580
2025-02-25 14:25:03,582 [ReplicationMonitor] INFO  replication.ReplicationManager (ReplicationManager.java:processAll(377)) - Replication Monitor Thread took 15 milliseconds for processing 47 containers.
2025-02-25 14:25:05,295 [6f339c6d-ba4b-40de-9593-05d751b3d64d-CloseContainerThread-1] INFO  keyvalue.KeyValueContainer (KeyValueContainer.java:flushAndSyncDB(526)) - Container 12 is synced with bcsId 196.
2025-02-25 14:25:05,295 [6f339c6d-ba4b-40de-9593-05d751b3d64d-CloseContainerThread-1] INFO  keyvalue.KeyValueContainer (KeyValueContainer.java:flushAndSyncDB(526)) - Container 12 is synced with bcsId 196.
2025-02-25 14:25:05,295 [6f339c6d-ba4b-40de-9593-05d751b3d64d-PipelineCommandHandlerThread-0] INFO  server.RaftServer (RaftServerProxy.java:remove(111)) - 6f339c6d-ba4b-40de-9593-05d751b3d64d: remove    LEADER 6f339c6d-ba4b-40de-9593-05d751b3d64d@group-A050B95B3B09:t1, leader=6f339c6d-ba4b-40de-9593-05d751b3d64d, voted=6f339c6d-ba4b-40de-9593-05d751b3d64d, raftlog=Memoized:6f339c6d-ba4b-40de-9593-05d751b3d64d@group-A050B95B3B09-SegmentedRaftLog:OPENED:c5:last(t:1, i:5), conf=conf: {index: 0, cur=peers:[6f339c6d-ba4b-40de-9593-05d751b3d64d|127.0.0.1:15016]|listeners:[], old=null} RUNNING
2025-02-25 14:25:05,296 [6f339c6d-ba4b-40de-9593-05d751b3d64d-PipelineCommandHandlerThread-0] INFO  server.RaftServer$Division (RaftServerImpl.java:lambda$close$1(513)) - 6f339c6d-ba4b-40de-9593-05d751b3d64d@group-A050B95B3B09: shutdown
2025-02-25 14:25:05,296 [6f339c6d-ba4b-40de-9593-05d751b3d64d-PipelineCommandHandlerThread-0] INFO  util.JmxRegister (JmxRegister.java:unregister(74)) - Successfully un-registered JMX Bean with object name Ratis:service=RaftServer,group=group-A050B95B3B09,id=6f339c6d-ba4b-40de-9593-05d751b3d64d
2025-02-25 14:25:05,296 [6f339c6d-ba4b-40de-9593-05d751b3d64d-PipelineCommandHandlerThread-0] INFO  impl.RoleInfo (RoleInfo.java:shutdownLeaderState(103)) - 6f339c6d-ba4b-40de-9593-05d751b3d64d: shutdown 6f339c6d-ba4b-40de-9593-05d751b3d64d@group-A050B95B3B09-LeaderStateImpl
2025-02-25 14:25:05,296 [6f339c6d-ba4b-40de-9593-05d751b3d64d-PipelineCommandHandlerThread-0] INFO  impl.PendingRequests (PendingRequests.java:sendNotLeaderResponses(287)) - 6f339c6d-ba4b-40de-9593-05d751b3d64d@group-A050B95B3B09-PendingRequests: sendNotLeaderResponses
2025-02-25 14:25:05,298 [6f339c6d-ba4b-40de-9593-05d751b3d64d-PipelineCommandHandlerThread-0] INFO  impl.StateMachineUpdater (StateMachineUpdater.java:stopAndJoin(164)) - 6f339c6d-ba4b-40de-9593-05d751b3d64d@group-A050B95B3B09-StateMachineUpdater: set stopIndex = 5
2025-02-25 14:25:05,298 [6f339c6d-ba4b-40de-9593-05d751b3d64d@group-A050B95B3B09-StateMachineUpdater] INFO  ratis.ContainerStateMachine (ContainerStateMachine.java:takeSnapshot(376)) - group-A050B95B3B09: Taking a snapshot at:(t:1, i:5) file /home/runner/work/ozone/ozone/hadoop-ozone/integration-test/target/test-dir/MiniOzoneClusterImpl-b4714a4f-035e-4bbe-aae1-aaeac144a409/ozone-meta/datanode-1/ratis/f7eed6b2-3a03-471e-8211-a050b95b3b09/sm/snapshot.1_5
2025-02-25 14:25:05,299 [6f339c6d-ba4b-40de-9593-05d751b3d64d-CloseContainerThread-1] INFO  keyvalue.KeyValueContainer (KeyValueContainer.java:close(441)) - Container 12 is closed with bcsId 196.
2025-02-25 14:25:05,299 [6f339c6d-ba4b-40de-9593-05d751b3d64d@group-A050B95B3B09-StateMachineUpdater] INFO  ratis.ContainerStateMachine (ContainerStateMachine.java:takeSnapshot(387)) - group-A050B95B3B09: Finished taking a snapshot at:(t:1, i:5) file:/home/runner/work/ozone/ozone/hadoop-ozone/integration-test/target/test-dir/MiniOzoneClusterImpl-b4714a4f-035e-4bbe-aae1-aaeac144a409/ozone-meta/datanode-1/ratis/f7eed6b2-3a03-471e-8211-a050b95b3b09/sm/snapshot.1_5 took: 1 ms
2025-02-25 14:25:05,300 [6f339c6d-ba4b-40de-9593-05d751b3d64d@group-A050B95B3B09-StateMachineUpdater] INFO  impl.StateMachineUpdater (StateMachineUpdater.java:takeSnapshot(303)) - 6f339c6d-ba4b-40de-9593-05d751b3d64d@group-A050B95B3B09-StateMachineUpdater: Took a snapshot at index 5
2025-02-25 14:25:05,300 [6f339c6d-ba4b-40de-9593-05d751b3d64d@group-A050B95B3B09-StateMachineUpdater] INFO  impl.StateMachineUpdater (StateMachineUpdater.java:lambda$new$0(102)) - 6f339c6d-ba4b-40de-9593-05d751b3d64d@group-A050B95B3B09-StateMachineUpdater: snapshotIndex: updateIncreasingly -1 -> 5
2025-02-25 14:25:05,300 [6f339c6d-ba4b-40de-9593-05d751b3d64d@group-A050B95B3B09-StateMachineUpdater] INFO  impl.StateMachineUpdater (StateMachineUpdater.java:stop(141)) - 6f339c6d-ba4b-40de-9593-05d751b3d64d@group-A050B95B3B09-StateMachineUpdater: closing ContainerStateMachine, lastApplied=(t:1, i:5)
2025-02-25 14:25:05,301 [FixedThreadPoolWithAffinityExecutor-9-0] INFO  container.IncrementalContainerReportHandler (AbstractContainerReportHandler.java:updateContainerState(333)) - Moving container #12 to CLOSED state, datanode 6f339c6d-ba4b-40de-9593-05d751b3d64d(localhost/127.0.0.1) reported CLOSED replica.
2025-02-25 14:25:05,301 [6f339c6d-ba4b-40de-9593-05d751b3d64d@group-A050B95B3B09-cacheEviction-AwaitToRun] INFO  util.AwaitToRun (AwaitToRun.java:run(49)) - 6f339c6d-ba4b-40de-9593-05d751b3d64d@group-A050B95B3B09-cacheEviction-AwaitToRun-AwaitForSignal is interrupted
2025-02-25 14:25:05,546 [ea4ad806-8ee9-4fb9-9dce-2788455564d3-CloseContainerThread-2] INFO  keyvalue.KeyValueContainer (KeyValueContainer.java:flushAndSyncDB(526)) - Container 3 is synced with bcsId 2.
2025-02-25 14:25:05,546 [ea4ad806-8ee9-4fb9-9dce-2788455564d3-CloseContainerThread-0] INFO  keyvalue.KeyValueContainer (KeyValueContainer.java:flushAndSyncDB(526)) - Container 5 is synced with bcsId 5.
2025-02-25 14:25:05,547 [ea4ad806-8ee9-4fb9-9dce-2788455564d3-CloseContainerThread-0] INFO  keyvalue.KeyValueContainer (KeyValueContainer.java:flushAndSyncDB(526)) - Container 5 is synced with bcsId 5.
2025-02-25 14:25:05,547 [ea4ad806-8ee9-4fb9-9dce-2788455564d3-CloseContainerThread-2] INFO  keyvalue.KeyValueContainer (KeyValueContainer.java:flushAndSyncDB(526)) - Container 3 is synced with bcsId 2.
2025-02-25 14:25:05,549 [ea4ad806-8ee9-4fb9-9dce-2788455564d3-CloseContainerThread-2] INFO  keyvalue.KeyValueContainer (KeyValueContainer.java:close(441)) - Container 3 is closed with bcsId 2.
2025-02-25 14:25:05,549 [ea4ad806-8ee9-4fb9-9dce-2788455564d3-CloseContainerThread-0] INFO  keyvalue.KeyValueContainer (KeyValueContainer.java:close(441)) - Container 5 is closed with bcsId 5.
2025-02-25 14:25:05,550 [FixedThreadPoolWithAffinityExecutor-0-0] INFO  container.IncrementalContainerReportHandler (AbstractContainerReportHandler.java:updateContainerState(333)) - Moving container #3 to CLOSED state, datanode ea4ad806-8ee9-4fb9-9dce-2788455564d3(localhost/127.0.0.1) reported CLOSED replica.
2025-02-25 14:25:05,552 [FixedThreadPoolWithAffinityExecutor-0-0] INFO  container.IncrementalContainerReportHandler (AbstractContainerReportHandler.java:updateContainerState(333)) - Moving container #5 to CLOSED state, datanode ea4ad806-8ee9-4fb9-9dce-2788455564d3(localhost/127.0.0.1) reported CLOSED replica.
2025-02-25 14:25:06,049 [6f339c6d-ba4b-40de-9593-05d751b3d64d-PipelineCommandHandlerThread-0] INFO  segmented.SegmentedRaftLogWorker (SegmentedRaftLogWorker.java:close(252)) - 6f339c6d-ba4b-40de-9593-05d751b3d64d@group-A050B95B3B09-SegmentedRaftLogWorker close()
2025-02-25 14:25:06,050 [6f339c6d-ba4b-40de-9593-05d751b3d64d-PipelineCommandHandlerThread-0] INFO  server.RaftServer$Division (RaftServerImpl.java:groupRemove(483)) - 6f339c6d-ba4b-40de-9593-05d751b3d64d@group-A050B95B3B09: Succeed to remove RaftStorageDirectory Storage Directory /home/runner/work/ozone/ozone/hadoop-ozone/integration-test/target/test-dir/MiniOzoneClusterImpl-b4714a4f-035e-4bbe-aae1-aaeac144a409/ozone-meta/datanode-1/ratis/f7eed6b2-3a03-471e-8211-a050b95b3b09
2025-02-25 14:25:06,050 [6f339c6d-ba4b-40de-9593-05d751b3d64d-PipelineCommandHandlerThread-0] INFO  commandhandler.ClosePipelineCommandHandler (ClosePipelineCommandHandler.java:lambda$handle$2(142)) - Close Pipeline PipelineID=f7eed6b2-3a03-471e-8211-a050b95b3b09 command on datanode 6f339c6d-ba4b-40de-9593-05d751b3d64d.
2025-02-25 14:25:06,075 [eb7d9a89-7041-4665-a693-2d62dcb81886-CloseContainerThread-2] INFO  keyvalue.KeyValueContainer (KeyValueContainer.java:flushAndSyncDB(526)) - Container 12 is synced with bcsId 196.
2025-02-25 14:25:06,075 [eb7d9a89-7041-4665-a693-2d62dcb81886-CloseContainerThread-0] INFO  keyvalue.KeyValueContainer (KeyValueContainer.java:flushAndSyncDB(526)) - Container 9 is synced with bcsId 178.
2025-02-25 14:25:06,075 [eb7d9a89-7041-4665-a693-2d62dcb81886-CloseContainerThread-0] INFO  keyvalue.KeyValueContainer (KeyValueContainer.java:flushAndSyncDB(526)) - Container 9 is synced with bcsId 178.
2025-02-25 14:25:06,075 [eb7d9a89-7041-4665-a693-2d62dcb81886-CloseContainerThread-2] INFO  keyvalue.KeyValueContainer (KeyValueContainer.java:flushAndSyncDB(526)) - Container 12 is synced with bcsId 196.
2025-02-25 14:25:06,076 [f0de3bb0-eb83-4e2a-a791-08d5bd07359b-CloseContainerThread-0] INFO  keyvalue.KeyValueContainer (KeyValueContainer.java:flushAndSyncDB(526)) - Container 12 is synced with bcsId 196.
2025-02-25 14:25:06,076 [f0de3bb0-eb83-4e2a-a791-08d5bd07359b-CloseContainerThread-0] INFO  keyvalue.KeyValueContainer (KeyValueContainer.java:flushAndSyncDB(526)) - Container 12 is synced with bcsId 196.
2025-02-25 14:25:06,077 [f0de3bb0-eb83-4e2a-a791-08d5bd07359b-CloseContainerThread-1] INFO  keyvalue.KeyValueContainer (KeyValueContainer.java:flushAndSyncDB(526)) - Container 9 is synced with bcsId 178.
2025-02-25 14:25:06,077 [f0de3bb0-eb83-4e2a-a791-08d5bd07359b-CloseContainerThread-1] INFO  keyvalue.KeyValueContainer (KeyValueContainer.java:flushAndSyncDB(526)) - Container 9 is synced with bcsId 178.
2025-02-25 14:25:06,079 [eb7d9a89-7041-4665-a693-2d62dcb81886-CloseContainerThread-2] INFO  keyvalue.KeyValueContainer (KeyValueContainer.java:close(441)) - Container 12 is closed with bcsId 196.
2025-02-25 14:25:06,079 [f0de3bb0-eb83-4e2a-a791-08d5bd07359b-CloseContainerThread-0] INFO  keyvalue.KeyValueContainer (KeyValueContainer.java:close(441)) - Container 12 is closed with bcsId 196.
2025-02-25 14:25:06,079 [eb7d9a89-7041-4665-a693-2d62dcb81886-CloseContainerThread-0] INFO  keyvalue.KeyValueContainer (KeyValueContainer.java:close(441)) - Container 9 is closed with bcsId 178.
2025-02-25 14:25:06,079 [f0de3bb0-eb83-4e2a-a791-08d5bd07359b-CloseContainerThread-1] INFO  keyvalue.KeyValueContainer (KeyValueContainer.java:close(441)) - Container 9 is closed with bcsId 178.
2025-02-25 14:25:12,493 [timer2] ERROR impl.OrderedAsync (OrderedAsync.java:lambda$null$6(215)) -  client-10E0445BB839: Failed* RaftClientRequest:client-10E0445BB839->032c8b1c-a843-4a9d-a39a-9c5a3fe2fd36@group-741317190473, cid=412, seq=2*, RW, cmdType: WriteChunk
traceID: ""
containerID: 48
datanodeUuid: "032c8b1c-a843-4a9d-a39a-9c5a3fe2fd36"
writeChunk {
  blockID {
    containerID: 48
    localID: 114064965220237466
    blockCommitSequenceId: 0
  }
  chunkData {
    chunkName: "114064965220237466.data.0"
    offset: 0
    len: 0
    checksumData {
      type: CRC32
      bytesPerChecksum: 1048576
    }
  }
}
version: 3
, data.size=0
java.util.concurrent.CompletionException: org.apache.ratis.protocol.exceptions.TimeoutIOException: client-10E0445BB839->032c8b1c-a843-4a9d-a39a-9c5a3fe2fd36 request #412 timeout 3000ms
	at java.base/java.util.concurrent.CompletableFuture.encodeThrowable(CompletableFuture.java:332)
	at java.base/java.util.concurrent.CompletableFuture.completeThrowable(CompletableFuture.java:347)
	at java.base/java.util.concurrent.CompletableFuture$UniAccept.tryFire(CompletableFuture.java:708)
	at java.base/java.util.concurrent.CompletableFuture.postComplete(CompletableFuture.java:510)
	at java.base/java.util.concurrent.CompletableFuture.completeExceptionally(CompletableFuture.java:2194)
	at org.apache.ratis.grpc.client.GrpcClientProtocolClient$AsyncStreamObservers.lambda$timeoutCheck$5(GrpcClientProtocolClient.java:376)
	at java.base/java.util.Optional.ifPresent(Optional.java:178)
	at org.apache.ratis.grpc.client.GrpcClientProtocolClient$AsyncStreamObservers.handleReplyFuture(GrpcClientProtocolClient.java:381)
	at org.apache.ratis.grpc.client.GrpcClientProtocolClient$AsyncStreamObservers.timeoutCheck(GrpcClientProtocolClient.java:376)
	at org.apache.ratis.grpc.client.GrpcClientProtocolClient$AsyncStreamObservers.lambda$onNext$3(GrpcClientProtocolClient.java:369)
	at org.apache.ratis.util.TimeoutTimer.lambda$onTimeout$2(TimeoutTimer.java:101)
	at org.apache.ratis.util.LogUtils.runAndLog(LogUtils.java:38)
	at org.apache.ratis.util.LogUtils$1.run(LogUtils.java:78)
	at org.apache.ratis.util.TimeoutTimer$Task.run(TimeoutTimer.java:55)
	at java.base/java.util.TimerThread.mainLoop(Timer.java:566)
	at java.base/java.util.TimerThread.run(Timer.java:516)
Caused by: org.apache.ratis.protocol.exceptions.TimeoutIOException: client-10E0445BB839->032c8b1c-a843-4a9d-a39a-9c5a3fe2fd36 request #412 timeout 3000ms
	at org.apache.ratis.grpc.client.GrpcClientProtocolClient$AsyncStreamObservers.lambda$timeoutCheck$5(GrpcClientProtocolClient.java:377)
	... 10 more
2025-02-25 14:25:15,290 [6f339c6d-ba4b-40de-9593-05d751b3d64d-BlockDeletingService#3] INFO  interfaces.ContainerDeletionChoosingPolicyTemplate (ContainerDeletionChoosingPolicyTemplate.java:chooseContainerForBlockDeletion(83)) - Chosen 0/1 blocks from 0 candidate containers.
2025-02-25 14:25:15,431 [f0de3bb0-eb83-4e2a-a791-08d5bd07359b-BlockDeletingService#1] INFO  interfaces.ContainerDeletionChoosingPolicyTemplate (ContainerDeletionChoosingPolicyTemplate.java:chooseContainerForBlockDeletion(83)) - Chosen 0/5000 blocks from 0 candidate containers.
2025-02-25 14:25:15,653 [eb7d9a89-7041-4665-a693-2d62dcb81886-BlockDeletingService#1] INFO  interfaces.ContainerDeletionChoosingPolicyTemplate (ContainerDeletionChoosingPolicyTemplate.java:chooseContainerForBlockDeletion(83)) - Chosen 0/5000 blocks from 0 candidate containers.
2025-02-25 14:25:15,871 [032c8b1c-a843-4a9d-a39a-9c5a3fe2fd36-BlockDeletingService#1] INFO  interfaces.ContainerDeletionChoosingPolicyTemplate (ContainerDeletionChoosingPolicyTemplate.java:chooseContainerForBlockDeletion(83)) - Chosen 0/5000 blocks from 0 candidate containers.
2025-02-25 14:25:16,086 [ea4ad806-8ee9-4fb9-9dce-2788455564d3-BlockDeletingService#1] INFO  interfaces.ContainerDeletionChoosingPolicyTemplate (ContainerDeletionChoosingPolicyTemplate.java:chooseContainerForBlockDeletion(83)) - Chosen 0/5000 blocks from 0 candidate containers.
]]></system-out>
  </testcase>
</testsuite>