<?xml version="1.0" encoding="UTF-8"?>
<testsuite xmlns:xsi="http://www.w3.org/2001/XMLSchema-instance" xsi:noNamespaceSchemaLocation="https://maven.apache.org/surefire/maven-surefire-plugin/xsd/surefire-test-report-3.0.xsd" version="3.0" name="org.apache.hadoop.ozone.om.TestOmSnapshot" time="201.903" tests="57" errors="0" skipped="3" failures="1">
  <properties>
    <property name="awt.toolkit" value="sun.awt.X11.XToolkit"/>
    <property name="file.encoding.pkg" value="sun.io"/>
    <property name="java.specification.version" value="1.8"/>
    <property name="sun.cpu.isalist" value=""/>
    <property name="sun.jnu.encoding" value="UTF-8"/>
    <property name="java.class.path" value="/home/runner/work/ozone/ozone/hadoop-ozone/integration-test/target/test-classes:/home/runner/work/ozone/ozone/hadoop-ozone/integration-test/target/classes:/home/runner/.m2/repository/org/apache/ozone/ozone-common/1.4.0-SNAPSHOT/ozone-common-1.4.0-SNAPSHOT.jar:/home/runner/.m2/repository/io/grpc/grpc-netty/1.51.1/grpc-netty-1.51.1.jar:/home/runner/.m2/repository/io/grpc/grpc-core/1.51.1/grpc-core-1.51.1.jar:/home/runner/.m2/repository/com/google/android/annotations/4.1.1.4/annotations-4.1.1.4.jar:/home/runner/.m2/repository/org/codehaus/mojo/animal-sniffer-annotations/1.21/animal-sniffer-annotations-1.21.jar:/home/runner/.m2/repository/com/google/errorprone/error_prone_annotations/2.2.0/error_prone_annotations-2.2.0.jar:/home/runner/.m2/repository/io/perfmark/perfmark-api/0.25.0/perfmark-api-0.25.0.jar:/home/runner/.m2/repository/io/netty/netty-codec-http2/4.1.86.Final/netty-codec-http2-4.1.86.Final.jar:/home/runner/.m2/repository/io/netty/netty-common/4.1.86.Final/netty-common-4.1.86.Final.jar:/home/runner/.m2/repository/io/netty/netty-buffer/4.1.86.Final/netty-buffer-4.1.86.Final.jar:/home/runner/.m2/repository/io/netty/netty-codec-http/4.1.86.Final/netty-codec-http-4.1.86.Final.jar:/home/runner/.m2/repository/io/netty/netty-handler-proxy/4.1.86.Final/netty-handler-proxy-4.1.86.Final.jar:/home/runner/.m2/repository/io/netty/netty-codec-socks/4.1.86.Final/netty-codec-socks-4.1.86.Final.jar:/home/runner/.m2/repository/io/netty/netty-tcnative-boringssl-static/2.0.54.Final/netty-tcnative-boringssl-static-2.0.54.Final.jar:/home/runner/.m2/repository/io/netty/netty-tcnative-classes/2.0.54.Final/netty-tcnative-classes-2.0.54.Final.jar:/home/runner/.m2/repository/io/netty/netty-tcnative-boringssl-static/2.0.54.Final/netty-tcnative-boringssl-static-2.0.54.Final-linux-x86_64.jar:/home/runner/.m2/repository/io/netty/netty-tcnative-boringssl-static/2.0.54.Final/netty-tcnative-boringssl-static-2.0.54.Final-linux-aarch_64.jar:/home/runner/.m2/repository/io/netty/netty-tcnative-boringssl-static/2.0.54.Final/netty-tcnative-boringssl-static-2.0.54.Final-osx-x86_64.jar:/home/runner/.m2/repository/io/netty/netty-tcnative-boringssl-static/2.0.54.Final/netty-tcnative-boringssl-static-2.0.54.Final-osx-aarch_64.jar:/home/runner/.m2/repository/io/netty/netty-tcnative-boringssl-static/2.0.54.Final/netty-tcnative-boringssl-static-2.0.54.Final-windows-x86_64.jar:/home/runner/.m2/repository/org/apache/commons/commons-compress/1.21/commons-compress-1.21.jar:/home/runner/.m2/repository/org/apache/ozone/hdds-common/1.4.0-SNAPSHOT/hdds-common-1.4.0-SNAPSHOT.jar:/home/runner/.m2/repository/org/apache/ozone/hdds-client/1.4.0-SNAPSHOT/hdds-client-1.4.0-SNAPSHOT.jar:/home/runner/.m2/repository/org/apache/ozone/ozone-interface-client/1.4.0-SNAPSHOT/ozone-interface-client-1.4.0-SNAPSHOT.jar:/home/runner/.m2/repository/org/apache/ozone/hdds-test-utils/1.4.0-SNAPSHOT/hdds-test-utils-1.4.0-SNAPSHOT.jar:/home/runner/.m2/repository/com/google/guava/guava/31.1-jre/guava-31.1-jre.jar:/home/runner/.m2/repository/com/google/guava/failureaccess/1.0.1/failureaccess-1.0.1.jar:/home/runner/.m2/repository/com/google/guava/listenablefuture/9999.0-empty-to-avoid-conflict-with-guava/listenablefuture-9999.0-empty-to-avoid-conflict-with-guava.jar:/home/runner/.m2/repository/com/google/code/findbugs/jsr305/3.0.0/jsr305-3.0.0.jar:/home/runner/.m2/repository/org/checkerframework/checker-qual/3.12.0/checker-qual-3.12.0.jar:/home/runner/.m2/repository/com/google/j2objc/j2objc-annotations/1.3/j2objc-annotations-1.3.jar:/home/runner/.m2/repository/commons-io/commons-io/2.11.0/commons-io-2.11.0.jar:/home/runner/.m2/repository/commons-logging/commons-logging/1.2/commons-logging-1.2.jar:/home/runner/.m2/repository/ch/qos/reload4j/reload4j/1.2.22/reload4j-1.2.22.jar:/home/runner/.m2/repository/org/slf4j/slf4j-api/1.7.36/slf4j-api-1.7.36.jar:/home/runner/.m2/repository/org/apache/ozone/hdds-server-scm/1.4.0-SNAPSHOT/hdds-server-scm-1.4.0-SNAPSHOT.jar:/home/runner/.m2/repository/org/apache/ozone/hdds-container-service/1.4.0-SNAPSHOT/hdds-container-service-1.4.0-SNAPSHOT.jar:/home/runner/.m2/repository/org/apache/ozone/hdds-hadoop-dependency-server/1.4.0-SNAPSHOT/hdds-hadoop-dependency-server-1.4.0-SNAPSHOT.jar:/home/runner/.m2/repository/org/apache/hadoop/hadoop-hdfs/3.3.4/hadoop-hdfs-3.3.4.jar:/home/runner/.m2/repository/commons-daemon/commons-daemon/1.0.13/commons-daemon-1.0.13.jar:/home/runner/.m2/repository/org/apache/ozone/hdds-server-framework/1.4.0-SNAPSHOT/hdds-server-framework-1.4.0-SNAPSHOT.jar:/home/runner/.m2/repository/io/dropwizard/metrics/metrics-core/3.2.4/metrics-core-3.2.4.jar:/home/runner/.m2/repository/org/apache/commons/commons-text/1.4/commons-text-1.4.jar:/home/runner/.m2/repository/org/apache/hadoop/hadoop-hdfs-client/3.3.4/hadoop-hdfs-client-3.3.4.jar:/home/runner/.m2/repository/com/squareup/okhttp3/okhttp/4.9.3/okhttp-4.9.3.jar:/home/runner/.m2/repository/com/squareup/okio/okio/2.8.0/okio-2.8.0.jar:/home/runner/.m2/repository/org/jetbrains/kotlin/kotlin-stdlib-common/1.6.21/kotlin-stdlib-common-1.6.21.jar:/home/runner/.m2/repository/org/bouncycastle/bcprov-jdk15on/1.67/bcprov-jdk15on-1.67.jar:/home/runner/.m2/repository/com/google/protobuf/protobuf-java/2.5.0/protobuf-java-2.5.0.jar:/home/runner/.m2/repository/org/apache/ozone/hdds-server-framework/1.4.0-SNAPSHOT/hdds-server-framework-1.4.0-SNAPSHOT-tests.jar:/home/runner/.m2/repository/org/apache/ozone/hdds-interface-server/1.4.0-SNAPSHOT/hdds-interface-server-1.4.0-SNAPSHOT.jar:/home/runner/.m2/repository/org/apache/ozone/hdds-interface-admin/1.4.0-SNAPSHOT/hdds-interface-admin-1.4.0-SNAPSHOT.jar:/home/runner/.m2/repository/org/apache/ozone/hdds-managed-rocksdb/1.4.0-SNAPSHOT/hdds-managed-rocksdb-1.4.0-SNAPSHOT.jar:/home/runner/.m2/repository/org/rocksdb/rocksdbjni/7.7.3/rocksdbjni-7.7.3.jar:/home/runner/.m2/repository/org/slf4j/slf4j-reload4j/1.7.36/slf4j-reload4j-1.7.36.jar:/home/runner/.m2/repository/org/apache/commons/commons-configuration2/2.1.1/commons-configuration2-2.1.1.jar:/home/runner/.m2/repository/org/apache/logging/log4j/log4j-core/2.17.1/log4j-core-2.17.1.jar:/home/runner/.m2/repository/com/lmax/disruptor/3.4.2/disruptor-3.4.2.jar:/home/runner/.m2/repository/org/eclipse/jetty/jetty-util/9.4.49.v20220914/jetty-util-9.4.49.v20220914.jar:/home/runner/.m2/repository/org/eclipse/jetty/jetty-server/9.4.49.v20220914/jetty-server-9.4.49.v20220914.jar:/home/runner/.m2/repository/org/eclipse/jetty/jetty-http/9.4.49.v20220914/jetty-http-9.4.49.v20220914.jar:/home/runner/.m2/repository/org/eclipse/jetty/jetty-io/9.4.49.v20220914/jetty-io-9.4.49.v20220914.jar:/home/runner/.m2/repository/org/eclipse/jetty/jetty-servlet/9.4.49.v20220914/jetty-servlet-9.4.49.v20220914.jar:/home/runner/.m2/repository/org/eclipse/jetty/jetty-security/9.4.49.v20220914/jetty-security-9.4.49.v20220914.jar:/home/runner/.m2/repository/org/eclipse/jetty/jetty-util-ajax/9.4.49.v20220914/jetty-util-ajax-9.4.49.v20220914.jar:/home/runner/.m2/repository/org/eclipse/jetty/jetty-webapp/9.4.49.v20220914/jetty-webapp-9.4.49.v20220914.jar:/home/runner/.m2/repository/org/eclipse/jetty/jetty-xml/9.4.49.v20220914/jetty-xml-9.4.49.v20220914.jar:/home/runner/.m2/repository/org/apache/ratis/ratis-server/2.4.2-8b8bdda-SNAPSHOT/ratis-server-2.4.2-8b8bdda-SNAPSHOT.jar:/home/runner/.m2/repository/org/apache/ratis/ratis-thirdparty-misc/1.0.3/ratis-thirdparty-misc-1.0.3.jar:/home/runner/.m2/repository/org/apache/ratis/ratis-proto/2.4.2-8b8bdda-SNAPSHOT/ratis-proto-2.4.2-8b8bdda-SNAPSHOT.jar:/home/runner/.m2/repository/org/apache/ratis/ratis-common/2.4.2-8b8bdda-SNAPSHOT/ratis-common-2.4.2-8b8bdda-SNAPSHOT.jar:/home/runner/.m2/repository/org/apache/ratis/ratis-client/2.4.2-8b8bdda-SNAPSHOT/ratis-client-2.4.2-8b8bdda-SNAPSHOT.jar:/home/runner/.m2/repository/org/apache/ratis/ratis-server-api/2.4.2-8b8bdda-SNAPSHOT/ratis-server-api-2.4.2-8b8bdda-SNAPSHOT.jar:/home/runner/.m2/repository/org/apache/ratis/ratis-metrics/2.4.2-8b8bdda-SNAPSHOT/ratis-metrics-2.4.2-8b8bdda-SNAPSHOT.jar:/home/runner/.m2/repository/io/prometheus/simpleclient_dropwizard/0.7.0/simpleclient_dropwizard-0.7.0.jar:/home/runner/.m2/repository/io/prometheus/simpleclient/0.7.0/simpleclient-0.7.0.jar:/home/runner/.m2/repository/io/prometheus/simpleclient_common/0.7.0/simpleclient_common-0.7.0.jar:/home/runner/.m2/repository/com/fasterxml/jackson/datatype/jackson-datatype-jsr310/2.13.4/jackson-datatype-jsr310-2.13.4.jar:/home/runner/.m2/repository/com/fasterxml/jackson/core/jackson-core/2.13.4/jackson-core-2.13.4.jar:/home/runner/.m2/repository/com/github/spotbugs/spotbugs-annotations/3.1.12/spotbugs-annotations-3.1.12.jar:/home/runner/.m2/repository/org/apache/ozone/rocksdb-checkpoint-differ/1.4.0-SNAPSHOT/rocksdb-checkpoint-differ-1.4.0-SNAPSHOT.jar:/home/runner/.m2/repository/org/awaitility/awaitility/4.2.0/awaitility-4.2.0.jar:/home/runner/.m2/repository/org/hamcrest/hamcrest/2.1/hamcrest-2.1.jar:/home/runner/.m2/repository/org/apache/ozone/ozone-manager/1.4.0-SNAPSHOT/ozone-manager-1.4.0-SNAPSHOT.jar:/home/runner/.m2/repository/org/aspectj/aspectjrt/1.9.7/aspectjrt-1.9.7.jar:/home/runner/.m2/repository/org/aspectj/aspectjweaver/1.9.7/aspectjweaver-1.9.7.jar:/home/runner/.m2/repository/org/apache/ozone/hdds-interface-client/1.4.0-SNAPSHOT/hdds-interface-client-1.4.0-SNAPSHOT.jar:/home/runner/.m2/repository/org/apache/hadoop/thirdparty/hadoop-shaded-protobuf_3_7/1.1.1/hadoop-shaded-protobuf_3_7-1.1.1.jar:/home/runner/.m2/repository/org/apache/ozone/ozone-interface-storage/1.4.0-SNAPSHOT/ozone-interface-storage-1.4.0-SNAPSHOT.jar:/home/runner/.m2/repository/org/reflections/reflections/0.9.11/reflections-0.9.11.jar:/home/runner/.m2/repository/com/sun/jersey/jersey-client/1.19/jersey-client-1.19.jar:/home/runner/.m2/repository/org/apache/ranger/ranger-intg/2.3.0/ranger-intg-2.3.0.jar:/home/runner/.m2/repository/org/apache/ranger/ranger-plugins-common/2.3.0/ranger-plugins-common-2.3.0.jar:/home/runner/.m2/repository/commons-lang/commons-lang/2.6/commons-lang-2.6.jar:/home/runner/.m2/repository/org/apache/ranger/ranger-plugins-cred/2.3.0/ranger-plugins-cred-2.3.0.jar:/home/runner/.m2/repository/org/apache/ranger/ranger-plugins-audit/2.3.0/ranger-plugins-audit-2.3.0.jar:/home/runner/.m2/repository/org/eclipse/jetty/jetty-client/9.4.49.v20220914/jetty-client-9.4.49.v20220914.jar:/home/runner/.m2/repository/org/apache/httpcomponents/httpmime/4.5.6/httpmime-4.5.6.jar:/home/runner/.m2/repository/org/apache/httpcomponents/httpcore-nio/4.4.13/httpcore-nio-4.4.13.jar:/home/runner/.m2/repository/org/apache/httpcomponents/httpasyncclient/4.1.3/httpasyncclient-4.1.3.jar:/home/runner/.m2/repository/com/carrotsearch/hppc/0.8.0/hppc-0.8.0.jar:/home/runner/.m2/repository/org/apache/orc/orc-core/1.5.8/orc-core-1.5.8.jar:/home/runner/.m2/repository/net/java/dev/jna/jna/5.2.0/jna-5.2.0.jar:/home/runner/.m2/repository/net/java/dev/jna/jna-platform/5.2.0/jna-platform-5.2.0.jar:/home/runner/.m2/repository/com/kstruct/gethostname4j/0.0.2/gethostname4j-0.0.2.jar:/home/runner/.m2/repository/org/apache/ranger/ranger-plugin-classloader/2.3.0/ranger-plugin-classloader-2.3.0.jar:/home/runner/.m2/repository/org/apache/hadoop/hadoop-minikdc/3.3.4/hadoop-minikdc-3.3.4.jar:/home/runner/.m2/repository/org/apache/kerby/kerb-simplekdc/1.0.1/kerb-simplekdc-1.0.1.jar:/home/runner/.m2/repository/org/apache/kerby/kerb-client/1.0.1/kerb-client-1.0.1.jar:/home/runner/.m2/repository/org/apache/kerby/kerby-config/1.0.1/kerby-config-1.0.1.jar:/home/runner/.m2/repository/org/apache/kerby/kerb-common/1.0.1/kerb-common-1.0.1.jar:/home/runner/.m2/repository/org/apache/kerby/kerb-crypto/1.0.1/kerb-crypto-1.0.1.jar:/home/runner/.m2/repository/org/apache/kerby/kerb-util/1.0.1/kerb-util-1.0.1.jar:/home/runner/.m2/repository/org/apache/kerby/token-provider/1.0.1/token-provider-1.0.1.jar:/home/runner/.m2/repository/org/apache/kerby/kerb-admin/1.0.1/kerb-admin-1.0.1.jar:/home/runner/.m2/repository/org/apache/kerby/kerb-server/1.0.1/kerb-server-1.0.1.jar:/home/runner/.m2/repository/org/apache/kerby/kerb-identity/1.0.1/kerb-identity-1.0.1.jar:/home/runner/.m2/repository/org/apache/kerby/kerby-xdr/1.0.1/kerby-xdr-1.0.1.jar:/home/runner/.m2/repository/org/apache/ozone/ozone-s3gateway/1.4.0-SNAPSHOT/ozone-s3gateway-1.4.0-SNAPSHOT.jar:/home/runner/.m2/repository/org/javassist/javassist/3.21.0-GA/javassist-3.21.0-GA.jar:/home/runner/.m2/repository/org/jboss/weld/servlet/weld-servlet-shaded/3.1.9.Final/weld-servlet-shaded-3.1.9.Final.jar:/home/runner/.m2/repository/org/glassfish/jersey/containers/jersey-container-servlet-core/2.34/jersey-container-servlet-core-2.34.jar:/home/runner/.m2/repository/org/glassfish/hk2/external/jakarta.inject/2.6.1/jakarta.inject-2.6.1.jar:/home/runner/.m2/repository/org/glassfish/jersey/core/jersey-common/2.34/jersey-common-2.34.jar:/home/runner/.m2/repository/jakarta/ws/rs/jakarta.ws.rs-api/2.1.6/jakarta.ws.rs-api-2.1.6.jar:/home/runner/.m2/repository/org/glassfish/jersey/ext/cdi/jersey-cdi1x/2.34/jersey-cdi1x-2.34.jar:/home/runner/.m2/repository/org/glassfish/jersey/inject/jersey-hk2/2.34/jersey-hk2-2.34.jar:/home/runner/.m2/repository/org/glassfish/hk2/hk2-locator/2.6.1/hk2-locator-2.6.1.jar:/home/runner/.m2/repository/org/glassfish/jersey/media/jersey-media-jaxb/2.34/jersey-media-jaxb-2.34.jar:/home/runner/.m2/repository/org/glassfish/hk2/osgi-resource-locator/1.0.3/osgi-resource-locator-1.0.3.jar:/home/runner/.m2/repository/org/glassfish/hk2/hk2-api/2.5.0/hk2-api-2.5.0.jar:/home/runner/.m2/repository/org/glassfish/hk2/hk2-utils/2.5.0/hk2-utils-2.5.0.jar:/home/runner/.m2/repository/org/glassfish/hk2/external/aopalliance-repackaged/2.5.0/aopalliance-repackaged-2.5.0.jar:/home/runner/.m2/repository/com/fasterxml/jackson/dataformat/jackson-dataformat-xml/2.13.4/jackson-dataformat-xml-2.13.4.jar:/home/runner/.m2/repository/org/codehaus/woodstox/stax2-api/4.2.1/stax2-api-4.2.1.jar:/home/runner/.m2/repository/com/fasterxml/woodstox/woodstox-core/5.4.0/woodstox-core-5.4.0.jar:/home/runner/.m2/repository/com/fasterxml/jackson/module/jackson-module-jaxb-annotations/2.13.4/jackson-module-jaxb-annotations-2.13.4.jar:/home/runner/.m2/repository/jakarta/xml/bind/jakarta.xml.bind-api/2.3.3/jakarta.xml.bind-api-2.3.3.jar:/home/runner/.m2/repository/jakarta/activation/jakarta.activation-api/1.2.2/jakarta.activation-api-1.2.2.jar:/home/runner/.m2/repository/javax/enterprise/cdi-api/2.0/cdi-api-2.0.jar:/home/runner/.m2/repository/javax/el/javax.el-api/3.0.0/javax.el-api-3.0.0.jar:/home/runner/.m2/repository/javax/interceptor/javax.interceptor-api/1.2/javax.interceptor-api-1.2.jar:/home/runner/.m2/repository/javax/inject/javax.inject/1/javax.inject-1.jar:/home/runner/.m2/repository/javax/xml/bind/jaxb-api/2.3.0/jaxb-api-2.3.0.jar:/home/runner/.m2/repository/org/glassfish/jaxb/jaxb-runtime/2.3.0.1/jaxb-runtime-2.3.0.1.jar:/home/runner/.m2/repository/org/glassfish/jaxb/jaxb-core/2.3.0.1/jaxb-core-2.3.0.1.jar:/home/runner/.m2/repository/org/glassfish/jaxb/txw2/2.3.0.1/txw2-2.3.0.1.jar:/home/runner/.m2/repository/com/sun/istack/istack-commons-runtime/3.0.5/istack-commons-runtime-3.0.5.jar:/home/runner/.m2/repository/org/jvnet/staxex/stax-ex/1.7.8/stax-ex-1.7.8.jar:/home/runner/.m2/repository/com/sun/xml/fastinfoset/FastInfoset/1.2.13/FastInfoset-1.2.13.jar:/home/runner/.m2/repository/javax/activation/activation/1.1.1/activation-1.1.1.jar:/home/runner/.m2/repository/io/grpc/grpc-protobuf/1.51.1/grpc-protobuf-1.51.1.jar:/home/runner/.m2/repository/io/grpc/grpc-api/1.51.1/grpc-api-1.51.1.jar:/home/runner/.m2/repository/io/grpc/grpc-context/1.51.1/grpc-context-1.51.1.jar:/home/runner/.m2/repository/com/google/api/grpc/proto-google-common-protos/2.9.0/proto-google-common-protos-2.9.0.jar:/home/runner/.m2/repository/io/grpc/grpc-protobuf-lite/1.51.1/grpc-protobuf-lite-1.51.1.jar:/home/runner/.m2/repository/io/grpc/grpc-stub/1.51.1/grpc-stub-1.51.1.jar:/home/runner/.m2/repository/io/netty/netty-transport/4.1.86.Final/netty-transport-4.1.86.Final.jar:/home/runner/.m2/repository/io/netty/netty-resolver/4.1.86.Final/netty-resolver-4.1.86.Final.jar:/home/runner/.m2/repository/org/apache/ozone/ozone-csi/1.4.0-SNAPSHOT/ozone-csi-1.4.0-SNAPSHOT.jar:/home/runner/.m2/repository/com/google/protobuf/protobuf-java-util/3.19.6/protobuf-java-util-3.19.6.jar:/home/runner/.m2/repository/com/google/code/gson/gson/2.9.0/gson-2.9.0.jar:/home/runner/.m2/repository/org/apache/ozone/hdds-config/1.4.0-SNAPSHOT/hdds-config-1.4.0-SNAPSHOT.jar:/home/runner/.m2/repository/io/netty/netty-transport-native-epoll/4.1.86.Final/netty-transport-native-epoll-4.1.86.Final-linux-x86_64.jar:/home/runner/.m2/repository/io/netty/netty-transport-classes-epoll/4.1.86.Final/netty-transport-classes-epoll-4.1.86.Final.jar:/home/runner/.m2/repository/io/netty/netty-transport-native-unix-common/4.1.86.Final/netty-transport-native-unix-common-4.1.86.Final.jar:/home/runner/.m2/repository/org/apache/ozone/ozone-recon/1.4.0-SNAPSHOT/ozone-recon-1.4.0-SNAPSHOT.jar:/home/runner/.m2/repository/org/apache/ozone/ozone-reconcodegen/1.4.0-SNAPSHOT/ozone-reconcodegen-1.4.0-SNAPSHOT.jar:/home/runner/.m2/repository/com/google/inject/guice/5.1.0/guice-5.1.0.jar:/home/runner/.m2/repository/aopalliance/aopalliance/1.0/aopalliance-1.0.jar:/home/runner/.m2/repository/com/google/inject/extensions/guice-assistedinject/5.1.0/guice-assistedinject-5.1.0.jar:/home/runner/.m2/repository/com/google/inject/extensions/guice-servlet/5.1.0/guice-servlet-5.1.0.jar:/home/runner/.m2/repository/org/glassfish/jersey/containers/jersey-container-servlet/2.34/jersey-container-servlet-2.34.jar:/home/runner/.m2/repository/org/glassfish/hk2/guice-bridge/2.5.0/guice-bridge-2.5.0.jar:/home/runner/.m2/repository/org/glassfish/jersey/core/jersey-server/2.34/jersey-server-2.34.jar:/home/runner/.m2/repository/org/glassfish/jersey/core/jersey-client/2.34/jersey-client-2.34.jar:/home/runner/.m2/repository/jakarta/annotation/jakarta.annotation-api/1.3.5/jakarta.annotation-api-1.3.5.jar:/home/runner/.m2/repository/jakarta/validation/jakarta.validation-api/2.0.2/jakarta.validation-api-2.0.2.jar:/home/runner/.m2/repository/org/glassfish/jersey/media/jersey-media-json-jackson/2.34/jersey-media-json-jackson-2.34.jar:/home/runner/.m2/repository/org/glassfish/jersey/ext/jersey-entity-filtering/2.34/jersey-entity-filtering-2.34.jar:/home/runner/.m2/repository/org/jooq/jooq/3.11.10/jooq-3.11.10.jar:/home/runner/.m2/repository/org/jooq/jooq-meta/3.11.10/jooq-meta-3.11.10.jar:/home/runner/.m2/repository/org/jooq/jooq-codegen/3.11.10/jooq-codegen-3.11.10.jar:/home/runner/.m2/repository/com/jolbox/bonecp/0.8.0.RELEASE/bonecp-0.8.0.RELEASE.jar:/home/runner/.m2/repository/org/apache/derby/derby/10.14.2.0/derby-10.14.2.0.jar:/home/runner/.m2/repository/org/xerial/sqlite-jdbc/3.25.2/sqlite-jdbc-3.25.2.jar:/home/runner/.m2/repository/org/springframework/spring-jdbc/5.3.23/spring-jdbc-5.3.23.jar:/home/runner/.m2/repository/org/springframework/spring-beans/5.3.23/spring-beans-5.3.23.jar:/home/runner/.m2/repository/org/springframework/spring-core/5.3.23/spring-core-5.3.23.jar:/home/runner/.m2/repository/org/springframework/spring-jcl/5.3.23/spring-jcl-5.3.23.jar:/home/runner/.m2/repository/org/springframework/spring-tx/5.3.23/spring-tx-5.3.23.jar:/home/runner/.m2/repository/org/apache/ozone/ozone-client/1.4.0-SNAPSHOT/ozone-client-1.4.0-SNAPSHOT.jar:/home/runner/.m2/repository/org/apache/ozone/hdds-erasurecode/1.4.0-SNAPSHOT/hdds-erasurecode-1.4.0-SNAPSHOT.jar:/home/runner/.m2/repository/org/apache/ozone/ozone-filesystem/1.4.0-SNAPSHOT/ozone-filesystem-1.4.0-SNAPSHOT.jar:/home/runner/.m2/repository/org/apache/ozone/ozone-filesystem-common/1.4.0-SNAPSHOT/ozone-filesystem-common-1.4.0-SNAPSHOT.jar:/home/runner/.m2/repository/org/apache/ozone/ozone-tools/1.4.0-SNAPSHOT/ozone-tools-1.4.0-SNAPSHOT.jar:/home/runner/.m2/repository/com/amazonaws/aws-java-sdk-core/1.12.261/aws-java-sdk-core-1.12.261.jar:/home/runner/.m2/repository/org/apache/httpcomponents/httpclient/4.5.13/httpclient-4.5.13.jar:/home/runner/.m2/repository/org/apache/httpcomponents/httpcore/4.4.13/httpcore-4.4.13.jar:/home/runner/.m2/repository/software/amazon/ion/ion-java/1.0.2/ion-java-1.0.2.jar:/home/runner/.m2/repository/com/fasterxml/jackson/dataformat/jackson-dataformat-cbor/2.13.4/jackson-dataformat-cbor-2.13.4.jar:/home/runner/.m2/repository/joda-time/joda-time/2.10.6/joda-time-2.10.6.jar:/home/runner/.m2/repository/com/amazonaws/aws-java-sdk-s3/1.12.261/aws-java-sdk-s3-1.12.261.jar:/home/runner/.m2/repository/com/amazonaws/aws-java-sdk-kms/1.12.261/aws-java-sdk-kms-1.12.261.jar:/home/runner/.m2/repository/com/amazonaws/jmespath-java/1.12.261/jmespath-java-1.12.261.jar:/home/runner/.m2/repository/org/kohsuke/metainf-services/metainf-services/1.8/metainf-services-1.8.jar:/home/runner/.m2/repository/org/apache/ozone/hdds-tools/1.4.0-SNAPSHOT/hdds-tools-1.4.0-SNAPSHOT.jar:/home/runner/.m2/repository/org/apache/ratis/ratis-tools/2.4.2-8b8bdda-SNAPSHOT/ratis-tools-2.4.2-8b8bdda-SNAPSHOT.jar:/home/runner/.m2/repository/commons-cli/commons-cli/1.2/commons-cli-1.2.jar:/home/runner/.m2/repository/org/apache/commons/commons-lang3/3.7/commons-lang3-3.7.jar:/home/runner/.m2/repository/org/apache/ozone/ozone-manager/1.4.0-SNAPSHOT/ozone-manager-1.4.0-SNAPSHOT-tests.jar:/home/runner/.m2/repository/org/apache/ozone/hdds-common/1.4.0-SNAPSHOT/hdds-common-1.4.0-SNAPSHOT-tests.jar:/home/runner/.m2/repository/org/apache/ozone/hdds-hadoop-dependency-client/1.4.0-SNAPSHOT/hdds-hadoop-dependency-client-1.4.0-SNAPSHOT.jar:/home/runner/.m2/repository/info/picocli/picocli/4.6.1/picocli-4.6.1.jar:/home/runner/.m2/repository/com/fasterxml/jackson/core/jackson-annotations/2.13.4/jackson-annotations-2.13.4.jar:/home/runner/.m2/repository/org/apache/ozone/hdds-annotation-processing/1.4.0-SNAPSHOT/hdds-annotation-processing-1.4.0-SNAPSHOT.jar:/home/runner/.m2/repository/javax/annotation/javax.annotation-api/1.2/javax.annotation-api-1.2.jar:/home/runner/.m2/repository/org/apache/ratis/ratis-netty/2.4.2-8b8bdda-SNAPSHOT/ratis-netty-2.4.2-8b8bdda-SNAPSHOT.jar:/home/runner/.m2/repository/org/apache/ratis/ratis-grpc/2.4.2-8b8bdda-SNAPSHOT/ratis-grpc-2.4.2-8b8bdda-SNAPSHOT.jar:/home/runner/.m2/repository/org/apache/logging/log4j/log4j-api/2.17.1/log4j-api-2.17.1.jar:/home/runner/.m2/repository/org/apache/commons/commons-pool2/2.6.0/commons-pool2-2.6.0.jar:/home/runner/.m2/repository/org/bouncycastle/bcpkix-jdk15on/1.67/bcpkix-jdk15on-1.67.jar:/home/runner/.m2/repository/commons-validator/commons-validator/1.6/commons-validator-1.6.jar:/home/runner/.m2/repository/commons-beanutils/commons-beanutils/1.9.4/commons-beanutils-1.9.4.jar:/home/runner/.m2/repository/commons-digester/commons-digester/1.8.1/commons-digester-1.8.1.jar:/home/runner/.m2/repository/commons-collections/commons-collections/3.2.2/commons-collections-3.2.2.jar:/home/runner/.m2/repository/io/jaegertracing/jaeger-client/1.6.0/jaeger-client-1.6.0.jar:/home/runner/.m2/repository/io/jaegertracing/jaeger-thrift/1.6.0/jaeger-thrift-1.6.0.jar:/home/runner/.m2/repository/org/apache/thrift/libthrift/0.14.1/libthrift-0.14.1.jar:/home/runner/.m2/repository/io/jaegertracing/jaeger-core/1.6.0/jaeger-core-1.6.0.jar:/home/runner/.m2/repository/io/jaegertracing/jaeger-tracerresolver/1.6.0/jaeger-tracerresolver-1.6.0.jar:/home/runner/.m2/repository/io/opentracing/contrib/opentracing-tracerresolver/0.1.8/opentracing-tracerresolver-0.1.8.jar:/home/runner/.m2/repository/org/jetbrains/kotlin/kotlin-stdlib/1.6.21/kotlin-stdlib-1.6.21.jar:/home/runner/.m2/repository/org/jetbrains/annotations/13.0/annotations-13.0.jar:/home/runner/.m2/repository/io/opentracing/opentracing-util/0.33.0/opentracing-util-0.33.0.jar:/home/runner/.m2/repository/io/opentracing/opentracing-api/0.33.0/opentracing-api-0.33.0.jar:/home/runner/.m2/repository/io/opentracing/opentracing-noop/0.33.0/opentracing-noop-0.33.0.jar:/home/runner/.m2/repository/org/yaml/snakeyaml/2.0/snakeyaml-2.0.jar:/home/runner/.m2/repository/junit/junit/4.13.1/junit-4.13.1.jar:/home/runner/.m2/repository/org/hamcrest/hamcrest-core/1.3/hamcrest-core-1.3.jar:/home/runner/.m2/repository/org/junit/jupiter/junit-jupiter-api/5.8.2/junit-jupiter-api-5.8.2.jar:/home/runner/.m2/repository/org/opentest4j/opentest4j/1.2.0/opentest4j-1.2.0.jar:/home/runner/.m2/repository/org/junit/platform/junit-platform-commons/1.8.2/junit-platform-commons-1.8.2.jar:/home/runner/.m2/repository/org/apiguardian/apiguardian-api/1.1.2/apiguardian-api-1.1.2.jar:/home/runner/.m2/repository/org/junit/jupiter/junit-jupiter-params/5.8.2/junit-jupiter-params-5.8.2.jar:/home/runner/.m2/repository/org/junit/jupiter/junit-jupiter-migrationsupport/5.8.2/junit-jupiter-migrationsupport-5.8.2.jar:/home/runner/.m2/repository/org/junit/jupiter/junit-jupiter-engine/5.8.2/junit-jupiter-engine-5.8.2.jar:/home/runner/.m2/repository/org/junit/platform/junit-platform-engine/1.8.2/junit-platform-engine-1.8.2.jar:/home/runner/.m2/repository/org/junit/vintage/junit-vintage-engine/5.8.2/junit-vintage-engine-5.8.2.jar:/home/runner/.m2/repository/org/junit/platform/junit-platform-launcher/1.8.2/junit-platform-launcher-1.8.2.jar:/home/runner/.m2/repository/org/mockito/mockito-core/2.28.2/mockito-core-2.28.2.jar:/home/runner/.m2/repository/net/bytebuddy/byte-buddy/1.9.10/byte-buddy-1.9.10.jar:/home/runner/.m2/repository/net/bytebuddy/byte-buddy-agent/1.9.10/byte-buddy-agent-1.9.10.jar:/home/runner/.m2/repository/org/objenesis/objenesis/1.0/objenesis-1.0.jar:/home/runner/.m2/repository/org/apache/hadoop/hadoop-kms/3.3.4/hadoop-kms-3.3.4.jar:/home/runner/.m2/repository/org/apache/hadoop/hadoop-auth/3.3.4/hadoop-auth-3.3.4.jar:/home/runner/.m2/repository/com/nimbusds/nimbus-jose-jwt/9.8.1/nimbus-jose-jwt-9.8.1.jar:/home/runner/.m2/repository/com/github/stephenc/jcip/jcip-annotations/1.0-1/jcip-annotations-1.0-1.jar:/home/runner/.m2/repository/net/minidev/json-smart/2.4.7/json-smart-2.4.7.jar:/home/runner/.m2/repository/net/minidev/accessors-smart/2.4.7/accessors-smart-2.4.7.jar:/home/runner/.m2/repository/org/ow2/asm/asm/5.0.4/asm-5.0.4.jar:/home/runner/.m2/repository/org/apache/zookeeper/zookeeper/3.5.6/zookeeper-3.5.6.jar:/home/runner/.m2/repository/org/apache/zookeeper/zookeeper-jute/3.5.6/zookeeper-jute-3.5.6.jar:/home/runner/.m2/repository/org/apache/yetus/audience-annotations/0.5.0/audience-annotations-0.5.0.jar:/home/runner/.m2/repository/org/apache/curator/curator-framework/4.2.0/curator-framework-4.2.0.jar:/home/runner/.m2/repository/org/apache/hadoop/thirdparty/hadoop-shaded-guava/1.1.1/hadoop-shaded-guava-1.1.1.jar:/home/runner/.m2/repository/com/sun/jersey/jersey-core/1.19/jersey-core-1.19.jar:/home/runner/.m2/repository/javax/ws/rs/jsr311-api/1.1.1/jsr311-api-1.1.1.jar:/home/runner/.m2/repository/com/sun/jersey/jersey-server/1.19/jersey-server-1.19.jar:/home/runner/.m2/repository/javax/servlet/javax.servlet-api/3.1.0/javax.servlet-api-3.1.0.jar:/home/runner/.m2/repository/org/apache/hadoop/hadoop-common/3.3.4/hadoop-common-3.3.4.jar:/home/runner/.m2/repository/org/apache/commons/commons-math3/3.1.1/commons-math3-3.1.1.jar:/home/runner/.m2/repository/commons-net/commons-net/3.9.0/commons-net-3.9.0.jar:/home/runner/.m2/repository/com/sun/jersey/jersey-servlet/1.19/jersey-servlet-1.19.jar:/home/runner/.m2/repository/com/sun/jersey/jersey-json/1.19/jersey-json-1.19.jar:/home/runner/.m2/repository/org/codehaus/jettison/jettison/1.1/jettison-1.1.jar:/home/runner/.m2/repository/com/sun/xml/bind/jaxb-impl/2.2.3-1/jaxb-impl-2.2.3-1.jar:/home/runner/.m2/repository/org/codehaus/jackson/jackson-jaxrs/1.9.2/jackson-jaxrs-1.9.2.jar:/home/runner/.m2/repository/org/codehaus/jackson/jackson-xc/1.9.2/jackson-xc-1.9.2.jar:/home/runner/.m2/repository/com/google/re2j/re2j/1.1/re2j-1.1.jar:/home/runner/.m2/repository/com/jcraft/jsch/0.1.54/jsch-0.1.54.jar:/home/runner/.m2/repository/org/apache/curator/curator-client/4.2.0/curator-client-4.2.0.jar:/home/runner/.m2/repository/org/apache/curator/curator-recipes/4.2.0/curator-recipes-4.2.0.jar:/home/runner/.m2/repository/org/apache/kerby/kerb-core/1.0.1/kerb-core-1.0.1.jar:/home/runner/.m2/repository/org/apache/kerby/kerby-pkix/1.0.1/kerby-pkix-1.0.1.jar:/home/runner/.m2/repository/org/apache/kerby/kerby-asn1/1.0.1/kerby-asn1-1.0.1.jar:/home/runner/.m2/repository/org/apache/kerby/kerby-util/1.0.1/kerby-util-1.0.1.jar:/home/runner/.m2/repository/dnsjava/dnsjava/2.1.7/dnsjava-2.1.7.jar:/home/runner/.m2/repository/org/xerial/snappy/snappy-java/1.1.8.2/snappy-java-1.1.8.2.jar:/home/runner/.m2/repository/com/fasterxml/jackson/core/jackson-databind/2.13.4.2/jackson-databind-2.13.4.2.jar:/home/runner/.m2/repository/org/apache/hadoop/hadoop-kms/3.3.4/hadoop-kms-3.3.4-tests.jar:/home/runner/.m2/repository/org/apache/ozone/hdds-server-scm/1.4.0-SNAPSHOT/hdds-server-scm-1.4.0-SNAPSHOT-tests.jar:/home/runner/.m2/repository/org/apache/ozone/hdds-container-service/1.4.0-SNAPSHOT/hdds-container-service-1.4.0-SNAPSHOT-tests.jar:/home/runner/.m2/repository/com/github/luben/zstd-jni/1.5.2-5/zstd-jni-1.5.2-5.jar:/home/runner/.m2/repository/commons-codec/commons-codec/1.15/commons-codec-1.15.jar:/home/runner/.m2/repository/io/netty/netty-codec/4.1.86.Final/netty-codec-4.1.86.Final.jar:/home/runner/.m2/repository/io/netty/netty-handler/4.1.86.Final/netty-handler-4.1.86.Final.jar:/home/runner/.m2/repository/org/apache/ozone/hdds-hadoop-dependency-test/1.4.0-SNAPSHOT/hdds-hadoop-dependency-test-1.4.0-SNAPSHOT.jar:/home/runner/.m2/repository/org/apache/hadoop/hadoop-common/3.3.4/hadoop-common-3.3.4-tests.jar:/home/runner/.m2/repository/org/apache/hadoop/hadoop-hdfs/3.3.4/hadoop-hdfs-3.3.4-tests.jar:/home/runner/.m2/repository/org/assertj/assertj-core/3.12.2/assertj-core-3.12.2.jar:/home/runner/.m2/repository/org/apache/hadoop/hadoop-distcp/3.3.4/hadoop-distcp-3.3.4.jar:/home/runner/.m2/repository/org/apache/hadoop/hadoop-mapreduce-client-jobclient/3.3.4/hadoop-mapreduce-client-jobclient-3.3.4.jar:/home/runner/.m2/repository/org/apache/hadoop/hadoop-mapreduce-client-common/3.3.4/hadoop-mapreduce-client-common-3.3.4.jar:/home/runner/.m2/repository/org/apache/hadoop/hadoop-yarn-common/3.3.4/hadoop-yarn-common-3.3.4.jar:/home/runner/.m2/repository/org/apache/hadoop/hadoop-yarn-api/3.3.4/hadoop-yarn-api-3.3.4.jar:/home/runner/.m2/repository/com/sun/jersey/contribs/jersey-guice/1.19/jersey-guice-1.19.jar:/home/runner/.m2/repository/com/fasterxml/jackson/jaxrs/jackson-jaxrs-json-provider/2.13.4/jackson-jaxrs-json-provider-2.13.4.jar:/home/runner/.m2/repository/com/fasterxml/jackson/jaxrs/jackson-jaxrs-base/2.13.4/jackson-jaxrs-base-2.13.4.jar:/home/runner/.m2/repository/org/apache/hadoop/hadoop-yarn-client/3.3.4/hadoop-yarn-client-3.3.4.jar:/home/runner/.m2/repository/org/eclipse/jetty/websocket/websocket-client/9.4.43.v20210629/websocket-client-9.4.43.v20210629.jar:/home/runner/.m2/repository/org/eclipse/jetty/websocket/websocket-common/9.4.43.v20210629/websocket-common-9.4.43.v20210629.jar:/home/runner/.m2/repository/org/eclipse/jetty/websocket/websocket-api/9.4.43.v20210629/websocket-api-9.4.43.v20210629.jar:/home/runner/.m2/repository/org/jline/jline/3.9.0/jline-3.9.0.jar:/home/runner/.m2/repository/org/apache/hadoop/hadoop-mapreduce-client-core/3.3.4/hadoop-mapreduce-client-core-3.3.4.jar:/home/runner/.m2/repository/org/apache/avro/avro/1.7.7/avro-1.7.7.jar:/home/runner/.m2/repository/org/codehaus/jackson/jackson-core-asl/1.9.13/jackson-core-asl-1.9.13.jar:/home/runner/.m2/repository/org/codehaus/jackson/jackson-mapper-asl/1.9.13/jackson-mapper-asl-1.9.13.jar:/home/runner/.m2/repository/com/thoughtworks/paranamer/paranamer/2.3/paranamer-2.3.jar:/home/runner/.m2/repository/org/apache/hadoop/hadoop-annotations/3.3.4/hadoop-annotations-3.3.4.jar:/usr/lib/jvm/temurin-8-jdk-amd64/jre/../lib/tools.jar:/home/runner/.m2/repository/io/netty/netty/3.10.6.Final/netty-3.10.6.Final.jar:/home/runner/.m2/repository/org/apache/hadoop/hadoop-distcp/3.3.4/hadoop-distcp-3.3.4-tests.jar:/home/runner/.m2/repository/org/slf4j/jul-to-slf4j/1.7.36/jul-to-slf4j-1.7.36.jar:"/>
    <property name="java.vm.vendor" value="Temurin"/>
    <property name="sun.arch.data.model" value="64"/>
    <property name="test.build.dir" value="/home/runner/work/ozone/ozone/hadoop-ozone/integration-test/target/test-dir"/>
    <property name="test.cache.data" value=""/>
    <property name="java.vendor.url" value="https://adoptium.net/"/>
    <property name="user.timezone" value="Etc/UTC"/>
    <property name="java.vm.specification.version" value="1.8"/>
    <property name="os.name" value="Linux"/>
    <property name="test.build.data" value="/home/runner/work/ozone/ozone/hadoop-ozone/integration-test/target/test-dir"/>
    <property name="sun.java.launcher" value="SUN_STANDARD"/>
    <property name="sun.boot.library.path" value="/usr/lib/jvm/temurin-8-jdk-amd64/jre/lib/amd64"/>
    <property name="sun.java.command" value="/home/runner/work/ozone/ozone/hadoop-ozone/integration-test/target/surefire/surefirebooter939595673160856775.jar /home/runner/work/ozone/ozone/hadoop-ozone/integration-test/target/surefire 2023-03-29T22-43-34_662-jvmRun1 surefire737424505233456310tmp surefire_38463054852633389149tmp"/>
    <property name="surefire.test.class.path" value="/home/runner/work/ozone/ozone/hadoop-ozone/integration-test/target/test-classes:/home/runner/work/ozone/ozone/hadoop-ozone/integration-test/target/classes:/home/runner/.m2/repository/org/apache/ozone/ozone-common/1.4.0-SNAPSHOT/ozone-common-1.4.0-SNAPSHOT.jar:/home/runner/.m2/repository/io/grpc/grpc-netty/1.51.1/grpc-netty-1.51.1.jar:/home/runner/.m2/repository/io/grpc/grpc-core/1.51.1/grpc-core-1.51.1.jar:/home/runner/.m2/repository/com/google/android/annotations/4.1.1.4/annotations-4.1.1.4.jar:/home/runner/.m2/repository/org/codehaus/mojo/animal-sniffer-annotations/1.21/animal-sniffer-annotations-1.21.jar:/home/runner/.m2/repository/com/google/errorprone/error_prone_annotations/2.2.0/error_prone_annotations-2.2.0.jar:/home/runner/.m2/repository/io/perfmark/perfmark-api/0.25.0/perfmark-api-0.25.0.jar:/home/runner/.m2/repository/io/netty/netty-codec-http2/4.1.86.Final/netty-codec-http2-4.1.86.Final.jar:/home/runner/.m2/repository/io/netty/netty-common/4.1.86.Final/netty-common-4.1.86.Final.jar:/home/runner/.m2/repository/io/netty/netty-buffer/4.1.86.Final/netty-buffer-4.1.86.Final.jar:/home/runner/.m2/repository/io/netty/netty-codec-http/4.1.86.Final/netty-codec-http-4.1.86.Final.jar:/home/runner/.m2/repository/io/netty/netty-handler-proxy/4.1.86.Final/netty-handler-proxy-4.1.86.Final.jar:/home/runner/.m2/repository/io/netty/netty-codec-socks/4.1.86.Final/netty-codec-socks-4.1.86.Final.jar:/home/runner/.m2/repository/io/netty/netty-tcnative-boringssl-static/2.0.54.Final/netty-tcnative-boringssl-static-2.0.54.Final.jar:/home/runner/.m2/repository/io/netty/netty-tcnative-classes/2.0.54.Final/netty-tcnative-classes-2.0.54.Final.jar:/home/runner/.m2/repository/io/netty/netty-tcnative-boringssl-static/2.0.54.Final/netty-tcnative-boringssl-static-2.0.54.Final-linux-x86_64.jar:/home/runner/.m2/repository/io/netty/netty-tcnative-boringssl-static/2.0.54.Final/netty-tcnative-boringssl-static-2.0.54.Final-linux-aarch_64.jar:/home/runner/.m2/repository/io/netty/netty-tcnative-boringssl-static/2.0.54.Final/netty-tcnative-boringssl-static-2.0.54.Final-osx-x86_64.jar:/home/runner/.m2/repository/io/netty/netty-tcnative-boringssl-static/2.0.54.Final/netty-tcnative-boringssl-static-2.0.54.Final-osx-aarch_64.jar:/home/runner/.m2/repository/io/netty/netty-tcnative-boringssl-static/2.0.54.Final/netty-tcnative-boringssl-static-2.0.54.Final-windows-x86_64.jar:/home/runner/.m2/repository/org/apache/commons/commons-compress/1.21/commons-compress-1.21.jar:/home/runner/.m2/repository/org/apache/ozone/hdds-common/1.4.0-SNAPSHOT/hdds-common-1.4.0-SNAPSHOT.jar:/home/runner/.m2/repository/org/apache/ozone/hdds-client/1.4.0-SNAPSHOT/hdds-client-1.4.0-SNAPSHOT.jar:/home/runner/.m2/repository/org/apache/ozone/ozone-interface-client/1.4.0-SNAPSHOT/ozone-interface-client-1.4.0-SNAPSHOT.jar:/home/runner/.m2/repository/org/apache/ozone/hdds-test-utils/1.4.0-SNAPSHOT/hdds-test-utils-1.4.0-SNAPSHOT.jar:/home/runner/.m2/repository/com/google/guava/guava/31.1-jre/guava-31.1-jre.jar:/home/runner/.m2/repository/com/google/guava/failureaccess/1.0.1/failureaccess-1.0.1.jar:/home/runner/.m2/repository/com/google/guava/listenablefuture/9999.0-empty-to-avoid-conflict-with-guava/listenablefuture-9999.0-empty-to-avoid-conflict-with-guava.jar:/home/runner/.m2/repository/com/google/code/findbugs/jsr305/3.0.0/jsr305-3.0.0.jar:/home/runner/.m2/repository/org/checkerframework/checker-qual/3.12.0/checker-qual-3.12.0.jar:/home/runner/.m2/repository/com/google/j2objc/j2objc-annotations/1.3/j2objc-annotations-1.3.jar:/home/runner/.m2/repository/commons-io/commons-io/2.11.0/commons-io-2.11.0.jar:/home/runner/.m2/repository/commons-logging/commons-logging/1.2/commons-logging-1.2.jar:/home/runner/.m2/repository/ch/qos/reload4j/reload4j/1.2.22/reload4j-1.2.22.jar:/home/runner/.m2/repository/org/slf4j/slf4j-api/1.7.36/slf4j-api-1.7.36.jar:/home/runner/.m2/repository/org/apache/ozone/hdds-server-scm/1.4.0-SNAPSHOT/hdds-server-scm-1.4.0-SNAPSHOT.jar:/home/runner/.m2/repository/org/apache/ozone/hdds-container-service/1.4.0-SNAPSHOT/hdds-container-service-1.4.0-SNAPSHOT.jar:/home/runner/.m2/repository/org/apache/ozone/hdds-hadoop-dependency-server/1.4.0-SNAPSHOT/hdds-hadoop-dependency-server-1.4.0-SNAPSHOT.jar:/home/runner/.m2/repository/org/apache/hadoop/hadoop-hdfs/3.3.4/hadoop-hdfs-3.3.4.jar:/home/runner/.m2/repository/commons-daemon/commons-daemon/1.0.13/commons-daemon-1.0.13.jar:/home/runner/.m2/repository/org/apache/ozone/hdds-server-framework/1.4.0-SNAPSHOT/hdds-server-framework-1.4.0-SNAPSHOT.jar:/home/runner/.m2/repository/io/dropwizard/metrics/metrics-core/3.2.4/metrics-core-3.2.4.jar:/home/runner/.m2/repository/org/apache/commons/commons-text/1.4/commons-text-1.4.jar:/home/runner/.m2/repository/org/apache/hadoop/hadoop-hdfs-client/3.3.4/hadoop-hdfs-client-3.3.4.jar:/home/runner/.m2/repository/com/squareup/okhttp3/okhttp/4.9.3/okhttp-4.9.3.jar:/home/runner/.m2/repository/com/squareup/okio/okio/2.8.0/okio-2.8.0.jar:/home/runner/.m2/repository/org/jetbrains/kotlin/kotlin-stdlib-common/1.6.21/kotlin-stdlib-common-1.6.21.jar:/home/runner/.m2/repository/org/bouncycastle/bcprov-jdk15on/1.67/bcprov-jdk15on-1.67.jar:/home/runner/.m2/repository/com/google/protobuf/protobuf-java/2.5.0/protobuf-java-2.5.0.jar:/home/runner/.m2/repository/org/apache/ozone/hdds-server-framework/1.4.0-SNAPSHOT/hdds-server-framework-1.4.0-SNAPSHOT-tests.jar:/home/runner/.m2/repository/org/apache/ozone/hdds-interface-server/1.4.0-SNAPSHOT/hdds-interface-server-1.4.0-SNAPSHOT.jar:/home/runner/.m2/repository/org/apache/ozone/hdds-interface-admin/1.4.0-SNAPSHOT/hdds-interface-admin-1.4.0-SNAPSHOT.jar:/home/runner/.m2/repository/org/apache/ozone/hdds-managed-rocksdb/1.4.0-SNAPSHOT/hdds-managed-rocksdb-1.4.0-SNAPSHOT.jar:/home/runner/.m2/repository/org/rocksdb/rocksdbjni/7.7.3/rocksdbjni-7.7.3.jar:/home/runner/.m2/repository/org/slf4j/slf4j-reload4j/1.7.36/slf4j-reload4j-1.7.36.jar:/home/runner/.m2/repository/org/apache/commons/commons-configuration2/2.1.1/commons-configuration2-2.1.1.jar:/home/runner/.m2/repository/org/apache/logging/log4j/log4j-core/2.17.1/log4j-core-2.17.1.jar:/home/runner/.m2/repository/com/lmax/disruptor/3.4.2/disruptor-3.4.2.jar:/home/runner/.m2/repository/org/eclipse/jetty/jetty-util/9.4.49.v20220914/jetty-util-9.4.49.v20220914.jar:/home/runner/.m2/repository/org/eclipse/jetty/jetty-server/9.4.49.v20220914/jetty-server-9.4.49.v20220914.jar:/home/runner/.m2/repository/org/eclipse/jetty/jetty-http/9.4.49.v20220914/jetty-http-9.4.49.v20220914.jar:/home/runner/.m2/repository/org/eclipse/jetty/jetty-io/9.4.49.v20220914/jetty-io-9.4.49.v20220914.jar:/home/runner/.m2/repository/org/eclipse/jetty/jetty-servlet/9.4.49.v20220914/jetty-servlet-9.4.49.v20220914.jar:/home/runner/.m2/repository/org/eclipse/jetty/jetty-security/9.4.49.v20220914/jetty-security-9.4.49.v20220914.jar:/home/runner/.m2/repository/org/eclipse/jetty/jetty-util-ajax/9.4.49.v20220914/jetty-util-ajax-9.4.49.v20220914.jar:/home/runner/.m2/repository/org/eclipse/jetty/jetty-webapp/9.4.49.v20220914/jetty-webapp-9.4.49.v20220914.jar:/home/runner/.m2/repository/org/eclipse/jetty/jetty-xml/9.4.49.v20220914/jetty-xml-9.4.49.v20220914.jar:/home/runner/.m2/repository/org/apache/ratis/ratis-server/2.4.2-8b8bdda-SNAPSHOT/ratis-server-2.4.2-8b8bdda-SNAPSHOT.jar:/home/runner/.m2/repository/org/apache/ratis/ratis-thirdparty-misc/1.0.3/ratis-thirdparty-misc-1.0.3.jar:/home/runner/.m2/repository/org/apache/ratis/ratis-proto/2.4.2-8b8bdda-SNAPSHOT/ratis-proto-2.4.2-8b8bdda-SNAPSHOT.jar:/home/runner/.m2/repository/org/apache/ratis/ratis-common/2.4.2-8b8bdda-SNAPSHOT/ratis-common-2.4.2-8b8bdda-SNAPSHOT.jar:/home/runner/.m2/repository/org/apache/ratis/ratis-client/2.4.2-8b8bdda-SNAPSHOT/ratis-client-2.4.2-8b8bdda-SNAPSHOT.jar:/home/runner/.m2/repository/org/apache/ratis/ratis-server-api/2.4.2-8b8bdda-SNAPSHOT/ratis-server-api-2.4.2-8b8bdda-SNAPSHOT.jar:/home/runner/.m2/repository/org/apache/ratis/ratis-metrics/2.4.2-8b8bdda-SNAPSHOT/ratis-metrics-2.4.2-8b8bdda-SNAPSHOT.jar:/home/runner/.m2/repository/io/prometheus/simpleclient_dropwizard/0.7.0/simpleclient_dropwizard-0.7.0.jar:/home/runner/.m2/repository/io/prometheus/simpleclient/0.7.0/simpleclient-0.7.0.jar:/home/runner/.m2/repository/io/prometheus/simpleclient_common/0.7.0/simpleclient_common-0.7.0.jar:/home/runner/.m2/repository/com/fasterxml/jackson/datatype/jackson-datatype-jsr310/2.13.4/jackson-datatype-jsr310-2.13.4.jar:/home/runner/.m2/repository/com/fasterxml/jackson/core/jackson-core/2.13.4/jackson-core-2.13.4.jar:/home/runner/.m2/repository/com/github/spotbugs/spotbugs-annotations/3.1.12/spotbugs-annotations-3.1.12.jar:/home/runner/.m2/repository/org/apache/ozone/rocksdb-checkpoint-differ/1.4.0-SNAPSHOT/rocksdb-checkpoint-differ-1.4.0-SNAPSHOT.jar:/home/runner/.m2/repository/org/awaitility/awaitility/4.2.0/awaitility-4.2.0.jar:/home/runner/.m2/repository/org/hamcrest/hamcrest/2.1/hamcrest-2.1.jar:/home/runner/.m2/repository/org/apache/ozone/ozone-manager/1.4.0-SNAPSHOT/ozone-manager-1.4.0-SNAPSHOT.jar:/home/runner/.m2/repository/org/aspectj/aspectjrt/1.9.7/aspectjrt-1.9.7.jar:/home/runner/.m2/repository/org/aspectj/aspectjweaver/1.9.7/aspectjweaver-1.9.7.jar:/home/runner/.m2/repository/org/apache/ozone/hdds-interface-client/1.4.0-SNAPSHOT/hdds-interface-client-1.4.0-SNAPSHOT.jar:/home/runner/.m2/repository/org/apache/hadoop/thirdparty/hadoop-shaded-protobuf_3_7/1.1.1/hadoop-shaded-protobuf_3_7-1.1.1.jar:/home/runner/.m2/repository/org/apache/ozone/ozone-interface-storage/1.4.0-SNAPSHOT/ozone-interface-storage-1.4.0-SNAPSHOT.jar:/home/runner/.m2/repository/org/reflections/reflections/0.9.11/reflections-0.9.11.jar:/home/runner/.m2/repository/com/sun/jersey/jersey-client/1.19/jersey-client-1.19.jar:/home/runner/.m2/repository/org/apache/ranger/ranger-intg/2.3.0/ranger-intg-2.3.0.jar:/home/runner/.m2/repository/org/apache/ranger/ranger-plugins-common/2.3.0/ranger-plugins-common-2.3.0.jar:/home/runner/.m2/repository/commons-lang/commons-lang/2.6/commons-lang-2.6.jar:/home/runner/.m2/repository/org/apache/ranger/ranger-plugins-cred/2.3.0/ranger-plugins-cred-2.3.0.jar:/home/runner/.m2/repository/org/apache/ranger/ranger-plugins-audit/2.3.0/ranger-plugins-audit-2.3.0.jar:/home/runner/.m2/repository/org/eclipse/jetty/jetty-client/9.4.49.v20220914/jetty-client-9.4.49.v20220914.jar:/home/runner/.m2/repository/org/apache/httpcomponents/httpmime/4.5.6/httpmime-4.5.6.jar:/home/runner/.m2/repository/org/apache/httpcomponents/httpcore-nio/4.4.13/httpcore-nio-4.4.13.jar:/home/runner/.m2/repository/org/apache/httpcomponents/httpasyncclient/4.1.3/httpasyncclient-4.1.3.jar:/home/runner/.m2/repository/com/carrotsearch/hppc/0.8.0/hppc-0.8.0.jar:/home/runner/.m2/repository/org/apache/orc/orc-core/1.5.8/orc-core-1.5.8.jar:/home/runner/.m2/repository/net/java/dev/jna/jna/5.2.0/jna-5.2.0.jar:/home/runner/.m2/repository/net/java/dev/jna/jna-platform/5.2.0/jna-platform-5.2.0.jar:/home/runner/.m2/repository/com/kstruct/gethostname4j/0.0.2/gethostname4j-0.0.2.jar:/home/runner/.m2/repository/org/apache/ranger/ranger-plugin-classloader/2.3.0/ranger-plugin-classloader-2.3.0.jar:/home/runner/.m2/repository/org/apache/hadoop/hadoop-minikdc/3.3.4/hadoop-minikdc-3.3.4.jar:/home/runner/.m2/repository/org/apache/kerby/kerb-simplekdc/1.0.1/kerb-simplekdc-1.0.1.jar:/home/runner/.m2/repository/org/apache/kerby/kerb-client/1.0.1/kerb-client-1.0.1.jar:/home/runner/.m2/repository/org/apache/kerby/kerby-config/1.0.1/kerby-config-1.0.1.jar:/home/runner/.m2/repository/org/apache/kerby/kerb-common/1.0.1/kerb-common-1.0.1.jar:/home/runner/.m2/repository/org/apache/kerby/kerb-crypto/1.0.1/kerb-crypto-1.0.1.jar:/home/runner/.m2/repository/org/apache/kerby/kerb-util/1.0.1/kerb-util-1.0.1.jar:/home/runner/.m2/repository/org/apache/kerby/token-provider/1.0.1/token-provider-1.0.1.jar:/home/runner/.m2/repository/org/apache/kerby/kerb-admin/1.0.1/kerb-admin-1.0.1.jar:/home/runner/.m2/repository/org/apache/kerby/kerb-server/1.0.1/kerb-server-1.0.1.jar:/home/runner/.m2/repository/org/apache/kerby/kerb-identity/1.0.1/kerb-identity-1.0.1.jar:/home/runner/.m2/repository/org/apache/kerby/kerby-xdr/1.0.1/kerby-xdr-1.0.1.jar:/home/runner/.m2/repository/org/apache/ozone/ozone-s3gateway/1.4.0-SNAPSHOT/ozone-s3gateway-1.4.0-SNAPSHOT.jar:/home/runner/.m2/repository/org/javassist/javassist/3.21.0-GA/javassist-3.21.0-GA.jar:/home/runner/.m2/repository/org/jboss/weld/servlet/weld-servlet-shaded/3.1.9.Final/weld-servlet-shaded-3.1.9.Final.jar:/home/runner/.m2/repository/org/glassfish/jersey/containers/jersey-container-servlet-core/2.34/jersey-container-servlet-core-2.34.jar:/home/runner/.m2/repository/org/glassfish/hk2/external/jakarta.inject/2.6.1/jakarta.inject-2.6.1.jar:/home/runner/.m2/repository/org/glassfish/jersey/core/jersey-common/2.34/jersey-common-2.34.jar:/home/runner/.m2/repository/jakarta/ws/rs/jakarta.ws.rs-api/2.1.6/jakarta.ws.rs-api-2.1.6.jar:/home/runner/.m2/repository/org/glassfish/jersey/ext/cdi/jersey-cdi1x/2.34/jersey-cdi1x-2.34.jar:/home/runner/.m2/repository/org/glassfish/jersey/inject/jersey-hk2/2.34/jersey-hk2-2.34.jar:/home/runner/.m2/repository/org/glassfish/hk2/hk2-locator/2.6.1/hk2-locator-2.6.1.jar:/home/runner/.m2/repository/org/glassfish/jersey/media/jersey-media-jaxb/2.34/jersey-media-jaxb-2.34.jar:/home/runner/.m2/repository/org/glassfish/hk2/osgi-resource-locator/1.0.3/osgi-resource-locator-1.0.3.jar:/home/runner/.m2/repository/org/glassfish/hk2/hk2-api/2.5.0/hk2-api-2.5.0.jar:/home/runner/.m2/repository/org/glassfish/hk2/hk2-utils/2.5.0/hk2-utils-2.5.0.jar:/home/runner/.m2/repository/org/glassfish/hk2/external/aopalliance-repackaged/2.5.0/aopalliance-repackaged-2.5.0.jar:/home/runner/.m2/repository/com/fasterxml/jackson/dataformat/jackson-dataformat-xml/2.13.4/jackson-dataformat-xml-2.13.4.jar:/home/runner/.m2/repository/org/codehaus/woodstox/stax2-api/4.2.1/stax2-api-4.2.1.jar:/home/runner/.m2/repository/com/fasterxml/woodstox/woodstox-core/5.4.0/woodstox-core-5.4.0.jar:/home/runner/.m2/repository/com/fasterxml/jackson/module/jackson-module-jaxb-annotations/2.13.4/jackson-module-jaxb-annotations-2.13.4.jar:/home/runner/.m2/repository/jakarta/xml/bind/jakarta.xml.bind-api/2.3.3/jakarta.xml.bind-api-2.3.3.jar:/home/runner/.m2/repository/jakarta/activation/jakarta.activation-api/1.2.2/jakarta.activation-api-1.2.2.jar:/home/runner/.m2/repository/javax/enterprise/cdi-api/2.0/cdi-api-2.0.jar:/home/runner/.m2/repository/javax/el/javax.el-api/3.0.0/javax.el-api-3.0.0.jar:/home/runner/.m2/repository/javax/interceptor/javax.interceptor-api/1.2/javax.interceptor-api-1.2.jar:/home/runner/.m2/repository/javax/inject/javax.inject/1/javax.inject-1.jar:/home/runner/.m2/repository/javax/xml/bind/jaxb-api/2.3.0/jaxb-api-2.3.0.jar:/home/runner/.m2/repository/org/glassfish/jaxb/jaxb-runtime/2.3.0.1/jaxb-runtime-2.3.0.1.jar:/home/runner/.m2/repository/org/glassfish/jaxb/jaxb-core/2.3.0.1/jaxb-core-2.3.0.1.jar:/home/runner/.m2/repository/org/glassfish/jaxb/txw2/2.3.0.1/txw2-2.3.0.1.jar:/home/runner/.m2/repository/com/sun/istack/istack-commons-runtime/3.0.5/istack-commons-runtime-3.0.5.jar:/home/runner/.m2/repository/org/jvnet/staxex/stax-ex/1.7.8/stax-ex-1.7.8.jar:/home/runner/.m2/repository/com/sun/xml/fastinfoset/FastInfoset/1.2.13/FastInfoset-1.2.13.jar:/home/runner/.m2/repository/javax/activation/activation/1.1.1/activation-1.1.1.jar:/home/runner/.m2/repository/io/grpc/grpc-protobuf/1.51.1/grpc-protobuf-1.51.1.jar:/home/runner/.m2/repository/io/grpc/grpc-api/1.51.1/grpc-api-1.51.1.jar:/home/runner/.m2/repository/io/grpc/grpc-context/1.51.1/grpc-context-1.51.1.jar:/home/runner/.m2/repository/com/google/api/grpc/proto-google-common-protos/2.9.0/proto-google-common-protos-2.9.0.jar:/home/runner/.m2/repository/io/grpc/grpc-protobuf-lite/1.51.1/grpc-protobuf-lite-1.51.1.jar:/home/runner/.m2/repository/io/grpc/grpc-stub/1.51.1/grpc-stub-1.51.1.jar:/home/runner/.m2/repository/io/netty/netty-transport/4.1.86.Final/netty-transport-4.1.86.Final.jar:/home/runner/.m2/repository/io/netty/netty-resolver/4.1.86.Final/netty-resolver-4.1.86.Final.jar:/home/runner/.m2/repository/org/apache/ozone/ozone-csi/1.4.0-SNAPSHOT/ozone-csi-1.4.0-SNAPSHOT.jar:/home/runner/.m2/repository/com/google/protobuf/protobuf-java-util/3.19.6/protobuf-java-util-3.19.6.jar:/home/runner/.m2/repository/com/google/code/gson/gson/2.9.0/gson-2.9.0.jar:/home/runner/.m2/repository/org/apache/ozone/hdds-config/1.4.0-SNAPSHOT/hdds-config-1.4.0-SNAPSHOT.jar:/home/runner/.m2/repository/io/netty/netty-transport-native-epoll/4.1.86.Final/netty-transport-native-epoll-4.1.86.Final-linux-x86_64.jar:/home/runner/.m2/repository/io/netty/netty-transport-classes-epoll/4.1.86.Final/netty-transport-classes-epoll-4.1.86.Final.jar:/home/runner/.m2/repository/io/netty/netty-transport-native-unix-common/4.1.86.Final/netty-transport-native-unix-common-4.1.86.Final.jar:/home/runner/.m2/repository/org/apache/ozone/ozone-recon/1.4.0-SNAPSHOT/ozone-recon-1.4.0-SNAPSHOT.jar:/home/runner/.m2/repository/org/apache/ozone/ozone-reconcodegen/1.4.0-SNAPSHOT/ozone-reconcodegen-1.4.0-SNAPSHOT.jar:/home/runner/.m2/repository/com/google/inject/guice/5.1.0/guice-5.1.0.jar:/home/runner/.m2/repository/aopalliance/aopalliance/1.0/aopalliance-1.0.jar:/home/runner/.m2/repository/com/google/inject/extensions/guice-assistedinject/5.1.0/guice-assistedinject-5.1.0.jar:/home/runner/.m2/repository/com/google/inject/extensions/guice-servlet/5.1.0/guice-servlet-5.1.0.jar:/home/runner/.m2/repository/org/glassfish/jersey/containers/jersey-container-servlet/2.34/jersey-container-servlet-2.34.jar:/home/runner/.m2/repository/org/glassfish/hk2/guice-bridge/2.5.0/guice-bridge-2.5.0.jar:/home/runner/.m2/repository/org/glassfish/jersey/core/jersey-server/2.34/jersey-server-2.34.jar:/home/runner/.m2/repository/org/glassfish/jersey/core/jersey-client/2.34/jersey-client-2.34.jar:/home/runner/.m2/repository/jakarta/annotation/jakarta.annotation-api/1.3.5/jakarta.annotation-api-1.3.5.jar:/home/runner/.m2/repository/jakarta/validation/jakarta.validation-api/2.0.2/jakarta.validation-api-2.0.2.jar:/home/runner/.m2/repository/org/glassfish/jersey/media/jersey-media-json-jackson/2.34/jersey-media-json-jackson-2.34.jar:/home/runner/.m2/repository/org/glassfish/jersey/ext/jersey-entity-filtering/2.34/jersey-entity-filtering-2.34.jar:/home/runner/.m2/repository/org/jooq/jooq/3.11.10/jooq-3.11.10.jar:/home/runner/.m2/repository/org/jooq/jooq-meta/3.11.10/jooq-meta-3.11.10.jar:/home/runner/.m2/repository/org/jooq/jooq-codegen/3.11.10/jooq-codegen-3.11.10.jar:/home/runner/.m2/repository/com/jolbox/bonecp/0.8.0.RELEASE/bonecp-0.8.0.RELEASE.jar:/home/runner/.m2/repository/org/apache/derby/derby/10.14.2.0/derby-10.14.2.0.jar:/home/runner/.m2/repository/org/xerial/sqlite-jdbc/3.25.2/sqlite-jdbc-3.25.2.jar:/home/runner/.m2/repository/org/springframework/spring-jdbc/5.3.23/spring-jdbc-5.3.23.jar:/home/runner/.m2/repository/org/springframework/spring-beans/5.3.23/spring-beans-5.3.23.jar:/home/runner/.m2/repository/org/springframework/spring-core/5.3.23/spring-core-5.3.23.jar:/home/runner/.m2/repository/org/springframework/spring-jcl/5.3.23/spring-jcl-5.3.23.jar:/home/runner/.m2/repository/org/springframework/spring-tx/5.3.23/spring-tx-5.3.23.jar:/home/runner/.m2/repository/org/apache/ozone/ozone-client/1.4.0-SNAPSHOT/ozone-client-1.4.0-SNAPSHOT.jar:/home/runner/.m2/repository/org/apache/ozone/hdds-erasurecode/1.4.0-SNAPSHOT/hdds-erasurecode-1.4.0-SNAPSHOT.jar:/home/runner/.m2/repository/org/apache/ozone/ozone-filesystem/1.4.0-SNAPSHOT/ozone-filesystem-1.4.0-SNAPSHOT.jar:/home/runner/.m2/repository/org/apache/ozone/ozone-filesystem-common/1.4.0-SNAPSHOT/ozone-filesystem-common-1.4.0-SNAPSHOT.jar:/home/runner/.m2/repository/org/apache/ozone/ozone-tools/1.4.0-SNAPSHOT/ozone-tools-1.4.0-SNAPSHOT.jar:/home/runner/.m2/repository/com/amazonaws/aws-java-sdk-core/1.12.261/aws-java-sdk-core-1.12.261.jar:/home/runner/.m2/repository/org/apache/httpcomponents/httpclient/4.5.13/httpclient-4.5.13.jar:/home/runner/.m2/repository/org/apache/httpcomponents/httpcore/4.4.13/httpcore-4.4.13.jar:/home/runner/.m2/repository/software/amazon/ion/ion-java/1.0.2/ion-java-1.0.2.jar:/home/runner/.m2/repository/com/fasterxml/jackson/dataformat/jackson-dataformat-cbor/2.13.4/jackson-dataformat-cbor-2.13.4.jar:/home/runner/.m2/repository/joda-time/joda-time/2.10.6/joda-time-2.10.6.jar:/home/runner/.m2/repository/com/amazonaws/aws-java-sdk-s3/1.12.261/aws-java-sdk-s3-1.12.261.jar:/home/runner/.m2/repository/com/amazonaws/aws-java-sdk-kms/1.12.261/aws-java-sdk-kms-1.12.261.jar:/home/runner/.m2/repository/com/amazonaws/jmespath-java/1.12.261/jmespath-java-1.12.261.jar:/home/runner/.m2/repository/org/kohsuke/metainf-services/metainf-services/1.8/metainf-services-1.8.jar:/home/runner/.m2/repository/org/apache/ozone/hdds-tools/1.4.0-SNAPSHOT/hdds-tools-1.4.0-SNAPSHOT.jar:/home/runner/.m2/repository/org/apache/ratis/ratis-tools/2.4.2-8b8bdda-SNAPSHOT/ratis-tools-2.4.2-8b8bdda-SNAPSHOT.jar:/home/runner/.m2/repository/commons-cli/commons-cli/1.2/commons-cli-1.2.jar:/home/runner/.m2/repository/org/apache/commons/commons-lang3/3.7/commons-lang3-3.7.jar:/home/runner/.m2/repository/org/apache/ozone/ozone-manager/1.4.0-SNAPSHOT/ozone-manager-1.4.0-SNAPSHOT-tests.jar:/home/runner/.m2/repository/org/apache/ozone/hdds-common/1.4.0-SNAPSHOT/hdds-common-1.4.0-SNAPSHOT-tests.jar:/home/runner/.m2/repository/org/apache/ozone/hdds-hadoop-dependency-client/1.4.0-SNAPSHOT/hdds-hadoop-dependency-client-1.4.0-SNAPSHOT.jar:/home/runner/.m2/repository/info/picocli/picocli/4.6.1/picocli-4.6.1.jar:/home/runner/.m2/repository/com/fasterxml/jackson/core/jackson-annotations/2.13.4/jackson-annotations-2.13.4.jar:/home/runner/.m2/repository/org/apache/ozone/hdds-annotation-processing/1.4.0-SNAPSHOT/hdds-annotation-processing-1.4.0-SNAPSHOT.jar:/home/runner/.m2/repository/javax/annotation/javax.annotation-api/1.2/javax.annotation-api-1.2.jar:/home/runner/.m2/repository/org/apache/ratis/ratis-netty/2.4.2-8b8bdda-SNAPSHOT/ratis-netty-2.4.2-8b8bdda-SNAPSHOT.jar:/home/runner/.m2/repository/org/apache/ratis/ratis-grpc/2.4.2-8b8bdda-SNAPSHOT/ratis-grpc-2.4.2-8b8bdda-SNAPSHOT.jar:/home/runner/.m2/repository/org/apache/logging/log4j/log4j-api/2.17.1/log4j-api-2.17.1.jar:/home/runner/.m2/repository/org/apache/commons/commons-pool2/2.6.0/commons-pool2-2.6.0.jar:/home/runner/.m2/repository/org/bouncycastle/bcpkix-jdk15on/1.67/bcpkix-jdk15on-1.67.jar:/home/runner/.m2/repository/commons-validator/commons-validator/1.6/commons-validator-1.6.jar:/home/runner/.m2/repository/commons-beanutils/commons-beanutils/1.9.4/commons-beanutils-1.9.4.jar:/home/runner/.m2/repository/commons-digester/commons-digester/1.8.1/commons-digester-1.8.1.jar:/home/runner/.m2/repository/commons-collections/commons-collections/3.2.2/commons-collections-3.2.2.jar:/home/runner/.m2/repository/io/jaegertracing/jaeger-client/1.6.0/jaeger-client-1.6.0.jar:/home/runner/.m2/repository/io/jaegertracing/jaeger-thrift/1.6.0/jaeger-thrift-1.6.0.jar:/home/runner/.m2/repository/org/apache/thrift/libthrift/0.14.1/libthrift-0.14.1.jar:/home/runner/.m2/repository/io/jaegertracing/jaeger-core/1.6.0/jaeger-core-1.6.0.jar:/home/runner/.m2/repository/io/jaegertracing/jaeger-tracerresolver/1.6.0/jaeger-tracerresolver-1.6.0.jar:/home/runner/.m2/repository/io/opentracing/contrib/opentracing-tracerresolver/0.1.8/opentracing-tracerresolver-0.1.8.jar:/home/runner/.m2/repository/org/jetbrains/kotlin/kotlin-stdlib/1.6.21/kotlin-stdlib-1.6.21.jar:/home/runner/.m2/repository/org/jetbrains/annotations/13.0/annotations-13.0.jar:/home/runner/.m2/repository/io/opentracing/opentracing-util/0.33.0/opentracing-util-0.33.0.jar:/home/runner/.m2/repository/io/opentracing/opentracing-api/0.33.0/opentracing-api-0.33.0.jar:/home/runner/.m2/repository/io/opentracing/opentracing-noop/0.33.0/opentracing-noop-0.33.0.jar:/home/runner/.m2/repository/org/yaml/snakeyaml/2.0/snakeyaml-2.0.jar:/home/runner/.m2/repository/junit/junit/4.13.1/junit-4.13.1.jar:/home/runner/.m2/repository/org/hamcrest/hamcrest-core/1.3/hamcrest-core-1.3.jar:/home/runner/.m2/repository/org/junit/jupiter/junit-jupiter-api/5.8.2/junit-jupiter-api-5.8.2.jar:/home/runner/.m2/repository/org/opentest4j/opentest4j/1.2.0/opentest4j-1.2.0.jar:/home/runner/.m2/repository/org/junit/platform/junit-platform-commons/1.8.2/junit-platform-commons-1.8.2.jar:/home/runner/.m2/repository/org/apiguardian/apiguardian-api/1.1.2/apiguardian-api-1.1.2.jar:/home/runner/.m2/repository/org/junit/jupiter/junit-jupiter-params/5.8.2/junit-jupiter-params-5.8.2.jar:/home/runner/.m2/repository/org/junit/jupiter/junit-jupiter-migrationsupport/5.8.2/junit-jupiter-migrationsupport-5.8.2.jar:/home/runner/.m2/repository/org/junit/jupiter/junit-jupiter-engine/5.8.2/junit-jupiter-engine-5.8.2.jar:/home/runner/.m2/repository/org/junit/platform/junit-platform-engine/1.8.2/junit-platform-engine-1.8.2.jar:/home/runner/.m2/repository/org/junit/vintage/junit-vintage-engine/5.8.2/junit-vintage-engine-5.8.2.jar:/home/runner/.m2/repository/org/junit/platform/junit-platform-launcher/1.8.2/junit-platform-launcher-1.8.2.jar:/home/runner/.m2/repository/org/mockito/mockito-core/2.28.2/mockito-core-2.28.2.jar:/home/runner/.m2/repository/net/bytebuddy/byte-buddy/1.9.10/byte-buddy-1.9.10.jar:/home/runner/.m2/repository/net/bytebuddy/byte-buddy-agent/1.9.10/byte-buddy-agent-1.9.10.jar:/home/runner/.m2/repository/org/objenesis/objenesis/1.0/objenesis-1.0.jar:/home/runner/.m2/repository/org/apache/hadoop/hadoop-kms/3.3.4/hadoop-kms-3.3.4.jar:/home/runner/.m2/repository/org/apache/hadoop/hadoop-auth/3.3.4/hadoop-auth-3.3.4.jar:/home/runner/.m2/repository/com/nimbusds/nimbus-jose-jwt/9.8.1/nimbus-jose-jwt-9.8.1.jar:/home/runner/.m2/repository/com/github/stephenc/jcip/jcip-annotations/1.0-1/jcip-annotations-1.0-1.jar:/home/runner/.m2/repository/net/minidev/json-smart/2.4.7/json-smart-2.4.7.jar:/home/runner/.m2/repository/net/minidev/accessors-smart/2.4.7/accessors-smart-2.4.7.jar:/home/runner/.m2/repository/org/ow2/asm/asm/5.0.4/asm-5.0.4.jar:/home/runner/.m2/repository/org/apache/zookeeper/zookeeper/3.5.6/zookeeper-3.5.6.jar:/home/runner/.m2/repository/org/apache/zookeeper/zookeeper-jute/3.5.6/zookeeper-jute-3.5.6.jar:/home/runner/.m2/repository/org/apache/yetus/audience-annotations/0.5.0/audience-annotations-0.5.0.jar:/home/runner/.m2/repository/org/apache/curator/curator-framework/4.2.0/curator-framework-4.2.0.jar:/home/runner/.m2/repository/org/apache/hadoop/thirdparty/hadoop-shaded-guava/1.1.1/hadoop-shaded-guava-1.1.1.jar:/home/runner/.m2/repository/com/sun/jersey/jersey-core/1.19/jersey-core-1.19.jar:/home/runner/.m2/repository/javax/ws/rs/jsr311-api/1.1.1/jsr311-api-1.1.1.jar:/home/runner/.m2/repository/com/sun/jersey/jersey-server/1.19/jersey-server-1.19.jar:/home/runner/.m2/repository/javax/servlet/javax.servlet-api/3.1.0/javax.servlet-api-3.1.0.jar:/home/runner/.m2/repository/org/apache/hadoop/hadoop-common/3.3.4/hadoop-common-3.3.4.jar:/home/runner/.m2/repository/org/apache/commons/commons-math3/3.1.1/commons-math3-3.1.1.jar:/home/runner/.m2/repository/commons-net/commons-net/3.9.0/commons-net-3.9.0.jar:/home/runner/.m2/repository/com/sun/jersey/jersey-servlet/1.19/jersey-servlet-1.19.jar:/home/runner/.m2/repository/com/sun/jersey/jersey-json/1.19/jersey-json-1.19.jar:/home/runner/.m2/repository/org/codehaus/jettison/jettison/1.1/jettison-1.1.jar:/home/runner/.m2/repository/com/sun/xml/bind/jaxb-impl/2.2.3-1/jaxb-impl-2.2.3-1.jar:/home/runner/.m2/repository/org/codehaus/jackson/jackson-jaxrs/1.9.2/jackson-jaxrs-1.9.2.jar:/home/runner/.m2/repository/org/codehaus/jackson/jackson-xc/1.9.2/jackson-xc-1.9.2.jar:/home/runner/.m2/repository/com/google/re2j/re2j/1.1/re2j-1.1.jar:/home/runner/.m2/repository/com/jcraft/jsch/0.1.54/jsch-0.1.54.jar:/home/runner/.m2/repository/org/apache/curator/curator-client/4.2.0/curator-client-4.2.0.jar:/home/runner/.m2/repository/org/apache/curator/curator-recipes/4.2.0/curator-recipes-4.2.0.jar:/home/runner/.m2/repository/org/apache/kerby/kerb-core/1.0.1/kerb-core-1.0.1.jar:/home/runner/.m2/repository/org/apache/kerby/kerby-pkix/1.0.1/kerby-pkix-1.0.1.jar:/home/runner/.m2/repository/org/apache/kerby/kerby-asn1/1.0.1/kerby-asn1-1.0.1.jar:/home/runner/.m2/repository/org/apache/kerby/kerby-util/1.0.1/kerby-util-1.0.1.jar:/home/runner/.m2/repository/dnsjava/dnsjava/2.1.7/dnsjava-2.1.7.jar:/home/runner/.m2/repository/org/xerial/snappy/snappy-java/1.1.8.2/snappy-java-1.1.8.2.jar:/home/runner/.m2/repository/com/fasterxml/jackson/core/jackson-databind/2.13.4.2/jackson-databind-2.13.4.2.jar:/home/runner/.m2/repository/org/apache/hadoop/hadoop-kms/3.3.4/hadoop-kms-3.3.4-tests.jar:/home/runner/.m2/repository/org/apache/ozone/hdds-server-scm/1.4.0-SNAPSHOT/hdds-server-scm-1.4.0-SNAPSHOT-tests.jar:/home/runner/.m2/repository/org/apache/ozone/hdds-container-service/1.4.0-SNAPSHOT/hdds-container-service-1.4.0-SNAPSHOT-tests.jar:/home/runner/.m2/repository/com/github/luben/zstd-jni/1.5.2-5/zstd-jni-1.5.2-5.jar:/home/runner/.m2/repository/commons-codec/commons-codec/1.15/commons-codec-1.15.jar:/home/runner/.m2/repository/io/netty/netty-codec/4.1.86.Final/netty-codec-4.1.86.Final.jar:/home/runner/.m2/repository/io/netty/netty-handler/4.1.86.Final/netty-handler-4.1.86.Final.jar:/home/runner/.m2/repository/org/apache/ozone/hdds-hadoop-dependency-test/1.4.0-SNAPSHOT/hdds-hadoop-dependency-test-1.4.0-SNAPSHOT.jar:/home/runner/.m2/repository/org/apache/hadoop/hadoop-common/3.3.4/hadoop-common-3.3.4-tests.jar:/home/runner/.m2/repository/org/apache/hadoop/hadoop-hdfs/3.3.4/hadoop-hdfs-3.3.4-tests.jar:/home/runner/.m2/repository/org/assertj/assertj-core/3.12.2/assertj-core-3.12.2.jar:/home/runner/.m2/repository/org/apache/hadoop/hadoop-distcp/3.3.4/hadoop-distcp-3.3.4.jar:/home/runner/.m2/repository/org/apache/hadoop/hadoop-mapreduce-client-jobclient/3.3.4/hadoop-mapreduce-client-jobclient-3.3.4.jar:/home/runner/.m2/repository/org/apache/hadoop/hadoop-mapreduce-client-common/3.3.4/hadoop-mapreduce-client-common-3.3.4.jar:/home/runner/.m2/repository/org/apache/hadoop/hadoop-yarn-common/3.3.4/hadoop-yarn-common-3.3.4.jar:/home/runner/.m2/repository/org/apache/hadoop/hadoop-yarn-api/3.3.4/hadoop-yarn-api-3.3.4.jar:/home/runner/.m2/repository/com/sun/jersey/contribs/jersey-guice/1.19/jersey-guice-1.19.jar:/home/runner/.m2/repository/com/fasterxml/jackson/jaxrs/jackson-jaxrs-json-provider/2.13.4/jackson-jaxrs-json-provider-2.13.4.jar:/home/runner/.m2/repository/com/fasterxml/jackson/jaxrs/jackson-jaxrs-base/2.13.4/jackson-jaxrs-base-2.13.4.jar:/home/runner/.m2/repository/org/apache/hadoop/hadoop-yarn-client/3.3.4/hadoop-yarn-client-3.3.4.jar:/home/runner/.m2/repository/org/eclipse/jetty/websocket/websocket-client/9.4.43.v20210629/websocket-client-9.4.43.v20210629.jar:/home/runner/.m2/repository/org/eclipse/jetty/websocket/websocket-common/9.4.43.v20210629/websocket-common-9.4.43.v20210629.jar:/home/runner/.m2/repository/org/eclipse/jetty/websocket/websocket-api/9.4.43.v20210629/websocket-api-9.4.43.v20210629.jar:/home/runner/.m2/repository/org/jline/jline/3.9.0/jline-3.9.0.jar:/home/runner/.m2/repository/org/apache/hadoop/hadoop-mapreduce-client-core/3.3.4/hadoop-mapreduce-client-core-3.3.4.jar:/home/runner/.m2/repository/org/apache/avro/avro/1.7.7/avro-1.7.7.jar:/home/runner/.m2/repository/org/codehaus/jackson/jackson-core-asl/1.9.13/jackson-core-asl-1.9.13.jar:/home/runner/.m2/repository/org/codehaus/jackson/jackson-mapper-asl/1.9.13/jackson-mapper-asl-1.9.13.jar:/home/runner/.m2/repository/com/thoughtworks/paranamer/paranamer/2.3/paranamer-2.3.jar:/home/runner/.m2/repository/org/apache/hadoop/hadoop-annotations/3.3.4/hadoop-annotations-3.3.4.jar:/usr/lib/jvm/temurin-8-jdk-amd64/jre/../lib/tools.jar:/home/runner/.m2/repository/io/netty/netty/3.10.6.Final/netty-3.10.6.Final.jar:/home/runner/.m2/repository/org/apache/hadoop/hadoop-distcp/3.3.4/hadoop-distcp-3.3.4-tests.jar:/home/runner/.m2/repository/org/slf4j/jul-to-slf4j/1.7.36/jul-to-slf4j-1.7.36.jar:"/>
    <property name="sun.cpu.endian" value="little"/>
    <property name="user.home" value="/home/runner"/>
    <property name="user.language" value="en"/>
    <property name="java.specification.vendor" value="Oracle Corporation"/>
    <property name="java.home" value="/usr/lib/jvm/temurin-8-jdk-amd64/jre"/>
    <property name="java.security.krb5.conf" value="/home/runner/work/ozone/ozone/hadoop-ozone/integration-test/target/test-classes/krb5.conf"/>
    <property name="basedir" value="/home/runner/work/ozone/ozone/hadoop-ozone/integration-test"/>
    <property name="file.separator" value="/"/>
    <property name="line.separator" value="&#10;"/>
    <property name="java.vm.specification.vendor" value="Oracle Corporation"/>
    <property name="java.specification.name" value="Java Platform API Specification"/>
    <property name="java.awt.graphicsenv" value="sun.awt.X11GraphicsEnvironment"/>
    <property name="skip.installnpx" value="true"/>
    <property name="surefire.real.class.path" value="/home/runner/work/ozone/ozone/hadoop-ozone/integration-test/target/surefire/surefirebooter939595673160856775.jar:/home/runner/.m2/repository/org/jacoco/org.jacoco.agent/0.8.5/org.jacoco.agent-0.8.5-runtime.jar"/>
    <property name="hadoop.log.dir" value="/home/runner/work/ozone/ozone/hadoop-ozone/integration-test/target/log"/>
    <property name="sun.boot.class.path" value="/usr/lib/jvm/temurin-8-jdk-amd64/jre/lib/resources.jar:/usr/lib/jvm/temurin-8-jdk-amd64/jre/lib/rt.jar:/usr/lib/jvm/temurin-8-jdk-amd64/jre/lib/sunrsasign.jar:/usr/lib/jvm/temurin-8-jdk-amd64/jre/lib/jsse.jar:/usr/lib/jvm/temurin-8-jdk-amd64/jre/lib/jce.jar:/usr/lib/jvm/temurin-8-jdk-amd64/jre/lib/charsets.jar:/usr/lib/jvm/temurin-8-jdk-amd64/jre/lib/jfr.jar:/usr/lib/jvm/temurin-8-jdk-amd64/jre/classes"/>
    <property name="sun.management.compiler" value="HotSpot 64-Bit Tiered Compilers"/>
    <property name="skip.npx" value="true"/>
    <property name="java.runtime.version" value="1.8.0_362-b09"/>
    <property name="java.net.preferIPv4Stack" value="true"/>
    <property name="user.name" value="runner"/>
    <property name="path.separator" value=":"/>
    <property name="java.security.egd" value="file:///dev/urandom"/>
    <property name="os.version" value="5.15.0-1034-azure"/>
    <property name="java.endorsed.dirs" value="/usr/lib/jvm/temurin-8-jdk-amd64/jre/lib/endorsed"/>
    <property name="java.runtime.name" value="OpenJDK Runtime Environment"/>
    <property name="file.encoding" value="UTF-8"/>
    <property name="java.vm.name" value="OpenJDK 64-Bit Server VM"/>
    <property name="test.build.webapps" value=""/>
    <property name="localRepository" value="/home/runner/.m2/repository"/>
    <property name="jetty.git.hash" value="4231a3b2e4cb8548a412a789936d640a97b1aa0a"/>
    <property name="java.vendor.url.bug" value="https://github.com/adoptium/adoptium-support/issues"/>
    <property name="java.io.tmpdir" value="/tmp"/>
    <property name="require.test.libhadoop" value=""/>
    <property name="java.version" value="1.8.0_362"/>
    <property name="user.dir" value="/home/runner/work/ozone/ozone/hadoop-ozone/integration-test"/>
    <property name="os.arch" value="amd64"/>
    <property name="java.vm.specification.name" value="Java Virtual Machine Specification"/>
    <property name="test.build.classes" value="/home/runner/work/ozone/ozone/hadoop-ozone/integration-test/target/test-classes"/>
    <property name="java.awt.printerjob" value="sun.print.PSPrinterJob"/>
    <property name="sun.os.patch.level" value="unknown"/>
    <property name="org.apache.ratis.thirdparty.io.netty.allocator.useCacheForAllThreads" value="false"/>
    <property name="hadoop.tmp.dir" value="/home/runner/work/ozone/ozone/hadoop-ozone/integration-test/target/tmp"/>
    <property name="java.library.path" value="/usr/java/packages/lib/amd64:/usr/lib64:/lib64:/lib:/usr/lib"/>
    <property name="java.vm.info" value="mixed mode"/>
    <property name="java.vendor" value="Temurin"/>
    <property name="java.vm.version" value="25.362-b09"/>
    <property name="java.specification.maintenance.version" value="4"/>
    <property name="java.ext.dirs" value="/usr/lib/jvm/temurin-8-jdk-amd64/jre/lib/ext:/usr/java/packages/lib/ext"/>
    <property name="sun.io.unicode.encoding" value="UnicodeLittle"/>
    <property name="java.class.version" value="52.0"/>
  </properties>
  <testcase name="testCreateSnapshotMissingMandatoryParams" classname="TestOmSnapshot" time="26.184">
    <system-out><![CDATA[2023-03-29 22:44:29,963 [main] WARN  server.ServerUtils (ServerUtils.java:getScmDbDir(148)) - ozone.scm.db.dirs is not configured. We recommend adding this setting. Falling back to ozone.metadata.dirs instead.
2023-03-29 22:44:30,058 [main] WARN  server.ServerUtils (ServerUtils.java:getScmDbDir(148)) - ozone.scm.db.dirs is not configured. We recommend adding this setting. Falling back to ozone.metadata.dirs instead.
2023-03-29 22:44:30,062 [main] INFO  ha.SCMHANodeDetails (SCMHANodeDetails.java:loadSCMHAConfig(209)) - ServiceID for StorageContainerManager is null
2023-03-29 22:44:30,068 [main] WARN  ha.SCMHANodeDetails (SCMHANodeDetails.java:validateSCMHAConfig(182)) - Invalid config ozone.scm.ratis.enable. The config was not specified, but the default value true conflicts with the expected config value false. Falling back to the expected value. Current State of SCM: SCM is running in Non-HA without Ratis Ratis SCM -> Non Ratis SCM or Non HA SCM -> HA SCM is not supported
2023-03-29 22:44:30,069 [main] INFO  ha.SCMHANodeDetails (SCMHANodeDetails.java:loadSCMHAConfig(214)) - ozone.scm.default.service.id is not defined, falling back to ozone.scm.service.ids to find serviceID for StorageContainerManager if it is HA enabled cluster
2023-03-29 22:44:30,698 [main] WARN  utils.HAUtils (HAUtils.java:getMetaDir(342)) - ozone.scm.db.dirs is not configured. We recommend adding this setting. Falling back to ozone.metadata.dirs instead.
2023-03-29 22:44:30,855 [main] WARN  db.DBStoreBuilder (DBStoreBuilder.java:applyDBDefinition(181)) - ozone.scm.db.dirs is not configured. We recommend adding this setting. Falling back to ozone.metadata.dirs instead.
2023-03-29 22:44:31,097 [main] INFO  net.NodeSchemaLoader (NodeSchemaLoader.java:loadSchemaFromFile(129)) - Loading schema from [jar:file:/home/runner/.m2/repository/org/apache/ozone/hdds-common/1.4.0-SNAPSHOT/hdds-common-1.4.0-SNAPSHOT.jar!/network-topology-default.xml]
2023-03-29 22:44:31,098 [main] INFO  net.NodeSchemaLoader (NodeSchemaLoader.java:loadSchema(176)) - Loading network topology layer schema file
2023-03-29 22:44:31,141 [main] INFO  metrics.MetricRegistries (MetricRegistriesLoader.java:load(64)) - Loaded MetricRegistries class org.apache.ratis.metrics.impl.MetricRegistriesImpl
2023-03-29 22:44:31,146 [main] INFO  upgrade.AbstractLayoutVersionManager (AbstractLayoutVersionManager.java:init(83)) - Initializing Layout version manager with metadata layout = DATANODE_SCHEMA_V3 (version = 4), software layout = DATANODE_SCHEMA_V3 (version = 4)
2023-03-29 22:44:31,353 [main] INFO  reflections.Reflections (Reflections.java:scan(232)) - Reflections took 142 ms to scan 7 urls, producing 155 keys and 368 values 
2023-03-29 22:44:31,450 [main] INFO  ha.SequenceIdGenerator (SequenceIdGenerator.java:upgradeToSequenceId(349)) - upgrade localId to 111677748019200000
2023-03-29 22:44:31,450 [main] INFO  ha.SequenceIdGenerator (SequenceIdGenerator.java:upgradeToSequenceId(359)) - upgrade delTxnId to 0
2023-03-29 22:44:31,459 [main] INFO  ha.SequenceIdGenerator (SequenceIdGenerator.java:upgradeToSequenceId(376)) - upgrade containerId to 0
2023-03-29 22:44:31,461 [main] INFO  ha.SequenceIdGenerator (SequenceIdGenerator.java:<init>(220)) - Init the HA SequenceIdGenerator.
2023-03-29 22:44:31,513 [main] WARN  server.ServerUtils (ServerUtils.java:sanitizeUserArgs(73)) - ozone.scm.stale.node.interval value = 300000 is larger than max = 100000 based on the key value of ozone.scm.heartbeat.thread.interval, reset to the max value 100000.
2023-03-29 22:44:31,513 [main] WARN  server.ServerUtils (ServerUtils.java:sanitizeUserArgs(73)) - ozone.scm.stale.node.interval value = 300000 is larger than max = 100000 based on the key value of ozone.scm.heartbeat.thread.interval, reset to the max value 100000.
2023-03-29 22:44:31,530 [main] INFO  node.SCMNodeManager (SCMNodeManager.java:<init>(156)) - Entering startup safe mode.
2023-03-29 22:44:31,588 [main] INFO  algorithms.ContainerPlacementPolicyFactory (ContainerPlacementPolicyFactory.java:getPolicyInternal(86)) - Create container placement policy of type org.apache.hadoop.hdds.scm.container.placement.algorithms.SCMContainerPlacementRandom
2023-03-29 22:44:31,591 [main] INFO  algorithms.ContainerPlacementPolicyFactory (ContainerPlacementPolicyFactory.java:getPolicyInternal(86)) - Create container placement policy of type org.apache.hadoop.hdds.scm.container.placement.algorithms.SCMContainerPlacementRackScatter
2023-03-29 22:44:31,600 [main] INFO  pipeline.PipelineStateManagerImpl (PipelineStateManagerImpl.java:initialize(78)) - No pipeline exists in current db
2023-03-29 22:44:31,636 [main] INFO  algorithms.LeaderChoosePolicyFactory (LeaderChoosePolicyFactory.java:getPolicy(57)) - Create leader choose policy of type org.apache.hadoop.hdds.scm.pipeline.leader.choose.algorithms.MinLeaderCountChoosePolicy
2023-03-29 22:44:31,636 [main] INFO  algorithms.ContainerPlacementPolicyFactory (ContainerPlacementPolicyFactory.java:getPolicyInternal(86)) - Create container placement policy of type org.apache.hadoop.hdds.scm.container.placement.algorithms.SCMContainerPlacementRackScatter
2023-03-29 22:44:31,642 [main] INFO  ha.SCMServiceManager (SCMServiceManager.java:register(42)) - Registering service BackgroundPipelineCreator.
2023-03-29 22:44:31,642 [main] INFO  pipeline.BackgroundPipelineCreator (BackgroundPipelineCreator.java:start(124)) - Starting RatisPipelineUtilsThread.
2023-03-29 22:44:31,646 [main] INFO  BackgroundPipelineScrubber (BackgroundSCMService.java:start(68)) - Starting BackgroundPipelineScrubber Service.
2023-03-29 22:44:31,650 [main] INFO  ha.SCMServiceManager (SCMServiceManager.java:register(42)) - Registering service BackgroundPipelineScrubber.
2023-03-29 22:44:31,656 [main] INFO  ExpiredContainerReplicaOpScrubber (BackgroundSCMService.java:start(68)) - Starting ExpiredContainerReplicaOpScrubber Service.
2023-03-29 22:44:31,662 [main] INFO  ha.SCMServiceManager (SCMServiceManager.java:register(42)) - Registering service ExpiredContainerReplicaOpScrubber.
2023-03-29 22:44:31,709 [main] INFO  algorithms.PipelineChoosePolicyFactory (PipelineChoosePolicyFactory.java:createPipelineChoosePolicyFromClass(73)) - Create pipeline choose policy of type org.apache.hadoop.hdds.scm.pipeline.choose.algorithms.RandomPipelineChoosePolicy
2023-03-29 22:44:31,732 [main] INFO  ha.SCMServiceManager (SCMServiceManager.java:register(42)) - Registering service SCMBlockDeletingService.
2023-03-29 22:44:31,801 [main] INFO  replication.ReplicationManager (ReplicationManager.java:start(277)) - Starting Replication Monitor Thread.
2023-03-29 22:44:31,810 [main] INFO  ha.SCMServiceManager (SCMServiceManager.java:register(42)) - Registering service ReplicationManager.
2023-03-29 22:44:31,812 [ReplicationMonitor] INFO  replication.ReplicationManager (ReplicationManager.java:processAll(352)) - Replication Manager is not ready to run until 3000ms after safemode exit
2023-03-29 22:44:31,823 [main] INFO  safemode.ContainerSafeModeRule (ContainerSafeModeRule.java:<init>(89)) - containers with one replica threshold count 0
2023-03-29 22:44:31,827 [main] INFO  safemode.HealthyPipelineSafeModeRule (HealthyPipelineSafeModeRule.java:initializeRule(169)) - Total pipeline count is 0, healthy pipeline threshold count is 1
2023-03-29 22:44:31,829 [main] INFO  safemode.OneReplicaPipelineSafeModeRule (OneReplicaPipelineSafeModeRule.java:initializeRule(180)) - Total pipeline count is 0, pipeline's with at least one datanode reported threshold count is 0
2023-03-29 22:44:31,871 [main] INFO  server.StorageContainerManager (StorageContainerManager.java:<init>(398)) - SCM start with adminUsers: [runner]
2023-03-29 22:44:32,176 [main] INFO  audit.AuditLogger (AuditLogger.java:refreshDebugCmdSet(126)) - Refresh DebugCmdSet for SCMAudit to [].
2023-03-29 22:44:32,210 [main] INFO  ipc.CallQueueManager (CallQueueManager.java:<init>(90)) - Using callQueue: class java.util.concurrent.LinkedBlockingQueue, queueCapacity: 2000, scheduler: class org.apache.hadoop.ipc.DefaultRpcScheduler, ipcBackoff: false.
2023-03-29 22:44:32,253 [Socket Reader #1 for port 0] INFO  ipc.Server (Server.java:run(1273)) - Starting Socket Reader #1 for port 0
2023-03-29 22:44:32,339 [Listener at 0.0.0.0/44471] INFO  audit.AuditLogger (AuditLogger.java:refreshDebugCmdSet(126)) - Refresh DebugCmdSet for SCMAudit to [].
2023-03-29 22:44:32,347 [Listener at 0.0.0.0/44471] INFO  ipc.CallQueueManager (CallQueueManager.java:<init>(90)) - Using callQueue: class java.util.concurrent.LinkedBlockingQueue, queueCapacity: 2000, scheduler: class org.apache.hadoop.ipc.DefaultRpcScheduler, ipcBackoff: false.
2023-03-29 22:44:32,348 [Socket Reader #1 for port 0] INFO  ipc.Server (Server.java:run(1273)) - Starting Socket Reader #1 for port 0
2023-03-29 22:44:32,474 [Listener at 0.0.0.0/43699] INFO  audit.AuditLogger (AuditLogger.java:refreshDebugCmdSet(126)) - Refresh DebugCmdSet for SCMAudit to [].
2023-03-29 22:44:32,486 [Listener at 0.0.0.0/43699] INFO  ipc.CallQueueManager (CallQueueManager.java:<init>(90)) - Using callQueue: class java.util.concurrent.LinkedBlockingQueue, queueCapacity: 2000, scheduler: class org.apache.hadoop.ipc.DefaultRpcScheduler, ipcBackoff: false.
2023-03-29 22:44:32,489 [Socket Reader #1 for port 0] INFO  ipc.Server (Server.java:run(1273)) - Starting Socket Reader #1 for port 0
2023-03-29 22:44:32,560 [Listener at 0.0.0.0/45997] INFO  ha.SCMServiceManager (SCMServiceManager.java:register(42)) - Registering service ContainerBalancer.
2023-03-29 22:44:32,560 [Listener at 0.0.0.0/45997] INFO  server.StorageContainerManager (StorageContainerManager.java:<init>(415)) - 
Container Balancer status:
Key                            Value
Running                        false
Container Balancer Configuration values:
Key                                                Value
Threshold                                          10
Max Datanodes to Involve per Iteration(percent)    20
Max Size to Move per Iteration                     500GB
Max Size Entering Target per Iteration             26GB
Max Size Leaving Source per Iteration              26GB

2023-03-29 22:44:32,561 [Listener at 0.0.0.0/45997] INFO  ha.SCMContext (SCMContext.java:updateSafeModeStatus(228)) - Update SafeModeStatus from SafeModeStatus{safeModeStatus=true, preCheckPassed=false} to SafeModeStatus{safeModeStatus=true, preCheckPassed=false}.
2023-03-29 22:44:32,569 [Listener at 0.0.0.0/45997] INFO  server.StorageContainerManager (StorageContainerManager.java:start(1449)) - StorageContainerLocationProtocol RPC server is listening at /0.0.0.0:45997
2023-03-29 22:44:32,633 [Listener at 0.0.0.0/45997] WARN  impl.MetricsConfig (MetricsConfig.java:loadFirst(136)) - Cannot locate configuration: tried hadoop-metrics2-storagecontainermanager.properties,hadoop-metrics2.properties
2023-03-29 22:44:32,646 [Listener at 0.0.0.0/45997] INFO  impl.MetricsSystemImpl (MetricsSystemImpl.java:startTimer(378)) - Scheduled Metric snapshot period at 10 second(s).
2023-03-29 22:44:32,646 [Listener at 0.0.0.0/45997] INFO  impl.MetricsSystemImpl (MetricsSystemImpl.java:start(191)) - StorageContainerManager metrics system started
2023-03-29 22:44:32,899 [Listener at 0.0.0.0/45997] INFO  server.SCMClientProtocolServer (SCMClientProtocolServer.java:start(197)) - RPC server for Client  is listening at /0.0.0.0:45997
2023-03-29 22:44:32,899 [IPC Server Responder] INFO  ipc.Server (Server.java:run(1512)) - IPC Server Responder: starting
2023-03-29 22:44:32,901 [IPC Server listener on 0] INFO  ipc.Server (Server.java:run(1352)) - IPC Server listener on 0: starting
2023-03-29 22:44:32,909 [Listener at 0.0.0.0/45997] INFO  server.StorageContainerManager (StorageContainerManager.java:start(1463)) - ScmBlockLocationProtocol RPC server is listening at /0.0.0.0:43699
2023-03-29 22:44:32,910 [Listener at 0.0.0.0/45997] INFO  server.SCMBlockProtocolServer (SCMBlockProtocolServer.java:start(152)) - RPC server for Block Protocol is listening at /0.0.0.0:43699
2023-03-29 22:44:32,911 [IPC Server Responder] INFO  ipc.Server (Server.java:run(1512)) - IPC Server Responder: starting
2023-03-29 22:44:32,911 [IPC Server listener on 0] INFO  ipc.Server (Server.java:run(1352)) - IPC Server listener on 0: starting
2023-03-29 22:44:32,914 [Listener at 0.0.0.0/45997] INFO  server.SCMDatanodeProtocolServer (SCMDatanodeProtocolServer.java:start(193)) - ScmDatanodeProtocol RPC server for DataNodes is listening at /0.0.0.0:44471
2023-03-29 22:44:32,915 [IPC Server Responder] INFO  ipc.Server (Server.java:run(1512)) - IPC Server Responder: starting
2023-03-29 22:44:32,916 [IPC Server listener on 0] INFO  ipc.Server (Server.java:run(1352)) - IPC Server listener on 0: starting
2023-03-29 22:44:32,959 [org.apache.hadoop.util.JvmPauseMonitor$Monitor@18419ab7] INFO  util.JvmPauseMonitor (JvmPauseMonitor.java:run(188)) - Starting JVM pause monitor
2023-03-29 22:44:32,962 [Listener at 0.0.0.0/45997] INFO  http.BaseHttpServer (BaseHttpServer.java:newHttpServer2BuilderForOzone(224)) - Starting Web-server for scm at: http://0.0.0.0:0
2023-03-29 22:44:32,963 [Listener at 0.0.0.0/45997] INFO  http.BaseHttpServer (BaseHttpServer.java:<init>(111)) - Hadoop Security Enabled: false Ozone Security Enabled: false Ozone HTTP Security Enabled: false 
2023-03-29 22:44:32,987 [Listener at 0.0.0.0/45997] INFO  util.log (Log.java:initialized(170)) - Logging initialized @4623ms to org.eclipse.jetty.util.log.Slf4jLog
2023-03-29 22:44:33,085 [Listener at 0.0.0.0/45997] WARN  server.AuthenticationFilter (AuthenticationFilter.java:constructSecretProvider(240)) - Unable to initialize FileSignerSecretProvider, falling back to use random secrets. Reason: Could not read signature secret file: /home/runner/hadoop-http-auth-signature-secret
2023-03-29 22:44:33,092 [Listener at 0.0.0.0/45997] WARN  http.HttpRequestLog (HttpRequestLog.java:getRequestLog(103)) - Jetty request log can only be enabled using Log4j
2023-03-29 22:44:33,101 [Listener at 0.0.0.0/45997] INFO  http.HttpServer2 (HttpServer2.java:addGlobalFilter(1031)) - Added global filter 'safety' (class=org.apache.hadoop.hdds.server.http.HttpServer2$QuotingInputFilter)
2023-03-29 22:44:33,104 [Listener at 0.0.0.0/45997] INFO  http.HttpServer2 (HttpServer2.java:addFilter(1007)) - Added filter static_user_filter (class=org.apache.hadoop.http.lib.StaticUserWebFilter$StaticUserFilter) to context scm
2023-03-29 22:44:33,104 [Listener at 0.0.0.0/45997] INFO  http.HttpServer2 (HttpServer2.java:addFilter(1015)) - Added filter static_user_filter (class=org.apache.hadoop.http.lib.StaticUserWebFilter$StaticUserFilter) to context logs
2023-03-29 22:44:33,105 [Listener at 0.0.0.0/45997] INFO  http.HttpServer2 (HttpServer2.java:addFilter(1015)) - Added filter static_user_filter (class=org.apache.hadoop.http.lib.StaticUserWebFilter$StaticUserFilter) to context static
2023-03-29 22:44:33,145 [Listener at 0.0.0.0/45997] INFO  http.BaseHttpServer (BaseHttpServer.java:<init>(190)) - HTTP server of scm uses base directory /home/runner/work/ozone/ozone/hadoop-ozone/integration-test/target/test-dir/MiniOzoneClusterImpl-bcbc84c2-519e-42a0-a817-fd35ffaa666a/ozone-meta/webserver
2023-03-29 22:44:33,147 [Listener at 0.0.0.0/45997] INFO  http.HttpServer2 (HttpServer2.java:bindListener(1250)) - Jetty bound to port 40965
2023-03-29 22:44:33,148 [Listener at 0.0.0.0/45997] INFO  server.Server (Server.java:doStart(375)) - jetty-9.4.49.v20220914; built: 2022-09-14T01:07:36.601Z; git: 4231a3b2e4cb8548a412a789936d640a97b1aa0a; jvm 1.8.0_362-b09
2023-03-29 22:44:33,199 [Listener at 0.0.0.0/45997] INFO  server.session (DefaultSessionIdManager.java:doStart(334)) - DefaultSessionIdManager workerName=node0
2023-03-29 22:44:33,200 [Listener at 0.0.0.0/45997] INFO  server.session (DefaultSessionIdManager.java:doStart(339)) - No SessionScavenger set, using defaults
2023-03-29 22:44:33,201 [Listener at 0.0.0.0/45997] INFO  server.session (HouseKeeper.java:startScavenging(132)) - node0 Scavenging every 600000ms
2023-03-29 22:44:33,215 [Listener at 0.0.0.0/45997] INFO  handler.ContextHandler (ContextHandler.java:doStart(921)) - Started o.e.j.s.ServletContextHandler@643f8ebe{logs,/logs,file:///home/runner/work/ozone/ozone/hadoop-ozone/integration-test/target/log,AVAILABLE}
2023-03-29 22:44:33,216 [Listener at 0.0.0.0/45997] INFO  handler.ContextHandler (ContextHandler.java:doStart(921)) - Started o.e.j.s.ServletContextHandler@30b0f674{static,/static,file:///home/runner/work/ozone/ozone/hadoop-ozone/integration-test/target/test-classes/webapps/static,AVAILABLE}
2023-03-29 22:44:33,259 [Listener at 0.0.0.0/45997] INFO  handler.ContextHandler (ContextHandler.java:doStart(921)) - Started o.e.j.w.WebAppContext@4bc75792{scm,/,file:///home/runner/work/ozone/ozone/hadoop-ozone/integration-test/target/test-classes/webapps/scm/,AVAILABLE}{file:/home/runner/work/ozone/ozone/hadoop-ozone/integration-test/target/test-classes/webapps/scm}
2023-03-29 22:44:33,267 [Listener at 0.0.0.0/45997] INFO  server.AbstractConnector (AbstractConnector.java:doStart(333)) - Started ServerConnector@381f05a9{HTTP/1.1, (http/1.1)}{0.0.0.0:40965}
2023-03-29 22:44:33,268 [Listener at 0.0.0.0/45997] INFO  server.Server (Server.java:doStart(415)) - Started @4904ms
2023-03-29 22:44:33,270 [Listener at 0.0.0.0/45997] INFO  impl.MetricsSinkAdapter (MetricsSinkAdapter.java:start(204)) - Sink prometheus started
2023-03-29 22:44:33,271 [Listener at 0.0.0.0/45997] INFO  impl.MetricsSystemImpl (MetricsSystemImpl.java:registerSink(305)) - Registered sink prometheus
2023-03-29 22:44:33,272 [Listener at 0.0.0.0/45997] INFO  http.BaseHttpServer (BaseHttpServer.java:updateConnectorAddress(344)) - HTTP server of scm listening at http://0.0.0.0:40965
2023-03-29 22:44:33,331 [Listener at 0.0.0.0/45997] INFO  audit.AuditLogger (AuditLogger.java:refreshDebugCmdSet(126)) - Refresh DebugCmdSet for OMAudit to [].
2023-03-29 22:44:33,410 [Listener at 0.0.0.0/45997] INFO  ha.OMHANodeDetails (OMHANodeDetails.java:loadOMHAConfig(121)) - ServiceID for OzoneManager is om-service-test1
2023-03-29 22:44:33,416 [Listener at 0.0.0.0/45997] INFO  ha.OMHANodeDetails (OMHANodeDetails.java:loadOMHAConfig(201)) - Found matching OM address with OMServiceId: om-service-test1, OMNodeId: omNode-1, RPC Address: localhost:40933 and Ratis port: 39701
2023-03-29 22:44:33,417 [Listener at 0.0.0.0/45997] INFO  ha.OMHANodeDetails (ConfUtils.java:setNodeSpecificConfigs(97)) - Setting configuration key ozone.om.http-address with value of key ozone.om.http-address.om-service-test1.omNode-1: 127.0.0.1:40007
2023-03-29 22:44:33,417 [Listener at 0.0.0.0/45997] INFO  ha.OMHANodeDetails (ConfUtils.java:setNodeSpecificConfigs(97)) - Setting configuration key ozone.om.https-address with value of key ozone.om.https-address.om-service-test1.omNode-1: 127.0.0.1:45861
2023-03-29 22:44:33,417 [Listener at 0.0.0.0/45997] INFO  ha.OMHANodeDetails (ConfUtils.java:setNodeSpecificConfigs(97)) - Setting configuration key ozone.om.address with value of key ozone.om.address.om-service-test1.omNode-1: 127.0.0.1:40933
2023-03-29 22:44:33,418 [Listener at 0.0.0.0/45997] WARN  server.ServerUtils (ServerUtils.java:getDBPath(225)) - ozone.om.db.dirs is not configured. We recommend adding this setting. Falling back to ozone.metadata.dirs instead.
2023-03-29 22:44:33,428 [Listener at 0.0.0.0/45997] INFO  proxy.SCMBlockLocationFailoverProxyProvider (SCMBlockLocationFailoverProxyProvider.java:<init>(114)) - Created block location fail-over proxy with 1 nodes: [nodeId=scmNodeId,nodeAddress=/0.0.0.0:43699]
OM initialization succeeded.Current cluster id for sd=/home/runner/work/ozone/ozone/hadoop-ozone/integration-test/target/test-dir/MiniOzoneClusterImpl-bcbc84c2-519e-42a0-a817-fd35ffaa666a/omNode-1/om;cid=bcbc84c2-519e-42a0-a817-fd35ffaa666a;layoutVersion=3
2023-03-29 22:44:33,682 [Listener at 0.0.0.0/45997] INFO  ha.OMHANodeDetails (OMHANodeDetails.java:loadOMHAConfig(121)) - ServiceID for OzoneManager is om-service-test1
2023-03-29 22:44:33,683 [Listener at 0.0.0.0/45997] INFO  ha.OMHANodeDetails (OMHANodeDetails.java:loadOMHAConfig(201)) - Found matching OM address with OMServiceId: om-service-test1, OMNodeId: omNode-1, RPC Address: localhost:40933 and Ratis port: 39701
2023-03-29 22:44:33,683 [Listener at 0.0.0.0/45997] INFO  ha.OMHANodeDetails (ConfUtils.java:setNodeSpecificConfigs(97)) - Setting configuration key ozone.om.http-address with value of key ozone.om.http-address.om-service-test1.omNode-1: 127.0.0.1:40007
2023-03-29 22:44:33,684 [Listener at 0.0.0.0/45997] INFO  ha.OMHANodeDetails (ConfUtils.java:setNodeSpecificConfigs(97)) - Setting configuration key ozone.om.https-address with value of key ozone.om.https-address.om-service-test1.omNode-1: 127.0.0.1:45861
2023-03-29 22:44:33,684 [Listener at 0.0.0.0/45997] INFO  ha.OMHANodeDetails (ConfUtils.java:setNodeSpecificConfigs(97)) - Setting configuration key ozone.om.address with value of key ozone.om.address.om-service-test1.omNode-1: 127.0.0.1:40933
2023-03-29 22:44:33,684 [Listener at 0.0.0.0/45997] WARN  server.ServerUtils (ServerUtils.java:getDBPath(225)) - ozone.om.db.dirs is not configured. We recommend adding this setting. Falling back to ozone.metadata.dirs instead.
2023-03-29 22:44:33,688 [Listener at 0.0.0.0/45997] INFO  upgrade.AbstractLayoutVersionManager (AbstractLayoutVersionManager.java:init(83)) - Initializing Layout version manager with metadata layout = MULTITENANCY_SCHEMA (version = 3), software layout = MULTITENANCY_SCHEMA (version = 3)
2023-03-29 22:44:33,790 [Listener at 0.0.0.0/45997] INFO  reflections.Reflections (Reflections.java:scan(232)) - Reflections took 98 ms to scan 2 urls, producing 170 keys and 470 values [using 2 cores]
2023-03-29 22:44:33,795 [Listener at 0.0.0.0/45997] INFO  upgrade.OMLayoutVersionManager (OMLayoutVersionManager.java:lambda$0(115)) - Skipping Upgrade Action MockOmUpgradeAction since it has been finalized.
2023-03-29 22:44:33,796 [Listener at 0.0.0.0/45997] WARN  server.ServerUtils (ServerUtils.java:getDBPath(225)) - ozone.om.db.dirs is not configured. We recommend adding this setting. Falling back to ozone.metadata.dirs instead.
2023-03-29 22:44:33,974 [Listener at 0.0.0.0/45997] INFO  proxy.SCMBlockLocationFailoverProxyProvider (SCMBlockLocationFailoverProxyProvider.java:<init>(114)) - Created block location fail-over proxy with 1 nodes: [nodeId=scmNodeId,nodeAddress=/0.0.0.0:43699]
2023-03-29 22:44:33,985 [Listener at 0.0.0.0/45997] INFO  proxy.SCMBlockLocationFailoverProxyProvider (SCMBlockLocationFailoverProxyProvider.java:<init>(114)) - Created block location fail-over proxy with 1 nodes: [nodeId=scmNodeId,nodeAddress=/0.0.0.0:43699]
2023-03-29 22:44:34,004 [Listener at 0.0.0.0/45997] INFO  om.OzoneManager (OzoneManager.java:<init>(619)) - OM start with adminUsers: [runner]
2023-03-29 22:44:34,015 [Listener at 0.0.0.0/45997] WARN  server.ServerUtils (ServerUtils.java:getDBPath(225)) - ozone.om.db.dirs is not configured. We recommend adding this setting. Falling back to ozone.metadata.dirs instead.
2023-03-29 22:44:34,023 [Listener at 0.0.0.0/45997] INFO  codec.OmKeyInfoCodec (OmKeyInfoCodec.java:<init>(49)) - OmKeyInfoCodec ignorePipeline = true
2023-03-29 22:44:34,024 [Listener at 0.0.0.0/45997] INFO  codec.RepeatedOmKeyInfoCodec (RepeatedOmKeyInfoCodec.java:<init>(41)) - RepeatedOmKeyInfoCodec ignorePipeline = true
2023-03-29 22:44:34,293 [Listener at 0.0.0.0/45997] INFO  om.OzoneManager (OzoneManager.java:instantiateServices(749)) - S3 Multi-Tenancy is disabled
2023-03-29 22:44:34,322 [Listener at 0.0.0.0/45997] WARN  server.ServerUtils (ServerUtils.java:getDBPath(225)) - ozone.om.snapshot.diff.db.dir is not configured. We recommend adding this setting. Falling back to ozone.metadata.dirs instead.
2023-03-29 22:44:34,423 [Listener at 0.0.0.0/45997] INFO  om.OzoneManager (OzoneManager.java:addS3GVolumeToDB(4223)) - Created Volume s3v With Owner runner required for S3Gateway operations.
2023-03-29 22:44:34,485 [Listener at 0.0.0.0/45997] WARN  server.ServerUtils (ServerUtils.java:getDefaultRatisDirectory(237)) - Storage directory for Ratis is not configured. It is a good idea to map this to an SSD disk. Falling back to ozone.metadata.dirs
2023-03-29 22:44:34,486 [Listener at 0.0.0.0/45997] WARN  utils.OzoneManagerRatisUtils (OzoneManagerRatisUtils.java:getOMRatisSnapshotDirectory(446)) - ozone.om.ratis.snapshot.dir is not configured. Falling back to ozone.metadata.dirs config
2023-03-29 22:44:34,496 [Listener at 0.0.0.0/45997] INFO  snapshot.OzoneManagerSnapshotProvider (OzoneManagerSnapshotProvider.java:<init>(76)) - Initializing OM Snapshot Provider
2023-03-29 22:44:34,601 [Listener at 0.0.0.0/45997] WARN  server.ServerUtils (ServerUtils.java:getDefaultRatisDirectory(237)) - Storage directory for Ratis is not configured. It is a good idea to map this to an SSD disk. Falling back to ozone.metadata.dirs
2023-03-29 22:44:34,633 [Listener at 0.0.0.0/45997] INFO  ratis.OzoneManagerRatisServer (OzoneManagerRatisServer.java:<init>(163)) - Instantiating OM Ratis server with groupID: om-service-test1 and peers: localhost:39701, localhost:43993, localhost:43065
2023-03-29 22:44:34,641 [Listener at 0.0.0.0/45997] INFO  ratis.OzoneManagerStateMachine (OzoneManagerStateMachine.java:loadSnapshotInfoFromDB(636)) - LastAppliedIndex is set from TransactionInfo from OM DB as (t:0, i:~)
2023-03-29 22:44:34,691 [Listener at 0.0.0.0/45997] INFO  server.RaftServer (ConfUtils.java:logGet(46)) - raft.rpc.type = GRPC (default)
2023-03-29 22:44:34,764 [Listener at 0.0.0.0/45997] INFO  grpc.GrpcConfigKeys (ConfUtils.java:logFallback(53)) - raft.grpc.admin.host = null (fallback to raft.grpc.server.host)
2023-03-29 22:44:34,765 [Listener at 0.0.0.0/45997] INFO  grpc.GrpcConfigKeys (ConfUtils.java:logFallback(53)) - raft.grpc.admin.port = 39701 (fallback to raft.grpc.server.port)
2023-03-29 22:44:34,766 [Listener at 0.0.0.0/45997] INFO  grpc.GrpcConfigKeys (ConfUtils.java:logFallback(53)) - raft.grpc.client.host = null (fallback to raft.grpc.server.host)
2023-03-29 22:44:34,767 [Listener at 0.0.0.0/45997] INFO  grpc.GrpcConfigKeys (ConfUtils.java:logFallback(53)) - raft.grpc.client.port = 39701 (fallback to raft.grpc.server.port)
2023-03-29 22:44:34,767 [Listener at 0.0.0.0/45997] INFO  grpc.GrpcConfigKeys (ConfUtils.java:logGet(46)) - raft.grpc.server.host = null (default)
2023-03-29 22:44:34,767 [Listener at 0.0.0.0/45997] INFO  grpc.GrpcConfigKeys (ConfUtils.java:logGet(46)) - raft.grpc.server.port = 39701 (custom)
2023-03-29 22:44:34,768 [Listener at 0.0.0.0/45997] INFO  server.GrpcService (ConfUtils.java:logGet(46)) - raft.grpc.message.size.max = 33554432 (custom)
2023-03-29 22:44:34,769 [Listener at 0.0.0.0/45997] INFO  server.RaftServerConfigKeys (ConfUtils.java:logGet(46)) - raft.server.log.appender.buffer.byte-limit = 33554432 (custom)
2023-03-29 22:44:34,770 [Listener at 0.0.0.0/45997] INFO  server.GrpcService (ConfUtils.java:logGet(46)) - raft.grpc.flow.control.window = 1MB (=1048576) (default)
2023-03-29 22:44:34,770 [Listener at 0.0.0.0/45997] INFO  server.RaftServerConfigKeys (ConfUtils.java:logGet(46)) - raft.server.rpc.request.timeout = 3000ms (default)
2023-03-29 22:44:34,782 [Listener at 0.0.0.0/45997] INFO  grpc.GrpcConfigKeys (ConfUtils.java:logGet(46)) - raft.grpc.server.heartbeat.channel = true (default)
2023-03-29 22:44:34,785 [Listener at 0.0.0.0/45997] INFO  grpc.GrpcConfigKeys (ConfUtils.java:logGet(46)) - raft.grpc.server.async.request.thread.pool.cached = true (default)
2023-03-29 22:44:34,785 [Listener at 0.0.0.0/45997] INFO  grpc.GrpcConfigKeys (ConfUtils.java:logGet(46)) - raft.grpc.server.async.request.thread.pool.size = 32 (default)
2023-03-29 22:44:35,006 [Listener at 0.0.0.0/45997] INFO  impl.DataStreamServerImpl (ConfUtils.java:logGet(46)) - raft.datastream.type = DISABLED (default)
2023-03-29 22:44:35,008 [Listener at 0.0.0.0/45997] INFO  server.RaftServerConfigKeys (ConfUtils.java:logGet(46)) - raft.server.threadpool.proxy.cached = true (default)
2023-03-29 22:44:35,009 [Listener at 0.0.0.0/45997] INFO  server.RaftServerConfigKeys (ConfUtils.java:logGet(46)) - raft.server.threadpool.proxy.size = 0 (default)
2023-03-29 22:44:35,009 [Listener at 0.0.0.0/45997] INFO  server.RaftServerConfigKeys (ConfUtils.java:logGet(46)) - raft.server.rpc.slowness.timeout = 2s (custom)
2023-03-29 22:44:35,009 [Listener at 0.0.0.0/45997] INFO  server.RaftServerConfigKeys (ConfUtils.java:logGet(46)) - raft.server.leaderelection.leader.step-down.wait-time = 10s (default)
2023-03-29 22:44:35,012 [Listener at 0.0.0.0/45997] INFO  server.RaftServerConfigKeys (ConfUtils.java:logGet(46)) - raft.server.storage.dir = [/home/runner/work/ozone/ozone/hadoop-ozone/integration-test/target/test-dir/MiniOzoneClusterImpl-bcbc84c2-519e-42a0-a817-fd35ffaa666a/omNode-1/ratis] (custom)
2023-03-29 22:44:35,019 [Listener at 0.0.0.0/45997] INFO  server.RaftServer (RaftServerProxy.java:addNew(96)) - omNode-1: addNew group-523986131536:[omNode-3|rpc:localhost:43993|priority:0|startupRole:FOLLOWER, omNode-1|rpc:localhost:39701|priority:0|startupRole:FOLLOWER, omNode-2|rpc:localhost:43065|priority:0|startupRole:FOLLOWER] returns group-523986131536:java.util.concurrent.CompletableFuture@78cbb140[Not completed]
2023-03-29 22:44:35,019 [Listener at 0.0.0.0/45997] INFO  om.OzoneManager (OzoneManager.java:initializeRatisServer(2096)) - OzoneManager Ratis server initialized at port 39701
2023-03-29 22:44:35,022 [Listener at 0.0.0.0/45997] INFO  om.OzoneManager (OzoneManager.java:getRpcServer(1132)) - Creating RPC Server
2023-03-29 22:44:35,041 [pool-58-thread-1] INFO  server.RaftServer$Division (RaftServerImpl.java:<init>(195)) - omNode-1: new RaftServerImpl for group-523986131536:[omNode-3|rpc:localhost:43993|priority:0|startupRole:FOLLOWER, omNode-1|rpc:localhost:39701|priority:0|startupRole:FOLLOWER, omNode-2|rpc:localhost:43065|priority:0|startupRole:FOLLOWER] with OzoneManagerStateMachine:uninitialized
2023-03-29 22:44:35,044 [pool-58-thread-1] INFO  server.RaftServerConfigKeys (ConfUtils.java:logGet(46)) - raft.server.rpc.timeout.min = 1s (custom)
2023-03-29 22:44:35,045 [pool-58-thread-1] INFO  server.RaftServerConfigKeys (ConfUtils.java:logGet(46)) - raft.server.rpc.timeout.max = 1200ms (custom)
2023-03-29 22:44:35,055 [pool-58-thread-1] INFO  server.RaftServerConfigKeys (ConfUtils.java:logGet(46)) - raft.server.rpc.sleep.time = 25ms (default)
2023-03-29 22:44:35,056 [pool-58-thread-1] INFO  server.RaftServerConfigKeys (ConfUtils.java:logGet(46)) - raft.server.rpc.slowness.timeout = 2s (custom)
2023-03-29 22:44:35,057 [pool-58-thread-1] INFO  server.RaftServerConfigKeys (ConfUtils.java:logGet(46)) - raft.server.leaderelection.leader.step-down.wait-time = 10s (default)
2023-03-29 22:44:35,059 [pool-58-thread-1] INFO  server.RaftServerConfigKeys (ConfUtils.java:logGet(46)) - raft.server.sleep.deviation.threshold = 300ms (default)
2023-03-29 22:44:35,082 [pool-58-thread-1] INFO  server.RaftServer$Division (ServerState.java:<init>(118)) - omNode-1@group-523986131536: ConfigurationManager, init=-1: peers:[omNode-3|rpc:localhost:43993|priority:0|startupRole:FOLLOWER, omNode-1|rpc:localhost:39701|priority:0|startupRole:FOLLOWER, omNode-2|rpc:localhost:43065|priority:0|startupRole:FOLLOWER]|listeners:[], old=null, confs=<EMPTY_MAP>
2023-03-29 22:44:35,082 [pool-58-thread-1] INFO  server.RaftServerConfigKeys (ConfUtils.java:logGet(46)) - raft.server.storage.dir = [/home/runner/work/ozone/ozone/hadoop-ozone/integration-test/target/test-dir/MiniOzoneClusterImpl-bcbc84c2-519e-42a0-a817-fd35ffaa666a/omNode-1/ratis] (custom)
2023-03-29 22:44:35,091 [pool-58-thread-1] INFO  server.RaftServerConfigKeys (ConfUtils.java:logGet(46)) - raft.server.log.corruption.policy = EXCEPTION (default)
2023-03-29 22:44:35,092 [pool-58-thread-1] INFO  server.RaftServerConfigKeys (ConfUtils.java:logGet(46)) - raft.server.storage.free-space.min = 0MB (=0) (default)
2023-03-29 22:44:35,105 [pool-58-thread-1] INFO  server.RaftServerConfigKeys (ConfUtils.java:logGet(46)) - raft.server.notification.no-leader.timeout = 2s (custom)
2023-03-29 22:44:35,107 [pool-58-thread-1] INFO  server.RaftServerConfigKeys (ConfUtils.java:logGet(46)) - raft.server.retrycache.expirytime = 300s (custom)
2023-03-29 22:44:35,107 [pool-58-thread-1] INFO  server.RaftServerConfigKeys (ConfUtils.java:logGet(46)) - raft.server.retrycache.statistics.expirytime = 100μs (default)
2023-03-29 22:44:35,386 [pool-58-thread-1] INFO  server.RaftServerConfigKeys (ConfUtils.java:logGet(46)) - raft.server.log.appender.install.snapshot.enabled = false (custom)
2023-03-29 22:44:35,387 [pool-58-thread-1] INFO  server.RaftServerConfigKeys (ConfUtils.java:logGet(46)) - raft.server.threadpool.server.cached = true (default)
2023-03-29 22:44:35,387 [pool-58-thread-1] INFO  server.RaftServerConfigKeys (ConfUtils.java:logGet(46)) - raft.server.threadpool.server.size = 0 (default)
2023-03-29 22:44:35,388 [pool-58-thread-1] INFO  server.RaftServerConfigKeys (ConfUtils.java:logGet(46)) - raft.server.threadpool.client.cached = true (default)
2023-03-29 22:44:35,388 [pool-58-thread-1] INFO  server.RaftServerConfigKeys (ConfUtils.java:logGet(46)) - raft.server.threadpool.client.size = 0 (default)
2023-03-29 22:44:36,066 [Listener at 0.0.0.0/45997] INFO  reflections.Reflections (Reflections.java:scan(232)) - Reflections took 940 ms to scan 19 urls, producing 68 keys and 4993 values [using 2 cores]
2023-03-29 22:44:36,241 [Listener at 0.0.0.0/45997] INFO  ipc.CallQueueManager (CallQueueManager.java:<init>(90)) - Using callQueue: class java.util.concurrent.LinkedBlockingQueue, queueCapacity: 2000, scheduler: class org.apache.hadoop.ipc.DefaultRpcScheduler, ipcBackoff: false.
2023-03-29 22:44:36,242 [Socket Reader #1 for port 40933] INFO  ipc.Server (Server.java:run(1273)) - Starting Socket Reader #1 for port 40933
2023-03-29 22:44:36,274 [Listener at 127.0.0.1/40933] INFO  impl.MetricsSystemImpl (MetricsSystemImpl.java:init(158)) - OzoneManager metrics system started (again)
2023-03-29 22:44:36,289 [Listener at 127.0.0.1/40933] INFO  om.OzoneManager (OzoneManager.java:start(1553)) - OzoneManager RPC server is listening at localhost/127.0.0.1:40933
2023-03-29 22:44:36,289 [Listener at 127.0.0.1/40933] INFO  ratis.OzoneManagerRatisServer (OzoneManagerRatisServer.java:start(558)) - Starting OzoneManagerRatisServer omNode-1 at port 39701
2023-03-29 22:44:36,291 [omNode-1-impl-thread1] INFO  storage.RaftStorageDirectory (RaftStorageDirectoryImpl.java:analyzeStorage(137)) - The storage directory /home/runner/work/ozone/ozone/hadoop-ozone/integration-test/target/test-dir/MiniOzoneClusterImpl-bcbc84c2-519e-42a0-a817-fd35ffaa666a/omNode-1/ratis/c9bc4cf4-3bc3-3c60-a66b-523986131536 does not exist. Creating ...
2023-03-29 22:44:36,295 [omNode-1-impl-thread1] INFO  storage.RaftStorageDirectory (RaftStorageDirectoryImpl.java:tryLock(231)) - Lock on /home/runner/work/ozone/ozone/hadoop-ozone/integration-test/target/test-dir/MiniOzoneClusterImpl-bcbc84c2-519e-42a0-a817-fd35ffaa666a/omNode-1/ratis/c9bc4cf4-3bc3-3c60-a66b-523986131536/in_use.lock acquired by nodename 4032@fv-az377-460
2023-03-29 22:44:36,301 [omNode-1-impl-thread1] INFO  storage.RaftStorage (RaftStorageImpl.java:format(96)) - Storage directory /home/runner/work/ozone/ozone/hadoop-ozone/integration-test/target/test-dir/MiniOzoneClusterImpl-bcbc84c2-519e-42a0-a817-fd35ffaa666a/omNode-1/ratis/c9bc4cf4-3bc3-3c60-a66b-523986131536 has been successfully formatted.
2023-03-29 22:44:36,304 [omNode-1-impl-thread1] INFO  server.RaftServerConfigKeys (ConfUtils.java:logGet(46)) - raft.server.log.use.memory = false (default)
2023-03-29 22:44:36,312 [omNode-1-impl-thread1] INFO  server.RaftServerConfigKeys (ConfUtils.java:logGet(46)) - raft.server.log.purge.gap = 1000000 (custom)
2023-03-29 22:44:36,312 [omNode-1-impl-thread1] INFO  server.RaftServerConfigKeys (ConfUtils.java:logGet(46)) - raft.server.log.appender.buffer.byte-limit = 33554432 (custom)
2023-03-29 22:44:36,314 [omNode-1-impl-thread1] INFO  server.RaftServerConfigKeys (ConfUtils.java:logGet(46)) - raft.server.log.statemachine.data.read.timeout = 1000ms (default)
2023-03-29 22:44:36,317 [omNode-1-impl-thread1] INFO  server.RaftServerConfigKeys (ConfUtils.java:logGet(46)) - raft.server.log.purge.preservation.log.num = 0 (default)
2023-03-29 22:44:36,319 [omNode-1-impl-thread1] INFO  server.RaftServerConfigKeys (ConfUtils.java:logGet(46)) - raft.server.log.segment.size.max = 4194304 (custom)
2023-03-29 22:44:36,324 [omNode-1-impl-thread1] INFO  server.RaftServerConfigKeys (ConfUtils.java:logGet(46)) - raft.server.log.segment.cache.num.max = 2 (custom)
2023-03-29 22:44:36,324 [omNode-1-impl-thread1] INFO  server.RaftServerConfigKeys (ConfUtils.java:logGet(46)) - raft.server.log.segment.cache.size.max = 200MB (=209715200) (default)
2023-03-29 22:44:36,330 [omNode-1-impl-thread1] INFO  segmented.SegmentedRaftLogWorker (SegmentedRaftLogWorker.java:<init>(189)) - new omNode-1@group-523986131536-SegmentedRaftLogWorker for RaftStorageImpl:Storage Directory /home/runner/work/ozone/ozone/hadoop-ozone/integration-test/target/test-dir/MiniOzoneClusterImpl-bcbc84c2-519e-42a0-a817-fd35ffaa666a/omNode-1/ratis/c9bc4cf4-3bc3-3c60-a66b-523986131536
2023-03-29 22:44:36,330 [omNode-1-impl-thread1] INFO  server.RaftServerConfigKeys (ConfUtils.java:logGet(46)) - raft.server.log.queue.byte-limit = 64MB (=67108864) (default)
2023-03-29 22:44:36,331 [omNode-1-impl-thread1] INFO  server.RaftServerConfigKeys (ConfUtils.java:logGet(46)) - raft.server.log.queue.element-limit = 4096 (default)
2023-03-29 22:44:36,332 [omNode-1-impl-thread1] INFO  server.RaftServerConfigKeys (ConfUtils.java:logGet(46)) - raft.server.log.segment.size.max = 4194304 (custom)
2023-03-29 22:44:36,332 [omNode-1-impl-thread1] INFO  server.RaftServerConfigKeys (ConfUtils.java:logGet(46)) - raft.server.log.preallocated.size = 4194304 (custom)
2023-03-29 22:44:36,332 [omNode-1-impl-thread1] INFO  server.RaftServerConfigKeys (ConfUtils.java:logGet(46)) - raft.server.log.force.sync.num = 128 (default)
2023-03-29 22:44:36,334 [omNode-1-impl-thread1] INFO  server.RaftServerConfigKeys (ConfUtils.java:logGet(46)) - raft.server.log.statemachine.data.sync = true (default)
2023-03-29 22:44:36,334 [omNode-1-impl-thread1] INFO  server.RaftServerConfigKeys (ConfUtils.java:logGet(46)) - raft.server.log.statemachine.data.sync.timeout = 10s (default)
2023-03-29 22:44:36,334 [omNode-1-impl-thread1] INFO  server.RaftServerConfigKeys (ConfUtils.java:logGet(46)) - raft.server.log.statemachine.data.sync.timeout.retry = -1 (default)
2023-03-29 22:44:36,344 [omNode-1-impl-thread1] INFO  server.RaftServerConfigKeys (ConfUtils.java:logGet(46)) - raft.server.log.write.buffer.size = 64KB (=65536) (default)
2023-03-29 22:44:36,344 [omNode-1-impl-thread1] INFO  server.RaftServerConfigKeys (ConfUtils.java:logGet(46)) - raft.server.log.appender.buffer.byte-limit = 33554432 (custom)
2023-03-29 22:44:36,351 [omNode-1-impl-thread1] INFO  server.RaftServerConfigKeys (ConfUtils.java:logGet(46)) - raft.server.log.unsafe-flush.enabled = false (default)
2023-03-29 22:44:36,351 [omNode-1-impl-thread1] INFO  server.RaftServerConfigKeys (ConfUtils.java:logGet(46)) - raft.server.log.async-flush.enabled = false (default)
2023-03-29 22:44:36,352 [omNode-1-impl-thread1] INFO  server.RaftServerConfigKeys (ConfUtils.java:logGet(46)) - raft.server.log.statemachine.data.caching.enabled = false (default)
2023-03-29 22:44:36,360 [omNode-1-impl-thread1] INFO  segmented.SegmentedRaftLogWorker (SegmentedRaftLogWorker.java:lambda$new$0(135)) - omNode-1@group-523986131536-SegmentedRaftLogWorker: flushIndex: setUnconditionally 0 -> -1
2023-03-29 22:44:36,361 [omNode-1-impl-thread1] INFO  segmented.SegmentedRaftLogWorker (SegmentedRaftLogWorker.java:lambda$new$0(135)) - omNode-1@group-523986131536-SegmentedRaftLogWorker: safeCacheEvictIndex: setUnconditionally 0 -> -1
2023-03-29 22:44:36,362 [omNode-1-impl-thread1] INFO  server.RaftServer$Division (RaftServerImpl.java:start(334)) - omNode-1@group-523986131536: start as a follower, conf=-1: peers:[omNode-3|rpc:localhost:43993|priority:0|startupRole:FOLLOWER, omNode-1|rpc:localhost:39701|priority:0|startupRole:FOLLOWER, omNode-2|rpc:localhost:43065|priority:0|startupRole:FOLLOWER]|listeners:[], old=null
2023-03-29 22:44:36,363 [omNode-1-impl-thread1] INFO  server.RaftServer$Division (RaftServerImpl.java:setRole(321)) - omNode-1@group-523986131536: changes role from      null to FOLLOWER at term 0 for startAsFollower
2023-03-29 22:44:36,365 [omNode-1-impl-thread1] INFO  impl.RoleInfo (RoleInfo.java:updateAndGet(139)) - omNode-1: start omNode-1@group-523986131536-FollowerState
2023-03-29 22:44:36,366 [omNode-1-impl-thread1] INFO  util.JmxRegister (JmxRegister.java:tryRegister(44)) - Successfully registered JMX Bean with object name Ratis:service=RaftServer,group=group-523986131536,id=omNode-1
2023-03-29 22:44:36,368 [omNode-1-impl-thread1] INFO  server.RaftServerConfigKeys (ConfUtils.java:logGet(46)) - raft.server.snapshot.auto.trigger.enabled = true (custom)
2023-03-29 22:44:36,369 [omNode-1-impl-thread1] INFO  server.RaftServerConfigKeys (ConfUtils.java:logGet(46)) - raft.server.snapshot.auto.trigger.threshold = 400000 (default)
2023-03-29 22:44:36,369 [omNode-1-impl-thread1] INFO  server.RaftServerConfigKeys (ConfUtils.java:logGet(46)) - raft.server.snapshot.retention.file.num = -1 (default)
2023-03-29 22:44:36,375 [omNode-1-impl-thread1] INFO  server.RaftServerConfigKeys (ConfUtils.java:logGet(46)) - raft.server.log.purge.upto.snapshot.index = true (custom)
2023-03-29 22:44:36,378 [omNode-1@group-523986131536-FollowerState] INFO  server.RaftServerConfigKeys (ConfUtils.java:logFallback(53)) - raft.server.rpc.first-election.timeout.min = 1s (fallback to raft.server.rpc.timeout.min)
2023-03-29 22:44:36,379 [omNode-1@group-523986131536-FollowerState] INFO  server.RaftServerConfigKeys (ConfUtils.java:logFallback(53)) - raft.server.rpc.first-election.timeout.max = 1200ms (fallback to raft.server.rpc.timeout.max)
2023-03-29 22:44:36,380 [Listener at 127.0.0.1/40933] INFO  server.RaftServer (RaftServerProxy.java:startImpl(393)) - omNode-1: start RPC server
2023-03-29 22:44:36,428 [Listener at 127.0.0.1/40933] INFO  server.GrpcService (GrpcService.java:startImpl(262)) - omNode-1: GrpcService started, listening on 39701
2023-03-29 22:44:36,430 [Listener at 127.0.0.1/40933] INFO  om.OzoneManager (OzoneManager.java:start(1569)) - Version File has different layout version (3) than OM DB (null). That is expected if this OM has never been finalized to a newer layout version.
2023-03-29 22:44:36,432 [JvmPauseMonitor0] INFO  util.JvmPauseMonitor (JvmPauseMonitor.java:run(105)) - JvmPauseMonitor-omNode-1: Started
2023-03-29 22:44:36,452 [Listener at 127.0.0.1/40933] INFO  http.BaseHttpServer (BaseHttpServer.java:newHttpServer2BuilderForOzone(224)) - Starting Web-server for ozoneManager at: http://0.0.0.0:40007
2023-03-29 22:44:36,452 [Listener at 127.0.0.1/40933] INFO  http.BaseHttpServer (BaseHttpServer.java:<init>(111)) - Hadoop Security Enabled: false Ozone Security Enabled: false Ozone HTTP Security Enabled: false 
2023-03-29 22:44:36,453 [Listener at 127.0.0.1/40933] WARN  server.AuthenticationFilter (AuthenticationFilter.java:constructSecretProvider(240)) - Unable to initialize FileSignerSecretProvider, falling back to use random secrets. Reason: Could not read signature secret file: /home/runner/hadoop-http-auth-signature-secret
2023-03-29 22:44:36,457 [Listener at 127.0.0.1/40933] WARN  http.HttpRequestLog (HttpRequestLog.java:getRequestLog(103)) - Jetty request log can only be enabled using Log4j
2023-03-29 22:44:36,459 [Listener at 127.0.0.1/40933] INFO  http.HttpServer2 (HttpServer2.java:addGlobalFilter(1031)) - Added global filter 'safety' (class=org.apache.hadoop.hdds.server.http.HttpServer2$QuotingInputFilter)
2023-03-29 22:44:36,460 [Listener at 127.0.0.1/40933] INFO  http.HttpServer2 (HttpServer2.java:addFilter(1007)) - Added filter static_user_filter (class=org.apache.hadoop.http.lib.StaticUserWebFilter$StaticUserFilter) to context ozoneManager
2023-03-29 22:44:36,460 [Listener at 127.0.0.1/40933] INFO  http.HttpServer2 (HttpServer2.java:addFilter(1015)) - Added filter static_user_filter (class=org.apache.hadoop.http.lib.StaticUserWebFilter$StaticUserFilter) to context logs
2023-03-29 22:44:36,460 [Listener at 127.0.0.1/40933] INFO  http.HttpServer2 (HttpServer2.java:addFilter(1015)) - Added filter static_user_filter (class=org.apache.hadoop.http.lib.StaticUserWebFilter$StaticUserFilter) to context static
2023-03-29 22:44:36,461 [Listener at 127.0.0.1/40933] INFO  http.BaseHttpServer (BaseHttpServer.java:<init>(190)) - HTTP server of ozoneManager uses base directory /home/runner/work/ozone/ozone/hadoop-ozone/integration-test/target/test-dir/MiniOzoneClusterImpl-bcbc84c2-519e-42a0-a817-fd35ffaa666a/omNode-1/webserver
2023-03-29 22:44:36,463 [Listener at 127.0.0.1/40933] INFO  http.HttpServer2 (HttpServer2.java:bindListener(1250)) - Jetty bound to port 40007
2023-03-29 22:44:36,463 [Listener at 127.0.0.1/40933] INFO  server.Server (Server.java:doStart(375)) - jetty-9.4.49.v20220914; built: 2022-09-14T01:07:36.601Z; git: 4231a3b2e4cb8548a412a789936d640a97b1aa0a; jvm 1.8.0_362-b09
2023-03-29 22:44:36,472 [Listener at 127.0.0.1/40933] INFO  server.session (DefaultSessionIdManager.java:doStart(334)) - DefaultSessionIdManager workerName=node0
2023-03-29 22:44:36,472 [Listener at 127.0.0.1/40933] INFO  server.session (DefaultSessionIdManager.java:doStart(339)) - No SessionScavenger set, using defaults
2023-03-29 22:44:36,473 [Listener at 127.0.0.1/40933] INFO  server.session (HouseKeeper.java:startScavenging(132)) - node0 Scavenging every 660000ms
2023-03-29 22:44:36,473 [Listener at 127.0.0.1/40933] INFO  handler.ContextHandler (ContextHandler.java:doStart(921)) - Started o.e.j.s.ServletContextHandler@69dc041a{logs,/logs,file:///home/runner/work/ozone/ozone/hadoop-ozone/integration-test/target/log,AVAILABLE}
2023-03-29 22:44:36,474 [Listener at 127.0.0.1/40933] INFO  handler.ContextHandler (ContextHandler.java:doStart(921)) - Started o.e.j.s.ServletContextHandler@d552cbf{static,/static,file:///home/runner/work/ozone/ozone/hadoop-ozone/integration-test/target/test-classes/webapps/static,AVAILABLE}
2023-03-29 22:44:36,478 [Listener at 127.0.0.1/40933] INFO  handler.ContextHandler (ContextHandler.java:doStart(921)) - Started o.e.j.w.WebAppContext@4a314af{ozoneManager,/,file:///home/runner/work/ozone/ozone/hadoop-ozone/integration-test/target/test-classes/webapps/ozoneManager/,AVAILABLE}{file:/home/runner/work/ozone/ozone/hadoop-ozone/integration-test/target/test-classes/webapps/ozoneManager}
2023-03-29 22:44:36,479 [Listener at 127.0.0.1/40933] INFO  server.AbstractConnector (AbstractConnector.java:doStart(333)) - Started ServerConnector@476bf67d{HTTP/1.1, (http/1.1)}{0.0.0.0:40007}
2023-03-29 22:44:36,479 [Listener at 127.0.0.1/40933] INFO  server.Server (Server.java:doStart(415)) - Started @8115ms
2023-03-29 22:44:36,480 [Listener at 127.0.0.1/40933] WARN  impl.MetricsSystemImpl (MetricsSystemImpl.java:register(279)) - Sink prometheus already exists!
2023-03-29 22:44:36,480 [Listener at 127.0.0.1/40933] INFO  http.BaseHttpServer (BaseHttpServer.java:updateConnectorAddress(344)) - HTTP server of ozoneManager listening at http://0.0.0.0:40007
2023-03-29 22:44:36,481 [IPC Server Responder] INFO  ipc.Server (Server.java:run(1512)) - IPC Server Responder: starting
2023-03-29 22:44:36,482 [IPC Server listener on 40933] INFO  ipc.Server (Server.java:run(1352)) - IPC Server listener on 40933: starting
2023-03-29 22:44:36,488 [Listener at 127.0.0.1/40933] INFO  om.OzoneManager (OzoneManager.java:startTrashEmptier(2040)) - Trash Interval set to 0. Files deleted won't move to trash
2023-03-29 22:44:36,494 [Listener at 127.0.0.1/40933] INFO  ozone.MiniOzoneHAClusterImpl (MiniOzoneHAClusterImpl.java:createOMService(527)) - Started OzoneManager omNode-1 RPC server at localhost/127.0.0.1:40933
2023-03-29 22:44:36,495 [Listener at 127.0.0.1/40933] INFO  ha.OMHANodeDetails (OMHANodeDetails.java:loadOMHAConfig(121)) - ServiceID for OzoneManager is om-service-test1
2023-03-29 22:44:36,496 [Listener at 127.0.0.1/40933] INFO  ha.OMHANodeDetails (OMHANodeDetails.java:loadOMHAConfig(201)) - Found matching OM address with OMServiceId: om-service-test1, OMNodeId: omNode-2, RPC Address: localhost:33001 and Ratis port: 43065
2023-03-29 22:44:36,496 [Listener at 127.0.0.1/40933] INFO  ha.OMHANodeDetails (ConfUtils.java:setNodeSpecificConfigs(97)) - Setting configuration key ozone.om.http-address with value of key ozone.om.http-address.om-service-test1.omNode-2: 127.0.0.1:39323
2023-03-29 22:44:36,496 [Listener at 127.0.0.1/40933] INFO  ha.OMHANodeDetails (ConfUtils.java:setNodeSpecificConfigs(97)) - Setting configuration key ozone.om.https-address with value of key ozone.om.https-address.om-service-test1.omNode-2: 127.0.0.1:33021
2023-03-29 22:44:36,496 [Listener at 127.0.0.1/40933] INFO  ha.OMHANodeDetails (ConfUtils.java:setNodeSpecificConfigs(97)) - Setting configuration key ozone.om.address with value of key ozone.om.address.om-service-test1.omNode-2: 127.0.0.1:33001
2023-03-29 22:44:36,496 [Listener at 127.0.0.1/40933] WARN  server.ServerUtils (ServerUtils.java:getDBPath(225)) - ozone.om.db.dirs is not configured. We recommend adding this setting. Falling back to ozone.metadata.dirs instead.
2023-03-29 22:44:36,499 [Listener at 127.0.0.1/40933] INFO  proxy.SCMBlockLocationFailoverProxyProvider (SCMBlockLocationFailoverProxyProvider.java:<init>(114)) - Created block location fail-over proxy with 1 nodes: [nodeId=scmNodeId,nodeAddress=/0.0.0.0:43699]
2023-03-29 22:44:36,504 [org.apache.hadoop.util.JvmPauseMonitor$Monitor@1bf90a59] INFO  util.JvmPauseMonitor (JvmPauseMonitor.java:run(188)) - Starting JVM pause monitor
OM initialization succeeded.Current cluster id for sd=/home/runner/work/ozone/ozone/hadoop-ozone/integration-test/target/test-dir/MiniOzoneClusterImpl-bcbc84c2-519e-42a0-a817-fd35ffaa666a/omNode-2/om;cid=bcbc84c2-519e-42a0-a817-fd35ffaa666a;layoutVersion=3
2023-03-29 22:44:36,507 [Listener at 127.0.0.1/40933] INFO  ha.OMHANodeDetails (OMHANodeDetails.java:loadOMHAConfig(121)) - ServiceID for OzoneManager is om-service-test1
2023-03-29 22:44:36,508 [Listener at 127.0.0.1/40933] INFO  ha.OMHANodeDetails (OMHANodeDetails.java:loadOMHAConfig(201)) - Found matching OM address with OMServiceId: om-service-test1, OMNodeId: omNode-2, RPC Address: localhost:33001 and Ratis port: 43065
2023-03-29 22:44:36,509 [Listener at 127.0.0.1/40933] INFO  ha.OMHANodeDetails (ConfUtils.java:setNodeSpecificConfigs(97)) - Setting configuration key ozone.om.http-address with value of key ozone.om.http-address.om-service-test1.omNode-2: 127.0.0.1:39323
2023-03-29 22:44:36,509 [Listener at 127.0.0.1/40933] INFO  ha.OMHANodeDetails (ConfUtils.java:setNodeSpecificConfigs(97)) - Setting configuration key ozone.om.https-address with value of key ozone.om.https-address.om-service-test1.omNode-2: 127.0.0.1:33021
2023-03-29 22:44:36,511 [Listener at 127.0.0.1/40933] INFO  ha.OMHANodeDetails (ConfUtils.java:setNodeSpecificConfigs(97)) - Setting configuration key ozone.om.address with value of key ozone.om.address.om-service-test1.omNode-2: 127.0.0.1:33001
2023-03-29 22:44:36,511 [Listener at 127.0.0.1/40933] WARN  server.ServerUtils (ServerUtils.java:getDBPath(225)) - ozone.om.db.dirs is not configured. We recommend adding this setting. Falling back to ozone.metadata.dirs instead.
2023-03-29 22:44:36,513 [Listener at 127.0.0.1/40933] INFO  upgrade.AbstractLayoutVersionManager (AbstractLayoutVersionManager.java:init(83)) - Initializing Layout version manager with metadata layout = MULTITENANCY_SCHEMA (version = 3), software layout = MULTITENANCY_SCHEMA (version = 3)
2023-03-29 22:44:36,615 [Listener at 127.0.0.1/40933] INFO  reflections.Reflections (Reflections.java:scan(232)) - Reflections took 101 ms to scan 2 urls, producing 170 keys and 470 values [using 2 cores]
2023-03-29 22:44:36,616 [Listener at 127.0.0.1/40933] INFO  upgrade.OMLayoutVersionManager (OMLayoutVersionManager.java:lambda$0(115)) - Skipping Upgrade Action MockOmUpgradeAction since it has been finalized.
2023-03-29 22:44:36,616 [Listener at 127.0.0.1/40933] WARN  server.ServerUtils (ServerUtils.java:getDBPath(225)) - ozone.om.db.dirs is not configured. We recommend adding this setting. Falling back to ozone.metadata.dirs instead.
2023-03-29 22:44:36,617 [Listener at 127.0.0.1/40933] INFO  proxy.SCMBlockLocationFailoverProxyProvider (SCMBlockLocationFailoverProxyProvider.java:<init>(114)) - Created block location fail-over proxy with 1 nodes: [nodeId=scmNodeId,nodeAddress=/0.0.0.0:43699]
2023-03-29 22:44:36,622 [Listener at 127.0.0.1/40933] INFO  proxy.SCMBlockLocationFailoverProxyProvider (SCMBlockLocationFailoverProxyProvider.java:<init>(114)) - Created block location fail-over proxy with 1 nodes: [nodeId=scmNodeId,nodeAddress=/0.0.0.0:43699]
2023-03-29 22:44:36,633 [Listener at 127.0.0.1/40933] INFO  om.OzoneManager (OzoneManager.java:<init>(619)) - OM start with adminUsers: [runner]
2023-03-29 22:44:36,637 [Listener at 127.0.0.1/40933] WARN  server.ServerUtils (ServerUtils.java:getDBPath(225)) - ozone.om.db.dirs is not configured. We recommend adding this setting. Falling back to ozone.metadata.dirs instead.
2023-03-29 22:44:36,638 [Listener at 127.0.0.1/40933] INFO  codec.OmKeyInfoCodec (OmKeyInfoCodec.java:<init>(49)) - OmKeyInfoCodec ignorePipeline = true
2023-03-29 22:44:36,639 [Listener at 127.0.0.1/40933] INFO  codec.RepeatedOmKeyInfoCodec (RepeatedOmKeyInfoCodec.java:<init>(41)) - RepeatedOmKeyInfoCodec ignorePipeline = true
2023-03-29 22:44:36,860 [Listener at 127.0.0.1/40933] INFO  om.OzoneManager (OzoneManager.java:instantiateServices(749)) - S3 Multi-Tenancy is disabled
2023-03-29 22:44:36,860 [Listener at 127.0.0.1/40933] WARN  server.ServerUtils (ServerUtils.java:getDBPath(225)) - ozone.om.snapshot.diff.db.dir is not configured. We recommend adding this setting. Falling back to ozone.metadata.dirs instead.
2023-03-29 22:44:36,894 [Listener at 127.0.0.1/40933] INFO  om.OzoneManager (OzoneManager.java:addS3GVolumeToDB(4223)) - Created Volume s3v With Owner runner required for S3Gateway operations.
2023-03-29 22:44:36,895 [Listener at 127.0.0.1/40933] WARN  server.ServerUtils (ServerUtils.java:getDefaultRatisDirectory(237)) - Storage directory for Ratis is not configured. It is a good idea to map this to an SSD disk. Falling back to ozone.metadata.dirs
2023-03-29 22:44:36,895 [Listener at 127.0.0.1/40933] WARN  utils.OzoneManagerRatisUtils (OzoneManagerRatisUtils.java:getOMRatisSnapshotDirectory(446)) - ozone.om.ratis.snapshot.dir is not configured. Falling back to ozone.metadata.dirs config
2023-03-29 22:44:36,895 [Listener at 127.0.0.1/40933] INFO  snapshot.OzoneManagerSnapshotProvider (OzoneManagerSnapshotProvider.java:<init>(76)) - Initializing OM Snapshot Provider
2023-03-29 22:44:36,897 [Listener at 127.0.0.1/40933] WARN  impl.MetricRegistriesImpl (MetricRegistriesImpl.java:addReporterRegistration(111)) - New reporters are added after registries were created. Some metrics will be missing from the reporter. Please add reporter before adding any new registry.
2023-03-29 22:44:36,897 [Listener at 127.0.0.1/40933] WARN  impl.MetricRegistriesImpl (MetricRegistriesImpl.java:addReporterRegistration(111)) - New reporters are added after registries were created. Some metrics will be missing from the reporter. Please add reporter before adding any new registry.
2023-03-29 22:44:36,897 [Listener at 127.0.0.1/40933] WARN  server.ServerUtils (ServerUtils.java:getDefaultRatisDirectory(237)) - Storage directory for Ratis is not configured. It is a good idea to map this to an SSD disk. Falling back to ozone.metadata.dirs
2023-03-29 22:44:36,899 [Listener at 127.0.0.1/40933] INFO  ratis.OzoneManagerRatisServer (OzoneManagerRatisServer.java:<init>(163)) - Instantiating OM Ratis server with groupID: om-service-test1 and peers: localhost:43065, localhost:43993, localhost:39701
2023-03-29 22:44:36,899 [Listener at 127.0.0.1/40933] INFO  ratis.OzoneManagerStateMachine (OzoneManagerStateMachine.java:loadSnapshotInfoFromDB(636)) - LastAppliedIndex is set from TransactionInfo from OM DB as (t:0, i:~)
2023-03-29 22:44:36,899 [Listener at 127.0.0.1/40933] INFO  server.RaftServer (ConfUtils.java:logGet(46)) - raft.rpc.type = GRPC (default)
2023-03-29 22:44:36,900 [Listener at 127.0.0.1/40933] INFO  grpc.GrpcConfigKeys (ConfUtils.java:logFallback(53)) - raft.grpc.admin.host = null (fallback to raft.grpc.server.host)
2023-03-29 22:44:36,900 [Listener at 127.0.0.1/40933] INFO  grpc.GrpcConfigKeys (ConfUtils.java:logFallback(53)) - raft.grpc.admin.port = 43065 (fallback to raft.grpc.server.port)
2023-03-29 22:44:36,900 [Listener at 127.0.0.1/40933] INFO  grpc.GrpcConfigKeys (ConfUtils.java:logFallback(53)) - raft.grpc.client.host = null (fallback to raft.grpc.server.host)
2023-03-29 22:44:36,900 [Listener at 127.0.0.1/40933] INFO  grpc.GrpcConfigKeys (ConfUtils.java:logFallback(53)) - raft.grpc.client.port = 43065 (fallback to raft.grpc.server.port)
2023-03-29 22:44:36,900 [Listener at 127.0.0.1/40933] INFO  grpc.GrpcConfigKeys (ConfUtils.java:logGet(46)) - raft.grpc.server.host = null (default)
2023-03-29 22:44:36,901 [Listener at 127.0.0.1/40933] INFO  grpc.GrpcConfigKeys (ConfUtils.java:logGet(46)) - raft.grpc.server.port = 43065 (custom)
2023-03-29 22:44:36,901 [Listener at 127.0.0.1/40933] INFO  server.GrpcService (ConfUtils.java:logGet(46)) - raft.grpc.message.size.max = 33554432 (custom)
2023-03-29 22:44:36,901 [Listener at 127.0.0.1/40933] INFO  server.RaftServerConfigKeys (ConfUtils.java:logGet(46)) - raft.server.log.appender.buffer.byte-limit = 33554432 (custom)
2023-03-29 22:44:36,901 [Listener at 127.0.0.1/40933] INFO  server.GrpcService (ConfUtils.java:logGet(46)) - raft.grpc.flow.control.window = 1MB (=1048576) (default)
2023-03-29 22:44:36,901 [Listener at 127.0.0.1/40933] INFO  server.RaftServerConfigKeys (ConfUtils.java:logGet(46)) - raft.server.rpc.request.timeout = 3000ms (default)
2023-03-29 22:44:36,901 [Listener at 127.0.0.1/40933] INFO  grpc.GrpcConfigKeys (ConfUtils.java:logGet(46)) - raft.grpc.server.heartbeat.channel = true (default)
2023-03-29 22:44:36,901 [Listener at 127.0.0.1/40933] INFO  grpc.GrpcConfigKeys (ConfUtils.java:logGet(46)) - raft.grpc.server.async.request.thread.pool.cached = true (default)
2023-03-29 22:44:36,902 [Listener at 127.0.0.1/40933] INFO  grpc.GrpcConfigKeys (ConfUtils.java:logGet(46)) - raft.grpc.server.async.request.thread.pool.size = 32 (default)
2023-03-29 22:44:36,903 [Listener at 127.0.0.1/40933] INFO  impl.DataStreamServerImpl (ConfUtils.java:logGet(46)) - raft.datastream.type = DISABLED (default)
2023-03-29 22:44:36,903 [Listener at 127.0.0.1/40933] INFO  server.RaftServerConfigKeys (ConfUtils.java:logGet(46)) - raft.server.threadpool.proxy.cached = true (default)
2023-03-29 22:44:36,903 [Listener at 127.0.0.1/40933] INFO  server.RaftServerConfigKeys (ConfUtils.java:logGet(46)) - raft.server.threadpool.proxy.size = 0 (default)
2023-03-29 22:44:36,903 [Listener at 127.0.0.1/40933] INFO  server.RaftServerConfigKeys (ConfUtils.java:logGet(46)) - raft.server.rpc.slowness.timeout = 2s (custom)
2023-03-29 22:44:36,904 [Listener at 127.0.0.1/40933] INFO  server.RaftServerConfigKeys (ConfUtils.java:logGet(46)) - raft.server.leaderelection.leader.step-down.wait-time = 10s (default)
2023-03-29 22:44:36,904 [Listener at 127.0.0.1/40933] INFO  server.RaftServerConfigKeys (ConfUtils.java:logGet(46)) - raft.server.storage.dir = [/home/runner/work/ozone/ozone/hadoop-ozone/integration-test/target/test-dir/MiniOzoneClusterImpl-bcbc84c2-519e-42a0-a817-fd35ffaa666a/omNode-2/ratis] (custom)
2023-03-29 22:44:36,909 [Listener at 127.0.0.1/40933] INFO  server.RaftServer (RaftServerProxy.java:addNew(96)) - omNode-2: addNew group-523986131536:[omNode-3|rpc:localhost:43993|priority:0|startupRole:FOLLOWER, omNode-1|rpc:localhost:39701|priority:0|startupRole:FOLLOWER, omNode-2|rpc:localhost:43065|priority:0|startupRole:FOLLOWER] returns group-523986131536:java.util.concurrent.CompletableFuture@3ecba23a[Not completed]
2023-03-29 22:44:36,910 [Listener at 127.0.0.1/40933] INFO  om.OzoneManager (OzoneManager.java:initializeRatisServer(2096)) - OzoneManager Ratis server initialized at port 43065
2023-03-29 22:44:36,910 [Listener at 127.0.0.1/40933] INFO  om.OzoneManager (OzoneManager.java:getRpcServer(1132)) - Creating RPC Server
2023-03-29 22:44:36,911 [pool-89-thread-1] INFO  server.RaftServer$Division (RaftServerImpl.java:<init>(195)) - omNode-2: new RaftServerImpl for group-523986131536:[omNode-3|rpc:localhost:43993|priority:0|startupRole:FOLLOWER, omNode-1|rpc:localhost:39701|priority:0|startupRole:FOLLOWER, omNode-2|rpc:localhost:43065|priority:0|startupRole:FOLLOWER] with OzoneManagerStateMachine:uninitialized
2023-03-29 22:44:36,911 [pool-89-thread-1] INFO  server.RaftServerConfigKeys (ConfUtils.java:logGet(46)) - raft.server.rpc.timeout.min = 1s (custom)
2023-03-29 22:44:36,911 [pool-89-thread-1] INFO  server.RaftServerConfigKeys (ConfUtils.java:logGet(46)) - raft.server.rpc.timeout.max = 1200ms (custom)
2023-03-29 22:44:36,912 [pool-89-thread-1] INFO  server.RaftServerConfigKeys (ConfUtils.java:logGet(46)) - raft.server.rpc.sleep.time = 25ms (default)
2023-03-29 22:44:36,912 [pool-89-thread-1] INFO  server.RaftServerConfigKeys (ConfUtils.java:logGet(46)) - raft.server.rpc.slowness.timeout = 2s (custom)
2023-03-29 22:44:36,912 [pool-89-thread-1] INFO  server.RaftServerConfigKeys (ConfUtils.java:logGet(46)) - raft.server.leaderelection.leader.step-down.wait-time = 10s (default)
2023-03-29 22:44:36,912 [pool-89-thread-1] INFO  server.RaftServerConfigKeys (ConfUtils.java:logGet(46)) - raft.server.sleep.deviation.threshold = 300ms (default)
2023-03-29 22:44:36,912 [pool-89-thread-1] INFO  server.RaftServer$Division (ServerState.java:<init>(118)) - omNode-2@group-523986131536: ConfigurationManager, init=-1: peers:[omNode-3|rpc:localhost:43993|priority:0|startupRole:FOLLOWER, omNode-1|rpc:localhost:39701|priority:0|startupRole:FOLLOWER, omNode-2|rpc:localhost:43065|priority:0|startupRole:FOLLOWER]|listeners:[], old=null, confs=<EMPTY_MAP>
2023-03-29 22:44:36,912 [pool-89-thread-1] INFO  server.RaftServerConfigKeys (ConfUtils.java:logGet(46)) - raft.server.storage.dir = [/home/runner/work/ozone/ozone/hadoop-ozone/integration-test/target/test-dir/MiniOzoneClusterImpl-bcbc84c2-519e-42a0-a817-fd35ffaa666a/omNode-2/ratis] (custom)
2023-03-29 22:44:36,912 [pool-89-thread-1] INFO  server.RaftServerConfigKeys (ConfUtils.java:logGet(46)) - raft.server.log.corruption.policy = EXCEPTION (default)
2023-03-29 22:44:36,912 [pool-89-thread-1] INFO  server.RaftServerConfigKeys (ConfUtils.java:logGet(46)) - raft.server.storage.free-space.min = 0MB (=0) (default)
2023-03-29 22:44:36,914 [pool-89-thread-1] INFO  server.RaftServerConfigKeys (ConfUtils.java:logGet(46)) - raft.server.notification.no-leader.timeout = 2s (custom)
2023-03-29 22:44:36,914 [pool-89-thread-1] INFO  server.RaftServerConfigKeys (ConfUtils.java:logGet(46)) - raft.server.retrycache.expirytime = 300s (custom)
2023-03-29 22:44:36,914 [pool-89-thread-1] INFO  server.RaftServerConfigKeys (ConfUtils.java:logGet(46)) - raft.server.retrycache.statistics.expirytime = 100μs (default)
2023-03-29 22:44:36,920 [pool-89-thread-1] INFO  server.RaftServerConfigKeys (ConfUtils.java:logGet(46)) - raft.server.log.appender.install.snapshot.enabled = false (custom)
2023-03-29 22:44:36,922 [pool-89-thread-1] INFO  server.RaftServerConfigKeys (ConfUtils.java:logGet(46)) - raft.server.threadpool.server.cached = true (default)
2023-03-29 22:44:36,923 [pool-89-thread-1] INFO  server.RaftServerConfigKeys (ConfUtils.java:logGet(46)) - raft.server.threadpool.server.size = 0 (default)
2023-03-29 22:44:36,923 [pool-89-thread-1] INFO  server.RaftServerConfigKeys (ConfUtils.java:logGet(46)) - raft.server.threadpool.client.cached = true (default)
2023-03-29 22:44:36,923 [pool-89-thread-1] INFO  server.RaftServerConfigKeys (ConfUtils.java:logGet(46)) - raft.server.threadpool.client.size = 0 (default)
2023-03-29 22:44:37,543 [Listener at 127.0.0.1/40933] INFO  reflections.Reflections (Reflections.java:scan(232)) - Reflections took 632 ms to scan 19 urls, producing 68 keys and 4993 values [using 2 cores]
2023-03-29 22:44:37,545 [omNode-1@group-523986131536-FollowerState] INFO  impl.FollowerState (FollowerState.java:run(143)) - omNode-1@group-523986131536-FollowerState: change to CANDIDATE, lastRpcElapsedTime:1180063963ns, electionTimeout:1164ms
2023-03-29 22:44:37,545 [Listener at 127.0.0.1/40933] INFO  ipc.CallQueueManager (CallQueueManager.java:<init>(90)) - Using callQueue: class java.util.concurrent.LinkedBlockingQueue, queueCapacity: 2000, scheduler: class org.apache.hadoop.ipc.DefaultRpcScheduler, ipcBackoff: false.
2023-03-29 22:44:37,546 [omNode-1@group-523986131536-FollowerState] INFO  impl.RoleInfo (RoleInfo.java:shutdownFollowerState(110)) - omNode-1: shutdown omNode-1@group-523986131536-FollowerState
2023-03-29 22:44:37,549 [omNode-1@group-523986131536-FollowerState] INFO  server.RaftServer$Division (RaftServerImpl.java:setRole(321)) - omNode-1@group-523986131536: changes role from  FOLLOWER to CANDIDATE at term 0 for changeToCandidate
2023-03-29 22:44:37,554 [Socket Reader #1 for port 33001] INFO  ipc.Server (Server.java:run(1273)) - Starting Socket Reader #1 for port 33001
2023-03-29 22:44:37,579 [Listener at 127.0.0.1/33001] INFO  impl.MetricsSystemImpl (MetricsSystemImpl.java:init(158)) - OzoneManager metrics system started (again)
2023-03-29 22:44:37,584 [omNode-1@group-523986131536-FollowerState] INFO  server.RaftServerConfigKeys (ConfUtils.java:logGet(46)) - raft.server.leaderelection.pre-vote = true (default)
2023-03-29 22:44:37,585 [omNode-1@group-523986131536-FollowerState] INFO  impl.RoleInfo (RoleInfo.java:updateAndGet(139)) - omNode-1: start omNode-1@group-523986131536-LeaderElection1
2023-03-29 22:44:37,601 [omNode-1@group-523986131536-LeaderElection1] INFO  impl.LeaderElection (LeaderElection.java:askForVotes(312)) - omNode-1@group-523986131536-LeaderElection1 PRE_VOTE round 0: submit vote requests at term 0 for -1: peers:[omNode-3|rpc:localhost:43993|priority:0|startupRole:FOLLOWER, omNode-1|rpc:localhost:39701|priority:0|startupRole:FOLLOWER, omNode-2|rpc:localhost:43065|priority:0|startupRole:FOLLOWER]|listeners:[], old=null
2023-03-29 22:44:37,602 [Listener at 127.0.0.1/33001] INFO  om.OzoneManager (OzoneManager.java:start(1553)) - OzoneManager RPC server is listening at localhost/127.0.0.1:33001
2023-03-29 22:44:37,603 [Listener at 127.0.0.1/33001] INFO  ratis.OzoneManagerRatisServer (OzoneManagerRatisServer.java:start(558)) - Starting OzoneManagerRatisServer omNode-2 at port 43065
2023-03-29 22:44:37,603 [omNode-2-impl-thread1] INFO  storage.RaftStorageDirectory (RaftStorageDirectoryImpl.java:analyzeStorage(137)) - The storage directory /home/runner/work/ozone/ozone/hadoop-ozone/integration-test/target/test-dir/MiniOzoneClusterImpl-bcbc84c2-519e-42a0-a817-fd35ffaa666a/omNode-2/ratis/c9bc4cf4-3bc3-3c60-a66b-523986131536 does not exist. Creating ...
2023-03-29 22:44:37,606 [omNode-2-impl-thread1] INFO  storage.RaftStorageDirectory (RaftStorageDirectoryImpl.java:tryLock(231)) - Lock on /home/runner/work/ozone/ozone/hadoop-ozone/integration-test/target/test-dir/MiniOzoneClusterImpl-bcbc84c2-519e-42a0-a817-fd35ffaa666a/omNode-2/ratis/c9bc4cf4-3bc3-3c60-a66b-523986131536/in_use.lock acquired by nodename 4032@fv-az377-460
2023-03-29 22:44:37,607 [omNode-2-impl-thread1] INFO  storage.RaftStorage (RaftStorageImpl.java:format(96)) - Storage directory /home/runner/work/ozone/ozone/hadoop-ozone/integration-test/target/test-dir/MiniOzoneClusterImpl-bcbc84c2-519e-42a0-a817-fd35ffaa666a/omNode-2/ratis/c9bc4cf4-3bc3-3c60-a66b-523986131536 has been successfully formatted.
2023-03-29 22:44:37,609 [omNode-2-impl-thread1] INFO  server.RaftServerConfigKeys (ConfUtils.java:logGet(46)) - raft.server.log.use.memory = false (default)
2023-03-29 22:44:37,609 [omNode-2-impl-thread1] INFO  server.RaftServerConfigKeys (ConfUtils.java:logGet(46)) - raft.server.log.purge.gap = 1000000 (custom)
2023-03-29 22:44:37,609 [omNode-2-impl-thread1] INFO  server.RaftServerConfigKeys (ConfUtils.java:logGet(46)) - raft.server.log.appender.buffer.byte-limit = 33554432 (custom)
2023-03-29 22:44:37,609 [omNode-2-impl-thread1] INFO  server.RaftServerConfigKeys (ConfUtils.java:logGet(46)) - raft.server.log.statemachine.data.read.timeout = 1000ms (default)
2023-03-29 22:44:37,609 [omNode-2-impl-thread1] INFO  server.RaftServerConfigKeys (ConfUtils.java:logGet(46)) - raft.server.log.purge.preservation.log.num = 0 (default)
2023-03-29 22:44:37,609 [omNode-2-impl-thread1] INFO  server.RaftServerConfigKeys (ConfUtils.java:logGet(46)) - raft.server.log.segment.size.max = 4194304 (custom)
2023-03-29 22:44:37,610 [omNode-2-impl-thread1] INFO  server.RaftServerConfigKeys (ConfUtils.java:logGet(46)) - raft.server.log.segment.cache.num.max = 2 (custom)
2023-03-29 22:44:37,611 [omNode-2-impl-thread1] INFO  server.RaftServerConfigKeys (ConfUtils.java:logGet(46)) - raft.server.log.segment.cache.size.max = 200MB (=209715200) (default)
2023-03-29 22:44:37,611 [omNode-2-impl-thread1] INFO  segmented.SegmentedRaftLogWorker (SegmentedRaftLogWorker.java:<init>(189)) - new omNode-2@group-523986131536-SegmentedRaftLogWorker for RaftStorageImpl:Storage Directory /home/runner/work/ozone/ozone/hadoop-ozone/integration-test/target/test-dir/MiniOzoneClusterImpl-bcbc84c2-519e-42a0-a817-fd35ffaa666a/omNode-2/ratis/c9bc4cf4-3bc3-3c60-a66b-523986131536
2023-03-29 22:44:37,611 [omNode-2-impl-thread1] INFO  server.RaftServerConfigKeys (ConfUtils.java:logGet(46)) - raft.server.log.queue.byte-limit = 64MB (=67108864) (default)
2023-03-29 22:44:37,611 [omNode-2-impl-thread1] INFO  server.RaftServerConfigKeys (ConfUtils.java:logGet(46)) - raft.server.log.queue.element-limit = 4096 (default)
2023-03-29 22:44:37,611 [omNode-2-impl-thread1] INFO  server.RaftServerConfigKeys (ConfUtils.java:logGet(46)) - raft.server.log.segment.size.max = 4194304 (custom)
2023-03-29 22:44:37,611 [omNode-2-impl-thread1] INFO  server.RaftServerConfigKeys (ConfUtils.java:logGet(46)) - raft.server.log.preallocated.size = 4194304 (custom)
2023-03-29 22:44:37,611 [omNode-2-impl-thread1] INFO  server.RaftServerConfigKeys (ConfUtils.java:logGet(46)) - raft.server.log.force.sync.num = 128 (default)
2023-03-29 22:44:37,611 [omNode-2-impl-thread1] INFO  server.RaftServerConfigKeys (ConfUtils.java:logGet(46)) - raft.server.log.statemachine.data.sync = true (default)
2023-03-29 22:44:37,612 [omNode-2-impl-thread1] INFO  server.RaftServerConfigKeys (ConfUtils.java:logGet(46)) - raft.server.log.statemachine.data.sync.timeout = 10s (default)
2023-03-29 22:44:37,612 [omNode-2-impl-thread1] INFO  server.RaftServerConfigKeys (ConfUtils.java:logGet(46)) - raft.server.log.statemachine.data.sync.timeout.retry = -1 (default)
2023-03-29 22:44:37,615 [omNode-2-impl-thread1] INFO  server.RaftServerConfigKeys (ConfUtils.java:logGet(46)) - raft.server.log.write.buffer.size = 64KB (=65536) (default)
2023-03-29 22:44:37,616 [omNode-2-impl-thread1] INFO  server.RaftServerConfigKeys (ConfUtils.java:logGet(46)) - raft.server.log.appender.buffer.byte-limit = 33554432 (custom)
2023-03-29 22:44:37,626 [omNode-1@group-523986131536-LeaderElection1-1] INFO  server.GrpcServerProtocolClient (GrpcServerProtocolClient.java:<init>(63)) - Build channel for omNode-3
2023-03-29 22:44:37,626 [omNode-1@group-523986131536-LeaderElection1] INFO  server.RaftServerConfigKeys (ConfUtils.java:logFallback(53)) - raft.server.rpc.first-election.timeout.min = 1s (fallback to raft.server.rpc.timeout.min)
2023-03-29 22:44:37,626 [omNode-1@group-523986131536-LeaderElection1] INFO  server.RaftServerConfigKeys (ConfUtils.java:logFallback(53)) - raft.server.rpc.first-election.timeout.max = 1200ms (fallback to raft.server.rpc.timeout.max)
2023-03-29 22:44:37,631 [omNode-1@group-523986131536-LeaderElection1-2] INFO  server.GrpcServerProtocolClient (GrpcServerProtocolClient.java:<init>(63)) - Build channel for omNode-2
2023-03-29 22:44:37,632 [omNode-2-impl-thread1] INFO  server.RaftServerConfigKeys (ConfUtils.java:logGet(46)) - raft.server.log.unsafe-flush.enabled = false (default)
2023-03-29 22:44:37,632 [omNode-2-impl-thread1] INFO  server.RaftServerConfigKeys (ConfUtils.java:logGet(46)) - raft.server.log.async-flush.enabled = false (default)
2023-03-29 22:44:37,632 [omNode-2-impl-thread1] INFO  server.RaftServerConfigKeys (ConfUtils.java:logGet(46)) - raft.server.log.statemachine.data.caching.enabled = false (default)
2023-03-29 22:44:37,632 [omNode-2-impl-thread1] INFO  segmented.SegmentedRaftLogWorker (SegmentedRaftLogWorker.java:lambda$new$0(135)) - omNode-2@group-523986131536-SegmentedRaftLogWorker: flushIndex: setUnconditionally 0 -> -1
2023-03-29 22:44:37,632 [omNode-2-impl-thread1] INFO  segmented.SegmentedRaftLogWorker (SegmentedRaftLogWorker.java:lambda$new$0(135)) - omNode-2@group-523986131536-SegmentedRaftLogWorker: safeCacheEvictIndex: setUnconditionally 0 -> -1
2023-03-29 22:44:37,637 [omNode-2-impl-thread1] INFO  server.RaftServer$Division (RaftServerImpl.java:start(334)) - omNode-2@group-523986131536: start as a follower, conf=-1: peers:[omNode-3|rpc:localhost:43993|priority:0|startupRole:FOLLOWER, omNode-1|rpc:localhost:39701|priority:0|startupRole:FOLLOWER, omNode-2|rpc:localhost:43065|priority:0|startupRole:FOLLOWER]|listeners:[], old=null
2023-03-29 22:44:37,637 [omNode-2-impl-thread1] INFO  server.RaftServer$Division (RaftServerImpl.java:setRole(321)) - omNode-2@group-523986131536: changes role from      null to FOLLOWER at term 0 for startAsFollower
2023-03-29 22:44:37,641 [omNode-2-impl-thread1] INFO  impl.RoleInfo (RoleInfo.java:updateAndGet(139)) - omNode-2: start omNode-2@group-523986131536-FollowerState
2023-03-29 22:44:37,642 [omNode-2-impl-thread1] INFO  util.JmxRegister (JmxRegister.java:tryRegister(44)) - Successfully registered JMX Bean with object name Ratis:service=RaftServer,group=group-523986131536,id=omNode-2
2023-03-29 22:44:37,644 [omNode-2-impl-thread1] INFO  server.RaftServerConfigKeys (ConfUtils.java:logGet(46)) - raft.server.snapshot.auto.trigger.enabled = true (custom)
2023-03-29 22:44:37,644 [omNode-2-impl-thread1] INFO  server.RaftServerConfigKeys (ConfUtils.java:logGet(46)) - raft.server.snapshot.auto.trigger.threshold = 400000 (default)
2023-03-29 22:44:37,644 [omNode-2-impl-thread1] INFO  server.RaftServerConfigKeys (ConfUtils.java:logGet(46)) - raft.server.snapshot.retention.file.num = -1 (default)
2023-03-29 22:44:37,645 [omNode-2-impl-thread1] INFO  server.RaftServerConfigKeys (ConfUtils.java:logGet(46)) - raft.server.log.purge.upto.snapshot.index = true (custom)
2023-03-29 22:44:37,646 [Listener at 127.0.0.1/33001] INFO  server.RaftServer (RaftServerProxy.java:startImpl(393)) - omNode-2: start RPC server
2023-03-29 22:44:37,648 [Listener at 127.0.0.1/33001] INFO  server.GrpcService (GrpcService.java:startImpl(262)) - omNode-2: GrpcService started, listening on 43065
2023-03-29 22:44:37,648 [Listener at 127.0.0.1/33001] INFO  om.OzoneManager (OzoneManager.java:start(1569)) - Version File has different layout version (3) than OM DB (null). That is expected if this OM has never been finalized to a newer layout version.
2023-03-29 22:44:37,658 [Listener at 127.0.0.1/33001] INFO  http.BaseHttpServer (BaseHttpServer.java:newHttpServer2BuilderForOzone(224)) - Starting Web-server for ozoneManager at: http://0.0.0.0:39323
2023-03-29 22:44:37,658 [Listener at 127.0.0.1/33001] INFO  http.BaseHttpServer (BaseHttpServer.java:<init>(111)) - Hadoop Security Enabled: false Ozone Security Enabled: false Ozone HTTP Security Enabled: false 
2023-03-29 22:44:37,660 [Listener at 127.0.0.1/33001] WARN  server.AuthenticationFilter (AuthenticationFilter.java:constructSecretProvider(240)) - Unable to initialize FileSignerSecretProvider, falling back to use random secrets. Reason: Could not read signature secret file: /home/runner/hadoop-http-auth-signature-secret
2023-03-29 22:44:37,649 [JvmPauseMonitor1] INFO  util.JvmPauseMonitor (JvmPauseMonitor.java:run(105)) - JvmPauseMonitor-omNode-2: Started
2023-03-29 22:44:37,661 [Listener at 127.0.0.1/33001] WARN  http.HttpRequestLog (HttpRequestLog.java:getRequestLog(103)) - Jetty request log can only be enabled using Log4j
2023-03-29 22:44:37,658 [omNode-2@group-523986131536-FollowerState] INFO  server.RaftServerConfigKeys (ConfUtils.java:logFallback(53)) - raft.server.rpc.first-election.timeout.min = 1s (fallback to raft.server.rpc.timeout.min)
2023-03-29 22:44:37,662 [omNode-2@group-523986131536-FollowerState] INFO  server.RaftServerConfigKeys (ConfUtils.java:logFallback(53)) - raft.server.rpc.first-election.timeout.max = 1200ms (fallback to raft.server.rpc.timeout.max)
2023-03-29 22:44:37,663 [Listener at 127.0.0.1/33001] INFO  http.HttpServer2 (HttpServer2.java:addGlobalFilter(1031)) - Added global filter 'safety' (class=org.apache.hadoop.hdds.server.http.HttpServer2$QuotingInputFilter)
2023-03-29 22:44:37,674 [Listener at 127.0.0.1/33001] INFO  http.HttpServer2 (HttpServer2.java:addFilter(1007)) - Added filter static_user_filter (class=org.apache.hadoop.http.lib.StaticUserWebFilter$StaticUserFilter) to context ozoneManager
2023-03-29 22:44:37,675 [Listener at 127.0.0.1/33001] INFO  http.HttpServer2 (HttpServer2.java:addFilter(1015)) - Added filter static_user_filter (class=org.apache.hadoop.http.lib.StaticUserWebFilter$StaticUserFilter) to context logs
2023-03-29 22:44:37,675 [Listener at 127.0.0.1/33001] INFO  http.HttpServer2 (HttpServer2.java:addFilter(1015)) - Added filter static_user_filter (class=org.apache.hadoop.http.lib.StaticUserWebFilter$StaticUserFilter) to context static
2023-03-29 22:44:37,675 [Listener at 127.0.0.1/33001] INFO  http.BaseHttpServer (BaseHttpServer.java:<init>(190)) - HTTP server of ozoneManager uses base directory /home/runner/work/ozone/ozone/hadoop-ozone/integration-test/target/test-dir/MiniOzoneClusterImpl-bcbc84c2-519e-42a0-a817-fd35ffaa666a/omNode-2/webserver
2023-03-29 22:44:37,676 [Listener at 127.0.0.1/33001] INFO  http.HttpServer2 (HttpServer2.java:bindListener(1250)) - Jetty bound to port 39323
2023-03-29 22:44:37,676 [Listener at 127.0.0.1/33001] INFO  server.Server (Server.java:doStart(375)) - jetty-9.4.49.v20220914; built: 2022-09-14T01:07:36.601Z; git: 4231a3b2e4cb8548a412a789936d640a97b1aa0a; jvm 1.8.0_362-b09
2023-03-29 22:44:37,682 [Listener at 127.0.0.1/33001] INFO  server.session (DefaultSessionIdManager.java:doStart(334)) - DefaultSessionIdManager workerName=node0
2023-03-29 22:44:37,682 [Listener at 127.0.0.1/33001] INFO  server.session (DefaultSessionIdManager.java:doStart(339)) - No SessionScavenger set, using defaults
2023-03-29 22:44:37,682 [Listener at 127.0.0.1/33001] INFO  server.session (HouseKeeper.java:startScavenging(132)) - node0 Scavenging every 660000ms
2023-03-29 22:44:37,685 [Listener at 127.0.0.1/33001] INFO  handler.ContextHandler (ContextHandler.java:doStart(921)) - Started o.e.j.s.ServletContextHandler@73e0cc07{logs,/logs,file:///home/runner/work/ozone/ozone/hadoop-ozone/integration-test/target/log,AVAILABLE}
2023-03-29 22:44:37,686 [Listener at 127.0.0.1/33001] INFO  handler.ContextHandler (ContextHandler.java:doStart(921)) - Started o.e.j.s.ServletContextHandler@650d0a90{static,/static,file:///home/runner/work/ozone/ozone/hadoop-ozone/integration-test/target/test-classes/webapps/static,AVAILABLE}
2023-03-29 22:44:37,690 [Listener at 127.0.0.1/33001] INFO  handler.ContextHandler (ContextHandler.java:doStart(921)) - Started o.e.j.w.WebAppContext@7b742ec1{ozoneManager,/,file:///home/runner/work/ozone/ozone/hadoop-ozone/integration-test/target/test-classes/webapps/ozoneManager/,AVAILABLE}{file:/home/runner/work/ozone/ozone/hadoop-ozone/integration-test/target/test-classes/webapps/ozoneManager}
2023-03-29 22:44:37,698 [Listener at 127.0.0.1/33001] INFO  server.AbstractConnector (AbstractConnector.java:doStart(333)) - Started ServerConnector@24623fe4{HTTP/1.1, (http/1.1)}{0.0.0.0:39323}
2023-03-29 22:44:37,698 [Listener at 127.0.0.1/33001] INFO  server.Server (Server.java:doStart(415)) - Started @9334ms
2023-03-29 22:44:37,698 [Listener at 127.0.0.1/33001] WARN  impl.MetricsSystemImpl (MetricsSystemImpl.java:register(279)) - Sink prometheus already exists!
2023-03-29 22:44:37,699 [Listener at 127.0.0.1/33001] INFO  http.BaseHttpServer (BaseHttpServer.java:updateConnectorAddress(344)) - HTTP server of ozoneManager listening at http://0.0.0.0:39323
2023-03-29 22:44:37,699 [IPC Server Responder] INFO  ipc.Server (Server.java:run(1512)) - IPC Server Responder: starting
2023-03-29 22:44:37,700 [IPC Server listener on 33001] INFO  ipc.Server (Server.java:run(1352)) - IPC Server listener on 33001: starting
2023-03-29 22:44:37,704 [Listener at 127.0.0.1/33001] INFO  om.OzoneManager (OzoneManager.java:startTrashEmptier(2040)) - Trash Interval set to 0. Files deleted won't move to trash
2023-03-29 22:44:37,705 [Listener at 127.0.0.1/33001] INFO  ozone.MiniOzoneHAClusterImpl (MiniOzoneHAClusterImpl.java:createOMService(527)) - Started OzoneManager omNode-2 RPC server at localhost/127.0.0.1:33001
2023-03-29 22:44:37,706 [Listener at 127.0.0.1/33001] INFO  ha.OMHANodeDetails (OMHANodeDetails.java:loadOMHAConfig(121)) - ServiceID for OzoneManager is om-service-test1
2023-03-29 22:44:37,706 [Listener at 127.0.0.1/33001] INFO  ha.OMHANodeDetails (OMHANodeDetails.java:loadOMHAConfig(201)) - Found matching OM address with OMServiceId: om-service-test1, OMNodeId: omNode-3, RPC Address: localhost:38933 and Ratis port: 43993
2023-03-29 22:44:37,706 [Listener at 127.0.0.1/33001] INFO  ha.OMHANodeDetails (ConfUtils.java:setNodeSpecificConfigs(97)) - Setting configuration key ozone.om.http-address with value of key ozone.om.http-address.om-service-test1.omNode-3: 127.0.0.1:34423
2023-03-29 22:44:37,706 [Listener at 127.0.0.1/33001] INFO  ha.OMHANodeDetails (ConfUtils.java:setNodeSpecificConfigs(97)) - Setting configuration key ozone.om.https-address with value of key ozone.om.https-address.om-service-test1.omNode-3: 127.0.0.1:39411
2023-03-29 22:44:37,707 [Listener at 127.0.0.1/33001] INFO  ha.OMHANodeDetails (ConfUtils.java:setNodeSpecificConfigs(97)) - Setting configuration key ozone.om.address with value of key ozone.om.address.om-service-test1.omNode-3: 127.0.0.1:38933
2023-03-29 22:44:37,707 [Listener at 127.0.0.1/33001] WARN  server.ServerUtils (ServerUtils.java:getDBPath(225)) - ozone.om.db.dirs is not configured. We recommend adding this setting. Falling back to ozone.metadata.dirs instead.
2023-03-29 22:44:37,708 [Listener at 127.0.0.1/33001] INFO  proxy.SCMBlockLocationFailoverProxyProvider (SCMBlockLocationFailoverProxyProvider.java:<init>(114)) - Created block location fail-over proxy with 1 nodes: [nodeId=scmNodeId,nodeAddress=/0.0.0.0:43699]
2023-03-29 22:44:37,730 [org.apache.hadoop.util.JvmPauseMonitor$Monitor@6f6ea81b] INFO  util.JvmPauseMonitor (JvmPauseMonitor.java:run(188)) - Starting JVM pause monitor
OM initialization succeeded.Current cluster id for sd=/home/runner/work/ozone/ozone/hadoop-ozone/integration-test/target/test-dir/MiniOzoneClusterImpl-bcbc84c2-519e-42a0-a817-fd35ffaa666a/omNode-3/om;cid=bcbc84c2-519e-42a0-a817-fd35ffaa666a;layoutVersion=3
2023-03-29 22:44:37,755 [Listener at 127.0.0.1/33001] INFO  ha.OMHANodeDetails (OMHANodeDetails.java:loadOMHAConfig(121)) - ServiceID for OzoneManager is om-service-test1
2023-03-29 22:44:37,755 [Listener at 127.0.0.1/33001] INFO  ha.OMHANodeDetails (OMHANodeDetails.java:loadOMHAConfig(201)) - Found matching OM address with OMServiceId: om-service-test1, OMNodeId: omNode-3, RPC Address: localhost:38933 and Ratis port: 43993
2023-03-29 22:44:37,756 [Listener at 127.0.0.1/33001] INFO  ha.OMHANodeDetails (ConfUtils.java:setNodeSpecificConfigs(97)) - Setting configuration key ozone.om.http-address with value of key ozone.om.http-address.om-service-test1.omNode-3: 127.0.0.1:34423
2023-03-29 22:44:37,756 [Listener at 127.0.0.1/33001] INFO  ha.OMHANodeDetails (ConfUtils.java:setNodeSpecificConfigs(97)) - Setting configuration key ozone.om.https-address with value of key ozone.om.https-address.om-service-test1.omNode-3: 127.0.0.1:39411
2023-03-29 22:44:37,756 [Listener at 127.0.0.1/33001] INFO  ha.OMHANodeDetails (ConfUtils.java:setNodeSpecificConfigs(97)) - Setting configuration key ozone.om.address with value of key ozone.om.address.om-service-test1.omNode-3: 127.0.0.1:38933
2023-03-29 22:44:37,756 [Listener at 127.0.0.1/33001] WARN  server.ServerUtils (ServerUtils.java:getDBPath(225)) - ozone.om.db.dirs is not configured. We recommend adding this setting. Falling back to ozone.metadata.dirs instead.
2023-03-29 22:44:37,759 [Listener at 127.0.0.1/33001] INFO  upgrade.AbstractLayoutVersionManager (AbstractLayoutVersionManager.java:init(83)) - Initializing Layout version manager with metadata layout = MULTITENANCY_SCHEMA (version = 3), software layout = MULTITENANCY_SCHEMA (version = 3)
2023-03-29 22:44:37,943 [Listener at 127.0.0.1/33001] INFO  reflections.Reflections (Reflections.java:scan(232)) - Reflections took 183 ms to scan 2 urls, producing 170 keys and 470 values [using 2 cores]
2023-03-29 22:44:37,947 [Listener at 127.0.0.1/33001] INFO  upgrade.OMLayoutVersionManager (OMLayoutVersionManager.java:lambda$0(115)) - Skipping Upgrade Action MockOmUpgradeAction since it has been finalized.
2023-03-29 22:44:37,947 [Listener at 127.0.0.1/33001] WARN  server.ServerUtils (ServerUtils.java:getDBPath(225)) - ozone.om.db.dirs is not configured. We recommend adding this setting. Falling back to ozone.metadata.dirs instead.
2023-03-29 22:44:37,948 [Listener at 127.0.0.1/33001] INFO  proxy.SCMBlockLocationFailoverProxyProvider (SCMBlockLocationFailoverProxyProvider.java:<init>(114)) - Created block location fail-over proxy with 1 nodes: [nodeId=scmNodeId,nodeAddress=/0.0.0.0:43699]
2023-03-29 22:44:37,950 [Listener at 127.0.0.1/33001] INFO  proxy.SCMBlockLocationFailoverProxyProvider (SCMBlockLocationFailoverProxyProvider.java:<init>(114)) - Created block location fail-over proxy with 1 nodes: [nodeId=scmNodeId,nodeAddress=/0.0.0.0:43699]
2023-03-29 22:44:37,960 [Listener at 127.0.0.1/33001] INFO  om.OzoneManager (OzoneManager.java:<init>(619)) - OM start with adminUsers: [runner]
2023-03-29 22:44:37,961 [Listener at 127.0.0.1/33001] WARN  server.ServerUtils (ServerUtils.java:getDBPath(225)) - ozone.om.db.dirs is not configured. We recommend adding this setting. Falling back to ozone.metadata.dirs instead.
2023-03-29 22:44:37,962 [Listener at 127.0.0.1/33001] INFO  codec.OmKeyInfoCodec (OmKeyInfoCodec.java:<init>(49)) - OmKeyInfoCodec ignorePipeline = true
2023-03-29 22:44:37,962 [Listener at 127.0.0.1/33001] INFO  codec.RepeatedOmKeyInfoCodec (RepeatedOmKeyInfoCodec.java:<init>(41)) - RepeatedOmKeyInfoCodec ignorePipeline = true
2023-03-29 22:44:38,154 [omNode-1@group-523986131536-LeaderElection1] INFO  impl.LeaderElection (LogUtils.java:infoOrTrace(137)) - omNode-1@group-523986131536-LeaderElection1 got exception when requesting votes: java.util.concurrent.ExecutionException: org.apache.ratis.thirdparty.io.grpc.StatusRuntimeException: UNAVAILABLE: io exception
2023-03-29 22:44:38,211 [grpc-default-executor-0] INFO  server.RaftServer$Division (RaftServerImpl.java:requestVote(1218)) - omNode-2@group-523986131536: receive requestVote(PRE_VOTE, omNode-1, group-523986131536, 0, (t:0, i:~))
2023-03-29 22:44:38,217 [grpc-default-executor-0] INFO  impl.VoteContext (VoteContext.java:log(49)) - omNode-2@group-523986131536-FOLLOWER: accept PRE_VOTE from omNode-1: our priority 0 <= candidate's priority 0
2023-03-29 22:44:38,236 [grpc-default-executor-0] INFO  server.RaftServer$Division (RaftServerImpl.java:requestVote(1251)) - omNode-2@group-523986131536 replies to PRE_VOTE vote request: omNode-1<-omNode-2#0:OK-t0. Peer's state: omNode-2@group-523986131536:t0, leader=null, voted=, raftlog=Memoized:omNode-2@group-523986131536-SegmentedRaftLog:OPENED:c-1, conf=-1: peers:[omNode-3|rpc:localhost:43993|priority:0|startupRole:FOLLOWER, omNode-1|rpc:localhost:39701|priority:0|startupRole:FOLLOWER, omNode-2|rpc:localhost:43065|priority:0|startupRole:FOLLOWER]|listeners:[], old=null
2023-03-29 22:44:38,247 [omNode-1@group-523986131536-LeaderElection1] INFO  impl.LeaderElection (LeaderElection.java:logAndReturn(90)) - omNode-1@group-523986131536-LeaderElection1: PRE_VOTE PASSED received 1 response(s) and 1 exception(s):
2023-03-29 22:44:38,247 [omNode-1@group-523986131536-LeaderElection1] INFO  impl.LeaderElection (LeaderElection.java:logAndReturn(94)) -   Response 0: omNode-1<-omNode-2#0:OK-t0
2023-03-29 22:44:38,247 [omNode-1@group-523986131536-LeaderElection1] INFO  impl.LeaderElection (LogUtils.java:infoOrTrace(137)) -   Exception 1: java.util.concurrent.ExecutionException: org.apache.ratis.thirdparty.io.grpc.StatusRuntimeException: UNAVAILABLE: io exception
2023-03-29 22:44:38,247 [omNode-1@group-523986131536-LeaderElection1] INFO  impl.LeaderElection (LeaderElection.java:askForVotes(314)) - omNode-1@group-523986131536-LeaderElection1 PRE_VOTE round 0: result PASSED
2023-03-29 22:44:38,252 [omNode-1@group-523986131536-LeaderElection1] INFO  impl.LeaderElection (LeaderElection.java:askForVotes(312)) - omNode-1@group-523986131536-LeaderElection1 ELECTION round 0: submit vote requests at term 1 for -1: peers:[omNode-3|rpc:localhost:43993|priority:0|startupRole:FOLLOWER, omNode-1|rpc:localhost:39701|priority:0|startupRole:FOLLOWER, omNode-2|rpc:localhost:43065|priority:0|startupRole:FOLLOWER]|listeners:[], old=null
2023-03-29 22:44:38,257 [omNode-1@group-523986131536-LeaderElection1] INFO  server.RaftServerConfigKeys (ConfUtils.java:logFallback(53)) - raft.server.rpc.first-election.timeout.min = 1s (fallback to raft.server.rpc.timeout.min)
2023-03-29 22:44:38,258 [omNode-1@group-523986131536-LeaderElection1] INFO  server.RaftServerConfigKeys (ConfUtils.java:logFallback(53)) - raft.server.rpc.first-election.timeout.max = 1200ms (fallback to raft.server.rpc.timeout.max)
2023-03-29 22:44:38,258 [omNode-1@group-523986131536-LeaderElection1] INFO  impl.LeaderElection (LogUtils.java:infoOrTrace(137)) - omNode-1@group-523986131536-LeaderElection1 got exception when requesting votes: java.util.concurrent.ExecutionException: org.apache.ratis.thirdparty.io.grpc.StatusRuntimeException: UNAVAILABLE: io exception
2023-03-29 22:44:38,264 [grpc-default-executor-0] INFO  server.RaftServer$Division (RaftServerImpl.java:requestVote(1218)) - omNode-2@group-523986131536: receive requestVote(ELECTION, omNode-1, group-523986131536, 1, (t:0, i:~))
2023-03-29 22:44:38,265 [grpc-default-executor-0] INFO  impl.VoteContext (VoteContext.java:log(49)) - omNode-2@group-523986131536-FOLLOWER: accept ELECTION from omNode-1: our priority 0 <= candidate's priority 0
2023-03-29 22:44:38,265 [grpc-default-executor-0] INFO  server.RaftServer$Division (RaftServerImpl.java:setRole(321)) - omNode-2@group-523986131536: changes role from  FOLLOWER to FOLLOWER at term 1 for candidate:omNode-1
2023-03-29 22:44:38,265 [grpc-default-executor-0] INFO  impl.RoleInfo (RoleInfo.java:shutdownFollowerState(110)) - omNode-2: shutdown omNode-2@group-523986131536-FollowerState
2023-03-29 22:44:38,266 [grpc-default-executor-0] INFO  impl.RoleInfo (RoleInfo.java:updateAndGet(139)) - omNode-2: start omNode-2@group-523986131536-FollowerState
2023-03-29 22:44:38,266 [omNode-2@group-523986131536-FollowerState] INFO  impl.FollowerState (FollowerState.java:run(152)) - omNode-2@group-523986131536-FollowerState was interrupted
2023-03-29 22:44:38,275 [omNode-2@group-523986131536-FollowerState] INFO  server.RaftServerConfigKeys (ConfUtils.java:logFallback(53)) - raft.server.rpc.first-election.timeout.min = 1s (fallback to raft.server.rpc.timeout.min)
2023-03-29 22:44:38,275 [omNode-2@group-523986131536-FollowerState] INFO  server.RaftServerConfigKeys (ConfUtils.java:logFallback(53)) - raft.server.rpc.first-election.timeout.max = 1200ms (fallback to raft.server.rpc.timeout.max)
2023-03-29 22:44:38,276 [grpc-default-executor-0] INFO  server.RaftServer$Division (RaftServerImpl.java:requestVote(1251)) - omNode-2@group-523986131536 replies to ELECTION vote request: omNode-1<-omNode-2#0:OK-t1. Peer's state: omNode-2@group-523986131536:t1, leader=null, voted=omNode-1, raftlog=Memoized:omNode-2@group-523986131536-SegmentedRaftLog:OPENED:c-1, conf=-1: peers:[omNode-3|rpc:localhost:43993|priority:0|startupRole:FOLLOWER, omNode-1|rpc:localhost:39701|priority:0|startupRole:FOLLOWER, omNode-2|rpc:localhost:43065|priority:0|startupRole:FOLLOWER]|listeners:[], old=null
2023-03-29 22:44:38,278 [omNode-1@group-523986131536-LeaderElection1] INFO  impl.LeaderElection (LeaderElection.java:logAndReturn(90)) - omNode-1@group-523986131536-LeaderElection1: ELECTION PASSED received 1 response(s) and 1 exception(s):
2023-03-29 22:44:38,279 [omNode-1@group-523986131536-LeaderElection1] INFO  impl.LeaderElection (LeaderElection.java:logAndReturn(94)) -   Response 0: omNode-1<-omNode-2#0:OK-t1
2023-03-29 22:44:38,279 [omNode-1@group-523986131536-LeaderElection1] INFO  impl.LeaderElection (LogUtils.java:infoOrTrace(137)) -   Exception 1: java.util.concurrent.ExecutionException: org.apache.ratis.thirdparty.io.grpc.StatusRuntimeException: UNAVAILABLE: io exception
2023-03-29 22:44:38,279 [omNode-1@group-523986131536-LeaderElection1] INFO  impl.LeaderElection (LeaderElection.java:askForVotes(314)) - omNode-1@group-523986131536-LeaderElection1 ELECTION round 0: result PASSED
2023-03-29 22:44:38,279 [omNode-1@group-523986131536-LeaderElection1] INFO  impl.RoleInfo (RoleInfo.java:shutdownLeaderElection(130)) - omNode-1: shutdown omNode-1@group-523986131536-LeaderElection1
2023-03-29 22:44:38,279 [omNode-1@group-523986131536-LeaderElection1] INFO  server.RaftServer$Division (RaftServerImpl.java:setRole(321)) - omNode-1@group-523986131536: changes role from CANDIDATE to LEADER at term 1 for changeToLeader
2023-03-29 22:44:38,279 [omNode-1@group-523986131536-LeaderElection1] INFO  server.RaftServer$Division (ServerState.java:setLeader(313)) - omNode-1@group-523986131536: change Leader from null to omNode-1 at term 1 for becomeLeader, leader elected after 3174ms
2023-03-29 22:44:38,285 [omNode-1@group-523986131536-LeaderElection1] INFO  server.RaftServerConfigKeys (ConfUtils.java:logGet(46)) - raft.server.staging.catchup.gap = 1000 (default)
2023-03-29 22:44:38,289 [omNode-1@group-523986131536-LeaderElection1] INFO  server.RaftServerConfigKeys (ConfUtils.java:logGet(46)) - raft.server.write.element-limit = 4096 (default)
2023-03-29 22:44:38,301 [omNode-1@group-523986131536-LeaderElection1] INFO  server.RaftServerConfigKeys (ConfUtils.java:logGet(46)) - raft.server.write.byte-limit = 64MB (=67108864) (default)
2023-03-29 22:44:38,311 [omNode-1@group-523986131536-LeaderElection1] INFO  server.RaftServerConfigKeys (ConfUtils.java:logGet(46)) - raft.server.watch.timeout = 10s (default)
2023-03-29 22:44:38,311 [omNode-1@group-523986131536-LeaderElection1] INFO  server.RaftServerConfigKeys (ConfUtils.java:logGet(46)) - raft.server.watch.timeout.denomination = 1s (default)
2023-03-29 22:44:38,311 [omNode-1@group-523986131536-LeaderElection1] INFO  server.RaftServerConfigKeys (ConfUtils.java:logGet(46)) - raft.server.watch.element-limit = 65536 (default)
2023-03-29 22:44:38,315 [omNode-1@group-523986131536-LeaderElection1] INFO  server.RaftServerConfigKeys (ConfUtils.java:logGet(46)) - raft.server.write.element-limit = 4096 (default)
2023-03-29 22:44:38,317 [omNode-1@group-523986131536-LeaderElection1] INFO  server.RaftServerConfigKeys (ConfUtils.java:logGet(46)) - raft.server.write.follower.gap.ratio.max = -1.0 (default)
2023-03-29 22:44:38,377 [Listener at 127.0.0.1/33001] INFO  om.OzoneManager (OzoneManager.java:instantiateServices(749)) - S3 Multi-Tenancy is disabled
2023-03-29 22:44:38,391 [Listener at 127.0.0.1/33001] WARN  server.ServerUtils (ServerUtils.java:getDBPath(225)) - ozone.om.snapshot.diff.db.dir is not configured. We recommend adding this setting. Falling back to ozone.metadata.dirs instead.
2023-03-29 22:44:38,393 [omNode-1@group-523986131536-LeaderElection1] INFO  server.RaftServerConfigKeys (ConfUtils.java:logGet(46)) - raft.server.log.appender.snapshot.chunk.size.max = 16MB (=16777216) (default)
2023-03-29 22:44:38,393 [omNode-1@group-523986131536-LeaderElection1] INFO  server.RaftServerConfigKeys (ConfUtils.java:logGet(46)) - raft.server.log.appender.buffer.byte-limit = 33554432 (custom)
2023-03-29 22:44:38,394 [omNode-1@group-523986131536-LeaderElection1] INFO  server.RaftServerConfigKeys (ConfUtils.java:logGet(46)) - raft.server.log.appender.buffer.element-limit = 1024 (custom)
2023-03-29 22:44:38,398 [omNode-1@group-523986131536-LeaderElection1] INFO  grpc.GrpcConfigKeys (ConfUtils.java:logGet(46)) - raft.grpc.server.leader.outstanding.appends.max = 128 (default)
2023-03-29 22:44:38,399 [omNode-1@group-523986131536-LeaderElection1] INFO  server.RaftServerConfigKeys (ConfUtils.java:logGet(46)) - raft.server.rpc.request.timeout = 3000ms (default)
2023-03-29 22:44:38,399 [omNode-1@group-523986131536-LeaderElection1] INFO  server.RaftServerConfigKeys (ConfUtils.java:logGet(46)) - raft.server.log.appender.install.snapshot.enabled = false (custom)
2023-03-29 22:44:38,399 [omNode-1@group-523986131536-LeaderElection1] INFO  grpc.GrpcConfigKeys (ConfUtils.java:logGet(46)) - raft.grpc.server.heartbeat.channel = true (default)
2023-03-29 22:44:38,399 [omNode-1@group-523986131536-LeaderElection1] INFO  server.RaftServerConfigKeys (ConfUtils.java:logGet(46)) - raft.server.log.appender.wait-time.min = 10ms (default)
2023-03-29 22:44:38,402 [omNode-1@group-523986131536-LeaderElection1] INFO  server.RaftServerConfigKeys (ConfUtils.java:logGet(46)) - raft.server.log.appender.snapshot.chunk.size.max = 16MB (=16777216) (default)
2023-03-29 22:44:38,402 [omNode-1@group-523986131536-LeaderElection1] INFO  server.RaftServerConfigKeys (ConfUtils.java:logGet(46)) - raft.server.log.appender.buffer.byte-limit = 33554432 (custom)
2023-03-29 22:44:38,403 [omNode-1@group-523986131536-LeaderElection1] INFO  server.RaftServerConfigKeys (ConfUtils.java:logGet(46)) - raft.server.log.appender.buffer.element-limit = 1024 (custom)
2023-03-29 22:44:38,403 [omNode-1@group-523986131536-LeaderElection1] INFO  grpc.GrpcConfigKeys (ConfUtils.java:logGet(46)) - raft.grpc.server.leader.outstanding.appends.max = 128 (default)
2023-03-29 22:44:38,403 [omNode-1@group-523986131536-LeaderElection1] INFO  server.RaftServerConfigKeys (ConfUtils.java:logGet(46)) - raft.server.rpc.request.timeout = 3000ms (default)
2023-03-29 22:44:38,403 [omNode-1@group-523986131536-LeaderElection1] INFO  server.RaftServerConfigKeys (ConfUtils.java:logGet(46)) - raft.server.log.appender.install.snapshot.enabled = false (custom)
2023-03-29 22:44:38,403 [omNode-1@group-523986131536-LeaderElection1] INFO  grpc.GrpcConfigKeys (ConfUtils.java:logGet(46)) - raft.grpc.server.heartbeat.channel = true (default)
2023-03-29 22:44:38,404 [omNode-1@group-523986131536-LeaderElection1] INFO  server.RaftServerConfigKeys (ConfUtils.java:logGet(46)) - raft.server.log.appender.wait-time.min = 10ms (default)
2023-03-29 22:44:38,407 [omNode-1@group-523986131536-LeaderElection1] INFO  impl.RoleInfo (RoleInfo.java:updateAndGet(139)) - omNode-1: start omNode-1@group-523986131536-LeaderStateImpl
2023-03-29 22:44:38,423 [Listener at 127.0.0.1/33001] INFO  om.OzoneManager (OzoneManager.java:addS3GVolumeToDB(4223)) - Created Volume s3v With Owner runner required for S3Gateway operations.
2023-03-29 22:44:38,423 [Listener at 127.0.0.1/33001] WARN  server.ServerUtils (ServerUtils.java:getDefaultRatisDirectory(237)) - Storage directory for Ratis is not configured. It is a good idea to map this to an SSD disk. Falling back to ozone.metadata.dirs
2023-03-29 22:44:38,423 [Listener at 127.0.0.1/33001] WARN  utils.OzoneManagerRatisUtils (OzoneManagerRatisUtils.java:getOMRatisSnapshotDirectory(446)) - ozone.om.ratis.snapshot.dir is not configured. Falling back to ozone.metadata.dirs config
2023-03-29 22:44:38,424 [Listener at 127.0.0.1/33001] INFO  snapshot.OzoneManagerSnapshotProvider (OzoneManagerSnapshotProvider.java:<init>(76)) - Initializing OM Snapshot Provider
2023-03-29 22:44:38,427 [Listener at 127.0.0.1/33001] WARN  impl.MetricRegistriesImpl (MetricRegistriesImpl.java:addReporterRegistration(111)) - New reporters are added after registries were created. Some metrics will be missing from the reporter. Please add reporter before adding any new registry.
2023-03-29 22:44:38,427 [Listener at 127.0.0.1/33001] WARN  impl.MetricRegistriesImpl (MetricRegistriesImpl.java:addReporterRegistration(111)) - New reporters are added after registries were created. Some metrics will be missing from the reporter. Please add reporter before adding any new registry.
2023-03-29 22:44:38,427 [Listener at 127.0.0.1/33001] WARN  server.ServerUtils (ServerUtils.java:getDefaultRatisDirectory(237)) - Storage directory for Ratis is not configured. It is a good idea to map this to an SSD disk. Falling back to ozone.metadata.dirs
2023-03-29 22:44:38,429 [Listener at 127.0.0.1/33001] INFO  ratis.OzoneManagerRatisServer (OzoneManagerRatisServer.java:<init>(163)) - Instantiating OM Ratis server with groupID: om-service-test1 and peers: localhost:43993, localhost:39701, localhost:43065
2023-03-29 22:44:38,429 [Listener at 127.0.0.1/33001] INFO  ratis.OzoneManagerStateMachine (OzoneManagerStateMachine.java:loadSnapshotInfoFromDB(636)) - LastAppliedIndex is set from TransactionInfo from OM DB as (t:0, i:~)
2023-03-29 22:44:38,430 [Listener at 127.0.0.1/33001] INFO  server.RaftServer (ConfUtils.java:logGet(46)) - raft.rpc.type = GRPC (default)
2023-03-29 22:44:38,431 [Listener at 127.0.0.1/33001] INFO  grpc.GrpcConfigKeys (ConfUtils.java:logFallback(53)) - raft.grpc.admin.host = null (fallback to raft.grpc.server.host)
2023-03-29 22:44:38,431 [Listener at 127.0.0.1/33001] INFO  grpc.GrpcConfigKeys (ConfUtils.java:logFallback(53)) - raft.grpc.admin.port = 43993 (fallback to raft.grpc.server.port)
2023-03-29 22:44:38,431 [Listener at 127.0.0.1/33001] INFO  grpc.GrpcConfigKeys (ConfUtils.java:logFallback(53)) - raft.grpc.client.host = null (fallback to raft.grpc.server.host)
2023-03-29 22:44:38,431 [Listener at 127.0.0.1/33001] INFO  grpc.GrpcConfigKeys (ConfUtils.java:logFallback(53)) - raft.grpc.client.port = 43993 (fallback to raft.grpc.server.port)
2023-03-29 22:44:38,431 [Listener at 127.0.0.1/33001] INFO  grpc.GrpcConfigKeys (ConfUtils.java:logGet(46)) - raft.grpc.server.host = null (default)
2023-03-29 22:44:38,431 [Listener at 127.0.0.1/33001] INFO  grpc.GrpcConfigKeys (ConfUtils.java:logGet(46)) - raft.grpc.server.port = 43993 (custom)
2023-03-29 22:44:38,432 [Listener at 127.0.0.1/33001] INFO  server.GrpcService (ConfUtils.java:logGet(46)) - raft.grpc.message.size.max = 33554432 (custom)
2023-03-29 22:44:38,432 [Listener at 127.0.0.1/33001] INFO  server.RaftServerConfigKeys (ConfUtils.java:logGet(46)) - raft.server.log.appender.buffer.byte-limit = 33554432 (custom)
2023-03-29 22:44:38,432 [Listener at 127.0.0.1/33001] INFO  server.GrpcService (ConfUtils.java:logGet(46)) - raft.grpc.flow.control.window = 1MB (=1048576) (default)
2023-03-29 22:44:38,432 [Listener at 127.0.0.1/33001] INFO  server.RaftServerConfigKeys (ConfUtils.java:logGet(46)) - raft.server.rpc.request.timeout = 3000ms (default)
2023-03-29 22:44:38,432 [Listener at 127.0.0.1/33001] INFO  grpc.GrpcConfigKeys (ConfUtils.java:logGet(46)) - raft.grpc.server.heartbeat.channel = true (default)
2023-03-29 22:44:38,432 [Listener at 127.0.0.1/33001] INFO  grpc.GrpcConfigKeys (ConfUtils.java:logGet(46)) - raft.grpc.server.async.request.thread.pool.cached = true (default)
2023-03-29 22:44:38,432 [Listener at 127.0.0.1/33001] INFO  grpc.GrpcConfigKeys (ConfUtils.java:logGet(46)) - raft.grpc.server.async.request.thread.pool.size = 32 (default)
2023-03-29 22:44:38,433 [Listener at 127.0.0.1/33001] INFO  impl.DataStreamServerImpl (ConfUtils.java:logGet(46)) - raft.datastream.type = DISABLED (default)
2023-03-29 22:44:38,440 [Listener at 127.0.0.1/33001] INFO  server.RaftServerConfigKeys (ConfUtils.java:logGet(46)) - raft.server.threadpool.proxy.cached = true (default)
2023-03-29 22:44:38,440 [Listener at 127.0.0.1/33001] INFO  server.RaftServerConfigKeys (ConfUtils.java:logGet(46)) - raft.server.threadpool.proxy.size = 0 (default)
2023-03-29 22:44:38,440 [Listener at 127.0.0.1/33001] INFO  server.RaftServerConfigKeys (ConfUtils.java:logGet(46)) - raft.server.rpc.slowness.timeout = 2s (custom)
2023-03-29 22:44:38,440 [Listener at 127.0.0.1/33001] INFO  server.RaftServerConfigKeys (ConfUtils.java:logGet(46)) - raft.server.leaderelection.leader.step-down.wait-time = 10s (default)
2023-03-29 22:44:38,441 [Listener at 127.0.0.1/33001] INFO  server.RaftServerConfigKeys (ConfUtils.java:logGet(46)) - raft.server.storage.dir = [/home/runner/work/ozone/ozone/hadoop-ozone/integration-test/target/test-dir/MiniOzoneClusterImpl-bcbc84c2-519e-42a0-a817-fd35ffaa666a/omNode-3/ratis] (custom)
2023-03-29 22:44:38,441 [omNode-1@group-523986131536-LeaderElection1] INFO  segmented.SegmentedRaftLogWorker (SegmentedRaftLogWorker.java:startLogSegment(452)) - omNode-1@group-523986131536-SegmentedRaftLogWorker: Starting segment from index:0
2023-03-29 22:44:38,458 [Listener at 127.0.0.1/33001] INFO  server.RaftServer (RaftServerProxy.java:addNew(96)) - omNode-3: addNew group-523986131536:[omNode-3|rpc:localhost:43993|priority:0|startupRole:FOLLOWER, omNode-1|rpc:localhost:39701|priority:0|startupRole:FOLLOWER, omNode-2|rpc:localhost:43065|priority:0|startupRole:FOLLOWER] returns group-523986131536:java.util.concurrent.CompletableFuture@5a8d411f[Not completed]
2023-03-29 22:44:38,458 [Listener at 127.0.0.1/33001] INFO  om.OzoneManager (OzoneManager.java:initializeRatisServer(2096)) - OzoneManager Ratis server initialized at port 43993
2023-03-29 22:44:38,458 [Listener at 127.0.0.1/33001] INFO  om.OzoneManager (OzoneManager.java:getRpcServer(1132)) - Creating RPC Server
2023-03-29 22:44:38,459 [pool-118-thread-1] INFO  server.RaftServer$Division (RaftServerImpl.java:<init>(195)) - omNode-3: new RaftServerImpl for group-523986131536:[omNode-3|rpc:localhost:43993|priority:0|startupRole:FOLLOWER, omNode-1|rpc:localhost:39701|priority:0|startupRole:FOLLOWER, omNode-2|rpc:localhost:43065|priority:0|startupRole:FOLLOWER] with OzoneManagerStateMachine:uninitialized
2023-03-29 22:44:38,459 [pool-118-thread-1] INFO  server.RaftServerConfigKeys (ConfUtils.java:logGet(46)) - raft.server.rpc.timeout.min = 1s (custom)
2023-03-29 22:44:38,460 [pool-118-thread-1] INFO  server.RaftServerConfigKeys (ConfUtils.java:logGet(46)) - raft.server.rpc.timeout.max = 1200ms (custom)
2023-03-29 22:44:38,460 [pool-118-thread-1] INFO  server.RaftServerConfigKeys (ConfUtils.java:logGet(46)) - raft.server.rpc.sleep.time = 25ms (default)
2023-03-29 22:44:38,460 [pool-118-thread-1] INFO  server.RaftServerConfigKeys (ConfUtils.java:logGet(46)) - raft.server.rpc.slowness.timeout = 2s (custom)
2023-03-29 22:44:38,460 [pool-118-thread-1] INFO  server.RaftServerConfigKeys (ConfUtils.java:logGet(46)) - raft.server.leaderelection.leader.step-down.wait-time = 10s (default)
2023-03-29 22:44:38,460 [pool-118-thread-1] INFO  server.RaftServerConfigKeys (ConfUtils.java:logGet(46)) - raft.server.sleep.deviation.threshold = 300ms (default)
2023-03-29 22:44:38,460 [pool-118-thread-1] INFO  server.RaftServer$Division (ServerState.java:<init>(118)) - omNode-3@group-523986131536: ConfigurationManager, init=-1: peers:[omNode-3|rpc:localhost:43993|priority:0|startupRole:FOLLOWER, omNode-1|rpc:localhost:39701|priority:0|startupRole:FOLLOWER, omNode-2|rpc:localhost:43065|priority:0|startupRole:FOLLOWER]|listeners:[], old=null, confs=<EMPTY_MAP>
2023-03-29 22:44:38,460 [pool-118-thread-1] INFO  server.RaftServerConfigKeys (ConfUtils.java:logGet(46)) - raft.server.storage.dir = [/home/runner/work/ozone/ozone/hadoop-ozone/integration-test/target/test-dir/MiniOzoneClusterImpl-bcbc84c2-519e-42a0-a817-fd35ffaa666a/omNode-3/ratis] (custom)
2023-03-29 22:44:38,460 [pool-118-thread-1] INFO  server.RaftServerConfigKeys (ConfUtils.java:logGet(46)) - raft.server.log.corruption.policy = EXCEPTION (default)
2023-03-29 22:44:38,460 [pool-118-thread-1] INFO  server.RaftServerConfigKeys (ConfUtils.java:logGet(46)) - raft.server.storage.free-space.min = 0MB (=0) (default)
2023-03-29 22:44:38,460 [pool-118-thread-1] INFO  server.RaftServerConfigKeys (ConfUtils.java:logGet(46)) - raft.server.notification.no-leader.timeout = 2s (custom)
2023-03-29 22:44:38,461 [pool-118-thread-1] INFO  server.RaftServerConfigKeys (ConfUtils.java:logGet(46)) - raft.server.retrycache.expirytime = 300s (custom)
2023-03-29 22:44:38,461 [pool-118-thread-1] INFO  server.RaftServerConfigKeys (ConfUtils.java:logGet(46)) - raft.server.retrycache.statistics.expirytime = 100μs (default)
2023-03-29 22:44:38,469 [pool-118-thread-1] INFO  server.RaftServerConfigKeys (ConfUtils.java:logGet(46)) - raft.server.log.appender.install.snapshot.enabled = false (custom)
2023-03-29 22:44:38,469 [pool-118-thread-1] INFO  server.RaftServerConfigKeys (ConfUtils.java:logGet(46)) - raft.server.threadpool.server.cached = true (default)
2023-03-29 22:44:38,469 [pool-118-thread-1] INFO  server.RaftServerConfigKeys (ConfUtils.java:logGet(46)) - raft.server.threadpool.server.size = 0 (default)
2023-03-29 22:44:38,469 [pool-118-thread-1] INFO  server.RaftServerConfigKeys (ConfUtils.java:logGet(46)) - raft.server.threadpool.client.cached = true (default)
2023-03-29 22:44:38,469 [pool-118-thread-1] INFO  server.RaftServerConfigKeys (ConfUtils.java:logGet(46)) - raft.server.threadpool.client.size = 0 (default)
2023-03-29 22:44:38,502 [omNode-1@group-523986131536-LeaderElection1] INFO  server.RaftServer$Division (ServerState.java:setRaftConf(430)) - omNode-1@group-523986131536: set configuration 0: peers:[omNode-3|rpc:localhost:43993|admin:|client:|dataStream:|priority:0|startupRole:FOLLOWER, omNode-1|rpc:localhost:39701|admin:|client:|dataStream:|priority:0|startupRole:FOLLOWER, omNode-2|rpc:localhost:43065|admin:|client:|dataStream:|priority:0|startupRole:FOLLOWER]|listeners:[], old=null
2023-03-29 22:44:38,527 [grpc-default-executor-1] WARN  server.GrpcLogAppender (LogUtils.java:warn(122)) - omNode-1@group-523986131536->omNode-3-AppendLogResponseHandler: Failed appendEntries: org.apache.ratis.thirdparty.io.grpc.StatusRuntimeException: UNAVAILABLE: io exception
2023-03-29 22:44:38,534 [grpc-default-executor-1] WARN  server.GrpcLogAppender (GrpcLogAppender.java:resetClient(131)) - omNode-1@group-523986131536->omNode-3-GrpcLogAppender: Leader has not got in touch with Follower omNode-1@group-523986131536->omNode-3(c-1,m0,n0, attendVote=true, lastRpcSendTime=1356, lastRpcResponseTime=1356) yet, just keep nextIndex unchanged and retry.
2023-03-29 22:44:38,543 [grpc-default-executor-0] WARN  server.GrpcLogAppender (LogUtils.java:warn(122)) - omNode-1@group-523986131536->omNode-3-AppendLogResponseHandler: Failed appendEntries: org.apache.ratis.thirdparty.io.grpc.StatusRuntimeException: UNAVAILABLE: io exception
2023-03-29 22:44:38,546 [grpc-default-executor-1] WARN  server.GrpcLogAppender (LogUtils.java:warn(122)) - omNode-1@group-523986131536->omNode-3-AppendLogResponseHandler: Failed appendEntries: org.apache.ratis.thirdparty.io.grpc.StatusRuntimeException: UNAVAILABLE: io exception
2023-03-29 22:44:38,547 [grpc-default-executor-0] WARN  server.GrpcLogAppender (GrpcLogAppender.java:resetClient(131)) - omNode-1@group-523986131536->omNode-3-GrpcLogAppender: Leader has not got in touch with Follower omNode-1@group-523986131536->omNode-3(c-1,m0,n1, attendVote=true, lastRpcSendTime=9, lastRpcResponseTime=1369) yet, just keep nextIndex unchanged and retry.
2023-03-29 22:44:38,548 [grpc-default-executor-1] WARN  server.GrpcLogAppender (GrpcLogAppender.java:resetClient(131)) - omNode-1@group-523986131536->omNode-3-GrpcLogAppender: Leader has not got in touch with Follower omNode-1@group-523986131536->omNode-3(c-1,m0,n1, attendVote=true, lastRpcSendTime=9, lastRpcResponseTime=1369) yet, just keep nextIndex unchanged and retry.
2023-03-29 22:44:38,566 [grpc-default-executor-0] WARN  server.GrpcLogAppender (LogUtils.java:warn(122)) - omNode-1@group-523986131536->omNode-3-AppendLogResponseHandler: Failed appendEntries: org.apache.ratis.thirdparty.io.grpc.StatusRuntimeException: UNAVAILABLE: io exception
2023-03-29 22:44:38,566 [grpc-default-executor-0] WARN  server.GrpcLogAppender (GrpcLogAppender.java:resetClient(131)) - omNode-1@group-523986131536->omNode-3-GrpcLogAppender: Leader has not got in touch with Follower omNode-1@group-523986131536->omNode-3(c-1,m0,n1, attendVote=true, lastRpcSendTime=27, lastRpcResponseTime=1388) yet, just keep nextIndex unchanged and retry.
2023-03-29 22:44:38,619 [omNode-2-server-thread1] INFO  server.RaftServer$Division (ServerState.java:setLeader(313)) - omNode-2@group-523986131536: change Leader from null to omNode-1 at term 1 for appendEntries, leader elected after 1704ms
2023-03-29 22:44:38,624 [omNode-2-server-thread2] INFO  server.RaftServer$Division (ServerState.java:setRaftConf(430)) - omNode-2@group-523986131536: set configuration 0: peers:[omNode-3|rpc:localhost:43993|admin:|client:|dataStream:|priority:0|startupRole:FOLLOWER, omNode-1|rpc:localhost:39701|admin:|client:|dataStream:|priority:0|startupRole:FOLLOWER, omNode-2|rpc:localhost:43065|admin:|client:|dataStream:|priority:0|startupRole:FOLLOWER]|listeners:[], old=null
2023-03-29 22:44:38,624 [omNode-2-server-thread2] INFO  segmented.SegmentedRaftLogWorker (SegmentedRaftLogWorker.java:startLogSegment(452)) - omNode-2@group-523986131536-SegmentedRaftLogWorker: Starting segment from index:0
2023-03-29 22:44:38,727 [omNode-2@group-523986131536-SegmentedRaftLogWorker] INFO  segmented.SegmentedRaftLogWorker (SegmentedRaftLogWorker.java:execute(656)) - omNode-2@group-523986131536-SegmentedRaftLogWorker: created new log segment /home/runner/work/ozone/ozone/hadoop-ozone/integration-test/target/test-dir/MiniOzoneClusterImpl-bcbc84c2-519e-42a0-a817-fd35ffaa666a/omNode-2/ratis/c9bc4cf4-3bc3-3c60-a66b-523986131536/current/log_inprogress_0
2023-03-29 22:44:38,734 [omNode-1@group-523986131536-SegmentedRaftLogWorker] INFO  segmented.SegmentedRaftLogWorker (SegmentedRaftLogWorker.java:execute(656)) - omNode-1@group-523986131536-SegmentedRaftLogWorker: created new log segment /home/runner/work/ozone/ozone/hadoop-ozone/integration-test/target/test-dir/MiniOzoneClusterImpl-bcbc84c2-519e-42a0-a817-fd35ffaa666a/omNode-1/ratis/c9bc4cf4-3bc3-3c60-a66b-523986131536/current/log_inprogress_0
2023-03-29 22:44:38,789 [grpc-default-executor-1] WARN  server.GrpcLogAppender (LogUtils.java:warn(122)) - omNode-1@group-523986131536->omNode-3-AppendLogResponseHandler: Failed appendEntries: org.apache.ratis.thirdparty.io.grpc.StatusRuntimeException: UNAVAILABLE: io exception
2023-03-29 22:44:38,789 [grpc-default-executor-0] WARN  server.GrpcLogAppender (LogUtils.java:warn(122)) - omNode-1@group-523986131536->omNode-3-AppendLogResponseHandler: Failed appendEntries: org.apache.ratis.thirdparty.io.grpc.StatusRuntimeException: UNAVAILABLE: io exception
2023-03-29 22:44:38,792 [grpc-default-executor-1] WARN  server.GrpcLogAppender (GrpcLogAppender.java:resetClient(131)) - omNode-1@group-523986131536->omNode-3-GrpcLogAppender: Leader has not got in touch with Follower omNode-1@group-523986131536->omNode-3(c-1,m0,n1, attendVote=true, lastRpcSendTime=253, lastRpcResponseTime=1614) yet, just keep nextIndex unchanged and retry.
2023-03-29 22:44:38,798 [grpc-default-executor-0] WARN  server.GrpcLogAppender (GrpcLogAppender.java:resetClient(131)) - omNode-1@group-523986131536->omNode-3-GrpcLogAppender: Leader has not got in touch with Follower omNode-1@group-523986131536->omNode-3(c-1,m0,n1, attendVote=true, lastRpcSendTime=259, lastRpcResponseTime=1620) yet, just keep nextIndex unchanged and retry.
2023-03-29 22:44:38,805 [grpc-default-executor-0] WARN  server.GrpcLogAppender (LogUtils.java:warn(122)) - omNode-1@group-523986131536->omNode-3-AppendLogResponseHandler: Failed appendEntries: org.apache.ratis.thirdparty.io.grpc.StatusRuntimeException: UNAVAILABLE: io exception
2023-03-29 22:44:38,808 [grpc-default-executor-0] WARN  server.GrpcLogAppender (GrpcLogAppender.java:resetClient(131)) - omNode-1@group-523986131536->omNode-3-GrpcLogAppender: Leader has not got in touch with Follower omNode-1@group-523986131536->omNode-3(c-1,m0,n1, attendVote=true, lastRpcSendTime=269, lastRpcResponseTime=1630) yet, just keep nextIndex unchanged and retry.
2023-03-29 22:44:38,819 [grpc-default-executor-2] WARN  server.GrpcLogAppender (LogUtils.java:warn(122)) - omNode-1@group-523986131536->omNode-3-AppendLogResponseHandler: Failed appendEntries: org.apache.ratis.thirdparty.io.grpc.StatusRuntimeException: UNAVAILABLE: io exception
2023-03-29 22:44:38,846 [grpc-default-executor-2] WARN  server.GrpcLogAppender (GrpcLogAppender.java:resetClient(131)) - omNode-1@group-523986131536->omNode-3-GrpcLogAppender: Leader has not got in touch with Follower omNode-1@group-523986131536->omNode-3(c-1,m0,n1, attendVote=true, lastRpcSendTime=31, lastRpcResponseTime=1668) yet, just keep nextIndex unchanged and retry.
2023-03-29 22:44:39,004 [omNode-1@group-523986131536-StateMachineUpdater] INFO  ratis.OzoneManagerStateMachine (OzoneManagerStateMachine.java:notifyConfigurationChanged(192)) - Received Configuration change notification from Ratis. New Peer list:
[id: "omNode-3"
address: "localhost:43993"
startupRole: FOLLOWER
, id: "omNode-1"
address: "localhost:39701"
startupRole: FOLLOWER
, id: "omNode-2"
address: "localhost:43065"
startupRole: FOLLOWER
]
2023-03-29 22:44:39,066 [grpc-default-executor-2] WARN  server.GrpcLogAppender (LogUtils.java:warn(122)) - omNode-1@group-523986131536->omNode-3-AppendLogResponseHandler: Failed appendEntries: org.apache.ratis.thirdparty.io.grpc.StatusRuntimeException: UNAVAILABLE: io exception
2023-03-29 22:44:39,067 [grpc-default-executor-1] WARN  server.GrpcLogAppender (LogUtils.java:warn(122)) - omNode-1@group-523986131536->omNode-3-AppendLogResponseHandler: Failed appendEntries: org.apache.ratis.thirdparty.io.grpc.StatusRuntimeException: UNAVAILABLE: io exception
2023-03-29 22:44:39,068 [grpc-default-executor-2] WARN  server.GrpcLogAppender (GrpcLogAppender.java:resetClient(131)) - omNode-1@group-523986131536->omNode-3-GrpcLogAppender: Leader has not got in touch with Follower omNode-1@group-523986131536->omNode-3(c-1,m0,n1, attendVote=true, lastRpcSendTime=253, lastRpcResponseTime=1890) yet, just keep nextIndex unchanged and retry.
2023-03-29 22:44:39,069 [grpc-default-executor-1] WARN  server.GrpcLogAppender (GrpcLogAppender.java:resetClient(131)) - omNode-1@group-523986131536->omNode-3-GrpcLogAppender: Leader has not got in touch with Follower omNode-1@group-523986131536->omNode-3(c-1,m0,n1, attendVote=true, lastRpcSendTime=254, lastRpcResponseTime=1891) yet, just keep nextIndex unchanged and retry.
2023-03-29 22:44:39,076 [grpc-default-executor-1] WARN  server.GrpcLogAppender (LogUtils.java:warn(122)) - omNode-1@group-523986131536->omNode-3-AppendLogResponseHandler: Failed appendEntries: org.apache.ratis.thirdparty.io.grpc.StatusRuntimeException: UNAVAILABLE: io exception
2023-03-29 22:44:39,076 [grpc-default-executor-1] WARN  server.GrpcLogAppender (GrpcLogAppender.java:resetClient(131)) - omNode-1@group-523986131536->omNode-3-GrpcLogAppender: Leader has not got in touch with Follower omNode-1@group-523986131536->omNode-3(c-1,m0,n1, attendVote=true, lastRpcSendTime=261, lastRpcResponseTime=1898) yet, just keep nextIndex unchanged and retry.
2023-03-29 22:44:39,077 [grpc-default-executor-2] WARN  server.GrpcLogAppender (LogUtils.java:warn(122)) - omNode-1@group-523986131536->omNode-3-AppendLogResponseHandler: Failed appendEntries: org.apache.ratis.thirdparty.io.grpc.StatusRuntimeException: UNAVAILABLE: io exception
2023-03-29 22:44:39,077 [grpc-default-executor-2] WARN  server.GrpcLogAppender (GrpcLogAppender.java:resetClient(131)) - omNode-1@group-523986131536->omNode-3-GrpcLogAppender: Leader has not got in touch with Follower omNode-1@group-523986131536->omNode-3(c-1,m0,n1, attendVote=true, lastRpcSendTime=262, lastRpcResponseTime=1899) yet, just keep nextIndex unchanged and retry.
2023-03-29 22:44:39,264 [omNode-2@group-523986131536-StateMachineUpdater] INFO  ratis.OzoneManagerStateMachine (OzoneManagerStateMachine.java:notifyConfigurationChanged(192)) - Received Configuration change notification from Ratis. New Peer list:
[id: "omNode-3"
address: "localhost:43993"
startupRole: FOLLOWER
, id: "omNode-1"
address: "localhost:39701"
startupRole: FOLLOWER
, id: "omNode-2"
address: "localhost:43065"
startupRole: FOLLOWER
]
2023-03-29 22:44:39,340 [grpc-default-executor-2] WARN  server.GrpcLogAppender (LogUtils.java:warn(122)) - omNode-1@group-523986131536->omNode-3-AppendLogResponseHandler: Failed appendEntries: org.apache.ratis.thirdparty.io.grpc.StatusRuntimeException: UNAVAILABLE: io exception
2023-03-29 22:44:39,341 [grpc-default-executor-1] WARN  server.GrpcLogAppender (LogUtils.java:warn(122)) - omNode-1@group-523986131536->omNode-3-AppendLogResponseHandler: Failed appendEntries: org.apache.ratis.thirdparty.io.grpc.StatusRuntimeException: UNAVAILABLE: io exception
2023-03-29 22:44:39,342 [grpc-default-executor-2] WARN  server.GrpcLogAppender (GrpcLogAppender.java:resetClient(131)) - omNode-1@group-523986131536->omNode-3-GrpcLogAppender: Leader has not got in touch with Follower omNode-1@group-523986131536->omNode-3(c-1,m0,n1, attendVote=true, lastRpcSendTime=252, lastRpcResponseTime=2163) yet, just keep nextIndex unchanged and retry.
2023-03-29 22:44:39,342 [grpc-default-executor-1] WARN  server.GrpcLogAppender (GrpcLogAppender.java:resetClient(131)) - omNode-1@group-523986131536->omNode-3-GrpcLogAppender: Leader has not got in touch with Follower omNode-1@group-523986131536->omNode-3(c-1,m0,n1, attendVote=true, lastRpcSendTime=252, lastRpcResponseTime=2164) yet, just keep nextIndex unchanged and retry.
2023-03-29 22:44:39,362 [Listener at 127.0.0.1/33001] INFO  reflections.Reflections (Reflections.java:scan(232)) - Reflections took 903 ms to scan 19 urls, producing 68 keys and 4993 values [using 2 cores]
2023-03-29 22:44:39,364 [Listener at 127.0.0.1/33001] INFO  ipc.CallQueueManager (CallQueueManager.java:<init>(90)) - Using callQueue: class java.util.concurrent.LinkedBlockingQueue, queueCapacity: 2000, scheduler: class org.apache.hadoop.ipc.DefaultRpcScheduler, ipcBackoff: false.
2023-03-29 22:44:39,364 [Socket Reader #1 for port 38933] INFO  ipc.Server (Server.java:run(1273)) - Starting Socket Reader #1 for port 38933
2023-03-29 22:44:39,395 [Listener at 127.0.0.1/38933] INFO  impl.MetricsSystemImpl (MetricsSystemImpl.java:init(158)) - OzoneManager metrics system started (again)
2023-03-29 22:44:39,408 [Listener at 127.0.0.1/38933] INFO  om.OzoneManager (OzoneManager.java:start(1553)) - OzoneManager RPC server is listening at localhost/127.0.0.1:38933
2023-03-29 22:44:39,408 [Listener at 127.0.0.1/38933] INFO  ratis.OzoneManagerRatisServer (OzoneManagerRatisServer.java:start(558)) - Starting OzoneManagerRatisServer omNode-3 at port 43993
2023-03-29 22:44:39,409 [omNode-3-impl-thread1] INFO  storage.RaftStorageDirectory (RaftStorageDirectoryImpl.java:analyzeStorage(137)) - The storage directory /home/runner/work/ozone/ozone/hadoop-ozone/integration-test/target/test-dir/MiniOzoneClusterImpl-bcbc84c2-519e-42a0-a817-fd35ffaa666a/omNode-3/ratis/c9bc4cf4-3bc3-3c60-a66b-523986131536 does not exist. Creating ...
2023-03-29 22:44:39,410 [omNode-3-impl-thread1] INFO  storage.RaftStorageDirectory (RaftStorageDirectoryImpl.java:tryLock(231)) - Lock on /home/runner/work/ozone/ozone/hadoop-ozone/integration-test/target/test-dir/MiniOzoneClusterImpl-bcbc84c2-519e-42a0-a817-fd35ffaa666a/omNode-3/ratis/c9bc4cf4-3bc3-3c60-a66b-523986131536/in_use.lock acquired by nodename 4032@fv-az377-460
2023-03-29 22:44:39,412 [omNode-3-impl-thread1] INFO  storage.RaftStorage (RaftStorageImpl.java:format(96)) - Storage directory /home/runner/work/ozone/ozone/hadoop-ozone/integration-test/target/test-dir/MiniOzoneClusterImpl-bcbc84c2-519e-42a0-a817-fd35ffaa666a/omNode-3/ratis/c9bc4cf4-3bc3-3c60-a66b-523986131536 has been successfully formatted.
2023-03-29 22:44:39,412 [omNode-3-impl-thread1] INFO  server.RaftServerConfigKeys (ConfUtils.java:logGet(46)) - raft.server.log.use.memory = false (default)
2023-03-29 22:44:39,413 [omNode-3-impl-thread1] INFO  server.RaftServerConfigKeys (ConfUtils.java:logGet(46)) - raft.server.log.purge.gap = 1000000 (custom)
2023-03-29 22:44:39,413 [omNode-3-impl-thread1] INFO  server.RaftServerConfigKeys (ConfUtils.java:logGet(46)) - raft.server.log.appender.buffer.byte-limit = 33554432 (custom)
2023-03-29 22:44:39,413 [omNode-3-impl-thread1] INFO  server.RaftServerConfigKeys (ConfUtils.java:logGet(46)) - raft.server.log.statemachine.data.read.timeout = 1000ms (default)
2023-03-29 22:44:39,413 [omNode-3-impl-thread1] INFO  server.RaftServerConfigKeys (ConfUtils.java:logGet(46)) - raft.server.log.purge.preservation.log.num = 0 (default)
2023-03-29 22:44:39,413 [omNode-3-impl-thread1] INFO  server.RaftServerConfigKeys (ConfUtils.java:logGet(46)) - raft.server.log.segment.size.max = 4194304 (custom)
2023-03-29 22:44:39,415 [omNode-3-impl-thread1] INFO  server.RaftServerConfigKeys (ConfUtils.java:logGet(46)) - raft.server.log.segment.cache.num.max = 2 (custom)
2023-03-29 22:44:39,415 [omNode-3-impl-thread1] INFO  server.RaftServerConfigKeys (ConfUtils.java:logGet(46)) - raft.server.log.segment.cache.size.max = 200MB (=209715200) (default)
2023-03-29 22:44:39,415 [omNode-3-impl-thread1] INFO  segmented.SegmentedRaftLogWorker (SegmentedRaftLogWorker.java:<init>(189)) - new omNode-3@group-523986131536-SegmentedRaftLogWorker for RaftStorageImpl:Storage Directory /home/runner/work/ozone/ozone/hadoop-ozone/integration-test/target/test-dir/MiniOzoneClusterImpl-bcbc84c2-519e-42a0-a817-fd35ffaa666a/omNode-3/ratis/c9bc4cf4-3bc3-3c60-a66b-523986131536
2023-03-29 22:44:39,415 [omNode-3-impl-thread1] INFO  server.RaftServerConfigKeys (ConfUtils.java:logGet(46)) - raft.server.log.queue.byte-limit = 64MB (=67108864) (default)
2023-03-29 22:44:39,415 [omNode-3-impl-thread1] INFO  server.RaftServerConfigKeys (ConfUtils.java:logGet(46)) - raft.server.log.queue.element-limit = 4096 (default)
2023-03-29 22:44:39,415 [omNode-3-impl-thread1] INFO  server.RaftServerConfigKeys (ConfUtils.java:logGet(46)) - raft.server.log.segment.size.max = 4194304 (custom)
2023-03-29 22:44:39,415 [omNode-3-impl-thread1] INFO  server.RaftServerConfigKeys (ConfUtils.java:logGet(46)) - raft.server.log.preallocated.size = 4194304 (custom)
2023-03-29 22:44:39,415 [omNode-3-impl-thread1] INFO  server.RaftServerConfigKeys (ConfUtils.java:logGet(46)) - raft.server.log.force.sync.num = 128 (default)
2023-03-29 22:44:39,415 [omNode-3-impl-thread1] INFO  server.RaftServerConfigKeys (ConfUtils.java:logGet(46)) - raft.server.log.statemachine.data.sync = true (default)
2023-03-29 22:44:39,415 [omNode-3-impl-thread1] INFO  server.RaftServerConfigKeys (ConfUtils.java:logGet(46)) - raft.server.log.statemachine.data.sync.timeout = 10s (default)
2023-03-29 22:44:39,415 [omNode-3-impl-thread1] INFO  server.RaftServerConfigKeys (ConfUtils.java:logGet(46)) - raft.server.log.statemachine.data.sync.timeout.retry = -1 (default)
2023-03-29 22:44:39,417 [omNode-3-impl-thread1] INFO  server.RaftServerConfigKeys (ConfUtils.java:logGet(46)) - raft.server.log.write.buffer.size = 64KB (=65536) (default)
2023-03-29 22:44:39,418 [omNode-3-impl-thread1] INFO  server.RaftServerConfigKeys (ConfUtils.java:logGet(46)) - raft.server.log.appender.buffer.byte-limit = 33554432 (custom)
2023-03-29 22:44:39,431 [omNode-3-impl-thread1] INFO  server.RaftServerConfigKeys (ConfUtils.java:logGet(46)) - raft.server.log.unsafe-flush.enabled = false (default)
2023-03-29 22:44:39,432 [omNode-3-impl-thread1] INFO  server.RaftServerConfigKeys (ConfUtils.java:logGet(46)) - raft.server.log.async-flush.enabled = false (default)
2023-03-29 22:44:39,432 [omNode-3-impl-thread1] INFO  server.RaftServerConfigKeys (ConfUtils.java:logGet(46)) - raft.server.log.statemachine.data.caching.enabled = false (default)
2023-03-29 22:44:39,432 [omNode-3-impl-thread1] INFO  segmented.SegmentedRaftLogWorker (SegmentedRaftLogWorker.java:lambda$new$0(135)) - omNode-3@group-523986131536-SegmentedRaftLogWorker: flushIndex: setUnconditionally 0 -> -1
2023-03-29 22:44:39,432 [omNode-3-impl-thread1] INFO  segmented.SegmentedRaftLogWorker (SegmentedRaftLogWorker.java:lambda$new$0(135)) - omNode-3@group-523986131536-SegmentedRaftLogWorker: safeCacheEvictIndex: setUnconditionally 0 -> -1
2023-03-29 22:44:39,432 [omNode-3-impl-thread1] INFO  server.RaftServer$Division (RaftServerImpl.java:start(334)) - omNode-3@group-523986131536: start as a follower, conf=-1: peers:[omNode-3|rpc:localhost:43993|priority:0|startupRole:FOLLOWER, omNode-1|rpc:localhost:39701|priority:0|startupRole:FOLLOWER, omNode-2|rpc:localhost:43065|priority:0|startupRole:FOLLOWER]|listeners:[], old=null
2023-03-29 22:44:39,432 [omNode-3-impl-thread1] INFO  server.RaftServer$Division (RaftServerImpl.java:setRole(321)) - omNode-3@group-523986131536: changes role from      null to FOLLOWER at term 0 for startAsFollower
2023-03-29 22:44:39,433 [omNode-3-impl-thread1] INFO  impl.RoleInfo (RoleInfo.java:updateAndGet(139)) - omNode-3: start omNode-3@group-523986131536-FollowerState
2023-03-29 22:44:39,433 [omNode-3-impl-thread1] INFO  util.JmxRegister (JmxRegister.java:tryRegister(44)) - Successfully registered JMX Bean with object name Ratis:service=RaftServer,group=group-523986131536,id=omNode-3
2023-03-29 22:44:39,434 [omNode-3-impl-thread1] INFO  server.RaftServerConfigKeys (ConfUtils.java:logGet(46)) - raft.server.snapshot.auto.trigger.enabled = true (custom)
2023-03-29 22:44:39,434 [omNode-3-impl-thread1] INFO  server.RaftServerConfigKeys (ConfUtils.java:logGet(46)) - raft.server.snapshot.auto.trigger.threshold = 400000 (default)
2023-03-29 22:44:39,434 [omNode-3-impl-thread1] INFO  server.RaftServerConfigKeys (ConfUtils.java:logGet(46)) - raft.server.snapshot.retention.file.num = -1 (default)
2023-03-29 22:44:39,434 [omNode-3-impl-thread1] INFO  server.RaftServerConfigKeys (ConfUtils.java:logGet(46)) - raft.server.log.purge.upto.snapshot.index = true (custom)
2023-03-29 22:44:39,436 [Listener at 127.0.0.1/38933] INFO  server.RaftServer (RaftServerProxy.java:startImpl(393)) - omNode-3: start RPC server
2023-03-29 22:44:39,436 [omNode-3@group-523986131536-FollowerState] INFO  server.RaftServerConfigKeys (ConfUtils.java:logFallback(53)) - raft.server.rpc.first-election.timeout.min = 1s (fallback to raft.server.rpc.timeout.min)
2023-03-29 22:44:39,436 [omNode-3@group-523986131536-FollowerState] INFO  server.RaftServerConfigKeys (ConfUtils.java:logFallback(53)) - raft.server.rpc.first-election.timeout.max = 1200ms (fallback to raft.server.rpc.timeout.max)
2023-03-29 22:44:39,438 [Listener at 127.0.0.1/38933] INFO  server.GrpcService (GrpcService.java:startImpl(262)) - omNode-3: GrpcService started, listening on 43993
2023-03-29 22:44:39,439 [Listener at 127.0.0.1/38933] INFO  om.OzoneManager (OzoneManager.java:start(1569)) - Version File has different layout version (3) than OM DB (null). That is expected if this OM has never been finalized to a newer layout version.
2023-03-29 22:44:39,440 [JvmPauseMonitor2] INFO  util.JvmPauseMonitor (JvmPauseMonitor.java:run(105)) - JvmPauseMonitor-omNode-3: Started
2023-03-29 22:44:39,448 [Listener at 127.0.0.1/38933] INFO  http.BaseHttpServer (BaseHttpServer.java:newHttpServer2BuilderForOzone(224)) - Starting Web-server for ozoneManager at: http://0.0.0.0:34423
2023-03-29 22:44:39,448 [Listener at 127.0.0.1/38933] INFO  http.BaseHttpServer (BaseHttpServer.java:<init>(111)) - Hadoop Security Enabled: false Ozone Security Enabled: false Ozone HTTP Security Enabled: false 
2023-03-29 22:44:39,451 [Listener at 127.0.0.1/38933] WARN  server.AuthenticationFilter (AuthenticationFilter.java:constructSecretProvider(240)) - Unable to initialize FileSignerSecretProvider, falling back to use random secrets. Reason: Could not read signature secret file: /home/runner/hadoop-http-auth-signature-secret
2023-03-29 22:44:39,452 [Listener at 127.0.0.1/38933] WARN  http.HttpRequestLog (HttpRequestLog.java:getRequestLog(103)) - Jetty request log can only be enabled using Log4j
2023-03-29 22:44:39,457 [Listener at 127.0.0.1/38933] INFO  http.HttpServer2 (HttpServer2.java:addGlobalFilter(1031)) - Added global filter 'safety' (class=org.apache.hadoop.hdds.server.http.HttpServer2$QuotingInputFilter)
2023-03-29 22:44:39,458 [Listener at 127.0.0.1/38933] INFO  http.HttpServer2 (HttpServer2.java:addFilter(1007)) - Added filter static_user_filter (class=org.apache.hadoop.http.lib.StaticUserWebFilter$StaticUserFilter) to context ozoneManager
2023-03-29 22:44:39,458 [Listener at 127.0.0.1/38933] INFO  http.HttpServer2 (HttpServer2.java:addFilter(1015)) - Added filter static_user_filter (class=org.apache.hadoop.http.lib.StaticUserWebFilter$StaticUserFilter) to context logs
2023-03-29 22:44:39,458 [Listener at 127.0.0.1/38933] INFO  http.HttpServer2 (HttpServer2.java:addFilter(1015)) - Added filter static_user_filter (class=org.apache.hadoop.http.lib.StaticUserWebFilter$StaticUserFilter) to context static
2023-03-29 22:44:39,459 [Listener at 127.0.0.1/38933] INFO  http.BaseHttpServer (BaseHttpServer.java:<init>(190)) - HTTP server of ozoneManager uses base directory /home/runner/work/ozone/ozone/hadoop-ozone/integration-test/target/test-dir/MiniOzoneClusterImpl-bcbc84c2-519e-42a0-a817-fd35ffaa666a/omNode-3/webserver
2023-03-29 22:44:39,461 [Listener at 127.0.0.1/38933] INFO  http.HttpServer2 (HttpServer2.java:bindListener(1250)) - Jetty bound to port 34423
2023-03-29 22:44:39,462 [Listener at 127.0.0.1/38933] INFO  server.Server (Server.java:doStart(375)) - jetty-9.4.49.v20220914; built: 2022-09-14T01:07:36.601Z; git: 4231a3b2e4cb8548a412a789936d640a97b1aa0a; jvm 1.8.0_362-b09
2023-03-29 22:44:39,475 [Listener at 127.0.0.1/38933] INFO  server.session (DefaultSessionIdManager.java:doStart(334)) - DefaultSessionIdManager workerName=node0
2023-03-29 22:44:39,475 [Listener at 127.0.0.1/38933] INFO  server.session (DefaultSessionIdManager.java:doStart(339)) - No SessionScavenger set, using defaults
2023-03-29 22:44:39,476 [Listener at 127.0.0.1/38933] INFO  server.session (HouseKeeper.java:startScavenging(132)) - node0 Scavenging every 600000ms
2023-03-29 22:44:39,477 [Listener at 127.0.0.1/38933] INFO  handler.ContextHandler (ContextHandler.java:doStart(921)) - Started o.e.j.s.ServletContextHandler@46926de4{logs,/logs,file:///home/runner/work/ozone/ozone/hadoop-ozone/integration-test/target/log,AVAILABLE}
2023-03-29 22:44:39,478 [Listener at 127.0.0.1/38933] INFO  handler.ContextHandler (ContextHandler.java:doStart(921)) - Started o.e.j.s.ServletContextHandler@68212a18{static,/static,file:///home/runner/work/ozone/ozone/hadoop-ozone/integration-test/target/test-classes/webapps/static,AVAILABLE}
2023-03-29 22:44:39,485 [Listener at 127.0.0.1/38933] INFO  handler.ContextHandler (ContextHandler.java:doStart(921)) - Started o.e.j.w.WebAppContext@400b100d{ozoneManager,/,file:///home/runner/work/ozone/ozone/hadoop-ozone/integration-test/target/test-classes/webapps/ozoneManager/,AVAILABLE}{file:/home/runner/work/ozone/ozone/hadoop-ozone/integration-test/target/test-classes/webapps/ozoneManager}
2023-03-29 22:44:39,491 [Listener at 127.0.0.1/38933] INFO  server.AbstractConnector (AbstractConnector.java:doStart(333)) - Started ServerConnector@7ef432ce{HTTP/1.1, (http/1.1)}{0.0.0.0:34423}
2023-03-29 22:44:39,491 [Listener at 127.0.0.1/38933] INFO  server.Server (Server.java:doStart(415)) - Started @11127ms
2023-03-29 22:44:39,491 [Listener at 127.0.0.1/38933] WARN  impl.MetricsSystemImpl (MetricsSystemImpl.java:register(279)) - Sink prometheus already exists!
2023-03-29 22:44:39,492 [Listener at 127.0.0.1/38933] INFO  http.BaseHttpServer (BaseHttpServer.java:updateConnectorAddress(344)) - HTTP server of ozoneManager listening at http://0.0.0.0:34423
2023-03-29 22:44:39,493 [IPC Server Responder] INFO  ipc.Server (Server.java:run(1512)) - IPC Server Responder: starting
2023-03-29 22:44:39,497 [IPC Server listener on 38933] INFO  ipc.Server (Server.java:run(1352)) - IPC Server listener on 38933: starting
2023-03-29 22:44:39,503 [Listener at 127.0.0.1/38933] INFO  om.OzoneManager (OzoneManager.java:startTrashEmptier(2040)) - Trash Interval set to 0. Files deleted won't move to trash
2023-03-29 22:44:39,503 [Listener at 127.0.0.1/38933] INFO  ozone.MiniOzoneHAClusterImpl (MiniOzoneHAClusterImpl.java:createOMService(527)) - Started OzoneManager omNode-3 RPC server at localhost/127.0.0.1:38933
2023-03-29 22:44:39,518 [org.apache.hadoop.util.JvmPauseMonitor$Monitor@4df1bec] INFO  util.JvmPauseMonitor (JvmPauseMonitor.java:run(188)) - Starting JVM pause monitor
2023-03-29 22:44:39,595 [grpc-default-executor-1] WARN  server.GrpcLogAppender (LogUtils.java:warn(122)) - omNode-1@group-523986131536->omNode-3-AppendLogResponseHandler: Failed appendEntries: org.apache.ratis.thirdparty.io.grpc.StatusRuntimeException: UNAVAILABLE: io exception
2023-03-29 22:44:39,597 [grpc-default-executor-1] WARN  server.GrpcLogAppender (GrpcLogAppender.java:resetClient(131)) - omNode-1@group-523986131536->omNode-3-GrpcLogAppender: Leader has not got in touch with Follower omNode-1@group-523986131536->omNode-3(c-1,m0,n1, attendVote=true, lastRpcSendTime=253, lastRpcResponseTime=2419) yet, just keep nextIndex unchanged and retry.
2023-03-29 22:44:39,597 [grpc-default-executor-2] WARN  server.GrpcLogAppender (LogUtils.java:warn(122)) - omNode-1@group-523986131536->omNode-3-AppendLogResponseHandler: Failed appendEntries: org.apache.ratis.thirdparty.io.grpc.StatusRuntimeException: UNAVAILABLE: io exception
2023-03-29 22:44:39,597 [grpc-default-executor-2] WARN  server.GrpcLogAppender (GrpcLogAppender.java:resetClient(131)) - omNode-1@group-523986131536->omNode-3-GrpcLogAppender: Leader has not got in touch with Follower omNode-1@group-523986131536->omNode-3(c-1,m0,n1, attendVote=true, lastRpcSendTime=253, lastRpcResponseTime=2419) yet, just keep nextIndex unchanged and retry.
2023-03-29 22:44:39,647 [Listener at 127.0.0.1/38933] WARN  impl.MetricRegistriesImpl (MetricRegistriesImpl.java:addReporterRegistration(111)) - New reporters are added after registries were created. Some metrics will be missing from the reporter. Please add reporter before adding any new registry.
2023-03-29 22:44:39,647 [Listener at 127.0.0.1/38933] WARN  impl.MetricRegistriesImpl (MetricRegistriesImpl.java:addReporterRegistration(111)) - New reporters are added after registries were created. Some metrics will be missing from the reporter. Please add reporter before adding any new registry.
2023-03-29 22:44:39,647 [Listener at 127.0.0.1/38933] INFO  impl.MetricsSystemImpl (MetricsSystemImpl.java:init(158)) - HddsDatanode metrics system started (again)
2023-03-29 22:44:39,664 [Listener at 127.0.0.1/38933] INFO  ozone.HddsDatanodeService (HddsDatanodeService.java:start(249)) - HddsDatanodeService host:fv-az377-460 ip:10.1.0.40
2023-03-29 22:44:39,705 [Listener at 127.0.0.1/38933] INFO  upgrade.AbstractLayoutVersionManager (AbstractLayoutVersionManager.java:init(83)) - Initializing Layout version manager with metadata layout = DATANODE_SCHEMA_V3 (version = 4), software layout = DATANODE_SCHEMA_V3 (version = 4)
2023-03-29 22:44:39,952 [omNode-3-server-thread1] INFO  server.RaftServer$Division (ServerState.java:setLeader(313)) - omNode-3@group-523986131536: change Leader from null to omNode-1 at term 1 for appendEntries, leader elected after 1491ms
2023-03-29 22:44:39,952 [omNode-3-server-thread1] INFO  server.RaftServer$Division (RaftServerImpl.java:checkInconsistentAppendEntries(1508)) - omNode-3@group-523986131536: Failed appendEntries as previous log entry ((t:1, i:0)) is not found
2023-03-29 22:44:39,952 [omNode-3-server-thread1] INFO  server.RaftServer$Division (RaftServerImpl.java:checkInconsistentAppendEntries(1478)) - omNode-3@group-523986131536: inconsistency entries. Reply:omNode-1<-omNode-3#102828:FAIL-t0,INCONSISTENCY,nextIndex=0,followerCommit=-1,matchIndex=-1
2023-03-29 22:44:39,956 [grpc-default-executor-1] INFO  leader.FollowerInfo (FollowerInfoImpl.java:lambda$new$0(48)) - omNode-1@group-523986131536->omNode-3: nextIndex: updateUnconditionally 1 -> 0
2023-03-29 22:44:39,960 [omNode-3-server-thread1] INFO  server.RaftServer$Division (ServerState.java:setRaftConf(430)) - omNode-3@group-523986131536: set configuration 0: peers:[omNode-3|rpc:localhost:43993|admin:|client:|dataStream:|priority:0|startupRole:FOLLOWER, omNode-1|rpc:localhost:39701|admin:|client:|dataStream:|priority:0|startupRole:FOLLOWER, omNode-2|rpc:localhost:43065|admin:|client:|dataStream:|priority:0|startupRole:FOLLOWER]|listeners:[], old=null
2023-03-29 22:44:39,960 [omNode-3-server-thread1] INFO  segmented.SegmentedRaftLogWorker (SegmentedRaftLogWorker.java:startLogSegment(452)) - omNode-3@group-523986131536-SegmentedRaftLogWorker: Starting segment from index:0
2023-03-29 22:44:39,967 [omNode-3@group-523986131536-SegmentedRaftLogWorker] INFO  segmented.SegmentedRaftLogWorker (SegmentedRaftLogWorker.java:execute(656)) - omNode-3@group-523986131536-SegmentedRaftLogWorker: created new log segment /home/runner/work/ozone/ozone/hadoop-ozone/integration-test/target/test-dir/MiniOzoneClusterImpl-bcbc84c2-519e-42a0-a817-fd35ffaa666a/omNode-3/ratis/c9bc4cf4-3bc3-3c60-a66b-523986131536/current/log_inprogress_0
2023-03-29 22:44:39,969 [omNode-3@group-523986131536-StateMachineUpdater] INFO  ratis.OzoneManagerStateMachine (OzoneManagerStateMachine.java:notifyConfigurationChanged(192)) - Received Configuration change notification from Ratis. New Peer list:
[id: "omNode-3"
address: "localhost:43993"
startupRole: FOLLOWER
, id: "omNode-1"
address: "localhost:39701"
startupRole: FOLLOWER
, id: "omNode-2"
address: "localhost:43065"
startupRole: FOLLOWER
]
2023-03-29 22:44:40,000 [Listener at 127.0.0.1/38933] INFO  reflections.Reflections (Reflections.java:scan(232)) - Reflections took 293 ms to scan 7 urls, producing 155 keys and 368 values 
2023-03-29 22:44:40,008 [Listener at 127.0.0.1/38933] INFO  statemachine.DatanodeStateMachine (DatanodeStateMachine.java:getEndPointTaskThreadPoolSize(260)) - Datanode State Machine Task Thread Pool size 2
2023-03-29 22:44:40,082 [Listener at 127.0.0.1/38933] INFO  volume.HddsVolume (HddsVolume.java:<init>(130)) - Creating HddsVolume: /home/runner/work/ozone/ozone/hadoop-ozone/integration-test/target/test-dir/MiniOzoneClusterImpl-bcbc84c2-519e-42a0-a817-fd35ffaa666a/datanode-0/data-0/containers/hdds of storage type : DISK capacity : 9223372036854775807
2023-03-29 22:44:40,085 [Listener at 127.0.0.1/38933] INFO  volume.MutableVolumeSet (MutableVolumeSet.java:initializeVolumeSet(175)) - Added Volume : /home/runner/work/ozone/ozone/hadoop-ozone/integration-test/target/test-dir/MiniOzoneClusterImpl-bcbc84c2-519e-42a0-a817-fd35ffaa666a/datanode-0/data-0/containers/hdds to VolumeSet
2023-03-29 22:44:40,086 [Listener at 127.0.0.1/38933] INFO  volume.ThrottledAsyncChecker (ThrottledAsyncChecker.java:schedule(141)) - Scheduling a check for /home/runner/work/ozone/ozone/hadoop-ozone/integration-test/target/test-dir/MiniOzoneClusterImpl-bcbc84c2-519e-42a0-a817-fd35ffaa666a/datanode-0/data-0/containers/hdds
2023-03-29 22:44:40,106 [Listener at 127.0.0.1/38933] INFO  volume.StorageVolumeChecker (StorageVolumeChecker.java:checkAllVolumes(202)) - Scheduled health check for volume /home/runner/work/ozone/ozone/hadoop-ozone/integration-test/target/test-dir/MiniOzoneClusterImpl-bcbc84c2-519e-42a0-a817-fd35ffaa666a/datanode-0/data-0/containers/hdds
2023-03-29 22:44:40,125 [Listener at 127.0.0.1/38933] INFO  volume.MutableVolumeSet (MutableVolumeSet.java:initializeVolumeSet(175)) - Added Volume : /home/runner/work/ozone/ozone/hadoop-ozone/integration-test/target/test-dir/MiniOzoneClusterImpl-bcbc84c2-519e-42a0-a817-fd35ffaa666a/datanode-0/data/ratis to VolumeSet
2023-03-29 22:44:40,125 [Listener at 127.0.0.1/38933] INFO  volume.ThrottledAsyncChecker (ThrottledAsyncChecker.java:schedule(141)) - Scheduling a check for /home/runner/work/ozone/ozone/hadoop-ozone/integration-test/target/test-dir/MiniOzoneClusterImpl-bcbc84c2-519e-42a0-a817-fd35ffaa666a/datanode-0/data/ratis
2023-03-29 22:44:40,125 [Listener at 127.0.0.1/38933] INFO  volume.StorageVolumeChecker (StorageVolumeChecker.java:checkAllVolumes(202)) - Scheduled health check for volume /home/runner/work/ozone/ozone/hadoop-ozone/integration-test/target/test-dir/MiniOzoneClusterImpl-bcbc84c2-519e-42a0-a817-fd35ffaa666a/datanode-0/data/ratis
2023-03-29 22:44:40,149 [Thread-252] INFO  ozoneimpl.ContainerReader (ContainerReader.java:readVolume(175)) - Finish verifying containers on volume /home/runner/work/ozone/ozone/hadoop-ozone/integration-test/target/test-dir/MiniOzoneClusterImpl-bcbc84c2-519e-42a0-a817-fd35ffaa666a/datanode-0/data-0/containers/hdds
2023-03-29 22:44:40,149 [Listener at 127.0.0.1/38933] INFO  ozoneimpl.OzoneContainer (OzoneContainer.java:buildContainerSet(303)) - Build ContainerSet costs 0s
2023-03-29 22:44:40,200 [Listener at 127.0.0.1/38933] INFO  audit.AuditLogger (AuditLogger.java:refreshDebugCmdSet(126)) - Refresh DebugCmdSet for DNAudit to [].
2023-03-29 22:44:40,231 [Listener at 127.0.0.1/38933] INFO  server.RaftServer (ConfUtils.java:logGet(46)) - raft.rpc.type = GRPC (default)
2023-03-29 22:44:40,231 [Listener at 127.0.0.1/38933] INFO  grpc.GrpcConfigKeys (ConfUtils.java:logFallback(53)) - raft.grpc.admin.host = null (fallback to raft.grpc.server.host)
2023-03-29 22:44:40,231 [Listener at 127.0.0.1/38933] INFO  grpc.GrpcConfigKeys (ConfUtils.java:logGet(46)) - raft.grpc.admin.port = 0 (custom)
2023-03-29 22:44:40,231 [Listener at 127.0.0.1/38933] INFO  grpc.GrpcConfigKeys (ConfUtils.java:logFallback(53)) - raft.grpc.client.host = null (fallback to raft.grpc.server.host)
2023-03-29 22:44:40,231 [Listener at 127.0.0.1/38933] INFO  grpc.GrpcConfigKeys (ConfUtils.java:logGet(46)) - raft.grpc.client.port = 0 (custom)
2023-03-29 22:44:40,232 [Listener at 127.0.0.1/38933] INFO  grpc.GrpcConfigKeys (ConfUtils.java:logGet(46)) - raft.grpc.server.host = null (default)
2023-03-29 22:44:40,232 [Listener at 127.0.0.1/38933] INFO  grpc.GrpcConfigKeys (ConfUtils.java:logGet(46)) - raft.grpc.server.port = 0 (default)
2023-03-29 22:44:40,232 [Listener at 127.0.0.1/38933] INFO  server.GrpcService (ConfUtils.java:logGet(46)) - raft.grpc.message.size.max = 32MB (=33554432) (custom)
2023-03-29 22:44:40,232 [Listener at 127.0.0.1/38933] INFO  server.RaftServerConfigKeys (ConfUtils.java:logGet(46)) - raft.server.log.appender.buffer.byte-limit = 33554432 (custom)
2023-03-29 22:44:40,232 [Listener at 127.0.0.1/38933] INFO  server.GrpcService (ConfUtils.java:logGet(46)) - raft.grpc.flow.control.window = 5MB (=5242880) (custom)
2023-03-29 22:44:40,232 [Listener at 127.0.0.1/38933] INFO  server.RaftServerConfigKeys (ConfUtils.java:logGet(46)) - raft.server.rpc.request.timeout = 60s (custom)
2023-03-29 22:44:40,232 [Listener at 127.0.0.1/38933] INFO  grpc.GrpcConfigKeys (ConfUtils.java:logGet(46)) - raft.grpc.server.heartbeat.channel = true (default)
2023-03-29 22:44:40,233 [Listener at 127.0.0.1/38933] INFO  grpc.GrpcConfigKeys (ConfUtils.java:logGet(46)) - raft.grpc.server.async.request.thread.pool.cached = true (default)
2023-03-29 22:44:40,233 [Listener at 127.0.0.1/38933] INFO  grpc.GrpcConfigKeys (ConfUtils.java:logGet(46)) - raft.grpc.server.async.request.thread.pool.size = 32 (default)
2023-03-29 22:44:40,234 [Listener at 127.0.0.1/38933] INFO  impl.DataStreamServerImpl (ConfUtils.java:logGet(46)) - raft.datastream.type = NETTY (custom)
2023-03-29 22:44:40,243 [Listener at 127.0.0.1/38933] INFO  server.RaftServerConfigKeys (ConfUtils.java:logGet(46)) - raft.server.data-stream.async.request.thread.pool.cached = false (default)
2023-03-29 22:44:40,243 [Listener at 127.0.0.1/38933] INFO  server.RaftServerConfigKeys (ConfUtils.java:logGet(46)) - raft.server.data-stream.async.request.thread.pool.size = 20 (custom)
2023-03-29 22:44:40,244 [Listener at 127.0.0.1/38933] INFO  server.RaftServerConfigKeys (ConfUtils.java:logGet(46)) - raft.server.data-stream.async.write.thread.pool.size = 16 (default)
2023-03-29 22:44:40,245 [Listener at 127.0.0.1/38933] INFO  server.RaftServerConfigKeys (ConfUtils.java:logGet(46)) - raft.server.data-stream.client.pool.size = 10 (default)
2023-03-29 22:44:40,247 [Listener at 127.0.0.1/38933] INFO  netty.NettyConfigKeys$DataStream (ConfUtils.java:logGet(46)) - raft.netty.dataStream.server.use-epoll = false (default)
2023-03-29 22:44:40,248 [Listener at 127.0.0.1/38933] INFO  netty.NettyConfigKeys$DataStream (ConfUtils.java:logGet(46)) - raft.netty.dataStream.server.boss-group.size = 0 (default)
2023-03-29 22:44:40,254 [Listener at 127.0.0.1/38933] INFO  netty.NettyConfigKeys$DataStream (ConfUtils.java:logGet(46)) - raft.netty.dataStream.server.worker-group.size = 0 (default)
2023-03-29 22:44:40,255 [Listener at 127.0.0.1/38933] INFO  netty.NettyConfigKeys$DataStream (ConfUtils.java:logGet(46)) - raft.netty.dataStream.server.tls.conf = null (default)
2023-03-29 22:44:40,257 [Listener at 127.0.0.1/38933] INFO  netty.NettyConfigKeys$DataStream (ConfUtils.java:logGet(46)) - raft.netty.dataStream.host = null (default)
2023-03-29 22:44:40,257 [Listener at 127.0.0.1/38933] INFO  netty.NettyConfigKeys$DataStream (ConfUtils.java:logGet(46)) - raft.netty.dataStream.port = 0 (default)
2023-03-29 22:44:40,267 [Listener at 127.0.0.1/38933] INFO  server.RaftServerConfigKeys (ConfUtils.java:logGet(46)) - raft.server.threadpool.proxy.cached = true (default)
2023-03-29 22:44:40,268 [Listener at 127.0.0.1/38933] INFO  server.RaftServerConfigKeys (ConfUtils.java:logGet(46)) - raft.server.threadpool.proxy.size = 0 (default)
2023-03-29 22:44:40,270 [Listener at 127.0.0.1/38933] INFO  server.RaftServerConfigKeys (ConfUtils.java:logGet(46)) - raft.server.rpc.slowness.timeout = 300s (custom)
2023-03-29 22:44:40,270 [Listener at 127.0.0.1/38933] INFO  server.RaftServerConfigKeys (ConfUtils.java:logGet(46)) - raft.server.leaderelection.leader.step-down.wait-time = 10s (default)
2023-03-29 22:44:40,271 [Listener at 127.0.0.1/38933] INFO  server.RaftServerConfigKeys (ConfUtils.java:logGet(46)) - raft.server.storage.dir = [/home/runner/work/ozone/ozone/hadoop-ozone/integration-test/target/test-dir/MiniOzoneClusterImpl-bcbc84c2-519e-42a0-a817-fd35ffaa666a/datanode-0/data/ratis] (custom)
2023-03-29 22:44:40,279 [e2c212f3-f97c-4b95-9960-0e6b8b9bb499-NettyServerStreamRpc-bossGroup--thread1] INFO  logging.LoggingHandler (AbstractInternalLogger.java:log(148)) - [id: 0x43f84e84] REGISTERED
2023-03-29 22:44:40,279 [e2c212f3-f97c-4b95-9960-0e6b8b9bb499-NettyServerStreamRpc-bossGroup--thread1] INFO  logging.LoggingHandler (AbstractInternalLogger.java:log(148)) - [id: 0x43f84e84] BIND: 0.0.0.0/0.0.0.0:0
2023-03-29 22:44:40,280 [e2c212f3-f97c-4b95-9960-0e6b8b9bb499-NettyServerStreamRpc-bossGroup--thread1] INFO  logging.LoggingHandler (AbstractInternalLogger.java:log(148)) - [id: 0x43f84e84, L:/0:0:0:0:0:0:0:0:41817] ACTIVE
2023-03-29 22:44:40,297 [Listener at 127.0.0.1/38933] INFO  server.XceiverServerGrpc (XceiverServerGrpc.java:<init>(132)) - GrpcServer channel type EpollServerSocketChannel
2023-03-29 22:44:40,390 [Listener at 127.0.0.1/38933] INFO  http.BaseHttpServer (BaseHttpServer.java:newHttpServer2BuilderForOzone(224)) - Starting Web-server for hddsDatanode at: http://0.0.0.0:0
2023-03-29 22:44:40,390 [Listener at 127.0.0.1/38933] INFO  http.BaseHttpServer (BaseHttpServer.java:<init>(111)) - Hadoop Security Enabled: false Ozone Security Enabled: false Ozone HTTP Security Enabled: false 
2023-03-29 22:44:40,392 [Listener at 127.0.0.1/38933] WARN  server.AuthenticationFilter (AuthenticationFilter.java:constructSecretProvider(240)) - Unable to initialize FileSignerSecretProvider, falling back to use random secrets. Reason: Could not read signature secret file: /home/runner/hadoop-http-auth-signature-secret
2023-03-29 22:44:40,393 [Listener at 127.0.0.1/38933] WARN  http.HttpRequestLog (HttpRequestLog.java:getRequestLog(103)) - Jetty request log can only be enabled using Log4j
2023-03-29 22:44:40,394 [Listener at 127.0.0.1/38933] INFO  http.HttpServer2 (HttpServer2.java:addGlobalFilter(1031)) - Added global filter 'safety' (class=org.apache.hadoop.hdds.server.http.HttpServer2$QuotingInputFilter)
2023-03-29 22:44:40,395 [Listener at 127.0.0.1/38933] INFO  http.HttpServer2 (HttpServer2.java:addFilter(1007)) - Added filter static_user_filter (class=org.apache.hadoop.http.lib.StaticUserWebFilter$StaticUserFilter) to context hddsDatanode
2023-03-29 22:44:40,395 [Listener at 127.0.0.1/38933] INFO  http.HttpServer2 (HttpServer2.java:addFilter(1015)) - Added filter static_user_filter (class=org.apache.hadoop.http.lib.StaticUserWebFilter$StaticUserFilter) to context logs
2023-03-29 22:44:40,395 [Listener at 127.0.0.1/38933] INFO  http.HttpServer2 (HttpServer2.java:addFilter(1015)) - Added filter static_user_filter (class=org.apache.hadoop.http.lib.StaticUserWebFilter$StaticUserFilter) to context static
2023-03-29 22:44:40,396 [Listener at 127.0.0.1/38933] INFO  http.BaseHttpServer (BaseHttpServer.java:<init>(190)) - HTTP server of hddsDatanode uses base directory /home/runner/work/ozone/ozone/hadoop-ozone/integration-test/target/test-dir/MiniOzoneClusterImpl-bcbc84c2-519e-42a0-a817-fd35ffaa666a/datanode-0/meta/webserver
2023-03-29 22:44:40,396 [Listener at 127.0.0.1/38933] INFO  http.HttpServer2 (HttpServer2.java:bindListener(1250)) - Jetty bound to port 35797
2023-03-29 22:44:40,397 [Listener at 127.0.0.1/38933] INFO  server.Server (Server.java:doStart(375)) - jetty-9.4.49.v20220914; built: 2022-09-14T01:07:36.601Z; git: 4231a3b2e4cb8548a412a789936d640a97b1aa0a; jvm 1.8.0_362-b09
2023-03-29 22:44:40,400 [Listener at 127.0.0.1/38933] INFO  server.session (DefaultSessionIdManager.java:doStart(334)) - DefaultSessionIdManager workerName=node0
2023-03-29 22:44:40,400 [Listener at 127.0.0.1/38933] INFO  server.session (DefaultSessionIdManager.java:doStart(339)) - No SessionScavenger set, using defaults
2023-03-29 22:44:40,400 [Listener at 127.0.0.1/38933] INFO  server.session (HouseKeeper.java:startScavenging(132)) - node0 Scavenging every 660000ms
2023-03-29 22:44:40,402 [Listener at 127.0.0.1/38933] INFO  handler.ContextHandler (ContextHandler.java:doStart(921)) - Started o.e.j.s.ServletContextHandler@575517f4{logs,/logs,file:///home/runner/work/ozone/ozone/hadoop-ozone/integration-test/target/log,AVAILABLE}
2023-03-29 22:44:40,402 [Listener at 127.0.0.1/38933] INFO  handler.ContextHandler (ContextHandler.java:doStart(921)) - Started o.e.j.s.ServletContextHandler@577e9f2f{static,/static,jar:file:/home/runner/.m2/repository/org/apache/ozone/hdds-container-service/1.4.0-SNAPSHOT/hdds-container-service-1.4.0-SNAPSHOT.jar!/webapps/static,AVAILABLE}
2023-03-29 22:44:40,649 [Listener at 127.0.0.1/38933] INFO  handler.ContextHandler (ContextHandler.java:doStart(921)) - Started o.e.j.w.WebAppContext@74443344{hddsDatanode,/,file:///home/runner/work/ozone/ozone/hadoop-ozone/integration-test/target/test-dir/MiniOzoneClusterImpl-bcbc84c2-519e-42a0-a817-fd35ffaa666a/datanode-0/meta/webserver/jetty-0_0_0_0-35797-hdds-container-service-1_4_0-SNAPSHOT_jar-_-any-8722894117541813702/webapp/,AVAILABLE}{jar:file:/home/runner/.m2/repository/org/apache/ozone/hdds-container-service/1.4.0-SNAPSHOT/hdds-container-service-1.4.0-SNAPSHOT.jar!/webapps/hddsDatanode}
2023-03-29 22:44:40,650 [Listener at 127.0.0.1/38933] INFO  server.AbstractConnector (AbstractConnector.java:doStart(333)) - Started ServerConnector@74b4a3cf{HTTP/1.1, (http/1.1)}{0.0.0.0:35797}
2023-03-29 22:44:40,651 [Listener at 127.0.0.1/38933] INFO  server.Server (Server.java:doStart(415)) - Started @12286ms
2023-03-29 22:44:40,651 [Listener at 127.0.0.1/38933] WARN  impl.MetricsSystemImpl (MetricsSystemImpl.java:register(279)) - Sink prometheus already exists!
2023-03-29 22:44:40,651 [Listener at 127.0.0.1/38933] INFO  http.BaseHttpServer (BaseHttpServer.java:updateConnectorAddress(344)) - HTTP server of hddsDatanode listening at http://0.0.0.0:35797
2023-03-29 22:44:40,652 [Datanode State Machine Daemon Thread] INFO  statemachine.DatanodeStateMachine (DatanodeStateMachine.java:lambda$startDaemon$0(517)) - Ozone container server started.
2023-03-29 22:44:40,654 [Listener at 127.0.0.1/38933] WARN  impl.MetricRegistriesImpl (MetricRegistriesImpl.java:addReporterRegistration(111)) - New reporters are added after registries were created. Some metrics will be missing from the reporter. Please add reporter before adding any new registry.
2023-03-29 22:44:40,654 [Listener at 127.0.0.1/38933] WARN  impl.MetricRegistriesImpl (MetricRegistriesImpl.java:addReporterRegistration(111)) - New reporters are added after registries were created. Some metrics will be missing from the reporter. Please add reporter before adding any new registry.
2023-03-29 22:44:40,654 [Listener at 127.0.0.1/38933] INFO  impl.MetricsSystemImpl (MetricsSystemImpl.java:init(158)) - HddsDatanode metrics system started (again)
2023-03-29 22:44:40,671 [org.apache.hadoop.util.JvmPauseMonitor$Monitor@5a84ecc1] INFO  util.JvmPauseMonitor (JvmPauseMonitor.java:run(188)) - Starting JVM pause monitor
2023-03-29 22:44:40,678 [Listener at 127.0.0.1/38933] INFO  ozone.HddsDatanodeService (HddsDatanodeService.java:start(249)) - HddsDatanodeService host:fv-az377-460 ip:10.1.0.40
2023-03-29 22:44:40,708 [Listener at 127.0.0.1/38933] INFO  upgrade.AbstractLayoutVersionManager (AbstractLayoutVersionManager.java:init(83)) - Initializing Layout version manager with metadata layout = DATANODE_SCHEMA_V3 (version = 4), software layout = DATANODE_SCHEMA_V3 (version = 4)
2023-03-29 22:44:40,766 [Listener at 127.0.0.1/38933] INFO  reflections.Reflections (Reflections.java:scan(232)) - Reflections took 57 ms to scan 7 urls, producing 155 keys and 368 values 
2023-03-29 22:44:40,768 [Listener at 127.0.0.1/38933] INFO  statemachine.DatanodeStateMachine (DatanodeStateMachine.java:getEndPointTaskThreadPoolSize(260)) - Datanode State Machine Task Thread Pool size 2
2023-03-29 22:44:40,770 [Listener at 127.0.0.1/38933] INFO  volume.HddsVolume (HddsVolume.java:<init>(130)) - Creating HddsVolume: /home/runner/work/ozone/ozone/hadoop-ozone/integration-test/target/test-dir/MiniOzoneClusterImpl-bcbc84c2-519e-42a0-a817-fd35ffaa666a/datanode-1/data-0/containers/hdds of storage type : DISK capacity : 9223372036854775807
2023-03-29 22:44:40,770 [Listener at 127.0.0.1/38933] INFO  volume.MutableVolumeSet (MutableVolumeSet.java:initializeVolumeSet(175)) - Added Volume : /home/runner/work/ozone/ozone/hadoop-ozone/integration-test/target/test-dir/MiniOzoneClusterImpl-bcbc84c2-519e-42a0-a817-fd35ffaa666a/datanode-1/data-0/containers/hdds to VolumeSet
2023-03-29 22:44:40,771 [Listener at 127.0.0.1/38933] INFO  volume.ThrottledAsyncChecker (ThrottledAsyncChecker.java:schedule(141)) - Scheduling a check for /home/runner/work/ozone/ozone/hadoop-ozone/integration-test/target/test-dir/MiniOzoneClusterImpl-bcbc84c2-519e-42a0-a817-fd35ffaa666a/datanode-1/data-0/containers/hdds
2023-03-29 22:44:40,774 [Listener at 127.0.0.1/38933] INFO  volume.StorageVolumeChecker (StorageVolumeChecker.java:checkAllVolumes(202)) - Scheduled health check for volume /home/runner/work/ozone/ozone/hadoop-ozone/integration-test/target/test-dir/MiniOzoneClusterImpl-bcbc84c2-519e-42a0-a817-fd35ffaa666a/datanode-1/data-0/containers/hdds
2023-03-29 22:44:40,786 [Listener at 127.0.0.1/38933] INFO  volume.MutableVolumeSet (MutableVolumeSet.java:initializeVolumeSet(175)) - Added Volume : /home/runner/work/ozone/ozone/hadoop-ozone/integration-test/target/test-dir/MiniOzoneClusterImpl-bcbc84c2-519e-42a0-a817-fd35ffaa666a/datanode-1/data/ratis to VolumeSet
2023-03-29 22:44:40,787 [Listener at 127.0.0.1/38933] INFO  volume.ThrottledAsyncChecker (ThrottledAsyncChecker.java:schedule(141)) - Scheduling a check for /home/runner/work/ozone/ozone/hadoop-ozone/integration-test/target/test-dir/MiniOzoneClusterImpl-bcbc84c2-519e-42a0-a817-fd35ffaa666a/datanode-1/data/ratis
2023-03-29 22:44:40,787 [Listener at 127.0.0.1/38933] INFO  volume.StorageVolumeChecker (StorageVolumeChecker.java:checkAllVolumes(202)) - Scheduled health check for volume /home/runner/work/ozone/ozone/hadoop-ozone/integration-test/target/test-dir/MiniOzoneClusterImpl-bcbc84c2-519e-42a0-a817-fd35ffaa666a/datanode-1/data/ratis
2023-03-29 22:44:40,799 [Thread-267] INFO  ozoneimpl.ContainerReader (ContainerReader.java:readVolume(175)) - Finish verifying containers on volume /home/runner/work/ozone/ozone/hadoop-ozone/integration-test/target/test-dir/MiniOzoneClusterImpl-bcbc84c2-519e-42a0-a817-fd35ffaa666a/datanode-1/data-0/containers/hdds
2023-03-29 22:44:40,800 [Listener at 127.0.0.1/38933] INFO  ozoneimpl.OzoneContainer (OzoneContainer.java:buildContainerSet(303)) - Build ContainerSet costs 0s
2023-03-29 22:44:40,804 [Listener at 127.0.0.1/38933] INFO  server.RaftServer (ConfUtils.java:logGet(46)) - raft.rpc.type = GRPC (default)
2023-03-29 22:44:40,804 [Listener at 127.0.0.1/38933] INFO  grpc.GrpcConfigKeys (ConfUtils.java:logFallback(53)) - raft.grpc.admin.host = null (fallback to raft.grpc.server.host)
2023-03-29 22:44:40,804 [Listener at 127.0.0.1/38933] INFO  grpc.GrpcConfigKeys (ConfUtils.java:logGet(46)) - raft.grpc.admin.port = 0 (custom)
2023-03-29 22:44:40,804 [Listener at 127.0.0.1/38933] INFO  grpc.GrpcConfigKeys (ConfUtils.java:logFallback(53)) - raft.grpc.client.host = null (fallback to raft.grpc.server.host)
2023-03-29 22:44:40,805 [Listener at 127.0.0.1/38933] INFO  grpc.GrpcConfigKeys (ConfUtils.java:logGet(46)) - raft.grpc.client.port = 0 (custom)
2023-03-29 22:44:40,805 [Listener at 127.0.0.1/38933] INFO  grpc.GrpcConfigKeys (ConfUtils.java:logGet(46)) - raft.grpc.server.host = null (default)
2023-03-29 22:44:40,805 [Listener at 127.0.0.1/38933] INFO  grpc.GrpcConfigKeys (ConfUtils.java:logGet(46)) - raft.grpc.server.port = 0 (default)
2023-03-29 22:44:40,805 [Listener at 127.0.0.1/38933] INFO  server.GrpcService (ConfUtils.java:logGet(46)) - raft.grpc.message.size.max = 32MB (=33554432) (custom)
2023-03-29 22:44:40,805 [Listener at 127.0.0.1/38933] INFO  server.RaftServerConfigKeys (ConfUtils.java:logGet(46)) - raft.server.log.appender.buffer.byte-limit = 33554432 (custom)
2023-03-29 22:44:40,805 [Listener at 127.0.0.1/38933] INFO  server.GrpcService (ConfUtils.java:logGet(46)) - raft.grpc.flow.control.window = 5MB (=5242880) (custom)
2023-03-29 22:44:40,805 [Listener at 127.0.0.1/38933] INFO  server.RaftServerConfigKeys (ConfUtils.java:logGet(46)) - raft.server.rpc.request.timeout = 60s (custom)
2023-03-29 22:44:40,806 [Listener at 127.0.0.1/38933] INFO  grpc.GrpcConfigKeys (ConfUtils.java:logGet(46)) - raft.grpc.server.heartbeat.channel = true (default)
2023-03-29 22:44:40,806 [Listener at 127.0.0.1/38933] INFO  grpc.GrpcConfigKeys (ConfUtils.java:logGet(46)) - raft.grpc.server.async.request.thread.pool.cached = true (default)
2023-03-29 22:44:40,806 [Listener at 127.0.0.1/38933] INFO  grpc.GrpcConfigKeys (ConfUtils.java:logGet(46)) - raft.grpc.server.async.request.thread.pool.size = 32 (default)
2023-03-29 22:44:40,807 [Listener at 127.0.0.1/38933] INFO  impl.DataStreamServerImpl (ConfUtils.java:logGet(46)) - raft.datastream.type = NETTY (custom)
2023-03-29 22:44:40,807 [Listener at 127.0.0.1/38933] INFO  server.RaftServerConfigKeys (ConfUtils.java:logGet(46)) - raft.server.data-stream.async.request.thread.pool.cached = false (default)
2023-03-29 22:44:40,808 [Listener at 127.0.0.1/38933] INFO  server.RaftServerConfigKeys (ConfUtils.java:logGet(46)) - raft.server.data-stream.async.request.thread.pool.size = 20 (custom)
2023-03-29 22:44:40,808 [Listener at 127.0.0.1/38933] INFO  server.RaftServerConfigKeys (ConfUtils.java:logGet(46)) - raft.server.data-stream.async.write.thread.pool.size = 16 (default)
2023-03-29 22:44:40,808 [Listener at 127.0.0.1/38933] INFO  server.RaftServerConfigKeys (ConfUtils.java:logGet(46)) - raft.server.data-stream.client.pool.size = 10 (default)
2023-03-29 22:44:40,808 [Listener at 127.0.0.1/38933] INFO  netty.NettyConfigKeys$DataStream (ConfUtils.java:logGet(46)) - raft.netty.dataStream.server.use-epoll = false (default)
2023-03-29 22:44:40,808 [Listener at 127.0.0.1/38933] INFO  netty.NettyConfigKeys$DataStream (ConfUtils.java:logGet(46)) - raft.netty.dataStream.server.boss-group.size = 0 (default)
2023-03-29 22:44:40,809 [Listener at 127.0.0.1/38933] INFO  netty.NettyConfigKeys$DataStream (ConfUtils.java:logGet(46)) - raft.netty.dataStream.server.worker-group.size = 0 (default)
2023-03-29 22:44:40,809 [Listener at 127.0.0.1/38933] INFO  netty.NettyConfigKeys$DataStream (ConfUtils.java:logGet(46)) - raft.netty.dataStream.server.tls.conf = null (default)
2023-03-29 22:44:40,809 [Listener at 127.0.0.1/38933] INFO  netty.NettyConfigKeys$DataStream (ConfUtils.java:logGet(46)) - raft.netty.dataStream.host = null (default)
2023-03-29 22:44:40,809 [Listener at 127.0.0.1/38933] INFO  netty.NettyConfigKeys$DataStream (ConfUtils.java:logGet(46)) - raft.netty.dataStream.port = 0 (default)
2023-03-29 22:44:40,810 [Listener at 127.0.0.1/38933] INFO  server.RaftServerConfigKeys (ConfUtils.java:logGet(46)) - raft.server.threadpool.proxy.cached = true (default)
2023-03-29 22:44:40,810 [Listener at 127.0.0.1/38933] INFO  server.RaftServerConfigKeys (ConfUtils.java:logGet(46)) - raft.server.threadpool.proxy.size = 0 (default)
2023-03-29 22:44:40,810 [Listener at 127.0.0.1/38933] INFO  server.RaftServerConfigKeys (ConfUtils.java:logGet(46)) - raft.server.rpc.slowness.timeout = 300s (custom)
2023-03-29 22:44:40,810 [Listener at 127.0.0.1/38933] INFO  server.RaftServerConfigKeys (ConfUtils.java:logGet(46)) - raft.server.leaderelection.leader.step-down.wait-time = 10s (default)
2023-03-29 22:44:40,811 [Listener at 127.0.0.1/38933] INFO  server.RaftServerConfigKeys (ConfUtils.java:logGet(46)) - raft.server.storage.dir = [/home/runner/work/ozone/ozone/hadoop-ozone/integration-test/target/test-dir/MiniOzoneClusterImpl-bcbc84c2-519e-42a0-a817-fd35ffaa666a/datanode-1/data/ratis] (custom)
2023-03-29 22:44:40,814 [c28f674d-4a3a-4611-831e-e7d010a6b2ef-NettyServerStreamRpc-bossGroup--thread1] INFO  logging.LoggingHandler (AbstractInternalLogger.java:log(148)) - [id: 0x2eb47769] REGISTERED
2023-03-29 22:44:40,815 [c28f674d-4a3a-4611-831e-e7d010a6b2ef-NettyServerStreamRpc-bossGroup--thread1] INFO  logging.LoggingHandler (AbstractInternalLogger.java:log(148)) - [id: 0x2eb47769] BIND: 0.0.0.0/0.0.0.0:0
2023-03-29 22:44:40,815 [c28f674d-4a3a-4611-831e-e7d010a6b2ef-NettyServerStreamRpc-bossGroup--thread1] INFO  logging.LoggingHandler (AbstractInternalLogger.java:log(148)) - [id: 0x2eb47769, L:/0:0:0:0:0:0:0:0:46543] ACTIVE
2023-03-29 22:44:40,816 [Listener at 127.0.0.1/38933] INFO  server.XceiverServerGrpc (XceiverServerGrpc.java:<init>(132)) - GrpcServer channel type EpollServerSocketChannel
2023-03-29 22:44:40,823 [Listener at 127.0.0.1/38933] INFO  http.BaseHttpServer (BaseHttpServer.java:newHttpServer2BuilderForOzone(224)) - Starting Web-server for hddsDatanode at: http://0.0.0.0:0
2023-03-29 22:44:40,823 [Listener at 127.0.0.1/38933] INFO  http.BaseHttpServer (BaseHttpServer.java:<init>(111)) - Hadoop Security Enabled: false Ozone Security Enabled: false Ozone HTTP Security Enabled: false 
2023-03-29 22:44:40,825 [Listener at 127.0.0.1/38933] WARN  server.AuthenticationFilter (AuthenticationFilter.java:constructSecretProvider(240)) - Unable to initialize FileSignerSecretProvider, falling back to use random secrets. Reason: Could not read signature secret file: /home/runner/hadoop-http-auth-signature-secret
2023-03-29 22:44:40,831 [Listener at 127.0.0.1/38933] WARN  http.HttpRequestLog (HttpRequestLog.java:getRequestLog(103)) - Jetty request log can only be enabled using Log4j
2023-03-29 22:44:40,833 [Listener at 127.0.0.1/38933] INFO  http.HttpServer2 (HttpServer2.java:addGlobalFilter(1031)) - Added global filter 'safety' (class=org.apache.hadoop.hdds.server.http.HttpServer2$QuotingInputFilter)
2023-03-29 22:44:40,834 [Listener at 127.0.0.1/38933] INFO  http.HttpServer2 (HttpServer2.java:addFilter(1007)) - Added filter static_user_filter (class=org.apache.hadoop.http.lib.StaticUserWebFilter$StaticUserFilter) to context hddsDatanode
2023-03-29 22:44:40,834 [Listener at 127.0.0.1/38933] INFO  http.HttpServer2 (HttpServer2.java:addFilter(1015)) - Added filter static_user_filter (class=org.apache.hadoop.http.lib.StaticUserWebFilter$StaticUserFilter) to context logs
2023-03-29 22:44:40,834 [Listener at 127.0.0.1/38933] INFO  http.HttpServer2 (HttpServer2.java:addFilter(1015)) - Added filter static_user_filter (class=org.apache.hadoop.http.lib.StaticUserWebFilter$StaticUserFilter) to context static
2023-03-29 22:44:40,835 [Listener at 127.0.0.1/38933] INFO  http.BaseHttpServer (BaseHttpServer.java:<init>(190)) - HTTP server of hddsDatanode uses base directory /home/runner/work/ozone/ozone/hadoop-ozone/integration-test/target/test-dir/MiniOzoneClusterImpl-bcbc84c2-519e-42a0-a817-fd35ffaa666a/datanode-1/meta/webserver
2023-03-29 22:44:40,835 [Listener at 127.0.0.1/38933] INFO  http.HttpServer2 (HttpServer2.java:bindListener(1250)) - Jetty bound to port 39877
2023-03-29 22:44:40,835 [Listener at 127.0.0.1/38933] INFO  server.Server (Server.java:doStart(375)) - jetty-9.4.49.v20220914; built: 2022-09-14T01:07:36.601Z; git: 4231a3b2e4cb8548a412a789936d640a97b1aa0a; jvm 1.8.0_362-b09
2023-03-29 22:44:40,837 [Listener at 127.0.0.1/38933] INFO  server.session (DefaultSessionIdManager.java:doStart(334)) - DefaultSessionIdManager workerName=node0
2023-03-29 22:44:40,837 [Listener at 127.0.0.1/38933] INFO  server.session (DefaultSessionIdManager.java:doStart(339)) - No SessionScavenger set, using defaults
2023-03-29 22:44:40,837 [Listener at 127.0.0.1/38933] INFO  server.session (HouseKeeper.java:startScavenging(132)) - node0 Scavenging every 600000ms
2023-03-29 22:44:40,838 [Listener at 127.0.0.1/38933] INFO  handler.ContextHandler (ContextHandler.java:doStart(921)) - Started o.e.j.s.ServletContextHandler@76f51ce2{logs,/logs,file:///home/runner/work/ozone/ozone/hadoop-ozone/integration-test/target/log,AVAILABLE}
2023-03-29 22:44:40,838 [Listener at 127.0.0.1/38933] INFO  handler.ContextHandler (ContextHandler.java:doStart(921)) - Started o.e.j.s.ServletContextHandler@3a9358ae{static,/static,jar:file:/home/runner/.m2/repository/org/apache/ozone/hdds-container-service/1.4.0-SNAPSHOT/hdds-container-service-1.4.0-SNAPSHOT.jar!/webapps/static,AVAILABLE}
2023-03-29 22:44:40,901 [Datanode State Machine Task Thread - 0] INFO  datanode.InitDatanodeState (InitDatanodeState.java:persistContainerDatanodeDetails(138)) - DatanodeDetails is persisted to /home/runner/work/ozone/ozone/hadoop-ozone/integration-test/target/test-dir/MiniOzoneClusterImpl-bcbc84c2-519e-42a0-a817-fd35ffaa666a/datanode-0/meta/datanode.id
2023-03-29 22:44:41,071 [Listener at 127.0.0.1/38933] INFO  handler.ContextHandler (ContextHandler.java:doStart(921)) - Started o.e.j.w.WebAppContext@6b13054f{hddsDatanode,/,file:///home/runner/work/ozone/ozone/hadoop-ozone/integration-test/target/test-dir/MiniOzoneClusterImpl-bcbc84c2-519e-42a0-a817-fd35ffaa666a/datanode-1/meta/webserver/jetty-0_0_0_0-39877-hdds-container-service-1_4_0-SNAPSHOT_jar-_-any-882674320909143272/webapp/,AVAILABLE}{jar:file:/home/runner/.m2/repository/org/apache/ozone/hdds-container-service/1.4.0-SNAPSHOT/hdds-container-service-1.4.0-SNAPSHOT.jar!/webapps/hddsDatanode}
2023-03-29 22:44:41,074 [Listener at 127.0.0.1/38933] INFO  server.AbstractConnector (AbstractConnector.java:doStart(333)) - Started ServerConnector@18b6704{HTTP/1.1, (http/1.1)}{0.0.0.0:39877}
2023-03-29 22:44:41,074 [Listener at 127.0.0.1/38933] INFO  server.Server (Server.java:doStart(415)) - Started @12710ms
2023-03-29 22:44:41,074 [Listener at 127.0.0.1/38933] WARN  impl.MetricsSystemImpl (MetricsSystemImpl.java:register(279)) - Sink prometheus already exists!
2023-03-29 22:44:41,075 [Listener at 127.0.0.1/38933] INFO  http.BaseHttpServer (BaseHttpServer.java:updateConnectorAddress(344)) - HTTP server of hddsDatanode listening at http://0.0.0.0:39877
2023-03-29 22:44:41,076 [Datanode State Machine Daemon Thread] INFO  statemachine.DatanodeStateMachine (DatanodeStateMachine.java:lambda$startDaemon$0(517)) - Ozone container server started.
2023-03-29 22:44:41,079 [Listener at 127.0.0.1/38933] WARN  impl.MetricRegistriesImpl (MetricRegistriesImpl.java:addReporterRegistration(111)) - New reporters are added after registries were created. Some metrics will be missing from the reporter. Please add reporter before adding any new registry.
2023-03-29 22:44:41,079 [Listener at 127.0.0.1/38933] WARN  impl.MetricRegistriesImpl (MetricRegistriesImpl.java:addReporterRegistration(111)) - New reporters are added after registries were created. Some metrics will be missing from the reporter. Please add reporter before adding any new registry.
2023-03-29 22:44:41,079 [Listener at 127.0.0.1/38933] INFO  impl.MetricsSystemImpl (MetricsSystemImpl.java:init(158)) - HddsDatanode metrics system started (again)
2023-03-29 22:44:41,093 [Listener at 127.0.0.1/38933] INFO  ozone.HddsDatanodeService (HddsDatanodeService.java:start(249)) - HddsDatanodeService host:fv-az377-460 ip:10.1.0.40
2023-03-29 22:44:41,100 [org.apache.hadoop.util.JvmPauseMonitor$Monitor@3784ddcf] INFO  util.JvmPauseMonitor (JvmPauseMonitor.java:run(188)) - Starting JVM pause monitor
2023-03-29 22:44:41,107 [Datanode State Machine Task Thread - 0] INFO  datanode.InitDatanodeState (InitDatanodeState.java:persistContainerDatanodeDetails(138)) - DatanodeDetails is persisted to /home/runner/work/ozone/ozone/hadoop-ozone/integration-test/target/test-dir/MiniOzoneClusterImpl-bcbc84c2-519e-42a0-a817-fd35ffaa666a/datanode-1/meta/datanode.id
2023-03-29 22:44:41,130 [Listener at 127.0.0.1/38933] INFO  upgrade.AbstractLayoutVersionManager (AbstractLayoutVersionManager.java:init(83)) - Initializing Layout version manager with metadata layout = DATANODE_SCHEMA_V3 (version = 4), software layout = DATANODE_SCHEMA_V3 (version = 4)
2023-03-29 22:44:41,188 [Listener at 127.0.0.1/38933] INFO  reflections.Reflections (Reflections.java:scan(232)) - Reflections took 55 ms to scan 7 urls, producing 155 keys and 368 values 
2023-03-29 22:44:41,189 [Listener at 127.0.0.1/38933] INFO  statemachine.DatanodeStateMachine (DatanodeStateMachine.java:getEndPointTaskThreadPoolSize(260)) - Datanode State Machine Task Thread Pool size 2
2023-03-29 22:44:41,195 [Listener at 127.0.0.1/38933] INFO  volume.HddsVolume (HddsVolume.java:<init>(130)) - Creating HddsVolume: /home/runner/work/ozone/ozone/hadoop-ozone/integration-test/target/test-dir/MiniOzoneClusterImpl-bcbc84c2-519e-42a0-a817-fd35ffaa666a/datanode-2/data-0/containers/hdds of storage type : DISK capacity : 9223372036854775807
2023-03-29 22:44:41,195 [Listener at 127.0.0.1/38933] INFO  volume.MutableVolumeSet (MutableVolumeSet.java:initializeVolumeSet(175)) - Added Volume : /home/runner/work/ozone/ozone/hadoop-ozone/integration-test/target/test-dir/MiniOzoneClusterImpl-bcbc84c2-519e-42a0-a817-fd35ffaa666a/datanode-2/data-0/containers/hdds to VolumeSet
2023-03-29 22:44:41,196 [Listener at 127.0.0.1/38933] INFO  volume.ThrottledAsyncChecker (ThrottledAsyncChecker.java:schedule(141)) - Scheduling a check for /home/runner/work/ozone/ozone/hadoop-ozone/integration-test/target/test-dir/MiniOzoneClusterImpl-bcbc84c2-519e-42a0-a817-fd35ffaa666a/datanode-2/data-0/containers/hdds
2023-03-29 22:44:41,202 [Listener at 127.0.0.1/38933] INFO  volume.StorageVolumeChecker (StorageVolumeChecker.java:checkAllVolumes(202)) - Scheduled health check for volume /home/runner/work/ozone/ozone/hadoop-ozone/integration-test/target/test-dir/MiniOzoneClusterImpl-bcbc84c2-519e-42a0-a817-fd35ffaa666a/datanode-2/data-0/containers/hdds
2023-03-29 22:44:41,214 [Listener at 127.0.0.1/38933] INFO  volume.MutableVolumeSet (MutableVolumeSet.java:initializeVolumeSet(175)) - Added Volume : /home/runner/work/ozone/ozone/hadoop-ozone/integration-test/target/test-dir/MiniOzoneClusterImpl-bcbc84c2-519e-42a0-a817-fd35ffaa666a/datanode-2/data/ratis to VolumeSet
2023-03-29 22:44:41,215 [Listener at 127.0.0.1/38933] INFO  volume.ThrottledAsyncChecker (ThrottledAsyncChecker.java:schedule(141)) - Scheduling a check for /home/runner/work/ozone/ozone/hadoop-ozone/integration-test/target/test-dir/MiniOzoneClusterImpl-bcbc84c2-519e-42a0-a817-fd35ffaa666a/datanode-2/data/ratis
2023-03-29 22:44:41,215 [Listener at 127.0.0.1/38933] INFO  volume.StorageVolumeChecker (StorageVolumeChecker.java:checkAllVolumes(202)) - Scheduled health check for volume /home/runner/work/ozone/ozone/hadoop-ozone/integration-test/target/test-dir/MiniOzoneClusterImpl-bcbc84c2-519e-42a0-a817-fd35ffaa666a/datanode-2/data/ratis
2023-03-29 22:44:41,230 [Thread-281] INFO  ozoneimpl.ContainerReader (ContainerReader.java:readVolume(175)) - Finish verifying containers on volume /home/runner/work/ozone/ozone/hadoop-ozone/integration-test/target/test-dir/MiniOzoneClusterImpl-bcbc84c2-519e-42a0-a817-fd35ffaa666a/datanode-2/data-0/containers/hdds
2023-03-29 22:44:41,230 [Listener at 127.0.0.1/38933] INFO  ozoneimpl.OzoneContainer (OzoneContainer.java:buildContainerSet(303)) - Build ContainerSet costs 0s
2023-03-29 22:44:41,233 [Listener at 127.0.0.1/38933] INFO  server.RaftServer (ConfUtils.java:logGet(46)) - raft.rpc.type = GRPC (default)
2023-03-29 22:44:41,233 [Listener at 127.0.0.1/38933] INFO  grpc.GrpcConfigKeys (ConfUtils.java:logFallback(53)) - raft.grpc.admin.host = null (fallback to raft.grpc.server.host)
2023-03-29 22:44:41,233 [Listener at 127.0.0.1/38933] INFO  grpc.GrpcConfigKeys (ConfUtils.java:logGet(46)) - raft.grpc.admin.port = 0 (custom)
2023-03-29 22:44:41,234 [Listener at 127.0.0.1/38933] INFO  grpc.GrpcConfigKeys (ConfUtils.java:logFallback(53)) - raft.grpc.client.host = null (fallback to raft.grpc.server.host)
2023-03-29 22:44:41,234 [Listener at 127.0.0.1/38933] INFO  grpc.GrpcConfigKeys (ConfUtils.java:logGet(46)) - raft.grpc.client.port = 0 (custom)
2023-03-29 22:44:41,234 [Listener at 127.0.0.1/38933] INFO  grpc.GrpcConfigKeys (ConfUtils.java:logGet(46)) - raft.grpc.server.host = null (default)
2023-03-29 22:44:41,234 [Listener at 127.0.0.1/38933] INFO  grpc.GrpcConfigKeys (ConfUtils.java:logGet(46)) - raft.grpc.server.port = 0 (default)
2023-03-29 22:44:41,234 [Listener at 127.0.0.1/38933] INFO  server.GrpcService (ConfUtils.java:logGet(46)) - raft.grpc.message.size.max = 32MB (=33554432) (custom)
2023-03-29 22:44:41,234 [Listener at 127.0.0.1/38933] INFO  server.RaftServerConfigKeys (ConfUtils.java:logGet(46)) - raft.server.log.appender.buffer.byte-limit = 33554432 (custom)
2023-03-29 22:44:41,234 [Listener at 127.0.0.1/38933] INFO  server.GrpcService (ConfUtils.java:logGet(46)) - raft.grpc.flow.control.window = 5MB (=5242880) (custom)
2023-03-29 22:44:41,235 [Listener at 127.0.0.1/38933] INFO  server.RaftServerConfigKeys (ConfUtils.java:logGet(46)) - raft.server.rpc.request.timeout = 60s (custom)
2023-03-29 22:44:41,235 [Listener at 127.0.0.1/38933] INFO  grpc.GrpcConfigKeys (ConfUtils.java:logGet(46)) - raft.grpc.server.heartbeat.channel = true (default)
2023-03-29 22:44:41,235 [Listener at 127.0.0.1/38933] INFO  grpc.GrpcConfigKeys (ConfUtils.java:logGet(46)) - raft.grpc.server.async.request.thread.pool.cached = true (default)
2023-03-29 22:44:41,235 [Listener at 127.0.0.1/38933] INFO  grpc.GrpcConfigKeys (ConfUtils.java:logGet(46)) - raft.grpc.server.async.request.thread.pool.size = 32 (default)
2023-03-29 22:44:41,236 [Listener at 127.0.0.1/38933] INFO  impl.DataStreamServerImpl (ConfUtils.java:logGet(46)) - raft.datastream.type = NETTY (custom)
2023-03-29 22:44:41,237 [Listener at 127.0.0.1/38933] INFO  server.RaftServerConfigKeys (ConfUtils.java:logGet(46)) - raft.server.data-stream.async.request.thread.pool.cached = false (default)
2023-03-29 22:44:41,237 [Listener at 127.0.0.1/38933] INFO  server.RaftServerConfigKeys (ConfUtils.java:logGet(46)) - raft.server.data-stream.async.request.thread.pool.size = 20 (custom)
2023-03-29 22:44:41,237 [Listener at 127.0.0.1/38933] INFO  server.RaftServerConfigKeys (ConfUtils.java:logGet(46)) - raft.server.data-stream.async.write.thread.pool.size = 16 (default)
2023-03-29 22:44:41,237 [Listener at 127.0.0.1/38933] INFO  server.RaftServerConfigKeys (ConfUtils.java:logGet(46)) - raft.server.data-stream.client.pool.size = 10 (default)
2023-03-29 22:44:41,237 [Listener at 127.0.0.1/38933] INFO  netty.NettyConfigKeys$DataStream (ConfUtils.java:logGet(46)) - raft.netty.dataStream.server.use-epoll = false (default)
2023-03-29 22:44:41,237 [Listener at 127.0.0.1/38933] INFO  netty.NettyConfigKeys$DataStream (ConfUtils.java:logGet(46)) - raft.netty.dataStream.server.boss-group.size = 0 (default)
2023-03-29 22:44:41,238 [Listener at 127.0.0.1/38933] INFO  netty.NettyConfigKeys$DataStream (ConfUtils.java:logGet(46)) - raft.netty.dataStream.server.worker-group.size = 0 (default)
2023-03-29 22:44:41,238 [Listener at 127.0.0.1/38933] INFO  netty.NettyConfigKeys$DataStream (ConfUtils.java:logGet(46)) - raft.netty.dataStream.server.tls.conf = null (default)
2023-03-29 22:44:41,238 [Listener at 127.0.0.1/38933] INFO  netty.NettyConfigKeys$DataStream (ConfUtils.java:logGet(46)) - raft.netty.dataStream.host = null (default)
2023-03-29 22:44:41,239 [Listener at 127.0.0.1/38933] INFO  netty.NettyConfigKeys$DataStream (ConfUtils.java:logGet(46)) - raft.netty.dataStream.port = 0 (default)
2023-03-29 22:44:41,239 [Listener at 127.0.0.1/38933] INFO  server.RaftServerConfigKeys (ConfUtils.java:logGet(46)) - raft.server.threadpool.proxy.cached = true (default)
2023-03-29 22:44:41,239 [Listener at 127.0.0.1/38933] INFO  server.RaftServerConfigKeys (ConfUtils.java:logGet(46)) - raft.server.threadpool.proxy.size = 0 (default)
2023-03-29 22:44:41,239 [Listener at 127.0.0.1/38933] INFO  server.RaftServerConfigKeys (ConfUtils.java:logGet(46)) - raft.server.rpc.slowness.timeout = 300s (custom)
2023-03-29 22:44:41,240 [Listener at 127.0.0.1/38933] INFO  server.RaftServerConfigKeys (ConfUtils.java:logGet(46)) - raft.server.leaderelection.leader.step-down.wait-time = 10s (default)
2023-03-29 22:44:41,240 [Listener at 127.0.0.1/38933] INFO  server.RaftServerConfigKeys (ConfUtils.java:logGet(46)) - raft.server.storage.dir = [/home/runner/work/ozone/ozone/hadoop-ozone/integration-test/target/test-dir/MiniOzoneClusterImpl-bcbc84c2-519e-42a0-a817-fd35ffaa666a/datanode-2/data/ratis] (custom)
2023-03-29 22:44:41,241 [9b024938-399e-4224-b1ed-691dfeb324e1-NettyServerStreamRpc-bossGroup--thread1] INFO  logging.LoggingHandler (AbstractInternalLogger.java:log(148)) - [id: 0x420cf7f0] REGISTERED
2023-03-29 22:44:41,241 [9b024938-399e-4224-b1ed-691dfeb324e1-NettyServerStreamRpc-bossGroup--thread1] INFO  logging.LoggingHandler (AbstractInternalLogger.java:log(148)) - [id: 0x420cf7f0] BIND: 0.0.0.0/0.0.0.0:0
2023-03-29 22:44:41,241 [9b024938-399e-4224-b1ed-691dfeb324e1-NettyServerStreamRpc-bossGroup--thread1] INFO  logging.LoggingHandler (AbstractInternalLogger.java:log(148)) - [id: 0x420cf7f0, L:/0:0:0:0:0:0:0:0:34389] ACTIVE
2023-03-29 22:44:41,243 [Listener at 127.0.0.1/38933] INFO  server.XceiverServerGrpc (XceiverServerGrpc.java:<init>(132)) - GrpcServer channel type EpollServerSocketChannel
2023-03-29 22:44:41,247 [Listener at 127.0.0.1/38933] INFO  http.BaseHttpServer (BaseHttpServer.java:newHttpServer2BuilderForOzone(224)) - Starting Web-server for hddsDatanode at: http://0.0.0.0:0
2023-03-29 22:44:41,247 [Listener at 127.0.0.1/38933] INFO  http.BaseHttpServer (BaseHttpServer.java:<init>(111)) - Hadoop Security Enabled: false Ozone Security Enabled: false Ozone HTTP Security Enabled: false 
2023-03-29 22:44:41,248 [Listener at 127.0.0.1/38933] WARN  server.AuthenticationFilter (AuthenticationFilter.java:constructSecretProvider(240)) - Unable to initialize FileSignerSecretProvider, falling back to use random secrets. Reason: Could not read signature secret file: /home/runner/hadoop-http-auth-signature-secret
2023-03-29 22:44:41,253 [Listener at 127.0.0.1/38933] WARN  http.HttpRequestLog (HttpRequestLog.java:getRequestLog(103)) - Jetty request log can only be enabled using Log4j
2023-03-29 22:44:41,255 [Listener at 127.0.0.1/38933] INFO  http.HttpServer2 (HttpServer2.java:addGlobalFilter(1031)) - Added global filter 'safety' (class=org.apache.hadoop.hdds.server.http.HttpServer2$QuotingInputFilter)
2023-03-29 22:44:41,255 [Listener at 127.0.0.1/38933] INFO  http.HttpServer2 (HttpServer2.java:addFilter(1007)) - Added filter static_user_filter (class=org.apache.hadoop.http.lib.StaticUserWebFilter$StaticUserFilter) to context hddsDatanode
2023-03-29 22:44:41,255 [Listener at 127.0.0.1/38933] INFO  http.HttpServer2 (HttpServer2.java:addFilter(1015)) - Added filter static_user_filter (class=org.apache.hadoop.http.lib.StaticUserWebFilter$StaticUserFilter) to context static
2023-03-29 22:44:41,256 [Listener at 127.0.0.1/38933] INFO  http.HttpServer2 (HttpServer2.java:addFilter(1015)) - Added filter static_user_filter (class=org.apache.hadoop.http.lib.StaticUserWebFilter$StaticUserFilter) to context logs
2023-03-29 22:44:41,256 [Listener at 127.0.0.1/38933] INFO  http.BaseHttpServer (BaseHttpServer.java:<init>(190)) - HTTP server of hddsDatanode uses base directory /home/runner/work/ozone/ozone/hadoop-ozone/integration-test/target/test-dir/MiniOzoneClusterImpl-bcbc84c2-519e-42a0-a817-fd35ffaa666a/datanode-2/meta/webserver
2023-03-29 22:44:41,257 [Listener at 127.0.0.1/38933] INFO  http.HttpServer2 (HttpServer2.java:bindListener(1250)) - Jetty bound to port 45413
2023-03-29 22:44:41,257 [Listener at 127.0.0.1/38933] INFO  server.Server (Server.java:doStart(375)) - jetty-9.4.49.v20220914; built: 2022-09-14T01:07:36.601Z; git: 4231a3b2e4cb8548a412a789936d640a97b1aa0a; jvm 1.8.0_362-b09
2023-03-29 22:44:41,259 [Listener at 127.0.0.1/38933] INFO  server.session (DefaultSessionIdManager.java:doStart(334)) - DefaultSessionIdManager workerName=node0
2023-03-29 22:44:41,259 [Listener at 127.0.0.1/38933] INFO  server.session (DefaultSessionIdManager.java:doStart(339)) - No SessionScavenger set, using defaults
2023-03-29 22:44:41,260 [Listener at 127.0.0.1/38933] INFO  server.session (HouseKeeper.java:startScavenging(132)) - node0 Scavenging every 600000ms
2023-03-29 22:44:41,261 [Listener at 127.0.0.1/38933] INFO  handler.ContextHandler (ContextHandler.java:doStart(921)) - Started o.e.j.s.ServletContextHandler@7296661b{logs,/logs,file:///home/runner/work/ozone/ozone/hadoop-ozone/integration-test/target/log,AVAILABLE}
2023-03-29 22:44:41,261 [Listener at 127.0.0.1/38933] INFO  handler.ContextHandler (ContextHandler.java:doStart(921)) - Started o.e.j.s.ServletContextHandler@6cc4aa3d{static,/static,jar:file:/home/runner/.m2/repository/org/apache/ozone/hdds-container-service/1.4.0-SNAPSHOT/hdds-container-service-1.4.0-SNAPSHOT.jar!/webapps/static,AVAILABLE}
2023-03-29 22:44:41,482 [Listener at 127.0.0.1/38933] INFO  handler.ContextHandler (ContextHandler.java:doStart(921)) - Started o.e.j.w.WebAppContext@3961c19f{hddsDatanode,/,file:///home/runner/work/ozone/ozone/hadoop-ozone/integration-test/target/test-dir/MiniOzoneClusterImpl-bcbc84c2-519e-42a0-a817-fd35ffaa666a/datanode-2/meta/webserver/jetty-0_0_0_0-45413-hdds-container-service-1_4_0-SNAPSHOT_jar-_-any-8568234422243853848/webapp/,AVAILABLE}{jar:file:/home/runner/.m2/repository/org/apache/ozone/hdds-container-service/1.4.0-SNAPSHOT/hdds-container-service-1.4.0-SNAPSHOT.jar!/webapps/hddsDatanode}
2023-03-29 22:44:41,486 [Listener at 127.0.0.1/38933] INFO  server.AbstractConnector (AbstractConnector.java:doStart(333)) - Started ServerConnector@2fd93b7f{HTTP/1.1, (http/1.1)}{0.0.0.0:45413}
2023-03-29 22:44:41,486 [Listener at 127.0.0.1/38933] INFO  server.Server (Server.java:doStart(415)) - Started @13122ms
2023-03-29 22:44:41,486 [Listener at 127.0.0.1/38933] WARN  impl.MetricsSystemImpl (MetricsSystemImpl.java:register(279)) - Sink prometheus already exists!
2023-03-29 22:44:41,489 [Listener at 127.0.0.1/38933] INFO  http.BaseHttpServer (BaseHttpServer.java:updateConnectorAddress(344)) - HTTP server of hddsDatanode listening at http://0.0.0.0:45413
2023-03-29 22:44:41,490 [Datanode State Machine Daemon Thread] INFO  statemachine.DatanodeStateMachine (DatanodeStateMachine.java:lambda$startDaemon$0(517)) - Ozone container server started.
2023-03-29 22:44:41,504 [Datanode State Machine Task Thread - 0] INFO  datanode.InitDatanodeState (InitDatanodeState.java:persistContainerDatanodeDetails(138)) - DatanodeDetails is persisted to /home/runner/work/ozone/ozone/hadoop-ozone/integration-test/target/test-dir/MiniOzoneClusterImpl-bcbc84c2-519e-42a0-a817-fd35ffaa666a/datanode-2/meta/datanode.id
2023-03-29 22:44:41,505 [Listener at 127.0.0.1/38933] INFO  ozone.MiniOzoneClusterImpl (MiniOzoneClusterImpl.java:lambda$waitForClusterToBeReady$0(222)) - Waiting for nodes to be ready. Got 0 of 3 DN Heartbeats.
2023-03-29 22:44:41,506 [Listener at 127.0.0.1/38933] INFO  ozone.MiniOzoneClusterImpl (MiniOzoneClusterImpl.java:lambda$waitForClusterToBeReady$0(225)) - Waiting for cluster to exit safe mode
2023-03-29 22:44:41,506 [Listener at 127.0.0.1/38933] INFO  ozone.MiniOzoneClusterImpl (MiniOzoneClusterImpl.java:lambda$waitForClusterToBeReady$0(227)) - SCM became leader
2023-03-29 22:44:41,506 [org.apache.hadoop.util.JvmPauseMonitor$Monitor@2b7af9d4] INFO  util.JvmPauseMonitor (JvmPauseMonitor.java:run(188)) - Starting JVM pause monitor
2023-03-29 22:44:42,506 [Listener at 127.0.0.1/38933] INFO  ozone.MiniOzoneClusterImpl (MiniOzoneClusterImpl.java:lambda$waitForClusterToBeReady$0(222)) - Waiting for nodes to be ready. Got 0 of 3 DN Heartbeats.
2023-03-29 22:44:42,506 [Listener at 127.0.0.1/38933] INFO  ozone.MiniOzoneClusterImpl (MiniOzoneClusterImpl.java:lambda$waitForClusterToBeReady$0(225)) - Waiting for cluster to exit safe mode
2023-03-29 22:44:42,506 [Listener at 127.0.0.1/38933] INFO  ozone.MiniOzoneClusterImpl (MiniOzoneClusterImpl.java:lambda$waitForClusterToBeReady$0(227)) - SCM became leader
2023-03-29 22:44:42,870 [EndpointStateMachine task thread for /0.0.0.0:44471 - 0 ] INFO  utils.DatanodeStoreCache (DatanodeStoreCache.java:addDB(58)) - Added db /home/runner/work/ozone/ozone/hadoop-ozone/integration-test/target/test-dir/MiniOzoneClusterImpl-bcbc84c2-519e-42a0-a817-fd35ffaa666a/datanode-0/data-0/containers/hdds/bcbc84c2-519e-42a0-a817-fd35ffaa666a/DS-d9c6465e-605b-4ae7-b8e5-441bd5c72405/container.db to cache
2023-03-29 22:44:42,870 [EndpointStateMachine task thread for /0.0.0.0:44471 - 0 ] INFO  volume.HddsVolume (HddsVolume.java:createDbStore(350)) - SchemaV3 db is created and loaded at /home/runner/work/ozone/ozone/hadoop-ozone/integration-test/target/test-dir/MiniOzoneClusterImpl-bcbc84c2-519e-42a0-a817-fd35ffaa666a/datanode-0/data-0/containers/hdds/bcbc84c2-519e-42a0-a817-fd35ffaa666a/DS-d9c6465e-605b-4ae7-b8e5-441bd5c72405/container.db for volume DS-d9c6465e-605b-4ae7-b8e5-441bd5c72405
2023-03-29 22:44:42,872 [EndpointStateMachine task thread for /0.0.0.0:44471 - 0 ] INFO  ozoneimpl.OzoneContainer (OzoneContainer.java:start(397)) - Attempting to start container services.
2023-03-29 22:44:42,877 [EndpointStateMachine task thread for /0.0.0.0:44471 - 0 ] INFO  ozoneimpl.OzoneContainer (OzoneContainer.java:startContainerScrub(314)) - Scheduled background container scanners and the on-demand container scanner have been disabled.
2023-03-29 22:44:42,879 [EndpointStateMachine task thread for /0.0.0.0:44471 - 0 ] INFO  replication.ReplicationServer (ReplicationServer.java:start(109)) - ReplicationServer is started using port 42985
2023-03-29 22:44:42,881 [EndpointStateMachine task thread for /0.0.0.0:44471 - 0 ] INFO  ratis.XceiverServerRatis (XceiverServerRatis.java:start(517)) - Starting XceiverServerRatis e2c212f3-f97c-4b95-9960-0e6b8b9bb499
2023-03-29 22:44:42,882 [EndpointStateMachine task thread for /0.0.0.0:44471 - 0 ] INFO  server.RaftServer (RaftServerProxy.java:startImpl(393)) - e2c212f3-f97c-4b95-9960-0e6b8b9bb499: start RPC server
2023-03-29 22:44:42,887 [EndpointStateMachine task thread for /0.0.0.0:44471 - 0 ] INFO  server.GrpcService (GrpcService.java:startImpl(262)) - e2c212f3-f97c-4b95-9960-0e6b8b9bb499: GrpcService started, listening on 46101
2023-03-29 22:44:42,887 [EndpointStateMachine task thread for /0.0.0.0:44471 - 0 ] INFO  ratis.XceiverServerRatis (XceiverServerRatis.java:getRealPort(543)) - XceiverServerRatis e2c212f3-f97c-4b95-9960-0e6b8b9bb499 is started using port 46101 for RATIS
2023-03-29 22:44:42,887 [EndpointStateMachine task thread for /0.0.0.0:44471 - 0 ] INFO  ratis.XceiverServerRatis (XceiverServerRatis.java:getRealPort(543)) - XceiverServerRatis e2c212f3-f97c-4b95-9960-0e6b8b9bb499 is started using port 46101 for RATIS_ADMIN
2023-03-29 22:44:42,888 [EndpointStateMachine task thread for /0.0.0.0:44471 - 0 ] INFO  ratis.XceiverServerRatis (XceiverServerRatis.java:getRealPort(543)) - XceiverServerRatis e2c212f3-f97c-4b95-9960-0e6b8b9bb499 is started using port 46101 for RATIS_SERVER
2023-03-29 22:44:42,888 [EndpointStateMachine task thread for /0.0.0.0:44471 - 0 ] INFO  ratis.XceiverServerRatis (XceiverServerRatis.java:getRealPort(543)) - XceiverServerRatis e2c212f3-f97c-4b95-9960-0e6b8b9bb499 is started using port 41817 for RATIS_DATASTREAM
2023-03-29 22:44:42,889 [JvmPauseMonitor3] INFO  util.JvmPauseMonitor (JvmPauseMonitor.java:run(105)) - JvmPauseMonitor-e2c212f3-f97c-4b95-9960-0e6b8b9bb499: Started
2023-03-29 22:44:42,891 [EndpointStateMachine task thread for /0.0.0.0:44471 - 0 ] INFO  server.XceiverServerGrpc (XceiverServerGrpc.java:start(180)) - XceiverServerGrpc e2c212f3-f97c-4b95-9960-0e6b8b9bb499 is started using port 35757
2023-03-29 22:44:42,897 [BlockDeletingService#0] INFO  interfaces.ContainerDeletionChoosingPolicyTemplate (ContainerDeletionChoosingPolicyTemplate.java:chooseContainerForBlockDeletion(83)) - Chosen 0/5000 blocks from 0 candidate containers.
2023-03-29 22:44:43,144 [EndpointStateMachine task thread for /0.0.0.0:44471 - 0 ] INFO  utils.DatanodeStoreCache (DatanodeStoreCache.java:addDB(58)) - Added db /home/runner/work/ozone/ozone/hadoop-ozone/integration-test/target/test-dir/MiniOzoneClusterImpl-bcbc84c2-519e-42a0-a817-fd35ffaa666a/datanode-1/data-0/containers/hdds/bcbc84c2-519e-42a0-a817-fd35ffaa666a/DS-c2f53d54-1581-4cbe-a12d-d26270ea6404/container.db to cache
2023-03-29 22:44:43,144 [EndpointStateMachine task thread for /0.0.0.0:44471 - 0 ] INFO  volume.HddsVolume (HddsVolume.java:createDbStore(350)) - SchemaV3 db is created and loaded at /home/runner/work/ozone/ozone/hadoop-ozone/integration-test/target/test-dir/MiniOzoneClusterImpl-bcbc84c2-519e-42a0-a817-fd35ffaa666a/datanode-1/data-0/containers/hdds/bcbc84c2-519e-42a0-a817-fd35ffaa666a/DS-c2f53d54-1581-4cbe-a12d-d26270ea6404/container.db for volume DS-c2f53d54-1581-4cbe-a12d-d26270ea6404
2023-03-29 22:44:43,145 [EndpointStateMachine task thread for /0.0.0.0:44471 - 0 ] INFO  ozoneimpl.OzoneContainer (OzoneContainer.java:start(397)) - Attempting to start container services.
2023-03-29 22:44:43,145 [EndpointStateMachine task thread for /0.0.0.0:44471 - 0 ] INFO  ozoneimpl.OzoneContainer (OzoneContainer.java:startContainerScrub(314)) - Scheduled background container scanners and the on-demand container scanner have been disabled.
2023-03-29 22:44:43,147 [EndpointStateMachine task thread for /0.0.0.0:44471 - 0 ] INFO  replication.ReplicationServer (ReplicationServer.java:start(109)) - ReplicationServer is started using port 35197
2023-03-29 22:44:43,148 [EndpointStateMachine task thread for /0.0.0.0:44471 - 0 ] INFO  ratis.XceiverServerRatis (XceiverServerRatis.java:start(517)) - Starting XceiverServerRatis c28f674d-4a3a-4611-831e-e7d010a6b2ef
2023-03-29 22:44:43,149 [EndpointStateMachine task thread for /0.0.0.0:44471 - 0 ] INFO  server.RaftServer (RaftServerProxy.java:startImpl(393)) - c28f674d-4a3a-4611-831e-e7d010a6b2ef: start RPC server
2023-03-29 22:44:43,152 [EndpointStateMachine task thread for /0.0.0.0:44471 - 0 ] INFO  server.GrpcService (GrpcService.java:startImpl(262)) - c28f674d-4a3a-4611-831e-e7d010a6b2ef: GrpcService started, listening on 38199
2023-03-29 22:44:43,152 [EndpointStateMachine task thread for /0.0.0.0:44471 - 0 ] INFO  ratis.XceiverServerRatis (XceiverServerRatis.java:getRealPort(543)) - XceiverServerRatis c28f674d-4a3a-4611-831e-e7d010a6b2ef is started using port 38199 for RATIS
2023-03-29 22:44:43,152 [EndpointStateMachine task thread for /0.0.0.0:44471 - 0 ] INFO  ratis.XceiverServerRatis (XceiverServerRatis.java:getRealPort(543)) - XceiverServerRatis c28f674d-4a3a-4611-831e-e7d010a6b2ef is started using port 38199 for RATIS_ADMIN
2023-03-29 22:44:43,152 [EndpointStateMachine task thread for /0.0.0.0:44471 - 0 ] INFO  ratis.XceiverServerRatis (XceiverServerRatis.java:getRealPort(543)) - XceiverServerRatis c28f674d-4a3a-4611-831e-e7d010a6b2ef is started using port 38199 for RATIS_SERVER
2023-03-29 22:44:43,153 [EndpointStateMachine task thread for /0.0.0.0:44471 - 0 ] INFO  ratis.XceiverServerRatis (XceiverServerRatis.java:getRealPort(543)) - XceiverServerRatis c28f674d-4a3a-4611-831e-e7d010a6b2ef is started using port 46543 for RATIS_DATASTREAM
2023-03-29 22:44:43,153 [JvmPauseMonitor4] INFO  util.JvmPauseMonitor (JvmPauseMonitor.java:run(105)) - JvmPauseMonitor-c28f674d-4a3a-4611-831e-e7d010a6b2ef: Started
2023-03-29 22:44:43,155 [EndpointStateMachine task thread for /0.0.0.0:44471 - 0 ] INFO  server.XceiverServerGrpc (XceiverServerGrpc.java:start(180)) - XceiverServerGrpc c28f674d-4a3a-4611-831e-e7d010a6b2ef is started using port 43319
2023-03-29 22:44:43,157 [BlockDeletingService#0] INFO  interfaces.ContainerDeletionChoosingPolicyTemplate (ContainerDeletionChoosingPolicyTemplate.java:chooseContainerForBlockDeletion(83)) - Chosen 0/5000 blocks from 0 candidate containers.
2023-03-29 22:44:43,507 [Listener at 127.0.0.1/38933] INFO  ozone.MiniOzoneClusterImpl (MiniOzoneClusterImpl.java:lambda$waitForClusterToBeReady$0(222)) - Waiting for nodes to be ready. Got 0 of 3 DN Heartbeats.
2023-03-29 22:44:43,507 [Listener at 127.0.0.1/38933] INFO  ozone.MiniOzoneClusterImpl (MiniOzoneClusterImpl.java:lambda$waitForClusterToBeReady$0(225)) - Waiting for cluster to exit safe mode
2023-03-29 22:44:43,507 [Listener at 127.0.0.1/38933] INFO  ozone.MiniOzoneClusterImpl (MiniOzoneClusterImpl.java:lambda$waitForClusterToBeReady$0(227)) - SCM became leader
2023-03-29 22:44:43,541 [EndpointStateMachine task thread for /0.0.0.0:44471 - 0 ] INFO  utils.DatanodeStoreCache (DatanodeStoreCache.java:addDB(58)) - Added db /home/runner/work/ozone/ozone/hadoop-ozone/integration-test/target/test-dir/MiniOzoneClusterImpl-bcbc84c2-519e-42a0-a817-fd35ffaa666a/datanode-2/data-0/containers/hdds/bcbc84c2-519e-42a0-a817-fd35ffaa666a/DS-cc22a916-90bb-4224-9fee-64d6066b6c59/container.db to cache
2023-03-29 22:44:43,542 [EndpointStateMachine task thread for /0.0.0.0:44471 - 0 ] INFO  volume.HddsVolume (HddsVolume.java:createDbStore(350)) - SchemaV3 db is created and loaded at /home/runner/work/ozone/ozone/hadoop-ozone/integration-test/target/test-dir/MiniOzoneClusterImpl-bcbc84c2-519e-42a0-a817-fd35ffaa666a/datanode-2/data-0/containers/hdds/bcbc84c2-519e-42a0-a817-fd35ffaa666a/DS-cc22a916-90bb-4224-9fee-64d6066b6c59/container.db for volume DS-cc22a916-90bb-4224-9fee-64d6066b6c59
2023-03-29 22:44:43,542 [EndpointStateMachine task thread for /0.0.0.0:44471 - 0 ] INFO  ozoneimpl.OzoneContainer (OzoneContainer.java:start(397)) - Attempting to start container services.
2023-03-29 22:44:43,543 [EndpointStateMachine task thread for /0.0.0.0:44471 - 0 ] INFO  ozoneimpl.OzoneContainer (OzoneContainer.java:startContainerScrub(314)) - Scheduled background container scanners and the on-demand container scanner have been disabled.
2023-03-29 22:44:43,546 [EndpointStateMachine task thread for /0.0.0.0:44471 - 0 ] INFO  replication.ReplicationServer (ReplicationServer.java:start(109)) - ReplicationServer is started using port 38239
2023-03-29 22:44:43,546 [EndpointStateMachine task thread for /0.0.0.0:44471 - 0 ] INFO  ratis.XceiverServerRatis (XceiverServerRatis.java:start(517)) - Starting XceiverServerRatis 9b024938-399e-4224-b1ed-691dfeb324e1
2023-03-29 22:44:43,547 [EndpointStateMachine task thread for /0.0.0.0:44471 - 0 ] INFO  server.RaftServer (RaftServerProxy.java:startImpl(393)) - 9b024938-399e-4224-b1ed-691dfeb324e1: start RPC server
2023-03-29 22:44:43,549 [EndpointStateMachine task thread for /0.0.0.0:44471 - 0 ] INFO  server.GrpcService (GrpcService.java:startImpl(262)) - 9b024938-399e-4224-b1ed-691dfeb324e1: GrpcService started, listening on 43659
2023-03-29 22:44:43,549 [EndpointStateMachine task thread for /0.0.0.0:44471 - 0 ] INFO  ratis.XceiverServerRatis (XceiverServerRatis.java:getRealPort(543)) - XceiverServerRatis 9b024938-399e-4224-b1ed-691dfeb324e1 is started using port 43659 for RATIS
2023-03-29 22:44:43,549 [EndpointStateMachine task thread for /0.0.0.0:44471 - 0 ] INFO  ratis.XceiverServerRatis (XceiverServerRatis.java:getRealPort(543)) - XceiverServerRatis 9b024938-399e-4224-b1ed-691dfeb324e1 is started using port 43659 for RATIS_ADMIN
2023-03-29 22:44:43,549 [EndpointStateMachine task thread for /0.0.0.0:44471 - 0 ] INFO  ratis.XceiverServerRatis (XceiverServerRatis.java:getRealPort(543)) - XceiverServerRatis 9b024938-399e-4224-b1ed-691dfeb324e1 is started using port 43659 for RATIS_SERVER
2023-03-29 22:44:43,549 [EndpointStateMachine task thread for /0.0.0.0:44471 - 0 ] INFO  ratis.XceiverServerRatis (XceiverServerRatis.java:getRealPort(543)) - XceiverServerRatis 9b024938-399e-4224-b1ed-691dfeb324e1 is started using port 34389 for RATIS_DATASTREAM
2023-03-29 22:44:43,550 [JvmPauseMonitor5] INFO  util.JvmPauseMonitor (JvmPauseMonitor.java:run(105)) - JvmPauseMonitor-9b024938-399e-4224-b1ed-691dfeb324e1: Started
2023-03-29 22:44:43,554 [EndpointStateMachine task thread for /0.0.0.0:44471 - 0 ] INFO  server.XceiverServerGrpc (XceiverServerGrpc.java:start(180)) - XceiverServerGrpc 9b024938-399e-4224-b1ed-691dfeb324e1 is started using port 39745
2023-03-29 22:44:43,560 [BlockDeletingService#0] INFO  interfaces.ContainerDeletionChoosingPolicyTemplate (ContainerDeletionChoosingPolicyTemplate.java:chooseContainerForBlockDeletion(83)) - Chosen 0/5000 blocks from 0 candidate containers.
2023-03-29 22:44:44,507 [Listener at 127.0.0.1/38933] INFO  ozone.MiniOzoneClusterImpl (MiniOzoneClusterImpl.java:lambda$waitForClusterToBeReady$0(222)) - Waiting for nodes to be ready. Got 0 of 3 DN Heartbeats.
2023-03-29 22:44:44,507 [Listener at 127.0.0.1/38933] INFO  ozone.MiniOzoneClusterImpl (MiniOzoneClusterImpl.java:lambda$waitForClusterToBeReady$0(225)) - Waiting for cluster to exit safe mode
2023-03-29 22:44:44,508 [Listener at 127.0.0.1/38933] INFO  ozone.MiniOzoneClusterImpl (MiniOzoneClusterImpl.java:lambda$waitForClusterToBeReady$0(227)) - SCM became leader
2023-03-29 22:44:44,712 [IPC Server handler 6 on default port 44471] INFO  net.NetworkTopologyImpl (NetworkTopologyImpl.java:add(112)) - Added a new node: /default-rack/e2c212f3-f97c-4b95-9960-0e6b8b9bb499
2023-03-29 22:44:44,715 [IPC Server handler 6 on default port 44471] INFO  node.SCMNodeManager (SCMNodeManager.java:register(404)) - Registered Data node : e2c212f3-f97c-4b95-9960-0e6b8b9bb499{ip: 10.1.0.40, host: fv-az377-460, ports: [REPLICATION=42985, RATIS=46101, RATIS_ADMIN=46101, RATIS_SERVER=46101, RATIS_DATASTREAM=41817, STANDALONE=35757], networkLocation: /default-rack, certSerialId: null, persistedOpState: null, persistedOpStateExpiryEpochSec: 0}
2023-03-29 22:44:44,720 [EventQueue-NewNodeForNewNodeHandler] INFO  pipeline.BackgroundPipelineCreator (BackgroundPipelineCreator.java:notifyEventTriggered(276)) - trigger a one-shot run on RatisPipelineUtilsThread.
2023-03-29 22:44:44,721 [EventQueue-NodeRegistrationContainerReportForContainerSafeModeRule] INFO  safemode.SCMSafeModeManager (SCMSafeModeManager.java:validateSafeModeExitRules(200)) - ContainerSafeModeRule rule is successfully validated
2023-03-29 22:44:44,727 [EventQueue-NodeRegistrationContainerReportForDataNodeSafeModeRule] INFO  safemode.SCMSafeModeManager (DataNodeSafeModeRule.java:process(71)) - SCM in safe mode. 1 DataNodes registered, 3 required.
2023-03-29 22:44:44,729 [RatisPipelineUtilsThread - 0] INFO  pipeline.RatisPipelineProvider (RatisPipelineProvider.java:lambda$create$0(206)) - Sending CreatePipelineCommand for pipeline:PipelineID=1c7758a1-6cfc-4365-b996-31ca30e27658 to datanode:e2c212f3-f97c-4b95-9960-0e6b8b9bb499
2023-03-29 22:44:44,732 [EventQueue-PipelineReportForOneReplicaPipelineSafeModeRule] INFO  safemode.SCMSafeModeManager (SCMSafeModeManager.java:validateSafeModeExitRules(200)) - AtleastOneDatanodeReportedRule rule is successfully validated
2023-03-29 22:44:44,743 [RatisPipelineUtilsThread - 0] INFO  pipeline.PipelineStateManagerImpl (PipelineStateManagerImpl.java:addPipeline(103)) - Created pipeline Pipeline[ Id: 1c7758a1-6cfc-4365-b996-31ca30e27658, Nodes: e2c212f3-f97c-4b95-9960-0e6b8b9bb499(fv-az377-460/10.1.0.40), ReplicationConfig: RATIS/ONE, State:ALLOCATED, leaderId:, CreationTimestamp2023-03-29T22:44:44.727Z[Etc/UTC]].
2023-03-29 22:44:45,101 [IPC Server handler 0 on default port 44471] INFO  net.NetworkTopologyImpl (NetworkTopologyImpl.java:add(112)) - Added a new node: /default-rack/c28f674d-4a3a-4611-831e-e7d010a6b2ef
2023-03-29 22:44:45,102 [IPC Server handler 0 on default port 44471] INFO  node.SCMNodeManager (SCMNodeManager.java:register(404)) - Registered Data node : c28f674d-4a3a-4611-831e-e7d010a6b2ef{ip: 10.1.0.40, host: fv-az377-460, ports: [REPLICATION=35197, RATIS=38199, RATIS_ADMIN=38199, RATIS_SERVER=38199, RATIS_DATASTREAM=46543, STANDALONE=43319], networkLocation: /default-rack, certSerialId: null, persistedOpState: null, persistedOpStateExpiryEpochSec: 0}
2023-03-29 22:44:45,103 [EventQueue-NewNodeForNewNodeHandler] INFO  pipeline.BackgroundPipelineCreator (BackgroundPipelineCreator.java:notifyEventTriggered(276)) - trigger a one-shot run on RatisPipelineUtilsThread.
2023-03-29 22:44:45,103 [EventQueue-NodeRegistrationContainerReportForDataNodeSafeModeRule] INFO  safemode.SCMSafeModeManager (DataNodeSafeModeRule.java:process(71)) - SCM in safe mode. 2 DataNodes registered, 3 required.
2023-03-29 22:44:45,104 [RatisPipelineUtilsThread - 0] INFO  pipeline.RatisPipelineProvider (RatisPipelineProvider.java:lambda$create$0(206)) - Sending CreatePipelineCommand for pipeline:PipelineID=09fca888-0dde-4d17-808e-ae24d76c8237 to datanode:c28f674d-4a3a-4611-831e-e7d010a6b2ef
2023-03-29 22:44:45,104 [RatisPipelineUtilsThread - 0] INFO  pipeline.PipelineStateManagerImpl (PipelineStateManagerImpl.java:addPipeline(103)) - Created pipeline Pipeline[ Id: 09fca888-0dde-4d17-808e-ae24d76c8237, Nodes: c28f674d-4a3a-4611-831e-e7d010a6b2ef(fv-az377-460/10.1.0.40), ReplicationConfig: RATIS/ONE, State:ALLOCATED, leaderId:, CreationTimestamp2023-03-29T22:44:45.104Z[Etc/UTC]].
2023-03-29 22:44:45,505 [IPC Server handler 10 on default port 44471] INFO  net.NetworkTopologyImpl (NetworkTopologyImpl.java:add(112)) - Added a new node: /default-rack/9b024938-399e-4224-b1ed-691dfeb324e1
2023-03-29 22:44:45,505 [IPC Server handler 10 on default port 44471] INFO  node.SCMNodeManager (SCMNodeManager.java:register(404)) - Registered Data node : 9b024938-399e-4224-b1ed-691dfeb324e1{ip: 10.1.0.40, host: fv-az377-460, ports: [REPLICATION=38239, RATIS=43659, RATIS_ADMIN=43659, RATIS_SERVER=43659, RATIS_DATASTREAM=34389, STANDALONE=39745], networkLocation: /default-rack, certSerialId: null, persistedOpState: null, persistedOpStateExpiryEpochSec: 0}
2023-03-29 22:44:45,506 [EventQueue-NewNodeForNewNodeHandler] INFO  pipeline.BackgroundPipelineCreator (BackgroundPipelineCreator.java:notifyEventTriggered(276)) - trigger a one-shot run on RatisPipelineUtilsThread.
2023-03-29 22:44:45,506 [EventQueue-NodeRegistrationContainerReportForDataNodeSafeModeRule] INFO  safemode.SCMSafeModeManager (DataNodeSafeModeRule.java:process(71)) - SCM in safe mode. 3 DataNodes registered, 3 required.
2023-03-29 22:44:45,506 [EventQueue-NodeRegistrationContainerReportForDataNodeSafeModeRule] INFO  safemode.SCMSafeModeManager (SCMSafeModeManager.java:validateSafeModeExitRules(200)) - DataNodeSafeModeRule rule is successfully validated
2023-03-29 22:44:45,506 [EventQueue-NodeRegistrationContainerReportForDataNodeSafeModeRule] INFO  safemode.SCMSafeModeManager (SCMSafeModeManager.java:completePreCheck(229)) - All SCM safe mode pre check rules have passed
2023-03-29 22:44:45,506 [EventQueue-NodeRegistrationContainerReportForDataNodeSafeModeRule] INFO  ha.SCMContext (SCMContext.java:updateSafeModeStatus(228)) - Update SafeModeStatus from SafeModeStatus{safeModeStatus=true, preCheckPassed=false} to SafeModeStatus{safeModeStatus=true, preCheckPassed=true}.
2023-03-29 22:44:45,506 [EventQueue-NodeRegistrationContainerReportForDataNodeSafeModeRule] INFO  pipeline.BackgroundPipelineCreator (BackgroundPipelineCreator.java:notifyEventTriggered(276)) - trigger a one-shot run on RatisPipelineUtilsThread.
2023-03-29 22:44:45,507 [RatisPipelineUtilsThread - 0] INFO  pipeline.RatisPipelineProvider (RatisPipelineProvider.java:lambda$create$0(206)) - Sending CreatePipelineCommand for pipeline:PipelineID=2a537744-3b4a-4381-8c75-e863d8147430 to datanode:9b024938-399e-4224-b1ed-691dfeb324e1
2023-03-29 22:44:45,507 [RatisPipelineUtilsThread - 0] INFO  pipeline.PipelineStateManagerImpl (PipelineStateManagerImpl.java:addPipeline(103)) - Created pipeline Pipeline[ Id: 2a537744-3b4a-4381-8c75-e863d8147430, Nodes: 9b024938-399e-4224-b1ed-691dfeb324e1(fv-az377-460/10.1.0.40), ReplicationConfig: RATIS/ONE, State:ALLOCATED, leaderId:, CreationTimestamp2023-03-29T22:44:45.507Z[Etc/UTC]].
2023-03-29 22:44:45,510 [Listener at 127.0.0.1/38933] INFO  ozone.MiniOzoneClusterImpl (MiniOzoneClusterImpl.java:lambda$waitForClusterToBeReady$0(222)) - Nodes are ready. Got 3 of 3 DN Heartbeats.
2023-03-29 22:44:45,510 [Listener at 127.0.0.1/38933] INFO  ozone.MiniOzoneClusterImpl (MiniOzoneClusterImpl.java:lambda$waitForClusterToBeReady$0(225)) - Waiting for cluster to exit safe mode
2023-03-29 22:44:45,510 [Listener at 127.0.0.1/38933] INFO  ozone.MiniOzoneClusterImpl (MiniOzoneClusterImpl.java:lambda$waitForClusterToBeReady$0(227)) - SCM became leader
2023-03-29 22:44:45,513 [RatisPipelineUtilsThread - 0] INFO  pipeline.RatisPipelineProvider (RatisPipelineProvider.java:lambda$create$0(206)) - Sending CreatePipelineCommand for pipeline:PipelineID=bb7b0d16-1b5a-4e79-9195-f6b997106acd to datanode:c28f674d-4a3a-4611-831e-e7d010a6b2ef
2023-03-29 22:44:45,513 [RatisPipelineUtilsThread - 0] INFO  pipeline.RatisPipelineProvider (RatisPipelineProvider.java:lambda$create$0(206)) - Sending CreatePipelineCommand for pipeline:PipelineID=bb7b0d16-1b5a-4e79-9195-f6b997106acd to datanode:9b024938-399e-4224-b1ed-691dfeb324e1
2023-03-29 22:44:45,513 [RatisPipelineUtilsThread - 0] INFO  pipeline.RatisPipelineProvider (RatisPipelineProvider.java:lambda$create$0(206)) - Sending CreatePipelineCommand for pipeline:PipelineID=bb7b0d16-1b5a-4e79-9195-f6b997106acd to datanode:e2c212f3-f97c-4b95-9960-0e6b8b9bb499
2023-03-29 22:44:45,514 [RatisPipelineUtilsThread - 0] INFO  pipeline.PipelineStateManagerImpl (PipelineStateManagerImpl.java:addPipeline(103)) - Created pipeline Pipeline[ Id: bb7b0d16-1b5a-4e79-9195-f6b997106acd, Nodes: c28f674d-4a3a-4611-831e-e7d010a6b2ef(fv-az377-460/10.1.0.40)9b024938-399e-4224-b1ed-691dfeb324e1(fv-az377-460/10.1.0.40)e2c212f3-f97c-4b95-9960-0e6b8b9bb499(fv-az377-460/10.1.0.40), ReplicationConfig: RATIS/THREE, State:ALLOCATED, leaderId:, CreationTimestamp2023-03-29T22:44:45.513Z[Etc/UTC]].
2023-03-29 22:44:45,515 [RatisPipelineUtilsThread - 0] INFO  pipeline.RatisPipelineProvider (RatisPipelineProvider.java:lambda$create$0(206)) - Sending CreatePipelineCommand for pipeline:PipelineID=a216516e-edd3-4b56-a7b7-b7c4666d76d8 to datanode:e2c212f3-f97c-4b95-9960-0e6b8b9bb499
2023-03-29 22:44:45,515 [RatisPipelineUtilsThread - 0] INFO  pipeline.RatisPipelineProvider (RatisPipelineProvider.java:lambda$create$0(206)) - Sending CreatePipelineCommand for pipeline:PipelineID=a216516e-edd3-4b56-a7b7-b7c4666d76d8 to datanode:9b024938-399e-4224-b1ed-691dfeb324e1
2023-03-29 22:44:45,515 [RatisPipelineUtilsThread - 0] INFO  pipeline.RatisPipelineProvider (RatisPipelineProvider.java:lambda$create$0(206)) - Sending CreatePipelineCommand for pipeline:PipelineID=a216516e-edd3-4b56-a7b7-b7c4666d76d8 to datanode:c28f674d-4a3a-4611-831e-e7d010a6b2ef
2023-03-29 22:44:45,516 [RatisPipelineUtilsThread - 0] INFO  pipeline.PipelineStateManagerImpl (PipelineStateManagerImpl.java:addPipeline(103)) - Created pipeline Pipeline[ Id: a216516e-edd3-4b56-a7b7-b7c4666d76d8, Nodes: e2c212f3-f97c-4b95-9960-0e6b8b9bb499(fv-az377-460/10.1.0.40)9b024938-399e-4224-b1ed-691dfeb324e1(fv-az377-460/10.1.0.40)c28f674d-4a3a-4611-831e-e7d010a6b2ef(fv-az377-460/10.1.0.40), ReplicationConfig: RATIS/THREE, State:ALLOCATED, leaderId:, CreationTimestamp2023-03-29T22:44:45.515Z[Etc/UTC]].
2023-03-29 22:44:45,517 [RatisPipelineUtilsThread - 0] INFO  pipeline.PipelineManagerImpl (PipelineManagerImpl.java:recordMetricsForPipeline(826)) - Pipeline: PipelineID=a216516e-edd3-4b56-a7b7-b7c4666d76d8 contains same datanodes as previous pipelines: PipelineID=bb7b0d16-1b5a-4e79-9195-f6b997106acd nodeIds: e2c212f3-f97c-4b95-9960-0e6b8b9bb499, 9b024938-399e-4224-b1ed-691dfeb324e1, c28f674d-4a3a-4611-831e-e7d010a6b2ef
2023-03-29 22:44:45,517 [RatisPipelineUtilsThread - 0] WARN  pipeline.PipelinePlacementPolicy (PipelinePlacementPolicy.java:filterViableNodes(160)) - Pipeline creation failed due to no sufficient healthy datanodes. Required 3. Found 0. Excluded 3.
2023-03-29 22:44:46,511 [Listener at 127.0.0.1/38933] INFO  ozone.MiniOzoneClusterImpl (MiniOzoneClusterImpl.java:lambda$waitForClusterToBeReady$0(222)) - Nodes are ready. Got 3 of 3 DN Heartbeats.
2023-03-29 22:44:46,512 [Listener at 127.0.0.1/38933] INFO  ozone.MiniOzoneClusterImpl (MiniOzoneClusterImpl.java:lambda$waitForClusterToBeReady$0(225)) - Waiting for cluster to exit safe mode
2023-03-29 22:44:46,512 [Listener at 127.0.0.1/38933] INFO  ozone.MiniOzoneClusterImpl (MiniOzoneClusterImpl.java:lambda$waitForClusterToBeReady$0(227)) - SCM became leader
2023-03-29 22:44:47,512 [Listener at 127.0.0.1/38933] INFO  ozone.MiniOzoneClusterImpl (MiniOzoneClusterImpl.java:lambda$waitForClusterToBeReady$0(222)) - Nodes are ready. Got 3 of 3 DN Heartbeats.
2023-03-29 22:44:47,512 [Listener at 127.0.0.1/38933] INFO  ozone.MiniOzoneClusterImpl (MiniOzoneClusterImpl.java:lambda$waitForClusterToBeReady$0(225)) - Waiting for cluster to exit safe mode
2023-03-29 22:44:47,512 [Listener at 127.0.0.1/38933] INFO  ozone.MiniOzoneClusterImpl (MiniOzoneClusterImpl.java:lambda$waitForClusterToBeReady$0(227)) - SCM became leader
2023-03-29 22:44:47,705 [Command processor thread] INFO  server.RaftServer (RaftServerProxy.java:addNew(96)) - e2c212f3-f97c-4b95-9960-0e6b8b9bb499: addNew group-31CA30E27658:[e2c212f3-f97c-4b95-9960-0e6b8b9bb499|rpc:10.1.0.40:46101|dataStream:10.1.0.40:41817|priority:1|startupRole:FOLLOWER] returns group-31CA30E27658:java.util.concurrent.CompletableFuture@4aff9e54[Not completed]
2023-03-29 22:44:47,719 [pool-133-thread-1] INFO  server.RaftServer$Division (RaftServerImpl.java:<init>(195)) - e2c212f3-f97c-4b95-9960-0e6b8b9bb499: new RaftServerImpl for group-31CA30E27658:[e2c212f3-f97c-4b95-9960-0e6b8b9bb499|rpc:10.1.0.40:46101|dataStream:10.1.0.40:41817|priority:1|startupRole:FOLLOWER] with ContainerStateMachine:uninitialized
2023-03-29 22:44:47,719 [pool-133-thread-1] INFO  server.RaftServerConfigKeys (ConfUtils.java:logGet(46)) - raft.server.rpc.timeout.min = 5s (custom)
2023-03-29 22:44:47,719 [pool-133-thread-1] INFO  server.RaftServerConfigKeys (ConfUtils.java:logGet(46)) - raft.server.rpc.timeout.max = 5200ms (custom)
2023-03-29 22:44:47,719 [pool-133-thread-1] INFO  server.RaftServerConfigKeys (ConfUtils.java:logGet(46)) - raft.server.rpc.sleep.time = 25ms (default)
2023-03-29 22:44:47,720 [pool-133-thread-1] INFO  server.RaftServerConfigKeys (ConfUtils.java:logGet(46)) - raft.server.rpc.slowness.timeout = 300s (custom)
2023-03-29 22:44:47,720 [pool-133-thread-1] INFO  server.RaftServerConfigKeys (ConfUtils.java:logGet(46)) - raft.server.leaderelection.leader.step-down.wait-time = 10s (default)
2023-03-29 22:44:47,720 [pool-133-thread-1] INFO  server.RaftServerConfigKeys (ConfUtils.java:logGet(46)) - raft.server.sleep.deviation.threshold = 300ms (default)
2023-03-29 22:44:47,720 [pool-133-thread-1] INFO  server.RaftServer$Division (ServerState.java:<init>(118)) - e2c212f3-f97c-4b95-9960-0e6b8b9bb499@group-31CA30E27658: ConfigurationManager, init=-1: peers:[e2c212f3-f97c-4b95-9960-0e6b8b9bb499|rpc:10.1.0.40:46101|dataStream:10.1.0.40:41817|priority:1|startupRole:FOLLOWER]|listeners:[], old=null, confs=<EMPTY_MAP>
2023-03-29 22:44:47,720 [pool-133-thread-1] INFO  server.RaftServerConfigKeys (ConfUtils.java:logGet(46)) - raft.server.storage.dir = [/home/runner/work/ozone/ozone/hadoop-ozone/integration-test/target/test-dir/MiniOzoneClusterImpl-bcbc84c2-519e-42a0-a817-fd35ffaa666a/datanode-0/data/ratis] (custom)
2023-03-29 22:44:47,720 [pool-133-thread-1] INFO  server.RaftServerConfigKeys (ConfUtils.java:logGet(46)) - raft.server.log.corruption.policy = EXCEPTION (default)
2023-03-29 22:44:47,720 [pool-133-thread-1] INFO  server.RaftServerConfigKeys (ConfUtils.java:logGet(46)) - raft.server.storage.free-space.min = 0MB (=0) (default)
2023-03-29 22:44:47,720 [pool-133-thread-1] INFO  server.RaftServerConfigKeys (ConfUtils.java:logGet(46)) - raft.server.notification.no-leader.timeout = 300s (custom)
2023-03-29 22:44:47,720 [pool-133-thread-1] INFO  server.RaftServerConfigKeys (ConfUtils.java:logGet(46)) - raft.server.retrycache.expirytime = 600000ms (custom)
2023-03-29 22:44:47,720 [pool-133-thread-1] INFO  server.RaftServerConfigKeys (ConfUtils.java:logGet(46)) - raft.server.retrycache.statistics.expirytime = 100μs (default)
2023-03-29 22:44:47,732 [pool-133-thread-1] INFO  server.RaftServerConfigKeys (ConfUtils.java:logGet(46)) - raft.server.log.appender.install.snapshot.enabled = false (custom)
2023-03-29 22:44:47,732 [pool-133-thread-1] INFO  server.RaftServerConfigKeys (ConfUtils.java:logGet(46)) - raft.server.threadpool.server.cached = true (default)
2023-03-29 22:44:47,733 [pool-133-thread-1] INFO  server.RaftServerConfigKeys (ConfUtils.java:logGet(46)) - raft.server.threadpool.server.size = 0 (default)
2023-03-29 22:44:47,733 [pool-133-thread-1] INFO  server.RaftServerConfigKeys (ConfUtils.java:logGet(46)) - raft.server.threadpool.client.cached = true (default)
2023-03-29 22:44:47,733 [pool-133-thread-1] INFO  server.RaftServerConfigKeys (ConfUtils.java:logGet(46)) - raft.server.threadpool.client.size = 0 (default)
2023-03-29 22:44:47,733 [pool-133-thread-1] INFO  storage.RaftStorageDirectory (RaftStorageDirectoryImpl.java:analyzeStorage(137)) - The storage directory /home/runner/work/ozone/ozone/hadoop-ozone/integration-test/target/test-dir/MiniOzoneClusterImpl-bcbc84c2-519e-42a0-a817-fd35ffaa666a/datanode-0/data/ratis/1c7758a1-6cfc-4365-b996-31ca30e27658 does not exist. Creating ...
2023-03-29 22:44:47,734 [pool-133-thread-1] INFO  storage.RaftStorageDirectory (RaftStorageDirectoryImpl.java:tryLock(231)) - Lock on /home/runner/work/ozone/ozone/hadoop-ozone/integration-test/target/test-dir/MiniOzoneClusterImpl-bcbc84c2-519e-42a0-a817-fd35ffaa666a/datanode-0/data/ratis/1c7758a1-6cfc-4365-b996-31ca30e27658/in_use.lock acquired by nodename 4032@fv-az377-460
2023-03-29 22:44:47,736 [pool-133-thread-1] INFO  storage.RaftStorage (RaftStorageImpl.java:format(96)) - Storage directory /home/runner/work/ozone/ozone/hadoop-ozone/integration-test/target/test-dir/MiniOzoneClusterImpl-bcbc84c2-519e-42a0-a817-fd35ffaa666a/datanode-0/data/ratis/1c7758a1-6cfc-4365-b996-31ca30e27658 has been successfully formatted.
2023-03-29 22:44:47,741 [pool-133-thread-1] INFO  ratis.ContainerStateMachine (ContainerStateMachine.java:loadSnapshot(262)) - group-31CA30E27658: The snapshot info is null. Setting the last applied indexto:(t:0, i:~)
2023-03-29 22:44:47,741 [pool-133-thread-1] INFO  server.RaftServerConfigKeys (ConfUtils.java:logGet(46)) - raft.server.log.use.memory = false (default)
2023-03-29 22:44:47,741 [pool-133-thread-1] INFO  server.RaftServerConfigKeys (ConfUtils.java:logGet(46)) - raft.server.log.purge.gap = 1000000 (custom)
2023-03-29 22:44:47,741 [pool-133-thread-1] INFO  server.RaftServerConfigKeys (ConfUtils.java:logGet(46)) - raft.server.log.appender.buffer.byte-limit = 33554432 (custom)
2023-03-29 22:44:47,741 [pool-133-thread-1] INFO  server.RaftServerConfigKeys (ConfUtils.java:logGet(46)) - raft.server.log.statemachine.data.read.timeout = 1000ms (default)
2023-03-29 22:44:47,741 [pool-133-thread-1] INFO  server.RaftServerConfigKeys (ConfUtils.java:logGet(46)) - raft.server.log.purge.preservation.log.num = 0 (default)
2023-03-29 22:44:47,741 [pool-133-thread-1] INFO  server.RaftServerConfigKeys (ConfUtils.java:logGet(46)) - raft.server.log.segment.size.max = 1048576 (custom)
2023-03-29 22:44:47,742 [pool-133-thread-1] INFO  server.RaftServerConfigKeys (ConfUtils.java:logGet(46)) - raft.server.log.segment.cache.num.max = 2 (custom)
2023-03-29 22:44:47,742 [pool-133-thread-1] INFO  server.RaftServerConfigKeys (ConfUtils.java:logGet(46)) - raft.server.log.segment.cache.size.max = 200MB (=209715200) (default)
2023-03-29 22:44:47,742 [pool-133-thread-1] INFO  segmented.SegmentedRaftLogWorker (SegmentedRaftLogWorker.java:<init>(189)) - new e2c212f3-f97c-4b95-9960-0e6b8b9bb499@group-31CA30E27658-SegmentedRaftLogWorker for RaftStorageImpl:Storage Directory /home/runner/work/ozone/ozone/hadoop-ozone/integration-test/target/test-dir/MiniOzoneClusterImpl-bcbc84c2-519e-42a0-a817-fd35ffaa666a/datanode-0/data/ratis/1c7758a1-6cfc-4365-b996-31ca30e27658
2023-03-29 22:44:47,742 [pool-133-thread-1] INFO  server.RaftServerConfigKeys (ConfUtils.java:logGet(46)) - raft.server.log.queue.byte-limit = 4294967296 (custom)
2023-03-29 22:44:47,742 [pool-133-thread-1] INFO  server.RaftServerConfigKeys (ConfUtils.java:logGet(46)) - raft.server.log.queue.element-limit = 1024 (custom)
2023-03-29 22:44:47,742 [pool-133-thread-1] INFO  server.RaftServerConfigKeys (ConfUtils.java:logGet(46)) - raft.server.log.segment.size.max = 1048576 (custom)
2023-03-29 22:44:47,742 [pool-133-thread-1] INFO  server.RaftServerConfigKeys (ConfUtils.java:logGet(46)) - raft.server.log.preallocated.size = 16384 (custom)
2023-03-29 22:44:47,742 [pool-133-thread-1] INFO  server.RaftServerConfigKeys (ConfUtils.java:logGet(46)) - raft.server.log.force.sync.num = 128 (default)
2023-03-29 22:44:47,742 [pool-133-thread-1] INFO  server.RaftServerConfigKeys (ConfUtils.java:logGet(46)) - raft.server.log.statemachine.data.sync = true (default)
2023-03-29 22:44:47,742 [pool-133-thread-1] INFO  server.RaftServerConfigKeys (ConfUtils.java:logGet(46)) - raft.server.log.statemachine.data.sync.timeout = 10s (default)
2023-03-29 22:44:47,743 [pool-133-thread-1] INFO  server.RaftServerConfigKeys (ConfUtils.java:logGet(46)) - raft.server.log.statemachine.data.sync.timeout.retry = -1 (default)
2023-03-29 22:44:47,743 [pool-133-thread-1] INFO  server.RaftServerConfigKeys (ConfUtils.java:logGet(46)) - raft.server.log.write.buffer.size = 1048576 (custom)
2023-03-29 22:44:47,744 [pool-133-thread-1] INFO  server.RaftServerConfigKeys (ConfUtils.java:logGet(46)) - raft.server.log.appender.buffer.byte-limit = 33554432 (custom)
2023-03-29 22:44:47,750 [pool-133-thread-1] INFO  server.RaftServerConfigKeys (ConfUtils.java:logGet(46)) - raft.server.log.unsafe-flush.enabled = false (default)
2023-03-29 22:44:47,750 [pool-133-thread-1] INFO  server.RaftServerConfigKeys (ConfUtils.java:logGet(46)) - raft.server.log.async-flush.enabled = false (default)
2023-03-29 22:44:47,750 [pool-133-thread-1] INFO  server.RaftServerConfigKeys (ConfUtils.java:logGet(46)) - raft.server.log.statemachine.data.caching.enabled = true (custom)
2023-03-29 22:44:47,750 [pool-133-thread-1] INFO  segmented.SegmentedRaftLogWorker (SegmentedRaftLogWorker.java:lambda$new$0(135)) - e2c212f3-f97c-4b95-9960-0e6b8b9bb499@group-31CA30E27658-SegmentedRaftLogWorker: flushIndex: setUnconditionally 0 -> -1
2023-03-29 22:44:47,750 [pool-133-thread-1] INFO  segmented.SegmentedRaftLogWorker (SegmentedRaftLogWorker.java:lambda$new$0(135)) - e2c212f3-f97c-4b95-9960-0e6b8b9bb499@group-31CA30E27658-SegmentedRaftLogWorker: safeCacheEvictIndex: setUnconditionally 0 -> -1
2023-03-29 22:44:47,750 [pool-133-thread-1] INFO  server.RaftServer$Division (RaftServerImpl.java:start(334)) - e2c212f3-f97c-4b95-9960-0e6b8b9bb499@group-31CA30E27658: start as a follower, conf=-1: peers:[e2c212f3-f97c-4b95-9960-0e6b8b9bb499|rpc:10.1.0.40:46101|dataStream:10.1.0.40:41817|priority:1|startupRole:FOLLOWER]|listeners:[], old=null
2023-03-29 22:44:47,751 [pool-133-thread-1] INFO  server.RaftServer$Division (RaftServerImpl.java:setRole(321)) - e2c212f3-f97c-4b95-9960-0e6b8b9bb499@group-31CA30E27658: changes role from      null to FOLLOWER at term 0 for startAsFollower
2023-03-29 22:44:47,751 [pool-133-thread-1] INFO  impl.RoleInfo (RoleInfo.java:updateAndGet(139)) - e2c212f3-f97c-4b95-9960-0e6b8b9bb499: start e2c212f3-f97c-4b95-9960-0e6b8b9bb499@group-31CA30E27658-FollowerState
2023-03-29 22:44:47,754 [pool-133-thread-1] INFO  util.JmxRegister (JmxRegister.java:tryRegister(44)) - Successfully registered JMX Bean with object name Ratis:service=RaftServer,group=group-31CA30E27658,id=e2c212f3-f97c-4b95-9960-0e6b8b9bb499
2023-03-29 22:44:47,754 [pool-133-thread-1] INFO  server.RaftServerConfigKeys (ConfUtils.java:logGet(46)) - raft.server.snapshot.auto.trigger.enabled = true (custom)
2023-03-29 22:44:47,754 [pool-133-thread-1] INFO  server.RaftServerConfigKeys (ConfUtils.java:logGet(46)) - raft.server.snapshot.auto.trigger.threshold = 10000 (custom)
2023-03-29 22:44:47,754 [pool-133-thread-1] INFO  server.RaftServerConfigKeys (ConfUtils.java:logGet(46)) - raft.server.snapshot.retention.file.num = 5 (custom)
2023-03-29 22:44:47,755 [pool-133-thread-1] INFO  server.RaftServerConfigKeys (ConfUtils.java:logGet(46)) - raft.server.log.purge.upto.snapshot.index = false (default)
2023-03-29 22:44:47,756 [e2c212f3-f97c-4b95-9960-0e6b8b9bb499@group-31CA30E27658-FollowerState] INFO  server.RaftServerConfigKeys (ConfUtils.java:logFallback(53)) - raft.server.rpc.first-election.timeout.min = 5s (fallback to raft.server.rpc.timeout.min)
2023-03-29 22:44:47,756 [e2c212f3-f97c-4b95-9960-0e6b8b9bb499@group-31CA30E27658-FollowerState] INFO  server.RaftServerConfigKeys (ConfUtils.java:logFallback(53)) - raft.server.rpc.first-election.timeout.max = 5200ms (fallback to raft.server.rpc.timeout.max)
2023-03-29 22:44:47,761 [Command processor thread] INFO  ratis.XceiverServerRatis (XceiverServerRatis.java:addGroup(806)) - Created group PipelineID=1c7758a1-6cfc-4365-b996-31ca30e27658
2023-03-29 22:44:47,761 [Command processor thread] INFO  commandhandler.CreatePipelineCommandHandler (CreatePipelineCommandHandler.java:handle(113)) - Created Pipeline RATIS ONE PipelineID=1c7758a1-6cfc-4365-b996-31ca30e27658.
2023-03-29 22:44:47,762 [Command processor thread] INFO  server.RaftServer (RaftServerProxy.java:addNew(96)) - e2c212f3-f97c-4b95-9960-0e6b8b9bb499: addNew group-F6B997106ACD:[e2c212f3-f97c-4b95-9960-0e6b8b9bb499|rpc:10.1.0.40:46101|dataStream:10.1.0.40:41817|priority:1|startupRole:FOLLOWER, c28f674d-4a3a-4611-831e-e7d010a6b2ef|rpc:10.1.0.40:38199|dataStream:10.1.0.40:46543|priority:0|startupRole:FOLLOWER, 9b024938-399e-4224-b1ed-691dfeb324e1|rpc:10.1.0.40:43659|dataStream:10.1.0.40:34389|priority:0|startupRole:FOLLOWER] returns group-F6B997106ACD:java.util.concurrent.CompletableFuture@5ca06592[Not completed]
2023-03-29 22:44:47,763 [pool-133-thread-1] INFO  server.RaftServer$Division (RaftServerImpl.java:<init>(195)) - e2c212f3-f97c-4b95-9960-0e6b8b9bb499: new RaftServerImpl for group-F6B997106ACD:[e2c212f3-f97c-4b95-9960-0e6b8b9bb499|rpc:10.1.0.40:46101|dataStream:10.1.0.40:41817|priority:1|startupRole:FOLLOWER, c28f674d-4a3a-4611-831e-e7d010a6b2ef|rpc:10.1.0.40:38199|dataStream:10.1.0.40:46543|priority:0|startupRole:FOLLOWER, 9b024938-399e-4224-b1ed-691dfeb324e1|rpc:10.1.0.40:43659|dataStream:10.1.0.40:34389|priority:0|startupRole:FOLLOWER] with ContainerStateMachine:uninitialized
2023-03-29 22:44:47,763 [pool-133-thread-1] INFO  server.RaftServerConfigKeys (ConfUtils.java:logGet(46)) - raft.server.rpc.timeout.min = 5s (custom)
2023-03-29 22:44:47,763 [pool-133-thread-1] INFO  server.RaftServerConfigKeys (ConfUtils.java:logGet(46)) - raft.server.rpc.timeout.max = 5200ms (custom)
2023-03-29 22:44:47,763 [pool-133-thread-1] INFO  server.RaftServerConfigKeys (ConfUtils.java:logGet(46)) - raft.server.rpc.sleep.time = 25ms (default)
2023-03-29 22:44:47,763 [pool-133-thread-1] INFO  server.RaftServerConfigKeys (ConfUtils.java:logGet(46)) - raft.server.rpc.slowness.timeout = 300s (custom)
2023-03-29 22:44:47,763 [pool-133-thread-1] INFO  server.RaftServerConfigKeys (ConfUtils.java:logGet(46)) - raft.server.leaderelection.leader.step-down.wait-time = 10s (default)
2023-03-29 22:44:47,763 [pool-133-thread-1] INFO  server.RaftServerConfigKeys (ConfUtils.java:logGet(46)) - raft.server.sleep.deviation.threshold = 300ms (default)
2023-03-29 22:44:47,763 [pool-133-thread-1] INFO  server.RaftServer$Division (ServerState.java:<init>(118)) - e2c212f3-f97c-4b95-9960-0e6b8b9bb499@group-F6B997106ACD: ConfigurationManager, init=-1: peers:[e2c212f3-f97c-4b95-9960-0e6b8b9bb499|rpc:10.1.0.40:46101|dataStream:10.1.0.40:41817|priority:1|startupRole:FOLLOWER, c28f674d-4a3a-4611-831e-e7d010a6b2ef|rpc:10.1.0.40:38199|dataStream:10.1.0.40:46543|priority:0|startupRole:FOLLOWER, 9b024938-399e-4224-b1ed-691dfeb324e1|rpc:10.1.0.40:43659|dataStream:10.1.0.40:34389|priority:0|startupRole:FOLLOWER]|listeners:[], old=null, confs=<EMPTY_MAP>
2023-03-29 22:44:47,764 [pool-133-thread-1] INFO  server.RaftServerConfigKeys (ConfUtils.java:logGet(46)) - raft.server.storage.dir = [/home/runner/work/ozone/ozone/hadoop-ozone/integration-test/target/test-dir/MiniOzoneClusterImpl-bcbc84c2-519e-42a0-a817-fd35ffaa666a/datanode-0/data/ratis] (custom)
2023-03-29 22:44:47,765 [pool-133-thread-1] INFO  server.RaftServerConfigKeys (ConfUtils.java:logGet(46)) - raft.server.log.corruption.policy = EXCEPTION (default)
2023-03-29 22:44:47,766 [pool-133-thread-1] INFO  server.RaftServerConfigKeys (ConfUtils.java:logGet(46)) - raft.server.storage.free-space.min = 0MB (=0) (default)
2023-03-29 22:44:47,766 [pool-133-thread-1] INFO  server.RaftServerConfigKeys (ConfUtils.java:logGet(46)) - raft.server.notification.no-leader.timeout = 300s (custom)
2023-03-29 22:44:47,766 [pool-133-thread-1] INFO  server.RaftServerConfigKeys (ConfUtils.java:logGet(46)) - raft.server.retrycache.expirytime = 600000ms (custom)
2023-03-29 22:44:47,766 [pool-133-thread-1] INFO  server.RaftServerConfigKeys (ConfUtils.java:logGet(46)) - raft.server.retrycache.statistics.expirytime = 100μs (default)
2023-03-29 22:44:47,766 [EventQueue-PipelineReportForPipelineReportHandler] INFO  pipeline.PipelineManagerImpl (PipelineManagerImpl.java:openPipeline(367)) - Pipeline Pipeline[ Id: 1c7758a1-6cfc-4365-b996-31ca30e27658, Nodes: e2c212f3-f97c-4b95-9960-0e6b8b9bb499(fv-az377-460/10.1.0.40), ReplicationConfig: RATIS/ONE, State:ALLOCATED, leaderId:e2c212f3-f97c-4b95-9960-0e6b8b9bb499, CreationTimestamp2023-03-29T22:44:44.727Z[Etc/UTC]] moved to OPEN state
2023-03-29 22:44:47,768 [pool-133-thread-1] INFO  server.RaftServerConfigKeys (ConfUtils.java:logGet(46)) - raft.server.log.appender.install.snapshot.enabled = false (custom)
2023-03-29 22:44:47,770 [pool-133-thread-1] INFO  server.RaftServerConfigKeys (ConfUtils.java:logGet(46)) - raft.server.threadpool.server.cached = true (default)
2023-03-29 22:44:47,770 [pool-133-thread-1] INFO  server.RaftServerConfigKeys (ConfUtils.java:logGet(46)) - raft.server.threadpool.server.size = 0 (default)
2023-03-29 22:44:47,770 [pool-133-thread-1] INFO  server.RaftServerConfigKeys (ConfUtils.java:logGet(46)) - raft.server.threadpool.client.cached = true (default)
2023-03-29 22:44:47,770 [pool-133-thread-1] INFO  server.RaftServerConfigKeys (ConfUtils.java:logGet(46)) - raft.server.threadpool.client.size = 0 (default)
2023-03-29 22:44:47,770 [pool-133-thread-1] INFO  storage.RaftStorageDirectory (RaftStorageDirectoryImpl.java:analyzeStorage(137)) - The storage directory /home/runner/work/ozone/ozone/hadoop-ozone/integration-test/target/test-dir/MiniOzoneClusterImpl-bcbc84c2-519e-42a0-a817-fd35ffaa666a/datanode-0/data/ratis/bb7b0d16-1b5a-4e79-9195-f6b997106acd does not exist. Creating ...
2023-03-29 22:44:47,770 [EventQueue-OpenPipelineForHealthyPipelineSafeModeRule] INFO  safemode.SCMSafeModeManager (HealthyPipelineSafeModeRule.java:process(137)) - SCM in safe mode. Healthy pipelines reported count is 0, required healthy pipeline reported count is 1
2023-03-29 22:44:47,772 [pool-133-thread-1] INFO  storage.RaftStorageDirectory (RaftStorageDirectoryImpl.java:tryLock(231)) - Lock on /home/runner/work/ozone/ozone/hadoop-ozone/integration-test/target/test-dir/MiniOzoneClusterImpl-bcbc84c2-519e-42a0-a817-fd35ffaa666a/datanode-0/data/ratis/bb7b0d16-1b5a-4e79-9195-f6b997106acd/in_use.lock acquired by nodename 4032@fv-az377-460
2023-03-29 22:44:47,773 [pool-133-thread-1] INFO  storage.RaftStorage (RaftStorageImpl.java:format(96)) - Storage directory /home/runner/work/ozone/ozone/hadoop-ozone/integration-test/target/test-dir/MiniOzoneClusterImpl-bcbc84c2-519e-42a0-a817-fd35ffaa666a/datanode-0/data/ratis/bb7b0d16-1b5a-4e79-9195-f6b997106acd has been successfully formatted.
2023-03-29 22:44:47,774 [pool-133-thread-1] INFO  ratis.ContainerStateMachine (ContainerStateMachine.java:loadSnapshot(262)) - group-F6B997106ACD: The snapshot info is null. Setting the last applied indexto:(t:0, i:~)
2023-03-29 22:44:47,774 [pool-133-thread-1] INFO  server.RaftServerConfigKeys (ConfUtils.java:logGet(46)) - raft.server.log.use.memory = false (default)
2023-03-29 22:44:47,774 [pool-133-thread-1] INFO  server.RaftServerConfigKeys (ConfUtils.java:logGet(46)) - raft.server.log.purge.gap = 1000000 (custom)
2023-03-29 22:44:47,774 [pool-133-thread-1] INFO  server.RaftServerConfigKeys (ConfUtils.java:logGet(46)) - raft.server.log.appender.buffer.byte-limit = 33554432 (custom)
2023-03-29 22:44:47,774 [pool-133-thread-1] INFO  server.RaftServerConfigKeys (ConfUtils.java:logGet(46)) - raft.server.log.statemachine.data.read.timeout = 1000ms (default)
2023-03-29 22:44:47,774 [pool-133-thread-1] INFO  server.RaftServerConfigKeys (ConfUtils.java:logGet(46)) - raft.server.log.purge.preservation.log.num = 0 (default)
2023-03-29 22:44:47,774 [pool-133-thread-1] INFO  server.RaftServerConfigKeys (ConfUtils.java:logGet(46)) - raft.server.log.segment.size.max = 1048576 (custom)
2023-03-29 22:44:47,775 [pool-133-thread-1] INFO  server.RaftServerConfigKeys (ConfUtils.java:logGet(46)) - raft.server.log.segment.cache.num.max = 2 (custom)
2023-03-29 22:44:47,775 [pool-133-thread-1] INFO  server.RaftServerConfigKeys (ConfUtils.java:logGet(46)) - raft.server.log.segment.cache.size.max = 200MB (=209715200) (default)
2023-03-29 22:44:47,775 [pool-133-thread-1] INFO  segmented.SegmentedRaftLogWorker (SegmentedRaftLogWorker.java:<init>(189)) - new e2c212f3-f97c-4b95-9960-0e6b8b9bb499@group-F6B997106ACD-SegmentedRaftLogWorker for RaftStorageImpl:Storage Directory /home/runner/work/ozone/ozone/hadoop-ozone/integration-test/target/test-dir/MiniOzoneClusterImpl-bcbc84c2-519e-42a0-a817-fd35ffaa666a/datanode-0/data/ratis/bb7b0d16-1b5a-4e79-9195-f6b997106acd
2023-03-29 22:44:47,775 [pool-133-thread-1] INFO  server.RaftServerConfigKeys (ConfUtils.java:logGet(46)) - raft.server.log.queue.byte-limit = 4294967296 (custom)
2023-03-29 22:44:47,775 [pool-133-thread-1] INFO  server.RaftServerConfigKeys (ConfUtils.java:logGet(46)) - raft.server.log.queue.element-limit = 1024 (custom)
2023-03-29 22:44:47,775 [pool-133-thread-1] INFO  server.RaftServerConfigKeys (ConfUtils.java:logGet(46)) - raft.server.log.segment.size.max = 1048576 (custom)
2023-03-29 22:44:47,775 [pool-133-thread-1] INFO  server.RaftServerConfigKeys (ConfUtils.java:logGet(46)) - raft.server.log.preallocated.size = 16384 (custom)
2023-03-29 22:44:47,775 [pool-133-thread-1] INFO  server.RaftServerConfigKeys (ConfUtils.java:logGet(46)) - raft.server.log.force.sync.num = 128 (default)
2023-03-29 22:44:47,775 [pool-133-thread-1] INFO  server.RaftServerConfigKeys (ConfUtils.java:logGet(46)) - raft.server.log.statemachine.data.sync = true (default)
2023-03-29 22:44:47,775 [pool-133-thread-1] INFO  server.RaftServerConfigKeys (ConfUtils.java:logGet(46)) - raft.server.log.statemachine.data.sync.timeout = 10s (default)
2023-03-29 22:44:47,775 [pool-133-thread-1] INFO  server.RaftServerConfigKeys (ConfUtils.java:logGet(46)) - raft.server.log.statemachine.data.sync.timeout.retry = -1 (default)
2023-03-29 22:44:47,776 [pool-133-thread-1] INFO  server.RaftServerConfigKeys (ConfUtils.java:logGet(46)) - raft.server.log.write.buffer.size = 1048576 (custom)
2023-03-29 22:44:47,778 [pool-133-thread-1] INFO  server.RaftServerConfigKeys (ConfUtils.java:logGet(46)) - raft.server.log.appender.buffer.byte-limit = 33554432 (custom)
2023-03-29 22:44:47,779 [EventQueue-OpenPipelineForHealthyPipelineSafeModeRule] INFO  safemode.SCMSafeModeManager (HealthyPipelineSafeModeRule.java:process(137)) - SCM in safe mode. Healthy pipelines reported count is 0, required healthy pipeline reported count is 1
2023-03-29 22:44:47,789 [pool-133-thread-1] INFO  server.RaftServerConfigKeys (ConfUtils.java:logGet(46)) - raft.server.log.unsafe-flush.enabled = false (default)
2023-03-29 22:44:47,789 [pool-133-thread-1] INFO  server.RaftServerConfigKeys (ConfUtils.java:logGet(46)) - raft.server.log.async-flush.enabled = false (default)
2023-03-29 22:44:47,789 [pool-133-thread-1] INFO  server.RaftServerConfigKeys (ConfUtils.java:logGet(46)) - raft.server.log.statemachine.data.caching.enabled = true (custom)
2023-03-29 22:44:47,790 [pool-133-thread-1] INFO  segmented.SegmentedRaftLogWorker (SegmentedRaftLogWorker.java:lambda$new$0(135)) - e2c212f3-f97c-4b95-9960-0e6b8b9bb499@group-F6B997106ACD-SegmentedRaftLogWorker: flushIndex: setUnconditionally 0 -> -1
2023-03-29 22:44:47,790 [pool-133-thread-1] INFO  segmented.SegmentedRaftLogWorker (SegmentedRaftLogWorker.java:lambda$new$0(135)) - e2c212f3-f97c-4b95-9960-0e6b8b9bb499@group-F6B997106ACD-SegmentedRaftLogWorker: safeCacheEvictIndex: setUnconditionally 0 -> -1
2023-03-29 22:44:47,794 [pool-133-thread-1] INFO  server.RaftServer$Division (RaftServerImpl.java:start(334)) - e2c212f3-f97c-4b95-9960-0e6b8b9bb499@group-F6B997106ACD: start as a follower, conf=-1: peers:[e2c212f3-f97c-4b95-9960-0e6b8b9bb499|rpc:10.1.0.40:46101|dataStream:10.1.0.40:41817|priority:1|startupRole:FOLLOWER, c28f674d-4a3a-4611-831e-e7d010a6b2ef|rpc:10.1.0.40:38199|dataStream:10.1.0.40:46543|priority:0|startupRole:FOLLOWER, 9b024938-399e-4224-b1ed-691dfeb324e1|rpc:10.1.0.40:43659|dataStream:10.1.0.40:34389|priority:0|startupRole:FOLLOWER]|listeners:[], old=null
2023-03-29 22:44:47,794 [pool-133-thread-1] INFO  server.RaftServer$Division (RaftServerImpl.java:setRole(321)) - e2c212f3-f97c-4b95-9960-0e6b8b9bb499@group-F6B997106ACD: changes role from      null to FOLLOWER at term 0 for startAsFollower
2023-03-29 22:44:47,794 [pool-133-thread-1] INFO  impl.RoleInfo (RoleInfo.java:updateAndGet(139)) - e2c212f3-f97c-4b95-9960-0e6b8b9bb499: start e2c212f3-f97c-4b95-9960-0e6b8b9bb499@group-F6B997106ACD-FollowerState
2023-03-29 22:44:47,797 [pool-133-thread-1] INFO  util.JmxRegister (JmxRegister.java:tryRegister(44)) - Successfully registered JMX Bean with object name Ratis:service=RaftServer,group=group-F6B997106ACD,id=e2c212f3-f97c-4b95-9960-0e6b8b9bb499
2023-03-29 22:44:47,797 [pool-133-thread-1] INFO  server.RaftServerConfigKeys (ConfUtils.java:logGet(46)) - raft.server.snapshot.auto.trigger.enabled = true (custom)
2023-03-29 22:44:47,797 [pool-133-thread-1] INFO  server.RaftServerConfigKeys (ConfUtils.java:logGet(46)) - raft.server.snapshot.auto.trigger.threshold = 10000 (custom)
2023-03-29 22:44:47,797 [pool-133-thread-1] INFO  server.RaftServerConfigKeys (ConfUtils.java:logGet(46)) - raft.server.snapshot.retention.file.num = 5 (custom)
2023-03-29 22:44:47,797 [pool-133-thread-1] INFO  server.RaftServerConfigKeys (ConfUtils.java:logGet(46)) - raft.server.log.purge.upto.snapshot.index = false (default)
2023-03-29 22:44:47,798 [e2c212f3-f97c-4b95-9960-0e6b8b9bb499@group-F6B997106ACD-FollowerState] INFO  server.RaftServerConfigKeys (ConfUtils.java:logFallback(53)) - raft.server.rpc.first-election.timeout.min = 5s (fallback to raft.server.rpc.timeout.min)
2023-03-29 22:44:47,808 [Command processor thread] INFO  ratis.XceiverServerRatis (XceiverServerRatis.java:addGroup(806)) - Created group PipelineID=bb7b0d16-1b5a-4e79-9195-f6b997106acd
2023-03-29 22:44:47,808 [e2c212f3-f97c-4b95-9960-0e6b8b9bb499@group-F6B997106ACD-FollowerState] INFO  server.RaftServerConfigKeys (ConfUtils.java:logFallback(53)) - raft.server.rpc.first-election.timeout.max = 5200ms (fallback to raft.server.rpc.timeout.max)
2023-03-29 22:44:47,885 [grpc-default-executor-1] INFO  server.RaftServer (RaftServerProxy.java:addNew(96)) - c28f674d-4a3a-4611-831e-e7d010a6b2ef: addNew group-F6B997106ACD:[e2c212f3-f97c-4b95-9960-0e6b8b9bb499|rpc:10.1.0.40:46101|dataStream:10.1.0.40:41817|priority:1|startupRole:FOLLOWER, c28f674d-4a3a-4611-831e-e7d010a6b2ef|rpc:10.1.0.40:38199|dataStream:10.1.0.40:46543|priority:0|startupRole:FOLLOWER, 9b024938-399e-4224-b1ed-691dfeb324e1|rpc:10.1.0.40:43659|dataStream:10.1.0.40:34389|priority:0|startupRole:FOLLOWER] returns group-F6B997106ACD:java.util.concurrent.CompletableFuture@3a87c173[Not completed]
2023-03-29 22:44:47,891 [pool-155-thread-1] INFO  server.RaftServer$Division (RaftServerImpl.java:<init>(195)) - c28f674d-4a3a-4611-831e-e7d010a6b2ef: new RaftServerImpl for group-F6B997106ACD:[e2c212f3-f97c-4b95-9960-0e6b8b9bb499|rpc:10.1.0.40:46101|dataStream:10.1.0.40:41817|priority:1|startupRole:FOLLOWER, c28f674d-4a3a-4611-831e-e7d010a6b2ef|rpc:10.1.0.40:38199|dataStream:10.1.0.40:46543|priority:0|startupRole:FOLLOWER, 9b024938-399e-4224-b1ed-691dfeb324e1|rpc:10.1.0.40:43659|dataStream:10.1.0.40:34389|priority:0|startupRole:FOLLOWER] with ContainerStateMachine:uninitialized
2023-03-29 22:44:47,891 [pool-155-thread-1] INFO  server.RaftServerConfigKeys (ConfUtils.java:logGet(46)) - raft.server.rpc.timeout.min = 5s (custom)
2023-03-29 22:44:47,891 [pool-155-thread-1] INFO  server.RaftServerConfigKeys (ConfUtils.java:logGet(46)) - raft.server.rpc.timeout.max = 5200ms (custom)
2023-03-29 22:44:47,891 [pool-155-thread-1] INFO  server.RaftServerConfigKeys (ConfUtils.java:logGet(46)) - raft.server.rpc.sleep.time = 25ms (default)
2023-03-29 22:44:47,891 [pool-155-thread-1] INFO  server.RaftServerConfigKeys (ConfUtils.java:logGet(46)) - raft.server.rpc.slowness.timeout = 300s (custom)
2023-03-29 22:44:47,891 [pool-155-thread-1] INFO  server.RaftServerConfigKeys (ConfUtils.java:logGet(46)) - raft.server.leaderelection.leader.step-down.wait-time = 10s (default)
2023-03-29 22:44:47,891 [pool-155-thread-1] INFO  server.RaftServerConfigKeys (ConfUtils.java:logGet(46)) - raft.server.sleep.deviation.threshold = 300ms (default)
2023-03-29 22:44:47,891 [pool-155-thread-1] INFO  server.RaftServer$Division (ServerState.java:<init>(118)) - c28f674d-4a3a-4611-831e-e7d010a6b2ef@group-F6B997106ACD: ConfigurationManager, init=-1: peers:[e2c212f3-f97c-4b95-9960-0e6b8b9bb499|rpc:10.1.0.40:46101|dataStream:10.1.0.40:41817|priority:1|startupRole:FOLLOWER, c28f674d-4a3a-4611-831e-e7d010a6b2ef|rpc:10.1.0.40:38199|dataStream:10.1.0.40:46543|priority:0|startupRole:FOLLOWER, 9b024938-399e-4224-b1ed-691dfeb324e1|rpc:10.1.0.40:43659|dataStream:10.1.0.40:34389|priority:0|startupRole:FOLLOWER]|listeners:[], old=null, confs=<EMPTY_MAP>
2023-03-29 22:44:47,891 [pool-155-thread-1] INFO  server.RaftServerConfigKeys (ConfUtils.java:logGet(46)) - raft.server.storage.dir = [/home/runner/work/ozone/ozone/hadoop-ozone/integration-test/target/test-dir/MiniOzoneClusterImpl-bcbc84c2-519e-42a0-a817-fd35ffaa666a/datanode-1/data/ratis] (custom)
2023-03-29 22:44:47,891 [pool-155-thread-1] INFO  server.RaftServerConfigKeys (ConfUtils.java:logGet(46)) - raft.server.log.corruption.policy = EXCEPTION (default)
2023-03-29 22:44:47,892 [pool-155-thread-1] INFO  server.RaftServerConfigKeys (ConfUtils.java:logGet(46)) - raft.server.storage.free-space.min = 0MB (=0) (default)
2023-03-29 22:44:47,892 [pool-155-thread-1] INFO  server.RaftServerConfigKeys (ConfUtils.java:logGet(46)) - raft.server.notification.no-leader.timeout = 300s (custom)
2023-03-29 22:44:47,892 [pool-155-thread-1] INFO  server.RaftServerConfigKeys (ConfUtils.java:logGet(46)) - raft.server.retrycache.expirytime = 600000ms (custom)
2023-03-29 22:44:47,892 [pool-155-thread-1] INFO  server.RaftServerConfigKeys (ConfUtils.java:logGet(46)) - raft.server.retrycache.statistics.expirytime = 100μs (default)
2023-03-29 22:44:47,893 [pool-155-thread-1] INFO  server.RaftServerConfigKeys (ConfUtils.java:logGet(46)) - raft.server.log.appender.install.snapshot.enabled = false (custom)
2023-03-29 22:44:47,893 [pool-155-thread-1] INFO  server.RaftServerConfigKeys (ConfUtils.java:logGet(46)) - raft.server.threadpool.server.cached = true (default)
2023-03-29 22:44:47,893 [pool-155-thread-1] INFO  server.RaftServerConfigKeys (ConfUtils.java:logGet(46)) - raft.server.threadpool.server.size = 0 (default)
2023-03-29 22:44:47,894 [pool-155-thread-1] INFO  server.RaftServerConfigKeys (ConfUtils.java:logGet(46)) - raft.server.threadpool.client.cached = true (default)
2023-03-29 22:44:47,894 [pool-155-thread-1] INFO  server.RaftServerConfigKeys (ConfUtils.java:logGet(46)) - raft.server.threadpool.client.size = 0 (default)
2023-03-29 22:44:47,894 [pool-155-thread-1] INFO  storage.RaftStorageDirectory (RaftStorageDirectoryImpl.java:analyzeStorage(137)) - The storage directory /home/runner/work/ozone/ozone/hadoop-ozone/integration-test/target/test-dir/MiniOzoneClusterImpl-bcbc84c2-519e-42a0-a817-fd35ffaa666a/datanode-1/data/ratis/bb7b0d16-1b5a-4e79-9195-f6b997106acd does not exist. Creating ...
2023-03-29 22:44:47,896 [pool-155-thread-1] INFO  storage.RaftStorageDirectory (RaftStorageDirectoryImpl.java:tryLock(231)) - Lock on /home/runner/work/ozone/ozone/hadoop-ozone/integration-test/target/test-dir/MiniOzoneClusterImpl-bcbc84c2-519e-42a0-a817-fd35ffaa666a/datanode-1/data/ratis/bb7b0d16-1b5a-4e79-9195-f6b997106acd/in_use.lock acquired by nodename 4032@fv-az377-460
2023-03-29 22:44:47,898 [pool-155-thread-1] INFO  storage.RaftStorage (RaftStorageImpl.java:format(96)) - Storage directory /home/runner/work/ozone/ozone/hadoop-ozone/integration-test/target/test-dir/MiniOzoneClusterImpl-bcbc84c2-519e-42a0-a817-fd35ffaa666a/datanode-1/data/ratis/bb7b0d16-1b5a-4e79-9195-f6b997106acd has been successfully formatted.
2023-03-29 22:44:47,899 [pool-155-thread-1] INFO  ratis.ContainerStateMachine (ContainerStateMachine.java:loadSnapshot(262)) - group-F6B997106ACD: The snapshot info is null. Setting the last applied indexto:(t:0, i:~)
2023-03-29 22:44:47,900 [pool-155-thread-1] INFO  server.RaftServerConfigKeys (ConfUtils.java:logGet(46)) - raft.server.log.use.memory = false (default)
2023-03-29 22:44:47,900 [pool-155-thread-1] INFO  server.RaftServerConfigKeys (ConfUtils.java:logGet(46)) - raft.server.log.purge.gap = 1000000 (custom)
2023-03-29 22:44:47,900 [pool-155-thread-1] INFO  server.RaftServerConfigKeys (ConfUtils.java:logGet(46)) - raft.server.log.appender.buffer.byte-limit = 33554432 (custom)
2023-03-29 22:44:47,900 [pool-155-thread-1] INFO  server.RaftServerConfigKeys (ConfUtils.java:logGet(46)) - raft.server.log.statemachine.data.read.timeout = 1000ms (default)
2023-03-29 22:44:47,900 [pool-155-thread-1] INFO  server.RaftServerConfigKeys (ConfUtils.java:logGet(46)) - raft.server.log.purge.preservation.log.num = 0 (default)
2023-03-29 22:44:47,900 [pool-155-thread-1] INFO  server.RaftServerConfigKeys (ConfUtils.java:logGet(46)) - raft.server.log.segment.size.max = 1048576 (custom)
2023-03-29 22:44:47,906 [pool-155-thread-1] INFO  server.RaftServerConfigKeys (ConfUtils.java:logGet(46)) - raft.server.log.segment.cache.num.max = 2 (custom)
2023-03-29 22:44:47,906 [pool-155-thread-1] INFO  server.RaftServerConfigKeys (ConfUtils.java:logGet(46)) - raft.server.log.segment.cache.size.max = 200MB (=209715200) (default)
2023-03-29 22:44:47,906 [pool-155-thread-1] INFO  segmented.SegmentedRaftLogWorker (SegmentedRaftLogWorker.java:<init>(189)) - new c28f674d-4a3a-4611-831e-e7d010a6b2ef@group-F6B997106ACD-SegmentedRaftLogWorker for RaftStorageImpl:Storage Directory /home/runner/work/ozone/ozone/hadoop-ozone/integration-test/target/test-dir/MiniOzoneClusterImpl-bcbc84c2-519e-42a0-a817-fd35ffaa666a/datanode-1/data/ratis/bb7b0d16-1b5a-4e79-9195-f6b997106acd
2023-03-29 22:44:47,906 [pool-155-thread-1] INFO  server.RaftServerConfigKeys (ConfUtils.java:logGet(46)) - raft.server.log.queue.byte-limit = 4294967296 (custom)
2023-03-29 22:44:47,906 [pool-155-thread-1] INFO  server.RaftServerConfigKeys (ConfUtils.java:logGet(46)) - raft.server.log.queue.element-limit = 1024 (custom)
2023-03-29 22:44:47,906 [pool-155-thread-1] INFO  server.RaftServerConfigKeys (ConfUtils.java:logGet(46)) - raft.server.log.segment.size.max = 1048576 (custom)
2023-03-29 22:44:47,906 [pool-155-thread-1] INFO  server.RaftServerConfigKeys (ConfUtils.java:logGet(46)) - raft.server.log.preallocated.size = 16384 (custom)
2023-03-29 22:44:47,906 [pool-155-thread-1] INFO  server.RaftServerConfigKeys (ConfUtils.java:logGet(46)) - raft.server.log.force.sync.num = 128 (default)
2023-03-29 22:44:47,906 [pool-155-thread-1] INFO  server.RaftServerConfigKeys (ConfUtils.java:logGet(46)) - raft.server.log.statemachine.data.sync = true (default)
2023-03-29 22:44:47,906 [pool-155-thread-1] INFO  server.RaftServerConfigKeys (ConfUtils.java:logGet(46)) - raft.server.log.statemachine.data.sync.timeout = 10s (default)
2023-03-29 22:44:47,906 [pool-155-thread-1] INFO  server.RaftServerConfigKeys (ConfUtils.java:logGet(46)) - raft.server.log.statemachine.data.sync.timeout.retry = -1 (default)
2023-03-29 22:44:47,908 [pool-155-thread-1] INFO  server.RaftServerConfigKeys (ConfUtils.java:logGet(46)) - raft.server.log.write.buffer.size = 1048576 (custom)
2023-03-29 22:44:47,909 [pool-155-thread-1] INFO  server.RaftServerConfigKeys (ConfUtils.java:logGet(46)) - raft.server.log.appender.buffer.byte-limit = 33554432 (custom)
2023-03-29 22:44:47,958 [pool-155-thread-1] INFO  server.RaftServerConfigKeys (ConfUtils.java:logGet(46)) - raft.server.log.unsafe-flush.enabled = false (default)
2023-03-29 22:44:47,959 [pool-155-thread-1] INFO  server.RaftServerConfigKeys (ConfUtils.java:logGet(46)) - raft.server.log.async-flush.enabled = false (default)
2023-03-29 22:44:47,959 [pool-155-thread-1] INFO  server.RaftServerConfigKeys (ConfUtils.java:logGet(46)) - raft.server.log.statemachine.data.caching.enabled = true (custom)
2023-03-29 22:44:47,962 [pool-155-thread-1] INFO  segmented.SegmentedRaftLogWorker (SegmentedRaftLogWorker.java:lambda$new$0(135)) - c28f674d-4a3a-4611-831e-e7d010a6b2ef@group-F6B997106ACD-SegmentedRaftLogWorker: flushIndex: setUnconditionally 0 -> -1
2023-03-29 22:44:47,962 [pool-155-thread-1] INFO  segmented.SegmentedRaftLogWorker (SegmentedRaftLogWorker.java:lambda$new$0(135)) - c28f674d-4a3a-4611-831e-e7d010a6b2ef@group-F6B997106ACD-SegmentedRaftLogWorker: safeCacheEvictIndex: setUnconditionally 0 -> -1
2023-03-29 22:44:47,962 [pool-155-thread-1] INFO  server.RaftServer$Division (RaftServerImpl.java:start(334)) - c28f674d-4a3a-4611-831e-e7d010a6b2ef@group-F6B997106ACD: start as a follower, conf=-1: peers:[e2c212f3-f97c-4b95-9960-0e6b8b9bb499|rpc:10.1.0.40:46101|dataStream:10.1.0.40:41817|priority:1|startupRole:FOLLOWER, c28f674d-4a3a-4611-831e-e7d010a6b2ef|rpc:10.1.0.40:38199|dataStream:10.1.0.40:46543|priority:0|startupRole:FOLLOWER, 9b024938-399e-4224-b1ed-691dfeb324e1|rpc:10.1.0.40:43659|dataStream:10.1.0.40:34389|priority:0|startupRole:FOLLOWER]|listeners:[], old=null
2023-03-29 22:44:47,962 [pool-155-thread-1] INFO  server.RaftServer$Division (RaftServerImpl.java:setRole(321)) - c28f674d-4a3a-4611-831e-e7d010a6b2ef@group-F6B997106ACD: changes role from      null to FOLLOWER at term 0 for startAsFollower
2023-03-29 22:44:47,962 [pool-155-thread-1] INFO  impl.RoleInfo (RoleInfo.java:updateAndGet(139)) - c28f674d-4a3a-4611-831e-e7d010a6b2ef: start c28f674d-4a3a-4611-831e-e7d010a6b2ef@group-F6B997106ACD-FollowerState
2023-03-29 22:44:47,963 [pool-155-thread-1] INFO  util.JmxRegister (JmxRegister.java:tryRegister(44)) - Successfully registered JMX Bean with object name Ratis:service=RaftServer,group=group-F6B997106ACD,id=c28f674d-4a3a-4611-831e-e7d010a6b2ef
2023-03-29 22:44:47,963 [pool-155-thread-1] INFO  server.RaftServerConfigKeys (ConfUtils.java:logGet(46)) - raft.server.snapshot.auto.trigger.enabled = true (custom)
2023-03-29 22:44:47,963 [pool-155-thread-1] INFO  server.RaftServerConfigKeys (ConfUtils.java:logGet(46)) - raft.server.snapshot.auto.trigger.threshold = 10000 (custom)
2023-03-29 22:44:47,963 [pool-155-thread-1] INFO  server.RaftServerConfigKeys (ConfUtils.java:logGet(46)) - raft.server.snapshot.retention.file.num = 5 (custom)
2023-03-29 22:44:47,963 [pool-155-thread-1] INFO  server.RaftServerConfigKeys (ConfUtils.java:logGet(46)) - raft.server.log.purge.upto.snapshot.index = false (default)
2023-03-29 22:44:47,964 [c28f674d-4a3a-4611-831e-e7d010a6b2ef@group-F6B997106ACD-FollowerState] INFO  server.RaftServerConfigKeys (ConfUtils.java:logFallback(53)) - raft.server.rpc.first-election.timeout.min = 5s (fallback to raft.server.rpc.timeout.min)
2023-03-29 22:44:47,967 [c28f674d-4a3a-4611-831e-e7d010a6b2ef@group-F6B997106ACD-FollowerState] INFO  server.RaftServerConfigKeys (ConfUtils.java:logFallback(53)) - raft.server.rpc.first-election.timeout.max = 5200ms (fallback to raft.server.rpc.timeout.max)
2023-03-29 22:44:48,023 [grpc-default-executor-1] INFO  server.RaftServer (RaftServerProxy.java:addNew(96)) - 9b024938-399e-4224-b1ed-691dfeb324e1: addNew group-F6B997106ACD:[e2c212f3-f97c-4b95-9960-0e6b8b9bb499|rpc:10.1.0.40:46101|dataStream:10.1.0.40:41817|priority:1|startupRole:FOLLOWER, c28f674d-4a3a-4611-831e-e7d010a6b2ef|rpc:10.1.0.40:38199|dataStream:10.1.0.40:46543|priority:0|startupRole:FOLLOWER, 9b024938-399e-4224-b1ed-691dfeb324e1|rpc:10.1.0.40:43659|dataStream:10.1.0.40:34389|priority:0|startupRole:FOLLOWER] returns group-F6B997106ACD:java.util.concurrent.CompletableFuture@2620f600[Not completed]
2023-03-29 22:44:48,026 [pool-177-thread-1] INFO  server.RaftServer$Division (RaftServerImpl.java:<init>(195)) - 9b024938-399e-4224-b1ed-691dfeb324e1: new RaftServerImpl for group-F6B997106ACD:[e2c212f3-f97c-4b95-9960-0e6b8b9bb499|rpc:10.1.0.40:46101|dataStream:10.1.0.40:41817|priority:1|startupRole:FOLLOWER, c28f674d-4a3a-4611-831e-e7d010a6b2ef|rpc:10.1.0.40:38199|dataStream:10.1.0.40:46543|priority:0|startupRole:FOLLOWER, 9b024938-399e-4224-b1ed-691dfeb324e1|rpc:10.1.0.40:43659|dataStream:10.1.0.40:34389|priority:0|startupRole:FOLLOWER] with ContainerStateMachine:uninitialized
2023-03-29 22:44:48,028 [pool-177-thread-1] INFO  server.RaftServerConfigKeys (ConfUtils.java:logGet(46)) - raft.server.rpc.timeout.min = 5s (custom)
2023-03-29 22:44:48,028 [pool-177-thread-1] INFO  server.RaftServerConfigKeys (ConfUtils.java:logGet(46)) - raft.server.rpc.timeout.max = 5200ms (custom)
2023-03-29 22:44:48,028 [pool-177-thread-1] INFO  server.RaftServerConfigKeys (ConfUtils.java:logGet(46)) - raft.server.rpc.sleep.time = 25ms (default)
2023-03-29 22:44:48,028 [pool-177-thread-1] INFO  server.RaftServerConfigKeys (ConfUtils.java:logGet(46)) - raft.server.rpc.slowness.timeout = 300s (custom)
2023-03-29 22:44:48,028 [pool-177-thread-1] INFO  server.RaftServerConfigKeys (ConfUtils.java:logGet(46)) - raft.server.leaderelection.leader.step-down.wait-time = 10s (default)
2023-03-29 22:44:48,028 [pool-177-thread-1] INFO  server.RaftServerConfigKeys (ConfUtils.java:logGet(46)) - raft.server.sleep.deviation.threshold = 300ms (default)
2023-03-29 22:44:48,028 [pool-177-thread-1] INFO  server.RaftServer$Division (ServerState.java:<init>(118)) - 9b024938-399e-4224-b1ed-691dfeb324e1@group-F6B997106ACD: ConfigurationManager, init=-1: peers:[e2c212f3-f97c-4b95-9960-0e6b8b9bb499|rpc:10.1.0.40:46101|dataStream:10.1.0.40:41817|priority:1|startupRole:FOLLOWER, c28f674d-4a3a-4611-831e-e7d010a6b2ef|rpc:10.1.0.40:38199|dataStream:10.1.0.40:46543|priority:0|startupRole:FOLLOWER, 9b024938-399e-4224-b1ed-691dfeb324e1|rpc:10.1.0.40:43659|dataStream:10.1.0.40:34389|priority:0|startupRole:FOLLOWER]|listeners:[], old=null, confs=<EMPTY_MAP>
2023-03-29 22:44:48,028 [pool-177-thread-1] INFO  server.RaftServerConfigKeys (ConfUtils.java:logGet(46)) - raft.server.storage.dir = [/home/runner/work/ozone/ozone/hadoop-ozone/integration-test/target/test-dir/MiniOzoneClusterImpl-bcbc84c2-519e-42a0-a817-fd35ffaa666a/datanode-2/data/ratis] (custom)
2023-03-29 22:44:48,029 [pool-177-thread-1] INFO  server.RaftServerConfigKeys (ConfUtils.java:logGet(46)) - raft.server.log.corruption.policy = EXCEPTION (default)
2023-03-29 22:44:48,029 [pool-177-thread-1] INFO  server.RaftServerConfigKeys (ConfUtils.java:logGet(46)) - raft.server.storage.free-space.min = 0MB (=0) (default)
2023-03-29 22:44:48,029 [pool-177-thread-1] INFO  server.RaftServerConfigKeys (ConfUtils.java:logGet(46)) - raft.server.notification.no-leader.timeout = 300s (custom)
2023-03-29 22:44:48,029 [pool-177-thread-1] INFO  server.RaftServerConfigKeys (ConfUtils.java:logGet(46)) - raft.server.retrycache.expirytime = 600000ms (custom)
2023-03-29 22:44:48,029 [pool-177-thread-1] INFO  server.RaftServerConfigKeys (ConfUtils.java:logGet(46)) - raft.server.retrycache.statistics.expirytime = 100μs (default)
2023-03-29 22:44:48,033 [pool-177-thread-1] INFO  server.RaftServerConfigKeys (ConfUtils.java:logGet(46)) - raft.server.log.appender.install.snapshot.enabled = false (custom)
2023-03-29 22:44:48,033 [pool-177-thread-1] INFO  server.RaftServerConfigKeys (ConfUtils.java:logGet(46)) - raft.server.threadpool.server.cached = true (default)
2023-03-29 22:44:48,033 [pool-177-thread-1] INFO  server.RaftServerConfigKeys (ConfUtils.java:logGet(46)) - raft.server.threadpool.server.size = 0 (default)
2023-03-29 22:44:48,033 [pool-177-thread-1] INFO  server.RaftServerConfigKeys (ConfUtils.java:logGet(46)) - raft.server.threadpool.client.cached = true (default)
2023-03-29 22:44:48,033 [pool-177-thread-1] INFO  server.RaftServerConfigKeys (ConfUtils.java:logGet(46)) - raft.server.threadpool.client.size = 0 (default)
2023-03-29 22:44:48,033 [pool-177-thread-1] INFO  storage.RaftStorageDirectory (RaftStorageDirectoryImpl.java:analyzeStorage(137)) - The storage directory /home/runner/work/ozone/ozone/hadoop-ozone/integration-test/target/test-dir/MiniOzoneClusterImpl-bcbc84c2-519e-42a0-a817-fd35ffaa666a/datanode-2/data/ratis/bb7b0d16-1b5a-4e79-9195-f6b997106acd does not exist. Creating ...
2023-03-29 22:44:48,035 [pool-177-thread-1] INFO  storage.RaftStorageDirectory (RaftStorageDirectoryImpl.java:tryLock(231)) - Lock on /home/runner/work/ozone/ozone/hadoop-ozone/integration-test/target/test-dir/MiniOzoneClusterImpl-bcbc84c2-519e-42a0-a817-fd35ffaa666a/datanode-2/data/ratis/bb7b0d16-1b5a-4e79-9195-f6b997106acd/in_use.lock acquired by nodename 4032@fv-az377-460
2023-03-29 22:44:48,037 [pool-177-thread-1] INFO  storage.RaftStorage (RaftStorageImpl.java:format(96)) - Storage directory /home/runner/work/ozone/ozone/hadoop-ozone/integration-test/target/test-dir/MiniOzoneClusterImpl-bcbc84c2-519e-42a0-a817-fd35ffaa666a/datanode-2/data/ratis/bb7b0d16-1b5a-4e79-9195-f6b997106acd has been successfully formatted.
2023-03-29 22:44:48,038 [pool-177-thread-1] INFO  ratis.ContainerStateMachine (ContainerStateMachine.java:loadSnapshot(262)) - group-F6B997106ACD: The snapshot info is null. Setting the last applied indexto:(t:0, i:~)
2023-03-29 22:44:48,038 [pool-177-thread-1] INFO  server.RaftServerConfigKeys (ConfUtils.java:logGet(46)) - raft.server.log.use.memory = false (default)
2023-03-29 22:44:48,039 [pool-177-thread-1] INFO  server.RaftServerConfigKeys (ConfUtils.java:logGet(46)) - raft.server.log.purge.gap = 1000000 (custom)
2023-03-29 22:44:48,039 [pool-177-thread-1] INFO  server.RaftServerConfigKeys (ConfUtils.java:logGet(46)) - raft.server.log.appender.buffer.byte-limit = 33554432 (custom)
2023-03-29 22:44:48,039 [pool-177-thread-1] INFO  server.RaftServerConfigKeys (ConfUtils.java:logGet(46)) - raft.server.log.statemachine.data.read.timeout = 1000ms (default)
2023-03-29 22:44:48,039 [pool-177-thread-1] INFO  server.RaftServerConfigKeys (ConfUtils.java:logGet(46)) - raft.server.log.purge.preservation.log.num = 0 (default)
2023-03-29 22:44:48,039 [pool-177-thread-1] INFO  server.RaftServerConfigKeys (ConfUtils.java:logGet(46)) - raft.server.log.segment.size.max = 1048576 (custom)
2023-03-29 22:44:48,051 [pool-177-thread-1] INFO  server.RaftServerConfigKeys (ConfUtils.java:logGet(46)) - raft.server.log.segment.cache.num.max = 2 (custom)
2023-03-29 22:44:48,051 [pool-177-thread-1] INFO  server.RaftServerConfigKeys (ConfUtils.java:logGet(46)) - raft.server.log.segment.cache.size.max = 200MB (=209715200) (default)
2023-03-29 22:44:48,051 [pool-177-thread-1] INFO  segmented.SegmentedRaftLogWorker (SegmentedRaftLogWorker.java:<init>(189)) - new 9b024938-399e-4224-b1ed-691dfeb324e1@group-F6B997106ACD-SegmentedRaftLogWorker for RaftStorageImpl:Storage Directory /home/runner/work/ozone/ozone/hadoop-ozone/integration-test/target/test-dir/MiniOzoneClusterImpl-bcbc84c2-519e-42a0-a817-fd35ffaa666a/datanode-2/data/ratis/bb7b0d16-1b5a-4e79-9195-f6b997106acd
2023-03-29 22:44:48,052 [pool-177-thread-1] INFO  server.RaftServerConfigKeys (ConfUtils.java:logGet(46)) - raft.server.log.queue.byte-limit = 4294967296 (custom)
2023-03-29 22:44:48,052 [pool-177-thread-1] INFO  server.RaftServerConfigKeys (ConfUtils.java:logGet(46)) - raft.server.log.queue.element-limit = 1024 (custom)
2023-03-29 22:44:48,052 [pool-177-thread-1] INFO  server.RaftServerConfigKeys (ConfUtils.java:logGet(46)) - raft.server.log.segment.size.max = 1048576 (custom)
2023-03-29 22:44:48,052 [pool-177-thread-1] INFO  server.RaftServerConfigKeys (ConfUtils.java:logGet(46)) - raft.server.log.preallocated.size = 16384 (custom)
2023-03-29 22:44:48,052 [pool-177-thread-1] INFO  server.RaftServerConfigKeys (ConfUtils.java:logGet(46)) - raft.server.log.force.sync.num = 128 (default)
2023-03-29 22:44:48,052 [pool-177-thread-1] INFO  server.RaftServerConfigKeys (ConfUtils.java:logGet(46)) - raft.server.log.statemachine.data.sync = true (default)
2023-03-29 22:44:48,052 [pool-177-thread-1] INFO  server.RaftServerConfigKeys (ConfUtils.java:logGet(46)) - raft.server.log.statemachine.data.sync.timeout = 10s (default)
2023-03-29 22:44:48,052 [pool-177-thread-1] INFO  server.RaftServerConfigKeys (ConfUtils.java:logGet(46)) - raft.server.log.statemachine.data.sync.timeout.retry = -1 (default)
2023-03-29 22:44:48,054 [pool-177-thread-1] INFO  server.RaftServerConfigKeys (ConfUtils.java:logGet(46)) - raft.server.log.write.buffer.size = 1048576 (custom)
2023-03-29 22:44:48,054 [pool-177-thread-1] INFO  server.RaftServerConfigKeys (ConfUtils.java:logGet(46)) - raft.server.log.appender.buffer.byte-limit = 33554432 (custom)
2023-03-29 22:44:48,062 [pool-177-thread-1] INFO  server.RaftServerConfigKeys (ConfUtils.java:logGet(46)) - raft.server.log.unsafe-flush.enabled = false (default)
2023-03-29 22:44:48,062 [pool-177-thread-1] INFO  server.RaftServerConfigKeys (ConfUtils.java:logGet(46)) - raft.server.log.async-flush.enabled = false (default)
2023-03-29 22:44:48,063 [pool-177-thread-1] INFO  server.RaftServerConfigKeys (ConfUtils.java:logGet(46)) - raft.server.log.statemachine.data.caching.enabled = true (custom)
2023-03-29 22:44:48,063 [pool-177-thread-1] INFO  segmented.SegmentedRaftLogWorker (SegmentedRaftLogWorker.java:lambda$new$0(135)) - 9b024938-399e-4224-b1ed-691dfeb324e1@group-F6B997106ACD-SegmentedRaftLogWorker: flushIndex: setUnconditionally 0 -> -1
2023-03-29 22:44:48,063 [pool-177-thread-1] INFO  segmented.SegmentedRaftLogWorker (SegmentedRaftLogWorker.java:lambda$new$0(135)) - 9b024938-399e-4224-b1ed-691dfeb324e1@group-F6B997106ACD-SegmentedRaftLogWorker: safeCacheEvictIndex: setUnconditionally 0 -> -1
2023-03-29 22:44:48,063 [pool-177-thread-1] INFO  server.RaftServer$Division (RaftServerImpl.java:start(334)) - 9b024938-399e-4224-b1ed-691dfeb324e1@group-F6B997106ACD: start as a follower, conf=-1: peers:[e2c212f3-f97c-4b95-9960-0e6b8b9bb499|rpc:10.1.0.40:46101|dataStream:10.1.0.40:41817|priority:1|startupRole:FOLLOWER, c28f674d-4a3a-4611-831e-e7d010a6b2ef|rpc:10.1.0.40:38199|dataStream:10.1.0.40:46543|priority:0|startupRole:FOLLOWER, 9b024938-399e-4224-b1ed-691dfeb324e1|rpc:10.1.0.40:43659|dataStream:10.1.0.40:34389|priority:0|startupRole:FOLLOWER]|listeners:[], old=null
2023-03-29 22:44:48,063 [pool-177-thread-1] INFO  server.RaftServer$Division (RaftServerImpl.java:setRole(321)) - 9b024938-399e-4224-b1ed-691dfeb324e1@group-F6B997106ACD: changes role from      null to FOLLOWER at term 0 for startAsFollower
2023-03-29 22:44:48,064 [pool-177-thread-1] INFO  impl.RoleInfo (RoleInfo.java:updateAndGet(139)) - 9b024938-399e-4224-b1ed-691dfeb324e1: start 9b024938-399e-4224-b1ed-691dfeb324e1@group-F6B997106ACD-FollowerState
2023-03-29 22:44:48,064 [pool-177-thread-1] INFO  util.JmxRegister (JmxRegister.java:tryRegister(44)) - Successfully registered JMX Bean with object name Ratis:service=RaftServer,group=group-F6B997106ACD,id=9b024938-399e-4224-b1ed-691dfeb324e1
2023-03-29 22:44:48,064 [pool-177-thread-1] INFO  server.RaftServerConfigKeys (ConfUtils.java:logGet(46)) - raft.server.snapshot.auto.trigger.enabled = true (custom)
2023-03-29 22:44:48,064 [pool-177-thread-1] INFO  server.RaftServerConfigKeys (ConfUtils.java:logGet(46)) - raft.server.snapshot.auto.trigger.threshold = 10000 (custom)
2023-03-29 22:44:48,065 [pool-177-thread-1] INFO  server.RaftServerConfigKeys (ConfUtils.java:logGet(46)) - raft.server.snapshot.retention.file.num = 5 (custom)
2023-03-29 22:44:48,065 [pool-177-thread-1] INFO  server.RaftServerConfigKeys (ConfUtils.java:logGet(46)) - raft.server.log.purge.upto.snapshot.index = false (default)
2023-03-29 22:44:48,066 [9b024938-399e-4224-b1ed-691dfeb324e1@group-F6B997106ACD-FollowerState] INFO  server.RaftServerConfigKeys (ConfUtils.java:logFallback(53)) - raft.server.rpc.first-election.timeout.min = 5s (fallback to raft.server.rpc.timeout.min)
2023-03-29 22:44:48,068 [9b024938-399e-4224-b1ed-691dfeb324e1@group-F6B997106ACD-FollowerState] INFO  server.RaftServerConfigKeys (ConfUtils.java:logFallback(53)) - raft.server.rpc.first-election.timeout.max = 5200ms (fallback to raft.server.rpc.timeout.max)
2023-03-29 22:44:48,075 [Command processor thread] INFO  commandhandler.CreatePipelineCommandHandler (CreatePipelineCommandHandler.java:handle(113)) - Created Pipeline RATIS THREE PipelineID=bb7b0d16-1b5a-4e79-9195-f6b997106acd.
2023-03-29 22:44:48,075 [Command processor thread] INFO  server.RaftServer (RaftServerProxy.java:addNew(96)) - e2c212f3-f97c-4b95-9960-0e6b8b9bb499: addNew group-B7C4666D76D8:[e2c212f3-f97c-4b95-9960-0e6b8b9bb499|rpc:10.1.0.40:46101|dataStream:10.1.0.40:41817|priority:0|startupRole:FOLLOWER, c28f674d-4a3a-4611-831e-e7d010a6b2ef|rpc:10.1.0.40:38199|dataStream:10.1.0.40:46543|priority:0|startupRole:FOLLOWER, 9b024938-399e-4224-b1ed-691dfeb324e1|rpc:10.1.0.40:43659|dataStream:10.1.0.40:34389|priority:1|startupRole:FOLLOWER] returns group-B7C4666D76D8:java.util.concurrent.CompletableFuture@20ff249f[Not completed]
2023-03-29 22:44:48,076 [pool-133-thread-1] INFO  server.RaftServer$Division (RaftServerImpl.java:<init>(195)) - e2c212f3-f97c-4b95-9960-0e6b8b9bb499: new RaftServerImpl for group-B7C4666D76D8:[e2c212f3-f97c-4b95-9960-0e6b8b9bb499|rpc:10.1.0.40:46101|dataStream:10.1.0.40:41817|priority:0|startupRole:FOLLOWER, c28f674d-4a3a-4611-831e-e7d010a6b2ef|rpc:10.1.0.40:38199|dataStream:10.1.0.40:46543|priority:0|startupRole:FOLLOWER, 9b024938-399e-4224-b1ed-691dfeb324e1|rpc:10.1.0.40:43659|dataStream:10.1.0.40:34389|priority:1|startupRole:FOLLOWER] with ContainerStateMachine:uninitialized
2023-03-29 22:44:48,077 [pool-133-thread-1] INFO  server.RaftServerConfigKeys (ConfUtils.java:logGet(46)) - raft.server.rpc.timeout.min = 5s (custom)
2023-03-29 22:44:48,077 [pool-133-thread-1] INFO  server.RaftServerConfigKeys (ConfUtils.java:logGet(46)) - raft.server.rpc.timeout.max = 5200ms (custom)
2023-03-29 22:44:48,077 [pool-133-thread-1] INFO  server.RaftServerConfigKeys (ConfUtils.java:logGet(46)) - raft.server.rpc.sleep.time = 25ms (default)
2023-03-29 22:44:48,077 [pool-133-thread-1] INFO  server.RaftServerConfigKeys (ConfUtils.java:logGet(46)) - raft.server.rpc.slowness.timeout = 300s (custom)
2023-03-29 22:44:48,077 [pool-133-thread-1] INFO  server.RaftServerConfigKeys (ConfUtils.java:logGet(46)) - raft.server.leaderelection.leader.step-down.wait-time = 10s (default)
2023-03-29 22:44:48,077 [pool-133-thread-1] INFO  server.RaftServerConfigKeys (ConfUtils.java:logGet(46)) - raft.server.sleep.deviation.threshold = 300ms (default)
2023-03-29 22:44:48,077 [pool-133-thread-1] INFO  server.RaftServer$Division (ServerState.java:<init>(118)) - e2c212f3-f97c-4b95-9960-0e6b8b9bb499@group-B7C4666D76D8: ConfigurationManager, init=-1: peers:[e2c212f3-f97c-4b95-9960-0e6b8b9bb499|rpc:10.1.0.40:46101|dataStream:10.1.0.40:41817|priority:0|startupRole:FOLLOWER, c28f674d-4a3a-4611-831e-e7d010a6b2ef|rpc:10.1.0.40:38199|dataStream:10.1.0.40:46543|priority:0|startupRole:FOLLOWER, 9b024938-399e-4224-b1ed-691dfeb324e1|rpc:10.1.0.40:43659|dataStream:10.1.0.40:34389|priority:1|startupRole:FOLLOWER]|listeners:[], old=null, confs=<EMPTY_MAP>
2023-03-29 22:44:48,077 [pool-133-thread-1] INFO  server.RaftServerConfigKeys (ConfUtils.java:logGet(46)) - raft.server.storage.dir = [/home/runner/work/ozone/ozone/hadoop-ozone/integration-test/target/test-dir/MiniOzoneClusterImpl-bcbc84c2-519e-42a0-a817-fd35ffaa666a/datanode-0/data/ratis] (custom)
2023-03-29 22:44:48,077 [pool-133-thread-1] INFO  server.RaftServerConfigKeys (ConfUtils.java:logGet(46)) - raft.server.log.corruption.policy = EXCEPTION (default)
2023-03-29 22:44:48,077 [pool-133-thread-1] INFO  server.RaftServerConfigKeys (ConfUtils.java:logGet(46)) - raft.server.storage.free-space.min = 0MB (=0) (default)
2023-03-29 22:44:48,077 [pool-133-thread-1] INFO  server.RaftServerConfigKeys (ConfUtils.java:logGet(46)) - raft.server.notification.no-leader.timeout = 300s (custom)
2023-03-29 22:44:48,078 [pool-133-thread-1] INFO  server.RaftServerConfigKeys (ConfUtils.java:logGet(46)) - raft.server.retrycache.expirytime = 600000ms (custom)
2023-03-29 22:44:48,078 [pool-133-thread-1] INFO  server.RaftServerConfigKeys (ConfUtils.java:logGet(46)) - raft.server.retrycache.statistics.expirytime = 100μs (default)
2023-03-29 22:44:48,079 [pool-133-thread-1] INFO  server.RaftServerConfigKeys (ConfUtils.java:logGet(46)) - raft.server.log.appender.install.snapshot.enabled = false (custom)
2023-03-29 22:44:48,079 [pool-133-thread-1] INFO  server.RaftServerConfigKeys (ConfUtils.java:logGet(46)) - raft.server.threadpool.server.cached = true (default)
2023-03-29 22:44:48,079 [pool-133-thread-1] INFO  server.RaftServerConfigKeys (ConfUtils.java:logGet(46)) - raft.server.threadpool.server.size = 0 (default)
2023-03-29 22:44:48,079 [pool-133-thread-1] INFO  server.RaftServerConfigKeys (ConfUtils.java:logGet(46)) - raft.server.threadpool.client.cached = true (default)
2023-03-29 22:44:48,079 [pool-133-thread-1] INFO  server.RaftServerConfigKeys (ConfUtils.java:logGet(46)) - raft.server.threadpool.client.size = 0 (default)
2023-03-29 22:44:48,079 [pool-133-thread-1] INFO  storage.RaftStorageDirectory (RaftStorageDirectoryImpl.java:analyzeStorage(137)) - The storage directory /home/runner/work/ozone/ozone/hadoop-ozone/integration-test/target/test-dir/MiniOzoneClusterImpl-bcbc84c2-519e-42a0-a817-fd35ffaa666a/datanode-0/data/ratis/a216516e-edd3-4b56-a7b7-b7c4666d76d8 does not exist. Creating ...
2023-03-29 22:44:48,080 [pool-133-thread-1] INFO  storage.RaftStorageDirectory (RaftStorageDirectoryImpl.java:tryLock(231)) - Lock on /home/runner/work/ozone/ozone/hadoop-ozone/integration-test/target/test-dir/MiniOzoneClusterImpl-bcbc84c2-519e-42a0-a817-fd35ffaa666a/datanode-0/data/ratis/a216516e-edd3-4b56-a7b7-b7c4666d76d8/in_use.lock acquired by nodename 4032@fv-az377-460
2023-03-29 22:44:48,081 [pool-133-thread-1] INFO  storage.RaftStorage (RaftStorageImpl.java:format(96)) - Storage directory /home/runner/work/ozone/ozone/hadoop-ozone/integration-test/target/test-dir/MiniOzoneClusterImpl-bcbc84c2-519e-42a0-a817-fd35ffaa666a/datanode-0/data/ratis/a216516e-edd3-4b56-a7b7-b7c4666d76d8 has been successfully formatted.
2023-03-29 22:44:48,083 [pool-133-thread-1] INFO  ratis.ContainerStateMachine (ContainerStateMachine.java:loadSnapshot(262)) - group-B7C4666D76D8: The snapshot info is null. Setting the last applied indexto:(t:0, i:~)
2023-03-29 22:44:48,083 [pool-133-thread-1] INFO  server.RaftServerConfigKeys (ConfUtils.java:logGet(46)) - raft.server.log.use.memory = false (default)
2023-03-29 22:44:48,084 [pool-133-thread-1] INFO  server.RaftServerConfigKeys (ConfUtils.java:logGet(46)) - raft.server.log.purge.gap = 1000000 (custom)
2023-03-29 22:44:48,084 [pool-133-thread-1] INFO  server.RaftServerConfigKeys (ConfUtils.java:logGet(46)) - raft.server.log.appender.buffer.byte-limit = 33554432 (custom)
2023-03-29 22:44:48,084 [pool-133-thread-1] INFO  server.RaftServerConfigKeys (ConfUtils.java:logGet(46)) - raft.server.log.statemachine.data.read.timeout = 1000ms (default)
2023-03-29 22:44:48,084 [pool-133-thread-1] INFO  server.RaftServerConfigKeys (ConfUtils.java:logGet(46)) - raft.server.log.purge.preservation.log.num = 0 (default)
2023-03-29 22:44:48,084 [EventQueue-OpenPipelineForHealthyPipelineSafeModeRule] INFO  safemode.SCMSafeModeManager (HealthyPipelineSafeModeRule.java:process(137)) - SCM in safe mode. Healthy pipelines reported count is 0, required healthy pipeline reported count is 1
2023-03-29 22:44:48,085 [pool-133-thread-1] INFO  server.RaftServerConfigKeys (ConfUtils.java:logGet(46)) - raft.server.log.segment.size.max = 1048576 (custom)
2023-03-29 22:44:48,087 [pool-133-thread-1] INFO  server.RaftServerConfigKeys (ConfUtils.java:logGet(46)) - raft.server.log.segment.cache.num.max = 2 (custom)
2023-03-29 22:44:48,087 [pool-133-thread-1] INFO  server.RaftServerConfigKeys (ConfUtils.java:logGet(46)) - raft.server.log.segment.cache.size.max = 200MB (=209715200) (default)
2023-03-29 22:44:48,087 [pool-133-thread-1] INFO  segmented.SegmentedRaftLogWorker (SegmentedRaftLogWorker.java:<init>(189)) - new e2c212f3-f97c-4b95-9960-0e6b8b9bb499@group-B7C4666D76D8-SegmentedRaftLogWorker for RaftStorageImpl:Storage Directory /home/runner/work/ozone/ozone/hadoop-ozone/integration-test/target/test-dir/MiniOzoneClusterImpl-bcbc84c2-519e-42a0-a817-fd35ffaa666a/datanode-0/data/ratis/a216516e-edd3-4b56-a7b7-b7c4666d76d8
2023-03-29 22:44:48,087 [pool-133-thread-1] INFO  server.RaftServerConfigKeys (ConfUtils.java:logGet(46)) - raft.server.log.queue.byte-limit = 4294967296 (custom)
2023-03-29 22:44:48,087 [pool-133-thread-1] INFO  server.RaftServerConfigKeys (ConfUtils.java:logGet(46)) - raft.server.log.queue.element-limit = 1024 (custom)
2023-03-29 22:44:48,087 [pool-133-thread-1] INFO  server.RaftServerConfigKeys (ConfUtils.java:logGet(46)) - raft.server.log.segment.size.max = 1048576 (custom)
2023-03-29 22:44:48,087 [pool-133-thread-1] INFO  server.RaftServerConfigKeys (ConfUtils.java:logGet(46)) - raft.server.log.preallocated.size = 16384 (custom)
2023-03-29 22:44:48,087 [pool-133-thread-1] INFO  server.RaftServerConfigKeys (ConfUtils.java:logGet(46)) - raft.server.log.force.sync.num = 128 (default)
2023-03-29 22:44:48,087 [pool-133-thread-1] INFO  server.RaftServerConfigKeys (ConfUtils.java:logGet(46)) - raft.server.log.statemachine.data.sync = true (default)
2023-03-29 22:44:48,087 [pool-133-thread-1] INFO  server.RaftServerConfigKeys (ConfUtils.java:logGet(46)) - raft.server.log.statemachine.data.sync.timeout = 10s (default)
2023-03-29 22:44:48,087 [pool-133-thread-1] INFO  server.RaftServerConfigKeys (ConfUtils.java:logGet(46)) - raft.server.log.statemachine.data.sync.timeout.retry = -1 (default)
2023-03-29 22:44:48,088 [pool-133-thread-1] INFO  server.RaftServerConfigKeys (ConfUtils.java:logGet(46)) - raft.server.log.write.buffer.size = 1048576 (custom)
2023-03-29 22:44:48,089 [pool-133-thread-1] INFO  server.RaftServerConfigKeys (ConfUtils.java:logGet(46)) - raft.server.log.appender.buffer.byte-limit = 33554432 (custom)
2023-03-29 22:44:48,095 [pool-133-thread-1] INFO  server.RaftServerConfigKeys (ConfUtils.java:logGet(46)) - raft.server.log.unsafe-flush.enabled = false (default)
2023-03-29 22:44:48,095 [pool-133-thread-1] INFO  server.RaftServerConfigKeys (ConfUtils.java:logGet(46)) - raft.server.log.async-flush.enabled = false (default)
2023-03-29 22:44:48,095 [pool-133-thread-1] INFO  server.RaftServerConfigKeys (ConfUtils.java:logGet(46)) - raft.server.log.statemachine.data.caching.enabled = true (custom)
2023-03-29 22:44:48,095 [pool-133-thread-1] INFO  segmented.SegmentedRaftLogWorker (SegmentedRaftLogWorker.java:lambda$new$0(135)) - e2c212f3-f97c-4b95-9960-0e6b8b9bb499@group-B7C4666D76D8-SegmentedRaftLogWorker: flushIndex: setUnconditionally 0 -> -1
2023-03-29 22:44:48,095 [pool-133-thread-1] INFO  segmented.SegmentedRaftLogWorker (SegmentedRaftLogWorker.java:lambda$new$0(135)) - e2c212f3-f97c-4b95-9960-0e6b8b9bb499@group-B7C4666D76D8-SegmentedRaftLogWorker: safeCacheEvictIndex: setUnconditionally 0 -> -1
2023-03-29 22:44:48,096 [pool-133-thread-1] INFO  server.RaftServer$Division (RaftServerImpl.java:start(334)) - e2c212f3-f97c-4b95-9960-0e6b8b9bb499@group-B7C4666D76D8: start as a follower, conf=-1: peers:[e2c212f3-f97c-4b95-9960-0e6b8b9bb499|rpc:10.1.0.40:46101|dataStream:10.1.0.40:41817|priority:0|startupRole:FOLLOWER, c28f674d-4a3a-4611-831e-e7d010a6b2ef|rpc:10.1.0.40:38199|dataStream:10.1.0.40:46543|priority:0|startupRole:FOLLOWER, 9b024938-399e-4224-b1ed-691dfeb324e1|rpc:10.1.0.40:43659|dataStream:10.1.0.40:34389|priority:1|startupRole:FOLLOWER]|listeners:[], old=null
2023-03-29 22:44:48,096 [pool-133-thread-1] INFO  server.RaftServer$Division (RaftServerImpl.java:setRole(321)) - e2c212f3-f97c-4b95-9960-0e6b8b9bb499@group-B7C4666D76D8: changes role from      null to FOLLOWER at term 0 for startAsFollower
2023-03-29 22:44:48,096 [pool-133-thread-1] INFO  impl.RoleInfo (RoleInfo.java:updateAndGet(139)) - e2c212f3-f97c-4b95-9960-0e6b8b9bb499: start e2c212f3-f97c-4b95-9960-0e6b8b9bb499@group-B7C4666D76D8-FollowerState
2023-03-29 22:44:48,096 [pool-133-thread-1] INFO  util.JmxRegister (JmxRegister.java:tryRegister(44)) - Successfully registered JMX Bean with object name Ratis:service=RaftServer,group=group-B7C4666D76D8,id=e2c212f3-f97c-4b95-9960-0e6b8b9bb499
2023-03-29 22:44:48,096 [pool-133-thread-1] INFO  server.RaftServerConfigKeys (ConfUtils.java:logGet(46)) - raft.server.snapshot.auto.trigger.enabled = true (custom)
2023-03-29 22:44:48,096 [pool-133-thread-1] INFO  server.RaftServerConfigKeys (ConfUtils.java:logGet(46)) - raft.server.snapshot.auto.trigger.threshold = 10000 (custom)
2023-03-29 22:44:48,096 [pool-133-thread-1] INFO  server.RaftServerConfigKeys (ConfUtils.java:logGet(46)) - raft.server.snapshot.retention.file.num = 5 (custom)
2023-03-29 22:44:48,097 [pool-133-thread-1] INFO  server.RaftServerConfigKeys (ConfUtils.java:logGet(46)) - raft.server.log.purge.upto.snapshot.index = false (default)
2023-03-29 22:44:48,097 [Command processor thread] INFO  ratis.XceiverServerRatis (XceiverServerRatis.java:addGroup(806)) - Created group PipelineID=a216516e-edd3-4b56-a7b7-b7c4666d76d8
2023-03-29 22:44:48,107 [e2c212f3-f97c-4b95-9960-0e6b8b9bb499@group-B7C4666D76D8-FollowerState] INFO  server.RaftServerConfigKeys (ConfUtils.java:logFallback(53)) - raft.server.rpc.first-election.timeout.min = 5s (fallback to raft.server.rpc.timeout.min)
2023-03-29 22:44:48,107 [e2c212f3-f97c-4b95-9960-0e6b8b9bb499@group-B7C4666D76D8-FollowerState] INFO  server.RaftServerConfigKeys (ConfUtils.java:logFallback(53)) - raft.server.rpc.first-election.timeout.max = 5200ms (fallback to raft.server.rpc.timeout.max)
2023-03-29 22:44:48,114 [Command processor thread] INFO  server.RaftServer (RaftServerProxy.java:addNew(96)) - c28f674d-4a3a-4611-831e-e7d010a6b2ef: addNew group-AE24D76C8237:[c28f674d-4a3a-4611-831e-e7d010a6b2ef|rpc:10.1.0.40:38199|dataStream:10.1.0.40:46543|priority:1|startupRole:FOLLOWER] returns group-AE24D76C8237:java.util.concurrent.CompletableFuture@5ec0913e[Not completed]
2023-03-29 22:44:48,115 [grpc-default-executor-1] INFO  server.RaftServer (RaftServerProxy.java:addNew(96)) - 9b024938-399e-4224-b1ed-691dfeb324e1: addNew group-B7C4666D76D8:[e2c212f3-f97c-4b95-9960-0e6b8b9bb499|rpc:10.1.0.40:46101|dataStream:10.1.0.40:41817|priority:0|startupRole:FOLLOWER, c28f674d-4a3a-4611-831e-e7d010a6b2ef|rpc:10.1.0.40:38199|dataStream:10.1.0.40:46543|priority:0|startupRole:FOLLOWER, 9b024938-399e-4224-b1ed-691dfeb324e1|rpc:10.1.0.40:43659|dataStream:10.1.0.40:34389|priority:1|startupRole:FOLLOWER] returns group-B7C4666D76D8:java.util.concurrent.CompletableFuture@7467bae8[Not completed]
2023-03-29 22:44:48,116 [pool-155-thread-1] INFO  server.RaftServer$Division (RaftServerImpl.java:<init>(195)) - c28f674d-4a3a-4611-831e-e7d010a6b2ef: new RaftServerImpl for group-AE24D76C8237:[c28f674d-4a3a-4611-831e-e7d010a6b2ef|rpc:10.1.0.40:38199|dataStream:10.1.0.40:46543|priority:1|startupRole:FOLLOWER] with ContainerStateMachine:uninitialized
2023-03-29 22:44:48,116 [pool-155-thread-1] INFO  server.RaftServerConfigKeys (ConfUtils.java:logGet(46)) - raft.server.rpc.timeout.min = 5s (custom)
2023-03-29 22:44:48,116 [pool-155-thread-1] INFO  server.RaftServerConfigKeys (ConfUtils.java:logGet(46)) - raft.server.rpc.timeout.max = 5200ms (custom)
2023-03-29 22:44:48,116 [pool-155-thread-1] INFO  server.RaftServerConfigKeys (ConfUtils.java:logGet(46)) - raft.server.rpc.sleep.time = 25ms (default)
2023-03-29 22:44:48,116 [pool-155-thread-1] INFO  server.RaftServerConfigKeys (ConfUtils.java:logGet(46)) - raft.server.rpc.slowness.timeout = 300s (custom)
2023-03-29 22:44:48,116 [pool-155-thread-1] INFO  server.RaftServerConfigKeys (ConfUtils.java:logGet(46)) - raft.server.leaderelection.leader.step-down.wait-time = 10s (default)
2023-03-29 22:44:48,116 [pool-155-thread-1] INFO  server.RaftServerConfigKeys (ConfUtils.java:logGet(46)) - raft.server.sleep.deviation.threshold = 300ms (default)
2023-03-29 22:44:48,116 [pool-155-thread-1] INFO  server.RaftServer$Division (ServerState.java:<init>(118)) - c28f674d-4a3a-4611-831e-e7d010a6b2ef@group-AE24D76C8237: ConfigurationManager, init=-1: peers:[c28f674d-4a3a-4611-831e-e7d010a6b2ef|rpc:10.1.0.40:38199|dataStream:10.1.0.40:46543|priority:1|startupRole:FOLLOWER]|listeners:[], old=null, confs=<EMPTY_MAP>
2023-03-29 22:44:48,116 [pool-177-thread-1] INFO  server.RaftServer$Division (RaftServerImpl.java:<init>(195)) - 9b024938-399e-4224-b1ed-691dfeb324e1: new RaftServerImpl for group-B7C4666D76D8:[e2c212f3-f97c-4b95-9960-0e6b8b9bb499|rpc:10.1.0.40:46101|dataStream:10.1.0.40:41817|priority:0|startupRole:FOLLOWER, c28f674d-4a3a-4611-831e-e7d010a6b2ef|rpc:10.1.0.40:38199|dataStream:10.1.0.40:46543|priority:0|startupRole:FOLLOWER, 9b024938-399e-4224-b1ed-691dfeb324e1|rpc:10.1.0.40:43659|dataStream:10.1.0.40:34389|priority:1|startupRole:FOLLOWER] with ContainerStateMachine:uninitialized
2023-03-29 22:44:48,116 [pool-155-thread-1] INFO  server.RaftServerConfigKeys (ConfUtils.java:logGet(46)) - raft.server.storage.dir = [/home/runner/work/ozone/ozone/hadoop-ozone/integration-test/target/test-dir/MiniOzoneClusterImpl-bcbc84c2-519e-42a0-a817-fd35ffaa666a/datanode-1/data/ratis] (custom)
2023-03-29 22:44:48,117 [pool-177-thread-1] INFO  server.RaftServerConfigKeys (ConfUtils.java:logGet(46)) - raft.server.rpc.timeout.min = 5s (custom)
2023-03-29 22:44:48,118 [pool-177-thread-1] INFO  server.RaftServerConfigKeys (ConfUtils.java:logGet(46)) - raft.server.rpc.timeout.max = 5200ms (custom)
2023-03-29 22:44:48,118 [pool-177-thread-1] INFO  server.RaftServerConfigKeys (ConfUtils.java:logGet(46)) - raft.server.rpc.sleep.time = 25ms (default)
2023-03-29 22:44:48,118 [pool-177-thread-1] INFO  server.RaftServerConfigKeys (ConfUtils.java:logGet(46)) - raft.server.rpc.slowness.timeout = 300s (custom)
2023-03-29 22:44:48,118 [pool-177-thread-1] INFO  server.RaftServerConfigKeys (ConfUtils.java:logGet(46)) - raft.server.leaderelection.leader.step-down.wait-time = 10s (default)
2023-03-29 22:44:48,118 [pool-177-thread-1] INFO  server.RaftServerConfigKeys (ConfUtils.java:logGet(46)) - raft.server.sleep.deviation.threshold = 300ms (default)
2023-03-29 22:44:48,118 [pool-177-thread-1] INFO  server.RaftServer$Division (ServerState.java:<init>(118)) - 9b024938-399e-4224-b1ed-691dfeb324e1@group-B7C4666D76D8: ConfigurationManager, init=-1: peers:[e2c212f3-f97c-4b95-9960-0e6b8b9bb499|rpc:10.1.0.40:46101|dataStream:10.1.0.40:41817|priority:0|startupRole:FOLLOWER, c28f674d-4a3a-4611-831e-e7d010a6b2ef|rpc:10.1.0.40:38199|dataStream:10.1.0.40:46543|priority:0|startupRole:FOLLOWER, 9b024938-399e-4224-b1ed-691dfeb324e1|rpc:10.1.0.40:43659|dataStream:10.1.0.40:34389|priority:1|startupRole:FOLLOWER]|listeners:[], old=null, confs=<EMPTY_MAP>
2023-03-29 22:44:48,118 [pool-177-thread-1] INFO  server.RaftServerConfigKeys (ConfUtils.java:logGet(46)) - raft.server.storage.dir = [/home/runner/work/ozone/ozone/hadoop-ozone/integration-test/target/test-dir/MiniOzoneClusterImpl-bcbc84c2-519e-42a0-a817-fd35ffaa666a/datanode-2/data/ratis] (custom)
2023-03-29 22:44:48,118 [pool-177-thread-1] INFO  server.RaftServerConfigKeys (ConfUtils.java:logGet(46)) - raft.server.log.corruption.policy = EXCEPTION (default)
2023-03-29 22:44:48,118 [pool-177-thread-1] INFO  server.RaftServerConfigKeys (ConfUtils.java:logGet(46)) - raft.server.storage.free-space.min = 0MB (=0) (default)
2023-03-29 22:44:48,118 [pool-177-thread-1] INFO  server.RaftServerConfigKeys (ConfUtils.java:logGet(46)) - raft.server.notification.no-leader.timeout = 300s (custom)
2023-03-29 22:44:48,118 [pool-177-thread-1] INFO  server.RaftServerConfigKeys (ConfUtils.java:logGet(46)) - raft.server.retrycache.expirytime = 600000ms (custom)
2023-03-29 22:44:48,118 [pool-177-thread-1] INFO  server.RaftServerConfigKeys (ConfUtils.java:logGet(46)) - raft.server.retrycache.statistics.expirytime = 100μs (default)
2023-03-29 22:44:48,119 [pool-177-thread-1] INFO  server.RaftServerConfigKeys (ConfUtils.java:logGet(46)) - raft.server.log.appender.install.snapshot.enabled = false (custom)
2023-03-29 22:44:48,119 [pool-177-thread-1] INFO  server.RaftServerConfigKeys (ConfUtils.java:logGet(46)) - raft.server.threadpool.server.cached = true (default)
2023-03-29 22:44:48,120 [pool-177-thread-1] INFO  server.RaftServerConfigKeys (ConfUtils.java:logGet(46)) - raft.server.threadpool.server.size = 0 (default)
2023-03-29 22:44:48,124 [pool-155-thread-1] INFO  server.RaftServerConfigKeys (ConfUtils.java:logGet(46)) - raft.server.log.corruption.policy = EXCEPTION (default)
2023-03-29 22:44:48,129 [pool-155-thread-1] INFO  server.RaftServerConfigKeys (ConfUtils.java:logGet(46)) - raft.server.storage.free-space.min = 0MB (=0) (default)
2023-03-29 22:44:48,130 [pool-155-thread-1] INFO  server.RaftServerConfigKeys (ConfUtils.java:logGet(46)) - raft.server.notification.no-leader.timeout = 300s (custom)
2023-03-29 22:44:48,130 [pool-155-thread-1] INFO  server.RaftServerConfigKeys (ConfUtils.java:logGet(46)) - raft.server.retrycache.expirytime = 600000ms (custom)
2023-03-29 22:44:48,130 [pool-155-thread-1] INFO  server.RaftServerConfigKeys (ConfUtils.java:logGet(46)) - raft.server.retrycache.statistics.expirytime = 100μs (default)
2023-03-29 22:44:48,131 [pool-155-thread-1] INFO  server.RaftServerConfigKeys (ConfUtils.java:logGet(46)) - raft.server.log.appender.install.snapshot.enabled = false (custom)
2023-03-29 22:44:48,131 [pool-155-thread-1] INFO  server.RaftServerConfigKeys (ConfUtils.java:logGet(46)) - raft.server.threadpool.server.cached = true (default)
2023-03-29 22:44:48,131 [pool-155-thread-1] INFO  server.RaftServerConfigKeys (ConfUtils.java:logGet(46)) - raft.server.threadpool.server.size = 0 (default)
2023-03-29 22:44:48,131 [pool-155-thread-1] INFO  server.RaftServerConfigKeys (ConfUtils.java:logGet(46)) - raft.server.threadpool.client.cached = true (default)
2023-03-29 22:44:48,131 [pool-155-thread-1] INFO  server.RaftServerConfigKeys (ConfUtils.java:logGet(46)) - raft.server.threadpool.client.size = 0 (default)
2023-03-29 22:44:48,131 [pool-155-thread-1] INFO  storage.RaftStorageDirectory (RaftStorageDirectoryImpl.java:analyzeStorage(137)) - The storage directory /home/runner/work/ozone/ozone/hadoop-ozone/integration-test/target/test-dir/MiniOzoneClusterImpl-bcbc84c2-519e-42a0-a817-fd35ffaa666a/datanode-1/data/ratis/09fca888-0dde-4d17-808e-ae24d76c8237 does not exist. Creating ...
2023-03-29 22:44:48,126 [pool-177-thread-1] INFO  server.RaftServerConfigKeys (ConfUtils.java:logGet(46)) - raft.server.threadpool.client.cached = true (default)
2023-03-29 22:44:48,132 [pool-177-thread-1] INFO  server.RaftServerConfigKeys (ConfUtils.java:logGet(46)) - raft.server.threadpool.client.size = 0 (default)
2023-03-29 22:44:48,132 [pool-177-thread-1] INFO  storage.RaftStorageDirectory (RaftStorageDirectoryImpl.java:analyzeStorage(137)) - The storage directory /home/runner/work/ozone/ozone/hadoop-ozone/integration-test/target/test-dir/MiniOzoneClusterImpl-bcbc84c2-519e-42a0-a817-fd35ffaa666a/datanode-2/data/ratis/a216516e-edd3-4b56-a7b7-b7c4666d76d8 does not exist. Creating ...
2023-03-29 22:44:48,133 [pool-155-thread-1] INFO  storage.RaftStorageDirectory (RaftStorageDirectoryImpl.java:tryLock(231)) - Lock on /home/runner/work/ozone/ozone/hadoop-ozone/integration-test/target/test-dir/MiniOzoneClusterImpl-bcbc84c2-519e-42a0-a817-fd35ffaa666a/datanode-1/data/ratis/09fca888-0dde-4d17-808e-ae24d76c8237/in_use.lock acquired by nodename 4032@fv-az377-460
2023-03-29 22:44:48,133 [pool-177-thread-1] INFO  storage.RaftStorageDirectory (RaftStorageDirectoryImpl.java:tryLock(231)) - Lock on /home/runner/work/ozone/ozone/hadoop-ozone/integration-test/target/test-dir/MiniOzoneClusterImpl-bcbc84c2-519e-42a0-a817-fd35ffaa666a/datanode-2/data/ratis/a216516e-edd3-4b56-a7b7-b7c4666d76d8/in_use.lock acquired by nodename 4032@fv-az377-460
2023-03-29 22:44:48,135 [pool-155-thread-1] INFO  storage.RaftStorage (RaftStorageImpl.java:format(96)) - Storage directory /home/runner/work/ozone/ozone/hadoop-ozone/integration-test/target/test-dir/MiniOzoneClusterImpl-bcbc84c2-519e-42a0-a817-fd35ffaa666a/datanode-1/data/ratis/09fca888-0dde-4d17-808e-ae24d76c8237 has been successfully formatted.
2023-03-29 22:44:48,135 [pool-155-thread-1] INFO  ratis.ContainerStateMachine (ContainerStateMachine.java:loadSnapshot(262)) - group-AE24D76C8237: The snapshot info is null. Setting the last applied indexto:(t:0, i:~)
2023-03-29 22:44:48,135 [pool-155-thread-1] INFO  server.RaftServerConfigKeys (ConfUtils.java:logGet(46)) - raft.server.log.use.memory = false (default)
2023-03-29 22:44:48,135 [pool-155-thread-1] INFO  server.RaftServerConfigKeys (ConfUtils.java:logGet(46)) - raft.server.log.purge.gap = 1000000 (custom)
2023-03-29 22:44:48,135 [pool-155-thread-1] INFO  server.RaftServerConfigKeys (ConfUtils.java:logGet(46)) - raft.server.log.appender.buffer.byte-limit = 33554432 (custom)
2023-03-29 22:44:48,136 [pool-155-thread-1] INFO  server.RaftServerConfigKeys (ConfUtils.java:logGet(46)) - raft.server.log.statemachine.data.read.timeout = 1000ms (default)
2023-03-29 22:44:48,136 [pool-155-thread-1] INFO  server.RaftServerConfigKeys (ConfUtils.java:logGet(46)) - raft.server.log.purge.preservation.log.num = 0 (default)
2023-03-29 22:44:48,136 [pool-177-thread-1] INFO  storage.RaftStorage (RaftStorageImpl.java:format(96)) - Storage directory /home/runner/work/ozone/ozone/hadoop-ozone/integration-test/target/test-dir/MiniOzoneClusterImpl-bcbc84c2-519e-42a0-a817-fd35ffaa666a/datanode-2/data/ratis/a216516e-edd3-4b56-a7b7-b7c4666d76d8 has been successfully formatted.
2023-03-29 22:44:48,136 [pool-155-thread-1] INFO  server.RaftServerConfigKeys (ConfUtils.java:logGet(46)) - raft.server.log.segment.size.max = 1048576 (custom)
2023-03-29 22:44:48,137 [pool-155-thread-1] INFO  server.RaftServerConfigKeys (ConfUtils.java:logGet(46)) - raft.server.log.segment.cache.num.max = 2 (custom)
2023-03-29 22:44:48,137 [pool-155-thread-1] INFO  server.RaftServerConfigKeys (ConfUtils.java:logGet(46)) - raft.server.log.segment.cache.size.max = 200MB (=209715200) (default)
2023-03-29 22:44:48,137 [pool-155-thread-1] INFO  segmented.SegmentedRaftLogWorker (SegmentedRaftLogWorker.java:<init>(189)) - new c28f674d-4a3a-4611-831e-e7d010a6b2ef@group-AE24D76C8237-SegmentedRaftLogWorker for RaftStorageImpl:Storage Directory /home/runner/work/ozone/ozone/hadoop-ozone/integration-test/target/test-dir/MiniOzoneClusterImpl-bcbc84c2-519e-42a0-a817-fd35ffaa666a/datanode-1/data/ratis/09fca888-0dde-4d17-808e-ae24d76c8237
2023-03-29 22:44:48,137 [pool-155-thread-1] INFO  server.RaftServerConfigKeys (ConfUtils.java:logGet(46)) - raft.server.log.queue.byte-limit = 4294967296 (custom)
2023-03-29 22:44:48,137 [pool-155-thread-1] INFO  server.RaftServerConfigKeys (ConfUtils.java:logGet(46)) - raft.server.log.queue.element-limit = 1024 (custom)
2023-03-29 22:44:48,137 [pool-155-thread-1] INFO  server.RaftServerConfigKeys (ConfUtils.java:logGet(46)) - raft.server.log.segment.size.max = 1048576 (custom)
2023-03-29 22:44:48,137 [pool-155-thread-1] INFO  server.RaftServerConfigKeys (ConfUtils.java:logGet(46)) - raft.server.log.preallocated.size = 16384 (custom)
2023-03-29 22:44:48,137 [pool-155-thread-1] INFO  server.RaftServerConfigKeys (ConfUtils.java:logGet(46)) - raft.server.log.force.sync.num = 128 (default)
2023-03-29 22:44:48,137 [pool-155-thread-1] INFO  server.RaftServerConfigKeys (ConfUtils.java:logGet(46)) - raft.server.log.statemachine.data.sync = true (default)
2023-03-29 22:44:48,137 [pool-155-thread-1] INFO  server.RaftServerConfigKeys (ConfUtils.java:logGet(46)) - raft.server.log.statemachine.data.sync.timeout = 10s (default)
2023-03-29 22:44:48,137 [pool-155-thread-1] INFO  server.RaftServerConfigKeys (ConfUtils.java:logGet(46)) - raft.server.log.statemachine.data.sync.timeout.retry = -1 (default)
2023-03-29 22:44:48,138 [pool-177-thread-1] INFO  ratis.ContainerStateMachine (ContainerStateMachine.java:loadSnapshot(262)) - group-B7C4666D76D8: The snapshot info is null. Setting the last applied indexto:(t:0, i:~)
2023-03-29 22:44:48,138 [pool-177-thread-1] INFO  server.RaftServerConfigKeys (ConfUtils.java:logGet(46)) - raft.server.log.use.memory = false (default)
2023-03-29 22:44:48,138 [pool-177-thread-1] INFO  server.RaftServerConfigKeys (ConfUtils.java:logGet(46)) - raft.server.log.purge.gap = 1000000 (custom)
2023-03-29 22:44:48,138 [pool-177-thread-1] INFO  server.RaftServerConfigKeys (ConfUtils.java:logGet(46)) - raft.server.log.appender.buffer.byte-limit = 33554432 (custom)
2023-03-29 22:44:48,138 [pool-177-thread-1] INFO  server.RaftServerConfigKeys (ConfUtils.java:logGet(46)) - raft.server.log.statemachine.data.read.timeout = 1000ms (default)
2023-03-29 22:44:48,138 [pool-177-thread-1] INFO  server.RaftServerConfigKeys (ConfUtils.java:logGet(46)) - raft.server.log.purge.preservation.log.num = 0 (default)
2023-03-29 22:44:48,138 [pool-177-thread-1] INFO  server.RaftServerConfigKeys (ConfUtils.java:logGet(46)) - raft.server.log.segment.size.max = 1048576 (custom)
2023-03-29 22:44:48,139 [pool-155-thread-1] INFO  server.RaftServerConfigKeys (ConfUtils.java:logGet(46)) - raft.server.log.write.buffer.size = 1048576 (custom)
2023-03-29 22:44:48,139 [pool-177-thread-1] INFO  server.RaftServerConfigKeys (ConfUtils.java:logGet(46)) - raft.server.log.segment.cache.num.max = 2 (custom)
2023-03-29 22:44:48,139 [pool-177-thread-1] INFO  server.RaftServerConfigKeys (ConfUtils.java:logGet(46)) - raft.server.log.segment.cache.size.max = 200MB (=209715200) (default)
2023-03-29 22:44:48,139 [pool-177-thread-1] INFO  segmented.SegmentedRaftLogWorker (SegmentedRaftLogWorker.java:<init>(189)) - new 9b024938-399e-4224-b1ed-691dfeb324e1@group-B7C4666D76D8-SegmentedRaftLogWorker for RaftStorageImpl:Storage Directory /home/runner/work/ozone/ozone/hadoop-ozone/integration-test/target/test-dir/MiniOzoneClusterImpl-bcbc84c2-519e-42a0-a817-fd35ffaa666a/datanode-2/data/ratis/a216516e-edd3-4b56-a7b7-b7c4666d76d8
2023-03-29 22:44:48,139 [pool-177-thread-1] INFO  server.RaftServerConfigKeys (ConfUtils.java:logGet(46)) - raft.server.log.queue.byte-limit = 4294967296 (custom)
2023-03-29 22:44:48,139 [pool-177-thread-1] INFO  server.RaftServerConfigKeys (ConfUtils.java:logGet(46)) - raft.server.log.queue.element-limit = 1024 (custom)
2023-03-29 22:44:48,139 [pool-177-thread-1] INFO  server.RaftServerConfigKeys (ConfUtils.java:logGet(46)) - raft.server.log.segment.size.max = 1048576 (custom)
2023-03-29 22:44:48,139 [pool-177-thread-1] INFO  server.RaftServerConfigKeys (ConfUtils.java:logGet(46)) - raft.server.log.preallocated.size = 16384 (custom)
2023-03-29 22:44:48,139 [pool-177-thread-1] INFO  server.RaftServerConfigKeys (ConfUtils.java:logGet(46)) - raft.server.log.force.sync.num = 128 (default)
2023-03-29 22:44:48,139 [pool-177-thread-1] INFO  server.RaftServerConfigKeys (ConfUtils.java:logGet(46)) - raft.server.log.statemachine.data.sync = true (default)
2023-03-29 22:44:48,139 [pool-177-thread-1] INFO  server.RaftServerConfigKeys (ConfUtils.java:logGet(46)) - raft.server.log.statemachine.data.sync.timeout = 10s (default)
2023-03-29 22:44:48,139 [pool-177-thread-1] INFO  server.RaftServerConfigKeys (ConfUtils.java:logGet(46)) - raft.server.log.statemachine.data.sync.timeout.retry = -1 (default)
2023-03-29 22:44:48,140 [pool-155-thread-1] INFO  server.RaftServerConfigKeys (ConfUtils.java:logGet(46)) - raft.server.log.appender.buffer.byte-limit = 33554432 (custom)
2023-03-29 22:44:48,145 [pool-155-thread-1] INFO  server.RaftServerConfigKeys (ConfUtils.java:logGet(46)) - raft.server.log.unsafe-flush.enabled = false (default)
2023-03-29 22:44:48,149 [pool-155-thread-1] INFO  server.RaftServerConfigKeys (ConfUtils.java:logGet(46)) - raft.server.log.async-flush.enabled = false (default)
2023-03-29 22:44:48,149 [pool-155-thread-1] INFO  server.RaftServerConfigKeys (ConfUtils.java:logGet(46)) - raft.server.log.statemachine.data.caching.enabled = true (custom)
2023-03-29 22:44:48,149 [pool-155-thread-1] INFO  segmented.SegmentedRaftLogWorker (SegmentedRaftLogWorker.java:lambda$new$0(135)) - c28f674d-4a3a-4611-831e-e7d010a6b2ef@group-AE24D76C8237-SegmentedRaftLogWorker: flushIndex: setUnconditionally 0 -> -1
2023-03-29 22:44:48,149 [pool-155-thread-1] INFO  segmented.SegmentedRaftLogWorker (SegmentedRaftLogWorker.java:lambda$new$0(135)) - c28f674d-4a3a-4611-831e-e7d010a6b2ef@group-AE24D76C8237-SegmentedRaftLogWorker: safeCacheEvictIndex: setUnconditionally 0 -> -1
2023-03-29 22:44:48,147 [EventQueue-PipelineReportForPipelineReportHandler] INFO  pipeline.PipelineManagerImpl (PipelineManagerImpl.java:openPipeline(367)) - Pipeline Pipeline[ Id: 09fca888-0dde-4d17-808e-ae24d76c8237, Nodes: c28f674d-4a3a-4611-831e-e7d010a6b2ef(fv-az377-460/10.1.0.40), ReplicationConfig: RATIS/ONE, State:ALLOCATED, leaderId:c28f674d-4a3a-4611-831e-e7d010a6b2ef, CreationTimestamp2023-03-29T22:44:45.104Z[Etc/UTC]] moved to OPEN state
2023-03-29 22:44:48,149 [pool-155-thread-1] INFO  server.RaftServer$Division (RaftServerImpl.java:start(334)) - c28f674d-4a3a-4611-831e-e7d010a6b2ef@group-AE24D76C8237: start as a follower, conf=-1: peers:[c28f674d-4a3a-4611-831e-e7d010a6b2ef|rpc:10.1.0.40:38199|dataStream:10.1.0.40:46543|priority:1|startupRole:FOLLOWER]|listeners:[], old=null
2023-03-29 22:44:48,149 [pool-155-thread-1] INFO  server.RaftServer$Division (RaftServerImpl.java:setRole(321)) - c28f674d-4a3a-4611-831e-e7d010a6b2ef@group-AE24D76C8237: changes role from      null to FOLLOWER at term 0 for startAsFollower
2023-03-29 22:44:48,150 [pool-155-thread-1] INFO  impl.RoleInfo (RoleInfo.java:updateAndGet(139)) - c28f674d-4a3a-4611-831e-e7d010a6b2ef: start c28f674d-4a3a-4611-831e-e7d010a6b2ef@group-AE24D76C8237-FollowerState
2023-03-29 22:44:48,147 [pool-177-thread-1] INFO  server.RaftServerConfigKeys (ConfUtils.java:logGet(46)) - raft.server.log.write.buffer.size = 1048576 (custom)
2023-03-29 22:44:48,150 [EventQueue-OpenPipelineForHealthyPipelineSafeModeRule] INFO  safemode.SCMSafeModeManager (HealthyPipelineSafeModeRule.java:process(137)) - SCM in safe mode. Healthy pipelines reported count is 0, required healthy pipeline reported count is 1
2023-03-29 22:44:48,150 [pool-177-thread-1] INFO  server.RaftServerConfigKeys (ConfUtils.java:logGet(46)) - raft.server.log.appender.buffer.byte-limit = 33554432 (custom)
2023-03-29 22:44:48,150 [pool-155-thread-1] INFO  util.JmxRegister (JmxRegister.java:tryRegister(44)) - Successfully registered JMX Bean with object name Ratis:service=RaftServer,group=group-AE24D76C8237,id=c28f674d-4a3a-4611-831e-e7d010a6b2ef
2023-03-29 22:44:48,150 [pool-155-thread-1] INFO  server.RaftServerConfigKeys (ConfUtils.java:logGet(46)) - raft.server.snapshot.auto.trigger.enabled = true (custom)
2023-03-29 22:44:48,150 [pool-155-thread-1] INFO  server.RaftServerConfigKeys (ConfUtils.java:logGet(46)) - raft.server.snapshot.auto.trigger.threshold = 10000 (custom)
2023-03-29 22:44:48,150 [pool-155-thread-1] INFO  server.RaftServerConfigKeys (ConfUtils.java:logGet(46)) - raft.server.snapshot.retention.file.num = 5 (custom)
2023-03-29 22:44:48,150 [pool-155-thread-1] INFO  server.RaftServerConfigKeys (ConfUtils.java:logGet(46)) - raft.server.log.purge.upto.snapshot.index = false (default)
2023-03-29 22:44:48,151 [c28f674d-4a3a-4611-831e-e7d010a6b2ef@group-AE24D76C8237-FollowerState] INFO  server.RaftServerConfigKeys (ConfUtils.java:logFallback(53)) - raft.server.rpc.first-election.timeout.min = 5s (fallback to raft.server.rpc.timeout.min)
2023-03-29 22:44:48,151 [c28f674d-4a3a-4611-831e-e7d010a6b2ef@group-AE24D76C8237-FollowerState] INFO  server.RaftServerConfigKeys (ConfUtils.java:logFallback(53)) - raft.server.rpc.first-election.timeout.max = 5200ms (fallback to raft.server.rpc.timeout.max)
2023-03-29 22:44:48,153 [Command processor thread] INFO  ratis.XceiverServerRatis (XceiverServerRatis.java:addGroup(806)) - Created group PipelineID=09fca888-0dde-4d17-808e-ae24d76c8237
2023-03-29 22:44:48,153 [Command processor thread] INFO  commandhandler.CreatePipelineCommandHandler (CreatePipelineCommandHandler.java:handle(113)) - Created Pipeline RATIS ONE PipelineID=09fca888-0dde-4d17-808e-ae24d76c8237.
2023-03-29 22:44:48,156 [pool-177-thread-1] INFO  server.RaftServerConfigKeys (ConfUtils.java:logGet(46)) - raft.server.log.unsafe-flush.enabled = false (default)
2023-03-29 22:44:48,157 [Command processor thread] INFO  server.RaftServer (RaftServerProxy.java:addNew(96)) - c28f674d-4a3a-4611-831e-e7d010a6b2ef: addNew group-B7C4666D76D8:[e2c212f3-f97c-4b95-9960-0e6b8b9bb499|rpc:10.1.0.40:46101|dataStream:10.1.0.40:41817|priority:0|startupRole:FOLLOWER, c28f674d-4a3a-4611-831e-e7d010a6b2ef|rpc:10.1.0.40:38199|dataStream:10.1.0.40:46543|priority:0|startupRole:FOLLOWER, 9b024938-399e-4224-b1ed-691dfeb324e1|rpc:10.1.0.40:43659|dataStream:10.1.0.40:34389|priority:1|startupRole:FOLLOWER] returns group-B7C4666D76D8:java.util.concurrent.CompletableFuture@50077496[Not completed]
2023-03-29 22:44:48,157 [pool-177-thread-1] INFO  server.RaftServerConfigKeys (ConfUtils.java:logGet(46)) - raft.server.log.async-flush.enabled = false (default)
2023-03-29 22:44:48,157 [pool-177-thread-1] INFO  server.RaftServerConfigKeys (ConfUtils.java:logGet(46)) - raft.server.log.statemachine.data.caching.enabled = true (custom)
2023-03-29 22:44:48,157 [pool-177-thread-1] INFO  segmented.SegmentedRaftLogWorker (SegmentedRaftLogWorker.java:lambda$new$0(135)) - 9b024938-399e-4224-b1ed-691dfeb324e1@group-B7C4666D76D8-SegmentedRaftLogWorker: flushIndex: setUnconditionally 0 -> -1
2023-03-29 22:44:48,158 [pool-177-thread-1] INFO  segmented.SegmentedRaftLogWorker (SegmentedRaftLogWorker.java:lambda$new$0(135)) - 9b024938-399e-4224-b1ed-691dfeb324e1@group-B7C4666D76D8-SegmentedRaftLogWorker: safeCacheEvictIndex: setUnconditionally 0 -> -1
2023-03-29 22:44:48,158 [pool-177-thread-1] INFO  server.RaftServer$Division (RaftServerImpl.java:start(334)) - 9b024938-399e-4224-b1ed-691dfeb324e1@group-B7C4666D76D8: start as a follower, conf=-1: peers:[e2c212f3-f97c-4b95-9960-0e6b8b9bb499|rpc:10.1.0.40:46101|dataStream:10.1.0.40:41817|priority:0|startupRole:FOLLOWER, c28f674d-4a3a-4611-831e-e7d010a6b2ef|rpc:10.1.0.40:38199|dataStream:10.1.0.40:46543|priority:0|startupRole:FOLLOWER, 9b024938-399e-4224-b1ed-691dfeb324e1|rpc:10.1.0.40:43659|dataStream:10.1.0.40:34389|priority:1|startupRole:FOLLOWER]|listeners:[], old=null
2023-03-29 22:44:48,158 [pool-177-thread-1] INFO  server.RaftServer$Division (RaftServerImpl.java:setRole(321)) - 9b024938-399e-4224-b1ed-691dfeb324e1@group-B7C4666D76D8: changes role from      null to FOLLOWER at term 0 for startAsFollower
2023-03-29 22:44:48,158 [pool-177-thread-1] INFO  impl.RoleInfo (RoleInfo.java:updateAndGet(139)) - 9b024938-399e-4224-b1ed-691dfeb324e1: start 9b024938-399e-4224-b1ed-691dfeb324e1@group-B7C4666D76D8-FollowerState
2023-03-29 22:44:48,158 [pool-177-thread-1] INFO  util.JmxRegister (JmxRegister.java:tryRegister(44)) - Successfully registered JMX Bean with object name Ratis:service=RaftServer,group=group-B7C4666D76D8,id=9b024938-399e-4224-b1ed-691dfeb324e1
2023-03-29 22:44:48,158 [pool-177-thread-1] INFO  server.RaftServerConfigKeys (ConfUtils.java:logGet(46)) - raft.server.snapshot.auto.trigger.enabled = true (custom)
2023-03-29 22:44:48,158 [pool-155-thread-1] INFO  server.RaftServer$Division (RaftServerImpl.java:<init>(195)) - c28f674d-4a3a-4611-831e-e7d010a6b2ef: new RaftServerImpl for group-B7C4666D76D8:[e2c212f3-f97c-4b95-9960-0e6b8b9bb499|rpc:10.1.0.40:46101|dataStream:10.1.0.40:41817|priority:0|startupRole:FOLLOWER, c28f674d-4a3a-4611-831e-e7d010a6b2ef|rpc:10.1.0.40:38199|dataStream:10.1.0.40:46543|priority:0|startupRole:FOLLOWER, 9b024938-399e-4224-b1ed-691dfeb324e1|rpc:10.1.0.40:43659|dataStream:10.1.0.40:34389|priority:1|startupRole:FOLLOWER] with ContainerStateMachine:uninitialized
2023-03-29 22:44:48,160 [pool-155-thread-1] INFO  server.RaftServerConfigKeys (ConfUtils.java:logGet(46)) - raft.server.rpc.timeout.min = 5s (custom)
2023-03-29 22:44:48,160 [pool-155-thread-1] INFO  server.RaftServerConfigKeys (ConfUtils.java:logGet(46)) - raft.server.rpc.timeout.max = 5200ms (custom)
2023-03-29 22:44:48,160 [pool-155-thread-1] INFO  server.RaftServerConfigKeys (ConfUtils.java:logGet(46)) - raft.server.rpc.sleep.time = 25ms (default)
2023-03-29 22:44:48,160 [pool-155-thread-1] INFO  server.RaftServerConfigKeys (ConfUtils.java:logGet(46)) - raft.server.rpc.slowness.timeout = 300s (custom)
2023-03-29 22:44:48,160 [pool-155-thread-1] INFO  server.RaftServerConfigKeys (ConfUtils.java:logGet(46)) - raft.server.leaderelection.leader.step-down.wait-time = 10s (default)
2023-03-29 22:44:48,160 [pool-155-thread-1] INFO  server.RaftServerConfigKeys (ConfUtils.java:logGet(46)) - raft.server.sleep.deviation.threshold = 300ms (default)
2023-03-29 22:44:48,160 [pool-155-thread-1] INFO  server.RaftServer$Division (ServerState.java:<init>(118)) - c28f674d-4a3a-4611-831e-e7d010a6b2ef@group-B7C4666D76D8: ConfigurationManager, init=-1: peers:[e2c212f3-f97c-4b95-9960-0e6b8b9bb499|rpc:10.1.0.40:46101|dataStream:10.1.0.40:41817|priority:0|startupRole:FOLLOWER, c28f674d-4a3a-4611-831e-e7d010a6b2ef|rpc:10.1.0.40:38199|dataStream:10.1.0.40:46543|priority:0|startupRole:FOLLOWER, 9b024938-399e-4224-b1ed-691dfeb324e1|rpc:10.1.0.40:43659|dataStream:10.1.0.40:34389|priority:1|startupRole:FOLLOWER]|listeners:[], old=null, confs=<EMPTY_MAP>
2023-03-29 22:44:48,161 [pool-155-thread-1] INFO  server.RaftServerConfigKeys (ConfUtils.java:logGet(46)) - raft.server.storage.dir = [/home/runner/work/ozone/ozone/hadoop-ozone/integration-test/target/test-dir/MiniOzoneClusterImpl-bcbc84c2-519e-42a0-a817-fd35ffaa666a/datanode-1/data/ratis] (custom)
2023-03-29 22:44:48,161 [pool-155-thread-1] INFO  server.RaftServerConfigKeys (ConfUtils.java:logGet(46)) - raft.server.log.corruption.policy = EXCEPTION (default)
2023-03-29 22:44:48,161 [pool-155-thread-1] INFO  server.RaftServerConfigKeys (ConfUtils.java:logGet(46)) - raft.server.storage.free-space.min = 0MB (=0) (default)
2023-03-29 22:44:48,161 [pool-155-thread-1] INFO  server.RaftServerConfigKeys (ConfUtils.java:logGet(46)) - raft.server.notification.no-leader.timeout = 300s (custom)
2023-03-29 22:44:48,161 [pool-155-thread-1] INFO  server.RaftServerConfigKeys (ConfUtils.java:logGet(46)) - raft.server.retrycache.expirytime = 600000ms (custom)
2023-03-29 22:44:48,161 [pool-155-thread-1] INFO  server.RaftServerConfigKeys (ConfUtils.java:logGet(46)) - raft.server.retrycache.statistics.expirytime = 100μs (default)
2023-03-29 22:44:48,158 [pool-177-thread-1] INFO  server.RaftServerConfigKeys (ConfUtils.java:logGet(46)) - raft.server.snapshot.auto.trigger.threshold = 10000 (custom)
2023-03-29 22:44:48,163 [pool-177-thread-1] INFO  server.RaftServerConfigKeys (ConfUtils.java:logGet(46)) - raft.server.snapshot.retention.file.num = 5 (custom)
2023-03-29 22:44:48,163 [pool-177-thread-1] INFO  server.RaftServerConfigKeys (ConfUtils.java:logGet(46)) - raft.server.log.purge.upto.snapshot.index = false (default)
2023-03-29 22:44:48,166 [pool-155-thread-1] INFO  server.RaftServerConfigKeys (ConfUtils.java:logGet(46)) - raft.server.log.appender.install.snapshot.enabled = false (custom)
2023-03-29 22:44:48,166 [pool-155-thread-1] INFO  server.RaftServerConfigKeys (ConfUtils.java:logGet(46)) - raft.server.threadpool.server.cached = true (default)
2023-03-29 22:44:48,166 [pool-155-thread-1] INFO  server.RaftServerConfigKeys (ConfUtils.java:logGet(46)) - raft.server.threadpool.server.size = 0 (default)
2023-03-29 22:44:48,166 [pool-155-thread-1] INFO  server.RaftServerConfigKeys (ConfUtils.java:logGet(46)) - raft.server.threadpool.client.cached = true (default)
2023-03-29 22:44:48,166 [pool-155-thread-1] INFO  server.RaftServerConfigKeys (ConfUtils.java:logGet(46)) - raft.server.threadpool.client.size = 0 (default)
2023-03-29 22:44:48,166 [pool-155-thread-1] INFO  storage.RaftStorageDirectory (RaftStorageDirectoryImpl.java:analyzeStorage(137)) - The storage directory /home/runner/work/ozone/ozone/hadoop-ozone/integration-test/target/test-dir/MiniOzoneClusterImpl-bcbc84c2-519e-42a0-a817-fd35ffaa666a/datanode-1/data/ratis/a216516e-edd3-4b56-a7b7-b7c4666d76d8 does not exist. Creating ...
2023-03-29 22:44:48,171 [9b024938-399e-4224-b1ed-691dfeb324e1@group-B7C4666D76D8-FollowerState] INFO  server.RaftServerConfigKeys (ConfUtils.java:logFallback(53)) - raft.server.rpc.first-election.timeout.min = 5s (fallback to raft.server.rpc.timeout.min)
2023-03-29 22:44:48,171 [9b024938-399e-4224-b1ed-691dfeb324e1@group-B7C4666D76D8-FollowerState] INFO  server.RaftServerConfigKeys (ConfUtils.java:logFallback(53)) - raft.server.rpc.first-election.timeout.max = 5200ms (fallback to raft.server.rpc.timeout.max)
2023-03-29 22:44:48,176 [pool-155-thread-1] INFO  storage.RaftStorageDirectory (RaftStorageDirectoryImpl.java:tryLock(231)) - Lock on /home/runner/work/ozone/ozone/hadoop-ozone/integration-test/target/test-dir/MiniOzoneClusterImpl-bcbc84c2-519e-42a0-a817-fd35ffaa666a/datanode-1/data/ratis/a216516e-edd3-4b56-a7b7-b7c4666d76d8/in_use.lock acquired by nodename 4032@fv-az377-460
2023-03-29 22:44:48,187 [pool-155-thread-1] INFO  storage.RaftStorage (RaftStorageImpl.java:format(96)) - Storage directory /home/runner/work/ozone/ozone/hadoop-ozone/integration-test/target/test-dir/MiniOzoneClusterImpl-bcbc84c2-519e-42a0-a817-fd35ffaa666a/datanode-1/data/ratis/a216516e-edd3-4b56-a7b7-b7c4666d76d8 has been successfully formatted.
2023-03-29 22:44:48,187 [pool-155-thread-1] INFO  ratis.ContainerStateMachine (ContainerStateMachine.java:loadSnapshot(262)) - group-B7C4666D76D8: The snapshot info is null. Setting the last applied indexto:(t:0, i:~)
2023-03-29 22:44:48,187 [pool-155-thread-1] INFO  server.RaftServerConfigKeys (ConfUtils.java:logGet(46)) - raft.server.log.use.memory = false (default)
2023-03-29 22:44:48,188 [pool-155-thread-1] INFO  server.RaftServerConfigKeys (ConfUtils.java:logGet(46)) - raft.server.log.purge.gap = 1000000 (custom)
2023-03-29 22:44:48,188 [pool-155-thread-1] INFO  server.RaftServerConfigKeys (ConfUtils.java:logGet(46)) - raft.server.log.appender.buffer.byte-limit = 33554432 (custom)
2023-03-29 22:44:48,188 [pool-155-thread-1] INFO  server.RaftServerConfigKeys (ConfUtils.java:logGet(46)) - raft.server.log.statemachine.data.read.timeout = 1000ms (default)
2023-03-29 22:44:48,188 [pool-155-thread-1] INFO  server.RaftServerConfigKeys (ConfUtils.java:logGet(46)) - raft.server.log.purge.preservation.log.num = 0 (default)
2023-03-29 22:44:48,188 [pool-155-thread-1] INFO  server.RaftServerConfigKeys (ConfUtils.java:logGet(46)) - raft.server.log.segment.size.max = 1048576 (custom)
2023-03-29 22:44:48,188 [pool-155-thread-1] INFO  server.RaftServerConfigKeys (ConfUtils.java:logGet(46)) - raft.server.log.segment.cache.num.max = 2 (custom)
2023-03-29 22:44:48,188 [pool-155-thread-1] INFO  server.RaftServerConfigKeys (ConfUtils.java:logGet(46)) - raft.server.log.segment.cache.size.max = 200MB (=209715200) (default)
2023-03-29 22:44:48,188 [pool-155-thread-1] INFO  segmented.SegmentedRaftLogWorker (SegmentedRaftLogWorker.java:<init>(189)) - new c28f674d-4a3a-4611-831e-e7d010a6b2ef@group-B7C4666D76D8-SegmentedRaftLogWorker for RaftStorageImpl:Storage Directory /home/runner/work/ozone/ozone/hadoop-ozone/integration-test/target/test-dir/MiniOzoneClusterImpl-bcbc84c2-519e-42a0-a817-fd35ffaa666a/datanode-1/data/ratis/a216516e-edd3-4b56-a7b7-b7c4666d76d8
2023-03-29 22:44:48,189 [pool-155-thread-1] INFO  server.RaftServerConfigKeys (ConfUtils.java:logGet(46)) - raft.server.log.queue.byte-limit = 4294967296 (custom)
2023-03-29 22:44:48,189 [pool-155-thread-1] INFO  server.RaftServerConfigKeys (ConfUtils.java:logGet(46)) - raft.server.log.queue.element-limit = 1024 (custom)
2023-03-29 22:44:48,189 [pool-155-thread-1] INFO  server.RaftServerConfigKeys (ConfUtils.java:logGet(46)) - raft.server.log.segment.size.max = 1048576 (custom)
2023-03-29 22:44:48,189 [pool-155-thread-1] INFO  server.RaftServerConfigKeys (ConfUtils.java:logGet(46)) - raft.server.log.preallocated.size = 16384 (custom)
2023-03-29 22:44:48,189 [pool-155-thread-1] INFO  server.RaftServerConfigKeys (ConfUtils.java:logGet(46)) - raft.server.log.force.sync.num = 128 (default)
2023-03-29 22:44:48,189 [pool-155-thread-1] INFO  server.RaftServerConfigKeys (ConfUtils.java:logGet(46)) - raft.server.log.statemachine.data.sync = true (default)
2023-03-29 22:44:48,189 [pool-155-thread-1] INFO  server.RaftServerConfigKeys (ConfUtils.java:logGet(46)) - raft.server.log.statemachine.data.sync.timeout = 10s (default)
2023-03-29 22:44:48,189 [pool-155-thread-1] INFO  server.RaftServerConfigKeys (ConfUtils.java:logGet(46)) - raft.server.log.statemachine.data.sync.timeout.retry = -1 (default)
2023-03-29 22:44:48,192 [pool-155-thread-1] INFO  server.RaftServerConfigKeys (ConfUtils.java:logGet(46)) - raft.server.log.write.buffer.size = 1048576 (custom)
2023-03-29 22:44:48,192 [EventQueue-OpenPipelineForHealthyPipelineSafeModeRule] INFO  safemode.SCMSafeModeManager (HealthyPipelineSafeModeRule.java:process(137)) - SCM in safe mode. Healthy pipelines reported count is 0, required healthy pipeline reported count is 1
2023-03-29 22:44:48,195 [pool-155-thread-1] INFO  server.RaftServerConfigKeys (ConfUtils.java:logGet(46)) - raft.server.log.appender.buffer.byte-limit = 33554432 (custom)
2023-03-29 22:44:48,210 [pool-155-thread-1] INFO  server.RaftServerConfigKeys (ConfUtils.java:logGet(46)) - raft.server.log.unsafe-flush.enabled = false (default)
2023-03-29 22:44:48,210 [pool-155-thread-1] INFO  server.RaftServerConfigKeys (ConfUtils.java:logGet(46)) - raft.server.log.async-flush.enabled = false (default)
2023-03-29 22:44:48,210 [pool-155-thread-1] INFO  server.RaftServerConfigKeys (ConfUtils.java:logGet(46)) - raft.server.log.statemachine.data.caching.enabled = true (custom)
2023-03-29 22:44:48,211 [pool-155-thread-1] INFO  segmented.SegmentedRaftLogWorker (SegmentedRaftLogWorker.java:lambda$new$0(135)) - c28f674d-4a3a-4611-831e-e7d010a6b2ef@group-B7C4666D76D8-SegmentedRaftLogWorker: flushIndex: setUnconditionally 0 -> -1
2023-03-29 22:44:48,211 [pool-155-thread-1] INFO  segmented.SegmentedRaftLogWorker (SegmentedRaftLogWorker.java:lambda$new$0(135)) - c28f674d-4a3a-4611-831e-e7d010a6b2ef@group-B7C4666D76D8-SegmentedRaftLogWorker: safeCacheEvictIndex: setUnconditionally 0 -> -1
2023-03-29 22:44:48,211 [pool-155-thread-1] INFO  server.RaftServer$Division (RaftServerImpl.java:start(334)) - c28f674d-4a3a-4611-831e-e7d010a6b2ef@group-B7C4666D76D8: start as a follower, conf=-1: peers:[e2c212f3-f97c-4b95-9960-0e6b8b9bb499|rpc:10.1.0.40:46101|dataStream:10.1.0.40:41817|priority:0|startupRole:FOLLOWER, c28f674d-4a3a-4611-831e-e7d010a6b2ef|rpc:10.1.0.40:38199|dataStream:10.1.0.40:46543|priority:0|startupRole:FOLLOWER, 9b024938-399e-4224-b1ed-691dfeb324e1|rpc:10.1.0.40:43659|dataStream:10.1.0.40:34389|priority:1|startupRole:FOLLOWER]|listeners:[], old=null
2023-03-29 22:44:48,211 [pool-155-thread-1] INFO  server.RaftServer$Division (RaftServerImpl.java:setRole(321)) - c28f674d-4a3a-4611-831e-e7d010a6b2ef@group-B7C4666D76D8: changes role from      null to FOLLOWER at term 0 for startAsFollower
2023-03-29 22:44:48,211 [pool-155-thread-1] INFO  impl.RoleInfo (RoleInfo.java:updateAndGet(139)) - c28f674d-4a3a-4611-831e-e7d010a6b2ef: start c28f674d-4a3a-4611-831e-e7d010a6b2ef@group-B7C4666D76D8-FollowerState
2023-03-29 22:44:48,214 [pool-155-thread-1] INFO  util.JmxRegister (JmxRegister.java:tryRegister(44)) - Successfully registered JMX Bean with object name Ratis:service=RaftServer,group=group-B7C4666D76D8,id=c28f674d-4a3a-4611-831e-e7d010a6b2ef
2023-03-29 22:44:48,214 [pool-155-thread-1] INFO  server.RaftServerConfigKeys (ConfUtils.java:logGet(46)) - raft.server.snapshot.auto.trigger.enabled = true (custom)
2023-03-29 22:44:48,214 [pool-155-thread-1] INFO  server.RaftServerConfigKeys (ConfUtils.java:logGet(46)) - raft.server.snapshot.auto.trigger.threshold = 10000 (custom)
2023-03-29 22:44:48,214 [pool-155-thread-1] INFO  server.RaftServerConfigKeys (ConfUtils.java:logGet(46)) - raft.server.snapshot.retention.file.num = 5 (custom)
2023-03-29 22:44:48,214 [pool-155-thread-1] INFO  server.RaftServerConfigKeys (ConfUtils.java:logGet(46)) - raft.server.log.purge.upto.snapshot.index = false (default)
2023-03-29 22:44:48,215 [c28f674d-4a3a-4611-831e-e7d010a6b2ef@group-B7C4666D76D8-FollowerState] INFO  server.RaftServerConfigKeys (ConfUtils.java:logFallback(53)) - raft.server.rpc.first-election.timeout.min = 5s (fallback to raft.server.rpc.timeout.min)
2023-03-29 22:44:48,215 [Command processor thread] INFO  ratis.XceiverServerRatis (XceiverServerRatis.java:addGroup(806)) - Created group PipelineID=a216516e-edd3-4b56-a7b7-b7c4666d76d8
2023-03-29 22:44:48,221 [c28f674d-4a3a-4611-831e-e7d010a6b2ef@group-B7C4666D76D8-FollowerState] INFO  server.RaftServerConfigKeys (ConfUtils.java:logFallback(53)) - raft.server.rpc.first-election.timeout.max = 5200ms (fallback to raft.server.rpc.timeout.max)
2023-03-29 22:44:48,235 [Command processor thread] INFO  commandhandler.CreatePipelineCommandHandler (CreatePipelineCommandHandler.java:handle(113)) - Created Pipeline RATIS THREE PipelineID=a216516e-edd3-4b56-a7b7-b7c4666d76d8.
2023-03-29 22:44:48,269 [Command processor thread] INFO  commandhandler.CreatePipelineCommandHandler (CreatePipelineCommandHandler.java:handle(113)) - Created Pipeline RATIS THREE PipelineID=a216516e-edd3-4b56-a7b7-b7c4666d76d8.
2023-03-29 22:44:48,502 [Command processor thread] INFO  server.RaftServer (RaftServerProxy.java:addNew(96)) - 9b024938-399e-4224-b1ed-691dfeb324e1: addNew group-E863D8147430:[9b024938-399e-4224-b1ed-691dfeb324e1|rpc:10.1.0.40:43659|dataStream:10.1.0.40:34389|priority:1|startupRole:FOLLOWER] returns group-E863D8147430:java.util.concurrent.CompletableFuture@42304e1d[Not completed]
2023-03-29 22:44:48,503 [pool-177-thread-1] INFO  server.RaftServer$Division (RaftServerImpl.java:<init>(195)) - 9b024938-399e-4224-b1ed-691dfeb324e1: new RaftServerImpl for group-E863D8147430:[9b024938-399e-4224-b1ed-691dfeb324e1|rpc:10.1.0.40:43659|dataStream:10.1.0.40:34389|priority:1|startupRole:FOLLOWER] with ContainerStateMachine:uninitialized
2023-03-29 22:44:48,504 [pool-177-thread-1] INFO  server.RaftServerConfigKeys (ConfUtils.java:logGet(46)) - raft.server.rpc.timeout.min = 5s (custom)
2023-03-29 22:44:48,504 [pool-177-thread-1] INFO  server.RaftServerConfigKeys (ConfUtils.java:logGet(46)) - raft.server.rpc.timeout.max = 5200ms (custom)
2023-03-29 22:44:48,504 [pool-177-thread-1] INFO  server.RaftServerConfigKeys (ConfUtils.java:logGet(46)) - raft.server.rpc.sleep.time = 25ms (default)
2023-03-29 22:44:48,504 [pool-177-thread-1] INFO  server.RaftServerConfigKeys (ConfUtils.java:logGet(46)) - raft.server.rpc.slowness.timeout = 300s (custom)
2023-03-29 22:44:48,504 [pool-177-thread-1] INFO  server.RaftServerConfigKeys (ConfUtils.java:logGet(46)) - raft.server.leaderelection.leader.step-down.wait-time = 10s (default)
2023-03-29 22:44:48,504 [pool-177-thread-1] INFO  server.RaftServerConfigKeys (ConfUtils.java:logGet(46)) - raft.server.sleep.deviation.threshold = 300ms (default)
2023-03-29 22:44:48,504 [pool-177-thread-1] INFO  server.RaftServer$Division (ServerState.java:<init>(118)) - 9b024938-399e-4224-b1ed-691dfeb324e1@group-E863D8147430: ConfigurationManager, init=-1: peers:[9b024938-399e-4224-b1ed-691dfeb324e1|rpc:10.1.0.40:43659|dataStream:10.1.0.40:34389|priority:1|startupRole:FOLLOWER]|listeners:[], old=null, confs=<EMPTY_MAP>
2023-03-29 22:44:48,504 [pool-177-thread-1] INFO  server.RaftServerConfigKeys (ConfUtils.java:logGet(46)) - raft.server.storage.dir = [/home/runner/work/ozone/ozone/hadoop-ozone/integration-test/target/test-dir/MiniOzoneClusterImpl-bcbc84c2-519e-42a0-a817-fd35ffaa666a/datanode-2/data/ratis] (custom)
2023-03-29 22:44:48,504 [pool-177-thread-1] INFO  server.RaftServerConfigKeys (ConfUtils.java:logGet(46)) - raft.server.log.corruption.policy = EXCEPTION (default)
2023-03-29 22:44:48,504 [pool-177-thread-1] INFO  server.RaftServerConfigKeys (ConfUtils.java:logGet(46)) - raft.server.storage.free-space.min = 0MB (=0) (default)
2023-03-29 22:44:48,504 [pool-177-thread-1] INFO  server.RaftServerConfigKeys (ConfUtils.java:logGet(46)) - raft.server.notification.no-leader.timeout = 300s (custom)
2023-03-29 22:44:48,504 [pool-177-thread-1] INFO  server.RaftServerConfigKeys (ConfUtils.java:logGet(46)) - raft.server.retrycache.expirytime = 600000ms (custom)
2023-03-29 22:44:48,505 [pool-177-thread-1] INFO  server.RaftServerConfigKeys (ConfUtils.java:logGet(46)) - raft.server.retrycache.statistics.expirytime = 100μs (default)
2023-03-29 22:44:48,506 [pool-177-thread-1] INFO  server.RaftServerConfigKeys (ConfUtils.java:logGet(46)) - raft.server.log.appender.install.snapshot.enabled = false (custom)
2023-03-29 22:44:48,507 [pool-177-thread-1] INFO  server.RaftServerConfigKeys (ConfUtils.java:logGet(46)) - raft.server.threadpool.server.cached = true (default)
2023-03-29 22:44:48,507 [pool-177-thread-1] INFO  server.RaftServerConfigKeys (ConfUtils.java:logGet(46)) - raft.server.threadpool.server.size = 0 (default)
2023-03-29 22:44:48,507 [pool-177-thread-1] INFO  server.RaftServerConfigKeys (ConfUtils.java:logGet(46)) - raft.server.threadpool.client.cached = true (default)
2023-03-29 22:44:48,507 [pool-177-thread-1] INFO  server.RaftServerConfigKeys (ConfUtils.java:logGet(46)) - raft.server.threadpool.client.size = 0 (default)
2023-03-29 22:44:48,507 [pool-177-thread-1] INFO  storage.RaftStorageDirectory (RaftStorageDirectoryImpl.java:analyzeStorage(137)) - The storage directory /home/runner/work/ozone/ozone/hadoop-ozone/integration-test/target/test-dir/MiniOzoneClusterImpl-bcbc84c2-519e-42a0-a817-fd35ffaa666a/datanode-2/data/ratis/2a537744-3b4a-4381-8c75-e863d8147430 does not exist. Creating ...
2023-03-29 22:44:48,508 [pool-177-thread-1] INFO  storage.RaftStorageDirectory (RaftStorageDirectoryImpl.java:tryLock(231)) - Lock on /home/runner/work/ozone/ozone/hadoop-ozone/integration-test/target/test-dir/MiniOzoneClusterImpl-bcbc84c2-519e-42a0-a817-fd35ffaa666a/datanode-2/data/ratis/2a537744-3b4a-4381-8c75-e863d8147430/in_use.lock acquired by nodename 4032@fv-az377-460
2023-03-29 22:44:48,511 [pool-177-thread-1] INFO  storage.RaftStorage (RaftStorageImpl.java:format(96)) - Storage directory /home/runner/work/ozone/ozone/hadoop-ozone/integration-test/target/test-dir/MiniOzoneClusterImpl-bcbc84c2-519e-42a0-a817-fd35ffaa666a/datanode-2/data/ratis/2a537744-3b4a-4381-8c75-e863d8147430 has been successfully formatted.
2023-03-29 22:44:48,511 [pool-177-thread-1] INFO  ratis.ContainerStateMachine (ContainerStateMachine.java:loadSnapshot(262)) - group-E863D8147430: The snapshot info is null. Setting the last applied indexto:(t:0, i:~)
2023-03-29 22:44:48,511 [pool-177-thread-1] INFO  server.RaftServerConfigKeys (ConfUtils.java:logGet(46)) - raft.server.log.use.memory = false (default)
2023-03-29 22:44:48,511 [pool-177-thread-1] INFO  server.RaftServerConfigKeys (ConfUtils.java:logGet(46)) - raft.server.log.purge.gap = 1000000 (custom)
2023-03-29 22:44:48,512 [pool-177-thread-1] INFO  server.RaftServerConfigKeys (ConfUtils.java:logGet(46)) - raft.server.log.appender.buffer.byte-limit = 33554432 (custom)
2023-03-29 22:44:48,512 [pool-177-thread-1] INFO  server.RaftServerConfigKeys (ConfUtils.java:logGet(46)) - raft.server.log.statemachine.data.read.timeout = 1000ms (default)
2023-03-29 22:44:48,512 [pool-177-thread-1] INFO  server.RaftServerConfigKeys (ConfUtils.java:logGet(46)) - raft.server.log.purge.preservation.log.num = 0 (default)
2023-03-29 22:44:48,519 [pool-177-thread-1] INFO  server.RaftServerConfigKeys (ConfUtils.java:logGet(46)) - raft.server.log.segment.size.max = 1048576 (custom)
2023-03-29 22:44:48,519 [pool-177-thread-1] INFO  server.RaftServerConfigKeys (ConfUtils.java:logGet(46)) - raft.server.log.segment.cache.num.max = 2 (custom)
2023-03-29 22:44:48,519 [pool-177-thread-1] INFO  server.RaftServerConfigKeys (ConfUtils.java:logGet(46)) - raft.server.log.segment.cache.size.max = 200MB (=209715200) (default)
2023-03-29 22:44:48,519 [pool-177-thread-1] INFO  segmented.SegmentedRaftLogWorker (SegmentedRaftLogWorker.java:<init>(189)) - new 9b024938-399e-4224-b1ed-691dfeb324e1@group-E863D8147430-SegmentedRaftLogWorker for RaftStorageImpl:Storage Directory /home/runner/work/ozone/ozone/hadoop-ozone/integration-test/target/test-dir/MiniOzoneClusterImpl-bcbc84c2-519e-42a0-a817-fd35ffaa666a/datanode-2/data/ratis/2a537744-3b4a-4381-8c75-e863d8147430
2023-03-29 22:44:48,519 [pool-177-thread-1] INFO  server.RaftServerConfigKeys (ConfUtils.java:logGet(46)) - raft.server.log.queue.byte-limit = 4294967296 (custom)
2023-03-29 22:44:48,519 [pool-177-thread-1] INFO  server.RaftServerConfigKeys (ConfUtils.java:logGet(46)) - raft.server.log.queue.element-limit = 1024 (custom)
2023-03-29 22:44:48,519 [pool-177-thread-1] INFO  server.RaftServerConfigKeys (ConfUtils.java:logGet(46)) - raft.server.log.segment.size.max = 1048576 (custom)
2023-03-29 22:44:48,519 [EventQueue-PipelineReportForPipelineReportHandler] INFO  pipeline.PipelineManagerImpl (PipelineManagerImpl.java:openPipeline(367)) - Pipeline Pipeline[ Id: 2a537744-3b4a-4381-8c75-e863d8147430, Nodes: 9b024938-399e-4224-b1ed-691dfeb324e1(fv-az377-460/10.1.0.40), ReplicationConfig: RATIS/ONE, State:ALLOCATED, leaderId:9b024938-399e-4224-b1ed-691dfeb324e1, CreationTimestamp2023-03-29T22:44:45.507Z[Etc/UTC]] moved to OPEN state
2023-03-29 22:44:48,520 [EventQueue-OpenPipelineForHealthyPipelineSafeModeRule] INFO  safemode.SCMSafeModeManager (HealthyPipelineSafeModeRule.java:process(137)) - SCM in safe mode. Healthy pipelines reported count is 0, required healthy pipeline reported count is 1
2023-03-29 22:44:48,521 [Listener at 127.0.0.1/38933] INFO  ozone.MiniOzoneClusterImpl (MiniOzoneClusterImpl.java:lambda$waitForClusterToBeReady$0(222)) - Nodes are ready. Got 3 of 3 DN Heartbeats.
2023-03-29 22:44:48,521 [Listener at 127.0.0.1/38933] INFO  ozone.MiniOzoneClusterImpl (MiniOzoneClusterImpl.java:lambda$waitForClusterToBeReady$0(225)) - Waiting for cluster to exit safe mode
2023-03-29 22:44:48,521 [Listener at 127.0.0.1/38933] INFO  ozone.MiniOzoneClusterImpl (MiniOzoneClusterImpl.java:lambda$waitForClusterToBeReady$0(227)) - SCM became leader
2023-03-29 22:44:48,519 [pool-177-thread-1] INFO  server.RaftServerConfigKeys (ConfUtils.java:logGet(46)) - raft.server.log.preallocated.size = 16384 (custom)
2023-03-29 22:44:48,522 [pool-177-thread-1] INFO  server.RaftServerConfigKeys (ConfUtils.java:logGet(46)) - raft.server.log.force.sync.num = 128 (default)
2023-03-29 22:44:48,522 [pool-177-thread-1] INFO  server.RaftServerConfigKeys (ConfUtils.java:logGet(46)) - raft.server.log.statemachine.data.sync = true (default)
2023-03-29 22:44:48,522 [pool-177-thread-1] INFO  server.RaftServerConfigKeys (ConfUtils.java:logGet(46)) - raft.server.log.statemachine.data.sync.timeout = 10s (default)
2023-03-29 22:44:48,522 [pool-177-thread-1] INFO  server.RaftServerConfigKeys (ConfUtils.java:logGet(46)) - raft.server.log.statemachine.data.sync.timeout.retry = -1 (default)
2023-03-29 22:44:48,523 [pool-177-thread-1] INFO  server.RaftServerConfigKeys (ConfUtils.java:logGet(46)) - raft.server.log.write.buffer.size = 1048576 (custom)
2023-03-29 22:44:48,524 [pool-177-thread-1] INFO  server.RaftServerConfigKeys (ConfUtils.java:logGet(46)) - raft.server.log.appender.buffer.byte-limit = 33554432 (custom)
2023-03-29 22:44:48,531 [pool-177-thread-1] INFO  server.RaftServerConfigKeys (ConfUtils.java:logGet(46)) - raft.server.log.unsafe-flush.enabled = false (default)
2023-03-29 22:44:48,531 [pool-177-thread-1] INFO  server.RaftServerConfigKeys (ConfUtils.java:logGet(46)) - raft.server.log.async-flush.enabled = false (default)
2023-03-29 22:44:48,531 [pool-177-thread-1] INFO  server.RaftServerConfigKeys (ConfUtils.java:logGet(46)) - raft.server.log.statemachine.data.caching.enabled = true (custom)
2023-03-29 22:44:48,531 [pool-177-thread-1] INFO  segmented.SegmentedRaftLogWorker (SegmentedRaftLogWorker.java:lambda$new$0(135)) - 9b024938-399e-4224-b1ed-691dfeb324e1@group-E863D8147430-SegmentedRaftLogWorker: flushIndex: setUnconditionally 0 -> -1
2023-03-29 22:44:48,531 [pool-177-thread-1] INFO  segmented.SegmentedRaftLogWorker (SegmentedRaftLogWorker.java:lambda$new$0(135)) - 9b024938-399e-4224-b1ed-691dfeb324e1@group-E863D8147430-SegmentedRaftLogWorker: safeCacheEvictIndex: setUnconditionally 0 -> -1
2023-03-29 22:44:48,531 [pool-177-thread-1] INFO  server.RaftServer$Division (RaftServerImpl.java:start(334)) - 9b024938-399e-4224-b1ed-691dfeb324e1@group-E863D8147430: start as a follower, conf=-1: peers:[9b024938-399e-4224-b1ed-691dfeb324e1|rpc:10.1.0.40:43659|dataStream:10.1.0.40:34389|priority:1|startupRole:FOLLOWER]|listeners:[], old=null
2023-03-29 22:44:48,531 [pool-177-thread-1] INFO  server.RaftServer$Division (RaftServerImpl.java:setRole(321)) - 9b024938-399e-4224-b1ed-691dfeb324e1@group-E863D8147430: changes role from      null to FOLLOWER at term 0 for startAsFollower
2023-03-29 22:44:48,532 [pool-177-thread-1] INFO  impl.RoleInfo (RoleInfo.java:updateAndGet(139)) - 9b024938-399e-4224-b1ed-691dfeb324e1: start 9b024938-399e-4224-b1ed-691dfeb324e1@group-E863D8147430-FollowerState
2023-03-29 22:44:48,537 [pool-177-thread-1] INFO  util.JmxRegister (JmxRegister.java:tryRegister(44)) - Successfully registered JMX Bean with object name Ratis:service=RaftServer,group=group-E863D8147430,id=9b024938-399e-4224-b1ed-691dfeb324e1
2023-03-29 22:44:48,537 [pool-177-thread-1] INFO  server.RaftServerConfigKeys (ConfUtils.java:logGet(46)) - raft.server.snapshot.auto.trigger.enabled = true (custom)
2023-03-29 22:44:48,537 [pool-177-thread-1] INFO  server.RaftServerConfigKeys (ConfUtils.java:logGet(46)) - raft.server.snapshot.auto.trigger.threshold = 10000 (custom)
2023-03-29 22:44:48,537 [pool-177-thread-1] INFO  server.RaftServerConfigKeys (ConfUtils.java:logGet(46)) - raft.server.snapshot.retention.file.num = 5 (custom)
2023-03-29 22:44:48,537 [pool-177-thread-1] INFO  server.RaftServerConfigKeys (ConfUtils.java:logGet(46)) - raft.server.log.purge.upto.snapshot.index = false (default)
2023-03-29 22:44:48,537 [9b024938-399e-4224-b1ed-691dfeb324e1@group-E863D8147430-FollowerState] INFO  server.RaftServerConfigKeys (ConfUtils.java:logFallback(53)) - raft.server.rpc.first-election.timeout.min = 5s (fallback to raft.server.rpc.timeout.min)
2023-03-29 22:44:48,538 [9b024938-399e-4224-b1ed-691dfeb324e1@group-E863D8147430-FollowerState] INFO  server.RaftServerConfigKeys (ConfUtils.java:logFallback(53)) - raft.server.rpc.first-election.timeout.max = 5200ms (fallback to raft.server.rpc.timeout.max)
2023-03-29 22:44:48,539 [Command processor thread] INFO  ratis.XceiverServerRatis (XceiverServerRatis.java:addGroup(806)) - Created group PipelineID=2a537744-3b4a-4381-8c75-e863d8147430
2023-03-29 22:44:48,539 [Command processor thread] INFO  commandhandler.CreatePipelineCommandHandler (CreatePipelineCommandHandler.java:handle(113)) - Created Pipeline RATIS ONE PipelineID=2a537744-3b4a-4381-8c75-e863d8147430.
2023-03-29 22:44:49,521 [Listener at 127.0.0.1/38933] INFO  ozone.MiniOzoneClusterImpl (MiniOzoneClusterImpl.java:lambda$waitForClusterToBeReady$0(222)) - Nodes are ready. Got 3 of 3 DN Heartbeats.
2023-03-29 22:44:49,522 [Listener at 127.0.0.1/38933] INFO  ozone.MiniOzoneClusterImpl (MiniOzoneClusterImpl.java:lambda$waitForClusterToBeReady$0(225)) - Waiting for cluster to exit safe mode
2023-03-29 22:44:49,522 [Listener at 127.0.0.1/38933] INFO  ozone.MiniOzoneClusterImpl (MiniOzoneClusterImpl.java:lambda$waitForClusterToBeReady$0(227)) - SCM became leader
2023-03-29 22:44:50,522 [Listener at 127.0.0.1/38933] INFO  ozone.MiniOzoneClusterImpl (MiniOzoneClusterImpl.java:lambda$waitForClusterToBeReady$0(222)) - Nodes are ready. Got 3 of 3 DN Heartbeats.
2023-03-29 22:44:50,522 [Listener at 127.0.0.1/38933] INFO  ozone.MiniOzoneClusterImpl (MiniOzoneClusterImpl.java:lambda$waitForClusterToBeReady$0(225)) - Waiting for cluster to exit safe mode
2023-03-29 22:44:50,522 [Listener at 127.0.0.1/38933] INFO  ozone.MiniOzoneClusterImpl (MiniOzoneClusterImpl.java:lambda$waitForClusterToBeReady$0(227)) - SCM became leader
2023-03-29 22:44:51,523 [Listener at 127.0.0.1/38933] INFO  ozone.MiniOzoneClusterImpl (MiniOzoneClusterImpl.java:lambda$waitForClusterToBeReady$0(222)) - Nodes are ready. Got 3 of 3 DN Heartbeats.
2023-03-29 22:44:51,523 [Listener at 127.0.0.1/38933] INFO  ozone.MiniOzoneClusterImpl (MiniOzoneClusterImpl.java:lambda$waitForClusterToBeReady$0(225)) - Waiting for cluster to exit safe mode
2023-03-29 22:44:51,523 [Listener at 127.0.0.1/38933] INFO  ozone.MiniOzoneClusterImpl (MiniOzoneClusterImpl.java:lambda$waitForClusterToBeReady$0(227)) - SCM became leader
2023-03-29 22:44:52,523 [Listener at 127.0.0.1/38933] INFO  ozone.MiniOzoneClusterImpl (MiniOzoneClusterImpl.java:lambda$waitForClusterToBeReady$0(222)) - Nodes are ready. Got 3 of 3 DN Heartbeats.
2023-03-29 22:44:52,524 [Listener at 127.0.0.1/38933] INFO  ozone.MiniOzoneClusterImpl (MiniOzoneClusterImpl.java:lambda$waitForClusterToBeReady$0(225)) - Waiting for cluster to exit safe mode
2023-03-29 22:44:52,524 [Listener at 127.0.0.1/38933] INFO  ozone.MiniOzoneClusterImpl (MiniOzoneClusterImpl.java:lambda$waitForClusterToBeReady$0(227)) - SCM became leader
2023-03-29 22:44:52,936 [e2c212f3-f97c-4b95-9960-0e6b8b9bb499@group-31CA30E27658-FollowerState] INFO  impl.FollowerState (FollowerState.java:run(143)) - e2c212f3-f97c-4b95-9960-0e6b8b9bb499@group-31CA30E27658-FollowerState: change to CANDIDATE, lastRpcElapsedTime:5184887008ns, electionTimeout:5179ms
2023-03-29 22:44:52,936 [e2c212f3-f97c-4b95-9960-0e6b8b9bb499@group-31CA30E27658-FollowerState] INFO  impl.RoleInfo (RoleInfo.java:shutdownFollowerState(110)) - e2c212f3-f97c-4b95-9960-0e6b8b9bb499: shutdown e2c212f3-f97c-4b95-9960-0e6b8b9bb499@group-31CA30E27658-FollowerState
2023-03-29 22:44:52,936 [e2c212f3-f97c-4b95-9960-0e6b8b9bb499@group-31CA30E27658-FollowerState] INFO  server.RaftServer$Division (RaftServerImpl.java:setRole(321)) - e2c212f3-f97c-4b95-9960-0e6b8b9bb499@group-31CA30E27658: changes role from  FOLLOWER to CANDIDATE at term 0 for changeToCandidate
2023-03-29 22:44:52,936 [e2c212f3-f97c-4b95-9960-0e6b8b9bb499@group-31CA30E27658-FollowerState] INFO  server.RaftServerConfigKeys (ConfUtils.java:logGet(46)) - raft.server.leaderelection.pre-vote = true (default)
2023-03-29 22:44:52,936 [e2c212f3-f97c-4b95-9960-0e6b8b9bb499@group-31CA30E27658-FollowerState] INFO  impl.RoleInfo (RoleInfo.java:updateAndGet(139)) - e2c212f3-f97c-4b95-9960-0e6b8b9bb499: start e2c212f3-f97c-4b95-9960-0e6b8b9bb499@group-31CA30E27658-LeaderElection2
2023-03-29 22:44:52,940 [e2c212f3-f97c-4b95-9960-0e6b8b9bb499@group-31CA30E27658-LeaderElection2] INFO  impl.LeaderElection (LeaderElection.java:askForVotes(312)) - e2c212f3-f97c-4b95-9960-0e6b8b9bb499@group-31CA30E27658-LeaderElection2 PRE_VOTE round 0: submit vote requests at term 0 for -1: peers:[e2c212f3-f97c-4b95-9960-0e6b8b9bb499|rpc:10.1.0.40:46101|dataStream:10.1.0.40:41817|priority:1|startupRole:FOLLOWER]|listeners:[], old=null
2023-03-29 22:44:52,940 [e2c212f3-f97c-4b95-9960-0e6b8b9bb499@group-31CA30E27658-LeaderElection2] INFO  impl.LeaderElection (LeaderElection.java:askForVotes(314)) - e2c212f3-f97c-4b95-9960-0e6b8b9bb499@group-31CA30E27658-LeaderElection2 PRE_VOTE round 0: result PASSED (term=0)
2023-03-29 22:44:52,942 [e2c212f3-f97c-4b95-9960-0e6b8b9bb499@group-31CA30E27658-LeaderElection2] INFO  impl.LeaderElection (LeaderElection.java:askForVotes(312)) - e2c212f3-f97c-4b95-9960-0e6b8b9bb499@group-31CA30E27658-LeaderElection2 ELECTION round 0: submit vote requests at term 1 for -1: peers:[e2c212f3-f97c-4b95-9960-0e6b8b9bb499|rpc:10.1.0.40:46101|dataStream:10.1.0.40:41817|priority:1|startupRole:FOLLOWER]|listeners:[], old=null
2023-03-29 22:44:52,942 [e2c212f3-f97c-4b95-9960-0e6b8b9bb499@group-31CA30E27658-LeaderElection2] INFO  impl.LeaderElection (LeaderElection.java:askForVotes(314)) - e2c212f3-f97c-4b95-9960-0e6b8b9bb499@group-31CA30E27658-LeaderElection2 ELECTION round 0: result PASSED (term=1)
2023-03-29 22:44:52,942 [e2c212f3-f97c-4b95-9960-0e6b8b9bb499@group-31CA30E27658-LeaderElection2] INFO  impl.RoleInfo (RoleInfo.java:shutdownLeaderElection(130)) - e2c212f3-f97c-4b95-9960-0e6b8b9bb499: shutdown e2c212f3-f97c-4b95-9960-0e6b8b9bb499@group-31CA30E27658-LeaderElection2
2023-03-29 22:44:52,942 [e2c212f3-f97c-4b95-9960-0e6b8b9bb499@group-31CA30E27658-LeaderElection2] INFO  server.RaftServer$Division (RaftServerImpl.java:setRole(321)) - e2c212f3-f97c-4b95-9960-0e6b8b9bb499@group-31CA30E27658: changes role from CANDIDATE to LEADER at term 1 for changeToLeader
2023-03-29 22:44:52,942 [e2c212f3-f97c-4b95-9960-0e6b8b9bb499@group-31CA30E27658-LeaderElection2] INFO  ratis.XceiverServerRatis (XceiverServerRatis.java:handleLeaderChangedNotification(904)) - Leader change notification received for group: group-31CA30E27658 with new leaderId: e2c212f3-f97c-4b95-9960-0e6b8b9bb499
2023-03-29 22:44:52,943 [e2c212f3-f97c-4b95-9960-0e6b8b9bb499@group-31CA30E27658-LeaderElection2] INFO  server.RaftServer$Division (ServerState.java:setLeader(313)) - e2c212f3-f97c-4b95-9960-0e6b8b9bb499@group-31CA30E27658: change Leader from null to e2c212f3-f97c-4b95-9960-0e6b8b9bb499 at term 1 for becomeLeader, leader elected after 5221ms
2023-03-29 22:44:52,943 [e2c212f3-f97c-4b95-9960-0e6b8b9bb499@group-31CA30E27658-LeaderElection2] INFO  server.RaftServerConfigKeys (ConfUtils.java:logGet(46)) - raft.server.staging.catchup.gap = 1000 (default)
2023-03-29 22:44:52,943 [e2c212f3-f97c-4b95-9960-0e6b8b9bb499@group-31CA30E27658-LeaderElection2] INFO  server.RaftServerConfigKeys (ConfUtils.java:logGet(46)) - raft.server.write.element-limit = 1024 (custom)
2023-03-29 22:44:52,943 [e2c212f3-f97c-4b95-9960-0e6b8b9bb499@group-31CA30E27658-LeaderElection2] INFO  server.RaftServerConfigKeys (ConfUtils.java:logGet(46)) - raft.server.write.byte-limit = 1024 M (=1073741824) (custom)
2023-03-29 22:44:52,944 [e2c212f3-f97c-4b95-9960-0e6b8b9bb499@group-31CA30E27658-LeaderElection2] INFO  server.RaftServerConfigKeys (ConfUtils.java:logGet(46)) - raft.server.watch.timeout = 180s (custom)
2023-03-29 22:44:52,944 [e2c212f3-f97c-4b95-9960-0e6b8b9bb499@group-31CA30E27658-LeaderElection2] INFO  server.RaftServerConfigKeys (ConfUtils.java:logGet(46)) - raft.server.watch.timeout.denomination = 1s (default)
2023-03-29 22:44:52,944 [e2c212f3-f97c-4b95-9960-0e6b8b9bb499@group-31CA30E27658-LeaderElection2] INFO  server.RaftServerConfigKeys (ConfUtils.java:logGet(46)) - raft.server.watch.element-limit = 65536 (default)
2023-03-29 22:44:52,944 [e2c212f3-f97c-4b95-9960-0e6b8b9bb499@group-31CA30E27658-LeaderElection2] INFO  server.RaftServerConfigKeys (ConfUtils.java:logGet(46)) - raft.server.write.element-limit = 1024 (custom)
2023-03-29 22:44:52,944 [e2c212f3-f97c-4b95-9960-0e6b8b9bb499@group-31CA30E27658-LeaderElection2] INFO  server.RaftServerConfigKeys (ConfUtils.java:logGet(46)) - raft.server.write.follower.gap.ratio.max = -1.0 (default)
2023-03-29 22:44:52,944 [e2c212f3-f97c-4b95-9960-0e6b8b9bb499@group-31CA30E27658-LeaderElection2] INFO  impl.RoleInfo (RoleInfo.java:updateAndGet(139)) - e2c212f3-f97c-4b95-9960-0e6b8b9bb499: start e2c212f3-f97c-4b95-9960-0e6b8b9bb499@group-31CA30E27658-LeaderStateImpl
2023-03-29 22:44:52,945 [e2c212f3-f97c-4b95-9960-0e6b8b9bb499@group-31CA30E27658-LeaderElection2] INFO  segmented.SegmentedRaftLogWorker (SegmentedRaftLogWorker.java:startLogSegment(452)) - e2c212f3-f97c-4b95-9960-0e6b8b9bb499@group-31CA30E27658-SegmentedRaftLogWorker: Starting segment from index:0
2023-03-29 22:44:52,948 [EventQueue-OpenPipelineForHealthyPipelineSafeModeRule] INFO  safemode.SCMSafeModeManager (HealthyPipelineSafeModeRule.java:process(137)) - SCM in safe mode. Healthy pipelines reported count is 0, required healthy pipeline reported count is 1
2023-03-29 22:44:52,948 [e2c212f3-f97c-4b95-9960-0e6b8b9bb499@group-31CA30E27658-SegmentedRaftLogWorker] INFO  segmented.SegmentedRaftLogWorker (SegmentedRaftLogWorker.java:execute(656)) - e2c212f3-f97c-4b95-9960-0e6b8b9bb499@group-31CA30E27658-SegmentedRaftLogWorker: created new log segment /home/runner/work/ozone/ozone/hadoop-ozone/integration-test/target/test-dir/MiniOzoneClusterImpl-bcbc84c2-519e-42a0-a817-fd35ffaa666a/datanode-0/data/ratis/1c7758a1-6cfc-4365-b996-31ca30e27658/current/log_inprogress_0
2023-03-29 22:44:52,952 [e2c212f3-f97c-4b95-9960-0e6b8b9bb499@group-31CA30E27658-LeaderElection2] INFO  server.RaftServer$Division (ServerState.java:setRaftConf(430)) - e2c212f3-f97c-4b95-9960-0e6b8b9bb499@group-31CA30E27658: set configuration 0: peers:[e2c212f3-f97c-4b95-9960-0e6b8b9bb499|rpc:10.1.0.40:46101|dataStream:10.1.0.40:41817|priority:1|startupRole:FOLLOWER]|listeners:[], old=null
2023-03-29 22:44:52,976 [e2c212f3-f97c-4b95-9960-0e6b8b9bb499@group-F6B997106ACD-FollowerState] INFO  impl.FollowerState (FollowerState.java:run(143)) - e2c212f3-f97c-4b95-9960-0e6b8b9bb499@group-F6B997106ACD-FollowerState: change to CANDIDATE, lastRpcElapsedTime:5182217553ns, electionTimeout:5168ms
2023-03-29 22:44:52,976 [e2c212f3-f97c-4b95-9960-0e6b8b9bb499@group-F6B997106ACD-FollowerState] INFO  impl.RoleInfo (RoleInfo.java:shutdownFollowerState(110)) - e2c212f3-f97c-4b95-9960-0e6b8b9bb499: shutdown e2c212f3-f97c-4b95-9960-0e6b8b9bb499@group-F6B997106ACD-FollowerState
2023-03-29 22:44:52,976 [e2c212f3-f97c-4b95-9960-0e6b8b9bb499@group-F6B997106ACD-FollowerState] INFO  server.RaftServer$Division (RaftServerImpl.java:setRole(321)) - e2c212f3-f97c-4b95-9960-0e6b8b9bb499@group-F6B997106ACD: changes role from  FOLLOWER to CANDIDATE at term 0 for changeToCandidate
2023-03-29 22:44:52,976 [e2c212f3-f97c-4b95-9960-0e6b8b9bb499@group-F6B997106ACD-FollowerState] INFO  server.RaftServerConfigKeys (ConfUtils.java:logGet(46)) - raft.server.leaderelection.pre-vote = true (default)
2023-03-29 22:44:52,976 [e2c212f3-f97c-4b95-9960-0e6b8b9bb499@group-F6B997106ACD-FollowerState] INFO  impl.RoleInfo (RoleInfo.java:updateAndGet(139)) - e2c212f3-f97c-4b95-9960-0e6b8b9bb499: start e2c212f3-f97c-4b95-9960-0e6b8b9bb499@group-F6B997106ACD-LeaderElection3
2023-03-29 22:44:52,978 [e2c212f3-f97c-4b95-9960-0e6b8b9bb499@group-F6B997106ACD-LeaderElection3] INFO  impl.LeaderElection (LeaderElection.java:askForVotes(312)) - e2c212f3-f97c-4b95-9960-0e6b8b9bb499@group-F6B997106ACD-LeaderElection3 PRE_VOTE round 0: submit vote requests at term 0 for -1: peers:[e2c212f3-f97c-4b95-9960-0e6b8b9bb499|rpc:10.1.0.40:46101|dataStream:10.1.0.40:41817|priority:1|startupRole:FOLLOWER, c28f674d-4a3a-4611-831e-e7d010a6b2ef|rpc:10.1.0.40:38199|dataStream:10.1.0.40:46543|priority:0|startupRole:FOLLOWER, 9b024938-399e-4224-b1ed-691dfeb324e1|rpc:10.1.0.40:43659|dataStream:10.1.0.40:34389|priority:0|startupRole:FOLLOWER]|listeners:[], old=null
2023-03-29 22:44:52,979 [e2c212f3-f97c-4b95-9960-0e6b8b9bb499@group-F6B997106ACD-LeaderElection3-1] INFO  server.GrpcServerProtocolClient (GrpcServerProtocolClient.java:<init>(63)) - Build channel for c28f674d-4a3a-4611-831e-e7d010a6b2ef
2023-03-29 22:44:52,979 [e2c212f3-f97c-4b95-9960-0e6b8b9bb499@group-F6B997106ACD-LeaderElection3] INFO  server.RaftServerConfigKeys (ConfUtils.java:logFallback(53)) - raft.server.rpc.first-election.timeout.min = 5s (fallback to raft.server.rpc.timeout.min)
2023-03-29 22:44:52,982 [e2c212f3-f97c-4b95-9960-0e6b8b9bb499@group-F6B997106ACD-LeaderElection3-2] INFO  server.GrpcServerProtocolClient (GrpcServerProtocolClient.java:<init>(63)) - Build channel for 9b024938-399e-4224-b1ed-691dfeb324e1
2023-03-29 22:44:52,982 [e2c212f3-f97c-4b95-9960-0e6b8b9bb499@group-F6B997106ACD-LeaderElection3] INFO  server.RaftServerConfigKeys (ConfUtils.java:logFallback(53)) - raft.server.rpc.first-election.timeout.max = 5200ms (fallback to raft.server.rpc.timeout.max)
2023-03-29 22:44:52,997 [grpc-default-executor-3] INFO  server.RaftServer$Division (RaftServerImpl.java:requestVote(1218)) - c28f674d-4a3a-4611-831e-e7d010a6b2ef@group-F6B997106ACD: receive requestVote(PRE_VOTE, e2c212f3-f97c-4b95-9960-0e6b8b9bb499, group-F6B997106ACD, 0, (t:0, i:0))
2023-03-29 22:44:52,997 [grpc-default-executor-1] INFO  server.RaftServer$Division (RaftServerImpl.java:requestVote(1218)) - 9b024938-399e-4224-b1ed-691dfeb324e1@group-F6B997106ACD: receive requestVote(PRE_VOTE, e2c212f3-f97c-4b95-9960-0e6b8b9bb499, group-F6B997106ACD, 0, (t:0, i:0))
2023-03-29 22:44:52,997 [grpc-default-executor-3] INFO  impl.VoteContext (VoteContext.java:log(49)) - c28f674d-4a3a-4611-831e-e7d010a6b2ef@group-F6B997106ACD-FOLLOWER: accept PRE_VOTE from e2c212f3-f97c-4b95-9960-0e6b8b9bb499: our priority 0 <= candidate's priority 1
2023-03-29 22:44:52,997 [grpc-default-executor-3] INFO  server.RaftServer$Division (RaftServerImpl.java:requestVote(1251)) - c28f674d-4a3a-4611-831e-e7d010a6b2ef@group-F6B997106ACD replies to PRE_VOTE vote request: e2c212f3-f97c-4b95-9960-0e6b8b9bb499<-c28f674d-4a3a-4611-831e-e7d010a6b2ef#0:OK-t0. Peer's state: c28f674d-4a3a-4611-831e-e7d010a6b2ef@group-F6B997106ACD:t0, leader=null, voted=, raftlog=Memoized:c28f674d-4a3a-4611-831e-e7d010a6b2ef@group-F6B997106ACD-SegmentedRaftLog:OPENED:c-1, conf=-1: peers:[e2c212f3-f97c-4b95-9960-0e6b8b9bb499|rpc:10.1.0.40:46101|dataStream:10.1.0.40:41817|priority:1|startupRole:FOLLOWER, c28f674d-4a3a-4611-831e-e7d010a6b2ef|rpc:10.1.0.40:38199|dataStream:10.1.0.40:46543|priority:0|startupRole:FOLLOWER, 9b024938-399e-4224-b1ed-691dfeb324e1|rpc:10.1.0.40:43659|dataStream:10.1.0.40:34389|priority:0|startupRole:FOLLOWER]|listeners:[], old=null
2023-03-29 22:44:52,997 [grpc-default-executor-1] INFO  impl.VoteContext (VoteContext.java:log(49)) - 9b024938-399e-4224-b1ed-691dfeb324e1@group-F6B997106ACD-FOLLOWER: accept PRE_VOTE from e2c212f3-f97c-4b95-9960-0e6b8b9bb499: our priority 0 <= candidate's priority 1
2023-03-29 22:44:52,998 [grpc-default-executor-1] INFO  server.RaftServer$Division (RaftServerImpl.java:requestVote(1251)) - 9b024938-399e-4224-b1ed-691dfeb324e1@group-F6B997106ACD replies to PRE_VOTE vote request: e2c212f3-f97c-4b95-9960-0e6b8b9bb499<-9b024938-399e-4224-b1ed-691dfeb324e1#0:OK-t0. Peer's state: 9b024938-399e-4224-b1ed-691dfeb324e1@group-F6B997106ACD:t0, leader=null, voted=, raftlog=Memoized:9b024938-399e-4224-b1ed-691dfeb324e1@group-F6B997106ACD-SegmentedRaftLog:OPENED:c-1, conf=-1: peers:[e2c212f3-f97c-4b95-9960-0e6b8b9bb499|rpc:10.1.0.40:46101|dataStream:10.1.0.40:41817|priority:1|startupRole:FOLLOWER, c28f674d-4a3a-4611-831e-e7d010a6b2ef|rpc:10.1.0.40:38199|dataStream:10.1.0.40:46543|priority:0|startupRole:FOLLOWER, 9b024938-399e-4224-b1ed-691dfeb324e1|rpc:10.1.0.40:43659|dataStream:10.1.0.40:34389|priority:0|startupRole:FOLLOWER]|listeners:[], old=null
2023-03-29 22:44:53,000 [e2c212f3-f97c-4b95-9960-0e6b8b9bb499@group-F6B997106ACD-LeaderElection3] INFO  impl.LeaderElection (LeaderElection.java:logAndReturn(90)) - e2c212f3-f97c-4b95-9960-0e6b8b9bb499@group-F6B997106ACD-LeaderElection3: PRE_VOTE PASSED received 1 response(s) and 0 exception(s):
2023-03-29 22:44:53,002 [e2c212f3-f97c-4b95-9960-0e6b8b9bb499@group-F6B997106ACD-LeaderElection3] INFO  impl.LeaderElection (LeaderElection.java:logAndReturn(94)) -   Response 0: e2c212f3-f97c-4b95-9960-0e6b8b9bb499<-9b024938-399e-4224-b1ed-691dfeb324e1#0:OK-t0
2023-03-29 22:44:53,002 [e2c212f3-f97c-4b95-9960-0e6b8b9bb499@group-F6B997106ACD-LeaderElection3] INFO  impl.LeaderElection (LeaderElection.java:askForVotes(314)) - e2c212f3-f97c-4b95-9960-0e6b8b9bb499@group-F6B997106ACD-LeaderElection3 PRE_VOTE round 0: result PASSED
2023-03-29 22:44:53,005 [e2c212f3-f97c-4b95-9960-0e6b8b9bb499@group-F6B997106ACD-LeaderElection3] INFO  impl.LeaderElection (LeaderElection.java:askForVotes(312)) - e2c212f3-f97c-4b95-9960-0e6b8b9bb499@group-F6B997106ACD-LeaderElection3 ELECTION round 0: submit vote requests at term 1 for -1: peers:[e2c212f3-f97c-4b95-9960-0e6b8b9bb499|rpc:10.1.0.40:46101|dataStream:10.1.0.40:41817|priority:1|startupRole:FOLLOWER, c28f674d-4a3a-4611-831e-e7d010a6b2ef|rpc:10.1.0.40:38199|dataStream:10.1.0.40:46543|priority:0|startupRole:FOLLOWER, 9b024938-399e-4224-b1ed-691dfeb324e1|rpc:10.1.0.40:43659|dataStream:10.1.0.40:34389|priority:0|startupRole:FOLLOWER]|listeners:[], old=null
2023-03-29 22:44:53,005 [e2c212f3-f97c-4b95-9960-0e6b8b9bb499@group-F6B997106ACD-LeaderElection3] INFO  server.RaftServerConfigKeys (ConfUtils.java:logFallback(53)) - raft.server.rpc.first-election.timeout.min = 5s (fallback to raft.server.rpc.timeout.min)
2023-03-29 22:44:53,005 [e2c212f3-f97c-4b95-9960-0e6b8b9bb499@group-F6B997106ACD-LeaderElection3] INFO  server.RaftServerConfigKeys (ConfUtils.java:logFallback(53)) - raft.server.rpc.first-election.timeout.max = 5200ms (fallback to raft.server.rpc.timeout.max)
2023-03-29 22:44:53,010 [grpc-default-executor-1] INFO  server.RaftServer$Division (RaftServerImpl.java:requestVote(1218)) - c28f674d-4a3a-4611-831e-e7d010a6b2ef@group-F6B997106ACD: receive requestVote(ELECTION, e2c212f3-f97c-4b95-9960-0e6b8b9bb499, group-F6B997106ACD, 1, (t:0, i:0))
2023-03-29 22:44:53,010 [grpc-default-executor-3] INFO  server.RaftServer$Division (RaftServerImpl.java:requestVote(1218)) - 9b024938-399e-4224-b1ed-691dfeb324e1@group-F6B997106ACD: receive requestVote(ELECTION, e2c212f3-f97c-4b95-9960-0e6b8b9bb499, group-F6B997106ACD, 1, (t:0, i:0))
2023-03-29 22:44:53,011 [grpc-default-executor-1] INFO  impl.VoteContext (VoteContext.java:log(49)) - c28f674d-4a3a-4611-831e-e7d010a6b2ef@group-F6B997106ACD-FOLLOWER: accept ELECTION from e2c212f3-f97c-4b95-9960-0e6b8b9bb499: our priority 0 <= candidate's priority 1
2023-03-29 22:44:53,011 [grpc-default-executor-3] INFO  impl.VoteContext (VoteContext.java:log(49)) - 9b024938-399e-4224-b1ed-691dfeb324e1@group-F6B997106ACD-FOLLOWER: accept ELECTION from e2c212f3-f97c-4b95-9960-0e6b8b9bb499: our priority 0 <= candidate's priority 1
2023-03-29 22:44:53,011 [grpc-default-executor-1] INFO  server.RaftServer$Division (RaftServerImpl.java:setRole(321)) - c28f674d-4a3a-4611-831e-e7d010a6b2ef@group-F6B997106ACD: changes role from  FOLLOWER to FOLLOWER at term 1 for candidate:e2c212f3-f97c-4b95-9960-0e6b8b9bb499
2023-03-29 22:44:53,011 [grpc-default-executor-1] INFO  impl.RoleInfo (RoleInfo.java:shutdownFollowerState(110)) - c28f674d-4a3a-4611-831e-e7d010a6b2ef: shutdown c28f674d-4a3a-4611-831e-e7d010a6b2ef@group-F6B997106ACD-FollowerState
2023-03-29 22:44:53,011 [grpc-default-executor-3] INFO  server.RaftServer$Division (RaftServerImpl.java:setRole(321)) - 9b024938-399e-4224-b1ed-691dfeb324e1@group-F6B997106ACD: changes role from  FOLLOWER to FOLLOWER at term 1 for candidate:e2c212f3-f97c-4b95-9960-0e6b8b9bb499
2023-03-29 22:44:53,011 [grpc-default-executor-3] INFO  impl.RoleInfo (RoleInfo.java:shutdownFollowerState(110)) - 9b024938-399e-4224-b1ed-691dfeb324e1: shutdown 9b024938-399e-4224-b1ed-691dfeb324e1@group-F6B997106ACD-FollowerState
2023-03-29 22:44:53,011 [grpc-default-executor-1] INFO  impl.RoleInfo (RoleInfo.java:updateAndGet(139)) - c28f674d-4a3a-4611-831e-e7d010a6b2ef: start c28f674d-4a3a-4611-831e-e7d010a6b2ef@group-F6B997106ACD-FollowerState
2023-03-29 22:44:53,011 [9b024938-399e-4224-b1ed-691dfeb324e1@group-F6B997106ACD-FollowerState] INFO  impl.FollowerState (FollowerState.java:run(152)) - 9b024938-399e-4224-b1ed-691dfeb324e1@group-F6B997106ACD-FollowerState was interrupted
2023-03-29 22:44:53,011 [grpc-default-executor-3] INFO  impl.RoleInfo (RoleInfo.java:updateAndGet(139)) - 9b024938-399e-4224-b1ed-691dfeb324e1: start 9b024938-399e-4224-b1ed-691dfeb324e1@group-F6B997106ACD-FollowerState
2023-03-29 22:44:53,011 [c28f674d-4a3a-4611-831e-e7d010a6b2ef@group-F6B997106ACD-FollowerState] INFO  impl.FollowerState (FollowerState.java:run(152)) - c28f674d-4a3a-4611-831e-e7d010a6b2ef@group-F6B997106ACD-FollowerState was interrupted
2023-03-29 22:44:53,018 [c28f674d-4a3a-4611-831e-e7d010a6b2ef@group-F6B997106ACD-FollowerState] INFO  server.RaftServerConfigKeys (ConfUtils.java:logFallback(53)) - raft.server.rpc.first-election.timeout.min = 5s (fallback to raft.server.rpc.timeout.min)
2023-03-29 22:44:53,018 [c28f674d-4a3a-4611-831e-e7d010a6b2ef@group-F6B997106ACD-FollowerState] INFO  server.RaftServerConfigKeys (ConfUtils.java:logFallback(53)) - raft.server.rpc.first-election.timeout.max = 5200ms (fallback to raft.server.rpc.timeout.max)
2023-03-29 22:44:53,019 [9b024938-399e-4224-b1ed-691dfeb324e1@group-F6B997106ACD-FollowerState] INFO  server.RaftServerConfigKeys (ConfUtils.java:logFallback(53)) - raft.server.rpc.first-election.timeout.min = 5s (fallback to raft.server.rpc.timeout.min)
2023-03-29 22:44:53,019 [9b024938-399e-4224-b1ed-691dfeb324e1@group-F6B997106ACD-FollowerState] INFO  server.RaftServerConfigKeys (ConfUtils.java:logFallback(53)) - raft.server.rpc.first-election.timeout.max = 5200ms (fallback to raft.server.rpc.timeout.max)
2023-03-29 22:44:53,020 [grpc-default-executor-1] INFO  server.RaftServer$Division (RaftServerImpl.java:requestVote(1251)) - c28f674d-4a3a-4611-831e-e7d010a6b2ef@group-F6B997106ACD replies to ELECTION vote request: e2c212f3-f97c-4b95-9960-0e6b8b9bb499<-c28f674d-4a3a-4611-831e-e7d010a6b2ef#0:OK-t1. Peer's state: c28f674d-4a3a-4611-831e-e7d010a6b2ef@group-F6B997106ACD:t1, leader=null, voted=e2c212f3-f97c-4b95-9960-0e6b8b9bb499, raftlog=Memoized:c28f674d-4a3a-4611-831e-e7d010a6b2ef@group-F6B997106ACD-SegmentedRaftLog:OPENED:c-1, conf=-1: peers:[e2c212f3-f97c-4b95-9960-0e6b8b9bb499|rpc:10.1.0.40:46101|dataStream:10.1.0.40:41817|priority:1|startupRole:FOLLOWER, c28f674d-4a3a-4611-831e-e7d010a6b2ef|rpc:10.1.0.40:38199|dataStream:10.1.0.40:46543|priority:0|startupRole:FOLLOWER, 9b024938-399e-4224-b1ed-691dfeb324e1|rpc:10.1.0.40:43659|dataStream:10.1.0.40:34389|priority:0|startupRole:FOLLOWER]|listeners:[], old=null
2023-03-29 22:44:53,021 [grpc-default-executor-3] INFO  server.RaftServer$Division (RaftServerImpl.java:requestVote(1251)) - 9b024938-399e-4224-b1ed-691dfeb324e1@group-F6B997106ACD replies to ELECTION vote request: e2c212f3-f97c-4b95-9960-0e6b8b9bb499<-9b024938-399e-4224-b1ed-691dfeb324e1#0:OK-t1. Peer's state: 9b024938-399e-4224-b1ed-691dfeb324e1@group-F6B997106ACD:t1, leader=null, voted=e2c212f3-f97c-4b95-9960-0e6b8b9bb499, raftlog=Memoized:9b024938-399e-4224-b1ed-691dfeb324e1@group-F6B997106ACD-SegmentedRaftLog:OPENED:c-1, conf=-1: peers:[e2c212f3-f97c-4b95-9960-0e6b8b9bb499|rpc:10.1.0.40:46101|dataStream:10.1.0.40:41817|priority:1|startupRole:FOLLOWER, c28f674d-4a3a-4611-831e-e7d010a6b2ef|rpc:10.1.0.40:38199|dataStream:10.1.0.40:46543|priority:0|startupRole:FOLLOWER, 9b024938-399e-4224-b1ed-691dfeb324e1|rpc:10.1.0.40:43659|dataStream:10.1.0.40:34389|priority:0|startupRole:FOLLOWER]|listeners:[], old=null
2023-03-29 22:44:53,022 [e2c212f3-f97c-4b95-9960-0e6b8b9bb499@group-F6B997106ACD-LeaderElection3] INFO  impl.LeaderElection (LeaderElection.java:logAndReturn(90)) - e2c212f3-f97c-4b95-9960-0e6b8b9bb499@group-F6B997106ACD-LeaderElection3: ELECTION PASSED received 1 response(s) and 0 exception(s):
2023-03-29 22:44:53,022 [e2c212f3-f97c-4b95-9960-0e6b8b9bb499@group-F6B997106ACD-LeaderElection3] INFO  impl.LeaderElection (LeaderElection.java:logAndReturn(94)) -   Response 0: e2c212f3-f97c-4b95-9960-0e6b8b9bb499<-9b024938-399e-4224-b1ed-691dfeb324e1#0:OK-t1
2023-03-29 22:44:53,022 [e2c212f3-f97c-4b95-9960-0e6b8b9bb499@group-F6B997106ACD-LeaderElection3] INFO  impl.LeaderElection (LeaderElection.java:askForVotes(314)) - e2c212f3-f97c-4b95-9960-0e6b8b9bb499@group-F6B997106ACD-LeaderElection3 ELECTION round 0: result PASSED
2023-03-29 22:44:53,023 [e2c212f3-f97c-4b95-9960-0e6b8b9bb499@group-F6B997106ACD-LeaderElection3] INFO  impl.RoleInfo (RoleInfo.java:shutdownLeaderElection(130)) - e2c212f3-f97c-4b95-9960-0e6b8b9bb499: shutdown e2c212f3-f97c-4b95-9960-0e6b8b9bb499@group-F6B997106ACD-LeaderElection3
2023-03-29 22:44:53,023 [e2c212f3-f97c-4b95-9960-0e6b8b9bb499@group-F6B997106ACD-LeaderElection3] INFO  server.RaftServer$Division (RaftServerImpl.java:setRole(321)) - e2c212f3-f97c-4b95-9960-0e6b8b9bb499@group-F6B997106ACD: changes role from CANDIDATE to LEADER at term 1 for changeToLeader
2023-03-29 22:44:53,023 [e2c212f3-f97c-4b95-9960-0e6b8b9bb499@group-F6B997106ACD-LeaderElection3] INFO  ratis.XceiverServerRatis (XceiverServerRatis.java:handleLeaderChangedNotification(904)) - Leader change notification received for group: group-F6B997106ACD with new leaderId: e2c212f3-f97c-4b95-9960-0e6b8b9bb499
2023-03-29 22:44:53,023 [e2c212f3-f97c-4b95-9960-0e6b8b9bb499@group-F6B997106ACD-LeaderElection3] INFO  server.RaftServer$Division (ServerState.java:setLeader(313)) - e2c212f3-f97c-4b95-9960-0e6b8b9bb499@group-F6B997106ACD: change Leader from null to e2c212f3-f97c-4b95-9960-0e6b8b9bb499 at term 1 for becomeLeader, leader elected after 5256ms
2023-03-29 22:44:53,023 [e2c212f3-f97c-4b95-9960-0e6b8b9bb499@group-F6B997106ACD-LeaderElection3] INFO  server.RaftServerConfigKeys (ConfUtils.java:logGet(46)) - raft.server.staging.catchup.gap = 1000 (default)
2023-03-29 22:44:53,024 [e2c212f3-f97c-4b95-9960-0e6b8b9bb499@group-F6B997106ACD-LeaderElection3] INFO  server.RaftServerConfigKeys (ConfUtils.java:logGet(46)) - raft.server.write.element-limit = 1024 (custom)
2023-03-29 22:44:53,024 [e2c212f3-f97c-4b95-9960-0e6b8b9bb499@group-F6B997106ACD-LeaderElection3] INFO  server.RaftServerConfigKeys (ConfUtils.java:logGet(46)) - raft.server.write.byte-limit = 1024 M (=1073741824) (custom)
2023-03-29 22:44:53,025 [e2c212f3-f97c-4b95-9960-0e6b8b9bb499@group-F6B997106ACD-LeaderElection3] INFO  server.RaftServerConfigKeys (ConfUtils.java:logGet(46)) - raft.server.watch.timeout = 180s (custom)
2023-03-29 22:44:53,025 [e2c212f3-f97c-4b95-9960-0e6b8b9bb499@group-F6B997106ACD-LeaderElection3] INFO  server.RaftServerConfigKeys (ConfUtils.java:logGet(46)) - raft.server.watch.timeout.denomination = 1s (default)
2023-03-29 22:44:53,025 [e2c212f3-f97c-4b95-9960-0e6b8b9bb499@group-F6B997106ACD-LeaderElection3] INFO  server.RaftServerConfigKeys (ConfUtils.java:logGet(46)) - raft.server.watch.element-limit = 65536 (default)
2023-03-29 22:44:53,025 [e2c212f3-f97c-4b95-9960-0e6b8b9bb499@group-F6B997106ACD-LeaderElection3] INFO  server.RaftServerConfigKeys (ConfUtils.java:logGet(46)) - raft.server.write.element-limit = 1024 (custom)
2023-03-29 22:44:53,025 [e2c212f3-f97c-4b95-9960-0e6b8b9bb499@group-F6B997106ACD-LeaderElection3] INFO  server.RaftServerConfigKeys (ConfUtils.java:logGet(46)) - raft.server.write.follower.gap.ratio.max = -1.0 (default)
2023-03-29 22:44:53,025 [e2c212f3-f97c-4b95-9960-0e6b8b9bb499@group-F6B997106ACD-LeaderElection3] INFO  server.RaftServerConfigKeys (ConfUtils.java:logGet(46)) - raft.server.log.appender.snapshot.chunk.size.max = 16MB (=16777216) (default)
2023-03-29 22:44:53,026 [e2c212f3-f97c-4b95-9960-0e6b8b9bb499@group-F6B997106ACD-LeaderElection3] INFO  server.RaftServerConfigKeys (ConfUtils.java:logGet(46)) - raft.server.log.appender.buffer.byte-limit = 33554432 (custom)
2023-03-29 22:44:53,026 [e2c212f3-f97c-4b95-9960-0e6b8b9bb499@group-F6B997106ACD-LeaderElection3] INFO  server.RaftServerConfigKeys (ConfUtils.java:logGet(46)) - raft.server.log.appender.buffer.element-limit = 1 (custom)
2023-03-29 22:44:53,026 [e2c212f3-f97c-4b95-9960-0e6b8b9bb499@group-F6B997106ACD-LeaderElection3] INFO  grpc.GrpcConfigKeys (ConfUtils.java:logGet(46)) - raft.grpc.server.leader.outstanding.appends.max = 128 (default)
2023-03-29 22:44:53,026 [e2c212f3-f97c-4b95-9960-0e6b8b9bb499@group-F6B997106ACD-LeaderElection3] INFO  server.RaftServerConfigKeys (ConfUtils.java:logGet(46)) - raft.server.rpc.request.timeout = 60s (custom)
2023-03-29 22:44:53,026 [e2c212f3-f97c-4b95-9960-0e6b8b9bb499@group-F6B997106ACD-LeaderElection3] INFO  server.RaftServerConfigKeys (ConfUtils.java:logGet(46)) - raft.server.log.appender.install.snapshot.enabled = false (custom)
2023-03-29 22:44:53,026 [e2c212f3-f97c-4b95-9960-0e6b8b9bb499@group-F6B997106ACD-LeaderElection3] INFO  grpc.GrpcConfigKeys (ConfUtils.java:logGet(46)) - raft.grpc.server.heartbeat.channel = true (default)
2023-03-29 22:44:53,026 [e2c212f3-f97c-4b95-9960-0e6b8b9bb499@group-F6B997106ACD-LeaderElection3] INFO  server.RaftServerConfigKeys (ConfUtils.java:logGet(46)) - raft.server.log.appender.wait-time.min = 10ms (default)
2023-03-29 22:44:53,027 [e2c212f3-f97c-4b95-9960-0e6b8b9bb499@group-F6B997106ACD-LeaderElection3] INFO  server.RaftServerConfigKeys (ConfUtils.java:logGet(46)) - raft.server.log.appender.snapshot.chunk.size.max = 16MB (=16777216) (default)
2023-03-29 22:44:53,027 [e2c212f3-f97c-4b95-9960-0e6b8b9bb499@group-F6B997106ACD-LeaderElection3] INFO  server.RaftServerConfigKeys (ConfUtils.java:logGet(46)) - raft.server.log.appender.buffer.byte-limit = 33554432 (custom)
2023-03-29 22:44:53,027 [e2c212f3-f97c-4b95-9960-0e6b8b9bb499@group-F6B997106ACD-LeaderElection3] INFO  server.RaftServerConfigKeys (ConfUtils.java:logGet(46)) - raft.server.log.appender.buffer.element-limit = 1 (custom)
2023-03-29 22:44:53,027 [e2c212f3-f97c-4b95-9960-0e6b8b9bb499@group-F6B997106ACD-LeaderElection3] INFO  grpc.GrpcConfigKeys (ConfUtils.java:logGet(46)) - raft.grpc.server.leader.outstanding.appends.max = 128 (default)
2023-03-29 22:44:53,027 [e2c212f3-f97c-4b95-9960-0e6b8b9bb499@group-F6B997106ACD-LeaderElection3] INFO  server.RaftServerConfigKeys (ConfUtils.java:logGet(46)) - raft.server.rpc.request.timeout = 60s (custom)
2023-03-29 22:44:53,027 [e2c212f3-f97c-4b95-9960-0e6b8b9bb499@group-F6B997106ACD-LeaderElection3] INFO  server.RaftServerConfigKeys (ConfUtils.java:logGet(46)) - raft.server.log.appender.install.snapshot.enabled = false (custom)
2023-03-29 22:44:53,027 [e2c212f3-f97c-4b95-9960-0e6b8b9bb499@group-F6B997106ACD-LeaderElection3] INFO  grpc.GrpcConfigKeys (ConfUtils.java:logGet(46)) - raft.grpc.server.heartbeat.channel = true (default)
2023-03-29 22:44:53,028 [e2c212f3-f97c-4b95-9960-0e6b8b9bb499@group-F6B997106ACD-LeaderElection3] INFO  server.RaftServerConfigKeys (ConfUtils.java:logGet(46)) - raft.server.log.appender.wait-time.min = 10ms (default)
2023-03-29 22:44:53,028 [e2c212f3-f97c-4b95-9960-0e6b8b9bb499@group-F6B997106ACD-LeaderElection3] INFO  impl.RoleInfo (RoleInfo.java:updateAndGet(139)) - e2c212f3-f97c-4b95-9960-0e6b8b9bb499: start e2c212f3-f97c-4b95-9960-0e6b8b9bb499@group-F6B997106ACD-LeaderStateImpl
2023-03-29 22:44:53,028 [e2c212f3-f97c-4b95-9960-0e6b8b9bb499@group-F6B997106ACD-LeaderElection3] INFO  segmented.SegmentedRaftLogWorker (SegmentedRaftLogWorker.java:startLogSegment(452)) - e2c212f3-f97c-4b95-9960-0e6b8b9bb499@group-F6B997106ACD-SegmentedRaftLogWorker: Starting segment from index:0
2023-03-29 22:44:53,030 [e2c212f3-f97c-4b95-9960-0e6b8b9bb499@group-F6B997106ACD-SegmentedRaftLogWorker] INFO  segmented.SegmentedRaftLogWorker (SegmentedRaftLogWorker.java:execute(656)) - e2c212f3-f97c-4b95-9960-0e6b8b9bb499@group-F6B997106ACD-SegmentedRaftLogWorker: created new log segment /home/runner/work/ozone/ozone/hadoop-ozone/integration-test/target/test-dir/MiniOzoneClusterImpl-bcbc84c2-519e-42a0-a817-fd35ffaa666a/datanode-0/data/ratis/bb7b0d16-1b5a-4e79-9195-f6b997106acd/current/log_inprogress_0
2023-03-29 22:44:53,037 [EventQueue-PipelineReportForPipelineReportHandler] INFO  pipeline.PipelineManagerImpl (PipelineManagerImpl.java:openPipeline(367)) - Pipeline Pipeline[ Id: bb7b0d16-1b5a-4e79-9195-f6b997106acd, Nodes: c28f674d-4a3a-4611-831e-e7d010a6b2ef(fv-az377-460/10.1.0.40)9b024938-399e-4224-b1ed-691dfeb324e1(fv-az377-460/10.1.0.40)e2c212f3-f97c-4b95-9960-0e6b8b9bb499(fv-az377-460/10.1.0.40), ReplicationConfig: RATIS/THREE, State:ALLOCATED, leaderId:e2c212f3-f97c-4b95-9960-0e6b8b9bb499, CreationTimestamp2023-03-29T22:44:45.513Z[Etc/UTC]] moved to OPEN state
2023-03-29 22:44:53,037 [EventQueue-OpenPipelineForHealthyPipelineSafeModeRule] INFO  safemode.SCMSafeModeManager (HealthyPipelineSafeModeRule.java:process(137)) - SCM in safe mode. Healthy pipelines reported count is 0, required healthy pipeline reported count is 1
2023-03-29 22:44:53,037 [EventQueue-OpenPipelineForHealthyPipelineSafeModeRule] INFO  safemode.SCMSafeModeManager (HealthyPipelineSafeModeRule.java:process(137)) - SCM in safe mode. Healthy pipelines reported count is 1, required healthy pipeline reported count is 1
2023-03-29 22:44:53,037 [EventQueue-OpenPipelineForHealthyPipelineSafeModeRule] INFO  safemode.SCMSafeModeManager (SCMSafeModeManager.java:validateSafeModeExitRules(200)) - HealthyPipelineSafeModeRule rule is successfully validated
2023-03-29 22:44:53,037 [EventQueue-OpenPipelineForHealthyPipelineSafeModeRule] INFO  safemode.SCMSafeModeManager (SCMSafeModeManager.java:validateSafeModeExitRules(215)) - ScmSafeModeManager, all rules are successfully validated
2023-03-29 22:44:53,037 [EventQueue-OpenPipelineForHealthyPipelineSafeModeRule] INFO  safemode.SCMSafeModeManager (SCMSafeModeManager.java:exitSafeMode(244)) - SCM exiting safe mode.
2023-03-29 22:44:53,037 [EventQueue-OpenPipelineForHealthyPipelineSafeModeRule] INFO  ha.SCMContext (SCMContext.java:updateSafeModeStatus(228)) - Update SafeModeStatus from SafeModeStatus{safeModeStatus=true, preCheckPassed=true} to SafeModeStatus{safeModeStatus=false, preCheckPassed=true}.
2023-03-29 22:44:53,038 [EventQueue-OpenPipelineForHealthyPipelineSafeModeRule] INFO  pipeline.BackgroundPipelineCreator (BackgroundPipelineCreator.java:notifyStatusChanged(254)) - Service BackgroundPipelineCreator transitions to RUNNING.
2023-03-29 22:44:53,039 [EventQueue-OpenPipelineForHealthyPipelineSafeModeRule] INFO  BackgroundPipelineScrubber (BackgroundSCMService.java:notifyStatusChanged(82)) - Service BackgroundPipelineScrubber transitions to RUNNING.
2023-03-29 22:44:53,039 [EventQueue-OpenPipelineForHealthyPipelineSafeModeRule] INFO  ExpiredContainerReplicaOpScrubber (BackgroundSCMService.java:notifyStatusChanged(82)) - Service ExpiredContainerReplicaOpScrubber transitions to RUNNING.
2023-03-29 22:44:53,039 [EventQueue-OpenPipelineForHealthyPipelineSafeModeRule] INFO  replication.ReplicationManager (ReplicationManager.java:notifyStatusChanged(1255)) - Service ReplicationManager transitions to RUNNING.
2023-03-29 22:44:53,038 [c28f674d-4a3a-4611-831e-e7d010a6b2ef-server-thread1] INFO  ratis.XceiverServerRatis (XceiverServerRatis.java:handleLeaderChangedNotification(904)) - Leader change notification received for group: group-F6B997106ACD with new leaderId: e2c212f3-f97c-4b95-9960-0e6b8b9bb499
2023-03-29 22:44:53,060 [c28f674d-4a3a-4611-831e-e7d010a6b2ef-server-thread1] INFO  server.RaftServer$Division (ServerState.java:setLeader(313)) - c28f674d-4a3a-4611-831e-e7d010a6b2ef@group-F6B997106ACD: change Leader from null to e2c212f3-f97c-4b95-9960-0e6b8b9bb499 at term 1 for appendEntries, leader elected after 5146ms
2023-03-29 22:44:53,050 [EventQueue-OpenPipelineForHealthyPipelineSafeModeRule] WARN  balancer.ContainerBalancer (ContainerBalancer.java:shouldRun(132)) - Could not find persisted configuration for ContainerBalancer when checking if ContainerBalancer should run. ContainerBalancer should not run now.
2023-03-29 22:44:53,050 [e2c212f3-f97c-4b95-9960-0e6b8b9bb499@group-F6B997106ACD-LeaderElection3] INFO  server.RaftServer$Division (ServerState.java:setRaftConf(430)) - e2c212f3-f97c-4b95-9960-0e6b8b9bb499@group-F6B997106ACD: set configuration 0: peers:[e2c212f3-f97c-4b95-9960-0e6b8b9bb499|rpc:10.1.0.40:46101|dataStream:10.1.0.40:41817|priority:1|startupRole:FOLLOWER, c28f674d-4a3a-4611-831e-e7d010a6b2ef|rpc:10.1.0.40:38199|dataStream:10.1.0.40:46543|priority:0|startupRole:FOLLOWER, 9b024938-399e-4224-b1ed-691dfeb324e1|rpc:10.1.0.40:43659|dataStream:10.1.0.40:34389|priority:0|startupRole:FOLLOWER]|listeners:[], old=null
2023-03-29 22:44:53,067 [c28f674d-4a3a-4611-831e-e7d010a6b2ef-server-thread2] INFO  server.RaftServer$Division (ServerState.java:setRaftConf(430)) - c28f674d-4a3a-4611-831e-e7d010a6b2ef@group-F6B997106ACD: set configuration 0: peers:[e2c212f3-f97c-4b95-9960-0e6b8b9bb499|rpc:10.1.0.40:46101|dataStream:10.1.0.40:41817|priority:1|startupRole:FOLLOWER, c28f674d-4a3a-4611-831e-e7d010a6b2ef|rpc:10.1.0.40:38199|dataStream:10.1.0.40:46543|priority:0|startupRole:FOLLOWER, 9b024938-399e-4224-b1ed-691dfeb324e1|rpc:10.1.0.40:43659|dataStream:10.1.0.40:34389|priority:0|startupRole:FOLLOWER]|listeners:[], old=null
2023-03-29 22:44:53,068 [c28f674d-4a3a-4611-831e-e7d010a6b2ef-server-thread2] INFO  segmented.SegmentedRaftLogWorker (SegmentedRaftLogWorker.java:startLogSegment(452)) - c28f674d-4a3a-4611-831e-e7d010a6b2ef@group-F6B997106ACD-SegmentedRaftLogWorker: Starting segment from index:0
2023-03-29 22:44:53,069 [9b024938-399e-4224-b1ed-691dfeb324e1-server-thread2] INFO  ratis.XceiverServerRatis (XceiverServerRatis.java:handleLeaderChangedNotification(904)) - Leader change notification received for group: group-F6B997106ACD with new leaderId: e2c212f3-f97c-4b95-9960-0e6b8b9bb499
2023-03-29 22:44:53,071 [c28f674d-4a3a-4611-831e-e7d010a6b2ef@group-F6B997106ACD-SegmentedRaftLogWorker] INFO  segmented.SegmentedRaftLogWorker (SegmentedRaftLogWorker.java:execute(656)) - c28f674d-4a3a-4611-831e-e7d010a6b2ef@group-F6B997106ACD-SegmentedRaftLogWorker: created new log segment /home/runner/work/ozone/ozone/hadoop-ozone/integration-test/target/test-dir/MiniOzoneClusterImpl-bcbc84c2-519e-42a0-a817-fd35ffaa666a/datanode-1/data/ratis/bb7b0d16-1b5a-4e79-9195-f6b997106acd/current/log_inprogress_0
2023-03-29 22:44:53,076 [9b024938-399e-4224-b1ed-691dfeb324e1-server-thread2] INFO  server.RaftServer$Division (ServerState.java:setLeader(313)) - 9b024938-399e-4224-b1ed-691dfeb324e1@group-F6B997106ACD: change Leader from null to e2c212f3-f97c-4b95-9960-0e6b8b9bb499 at term 1 for appendEntries, leader elected after 5040ms
2023-03-29 22:44:53,077 [9b024938-399e-4224-b1ed-691dfeb324e1-server-thread2] INFO  server.RaftServer$Division (ServerState.java:setRaftConf(430)) - 9b024938-399e-4224-b1ed-691dfeb324e1@group-F6B997106ACD: set configuration 0: peers:[e2c212f3-f97c-4b95-9960-0e6b8b9bb499|rpc:10.1.0.40:46101|dataStream:10.1.0.40:41817|priority:1|startupRole:FOLLOWER, c28f674d-4a3a-4611-831e-e7d010a6b2ef|rpc:10.1.0.40:38199|dataStream:10.1.0.40:46543|priority:0|startupRole:FOLLOWER, 9b024938-399e-4224-b1ed-691dfeb324e1|rpc:10.1.0.40:43659|dataStream:10.1.0.40:34389|priority:0|startupRole:FOLLOWER]|listeners:[], old=null
2023-03-29 22:44:53,077 [9b024938-399e-4224-b1ed-691dfeb324e1-server-thread2] INFO  segmented.SegmentedRaftLogWorker (SegmentedRaftLogWorker.java:startLogSegment(452)) - 9b024938-399e-4224-b1ed-691dfeb324e1@group-F6B997106ACD-SegmentedRaftLogWorker: Starting segment from index:0
2023-03-29 22:44:53,080 [9b024938-399e-4224-b1ed-691dfeb324e1@group-F6B997106ACD-SegmentedRaftLogWorker] INFO  segmented.SegmentedRaftLogWorker (SegmentedRaftLogWorker.java:execute(656)) - 9b024938-399e-4224-b1ed-691dfeb324e1@group-F6B997106ACD-SegmentedRaftLogWorker: created new log segment /home/runner/work/ozone/ozone/hadoop-ozone/integration-test/target/test-dir/MiniOzoneClusterImpl-bcbc84c2-519e-42a0-a817-fd35ffaa666a/datanode-2/data/ratis/bb7b0d16-1b5a-4e79-9195-f6b997106acd/current/log_inprogress_0
2023-03-29 22:44:53,206 [9b024938-399e-4224-b1ed-691dfeb324e1@group-B7C4666D76D8-FollowerState] INFO  impl.FollowerState (FollowerState.java:run(143)) - 9b024938-399e-4224-b1ed-691dfeb324e1@group-B7C4666D76D8-FollowerState: change to CANDIDATE, lastRpcElapsedTime:5048142018ns, electionTimeout:5035ms
2023-03-29 22:44:53,206 [9b024938-399e-4224-b1ed-691dfeb324e1@group-B7C4666D76D8-FollowerState] INFO  impl.RoleInfo (RoleInfo.java:shutdownFollowerState(110)) - 9b024938-399e-4224-b1ed-691dfeb324e1: shutdown 9b024938-399e-4224-b1ed-691dfeb324e1@group-B7C4666D76D8-FollowerState
2023-03-29 22:44:53,206 [9b024938-399e-4224-b1ed-691dfeb324e1@group-B7C4666D76D8-FollowerState] INFO  server.RaftServer$Division (RaftServerImpl.java:setRole(321)) - 9b024938-399e-4224-b1ed-691dfeb324e1@group-B7C4666D76D8: changes role from  FOLLOWER to CANDIDATE at term 0 for changeToCandidate
2023-03-29 22:44:53,206 [9b024938-399e-4224-b1ed-691dfeb324e1@group-B7C4666D76D8-FollowerState] INFO  server.RaftServerConfigKeys (ConfUtils.java:logGet(46)) - raft.server.leaderelection.pre-vote = true (default)
2023-03-29 22:44:53,207 [9b024938-399e-4224-b1ed-691dfeb324e1@group-B7C4666D76D8-FollowerState] INFO  impl.RoleInfo (RoleInfo.java:updateAndGet(139)) - 9b024938-399e-4224-b1ed-691dfeb324e1: start 9b024938-399e-4224-b1ed-691dfeb324e1@group-B7C4666D76D8-LeaderElection4
2023-03-29 22:44:53,208 [9b024938-399e-4224-b1ed-691dfeb324e1@group-B7C4666D76D8-LeaderElection4] INFO  impl.LeaderElection (LeaderElection.java:askForVotes(312)) - 9b024938-399e-4224-b1ed-691dfeb324e1@group-B7C4666D76D8-LeaderElection4 PRE_VOTE round 0: submit vote requests at term 0 for -1: peers:[e2c212f3-f97c-4b95-9960-0e6b8b9bb499|rpc:10.1.0.40:46101|dataStream:10.1.0.40:41817|priority:0|startupRole:FOLLOWER, c28f674d-4a3a-4611-831e-e7d010a6b2ef|rpc:10.1.0.40:38199|dataStream:10.1.0.40:46543|priority:0|startupRole:FOLLOWER, 9b024938-399e-4224-b1ed-691dfeb324e1|rpc:10.1.0.40:43659|dataStream:10.1.0.40:34389|priority:1|startupRole:FOLLOWER]|listeners:[], old=null
2023-03-29 22:44:53,208 [9b024938-399e-4224-b1ed-691dfeb324e1@group-B7C4666D76D8-LeaderElection4-1] INFO  server.GrpcServerProtocolClient (GrpcServerProtocolClient.java:<init>(63)) - Build channel for e2c212f3-f97c-4b95-9960-0e6b8b9bb499
2023-03-29 22:44:53,208 [9b024938-399e-4224-b1ed-691dfeb324e1@group-B7C4666D76D8-LeaderElection4] INFO  server.RaftServerConfigKeys (ConfUtils.java:logFallback(53)) - raft.server.rpc.first-election.timeout.min = 5s (fallback to raft.server.rpc.timeout.min)
2023-03-29 22:44:53,210 [9b024938-399e-4224-b1ed-691dfeb324e1@group-B7C4666D76D8-LeaderElection4] INFO  server.RaftServerConfigKeys (ConfUtils.java:logFallback(53)) - raft.server.rpc.first-election.timeout.max = 5200ms (fallback to raft.server.rpc.timeout.max)
2023-03-29 22:44:53,210 [9b024938-399e-4224-b1ed-691dfeb324e1@group-B7C4666D76D8-LeaderElection4-2] INFO  server.GrpcServerProtocolClient (GrpcServerProtocolClient.java:<init>(63)) - Build channel for c28f674d-4a3a-4611-831e-e7d010a6b2ef
2023-03-29 22:44:53,223 [grpc-default-executor-0] INFO  server.RaftServer$Division (RaftServerImpl.java:requestVote(1218)) - c28f674d-4a3a-4611-831e-e7d010a6b2ef@group-B7C4666D76D8: receive requestVote(PRE_VOTE, 9b024938-399e-4224-b1ed-691dfeb324e1, group-B7C4666D76D8, 0, (t:0, i:0))
2023-03-29 22:44:53,223 [grpc-default-executor-0] INFO  impl.VoteContext (VoteContext.java:log(49)) - c28f674d-4a3a-4611-831e-e7d010a6b2ef@group-B7C4666D76D8-FOLLOWER: accept PRE_VOTE from 9b024938-399e-4224-b1ed-691dfeb324e1: our priority 0 <= candidate's priority 1
2023-03-29 22:44:53,223 [grpc-default-executor-0] INFO  server.RaftServer$Division (RaftServerImpl.java:requestVote(1251)) - c28f674d-4a3a-4611-831e-e7d010a6b2ef@group-B7C4666D76D8 replies to PRE_VOTE vote request: 9b024938-399e-4224-b1ed-691dfeb324e1<-c28f674d-4a3a-4611-831e-e7d010a6b2ef#0:OK-t0. Peer's state: c28f674d-4a3a-4611-831e-e7d010a6b2ef@group-B7C4666D76D8:t0, leader=null, voted=, raftlog=Memoized:c28f674d-4a3a-4611-831e-e7d010a6b2ef@group-B7C4666D76D8-SegmentedRaftLog:OPENED:c-1, conf=-1: peers:[e2c212f3-f97c-4b95-9960-0e6b8b9bb499|rpc:10.1.0.40:46101|dataStream:10.1.0.40:41817|priority:0|startupRole:FOLLOWER, c28f674d-4a3a-4611-831e-e7d010a6b2ef|rpc:10.1.0.40:38199|dataStream:10.1.0.40:46543|priority:0|startupRole:FOLLOWER, 9b024938-399e-4224-b1ed-691dfeb324e1|rpc:10.1.0.40:43659|dataStream:10.1.0.40:34389|priority:1|startupRole:FOLLOWER]|listeners:[], old=null
2023-03-29 22:44:53,224 [9b024938-399e-4224-b1ed-691dfeb324e1@group-B7C4666D76D8-LeaderElection4] INFO  impl.LeaderElection (LeaderElection.java:logAndReturn(90)) - 9b024938-399e-4224-b1ed-691dfeb324e1@group-B7C4666D76D8-LeaderElection4: PRE_VOTE PASSED received 1 response(s) and 0 exception(s):
2023-03-29 22:44:53,224 [9b024938-399e-4224-b1ed-691dfeb324e1@group-B7C4666D76D8-LeaderElection4] INFO  impl.LeaderElection (LeaderElection.java:logAndReturn(94)) -   Response 0: 9b024938-399e-4224-b1ed-691dfeb324e1<-c28f674d-4a3a-4611-831e-e7d010a6b2ef#0:OK-t0
2023-03-29 22:44:53,224 [9b024938-399e-4224-b1ed-691dfeb324e1@group-B7C4666D76D8-LeaderElection4] INFO  impl.LeaderElection (LeaderElection.java:askForVotes(314)) - 9b024938-399e-4224-b1ed-691dfeb324e1@group-B7C4666D76D8-LeaderElection4 PRE_VOTE round 0: result PASSED
2023-03-29 22:44:53,226 [9b024938-399e-4224-b1ed-691dfeb324e1@group-B7C4666D76D8-LeaderElection4] INFO  impl.LeaderElection (LeaderElection.java:askForVotes(312)) - 9b024938-399e-4224-b1ed-691dfeb324e1@group-B7C4666D76D8-LeaderElection4 ELECTION round 0: submit vote requests at term 1 for -1: peers:[e2c212f3-f97c-4b95-9960-0e6b8b9bb499|rpc:10.1.0.40:46101|dataStream:10.1.0.40:41817|priority:0|startupRole:FOLLOWER, c28f674d-4a3a-4611-831e-e7d010a6b2ef|rpc:10.1.0.40:38199|dataStream:10.1.0.40:46543|priority:0|startupRole:FOLLOWER, 9b024938-399e-4224-b1ed-691dfeb324e1|rpc:10.1.0.40:43659|dataStream:10.1.0.40:34389|priority:1|startupRole:FOLLOWER]|listeners:[], old=null
2023-03-29 22:44:53,227 [9b024938-399e-4224-b1ed-691dfeb324e1@group-B7C4666D76D8-LeaderElection4] INFO  server.RaftServerConfigKeys (ConfUtils.java:logFallback(53)) - raft.server.rpc.first-election.timeout.min = 5s (fallback to raft.server.rpc.timeout.min)
2023-03-29 22:44:53,227 [9b024938-399e-4224-b1ed-691dfeb324e1@group-B7C4666D76D8-LeaderElection4] INFO  server.RaftServerConfigKeys (ConfUtils.java:logFallback(53)) - raft.server.rpc.first-election.timeout.max = 5200ms (fallback to raft.server.rpc.timeout.max)
2023-03-29 22:44:53,235 [grpc-default-executor-0] INFO  server.RaftServer$Division (RaftServerImpl.java:requestVote(1218)) - e2c212f3-f97c-4b95-9960-0e6b8b9bb499@group-B7C4666D76D8: receive requestVote(PRE_VOTE, 9b024938-399e-4224-b1ed-691dfeb324e1, group-B7C4666D76D8, 0, (t:0, i:0))
2023-03-29 22:44:53,235 [grpc-default-executor-6] INFO  server.RaftServer$Division (RaftServerImpl.java:requestVote(1218)) - e2c212f3-f97c-4b95-9960-0e6b8b9bb499@group-B7C4666D76D8: receive requestVote(ELECTION, 9b024938-399e-4224-b1ed-691dfeb324e1, group-B7C4666D76D8, 1, (t:0, i:0))
2023-03-29 22:44:53,236 [grpc-default-executor-0] INFO  impl.VoteContext (VoteContext.java:log(49)) - e2c212f3-f97c-4b95-9960-0e6b8b9bb499@group-B7C4666D76D8-FOLLOWER: accept PRE_VOTE from 9b024938-399e-4224-b1ed-691dfeb324e1: our priority 0 <= candidate's priority 1
2023-03-29 22:44:53,237 [grpc-default-executor-0] INFO  server.RaftServer$Division (RaftServerImpl.java:requestVote(1251)) - e2c212f3-f97c-4b95-9960-0e6b8b9bb499@group-B7C4666D76D8 replies to PRE_VOTE vote request: 9b024938-399e-4224-b1ed-691dfeb324e1<-e2c212f3-f97c-4b95-9960-0e6b8b9bb499#0:OK-t0. Peer's state: e2c212f3-f97c-4b95-9960-0e6b8b9bb499@group-B7C4666D76D8:t0, leader=null, voted=, raftlog=Memoized:e2c212f3-f97c-4b95-9960-0e6b8b9bb499@group-B7C4666D76D8-SegmentedRaftLog:OPENED:c-1, conf=-1: peers:[e2c212f3-f97c-4b95-9960-0e6b8b9bb499|rpc:10.1.0.40:46101|dataStream:10.1.0.40:41817|priority:0|startupRole:FOLLOWER, c28f674d-4a3a-4611-831e-e7d010a6b2ef|rpc:10.1.0.40:38199|dataStream:10.1.0.40:46543|priority:0|startupRole:FOLLOWER, 9b024938-399e-4224-b1ed-691dfeb324e1|rpc:10.1.0.40:43659|dataStream:10.1.0.40:34389|priority:1|startupRole:FOLLOWER]|listeners:[], old=null
2023-03-29 22:44:53,241 [grpc-default-executor-6] INFO  impl.VoteContext (VoteContext.java:log(49)) - e2c212f3-f97c-4b95-9960-0e6b8b9bb499@group-B7C4666D76D8-FOLLOWER: accept ELECTION from 9b024938-399e-4224-b1ed-691dfeb324e1: our priority 0 <= candidate's priority 1
2023-03-29 22:44:53,241 [grpc-default-executor-6] INFO  server.RaftServer$Division (RaftServerImpl.java:setRole(321)) - e2c212f3-f97c-4b95-9960-0e6b8b9bb499@group-B7C4666D76D8: changes role from  FOLLOWER to FOLLOWER at term 1 for candidate:9b024938-399e-4224-b1ed-691dfeb324e1
2023-03-29 22:44:53,241 [grpc-default-executor-0] INFO  server.RaftServer$Division (RaftServerImpl.java:requestVote(1218)) - c28f674d-4a3a-4611-831e-e7d010a6b2ef@group-B7C4666D76D8: receive requestVote(ELECTION, 9b024938-399e-4224-b1ed-691dfeb324e1, group-B7C4666D76D8, 1, (t:0, i:0))
2023-03-29 22:44:53,242 [grpc-default-executor-0] INFO  impl.VoteContext (VoteContext.java:log(49)) - c28f674d-4a3a-4611-831e-e7d010a6b2ef@group-B7C4666D76D8-FOLLOWER: accept ELECTION from 9b024938-399e-4224-b1ed-691dfeb324e1: our priority 0 <= candidate's priority 1
2023-03-29 22:44:53,242 [grpc-default-executor-0] INFO  server.RaftServer$Division (RaftServerImpl.java:setRole(321)) - c28f674d-4a3a-4611-831e-e7d010a6b2ef@group-B7C4666D76D8: changes role from  FOLLOWER to FOLLOWER at term 1 for candidate:9b024938-399e-4224-b1ed-691dfeb324e1
2023-03-29 22:44:53,242 [grpc-default-executor-0] INFO  impl.RoleInfo (RoleInfo.java:shutdownFollowerState(110)) - c28f674d-4a3a-4611-831e-e7d010a6b2ef: shutdown c28f674d-4a3a-4611-831e-e7d010a6b2ef@group-B7C4666D76D8-FollowerState
2023-03-29 22:44:53,241 [grpc-default-executor-6] INFO  impl.RoleInfo (RoleInfo.java:shutdownFollowerState(110)) - e2c212f3-f97c-4b95-9960-0e6b8b9bb499: shutdown e2c212f3-f97c-4b95-9960-0e6b8b9bb499@group-B7C4666D76D8-FollowerState
2023-03-29 22:44:53,242 [c28f674d-4a3a-4611-831e-e7d010a6b2ef@group-B7C4666D76D8-FollowerState] INFO  server.RaftServerConfigKeys (ConfUtils.java:logFallback(53)) - raft.server.rpc.first-election.timeout.min = 5s (fallback to raft.server.rpc.timeout.min)
2023-03-29 22:44:53,243 [grpc-default-executor-6] INFO  impl.RoleInfo (RoleInfo.java:updateAndGet(139)) - e2c212f3-f97c-4b95-9960-0e6b8b9bb499: start e2c212f3-f97c-4b95-9960-0e6b8b9bb499@group-B7C4666D76D8-FollowerState
2023-03-29 22:44:53,243 [c28f674d-4a3a-4611-831e-e7d010a6b2ef@group-B7C4666D76D8-FollowerState] INFO  server.RaftServerConfigKeys (ConfUtils.java:logFallback(53)) - raft.server.rpc.first-election.timeout.max = 5200ms (fallback to raft.server.rpc.timeout.max)
2023-03-29 22:44:53,243 [grpc-default-executor-0] INFO  impl.RoleInfo (RoleInfo.java:updateAndGet(139)) - c28f674d-4a3a-4611-831e-e7d010a6b2ef: start c28f674d-4a3a-4611-831e-e7d010a6b2ef@group-B7C4666D76D8-FollowerState
2023-03-29 22:44:53,243 [e2c212f3-f97c-4b95-9960-0e6b8b9bb499@group-B7C4666D76D8-FollowerState] INFO  impl.FollowerState (FollowerState.java:run(152)) - e2c212f3-f97c-4b95-9960-0e6b8b9bb499@group-B7C4666D76D8-FollowerState was interrupted
2023-03-29 22:44:53,243 [e2c212f3-f97c-4b95-9960-0e6b8b9bb499@group-B7C4666D76D8-FollowerState] INFO  server.RaftServerConfigKeys (ConfUtils.java:logFallback(53)) - raft.server.rpc.first-election.timeout.min = 5s (fallback to raft.server.rpc.timeout.min)
2023-03-29 22:44:53,243 [e2c212f3-f97c-4b95-9960-0e6b8b9bb499@group-B7C4666D76D8-FollowerState] INFO  server.RaftServerConfigKeys (ConfUtils.java:logFallback(53)) - raft.server.rpc.first-election.timeout.max = 5200ms (fallback to raft.server.rpc.timeout.max)
2023-03-29 22:44:53,245 [grpc-default-executor-6] INFO  server.RaftServer$Division (RaftServerImpl.java:requestVote(1251)) - e2c212f3-f97c-4b95-9960-0e6b8b9bb499@group-B7C4666D76D8 replies to ELECTION vote request: 9b024938-399e-4224-b1ed-691dfeb324e1<-e2c212f3-f97c-4b95-9960-0e6b8b9bb499#0:OK-t1. Peer's state: e2c212f3-f97c-4b95-9960-0e6b8b9bb499@group-B7C4666D76D8:t1, leader=null, voted=9b024938-399e-4224-b1ed-691dfeb324e1, raftlog=Memoized:e2c212f3-f97c-4b95-9960-0e6b8b9bb499@group-B7C4666D76D8-SegmentedRaftLog:OPENED:c-1, conf=-1: peers:[e2c212f3-f97c-4b95-9960-0e6b8b9bb499|rpc:10.1.0.40:46101|dataStream:10.1.0.40:41817|priority:0|startupRole:FOLLOWER, c28f674d-4a3a-4611-831e-e7d010a6b2ef|rpc:10.1.0.40:38199|dataStream:10.1.0.40:46543|priority:0|startupRole:FOLLOWER, 9b024938-399e-4224-b1ed-691dfeb324e1|rpc:10.1.0.40:43659|dataStream:10.1.0.40:34389|priority:1|startupRole:FOLLOWER]|listeners:[], old=null
2023-03-29 22:44:53,246 [9b024938-399e-4224-b1ed-691dfeb324e1@group-B7C4666D76D8-LeaderElection4] INFO  impl.LeaderElection (LeaderElection.java:logAndReturn(90)) - 9b024938-399e-4224-b1ed-691dfeb324e1@group-B7C4666D76D8-LeaderElection4: ELECTION PASSED received 1 response(s) and 0 exception(s):
2023-03-29 22:44:53,246 [9b024938-399e-4224-b1ed-691dfeb324e1@group-B7C4666D76D8-LeaderElection4] INFO  impl.LeaderElection (LeaderElection.java:logAndReturn(94)) -   Response 0: 9b024938-399e-4224-b1ed-691dfeb324e1<-e2c212f3-f97c-4b95-9960-0e6b8b9bb499#0:OK-t1
2023-03-29 22:44:53,250 [c28f674d-4a3a-4611-831e-e7d010a6b2ef@group-AE24D76C8237-FollowerState] INFO  impl.FollowerState (FollowerState.java:run(143)) - c28f674d-4a3a-4611-831e-e7d010a6b2ef@group-AE24D76C8237-FollowerState: change to CANDIDATE, lastRpcElapsedTime:5099982097ns, electionTimeout:5098ms
2023-03-29 22:44:53,254 [grpc-default-executor-0] INFO  server.RaftServer$Division (RaftServerImpl.java:requestVote(1251)) - c28f674d-4a3a-4611-831e-e7d010a6b2ef@group-B7C4666D76D8 replies to ELECTION vote request: 9b024938-399e-4224-b1ed-691dfeb324e1<-c28f674d-4a3a-4611-831e-e7d010a6b2ef#0:OK-t1. Peer's state: c28f674d-4a3a-4611-831e-e7d010a6b2ef@group-B7C4666D76D8:t1, leader=null, voted=9b024938-399e-4224-b1ed-691dfeb324e1, raftlog=Memoized:c28f674d-4a3a-4611-831e-e7d010a6b2ef@group-B7C4666D76D8-SegmentedRaftLog:OPENED:c-1, conf=-1: peers:[e2c212f3-f97c-4b95-9960-0e6b8b9bb499|rpc:10.1.0.40:46101|dataStream:10.1.0.40:41817|priority:0|startupRole:FOLLOWER, c28f674d-4a3a-4611-831e-e7d010a6b2ef|rpc:10.1.0.40:38199|dataStream:10.1.0.40:46543|priority:0|startupRole:FOLLOWER, 9b024938-399e-4224-b1ed-691dfeb324e1|rpc:10.1.0.40:43659|dataStream:10.1.0.40:34389|priority:1|startupRole:FOLLOWER]|listeners:[], old=null
2023-03-29 22:44:53,254 [c28f674d-4a3a-4611-831e-e7d010a6b2ef@group-AE24D76C8237-FollowerState] INFO  impl.RoleInfo (RoleInfo.java:shutdownFollowerState(110)) - c28f674d-4a3a-4611-831e-e7d010a6b2ef: shutdown c28f674d-4a3a-4611-831e-e7d010a6b2ef@group-AE24D76C8237-FollowerState
2023-03-29 22:44:53,254 [c28f674d-4a3a-4611-831e-e7d010a6b2ef@group-AE24D76C8237-FollowerState] INFO  server.RaftServer$Division (RaftServerImpl.java:setRole(321)) - c28f674d-4a3a-4611-831e-e7d010a6b2ef@group-AE24D76C8237: changes role from  FOLLOWER to CANDIDATE at term 0 for changeToCandidate
2023-03-29 22:44:53,254 [c28f674d-4a3a-4611-831e-e7d010a6b2ef@group-AE24D76C8237-FollowerState] INFO  server.RaftServerConfigKeys (ConfUtils.java:logGet(46)) - raft.server.leaderelection.pre-vote = true (default)
2023-03-29 22:44:53,254 [c28f674d-4a3a-4611-831e-e7d010a6b2ef@group-AE24D76C8237-FollowerState] INFO  impl.RoleInfo (RoleInfo.java:updateAndGet(139)) - c28f674d-4a3a-4611-831e-e7d010a6b2ef: start c28f674d-4a3a-4611-831e-e7d010a6b2ef@group-AE24D76C8237-LeaderElection5
2023-03-29 22:44:53,254 [c28f674d-4a3a-4611-831e-e7d010a6b2ef@group-B7C4666D76D8-FollowerState] INFO  server.RaftServerConfigKeys (ConfUtils.java:logFallback(53)) - raft.server.rpc.first-election.timeout.min = 5s (fallback to raft.server.rpc.timeout.min)
2023-03-29 22:44:53,250 [9b024938-399e-4224-b1ed-691dfeb324e1@group-B7C4666D76D8-LeaderElection4] INFO  impl.LeaderElection (LeaderElection.java:askForVotes(314)) - 9b024938-399e-4224-b1ed-691dfeb324e1@group-B7C4666D76D8-LeaderElection4 ELECTION round 0: result PASSED
2023-03-29 22:44:53,256 [9b024938-399e-4224-b1ed-691dfeb324e1@group-B7C4666D76D8-LeaderElection4] INFO  impl.RoleInfo (RoleInfo.java:shutdownLeaderElection(130)) - 9b024938-399e-4224-b1ed-691dfeb324e1: shutdown 9b024938-399e-4224-b1ed-691dfeb324e1@group-B7C4666D76D8-LeaderElection4
2023-03-29 22:44:53,256 [9b024938-399e-4224-b1ed-691dfeb324e1@group-B7C4666D76D8-LeaderElection4] INFO  server.RaftServer$Division (RaftServerImpl.java:setRole(321)) - 9b024938-399e-4224-b1ed-691dfeb324e1@group-B7C4666D76D8: changes role from CANDIDATE to LEADER at term 1 for changeToLeader
2023-03-29 22:44:53,256 [9b024938-399e-4224-b1ed-691dfeb324e1@group-B7C4666D76D8-LeaderElection4] INFO  ratis.XceiverServerRatis (XceiverServerRatis.java:handleLeaderChangedNotification(904)) - Leader change notification received for group: group-B7C4666D76D8 with new leaderId: 9b024938-399e-4224-b1ed-691dfeb324e1
2023-03-29 22:44:53,256 [9b024938-399e-4224-b1ed-691dfeb324e1@group-B7C4666D76D8-LeaderElection4] INFO  server.RaftServer$Division (ServerState.java:setLeader(313)) - 9b024938-399e-4224-b1ed-691dfeb324e1@group-B7C4666D76D8: change Leader from null to 9b024938-399e-4224-b1ed-691dfeb324e1 at term 1 for becomeLeader, leader elected after 5137ms
2023-03-29 22:44:53,256 [9b024938-399e-4224-b1ed-691dfeb324e1@group-B7C4666D76D8-LeaderElection4] INFO  server.RaftServerConfigKeys (ConfUtils.java:logGet(46)) - raft.server.staging.catchup.gap = 1000 (default)
2023-03-29 22:44:53,257 [9b024938-399e-4224-b1ed-691dfeb324e1@group-B7C4666D76D8-LeaderElection4] INFO  server.RaftServerConfigKeys (ConfUtils.java:logGet(46)) - raft.server.write.element-limit = 1024 (custom)
2023-03-29 22:44:53,257 [9b024938-399e-4224-b1ed-691dfeb324e1@group-B7C4666D76D8-LeaderElection4] INFO  server.RaftServerConfigKeys (ConfUtils.java:logGet(46)) - raft.server.write.byte-limit = 1024 M (=1073741824) (custom)
2023-03-29 22:44:53,257 [9b024938-399e-4224-b1ed-691dfeb324e1@group-B7C4666D76D8-LeaderElection4] INFO  server.RaftServerConfigKeys (ConfUtils.java:logGet(46)) - raft.server.watch.timeout = 180s (custom)
2023-03-29 22:44:53,257 [9b024938-399e-4224-b1ed-691dfeb324e1@group-B7C4666D76D8-LeaderElection4] INFO  server.RaftServerConfigKeys (ConfUtils.java:logGet(46)) - raft.server.watch.timeout.denomination = 1s (default)
2023-03-29 22:44:53,257 [9b024938-399e-4224-b1ed-691dfeb324e1@group-B7C4666D76D8-LeaderElection4] INFO  server.RaftServerConfigKeys (ConfUtils.java:logGet(46)) - raft.server.watch.element-limit = 65536 (default)
2023-03-29 22:44:53,257 [9b024938-399e-4224-b1ed-691dfeb324e1@group-B7C4666D76D8-LeaderElection4] INFO  server.RaftServerConfigKeys (ConfUtils.java:logGet(46)) - raft.server.write.element-limit = 1024 (custom)
2023-03-29 22:44:53,257 [9b024938-399e-4224-b1ed-691dfeb324e1@group-B7C4666D76D8-LeaderElection4] INFO  server.RaftServerConfigKeys (ConfUtils.java:logGet(46)) - raft.server.write.follower.gap.ratio.max = -1.0 (default)
2023-03-29 22:44:53,258 [9b024938-399e-4224-b1ed-691dfeb324e1@group-B7C4666D76D8-LeaderElection4] INFO  server.RaftServerConfigKeys (ConfUtils.java:logGet(46)) - raft.server.log.appender.snapshot.chunk.size.max = 16MB (=16777216) (default)
2023-03-29 22:44:53,258 [9b024938-399e-4224-b1ed-691dfeb324e1@group-B7C4666D76D8-LeaderElection4] INFO  server.RaftServerConfigKeys (ConfUtils.java:logGet(46)) - raft.server.log.appender.buffer.byte-limit = 33554432 (custom)
2023-03-29 22:44:53,258 [9b024938-399e-4224-b1ed-691dfeb324e1@group-B7C4666D76D8-LeaderElection4] INFO  server.RaftServerConfigKeys (ConfUtils.java:logGet(46)) - raft.server.log.appender.buffer.element-limit = 1 (custom)
2023-03-29 22:44:53,258 [9b024938-399e-4224-b1ed-691dfeb324e1@group-B7C4666D76D8-LeaderElection4] INFO  grpc.GrpcConfigKeys (ConfUtils.java:logGet(46)) - raft.grpc.server.leader.outstanding.appends.max = 128 (default)
2023-03-29 22:44:53,258 [9b024938-399e-4224-b1ed-691dfeb324e1@group-B7C4666D76D8-LeaderElection4] INFO  server.RaftServerConfigKeys (ConfUtils.java:logGet(46)) - raft.server.rpc.request.timeout = 60s (custom)
2023-03-29 22:44:53,258 [9b024938-399e-4224-b1ed-691dfeb324e1@group-B7C4666D76D8-LeaderElection4] INFO  server.RaftServerConfigKeys (ConfUtils.java:logGet(46)) - raft.server.log.appender.install.snapshot.enabled = false (custom)
2023-03-29 22:44:53,258 [9b024938-399e-4224-b1ed-691dfeb324e1@group-B7C4666D76D8-LeaderElection4] INFO  grpc.GrpcConfigKeys (ConfUtils.java:logGet(46)) - raft.grpc.server.heartbeat.channel = true (default)
2023-03-29 22:44:53,258 [9b024938-399e-4224-b1ed-691dfeb324e1@group-B7C4666D76D8-LeaderElection4] INFO  server.RaftServerConfigKeys (ConfUtils.java:logGet(46)) - raft.server.log.appender.wait-time.min = 10ms (default)
2023-03-29 22:44:53,259 [EventQueue-PipelineReportForPipelineReportHandler] INFO  pipeline.PipelineManagerImpl (PipelineManagerImpl.java:openPipeline(367)) - Pipeline Pipeline[ Id: a216516e-edd3-4b56-a7b7-b7c4666d76d8, Nodes: e2c212f3-f97c-4b95-9960-0e6b8b9bb499(fv-az377-460/10.1.0.40)9b024938-399e-4224-b1ed-691dfeb324e1(fv-az377-460/10.1.0.40)c28f674d-4a3a-4611-831e-e7d010a6b2ef(fv-az377-460/10.1.0.40), ReplicationConfig: RATIS/THREE, State:ALLOCATED, leaderId:9b024938-399e-4224-b1ed-691dfeb324e1, CreationTimestamp2023-03-29T22:44:45.515Z[Etc/UTC]] moved to OPEN state
2023-03-29 22:44:53,259 [9b024938-399e-4224-b1ed-691dfeb324e1@group-B7C4666D76D8-LeaderElection4] INFO  server.RaftServerConfigKeys (ConfUtils.java:logGet(46)) - raft.server.log.appender.snapshot.chunk.size.max = 16MB (=16777216) (default)
2023-03-29 22:44:53,259 [9b024938-399e-4224-b1ed-691dfeb324e1@group-B7C4666D76D8-LeaderElection4] INFO  server.RaftServerConfigKeys (ConfUtils.java:logGet(46)) - raft.server.log.appender.buffer.byte-limit = 33554432 (custom)
2023-03-29 22:44:53,259 [9b024938-399e-4224-b1ed-691dfeb324e1@group-B7C4666D76D8-LeaderElection4] INFO  server.RaftServerConfigKeys (ConfUtils.java:logGet(46)) - raft.server.log.appender.buffer.element-limit = 1 (custom)
2023-03-29 22:44:53,260 [9b024938-399e-4224-b1ed-691dfeb324e1@group-B7C4666D76D8-LeaderElection4] INFO  grpc.GrpcConfigKeys (ConfUtils.java:logGet(46)) - raft.grpc.server.leader.outstanding.appends.max = 128 (default)
2023-03-29 22:44:53,260 [9b024938-399e-4224-b1ed-691dfeb324e1@group-B7C4666D76D8-LeaderElection4] INFO  server.RaftServerConfigKeys (ConfUtils.java:logGet(46)) - raft.server.rpc.request.timeout = 60s (custom)
2023-03-29 22:44:53,260 [9b024938-399e-4224-b1ed-691dfeb324e1@group-B7C4666D76D8-LeaderElection4] INFO  server.RaftServerConfigKeys (ConfUtils.java:logGet(46)) - raft.server.log.appender.install.snapshot.enabled = false (custom)
2023-03-29 22:44:53,260 [9b024938-399e-4224-b1ed-691dfeb324e1@group-B7C4666D76D8-LeaderElection4] INFO  grpc.GrpcConfigKeys (ConfUtils.java:logGet(46)) - raft.grpc.server.heartbeat.channel = true (default)
2023-03-29 22:44:53,260 [9b024938-399e-4224-b1ed-691dfeb324e1@group-B7C4666D76D8-LeaderElection4] INFO  server.RaftServerConfigKeys (ConfUtils.java:logGet(46)) - raft.server.log.appender.wait-time.min = 10ms (default)
2023-03-29 22:44:53,260 [9b024938-399e-4224-b1ed-691dfeb324e1@group-B7C4666D76D8-LeaderElection4] INFO  impl.RoleInfo (RoleInfo.java:updateAndGet(139)) - 9b024938-399e-4224-b1ed-691dfeb324e1: start 9b024938-399e-4224-b1ed-691dfeb324e1@group-B7C4666D76D8-LeaderStateImpl
2023-03-29 22:44:53,260 [9b024938-399e-4224-b1ed-691dfeb324e1@group-B7C4666D76D8-LeaderElection4] INFO  segmented.SegmentedRaftLogWorker (SegmentedRaftLogWorker.java:startLogSegment(452)) - 9b024938-399e-4224-b1ed-691dfeb324e1@group-B7C4666D76D8-SegmentedRaftLogWorker: Starting segment from index:0
2023-03-29 22:44:53,260 [c28f674d-4a3a-4611-831e-e7d010a6b2ef@group-B7C4666D76D8-FollowerState] INFO  server.RaftServerConfigKeys (ConfUtils.java:logFallback(53)) - raft.server.rpc.first-election.timeout.max = 5200ms (fallback to raft.server.rpc.timeout.max)
2023-03-29 22:44:53,269 [c28f674d-4a3a-4611-831e-e7d010a6b2ef@group-AE24D76C8237-LeaderElection5] INFO  impl.LeaderElection (LeaderElection.java:askForVotes(312)) - c28f674d-4a3a-4611-831e-e7d010a6b2ef@group-AE24D76C8237-LeaderElection5 PRE_VOTE round 0: submit vote requests at term 0 for -1: peers:[c28f674d-4a3a-4611-831e-e7d010a6b2ef|rpc:10.1.0.40:38199|dataStream:10.1.0.40:46543|priority:1|startupRole:FOLLOWER]|listeners:[], old=null
2023-03-29 22:44:53,269 [c28f674d-4a3a-4611-831e-e7d010a6b2ef@group-AE24D76C8237-LeaderElection5] INFO  impl.LeaderElection (LeaderElection.java:askForVotes(314)) - c28f674d-4a3a-4611-831e-e7d010a6b2ef@group-AE24D76C8237-LeaderElection5 PRE_VOTE round 0: result PASSED (term=0)
2023-03-29 22:44:53,263 [9b024938-399e-4224-b1ed-691dfeb324e1@group-B7C4666D76D8-SegmentedRaftLogWorker] INFO  segmented.SegmentedRaftLogWorker (SegmentedRaftLogWorker.java:execute(656)) - 9b024938-399e-4224-b1ed-691dfeb324e1@group-B7C4666D76D8-SegmentedRaftLogWorker: created new log segment /home/runner/work/ozone/ozone/hadoop-ozone/integration-test/target/test-dir/MiniOzoneClusterImpl-bcbc84c2-519e-42a0-a817-fd35ffaa666a/datanode-2/data/ratis/a216516e-edd3-4b56-a7b7-b7c4666d76d8/current/log_inprogress_0
2023-03-29 22:44:53,270 [9b024938-399e-4224-b1ed-691dfeb324e1@group-B7C4666D76D8-LeaderElection4] INFO  server.RaftServer$Division (ServerState.java:setRaftConf(430)) - 9b024938-399e-4224-b1ed-691dfeb324e1@group-B7C4666D76D8: set configuration 0: peers:[e2c212f3-f97c-4b95-9960-0e6b8b9bb499|rpc:10.1.0.40:46101|dataStream:10.1.0.40:41817|priority:0|startupRole:FOLLOWER, c28f674d-4a3a-4611-831e-e7d010a6b2ef|rpc:10.1.0.40:38199|dataStream:10.1.0.40:46543|priority:0|startupRole:FOLLOWER, 9b024938-399e-4224-b1ed-691dfeb324e1|rpc:10.1.0.40:43659|dataStream:10.1.0.40:34389|priority:1|startupRole:FOLLOWER]|listeners:[], old=null
2023-03-29 22:44:53,270 [e2c212f3-f97c-4b95-9960-0e6b8b9bb499-server-thread1] INFO  ratis.XceiverServerRatis (XceiverServerRatis.java:handleLeaderChangedNotification(904)) - Leader change notification received for group: group-B7C4666D76D8 with new leaderId: 9b024938-399e-4224-b1ed-691dfeb324e1
2023-03-29 22:44:53,270 [e2c212f3-f97c-4b95-9960-0e6b8b9bb499-server-thread1] INFO  server.RaftServer$Division (ServerState.java:setLeader(313)) - e2c212f3-f97c-4b95-9960-0e6b8b9bb499@group-B7C4666D76D8: change Leader from null to 9b024938-399e-4224-b1ed-691dfeb324e1 at term 1 for appendEntries, leader elected after 5192ms
2023-03-29 22:44:53,275 [c28f674d-4a3a-4611-831e-e7d010a6b2ef@group-AE24D76C8237-LeaderElection5] INFO  impl.LeaderElection (LeaderElection.java:askForVotes(312)) - c28f674d-4a3a-4611-831e-e7d010a6b2ef@group-AE24D76C8237-LeaderElection5 ELECTION round 0: submit vote requests at term 1 for -1: peers:[c28f674d-4a3a-4611-831e-e7d010a6b2ef|rpc:10.1.0.40:38199|dataStream:10.1.0.40:46543|priority:1|startupRole:FOLLOWER]|listeners:[], old=null
2023-03-29 22:44:53,276 [c28f674d-4a3a-4611-831e-e7d010a6b2ef-server-thread2] INFO  ratis.XceiverServerRatis (XceiverServerRatis.java:handleLeaderChangedNotification(904)) - Leader change notification received for group: group-B7C4666D76D8 with new leaderId: 9b024938-399e-4224-b1ed-691dfeb324e1
2023-03-29 22:44:53,278 [c28f674d-4a3a-4611-831e-e7d010a6b2ef@group-AE24D76C8237-LeaderElection5] INFO  impl.LeaderElection (LeaderElection.java:askForVotes(314)) - c28f674d-4a3a-4611-831e-e7d010a6b2ef@group-AE24D76C8237-LeaderElection5 ELECTION round 0: result PASSED (term=1)
2023-03-29 22:44:53,278 [c28f674d-4a3a-4611-831e-e7d010a6b2ef@group-AE24D76C8237-LeaderElection5] INFO  impl.RoleInfo (RoleInfo.java:shutdownLeaderElection(130)) - c28f674d-4a3a-4611-831e-e7d010a6b2ef: shutdown c28f674d-4a3a-4611-831e-e7d010a6b2ef@group-AE24D76C8237-LeaderElection5
2023-03-29 22:44:53,278 [c28f674d-4a3a-4611-831e-e7d010a6b2ef@group-AE24D76C8237-LeaderElection5] INFO  server.RaftServer$Division (RaftServerImpl.java:setRole(321)) - c28f674d-4a3a-4611-831e-e7d010a6b2ef@group-AE24D76C8237: changes role from CANDIDATE to LEADER at term 1 for changeToLeader
2023-03-29 22:44:53,278 [c28f674d-4a3a-4611-831e-e7d010a6b2ef@group-AE24D76C8237-LeaderElection5] INFO  ratis.XceiverServerRatis (XceiverServerRatis.java:handleLeaderChangedNotification(904)) - Leader change notification received for group: group-AE24D76C8237 with new leaderId: c28f674d-4a3a-4611-831e-e7d010a6b2ef
2023-03-29 22:44:53,278 [c28f674d-4a3a-4611-831e-e7d010a6b2ef@group-AE24D76C8237-LeaderElection5] INFO  server.RaftServer$Division (ServerState.java:setLeader(313)) - c28f674d-4a3a-4611-831e-e7d010a6b2ef@group-AE24D76C8237: change Leader from null to c28f674d-4a3a-4611-831e-e7d010a6b2ef at term 1 for becomeLeader, leader elected after 5148ms
2023-03-29 22:44:53,279 [c28f674d-4a3a-4611-831e-e7d010a6b2ef@group-AE24D76C8237-LeaderElection5] INFO  server.RaftServerConfigKeys (ConfUtils.java:logGet(46)) - raft.server.staging.catchup.gap = 1000 (default)
2023-03-29 22:44:53,279 [c28f674d-4a3a-4611-831e-e7d010a6b2ef@group-AE24D76C8237-LeaderElection5] INFO  server.RaftServerConfigKeys (ConfUtils.java:logGet(46)) - raft.server.write.element-limit = 1024 (custom)
2023-03-29 22:44:53,279 [c28f674d-4a3a-4611-831e-e7d010a6b2ef@group-AE24D76C8237-LeaderElection5] INFO  server.RaftServerConfigKeys (ConfUtils.java:logGet(46)) - raft.server.write.byte-limit = 1024 M (=1073741824) (custom)
2023-03-29 22:44:53,279 [c28f674d-4a3a-4611-831e-e7d010a6b2ef@group-AE24D76C8237-LeaderElection5] INFO  server.RaftServerConfigKeys (ConfUtils.java:logGet(46)) - raft.server.watch.timeout = 180s (custom)
2023-03-29 22:44:53,279 [c28f674d-4a3a-4611-831e-e7d010a6b2ef@group-AE24D76C8237-LeaderElection5] INFO  server.RaftServerConfigKeys (ConfUtils.java:logGet(46)) - raft.server.watch.timeout.denomination = 1s (default)
2023-03-29 22:44:53,279 [c28f674d-4a3a-4611-831e-e7d010a6b2ef@group-AE24D76C8237-LeaderElection5] INFO  server.RaftServerConfigKeys (ConfUtils.java:logGet(46)) - raft.server.watch.element-limit = 65536 (default)
2023-03-29 22:44:53,279 [e2c212f3-f97c-4b95-9960-0e6b8b9bb499-server-thread3] INFO  server.RaftServer$Division (ServerState.java:setRaftConf(430)) - e2c212f3-f97c-4b95-9960-0e6b8b9bb499@group-B7C4666D76D8: set configuration 0: peers:[e2c212f3-f97c-4b95-9960-0e6b8b9bb499|rpc:10.1.0.40:46101|dataStream:10.1.0.40:41817|priority:0|startupRole:FOLLOWER, c28f674d-4a3a-4611-831e-e7d010a6b2ef|rpc:10.1.0.40:38199|dataStream:10.1.0.40:46543|priority:0|startupRole:FOLLOWER, 9b024938-399e-4224-b1ed-691dfeb324e1|rpc:10.1.0.40:43659|dataStream:10.1.0.40:34389|priority:1|startupRole:FOLLOWER]|listeners:[], old=null
2023-03-29 22:44:53,279 [c28f674d-4a3a-4611-831e-e7d010a6b2ef@group-AE24D76C8237-LeaderElection5] INFO  server.RaftServerConfigKeys (ConfUtils.java:logGet(46)) - raft.server.write.element-limit = 1024 (custom)
2023-03-29 22:44:53,280 [c28f674d-4a3a-4611-831e-e7d010a6b2ef@group-AE24D76C8237-LeaderElection5] INFO  server.RaftServerConfigKeys (ConfUtils.java:logGet(46)) - raft.server.write.follower.gap.ratio.max = -1.0 (default)
2023-03-29 22:44:53,280 [c28f674d-4a3a-4611-831e-e7d010a6b2ef@group-AE24D76C8237-LeaderElection5] INFO  impl.RoleInfo (RoleInfo.java:updateAndGet(139)) - c28f674d-4a3a-4611-831e-e7d010a6b2ef: start c28f674d-4a3a-4611-831e-e7d010a6b2ef@group-AE24D76C8237-LeaderStateImpl
2023-03-29 22:44:53,280 [c28f674d-4a3a-4611-831e-e7d010a6b2ef-server-thread2] INFO  server.RaftServer$Division (ServerState.java:setLeader(313)) - c28f674d-4a3a-4611-831e-e7d010a6b2ef@group-B7C4666D76D8: change Leader from null to 9b024938-399e-4224-b1ed-691dfeb324e1 at term 1 for appendEntries, leader elected after 5115ms
2023-03-29 22:44:53,281 [e2c212f3-f97c-4b95-9960-0e6b8b9bb499-server-thread3] INFO  segmented.SegmentedRaftLogWorker (SegmentedRaftLogWorker.java:startLogSegment(452)) - e2c212f3-f97c-4b95-9960-0e6b8b9bb499@group-B7C4666D76D8-SegmentedRaftLogWorker: Starting segment from index:0
2023-03-29 22:44:53,281 [c28f674d-4a3a-4611-831e-e7d010a6b2ef@group-AE24D76C8237-LeaderElection5] INFO  segmented.SegmentedRaftLogWorker (SegmentedRaftLogWorker.java:startLogSegment(452)) - c28f674d-4a3a-4611-831e-e7d010a6b2ef@group-AE24D76C8237-SegmentedRaftLogWorker: Starting segment from index:0
2023-03-29 22:44:53,285 [c28f674d-4a3a-4611-831e-e7d010a6b2ef@group-AE24D76C8237-LeaderElection5] INFO  server.RaftServer$Division (ServerState.java:setRaftConf(430)) - c28f674d-4a3a-4611-831e-e7d010a6b2ef@group-AE24D76C8237: set configuration 0: peers:[c28f674d-4a3a-4611-831e-e7d010a6b2ef|rpc:10.1.0.40:38199|dataStream:10.1.0.40:46543|priority:1|startupRole:FOLLOWER]|listeners:[], old=null
2023-03-29 22:44:53,286 [c28f674d-4a3a-4611-831e-e7d010a6b2ef-server-thread2] INFO  server.RaftServer$Division (ServerState.java:setRaftConf(430)) - c28f674d-4a3a-4611-831e-e7d010a6b2ef@group-B7C4666D76D8: set configuration 0: peers:[e2c212f3-f97c-4b95-9960-0e6b8b9bb499|rpc:10.1.0.40:46101|dataStream:10.1.0.40:41817|priority:0|startupRole:FOLLOWER, c28f674d-4a3a-4611-831e-e7d010a6b2ef|rpc:10.1.0.40:38199|dataStream:10.1.0.40:46543|priority:0|startupRole:FOLLOWER, 9b024938-399e-4224-b1ed-691dfeb324e1|rpc:10.1.0.40:43659|dataStream:10.1.0.40:34389|priority:1|startupRole:FOLLOWER]|listeners:[], old=null
2023-03-29 22:44:53,286 [e2c212f3-f97c-4b95-9960-0e6b8b9bb499@group-B7C4666D76D8-SegmentedRaftLogWorker] INFO  segmented.SegmentedRaftLogWorker (SegmentedRaftLogWorker.java:execute(656)) - e2c212f3-f97c-4b95-9960-0e6b8b9bb499@group-B7C4666D76D8-SegmentedRaftLogWorker: created new log segment /home/runner/work/ozone/ozone/hadoop-ozone/integration-test/target/test-dir/MiniOzoneClusterImpl-bcbc84c2-519e-42a0-a817-fd35ffaa666a/datanode-0/data/ratis/a216516e-edd3-4b56-a7b7-b7c4666d76d8/current/log_inprogress_0
2023-03-29 22:44:53,286 [c28f674d-4a3a-4611-831e-e7d010a6b2ef-server-thread2] INFO  segmented.SegmentedRaftLogWorker (SegmentedRaftLogWorker.java:startLogSegment(452)) - c28f674d-4a3a-4611-831e-e7d010a6b2ef@group-B7C4666D76D8-SegmentedRaftLogWorker: Starting segment from index:0
2023-03-29 22:44:53,289 [c28f674d-4a3a-4611-831e-e7d010a6b2ef@group-B7C4666D76D8-SegmentedRaftLogWorker] INFO  segmented.SegmentedRaftLogWorker (SegmentedRaftLogWorker.java:execute(656)) - c28f674d-4a3a-4611-831e-e7d010a6b2ef@group-B7C4666D76D8-SegmentedRaftLogWorker: created new log segment /home/runner/work/ozone/ozone/hadoop-ozone/integration-test/target/test-dir/MiniOzoneClusterImpl-bcbc84c2-519e-42a0-a817-fd35ffaa666a/datanode-1/data/ratis/a216516e-edd3-4b56-a7b7-b7c4666d76d8/current/log_inprogress_0
2023-03-29 22:44:53,293 [c28f674d-4a3a-4611-831e-e7d010a6b2ef@group-AE24D76C8237-SegmentedRaftLogWorker] INFO  segmented.SegmentedRaftLogWorker (SegmentedRaftLogWorker.java:execute(656)) - c28f674d-4a3a-4611-831e-e7d010a6b2ef@group-AE24D76C8237-SegmentedRaftLogWorker: created new log segment /home/runner/work/ozone/ozone/hadoop-ozone/integration-test/target/test-dir/MiniOzoneClusterImpl-bcbc84c2-519e-42a0-a817-fd35ffaa666a/datanode-1/data/ratis/09fca888-0dde-4d17-808e-ae24d76c8237/current/log_inprogress_0
2023-03-29 22:44:53,524 [Listener at 127.0.0.1/38933] INFO  ozone.MiniOzoneClusterImpl (MiniOzoneClusterImpl.java:lambda$waitForClusterToBeReady$0(222)) - Nodes are ready. Got 3 of 3 DN Heartbeats.
2023-03-29 22:44:53,524 [Listener at 127.0.0.1/38933] INFO  ozone.MiniOzoneClusterImpl (MiniOzoneClusterImpl.java:lambda$waitForClusterToBeReady$0(225)) - Cluster exits safe mode
2023-03-29 22:44:53,524 [Listener at 127.0.0.1/38933] INFO  ozone.MiniOzoneClusterImpl (MiniOzoneClusterImpl.java:lambda$waitForClusterToBeReady$0(227)) - SCM became leader
2023-03-29 22:44:53,680 [9b024938-399e-4224-b1ed-691dfeb324e1@group-E863D8147430-FollowerState] INFO  impl.FollowerState (FollowerState.java:run(143)) - 9b024938-399e-4224-b1ed-691dfeb324e1@group-E863D8147430-FollowerState: change to CANDIDATE, lastRpcElapsedTime:5148808496ns, electionTimeout:5142ms
2023-03-29 22:44:53,681 [9b024938-399e-4224-b1ed-691dfeb324e1@group-E863D8147430-FollowerState] INFO  impl.RoleInfo (RoleInfo.java:shutdownFollowerState(110)) - 9b024938-399e-4224-b1ed-691dfeb324e1: shutdown 9b024938-399e-4224-b1ed-691dfeb324e1@group-E863D8147430-FollowerState
2023-03-29 22:44:53,681 [9b024938-399e-4224-b1ed-691dfeb324e1@group-E863D8147430-FollowerState] INFO  server.RaftServer$Division (RaftServerImpl.java:setRole(321)) - 9b024938-399e-4224-b1ed-691dfeb324e1@group-E863D8147430: changes role from  FOLLOWER to CANDIDATE at term 0 for changeToCandidate
2023-03-29 22:44:53,681 [9b024938-399e-4224-b1ed-691dfeb324e1@group-E863D8147430-FollowerState] INFO  server.RaftServerConfigKeys (ConfUtils.java:logGet(46)) - raft.server.leaderelection.pre-vote = true (default)
2023-03-29 22:44:53,681 [9b024938-399e-4224-b1ed-691dfeb324e1@group-E863D8147430-FollowerState] INFO  impl.RoleInfo (RoleInfo.java:updateAndGet(139)) - 9b024938-399e-4224-b1ed-691dfeb324e1: start 9b024938-399e-4224-b1ed-691dfeb324e1@group-E863D8147430-LeaderElection6
2023-03-29 22:44:53,688 [9b024938-399e-4224-b1ed-691dfeb324e1@group-E863D8147430-LeaderElection6] INFO  impl.LeaderElection (LeaderElection.java:askForVotes(312)) - 9b024938-399e-4224-b1ed-691dfeb324e1@group-E863D8147430-LeaderElection6 PRE_VOTE round 0: submit vote requests at term 0 for -1: peers:[9b024938-399e-4224-b1ed-691dfeb324e1|rpc:10.1.0.40:43659|dataStream:10.1.0.40:34389|priority:1|startupRole:FOLLOWER]|listeners:[], old=null
2023-03-29 22:44:53,688 [9b024938-399e-4224-b1ed-691dfeb324e1@group-E863D8147430-LeaderElection6] INFO  impl.LeaderElection (LeaderElection.java:askForVotes(314)) - 9b024938-399e-4224-b1ed-691dfeb324e1@group-E863D8147430-LeaderElection6 PRE_VOTE round 0: result PASSED (term=0)
2023-03-29 22:44:53,690 [9b024938-399e-4224-b1ed-691dfeb324e1@group-E863D8147430-LeaderElection6] INFO  impl.LeaderElection (LeaderElection.java:askForVotes(312)) - 9b024938-399e-4224-b1ed-691dfeb324e1@group-E863D8147430-LeaderElection6 ELECTION round 0: submit vote requests at term 1 for -1: peers:[9b024938-399e-4224-b1ed-691dfeb324e1|rpc:10.1.0.40:43659|dataStream:10.1.0.40:34389|priority:1|startupRole:FOLLOWER]|listeners:[], old=null
2023-03-29 22:44:53,690 [9b024938-399e-4224-b1ed-691dfeb324e1@group-E863D8147430-LeaderElection6] INFO  impl.LeaderElection (LeaderElection.java:askForVotes(314)) - 9b024938-399e-4224-b1ed-691dfeb324e1@group-E863D8147430-LeaderElection6 ELECTION round 0: result PASSED (term=1)
2023-03-29 22:44:53,690 [9b024938-399e-4224-b1ed-691dfeb324e1@group-E863D8147430-LeaderElection6] INFO  impl.RoleInfo (RoleInfo.java:shutdownLeaderElection(130)) - 9b024938-399e-4224-b1ed-691dfeb324e1: shutdown 9b024938-399e-4224-b1ed-691dfeb324e1@group-E863D8147430-LeaderElection6
2023-03-29 22:44:53,690 [9b024938-399e-4224-b1ed-691dfeb324e1@group-E863D8147430-LeaderElection6] INFO  server.RaftServer$Division (RaftServerImpl.java:setRole(321)) - 9b024938-399e-4224-b1ed-691dfeb324e1@group-E863D8147430: changes role from CANDIDATE to LEADER at term 1 for changeToLeader
2023-03-29 22:44:53,690 [9b024938-399e-4224-b1ed-691dfeb324e1@group-E863D8147430-LeaderElection6] INFO  ratis.XceiverServerRatis (XceiverServerRatis.java:handleLeaderChangedNotification(904)) - Leader change notification received for group: group-E863D8147430 with new leaderId: 9b024938-399e-4224-b1ed-691dfeb324e1
2023-03-29 22:44:53,690 [9b024938-399e-4224-b1ed-691dfeb324e1@group-E863D8147430-LeaderElection6] INFO  server.RaftServer$Division (ServerState.java:setLeader(313)) - 9b024938-399e-4224-b1ed-691dfeb324e1@group-E863D8147430: change Leader from null to 9b024938-399e-4224-b1ed-691dfeb324e1 at term 1 for becomeLeader, leader elected after 5185ms
2023-03-29 22:44:53,690 [9b024938-399e-4224-b1ed-691dfeb324e1@group-E863D8147430-LeaderElection6] INFO  server.RaftServerConfigKeys (ConfUtils.java:logGet(46)) - raft.server.staging.catchup.gap = 1000 (default)
2023-03-29 22:44:53,691 [9b024938-399e-4224-b1ed-691dfeb324e1@group-E863D8147430-LeaderElection6] INFO  server.RaftServerConfigKeys (ConfUtils.java:logGet(46)) - raft.server.write.element-limit = 1024 (custom)
2023-03-29 22:44:53,691 [9b024938-399e-4224-b1ed-691dfeb324e1@group-E863D8147430-LeaderElection6] INFO  server.RaftServerConfigKeys (ConfUtils.java:logGet(46)) - raft.server.write.byte-limit = 1024 M (=1073741824) (custom)
2023-03-29 22:44:53,692 [9b024938-399e-4224-b1ed-691dfeb324e1@group-E863D8147430-LeaderElection6] INFO  server.RaftServerConfigKeys (ConfUtils.java:logGet(46)) - raft.server.watch.timeout = 180s (custom)
2023-03-29 22:44:53,692 [9b024938-399e-4224-b1ed-691dfeb324e1@group-E863D8147430-LeaderElection6] INFO  server.RaftServerConfigKeys (ConfUtils.java:logGet(46)) - raft.server.watch.timeout.denomination = 1s (default)
2023-03-29 22:44:53,692 [9b024938-399e-4224-b1ed-691dfeb324e1@group-E863D8147430-LeaderElection6] INFO  server.RaftServerConfigKeys (ConfUtils.java:logGet(46)) - raft.server.watch.element-limit = 65536 (default)
2023-03-29 22:44:53,692 [9b024938-399e-4224-b1ed-691dfeb324e1@group-E863D8147430-LeaderElection6] INFO  server.RaftServerConfigKeys (ConfUtils.java:logGet(46)) - raft.server.write.element-limit = 1024 (custom)
2023-03-29 22:44:53,692 [9b024938-399e-4224-b1ed-691dfeb324e1@group-E863D8147430-LeaderElection6] INFO  server.RaftServerConfigKeys (ConfUtils.java:logGet(46)) - raft.server.write.follower.gap.ratio.max = -1.0 (default)
2023-03-29 22:44:53,692 [9b024938-399e-4224-b1ed-691dfeb324e1@group-E863D8147430-LeaderElection6] INFO  impl.RoleInfo (RoleInfo.java:updateAndGet(139)) - 9b024938-399e-4224-b1ed-691dfeb324e1: start 9b024938-399e-4224-b1ed-691dfeb324e1@group-E863D8147430-LeaderStateImpl
2023-03-29 22:44:53,693 [9b024938-399e-4224-b1ed-691dfeb324e1@group-E863D8147430-LeaderElection6] INFO  segmented.SegmentedRaftLogWorker (SegmentedRaftLogWorker.java:startLogSegment(452)) - 9b024938-399e-4224-b1ed-691dfeb324e1@group-E863D8147430-SegmentedRaftLogWorker: Starting segment from index:0
2023-03-29 22:44:53,697 [9b024938-399e-4224-b1ed-691dfeb324e1@group-E863D8147430-LeaderElection6] INFO  server.RaftServer$Division (ServerState.java:setRaftConf(430)) - 9b024938-399e-4224-b1ed-691dfeb324e1@group-E863D8147430: set configuration 0: peers:[9b024938-399e-4224-b1ed-691dfeb324e1|rpc:10.1.0.40:43659|dataStream:10.1.0.40:34389|priority:1|startupRole:FOLLOWER]|listeners:[], old=null
2023-03-29 22:44:53,698 [9b024938-399e-4224-b1ed-691dfeb324e1@group-E863D8147430-SegmentedRaftLogWorker] INFO  segmented.SegmentedRaftLogWorker (SegmentedRaftLogWorker.java:execute(656)) - 9b024938-399e-4224-b1ed-691dfeb324e1@group-E863D8147430-SegmentedRaftLogWorker: created new log segment /home/runner/work/ozone/ozone/hadoop-ozone/integration-test/target/test-dir/MiniOzoneClusterImpl-bcbc84c2-519e-42a0-a817-fd35ffaa666a/datanode-2/data/ratis/2a537744-3b4a-4381-8c75-e863d8147430/current/log_inprogress_0
2023-03-29 22:44:54,083 [Listener at 127.0.0.1/38933] INFO  rpc.RpcClient (RpcClient.java:createVolume(476)) - Creating Volume: volume14198, with user11032 as owner and space quota set to -1 bytes, counts quota set to -1
2023-03-29 22:44:54,139 [OM StateMachine ApplyTransaction Thread - 0] INFO  volume.OMVolumeCreateRequest (OMVolumeCreateRequest.java:validateAndUpdateCache(195)) - created volume:volume14198 for user:user11032
2023-03-29 22:44:54,147 [OM StateMachine ApplyTransaction Thread - 0] INFO  volume.OMVolumeCreateRequest (OMVolumeCreateRequest.java:validateAndUpdateCache(195)) - created volume:volume14198 for user:user11032
2023-03-29 22:44:54,146 [OM StateMachine ApplyTransaction Thread - 0] INFO  volume.OMVolumeCreateRequest (OMVolumeCreateRequest.java:validateAndUpdateCache(195)) - created volume:volume14198 for user:user11032
2023-03-29 22:44:54,167 [Listener at 127.0.0.1/38933] INFO  rpc.RpcClient (RpcClient.java:createBucket(698)) - Creating Bucket: volume14198/bucket38611, with bucket layout OBJECT_STORE, runner as owner, Versioning false, Storage Type set to DISK and Encryption set to false, Replication Type set to server-side default replication type, Namespace Quota set to -1, Space Quota set to -1 
2023-03-29 22:44:54,189 [OM StateMachine ApplyTransaction Thread - 0] INFO  bucket.OMBucketCreateRequest (OMBucketCreateRequest.java:validateAndUpdateCache(262)) - created bucket: bucket38611 of layout OBJECT_STORE in volume: volume14198
2023-03-29 22:44:54,191 [OM StateMachine ApplyTransaction Thread - 0] INFO  bucket.OMBucketCreateRequest (OMBucketCreateRequest.java:validateAndUpdateCache(262)) - created bucket: bucket38611 of layout OBJECT_STORE in volume: volume14198
2023-03-29 22:44:54,189 [OM StateMachine ApplyTransaction Thread - 0] INFO  bucket.OMBucketCreateRequest (OMBucketCreateRequest.java:validateAndUpdateCache(262)) - created bucket: bucket38611 of layout OBJECT_STORE in volume: volume14198
2023-03-29 22:44:54,207 [Listener at 127.0.0.1/38933] INFO  utils.BackgroundService (BackgroundService.java:shutdown(141)) - Shutting down service KeyDeletingService
2023-03-29 22:44:54,207 [Listener at 127.0.0.1/38933] INFO  utils.BackgroundService (BackgroundService.java:shutdown(141)) - Shutting down service DirectoryDeletingService
2023-03-29 22:44:54,207 [Listener at 127.0.0.1/38933] INFO  utils.BackgroundService (BackgroundService.java:shutdown(141)) - Shutting down service OpenKeyCleanupService
2023-03-29 22:44:54,207 [Listener at 127.0.0.1/38933] INFO  utils.BackgroundService (BackgroundService.java:shutdown(141)) - Shutting down service SstFilteringService
2023-03-29 22:44:54,208 [Listener at 127.0.0.1/38933] INFO  utils.BackgroundService (BackgroundService.java:shutdown(141)) - Shutting down service SnapshotDeletingService
2023-03-29 22:44:54,208 [Listener at 127.0.0.1/38933] WARN  server.ServerUtils (ServerUtils.java:getDBPath(225)) - ozone.om.db.dirs is not configured. We recommend adding this setting. Falling back to ozone.metadata.dirs instead.
2023-03-29 22:44:54,212 [Time-limited test] INFO  rpc.RpcClient (RpcClient.java:createVolume(476)) - Creating Volume: vol-11345, with runner as owner and space quota set to -1 bytes, counts quota set to -1
2023-03-29 22:44:54,221 [OM StateMachine ApplyTransaction Thread - 0] INFO  volume.OMVolumeCreateRequest (OMVolumeCreateRequest.java:validateAndUpdateCache(195)) - created volume:vol-11345 for user:runner
2023-03-29 22:44:54,226 [OM StateMachine ApplyTransaction Thread - 0] INFO  volume.OMVolumeCreateRequest (OMVolumeCreateRequest.java:validateAndUpdateCache(195)) - created volume:vol-11345 for user:runner
2023-03-29 22:44:54,228 [Time-limited test] INFO  rpc.RpcClient (RpcClient.java:createBucket(698)) - Creating Bucket: vol-11345/buck-12342, with server-side default bucket layout, runner as owner, Versioning false, Storage Type set to DISK and Encryption set to false, Replication Type set to server-side default replication type, Namespace Quota set to -1, Space Quota set to -1 
2023-03-29 22:44:54,229 [OM StateMachine ApplyTransaction Thread - 0] INFO  volume.OMVolumeCreateRequest (OMVolumeCreateRequest.java:validateAndUpdateCache(195)) - created volume:vol-11345 for user:runner
2023-03-29 22:44:54,234 [OM StateMachine ApplyTransaction Thread - 0] INFO  bucket.OMBucketCreateRequest (OMBucketCreateRequest.java:validateAndUpdateCache(262)) - created bucket: buck-12342 of layout OBJECT_STORE in volume: vol-11345
2023-03-29 22:44:54,237 [OM StateMachine ApplyTransaction Thread - 0] INFO  bucket.OMBucketCreateRequest (OMBucketCreateRequest.java:validateAndUpdateCache(262)) - created bucket: buck-12342 of layout OBJECT_STORE in volume: vol-11345
2023-03-29 22:44:54,238 [OM StateMachine ApplyTransaction Thread - 0] INFO  bucket.OMBucketCreateRequest (OMBucketCreateRequest.java:validateAndUpdateCache(262)) - created bucket: buck-12342 of layout OBJECT_STORE in volume: vol-11345
2023-03-29 22:44:54,299 [IPC Server handler 1 on default port 43699] INFO  ha.SequenceIdGenerator (SequenceIdGenerator.java:getNextId(128)) - Allocate a batch for containerId, change lastId from 0 to 1000.
2023-03-29 22:44:54,310 [IPC Server handler 1 on default port 43699] WARN  ha.SequenceIdGenerator (SequenceIdGenerator.java:allocateBatch(237)) - Failed to allocate a batch for localId, expected lastId is 0, actual lastId is 111677748019200000.
2023-03-29 22:44:54,311 [IPC Server handler 1 on default port 43699] INFO  ha.SequenceIdGenerator (SequenceIdGenerator.java:getNextId(128)) - Allocate a batch for localId, change lastId from 111677748019200000 to 111677748019201000.
2023-03-29 22:44:54,406 [Time-limited test] INFO  impl.MetricsSystemImpl (MetricsSystemImpl.java:init(158)) - XceiverClientMetrics metrics system started (again)
2023-03-29 22:44:54,797 [OM StateMachine ApplyTransaction Thread - 0] INFO  snapshot.OMSnapshotCreateRequest (OMSnapshotCreateRequest.java:validateAndUpdateCache(204)) - Created snapshot 'snap61905' under path 'vol-11345/buck-12342'
2023-03-29 22:44:54,797 [OM StateMachine ApplyTransaction Thread - 0] INFO  snapshot.OMSnapshotCreateRequest (OMSnapshotCreateRequest.java:validateAndUpdateCache(204)) - Created snapshot 'snap61905' under path 'vol-11345/buck-12342'
2023-03-29 22:44:54,799 [OM StateMachine ApplyTransaction Thread - 0] INFO  snapshot.OMSnapshotCreateRequest (OMSnapshotCreateRequest.java:validateAndUpdateCache(204)) - Created snapshot 'snap61905' under path 'vol-11345/buck-12342'
2023-03-29 22:44:54,850 [OMDoubleBufferFlushThread] INFO  db.RDBCheckpointManager (RDBCheckpointManager.java:createCheckpoint(96)) - Created checkpoint in rocksDB at /home/runner/work/ozone/ozone/hadoop-ozone/integration-test/target/test-dir/MiniOzoneClusterImpl-bcbc84c2-519e-42a0-a817-fd35ffaa666a/omNode-3/db.snapshots/om.db-d3161aea-b578-4969-a0f4-628eb99f41d6 in 50 milliseconds
2023-03-29 22:44:54,854 [OMDoubleBufferFlushThread] INFO  db.RDBCheckpointManager (RDBCheckpointManager.java:createCheckpoint(96)) - Created checkpoint in rocksDB at /home/runner/work/ozone/ozone/hadoop-ozone/integration-test/target/test-dir/MiniOzoneClusterImpl-bcbc84c2-519e-42a0-a817-fd35ffaa666a/omNode-1/db.snapshots/om.db-d3161aea-b578-4969-a0f4-628eb99f41d6 in 53 milliseconds
2023-03-29 22:44:54,860 [OMDoubleBufferFlushThread] INFO  db.RDBCheckpointManager (RDBCheckpointManager.java:createCheckpoint(96)) - Created checkpoint in rocksDB at /home/runner/work/ozone/ozone/hadoop-ozone/integration-test/target/test-dir/MiniOzoneClusterImpl-bcbc84c2-519e-42a0-a817-fd35ffaa666a/omNode-2/db.snapshots/om.db-d3161aea-b578-4969-a0f4-628eb99f41d6 in 54 milliseconds
2023-03-29 22:44:54,870 [OMDoubleBufferFlushThread] INFO  db.RDBCheckpointManager (RDBCheckpointManager.java:waitForCheckpointDirectoryExist(125)) - Waited for 9 milliseconds for checkpoint directory /home/runner/work/ozone/ozone/hadoop-ozone/integration-test/target/test-dir/MiniOzoneClusterImpl-bcbc84c2-519e-42a0-a817-fd35ffaa666a/omNode-2/db.snapshots/om.db-d3161aea-b578-4969-a0f4-628eb99f41d6 availability.
2023-03-29 22:44:54,871 [OMDoubleBufferFlushThread] WARN  om.OmSnapshotManager (OmSnapshotManager.java:deleteKeysInSnapshotScopeFromDTableInternal(396)) - Took 189912 ns to clean up deletedTable
2023-03-29 22:44:54,871 [OMDoubleBufferFlushThread] INFO  om.OmSnapshotManager (OmSnapshotManager.java:createOmSnapshotCheckpoint(317)) - Created checkpoint : /home/runner/work/ozone/ozone/hadoop-ozone/integration-test/target/test-dir/MiniOzoneClusterImpl-bcbc84c2-519e-42a0-a817-fd35ffaa666a/omNode-2/db.snapshots/om.db-d3161aea-b578-4969-a0f4-628eb99f41d6 for snapshot snap61905
2023-03-29 22:44:54,875 [OMDoubleBufferFlushThread] INFO  db.RDBCheckpointManager (RDBCheckpointManager.java:waitForCheckpointDirectoryExist(125)) - Waited for 25 milliseconds for checkpoint directory /home/runner/work/ozone/ozone/hadoop-ozone/integration-test/target/test-dir/MiniOzoneClusterImpl-bcbc84c2-519e-42a0-a817-fd35ffaa666a/omNode-3/db.snapshots/om.db-d3161aea-b578-4969-a0f4-628eb99f41d6 availability.
2023-03-29 22:44:54,875 [OMDoubleBufferFlushThread] WARN  om.OmSnapshotManager (OmSnapshotManager.java:deleteKeysInSnapshotScopeFromDTableInternal(396)) - Took 102606 ns to clean up deletedTable
2023-03-29 22:44:54,876 [OMDoubleBufferFlushThread] INFO  om.OmSnapshotManager (OmSnapshotManager.java:createOmSnapshotCheckpoint(317)) - Created checkpoint : /home/runner/work/ozone/ozone/hadoop-ozone/integration-test/target/test-dir/MiniOzoneClusterImpl-bcbc84c2-519e-42a0-a817-fd35ffaa666a/omNode-3/db.snapshots/om.db-d3161aea-b578-4969-a0f4-628eb99f41d6 for snapshot snap61905
2023-03-29 22:44:54,877 [OMDoubleBufferFlushThread] INFO  db.RDBCheckpointManager (RDBCheckpointManager.java:waitForCheckpointDirectoryExist(125)) - Waited for 23 milliseconds for checkpoint directory /home/runner/work/ozone/ozone/hadoop-ozone/integration-test/target/test-dir/MiniOzoneClusterImpl-bcbc84c2-519e-42a0-a817-fd35ffaa666a/omNode-1/db.snapshots/om.db-d3161aea-b578-4969-a0f4-628eb99f41d6 availability.
2023-03-29 22:44:54,877 [OMDoubleBufferFlushThread] WARN  om.OmSnapshotManager (OmSnapshotManager.java:deleteKeysInSnapshotScopeFromDTableInternal(396)) - Took 103606 ns to clean up deletedTable
2023-03-29 22:44:54,878 [OMDoubleBufferFlushThread] INFO  om.OmSnapshotManager (OmSnapshotManager.java:createOmSnapshotCheckpoint(317)) - Created checkpoint : /home/runner/work/ozone/ozone/hadoop-ozone/integration-test/target/test-dir/MiniOzoneClusterImpl-bcbc84c2-519e-42a0-a817-fd35ffaa666a/omNode-1/db.snapshots/om.db-d3161aea-b578-4969-a0f4-628eb99f41d6 for snapshot snap61905
]]></system-out>
  </testcase>
  <testcase name="testCreateSnapshotMissingMandatoryParams" classname="TestOmSnapshot" time="23.497">
    <system-out><![CDATA[2023-03-29 22:45:36,678 [Listener at 127.0.0.1/38933] INFO  ozone.MiniOzoneClusterImpl (MiniOzoneClusterImpl.java:shutdown(455)) - Shutting down the Mini Ozone Cluster
2023-03-29 22:45:36,678 [Listener at 127.0.0.1/38933] INFO  ozone.MiniOzoneHAClusterImpl (MiniOzoneHAClusterImpl.java:stop(312)) - Stopping the OzoneManager omNode-3
2023-03-29 22:45:36,678 [Listener at 127.0.0.1/38933] INFO  om.OzoneManager (OzoneManager.java:stop(2155)) - omNode-3[localhost:38933]: Stopping Ozone Manager
2023-03-29 22:45:36,679 [Listener at 127.0.0.1/38933] INFO  ipc.Server (Server.java:stop(3428)) - Stopping server on 38933
2023-03-29 22:45:36,683 [IPC Server listener on 38933] INFO  ipc.Server (Server.java:run(1384)) - Stopping IPC Server listener on 38933
2023-03-29 22:45:36,684 [IPC Server Responder] INFO  ipc.Server (Server.java:run(1517)) - Stopping IPC Server Responder
2023-03-29 22:45:36,688 [Listener at 127.0.0.1/38933] INFO  server.RaftServer (RaftServerProxy.java:lambda$close$6(409)) - omNode-3: close
2023-03-29 22:45:36,688 [Listener at 127.0.0.1/38933] INFO  server.GrpcService (GrpcService.java:closeImpl(271)) - omNode-3: shutdown server GrpcServerProtocolService now
2023-03-29 22:45:36,689 [omNode-3-impl-thread1] INFO  server.RaftServer$Division (RaftServerImpl.java:lambda$close$4(458)) - omNode-3@group-523986131536: shutdown
2023-03-29 22:45:36,689 [omNode-3-impl-thread1] INFO  util.JmxRegister (JmxRegister.java:unregister(73)) - Successfully un-registered JMX Bean with object name Ratis:service=RaftServer,group=group-523986131536,id=omNode-3
2023-03-29 22:45:36,689 [omNode-3-impl-thread1] INFO  impl.RoleInfo (RoleInfo.java:shutdownFollowerState(110)) - omNode-3: shutdown omNode-3@group-523986131536-FollowerState
2023-03-29 22:45:36,689 [omNode-3-impl-thread1] INFO  impl.StateMachineUpdater (StateMachineUpdater.java:stopAndJoin(153)) - omNode-3@group-523986131536-StateMachineUpdater: set stopIndex = 720
2023-03-29 22:45:36,690 [omNode-3@group-523986131536-StateMachineUpdater] INFO  ratis.OzoneManagerStateMachine (OzoneManagerStateMachine.java:takeSnapshot(445)) - Current Snapshot Index (t:1, i:720)
2023-03-29 22:45:36,690 [omNode-3@group-523986131536-FollowerState] INFO  impl.FollowerState (FollowerState.java:run(152)) - omNode-3@group-523986131536-FollowerState was interrupted
2023-03-29 22:45:36,707 [grpc-default-executor-6] WARN  server.GrpcServerProtocolService (LogUtils.java:warn(122)) - omNode-3: installSnapshot onError, lastRequest: omNode-1->omNode-3#106258-t1,previous=(t:1, i:719),leaderCommit=719,initializing? true,entries: size=1, first=(t:1, i:720), METADATAENTRY(c:719): org.apache.ratis.thirdparty.io.grpc.StatusRuntimeException: CANCELLED: client cancelled
2023-03-29 22:45:36,709 [grpc-default-executor-0] WARN  server.GrpcLogAppender (LogUtils.java:warn(122)) - omNode-1@group-523986131536->omNode-3-AppendLogResponseHandler: Failed appendEntries: org.apache.ratis.thirdparty.io.grpc.StatusRuntimeException: CANCELLED: RST_STREAM closed stream. HTTP/2 error code: CANCEL
2023-03-29 22:45:36,709 [grpc-default-executor-0] INFO  leader.FollowerInfo (FollowerInfoImpl.java:lambda$new$0(48)) - omNode-1@group-523986131536->omNode-3: nextIndex: updateUnconditionally 721 -> 720
2023-03-29 22:45:36,710 [grpc-default-executor-0] WARN  server.GrpcLogAppender (LogUtils.java:warn(122)) - omNode-1@group-523986131536->omNode-3-AppendLogResponseHandler: Failed appendEntries: org.apache.ratis.thirdparty.io.grpc.StatusRuntimeException: CANCELLED: RST_STREAM closed stream. HTTP/2 error code: CANCEL
2023-03-29 22:45:36,710 [grpc-default-executor-0] INFO  leader.FollowerInfo (FollowerInfoImpl.java:lambda$new$0(48)) - omNode-1@group-523986131536->omNode-3: nextIndex: updateUnconditionally 720 -> 719
2023-03-29 22:45:36,711 [Listener at 127.0.0.1/38933] INFO  server.GrpcService (GrpcService.java:closeImpl(280)) - omNode-3: shutdown server GrpcServerProtocolService successfully
2023-03-29 22:45:36,707 [omNode-3@group-523986131536-StateMachineUpdater] INFO  impl.StateMachineUpdater (StateMachineUpdater.java:takeSnapshot(287)) - omNode-3@group-523986131536-StateMachineUpdater: Took a snapshot at index 720
2023-03-29 22:45:36,710 [grpc-default-executor-5] WARN  server.GrpcServerProtocolService (LogUtils.java:warn(122)) - omNode-3: installSnapshot onError, lastRequest: null: org.apache.ratis.thirdparty.io.grpc.StatusRuntimeException: CANCELLED: client cancelled
2023-03-29 22:45:36,712 [omNode-3@group-523986131536-StateMachineUpdater] INFO  impl.StateMachineUpdater (StateMachineUpdater.java:lambda$new$0(92)) - omNode-3@group-523986131536-StateMachineUpdater: snapshotIndex: updateIncreasingly -1 -> 720
2023-03-29 22:45:36,714 [omNode-3@group-523986131536-StateMachineUpdater] INFO  ratis.OzoneManagerStateMachine (OzoneManagerStateMachine.java:close(499)) - StateMachine has shutdown. Shutdown OzoneManager if not already shutdown.
2023-03-29 22:45:36,714 [omNode-3@group-523986131536-StateMachineUpdater] INFO  ratis.OzoneManagerDoubleBuffer (OzoneManagerDoubleBuffer.java:stopDaemon(540)) - Stopping OMDoubleBuffer flush thread
2023-03-29 22:45:36,714 [OMDoubleBufferFlushThread] INFO  ratis.OzoneManagerDoubleBuffer (OzoneManagerDoubleBuffer.java:canFlush(625)) - OMDoubleBuffer flush thread OMDoubleBufferFlushThread is interrupted and will exit.
2023-03-29 22:45:36,718 [grpc-default-executor-0] WARN  server.GrpcLogAppender (LogUtils.java:warn(122)) - omNode-1@group-523986131536->omNode-3-AppendLogResponseHandler: Failed appendEntries: org.apache.ratis.thirdparty.io.grpc.StatusRuntimeException: UNAVAILABLE: io exception
2023-03-29 22:45:36,718 [grpc-default-executor-6] WARN  server.GrpcLogAppender (LogUtils.java:warn(122)) - omNode-1@group-523986131536->omNode-3-AppendLogResponseHandler: Failed appendEntries: org.apache.ratis.thirdparty.io.grpc.StatusRuntimeException: UNAVAILABLE: io exception
2023-03-29 22:45:36,720 [grpc-default-executor-0] INFO  leader.FollowerInfo (FollowerInfoImpl.java:lambda$new$0(48)) - omNode-1@group-523986131536->omNode-3: nextIndex: updateUnconditionally 721 -> 720
2023-03-29 22:45:36,721 [grpc-default-executor-6] INFO  leader.FollowerInfo (FollowerInfoImpl.java:lambda$new$0(48)) - omNode-1@group-523986131536->omNode-3: nextIndex: updateUnconditionally 720 -> 719
2023-03-29 22:45:36,728 [omNode-3-impl-thread1] INFO  server.RaftServer$Division (ServerState.java:close(466)) - omNode-3@group-523986131536: closes. applyIndex: 720
2023-03-29 22:45:36,729 [omNode-3@group-523986131536-SegmentedRaftLogWorker] INFO  segmented.SegmentedRaftLogWorker (SegmentedRaftLogWorker.java:run(347)) - omNode-3@group-523986131536-SegmentedRaftLogWorker was interrupted, exiting. There are 0 tasks remaining in the queue.
2023-03-29 22:45:36,730 [omNode-3-impl-thread1] INFO  segmented.SegmentedRaftLogWorker (SegmentedRaftLogWorker.java:close(257)) - omNode-3@group-523986131536-SegmentedRaftLogWorker close()
2023-03-29 22:45:36,736 [JvmPauseMonitor2] INFO  util.JvmPauseMonitor (JvmPauseMonitor.java:run(111)) - JvmPauseMonitor-omNode-3: Stopped
2023-03-29 22:45:36,736 [Listener at 127.0.0.1/38933] INFO  ratis.OzoneManagerStateMachine (OzoneManagerStateMachine.java:close(499)) - StateMachine has shutdown. Shutdown OzoneManager if not already shutdown.
2023-03-29 22:45:36,736 [Listener at 127.0.0.1/38933] INFO  ratis.OzoneManagerDoubleBuffer (OzoneManagerDoubleBuffer.java:stopDaemon(549)) - OMDoubleBuffer flush thread is not running.
2023-03-29 22:45:36,737 [Listener at 127.0.0.1/38933] INFO  utils.BackgroundService (BackgroundService.java:shutdown(141)) - Shutting down service KeyDeletingService
2023-03-29 22:45:36,738 [Listener at 127.0.0.1/38933] INFO  utils.BackgroundService (BackgroundService.java:shutdown(141)) - Shutting down service DirectoryDeletingService
2023-03-29 22:45:36,738 [Listener at 127.0.0.1/38933] INFO  utils.BackgroundService (BackgroundService.java:shutdown(141)) - Shutting down service OpenKeyCleanupService
2023-03-29 22:45:36,738 [Listener at 127.0.0.1/38933] INFO  utils.BackgroundService (BackgroundService.java:shutdown(141)) - Shutting down service SstFilteringService
2023-03-29 22:45:36,739 [Listener at 127.0.0.1/38933] INFO  utils.BackgroundService (BackgroundService.java:shutdown(141)) - Shutting down service SnapshotDeletingService
2023-03-29 22:45:36,741 [Listener at 127.0.0.1/38933] INFO  handler.ContextHandler (ContextHandler.java:doStop(1159)) - Stopped o.e.j.w.WebAppContext@400b100d{ozoneManager,/,null,STOPPED}{file:/home/runner/work/ozone/ozone/hadoop-ozone/integration-test/target/test-classes/webapps/ozoneManager}
2023-03-29 22:45:36,745 [Listener at 127.0.0.1/38933] INFO  server.AbstractConnector (AbstractConnector.java:doStop(383)) - Stopped ServerConnector@7ef432ce{HTTP/1.1, (http/1.1)}{0.0.0.0:34423}
2023-03-29 22:45:36,745 [Listener at 127.0.0.1/38933] INFO  server.session (HouseKeeper.java:stopScavenging(149)) - node0 Stopped scavenging
2023-03-29 22:45:36,745 [Listener at 127.0.0.1/38933] INFO  handler.ContextHandler (ContextHandler.java:doStop(1159)) - Stopped o.e.j.s.ServletContextHandler@68212a18{static,/static,file:///home/runner/work/ozone/ozone/hadoop-ozone/integration-test/target/test-classes/webapps/static,STOPPED}
2023-03-29 22:45:36,746 [Listener at 127.0.0.1/38933] INFO  handler.ContextHandler (ContextHandler.java:doStop(1159)) - Stopped o.e.j.s.ServletContextHandler@46926de4{logs,/logs,file:///home/runner/work/ozone/ozone/hadoop-ozone/integration-test/target/log,STOPPED}
2023-03-29 22:45:36,759 [Listener at 127.0.0.1/38933] INFO  ozone.MiniOzoneHAClusterImpl (MiniOzoneHAClusterImpl.java:stop(312)) - Stopping the OzoneManager omNode-1
2023-03-29 22:45:36,759 [Listener at 127.0.0.1/38933] INFO  om.OzoneManager (OzoneManager.java:stop(2155)) - omNode-1[localhost:40933]: Stopping Ozone Manager
2023-03-29 22:45:36,759 [Listener at 127.0.0.1/38933] INFO  ipc.Server (Server.java:stop(3428)) - Stopping server on 40933
2023-03-29 22:45:36,762 [IPC Server listener on 40933] INFO  ipc.Server (Server.java:run(1384)) - Stopping IPC Server listener on 40933
2023-03-29 22:45:36,765 [IPC Server Responder] INFO  ipc.Server (Server.java:run(1517)) - Stopping IPC Server Responder
2023-03-29 22:45:36,765 [Listener at 127.0.0.1/38933] INFO  server.RaftServer (RaftServerProxy.java:lambda$close$6(409)) - omNode-1: close
2023-03-29 22:45:36,766 [Listener at 127.0.0.1/38933] INFO  server.GrpcService (GrpcService.java:closeImpl(271)) - omNode-1: shutdown server GrpcServerProtocolService now
2023-03-29 22:45:36,766 [omNode-1-impl-thread2] INFO  server.RaftServer$Division (RaftServerImpl.java:lambda$close$4(458)) - omNode-1@group-523986131536: shutdown
2023-03-29 22:45:36,766 [omNode-1-impl-thread2] INFO  util.JmxRegister (JmxRegister.java:unregister(73)) - Successfully un-registered JMX Bean with object name Ratis:service=RaftServer,group=group-523986131536,id=omNode-1
2023-03-29 22:45:36,767 [omNode-1-impl-thread2] INFO  impl.RoleInfo (RoleInfo.java:shutdownLeaderState(93)) - omNode-1: shutdown omNode-1@group-523986131536-LeaderStateImpl
2023-03-29 22:45:36,768 [Listener at 127.0.0.1/38933] INFO  server.GrpcServerProtocolClient (GrpcServerProtocolClient.java:close(101)) - omNode-3 Close channels
2023-03-29 22:45:36,768 [omNode-1@group-523986131536->omNode-3-GrpcLogAppender-LogAppenderDaemon] WARN  server.GrpcLogAppender (GrpcLogAppender.java:mayWait(200)) - omNode-1@group-523986131536->omNode-3-GrpcLogAppender: Wait interrupted by java.lang.InterruptedException
2023-03-29 22:45:36,769 [omNode-1-impl-thread2] INFO  impl.PendingRequests (PendingRequests.java:sendNotLeaderResponses(282)) - omNode-1@group-523986131536-PendingRequests: sendNotLeaderResponses
2023-03-29 22:45:36,769 [omNode-1@group-523986131536->omNode-2-GrpcLogAppender-LogAppenderDaemon] WARN  server.GrpcLogAppender (GrpcLogAppender.java:mayWait(200)) - omNode-1@group-523986131536->omNode-2-GrpcLogAppender: Wait interrupted by java.lang.InterruptedException
2023-03-29 22:45:36,771 [grpc-default-executor-6] INFO  server.GrpcServerProtocolService (GrpcServerProtocolService.java:onCompleted(143)) - omNode-2: Completed APPEND_ENTRIES, lastRequest: omNode-1->omNode-2#3521-t1,previous=(t:1, i:719),leaderCommit=719,initializing? true,entries: size=1, first=(t:1, i:720), METADATAENTRY(c:719)
2023-03-29 22:45:36,771 [grpc-default-executor-0] INFO  server.GrpcServerProtocolService (GrpcServerProtocolService.java:onCompleted(143)) - omNode-2: Completed APPEND_ENTRIES, lastRequest: null
2023-03-29 22:45:36,772 [grpc-default-executor-5] INFO  server.GrpcLogAppender (GrpcLogAppender.java:onCompleted(415)) - omNode-1@group-523986131536->omNode-2-AppendLogResponseHandler: follower responses appendEntries COMPLETED
2023-03-29 22:45:36,772 [grpc-default-executor-5] INFO  leader.FollowerInfo (FollowerInfoImpl.java:lambda$new$0(48)) - omNode-1@group-523986131536->omNode-2: nextIndex: updateUnconditionally 721 -> 720
2023-03-29 22:45:36,772 [grpc-default-executor-6] INFO  server.GrpcLogAppender (GrpcLogAppender.java:onCompleted(415)) - omNode-1@group-523986131536->omNode-2-AppendLogResponseHandler: follower responses appendEntries COMPLETED
2023-03-29 22:45:36,772 [grpc-default-executor-6] INFO  leader.FollowerInfo (FollowerInfoImpl.java:lambda$new$0(48)) - omNode-1@group-523986131536->omNode-2: nextIndex: updateUnconditionally 720 -> 719
2023-03-29 22:45:36,772 [Listener at 127.0.0.1/38933] INFO  server.GrpcServerProtocolClient (GrpcServerProtocolClient.java:close(101)) - omNode-2 Close channels
2023-03-29 22:45:36,776 [omNode-1@group-523986131536-StateMachineUpdater] INFO  ratis.OzoneManagerStateMachine (OzoneManagerStateMachine.java:takeSnapshot(445)) - Current Snapshot Index (t:1, i:720)
2023-03-29 22:45:36,777 [omNode-1-impl-thread2] INFO  impl.StateMachineUpdater (StateMachineUpdater.java:stopAndJoin(153)) - omNode-1@group-523986131536-StateMachineUpdater: set stopIndex = 720
2023-03-29 22:45:36,778 [Listener at 127.0.0.1/38933] INFO  server.GrpcService (GrpcService.java:closeImpl(280)) - omNode-1: shutdown server GrpcServerProtocolService successfully
2023-03-29 22:45:36,788 [omNode-1@group-523986131536-StateMachineUpdater] INFO  impl.StateMachineUpdater (StateMachineUpdater.java:takeSnapshot(287)) - omNode-1@group-523986131536-StateMachineUpdater: Took a snapshot at index 720
2023-03-29 22:45:36,789 [omNode-1@group-523986131536-StateMachineUpdater] INFO  impl.StateMachineUpdater (StateMachineUpdater.java:lambda$new$0(92)) - omNode-1@group-523986131536-StateMachineUpdater: snapshotIndex: updateIncreasingly -1 -> 720
2023-03-29 22:45:36,789 [omNode-1@group-523986131536-StateMachineUpdater] INFO  ratis.OzoneManagerStateMachine (OzoneManagerStateMachine.java:close(499)) - StateMachine has shutdown. Shutdown OzoneManager if not already shutdown.
2023-03-29 22:45:36,789 [omNode-1@group-523986131536-StateMachineUpdater] INFO  ratis.OzoneManagerDoubleBuffer (OzoneManagerDoubleBuffer.java:stopDaemon(540)) - Stopping OMDoubleBuffer flush thread
2023-03-29 22:45:36,789 [OMDoubleBufferFlushThread] INFO  ratis.OzoneManagerDoubleBuffer (OzoneManagerDoubleBuffer.java:canFlush(625)) - OMDoubleBuffer flush thread OMDoubleBufferFlushThread is interrupted and will exit.
2023-03-29 22:45:36,790 [omNode-1-impl-thread2] INFO  server.RaftServer$Division (ServerState.java:close(466)) - omNode-1@group-523986131536: closes. applyIndex: 720
2023-03-29 22:45:36,790 [omNode-1@group-523986131536-SegmentedRaftLogWorker] INFO  segmented.SegmentedRaftLogWorker (SegmentedRaftLogWorker.java:run(347)) - omNode-1@group-523986131536-SegmentedRaftLogWorker was interrupted, exiting. There are 0 tasks remaining in the queue.
2023-03-29 22:45:36,791 [omNode-1-impl-thread2] INFO  segmented.SegmentedRaftLogWorker (SegmentedRaftLogWorker.java:close(257)) - omNode-1@group-523986131536-SegmentedRaftLogWorker close()
2023-03-29 22:45:36,792 [JvmPauseMonitor0] INFO  util.JvmPauseMonitor (JvmPauseMonitor.java:run(111)) - JvmPauseMonitor-omNode-1: Stopped
2023-03-29 22:45:36,792 [Listener at 127.0.0.1/38933] INFO  ratis.OzoneManagerStateMachine (OzoneManagerStateMachine.java:close(499)) - StateMachine has shutdown. Shutdown OzoneManager if not already shutdown.
2023-03-29 22:45:36,792 [Listener at 127.0.0.1/38933] INFO  ratis.OzoneManagerDoubleBuffer (OzoneManagerDoubleBuffer.java:stopDaemon(549)) - OMDoubleBuffer flush thread is not running.
2023-03-29 22:45:36,793 [Listener at 127.0.0.1/38933] INFO  handler.ContextHandler (ContextHandler.java:doStop(1159)) - Stopped o.e.j.w.WebAppContext@4a314af{ozoneManager,/,null,STOPPED}{file:/home/runner/work/ozone/ozone/hadoop-ozone/integration-test/target/test-classes/webapps/ozoneManager}
2023-03-29 22:45:36,794 [Listener at 127.0.0.1/38933] INFO  server.AbstractConnector (AbstractConnector.java:doStop(383)) - Stopped ServerConnector@476bf67d{HTTP/1.1, (http/1.1)}{0.0.0.0:40007}
2023-03-29 22:45:36,794 [Listener at 127.0.0.1/38933] INFO  server.session (HouseKeeper.java:stopScavenging(149)) - node0 Stopped scavenging
2023-03-29 22:45:36,794 [Listener at 127.0.0.1/38933] INFO  handler.ContextHandler (ContextHandler.java:doStop(1159)) - Stopped o.e.j.s.ServletContextHandler@d552cbf{static,/static,file:///home/runner/work/ozone/ozone/hadoop-ozone/integration-test/target/test-classes/webapps/static,STOPPED}
2023-03-29 22:45:36,794 [Listener at 127.0.0.1/38933] INFO  handler.ContextHandler (ContextHandler.java:doStop(1159)) - Stopped o.e.j.s.ServletContextHandler@69dc041a{logs,/logs,file:///home/runner/work/ozone/ozone/hadoop-ozone/integration-test/target/log,STOPPED}
2023-03-29 22:45:36,800 [Listener at 127.0.0.1/38933] INFO  ozone.MiniOzoneHAClusterImpl (MiniOzoneHAClusterImpl.java:stop(312)) - Stopping the OzoneManager omNode-2
2023-03-29 22:45:36,801 [Listener at 127.0.0.1/38933] INFO  om.OzoneManager (OzoneManager.java:stop(2155)) - omNode-2[localhost:33001]: Stopping Ozone Manager
2023-03-29 22:45:36,801 [Listener at 127.0.0.1/38933] INFO  ipc.Server (Server.java:stop(3428)) - Stopping server on 33001
2023-03-29 22:45:36,802 [IPC Server listener on 33001] INFO  ipc.Server (Server.java:run(1384)) - Stopping IPC Server listener on 33001
2023-03-29 22:45:36,804 [IPC Server Responder] INFO  ipc.Server (Server.java:run(1517)) - Stopping IPC Server Responder
2023-03-29 22:45:36,805 [Listener at 127.0.0.1/38933] INFO  server.RaftServer (RaftServerProxy.java:lambda$close$6(409)) - omNode-2: close
2023-03-29 22:45:36,805 [omNode-2-impl-thread1] INFO  server.RaftServer$Division (RaftServerImpl.java:lambda$close$4(458)) - omNode-2@group-523986131536: shutdown
2023-03-29 22:45:36,805 [omNode-2-impl-thread1] INFO  util.JmxRegister (JmxRegister.java:unregister(73)) - Successfully un-registered JMX Bean with object name Ratis:service=RaftServer,group=group-523986131536,id=omNode-2
2023-03-29 22:45:36,805 [omNode-2-impl-thread1] INFO  impl.RoleInfo (RoleInfo.java:shutdownFollowerState(110)) - omNode-2: shutdown omNode-2@group-523986131536-FollowerState
2023-03-29 22:45:36,805 [omNode-2-impl-thread1] INFO  impl.StateMachineUpdater (StateMachineUpdater.java:stopAndJoin(153)) - omNode-2@group-523986131536-StateMachineUpdater: set stopIndex = 720
2023-03-29 22:45:36,805 [omNode-2@group-523986131536-FollowerState] INFO  impl.FollowerState (FollowerState.java:run(152)) - omNode-2@group-523986131536-FollowerState was interrupted
2023-03-29 22:45:36,805 [omNode-2@group-523986131536-StateMachineUpdater] INFO  ratis.OzoneManagerStateMachine (OzoneManagerStateMachine.java:takeSnapshot(445)) - Current Snapshot Index (t:1, i:720)
2023-03-29 22:45:36,805 [Listener at 127.0.0.1/38933] INFO  server.GrpcService (GrpcService.java:closeImpl(271)) - omNode-2: shutdown server GrpcServerProtocolService now
2023-03-29 22:45:36,810 [Listener at 127.0.0.1/38933] INFO  server.GrpcService (GrpcService.java:closeImpl(280)) - omNode-2: shutdown server GrpcServerProtocolService successfully
2023-03-29 22:45:36,819 [omNode-2@group-523986131536-StateMachineUpdater] INFO  impl.StateMachineUpdater (StateMachineUpdater.java:takeSnapshot(287)) - omNode-2@group-523986131536-StateMachineUpdater: Took a snapshot at index 720
2023-03-29 22:45:36,819 [omNode-2@group-523986131536-StateMachineUpdater] INFO  impl.StateMachineUpdater (StateMachineUpdater.java:lambda$new$0(92)) - omNode-2@group-523986131536-StateMachineUpdater: snapshotIndex: updateIncreasingly -1 -> 720
2023-03-29 22:45:36,819 [omNode-2@group-523986131536-StateMachineUpdater] INFO  ratis.OzoneManagerStateMachine (OzoneManagerStateMachine.java:close(499)) - StateMachine has shutdown. Shutdown OzoneManager if not already shutdown.
2023-03-29 22:45:36,819 [omNode-2@group-523986131536-StateMachineUpdater] INFO  ratis.OzoneManagerDoubleBuffer (OzoneManagerDoubleBuffer.java:stopDaemon(540)) - Stopping OMDoubleBuffer flush thread
2023-03-29 22:45:36,820 [OMDoubleBufferFlushThread] INFO  ratis.OzoneManagerDoubleBuffer (OzoneManagerDoubleBuffer.java:canFlush(625)) - OMDoubleBuffer flush thread OMDoubleBufferFlushThread is interrupted and will exit.
2023-03-29 22:45:36,820 [omNode-2-impl-thread1] INFO  server.RaftServer$Division (ServerState.java:close(466)) - omNode-2@group-523986131536: closes. applyIndex: 720
2023-03-29 22:45:36,821 [omNode-2@group-523986131536-SegmentedRaftLogWorker] INFO  segmented.SegmentedRaftLogWorker (SegmentedRaftLogWorker.java:run(347)) - omNode-2@group-523986131536-SegmentedRaftLogWorker was interrupted, exiting. There are 0 tasks remaining in the queue.
2023-03-29 22:45:36,821 [omNode-2-impl-thread1] INFO  segmented.SegmentedRaftLogWorker (SegmentedRaftLogWorker.java:close(257)) - omNode-2@group-523986131536-SegmentedRaftLogWorker close()
2023-03-29 22:45:36,822 [JvmPauseMonitor1] INFO  util.JvmPauseMonitor (JvmPauseMonitor.java:run(111)) - JvmPauseMonitor-omNode-2: Stopped
2023-03-29 22:45:36,822 [Listener at 127.0.0.1/38933] INFO  ratis.OzoneManagerStateMachine (OzoneManagerStateMachine.java:close(499)) - StateMachine has shutdown. Shutdown OzoneManager if not already shutdown.
2023-03-29 22:45:36,822 [Listener at 127.0.0.1/38933] INFO  ratis.OzoneManagerDoubleBuffer (OzoneManagerDoubleBuffer.java:stopDaemon(549)) - OMDoubleBuffer flush thread is not running.
2023-03-29 22:45:36,822 [Listener at 127.0.0.1/38933] INFO  utils.BackgroundService (BackgroundService.java:shutdown(141)) - Shutting down service KeyDeletingService
2023-03-29 22:45:36,823 [Listener at 127.0.0.1/38933] INFO  utils.BackgroundService (BackgroundService.java:shutdown(141)) - Shutting down service DirectoryDeletingService
2023-03-29 22:45:36,823 [Listener at 127.0.0.1/38933] INFO  utils.BackgroundService (BackgroundService.java:shutdown(141)) - Shutting down service OpenKeyCleanupService
2023-03-29 22:45:36,823 [Listener at 127.0.0.1/38933] INFO  utils.BackgroundService (BackgroundService.java:shutdown(141)) - Shutting down service SstFilteringService
2023-03-29 22:45:36,823 [Listener at 127.0.0.1/38933] INFO  utils.BackgroundService (BackgroundService.java:shutdown(141)) - Shutting down service SnapshotDeletingService
2023-03-29 22:45:36,824 [Listener at 127.0.0.1/38933] INFO  handler.ContextHandler (ContextHandler.java:doStop(1159)) - Stopped o.e.j.w.WebAppContext@7b742ec1{ozoneManager,/,null,STOPPED}{file:/home/runner/work/ozone/ozone/hadoop-ozone/integration-test/target/test-classes/webapps/ozoneManager}
2023-03-29 22:45:36,825 [Listener at 127.0.0.1/38933] INFO  server.AbstractConnector (AbstractConnector.java:doStop(383)) - Stopped ServerConnector@24623fe4{HTTP/1.1, (http/1.1)}{0.0.0.0:39323}
2023-03-29 22:45:36,826 [Listener at 127.0.0.1/38933] INFO  server.session (HouseKeeper.java:stopScavenging(149)) - node0 Stopped scavenging
2023-03-29 22:45:36,826 [Listener at 127.0.0.1/38933] INFO  handler.ContextHandler (ContextHandler.java:doStop(1159)) - Stopped o.e.j.s.ServletContextHandler@650d0a90{static,/static,file:///home/runner/work/ozone/ozone/hadoop-ozone/integration-test/target/test-classes/webapps/static,STOPPED}
2023-03-29 22:45:36,826 [Listener at 127.0.0.1/38933] INFO  handler.ContextHandler (ContextHandler.java:doStop(1159)) - Stopped o.e.j.s.ServletContextHandler@73e0cc07{logs,/logs,file:///home/runner/work/ozone/ozone/hadoop-ozone/integration-test/target/log,STOPPED}
2023-03-29 22:45:36,833 [Listener at 127.0.0.1/38933] INFO  ozone.MiniOzoneHAClusterImpl (MiniOzoneHAClusterImpl.java:stop(320)) - Stopping the StorageContainerManager ed302ae1-6089-435d-8ba1-94fa79a0c368
2023-03-29 22:45:36,833 [Listener at 127.0.0.1/38933] INFO  server.StorageContainerManager (StorageContainerManager.java:stop(1546)) - Container Balancer is not running.
2023-03-29 22:45:36,833 [Listener at 127.0.0.1/38933] INFO  server.StorageContainerManager (StorageContainerManager.java:stopReplicationManager(1660)) - Stopping Replication Manager Service.
2023-03-29 22:45:36,833 [Listener at 127.0.0.1/38933] INFO  replication.ReplicationManager (ReplicationManager.java:stop(310)) - Stopping Replication Monitor Thread.
2023-03-29 22:45:36,833 [Under Replicated Processor] WARN  replication.UnhealthyReplicationProcessor (UnhealthyReplicationProcessor.java:run(146)) - Under Replicated Processor interrupted. Exiting...
2023-03-29 22:45:36,834 [Over Replicated Processor] WARN  replication.UnhealthyReplicationProcessor (UnhealthyReplicationProcessor.java:run(146)) - Over Replicated Processor interrupted. Exiting...
2023-03-29 22:45:36,834 [ReplicationMonitor] INFO  replication.ReplicationManager (ReplicationManager.java:run(880)) - Replication Monitor Thread is stopped
2023-03-29 22:45:36,834 [Listener at 127.0.0.1/38933] INFO  server.StorageContainerManager (StorageContainerManager.java:stop(1555)) - Stopping the Datanode Admin Monitor.
2023-03-29 22:45:36,834 [Listener at 127.0.0.1/38933] INFO  server.StorageContainerManager (StorageContainerManager.java:stop(1562)) - Stopping datanode service RPC server
2023-03-29 22:45:36,834 [Listener at 127.0.0.1/38933] INFO  server.SCMDatanodeProtocolServer (SCMDatanodeProtocolServer.java:stop(424)) - Stopping the RPC server for DataNodes
2023-03-29 22:45:36,834 [Listener at 127.0.0.1/38933] INFO  ipc.Server (Server.java:stop(3428)) - Stopping server on 44471
2023-03-29 22:45:36,837 [IPC Server listener on 0] INFO  ipc.Server (Server.java:run(1384)) - Stopping IPC Server listener on 0
2023-03-29 22:45:36,837 [IPC Server Responder] INFO  ipc.Server (Server.java:run(1517)) - Stopping IPC Server Responder
2023-03-29 22:45:36,854 [SCM Heartbeat Processing Thread - 0] WARN  node.NodeStateManager (NodeStateManager.java:scheduleNextHealthCheck(870)) - Current Thread is interrupted, shutting down HB processing thread for Node Manager.
2023-03-29 22:45:36,855 [Listener at 127.0.0.1/38933] INFO  server.StorageContainerManager (StorageContainerManager.java:stop(1570)) - Stopping block service RPC server
2023-03-29 22:45:36,855 [Listener at 127.0.0.1/38933] INFO  server.SCMBlockProtocolServer (SCMBlockProtocolServer.java:stop(161)) - Stopping the RPC server for Block Protocol
2023-03-29 22:45:36,855 [Listener at 127.0.0.1/38933] INFO  ipc.Server (Server.java:stop(3428)) - Stopping server on 43699
2023-03-29 22:45:36,856 [IPC Server Responder] INFO  ipc.Server (Server.java:run(1517)) - Stopping IPC Server Responder
2023-03-29 22:45:36,856 [IPC Server listener on 0] INFO  ipc.Server (Server.java:run(1384)) - Stopping IPC Server listener on 0
2023-03-29 22:45:36,856 [Listener at 127.0.0.1/38933] INFO  server.StorageContainerManager (StorageContainerManager.java:stop(1577)) - Stopping the StorageContainerLocationProtocol RPC server
2023-03-29 22:45:36,857 [Listener at 127.0.0.1/38933] INFO  server.SCMClientProtocolServer (SCMClientProtocolServer.java:stop(206)) - Stopping the RPC server for Client Protocol
2023-03-29 22:45:36,857 [Listener at 127.0.0.1/38933] INFO  ipc.Server (Server.java:stop(3428)) - Stopping server on 45997
2023-03-29 22:45:36,859 [IPC Server listener on 0] INFO  ipc.Server (Server.java:run(1384)) - Stopping IPC Server listener on 0
2023-03-29 22:45:36,859 [Listener at 127.0.0.1/38933] INFO  server.StorageContainerManager (StorageContainerManager.java:stop(1584)) - Stopping Storage Container Manager HTTP server.
2023-03-29 22:45:36,860 [IPC Server Responder] INFO  ipc.Server (Server.java:run(1517)) - Stopping IPC Server Responder
2023-03-29 22:45:36,860 [Listener at 127.0.0.1/38933] INFO  handler.ContextHandler (ContextHandler.java:doStop(1159)) - Stopped o.e.j.w.WebAppContext@4bc75792{scm,/,null,STOPPED}{file:/home/runner/work/ozone/ozone/hadoop-ozone/integration-test/target/test-classes/webapps/scm}
2023-03-29 22:45:36,861 [Listener at 127.0.0.1/38933] INFO  server.AbstractConnector (AbstractConnector.java:doStop(383)) - Stopped ServerConnector@381f05a9{HTTP/1.1, (http/1.1)}{0.0.0.0:0}
2023-03-29 22:45:36,861 [Listener at 127.0.0.1/38933] INFO  server.session (HouseKeeper.java:stopScavenging(149)) - node0 Stopped scavenging
2023-03-29 22:45:36,861 [Listener at 127.0.0.1/38933] INFO  handler.ContextHandler (ContextHandler.java:doStop(1159)) - Stopped o.e.j.s.ServletContextHandler@30b0f674{static,/static,file:///home/runner/work/ozone/ozone/hadoop-ozone/integration-test/target/test-classes/webapps/static,STOPPED}
2023-03-29 22:45:36,862 [Listener at 127.0.0.1/38933] INFO  handler.ContextHandler (ContextHandler.java:doStop(1159)) - Stopped o.e.j.s.ServletContextHandler@643f8ebe{logs,/logs,file:///home/runner/work/ozone/ozone/hadoop-ozone/integration-test/target/log,STOPPED}
2023-03-29 22:45:36,862 [Listener at 127.0.0.1/38933] INFO  server.StorageContainerManager (StorageContainerManager.java:stop(1592)) - Stopping SCM LayoutVersionManager Service.
2023-03-29 22:45:36,863 [Listener at 127.0.0.1/38933] INFO  server.StorageContainerManager (StorageContainerManager.java:stop(1600)) - Stopping Block Manager Service.
2023-03-29 22:45:36,863 [Listener at 127.0.0.1/38933] INFO  utils.BackgroundService (BackgroundService.java:shutdown(141)) - Shutting down service SCMBlockDeletingService
2023-03-29 22:45:36,863 [Listener at 127.0.0.1/38933] INFO  utils.BackgroundService (BackgroundService.java:shutdown(141)) - Shutting down service SCMBlockDeletingService
2023-03-29 22:45:36,863 [Listener at 127.0.0.1/38933] INFO  server.StorageContainerManager (StorageContainerManager.java:stop(1622)) - Stopping SCM Event Queue.
2023-03-29 22:45:36,866 [Listener at 127.0.0.1/38933] INFO  server.StorageContainerManager (StorageContainerManager.java:stop(1633)) - Stopping SCM HA services.
2023-03-29 22:45:36,867 [Listener at 127.0.0.1/38933] INFO  pipeline.BackgroundPipelineCreator (BackgroundPipelineCreator.java:stop(149)) - Stopping RatisPipelineUtilsThread.
2023-03-29 22:45:36,867 [RatisPipelineUtilsThread - 0] WARN  pipeline.BackgroundPipelineCreator (BackgroundPipelineCreator.java:run(180)) - RatisPipelineUtilsThread is interrupted.
2023-03-29 22:45:36,867 [Listener at 127.0.0.1/38933] INFO  BackgroundPipelineScrubber (BackgroundSCMService.java:stop(131)) - Stopping BackgroundPipelineScrubber Service.
2023-03-29 22:45:36,868 [Listener at 127.0.0.1/38933] INFO  impl.MetricsSystemImpl (MetricsSystemImpl.java:stop(210)) - Stopping XceiverClientMetrics metrics system...
2023-03-29 22:45:36,870 [BackgroundPipelineScrubberThread] WARN  BackgroundPipelineScrubber (BackgroundSCMService.java:run(115)) - BackgroundPipelineScrubber is interrupted, exit
2023-03-29 22:45:36,888 [prometheus] INFO  impl.MetricsSinkAdapter (MetricsSinkAdapter.java:publishMetricsFromQueue(141)) - prometheus thread interrupted.
2023-03-29 22:45:36,888 [Listener at 127.0.0.1/38933] INFO  impl.MetricsSystemImpl (MetricsSystemImpl.java:stop(216)) - XceiverClientMetrics metrics system stopped.
2023-03-29 22:45:36,889 [Listener at 127.0.0.1/38933] WARN  pipeline.BackgroundPipelineCreator (BackgroundPipelineCreator.java:stop(145)) - RatisPipelineUtilsThread is not running, just ignore.
2023-03-29 22:45:36,889 [Listener at 127.0.0.1/38933] INFO  BackgroundPipelineScrubber (BackgroundSCMService.java:stop(126)) - BackgroundPipelineScrubber Service is not running, skip stop.
2023-03-29 22:45:36,889 [Listener at 127.0.0.1/38933] INFO  ExpiredContainerReplicaOpScrubber (BackgroundSCMService.java:stop(131)) - Stopping ExpiredContainerReplicaOpScrubber Service.
2023-03-29 22:45:36,889 [ExpiredContainerReplicaOpScrubberThread] WARN  ExpiredContainerReplicaOpScrubber (BackgroundSCMService.java:run(115)) - ExpiredContainerReplicaOpScrubber is interrupted, exit
2023-03-29 22:45:36,889 [Listener at 127.0.0.1/38933] INFO  utils.BackgroundService (BackgroundService.java:shutdown(141)) - Shutting down service SCMBlockDeletingService
2023-03-29 22:45:36,890 [Listener at 127.0.0.1/38933] INFO  replication.ReplicationManager (ReplicationManager.java:stop(320)) - Replication Monitor Thread is not running.
2023-03-29 22:45:36,890 [Listener at 127.0.0.1/38933] WARN  balancer.ContainerBalancer (ContainerBalancer.java:stop(324)) - Cannot stop Container Balancer because it's not running or stopping
2023-03-29 22:45:36,890 [Listener at 127.0.0.1/38933] INFO  server.StorageContainerManager (StorageContainerManager.java:stop(1651)) - Stopping SCM MetadataStore.
2023-03-29 22:45:36,891 [Listener at 127.0.0.1/38933] INFO  ozone.MiniOzoneClusterImpl (MiniOzoneClusterImpl.java:stop(471)) - Stopping the Mini Ozone Cluster
2023-03-29 22:45:36,891 [Listener at 127.0.0.1/38933] INFO  ozone.MiniOzoneClusterImpl (MiniOzoneClusterImpl.java:stopDatanodes(530)) - Stopping the HddsDatanodes
2023-03-29 22:45:36,894 [ForkJoinPool.commonPool-worker-0] INFO  ozoneimpl.OzoneContainer (OzoneContainer.java:stop(419)) - Attempting to stop container services.
2023-03-29 22:45:36,895 [Listener at 127.0.0.1/38933] INFO  ozoneimpl.OzoneContainer (OzoneContainer.java:stop(419)) - Attempting to stop container services.
2023-03-29 22:45:36,895 [ForkJoinPool.commonPool-worker-0] INFO  server.RaftServer (RaftServerProxy.java:lambda$close$6(409)) - e2c212f3-f97c-4b95-9960-0e6b8b9bb499: close
2023-03-29 22:45:36,896 [e2c212f3-f97c-4b95-9960-0e6b8b9bb499-impl-thread1] INFO  server.RaftServer$Division (RaftServerImpl.java:lambda$close$4(458)) - e2c212f3-f97c-4b95-9960-0e6b8b9bb499@group-31CA30E27658: shutdown
2023-03-29 22:45:36,896 [e2c212f3-f97c-4b95-9960-0e6b8b9bb499-impl-thread1] INFO  util.JmxRegister (JmxRegister.java:unregister(73)) - Successfully un-registered JMX Bean with object name Ratis:service=RaftServer,group=group-31CA30E27658,id=e2c212f3-f97c-4b95-9960-0e6b8b9bb499
2023-03-29 22:45:36,896 [e2c212f3-f97c-4b95-9960-0e6b8b9bb499-impl-thread1] INFO  impl.RoleInfo (RoleInfo.java:shutdownLeaderState(93)) - e2c212f3-f97c-4b95-9960-0e6b8b9bb499: shutdown e2c212f3-f97c-4b95-9960-0e6b8b9bb499@group-31CA30E27658-LeaderStateImpl
2023-03-29 22:45:36,896 [e2c212f3-f97c-4b95-9960-0e6b8b9bb499-impl-thread1] INFO  impl.PendingRequests (PendingRequests.java:sendNotLeaderResponses(282)) - e2c212f3-f97c-4b95-9960-0e6b8b9bb499@group-31CA30E27658-PendingRequests: sendNotLeaderResponses
2023-03-29 22:45:36,898 [Listener at 127.0.0.1/38933] INFO  server.RaftServer (RaftServerProxy.java:lambda$close$6(409)) - c28f674d-4a3a-4611-831e-e7d010a6b2ef: close
2023-03-29 22:45:36,899 [e2c212f3-f97c-4b95-9960-0e6b8b9bb499-impl-thread1] INFO  impl.StateMachineUpdater (StateMachineUpdater.java:stopAndJoin(153)) - e2c212f3-f97c-4b95-9960-0e6b8b9bb499@group-31CA30E27658-StateMachineUpdater: set stopIndex = 0
2023-03-29 22:45:36,899 [e2c212f3-f97c-4b95-9960-0e6b8b9bb499@group-31CA30E27658-StateMachineUpdater] INFO  ratis.ContainerStateMachine (ContainerStateMachine.java:takeSnapshot(330)) - group-31CA30E27658: Taking a snapshot at:(t:1, i:0) file /home/runner/work/ozone/ozone/hadoop-ozone/integration-test/target/test-dir/MiniOzoneClusterImpl-bcbc84c2-519e-42a0-a817-fd35ffaa666a/datanode-0/data/ratis/1c7758a1-6cfc-4365-b996-31ca30e27658/sm/snapshot.1_0
2023-03-29 22:45:36,900 [e2c212f3-f97c-4b95-9960-0e6b8b9bb499-impl-thread2] INFO  server.RaftServer$Division (RaftServerImpl.java:lambda$close$4(458)) - e2c212f3-f97c-4b95-9960-0e6b8b9bb499@group-B7C4666D76D8: shutdown
2023-03-29 22:45:36,900 [e2c212f3-f97c-4b95-9960-0e6b8b9bb499-impl-thread2] INFO  util.JmxRegister (JmxRegister.java:unregister(73)) - Successfully un-registered JMX Bean with object name Ratis:service=RaftServer,group=group-B7C4666D76D8,id=e2c212f3-f97c-4b95-9960-0e6b8b9bb499
2023-03-29 22:45:36,900 [e2c212f3-f97c-4b95-9960-0e6b8b9bb499-impl-thread2] INFO  impl.RoleInfo (RoleInfo.java:shutdownFollowerState(110)) - e2c212f3-f97c-4b95-9960-0e6b8b9bb499: shutdown e2c212f3-f97c-4b95-9960-0e6b8b9bb499@group-B7C4666D76D8-FollowerState
2023-03-29 22:45:36,900 [ForkJoinPool.commonPool-worker-0] INFO  server.GrpcService (GrpcService.java:closeImpl(271)) - e2c212f3-f97c-4b95-9960-0e6b8b9bb499: shutdown server GrpcServerProtocolService now
2023-03-29 22:45:36,900 [e2c212f3-f97c-4b95-9960-0e6b8b9bb499@group-B7C4666D76D8-FollowerState] INFO  impl.FollowerState (FollowerState.java:run(152)) - e2c212f3-f97c-4b95-9960-0e6b8b9bb499@group-B7C4666D76D8-FollowerState was interrupted
2023-03-29 22:45:36,900 [e2c212f3-f97c-4b95-9960-0e6b8b9bb499@group-B7C4666D76D8-StateMachineUpdater] INFO  ratis.ContainerStateMachine (ContainerStateMachine.java:takeSnapshot(330)) - group-B7C4666D76D8: Taking a snapshot at:(t:1, i:199) file /home/runner/work/ozone/ozone/hadoop-ozone/integration-test/target/test-dir/MiniOzoneClusterImpl-bcbc84c2-519e-42a0-a817-fd35ffaa666a/datanode-0/data/ratis/a216516e-edd3-4b56-a7b7-b7c4666d76d8/sm/snapshot.1_199
2023-03-29 22:45:36,901 [e2c212f3-f97c-4b95-9960-0e6b8b9bb499-impl-thread2] INFO  impl.StateMachineUpdater (StateMachineUpdater.java:stopAndJoin(153)) - e2c212f3-f97c-4b95-9960-0e6b8b9bb499@group-B7C4666D76D8-StateMachineUpdater: set stopIndex = 199
2023-03-29 22:45:36,901 [e2c212f3-f97c-4b95-9960-0e6b8b9bb499-impl-thread3] INFO  server.RaftServer$Division (RaftServerImpl.java:lambda$close$4(458)) - e2c212f3-f97c-4b95-9960-0e6b8b9bb499@group-F6B997106ACD: shutdown
2023-03-29 22:45:36,901 [e2c212f3-f97c-4b95-9960-0e6b8b9bb499-impl-thread3] INFO  util.JmxRegister (JmxRegister.java:unregister(73)) - Successfully un-registered JMX Bean with object name Ratis:service=RaftServer,group=group-F6B997106ACD,id=e2c212f3-f97c-4b95-9960-0e6b8b9bb499
2023-03-29 22:45:36,901 [e2c212f3-f97c-4b95-9960-0e6b8b9bb499-impl-thread3] INFO  impl.RoleInfo (RoleInfo.java:shutdownLeaderState(93)) - e2c212f3-f97c-4b95-9960-0e6b8b9bb499: shutdown e2c212f3-f97c-4b95-9960-0e6b8b9bb499@group-F6B997106ACD-LeaderStateImpl
2023-03-29 22:45:36,901 [e2c212f3-f97c-4b95-9960-0e6b8b9bb499@group-F6B997106ACD->c28f674d-4a3a-4611-831e-e7d010a6b2ef-GrpcLogAppender-LogAppenderDaemon] WARN  server.GrpcLogAppender (GrpcLogAppender.java:mayWait(200)) - e2c212f3-f97c-4b95-9960-0e6b8b9bb499@group-F6B997106ACD->c28f674d-4a3a-4611-831e-e7d010a6b2ef-GrpcLogAppender: Wait interrupted by java.lang.InterruptedException
2023-03-29 22:45:36,901 [e2c212f3-f97c-4b95-9960-0e6b8b9bb499@group-F6B997106ACD->9b024938-399e-4224-b1ed-691dfeb324e1-GrpcLogAppender-LogAppenderDaemon] WARN  server.GrpcLogAppender (GrpcLogAppender.java:mayWait(200)) - e2c212f3-f97c-4b95-9960-0e6b8b9bb499@group-F6B997106ACD->9b024938-399e-4224-b1ed-691dfeb324e1-GrpcLogAppender: Wait interrupted by java.lang.InterruptedException
2023-03-29 22:45:36,902 [e2c212f3-f97c-4b95-9960-0e6b8b9bb499-impl-thread3] INFO  impl.PendingRequests (PendingRequests.java:sendNotLeaderResponses(282)) - e2c212f3-f97c-4b95-9960-0e6b8b9bb499@group-F6B997106ACD-PendingRequests: sendNotLeaderResponses
2023-03-29 22:45:36,902 [grpc-default-executor-6] INFO  server.GrpcServerProtocolService (GrpcServerProtocolService.java:onCompleted(143)) - 9b024938-399e-4224-b1ed-691dfeb324e1: Completed APPEND_ENTRIES, lastRequest: e2c212f3-f97c-4b95-9960-0e6b8b9bb499->9b024938-399e-4224-b1ed-691dfeb324e1#2633-t1,previous=(t:1, i:193),leaderCommit=193,initializing? true,entries: size=1, first=(t:1, i:194), METADATAENTRY(c:193)
2023-03-29 22:45:36,903 [grpc-default-executor-5] INFO  server.GrpcServerProtocolService (GrpcServerProtocolService.java:onCompleted(143)) - c28f674d-4a3a-4611-831e-e7d010a6b2ef: Completed APPEND_ENTRIES, lastRequest: e2c212f3-f97c-4b95-9960-0e6b8b9bb499->c28f674d-4a3a-4611-831e-e7d010a6b2ef#2791-t1,previous=(t:1, i:193),leaderCommit=193,initializing? true,entries: size=1, first=(t:1, i:194), METADATAENTRY(c:193)
2023-03-29 22:45:36,903 [grpc-default-executor-0] INFO  server.GrpcLogAppender (GrpcLogAppender.java:onCompleted(415)) - e2c212f3-f97c-4b95-9960-0e6b8b9bb499@group-F6B997106ACD->c28f674d-4a3a-4611-831e-e7d010a6b2ef-AppendLogResponseHandler: follower responses appendEntries COMPLETED
2023-03-29 22:45:36,903 [grpc-default-executor-0] INFO  leader.FollowerInfo (FollowerInfoImpl.java:lambda$new$0(48)) - e2c212f3-f97c-4b95-9960-0e6b8b9bb499@group-F6B997106ACD->c28f674d-4a3a-4611-831e-e7d010a6b2ef: nextIndex: updateUnconditionally 195 -> 194
2023-03-29 22:45:36,904 [grpc-default-executor-4] INFO  server.GrpcServerProtocolService (GrpcServerProtocolService.java:onCompleted(143)) - 9b024938-399e-4224-b1ed-691dfeb324e1: Completed APPEND_ENTRIES, lastRequest: null
2023-03-29 22:45:36,904 [grpc-default-executor-1] INFO  server.GrpcLogAppender (GrpcLogAppender.java:onCompleted(415)) - e2c212f3-f97c-4b95-9960-0e6b8b9bb499@group-F6B997106ACD->9b024938-399e-4224-b1ed-691dfeb324e1-AppendLogResponseHandler: follower responses appendEntries COMPLETED
2023-03-29 22:45:36,904 [grpc-default-executor-1] INFO  leader.FollowerInfo (FollowerInfoImpl.java:lambda$new$0(48)) - e2c212f3-f97c-4b95-9960-0e6b8b9bb499@group-F6B997106ACD->9b024938-399e-4224-b1ed-691dfeb324e1: nextIndex: updateUnconditionally 195 -> 194
2023-03-29 22:45:36,904 [grpc-default-executor-6] INFO  server.GrpcServerProtocolService (GrpcServerProtocolService.java:onCompleted(143)) - c28f674d-4a3a-4611-831e-e7d010a6b2ef: Completed APPEND_ENTRIES, lastRequest: null
2023-03-29 22:45:36,909 [grpc-default-executor-5] INFO  server.GrpcLogAppender (GrpcLogAppender.java:onCompleted(415)) - e2c212f3-f97c-4b95-9960-0e6b8b9bb499@group-F6B997106ACD->c28f674d-4a3a-4611-831e-e7d010a6b2ef-AppendLogResponseHandler: follower responses appendEntries COMPLETED
2023-03-29 22:45:36,909 [grpc-default-executor-5] INFO  leader.FollowerInfo (FollowerInfoImpl.java:lambda$new$0(48)) - e2c212f3-f97c-4b95-9960-0e6b8b9bb499@group-F6B997106ACD->c28f674d-4a3a-4611-831e-e7d010a6b2ef: nextIndex: updateUnconditionally 194 -> 193
2023-03-29 22:45:36,909 [c28f674d-4a3a-4611-831e-e7d010a6b2ef-impl-thread1] INFO  server.RaftServer$Division (RaftServerImpl.java:lambda$close$4(458)) - c28f674d-4a3a-4611-831e-e7d010a6b2ef@group-B7C4666D76D8: shutdown
2023-03-29 22:45:36,909 [c28f674d-4a3a-4611-831e-e7d010a6b2ef-impl-thread1] INFO  util.JmxRegister (JmxRegister.java:unregister(73)) - Successfully un-registered JMX Bean with object name Ratis:service=RaftServer,group=group-B7C4666D76D8,id=c28f674d-4a3a-4611-831e-e7d010a6b2ef
2023-03-29 22:45:36,909 [c28f674d-4a3a-4611-831e-e7d010a6b2ef-impl-thread1] INFO  impl.RoleInfo (RoleInfo.java:shutdownFollowerState(110)) - c28f674d-4a3a-4611-831e-e7d010a6b2ef: shutdown c28f674d-4a3a-4611-831e-e7d010a6b2ef@group-B7C4666D76D8-FollowerState
2023-03-29 22:45:36,913 [c28f674d-4a3a-4611-831e-e7d010a6b2ef-impl-thread2] INFO  server.RaftServer$Division (RaftServerImpl.java:lambda$close$4(458)) - c28f674d-4a3a-4611-831e-e7d010a6b2ef@group-AE24D76C8237: shutdown
2023-03-29 22:45:36,913 [c28f674d-4a3a-4611-831e-e7d010a6b2ef-impl-thread2] INFO  util.JmxRegister (JmxRegister.java:unregister(73)) - Successfully un-registered JMX Bean with object name Ratis:service=RaftServer,group=group-AE24D76C8237,id=c28f674d-4a3a-4611-831e-e7d010a6b2ef
2023-03-29 22:45:36,913 [c28f674d-4a3a-4611-831e-e7d010a6b2ef-impl-thread2] INFO  impl.RoleInfo (RoleInfo.java:shutdownLeaderState(93)) - c28f674d-4a3a-4611-831e-e7d010a6b2ef: shutdown c28f674d-4a3a-4611-831e-e7d010a6b2ef@group-AE24D76C8237-LeaderStateImpl
2023-03-29 22:45:36,913 [c28f674d-4a3a-4611-831e-e7d010a6b2ef-impl-thread2] INFO  impl.PendingRequests (PendingRequests.java:sendNotLeaderResponses(282)) - c28f674d-4a3a-4611-831e-e7d010a6b2ef@group-AE24D76C8237-PendingRequests: sendNotLeaderResponses
2023-03-29 22:45:36,914 [c28f674d-4a3a-4611-831e-e7d010a6b2ef-impl-thread2] INFO  impl.StateMachineUpdater (StateMachineUpdater.java:stopAndJoin(153)) - c28f674d-4a3a-4611-831e-e7d010a6b2ef@group-AE24D76C8237-StateMachineUpdater: set stopIndex = 0
2023-03-29 22:45:36,914 [c28f674d-4a3a-4611-831e-e7d010a6b2ef@group-AE24D76C8237-StateMachineUpdater] INFO  ratis.ContainerStateMachine (ContainerStateMachine.java:takeSnapshot(330)) - group-AE24D76C8237: Taking a snapshot at:(t:1, i:0) file /home/runner/work/ozone/ozone/hadoop-ozone/integration-test/target/test-dir/MiniOzoneClusterImpl-bcbc84c2-519e-42a0-a817-fd35ffaa666a/datanode-1/data/ratis/09fca888-0dde-4d17-808e-ae24d76c8237/sm/snapshot.1_0
2023-03-29 22:45:36,918 [Listener at 127.0.0.1/38933] INFO  server.GrpcService (GrpcService.java:closeImpl(271)) - c28f674d-4a3a-4611-831e-e7d010a6b2ef: shutdown server GrpcServerProtocolService now
2023-03-29 22:45:36,923 [ForkJoinPool.commonPool-worker-0] INFO  server.GrpcServerProtocolClient (GrpcServerProtocolClient.java:close(101)) - c28f674d-4a3a-4611-831e-e7d010a6b2ef Close channels
2023-03-29 22:45:36,924 [grpc-default-executor-1] WARN  server.GrpcServerProtocolService (LogUtils.java:warn(122)) - e2c212f3-f97c-4b95-9960-0e6b8b9bb499: installSnapshot onError, lastRequest: 9b024938-399e-4224-b1ed-691dfeb324e1->e2c212f3-f97c-4b95-9960-0e6b8b9bb499#2347-t1,previous=(t:1, i:198),leaderCommit=197,initializing? true,entries: size=1, first=(t:1, i:199), METADATAENTRY(c:197): org.apache.ratis.thirdparty.io.grpc.StatusRuntimeException: CANCELLED: client cancelled
2023-03-29 22:45:36,924 [grpc-default-executor-6] INFO  server.GrpcLogAppender (GrpcLogAppender.java:onCompleted(415)) - e2c212f3-f97c-4b95-9960-0e6b8b9bb499@group-F6B997106ACD->9b024938-399e-4224-b1ed-691dfeb324e1-AppendLogResponseHandler: follower responses appendEntries COMPLETED
2023-03-29 22:45:36,924 [grpc-default-executor-6] INFO  leader.FollowerInfo (FollowerInfoImpl.java:lambda$new$0(48)) - e2c212f3-f97c-4b95-9960-0e6b8b9bb499@group-F6B997106ACD->9b024938-399e-4224-b1ed-691dfeb324e1: nextIndex: updateUnconditionally 194 -> 193
2023-03-29 22:45:36,924 [grpc-default-executor-2] WARN  server.GrpcServerProtocolService (LogUtils.java:warn(122)) - e2c212f3-f97c-4b95-9960-0e6b8b9bb499: installSnapshot onError, lastRequest: null: org.apache.ratis.thirdparty.io.grpc.StatusRuntimeException: CANCELLED: client cancelled
2023-03-29 22:45:36,925 [e2c212f3-f97c-4b95-9960-0e6b8b9bb499-impl-thread3] INFO  impl.StateMachineUpdater (StateMachineUpdater.java:stopAndJoin(153)) - e2c212f3-f97c-4b95-9960-0e6b8b9bb499@group-F6B997106ACD-StateMachineUpdater: set stopIndex = 194
2023-03-29 22:45:36,925 [grpc-default-executor-4] WARN  server.GrpcServerProtocolService (LogUtils.java:warn(122)) - c28f674d-4a3a-4611-831e-e7d010a6b2ef: installSnapshot onError, lastRequest: 9b024938-399e-4224-b1ed-691dfeb324e1->c28f674d-4a3a-4611-831e-e7d010a6b2ef#2357-t1,previous=(t:1, i:198),leaderCommit=197,initializing? true,entries: size=1, first=(t:1, i:199), METADATAENTRY(c:197): org.apache.ratis.thirdparty.io.grpc.StatusRuntimeException: CANCELLED: client cancelled
2023-03-29 22:45:36,925 [c28f674d-4a3a-4611-831e-e7d010a6b2ef-impl-thread3] INFO  server.RaftServer$Division (RaftServerImpl.java:lambda$close$4(458)) - c28f674d-4a3a-4611-831e-e7d010a6b2ef@group-F6B997106ACD: shutdown
2023-03-29 22:45:36,926 [c28f674d-4a3a-4611-831e-e7d010a6b2ef-impl-thread3] INFO  util.JmxRegister (JmxRegister.java:unregister(73)) - Successfully un-registered JMX Bean with object name Ratis:service=RaftServer,group=group-F6B997106ACD,id=c28f674d-4a3a-4611-831e-e7d010a6b2ef
2023-03-29 22:45:36,926 [c28f674d-4a3a-4611-831e-e7d010a6b2ef-impl-thread3] INFO  impl.RoleInfo (RoleInfo.java:shutdownFollowerState(110)) - c28f674d-4a3a-4611-831e-e7d010a6b2ef: shutdown c28f674d-4a3a-4611-831e-e7d010a6b2ef@group-F6B997106ACD-FollowerState
2023-03-29 22:45:36,926 [c28f674d-4a3a-4611-831e-e7d010a6b2ef-impl-thread3] INFO  impl.StateMachineUpdater (StateMachineUpdater.java:stopAndJoin(153)) - c28f674d-4a3a-4611-831e-e7d010a6b2ef@group-F6B997106ACD-StateMachineUpdater: set stopIndex = 194
2023-03-29 22:45:36,926 [c28f674d-4a3a-4611-831e-e7d010a6b2ef@group-F6B997106ACD-StateMachineUpdater] INFO  ratis.ContainerStateMachine (ContainerStateMachine.java:takeSnapshot(330)) - group-F6B997106ACD: Taking a snapshot at:(t:1, i:194) file /home/runner/work/ozone/ozone/hadoop-ozone/integration-test/target/test-dir/MiniOzoneClusterImpl-bcbc84c2-519e-42a0-a817-fd35ffaa666a/datanode-1/data/ratis/bb7b0d16-1b5a-4e79-9195-f6b997106acd/sm/snapshot.1_194
2023-03-29 22:45:36,926 [grpc-default-executor-0] WARN  server.GrpcLogAppender (LogUtils.java:warn(122)) - 9b024938-399e-4224-b1ed-691dfeb324e1@group-B7C4666D76D8->e2c212f3-f97c-4b95-9960-0e6b8b9bb499-AppendLogResponseHandler: Failed appendEntries: org.apache.ratis.thirdparty.io.grpc.StatusRuntimeException: CANCELLED: RST_STREAM closed stream. HTTP/2 error code: CANCEL
2023-03-29 22:45:36,926 [c28f674d-4a3a-4611-831e-e7d010a6b2ef@group-F6B997106ACD-FollowerState] INFO  impl.FollowerState (FollowerState.java:run(152)) - c28f674d-4a3a-4611-831e-e7d010a6b2ef@group-F6B997106ACD-FollowerState was interrupted
2023-03-29 22:45:36,926 [grpc-default-executor-0] INFO  leader.FollowerInfo (FollowerInfoImpl.java:lambda$new$0(48)) - 9b024938-399e-4224-b1ed-691dfeb324e1@group-B7C4666D76D8->e2c212f3-f97c-4b95-9960-0e6b8b9bb499: nextIndex: updateUnconditionally 200 -> 199
2023-03-29 22:45:36,926 [e2c212f3-f97c-4b95-9960-0e6b8b9bb499@group-F6B997106ACD-StateMachineUpdater] INFO  ratis.ContainerStateMachine (ContainerStateMachine.java:takeSnapshot(330)) - group-F6B997106ACD: Taking a snapshot at:(t:1, i:194) file /home/runner/work/ozone/ozone/hadoop-ozone/integration-test/target/test-dir/MiniOzoneClusterImpl-bcbc84c2-519e-42a0-a817-fd35ffaa666a/datanode-0/data/ratis/bb7b0d16-1b5a-4e79-9195-f6b997106acd/sm/snapshot.1_194
2023-03-29 22:45:36,927 [c28f674d-4a3a-4611-831e-e7d010a6b2ef-impl-thread1] INFO  impl.StateMachineUpdater (StateMachineUpdater.java:stopAndJoin(153)) - c28f674d-4a3a-4611-831e-e7d010a6b2ef@group-B7C4666D76D8-StateMachineUpdater: set stopIndex = 199
2023-03-29 22:45:36,927 [c28f674d-4a3a-4611-831e-e7d010a6b2ef@group-B7C4666D76D8-FollowerState] INFO  impl.FollowerState (FollowerState.java:run(152)) - c28f674d-4a3a-4611-831e-e7d010a6b2ef@group-B7C4666D76D8-FollowerState was interrupted
2023-03-29 22:45:36,927 [c28f674d-4a3a-4611-831e-e7d010a6b2ef@group-B7C4666D76D8-StateMachineUpdater] INFO  ratis.ContainerStateMachine (ContainerStateMachine.java:takeSnapshot(330)) - group-B7C4666D76D8: Taking a snapshot at:(t:1, i:199) file /home/runner/work/ozone/ozone/hadoop-ozone/integration-test/target/test-dir/MiniOzoneClusterImpl-bcbc84c2-519e-42a0-a817-fd35ffaa666a/datanode-1/data/ratis/a216516e-edd3-4b56-a7b7-b7c4666d76d8/sm/snapshot.1_199
2023-03-29 22:45:36,930 [grpc-default-executor-5] WARN  server.GrpcLogAppender (LogUtils.java:warn(122)) - 9b024938-399e-4224-b1ed-691dfeb324e1@group-B7C4666D76D8->e2c212f3-f97c-4b95-9960-0e6b8b9bb499-AppendLogResponseHandler: Failed appendEntries: org.apache.ratis.thirdparty.io.grpc.StatusRuntimeException: CANCELLED: RST_STREAM closed stream. HTTP/2 error code: CANCEL
2023-03-29 22:45:36,930 [grpc-default-executor-5] INFO  leader.FollowerInfo (FollowerInfoImpl.java:lambda$new$0(48)) - 9b024938-399e-4224-b1ed-691dfeb324e1@group-B7C4666D76D8->e2c212f3-f97c-4b95-9960-0e6b8b9bb499: nextIndex: updateUnconditionally 200 -> 199
2023-03-29 22:45:36,939 [grpc-default-executor-4] WARN  server.GrpcServerProtocolService (LogUtils.java:warn(122)) - c28f674d-4a3a-4611-831e-e7d010a6b2ef: installSnapshot onError, lastRequest: null: org.apache.ratis.thirdparty.io.grpc.StatusRuntimeException: CANCELLED: client cancelled
2023-03-29 22:45:36,940 [grpc-default-executor-2] WARN  server.GrpcLogAppender (LogUtils.java:warn(122)) - 9b024938-399e-4224-b1ed-691dfeb324e1@group-B7C4666D76D8->c28f674d-4a3a-4611-831e-e7d010a6b2ef-AppendLogResponseHandler: Failed appendEntries: org.apache.ratis.thirdparty.io.grpc.StatusRuntimeException: CANCELLED: RST_STREAM closed stream. HTTP/2 error code: CANCEL
2023-03-29 22:45:36,940 [grpc-default-executor-2] INFO  leader.FollowerInfo (FollowerInfoImpl.java:lambda$new$0(48)) - 9b024938-399e-4224-b1ed-691dfeb324e1@group-B7C4666D76D8->c28f674d-4a3a-4611-831e-e7d010a6b2ef: nextIndex: updateUnconditionally 200 -> 199
2023-03-29 22:45:36,940 [Listener at 127.0.0.1/38933] INFO  server.GrpcService (GrpcService.java:closeImpl(280)) - c28f674d-4a3a-4611-831e-e7d010a6b2ef: shutdown server GrpcServerProtocolService successfully
2023-03-29 22:45:36,940 [c28f674d-4a3a-4611-831e-e7d010a6b2ef-NettyServerStreamRpc-bossGroup--thread1] INFO  logging.LoggingHandler (AbstractInternalLogger.java:log(148)) - [id: 0x2eb47769, L:/0:0:0:0:0:0:0:0:46543] CLOSE
2023-03-29 22:45:36,940 [grpc-default-executor-2] WARN  server.GrpcLogAppender (LogUtils.java:warn(122)) - 9b024938-399e-4224-b1ed-691dfeb324e1@group-B7C4666D76D8->e2c212f3-f97c-4b95-9960-0e6b8b9bb499-AppendLogResponseHandler: Failed appendEntries: org.apache.ratis.thirdparty.io.grpc.StatusRuntimeException: UNAVAILABLE: io exception
2023-03-29 22:45:36,941 [c28f674d-4a3a-4611-831e-e7d010a6b2ef-NettyServerStreamRpc-bossGroup--thread1] INFO  logging.LoggingHandler (AbstractInternalLogger.java:log(148)) - [id: 0x2eb47769, L:/0:0:0:0:0:0:0:0:46543] INACTIVE
2023-03-29 22:45:36,941 [c28f674d-4a3a-4611-831e-e7d010a6b2ef-NettyServerStreamRpc-bossGroup--thread1] INFO  logging.LoggingHandler (AbstractInternalLogger.java:log(148)) - [id: 0x2eb47769, L:/0:0:0:0:0:0:0:0:46543] UNREGISTERED
2023-03-29 22:45:36,941 [grpc-default-executor-2] INFO  leader.FollowerInfo (FollowerInfoImpl.java:lambda$new$0(48)) - 9b024938-399e-4224-b1ed-691dfeb324e1@group-B7C4666D76D8->e2c212f3-f97c-4b95-9960-0e6b8b9bb499: nextIndex: updateUnconditionally 199 -> 198
2023-03-29 22:45:36,969 [ForkJoinPool.commonPool-worker-0] INFO  server.GrpcServerProtocolClient (GrpcServerProtocolClient.java:close(101)) - 9b024938-399e-4224-b1ed-691dfeb324e1 Close channels
2023-03-29 22:45:36,970 [grpc-default-executor-5] WARN  server.GrpcLogAppender (LogUtils.java:warn(122)) - 9b024938-399e-4224-b1ed-691dfeb324e1@group-B7C4666D76D8->c28f674d-4a3a-4611-831e-e7d010a6b2ef-AppendLogResponseHandler: Failed appendEntries: org.apache.ratis.thirdparty.io.grpc.StatusRuntimeException: CANCELLED: RST_STREAM closed stream. HTTP/2 error code: CANCEL
2023-03-29 22:45:36,970 [grpc-default-executor-5] INFO  leader.FollowerInfo (FollowerInfoImpl.java:lambda$new$0(48)) - 9b024938-399e-4224-b1ed-691dfeb324e1@group-B7C4666D76D8->c28f674d-4a3a-4611-831e-e7d010a6b2ef: nextIndex: updateUnconditionally 200 -> 199
2023-03-29 22:45:36,971 [grpc-default-executor-4] WARN  server.GrpcLogAppender (LogUtils.java:warn(122)) - 9b024938-399e-4224-b1ed-691dfeb324e1@group-B7C4666D76D8->e2c212f3-f97c-4b95-9960-0e6b8b9bb499-AppendLogResponseHandler: Failed appendEntries: org.apache.ratis.thirdparty.io.grpc.StatusRuntimeException: UNAVAILABLE: io exception
2023-03-29 22:45:36,971 [grpc-default-executor-4] INFO  leader.FollowerInfo (FollowerInfoImpl.java:lambda$new$0(48)) - 9b024938-399e-4224-b1ed-691dfeb324e1@group-B7C4666D76D8->e2c212f3-f97c-4b95-9960-0e6b8b9bb499: nextIndex: updateUnconditionally 198 -> 197
2023-03-29 22:45:36,972 [grpc-default-executor-1] WARN  server.GrpcLogAppender (LogUtils.java:warn(122)) - 9b024938-399e-4224-b1ed-691dfeb324e1@group-B7C4666D76D8->c28f674d-4a3a-4611-831e-e7d010a6b2ef-AppendLogResponseHandler: Failed appendEntries: org.apache.ratis.thirdparty.io.grpc.StatusRuntimeException: UNAVAILABLE: io exception
2023-03-29 22:45:36,972 [grpc-default-executor-1] INFO  leader.FollowerInfo (FollowerInfoImpl.java:lambda$new$0(48)) - 9b024938-399e-4224-b1ed-691dfeb324e1@group-B7C4666D76D8->c28f674d-4a3a-4611-831e-e7d010a6b2ef: nextIndex: updateUnconditionally 199 -> 198
2023-03-29 22:45:36,973 [grpc-default-executor-4] WARN  server.GrpcLogAppender (LogUtils.java:warn(122)) - 9b024938-399e-4224-b1ed-691dfeb324e1@group-B7C4666D76D8->c28f674d-4a3a-4611-831e-e7d010a6b2ef-AppendLogResponseHandler: Failed appendEntries: org.apache.ratis.thirdparty.io.grpc.StatusRuntimeException: UNAVAILABLE: io exception
2023-03-29 22:45:36,973 [grpc-default-executor-4] INFO  leader.FollowerInfo (FollowerInfoImpl.java:lambda$new$0(48)) - 9b024938-399e-4224-b1ed-691dfeb324e1@group-B7C4666D76D8->c28f674d-4a3a-4611-831e-e7d010a6b2ef: nextIndex: updateUnconditionally 198 -> 197
2023-03-29 22:45:36,978 [ForkJoinPool.commonPool-worker-0] INFO  server.GrpcService (GrpcService.java:closeImpl(280)) - e2c212f3-f97c-4b95-9960-0e6b8b9bb499: shutdown server GrpcServerProtocolService successfully
2023-03-29 22:45:36,979 [e2c212f3-f97c-4b95-9960-0e6b8b9bb499-NettyServerStreamRpc-bossGroup--thread1] INFO  logging.LoggingHandler (AbstractInternalLogger.java:log(148)) - [id: 0x43f84e84, L:/0:0:0:0:0:0:0:0:41817] CLOSE
2023-03-29 22:45:36,979 [e2c212f3-f97c-4b95-9960-0e6b8b9bb499-NettyServerStreamRpc-bossGroup--thread1] INFO  logging.LoggingHandler (AbstractInternalLogger.java:log(148)) - [id: 0x43f84e84, L:/0:0:0:0:0:0:0:0:41817] INACTIVE
2023-03-29 22:45:36,979 [e2c212f3-f97c-4b95-9960-0e6b8b9bb499-NettyServerStreamRpc-bossGroup--thread1] INFO  logging.LoggingHandler (AbstractInternalLogger.java:log(148)) - [id: 0x43f84e84, L:/0:0:0:0:0:0:0:0:41817] UNREGISTERED
2023-03-29 22:45:36,983 [c28f674d-4a3a-4611-831e-e7d010a6b2ef@group-AE24D76C8237-StateMachineUpdater] INFO  ratis.ContainerStateMachine (ContainerStateMachine.java:takeSnapshot(341)) - group-AE24D76C8237: Finished taking a snapshot at:(t:1, i:0) file:/home/runner/work/ozone/ozone/hadoop-ozone/integration-test/target/test-dir/MiniOzoneClusterImpl-bcbc84c2-519e-42a0-a817-fd35ffaa666a/datanode-1/data/ratis/09fca888-0dde-4d17-808e-ae24d76c8237/sm/snapshot.1_0 took: 69 ms
2023-03-29 22:45:36,984 [c28f674d-4a3a-4611-831e-e7d010a6b2ef@group-AE24D76C8237-StateMachineUpdater] INFO  impl.StateMachineUpdater (StateMachineUpdater.java:takeSnapshot(287)) - c28f674d-4a3a-4611-831e-e7d010a6b2ef@group-AE24D76C8237-StateMachineUpdater: Took a snapshot at index 0
2023-03-29 22:45:36,984 [c28f674d-4a3a-4611-831e-e7d010a6b2ef@group-AE24D76C8237-StateMachineUpdater] INFO  impl.StateMachineUpdater (StateMachineUpdater.java:lambda$new$0(92)) - c28f674d-4a3a-4611-831e-e7d010a6b2ef@group-AE24D76C8237-StateMachineUpdater: snapshotIndex: updateIncreasingly -1 -> 0
2023-03-29 22:45:36,985 [e2c212f3-f97c-4b95-9960-0e6b8b9bb499@group-31CA30E27658-StateMachineUpdater] INFO  ratis.ContainerStateMachine (ContainerStateMachine.java:takeSnapshot(341)) - group-31CA30E27658: Finished taking a snapshot at:(t:1, i:0) file:/home/runner/work/ozone/ozone/hadoop-ozone/integration-test/target/test-dir/MiniOzoneClusterImpl-bcbc84c2-519e-42a0-a817-fd35ffaa666a/datanode-0/data/ratis/1c7758a1-6cfc-4365-b996-31ca30e27658/sm/snapshot.1_0 took: 86 ms
2023-03-29 22:45:36,985 [e2c212f3-f97c-4b95-9960-0e6b8b9bb499@group-31CA30E27658-StateMachineUpdater] INFO  impl.StateMachineUpdater (StateMachineUpdater.java:takeSnapshot(287)) - e2c212f3-f97c-4b95-9960-0e6b8b9bb499@group-31CA30E27658-StateMachineUpdater: Took a snapshot at index 0
2023-03-29 22:45:36,985 [e2c212f3-f97c-4b95-9960-0e6b8b9bb499@group-31CA30E27658-StateMachineUpdater] INFO  impl.StateMachineUpdater (StateMachineUpdater.java:lambda$new$0(92)) - e2c212f3-f97c-4b95-9960-0e6b8b9bb499@group-31CA30E27658-StateMachineUpdater: snapshotIndex: updateIncreasingly -1 -> 0
2023-03-29 22:45:36,993 [c28f674d-4a3a-4611-831e-e7d010a6b2ef-impl-thread2] INFO  server.RaftServer$Division (ServerState.java:close(466)) - c28f674d-4a3a-4611-831e-e7d010a6b2ef@group-AE24D76C8237: closes. applyIndex: 0
2023-03-29 22:45:36,994 [c28f674d-4a3a-4611-831e-e7d010a6b2ef@group-AE24D76C8237-SegmentedRaftLogWorker] INFO  segmented.SegmentedRaftLogWorker (SegmentedRaftLogWorker.java:run(347)) - c28f674d-4a3a-4611-831e-e7d010a6b2ef@group-AE24D76C8237-SegmentedRaftLogWorker was interrupted, exiting. There are 0 tasks remaining in the queue.
2023-03-29 22:45:36,994 [e2c212f3-f97c-4b95-9960-0e6b8b9bb499-impl-thread1] INFO  server.RaftServer$Division (ServerState.java:close(466)) - e2c212f3-f97c-4b95-9960-0e6b8b9bb499@group-31CA30E27658: closes. applyIndex: 0
2023-03-29 22:45:36,994 [c28f674d-4a3a-4611-831e-e7d010a6b2ef-impl-thread2] INFO  segmented.SegmentedRaftLogWorker (SegmentedRaftLogWorker.java:close(257)) - c28f674d-4a3a-4611-831e-e7d010a6b2ef@group-AE24D76C8237-SegmentedRaftLogWorker close()
2023-03-29 22:45:36,995 [e2c212f3-f97c-4b95-9960-0e6b8b9bb499@group-31CA30E27658-SegmentedRaftLogWorker] INFO  segmented.SegmentedRaftLogWorker (SegmentedRaftLogWorker.java:run(347)) - e2c212f3-f97c-4b95-9960-0e6b8b9bb499@group-31CA30E27658-SegmentedRaftLogWorker was interrupted, exiting. There are 0 tasks remaining in the queue.
2023-03-29 22:45:36,995 [e2c212f3-f97c-4b95-9960-0e6b8b9bb499-impl-thread1] INFO  segmented.SegmentedRaftLogWorker (SegmentedRaftLogWorker.java:close(257)) - e2c212f3-f97c-4b95-9960-0e6b8b9bb499@group-31CA30E27658-SegmentedRaftLogWorker close()
2023-03-29 22:45:36,997 [c28f674d-4a3a-4611-831e-e7d010a6b2ef@group-B7C4666D76D8-StateMachineUpdater] INFO  ratis.ContainerStateMachine (ContainerStateMachine.java:takeSnapshot(341)) - group-B7C4666D76D8: Finished taking a snapshot at:(t:1, i:199) file:/home/runner/work/ozone/ozone/hadoop-ozone/integration-test/target/test-dir/MiniOzoneClusterImpl-bcbc84c2-519e-42a0-a817-fd35ffaa666a/datanode-1/data/ratis/a216516e-edd3-4b56-a7b7-b7c4666d76d8/sm/snapshot.1_199 took: 70 ms
2023-03-29 22:45:36,997 [c28f674d-4a3a-4611-831e-e7d010a6b2ef@group-B7C4666D76D8-StateMachineUpdater] INFO  impl.StateMachineUpdater (StateMachineUpdater.java:takeSnapshot(287)) - c28f674d-4a3a-4611-831e-e7d010a6b2ef@group-B7C4666D76D8-StateMachineUpdater: Took a snapshot at index 199
2023-03-29 22:45:36,997 [c28f674d-4a3a-4611-831e-e7d010a6b2ef@group-B7C4666D76D8-StateMachineUpdater] INFO  impl.StateMachineUpdater (StateMachineUpdater.java:lambda$new$0(92)) - c28f674d-4a3a-4611-831e-e7d010a6b2ef@group-B7C4666D76D8-StateMachineUpdater: snapshotIndex: updateIncreasingly -1 -> 199
2023-03-29 22:45:36,997 [e2c212f3-f97c-4b95-9960-0e6b8b9bb499@group-B7C4666D76D8-StateMachineUpdater] INFO  ratis.ContainerStateMachine (ContainerStateMachine.java:takeSnapshot(341)) - group-B7C4666D76D8: Finished taking a snapshot at:(t:1, i:199) file:/home/runner/work/ozone/ozone/hadoop-ozone/integration-test/target/test-dir/MiniOzoneClusterImpl-bcbc84c2-519e-42a0-a817-fd35ffaa666a/datanode-0/data/ratis/a216516e-edd3-4b56-a7b7-b7c4666d76d8/sm/snapshot.1_199 took: 97 ms
2023-03-29 22:45:36,997 [c28f674d-4a3a-4611-831e-e7d010a6b2ef-impl-thread1] INFO  server.RaftServer$Division (ServerState.java:close(466)) - c28f674d-4a3a-4611-831e-e7d010a6b2ef@group-B7C4666D76D8: closes. applyIndex: 199
2023-03-29 22:45:36,997 [c28f674d-4a3a-4611-831e-e7d010a6b2ef@group-B7C4666D76D8-SegmentedRaftLogWorker] INFO  segmented.SegmentedRaftLogWorker (SegmentedRaftLogWorker.java:run(347)) - c28f674d-4a3a-4611-831e-e7d010a6b2ef@group-B7C4666D76D8-SegmentedRaftLogWorker was interrupted, exiting. There are 0 tasks remaining in the queue.
2023-03-29 22:45:36,998 [c28f674d-4a3a-4611-831e-e7d010a6b2ef-impl-thread1] INFO  segmented.SegmentedRaftLogWorker (SegmentedRaftLogWorker.java:close(257)) - c28f674d-4a3a-4611-831e-e7d010a6b2ef@group-B7C4666D76D8-SegmentedRaftLogWorker close()
2023-03-29 22:45:36,998 [e2c212f3-f97c-4b95-9960-0e6b8b9bb499@group-B7C4666D76D8-StateMachineUpdater] INFO  impl.StateMachineUpdater (StateMachineUpdater.java:takeSnapshot(287)) - e2c212f3-f97c-4b95-9960-0e6b8b9bb499@group-B7C4666D76D8-StateMachineUpdater: Took a snapshot at index 199
2023-03-29 22:45:36,998 [e2c212f3-f97c-4b95-9960-0e6b8b9bb499@group-B7C4666D76D8-StateMachineUpdater] INFO  impl.StateMachineUpdater (StateMachineUpdater.java:lambda$new$0(92)) - e2c212f3-f97c-4b95-9960-0e6b8b9bb499@group-B7C4666D76D8-StateMachineUpdater: snapshotIndex: updateIncreasingly -1 -> 199
2023-03-29 22:45:36,998 [c28f674d-4a3a-4611-831e-e7d010a6b2ef@group-F6B997106ACD-StateMachineUpdater] INFO  ratis.ContainerStateMachine (ContainerStateMachine.java:takeSnapshot(341)) - group-F6B997106ACD: Finished taking a snapshot at:(t:1, i:194) file:/home/runner/work/ozone/ozone/hadoop-ozone/integration-test/target/test-dir/MiniOzoneClusterImpl-bcbc84c2-519e-42a0-a817-fd35ffaa666a/datanode-1/data/ratis/bb7b0d16-1b5a-4e79-9195-f6b997106acd/sm/snapshot.1_194 took: 72 ms
2023-03-29 22:45:36,998 [c28f674d-4a3a-4611-831e-e7d010a6b2ef@group-F6B997106ACD-StateMachineUpdater] INFO  impl.StateMachineUpdater (StateMachineUpdater.java:takeSnapshot(287)) - c28f674d-4a3a-4611-831e-e7d010a6b2ef@group-F6B997106ACD-StateMachineUpdater: Took a snapshot at index 194
2023-03-29 22:45:36,999 [e2c212f3-f97c-4b95-9960-0e6b8b9bb499@group-F6B997106ACD-StateMachineUpdater] INFO  ratis.ContainerStateMachine (ContainerStateMachine.java:takeSnapshot(341)) - group-F6B997106ACD: Finished taking a snapshot at:(t:1, i:194) file:/home/runner/work/ozone/ozone/hadoop-ozone/integration-test/target/test-dir/MiniOzoneClusterImpl-bcbc84c2-519e-42a0-a817-fd35ffaa666a/datanode-0/data/ratis/bb7b0d16-1b5a-4e79-9195-f6b997106acd/sm/snapshot.1_194 took: 73 ms
2023-03-29 22:45:36,999 [e2c212f3-f97c-4b95-9960-0e6b8b9bb499@group-F6B997106ACD-StateMachineUpdater] INFO  impl.StateMachineUpdater (StateMachineUpdater.java:takeSnapshot(287)) - e2c212f3-f97c-4b95-9960-0e6b8b9bb499@group-F6B997106ACD-StateMachineUpdater: Took a snapshot at index 194
2023-03-29 22:45:36,999 [e2c212f3-f97c-4b95-9960-0e6b8b9bb499@group-F6B997106ACD-StateMachineUpdater] INFO  impl.StateMachineUpdater (StateMachineUpdater.java:lambda$new$0(92)) - e2c212f3-f97c-4b95-9960-0e6b8b9bb499@group-F6B997106ACD-StateMachineUpdater: snapshotIndex: updateIncreasingly -1 -> 194
2023-03-29 22:45:36,999 [e2c212f3-f97c-4b95-9960-0e6b8b9bb499-impl-thread2] INFO  server.RaftServer$Division (ServerState.java:close(466)) - e2c212f3-f97c-4b95-9960-0e6b8b9bb499@group-B7C4666D76D8: closes. applyIndex: 199
2023-03-29 22:45:36,999 [e2c212f3-f97c-4b95-9960-0e6b8b9bb499-impl-thread3] INFO  server.RaftServer$Division (ServerState.java:close(466)) - e2c212f3-f97c-4b95-9960-0e6b8b9bb499@group-F6B997106ACD: closes. applyIndex: 194
2023-03-29 22:45:36,999 [e2c212f3-f97c-4b95-9960-0e6b8b9bb499@group-F6B997106ACD-SegmentedRaftLogWorker] INFO  segmented.SegmentedRaftLogWorker (SegmentedRaftLogWorker.java:run(347)) - e2c212f3-f97c-4b95-9960-0e6b8b9bb499@group-F6B997106ACD-SegmentedRaftLogWorker was interrupted, exiting. There are 0 tasks remaining in the queue.
2023-03-29 22:45:36,999 [e2c212f3-f97c-4b95-9960-0e6b8b9bb499@group-B7C4666D76D8-SegmentedRaftLogWorker] INFO  segmented.SegmentedRaftLogWorker (SegmentedRaftLogWorker.java:run(347)) - e2c212f3-f97c-4b95-9960-0e6b8b9bb499@group-B7C4666D76D8-SegmentedRaftLogWorker was interrupted, exiting. There are 0 tasks remaining in the queue.
2023-03-29 22:45:37,000 [e2c212f3-f97c-4b95-9960-0e6b8b9bb499-impl-thread3] INFO  segmented.SegmentedRaftLogWorker (SegmentedRaftLogWorker.java:close(257)) - e2c212f3-f97c-4b95-9960-0e6b8b9bb499@group-F6B997106ACD-SegmentedRaftLogWorker close()
2023-03-29 22:45:37,000 [e2c212f3-f97c-4b95-9960-0e6b8b9bb499-impl-thread2] INFO  segmented.SegmentedRaftLogWorker (SegmentedRaftLogWorker.java:close(257)) - e2c212f3-f97c-4b95-9960-0e6b8b9bb499@group-B7C4666D76D8-SegmentedRaftLogWorker close()
2023-03-29 22:45:36,999 [c28f674d-4a3a-4611-831e-e7d010a6b2ef@group-F6B997106ACD-StateMachineUpdater] INFO  impl.StateMachineUpdater (StateMachineUpdater.java:lambda$new$0(92)) - c28f674d-4a3a-4611-831e-e7d010a6b2ef@group-F6B997106ACD-StateMachineUpdater: snapshotIndex: updateIncreasingly -1 -> 194
2023-03-29 22:45:37,001 [c28f674d-4a3a-4611-831e-e7d010a6b2ef-impl-thread3] INFO  server.RaftServer$Division (ServerState.java:close(466)) - c28f674d-4a3a-4611-831e-e7d010a6b2ef@group-F6B997106ACD: closes. applyIndex: 194
2023-03-29 22:45:37,001 [c28f674d-4a3a-4611-831e-e7d010a6b2ef@group-F6B997106ACD-SegmentedRaftLogWorker] INFO  segmented.SegmentedRaftLogWorker (SegmentedRaftLogWorker.java:run(347)) - c28f674d-4a3a-4611-831e-e7d010a6b2ef@group-F6B997106ACD-SegmentedRaftLogWorker was interrupted, exiting. There are 0 tasks remaining in the queue.
2023-03-29 22:45:37,001 [c28f674d-4a3a-4611-831e-e7d010a6b2ef-impl-thread3] INFO  segmented.SegmentedRaftLogWorker (SegmentedRaftLogWorker.java:close(257)) - c28f674d-4a3a-4611-831e-e7d010a6b2ef@group-F6B997106ACD-SegmentedRaftLogWorker close()
2023-03-29 22:45:37,008 [JvmPauseMonitor3] INFO  util.JvmPauseMonitor (JvmPauseMonitor.java:run(111)) - JvmPauseMonitor-e2c212f3-f97c-4b95-9960-0e6b8b9bb499: Stopped
2023-03-29 22:45:37,008 [JvmPauseMonitor4] INFO  util.JvmPauseMonitor (JvmPauseMonitor.java:run(111)) - JvmPauseMonitor-c28f674d-4a3a-4611-831e-e7d010a6b2ef: Stopped
2023-03-29 22:45:37,638 [EndpointStateMachine task thread for /0.0.0.0:44471 - 0 ] WARN  statemachine.EndpointStateMachine (EndpointStateMachine.java:logIfNeeded(242)) - Unable to communicate to SCM server at 0.0.0.0:44471 for past 0 seconds.
java.io.EOFException: End of File Exception between local host is: "fv-az377-460/10.1.0.40"; destination host is: "0.0.0.0":44471; : java.io.EOFException; For more details see:  http://wiki.apache.org/hadoop/EOFException
	at sun.reflect.NativeConstructorAccessorImpl.newInstance0(Native Method)
	at sun.reflect.NativeConstructorAccessorImpl.newInstance(NativeConstructorAccessorImpl.java:62)
	at sun.reflect.DelegatingConstructorAccessorImpl.newInstance(DelegatingConstructorAccessorImpl.java:45)
	at java.lang.reflect.Constructor.newInstance(Constructor.java:423)
	at org.apache.hadoop.net.NetUtils.wrapWithMessage(NetUtils.java:913)
	at org.apache.hadoop.net.NetUtils.wrapException(NetUtils.java:862)
	at org.apache.hadoop.ipc.Client.getRpcResponse(Client.java:1616)
	at org.apache.hadoop.ipc.Client.call(Client.java:1558)
	at org.apache.hadoop.ipc.Client.call(Client.java:1455)
	at org.apache.hadoop.ipc.ProtobufRpcEngine$Invoker.invoke(ProtobufRpcEngine.java:235)
	at org.apache.hadoop.ipc.ProtobufRpcEngine$Invoker.invoke(ProtobufRpcEngine.java:122)
	at com.sun.proxy.$Proxy55.submitRequest(Unknown Source)
	at org.apache.hadoop.ozone.protocolPB.StorageContainerDatanodeProtocolClientSideTranslatorPB.submitRequest(StorageContainerDatanodeProtocolClientSideTranslatorPB.java:117)
	at org.apache.hadoop.ozone.protocolPB.StorageContainerDatanodeProtocolClientSideTranslatorPB.sendHeartbeat(StorageContainerDatanodeProtocolClientSideTranslatorPB.java:149)
	at org.apache.hadoop.ozone.container.common.states.endpoint.HeartbeatEndpointTask.call(HeartbeatEndpointTask.java:185)
	at org.apache.hadoop.ozone.container.common.states.endpoint.HeartbeatEndpointTask.call(HeartbeatEndpointTask.java:87)
	at java.util.concurrent.FutureTask.run(FutureTask.java:266)
	at java.util.concurrent.ThreadPoolExecutor.runWorker(ThreadPoolExecutor.java:1149)
	at java.util.concurrent.ThreadPoolExecutor$Worker.run(ThreadPoolExecutor.java:624)
	at java.lang.Thread.run(Thread.java:750)
Caused by: java.io.EOFException
	at java.io.DataInputStream.readInt(DataInputStream.java:392)
	at org.apache.hadoop.ipc.Client$IpcStreams.readResponse(Client.java:1922)
	at org.apache.hadoop.ipc.Client$Connection.receiveRpcResponse(Client.java:1238)
	at org.apache.hadoop.ipc.Client$Connection.run(Client.java:1134)
2023-03-29 22:45:38,583 [grpc-default-executor-4] WARN  server.GrpcLogAppender (LogUtils.java:warn(122)) - 9b024938-399e-4224-b1ed-691dfeb324e1@group-B7C4666D76D8->e2c212f3-f97c-4b95-9960-0e6b8b9bb499-AppendLogResponseHandler: Failed appendEntries: org.apache.ratis.thirdparty.io.grpc.StatusRuntimeException: UNAVAILABLE: io exception
2023-03-29 22:45:38,583 [grpc-default-executor-6] WARN  server.GrpcLogAppender (LogUtils.java:warn(122)) - 9b024938-399e-4224-b1ed-691dfeb324e1@group-B7C4666D76D8->c28f674d-4a3a-4611-831e-e7d010a6b2ef-AppendLogResponseHandler: Failed appendEntries: org.apache.ratis.thirdparty.io.grpc.StatusRuntimeException: UNAVAILABLE: io exception
2023-03-29 22:45:38,584 [grpc-default-executor-4] INFO  leader.FollowerInfo (FollowerInfoImpl.java:lambda$new$0(48)) - 9b024938-399e-4224-b1ed-691dfeb324e1@group-B7C4666D76D8->e2c212f3-f97c-4b95-9960-0e6b8b9bb499: nextIndex: updateUnconditionally 197 -> 196
2023-03-29 22:45:38,584 [grpc-default-executor-5] WARN  server.GrpcLogAppender (LogUtils.java:warn(122)) - 9b024938-399e-4224-b1ed-691dfeb324e1@group-B7C4666D76D8->c28f674d-4a3a-4611-831e-e7d010a6b2ef-AppendLogResponseHandler: Failed appendEntries: org.apache.ratis.thirdparty.io.grpc.StatusRuntimeException: UNAVAILABLE: io exception
2023-03-29 22:45:38,584 [grpc-default-executor-6] INFO  leader.FollowerInfo (FollowerInfoImpl.java:lambda$new$0(48)) - 9b024938-399e-4224-b1ed-691dfeb324e1@group-B7C4666D76D8->c28f674d-4a3a-4611-831e-e7d010a6b2ef: nextIndex: updateUnconditionally 197 -> 196
2023-03-29 22:45:38,585 [grpc-default-executor-1] WARN  server.GrpcLogAppender (LogUtils.java:warn(122)) - 9b024938-399e-4224-b1ed-691dfeb324e1@group-B7C4666D76D8->e2c212f3-f97c-4b95-9960-0e6b8b9bb499-AppendLogResponseHandler: Failed appendEntries: org.apache.ratis.thirdparty.io.grpc.StatusRuntimeException: UNAVAILABLE: io exception
2023-03-29 22:45:38,585 [grpc-default-executor-1] INFO  leader.FollowerInfo (FollowerInfoImpl.java:lambda$new$0(48)) - 9b024938-399e-4224-b1ed-691dfeb324e1@group-B7C4666D76D8->e2c212f3-f97c-4b95-9960-0e6b8b9bb499: nextIndex: updateUnconditionally 196 -> 195
2023-03-29 22:45:38,586 [grpc-default-executor-5] INFO  leader.FollowerInfo (FollowerInfoImpl.java:lambda$new$0(48)) - 9b024938-399e-4224-b1ed-691dfeb324e1@group-B7C4666D76D8->c28f674d-4a3a-4611-831e-e7d010a6b2ef: nextIndex: updateUnconditionally 196 -> 195
2023-03-29 22:45:38,594 [grpc-default-executor-1] WARN  server.GrpcLogAppender (LogUtils.java:warn(122)) - 9b024938-399e-4224-b1ed-691dfeb324e1@group-B7C4666D76D8->c28f674d-4a3a-4611-831e-e7d010a6b2ef-AppendLogResponseHandler: Failed appendEntries: org.apache.ratis.thirdparty.io.grpc.StatusRuntimeException: UNAVAILABLE: io exception
2023-03-29 22:45:38,595 [grpc-default-executor-1] INFO  leader.FollowerInfo (FollowerInfoImpl.java:lambda$new$0(48)) - 9b024938-399e-4224-b1ed-691dfeb324e1@group-B7C4666D76D8->c28f674d-4a3a-4611-831e-e7d010a6b2ef: nextIndex: updateUnconditionally 196 -> 195
2023-03-29 22:45:38,595 [grpc-default-executor-6] WARN  server.GrpcLogAppender (LogUtils.java:warn(122)) - 9b024938-399e-4224-b1ed-691dfeb324e1@group-B7C4666D76D8->e2c212f3-f97c-4b95-9960-0e6b8b9bb499-AppendLogResponseHandler: Failed appendEntries: org.apache.ratis.thirdparty.io.grpc.StatusRuntimeException: UNAVAILABLE: io exception
2023-03-29 22:45:38,595 [grpc-default-executor-6] INFO  leader.FollowerInfo (FollowerInfoImpl.java:lambda$new$0(48)) - 9b024938-399e-4224-b1ed-691dfeb324e1@group-B7C4666D76D8->e2c212f3-f97c-4b95-9960-0e6b8b9bb499: nextIndex: updateUnconditionally 196 -> 195
2023-03-29 22:45:38,595 [grpc-default-executor-5] WARN  server.GrpcLogAppender (LogUtils.java:warn(122)) - 9b024938-399e-4224-b1ed-691dfeb324e1@group-B7C4666D76D8->c28f674d-4a3a-4611-831e-e7d010a6b2ef-AppendLogResponseHandler: Failed appendEntries: org.apache.ratis.thirdparty.io.grpc.StatusRuntimeException: UNAVAILABLE: io exception
2023-03-29 22:45:38,596 [grpc-default-executor-5] INFO  leader.FollowerInfo (FollowerInfoImpl.java:lambda$new$0(48)) - 9b024938-399e-4224-b1ed-691dfeb324e1@group-B7C4666D76D8->c28f674d-4a3a-4611-831e-e7d010a6b2ef: nextIndex: updateUnconditionally 195 -> 194
2023-03-29 22:45:38,596 [grpc-default-executor-4] WARN  server.GrpcLogAppender (LogUtils.java:warn(122)) - 9b024938-399e-4224-b1ed-691dfeb324e1@group-B7C4666D76D8->e2c212f3-f97c-4b95-9960-0e6b8b9bb499-AppendLogResponseHandler: Failed appendEntries: org.apache.ratis.thirdparty.io.grpc.StatusRuntimeException: UNAVAILABLE: io exception
2023-03-29 22:45:38,597 [grpc-default-executor-4] INFO  leader.FollowerInfo (FollowerInfoImpl.java:lambda$new$0(48)) - 9b024938-399e-4224-b1ed-691dfeb324e1@group-B7C4666D76D8->e2c212f3-f97c-4b95-9960-0e6b8b9bb499: nextIndex: updateUnconditionally 195 -> 194
2023-03-29 22:45:39,041 [Listener at 127.0.0.1/38933] INFO  volume.HddsVolume (HddsVolume.java:closeDbStore(437)) - SchemaV3 db is stopped at /home/runner/work/ozone/ozone/hadoop-ozone/integration-test/target/test-dir/MiniOzoneClusterImpl-bcbc84c2-519e-42a0-a817-fd35ffaa666a/datanode-1/data-0/containers/hdds/bcbc84c2-519e-42a0-a817-fd35ffaa666a/DS-c2f53d54-1581-4cbe-a12d-d26270ea6404/container.db for volume DS-c2f53d54-1581-4cbe-a12d-d26270ea6404
2023-03-29 22:45:39,042 [Listener at 127.0.0.1/38933] INFO  utils.BackgroundService (BackgroundService.java:shutdown(141)) - Shutting down service BlockDeletingService
2023-03-29 22:45:39,043 [Listener at 127.0.0.1/38933] INFO  utils.BackgroundService (BackgroundService.java:shutdown(141)) - Shutting down service StaleRecoveringContainerScrubbingService
2023-03-29 22:45:39,043 [ForkJoinPool.commonPool-worker-0] INFO  volume.HddsVolume (HddsVolume.java:closeDbStore(437)) - SchemaV3 db is stopped at /home/runner/work/ozone/ozone/hadoop-ozone/integration-test/target/test-dir/MiniOzoneClusterImpl-bcbc84c2-519e-42a0-a817-fd35ffaa666a/datanode-0/data-0/containers/hdds/bcbc84c2-519e-42a0-a817-fd35ffaa666a/DS-d9c6465e-605b-4ae7-b8e5-441bd5c72405/container.db for volume DS-d9c6465e-605b-4ae7-b8e5-441bd5c72405
2023-03-29 22:45:39,044 [ForkJoinPool.commonPool-worker-0] INFO  utils.BackgroundService (BackgroundService.java:shutdown(141)) - Shutting down service BlockDeletingService
2023-03-29 22:45:39,045 [ForkJoinPool.commonPool-worker-0] INFO  utils.BackgroundService (BackgroundService.java:shutdown(141)) - Shutting down service StaleRecoveringContainerScrubbingService
2023-03-29 22:45:39,045 [Listener at 127.0.0.1/38933] INFO  statemachine.DatanodeStateMachine (DatanodeStateMachine.java:stopDaemon(601)) - Ozone container server stopped.
2023-03-29 22:45:39,051 [ForkJoinPool.commonPool-worker-0] INFO  statemachine.DatanodeStateMachine (DatanodeStateMachine.java:stopDaemon(601)) - Ozone container server stopped.
2023-03-29 22:45:39,068 [Listener at 127.0.0.1/38933] INFO  handler.ContextHandler (ContextHandler.java:doStop(1159)) - Stopped o.e.j.w.WebAppContext@6b13054f{hddsDatanode,/,null,STOPPED}{jar:file:/home/runner/.m2/repository/org/apache/ozone/hdds-container-service/1.4.0-SNAPSHOT/hdds-container-service-1.4.0-SNAPSHOT.jar!/webapps/hddsDatanode}
2023-03-29 22:45:39,069 [Listener at 127.0.0.1/38933] INFO  server.AbstractConnector (AbstractConnector.java:doStop(383)) - Stopped ServerConnector@18b6704{HTTP/1.1, (http/1.1)}{0.0.0.0:0}
2023-03-29 22:45:39,069 [Listener at 127.0.0.1/38933] INFO  server.session (HouseKeeper.java:stopScavenging(149)) - node0 Stopped scavenging
2023-03-29 22:45:39,070 [Listener at 127.0.0.1/38933] INFO  handler.ContextHandler (ContextHandler.java:doStop(1159)) - Stopped o.e.j.s.ServletContextHandler@3a9358ae{static,/static,jar:file:/home/runner/.m2/repository/org/apache/ozone/hdds-container-service/1.4.0-SNAPSHOT/hdds-container-service-1.4.0-SNAPSHOT.jar!/webapps/static,STOPPED}
2023-03-29 22:45:39,070 [Listener at 127.0.0.1/38933] INFO  handler.ContextHandler (ContextHandler.java:doStop(1159)) - Stopped o.e.j.s.ServletContextHandler@76f51ce2{logs,/logs,file:///home/runner/work/ozone/ozone/hadoop-ozone/integration-test/target/log,STOPPED}
2023-03-29 22:45:39,077 [ForkJoinPool.commonPool-worker-0] INFO  handler.ContextHandler (ContextHandler.java:doStop(1159)) - Stopped o.e.j.w.WebAppContext@74443344{hddsDatanode,/,null,STOPPED}{jar:file:/home/runner/.m2/repository/org/apache/ozone/hdds-container-service/1.4.0-SNAPSHOT/hdds-container-service-1.4.0-SNAPSHOT.jar!/webapps/hddsDatanode}
2023-03-29 22:45:39,078 [ForkJoinPool.commonPool-worker-0] INFO  server.AbstractConnector (AbstractConnector.java:doStop(383)) - Stopped ServerConnector@74b4a3cf{HTTP/1.1, (http/1.1)}{0.0.0.0:0}
2023-03-29 22:45:39,079 [ForkJoinPool.commonPool-worker-0] INFO  server.session (HouseKeeper.java:stopScavenging(149)) - node0 Stopped scavenging
2023-03-29 22:45:39,080 [ForkJoinPool.commonPool-worker-0] INFO  handler.ContextHandler (ContextHandler.java:doStop(1159)) - Stopped o.e.j.s.ServletContextHandler@577e9f2f{static,/static,jar:file:/home/runner/.m2/repository/org/apache/ozone/hdds-container-service/1.4.0-SNAPSHOT/hdds-container-service-1.4.0-SNAPSHOT.jar!/webapps/static,STOPPED}
2023-03-29 22:45:39,080 [ForkJoinPool.commonPool-worker-0] INFO  handler.ContextHandler (ContextHandler.java:doStop(1159)) - Stopped o.e.j.s.ServletContextHandler@575517f4{logs,/logs,file:///home/runner/work/ozone/ozone/hadoop-ozone/integration-test/target/log,STOPPED}
2023-03-29 22:45:39,642 [Listener at 127.0.0.1/38933] INFO  ozoneimpl.OzoneContainer (OzoneContainer.java:stop(419)) - Attempting to stop container services.
2023-03-29 22:45:39,644 [Listener at 127.0.0.1/38933] INFO  server.RaftServer (RaftServerProxy.java:lambda$close$6(409)) - 9b024938-399e-4224-b1ed-691dfeb324e1: close
2023-03-29 22:45:39,644 [9b024938-399e-4224-b1ed-691dfeb324e1-impl-thread1] INFO  server.RaftServer$Division (RaftServerImpl.java:lambda$close$4(458)) - 9b024938-399e-4224-b1ed-691dfeb324e1@group-B7C4666D76D8: shutdown
2023-03-29 22:45:39,644 [9b024938-399e-4224-b1ed-691dfeb324e1-impl-thread2] INFO  server.RaftServer$Division (RaftServerImpl.java:lambda$close$4(458)) - 9b024938-399e-4224-b1ed-691dfeb324e1@group-E863D8147430: shutdown
2023-03-29 22:45:39,644 [EndpointStateMachine task thread for /0.0.0.0:44471 - 0 ] INFO  ipc.Client (Client.java:handleConnectionFailure(1010)) - Retrying connect to server: 0.0.0.0/0.0.0.0:44471. Already tried 0 time(s); retry policy is RetryUpToMaximumCountWithFixedSleep(maxRetries=15, sleepTime=1000 MILLISECONDS)
2023-03-29 22:45:39,645 [Listener at 127.0.0.1/38933] INFO  server.GrpcService (GrpcService.java:closeImpl(271)) - 9b024938-399e-4224-b1ed-691dfeb324e1: shutdown server GrpcServerProtocolService now
2023-03-29 22:45:39,650 [Listener at 127.0.0.1/38933] INFO  server.GrpcServerProtocolClient (GrpcServerProtocolClient.java:close(101)) - e2c212f3-f97c-4b95-9960-0e6b8b9bb499 Close channels
2023-03-29 22:45:39,651 [9b024938-399e-4224-b1ed-691dfeb324e1-impl-thread3] INFO  server.RaftServer$Division (RaftServerImpl.java:lambda$close$4(458)) - 9b024938-399e-4224-b1ed-691dfeb324e1@group-F6B997106ACD: shutdown
2023-03-29 22:45:39,651 [9b024938-399e-4224-b1ed-691dfeb324e1-impl-thread1] INFO  util.JmxRegister (JmxRegister.java:unregister(73)) - Successfully un-registered JMX Bean with object name Ratis:service=RaftServer,group=group-B7C4666D76D8,id=9b024938-399e-4224-b1ed-691dfeb324e1
2023-03-29 22:45:39,651 [9b024938-399e-4224-b1ed-691dfeb324e1-impl-thread1] INFO  impl.RoleInfo (RoleInfo.java:shutdownLeaderState(93)) - 9b024938-399e-4224-b1ed-691dfeb324e1: shutdown 9b024938-399e-4224-b1ed-691dfeb324e1@group-B7C4666D76D8-LeaderStateImpl
2023-03-29 22:45:39,651 [9b024938-399e-4224-b1ed-691dfeb324e1-impl-thread1] INFO  impl.PendingRequests (PendingRequests.java:sendNotLeaderResponses(282)) - 9b024938-399e-4224-b1ed-691dfeb324e1@group-B7C4666D76D8-PendingRequests: sendNotLeaderResponses
2023-03-29 22:45:39,651 [9b024938-399e-4224-b1ed-691dfeb324e1@group-B7C4666D76D8->e2c212f3-f97c-4b95-9960-0e6b8b9bb499-GrpcLogAppender-LogAppenderDaemon] WARN  server.GrpcLogAppender (GrpcLogAppender.java:mayWait(200)) - 9b024938-399e-4224-b1ed-691dfeb324e1@group-B7C4666D76D8->e2c212f3-f97c-4b95-9960-0e6b8b9bb499-GrpcLogAppender: Wait interrupted by java.lang.InterruptedException
2023-03-29 22:45:39,652 [9b024938-399e-4224-b1ed-691dfeb324e1-impl-thread2] INFO  util.JmxRegister (JmxRegister.java:unregister(73)) - Successfully un-registered JMX Bean with object name Ratis:service=RaftServer,group=group-E863D8147430,id=9b024938-399e-4224-b1ed-691dfeb324e1
2023-03-29 22:45:39,652 [9b024938-399e-4224-b1ed-691dfeb324e1-impl-thread2] INFO  impl.RoleInfo (RoleInfo.java:shutdownLeaderState(93)) - 9b024938-399e-4224-b1ed-691dfeb324e1: shutdown 9b024938-399e-4224-b1ed-691dfeb324e1@group-E863D8147430-LeaderStateImpl
2023-03-29 22:45:39,652 [9b024938-399e-4224-b1ed-691dfeb324e1-impl-thread2] INFO  impl.PendingRequests (PendingRequests.java:sendNotLeaderResponses(282)) - 9b024938-399e-4224-b1ed-691dfeb324e1@group-E863D8147430-PendingRequests: sendNotLeaderResponses
2023-03-29 22:45:39,652 [9b024938-399e-4224-b1ed-691dfeb324e1-impl-thread2] INFO  impl.StateMachineUpdater (StateMachineUpdater.java:stopAndJoin(153)) - 9b024938-399e-4224-b1ed-691dfeb324e1@group-E863D8147430-StateMachineUpdater: set stopIndex = 0
2023-03-29 22:45:39,657 [Listener at 127.0.0.1/38933] INFO  server.GrpcServerProtocolClient (GrpcServerProtocolClient.java:close(101)) - c28f674d-4a3a-4611-831e-e7d010a6b2ef Close channels
2023-03-29 22:45:39,657 [Listener at 127.0.0.1/38933] INFO  server.GrpcService (GrpcService.java:closeImpl(280)) - 9b024938-399e-4224-b1ed-691dfeb324e1: shutdown server GrpcServerProtocolService successfully
2023-03-29 22:45:39,657 [9b024938-399e-4224-b1ed-691dfeb324e1@group-B7C4666D76D8->c28f674d-4a3a-4611-831e-e7d010a6b2ef-GrpcLogAppender-LogAppenderDaemon] WARN  server.GrpcLogAppender (GrpcLogAppender.java:mayWait(200)) - 9b024938-399e-4224-b1ed-691dfeb324e1@group-B7C4666D76D8->c28f674d-4a3a-4611-831e-e7d010a6b2ef-GrpcLogAppender: Wait interrupted by java.lang.InterruptedException
2023-03-29 22:45:39,651 [9b024938-399e-4224-b1ed-691dfeb324e1-impl-thread3] INFO  util.JmxRegister (JmxRegister.java:unregister(73)) - Successfully un-registered JMX Bean with object name Ratis:service=RaftServer,group=group-F6B997106ACD,id=9b024938-399e-4224-b1ed-691dfeb324e1
2023-03-29 22:45:39,658 [9b024938-399e-4224-b1ed-691dfeb324e1-impl-thread3] INFO  impl.RoleInfo (RoleInfo.java:shutdownFollowerState(110)) - 9b024938-399e-4224-b1ed-691dfeb324e1: shutdown 9b024938-399e-4224-b1ed-691dfeb324e1@group-F6B997106ACD-FollowerState
2023-03-29 22:45:39,658 [9b024938-399e-4224-b1ed-691dfeb324e1-impl-thread3] INFO  impl.StateMachineUpdater (StateMachineUpdater.java:stopAndJoin(153)) - 9b024938-399e-4224-b1ed-691dfeb324e1@group-F6B997106ACD-StateMachineUpdater: set stopIndex = 194
2023-03-29 22:45:39,658 [9b024938-399e-4224-b1ed-691dfeb324e1-NettyServerStreamRpc-bossGroup--thread1] INFO  logging.LoggingHandler (AbstractInternalLogger.java:log(148)) - [id: 0x420cf7f0, L:/0:0:0:0:0:0:0:0:34389] CLOSE
2023-03-29 22:45:39,658 [9b024938-399e-4224-b1ed-691dfeb324e1@group-F6B997106ACD-StateMachineUpdater] INFO  ratis.ContainerStateMachine (ContainerStateMachine.java:takeSnapshot(330)) - group-F6B997106ACD: Taking a snapshot at:(t:1, i:194) file /home/runner/work/ozone/ozone/hadoop-ozone/integration-test/target/test-dir/MiniOzoneClusterImpl-bcbc84c2-519e-42a0-a817-fd35ffaa666a/datanode-2/data/ratis/bb7b0d16-1b5a-4e79-9195-f6b997106acd/sm/snapshot.1_194
2023-03-29 22:45:39,658 [9b024938-399e-4224-b1ed-691dfeb324e1-NettyServerStreamRpc-bossGroup--thread1] INFO  logging.LoggingHandler (AbstractInternalLogger.java:log(148)) - [id: 0x420cf7f0, L:/0:0:0:0:0:0:0:0:34389] INACTIVE
2023-03-29 22:45:39,658 [9b024938-399e-4224-b1ed-691dfeb324e1-NettyServerStreamRpc-bossGroup--thread1] INFO  logging.LoggingHandler (AbstractInternalLogger.java:log(148)) - [id: 0x420cf7f0, L:/0:0:0:0:0:0:0:0:34389] UNREGISTERED
2023-03-29 22:45:39,658 [9b024938-399e-4224-b1ed-691dfeb324e1@group-F6B997106ACD-FollowerState] INFO  impl.FollowerState (FollowerState.java:run(152)) - 9b024938-399e-4224-b1ed-691dfeb324e1@group-F6B997106ACD-FollowerState was interrupted
2023-03-29 22:45:39,659 [9b024938-399e-4224-b1ed-691dfeb324e1@group-E863D8147430-StateMachineUpdater] INFO  ratis.ContainerStateMachine (ContainerStateMachine.java:takeSnapshot(330)) - group-E863D8147430: Taking a snapshot at:(t:1, i:0) file /home/runner/work/ozone/ozone/hadoop-ozone/integration-test/target/test-dir/MiniOzoneClusterImpl-bcbc84c2-519e-42a0-a817-fd35ffaa666a/datanode-2/data/ratis/2a537744-3b4a-4381-8c75-e863d8147430/sm/snapshot.1_0
2023-03-29 22:45:39,660 [9b024938-399e-4224-b1ed-691dfeb324e1-impl-thread1] INFO  impl.StateMachineUpdater (StateMachineUpdater.java:stopAndJoin(153)) - 9b024938-399e-4224-b1ed-691dfeb324e1@group-B7C4666D76D8-StateMachineUpdater: set stopIndex = 199
2023-03-29 22:45:39,660 [9b024938-399e-4224-b1ed-691dfeb324e1@group-B7C4666D76D8-StateMachineUpdater] INFO  ratis.ContainerStateMachine (ContainerStateMachine.java:takeSnapshot(330)) - group-B7C4666D76D8: Taking a snapshot at:(t:1, i:199) file /home/runner/work/ozone/ozone/hadoop-ozone/integration-test/target/test-dir/MiniOzoneClusterImpl-bcbc84c2-519e-42a0-a817-fd35ffaa666a/datanode-2/data/ratis/a216516e-edd3-4b56-a7b7-b7c4666d76d8/sm/snapshot.1_199
2023-03-29 22:45:39,661 [9b024938-399e-4224-b1ed-691dfeb324e1@group-F6B997106ACD-StateMachineUpdater] INFO  ratis.ContainerStateMachine (ContainerStateMachine.java:takeSnapshot(341)) - group-F6B997106ACD: Finished taking a snapshot at:(t:1, i:194) file:/home/runner/work/ozone/ozone/hadoop-ozone/integration-test/target/test-dir/MiniOzoneClusterImpl-bcbc84c2-519e-42a0-a817-fd35ffaa666a/datanode-2/data/ratis/bb7b0d16-1b5a-4e79-9195-f6b997106acd/sm/snapshot.1_194 took: 3 ms
2023-03-29 22:45:39,662 [9b024938-399e-4224-b1ed-691dfeb324e1@group-F6B997106ACD-StateMachineUpdater] INFO  impl.StateMachineUpdater (StateMachineUpdater.java:takeSnapshot(287)) - 9b024938-399e-4224-b1ed-691dfeb324e1@group-F6B997106ACD-StateMachineUpdater: Took a snapshot at index 194
2023-03-29 22:45:39,662 [9b024938-399e-4224-b1ed-691dfeb324e1@group-F6B997106ACD-StateMachineUpdater] INFO  impl.StateMachineUpdater (StateMachineUpdater.java:lambda$new$0(92)) - 9b024938-399e-4224-b1ed-691dfeb324e1@group-F6B997106ACD-StateMachineUpdater: snapshotIndex: updateIncreasingly -1 -> 194
2023-03-29 22:45:39,662 [9b024938-399e-4224-b1ed-691dfeb324e1@group-B7C4666D76D8-StateMachineUpdater] INFO  ratis.ContainerStateMachine (ContainerStateMachine.java:takeSnapshot(341)) - group-B7C4666D76D8: Finished taking a snapshot at:(t:1, i:199) file:/home/runner/work/ozone/ozone/hadoop-ozone/integration-test/target/test-dir/MiniOzoneClusterImpl-bcbc84c2-519e-42a0-a817-fd35ffaa666a/datanode-2/data/ratis/a216516e-edd3-4b56-a7b7-b7c4666d76d8/sm/snapshot.1_199 took: 1 ms
2023-03-29 22:45:39,662 [9b024938-399e-4224-b1ed-691dfeb324e1@group-E863D8147430-StateMachineUpdater] INFO  ratis.ContainerStateMachine (ContainerStateMachine.java:takeSnapshot(341)) - group-E863D8147430: Finished taking a snapshot at:(t:1, i:0) file:/home/runner/work/ozone/ozone/hadoop-ozone/integration-test/target/test-dir/MiniOzoneClusterImpl-bcbc84c2-519e-42a0-a817-fd35ffaa666a/datanode-2/data/ratis/2a537744-3b4a-4381-8c75-e863d8147430/sm/snapshot.1_0 took: 3 ms
2023-03-29 22:45:39,662 [9b024938-399e-4224-b1ed-691dfeb324e1@group-B7C4666D76D8-StateMachineUpdater] INFO  impl.StateMachineUpdater (StateMachineUpdater.java:takeSnapshot(287)) - 9b024938-399e-4224-b1ed-691dfeb324e1@group-B7C4666D76D8-StateMachineUpdater: Took a snapshot at index 199
2023-03-29 22:45:39,662 [9b024938-399e-4224-b1ed-691dfeb324e1@group-B7C4666D76D8-StateMachineUpdater] INFO  impl.StateMachineUpdater (StateMachineUpdater.java:lambda$new$0(92)) - 9b024938-399e-4224-b1ed-691dfeb324e1@group-B7C4666D76D8-StateMachineUpdater: snapshotIndex: updateIncreasingly -1 -> 199
2023-03-29 22:45:39,662 [9b024938-399e-4224-b1ed-691dfeb324e1@group-E863D8147430-StateMachineUpdater] INFO  impl.StateMachineUpdater (StateMachineUpdater.java:takeSnapshot(287)) - 9b024938-399e-4224-b1ed-691dfeb324e1@group-E863D8147430-StateMachineUpdater: Took a snapshot at index 0
2023-03-29 22:45:39,663 [9b024938-399e-4224-b1ed-691dfeb324e1@group-E863D8147430-StateMachineUpdater] INFO  impl.StateMachineUpdater (StateMachineUpdater.java:lambda$new$0(92)) - 9b024938-399e-4224-b1ed-691dfeb324e1@group-E863D8147430-StateMachineUpdater: snapshotIndex: updateIncreasingly -1 -> 0
2023-03-29 22:45:39,664 [9b024938-399e-4224-b1ed-691dfeb324e1-impl-thread2] INFO  server.RaftServer$Division (ServerState.java:close(466)) - 9b024938-399e-4224-b1ed-691dfeb324e1@group-E863D8147430: closes. applyIndex: 0
2023-03-29 22:45:39,664 [9b024938-399e-4224-b1ed-691dfeb324e1@group-E863D8147430-SegmentedRaftLogWorker] INFO  segmented.SegmentedRaftLogWorker (SegmentedRaftLogWorker.java:run(347)) - 9b024938-399e-4224-b1ed-691dfeb324e1@group-E863D8147430-SegmentedRaftLogWorker was interrupted, exiting. There are 0 tasks remaining in the queue.
2023-03-29 22:45:39,665 [9b024938-399e-4224-b1ed-691dfeb324e1-impl-thread2] INFO  segmented.SegmentedRaftLogWorker (SegmentedRaftLogWorker.java:close(257)) - 9b024938-399e-4224-b1ed-691dfeb324e1@group-E863D8147430-SegmentedRaftLogWorker close()
2023-03-29 22:45:39,670 [9b024938-399e-4224-b1ed-691dfeb324e1-impl-thread1] INFO  server.RaftServer$Division (ServerState.java:close(466)) - 9b024938-399e-4224-b1ed-691dfeb324e1@group-B7C4666D76D8: closes. applyIndex: 199
2023-03-29 22:45:39,670 [9b024938-399e-4224-b1ed-691dfeb324e1@group-B7C4666D76D8-SegmentedRaftLogWorker] INFO  segmented.SegmentedRaftLogWorker (SegmentedRaftLogWorker.java:run(347)) - 9b024938-399e-4224-b1ed-691dfeb324e1@group-B7C4666D76D8-SegmentedRaftLogWorker was interrupted, exiting. There are 0 tasks remaining in the queue.
2023-03-29 22:45:39,670 [9b024938-399e-4224-b1ed-691dfeb324e1-impl-thread3] INFO  server.RaftServer$Division (ServerState.java:close(466)) - 9b024938-399e-4224-b1ed-691dfeb324e1@group-F6B997106ACD: closes. applyIndex: 194
2023-03-29 22:45:39,670 [9b024938-399e-4224-b1ed-691dfeb324e1@group-F6B997106ACD-SegmentedRaftLogWorker] INFO  segmented.SegmentedRaftLogWorker (SegmentedRaftLogWorker.java:run(347)) - 9b024938-399e-4224-b1ed-691dfeb324e1@group-F6B997106ACD-SegmentedRaftLogWorker was interrupted, exiting. There are 0 tasks remaining in the queue.
2023-03-29 22:45:39,670 [9b024938-399e-4224-b1ed-691dfeb324e1-impl-thread3] INFO  segmented.SegmentedRaftLogWorker (SegmentedRaftLogWorker.java:close(257)) - 9b024938-399e-4224-b1ed-691dfeb324e1@group-F6B997106ACD-SegmentedRaftLogWorker close()
2023-03-29 22:45:39,673 [9b024938-399e-4224-b1ed-691dfeb324e1-impl-thread1] INFO  segmented.SegmentedRaftLogWorker (SegmentedRaftLogWorker.java:close(257)) - 9b024938-399e-4224-b1ed-691dfeb324e1@group-B7C4666D76D8-SegmentedRaftLogWorker close()
2023-03-29 22:45:39,677 [JvmPauseMonitor5] INFO  util.JvmPauseMonitor (JvmPauseMonitor.java:run(111)) - JvmPauseMonitor-9b024938-399e-4224-b1ed-691dfeb324e1: Stopped
2023-03-29 22:45:40,645 [EndpointStateMachine task thread for /0.0.0.0:44471 - 0 ] INFO  ipc.Client (Client.java:handleConnectionFailure(1010)) - Retrying connect to server: 0.0.0.0/0.0.0.0:44471. Already tried 1 time(s); retry policy is RetryUpToMaximumCountWithFixedSleep(maxRetries=15, sleepTime=1000 MILLISECONDS)
2023-03-29 22:45:41,646 [EndpointStateMachine task thread for /0.0.0.0:44471 - 0 ] INFO  ipc.Client (Client.java:handleConnectionFailure(1010)) - Retrying connect to server: 0.0.0.0/0.0.0.0:44471. Already tried 2 time(s); retry policy is RetryUpToMaximumCountWithFixedSleep(maxRetries=15, sleepTime=1000 MILLISECONDS)
2023-03-29 22:45:41,683 [Listener at 127.0.0.1/38933] INFO  volume.HddsVolume (HddsVolume.java:closeDbStore(437)) - SchemaV3 db is stopped at /home/runner/work/ozone/ozone/hadoop-ozone/integration-test/target/test-dir/MiniOzoneClusterImpl-bcbc84c2-519e-42a0-a817-fd35ffaa666a/datanode-2/data-0/containers/hdds/bcbc84c2-519e-42a0-a817-fd35ffaa666a/DS-cc22a916-90bb-4224-9fee-64d6066b6c59/container.db for volume DS-cc22a916-90bb-4224-9fee-64d6066b6c59
2023-03-29 22:45:41,683 [Listener at 127.0.0.1/38933] INFO  utils.BackgroundService (BackgroundService.java:shutdown(141)) - Shutting down service BlockDeletingService
2023-03-29 22:45:41,684 [Listener at 127.0.0.1/38933] INFO  utils.BackgroundService (BackgroundService.java:shutdown(141)) - Shutting down service StaleRecoveringContainerScrubbingService
2023-03-29 22:45:41,685 [Listener at 127.0.0.1/38933] INFO  statemachine.DatanodeStateMachine (DatanodeStateMachine.java:stopDaemon(601)) - Ozone container server stopped.
2023-03-29 22:45:41,696 [Listener at 127.0.0.1/38933] INFO  handler.ContextHandler (ContextHandler.java:doStop(1159)) - Stopped o.e.j.w.WebAppContext@3961c19f{hddsDatanode,/,null,STOPPED}{jar:file:/home/runner/.m2/repository/org/apache/ozone/hdds-container-service/1.4.0-SNAPSHOT/hdds-container-service-1.4.0-SNAPSHOT.jar!/webapps/hddsDatanode}
2023-03-29 22:45:41,696 [Listener at 127.0.0.1/38933] INFO  server.AbstractConnector (AbstractConnector.java:doStop(383)) - Stopped ServerConnector@2fd93b7f{HTTP/1.1, (http/1.1)}{0.0.0.0:0}
2023-03-29 22:45:41,697 [Listener at 127.0.0.1/38933] INFO  server.session (HouseKeeper.java:stopScavenging(149)) - node0 Stopped scavenging
2023-03-29 22:45:41,697 [Listener at 127.0.0.1/38933] INFO  handler.ContextHandler (ContextHandler.java:doStop(1159)) - Stopped o.e.j.s.ServletContextHandler@6cc4aa3d{static,/static,jar:file:/home/runner/.m2/repository/org/apache/ozone/hdds-container-service/1.4.0-SNAPSHOT/hdds-container-service-1.4.0-SNAPSHOT.jar!/webapps/static,STOPPED}
2023-03-29 22:45:41,697 [Listener at 127.0.0.1/38933] INFO  handler.ContextHandler (ContextHandler.java:doStop(1159)) - Stopped o.e.j.s.ServletContextHandler@7296661b{logs,/logs,file:///home/runner/work/ozone/ozone/hadoop-ozone/integration-test/target/log,STOPPED}
2023-03-29 22:45:42,277 [Listener at 127.0.0.1/38933] WARN  server.ServerUtils (ServerUtils.java:getScmDbDir(148)) - ozone.scm.db.dirs is not configured. We recommend adding this setting. Falling back to ozone.metadata.dirs instead.
2023-03-29 22:45:42,281 [Listener at 127.0.0.1/38933] WARN  server.ServerUtils (ServerUtils.java:getScmDbDir(148)) - ozone.scm.db.dirs is not configured. We recommend adding this setting. Falling back to ozone.metadata.dirs instead.
2023-03-29 22:45:42,281 [Listener at 127.0.0.1/38933] INFO  ha.SCMHANodeDetails (SCMHANodeDetails.java:loadSCMHAConfig(209)) - ServiceID for StorageContainerManager is null
2023-03-29 22:45:42,281 [Listener at 127.0.0.1/38933] INFO  ha.SCMHANodeDetails (SCMHANodeDetails.java:loadSCMHAConfig(214)) - ozone.scm.default.service.id is not defined, falling back to ozone.scm.service.ids to find serviceID for StorageContainerManager if it is HA enabled cluster
2023-03-29 22:45:42,282 [Listener at 127.0.0.1/38933] WARN  utils.HAUtils (HAUtils.java:getMetaDir(342)) - ozone.scm.db.dirs is not configured. We recommend adding this setting. Falling back to ozone.metadata.dirs instead.
2023-03-29 22:45:42,282 [Listener at 127.0.0.1/38933] WARN  db.DBStoreBuilder (DBStoreBuilder.java:applyDBDefinition(181)) - ozone.scm.db.dirs is not configured. We recommend adding this setting. Falling back to ozone.metadata.dirs instead.
2023-03-29 22:45:42,416 [Listener at 127.0.0.1/38933] INFO  net.NodeSchemaLoader (NodeSchemaLoader.java:loadSchemaFromFile(129)) - Loading schema from [jar:file:/home/runner/.m2/repository/org/apache/ozone/hdds-common/1.4.0-SNAPSHOT/hdds-common-1.4.0-SNAPSHOT.jar!/network-topology-default.xml]
2023-03-29 22:45:42,416 [Listener at 127.0.0.1/38933] INFO  net.NodeSchemaLoader (NodeSchemaLoader.java:loadSchema(176)) - Loading network topology layer schema file
2023-03-29 22:45:42,419 [Listener at 127.0.0.1/38933] INFO  upgrade.AbstractLayoutVersionManager (AbstractLayoutVersionManager.java:init(83)) - Initializing Layout version manager with metadata layout = DATANODE_SCHEMA_V3 (version = 4), software layout = DATANODE_SCHEMA_V3 (version = 4)
2023-03-29 22:45:42,474 [Listener at 127.0.0.1/38933] INFO  reflections.Reflections (Reflections.java:scan(232)) - Reflections took 53 ms to scan 7 urls, producing 155 keys and 368 values 
2023-03-29 22:45:42,476 [Listener at 127.0.0.1/38933] INFO  ha.SequenceIdGenerator (SequenceIdGenerator.java:upgradeToSequenceId(349)) - upgrade localId to 111677748019200000
2023-03-29 22:45:42,476 [Listener at 127.0.0.1/38933] INFO  ha.SequenceIdGenerator (SequenceIdGenerator.java:upgradeToSequenceId(359)) - upgrade delTxnId to 0
2023-03-29 22:45:42,476 [Listener at 127.0.0.1/38933] INFO  ha.SequenceIdGenerator (SequenceIdGenerator.java:upgradeToSequenceId(376)) - upgrade containerId to 0
2023-03-29 22:45:42,476 [Listener at 127.0.0.1/38933] INFO  ha.SequenceIdGenerator (SequenceIdGenerator.java:<init>(220)) - Init the HA SequenceIdGenerator.
2023-03-29 22:45:42,477 [Listener at 127.0.0.1/38933] WARN  server.ServerUtils (ServerUtils.java:sanitizeUserArgs(73)) - ozone.scm.stale.node.interval value = 300000 is larger than max = 100000 based on the key value of ozone.scm.heartbeat.thread.interval, reset to the max value 100000.
2023-03-29 22:45:42,477 [Listener at 127.0.0.1/38933] WARN  server.ServerUtils (ServerUtils.java:sanitizeUserArgs(73)) - ozone.scm.stale.node.interval value = 300000 is larger than max = 100000 based on the key value of ozone.scm.heartbeat.thread.interval, reset to the max value 100000.
2023-03-29 22:45:42,478 [Listener at 127.0.0.1/38933] INFO  node.SCMNodeManager (SCMNodeManager.java:<init>(156)) - Entering startup safe mode.
2023-03-29 22:45:42,478 [Listener at 127.0.0.1/38933] INFO  algorithms.ContainerPlacementPolicyFactory (ContainerPlacementPolicyFactory.java:getPolicyInternal(86)) - Create container placement policy of type org.apache.hadoop.hdds.scm.container.placement.algorithms.SCMContainerPlacementRandom
2023-03-29 22:45:42,478 [Listener at 127.0.0.1/38933] INFO  algorithms.ContainerPlacementPolicyFactory (ContainerPlacementPolicyFactory.java:getPolicyInternal(86)) - Create container placement policy of type org.apache.hadoop.hdds.scm.container.placement.algorithms.SCMContainerPlacementRackScatter
2023-03-29 22:45:42,479 [Listener at 127.0.0.1/38933] INFO  pipeline.PipelineStateManagerImpl (PipelineStateManagerImpl.java:initialize(78)) - No pipeline exists in current db
2023-03-29 22:45:42,479 [Listener at 127.0.0.1/38933] INFO  algorithms.LeaderChoosePolicyFactory (LeaderChoosePolicyFactory.java:getPolicy(57)) - Create leader choose policy of type org.apache.hadoop.hdds.scm.pipeline.leader.choose.algorithms.MinLeaderCountChoosePolicy
2023-03-29 22:45:42,479 [Listener at 127.0.0.1/38933] INFO  algorithms.ContainerPlacementPolicyFactory (ContainerPlacementPolicyFactory.java:getPolicyInternal(86)) - Create container placement policy of type org.apache.hadoop.hdds.scm.container.placement.algorithms.SCMContainerPlacementRackScatter
2023-03-29 22:45:42,479 [Listener at 127.0.0.1/38933] INFO  ha.SCMServiceManager (SCMServiceManager.java:register(42)) - Registering service BackgroundPipelineCreator.
2023-03-29 22:45:42,480 [Listener at 127.0.0.1/38933] INFO  pipeline.BackgroundPipelineCreator (BackgroundPipelineCreator.java:start(124)) - Starting RatisPipelineUtilsThread.
2023-03-29 22:45:42,480 [Listener at 127.0.0.1/38933] INFO  BackgroundPipelineScrubber (BackgroundSCMService.java:start(68)) - Starting BackgroundPipelineScrubber Service.
2023-03-29 22:45:42,482 [Listener at 127.0.0.1/38933] INFO  ha.SCMServiceManager (SCMServiceManager.java:register(42)) - Registering service BackgroundPipelineScrubber.
2023-03-29 22:45:42,482 [Listener at 127.0.0.1/38933] INFO  ExpiredContainerReplicaOpScrubber (BackgroundSCMService.java:start(68)) - Starting ExpiredContainerReplicaOpScrubber Service.
2023-03-29 22:45:42,482 [Listener at 127.0.0.1/38933] INFO  ha.SCMServiceManager (SCMServiceManager.java:register(42)) - Registering service ExpiredContainerReplicaOpScrubber.
2023-03-29 22:45:42,483 [Listener at 127.0.0.1/38933] INFO  algorithms.PipelineChoosePolicyFactory (PipelineChoosePolicyFactory.java:createPipelineChoosePolicyFromClass(73)) - Create pipeline choose policy of type org.apache.hadoop.hdds.scm.pipeline.choose.algorithms.RandomPipelineChoosePolicy
2023-03-29 22:45:42,484 [Listener at 127.0.0.1/38933] INFO  ha.SCMServiceManager (SCMServiceManager.java:register(42)) - Registering service SCMBlockDeletingService.
2023-03-29 22:45:42,485 [Listener at 127.0.0.1/38933] INFO  replication.ReplicationManager (ReplicationManager.java:start(277)) - Starting Replication Monitor Thread.
2023-03-29 22:45:42,486 [Listener at 127.0.0.1/38933] INFO  ha.SCMServiceManager (SCMServiceManager.java:register(42)) - Registering service ReplicationManager.
2023-03-29 22:45:42,486 [Listener at 127.0.0.1/38933] INFO  safemode.ContainerSafeModeRule (ContainerSafeModeRule.java:<init>(89)) - containers with one replica threshold count 0
2023-03-29 22:45:42,487 [Listener at 127.0.0.1/38933] INFO  safemode.HealthyPipelineSafeModeRule (HealthyPipelineSafeModeRule.java:initializeRule(169)) - Total pipeline count is 0, healthy pipeline threshold count is 1
2023-03-29 22:45:42,487 [Listener at 127.0.0.1/38933] INFO  safemode.OneReplicaPipelineSafeModeRule (OneReplicaPipelineSafeModeRule.java:initializeRule(180)) - Total pipeline count is 0, pipeline's with at least one datanode reported threshold count is 0
2023-03-29 22:45:42,487 [ReplicationMonitor] INFO  replication.ReplicationManager (ReplicationManager.java:processAll(352)) - Replication Manager is not ready to run until 3000ms after safemode exit
2023-03-29 22:45:42,488 [Listener at 127.0.0.1/38933] INFO  server.StorageContainerManager (StorageContainerManager.java:<init>(398)) - SCM start with adminUsers: [runner]
2023-03-29 22:45:42,488 [Listener at 127.0.0.1/38933] INFO  ipc.CallQueueManager (CallQueueManager.java:<init>(90)) - Using callQueue: class java.util.concurrent.LinkedBlockingQueue, queueCapacity: 2000, scheduler: class org.apache.hadoop.ipc.DefaultRpcScheduler, ipcBackoff: false.
2023-03-29 22:45:42,489 [Socket Reader #1 for port 0] INFO  ipc.Server (Server.java:run(1273)) - Starting Socket Reader #1 for port 0
2023-03-29 22:45:42,490 [Listener at 0.0.0.0/38501] INFO  ipc.CallQueueManager (CallQueueManager.java:<init>(90)) - Using callQueue: class java.util.concurrent.LinkedBlockingQueue, queueCapacity: 2000, scheduler: class org.apache.hadoop.ipc.DefaultRpcScheduler, ipcBackoff: false.
2023-03-29 22:45:42,490 [Socket Reader #1 for port 0] INFO  ipc.Server (Server.java:run(1273)) - Starting Socket Reader #1 for port 0
2023-03-29 22:45:42,491 [Listener at 0.0.0.0/46519] INFO  ipc.CallQueueManager (CallQueueManager.java:<init>(90)) - Using callQueue: class java.util.concurrent.LinkedBlockingQueue, queueCapacity: 2000, scheduler: class org.apache.hadoop.ipc.DefaultRpcScheduler, ipcBackoff: false.
2023-03-29 22:45:42,492 [Socket Reader #1 for port 0] INFO  ipc.Server (Server.java:run(1273)) - Starting Socket Reader #1 for port 0
2023-03-29 22:45:42,495 [Listener at 0.0.0.0/42101] INFO  ha.SCMServiceManager (SCMServiceManager.java:register(42)) - Registering service ContainerBalancer.
2023-03-29 22:45:42,495 [Listener at 0.0.0.0/42101] INFO  server.StorageContainerManager (StorageContainerManager.java:<init>(415)) - 
Container Balancer status:
Key                            Value
Running                        false
Container Balancer Configuration values:
Key                                                Value
Threshold                                          10
Max Datanodes to Involve per Iteration(percent)    20
Max Size to Move per Iteration                     500GB
Max Size Entering Target per Iteration             26GB
Max Size Leaving Source per Iteration              26GB

2023-03-29 22:45:42,495 [Listener at 0.0.0.0/42101] INFO  ha.SCMContext (SCMContext.java:updateSafeModeStatus(228)) - Update SafeModeStatus from SafeModeStatus{safeModeStatus=true, preCheckPassed=false} to SafeModeStatus{safeModeStatus=true, preCheckPassed=false}.
2023-03-29 22:45:42,496 [Listener at 0.0.0.0/42101] INFO  server.StorageContainerManager (StorageContainerManager.java:start(1449)) - StorageContainerLocationProtocol RPC server is listening at /0.0.0.0:42101
2023-03-29 22:45:42,497 [Listener at 0.0.0.0/42101] WARN  impl.MetricsConfig (MetricsConfig.java:loadFirst(136)) - Cannot locate configuration: tried hadoop-metrics2-storagecontainermanager.properties,hadoop-metrics2.properties
2023-03-29 22:45:42,502 [Listener at 0.0.0.0/42101] INFO  impl.MetricsSystemImpl (MetricsSystemImpl.java:startTimer(378)) - Scheduled Metric snapshot period at 10 second(s).
2023-03-29 22:45:42,502 [Listener at 0.0.0.0/42101] INFO  impl.MetricsSystemImpl (MetricsSystemImpl.java:start(191)) - StorageContainerManager metrics system started
2023-03-29 22:45:42,520 [Listener at 0.0.0.0/42101] INFO  impl.MetricsSinkAdapter (MetricsSinkAdapter.java:start(204)) - Sink prometheus started
2023-03-29 22:45:42,522 [Listener at 0.0.0.0/42101] INFO  impl.MetricsSystemImpl (MetricsSystemImpl.java:registerSink(305)) - Registered sink prometheus
2023-03-29 22:45:42,543 [Listener at 0.0.0.0/42101] INFO  server.SCMClientProtocolServer (SCMClientProtocolServer.java:start(197)) - RPC server for Client  is listening at /0.0.0.0:42101
2023-03-29 22:45:42,544 [IPC Server Responder] INFO  ipc.Server (Server.java:run(1512)) - IPC Server Responder: starting
2023-03-29 22:45:42,550 [Listener at 0.0.0.0/42101] INFO  server.StorageContainerManager (StorageContainerManager.java:start(1463)) - ScmBlockLocationProtocol RPC server is listening at /0.0.0.0:46519
2023-03-29 22:45:42,554 [Listener at 0.0.0.0/42101] INFO  server.SCMBlockProtocolServer (SCMBlockProtocolServer.java:start(152)) - RPC server for Block Protocol is listening at /0.0.0.0:46519
2023-03-29 22:45:42,547 [IPC Server listener on 0] INFO  ipc.Server (Server.java:run(1352)) - IPC Server listener on 0: starting
2023-03-29 22:45:42,555 [IPC Server Responder] INFO  ipc.Server (Server.java:run(1512)) - IPC Server Responder: starting
2023-03-29 22:45:42,555 [IPC Server listener on 0] INFO  ipc.Server (Server.java:run(1352)) - IPC Server listener on 0: starting
2023-03-29 22:45:42,558 [Listener at 0.0.0.0/42101] INFO  server.SCMDatanodeProtocolServer (SCMDatanodeProtocolServer.java:start(193)) - ScmDatanodeProtocol RPC server for DataNodes is listening at /0.0.0.0:38501
2023-03-29 22:45:42,558 [IPC Server Responder] INFO  ipc.Server (Server.java:run(1512)) - IPC Server Responder: starting
2023-03-29 22:45:42,559 [IPC Server listener on 0] INFO  ipc.Server (Server.java:run(1352)) - IPC Server listener on 0: starting
2023-03-29 22:45:42,567 [Listener at 0.0.0.0/42101] INFO  http.BaseHttpServer (BaseHttpServer.java:newHttpServer2BuilderForOzone(224)) - Starting Web-server for scm at: http://0.0.0.0:0
2023-03-29 22:45:42,567 [org.apache.hadoop.util.JvmPauseMonitor$Monitor@7d30f905] INFO  util.JvmPauseMonitor (JvmPauseMonitor.java:run(188)) - Starting JVM pause monitor
2023-03-29 22:45:42,567 [Listener at 0.0.0.0/42101] INFO  http.BaseHttpServer (BaseHttpServer.java:<init>(111)) - Hadoop Security Enabled: false Ozone Security Enabled: false Ozone HTTP Security Enabled: false 
2023-03-29 22:45:42,569 [Listener at 0.0.0.0/42101] WARN  server.AuthenticationFilter (AuthenticationFilter.java:constructSecretProvider(240)) - Unable to initialize FileSignerSecretProvider, falling back to use random secrets. Reason: Could not read signature secret file: /home/runner/hadoop-http-auth-signature-secret
2023-03-29 22:45:42,570 [Listener at 0.0.0.0/42101] WARN  http.HttpRequestLog (HttpRequestLog.java:getRequestLog(103)) - Jetty request log can only be enabled using Log4j
2023-03-29 22:45:42,572 [Listener at 0.0.0.0/42101] INFO  http.HttpServer2 (HttpServer2.java:addGlobalFilter(1031)) - Added global filter 'safety' (class=org.apache.hadoop.hdds.server.http.HttpServer2$QuotingInputFilter)
2023-03-29 22:45:42,573 [Listener at 0.0.0.0/42101] INFO  http.HttpServer2 (HttpServer2.java:addFilter(1007)) - Added filter static_user_filter (class=org.apache.hadoop.http.lib.StaticUserWebFilter$StaticUserFilter) to context scm
2023-03-29 22:45:42,573 [Listener at 0.0.0.0/42101] INFO  http.HttpServer2 (HttpServer2.java:addFilter(1015)) - Added filter static_user_filter (class=org.apache.hadoop.http.lib.StaticUserWebFilter$StaticUserFilter) to context logs
2023-03-29 22:45:42,573 [Listener at 0.0.0.0/42101] INFO  http.HttpServer2 (HttpServer2.java:addFilter(1015)) - Added filter static_user_filter (class=org.apache.hadoop.http.lib.StaticUserWebFilter$StaticUserFilter) to context static
2023-03-29 22:45:42,574 [Listener at 0.0.0.0/42101] INFO  http.BaseHttpServer (BaseHttpServer.java:<init>(190)) - HTTP server of scm uses base directory /home/runner/work/ozone/ozone/hadoop-ozone/integration-test/target/test-dir/MiniOzoneClusterImpl-8ae17f6e-7b8d-4fcc-9253-feb95f7e1717/ozone-meta/webserver
2023-03-29 22:45:42,575 [Listener at 0.0.0.0/42101] INFO  http.HttpServer2 (HttpServer2.java:bindListener(1250)) - Jetty bound to port 38573
2023-03-29 22:45:42,575 [Listener at 0.0.0.0/42101] INFO  server.Server (Server.java:doStart(375)) - jetty-9.4.49.v20220914; built: 2022-09-14T01:07:36.601Z; git: 4231a3b2e4cb8548a412a789936d640a97b1aa0a; jvm 1.8.0_362-b09
2023-03-29 22:45:42,576 [Listener at 0.0.0.0/42101] INFO  server.session (DefaultSessionIdManager.java:doStart(334)) - DefaultSessionIdManager workerName=node0
2023-03-29 22:45:42,576 [Listener at 0.0.0.0/42101] INFO  server.session (DefaultSessionIdManager.java:doStart(339)) - No SessionScavenger set, using defaults
2023-03-29 22:45:42,576 [Listener at 0.0.0.0/42101] INFO  server.session (HouseKeeper.java:startScavenging(132)) - node0 Scavenging every 660000ms
2023-03-29 22:45:42,578 [Listener at 0.0.0.0/42101] INFO  handler.ContextHandler (ContextHandler.java:doStart(921)) - Started o.e.j.s.ServletContextHandler@3cd55837{logs,/logs,file:///home/runner/work/ozone/ozone/hadoop-ozone/integration-test/target/log,AVAILABLE}
2023-03-29 22:45:42,578 [Listener at 0.0.0.0/42101] INFO  handler.ContextHandler (ContextHandler.java:doStart(921)) - Started o.e.j.s.ServletContextHandler@540774de{static,/static,file:///home/runner/work/ozone/ozone/hadoop-ozone/integration-test/target/test-classes/webapps/static,AVAILABLE}
2023-03-29 22:45:42,581 [Listener at 0.0.0.0/42101] INFO  handler.ContextHandler (ContextHandler.java:doStart(921)) - Started o.e.j.w.WebAppContext@1bcc365b{scm,/,file:///home/runner/work/ozone/ozone/hadoop-ozone/integration-test/target/test-classes/webapps/scm/,AVAILABLE}{file:/home/runner/work/ozone/ozone/hadoop-ozone/integration-test/target/test-classes/webapps/scm}
2023-03-29 22:45:42,582 [Listener at 0.0.0.0/42101] INFO  server.AbstractConnector (AbstractConnector.java:doStart(333)) - Started ServerConnector@74626534{HTTP/1.1, (http/1.1)}{0.0.0.0:38573}
2023-03-29 22:45:42,583 [Listener at 0.0.0.0/42101] INFO  server.Server (Server.java:doStart(415)) - Started @74219ms
2023-03-29 22:45:42,583 [Listener at 0.0.0.0/42101] WARN  impl.MetricsSystemImpl (MetricsSystemImpl.java:register(279)) - Sink prometheus already exists!
2023-03-29 22:45:42,583 [Listener at 0.0.0.0/42101] INFO  http.BaseHttpServer (BaseHttpServer.java:updateConnectorAddress(344)) - HTTP server of scm listening at http://0.0.0.0:38573
2023-03-29 22:45:42,585 [Listener at 0.0.0.0/42101] INFO  ha.OMHANodeDetails (OMHANodeDetails.java:loadOMHAConfig(121)) - ServiceID for OzoneManager is om-service-test1
2023-03-29 22:45:42,585 [Listener at 0.0.0.0/42101] INFO  ha.OMHANodeDetails (OMHANodeDetails.java:loadOMHAConfig(201)) - Found matching OM address with OMServiceId: om-service-test1, OMNodeId: omNode-1, RPC Address: localhost:38145 and Ratis port: 34741
2023-03-29 22:45:42,585 [Listener at 0.0.0.0/42101] INFO  ha.OMHANodeDetails (ConfUtils.java:setNodeSpecificConfigs(97)) - Setting configuration key ozone.om.http-address with value of key ozone.om.http-address.om-service-test1.omNode-1: 127.0.0.1:38727
2023-03-29 22:45:42,585 [Listener at 0.0.0.0/42101] INFO  ha.OMHANodeDetails (ConfUtils.java:setNodeSpecificConfigs(97)) - Setting configuration key ozone.om.https-address with value of key ozone.om.https-address.om-service-test1.omNode-1: 127.0.0.1:46865
2023-03-29 22:45:42,585 [Listener at 0.0.0.0/42101] INFO  ha.OMHANodeDetails (ConfUtils.java:setNodeSpecificConfigs(97)) - Setting configuration key ozone.om.address with value of key ozone.om.address.om-service-test1.omNode-1: 127.0.0.1:38145
2023-03-29 22:45:42,586 [Listener at 0.0.0.0/42101] WARN  server.ServerUtils (ServerUtils.java:getDBPath(225)) - ozone.om.db.dirs is not configured. We recommend adding this setting. Falling back to ozone.metadata.dirs instead.
2023-03-29 22:45:42,587 [Listener at 0.0.0.0/42101] INFO  proxy.SCMBlockLocationFailoverProxyProvider (SCMBlockLocationFailoverProxyProvider.java:<init>(114)) - Created block location fail-over proxy with 1 nodes: [nodeId=scmNodeId,nodeAddress=/0.0.0.0:46519]
OM initialization succeeded.Current cluster id for sd=/home/runner/work/ozone/ozone/hadoop-ozone/integration-test/target/test-dir/MiniOzoneClusterImpl-8ae17f6e-7b8d-4fcc-9253-feb95f7e1717/omNode-1/om;cid=8ae17f6e-7b8d-4fcc-9253-feb95f7e1717;layoutVersion=3
2023-03-29 22:45:42,595 [Listener at 0.0.0.0/42101] INFO  ha.OMHANodeDetails (OMHANodeDetails.java:loadOMHAConfig(121)) - ServiceID for OzoneManager is om-service-test1
2023-03-29 22:45:42,595 [Listener at 0.0.0.0/42101] INFO  ha.OMHANodeDetails (OMHANodeDetails.java:loadOMHAConfig(201)) - Found matching OM address with OMServiceId: om-service-test1, OMNodeId: omNode-1, RPC Address: localhost:38145 and Ratis port: 34741
2023-03-29 22:45:42,595 [Listener at 0.0.0.0/42101] INFO  ha.OMHANodeDetails (ConfUtils.java:setNodeSpecificConfigs(97)) - Setting configuration key ozone.om.http-address with value of key ozone.om.http-address.om-service-test1.omNode-1: 127.0.0.1:38727
2023-03-29 22:45:42,596 [Listener at 0.0.0.0/42101] INFO  ha.OMHANodeDetails (ConfUtils.java:setNodeSpecificConfigs(97)) - Setting configuration key ozone.om.https-address with value of key ozone.om.https-address.om-service-test1.omNode-1: 127.0.0.1:46865
2023-03-29 22:45:42,596 [Listener at 0.0.0.0/42101] INFO  ha.OMHANodeDetails (ConfUtils.java:setNodeSpecificConfigs(97)) - Setting configuration key ozone.om.address with value of key ozone.om.address.om-service-test1.omNode-1: 127.0.0.1:38145
2023-03-29 22:45:42,596 [Listener at 0.0.0.0/42101] WARN  server.ServerUtils (ServerUtils.java:getDBPath(225)) - ozone.om.db.dirs is not configured. We recommend adding this setting. Falling back to ozone.metadata.dirs instead.
2023-03-29 22:45:42,597 [Listener at 0.0.0.0/42101] INFO  upgrade.AbstractLayoutVersionManager (AbstractLayoutVersionManager.java:init(83)) - Initializing Layout version manager with metadata layout = MULTITENANCY_SCHEMA (version = 3), software layout = MULTITENANCY_SCHEMA (version = 3)
2023-03-29 22:45:42,647 [EndpointStateMachine task thread for /0.0.0.0:44471 - 0 ] INFO  ipc.Client (Client.java:handleConnectionFailure(1010)) - Retrying connect to server: 0.0.0.0/0.0.0.0:44471. Already tried 3 time(s); retry policy is RetryUpToMaximumCountWithFixedSleep(maxRetries=15, sleepTime=1000 MILLISECONDS)
2023-03-29 22:45:42,670 [Listener at 0.0.0.0/42101] INFO  reflections.Reflections (Reflections.java:scan(232)) - Reflections took 72 ms to scan 2 urls, producing 170 keys and 470 values [using 2 cores]
2023-03-29 22:45:42,670 [Listener at 0.0.0.0/42101] INFO  upgrade.OMLayoutVersionManager (OMLayoutVersionManager.java:lambda$0(115)) - Skipping Upgrade Action MockOmUpgradeAction since it has been finalized.
2023-03-29 22:45:42,671 [Listener at 0.0.0.0/42101] WARN  server.ServerUtils (ServerUtils.java:getDBPath(225)) - ozone.om.db.dirs is not configured. We recommend adding this setting. Falling back to ozone.metadata.dirs instead.
2023-03-29 22:45:42,671 [Listener at 0.0.0.0/42101] INFO  proxy.SCMBlockLocationFailoverProxyProvider (SCMBlockLocationFailoverProxyProvider.java:<init>(114)) - Created block location fail-over proxy with 1 nodes: [nodeId=scmNodeId,nodeAddress=/0.0.0.0:46519]
2023-03-29 22:45:42,673 [Listener at 0.0.0.0/42101] INFO  proxy.SCMBlockLocationFailoverProxyProvider (SCMBlockLocationFailoverProxyProvider.java:<init>(114)) - Created block location fail-over proxy with 1 nodes: [nodeId=scmNodeId,nodeAddress=/0.0.0.0:46519]
2023-03-29 22:45:42,680 [Listener at 0.0.0.0/42101] INFO  om.OzoneManager (OzoneManager.java:<init>(619)) - OM start with adminUsers: [runner]
2023-03-29 22:45:42,681 [Listener at 0.0.0.0/42101] WARN  server.ServerUtils (ServerUtils.java:getDBPath(225)) - ozone.om.db.dirs is not configured. We recommend adding this setting. Falling back to ozone.metadata.dirs instead.
2023-03-29 22:45:42,681 [Listener at 0.0.0.0/42101] INFO  codec.OmKeyInfoCodec (OmKeyInfoCodec.java:<init>(49)) - OmKeyInfoCodec ignorePipeline = true
2023-03-29 22:45:42,682 [Listener at 0.0.0.0/42101] INFO  codec.RepeatedOmKeyInfoCodec (RepeatedOmKeyInfoCodec.java:<init>(41)) - RepeatedOmKeyInfoCodec ignorePipeline = true
2023-03-29 22:45:42,899 [Listener at 0.0.0.0/42101] INFO  om.OzoneManager (OzoneManager.java:instantiateServices(749)) - S3 Multi-Tenancy is disabled
2023-03-29 22:45:42,900 [Listener at 0.0.0.0/42101] WARN  server.ServerUtils (ServerUtils.java:getDBPath(225)) - ozone.om.snapshot.diff.db.dir is not configured. We recommend adding this setting. Falling back to ozone.metadata.dirs instead.
2023-03-29 22:45:42,925 [Listener at 0.0.0.0/42101] INFO  om.OzoneManager (OzoneManager.java:addS3GVolumeToDB(4223)) - Created Volume s3v With Owner runner required for S3Gateway operations.
2023-03-29 22:45:42,925 [Listener at 0.0.0.0/42101] WARN  server.ServerUtils (ServerUtils.java:getDefaultRatisDirectory(237)) - Storage directory for Ratis is not configured. It is a good idea to map this to an SSD disk. Falling back to ozone.metadata.dirs
2023-03-29 22:45:42,926 [Listener at 0.0.0.0/42101] WARN  utils.OzoneManagerRatisUtils (OzoneManagerRatisUtils.java:getOMRatisSnapshotDirectory(446)) - ozone.om.ratis.snapshot.dir is not configured. Falling back to ozone.metadata.dirs config
2023-03-29 22:45:42,926 [Listener at 0.0.0.0/42101] INFO  snapshot.OzoneManagerSnapshotProvider (OzoneManagerSnapshotProvider.java:<init>(76)) - Initializing OM Snapshot Provider
2023-03-29 22:45:42,927 [Listener at 0.0.0.0/42101] WARN  server.ServerUtils (ServerUtils.java:getDefaultRatisDirectory(237)) - Storage directory for Ratis is not configured. It is a good idea to map this to an SSD disk. Falling back to ozone.metadata.dirs
2023-03-29 22:45:42,930 [Listener at 0.0.0.0/42101] INFO  ratis.OzoneManagerRatisServer (OzoneManagerRatisServer.java:<init>(163)) - Instantiating OM Ratis server with groupID: om-service-test1 and peers: localhost:34741, localhost:44969, localhost:39199
2023-03-29 22:45:42,930 [Listener at 0.0.0.0/42101] INFO  ratis.OzoneManagerStateMachine (OzoneManagerStateMachine.java:loadSnapshotInfoFromDB(636)) - LastAppliedIndex is set from TransactionInfo from OM DB as (t:0, i:~)
2023-03-29 22:45:42,930 [Listener at 0.0.0.0/42101] INFO  server.RaftServer (ConfUtils.java:logGet(46)) - raft.rpc.type = GRPC (default)
2023-03-29 22:45:42,931 [Listener at 0.0.0.0/42101] INFO  grpc.GrpcConfigKeys (ConfUtils.java:logFallback(53)) - raft.grpc.admin.host = null (fallback to raft.grpc.server.host)
2023-03-29 22:45:42,931 [Listener at 0.0.0.0/42101] INFO  grpc.GrpcConfigKeys (ConfUtils.java:logFallback(53)) - raft.grpc.admin.port = 34741 (fallback to raft.grpc.server.port)
2023-03-29 22:45:42,931 [Listener at 0.0.0.0/42101] INFO  grpc.GrpcConfigKeys (ConfUtils.java:logFallback(53)) - raft.grpc.client.host = null (fallback to raft.grpc.server.host)
2023-03-29 22:45:42,931 [Listener at 0.0.0.0/42101] INFO  grpc.GrpcConfigKeys (ConfUtils.java:logFallback(53)) - raft.grpc.client.port = 34741 (fallback to raft.grpc.server.port)
2023-03-29 22:45:42,931 [Listener at 0.0.0.0/42101] INFO  grpc.GrpcConfigKeys (ConfUtils.java:logGet(46)) - raft.grpc.server.host = null (default)
2023-03-29 22:45:42,931 [Listener at 0.0.0.0/42101] INFO  grpc.GrpcConfigKeys (ConfUtils.java:logGet(46)) - raft.grpc.server.port = 34741 (custom)
2023-03-29 22:45:42,932 [Listener at 0.0.0.0/42101] INFO  server.GrpcService (ConfUtils.java:logGet(46)) - raft.grpc.message.size.max = 33554432 (custom)
2023-03-29 22:45:42,932 [Listener at 0.0.0.0/42101] INFO  server.RaftServerConfigKeys (ConfUtils.java:logGet(46)) - raft.server.log.appender.buffer.byte-limit = 33554432 (custom)
2023-03-29 22:45:42,932 [Listener at 0.0.0.0/42101] INFO  server.GrpcService (ConfUtils.java:logGet(46)) - raft.grpc.flow.control.window = 1MB (=1048576) (default)
2023-03-29 22:45:42,932 [Listener at 0.0.0.0/42101] INFO  server.RaftServerConfigKeys (ConfUtils.java:logGet(46)) - raft.server.rpc.request.timeout = 3000ms (default)
2023-03-29 22:45:42,932 [Listener at 0.0.0.0/42101] INFO  grpc.GrpcConfigKeys (ConfUtils.java:logGet(46)) - raft.grpc.server.heartbeat.channel = true (default)
2023-03-29 22:45:42,932 [Listener at 0.0.0.0/42101] INFO  grpc.GrpcConfigKeys (ConfUtils.java:logGet(46)) - raft.grpc.server.async.request.thread.pool.cached = true (default)
2023-03-29 22:45:42,932 [Listener at 0.0.0.0/42101] INFO  grpc.GrpcConfigKeys (ConfUtils.java:logGet(46)) - raft.grpc.server.async.request.thread.pool.size = 32 (default)
2023-03-29 22:45:42,936 [Listener at 0.0.0.0/42101] INFO  impl.DataStreamServerImpl (ConfUtils.java:logGet(46)) - raft.datastream.type = DISABLED (default)
2023-03-29 22:45:42,938 [Listener at 0.0.0.0/42101] INFO  server.RaftServerConfigKeys (ConfUtils.java:logGet(46)) - raft.server.threadpool.proxy.cached = true (default)
2023-03-29 22:45:42,938 [Listener at 0.0.0.0/42101] INFO  server.RaftServerConfigKeys (ConfUtils.java:logGet(46)) - raft.server.threadpool.proxy.size = 0 (default)
2023-03-29 22:45:42,946 [Listener at 0.0.0.0/42101] INFO  server.RaftServerConfigKeys (ConfUtils.java:logGet(46)) - raft.server.rpc.slowness.timeout = 2s (custom)
2023-03-29 22:45:42,946 [Listener at 0.0.0.0/42101] INFO  server.RaftServerConfigKeys (ConfUtils.java:logGet(46)) - raft.server.leaderelection.leader.step-down.wait-time = 10s (default)
2023-03-29 22:45:42,946 [Listener at 0.0.0.0/42101] INFO  server.RaftServerConfigKeys (ConfUtils.java:logGet(46)) - raft.server.storage.dir = [/home/runner/work/ozone/ozone/hadoop-ozone/integration-test/target/test-dir/MiniOzoneClusterImpl-8ae17f6e-7b8d-4fcc-9253-feb95f7e1717/omNode-1/ratis] (custom)
2023-03-29 22:45:42,952 [Listener at 0.0.0.0/42101] INFO  server.RaftServer (RaftServerProxy.java:addNew(96)) - omNode-1: addNew group-523986131536:[omNode-3|rpc:localhost:44969|priority:0|startupRole:FOLLOWER, omNode-1|rpc:localhost:34741|priority:0|startupRole:FOLLOWER, omNode-2|rpc:localhost:39199|priority:0|startupRole:FOLLOWER] returns group-523986131536:java.util.concurrent.CompletableFuture@619d4f87[Not completed]
2023-03-29 22:45:42,952 [pool-781-thread-1] INFO  server.RaftServer$Division (RaftServerImpl.java:<init>(195)) - omNode-1: new RaftServerImpl for group-523986131536:[omNode-3|rpc:localhost:44969|priority:0|startupRole:FOLLOWER, omNode-1|rpc:localhost:34741|priority:0|startupRole:FOLLOWER, omNode-2|rpc:localhost:39199|priority:0|startupRole:FOLLOWER] with OzoneManagerStateMachine:uninitialized
2023-03-29 22:45:42,952 [Listener at 0.0.0.0/42101] INFO  om.OzoneManager (OzoneManager.java:initializeRatisServer(2096)) - OzoneManager Ratis server initialized at port 34741
2023-03-29 22:45:42,952 [pool-781-thread-1] INFO  server.RaftServerConfigKeys (ConfUtils.java:logGet(46)) - raft.server.rpc.timeout.min = 1s (custom)
2023-03-29 22:45:42,952 [Listener at 0.0.0.0/42101] INFO  om.OzoneManager (OzoneManager.java:getRpcServer(1132)) - Creating RPC Server
2023-03-29 22:45:42,952 [pool-781-thread-1] INFO  server.RaftServerConfigKeys (ConfUtils.java:logGet(46)) - raft.server.rpc.timeout.max = 1200ms (custom)
2023-03-29 22:45:42,953 [pool-781-thread-1] INFO  server.RaftServerConfigKeys (ConfUtils.java:logGet(46)) - raft.server.rpc.sleep.time = 25ms (default)
2023-03-29 22:45:42,953 [pool-781-thread-1] INFO  server.RaftServerConfigKeys (ConfUtils.java:logGet(46)) - raft.server.rpc.slowness.timeout = 2s (custom)
2023-03-29 22:45:42,953 [pool-781-thread-1] INFO  server.RaftServerConfigKeys (ConfUtils.java:logGet(46)) - raft.server.leaderelection.leader.step-down.wait-time = 10s (default)
2023-03-29 22:45:42,953 [pool-781-thread-1] INFO  server.RaftServerConfigKeys (ConfUtils.java:logGet(46)) - raft.server.sleep.deviation.threshold = 300ms (default)
2023-03-29 22:45:42,953 [pool-781-thread-1] INFO  server.RaftServer$Division (ServerState.java:<init>(118)) - omNode-1@group-523986131536: ConfigurationManager, init=-1: peers:[omNode-3|rpc:localhost:44969|priority:0|startupRole:FOLLOWER, omNode-1|rpc:localhost:34741|priority:0|startupRole:FOLLOWER, omNode-2|rpc:localhost:39199|priority:0|startupRole:FOLLOWER]|listeners:[], old=null, confs=<EMPTY_MAP>
2023-03-29 22:45:42,953 [pool-781-thread-1] INFO  server.RaftServerConfigKeys (ConfUtils.java:logGet(46)) - raft.server.storage.dir = [/home/runner/work/ozone/ozone/hadoop-ozone/integration-test/target/test-dir/MiniOzoneClusterImpl-8ae17f6e-7b8d-4fcc-9253-feb95f7e1717/omNode-1/ratis] (custom)
2023-03-29 22:45:42,953 [pool-781-thread-1] INFO  server.RaftServerConfigKeys (ConfUtils.java:logGet(46)) - raft.server.log.corruption.policy = EXCEPTION (default)
2023-03-29 22:45:42,953 [pool-781-thread-1] INFO  server.RaftServerConfigKeys (ConfUtils.java:logGet(46)) - raft.server.storage.free-space.min = 0MB (=0) (default)
2023-03-29 22:45:42,954 [pool-781-thread-1] INFO  server.RaftServerConfigKeys (ConfUtils.java:logGet(46)) - raft.server.notification.no-leader.timeout = 2s (custom)
2023-03-29 22:45:42,954 [pool-781-thread-1] INFO  server.RaftServerConfigKeys (ConfUtils.java:logGet(46)) - raft.server.retrycache.expirytime = 300s (custom)
2023-03-29 22:45:42,954 [pool-781-thread-1] INFO  server.RaftServerConfigKeys (ConfUtils.java:logGet(46)) - raft.server.retrycache.statistics.expirytime = 100μs (default)
2023-03-29 22:45:42,955 [pool-781-thread-1] INFO  server.RaftServerConfigKeys (ConfUtils.java:logGet(46)) - raft.server.log.appender.install.snapshot.enabled = false (custom)
2023-03-29 22:45:42,955 [pool-781-thread-1] INFO  server.RaftServerConfigKeys (ConfUtils.java:logGet(46)) - raft.server.threadpool.server.cached = true (default)
2023-03-29 22:45:42,955 [pool-781-thread-1] INFO  server.RaftServerConfigKeys (ConfUtils.java:logGet(46)) - raft.server.threadpool.server.size = 0 (default)
2023-03-29 22:45:42,955 [pool-781-thread-1] INFO  server.RaftServerConfigKeys (ConfUtils.java:logGet(46)) - raft.server.threadpool.client.cached = true (default)
2023-03-29 22:45:42,955 [pool-781-thread-1] INFO  server.RaftServerConfigKeys (ConfUtils.java:logGet(46)) - raft.server.threadpool.client.size = 0 (default)
2023-03-29 22:45:43,432 [Listener at 0.0.0.0/42101] INFO  reflections.Reflections (Reflections.java:scan(232)) - Reflections took 479 ms to scan 19 urls, producing 68 keys and 4993 values [using 2 cores]
2023-03-29 22:45:43,434 [Listener at 0.0.0.0/42101] INFO  ipc.CallQueueManager (CallQueueManager.java:<init>(90)) - Using callQueue: class java.util.concurrent.LinkedBlockingQueue, queueCapacity: 2000, scheduler: class org.apache.hadoop.ipc.DefaultRpcScheduler, ipcBackoff: false.
2023-03-29 22:45:43,435 [Socket Reader #1 for port 38145] INFO  ipc.Server (Server.java:run(1273)) - Starting Socket Reader #1 for port 38145
2023-03-29 22:45:43,456 [Listener at 127.0.0.1/38145] INFO  impl.MetricsSystemImpl (MetricsSystemImpl.java:init(158)) - OzoneManager metrics system started (again)
2023-03-29 22:45:43,466 [Listener at 127.0.0.1/38145] INFO  om.OzoneManager (OzoneManager.java:start(1553)) - OzoneManager RPC server is listening at localhost/127.0.0.1:38145
2023-03-29 22:45:43,467 [Listener at 127.0.0.1/38145] INFO  ratis.OzoneManagerRatisServer (OzoneManagerRatisServer.java:start(558)) - Starting OzoneManagerRatisServer omNode-1 at port 34741
2023-03-29 22:45:43,467 [omNode-1-impl-thread1] INFO  storage.RaftStorageDirectory (RaftStorageDirectoryImpl.java:analyzeStorage(137)) - The storage directory /home/runner/work/ozone/ozone/hadoop-ozone/integration-test/target/test-dir/MiniOzoneClusterImpl-8ae17f6e-7b8d-4fcc-9253-feb95f7e1717/omNode-1/ratis/c9bc4cf4-3bc3-3c60-a66b-523986131536 does not exist. Creating ...
2023-03-29 22:45:43,469 [omNode-1-impl-thread1] INFO  storage.RaftStorageDirectory (RaftStorageDirectoryImpl.java:tryLock(231)) - Lock on /home/runner/work/ozone/ozone/hadoop-ozone/integration-test/target/test-dir/MiniOzoneClusterImpl-8ae17f6e-7b8d-4fcc-9253-feb95f7e1717/omNode-1/ratis/c9bc4cf4-3bc3-3c60-a66b-523986131536/in_use.lock acquired by nodename 4032@fv-az377-460
2023-03-29 22:45:43,470 [omNode-1-impl-thread1] INFO  storage.RaftStorage (RaftStorageImpl.java:format(96)) - Storage directory /home/runner/work/ozone/ozone/hadoop-ozone/integration-test/target/test-dir/MiniOzoneClusterImpl-8ae17f6e-7b8d-4fcc-9253-feb95f7e1717/omNode-1/ratis/c9bc4cf4-3bc3-3c60-a66b-523986131536 has been successfully formatted.
2023-03-29 22:45:43,470 [omNode-1-impl-thread1] INFO  server.RaftServerConfigKeys (ConfUtils.java:logGet(46)) - raft.server.log.use.memory = false (default)
2023-03-29 22:45:43,471 [omNode-1-impl-thread1] INFO  server.RaftServerConfigKeys (ConfUtils.java:logGet(46)) - raft.server.log.purge.gap = 1000000 (custom)
2023-03-29 22:45:43,471 [omNode-1-impl-thread1] INFO  server.RaftServerConfigKeys (ConfUtils.java:logGet(46)) - raft.server.log.appender.buffer.byte-limit = 33554432 (custom)
2023-03-29 22:45:43,471 [omNode-1-impl-thread1] INFO  server.RaftServerConfigKeys (ConfUtils.java:logGet(46)) - raft.server.log.statemachine.data.read.timeout = 1000ms (default)
2023-03-29 22:45:43,471 [omNode-1-impl-thread1] INFO  server.RaftServerConfigKeys (ConfUtils.java:logGet(46)) - raft.server.log.purge.preservation.log.num = 0 (default)
2023-03-29 22:45:43,471 [omNode-1-impl-thread1] INFO  server.RaftServerConfigKeys (ConfUtils.java:logGet(46)) - raft.server.log.segment.size.max = 4194304 (custom)
2023-03-29 22:45:43,471 [omNode-1-impl-thread1] INFO  server.RaftServerConfigKeys (ConfUtils.java:logGet(46)) - raft.server.log.segment.cache.num.max = 2 (custom)
2023-03-29 22:45:43,471 [omNode-1-impl-thread1] INFO  server.RaftServerConfigKeys (ConfUtils.java:logGet(46)) - raft.server.log.segment.cache.size.max = 200MB (=209715200) (default)
2023-03-29 22:45:43,471 [omNode-1-impl-thread1] INFO  segmented.SegmentedRaftLogWorker (SegmentedRaftLogWorker.java:<init>(189)) - new omNode-1@group-523986131536-SegmentedRaftLogWorker for RaftStorageImpl:Storage Directory /home/runner/work/ozone/ozone/hadoop-ozone/integration-test/target/test-dir/MiniOzoneClusterImpl-8ae17f6e-7b8d-4fcc-9253-feb95f7e1717/omNode-1/ratis/c9bc4cf4-3bc3-3c60-a66b-523986131536
2023-03-29 22:45:43,471 [omNode-1-impl-thread1] INFO  server.RaftServerConfigKeys (ConfUtils.java:logGet(46)) - raft.server.log.queue.byte-limit = 64MB (=67108864) (default)
2023-03-29 22:45:43,471 [omNode-1-impl-thread1] INFO  server.RaftServerConfigKeys (ConfUtils.java:logGet(46)) - raft.server.log.queue.element-limit = 4096 (default)
2023-03-29 22:45:43,471 [omNode-1-impl-thread1] INFO  server.RaftServerConfigKeys (ConfUtils.java:logGet(46)) - raft.server.log.segment.size.max = 4194304 (custom)
2023-03-29 22:45:43,471 [omNode-1-impl-thread1] INFO  server.RaftServerConfigKeys (ConfUtils.java:logGet(46)) - raft.server.log.preallocated.size = 4194304 (custom)
2023-03-29 22:45:43,471 [omNode-1-impl-thread1] INFO  server.RaftServerConfigKeys (ConfUtils.java:logGet(46)) - raft.server.log.force.sync.num = 128 (default)
2023-03-29 22:45:43,471 [omNode-1-impl-thread1] INFO  server.RaftServerConfigKeys (ConfUtils.java:logGet(46)) - raft.server.log.statemachine.data.sync = true (default)
2023-03-29 22:45:43,472 [omNode-1-impl-thread1] INFO  server.RaftServerConfigKeys (ConfUtils.java:logGet(46)) - raft.server.log.statemachine.data.sync.timeout = 10s (default)
2023-03-29 22:45:43,472 [omNode-1-impl-thread1] INFO  server.RaftServerConfigKeys (ConfUtils.java:logGet(46)) - raft.server.log.statemachine.data.sync.timeout.retry = -1 (default)
2023-03-29 22:45:43,472 [omNode-1-impl-thread1] INFO  server.RaftServerConfigKeys (ConfUtils.java:logGet(46)) - raft.server.log.write.buffer.size = 64KB (=65536) (default)
2023-03-29 22:45:43,472 [omNode-1-impl-thread1] INFO  server.RaftServerConfigKeys (ConfUtils.java:logGet(46)) - raft.server.log.appender.buffer.byte-limit = 33554432 (custom)
2023-03-29 22:45:43,477 [omNode-1-impl-thread1] INFO  server.RaftServerConfigKeys (ConfUtils.java:logGet(46)) - raft.server.log.unsafe-flush.enabled = false (default)
2023-03-29 22:45:43,477 [omNode-1-impl-thread1] INFO  server.RaftServerConfigKeys (ConfUtils.java:logGet(46)) - raft.server.log.async-flush.enabled = false (default)
2023-03-29 22:45:43,477 [omNode-1-impl-thread1] INFO  server.RaftServerConfigKeys (ConfUtils.java:logGet(46)) - raft.server.log.statemachine.data.caching.enabled = false (default)
2023-03-29 22:45:43,477 [omNode-1-impl-thread1] INFO  segmented.SegmentedRaftLogWorker (SegmentedRaftLogWorker.java:lambda$new$0(135)) - omNode-1@group-523986131536-SegmentedRaftLogWorker: flushIndex: setUnconditionally 0 -> -1
2023-03-29 22:45:43,477 [omNode-1-impl-thread1] INFO  segmented.SegmentedRaftLogWorker (SegmentedRaftLogWorker.java:lambda$new$0(135)) - omNode-1@group-523986131536-SegmentedRaftLogWorker: safeCacheEvictIndex: setUnconditionally 0 -> -1
2023-03-29 22:45:43,478 [omNode-1-impl-thread1] INFO  server.RaftServer$Division (RaftServerImpl.java:start(334)) - omNode-1@group-523986131536: start as a follower, conf=-1: peers:[omNode-3|rpc:localhost:44969|priority:0|startupRole:FOLLOWER, omNode-1|rpc:localhost:34741|priority:0|startupRole:FOLLOWER, omNode-2|rpc:localhost:39199|priority:0|startupRole:FOLLOWER]|listeners:[], old=null
2023-03-29 22:45:43,478 [omNode-1-impl-thread1] INFO  server.RaftServer$Division (RaftServerImpl.java:setRole(321)) - omNode-1@group-523986131536: changes role from      null to FOLLOWER at term 0 for startAsFollower
2023-03-29 22:45:43,478 [omNode-1-impl-thread1] INFO  impl.RoleInfo (RoleInfo.java:updateAndGet(139)) - omNode-1: start omNode-1@group-523986131536-FollowerState
2023-03-29 22:45:43,478 [omNode-1@group-523986131536-FollowerState] INFO  server.RaftServerConfigKeys (ConfUtils.java:logFallback(53)) - raft.server.rpc.first-election.timeout.min = 1s (fallback to raft.server.rpc.timeout.min)
2023-03-29 22:45:43,478 [omNode-1-impl-thread1] INFO  util.JmxRegister (JmxRegister.java:tryRegister(44)) - Successfully registered JMX Bean with object name Ratis:service=RaftServer,group=group-523986131536,id=omNode-1
2023-03-29 22:45:43,478 [omNode-1-impl-thread1] INFO  server.RaftServerConfigKeys (ConfUtils.java:logGet(46)) - raft.server.snapshot.auto.trigger.enabled = true (custom)
2023-03-29 22:45:43,478 [omNode-1-impl-thread1] INFO  server.RaftServerConfigKeys (ConfUtils.java:logGet(46)) - raft.server.snapshot.auto.trigger.threshold = 400000 (default)
2023-03-29 22:45:43,479 [omNode-1-impl-thread1] INFO  server.RaftServerConfigKeys (ConfUtils.java:logGet(46)) - raft.server.snapshot.retention.file.num = -1 (default)
2023-03-29 22:45:43,479 [omNode-1-impl-thread1] INFO  server.RaftServerConfigKeys (ConfUtils.java:logGet(46)) - raft.server.log.purge.upto.snapshot.index = true (custom)
2023-03-29 22:45:43,479 [Listener at 127.0.0.1/38145] INFO  server.RaftServer (RaftServerProxy.java:startImpl(393)) - omNode-1: start RPC server
2023-03-29 22:45:43,485 [omNode-1@group-523986131536-FollowerState] INFO  server.RaftServerConfigKeys (ConfUtils.java:logFallback(53)) - raft.server.rpc.first-election.timeout.max = 1200ms (fallback to raft.server.rpc.timeout.max)
2023-03-29 22:45:43,486 [Listener at 127.0.0.1/38145] INFO  server.GrpcService (GrpcService.java:startImpl(262)) - omNode-1: GrpcService started, listening on 34741
2023-03-29 22:45:43,486 [Listener at 127.0.0.1/38145] INFO  om.OzoneManager (OzoneManager.java:start(1569)) - Version File has different layout version (3) than OM DB (null). That is expected if this OM has never been finalized to a newer layout version.
2023-03-29 22:45:43,487 [JvmPauseMonitor6] INFO  util.JvmPauseMonitor (JvmPauseMonitor.java:run(105)) - JvmPauseMonitor-omNode-1: Started
2023-03-29 22:45:43,489 [Listener at 127.0.0.1/38145] INFO  http.BaseHttpServer (BaseHttpServer.java:newHttpServer2BuilderForOzone(224)) - Starting Web-server for ozoneManager at: http://0.0.0.0:38727
2023-03-29 22:45:43,489 [Listener at 127.0.0.1/38145] INFO  http.BaseHttpServer (BaseHttpServer.java:<init>(111)) - Hadoop Security Enabled: false Ozone Security Enabled: false Ozone HTTP Security Enabled: false 
2023-03-29 22:45:43,490 [Listener at 127.0.0.1/38145] WARN  server.AuthenticationFilter (AuthenticationFilter.java:constructSecretProvider(240)) - Unable to initialize FileSignerSecretProvider, falling back to use random secrets. Reason: Could not read signature secret file: /home/runner/hadoop-http-auth-signature-secret
2023-03-29 22:45:43,493 [Listener at 127.0.0.1/38145] WARN  http.HttpRequestLog (HttpRequestLog.java:getRequestLog(103)) - Jetty request log can only be enabled using Log4j
2023-03-29 22:45:43,495 [Listener at 127.0.0.1/38145] INFO  http.HttpServer2 (HttpServer2.java:addGlobalFilter(1031)) - Added global filter 'safety' (class=org.apache.hadoop.hdds.server.http.HttpServer2$QuotingInputFilter)
2023-03-29 22:45:43,496 [Listener at 127.0.0.1/38145] INFO  http.HttpServer2 (HttpServer2.java:addFilter(1007)) - Added filter static_user_filter (class=org.apache.hadoop.http.lib.StaticUserWebFilter$StaticUserFilter) to context ozoneManager
2023-03-29 22:45:43,497 [Listener at 127.0.0.1/38145] INFO  http.HttpServer2 (HttpServer2.java:addFilter(1015)) - Added filter static_user_filter (class=org.apache.hadoop.http.lib.StaticUserWebFilter$StaticUserFilter) to context static
2023-03-29 22:45:43,497 [Listener at 127.0.0.1/38145] INFO  http.HttpServer2 (HttpServer2.java:addFilter(1015)) - Added filter static_user_filter (class=org.apache.hadoop.http.lib.StaticUserWebFilter$StaticUserFilter) to context logs
2023-03-29 22:45:43,499 [Listener at 127.0.0.1/38145] INFO  http.BaseHttpServer (BaseHttpServer.java:<init>(190)) - HTTP server of ozoneManager uses base directory /home/runner/work/ozone/ozone/hadoop-ozone/integration-test/target/test-dir/MiniOzoneClusterImpl-8ae17f6e-7b8d-4fcc-9253-feb95f7e1717/omNode-1/webserver
2023-03-29 22:45:43,499 [Listener at 127.0.0.1/38145] INFO  http.HttpServer2 (HttpServer2.java:bindListener(1250)) - Jetty bound to port 38727
2023-03-29 22:45:43,499 [Listener at 127.0.0.1/38145] INFO  server.Server (Server.java:doStart(375)) - jetty-9.4.49.v20220914; built: 2022-09-14T01:07:36.601Z; git: 4231a3b2e4cb8548a412a789936d640a97b1aa0a; jvm 1.8.0_362-b09
2023-03-29 22:45:43,500 [Listener at 127.0.0.1/38145] INFO  server.session (DefaultSessionIdManager.java:doStart(334)) - DefaultSessionIdManager workerName=node0
2023-03-29 22:45:43,500 [Listener at 127.0.0.1/38145] INFO  server.session (DefaultSessionIdManager.java:doStart(339)) - No SessionScavenger set, using defaults
2023-03-29 22:45:43,501 [Listener at 127.0.0.1/38145] INFO  server.session (HouseKeeper.java:startScavenging(132)) - node0 Scavenging every 600000ms
2023-03-29 22:45:43,501 [Listener at 127.0.0.1/38145] INFO  handler.ContextHandler (ContextHandler.java:doStart(921)) - Started o.e.j.s.ServletContextHandler@68f1dc98{logs,/logs,file:///home/runner/work/ozone/ozone/hadoop-ozone/integration-test/target/log,AVAILABLE}
2023-03-29 22:45:43,502 [Listener at 127.0.0.1/38145] INFO  handler.ContextHandler (ContextHandler.java:doStart(921)) - Started o.e.j.s.ServletContextHandler@317c357f{static,/static,file:///home/runner/work/ozone/ozone/hadoop-ozone/integration-test/target/test-classes/webapps/static,AVAILABLE}
2023-03-29 22:45:43,505 [Listener at 127.0.0.1/38145] INFO  handler.ContextHandler (ContextHandler.java:doStart(921)) - Started o.e.j.w.WebAppContext@6dd6c3f3{ozoneManager,/,file:///home/runner/work/ozone/ozone/hadoop-ozone/integration-test/target/test-classes/webapps/ozoneManager/,AVAILABLE}{file:/home/runner/work/ozone/ozone/hadoop-ozone/integration-test/target/test-classes/webapps/ozoneManager}
2023-03-29 22:45:43,509 [Listener at 127.0.0.1/38145] INFO  server.AbstractConnector (AbstractConnector.java:doStart(333)) - Started ServerConnector@17e9379f{HTTP/1.1, (http/1.1)}{0.0.0.0:38727}
2023-03-29 22:45:43,510 [Listener at 127.0.0.1/38145] INFO  server.Server (Server.java:doStart(415)) - Started @75146ms
2023-03-29 22:45:43,510 [Listener at 127.0.0.1/38145] WARN  impl.MetricsSystemImpl (MetricsSystemImpl.java:register(279)) - Sink prometheus already exists!
2023-03-29 22:45:43,510 [Listener at 127.0.0.1/38145] INFO  http.BaseHttpServer (BaseHttpServer.java:updateConnectorAddress(344)) - HTTP server of ozoneManager listening at http://0.0.0.0:38727
2023-03-29 22:45:43,511 [IPC Server Responder] INFO  ipc.Server (Server.java:run(1512)) - IPC Server Responder: starting
2023-03-29 22:45:43,511 [IPC Server listener on 38145] INFO  ipc.Server (Server.java:run(1352)) - IPC Server listener on 38145: starting
2023-03-29 22:45:43,514 [Listener at 127.0.0.1/38145] INFO  om.OzoneManager (OzoneManager.java:startTrashEmptier(2040)) - Trash Interval set to 0. Files deleted won't move to trash
2023-03-29 22:45:43,514 [Listener at 127.0.0.1/38145] INFO  ozone.MiniOzoneHAClusterImpl (MiniOzoneHAClusterImpl.java:createOMService(527)) - Started OzoneManager omNode-1 RPC server at localhost/127.0.0.1:38145
2023-03-29 22:45:43,515 [Listener at 127.0.0.1/38145] INFO  ha.OMHANodeDetails (OMHANodeDetails.java:loadOMHAConfig(121)) - ServiceID for OzoneManager is om-service-test1
2023-03-29 22:45:43,516 [Listener at 127.0.0.1/38145] INFO  ha.OMHANodeDetails (OMHANodeDetails.java:loadOMHAConfig(201)) - Found matching OM address with OMServiceId: om-service-test1, OMNodeId: omNode-2, RPC Address: localhost:37233 and Ratis port: 39199
2023-03-29 22:45:43,516 [Listener at 127.0.0.1/38145] INFO  ha.OMHANodeDetails (ConfUtils.java:setNodeSpecificConfigs(97)) - Setting configuration key ozone.om.http-address with value of key ozone.om.http-address.om-service-test1.omNode-2: 127.0.0.1:36907
2023-03-29 22:45:43,516 [Listener at 127.0.0.1/38145] INFO  ha.OMHANodeDetails (ConfUtils.java:setNodeSpecificConfigs(97)) - Setting configuration key ozone.om.https-address with value of key ozone.om.https-address.om-service-test1.omNode-2: 127.0.0.1:43001
2023-03-29 22:45:43,516 [Listener at 127.0.0.1/38145] INFO  ha.OMHANodeDetails (ConfUtils.java:setNodeSpecificConfigs(97)) - Setting configuration key ozone.om.address with value of key ozone.om.address.om-service-test1.omNode-2: 127.0.0.1:37233
2023-03-29 22:45:43,516 [Listener at 127.0.0.1/38145] WARN  server.ServerUtils (ServerUtils.java:getDBPath(225)) - ozone.om.db.dirs is not configured. We recommend adding this setting. Falling back to ozone.metadata.dirs instead.
2023-03-29 22:45:43,517 [Listener at 127.0.0.1/38145] INFO  proxy.SCMBlockLocationFailoverProxyProvider (SCMBlockLocationFailoverProxyProvider.java:<init>(114)) - Created block location fail-over proxy with 1 nodes: [nodeId=scmNodeId,nodeAddress=/0.0.0.0:46519]
2023-03-29 22:45:43,518 [org.apache.hadoop.util.JvmPauseMonitor$Monitor@487180b9] INFO  util.JvmPauseMonitor (JvmPauseMonitor.java:run(188)) - Starting JVM pause monitor
OM initialization succeeded.Current cluster id for sd=/home/runner/work/ozone/ozone/hadoop-ozone/integration-test/target/test-dir/MiniOzoneClusterImpl-8ae17f6e-7b8d-4fcc-9253-feb95f7e1717/omNode-2/om;cid=8ae17f6e-7b8d-4fcc-9253-feb95f7e1717;layoutVersion=3
2023-03-29 22:45:43,535 [Listener at 127.0.0.1/38145] INFO  ha.OMHANodeDetails (OMHANodeDetails.java:loadOMHAConfig(121)) - ServiceID for OzoneManager is om-service-test1
2023-03-29 22:45:43,536 [Listener at 127.0.0.1/38145] INFO  ha.OMHANodeDetails (OMHANodeDetails.java:loadOMHAConfig(201)) - Found matching OM address with OMServiceId: om-service-test1, OMNodeId: omNode-2, RPC Address: localhost:37233 and Ratis port: 39199
2023-03-29 22:45:43,536 [Listener at 127.0.0.1/38145] INFO  ha.OMHANodeDetails (ConfUtils.java:setNodeSpecificConfigs(97)) - Setting configuration key ozone.om.http-address with value of key ozone.om.http-address.om-service-test1.omNode-2: 127.0.0.1:36907
2023-03-29 22:45:43,536 [Listener at 127.0.0.1/38145] INFO  ha.OMHANodeDetails (ConfUtils.java:setNodeSpecificConfigs(97)) - Setting configuration key ozone.om.https-address with value of key ozone.om.https-address.om-service-test1.omNode-2: 127.0.0.1:43001
2023-03-29 22:45:43,536 [Listener at 127.0.0.1/38145] INFO  ha.OMHANodeDetails (ConfUtils.java:setNodeSpecificConfigs(97)) - Setting configuration key ozone.om.address with value of key ozone.om.address.om-service-test1.omNode-2: 127.0.0.1:37233
2023-03-29 22:45:43,536 [Listener at 127.0.0.1/38145] WARN  server.ServerUtils (ServerUtils.java:getDBPath(225)) - ozone.om.db.dirs is not configured. We recommend adding this setting. Falling back to ozone.metadata.dirs instead.
2023-03-29 22:45:43,540 [Listener at 127.0.0.1/38145] INFO  upgrade.AbstractLayoutVersionManager (AbstractLayoutVersionManager.java:init(83)) - Initializing Layout version manager with metadata layout = MULTITENANCY_SCHEMA (version = 3), software layout = MULTITENANCY_SCHEMA (version = 3)
2023-03-29 22:45:43,615 [Listener at 127.0.0.1/38145] INFO  reflections.Reflections (Reflections.java:scan(232)) - Reflections took 74 ms to scan 2 urls, producing 170 keys and 470 values [using 2 cores]
2023-03-29 22:45:43,616 [Listener at 127.0.0.1/38145] INFO  upgrade.OMLayoutVersionManager (OMLayoutVersionManager.java:lambda$0(115)) - Skipping Upgrade Action MockOmUpgradeAction since it has been finalized.
2023-03-29 22:45:43,616 [Listener at 127.0.0.1/38145] WARN  server.ServerUtils (ServerUtils.java:getDBPath(225)) - ozone.om.db.dirs is not configured. We recommend adding this setting. Falling back to ozone.metadata.dirs instead.
2023-03-29 22:45:43,617 [Listener at 127.0.0.1/38145] INFO  proxy.SCMBlockLocationFailoverProxyProvider (SCMBlockLocationFailoverProxyProvider.java:<init>(114)) - Created block location fail-over proxy with 1 nodes: [nodeId=scmNodeId,nodeAddress=/0.0.0.0:46519]
2023-03-29 22:45:43,622 [Listener at 127.0.0.1/38145] INFO  proxy.SCMBlockLocationFailoverProxyProvider (SCMBlockLocationFailoverProxyProvider.java:<init>(114)) - Created block location fail-over proxy with 1 nodes: [nodeId=scmNodeId,nodeAddress=/0.0.0.0:46519]
2023-03-29 22:45:43,629 [Listener at 127.0.0.1/38145] INFO  om.OzoneManager (OzoneManager.java:<init>(619)) - OM start with adminUsers: [runner]
2023-03-29 22:45:43,630 [Listener at 127.0.0.1/38145] WARN  server.ServerUtils (ServerUtils.java:getDBPath(225)) - ozone.om.db.dirs is not configured. We recommend adding this setting. Falling back to ozone.metadata.dirs instead.
2023-03-29 22:45:43,630 [Listener at 127.0.0.1/38145] INFO  codec.OmKeyInfoCodec (OmKeyInfoCodec.java:<init>(49)) - OmKeyInfoCodec ignorePipeline = true
2023-03-29 22:45:43,630 [Listener at 127.0.0.1/38145] INFO  codec.RepeatedOmKeyInfoCodec (RepeatedOmKeyInfoCodec.java:<init>(41)) - RepeatedOmKeyInfoCodec ignorePipeline = true
2023-03-29 22:45:43,648 [EndpointStateMachine task thread for /0.0.0.0:44471 - 0 ] INFO  ipc.Client (Client.java:handleConnectionFailure(1010)) - Retrying connect to server: 0.0.0.0/0.0.0.0:44471. Already tried 4 time(s); retry policy is RetryUpToMaximumCountWithFixedSleep(maxRetries=15, sleepTime=1000 MILLISECONDS)
2023-03-29 22:45:43,843 [Listener at 127.0.0.1/38145] INFO  om.OzoneManager (OzoneManager.java:instantiateServices(749)) - S3 Multi-Tenancy is disabled
2023-03-29 22:45:43,844 [Listener at 127.0.0.1/38145] WARN  server.ServerUtils (ServerUtils.java:getDBPath(225)) - ozone.om.snapshot.diff.db.dir is not configured. We recommend adding this setting. Falling back to ozone.metadata.dirs instead.
2023-03-29 22:45:43,871 [Listener at 127.0.0.1/38145] INFO  om.OzoneManager (OzoneManager.java:addS3GVolumeToDB(4223)) - Created Volume s3v With Owner runner required for S3Gateway operations.
2023-03-29 22:45:43,871 [Listener at 127.0.0.1/38145] WARN  server.ServerUtils (ServerUtils.java:getDefaultRatisDirectory(237)) - Storage directory for Ratis is not configured. It is a good idea to map this to an SSD disk. Falling back to ozone.metadata.dirs
2023-03-29 22:45:43,872 [Listener at 127.0.0.1/38145] WARN  utils.OzoneManagerRatisUtils (OzoneManagerRatisUtils.java:getOMRatisSnapshotDirectory(446)) - ozone.om.ratis.snapshot.dir is not configured. Falling back to ozone.metadata.dirs config
2023-03-29 22:45:43,872 [Listener at 127.0.0.1/38145] INFO  snapshot.OzoneManagerSnapshotProvider (OzoneManagerSnapshotProvider.java:<init>(76)) - Initializing OM Snapshot Provider
2023-03-29 22:45:43,873 [Listener at 127.0.0.1/38145] WARN  impl.MetricRegistriesImpl (MetricRegistriesImpl.java:addReporterRegistration(111)) - New reporters are added after registries were created. Some metrics will be missing from the reporter. Please add reporter before adding any new registry.
2023-03-29 22:45:43,873 [Listener at 127.0.0.1/38145] WARN  impl.MetricRegistriesImpl (MetricRegistriesImpl.java:addReporterRegistration(111)) - New reporters are added after registries were created. Some metrics will be missing from the reporter. Please add reporter before adding any new registry.
2023-03-29 22:45:43,873 [Listener at 127.0.0.1/38145] WARN  server.ServerUtils (ServerUtils.java:getDefaultRatisDirectory(237)) - Storage directory for Ratis is not configured. It is a good idea to map this to an SSD disk. Falling back to ozone.metadata.dirs
2023-03-29 22:45:43,874 [Listener at 127.0.0.1/38145] INFO  ratis.OzoneManagerRatisServer (OzoneManagerRatisServer.java:<init>(163)) - Instantiating OM Ratis server with groupID: om-service-test1 and peers: localhost:39199, localhost:44969, localhost:34741
2023-03-29 22:45:43,875 [Listener at 127.0.0.1/38145] INFO  ratis.OzoneManagerStateMachine (OzoneManagerStateMachine.java:loadSnapshotInfoFromDB(636)) - LastAppliedIndex is set from TransactionInfo from OM DB as (t:0, i:~)
2023-03-29 22:45:43,875 [Listener at 127.0.0.1/38145] INFO  server.RaftServer (ConfUtils.java:logGet(46)) - raft.rpc.type = GRPC (default)
2023-03-29 22:45:43,875 [Listener at 127.0.0.1/38145] INFO  grpc.GrpcConfigKeys (ConfUtils.java:logFallback(53)) - raft.grpc.admin.host = null (fallback to raft.grpc.server.host)
2023-03-29 22:45:43,875 [Listener at 127.0.0.1/38145] INFO  grpc.GrpcConfigKeys (ConfUtils.java:logFallback(53)) - raft.grpc.admin.port = 39199 (fallback to raft.grpc.server.port)
2023-03-29 22:45:43,876 [Listener at 127.0.0.1/38145] INFO  grpc.GrpcConfigKeys (ConfUtils.java:logFallback(53)) - raft.grpc.client.host = null (fallback to raft.grpc.server.host)
2023-03-29 22:45:43,876 [Listener at 127.0.0.1/38145] INFO  grpc.GrpcConfigKeys (ConfUtils.java:logFallback(53)) - raft.grpc.client.port = 39199 (fallback to raft.grpc.server.port)
2023-03-29 22:45:43,876 [Listener at 127.0.0.1/38145] INFO  grpc.GrpcConfigKeys (ConfUtils.java:logGet(46)) - raft.grpc.server.host = null (default)
2023-03-29 22:45:43,876 [Listener at 127.0.0.1/38145] INFO  grpc.GrpcConfigKeys (ConfUtils.java:logGet(46)) - raft.grpc.server.port = 39199 (custom)
2023-03-29 22:45:43,876 [Listener at 127.0.0.1/38145] INFO  server.GrpcService (ConfUtils.java:logGet(46)) - raft.grpc.message.size.max = 33554432 (custom)
2023-03-29 22:45:43,876 [Listener at 127.0.0.1/38145] INFO  server.RaftServerConfigKeys (ConfUtils.java:logGet(46)) - raft.server.log.appender.buffer.byte-limit = 33554432 (custom)
2023-03-29 22:45:43,876 [Listener at 127.0.0.1/38145] INFO  server.GrpcService (ConfUtils.java:logGet(46)) - raft.grpc.flow.control.window = 1MB (=1048576) (default)
2023-03-29 22:45:43,876 [Listener at 127.0.0.1/38145] INFO  server.RaftServerConfigKeys (ConfUtils.java:logGet(46)) - raft.server.rpc.request.timeout = 3000ms (default)
2023-03-29 22:45:43,876 [Listener at 127.0.0.1/38145] INFO  grpc.GrpcConfigKeys (ConfUtils.java:logGet(46)) - raft.grpc.server.heartbeat.channel = true (default)
2023-03-29 22:45:43,876 [Listener at 127.0.0.1/38145] INFO  grpc.GrpcConfigKeys (ConfUtils.java:logGet(46)) - raft.grpc.server.async.request.thread.pool.cached = true (default)
2023-03-29 22:45:43,877 [Listener at 127.0.0.1/38145] INFO  grpc.GrpcConfigKeys (ConfUtils.java:logGet(46)) - raft.grpc.server.async.request.thread.pool.size = 32 (default)
2023-03-29 22:45:43,878 [Listener at 127.0.0.1/38145] INFO  impl.DataStreamServerImpl (ConfUtils.java:logGet(46)) - raft.datastream.type = DISABLED (default)
2023-03-29 22:45:43,878 [Listener at 127.0.0.1/38145] INFO  server.RaftServerConfigKeys (ConfUtils.java:logGet(46)) - raft.server.threadpool.proxy.cached = true (default)
2023-03-29 22:45:43,878 [Listener at 127.0.0.1/38145] INFO  server.RaftServerConfigKeys (ConfUtils.java:logGet(46)) - raft.server.threadpool.proxy.size = 0 (default)
2023-03-29 22:45:43,878 [Listener at 127.0.0.1/38145] INFO  server.RaftServerConfigKeys (ConfUtils.java:logGet(46)) - raft.server.rpc.slowness.timeout = 2s (custom)
2023-03-29 22:45:43,878 [Listener at 127.0.0.1/38145] INFO  server.RaftServerConfigKeys (ConfUtils.java:logGet(46)) - raft.server.leaderelection.leader.step-down.wait-time = 10s (default)
2023-03-29 22:45:43,878 [Listener at 127.0.0.1/38145] INFO  server.RaftServerConfigKeys (ConfUtils.java:logGet(46)) - raft.server.storage.dir = [/home/runner/work/ozone/ozone/hadoop-ozone/integration-test/target/test-dir/MiniOzoneClusterImpl-8ae17f6e-7b8d-4fcc-9253-feb95f7e1717/omNode-2/ratis] (custom)
2023-03-29 22:45:43,879 [Listener at 127.0.0.1/38145] INFO  server.RaftServer (RaftServerProxy.java:addNew(96)) - omNode-2: addNew group-523986131536:[omNode-3|rpc:localhost:44969|priority:0|startupRole:FOLLOWER, omNode-1|rpc:localhost:34741|priority:0|startupRole:FOLLOWER, omNode-2|rpc:localhost:39199|priority:0|startupRole:FOLLOWER] returns group-523986131536:java.util.concurrent.CompletableFuture@5cde6aaf[Not completed]
2023-03-29 22:45:43,879 [Listener at 127.0.0.1/38145] INFO  om.OzoneManager (OzoneManager.java:initializeRatisServer(2096)) - OzoneManager Ratis server initialized at port 39199
2023-03-29 22:45:43,879 [pool-811-thread-1] INFO  server.RaftServer$Division (RaftServerImpl.java:<init>(195)) - omNode-2: new RaftServerImpl for group-523986131536:[omNode-3|rpc:localhost:44969|priority:0|startupRole:FOLLOWER, omNode-1|rpc:localhost:34741|priority:0|startupRole:FOLLOWER, omNode-2|rpc:localhost:39199|priority:0|startupRole:FOLLOWER] with OzoneManagerStateMachine:uninitialized
2023-03-29 22:45:43,879 [Listener at 127.0.0.1/38145] INFO  om.OzoneManager (OzoneManager.java:getRpcServer(1132)) - Creating RPC Server
2023-03-29 22:45:43,879 [pool-811-thread-1] INFO  server.RaftServerConfigKeys (ConfUtils.java:logGet(46)) - raft.server.rpc.timeout.min = 1s (custom)
2023-03-29 22:45:43,879 [pool-811-thread-1] INFO  server.RaftServerConfigKeys (ConfUtils.java:logGet(46)) - raft.server.rpc.timeout.max = 1200ms (custom)
2023-03-29 22:45:43,880 [pool-811-thread-1] INFO  server.RaftServerConfigKeys (ConfUtils.java:logGet(46)) - raft.server.rpc.sleep.time = 25ms (default)
2023-03-29 22:45:43,880 [pool-811-thread-1] INFO  server.RaftServerConfigKeys (ConfUtils.java:logGet(46)) - raft.server.rpc.slowness.timeout = 2s (custom)
2023-03-29 22:45:43,880 [pool-811-thread-1] INFO  server.RaftServerConfigKeys (ConfUtils.java:logGet(46)) - raft.server.leaderelection.leader.step-down.wait-time = 10s (default)
2023-03-29 22:45:43,880 [pool-811-thread-1] INFO  server.RaftServerConfigKeys (ConfUtils.java:logGet(46)) - raft.server.sleep.deviation.threshold = 300ms (default)
2023-03-29 22:45:43,880 [pool-811-thread-1] INFO  server.RaftServer$Division (ServerState.java:<init>(118)) - omNode-2@group-523986131536: ConfigurationManager, init=-1: peers:[omNode-3|rpc:localhost:44969|priority:0|startupRole:FOLLOWER, omNode-1|rpc:localhost:34741|priority:0|startupRole:FOLLOWER, omNode-2|rpc:localhost:39199|priority:0|startupRole:FOLLOWER]|listeners:[], old=null, confs=<EMPTY_MAP>
2023-03-29 22:45:43,880 [pool-811-thread-1] INFO  server.RaftServerConfigKeys (ConfUtils.java:logGet(46)) - raft.server.storage.dir = [/home/runner/work/ozone/ozone/hadoop-ozone/integration-test/target/test-dir/MiniOzoneClusterImpl-8ae17f6e-7b8d-4fcc-9253-feb95f7e1717/omNode-2/ratis] (custom)
2023-03-29 22:45:43,881 [pool-811-thread-1] INFO  server.RaftServerConfigKeys (ConfUtils.java:logGet(46)) - raft.server.log.corruption.policy = EXCEPTION (default)
2023-03-29 22:45:43,881 [pool-811-thread-1] INFO  server.RaftServerConfigKeys (ConfUtils.java:logGet(46)) - raft.server.storage.free-space.min = 0MB (=0) (default)
2023-03-29 22:45:43,881 [pool-811-thread-1] INFO  server.RaftServerConfigKeys (ConfUtils.java:logGet(46)) - raft.server.notification.no-leader.timeout = 2s (custom)
2023-03-29 22:45:43,881 [pool-811-thread-1] INFO  server.RaftServerConfigKeys (ConfUtils.java:logGet(46)) - raft.server.retrycache.expirytime = 300s (custom)
2023-03-29 22:45:43,881 [pool-811-thread-1] INFO  server.RaftServerConfigKeys (ConfUtils.java:logGet(46)) - raft.server.retrycache.statistics.expirytime = 100μs (default)
2023-03-29 22:45:43,888 [pool-811-thread-1] INFO  server.RaftServerConfigKeys (ConfUtils.java:logGet(46)) - raft.server.log.appender.install.snapshot.enabled = false (custom)
2023-03-29 22:45:43,888 [pool-811-thread-1] INFO  server.RaftServerConfigKeys (ConfUtils.java:logGet(46)) - raft.server.threadpool.server.cached = true (default)
2023-03-29 22:45:43,888 [pool-811-thread-1] INFO  server.RaftServerConfigKeys (ConfUtils.java:logGet(46)) - raft.server.threadpool.server.size = 0 (default)
2023-03-29 22:45:43,888 [pool-811-thread-1] INFO  server.RaftServerConfigKeys (ConfUtils.java:logGet(46)) - raft.server.threadpool.client.cached = true (default)
2023-03-29 22:45:43,888 [pool-811-thread-1] INFO  server.RaftServerConfigKeys (ConfUtils.java:logGet(46)) - raft.server.threadpool.client.size = 0 (default)
2023-03-29 22:45:44,208 [Listener at 127.0.0.1/38145] INFO  reflections.Reflections (Reflections.java:scan(232)) - Reflections took 327 ms to scan 19 urls, producing 68 keys and 4993 values [using 2 cores]
2023-03-29 22:45:44,209 [Listener at 127.0.0.1/38145] INFO  ipc.CallQueueManager (CallQueueManager.java:<init>(90)) - Using callQueue: class java.util.concurrent.LinkedBlockingQueue, queueCapacity: 2000, scheduler: class org.apache.hadoop.ipc.DefaultRpcScheduler, ipcBackoff: false.
2023-03-29 22:45:44,212 [Socket Reader #1 for port 37233] INFO  ipc.Server (Server.java:run(1273)) - Starting Socket Reader #1 for port 37233
2023-03-29 22:45:44,237 [Listener at 127.0.0.1/37233] INFO  impl.MetricsSystemImpl (MetricsSystemImpl.java:init(158)) - OzoneManager metrics system started (again)
2023-03-29 22:45:44,249 [Listener at 127.0.0.1/37233] INFO  om.OzoneManager (OzoneManager.java:start(1553)) - OzoneManager RPC server is listening at localhost/127.0.0.1:37233
2023-03-29 22:45:44,249 [Listener at 127.0.0.1/37233] INFO  ratis.OzoneManagerRatisServer (OzoneManagerRatisServer.java:start(558)) - Starting OzoneManagerRatisServer omNode-2 at port 39199
2023-03-29 22:45:44,249 [omNode-2-impl-thread1] INFO  storage.RaftStorageDirectory (RaftStorageDirectoryImpl.java:analyzeStorage(137)) - The storage directory /home/runner/work/ozone/ozone/hadoop-ozone/integration-test/target/test-dir/MiniOzoneClusterImpl-8ae17f6e-7b8d-4fcc-9253-feb95f7e1717/omNode-2/ratis/c9bc4cf4-3bc3-3c60-a66b-523986131536 does not exist. Creating ...
2023-03-29 22:45:44,251 [omNode-2-impl-thread1] INFO  storage.RaftStorageDirectory (RaftStorageDirectoryImpl.java:tryLock(231)) - Lock on /home/runner/work/ozone/ozone/hadoop-ozone/integration-test/target/test-dir/MiniOzoneClusterImpl-8ae17f6e-7b8d-4fcc-9253-feb95f7e1717/omNode-2/ratis/c9bc4cf4-3bc3-3c60-a66b-523986131536/in_use.lock acquired by nodename 4032@fv-az377-460
2023-03-29 22:45:44,252 [omNode-2-impl-thread1] INFO  storage.RaftStorage (RaftStorageImpl.java:format(96)) - Storage directory /home/runner/work/ozone/ozone/hadoop-ozone/integration-test/target/test-dir/MiniOzoneClusterImpl-8ae17f6e-7b8d-4fcc-9253-feb95f7e1717/omNode-2/ratis/c9bc4cf4-3bc3-3c60-a66b-523986131536 has been successfully formatted.
2023-03-29 22:45:44,253 [omNode-2-impl-thread1] INFO  server.RaftServerConfigKeys (ConfUtils.java:logGet(46)) - raft.server.log.use.memory = false (default)
2023-03-29 22:45:44,253 [omNode-2-impl-thread1] INFO  server.RaftServerConfigKeys (ConfUtils.java:logGet(46)) - raft.server.log.purge.gap = 1000000 (custom)
2023-03-29 22:45:44,253 [omNode-2-impl-thread1] INFO  server.RaftServerConfigKeys (ConfUtils.java:logGet(46)) - raft.server.log.appender.buffer.byte-limit = 33554432 (custom)
2023-03-29 22:45:44,253 [omNode-2-impl-thread1] INFO  server.RaftServerConfigKeys (ConfUtils.java:logGet(46)) - raft.server.log.statemachine.data.read.timeout = 1000ms (default)
2023-03-29 22:45:44,253 [omNode-2-impl-thread1] INFO  server.RaftServerConfigKeys (ConfUtils.java:logGet(46)) - raft.server.log.purge.preservation.log.num = 0 (default)
2023-03-29 22:45:44,253 [omNode-2-impl-thread1] INFO  server.RaftServerConfigKeys (ConfUtils.java:logGet(46)) - raft.server.log.segment.size.max = 4194304 (custom)
2023-03-29 22:45:44,253 [omNode-2-impl-thread1] INFO  server.RaftServerConfigKeys (ConfUtils.java:logGet(46)) - raft.server.log.segment.cache.num.max = 2 (custom)
2023-03-29 22:45:44,253 [omNode-2-impl-thread1] INFO  server.RaftServerConfigKeys (ConfUtils.java:logGet(46)) - raft.server.log.segment.cache.size.max = 200MB (=209715200) (default)
2023-03-29 22:45:44,256 [omNode-2-impl-thread1] INFO  segmented.SegmentedRaftLogWorker (SegmentedRaftLogWorker.java:<init>(189)) - new omNode-2@group-523986131536-SegmentedRaftLogWorker for RaftStorageImpl:Storage Directory /home/runner/work/ozone/ozone/hadoop-ozone/integration-test/target/test-dir/MiniOzoneClusterImpl-8ae17f6e-7b8d-4fcc-9253-feb95f7e1717/omNode-2/ratis/c9bc4cf4-3bc3-3c60-a66b-523986131536
2023-03-29 22:45:44,256 [omNode-2-impl-thread1] INFO  server.RaftServerConfigKeys (ConfUtils.java:logGet(46)) - raft.server.log.queue.byte-limit = 64MB (=67108864) (default)
2023-03-29 22:45:44,256 [omNode-2-impl-thread1] INFO  server.RaftServerConfigKeys (ConfUtils.java:logGet(46)) - raft.server.log.queue.element-limit = 4096 (default)
2023-03-29 22:45:44,256 [omNode-2-impl-thread1] INFO  server.RaftServerConfigKeys (ConfUtils.java:logGet(46)) - raft.server.log.segment.size.max = 4194304 (custom)
2023-03-29 22:45:44,256 [omNode-2-impl-thread1] INFO  server.RaftServerConfigKeys (ConfUtils.java:logGet(46)) - raft.server.log.preallocated.size = 4194304 (custom)
2023-03-29 22:45:44,256 [omNode-2-impl-thread1] INFO  server.RaftServerConfigKeys (ConfUtils.java:logGet(46)) - raft.server.log.force.sync.num = 128 (default)
2023-03-29 22:45:44,256 [omNode-2-impl-thread1] INFO  server.RaftServerConfigKeys (ConfUtils.java:logGet(46)) - raft.server.log.statemachine.data.sync = true (default)
2023-03-29 22:45:44,256 [omNode-2-impl-thread1] INFO  server.RaftServerConfigKeys (ConfUtils.java:logGet(46)) - raft.server.log.statemachine.data.sync.timeout = 10s (default)
2023-03-29 22:45:44,256 [omNode-2-impl-thread1] INFO  server.RaftServerConfigKeys (ConfUtils.java:logGet(46)) - raft.server.log.statemachine.data.sync.timeout.retry = -1 (default)
2023-03-29 22:45:44,256 [omNode-2-impl-thread1] INFO  server.RaftServerConfigKeys (ConfUtils.java:logGet(46)) - raft.server.log.write.buffer.size = 64KB (=65536) (default)
2023-03-29 22:45:44,256 [omNode-2-impl-thread1] INFO  server.RaftServerConfigKeys (ConfUtils.java:logGet(46)) - raft.server.log.appender.buffer.byte-limit = 33554432 (custom)
2023-03-29 22:45:44,262 [omNode-2-impl-thread1] INFO  server.RaftServerConfigKeys (ConfUtils.java:logGet(46)) - raft.server.log.unsafe-flush.enabled = false (default)
2023-03-29 22:45:44,262 [omNode-2-impl-thread1] INFO  server.RaftServerConfigKeys (ConfUtils.java:logGet(46)) - raft.server.log.async-flush.enabled = false (default)
2023-03-29 22:45:44,262 [omNode-2-impl-thread1] INFO  server.RaftServerConfigKeys (ConfUtils.java:logGet(46)) - raft.server.log.statemachine.data.caching.enabled = false (default)
2023-03-29 22:45:44,262 [omNode-2-impl-thread1] INFO  segmented.SegmentedRaftLogWorker (SegmentedRaftLogWorker.java:lambda$new$0(135)) - omNode-2@group-523986131536-SegmentedRaftLogWorker: flushIndex: setUnconditionally 0 -> -1
2023-03-29 22:45:44,262 [omNode-2-impl-thread1] INFO  segmented.SegmentedRaftLogWorker (SegmentedRaftLogWorker.java:lambda$new$0(135)) - omNode-2@group-523986131536-SegmentedRaftLogWorker: safeCacheEvictIndex: setUnconditionally 0 -> -1
2023-03-29 22:45:44,262 [omNode-2-impl-thread1] INFO  server.RaftServer$Division (RaftServerImpl.java:start(334)) - omNode-2@group-523986131536: start as a follower, conf=-1: peers:[omNode-3|rpc:localhost:44969|priority:0|startupRole:FOLLOWER, omNode-1|rpc:localhost:34741|priority:0|startupRole:FOLLOWER, omNode-2|rpc:localhost:39199|priority:0|startupRole:FOLLOWER]|listeners:[], old=null
2023-03-29 22:45:44,262 [omNode-2-impl-thread1] INFO  server.RaftServer$Division (RaftServerImpl.java:setRole(321)) - omNode-2@group-523986131536: changes role from      null to FOLLOWER at term 0 for startAsFollower
2023-03-29 22:45:44,262 [omNode-2-impl-thread1] INFO  impl.RoleInfo (RoleInfo.java:updateAndGet(139)) - omNode-2: start omNode-2@group-523986131536-FollowerState
2023-03-29 22:45:44,266 [omNode-2-impl-thread1] INFO  util.JmxRegister (JmxRegister.java:tryRegister(44)) - Successfully registered JMX Bean with object name Ratis:service=RaftServer,group=group-523986131536,id=omNode-2
2023-03-29 22:45:44,266 [omNode-2-impl-thread1] INFO  server.RaftServerConfigKeys (ConfUtils.java:logGet(46)) - raft.server.snapshot.auto.trigger.enabled = true (custom)
2023-03-29 22:45:44,266 [omNode-2-impl-thread1] INFO  server.RaftServerConfigKeys (ConfUtils.java:logGet(46)) - raft.server.snapshot.auto.trigger.threshold = 400000 (default)
2023-03-29 22:45:44,266 [omNode-2-impl-thread1] INFO  server.RaftServerConfigKeys (ConfUtils.java:logGet(46)) - raft.server.snapshot.retention.file.num = -1 (default)
2023-03-29 22:45:44,266 [omNode-2-impl-thread1] INFO  server.RaftServerConfigKeys (ConfUtils.java:logGet(46)) - raft.server.log.purge.upto.snapshot.index = true (custom)
2023-03-29 22:45:44,267 [omNode-2@group-523986131536-FollowerState] INFO  server.RaftServerConfigKeys (ConfUtils.java:logFallback(53)) - raft.server.rpc.first-election.timeout.min = 1s (fallback to raft.server.rpc.timeout.min)
2023-03-29 22:45:44,267 [omNode-2@group-523986131536-FollowerState] INFO  server.RaftServerConfigKeys (ConfUtils.java:logFallback(53)) - raft.server.rpc.first-election.timeout.max = 1200ms (fallback to raft.server.rpc.timeout.max)
2023-03-29 22:45:44,267 [Listener at 127.0.0.1/37233] INFO  server.RaftServer (RaftServerProxy.java:startImpl(393)) - omNode-2: start RPC server
2023-03-29 22:45:44,270 [Listener at 127.0.0.1/37233] INFO  server.GrpcService (GrpcService.java:startImpl(262)) - omNode-2: GrpcService started, listening on 39199
2023-03-29 22:45:44,270 [Listener at 127.0.0.1/37233] INFO  om.OzoneManager (OzoneManager.java:start(1569)) - Version File has different layout version (3) than OM DB (null). That is expected if this OM has never been finalized to a newer layout version.
2023-03-29 22:45:44,271 [JvmPauseMonitor7] INFO  util.JvmPauseMonitor (JvmPauseMonitor.java:run(105)) - JvmPauseMonitor-omNode-2: Started
2023-03-29 22:45:44,273 [Listener at 127.0.0.1/37233] INFO  http.BaseHttpServer (BaseHttpServer.java:newHttpServer2BuilderForOzone(224)) - Starting Web-server for ozoneManager at: http://0.0.0.0:36907
2023-03-29 22:45:44,273 [Listener at 127.0.0.1/37233] INFO  http.BaseHttpServer (BaseHttpServer.java:<init>(111)) - Hadoop Security Enabled: false Ozone Security Enabled: false Ozone HTTP Security Enabled: false 
2023-03-29 22:45:44,274 [Listener at 127.0.0.1/37233] WARN  server.AuthenticationFilter (AuthenticationFilter.java:constructSecretProvider(240)) - Unable to initialize FileSignerSecretProvider, falling back to use random secrets. Reason: Could not read signature secret file: /home/runner/hadoop-http-auth-signature-secret
2023-03-29 22:45:44,275 [Listener at 127.0.0.1/37233] WARN  http.HttpRequestLog (HttpRequestLog.java:getRequestLog(103)) - Jetty request log can only be enabled using Log4j
2023-03-29 22:45:44,277 [Listener at 127.0.0.1/37233] INFO  http.HttpServer2 (HttpServer2.java:addGlobalFilter(1031)) - Added global filter 'safety' (class=org.apache.hadoop.hdds.server.http.HttpServer2$QuotingInputFilter)
2023-03-29 22:45:44,277 [Listener at 127.0.0.1/37233] INFO  http.HttpServer2 (HttpServer2.java:addFilter(1007)) - Added filter static_user_filter (class=org.apache.hadoop.http.lib.StaticUserWebFilter$StaticUserFilter) to context ozoneManager
2023-03-29 22:45:44,277 [Listener at 127.0.0.1/37233] INFO  http.HttpServer2 (HttpServer2.java:addFilter(1015)) - Added filter static_user_filter (class=org.apache.hadoop.http.lib.StaticUserWebFilter$StaticUserFilter) to context static
2023-03-29 22:45:44,277 [Listener at 127.0.0.1/37233] INFO  http.HttpServer2 (HttpServer2.java:addFilter(1015)) - Added filter static_user_filter (class=org.apache.hadoop.http.lib.StaticUserWebFilter$StaticUserFilter) to context logs
2023-03-29 22:45:44,278 [Listener at 127.0.0.1/37233] INFO  http.BaseHttpServer (BaseHttpServer.java:<init>(190)) - HTTP server of ozoneManager uses base directory /home/runner/work/ozone/ozone/hadoop-ozone/integration-test/target/test-dir/MiniOzoneClusterImpl-8ae17f6e-7b8d-4fcc-9253-feb95f7e1717/omNode-2/webserver
2023-03-29 22:45:44,278 [Listener at 127.0.0.1/37233] INFO  http.HttpServer2 (HttpServer2.java:bindListener(1250)) - Jetty bound to port 36907
2023-03-29 22:45:44,278 [Listener at 127.0.0.1/37233] INFO  server.Server (Server.java:doStart(375)) - jetty-9.4.49.v20220914; built: 2022-09-14T01:07:36.601Z; git: 4231a3b2e4cb8548a412a789936d640a97b1aa0a; jvm 1.8.0_362-b09
2023-03-29 22:45:44,280 [Listener at 127.0.0.1/37233] INFO  server.session (DefaultSessionIdManager.java:doStart(334)) - DefaultSessionIdManager workerName=node0
2023-03-29 22:45:44,280 [Listener at 127.0.0.1/37233] INFO  server.session (DefaultSessionIdManager.java:doStart(339)) - No SessionScavenger set, using defaults
2023-03-29 22:45:44,280 [Listener at 127.0.0.1/37233] INFO  server.session (HouseKeeper.java:startScavenging(132)) - node0 Scavenging every 660000ms
2023-03-29 22:45:44,281 [Listener at 127.0.0.1/37233] INFO  handler.ContextHandler (ContextHandler.java:doStart(921)) - Started o.e.j.s.ServletContextHandler@4258eba5{logs,/logs,file:///home/runner/work/ozone/ozone/hadoop-ozone/integration-test/target/log,AVAILABLE}
2023-03-29 22:45:44,281 [Listener at 127.0.0.1/37233] INFO  handler.ContextHandler (ContextHandler.java:doStart(921)) - Started o.e.j.s.ServletContextHandler@7e6d6279{static,/static,file:///home/runner/work/ozone/ozone/hadoop-ozone/integration-test/target/test-classes/webapps/static,AVAILABLE}
2023-03-29 22:45:44,284 [Listener at 127.0.0.1/37233] INFO  handler.ContextHandler (ContextHandler.java:doStart(921)) - Started o.e.j.w.WebAppContext@36a63247{ozoneManager,/,file:///home/runner/work/ozone/ozone/hadoop-ozone/integration-test/target/test-classes/webapps/ozoneManager/,AVAILABLE}{file:/home/runner/work/ozone/ozone/hadoop-ozone/integration-test/target/test-classes/webapps/ozoneManager}
2023-03-29 22:45:44,286 [Listener at 127.0.0.1/37233] INFO  server.AbstractConnector (AbstractConnector.java:doStart(333)) - Started ServerConnector@7b37f67a{HTTP/1.1, (http/1.1)}{0.0.0.0:36907}
2023-03-29 22:45:44,286 [Listener at 127.0.0.1/37233] INFO  server.Server (Server.java:doStart(415)) - Started @75922ms
2023-03-29 22:45:44,286 [Listener at 127.0.0.1/37233] WARN  impl.MetricsSystemImpl (MetricsSystemImpl.java:register(279)) - Sink prometheus already exists!
2023-03-29 22:45:44,286 [Listener at 127.0.0.1/37233] INFO  http.BaseHttpServer (BaseHttpServer.java:updateConnectorAddress(344)) - HTTP server of ozoneManager listening at http://0.0.0.0:36907
2023-03-29 22:45:44,287 [IPC Server Responder] INFO  ipc.Server (Server.java:run(1512)) - IPC Server Responder: starting
2023-03-29 22:45:44,287 [IPC Server listener on 37233] INFO  ipc.Server (Server.java:run(1352)) - IPC Server listener on 37233: starting
2023-03-29 22:45:44,293 [Listener at 127.0.0.1/37233] INFO  om.OzoneManager (OzoneManager.java:startTrashEmptier(2040)) - Trash Interval set to 0. Files deleted won't move to trash
2023-03-29 22:45:44,293 [Listener at 127.0.0.1/37233] INFO  ozone.MiniOzoneHAClusterImpl (MiniOzoneHAClusterImpl.java:createOMService(527)) - Started OzoneManager omNode-2 RPC server at localhost/127.0.0.1:37233
2023-03-29 22:45:44,294 [Listener at 127.0.0.1/37233] INFO  ha.OMHANodeDetails (OMHANodeDetails.java:loadOMHAConfig(121)) - ServiceID for OzoneManager is om-service-test1
2023-03-29 22:45:44,295 [Listener at 127.0.0.1/37233] INFO  ha.OMHANodeDetails (OMHANodeDetails.java:loadOMHAConfig(201)) - Found matching OM address with OMServiceId: om-service-test1, OMNodeId: omNode-3, RPC Address: localhost:35129 and Ratis port: 44969
2023-03-29 22:45:44,295 [Listener at 127.0.0.1/37233] INFO  ha.OMHANodeDetails (ConfUtils.java:setNodeSpecificConfigs(97)) - Setting configuration key ozone.om.http-address with value of key ozone.om.http-address.om-service-test1.omNode-3: 127.0.0.1:35209
2023-03-29 22:45:44,295 [Listener at 127.0.0.1/37233] INFO  ha.OMHANodeDetails (ConfUtils.java:setNodeSpecificConfigs(97)) - Setting configuration key ozone.om.https-address with value of key ozone.om.https-address.om-service-test1.omNode-3: 127.0.0.1:40825
2023-03-29 22:45:44,295 [Listener at 127.0.0.1/37233] INFO  ha.OMHANodeDetails (ConfUtils.java:setNodeSpecificConfigs(97)) - Setting configuration key ozone.om.address with value of key ozone.om.address.om-service-test1.omNode-3: 127.0.0.1:35129
2023-03-29 22:45:44,295 [Listener at 127.0.0.1/37233] WARN  server.ServerUtils (ServerUtils.java:getDBPath(225)) - ozone.om.db.dirs is not configured. We recommend adding this setting. Falling back to ozone.metadata.dirs instead.
2023-03-29 22:45:44,296 [Listener at 127.0.0.1/37233] INFO  proxy.SCMBlockLocationFailoverProxyProvider (SCMBlockLocationFailoverProxyProvider.java:<init>(114)) - Created block location fail-over proxy with 1 nodes: [nodeId=scmNodeId,nodeAddress=/0.0.0.0:46519]
2023-03-29 22:45:44,298 [org.apache.hadoop.util.JvmPauseMonitor$Monitor@6f9090c6] INFO  util.JvmPauseMonitor (JvmPauseMonitor.java:run(188)) - Starting JVM pause monitor
OM initialization succeeded.Current cluster id for sd=/home/runner/work/ozone/ozone/hadoop-ozone/integration-test/target/test-dir/MiniOzoneClusterImpl-8ae17f6e-7b8d-4fcc-9253-feb95f7e1717/omNode-3/om;cid=8ae17f6e-7b8d-4fcc-9253-feb95f7e1717;layoutVersion=3
2023-03-29 22:45:44,304 [Listener at 127.0.0.1/37233] INFO  ha.OMHANodeDetails (OMHANodeDetails.java:loadOMHAConfig(121)) - ServiceID for OzoneManager is om-service-test1
2023-03-29 22:45:44,305 [Listener at 127.0.0.1/37233] INFO  ha.OMHANodeDetails (OMHANodeDetails.java:loadOMHAConfig(201)) - Found matching OM address with OMServiceId: om-service-test1, OMNodeId: omNode-3, RPC Address: localhost:35129 and Ratis port: 44969
2023-03-29 22:45:44,305 [Listener at 127.0.0.1/37233] INFO  ha.OMHANodeDetails (ConfUtils.java:setNodeSpecificConfigs(97)) - Setting configuration key ozone.om.http-address with value of key ozone.om.http-address.om-service-test1.omNode-3: 127.0.0.1:35209
2023-03-29 22:45:44,305 [Listener at 127.0.0.1/37233] INFO  ha.OMHANodeDetails (ConfUtils.java:setNodeSpecificConfigs(97)) - Setting configuration key ozone.om.https-address with value of key ozone.om.https-address.om-service-test1.omNode-3: 127.0.0.1:40825
2023-03-29 22:45:44,305 [Listener at 127.0.0.1/37233] INFO  ha.OMHANodeDetails (ConfUtils.java:setNodeSpecificConfigs(97)) - Setting configuration key ozone.om.address with value of key ozone.om.address.om-service-test1.omNode-3: 127.0.0.1:35129
2023-03-29 22:45:44,305 [Listener at 127.0.0.1/37233] WARN  server.ServerUtils (ServerUtils.java:getDBPath(225)) - ozone.om.db.dirs is not configured. We recommend adding this setting. Falling back to ozone.metadata.dirs instead.
2023-03-29 22:45:44,307 [Listener at 127.0.0.1/37233] INFO  upgrade.AbstractLayoutVersionManager (AbstractLayoutVersionManager.java:init(83)) - Initializing Layout version manager with metadata layout = MULTITENANCY_SCHEMA (version = 3), software layout = MULTITENANCY_SCHEMA (version = 3)
2023-03-29 22:45:44,528 [omNode-1@group-523986131536-FollowerState] INFO  impl.FollowerState (FollowerState.java:run(143)) - omNode-1@group-523986131536-FollowerState: change to CANDIDATE, lastRpcElapsedTime:1050536834ns, electionTimeout:1043ms
2023-03-29 22:45:44,529 [omNode-1@group-523986131536-FollowerState] INFO  impl.RoleInfo (RoleInfo.java:shutdownFollowerState(110)) - omNode-1: shutdown omNode-1@group-523986131536-FollowerState
2023-03-29 22:45:44,529 [omNode-1@group-523986131536-FollowerState] INFO  server.RaftServer$Division (RaftServerImpl.java:setRole(321)) - omNode-1@group-523986131536: changes role from  FOLLOWER to CANDIDATE at term 0 for changeToCandidate
2023-03-29 22:45:44,529 [omNode-1@group-523986131536-FollowerState] INFO  server.RaftServerConfigKeys (ConfUtils.java:logGet(46)) - raft.server.leaderelection.pre-vote = true (default)
2023-03-29 22:45:44,529 [omNode-1@group-523986131536-FollowerState] INFO  impl.RoleInfo (RoleInfo.java:updateAndGet(139)) - omNode-1: start omNode-1@group-523986131536-LeaderElection7
2023-03-29 22:45:44,533 [omNode-1@group-523986131536-LeaderElection7] INFO  impl.LeaderElection (LeaderElection.java:askForVotes(312)) - omNode-1@group-523986131536-LeaderElection7 PRE_VOTE round 0: submit vote requests at term 0 for -1: peers:[omNode-3|rpc:localhost:44969|priority:0|startupRole:FOLLOWER, omNode-1|rpc:localhost:34741|priority:0|startupRole:FOLLOWER, omNode-2|rpc:localhost:39199|priority:0|startupRole:FOLLOWER]|listeners:[], old=null
2023-03-29 22:45:44,534 [omNode-1@group-523986131536-LeaderElection7-1] INFO  server.GrpcServerProtocolClient (GrpcServerProtocolClient.java:<init>(63)) - Build channel for omNode-3
2023-03-29 22:45:44,538 [omNode-1@group-523986131536-LeaderElection7] INFO  server.RaftServerConfigKeys (ConfUtils.java:logFallback(53)) - raft.server.rpc.first-election.timeout.min = 1s (fallback to raft.server.rpc.timeout.min)
2023-03-29 22:45:44,538 [omNode-1@group-523986131536-LeaderElection7] INFO  server.RaftServerConfigKeys (ConfUtils.java:logFallback(53)) - raft.server.rpc.first-election.timeout.max = 1200ms (fallback to raft.server.rpc.timeout.max)
2023-03-29 22:45:44,545 [omNode-1@group-523986131536-LeaderElection7-2] INFO  server.GrpcServerProtocolClient (GrpcServerProtocolClient.java:<init>(63)) - Build channel for omNode-2
2023-03-29 22:45:44,568 [omNode-1@group-523986131536-LeaderElection7] INFO  impl.LeaderElection (LogUtils.java:infoOrTrace(137)) - omNode-1@group-523986131536-LeaderElection7 got exception when requesting votes: java.util.concurrent.ExecutionException: org.apache.ratis.thirdparty.io.grpc.StatusRuntimeException: UNAVAILABLE: io exception
2023-03-29 22:45:44,579 [grpc-default-executor-1] INFO  server.RaftServer$Division (RaftServerImpl.java:requestVote(1218)) - omNode-2@group-523986131536: receive requestVote(PRE_VOTE, omNode-1, group-523986131536, 0, (t:0, i:~))
2023-03-29 22:45:44,579 [grpc-default-executor-1] INFO  impl.VoteContext (VoteContext.java:log(49)) - omNode-2@group-523986131536-FOLLOWER: accept PRE_VOTE from omNode-1: our priority 0 <= candidate's priority 0
2023-03-29 22:45:44,580 [grpc-default-executor-1] INFO  server.RaftServer$Division (RaftServerImpl.java:requestVote(1251)) - omNode-2@group-523986131536 replies to PRE_VOTE vote request: omNode-1<-omNode-2#0:OK-t0. Peer's state: omNode-2@group-523986131536:t0, leader=null, voted=, raftlog=Memoized:omNode-2@group-523986131536-SegmentedRaftLog:OPENED:c-1, conf=-1: peers:[omNode-3|rpc:localhost:44969|priority:0|startupRole:FOLLOWER, omNode-1|rpc:localhost:34741|priority:0|startupRole:FOLLOWER, omNode-2|rpc:localhost:39199|priority:0|startupRole:FOLLOWER]|listeners:[], old=null
2023-03-29 22:45:44,582 [omNode-1@group-523986131536-LeaderElection7] INFO  impl.LeaderElection (LeaderElection.java:logAndReturn(90)) - omNode-1@group-523986131536-LeaderElection7: PRE_VOTE PASSED received 1 response(s) and 1 exception(s):
2023-03-29 22:45:44,582 [omNode-1@group-523986131536-LeaderElection7] INFO  impl.LeaderElection (LeaderElection.java:logAndReturn(94)) -   Response 0: omNode-1<-omNode-2#0:OK-t0
2023-03-29 22:45:44,582 [omNode-1@group-523986131536-LeaderElection7] INFO  impl.LeaderElection (LogUtils.java:infoOrTrace(137)) -   Exception 1: java.util.concurrent.ExecutionException: org.apache.ratis.thirdparty.io.grpc.StatusRuntimeException: UNAVAILABLE: io exception
2023-03-29 22:45:44,582 [omNode-1@group-523986131536-LeaderElection7] INFO  impl.LeaderElection (LeaderElection.java:askForVotes(314)) - omNode-1@group-523986131536-LeaderElection7 PRE_VOTE round 0: result PASSED
2023-03-29 22:45:44,588 [omNode-1@group-523986131536-LeaderElection7] INFO  impl.LeaderElection (LeaderElection.java:askForVotes(312)) - omNode-1@group-523986131536-LeaderElection7 ELECTION round 0: submit vote requests at term 1 for -1: peers:[omNode-3|rpc:localhost:44969|priority:0|startupRole:FOLLOWER, omNode-1|rpc:localhost:34741|priority:0|startupRole:FOLLOWER, omNode-2|rpc:localhost:39199|priority:0|startupRole:FOLLOWER]|listeners:[], old=null
2023-03-29 22:45:44,598 [omNode-1@group-523986131536-LeaderElection7] INFO  server.RaftServerConfigKeys (ConfUtils.java:logFallback(53)) - raft.server.rpc.first-election.timeout.min = 1s (fallback to raft.server.rpc.timeout.min)
2023-03-29 22:45:44,598 [omNode-1@group-523986131536-LeaderElection7] INFO  server.RaftServerConfigKeys (ConfUtils.java:logFallback(53)) - raft.server.rpc.first-election.timeout.max = 1200ms (fallback to raft.server.rpc.timeout.max)
2023-03-29 22:45:44,598 [omNode-1@group-523986131536-LeaderElection7] INFO  impl.LeaderElection (LogUtils.java:infoOrTrace(137)) - omNode-1@group-523986131536-LeaderElection7 got exception when requesting votes: java.util.concurrent.ExecutionException: org.apache.ratis.thirdparty.io.grpc.StatusRuntimeException: UNAVAILABLE: io exception
2023-03-29 22:45:44,598 [Listener at 127.0.0.1/37233] INFO  reflections.Reflections (Reflections.java:scan(232)) - Reflections took 280 ms to scan 2 urls, producing 170 keys and 470 values [using 2 cores]
2023-03-29 22:45:44,599 [Listener at 127.0.0.1/37233] INFO  upgrade.OMLayoutVersionManager (OMLayoutVersionManager.java:lambda$0(115)) - Skipping Upgrade Action MockOmUpgradeAction since it has been finalized.
2023-03-29 22:45:44,599 [Listener at 127.0.0.1/37233] WARN  server.ServerUtils (ServerUtils.java:getDBPath(225)) - ozone.om.db.dirs is not configured. We recommend adding this setting. Falling back to ozone.metadata.dirs instead.
2023-03-29 22:45:44,601 [grpc-default-executor-1] INFO  server.RaftServer$Division (RaftServerImpl.java:requestVote(1218)) - omNode-2@group-523986131536: receive requestVote(ELECTION, omNode-1, group-523986131536, 1, (t:0, i:~))
2023-03-29 22:45:44,601 [grpc-default-executor-1] INFO  impl.VoteContext (VoteContext.java:log(49)) - omNode-2@group-523986131536-FOLLOWER: accept ELECTION from omNode-1: our priority 0 <= candidate's priority 0
2023-03-29 22:45:44,601 [grpc-default-executor-1] INFO  server.RaftServer$Division (RaftServerImpl.java:setRole(321)) - omNode-2@group-523986131536: changes role from  FOLLOWER to FOLLOWER at term 1 for candidate:omNode-1
2023-03-29 22:45:44,601 [grpc-default-executor-1] INFO  impl.RoleInfo (RoleInfo.java:shutdownFollowerState(110)) - omNode-2: shutdown omNode-2@group-523986131536-FollowerState
2023-03-29 22:45:44,601 [grpc-default-executor-1] INFO  impl.RoleInfo (RoleInfo.java:updateAndGet(139)) - omNode-2: start omNode-2@group-523986131536-FollowerState
2023-03-29 22:45:44,601 [Listener at 127.0.0.1/37233] INFO  proxy.SCMBlockLocationFailoverProxyProvider (SCMBlockLocationFailoverProxyProvider.java:<init>(114)) - Created block location fail-over proxy with 1 nodes: [nodeId=scmNodeId,nodeAddress=/0.0.0.0:46519]
2023-03-29 22:45:44,601 [omNode-2@group-523986131536-FollowerState] INFO  impl.FollowerState (FollowerState.java:run(152)) - omNode-2@group-523986131536-FollowerState was interrupted
2023-03-29 22:45:44,612 [grpc-default-executor-1] INFO  server.RaftServer$Division (RaftServerImpl.java:requestVote(1251)) - omNode-2@group-523986131536 replies to ELECTION vote request: omNode-1<-omNode-2#0:OK-t1. Peer's state: omNode-2@group-523986131536:t1, leader=null, voted=omNode-1, raftlog=Memoized:omNode-2@group-523986131536-SegmentedRaftLog:OPENED:c-1, conf=-1: peers:[omNode-3|rpc:localhost:44969|priority:0|startupRole:FOLLOWER, omNode-1|rpc:localhost:34741|priority:0|startupRole:FOLLOWER, omNode-2|rpc:localhost:39199|priority:0|startupRole:FOLLOWER]|listeners:[], old=null
2023-03-29 22:45:44,612 [omNode-2@group-523986131536-FollowerState] INFO  server.RaftServerConfigKeys (ConfUtils.java:logFallback(53)) - raft.server.rpc.first-election.timeout.min = 1s (fallback to raft.server.rpc.timeout.min)
2023-03-29 22:45:44,612 [omNode-2@group-523986131536-FollowerState] INFO  server.RaftServerConfigKeys (ConfUtils.java:logFallback(53)) - raft.server.rpc.first-election.timeout.max = 1200ms (fallback to raft.server.rpc.timeout.max)
2023-03-29 22:45:44,613 [omNode-1@group-523986131536-LeaderElection7] INFO  impl.LeaderElection (LeaderElection.java:logAndReturn(90)) - omNode-1@group-523986131536-LeaderElection7: ELECTION PASSED received 1 response(s) and 1 exception(s):
2023-03-29 22:45:44,617 [omNode-1@group-523986131536-LeaderElection7] INFO  impl.LeaderElection (LeaderElection.java:logAndReturn(94)) -   Response 0: omNode-1<-omNode-2#0:OK-t1
2023-03-29 22:45:44,617 [omNode-1@group-523986131536-LeaderElection7] INFO  impl.LeaderElection (LogUtils.java:infoOrTrace(137)) -   Exception 1: java.util.concurrent.ExecutionException: org.apache.ratis.thirdparty.io.grpc.StatusRuntimeException: UNAVAILABLE: io exception
2023-03-29 22:45:44,617 [omNode-1@group-523986131536-LeaderElection7] INFO  impl.LeaderElection (LeaderElection.java:askForVotes(314)) - omNode-1@group-523986131536-LeaderElection7 ELECTION round 0: result PASSED
2023-03-29 22:45:44,617 [omNode-1@group-523986131536-LeaderElection7] INFO  impl.RoleInfo (RoleInfo.java:shutdownLeaderElection(130)) - omNode-1: shutdown omNode-1@group-523986131536-LeaderElection7
2023-03-29 22:45:44,617 [omNode-1@group-523986131536-LeaderElection7] INFO  server.RaftServer$Division (RaftServerImpl.java:setRole(321)) - omNode-1@group-523986131536: changes role from CANDIDATE to LEADER at term 1 for changeToLeader
2023-03-29 22:45:44,617 [omNode-1@group-523986131536-LeaderElection7] INFO  server.RaftServer$Division (ServerState.java:setLeader(313)) - omNode-1@group-523986131536: change Leader from null to omNode-1 at term 1 for becomeLeader, leader elected after 1663ms
2023-03-29 22:45:44,617 [omNode-1@group-523986131536-LeaderElection7] INFO  server.RaftServerConfigKeys (ConfUtils.java:logGet(46)) - raft.server.staging.catchup.gap = 1000 (default)
2023-03-29 22:45:44,617 [omNode-1@group-523986131536-LeaderElection7] INFO  server.RaftServerConfigKeys (ConfUtils.java:logGet(46)) - raft.server.write.element-limit = 4096 (default)
2023-03-29 22:45:44,617 [omNode-1@group-523986131536-LeaderElection7] INFO  server.RaftServerConfigKeys (ConfUtils.java:logGet(46)) - raft.server.write.byte-limit = 64MB (=67108864) (default)
2023-03-29 22:45:44,617 [omNode-1@group-523986131536-LeaderElection7] INFO  server.RaftServerConfigKeys (ConfUtils.java:logGet(46)) - raft.server.watch.timeout = 10s (default)
2023-03-29 22:45:44,617 [omNode-1@group-523986131536-LeaderElection7] INFO  server.RaftServerConfigKeys (ConfUtils.java:logGet(46)) - raft.server.watch.timeout.denomination = 1s (default)
2023-03-29 22:45:44,617 [omNode-1@group-523986131536-LeaderElection7] INFO  server.RaftServerConfigKeys (ConfUtils.java:logGet(46)) - raft.server.watch.element-limit = 65536 (default)
2023-03-29 22:45:44,616 [Listener at 127.0.0.1/37233] INFO  proxy.SCMBlockLocationFailoverProxyProvider (SCMBlockLocationFailoverProxyProvider.java:<init>(114)) - Created block location fail-over proxy with 1 nodes: [nodeId=scmNodeId,nodeAddress=/0.0.0.0:46519]
2023-03-29 22:45:44,620 [omNode-1@group-523986131536-LeaderElection7] INFO  server.RaftServerConfigKeys (ConfUtils.java:logGet(46)) - raft.server.write.element-limit = 4096 (default)
2023-03-29 22:45:44,620 [omNode-1@group-523986131536-LeaderElection7] INFO  server.RaftServerConfigKeys (ConfUtils.java:logGet(46)) - raft.server.write.follower.gap.ratio.max = -1.0 (default)
2023-03-29 22:45:44,621 [omNode-1@group-523986131536-LeaderElection7] INFO  server.RaftServerConfigKeys (ConfUtils.java:logGet(46)) - raft.server.log.appender.snapshot.chunk.size.max = 16MB (=16777216) (default)
2023-03-29 22:45:44,621 [omNode-1@group-523986131536-LeaderElection7] INFO  server.RaftServerConfigKeys (ConfUtils.java:logGet(46)) - raft.server.log.appender.buffer.byte-limit = 33554432 (custom)
2023-03-29 22:45:44,621 [omNode-1@group-523986131536-LeaderElection7] INFO  server.RaftServerConfigKeys (ConfUtils.java:logGet(46)) - raft.server.log.appender.buffer.element-limit = 1024 (custom)
2023-03-29 22:45:44,621 [omNode-1@group-523986131536-LeaderElection7] INFO  grpc.GrpcConfigKeys (ConfUtils.java:logGet(46)) - raft.grpc.server.leader.outstanding.appends.max = 128 (default)
2023-03-29 22:45:44,621 [omNode-1@group-523986131536-LeaderElection7] INFO  server.RaftServerConfigKeys (ConfUtils.java:logGet(46)) - raft.server.rpc.request.timeout = 3000ms (default)
2023-03-29 22:45:44,621 [omNode-1@group-523986131536-LeaderElection7] INFO  server.RaftServerConfigKeys (ConfUtils.java:logGet(46)) - raft.server.log.appender.install.snapshot.enabled = false (custom)
2023-03-29 22:45:44,621 [omNode-1@group-523986131536-LeaderElection7] INFO  grpc.GrpcConfigKeys (ConfUtils.java:logGet(46)) - raft.grpc.server.heartbeat.channel = true (default)
2023-03-29 22:45:44,621 [omNode-1@group-523986131536-LeaderElection7] INFO  server.RaftServerConfigKeys (ConfUtils.java:logGet(46)) - raft.server.log.appender.wait-time.min = 10ms (default)
2023-03-29 22:45:44,622 [omNode-1@group-523986131536-LeaderElection7] INFO  server.RaftServerConfigKeys (ConfUtils.java:logGet(46)) - raft.server.log.appender.snapshot.chunk.size.max = 16MB (=16777216) (default)
2023-03-29 22:45:44,622 [omNode-1@group-523986131536-LeaderElection7] INFO  server.RaftServerConfigKeys (ConfUtils.java:logGet(46)) - raft.server.log.appender.buffer.byte-limit = 33554432 (custom)
2023-03-29 22:45:44,622 [omNode-1@group-523986131536-LeaderElection7] INFO  server.RaftServerConfigKeys (ConfUtils.java:logGet(46)) - raft.server.log.appender.buffer.element-limit = 1024 (custom)
2023-03-29 22:45:44,623 [omNode-1@group-523986131536-LeaderElection7] INFO  grpc.GrpcConfigKeys (ConfUtils.java:logGet(46)) - raft.grpc.server.leader.outstanding.appends.max = 128 (default)
2023-03-29 22:45:44,623 [omNode-1@group-523986131536-LeaderElection7] INFO  server.RaftServerConfigKeys (ConfUtils.java:logGet(46)) - raft.server.rpc.request.timeout = 3000ms (default)
2023-03-29 22:45:44,623 [omNode-1@group-523986131536-LeaderElection7] INFO  server.RaftServerConfigKeys (ConfUtils.java:logGet(46)) - raft.server.log.appender.install.snapshot.enabled = false (custom)
2023-03-29 22:45:44,623 [omNode-1@group-523986131536-LeaderElection7] INFO  grpc.GrpcConfigKeys (ConfUtils.java:logGet(46)) - raft.grpc.server.heartbeat.channel = true (default)
2023-03-29 22:45:44,623 [omNode-1@group-523986131536-LeaderElection7] INFO  server.RaftServerConfigKeys (ConfUtils.java:logGet(46)) - raft.server.log.appender.wait-time.min = 10ms (default)
2023-03-29 22:45:44,623 [omNode-1@group-523986131536-LeaderElection7] INFO  impl.RoleInfo (RoleInfo.java:updateAndGet(139)) - omNode-1: start omNode-1@group-523986131536-LeaderStateImpl
2023-03-29 22:45:44,623 [omNode-1@group-523986131536-LeaderElection7] INFO  segmented.SegmentedRaftLogWorker (SegmentedRaftLogWorker.java:startLogSegment(452)) - omNode-1@group-523986131536-SegmentedRaftLogWorker: Starting segment from index:0
2023-03-29 22:45:44,629 [Listener at 127.0.0.1/37233] INFO  om.OzoneManager (OzoneManager.java:<init>(619)) - OM start with adminUsers: [runner]
2023-03-29 22:45:44,630 [Listener at 127.0.0.1/37233] WARN  server.ServerUtils (ServerUtils.java:getDBPath(225)) - ozone.om.db.dirs is not configured. We recommend adding this setting. Falling back to ozone.metadata.dirs instead.
2023-03-29 22:45:44,631 [Listener at 127.0.0.1/37233] INFO  codec.OmKeyInfoCodec (OmKeyInfoCodec.java:<init>(49)) - OmKeyInfoCodec ignorePipeline = true
2023-03-29 22:45:44,631 [Listener at 127.0.0.1/37233] INFO  codec.RepeatedOmKeyInfoCodec (RepeatedOmKeyInfoCodec.java:<init>(41)) - RepeatedOmKeyInfoCodec ignorePipeline = true
2023-03-29 22:45:44,632 [omNode-1@group-523986131536-SegmentedRaftLogWorker] INFO  segmented.SegmentedRaftLogWorker (SegmentedRaftLogWorker.java:execute(656)) - omNode-1@group-523986131536-SegmentedRaftLogWorker: created new log segment /home/runner/work/ozone/ozone/hadoop-ozone/integration-test/target/test-dir/MiniOzoneClusterImpl-8ae17f6e-7b8d-4fcc-9253-feb95f7e1717/omNode-1/ratis/c9bc4cf4-3bc3-3c60-a66b-523986131536/current/log_inprogress_0
2023-03-29 22:45:44,636 [grpc-default-executor-1] WARN  server.GrpcLogAppender (LogUtils.java:warn(122)) - omNode-1@group-523986131536->omNode-3-AppendLogResponseHandler: Failed appendEntries: org.apache.ratis.thirdparty.io.grpc.StatusRuntimeException: UNAVAILABLE: io exception
2023-03-29 22:45:44,641 [grpc-default-executor-1] WARN  server.GrpcLogAppender (GrpcLogAppender.java:resetClient(131)) - omNode-1@group-523986131536->omNode-3-GrpcLogAppender: Leader has not got in touch with Follower omNode-1@group-523986131536->omNode-3(c-1,m0,n0, attendVote=true, lastRpcSendTime=1, lastRpcResponseTime=1220) yet, just keep nextIndex unchanged and retry.
2023-03-29 22:45:44,648 [omNode-1@group-523986131536-LeaderElection7] INFO  server.RaftServer$Division (ServerState.java:setRaftConf(430)) - omNode-1@group-523986131536: set configuration 0: peers:[omNode-3|rpc:localhost:44969|admin:|client:|dataStream:|priority:0|startupRole:FOLLOWER, omNode-1|rpc:localhost:34741|admin:|client:|dataStream:|priority:0|startupRole:FOLLOWER, omNode-2|rpc:localhost:39199|admin:|client:|dataStream:|priority:0|startupRole:FOLLOWER]|listeners:[], old=null
2023-03-29 22:45:44,650 [omNode-1@group-523986131536-StateMachineUpdater] INFO  ratis.OzoneManagerStateMachine (OzoneManagerStateMachine.java:notifyConfigurationChanged(192)) - Received Configuration change notification from Ratis. New Peer list:
[id: "omNode-3"
address: "localhost:44969"
startupRole: FOLLOWER
, id: "omNode-1"
address: "localhost:34741"
startupRole: FOLLOWER
, id: "omNode-2"
address: "localhost:39199"
startupRole: FOLLOWER
]
2023-03-29 22:45:44,650 [EndpointStateMachine task thread for /0.0.0.0:44471 - 0 ] INFO  ipc.Client (Client.java:handleConnectionFailure(1010)) - Retrying connect to server: 0.0.0.0/0.0.0.0:44471. Already tried 5 time(s); retry policy is RetryUpToMaximumCountWithFixedSleep(maxRetries=15, sleepTime=1000 MILLISECONDS)
2023-03-29 22:45:44,660 [grpc-default-executor-1] WARN  server.GrpcLogAppender (LogUtils.java:warn(122)) - omNode-1@group-523986131536->omNode-3-AppendLogResponseHandler: Failed appendEntries: org.apache.ratis.thirdparty.io.grpc.StatusRuntimeException: UNAVAILABLE: io exception
2023-03-29 22:45:44,661 [grpc-default-executor-1] WARN  server.GrpcLogAppender (GrpcLogAppender.java:resetClient(131)) - omNode-1@group-523986131536->omNode-3-GrpcLogAppender: Leader has not got in touch with Follower omNode-1@group-523986131536->omNode-3(c-1,m0,n1, attendVote=true, lastRpcSendTime=10, lastRpcResponseTime=1239) yet, just keep nextIndex unchanged and retry.
2023-03-29 22:45:44,662 [grpc-default-executor-1] WARN  server.GrpcLogAppender (LogUtils.java:warn(122)) - omNode-1@group-523986131536->omNode-3-AppendLogResponseHandler: Failed appendEntries: org.apache.ratis.thirdparty.io.grpc.StatusRuntimeException: UNAVAILABLE: io exception
2023-03-29 22:45:44,662 [grpc-default-executor-1] WARN  server.GrpcLogAppender (GrpcLogAppender.java:resetClient(131)) - omNode-1@group-523986131536->omNode-3-GrpcLogAppender: Leader has not got in touch with Follower omNode-1@group-523986131536->omNode-3(c-1,m0,n1, attendVote=true, lastRpcSendTime=12, lastRpcResponseTime=1241) yet, just keep nextIndex unchanged and retry.
2023-03-29 22:45:44,671 [grpc-default-executor-1] WARN  server.GrpcLogAppender (LogUtils.java:warn(122)) - omNode-1@group-523986131536->omNode-3-AppendLogResponseHandler: Failed appendEntries: org.apache.ratis.thirdparty.io.grpc.StatusRuntimeException: UNAVAILABLE: io exception
2023-03-29 22:45:44,671 [grpc-default-executor-1] WARN  server.GrpcLogAppender (GrpcLogAppender.java:resetClient(131)) - omNode-1@group-523986131536->omNode-3-GrpcLogAppender: Leader has not got in touch with Follower omNode-1@group-523986131536->omNode-3(c-1,m0,n1, attendVote=true, lastRpcSendTime=21, lastRpcResponseTime=1250) yet, just keep nextIndex unchanged and retry.
2023-03-29 22:45:44,675 [omNode-2-server-thread1] INFO  server.RaftServer$Division (ServerState.java:setLeader(313)) - omNode-2@group-523986131536: change Leader from null to omNode-1 at term 1 for appendEntries, leader elected after 793ms
2023-03-29 22:45:44,676 [omNode-2-server-thread1] INFO  server.RaftServer$Division (ServerState.java:setRaftConf(430)) - omNode-2@group-523986131536: set configuration 0: peers:[omNode-3|rpc:localhost:44969|admin:|client:|dataStream:|priority:0|startupRole:FOLLOWER, omNode-1|rpc:localhost:34741|admin:|client:|dataStream:|priority:0|startupRole:FOLLOWER, omNode-2|rpc:localhost:39199|admin:|client:|dataStream:|priority:0|startupRole:FOLLOWER]|listeners:[], old=null
2023-03-29 22:45:44,676 [omNode-2-server-thread1] INFO  segmented.SegmentedRaftLogWorker (SegmentedRaftLogWorker.java:startLogSegment(452)) - omNode-2@group-523986131536-SegmentedRaftLogWorker: Starting segment from index:0
2023-03-29 22:45:44,687 [omNode-2@group-523986131536-SegmentedRaftLogWorker] INFO  segmented.SegmentedRaftLogWorker (SegmentedRaftLogWorker.java:execute(656)) - omNode-2@group-523986131536-SegmentedRaftLogWorker: created new log segment /home/runner/work/ozone/ozone/hadoop-ozone/integration-test/target/test-dir/MiniOzoneClusterImpl-8ae17f6e-7b8d-4fcc-9253-feb95f7e1717/omNode-2/ratis/c9bc4cf4-3bc3-3c60-a66b-523986131536/current/log_inprogress_0
2023-03-29 22:45:44,689 [omNode-2@group-523986131536-StateMachineUpdater] INFO  ratis.OzoneManagerStateMachine (OzoneManagerStateMachine.java:notifyConfigurationChanged(192)) - Received Configuration change notification from Ratis. New Peer list:
[id: "omNode-3"
address: "localhost:44969"
startupRole: FOLLOWER
, id: "omNode-1"
address: "localhost:34741"
startupRole: FOLLOWER
, id: "omNode-2"
address: "localhost:39199"
startupRole: FOLLOWER
]
2023-03-29 22:45:44,879 [Listener at 127.0.0.1/37233] INFO  om.OzoneManager (OzoneManager.java:instantiateServices(749)) - S3 Multi-Tenancy is disabled
2023-03-29 22:45:44,879 [Listener at 127.0.0.1/37233] WARN  server.ServerUtils (ServerUtils.java:getDBPath(225)) - ozone.om.snapshot.diff.db.dir is not configured. We recommend adding this setting. Falling back to ozone.metadata.dirs instead.
2023-03-29 22:45:44,890 [grpc-default-executor-6] WARN  server.GrpcLogAppender (LogUtils.java:warn(122)) - omNode-1@group-523986131536->omNode-3-AppendLogResponseHandler: Failed appendEntries: org.apache.ratis.thirdparty.io.grpc.StatusRuntimeException: UNAVAILABLE: io exception
2023-03-29 22:45:44,891 [grpc-default-executor-5] WARN  server.GrpcLogAppender (LogUtils.java:warn(122)) - omNode-1@group-523986131536->omNode-3-AppendLogResponseHandler: Failed appendEntries: org.apache.ratis.thirdparty.io.grpc.StatusRuntimeException: UNAVAILABLE: io exception
2023-03-29 22:45:44,892 [grpc-default-executor-6] WARN  server.GrpcLogAppender (GrpcLogAppender.java:resetClient(131)) - omNode-1@group-523986131536->omNode-3-GrpcLogAppender: Leader has not got in touch with Follower omNode-1@group-523986131536->omNode-3(c-1,m0,n1, attendVote=true, lastRpcSendTime=241, lastRpcResponseTime=1471) yet, just keep nextIndex unchanged and retry.
2023-03-29 22:45:44,893 [grpc-default-executor-5] WARN  server.GrpcLogAppender (GrpcLogAppender.java:resetClient(131)) - omNode-1@group-523986131536->omNode-3-GrpcLogAppender: Leader has not got in touch with Follower omNode-1@group-523986131536->omNode-3(c-1,m0,n1, attendVote=true, lastRpcSendTime=243, lastRpcResponseTime=1472) yet, just keep nextIndex unchanged and retry.
2023-03-29 22:45:44,897 [grpc-default-executor-6] WARN  server.GrpcLogAppender (LogUtils.java:warn(122)) - omNode-1@group-523986131536->omNode-3-AppendLogResponseHandler: Failed appendEntries: org.apache.ratis.thirdparty.io.grpc.StatusRuntimeException: UNAVAILABLE: io exception
2023-03-29 22:45:44,897 [grpc-default-executor-6] WARN  server.GrpcLogAppender (GrpcLogAppender.java:resetClient(131)) - omNode-1@group-523986131536->omNode-3-GrpcLogAppender: Leader has not got in touch with Follower omNode-1@group-523986131536->omNode-3(c-1,m0,n1, attendVote=true, lastRpcSendTime=2, lastRpcResponseTime=1476) yet, just keep nextIndex unchanged and retry.
2023-03-29 22:45:44,899 [grpc-default-executor-5] WARN  server.GrpcLogAppender (LogUtils.java:warn(122)) - omNode-1@group-523986131536->omNode-3-AppendLogResponseHandler: Failed appendEntries: org.apache.ratis.thirdparty.io.grpc.StatusRuntimeException: UNAVAILABLE: io exception
2023-03-29 22:45:44,899 [grpc-default-executor-5] WARN  server.GrpcLogAppender (GrpcLogAppender.java:resetClient(131)) - omNode-1@group-523986131536->omNode-3-GrpcLogAppender: Leader has not got in touch with Follower omNode-1@group-523986131536->omNode-3(c-1,m0,n1, attendVote=true, lastRpcSendTime=5, lastRpcResponseTime=1478) yet, just keep nextIndex unchanged and retry.
2023-03-29 22:45:44,908 [Listener at 127.0.0.1/37233] INFO  om.OzoneManager (OzoneManager.java:addS3GVolumeToDB(4223)) - Created Volume s3v With Owner runner required for S3Gateway operations.
2023-03-29 22:45:44,908 [Listener at 127.0.0.1/37233] WARN  server.ServerUtils (ServerUtils.java:getDefaultRatisDirectory(237)) - Storage directory for Ratis is not configured. It is a good idea to map this to an SSD disk. Falling back to ozone.metadata.dirs
2023-03-29 22:45:44,908 [Listener at 127.0.0.1/37233] WARN  utils.OzoneManagerRatisUtils (OzoneManagerRatisUtils.java:getOMRatisSnapshotDirectory(446)) - ozone.om.ratis.snapshot.dir is not configured. Falling back to ozone.metadata.dirs config
2023-03-29 22:45:44,909 [Listener at 127.0.0.1/37233] INFO  snapshot.OzoneManagerSnapshotProvider (OzoneManagerSnapshotProvider.java:<init>(76)) - Initializing OM Snapshot Provider
2023-03-29 22:45:44,921 [Listener at 127.0.0.1/37233] WARN  impl.MetricRegistriesImpl (MetricRegistriesImpl.java:addReporterRegistration(111)) - New reporters are added after registries were created. Some metrics will be missing from the reporter. Please add reporter before adding any new registry.
2023-03-29 22:45:44,921 [Listener at 127.0.0.1/37233] WARN  impl.MetricRegistriesImpl (MetricRegistriesImpl.java:addReporterRegistration(111)) - New reporters are added after registries were created. Some metrics will be missing from the reporter. Please add reporter before adding any new registry.
2023-03-29 22:45:44,922 [Listener at 127.0.0.1/37233] WARN  server.ServerUtils (ServerUtils.java:getDefaultRatisDirectory(237)) - Storage directory for Ratis is not configured. It is a good idea to map this to an SSD disk. Falling back to ozone.metadata.dirs
2023-03-29 22:45:44,923 [Listener at 127.0.0.1/37233] INFO  ratis.OzoneManagerRatisServer (OzoneManagerRatisServer.java:<init>(163)) - Instantiating OM Ratis server with groupID: om-service-test1 and peers: localhost:44969, localhost:34741, localhost:39199
2023-03-29 22:45:44,923 [Listener at 127.0.0.1/37233] INFO  ratis.OzoneManagerStateMachine (OzoneManagerStateMachine.java:loadSnapshotInfoFromDB(636)) - LastAppliedIndex is set from TransactionInfo from OM DB as (t:0, i:~)
2023-03-29 22:45:44,928 [Listener at 127.0.0.1/37233] INFO  server.RaftServer (ConfUtils.java:logGet(46)) - raft.rpc.type = GRPC (default)
2023-03-29 22:45:44,928 [Listener at 127.0.0.1/37233] INFO  grpc.GrpcConfigKeys (ConfUtils.java:logFallback(53)) - raft.grpc.admin.host = null (fallback to raft.grpc.server.host)
2023-03-29 22:45:44,928 [Listener at 127.0.0.1/37233] INFO  grpc.GrpcConfigKeys (ConfUtils.java:logFallback(53)) - raft.grpc.admin.port = 44969 (fallback to raft.grpc.server.port)
2023-03-29 22:45:44,928 [Listener at 127.0.0.1/37233] INFO  grpc.GrpcConfigKeys (ConfUtils.java:logFallback(53)) - raft.grpc.client.host = null (fallback to raft.grpc.server.host)
2023-03-29 22:45:44,929 [Listener at 127.0.0.1/37233] INFO  grpc.GrpcConfigKeys (ConfUtils.java:logFallback(53)) - raft.grpc.client.port = 44969 (fallback to raft.grpc.server.port)
2023-03-29 22:45:44,929 [Listener at 127.0.0.1/37233] INFO  grpc.GrpcConfigKeys (ConfUtils.java:logGet(46)) - raft.grpc.server.host = null (default)
2023-03-29 22:45:44,929 [Listener at 127.0.0.1/37233] INFO  grpc.GrpcConfigKeys (ConfUtils.java:logGet(46)) - raft.grpc.server.port = 44969 (custom)
2023-03-29 22:45:44,929 [Listener at 127.0.0.1/37233] INFO  server.GrpcService (ConfUtils.java:logGet(46)) - raft.grpc.message.size.max = 33554432 (custom)
2023-03-29 22:45:44,929 [Listener at 127.0.0.1/37233] INFO  server.RaftServerConfigKeys (ConfUtils.java:logGet(46)) - raft.server.log.appender.buffer.byte-limit = 33554432 (custom)
2023-03-29 22:45:44,929 [Listener at 127.0.0.1/37233] INFO  server.GrpcService (ConfUtils.java:logGet(46)) - raft.grpc.flow.control.window = 1MB (=1048576) (default)
2023-03-29 22:45:44,929 [Listener at 127.0.0.1/37233] INFO  server.RaftServerConfigKeys (ConfUtils.java:logGet(46)) - raft.server.rpc.request.timeout = 3000ms (default)
2023-03-29 22:45:44,929 [Listener at 127.0.0.1/37233] INFO  grpc.GrpcConfigKeys (ConfUtils.java:logGet(46)) - raft.grpc.server.heartbeat.channel = true (default)
2023-03-29 22:45:44,929 [Listener at 127.0.0.1/37233] INFO  grpc.GrpcConfigKeys (ConfUtils.java:logGet(46)) - raft.grpc.server.async.request.thread.pool.cached = true (default)
2023-03-29 22:45:44,930 [Listener at 127.0.0.1/37233] INFO  grpc.GrpcConfigKeys (ConfUtils.java:logGet(46)) - raft.grpc.server.async.request.thread.pool.size = 32 (default)
2023-03-29 22:45:44,931 [Listener at 127.0.0.1/37233] INFO  impl.DataStreamServerImpl (ConfUtils.java:logGet(46)) - raft.datastream.type = DISABLED (default)
2023-03-29 22:45:44,931 [Listener at 127.0.0.1/37233] INFO  server.RaftServerConfigKeys (ConfUtils.java:logGet(46)) - raft.server.threadpool.proxy.cached = true (default)
2023-03-29 22:45:44,931 [Listener at 127.0.0.1/37233] INFO  server.RaftServerConfigKeys (ConfUtils.java:logGet(46)) - raft.server.threadpool.proxy.size = 0 (default)
2023-03-29 22:45:44,931 [Listener at 127.0.0.1/37233] INFO  server.RaftServerConfigKeys (ConfUtils.java:logGet(46)) - raft.server.rpc.slowness.timeout = 2s (custom)
2023-03-29 22:45:44,931 [Listener at 127.0.0.1/37233] INFO  server.RaftServerConfigKeys (ConfUtils.java:logGet(46)) - raft.server.leaderelection.leader.step-down.wait-time = 10s (default)
2023-03-29 22:45:44,931 [Listener at 127.0.0.1/37233] INFO  server.RaftServerConfigKeys (ConfUtils.java:logGet(46)) - raft.server.storage.dir = [/home/runner/work/ozone/ozone/hadoop-ozone/integration-test/target/test-dir/MiniOzoneClusterImpl-8ae17f6e-7b8d-4fcc-9253-feb95f7e1717/omNode-3/ratis] (custom)
2023-03-29 22:45:44,941 [Listener at 127.0.0.1/37233] INFO  server.RaftServer (RaftServerProxy.java:addNew(96)) - omNode-3: addNew group-523986131536:[omNode-3|rpc:localhost:44969|priority:0|startupRole:FOLLOWER, omNode-1|rpc:localhost:34741|priority:0|startupRole:FOLLOWER, omNode-2|rpc:localhost:39199|priority:0|startupRole:FOLLOWER] returns group-523986131536:java.util.concurrent.CompletableFuture@99ae43c[Not completed]
2023-03-29 22:45:44,941 [Listener at 127.0.0.1/37233] INFO  om.OzoneManager (OzoneManager.java:initializeRatisServer(2096)) - OzoneManager Ratis server initialized at port 44969
2023-03-29 22:45:44,941 [Listener at 127.0.0.1/37233] INFO  om.OzoneManager (OzoneManager.java:getRpcServer(1132)) - Creating RPC Server
2023-03-29 22:45:44,942 [pool-840-thread-1] INFO  server.RaftServer$Division (RaftServerImpl.java:<init>(195)) - omNode-3: new RaftServerImpl for group-523986131536:[omNode-3|rpc:localhost:44969|priority:0|startupRole:FOLLOWER, omNode-1|rpc:localhost:34741|priority:0|startupRole:FOLLOWER, omNode-2|rpc:localhost:39199|priority:0|startupRole:FOLLOWER] with OzoneManagerStateMachine:uninitialized
2023-03-29 22:45:44,942 [pool-840-thread-1] INFO  server.RaftServerConfigKeys (ConfUtils.java:logGet(46)) - raft.server.rpc.timeout.min = 1s (custom)
2023-03-29 22:45:44,942 [pool-840-thread-1] INFO  server.RaftServerConfigKeys (ConfUtils.java:logGet(46)) - raft.server.rpc.timeout.max = 1200ms (custom)
2023-03-29 22:45:44,942 [pool-840-thread-1] INFO  server.RaftServerConfigKeys (ConfUtils.java:logGet(46)) - raft.server.rpc.sleep.time = 25ms (default)
2023-03-29 22:45:44,942 [pool-840-thread-1] INFO  server.RaftServerConfigKeys (ConfUtils.java:logGet(46)) - raft.server.rpc.slowness.timeout = 2s (custom)
2023-03-29 22:45:44,942 [pool-840-thread-1] INFO  server.RaftServerConfigKeys (ConfUtils.java:logGet(46)) - raft.server.leaderelection.leader.step-down.wait-time = 10s (default)
2023-03-29 22:45:44,942 [pool-840-thread-1] INFO  server.RaftServerConfigKeys (ConfUtils.java:logGet(46)) - raft.server.sleep.deviation.threshold = 300ms (default)
2023-03-29 22:45:44,942 [pool-840-thread-1] INFO  server.RaftServer$Division (ServerState.java:<init>(118)) - omNode-3@group-523986131536: ConfigurationManager, init=-1: peers:[omNode-3|rpc:localhost:44969|priority:0|startupRole:FOLLOWER, omNode-1|rpc:localhost:34741|priority:0|startupRole:FOLLOWER, omNode-2|rpc:localhost:39199|priority:0|startupRole:FOLLOWER]|listeners:[], old=null, confs=<EMPTY_MAP>
2023-03-29 22:45:44,943 [pool-840-thread-1] INFO  server.RaftServerConfigKeys (ConfUtils.java:logGet(46)) - raft.server.storage.dir = [/home/runner/work/ozone/ozone/hadoop-ozone/integration-test/target/test-dir/MiniOzoneClusterImpl-8ae17f6e-7b8d-4fcc-9253-feb95f7e1717/omNode-3/ratis] (custom)
2023-03-29 22:45:44,943 [pool-840-thread-1] INFO  server.RaftServerConfigKeys (ConfUtils.java:logGet(46)) - raft.server.log.corruption.policy = EXCEPTION (default)
2023-03-29 22:45:44,943 [pool-840-thread-1] INFO  server.RaftServerConfigKeys (ConfUtils.java:logGet(46)) - raft.server.storage.free-space.min = 0MB (=0) (default)
2023-03-29 22:45:44,943 [pool-840-thread-1] INFO  server.RaftServerConfigKeys (ConfUtils.java:logGet(46)) - raft.server.notification.no-leader.timeout = 2s (custom)
2023-03-29 22:45:44,943 [pool-840-thread-1] INFO  server.RaftServerConfigKeys (ConfUtils.java:logGet(46)) - raft.server.retrycache.expirytime = 300s (custom)
2023-03-29 22:45:44,943 [pool-840-thread-1] INFO  server.RaftServerConfigKeys (ConfUtils.java:logGet(46)) - raft.server.retrycache.statistics.expirytime = 100μs (default)
2023-03-29 22:45:44,945 [pool-840-thread-1] INFO  server.RaftServerConfigKeys (ConfUtils.java:logGet(46)) - raft.server.log.appender.install.snapshot.enabled = false (custom)
2023-03-29 22:45:44,945 [pool-840-thread-1] INFO  server.RaftServerConfigKeys (ConfUtils.java:logGet(46)) - raft.server.threadpool.server.cached = true (default)
2023-03-29 22:45:44,945 [pool-840-thread-1] INFO  server.RaftServerConfigKeys (ConfUtils.java:logGet(46)) - raft.server.threadpool.server.size = 0 (default)
2023-03-29 22:45:44,945 [pool-840-thread-1] INFO  server.RaftServerConfigKeys (ConfUtils.java:logGet(46)) - raft.server.threadpool.client.cached = true (default)
2023-03-29 22:45:44,945 [pool-840-thread-1] INFO  server.RaftServerConfigKeys (ConfUtils.java:logGet(46)) - raft.server.threadpool.client.size = 0 (default)
2023-03-29 22:45:45,146 [grpc-default-executor-5] WARN  server.GrpcLogAppender (LogUtils.java:warn(122)) - omNode-1@group-523986131536->omNode-3-AppendLogResponseHandler: Failed appendEntries: org.apache.ratis.thirdparty.io.grpc.StatusRuntimeException: UNAVAILABLE: io exception
2023-03-29 22:45:45,146 [grpc-default-executor-6] WARN  server.GrpcLogAppender (LogUtils.java:warn(122)) - omNode-1@group-523986131536->omNode-3-AppendLogResponseHandler: Failed appendEntries: org.apache.ratis.thirdparty.io.grpc.StatusRuntimeException: UNAVAILABLE: io exception
2023-03-29 22:45:45,147 [grpc-default-executor-5] WARN  server.GrpcLogAppender (GrpcLogAppender.java:resetClient(131)) - omNode-1@group-523986131536->omNode-3-GrpcLogAppender: Leader has not got in touch with Follower omNode-1@group-523986131536->omNode-3(c-1,m0,n1, attendVote=true, lastRpcSendTime=253, lastRpcResponseTime=1726) yet, just keep nextIndex unchanged and retry.
2023-03-29 22:45:45,150 [grpc-default-executor-6] WARN  server.GrpcLogAppender (GrpcLogAppender.java:resetClient(131)) - omNode-1@group-523986131536->omNode-3-GrpcLogAppender: Leader has not got in touch with Follower omNode-1@group-523986131536->omNode-3(c-1,m0,n1, attendVote=true, lastRpcSendTime=256, lastRpcResponseTime=1729) yet, just keep nextIndex unchanged and retry.
2023-03-29 22:45:45,155 [grpc-default-executor-6] WARN  server.GrpcLogAppender (LogUtils.java:warn(122)) - omNode-1@group-523986131536->omNode-3-AppendLogResponseHandler: Failed appendEntries: org.apache.ratis.thirdparty.io.grpc.StatusRuntimeException: UNAVAILABLE: io exception
2023-03-29 22:45:45,156 [grpc-default-executor-5] WARN  server.GrpcLogAppender (LogUtils.java:warn(122)) - omNode-1@group-523986131536->omNode-3-AppendLogResponseHandler: Failed appendEntries: org.apache.ratis.thirdparty.io.grpc.StatusRuntimeException: UNAVAILABLE: io exception
2023-03-29 22:45:45,156 [grpc-default-executor-6] WARN  server.GrpcLogAppender (GrpcLogAppender.java:resetClient(131)) - omNode-1@group-523986131536->omNode-3-GrpcLogAppender: Leader has not got in touch with Follower omNode-1@group-523986131536->omNode-3(c-1,m0,n1, attendVote=true, lastRpcSendTime=261, lastRpcResponseTime=1735) yet, just keep nextIndex unchanged and retry.
2023-03-29 22:45:45,156 [grpc-default-executor-5] WARN  server.GrpcLogAppender (GrpcLogAppender.java:resetClient(131)) - omNode-1@group-523986131536->omNode-3-GrpcLogAppender: Leader has not got in touch with Follower omNode-1@group-523986131536->omNode-3(c-1,m0,n1, attendVote=true, lastRpcSendTime=262, lastRpcResponseTime=1735) yet, just keep nextIndex unchanged and retry.
2023-03-29 22:45:45,160 [grpc-default-executor-5] WARN  server.GrpcLogAppender (LogUtils.java:warn(122)) - omNode-1@group-523986131536->omNode-3-AppendLogResponseHandler: Failed appendEntries: org.apache.ratis.thirdparty.io.grpc.StatusRuntimeException: UNAVAILABLE: io exception
2023-03-29 22:45:45,160 [grpc-default-executor-6] WARN  server.GrpcLogAppender (LogUtils.java:warn(122)) - omNode-1@group-523986131536->omNode-3-AppendLogResponseHandler: Failed appendEntries: org.apache.ratis.thirdparty.io.grpc.StatusRuntimeException: UNAVAILABLE: io exception
2023-03-29 22:45:45,161 [grpc-default-executor-5] WARN  server.GrpcLogAppender (GrpcLogAppender.java:resetClient(131)) - omNode-1@group-523986131536->omNode-3-GrpcLogAppender: Leader has not got in touch with Follower omNode-1@group-523986131536->omNode-3(c-1,m0,n1, attendVote=true, lastRpcSendTime=266, lastRpcResponseTime=1739) yet, just keep nextIndex unchanged and retry.
2023-03-29 22:45:45,161 [grpc-default-executor-6] WARN  server.GrpcLogAppender (GrpcLogAppender.java:resetClient(131)) - omNode-1@group-523986131536->omNode-3-GrpcLogAppender: Leader has not got in touch with Follower omNode-1@group-523986131536->omNode-3(c-1,m0,n1, attendVote=true, lastRpcSendTime=266, lastRpcResponseTime=1740) yet, just keep nextIndex unchanged and retry.
2023-03-29 22:45:45,163 [grpc-default-executor-6] WARN  server.GrpcLogAppender (LogUtils.java:warn(122)) - omNode-1@group-523986131536->omNode-3-AppendLogResponseHandler: Failed appendEntries: org.apache.ratis.thirdparty.io.grpc.StatusRuntimeException: UNAVAILABLE: io exception
2023-03-29 22:45:45,163 [grpc-default-executor-5] WARN  server.GrpcLogAppender (LogUtils.java:warn(122)) - omNode-1@group-523986131536->omNode-3-AppendLogResponseHandler: Failed appendEntries: org.apache.ratis.thirdparty.io.grpc.StatusRuntimeException: UNAVAILABLE: io exception
2023-03-29 22:45:45,164 [grpc-default-executor-6] WARN  server.GrpcLogAppender (GrpcLogAppender.java:resetClient(131)) - omNode-1@group-523986131536->omNode-3-GrpcLogAppender: Leader has not got in touch with Follower omNode-1@group-523986131536->omNode-3(c-1,m0,n1, attendVote=true, lastRpcSendTime=269, lastRpcResponseTime=1743) yet, just keep nextIndex unchanged and retry.
2023-03-29 22:45:45,164 [grpc-default-executor-5] WARN  server.GrpcLogAppender (GrpcLogAppender.java:resetClient(131)) - omNode-1@group-523986131536->omNode-3-GrpcLogAppender: Leader has not got in touch with Follower omNode-1@group-523986131536->omNode-3(c-1,m0,n1, attendVote=true, lastRpcSendTime=269, lastRpcResponseTime=1743) yet, just keep nextIndex unchanged and retry.
2023-03-29 22:45:45,165 [grpc-default-executor-5] WARN  server.GrpcLogAppender (LogUtils.java:warn(122)) - omNode-1@group-523986131536->omNode-3-AppendLogResponseHandler: Failed appendEntries: org.apache.ratis.thirdparty.io.grpc.StatusRuntimeException: UNAVAILABLE: io exception
2023-03-29 22:45:45,165 [grpc-default-executor-6] WARN  server.GrpcLogAppender (LogUtils.java:warn(122)) - omNode-1@group-523986131536->omNode-3-AppendLogResponseHandler: Failed appendEntries: org.apache.ratis.thirdparty.io.grpc.StatusRuntimeException: UNAVAILABLE: io exception
2023-03-29 22:45:45,166 [grpc-default-executor-5] WARN  server.GrpcLogAppender (GrpcLogAppender.java:resetClient(131)) - omNode-1@group-523986131536->omNode-3-GrpcLogAppender: Leader has not got in touch with Follower omNode-1@group-523986131536->omNode-3(c-1,m0,n1, attendVote=true, lastRpcSendTime=271, lastRpcResponseTime=1745) yet, just keep nextIndex unchanged and retry.
2023-03-29 22:45:45,166 [grpc-default-executor-6] WARN  server.GrpcLogAppender (GrpcLogAppender.java:resetClient(131)) - omNode-1@group-523986131536->omNode-3-GrpcLogAppender: Leader has not got in touch with Follower omNode-1@group-523986131536->omNode-3(c-1,m0,n1, attendVote=true, lastRpcSendTime=271, lastRpcResponseTime=1745) yet, just keep nextIndex unchanged and retry.
2023-03-29 22:45:45,167 [grpc-default-executor-6] WARN  server.GrpcLogAppender (LogUtils.java:warn(122)) - omNode-1@group-523986131536->omNode-3-AppendLogResponseHandler: Failed appendEntries: org.apache.ratis.thirdparty.io.grpc.StatusRuntimeException: UNAVAILABLE: io exception
2023-03-29 22:45:45,168 [grpc-default-executor-5] WARN  server.GrpcLogAppender (LogUtils.java:warn(122)) - omNode-1@group-523986131536->omNode-3-AppendLogResponseHandler: Failed appendEntries: org.apache.ratis.thirdparty.io.grpc.StatusRuntimeException: UNAVAILABLE: io exception
2023-03-29 22:45:45,169 [grpc-default-executor-6] WARN  server.GrpcLogAppender (GrpcLogAppender.java:resetClient(131)) - omNode-1@group-523986131536->omNode-3-GrpcLogAppender: Leader has not got in touch with Follower omNode-1@group-523986131536->omNode-3(c-1,m0,n1, attendVote=true, lastRpcSendTime=274, lastRpcResponseTime=1748) yet, just keep nextIndex unchanged and retry.
2023-03-29 22:45:45,169 [grpc-default-executor-5] WARN  server.GrpcLogAppender (GrpcLogAppender.java:resetClient(131)) - omNode-1@group-523986131536->omNode-3-GrpcLogAppender: Leader has not got in touch with Follower omNode-1@group-523986131536->omNode-3(c-1,m0,n1, attendVote=true, lastRpcSendTime=274, lastRpcResponseTime=1748) yet, just keep nextIndex unchanged and retry.
2023-03-29 22:45:45,170 [grpc-default-executor-5] WARN  server.GrpcLogAppender (LogUtils.java:warn(122)) - omNode-1@group-523986131536->omNode-3-AppendLogResponseHandler: Failed appendEntries: org.apache.ratis.thirdparty.io.grpc.StatusRuntimeException: UNAVAILABLE: io exception
2023-03-29 22:45:45,171 [grpc-default-executor-6] WARN  server.GrpcLogAppender (LogUtils.java:warn(122)) - omNode-1@group-523986131536->omNode-3-AppendLogResponseHandler: Failed appendEntries: org.apache.ratis.thirdparty.io.grpc.StatusRuntimeException: UNAVAILABLE: io exception
2023-03-29 22:45:45,171 [grpc-default-executor-5] WARN  server.GrpcLogAppender (GrpcLogAppender.java:resetClient(131)) - omNode-1@group-523986131536->omNode-3-GrpcLogAppender: Leader has not got in touch with Follower omNode-1@group-523986131536->omNode-3(c-1,m0,n1, attendVote=true, lastRpcSendTime=276, lastRpcResponseTime=1750) yet, just keep nextIndex unchanged and retry.
2023-03-29 22:45:45,171 [grpc-default-executor-6] WARN  server.GrpcLogAppender (GrpcLogAppender.java:resetClient(131)) - omNode-1@group-523986131536->omNode-3-GrpcLogAppender: Leader has not got in touch with Follower omNode-1@group-523986131536->omNode-3(c-1,m0,n1, attendVote=true, lastRpcSendTime=277, lastRpcResponseTime=1750) yet, just keep nextIndex unchanged and retry.
2023-03-29 22:45:45,173 [grpc-default-executor-5] WARN  server.GrpcLogAppender (LogUtils.java:warn(122)) - omNode-1@group-523986131536->omNode-3-AppendLogResponseHandler: Failed appendEntries: org.apache.ratis.thirdparty.io.grpc.StatusRuntimeException: UNAVAILABLE: io exception
2023-03-29 22:45:45,173 [grpc-default-executor-5] WARN  server.GrpcLogAppender (GrpcLogAppender.java:resetClient(131)) - omNode-1@group-523986131536->omNode-3-GrpcLogAppender: Leader has not got in touch with Follower omNode-1@group-523986131536->omNode-3(c-1,m0,n1, attendVote=true, lastRpcSendTime=2, lastRpcResponseTime=1752) yet, just keep nextIndex unchanged and retry.
2023-03-29 22:45:45,193 [grpc-default-executor-6] WARN  server.GrpcLogAppender (LogUtils.java:warn(122)) - omNode-1@group-523986131536->omNode-3-AppendLogResponseHandler: Failed appendEntries: org.apache.ratis.thirdparty.io.grpc.StatusRuntimeException: UNAVAILABLE: io exception
2023-03-29 22:45:45,194 [grpc-default-executor-6] WARN  server.GrpcLogAppender (GrpcLogAppender.java:resetClient(131)) - omNode-1@group-523986131536->omNode-3-GrpcLogAppender: Leader has not got in touch with Follower omNode-1@group-523986131536->omNode-3(c-1,m0,n1, attendVote=true, lastRpcSendTime=22, lastRpcResponseTime=1773) yet, just keep nextIndex unchanged and retry.
2023-03-29 22:45:45,424 [grpc-default-executor-6] WARN  server.GrpcLogAppender (LogUtils.java:warn(122)) - omNode-1@group-523986131536->omNode-3-AppendLogResponseHandler: Failed appendEntries: org.apache.ratis.thirdparty.io.grpc.StatusRuntimeException: UNAVAILABLE: io exception
2023-03-29 22:45:45,424 [grpc-default-executor-5] WARN  server.GrpcLogAppender (LogUtils.java:warn(122)) - omNode-1@group-523986131536->omNode-3-AppendLogResponseHandler: Failed appendEntries: org.apache.ratis.thirdparty.io.grpc.StatusRuntimeException: UNAVAILABLE: io exception
2023-03-29 22:45:45,425 [grpc-default-executor-6] WARN  server.GrpcLogAppender (GrpcLogAppender.java:resetClient(131)) - omNode-1@group-523986131536->omNode-3-GrpcLogAppender: Leader has not got in touch with Follower omNode-1@group-523986131536->omNode-3(c-1,m0,n1, attendVote=true, lastRpcSendTime=253, lastRpcResponseTime=2004) yet, just keep nextIndex unchanged and retry.
2023-03-29 22:45:45,427 [grpc-default-executor-5] WARN  server.GrpcLogAppender (GrpcLogAppender.java:resetClient(131)) - omNode-1@group-523986131536->omNode-3-GrpcLogAppender: Leader has not got in touch with Follower omNode-1@group-523986131536->omNode-3(c-1,m0,n1, attendVote=true, lastRpcSendTime=255, lastRpcResponseTime=2006) yet, just keep nextIndex unchanged and retry.
2023-03-29 22:45:45,430 [grpc-default-executor-5] WARN  server.GrpcLogAppender (LogUtils.java:warn(122)) - omNode-1@group-523986131536->omNode-3-AppendLogResponseHandler: Failed appendEntries: org.apache.ratis.thirdparty.io.grpc.StatusRuntimeException: UNAVAILABLE: io exception
2023-03-29 22:45:45,430 [grpc-default-executor-6] WARN  server.GrpcLogAppender (LogUtils.java:warn(122)) - omNode-1@group-523986131536->omNode-3-AppendLogResponseHandler: Failed appendEntries: org.apache.ratis.thirdparty.io.grpc.StatusRuntimeException: UNAVAILABLE: io exception
2023-03-29 22:45:45,431 [grpc-default-executor-5] WARN  server.GrpcLogAppender (GrpcLogAppender.java:resetClient(131)) - omNode-1@group-523986131536->omNode-3-GrpcLogAppender: Leader has not got in touch with Follower omNode-1@group-523986131536->omNode-3(c-1,m0,n1, attendVote=true, lastRpcSendTime=259, lastRpcResponseTime=2010) yet, just keep nextIndex unchanged and retry.
2023-03-29 22:45:45,432 [grpc-default-executor-6] WARN  server.GrpcLogAppender (GrpcLogAppender.java:resetClient(131)) - omNode-1@group-523986131536->omNode-3-GrpcLogAppender: Leader has not got in touch with Follower omNode-1@group-523986131536->omNode-3(c-1,m0,n1, attendVote=true, lastRpcSendTime=260, lastRpcResponseTime=2011) yet, just keep nextIndex unchanged and retry.
2023-03-29 22:45:45,436 [grpc-default-executor-6] WARN  server.GrpcLogAppender (LogUtils.java:warn(122)) - omNode-1@group-523986131536->omNode-3-AppendLogResponseHandler: Failed appendEntries: org.apache.ratis.thirdparty.io.grpc.StatusRuntimeException: UNAVAILABLE: io exception
2023-03-29 22:45:45,437 [grpc-default-executor-5] WARN  server.GrpcLogAppender (LogUtils.java:warn(122)) - omNode-1@group-523986131536->omNode-3-AppendLogResponseHandler: Failed appendEntries: org.apache.ratis.thirdparty.io.grpc.StatusRuntimeException: UNAVAILABLE: io exception
2023-03-29 22:45:45,437 [grpc-default-executor-6] WARN  server.GrpcLogAppender (GrpcLogAppender.java:resetClient(131)) - omNode-1@group-523986131536->omNode-3-GrpcLogAppender: Leader has not got in touch with Follower omNode-1@group-523986131536->omNode-3(c-1,m0,n1, attendVote=true, lastRpcSendTime=265, lastRpcResponseTime=2016) yet, just keep nextIndex unchanged and retry.
2023-03-29 22:45:45,438 [grpc-default-executor-5] WARN  server.GrpcLogAppender (GrpcLogAppender.java:resetClient(131)) - omNode-1@group-523986131536->omNode-3-GrpcLogAppender: Leader has not got in touch with Follower omNode-1@group-523986131536->omNode-3(c-1,m0,n1, attendVote=true, lastRpcSendTime=266, lastRpcResponseTime=2017) yet, just keep nextIndex unchanged and retry.
2023-03-29 22:45:45,440 [grpc-default-executor-5] WARN  server.GrpcLogAppender (LogUtils.java:warn(122)) - omNode-1@group-523986131536->omNode-3-AppendLogResponseHandler: Failed appendEntries: org.apache.ratis.thirdparty.io.grpc.StatusRuntimeException: UNAVAILABLE: io exception
2023-03-29 22:45:45,440 [grpc-default-executor-6] WARN  server.GrpcLogAppender (LogUtils.java:warn(122)) - omNode-1@group-523986131536->omNode-3-AppendLogResponseHandler: Failed appendEntries: org.apache.ratis.thirdparty.io.grpc.StatusRuntimeException: UNAVAILABLE: io exception
2023-03-29 22:45:45,441 [grpc-default-executor-5] WARN  server.GrpcLogAppender (GrpcLogAppender.java:resetClient(131)) - omNode-1@group-523986131536->omNode-3-GrpcLogAppender: Leader has not got in touch with Follower omNode-1@group-523986131536->omNode-3(c-1,m0,n1, attendVote=true, lastRpcSendTime=269, lastRpcResponseTime=2020) yet, just keep nextIndex unchanged and retry.
2023-03-29 22:45:45,441 [grpc-default-executor-6] WARN  server.GrpcLogAppender (GrpcLogAppender.java:resetClient(131)) - omNode-1@group-523986131536->omNode-3-GrpcLogAppender: Leader has not got in touch with Follower omNode-1@group-523986131536->omNode-3(c-1,m0,n1, attendVote=true, lastRpcSendTime=269, lastRpcResponseTime=2020) yet, just keep nextIndex unchanged and retry.
2023-03-29 22:45:45,444 [grpc-default-executor-6] WARN  server.GrpcLogAppender (LogUtils.java:warn(122)) - omNode-1@group-523986131536->omNode-3-AppendLogResponseHandler: Failed appendEntries: org.apache.ratis.thirdparty.io.grpc.StatusRuntimeException: UNAVAILABLE: io exception
2023-03-29 22:45:45,444 [grpc-default-executor-5] WARN  server.GrpcLogAppender (LogUtils.java:warn(122)) - omNode-1@group-523986131536->omNode-3-AppendLogResponseHandler: Failed appendEntries: org.apache.ratis.thirdparty.io.grpc.StatusRuntimeException: UNAVAILABLE: io exception
2023-03-29 22:45:45,445 [grpc-default-executor-6] WARN  server.GrpcLogAppender (GrpcLogAppender.java:resetClient(131)) - omNode-1@group-523986131536->omNode-3-GrpcLogAppender: Leader has not got in touch with Follower omNode-1@group-523986131536->omNode-3(c-1,m0,n1, attendVote=true, lastRpcSendTime=273, lastRpcResponseTime=2024) yet, just keep nextIndex unchanged and retry.
2023-03-29 22:45:45,445 [grpc-default-executor-5] WARN  server.GrpcLogAppender (GrpcLogAppender.java:resetClient(131)) - omNode-1@group-523986131536->omNode-3-GrpcLogAppender: Leader has not got in touch with Follower omNode-1@group-523986131536->omNode-3(c-1,m0,n1, attendVote=true, lastRpcSendTime=273, lastRpcResponseTime=2024) yet, just keep nextIndex unchanged and retry.
2023-03-29 22:45:45,447 [grpc-default-executor-5] WARN  server.GrpcLogAppender (LogUtils.java:warn(122)) - omNode-1@group-523986131536->omNode-3-AppendLogResponseHandler: Failed appendEntries: org.apache.ratis.thirdparty.io.grpc.StatusRuntimeException: UNAVAILABLE: io exception
2023-03-29 22:45:45,448 [grpc-default-executor-6] WARN  server.GrpcLogAppender (LogUtils.java:warn(122)) - omNode-1@group-523986131536->omNode-3-AppendLogResponseHandler: Failed appendEntries: org.apache.ratis.thirdparty.io.grpc.StatusRuntimeException: UNAVAILABLE: io exception
2023-03-29 22:45:45,448 [grpc-default-executor-5] WARN  server.GrpcLogAppender (GrpcLogAppender.java:resetClient(131)) - omNode-1@group-523986131536->omNode-3-GrpcLogAppender: Leader has not got in touch with Follower omNode-1@group-523986131536->omNode-3(c-1,m0,n1, attendVote=true, lastRpcSendTime=276, lastRpcResponseTime=2027) yet, just keep nextIndex unchanged and retry.
2023-03-29 22:45:45,448 [grpc-default-executor-6] WARN  server.GrpcLogAppender (GrpcLogAppender.java:resetClient(131)) - omNode-1@group-523986131536->omNode-3-GrpcLogAppender: Leader has not got in touch with Follower omNode-1@group-523986131536->omNode-3(c-1,m0,n1, attendVote=true, lastRpcSendTime=276, lastRpcResponseTime=2027) yet, just keep nextIndex unchanged and retry.
2023-03-29 22:45:45,470 [grpc-default-executor-1] WARN  server.GrpcLogAppender (LogUtils.java:warn(122)) - omNode-1@group-523986131536->omNode-3-AppendLogResponseHandler: Failed appendEntries: org.apache.ratis.thirdparty.io.grpc.StatusRuntimeException: UNAVAILABLE: io exception
2023-03-29 22:45:45,471 [grpc-default-executor-1] WARN  server.GrpcLogAppender (GrpcLogAppender.java:resetClient(131)) - omNode-1@group-523986131536->omNode-3-GrpcLogAppender: Leader has not got in touch with Follower omNode-1@group-523986131536->omNode-3(c-1,m0,n1, attendVote=true, lastRpcSendTime=21, lastRpcResponseTime=2050) yet, just keep nextIndex unchanged and retry.
2023-03-29 22:45:45,475 [grpc-default-executor-1] WARN  server.GrpcLogAppender (LogUtils.java:warn(122)) - omNode-1@group-523986131536->omNode-3-AppendLogResponseHandler: Failed appendEntries: org.apache.ratis.thirdparty.io.grpc.StatusRuntimeException: UNAVAILABLE: io exception
2023-03-29 22:45:45,476 [grpc-default-executor-1] WARN  server.GrpcLogAppender (GrpcLogAppender.java:resetClient(131)) - omNode-1@group-523986131536->omNode-3-GrpcLogAppender: Leader has not got in touch with Follower omNode-1@group-523986131536->omNode-3(c-1,m0,n1, attendVote=true, lastRpcSendTime=26, lastRpcResponseTime=2055) yet, just keep nextIndex unchanged and retry.
2023-03-29 22:45:45,618 [Listener at 127.0.0.1/37233] INFO  reflections.Reflections (Reflections.java:scan(232)) - Reflections took 676 ms to scan 19 urls, producing 68 keys and 4993 values [using 2 cores]
2023-03-29 22:45:45,619 [Listener at 127.0.0.1/37233] INFO  ipc.CallQueueManager (CallQueueManager.java:<init>(90)) - Using callQueue: class java.util.concurrent.LinkedBlockingQueue, queueCapacity: 2000, scheduler: class org.apache.hadoop.ipc.DefaultRpcScheduler, ipcBackoff: false.
2023-03-29 22:45:45,620 [Socket Reader #1 for port 35129] INFO  ipc.Server (Server.java:run(1273)) - Starting Socket Reader #1 for port 35129
2023-03-29 22:45:45,639 [Listener at 127.0.0.1/35129] INFO  impl.MetricsSystemImpl (MetricsSystemImpl.java:init(158)) - OzoneManager metrics system started (again)
2023-03-29 22:45:45,650 [Listener at 127.0.0.1/35129] INFO  om.OzoneManager (OzoneManager.java:start(1553)) - OzoneManager RPC server is listening at localhost/127.0.0.1:35129
2023-03-29 22:45:45,650 [Listener at 127.0.0.1/35129] INFO  ratis.OzoneManagerRatisServer (OzoneManagerRatisServer.java:start(558)) - Starting OzoneManagerRatisServer omNode-3 at port 44969
2023-03-29 22:45:45,650 [omNode-3-impl-thread1] INFO  storage.RaftStorageDirectory (RaftStorageDirectoryImpl.java:analyzeStorage(137)) - The storage directory /home/runner/work/ozone/ozone/hadoop-ozone/integration-test/target/test-dir/MiniOzoneClusterImpl-8ae17f6e-7b8d-4fcc-9253-feb95f7e1717/omNode-3/ratis/c9bc4cf4-3bc3-3c60-a66b-523986131536 does not exist. Creating ...
2023-03-29 22:45:45,651 [EndpointStateMachine task thread for /0.0.0.0:44471 - 0 ] INFO  ipc.Client (Client.java:handleConnectionFailure(1010)) - Retrying connect to server: 0.0.0.0/0.0.0.0:44471. Already tried 6 time(s); retry policy is RetryUpToMaximumCountWithFixedSleep(maxRetries=15, sleepTime=1000 MILLISECONDS)
2023-03-29 22:45:45,652 [omNode-3-impl-thread1] INFO  storage.RaftStorageDirectory (RaftStorageDirectoryImpl.java:tryLock(231)) - Lock on /home/runner/work/ozone/ozone/hadoop-ozone/integration-test/target/test-dir/MiniOzoneClusterImpl-8ae17f6e-7b8d-4fcc-9253-feb95f7e1717/omNode-3/ratis/c9bc4cf4-3bc3-3c60-a66b-523986131536/in_use.lock acquired by nodename 4032@fv-az377-460
2023-03-29 22:45:45,654 [omNode-3-impl-thread1] INFO  storage.RaftStorage (RaftStorageImpl.java:format(96)) - Storage directory /home/runner/work/ozone/ozone/hadoop-ozone/integration-test/target/test-dir/MiniOzoneClusterImpl-8ae17f6e-7b8d-4fcc-9253-feb95f7e1717/omNode-3/ratis/c9bc4cf4-3bc3-3c60-a66b-523986131536 has been successfully formatted.
2023-03-29 22:45:45,654 [omNode-3-impl-thread1] INFO  server.RaftServerConfigKeys (ConfUtils.java:logGet(46)) - raft.server.log.use.memory = false (default)
2023-03-29 22:45:45,654 [omNode-3-impl-thread1] INFO  server.RaftServerConfigKeys (ConfUtils.java:logGet(46)) - raft.server.log.purge.gap = 1000000 (custom)
2023-03-29 22:45:45,654 [omNode-3-impl-thread1] INFO  server.RaftServerConfigKeys (ConfUtils.java:logGet(46)) - raft.server.log.appender.buffer.byte-limit = 33554432 (custom)
2023-03-29 22:45:45,654 [omNode-3-impl-thread1] INFO  server.RaftServerConfigKeys (ConfUtils.java:logGet(46)) - raft.server.log.statemachine.data.read.timeout = 1000ms (default)
2023-03-29 22:45:45,654 [omNode-3-impl-thread1] INFO  server.RaftServerConfigKeys (ConfUtils.java:logGet(46)) - raft.server.log.purge.preservation.log.num = 0 (default)
2023-03-29 22:45:45,654 [omNode-3-impl-thread1] INFO  server.RaftServerConfigKeys (ConfUtils.java:logGet(46)) - raft.server.log.segment.size.max = 4194304 (custom)
2023-03-29 22:45:45,655 [omNode-3-impl-thread1] INFO  server.RaftServerConfigKeys (ConfUtils.java:logGet(46)) - raft.server.log.segment.cache.num.max = 2 (custom)
2023-03-29 22:45:45,655 [omNode-3-impl-thread1] INFO  server.RaftServerConfigKeys (ConfUtils.java:logGet(46)) - raft.server.log.segment.cache.size.max = 200MB (=209715200) (default)
2023-03-29 22:45:45,655 [omNode-3-impl-thread1] INFO  segmented.SegmentedRaftLogWorker (SegmentedRaftLogWorker.java:<init>(189)) - new omNode-3@group-523986131536-SegmentedRaftLogWorker for RaftStorageImpl:Storage Directory /home/runner/work/ozone/ozone/hadoop-ozone/integration-test/target/test-dir/MiniOzoneClusterImpl-8ae17f6e-7b8d-4fcc-9253-feb95f7e1717/omNode-3/ratis/c9bc4cf4-3bc3-3c60-a66b-523986131536
2023-03-29 22:45:45,655 [omNode-3-impl-thread1] INFO  server.RaftServerConfigKeys (ConfUtils.java:logGet(46)) - raft.server.log.queue.byte-limit = 64MB (=67108864) (default)
2023-03-29 22:45:45,655 [omNode-3-impl-thread1] INFO  server.RaftServerConfigKeys (ConfUtils.java:logGet(46)) - raft.server.log.queue.element-limit = 4096 (default)
2023-03-29 22:45:45,655 [omNode-3-impl-thread1] INFO  server.RaftServerConfigKeys (ConfUtils.java:logGet(46)) - raft.server.log.segment.size.max = 4194304 (custom)
2023-03-29 22:45:45,655 [omNode-3-impl-thread1] INFO  server.RaftServerConfigKeys (ConfUtils.java:logGet(46)) - raft.server.log.preallocated.size = 4194304 (custom)
2023-03-29 22:45:45,655 [omNode-3-impl-thread1] INFO  server.RaftServerConfigKeys (ConfUtils.java:logGet(46)) - raft.server.log.force.sync.num = 128 (default)
2023-03-29 22:45:45,655 [omNode-3-impl-thread1] INFO  server.RaftServerConfigKeys (ConfUtils.java:logGet(46)) - raft.server.log.statemachine.data.sync = true (default)
2023-03-29 22:45:45,655 [omNode-3-impl-thread1] INFO  server.RaftServerConfigKeys (ConfUtils.java:logGet(46)) - raft.server.log.statemachine.data.sync.timeout = 10s (default)
2023-03-29 22:45:45,655 [omNode-3-impl-thread1] INFO  server.RaftServerConfigKeys (ConfUtils.java:logGet(46)) - raft.server.log.statemachine.data.sync.timeout.retry = -1 (default)
2023-03-29 22:45:45,655 [omNode-3-impl-thread1] INFO  server.RaftServerConfigKeys (ConfUtils.java:logGet(46)) - raft.server.log.write.buffer.size = 64KB (=65536) (default)
2023-03-29 22:45:45,656 [omNode-3-impl-thread1] INFO  server.RaftServerConfigKeys (ConfUtils.java:logGet(46)) - raft.server.log.appender.buffer.byte-limit = 33554432 (custom)
2023-03-29 22:45:45,661 [omNode-3-impl-thread1] INFO  server.RaftServerConfigKeys (ConfUtils.java:logGet(46)) - raft.server.log.unsafe-flush.enabled = false (default)
2023-03-29 22:45:45,661 [omNode-3-impl-thread1] INFO  server.RaftServerConfigKeys (ConfUtils.java:logGet(46)) - raft.server.log.async-flush.enabled = false (default)
2023-03-29 22:45:45,661 [omNode-3-impl-thread1] INFO  server.RaftServerConfigKeys (ConfUtils.java:logGet(46)) - raft.server.log.statemachine.data.caching.enabled = false (default)
2023-03-29 22:45:45,661 [omNode-3-impl-thread1] INFO  segmented.SegmentedRaftLogWorker (SegmentedRaftLogWorker.java:lambda$new$0(135)) - omNode-3@group-523986131536-SegmentedRaftLogWorker: flushIndex: setUnconditionally 0 -> -1
2023-03-29 22:45:45,661 [omNode-3-impl-thread1] INFO  segmented.SegmentedRaftLogWorker (SegmentedRaftLogWorker.java:lambda$new$0(135)) - omNode-3@group-523986131536-SegmentedRaftLogWorker: safeCacheEvictIndex: setUnconditionally 0 -> -1
2023-03-29 22:45:45,661 [omNode-3-impl-thread1] INFO  server.RaftServer$Division (RaftServerImpl.java:start(334)) - omNode-3@group-523986131536: start as a follower, conf=-1: peers:[omNode-3|rpc:localhost:44969|priority:0|startupRole:FOLLOWER, omNode-1|rpc:localhost:34741|priority:0|startupRole:FOLLOWER, omNode-2|rpc:localhost:39199|priority:0|startupRole:FOLLOWER]|listeners:[], old=null
2023-03-29 22:45:45,661 [omNode-3-impl-thread1] INFO  server.RaftServer$Division (RaftServerImpl.java:setRole(321)) - omNode-3@group-523986131536: changes role from      null to FOLLOWER at term 0 for startAsFollower
2023-03-29 22:45:45,661 [omNode-3-impl-thread1] INFO  impl.RoleInfo (RoleInfo.java:updateAndGet(139)) - omNode-3: start omNode-3@group-523986131536-FollowerState
2023-03-29 22:45:45,666 [omNode-3-impl-thread1] INFO  util.JmxRegister (JmxRegister.java:tryRegister(44)) - Successfully registered JMX Bean with object name Ratis:service=RaftServer,group=group-523986131536,id=omNode-3
2023-03-29 22:45:45,666 [omNode-3-impl-thread1] INFO  server.RaftServerConfigKeys (ConfUtils.java:logGet(46)) - raft.server.snapshot.auto.trigger.enabled = true (custom)
2023-03-29 22:45:45,666 [omNode-3-impl-thread1] INFO  server.RaftServerConfigKeys (ConfUtils.java:logGet(46)) - raft.server.snapshot.auto.trigger.threshold = 400000 (default)
2023-03-29 22:45:45,666 [omNode-3-impl-thread1] INFO  server.RaftServerConfigKeys (ConfUtils.java:logGet(46)) - raft.server.snapshot.retention.file.num = -1 (default)
2023-03-29 22:45:45,666 [omNode-3-impl-thread1] INFO  server.RaftServerConfigKeys (ConfUtils.java:logGet(46)) - raft.server.log.purge.upto.snapshot.index = true (custom)
2023-03-29 22:45:45,666 [omNode-3@group-523986131536-FollowerState] INFO  server.RaftServerConfigKeys (ConfUtils.java:logFallback(53)) - raft.server.rpc.first-election.timeout.min = 1s (fallback to raft.server.rpc.timeout.min)
2023-03-29 22:45:45,667 [omNode-3@group-523986131536-FollowerState] INFO  server.RaftServerConfigKeys (ConfUtils.java:logFallback(53)) - raft.server.rpc.first-election.timeout.max = 1200ms (fallback to raft.server.rpc.timeout.max)
2023-03-29 22:45:45,667 [Listener at 127.0.0.1/35129] INFO  server.RaftServer (RaftServerProxy.java:startImpl(393)) - omNode-3: start RPC server
2023-03-29 22:45:45,669 [Listener at 127.0.0.1/35129] INFO  server.GrpcService (GrpcService.java:startImpl(262)) - omNode-3: GrpcService started, listening on 44969
2023-03-29 22:45:45,669 [Listener at 127.0.0.1/35129] INFO  om.OzoneManager (OzoneManager.java:start(1569)) - Version File has different layout version (3) than OM DB (null). That is expected if this OM has never been finalized to a newer layout version.
2023-03-29 22:45:45,670 [JvmPauseMonitor8] INFO  util.JvmPauseMonitor (JvmPauseMonitor.java:run(105)) - JvmPauseMonitor-omNode-3: Started
2023-03-29 22:45:45,674 [Listener at 127.0.0.1/35129] INFO  http.BaseHttpServer (BaseHttpServer.java:newHttpServer2BuilderForOzone(224)) - Starting Web-server for ozoneManager at: http://0.0.0.0:35209
2023-03-29 22:45:45,674 [Listener at 127.0.0.1/35129] INFO  http.BaseHttpServer (BaseHttpServer.java:<init>(111)) - Hadoop Security Enabled: false Ozone Security Enabled: false Ozone HTTP Security Enabled: false 
2023-03-29 22:45:45,676 [Listener at 127.0.0.1/35129] WARN  server.AuthenticationFilter (AuthenticationFilter.java:constructSecretProvider(240)) - Unable to initialize FileSignerSecretProvider, falling back to use random secrets. Reason: Could not read signature secret file: /home/runner/hadoop-http-auth-signature-secret
2023-03-29 22:45:45,677 [Listener at 127.0.0.1/35129] WARN  http.HttpRequestLog (HttpRequestLog.java:getRequestLog(103)) - Jetty request log can only be enabled using Log4j
2023-03-29 22:45:45,678 [Listener at 127.0.0.1/35129] INFO  http.HttpServer2 (HttpServer2.java:addGlobalFilter(1031)) - Added global filter 'safety' (class=org.apache.hadoop.hdds.server.http.HttpServer2$QuotingInputFilter)
2023-03-29 22:45:45,679 [Listener at 127.0.0.1/35129] INFO  http.HttpServer2 (HttpServer2.java:addFilter(1007)) - Added filter static_user_filter (class=org.apache.hadoop.http.lib.StaticUserWebFilter$StaticUserFilter) to context ozoneManager
2023-03-29 22:45:45,679 [Listener at 127.0.0.1/35129] INFO  http.HttpServer2 (HttpServer2.java:addFilter(1015)) - Added filter static_user_filter (class=org.apache.hadoop.http.lib.StaticUserWebFilter$StaticUserFilter) to context logs
2023-03-29 22:45:45,679 [Listener at 127.0.0.1/35129] INFO  http.HttpServer2 (HttpServer2.java:addFilter(1015)) - Added filter static_user_filter (class=org.apache.hadoop.http.lib.StaticUserWebFilter$StaticUserFilter) to context static
2023-03-29 22:45:45,680 [Listener at 127.0.0.1/35129] INFO  http.BaseHttpServer (BaseHttpServer.java:<init>(190)) - HTTP server of ozoneManager uses base directory /home/runner/work/ozone/ozone/hadoop-ozone/integration-test/target/test-dir/MiniOzoneClusterImpl-8ae17f6e-7b8d-4fcc-9253-feb95f7e1717/omNode-3/webserver
2023-03-29 22:45:45,680 [Listener at 127.0.0.1/35129] INFO  http.HttpServer2 (HttpServer2.java:bindListener(1250)) - Jetty bound to port 35209
2023-03-29 22:45:45,680 [Listener at 127.0.0.1/35129] INFO  server.Server (Server.java:doStart(375)) - jetty-9.4.49.v20220914; built: 2022-09-14T01:07:36.601Z; git: 4231a3b2e4cb8548a412a789936d640a97b1aa0a; jvm 1.8.0_362-b09
2023-03-29 22:45:45,682 [Listener at 127.0.0.1/35129] INFO  server.session (DefaultSessionIdManager.java:doStart(334)) - DefaultSessionIdManager workerName=node0
2023-03-29 22:45:45,683 [Listener at 127.0.0.1/35129] INFO  server.session (DefaultSessionIdManager.java:doStart(339)) - No SessionScavenger set, using defaults
2023-03-29 22:45:45,683 [Listener at 127.0.0.1/35129] INFO  server.session (HouseKeeper.java:startScavenging(132)) - node0 Scavenging every 600000ms
2023-03-29 22:45:45,683 [Listener at 127.0.0.1/35129] INFO  handler.ContextHandler (ContextHandler.java:doStart(921)) - Started o.e.j.s.ServletContextHandler@7fdbb0ac{logs,/logs,file:///home/runner/work/ozone/ozone/hadoop-ozone/integration-test/target/log,AVAILABLE}
2023-03-29 22:45:45,684 [Listener at 127.0.0.1/35129] INFO  handler.ContextHandler (ContextHandler.java:doStart(921)) - Started o.e.j.s.ServletContextHandler@17ad99d7{static,/static,file:///home/runner/work/ozone/ozone/hadoop-ozone/integration-test/target/test-classes/webapps/static,AVAILABLE}
2023-03-29 22:45:45,689 [Listener at 127.0.0.1/35129] INFO  handler.ContextHandler (ContextHandler.java:doStart(921)) - Started o.e.j.w.WebAppContext@7e97b443{ozoneManager,/,file:///home/runner/work/ozone/ozone/hadoop-ozone/integration-test/target/test-classes/webapps/ozoneManager/,AVAILABLE}{file:/home/runner/work/ozone/ozone/hadoop-ozone/integration-test/target/test-classes/webapps/ozoneManager}
2023-03-29 22:45:45,692 [Listener at 127.0.0.1/35129] INFO  server.AbstractConnector (AbstractConnector.java:doStart(333)) - Started ServerConnector@71c37190{HTTP/1.1, (http/1.1)}{0.0.0.0:35209}
2023-03-29 22:45:45,692 [Listener at 127.0.0.1/35129] INFO  server.Server (Server.java:doStart(415)) - Started @77328ms
2023-03-29 22:45:45,692 [Listener at 127.0.0.1/35129] WARN  impl.MetricsSystemImpl (MetricsSystemImpl.java:register(279)) - Sink prometheus already exists!
2023-03-29 22:45:45,692 [Listener at 127.0.0.1/35129] INFO  http.BaseHttpServer (BaseHttpServer.java:updateConnectorAddress(344)) - HTTP server of ozoneManager listening at http://0.0.0.0:35209
2023-03-29 22:45:45,697 [IPC Server Responder] INFO  ipc.Server (Server.java:run(1512)) - IPC Server Responder: starting
2023-03-29 22:45:45,697 [IPC Server listener on 35129] INFO  ipc.Server (Server.java:run(1352)) - IPC Server listener on 35129: starting
2023-03-29 22:45:45,700 [grpc-default-executor-1] WARN  server.GrpcLogAppender (LogUtils.java:warn(122)) - omNode-1@group-523986131536->omNode-3-AppendLogResponseHandler: Failed appendEntries: org.apache.ratis.thirdparty.io.grpc.StatusRuntimeException: UNAVAILABLE: io exception
2023-03-29 22:45:45,700 [Listener at 127.0.0.1/35129] INFO  om.OzoneManager (OzoneManager.java:startTrashEmptier(2040)) - Trash Interval set to 0. Files deleted won't move to trash
2023-03-29 22:45:45,701 [grpc-default-executor-1] WARN  server.GrpcLogAppender (GrpcLogAppender.java:resetClient(131)) - omNode-1@group-523986131536->omNode-3-GrpcLogAppender: Leader has not got in touch with Follower omNode-1@group-523986131536->omNode-3(c-1,m0,n1, attendVote=true, lastRpcSendTime=0, lastRpcResponseTime=2280) yet, just keep nextIndex unchanged and retry.
2023-03-29 22:45:45,701 [grpc-default-executor-5] WARN  server.GrpcLogAppender (LogUtils.java:warn(122)) - omNode-1@group-523986131536->omNode-3-AppendLogResponseHandler: Failed appendEntries: org.apache.ratis.thirdparty.io.grpc.StatusRuntimeException: UNAVAILABLE: io exception
2023-03-29 22:45:45,701 [grpc-default-executor-5] WARN  server.GrpcLogAppender (GrpcLogAppender.java:resetClient(131)) - omNode-1@group-523986131536->omNode-3-GrpcLogAppender: Leader has not got in touch with Follower omNode-1@group-523986131536->omNode-3(c-1,m0,n1, attendVote=true, lastRpcSendTime=1, lastRpcResponseTime=2280) yet, just keep nextIndex unchanged and retry.
2023-03-29 22:45:45,702 [Listener at 127.0.0.1/35129] INFO  ozone.MiniOzoneHAClusterImpl (MiniOzoneHAClusterImpl.java:createOMService(527)) - Started OzoneManager omNode-3 RPC server at localhost/127.0.0.1:35129
2023-03-29 22:45:45,708 [org.apache.hadoop.util.JvmPauseMonitor$Monitor@3fd5e7c8] INFO  util.JvmPauseMonitor (JvmPauseMonitor.java:run(188)) - Starting JVM pause monitor
2023-03-29 22:45:45,716 [Listener at 127.0.0.1/35129] WARN  impl.MetricRegistriesImpl (MetricRegistriesImpl.java:addReporterRegistration(111)) - New reporters are added after registries were created. Some metrics will be missing from the reporter. Please add reporter before adding any new registry.
2023-03-29 22:45:45,716 [Listener at 127.0.0.1/35129] WARN  impl.MetricRegistriesImpl (MetricRegistriesImpl.java:addReporterRegistration(111)) - New reporters are added after registries were created. Some metrics will be missing from the reporter. Please add reporter before adding any new registry.
2023-03-29 22:45:45,716 [Listener at 127.0.0.1/35129] INFO  impl.MetricsSystemImpl (MetricsSystemImpl.java:init(158)) - HddsDatanode metrics system started (again)
2023-03-29 22:45:45,731 [Listener at 127.0.0.1/35129] INFO  ozone.HddsDatanodeService (HddsDatanodeService.java:start(249)) - HddsDatanodeService host:fv-az377-460 ip:10.1.0.40
2023-03-29 22:45:45,760 [Listener at 127.0.0.1/35129] INFO  upgrade.AbstractLayoutVersionManager (AbstractLayoutVersionManager.java:init(83)) - Initializing Layout version manager with metadata layout = DATANODE_SCHEMA_V3 (version = 4), software layout = DATANODE_SCHEMA_V3 (version = 4)
2023-03-29 22:45:45,810 [Listener at 127.0.0.1/35129] INFO  reflections.Reflections (Reflections.java:scan(232)) - Reflections took 49 ms to scan 7 urls, producing 155 keys and 368 values 
2023-03-29 22:45:45,812 [Listener at 127.0.0.1/35129] INFO  statemachine.DatanodeStateMachine (DatanodeStateMachine.java:getEndPointTaskThreadPoolSize(260)) - Datanode State Machine Task Thread Pool size 2
2023-03-29 22:45:45,819 [Listener at 127.0.0.1/35129] INFO  volume.HddsVolume (HddsVolume.java:<init>(130)) - Creating HddsVolume: /home/runner/work/ozone/ozone/hadoop-ozone/integration-test/target/test-dir/MiniOzoneClusterImpl-8ae17f6e-7b8d-4fcc-9253-feb95f7e1717/datanode-0/data-0/containers/hdds of storage type : DISK capacity : 9223372036854775807
2023-03-29 22:45:45,819 [Listener at 127.0.0.1/35129] INFO  volume.MutableVolumeSet (MutableVolumeSet.java:initializeVolumeSet(175)) - Added Volume : /home/runner/work/ozone/ozone/hadoop-ozone/integration-test/target/test-dir/MiniOzoneClusterImpl-8ae17f6e-7b8d-4fcc-9253-feb95f7e1717/datanode-0/data-0/containers/hdds to VolumeSet
2023-03-29 22:45:45,819 [Listener at 127.0.0.1/35129] INFO  volume.ThrottledAsyncChecker (ThrottledAsyncChecker.java:schedule(141)) - Scheduling a check for /home/runner/work/ozone/ozone/hadoop-ozone/integration-test/target/test-dir/MiniOzoneClusterImpl-8ae17f6e-7b8d-4fcc-9253-feb95f7e1717/datanode-0/data-0/containers/hdds
2023-03-29 22:45:45,819 [Listener at 127.0.0.1/35129] INFO  volume.StorageVolumeChecker (StorageVolumeChecker.java:checkAllVolumes(202)) - Scheduled health check for volume /home/runner/work/ozone/ozone/hadoop-ozone/integration-test/target/test-dir/MiniOzoneClusterImpl-8ae17f6e-7b8d-4fcc-9253-feb95f7e1717/datanode-0/data-0/containers/hdds
2023-03-29 22:45:45,836 [Listener at 127.0.0.1/35129] INFO  volume.MutableVolumeSet (MutableVolumeSet.java:initializeVolumeSet(175)) - Added Volume : /home/runner/work/ozone/ozone/hadoop-ozone/integration-test/target/test-dir/MiniOzoneClusterImpl-8ae17f6e-7b8d-4fcc-9253-feb95f7e1717/datanode-0/data/ratis to VolumeSet
2023-03-29 22:45:45,837 [Listener at 127.0.0.1/35129] INFO  volume.ThrottledAsyncChecker (ThrottledAsyncChecker.java:schedule(141)) - Scheduling a check for /home/runner/work/ozone/ozone/hadoop-ozone/integration-test/target/test-dir/MiniOzoneClusterImpl-8ae17f6e-7b8d-4fcc-9253-feb95f7e1717/datanode-0/data/ratis
2023-03-29 22:45:45,837 [Listener at 127.0.0.1/35129] INFO  volume.StorageVolumeChecker (StorageVolumeChecker.java:checkAllVolumes(202)) - Scheduled health check for volume /home/runner/work/ozone/ozone/hadoop-ozone/integration-test/target/test-dir/MiniOzoneClusterImpl-8ae17f6e-7b8d-4fcc-9253-feb95f7e1717/datanode-0/data/ratis
2023-03-29 22:45:45,854 [Thread-8652] INFO  ozoneimpl.ContainerReader (ContainerReader.java:readVolume(175)) - Finish verifying containers on volume /home/runner/work/ozone/ozone/hadoop-ozone/integration-test/target/test-dir/MiniOzoneClusterImpl-8ae17f6e-7b8d-4fcc-9253-feb95f7e1717/datanode-0/data-0/containers/hdds
2023-03-29 22:45:45,854 [Listener at 127.0.0.1/35129] INFO  ozoneimpl.OzoneContainer (OzoneContainer.java:buildContainerSet(303)) - Build ContainerSet costs 0s
2023-03-29 22:45:45,856 [Listener at 127.0.0.1/35129] INFO  server.RaftServer (ConfUtils.java:logGet(46)) - raft.rpc.type = GRPC (default)
2023-03-29 22:45:45,857 [Listener at 127.0.0.1/35129] INFO  grpc.GrpcConfigKeys (ConfUtils.java:logFallback(53)) - raft.grpc.admin.host = null (fallback to raft.grpc.server.host)
2023-03-29 22:45:45,857 [Listener at 127.0.0.1/35129] INFO  grpc.GrpcConfigKeys (ConfUtils.java:logGet(46)) - raft.grpc.admin.port = 0 (custom)
2023-03-29 22:45:45,857 [Listener at 127.0.0.1/35129] INFO  grpc.GrpcConfigKeys (ConfUtils.java:logFallback(53)) - raft.grpc.client.host = null (fallback to raft.grpc.server.host)
2023-03-29 22:45:45,857 [Listener at 127.0.0.1/35129] INFO  grpc.GrpcConfigKeys (ConfUtils.java:logGet(46)) - raft.grpc.client.port = 0 (custom)
2023-03-29 22:45:45,857 [Listener at 127.0.0.1/35129] INFO  grpc.GrpcConfigKeys (ConfUtils.java:logGet(46)) - raft.grpc.server.host = null (default)
2023-03-29 22:45:45,857 [Listener at 127.0.0.1/35129] INFO  grpc.GrpcConfigKeys (ConfUtils.java:logGet(46)) - raft.grpc.server.port = 0 (default)
2023-03-29 22:45:45,857 [Listener at 127.0.0.1/35129] INFO  server.GrpcService (ConfUtils.java:logGet(46)) - raft.grpc.message.size.max = 32MB (=33554432) (custom)
2023-03-29 22:45:45,857 [Listener at 127.0.0.1/35129] INFO  server.RaftServerConfigKeys (ConfUtils.java:logGet(46)) - raft.server.log.appender.buffer.byte-limit = 33554432 (custom)
2023-03-29 22:45:45,858 [Listener at 127.0.0.1/35129] INFO  server.GrpcService (ConfUtils.java:logGet(46)) - raft.grpc.flow.control.window = 5MB (=5242880) (custom)
2023-03-29 22:45:45,860 [Listener at 127.0.0.1/35129] INFO  server.RaftServerConfigKeys (ConfUtils.java:logGet(46)) - raft.server.rpc.request.timeout = 60s (custom)
2023-03-29 22:45:45,860 [Listener at 127.0.0.1/35129] INFO  grpc.GrpcConfigKeys (ConfUtils.java:logGet(46)) - raft.grpc.server.heartbeat.channel = true (default)
2023-03-29 22:45:45,860 [Listener at 127.0.0.1/35129] INFO  grpc.GrpcConfigKeys (ConfUtils.java:logGet(46)) - raft.grpc.server.async.request.thread.pool.cached = true (default)
2023-03-29 22:45:45,860 [Listener at 127.0.0.1/35129] INFO  grpc.GrpcConfigKeys (ConfUtils.java:logGet(46)) - raft.grpc.server.async.request.thread.pool.size = 32 (default)
2023-03-29 22:45:45,862 [Listener at 127.0.0.1/35129] INFO  impl.DataStreamServerImpl (ConfUtils.java:logGet(46)) - raft.datastream.type = NETTY (custom)
2023-03-29 22:45:45,862 [Listener at 127.0.0.1/35129] INFO  server.RaftServerConfigKeys (ConfUtils.java:logGet(46)) - raft.server.data-stream.async.request.thread.pool.cached = false (default)
2023-03-29 22:45:45,862 [Listener at 127.0.0.1/35129] INFO  server.RaftServerConfigKeys (ConfUtils.java:logGet(46)) - raft.server.data-stream.async.request.thread.pool.size = 20 (custom)
2023-03-29 22:45:45,862 [Listener at 127.0.0.1/35129] INFO  server.RaftServerConfigKeys (ConfUtils.java:logGet(46)) - raft.server.data-stream.async.write.thread.pool.size = 16 (default)
2023-03-29 22:45:45,863 [Listener at 127.0.0.1/35129] INFO  server.RaftServerConfigKeys (ConfUtils.java:logGet(46)) - raft.server.data-stream.client.pool.size = 10 (default)
2023-03-29 22:45:45,863 [Listener at 127.0.0.1/35129] INFO  netty.NettyConfigKeys$DataStream (ConfUtils.java:logGet(46)) - raft.netty.dataStream.server.use-epoll = false (default)
2023-03-29 22:45:45,863 [Listener at 127.0.0.1/35129] INFO  netty.NettyConfigKeys$DataStream (ConfUtils.java:logGet(46)) - raft.netty.dataStream.server.boss-group.size = 0 (default)
2023-03-29 22:45:45,863 [Listener at 127.0.0.1/35129] INFO  netty.NettyConfigKeys$DataStream (ConfUtils.java:logGet(46)) - raft.netty.dataStream.server.worker-group.size = 0 (default)
2023-03-29 22:45:45,864 [Listener at 127.0.0.1/35129] INFO  netty.NettyConfigKeys$DataStream (ConfUtils.java:logGet(46)) - raft.netty.dataStream.server.tls.conf = null (default)
2023-03-29 22:45:45,864 [Listener at 127.0.0.1/35129] INFO  netty.NettyConfigKeys$DataStream (ConfUtils.java:logGet(46)) - raft.netty.dataStream.host = null (default)
2023-03-29 22:45:45,864 [Listener at 127.0.0.1/35129] INFO  netty.NettyConfigKeys$DataStream (ConfUtils.java:logGet(46)) - raft.netty.dataStream.port = 0 (default)
2023-03-29 22:45:45,865 [Listener at 127.0.0.1/35129] INFO  server.RaftServerConfigKeys (ConfUtils.java:logGet(46)) - raft.server.threadpool.proxy.cached = true (default)
2023-03-29 22:45:45,865 [Listener at 127.0.0.1/35129] INFO  server.RaftServerConfigKeys (ConfUtils.java:logGet(46)) - raft.server.threadpool.proxy.size = 0 (default)
2023-03-29 22:45:45,865 [Listener at 127.0.0.1/35129] INFO  server.RaftServerConfigKeys (ConfUtils.java:logGet(46)) - raft.server.rpc.slowness.timeout = 300s (custom)
2023-03-29 22:45:45,865 [Listener at 127.0.0.1/35129] INFO  server.RaftServerConfigKeys (ConfUtils.java:logGet(46)) - raft.server.leaderelection.leader.step-down.wait-time = 10s (default)
2023-03-29 22:45:45,866 [Listener at 127.0.0.1/35129] INFO  server.RaftServerConfigKeys (ConfUtils.java:logGet(46)) - raft.server.storage.dir = [/home/runner/work/ozone/ozone/hadoop-ozone/integration-test/target/test-dir/MiniOzoneClusterImpl-8ae17f6e-7b8d-4fcc-9253-feb95f7e1717/datanode-0/data/ratis] (custom)
2023-03-29 22:45:45,866 [1b03df48-31d6-4d50-bcfe-06272533350b-NettyServerStreamRpc-bossGroup--thread1] INFO  logging.LoggingHandler (AbstractInternalLogger.java:log(148)) - [id: 0xa39d730d] REGISTERED
2023-03-29 22:45:45,866 [1b03df48-31d6-4d50-bcfe-06272533350b-NettyServerStreamRpc-bossGroup--thread1] INFO  logging.LoggingHandler (AbstractInternalLogger.java:log(148)) - [id: 0xa39d730d] BIND: 0.0.0.0/0.0.0.0:0
2023-03-29 22:45:45,866 [1b03df48-31d6-4d50-bcfe-06272533350b-NettyServerStreamRpc-bossGroup--thread1] INFO  logging.LoggingHandler (AbstractInternalLogger.java:log(148)) - [id: 0xa39d730d, L:/0:0:0:0:0:0:0:0:34129] ACTIVE
2023-03-29 22:45:45,868 [Listener at 127.0.0.1/35129] INFO  server.XceiverServerGrpc (XceiverServerGrpc.java:<init>(132)) - GrpcServer channel type EpollServerSocketChannel
2023-03-29 22:45:45,874 [Listener at 127.0.0.1/35129] INFO  http.BaseHttpServer (BaseHttpServer.java:newHttpServer2BuilderForOzone(224)) - Starting Web-server for hddsDatanode at: http://0.0.0.0:0
2023-03-29 22:45:45,874 [Listener at 127.0.0.1/35129] INFO  http.BaseHttpServer (BaseHttpServer.java:<init>(111)) - Hadoop Security Enabled: false Ozone Security Enabled: false Ozone HTTP Security Enabled: false 
2023-03-29 22:45:45,875 [Listener at 127.0.0.1/35129] WARN  server.AuthenticationFilter (AuthenticationFilter.java:constructSecretProvider(240)) - Unable to initialize FileSignerSecretProvider, falling back to use random secrets. Reason: Could not read signature secret file: /home/runner/hadoop-http-auth-signature-secret
2023-03-29 22:45:45,875 [Listener at 127.0.0.1/35129] WARN  http.HttpRequestLog (HttpRequestLog.java:getRequestLog(103)) - Jetty request log can only be enabled using Log4j
2023-03-29 22:45:45,877 [Listener at 127.0.0.1/35129] INFO  http.HttpServer2 (HttpServer2.java:addGlobalFilter(1031)) - Added global filter 'safety' (class=org.apache.hadoop.hdds.server.http.HttpServer2$QuotingInputFilter)
2023-03-29 22:45:45,878 [Listener at 127.0.0.1/35129] INFO  http.HttpServer2 (HttpServer2.java:addFilter(1007)) - Added filter static_user_filter (class=org.apache.hadoop.http.lib.StaticUserWebFilter$StaticUserFilter) to context hddsDatanode
2023-03-29 22:45:45,878 [Listener at 127.0.0.1/35129] INFO  http.HttpServer2 (HttpServer2.java:addFilter(1015)) - Added filter static_user_filter (class=org.apache.hadoop.http.lib.StaticUserWebFilter$StaticUserFilter) to context logs
2023-03-29 22:45:45,878 [Listener at 127.0.0.1/35129] INFO  http.HttpServer2 (HttpServer2.java:addFilter(1015)) - Added filter static_user_filter (class=org.apache.hadoop.http.lib.StaticUserWebFilter$StaticUserFilter) to context static
2023-03-29 22:45:45,879 [Listener at 127.0.0.1/35129] INFO  http.BaseHttpServer (BaseHttpServer.java:<init>(190)) - HTTP server of hddsDatanode uses base directory /home/runner/work/ozone/ozone/hadoop-ozone/integration-test/target/test-dir/MiniOzoneClusterImpl-8ae17f6e-7b8d-4fcc-9253-feb95f7e1717/datanode-0/meta/webserver
2023-03-29 22:45:45,879 [Listener at 127.0.0.1/35129] INFO  http.HttpServer2 (HttpServer2.java:bindListener(1250)) - Jetty bound to port 38665
2023-03-29 22:45:45,879 [Listener at 127.0.0.1/35129] INFO  server.Server (Server.java:doStart(375)) - jetty-9.4.49.v20220914; built: 2022-09-14T01:07:36.601Z; git: 4231a3b2e4cb8548a412a789936d640a97b1aa0a; jvm 1.8.0_362-b09
2023-03-29 22:45:45,880 [Listener at 127.0.0.1/35129] INFO  server.session (DefaultSessionIdManager.java:doStart(334)) - DefaultSessionIdManager workerName=node0
2023-03-29 22:45:45,881 [Listener at 127.0.0.1/35129] INFO  server.session (DefaultSessionIdManager.java:doStart(339)) - No SessionScavenger set, using defaults
2023-03-29 22:45:45,881 [Listener at 127.0.0.1/35129] INFO  server.session (HouseKeeper.java:startScavenging(132)) - node0 Scavenging every 600000ms
2023-03-29 22:45:45,883 [Listener at 127.0.0.1/35129] INFO  handler.ContextHandler (ContextHandler.java:doStart(921)) - Started o.e.j.s.ServletContextHandler@79e4f8b6{logs,/logs,file:///home/runner/work/ozone/ozone/hadoop-ozone/integration-test/target/log,AVAILABLE}
2023-03-29 22:45:45,884 [Listener at 127.0.0.1/35129] INFO  handler.ContextHandler (ContextHandler.java:doStart(921)) - Started o.e.j.s.ServletContextHandler@6e87f07b{static,/static,jar:file:/home/runner/.m2/repository/org/apache/ozone/hdds-container-service/1.4.0-SNAPSHOT/hdds-container-service-1.4.0-SNAPSHOT.jar!/webapps/static,AVAILABLE}
2023-03-29 22:45:45,960 [omNode-3-server-thread1] INFO  server.RaftServer$Division (ServerState.java:setLeader(313)) - omNode-3@group-523986131536: change Leader from null to omNode-1 at term 1 for appendEntries, leader elected after 1017ms
2023-03-29 22:45:45,960 [omNode-3-server-thread1] INFO  server.RaftServer$Division (RaftServerImpl.java:checkInconsistentAppendEntries(1508)) - omNode-3@group-523986131536: Failed appendEntries as previous log entry ((t:1, i:0)) is not found
2023-03-29 22:45:45,961 [omNode-3-server-thread1] INFO  server.RaftServer$Division (RaftServerImpl.java:checkInconsistentAppendEntries(1478)) - omNode-3@group-523986131536: inconsistency entries. Reply:omNode-1<-omNode-3#627740:FAIL-t0,INCONSISTENCY,nextIndex=0,followerCommit=-1,matchIndex=-1
2023-03-29 22:45:45,962 [grpc-default-executor-4] INFO  leader.FollowerInfo (FollowerInfoImpl.java:lambda$new$0(48)) - omNode-1@group-523986131536->omNode-3: nextIndex: updateUnconditionally 1 -> 0
2023-03-29 22:45:45,967 [omNode-3-server-thread2] INFO  server.RaftServer$Division (ServerState.java:setRaftConf(430)) - omNode-3@group-523986131536: set configuration 0: peers:[omNode-3|rpc:localhost:44969|admin:|client:|dataStream:|priority:0|startupRole:FOLLOWER, omNode-1|rpc:localhost:34741|admin:|client:|dataStream:|priority:0|startupRole:FOLLOWER, omNode-2|rpc:localhost:39199|admin:|client:|dataStream:|priority:0|startupRole:FOLLOWER]|listeners:[], old=null
2023-03-29 22:45:45,967 [omNode-3-server-thread2] INFO  segmented.SegmentedRaftLogWorker (SegmentedRaftLogWorker.java:startLogSegment(452)) - omNode-3@group-523986131536-SegmentedRaftLogWorker: Starting segment from index:0
2023-03-29 22:45:45,976 [omNode-3@group-523986131536-SegmentedRaftLogWorker] INFO  segmented.SegmentedRaftLogWorker (SegmentedRaftLogWorker.java:execute(656)) - omNode-3@group-523986131536-SegmentedRaftLogWorker: created new log segment /home/runner/work/ozone/ozone/hadoop-ozone/integration-test/target/test-dir/MiniOzoneClusterImpl-8ae17f6e-7b8d-4fcc-9253-feb95f7e1717/omNode-3/ratis/c9bc4cf4-3bc3-3c60-a66b-523986131536/current/log_inprogress_0
2023-03-29 22:45:45,978 [omNode-3@group-523986131536-StateMachineUpdater] INFO  ratis.OzoneManagerStateMachine (OzoneManagerStateMachine.java:notifyConfigurationChanged(192)) - Received Configuration change notification from Ratis. New Peer list:
[id: "omNode-3"
address: "localhost:44969"
startupRole: FOLLOWER
, id: "omNode-1"
address: "localhost:34741"
startupRole: FOLLOWER
, id: "omNode-2"
address: "localhost:39199"
startupRole: FOLLOWER
]
2023-03-29 22:45:46,137 [Listener at 127.0.0.1/35129] INFO  handler.ContextHandler (ContextHandler.java:doStart(921)) - Started o.e.j.w.WebAppContext@7de4a4d8{hddsDatanode,/,file:///home/runner/work/ozone/ozone/hadoop-ozone/integration-test/target/test-dir/MiniOzoneClusterImpl-8ae17f6e-7b8d-4fcc-9253-feb95f7e1717/datanode-0/meta/webserver/jetty-0_0_0_0-38665-hdds-container-service-1_4_0-SNAPSHOT_jar-_-any-877779012399462690/webapp/,AVAILABLE}{jar:file:/home/runner/.m2/repository/org/apache/ozone/hdds-container-service/1.4.0-SNAPSHOT/hdds-container-service-1.4.0-SNAPSHOT.jar!/webapps/hddsDatanode}
2023-03-29 22:45:46,139 [Listener at 127.0.0.1/35129] INFO  server.AbstractConnector (AbstractConnector.java:doStart(333)) - Started ServerConnector@b027738{HTTP/1.1, (http/1.1)}{0.0.0.0:38665}
2023-03-29 22:45:46,139 [Listener at 127.0.0.1/35129] INFO  server.Server (Server.java:doStart(415)) - Started @77775ms
2023-03-29 22:45:46,139 [Listener at 127.0.0.1/35129] WARN  impl.MetricsSystemImpl (MetricsSystemImpl.java:register(279)) - Sink prometheus already exists!
2023-03-29 22:45:46,140 [Listener at 127.0.0.1/35129] INFO  http.BaseHttpServer (BaseHttpServer.java:updateConnectorAddress(344)) - HTTP server of hddsDatanode listening at http://0.0.0.0:38665
2023-03-29 22:45:46,140 [Datanode State Machine Daemon Thread] INFO  statemachine.DatanodeStateMachine (DatanodeStateMachine.java:lambda$startDaemon$0(517)) - Ozone container server started.
2023-03-29 22:45:46,141 [Listener at 127.0.0.1/35129] WARN  impl.MetricRegistriesImpl (MetricRegistriesImpl.java:addReporterRegistration(111)) - New reporters are added after registries were created. Some metrics will be missing from the reporter. Please add reporter before adding any new registry.
2023-03-29 22:45:46,142 [Listener at 127.0.0.1/35129] WARN  impl.MetricRegistriesImpl (MetricRegistriesImpl.java:addReporterRegistration(111)) - New reporters are added after registries were created. Some metrics will be missing from the reporter. Please add reporter before adding any new registry.
2023-03-29 22:45:46,142 [Listener at 127.0.0.1/35129] INFO  impl.MetricsSystemImpl (MetricsSystemImpl.java:init(158)) - HddsDatanode metrics system started (again)
2023-03-29 22:45:46,154 [Listener at 127.0.0.1/35129] INFO  ozone.HddsDatanodeService (HddsDatanodeService.java:start(249)) - HddsDatanodeService host:fv-az377-460 ip:10.1.0.40
2023-03-29 22:45:46,158 [org.apache.hadoop.util.JvmPauseMonitor$Monitor@68729f99] INFO  util.JvmPauseMonitor (JvmPauseMonitor.java:run(188)) - Starting JVM pause monitor
2023-03-29 22:45:46,161 [Datanode State Machine Task Thread - 0] INFO  datanode.InitDatanodeState (InitDatanodeState.java:persistContainerDatanodeDetails(138)) - DatanodeDetails is persisted to /home/runner/work/ozone/ozone/hadoop-ozone/integration-test/target/test-dir/MiniOzoneClusterImpl-8ae17f6e-7b8d-4fcc-9253-feb95f7e1717/datanode-0/meta/datanode.id
2023-03-29 22:45:46,186 [Listener at 127.0.0.1/35129] INFO  upgrade.AbstractLayoutVersionManager (AbstractLayoutVersionManager.java:init(83)) - Initializing Layout version manager with metadata layout = DATANODE_SCHEMA_V3 (version = 4), software layout = DATANODE_SCHEMA_V3 (version = 4)
2023-03-29 22:45:46,242 [Listener at 127.0.0.1/35129] INFO  reflections.Reflections (Reflections.java:scan(232)) - Reflections took 53 ms to scan 7 urls, producing 155 keys and 368 values 
2023-03-29 22:45:46,244 [Listener at 127.0.0.1/35129] INFO  statemachine.DatanodeStateMachine (DatanodeStateMachine.java:getEndPointTaskThreadPoolSize(260)) - Datanode State Machine Task Thread Pool size 2
2023-03-29 22:45:46,246 [Listener at 127.0.0.1/35129] INFO  volume.HddsVolume (HddsVolume.java:<init>(130)) - Creating HddsVolume: /home/runner/work/ozone/ozone/hadoop-ozone/integration-test/target/test-dir/MiniOzoneClusterImpl-8ae17f6e-7b8d-4fcc-9253-feb95f7e1717/datanode-1/data-0/containers/hdds of storage type : DISK capacity : 9223372036854775807
2023-03-29 22:45:46,247 [Listener at 127.0.0.1/35129] INFO  volume.MutableVolumeSet (MutableVolumeSet.java:initializeVolumeSet(175)) - Added Volume : /home/runner/work/ozone/ozone/hadoop-ozone/integration-test/target/test-dir/MiniOzoneClusterImpl-8ae17f6e-7b8d-4fcc-9253-feb95f7e1717/datanode-1/data-0/containers/hdds to VolumeSet
2023-03-29 22:45:46,247 [Listener at 127.0.0.1/35129] INFO  volume.ThrottledAsyncChecker (ThrottledAsyncChecker.java:schedule(141)) - Scheduling a check for /home/runner/work/ozone/ozone/hadoop-ozone/integration-test/target/test-dir/MiniOzoneClusterImpl-8ae17f6e-7b8d-4fcc-9253-feb95f7e1717/datanode-1/data-0/containers/hdds
2023-03-29 22:45:46,247 [Listener at 127.0.0.1/35129] INFO  volume.StorageVolumeChecker (StorageVolumeChecker.java:checkAllVolumes(202)) - Scheduled health check for volume /home/runner/work/ozone/ozone/hadoop-ozone/integration-test/target/test-dir/MiniOzoneClusterImpl-8ae17f6e-7b8d-4fcc-9253-feb95f7e1717/datanode-1/data-0/containers/hdds
2023-03-29 22:45:46,264 [Listener at 127.0.0.1/35129] INFO  volume.MutableVolumeSet (MutableVolumeSet.java:initializeVolumeSet(175)) - Added Volume : /home/runner/work/ozone/ozone/hadoop-ozone/integration-test/target/test-dir/MiniOzoneClusterImpl-8ae17f6e-7b8d-4fcc-9253-feb95f7e1717/datanode-1/data/ratis to VolumeSet
2023-03-29 22:45:46,264 [Listener at 127.0.0.1/35129] INFO  volume.ThrottledAsyncChecker (ThrottledAsyncChecker.java:schedule(141)) - Scheduling a check for /home/runner/work/ozone/ozone/hadoop-ozone/integration-test/target/test-dir/MiniOzoneClusterImpl-8ae17f6e-7b8d-4fcc-9253-feb95f7e1717/datanode-1/data/ratis
2023-03-29 22:45:46,264 [Listener at 127.0.0.1/35129] INFO  volume.StorageVolumeChecker (StorageVolumeChecker.java:checkAllVolumes(202)) - Scheduled health check for volume /home/runner/work/ozone/ozone/hadoop-ozone/integration-test/target/test-dir/MiniOzoneClusterImpl-8ae17f6e-7b8d-4fcc-9253-feb95f7e1717/datanode-1/data/ratis
2023-03-29 22:45:46,278 [Thread-8668] INFO  ozoneimpl.ContainerReader (ContainerReader.java:readVolume(175)) - Finish verifying containers on volume /home/runner/work/ozone/ozone/hadoop-ozone/integration-test/target/test-dir/MiniOzoneClusterImpl-8ae17f6e-7b8d-4fcc-9253-feb95f7e1717/datanode-1/data-0/containers/hdds
2023-03-29 22:45:46,278 [Listener at 127.0.0.1/35129] INFO  ozoneimpl.OzoneContainer (OzoneContainer.java:buildContainerSet(303)) - Build ContainerSet costs 0s
2023-03-29 22:45:46,280 [Listener at 127.0.0.1/35129] INFO  server.RaftServer (ConfUtils.java:logGet(46)) - raft.rpc.type = GRPC (default)
2023-03-29 22:45:46,280 [Listener at 127.0.0.1/35129] INFO  grpc.GrpcConfigKeys (ConfUtils.java:logFallback(53)) - raft.grpc.admin.host = null (fallback to raft.grpc.server.host)
2023-03-29 22:45:46,280 [Listener at 127.0.0.1/35129] INFO  grpc.GrpcConfigKeys (ConfUtils.java:logGet(46)) - raft.grpc.admin.port = 0 (custom)
2023-03-29 22:45:46,280 [Listener at 127.0.0.1/35129] INFO  grpc.GrpcConfigKeys (ConfUtils.java:logFallback(53)) - raft.grpc.client.host = null (fallback to raft.grpc.server.host)
2023-03-29 22:45:46,280 [Listener at 127.0.0.1/35129] INFO  grpc.GrpcConfigKeys (ConfUtils.java:logGet(46)) - raft.grpc.client.port = 0 (custom)
2023-03-29 22:45:46,281 [Listener at 127.0.0.1/35129] INFO  grpc.GrpcConfigKeys (ConfUtils.java:logGet(46)) - raft.grpc.server.host = null (default)
2023-03-29 22:45:46,281 [Listener at 127.0.0.1/35129] INFO  grpc.GrpcConfigKeys (ConfUtils.java:logGet(46)) - raft.grpc.server.port = 0 (default)
2023-03-29 22:45:46,281 [Listener at 127.0.0.1/35129] INFO  server.GrpcService (ConfUtils.java:logGet(46)) - raft.grpc.message.size.max = 32MB (=33554432) (custom)
2023-03-29 22:45:46,281 [Listener at 127.0.0.1/35129] INFO  server.RaftServerConfigKeys (ConfUtils.java:logGet(46)) - raft.server.log.appender.buffer.byte-limit = 33554432 (custom)
2023-03-29 22:45:46,281 [Listener at 127.0.0.1/35129] INFO  server.GrpcService (ConfUtils.java:logGet(46)) - raft.grpc.flow.control.window = 5MB (=5242880) (custom)
2023-03-29 22:45:46,281 [Listener at 127.0.0.1/35129] INFO  server.RaftServerConfigKeys (ConfUtils.java:logGet(46)) - raft.server.rpc.request.timeout = 60s (custom)
2023-03-29 22:45:46,281 [Listener at 127.0.0.1/35129] INFO  grpc.GrpcConfigKeys (ConfUtils.java:logGet(46)) - raft.grpc.server.heartbeat.channel = true (default)
2023-03-29 22:45:46,281 [Listener at 127.0.0.1/35129] INFO  grpc.GrpcConfigKeys (ConfUtils.java:logGet(46)) - raft.grpc.server.async.request.thread.pool.cached = true (default)
2023-03-29 22:45:46,281 [Listener at 127.0.0.1/35129] INFO  grpc.GrpcConfigKeys (ConfUtils.java:logGet(46)) - raft.grpc.server.async.request.thread.pool.size = 32 (default)
2023-03-29 22:45:46,283 [Listener at 127.0.0.1/35129] INFO  impl.DataStreamServerImpl (ConfUtils.java:logGet(46)) - raft.datastream.type = NETTY (custom)
2023-03-29 22:45:46,286 [Listener at 127.0.0.1/35129] INFO  server.RaftServerConfigKeys (ConfUtils.java:logGet(46)) - raft.server.data-stream.async.request.thread.pool.cached = false (default)
2023-03-29 22:45:46,286 [Listener at 127.0.0.1/35129] INFO  server.RaftServerConfigKeys (ConfUtils.java:logGet(46)) - raft.server.data-stream.async.request.thread.pool.size = 20 (custom)
2023-03-29 22:45:46,286 [Listener at 127.0.0.1/35129] INFO  server.RaftServerConfigKeys (ConfUtils.java:logGet(46)) - raft.server.data-stream.async.write.thread.pool.size = 16 (default)
2023-03-29 22:45:46,286 [Listener at 127.0.0.1/35129] INFO  server.RaftServerConfigKeys (ConfUtils.java:logGet(46)) - raft.server.data-stream.client.pool.size = 10 (default)
2023-03-29 22:45:46,286 [Listener at 127.0.0.1/35129] INFO  netty.NettyConfigKeys$DataStream (ConfUtils.java:logGet(46)) - raft.netty.dataStream.server.use-epoll = false (default)
2023-03-29 22:45:46,287 [Listener at 127.0.0.1/35129] INFO  netty.NettyConfigKeys$DataStream (ConfUtils.java:logGet(46)) - raft.netty.dataStream.server.boss-group.size = 0 (default)
2023-03-29 22:45:46,287 [Listener at 127.0.0.1/35129] INFO  netty.NettyConfigKeys$DataStream (ConfUtils.java:logGet(46)) - raft.netty.dataStream.server.worker-group.size = 0 (default)
2023-03-29 22:45:46,287 [Listener at 127.0.0.1/35129] INFO  netty.NettyConfigKeys$DataStream (ConfUtils.java:logGet(46)) - raft.netty.dataStream.server.tls.conf = null (default)
2023-03-29 22:45:46,288 [Listener at 127.0.0.1/35129] INFO  netty.NettyConfigKeys$DataStream (ConfUtils.java:logGet(46)) - raft.netty.dataStream.host = null (default)
2023-03-29 22:45:46,288 [Listener at 127.0.0.1/35129] INFO  netty.NettyConfigKeys$DataStream (ConfUtils.java:logGet(46)) - raft.netty.dataStream.port = 0 (default)
2023-03-29 22:45:46,288 [Listener at 127.0.0.1/35129] INFO  server.RaftServerConfigKeys (ConfUtils.java:logGet(46)) - raft.server.threadpool.proxy.cached = true (default)
2023-03-29 22:45:46,288 [Listener at 127.0.0.1/35129] INFO  server.RaftServerConfigKeys (ConfUtils.java:logGet(46)) - raft.server.threadpool.proxy.size = 0 (default)
2023-03-29 22:45:46,288 [Listener at 127.0.0.1/35129] INFO  server.RaftServerConfigKeys (ConfUtils.java:logGet(46)) - raft.server.rpc.slowness.timeout = 300s (custom)
2023-03-29 22:45:46,289 [Listener at 127.0.0.1/35129] INFO  server.RaftServerConfigKeys (ConfUtils.java:logGet(46)) - raft.server.leaderelection.leader.step-down.wait-time = 10s (default)
2023-03-29 22:45:46,289 [Listener at 127.0.0.1/35129] INFO  server.RaftServerConfigKeys (ConfUtils.java:logGet(46)) - raft.server.storage.dir = [/home/runner/work/ozone/ozone/hadoop-ozone/integration-test/target/test-dir/MiniOzoneClusterImpl-8ae17f6e-7b8d-4fcc-9253-feb95f7e1717/datanode-1/data/ratis] (custom)
2023-03-29 22:45:46,289 [31377470-4be3-4e7f-893b-aea4cf46f3a2-NettyServerStreamRpc-bossGroup--thread1] INFO  logging.LoggingHandler (AbstractInternalLogger.java:log(148)) - [id: 0x56d473f5] REGISTERED
2023-03-29 22:45:46,289 [31377470-4be3-4e7f-893b-aea4cf46f3a2-NettyServerStreamRpc-bossGroup--thread1] INFO  logging.LoggingHandler (AbstractInternalLogger.java:log(148)) - [id: 0x56d473f5] BIND: 0.0.0.0/0.0.0.0:0
2023-03-29 22:45:46,290 [31377470-4be3-4e7f-893b-aea4cf46f3a2-NettyServerStreamRpc-bossGroup--thread1] INFO  logging.LoggingHandler (AbstractInternalLogger.java:log(148)) - [id: 0x56d473f5, L:/0:0:0:0:0:0:0:0:33959] ACTIVE
2023-03-29 22:45:46,292 [Listener at 127.0.0.1/35129] INFO  server.XceiverServerGrpc (XceiverServerGrpc.java:<init>(132)) - GrpcServer channel type EpollServerSocketChannel
2023-03-29 22:45:46,295 [Listener at 127.0.0.1/35129] INFO  http.BaseHttpServer (BaseHttpServer.java:newHttpServer2BuilderForOzone(224)) - Starting Web-server for hddsDatanode at: http://0.0.0.0:0
2023-03-29 22:45:46,295 [Listener at 127.0.0.1/35129] INFO  http.BaseHttpServer (BaseHttpServer.java:<init>(111)) - Hadoop Security Enabled: false Ozone Security Enabled: false Ozone HTTP Security Enabled: false 
2023-03-29 22:45:46,296 [Listener at 127.0.0.1/35129] WARN  server.AuthenticationFilter (AuthenticationFilter.java:constructSecretProvider(240)) - Unable to initialize FileSignerSecretProvider, falling back to use random secrets. Reason: Could not read signature secret file: /home/runner/hadoop-http-auth-signature-secret
2023-03-29 22:45:46,298 [Listener at 127.0.0.1/35129] WARN  http.HttpRequestLog (HttpRequestLog.java:getRequestLog(103)) - Jetty request log can only be enabled using Log4j
2023-03-29 22:45:46,300 [Listener at 127.0.0.1/35129] INFO  http.HttpServer2 (HttpServer2.java:addGlobalFilter(1031)) - Added global filter 'safety' (class=org.apache.hadoop.hdds.server.http.HttpServer2$QuotingInputFilter)
2023-03-29 22:45:46,300 [Listener at 127.0.0.1/35129] INFO  http.HttpServer2 (HttpServer2.java:addFilter(1007)) - Added filter static_user_filter (class=org.apache.hadoop.http.lib.StaticUserWebFilter$StaticUserFilter) to context hddsDatanode
2023-03-29 22:45:46,301 [Listener at 127.0.0.1/35129] INFO  http.HttpServer2 (HttpServer2.java:addFilter(1015)) - Added filter static_user_filter (class=org.apache.hadoop.http.lib.StaticUserWebFilter$StaticUserFilter) to context static
2023-03-29 22:45:46,301 [Listener at 127.0.0.1/35129] INFO  http.HttpServer2 (HttpServer2.java:addFilter(1015)) - Added filter static_user_filter (class=org.apache.hadoop.http.lib.StaticUserWebFilter$StaticUserFilter) to context logs
2023-03-29 22:45:46,301 [Listener at 127.0.0.1/35129] INFO  http.BaseHttpServer (BaseHttpServer.java:<init>(190)) - HTTP server of hddsDatanode uses base directory /home/runner/work/ozone/ozone/hadoop-ozone/integration-test/target/test-dir/MiniOzoneClusterImpl-8ae17f6e-7b8d-4fcc-9253-feb95f7e1717/datanode-1/meta/webserver
2023-03-29 22:45:46,301 [Listener at 127.0.0.1/35129] INFO  http.HttpServer2 (HttpServer2.java:bindListener(1250)) - Jetty bound to port 37813
2023-03-29 22:45:46,302 [Listener at 127.0.0.1/35129] INFO  server.Server (Server.java:doStart(375)) - jetty-9.4.49.v20220914; built: 2022-09-14T01:07:36.601Z; git: 4231a3b2e4cb8548a412a789936d640a97b1aa0a; jvm 1.8.0_362-b09
2023-03-29 22:45:46,303 [Listener at 127.0.0.1/35129] INFO  server.session (DefaultSessionIdManager.java:doStart(334)) - DefaultSessionIdManager workerName=node0
2023-03-29 22:45:46,303 [Listener at 127.0.0.1/35129] INFO  server.session (DefaultSessionIdManager.java:doStart(339)) - No SessionScavenger set, using defaults
2023-03-29 22:45:46,304 [Listener at 127.0.0.1/35129] INFO  server.session (HouseKeeper.java:startScavenging(132)) - node0 Scavenging every 600000ms
2023-03-29 22:45:46,305 [Listener at 127.0.0.1/35129] INFO  handler.ContextHandler (ContextHandler.java:doStart(921)) - Started o.e.j.s.ServletContextHandler@44de4aa1{logs,/logs,file:///home/runner/work/ozone/ozone/hadoop-ozone/integration-test/target/log,AVAILABLE}
2023-03-29 22:45:46,305 [Listener at 127.0.0.1/35129] INFO  handler.ContextHandler (ContextHandler.java:doStart(921)) - Started o.e.j.s.ServletContextHandler@714fc0ad{static,/static,jar:file:/home/runner/.m2/repository/org/apache/ozone/hdds-container-service/1.4.0-SNAPSHOT/hdds-container-service-1.4.0-SNAPSHOT.jar!/webapps/static,AVAILABLE}
2023-03-29 22:45:46,520 [Listener at 127.0.0.1/35129] INFO  handler.ContextHandler (ContextHandler.java:doStart(921)) - Started o.e.j.w.WebAppContext@49cb7d64{hddsDatanode,/,file:///home/runner/work/ozone/ozone/hadoop-ozone/integration-test/target/test-dir/MiniOzoneClusterImpl-8ae17f6e-7b8d-4fcc-9253-feb95f7e1717/datanode-1/meta/webserver/jetty-0_0_0_0-37813-hdds-container-service-1_4_0-SNAPSHOT_jar-_-any-8110478121792815654/webapp/,AVAILABLE}{jar:file:/home/runner/.m2/repository/org/apache/ozone/hdds-container-service/1.4.0-SNAPSHOT/hdds-container-service-1.4.0-SNAPSHOT.jar!/webapps/hddsDatanode}
2023-03-29 22:45:46,523 [Listener at 127.0.0.1/35129] INFO  server.AbstractConnector (AbstractConnector.java:doStart(333)) - Started ServerConnector@5da0e938{HTTP/1.1, (http/1.1)}{0.0.0.0:37813}
2023-03-29 22:45:46,523 [Listener at 127.0.0.1/35129] INFO  server.Server (Server.java:doStart(415)) - Started @78159ms
2023-03-29 22:45:46,523 [Listener at 127.0.0.1/35129] WARN  impl.MetricsSystemImpl (MetricsSystemImpl.java:register(279)) - Sink prometheus already exists!
2023-03-29 22:45:46,524 [Listener at 127.0.0.1/35129] INFO  http.BaseHttpServer (BaseHttpServer.java:updateConnectorAddress(344)) - HTTP server of hddsDatanode listening at http://0.0.0.0:37813
2023-03-29 22:45:46,524 [Datanode State Machine Daemon Thread] INFO  statemachine.DatanodeStateMachine (DatanodeStateMachine.java:lambda$startDaemon$0(517)) - Ozone container server started.
2023-03-29 22:45:46,525 [Listener at 127.0.0.1/35129] WARN  impl.MetricRegistriesImpl (MetricRegistriesImpl.java:addReporterRegistration(111)) - New reporters are added after registries were created. Some metrics will be missing from the reporter. Please add reporter before adding any new registry.
2023-03-29 22:45:46,527 [Listener at 127.0.0.1/35129] WARN  impl.MetricRegistriesImpl (MetricRegistriesImpl.java:addReporterRegistration(111)) - New reporters are added after registries were created. Some metrics will be missing from the reporter. Please add reporter before adding any new registry.
2023-03-29 22:45:46,527 [Listener at 127.0.0.1/35129] INFO  impl.MetricsSystemImpl (MetricsSystemImpl.java:init(158)) - HddsDatanode metrics system started (again)
2023-03-29 22:45:46,541 [Datanode State Machine Task Thread - 0] INFO  datanode.InitDatanodeState (InitDatanodeState.java:persistContainerDatanodeDetails(138)) - DatanodeDetails is persisted to /home/runner/work/ozone/ozone/hadoop-ozone/integration-test/target/test-dir/MiniOzoneClusterImpl-8ae17f6e-7b8d-4fcc-9253-feb95f7e1717/datanode-1/meta/datanode.id
2023-03-29 22:45:46,542 [org.apache.hadoop.util.JvmPauseMonitor$Monitor@134cfcbc] INFO  util.JvmPauseMonitor (JvmPauseMonitor.java:run(188)) - Starting JVM pause monitor
2023-03-29 22:45:46,542 [Listener at 127.0.0.1/35129] INFO  ozone.HddsDatanodeService (HddsDatanodeService.java:start(249)) - HddsDatanodeService host:fv-az377-460 ip:10.1.0.40
2023-03-29 22:45:46,565 [Listener at 127.0.0.1/35129] INFO  upgrade.AbstractLayoutVersionManager (AbstractLayoutVersionManager.java:init(83)) - Initializing Layout version manager with metadata layout = DATANODE_SCHEMA_V3 (version = 4), software layout = DATANODE_SCHEMA_V3 (version = 4)
2023-03-29 22:45:46,619 [Listener at 127.0.0.1/35129] INFO  reflections.Reflections (Reflections.java:scan(232)) - Reflections took 53 ms to scan 7 urls, producing 155 keys and 368 values 
2023-03-29 22:45:46,623 [Listener at 127.0.0.1/35129] INFO  statemachine.DatanodeStateMachine (DatanodeStateMachine.java:getEndPointTaskThreadPoolSize(260)) - Datanode State Machine Task Thread Pool size 2
2023-03-29 22:45:46,626 [Listener at 127.0.0.1/35129] INFO  volume.HddsVolume (HddsVolume.java:<init>(130)) - Creating HddsVolume: /home/runner/work/ozone/ozone/hadoop-ozone/integration-test/target/test-dir/MiniOzoneClusterImpl-8ae17f6e-7b8d-4fcc-9253-feb95f7e1717/datanode-2/data-0/containers/hdds of storage type : DISK capacity : 9223372036854775807
2023-03-29 22:45:46,626 [Listener at 127.0.0.1/35129] INFO  volume.MutableVolumeSet (MutableVolumeSet.java:initializeVolumeSet(175)) - Added Volume : /home/runner/work/ozone/ozone/hadoop-ozone/integration-test/target/test-dir/MiniOzoneClusterImpl-8ae17f6e-7b8d-4fcc-9253-feb95f7e1717/datanode-2/data-0/containers/hdds to VolumeSet
2023-03-29 22:45:46,626 [Listener at 127.0.0.1/35129] INFO  volume.ThrottledAsyncChecker (ThrottledAsyncChecker.java:schedule(141)) - Scheduling a check for /home/runner/work/ozone/ozone/hadoop-ozone/integration-test/target/test-dir/MiniOzoneClusterImpl-8ae17f6e-7b8d-4fcc-9253-feb95f7e1717/datanode-2/data-0/containers/hdds
2023-03-29 22:45:46,630 [Listener at 127.0.0.1/35129] INFO  volume.StorageVolumeChecker (StorageVolumeChecker.java:checkAllVolumes(202)) - Scheduled health check for volume /home/runner/work/ozone/ozone/hadoop-ozone/integration-test/target/test-dir/MiniOzoneClusterImpl-8ae17f6e-7b8d-4fcc-9253-feb95f7e1717/datanode-2/data-0/containers/hdds
2023-03-29 22:45:46,644 [Listener at 127.0.0.1/35129] INFO  volume.MutableVolumeSet (MutableVolumeSet.java:initializeVolumeSet(175)) - Added Volume : /home/runner/work/ozone/ozone/hadoop-ozone/integration-test/target/test-dir/MiniOzoneClusterImpl-8ae17f6e-7b8d-4fcc-9253-feb95f7e1717/datanode-2/data/ratis to VolumeSet
2023-03-29 22:45:46,644 [Listener at 127.0.0.1/35129] INFO  volume.ThrottledAsyncChecker (ThrottledAsyncChecker.java:schedule(141)) - Scheduling a check for /home/runner/work/ozone/ozone/hadoop-ozone/integration-test/target/test-dir/MiniOzoneClusterImpl-8ae17f6e-7b8d-4fcc-9253-feb95f7e1717/datanode-2/data/ratis
2023-03-29 22:45:46,644 [Listener at 127.0.0.1/35129] INFO  volume.StorageVolumeChecker (StorageVolumeChecker.java:checkAllVolumes(202)) - Scheduled health check for volume /home/runner/work/ozone/ozone/hadoop-ozone/integration-test/target/test-dir/MiniOzoneClusterImpl-8ae17f6e-7b8d-4fcc-9253-feb95f7e1717/datanode-2/data/ratis
2023-03-29 22:45:46,651 [EndpointStateMachine task thread for /0.0.0.0:44471 - 0 ] INFO  ipc.Client (Client.java:handleConnectionFailure(1010)) - Retrying connect to server: 0.0.0.0/0.0.0.0:44471. Already tried 7 time(s); retry policy is RetryUpToMaximumCountWithFixedSleep(maxRetries=15, sleepTime=1000 MILLISECONDS)
2023-03-29 22:45:46,661 [Thread-8682] INFO  ozoneimpl.ContainerReader (ContainerReader.java:readVolume(175)) - Finish verifying containers on volume /home/runner/work/ozone/ozone/hadoop-ozone/integration-test/target/test-dir/MiniOzoneClusterImpl-8ae17f6e-7b8d-4fcc-9253-feb95f7e1717/datanode-2/data-0/containers/hdds
2023-03-29 22:45:46,661 [Listener at 127.0.0.1/35129] INFO  ozoneimpl.OzoneContainer (OzoneContainer.java:buildContainerSet(303)) - Build ContainerSet costs 0s
2023-03-29 22:45:46,665 [Listener at 127.0.0.1/35129] INFO  server.RaftServer (ConfUtils.java:logGet(46)) - raft.rpc.type = GRPC (default)
2023-03-29 22:45:46,666 [Listener at 127.0.0.1/35129] INFO  grpc.GrpcConfigKeys (ConfUtils.java:logFallback(53)) - raft.grpc.admin.host = null (fallback to raft.grpc.server.host)
2023-03-29 22:45:46,666 [Listener at 127.0.0.1/35129] INFO  grpc.GrpcConfigKeys (ConfUtils.java:logGet(46)) - raft.grpc.admin.port = 0 (custom)
2023-03-29 22:45:46,666 [Listener at 127.0.0.1/35129] INFO  grpc.GrpcConfigKeys (ConfUtils.java:logFallback(53)) - raft.grpc.client.host = null (fallback to raft.grpc.server.host)
2023-03-29 22:45:46,666 [Listener at 127.0.0.1/35129] INFO  grpc.GrpcConfigKeys (ConfUtils.java:logGet(46)) - raft.grpc.client.port = 0 (custom)
2023-03-29 22:45:46,666 [Listener at 127.0.0.1/35129] INFO  grpc.GrpcConfigKeys (ConfUtils.java:logGet(46)) - raft.grpc.server.host = null (default)
2023-03-29 22:45:46,666 [Listener at 127.0.0.1/35129] INFO  grpc.GrpcConfigKeys (ConfUtils.java:logGet(46)) - raft.grpc.server.port = 0 (default)
2023-03-29 22:45:46,666 [Listener at 127.0.0.1/35129] INFO  server.GrpcService (ConfUtils.java:logGet(46)) - raft.grpc.message.size.max = 32MB (=33554432) (custom)
2023-03-29 22:45:46,666 [Listener at 127.0.0.1/35129] INFO  server.RaftServerConfigKeys (ConfUtils.java:logGet(46)) - raft.server.log.appender.buffer.byte-limit = 33554432 (custom)
2023-03-29 22:45:46,667 [Listener at 127.0.0.1/35129] INFO  server.GrpcService (ConfUtils.java:logGet(46)) - raft.grpc.flow.control.window = 5MB (=5242880) (custom)
2023-03-29 22:45:46,667 [Listener at 127.0.0.1/35129] INFO  server.RaftServerConfigKeys (ConfUtils.java:logGet(46)) - raft.server.rpc.request.timeout = 60s (custom)
2023-03-29 22:45:46,667 [Listener at 127.0.0.1/35129] INFO  grpc.GrpcConfigKeys (ConfUtils.java:logGet(46)) - raft.grpc.server.heartbeat.channel = true (default)
2023-03-29 22:45:46,667 [Listener at 127.0.0.1/35129] INFO  grpc.GrpcConfigKeys (ConfUtils.java:logGet(46)) - raft.grpc.server.async.request.thread.pool.cached = true (default)
2023-03-29 22:45:46,668 [Listener at 127.0.0.1/35129] INFO  grpc.GrpcConfigKeys (ConfUtils.java:logGet(46)) - raft.grpc.server.async.request.thread.pool.size = 32 (default)
2023-03-29 22:45:46,669 [Listener at 127.0.0.1/35129] INFO  impl.DataStreamServerImpl (ConfUtils.java:logGet(46)) - raft.datastream.type = NETTY (custom)
2023-03-29 22:45:46,671 [Listener at 127.0.0.1/35129] INFO  server.RaftServerConfigKeys (ConfUtils.java:logGet(46)) - raft.server.data-stream.async.request.thread.pool.cached = false (default)
2023-03-29 22:45:46,671 [Listener at 127.0.0.1/35129] INFO  server.RaftServerConfigKeys (ConfUtils.java:logGet(46)) - raft.server.data-stream.async.request.thread.pool.size = 20 (custom)
2023-03-29 22:45:46,671 [Listener at 127.0.0.1/35129] INFO  server.RaftServerConfigKeys (ConfUtils.java:logGet(46)) - raft.server.data-stream.async.write.thread.pool.size = 16 (default)
2023-03-29 22:45:46,671 [Listener at 127.0.0.1/35129] INFO  server.RaftServerConfigKeys (ConfUtils.java:logGet(46)) - raft.server.data-stream.client.pool.size = 10 (default)
2023-03-29 22:45:46,671 [Listener at 127.0.0.1/35129] INFO  netty.NettyConfigKeys$DataStream (ConfUtils.java:logGet(46)) - raft.netty.dataStream.server.use-epoll = false (default)
2023-03-29 22:45:46,671 [Listener at 127.0.0.1/35129] INFO  netty.NettyConfigKeys$DataStream (ConfUtils.java:logGet(46)) - raft.netty.dataStream.server.boss-group.size = 0 (default)
2023-03-29 22:45:46,672 [Listener at 127.0.0.1/35129] INFO  netty.NettyConfigKeys$DataStream (ConfUtils.java:logGet(46)) - raft.netty.dataStream.server.worker-group.size = 0 (default)
2023-03-29 22:45:46,673 [Listener at 127.0.0.1/35129] INFO  netty.NettyConfigKeys$DataStream (ConfUtils.java:logGet(46)) - raft.netty.dataStream.server.tls.conf = null (default)
2023-03-29 22:45:46,673 [Listener at 127.0.0.1/35129] INFO  netty.NettyConfigKeys$DataStream (ConfUtils.java:logGet(46)) - raft.netty.dataStream.host = null (default)
2023-03-29 22:45:46,673 [Listener at 127.0.0.1/35129] INFO  netty.NettyConfigKeys$DataStream (ConfUtils.java:logGet(46)) - raft.netty.dataStream.port = 0 (default)
2023-03-29 22:45:46,674 [Listener at 127.0.0.1/35129] INFO  server.RaftServerConfigKeys (ConfUtils.java:logGet(46)) - raft.server.threadpool.proxy.cached = true (default)
2023-03-29 22:45:46,674 [Listener at 127.0.0.1/35129] INFO  server.RaftServerConfigKeys (ConfUtils.java:logGet(46)) - raft.server.threadpool.proxy.size = 0 (default)
2023-03-29 22:45:46,674 [399773cb-fecd-40e3-a3a3-0a72d991f432-NettyServerStreamRpc-bossGroup--thread1] INFO  logging.LoggingHandler (AbstractInternalLogger.java:log(148)) - [id: 0x6ccbe936] REGISTERED
2023-03-29 22:45:46,674 [Listener at 127.0.0.1/35129] INFO  server.RaftServerConfigKeys (ConfUtils.java:logGet(46)) - raft.server.rpc.slowness.timeout = 300s (custom)
2023-03-29 22:45:46,674 [399773cb-fecd-40e3-a3a3-0a72d991f432-NettyServerStreamRpc-bossGroup--thread1] INFO  logging.LoggingHandler (AbstractInternalLogger.java:log(148)) - [id: 0x6ccbe936] BIND: 0.0.0.0/0.0.0.0:0
2023-03-29 22:45:46,674 [Listener at 127.0.0.1/35129] INFO  server.RaftServerConfigKeys (ConfUtils.java:logGet(46)) - raft.server.leaderelection.leader.step-down.wait-time = 10s (default)
2023-03-29 22:45:46,674 [399773cb-fecd-40e3-a3a3-0a72d991f432-NettyServerStreamRpc-bossGroup--thread1] INFO  logging.LoggingHandler (AbstractInternalLogger.java:log(148)) - [id: 0x6ccbe936, L:/0:0:0:0:0:0:0:0:41261] ACTIVE
2023-03-29 22:45:46,674 [Listener at 127.0.0.1/35129] INFO  server.RaftServerConfigKeys (ConfUtils.java:logGet(46)) - raft.server.storage.dir = [/home/runner/work/ozone/ozone/hadoop-ozone/integration-test/target/test-dir/MiniOzoneClusterImpl-8ae17f6e-7b8d-4fcc-9253-feb95f7e1717/datanode-2/data/ratis] (custom)
2023-03-29 22:45:46,677 [Listener at 127.0.0.1/35129] INFO  server.XceiverServerGrpc (XceiverServerGrpc.java:<init>(132)) - GrpcServer channel type EpollServerSocketChannel
2023-03-29 22:45:46,681 [Listener at 127.0.0.1/35129] INFO  http.BaseHttpServer (BaseHttpServer.java:newHttpServer2BuilderForOzone(224)) - Starting Web-server for hddsDatanode at: http://0.0.0.0:0
2023-03-29 22:45:46,681 [Listener at 127.0.0.1/35129] INFO  http.BaseHttpServer (BaseHttpServer.java:<init>(111)) - Hadoop Security Enabled: false Ozone Security Enabled: false Ozone HTTP Security Enabled: false 
2023-03-29 22:45:46,682 [Listener at 127.0.0.1/35129] WARN  server.AuthenticationFilter (AuthenticationFilter.java:constructSecretProvider(240)) - Unable to initialize FileSignerSecretProvider, falling back to use random secrets. Reason: Could not read signature secret file: /home/runner/hadoop-http-auth-signature-secret
2023-03-29 22:45:46,686 [Listener at 127.0.0.1/35129] WARN  http.HttpRequestLog (HttpRequestLog.java:getRequestLog(103)) - Jetty request log can only be enabled using Log4j
2023-03-29 22:45:46,687 [Listener at 127.0.0.1/35129] INFO  http.HttpServer2 (HttpServer2.java:addGlobalFilter(1031)) - Added global filter 'safety' (class=org.apache.hadoop.hdds.server.http.HttpServer2$QuotingInputFilter)
2023-03-29 22:45:46,688 [Listener at 127.0.0.1/35129] INFO  http.HttpServer2 (HttpServer2.java:addFilter(1007)) - Added filter static_user_filter (class=org.apache.hadoop.http.lib.StaticUserWebFilter$StaticUserFilter) to context hddsDatanode
2023-03-29 22:45:46,688 [Listener at 127.0.0.1/35129] INFO  http.HttpServer2 (HttpServer2.java:addFilter(1015)) - Added filter static_user_filter (class=org.apache.hadoop.http.lib.StaticUserWebFilter$StaticUserFilter) to context static
2023-03-29 22:45:46,688 [Listener at 127.0.0.1/35129] INFO  http.HttpServer2 (HttpServer2.java:addFilter(1015)) - Added filter static_user_filter (class=org.apache.hadoop.http.lib.StaticUserWebFilter$StaticUserFilter) to context logs
2023-03-29 22:45:46,688 [Listener at 127.0.0.1/35129] INFO  http.BaseHttpServer (BaseHttpServer.java:<init>(190)) - HTTP server of hddsDatanode uses base directory /home/runner/work/ozone/ozone/hadoop-ozone/integration-test/target/test-dir/MiniOzoneClusterImpl-8ae17f6e-7b8d-4fcc-9253-feb95f7e1717/datanode-2/meta/webserver
2023-03-29 22:45:46,689 [Listener at 127.0.0.1/35129] INFO  http.HttpServer2 (HttpServer2.java:bindListener(1250)) - Jetty bound to port 45645
2023-03-29 22:45:46,689 [Listener at 127.0.0.1/35129] INFO  server.Server (Server.java:doStart(375)) - jetty-9.4.49.v20220914; built: 2022-09-14T01:07:36.601Z; git: 4231a3b2e4cb8548a412a789936d640a97b1aa0a; jvm 1.8.0_362-b09
2023-03-29 22:45:46,690 [Listener at 127.0.0.1/35129] INFO  server.session (DefaultSessionIdManager.java:doStart(334)) - DefaultSessionIdManager workerName=node0
2023-03-29 22:45:46,690 [Listener at 127.0.0.1/35129] INFO  server.session (DefaultSessionIdManager.java:doStart(339)) - No SessionScavenger set, using defaults
2023-03-29 22:45:46,691 [Listener at 127.0.0.1/35129] INFO  server.session (HouseKeeper.java:startScavenging(132)) - node0 Scavenging every 660000ms
2023-03-29 22:45:46,692 [Listener at 127.0.0.1/35129] INFO  handler.ContextHandler (ContextHandler.java:doStart(921)) - Started o.e.j.s.ServletContextHandler@4169e884{logs,/logs,file:///home/runner/work/ozone/ozone/hadoop-ozone/integration-test/target/log,AVAILABLE}
2023-03-29 22:45:46,692 [Listener at 127.0.0.1/35129] INFO  handler.ContextHandler (ContextHandler.java:doStart(921)) - Started o.e.j.s.ServletContextHandler@e348e3{static,/static,jar:file:/home/runner/.m2/repository/org/apache/ozone/hdds-container-service/1.4.0-SNAPSHOT/hdds-container-service-1.4.0-SNAPSHOT.jar!/webapps/static,AVAILABLE}
2023-03-29 22:45:46,907 [Listener at 127.0.0.1/35129] INFO  handler.ContextHandler (ContextHandler.java:doStart(921)) - Started o.e.j.w.WebAppContext@1b490ff{hddsDatanode,/,file:///home/runner/work/ozone/ozone/hadoop-ozone/integration-test/target/test-dir/MiniOzoneClusterImpl-8ae17f6e-7b8d-4fcc-9253-feb95f7e1717/datanode-2/meta/webserver/jetty-0_0_0_0-45645-hdds-container-service-1_4_0-SNAPSHOT_jar-_-any-238923073263208418/webapp/,AVAILABLE}{jar:file:/home/runner/.m2/repository/org/apache/ozone/hdds-container-service/1.4.0-SNAPSHOT/hdds-container-service-1.4.0-SNAPSHOT.jar!/webapps/hddsDatanode}
2023-03-29 22:45:46,909 [Listener at 127.0.0.1/35129] INFO  server.AbstractConnector (AbstractConnector.java:doStart(333)) - Started ServerConnector@34199d1c{HTTP/1.1, (http/1.1)}{0.0.0.0:45645}
2023-03-29 22:45:46,909 [Listener at 127.0.0.1/35129] INFO  server.Server (Server.java:doStart(415)) - Started @78545ms
2023-03-29 22:45:46,909 [Listener at 127.0.0.1/35129] WARN  impl.MetricsSystemImpl (MetricsSystemImpl.java:register(279)) - Sink prometheus already exists!
2023-03-29 22:45:46,910 [Listener at 127.0.0.1/35129] INFO  http.BaseHttpServer (BaseHttpServer.java:updateConnectorAddress(344)) - HTTP server of hddsDatanode listening at http://0.0.0.0:45645
2023-03-29 22:45:46,910 [Datanode State Machine Daemon Thread] INFO  statemachine.DatanodeStateMachine (DatanodeStateMachine.java:lambda$startDaemon$0(517)) - Ozone container server started.
2023-03-29 22:45:46,911 [Listener at 127.0.0.1/35129] INFO  ozone.MiniOzoneClusterImpl (MiniOzoneClusterImpl.java:lambda$waitForClusterToBeReady$0(222)) - Waiting for nodes to be ready. Got 0 of 3 DN Heartbeats.
2023-03-29 22:45:46,913 [Listener at 127.0.0.1/35129] INFO  ozone.MiniOzoneClusterImpl (MiniOzoneClusterImpl.java:lambda$waitForClusterToBeReady$0(225)) - Waiting for cluster to exit safe mode
2023-03-29 22:45:46,913 [Listener at 127.0.0.1/35129] INFO  ozone.MiniOzoneClusterImpl (MiniOzoneClusterImpl.java:lambda$waitForClusterToBeReady$0(227)) - SCM became leader
2023-03-29 22:45:46,915 [org.apache.hadoop.util.JvmPauseMonitor$Monitor@1635315e] INFO  util.JvmPauseMonitor (JvmPauseMonitor.java:run(188)) - Starting JVM pause monitor
2023-03-29 22:45:46,916 [Datanode State Machine Task Thread - 0] INFO  datanode.InitDatanodeState (InitDatanodeState.java:persistContainerDatanodeDetails(138)) - DatanodeDetails is persisted to /home/runner/work/ozone/ozone/hadoop-ozone/integration-test/target/test-dir/MiniOzoneClusterImpl-8ae17f6e-7b8d-4fcc-9253-feb95f7e1717/datanode-2/meta/datanode.id
2023-03-29 22:45:47,652 [EndpointStateMachine task thread for /0.0.0.0:44471 - 0 ] INFO  ipc.Client (Client.java:handleConnectionFailure(1010)) - Retrying connect to server: 0.0.0.0/0.0.0.0:44471. Already tried 8 time(s); retry policy is RetryUpToMaximumCountWithFixedSleep(maxRetries=15, sleepTime=1000 MILLISECONDS)
2023-03-29 22:45:47,913 [Listener at 127.0.0.1/35129] INFO  ozone.MiniOzoneClusterImpl (MiniOzoneClusterImpl.java:lambda$waitForClusterToBeReady$0(222)) - Waiting for nodes to be ready. Got 0 of 3 DN Heartbeats.
2023-03-29 22:45:47,913 [Listener at 127.0.0.1/35129] INFO  ozone.MiniOzoneClusterImpl (MiniOzoneClusterImpl.java:lambda$waitForClusterToBeReady$0(225)) - Waiting for cluster to exit safe mode
2023-03-29 22:45:47,913 [Listener at 127.0.0.1/35129] INFO  ozone.MiniOzoneClusterImpl (MiniOzoneClusterImpl.java:lambda$waitForClusterToBeReady$0(227)) - SCM became leader
2023-03-29 22:45:48,205 [EndpointStateMachine task thread for /0.0.0.0:38501 - 0 ] INFO  utils.DatanodeStoreCache (DatanodeStoreCache.java:addDB(58)) - Added db /home/runner/work/ozone/ozone/hadoop-ozone/integration-test/target/test-dir/MiniOzoneClusterImpl-8ae17f6e-7b8d-4fcc-9253-feb95f7e1717/datanode-0/data-0/containers/hdds/8ae17f6e-7b8d-4fcc-9253-feb95f7e1717/DS-2cd75aaf-14e2-4642-a838-f3e64813658d/container.db to cache
2023-03-29 22:45:48,205 [EndpointStateMachine task thread for /0.0.0.0:38501 - 0 ] INFO  volume.HddsVolume (HddsVolume.java:createDbStore(350)) - SchemaV3 db is created and loaded at /home/runner/work/ozone/ozone/hadoop-ozone/integration-test/target/test-dir/MiniOzoneClusterImpl-8ae17f6e-7b8d-4fcc-9253-feb95f7e1717/datanode-0/data-0/containers/hdds/8ae17f6e-7b8d-4fcc-9253-feb95f7e1717/DS-2cd75aaf-14e2-4642-a838-f3e64813658d/container.db for volume DS-2cd75aaf-14e2-4642-a838-f3e64813658d
2023-03-29 22:45:48,206 [EndpointStateMachine task thread for /0.0.0.0:38501 - 0 ] INFO  ozoneimpl.OzoneContainer (OzoneContainer.java:start(397)) - Attempting to start container services.
2023-03-29 22:45:48,206 [EndpointStateMachine task thread for /0.0.0.0:38501 - 0 ] INFO  ozoneimpl.OzoneContainer (OzoneContainer.java:startContainerScrub(314)) - Scheduled background container scanners and the on-demand container scanner have been disabled.
2023-03-29 22:45:48,209 [EndpointStateMachine task thread for /0.0.0.0:38501 - 0 ] INFO  replication.ReplicationServer (ReplicationServer.java:start(109)) - ReplicationServer is started using port 45717
2023-03-29 22:45:48,209 [EndpointStateMachine task thread for /0.0.0.0:38501 - 0 ] INFO  ratis.XceiverServerRatis (XceiverServerRatis.java:start(517)) - Starting XceiverServerRatis 1b03df48-31d6-4d50-bcfe-06272533350b
2023-03-29 22:45:48,212 [EndpointStateMachine task thread for /0.0.0.0:38501 - 0 ] INFO  server.RaftServer (RaftServerProxy.java:startImpl(393)) - 1b03df48-31d6-4d50-bcfe-06272533350b: start RPC server
2023-03-29 22:45:48,214 [EndpointStateMachine task thread for /0.0.0.0:38501 - 0 ] INFO  server.GrpcService (GrpcService.java:startImpl(262)) - 1b03df48-31d6-4d50-bcfe-06272533350b: GrpcService started, listening on 38067
2023-03-29 22:45:48,214 [EndpointStateMachine task thread for /0.0.0.0:38501 - 0 ] INFO  ratis.XceiverServerRatis (XceiverServerRatis.java:getRealPort(543)) - XceiverServerRatis 1b03df48-31d6-4d50-bcfe-06272533350b is started using port 38067 for RATIS
2023-03-29 22:45:48,214 [JvmPauseMonitor9] INFO  util.JvmPauseMonitor (JvmPauseMonitor.java:run(105)) - JvmPauseMonitor-1b03df48-31d6-4d50-bcfe-06272533350b: Started
2023-03-29 22:45:48,214 [EndpointStateMachine task thread for /0.0.0.0:38501 - 0 ] INFO  ratis.XceiverServerRatis (XceiverServerRatis.java:getRealPort(543)) - XceiverServerRatis 1b03df48-31d6-4d50-bcfe-06272533350b is started using port 38067 for RATIS_ADMIN
2023-03-29 22:45:48,215 [EndpointStateMachine task thread for /0.0.0.0:38501 - 0 ] INFO  ratis.XceiverServerRatis (XceiverServerRatis.java:getRealPort(543)) - XceiverServerRatis 1b03df48-31d6-4d50-bcfe-06272533350b is started using port 38067 for RATIS_SERVER
2023-03-29 22:45:48,215 [EndpointStateMachine task thread for /0.0.0.0:38501 - 0 ] INFO  ratis.XceiverServerRatis (XceiverServerRatis.java:getRealPort(543)) - XceiverServerRatis 1b03df48-31d6-4d50-bcfe-06272533350b is started using port 34129 for RATIS_DATASTREAM
2023-03-29 22:45:48,217 [EndpointStateMachine task thread for /0.0.0.0:38501 - 0 ] INFO  server.XceiverServerGrpc (XceiverServerGrpc.java:start(180)) - XceiverServerGrpc 1b03df48-31d6-4d50-bcfe-06272533350b is started using port 37323
2023-03-29 22:45:48,217 [BlockDeletingService#0] INFO  interfaces.ContainerDeletionChoosingPolicyTemplate (ContainerDeletionChoosingPolicyTemplate.java:chooseContainerForBlockDeletion(83)) - Chosen 0/5000 blocks from 0 candidate containers.
2023-03-29 22:45:48,580 [EndpointStateMachine task thread for /0.0.0.0:38501 - 0 ] INFO  utils.DatanodeStoreCache (DatanodeStoreCache.java:addDB(58)) - Added db /home/runner/work/ozone/ozone/hadoop-ozone/integration-test/target/test-dir/MiniOzoneClusterImpl-8ae17f6e-7b8d-4fcc-9253-feb95f7e1717/datanode-1/data-0/containers/hdds/8ae17f6e-7b8d-4fcc-9253-feb95f7e1717/DS-bf9aae24-c14f-4ef0-8ae1-d25a47e9d472/container.db to cache
2023-03-29 22:45:48,580 [EndpointStateMachine task thread for /0.0.0.0:38501 - 0 ] INFO  volume.HddsVolume (HddsVolume.java:createDbStore(350)) - SchemaV3 db is created and loaded at /home/runner/work/ozone/ozone/hadoop-ozone/integration-test/target/test-dir/MiniOzoneClusterImpl-8ae17f6e-7b8d-4fcc-9253-feb95f7e1717/datanode-1/data-0/containers/hdds/8ae17f6e-7b8d-4fcc-9253-feb95f7e1717/DS-bf9aae24-c14f-4ef0-8ae1-d25a47e9d472/container.db for volume DS-bf9aae24-c14f-4ef0-8ae1-d25a47e9d472
2023-03-29 22:45:48,580 [EndpointStateMachine task thread for /0.0.0.0:38501 - 0 ] INFO  ozoneimpl.OzoneContainer (OzoneContainer.java:start(397)) - Attempting to start container services.
2023-03-29 22:45:48,580 [EndpointStateMachine task thread for /0.0.0.0:38501 - 0 ] INFO  ozoneimpl.OzoneContainer (OzoneContainer.java:startContainerScrub(314)) - Scheduled background container scanners and the on-demand container scanner have been disabled.
2023-03-29 22:45:48,584 [EndpointStateMachine task thread for /0.0.0.0:38501 - 0 ] INFO  replication.ReplicationServer (ReplicationServer.java:start(109)) - ReplicationServer is started using port 41289
2023-03-29 22:45:48,585 [EndpointStateMachine task thread for /0.0.0.0:38501 - 0 ] INFO  ratis.XceiverServerRatis (XceiverServerRatis.java:start(517)) - Starting XceiverServerRatis 31377470-4be3-4e7f-893b-aea4cf46f3a2
2023-03-29 22:45:48,586 [EndpointStateMachine task thread for /0.0.0.0:38501 - 0 ] INFO  server.RaftServer (RaftServerProxy.java:startImpl(393)) - 31377470-4be3-4e7f-893b-aea4cf46f3a2: start RPC server
2023-03-29 22:45:48,592 [EndpointStateMachine task thread for /0.0.0.0:38501 - 0 ] INFO  server.GrpcService (GrpcService.java:startImpl(262)) - 31377470-4be3-4e7f-893b-aea4cf46f3a2: GrpcService started, listening on 38467
2023-03-29 22:45:48,592 [EndpointStateMachine task thread for /0.0.0.0:38501 - 0 ] INFO  ratis.XceiverServerRatis (XceiverServerRatis.java:getRealPort(543)) - XceiverServerRatis 31377470-4be3-4e7f-893b-aea4cf46f3a2 is started using port 38467 for RATIS
2023-03-29 22:45:48,593 [JvmPauseMonitor10] INFO  util.JvmPauseMonitor (JvmPauseMonitor.java:run(105)) - JvmPauseMonitor-31377470-4be3-4e7f-893b-aea4cf46f3a2: Started
2023-03-29 22:45:48,593 [EndpointStateMachine task thread for /0.0.0.0:38501 - 0 ] INFO  ratis.XceiverServerRatis (XceiverServerRatis.java:getRealPort(543)) - XceiverServerRatis 31377470-4be3-4e7f-893b-aea4cf46f3a2 is started using port 38467 for RATIS_ADMIN
2023-03-29 22:45:48,593 [EndpointStateMachine task thread for /0.0.0.0:38501 - 0 ] INFO  ratis.XceiverServerRatis (XceiverServerRatis.java:getRealPort(543)) - XceiverServerRatis 31377470-4be3-4e7f-893b-aea4cf46f3a2 is started using port 38467 for RATIS_SERVER
2023-03-29 22:45:48,593 [EndpointStateMachine task thread for /0.0.0.0:38501 - 0 ] INFO  ratis.XceiverServerRatis (XceiverServerRatis.java:getRealPort(543)) - XceiverServerRatis 31377470-4be3-4e7f-893b-aea4cf46f3a2 is started using port 33959 for RATIS_DATASTREAM
2023-03-29 22:45:48,599 [EndpointStateMachine task thread for /0.0.0.0:38501 - 0 ] INFO  server.XceiverServerGrpc (XceiverServerGrpc.java:start(180)) - XceiverServerGrpc 31377470-4be3-4e7f-893b-aea4cf46f3a2 is started using port 46795
2023-03-29 22:45:48,601 [BlockDeletingService#0] INFO  interfaces.ContainerDeletionChoosingPolicyTemplate (ContainerDeletionChoosingPolicyTemplate.java:chooseContainerForBlockDeletion(83)) - Chosen 0/5000 blocks from 0 candidate containers.
2023-03-29 22:45:48,653 [EndpointStateMachine task thread for /0.0.0.0:44471 - 0 ] INFO  ipc.Client (Client.java:handleConnectionFailure(1010)) - Retrying connect to server: 0.0.0.0/0.0.0.0:44471. Already tried 9 time(s); retry policy is RetryUpToMaximumCountWithFixedSleep(maxRetries=15, sleepTime=1000 MILLISECONDS)
2023-03-29 22:45:48,914 [Listener at 127.0.0.1/35129] INFO  ozone.MiniOzoneClusterImpl (MiniOzoneClusterImpl.java:lambda$waitForClusterToBeReady$0(222)) - Waiting for nodes to be ready. Got 0 of 3 DN Heartbeats.
2023-03-29 22:45:48,914 [Listener at 127.0.0.1/35129] INFO  ozone.MiniOzoneClusterImpl (MiniOzoneClusterImpl.java:lambda$waitForClusterToBeReady$0(225)) - Waiting for cluster to exit safe mode
2023-03-29 22:45:48,914 [Listener at 127.0.0.1/35129] INFO  ozone.MiniOzoneClusterImpl (MiniOzoneClusterImpl.java:lambda$waitForClusterToBeReady$0(227)) - SCM became leader
2023-03-29 22:45:48,949 [EndpointStateMachine task thread for /0.0.0.0:38501 - 0 ] INFO  utils.DatanodeStoreCache (DatanodeStoreCache.java:addDB(58)) - Added db /home/runner/work/ozone/ozone/hadoop-ozone/integration-test/target/test-dir/MiniOzoneClusterImpl-8ae17f6e-7b8d-4fcc-9253-feb95f7e1717/datanode-2/data-0/containers/hdds/8ae17f6e-7b8d-4fcc-9253-feb95f7e1717/DS-f453e89c-cf0d-4271-8467-3180c8161cd2/container.db to cache
2023-03-29 22:45:48,949 [EndpointStateMachine task thread for /0.0.0.0:38501 - 0 ] INFO  volume.HddsVolume (HddsVolume.java:createDbStore(350)) - SchemaV3 db is created and loaded at /home/runner/work/ozone/ozone/hadoop-ozone/integration-test/target/test-dir/MiniOzoneClusterImpl-8ae17f6e-7b8d-4fcc-9253-feb95f7e1717/datanode-2/data-0/containers/hdds/8ae17f6e-7b8d-4fcc-9253-feb95f7e1717/DS-f453e89c-cf0d-4271-8467-3180c8161cd2/container.db for volume DS-f453e89c-cf0d-4271-8467-3180c8161cd2
2023-03-29 22:45:48,949 [EndpointStateMachine task thread for /0.0.0.0:38501 - 0 ] INFO  ozoneimpl.OzoneContainer (OzoneContainer.java:start(397)) - Attempting to start container services.
2023-03-29 22:45:48,949 [EndpointStateMachine task thread for /0.0.0.0:38501 - 0 ] INFO  ozoneimpl.OzoneContainer (OzoneContainer.java:startContainerScrub(314)) - Scheduled background container scanners and the on-demand container scanner have been disabled.
2023-03-29 22:45:48,955 [EndpointStateMachine task thread for /0.0.0.0:38501 - 0 ] INFO  replication.ReplicationServer (ReplicationServer.java:start(109)) - ReplicationServer is started using port 45207
2023-03-29 22:45:48,956 [EndpointStateMachine task thread for /0.0.0.0:38501 - 0 ] INFO  ratis.XceiverServerRatis (XceiverServerRatis.java:start(517)) - Starting XceiverServerRatis 399773cb-fecd-40e3-a3a3-0a72d991f432
2023-03-29 22:45:48,957 [EndpointStateMachine task thread for /0.0.0.0:38501 - 0 ] INFO  server.RaftServer (RaftServerProxy.java:startImpl(393)) - 399773cb-fecd-40e3-a3a3-0a72d991f432: start RPC server
2023-03-29 22:45:48,961 [EndpointStateMachine task thread for /0.0.0.0:38501 - 0 ] INFO  server.GrpcService (GrpcService.java:startImpl(262)) - 399773cb-fecd-40e3-a3a3-0a72d991f432: GrpcService started, listening on 46155
2023-03-29 22:45:48,962 [EndpointStateMachine task thread for /0.0.0.0:38501 - 0 ] INFO  ratis.XceiverServerRatis (XceiverServerRatis.java:getRealPort(543)) - XceiverServerRatis 399773cb-fecd-40e3-a3a3-0a72d991f432 is started using port 46155 for RATIS
2023-03-29 22:45:48,962 [JvmPauseMonitor11] INFO  util.JvmPauseMonitor (JvmPauseMonitor.java:run(105)) - JvmPauseMonitor-399773cb-fecd-40e3-a3a3-0a72d991f432: Started
2023-03-29 22:45:48,962 [EndpointStateMachine task thread for /0.0.0.0:38501 - 0 ] INFO  ratis.XceiverServerRatis (XceiverServerRatis.java:getRealPort(543)) - XceiverServerRatis 399773cb-fecd-40e3-a3a3-0a72d991f432 is started using port 46155 for RATIS_ADMIN
2023-03-29 22:45:48,962 [EndpointStateMachine task thread for /0.0.0.0:38501 - 0 ] INFO  ratis.XceiverServerRatis (XceiverServerRatis.java:getRealPort(543)) - XceiverServerRatis 399773cb-fecd-40e3-a3a3-0a72d991f432 is started using port 46155 for RATIS_SERVER
2023-03-29 22:45:48,962 [EndpointStateMachine task thread for /0.0.0.0:38501 - 0 ] INFO  ratis.XceiverServerRatis (XceiverServerRatis.java:getRealPort(543)) - XceiverServerRatis 399773cb-fecd-40e3-a3a3-0a72d991f432 is started using port 41261 for RATIS_DATASTREAM
2023-03-29 22:45:48,968 [EndpointStateMachine task thread for /0.0.0.0:38501 - 0 ] INFO  server.XceiverServerGrpc (XceiverServerGrpc.java:start(180)) - XceiverServerGrpc 399773cb-fecd-40e3-a3a3-0a72d991f432 is started using port 42785
2023-03-29 22:45:48,968 [BlockDeletingService#0] INFO  interfaces.ContainerDeletionChoosingPolicyTemplate (ContainerDeletionChoosingPolicyTemplate.java:chooseContainerForBlockDeletion(83)) - Chosen 0/5000 blocks from 0 candidate containers.
2023-03-29 22:45:49,653 [EndpointStateMachine task thread for /0.0.0.0:44471 - 0 ] INFO  ipc.Client (Client.java:handleConnectionFailure(1010)) - Retrying connect to server: 0.0.0.0/0.0.0.0:44471. Already tried 10 time(s); retry policy is RetryUpToMaximumCountWithFixedSleep(maxRetries=15, sleepTime=1000 MILLISECONDS)
2023-03-29 22:45:49,914 [Listener at 127.0.0.1/35129] INFO  ozone.MiniOzoneClusterImpl (MiniOzoneClusterImpl.java:lambda$waitForClusterToBeReady$0(222)) - Waiting for nodes to be ready. Got 0 of 3 DN Heartbeats.
2023-03-29 22:45:49,914 [Listener at 127.0.0.1/35129] INFO  ozone.MiniOzoneClusterImpl (MiniOzoneClusterImpl.java:lambda$waitForClusterToBeReady$0(225)) - Waiting for cluster to exit safe mode
2023-03-29 22:45:49,914 [Listener at 127.0.0.1/35129] INFO  ozone.MiniOzoneClusterImpl (MiniOzoneClusterImpl.java:lambda$waitForClusterToBeReady$0(227)) - SCM became leader
2023-03-29 22:45:50,161 [IPC Server handler 19 on default port 38501] INFO  net.NetworkTopologyImpl (NetworkTopologyImpl.java:add(112)) - Added a new node: /default-rack/1b03df48-31d6-4d50-bcfe-06272533350b
2023-03-29 22:45:50,161 [IPC Server handler 19 on default port 38501] INFO  node.SCMNodeManager (SCMNodeManager.java:register(404)) - Registered Data node : 1b03df48-31d6-4d50-bcfe-06272533350b{ip: 10.1.0.40, host: fv-az377-460, ports: [REPLICATION=45717, RATIS=38067, RATIS_ADMIN=38067, RATIS_SERVER=38067, RATIS_DATASTREAM=34129, STANDALONE=37323], networkLocation: /default-rack, certSerialId: null, persistedOpState: null, persistedOpStateExpiryEpochSec: 0}
2023-03-29 22:45:50,170 [EventQueue-NewNodeForNewNodeHandler] INFO  pipeline.BackgroundPipelineCreator (BackgroundPipelineCreator.java:notifyEventTriggered(276)) - trigger a one-shot run on RatisPipelineUtilsThread.
2023-03-29 22:45:50,170 [RatisPipelineUtilsThread - 0] INFO  pipeline.RatisPipelineProvider (RatisPipelineProvider.java:lambda$create$0(206)) - Sending CreatePipelineCommand for pipeline:PipelineID=22afb092-fb7c-40bc-90b2-3786ac858ed6 to datanode:1b03df48-31d6-4d50-bcfe-06272533350b
2023-03-29 22:45:50,171 [EventQueue-PipelineReportForOneReplicaPipelineSafeModeRule] INFO  safemode.SCMSafeModeManager (SCMSafeModeManager.java:validateSafeModeExitRules(200)) - AtleastOneDatanodeReportedRule rule is successfully validated
2023-03-29 22:45:50,171 [EventQueue-NodeRegistrationContainerReportForDataNodeSafeModeRule] INFO  safemode.SCMSafeModeManager (DataNodeSafeModeRule.java:process(71)) - SCM in safe mode. 1 DataNodes registered, 3 required.
2023-03-29 22:45:50,172 [RatisPipelineUtilsThread - 0] INFO  pipeline.PipelineStateManagerImpl (PipelineStateManagerImpl.java:addPipeline(103)) - Created pipeline Pipeline[ Id: 22afb092-fb7c-40bc-90b2-3786ac858ed6, Nodes: 1b03df48-31d6-4d50-bcfe-06272533350b(fv-az377-460/10.1.0.40), ReplicationConfig: RATIS/ONE, State:ALLOCATED, leaderId:, CreationTimestamp2023-03-29T22:45:50.170Z[Etc/UTC]].
2023-03-29 22:45:50,173 [EventQueue-NodeRegistrationContainerReportForContainerSafeModeRule] INFO  safemode.SCMSafeModeManager (SCMSafeModeManager.java:validateSafeModeExitRules(200)) - ContainerSafeModeRule rule is successfully validated
2023-03-29 22:45:50,540 [IPC Server handler 5 on default port 38501] INFO  net.NetworkTopologyImpl (NetworkTopologyImpl.java:add(112)) - Added a new node: /default-rack/31377470-4be3-4e7f-893b-aea4cf46f3a2
2023-03-29 22:45:50,540 [IPC Server handler 5 on default port 38501] INFO  node.SCMNodeManager (SCMNodeManager.java:register(404)) - Registered Data node : 31377470-4be3-4e7f-893b-aea4cf46f3a2{ip: 10.1.0.40, host: fv-az377-460, ports: [REPLICATION=41289, RATIS=38467, RATIS_ADMIN=38467, RATIS_SERVER=38467, RATIS_DATASTREAM=33959, STANDALONE=46795], networkLocation: /default-rack, certSerialId: null, persistedOpState: null, persistedOpStateExpiryEpochSec: 0}
2023-03-29 22:45:50,541 [EventQueue-NewNodeForNewNodeHandler] INFO  pipeline.BackgroundPipelineCreator (BackgroundPipelineCreator.java:notifyEventTriggered(276)) - trigger a one-shot run on RatisPipelineUtilsThread.
2023-03-29 22:45:50,542 [EventQueue-NodeRegistrationContainerReportForDataNodeSafeModeRule] INFO  safemode.SCMSafeModeManager (DataNodeSafeModeRule.java:process(71)) - SCM in safe mode. 2 DataNodes registered, 3 required.
2023-03-29 22:45:50,542 [RatisPipelineUtilsThread - 0] INFO  pipeline.RatisPipelineProvider (RatisPipelineProvider.java:lambda$create$0(206)) - Sending CreatePipelineCommand for pipeline:PipelineID=1c82ad90-bc8f-4e4b-a8d0-f8d248a20461 to datanode:31377470-4be3-4e7f-893b-aea4cf46f3a2
2023-03-29 22:45:50,543 [RatisPipelineUtilsThread - 0] INFO  pipeline.PipelineStateManagerImpl (PipelineStateManagerImpl.java:addPipeline(103)) - Created pipeline Pipeline[ Id: 1c82ad90-bc8f-4e4b-a8d0-f8d248a20461, Nodes: 31377470-4be3-4e7f-893b-aea4cf46f3a2(fv-az377-460/10.1.0.40), ReplicationConfig: RATIS/ONE, State:ALLOCATED, leaderId:, CreationTimestamp2023-03-29T22:45:50.542Z[Etc/UTC]].
2023-03-29 22:45:50,654 [EndpointStateMachine task thread for /0.0.0.0:44471 - 0 ] INFO  ipc.Client (Client.java:handleConnectionFailure(1010)) - Retrying connect to server: 0.0.0.0/0.0.0.0:44471. Already tried 11 time(s); retry policy is RetryUpToMaximumCountWithFixedSleep(maxRetries=15, sleepTime=1000 MILLISECONDS)
2023-03-29 22:45:50,915 [Listener at 127.0.0.1/35129] INFO  ozone.MiniOzoneClusterImpl (MiniOzoneClusterImpl.java:lambda$waitForClusterToBeReady$0(222)) - Waiting for nodes to be ready. Got 2 of 3 DN Heartbeats.
2023-03-29 22:45:50,915 [Listener at 127.0.0.1/35129] INFO  ozone.MiniOzoneClusterImpl (MiniOzoneClusterImpl.java:lambda$waitForClusterToBeReady$0(225)) - Waiting for cluster to exit safe mode
2023-03-29 22:45:50,915 [Listener at 127.0.0.1/35129] INFO  ozone.MiniOzoneClusterImpl (MiniOzoneClusterImpl.java:lambda$waitForClusterToBeReady$0(227)) - SCM became leader
2023-03-29 22:45:50,916 [IPC Server handler 18 on default port 38501] INFO  net.NetworkTopologyImpl (NetworkTopologyImpl.java:add(112)) - Added a new node: /default-rack/399773cb-fecd-40e3-a3a3-0a72d991f432
2023-03-29 22:45:50,916 [IPC Server handler 18 on default port 38501] INFO  node.SCMNodeManager (SCMNodeManager.java:register(404)) - Registered Data node : 399773cb-fecd-40e3-a3a3-0a72d991f432{ip: 10.1.0.40, host: fv-az377-460, ports: [REPLICATION=45207, RATIS=46155, RATIS_ADMIN=46155, RATIS_SERVER=46155, RATIS_DATASTREAM=41261, STANDALONE=42785], networkLocation: /default-rack, certSerialId: null, persistedOpState: null, persistedOpStateExpiryEpochSec: 0}
2023-03-29 22:45:50,917 [EventQueue-NewNodeForNewNodeHandler] INFO  pipeline.BackgroundPipelineCreator (BackgroundPipelineCreator.java:notifyEventTriggered(276)) - trigger a one-shot run on RatisPipelineUtilsThread.
2023-03-29 22:45:50,919 [RatisPipelineUtilsThread - 0] INFO  pipeline.RatisPipelineProvider (RatisPipelineProvider.java:lambda$create$0(206)) - Sending CreatePipelineCommand for pipeline:PipelineID=468dbe28-c1ed-4ffc-a161-6acbaa06ee94 to datanode:399773cb-fecd-40e3-a3a3-0a72d991f432
2023-03-29 22:45:50,919 [EventQueue-NodeRegistrationContainerReportForDataNodeSafeModeRule] INFO  safemode.SCMSafeModeManager (DataNodeSafeModeRule.java:process(71)) - SCM in safe mode. 3 DataNodes registered, 3 required.
2023-03-29 22:45:50,919 [EventQueue-NodeRegistrationContainerReportForDataNodeSafeModeRule] INFO  safemode.SCMSafeModeManager (SCMSafeModeManager.java:validateSafeModeExitRules(200)) - DataNodeSafeModeRule rule is successfully validated
2023-03-29 22:45:50,919 [EventQueue-NodeRegistrationContainerReportForDataNodeSafeModeRule] INFO  safemode.SCMSafeModeManager (SCMSafeModeManager.java:completePreCheck(229)) - All SCM safe mode pre check rules have passed
2023-03-29 22:45:50,919 [EventQueue-NodeRegistrationContainerReportForDataNodeSafeModeRule] INFO  ha.SCMContext (SCMContext.java:updateSafeModeStatus(228)) - Update SafeModeStatus from SafeModeStatus{safeModeStatus=true, preCheckPassed=false} to SafeModeStatus{safeModeStatus=true, preCheckPassed=true}.
2023-03-29 22:45:50,919 [EventQueue-NodeRegistrationContainerReportForDataNodeSafeModeRule] INFO  pipeline.BackgroundPipelineCreator (BackgroundPipelineCreator.java:notifyEventTriggered(276)) - trigger a one-shot run on RatisPipelineUtilsThread.
2023-03-29 22:45:50,920 [RatisPipelineUtilsThread - 0] INFO  pipeline.PipelineStateManagerImpl (PipelineStateManagerImpl.java:addPipeline(103)) - Created pipeline Pipeline[ Id: 468dbe28-c1ed-4ffc-a161-6acbaa06ee94, Nodes: 399773cb-fecd-40e3-a3a3-0a72d991f432(fv-az377-460/10.1.0.40), ReplicationConfig: RATIS/ONE, State:ALLOCATED, leaderId:, CreationTimestamp2023-03-29T22:45:50.919Z[Etc/UTC]].
2023-03-29 22:45:50,920 [RatisPipelineUtilsThread - 0] INFO  pipeline.RatisPipelineProvider (RatisPipelineProvider.java:lambda$create$0(206)) - Sending CreatePipelineCommand for pipeline:PipelineID=04ce0540-d0a1-42e0-839d-8c295ba8edd8 to datanode:31377470-4be3-4e7f-893b-aea4cf46f3a2
2023-03-29 22:45:50,920 [RatisPipelineUtilsThread - 0] INFO  pipeline.RatisPipelineProvider (RatisPipelineProvider.java:lambda$create$0(206)) - Sending CreatePipelineCommand for pipeline:PipelineID=04ce0540-d0a1-42e0-839d-8c295ba8edd8 to datanode:1b03df48-31d6-4d50-bcfe-06272533350b
2023-03-29 22:45:50,920 [RatisPipelineUtilsThread - 0] INFO  pipeline.RatisPipelineProvider (RatisPipelineProvider.java:lambda$create$0(206)) - Sending CreatePipelineCommand for pipeline:PipelineID=04ce0540-d0a1-42e0-839d-8c295ba8edd8 to datanode:399773cb-fecd-40e3-a3a3-0a72d991f432
2023-03-29 22:45:50,920 [RatisPipelineUtilsThread - 0] INFO  pipeline.PipelineStateManagerImpl (PipelineStateManagerImpl.java:addPipeline(103)) - Created pipeline Pipeline[ Id: 04ce0540-d0a1-42e0-839d-8c295ba8edd8, Nodes: 31377470-4be3-4e7f-893b-aea4cf46f3a2(fv-az377-460/10.1.0.40)1b03df48-31d6-4d50-bcfe-06272533350b(fv-az377-460/10.1.0.40)399773cb-fecd-40e3-a3a3-0a72d991f432(fv-az377-460/10.1.0.40), ReplicationConfig: RATIS/THREE, State:ALLOCATED, leaderId:, CreationTimestamp2023-03-29T22:45:50.920Z[Etc/UTC]].
2023-03-29 22:45:50,922 [RatisPipelineUtilsThread - 0] INFO  pipeline.RatisPipelineProvider (RatisPipelineProvider.java:lambda$create$0(206)) - Sending CreatePipelineCommand for pipeline:PipelineID=fbea81ca-d65e-471f-ab84-715515ac4ea0 to datanode:399773cb-fecd-40e3-a3a3-0a72d991f432
2023-03-29 22:45:50,922 [RatisPipelineUtilsThread - 0] INFO  pipeline.RatisPipelineProvider (RatisPipelineProvider.java:lambda$create$0(206)) - Sending CreatePipelineCommand for pipeline:PipelineID=fbea81ca-d65e-471f-ab84-715515ac4ea0 to datanode:31377470-4be3-4e7f-893b-aea4cf46f3a2
2023-03-29 22:45:50,922 [RatisPipelineUtilsThread - 0] INFO  pipeline.RatisPipelineProvider (RatisPipelineProvider.java:lambda$create$0(206)) - Sending CreatePipelineCommand for pipeline:PipelineID=fbea81ca-d65e-471f-ab84-715515ac4ea0 to datanode:1b03df48-31d6-4d50-bcfe-06272533350b
2023-03-29 22:45:50,922 [RatisPipelineUtilsThread - 0] INFO  pipeline.PipelineStateManagerImpl (PipelineStateManagerImpl.java:addPipeline(103)) - Created pipeline Pipeline[ Id: fbea81ca-d65e-471f-ab84-715515ac4ea0, Nodes: 399773cb-fecd-40e3-a3a3-0a72d991f432(fv-az377-460/10.1.0.40)31377470-4be3-4e7f-893b-aea4cf46f3a2(fv-az377-460/10.1.0.40)1b03df48-31d6-4d50-bcfe-06272533350b(fv-az377-460/10.1.0.40), ReplicationConfig: RATIS/THREE, State:ALLOCATED, leaderId:, CreationTimestamp2023-03-29T22:45:50.922Z[Etc/UTC]].
2023-03-29 22:45:50,923 [RatisPipelineUtilsThread - 0] INFO  pipeline.PipelineManagerImpl (PipelineManagerImpl.java:recordMetricsForPipeline(826)) - Pipeline: PipelineID=fbea81ca-d65e-471f-ab84-715515ac4ea0 contains same datanodes as previous pipelines: PipelineID=04ce0540-d0a1-42e0-839d-8c295ba8edd8 nodeIds: 399773cb-fecd-40e3-a3a3-0a72d991f432, 31377470-4be3-4e7f-893b-aea4cf46f3a2, 1b03df48-31d6-4d50-bcfe-06272533350b
2023-03-29 22:45:50,923 [RatisPipelineUtilsThread - 0] WARN  pipeline.PipelinePlacementPolicy (PipelinePlacementPolicy.java:filterViableNodes(160)) - Pipeline creation failed due to no sufficient healthy datanodes. Required 3. Found 0. Excluded 3.
2023-03-29 22:45:50,925 [RatisPipelineUtilsThread - 0] WARN  pipeline.PipelinePlacementPolicy (PipelinePlacementPolicy.java:filterViableNodes(160)) - Pipeline creation failed due to no sufficient healthy datanodes. Required 3. Found 0. Excluded 3.
2023-03-29 22:45:51,655 [EndpointStateMachine task thread for /0.0.0.0:44471 - 0 ] INFO  ipc.Client (Client.java:handleConnectionFailure(1010)) - Retrying connect to server: 0.0.0.0/0.0.0.0:44471. Already tried 12 time(s); retry policy is RetryUpToMaximumCountWithFixedSleep(maxRetries=15, sleepTime=1000 MILLISECONDS)
2023-03-29 22:45:51,915 [Listener at 127.0.0.1/35129] INFO  ozone.MiniOzoneClusterImpl (MiniOzoneClusterImpl.java:lambda$waitForClusterToBeReady$0(222)) - Nodes are ready. Got 3 of 3 DN Heartbeats.
2023-03-29 22:45:51,915 [Listener at 127.0.0.1/35129] INFO  ozone.MiniOzoneClusterImpl (MiniOzoneClusterImpl.java:lambda$waitForClusterToBeReady$0(225)) - Waiting for cluster to exit safe mode
2023-03-29 22:45:51,916 [Listener at 127.0.0.1/35129] INFO  ozone.MiniOzoneClusterImpl (MiniOzoneClusterImpl.java:lambda$waitForClusterToBeReady$0(227)) - SCM became leader
2023-03-29 22:45:52,657 [EndpointStateMachine task thread for /0.0.0.0:44471 - 0 ] INFO  ipc.Client (Client.java:handleConnectionFailure(1010)) - Retrying connect to server: 0.0.0.0/0.0.0.0:44471. Already tried 13 time(s); retry policy is RetryUpToMaximumCountWithFixedSleep(maxRetries=15, sleepTime=1000 MILLISECONDS)
2023-03-29 22:45:52,916 [Listener at 127.0.0.1/35129] INFO  ozone.MiniOzoneClusterImpl (MiniOzoneClusterImpl.java:lambda$waitForClusterToBeReady$0(222)) - Nodes are ready. Got 3 of 3 DN Heartbeats.
2023-03-29 22:45:52,916 [Listener at 127.0.0.1/35129] INFO  ozone.MiniOzoneClusterImpl (MiniOzoneClusterImpl.java:lambda$waitForClusterToBeReady$0(225)) - Waiting for cluster to exit safe mode
2023-03-29 22:45:52,916 [Listener at 127.0.0.1/35129] INFO  ozone.MiniOzoneClusterImpl (MiniOzoneClusterImpl.java:lambda$waitForClusterToBeReady$0(227)) - SCM became leader
2023-03-29 22:45:53,160 [Command processor thread] INFO  server.RaftServer (RaftServerProxy.java:addNew(96)) - 1b03df48-31d6-4d50-bcfe-06272533350b: addNew group-3786AC858ED6:[1b03df48-31d6-4d50-bcfe-06272533350b|rpc:10.1.0.40:38067|dataStream:10.1.0.40:34129|priority:1|startupRole:FOLLOWER] returns group-3786AC858ED6:java.util.concurrent.CompletableFuture@71c65443[Not completed]
2023-03-29 22:45:53,163 [pool-854-thread-1] INFO  server.RaftServer$Division (RaftServerImpl.java:<init>(195)) - 1b03df48-31d6-4d50-bcfe-06272533350b: new RaftServerImpl for group-3786AC858ED6:[1b03df48-31d6-4d50-bcfe-06272533350b|rpc:10.1.0.40:38067|dataStream:10.1.0.40:34129|priority:1|startupRole:FOLLOWER] with ContainerStateMachine:uninitialized
2023-03-29 22:45:53,163 [pool-854-thread-1] INFO  server.RaftServerConfigKeys (ConfUtils.java:logGet(46)) - raft.server.rpc.timeout.min = 5s (custom)
2023-03-29 22:45:53,163 [pool-854-thread-1] INFO  server.RaftServerConfigKeys (ConfUtils.java:logGet(46)) - raft.server.rpc.timeout.max = 5200ms (custom)
2023-03-29 22:45:53,163 [pool-854-thread-1] INFO  server.RaftServerConfigKeys (ConfUtils.java:logGet(46)) - raft.server.rpc.sleep.time = 25ms (default)
2023-03-29 22:45:53,164 [pool-854-thread-1] INFO  server.RaftServerConfigKeys (ConfUtils.java:logGet(46)) - raft.server.rpc.slowness.timeout = 300s (custom)
2023-03-29 22:45:53,164 [pool-854-thread-1] INFO  server.RaftServerConfigKeys (ConfUtils.java:logGet(46)) - raft.server.leaderelection.leader.step-down.wait-time = 10s (default)
2023-03-29 22:45:53,164 [pool-854-thread-1] INFO  server.RaftServerConfigKeys (ConfUtils.java:logGet(46)) - raft.server.sleep.deviation.threshold = 300ms (default)
2023-03-29 22:45:53,164 [pool-854-thread-1] INFO  server.RaftServer$Division (ServerState.java:<init>(118)) - 1b03df48-31d6-4d50-bcfe-06272533350b@group-3786AC858ED6: ConfigurationManager, init=-1: peers:[1b03df48-31d6-4d50-bcfe-06272533350b|rpc:10.1.0.40:38067|dataStream:10.1.0.40:34129|priority:1|startupRole:FOLLOWER]|listeners:[], old=null, confs=<EMPTY_MAP>
2023-03-29 22:45:53,164 [pool-854-thread-1] INFO  server.RaftServerConfigKeys (ConfUtils.java:logGet(46)) - raft.server.storage.dir = [/home/runner/work/ozone/ozone/hadoop-ozone/integration-test/target/test-dir/MiniOzoneClusterImpl-8ae17f6e-7b8d-4fcc-9253-feb95f7e1717/datanode-0/data/ratis] (custom)
2023-03-29 22:45:53,164 [pool-854-thread-1] INFO  server.RaftServerConfigKeys (ConfUtils.java:logGet(46)) - raft.server.log.corruption.policy = EXCEPTION (default)
2023-03-29 22:45:53,164 [pool-854-thread-1] INFO  server.RaftServerConfigKeys (ConfUtils.java:logGet(46)) - raft.server.storage.free-space.min = 0MB (=0) (default)
2023-03-29 22:45:53,165 [pool-854-thread-1] INFO  server.RaftServerConfigKeys (ConfUtils.java:logGet(46)) - raft.server.notification.no-leader.timeout = 300s (custom)
2023-03-29 22:45:53,165 [pool-854-thread-1] INFO  server.RaftServerConfigKeys (ConfUtils.java:logGet(46)) - raft.server.retrycache.expirytime = 600000ms (custom)
2023-03-29 22:45:53,165 [pool-854-thread-1] INFO  server.RaftServerConfigKeys (ConfUtils.java:logGet(46)) - raft.server.retrycache.statistics.expirytime = 100μs (default)
2023-03-29 22:45:53,166 [pool-854-thread-1] INFO  server.RaftServerConfigKeys (ConfUtils.java:logGet(46)) - raft.server.log.appender.install.snapshot.enabled = false (custom)
2023-03-29 22:45:53,166 [pool-854-thread-1] INFO  server.RaftServerConfigKeys (ConfUtils.java:logGet(46)) - raft.server.threadpool.server.cached = true (default)
2023-03-29 22:45:53,166 [pool-854-thread-1] INFO  server.RaftServerConfigKeys (ConfUtils.java:logGet(46)) - raft.server.threadpool.server.size = 0 (default)
2023-03-29 22:45:53,166 [pool-854-thread-1] INFO  server.RaftServerConfigKeys (ConfUtils.java:logGet(46)) - raft.server.threadpool.client.cached = true (default)
2023-03-29 22:45:53,166 [pool-854-thread-1] INFO  server.RaftServerConfigKeys (ConfUtils.java:logGet(46)) - raft.server.threadpool.client.size = 0 (default)
2023-03-29 22:45:53,166 [pool-854-thread-1] INFO  storage.RaftStorageDirectory (RaftStorageDirectoryImpl.java:analyzeStorage(137)) - The storage directory /home/runner/work/ozone/ozone/hadoop-ozone/integration-test/target/test-dir/MiniOzoneClusterImpl-8ae17f6e-7b8d-4fcc-9253-feb95f7e1717/datanode-0/data/ratis/22afb092-fb7c-40bc-90b2-3786ac858ed6 does not exist. Creating ...
2023-03-29 22:45:53,169 [pool-854-thread-1] INFO  storage.RaftStorageDirectory (RaftStorageDirectoryImpl.java:tryLock(231)) - Lock on /home/runner/work/ozone/ozone/hadoop-ozone/integration-test/target/test-dir/MiniOzoneClusterImpl-8ae17f6e-7b8d-4fcc-9253-feb95f7e1717/datanode-0/data/ratis/22afb092-fb7c-40bc-90b2-3786ac858ed6/in_use.lock acquired by nodename 4032@fv-az377-460
2023-03-29 22:45:53,171 [pool-854-thread-1] INFO  storage.RaftStorage (RaftStorageImpl.java:format(96)) - Storage directory /home/runner/work/ozone/ozone/hadoop-ozone/integration-test/target/test-dir/MiniOzoneClusterImpl-8ae17f6e-7b8d-4fcc-9253-feb95f7e1717/datanode-0/data/ratis/22afb092-fb7c-40bc-90b2-3786ac858ed6 has been successfully formatted.
2023-03-29 22:45:53,176 [pool-854-thread-1] INFO  ratis.ContainerStateMachine (ContainerStateMachine.java:loadSnapshot(262)) - group-3786AC858ED6: The snapshot info is null. Setting the last applied indexto:(t:0, i:~)
2023-03-29 22:45:53,176 [pool-854-thread-1] INFO  server.RaftServerConfigKeys (ConfUtils.java:logGet(46)) - raft.server.log.use.memory = false (default)
2023-03-29 22:45:53,176 [pool-854-thread-1] INFO  server.RaftServerConfigKeys (ConfUtils.java:logGet(46)) - raft.server.log.purge.gap = 1000000 (custom)
2023-03-29 22:45:53,176 [pool-854-thread-1] INFO  server.RaftServerConfigKeys (ConfUtils.java:logGet(46)) - raft.server.log.appender.buffer.byte-limit = 33554432 (custom)
2023-03-29 22:45:53,176 [pool-854-thread-1] INFO  server.RaftServerConfigKeys (ConfUtils.java:logGet(46)) - raft.server.log.statemachine.data.read.timeout = 1000ms (default)
2023-03-29 22:45:53,176 [pool-854-thread-1] INFO  server.RaftServerConfigKeys (ConfUtils.java:logGet(46)) - raft.server.log.purge.preservation.log.num = 0 (default)
2023-03-29 22:45:53,177 [pool-854-thread-1] INFO  server.RaftServerConfigKeys (ConfUtils.java:logGet(46)) - raft.server.log.segment.size.max = 1048576 (custom)
2023-03-29 22:45:53,177 [pool-854-thread-1] INFO  server.RaftServerConfigKeys (ConfUtils.java:logGet(46)) - raft.server.log.segment.cache.num.max = 2 (custom)
2023-03-29 22:45:53,177 [pool-854-thread-1] INFO  server.RaftServerConfigKeys (ConfUtils.java:logGet(46)) - raft.server.log.segment.cache.size.max = 200MB (=209715200) (default)
2023-03-29 22:45:53,177 [EventQueue-PipelineReportForPipelineReportHandler] INFO  pipeline.PipelineManagerImpl (PipelineManagerImpl.java:openPipeline(367)) - Pipeline Pipeline[ Id: 22afb092-fb7c-40bc-90b2-3786ac858ed6, Nodes: 1b03df48-31d6-4d50-bcfe-06272533350b(fv-az377-460/10.1.0.40), ReplicationConfig: RATIS/ONE, State:ALLOCATED, leaderId:1b03df48-31d6-4d50-bcfe-06272533350b, CreationTimestamp2023-03-29T22:45:50.170Z[Etc/UTC]] moved to OPEN state
2023-03-29 22:45:53,177 [pool-854-thread-1] INFO  segmented.SegmentedRaftLogWorker (SegmentedRaftLogWorker.java:<init>(189)) - new 1b03df48-31d6-4d50-bcfe-06272533350b@group-3786AC858ED6-SegmentedRaftLogWorker for RaftStorageImpl:Storage Directory /home/runner/work/ozone/ozone/hadoop-ozone/integration-test/target/test-dir/MiniOzoneClusterImpl-8ae17f6e-7b8d-4fcc-9253-feb95f7e1717/datanode-0/data/ratis/22afb092-fb7c-40bc-90b2-3786ac858ed6
2023-03-29 22:45:53,178 [pool-854-thread-1] INFO  server.RaftServerConfigKeys (ConfUtils.java:logGet(46)) - raft.server.log.queue.byte-limit = 4294967296 (custom)
2023-03-29 22:45:53,178 [pool-854-thread-1] INFO  server.RaftServerConfigKeys (ConfUtils.java:logGet(46)) - raft.server.log.queue.element-limit = 1024 (custom)
2023-03-29 22:45:53,178 [pool-854-thread-1] INFO  server.RaftServerConfigKeys (ConfUtils.java:logGet(46)) - raft.server.log.segment.size.max = 1048576 (custom)
2023-03-29 22:45:53,178 [pool-854-thread-1] INFO  server.RaftServerConfigKeys (ConfUtils.java:logGet(46)) - raft.server.log.preallocated.size = 16384 (custom)
2023-03-29 22:45:53,178 [pool-854-thread-1] INFO  server.RaftServerConfigKeys (ConfUtils.java:logGet(46)) - raft.server.log.force.sync.num = 128 (default)
2023-03-29 22:45:53,178 [pool-854-thread-1] INFO  server.RaftServerConfigKeys (ConfUtils.java:logGet(46)) - raft.server.log.statemachine.data.sync = true (default)
2023-03-29 22:45:53,179 [pool-854-thread-1] INFO  server.RaftServerConfigKeys (ConfUtils.java:logGet(46)) - raft.server.log.statemachine.data.sync.timeout = 10s (default)
2023-03-29 22:45:53,179 [pool-854-thread-1] INFO  server.RaftServerConfigKeys (ConfUtils.java:logGet(46)) - raft.server.log.statemachine.data.sync.timeout.retry = -1 (default)
2023-03-29 22:45:53,180 [pool-854-thread-1] INFO  server.RaftServerConfigKeys (ConfUtils.java:logGet(46)) - raft.server.log.write.buffer.size = 1048576 (custom)
2023-03-29 22:45:53,180 [pool-854-thread-1] INFO  server.RaftServerConfigKeys (ConfUtils.java:logGet(46)) - raft.server.log.appender.buffer.byte-limit = 33554432 (custom)
2023-03-29 22:45:53,186 [pool-854-thread-1] INFO  server.RaftServerConfigKeys (ConfUtils.java:logGet(46)) - raft.server.log.unsafe-flush.enabled = false (default)
2023-03-29 22:45:53,186 [pool-854-thread-1] INFO  server.RaftServerConfigKeys (ConfUtils.java:logGet(46)) - raft.server.log.async-flush.enabled = false (default)
2023-03-29 22:45:53,187 [pool-854-thread-1] INFO  server.RaftServerConfigKeys (ConfUtils.java:logGet(46)) - raft.server.log.statemachine.data.caching.enabled = true (custom)
2023-03-29 22:45:53,187 [pool-854-thread-1] INFO  segmented.SegmentedRaftLogWorker (SegmentedRaftLogWorker.java:lambda$new$0(135)) - 1b03df48-31d6-4d50-bcfe-06272533350b@group-3786AC858ED6-SegmentedRaftLogWorker: flushIndex: setUnconditionally 0 -> -1
2023-03-29 22:45:53,187 [pool-854-thread-1] INFO  segmented.SegmentedRaftLogWorker (SegmentedRaftLogWorker.java:lambda$new$0(135)) - 1b03df48-31d6-4d50-bcfe-06272533350b@group-3786AC858ED6-SegmentedRaftLogWorker: safeCacheEvictIndex: setUnconditionally 0 -> -1
2023-03-29 22:45:53,187 [EventQueue-OpenPipelineForHealthyPipelineSafeModeRule] INFO  safemode.SCMSafeModeManager (HealthyPipelineSafeModeRule.java:process(137)) - SCM in safe mode. Healthy pipelines reported count is 0, required healthy pipeline reported count is 1
2023-03-29 22:45:53,187 [pool-854-thread-1] INFO  server.RaftServer$Division (RaftServerImpl.java:start(334)) - 1b03df48-31d6-4d50-bcfe-06272533350b@group-3786AC858ED6: start as a follower, conf=-1: peers:[1b03df48-31d6-4d50-bcfe-06272533350b|rpc:10.1.0.40:38067|dataStream:10.1.0.40:34129|priority:1|startupRole:FOLLOWER]|listeners:[], old=null
2023-03-29 22:45:53,187 [pool-854-thread-1] INFO  server.RaftServer$Division (RaftServerImpl.java:setRole(321)) - 1b03df48-31d6-4d50-bcfe-06272533350b@group-3786AC858ED6: changes role from      null to FOLLOWER at term 0 for startAsFollower
2023-03-29 22:45:53,187 [pool-854-thread-1] INFO  impl.RoleInfo (RoleInfo.java:updateAndGet(139)) - 1b03df48-31d6-4d50-bcfe-06272533350b: start 1b03df48-31d6-4d50-bcfe-06272533350b@group-3786AC858ED6-FollowerState
2023-03-29 22:45:53,188 [pool-854-thread-1] INFO  util.JmxRegister (JmxRegister.java:tryRegister(44)) - Successfully registered JMX Bean with object name Ratis:service=RaftServer,group=group-3786AC858ED6,id=1b03df48-31d6-4d50-bcfe-06272533350b
2023-03-29 22:45:53,188 [1b03df48-31d6-4d50-bcfe-06272533350b@group-3786AC858ED6-FollowerState] INFO  server.RaftServerConfigKeys (ConfUtils.java:logFallback(53)) - raft.server.rpc.first-election.timeout.min = 5s (fallback to raft.server.rpc.timeout.min)
2023-03-29 22:45:53,188 [pool-854-thread-1] INFO  server.RaftServerConfigKeys (ConfUtils.java:logGet(46)) - raft.server.snapshot.auto.trigger.enabled = true (custom)
2023-03-29 22:45:53,189 [pool-854-thread-1] INFO  server.RaftServerConfigKeys (ConfUtils.java:logGet(46)) - raft.server.snapshot.auto.trigger.threshold = 10000 (custom)
2023-03-29 22:45:53,189 [pool-854-thread-1] INFO  server.RaftServerConfigKeys (ConfUtils.java:logGet(46)) - raft.server.snapshot.retention.file.num = 5 (custom)
2023-03-29 22:45:53,189 [pool-854-thread-1] INFO  server.RaftServerConfigKeys (ConfUtils.java:logGet(46)) - raft.server.log.purge.upto.snapshot.index = false (default)
2023-03-29 22:45:53,189 [1b03df48-31d6-4d50-bcfe-06272533350b@group-3786AC858ED6-FollowerState] INFO  server.RaftServerConfigKeys (ConfUtils.java:logFallback(53)) - raft.server.rpc.first-election.timeout.max = 5200ms (fallback to raft.server.rpc.timeout.max)
2023-03-29 22:45:53,194 [Command processor thread] INFO  ratis.XceiverServerRatis (XceiverServerRatis.java:addGroup(806)) - Created group PipelineID=22afb092-fb7c-40bc-90b2-3786ac858ed6
2023-03-29 22:45:53,194 [Command processor thread] INFO  commandhandler.CreatePipelineCommandHandler (CreatePipelineCommandHandler.java:handle(113)) - Created Pipeline RATIS ONE PipelineID=22afb092-fb7c-40bc-90b2-3786ac858ed6.
2023-03-29 22:45:53,194 [Command processor thread] INFO  server.RaftServer (RaftServerProxy.java:addNew(96)) - 1b03df48-31d6-4d50-bcfe-06272533350b: addNew group-8C295BA8EDD8:[1b03df48-31d6-4d50-bcfe-06272533350b|rpc:10.1.0.40:38067|dataStream:10.1.0.40:34129|priority:0|startupRole:FOLLOWER, 399773cb-fecd-40e3-a3a3-0a72d991f432|rpc:10.1.0.40:46155|dataStream:10.1.0.40:41261|priority:0|startupRole:FOLLOWER, 31377470-4be3-4e7f-893b-aea4cf46f3a2|rpc:10.1.0.40:38467|dataStream:10.1.0.40:33959|priority:1|startupRole:FOLLOWER] returns group-8C295BA8EDD8:java.util.concurrent.CompletableFuture@75f9dea3[Not completed]
2023-03-29 22:45:53,195 [pool-854-thread-1] INFO  server.RaftServer$Division (RaftServerImpl.java:<init>(195)) - 1b03df48-31d6-4d50-bcfe-06272533350b: new RaftServerImpl for group-8C295BA8EDD8:[1b03df48-31d6-4d50-bcfe-06272533350b|rpc:10.1.0.40:38067|dataStream:10.1.0.40:34129|priority:0|startupRole:FOLLOWER, 399773cb-fecd-40e3-a3a3-0a72d991f432|rpc:10.1.0.40:46155|dataStream:10.1.0.40:41261|priority:0|startupRole:FOLLOWER, 31377470-4be3-4e7f-893b-aea4cf46f3a2|rpc:10.1.0.40:38467|dataStream:10.1.0.40:33959|priority:1|startupRole:FOLLOWER] with ContainerStateMachine:uninitialized
2023-03-29 22:45:53,195 [pool-854-thread-1] INFO  server.RaftServerConfigKeys (ConfUtils.java:logGet(46)) - raft.server.rpc.timeout.min = 5s (custom)
2023-03-29 22:45:53,195 [pool-854-thread-1] INFO  server.RaftServerConfigKeys (ConfUtils.java:logGet(46)) - raft.server.rpc.timeout.max = 5200ms (custom)
2023-03-29 22:45:53,195 [pool-854-thread-1] INFO  server.RaftServerConfigKeys (ConfUtils.java:logGet(46)) - raft.server.rpc.sleep.time = 25ms (default)
2023-03-29 22:45:53,195 [pool-854-thread-1] INFO  server.RaftServerConfigKeys (ConfUtils.java:logGet(46)) - raft.server.rpc.slowness.timeout = 300s (custom)
2023-03-29 22:45:53,196 [pool-854-thread-1] INFO  server.RaftServerConfigKeys (ConfUtils.java:logGet(46)) - raft.server.leaderelection.leader.step-down.wait-time = 10s (default)
2023-03-29 22:45:53,196 [pool-854-thread-1] INFO  server.RaftServerConfigKeys (ConfUtils.java:logGet(46)) - raft.server.sleep.deviation.threshold = 300ms (default)
2023-03-29 22:45:53,196 [pool-854-thread-1] INFO  server.RaftServer$Division (ServerState.java:<init>(118)) - 1b03df48-31d6-4d50-bcfe-06272533350b@group-8C295BA8EDD8: ConfigurationManager, init=-1: peers:[1b03df48-31d6-4d50-bcfe-06272533350b|rpc:10.1.0.40:38067|dataStream:10.1.0.40:34129|priority:0|startupRole:FOLLOWER, 399773cb-fecd-40e3-a3a3-0a72d991f432|rpc:10.1.0.40:46155|dataStream:10.1.0.40:41261|priority:0|startupRole:FOLLOWER, 31377470-4be3-4e7f-893b-aea4cf46f3a2|rpc:10.1.0.40:38467|dataStream:10.1.0.40:33959|priority:1|startupRole:FOLLOWER]|listeners:[], old=null, confs=<EMPTY_MAP>
2023-03-29 22:45:53,196 [pool-854-thread-1] INFO  server.RaftServerConfigKeys (ConfUtils.java:logGet(46)) - raft.server.storage.dir = [/home/runner/work/ozone/ozone/hadoop-ozone/integration-test/target/test-dir/MiniOzoneClusterImpl-8ae17f6e-7b8d-4fcc-9253-feb95f7e1717/datanode-0/data/ratis] (custom)
2023-03-29 22:45:53,196 [pool-854-thread-1] INFO  server.RaftServerConfigKeys (ConfUtils.java:logGet(46)) - raft.server.log.corruption.policy = EXCEPTION (default)
2023-03-29 22:45:53,196 [pool-854-thread-1] INFO  server.RaftServerConfigKeys (ConfUtils.java:logGet(46)) - raft.server.storage.free-space.min = 0MB (=0) (default)
2023-03-29 22:45:53,196 [pool-854-thread-1] INFO  server.RaftServerConfigKeys (ConfUtils.java:logGet(46)) - raft.server.notification.no-leader.timeout = 300s (custom)
2023-03-29 22:45:53,196 [pool-854-thread-1] INFO  server.RaftServerConfigKeys (ConfUtils.java:logGet(46)) - raft.server.retrycache.expirytime = 600000ms (custom)
2023-03-29 22:45:53,196 [pool-854-thread-1] INFO  server.RaftServerConfigKeys (ConfUtils.java:logGet(46)) - raft.server.retrycache.statistics.expirytime = 100μs (default)
2023-03-29 22:45:53,197 [pool-854-thread-1] INFO  server.RaftServerConfigKeys (ConfUtils.java:logGet(46)) - raft.server.log.appender.install.snapshot.enabled = false (custom)
2023-03-29 22:45:53,197 [pool-854-thread-1] INFO  server.RaftServerConfigKeys (ConfUtils.java:logGet(46)) - raft.server.threadpool.server.cached = true (default)
2023-03-29 22:45:53,197 [pool-854-thread-1] INFO  server.RaftServerConfigKeys (ConfUtils.java:logGet(46)) - raft.server.threadpool.server.size = 0 (default)
2023-03-29 22:45:53,197 [pool-854-thread-1] INFO  server.RaftServerConfigKeys (ConfUtils.java:logGet(46)) - raft.server.threadpool.client.cached = true (default)
2023-03-29 22:45:53,197 [pool-854-thread-1] INFO  server.RaftServerConfigKeys (ConfUtils.java:logGet(46)) - raft.server.threadpool.client.size = 0 (default)
2023-03-29 22:45:53,197 [pool-854-thread-1] INFO  storage.RaftStorageDirectory (RaftStorageDirectoryImpl.java:analyzeStorage(137)) - The storage directory /home/runner/work/ozone/ozone/hadoop-ozone/integration-test/target/test-dir/MiniOzoneClusterImpl-8ae17f6e-7b8d-4fcc-9253-feb95f7e1717/datanode-0/data/ratis/04ce0540-d0a1-42e0-839d-8c295ba8edd8 does not exist. Creating ...
2023-03-29 22:45:53,198 [pool-854-thread-1] INFO  storage.RaftStorageDirectory (RaftStorageDirectoryImpl.java:tryLock(231)) - Lock on /home/runner/work/ozone/ozone/hadoop-ozone/integration-test/target/test-dir/MiniOzoneClusterImpl-8ae17f6e-7b8d-4fcc-9253-feb95f7e1717/datanode-0/data/ratis/04ce0540-d0a1-42e0-839d-8c295ba8edd8/in_use.lock acquired by nodename 4032@fv-az377-460
2023-03-29 22:45:53,200 [pool-854-thread-1] INFO  storage.RaftStorage (RaftStorageImpl.java:format(96)) - Storage directory /home/runner/work/ozone/ozone/hadoop-ozone/integration-test/target/test-dir/MiniOzoneClusterImpl-8ae17f6e-7b8d-4fcc-9253-feb95f7e1717/datanode-0/data/ratis/04ce0540-d0a1-42e0-839d-8c295ba8edd8 has been successfully formatted.
2023-03-29 22:45:53,201 [pool-854-thread-1] INFO  ratis.ContainerStateMachine (ContainerStateMachine.java:loadSnapshot(262)) - group-8C295BA8EDD8: The snapshot info is null. Setting the last applied indexto:(t:0, i:~)
2023-03-29 22:45:53,201 [pool-854-thread-1] INFO  server.RaftServerConfigKeys (ConfUtils.java:logGet(46)) - raft.server.log.use.memory = false (default)
2023-03-29 22:45:53,202 [pool-854-thread-1] INFO  server.RaftServerConfigKeys (ConfUtils.java:logGet(46)) - raft.server.log.purge.gap = 1000000 (custom)
2023-03-29 22:45:53,202 [pool-854-thread-1] INFO  server.RaftServerConfigKeys (ConfUtils.java:logGet(46)) - raft.server.log.appender.buffer.byte-limit = 33554432 (custom)
2023-03-29 22:45:53,202 [pool-854-thread-1] INFO  server.RaftServerConfigKeys (ConfUtils.java:logGet(46)) - raft.server.log.statemachine.data.read.timeout = 1000ms (default)
2023-03-29 22:45:53,202 [pool-854-thread-1] INFO  server.RaftServerConfigKeys (ConfUtils.java:logGet(46)) - raft.server.log.purge.preservation.log.num = 0 (default)
2023-03-29 22:45:53,202 [pool-854-thread-1] INFO  server.RaftServerConfigKeys (ConfUtils.java:logGet(46)) - raft.server.log.segment.size.max = 1048576 (custom)
2023-03-29 22:45:53,203 [pool-854-thread-1] INFO  server.RaftServerConfigKeys (ConfUtils.java:logGet(46)) - raft.server.log.segment.cache.num.max = 2 (custom)
2023-03-29 22:45:53,203 [pool-854-thread-1] INFO  server.RaftServerConfigKeys (ConfUtils.java:logGet(46)) - raft.server.log.segment.cache.size.max = 200MB (=209715200) (default)
2023-03-29 22:45:53,203 [pool-854-thread-1] INFO  segmented.SegmentedRaftLogWorker (SegmentedRaftLogWorker.java:<init>(189)) - new 1b03df48-31d6-4d50-bcfe-06272533350b@group-8C295BA8EDD8-SegmentedRaftLogWorker for RaftStorageImpl:Storage Directory /home/runner/work/ozone/ozone/hadoop-ozone/integration-test/target/test-dir/MiniOzoneClusterImpl-8ae17f6e-7b8d-4fcc-9253-feb95f7e1717/datanode-0/data/ratis/04ce0540-d0a1-42e0-839d-8c295ba8edd8
2023-03-29 22:45:53,203 [pool-854-thread-1] INFO  server.RaftServerConfigKeys (ConfUtils.java:logGet(46)) - raft.server.log.queue.byte-limit = 4294967296 (custom)
2023-03-29 22:45:53,203 [pool-854-thread-1] INFO  server.RaftServerConfigKeys (ConfUtils.java:logGet(46)) - raft.server.log.queue.element-limit = 1024 (custom)
2023-03-29 22:45:53,203 [pool-854-thread-1] INFO  server.RaftServerConfigKeys (ConfUtils.java:logGet(46)) - raft.server.log.segment.size.max = 1048576 (custom)
2023-03-29 22:45:53,204 [EventQueue-OpenPipelineForHealthyPipelineSafeModeRule] INFO  safemode.SCMSafeModeManager (HealthyPipelineSafeModeRule.java:process(137)) - SCM in safe mode. Healthy pipelines reported count is 0, required healthy pipeline reported count is 1
2023-03-29 22:45:53,205 [pool-854-thread-1] INFO  server.RaftServerConfigKeys (ConfUtils.java:logGet(46)) - raft.server.log.preallocated.size = 16384 (custom)
2023-03-29 22:45:53,205 [pool-854-thread-1] INFO  server.RaftServerConfigKeys (ConfUtils.java:logGet(46)) - raft.server.log.force.sync.num = 128 (default)
2023-03-29 22:45:53,205 [pool-854-thread-1] INFO  server.RaftServerConfigKeys (ConfUtils.java:logGet(46)) - raft.server.log.statemachine.data.sync = true (default)
2023-03-29 22:45:53,205 [pool-854-thread-1] INFO  server.RaftServerConfigKeys (ConfUtils.java:logGet(46)) - raft.server.log.statemachine.data.sync.timeout = 10s (default)
2023-03-29 22:45:53,205 [pool-854-thread-1] INFO  server.RaftServerConfigKeys (ConfUtils.java:logGet(46)) - raft.server.log.statemachine.data.sync.timeout.retry = -1 (default)
2023-03-29 22:45:53,206 [pool-854-thread-1] INFO  server.RaftServerConfigKeys (ConfUtils.java:logGet(46)) - raft.server.log.write.buffer.size = 1048576 (custom)
2023-03-29 22:45:53,206 [pool-854-thread-1] INFO  server.RaftServerConfigKeys (ConfUtils.java:logGet(46)) - raft.server.log.appender.buffer.byte-limit = 33554432 (custom)
2023-03-29 22:45:53,212 [pool-854-thread-1] INFO  server.RaftServerConfigKeys (ConfUtils.java:logGet(46)) - raft.server.log.unsafe-flush.enabled = false (default)
2023-03-29 22:45:53,212 [pool-854-thread-1] INFO  server.RaftServerConfigKeys (ConfUtils.java:logGet(46)) - raft.server.log.async-flush.enabled = false (default)
2023-03-29 22:45:53,212 [pool-854-thread-1] INFO  server.RaftServerConfigKeys (ConfUtils.java:logGet(46)) - raft.server.log.statemachine.data.caching.enabled = true (custom)
2023-03-29 22:45:53,212 [pool-854-thread-1] INFO  segmented.SegmentedRaftLogWorker (SegmentedRaftLogWorker.java:lambda$new$0(135)) - 1b03df48-31d6-4d50-bcfe-06272533350b@group-8C295BA8EDD8-SegmentedRaftLogWorker: flushIndex: setUnconditionally 0 -> -1
2023-03-29 22:45:53,212 [pool-854-thread-1] INFO  segmented.SegmentedRaftLogWorker (SegmentedRaftLogWorker.java:lambda$new$0(135)) - 1b03df48-31d6-4d50-bcfe-06272533350b@group-8C295BA8EDD8-SegmentedRaftLogWorker: safeCacheEvictIndex: setUnconditionally 0 -> -1
2023-03-29 22:45:53,214 [pool-854-thread-1] INFO  server.RaftServer$Division (RaftServerImpl.java:start(334)) - 1b03df48-31d6-4d50-bcfe-06272533350b@group-8C295BA8EDD8: start as a follower, conf=-1: peers:[1b03df48-31d6-4d50-bcfe-06272533350b|rpc:10.1.0.40:38067|dataStream:10.1.0.40:34129|priority:0|startupRole:FOLLOWER, 399773cb-fecd-40e3-a3a3-0a72d991f432|rpc:10.1.0.40:46155|dataStream:10.1.0.40:41261|priority:0|startupRole:FOLLOWER, 31377470-4be3-4e7f-893b-aea4cf46f3a2|rpc:10.1.0.40:38467|dataStream:10.1.0.40:33959|priority:1|startupRole:FOLLOWER]|listeners:[], old=null
2023-03-29 22:45:53,214 [pool-854-thread-1] INFO  server.RaftServer$Division (RaftServerImpl.java:setRole(321)) - 1b03df48-31d6-4d50-bcfe-06272533350b@group-8C295BA8EDD8: changes role from      null to FOLLOWER at term 0 for startAsFollower
2023-03-29 22:45:53,214 [pool-854-thread-1] INFO  impl.RoleInfo (RoleInfo.java:updateAndGet(139)) - 1b03df48-31d6-4d50-bcfe-06272533350b: start 1b03df48-31d6-4d50-bcfe-06272533350b@group-8C295BA8EDD8-FollowerState
2023-03-29 22:45:53,219 [pool-854-thread-1] INFO  util.JmxRegister (JmxRegister.java:tryRegister(44)) - Successfully registered JMX Bean with object name Ratis:service=RaftServer,group=group-8C295BA8EDD8,id=1b03df48-31d6-4d50-bcfe-06272533350b
2023-03-29 22:45:53,219 [pool-854-thread-1] INFO  server.RaftServerConfigKeys (ConfUtils.java:logGet(46)) - raft.server.snapshot.auto.trigger.enabled = true (custom)
2023-03-29 22:45:53,219 [pool-854-thread-1] INFO  server.RaftServerConfigKeys (ConfUtils.java:logGet(46)) - raft.server.snapshot.auto.trigger.threshold = 10000 (custom)
2023-03-29 22:45:53,219 [pool-854-thread-1] INFO  server.RaftServerConfigKeys (ConfUtils.java:logGet(46)) - raft.server.snapshot.retention.file.num = 5 (custom)
2023-03-29 22:45:53,219 [pool-854-thread-1] INFO  server.RaftServerConfigKeys (ConfUtils.java:logGet(46)) - raft.server.log.purge.upto.snapshot.index = false (default)
2023-03-29 22:45:53,219 [Command processor thread] INFO  ratis.XceiverServerRatis (XceiverServerRatis.java:addGroup(806)) - Created group PipelineID=04ce0540-d0a1-42e0-839d-8c295ba8edd8
2023-03-29 22:45:53,223 [1b03df48-31d6-4d50-bcfe-06272533350b@group-8C295BA8EDD8-FollowerState] INFO  server.RaftServerConfigKeys (ConfUtils.java:logFallback(53)) - raft.server.rpc.first-election.timeout.min = 5s (fallback to raft.server.rpc.timeout.min)
2023-03-29 22:45:53,223 [1b03df48-31d6-4d50-bcfe-06272533350b@group-8C295BA8EDD8-FollowerState] INFO  server.RaftServerConfigKeys (ConfUtils.java:logFallback(53)) - raft.server.rpc.first-election.timeout.max = 5200ms (fallback to raft.server.rpc.timeout.max)
2023-03-29 22:45:53,232 [grpc-default-executor-4] INFO  server.RaftServer (RaftServerProxy.java:addNew(96)) - 31377470-4be3-4e7f-893b-aea4cf46f3a2: addNew group-8C295BA8EDD8:[1b03df48-31d6-4d50-bcfe-06272533350b|rpc:10.1.0.40:38067|dataStream:10.1.0.40:34129|priority:0|startupRole:FOLLOWER, 399773cb-fecd-40e3-a3a3-0a72d991f432|rpc:10.1.0.40:46155|dataStream:10.1.0.40:41261|priority:0|startupRole:FOLLOWER, 31377470-4be3-4e7f-893b-aea4cf46f3a2|rpc:10.1.0.40:38467|dataStream:10.1.0.40:33959|priority:1|startupRole:FOLLOWER] returns group-8C295BA8EDD8:java.util.concurrent.CompletableFuture@7c16c432[Not completed]
2023-03-29 22:45:53,237 [pool-876-thread-1] INFO  server.RaftServer$Division (RaftServerImpl.java:<init>(195)) - 31377470-4be3-4e7f-893b-aea4cf46f3a2: new RaftServerImpl for group-8C295BA8EDD8:[1b03df48-31d6-4d50-bcfe-06272533350b|rpc:10.1.0.40:38067|dataStream:10.1.0.40:34129|priority:0|startupRole:FOLLOWER, 399773cb-fecd-40e3-a3a3-0a72d991f432|rpc:10.1.0.40:46155|dataStream:10.1.0.40:41261|priority:0|startupRole:FOLLOWER, 31377470-4be3-4e7f-893b-aea4cf46f3a2|rpc:10.1.0.40:38467|dataStream:10.1.0.40:33959|priority:1|startupRole:FOLLOWER] with ContainerStateMachine:uninitialized
2023-03-29 22:45:53,237 [pool-876-thread-1] INFO  server.RaftServerConfigKeys (ConfUtils.java:logGet(46)) - raft.server.rpc.timeout.min = 5s (custom)
2023-03-29 22:45:53,237 [pool-876-thread-1] INFO  server.RaftServerConfigKeys (ConfUtils.java:logGet(46)) - raft.server.rpc.timeout.max = 5200ms (custom)
2023-03-29 22:45:53,237 [pool-876-thread-1] INFO  server.RaftServerConfigKeys (ConfUtils.java:logGet(46)) - raft.server.rpc.sleep.time = 25ms (default)
2023-03-29 22:45:53,237 [pool-876-thread-1] INFO  server.RaftServerConfigKeys (ConfUtils.java:logGet(46)) - raft.server.rpc.slowness.timeout = 300s (custom)
2023-03-29 22:45:53,238 [pool-876-thread-1] INFO  server.RaftServerConfigKeys (ConfUtils.java:logGet(46)) - raft.server.leaderelection.leader.step-down.wait-time = 10s (default)
2023-03-29 22:45:53,238 [pool-876-thread-1] INFO  server.RaftServerConfigKeys (ConfUtils.java:logGet(46)) - raft.server.sleep.deviation.threshold = 300ms (default)
2023-03-29 22:45:53,238 [pool-876-thread-1] INFO  server.RaftServer$Division (ServerState.java:<init>(118)) - 31377470-4be3-4e7f-893b-aea4cf46f3a2@group-8C295BA8EDD8: ConfigurationManager, init=-1: peers:[1b03df48-31d6-4d50-bcfe-06272533350b|rpc:10.1.0.40:38067|dataStream:10.1.0.40:34129|priority:0|startupRole:FOLLOWER, 399773cb-fecd-40e3-a3a3-0a72d991f432|rpc:10.1.0.40:46155|dataStream:10.1.0.40:41261|priority:0|startupRole:FOLLOWER, 31377470-4be3-4e7f-893b-aea4cf46f3a2|rpc:10.1.0.40:38467|dataStream:10.1.0.40:33959|priority:1|startupRole:FOLLOWER]|listeners:[], old=null, confs=<EMPTY_MAP>
2023-03-29 22:45:53,238 [pool-876-thread-1] INFO  server.RaftServerConfigKeys (ConfUtils.java:logGet(46)) - raft.server.storage.dir = [/home/runner/work/ozone/ozone/hadoop-ozone/integration-test/target/test-dir/MiniOzoneClusterImpl-8ae17f6e-7b8d-4fcc-9253-feb95f7e1717/datanode-1/data/ratis] (custom)
2023-03-29 22:45:53,239 [pool-876-thread-1] INFO  server.RaftServerConfigKeys (ConfUtils.java:logGet(46)) - raft.server.log.corruption.policy = EXCEPTION (default)
2023-03-29 22:45:53,239 [pool-876-thread-1] INFO  server.RaftServerConfigKeys (ConfUtils.java:logGet(46)) - raft.server.storage.free-space.min = 0MB (=0) (default)
2023-03-29 22:45:53,239 [pool-876-thread-1] INFO  server.RaftServerConfigKeys (ConfUtils.java:logGet(46)) - raft.server.notification.no-leader.timeout = 300s (custom)
2023-03-29 22:45:53,239 [pool-876-thread-1] INFO  server.RaftServerConfigKeys (ConfUtils.java:logGet(46)) - raft.server.retrycache.expirytime = 600000ms (custom)
2023-03-29 22:45:53,239 [pool-876-thread-1] INFO  server.RaftServerConfigKeys (ConfUtils.java:logGet(46)) - raft.server.retrycache.statistics.expirytime = 100μs (default)
2023-03-29 22:45:53,240 [pool-876-thread-1] INFO  server.RaftServerConfigKeys (ConfUtils.java:logGet(46)) - raft.server.log.appender.install.snapshot.enabled = false (custom)
2023-03-29 22:45:53,240 [pool-876-thread-1] INFO  server.RaftServerConfigKeys (ConfUtils.java:logGet(46)) - raft.server.threadpool.server.cached = true (default)
2023-03-29 22:45:53,240 [pool-876-thread-1] INFO  server.RaftServerConfigKeys (ConfUtils.java:logGet(46)) - raft.server.threadpool.server.size = 0 (default)
2023-03-29 22:45:53,240 [pool-876-thread-1] INFO  server.RaftServerConfigKeys (ConfUtils.java:logGet(46)) - raft.server.threadpool.client.cached = true (default)
2023-03-29 22:45:53,240 [pool-876-thread-1] INFO  server.RaftServerConfigKeys (ConfUtils.java:logGet(46)) - raft.server.threadpool.client.size = 0 (default)
2023-03-29 22:45:53,240 [pool-876-thread-1] INFO  storage.RaftStorageDirectory (RaftStorageDirectoryImpl.java:analyzeStorage(137)) - The storage directory /home/runner/work/ozone/ozone/hadoop-ozone/integration-test/target/test-dir/MiniOzoneClusterImpl-8ae17f6e-7b8d-4fcc-9253-feb95f7e1717/datanode-1/data/ratis/04ce0540-d0a1-42e0-839d-8c295ba8edd8 does not exist. Creating ...
2023-03-29 22:45:53,241 [pool-876-thread-1] INFO  storage.RaftStorageDirectory (RaftStorageDirectoryImpl.java:tryLock(231)) - Lock on /home/runner/work/ozone/ozone/hadoop-ozone/integration-test/target/test-dir/MiniOzoneClusterImpl-8ae17f6e-7b8d-4fcc-9253-feb95f7e1717/datanode-1/data/ratis/04ce0540-d0a1-42e0-839d-8c295ba8edd8/in_use.lock acquired by nodename 4032@fv-az377-460
2023-03-29 22:45:53,242 [pool-876-thread-1] INFO  storage.RaftStorage (RaftStorageImpl.java:format(96)) - Storage directory /home/runner/work/ozone/ozone/hadoop-ozone/integration-test/target/test-dir/MiniOzoneClusterImpl-8ae17f6e-7b8d-4fcc-9253-feb95f7e1717/datanode-1/data/ratis/04ce0540-d0a1-42e0-839d-8c295ba8edd8 has been successfully formatted.
2023-03-29 22:45:53,244 [pool-876-thread-1] INFO  ratis.ContainerStateMachine (ContainerStateMachine.java:loadSnapshot(262)) - group-8C295BA8EDD8: The snapshot info is null. Setting the last applied indexto:(t:0, i:~)
2023-03-29 22:45:53,245 [pool-876-thread-1] INFO  server.RaftServerConfigKeys (ConfUtils.java:logGet(46)) - raft.server.log.use.memory = false (default)
2023-03-29 22:45:53,245 [pool-876-thread-1] INFO  server.RaftServerConfigKeys (ConfUtils.java:logGet(46)) - raft.server.log.purge.gap = 1000000 (custom)
2023-03-29 22:45:53,245 [pool-876-thread-1] INFO  server.RaftServerConfigKeys (ConfUtils.java:logGet(46)) - raft.server.log.appender.buffer.byte-limit = 33554432 (custom)
2023-03-29 22:45:53,245 [pool-876-thread-1] INFO  server.RaftServerConfigKeys (ConfUtils.java:logGet(46)) - raft.server.log.statemachine.data.read.timeout = 1000ms (default)
2023-03-29 22:45:53,245 [pool-876-thread-1] INFO  server.RaftServerConfigKeys (ConfUtils.java:logGet(46)) - raft.server.log.purge.preservation.log.num = 0 (default)
2023-03-29 22:45:53,246 [pool-876-thread-1] INFO  server.RaftServerConfigKeys (ConfUtils.java:logGet(46)) - raft.server.log.segment.size.max = 1048576 (custom)
2023-03-29 22:45:53,246 [pool-876-thread-1] INFO  server.RaftServerConfigKeys (ConfUtils.java:logGet(46)) - raft.server.log.segment.cache.num.max = 2 (custom)
2023-03-29 22:45:53,246 [pool-876-thread-1] INFO  server.RaftServerConfigKeys (ConfUtils.java:logGet(46)) - raft.server.log.segment.cache.size.max = 200MB (=209715200) (default)
2023-03-29 22:45:53,246 [pool-876-thread-1] INFO  segmented.SegmentedRaftLogWorker (SegmentedRaftLogWorker.java:<init>(189)) - new 31377470-4be3-4e7f-893b-aea4cf46f3a2@group-8C295BA8EDD8-SegmentedRaftLogWorker for RaftStorageImpl:Storage Directory /home/runner/work/ozone/ozone/hadoop-ozone/integration-test/target/test-dir/MiniOzoneClusterImpl-8ae17f6e-7b8d-4fcc-9253-feb95f7e1717/datanode-1/data/ratis/04ce0540-d0a1-42e0-839d-8c295ba8edd8
2023-03-29 22:45:53,246 [pool-876-thread-1] INFO  server.RaftServerConfigKeys (ConfUtils.java:logGet(46)) - raft.server.log.queue.byte-limit = 4294967296 (custom)
2023-03-29 22:45:53,246 [pool-876-thread-1] INFO  server.RaftServerConfigKeys (ConfUtils.java:logGet(46)) - raft.server.log.queue.element-limit = 1024 (custom)
2023-03-29 22:45:53,246 [pool-876-thread-1] INFO  server.RaftServerConfigKeys (ConfUtils.java:logGet(46)) - raft.server.log.segment.size.max = 1048576 (custom)
2023-03-29 22:45:53,246 [pool-876-thread-1] INFO  server.RaftServerConfigKeys (ConfUtils.java:logGet(46)) - raft.server.log.preallocated.size = 16384 (custom)
2023-03-29 22:45:53,246 [pool-876-thread-1] INFO  server.RaftServerConfigKeys (ConfUtils.java:logGet(46)) - raft.server.log.force.sync.num = 128 (default)
2023-03-29 22:45:53,246 [pool-876-thread-1] INFO  server.RaftServerConfigKeys (ConfUtils.java:logGet(46)) - raft.server.log.statemachine.data.sync = true (default)
2023-03-29 22:45:53,246 [pool-876-thread-1] INFO  server.RaftServerConfigKeys (ConfUtils.java:logGet(46)) - raft.server.log.statemachine.data.sync.timeout = 10s (default)
2023-03-29 22:45:53,246 [pool-876-thread-1] INFO  server.RaftServerConfigKeys (ConfUtils.java:logGet(46)) - raft.server.log.statemachine.data.sync.timeout.retry = -1 (default)
2023-03-29 22:45:53,247 [pool-876-thread-1] INFO  server.RaftServerConfigKeys (ConfUtils.java:logGet(46)) - raft.server.log.write.buffer.size = 1048576 (custom)
2023-03-29 22:45:53,248 [pool-876-thread-1] INFO  server.RaftServerConfigKeys (ConfUtils.java:logGet(46)) - raft.server.log.appender.buffer.byte-limit = 33554432 (custom)
2023-03-29 22:45:53,253 [pool-876-thread-1] INFO  server.RaftServerConfigKeys (ConfUtils.java:logGet(46)) - raft.server.log.unsafe-flush.enabled = false (default)
2023-03-29 22:45:53,253 [pool-876-thread-1] INFO  server.RaftServerConfigKeys (ConfUtils.java:logGet(46)) - raft.server.log.async-flush.enabled = false (default)
2023-03-29 22:45:53,253 [pool-876-thread-1] INFO  server.RaftServerConfigKeys (ConfUtils.java:logGet(46)) - raft.server.log.statemachine.data.caching.enabled = true (custom)
2023-03-29 22:45:53,253 [pool-876-thread-1] INFO  segmented.SegmentedRaftLogWorker (SegmentedRaftLogWorker.java:lambda$new$0(135)) - 31377470-4be3-4e7f-893b-aea4cf46f3a2@group-8C295BA8EDD8-SegmentedRaftLogWorker: flushIndex: setUnconditionally 0 -> -1
2023-03-29 22:45:53,253 [pool-876-thread-1] INFO  segmented.SegmentedRaftLogWorker (SegmentedRaftLogWorker.java:lambda$new$0(135)) - 31377470-4be3-4e7f-893b-aea4cf46f3a2@group-8C295BA8EDD8-SegmentedRaftLogWorker: safeCacheEvictIndex: setUnconditionally 0 -> -1
2023-03-29 22:45:53,257 [pool-876-thread-1] INFO  server.RaftServer$Division (RaftServerImpl.java:start(334)) - 31377470-4be3-4e7f-893b-aea4cf46f3a2@group-8C295BA8EDD8: start as a follower, conf=-1: peers:[1b03df48-31d6-4d50-bcfe-06272533350b|rpc:10.1.0.40:38067|dataStream:10.1.0.40:34129|priority:0|startupRole:FOLLOWER, 399773cb-fecd-40e3-a3a3-0a72d991f432|rpc:10.1.0.40:46155|dataStream:10.1.0.40:41261|priority:0|startupRole:FOLLOWER, 31377470-4be3-4e7f-893b-aea4cf46f3a2|rpc:10.1.0.40:38467|dataStream:10.1.0.40:33959|priority:1|startupRole:FOLLOWER]|listeners:[], old=null
2023-03-29 22:45:53,257 [pool-876-thread-1] INFO  server.RaftServer$Division (RaftServerImpl.java:setRole(321)) - 31377470-4be3-4e7f-893b-aea4cf46f3a2@group-8C295BA8EDD8: changes role from      null to FOLLOWER at term 0 for startAsFollower
2023-03-29 22:45:53,257 [pool-876-thread-1] INFO  impl.RoleInfo (RoleInfo.java:updateAndGet(139)) - 31377470-4be3-4e7f-893b-aea4cf46f3a2: start 31377470-4be3-4e7f-893b-aea4cf46f3a2@group-8C295BA8EDD8-FollowerState
2023-03-29 22:45:53,257 [pool-876-thread-1] INFO  util.JmxRegister (JmxRegister.java:tryRegister(44)) - Successfully registered JMX Bean with object name Ratis:service=RaftServer,group=group-8C295BA8EDD8,id=31377470-4be3-4e7f-893b-aea4cf46f3a2
2023-03-29 22:45:53,257 [pool-876-thread-1] INFO  server.RaftServerConfigKeys (ConfUtils.java:logGet(46)) - raft.server.snapshot.auto.trigger.enabled = true (custom)
2023-03-29 22:45:53,257 [pool-876-thread-1] INFO  server.RaftServerConfigKeys (ConfUtils.java:logGet(46)) - raft.server.snapshot.auto.trigger.threshold = 10000 (custom)
2023-03-29 22:45:53,257 [pool-876-thread-1] INFO  server.RaftServerConfigKeys (ConfUtils.java:logGet(46)) - raft.server.snapshot.retention.file.num = 5 (custom)
2023-03-29 22:45:53,257 [pool-876-thread-1] INFO  server.RaftServerConfigKeys (ConfUtils.java:logGet(46)) - raft.server.log.purge.upto.snapshot.index = false (default)
2023-03-29 22:45:53,258 [31377470-4be3-4e7f-893b-aea4cf46f3a2@group-8C295BA8EDD8-FollowerState] INFO  server.RaftServerConfigKeys (ConfUtils.java:logFallback(53)) - raft.server.rpc.first-election.timeout.min = 5s (fallback to raft.server.rpc.timeout.min)
2023-03-29 22:45:53,259 [31377470-4be3-4e7f-893b-aea4cf46f3a2@group-8C295BA8EDD8-FollowerState] INFO  server.RaftServerConfigKeys (ConfUtils.java:logFallback(53)) - raft.server.rpc.first-election.timeout.max = 5200ms (fallback to raft.server.rpc.timeout.max)
2023-03-29 22:45:53,278 [grpc-default-executor-4] INFO  server.RaftServer (RaftServerProxy.java:addNew(96)) - 399773cb-fecd-40e3-a3a3-0a72d991f432: addNew group-8C295BA8EDD8:[1b03df48-31d6-4d50-bcfe-06272533350b|rpc:10.1.0.40:38067|dataStream:10.1.0.40:34129|priority:0|startupRole:FOLLOWER, 399773cb-fecd-40e3-a3a3-0a72d991f432|rpc:10.1.0.40:46155|dataStream:10.1.0.40:41261|priority:0|startupRole:FOLLOWER, 31377470-4be3-4e7f-893b-aea4cf46f3a2|rpc:10.1.0.40:38467|dataStream:10.1.0.40:33959|priority:1|startupRole:FOLLOWER] returns group-8C295BA8EDD8:java.util.concurrent.CompletableFuture@13274463[Not completed]
2023-03-29 22:45:53,280 [pool-898-thread-1] INFO  server.RaftServer$Division (RaftServerImpl.java:<init>(195)) - 399773cb-fecd-40e3-a3a3-0a72d991f432: new RaftServerImpl for group-8C295BA8EDD8:[1b03df48-31d6-4d50-bcfe-06272533350b|rpc:10.1.0.40:38067|dataStream:10.1.0.40:34129|priority:0|startupRole:FOLLOWER, 399773cb-fecd-40e3-a3a3-0a72d991f432|rpc:10.1.0.40:46155|dataStream:10.1.0.40:41261|priority:0|startupRole:FOLLOWER, 31377470-4be3-4e7f-893b-aea4cf46f3a2|rpc:10.1.0.40:38467|dataStream:10.1.0.40:33959|priority:1|startupRole:FOLLOWER] with ContainerStateMachine:uninitialized
2023-03-29 22:45:53,280 [pool-898-thread-1] INFO  server.RaftServerConfigKeys (ConfUtils.java:logGet(46)) - raft.server.rpc.timeout.min = 5s (custom)
2023-03-29 22:45:53,280 [pool-898-thread-1] INFO  server.RaftServerConfigKeys (ConfUtils.java:logGet(46)) - raft.server.rpc.timeout.max = 5200ms (custom)
2023-03-29 22:45:53,280 [pool-898-thread-1] INFO  server.RaftServerConfigKeys (ConfUtils.java:logGet(46)) - raft.server.rpc.sleep.time = 25ms (default)
2023-03-29 22:45:53,280 [pool-898-thread-1] INFO  server.RaftServerConfigKeys (ConfUtils.java:logGet(46)) - raft.server.rpc.slowness.timeout = 300s (custom)
2023-03-29 22:45:53,282 [pool-898-thread-1] INFO  server.RaftServerConfigKeys (ConfUtils.java:logGet(46)) - raft.server.leaderelection.leader.step-down.wait-time = 10s (default)
2023-03-29 22:45:53,282 [pool-898-thread-1] INFO  server.RaftServerConfigKeys (ConfUtils.java:logGet(46)) - raft.server.sleep.deviation.threshold = 300ms (default)
2023-03-29 22:45:53,282 [pool-898-thread-1] INFO  server.RaftServer$Division (ServerState.java:<init>(118)) - 399773cb-fecd-40e3-a3a3-0a72d991f432@group-8C295BA8EDD8: ConfigurationManager, init=-1: peers:[1b03df48-31d6-4d50-bcfe-06272533350b|rpc:10.1.0.40:38067|dataStream:10.1.0.40:34129|priority:0|startupRole:FOLLOWER, 399773cb-fecd-40e3-a3a3-0a72d991f432|rpc:10.1.0.40:46155|dataStream:10.1.0.40:41261|priority:0|startupRole:FOLLOWER, 31377470-4be3-4e7f-893b-aea4cf46f3a2|rpc:10.1.0.40:38467|dataStream:10.1.0.40:33959|priority:1|startupRole:FOLLOWER]|listeners:[], old=null, confs=<EMPTY_MAP>
2023-03-29 22:45:53,283 [pool-898-thread-1] INFO  server.RaftServerConfigKeys (ConfUtils.java:logGet(46)) - raft.server.storage.dir = [/home/runner/work/ozone/ozone/hadoop-ozone/integration-test/target/test-dir/MiniOzoneClusterImpl-8ae17f6e-7b8d-4fcc-9253-feb95f7e1717/datanode-2/data/ratis] (custom)
2023-03-29 22:45:53,283 [pool-898-thread-1] INFO  server.RaftServerConfigKeys (ConfUtils.java:logGet(46)) - raft.server.log.corruption.policy = EXCEPTION (default)
2023-03-29 22:45:53,283 [pool-898-thread-1] INFO  server.RaftServerConfigKeys (ConfUtils.java:logGet(46)) - raft.server.storage.free-space.min = 0MB (=0) (default)
2023-03-29 22:45:53,283 [pool-898-thread-1] INFO  server.RaftServerConfigKeys (ConfUtils.java:logGet(46)) - raft.server.notification.no-leader.timeout = 300s (custom)
2023-03-29 22:45:53,283 [pool-898-thread-1] INFO  server.RaftServerConfigKeys (ConfUtils.java:logGet(46)) - raft.server.retrycache.expirytime = 600000ms (custom)
2023-03-29 22:45:53,283 [pool-898-thread-1] INFO  server.RaftServerConfigKeys (ConfUtils.java:logGet(46)) - raft.server.retrycache.statistics.expirytime = 100μs (default)
2023-03-29 22:45:53,288 [pool-898-thread-1] INFO  server.RaftServerConfigKeys (ConfUtils.java:logGet(46)) - raft.server.log.appender.install.snapshot.enabled = false (custom)
2023-03-29 22:45:53,288 [pool-898-thread-1] INFO  server.RaftServerConfigKeys (ConfUtils.java:logGet(46)) - raft.server.threadpool.server.cached = true (default)
2023-03-29 22:45:53,288 [pool-898-thread-1] INFO  server.RaftServerConfigKeys (ConfUtils.java:logGet(46)) - raft.server.threadpool.server.size = 0 (default)
2023-03-29 22:45:53,288 [pool-898-thread-1] INFO  server.RaftServerConfigKeys (ConfUtils.java:logGet(46)) - raft.server.threadpool.client.cached = true (default)
2023-03-29 22:45:53,288 [pool-898-thread-1] INFO  server.RaftServerConfigKeys (ConfUtils.java:logGet(46)) - raft.server.threadpool.client.size = 0 (default)
2023-03-29 22:45:53,288 [pool-898-thread-1] INFO  storage.RaftStorageDirectory (RaftStorageDirectoryImpl.java:analyzeStorage(137)) - The storage directory /home/runner/work/ozone/ozone/hadoop-ozone/integration-test/target/test-dir/MiniOzoneClusterImpl-8ae17f6e-7b8d-4fcc-9253-feb95f7e1717/datanode-2/data/ratis/04ce0540-d0a1-42e0-839d-8c295ba8edd8 does not exist. Creating ...
2023-03-29 22:45:53,293 [pool-898-thread-1] INFO  storage.RaftStorageDirectory (RaftStorageDirectoryImpl.java:tryLock(231)) - Lock on /home/runner/work/ozone/ozone/hadoop-ozone/integration-test/target/test-dir/MiniOzoneClusterImpl-8ae17f6e-7b8d-4fcc-9253-feb95f7e1717/datanode-2/data/ratis/04ce0540-d0a1-42e0-839d-8c295ba8edd8/in_use.lock acquired by nodename 4032@fv-az377-460
2023-03-29 22:45:53,295 [pool-898-thread-1] INFO  storage.RaftStorage (RaftStorageImpl.java:format(96)) - Storage directory /home/runner/work/ozone/ozone/hadoop-ozone/integration-test/target/test-dir/MiniOzoneClusterImpl-8ae17f6e-7b8d-4fcc-9253-feb95f7e1717/datanode-2/data/ratis/04ce0540-d0a1-42e0-839d-8c295ba8edd8 has been successfully formatted.
2023-03-29 22:45:53,296 [pool-898-thread-1] INFO  ratis.ContainerStateMachine (ContainerStateMachine.java:loadSnapshot(262)) - group-8C295BA8EDD8: The snapshot info is null. Setting the last applied indexto:(t:0, i:~)
2023-03-29 22:45:53,296 [pool-898-thread-1] INFO  server.RaftServerConfigKeys (ConfUtils.java:logGet(46)) - raft.server.log.use.memory = false (default)
2023-03-29 22:45:53,297 [pool-898-thread-1] INFO  server.RaftServerConfigKeys (ConfUtils.java:logGet(46)) - raft.server.log.purge.gap = 1000000 (custom)
2023-03-29 22:45:53,297 [pool-898-thread-1] INFO  server.RaftServerConfigKeys (ConfUtils.java:logGet(46)) - raft.server.log.appender.buffer.byte-limit = 33554432 (custom)
2023-03-29 22:45:53,297 [pool-898-thread-1] INFO  server.RaftServerConfigKeys (ConfUtils.java:logGet(46)) - raft.server.log.statemachine.data.read.timeout = 1000ms (default)
2023-03-29 22:45:53,297 [pool-898-thread-1] INFO  server.RaftServerConfigKeys (ConfUtils.java:logGet(46)) - raft.server.log.purge.preservation.log.num = 0 (default)
2023-03-29 22:45:53,298 [pool-898-thread-1] INFO  server.RaftServerConfigKeys (ConfUtils.java:logGet(46)) - raft.server.log.segment.size.max = 1048576 (custom)
2023-03-29 22:45:53,298 [pool-898-thread-1] INFO  server.RaftServerConfigKeys (ConfUtils.java:logGet(46)) - raft.server.log.segment.cache.num.max = 2 (custom)
2023-03-29 22:45:53,298 [pool-898-thread-1] INFO  server.RaftServerConfigKeys (ConfUtils.java:logGet(46)) - raft.server.log.segment.cache.size.max = 200MB (=209715200) (default)
2023-03-29 22:45:53,298 [pool-898-thread-1] INFO  segmented.SegmentedRaftLogWorker (SegmentedRaftLogWorker.java:<init>(189)) - new 399773cb-fecd-40e3-a3a3-0a72d991f432@group-8C295BA8EDD8-SegmentedRaftLogWorker for RaftStorageImpl:Storage Directory /home/runner/work/ozone/ozone/hadoop-ozone/integration-test/target/test-dir/MiniOzoneClusterImpl-8ae17f6e-7b8d-4fcc-9253-feb95f7e1717/datanode-2/data/ratis/04ce0540-d0a1-42e0-839d-8c295ba8edd8
2023-03-29 22:45:53,298 [pool-898-thread-1] INFO  server.RaftServerConfigKeys (ConfUtils.java:logGet(46)) - raft.server.log.queue.byte-limit = 4294967296 (custom)
2023-03-29 22:45:53,298 [pool-898-thread-1] INFO  server.RaftServerConfigKeys (ConfUtils.java:logGet(46)) - raft.server.log.queue.element-limit = 1024 (custom)
2023-03-29 22:45:53,298 [pool-898-thread-1] INFO  server.RaftServerConfigKeys (ConfUtils.java:logGet(46)) - raft.server.log.segment.size.max = 1048576 (custom)
2023-03-29 22:45:53,298 [pool-898-thread-1] INFO  server.RaftServerConfigKeys (ConfUtils.java:logGet(46)) - raft.server.log.preallocated.size = 16384 (custom)
2023-03-29 22:45:53,298 [pool-898-thread-1] INFO  server.RaftServerConfigKeys (ConfUtils.java:logGet(46)) - raft.server.log.force.sync.num = 128 (default)
2023-03-29 22:45:53,298 [pool-898-thread-1] INFO  server.RaftServerConfigKeys (ConfUtils.java:logGet(46)) - raft.server.log.statemachine.data.sync = true (default)
2023-03-29 22:45:53,299 [pool-898-thread-1] INFO  server.RaftServerConfigKeys (ConfUtils.java:logGet(46)) - raft.server.log.statemachine.data.sync.timeout = 10s (default)
2023-03-29 22:45:53,299 [pool-898-thread-1] INFO  server.RaftServerConfigKeys (ConfUtils.java:logGet(46)) - raft.server.log.statemachine.data.sync.timeout.retry = -1 (default)
2023-03-29 22:45:53,299 [pool-898-thread-1] INFO  server.RaftServerConfigKeys (ConfUtils.java:logGet(46)) - raft.server.log.write.buffer.size = 1048576 (custom)
2023-03-29 22:45:53,301 [pool-898-thread-1] INFO  server.RaftServerConfigKeys (ConfUtils.java:logGet(46)) - raft.server.log.appender.buffer.byte-limit = 33554432 (custom)
2023-03-29 22:45:53,307 [pool-898-thread-1] INFO  server.RaftServerConfigKeys (ConfUtils.java:logGet(46)) - raft.server.log.unsafe-flush.enabled = false (default)
2023-03-29 22:45:53,307 [pool-898-thread-1] INFO  server.RaftServerConfigKeys (ConfUtils.java:logGet(46)) - raft.server.log.async-flush.enabled = false (default)
2023-03-29 22:45:53,307 [pool-898-thread-1] INFO  server.RaftServerConfigKeys (ConfUtils.java:logGet(46)) - raft.server.log.statemachine.data.caching.enabled = true (custom)
2023-03-29 22:45:53,307 [pool-898-thread-1] INFO  segmented.SegmentedRaftLogWorker (SegmentedRaftLogWorker.java:lambda$new$0(135)) - 399773cb-fecd-40e3-a3a3-0a72d991f432@group-8C295BA8EDD8-SegmentedRaftLogWorker: flushIndex: setUnconditionally 0 -> -1
2023-03-29 22:45:53,307 [pool-898-thread-1] INFO  segmented.SegmentedRaftLogWorker (SegmentedRaftLogWorker.java:lambda$new$0(135)) - 399773cb-fecd-40e3-a3a3-0a72d991f432@group-8C295BA8EDD8-SegmentedRaftLogWorker: safeCacheEvictIndex: setUnconditionally 0 -> -1
2023-03-29 22:45:53,310 [pool-898-thread-1] INFO  server.RaftServer$Division (RaftServerImpl.java:start(334)) - 399773cb-fecd-40e3-a3a3-0a72d991f432@group-8C295BA8EDD8: start as a follower, conf=-1: peers:[1b03df48-31d6-4d50-bcfe-06272533350b|rpc:10.1.0.40:38067|dataStream:10.1.0.40:34129|priority:0|startupRole:FOLLOWER, 399773cb-fecd-40e3-a3a3-0a72d991f432|rpc:10.1.0.40:46155|dataStream:10.1.0.40:41261|priority:0|startupRole:FOLLOWER, 31377470-4be3-4e7f-893b-aea4cf46f3a2|rpc:10.1.0.40:38467|dataStream:10.1.0.40:33959|priority:1|startupRole:FOLLOWER]|listeners:[], old=null
2023-03-29 22:45:53,310 [pool-898-thread-1] INFO  server.RaftServer$Division (RaftServerImpl.java:setRole(321)) - 399773cb-fecd-40e3-a3a3-0a72d991f432@group-8C295BA8EDD8: changes role from      null to FOLLOWER at term 0 for startAsFollower
2023-03-29 22:45:53,310 [pool-898-thread-1] INFO  impl.RoleInfo (RoleInfo.java:updateAndGet(139)) - 399773cb-fecd-40e3-a3a3-0a72d991f432: start 399773cb-fecd-40e3-a3a3-0a72d991f432@group-8C295BA8EDD8-FollowerState
2023-03-29 22:45:53,312 [pool-898-thread-1] INFO  util.JmxRegister (JmxRegister.java:tryRegister(44)) - Successfully registered JMX Bean with object name Ratis:service=RaftServer,group=group-8C295BA8EDD8,id=399773cb-fecd-40e3-a3a3-0a72d991f432
2023-03-29 22:45:53,312 [pool-898-thread-1] INFO  server.RaftServerConfigKeys (ConfUtils.java:logGet(46)) - raft.server.snapshot.auto.trigger.enabled = true (custom)
2023-03-29 22:45:53,313 [pool-898-thread-1] INFO  server.RaftServerConfigKeys (ConfUtils.java:logGet(46)) - raft.server.snapshot.auto.trigger.threshold = 10000 (custom)
2023-03-29 22:45:53,313 [pool-898-thread-1] INFO  server.RaftServerConfigKeys (ConfUtils.java:logGet(46)) - raft.server.snapshot.retention.file.num = 5 (custom)
2023-03-29 22:45:53,313 [pool-898-thread-1] INFO  server.RaftServerConfigKeys (ConfUtils.java:logGet(46)) - raft.server.log.purge.upto.snapshot.index = false (default)
2023-03-29 22:45:53,313 [399773cb-fecd-40e3-a3a3-0a72d991f432@group-8C295BA8EDD8-FollowerState] INFO  server.RaftServerConfigKeys (ConfUtils.java:logFallback(53)) - raft.server.rpc.first-election.timeout.min = 5s (fallback to raft.server.rpc.timeout.min)
2023-03-29 22:45:53,318 [399773cb-fecd-40e3-a3a3-0a72d991f432@group-8C295BA8EDD8-FollowerState] INFO  server.RaftServerConfigKeys (ConfUtils.java:logFallback(53)) - raft.server.rpc.first-election.timeout.max = 5200ms (fallback to raft.server.rpc.timeout.max)
2023-03-29 22:45:53,326 [Command processor thread] INFO  commandhandler.CreatePipelineCommandHandler (CreatePipelineCommandHandler.java:handle(113)) - Created Pipeline RATIS THREE PipelineID=04ce0540-d0a1-42e0-839d-8c295ba8edd8.
2023-03-29 22:45:53,326 [Command processor thread] INFO  server.RaftServer (RaftServerProxy.java:addNew(96)) - 1b03df48-31d6-4d50-bcfe-06272533350b: addNew group-715515AC4EA0:[1b03df48-31d6-4d50-bcfe-06272533350b|rpc:10.1.0.40:38067|dataStream:10.1.0.40:34129|priority:0|startupRole:FOLLOWER, 399773cb-fecd-40e3-a3a3-0a72d991f432|rpc:10.1.0.40:46155|dataStream:10.1.0.40:41261|priority:1|startupRole:FOLLOWER, 31377470-4be3-4e7f-893b-aea4cf46f3a2|rpc:10.1.0.40:38467|dataStream:10.1.0.40:33959|priority:0|startupRole:FOLLOWER] returns group-715515AC4EA0:java.util.concurrent.CompletableFuture@673decc1[Not completed]
2023-03-29 22:45:53,327 [pool-854-thread-1] INFO  server.RaftServer$Division (RaftServerImpl.java:<init>(195)) - 1b03df48-31d6-4d50-bcfe-06272533350b: new RaftServerImpl for group-715515AC4EA0:[1b03df48-31d6-4d50-bcfe-06272533350b|rpc:10.1.0.40:38067|dataStream:10.1.0.40:34129|priority:0|startupRole:FOLLOWER, 399773cb-fecd-40e3-a3a3-0a72d991f432|rpc:10.1.0.40:46155|dataStream:10.1.0.40:41261|priority:1|startupRole:FOLLOWER, 31377470-4be3-4e7f-893b-aea4cf46f3a2|rpc:10.1.0.40:38467|dataStream:10.1.0.40:33959|priority:0|startupRole:FOLLOWER] with ContainerStateMachine:uninitialized
2023-03-29 22:45:53,327 [pool-854-thread-1] INFO  server.RaftServerConfigKeys (ConfUtils.java:logGet(46)) - raft.server.rpc.timeout.min = 5s (custom)
2023-03-29 22:45:53,327 [pool-854-thread-1] INFO  server.RaftServerConfigKeys (ConfUtils.java:logGet(46)) - raft.server.rpc.timeout.max = 5200ms (custom)
2023-03-29 22:45:53,327 [pool-854-thread-1] INFO  server.RaftServerConfigKeys (ConfUtils.java:logGet(46)) - raft.server.rpc.sleep.time = 25ms (default)
2023-03-29 22:45:53,327 [pool-854-thread-1] INFO  server.RaftServerConfigKeys (ConfUtils.java:logGet(46)) - raft.server.rpc.slowness.timeout = 300s (custom)
2023-03-29 22:45:53,327 [pool-854-thread-1] INFO  server.RaftServerConfigKeys (ConfUtils.java:logGet(46)) - raft.server.leaderelection.leader.step-down.wait-time = 10s (default)
2023-03-29 22:45:53,327 [pool-854-thread-1] INFO  server.RaftServerConfigKeys (ConfUtils.java:logGet(46)) - raft.server.sleep.deviation.threshold = 300ms (default)
2023-03-29 22:45:53,327 [pool-854-thread-1] INFO  server.RaftServer$Division (ServerState.java:<init>(118)) - 1b03df48-31d6-4d50-bcfe-06272533350b@group-715515AC4EA0: ConfigurationManager, init=-1: peers:[1b03df48-31d6-4d50-bcfe-06272533350b|rpc:10.1.0.40:38067|dataStream:10.1.0.40:34129|priority:0|startupRole:FOLLOWER, 399773cb-fecd-40e3-a3a3-0a72d991f432|rpc:10.1.0.40:46155|dataStream:10.1.0.40:41261|priority:1|startupRole:FOLLOWER, 31377470-4be3-4e7f-893b-aea4cf46f3a2|rpc:10.1.0.40:38467|dataStream:10.1.0.40:33959|priority:0|startupRole:FOLLOWER]|listeners:[], old=null, confs=<EMPTY_MAP>
2023-03-29 22:45:53,328 [pool-854-thread-1] INFO  server.RaftServerConfigKeys (ConfUtils.java:logGet(46)) - raft.server.storage.dir = [/home/runner/work/ozone/ozone/hadoop-ozone/integration-test/target/test-dir/MiniOzoneClusterImpl-8ae17f6e-7b8d-4fcc-9253-feb95f7e1717/datanode-0/data/ratis] (custom)
2023-03-29 22:45:53,328 [pool-854-thread-1] INFO  server.RaftServerConfigKeys (ConfUtils.java:logGet(46)) - raft.server.log.corruption.policy = EXCEPTION (default)
2023-03-29 22:45:53,328 [pool-854-thread-1] INFO  server.RaftServerConfigKeys (ConfUtils.java:logGet(46)) - raft.server.storage.free-space.min = 0MB (=0) (default)
2023-03-29 22:45:53,328 [pool-854-thread-1] INFO  server.RaftServerConfigKeys (ConfUtils.java:logGet(46)) - raft.server.notification.no-leader.timeout = 300s (custom)
2023-03-29 22:45:53,328 [pool-854-thread-1] INFO  server.RaftServerConfigKeys (ConfUtils.java:logGet(46)) - raft.server.retrycache.expirytime = 600000ms (custom)
2023-03-29 22:45:53,328 [pool-854-thread-1] INFO  server.RaftServerConfigKeys (ConfUtils.java:logGet(46)) - raft.server.retrycache.statistics.expirytime = 100μs (default)
2023-03-29 22:45:53,329 [pool-854-thread-1] INFO  server.RaftServerConfigKeys (ConfUtils.java:logGet(46)) - raft.server.log.appender.install.snapshot.enabled = false (custom)
2023-03-29 22:45:53,329 [pool-854-thread-1] INFO  server.RaftServerConfigKeys (ConfUtils.java:logGet(46)) - raft.server.threadpool.server.cached = true (default)
2023-03-29 22:45:53,329 [pool-854-thread-1] INFO  server.RaftServerConfigKeys (ConfUtils.java:logGet(46)) - raft.server.threadpool.server.size = 0 (default)
2023-03-29 22:45:53,329 [pool-854-thread-1] INFO  server.RaftServerConfigKeys (ConfUtils.java:logGet(46)) - raft.server.threadpool.client.cached = true (default)
2023-03-29 22:45:53,329 [pool-854-thread-1] INFO  server.RaftServerConfigKeys (ConfUtils.java:logGet(46)) - raft.server.threadpool.client.size = 0 (default)
2023-03-29 22:45:53,329 [pool-854-thread-1] INFO  storage.RaftStorageDirectory (RaftStorageDirectoryImpl.java:analyzeStorage(137)) - The storage directory /home/runner/work/ozone/ozone/hadoop-ozone/integration-test/target/test-dir/MiniOzoneClusterImpl-8ae17f6e-7b8d-4fcc-9253-feb95f7e1717/datanode-0/data/ratis/fbea81ca-d65e-471f-ab84-715515ac4ea0 does not exist. Creating ...
2023-03-29 22:45:53,331 [pool-854-thread-1] INFO  storage.RaftStorageDirectory (RaftStorageDirectoryImpl.java:tryLock(231)) - Lock on /home/runner/work/ozone/ozone/hadoop-ozone/integration-test/target/test-dir/MiniOzoneClusterImpl-8ae17f6e-7b8d-4fcc-9253-feb95f7e1717/datanode-0/data/ratis/fbea81ca-d65e-471f-ab84-715515ac4ea0/in_use.lock acquired by nodename 4032@fv-az377-460
2023-03-29 22:45:53,334 [pool-854-thread-1] INFO  storage.RaftStorage (RaftStorageImpl.java:format(96)) - Storage directory /home/runner/work/ozone/ozone/hadoop-ozone/integration-test/target/test-dir/MiniOzoneClusterImpl-8ae17f6e-7b8d-4fcc-9253-feb95f7e1717/datanode-0/data/ratis/fbea81ca-d65e-471f-ab84-715515ac4ea0 has been successfully formatted.
2023-03-29 22:45:53,334 [pool-854-thread-1] INFO  ratis.ContainerStateMachine (ContainerStateMachine.java:loadSnapshot(262)) - group-715515AC4EA0: The snapshot info is null. Setting the last applied indexto:(t:0, i:~)
2023-03-29 22:45:53,334 [pool-854-thread-1] INFO  server.RaftServerConfigKeys (ConfUtils.java:logGet(46)) - raft.server.log.use.memory = false (default)
2023-03-29 22:45:53,334 [pool-854-thread-1] INFO  server.RaftServerConfigKeys (ConfUtils.java:logGet(46)) - raft.server.log.purge.gap = 1000000 (custom)
2023-03-29 22:45:53,334 [pool-854-thread-1] INFO  server.RaftServerConfigKeys (ConfUtils.java:logGet(46)) - raft.server.log.appender.buffer.byte-limit = 33554432 (custom)
2023-03-29 22:45:53,334 [pool-854-thread-1] INFO  server.RaftServerConfigKeys (ConfUtils.java:logGet(46)) - raft.server.log.statemachine.data.read.timeout = 1000ms (default)
2023-03-29 22:45:53,334 [pool-854-thread-1] INFO  server.RaftServerConfigKeys (ConfUtils.java:logGet(46)) - raft.server.log.purge.preservation.log.num = 0 (default)
2023-03-29 22:45:53,335 [pool-854-thread-1] INFO  server.RaftServerConfigKeys (ConfUtils.java:logGet(46)) - raft.server.log.segment.size.max = 1048576 (custom)
2023-03-29 22:45:53,335 [pool-854-thread-1] INFO  server.RaftServerConfigKeys (ConfUtils.java:logGet(46)) - raft.server.log.segment.cache.num.max = 2 (custom)
2023-03-29 22:45:53,335 [pool-854-thread-1] INFO  server.RaftServerConfigKeys (ConfUtils.java:logGet(46)) - raft.server.log.segment.cache.size.max = 200MB (=209715200) (default)
2023-03-29 22:45:53,335 [pool-854-thread-1] INFO  segmented.SegmentedRaftLogWorker (SegmentedRaftLogWorker.java:<init>(189)) - new 1b03df48-31d6-4d50-bcfe-06272533350b@group-715515AC4EA0-SegmentedRaftLogWorker for RaftStorageImpl:Storage Directory /home/runner/work/ozone/ozone/hadoop-ozone/integration-test/target/test-dir/MiniOzoneClusterImpl-8ae17f6e-7b8d-4fcc-9253-feb95f7e1717/datanode-0/data/ratis/fbea81ca-d65e-471f-ab84-715515ac4ea0
2023-03-29 22:45:53,335 [pool-854-thread-1] INFO  server.RaftServerConfigKeys (ConfUtils.java:logGet(46)) - raft.server.log.queue.byte-limit = 4294967296 (custom)
2023-03-29 22:45:53,335 [pool-854-thread-1] INFO  server.RaftServerConfigKeys (ConfUtils.java:logGet(46)) - raft.server.log.queue.element-limit = 1024 (custom)
2023-03-29 22:45:53,335 [pool-854-thread-1] INFO  server.RaftServerConfigKeys (ConfUtils.java:logGet(46)) - raft.server.log.segment.size.max = 1048576 (custom)
2023-03-29 22:45:53,335 [pool-854-thread-1] INFO  server.RaftServerConfigKeys (ConfUtils.java:logGet(46)) - raft.server.log.preallocated.size = 16384 (custom)
2023-03-29 22:45:53,335 [pool-854-thread-1] INFO  server.RaftServerConfigKeys (ConfUtils.java:logGet(46)) - raft.server.log.force.sync.num = 128 (default)
2023-03-29 22:45:53,335 [pool-854-thread-1] INFO  server.RaftServerConfigKeys (ConfUtils.java:logGet(46)) - raft.server.log.statemachine.data.sync = true (default)
2023-03-29 22:45:53,335 [pool-854-thread-1] INFO  server.RaftServerConfigKeys (ConfUtils.java:logGet(46)) - raft.server.log.statemachine.data.sync.timeout = 10s (default)
2023-03-29 22:45:53,335 [pool-854-thread-1] INFO  server.RaftServerConfigKeys (ConfUtils.java:logGet(46)) - raft.server.log.statemachine.data.sync.timeout.retry = -1 (default)
2023-03-29 22:45:53,336 [pool-854-thread-1] INFO  server.RaftServerConfigKeys (ConfUtils.java:logGet(46)) - raft.server.log.write.buffer.size = 1048576 (custom)
2023-03-29 22:45:53,337 [pool-854-thread-1] INFO  server.RaftServerConfigKeys (ConfUtils.java:logGet(46)) - raft.server.log.appender.buffer.byte-limit = 33554432 (custom)
2023-03-29 22:45:53,338 [EventQueue-OpenPipelineForHealthyPipelineSafeModeRule] INFO  safemode.SCMSafeModeManager (HealthyPipelineSafeModeRule.java:process(137)) - SCM in safe mode. Healthy pipelines reported count is 0, required healthy pipeline reported count is 1
2023-03-29 22:45:53,343 [pool-854-thread-1] INFO  server.RaftServerConfigKeys (ConfUtils.java:logGet(46)) - raft.server.log.unsafe-flush.enabled = false (default)
2023-03-29 22:45:53,344 [pool-854-thread-1] INFO  server.RaftServerConfigKeys (ConfUtils.java:logGet(46)) - raft.server.log.async-flush.enabled = false (default)
2023-03-29 22:45:53,344 [pool-854-thread-1] INFO  server.RaftServerConfigKeys (ConfUtils.java:logGet(46)) - raft.server.log.statemachine.data.caching.enabled = true (custom)
2023-03-29 22:45:53,344 [pool-854-thread-1] INFO  segmented.SegmentedRaftLogWorker (SegmentedRaftLogWorker.java:lambda$new$0(135)) - 1b03df48-31d6-4d50-bcfe-06272533350b@group-715515AC4EA0-SegmentedRaftLogWorker: flushIndex: setUnconditionally 0 -> -1
2023-03-29 22:45:53,344 [pool-854-thread-1] INFO  segmented.SegmentedRaftLogWorker (SegmentedRaftLogWorker.java:lambda$new$0(135)) - 1b03df48-31d6-4d50-bcfe-06272533350b@group-715515AC4EA0-SegmentedRaftLogWorker: safeCacheEvictIndex: setUnconditionally 0 -> -1
2023-03-29 22:45:53,344 [pool-854-thread-1] INFO  server.RaftServer$Division (RaftServerImpl.java:start(334)) - 1b03df48-31d6-4d50-bcfe-06272533350b@group-715515AC4EA0: start as a follower, conf=-1: peers:[1b03df48-31d6-4d50-bcfe-06272533350b|rpc:10.1.0.40:38067|dataStream:10.1.0.40:34129|priority:0|startupRole:FOLLOWER, 399773cb-fecd-40e3-a3a3-0a72d991f432|rpc:10.1.0.40:46155|dataStream:10.1.0.40:41261|priority:1|startupRole:FOLLOWER, 31377470-4be3-4e7f-893b-aea4cf46f3a2|rpc:10.1.0.40:38467|dataStream:10.1.0.40:33959|priority:0|startupRole:FOLLOWER]|listeners:[], old=null
2023-03-29 22:45:53,344 [pool-854-thread-1] INFO  server.RaftServer$Division (RaftServerImpl.java:setRole(321)) - 1b03df48-31d6-4d50-bcfe-06272533350b@group-715515AC4EA0: changes role from      null to FOLLOWER at term 0 for startAsFollower
2023-03-29 22:45:53,345 [pool-854-thread-1] INFO  impl.RoleInfo (RoleInfo.java:updateAndGet(139)) - 1b03df48-31d6-4d50-bcfe-06272533350b: start 1b03df48-31d6-4d50-bcfe-06272533350b@group-715515AC4EA0-FollowerState
2023-03-29 22:45:53,348 [pool-854-thread-1] INFO  util.JmxRegister (JmxRegister.java:tryRegister(44)) - Successfully registered JMX Bean with object name Ratis:service=RaftServer,group=group-715515AC4EA0,id=1b03df48-31d6-4d50-bcfe-06272533350b
2023-03-29 22:45:53,348 [pool-854-thread-1] INFO  server.RaftServerConfigKeys (ConfUtils.java:logGet(46)) - raft.server.snapshot.auto.trigger.enabled = true (custom)
2023-03-29 22:45:53,348 [pool-854-thread-1] INFO  server.RaftServerConfigKeys (ConfUtils.java:logGet(46)) - raft.server.snapshot.auto.trigger.threshold = 10000 (custom)
2023-03-29 22:45:53,348 [pool-854-thread-1] INFO  server.RaftServerConfigKeys (ConfUtils.java:logGet(46)) - raft.server.snapshot.retention.file.num = 5 (custom)
2023-03-29 22:45:53,348 [pool-854-thread-1] INFO  server.RaftServerConfigKeys (ConfUtils.java:logGet(46)) - raft.server.log.purge.upto.snapshot.index = false (default)
2023-03-29 22:45:53,348 [Command processor thread] INFO  ratis.XceiverServerRatis (XceiverServerRatis.java:addGroup(806)) - Created group PipelineID=fbea81ca-d65e-471f-ab84-715515ac4ea0
2023-03-29 22:45:53,349 [1b03df48-31d6-4d50-bcfe-06272533350b@group-715515AC4EA0-FollowerState] INFO  server.RaftServerConfigKeys (ConfUtils.java:logFallback(53)) - raft.server.rpc.first-election.timeout.min = 5s (fallback to raft.server.rpc.timeout.min)
2023-03-29 22:45:53,349 [1b03df48-31d6-4d50-bcfe-06272533350b@group-715515AC4EA0-FollowerState] INFO  server.RaftServerConfigKeys (ConfUtils.java:logFallback(53)) - raft.server.rpc.first-election.timeout.max = 5200ms (fallback to raft.server.rpc.timeout.max)
2023-03-29 22:45:53,360 [grpc-default-executor-4] INFO  server.RaftServer (RaftServerProxy.java:addNew(96)) - 399773cb-fecd-40e3-a3a3-0a72d991f432: addNew group-715515AC4EA0:[1b03df48-31d6-4d50-bcfe-06272533350b|rpc:10.1.0.40:38067|dataStream:10.1.0.40:34129|priority:0|startupRole:FOLLOWER, 399773cb-fecd-40e3-a3a3-0a72d991f432|rpc:10.1.0.40:46155|dataStream:10.1.0.40:41261|priority:1|startupRole:FOLLOWER, 31377470-4be3-4e7f-893b-aea4cf46f3a2|rpc:10.1.0.40:38467|dataStream:10.1.0.40:33959|priority:0|startupRole:FOLLOWER] returns group-715515AC4EA0:java.util.concurrent.CompletableFuture@331bd47c[Not completed]
2023-03-29 22:45:53,361 [pool-898-thread-1] INFO  server.RaftServer$Division (RaftServerImpl.java:<init>(195)) - 399773cb-fecd-40e3-a3a3-0a72d991f432: new RaftServerImpl for group-715515AC4EA0:[1b03df48-31d6-4d50-bcfe-06272533350b|rpc:10.1.0.40:38067|dataStream:10.1.0.40:34129|priority:0|startupRole:FOLLOWER, 399773cb-fecd-40e3-a3a3-0a72d991f432|rpc:10.1.0.40:46155|dataStream:10.1.0.40:41261|priority:1|startupRole:FOLLOWER, 31377470-4be3-4e7f-893b-aea4cf46f3a2|rpc:10.1.0.40:38467|dataStream:10.1.0.40:33959|priority:0|startupRole:FOLLOWER] with ContainerStateMachine:uninitialized
2023-03-29 22:45:53,361 [pool-898-thread-1] INFO  server.RaftServerConfigKeys (ConfUtils.java:logGet(46)) - raft.server.rpc.timeout.min = 5s (custom)
2023-03-29 22:45:53,361 [pool-898-thread-1] INFO  server.RaftServerConfigKeys (ConfUtils.java:logGet(46)) - raft.server.rpc.timeout.max = 5200ms (custom)
2023-03-29 22:45:53,361 [pool-898-thread-1] INFO  server.RaftServerConfigKeys (ConfUtils.java:logGet(46)) - raft.server.rpc.sleep.time = 25ms (default)
2023-03-29 22:45:53,361 [pool-898-thread-1] INFO  server.RaftServerConfigKeys (ConfUtils.java:logGet(46)) - raft.server.rpc.slowness.timeout = 300s (custom)
2023-03-29 22:45:53,361 [pool-898-thread-1] INFO  server.RaftServerConfigKeys (ConfUtils.java:logGet(46)) - raft.server.leaderelection.leader.step-down.wait-time = 10s (default)
2023-03-29 22:45:53,361 [pool-898-thread-1] INFO  server.RaftServerConfigKeys (ConfUtils.java:logGet(46)) - raft.server.sleep.deviation.threshold = 300ms (default)
2023-03-29 22:45:53,361 [pool-898-thread-1] INFO  server.RaftServer$Division (ServerState.java:<init>(118)) - 399773cb-fecd-40e3-a3a3-0a72d991f432@group-715515AC4EA0: ConfigurationManager, init=-1: peers:[1b03df48-31d6-4d50-bcfe-06272533350b|rpc:10.1.0.40:38067|dataStream:10.1.0.40:34129|priority:0|startupRole:FOLLOWER, 399773cb-fecd-40e3-a3a3-0a72d991f432|rpc:10.1.0.40:46155|dataStream:10.1.0.40:41261|priority:1|startupRole:FOLLOWER, 31377470-4be3-4e7f-893b-aea4cf46f3a2|rpc:10.1.0.40:38467|dataStream:10.1.0.40:33959|priority:0|startupRole:FOLLOWER]|listeners:[], old=null, confs=<EMPTY_MAP>
2023-03-29 22:45:53,361 [pool-898-thread-1] INFO  server.RaftServerConfigKeys (ConfUtils.java:logGet(46)) - raft.server.storage.dir = [/home/runner/work/ozone/ozone/hadoop-ozone/integration-test/target/test-dir/MiniOzoneClusterImpl-8ae17f6e-7b8d-4fcc-9253-feb95f7e1717/datanode-2/data/ratis] (custom)
2023-03-29 22:45:53,362 [pool-898-thread-1] INFO  server.RaftServerConfigKeys (ConfUtils.java:logGet(46)) - raft.server.log.corruption.policy = EXCEPTION (default)
2023-03-29 22:45:53,362 [pool-898-thread-1] INFO  server.RaftServerConfigKeys (ConfUtils.java:logGet(46)) - raft.server.storage.free-space.min = 0MB (=0) (default)
2023-03-29 22:45:53,362 [pool-898-thread-1] INFO  server.RaftServerConfigKeys (ConfUtils.java:logGet(46)) - raft.server.notification.no-leader.timeout = 300s (custom)
2023-03-29 22:45:53,362 [pool-898-thread-1] INFO  server.RaftServerConfigKeys (ConfUtils.java:logGet(46)) - raft.server.retrycache.expirytime = 600000ms (custom)
2023-03-29 22:45:53,362 [pool-898-thread-1] INFO  server.RaftServerConfigKeys (ConfUtils.java:logGet(46)) - raft.server.retrycache.statistics.expirytime = 100μs (default)
2023-03-29 22:45:53,363 [pool-898-thread-1] INFO  server.RaftServerConfigKeys (ConfUtils.java:logGet(46)) - raft.server.log.appender.install.snapshot.enabled = false (custom)
2023-03-29 22:45:53,363 [pool-898-thread-1] INFO  server.RaftServerConfigKeys (ConfUtils.java:logGet(46)) - raft.server.threadpool.server.cached = true (default)
2023-03-29 22:45:53,363 [pool-898-thread-1] INFO  server.RaftServerConfigKeys (ConfUtils.java:logGet(46)) - raft.server.threadpool.server.size = 0 (default)
2023-03-29 22:45:53,363 [pool-898-thread-1] INFO  server.RaftServerConfigKeys (ConfUtils.java:logGet(46)) - raft.server.threadpool.client.cached = true (default)
2023-03-29 22:45:53,363 [pool-898-thread-1] INFO  server.RaftServerConfigKeys (ConfUtils.java:logGet(46)) - raft.server.threadpool.client.size = 0 (default)
2023-03-29 22:45:53,363 [pool-898-thread-1] INFO  storage.RaftStorageDirectory (RaftStorageDirectoryImpl.java:analyzeStorage(137)) - The storage directory /home/runner/work/ozone/ozone/hadoop-ozone/integration-test/target/test-dir/MiniOzoneClusterImpl-8ae17f6e-7b8d-4fcc-9253-feb95f7e1717/datanode-2/data/ratis/fbea81ca-d65e-471f-ab84-715515ac4ea0 does not exist. Creating ...
2023-03-29 22:45:53,365 [pool-898-thread-1] INFO  storage.RaftStorageDirectory (RaftStorageDirectoryImpl.java:tryLock(231)) - Lock on /home/runner/work/ozone/ozone/hadoop-ozone/integration-test/target/test-dir/MiniOzoneClusterImpl-8ae17f6e-7b8d-4fcc-9253-feb95f7e1717/datanode-2/data/ratis/fbea81ca-d65e-471f-ab84-715515ac4ea0/in_use.lock acquired by nodename 4032@fv-az377-460
2023-03-29 22:45:53,367 [pool-898-thread-1] INFO  storage.RaftStorage (RaftStorageImpl.java:format(96)) - Storage directory /home/runner/work/ozone/ozone/hadoop-ozone/integration-test/target/test-dir/MiniOzoneClusterImpl-8ae17f6e-7b8d-4fcc-9253-feb95f7e1717/datanode-2/data/ratis/fbea81ca-d65e-471f-ab84-715515ac4ea0 has been successfully formatted.
2023-03-29 22:45:53,369 [pool-898-thread-1] INFO  ratis.ContainerStateMachine (ContainerStateMachine.java:loadSnapshot(262)) - group-715515AC4EA0: The snapshot info is null. Setting the last applied indexto:(t:0, i:~)
2023-03-29 22:45:53,369 [pool-898-thread-1] INFO  server.RaftServerConfigKeys (ConfUtils.java:logGet(46)) - raft.server.log.use.memory = false (default)
2023-03-29 22:45:53,369 [pool-898-thread-1] INFO  server.RaftServerConfigKeys (ConfUtils.java:logGet(46)) - raft.server.log.purge.gap = 1000000 (custom)
2023-03-29 22:45:53,369 [pool-898-thread-1] INFO  server.RaftServerConfigKeys (ConfUtils.java:logGet(46)) - raft.server.log.appender.buffer.byte-limit = 33554432 (custom)
2023-03-29 22:45:53,369 [pool-898-thread-1] INFO  server.RaftServerConfigKeys (ConfUtils.java:logGet(46)) - raft.server.log.statemachine.data.read.timeout = 1000ms (default)
2023-03-29 22:45:53,369 [pool-898-thread-1] INFO  server.RaftServerConfigKeys (ConfUtils.java:logGet(46)) - raft.server.log.purge.preservation.log.num = 0 (default)
2023-03-29 22:45:53,369 [pool-898-thread-1] INFO  server.RaftServerConfigKeys (ConfUtils.java:logGet(46)) - raft.server.log.segment.size.max = 1048576 (custom)
2023-03-29 22:45:53,369 [pool-898-thread-1] INFO  server.RaftServerConfigKeys (ConfUtils.java:logGet(46)) - raft.server.log.segment.cache.num.max = 2 (custom)
2023-03-29 22:45:53,369 [pool-898-thread-1] INFO  server.RaftServerConfigKeys (ConfUtils.java:logGet(46)) - raft.server.log.segment.cache.size.max = 200MB (=209715200) (default)
2023-03-29 22:45:53,370 [pool-898-thread-1] INFO  segmented.SegmentedRaftLogWorker (SegmentedRaftLogWorker.java:<init>(189)) - new 399773cb-fecd-40e3-a3a3-0a72d991f432@group-715515AC4EA0-SegmentedRaftLogWorker for RaftStorageImpl:Storage Directory /home/runner/work/ozone/ozone/hadoop-ozone/integration-test/target/test-dir/MiniOzoneClusterImpl-8ae17f6e-7b8d-4fcc-9253-feb95f7e1717/datanode-2/data/ratis/fbea81ca-d65e-471f-ab84-715515ac4ea0
2023-03-29 22:45:53,370 [pool-898-thread-1] INFO  server.RaftServerConfigKeys (ConfUtils.java:logGet(46)) - raft.server.log.queue.byte-limit = 4294967296 (custom)
2023-03-29 22:45:53,370 [pool-898-thread-1] INFO  server.RaftServerConfigKeys (ConfUtils.java:logGet(46)) - raft.server.log.queue.element-limit = 1024 (custom)
2023-03-29 22:45:53,370 [pool-898-thread-1] INFO  server.RaftServerConfigKeys (ConfUtils.java:logGet(46)) - raft.server.log.segment.size.max = 1048576 (custom)
2023-03-29 22:45:53,370 [pool-898-thread-1] INFO  server.RaftServerConfigKeys (ConfUtils.java:logGet(46)) - raft.server.log.preallocated.size = 16384 (custom)
2023-03-29 22:45:53,370 [pool-898-thread-1] INFO  server.RaftServerConfigKeys (ConfUtils.java:logGet(46)) - raft.server.log.force.sync.num = 128 (default)
2023-03-29 22:45:53,370 [pool-898-thread-1] INFO  server.RaftServerConfigKeys (ConfUtils.java:logGet(46)) - raft.server.log.statemachine.data.sync = true (default)
2023-03-29 22:45:53,370 [pool-898-thread-1] INFO  server.RaftServerConfigKeys (ConfUtils.java:logGet(46)) - raft.server.log.statemachine.data.sync.timeout = 10s (default)
2023-03-29 22:45:53,370 [pool-898-thread-1] INFO  server.RaftServerConfigKeys (ConfUtils.java:logGet(46)) - raft.server.log.statemachine.data.sync.timeout.retry = -1 (default)
2023-03-29 22:45:53,371 [pool-898-thread-1] INFO  server.RaftServerConfigKeys (ConfUtils.java:logGet(46)) - raft.server.log.write.buffer.size = 1048576 (custom)
2023-03-29 22:45:53,372 [pool-898-thread-1] INFO  server.RaftServerConfigKeys (ConfUtils.java:logGet(46)) - raft.server.log.appender.buffer.byte-limit = 33554432 (custom)
2023-03-29 22:45:53,378 [pool-898-thread-1] INFO  server.RaftServerConfigKeys (ConfUtils.java:logGet(46)) - raft.server.log.unsafe-flush.enabled = false (default)
2023-03-29 22:45:53,378 [pool-898-thread-1] INFO  server.RaftServerConfigKeys (ConfUtils.java:logGet(46)) - raft.server.log.async-flush.enabled = false (default)
2023-03-29 22:45:53,378 [pool-898-thread-1] INFO  server.RaftServerConfigKeys (ConfUtils.java:logGet(46)) - raft.server.log.statemachine.data.caching.enabled = true (custom)
2023-03-29 22:45:53,378 [pool-898-thread-1] INFO  segmented.SegmentedRaftLogWorker (SegmentedRaftLogWorker.java:lambda$new$0(135)) - 399773cb-fecd-40e3-a3a3-0a72d991f432@group-715515AC4EA0-SegmentedRaftLogWorker: flushIndex: setUnconditionally 0 -> -1
2023-03-29 22:45:53,378 [pool-898-thread-1] INFO  segmented.SegmentedRaftLogWorker (SegmentedRaftLogWorker.java:lambda$new$0(135)) - 399773cb-fecd-40e3-a3a3-0a72d991f432@group-715515AC4EA0-SegmentedRaftLogWorker: safeCacheEvictIndex: setUnconditionally 0 -> -1
2023-03-29 22:45:53,379 [pool-898-thread-1] INFO  server.RaftServer$Division (RaftServerImpl.java:start(334)) - 399773cb-fecd-40e3-a3a3-0a72d991f432@group-715515AC4EA0: start as a follower, conf=-1: peers:[1b03df48-31d6-4d50-bcfe-06272533350b|rpc:10.1.0.40:38067|dataStream:10.1.0.40:34129|priority:0|startupRole:FOLLOWER, 399773cb-fecd-40e3-a3a3-0a72d991f432|rpc:10.1.0.40:46155|dataStream:10.1.0.40:41261|priority:1|startupRole:FOLLOWER, 31377470-4be3-4e7f-893b-aea4cf46f3a2|rpc:10.1.0.40:38467|dataStream:10.1.0.40:33959|priority:0|startupRole:FOLLOWER]|listeners:[], old=null
2023-03-29 22:45:53,379 [pool-898-thread-1] INFO  server.RaftServer$Division (RaftServerImpl.java:setRole(321)) - 399773cb-fecd-40e3-a3a3-0a72d991f432@group-715515AC4EA0: changes role from      null to FOLLOWER at term 0 for startAsFollower
2023-03-29 22:45:53,379 [pool-898-thread-1] INFO  impl.RoleInfo (RoleInfo.java:updateAndGet(139)) - 399773cb-fecd-40e3-a3a3-0a72d991f432: start 399773cb-fecd-40e3-a3a3-0a72d991f432@group-715515AC4EA0-FollowerState
2023-03-29 22:45:53,381 [pool-898-thread-1] INFO  util.JmxRegister (JmxRegister.java:tryRegister(44)) - Successfully registered JMX Bean with object name Ratis:service=RaftServer,group=group-715515AC4EA0,id=399773cb-fecd-40e3-a3a3-0a72d991f432
2023-03-29 22:45:53,382 [pool-898-thread-1] INFO  server.RaftServerConfigKeys (ConfUtils.java:logGet(46)) - raft.server.snapshot.auto.trigger.enabled = true (custom)
2023-03-29 22:45:53,382 [pool-898-thread-1] INFO  server.RaftServerConfigKeys (ConfUtils.java:logGet(46)) - raft.server.snapshot.auto.trigger.threshold = 10000 (custom)
2023-03-29 22:45:53,382 [pool-898-thread-1] INFO  server.RaftServerConfigKeys (ConfUtils.java:logGet(46)) - raft.server.snapshot.retention.file.num = 5 (custom)
2023-03-29 22:45:53,382 [pool-898-thread-1] INFO  server.RaftServerConfigKeys (ConfUtils.java:logGet(46)) - raft.server.log.purge.upto.snapshot.index = false (default)
2023-03-29 22:45:53,382 [399773cb-fecd-40e3-a3a3-0a72d991f432@group-715515AC4EA0-FollowerState] INFO  server.RaftServerConfigKeys (ConfUtils.java:logFallback(53)) - raft.server.rpc.first-election.timeout.min = 5s (fallback to raft.server.rpc.timeout.min)
2023-03-29 22:45:53,395 [399773cb-fecd-40e3-a3a3-0a72d991f432@group-715515AC4EA0-FollowerState] INFO  server.RaftServerConfigKeys (ConfUtils.java:logFallback(53)) - raft.server.rpc.first-election.timeout.max = 5200ms (fallback to raft.server.rpc.timeout.max)
2023-03-29 22:45:53,409 [grpc-default-executor-4] INFO  server.RaftServer (RaftServerProxy.java:addNew(96)) - 31377470-4be3-4e7f-893b-aea4cf46f3a2: addNew group-715515AC4EA0:[1b03df48-31d6-4d50-bcfe-06272533350b|rpc:10.1.0.40:38067|dataStream:10.1.0.40:34129|priority:0|startupRole:FOLLOWER, 399773cb-fecd-40e3-a3a3-0a72d991f432|rpc:10.1.0.40:46155|dataStream:10.1.0.40:41261|priority:1|startupRole:FOLLOWER, 31377470-4be3-4e7f-893b-aea4cf46f3a2|rpc:10.1.0.40:38467|dataStream:10.1.0.40:33959|priority:0|startupRole:FOLLOWER] returns group-715515AC4EA0:java.util.concurrent.CompletableFuture@45f2a5aa[Not completed]
2023-03-29 22:45:53,410 [pool-876-thread-1] INFO  server.RaftServer$Division (RaftServerImpl.java:<init>(195)) - 31377470-4be3-4e7f-893b-aea4cf46f3a2: new RaftServerImpl for group-715515AC4EA0:[1b03df48-31d6-4d50-bcfe-06272533350b|rpc:10.1.0.40:38067|dataStream:10.1.0.40:34129|priority:0|startupRole:FOLLOWER, 399773cb-fecd-40e3-a3a3-0a72d991f432|rpc:10.1.0.40:46155|dataStream:10.1.0.40:41261|priority:1|startupRole:FOLLOWER, 31377470-4be3-4e7f-893b-aea4cf46f3a2|rpc:10.1.0.40:38467|dataStream:10.1.0.40:33959|priority:0|startupRole:FOLLOWER] with ContainerStateMachine:uninitialized
2023-03-29 22:45:53,410 [pool-876-thread-1] INFO  server.RaftServerConfigKeys (ConfUtils.java:logGet(46)) - raft.server.rpc.timeout.min = 5s (custom)
2023-03-29 22:45:53,410 [pool-876-thread-1] INFO  server.RaftServerConfigKeys (ConfUtils.java:logGet(46)) - raft.server.rpc.timeout.max = 5200ms (custom)
2023-03-29 22:45:53,410 [pool-876-thread-1] INFO  server.RaftServerConfigKeys (ConfUtils.java:logGet(46)) - raft.server.rpc.sleep.time = 25ms (default)
2023-03-29 22:45:53,410 [pool-876-thread-1] INFO  server.RaftServerConfigKeys (ConfUtils.java:logGet(46)) - raft.server.rpc.slowness.timeout = 300s (custom)
2023-03-29 22:45:53,410 [pool-876-thread-1] INFO  server.RaftServerConfigKeys (ConfUtils.java:logGet(46)) - raft.server.leaderelection.leader.step-down.wait-time = 10s (default)
2023-03-29 22:45:53,410 [pool-876-thread-1] INFO  server.RaftServerConfigKeys (ConfUtils.java:logGet(46)) - raft.server.sleep.deviation.threshold = 300ms (default)
2023-03-29 22:45:53,410 [pool-876-thread-1] INFO  server.RaftServer$Division (ServerState.java:<init>(118)) - 31377470-4be3-4e7f-893b-aea4cf46f3a2@group-715515AC4EA0: ConfigurationManager, init=-1: peers:[1b03df48-31d6-4d50-bcfe-06272533350b|rpc:10.1.0.40:38067|dataStream:10.1.0.40:34129|priority:0|startupRole:FOLLOWER, 399773cb-fecd-40e3-a3a3-0a72d991f432|rpc:10.1.0.40:46155|dataStream:10.1.0.40:41261|priority:1|startupRole:FOLLOWER, 31377470-4be3-4e7f-893b-aea4cf46f3a2|rpc:10.1.0.40:38467|dataStream:10.1.0.40:33959|priority:0|startupRole:FOLLOWER]|listeners:[], old=null, confs=<EMPTY_MAP>
2023-03-29 22:45:53,410 [pool-876-thread-1] INFO  server.RaftServerConfigKeys (ConfUtils.java:logGet(46)) - raft.server.storage.dir = [/home/runner/work/ozone/ozone/hadoop-ozone/integration-test/target/test-dir/MiniOzoneClusterImpl-8ae17f6e-7b8d-4fcc-9253-feb95f7e1717/datanode-1/data/ratis] (custom)
2023-03-29 22:45:53,410 [pool-876-thread-1] INFO  server.RaftServerConfigKeys (ConfUtils.java:logGet(46)) - raft.server.log.corruption.policy = EXCEPTION (default)
2023-03-29 22:45:53,410 [pool-876-thread-1] INFO  server.RaftServerConfigKeys (ConfUtils.java:logGet(46)) - raft.server.storage.free-space.min = 0MB (=0) (default)
2023-03-29 22:45:53,410 [pool-876-thread-1] INFO  server.RaftServerConfigKeys (ConfUtils.java:logGet(46)) - raft.server.notification.no-leader.timeout = 300s (custom)
2023-03-29 22:45:53,411 [pool-876-thread-1] INFO  server.RaftServerConfigKeys (ConfUtils.java:logGet(46)) - raft.server.retrycache.expirytime = 600000ms (custom)
2023-03-29 22:45:53,411 [pool-876-thread-1] INFO  server.RaftServerConfigKeys (ConfUtils.java:logGet(46)) - raft.server.retrycache.statistics.expirytime = 100μs (default)
2023-03-29 22:45:53,411 [pool-876-thread-1] INFO  server.RaftServerConfigKeys (ConfUtils.java:logGet(46)) - raft.server.log.appender.install.snapshot.enabled = false (custom)
2023-03-29 22:45:53,411 [pool-876-thread-1] INFO  server.RaftServerConfigKeys (ConfUtils.java:logGet(46)) - raft.server.threadpool.server.cached = true (default)
2023-03-29 22:45:53,411 [pool-876-thread-1] INFO  server.RaftServerConfigKeys (ConfUtils.java:logGet(46)) - raft.server.threadpool.server.size = 0 (default)
2023-03-29 22:45:53,412 [pool-876-thread-1] INFO  server.RaftServerConfigKeys (ConfUtils.java:logGet(46)) - raft.server.threadpool.client.cached = true (default)
2023-03-29 22:45:53,412 [pool-876-thread-1] INFO  server.RaftServerConfigKeys (ConfUtils.java:logGet(46)) - raft.server.threadpool.client.size = 0 (default)
2023-03-29 22:45:53,412 [pool-876-thread-1] INFO  storage.RaftStorageDirectory (RaftStorageDirectoryImpl.java:analyzeStorage(137)) - The storage directory /home/runner/work/ozone/ozone/hadoop-ozone/integration-test/target/test-dir/MiniOzoneClusterImpl-8ae17f6e-7b8d-4fcc-9253-feb95f7e1717/datanode-1/data/ratis/fbea81ca-d65e-471f-ab84-715515ac4ea0 does not exist. Creating ...
2023-03-29 22:45:53,418 [pool-876-thread-1] INFO  storage.RaftStorageDirectory (RaftStorageDirectoryImpl.java:tryLock(231)) - Lock on /home/runner/work/ozone/ozone/hadoop-ozone/integration-test/target/test-dir/MiniOzoneClusterImpl-8ae17f6e-7b8d-4fcc-9253-feb95f7e1717/datanode-1/data/ratis/fbea81ca-d65e-471f-ab84-715515ac4ea0/in_use.lock acquired by nodename 4032@fv-az377-460
2023-03-29 22:45:53,419 [pool-876-thread-1] INFO  storage.RaftStorage (RaftStorageImpl.java:format(96)) - Storage directory /home/runner/work/ozone/ozone/hadoop-ozone/integration-test/target/test-dir/MiniOzoneClusterImpl-8ae17f6e-7b8d-4fcc-9253-feb95f7e1717/datanode-1/data/ratis/fbea81ca-d65e-471f-ab84-715515ac4ea0 has been successfully formatted.
2023-03-29 22:45:53,419 [pool-876-thread-1] INFO  ratis.ContainerStateMachine (ContainerStateMachine.java:loadSnapshot(262)) - group-715515AC4EA0: The snapshot info is null. Setting the last applied indexto:(t:0, i:~)
2023-03-29 22:45:53,419 [pool-876-thread-1] INFO  server.RaftServerConfigKeys (ConfUtils.java:logGet(46)) - raft.server.log.use.memory = false (default)
2023-03-29 22:45:53,419 [pool-876-thread-1] INFO  server.RaftServerConfigKeys (ConfUtils.java:logGet(46)) - raft.server.log.purge.gap = 1000000 (custom)
2023-03-29 22:45:53,419 [pool-876-thread-1] INFO  server.RaftServerConfigKeys (ConfUtils.java:logGet(46)) - raft.server.log.appender.buffer.byte-limit = 33554432 (custom)
2023-03-29 22:45:53,419 [pool-876-thread-1] INFO  server.RaftServerConfigKeys (ConfUtils.java:logGet(46)) - raft.server.log.statemachine.data.read.timeout = 1000ms (default)
2023-03-29 22:45:53,419 [pool-876-thread-1] INFO  server.RaftServerConfigKeys (ConfUtils.java:logGet(46)) - raft.server.log.purge.preservation.log.num = 0 (default)
2023-03-29 22:45:53,422 [pool-876-thread-1] INFO  server.RaftServerConfigKeys (ConfUtils.java:logGet(46)) - raft.server.log.segment.size.max = 1048576 (custom)
2023-03-29 22:45:53,422 [pool-876-thread-1] INFO  server.RaftServerConfigKeys (ConfUtils.java:logGet(46)) - raft.server.log.segment.cache.num.max = 2 (custom)
2023-03-29 22:45:53,422 [pool-876-thread-1] INFO  server.RaftServerConfigKeys (ConfUtils.java:logGet(46)) - raft.server.log.segment.cache.size.max = 200MB (=209715200) (default)
2023-03-29 22:45:53,422 [pool-876-thread-1] INFO  segmented.SegmentedRaftLogWorker (SegmentedRaftLogWorker.java:<init>(189)) - new 31377470-4be3-4e7f-893b-aea4cf46f3a2@group-715515AC4EA0-SegmentedRaftLogWorker for RaftStorageImpl:Storage Directory /home/runner/work/ozone/ozone/hadoop-ozone/integration-test/target/test-dir/MiniOzoneClusterImpl-8ae17f6e-7b8d-4fcc-9253-feb95f7e1717/datanode-1/data/ratis/fbea81ca-d65e-471f-ab84-715515ac4ea0
2023-03-29 22:45:53,422 [pool-876-thread-1] INFO  server.RaftServerConfigKeys (ConfUtils.java:logGet(46)) - raft.server.log.queue.byte-limit = 4294967296 (custom)
2023-03-29 22:45:53,422 [pool-876-thread-1] INFO  server.RaftServerConfigKeys (ConfUtils.java:logGet(46)) - raft.server.log.queue.element-limit = 1024 (custom)
2023-03-29 22:45:53,422 [pool-876-thread-1] INFO  server.RaftServerConfigKeys (ConfUtils.java:logGet(46)) - raft.server.log.segment.size.max = 1048576 (custom)
2023-03-29 22:45:53,422 [pool-876-thread-1] INFO  server.RaftServerConfigKeys (ConfUtils.java:logGet(46)) - raft.server.log.preallocated.size = 16384 (custom)
2023-03-29 22:45:53,422 [pool-876-thread-1] INFO  server.RaftServerConfigKeys (ConfUtils.java:logGet(46)) - raft.server.log.force.sync.num = 128 (default)
2023-03-29 22:45:53,422 [pool-876-thread-1] INFO  server.RaftServerConfigKeys (ConfUtils.java:logGet(46)) - raft.server.log.statemachine.data.sync = true (default)
2023-03-29 22:45:53,422 [pool-876-thread-1] INFO  server.RaftServerConfigKeys (ConfUtils.java:logGet(46)) - raft.server.log.statemachine.data.sync.timeout = 10s (default)
2023-03-29 22:45:53,422 [pool-876-thread-1] INFO  server.RaftServerConfigKeys (ConfUtils.java:logGet(46)) - raft.server.log.statemachine.data.sync.timeout.retry = -1 (default)
2023-03-29 22:45:53,423 [pool-876-thread-1] INFO  server.RaftServerConfigKeys (ConfUtils.java:logGet(46)) - raft.server.log.write.buffer.size = 1048576 (custom)
2023-03-29 22:45:53,425 [pool-876-thread-1] INFO  server.RaftServerConfigKeys (ConfUtils.java:logGet(46)) - raft.server.log.appender.buffer.byte-limit = 33554432 (custom)
2023-03-29 22:45:53,430 [pool-876-thread-1] INFO  server.RaftServerConfigKeys (ConfUtils.java:logGet(46)) - raft.server.log.unsafe-flush.enabled = false (default)
2023-03-29 22:45:53,430 [pool-876-thread-1] INFO  server.RaftServerConfigKeys (ConfUtils.java:logGet(46)) - raft.server.log.async-flush.enabled = false (default)
2023-03-29 22:45:53,430 [pool-876-thread-1] INFO  server.RaftServerConfigKeys (ConfUtils.java:logGet(46)) - raft.server.log.statemachine.data.caching.enabled = true (custom)
2023-03-29 22:45:53,431 [pool-876-thread-1] INFO  segmented.SegmentedRaftLogWorker (SegmentedRaftLogWorker.java:lambda$new$0(135)) - 31377470-4be3-4e7f-893b-aea4cf46f3a2@group-715515AC4EA0-SegmentedRaftLogWorker: flushIndex: setUnconditionally 0 -> -1
2023-03-29 22:45:53,431 [pool-876-thread-1] INFO  segmented.SegmentedRaftLogWorker (SegmentedRaftLogWorker.java:lambda$new$0(135)) - 31377470-4be3-4e7f-893b-aea4cf46f3a2@group-715515AC4EA0-SegmentedRaftLogWorker: safeCacheEvictIndex: setUnconditionally 0 -> -1
2023-03-29 22:45:53,431 [pool-876-thread-1] INFO  server.RaftServer$Division (RaftServerImpl.java:start(334)) - 31377470-4be3-4e7f-893b-aea4cf46f3a2@group-715515AC4EA0: start as a follower, conf=-1: peers:[1b03df48-31d6-4d50-bcfe-06272533350b|rpc:10.1.0.40:38067|dataStream:10.1.0.40:34129|priority:0|startupRole:FOLLOWER, 399773cb-fecd-40e3-a3a3-0a72d991f432|rpc:10.1.0.40:46155|dataStream:10.1.0.40:41261|priority:1|startupRole:FOLLOWER, 31377470-4be3-4e7f-893b-aea4cf46f3a2|rpc:10.1.0.40:38467|dataStream:10.1.0.40:33959|priority:0|startupRole:FOLLOWER]|listeners:[], old=null
2023-03-29 22:45:53,431 [pool-876-thread-1] INFO  server.RaftServer$Division (RaftServerImpl.java:setRole(321)) - 31377470-4be3-4e7f-893b-aea4cf46f3a2@group-715515AC4EA0: changes role from      null to FOLLOWER at term 0 for startAsFollower
2023-03-29 22:45:53,431 [pool-876-thread-1] INFO  impl.RoleInfo (RoleInfo.java:updateAndGet(139)) - 31377470-4be3-4e7f-893b-aea4cf46f3a2: start 31377470-4be3-4e7f-893b-aea4cf46f3a2@group-715515AC4EA0-FollowerState
2023-03-29 22:45:53,431 [31377470-4be3-4e7f-893b-aea4cf46f3a2@group-715515AC4EA0-FollowerState] INFO  server.RaftServerConfigKeys (ConfUtils.java:logFallback(53)) - raft.server.rpc.first-election.timeout.min = 5s (fallback to raft.server.rpc.timeout.min)
2023-03-29 22:45:53,432 [pool-876-thread-1] INFO  util.JmxRegister (JmxRegister.java:tryRegister(44)) - Successfully registered JMX Bean with object name Ratis:service=RaftServer,group=group-715515AC4EA0,id=31377470-4be3-4e7f-893b-aea4cf46f3a2
2023-03-29 22:45:53,433 [31377470-4be3-4e7f-893b-aea4cf46f3a2@group-715515AC4EA0-FollowerState] INFO  server.RaftServerConfigKeys (ConfUtils.java:logFallback(53)) - raft.server.rpc.first-election.timeout.max = 5200ms (fallback to raft.server.rpc.timeout.max)
2023-03-29 22:45:53,433 [pool-876-thread-1] INFO  server.RaftServerConfigKeys (ConfUtils.java:logGet(46)) - raft.server.snapshot.auto.trigger.enabled = true (custom)
2023-03-29 22:45:53,433 [pool-876-thread-1] INFO  server.RaftServerConfigKeys (ConfUtils.java:logGet(46)) - raft.server.snapshot.auto.trigger.threshold = 10000 (custom)
2023-03-29 22:45:53,433 [pool-876-thread-1] INFO  server.RaftServerConfigKeys (ConfUtils.java:logGet(46)) - raft.server.snapshot.retention.file.num = 5 (custom)
2023-03-29 22:45:53,433 [pool-876-thread-1] INFO  server.RaftServerConfigKeys (ConfUtils.java:logGet(46)) - raft.server.log.purge.upto.snapshot.index = false (default)
2023-03-29 22:45:53,440 [Command processor thread] INFO  commandhandler.CreatePipelineCommandHandler (CreatePipelineCommandHandler.java:handle(113)) - Created Pipeline RATIS THREE PipelineID=fbea81ca-d65e-471f-ab84-715515ac4ea0.
2023-03-29 22:45:53,539 [Command processor thread] INFO  server.RaftServer (RaftServerProxy.java:addNew(96)) - 31377470-4be3-4e7f-893b-aea4cf46f3a2: addNew group-F8D248A20461:[31377470-4be3-4e7f-893b-aea4cf46f3a2|rpc:10.1.0.40:38467|dataStream:10.1.0.40:33959|priority:1|startupRole:FOLLOWER] returns group-F8D248A20461:java.util.concurrent.CompletableFuture@15a79830[Not completed]
2023-03-29 22:45:53,540 [pool-876-thread-1] INFO  server.RaftServer$Division (RaftServerImpl.java:<init>(195)) - 31377470-4be3-4e7f-893b-aea4cf46f3a2: new RaftServerImpl for group-F8D248A20461:[31377470-4be3-4e7f-893b-aea4cf46f3a2|rpc:10.1.0.40:38467|dataStream:10.1.0.40:33959|priority:1|startupRole:FOLLOWER] with ContainerStateMachine:uninitialized
2023-03-29 22:45:53,540 [pool-876-thread-1] INFO  server.RaftServerConfigKeys (ConfUtils.java:logGet(46)) - raft.server.rpc.timeout.min = 5s (custom)
2023-03-29 22:45:53,540 [pool-876-thread-1] INFO  server.RaftServerConfigKeys (ConfUtils.java:logGet(46)) - raft.server.rpc.timeout.max = 5200ms (custom)
2023-03-29 22:45:53,540 [pool-876-thread-1] INFO  server.RaftServerConfigKeys (ConfUtils.java:logGet(46)) - raft.server.rpc.sleep.time = 25ms (default)
2023-03-29 22:45:53,540 [pool-876-thread-1] INFO  server.RaftServerConfigKeys (ConfUtils.java:logGet(46)) - raft.server.rpc.slowness.timeout = 300s (custom)
2023-03-29 22:45:53,540 [pool-876-thread-1] INFO  server.RaftServerConfigKeys (ConfUtils.java:logGet(46)) - raft.server.leaderelection.leader.step-down.wait-time = 10s (default)
2023-03-29 22:45:53,540 [pool-876-thread-1] INFO  server.RaftServerConfigKeys (ConfUtils.java:logGet(46)) - raft.server.sleep.deviation.threshold = 300ms (default)
2023-03-29 22:45:53,540 [pool-876-thread-1] INFO  server.RaftServer$Division (ServerState.java:<init>(118)) - 31377470-4be3-4e7f-893b-aea4cf46f3a2@group-F8D248A20461: ConfigurationManager, init=-1: peers:[31377470-4be3-4e7f-893b-aea4cf46f3a2|rpc:10.1.0.40:38467|dataStream:10.1.0.40:33959|priority:1|startupRole:FOLLOWER]|listeners:[], old=null, confs=<EMPTY_MAP>
2023-03-29 22:45:53,540 [pool-876-thread-1] INFO  server.RaftServerConfigKeys (ConfUtils.java:logGet(46)) - raft.server.storage.dir = [/home/runner/work/ozone/ozone/hadoop-ozone/integration-test/target/test-dir/MiniOzoneClusterImpl-8ae17f6e-7b8d-4fcc-9253-feb95f7e1717/datanode-1/data/ratis] (custom)
2023-03-29 22:45:53,540 [pool-876-thread-1] INFO  server.RaftServerConfigKeys (ConfUtils.java:logGet(46)) - raft.server.log.corruption.policy = EXCEPTION (default)
2023-03-29 22:45:53,540 [pool-876-thread-1] INFO  server.RaftServerConfigKeys (ConfUtils.java:logGet(46)) - raft.server.storage.free-space.min = 0MB (=0) (default)
2023-03-29 22:45:53,541 [pool-876-thread-1] INFO  server.RaftServerConfigKeys (ConfUtils.java:logGet(46)) - raft.server.notification.no-leader.timeout = 300s (custom)
2023-03-29 22:45:53,541 [pool-876-thread-1] INFO  server.RaftServerConfigKeys (ConfUtils.java:logGet(46)) - raft.server.retrycache.expirytime = 600000ms (custom)
2023-03-29 22:45:53,541 [pool-876-thread-1] INFO  server.RaftServerConfigKeys (ConfUtils.java:logGet(46)) - raft.server.retrycache.statistics.expirytime = 100μs (default)
2023-03-29 22:45:53,541 [pool-876-thread-1] INFO  server.RaftServerConfigKeys (ConfUtils.java:logGet(46)) - raft.server.log.appender.install.snapshot.enabled = false (custom)
2023-03-29 22:45:53,541 [pool-876-thread-1] INFO  server.RaftServerConfigKeys (ConfUtils.java:logGet(46)) - raft.server.threadpool.server.cached = true (default)
2023-03-29 22:45:53,542 [pool-876-thread-1] INFO  server.RaftServerConfigKeys (ConfUtils.java:logGet(46)) - raft.server.threadpool.server.size = 0 (default)
2023-03-29 22:45:53,542 [pool-876-thread-1] INFO  server.RaftServerConfigKeys (ConfUtils.java:logGet(46)) - raft.server.threadpool.client.cached = true (default)
2023-03-29 22:45:53,542 [pool-876-thread-1] INFO  server.RaftServerConfigKeys (ConfUtils.java:logGet(46)) - raft.server.threadpool.client.size = 0 (default)
2023-03-29 22:45:53,542 [pool-876-thread-1] INFO  storage.RaftStorageDirectory (RaftStorageDirectoryImpl.java:analyzeStorage(137)) - The storage directory /home/runner/work/ozone/ozone/hadoop-ozone/integration-test/target/test-dir/MiniOzoneClusterImpl-8ae17f6e-7b8d-4fcc-9253-feb95f7e1717/datanode-1/data/ratis/1c82ad90-bc8f-4e4b-a8d0-f8d248a20461 does not exist. Creating ...
2023-03-29 22:45:53,544 [pool-876-thread-1] INFO  storage.RaftStorageDirectory (RaftStorageDirectoryImpl.java:tryLock(231)) - Lock on /home/runner/work/ozone/ozone/hadoop-ozone/integration-test/target/test-dir/MiniOzoneClusterImpl-8ae17f6e-7b8d-4fcc-9253-feb95f7e1717/datanode-1/data/ratis/1c82ad90-bc8f-4e4b-a8d0-f8d248a20461/in_use.lock acquired by nodename 4032@fv-az377-460
2023-03-29 22:45:53,546 [pool-876-thread-1] INFO  storage.RaftStorage (RaftStorageImpl.java:format(96)) - Storage directory /home/runner/work/ozone/ozone/hadoop-ozone/integration-test/target/test-dir/MiniOzoneClusterImpl-8ae17f6e-7b8d-4fcc-9253-feb95f7e1717/datanode-1/data/ratis/1c82ad90-bc8f-4e4b-a8d0-f8d248a20461 has been successfully formatted.
2023-03-29 22:45:53,546 [pool-876-thread-1] INFO  ratis.ContainerStateMachine (ContainerStateMachine.java:loadSnapshot(262)) - group-F8D248A20461: The snapshot info is null. Setting the last applied indexto:(t:0, i:~)
2023-03-29 22:45:53,546 [pool-876-thread-1] INFO  server.RaftServerConfigKeys (ConfUtils.java:logGet(46)) - raft.server.log.use.memory = false (default)
2023-03-29 22:45:53,547 [pool-876-thread-1] INFO  server.RaftServerConfigKeys (ConfUtils.java:logGet(46)) - raft.server.log.purge.gap = 1000000 (custom)
2023-03-29 22:45:53,547 [pool-876-thread-1] INFO  server.RaftServerConfigKeys (ConfUtils.java:logGet(46)) - raft.server.log.appender.buffer.byte-limit = 33554432 (custom)
2023-03-29 22:45:53,547 [pool-876-thread-1] INFO  server.RaftServerConfigKeys (ConfUtils.java:logGet(46)) - raft.server.log.statemachine.data.read.timeout = 1000ms (default)
2023-03-29 22:45:53,547 [pool-876-thread-1] INFO  server.RaftServerConfigKeys (ConfUtils.java:logGet(46)) - raft.server.log.purge.preservation.log.num = 0 (default)
2023-03-29 22:45:53,547 [pool-876-thread-1] INFO  server.RaftServerConfigKeys (ConfUtils.java:logGet(46)) - raft.server.log.segment.size.max = 1048576 (custom)
2023-03-29 22:45:53,548 [pool-876-thread-1] INFO  server.RaftServerConfigKeys (ConfUtils.java:logGet(46)) - raft.server.log.segment.cache.num.max = 2 (custom)
2023-03-29 22:45:53,548 [pool-876-thread-1] INFO  server.RaftServerConfigKeys (ConfUtils.java:logGet(46)) - raft.server.log.segment.cache.size.max = 200MB (=209715200) (default)
2023-03-29 22:45:53,548 [pool-876-thread-1] INFO  segmented.SegmentedRaftLogWorker (SegmentedRaftLogWorker.java:<init>(189)) - new 31377470-4be3-4e7f-893b-aea4cf46f3a2@group-F8D248A20461-SegmentedRaftLogWorker for RaftStorageImpl:Storage Directory /home/runner/work/ozone/ozone/hadoop-ozone/integration-test/target/test-dir/MiniOzoneClusterImpl-8ae17f6e-7b8d-4fcc-9253-feb95f7e1717/datanode-1/data/ratis/1c82ad90-bc8f-4e4b-a8d0-f8d248a20461
2023-03-29 22:45:53,548 [pool-876-thread-1] INFO  server.RaftServerConfigKeys (ConfUtils.java:logGet(46)) - raft.server.log.queue.byte-limit = 4294967296 (custom)
2023-03-29 22:45:53,548 [pool-876-thread-1] INFO  server.RaftServerConfigKeys (ConfUtils.java:logGet(46)) - raft.server.log.queue.element-limit = 1024 (custom)
2023-03-29 22:45:53,548 [pool-876-thread-1] INFO  server.RaftServerConfigKeys (ConfUtils.java:logGet(46)) - raft.server.log.segment.size.max = 1048576 (custom)
2023-03-29 22:45:53,548 [pool-876-thread-1] INFO  server.RaftServerConfigKeys (ConfUtils.java:logGet(46)) - raft.server.log.preallocated.size = 16384 (custom)
2023-03-29 22:45:53,548 [pool-876-thread-1] INFO  server.RaftServerConfigKeys (ConfUtils.java:logGet(46)) - raft.server.log.force.sync.num = 128 (default)
2023-03-29 22:45:53,548 [pool-876-thread-1] INFO  server.RaftServerConfigKeys (ConfUtils.java:logGet(46)) - raft.server.log.statemachine.data.sync = true (default)
2023-03-29 22:45:53,548 [EventQueue-PipelineReportForPipelineReportHandler] INFO  pipeline.PipelineManagerImpl (PipelineManagerImpl.java:openPipeline(367)) - Pipeline Pipeline[ Id: 1c82ad90-bc8f-4e4b-a8d0-f8d248a20461, Nodes: 31377470-4be3-4e7f-893b-aea4cf46f3a2(fv-az377-460/10.1.0.40), ReplicationConfig: RATIS/ONE, State:ALLOCATED, leaderId:31377470-4be3-4e7f-893b-aea4cf46f3a2, CreationTimestamp2023-03-29T22:45:50.542Z[Etc/UTC]] moved to OPEN state
2023-03-29 22:45:53,549 [pool-876-thread-1] INFO  server.RaftServerConfigKeys (ConfUtils.java:logGet(46)) - raft.server.log.statemachine.data.sync.timeout = 10s (default)
2023-03-29 22:45:53,549 [pool-876-thread-1] INFO  server.RaftServerConfigKeys (ConfUtils.java:logGet(46)) - raft.server.log.statemachine.data.sync.timeout.retry = -1 (default)
2023-03-29 22:45:53,549 [EventQueue-OpenPipelineForHealthyPipelineSafeModeRule] INFO  safemode.SCMSafeModeManager (HealthyPipelineSafeModeRule.java:process(137)) - SCM in safe mode. Healthy pipelines reported count is 0, required healthy pipeline reported count is 1
2023-03-29 22:45:53,550 [pool-876-thread-1] INFO  server.RaftServerConfigKeys (ConfUtils.java:logGet(46)) - raft.server.log.write.buffer.size = 1048576 (custom)
2023-03-29 22:45:53,551 [pool-876-thread-1] INFO  server.RaftServerConfigKeys (ConfUtils.java:logGet(46)) - raft.server.log.appender.buffer.byte-limit = 33554432 (custom)
2023-03-29 22:45:53,560 [pool-876-thread-1] INFO  server.RaftServerConfigKeys (ConfUtils.java:logGet(46)) - raft.server.log.unsafe-flush.enabled = false (default)
2023-03-29 22:45:53,560 [pool-876-thread-1] INFO  server.RaftServerConfigKeys (ConfUtils.java:logGet(46)) - raft.server.log.async-flush.enabled = false (default)
2023-03-29 22:45:53,560 [pool-876-thread-1] INFO  server.RaftServerConfigKeys (ConfUtils.java:logGet(46)) - raft.server.log.statemachine.data.caching.enabled = true (custom)
2023-03-29 22:45:53,560 [pool-876-thread-1] INFO  segmented.SegmentedRaftLogWorker (SegmentedRaftLogWorker.java:lambda$new$0(135)) - 31377470-4be3-4e7f-893b-aea4cf46f3a2@group-F8D248A20461-SegmentedRaftLogWorker: flushIndex: setUnconditionally 0 -> -1
2023-03-29 22:45:53,560 [pool-876-thread-1] INFO  segmented.SegmentedRaftLogWorker (SegmentedRaftLogWorker.java:lambda$new$0(135)) - 31377470-4be3-4e7f-893b-aea4cf46f3a2@group-F8D248A20461-SegmentedRaftLogWorker: safeCacheEvictIndex: setUnconditionally 0 -> -1
2023-03-29 22:45:53,561 [pool-876-thread-1] INFO  server.RaftServer$Division (RaftServerImpl.java:start(334)) - 31377470-4be3-4e7f-893b-aea4cf46f3a2@group-F8D248A20461: start as a follower, conf=-1: peers:[31377470-4be3-4e7f-893b-aea4cf46f3a2|rpc:10.1.0.40:38467|dataStream:10.1.0.40:33959|priority:1|startupRole:FOLLOWER]|listeners:[], old=null
2023-03-29 22:45:53,561 [pool-876-thread-1] INFO  server.RaftServer$Division (RaftServerImpl.java:setRole(321)) - 31377470-4be3-4e7f-893b-aea4cf46f3a2@group-F8D248A20461: changes role from      null to FOLLOWER at term 0 for startAsFollower
2023-03-29 22:45:53,561 [pool-876-thread-1] INFO  impl.RoleInfo (RoleInfo.java:updateAndGet(139)) - 31377470-4be3-4e7f-893b-aea4cf46f3a2: start 31377470-4be3-4e7f-893b-aea4cf46f3a2@group-F8D248A20461-FollowerState
2023-03-29 22:45:53,561 [pool-876-thread-1] INFO  util.JmxRegister (JmxRegister.java:tryRegister(44)) - Successfully registered JMX Bean with object name Ratis:service=RaftServer,group=group-F8D248A20461,id=31377470-4be3-4e7f-893b-aea4cf46f3a2
2023-03-29 22:45:53,561 [pool-876-thread-1] INFO  server.RaftServerConfigKeys (ConfUtils.java:logGet(46)) - raft.server.snapshot.auto.trigger.enabled = true (custom)
2023-03-29 22:45:53,561 [pool-876-thread-1] INFO  server.RaftServerConfigKeys (ConfUtils.java:logGet(46)) - raft.server.snapshot.auto.trigger.threshold = 10000 (custom)
2023-03-29 22:45:53,561 [pool-876-thread-1] INFO  server.RaftServerConfigKeys (ConfUtils.java:logGet(46)) - raft.server.snapshot.retention.file.num = 5 (custom)
2023-03-29 22:45:53,561 [pool-876-thread-1] INFO  server.RaftServerConfigKeys (ConfUtils.java:logGet(46)) - raft.server.log.purge.upto.snapshot.index = false (default)
2023-03-29 22:45:53,562 [31377470-4be3-4e7f-893b-aea4cf46f3a2@group-F8D248A20461-FollowerState] INFO  server.RaftServerConfigKeys (ConfUtils.java:logFallback(53)) - raft.server.rpc.first-election.timeout.min = 5s (fallback to raft.server.rpc.timeout.min)
2023-03-29 22:45:53,562 [31377470-4be3-4e7f-893b-aea4cf46f3a2@group-F8D248A20461-FollowerState] INFO  server.RaftServerConfigKeys (ConfUtils.java:logFallback(53)) - raft.server.rpc.first-election.timeout.max = 5200ms (fallback to raft.server.rpc.timeout.max)
2023-03-29 22:45:53,562 [Command processor thread] INFO  ratis.XceiverServerRatis (XceiverServerRatis.java:addGroup(806)) - Created group PipelineID=1c82ad90-bc8f-4e4b-a8d0-f8d248a20461
2023-03-29 22:45:53,562 [Command processor thread] INFO  commandhandler.CreatePipelineCommandHandler (CreatePipelineCommandHandler.java:handle(113)) - Created Pipeline RATIS ONE PipelineID=1c82ad90-bc8f-4e4b-a8d0-f8d248a20461.
2023-03-29 22:45:53,657 [EndpointStateMachine task thread for /0.0.0.0:44471 - 0 ] INFO  ipc.Client (Client.java:handleConnectionFailure(1010)) - Retrying connect to server: 0.0.0.0/0.0.0.0:44471. Already tried 14 time(s); retry policy is RetryUpToMaximumCountWithFixedSleep(maxRetries=15, sleepTime=1000 MILLISECONDS)
2023-03-29 22:45:53,916 [Command processor thread] INFO  server.RaftServer (RaftServerProxy.java:addNew(96)) - 399773cb-fecd-40e3-a3a3-0a72d991f432: addNew group-6ACBAA06EE94:[399773cb-fecd-40e3-a3a3-0a72d991f432|rpc:10.1.0.40:46155|dataStream:10.1.0.40:41261|priority:1|startupRole:FOLLOWER] returns group-6ACBAA06EE94:java.util.concurrent.CompletableFuture@60ad10d3[Not completed]
2023-03-29 22:45:53,916 [Listener at 127.0.0.1/35129] INFO  ozone.MiniOzoneClusterImpl (MiniOzoneClusterImpl.java:lambda$waitForClusterToBeReady$0(222)) - Nodes are ready. Got 3 of 3 DN Heartbeats.
2023-03-29 22:45:53,917 [Listener at 127.0.0.1/35129] INFO  ozone.MiniOzoneClusterImpl (MiniOzoneClusterImpl.java:lambda$waitForClusterToBeReady$0(225)) - Waiting for cluster to exit safe mode
2023-03-29 22:45:53,917 [Listener at 127.0.0.1/35129] INFO  ozone.MiniOzoneClusterImpl (MiniOzoneClusterImpl.java:lambda$waitForClusterToBeReady$0(227)) - SCM became leader
2023-03-29 22:45:53,919 [pool-898-thread-1] INFO  server.RaftServer$Division (RaftServerImpl.java:<init>(195)) - 399773cb-fecd-40e3-a3a3-0a72d991f432: new RaftServerImpl for group-6ACBAA06EE94:[399773cb-fecd-40e3-a3a3-0a72d991f432|rpc:10.1.0.40:46155|dataStream:10.1.0.40:41261|priority:1|startupRole:FOLLOWER] with ContainerStateMachine:uninitialized
2023-03-29 22:45:53,919 [pool-898-thread-1] INFO  server.RaftServerConfigKeys (ConfUtils.java:logGet(46)) - raft.server.rpc.timeout.min = 5s (custom)
2023-03-29 22:45:53,919 [pool-898-thread-1] INFO  server.RaftServerConfigKeys (ConfUtils.java:logGet(46)) - raft.server.rpc.timeout.max = 5200ms (custom)
2023-03-29 22:45:53,919 [pool-898-thread-1] INFO  server.RaftServerConfigKeys (ConfUtils.java:logGet(46)) - raft.server.rpc.sleep.time = 25ms (default)
2023-03-29 22:45:53,919 [pool-898-thread-1] INFO  server.RaftServerConfigKeys (ConfUtils.java:logGet(46)) - raft.server.rpc.slowness.timeout = 300s (custom)
2023-03-29 22:45:53,919 [pool-898-thread-1] INFO  server.RaftServerConfigKeys (ConfUtils.java:logGet(46)) - raft.server.leaderelection.leader.step-down.wait-time = 10s (default)
2023-03-29 22:45:53,919 [pool-898-thread-1] INFO  server.RaftServerConfigKeys (ConfUtils.java:logGet(46)) - raft.server.sleep.deviation.threshold = 300ms (default)
2023-03-29 22:45:53,919 [pool-898-thread-1] INFO  server.RaftServer$Division (ServerState.java:<init>(118)) - 399773cb-fecd-40e3-a3a3-0a72d991f432@group-6ACBAA06EE94: ConfigurationManager, init=-1: peers:[399773cb-fecd-40e3-a3a3-0a72d991f432|rpc:10.1.0.40:46155|dataStream:10.1.0.40:41261|priority:1|startupRole:FOLLOWER]|listeners:[], old=null, confs=<EMPTY_MAP>
2023-03-29 22:45:53,919 [pool-898-thread-1] INFO  server.RaftServerConfigKeys (ConfUtils.java:logGet(46)) - raft.server.storage.dir = [/home/runner/work/ozone/ozone/hadoop-ozone/integration-test/target/test-dir/MiniOzoneClusterImpl-8ae17f6e-7b8d-4fcc-9253-feb95f7e1717/datanode-2/data/ratis] (custom)
2023-03-29 22:45:53,920 [pool-898-thread-1] INFO  server.RaftServerConfigKeys (ConfUtils.java:logGet(46)) - raft.server.log.corruption.policy = EXCEPTION (default)
2023-03-29 22:45:53,920 [pool-898-thread-1] INFO  server.RaftServerConfigKeys (ConfUtils.java:logGet(46)) - raft.server.storage.free-space.min = 0MB (=0) (default)
2023-03-29 22:45:53,920 [pool-898-thread-1] INFO  server.RaftServerConfigKeys (ConfUtils.java:logGet(46)) - raft.server.notification.no-leader.timeout = 300s (custom)
2023-03-29 22:45:53,920 [pool-898-thread-1] INFO  server.RaftServerConfigKeys (ConfUtils.java:logGet(46)) - raft.server.retrycache.expirytime = 600000ms (custom)
2023-03-29 22:45:53,920 [pool-898-thread-1] INFO  server.RaftServerConfigKeys (ConfUtils.java:logGet(46)) - raft.server.retrycache.statistics.expirytime = 100μs (default)
2023-03-29 22:45:53,921 [pool-898-thread-1] INFO  server.RaftServerConfigKeys (ConfUtils.java:logGet(46)) - raft.server.log.appender.install.snapshot.enabled = false (custom)
2023-03-29 22:45:53,921 [pool-898-thread-1] INFO  server.RaftServerConfigKeys (ConfUtils.java:logGet(46)) - raft.server.threadpool.server.cached = true (default)
2023-03-29 22:45:53,921 [pool-898-thread-1] INFO  server.RaftServerConfigKeys (ConfUtils.java:logGet(46)) - raft.server.threadpool.server.size = 0 (default)
2023-03-29 22:45:53,921 [pool-898-thread-1] INFO  server.RaftServerConfigKeys (ConfUtils.java:logGet(46)) - raft.server.threadpool.client.cached = true (default)
2023-03-29 22:45:53,921 [pool-898-thread-1] INFO  server.RaftServerConfigKeys (ConfUtils.java:logGet(46)) - raft.server.threadpool.client.size = 0 (default)
2023-03-29 22:45:53,921 [pool-898-thread-1] INFO  storage.RaftStorageDirectory (RaftStorageDirectoryImpl.java:analyzeStorage(137)) - The storage directory /home/runner/work/ozone/ozone/hadoop-ozone/integration-test/target/test-dir/MiniOzoneClusterImpl-8ae17f6e-7b8d-4fcc-9253-feb95f7e1717/datanode-2/data/ratis/468dbe28-c1ed-4ffc-a161-6acbaa06ee94 does not exist. Creating ...
2023-03-29 22:45:53,923 [pool-898-thread-1] INFO  storage.RaftStorageDirectory (RaftStorageDirectoryImpl.java:tryLock(231)) - Lock on /home/runner/work/ozone/ozone/hadoop-ozone/integration-test/target/test-dir/MiniOzoneClusterImpl-8ae17f6e-7b8d-4fcc-9253-feb95f7e1717/datanode-2/data/ratis/468dbe28-c1ed-4ffc-a161-6acbaa06ee94/in_use.lock acquired by nodename 4032@fv-az377-460
2023-03-29 22:45:53,924 [pool-898-thread-1] INFO  storage.RaftStorage (RaftStorageImpl.java:format(96)) - Storage directory /home/runner/work/ozone/ozone/hadoop-ozone/integration-test/target/test-dir/MiniOzoneClusterImpl-8ae17f6e-7b8d-4fcc-9253-feb95f7e1717/datanode-2/data/ratis/468dbe28-c1ed-4ffc-a161-6acbaa06ee94 has been successfully formatted.
2023-03-29 22:45:53,925 [pool-898-thread-1] INFO  ratis.ContainerStateMachine (ContainerStateMachine.java:loadSnapshot(262)) - group-6ACBAA06EE94: The snapshot info is null. Setting the last applied indexto:(t:0, i:~)
2023-03-29 22:45:53,925 [pool-898-thread-1] INFO  server.RaftServerConfigKeys (ConfUtils.java:logGet(46)) - raft.server.log.use.memory = false (default)
2023-03-29 22:45:53,926 [pool-898-thread-1] INFO  server.RaftServerConfigKeys (ConfUtils.java:logGet(46)) - raft.server.log.purge.gap = 1000000 (custom)
2023-03-29 22:45:53,926 [pool-898-thread-1] INFO  server.RaftServerConfigKeys (ConfUtils.java:logGet(46)) - raft.server.log.appender.buffer.byte-limit = 33554432 (custom)
2023-03-29 22:45:53,926 [pool-898-thread-1] INFO  server.RaftServerConfigKeys (ConfUtils.java:logGet(46)) - raft.server.log.statemachine.data.read.timeout = 1000ms (default)
2023-03-29 22:45:53,926 [pool-898-thread-1] INFO  server.RaftServerConfigKeys (ConfUtils.java:logGet(46)) - raft.server.log.purge.preservation.log.num = 0 (default)
2023-03-29 22:45:53,926 [EventQueue-PipelineReportForPipelineReportHandler] INFO  pipeline.PipelineManagerImpl (PipelineManagerImpl.java:openPipeline(367)) - Pipeline Pipeline[ Id: 468dbe28-c1ed-4ffc-a161-6acbaa06ee94, Nodes: 399773cb-fecd-40e3-a3a3-0a72d991f432(fv-az377-460/10.1.0.40), ReplicationConfig: RATIS/ONE, State:ALLOCATED, leaderId:399773cb-fecd-40e3-a3a3-0a72d991f432, CreationTimestamp2023-03-29T22:45:50.919Z[Etc/UTC]] moved to OPEN state
2023-03-29 22:45:53,927 [EventQueue-OpenPipelineForHealthyPipelineSafeModeRule] INFO  safemode.SCMSafeModeManager (HealthyPipelineSafeModeRule.java:process(137)) - SCM in safe mode. Healthy pipelines reported count is 0, required healthy pipeline reported count is 1
2023-03-29 22:45:53,927 [pool-898-thread-1] INFO  server.RaftServerConfigKeys (ConfUtils.java:logGet(46)) - raft.server.log.segment.size.max = 1048576 (custom)
2023-03-29 22:45:53,927 [pool-898-thread-1] INFO  server.RaftServerConfigKeys (ConfUtils.java:logGet(46)) - raft.server.log.segment.cache.num.max = 2 (custom)
2023-03-29 22:45:53,927 [pool-898-thread-1] INFO  server.RaftServerConfigKeys (ConfUtils.java:logGet(46)) - raft.server.log.segment.cache.size.max = 200MB (=209715200) (default)
2023-03-29 22:45:53,927 [pool-898-thread-1] INFO  segmented.SegmentedRaftLogWorker (SegmentedRaftLogWorker.java:<init>(189)) - new 399773cb-fecd-40e3-a3a3-0a72d991f432@group-6ACBAA06EE94-SegmentedRaftLogWorker for RaftStorageImpl:Storage Directory /home/runner/work/ozone/ozone/hadoop-ozone/integration-test/target/test-dir/MiniOzoneClusterImpl-8ae17f6e-7b8d-4fcc-9253-feb95f7e1717/datanode-2/data/ratis/468dbe28-c1ed-4ffc-a161-6acbaa06ee94
2023-03-29 22:45:53,928 [pool-898-thread-1] INFO  server.RaftServerConfigKeys (ConfUtils.java:logGet(46)) - raft.server.log.queue.byte-limit = 4294967296 (custom)
2023-03-29 22:45:53,928 [pool-898-thread-1] INFO  server.RaftServerConfigKeys (ConfUtils.java:logGet(46)) - raft.server.log.queue.element-limit = 1024 (custom)
2023-03-29 22:45:53,928 [pool-898-thread-1] INFO  server.RaftServerConfigKeys (ConfUtils.java:logGet(46)) - raft.server.log.segment.size.max = 1048576 (custom)
2023-03-29 22:45:53,928 [pool-898-thread-1] INFO  server.RaftServerConfigKeys (ConfUtils.java:logGet(46)) - raft.server.log.preallocated.size = 16384 (custom)
2023-03-29 22:45:53,928 [pool-898-thread-1] INFO  server.RaftServerConfigKeys (ConfUtils.java:logGet(46)) - raft.server.log.force.sync.num = 128 (default)
2023-03-29 22:45:53,928 [pool-898-thread-1] INFO  server.RaftServerConfigKeys (ConfUtils.java:logGet(46)) - raft.server.log.statemachine.data.sync = true (default)
2023-03-29 22:45:53,928 [pool-898-thread-1] INFO  server.RaftServerConfigKeys (ConfUtils.java:logGet(46)) - raft.server.log.statemachine.data.sync.timeout = 10s (default)
2023-03-29 22:45:53,928 [pool-898-thread-1] INFO  server.RaftServerConfigKeys (ConfUtils.java:logGet(46)) - raft.server.log.statemachine.data.sync.timeout.retry = -1 (default)
2023-03-29 22:45:53,928 [pool-898-thread-1] INFO  server.RaftServerConfigKeys (ConfUtils.java:logGet(46)) - raft.server.log.write.buffer.size = 1048576 (custom)
2023-03-29 22:45:53,929 [pool-898-thread-1] INFO  server.RaftServerConfigKeys (ConfUtils.java:logGet(46)) - raft.server.log.appender.buffer.byte-limit = 33554432 (custom)
2023-03-29 22:45:53,935 [pool-898-thread-1] INFO  server.RaftServerConfigKeys (ConfUtils.java:logGet(46)) - raft.server.log.unsafe-flush.enabled = false (default)
2023-03-29 22:45:53,935 [pool-898-thread-1] INFO  server.RaftServerConfigKeys (ConfUtils.java:logGet(46)) - raft.server.log.async-flush.enabled = false (default)
2023-03-29 22:45:53,935 [pool-898-thread-1] INFO  server.RaftServerConfigKeys (ConfUtils.java:logGet(46)) - raft.server.log.statemachine.data.caching.enabled = true (custom)
2023-03-29 22:45:53,935 [pool-898-thread-1] INFO  segmented.SegmentedRaftLogWorker (SegmentedRaftLogWorker.java:lambda$new$0(135)) - 399773cb-fecd-40e3-a3a3-0a72d991f432@group-6ACBAA06EE94-SegmentedRaftLogWorker: flushIndex: setUnconditionally 0 -> -1
2023-03-29 22:45:53,935 [pool-898-thread-1] INFO  segmented.SegmentedRaftLogWorker (SegmentedRaftLogWorker.java:lambda$new$0(135)) - 399773cb-fecd-40e3-a3a3-0a72d991f432@group-6ACBAA06EE94-SegmentedRaftLogWorker: safeCacheEvictIndex: setUnconditionally 0 -> -1
2023-03-29 22:45:53,935 [pool-898-thread-1] INFO  server.RaftServer$Division (RaftServerImpl.java:start(334)) - 399773cb-fecd-40e3-a3a3-0a72d991f432@group-6ACBAA06EE94: start as a follower, conf=-1: peers:[399773cb-fecd-40e3-a3a3-0a72d991f432|rpc:10.1.0.40:46155|dataStream:10.1.0.40:41261|priority:1|startupRole:FOLLOWER]|listeners:[], old=null
2023-03-29 22:45:53,935 [pool-898-thread-1] INFO  server.RaftServer$Division (RaftServerImpl.java:setRole(321)) - 399773cb-fecd-40e3-a3a3-0a72d991f432@group-6ACBAA06EE94: changes role from      null to FOLLOWER at term 0 for startAsFollower
2023-03-29 22:45:53,935 [pool-898-thread-1] INFO  impl.RoleInfo (RoleInfo.java:updateAndGet(139)) - 399773cb-fecd-40e3-a3a3-0a72d991f432: start 399773cb-fecd-40e3-a3a3-0a72d991f432@group-6ACBAA06EE94-FollowerState
2023-03-29 22:45:53,936 [pool-898-thread-1] INFO  util.JmxRegister (JmxRegister.java:tryRegister(44)) - Successfully registered JMX Bean with object name Ratis:service=RaftServer,group=group-6ACBAA06EE94,id=399773cb-fecd-40e3-a3a3-0a72d991f432
2023-03-29 22:45:53,936 [pool-898-thread-1] INFO  server.RaftServerConfigKeys (ConfUtils.java:logGet(46)) - raft.server.snapshot.auto.trigger.enabled = true (custom)
2023-03-29 22:45:53,936 [pool-898-thread-1] INFO  server.RaftServerConfigKeys (ConfUtils.java:logGet(46)) - raft.server.snapshot.auto.trigger.threshold = 10000 (custom)
2023-03-29 22:45:53,936 [pool-898-thread-1] INFO  server.RaftServerConfigKeys (ConfUtils.java:logGet(46)) - raft.server.snapshot.retention.file.num = 5 (custom)
2023-03-29 22:45:53,936 [pool-898-thread-1] INFO  server.RaftServerConfigKeys (ConfUtils.java:logGet(46)) - raft.server.log.purge.upto.snapshot.index = false (default)
2023-03-29 22:45:53,936 [399773cb-fecd-40e3-a3a3-0a72d991f432@group-6ACBAA06EE94-FollowerState] INFO  server.RaftServerConfigKeys (ConfUtils.java:logFallback(53)) - raft.server.rpc.first-election.timeout.min = 5s (fallback to raft.server.rpc.timeout.min)
2023-03-29 22:45:53,937 [399773cb-fecd-40e3-a3a3-0a72d991f432@group-6ACBAA06EE94-FollowerState] INFO  server.RaftServerConfigKeys (ConfUtils.java:logFallback(53)) - raft.server.rpc.first-election.timeout.max = 5200ms (fallback to raft.server.rpc.timeout.max)
2023-03-29 22:45:53,942 [Command processor thread] INFO  ratis.XceiverServerRatis (XceiverServerRatis.java:addGroup(806)) - Created group PipelineID=468dbe28-c1ed-4ffc-a161-6acbaa06ee94
2023-03-29 22:45:53,942 [Command processor thread] INFO  commandhandler.CreatePipelineCommandHandler (CreatePipelineCommandHandler.java:handle(113)) - Created Pipeline RATIS ONE PipelineID=468dbe28-c1ed-4ffc-a161-6acbaa06ee94.
2023-03-29 22:45:54,917 [Listener at 127.0.0.1/35129] INFO  ozone.MiniOzoneClusterImpl (MiniOzoneClusterImpl.java:lambda$waitForClusterToBeReady$0(222)) - Nodes are ready. Got 3 of 3 DN Heartbeats.
2023-03-29 22:45:54,917 [Listener at 127.0.0.1/35129] INFO  ozone.MiniOzoneClusterImpl (MiniOzoneClusterImpl.java:lambda$waitForClusterToBeReady$0(225)) - Waiting for cluster to exit safe mode
2023-03-29 22:45:54,917 [Listener at 127.0.0.1/35129] INFO  ozone.MiniOzoneClusterImpl (MiniOzoneClusterImpl.java:lambda$waitForClusterToBeReady$0(227)) - SCM became leader
2023-03-29 22:45:55,917 [Listener at 127.0.0.1/35129] INFO  ozone.MiniOzoneClusterImpl (MiniOzoneClusterImpl.java:lambda$waitForClusterToBeReady$0(222)) - Nodes are ready. Got 3 of 3 DN Heartbeats.
2023-03-29 22:45:55,918 [Listener at 127.0.0.1/35129] INFO  ozone.MiniOzoneClusterImpl (MiniOzoneClusterImpl.java:lambda$waitForClusterToBeReady$0(225)) - Waiting for cluster to exit safe mode
2023-03-29 22:45:55,918 [Listener at 127.0.0.1/35129] INFO  ozone.MiniOzoneClusterImpl (MiniOzoneClusterImpl.java:lambda$waitForClusterToBeReady$0(227)) - SCM became leader
2023-03-29 22:45:56,918 [Listener at 127.0.0.1/35129] INFO  ozone.MiniOzoneClusterImpl (MiniOzoneClusterImpl.java:lambda$waitForClusterToBeReady$0(222)) - Nodes are ready. Got 3 of 3 DN Heartbeats.
2023-03-29 22:45:56,918 [Listener at 127.0.0.1/35129] INFO  ozone.MiniOzoneClusterImpl (MiniOzoneClusterImpl.java:lambda$waitForClusterToBeReady$0(225)) - Waiting for cluster to exit safe mode
2023-03-29 22:45:56,918 [Listener at 127.0.0.1/35129] INFO  ozone.MiniOzoneClusterImpl (MiniOzoneClusterImpl.java:lambda$waitForClusterToBeReady$0(227)) - SCM became leader
2023-03-29 22:45:57,919 [Listener at 127.0.0.1/35129] INFO  ozone.MiniOzoneClusterImpl (MiniOzoneClusterImpl.java:lambda$waitForClusterToBeReady$0(222)) - Nodes are ready. Got 3 of 3 DN Heartbeats.
2023-03-29 22:45:57,919 [Listener at 127.0.0.1/35129] INFO  ozone.MiniOzoneClusterImpl (MiniOzoneClusterImpl.java:lambda$waitForClusterToBeReady$0(225)) - Waiting for cluster to exit safe mode
2023-03-29 22:45:57,919 [Listener at 127.0.0.1/35129] INFO  ozone.MiniOzoneClusterImpl (MiniOzoneClusterImpl.java:lambda$waitForClusterToBeReady$0(227)) - SCM became leader
2023-03-29 22:45:58,201 [1b03df48-31d6-4d50-bcfe-06272533350b@group-3786AC858ED6-FollowerState] INFO  impl.FollowerState (FollowerState.java:run(143)) - 1b03df48-31d6-4d50-bcfe-06272533350b@group-3786AC858ED6-FollowerState: change to CANDIDATE, lastRpcElapsedTime:5013853635ns, electionTimeout:5007ms
2023-03-29 22:45:58,201 [1b03df48-31d6-4d50-bcfe-06272533350b@group-3786AC858ED6-FollowerState] INFO  impl.RoleInfo (RoleInfo.java:shutdownFollowerState(110)) - 1b03df48-31d6-4d50-bcfe-06272533350b: shutdown 1b03df48-31d6-4d50-bcfe-06272533350b@group-3786AC858ED6-FollowerState
2023-03-29 22:45:58,201 [1b03df48-31d6-4d50-bcfe-06272533350b@group-3786AC858ED6-FollowerState] INFO  server.RaftServer$Division (RaftServerImpl.java:setRole(321)) - 1b03df48-31d6-4d50-bcfe-06272533350b@group-3786AC858ED6: changes role from  FOLLOWER to CANDIDATE at term 0 for changeToCandidate
2023-03-29 22:45:58,202 [1b03df48-31d6-4d50-bcfe-06272533350b@group-3786AC858ED6-FollowerState] INFO  server.RaftServerConfigKeys (ConfUtils.java:logGet(46)) - raft.server.leaderelection.pre-vote = true (default)
2023-03-29 22:45:58,202 [1b03df48-31d6-4d50-bcfe-06272533350b@group-3786AC858ED6-FollowerState] INFO  impl.RoleInfo (RoleInfo.java:updateAndGet(139)) - 1b03df48-31d6-4d50-bcfe-06272533350b: start 1b03df48-31d6-4d50-bcfe-06272533350b@group-3786AC858ED6-LeaderElection8
2023-03-29 22:45:58,210 [1b03df48-31d6-4d50-bcfe-06272533350b@group-3786AC858ED6-LeaderElection8] INFO  impl.LeaderElection (LeaderElection.java:askForVotes(312)) - 1b03df48-31d6-4d50-bcfe-06272533350b@group-3786AC858ED6-LeaderElection8 PRE_VOTE round 0: submit vote requests at term 0 for -1: peers:[1b03df48-31d6-4d50-bcfe-06272533350b|rpc:10.1.0.40:38067|dataStream:10.1.0.40:34129|priority:1|startupRole:FOLLOWER]|listeners:[], old=null
2023-03-29 22:45:58,210 [1b03df48-31d6-4d50-bcfe-06272533350b@group-3786AC858ED6-LeaderElection8] INFO  impl.LeaderElection (LeaderElection.java:askForVotes(314)) - 1b03df48-31d6-4d50-bcfe-06272533350b@group-3786AC858ED6-LeaderElection8 PRE_VOTE round 0: result PASSED (term=0)
2023-03-29 22:45:58,216 [1b03df48-31d6-4d50-bcfe-06272533350b@group-3786AC858ED6-LeaderElection8] INFO  impl.LeaderElection (LeaderElection.java:askForVotes(312)) - 1b03df48-31d6-4d50-bcfe-06272533350b@group-3786AC858ED6-LeaderElection8 ELECTION round 0: submit vote requests at term 1 for -1: peers:[1b03df48-31d6-4d50-bcfe-06272533350b|rpc:10.1.0.40:38067|dataStream:10.1.0.40:34129|priority:1|startupRole:FOLLOWER]|listeners:[], old=null
2023-03-29 22:45:58,216 [1b03df48-31d6-4d50-bcfe-06272533350b@group-3786AC858ED6-LeaderElection8] INFO  impl.LeaderElection (LeaderElection.java:askForVotes(314)) - 1b03df48-31d6-4d50-bcfe-06272533350b@group-3786AC858ED6-LeaderElection8 ELECTION round 0: result PASSED (term=1)
2023-03-29 22:45:58,216 [1b03df48-31d6-4d50-bcfe-06272533350b@group-3786AC858ED6-LeaderElection8] INFO  impl.RoleInfo (RoleInfo.java:shutdownLeaderElection(130)) - 1b03df48-31d6-4d50-bcfe-06272533350b: shutdown 1b03df48-31d6-4d50-bcfe-06272533350b@group-3786AC858ED6-LeaderElection8
2023-03-29 22:45:58,216 [1b03df48-31d6-4d50-bcfe-06272533350b@group-3786AC858ED6-LeaderElection8] INFO  server.RaftServer$Division (RaftServerImpl.java:setRole(321)) - 1b03df48-31d6-4d50-bcfe-06272533350b@group-3786AC858ED6: changes role from CANDIDATE to LEADER at term 1 for changeToLeader
2023-03-29 22:45:58,216 [1b03df48-31d6-4d50-bcfe-06272533350b@group-3786AC858ED6-LeaderElection8] INFO  ratis.XceiverServerRatis (XceiverServerRatis.java:handleLeaderChangedNotification(904)) - Leader change notification received for group: group-3786AC858ED6 with new leaderId: 1b03df48-31d6-4d50-bcfe-06272533350b
2023-03-29 22:45:58,217 [1b03df48-31d6-4d50-bcfe-06272533350b@group-3786AC858ED6-LeaderElection8] INFO  server.RaftServer$Division (ServerState.java:setLeader(313)) - 1b03df48-31d6-4d50-bcfe-06272533350b@group-3786AC858ED6: change Leader from null to 1b03df48-31d6-4d50-bcfe-06272533350b at term 1 for becomeLeader, leader elected after 5051ms
2023-03-29 22:45:58,218 [1b03df48-31d6-4d50-bcfe-06272533350b@group-3786AC858ED6-LeaderElection8] INFO  server.RaftServerConfigKeys (ConfUtils.java:logGet(46)) - raft.server.staging.catchup.gap = 1000 (default)
2023-03-29 22:45:58,218 [1b03df48-31d6-4d50-bcfe-06272533350b@group-3786AC858ED6-LeaderElection8] INFO  server.RaftServerConfigKeys (ConfUtils.java:logGet(46)) - raft.server.write.element-limit = 1024 (custom)
2023-03-29 22:45:58,218 [1b03df48-31d6-4d50-bcfe-06272533350b@group-3786AC858ED6-LeaderElection8] INFO  server.RaftServerConfigKeys (ConfUtils.java:logGet(46)) - raft.server.write.byte-limit = 1024 M (=1073741824) (custom)
2023-03-29 22:45:58,218 [EventQueue-OpenPipelineForHealthyPipelineSafeModeRule] INFO  safemode.SCMSafeModeManager (HealthyPipelineSafeModeRule.java:process(137)) - SCM in safe mode. Healthy pipelines reported count is 0, required healthy pipeline reported count is 1
2023-03-29 22:45:58,218 [1b03df48-31d6-4d50-bcfe-06272533350b@group-3786AC858ED6-LeaderElection8] INFO  server.RaftServerConfigKeys (ConfUtils.java:logGet(46)) - raft.server.watch.timeout = 180s (custom)
2023-03-29 22:45:58,218 [1b03df48-31d6-4d50-bcfe-06272533350b@group-3786AC858ED6-LeaderElection8] INFO  server.RaftServerConfigKeys (ConfUtils.java:logGet(46)) - raft.server.watch.timeout.denomination = 1s (default)
2023-03-29 22:45:58,218 [1b03df48-31d6-4d50-bcfe-06272533350b@group-3786AC858ED6-LeaderElection8] INFO  server.RaftServerConfigKeys (ConfUtils.java:logGet(46)) - raft.server.watch.element-limit = 65536 (default)
2023-03-29 22:45:58,219 [1b03df48-31d6-4d50-bcfe-06272533350b@group-3786AC858ED6-LeaderElection8] INFO  server.RaftServerConfigKeys (ConfUtils.java:logGet(46)) - raft.server.write.element-limit = 1024 (custom)
2023-03-29 22:45:58,219 [1b03df48-31d6-4d50-bcfe-06272533350b@group-3786AC858ED6-LeaderElection8] INFO  server.RaftServerConfigKeys (ConfUtils.java:logGet(46)) - raft.server.write.follower.gap.ratio.max = -1.0 (default)
2023-03-29 22:45:58,219 [1b03df48-31d6-4d50-bcfe-06272533350b@group-3786AC858ED6-LeaderElection8] INFO  impl.RoleInfo (RoleInfo.java:updateAndGet(139)) - 1b03df48-31d6-4d50-bcfe-06272533350b: start 1b03df48-31d6-4d50-bcfe-06272533350b@group-3786AC858ED6-LeaderStateImpl
2023-03-29 22:45:58,219 [1b03df48-31d6-4d50-bcfe-06272533350b@group-3786AC858ED6-LeaderElection8] INFO  segmented.SegmentedRaftLogWorker (SegmentedRaftLogWorker.java:startLogSegment(452)) - 1b03df48-31d6-4d50-bcfe-06272533350b@group-3786AC858ED6-SegmentedRaftLogWorker: Starting segment from index:0
2023-03-29 22:45:58,221 [1b03df48-31d6-4d50-bcfe-06272533350b@group-3786AC858ED6-SegmentedRaftLogWorker] INFO  segmented.SegmentedRaftLogWorker (SegmentedRaftLogWorker.java:execute(656)) - 1b03df48-31d6-4d50-bcfe-06272533350b@group-3786AC858ED6-SegmentedRaftLogWorker: created new log segment /home/runner/work/ozone/ozone/hadoop-ozone/integration-test/target/test-dir/MiniOzoneClusterImpl-8ae17f6e-7b8d-4fcc-9253-feb95f7e1717/datanode-0/data/ratis/22afb092-fb7c-40bc-90b2-3786ac858ed6/current/log_inprogress_0
2023-03-29 22:45:58,222 [1b03df48-31d6-4d50-bcfe-06272533350b@group-3786AC858ED6-LeaderElection8] INFO  server.RaftServer$Division (ServerState.java:setRaftConf(430)) - 1b03df48-31d6-4d50-bcfe-06272533350b@group-3786AC858ED6: set configuration 0: peers:[1b03df48-31d6-4d50-bcfe-06272533350b|rpc:10.1.0.40:38067|dataStream:10.1.0.40:34129|priority:1|startupRole:FOLLOWER]|listeners:[], old=null
2023-03-29 22:45:58,287 [31377470-4be3-4e7f-893b-aea4cf46f3a2@group-8C295BA8EDD8-FollowerState] INFO  impl.FollowerState (FollowerState.java:run(143)) - 31377470-4be3-4e7f-893b-aea4cf46f3a2@group-8C295BA8EDD8-FollowerState: change to CANDIDATE, lastRpcElapsedTime:5030304812ns, electionTimeout:5028ms
2023-03-29 22:45:58,288 [31377470-4be3-4e7f-893b-aea4cf46f3a2@group-8C295BA8EDD8-FollowerState] INFO  impl.RoleInfo (RoleInfo.java:shutdownFollowerState(110)) - 31377470-4be3-4e7f-893b-aea4cf46f3a2: shutdown 31377470-4be3-4e7f-893b-aea4cf46f3a2@group-8C295BA8EDD8-FollowerState
2023-03-29 22:45:58,288 [31377470-4be3-4e7f-893b-aea4cf46f3a2@group-8C295BA8EDD8-FollowerState] INFO  server.RaftServer$Division (RaftServerImpl.java:setRole(321)) - 31377470-4be3-4e7f-893b-aea4cf46f3a2@group-8C295BA8EDD8: changes role from  FOLLOWER to CANDIDATE at term 0 for changeToCandidate
2023-03-29 22:45:58,288 [31377470-4be3-4e7f-893b-aea4cf46f3a2@group-8C295BA8EDD8-FollowerState] INFO  server.RaftServerConfigKeys (ConfUtils.java:logGet(46)) - raft.server.leaderelection.pre-vote = true (default)
2023-03-29 22:45:58,288 [31377470-4be3-4e7f-893b-aea4cf46f3a2@group-8C295BA8EDD8-FollowerState] INFO  impl.RoleInfo (RoleInfo.java:updateAndGet(139)) - 31377470-4be3-4e7f-893b-aea4cf46f3a2: start 31377470-4be3-4e7f-893b-aea4cf46f3a2@group-8C295BA8EDD8-LeaderElection9
2023-03-29 22:45:58,290 [31377470-4be3-4e7f-893b-aea4cf46f3a2@group-8C295BA8EDD8-LeaderElection9] INFO  impl.LeaderElection (LeaderElection.java:askForVotes(312)) - 31377470-4be3-4e7f-893b-aea4cf46f3a2@group-8C295BA8EDD8-LeaderElection9 PRE_VOTE round 0: submit vote requests at term 0 for -1: peers:[1b03df48-31d6-4d50-bcfe-06272533350b|rpc:10.1.0.40:38067|dataStream:10.1.0.40:34129|priority:0|startupRole:FOLLOWER, 399773cb-fecd-40e3-a3a3-0a72d991f432|rpc:10.1.0.40:46155|dataStream:10.1.0.40:41261|priority:0|startupRole:FOLLOWER, 31377470-4be3-4e7f-893b-aea4cf46f3a2|rpc:10.1.0.40:38467|dataStream:10.1.0.40:33959|priority:1|startupRole:FOLLOWER]|listeners:[], old=null
2023-03-29 22:45:58,290 [31377470-4be3-4e7f-893b-aea4cf46f3a2@group-8C295BA8EDD8-LeaderElection9-1] INFO  server.GrpcServerProtocolClient (GrpcServerProtocolClient.java:<init>(63)) - Build channel for 1b03df48-31d6-4d50-bcfe-06272533350b
2023-03-29 22:45:58,290 [31377470-4be3-4e7f-893b-aea4cf46f3a2@group-8C295BA8EDD8-LeaderElection9] INFO  server.RaftServerConfigKeys (ConfUtils.java:logFallback(53)) - raft.server.rpc.first-election.timeout.min = 5s (fallback to raft.server.rpc.timeout.min)
2023-03-29 22:45:58,298 [31377470-4be3-4e7f-893b-aea4cf46f3a2@group-8C295BA8EDD8-LeaderElection9] INFO  server.RaftServerConfigKeys (ConfUtils.java:logFallback(53)) - raft.server.rpc.first-election.timeout.max = 5200ms (fallback to raft.server.rpc.timeout.max)
2023-03-29 22:45:58,299 [31377470-4be3-4e7f-893b-aea4cf46f3a2@group-8C295BA8EDD8-LeaderElection9-2] INFO  server.GrpcServerProtocolClient (GrpcServerProtocolClient.java:<init>(63)) - Build channel for 399773cb-fecd-40e3-a3a3-0a72d991f432
2023-03-29 22:45:58,310 [grpc-default-executor-6] INFO  server.RaftServer$Division (RaftServerImpl.java:requestVote(1218)) - 399773cb-fecd-40e3-a3a3-0a72d991f432@group-8C295BA8EDD8: receive requestVote(PRE_VOTE, 31377470-4be3-4e7f-893b-aea4cf46f3a2, group-8C295BA8EDD8, 0, (t:0, i:0))
2023-03-29 22:45:58,310 [grpc-default-executor-4] INFO  server.RaftServer$Division (RaftServerImpl.java:requestVote(1218)) - 1b03df48-31d6-4d50-bcfe-06272533350b@group-8C295BA8EDD8: receive requestVote(PRE_VOTE, 31377470-4be3-4e7f-893b-aea4cf46f3a2, group-8C295BA8EDD8, 0, (t:0, i:0))
2023-03-29 22:45:58,311 [grpc-default-executor-6] INFO  impl.VoteContext (VoteContext.java:log(49)) - 399773cb-fecd-40e3-a3a3-0a72d991f432@group-8C295BA8EDD8-FOLLOWER: accept PRE_VOTE from 31377470-4be3-4e7f-893b-aea4cf46f3a2: our priority 0 <= candidate's priority 1
2023-03-29 22:45:58,311 [grpc-default-executor-4] INFO  impl.VoteContext (VoteContext.java:log(49)) - 1b03df48-31d6-4d50-bcfe-06272533350b@group-8C295BA8EDD8-FOLLOWER: accept PRE_VOTE from 31377470-4be3-4e7f-893b-aea4cf46f3a2: our priority 0 <= candidate's priority 1
2023-03-29 22:45:58,311 [grpc-default-executor-6] INFO  server.RaftServer$Division (RaftServerImpl.java:requestVote(1251)) - 399773cb-fecd-40e3-a3a3-0a72d991f432@group-8C295BA8EDD8 replies to PRE_VOTE vote request: 31377470-4be3-4e7f-893b-aea4cf46f3a2<-399773cb-fecd-40e3-a3a3-0a72d991f432#0:OK-t0. Peer's state: 399773cb-fecd-40e3-a3a3-0a72d991f432@group-8C295BA8EDD8:t0, leader=null, voted=, raftlog=Memoized:399773cb-fecd-40e3-a3a3-0a72d991f432@group-8C295BA8EDD8-SegmentedRaftLog:OPENED:c-1, conf=-1: peers:[1b03df48-31d6-4d50-bcfe-06272533350b|rpc:10.1.0.40:38067|dataStream:10.1.0.40:34129|priority:0|startupRole:FOLLOWER, 399773cb-fecd-40e3-a3a3-0a72d991f432|rpc:10.1.0.40:46155|dataStream:10.1.0.40:41261|priority:0|startupRole:FOLLOWER, 31377470-4be3-4e7f-893b-aea4cf46f3a2|rpc:10.1.0.40:38467|dataStream:10.1.0.40:33959|priority:1|startupRole:FOLLOWER]|listeners:[], old=null
2023-03-29 22:45:58,311 [grpc-default-executor-4] INFO  server.RaftServer$Division (RaftServerImpl.java:requestVote(1251)) - 1b03df48-31d6-4d50-bcfe-06272533350b@group-8C295BA8EDD8 replies to PRE_VOTE vote request: 31377470-4be3-4e7f-893b-aea4cf46f3a2<-1b03df48-31d6-4d50-bcfe-06272533350b#0:OK-t0. Peer's state: 1b03df48-31d6-4d50-bcfe-06272533350b@group-8C295BA8EDD8:t0, leader=null, voted=, raftlog=Memoized:1b03df48-31d6-4d50-bcfe-06272533350b@group-8C295BA8EDD8-SegmentedRaftLog:OPENED:c-1, conf=-1: peers:[1b03df48-31d6-4d50-bcfe-06272533350b|rpc:10.1.0.40:38067|dataStream:10.1.0.40:34129|priority:0|startupRole:FOLLOWER, 399773cb-fecd-40e3-a3a3-0a72d991f432|rpc:10.1.0.40:46155|dataStream:10.1.0.40:41261|priority:0|startupRole:FOLLOWER, 31377470-4be3-4e7f-893b-aea4cf46f3a2|rpc:10.1.0.40:38467|dataStream:10.1.0.40:33959|priority:1|startupRole:FOLLOWER]|listeners:[], old=null
2023-03-29 22:45:58,313 [31377470-4be3-4e7f-893b-aea4cf46f3a2@group-8C295BA8EDD8-LeaderElection9] INFO  impl.LeaderElection (LeaderElection.java:logAndReturn(90)) - 31377470-4be3-4e7f-893b-aea4cf46f3a2@group-8C295BA8EDD8-LeaderElection9: PRE_VOTE PASSED received 1 response(s) and 0 exception(s):
2023-03-29 22:45:58,314 [31377470-4be3-4e7f-893b-aea4cf46f3a2@group-8C295BA8EDD8-LeaderElection9] INFO  impl.LeaderElection (LeaderElection.java:logAndReturn(94)) -   Response 0: 31377470-4be3-4e7f-893b-aea4cf46f3a2<-399773cb-fecd-40e3-a3a3-0a72d991f432#0:OK-t0
2023-03-29 22:45:58,314 [31377470-4be3-4e7f-893b-aea4cf46f3a2@group-8C295BA8EDD8-LeaderElection9] INFO  impl.LeaderElection (LeaderElection.java:askForVotes(314)) - 31377470-4be3-4e7f-893b-aea4cf46f3a2@group-8C295BA8EDD8-LeaderElection9 PRE_VOTE round 0: result PASSED
2023-03-29 22:45:58,315 [31377470-4be3-4e7f-893b-aea4cf46f3a2@group-8C295BA8EDD8-LeaderElection9] INFO  impl.LeaderElection (LeaderElection.java:askForVotes(312)) - 31377470-4be3-4e7f-893b-aea4cf46f3a2@group-8C295BA8EDD8-LeaderElection9 ELECTION round 0: submit vote requests at term 1 for -1: peers:[1b03df48-31d6-4d50-bcfe-06272533350b|rpc:10.1.0.40:38067|dataStream:10.1.0.40:34129|priority:0|startupRole:FOLLOWER, 399773cb-fecd-40e3-a3a3-0a72d991f432|rpc:10.1.0.40:46155|dataStream:10.1.0.40:41261|priority:0|startupRole:FOLLOWER, 31377470-4be3-4e7f-893b-aea4cf46f3a2|rpc:10.1.0.40:38467|dataStream:10.1.0.40:33959|priority:1|startupRole:FOLLOWER]|listeners:[], old=null
2023-03-29 22:45:58,317 [31377470-4be3-4e7f-893b-aea4cf46f3a2@group-8C295BA8EDD8-LeaderElection9] INFO  server.RaftServerConfigKeys (ConfUtils.java:logFallback(53)) - raft.server.rpc.first-election.timeout.min = 5s (fallback to raft.server.rpc.timeout.min)
2023-03-29 22:45:58,317 [31377470-4be3-4e7f-893b-aea4cf46f3a2@group-8C295BA8EDD8-LeaderElection9] INFO  server.RaftServerConfigKeys (ConfUtils.java:logFallback(53)) - raft.server.rpc.first-election.timeout.max = 5200ms (fallback to raft.server.rpc.timeout.max)
2023-03-29 22:45:58,322 [grpc-default-executor-4] INFO  server.RaftServer$Division (RaftServerImpl.java:requestVote(1218)) - 1b03df48-31d6-4d50-bcfe-06272533350b@group-8C295BA8EDD8: receive requestVote(ELECTION, 31377470-4be3-4e7f-893b-aea4cf46f3a2, group-8C295BA8EDD8, 1, (t:0, i:0))
2023-03-29 22:45:58,322 [grpc-default-executor-4] INFO  impl.VoteContext (VoteContext.java:log(49)) - 1b03df48-31d6-4d50-bcfe-06272533350b@group-8C295BA8EDD8-FOLLOWER: accept ELECTION from 31377470-4be3-4e7f-893b-aea4cf46f3a2: our priority 0 <= candidate's priority 1
2023-03-29 22:45:58,322 [grpc-default-executor-4] INFO  server.RaftServer$Division (RaftServerImpl.java:setRole(321)) - 1b03df48-31d6-4d50-bcfe-06272533350b@group-8C295BA8EDD8: changes role from  FOLLOWER to FOLLOWER at term 1 for candidate:31377470-4be3-4e7f-893b-aea4cf46f3a2
2023-03-29 22:45:58,323 [grpc-default-executor-4] INFO  impl.RoleInfo (RoleInfo.java:shutdownFollowerState(110)) - 1b03df48-31d6-4d50-bcfe-06272533350b: shutdown 1b03df48-31d6-4d50-bcfe-06272533350b@group-8C295BA8EDD8-FollowerState
2023-03-29 22:45:58,323 [grpc-default-executor-4] INFO  impl.RoleInfo (RoleInfo.java:updateAndGet(139)) - 1b03df48-31d6-4d50-bcfe-06272533350b: start 1b03df48-31d6-4d50-bcfe-06272533350b@group-8C295BA8EDD8-FollowerState
2023-03-29 22:45:58,323 [1b03df48-31d6-4d50-bcfe-06272533350b@group-8C295BA8EDD8-FollowerState] INFO  impl.FollowerState (FollowerState.java:run(152)) - 1b03df48-31d6-4d50-bcfe-06272533350b@group-8C295BA8EDD8-FollowerState was interrupted
2023-03-29 22:45:58,326 [1b03df48-31d6-4d50-bcfe-06272533350b@group-8C295BA8EDD8-FollowerState] INFO  server.RaftServerConfigKeys (ConfUtils.java:logFallback(53)) - raft.server.rpc.first-election.timeout.min = 5s (fallback to raft.server.rpc.timeout.min)
2023-03-29 22:45:58,326 [1b03df48-31d6-4d50-bcfe-06272533350b@group-8C295BA8EDD8-FollowerState] INFO  server.RaftServerConfigKeys (ConfUtils.java:logFallback(53)) - raft.server.rpc.first-election.timeout.max = 5200ms (fallback to raft.server.rpc.timeout.max)
2023-03-29 22:45:58,327 [grpc-default-executor-6] INFO  server.RaftServer$Division (RaftServerImpl.java:requestVote(1218)) - 399773cb-fecd-40e3-a3a3-0a72d991f432@group-8C295BA8EDD8: receive requestVote(ELECTION, 31377470-4be3-4e7f-893b-aea4cf46f3a2, group-8C295BA8EDD8, 1, (t:0, i:0))
2023-03-29 22:45:58,327 [grpc-default-executor-4] INFO  server.RaftServer$Division (RaftServerImpl.java:requestVote(1251)) - 1b03df48-31d6-4d50-bcfe-06272533350b@group-8C295BA8EDD8 replies to ELECTION vote request: 31377470-4be3-4e7f-893b-aea4cf46f3a2<-1b03df48-31d6-4d50-bcfe-06272533350b#0:OK-t1. Peer's state: 1b03df48-31d6-4d50-bcfe-06272533350b@group-8C295BA8EDD8:t1, leader=null, voted=31377470-4be3-4e7f-893b-aea4cf46f3a2, raftlog=Memoized:1b03df48-31d6-4d50-bcfe-06272533350b@group-8C295BA8EDD8-SegmentedRaftLog:OPENED:c-1, conf=-1: peers:[1b03df48-31d6-4d50-bcfe-06272533350b|rpc:10.1.0.40:38067|dataStream:10.1.0.40:34129|priority:0|startupRole:FOLLOWER, 399773cb-fecd-40e3-a3a3-0a72d991f432|rpc:10.1.0.40:46155|dataStream:10.1.0.40:41261|priority:0|startupRole:FOLLOWER, 31377470-4be3-4e7f-893b-aea4cf46f3a2|rpc:10.1.0.40:38467|dataStream:10.1.0.40:33959|priority:1|startupRole:FOLLOWER]|listeners:[], old=null
2023-03-29 22:45:58,327 [grpc-default-executor-6] INFO  impl.VoteContext (VoteContext.java:log(49)) - 399773cb-fecd-40e3-a3a3-0a72d991f432@group-8C295BA8EDD8-FOLLOWER: accept ELECTION from 31377470-4be3-4e7f-893b-aea4cf46f3a2: our priority 0 <= candidate's priority 1
2023-03-29 22:45:58,328 [grpc-default-executor-6] INFO  server.RaftServer$Division (RaftServerImpl.java:setRole(321)) - 399773cb-fecd-40e3-a3a3-0a72d991f432@group-8C295BA8EDD8: changes role from  FOLLOWER to FOLLOWER at term 1 for candidate:31377470-4be3-4e7f-893b-aea4cf46f3a2
2023-03-29 22:45:58,328 [grpc-default-executor-6] INFO  impl.RoleInfo (RoleInfo.java:shutdownFollowerState(110)) - 399773cb-fecd-40e3-a3a3-0a72d991f432: shutdown 399773cb-fecd-40e3-a3a3-0a72d991f432@group-8C295BA8EDD8-FollowerState
2023-03-29 22:45:58,328 [grpc-default-executor-6] INFO  impl.RoleInfo (RoleInfo.java:updateAndGet(139)) - 399773cb-fecd-40e3-a3a3-0a72d991f432: start 399773cb-fecd-40e3-a3a3-0a72d991f432@group-8C295BA8EDD8-FollowerState
2023-03-29 22:45:58,328 [399773cb-fecd-40e3-a3a3-0a72d991f432@group-8C295BA8EDD8-FollowerState] INFO  impl.FollowerState (FollowerState.java:run(152)) - 399773cb-fecd-40e3-a3a3-0a72d991f432@group-8C295BA8EDD8-FollowerState was interrupted
2023-03-29 22:45:58,330 [31377470-4be3-4e7f-893b-aea4cf46f3a2@group-8C295BA8EDD8-LeaderElection9] INFO  impl.LeaderElection (LeaderElection.java:logAndReturn(90)) - 31377470-4be3-4e7f-893b-aea4cf46f3a2@group-8C295BA8EDD8-LeaderElection9: ELECTION PASSED received 1 response(s) and 0 exception(s):
2023-03-29 22:45:58,330 [31377470-4be3-4e7f-893b-aea4cf46f3a2@group-8C295BA8EDD8-LeaderElection9] INFO  impl.LeaderElection (LeaderElection.java:logAndReturn(94)) -   Response 0: 31377470-4be3-4e7f-893b-aea4cf46f3a2<-1b03df48-31d6-4d50-bcfe-06272533350b#0:OK-t1
2023-03-29 22:45:58,330 [31377470-4be3-4e7f-893b-aea4cf46f3a2@group-8C295BA8EDD8-LeaderElection9] INFO  impl.LeaderElection (LeaderElection.java:askForVotes(314)) - 31377470-4be3-4e7f-893b-aea4cf46f3a2@group-8C295BA8EDD8-LeaderElection9 ELECTION round 0: result PASSED
2023-03-29 22:45:58,330 [31377470-4be3-4e7f-893b-aea4cf46f3a2@group-8C295BA8EDD8-LeaderElection9] INFO  impl.RoleInfo (RoleInfo.java:shutdownLeaderElection(130)) - 31377470-4be3-4e7f-893b-aea4cf46f3a2: shutdown 31377470-4be3-4e7f-893b-aea4cf46f3a2@group-8C295BA8EDD8-LeaderElection9
2023-03-29 22:45:58,331 [31377470-4be3-4e7f-893b-aea4cf46f3a2@group-8C295BA8EDD8-LeaderElection9] INFO  server.RaftServer$Division (RaftServerImpl.java:setRole(321)) - 31377470-4be3-4e7f-893b-aea4cf46f3a2@group-8C295BA8EDD8: changes role from CANDIDATE to LEADER at term 1 for changeToLeader
2023-03-29 22:45:58,331 [31377470-4be3-4e7f-893b-aea4cf46f3a2@group-8C295BA8EDD8-LeaderElection9] INFO  ratis.XceiverServerRatis (XceiverServerRatis.java:handleLeaderChangedNotification(904)) - Leader change notification received for group: group-8C295BA8EDD8 with new leaderId: 31377470-4be3-4e7f-893b-aea4cf46f3a2
2023-03-29 22:45:58,331 [grpc-default-executor-6] INFO  server.RaftServer$Division (RaftServerImpl.java:requestVote(1251)) - 399773cb-fecd-40e3-a3a3-0a72d991f432@group-8C295BA8EDD8 replies to ELECTION vote request: 31377470-4be3-4e7f-893b-aea4cf46f3a2<-399773cb-fecd-40e3-a3a3-0a72d991f432#0:OK-t1. Peer's state: 399773cb-fecd-40e3-a3a3-0a72d991f432@group-8C295BA8EDD8:t1, leader=null, voted=31377470-4be3-4e7f-893b-aea4cf46f3a2, raftlog=Memoized:399773cb-fecd-40e3-a3a3-0a72d991f432@group-8C295BA8EDD8-SegmentedRaftLog:OPENED:c-1, conf=-1: peers:[1b03df48-31d6-4d50-bcfe-06272533350b|rpc:10.1.0.40:38067|dataStream:10.1.0.40:34129|priority:0|startupRole:FOLLOWER, 399773cb-fecd-40e3-a3a3-0a72d991f432|rpc:10.1.0.40:46155|dataStream:10.1.0.40:41261|priority:0|startupRole:FOLLOWER, 31377470-4be3-4e7f-893b-aea4cf46f3a2|rpc:10.1.0.40:38467|dataStream:10.1.0.40:33959|priority:1|startupRole:FOLLOWER]|listeners:[], old=null
2023-03-29 22:45:58,331 [31377470-4be3-4e7f-893b-aea4cf46f3a2@group-8C295BA8EDD8-LeaderElection9] INFO  server.RaftServer$Division (ServerState.java:setLeader(313)) - 31377470-4be3-4e7f-893b-aea4cf46f3a2@group-8C295BA8EDD8: change Leader from null to 31377470-4be3-4e7f-893b-aea4cf46f3a2 at term 1 for becomeLeader, leader elected after 5091ms
2023-03-29 22:45:58,331 [31377470-4be3-4e7f-893b-aea4cf46f3a2@group-8C295BA8EDD8-LeaderElection9] INFO  server.RaftServerConfigKeys (ConfUtils.java:logGet(46)) - raft.server.staging.catchup.gap = 1000 (default)
2023-03-29 22:45:58,331 [31377470-4be3-4e7f-893b-aea4cf46f3a2@group-8C295BA8EDD8-LeaderElection9] INFO  server.RaftServerConfigKeys (ConfUtils.java:logGet(46)) - raft.server.write.element-limit = 1024 (custom)
2023-03-29 22:45:58,331 [31377470-4be3-4e7f-893b-aea4cf46f3a2@group-8C295BA8EDD8-LeaderElection9] INFO  server.RaftServerConfigKeys (ConfUtils.java:logGet(46)) - raft.server.write.byte-limit = 1024 M (=1073741824) (custom)
2023-03-29 22:45:58,331 [31377470-4be3-4e7f-893b-aea4cf46f3a2@group-8C295BA8EDD8-LeaderElection9] INFO  server.RaftServerConfigKeys (ConfUtils.java:logGet(46)) - raft.server.watch.timeout = 180s (custom)
2023-03-29 22:45:58,331 [31377470-4be3-4e7f-893b-aea4cf46f3a2@group-8C295BA8EDD8-LeaderElection9] INFO  server.RaftServerConfigKeys (ConfUtils.java:logGet(46)) - raft.server.watch.timeout.denomination = 1s (default)
2023-03-29 22:45:58,331 [31377470-4be3-4e7f-893b-aea4cf46f3a2@group-8C295BA8EDD8-LeaderElection9] INFO  server.RaftServerConfigKeys (ConfUtils.java:logGet(46)) - raft.server.watch.element-limit = 65536 (default)
2023-03-29 22:45:58,332 [31377470-4be3-4e7f-893b-aea4cf46f3a2@group-8C295BA8EDD8-LeaderElection9] INFO  server.RaftServerConfigKeys (ConfUtils.java:logGet(46)) - raft.server.write.element-limit = 1024 (custom)
2023-03-29 22:45:58,332 [31377470-4be3-4e7f-893b-aea4cf46f3a2@group-8C295BA8EDD8-LeaderElection9] INFO  server.RaftServerConfigKeys (ConfUtils.java:logGet(46)) - raft.server.write.follower.gap.ratio.max = -1.0 (default)
2023-03-29 22:45:58,332 [31377470-4be3-4e7f-893b-aea4cf46f3a2@group-8C295BA8EDD8-LeaderElection9] INFO  server.RaftServerConfigKeys (ConfUtils.java:logGet(46)) - raft.server.log.appender.snapshot.chunk.size.max = 16MB (=16777216) (default)
2023-03-29 22:45:58,332 [31377470-4be3-4e7f-893b-aea4cf46f3a2@group-8C295BA8EDD8-LeaderElection9] INFO  server.RaftServerConfigKeys (ConfUtils.java:logGet(46)) - raft.server.log.appender.buffer.byte-limit = 33554432 (custom)
2023-03-29 22:45:58,332 [31377470-4be3-4e7f-893b-aea4cf46f3a2@group-8C295BA8EDD8-LeaderElection9] INFO  server.RaftServerConfigKeys (ConfUtils.java:logGet(46)) - raft.server.log.appender.buffer.element-limit = 1 (custom)
2023-03-29 22:45:58,332 [31377470-4be3-4e7f-893b-aea4cf46f3a2@group-8C295BA8EDD8-LeaderElection9] INFO  grpc.GrpcConfigKeys (ConfUtils.java:logGet(46)) - raft.grpc.server.leader.outstanding.appends.max = 128 (default)
2023-03-29 22:45:58,332 [31377470-4be3-4e7f-893b-aea4cf46f3a2@group-8C295BA8EDD8-LeaderElection9] INFO  server.RaftServerConfigKeys (ConfUtils.java:logGet(46)) - raft.server.rpc.request.timeout = 60s (custom)
2023-03-29 22:45:58,332 [31377470-4be3-4e7f-893b-aea4cf46f3a2@group-8C295BA8EDD8-LeaderElection9] INFO  server.RaftServerConfigKeys (ConfUtils.java:logGet(46)) - raft.server.log.appender.install.snapshot.enabled = false (custom)
2023-03-29 22:45:58,332 [31377470-4be3-4e7f-893b-aea4cf46f3a2@group-8C295BA8EDD8-LeaderElection9] INFO  grpc.GrpcConfigKeys (ConfUtils.java:logGet(46)) - raft.grpc.server.heartbeat.channel = true (default)
2023-03-29 22:45:58,332 [31377470-4be3-4e7f-893b-aea4cf46f3a2@group-8C295BA8EDD8-LeaderElection9] INFO  server.RaftServerConfigKeys (ConfUtils.java:logGet(46)) - raft.server.log.appender.wait-time.min = 10ms (default)
2023-03-29 22:45:58,333 [31377470-4be3-4e7f-893b-aea4cf46f3a2@group-8C295BA8EDD8-LeaderElection9] INFO  server.RaftServerConfigKeys (ConfUtils.java:logGet(46)) - raft.server.log.appender.snapshot.chunk.size.max = 16MB (=16777216) (default)
2023-03-29 22:45:58,333 [31377470-4be3-4e7f-893b-aea4cf46f3a2@group-8C295BA8EDD8-LeaderElection9] INFO  server.RaftServerConfigKeys (ConfUtils.java:logGet(46)) - raft.server.log.appender.buffer.byte-limit = 33554432 (custom)
2023-03-29 22:45:58,333 [31377470-4be3-4e7f-893b-aea4cf46f3a2@group-8C295BA8EDD8-LeaderElection9] INFO  server.RaftServerConfigKeys (ConfUtils.java:logGet(46)) - raft.server.log.appender.buffer.element-limit = 1 (custom)
2023-03-29 22:45:58,333 [31377470-4be3-4e7f-893b-aea4cf46f3a2@group-8C295BA8EDD8-LeaderElection9] INFO  grpc.GrpcConfigKeys (ConfUtils.java:logGet(46)) - raft.grpc.server.leader.outstanding.appends.max = 128 (default)
2023-03-29 22:45:58,333 [31377470-4be3-4e7f-893b-aea4cf46f3a2@group-8C295BA8EDD8-LeaderElection9] INFO  server.RaftServerConfigKeys (ConfUtils.java:logGet(46)) - raft.server.rpc.request.timeout = 60s (custom)
2023-03-29 22:45:58,333 [31377470-4be3-4e7f-893b-aea4cf46f3a2@group-8C295BA8EDD8-LeaderElection9] INFO  server.RaftServerConfigKeys (ConfUtils.java:logGet(46)) - raft.server.log.appender.install.snapshot.enabled = false (custom)
2023-03-29 22:45:58,333 [31377470-4be3-4e7f-893b-aea4cf46f3a2@group-8C295BA8EDD8-LeaderElection9] INFO  grpc.GrpcConfigKeys (ConfUtils.java:logGet(46)) - raft.grpc.server.heartbeat.channel = true (default)
2023-03-29 22:45:58,333 [31377470-4be3-4e7f-893b-aea4cf46f3a2@group-8C295BA8EDD8-LeaderElection9] INFO  server.RaftServerConfigKeys (ConfUtils.java:logGet(46)) - raft.server.log.appender.wait-time.min = 10ms (default)
2023-03-29 22:45:58,333 [31377470-4be3-4e7f-893b-aea4cf46f3a2@group-8C295BA8EDD8-LeaderElection9] INFO  impl.RoleInfo (RoleInfo.java:updateAndGet(139)) - 31377470-4be3-4e7f-893b-aea4cf46f3a2: start 31377470-4be3-4e7f-893b-aea4cf46f3a2@group-8C295BA8EDD8-LeaderStateImpl
2023-03-29 22:45:58,335 [31377470-4be3-4e7f-893b-aea4cf46f3a2@group-8C295BA8EDD8-LeaderElection9] INFO  segmented.SegmentedRaftLogWorker (SegmentedRaftLogWorker.java:startLogSegment(452)) - 31377470-4be3-4e7f-893b-aea4cf46f3a2@group-8C295BA8EDD8-SegmentedRaftLogWorker: Starting segment from index:0
2023-03-29 22:45:58,336 [EventQueue-PipelineReportForPipelineReportHandler] INFO  pipeline.PipelineManagerImpl (PipelineManagerImpl.java:openPipeline(367)) - Pipeline Pipeline[ Id: 04ce0540-d0a1-42e0-839d-8c295ba8edd8, Nodes: 31377470-4be3-4e7f-893b-aea4cf46f3a2(fv-az377-460/10.1.0.40)1b03df48-31d6-4d50-bcfe-06272533350b(fv-az377-460/10.1.0.40)399773cb-fecd-40e3-a3a3-0a72d991f432(fv-az377-460/10.1.0.40), ReplicationConfig: RATIS/THREE, State:ALLOCATED, leaderId:31377470-4be3-4e7f-893b-aea4cf46f3a2, CreationTimestamp2023-03-29T22:45:50.920Z[Etc/UTC]] moved to OPEN state
2023-03-29 22:45:58,348 [31377470-4be3-4e7f-893b-aea4cf46f3a2@group-8C295BA8EDD8-LeaderElection9] INFO  server.RaftServer$Division (ServerState.java:setRaftConf(430)) - 31377470-4be3-4e7f-893b-aea4cf46f3a2@group-8C295BA8EDD8: set configuration 0: peers:[1b03df48-31d6-4d50-bcfe-06272533350b|rpc:10.1.0.40:38067|dataStream:10.1.0.40:34129|priority:0|startupRole:FOLLOWER, 399773cb-fecd-40e3-a3a3-0a72d991f432|rpc:10.1.0.40:46155|dataStream:10.1.0.40:41261|priority:0|startupRole:FOLLOWER, 31377470-4be3-4e7f-893b-aea4cf46f3a2|rpc:10.1.0.40:38467|dataStream:10.1.0.40:33959|priority:1|startupRole:FOLLOWER]|listeners:[], old=null
2023-03-29 22:45:58,342 [399773cb-fecd-40e3-a3a3-0a72d991f432@group-8C295BA8EDD8-FollowerState] INFO  server.RaftServerConfigKeys (ConfUtils.java:logFallback(53)) - raft.server.rpc.first-election.timeout.min = 5s (fallback to raft.server.rpc.timeout.min)
2023-03-29 22:45:58,350 [399773cb-fecd-40e3-a3a3-0a72d991f432@group-8C295BA8EDD8-FollowerState] INFO  server.RaftServerConfigKeys (ConfUtils.java:logFallback(53)) - raft.server.rpc.first-election.timeout.max = 5200ms (fallback to raft.server.rpc.timeout.max)
2023-03-29 22:45:58,337 [31377470-4be3-4e7f-893b-aea4cf46f3a2@group-8C295BA8EDD8-SegmentedRaftLogWorker] INFO  segmented.SegmentedRaftLogWorker (SegmentedRaftLogWorker.java:execute(656)) - 31377470-4be3-4e7f-893b-aea4cf46f3a2@group-8C295BA8EDD8-SegmentedRaftLogWorker: created new log segment /home/runner/work/ozone/ozone/hadoop-ozone/integration-test/target/test-dir/MiniOzoneClusterImpl-8ae17f6e-7b8d-4fcc-9253-feb95f7e1717/datanode-1/data/ratis/04ce0540-d0a1-42e0-839d-8c295ba8edd8/current/log_inprogress_0
2023-03-29 22:45:58,336 [EventQueue-OpenPipelineForHealthyPipelineSafeModeRule] INFO  safemode.SCMSafeModeManager (HealthyPipelineSafeModeRule.java:process(137)) - SCM in safe mode. Healthy pipelines reported count is 0, required healthy pipeline reported count is 1
2023-03-29 22:45:58,352 [EventQueue-OpenPipelineForHealthyPipelineSafeModeRule] INFO  safemode.SCMSafeModeManager (HealthyPipelineSafeModeRule.java:process(137)) - SCM in safe mode. Healthy pipelines reported count is 1, required healthy pipeline reported count is 1
2023-03-29 22:45:58,352 [EventQueue-OpenPipelineForHealthyPipelineSafeModeRule] INFO  safemode.SCMSafeModeManager (SCMSafeModeManager.java:validateSafeModeExitRules(200)) - HealthyPipelineSafeModeRule rule is successfully validated
2023-03-29 22:45:58,352 [EventQueue-OpenPipelineForHealthyPipelineSafeModeRule] INFO  safemode.SCMSafeModeManager (SCMSafeModeManager.java:validateSafeModeExitRules(215)) - ScmSafeModeManager, all rules are successfully validated
2023-03-29 22:45:58,352 [EventQueue-OpenPipelineForHealthyPipelineSafeModeRule] INFO  safemode.SCMSafeModeManager (SCMSafeModeManager.java:exitSafeMode(244)) - SCM exiting safe mode.
2023-03-29 22:45:58,352 [EventQueue-OpenPipelineForHealthyPipelineSafeModeRule] INFO  ha.SCMContext (SCMContext.java:updateSafeModeStatus(228)) - Update SafeModeStatus from SafeModeStatus{safeModeStatus=true, preCheckPassed=true} to SafeModeStatus{safeModeStatus=false, preCheckPassed=true}.
2023-03-29 22:45:58,352 [EventQueue-OpenPipelineForHealthyPipelineSafeModeRule] INFO  pipeline.BackgroundPipelineCreator (BackgroundPipelineCreator.java:notifyStatusChanged(254)) - Service BackgroundPipelineCreator transitions to RUNNING.
2023-03-29 22:45:58,352 [EventQueue-OpenPipelineForHealthyPipelineSafeModeRule] INFO  BackgroundPipelineScrubber (BackgroundSCMService.java:notifyStatusChanged(82)) - Service BackgroundPipelineScrubber transitions to RUNNING.
2023-03-29 22:45:58,352 [EventQueue-OpenPipelineForHealthyPipelineSafeModeRule] INFO  ExpiredContainerReplicaOpScrubber (BackgroundSCMService.java:notifyStatusChanged(82)) - Service ExpiredContainerReplicaOpScrubber transitions to RUNNING.
2023-03-29 22:45:58,352 [EventQueue-OpenPipelineForHealthyPipelineSafeModeRule] INFO  replication.ReplicationManager (ReplicationManager.java:notifyStatusChanged(1255)) - Service ReplicationManager transitions to RUNNING.
2023-03-29 22:45:58,352 [EventQueue-OpenPipelineForHealthyPipelineSafeModeRule] WARN  balancer.ContainerBalancer (ContainerBalancer.java:shouldRun(132)) - Could not find persisted configuration for ContainerBalancer when checking if ContainerBalancer should run. ContainerBalancer should not run now.
2023-03-29 22:45:58,358 [1b03df48-31d6-4d50-bcfe-06272533350b-server-thread1] INFO  ratis.XceiverServerRatis (XceiverServerRatis.java:handleLeaderChangedNotification(904)) - Leader change notification received for group: group-8C295BA8EDD8 with new leaderId: 31377470-4be3-4e7f-893b-aea4cf46f3a2
2023-03-29 22:45:58,358 [1b03df48-31d6-4d50-bcfe-06272533350b-server-thread1] INFO  server.RaftServer$Division (ServerState.java:setLeader(313)) - 1b03df48-31d6-4d50-bcfe-06272533350b@group-8C295BA8EDD8: change Leader from null to 31377470-4be3-4e7f-893b-aea4cf46f3a2 at term 1 for appendEntries, leader elected after 5161ms
2023-03-29 22:45:58,358 [399773cb-fecd-40e3-a3a3-0a72d991f432-server-thread1] INFO  ratis.XceiverServerRatis (XceiverServerRatis.java:handleLeaderChangedNotification(904)) - Leader change notification received for group: group-8C295BA8EDD8 with new leaderId: 31377470-4be3-4e7f-893b-aea4cf46f3a2
2023-03-29 22:45:58,358 [399773cb-fecd-40e3-a3a3-0a72d991f432-server-thread1] INFO  server.RaftServer$Division (ServerState.java:setLeader(313)) - 399773cb-fecd-40e3-a3a3-0a72d991f432@group-8C295BA8EDD8: change Leader from null to 31377470-4be3-4e7f-893b-aea4cf46f3a2 at term 1 for appendEntries, leader elected after 5075ms
2023-03-29 22:45:58,363 [1b03df48-31d6-4d50-bcfe-06272533350b-server-thread1] INFO  server.RaftServer$Division (ServerState.java:setRaftConf(430)) - 1b03df48-31d6-4d50-bcfe-06272533350b@group-8C295BA8EDD8: set configuration 0: peers:[1b03df48-31d6-4d50-bcfe-06272533350b|rpc:10.1.0.40:38067|dataStream:10.1.0.40:34129|priority:0|startupRole:FOLLOWER, 399773cb-fecd-40e3-a3a3-0a72d991f432|rpc:10.1.0.40:46155|dataStream:10.1.0.40:41261|priority:0|startupRole:FOLLOWER, 31377470-4be3-4e7f-893b-aea4cf46f3a2|rpc:10.1.0.40:38467|dataStream:10.1.0.40:33959|priority:1|startupRole:FOLLOWER]|listeners:[], old=null
2023-03-29 22:45:58,363 [1b03df48-31d6-4d50-bcfe-06272533350b-server-thread1] INFO  segmented.SegmentedRaftLogWorker (SegmentedRaftLogWorker.java:startLogSegment(452)) - 1b03df48-31d6-4d50-bcfe-06272533350b@group-8C295BA8EDD8-SegmentedRaftLogWorker: Starting segment from index:0
2023-03-29 22:45:58,366 [1b03df48-31d6-4d50-bcfe-06272533350b@group-8C295BA8EDD8-SegmentedRaftLogWorker] INFO  segmented.SegmentedRaftLogWorker (SegmentedRaftLogWorker.java:execute(656)) - 1b03df48-31d6-4d50-bcfe-06272533350b@group-8C295BA8EDD8-SegmentedRaftLogWorker: created new log segment /home/runner/work/ozone/ozone/hadoop-ozone/integration-test/target/test-dir/MiniOzoneClusterImpl-8ae17f6e-7b8d-4fcc-9253-feb95f7e1717/datanode-0/data/ratis/04ce0540-d0a1-42e0-839d-8c295ba8edd8/current/log_inprogress_0
2023-03-29 22:45:58,371 [399773cb-fecd-40e3-a3a3-0a72d991f432-server-thread1] INFO  server.RaftServer$Division (ServerState.java:setRaftConf(430)) - 399773cb-fecd-40e3-a3a3-0a72d991f432@group-8C295BA8EDD8: set configuration 0: peers:[1b03df48-31d6-4d50-bcfe-06272533350b|rpc:10.1.0.40:38067|dataStream:10.1.0.40:34129|priority:0|startupRole:FOLLOWER, 399773cb-fecd-40e3-a3a3-0a72d991f432|rpc:10.1.0.40:46155|dataStream:10.1.0.40:41261|priority:0|startupRole:FOLLOWER, 31377470-4be3-4e7f-893b-aea4cf46f3a2|rpc:10.1.0.40:38467|dataStream:10.1.0.40:33959|priority:1|startupRole:FOLLOWER]|listeners:[], old=null
2023-03-29 22:45:58,371 [399773cb-fecd-40e3-a3a3-0a72d991f432-server-thread1] INFO  segmented.SegmentedRaftLogWorker (SegmentedRaftLogWorker.java:startLogSegment(452)) - 399773cb-fecd-40e3-a3a3-0a72d991f432@group-8C295BA8EDD8-SegmentedRaftLogWorker: Starting segment from index:0
2023-03-29 22:45:58,373 [399773cb-fecd-40e3-a3a3-0a72d991f432@group-8C295BA8EDD8-SegmentedRaftLogWorker] INFO  segmented.SegmentedRaftLogWorker (SegmentedRaftLogWorker.java:execute(656)) - 399773cb-fecd-40e3-a3a3-0a72d991f432@group-8C295BA8EDD8-SegmentedRaftLogWorker: created new log segment /home/runner/work/ozone/ozone/hadoop-ozone/integration-test/target/test-dir/MiniOzoneClusterImpl-8ae17f6e-7b8d-4fcc-9253-feb95f7e1717/datanode-2/data/ratis/04ce0540-d0a1-42e0-839d-8c295ba8edd8/current/log_inprogress_0
2023-03-29 22:45:58,463 [1b03df48-31d6-4d50-bcfe-06272533350b@group-715515AC4EA0-FollowerState] INFO  impl.FollowerState (FollowerState.java:run(143)) - 1b03df48-31d6-4d50-bcfe-06272533350b@group-715515AC4EA0-FollowerState: change to CANDIDATE, lastRpcElapsedTime:5118952878ns, electionTimeout:5114ms
2023-03-29 22:45:58,464 [1b03df48-31d6-4d50-bcfe-06272533350b@group-715515AC4EA0-FollowerState] INFO  impl.RoleInfo (RoleInfo.java:shutdownFollowerState(110)) - 1b03df48-31d6-4d50-bcfe-06272533350b: shutdown 1b03df48-31d6-4d50-bcfe-06272533350b@group-715515AC4EA0-FollowerState
2023-03-29 22:45:58,464 [1b03df48-31d6-4d50-bcfe-06272533350b@group-715515AC4EA0-FollowerState] INFO  server.RaftServer$Division (RaftServerImpl.java:setRole(321)) - 1b03df48-31d6-4d50-bcfe-06272533350b@group-715515AC4EA0: changes role from  FOLLOWER to CANDIDATE at term 0 for changeToCandidate
2023-03-29 22:45:58,464 [1b03df48-31d6-4d50-bcfe-06272533350b@group-715515AC4EA0-FollowerState] INFO  server.RaftServerConfigKeys (ConfUtils.java:logGet(46)) - raft.server.leaderelection.pre-vote = true (default)
2023-03-29 22:45:58,464 [1b03df48-31d6-4d50-bcfe-06272533350b@group-715515AC4EA0-FollowerState] INFO  impl.RoleInfo (RoleInfo.java:updateAndGet(139)) - 1b03df48-31d6-4d50-bcfe-06272533350b: start 1b03df48-31d6-4d50-bcfe-06272533350b@group-715515AC4EA0-LeaderElection10
2023-03-29 22:45:58,467 [1b03df48-31d6-4d50-bcfe-06272533350b@group-715515AC4EA0-LeaderElection10] INFO  impl.LeaderElection (LeaderElection.java:askForVotes(312)) - 1b03df48-31d6-4d50-bcfe-06272533350b@group-715515AC4EA0-LeaderElection10 PRE_VOTE round 0: submit vote requests at term 0 for -1: peers:[1b03df48-31d6-4d50-bcfe-06272533350b|rpc:10.1.0.40:38067|dataStream:10.1.0.40:34129|priority:0|startupRole:FOLLOWER, 399773cb-fecd-40e3-a3a3-0a72d991f432|rpc:10.1.0.40:46155|dataStream:10.1.0.40:41261|priority:1|startupRole:FOLLOWER, 31377470-4be3-4e7f-893b-aea4cf46f3a2|rpc:10.1.0.40:38467|dataStream:10.1.0.40:33959|priority:0|startupRole:FOLLOWER]|listeners:[], old=null
2023-03-29 22:45:58,467 [1b03df48-31d6-4d50-bcfe-06272533350b@group-715515AC4EA0-LeaderElection10-1] INFO  server.GrpcServerProtocolClient (GrpcServerProtocolClient.java:<init>(63)) - Build channel for 399773cb-fecd-40e3-a3a3-0a72d991f432
2023-03-29 22:45:58,467 [1b03df48-31d6-4d50-bcfe-06272533350b@group-715515AC4EA0-LeaderElection10] INFO  server.RaftServerConfigKeys (ConfUtils.java:logFallback(53)) - raft.server.rpc.first-election.timeout.min = 5s (fallback to raft.server.rpc.timeout.min)
2023-03-29 22:45:58,470 [1b03df48-31d6-4d50-bcfe-06272533350b@group-715515AC4EA0-LeaderElection10] INFO  server.RaftServerConfigKeys (ConfUtils.java:logFallback(53)) - raft.server.rpc.first-election.timeout.max = 5200ms (fallback to raft.server.rpc.timeout.max)
2023-03-29 22:45:58,471 [1b03df48-31d6-4d50-bcfe-06272533350b@group-715515AC4EA0-LeaderElection10-2] INFO  server.GrpcServerProtocolClient (GrpcServerProtocolClient.java:<init>(63)) - Build channel for 31377470-4be3-4e7f-893b-aea4cf46f3a2
2023-03-29 22:45:58,479 [grpc-default-executor-6] INFO  server.RaftServer$Division (RaftServerImpl.java:requestVote(1218)) - 399773cb-fecd-40e3-a3a3-0a72d991f432@group-715515AC4EA0: receive requestVote(PRE_VOTE, 1b03df48-31d6-4d50-bcfe-06272533350b, group-715515AC4EA0, 0, (t:0, i:0))
2023-03-29 22:45:58,479 [grpc-default-executor-6] INFO  impl.VoteContext (VoteContext.java:log(49)) - 399773cb-fecd-40e3-a3a3-0a72d991f432@group-715515AC4EA0-FOLLOWER: reject PRE_VOTE from 1b03df48-31d6-4d50-bcfe-06272533350b: our priority 1 > candidate's priority 0
2023-03-29 22:45:58,479 [grpc-default-executor-6] INFO  server.RaftServer$Division (RaftServerImpl.java:requestVote(1251)) - 399773cb-fecd-40e3-a3a3-0a72d991f432@group-715515AC4EA0 replies to PRE_VOTE vote request: 1b03df48-31d6-4d50-bcfe-06272533350b<-399773cb-fecd-40e3-a3a3-0a72d991f432#0:FAIL-t0. Peer's state: 399773cb-fecd-40e3-a3a3-0a72d991f432@group-715515AC4EA0:t0, leader=null, voted=, raftlog=Memoized:399773cb-fecd-40e3-a3a3-0a72d991f432@group-715515AC4EA0-SegmentedRaftLog:OPENED:c-1, conf=-1: peers:[1b03df48-31d6-4d50-bcfe-06272533350b|rpc:10.1.0.40:38067|dataStream:10.1.0.40:34129|priority:0|startupRole:FOLLOWER, 399773cb-fecd-40e3-a3a3-0a72d991f432|rpc:10.1.0.40:46155|dataStream:10.1.0.40:41261|priority:1|startupRole:FOLLOWER, 31377470-4be3-4e7f-893b-aea4cf46f3a2|rpc:10.1.0.40:38467|dataStream:10.1.0.40:33959|priority:0|startupRole:FOLLOWER]|listeners:[], old=null
2023-03-29 22:45:58,480 [1b03df48-31d6-4d50-bcfe-06272533350b@group-715515AC4EA0-LeaderElection10] INFO  impl.LeaderElection (LeaderElection.java:logAndReturn(90)) - 1b03df48-31d6-4d50-bcfe-06272533350b@group-715515AC4EA0-LeaderElection10: PRE_VOTE REJECTED received 1 response(s) and 0 exception(s):
2023-03-29 22:45:58,480 [1b03df48-31d6-4d50-bcfe-06272533350b@group-715515AC4EA0-LeaderElection10] INFO  impl.LeaderElection (LeaderElection.java:logAndReturn(94)) -   Response 0: 1b03df48-31d6-4d50-bcfe-06272533350b<-399773cb-fecd-40e3-a3a3-0a72d991f432#0:FAIL-t0
2023-03-29 22:45:58,481 [1b03df48-31d6-4d50-bcfe-06272533350b@group-715515AC4EA0-LeaderElection10] INFO  impl.LeaderElection (LeaderElection.java:askForVotes(314)) - 1b03df48-31d6-4d50-bcfe-06272533350b@group-715515AC4EA0-LeaderElection10 PRE_VOTE round 0: result REJECTED
2023-03-29 22:45:58,481 [1b03df48-31d6-4d50-bcfe-06272533350b@group-715515AC4EA0-LeaderElection10] INFO  server.RaftServer$Division (RaftServerImpl.java:setRole(321)) - 1b03df48-31d6-4d50-bcfe-06272533350b@group-715515AC4EA0: changes role from CANDIDATE to FOLLOWER at term 0 for REJECTED
2023-03-29 22:45:58,481 [1b03df48-31d6-4d50-bcfe-06272533350b@group-715515AC4EA0-LeaderElection10] INFO  impl.RoleInfo (RoleInfo.java:shutdownLeaderElection(130)) - 1b03df48-31d6-4d50-bcfe-06272533350b: shutdown 1b03df48-31d6-4d50-bcfe-06272533350b@group-715515AC4EA0-LeaderElection10
2023-03-29 22:45:58,481 [1b03df48-31d6-4d50-bcfe-06272533350b@group-715515AC4EA0-LeaderElection10] INFO  impl.RoleInfo (RoleInfo.java:updateAndGet(139)) - 1b03df48-31d6-4d50-bcfe-06272533350b: start 1b03df48-31d6-4d50-bcfe-06272533350b@group-715515AC4EA0-FollowerState
2023-03-29 22:45:58,487 [grpc-default-executor-6] INFO  server.RaftServer$Division (RaftServerImpl.java:requestVote(1218)) - 31377470-4be3-4e7f-893b-aea4cf46f3a2@group-715515AC4EA0: receive requestVote(PRE_VOTE, 1b03df48-31d6-4d50-bcfe-06272533350b, group-715515AC4EA0, 0, (t:0, i:0))
2023-03-29 22:45:58,488 [grpc-default-executor-6] INFO  impl.VoteContext (VoteContext.java:log(49)) - 31377470-4be3-4e7f-893b-aea4cf46f3a2@group-715515AC4EA0-FOLLOWER: accept PRE_VOTE from 1b03df48-31d6-4d50-bcfe-06272533350b: our priority 0 <= candidate's priority 0
2023-03-29 22:45:58,488 [grpc-default-executor-6] INFO  server.RaftServer$Division (RaftServerImpl.java:requestVote(1251)) - 31377470-4be3-4e7f-893b-aea4cf46f3a2@group-715515AC4EA0 replies to PRE_VOTE vote request: 1b03df48-31d6-4d50-bcfe-06272533350b<-31377470-4be3-4e7f-893b-aea4cf46f3a2#0:OK-t0. Peer's state: 31377470-4be3-4e7f-893b-aea4cf46f3a2@group-715515AC4EA0:t0, leader=null, voted=, raftlog=Memoized:31377470-4be3-4e7f-893b-aea4cf46f3a2@group-715515AC4EA0-SegmentedRaftLog:OPENED:c-1, conf=-1: peers:[1b03df48-31d6-4d50-bcfe-06272533350b|rpc:10.1.0.40:38067|dataStream:10.1.0.40:34129|priority:0|startupRole:FOLLOWER, 399773cb-fecd-40e3-a3a3-0a72d991f432|rpc:10.1.0.40:46155|dataStream:10.1.0.40:41261|priority:1|startupRole:FOLLOWER, 31377470-4be3-4e7f-893b-aea4cf46f3a2|rpc:10.1.0.40:38467|dataStream:10.1.0.40:33959|priority:0|startupRole:FOLLOWER]|listeners:[], old=null
2023-03-29 22:45:58,491 [1b03df48-31d6-4d50-bcfe-06272533350b@group-715515AC4EA0-FollowerState] INFO  server.RaftServerConfigKeys (ConfUtils.java:logFallback(53)) - raft.server.rpc.first-election.timeout.min = 5s (fallback to raft.server.rpc.timeout.min)
2023-03-29 22:45:58,491 [1b03df48-31d6-4d50-bcfe-06272533350b@group-715515AC4EA0-FollowerState] INFO  server.RaftServerConfigKeys (ConfUtils.java:logFallback(53)) - raft.server.rpc.first-election.timeout.max = 5200ms (fallback to raft.server.rpc.timeout.max)
2023-03-29 22:45:58,541 [399773cb-fecd-40e3-a3a3-0a72d991f432@group-715515AC4EA0-FollowerState] INFO  impl.FollowerState (FollowerState.java:run(143)) - 399773cb-fecd-40e3-a3a3-0a72d991f432@group-715515AC4EA0-FollowerState: change to CANDIDATE, lastRpcElapsedTime:5162194346ns, electionTimeout:5145ms
2023-03-29 22:45:58,542 [399773cb-fecd-40e3-a3a3-0a72d991f432@group-715515AC4EA0-FollowerState] INFO  impl.RoleInfo (RoleInfo.java:shutdownFollowerState(110)) - 399773cb-fecd-40e3-a3a3-0a72d991f432: shutdown 399773cb-fecd-40e3-a3a3-0a72d991f432@group-715515AC4EA0-FollowerState
2023-03-29 22:45:58,542 [399773cb-fecd-40e3-a3a3-0a72d991f432@group-715515AC4EA0-FollowerState] INFO  server.RaftServer$Division (RaftServerImpl.java:setRole(321)) - 399773cb-fecd-40e3-a3a3-0a72d991f432@group-715515AC4EA0: changes role from  FOLLOWER to CANDIDATE at term 0 for changeToCandidate
2023-03-29 22:45:58,542 [399773cb-fecd-40e3-a3a3-0a72d991f432@group-715515AC4EA0-FollowerState] INFO  server.RaftServerConfigKeys (ConfUtils.java:logGet(46)) - raft.server.leaderelection.pre-vote = true (default)
2023-03-29 22:45:58,542 [399773cb-fecd-40e3-a3a3-0a72d991f432@group-715515AC4EA0-FollowerState] INFO  impl.RoleInfo (RoleInfo.java:updateAndGet(139)) - 399773cb-fecd-40e3-a3a3-0a72d991f432: start 399773cb-fecd-40e3-a3a3-0a72d991f432@group-715515AC4EA0-LeaderElection11
2023-03-29 22:45:58,543 [399773cb-fecd-40e3-a3a3-0a72d991f432@group-715515AC4EA0-LeaderElection11] INFO  impl.LeaderElection (LeaderElection.java:askForVotes(312)) - 399773cb-fecd-40e3-a3a3-0a72d991f432@group-715515AC4EA0-LeaderElection11 PRE_VOTE round 0: submit vote requests at term 0 for -1: peers:[1b03df48-31d6-4d50-bcfe-06272533350b|rpc:10.1.0.40:38067|dataStream:10.1.0.40:34129|priority:0|startupRole:FOLLOWER, 399773cb-fecd-40e3-a3a3-0a72d991f432|rpc:10.1.0.40:46155|dataStream:10.1.0.40:41261|priority:1|startupRole:FOLLOWER, 31377470-4be3-4e7f-893b-aea4cf46f3a2|rpc:10.1.0.40:38467|dataStream:10.1.0.40:33959|priority:0|startupRole:FOLLOWER]|listeners:[], old=null
2023-03-29 22:45:58,543 [399773cb-fecd-40e3-a3a3-0a72d991f432@group-715515AC4EA0-LeaderElection11-1] INFO  server.GrpcServerProtocolClient (GrpcServerProtocolClient.java:<init>(63)) - Build channel for 1b03df48-31d6-4d50-bcfe-06272533350b
2023-03-29 22:45:58,543 [399773cb-fecd-40e3-a3a3-0a72d991f432@group-715515AC4EA0-LeaderElection11] INFO  server.RaftServerConfigKeys (ConfUtils.java:logFallback(53)) - raft.server.rpc.first-election.timeout.min = 5s (fallback to raft.server.rpc.timeout.min)
2023-03-29 22:45:58,546 [399773cb-fecd-40e3-a3a3-0a72d991f432@group-715515AC4EA0-LeaderElection11] INFO  server.RaftServerConfigKeys (ConfUtils.java:logFallback(53)) - raft.server.rpc.first-election.timeout.max = 5200ms (fallback to raft.server.rpc.timeout.max)
2023-03-29 22:45:58,547 [399773cb-fecd-40e3-a3a3-0a72d991f432@group-715515AC4EA0-LeaderElection11-2] INFO  server.GrpcServerProtocolClient (GrpcServerProtocolClient.java:<init>(63)) - Build channel for 31377470-4be3-4e7f-893b-aea4cf46f3a2
2023-03-29 22:45:58,556 [grpc-default-executor-6] INFO  server.RaftServer$Division (RaftServerImpl.java:requestVote(1218)) - 1b03df48-31d6-4d50-bcfe-06272533350b@group-715515AC4EA0: receive requestVote(PRE_VOTE, 399773cb-fecd-40e3-a3a3-0a72d991f432, group-715515AC4EA0, 0, (t:0, i:0))
2023-03-29 22:45:58,557 [grpc-default-executor-6] INFO  impl.VoteContext (VoteContext.java:log(49)) - 1b03df48-31d6-4d50-bcfe-06272533350b@group-715515AC4EA0-FOLLOWER: accept PRE_VOTE from 399773cb-fecd-40e3-a3a3-0a72d991f432: our priority 0 <= candidate's priority 1
2023-03-29 22:45:58,557 [grpc-default-executor-6] INFO  server.RaftServer$Division (RaftServerImpl.java:requestVote(1251)) - 1b03df48-31d6-4d50-bcfe-06272533350b@group-715515AC4EA0 replies to PRE_VOTE vote request: 399773cb-fecd-40e3-a3a3-0a72d991f432<-1b03df48-31d6-4d50-bcfe-06272533350b#0:OK-t0. Peer's state: 1b03df48-31d6-4d50-bcfe-06272533350b@group-715515AC4EA0:t0, leader=null, voted=, raftlog=Memoized:1b03df48-31d6-4d50-bcfe-06272533350b@group-715515AC4EA0-SegmentedRaftLog:OPENED:c-1, conf=-1: peers:[1b03df48-31d6-4d50-bcfe-06272533350b|rpc:10.1.0.40:38067|dataStream:10.1.0.40:34129|priority:0|startupRole:FOLLOWER, 399773cb-fecd-40e3-a3a3-0a72d991f432|rpc:10.1.0.40:46155|dataStream:10.1.0.40:41261|priority:1|startupRole:FOLLOWER, 31377470-4be3-4e7f-893b-aea4cf46f3a2|rpc:10.1.0.40:38467|dataStream:10.1.0.40:33959|priority:0|startupRole:FOLLOWER]|listeners:[], old=null
2023-03-29 22:45:58,559 [grpc-default-executor-4] INFO  server.RaftServer$Division (RaftServerImpl.java:requestVote(1218)) - 31377470-4be3-4e7f-893b-aea4cf46f3a2@group-715515AC4EA0: receive requestVote(PRE_VOTE, 399773cb-fecd-40e3-a3a3-0a72d991f432, group-715515AC4EA0, 0, (t:0, i:0))
2023-03-29 22:45:58,559 [grpc-default-executor-4] INFO  impl.VoteContext (VoteContext.java:log(49)) - 31377470-4be3-4e7f-893b-aea4cf46f3a2@group-715515AC4EA0-FOLLOWER: accept PRE_VOTE from 399773cb-fecd-40e3-a3a3-0a72d991f432: our priority 0 <= candidate's priority 1
2023-03-29 22:45:58,559 [grpc-default-executor-4] INFO  server.RaftServer$Division (RaftServerImpl.java:requestVote(1251)) - 31377470-4be3-4e7f-893b-aea4cf46f3a2@group-715515AC4EA0 replies to PRE_VOTE vote request: 399773cb-fecd-40e3-a3a3-0a72d991f432<-31377470-4be3-4e7f-893b-aea4cf46f3a2#0:OK-t0. Peer's state: 31377470-4be3-4e7f-893b-aea4cf46f3a2@group-715515AC4EA0:t0, leader=null, voted=, raftlog=Memoized:31377470-4be3-4e7f-893b-aea4cf46f3a2@group-715515AC4EA0-SegmentedRaftLog:OPENED:c-1, conf=-1: peers:[1b03df48-31d6-4d50-bcfe-06272533350b|rpc:10.1.0.40:38067|dataStream:10.1.0.40:34129|priority:0|startupRole:FOLLOWER, 399773cb-fecd-40e3-a3a3-0a72d991f432|rpc:10.1.0.40:46155|dataStream:10.1.0.40:41261|priority:1|startupRole:FOLLOWER, 31377470-4be3-4e7f-893b-aea4cf46f3a2|rpc:10.1.0.40:38467|dataStream:10.1.0.40:33959|priority:0|startupRole:FOLLOWER]|listeners:[], old=null
2023-03-29 22:45:58,562 [399773cb-fecd-40e3-a3a3-0a72d991f432@group-715515AC4EA0-LeaderElection11] INFO  impl.LeaderElection (LeaderElection.java:logAndReturn(90)) - 399773cb-fecd-40e3-a3a3-0a72d991f432@group-715515AC4EA0-LeaderElection11: PRE_VOTE PASSED received 1 response(s) and 0 exception(s):
2023-03-29 22:45:58,563 [399773cb-fecd-40e3-a3a3-0a72d991f432@group-715515AC4EA0-LeaderElection11] INFO  impl.LeaderElection (LeaderElection.java:logAndReturn(94)) -   Response 0: 399773cb-fecd-40e3-a3a3-0a72d991f432<-1b03df48-31d6-4d50-bcfe-06272533350b#0:OK-t0
2023-03-29 22:45:58,563 [399773cb-fecd-40e3-a3a3-0a72d991f432@group-715515AC4EA0-LeaderElection11] INFO  impl.LeaderElection (LeaderElection.java:askForVotes(314)) - 399773cb-fecd-40e3-a3a3-0a72d991f432@group-715515AC4EA0-LeaderElection11 PRE_VOTE round 0: result PASSED
2023-03-29 22:45:58,564 [399773cb-fecd-40e3-a3a3-0a72d991f432@group-715515AC4EA0-LeaderElection11] INFO  impl.LeaderElection (LeaderElection.java:askForVotes(312)) - 399773cb-fecd-40e3-a3a3-0a72d991f432@group-715515AC4EA0-LeaderElection11 ELECTION round 0: submit vote requests at term 1 for -1: peers:[1b03df48-31d6-4d50-bcfe-06272533350b|rpc:10.1.0.40:38067|dataStream:10.1.0.40:34129|priority:0|startupRole:FOLLOWER, 399773cb-fecd-40e3-a3a3-0a72d991f432|rpc:10.1.0.40:46155|dataStream:10.1.0.40:41261|priority:1|startupRole:FOLLOWER, 31377470-4be3-4e7f-893b-aea4cf46f3a2|rpc:10.1.0.40:38467|dataStream:10.1.0.40:33959|priority:0|startupRole:FOLLOWER]|listeners:[], old=null
2023-03-29 22:45:58,568 [grpc-default-executor-4] INFO  server.RaftServer$Division (RaftServerImpl.java:requestVote(1218)) - 1b03df48-31d6-4d50-bcfe-06272533350b@group-715515AC4EA0: receive requestVote(ELECTION, 399773cb-fecd-40e3-a3a3-0a72d991f432, group-715515AC4EA0, 1, (t:0, i:0))
2023-03-29 22:45:58,568 [grpc-default-executor-4] INFO  impl.VoteContext (VoteContext.java:log(49)) - 1b03df48-31d6-4d50-bcfe-06272533350b@group-715515AC4EA0-FOLLOWER: accept ELECTION from 399773cb-fecd-40e3-a3a3-0a72d991f432: our priority 0 <= candidate's priority 1
2023-03-29 22:45:58,568 [grpc-default-executor-4] INFO  server.RaftServer$Division (RaftServerImpl.java:setRole(321)) - 1b03df48-31d6-4d50-bcfe-06272533350b@group-715515AC4EA0: changes role from  FOLLOWER to FOLLOWER at term 1 for candidate:399773cb-fecd-40e3-a3a3-0a72d991f432
2023-03-29 22:45:58,568 [grpc-default-executor-4] INFO  impl.RoleInfo (RoleInfo.java:shutdownFollowerState(110)) - 1b03df48-31d6-4d50-bcfe-06272533350b: shutdown 1b03df48-31d6-4d50-bcfe-06272533350b@group-715515AC4EA0-FollowerState
2023-03-29 22:45:58,569 [grpc-default-executor-4] INFO  impl.RoleInfo (RoleInfo.java:updateAndGet(139)) - 1b03df48-31d6-4d50-bcfe-06272533350b: start 1b03df48-31d6-4d50-bcfe-06272533350b@group-715515AC4EA0-FollowerState
2023-03-29 22:45:58,569 [1b03df48-31d6-4d50-bcfe-06272533350b@group-715515AC4EA0-FollowerState] INFO  impl.FollowerState (FollowerState.java:run(152)) - 1b03df48-31d6-4d50-bcfe-06272533350b@group-715515AC4EA0-FollowerState was interrupted
2023-03-29 22:45:58,570 [31377470-4be3-4e7f-893b-aea4cf46f3a2@group-F8D248A20461-FollowerState] INFO  impl.FollowerState (FollowerState.java:run(143)) - 31377470-4be3-4e7f-893b-aea4cf46f3a2@group-F8D248A20461-FollowerState: change to CANDIDATE, lastRpcElapsedTime:5009605582ns, electionTimeout:5008ms
2023-03-29 22:45:58,569 [399773cb-fecd-40e3-a3a3-0a72d991f432@group-715515AC4EA0-LeaderElection11] INFO  server.RaftServerConfigKeys (ConfUtils.java:logFallback(53)) - raft.server.rpc.first-election.timeout.min = 5s (fallback to raft.server.rpc.timeout.min)
2023-03-29 22:45:58,570 [31377470-4be3-4e7f-893b-aea4cf46f3a2@group-F8D248A20461-FollowerState] INFO  impl.RoleInfo (RoleInfo.java:shutdownFollowerState(110)) - 31377470-4be3-4e7f-893b-aea4cf46f3a2: shutdown 31377470-4be3-4e7f-893b-aea4cf46f3a2@group-F8D248A20461-FollowerState
2023-03-29 22:45:58,570 [399773cb-fecd-40e3-a3a3-0a72d991f432@group-715515AC4EA0-LeaderElection11] INFO  server.RaftServerConfigKeys (ConfUtils.java:logFallback(53)) - raft.server.rpc.first-election.timeout.max = 5200ms (fallback to raft.server.rpc.timeout.max)
2023-03-29 22:45:58,570 [31377470-4be3-4e7f-893b-aea4cf46f3a2@group-F8D248A20461-FollowerState] INFO  server.RaftServer$Division (RaftServerImpl.java:setRole(321)) - 31377470-4be3-4e7f-893b-aea4cf46f3a2@group-F8D248A20461: changes role from  FOLLOWER to CANDIDATE at term 0 for changeToCandidate
2023-03-29 22:45:58,571 [31377470-4be3-4e7f-893b-aea4cf46f3a2@group-F8D248A20461-FollowerState] INFO  server.RaftServerConfigKeys (ConfUtils.java:logGet(46)) - raft.server.leaderelection.pre-vote = true (default)
2023-03-29 22:45:58,571 [31377470-4be3-4e7f-893b-aea4cf46f3a2@group-F8D248A20461-FollowerState] INFO  impl.RoleInfo (RoleInfo.java:updateAndGet(139)) - 31377470-4be3-4e7f-893b-aea4cf46f3a2: start 31377470-4be3-4e7f-893b-aea4cf46f3a2@group-F8D248A20461-LeaderElection12
2023-03-29 22:45:58,572 [31377470-4be3-4e7f-893b-aea4cf46f3a2@group-F8D248A20461-LeaderElection12] INFO  impl.LeaderElection (LeaderElection.java:askForVotes(312)) - 31377470-4be3-4e7f-893b-aea4cf46f3a2@group-F8D248A20461-LeaderElection12 PRE_VOTE round 0: submit vote requests at term 0 for -1: peers:[31377470-4be3-4e7f-893b-aea4cf46f3a2|rpc:10.1.0.40:38467|dataStream:10.1.0.40:33959|priority:1|startupRole:FOLLOWER]|listeners:[], old=null
2023-03-29 22:45:58,572 [1b03df48-31d6-4d50-bcfe-06272533350b@group-715515AC4EA0-FollowerState] INFO  server.RaftServerConfigKeys (ConfUtils.java:logFallback(53)) - raft.server.rpc.first-election.timeout.min = 5s (fallback to raft.server.rpc.timeout.min)
2023-03-29 22:45:58,572 [1b03df48-31d6-4d50-bcfe-06272533350b@group-715515AC4EA0-FollowerState] INFO  server.RaftServerConfigKeys (ConfUtils.java:logFallback(53)) - raft.server.rpc.first-election.timeout.max = 5200ms (fallback to raft.server.rpc.timeout.max)
2023-03-29 22:45:58,573 [grpc-default-executor-6] INFO  server.RaftServer$Division (RaftServerImpl.java:requestVote(1218)) - 31377470-4be3-4e7f-893b-aea4cf46f3a2@group-715515AC4EA0: receive requestVote(ELECTION, 399773cb-fecd-40e3-a3a3-0a72d991f432, group-715515AC4EA0, 1, (t:0, i:0))
2023-03-29 22:45:58,573 [grpc-default-executor-6] INFO  impl.VoteContext (VoteContext.java:log(49)) - 31377470-4be3-4e7f-893b-aea4cf46f3a2@group-715515AC4EA0-FOLLOWER: accept ELECTION from 399773cb-fecd-40e3-a3a3-0a72d991f432: our priority 0 <= candidate's priority 1
2023-03-29 22:45:58,573 [grpc-default-executor-6] INFO  server.RaftServer$Division (RaftServerImpl.java:setRole(321)) - 31377470-4be3-4e7f-893b-aea4cf46f3a2@group-715515AC4EA0: changes role from  FOLLOWER to FOLLOWER at term 1 for candidate:399773cb-fecd-40e3-a3a3-0a72d991f432
2023-03-29 22:45:58,573 [grpc-default-executor-6] INFO  impl.RoleInfo (RoleInfo.java:shutdownFollowerState(110)) - 31377470-4be3-4e7f-893b-aea4cf46f3a2: shutdown 31377470-4be3-4e7f-893b-aea4cf46f3a2@group-715515AC4EA0-FollowerState
2023-03-29 22:45:58,573 [grpc-default-executor-6] INFO  impl.RoleInfo (RoleInfo.java:updateAndGet(139)) - 31377470-4be3-4e7f-893b-aea4cf46f3a2: start 31377470-4be3-4e7f-893b-aea4cf46f3a2@group-715515AC4EA0-FollowerState
2023-03-29 22:45:58,573 [31377470-4be3-4e7f-893b-aea4cf46f3a2@group-715515AC4EA0-FollowerState] INFO  impl.FollowerState (FollowerState.java:run(152)) - 31377470-4be3-4e7f-893b-aea4cf46f3a2@group-715515AC4EA0-FollowerState was interrupted
2023-03-29 22:45:58,573 [31377470-4be3-4e7f-893b-aea4cf46f3a2@group-F8D248A20461-LeaderElection12] INFO  impl.LeaderElection (LeaderElection.java:askForVotes(314)) - 31377470-4be3-4e7f-893b-aea4cf46f3a2@group-F8D248A20461-LeaderElection12 PRE_VOTE round 0: result PASSED (term=0)
2023-03-29 22:45:58,573 [grpc-default-executor-4] INFO  server.RaftServer$Division (RaftServerImpl.java:requestVote(1251)) - 1b03df48-31d6-4d50-bcfe-06272533350b@group-715515AC4EA0 replies to ELECTION vote request: 399773cb-fecd-40e3-a3a3-0a72d991f432<-1b03df48-31d6-4d50-bcfe-06272533350b#0:OK-t1. Peer's state: 1b03df48-31d6-4d50-bcfe-06272533350b@group-715515AC4EA0:t1, leader=null, voted=399773cb-fecd-40e3-a3a3-0a72d991f432, raftlog=Memoized:1b03df48-31d6-4d50-bcfe-06272533350b@group-715515AC4EA0-SegmentedRaftLog:OPENED:c-1, conf=-1: peers:[1b03df48-31d6-4d50-bcfe-06272533350b|rpc:10.1.0.40:38067|dataStream:10.1.0.40:34129|priority:0|startupRole:FOLLOWER, 399773cb-fecd-40e3-a3a3-0a72d991f432|rpc:10.1.0.40:46155|dataStream:10.1.0.40:41261|priority:1|startupRole:FOLLOWER, 31377470-4be3-4e7f-893b-aea4cf46f3a2|rpc:10.1.0.40:38467|dataStream:10.1.0.40:33959|priority:0|startupRole:FOLLOWER]|listeners:[], old=null
2023-03-29 22:45:58,574 [31377470-4be3-4e7f-893b-aea4cf46f3a2@group-715515AC4EA0-FollowerState] INFO  server.RaftServerConfigKeys (ConfUtils.java:logFallback(53)) - raft.server.rpc.first-election.timeout.min = 5s (fallback to raft.server.rpc.timeout.min)
2023-03-29 22:45:58,574 [31377470-4be3-4e7f-893b-aea4cf46f3a2@group-715515AC4EA0-FollowerState] INFO  server.RaftServerConfigKeys (ConfUtils.java:logFallback(53)) - raft.server.rpc.first-election.timeout.max = 5200ms (fallback to raft.server.rpc.timeout.max)
2023-03-29 22:45:58,574 [grpc-default-executor-6] INFO  server.RaftServer$Division (RaftServerImpl.java:requestVote(1251)) - 31377470-4be3-4e7f-893b-aea4cf46f3a2@group-715515AC4EA0 replies to ELECTION vote request: 399773cb-fecd-40e3-a3a3-0a72d991f432<-31377470-4be3-4e7f-893b-aea4cf46f3a2#0:OK-t1. Peer's state: 31377470-4be3-4e7f-893b-aea4cf46f3a2@group-715515AC4EA0:t1, leader=null, voted=399773cb-fecd-40e3-a3a3-0a72d991f432, raftlog=Memoized:31377470-4be3-4e7f-893b-aea4cf46f3a2@group-715515AC4EA0-SegmentedRaftLog:OPENED:c-1, conf=-1: peers:[1b03df48-31d6-4d50-bcfe-06272533350b|rpc:10.1.0.40:38067|dataStream:10.1.0.40:34129|priority:0|startupRole:FOLLOWER, 399773cb-fecd-40e3-a3a3-0a72d991f432|rpc:10.1.0.40:46155|dataStream:10.1.0.40:41261|priority:1|startupRole:FOLLOWER, 31377470-4be3-4e7f-893b-aea4cf46f3a2|rpc:10.1.0.40:38467|dataStream:10.1.0.40:33959|priority:0|startupRole:FOLLOWER]|listeners:[], old=null
2023-03-29 22:45:58,580 [399773cb-fecd-40e3-a3a3-0a72d991f432@group-715515AC4EA0-LeaderElection11] INFO  impl.LeaderElection (LeaderElection.java:logAndReturn(90)) - 399773cb-fecd-40e3-a3a3-0a72d991f432@group-715515AC4EA0-LeaderElection11: ELECTION PASSED received 1 response(s) and 0 exception(s):
2023-03-29 22:45:58,580 [399773cb-fecd-40e3-a3a3-0a72d991f432@group-715515AC4EA0-LeaderElection11] INFO  impl.LeaderElection (LeaderElection.java:logAndReturn(94)) -   Response 0: 399773cb-fecd-40e3-a3a3-0a72d991f432<-1b03df48-31d6-4d50-bcfe-06272533350b#0:OK-t1
2023-03-29 22:45:58,580 [399773cb-fecd-40e3-a3a3-0a72d991f432@group-715515AC4EA0-LeaderElection11] INFO  impl.LeaderElection (LeaderElection.java:askForVotes(314)) - 399773cb-fecd-40e3-a3a3-0a72d991f432@group-715515AC4EA0-LeaderElection11 ELECTION round 0: result PASSED
2023-03-29 22:45:58,580 [399773cb-fecd-40e3-a3a3-0a72d991f432@group-715515AC4EA0-LeaderElection11] INFO  impl.RoleInfo (RoleInfo.java:shutdownLeaderElection(130)) - 399773cb-fecd-40e3-a3a3-0a72d991f432: shutdown 399773cb-fecd-40e3-a3a3-0a72d991f432@group-715515AC4EA0-LeaderElection11
2023-03-29 22:45:58,580 [399773cb-fecd-40e3-a3a3-0a72d991f432@group-715515AC4EA0-LeaderElection11] INFO  server.RaftServer$Division (RaftServerImpl.java:setRole(321)) - 399773cb-fecd-40e3-a3a3-0a72d991f432@group-715515AC4EA0: changes role from CANDIDATE to LEADER at term 1 for changeToLeader
2023-03-29 22:45:58,580 [399773cb-fecd-40e3-a3a3-0a72d991f432@group-715515AC4EA0-LeaderElection11] INFO  ratis.XceiverServerRatis (XceiverServerRatis.java:handleLeaderChangedNotification(904)) - Leader change notification received for group: group-715515AC4EA0 with new leaderId: 399773cb-fecd-40e3-a3a3-0a72d991f432
2023-03-29 22:45:58,580 [399773cb-fecd-40e3-a3a3-0a72d991f432@group-715515AC4EA0-LeaderElection11] INFO  server.RaftServer$Division (ServerState.java:setLeader(313)) - 399773cb-fecd-40e3-a3a3-0a72d991f432@group-715515AC4EA0: change Leader from null to 399773cb-fecd-40e3-a3a3-0a72d991f432 at term 1 for becomeLeader, leader elected after 5217ms
2023-03-29 22:45:58,580 [399773cb-fecd-40e3-a3a3-0a72d991f432@group-715515AC4EA0-LeaderElection11] INFO  server.RaftServerConfigKeys (ConfUtils.java:logGet(46)) - raft.server.staging.catchup.gap = 1000 (default)
2023-03-29 22:45:58,580 [399773cb-fecd-40e3-a3a3-0a72d991f432@group-715515AC4EA0-LeaderElection11] INFO  server.RaftServerConfigKeys (ConfUtils.java:logGet(46)) - raft.server.write.element-limit = 1024 (custom)
2023-03-29 22:45:58,580 [399773cb-fecd-40e3-a3a3-0a72d991f432@group-715515AC4EA0-LeaderElection11] INFO  server.RaftServerConfigKeys (ConfUtils.java:logGet(46)) - raft.server.write.byte-limit = 1024 M (=1073741824) (custom)
2023-03-29 22:45:58,583 [399773cb-fecd-40e3-a3a3-0a72d991f432@group-715515AC4EA0-LeaderElection11] INFO  server.RaftServerConfigKeys (ConfUtils.java:logGet(46)) - raft.server.watch.timeout = 180s (custom)
2023-03-29 22:45:58,583 [399773cb-fecd-40e3-a3a3-0a72d991f432@group-715515AC4EA0-LeaderElection11] INFO  server.RaftServerConfigKeys (ConfUtils.java:logGet(46)) - raft.server.watch.timeout.denomination = 1s (default)
2023-03-29 22:45:58,583 [399773cb-fecd-40e3-a3a3-0a72d991f432@group-715515AC4EA0-LeaderElection11] INFO  server.RaftServerConfigKeys (ConfUtils.java:logGet(46)) - raft.server.watch.element-limit = 65536 (default)
2023-03-29 22:45:58,583 [399773cb-fecd-40e3-a3a3-0a72d991f432@group-715515AC4EA0-LeaderElection11] INFO  server.RaftServerConfigKeys (ConfUtils.java:logGet(46)) - raft.server.write.element-limit = 1024 (custom)
2023-03-29 22:45:58,583 [399773cb-fecd-40e3-a3a3-0a72d991f432@group-715515AC4EA0-LeaderElection11] INFO  server.RaftServerConfigKeys (ConfUtils.java:logGet(46)) - raft.server.write.follower.gap.ratio.max = -1.0 (default)
2023-03-29 22:45:58,583 [399773cb-fecd-40e3-a3a3-0a72d991f432@group-715515AC4EA0-LeaderElection11] INFO  server.RaftServerConfigKeys (ConfUtils.java:logGet(46)) - raft.server.log.appender.snapshot.chunk.size.max = 16MB (=16777216) (default)
2023-03-29 22:45:58,584 [399773cb-fecd-40e3-a3a3-0a72d991f432@group-715515AC4EA0-LeaderElection11] INFO  server.RaftServerConfigKeys (ConfUtils.java:logGet(46)) - raft.server.log.appender.buffer.byte-limit = 33554432 (custom)
2023-03-29 22:45:58,584 [399773cb-fecd-40e3-a3a3-0a72d991f432@group-715515AC4EA0-LeaderElection11] INFO  server.RaftServerConfigKeys (ConfUtils.java:logGet(46)) - raft.server.log.appender.buffer.element-limit = 1 (custom)
2023-03-29 22:45:58,584 [399773cb-fecd-40e3-a3a3-0a72d991f432@group-715515AC4EA0-LeaderElection11] INFO  grpc.GrpcConfigKeys (ConfUtils.java:logGet(46)) - raft.grpc.server.leader.outstanding.appends.max = 128 (default)
2023-03-29 22:45:58,584 [399773cb-fecd-40e3-a3a3-0a72d991f432@group-715515AC4EA0-LeaderElection11] INFO  server.RaftServerConfigKeys (ConfUtils.java:logGet(46)) - raft.server.rpc.request.timeout = 60s (custom)
2023-03-29 22:45:58,584 [399773cb-fecd-40e3-a3a3-0a72d991f432@group-715515AC4EA0-LeaderElection11] INFO  server.RaftServerConfigKeys (ConfUtils.java:logGet(46)) - raft.server.log.appender.install.snapshot.enabled = false (custom)
2023-03-29 22:45:58,584 [399773cb-fecd-40e3-a3a3-0a72d991f432@group-715515AC4EA0-LeaderElection11] INFO  grpc.GrpcConfigKeys (ConfUtils.java:logGet(46)) - raft.grpc.server.heartbeat.channel = true (default)
2023-03-29 22:45:58,582 [EventQueue-PipelineReportForPipelineReportHandler] INFO  pipeline.PipelineManagerImpl (PipelineManagerImpl.java:openPipeline(367)) - Pipeline Pipeline[ Id: fbea81ca-d65e-471f-ab84-715515ac4ea0, Nodes: 399773cb-fecd-40e3-a3a3-0a72d991f432(fv-az377-460/10.1.0.40)31377470-4be3-4e7f-893b-aea4cf46f3a2(fv-az377-460/10.1.0.40)1b03df48-31d6-4d50-bcfe-06272533350b(fv-az377-460/10.1.0.40), ReplicationConfig: RATIS/THREE, State:ALLOCATED, leaderId:399773cb-fecd-40e3-a3a3-0a72d991f432, CreationTimestamp2023-03-29T22:45:50.922Z[Etc/UTC]] moved to OPEN state
2023-03-29 22:45:58,585 [399773cb-fecd-40e3-a3a3-0a72d991f432@group-715515AC4EA0-LeaderElection11] INFO  server.RaftServerConfigKeys (ConfUtils.java:logGet(46)) - raft.server.log.appender.wait-time.min = 10ms (default)
2023-03-29 22:45:58,586 [399773cb-fecd-40e3-a3a3-0a72d991f432@group-715515AC4EA0-LeaderElection11] INFO  server.RaftServerConfigKeys (ConfUtils.java:logGet(46)) - raft.server.log.appender.snapshot.chunk.size.max = 16MB (=16777216) (default)
2023-03-29 22:45:58,586 [399773cb-fecd-40e3-a3a3-0a72d991f432@group-715515AC4EA0-LeaderElection11] INFO  server.RaftServerConfigKeys (ConfUtils.java:logGet(46)) - raft.server.log.appender.buffer.byte-limit = 33554432 (custom)
2023-03-29 22:45:58,586 [399773cb-fecd-40e3-a3a3-0a72d991f432@group-715515AC4EA0-LeaderElection11] INFO  server.RaftServerConfigKeys (ConfUtils.java:logGet(46)) - raft.server.log.appender.buffer.element-limit = 1 (custom)
2023-03-29 22:45:58,586 [399773cb-fecd-40e3-a3a3-0a72d991f432@group-715515AC4EA0-LeaderElection11] INFO  grpc.GrpcConfigKeys (ConfUtils.java:logGet(46)) - raft.grpc.server.leader.outstanding.appends.max = 128 (default)
2023-03-29 22:45:58,587 [399773cb-fecd-40e3-a3a3-0a72d991f432@group-715515AC4EA0-LeaderElection11] INFO  server.RaftServerConfigKeys (ConfUtils.java:logGet(46)) - raft.server.rpc.request.timeout = 60s (custom)
2023-03-29 22:45:58,587 [399773cb-fecd-40e3-a3a3-0a72d991f432@group-715515AC4EA0-LeaderElection11] INFO  server.RaftServerConfigKeys (ConfUtils.java:logGet(46)) - raft.server.log.appender.install.snapshot.enabled = false (custom)
2023-03-29 22:45:58,587 [399773cb-fecd-40e3-a3a3-0a72d991f432@group-715515AC4EA0-LeaderElection11] INFO  grpc.GrpcConfigKeys (ConfUtils.java:logGet(46)) - raft.grpc.server.heartbeat.channel = true (default)
2023-03-29 22:45:58,587 [399773cb-fecd-40e3-a3a3-0a72d991f432@group-715515AC4EA0-LeaderElection11] INFO  server.RaftServerConfigKeys (ConfUtils.java:logGet(46)) - raft.server.log.appender.wait-time.min = 10ms (default)
2023-03-29 22:45:58,587 [399773cb-fecd-40e3-a3a3-0a72d991f432@group-715515AC4EA0-LeaderElection11] INFO  impl.RoleInfo (RoleInfo.java:updateAndGet(139)) - 399773cb-fecd-40e3-a3a3-0a72d991f432: start 399773cb-fecd-40e3-a3a3-0a72d991f432@group-715515AC4EA0-LeaderStateImpl
2023-03-29 22:45:58,587 [399773cb-fecd-40e3-a3a3-0a72d991f432@group-715515AC4EA0-LeaderElection11] INFO  segmented.SegmentedRaftLogWorker (SegmentedRaftLogWorker.java:startLogSegment(452)) - 399773cb-fecd-40e3-a3a3-0a72d991f432@group-715515AC4EA0-SegmentedRaftLogWorker: Starting segment from index:0
2023-03-29 22:45:58,591 [399773cb-fecd-40e3-a3a3-0a72d991f432@group-715515AC4EA0-SegmentedRaftLogWorker] INFO  segmented.SegmentedRaftLogWorker (SegmentedRaftLogWorker.java:execute(656)) - 399773cb-fecd-40e3-a3a3-0a72d991f432@group-715515AC4EA0-SegmentedRaftLogWorker: created new log segment /home/runner/work/ozone/ozone/hadoop-ozone/integration-test/target/test-dir/MiniOzoneClusterImpl-8ae17f6e-7b8d-4fcc-9253-feb95f7e1717/datanode-2/data/ratis/fbea81ca-d65e-471f-ab84-715515ac4ea0/current/log_inprogress_0
2023-03-29 22:45:58,597 [399773cb-fecd-40e3-a3a3-0a72d991f432@group-715515AC4EA0-LeaderElection11] INFO  server.RaftServer$Division (ServerState.java:setRaftConf(430)) - 399773cb-fecd-40e3-a3a3-0a72d991f432@group-715515AC4EA0: set configuration 0: peers:[1b03df48-31d6-4d50-bcfe-06272533350b|rpc:10.1.0.40:38067|dataStream:10.1.0.40:34129|priority:0|startupRole:FOLLOWER, 399773cb-fecd-40e3-a3a3-0a72d991f432|rpc:10.1.0.40:46155|dataStream:10.1.0.40:41261|priority:1|startupRole:FOLLOWER, 31377470-4be3-4e7f-893b-aea4cf46f3a2|rpc:10.1.0.40:38467|dataStream:10.1.0.40:33959|priority:0|startupRole:FOLLOWER]|listeners:[], old=null
2023-03-29 22:45:58,598 [31377470-4be3-4e7f-893b-aea4cf46f3a2@group-F8D248A20461-LeaderElection12] INFO  impl.LeaderElection (LeaderElection.java:askForVotes(312)) - 31377470-4be3-4e7f-893b-aea4cf46f3a2@group-F8D248A20461-LeaderElection12 ELECTION round 0: submit vote requests at term 1 for -1: peers:[31377470-4be3-4e7f-893b-aea4cf46f3a2|rpc:10.1.0.40:38467|dataStream:10.1.0.40:33959|priority:1|startupRole:FOLLOWER]|listeners:[], old=null
2023-03-29 22:45:58,598 [31377470-4be3-4e7f-893b-aea4cf46f3a2@group-F8D248A20461-LeaderElection12] INFO  impl.LeaderElection (LeaderElection.java:askForVotes(314)) - 31377470-4be3-4e7f-893b-aea4cf46f3a2@group-F8D248A20461-LeaderElection12 ELECTION round 0: result PASSED (term=1)
2023-03-29 22:45:58,598 [31377470-4be3-4e7f-893b-aea4cf46f3a2@group-F8D248A20461-LeaderElection12] INFO  impl.RoleInfo (RoleInfo.java:shutdownLeaderElection(130)) - 31377470-4be3-4e7f-893b-aea4cf46f3a2: shutdown 31377470-4be3-4e7f-893b-aea4cf46f3a2@group-F8D248A20461-LeaderElection12
2023-03-29 22:45:58,598 [31377470-4be3-4e7f-893b-aea4cf46f3a2@group-F8D248A20461-LeaderElection12] INFO  server.RaftServer$Division (RaftServerImpl.java:setRole(321)) - 31377470-4be3-4e7f-893b-aea4cf46f3a2@group-F8D248A20461: changes role from CANDIDATE to LEADER at term 1 for changeToLeader
2023-03-29 22:45:58,598 [31377470-4be3-4e7f-893b-aea4cf46f3a2@group-F8D248A20461-LeaderElection12] INFO  ratis.XceiverServerRatis (XceiverServerRatis.java:handleLeaderChangedNotification(904)) - Leader change notification received for group: group-F8D248A20461 with new leaderId: 31377470-4be3-4e7f-893b-aea4cf46f3a2
2023-03-29 22:45:58,598 [31377470-4be3-4e7f-893b-aea4cf46f3a2@group-F8D248A20461-LeaderElection12] INFO  server.RaftServer$Division (ServerState.java:setLeader(313)) - 31377470-4be3-4e7f-893b-aea4cf46f3a2@group-F8D248A20461: change Leader from null to 31377470-4be3-4e7f-893b-aea4cf46f3a2 at term 1 for becomeLeader, leader elected after 5057ms
2023-03-29 22:45:58,598 [31377470-4be3-4e7f-893b-aea4cf46f3a2@group-F8D248A20461-LeaderElection12] INFO  server.RaftServerConfigKeys (ConfUtils.java:logGet(46)) - raft.server.staging.catchup.gap = 1000 (default)
2023-03-29 22:45:58,598 [31377470-4be3-4e7f-893b-aea4cf46f3a2@group-F8D248A20461-LeaderElection12] INFO  server.RaftServerConfigKeys (ConfUtils.java:logGet(46)) - raft.server.write.element-limit = 1024 (custom)
2023-03-29 22:45:58,598 [31377470-4be3-4e7f-893b-aea4cf46f3a2@group-F8D248A20461-LeaderElection12] INFO  server.RaftServerConfigKeys (ConfUtils.java:logGet(46)) - raft.server.write.byte-limit = 1024 M (=1073741824) (custom)
2023-03-29 22:45:58,602 [31377470-4be3-4e7f-893b-aea4cf46f3a2@group-F8D248A20461-LeaderElection12] INFO  server.RaftServerConfigKeys (ConfUtils.java:logGet(46)) - raft.server.watch.timeout = 180s (custom)
2023-03-29 22:45:58,602 [31377470-4be3-4e7f-893b-aea4cf46f3a2@group-F8D248A20461-LeaderElection12] INFO  server.RaftServerConfigKeys (ConfUtils.java:logGet(46)) - raft.server.watch.timeout.denomination = 1s (default)
2023-03-29 22:45:58,602 [31377470-4be3-4e7f-893b-aea4cf46f3a2@group-F8D248A20461-LeaderElection12] INFO  server.RaftServerConfigKeys (ConfUtils.java:logGet(46)) - raft.server.watch.element-limit = 65536 (default)
2023-03-29 22:45:58,602 [31377470-4be3-4e7f-893b-aea4cf46f3a2@group-F8D248A20461-LeaderElection12] INFO  server.RaftServerConfigKeys (ConfUtils.java:logGet(46)) - raft.server.write.element-limit = 1024 (custom)
2023-03-29 22:45:58,602 [31377470-4be3-4e7f-893b-aea4cf46f3a2@group-F8D248A20461-LeaderElection12] INFO  server.RaftServerConfigKeys (ConfUtils.java:logGet(46)) - raft.server.write.follower.gap.ratio.max = -1.0 (default)
2023-03-29 22:45:58,602 [31377470-4be3-4e7f-893b-aea4cf46f3a2@group-F8D248A20461-LeaderElection12] INFO  impl.RoleInfo (RoleInfo.java:updateAndGet(139)) - 31377470-4be3-4e7f-893b-aea4cf46f3a2: start 31377470-4be3-4e7f-893b-aea4cf46f3a2@group-F8D248A20461-LeaderStateImpl
2023-03-29 22:45:58,603 [31377470-4be3-4e7f-893b-aea4cf46f3a2@group-F8D248A20461-LeaderElection12] INFO  segmented.SegmentedRaftLogWorker (SegmentedRaftLogWorker.java:startLogSegment(452)) - 31377470-4be3-4e7f-893b-aea4cf46f3a2@group-F8D248A20461-SegmentedRaftLogWorker: Starting segment from index:0
2023-03-29 22:45:58,605 [1b03df48-31d6-4d50-bcfe-06272533350b-server-thread1] INFO  ratis.XceiverServerRatis (XceiverServerRatis.java:handleLeaderChangedNotification(904)) - Leader change notification received for group: group-715515AC4EA0 with new leaderId: 399773cb-fecd-40e3-a3a3-0a72d991f432
2023-03-29 22:45:58,609 [1b03df48-31d6-4d50-bcfe-06272533350b-server-thread1] INFO  server.RaftServer$Division (ServerState.java:setLeader(313)) - 1b03df48-31d6-4d50-bcfe-06272533350b@group-715515AC4EA0: change Leader from null to 399773cb-fecd-40e3-a3a3-0a72d991f432 at term 1 for appendEntries, leader elected after 5276ms
2023-03-29 22:45:58,608 [31377470-4be3-4e7f-893b-aea4cf46f3a2@group-F8D248A20461-LeaderElection12] INFO  server.RaftServer$Division (ServerState.java:setRaftConf(430)) - 31377470-4be3-4e7f-893b-aea4cf46f3a2@group-F8D248A20461: set configuration 0: peers:[31377470-4be3-4e7f-893b-aea4cf46f3a2|rpc:10.1.0.40:38467|dataStream:10.1.0.40:33959|priority:1|startupRole:FOLLOWER]|listeners:[], old=null
2023-03-29 22:45:58,610 [31377470-4be3-4e7f-893b-aea4cf46f3a2-server-thread1] INFO  ratis.XceiverServerRatis (XceiverServerRatis.java:handleLeaderChangedNotification(904)) - Leader change notification received for group: group-715515AC4EA0 with new leaderId: 399773cb-fecd-40e3-a3a3-0a72d991f432
2023-03-29 22:45:58,606 [31377470-4be3-4e7f-893b-aea4cf46f3a2@group-F8D248A20461-SegmentedRaftLogWorker] INFO  segmented.SegmentedRaftLogWorker (SegmentedRaftLogWorker.java:execute(656)) - 31377470-4be3-4e7f-893b-aea4cf46f3a2@group-F8D248A20461-SegmentedRaftLogWorker: created new log segment /home/runner/work/ozone/ozone/hadoop-ozone/integration-test/target/test-dir/MiniOzoneClusterImpl-8ae17f6e-7b8d-4fcc-9253-feb95f7e1717/datanode-1/data/ratis/1c82ad90-bc8f-4e4b-a8d0-f8d248a20461/current/log_inprogress_0
2023-03-29 22:45:58,610 [31377470-4be3-4e7f-893b-aea4cf46f3a2-server-thread1] INFO  server.RaftServer$Division (ServerState.java:setLeader(313)) - 31377470-4be3-4e7f-893b-aea4cf46f3a2@group-715515AC4EA0: change Leader from null to 399773cb-fecd-40e3-a3a3-0a72d991f432 at term 1 for appendEntries, leader elected after 5199ms
2023-03-29 22:45:58,611 [1b03df48-31d6-4d50-bcfe-06272533350b-server-thread2] INFO  server.RaftServer$Division (ServerState.java:setRaftConf(430)) - 1b03df48-31d6-4d50-bcfe-06272533350b@group-715515AC4EA0: set configuration 0: peers:[1b03df48-31d6-4d50-bcfe-06272533350b|rpc:10.1.0.40:38067|dataStream:10.1.0.40:34129|priority:0|startupRole:FOLLOWER, 399773cb-fecd-40e3-a3a3-0a72d991f432|rpc:10.1.0.40:46155|dataStream:10.1.0.40:41261|priority:1|startupRole:FOLLOWER, 31377470-4be3-4e7f-893b-aea4cf46f3a2|rpc:10.1.0.40:38467|dataStream:10.1.0.40:33959|priority:0|startupRole:FOLLOWER]|listeners:[], old=null
2023-03-29 22:45:58,611 [1b03df48-31d6-4d50-bcfe-06272533350b-server-thread2] INFO  segmented.SegmentedRaftLogWorker (SegmentedRaftLogWorker.java:startLogSegment(452)) - 1b03df48-31d6-4d50-bcfe-06272533350b@group-715515AC4EA0-SegmentedRaftLogWorker: Starting segment from index:0
2023-03-29 22:45:58,614 [31377470-4be3-4e7f-893b-aea4cf46f3a2-server-thread3] INFO  server.RaftServer$Division (ServerState.java:setRaftConf(430)) - 31377470-4be3-4e7f-893b-aea4cf46f3a2@group-715515AC4EA0: set configuration 0: peers:[1b03df48-31d6-4d50-bcfe-06272533350b|rpc:10.1.0.40:38067|dataStream:10.1.0.40:34129|priority:0|startupRole:FOLLOWER, 399773cb-fecd-40e3-a3a3-0a72d991f432|rpc:10.1.0.40:46155|dataStream:10.1.0.40:41261|priority:1|startupRole:FOLLOWER, 31377470-4be3-4e7f-893b-aea4cf46f3a2|rpc:10.1.0.40:38467|dataStream:10.1.0.40:33959|priority:0|startupRole:FOLLOWER]|listeners:[], old=null
2023-03-29 22:45:58,616 [1b03df48-31d6-4d50-bcfe-06272533350b@group-715515AC4EA0-SegmentedRaftLogWorker] INFO  segmented.SegmentedRaftLogWorker (SegmentedRaftLogWorker.java:execute(656)) - 1b03df48-31d6-4d50-bcfe-06272533350b@group-715515AC4EA0-SegmentedRaftLogWorker: created new log segment /home/runner/work/ozone/ozone/hadoop-ozone/integration-test/target/test-dir/MiniOzoneClusterImpl-8ae17f6e-7b8d-4fcc-9253-feb95f7e1717/datanode-0/data/ratis/fbea81ca-d65e-471f-ab84-715515ac4ea0/current/log_inprogress_0
2023-03-29 22:45:58,621 [31377470-4be3-4e7f-893b-aea4cf46f3a2-server-thread3] INFO  segmented.SegmentedRaftLogWorker (SegmentedRaftLogWorker.java:startLogSegment(452)) - 31377470-4be3-4e7f-893b-aea4cf46f3a2@group-715515AC4EA0-SegmentedRaftLogWorker: Starting segment from index:0
2023-03-29 22:45:58,628 [31377470-4be3-4e7f-893b-aea4cf46f3a2@group-715515AC4EA0-SegmentedRaftLogWorker] INFO  segmented.SegmentedRaftLogWorker (SegmentedRaftLogWorker.java:execute(656)) - 31377470-4be3-4e7f-893b-aea4cf46f3a2@group-715515AC4EA0-SegmentedRaftLogWorker: created new log segment /home/runner/work/ozone/ozone/hadoop-ozone/integration-test/target/test-dir/MiniOzoneClusterImpl-8ae17f6e-7b8d-4fcc-9253-feb95f7e1717/datanode-1/data/ratis/fbea81ca-d65e-471f-ab84-715515ac4ea0/current/log_inprogress_0
2023-03-29 22:45:58,919 [Listener at 127.0.0.1/35129] INFO  ozone.MiniOzoneClusterImpl (MiniOzoneClusterImpl.java:lambda$waitForClusterToBeReady$0(222)) - Nodes are ready. Got 3 of 3 DN Heartbeats.
2023-03-29 22:45:58,920 [Listener at 127.0.0.1/35129] INFO  ozone.MiniOzoneClusterImpl (MiniOzoneClusterImpl.java:lambda$waitForClusterToBeReady$0(225)) - Cluster exits safe mode
2023-03-29 22:45:58,920 [Listener at 127.0.0.1/35129] INFO  ozone.MiniOzoneClusterImpl (MiniOzoneClusterImpl.java:lambda$waitForClusterToBeReady$0(227)) - SCM became leader
2023-03-29 22:45:58,949 [Listener at 127.0.0.1/35129] INFO  rpc.RpcClient (RpcClient.java:createVolume(476)) - Creating Volume: volume34570, with user42993 as owner and space quota set to -1 bytes, counts quota set to -1
2023-03-29 22:45:58,970 [OM StateMachine ApplyTransaction Thread - 0] INFO  volume.OMVolumeCreateRequest (OMVolumeCreateRequest.java:validateAndUpdateCache(195)) - created volume:volume34570 for user:user42993
2023-03-29 22:45:58,973 [OM StateMachine ApplyTransaction Thread - 0] INFO  volume.OMVolumeCreateRequest (OMVolumeCreateRequest.java:validateAndUpdateCache(195)) - created volume:volume34570 for user:user42993
2023-03-29 22:45:58,978 [OM StateMachine ApplyTransaction Thread - 0] INFO  volume.OMVolumeCreateRequest (OMVolumeCreateRequest.java:validateAndUpdateCache(195)) - created volume:volume34570 for user:user42993
2023-03-29 22:45:58,983 [Listener at 127.0.0.1/35129] INFO  rpc.RpcClient (RpcClient.java:createBucket(698)) - Creating Bucket: volume34570/bucket71080, with bucket layout FILE_SYSTEM_OPTIMIZED, runner as owner, Versioning false, Storage Type set to DISK and Encryption set to false, Replication Type set to server-side default replication type, Namespace Quota set to -1, Space Quota set to -1 
2023-03-29 22:45:58,989 [OM StateMachine ApplyTransaction Thread - 0] INFO  bucket.OMBucketCreateRequest (OMBucketCreateRequest.java:validateAndUpdateCache(262)) - created bucket: bucket71080 of layout FILE_SYSTEM_OPTIMIZED in volume: volume34570
2023-03-29 22:45:58,994 [399773cb-fecd-40e3-a3a3-0a72d991f432@group-6ACBAA06EE94-FollowerState] INFO  impl.FollowerState (FollowerState.java:run(143)) - 399773cb-fecd-40e3-a3a3-0a72d991f432@group-6ACBAA06EE94-FollowerState: change to CANDIDATE, lastRpcElapsedTime:5058392181ns, electionTimeout:5056ms
2023-03-29 22:45:58,994 [OM StateMachine ApplyTransaction Thread - 0] INFO  bucket.OMBucketCreateRequest (OMBucketCreateRequest.java:validateAndUpdateCache(262)) - created bucket: bucket71080 of layout FILE_SYSTEM_OPTIMIZED in volume: volume34570
2023-03-29 22:45:58,994 [399773cb-fecd-40e3-a3a3-0a72d991f432@group-6ACBAA06EE94-FollowerState] INFO  impl.RoleInfo (RoleInfo.java:shutdownFollowerState(110)) - 399773cb-fecd-40e3-a3a3-0a72d991f432: shutdown 399773cb-fecd-40e3-a3a3-0a72d991f432@group-6ACBAA06EE94-FollowerState
2023-03-29 22:45:58,994 [399773cb-fecd-40e3-a3a3-0a72d991f432@group-6ACBAA06EE94-FollowerState] INFO  server.RaftServer$Division (RaftServerImpl.java:setRole(321)) - 399773cb-fecd-40e3-a3a3-0a72d991f432@group-6ACBAA06EE94: changes role from  FOLLOWER to CANDIDATE at term 0 for changeToCandidate
2023-03-29 22:45:58,997 [399773cb-fecd-40e3-a3a3-0a72d991f432@group-6ACBAA06EE94-FollowerState] INFO  server.RaftServerConfigKeys (ConfUtils.java:logGet(46)) - raft.server.leaderelection.pre-vote = true (default)
2023-03-29 22:45:59,003 [OM StateMachine ApplyTransaction Thread - 0] INFO  bucket.OMBucketCreateRequest (OMBucketCreateRequest.java:validateAndUpdateCache(262)) - created bucket: bucket71080 of layout FILE_SYSTEM_OPTIMIZED in volume: volume34570
2023-03-29 22:45:59,003 [399773cb-fecd-40e3-a3a3-0a72d991f432@group-6ACBAA06EE94-FollowerState] INFO  impl.RoleInfo (RoleInfo.java:updateAndGet(139)) - 399773cb-fecd-40e3-a3a3-0a72d991f432: start 399773cb-fecd-40e3-a3a3-0a72d991f432@group-6ACBAA06EE94-LeaderElection13
2023-03-29 22:45:59,004 [Listener at 127.0.0.1/35129] INFO  utils.BackgroundService (BackgroundService.java:shutdown(141)) - Shutting down service KeyDeletingService
2023-03-29 22:45:59,005 [Listener at 127.0.0.1/35129] INFO  utils.BackgroundService (BackgroundService.java:shutdown(141)) - Shutting down service DirectoryDeletingService
2023-03-29 22:45:59,006 [Listener at 127.0.0.1/35129] INFO  utils.BackgroundService (BackgroundService.java:shutdown(141)) - Shutting down service OpenKeyCleanupService
2023-03-29 22:45:59,007 [Listener at 127.0.0.1/35129] INFO  utils.BackgroundService (BackgroundService.java:shutdown(141)) - Shutting down service SstFilteringService
2023-03-29 22:45:59,008 [Listener at 127.0.0.1/35129] INFO  utils.BackgroundService (BackgroundService.java:shutdown(141)) - Shutting down service SnapshotDeletingService
2023-03-29 22:45:59,008 [399773cb-fecd-40e3-a3a3-0a72d991f432@group-6ACBAA06EE94-LeaderElection13] INFO  impl.LeaderElection (LeaderElection.java:askForVotes(312)) - 399773cb-fecd-40e3-a3a3-0a72d991f432@group-6ACBAA06EE94-LeaderElection13 PRE_VOTE round 0: submit vote requests at term 0 for -1: peers:[399773cb-fecd-40e3-a3a3-0a72d991f432|rpc:10.1.0.40:46155|dataStream:10.1.0.40:41261|priority:1|startupRole:FOLLOWER]|listeners:[], old=null
2023-03-29 22:45:59,009 [Listener at 127.0.0.1/35129] WARN  server.ServerUtils (ServerUtils.java:getDBPath(225)) - ozone.om.db.dirs is not configured. We recommend adding this setting. Falling back to ozone.metadata.dirs instead.
2023-03-29 22:45:59,009 [399773cb-fecd-40e3-a3a3-0a72d991f432@group-6ACBAA06EE94-LeaderElection13] INFO  impl.LeaderElection (LeaderElection.java:askForVotes(314)) - 399773cb-fecd-40e3-a3a3-0a72d991f432@group-6ACBAA06EE94-LeaderElection13 PRE_VOTE round 0: result PASSED (term=0)
2023-03-29 22:45:59,010 [Time-limited test] INFO  rpc.RpcClient (RpcClient.java:createVolume(476)) - Creating Volume: vol-55242, with runner as owner and space quota set to -1 bytes, counts quota set to -1
2023-03-29 22:45:59,013 [399773cb-fecd-40e3-a3a3-0a72d991f432@group-6ACBAA06EE94-LeaderElection13] INFO  impl.LeaderElection (LeaderElection.java:askForVotes(312)) - 399773cb-fecd-40e3-a3a3-0a72d991f432@group-6ACBAA06EE94-LeaderElection13 ELECTION round 0: submit vote requests at term 1 for -1: peers:[399773cb-fecd-40e3-a3a3-0a72d991f432|rpc:10.1.0.40:46155|dataStream:10.1.0.40:41261|priority:1|startupRole:FOLLOWER]|listeners:[], old=null
2023-03-29 22:45:59,013 [399773cb-fecd-40e3-a3a3-0a72d991f432@group-6ACBAA06EE94-LeaderElection13] INFO  impl.LeaderElection (LeaderElection.java:askForVotes(314)) - 399773cb-fecd-40e3-a3a3-0a72d991f432@group-6ACBAA06EE94-LeaderElection13 ELECTION round 0: result PASSED (term=1)
2023-03-29 22:45:59,013 [399773cb-fecd-40e3-a3a3-0a72d991f432@group-6ACBAA06EE94-LeaderElection13] INFO  impl.RoleInfo (RoleInfo.java:shutdownLeaderElection(130)) - 399773cb-fecd-40e3-a3a3-0a72d991f432: shutdown 399773cb-fecd-40e3-a3a3-0a72d991f432@group-6ACBAA06EE94-LeaderElection13
2023-03-29 22:45:59,013 [399773cb-fecd-40e3-a3a3-0a72d991f432@group-6ACBAA06EE94-LeaderElection13] INFO  server.RaftServer$Division (RaftServerImpl.java:setRole(321)) - 399773cb-fecd-40e3-a3a3-0a72d991f432@group-6ACBAA06EE94: changes role from CANDIDATE to LEADER at term 1 for changeToLeader
2023-03-29 22:45:59,013 [399773cb-fecd-40e3-a3a3-0a72d991f432@group-6ACBAA06EE94-LeaderElection13] INFO  ratis.XceiverServerRatis (XceiverServerRatis.java:handleLeaderChangedNotification(904)) - Leader change notification received for group: group-6ACBAA06EE94 with new leaderId: 399773cb-fecd-40e3-a3a3-0a72d991f432
2023-03-29 22:45:59,016 [OM StateMachine ApplyTransaction Thread - 0] INFO  volume.OMVolumeCreateRequest (OMVolumeCreateRequest.java:validateAndUpdateCache(195)) - created volume:vol-55242 for user:runner
2023-03-29 22:45:59,017 [OM StateMachine ApplyTransaction Thread - 0] INFO  volume.OMVolumeCreateRequest (OMVolumeCreateRequest.java:validateAndUpdateCache(195)) - created volume:vol-55242 for user:runner
2023-03-29 22:45:59,018 [399773cb-fecd-40e3-a3a3-0a72d991f432@group-6ACBAA06EE94-LeaderElection13] INFO  server.RaftServer$Division (ServerState.java:setLeader(313)) - 399773cb-fecd-40e3-a3a3-0a72d991f432@group-6ACBAA06EE94: change Leader from null to 399773cb-fecd-40e3-a3a3-0a72d991f432 at term 1 for becomeLeader, leader elected after 5093ms
2023-03-29 22:45:59,018 [399773cb-fecd-40e3-a3a3-0a72d991f432@group-6ACBAA06EE94-LeaderElection13] INFO  server.RaftServerConfigKeys (ConfUtils.java:logGet(46)) - raft.server.staging.catchup.gap = 1000 (default)
2023-03-29 22:45:59,018 [399773cb-fecd-40e3-a3a3-0a72d991f432@group-6ACBAA06EE94-LeaderElection13] INFO  server.RaftServerConfigKeys (ConfUtils.java:logGet(46)) - raft.server.write.element-limit = 1024 (custom)
2023-03-29 22:45:59,018 [399773cb-fecd-40e3-a3a3-0a72d991f432@group-6ACBAA06EE94-LeaderElection13] INFO  server.RaftServerConfigKeys (ConfUtils.java:logGet(46)) - raft.server.write.byte-limit = 1024 M (=1073741824) (custom)
2023-03-29 22:45:59,018 [OM StateMachine ApplyTransaction Thread - 0] INFO  volume.OMVolumeCreateRequest (OMVolumeCreateRequest.java:validateAndUpdateCache(195)) - created volume:vol-55242 for user:runner
2023-03-29 22:45:59,019 [399773cb-fecd-40e3-a3a3-0a72d991f432@group-6ACBAA06EE94-LeaderElection13] INFO  server.RaftServerConfigKeys (ConfUtils.java:logGet(46)) - raft.server.watch.timeout = 180s (custom)
2023-03-29 22:45:59,019 [399773cb-fecd-40e3-a3a3-0a72d991f432@group-6ACBAA06EE94-LeaderElection13] INFO  server.RaftServerConfigKeys (ConfUtils.java:logGet(46)) - raft.server.watch.timeout.denomination = 1s (default)
2023-03-29 22:45:59,019 [399773cb-fecd-40e3-a3a3-0a72d991f432@group-6ACBAA06EE94-LeaderElection13] INFO  server.RaftServerConfigKeys (ConfUtils.java:logGet(46)) - raft.server.watch.element-limit = 65536 (default)
2023-03-29 22:45:59,019 [399773cb-fecd-40e3-a3a3-0a72d991f432@group-6ACBAA06EE94-LeaderElection13] INFO  server.RaftServerConfigKeys (ConfUtils.java:logGet(46)) - raft.server.write.element-limit = 1024 (custom)
2023-03-29 22:45:59,019 [399773cb-fecd-40e3-a3a3-0a72d991f432@group-6ACBAA06EE94-LeaderElection13] INFO  server.RaftServerConfigKeys (ConfUtils.java:logGet(46)) - raft.server.write.follower.gap.ratio.max = -1.0 (default)
2023-03-29 22:45:59,019 [399773cb-fecd-40e3-a3a3-0a72d991f432@group-6ACBAA06EE94-LeaderElection13] INFO  impl.RoleInfo (RoleInfo.java:updateAndGet(139)) - 399773cb-fecd-40e3-a3a3-0a72d991f432: start 399773cb-fecd-40e3-a3a3-0a72d991f432@group-6ACBAA06EE94-LeaderStateImpl
2023-03-29 22:45:59,019 [399773cb-fecd-40e3-a3a3-0a72d991f432@group-6ACBAA06EE94-LeaderElection13] INFO  segmented.SegmentedRaftLogWorker (SegmentedRaftLogWorker.java:startLogSegment(452)) - 399773cb-fecd-40e3-a3a3-0a72d991f432@group-6ACBAA06EE94-SegmentedRaftLogWorker: Starting segment from index:0
2023-03-29 22:45:59,022 [399773cb-fecd-40e3-a3a3-0a72d991f432@group-6ACBAA06EE94-LeaderElection13] INFO  server.RaftServer$Division (ServerState.java:setRaftConf(430)) - 399773cb-fecd-40e3-a3a3-0a72d991f432@group-6ACBAA06EE94: set configuration 0: peers:[399773cb-fecd-40e3-a3a3-0a72d991f432|rpc:10.1.0.40:46155|dataStream:10.1.0.40:41261|priority:1|startupRole:FOLLOWER]|listeners:[], old=null
2023-03-29 22:45:59,027 [399773cb-fecd-40e3-a3a3-0a72d991f432@group-6ACBAA06EE94-SegmentedRaftLogWorker] INFO  segmented.SegmentedRaftLogWorker (SegmentedRaftLogWorker.java:execute(656)) - 399773cb-fecd-40e3-a3a3-0a72d991f432@group-6ACBAA06EE94-SegmentedRaftLogWorker: created new log segment /home/runner/work/ozone/ozone/hadoop-ozone/integration-test/target/test-dir/MiniOzoneClusterImpl-8ae17f6e-7b8d-4fcc-9253-feb95f7e1717/datanode-2/data/ratis/468dbe28-c1ed-4ffc-a161-6acbaa06ee94/current/log_inprogress_0
2023-03-29 22:45:59,028 [Time-limited test] INFO  rpc.RpcClient (RpcClient.java:createBucket(698)) - Creating Bucket: vol-55242/buck-19643, with server-side default bucket layout, runner as owner, Versioning false, Storage Type set to DISK and Encryption set to false, Replication Type set to server-side default replication type, Namespace Quota set to -1, Space Quota set to -1 
2023-03-29 22:45:59,031 [OM StateMachine ApplyTransaction Thread - 0] INFO  bucket.OMBucketCreateRequest (OMBucketCreateRequest.java:validateAndUpdateCache(262)) - created bucket: buck-19643 of layout FILE_SYSTEM_OPTIMIZED in volume: vol-55242
2023-03-29 22:45:59,033 [OM StateMachine ApplyTransaction Thread - 0] INFO  bucket.OMBucketCreateRequest (OMBucketCreateRequest.java:validateAndUpdateCache(262)) - created bucket: buck-19643 of layout FILE_SYSTEM_OPTIMIZED in volume: vol-55242
2023-03-29 22:45:59,033 [OM StateMachine ApplyTransaction Thread - 0] INFO  bucket.OMBucketCreateRequest (OMBucketCreateRequest.java:validateAndUpdateCache(262)) - created bucket: buck-19643 of layout FILE_SYSTEM_OPTIMIZED in volume: vol-55242
2023-03-29 22:45:59,061 [IPC Server handler 2 on default port 46519] INFO  ha.SequenceIdGenerator (SequenceIdGenerator.java:getNextId(128)) - Allocate a batch for containerId, change lastId from 0 to 1000.
2023-03-29 22:45:59,061 [IPC Server handler 2 on default port 46519] WARN  ha.SequenceIdGenerator (SequenceIdGenerator.java:allocateBatch(237)) - Failed to allocate a batch for localId, expected lastId is 0, actual lastId is 111677748019200000.
2023-03-29 22:45:59,061 [IPC Server handler 2 on default port 46519] INFO  ha.SequenceIdGenerator (SequenceIdGenerator.java:getNextId(128)) - Allocate a batch for localId, change lastId from 111677748019200000 to 111677748019201000.
2023-03-29 22:45:59,156 [OM StateMachine ApplyTransaction Thread - 0] INFO  snapshot.OMSnapshotCreateRequest (OMSnapshotCreateRequest.java:validateAndUpdateCache(204)) - Created snapshot 'snap02024' under path 'vol-55242/buck-19643'
2023-03-29 22:45:59,158 [OM StateMachine ApplyTransaction Thread - 0] INFO  snapshot.OMSnapshotCreateRequest (OMSnapshotCreateRequest.java:validateAndUpdateCache(204)) - Created snapshot 'snap02024' under path 'vol-55242/buck-19643'
2023-03-29 22:45:59,159 [OM StateMachine ApplyTransaction Thread - 0] INFO  snapshot.OMSnapshotCreateRequest (OMSnapshotCreateRequest.java:validateAndUpdateCache(204)) - Created snapshot 'snap02024' under path 'vol-55242/buck-19643'
2023-03-29 22:45:59,207 [OMDoubleBufferFlushThread] INFO  db.RDBCheckpointManager (RDBCheckpointManager.java:createCheckpoint(96)) - Created checkpoint in rocksDB at /home/runner/work/ozone/ozone/hadoop-ozone/integration-test/target/test-dir/MiniOzoneClusterImpl-8ae17f6e-7b8d-4fcc-9253-feb95f7e1717/omNode-1/db.snapshots/om.db-2b750365-c8e5-4ec7-96dd-687e436ff077 in 48 milliseconds
2023-03-29 22:45:59,208 [OMDoubleBufferFlushThread] INFO  db.RDBCheckpointManager (RDBCheckpointManager.java:waitForCheckpointDirectoryExist(125)) - Waited for 1 milliseconds for checkpoint directory /home/runner/work/ozone/ozone/hadoop-ozone/integration-test/target/test-dir/MiniOzoneClusterImpl-8ae17f6e-7b8d-4fcc-9253-feb95f7e1717/omNode-1/db.snapshots/om.db-2b750365-c8e5-4ec7-96dd-687e436ff077 availability.
2023-03-29 22:45:59,208 [OMDoubleBufferFlushThread] WARN  om.OmSnapshotManager (OmSnapshotManager.java:deleteKeysInSnapshotScopeFromDTableInternal(396)) - Took 134708 ns to clean up deletedTable
2023-03-29 22:45:59,208 [OMDoubleBufferFlushThread] INFO  om.OmSnapshotManager (OmSnapshotManager.java:createOmSnapshotCheckpoint(317)) - Created checkpoint : /home/runner/work/ozone/ozone/hadoop-ozone/integration-test/target/test-dir/MiniOzoneClusterImpl-8ae17f6e-7b8d-4fcc-9253-feb95f7e1717/omNode-1/db.snapshots/om.db-2b750365-c8e5-4ec7-96dd-687e436ff077 for snapshot snap02024
2023-03-29 22:45:59,216 [OMDoubleBufferFlushThread] INFO  db.RDBCheckpointManager (RDBCheckpointManager.java:createCheckpoint(96)) - Created checkpoint in rocksDB at /home/runner/work/ozone/ozone/hadoop-ozone/integration-test/target/test-dir/MiniOzoneClusterImpl-8ae17f6e-7b8d-4fcc-9253-feb95f7e1717/omNode-3/db.snapshots/om.db-2b750365-c8e5-4ec7-96dd-687e436ff077 in 56 milliseconds
2023-03-29 22:45:59,217 [OMDoubleBufferFlushThread] INFO  db.RDBCheckpointManager (RDBCheckpointManager.java:waitForCheckpointDirectoryExist(125)) - Waited for 1 milliseconds for checkpoint directory /home/runner/work/ozone/ozone/hadoop-ozone/integration-test/target/test-dir/MiniOzoneClusterImpl-8ae17f6e-7b8d-4fcc-9253-feb95f7e1717/omNode-3/db.snapshots/om.db-2b750365-c8e5-4ec7-96dd-687e436ff077 availability.
2023-03-29 22:45:59,217 [OMDoubleBufferFlushThread] INFO  db.RDBCheckpointManager (RDBCheckpointManager.java:createCheckpoint(96)) - Created checkpoint in rocksDB at /home/runner/work/ozone/ozone/hadoop-ozone/integration-test/target/test-dir/MiniOzoneClusterImpl-8ae17f6e-7b8d-4fcc-9253-feb95f7e1717/omNode-2/db.snapshots/om.db-2b750365-c8e5-4ec7-96dd-687e436ff077 in 56 milliseconds
2023-03-29 22:45:59,217 [OMDoubleBufferFlushThread] WARN  om.OmSnapshotManager (OmSnapshotManager.java:deleteKeysInSnapshotScopeFromDTableInternal(396)) - Took 107307 ns to clean up deletedTable
2023-03-29 22:45:59,217 [OMDoubleBufferFlushThread] INFO  om.OmSnapshotManager (OmSnapshotManager.java:createOmSnapshotCheckpoint(317)) - Created checkpoint : /home/runner/work/ozone/ozone/hadoop-ozone/integration-test/target/test-dir/MiniOzoneClusterImpl-8ae17f6e-7b8d-4fcc-9253-feb95f7e1717/omNode-3/db.snapshots/om.db-2b750365-c8e5-4ec7-96dd-687e436ff077 for snapshot snap02024
2023-03-29 22:45:59,218 [OMDoubleBufferFlushThread] INFO  db.RDBCheckpointManager (RDBCheckpointManager.java:waitForCheckpointDirectoryExist(125)) - Waited for 1 milliseconds for checkpoint directory /home/runner/work/ozone/ozone/hadoop-ozone/integration-test/target/test-dir/MiniOzoneClusterImpl-8ae17f6e-7b8d-4fcc-9253-feb95f7e1717/omNode-2/db.snapshots/om.db-2b750365-c8e5-4ec7-96dd-687e436ff077 availability.
2023-03-29 22:45:59,218 [OMDoubleBufferFlushThread] INFO  om.OmSnapshotManager (OmSnapshotManager.java:createOmSnapshotCheckpoint(317)) - Created checkpoint : /home/runner/work/ozone/ozone/hadoop-ozone/integration-test/target/test-dir/MiniOzoneClusterImpl-8ae17f6e-7b8d-4fcc-9253-feb95f7e1717/omNode-2/db.snapshots/om.db-2b750365-c8e5-4ec7-96dd-687e436ff077 for snapshot snap02024
]]></system-out>
  </testcase>
  <testcase name="testCreateSnapshotMissingMandatoryParams" classname="TestOmSnapshot" time="23.304">
    <system-out><![CDATA[2023-03-29 22:46:42,285 [Listener at 127.0.0.1/35129] INFO  ozone.MiniOzoneClusterImpl (MiniOzoneClusterImpl.java:shutdown(455)) - Shutting down the Mini Ozone Cluster
2023-03-29 22:46:42,285 [Listener at 127.0.0.1/35129] INFO  ozone.MiniOzoneHAClusterImpl (MiniOzoneHAClusterImpl.java:stop(312)) - Stopping the OzoneManager omNode-3
2023-03-29 22:46:42,285 [Listener at 127.0.0.1/35129] INFO  om.OzoneManager (OzoneManager.java:stop(2155)) - omNode-3[localhost:35129]: Stopping Ozone Manager
2023-03-29 22:46:42,286 [Listener at 127.0.0.1/35129] INFO  ipc.Server (Server.java:stop(3428)) - Stopping server on 35129
2023-03-29 22:46:42,298 [IPC Server Responder] INFO  ipc.Server (Server.java:run(1517)) - Stopping IPC Server Responder
2023-03-29 22:46:42,298 [IPC Server listener on 35129] INFO  ipc.Server (Server.java:run(1384)) - Stopping IPC Server listener on 35129
2023-03-29 22:46:42,302 [Listener at 127.0.0.1/35129] INFO  server.RaftServer (RaftServerProxy.java:lambda$close$6(409)) - omNode-3: close
2023-03-29 22:46:42,302 [Listener at 127.0.0.1/35129] INFO  server.GrpcService (GrpcService.java:closeImpl(271)) - omNode-3: shutdown server GrpcServerProtocolService now
2023-03-29 22:46:42,303 [omNode-3-impl-thread1] INFO  server.RaftServer$Division (RaftServerImpl.java:lambda$close$4(458)) - omNode-3@group-523986131536: shutdown
2023-03-29 22:46:42,303 [omNode-3-impl-thread1] INFO  util.JmxRegister (JmxRegister.java:unregister(73)) - Successfully un-registered JMX Bean with object name Ratis:service=RaftServer,group=group-523986131536,id=omNode-3
2023-03-29 22:46:42,303 [omNode-3-impl-thread1] INFO  impl.RoleInfo (RoleInfo.java:shutdownFollowerState(110)) - omNode-3: shutdown omNode-3@group-523986131536-FollowerState
2023-03-29 22:46:42,303 [omNode-3-impl-thread1] INFO  impl.StateMachineUpdater (StateMachineUpdater.java:stopAndJoin(153)) - omNode-3@group-523986131536-StateMachineUpdater: set stopIndex = 720
2023-03-29 22:46:42,303 [omNode-3@group-523986131536-FollowerState] INFO  impl.FollowerState (FollowerState.java:run(152)) - omNode-3@group-523986131536-FollowerState was interrupted
2023-03-29 22:46:42,303 [omNode-3@group-523986131536-StateMachineUpdater] INFO  ratis.OzoneManagerStateMachine (OzoneManagerStateMachine.java:takeSnapshot(445)) - Current Snapshot Index (t:1, i:720)
2023-03-29 22:46:42,306 [grpc-default-executor-3] WARN  server.GrpcServerProtocolService (LogUtils.java:warn(122)) - omNode-3: installSnapshot onError, lastRequest: null: org.apache.ratis.thirdparty.io.grpc.StatusRuntimeException: CANCELLED: client cancelled
2023-03-29 22:46:42,307 [grpc-default-executor-3] WARN  server.GrpcLogAppender (LogUtils.java:warn(122)) - omNode-1@group-523986131536->omNode-3-AppendLogResponseHandler: Failed appendEntries: org.apache.ratis.thirdparty.io.grpc.StatusRuntimeException: CANCELLED: RST_STREAM closed stream. HTTP/2 error code: CANCEL
2023-03-29 22:46:42,307 [Listener at 127.0.0.1/35129] INFO  server.GrpcServerProtocolClient (GrpcServerProtocolClient.java:close(101)) - omNode-1 Close channels
2023-03-29 22:46:42,307 [grpc-default-executor-3] INFO  leader.FollowerInfo (FollowerInfoImpl.java:lambda$new$0(48)) - omNode-1@group-523986131536->omNode-3: nextIndex: updateUnconditionally 721 -> 720
2023-03-29 22:46:42,307 [grpc-default-executor-5] WARN  server.GrpcServerProtocolService (LogUtils.java:warn(122)) - omNode-3: installSnapshot onError, lastRequest: omNode-1->omNode-3#631063-t1,previous=(t:1, i:719),leaderCommit=719,initializing? true,entries: size=1, first=(t:1, i:720), METADATAENTRY(c:719): org.apache.ratis.thirdparty.io.grpc.StatusRuntimeException: CANCELLED: client cancelled
2023-03-29 22:46:42,308 [grpc-default-executor-4] WARN  server.GrpcLogAppender (LogUtils.java:warn(122)) - omNode-1@group-523986131536->omNode-3-AppendLogResponseHandler: Failed appendEntries: org.apache.ratis.thirdparty.io.grpc.StatusRuntimeException: CANCELLED: RST_STREAM closed stream. HTTP/2 error code: CANCEL
2023-03-29 22:46:42,309 [grpc-default-executor-3] WARN  server.GrpcLogAppender (LogUtils.java:warn(122)) - omNode-1@group-523986131536->omNode-3-AppendLogResponseHandler: Failed appendEntries: org.apache.ratis.thirdparty.io.grpc.StatusRuntimeException: UNAVAILABLE: io exception
2023-03-29 22:46:42,310 [grpc-default-executor-4] INFO  leader.FollowerInfo (FollowerInfoImpl.java:lambda$new$0(48)) - omNode-1@group-523986131536->omNode-3: nextIndex: updateUnconditionally 721 -> 720
2023-03-29 22:46:42,310 [grpc-default-executor-3] INFO  leader.FollowerInfo (FollowerInfoImpl.java:lambda$new$0(48)) - omNode-1@group-523986131536->omNode-3: nextIndex: updateUnconditionally 720 -> 719
2023-03-29 22:46:42,316 [grpc-default-executor-4] WARN  server.GrpcLogAppender (LogUtils.java:warn(122)) - omNode-1@group-523986131536->omNode-3-AppendLogResponseHandler: Failed appendEntries: org.apache.ratis.thirdparty.io.grpc.StatusRuntimeException: UNAVAILABLE: io exception
2023-03-29 22:46:42,316 [grpc-default-executor-4] INFO  leader.FollowerInfo (FollowerInfoImpl.java:lambda$new$0(48)) - omNode-1@group-523986131536->omNode-3: nextIndex: updateUnconditionally 719 -> 718
2023-03-29 22:46:42,319 [Listener at 127.0.0.1/35129] INFO  server.GrpcServerProtocolClient (GrpcServerProtocolClient.java:close(101)) - omNode-2 Close channels
2023-03-29 22:46:42,322 [Listener at 127.0.0.1/35129] INFO  server.GrpcService (GrpcService.java:closeImpl(280)) - omNode-3: shutdown server GrpcServerProtocolService successfully
2023-03-29 22:46:42,325 [omNode-3@group-523986131536-StateMachineUpdater] INFO  impl.StateMachineUpdater (StateMachineUpdater.java:takeSnapshot(287)) - omNode-3@group-523986131536-StateMachineUpdater: Took a snapshot at index 720
2023-03-29 22:46:42,325 [omNode-3@group-523986131536-StateMachineUpdater] INFO  impl.StateMachineUpdater (StateMachineUpdater.java:lambda$new$0(92)) - omNode-3@group-523986131536-StateMachineUpdater: snapshotIndex: updateIncreasingly -1 -> 720
2023-03-29 22:46:42,325 [omNode-3@group-523986131536-StateMachineUpdater] INFO  ratis.OzoneManagerStateMachine (OzoneManagerStateMachine.java:close(499)) - StateMachine has shutdown. Shutdown OzoneManager if not already shutdown.
2023-03-29 22:46:42,325 [omNode-3@group-523986131536-StateMachineUpdater] INFO  ratis.OzoneManagerDoubleBuffer (OzoneManagerDoubleBuffer.java:stopDaemon(540)) - Stopping OMDoubleBuffer flush thread
2023-03-29 22:46:42,330 [OMDoubleBufferFlushThread] INFO  ratis.OzoneManagerDoubleBuffer (OzoneManagerDoubleBuffer.java:canFlush(625)) - OMDoubleBuffer flush thread OMDoubleBufferFlushThread is interrupted and will exit.
2023-03-29 22:46:42,330 [omNode-3-impl-thread1] INFO  server.RaftServer$Division (ServerState.java:close(466)) - omNode-3@group-523986131536: closes. applyIndex: 720
2023-03-29 22:46:42,330 [omNode-3@group-523986131536-SegmentedRaftLogWorker] INFO  segmented.SegmentedRaftLogWorker (SegmentedRaftLogWorker.java:run(347)) - omNode-3@group-523986131536-SegmentedRaftLogWorker was interrupted, exiting. There are 0 tasks remaining in the queue.
2023-03-29 22:46:42,331 [omNode-3-impl-thread1] INFO  segmented.SegmentedRaftLogWorker (SegmentedRaftLogWorker.java:close(257)) - omNode-3@group-523986131536-SegmentedRaftLogWorker close()
2023-03-29 22:46:42,332 [JvmPauseMonitor8] INFO  util.JvmPauseMonitor (JvmPauseMonitor.java:run(111)) - JvmPauseMonitor-omNode-3: Stopped
2023-03-29 22:46:42,332 [Listener at 127.0.0.1/35129] INFO  ratis.OzoneManagerStateMachine (OzoneManagerStateMachine.java:close(499)) - StateMachine has shutdown. Shutdown OzoneManager if not already shutdown.
2023-03-29 22:46:42,332 [Listener at 127.0.0.1/35129] INFO  ratis.OzoneManagerDoubleBuffer (OzoneManagerDoubleBuffer.java:stopDaemon(549)) - OMDoubleBuffer flush thread is not running.
2023-03-29 22:46:42,334 [Listener at 127.0.0.1/35129] INFO  utils.BackgroundService (BackgroundService.java:shutdown(141)) - Shutting down service KeyDeletingService
2023-03-29 22:46:42,334 [Listener at 127.0.0.1/35129] INFO  utils.BackgroundService (BackgroundService.java:shutdown(141)) - Shutting down service DirectoryDeletingService
2023-03-29 22:46:42,334 [Listener at 127.0.0.1/35129] INFO  utils.BackgroundService (BackgroundService.java:shutdown(141)) - Shutting down service OpenKeyCleanupService
2023-03-29 22:46:42,334 [Listener at 127.0.0.1/35129] INFO  utils.BackgroundService (BackgroundService.java:shutdown(141)) - Shutting down service SstFilteringService
2023-03-29 22:46:42,335 [Listener at 127.0.0.1/35129] INFO  utils.BackgroundService (BackgroundService.java:shutdown(141)) - Shutting down service SnapshotDeletingService
2023-03-29 22:46:42,335 [Listener at 127.0.0.1/35129] INFO  handler.ContextHandler (ContextHandler.java:doStop(1159)) - Stopped o.e.j.w.WebAppContext@7e97b443{ozoneManager,/,null,STOPPED}{file:/home/runner/work/ozone/ozone/hadoop-ozone/integration-test/target/test-classes/webapps/ozoneManager}
2023-03-29 22:46:42,336 [Listener at 127.0.0.1/35129] INFO  server.AbstractConnector (AbstractConnector.java:doStop(383)) - Stopped ServerConnector@71c37190{HTTP/1.1, (http/1.1)}{0.0.0.0:35209}
2023-03-29 22:46:42,336 [Listener at 127.0.0.1/35129] INFO  server.session (HouseKeeper.java:stopScavenging(149)) - node0 Stopped scavenging
2023-03-29 22:46:42,336 [Listener at 127.0.0.1/35129] INFO  handler.ContextHandler (ContextHandler.java:doStop(1159)) - Stopped o.e.j.s.ServletContextHandler@17ad99d7{static,/static,file:///home/runner/work/ozone/ozone/hadoop-ozone/integration-test/target/test-classes/webapps/static,STOPPED}
2023-03-29 22:46:42,336 [Listener at 127.0.0.1/35129] INFO  handler.ContextHandler (ContextHandler.java:doStop(1159)) - Stopped o.e.j.s.ServletContextHandler@7fdbb0ac{logs,/logs,file:///home/runner/work/ozone/ozone/hadoop-ozone/integration-test/target/log,STOPPED}
2023-03-29 22:46:42,343 [Listener at 127.0.0.1/35129] INFO  ozone.MiniOzoneHAClusterImpl (MiniOzoneHAClusterImpl.java:stop(312)) - Stopping the OzoneManager omNode-1
2023-03-29 22:46:42,344 [Listener at 127.0.0.1/35129] INFO  om.OzoneManager (OzoneManager.java:stop(2155)) - omNode-1[localhost:38145]: Stopping Ozone Manager
2023-03-29 22:46:42,345 [Listener at 127.0.0.1/35129] INFO  ipc.Server (Server.java:stop(3428)) - Stopping server on 38145
2023-03-29 22:46:42,350 [IPC Server listener on 38145] INFO  ipc.Server (Server.java:run(1384)) - Stopping IPC Server listener on 38145
2023-03-29 22:46:42,359 [IPC Server Responder] INFO  ipc.Server (Server.java:run(1517)) - Stopping IPC Server Responder
2023-03-29 22:46:42,362 [Listener at 127.0.0.1/35129] INFO  server.RaftServer (RaftServerProxy.java:lambda$close$6(409)) - omNode-1: close
2023-03-29 22:46:42,362 [Listener at 127.0.0.1/35129] INFO  server.GrpcService (GrpcService.java:closeImpl(271)) - omNode-1: shutdown server GrpcServerProtocolService now
2023-03-29 22:46:42,362 [omNode-1-impl-thread1] INFO  server.RaftServer$Division (RaftServerImpl.java:lambda$close$4(458)) - omNode-1@group-523986131536: shutdown
2023-03-29 22:46:42,362 [omNode-1-impl-thread1] INFO  util.JmxRegister (JmxRegister.java:unregister(73)) - Successfully un-registered JMX Bean with object name Ratis:service=RaftServer,group=group-523986131536,id=omNode-1
2023-03-29 22:46:42,362 [omNode-1-impl-thread1] INFO  impl.RoleInfo (RoleInfo.java:shutdownLeaderState(93)) - omNode-1: shutdown omNode-1@group-523986131536-LeaderStateImpl
2023-03-29 22:46:42,362 [omNode-1-impl-thread1] INFO  impl.PendingRequests (PendingRequests.java:sendNotLeaderResponses(282)) - omNode-1@group-523986131536-PendingRequests: sendNotLeaderResponses
2023-03-29 22:46:42,362 [omNode-1@group-523986131536->omNode-2-GrpcLogAppender-LogAppenderDaemon] WARN  server.GrpcLogAppender (GrpcLogAppender.java:mayWait(200)) - omNode-1@group-523986131536->omNode-2-GrpcLogAppender: Wait interrupted by java.lang.InterruptedException
2023-03-29 22:46:42,362 [omNode-1@group-523986131536->omNode-3-GrpcLogAppender-LogAppenderDaemon] WARN  server.GrpcLogAppender (GrpcLogAppender.java:mayWait(200)) - omNode-1@group-523986131536->omNode-3-GrpcLogAppender: Wait interrupted by java.lang.InterruptedException
2023-03-29 22:46:42,363 [grpc-default-executor-4] INFO  server.GrpcServerProtocolService (GrpcServerProtocolService.java:onCompleted(143)) - omNode-2: Completed APPEND_ENTRIES, lastRequest: null
2023-03-29 22:46:42,364 [grpc-default-executor-3] INFO  server.GrpcServerProtocolService (GrpcServerProtocolService.java:onCompleted(143)) - omNode-2: Completed APPEND_ENTRIES, lastRequest: omNode-1->omNode-2#3400-t1,previous=(t:1, i:719),leaderCommit=719,initializing? true,entries: size=1, first=(t:1, i:720), METADATAENTRY(c:719)
2023-03-29 22:46:42,364 [grpc-default-executor-5] INFO  server.GrpcLogAppender (GrpcLogAppender.java:onCompleted(415)) - omNode-1@group-523986131536->omNode-2-AppendLogResponseHandler: follower responses appendEntries COMPLETED
2023-03-29 22:46:42,364 [grpc-default-executor-5] INFO  leader.FollowerInfo (FollowerInfoImpl.java:lambda$new$0(48)) - omNode-1@group-523986131536->omNode-2: nextIndex: updateUnconditionally 721 -> 720
2023-03-29 22:46:42,364 [grpc-default-executor-4] INFO  server.GrpcLogAppender (GrpcLogAppender.java:onCompleted(415)) - omNode-1@group-523986131536->omNode-2-AppendLogResponseHandler: follower responses appendEntries COMPLETED
2023-03-29 22:46:42,364 [grpc-default-executor-4] INFO  leader.FollowerInfo (FollowerInfoImpl.java:lambda$new$0(48)) - omNode-1@group-523986131536->omNode-2: nextIndex: updateUnconditionally 720 -> 719
2023-03-29 22:46:42,372 [Listener at 127.0.0.1/35129] INFO  server.GrpcServerProtocolClient (GrpcServerProtocolClient.java:close(101)) - omNode-3 Close channels
2023-03-29 22:46:42,372 [Listener at 127.0.0.1/35129] INFO  server.GrpcServerProtocolClient (GrpcServerProtocolClient.java:close(101)) - omNode-2 Close channels
2023-03-29 22:46:42,377 [omNode-1-impl-thread1] INFO  impl.StateMachineUpdater (StateMachineUpdater.java:stopAndJoin(153)) - omNode-1@group-523986131536-StateMachineUpdater: set stopIndex = 720
2023-03-29 22:46:42,378 [omNode-1@group-523986131536-StateMachineUpdater] INFO  ratis.OzoneManagerStateMachine (OzoneManagerStateMachine.java:takeSnapshot(445)) - Current Snapshot Index (t:1, i:720)
2023-03-29 22:46:42,379 [Listener at 127.0.0.1/35129] INFO  server.GrpcService (GrpcService.java:closeImpl(280)) - omNode-1: shutdown server GrpcServerProtocolService successfully
2023-03-29 22:46:42,401 [omNode-1@group-523986131536-StateMachineUpdater] INFO  impl.StateMachineUpdater (StateMachineUpdater.java:takeSnapshot(287)) - omNode-1@group-523986131536-StateMachineUpdater: Took a snapshot at index 720
2023-03-29 22:46:42,401 [omNode-1@group-523986131536-StateMachineUpdater] INFO  impl.StateMachineUpdater (StateMachineUpdater.java:lambda$new$0(92)) - omNode-1@group-523986131536-StateMachineUpdater: snapshotIndex: updateIncreasingly -1 -> 720
2023-03-29 22:46:42,401 [omNode-1@group-523986131536-StateMachineUpdater] INFO  ratis.OzoneManagerStateMachine (OzoneManagerStateMachine.java:close(499)) - StateMachine has shutdown. Shutdown OzoneManager if not already shutdown.
2023-03-29 22:46:42,401 [omNode-1@group-523986131536-StateMachineUpdater] INFO  ratis.OzoneManagerDoubleBuffer (OzoneManagerDoubleBuffer.java:stopDaemon(540)) - Stopping OMDoubleBuffer flush thread
2023-03-29 22:46:42,401 [OMDoubleBufferFlushThread] INFO  ratis.OzoneManagerDoubleBuffer (OzoneManagerDoubleBuffer.java:canFlush(625)) - OMDoubleBuffer flush thread OMDoubleBufferFlushThread is interrupted and will exit.
2023-03-29 22:46:42,401 [omNode-1-impl-thread1] INFO  server.RaftServer$Division (ServerState.java:close(466)) - omNode-1@group-523986131536: closes. applyIndex: 720
2023-03-29 22:46:42,401 [omNode-1@group-523986131536-SegmentedRaftLogWorker] INFO  segmented.SegmentedRaftLogWorker (SegmentedRaftLogWorker.java:run(347)) - omNode-1@group-523986131536-SegmentedRaftLogWorker was interrupted, exiting. There are 0 tasks remaining in the queue.
2023-03-29 22:46:42,402 [omNode-1-impl-thread1] INFO  segmented.SegmentedRaftLogWorker (SegmentedRaftLogWorker.java:close(257)) - omNode-1@group-523986131536-SegmentedRaftLogWorker close()
2023-03-29 22:46:42,403 [JvmPauseMonitor6] INFO  util.JvmPauseMonitor (JvmPauseMonitor.java:run(111)) - JvmPauseMonitor-omNode-1: Stopped
2023-03-29 22:46:42,403 [Listener at 127.0.0.1/35129] INFO  ratis.OzoneManagerStateMachine (OzoneManagerStateMachine.java:close(499)) - StateMachine has shutdown. Shutdown OzoneManager if not already shutdown.
2023-03-29 22:46:42,403 [Listener at 127.0.0.1/35129] INFO  ratis.OzoneManagerDoubleBuffer (OzoneManagerDoubleBuffer.java:stopDaemon(549)) - OMDoubleBuffer flush thread is not running.
2023-03-29 22:46:42,404 [Listener at 127.0.0.1/35129] INFO  handler.ContextHandler (ContextHandler.java:doStop(1159)) - Stopped o.e.j.w.WebAppContext@6dd6c3f3{ozoneManager,/,null,STOPPED}{file:/home/runner/work/ozone/ozone/hadoop-ozone/integration-test/target/test-classes/webapps/ozoneManager}
2023-03-29 22:46:42,404 [Listener at 127.0.0.1/35129] INFO  server.AbstractConnector (AbstractConnector.java:doStop(383)) - Stopped ServerConnector@17e9379f{HTTP/1.1, (http/1.1)}{0.0.0.0:38727}
2023-03-29 22:46:42,404 [Listener at 127.0.0.1/35129] INFO  server.session (HouseKeeper.java:stopScavenging(149)) - node0 Stopped scavenging
2023-03-29 22:46:42,404 [Listener at 127.0.0.1/35129] INFO  handler.ContextHandler (ContextHandler.java:doStop(1159)) - Stopped o.e.j.s.ServletContextHandler@317c357f{static,/static,file:///home/runner/work/ozone/ozone/hadoop-ozone/integration-test/target/test-classes/webapps/static,STOPPED}
2023-03-29 22:46:42,405 [Listener at 127.0.0.1/35129] INFO  handler.ContextHandler (ContextHandler.java:doStop(1159)) - Stopped o.e.j.s.ServletContextHandler@68f1dc98{logs,/logs,file:///home/runner/work/ozone/ozone/hadoop-ozone/integration-test/target/log,STOPPED}
2023-03-29 22:46:42,413 [Listener at 127.0.0.1/35129] INFO  ozone.MiniOzoneHAClusterImpl (MiniOzoneHAClusterImpl.java:stop(312)) - Stopping the OzoneManager omNode-2
2023-03-29 22:46:42,413 [Listener at 127.0.0.1/35129] INFO  om.OzoneManager (OzoneManager.java:stop(2155)) - omNode-2[localhost:37233]: Stopping Ozone Manager
2023-03-29 22:46:42,413 [Listener at 127.0.0.1/35129] INFO  ipc.Server (Server.java:stop(3428)) - Stopping server on 37233
2023-03-29 22:46:42,416 [IPC Server listener on 37233] INFO  ipc.Server (Server.java:run(1384)) - Stopping IPC Server listener on 37233
2023-03-29 22:46:42,421 [IPC Server Responder] INFO  ipc.Server (Server.java:run(1517)) - Stopping IPC Server Responder
2023-03-29 22:46:42,422 [Listener at 127.0.0.1/35129] INFO  server.RaftServer (RaftServerProxy.java:lambda$close$6(409)) - omNode-2: close
2023-03-29 22:46:42,422 [omNode-2-impl-thread1] INFO  server.RaftServer$Division (RaftServerImpl.java:lambda$close$4(458)) - omNode-2@group-523986131536: shutdown
2023-03-29 22:46:42,422 [omNode-2-impl-thread1] INFO  util.JmxRegister (JmxRegister.java:unregister(73)) - Successfully un-registered JMX Bean with object name Ratis:service=RaftServer,group=group-523986131536,id=omNode-2
2023-03-29 22:46:42,422 [omNode-2-impl-thread1] INFO  impl.RoleInfo (RoleInfo.java:shutdownFollowerState(110)) - omNode-2: shutdown omNode-2@group-523986131536-FollowerState
2023-03-29 22:46:42,422 [omNode-2-impl-thread1] INFO  impl.StateMachineUpdater (StateMachineUpdater.java:stopAndJoin(153)) - omNode-2@group-523986131536-StateMachineUpdater: set stopIndex = 720
2023-03-29 22:46:42,422 [omNode-2@group-523986131536-FollowerState] INFO  impl.FollowerState (FollowerState.java:run(152)) - omNode-2@group-523986131536-FollowerState was interrupted
2023-03-29 22:46:42,422 [Listener at 127.0.0.1/35129] INFO  server.GrpcService (GrpcService.java:closeImpl(271)) - omNode-2: shutdown server GrpcServerProtocolService now
2023-03-29 22:46:42,422 [omNode-2@group-523986131536-StateMachineUpdater] INFO  ratis.OzoneManagerStateMachine (OzoneManagerStateMachine.java:takeSnapshot(445)) - Current Snapshot Index (t:1, i:720)
2023-03-29 22:46:42,423 [Listener at 127.0.0.1/35129] INFO  server.GrpcService (GrpcService.java:closeImpl(280)) - omNode-2: shutdown server GrpcServerProtocolService successfully
2023-03-29 22:46:42,440 [omNode-2@group-523986131536-StateMachineUpdater] INFO  impl.StateMachineUpdater (StateMachineUpdater.java:takeSnapshot(287)) - omNode-2@group-523986131536-StateMachineUpdater: Took a snapshot at index 720
2023-03-29 22:46:42,440 [omNode-2@group-523986131536-StateMachineUpdater] INFO  impl.StateMachineUpdater (StateMachineUpdater.java:lambda$new$0(92)) - omNode-2@group-523986131536-StateMachineUpdater: snapshotIndex: updateIncreasingly -1 -> 720
2023-03-29 22:46:42,440 [omNode-2@group-523986131536-StateMachineUpdater] INFO  ratis.OzoneManagerStateMachine (OzoneManagerStateMachine.java:close(499)) - StateMachine has shutdown. Shutdown OzoneManager if not already shutdown.
2023-03-29 22:46:42,440 [omNode-2@group-523986131536-StateMachineUpdater] INFO  ratis.OzoneManagerDoubleBuffer (OzoneManagerDoubleBuffer.java:stopDaemon(540)) - Stopping OMDoubleBuffer flush thread
2023-03-29 22:46:42,440 [OMDoubleBufferFlushThread] INFO  ratis.OzoneManagerDoubleBuffer (OzoneManagerDoubleBuffer.java:canFlush(625)) - OMDoubleBuffer flush thread OMDoubleBufferFlushThread is interrupted and will exit.
2023-03-29 22:46:42,441 [omNode-2-impl-thread1] INFO  server.RaftServer$Division (ServerState.java:close(466)) - omNode-2@group-523986131536: closes. applyIndex: 720
2023-03-29 22:46:42,441 [omNode-2@group-523986131536-SegmentedRaftLogWorker] INFO  segmented.SegmentedRaftLogWorker (SegmentedRaftLogWorker.java:run(347)) - omNode-2@group-523986131536-SegmentedRaftLogWorker was interrupted, exiting. There are 0 tasks remaining in the queue.
2023-03-29 22:46:42,442 [omNode-2-impl-thread1] INFO  segmented.SegmentedRaftLogWorker (SegmentedRaftLogWorker.java:close(257)) - omNode-2@group-523986131536-SegmentedRaftLogWorker close()
2023-03-29 22:46:42,443 [JvmPauseMonitor7] INFO  util.JvmPauseMonitor (JvmPauseMonitor.java:run(111)) - JvmPauseMonitor-omNode-2: Stopped
2023-03-29 22:46:42,443 [Listener at 127.0.0.1/35129] INFO  ratis.OzoneManagerStateMachine (OzoneManagerStateMachine.java:close(499)) - StateMachine has shutdown. Shutdown OzoneManager if not already shutdown.
2023-03-29 22:46:42,443 [Listener at 127.0.0.1/35129] INFO  ratis.OzoneManagerDoubleBuffer (OzoneManagerDoubleBuffer.java:stopDaemon(549)) - OMDoubleBuffer flush thread is not running.
2023-03-29 22:46:42,443 [Listener at 127.0.0.1/35129] INFO  utils.BackgroundService (BackgroundService.java:shutdown(141)) - Shutting down service KeyDeletingService
2023-03-29 22:46:42,443 [Listener at 127.0.0.1/35129] INFO  utils.BackgroundService (BackgroundService.java:shutdown(141)) - Shutting down service DirectoryDeletingService
2023-03-29 22:46:42,444 [Listener at 127.0.0.1/35129] INFO  utils.BackgroundService (BackgroundService.java:shutdown(141)) - Shutting down service OpenKeyCleanupService
2023-03-29 22:46:42,444 [Listener at 127.0.0.1/35129] INFO  utils.BackgroundService (BackgroundService.java:shutdown(141)) - Shutting down service SstFilteringService
2023-03-29 22:46:42,444 [Listener at 127.0.0.1/35129] INFO  utils.BackgroundService (BackgroundService.java:shutdown(141)) - Shutting down service SnapshotDeletingService
2023-03-29 22:46:42,444 [Listener at 127.0.0.1/35129] INFO  handler.ContextHandler (ContextHandler.java:doStop(1159)) - Stopped o.e.j.w.WebAppContext@36a63247{ozoneManager,/,null,STOPPED}{file:/home/runner/work/ozone/ozone/hadoop-ozone/integration-test/target/test-classes/webapps/ozoneManager}
2023-03-29 22:46:42,445 [Listener at 127.0.0.1/35129] INFO  server.AbstractConnector (AbstractConnector.java:doStop(383)) - Stopped ServerConnector@7b37f67a{HTTP/1.1, (http/1.1)}{0.0.0.0:36907}
2023-03-29 22:46:42,445 [Listener at 127.0.0.1/35129] INFO  server.session (HouseKeeper.java:stopScavenging(149)) - node0 Stopped scavenging
2023-03-29 22:46:42,445 [Listener at 127.0.0.1/35129] INFO  handler.ContextHandler (ContextHandler.java:doStop(1159)) - Stopped o.e.j.s.ServletContextHandler@7e6d6279{static,/static,file:///home/runner/work/ozone/ozone/hadoop-ozone/integration-test/target/test-classes/webapps/static,STOPPED}
2023-03-29 22:46:42,445 [Listener at 127.0.0.1/35129] INFO  handler.ContextHandler (ContextHandler.java:doStop(1159)) - Stopped o.e.j.s.ServletContextHandler@4258eba5{logs,/logs,file:///home/runner/work/ozone/ozone/hadoop-ozone/integration-test/target/log,STOPPED}
2023-03-29 22:46:42,451 [Listener at 127.0.0.1/35129] INFO  ozone.MiniOzoneHAClusterImpl (MiniOzoneHAClusterImpl.java:stop(320)) - Stopping the StorageContainerManager 13d85b61-e09d-4c69-a468-85b9c8587e4f
2023-03-29 22:46:42,451 [Listener at 127.0.0.1/35129] INFO  server.StorageContainerManager (StorageContainerManager.java:stop(1546)) - Container Balancer is not running.
2023-03-29 22:46:42,452 [Listener at 127.0.0.1/35129] INFO  server.StorageContainerManager (StorageContainerManager.java:stopReplicationManager(1660)) - Stopping Replication Manager Service.
2023-03-29 22:46:42,452 [Listener at 127.0.0.1/35129] INFO  replication.ReplicationManager (ReplicationManager.java:stop(310)) - Stopping Replication Monitor Thread.
2023-03-29 22:46:42,452 [Under Replicated Processor] WARN  replication.UnhealthyReplicationProcessor (UnhealthyReplicationProcessor.java:run(146)) - Under Replicated Processor interrupted. Exiting...
2023-03-29 22:46:42,452 [Over Replicated Processor] WARN  replication.UnhealthyReplicationProcessor (UnhealthyReplicationProcessor.java:run(146)) - Over Replicated Processor interrupted. Exiting...
2023-03-29 22:46:42,452 [ReplicationMonitor] INFO  replication.ReplicationManager (ReplicationManager.java:run(880)) - Replication Monitor Thread is stopped
2023-03-29 22:46:42,452 [Listener at 127.0.0.1/35129] INFO  server.StorageContainerManager (StorageContainerManager.java:stop(1555)) - Stopping the Datanode Admin Monitor.
2023-03-29 22:46:42,453 [Listener at 127.0.0.1/35129] INFO  server.StorageContainerManager (StorageContainerManager.java:stop(1562)) - Stopping datanode service RPC server
2023-03-29 22:46:42,453 [Listener at 127.0.0.1/35129] INFO  server.SCMDatanodeProtocolServer (SCMDatanodeProtocolServer.java:stop(424)) - Stopping the RPC server for DataNodes
2023-03-29 22:46:42,453 [Listener at 127.0.0.1/35129] INFO  ipc.Server (Server.java:stop(3428)) - Stopping server on 38501
2023-03-29 22:46:42,456 [IPC Server listener on 0] INFO  ipc.Server (Server.java:run(1384)) - Stopping IPC Server listener on 0
2023-03-29 22:46:42,456 [IPC Server Responder] INFO  ipc.Server (Server.java:run(1517)) - Stopping IPC Server Responder
2023-03-29 22:46:42,481 [SCM Heartbeat Processing Thread - 0] WARN  node.NodeStateManager (NodeStateManager.java:scheduleNextHealthCheck(870)) - Current Thread is interrupted, shutting down HB processing thread for Node Manager.
2023-03-29 22:46:42,481 [Listener at 127.0.0.1/35129] INFO  server.StorageContainerManager (StorageContainerManager.java:stop(1570)) - Stopping block service RPC server
2023-03-29 22:46:42,481 [Listener at 127.0.0.1/35129] INFO  server.SCMBlockProtocolServer (SCMBlockProtocolServer.java:stop(161)) - Stopping the RPC server for Block Protocol
2023-03-29 22:46:42,481 [Listener at 127.0.0.1/35129] INFO  ipc.Server (Server.java:stop(3428)) - Stopping server on 46519
2023-03-29 22:46:42,484 [IPC Server Responder] INFO  ipc.Server (Server.java:run(1517)) - Stopping IPC Server Responder
2023-03-29 22:46:42,484 [Listener at 127.0.0.1/35129] INFO  server.StorageContainerManager (StorageContainerManager.java:stop(1577)) - Stopping the StorageContainerLocationProtocol RPC server
2023-03-29 22:46:42,484 [Listener at 127.0.0.1/35129] INFO  server.SCMClientProtocolServer (SCMClientProtocolServer.java:stop(206)) - Stopping the RPC server for Client Protocol
2023-03-29 22:46:42,485 [Listener at 127.0.0.1/35129] INFO  ipc.Server (Server.java:stop(3428)) - Stopping server on 42101
2023-03-29 22:46:42,485 [IPC Server listener on 0] INFO  ipc.Server (Server.java:run(1384)) - Stopping IPC Server listener on 0
2023-03-29 22:46:42,489 [IPC Server Responder] INFO  ipc.Server (Server.java:run(1517)) - Stopping IPC Server Responder
2023-03-29 22:46:42,489 [Listener at 127.0.0.1/35129] INFO  server.StorageContainerManager (StorageContainerManager.java:stop(1584)) - Stopping Storage Container Manager HTTP server.
2023-03-29 22:46:42,489 [IPC Server listener on 0] INFO  ipc.Server (Server.java:run(1384)) - Stopping IPC Server listener on 0
2023-03-29 22:46:42,491 [Listener at 127.0.0.1/35129] INFO  handler.ContextHandler (ContextHandler.java:doStop(1159)) - Stopped o.e.j.w.WebAppContext@1bcc365b{scm,/,null,STOPPED}{file:/home/runner/work/ozone/ozone/hadoop-ozone/integration-test/target/test-classes/webapps/scm}
2023-03-29 22:46:42,492 [Listener at 127.0.0.1/35129] INFO  server.AbstractConnector (AbstractConnector.java:doStop(383)) - Stopped ServerConnector@74626534{HTTP/1.1, (http/1.1)}{0.0.0.0:0}
2023-03-29 22:46:42,492 [Listener at 127.0.0.1/35129] INFO  server.session (HouseKeeper.java:stopScavenging(149)) - node0 Stopped scavenging
2023-03-29 22:46:42,492 [Listener at 127.0.0.1/35129] INFO  handler.ContextHandler (ContextHandler.java:doStop(1159)) - Stopped o.e.j.s.ServletContextHandler@540774de{static,/static,file:///home/runner/work/ozone/ozone/hadoop-ozone/integration-test/target/test-classes/webapps/static,STOPPED}
2023-03-29 22:46:42,492 [Listener at 127.0.0.1/35129] INFO  handler.ContextHandler (ContextHandler.java:doStop(1159)) - Stopped o.e.j.s.ServletContextHandler@3cd55837{logs,/logs,file:///home/runner/work/ozone/ozone/hadoop-ozone/integration-test/target/log,STOPPED}
2023-03-29 22:46:42,493 [Listener at 127.0.0.1/35129] INFO  server.StorageContainerManager (StorageContainerManager.java:stop(1592)) - Stopping SCM LayoutVersionManager Service.
2023-03-29 22:46:42,493 [Listener at 127.0.0.1/35129] INFO  server.StorageContainerManager (StorageContainerManager.java:stop(1600)) - Stopping Block Manager Service.
2023-03-29 22:46:42,493 [Listener at 127.0.0.1/35129] INFO  utils.BackgroundService (BackgroundService.java:shutdown(141)) - Shutting down service SCMBlockDeletingService
2023-03-29 22:46:42,493 [Listener at 127.0.0.1/35129] INFO  utils.BackgroundService (BackgroundService.java:shutdown(141)) - Shutting down service SCMBlockDeletingService
2023-03-29 22:46:42,494 [Listener at 127.0.0.1/35129] INFO  server.StorageContainerManager (StorageContainerManager.java:stop(1622)) - Stopping SCM Event Queue.
2023-03-29 22:46:42,495 [Listener at 127.0.0.1/35129] INFO  server.StorageContainerManager (StorageContainerManager.java:stop(1633)) - Stopping SCM HA services.
2023-03-29 22:46:42,495 [Listener at 127.0.0.1/35129] INFO  pipeline.BackgroundPipelineCreator (BackgroundPipelineCreator.java:stop(149)) - Stopping RatisPipelineUtilsThread.
2023-03-29 22:46:42,495 [RatisPipelineUtilsThread - 0] WARN  pipeline.BackgroundPipelineCreator (BackgroundPipelineCreator.java:run(180)) - RatisPipelineUtilsThread is interrupted.
2023-03-29 22:46:42,495 [Listener at 127.0.0.1/35129] INFO  BackgroundPipelineScrubber (BackgroundSCMService.java:stop(131)) - Stopping BackgroundPipelineScrubber Service.
2023-03-29 22:46:42,495 [BackgroundPipelineScrubberThread] WARN  BackgroundPipelineScrubber (BackgroundSCMService.java:run(115)) - BackgroundPipelineScrubber is interrupted, exit
2023-03-29 22:46:42,497 [Listener at 127.0.0.1/35129] INFO  impl.MetricsSystemImpl (MetricsSystemImpl.java:stop(210)) - Stopping HddsDatanode metrics system...
2023-03-29 22:46:42,515 [prometheus] INFO  impl.MetricsSinkAdapter (MetricsSinkAdapter.java:publishMetricsFromQueue(141)) - prometheus thread interrupted.
2023-03-29 22:46:42,515 [Listener at 127.0.0.1/35129] INFO  impl.MetricsSystemImpl (MetricsSystemImpl.java:stop(216)) - HddsDatanode metrics system stopped.
2023-03-29 22:46:42,516 [Listener at 127.0.0.1/35129] WARN  pipeline.BackgroundPipelineCreator (BackgroundPipelineCreator.java:stop(145)) - RatisPipelineUtilsThread is not running, just ignore.
2023-03-29 22:46:42,516 [Listener at 127.0.0.1/35129] INFO  BackgroundPipelineScrubber (BackgroundSCMService.java:stop(126)) - BackgroundPipelineScrubber Service is not running, skip stop.
2023-03-29 22:46:42,516 [Listener at 127.0.0.1/35129] INFO  ExpiredContainerReplicaOpScrubber (BackgroundSCMService.java:stop(131)) - Stopping ExpiredContainerReplicaOpScrubber Service.
2023-03-29 22:46:42,516 [ExpiredContainerReplicaOpScrubberThread] WARN  ExpiredContainerReplicaOpScrubber (BackgroundSCMService.java:run(115)) - ExpiredContainerReplicaOpScrubber is interrupted, exit
2023-03-29 22:46:42,516 [Listener at 127.0.0.1/35129] INFO  utils.BackgroundService (BackgroundService.java:shutdown(141)) - Shutting down service SCMBlockDeletingService
2023-03-29 22:46:42,516 [Listener at 127.0.0.1/35129] INFO  replication.ReplicationManager (ReplicationManager.java:stop(320)) - Replication Monitor Thread is not running.
2023-03-29 22:46:42,516 [Listener at 127.0.0.1/35129] WARN  balancer.ContainerBalancer (ContainerBalancer.java:stop(324)) - Cannot stop Container Balancer because it's not running or stopping
2023-03-29 22:46:42,516 [Listener at 127.0.0.1/35129] INFO  server.StorageContainerManager (StorageContainerManager.java:stop(1651)) - Stopping SCM MetadataStore.
2023-03-29 22:46:42,517 [Listener at 127.0.0.1/35129] INFO  ozone.MiniOzoneClusterImpl (MiniOzoneClusterImpl.java:stop(471)) - Stopping the Mini Ozone Cluster
2023-03-29 22:46:42,518 [Listener at 127.0.0.1/35129] INFO  ozone.MiniOzoneClusterImpl (MiniOzoneClusterImpl.java:stopDatanodes(530)) - Stopping the HddsDatanodes
2023-03-29 22:46:42,521 [Listener at 127.0.0.1/35129] INFO  ozoneimpl.OzoneContainer (OzoneContainer.java:stop(419)) - Attempting to stop container services.
2023-03-29 22:46:42,521 [ForkJoinPool.commonPool-worker-0] INFO  ozoneimpl.OzoneContainer (OzoneContainer.java:stop(419)) - Attempting to stop container services.
2023-03-29 22:46:42,522 [ForkJoinPool.commonPool-worker-0] INFO  server.RaftServer (RaftServerProxy.java:lambda$close$6(409)) - 1b03df48-31d6-4d50-bcfe-06272533350b: close
2023-03-29 22:46:42,522 [1b03df48-31d6-4d50-bcfe-06272533350b-impl-thread1] INFO  server.RaftServer$Division (RaftServerImpl.java:lambda$close$4(458)) - 1b03df48-31d6-4d50-bcfe-06272533350b@group-3786AC858ED6: shutdown
2023-03-29 22:46:42,522 [1b03df48-31d6-4d50-bcfe-06272533350b-impl-thread1] INFO  util.JmxRegister (JmxRegister.java:unregister(73)) - Successfully un-registered JMX Bean with object name Ratis:service=RaftServer,group=group-3786AC858ED6,id=1b03df48-31d6-4d50-bcfe-06272533350b
2023-03-29 22:46:42,522 [1b03df48-31d6-4d50-bcfe-06272533350b-impl-thread1] INFO  impl.RoleInfo (RoleInfo.java:shutdownLeaderState(93)) - 1b03df48-31d6-4d50-bcfe-06272533350b: shutdown 1b03df48-31d6-4d50-bcfe-06272533350b@group-3786AC858ED6-LeaderStateImpl
2023-03-29 22:46:42,522 [1b03df48-31d6-4d50-bcfe-06272533350b-impl-thread1] INFO  impl.PendingRequests (PendingRequests.java:sendNotLeaderResponses(282)) - 1b03df48-31d6-4d50-bcfe-06272533350b@group-3786AC858ED6-PendingRequests: sendNotLeaderResponses
2023-03-29 22:46:42,523 [1b03df48-31d6-4d50-bcfe-06272533350b-impl-thread1] INFO  impl.StateMachineUpdater (StateMachineUpdater.java:stopAndJoin(153)) - 1b03df48-31d6-4d50-bcfe-06272533350b@group-3786AC858ED6-StateMachineUpdater: set stopIndex = 0
2023-03-29 22:46:42,523 [1b03df48-31d6-4d50-bcfe-06272533350b@group-3786AC858ED6-StateMachineUpdater] INFO  ratis.ContainerStateMachine (ContainerStateMachine.java:takeSnapshot(330)) - group-3786AC858ED6: Taking a snapshot at:(t:1, i:0) file /home/runner/work/ozone/ozone/hadoop-ozone/integration-test/target/test-dir/MiniOzoneClusterImpl-8ae17f6e-7b8d-4fcc-9253-feb95f7e1717/datanode-0/data/ratis/22afb092-fb7c-40bc-90b2-3786ac858ed6/sm/snapshot.1_0
2023-03-29 22:46:42,523 [1b03df48-31d6-4d50-bcfe-06272533350b-impl-thread2] INFO  server.RaftServer$Division (RaftServerImpl.java:lambda$close$4(458)) - 1b03df48-31d6-4d50-bcfe-06272533350b@group-8C295BA8EDD8: shutdown
2023-03-29 22:46:42,523 [1b03df48-31d6-4d50-bcfe-06272533350b-impl-thread2] INFO  util.JmxRegister (JmxRegister.java:unregister(73)) - Successfully un-registered JMX Bean with object name Ratis:service=RaftServer,group=group-8C295BA8EDD8,id=1b03df48-31d6-4d50-bcfe-06272533350b
2023-03-29 22:46:42,523 [1b03df48-31d6-4d50-bcfe-06272533350b-impl-thread2] INFO  impl.RoleInfo (RoleInfo.java:shutdownFollowerState(110)) - 1b03df48-31d6-4d50-bcfe-06272533350b: shutdown 1b03df48-31d6-4d50-bcfe-06272533350b@group-8C295BA8EDD8-FollowerState
2023-03-29 22:46:42,523 [ForkJoinPool.commonPool-worker-0] INFO  server.GrpcService (GrpcService.java:closeImpl(271)) - 1b03df48-31d6-4d50-bcfe-06272533350b: shutdown server GrpcServerProtocolService now
2023-03-29 22:46:42,530 [1b03df48-31d6-4d50-bcfe-06272533350b@group-3786AC858ED6-StateMachineUpdater] INFO  ratis.ContainerStateMachine (ContainerStateMachine.java:takeSnapshot(341)) - group-3786AC858ED6: Finished taking a snapshot at:(t:1, i:0) file:/home/runner/work/ozone/ozone/hadoop-ozone/integration-test/target/test-dir/MiniOzoneClusterImpl-8ae17f6e-7b8d-4fcc-9253-feb95f7e1717/datanode-0/data/ratis/22afb092-fb7c-40bc-90b2-3786ac858ed6/sm/snapshot.1_0 took: 7 ms
2023-03-29 22:46:42,530 [ForkJoinPool.commonPool-worker-0] INFO  server.GrpcServerProtocolClient (GrpcServerProtocolClient.java:close(101)) - 399773cb-fecd-40e3-a3a3-0a72d991f432 Close channels
2023-03-29 22:46:42,531 [1b03df48-31d6-4d50-bcfe-06272533350b-impl-thread3] INFO  server.RaftServer$Division (RaftServerImpl.java:lambda$close$4(458)) - 1b03df48-31d6-4d50-bcfe-06272533350b@group-715515AC4EA0: shutdown
2023-03-29 22:46:42,531 [1b03df48-31d6-4d50-bcfe-06272533350b-impl-thread3] INFO  util.JmxRegister (JmxRegister.java:unregister(73)) - Successfully un-registered JMX Bean with object name Ratis:service=RaftServer,group=group-715515AC4EA0,id=1b03df48-31d6-4d50-bcfe-06272533350b
2023-03-29 22:46:42,531 [1b03df48-31d6-4d50-bcfe-06272533350b-impl-thread3] INFO  impl.RoleInfo (RoleInfo.java:shutdownFollowerState(110)) - 1b03df48-31d6-4d50-bcfe-06272533350b: shutdown 1b03df48-31d6-4d50-bcfe-06272533350b@group-715515AC4EA0-FollowerState
2023-03-29 22:46:42,531 [1b03df48-31d6-4d50-bcfe-06272533350b-impl-thread3] INFO  impl.StateMachineUpdater (StateMachineUpdater.java:stopAndJoin(153)) - 1b03df48-31d6-4d50-bcfe-06272533350b@group-715515AC4EA0-StateMachineUpdater: set stopIndex = 179
2023-03-29 22:46:42,531 [grpc-default-executor-5] WARN  server.GrpcServerProtocolService (LogUtils.java:warn(122)) - 1b03df48-31d6-4d50-bcfe-06272533350b: installSnapshot onError, lastRequest: null: org.apache.ratis.thirdparty.io.grpc.StatusRuntimeException: CANCELLED: client cancelled
2023-03-29 22:46:42,531 [1b03df48-31d6-4d50-bcfe-06272533350b@group-715515AC4EA0-FollowerState] INFO  impl.FollowerState (FollowerState.java:run(152)) - 1b03df48-31d6-4d50-bcfe-06272533350b@group-715515AC4EA0-FollowerState was interrupted
2023-03-29 22:46:42,532 [1b03df48-31d6-4d50-bcfe-06272533350b-impl-thread2] INFO  impl.StateMachineUpdater (StateMachineUpdater.java:stopAndJoin(153)) - 1b03df48-31d6-4d50-bcfe-06272533350b@group-8C295BA8EDD8-StateMachineUpdater: set stopIndex = 216
2023-03-29 22:46:42,532 [1b03df48-31d6-4d50-bcfe-06272533350b@group-8C295BA8EDD8-FollowerState] INFO  impl.FollowerState (FollowerState.java:run(152)) - 1b03df48-31d6-4d50-bcfe-06272533350b@group-8C295BA8EDD8-FollowerState was interrupted
2023-03-29 22:46:42,532 [1b03df48-31d6-4d50-bcfe-06272533350b@group-8C295BA8EDD8-StateMachineUpdater] INFO  ratis.ContainerStateMachine (ContainerStateMachine.java:takeSnapshot(330)) - group-8C295BA8EDD8: Taking a snapshot at:(t:1, i:216) file /home/runner/work/ozone/ozone/hadoop-ozone/integration-test/target/test-dir/MiniOzoneClusterImpl-8ae17f6e-7b8d-4fcc-9253-feb95f7e1717/datanode-0/data/ratis/04ce0540-d0a1-42e0-839d-8c295ba8edd8/sm/snapshot.1_216
2023-03-29 22:46:42,533 [grpc-default-executor-6] WARN  server.GrpcServerProtocolService (LogUtils.java:warn(122)) - 1b03df48-31d6-4d50-bcfe-06272533350b: installSnapshot onError, lastRequest: 399773cb-fecd-40e3-a3a3-0a72d991f432->1b03df48-31d6-4d50-bcfe-06272533350b#2234-t1,previous=(t:1, i:178),leaderCommit=177,initializing? true,entries: size=1, first=(t:1, i:179), METADATAENTRY(c:177): org.apache.ratis.thirdparty.io.grpc.StatusRuntimeException: CANCELLED: client cancelled
2023-03-29 22:46:42,533 [1b03df48-31d6-4d50-bcfe-06272533350b@group-715515AC4EA0-StateMachineUpdater] INFO  ratis.ContainerStateMachine (ContainerStateMachine.java:takeSnapshot(330)) - group-715515AC4EA0: Taking a snapshot at:(t:1, i:179) file /home/runner/work/ozone/ozone/hadoop-ozone/integration-test/target/test-dir/MiniOzoneClusterImpl-8ae17f6e-7b8d-4fcc-9253-feb95f7e1717/datanode-0/data/ratis/fbea81ca-d65e-471f-ab84-715515ac4ea0/sm/snapshot.1_179
2023-03-29 22:46:42,534 [1b03df48-31d6-4d50-bcfe-06272533350b@group-3786AC858ED6-StateMachineUpdater] INFO  impl.StateMachineUpdater (StateMachineUpdater.java:takeSnapshot(287)) - 1b03df48-31d6-4d50-bcfe-06272533350b@group-3786AC858ED6-StateMachineUpdater: Took a snapshot at index 0
2023-03-29 22:46:42,534 [1b03df48-31d6-4d50-bcfe-06272533350b@group-3786AC858ED6-StateMachineUpdater] INFO  impl.StateMachineUpdater (StateMachineUpdater.java:lambda$new$0(92)) - 1b03df48-31d6-4d50-bcfe-06272533350b@group-3786AC858ED6-StateMachineUpdater: snapshotIndex: updateIncreasingly -1 -> 0
2023-03-29 22:46:42,534 [grpc-default-executor-4] WARN  server.GrpcServerProtocolService (LogUtils.java:warn(122)) - 1b03df48-31d6-4d50-bcfe-06272533350b: installSnapshot onError, lastRequest: null: org.apache.ratis.thirdparty.io.grpc.StatusRuntimeException: CANCELLED: client cancelled
2023-03-29 22:46:42,534 [grpc-default-executor-1] WARN  server.GrpcServerProtocolService (LogUtils.java:warn(122)) - 1b03df48-31d6-4d50-bcfe-06272533350b: installSnapshot onError, lastRequest: 31377470-4be3-4e7f-893b-aea4cf46f3a2->1b03df48-31d6-4d50-bcfe-06272533350b#2699-t1,previous=(t:1, i:215),leaderCommit=214,initializing? true,entries: size=1, first=(t:1, i:216), METADATAENTRY(c:214): org.apache.ratis.thirdparty.io.grpc.StatusRuntimeException: CANCELLED: client cancelled
2023-03-29 22:46:42,535 [1b03df48-31d6-4d50-bcfe-06272533350b@group-715515AC4EA0-StateMachineUpdater] INFO  ratis.ContainerStateMachine (ContainerStateMachine.java:takeSnapshot(341)) - group-715515AC4EA0: Finished taking a snapshot at:(t:1, i:179) file:/home/runner/work/ozone/ozone/hadoop-ozone/integration-test/target/test-dir/MiniOzoneClusterImpl-8ae17f6e-7b8d-4fcc-9253-feb95f7e1717/datanode-0/data/ratis/fbea81ca-d65e-471f-ab84-715515ac4ea0/sm/snapshot.1_179 took: 3 ms
2023-03-29 22:46:42,536 [1b03df48-31d6-4d50-bcfe-06272533350b@group-715515AC4EA0-StateMachineUpdater] INFO  impl.StateMachineUpdater (StateMachineUpdater.java:takeSnapshot(287)) - 1b03df48-31d6-4d50-bcfe-06272533350b@group-715515AC4EA0-StateMachineUpdater: Took a snapshot at index 179
2023-03-29 22:46:42,536 [1b03df48-31d6-4d50-bcfe-06272533350b-impl-thread1] INFO  server.RaftServer$Division (ServerState.java:close(466)) - 1b03df48-31d6-4d50-bcfe-06272533350b@group-3786AC858ED6: closes. applyIndex: 0
2023-03-29 22:46:42,536 [1b03df48-31d6-4d50-bcfe-06272533350b@group-8C295BA8EDD8-StateMachineUpdater] INFO  ratis.ContainerStateMachine (ContainerStateMachine.java:takeSnapshot(341)) - group-8C295BA8EDD8: Finished taking a snapshot at:(t:1, i:216) file:/home/runner/work/ozone/ozone/hadoop-ozone/integration-test/target/test-dir/MiniOzoneClusterImpl-8ae17f6e-7b8d-4fcc-9253-feb95f7e1717/datanode-0/data/ratis/04ce0540-d0a1-42e0-839d-8c295ba8edd8/sm/snapshot.1_216 took: 4 ms
2023-03-29 22:46:42,536 [1b03df48-31d6-4d50-bcfe-06272533350b@group-8C295BA8EDD8-StateMachineUpdater] INFO  impl.StateMachineUpdater (StateMachineUpdater.java:takeSnapshot(287)) - 1b03df48-31d6-4d50-bcfe-06272533350b@group-8C295BA8EDD8-StateMachineUpdater: Took a snapshot at index 216
2023-03-29 22:46:42,538 [1b03df48-31d6-4d50-bcfe-06272533350b@group-8C295BA8EDD8-StateMachineUpdater] INFO  impl.StateMachineUpdater (StateMachineUpdater.java:lambda$new$0(92)) - 1b03df48-31d6-4d50-bcfe-06272533350b@group-8C295BA8EDD8-StateMachineUpdater: snapshotIndex: updateIncreasingly -1 -> 216
2023-03-29 22:46:42,536 [1b03df48-31d6-4d50-bcfe-06272533350b@group-715515AC4EA0-StateMachineUpdater] INFO  impl.StateMachineUpdater (StateMachineUpdater.java:lambda$new$0(92)) - 1b03df48-31d6-4d50-bcfe-06272533350b@group-715515AC4EA0-StateMachineUpdater: snapshotIndex: updateIncreasingly -1 -> 179
2023-03-29 22:46:42,537 [ForkJoinPool.commonPool-worker-0] INFO  server.GrpcServerProtocolClient (GrpcServerProtocolClient.java:close(101)) - 31377470-4be3-4e7f-893b-aea4cf46f3a2 Close channels
2023-03-29 22:46:42,539 [1b03df48-31d6-4d50-bcfe-06272533350b@group-3786AC858ED6-SegmentedRaftLogWorker] INFO  segmented.SegmentedRaftLogWorker (SegmentedRaftLogWorker.java:run(347)) - 1b03df48-31d6-4d50-bcfe-06272533350b@group-3786AC858ED6-SegmentedRaftLogWorker was interrupted, exiting. There are 0 tasks remaining in the queue.
2023-03-29 22:46:42,539 [Listener at 127.0.0.1/35129] INFO  server.RaftServer (RaftServerProxy.java:lambda$close$6(409)) - 31377470-4be3-4e7f-893b-aea4cf46f3a2: close
2023-03-29 22:46:42,539 [31377470-4be3-4e7f-893b-aea4cf46f3a2-impl-thread1] INFO  server.RaftServer$Division (RaftServerImpl.java:lambda$close$4(458)) - 31377470-4be3-4e7f-893b-aea4cf46f3a2@group-F8D248A20461: shutdown
2023-03-29 22:46:42,539 [1b03df48-31d6-4d50-bcfe-06272533350b-impl-thread1] INFO  segmented.SegmentedRaftLogWorker (SegmentedRaftLogWorker.java:close(257)) - 1b03df48-31d6-4d50-bcfe-06272533350b@group-3786AC858ED6-SegmentedRaftLogWorker close()
2023-03-29 22:46:42,539 [31377470-4be3-4e7f-893b-aea4cf46f3a2-impl-thread1] INFO  util.JmxRegister (JmxRegister.java:unregister(73)) - Successfully un-registered JMX Bean with object name Ratis:service=RaftServer,group=group-F8D248A20461,id=31377470-4be3-4e7f-893b-aea4cf46f3a2
2023-03-29 22:46:42,540 [31377470-4be3-4e7f-893b-aea4cf46f3a2-impl-thread1] INFO  impl.RoleInfo (RoleInfo.java:shutdownLeaderState(93)) - 31377470-4be3-4e7f-893b-aea4cf46f3a2: shutdown 31377470-4be3-4e7f-893b-aea4cf46f3a2@group-F8D248A20461-LeaderStateImpl
2023-03-29 22:46:42,540 [31377470-4be3-4e7f-893b-aea4cf46f3a2-impl-thread1] INFO  impl.PendingRequests (PendingRequests.java:sendNotLeaderResponses(282)) - 31377470-4be3-4e7f-893b-aea4cf46f3a2@group-F8D248A20461-PendingRequests: sendNotLeaderResponses
2023-03-29 22:46:42,540 [31377470-4be3-4e7f-893b-aea4cf46f3a2-impl-thread1] INFO  impl.StateMachineUpdater (StateMachineUpdater.java:stopAndJoin(153)) - 31377470-4be3-4e7f-893b-aea4cf46f3a2@group-F8D248A20461-StateMachineUpdater: set stopIndex = 0
2023-03-29 22:46:42,540 [31377470-4be3-4e7f-893b-aea4cf46f3a2@group-F8D248A20461-StateMachineUpdater] INFO  ratis.ContainerStateMachine (ContainerStateMachine.java:takeSnapshot(330)) - group-F8D248A20461: Taking a snapshot at:(t:1, i:0) file /home/runner/work/ozone/ozone/hadoop-ozone/integration-test/target/test-dir/MiniOzoneClusterImpl-8ae17f6e-7b8d-4fcc-9253-feb95f7e1717/datanode-1/data/ratis/1c82ad90-bc8f-4e4b-a8d0-f8d248a20461/sm/snapshot.1_0
2023-03-29 22:46:42,540 [1b03df48-31d6-4d50-bcfe-06272533350b-impl-thread2] INFO  server.RaftServer$Division (ServerState.java:close(466)) - 1b03df48-31d6-4d50-bcfe-06272533350b@group-8C295BA8EDD8: closes. applyIndex: 216
2023-03-29 22:46:42,541 [1b03df48-31d6-4d50-bcfe-06272533350b-impl-thread3] INFO  server.RaftServer$Division (ServerState.java:close(466)) - 1b03df48-31d6-4d50-bcfe-06272533350b@group-715515AC4EA0: closes. applyIndex: 179
2023-03-29 22:46:42,542 [31377470-4be3-4e7f-893b-aea4cf46f3a2@group-F8D248A20461-StateMachineUpdater] INFO  ratis.ContainerStateMachine (ContainerStateMachine.java:takeSnapshot(341)) - group-F8D248A20461: Finished taking a snapshot at:(t:1, i:0) file:/home/runner/work/ozone/ozone/hadoop-ozone/integration-test/target/test-dir/MiniOzoneClusterImpl-8ae17f6e-7b8d-4fcc-9253-feb95f7e1717/datanode-1/data/ratis/1c82ad90-bc8f-4e4b-a8d0-f8d248a20461/sm/snapshot.1_0 took: 2 ms
2023-03-29 22:46:42,542 [31377470-4be3-4e7f-893b-aea4cf46f3a2@group-F8D248A20461-StateMachineUpdater] INFO  impl.StateMachineUpdater (StateMachineUpdater.java:takeSnapshot(287)) - 31377470-4be3-4e7f-893b-aea4cf46f3a2@group-F8D248A20461-StateMachineUpdater: Took a snapshot at index 0
2023-03-29 22:46:42,542 [31377470-4be3-4e7f-893b-aea4cf46f3a2@group-F8D248A20461-StateMachineUpdater] INFO  impl.StateMachineUpdater (StateMachineUpdater.java:lambda$new$0(92)) - 31377470-4be3-4e7f-893b-aea4cf46f3a2@group-F8D248A20461-StateMachineUpdater: snapshotIndex: updateIncreasingly -1 -> 0
2023-03-29 22:46:42,542 [31377470-4be3-4e7f-893b-aea4cf46f3a2-impl-thread1] INFO  server.RaftServer$Division (ServerState.java:close(466)) - 31377470-4be3-4e7f-893b-aea4cf46f3a2@group-F8D248A20461: closes. applyIndex: 0
2023-03-29 22:46:42,544 [31377470-4be3-4e7f-893b-aea4cf46f3a2-impl-thread2] INFO  server.RaftServer$Division (RaftServerImpl.java:lambda$close$4(458)) - 31377470-4be3-4e7f-893b-aea4cf46f3a2@group-8C295BA8EDD8: shutdown
2023-03-29 22:46:42,544 [31377470-4be3-4e7f-893b-aea4cf46f3a2-impl-thread2] INFO  util.JmxRegister (JmxRegister.java:unregister(73)) - Successfully un-registered JMX Bean with object name Ratis:service=RaftServer,group=group-8C295BA8EDD8,id=31377470-4be3-4e7f-893b-aea4cf46f3a2
2023-03-29 22:46:42,544 [31377470-4be3-4e7f-893b-aea4cf46f3a2-impl-thread2] INFO  impl.RoleInfo (RoleInfo.java:shutdownLeaderState(93)) - 31377470-4be3-4e7f-893b-aea4cf46f3a2: shutdown 31377470-4be3-4e7f-893b-aea4cf46f3a2@group-8C295BA8EDD8-LeaderStateImpl
2023-03-29 22:46:42,548 [Listener at 127.0.0.1/35129] INFO  server.GrpcService (GrpcService.java:closeImpl(271)) - 31377470-4be3-4e7f-893b-aea4cf46f3a2: shutdown server GrpcServerProtocolService now
2023-03-29 22:46:42,554 [grpc-default-executor-4] WARN  server.GrpcLogAppender (LogUtils.java:warn(122)) - 399773cb-fecd-40e3-a3a3-0a72d991f432@group-715515AC4EA0->1b03df48-31d6-4d50-bcfe-06272533350b-AppendLogResponseHandler: Failed appendEntries: org.apache.ratis.thirdparty.io.grpc.StatusRuntimeException: CANCELLED: RST_STREAM closed stream. HTTP/2 error code: CANCEL
2023-03-29 22:46:42,551 [grpc-default-executor-3] WARN  server.GrpcLogAppender (LogUtils.java:warn(122)) - 399773cb-fecd-40e3-a3a3-0a72d991f432@group-715515AC4EA0->1b03df48-31d6-4d50-bcfe-06272533350b-AppendLogResponseHandler: Failed appendEntries: org.apache.ratis.thirdparty.io.grpc.StatusRuntimeException: CANCELLED: RST_STREAM closed stream. HTTP/2 error code: CANCEL
2023-03-29 22:46:42,549 [1b03df48-31d6-4d50-bcfe-06272533350b@group-8C295BA8EDD8-SegmentedRaftLogWorker] INFO  segmented.SegmentedRaftLogWorker (SegmentedRaftLogWorker.java:run(347)) - 1b03df48-31d6-4d50-bcfe-06272533350b@group-8C295BA8EDD8-SegmentedRaftLogWorker was interrupted, exiting. There are 0 tasks remaining in the queue.
2023-03-29 22:46:42,549 [31377470-4be3-4e7f-893b-aea4cf46f3a2@group-F8D248A20461-SegmentedRaftLogWorker] INFO  segmented.SegmentedRaftLogWorker (SegmentedRaftLogWorker.java:run(347)) - 31377470-4be3-4e7f-893b-aea4cf46f3a2@group-F8D248A20461-SegmentedRaftLogWorker was interrupted, exiting. There are 0 tasks remaining in the queue.
2023-03-29 22:46:42,549 [31377470-4be3-4e7f-893b-aea4cf46f3a2@group-8C295BA8EDD8->1b03df48-31d6-4d50-bcfe-06272533350b-GrpcLogAppender-LogAppenderDaemon] WARN  server.GrpcLogAppender (GrpcLogAppender.java:mayWait(200)) - 31377470-4be3-4e7f-893b-aea4cf46f3a2@group-8C295BA8EDD8->1b03df48-31d6-4d50-bcfe-06272533350b-GrpcLogAppender: Wait interrupted by java.lang.InterruptedException
2023-03-29 22:46:42,554 [1b03df48-31d6-4d50-bcfe-06272533350b-impl-thread2] INFO  segmented.SegmentedRaftLogWorker (SegmentedRaftLogWorker.java:close(257)) - 1b03df48-31d6-4d50-bcfe-06272533350b@group-8C295BA8EDD8-SegmentedRaftLogWorker close()
2023-03-29 22:46:42,549 [31377470-4be3-4e7f-893b-aea4cf46f3a2@group-8C295BA8EDD8->399773cb-fecd-40e3-a3a3-0a72d991f432-GrpcLogAppender-LogAppenderDaemon] WARN  server.GrpcLogAppender (GrpcLogAppender.java:mayWait(200)) - 31377470-4be3-4e7f-893b-aea4cf46f3a2@group-8C295BA8EDD8->399773cb-fecd-40e3-a3a3-0a72d991f432-GrpcLogAppender: Wait interrupted by java.lang.InterruptedException
2023-03-29 22:46:42,549 [31377470-4be3-4e7f-893b-aea4cf46f3a2-impl-thread2] INFO  impl.PendingRequests (PendingRequests.java:sendNotLeaderResponses(282)) - 31377470-4be3-4e7f-893b-aea4cf46f3a2@group-8C295BA8EDD8-PendingRequests: sendNotLeaderResponses
2023-03-29 22:46:42,555 [31377470-4be3-4e7f-893b-aea4cf46f3a2-impl-thread1] INFO  segmented.SegmentedRaftLogWorker (SegmentedRaftLogWorker.java:close(257)) - 31377470-4be3-4e7f-893b-aea4cf46f3a2@group-F8D248A20461-SegmentedRaftLogWorker close()
2023-03-29 22:46:42,549 [1b03df48-31d6-4d50-bcfe-06272533350b@group-715515AC4EA0-SegmentedRaftLogWorker] INFO  segmented.SegmentedRaftLogWorker (SegmentedRaftLogWorker.java:run(347)) - 1b03df48-31d6-4d50-bcfe-06272533350b@group-715515AC4EA0-SegmentedRaftLogWorker was interrupted, exiting. There are 0 tasks remaining in the queue.
2023-03-29 22:46:42,555 [ForkJoinPool.commonPool-worker-0] INFO  server.GrpcService (GrpcService.java:closeImpl(280)) - 1b03df48-31d6-4d50-bcfe-06272533350b: shutdown server GrpcServerProtocolService successfully
2023-03-29 22:46:42,556 [1b03df48-31d6-4d50-bcfe-06272533350b-NettyServerStreamRpc-bossGroup--thread1] INFO  logging.LoggingHandler (AbstractInternalLogger.java:log(148)) - [id: 0xa39d730d, L:/0:0:0:0:0:0:0:0:34129] CLOSE
2023-03-29 22:46:42,556 [1b03df48-31d6-4d50-bcfe-06272533350b-NettyServerStreamRpc-bossGroup--thread1] INFO  logging.LoggingHandler (AbstractInternalLogger.java:log(148)) - [id: 0xa39d730d, L:/0:0:0:0:0:0:0:0:34129] INACTIVE
2023-03-29 22:46:42,556 [1b03df48-31d6-4d50-bcfe-06272533350b-NettyServerStreamRpc-bossGroup--thread1] INFO  logging.LoggingHandler (AbstractInternalLogger.java:log(148)) - [id: 0xa39d730d, L:/0:0:0:0:0:0:0:0:34129] UNREGISTERED
2023-03-29 22:46:42,556 [1b03df48-31d6-4d50-bcfe-06272533350b-impl-thread3] INFO  segmented.SegmentedRaftLogWorker (SegmentedRaftLogWorker.java:close(257)) - 1b03df48-31d6-4d50-bcfe-06272533350b@group-715515AC4EA0-SegmentedRaftLogWorker close()
2023-03-29 22:46:42,549 [31377470-4be3-4e7f-893b-aea4cf46f3a2-impl-thread3] INFO  server.RaftServer$Division (RaftServerImpl.java:lambda$close$4(458)) - 31377470-4be3-4e7f-893b-aea4cf46f3a2@group-715515AC4EA0: shutdown
2023-03-29 22:46:42,574 [31377470-4be3-4e7f-893b-aea4cf46f3a2-impl-thread3] INFO  util.JmxRegister (JmxRegister.java:unregister(73)) - Successfully un-registered JMX Bean with object name Ratis:service=RaftServer,group=group-715515AC4EA0,id=31377470-4be3-4e7f-893b-aea4cf46f3a2
2023-03-29 22:46:42,574 [31377470-4be3-4e7f-893b-aea4cf46f3a2-impl-thread3] INFO  impl.RoleInfo (RoleInfo.java:shutdownFollowerState(110)) - 31377470-4be3-4e7f-893b-aea4cf46f3a2: shutdown 31377470-4be3-4e7f-893b-aea4cf46f3a2@group-715515AC4EA0-FollowerState
2023-03-29 22:46:42,574 [31377470-4be3-4e7f-893b-aea4cf46f3a2-impl-thread3] INFO  impl.StateMachineUpdater (StateMachineUpdater.java:stopAndJoin(153)) - 31377470-4be3-4e7f-893b-aea4cf46f3a2@group-715515AC4EA0-StateMachineUpdater: set stopIndex = 179
2023-03-29 22:46:42,565 [Listener at 127.0.0.1/35129] INFO  server.GrpcServerProtocolClient (GrpcServerProtocolClient.java:close(101)) - 1b03df48-31d6-4d50-bcfe-06272533350b Close channels
2023-03-29 22:46:42,574 [31377470-4be3-4e7f-893b-aea4cf46f3a2@group-715515AC4EA0-StateMachineUpdater] INFO  ratis.ContainerStateMachine (ContainerStateMachine.java:takeSnapshot(330)) - group-715515AC4EA0: Taking a snapshot at:(t:1, i:179) file /home/runner/work/ozone/ozone/hadoop-ozone/integration-test/target/test-dir/MiniOzoneClusterImpl-8ae17f6e-7b8d-4fcc-9253-feb95f7e1717/datanode-1/data/ratis/fbea81ca-d65e-471f-ab84-715515ac4ea0/sm/snapshot.1_179
2023-03-29 22:46:42,574 [Listener at 127.0.0.1/35129] INFO  server.GrpcServerProtocolClient (GrpcServerProtocolClient.java:close(101)) - 399773cb-fecd-40e3-a3a3-0a72d991f432 Close channels
2023-03-29 22:46:42,574 [31377470-4be3-4e7f-893b-aea4cf46f3a2@group-715515AC4EA0-FollowerState] INFO  impl.FollowerState (FollowerState.java:run(152)) - 31377470-4be3-4e7f-893b-aea4cf46f3a2@group-715515AC4EA0-FollowerState was interrupted
2023-03-29 22:46:42,565 [grpc-default-executor-0] INFO  server.GrpcServerProtocolService (GrpcServerProtocolService.java:onCompleted(143)) - 399773cb-fecd-40e3-a3a3-0a72d991f432: Completed APPEND_ENTRIES, lastRequest: null
2023-03-29 22:46:42,562 [grpc-default-executor-5] INFO  server.GrpcLogAppender (GrpcLogAppender.java:onError(404)) - 31377470-4be3-4e7f-893b-aea4cf46f3a2@group-8C295BA8EDD8->1b03df48-31d6-4d50-bcfe-06272533350b-GrpcLogAppender is already stopped
2023-03-29 22:46:42,562 [grpc-default-executor-6] INFO  server.GrpcServerProtocolService (GrpcServerProtocolService.java:onCompleted(143)) - 399773cb-fecd-40e3-a3a3-0a72d991f432: Completed APPEND_ENTRIES, lastRequest: 31377470-4be3-4e7f-893b-aea4cf46f3a2->399773cb-fecd-40e3-a3a3-0a72d991f432#2657-t1,previous=(t:1, i:215),leaderCommit=214,initializing? true,entries: size=1, first=(t:1, i:216), METADATAENTRY(c:214)
2023-03-29 22:46:42,562 [grpc-default-executor-1] INFO  server.GrpcLogAppender (GrpcLogAppender.java:onError(404)) - 31377470-4be3-4e7f-893b-aea4cf46f3a2@group-8C295BA8EDD8->1b03df48-31d6-4d50-bcfe-06272533350b-GrpcLogAppender is already stopped
2023-03-29 22:46:42,554 [grpc-default-executor-4] INFO  leader.FollowerInfo (FollowerInfoImpl.java:lambda$new$0(48)) - 399773cb-fecd-40e3-a3a3-0a72d991f432@group-715515AC4EA0->1b03df48-31d6-4d50-bcfe-06272533350b: nextIndex: updateUnconditionally 180 -> 179
2023-03-29 22:46:42,575 [grpc-default-executor-3] INFO  leader.FollowerInfo (FollowerInfoImpl.java:lambda$new$0(48)) - 399773cb-fecd-40e3-a3a3-0a72d991f432@group-715515AC4EA0->1b03df48-31d6-4d50-bcfe-06272533350b: nextIndex: updateUnconditionally 179 -> 178
2023-03-29 22:46:42,577 [31377470-4be3-4e7f-893b-aea4cf46f3a2@group-715515AC4EA0-StateMachineUpdater] INFO  ratis.ContainerStateMachine (ContainerStateMachine.java:takeSnapshot(341)) - group-715515AC4EA0: Finished taking a snapshot at:(t:1, i:179) file:/home/runner/work/ozone/ozone/hadoop-ozone/integration-test/target/test-dir/MiniOzoneClusterImpl-8ae17f6e-7b8d-4fcc-9253-feb95f7e1717/datanode-1/data/ratis/fbea81ca-d65e-471f-ab84-715515ac4ea0/sm/snapshot.1_179 took: 3 ms
2023-03-29 22:46:42,577 [31377470-4be3-4e7f-893b-aea4cf46f3a2@group-715515AC4EA0-StateMachineUpdater] INFO  impl.StateMachineUpdater (StateMachineUpdater.java:takeSnapshot(287)) - 31377470-4be3-4e7f-893b-aea4cf46f3a2@group-715515AC4EA0-StateMachineUpdater: Took a snapshot at index 179
2023-03-29 22:46:42,577 [31377470-4be3-4e7f-893b-aea4cf46f3a2@group-715515AC4EA0-StateMachineUpdater] INFO  impl.StateMachineUpdater (StateMachineUpdater.java:lambda$new$0(92)) - 31377470-4be3-4e7f-893b-aea4cf46f3a2@group-715515AC4EA0-StateMachineUpdater: snapshotIndex: updateIncreasingly -1 -> 179
2023-03-29 22:46:42,583 [31377470-4be3-4e7f-893b-aea4cf46f3a2-impl-thread2] INFO  impl.StateMachineUpdater (StateMachineUpdater.java:stopAndJoin(153)) - 31377470-4be3-4e7f-893b-aea4cf46f3a2@group-8C295BA8EDD8-StateMachineUpdater: set stopIndex = 216
2023-03-29 22:46:42,584 [grpc-default-executor-1] WARN  server.GrpcLogAppender (LogUtils.java:warn(122)) - 399773cb-fecd-40e3-a3a3-0a72d991f432@group-715515AC4EA0->31377470-4be3-4e7f-893b-aea4cf46f3a2-AppendLogResponseHandler: Failed appendEntries: org.apache.ratis.thirdparty.io.grpc.StatusRuntimeException: CANCELLED: RST_STREAM closed stream. HTTP/2 error code: CANCEL
2023-03-29 22:46:42,585 [grpc-default-executor-1] INFO  leader.FollowerInfo (FollowerInfoImpl.java:lambda$new$0(48)) - 399773cb-fecd-40e3-a3a3-0a72d991f432@group-715515AC4EA0->31377470-4be3-4e7f-893b-aea4cf46f3a2: nextIndex: updateUnconditionally 180 -> 179
2023-03-29 22:46:42,585 [grpc-default-executor-6] WARN  server.GrpcLogAppender (LogUtils.java:warn(122)) - 399773cb-fecd-40e3-a3a3-0a72d991f432@group-715515AC4EA0->1b03df48-31d6-4d50-bcfe-06272533350b-AppendLogResponseHandler: Failed appendEntries: org.apache.ratis.thirdparty.io.grpc.StatusRuntimeException: UNAVAILABLE: io exception
2023-03-29 22:46:42,585 [grpc-default-executor-6] INFO  leader.FollowerInfo (FollowerInfoImpl.java:lambda$new$0(48)) - 399773cb-fecd-40e3-a3a3-0a72d991f432@group-715515AC4EA0->1b03df48-31d6-4d50-bcfe-06272533350b: nextIndex: updateUnconditionally 179 -> 178
2023-03-29 22:46:42,585 [31377470-4be3-4e7f-893b-aea4cf46f3a2@group-8C295BA8EDD8-StateMachineUpdater] INFO  ratis.ContainerStateMachine (ContainerStateMachine.java:takeSnapshot(330)) - group-8C295BA8EDD8: Taking a snapshot at:(t:1, i:216) file /home/runner/work/ozone/ozone/hadoop-ozone/integration-test/target/test-dir/MiniOzoneClusterImpl-8ae17f6e-7b8d-4fcc-9253-feb95f7e1717/datanode-1/data/ratis/04ce0540-d0a1-42e0-839d-8c295ba8edd8/sm/snapshot.1_216
2023-03-29 22:46:42,585 [grpc-default-executor-3] INFO  server.GrpcLogAppender (GrpcLogAppender.java:onCompleted(415)) - 31377470-4be3-4e7f-893b-aea4cf46f3a2@group-8C295BA8EDD8->399773cb-fecd-40e3-a3a3-0a72d991f432-AppendLogResponseHandler: follower responses appendEntries COMPLETED
2023-03-29 22:46:42,586 [grpc-default-executor-4] WARN  server.GrpcServerProtocolService (LogUtils.java:warn(122)) - 31377470-4be3-4e7f-893b-aea4cf46f3a2: installSnapshot onError, lastRequest: null: org.apache.ratis.thirdparty.io.grpc.StatusRuntimeException: CANCELLED: client cancelled
2023-03-29 22:46:42,586 [31377470-4be3-4e7f-893b-aea4cf46f3a2-impl-thread3] INFO  server.RaftServer$Division (ServerState.java:close(466)) - 31377470-4be3-4e7f-893b-aea4cf46f3a2@group-715515AC4EA0: closes. applyIndex: 179
2023-03-29 22:46:42,586 [31377470-4be3-4e7f-893b-aea4cf46f3a2@group-715515AC4EA0-SegmentedRaftLogWorker] INFO  segmented.SegmentedRaftLogWorker (SegmentedRaftLogWorker.java:run(347)) - 31377470-4be3-4e7f-893b-aea4cf46f3a2@group-715515AC4EA0-SegmentedRaftLogWorker was interrupted, exiting. There are 0 tasks remaining in the queue.
2023-03-29 22:46:42,587 [JvmPauseMonitor9] INFO  util.JvmPauseMonitor (JvmPauseMonitor.java:run(111)) - JvmPauseMonitor-1b03df48-31d6-4d50-bcfe-06272533350b: Stopped
2023-03-29 22:46:42,587 [31377470-4be3-4e7f-893b-aea4cf46f3a2@group-8C295BA8EDD8-StateMachineUpdater] INFO  ratis.ContainerStateMachine (ContainerStateMachine.java:takeSnapshot(341)) - group-8C295BA8EDD8: Finished taking a snapshot at:(t:1, i:216) file:/home/runner/work/ozone/ozone/hadoop-ozone/integration-test/target/test-dir/MiniOzoneClusterImpl-8ae17f6e-7b8d-4fcc-9253-feb95f7e1717/datanode-1/data/ratis/04ce0540-d0a1-42e0-839d-8c295ba8edd8/sm/snapshot.1_216 took: 2 ms
2023-03-29 22:46:42,587 [31377470-4be3-4e7f-893b-aea4cf46f3a2@group-8C295BA8EDD8-StateMachineUpdater] INFO  impl.StateMachineUpdater (StateMachineUpdater.java:takeSnapshot(287)) - 31377470-4be3-4e7f-893b-aea4cf46f3a2@group-8C295BA8EDD8-StateMachineUpdater: Took a snapshot at index 216
2023-03-29 22:46:42,587 [31377470-4be3-4e7f-893b-aea4cf46f3a2@group-8C295BA8EDD8-StateMachineUpdater] INFO  impl.StateMachineUpdater (StateMachineUpdater.java:lambda$new$0(92)) - 31377470-4be3-4e7f-893b-aea4cf46f3a2@group-8C295BA8EDD8-StateMachineUpdater: snapshotIndex: updateIncreasingly -1 -> 216
2023-03-29 22:46:42,588 [31377470-4be3-4e7f-893b-aea4cf46f3a2-impl-thread3] INFO  segmented.SegmentedRaftLogWorker (SegmentedRaftLogWorker.java:close(257)) - 31377470-4be3-4e7f-893b-aea4cf46f3a2@group-715515AC4EA0-SegmentedRaftLogWorker close()
2023-03-29 22:46:42,588 [31377470-4be3-4e7f-893b-aea4cf46f3a2-impl-thread2] INFO  server.RaftServer$Division (ServerState.java:close(466)) - 31377470-4be3-4e7f-893b-aea4cf46f3a2@group-8C295BA8EDD8: closes. applyIndex: 216
2023-03-29 22:46:42,588 [31377470-4be3-4e7f-893b-aea4cf46f3a2@group-8C295BA8EDD8-SegmentedRaftLogWorker] INFO  segmented.SegmentedRaftLogWorker (SegmentedRaftLogWorker.java:run(347)) - 31377470-4be3-4e7f-893b-aea4cf46f3a2@group-8C295BA8EDD8-SegmentedRaftLogWorker was interrupted, exiting. There are 0 tasks remaining in the queue.
2023-03-29 22:46:42,588 [31377470-4be3-4e7f-893b-aea4cf46f3a2-impl-thread2] INFO  segmented.SegmentedRaftLogWorker (SegmentedRaftLogWorker.java:close(257)) - 31377470-4be3-4e7f-893b-aea4cf46f3a2@group-8C295BA8EDD8-SegmentedRaftLogWorker close()
2023-03-29 22:46:42,591 [grpc-default-executor-7] WARN  server.GrpcServerProtocolService (LogUtils.java:warn(122)) - 31377470-4be3-4e7f-893b-aea4cf46f3a2: installSnapshot onError, lastRequest: 399773cb-fecd-40e3-a3a3-0a72d991f432->31377470-4be3-4e7f-893b-aea4cf46f3a2#1985-t1,previous=(t:1, i:178),leaderCommit=177,initializing? true,entries: size=1, first=(t:1, i:179), METADATAENTRY(c:177): org.apache.ratis.thirdparty.io.grpc.StatusRuntimeException: CANCELLED: client cancelled
2023-03-29 22:46:42,595 [grpc-default-executor-4] WARN  server.GrpcLogAppender (LogUtils.java:warn(122)) - 399773cb-fecd-40e3-a3a3-0a72d991f432@group-715515AC4EA0->31377470-4be3-4e7f-893b-aea4cf46f3a2-AppendLogResponseHandler: Failed appendEntries: org.apache.ratis.thirdparty.io.grpc.StatusRuntimeException: CANCELLED: RST_STREAM closed stream. HTTP/2 error code: CANCEL
2023-03-29 22:46:42,595 [grpc-default-executor-4] INFO  leader.FollowerInfo (FollowerInfoImpl.java:lambda$new$0(48)) - 399773cb-fecd-40e3-a3a3-0a72d991f432@group-715515AC4EA0->31377470-4be3-4e7f-893b-aea4cf46f3a2: nextIndex: updateUnconditionally 180 -> 179
2023-03-29 22:46:42,596 [grpc-default-executor-1] WARN  server.GrpcLogAppender (LogUtils.java:warn(122)) - 399773cb-fecd-40e3-a3a3-0a72d991f432@group-715515AC4EA0->1b03df48-31d6-4d50-bcfe-06272533350b-AppendLogResponseHandler: Failed appendEntries: org.apache.ratis.thirdparty.io.grpc.StatusRuntimeException: UNAVAILABLE: io exception
2023-03-29 22:46:42,596 [grpc-default-executor-1] INFO  leader.FollowerInfo (FollowerInfoImpl.java:lambda$new$0(48)) - 399773cb-fecd-40e3-a3a3-0a72d991f432@group-715515AC4EA0->1b03df48-31d6-4d50-bcfe-06272533350b: nextIndex: updateUnconditionally 178 -> 177
2023-03-29 22:46:42,597 [grpc-default-executor-3] WARN  server.GrpcLogAppender (GrpcLogAppender.java:resetClient(137)) - 31377470-4be3-4e7f-893b-aea4cf46f3a2@group-8C295BA8EDD8->399773cb-fecd-40e3-a3a3-0a72d991f432-GrpcLogAppender: Failed to getClient for 399773cb-fecd-40e3-a3a3-0a72d991f432
org.apache.ratis.protocol.exceptions.AlreadyClosedException: 31377470-4be3-4e7f-893b-aea4cf46f3a2 is already CLOSED
	at org.apache.ratis.util.PeerProxyMap$PeerAndProxy.getProxy(PeerProxyMap.java:61)
	at org.apache.ratis.util.PeerProxyMap.getProxy(PeerProxyMap.java:115)
	at org.apache.ratis.grpc.server.GrpcLogAppender.getClient(GrpcLogAppender.java:116)
	at org.apache.ratis.grpc.server.GrpcLogAppender.resetClient(GrpcLogAppender.java:121)
	at org.apache.ratis.grpc.server.GrpcLogAppender.access$500(GrpcLogAppender.java:58)
	at org.apache.ratis.grpc.server.GrpcLogAppender$AppendLogResponseHandler.onCompleted(GrpcLogAppender.java:416)
	at org.apache.ratis.thirdparty.io.grpc.stub.ClientCalls$StreamObserverToCallListenerAdapter.onClose(ClientCalls.java:485)
	at org.apache.ratis.thirdparty.io.grpc.internal.ClientCallImpl.closeObserver(ClientCallImpl.java:562)
	at org.apache.ratis.thirdparty.io.grpc.internal.ClientCallImpl.access$300(ClientCallImpl.java:70)
	at org.apache.ratis.thirdparty.io.grpc.internal.ClientCallImpl$ClientStreamListenerImpl$1StreamClosed.runInternal(ClientCallImpl.java:743)
	at org.apache.ratis.thirdparty.io.grpc.internal.ClientCallImpl$ClientStreamListenerImpl$1StreamClosed.runInContext(ClientCallImpl.java:722)
	at org.apache.ratis.thirdparty.io.grpc.internal.ContextRunnable.run(ContextRunnable.java:37)
	at org.apache.ratis.thirdparty.io.grpc.internal.SerializingExecutor.run(SerializingExecutor.java:133)
	at java.util.concurrent.ThreadPoolExecutor.runWorker(ThreadPoolExecutor.java:1149)
	at java.util.concurrent.ThreadPoolExecutor$Worker.run(ThreadPoolExecutor.java:624)
	at java.lang.Thread.run(Thread.java:750)
2023-03-29 22:46:42,597 [grpc-default-executor-4] INFO  server.GrpcLogAppender (GrpcLogAppender.java:onCompleted(415)) - 31377470-4be3-4e7f-893b-aea4cf46f3a2@group-8C295BA8EDD8->399773cb-fecd-40e3-a3a3-0a72d991f432-AppendLogResponseHandler: follower responses appendEntries COMPLETED
2023-03-29 22:46:42,597 [grpc-default-executor-4] WARN  server.GrpcLogAppender (GrpcLogAppender.java:resetClient(137)) - 31377470-4be3-4e7f-893b-aea4cf46f3a2@group-8C295BA8EDD8->399773cb-fecd-40e3-a3a3-0a72d991f432-GrpcLogAppender: Failed to getClient for 399773cb-fecd-40e3-a3a3-0a72d991f432
org.apache.ratis.protocol.exceptions.AlreadyClosedException: 31377470-4be3-4e7f-893b-aea4cf46f3a2 is already CLOSED
	at org.apache.ratis.util.PeerProxyMap$PeerAndProxy.getProxy(PeerProxyMap.java:61)
	at org.apache.ratis.util.PeerProxyMap.getProxy(PeerProxyMap.java:115)
	at org.apache.ratis.grpc.server.GrpcLogAppender.getClient(GrpcLogAppender.java:116)
	at org.apache.ratis.grpc.server.GrpcLogAppender.resetClient(GrpcLogAppender.java:121)
	at org.apache.ratis.grpc.server.GrpcLogAppender.access$500(GrpcLogAppender.java:58)
	at org.apache.ratis.grpc.server.GrpcLogAppender$AppendLogResponseHandler.onCompleted(GrpcLogAppender.java:416)
	at org.apache.ratis.thirdparty.io.grpc.stub.ClientCalls$StreamObserverToCallListenerAdapter.onClose(ClientCalls.java:485)
	at org.apache.ratis.thirdparty.io.grpc.internal.DelayedClientCall$DelayedListener$3.run(DelayedClientCall.java:468)
	at org.apache.ratis.thirdparty.io.grpc.internal.DelayedClientCall$DelayedListener.delayOrExecute(DelayedClientCall.java:432)
	at org.apache.ratis.thirdparty.io.grpc.internal.DelayedClientCall$DelayedListener.onClose(DelayedClientCall.java:465)
	at org.apache.ratis.thirdparty.io.grpc.internal.ClientCallImpl.closeObserver(ClientCallImpl.java:562)
	at org.apache.ratis.thirdparty.io.grpc.internal.ClientCallImpl.access$300(ClientCallImpl.java:70)
	at org.apache.ratis.thirdparty.io.grpc.internal.ClientCallImpl$ClientStreamListenerImpl$1StreamClosed.runInternal(ClientCallImpl.java:743)
	at org.apache.ratis.thirdparty.io.grpc.internal.ClientCallImpl$ClientStreamListenerImpl$1StreamClosed.runInContext(ClientCallImpl.java:722)
	at org.apache.ratis.thirdparty.io.grpc.internal.ContextRunnable.run(ContextRunnable.java:37)
	at org.apache.ratis.thirdparty.io.grpc.internal.SerializingExecutor.run(SerializingExecutor.java:133)
	at java.util.concurrent.ThreadPoolExecutor.runWorker(ThreadPoolExecutor.java:1149)
	at java.util.concurrent.ThreadPoolExecutor$Worker.run(ThreadPoolExecutor.java:624)
	at java.lang.Thread.run(Thread.java:750)
2023-03-29 22:46:42,599 [grpc-default-executor-7] WARN  server.GrpcLogAppender (LogUtils.java:warn(122)) - 399773cb-fecd-40e3-a3a3-0a72d991f432@group-715515AC4EA0->31377470-4be3-4e7f-893b-aea4cf46f3a2-AppendLogResponseHandler: Failed appendEntries: org.apache.ratis.thirdparty.io.grpc.StatusRuntimeException: UNAVAILABLE: io exception
2023-03-29 22:46:42,601 [Listener at 127.0.0.1/35129] INFO  server.GrpcService (GrpcService.java:closeImpl(280)) - 31377470-4be3-4e7f-893b-aea4cf46f3a2: shutdown server GrpcServerProtocolService successfully
2023-03-29 22:46:42,601 [grpc-default-executor-3] WARN  server.GrpcLogAppender (LogUtils.java:warn(122)) - 399773cb-fecd-40e3-a3a3-0a72d991f432@group-715515AC4EA0->31377470-4be3-4e7f-893b-aea4cf46f3a2-AppendLogResponseHandler: Failed appendEntries: org.apache.ratis.thirdparty.io.grpc.StatusRuntimeException: UNAVAILABLE: io exception
2023-03-29 22:46:42,601 [31377470-4be3-4e7f-893b-aea4cf46f3a2-NettyServerStreamRpc-bossGroup--thread1] INFO  logging.LoggingHandler (AbstractInternalLogger.java:log(148)) - [id: 0x56d473f5, L:/0:0:0:0:0:0:0:0:33959] CLOSE
2023-03-29 22:46:42,602 [31377470-4be3-4e7f-893b-aea4cf46f3a2-NettyServerStreamRpc-bossGroup--thread1] INFO  logging.LoggingHandler (AbstractInternalLogger.java:log(148)) - [id: 0x56d473f5, L:/0:0:0:0:0:0:0:0:33959] INACTIVE
2023-03-29 22:46:42,602 [31377470-4be3-4e7f-893b-aea4cf46f3a2-NettyServerStreamRpc-bossGroup--thread1] INFO  logging.LoggingHandler (AbstractInternalLogger.java:log(148)) - [id: 0x56d473f5, L:/0:0:0:0:0:0:0:0:33959] UNREGISTERED
2023-03-29 22:46:42,607 [grpc-default-executor-7] INFO  leader.FollowerInfo (FollowerInfoImpl.java:lambda$new$0(48)) - 399773cb-fecd-40e3-a3a3-0a72d991f432@group-715515AC4EA0->31377470-4be3-4e7f-893b-aea4cf46f3a2: nextIndex: updateUnconditionally 179 -> 178
2023-03-29 22:46:42,607 [grpc-default-executor-3] INFO  leader.FollowerInfo (FollowerInfoImpl.java:lambda$new$0(48)) - 399773cb-fecd-40e3-a3a3-0a72d991f432@group-715515AC4EA0->31377470-4be3-4e7f-893b-aea4cf46f3a2: nextIndex: updateUnconditionally 178 -> 177
2023-03-29 22:46:42,611 [JvmPauseMonitor10] INFO  util.JvmPauseMonitor (JvmPauseMonitor.java:run(111)) - JvmPauseMonitor-31377470-4be3-4e7f-893b-aea4cf46f3a2: Stopped
2023-03-29 22:46:43,132 [grpc-default-executor-7] WARN  server.GrpcLogAppender (LogUtils.java:warn(122)) - 399773cb-fecd-40e3-a3a3-0a72d991f432@group-715515AC4EA0->31377470-4be3-4e7f-893b-aea4cf46f3a2-AppendLogResponseHandler: Failed appendEntries: org.apache.ratis.thirdparty.io.grpc.StatusRuntimeException: UNAVAILABLE: io exception
2023-03-29 22:46:43,132 [grpc-default-executor-3] WARN  server.GrpcLogAppender (LogUtils.java:warn(122)) - 399773cb-fecd-40e3-a3a3-0a72d991f432@group-715515AC4EA0->31377470-4be3-4e7f-893b-aea4cf46f3a2-AppendLogResponseHandler: Failed appendEntries: org.apache.ratis.thirdparty.io.grpc.StatusRuntimeException: UNAVAILABLE: io exception
2023-03-29 22:46:43,133 [grpc-default-executor-4] WARN  server.GrpcLogAppender (LogUtils.java:warn(122)) - 399773cb-fecd-40e3-a3a3-0a72d991f432@group-715515AC4EA0->1b03df48-31d6-4d50-bcfe-06272533350b-AppendLogResponseHandler: Failed appendEntries: org.apache.ratis.thirdparty.io.grpc.StatusRuntimeException: UNAVAILABLE: io exception
2023-03-29 22:46:43,134 [grpc-default-executor-7] INFO  leader.FollowerInfo (FollowerInfoImpl.java:lambda$new$0(48)) - 399773cb-fecd-40e3-a3a3-0a72d991f432@group-715515AC4EA0->31377470-4be3-4e7f-893b-aea4cf46f3a2: nextIndex: updateUnconditionally 177 -> 176
2023-03-29 22:46:43,134 [grpc-default-executor-1] WARN  server.GrpcLogAppender (LogUtils.java:warn(122)) - 399773cb-fecd-40e3-a3a3-0a72d991f432@group-715515AC4EA0->1b03df48-31d6-4d50-bcfe-06272533350b-AppendLogResponseHandler: Failed appendEntries: org.apache.ratis.thirdparty.io.grpc.StatusRuntimeException: UNAVAILABLE: io exception
2023-03-29 22:46:43,134 [grpc-default-executor-4] INFO  leader.FollowerInfo (FollowerInfoImpl.java:lambda$new$0(48)) - 399773cb-fecd-40e3-a3a3-0a72d991f432@group-715515AC4EA0->1b03df48-31d6-4d50-bcfe-06272533350b: nextIndex: updateUnconditionally 177 -> 176
2023-03-29 22:46:43,134 [grpc-default-executor-3] INFO  leader.FollowerInfo (FollowerInfoImpl.java:lambda$new$0(48)) - 399773cb-fecd-40e3-a3a3-0a72d991f432@group-715515AC4EA0->31377470-4be3-4e7f-893b-aea4cf46f3a2: nextIndex: updateUnconditionally 176 -> 175
2023-03-29 22:46:43,136 [grpc-default-executor-1] INFO  leader.FollowerInfo (FollowerInfoImpl.java:lambda$new$0(48)) - 399773cb-fecd-40e3-a3a3-0a72d991f432@group-715515AC4EA0->1b03df48-31d6-4d50-bcfe-06272533350b: nextIndex: updateUnconditionally 176 -> 175
2023-03-29 22:46:43,143 [grpc-default-executor-3] WARN  server.GrpcLogAppender (LogUtils.java:warn(122)) - 399773cb-fecd-40e3-a3a3-0a72d991f432@group-715515AC4EA0->31377470-4be3-4e7f-893b-aea4cf46f3a2-AppendLogResponseHandler: Failed appendEntries: org.apache.ratis.thirdparty.io.grpc.StatusRuntimeException: UNAVAILABLE: io exception
2023-03-29 22:46:43,143 [grpc-default-executor-1] WARN  server.GrpcLogAppender (LogUtils.java:warn(122)) - 399773cb-fecd-40e3-a3a3-0a72d991f432@group-715515AC4EA0->31377470-4be3-4e7f-893b-aea4cf46f3a2-AppendLogResponseHandler: Failed appendEntries: org.apache.ratis.thirdparty.io.grpc.StatusRuntimeException: UNAVAILABLE: io exception
2023-03-29 22:46:43,144 [grpc-default-executor-4] WARN  server.GrpcLogAppender (LogUtils.java:warn(122)) - 399773cb-fecd-40e3-a3a3-0a72d991f432@group-715515AC4EA0->1b03df48-31d6-4d50-bcfe-06272533350b-AppendLogResponseHandler: Failed appendEntries: org.apache.ratis.thirdparty.io.grpc.StatusRuntimeException: UNAVAILABLE: io exception
2023-03-29 22:46:43,144 [grpc-default-executor-4] INFO  leader.FollowerInfo (FollowerInfoImpl.java:lambda$new$0(48)) - 399773cb-fecd-40e3-a3a3-0a72d991f432@group-715515AC4EA0->1b03df48-31d6-4d50-bcfe-06272533350b: nextIndex: updateUnconditionally 176 -> 175
2023-03-29 22:46:43,145 [grpc-default-executor-7] WARN  server.GrpcLogAppender (LogUtils.java:warn(122)) - 399773cb-fecd-40e3-a3a3-0a72d991f432@group-715515AC4EA0->1b03df48-31d6-4d50-bcfe-06272533350b-AppendLogResponseHandler: Failed appendEntries: org.apache.ratis.thirdparty.io.grpc.StatusRuntimeException: UNAVAILABLE: io exception
2023-03-29 22:46:43,145 [grpc-default-executor-7] INFO  leader.FollowerInfo (FollowerInfoImpl.java:lambda$new$0(48)) - 399773cb-fecd-40e3-a3a3-0a72d991f432@group-715515AC4EA0->1b03df48-31d6-4d50-bcfe-06272533350b: nextIndex: updateUnconditionally 175 -> 174
2023-03-29 22:46:43,143 [grpc-default-executor-3] INFO  leader.FollowerInfo (FollowerInfoImpl.java:lambda$new$0(48)) - 399773cb-fecd-40e3-a3a3-0a72d991f432@group-715515AC4EA0->31377470-4be3-4e7f-893b-aea4cf46f3a2: nextIndex: updateUnconditionally 176 -> 175
2023-03-29 22:46:43,146 [grpc-default-executor-1] INFO  leader.FollowerInfo (FollowerInfoImpl.java:lambda$new$0(48)) - 399773cb-fecd-40e3-a3a3-0a72d991f432@group-715515AC4EA0->31377470-4be3-4e7f-893b-aea4cf46f3a2: nextIndex: updateUnconditionally 175 -> 174
2023-03-29 22:46:43,444 [EndpointStateMachine task thread for /0.0.0.0:38501 - 0 ] WARN  statemachine.EndpointStateMachine (EndpointStateMachine.java:logIfNeeded(242)) - Unable to communicate to SCM server at 0.0.0.0:38501 for past 0 seconds.
java.io.EOFException: End of File Exception between local host is: "fv-az377-460/10.1.0.40"; destination host is: "0.0.0.0":38501; : java.io.EOFException; For more details see:  http://wiki.apache.org/hadoop/EOFException
	at sun.reflect.NativeConstructorAccessorImpl.newInstance0(Native Method)
	at sun.reflect.NativeConstructorAccessorImpl.newInstance(NativeConstructorAccessorImpl.java:62)
	at sun.reflect.DelegatingConstructorAccessorImpl.newInstance(DelegatingConstructorAccessorImpl.java:45)
	at java.lang.reflect.Constructor.newInstance(Constructor.java:423)
	at org.apache.hadoop.net.NetUtils.wrapWithMessage(NetUtils.java:913)
	at org.apache.hadoop.net.NetUtils.wrapException(NetUtils.java:862)
	at org.apache.hadoop.ipc.Client.getRpcResponse(Client.java:1616)
	at org.apache.hadoop.ipc.Client.call(Client.java:1558)
	at org.apache.hadoop.ipc.Client.call(Client.java:1455)
	at org.apache.hadoop.ipc.ProtobufRpcEngine$Invoker.invoke(ProtobufRpcEngine.java:235)
	at org.apache.hadoop.ipc.ProtobufRpcEngine$Invoker.invoke(ProtobufRpcEngine.java:122)
	at com.sun.proxy.$Proxy55.submitRequest(Unknown Source)
	at org.apache.hadoop.ozone.protocolPB.StorageContainerDatanodeProtocolClientSideTranslatorPB.submitRequest(StorageContainerDatanodeProtocolClientSideTranslatorPB.java:117)
	at org.apache.hadoop.ozone.protocolPB.StorageContainerDatanodeProtocolClientSideTranslatorPB.sendHeartbeat(StorageContainerDatanodeProtocolClientSideTranslatorPB.java:149)
	at org.apache.hadoop.ozone.container.common.states.endpoint.HeartbeatEndpointTask.call(HeartbeatEndpointTask.java:185)
	at org.apache.hadoop.ozone.container.common.states.endpoint.HeartbeatEndpointTask.call(HeartbeatEndpointTask.java:87)
	at java.util.concurrent.FutureTask.run(FutureTask.java:266)
	at java.util.concurrent.ThreadPoolExecutor.runWorker(ThreadPoolExecutor.java:1149)
	at java.util.concurrent.ThreadPoolExecutor$Worker.run(ThreadPoolExecutor.java:624)
	at java.lang.Thread.run(Thread.java:750)
Caused by: java.io.EOFException
	at java.io.DataInputStream.readInt(DataInputStream.java:392)
	at org.apache.hadoop.ipc.Client$IpcStreams.readResponse(Client.java:1922)
	at org.apache.hadoop.ipc.Client$Connection.receiveRpcResponse(Client.java:1238)
	at org.apache.hadoop.ipc.Client$Connection.run(Client.java:1134)
2023-03-29 22:46:44,383 [grpc-default-executor-3] WARN  server.GrpcLogAppender (LogUtils.java:warn(122)) - 399773cb-fecd-40e3-a3a3-0a72d991f432@group-715515AC4EA0->31377470-4be3-4e7f-893b-aea4cf46f3a2-AppendLogResponseHandler: Failed appendEntries: org.apache.ratis.thirdparty.io.grpc.StatusRuntimeException: UNAVAILABLE: io exception
2023-03-29 22:46:44,383 [grpc-default-executor-1] WARN  server.GrpcLogAppender (LogUtils.java:warn(122)) - 399773cb-fecd-40e3-a3a3-0a72d991f432@group-715515AC4EA0->31377470-4be3-4e7f-893b-aea4cf46f3a2-AppendLogResponseHandler: Failed appendEntries: org.apache.ratis.thirdparty.io.grpc.StatusRuntimeException: UNAVAILABLE: io exception
2023-03-29 22:46:44,384 [grpc-default-executor-7] WARN  server.GrpcLogAppender (LogUtils.java:warn(122)) - 399773cb-fecd-40e3-a3a3-0a72d991f432@group-715515AC4EA0->1b03df48-31d6-4d50-bcfe-06272533350b-AppendLogResponseHandler: Failed appendEntries: org.apache.ratis.thirdparty.io.grpc.StatusRuntimeException: UNAVAILABLE: io exception
2023-03-29 22:46:44,384 [grpc-default-executor-3] INFO  leader.FollowerInfo (FollowerInfoImpl.java:lambda$new$0(48)) - 399773cb-fecd-40e3-a3a3-0a72d991f432@group-715515AC4EA0->31377470-4be3-4e7f-893b-aea4cf46f3a2: nextIndex: updateUnconditionally 174 -> 173
2023-03-29 22:46:44,384 [grpc-default-executor-4] WARN  server.GrpcLogAppender (LogUtils.java:warn(122)) - 399773cb-fecd-40e3-a3a3-0a72d991f432@group-715515AC4EA0->1b03df48-31d6-4d50-bcfe-06272533350b-AppendLogResponseHandler: Failed appendEntries: org.apache.ratis.thirdparty.io.grpc.StatusRuntimeException: UNAVAILABLE: io exception
2023-03-29 22:46:44,385 [grpc-default-executor-7] INFO  leader.FollowerInfo (FollowerInfoImpl.java:lambda$new$0(48)) - 399773cb-fecd-40e3-a3a3-0a72d991f432@group-715515AC4EA0->1b03df48-31d6-4d50-bcfe-06272533350b: nextIndex: updateUnconditionally 174 -> 173
2023-03-29 22:46:44,385 [grpc-default-executor-4] INFO  leader.FollowerInfo (FollowerInfoImpl.java:lambda$new$0(48)) - 399773cb-fecd-40e3-a3a3-0a72d991f432@group-715515AC4EA0->1b03df48-31d6-4d50-bcfe-06272533350b: nextIndex: updateUnconditionally 173 -> 172
2023-03-29 22:46:44,385 [grpc-default-executor-1] INFO  leader.FollowerInfo (FollowerInfoImpl.java:lambda$new$0(48)) - 399773cb-fecd-40e3-a3a3-0a72d991f432@group-715515AC4EA0->31377470-4be3-4e7f-893b-aea4cf46f3a2: nextIndex: updateUnconditionally 173 -> 172
2023-03-29 22:46:44,394 [grpc-default-executor-1] WARN  server.GrpcLogAppender (LogUtils.java:warn(122)) - 399773cb-fecd-40e3-a3a3-0a72d991f432@group-715515AC4EA0->31377470-4be3-4e7f-893b-aea4cf46f3a2-AppendLogResponseHandler: Failed appendEntries: org.apache.ratis.thirdparty.io.grpc.StatusRuntimeException: UNAVAILABLE: io exception
2023-03-29 22:46:44,395 [grpc-default-executor-4] WARN  server.GrpcLogAppender (LogUtils.java:warn(122)) - 399773cb-fecd-40e3-a3a3-0a72d991f432@group-715515AC4EA0->31377470-4be3-4e7f-893b-aea4cf46f3a2-AppendLogResponseHandler: Failed appendEntries: org.apache.ratis.thirdparty.io.grpc.StatusRuntimeException: UNAVAILABLE: io exception
2023-03-29 22:46:44,395 [grpc-default-executor-7] WARN  server.GrpcLogAppender (LogUtils.java:warn(122)) - 399773cb-fecd-40e3-a3a3-0a72d991f432@group-715515AC4EA0->1b03df48-31d6-4d50-bcfe-06272533350b-AppendLogResponseHandler: Failed appendEntries: org.apache.ratis.thirdparty.io.grpc.StatusRuntimeException: UNAVAILABLE: io exception
2023-03-29 22:46:44,395 [grpc-default-executor-7] INFO  leader.FollowerInfo (FollowerInfoImpl.java:lambda$new$0(48)) - 399773cb-fecd-40e3-a3a3-0a72d991f432@group-715515AC4EA0->1b03df48-31d6-4d50-bcfe-06272533350b: nextIndex: updateUnconditionally 173 -> 172
2023-03-29 22:46:44,395 [grpc-default-executor-1] INFO  leader.FollowerInfo (FollowerInfoImpl.java:lambda$new$0(48)) - 399773cb-fecd-40e3-a3a3-0a72d991f432@group-715515AC4EA0->31377470-4be3-4e7f-893b-aea4cf46f3a2: nextIndex: updateUnconditionally 173 -> 172
2023-03-29 22:46:44,395 [grpc-default-executor-3] WARN  server.GrpcLogAppender (LogUtils.java:warn(122)) - 399773cb-fecd-40e3-a3a3-0a72d991f432@group-715515AC4EA0->1b03df48-31d6-4d50-bcfe-06272533350b-AppendLogResponseHandler: Failed appendEntries: org.apache.ratis.thirdparty.io.grpc.StatusRuntimeException: UNAVAILABLE: io exception
2023-03-29 22:46:44,396 [grpc-default-executor-3] INFO  leader.FollowerInfo (FollowerInfoImpl.java:lambda$new$0(48)) - 399773cb-fecd-40e3-a3a3-0a72d991f432@group-715515AC4EA0->1b03df48-31d6-4d50-bcfe-06272533350b: nextIndex: updateUnconditionally 172 -> 171
2023-03-29 22:46:44,396 [grpc-default-executor-4] INFO  leader.FollowerInfo (FollowerInfoImpl.java:lambda$new$0(48)) - 399773cb-fecd-40e3-a3a3-0a72d991f432@group-715515AC4EA0->31377470-4be3-4e7f-893b-aea4cf46f3a2: nextIndex: updateUnconditionally 172 -> 171
2023-03-29 22:46:44,608 [ForkJoinPool.commonPool-worker-0] INFO  volume.HddsVolume (HddsVolume.java:closeDbStore(437)) - SchemaV3 db is stopped at /home/runner/work/ozone/ozone/hadoop-ozone/integration-test/target/test-dir/MiniOzoneClusterImpl-8ae17f6e-7b8d-4fcc-9253-feb95f7e1717/datanode-0/data-0/containers/hdds/8ae17f6e-7b8d-4fcc-9253-feb95f7e1717/DS-2cd75aaf-14e2-4642-a838-f3e64813658d/container.db for volume DS-2cd75aaf-14e2-4642-a838-f3e64813658d
2023-03-29 22:46:44,608 [ForkJoinPool.commonPool-worker-0] INFO  utils.BackgroundService (BackgroundService.java:shutdown(141)) - Shutting down service BlockDeletingService
2023-03-29 22:46:44,611 [ForkJoinPool.commonPool-worker-0] INFO  utils.BackgroundService (BackgroundService.java:shutdown(141)) - Shutting down service StaleRecoveringContainerScrubbingService
2023-03-29 22:46:44,612 [ForkJoinPool.commonPool-worker-0] INFO  statemachine.DatanodeStateMachine (DatanodeStateMachine.java:stopDaemon(601)) - Ozone container server stopped.
2023-03-29 22:46:44,626 [Listener at 127.0.0.1/35129] INFO  volume.HddsVolume (HddsVolume.java:closeDbStore(437)) - SchemaV3 db is stopped at /home/runner/work/ozone/ozone/hadoop-ozone/integration-test/target/test-dir/MiniOzoneClusterImpl-8ae17f6e-7b8d-4fcc-9253-feb95f7e1717/datanode-1/data-0/containers/hdds/8ae17f6e-7b8d-4fcc-9253-feb95f7e1717/DS-bf9aae24-c14f-4ef0-8ae1-d25a47e9d472/container.db for volume DS-bf9aae24-c14f-4ef0-8ae1-d25a47e9d472
2023-03-29 22:46:44,626 [Listener at 127.0.0.1/35129] INFO  utils.BackgroundService (BackgroundService.java:shutdown(141)) - Shutting down service BlockDeletingService
2023-03-29 22:46:44,627 [Listener at 127.0.0.1/35129] INFO  utils.BackgroundService (BackgroundService.java:shutdown(141)) - Shutting down service StaleRecoveringContainerScrubbingService
2023-03-29 22:46:44,628 [ForkJoinPool.commonPool-worker-0] INFO  handler.ContextHandler (ContextHandler.java:doStop(1159)) - Stopped o.e.j.w.WebAppContext@7de4a4d8{hddsDatanode,/,null,STOPPED}{jar:file:/home/runner/.m2/repository/org/apache/ozone/hdds-container-service/1.4.0-SNAPSHOT/hdds-container-service-1.4.0-SNAPSHOT.jar!/webapps/hddsDatanode}
2023-03-29 22:46:44,628 [Listener at 127.0.0.1/35129] INFO  statemachine.DatanodeStateMachine (DatanodeStateMachine.java:stopDaemon(601)) - Ozone container server stopped.
2023-03-29 22:46:44,638 [ForkJoinPool.commonPool-worker-0] INFO  server.AbstractConnector (AbstractConnector.java:doStop(383)) - Stopped ServerConnector@b027738{HTTP/1.1, (http/1.1)}{0.0.0.0:0}
2023-03-29 22:46:44,638 [ForkJoinPool.commonPool-worker-0] INFO  server.session (HouseKeeper.java:stopScavenging(149)) - node0 Stopped scavenging
2023-03-29 22:46:44,639 [ForkJoinPool.commonPool-worker-0] INFO  handler.ContextHandler (ContextHandler.java:doStop(1159)) - Stopped o.e.j.s.ServletContextHandler@6e87f07b{static,/static,jar:file:/home/runner/.m2/repository/org/apache/ozone/hdds-container-service/1.4.0-SNAPSHOT/hdds-container-service-1.4.0-SNAPSHOT.jar!/webapps/static,STOPPED}
2023-03-29 22:46:44,640 [ForkJoinPool.commonPool-worker-0] INFO  handler.ContextHandler (ContextHandler.java:doStop(1159)) - Stopped o.e.j.s.ServletContextHandler@79e4f8b6{logs,/logs,file:///home/runner/work/ozone/ozone/hadoop-ozone/integration-test/target/log,STOPPED}
2023-03-29 22:46:44,644 [Listener at 127.0.0.1/35129] INFO  handler.ContextHandler (ContextHandler.java:doStop(1159)) - Stopped o.e.j.w.WebAppContext@49cb7d64{hddsDatanode,/,null,STOPPED}{jar:file:/home/runner/.m2/repository/org/apache/ozone/hdds-container-service/1.4.0-SNAPSHOT/hdds-container-service-1.4.0-SNAPSHOT.jar!/webapps/hddsDatanode}
2023-03-29 22:46:44,646 [Listener at 127.0.0.1/35129] INFO  server.AbstractConnector (AbstractConnector.java:doStop(383)) - Stopped ServerConnector@5da0e938{HTTP/1.1, (http/1.1)}{0.0.0.0:0}
2023-03-29 22:46:44,647 [Listener at 127.0.0.1/35129] INFO  server.session (HouseKeeper.java:stopScavenging(149)) - node0 Stopped scavenging
2023-03-29 22:46:44,647 [Listener at 127.0.0.1/35129] INFO  handler.ContextHandler (ContextHandler.java:doStop(1159)) - Stopped o.e.j.s.ServletContextHandler@714fc0ad{static,/static,jar:file:/home/runner/.m2/repository/org/apache/ozone/hdds-container-service/1.4.0-SNAPSHOT/hdds-container-service-1.4.0-SNAPSHOT.jar!/webapps/static,STOPPED}
2023-03-29 22:46:44,647 [Listener at 127.0.0.1/35129] INFO  handler.ContextHandler (ContextHandler.java:doStop(1159)) - Stopped o.e.j.s.ServletContextHandler@44de4aa1{logs,/logs,file:///home/runner/work/ozone/ozone/hadoop-ozone/integration-test/target/log,STOPPED}
2023-03-29 22:46:45,443 [ForkJoinPool.commonPool-worker-0] INFO  ozoneimpl.OzoneContainer (OzoneContainer.java:stop(419)) - Attempting to stop container services.
2023-03-29 22:46:45,444 [EndpointStateMachine task thread for /0.0.0.0:38501 - 0 ] INFO  ipc.Client (Client.java:handleConnectionFailure(1010)) - Retrying connect to server: 0.0.0.0/0.0.0.0:38501. Already tried 0 time(s); retry policy is RetryUpToMaximumCountWithFixedSleep(maxRetries=15, sleepTime=1000 MILLISECONDS)
2023-03-29 22:46:45,445 [ForkJoinPool.commonPool-worker-0] INFO  server.RaftServer (RaftServerProxy.java:lambda$close$6(409)) - 399773cb-fecd-40e3-a3a3-0a72d991f432: close
2023-03-29 22:46:45,446 [399773cb-fecd-40e3-a3a3-0a72d991f432-impl-thread1] INFO  server.RaftServer$Division (RaftServerImpl.java:lambda$close$4(458)) - 399773cb-fecd-40e3-a3a3-0a72d991f432@group-8C295BA8EDD8: shutdown
2023-03-29 22:46:45,446 [399773cb-fecd-40e3-a3a3-0a72d991f432-impl-thread1] INFO  util.JmxRegister (JmxRegister.java:unregister(73)) - Successfully un-registered JMX Bean with object name Ratis:service=RaftServer,group=group-8C295BA8EDD8,id=399773cb-fecd-40e3-a3a3-0a72d991f432
2023-03-29 22:46:45,446 [399773cb-fecd-40e3-a3a3-0a72d991f432-impl-thread1] INFO  impl.RoleInfo (RoleInfo.java:shutdownFollowerState(110)) - 399773cb-fecd-40e3-a3a3-0a72d991f432: shutdown 399773cb-fecd-40e3-a3a3-0a72d991f432@group-8C295BA8EDD8-FollowerState
2023-03-29 22:46:45,446 [399773cb-fecd-40e3-a3a3-0a72d991f432-impl-thread2] INFO  server.RaftServer$Division (RaftServerImpl.java:lambda$close$4(458)) - 399773cb-fecd-40e3-a3a3-0a72d991f432@group-715515AC4EA0: shutdown
2023-03-29 22:46:45,446 [399773cb-fecd-40e3-a3a3-0a72d991f432-impl-thread2] INFO  util.JmxRegister (JmxRegister.java:unregister(73)) - Successfully un-registered JMX Bean with object name Ratis:service=RaftServer,group=group-715515AC4EA0,id=399773cb-fecd-40e3-a3a3-0a72d991f432
2023-03-29 22:46:45,447 [399773cb-fecd-40e3-a3a3-0a72d991f432-impl-thread2] INFO  impl.RoleInfo (RoleInfo.java:shutdownLeaderState(93)) - 399773cb-fecd-40e3-a3a3-0a72d991f432: shutdown 399773cb-fecd-40e3-a3a3-0a72d991f432@group-715515AC4EA0-LeaderStateImpl
2023-03-29 22:46:45,447 [ForkJoinPool.commonPool-worker-0] INFO  server.GrpcService (GrpcService.java:closeImpl(271)) - 399773cb-fecd-40e3-a3a3-0a72d991f432: shutdown server GrpcServerProtocolService now
2023-03-29 22:46:45,447 [399773cb-fecd-40e3-a3a3-0a72d991f432-impl-thread1] INFO  impl.StateMachineUpdater (StateMachineUpdater.java:stopAndJoin(153)) - 399773cb-fecd-40e3-a3a3-0a72d991f432@group-8C295BA8EDD8-StateMachineUpdater: set stopIndex = 216
2023-03-29 22:46:45,447 [399773cb-fecd-40e3-a3a3-0a72d991f432@group-8C295BA8EDD8-FollowerState] INFO  impl.FollowerState (FollowerState.java:run(152)) - 399773cb-fecd-40e3-a3a3-0a72d991f432@group-8C295BA8EDD8-FollowerState was interrupted
2023-03-29 22:46:45,447 [ForkJoinPool.commonPool-worker-0] INFO  server.GrpcServerProtocolClient (GrpcServerProtocolClient.java:close(101)) - 1b03df48-31d6-4d50-bcfe-06272533350b Close channels
2023-03-29 22:46:45,448 [399773cb-fecd-40e3-a3a3-0a72d991f432@group-8C295BA8EDD8-StateMachineUpdater] INFO  ratis.ContainerStateMachine (ContainerStateMachine.java:takeSnapshot(330)) - group-8C295BA8EDD8: Taking a snapshot at:(t:1, i:216) file /home/runner/work/ozone/ozone/hadoop-ozone/integration-test/target/test-dir/MiniOzoneClusterImpl-8ae17f6e-7b8d-4fcc-9253-feb95f7e1717/datanode-2/data/ratis/04ce0540-d0a1-42e0-839d-8c295ba8edd8/sm/snapshot.1_216
2023-03-29 22:46:45,448 [399773cb-fecd-40e3-a3a3-0a72d991f432-impl-thread3] INFO  server.RaftServer$Division (RaftServerImpl.java:lambda$close$4(458)) - 399773cb-fecd-40e3-a3a3-0a72d991f432@group-6ACBAA06EE94: shutdown
2023-03-29 22:46:45,448 [399773cb-fecd-40e3-a3a3-0a72d991f432-impl-thread3] INFO  util.JmxRegister (JmxRegister.java:unregister(73)) - Successfully un-registered JMX Bean with object name Ratis:service=RaftServer,group=group-6ACBAA06EE94,id=399773cb-fecd-40e3-a3a3-0a72d991f432
2023-03-29 22:46:45,448 [399773cb-fecd-40e3-a3a3-0a72d991f432-impl-thread3] INFO  impl.RoleInfo (RoleInfo.java:shutdownLeaderState(93)) - 399773cb-fecd-40e3-a3a3-0a72d991f432: shutdown 399773cb-fecd-40e3-a3a3-0a72d991f432@group-6ACBAA06EE94-LeaderStateImpl
2023-03-29 22:46:45,448 [399773cb-fecd-40e3-a3a3-0a72d991f432-impl-thread3] INFO  impl.PendingRequests (PendingRequests.java:sendNotLeaderResponses(282)) - 399773cb-fecd-40e3-a3a3-0a72d991f432@group-6ACBAA06EE94-PendingRequests: sendNotLeaderResponses
2023-03-29 22:46:45,449 [399773cb-fecd-40e3-a3a3-0a72d991f432@group-6ACBAA06EE94-StateMachineUpdater] INFO  ratis.ContainerStateMachine (ContainerStateMachine.java:takeSnapshot(330)) - group-6ACBAA06EE94: Taking a snapshot at:(t:1, i:0) file /home/runner/work/ozone/ozone/hadoop-ozone/integration-test/target/test-dir/MiniOzoneClusterImpl-8ae17f6e-7b8d-4fcc-9253-feb95f7e1717/datanode-2/data/ratis/468dbe28-c1ed-4ffc-a161-6acbaa06ee94/sm/snapshot.1_0
2023-03-29 22:46:45,449 [399773cb-fecd-40e3-a3a3-0a72d991f432-impl-thread3] INFO  impl.StateMachineUpdater (StateMachineUpdater.java:stopAndJoin(153)) - 399773cb-fecd-40e3-a3a3-0a72d991f432@group-6ACBAA06EE94-StateMachineUpdater: set stopIndex = 0
2023-03-29 22:46:45,450 [399773cb-fecd-40e3-a3a3-0a72d991f432@group-715515AC4EA0->1b03df48-31d6-4d50-bcfe-06272533350b-GrpcLogAppender-LogAppenderDaemon] WARN  server.GrpcLogAppender (GrpcLogAppender.java:mayWait(200)) - 399773cb-fecd-40e3-a3a3-0a72d991f432@group-715515AC4EA0->1b03df48-31d6-4d50-bcfe-06272533350b-GrpcLogAppender: Wait interrupted by java.lang.InterruptedException
2023-03-29 22:46:45,450 [ForkJoinPool.commonPool-worker-0] INFO  server.GrpcServerProtocolClient (GrpcServerProtocolClient.java:close(101)) - 31377470-4be3-4e7f-893b-aea4cf46f3a2 Close channels
2023-03-29 22:46:45,451 [399773cb-fecd-40e3-a3a3-0a72d991f432@group-6ACBAA06EE94-StateMachineUpdater] INFO  ratis.ContainerStateMachine (ContainerStateMachine.java:takeSnapshot(341)) - group-6ACBAA06EE94: Finished taking a snapshot at:(t:1, i:0) file:/home/runner/work/ozone/ozone/hadoop-ozone/integration-test/target/test-dir/MiniOzoneClusterImpl-8ae17f6e-7b8d-4fcc-9253-feb95f7e1717/datanode-2/data/ratis/468dbe28-c1ed-4ffc-a161-6acbaa06ee94/sm/snapshot.1_0 took: 2 ms
2023-03-29 22:46:45,451 [ForkJoinPool.commonPool-worker-0] INFO  server.GrpcService (GrpcService.java:closeImpl(280)) - 399773cb-fecd-40e3-a3a3-0a72d991f432: shutdown server GrpcServerProtocolService successfully
2023-03-29 22:46:45,451 [399773cb-fecd-40e3-a3a3-0a72d991f432@group-6ACBAA06EE94-StateMachineUpdater] INFO  impl.StateMachineUpdater (StateMachineUpdater.java:takeSnapshot(287)) - 399773cb-fecd-40e3-a3a3-0a72d991f432@group-6ACBAA06EE94-StateMachineUpdater: Took a snapshot at index 0
2023-03-29 22:46:45,451 [399773cb-fecd-40e3-a3a3-0a72d991f432@group-6ACBAA06EE94-StateMachineUpdater] INFO  impl.StateMachineUpdater (StateMachineUpdater.java:lambda$new$0(92)) - 399773cb-fecd-40e3-a3a3-0a72d991f432@group-6ACBAA06EE94-StateMachineUpdater: snapshotIndex: updateIncreasingly -1 -> 0
2023-03-29 22:46:45,451 [399773cb-fecd-40e3-a3a3-0a72d991f432@group-715515AC4EA0->31377470-4be3-4e7f-893b-aea4cf46f3a2-GrpcLogAppender-LogAppenderDaemon] WARN  server.GrpcLogAppender (GrpcLogAppender.java:mayWait(200)) - 399773cb-fecd-40e3-a3a3-0a72d991f432@group-715515AC4EA0->31377470-4be3-4e7f-893b-aea4cf46f3a2-GrpcLogAppender: Wait interrupted by java.lang.InterruptedException
2023-03-29 22:46:45,451 [399773cb-fecd-40e3-a3a3-0a72d991f432-impl-thread3] INFO  server.RaftServer$Division (ServerState.java:close(466)) - 399773cb-fecd-40e3-a3a3-0a72d991f432@group-6ACBAA06EE94: closes. applyIndex: 0
2023-03-29 22:46:45,452 [399773cb-fecd-40e3-a3a3-0a72d991f432-impl-thread2] INFO  impl.PendingRequests (PendingRequests.java:sendNotLeaderResponses(282)) - 399773cb-fecd-40e3-a3a3-0a72d991f432@group-715515AC4EA0-PendingRequests: sendNotLeaderResponses
2023-03-29 22:46:45,452 [399773cb-fecd-40e3-a3a3-0a72d991f432@group-8C295BA8EDD8-StateMachineUpdater] INFO  ratis.ContainerStateMachine (ContainerStateMachine.java:takeSnapshot(341)) - group-8C295BA8EDD8: Finished taking a snapshot at:(t:1, i:216) file:/home/runner/work/ozone/ozone/hadoop-ozone/integration-test/target/test-dir/MiniOzoneClusterImpl-8ae17f6e-7b8d-4fcc-9253-feb95f7e1717/datanode-2/data/ratis/04ce0540-d0a1-42e0-839d-8c295ba8edd8/sm/snapshot.1_216 took: 4 ms
2023-03-29 22:46:45,452 [399773cb-fecd-40e3-a3a3-0a72d991f432@group-8C295BA8EDD8-StateMachineUpdater] INFO  impl.StateMachineUpdater (StateMachineUpdater.java:takeSnapshot(287)) - 399773cb-fecd-40e3-a3a3-0a72d991f432@group-8C295BA8EDD8-StateMachineUpdater: Took a snapshot at index 216
2023-03-29 22:46:45,452 [399773cb-fecd-40e3-a3a3-0a72d991f432@group-8C295BA8EDD8-StateMachineUpdater] INFO  impl.StateMachineUpdater (StateMachineUpdater.java:lambda$new$0(92)) - 399773cb-fecd-40e3-a3a3-0a72d991f432@group-8C295BA8EDD8-StateMachineUpdater: snapshotIndex: updateIncreasingly -1 -> 216
2023-03-29 22:46:45,452 [399773cb-fecd-40e3-a3a3-0a72d991f432-impl-thread1] INFO  server.RaftServer$Division (ServerState.java:close(466)) - 399773cb-fecd-40e3-a3a3-0a72d991f432@group-8C295BA8EDD8: closes. applyIndex: 216
2023-03-29 22:46:45,453 [399773cb-fecd-40e3-a3a3-0a72d991f432@group-8C295BA8EDD8-SegmentedRaftLogWorker] INFO  segmented.SegmentedRaftLogWorker (SegmentedRaftLogWorker.java:run(347)) - 399773cb-fecd-40e3-a3a3-0a72d991f432@group-8C295BA8EDD8-SegmentedRaftLogWorker was interrupted, exiting. There are 0 tasks remaining in the queue.
2023-03-29 22:46:45,453 [399773cb-fecd-40e3-a3a3-0a72d991f432-impl-thread1] INFO  segmented.SegmentedRaftLogWorker (SegmentedRaftLogWorker.java:close(257)) - 399773cb-fecd-40e3-a3a3-0a72d991f432@group-8C295BA8EDD8-SegmentedRaftLogWorker close()
2023-03-29 22:46:45,452 [399773cb-fecd-40e3-a3a3-0a72d991f432-NettyServerStreamRpc-bossGroup--thread1] INFO  logging.LoggingHandler (AbstractInternalLogger.java:log(148)) - [id: 0x6ccbe936, L:/0:0:0:0:0:0:0:0:41261] CLOSE
2023-03-29 22:46:45,453 [399773cb-fecd-40e3-a3a3-0a72d991f432-NettyServerStreamRpc-bossGroup--thread1] INFO  logging.LoggingHandler (AbstractInternalLogger.java:log(148)) - [id: 0x6ccbe936, L:/0:0:0:0:0:0:0:0:41261] INACTIVE
2023-03-29 22:46:45,453 [399773cb-fecd-40e3-a3a3-0a72d991f432-NettyServerStreamRpc-bossGroup--thread1] INFO  logging.LoggingHandler (AbstractInternalLogger.java:log(148)) - [id: 0x6ccbe936, L:/0:0:0:0:0:0:0:0:41261] UNREGISTERED
2023-03-29 22:46:45,455 [399773cb-fecd-40e3-a3a3-0a72d991f432@group-6ACBAA06EE94-SegmentedRaftLogWorker] INFO  segmented.SegmentedRaftLogWorker (SegmentedRaftLogWorker.java:run(347)) - 399773cb-fecd-40e3-a3a3-0a72d991f432@group-6ACBAA06EE94-SegmentedRaftLogWorker was interrupted, exiting. There are 0 tasks remaining in the queue.
2023-03-29 22:46:45,455 [399773cb-fecd-40e3-a3a3-0a72d991f432-impl-thread3] INFO  segmented.SegmentedRaftLogWorker (SegmentedRaftLogWorker.java:close(257)) - 399773cb-fecd-40e3-a3a3-0a72d991f432@group-6ACBAA06EE94-SegmentedRaftLogWorker close()
2023-03-29 22:46:45,458 [399773cb-fecd-40e3-a3a3-0a72d991f432@group-715515AC4EA0-StateMachineUpdater] INFO  ratis.ContainerStateMachine (ContainerStateMachine.java:takeSnapshot(330)) - group-715515AC4EA0: Taking a snapshot at:(t:1, i:179) file /home/runner/work/ozone/ozone/hadoop-ozone/integration-test/target/test-dir/MiniOzoneClusterImpl-8ae17f6e-7b8d-4fcc-9253-feb95f7e1717/datanode-2/data/ratis/fbea81ca-d65e-471f-ab84-715515ac4ea0/sm/snapshot.1_179
2023-03-29 22:46:45,459 [399773cb-fecd-40e3-a3a3-0a72d991f432-impl-thread2] INFO  impl.StateMachineUpdater (StateMachineUpdater.java:stopAndJoin(153)) - 399773cb-fecd-40e3-a3a3-0a72d991f432@group-715515AC4EA0-StateMachineUpdater: set stopIndex = 179
2023-03-29 22:46:45,460 [399773cb-fecd-40e3-a3a3-0a72d991f432@group-715515AC4EA0-StateMachineUpdater] INFO  ratis.ContainerStateMachine (ContainerStateMachine.java:takeSnapshot(341)) - group-715515AC4EA0: Finished taking a snapshot at:(t:1, i:179) file:/home/runner/work/ozone/ozone/hadoop-ozone/integration-test/target/test-dir/MiniOzoneClusterImpl-8ae17f6e-7b8d-4fcc-9253-feb95f7e1717/datanode-2/data/ratis/fbea81ca-d65e-471f-ab84-715515ac4ea0/sm/snapshot.1_179 took: 1 ms
2023-03-29 22:46:45,460 [399773cb-fecd-40e3-a3a3-0a72d991f432@group-715515AC4EA0-StateMachineUpdater] INFO  impl.StateMachineUpdater (StateMachineUpdater.java:takeSnapshot(287)) - 399773cb-fecd-40e3-a3a3-0a72d991f432@group-715515AC4EA0-StateMachineUpdater: Took a snapshot at index 179
2023-03-29 22:46:45,460 [399773cb-fecd-40e3-a3a3-0a72d991f432@group-715515AC4EA0-StateMachineUpdater] INFO  impl.StateMachineUpdater (StateMachineUpdater.java:lambda$new$0(92)) - 399773cb-fecd-40e3-a3a3-0a72d991f432@group-715515AC4EA0-StateMachineUpdater: snapshotIndex: updateIncreasingly -1 -> 179
2023-03-29 22:46:45,468 [399773cb-fecd-40e3-a3a3-0a72d991f432-impl-thread2] INFO  server.RaftServer$Division (ServerState.java:close(466)) - 399773cb-fecd-40e3-a3a3-0a72d991f432@group-715515AC4EA0: closes. applyIndex: 179
2023-03-29 22:46:45,468 [399773cb-fecd-40e3-a3a3-0a72d991f432@group-715515AC4EA0-SegmentedRaftLogWorker] INFO  segmented.SegmentedRaftLogWorker (SegmentedRaftLogWorker.java:run(347)) - 399773cb-fecd-40e3-a3a3-0a72d991f432@group-715515AC4EA0-SegmentedRaftLogWorker was interrupted, exiting. There are 0 tasks remaining in the queue.
2023-03-29 22:46:45,469 [399773cb-fecd-40e3-a3a3-0a72d991f432-impl-thread2] INFO  segmented.SegmentedRaftLogWorker (SegmentedRaftLogWorker.java:close(257)) - 399773cb-fecd-40e3-a3a3-0a72d991f432@group-715515AC4EA0-SegmentedRaftLogWorker close()
2023-03-29 22:46:45,470 [JvmPauseMonitor11] INFO  util.JvmPauseMonitor (JvmPauseMonitor.java:run(111)) - JvmPauseMonitor-399773cb-fecd-40e3-a3a3-0a72d991f432: Stopped
2023-03-29 22:46:46,446 [EndpointStateMachine task thread for /0.0.0.0:38501 - 0 ] INFO  ipc.Client (Client.java:handleConnectionFailure(1010)) - Retrying connect to server: 0.0.0.0/0.0.0.0:38501. Already tried 1 time(s); retry policy is RetryUpToMaximumCountWithFixedSleep(maxRetries=15, sleepTime=1000 MILLISECONDS)
2023-03-29 22:46:47,447 [EndpointStateMachine task thread for /0.0.0.0:38501 - 0 ] INFO  ipc.Client (Client.java:handleConnectionFailure(1010)) - Retrying connect to server: 0.0.0.0/0.0.0.0:38501. Already tried 2 time(s); retry policy is RetryUpToMaximumCountWithFixedSleep(maxRetries=15, sleepTime=1000 MILLISECONDS)
2023-03-29 22:46:47,478 [ForkJoinPool.commonPool-worker-0] INFO  volume.HddsVolume (HddsVolume.java:closeDbStore(437)) - SchemaV3 db is stopped at /home/runner/work/ozone/ozone/hadoop-ozone/integration-test/target/test-dir/MiniOzoneClusterImpl-8ae17f6e-7b8d-4fcc-9253-feb95f7e1717/datanode-2/data-0/containers/hdds/8ae17f6e-7b8d-4fcc-9253-feb95f7e1717/DS-f453e89c-cf0d-4271-8467-3180c8161cd2/container.db for volume DS-f453e89c-cf0d-4271-8467-3180c8161cd2
2023-03-29 22:46:47,478 [ForkJoinPool.commonPool-worker-0] INFO  utils.BackgroundService (BackgroundService.java:shutdown(141)) - Shutting down service BlockDeletingService
2023-03-29 22:46:47,479 [ForkJoinPool.commonPool-worker-0] INFO  utils.BackgroundService (BackgroundService.java:shutdown(141)) - Shutting down service StaleRecoveringContainerScrubbingService
2023-03-29 22:46:47,480 [ForkJoinPool.commonPool-worker-0] INFO  statemachine.DatanodeStateMachine (DatanodeStateMachine.java:stopDaemon(601)) - Ozone container server stopped.
2023-03-29 22:46:47,497 [ForkJoinPool.commonPool-worker-0] INFO  handler.ContextHandler (ContextHandler.java:doStop(1159)) - Stopped o.e.j.w.WebAppContext@1b490ff{hddsDatanode,/,null,STOPPED}{jar:file:/home/runner/.m2/repository/org/apache/ozone/hdds-container-service/1.4.0-SNAPSHOT/hdds-container-service-1.4.0-SNAPSHOT.jar!/webapps/hddsDatanode}
2023-03-29 22:46:47,498 [ForkJoinPool.commonPool-worker-0] INFO  server.AbstractConnector (AbstractConnector.java:doStop(383)) - Stopped ServerConnector@34199d1c{HTTP/1.1, (http/1.1)}{0.0.0.0:0}
2023-03-29 22:46:47,498 [ForkJoinPool.commonPool-worker-0] INFO  server.session (HouseKeeper.java:stopScavenging(149)) - node0 Stopped scavenging
2023-03-29 22:46:47,499 [ForkJoinPool.commonPool-worker-0] INFO  handler.ContextHandler (ContextHandler.java:doStop(1159)) - Stopped o.e.j.s.ServletContextHandler@e348e3{static,/static,jar:file:/home/runner/.m2/repository/org/apache/ozone/hdds-container-service/1.4.0-SNAPSHOT/hdds-container-service-1.4.0-SNAPSHOT.jar!/webapps/static,STOPPED}
2023-03-29 22:46:47,499 [ForkJoinPool.commonPool-worker-0] INFO  handler.ContextHandler (ContextHandler.java:doStop(1159)) - Stopped o.e.j.s.ServletContextHandler@4169e884{logs,/logs,file:///home/runner/work/ozone/ozone/hadoop-ozone/integration-test/target/log,STOPPED}
2023-03-29 22:46:47,991 [Listener at 127.0.0.1/35129] WARN  server.ServerUtils (ServerUtils.java:getScmDbDir(148)) - ozone.scm.db.dirs is not configured. We recommend adding this setting. Falling back to ozone.metadata.dirs instead.
2023-03-29 22:46:47,994 [Listener at 127.0.0.1/35129] WARN  server.ServerUtils (ServerUtils.java:getScmDbDir(148)) - ozone.scm.db.dirs is not configured. We recommend adding this setting. Falling back to ozone.metadata.dirs instead.
2023-03-29 22:46:47,994 [Listener at 127.0.0.1/35129] INFO  ha.SCMHANodeDetails (SCMHANodeDetails.java:loadSCMHAConfig(209)) - ServiceID for StorageContainerManager is null
2023-03-29 22:46:47,995 [Listener at 127.0.0.1/35129] INFO  ha.SCMHANodeDetails (SCMHANodeDetails.java:loadSCMHAConfig(214)) - ozone.scm.default.service.id is not defined, falling back to ozone.scm.service.ids to find serviceID for StorageContainerManager if it is HA enabled cluster
2023-03-29 22:46:47,995 [Listener at 127.0.0.1/35129] WARN  utils.HAUtils (HAUtils.java:getMetaDir(342)) - ozone.scm.db.dirs is not configured. We recommend adding this setting. Falling back to ozone.metadata.dirs instead.
2023-03-29 22:46:47,995 [Listener at 127.0.0.1/35129] WARN  db.DBStoreBuilder (DBStoreBuilder.java:applyDBDefinition(181)) - ozone.scm.db.dirs is not configured. We recommend adding this setting. Falling back to ozone.metadata.dirs instead.
2023-03-29 22:46:48,137 [Listener at 127.0.0.1/35129] INFO  net.NodeSchemaLoader (NodeSchemaLoader.java:loadSchemaFromFile(129)) - Loading schema from [jar:file:/home/runner/.m2/repository/org/apache/ozone/hdds-common/1.4.0-SNAPSHOT/hdds-common-1.4.0-SNAPSHOT.jar!/network-topology-default.xml]
2023-03-29 22:46:48,137 [Listener at 127.0.0.1/35129] INFO  net.NodeSchemaLoader (NodeSchemaLoader.java:loadSchema(176)) - Loading network topology layer schema file
2023-03-29 22:46:48,140 [Listener at 127.0.0.1/35129] INFO  upgrade.AbstractLayoutVersionManager (AbstractLayoutVersionManager.java:init(83)) - Initializing Layout version manager with metadata layout = DATANODE_SCHEMA_V3 (version = 4), software layout = DATANODE_SCHEMA_V3 (version = 4)
2023-03-29 22:46:48,189 [Listener at 127.0.0.1/35129] INFO  reflections.Reflections (Reflections.java:scan(232)) - Reflections took 48 ms to scan 7 urls, producing 155 keys and 368 values 
2023-03-29 22:46:48,191 [Listener at 127.0.0.1/35129] INFO  ha.SequenceIdGenerator (SequenceIdGenerator.java:upgradeToSequenceId(349)) - upgrade localId to 111677748019200000
2023-03-29 22:46:48,191 [Listener at 127.0.0.1/35129] INFO  ha.SequenceIdGenerator (SequenceIdGenerator.java:upgradeToSequenceId(359)) - upgrade delTxnId to 0
2023-03-29 22:46:48,191 [Listener at 127.0.0.1/35129] INFO  ha.SequenceIdGenerator (SequenceIdGenerator.java:upgradeToSequenceId(376)) - upgrade containerId to 0
2023-03-29 22:46:48,192 [Listener at 127.0.0.1/35129] INFO  ha.SequenceIdGenerator (SequenceIdGenerator.java:<init>(220)) - Init the HA SequenceIdGenerator.
2023-03-29 22:46:48,192 [Listener at 127.0.0.1/35129] WARN  server.ServerUtils (ServerUtils.java:sanitizeUserArgs(73)) - ozone.scm.stale.node.interval value = 300000 is larger than max = 100000 based on the key value of ozone.scm.heartbeat.thread.interval, reset to the max value 100000.
2023-03-29 22:46:48,192 [Listener at 127.0.0.1/35129] WARN  server.ServerUtils (ServerUtils.java:sanitizeUserArgs(73)) - ozone.scm.stale.node.interval value = 300000 is larger than max = 100000 based on the key value of ozone.scm.heartbeat.thread.interval, reset to the max value 100000.
2023-03-29 22:46:48,194 [Listener at 127.0.0.1/35129] INFO  node.SCMNodeManager (SCMNodeManager.java:<init>(156)) - Entering startup safe mode.
2023-03-29 22:46:48,195 [Listener at 127.0.0.1/35129] INFO  algorithms.ContainerPlacementPolicyFactory (ContainerPlacementPolicyFactory.java:getPolicyInternal(86)) - Create container placement policy of type org.apache.hadoop.hdds.scm.container.placement.algorithms.SCMContainerPlacementRandom
2023-03-29 22:46:48,195 [Listener at 127.0.0.1/35129] INFO  algorithms.ContainerPlacementPolicyFactory (ContainerPlacementPolicyFactory.java:getPolicyInternal(86)) - Create container placement policy of type org.apache.hadoop.hdds.scm.container.placement.algorithms.SCMContainerPlacementRackScatter
2023-03-29 22:46:48,195 [Listener at 127.0.0.1/35129] INFO  pipeline.PipelineStateManagerImpl (PipelineStateManagerImpl.java:initialize(78)) - No pipeline exists in current db
2023-03-29 22:46:48,195 [Listener at 127.0.0.1/35129] INFO  algorithms.LeaderChoosePolicyFactory (LeaderChoosePolicyFactory.java:getPolicy(57)) - Create leader choose policy of type org.apache.hadoop.hdds.scm.pipeline.leader.choose.algorithms.MinLeaderCountChoosePolicy
2023-03-29 22:46:48,195 [Listener at 127.0.0.1/35129] INFO  algorithms.ContainerPlacementPolicyFactory (ContainerPlacementPolicyFactory.java:getPolicyInternal(86)) - Create container placement policy of type org.apache.hadoop.hdds.scm.container.placement.algorithms.SCMContainerPlacementRackScatter
2023-03-29 22:46:48,196 [Listener at 127.0.0.1/35129] INFO  ha.SCMServiceManager (SCMServiceManager.java:register(42)) - Registering service BackgroundPipelineCreator.
2023-03-29 22:46:48,196 [Listener at 127.0.0.1/35129] INFO  pipeline.BackgroundPipelineCreator (BackgroundPipelineCreator.java:start(124)) - Starting RatisPipelineUtilsThread.
2023-03-29 22:46:48,196 [Listener at 127.0.0.1/35129] INFO  BackgroundPipelineScrubber (BackgroundSCMService.java:start(68)) - Starting BackgroundPipelineScrubber Service.
2023-03-29 22:46:48,196 [Listener at 127.0.0.1/35129] INFO  ha.SCMServiceManager (SCMServiceManager.java:register(42)) - Registering service BackgroundPipelineScrubber.
2023-03-29 22:46:48,196 [Listener at 127.0.0.1/35129] INFO  ExpiredContainerReplicaOpScrubber (BackgroundSCMService.java:start(68)) - Starting ExpiredContainerReplicaOpScrubber Service.
2023-03-29 22:46:48,197 [Listener at 127.0.0.1/35129] INFO  ha.SCMServiceManager (SCMServiceManager.java:register(42)) - Registering service ExpiredContainerReplicaOpScrubber.
2023-03-29 22:46:48,198 [Listener at 127.0.0.1/35129] INFO  algorithms.PipelineChoosePolicyFactory (PipelineChoosePolicyFactory.java:createPipelineChoosePolicyFromClass(73)) - Create pipeline choose policy of type org.apache.hadoop.hdds.scm.pipeline.choose.algorithms.RandomPipelineChoosePolicy
2023-03-29 22:46:48,198 [Listener at 127.0.0.1/35129] INFO  ha.SCMServiceManager (SCMServiceManager.java:register(42)) - Registering service SCMBlockDeletingService.
2023-03-29 22:46:48,198 [Listener at 127.0.0.1/35129] INFO  replication.ReplicationManager (ReplicationManager.java:start(277)) - Starting Replication Monitor Thread.
2023-03-29 22:46:48,199 [Listener at 127.0.0.1/35129] INFO  ha.SCMServiceManager (SCMServiceManager.java:register(42)) - Registering service ReplicationManager.
2023-03-29 22:46:48,199 [Listener at 127.0.0.1/35129] INFO  safemode.ContainerSafeModeRule (ContainerSafeModeRule.java:<init>(89)) - containers with one replica threshold count 0
2023-03-29 22:46:48,200 [Listener at 127.0.0.1/35129] INFO  safemode.HealthyPipelineSafeModeRule (HealthyPipelineSafeModeRule.java:initializeRule(169)) - Total pipeline count is 0, healthy pipeline threshold count is 1
2023-03-29 22:46:48,200 [Listener at 127.0.0.1/35129] INFO  safemode.OneReplicaPipelineSafeModeRule (OneReplicaPipelineSafeModeRule.java:initializeRule(180)) - Total pipeline count is 0, pipeline's with at least one datanode reported threshold count is 0
2023-03-29 22:46:48,200 [Listener at 127.0.0.1/35129] INFO  server.StorageContainerManager (StorageContainerManager.java:<init>(398)) - SCM start with adminUsers: [runner]
2023-03-29 22:46:48,200 [Listener at 127.0.0.1/35129] INFO  ipc.CallQueueManager (CallQueueManager.java:<init>(90)) - Using callQueue: class java.util.concurrent.LinkedBlockingQueue, queueCapacity: 2000, scheduler: class org.apache.hadoop.ipc.DefaultRpcScheduler, ipcBackoff: false.
2023-03-29 22:46:48,201 [Socket Reader #1 for port 0] INFO  ipc.Server (Server.java:run(1273)) - Starting Socket Reader #1 for port 0
2023-03-29 22:46:48,206 [ReplicationMonitor] INFO  replication.ReplicationManager (ReplicationManager.java:processAll(352)) - Replication Manager is not ready to run until 3000ms after safemode exit
2023-03-29 22:46:48,207 [Listener at 0.0.0.0/42047] INFO  ipc.CallQueueManager (CallQueueManager.java:<init>(90)) - Using callQueue: class java.util.concurrent.LinkedBlockingQueue, queueCapacity: 2000, scheduler: class org.apache.hadoop.ipc.DefaultRpcScheduler, ipcBackoff: false.
2023-03-29 22:46:48,207 [Socket Reader #1 for port 0] INFO  ipc.Server (Server.java:run(1273)) - Starting Socket Reader #1 for port 0
2023-03-29 22:46:48,209 [Listener at 0.0.0.0/36843] INFO  ipc.CallQueueManager (CallQueueManager.java:<init>(90)) - Using callQueue: class java.util.concurrent.LinkedBlockingQueue, queueCapacity: 2000, scheduler: class org.apache.hadoop.ipc.DefaultRpcScheduler, ipcBackoff: false.
2023-03-29 22:46:48,213 [Socket Reader #1 for port 0] INFO  ipc.Server (Server.java:run(1273)) - Starting Socket Reader #1 for port 0
2023-03-29 22:46:48,218 [Listener at 0.0.0.0/46565] INFO  ha.SCMServiceManager (SCMServiceManager.java:register(42)) - Registering service ContainerBalancer.
2023-03-29 22:46:48,218 [Listener at 0.0.0.0/46565] INFO  server.StorageContainerManager (StorageContainerManager.java:<init>(415)) - 
Container Balancer status:
Key                            Value
Running                        false
Container Balancer Configuration values:
Key                                                Value
Threshold                                          10
Max Datanodes to Involve per Iteration(percent)    20
Max Size to Move per Iteration                     500GB
Max Size Entering Target per Iteration             26GB
Max Size Leaving Source per Iteration              26GB

2023-03-29 22:46:48,218 [Listener at 0.0.0.0/46565] INFO  ha.SCMContext (SCMContext.java:updateSafeModeStatus(228)) - Update SafeModeStatus from SafeModeStatus{safeModeStatus=true, preCheckPassed=false} to SafeModeStatus{safeModeStatus=true, preCheckPassed=false}.
2023-03-29 22:46:48,218 [Listener at 0.0.0.0/46565] INFO  server.StorageContainerManager (StorageContainerManager.java:start(1449)) - StorageContainerLocationProtocol RPC server is listening at /0.0.0.0:46565
2023-03-29 22:46:48,220 [Listener at 0.0.0.0/46565] WARN  impl.MetricsConfig (MetricsConfig.java:loadFirst(136)) - Cannot locate configuration: tried hadoop-metrics2-storagecontainermanager.properties,hadoop-metrics2.properties
2023-03-29 22:46:48,226 [Listener at 0.0.0.0/46565] INFO  impl.MetricsSystemImpl (MetricsSystemImpl.java:startTimer(378)) - Scheduled Metric snapshot period at 10 second(s).
2023-03-29 22:46:48,226 [Listener at 0.0.0.0/46565] INFO  impl.MetricsSystemImpl (MetricsSystemImpl.java:start(191)) - StorageContainerManager metrics system started
2023-03-29 22:46:48,237 [Listener at 0.0.0.0/46565] INFO  impl.MetricsSinkAdapter (MetricsSinkAdapter.java:start(204)) - Sink prometheus started
2023-03-29 22:46:48,237 [Listener at 0.0.0.0/46565] INFO  impl.MetricsSystemImpl (MetricsSystemImpl.java:registerSink(305)) - Registered sink prometheus
2023-03-29 22:46:48,275 [Listener at 0.0.0.0/46565] INFO  server.SCMClientProtocolServer (SCMClientProtocolServer.java:start(197)) - RPC server for Client  is listening at /0.0.0.0:46565
2023-03-29 22:46:48,280 [IPC Server Responder] INFO  ipc.Server (Server.java:run(1512)) - IPC Server Responder: starting
2023-03-29 22:46:48,282 [IPC Server listener on 0] INFO  ipc.Server (Server.java:run(1352)) - IPC Server listener on 0: starting
2023-03-29 22:46:48,290 [Listener at 0.0.0.0/46565] INFO  server.StorageContainerManager (StorageContainerManager.java:start(1463)) - ScmBlockLocationProtocol RPC server is listening at /0.0.0.0:36843
2023-03-29 22:46:48,291 [Listener at 0.0.0.0/46565] INFO  server.SCMBlockProtocolServer (SCMBlockProtocolServer.java:start(152)) - RPC server for Block Protocol is listening at /0.0.0.0:36843
2023-03-29 22:46:48,294 [IPC Server Responder] INFO  ipc.Server (Server.java:run(1512)) - IPC Server Responder: starting
2023-03-29 22:46:48,297 [Listener at 0.0.0.0/46565] INFO  server.SCMDatanodeProtocolServer (SCMDatanodeProtocolServer.java:start(193)) - ScmDatanodeProtocol RPC server for DataNodes is listening at /0.0.0.0:42047
2023-03-29 22:46:48,298 [IPC Server Responder] INFO  ipc.Server (Server.java:run(1512)) - IPC Server Responder: starting
2023-03-29 22:46:48,298 [IPC Server listener on 0] INFO  ipc.Server (Server.java:run(1352)) - IPC Server listener on 0: starting
2023-03-29 22:46:48,300 [org.apache.hadoop.util.JvmPauseMonitor$Monitor@6e2becc2] INFO  util.JvmPauseMonitor (JvmPauseMonitor.java:run(188)) - Starting JVM pause monitor
2023-03-29 22:46:48,300 [IPC Server listener on 0] INFO  ipc.Server (Server.java:run(1352)) - IPC Server listener on 0: starting
2023-03-29 22:46:48,301 [Listener at 0.0.0.0/46565] INFO  http.BaseHttpServer (BaseHttpServer.java:newHttpServer2BuilderForOzone(224)) - Starting Web-server for scm at: http://0.0.0.0:0
2023-03-29 22:46:48,301 [Listener at 0.0.0.0/46565] INFO  http.BaseHttpServer (BaseHttpServer.java:<init>(111)) - Hadoop Security Enabled: false Ozone Security Enabled: false Ozone HTTP Security Enabled: false 
2023-03-29 22:46:48,303 [Listener at 0.0.0.0/46565] WARN  server.AuthenticationFilter (AuthenticationFilter.java:constructSecretProvider(240)) - Unable to initialize FileSignerSecretProvider, falling back to use random secrets. Reason: Could not read signature secret file: /home/runner/hadoop-http-auth-signature-secret
2023-03-29 22:46:48,303 [Listener at 0.0.0.0/46565] WARN  http.HttpRequestLog (HttpRequestLog.java:getRequestLog(103)) - Jetty request log can only be enabled using Log4j
2023-03-29 22:46:48,306 [Listener at 0.0.0.0/46565] INFO  http.HttpServer2 (HttpServer2.java:addGlobalFilter(1031)) - Added global filter 'safety' (class=org.apache.hadoop.hdds.server.http.HttpServer2$QuotingInputFilter)
2023-03-29 22:46:48,307 [Listener at 0.0.0.0/46565] INFO  http.HttpServer2 (HttpServer2.java:addFilter(1007)) - Added filter static_user_filter (class=org.apache.hadoop.http.lib.StaticUserWebFilter$StaticUserFilter) to context scm
2023-03-29 22:46:48,307 [Listener at 0.0.0.0/46565] INFO  http.HttpServer2 (HttpServer2.java:addFilter(1015)) - Added filter static_user_filter (class=org.apache.hadoop.http.lib.StaticUserWebFilter$StaticUserFilter) to context static
2023-03-29 22:46:48,307 [Listener at 0.0.0.0/46565] INFO  http.HttpServer2 (HttpServer2.java:addFilter(1015)) - Added filter static_user_filter (class=org.apache.hadoop.http.lib.StaticUserWebFilter$StaticUserFilter) to context logs
2023-03-29 22:46:48,307 [Listener at 0.0.0.0/46565] INFO  http.BaseHttpServer (BaseHttpServer.java:<init>(190)) - HTTP server of scm uses base directory /home/runner/work/ozone/ozone/hadoop-ozone/integration-test/target/test-dir/MiniOzoneClusterImpl-bfbd9018-35f1-41c4-9115-0ebbd4040a15/ozone-meta/webserver
2023-03-29 22:46:48,309 [Listener at 0.0.0.0/46565] INFO  http.HttpServer2 (HttpServer2.java:bindListener(1250)) - Jetty bound to port 39185
2023-03-29 22:46:48,309 [Listener at 0.0.0.0/46565] INFO  server.Server (Server.java:doStart(375)) - jetty-9.4.49.v20220914; built: 2022-09-14T01:07:36.601Z; git: 4231a3b2e4cb8548a412a789936d640a97b1aa0a; jvm 1.8.0_362-b09
2023-03-29 22:46:48,313 [Listener at 0.0.0.0/46565] INFO  server.session (DefaultSessionIdManager.java:doStart(334)) - DefaultSessionIdManager workerName=node0
2023-03-29 22:46:48,314 [Listener at 0.0.0.0/46565] INFO  server.session (DefaultSessionIdManager.java:doStart(339)) - No SessionScavenger set, using defaults
2023-03-29 22:46:48,314 [Listener at 0.0.0.0/46565] INFO  server.session (HouseKeeper.java:startScavenging(132)) - node0 Scavenging every 660000ms
2023-03-29 22:46:48,316 [Listener at 0.0.0.0/46565] INFO  handler.ContextHandler (ContextHandler.java:doStart(921)) - Started o.e.j.s.ServletContextHandler@1f7b4f75{logs,/logs,file:///home/runner/work/ozone/ozone/hadoop-ozone/integration-test/target/log,AVAILABLE}
2023-03-29 22:46:48,316 [Listener at 0.0.0.0/46565] INFO  handler.ContextHandler (ContextHandler.java:doStart(921)) - Started o.e.j.s.ServletContextHandler@3db36e64{static,/static,file:///home/runner/work/ozone/ozone/hadoop-ozone/integration-test/target/test-classes/webapps/static,AVAILABLE}
2023-03-29 22:46:48,320 [Listener at 0.0.0.0/46565] INFO  handler.ContextHandler (ContextHandler.java:doStart(921)) - Started o.e.j.w.WebAppContext@4ce631bf{scm,/,file:///home/runner/work/ozone/ozone/hadoop-ozone/integration-test/target/test-classes/webapps/scm/,AVAILABLE}{file:/home/runner/work/ozone/ozone/hadoop-ozone/integration-test/target/test-classes/webapps/scm}
2023-03-29 22:46:48,323 [Listener at 0.0.0.0/46565] INFO  server.AbstractConnector (AbstractConnector.java:doStart(333)) - Started ServerConnector@3fbc770d{HTTP/1.1, (http/1.1)}{0.0.0.0:39185}
2023-03-29 22:46:48,323 [Listener at 0.0.0.0/46565] INFO  server.Server (Server.java:doStart(415)) - Started @139959ms
2023-03-29 22:46:48,323 [Listener at 0.0.0.0/46565] WARN  impl.MetricsSystemImpl (MetricsSystemImpl.java:register(279)) - Sink prometheus already exists!
2023-03-29 22:46:48,325 [Listener at 0.0.0.0/46565] INFO  http.BaseHttpServer (BaseHttpServer.java:updateConnectorAddress(344)) - HTTP server of scm listening at http://0.0.0.0:39185
2023-03-29 22:46:48,326 [Listener at 0.0.0.0/46565] INFO  ha.OMHANodeDetails (OMHANodeDetails.java:loadOMHAConfig(121)) - ServiceID for OzoneManager is om-service-test1
2023-03-29 22:46:48,327 [Listener at 0.0.0.0/46565] INFO  ha.OMHANodeDetails (OMHANodeDetails.java:loadOMHAConfig(201)) - Found matching OM address with OMServiceId: om-service-test1, OMNodeId: omNode-1, RPC Address: localhost:42479 and Ratis port: 33317
2023-03-29 22:46:48,327 [Listener at 0.0.0.0/46565] INFO  ha.OMHANodeDetails (ConfUtils.java:setNodeSpecificConfigs(97)) - Setting configuration key ozone.om.http-address with value of key ozone.om.http-address.om-service-test1.omNode-1: 127.0.0.1:37619
2023-03-29 22:46:48,327 [Listener at 0.0.0.0/46565] INFO  ha.OMHANodeDetails (ConfUtils.java:setNodeSpecificConfigs(97)) - Setting configuration key ozone.om.https-address with value of key ozone.om.https-address.om-service-test1.omNode-1: 127.0.0.1:40857
2023-03-29 22:46:48,327 [Listener at 0.0.0.0/46565] INFO  ha.OMHANodeDetails (ConfUtils.java:setNodeSpecificConfigs(97)) - Setting configuration key ozone.om.address with value of key ozone.om.address.om-service-test1.omNode-1: 127.0.0.1:42479
2023-03-29 22:46:48,327 [Listener at 0.0.0.0/46565] WARN  server.ServerUtils (ServerUtils.java:getDBPath(225)) - ozone.om.db.dirs is not configured. We recommend adding this setting. Falling back to ozone.metadata.dirs instead.
2023-03-29 22:46:48,328 [Listener at 0.0.0.0/46565] INFO  proxy.SCMBlockLocationFailoverProxyProvider (SCMBlockLocationFailoverProxyProvider.java:<init>(114)) - Created block location fail-over proxy with 1 nodes: [nodeId=scmNodeId,nodeAddress=/0.0.0.0:36843]
OM initialization succeeded.Current cluster id for sd=/home/runner/work/ozone/ozone/hadoop-ozone/integration-test/target/test-dir/MiniOzoneClusterImpl-bfbd9018-35f1-41c4-9115-0ebbd4040a15/omNode-1/om;cid=bfbd9018-35f1-41c4-9115-0ebbd4040a15;layoutVersion=3
2023-03-29 22:46:48,334 [Listener at 0.0.0.0/46565] INFO  ha.OMHANodeDetails (OMHANodeDetails.java:loadOMHAConfig(121)) - ServiceID for OzoneManager is om-service-test1
2023-03-29 22:46:48,335 [Listener at 0.0.0.0/46565] INFO  ha.OMHANodeDetails (OMHANodeDetails.java:loadOMHAConfig(201)) - Found matching OM address with OMServiceId: om-service-test1, OMNodeId: omNode-1, RPC Address: localhost:42479 and Ratis port: 33317
2023-03-29 22:46:48,335 [Listener at 0.0.0.0/46565] INFO  ha.OMHANodeDetails (ConfUtils.java:setNodeSpecificConfigs(97)) - Setting configuration key ozone.om.http-address with value of key ozone.om.http-address.om-service-test1.omNode-1: 127.0.0.1:37619
2023-03-29 22:46:48,335 [Listener at 0.0.0.0/46565] INFO  ha.OMHANodeDetails (ConfUtils.java:setNodeSpecificConfigs(97)) - Setting configuration key ozone.om.https-address with value of key ozone.om.https-address.om-service-test1.omNode-1: 127.0.0.1:40857
2023-03-29 22:46:48,335 [Listener at 0.0.0.0/46565] INFO  ha.OMHANodeDetails (ConfUtils.java:setNodeSpecificConfigs(97)) - Setting configuration key ozone.om.address with value of key ozone.om.address.om-service-test1.omNode-1: 127.0.0.1:42479
2023-03-29 22:46:48,335 [Listener at 0.0.0.0/46565] WARN  server.ServerUtils (ServerUtils.java:getDBPath(225)) - ozone.om.db.dirs is not configured. We recommend adding this setting. Falling back to ozone.metadata.dirs instead.
2023-03-29 22:46:48,339 [Listener at 0.0.0.0/46565] INFO  upgrade.AbstractLayoutVersionManager (AbstractLayoutVersionManager.java:init(83)) - Initializing Layout version manager with metadata layout = MULTITENANCY_SCHEMA (version = 3), software layout = MULTITENANCY_SCHEMA (version = 3)
2023-03-29 22:46:48,429 [Listener at 0.0.0.0/46565] INFO  reflections.Reflections (Reflections.java:scan(232)) - Reflections took 88 ms to scan 2 urls, producing 170 keys and 470 values [using 2 cores]
2023-03-29 22:46:48,429 [Listener at 0.0.0.0/46565] INFO  upgrade.OMLayoutVersionManager (OMLayoutVersionManager.java:lambda$0(115)) - Skipping Upgrade Action MockOmUpgradeAction since it has been finalized.
2023-03-29 22:46:48,429 [Listener at 0.0.0.0/46565] WARN  server.ServerUtils (ServerUtils.java:getDBPath(225)) - ozone.om.db.dirs is not configured. We recommend adding this setting. Falling back to ozone.metadata.dirs instead.
2023-03-29 22:46:48,430 [Listener at 0.0.0.0/46565] INFO  proxy.SCMBlockLocationFailoverProxyProvider (SCMBlockLocationFailoverProxyProvider.java:<init>(114)) - Created block location fail-over proxy with 1 nodes: [nodeId=scmNodeId,nodeAddress=/0.0.0.0:36843]
2023-03-29 22:46:48,432 [Listener at 0.0.0.0/46565] INFO  proxy.SCMBlockLocationFailoverProxyProvider (SCMBlockLocationFailoverProxyProvider.java:<init>(114)) - Created block location fail-over proxy with 1 nodes: [nodeId=scmNodeId,nodeAddress=/0.0.0.0:36843]
2023-03-29 22:46:48,440 [Listener at 0.0.0.0/46565] INFO  om.OzoneManager (OzoneManager.java:<init>(619)) - OM start with adminUsers: [runner]
2023-03-29 22:46:48,441 [Listener at 0.0.0.0/46565] WARN  server.ServerUtils (ServerUtils.java:getDBPath(225)) - ozone.om.db.dirs is not configured. We recommend adding this setting. Falling back to ozone.metadata.dirs instead.
2023-03-29 22:46:48,441 [Listener at 0.0.0.0/46565] INFO  codec.OmKeyInfoCodec (OmKeyInfoCodec.java:<init>(49)) - OmKeyInfoCodec ignorePipeline = true
2023-03-29 22:46:48,441 [Listener at 0.0.0.0/46565] INFO  codec.RepeatedOmKeyInfoCodec (RepeatedOmKeyInfoCodec.java:<init>(41)) - RepeatedOmKeyInfoCodec ignorePipeline = true
2023-03-29 22:46:48,447 [EndpointStateMachine task thread for /0.0.0.0:38501 - 0 ] INFO  ipc.Client (Client.java:handleConnectionFailure(1010)) - Retrying connect to server: 0.0.0.0/0.0.0.0:38501. Already tried 3 time(s); retry policy is RetryUpToMaximumCountWithFixedSleep(maxRetries=15, sleepTime=1000 MILLISECONDS)
2023-03-29 22:46:48,666 [Listener at 0.0.0.0/46565] INFO  om.OzoneManager (OzoneManager.java:instantiateServices(749)) - S3 Multi-Tenancy is disabled
2023-03-29 22:46:48,666 [Listener at 0.0.0.0/46565] WARN  server.ServerUtils (ServerUtils.java:getDBPath(225)) - ozone.om.snapshot.diff.db.dir is not configured. We recommend adding this setting. Falling back to ozone.metadata.dirs instead.
2023-03-29 22:46:48,687 [Listener at 0.0.0.0/46565] INFO  om.OzoneManager (OzoneManager.java:addS3GVolumeToDB(4223)) - Created Volume s3v With Owner runner required for S3Gateway operations.
2023-03-29 22:46:48,687 [Listener at 0.0.0.0/46565] WARN  server.ServerUtils (ServerUtils.java:getDefaultRatisDirectory(237)) - Storage directory for Ratis is not configured. It is a good idea to map this to an SSD disk. Falling back to ozone.metadata.dirs
2023-03-29 22:46:48,687 [Listener at 0.0.0.0/46565] WARN  utils.OzoneManagerRatisUtils (OzoneManagerRatisUtils.java:getOMRatisSnapshotDirectory(446)) - ozone.om.ratis.snapshot.dir is not configured. Falling back to ozone.metadata.dirs config
2023-03-29 22:46:48,688 [Listener at 0.0.0.0/46565] INFO  snapshot.OzoneManagerSnapshotProvider (OzoneManagerSnapshotProvider.java:<init>(76)) - Initializing OM Snapshot Provider
2023-03-29 22:46:48,689 [Listener at 0.0.0.0/46565] WARN  server.ServerUtils (ServerUtils.java:getDefaultRatisDirectory(237)) - Storage directory for Ratis is not configured. It is a good idea to map this to an SSD disk. Falling back to ozone.metadata.dirs
2023-03-29 22:46:48,690 [Listener at 0.0.0.0/46565] INFO  ratis.OzoneManagerRatisServer (OzoneManagerRatisServer.java:<init>(163)) - Instantiating OM Ratis server with groupID: om-service-test1 and peers: localhost:33317, localhost:46875, localhost:39631
2023-03-29 22:46:48,691 [Listener at 0.0.0.0/46565] INFO  ratis.OzoneManagerStateMachine (OzoneManagerStateMachine.java:loadSnapshotInfoFromDB(636)) - LastAppliedIndex is set from TransactionInfo from OM DB as (t:0, i:~)
2023-03-29 22:46:48,691 [Listener at 0.0.0.0/46565] INFO  server.RaftServer (ConfUtils.java:logGet(46)) - raft.rpc.type = GRPC (default)
2023-03-29 22:46:48,691 [Listener at 0.0.0.0/46565] INFO  grpc.GrpcConfigKeys (ConfUtils.java:logFallback(53)) - raft.grpc.admin.host = null (fallback to raft.grpc.server.host)
2023-03-29 22:46:48,691 [Listener at 0.0.0.0/46565] INFO  grpc.GrpcConfigKeys (ConfUtils.java:logFallback(53)) - raft.grpc.admin.port = 33317 (fallback to raft.grpc.server.port)
2023-03-29 22:46:48,691 [Listener at 0.0.0.0/46565] INFO  grpc.GrpcConfigKeys (ConfUtils.java:logFallback(53)) - raft.grpc.client.host = null (fallback to raft.grpc.server.host)
2023-03-29 22:46:48,691 [Listener at 0.0.0.0/46565] INFO  grpc.GrpcConfigKeys (ConfUtils.java:logFallback(53)) - raft.grpc.client.port = 33317 (fallback to raft.grpc.server.port)
2023-03-29 22:46:48,691 [Listener at 0.0.0.0/46565] INFO  grpc.GrpcConfigKeys (ConfUtils.java:logGet(46)) - raft.grpc.server.host = null (default)
2023-03-29 22:46:48,692 [Listener at 0.0.0.0/46565] INFO  grpc.GrpcConfigKeys (ConfUtils.java:logGet(46)) - raft.grpc.server.port = 33317 (custom)
2023-03-29 22:46:48,692 [Listener at 0.0.0.0/46565] INFO  server.GrpcService (ConfUtils.java:logGet(46)) - raft.grpc.message.size.max = 33554432 (custom)
2023-03-29 22:46:48,692 [Listener at 0.0.0.0/46565] INFO  server.RaftServerConfigKeys (ConfUtils.java:logGet(46)) - raft.server.log.appender.buffer.byte-limit = 33554432 (custom)
2023-03-29 22:46:48,692 [Listener at 0.0.0.0/46565] INFO  server.GrpcService (ConfUtils.java:logGet(46)) - raft.grpc.flow.control.window = 1MB (=1048576) (default)
2023-03-29 22:46:48,692 [Listener at 0.0.0.0/46565] INFO  server.RaftServerConfigKeys (ConfUtils.java:logGet(46)) - raft.server.rpc.request.timeout = 3000ms (default)
2023-03-29 22:46:48,692 [Listener at 0.0.0.0/46565] INFO  grpc.GrpcConfigKeys (ConfUtils.java:logGet(46)) - raft.grpc.server.heartbeat.channel = true (default)
2023-03-29 22:46:48,692 [Listener at 0.0.0.0/46565] INFO  grpc.GrpcConfigKeys (ConfUtils.java:logGet(46)) - raft.grpc.server.async.request.thread.pool.cached = true (default)
2023-03-29 22:46:48,692 [Listener at 0.0.0.0/46565] INFO  grpc.GrpcConfigKeys (ConfUtils.java:logGet(46)) - raft.grpc.server.async.request.thread.pool.size = 32 (default)
2023-03-29 22:46:48,695 [Listener at 0.0.0.0/46565] INFO  impl.DataStreamServerImpl (ConfUtils.java:logGet(46)) - raft.datastream.type = DISABLED (default)
2023-03-29 22:46:48,695 [Listener at 0.0.0.0/46565] INFO  server.RaftServerConfigKeys (ConfUtils.java:logGet(46)) - raft.server.threadpool.proxy.cached = true (default)
2023-03-29 22:46:48,695 [Listener at 0.0.0.0/46565] INFO  server.RaftServerConfigKeys (ConfUtils.java:logGet(46)) - raft.server.threadpool.proxy.size = 0 (default)
2023-03-29 22:46:48,695 [Listener at 0.0.0.0/46565] INFO  server.RaftServerConfigKeys (ConfUtils.java:logGet(46)) - raft.server.rpc.slowness.timeout = 2s (custom)
2023-03-29 22:46:48,695 [Listener at 0.0.0.0/46565] INFO  server.RaftServerConfigKeys (ConfUtils.java:logGet(46)) - raft.server.leaderelection.leader.step-down.wait-time = 10s (default)
2023-03-29 22:46:48,696 [Listener at 0.0.0.0/46565] INFO  server.RaftServerConfigKeys (ConfUtils.java:logGet(46)) - raft.server.storage.dir = [/home/runner/work/ozone/ozone/hadoop-ozone/integration-test/target/test-dir/MiniOzoneClusterImpl-bfbd9018-35f1-41c4-9115-0ebbd4040a15/omNode-1/ratis] (custom)
2023-03-29 22:46:48,698 [Listener at 0.0.0.0/46565] INFO  server.RaftServer (RaftServerProxy.java:addNew(96)) - omNode-1: addNew group-523986131536:[omNode-3|rpc:localhost:46875|priority:0|startupRole:FOLLOWER, omNode-1|rpc:localhost:33317|priority:0|startupRole:FOLLOWER, omNode-2|rpc:localhost:39631|priority:0|startupRole:FOLLOWER] returns group-523986131536:java.util.concurrent.CompletableFuture@4d5c09d1[Not completed]
2023-03-29 22:46:48,698 [Listener at 0.0.0.0/46565] INFO  om.OzoneManager (OzoneManager.java:initializeRatisServer(2096)) - OzoneManager Ratis server initialized at port 33317
2023-03-29 22:46:48,698 [Listener at 0.0.0.0/46565] INFO  om.OzoneManager (OzoneManager.java:getRpcServer(1132)) - Creating RPC Server
2023-03-29 22:46:48,699 [pool-1480-thread-1] INFO  server.RaftServer$Division (RaftServerImpl.java:<init>(195)) - omNode-1: new RaftServerImpl for group-523986131536:[omNode-3|rpc:localhost:46875|priority:0|startupRole:FOLLOWER, omNode-1|rpc:localhost:33317|priority:0|startupRole:FOLLOWER, omNode-2|rpc:localhost:39631|priority:0|startupRole:FOLLOWER] with OzoneManagerStateMachine:uninitialized
2023-03-29 22:46:48,699 [pool-1480-thread-1] INFO  server.RaftServerConfigKeys (ConfUtils.java:logGet(46)) - raft.server.rpc.timeout.min = 1s (custom)
2023-03-29 22:46:48,699 [pool-1480-thread-1] INFO  server.RaftServerConfigKeys (ConfUtils.java:logGet(46)) - raft.server.rpc.timeout.max = 1200ms (custom)
2023-03-29 22:46:48,699 [pool-1480-thread-1] INFO  server.RaftServerConfigKeys (ConfUtils.java:logGet(46)) - raft.server.rpc.sleep.time = 25ms (default)
2023-03-29 22:46:48,699 [pool-1480-thread-1] INFO  server.RaftServerConfigKeys (ConfUtils.java:logGet(46)) - raft.server.rpc.slowness.timeout = 2s (custom)
2023-03-29 22:46:48,699 [pool-1480-thread-1] INFO  server.RaftServerConfigKeys (ConfUtils.java:logGet(46)) - raft.server.leaderelection.leader.step-down.wait-time = 10s (default)
2023-03-29 22:46:48,699 [pool-1480-thread-1] INFO  server.RaftServerConfigKeys (ConfUtils.java:logGet(46)) - raft.server.sleep.deviation.threshold = 300ms (default)
2023-03-29 22:46:48,699 [pool-1480-thread-1] INFO  server.RaftServer$Division (ServerState.java:<init>(118)) - omNode-1@group-523986131536: ConfigurationManager, init=-1: peers:[omNode-3|rpc:localhost:46875|priority:0|startupRole:FOLLOWER, omNode-1|rpc:localhost:33317|priority:0|startupRole:FOLLOWER, omNode-2|rpc:localhost:39631|priority:0|startupRole:FOLLOWER]|listeners:[], old=null, confs=<EMPTY_MAP>
2023-03-29 22:46:48,699 [pool-1480-thread-1] INFO  server.RaftServerConfigKeys (ConfUtils.java:logGet(46)) - raft.server.storage.dir = [/home/runner/work/ozone/ozone/hadoop-ozone/integration-test/target/test-dir/MiniOzoneClusterImpl-bfbd9018-35f1-41c4-9115-0ebbd4040a15/omNode-1/ratis] (custom)
2023-03-29 22:46:48,700 [pool-1480-thread-1] INFO  server.RaftServerConfigKeys (ConfUtils.java:logGet(46)) - raft.server.log.corruption.policy = EXCEPTION (default)
2023-03-29 22:46:48,700 [pool-1480-thread-1] INFO  server.RaftServerConfigKeys (ConfUtils.java:logGet(46)) - raft.server.storage.free-space.min = 0MB (=0) (default)
2023-03-29 22:46:48,700 [pool-1480-thread-1] INFO  server.RaftServerConfigKeys (ConfUtils.java:logGet(46)) - raft.server.notification.no-leader.timeout = 2s (custom)
2023-03-29 22:46:48,700 [pool-1480-thread-1] INFO  server.RaftServerConfigKeys (ConfUtils.java:logGet(46)) - raft.server.retrycache.expirytime = 300s (custom)
2023-03-29 22:46:48,700 [pool-1480-thread-1] INFO  server.RaftServerConfigKeys (ConfUtils.java:logGet(46)) - raft.server.retrycache.statistics.expirytime = 100μs (default)
2023-03-29 22:46:48,700 [pool-1480-thread-1] INFO  server.RaftServerConfigKeys (ConfUtils.java:logGet(46)) - raft.server.log.appender.install.snapshot.enabled = false (custom)
2023-03-29 22:46:48,700 [pool-1480-thread-1] INFO  server.RaftServerConfigKeys (ConfUtils.java:logGet(46)) - raft.server.threadpool.server.cached = true (default)
2023-03-29 22:46:48,700 [pool-1480-thread-1] INFO  server.RaftServerConfigKeys (ConfUtils.java:logGet(46)) - raft.server.threadpool.server.size = 0 (default)
2023-03-29 22:46:48,700 [pool-1480-thread-1] INFO  server.RaftServerConfigKeys (ConfUtils.java:logGet(46)) - raft.server.threadpool.client.cached = true (default)
2023-03-29 22:46:48,700 [pool-1480-thread-1] INFO  server.RaftServerConfigKeys (ConfUtils.java:logGet(46)) - raft.server.threadpool.client.size = 0 (default)
2023-03-29 22:46:49,038 [Listener at 0.0.0.0/46565] INFO  reflections.Reflections (Reflections.java:scan(232)) - Reflections took 339 ms to scan 19 urls, producing 68 keys and 4993 values [using 2 cores]
2023-03-29 22:46:49,040 [Listener at 0.0.0.0/46565] INFO  ipc.CallQueueManager (CallQueueManager.java:<init>(90)) - Using callQueue: class java.util.concurrent.LinkedBlockingQueue, queueCapacity: 2000, scheduler: class org.apache.hadoop.ipc.DefaultRpcScheduler, ipcBackoff: false.
2023-03-29 22:46:49,040 [Socket Reader #1 for port 42479] INFO  ipc.Server (Server.java:run(1273)) - Starting Socket Reader #1 for port 42479
2023-03-29 22:46:49,066 [Listener at 127.0.0.1/42479] INFO  impl.MetricsSystemImpl (MetricsSystemImpl.java:init(158)) - OzoneManager metrics system started (again)
2023-03-29 22:46:49,077 [Listener at 127.0.0.1/42479] INFO  om.OzoneManager (OzoneManager.java:start(1553)) - OzoneManager RPC server is listening at localhost/127.0.0.1:42479
2023-03-29 22:46:49,077 [Listener at 127.0.0.1/42479] INFO  ratis.OzoneManagerRatisServer (OzoneManagerRatisServer.java:start(558)) - Starting OzoneManagerRatisServer omNode-1 at port 33317
2023-03-29 22:46:49,077 [omNode-1-impl-thread1] INFO  storage.RaftStorageDirectory (RaftStorageDirectoryImpl.java:analyzeStorage(137)) - The storage directory /home/runner/work/ozone/ozone/hadoop-ozone/integration-test/target/test-dir/MiniOzoneClusterImpl-bfbd9018-35f1-41c4-9115-0ebbd4040a15/omNode-1/ratis/c9bc4cf4-3bc3-3c60-a66b-523986131536 does not exist. Creating ...
2023-03-29 22:46:49,080 [omNode-1-impl-thread1] INFO  storage.RaftStorageDirectory (RaftStorageDirectoryImpl.java:tryLock(231)) - Lock on /home/runner/work/ozone/ozone/hadoop-ozone/integration-test/target/test-dir/MiniOzoneClusterImpl-bfbd9018-35f1-41c4-9115-0ebbd4040a15/omNode-1/ratis/c9bc4cf4-3bc3-3c60-a66b-523986131536/in_use.lock acquired by nodename 4032@fv-az377-460
2023-03-29 22:46:49,082 [omNode-1-impl-thread1] INFO  storage.RaftStorage (RaftStorageImpl.java:format(96)) - Storage directory /home/runner/work/ozone/ozone/hadoop-ozone/integration-test/target/test-dir/MiniOzoneClusterImpl-bfbd9018-35f1-41c4-9115-0ebbd4040a15/omNode-1/ratis/c9bc4cf4-3bc3-3c60-a66b-523986131536 has been successfully formatted.
2023-03-29 22:46:49,083 [omNode-1-impl-thread1] INFO  server.RaftServerConfigKeys (ConfUtils.java:logGet(46)) - raft.server.log.use.memory = false (default)
2023-03-29 22:46:49,083 [omNode-1-impl-thread1] INFO  server.RaftServerConfigKeys (ConfUtils.java:logGet(46)) - raft.server.log.purge.gap = 1000000 (custom)
2023-03-29 22:46:49,083 [omNode-1-impl-thread1] INFO  server.RaftServerConfigKeys (ConfUtils.java:logGet(46)) - raft.server.log.appender.buffer.byte-limit = 33554432 (custom)
2023-03-29 22:46:49,083 [omNode-1-impl-thread1] INFO  server.RaftServerConfigKeys (ConfUtils.java:logGet(46)) - raft.server.log.statemachine.data.read.timeout = 1000ms (default)
2023-03-29 22:46:49,083 [omNode-1-impl-thread1] INFO  server.RaftServerConfigKeys (ConfUtils.java:logGet(46)) - raft.server.log.purge.preservation.log.num = 0 (default)
2023-03-29 22:46:49,083 [omNode-1-impl-thread1] INFO  server.RaftServerConfigKeys (ConfUtils.java:logGet(46)) - raft.server.log.segment.size.max = 4194304 (custom)
2023-03-29 22:46:49,083 [omNode-1-impl-thread1] INFO  server.RaftServerConfigKeys (ConfUtils.java:logGet(46)) - raft.server.log.segment.cache.num.max = 2 (custom)
2023-03-29 22:46:49,083 [omNode-1-impl-thread1] INFO  server.RaftServerConfigKeys (ConfUtils.java:logGet(46)) - raft.server.log.segment.cache.size.max = 200MB (=209715200) (default)
2023-03-29 22:46:49,083 [omNode-1-impl-thread1] INFO  segmented.SegmentedRaftLogWorker (SegmentedRaftLogWorker.java:<init>(189)) - new omNode-1@group-523986131536-SegmentedRaftLogWorker for RaftStorageImpl:Storage Directory /home/runner/work/ozone/ozone/hadoop-ozone/integration-test/target/test-dir/MiniOzoneClusterImpl-bfbd9018-35f1-41c4-9115-0ebbd4040a15/omNode-1/ratis/c9bc4cf4-3bc3-3c60-a66b-523986131536
2023-03-29 22:46:49,083 [omNode-1-impl-thread1] INFO  server.RaftServerConfigKeys (ConfUtils.java:logGet(46)) - raft.server.log.queue.byte-limit = 64MB (=67108864) (default)
2023-03-29 22:46:49,083 [omNode-1-impl-thread1] INFO  server.RaftServerConfigKeys (ConfUtils.java:logGet(46)) - raft.server.log.queue.element-limit = 4096 (default)
2023-03-29 22:46:49,083 [omNode-1-impl-thread1] INFO  server.RaftServerConfigKeys (ConfUtils.java:logGet(46)) - raft.server.log.segment.size.max = 4194304 (custom)
2023-03-29 22:46:49,083 [omNode-1-impl-thread1] INFO  server.RaftServerConfigKeys (ConfUtils.java:logGet(46)) - raft.server.log.preallocated.size = 4194304 (custom)
2023-03-29 22:46:49,083 [omNode-1-impl-thread1] INFO  server.RaftServerConfigKeys (ConfUtils.java:logGet(46)) - raft.server.log.force.sync.num = 128 (default)
2023-03-29 22:46:49,083 [omNode-1-impl-thread1] INFO  server.RaftServerConfigKeys (ConfUtils.java:logGet(46)) - raft.server.log.statemachine.data.sync = true (default)
2023-03-29 22:46:49,084 [omNode-1-impl-thread1] INFO  server.RaftServerConfigKeys (ConfUtils.java:logGet(46)) - raft.server.log.statemachine.data.sync.timeout = 10s (default)
2023-03-29 22:46:49,084 [omNode-1-impl-thread1] INFO  server.RaftServerConfigKeys (ConfUtils.java:logGet(46)) - raft.server.log.statemachine.data.sync.timeout.retry = -1 (default)
2023-03-29 22:46:49,084 [omNode-1-impl-thread1] INFO  server.RaftServerConfigKeys (ConfUtils.java:logGet(46)) - raft.server.log.write.buffer.size = 64KB (=65536) (default)
2023-03-29 22:46:49,084 [omNode-1-impl-thread1] INFO  server.RaftServerConfigKeys (ConfUtils.java:logGet(46)) - raft.server.log.appender.buffer.byte-limit = 33554432 (custom)
2023-03-29 22:46:49,089 [omNode-1-impl-thread1] INFO  server.RaftServerConfigKeys (ConfUtils.java:logGet(46)) - raft.server.log.unsafe-flush.enabled = false (default)
2023-03-29 22:46:49,089 [omNode-1-impl-thread1] INFO  server.RaftServerConfigKeys (ConfUtils.java:logGet(46)) - raft.server.log.async-flush.enabled = false (default)
2023-03-29 22:46:49,089 [omNode-1-impl-thread1] INFO  server.RaftServerConfigKeys (ConfUtils.java:logGet(46)) - raft.server.log.statemachine.data.caching.enabled = false (default)
2023-03-29 22:46:49,089 [omNode-1-impl-thread1] INFO  segmented.SegmentedRaftLogWorker (SegmentedRaftLogWorker.java:lambda$new$0(135)) - omNode-1@group-523986131536-SegmentedRaftLogWorker: flushIndex: setUnconditionally 0 -> -1
2023-03-29 22:46:49,090 [omNode-1-impl-thread1] INFO  segmented.SegmentedRaftLogWorker (SegmentedRaftLogWorker.java:lambda$new$0(135)) - omNode-1@group-523986131536-SegmentedRaftLogWorker: safeCacheEvictIndex: setUnconditionally 0 -> -1
2023-03-29 22:46:49,090 [omNode-1-impl-thread1] INFO  server.RaftServer$Division (RaftServerImpl.java:start(334)) - omNode-1@group-523986131536: start as a follower, conf=-1: peers:[omNode-3|rpc:localhost:46875|priority:0|startupRole:FOLLOWER, omNode-1|rpc:localhost:33317|priority:0|startupRole:FOLLOWER, omNode-2|rpc:localhost:39631|priority:0|startupRole:FOLLOWER]|listeners:[], old=null
2023-03-29 22:46:49,090 [omNode-1-impl-thread1] INFO  server.RaftServer$Division (RaftServerImpl.java:setRole(321)) - omNode-1@group-523986131536: changes role from      null to FOLLOWER at term 0 for startAsFollower
2023-03-29 22:46:49,090 [omNode-1-impl-thread1] INFO  impl.RoleInfo (RoleInfo.java:updateAndGet(139)) - omNode-1: start omNode-1@group-523986131536-FollowerState
2023-03-29 22:46:49,090 [omNode-1-impl-thread1] INFO  util.JmxRegister (JmxRegister.java:tryRegister(44)) - Successfully registered JMX Bean with object name Ratis:service=RaftServer,group=group-523986131536,id=omNode-1
2023-03-29 22:46:49,090 [omNode-1@group-523986131536-FollowerState] INFO  server.RaftServerConfigKeys (ConfUtils.java:logFallback(53)) - raft.server.rpc.first-election.timeout.min = 1s (fallback to raft.server.rpc.timeout.min)
2023-03-29 22:46:49,090 [omNode-1-impl-thread1] INFO  server.RaftServerConfigKeys (ConfUtils.java:logGet(46)) - raft.server.snapshot.auto.trigger.enabled = true (custom)
2023-03-29 22:46:49,091 [omNode-1@group-523986131536-FollowerState] INFO  server.RaftServerConfigKeys (ConfUtils.java:logFallback(53)) - raft.server.rpc.first-election.timeout.max = 1200ms (fallback to raft.server.rpc.timeout.max)
2023-03-29 22:46:49,091 [omNode-1-impl-thread1] INFO  server.RaftServerConfigKeys (ConfUtils.java:logGet(46)) - raft.server.snapshot.auto.trigger.threshold = 400000 (default)
2023-03-29 22:46:49,091 [omNode-1-impl-thread1] INFO  server.RaftServerConfigKeys (ConfUtils.java:logGet(46)) - raft.server.snapshot.retention.file.num = -1 (default)
2023-03-29 22:46:49,091 [omNode-1-impl-thread1] INFO  server.RaftServerConfigKeys (ConfUtils.java:logGet(46)) - raft.server.log.purge.upto.snapshot.index = true (custom)
2023-03-29 22:46:49,091 [Listener at 127.0.0.1/42479] INFO  server.RaftServer (RaftServerProxy.java:startImpl(393)) - omNode-1: start RPC server
2023-03-29 22:46:49,094 [Listener at 127.0.0.1/42479] INFO  server.GrpcService (GrpcService.java:startImpl(262)) - omNode-1: GrpcService started, listening on 33317
2023-03-29 22:46:49,095 [Listener at 127.0.0.1/42479] INFO  om.OzoneManager (OzoneManager.java:start(1569)) - Version File has different layout version (3) than OM DB (null). That is expected if this OM has never been finalized to a newer layout version.
2023-03-29 22:46:49,096 [JvmPauseMonitor12] INFO  util.JvmPauseMonitor (JvmPauseMonitor.java:run(105)) - JvmPauseMonitor-omNode-1: Started
2023-03-29 22:46:49,097 [Listener at 127.0.0.1/42479] INFO  http.BaseHttpServer (BaseHttpServer.java:newHttpServer2BuilderForOzone(224)) - Starting Web-server for ozoneManager at: http://0.0.0.0:37619
2023-03-29 22:46:49,098 [Listener at 127.0.0.1/42479] INFO  http.BaseHttpServer (BaseHttpServer.java:<init>(111)) - Hadoop Security Enabled: false Ozone Security Enabled: false Ozone HTTP Security Enabled: false 
2023-03-29 22:46:49,102 [Listener at 127.0.0.1/42479] WARN  server.AuthenticationFilter (AuthenticationFilter.java:constructSecretProvider(240)) - Unable to initialize FileSignerSecretProvider, falling back to use random secrets. Reason: Could not read signature secret file: /home/runner/hadoop-http-auth-signature-secret
2023-03-29 22:46:49,103 [Listener at 127.0.0.1/42479] WARN  http.HttpRequestLog (HttpRequestLog.java:getRequestLog(103)) - Jetty request log can only be enabled using Log4j
2023-03-29 22:46:49,105 [Listener at 127.0.0.1/42479] INFO  http.HttpServer2 (HttpServer2.java:addGlobalFilter(1031)) - Added global filter 'safety' (class=org.apache.hadoop.hdds.server.http.HttpServer2$QuotingInputFilter)
2023-03-29 22:46:49,107 [Listener at 127.0.0.1/42479] INFO  http.HttpServer2 (HttpServer2.java:addFilter(1007)) - Added filter static_user_filter (class=org.apache.hadoop.http.lib.StaticUserWebFilter$StaticUserFilter) to context ozoneManager
2023-03-29 22:46:49,107 [Listener at 127.0.0.1/42479] INFO  http.HttpServer2 (HttpServer2.java:addFilter(1015)) - Added filter static_user_filter (class=org.apache.hadoop.http.lib.StaticUserWebFilter$StaticUserFilter) to context static
2023-03-29 22:46:49,107 [Listener at 127.0.0.1/42479] INFO  http.HttpServer2 (HttpServer2.java:addFilter(1015)) - Added filter static_user_filter (class=org.apache.hadoop.http.lib.StaticUserWebFilter$StaticUserFilter) to context logs
2023-03-29 22:46:49,108 [Listener at 127.0.0.1/42479] INFO  http.BaseHttpServer (BaseHttpServer.java:<init>(190)) - HTTP server of ozoneManager uses base directory /home/runner/work/ozone/ozone/hadoop-ozone/integration-test/target/test-dir/MiniOzoneClusterImpl-bfbd9018-35f1-41c4-9115-0ebbd4040a15/omNode-1/webserver
2023-03-29 22:46:49,110 [Listener at 127.0.0.1/42479] INFO  http.HttpServer2 (HttpServer2.java:bindListener(1250)) - Jetty bound to port 37619
2023-03-29 22:46:49,110 [Listener at 127.0.0.1/42479] INFO  server.Server (Server.java:doStart(375)) - jetty-9.4.49.v20220914; built: 2022-09-14T01:07:36.601Z; git: 4231a3b2e4cb8548a412a789936d640a97b1aa0a; jvm 1.8.0_362-b09
2023-03-29 22:46:49,113 [Listener at 127.0.0.1/42479] INFO  server.session (DefaultSessionIdManager.java:doStart(334)) - DefaultSessionIdManager workerName=node0
2023-03-29 22:46:49,114 [Listener at 127.0.0.1/42479] INFO  server.session (DefaultSessionIdManager.java:doStart(339)) - No SessionScavenger set, using defaults
2023-03-29 22:46:49,114 [Listener at 127.0.0.1/42479] INFO  server.session (HouseKeeper.java:startScavenging(132)) - node0 Scavenging every 660000ms
2023-03-29 22:46:49,115 [Listener at 127.0.0.1/42479] INFO  handler.ContextHandler (ContextHandler.java:doStart(921)) - Started o.e.j.s.ServletContextHandler@5b6a02f4{logs,/logs,file:///home/runner/work/ozone/ozone/hadoop-ozone/integration-test/target/log,AVAILABLE}
2023-03-29 22:46:49,115 [Listener at 127.0.0.1/42479] INFO  handler.ContextHandler (ContextHandler.java:doStart(921)) - Started o.e.j.s.ServletContextHandler@6262770e{static,/static,file:///home/runner/work/ozone/ozone/hadoop-ozone/integration-test/target/test-classes/webapps/static,AVAILABLE}
2023-03-29 22:46:49,122 [Listener at 127.0.0.1/42479] INFO  handler.ContextHandler (ContextHandler.java:doStart(921)) - Started o.e.j.w.WebAppContext@6daf4532{ozoneManager,/,file:///home/runner/work/ozone/ozone/hadoop-ozone/integration-test/target/test-classes/webapps/ozoneManager/,AVAILABLE}{file:/home/runner/work/ozone/ozone/hadoop-ozone/integration-test/target/test-classes/webapps/ozoneManager}
2023-03-29 22:46:49,123 [Listener at 127.0.0.1/42479] INFO  server.AbstractConnector (AbstractConnector.java:doStart(333)) - Started ServerConnector@28f3815c{HTTP/1.1, (http/1.1)}{0.0.0.0:37619}
2023-03-29 22:46:49,123 [Listener at 127.0.0.1/42479] INFO  server.Server (Server.java:doStart(415)) - Started @140759ms
2023-03-29 22:46:49,123 [Listener at 127.0.0.1/42479] WARN  impl.MetricsSystemImpl (MetricsSystemImpl.java:register(279)) - Sink prometheus already exists!
2023-03-29 22:46:49,124 [Listener at 127.0.0.1/42479] INFO  http.BaseHttpServer (BaseHttpServer.java:updateConnectorAddress(344)) - HTTP server of ozoneManager listening at http://0.0.0.0:37619
2023-03-29 22:46:49,125 [IPC Server Responder] INFO  ipc.Server (Server.java:run(1512)) - IPC Server Responder: starting
2023-03-29 22:46:49,126 [IPC Server listener on 42479] INFO  ipc.Server (Server.java:run(1352)) - IPC Server listener on 42479: starting
2023-03-29 22:46:49,132 [Listener at 127.0.0.1/42479] INFO  om.OzoneManager (OzoneManager.java:startTrashEmptier(2040)) - Trash Interval set to 0. Files deleted won't move to trash
2023-03-29 22:46:49,132 [Listener at 127.0.0.1/42479] INFO  ozone.MiniOzoneHAClusterImpl (MiniOzoneHAClusterImpl.java:createOMService(527)) - Started OzoneManager omNode-1 RPC server at localhost/127.0.0.1:42479
2023-03-29 22:46:49,132 [org.apache.hadoop.util.JvmPauseMonitor$Monitor@469c42d6] INFO  util.JvmPauseMonitor (JvmPauseMonitor.java:run(188)) - Starting JVM pause monitor
2023-03-29 22:46:49,133 [Listener at 127.0.0.1/42479] INFO  ha.OMHANodeDetails (OMHANodeDetails.java:loadOMHAConfig(121)) - ServiceID for OzoneManager is om-service-test1
2023-03-29 22:46:49,133 [Listener at 127.0.0.1/42479] INFO  ha.OMHANodeDetails (OMHANodeDetails.java:loadOMHAConfig(201)) - Found matching OM address with OMServiceId: om-service-test1, OMNodeId: omNode-2, RPC Address: localhost:46557 and Ratis port: 39631
2023-03-29 22:46:49,134 [Listener at 127.0.0.1/42479] INFO  ha.OMHANodeDetails (ConfUtils.java:setNodeSpecificConfigs(97)) - Setting configuration key ozone.om.http-address with value of key ozone.om.http-address.om-service-test1.omNode-2: 127.0.0.1:40175
2023-03-29 22:46:49,134 [Listener at 127.0.0.1/42479] INFO  ha.OMHANodeDetails (ConfUtils.java:setNodeSpecificConfigs(97)) - Setting configuration key ozone.om.https-address with value of key ozone.om.https-address.om-service-test1.omNode-2: 127.0.0.1:41493
2023-03-29 22:46:49,134 [Listener at 127.0.0.1/42479] INFO  ha.OMHANodeDetails (ConfUtils.java:setNodeSpecificConfigs(97)) - Setting configuration key ozone.om.address with value of key ozone.om.address.om-service-test1.omNode-2: 127.0.0.1:46557
2023-03-29 22:46:49,134 [Listener at 127.0.0.1/42479] WARN  server.ServerUtils (ServerUtils.java:getDBPath(225)) - ozone.om.db.dirs is not configured. We recommend adding this setting. Falling back to ozone.metadata.dirs instead.
2023-03-29 22:46:49,135 [Listener at 127.0.0.1/42479] INFO  proxy.SCMBlockLocationFailoverProxyProvider (SCMBlockLocationFailoverProxyProvider.java:<init>(114)) - Created block location fail-over proxy with 1 nodes: [nodeId=scmNodeId,nodeAddress=/0.0.0.0:36843]
OM initialization succeeded.Current cluster id for sd=/home/runner/work/ozone/ozone/hadoop-ozone/integration-test/target/test-dir/MiniOzoneClusterImpl-bfbd9018-35f1-41c4-9115-0ebbd4040a15/omNode-2/om;cid=bfbd9018-35f1-41c4-9115-0ebbd4040a15;layoutVersion=3
2023-03-29 22:46:49,142 [Listener at 127.0.0.1/42479] INFO  ha.OMHANodeDetails (OMHANodeDetails.java:loadOMHAConfig(121)) - ServiceID for OzoneManager is om-service-test1
2023-03-29 22:46:49,142 [Listener at 127.0.0.1/42479] INFO  ha.OMHANodeDetails (OMHANodeDetails.java:loadOMHAConfig(201)) - Found matching OM address with OMServiceId: om-service-test1, OMNodeId: omNode-2, RPC Address: localhost:46557 and Ratis port: 39631
2023-03-29 22:46:49,142 [Listener at 127.0.0.1/42479] INFO  ha.OMHANodeDetails (ConfUtils.java:setNodeSpecificConfigs(97)) - Setting configuration key ozone.om.http-address with value of key ozone.om.http-address.om-service-test1.omNode-2: 127.0.0.1:40175
2023-03-29 22:46:49,142 [Listener at 127.0.0.1/42479] INFO  ha.OMHANodeDetails (ConfUtils.java:setNodeSpecificConfigs(97)) - Setting configuration key ozone.om.https-address with value of key ozone.om.https-address.om-service-test1.omNode-2: 127.0.0.1:41493
2023-03-29 22:46:49,142 [Listener at 127.0.0.1/42479] INFO  ha.OMHANodeDetails (ConfUtils.java:setNodeSpecificConfigs(97)) - Setting configuration key ozone.om.address with value of key ozone.om.address.om-service-test1.omNode-2: 127.0.0.1:46557
2023-03-29 22:46:49,143 [Listener at 127.0.0.1/42479] WARN  server.ServerUtils (ServerUtils.java:getDBPath(225)) - ozone.om.db.dirs is not configured. We recommend adding this setting. Falling back to ozone.metadata.dirs instead.
2023-03-29 22:46:49,144 [Listener at 127.0.0.1/42479] INFO  upgrade.AbstractLayoutVersionManager (AbstractLayoutVersionManager.java:init(83)) - Initializing Layout version manager with metadata layout = MULTITENANCY_SCHEMA (version = 3), software layout = MULTITENANCY_SCHEMA (version = 3)
2023-03-29 22:46:49,213 [Listener at 127.0.0.1/42479] INFO  reflections.Reflections (Reflections.java:scan(232)) - Reflections took 68 ms to scan 2 urls, producing 170 keys and 470 values [using 2 cores]
2023-03-29 22:46:49,214 [Listener at 127.0.0.1/42479] INFO  upgrade.OMLayoutVersionManager (OMLayoutVersionManager.java:lambda$0(115)) - Skipping Upgrade Action MockOmUpgradeAction since it has been finalized.
2023-03-29 22:46:49,214 [Listener at 127.0.0.1/42479] WARN  server.ServerUtils (ServerUtils.java:getDBPath(225)) - ozone.om.db.dirs is not configured. We recommend adding this setting. Falling back to ozone.metadata.dirs instead.
2023-03-29 22:46:49,216 [Listener at 127.0.0.1/42479] INFO  proxy.SCMBlockLocationFailoverProxyProvider (SCMBlockLocationFailoverProxyProvider.java:<init>(114)) - Created block location fail-over proxy with 1 nodes: [nodeId=scmNodeId,nodeAddress=/0.0.0.0:36843]
2023-03-29 22:46:49,218 [Listener at 127.0.0.1/42479] INFO  proxy.SCMBlockLocationFailoverProxyProvider (SCMBlockLocationFailoverProxyProvider.java:<init>(114)) - Created block location fail-over proxy with 1 nodes: [nodeId=scmNodeId,nodeAddress=/0.0.0.0:36843]
2023-03-29 22:46:49,222 [Listener at 127.0.0.1/42479] INFO  om.OzoneManager (OzoneManager.java:<init>(619)) - OM start with adminUsers: [runner]
2023-03-29 22:46:49,223 [Listener at 127.0.0.1/42479] WARN  server.ServerUtils (ServerUtils.java:getDBPath(225)) - ozone.om.db.dirs is not configured. We recommend adding this setting. Falling back to ozone.metadata.dirs instead.
2023-03-29 22:46:49,224 [Listener at 127.0.0.1/42479] INFO  codec.OmKeyInfoCodec (OmKeyInfoCodec.java:<init>(49)) - OmKeyInfoCodec ignorePipeline = true
2023-03-29 22:46:49,224 [Listener at 127.0.0.1/42479] INFO  codec.RepeatedOmKeyInfoCodec (RepeatedOmKeyInfoCodec.java:<init>(41)) - RepeatedOmKeyInfoCodec ignorePipeline = true
2023-03-29 22:46:49,436 [Listener at 127.0.0.1/42479] INFO  om.OzoneManager (OzoneManager.java:instantiateServices(749)) - S3 Multi-Tenancy is disabled
2023-03-29 22:46:49,441 [Listener at 127.0.0.1/42479] WARN  server.ServerUtils (ServerUtils.java:getDBPath(225)) - ozone.om.snapshot.diff.db.dir is not configured. We recommend adding this setting. Falling back to ozone.metadata.dirs instead.
2023-03-29 22:46:49,448 [EndpointStateMachine task thread for /0.0.0.0:38501 - 0 ] INFO  ipc.Client (Client.java:handleConnectionFailure(1010)) - Retrying connect to server: 0.0.0.0/0.0.0.0:38501. Already tried 4 time(s); retry policy is RetryUpToMaximumCountWithFixedSleep(maxRetries=15, sleepTime=1000 MILLISECONDS)
2023-03-29 22:46:49,461 [Listener at 127.0.0.1/42479] INFO  om.OzoneManager (OzoneManager.java:addS3GVolumeToDB(4223)) - Created Volume s3v With Owner runner required for S3Gateway operations.
2023-03-29 22:46:49,461 [Listener at 127.0.0.1/42479] WARN  server.ServerUtils (ServerUtils.java:getDefaultRatisDirectory(237)) - Storage directory for Ratis is not configured. It is a good idea to map this to an SSD disk. Falling back to ozone.metadata.dirs
2023-03-29 22:46:49,462 [Listener at 127.0.0.1/42479] WARN  utils.OzoneManagerRatisUtils (OzoneManagerRatisUtils.java:getOMRatisSnapshotDirectory(446)) - ozone.om.ratis.snapshot.dir is not configured. Falling back to ozone.metadata.dirs config
2023-03-29 22:46:49,462 [Listener at 127.0.0.1/42479] INFO  snapshot.OzoneManagerSnapshotProvider (OzoneManagerSnapshotProvider.java:<init>(76)) - Initializing OM Snapshot Provider
2023-03-29 22:46:49,463 [Listener at 127.0.0.1/42479] WARN  impl.MetricRegistriesImpl (MetricRegistriesImpl.java:addReporterRegistration(111)) - New reporters are added after registries were created. Some metrics will be missing from the reporter. Please add reporter before adding any new registry.
2023-03-29 22:46:49,463 [Listener at 127.0.0.1/42479] WARN  impl.MetricRegistriesImpl (MetricRegistriesImpl.java:addReporterRegistration(111)) - New reporters are added after registries were created. Some metrics will be missing from the reporter. Please add reporter before adding any new registry.
2023-03-29 22:46:49,463 [Listener at 127.0.0.1/42479] WARN  server.ServerUtils (ServerUtils.java:getDefaultRatisDirectory(237)) - Storage directory for Ratis is not configured. It is a good idea to map this to an SSD disk. Falling back to ozone.metadata.dirs
2023-03-29 22:46:49,465 [Listener at 127.0.0.1/42479] INFO  ratis.OzoneManagerRatisServer (OzoneManagerRatisServer.java:<init>(163)) - Instantiating OM Ratis server with groupID: om-service-test1 and peers: localhost:39631, localhost:46875, localhost:33317
2023-03-29 22:46:49,465 [Listener at 127.0.0.1/42479] INFO  ratis.OzoneManagerStateMachine (OzoneManagerStateMachine.java:loadSnapshotInfoFromDB(636)) - LastAppliedIndex is set from TransactionInfo from OM DB as (t:0, i:~)
2023-03-29 22:46:49,465 [Listener at 127.0.0.1/42479] INFO  server.RaftServer (ConfUtils.java:logGet(46)) - raft.rpc.type = GRPC (default)
2023-03-29 22:46:49,465 [Listener at 127.0.0.1/42479] INFO  grpc.GrpcConfigKeys (ConfUtils.java:logFallback(53)) - raft.grpc.admin.host = null (fallback to raft.grpc.server.host)
2023-03-29 22:46:49,465 [Listener at 127.0.0.1/42479] INFO  grpc.GrpcConfigKeys (ConfUtils.java:logFallback(53)) - raft.grpc.admin.port = 39631 (fallback to raft.grpc.server.port)
2023-03-29 22:46:49,466 [Listener at 127.0.0.1/42479] INFO  grpc.GrpcConfigKeys (ConfUtils.java:logFallback(53)) - raft.grpc.client.host = null (fallback to raft.grpc.server.host)
2023-03-29 22:46:49,466 [Listener at 127.0.0.1/42479] INFO  grpc.GrpcConfigKeys (ConfUtils.java:logFallback(53)) - raft.grpc.client.port = 39631 (fallback to raft.grpc.server.port)
2023-03-29 22:46:49,466 [Listener at 127.0.0.1/42479] INFO  grpc.GrpcConfigKeys (ConfUtils.java:logGet(46)) - raft.grpc.server.host = null (default)
2023-03-29 22:46:49,466 [Listener at 127.0.0.1/42479] INFO  grpc.GrpcConfigKeys (ConfUtils.java:logGet(46)) - raft.grpc.server.port = 39631 (custom)
2023-03-29 22:46:49,466 [Listener at 127.0.0.1/42479] INFO  server.GrpcService (ConfUtils.java:logGet(46)) - raft.grpc.message.size.max = 33554432 (custom)
2023-03-29 22:46:49,466 [Listener at 127.0.0.1/42479] INFO  server.RaftServerConfigKeys (ConfUtils.java:logGet(46)) - raft.server.log.appender.buffer.byte-limit = 33554432 (custom)
2023-03-29 22:46:49,466 [Listener at 127.0.0.1/42479] INFO  server.GrpcService (ConfUtils.java:logGet(46)) - raft.grpc.flow.control.window = 1MB (=1048576) (default)
2023-03-29 22:46:49,467 [Listener at 127.0.0.1/42479] INFO  server.RaftServerConfigKeys (ConfUtils.java:logGet(46)) - raft.server.rpc.request.timeout = 3000ms (default)
2023-03-29 22:46:49,467 [Listener at 127.0.0.1/42479] INFO  grpc.GrpcConfigKeys (ConfUtils.java:logGet(46)) - raft.grpc.server.heartbeat.channel = true (default)
2023-03-29 22:46:49,467 [Listener at 127.0.0.1/42479] INFO  grpc.GrpcConfigKeys (ConfUtils.java:logGet(46)) - raft.grpc.server.async.request.thread.pool.cached = true (default)
2023-03-29 22:46:49,467 [Listener at 127.0.0.1/42479] INFO  grpc.GrpcConfigKeys (ConfUtils.java:logGet(46)) - raft.grpc.server.async.request.thread.pool.size = 32 (default)
2023-03-29 22:46:49,468 [Listener at 127.0.0.1/42479] INFO  impl.DataStreamServerImpl (ConfUtils.java:logGet(46)) - raft.datastream.type = DISABLED (default)
2023-03-29 22:46:49,468 [Listener at 127.0.0.1/42479] INFO  server.RaftServerConfigKeys (ConfUtils.java:logGet(46)) - raft.server.threadpool.proxy.cached = true (default)
2023-03-29 22:46:49,468 [Listener at 127.0.0.1/42479] INFO  server.RaftServerConfigKeys (ConfUtils.java:logGet(46)) - raft.server.threadpool.proxy.size = 0 (default)
2023-03-29 22:46:49,468 [Listener at 127.0.0.1/42479] INFO  server.RaftServerConfigKeys (ConfUtils.java:logGet(46)) - raft.server.rpc.slowness.timeout = 2s (custom)
2023-03-29 22:46:49,469 [Listener at 127.0.0.1/42479] INFO  server.RaftServerConfigKeys (ConfUtils.java:logGet(46)) - raft.server.leaderelection.leader.step-down.wait-time = 10s (default)
2023-03-29 22:46:49,469 [Listener at 127.0.0.1/42479] INFO  server.RaftServerConfigKeys (ConfUtils.java:logGet(46)) - raft.server.storage.dir = [/home/runner/work/ozone/ozone/hadoop-ozone/integration-test/target/test-dir/MiniOzoneClusterImpl-bfbd9018-35f1-41c4-9115-0ebbd4040a15/omNode-2/ratis] (custom)
2023-03-29 22:46:49,469 [Listener at 127.0.0.1/42479] INFO  server.RaftServer (RaftServerProxy.java:addNew(96)) - omNode-2: addNew group-523986131536:[omNode-3|rpc:localhost:46875|priority:0|startupRole:FOLLOWER, omNode-1|rpc:localhost:33317|priority:0|startupRole:FOLLOWER, omNode-2|rpc:localhost:39631|priority:0|startupRole:FOLLOWER] returns group-523986131536:java.util.concurrent.CompletableFuture@326c66f1[Not completed]
2023-03-29 22:46:49,470 [pool-1510-thread-1] INFO  server.RaftServer$Division (RaftServerImpl.java:<init>(195)) - omNode-2: new RaftServerImpl for group-523986131536:[omNode-3|rpc:localhost:46875|priority:0|startupRole:FOLLOWER, omNode-1|rpc:localhost:33317|priority:0|startupRole:FOLLOWER, omNode-2|rpc:localhost:39631|priority:0|startupRole:FOLLOWER] with OzoneManagerStateMachine:uninitialized
2023-03-29 22:46:49,472 [Listener at 127.0.0.1/42479] INFO  om.OzoneManager (OzoneManager.java:initializeRatisServer(2096)) - OzoneManager Ratis server initialized at port 39631
2023-03-29 22:46:49,472 [pool-1510-thread-1] INFO  server.RaftServerConfigKeys (ConfUtils.java:logGet(46)) - raft.server.rpc.timeout.min = 1s (custom)
2023-03-29 22:46:49,472 [Listener at 127.0.0.1/42479] INFO  om.OzoneManager (OzoneManager.java:getRpcServer(1132)) - Creating RPC Server
2023-03-29 22:46:49,472 [pool-1510-thread-1] INFO  server.RaftServerConfigKeys (ConfUtils.java:logGet(46)) - raft.server.rpc.timeout.max = 1200ms (custom)
2023-03-29 22:46:49,472 [pool-1510-thread-1] INFO  server.RaftServerConfigKeys (ConfUtils.java:logGet(46)) - raft.server.rpc.sleep.time = 25ms (default)
2023-03-29 22:46:49,472 [pool-1510-thread-1] INFO  server.RaftServerConfigKeys (ConfUtils.java:logGet(46)) - raft.server.rpc.slowness.timeout = 2s (custom)
2023-03-29 22:46:49,472 [pool-1510-thread-1] INFO  server.RaftServerConfigKeys (ConfUtils.java:logGet(46)) - raft.server.leaderelection.leader.step-down.wait-time = 10s (default)
2023-03-29 22:46:49,472 [pool-1510-thread-1] INFO  server.RaftServerConfigKeys (ConfUtils.java:logGet(46)) - raft.server.sleep.deviation.threshold = 300ms (default)
2023-03-29 22:46:49,474 [pool-1510-thread-1] INFO  server.RaftServer$Division (ServerState.java:<init>(118)) - omNode-2@group-523986131536: ConfigurationManager, init=-1: peers:[omNode-3|rpc:localhost:46875|priority:0|startupRole:FOLLOWER, omNode-1|rpc:localhost:33317|priority:0|startupRole:FOLLOWER, omNode-2|rpc:localhost:39631|priority:0|startupRole:FOLLOWER]|listeners:[], old=null, confs=<EMPTY_MAP>
2023-03-29 22:46:49,474 [pool-1510-thread-1] INFO  server.RaftServerConfigKeys (ConfUtils.java:logGet(46)) - raft.server.storage.dir = [/home/runner/work/ozone/ozone/hadoop-ozone/integration-test/target/test-dir/MiniOzoneClusterImpl-bfbd9018-35f1-41c4-9115-0ebbd4040a15/omNode-2/ratis] (custom)
2023-03-29 22:46:49,474 [pool-1510-thread-1] INFO  server.RaftServerConfigKeys (ConfUtils.java:logGet(46)) - raft.server.log.corruption.policy = EXCEPTION (default)
2023-03-29 22:46:49,474 [pool-1510-thread-1] INFO  server.RaftServerConfigKeys (ConfUtils.java:logGet(46)) - raft.server.storage.free-space.min = 0MB (=0) (default)
2023-03-29 22:46:49,474 [pool-1510-thread-1] INFO  server.RaftServerConfigKeys (ConfUtils.java:logGet(46)) - raft.server.notification.no-leader.timeout = 2s (custom)
2023-03-29 22:46:49,474 [pool-1510-thread-1] INFO  server.RaftServerConfigKeys (ConfUtils.java:logGet(46)) - raft.server.retrycache.expirytime = 300s (custom)
2023-03-29 22:46:49,474 [pool-1510-thread-1] INFO  server.RaftServerConfigKeys (ConfUtils.java:logGet(46)) - raft.server.retrycache.statistics.expirytime = 100μs (default)
2023-03-29 22:46:49,476 [pool-1510-thread-1] INFO  server.RaftServerConfigKeys (ConfUtils.java:logGet(46)) - raft.server.log.appender.install.snapshot.enabled = false (custom)
2023-03-29 22:46:49,476 [pool-1510-thread-1] INFO  server.RaftServerConfigKeys (ConfUtils.java:logGet(46)) - raft.server.threadpool.server.cached = true (default)
2023-03-29 22:46:49,476 [pool-1510-thread-1] INFO  server.RaftServerConfigKeys (ConfUtils.java:logGet(46)) - raft.server.threadpool.server.size = 0 (default)
2023-03-29 22:46:49,476 [pool-1510-thread-1] INFO  server.RaftServerConfigKeys (ConfUtils.java:logGet(46)) - raft.server.threadpool.client.cached = true (default)
2023-03-29 22:46:49,477 [pool-1510-thread-1] INFO  server.RaftServerConfigKeys (ConfUtils.java:logGet(46)) - raft.server.threadpool.client.size = 0 (default)
2023-03-29 22:46:49,888 [Listener at 127.0.0.1/42479] INFO  reflections.Reflections (Reflections.java:scan(232)) - Reflections took 415 ms to scan 19 urls, producing 68 keys and 4993 values [using 2 cores]
2023-03-29 22:46:49,889 [Listener at 127.0.0.1/42479] INFO  ipc.CallQueueManager (CallQueueManager.java:<init>(90)) - Using callQueue: class java.util.concurrent.LinkedBlockingQueue, queueCapacity: 2000, scheduler: class org.apache.hadoop.ipc.DefaultRpcScheduler, ipcBackoff: false.
2023-03-29 22:46:49,891 [Socket Reader #1 for port 46557] INFO  ipc.Server (Server.java:run(1273)) - Starting Socket Reader #1 for port 46557
2023-03-29 22:46:49,911 [Listener at 127.0.0.1/46557] INFO  impl.MetricsSystemImpl (MetricsSystemImpl.java:init(158)) - OzoneManager metrics system started (again)
2023-03-29 22:46:49,921 [Listener at 127.0.0.1/46557] INFO  om.OzoneManager (OzoneManager.java:start(1553)) - OzoneManager RPC server is listening at localhost/127.0.0.1:46557
2023-03-29 22:46:49,922 [Listener at 127.0.0.1/46557] INFO  ratis.OzoneManagerRatisServer (OzoneManagerRatisServer.java:start(558)) - Starting OzoneManagerRatisServer omNode-2 at port 39631
2023-03-29 22:46:49,922 [omNode-2-impl-thread1] INFO  storage.RaftStorageDirectory (RaftStorageDirectoryImpl.java:analyzeStorage(137)) - The storage directory /home/runner/work/ozone/ozone/hadoop-ozone/integration-test/target/test-dir/MiniOzoneClusterImpl-bfbd9018-35f1-41c4-9115-0ebbd4040a15/omNode-2/ratis/c9bc4cf4-3bc3-3c60-a66b-523986131536 does not exist. Creating ...
2023-03-29 22:46:49,924 [omNode-2-impl-thread1] INFO  storage.RaftStorageDirectory (RaftStorageDirectoryImpl.java:tryLock(231)) - Lock on /home/runner/work/ozone/ozone/hadoop-ozone/integration-test/target/test-dir/MiniOzoneClusterImpl-bfbd9018-35f1-41c4-9115-0ebbd4040a15/omNode-2/ratis/c9bc4cf4-3bc3-3c60-a66b-523986131536/in_use.lock acquired by nodename 4032@fv-az377-460
2023-03-29 22:46:49,926 [omNode-2-impl-thread1] INFO  storage.RaftStorage (RaftStorageImpl.java:format(96)) - Storage directory /home/runner/work/ozone/ozone/hadoop-ozone/integration-test/target/test-dir/MiniOzoneClusterImpl-bfbd9018-35f1-41c4-9115-0ebbd4040a15/omNode-2/ratis/c9bc4cf4-3bc3-3c60-a66b-523986131536 has been successfully formatted.
2023-03-29 22:46:49,926 [omNode-2-impl-thread1] INFO  server.RaftServerConfigKeys (ConfUtils.java:logGet(46)) - raft.server.log.use.memory = false (default)
2023-03-29 22:46:49,926 [omNode-2-impl-thread1] INFO  server.RaftServerConfigKeys (ConfUtils.java:logGet(46)) - raft.server.log.purge.gap = 1000000 (custom)
2023-03-29 22:46:49,926 [omNode-2-impl-thread1] INFO  server.RaftServerConfigKeys (ConfUtils.java:logGet(46)) - raft.server.log.appender.buffer.byte-limit = 33554432 (custom)
2023-03-29 22:46:49,927 [omNode-2-impl-thread1] INFO  server.RaftServerConfigKeys (ConfUtils.java:logGet(46)) - raft.server.log.statemachine.data.read.timeout = 1000ms (default)
2023-03-29 22:46:49,927 [omNode-2-impl-thread1] INFO  server.RaftServerConfigKeys (ConfUtils.java:logGet(46)) - raft.server.log.purge.preservation.log.num = 0 (default)
2023-03-29 22:46:49,927 [omNode-2-impl-thread1] INFO  server.RaftServerConfigKeys (ConfUtils.java:logGet(46)) - raft.server.log.segment.size.max = 4194304 (custom)
2023-03-29 22:46:49,927 [omNode-2-impl-thread1] INFO  server.RaftServerConfigKeys (ConfUtils.java:logGet(46)) - raft.server.log.segment.cache.num.max = 2 (custom)
2023-03-29 22:46:49,927 [omNode-2-impl-thread1] INFO  server.RaftServerConfigKeys (ConfUtils.java:logGet(46)) - raft.server.log.segment.cache.size.max = 200MB (=209715200) (default)
2023-03-29 22:46:49,927 [omNode-2-impl-thread1] INFO  segmented.SegmentedRaftLogWorker (SegmentedRaftLogWorker.java:<init>(189)) - new omNode-2@group-523986131536-SegmentedRaftLogWorker for RaftStorageImpl:Storage Directory /home/runner/work/ozone/ozone/hadoop-ozone/integration-test/target/test-dir/MiniOzoneClusterImpl-bfbd9018-35f1-41c4-9115-0ebbd4040a15/omNode-2/ratis/c9bc4cf4-3bc3-3c60-a66b-523986131536
2023-03-29 22:46:49,927 [omNode-2-impl-thread1] INFO  server.RaftServerConfigKeys (ConfUtils.java:logGet(46)) - raft.server.log.queue.byte-limit = 64MB (=67108864) (default)
2023-03-29 22:46:49,927 [omNode-2-impl-thread1] INFO  server.RaftServerConfigKeys (ConfUtils.java:logGet(46)) - raft.server.log.queue.element-limit = 4096 (default)
2023-03-29 22:46:49,927 [omNode-2-impl-thread1] INFO  server.RaftServerConfigKeys (ConfUtils.java:logGet(46)) - raft.server.log.segment.size.max = 4194304 (custom)
2023-03-29 22:46:49,927 [omNode-2-impl-thread1] INFO  server.RaftServerConfigKeys (ConfUtils.java:logGet(46)) - raft.server.log.preallocated.size = 4194304 (custom)
2023-03-29 22:46:49,927 [omNode-2-impl-thread1] INFO  server.RaftServerConfigKeys (ConfUtils.java:logGet(46)) - raft.server.log.force.sync.num = 128 (default)
2023-03-29 22:46:49,927 [omNode-2-impl-thread1] INFO  server.RaftServerConfigKeys (ConfUtils.java:logGet(46)) - raft.server.log.statemachine.data.sync = true (default)
2023-03-29 22:46:49,927 [omNode-2-impl-thread1] INFO  server.RaftServerConfigKeys (ConfUtils.java:logGet(46)) - raft.server.log.statemachine.data.sync.timeout = 10s (default)
2023-03-29 22:46:49,927 [omNode-2-impl-thread1] INFO  server.RaftServerConfigKeys (ConfUtils.java:logGet(46)) - raft.server.log.statemachine.data.sync.timeout.retry = -1 (default)
2023-03-29 22:46:49,927 [omNode-2-impl-thread1] INFO  server.RaftServerConfigKeys (ConfUtils.java:logGet(46)) - raft.server.log.write.buffer.size = 64KB (=65536) (default)
2023-03-29 22:46:49,928 [omNode-2-impl-thread1] INFO  server.RaftServerConfigKeys (ConfUtils.java:logGet(46)) - raft.server.log.appender.buffer.byte-limit = 33554432 (custom)
2023-03-29 22:46:49,933 [omNode-2-impl-thread1] INFO  server.RaftServerConfigKeys (ConfUtils.java:logGet(46)) - raft.server.log.unsafe-flush.enabled = false (default)
2023-03-29 22:46:49,933 [omNode-2-impl-thread1] INFO  server.RaftServerConfigKeys (ConfUtils.java:logGet(46)) - raft.server.log.async-flush.enabled = false (default)
2023-03-29 22:46:49,933 [omNode-2-impl-thread1] INFO  server.RaftServerConfigKeys (ConfUtils.java:logGet(46)) - raft.server.log.statemachine.data.caching.enabled = false (default)
2023-03-29 22:46:49,933 [omNode-2-impl-thread1] INFO  segmented.SegmentedRaftLogWorker (SegmentedRaftLogWorker.java:lambda$new$0(135)) - omNode-2@group-523986131536-SegmentedRaftLogWorker: flushIndex: setUnconditionally 0 -> -1
2023-03-29 22:46:49,933 [omNode-2-impl-thread1] INFO  segmented.SegmentedRaftLogWorker (SegmentedRaftLogWorker.java:lambda$new$0(135)) - omNode-2@group-523986131536-SegmentedRaftLogWorker: safeCacheEvictIndex: setUnconditionally 0 -> -1
2023-03-29 22:46:49,934 [omNode-2-impl-thread1] INFO  server.RaftServer$Division (RaftServerImpl.java:start(334)) - omNode-2@group-523986131536: start as a follower, conf=-1: peers:[omNode-3|rpc:localhost:46875|priority:0|startupRole:FOLLOWER, omNode-1|rpc:localhost:33317|priority:0|startupRole:FOLLOWER, omNode-2|rpc:localhost:39631|priority:0|startupRole:FOLLOWER]|listeners:[], old=null
2023-03-29 22:46:49,934 [omNode-2-impl-thread1] INFO  server.RaftServer$Division (RaftServerImpl.java:setRole(321)) - omNode-2@group-523986131536: changes role from      null to FOLLOWER at term 0 for startAsFollower
2023-03-29 22:46:49,934 [omNode-2-impl-thread1] INFO  impl.RoleInfo (RoleInfo.java:updateAndGet(139)) - omNode-2: start omNode-2@group-523986131536-FollowerState
2023-03-29 22:46:49,936 [omNode-2-impl-thread1] INFO  util.JmxRegister (JmxRegister.java:tryRegister(44)) - Successfully registered JMX Bean with object name Ratis:service=RaftServer,group=group-523986131536,id=omNode-2
2023-03-29 22:46:49,936 [omNode-2-impl-thread1] INFO  server.RaftServerConfigKeys (ConfUtils.java:logGet(46)) - raft.server.snapshot.auto.trigger.enabled = true (custom)
2023-03-29 22:46:49,936 [omNode-2-impl-thread1] INFO  server.RaftServerConfigKeys (ConfUtils.java:logGet(46)) - raft.server.snapshot.auto.trigger.threshold = 400000 (default)
2023-03-29 22:46:49,936 [omNode-2-impl-thread1] INFO  server.RaftServerConfigKeys (ConfUtils.java:logGet(46)) - raft.server.snapshot.retention.file.num = -1 (default)
2023-03-29 22:46:49,936 [omNode-2-impl-thread1] INFO  server.RaftServerConfigKeys (ConfUtils.java:logGet(46)) - raft.server.log.purge.upto.snapshot.index = true (custom)
2023-03-29 22:46:49,937 [Listener at 127.0.0.1/46557] INFO  server.RaftServer (RaftServerProxy.java:startImpl(393)) - omNode-2: start RPC server
2023-03-29 22:46:49,939 [Listener at 127.0.0.1/46557] INFO  server.GrpcService (GrpcService.java:startImpl(262)) - omNode-2: GrpcService started, listening on 39631
2023-03-29 22:46:49,939 [Listener at 127.0.0.1/46557] INFO  om.OzoneManager (OzoneManager.java:start(1569)) - Version File has different layout version (3) than OM DB (null). That is expected if this OM has never been finalized to a newer layout version.
2023-03-29 22:46:49,940 [JvmPauseMonitor13] INFO  util.JvmPauseMonitor (JvmPauseMonitor.java:run(105)) - JvmPauseMonitor-omNode-2: Started
2023-03-29 22:46:49,940 [omNode-2@group-523986131536-FollowerState] INFO  server.RaftServerConfigKeys (ConfUtils.java:logFallback(53)) - raft.server.rpc.first-election.timeout.min = 1s (fallback to raft.server.rpc.timeout.min)
2023-03-29 22:46:49,940 [omNode-2@group-523986131536-FollowerState] INFO  server.RaftServerConfigKeys (ConfUtils.java:logFallback(53)) - raft.server.rpc.first-election.timeout.max = 1200ms (fallback to raft.server.rpc.timeout.max)
2023-03-29 22:46:49,947 [Listener at 127.0.0.1/46557] INFO  http.BaseHttpServer (BaseHttpServer.java:newHttpServer2BuilderForOzone(224)) - Starting Web-server for ozoneManager at: http://0.0.0.0:40175
2023-03-29 22:46:49,948 [Listener at 127.0.0.1/46557] INFO  http.BaseHttpServer (BaseHttpServer.java:<init>(111)) - Hadoop Security Enabled: false Ozone Security Enabled: false Ozone HTTP Security Enabled: false 
2023-03-29 22:46:49,949 [Listener at 127.0.0.1/46557] WARN  server.AuthenticationFilter (AuthenticationFilter.java:constructSecretProvider(240)) - Unable to initialize FileSignerSecretProvider, falling back to use random secrets. Reason: Could not read signature secret file: /home/runner/hadoop-http-auth-signature-secret
2023-03-29 22:46:49,951 [Listener at 127.0.0.1/46557] WARN  http.HttpRequestLog (HttpRequestLog.java:getRequestLog(103)) - Jetty request log can only be enabled using Log4j
2023-03-29 22:46:49,953 [Listener at 127.0.0.1/46557] INFO  http.HttpServer2 (HttpServer2.java:addGlobalFilter(1031)) - Added global filter 'safety' (class=org.apache.hadoop.hdds.server.http.HttpServer2$QuotingInputFilter)
2023-03-29 22:46:49,954 [Listener at 127.0.0.1/46557] INFO  http.HttpServer2 (HttpServer2.java:addFilter(1007)) - Added filter static_user_filter (class=org.apache.hadoop.http.lib.StaticUserWebFilter$StaticUserFilter) to context ozoneManager
2023-03-29 22:46:49,954 [Listener at 127.0.0.1/46557] INFO  http.HttpServer2 (HttpServer2.java:addFilter(1015)) - Added filter static_user_filter (class=org.apache.hadoop.http.lib.StaticUserWebFilter$StaticUserFilter) to context logs
2023-03-29 22:46:49,954 [Listener at 127.0.0.1/46557] INFO  http.HttpServer2 (HttpServer2.java:addFilter(1015)) - Added filter static_user_filter (class=org.apache.hadoop.http.lib.StaticUserWebFilter$StaticUserFilter) to context static
2023-03-29 22:46:49,955 [Listener at 127.0.0.1/46557] INFO  http.BaseHttpServer (BaseHttpServer.java:<init>(190)) - HTTP server of ozoneManager uses base directory /home/runner/work/ozone/ozone/hadoop-ozone/integration-test/target/test-dir/MiniOzoneClusterImpl-bfbd9018-35f1-41c4-9115-0ebbd4040a15/omNode-2/webserver
2023-03-29 22:46:49,955 [Listener at 127.0.0.1/46557] INFO  http.HttpServer2 (HttpServer2.java:bindListener(1250)) - Jetty bound to port 40175
2023-03-29 22:46:49,955 [Listener at 127.0.0.1/46557] INFO  server.Server (Server.java:doStart(375)) - jetty-9.4.49.v20220914; built: 2022-09-14T01:07:36.601Z; git: 4231a3b2e4cb8548a412a789936d640a97b1aa0a; jvm 1.8.0_362-b09
2023-03-29 22:46:49,957 [Listener at 127.0.0.1/46557] INFO  server.session (DefaultSessionIdManager.java:doStart(334)) - DefaultSessionIdManager workerName=node0
2023-03-29 22:46:49,957 [Listener at 127.0.0.1/46557] INFO  server.session (DefaultSessionIdManager.java:doStart(339)) - No SessionScavenger set, using defaults
2023-03-29 22:46:49,957 [Listener at 127.0.0.1/46557] INFO  server.session (HouseKeeper.java:startScavenging(132)) - node0 Scavenging every 600000ms
2023-03-29 22:46:49,958 [Listener at 127.0.0.1/46557] INFO  handler.ContextHandler (ContextHandler.java:doStart(921)) - Started o.e.j.s.ServletContextHandler@37d5b78d{logs,/logs,file:///home/runner/work/ozone/ozone/hadoop-ozone/integration-test/target/log,AVAILABLE}
2023-03-29 22:46:49,958 [Listener at 127.0.0.1/46557] INFO  handler.ContextHandler (ContextHandler.java:doStart(921)) - Started o.e.j.s.ServletContextHandler@64798aa7{static,/static,file:///home/runner/work/ozone/ozone/hadoop-ozone/integration-test/target/test-classes/webapps/static,AVAILABLE}
2023-03-29 22:46:49,961 [Listener at 127.0.0.1/46557] INFO  handler.ContextHandler (ContextHandler.java:doStart(921)) - Started o.e.j.w.WebAppContext@20a0dbfa{ozoneManager,/,file:///home/runner/work/ozone/ozone/hadoop-ozone/integration-test/target/test-classes/webapps/ozoneManager/,AVAILABLE}{file:/home/runner/work/ozone/ozone/hadoop-ozone/integration-test/target/test-classes/webapps/ozoneManager}
2023-03-29 22:46:49,964 [Listener at 127.0.0.1/46557] INFO  server.AbstractConnector (AbstractConnector.java:doStart(333)) - Started ServerConnector@5bd1d1e3{HTTP/1.1, (http/1.1)}{0.0.0.0:40175}
2023-03-29 22:46:49,964 [Listener at 127.0.0.1/46557] INFO  server.Server (Server.java:doStart(415)) - Started @141600ms
2023-03-29 22:46:49,964 [Listener at 127.0.0.1/46557] WARN  impl.MetricsSystemImpl (MetricsSystemImpl.java:register(279)) - Sink prometheus already exists!
2023-03-29 22:46:49,964 [Listener at 127.0.0.1/46557] INFO  http.BaseHttpServer (BaseHttpServer.java:updateConnectorAddress(344)) - HTTP server of ozoneManager listening at http://0.0.0.0:40175
2023-03-29 22:46:49,965 [IPC Server Responder] INFO  ipc.Server (Server.java:run(1512)) - IPC Server Responder: starting
2023-03-29 22:46:49,965 [IPC Server listener on 46557] INFO  ipc.Server (Server.java:run(1352)) - IPC Server listener on 46557: starting
2023-03-29 22:46:49,967 [Listener at 127.0.0.1/46557] INFO  om.OzoneManager (OzoneManager.java:startTrashEmptier(2040)) - Trash Interval set to 0. Files deleted won't move to trash
2023-03-29 22:46:49,969 [Listener at 127.0.0.1/46557] INFO  ozone.MiniOzoneHAClusterImpl (MiniOzoneHAClusterImpl.java:createOMService(527)) - Started OzoneManager omNode-2 RPC server at localhost/127.0.0.1:46557
2023-03-29 22:46:49,970 [Listener at 127.0.0.1/46557] INFO  ha.OMHANodeDetails (OMHANodeDetails.java:loadOMHAConfig(121)) - ServiceID for OzoneManager is om-service-test1
2023-03-29 22:46:49,970 [Listener at 127.0.0.1/46557] INFO  ha.OMHANodeDetails (OMHANodeDetails.java:loadOMHAConfig(201)) - Found matching OM address with OMServiceId: om-service-test1, OMNodeId: omNode-3, RPC Address: localhost:35627 and Ratis port: 46875
2023-03-29 22:46:49,970 [Listener at 127.0.0.1/46557] INFO  ha.OMHANodeDetails (ConfUtils.java:setNodeSpecificConfigs(97)) - Setting configuration key ozone.om.http-address with value of key ozone.om.http-address.om-service-test1.omNode-3: 127.0.0.1:34467
2023-03-29 22:46:49,970 [Listener at 127.0.0.1/46557] INFO  ha.OMHANodeDetails (ConfUtils.java:setNodeSpecificConfigs(97)) - Setting configuration key ozone.om.https-address with value of key ozone.om.https-address.om-service-test1.omNode-3: 127.0.0.1:40265
2023-03-29 22:46:49,970 [Listener at 127.0.0.1/46557] INFO  ha.OMHANodeDetails (ConfUtils.java:setNodeSpecificConfigs(97)) - Setting configuration key ozone.om.address with value of key ozone.om.address.om-service-test1.omNode-3: 127.0.0.1:35627
2023-03-29 22:46:49,970 [Listener at 127.0.0.1/46557] WARN  server.ServerUtils (ServerUtils.java:getDBPath(225)) - ozone.om.db.dirs is not configured. We recommend adding this setting. Falling back to ozone.metadata.dirs instead.
2023-03-29 22:46:49,971 [Listener at 127.0.0.1/46557] INFO  proxy.SCMBlockLocationFailoverProxyProvider (SCMBlockLocationFailoverProxyProvider.java:<init>(114)) - Created block location fail-over proxy with 1 nodes: [nodeId=scmNodeId,nodeAddress=/0.0.0.0:36843]
2023-03-29 22:46:49,972 [org.apache.hadoop.util.JvmPauseMonitor$Monitor@15ab8f31] INFO  util.JvmPauseMonitor (JvmPauseMonitor.java:run(188)) - Starting JVM pause monitor
OM initialization succeeded.Current cluster id for sd=/home/runner/work/ozone/ozone/hadoop-ozone/integration-test/target/test-dir/MiniOzoneClusterImpl-bfbd9018-35f1-41c4-9115-0ebbd4040a15/omNode-3/om;cid=bfbd9018-35f1-41c4-9115-0ebbd4040a15;layoutVersion=3
2023-03-29 22:46:49,978 [Listener at 127.0.0.1/46557] INFO  ha.OMHANodeDetails (OMHANodeDetails.java:loadOMHAConfig(121)) - ServiceID for OzoneManager is om-service-test1
2023-03-29 22:46:49,979 [Listener at 127.0.0.1/46557] INFO  ha.OMHANodeDetails (OMHANodeDetails.java:loadOMHAConfig(201)) - Found matching OM address with OMServiceId: om-service-test1, OMNodeId: omNode-3, RPC Address: localhost:35627 and Ratis port: 46875
2023-03-29 22:46:49,979 [Listener at 127.0.0.1/46557] INFO  ha.OMHANodeDetails (ConfUtils.java:setNodeSpecificConfigs(97)) - Setting configuration key ozone.om.http-address with value of key ozone.om.http-address.om-service-test1.omNode-3: 127.0.0.1:34467
2023-03-29 22:46:49,979 [Listener at 127.0.0.1/46557] INFO  ha.OMHANodeDetails (ConfUtils.java:setNodeSpecificConfigs(97)) - Setting configuration key ozone.om.https-address with value of key ozone.om.https-address.om-service-test1.omNode-3: 127.0.0.1:40265
2023-03-29 22:46:49,979 [Listener at 127.0.0.1/46557] INFO  ha.OMHANodeDetails (ConfUtils.java:setNodeSpecificConfigs(97)) - Setting configuration key ozone.om.address with value of key ozone.om.address.om-service-test1.omNode-3: 127.0.0.1:35627
2023-03-29 22:46:49,979 [Listener at 127.0.0.1/46557] WARN  server.ServerUtils (ServerUtils.java:getDBPath(225)) - ozone.om.db.dirs is not configured. We recommend adding this setting. Falling back to ozone.metadata.dirs instead.
2023-03-29 22:46:49,980 [Listener at 127.0.0.1/46557] INFO  upgrade.AbstractLayoutVersionManager (AbstractLayoutVersionManager.java:init(83)) - Initializing Layout version manager with metadata layout = MULTITENANCY_SCHEMA (version = 3), software layout = MULTITENANCY_SCHEMA (version = 3)
2023-03-29 22:46:50,050 [Listener at 127.0.0.1/46557] INFO  reflections.Reflections (Reflections.java:scan(232)) - Reflections took 69 ms to scan 2 urls, producing 170 keys and 470 values [using 2 cores]
2023-03-29 22:46:50,051 [Listener at 127.0.0.1/46557] INFO  upgrade.OMLayoutVersionManager (OMLayoutVersionManager.java:lambda$0(115)) - Skipping Upgrade Action MockOmUpgradeAction since it has been finalized.
2023-03-29 22:46:50,051 [Listener at 127.0.0.1/46557] WARN  server.ServerUtils (ServerUtils.java:getDBPath(225)) - ozone.om.db.dirs is not configured. We recommend adding this setting. Falling back to ozone.metadata.dirs instead.
2023-03-29 22:46:50,051 [Listener at 127.0.0.1/46557] INFO  proxy.SCMBlockLocationFailoverProxyProvider (SCMBlockLocationFailoverProxyProvider.java:<init>(114)) - Created block location fail-over proxy with 1 nodes: [nodeId=scmNodeId,nodeAddress=/0.0.0.0:36843]
2023-03-29 22:46:50,053 [Listener at 127.0.0.1/46557] INFO  proxy.SCMBlockLocationFailoverProxyProvider (SCMBlockLocationFailoverProxyProvider.java:<init>(114)) - Created block location fail-over proxy with 1 nodes: [nodeId=scmNodeId,nodeAddress=/0.0.0.0:36843]
2023-03-29 22:46:50,065 [Listener at 127.0.0.1/46557] INFO  om.OzoneManager (OzoneManager.java:<init>(619)) - OM start with adminUsers: [runner]
2023-03-29 22:46:50,066 [Listener at 127.0.0.1/46557] WARN  server.ServerUtils (ServerUtils.java:getDBPath(225)) - ozone.om.db.dirs is not configured. We recommend adding this setting. Falling back to ozone.metadata.dirs instead.
2023-03-29 22:46:50,067 [Listener at 127.0.0.1/46557] INFO  codec.OmKeyInfoCodec (OmKeyInfoCodec.java:<init>(49)) - OmKeyInfoCodec ignorePipeline = true
2023-03-29 22:46:50,067 [Listener at 127.0.0.1/46557] INFO  codec.RepeatedOmKeyInfoCodec (RepeatedOmKeyInfoCodec.java:<init>(41)) - RepeatedOmKeyInfoCodec ignorePipeline = true
2023-03-29 22:46:50,257 [omNode-1@group-523986131536-FollowerState] INFO  impl.FollowerState (FollowerState.java:run(143)) - omNode-1@group-523986131536-FollowerState: change to CANDIDATE, lastRpcElapsedTime:1166674666ns, electionTimeout:1166ms
2023-03-29 22:46:50,257 [omNode-1@group-523986131536-FollowerState] INFO  impl.RoleInfo (RoleInfo.java:shutdownFollowerState(110)) - omNode-1: shutdown omNode-1@group-523986131536-FollowerState
2023-03-29 22:46:50,257 [omNode-1@group-523986131536-FollowerState] INFO  server.RaftServer$Division (RaftServerImpl.java:setRole(321)) - omNode-1@group-523986131536: changes role from  FOLLOWER to CANDIDATE at term 0 for changeToCandidate
2023-03-29 22:46:50,257 [omNode-1@group-523986131536-FollowerState] INFO  server.RaftServerConfigKeys (ConfUtils.java:logGet(46)) - raft.server.leaderelection.pre-vote = true (default)
2023-03-29 22:46:50,257 [omNode-1@group-523986131536-FollowerState] INFO  impl.RoleInfo (RoleInfo.java:updateAndGet(139)) - omNode-1: start omNode-1@group-523986131536-LeaderElection15
2023-03-29 22:46:50,267 [omNode-1@group-523986131536-LeaderElection15] INFO  impl.LeaderElection (LeaderElection.java:askForVotes(312)) - omNode-1@group-523986131536-LeaderElection15 PRE_VOTE round 0: submit vote requests at term 0 for -1: peers:[omNode-3|rpc:localhost:46875|priority:0|startupRole:FOLLOWER, omNode-1|rpc:localhost:33317|priority:0|startupRole:FOLLOWER, omNode-2|rpc:localhost:39631|priority:0|startupRole:FOLLOWER]|listeners:[], old=null
2023-03-29 22:46:50,267 [omNode-1@group-523986131536-LeaderElection15-1] INFO  server.GrpcServerProtocolClient (GrpcServerProtocolClient.java:<init>(63)) - Build channel for omNode-3
2023-03-29 22:46:50,278 [omNode-1@group-523986131536-LeaderElection15] INFO  server.RaftServerConfigKeys (ConfUtils.java:logFallback(53)) - raft.server.rpc.first-election.timeout.min = 1s (fallback to raft.server.rpc.timeout.min)
2023-03-29 22:46:50,278 [omNode-1@group-523986131536-LeaderElection15] INFO  server.RaftServerConfigKeys (ConfUtils.java:logFallback(53)) - raft.server.rpc.first-election.timeout.max = 1200ms (fallback to raft.server.rpc.timeout.max)
2023-03-29 22:46:50,278 [omNode-1@group-523986131536-LeaderElection15-2] INFO  server.GrpcServerProtocolClient (GrpcServerProtocolClient.java:<init>(63)) - Build channel for omNode-2
2023-03-29 22:46:50,295 [omNode-1@group-523986131536-LeaderElection15] INFO  impl.LeaderElection (LogUtils.java:infoOrTrace(137)) - omNode-1@group-523986131536-LeaderElection15 got exception when requesting votes: java.util.concurrent.ExecutionException: org.apache.ratis.thirdparty.io.grpc.StatusRuntimeException: UNAVAILABLE: io exception
2023-03-29 22:46:50,305 [Listener at 127.0.0.1/46557] INFO  om.OzoneManager (OzoneManager.java:instantiateServices(749)) - S3 Multi-Tenancy is disabled
2023-03-29 22:46:50,305 [Listener at 127.0.0.1/46557] WARN  server.ServerUtils (ServerUtils.java:getDBPath(225)) - ozone.om.snapshot.diff.db.dir is not configured. We recommend adding this setting. Falling back to ozone.metadata.dirs instead.
2023-03-29 22:46:50,306 [grpc-default-executor-1] INFO  server.RaftServer$Division (RaftServerImpl.java:requestVote(1218)) - omNode-2@group-523986131536: receive requestVote(PRE_VOTE, omNode-1, group-523986131536, 0, (t:0, i:~))
2023-03-29 22:46:50,306 [grpc-default-executor-1] INFO  impl.VoteContext (VoteContext.java:log(49)) - omNode-2@group-523986131536-FOLLOWER: accept PRE_VOTE from omNode-1: our priority 0 <= candidate's priority 0
2023-03-29 22:46:50,306 [grpc-default-executor-1] INFO  server.RaftServer$Division (RaftServerImpl.java:requestVote(1251)) - omNode-2@group-523986131536 replies to PRE_VOTE vote request: omNode-1<-omNode-2#0:OK-t0. Peer's state: omNode-2@group-523986131536:t0, leader=null, voted=, raftlog=Memoized:omNode-2@group-523986131536-SegmentedRaftLog:OPENED:c-1, conf=-1: peers:[omNode-3|rpc:localhost:46875|priority:0|startupRole:FOLLOWER, omNode-1|rpc:localhost:33317|priority:0|startupRole:FOLLOWER, omNode-2|rpc:localhost:39631|priority:0|startupRole:FOLLOWER]|listeners:[], old=null
2023-03-29 22:46:50,312 [omNode-1@group-523986131536-LeaderElection15] INFO  impl.LeaderElection (LeaderElection.java:logAndReturn(90)) - omNode-1@group-523986131536-LeaderElection15: PRE_VOTE PASSED received 1 response(s) and 1 exception(s):
2023-03-29 22:46:50,312 [omNode-1@group-523986131536-LeaderElection15] INFO  impl.LeaderElection (LeaderElection.java:logAndReturn(94)) -   Response 0: omNode-1<-omNode-2#0:OK-t0
2023-03-29 22:46:50,312 [omNode-1@group-523986131536-LeaderElection15] INFO  impl.LeaderElection (LogUtils.java:infoOrTrace(137)) -   Exception 1: java.util.concurrent.ExecutionException: org.apache.ratis.thirdparty.io.grpc.StatusRuntimeException: UNAVAILABLE: io exception
2023-03-29 22:46:50,312 [omNode-1@group-523986131536-LeaderElection15] INFO  impl.LeaderElection (LeaderElection.java:askForVotes(314)) - omNode-1@group-523986131536-LeaderElection15 PRE_VOTE round 0: result PASSED
2023-03-29 22:46:50,314 [omNode-1@group-523986131536-LeaderElection15] INFO  impl.LeaderElection (LeaderElection.java:askForVotes(312)) - omNode-1@group-523986131536-LeaderElection15 ELECTION round 0: submit vote requests at term 1 for -1: peers:[omNode-3|rpc:localhost:46875|priority:0|startupRole:FOLLOWER, omNode-1|rpc:localhost:33317|priority:0|startupRole:FOLLOWER, omNode-2|rpc:localhost:39631|priority:0|startupRole:FOLLOWER]|listeners:[], old=null
2023-03-29 22:46:50,320 [omNode-1@group-523986131536-LeaderElection15] INFO  server.RaftServerConfigKeys (ConfUtils.java:logFallback(53)) - raft.server.rpc.first-election.timeout.min = 1s (fallback to raft.server.rpc.timeout.min)
2023-03-29 22:46:50,320 [omNode-1@group-523986131536-LeaderElection15] INFO  server.RaftServerConfigKeys (ConfUtils.java:logFallback(53)) - raft.server.rpc.first-election.timeout.max = 1200ms (fallback to raft.server.rpc.timeout.max)
2023-03-29 22:46:50,320 [omNode-1@group-523986131536-LeaderElection15] INFO  impl.LeaderElection (LogUtils.java:infoOrTrace(137)) - omNode-1@group-523986131536-LeaderElection15 got exception when requesting votes: java.util.concurrent.ExecutionException: org.apache.ratis.thirdparty.io.grpc.StatusRuntimeException: UNAVAILABLE: io exception
2023-03-29 22:46:50,321 [grpc-default-executor-1] INFO  server.RaftServer$Division (RaftServerImpl.java:requestVote(1218)) - omNode-2@group-523986131536: receive requestVote(ELECTION, omNode-1, group-523986131536, 1, (t:0, i:~))
2023-03-29 22:46:50,321 [grpc-default-executor-1] INFO  impl.VoteContext (VoteContext.java:log(49)) - omNode-2@group-523986131536-FOLLOWER: accept ELECTION from omNode-1: our priority 0 <= candidate's priority 0
2023-03-29 22:46:50,321 [grpc-default-executor-1] INFO  server.RaftServer$Division (RaftServerImpl.java:setRole(321)) - omNode-2@group-523986131536: changes role from  FOLLOWER to FOLLOWER at term 1 for candidate:omNode-1
2023-03-29 22:46:50,321 [grpc-default-executor-1] INFO  impl.RoleInfo (RoleInfo.java:shutdownFollowerState(110)) - omNode-2: shutdown omNode-2@group-523986131536-FollowerState
2023-03-29 22:46:50,321 [grpc-default-executor-1] INFO  impl.RoleInfo (RoleInfo.java:updateAndGet(139)) - omNode-2: start omNode-2@group-523986131536-FollowerState
2023-03-29 22:46:50,322 [omNode-2@group-523986131536-FollowerState] INFO  impl.FollowerState (FollowerState.java:run(152)) - omNode-2@group-523986131536-FollowerState was interrupted
2023-03-29 22:46:50,325 [grpc-default-executor-1] INFO  server.RaftServer$Division (RaftServerImpl.java:requestVote(1251)) - omNode-2@group-523986131536 replies to ELECTION vote request: omNode-1<-omNode-2#0:OK-t1. Peer's state: omNode-2@group-523986131536:t1, leader=null, voted=omNode-1, raftlog=Memoized:omNode-2@group-523986131536-SegmentedRaftLog:OPENED:c-1, conf=-1: peers:[omNode-3|rpc:localhost:46875|priority:0|startupRole:FOLLOWER, omNode-1|rpc:localhost:33317|priority:0|startupRole:FOLLOWER, omNode-2|rpc:localhost:39631|priority:0|startupRole:FOLLOWER]|listeners:[], old=null
2023-03-29 22:46:50,326 [omNode-1@group-523986131536-LeaderElection15] INFO  impl.LeaderElection (LeaderElection.java:logAndReturn(90)) - omNode-1@group-523986131536-LeaderElection15: ELECTION PASSED received 1 response(s) and 1 exception(s):
2023-03-29 22:46:50,326 [omNode-1@group-523986131536-LeaderElection15] INFO  impl.LeaderElection (LeaderElection.java:logAndReturn(94)) -   Response 0: omNode-1<-omNode-2#0:OK-t1
2023-03-29 22:46:50,326 [omNode-1@group-523986131536-LeaderElection15] INFO  impl.LeaderElection (LogUtils.java:infoOrTrace(137)) -   Exception 1: java.util.concurrent.ExecutionException: org.apache.ratis.thirdparty.io.grpc.StatusRuntimeException: UNAVAILABLE: io exception
2023-03-29 22:46:50,326 [omNode-1@group-523986131536-LeaderElection15] INFO  impl.LeaderElection (LeaderElection.java:askForVotes(314)) - omNode-1@group-523986131536-LeaderElection15 ELECTION round 0: result PASSED
2023-03-29 22:46:50,326 [omNode-1@group-523986131536-LeaderElection15] INFO  impl.RoleInfo (RoleInfo.java:shutdownLeaderElection(130)) - omNode-1: shutdown omNode-1@group-523986131536-LeaderElection15
2023-03-29 22:46:50,326 [omNode-1@group-523986131536-LeaderElection15] INFO  server.RaftServer$Division (RaftServerImpl.java:setRole(321)) - omNode-1@group-523986131536: changes role from CANDIDATE to LEADER at term 1 for changeToLeader
2023-03-29 22:46:50,326 [omNode-1@group-523986131536-LeaderElection15] INFO  server.RaftServer$Division (ServerState.java:setLeader(313)) - omNode-1@group-523986131536: change Leader from null to omNode-1 at term 1 for becomeLeader, leader elected after 1626ms
2023-03-29 22:46:50,326 [omNode-2@group-523986131536-FollowerState] INFO  server.RaftServerConfigKeys (ConfUtils.java:logFallback(53)) - raft.server.rpc.first-election.timeout.min = 1s (fallback to raft.server.rpc.timeout.min)
2023-03-29 22:46:50,326 [omNode-1@group-523986131536-LeaderElection15] INFO  server.RaftServerConfigKeys (ConfUtils.java:logGet(46)) - raft.server.staging.catchup.gap = 1000 (default)
2023-03-29 22:46:50,327 [omNode-1@group-523986131536-LeaderElection15] INFO  server.RaftServerConfigKeys (ConfUtils.java:logGet(46)) - raft.server.write.element-limit = 4096 (default)
2023-03-29 22:46:50,327 [omNode-1@group-523986131536-LeaderElection15] INFO  server.RaftServerConfigKeys (ConfUtils.java:logGet(46)) - raft.server.write.byte-limit = 64MB (=67108864) (default)
2023-03-29 22:46:50,327 [omNode-1@group-523986131536-LeaderElection15] INFO  server.RaftServerConfigKeys (ConfUtils.java:logGet(46)) - raft.server.watch.timeout = 10s (default)
2023-03-29 22:46:50,327 [omNode-1@group-523986131536-LeaderElection15] INFO  server.RaftServerConfigKeys (ConfUtils.java:logGet(46)) - raft.server.watch.timeout.denomination = 1s (default)
2023-03-29 22:46:50,327 [omNode-1@group-523986131536-LeaderElection15] INFO  server.RaftServerConfigKeys (ConfUtils.java:logGet(46)) - raft.server.watch.element-limit = 65536 (default)
2023-03-29 22:46:50,327 [omNode-1@group-523986131536-LeaderElection15] INFO  server.RaftServerConfigKeys (ConfUtils.java:logGet(46)) - raft.server.write.element-limit = 4096 (default)
2023-03-29 22:46:50,327 [omNode-1@group-523986131536-LeaderElection15] INFO  server.RaftServerConfigKeys (ConfUtils.java:logGet(46)) - raft.server.write.follower.gap.ratio.max = -1.0 (default)
2023-03-29 22:46:50,327 [omNode-1@group-523986131536-LeaderElection15] INFO  server.RaftServerConfigKeys (ConfUtils.java:logGet(46)) - raft.server.log.appender.snapshot.chunk.size.max = 16MB (=16777216) (default)
2023-03-29 22:46:50,328 [omNode-1@group-523986131536-LeaderElection15] INFO  server.RaftServerConfigKeys (ConfUtils.java:logGet(46)) - raft.server.log.appender.buffer.byte-limit = 33554432 (custom)
2023-03-29 22:46:50,328 [omNode-1@group-523986131536-LeaderElection15] INFO  server.RaftServerConfigKeys (ConfUtils.java:logGet(46)) - raft.server.log.appender.buffer.element-limit = 1024 (custom)
2023-03-29 22:46:50,328 [omNode-1@group-523986131536-LeaderElection15] INFO  grpc.GrpcConfigKeys (ConfUtils.java:logGet(46)) - raft.grpc.server.leader.outstanding.appends.max = 128 (default)
2023-03-29 22:46:50,328 [omNode-1@group-523986131536-LeaderElection15] INFO  server.RaftServerConfigKeys (ConfUtils.java:logGet(46)) - raft.server.rpc.request.timeout = 3000ms (default)
2023-03-29 22:46:50,328 [omNode-1@group-523986131536-LeaderElection15] INFO  server.RaftServerConfigKeys (ConfUtils.java:logGet(46)) - raft.server.log.appender.install.snapshot.enabled = false (custom)
2023-03-29 22:46:50,328 [omNode-1@group-523986131536-LeaderElection15] INFO  grpc.GrpcConfigKeys (ConfUtils.java:logGet(46)) - raft.grpc.server.heartbeat.channel = true (default)
2023-03-29 22:46:50,328 [omNode-1@group-523986131536-LeaderElection15] INFO  server.RaftServerConfigKeys (ConfUtils.java:logGet(46)) - raft.server.log.appender.wait-time.min = 10ms (default)
2023-03-29 22:46:50,328 [omNode-1@group-523986131536-LeaderElection15] INFO  server.RaftServerConfigKeys (ConfUtils.java:logGet(46)) - raft.server.log.appender.snapshot.chunk.size.max = 16MB (=16777216) (default)
2023-03-29 22:46:50,328 [omNode-1@group-523986131536-LeaderElection15] INFO  server.RaftServerConfigKeys (ConfUtils.java:logGet(46)) - raft.server.log.appender.buffer.byte-limit = 33554432 (custom)
2023-03-29 22:46:50,328 [omNode-1@group-523986131536-LeaderElection15] INFO  server.RaftServerConfigKeys (ConfUtils.java:logGet(46)) - raft.server.log.appender.buffer.element-limit = 1024 (custom)
2023-03-29 22:46:50,328 [omNode-1@group-523986131536-LeaderElection15] INFO  grpc.GrpcConfigKeys (ConfUtils.java:logGet(46)) - raft.grpc.server.leader.outstanding.appends.max = 128 (default)
2023-03-29 22:46:50,328 [omNode-1@group-523986131536-LeaderElection15] INFO  server.RaftServerConfigKeys (ConfUtils.java:logGet(46)) - raft.server.rpc.request.timeout = 3000ms (default)
2023-03-29 22:46:50,328 [omNode-1@group-523986131536-LeaderElection15] INFO  server.RaftServerConfigKeys (ConfUtils.java:logGet(46)) - raft.server.log.appender.install.snapshot.enabled = false (custom)
2023-03-29 22:46:50,329 [omNode-1@group-523986131536-LeaderElection15] INFO  grpc.GrpcConfigKeys (ConfUtils.java:logGet(46)) - raft.grpc.server.heartbeat.channel = true (default)
2023-03-29 22:46:50,329 [omNode-1@group-523986131536-LeaderElection15] INFO  server.RaftServerConfigKeys (ConfUtils.java:logGet(46)) - raft.server.log.appender.wait-time.min = 10ms (default)
2023-03-29 22:46:50,329 [omNode-1@group-523986131536-LeaderElection15] INFO  impl.RoleInfo (RoleInfo.java:updateAndGet(139)) - omNode-1: start omNode-1@group-523986131536-LeaderStateImpl
2023-03-29 22:46:50,329 [omNode-1@group-523986131536-LeaderElection15] INFO  segmented.SegmentedRaftLogWorker (SegmentedRaftLogWorker.java:startLogSegment(452)) - omNode-1@group-523986131536-SegmentedRaftLogWorker: Starting segment from index:0
2023-03-29 22:46:50,330 [omNode-2@group-523986131536-FollowerState] INFO  server.RaftServerConfigKeys (ConfUtils.java:logFallback(53)) - raft.server.rpc.first-election.timeout.max = 1200ms (fallback to raft.server.rpc.timeout.max)
2023-03-29 22:46:50,343 [omNode-1@group-523986131536-LeaderElection15] INFO  server.RaftServer$Division (ServerState.java:setRaftConf(430)) - omNode-1@group-523986131536: set configuration 0: peers:[omNode-3|rpc:localhost:46875|admin:|client:|dataStream:|priority:0|startupRole:FOLLOWER, omNode-1|rpc:localhost:33317|admin:|client:|dataStream:|priority:0|startupRole:FOLLOWER, omNode-2|rpc:localhost:39631|admin:|client:|dataStream:|priority:0|startupRole:FOLLOWER]|listeners:[], old=null
2023-03-29 22:46:50,343 [omNode-1@group-523986131536-SegmentedRaftLogWorker] INFO  segmented.SegmentedRaftLogWorker (SegmentedRaftLogWorker.java:execute(656)) - omNode-1@group-523986131536-SegmentedRaftLogWorker: created new log segment /home/runner/work/ozone/ozone/hadoop-ozone/integration-test/target/test-dir/MiniOzoneClusterImpl-bfbd9018-35f1-41c4-9115-0ebbd4040a15/omNode-1/ratis/c9bc4cf4-3bc3-3c60-a66b-523986131536/current/log_inprogress_0
2023-03-29 22:46:50,344 [Listener at 127.0.0.1/46557] INFO  om.OzoneManager (OzoneManager.java:addS3GVolumeToDB(4223)) - Created Volume s3v With Owner runner required for S3Gateway operations.
2023-03-29 22:46:50,344 [Listener at 127.0.0.1/46557] WARN  server.ServerUtils (ServerUtils.java:getDefaultRatisDirectory(237)) - Storage directory for Ratis is not configured. It is a good idea to map this to an SSD disk. Falling back to ozone.metadata.dirs
2023-03-29 22:46:50,345 [Listener at 127.0.0.1/46557] WARN  utils.OzoneManagerRatisUtils (OzoneManagerRatisUtils.java:getOMRatisSnapshotDirectory(446)) - ozone.om.ratis.snapshot.dir is not configured. Falling back to ozone.metadata.dirs config
2023-03-29 22:46:50,345 [Listener at 127.0.0.1/46557] INFO  snapshot.OzoneManagerSnapshotProvider (OzoneManagerSnapshotProvider.java:<init>(76)) - Initializing OM Snapshot Provider
2023-03-29 22:46:50,345 [omNode-1@group-523986131536-StateMachineUpdater] INFO  ratis.OzoneManagerStateMachine (OzoneManagerStateMachine.java:notifyConfigurationChanged(192)) - Received Configuration change notification from Ratis. New Peer list:
[id: "omNode-3"
address: "localhost:46875"
startupRole: FOLLOWER
, id: "omNode-1"
address: "localhost:33317"
startupRole: FOLLOWER
, id: "omNode-2"
address: "localhost:39631"
startupRole: FOLLOWER
]
2023-03-29 22:46:50,348 [grpc-default-executor-1] WARN  server.GrpcLogAppender (LogUtils.java:warn(122)) - omNode-1@group-523986131536->omNode-3-AppendLogResponseHandler: Failed appendEntries: org.apache.ratis.thirdparty.io.grpc.StatusRuntimeException: UNAVAILABLE: io exception
2023-03-29 22:46:50,348 [grpc-default-executor-1] WARN  server.GrpcLogAppender (GrpcLogAppender.java:resetClient(131)) - omNode-1@group-523986131536->omNode-3-GrpcLogAppender: Leader has not got in touch with Follower omNode-1@group-523986131536->omNode-3(c-1,m0,n1, attendVote=true, lastRpcSendTime=2, lastRpcResponseTime=1221) yet, just keep nextIndex unchanged and retry.
2023-03-29 22:46:50,350 [Listener at 127.0.0.1/46557] WARN  impl.MetricRegistriesImpl (MetricRegistriesImpl.java:addReporterRegistration(111)) - New reporters are added after registries were created. Some metrics will be missing from the reporter. Please add reporter before adding any new registry.
2023-03-29 22:46:50,350 [Listener at 127.0.0.1/46557] WARN  impl.MetricRegistriesImpl (MetricRegistriesImpl.java:addReporterRegistration(111)) - New reporters are added after registries were created. Some metrics will be missing from the reporter. Please add reporter before adding any new registry.
2023-03-29 22:46:50,351 [Listener at 127.0.0.1/46557] WARN  server.ServerUtils (ServerUtils.java:getDefaultRatisDirectory(237)) - Storage directory for Ratis is not configured. It is a good idea to map this to an SSD disk. Falling back to ozone.metadata.dirs
2023-03-29 22:46:50,352 [grpc-default-executor-2] WARN  server.GrpcLogAppender (LogUtils.java:warn(122)) - omNode-1@group-523986131536->omNode-3-AppendLogResponseHandler: Failed appendEntries: org.apache.ratis.thirdparty.io.grpc.StatusRuntimeException: UNAVAILABLE: io exception
2023-03-29 22:46:50,352 [grpc-default-executor-2] WARN  server.GrpcLogAppender (GrpcLogAppender.java:resetClient(131)) - omNode-1@group-523986131536->omNode-3-GrpcLogAppender: Leader has not got in touch with Follower omNode-1@group-523986131536->omNode-3(c-1,m0,n1, attendVote=true, lastRpcSendTime=6, lastRpcResponseTime=1224) yet, just keep nextIndex unchanged and retry.
2023-03-29 22:46:50,352 [Listener at 127.0.0.1/46557] INFO  ratis.OzoneManagerRatisServer (OzoneManagerRatisServer.java:<init>(163)) - Instantiating OM Ratis server with groupID: om-service-test1 and peers: localhost:46875, localhost:33317, localhost:39631
2023-03-29 22:46:50,353 [Listener at 127.0.0.1/46557] INFO  ratis.OzoneManagerStateMachine (OzoneManagerStateMachine.java:loadSnapshotInfoFromDB(636)) - LastAppliedIndex is set from TransactionInfo from OM DB as (t:0, i:~)
2023-03-29 22:46:50,354 [Listener at 127.0.0.1/46557] INFO  server.RaftServer (ConfUtils.java:logGet(46)) - raft.rpc.type = GRPC (default)
2023-03-29 22:46:50,354 [Listener at 127.0.0.1/46557] INFO  grpc.GrpcConfigKeys (ConfUtils.java:logFallback(53)) - raft.grpc.admin.host = null (fallback to raft.grpc.server.host)
2023-03-29 22:46:50,354 [Listener at 127.0.0.1/46557] INFO  grpc.GrpcConfigKeys (ConfUtils.java:logFallback(53)) - raft.grpc.admin.port = 46875 (fallback to raft.grpc.server.port)
2023-03-29 22:46:50,354 [Listener at 127.0.0.1/46557] INFO  grpc.GrpcConfigKeys (ConfUtils.java:logFallback(53)) - raft.grpc.client.host = null (fallback to raft.grpc.server.host)
2023-03-29 22:46:50,354 [Listener at 127.0.0.1/46557] INFO  grpc.GrpcConfigKeys (ConfUtils.java:logFallback(53)) - raft.grpc.client.port = 46875 (fallback to raft.grpc.server.port)
2023-03-29 22:46:50,354 [Listener at 127.0.0.1/46557] INFO  grpc.GrpcConfigKeys (ConfUtils.java:logGet(46)) - raft.grpc.server.host = null (default)
2023-03-29 22:46:50,355 [Listener at 127.0.0.1/46557] INFO  grpc.GrpcConfigKeys (ConfUtils.java:logGet(46)) - raft.grpc.server.port = 46875 (custom)
2023-03-29 22:46:50,355 [Listener at 127.0.0.1/46557] INFO  server.GrpcService (ConfUtils.java:logGet(46)) - raft.grpc.message.size.max = 33554432 (custom)
2023-03-29 22:46:50,355 [Listener at 127.0.0.1/46557] INFO  server.RaftServerConfigKeys (ConfUtils.java:logGet(46)) - raft.server.log.appender.buffer.byte-limit = 33554432 (custom)
2023-03-29 22:46:50,355 [Listener at 127.0.0.1/46557] INFO  server.GrpcService (ConfUtils.java:logGet(46)) - raft.grpc.flow.control.window = 1MB (=1048576) (default)
2023-03-29 22:46:50,355 [Listener at 127.0.0.1/46557] INFO  server.RaftServerConfigKeys (ConfUtils.java:logGet(46)) - raft.server.rpc.request.timeout = 3000ms (default)
2023-03-29 22:46:50,355 [Listener at 127.0.0.1/46557] INFO  grpc.GrpcConfigKeys (ConfUtils.java:logGet(46)) - raft.grpc.server.heartbeat.channel = true (default)
2023-03-29 22:46:50,355 [Listener at 127.0.0.1/46557] INFO  grpc.GrpcConfigKeys (ConfUtils.java:logGet(46)) - raft.grpc.server.async.request.thread.pool.cached = true (default)
2023-03-29 22:46:50,355 [Listener at 127.0.0.1/46557] INFO  grpc.GrpcConfigKeys (ConfUtils.java:logGet(46)) - raft.grpc.server.async.request.thread.pool.size = 32 (default)
2023-03-29 22:46:50,357 [Listener at 127.0.0.1/46557] INFO  impl.DataStreamServerImpl (ConfUtils.java:logGet(46)) - raft.datastream.type = DISABLED (default)
2023-03-29 22:46:50,358 [Listener at 127.0.0.1/46557] INFO  server.RaftServerConfigKeys (ConfUtils.java:logGet(46)) - raft.server.threadpool.proxy.cached = true (default)
2023-03-29 22:46:50,358 [Listener at 127.0.0.1/46557] INFO  server.RaftServerConfigKeys (ConfUtils.java:logGet(46)) - raft.server.threadpool.proxy.size = 0 (default)
2023-03-29 22:46:50,358 [Listener at 127.0.0.1/46557] INFO  server.RaftServerConfigKeys (ConfUtils.java:logGet(46)) - raft.server.rpc.slowness.timeout = 2s (custom)
2023-03-29 22:46:50,358 [Listener at 127.0.0.1/46557] INFO  server.RaftServerConfigKeys (ConfUtils.java:logGet(46)) - raft.server.leaderelection.leader.step-down.wait-time = 10s (default)
2023-03-29 22:46:50,360 [Listener at 127.0.0.1/46557] INFO  server.RaftServerConfigKeys (ConfUtils.java:logGet(46)) - raft.server.storage.dir = [/home/runner/work/ozone/ozone/hadoop-ozone/integration-test/target/test-dir/MiniOzoneClusterImpl-bfbd9018-35f1-41c4-9115-0ebbd4040a15/omNode-3/ratis] (custom)
2023-03-29 22:46:50,362 [Listener at 127.0.0.1/46557] INFO  server.RaftServer (RaftServerProxy.java:addNew(96)) - omNode-3: addNew group-523986131536:[omNode-3|rpc:localhost:46875|priority:0|startupRole:FOLLOWER, omNode-1|rpc:localhost:33317|priority:0|startupRole:FOLLOWER, omNode-2|rpc:localhost:39631|priority:0|startupRole:FOLLOWER] returns group-523986131536:java.util.concurrent.CompletableFuture@50d6c88[Not completed]
2023-03-29 22:46:50,362 [Listener at 127.0.0.1/46557] INFO  om.OzoneManager (OzoneManager.java:initializeRatisServer(2096)) - OzoneManager Ratis server initialized at port 46875
2023-03-29 22:46:50,362 [pool-1539-thread-1] INFO  server.RaftServer$Division (RaftServerImpl.java:<init>(195)) - omNode-3: new RaftServerImpl for group-523986131536:[omNode-3|rpc:localhost:46875|priority:0|startupRole:FOLLOWER, omNode-1|rpc:localhost:33317|priority:0|startupRole:FOLLOWER, omNode-2|rpc:localhost:39631|priority:0|startupRole:FOLLOWER] with OzoneManagerStateMachine:uninitialized
2023-03-29 22:46:50,362 [pool-1539-thread-1] INFO  server.RaftServerConfigKeys (ConfUtils.java:logGet(46)) - raft.server.rpc.timeout.min = 1s (custom)
2023-03-29 22:46:50,362 [pool-1539-thread-1] INFO  server.RaftServerConfigKeys (ConfUtils.java:logGet(46)) - raft.server.rpc.timeout.max = 1200ms (custom)
2023-03-29 22:46:50,362 [pool-1539-thread-1] INFO  server.RaftServerConfigKeys (ConfUtils.java:logGet(46)) - raft.server.rpc.sleep.time = 25ms (default)
2023-03-29 22:46:50,362 [pool-1539-thread-1] INFO  server.RaftServerConfigKeys (ConfUtils.java:logGet(46)) - raft.server.rpc.slowness.timeout = 2s (custom)
2023-03-29 22:46:50,362 [pool-1539-thread-1] INFO  server.RaftServerConfigKeys (ConfUtils.java:logGet(46)) - raft.server.leaderelection.leader.step-down.wait-time = 10s (default)
2023-03-29 22:46:50,362 [pool-1539-thread-1] INFO  server.RaftServerConfigKeys (ConfUtils.java:logGet(46)) - raft.server.sleep.deviation.threshold = 300ms (default)
2023-03-29 22:46:50,362 [pool-1539-thread-1] INFO  server.RaftServer$Division (ServerState.java:<init>(118)) - omNode-3@group-523986131536: ConfigurationManager, init=-1: peers:[omNode-3|rpc:localhost:46875|priority:0|startupRole:FOLLOWER, omNode-1|rpc:localhost:33317|priority:0|startupRole:FOLLOWER, omNode-2|rpc:localhost:39631|priority:0|startupRole:FOLLOWER]|listeners:[], old=null, confs=<EMPTY_MAP>
2023-03-29 22:46:50,363 [pool-1539-thread-1] INFO  server.RaftServerConfigKeys (ConfUtils.java:logGet(46)) - raft.server.storage.dir = [/home/runner/work/ozone/ozone/hadoop-ozone/integration-test/target/test-dir/MiniOzoneClusterImpl-bfbd9018-35f1-41c4-9115-0ebbd4040a15/omNode-3/ratis] (custom)
2023-03-29 22:46:50,363 [pool-1539-thread-1] INFO  server.RaftServerConfigKeys (ConfUtils.java:logGet(46)) - raft.server.log.corruption.policy = EXCEPTION (default)
2023-03-29 22:46:50,363 [pool-1539-thread-1] INFO  server.RaftServerConfigKeys (ConfUtils.java:logGet(46)) - raft.server.storage.free-space.min = 0MB (=0) (default)
2023-03-29 22:46:50,363 [pool-1539-thread-1] INFO  server.RaftServerConfigKeys (ConfUtils.java:logGet(46)) - raft.server.notification.no-leader.timeout = 2s (custom)
2023-03-29 22:46:50,363 [pool-1539-thread-1] INFO  server.RaftServerConfigKeys (ConfUtils.java:logGet(46)) - raft.server.retrycache.expirytime = 300s (custom)
2023-03-29 22:46:50,363 [pool-1539-thread-1] INFO  server.RaftServerConfigKeys (ConfUtils.java:logGet(46)) - raft.server.retrycache.statistics.expirytime = 100μs (default)
2023-03-29 22:46:50,363 [pool-1539-thread-1] INFO  server.RaftServerConfigKeys (ConfUtils.java:logGet(46)) - raft.server.log.appender.install.snapshot.enabled = false (custom)
2023-03-29 22:46:50,363 [pool-1539-thread-1] INFO  server.RaftServerConfigKeys (ConfUtils.java:logGet(46)) - raft.server.threadpool.server.cached = true (default)
2023-03-29 22:46:50,363 [pool-1539-thread-1] INFO  server.RaftServerConfigKeys (ConfUtils.java:logGet(46)) - raft.server.threadpool.server.size = 0 (default)
2023-03-29 22:46:50,364 [pool-1539-thread-1] INFO  server.RaftServerConfigKeys (ConfUtils.java:logGet(46)) - raft.server.threadpool.client.cached = true (default)
2023-03-29 22:46:50,364 [pool-1539-thread-1] INFO  server.RaftServerConfigKeys (ConfUtils.java:logGet(46)) - raft.server.threadpool.client.size = 0 (default)
2023-03-29 22:46:50,362 [Listener at 127.0.0.1/46557] INFO  om.OzoneManager (OzoneManager.java:getRpcServer(1132)) - Creating RPC Server
2023-03-29 22:46:50,364 [omNode-2-server-thread1] INFO  server.RaftServer$Division (ServerState.java:setLeader(313)) - omNode-2@group-523986131536: change Leader from null to omNode-1 at term 1 for appendEntries, leader elected after 890ms
2023-03-29 22:46:50,374 [omNode-2-server-thread1] INFO  server.RaftServer$Division (ServerState.java:setRaftConf(430)) - omNode-2@group-523986131536: set configuration 0: peers:[omNode-3|rpc:localhost:46875|admin:|client:|dataStream:|priority:0|startupRole:FOLLOWER, omNode-1|rpc:localhost:33317|admin:|client:|dataStream:|priority:0|startupRole:FOLLOWER, omNode-2|rpc:localhost:39631|admin:|client:|dataStream:|priority:0|startupRole:FOLLOWER]|listeners:[], old=null
2023-03-29 22:46:50,374 [omNode-2-server-thread1] INFO  segmented.SegmentedRaftLogWorker (SegmentedRaftLogWorker.java:startLogSegment(452)) - omNode-2@group-523986131536-SegmentedRaftLogWorker: Starting segment from index:0
2023-03-29 22:46:50,383 [omNode-2@group-523986131536-SegmentedRaftLogWorker] INFO  segmented.SegmentedRaftLogWorker (SegmentedRaftLogWorker.java:execute(656)) - omNode-2@group-523986131536-SegmentedRaftLogWorker: created new log segment /home/runner/work/ozone/ozone/hadoop-ozone/integration-test/target/test-dir/MiniOzoneClusterImpl-bfbd9018-35f1-41c4-9115-0ebbd4040a15/omNode-2/ratis/c9bc4cf4-3bc3-3c60-a66b-523986131536/current/log_inprogress_0
2023-03-29 22:46:50,385 [omNode-2@group-523986131536-StateMachineUpdater] INFO  ratis.OzoneManagerStateMachine (OzoneManagerStateMachine.java:notifyConfigurationChanged(192)) - Received Configuration change notification from Ratis. New Peer list:
[id: "omNode-3"
address: "localhost:46875"
startupRole: FOLLOWER
, id: "omNode-1"
address: "localhost:33317"
startupRole: FOLLOWER
, id: "omNode-2"
address: "localhost:39631"
startupRole: FOLLOWER
]
2023-03-29 22:46:50,448 [EndpointStateMachine task thread for /0.0.0.0:38501 - 0 ] INFO  ipc.Client (Client.java:handleConnectionFailure(1010)) - Retrying connect to server: 0.0.0.0/0.0.0.0:38501. Already tried 5 time(s); retry policy is RetryUpToMaximumCountWithFixedSleep(maxRetries=15, sleepTime=1000 MILLISECONDS)
2023-03-29 22:46:50,593 [grpc-default-executor-3] WARN  server.GrpcLogAppender (LogUtils.java:warn(122)) - omNode-1@group-523986131536->omNode-3-AppendLogResponseHandler: Failed appendEntries: org.apache.ratis.thirdparty.io.grpc.StatusRuntimeException: UNAVAILABLE: io exception
2023-03-29 22:46:50,593 [grpc-default-executor-4] WARN  server.GrpcLogAppender (LogUtils.java:warn(122)) - omNode-1@group-523986131536->omNode-3-AppendLogResponseHandler: Failed appendEntries: org.apache.ratis.thirdparty.io.grpc.StatusRuntimeException: UNAVAILABLE: io exception
2023-03-29 22:46:50,594 [grpc-default-executor-3] WARN  server.GrpcLogAppender (GrpcLogAppender.java:resetClient(131)) - omNode-1@group-523986131536->omNode-3-GrpcLogAppender: Leader has not got in touch with Follower omNode-1@group-523986131536->omNode-3(c-1,m0,n1, attendVote=true, lastRpcSendTime=248, lastRpcResponseTime=1467) yet, just keep nextIndex unchanged and retry.
2023-03-29 22:46:50,594 [grpc-default-executor-4] WARN  server.GrpcLogAppender (GrpcLogAppender.java:resetClient(131)) - omNode-1@group-523986131536->omNode-3-GrpcLogAppender: Leader has not got in touch with Follower omNode-1@group-523986131536->omNode-3(c-1,m0,n1, attendVote=true, lastRpcSendTime=248, lastRpcResponseTime=1467) yet, just keep nextIndex unchanged and retry.
2023-03-29 22:46:50,602 [grpc-default-executor-4] WARN  server.GrpcLogAppender (LogUtils.java:warn(122)) - omNode-1@group-523986131536->omNode-3-AppendLogResponseHandler: Failed appendEntries: org.apache.ratis.thirdparty.io.grpc.StatusRuntimeException: UNAVAILABLE: io exception
2023-03-29 22:46:50,603 [grpc-default-executor-3] WARN  server.GrpcLogAppender (LogUtils.java:warn(122)) - omNode-1@group-523986131536->omNode-3-AppendLogResponseHandler: Failed appendEntries: org.apache.ratis.thirdparty.io.grpc.StatusRuntimeException: UNAVAILABLE: io exception
2023-03-29 22:46:50,604 [grpc-default-executor-4] WARN  server.GrpcLogAppender (GrpcLogAppender.java:resetClient(131)) - omNode-1@group-523986131536->omNode-3-GrpcLogAppender: Leader has not got in touch with Follower omNode-1@group-523986131536->omNode-3(c-1,m0,n1, attendVote=true, lastRpcSendTime=257, lastRpcResponseTime=1476) yet, just keep nextIndex unchanged and retry.
2023-03-29 22:46:50,604 [grpc-default-executor-3] WARN  server.GrpcLogAppender (GrpcLogAppender.java:resetClient(131)) - omNode-1@group-523986131536->omNode-3-GrpcLogAppender: Leader has not got in touch with Follower omNode-1@group-523986131536->omNode-3(c-1,m0,n1, attendVote=true, lastRpcSendTime=258, lastRpcResponseTime=1476) yet, just keep nextIndex unchanged and retry.
2023-03-29 22:46:50,606 [grpc-default-executor-3] WARN  server.GrpcLogAppender (LogUtils.java:warn(122)) - omNode-1@group-523986131536->omNode-3-AppendLogResponseHandler: Failed appendEntries: org.apache.ratis.thirdparty.io.grpc.StatusRuntimeException: UNAVAILABLE: io exception
2023-03-29 22:46:50,606 [grpc-default-executor-4] WARN  server.GrpcLogAppender (LogUtils.java:warn(122)) - omNode-1@group-523986131536->omNode-3-AppendLogResponseHandler: Failed appendEntries: org.apache.ratis.thirdparty.io.grpc.StatusRuntimeException: UNAVAILABLE: io exception
2023-03-29 22:46:50,607 [grpc-default-executor-3] WARN  server.GrpcLogAppender (GrpcLogAppender.java:resetClient(131)) - omNode-1@group-523986131536->omNode-3-GrpcLogAppender: Leader has not got in touch with Follower omNode-1@group-523986131536->omNode-3(c-1,m0,n1, attendVote=true, lastRpcSendTime=260, lastRpcResponseTime=1479) yet, just keep nextIndex unchanged and retry.
2023-03-29 22:46:50,607 [grpc-default-executor-4] WARN  server.GrpcLogAppender (GrpcLogAppender.java:resetClient(131)) - omNode-1@group-523986131536->omNode-3-GrpcLogAppender: Leader has not got in touch with Follower omNode-1@group-523986131536->omNode-3(c-1,m0,n1, attendVote=true, lastRpcSendTime=261, lastRpcResponseTime=1479) yet, just keep nextIndex unchanged and retry.
2023-03-29 22:46:50,609 [grpc-default-executor-4] WARN  server.GrpcLogAppender (LogUtils.java:warn(122)) - omNode-1@group-523986131536->omNode-3-AppendLogResponseHandler: Failed appendEntries: org.apache.ratis.thirdparty.io.grpc.StatusRuntimeException: UNAVAILABLE: io exception
2023-03-29 22:46:50,609 [grpc-default-executor-3] WARN  server.GrpcLogAppender (LogUtils.java:warn(122)) - omNode-1@group-523986131536->omNode-3-AppendLogResponseHandler: Failed appendEntries: org.apache.ratis.thirdparty.io.grpc.StatusRuntimeException: UNAVAILABLE: io exception
2023-03-29 22:46:50,609 [grpc-default-executor-4] WARN  server.GrpcLogAppender (GrpcLogAppender.java:resetClient(131)) - omNode-1@group-523986131536->omNode-3-GrpcLogAppender: Leader has not got in touch with Follower omNode-1@group-523986131536->omNode-3(c-1,m0,n1, attendVote=true, lastRpcSendTime=263, lastRpcResponseTime=1482) yet, just keep nextIndex unchanged and retry.
2023-03-29 22:46:50,610 [grpc-default-executor-3] WARN  server.GrpcLogAppender (GrpcLogAppender.java:resetClient(131)) - omNode-1@group-523986131536->omNode-3-GrpcLogAppender: Leader has not got in touch with Follower omNode-1@group-523986131536->omNode-3(c-1,m0,n1, attendVote=true, lastRpcSendTime=264, lastRpcResponseTime=1482) yet, just keep nextIndex unchanged and retry.
2023-03-29 22:46:50,612 [grpc-default-executor-3] WARN  server.GrpcLogAppender (LogUtils.java:warn(122)) - omNode-1@group-523986131536->omNode-3-AppendLogResponseHandler: Failed appendEntries: org.apache.ratis.thirdparty.io.grpc.StatusRuntimeException: UNAVAILABLE: io exception
2023-03-29 22:46:50,612 [grpc-default-executor-4] WARN  server.GrpcLogAppender (LogUtils.java:warn(122)) - omNode-1@group-523986131536->omNode-3-AppendLogResponseHandler: Failed appendEntries: org.apache.ratis.thirdparty.io.grpc.StatusRuntimeException: UNAVAILABLE: io exception
2023-03-29 22:46:50,613 [grpc-default-executor-3] WARN  server.GrpcLogAppender (GrpcLogAppender.java:resetClient(131)) - omNode-1@group-523986131536->omNode-3-GrpcLogAppender: Leader has not got in touch with Follower omNode-1@group-523986131536->omNode-3(c-1,m0,n1, attendVote=true, lastRpcSendTime=267, lastRpcResponseTime=1485) yet, just keep nextIndex unchanged and retry.
2023-03-29 22:46:50,614 [grpc-default-executor-4] WARN  server.GrpcLogAppender (GrpcLogAppender.java:resetClient(131)) - omNode-1@group-523986131536->omNode-3-GrpcLogAppender: Leader has not got in touch with Follower omNode-1@group-523986131536->omNode-3(c-1,m0,n1, attendVote=true, lastRpcSendTime=267, lastRpcResponseTime=1486) yet, just keep nextIndex unchanged and retry.
2023-03-29 22:46:50,615 [grpc-default-executor-4] WARN  server.GrpcLogAppender (LogUtils.java:warn(122)) - omNode-1@group-523986131536->omNode-3-AppendLogResponseHandler: Failed appendEntries: org.apache.ratis.thirdparty.io.grpc.StatusRuntimeException: UNAVAILABLE: io exception
2023-03-29 22:46:50,615 [grpc-default-executor-3] WARN  server.GrpcLogAppender (LogUtils.java:warn(122)) - omNode-1@group-523986131536->omNode-3-AppendLogResponseHandler: Failed appendEntries: org.apache.ratis.thirdparty.io.grpc.StatusRuntimeException: UNAVAILABLE: io exception
2023-03-29 22:46:50,615 [grpc-default-executor-4] WARN  server.GrpcLogAppender (GrpcLogAppender.java:resetClient(131)) - omNode-1@group-523986131536->omNode-3-GrpcLogAppender: Leader has not got in touch with Follower omNode-1@group-523986131536->omNode-3(c-1,m0,n1, attendVote=true, lastRpcSendTime=269, lastRpcResponseTime=1488) yet, just keep nextIndex unchanged and retry.
2023-03-29 22:46:50,616 [grpc-default-executor-3] WARN  server.GrpcLogAppender (GrpcLogAppender.java:resetClient(131)) - omNode-1@group-523986131536->omNode-3-GrpcLogAppender: Leader has not got in touch with Follower omNode-1@group-523986131536->omNode-3(c-1,m0,n1, attendVote=true, lastRpcSendTime=270, lastRpcResponseTime=1488) yet, just keep nextIndex unchanged and retry.
2023-03-29 22:46:50,617 [grpc-default-executor-3] WARN  server.GrpcLogAppender (LogUtils.java:warn(122)) - omNode-1@group-523986131536->omNode-3-AppendLogResponseHandler: Failed appendEntries: org.apache.ratis.thirdparty.io.grpc.StatusRuntimeException: UNAVAILABLE: io exception
2023-03-29 22:46:50,617 [grpc-default-executor-4] WARN  server.GrpcLogAppender (LogUtils.java:warn(122)) - omNode-1@group-523986131536->omNode-3-AppendLogResponseHandler: Failed appendEntries: org.apache.ratis.thirdparty.io.grpc.StatusRuntimeException: UNAVAILABLE: io exception
2023-03-29 22:46:50,618 [grpc-default-executor-3] WARN  server.GrpcLogAppender (GrpcLogAppender.java:resetClient(131)) - omNode-1@group-523986131536->omNode-3-GrpcLogAppender: Leader has not got in touch with Follower omNode-1@group-523986131536->omNode-3(c-1,m0,n1, attendVote=true, lastRpcSendTime=271, lastRpcResponseTime=1490) yet, just keep nextIndex unchanged and retry.
2023-03-29 22:46:50,618 [grpc-default-executor-4] WARN  server.GrpcLogAppender (GrpcLogAppender.java:resetClient(131)) - omNode-1@group-523986131536->omNode-3-GrpcLogAppender: Leader has not got in touch with Follower omNode-1@group-523986131536->omNode-3(c-1,m0,n1, attendVote=true, lastRpcSendTime=272, lastRpcResponseTime=1491) yet, just keep nextIndex unchanged and retry.
2023-03-29 22:46:50,619 [grpc-default-executor-3] WARN  server.GrpcLogAppender (LogUtils.java:warn(122)) - omNode-1@group-523986131536->omNode-3-AppendLogResponseHandler: Failed appendEntries: org.apache.ratis.thirdparty.io.grpc.StatusRuntimeException: UNAVAILABLE: io exception
2023-03-29 22:46:50,619 [grpc-default-executor-3] WARN  server.GrpcLogAppender (GrpcLogAppender.java:resetClient(131)) - omNode-1@group-523986131536->omNode-3-GrpcLogAppender: Leader has not got in touch with Follower omNode-1@group-523986131536->omNode-3(c-1,m0,n1, attendVote=true, lastRpcSendTime=0, lastRpcResponseTime=1491) yet, just keep nextIndex unchanged and retry.
2023-03-29 22:46:50,634 [grpc-default-executor-4] WARN  server.GrpcLogAppender (LogUtils.java:warn(122)) - omNode-1@group-523986131536->omNode-3-AppendLogResponseHandler: Failed appendEntries: org.apache.ratis.thirdparty.io.grpc.StatusRuntimeException: UNAVAILABLE: io exception
2023-03-29 22:46:50,634 [grpc-default-executor-4] WARN  server.GrpcLogAppender (GrpcLogAppender.java:resetClient(131)) - omNode-1@group-523986131536->omNode-3-GrpcLogAppender: Leader has not got in touch with Follower omNode-1@group-523986131536->omNode-3(c-1,m0,n1, attendVote=true, lastRpcSendTime=15, lastRpcResponseTime=1506) yet, just keep nextIndex unchanged and retry.
2023-03-29 22:46:50,870 [grpc-default-executor-4] WARN  server.GrpcLogAppender (LogUtils.java:warn(122)) - omNode-1@group-523986131536->omNode-3-AppendLogResponseHandler: Failed appendEntries: org.apache.ratis.thirdparty.io.grpc.StatusRuntimeException: UNAVAILABLE: io exception
2023-03-29 22:46:50,870 [grpc-default-executor-3] WARN  server.GrpcLogAppender (LogUtils.java:warn(122)) - omNode-1@group-523986131536->omNode-3-AppendLogResponseHandler: Failed appendEntries: org.apache.ratis.thirdparty.io.grpc.StatusRuntimeException: UNAVAILABLE: io exception
2023-03-29 22:46:50,871 [grpc-default-executor-4] WARN  server.GrpcLogAppender (GrpcLogAppender.java:resetClient(131)) - omNode-1@group-523986131536->omNode-3-GrpcLogAppender: Leader has not got in touch with Follower omNode-1@group-523986131536->omNode-3(c-1,m0,n1, attendVote=true, lastRpcSendTime=252, lastRpcResponseTime=1743) yet, just keep nextIndex unchanged and retry.
2023-03-29 22:46:50,874 [grpc-default-executor-3] WARN  server.GrpcLogAppender (GrpcLogAppender.java:resetClient(131)) - omNode-1@group-523986131536->omNode-3-GrpcLogAppender: Leader has not got in touch with Follower omNode-1@group-523986131536->omNode-3(c-1,m0,n1, attendVote=true, lastRpcSendTime=255, lastRpcResponseTime=1747) yet, just keep nextIndex unchanged and retry.
2023-03-29 22:46:50,876 [grpc-default-executor-2] WARN  server.GrpcLogAppender (LogUtils.java:warn(122)) - omNode-1@group-523986131536->omNode-3-AppendLogResponseHandler: Failed appendEntries: org.apache.ratis.thirdparty.io.grpc.StatusRuntimeException: UNAVAILABLE: io exception
2023-03-29 22:46:50,876 [grpc-default-executor-2] WARN  server.GrpcLogAppender (GrpcLogAppender.java:resetClient(131)) - omNode-1@group-523986131536->omNode-3-GrpcLogAppender: Leader has not got in touch with Follower omNode-1@group-523986131536->omNode-3(c-1,m0,n1, attendVote=true, lastRpcSendTime=1, lastRpcResponseTime=1749) yet, just keep nextIndex unchanged and retry.
2023-03-29 22:46:50,876 [grpc-default-executor-4] WARN  server.GrpcLogAppender (LogUtils.java:warn(122)) - omNode-1@group-523986131536->omNode-3-AppendLogResponseHandler: Failed appendEntries: org.apache.ratis.thirdparty.io.grpc.StatusRuntimeException: UNAVAILABLE: io exception
2023-03-29 22:46:50,876 [grpc-default-executor-4] WARN  server.GrpcLogAppender (GrpcLogAppender.java:resetClient(131)) - omNode-1@group-523986131536->omNode-3-GrpcLogAppender: Leader has not got in touch with Follower omNode-1@group-523986131536->omNode-3(c-1,m0,n1, attendVote=true, lastRpcSendTime=1, lastRpcResponseTime=1749) yet, just keep nextIndex unchanged and retry.
2023-03-29 22:46:51,020 [Listener at 127.0.0.1/46557] INFO  reflections.Reflections (Reflections.java:scan(232)) - Reflections took 655 ms to scan 19 urls, producing 68 keys and 4993 values [using 2 cores]
2023-03-29 22:46:51,022 [Listener at 127.0.0.1/46557] INFO  ipc.CallQueueManager (CallQueueManager.java:<init>(90)) - Using callQueue: class java.util.concurrent.LinkedBlockingQueue, queueCapacity: 2000, scheduler: class org.apache.hadoop.ipc.DefaultRpcScheduler, ipcBackoff: false.
2023-03-29 22:46:51,022 [Socket Reader #1 for port 35627] INFO  ipc.Server (Server.java:run(1273)) - Starting Socket Reader #1 for port 35627
2023-03-29 22:46:51,048 [Listener at 127.0.0.1/35627] INFO  impl.MetricsSystemImpl (MetricsSystemImpl.java:init(158)) - OzoneManager metrics system started (again)
2023-03-29 22:46:51,063 [Listener at 127.0.0.1/35627] INFO  om.OzoneManager (OzoneManager.java:start(1553)) - OzoneManager RPC server is listening at localhost/127.0.0.1:35627
2023-03-29 22:46:51,063 [Listener at 127.0.0.1/35627] INFO  ratis.OzoneManagerRatisServer (OzoneManagerRatisServer.java:start(558)) - Starting OzoneManagerRatisServer omNode-3 at port 46875
2023-03-29 22:46:51,064 [omNode-3-impl-thread1] INFO  storage.RaftStorageDirectory (RaftStorageDirectoryImpl.java:analyzeStorage(137)) - The storage directory /home/runner/work/ozone/ozone/hadoop-ozone/integration-test/target/test-dir/MiniOzoneClusterImpl-bfbd9018-35f1-41c4-9115-0ebbd4040a15/omNode-3/ratis/c9bc4cf4-3bc3-3c60-a66b-523986131536 does not exist. Creating ...
2023-03-29 22:46:51,065 [omNode-3-impl-thread1] INFO  storage.RaftStorageDirectory (RaftStorageDirectoryImpl.java:tryLock(231)) - Lock on /home/runner/work/ozone/ozone/hadoop-ozone/integration-test/target/test-dir/MiniOzoneClusterImpl-bfbd9018-35f1-41c4-9115-0ebbd4040a15/omNode-3/ratis/c9bc4cf4-3bc3-3c60-a66b-523986131536/in_use.lock acquired by nodename 4032@fv-az377-460
2023-03-29 22:46:51,066 [omNode-3-impl-thread1] INFO  storage.RaftStorage (RaftStorageImpl.java:format(96)) - Storage directory /home/runner/work/ozone/ozone/hadoop-ozone/integration-test/target/test-dir/MiniOzoneClusterImpl-bfbd9018-35f1-41c4-9115-0ebbd4040a15/omNode-3/ratis/c9bc4cf4-3bc3-3c60-a66b-523986131536 has been successfully formatted.
2023-03-29 22:46:51,067 [omNode-3-impl-thread1] INFO  server.RaftServerConfigKeys (ConfUtils.java:logGet(46)) - raft.server.log.use.memory = false (default)
2023-03-29 22:46:51,067 [omNode-3-impl-thread1] INFO  server.RaftServerConfigKeys (ConfUtils.java:logGet(46)) - raft.server.log.purge.gap = 1000000 (custom)
2023-03-29 22:46:51,067 [omNode-3-impl-thread1] INFO  server.RaftServerConfigKeys (ConfUtils.java:logGet(46)) - raft.server.log.appender.buffer.byte-limit = 33554432 (custom)
2023-03-29 22:46:51,067 [omNode-3-impl-thread1] INFO  server.RaftServerConfigKeys (ConfUtils.java:logGet(46)) - raft.server.log.statemachine.data.read.timeout = 1000ms (default)
2023-03-29 22:46:51,067 [omNode-3-impl-thread1] INFO  server.RaftServerConfigKeys (ConfUtils.java:logGet(46)) - raft.server.log.purge.preservation.log.num = 0 (default)
2023-03-29 22:46:51,067 [omNode-3-impl-thread1] INFO  server.RaftServerConfigKeys (ConfUtils.java:logGet(46)) - raft.server.log.segment.size.max = 4194304 (custom)
2023-03-29 22:46:51,067 [omNode-3-impl-thread1] INFO  server.RaftServerConfigKeys (ConfUtils.java:logGet(46)) - raft.server.log.segment.cache.num.max = 2 (custom)
2023-03-29 22:46:51,067 [omNode-3-impl-thread1] INFO  server.RaftServerConfigKeys (ConfUtils.java:logGet(46)) - raft.server.log.segment.cache.size.max = 200MB (=209715200) (default)
2023-03-29 22:46:51,068 [omNode-3-impl-thread1] INFO  segmented.SegmentedRaftLogWorker (SegmentedRaftLogWorker.java:<init>(189)) - new omNode-3@group-523986131536-SegmentedRaftLogWorker for RaftStorageImpl:Storage Directory /home/runner/work/ozone/ozone/hadoop-ozone/integration-test/target/test-dir/MiniOzoneClusterImpl-bfbd9018-35f1-41c4-9115-0ebbd4040a15/omNode-3/ratis/c9bc4cf4-3bc3-3c60-a66b-523986131536
2023-03-29 22:46:51,068 [omNode-3-impl-thread1] INFO  server.RaftServerConfigKeys (ConfUtils.java:logGet(46)) - raft.server.log.queue.byte-limit = 64MB (=67108864) (default)
2023-03-29 22:46:51,068 [omNode-3-impl-thread1] INFO  server.RaftServerConfigKeys (ConfUtils.java:logGet(46)) - raft.server.log.queue.element-limit = 4096 (default)
2023-03-29 22:46:51,068 [omNode-3-impl-thread1] INFO  server.RaftServerConfigKeys (ConfUtils.java:logGet(46)) - raft.server.log.segment.size.max = 4194304 (custom)
2023-03-29 22:46:51,068 [omNode-3-impl-thread1] INFO  server.RaftServerConfigKeys (ConfUtils.java:logGet(46)) - raft.server.log.preallocated.size = 4194304 (custom)
2023-03-29 22:46:51,068 [omNode-3-impl-thread1] INFO  server.RaftServerConfigKeys (ConfUtils.java:logGet(46)) - raft.server.log.force.sync.num = 128 (default)
2023-03-29 22:46:51,068 [omNode-3-impl-thread1] INFO  server.RaftServerConfigKeys (ConfUtils.java:logGet(46)) - raft.server.log.statemachine.data.sync = true (default)
2023-03-29 22:46:51,068 [omNode-3-impl-thread1] INFO  server.RaftServerConfigKeys (ConfUtils.java:logGet(46)) - raft.server.log.statemachine.data.sync.timeout = 10s (default)
2023-03-29 22:46:51,068 [omNode-3-impl-thread1] INFO  server.RaftServerConfigKeys (ConfUtils.java:logGet(46)) - raft.server.log.statemachine.data.sync.timeout.retry = -1 (default)
2023-03-29 22:46:51,068 [omNode-3-impl-thread1] INFO  server.RaftServerConfigKeys (ConfUtils.java:logGet(46)) - raft.server.log.write.buffer.size = 64KB (=65536) (default)
2023-03-29 22:46:51,068 [omNode-3-impl-thread1] INFO  server.RaftServerConfigKeys (ConfUtils.java:logGet(46)) - raft.server.log.appender.buffer.byte-limit = 33554432 (custom)
2023-03-29 22:46:51,073 [omNode-3-impl-thread1] INFO  server.RaftServerConfigKeys (ConfUtils.java:logGet(46)) - raft.server.log.unsafe-flush.enabled = false (default)
2023-03-29 22:46:51,073 [omNode-3-impl-thread1] INFO  server.RaftServerConfigKeys (ConfUtils.java:logGet(46)) - raft.server.log.async-flush.enabled = false (default)
2023-03-29 22:46:51,074 [omNode-3-impl-thread1] INFO  server.RaftServerConfigKeys (ConfUtils.java:logGet(46)) - raft.server.log.statemachine.data.caching.enabled = false (default)
2023-03-29 22:46:51,081 [omNode-3-impl-thread1] INFO  segmented.SegmentedRaftLogWorker (SegmentedRaftLogWorker.java:lambda$new$0(135)) - omNode-3@group-523986131536-SegmentedRaftLogWorker: flushIndex: setUnconditionally 0 -> -1
2023-03-29 22:46:51,081 [omNode-3-impl-thread1] INFO  segmented.SegmentedRaftLogWorker (SegmentedRaftLogWorker.java:lambda$new$0(135)) - omNode-3@group-523986131536-SegmentedRaftLogWorker: safeCacheEvictIndex: setUnconditionally 0 -> -1
2023-03-29 22:46:51,081 [omNode-3-impl-thread1] INFO  server.RaftServer$Division (RaftServerImpl.java:start(334)) - omNode-3@group-523986131536: start as a follower, conf=-1: peers:[omNode-3|rpc:localhost:46875|priority:0|startupRole:FOLLOWER, omNode-1|rpc:localhost:33317|priority:0|startupRole:FOLLOWER, omNode-2|rpc:localhost:39631|priority:0|startupRole:FOLLOWER]|listeners:[], old=null
2023-03-29 22:46:51,081 [omNode-3-impl-thread1] INFO  server.RaftServer$Division (RaftServerImpl.java:setRole(321)) - omNode-3@group-523986131536: changes role from      null to FOLLOWER at term 0 for startAsFollower
2023-03-29 22:46:51,081 [omNode-3-impl-thread1] INFO  impl.RoleInfo (RoleInfo.java:updateAndGet(139)) - omNode-3: start omNode-3@group-523986131536-FollowerState
2023-03-29 22:46:51,090 [omNode-3-impl-thread1] INFO  util.JmxRegister (JmxRegister.java:tryRegister(44)) - Successfully registered JMX Bean with object name Ratis:service=RaftServer,group=group-523986131536,id=omNode-3
2023-03-29 22:46:51,090 [omNode-3-impl-thread1] INFO  server.RaftServerConfigKeys (ConfUtils.java:logGet(46)) - raft.server.snapshot.auto.trigger.enabled = true (custom)
2023-03-29 22:46:51,090 [omNode-3-impl-thread1] INFO  server.RaftServerConfigKeys (ConfUtils.java:logGet(46)) - raft.server.snapshot.auto.trigger.threshold = 400000 (default)
2023-03-29 22:46:51,090 [omNode-3-impl-thread1] INFO  server.RaftServerConfigKeys (ConfUtils.java:logGet(46)) - raft.server.snapshot.retention.file.num = -1 (default)
2023-03-29 22:46:51,090 [omNode-3-impl-thread1] INFO  server.RaftServerConfigKeys (ConfUtils.java:logGet(46)) - raft.server.log.purge.upto.snapshot.index = true (custom)
2023-03-29 22:46:51,090 [omNode-3@group-523986131536-FollowerState] INFO  server.RaftServerConfigKeys (ConfUtils.java:logFallback(53)) - raft.server.rpc.first-election.timeout.min = 1s (fallback to raft.server.rpc.timeout.min)
2023-03-29 22:46:51,090 [omNode-3@group-523986131536-FollowerState] INFO  server.RaftServerConfigKeys (ConfUtils.java:logFallback(53)) - raft.server.rpc.first-election.timeout.max = 1200ms (fallback to raft.server.rpc.timeout.max)
2023-03-29 22:46:51,094 [Listener at 127.0.0.1/35627] INFO  server.RaftServer (RaftServerProxy.java:startImpl(393)) - omNode-3: start RPC server
2023-03-29 22:46:51,114 [Listener at 127.0.0.1/35627] INFO  server.GrpcService (GrpcService.java:startImpl(262)) - omNode-3: GrpcService started, listening on 46875
2023-03-29 22:46:51,119 [Listener at 127.0.0.1/35627] INFO  om.OzoneManager (OzoneManager.java:start(1569)) - Version File has different layout version (3) than OM DB (null). That is expected if this OM has never been finalized to a newer layout version.
2023-03-29 22:46:51,120 [JvmPauseMonitor14] INFO  util.JvmPauseMonitor (JvmPauseMonitor.java:run(105)) - JvmPauseMonitor-omNode-3: Started
2023-03-29 22:46:51,125 [grpc-default-executor-4] WARN  server.GrpcLogAppender (LogUtils.java:warn(122)) - omNode-1@group-523986131536->omNode-3-AppendLogResponseHandler: Failed appendEntries: org.apache.ratis.thirdparty.io.grpc.StatusRuntimeException: UNAVAILABLE: io exception
2023-03-29 22:46:51,126 [grpc-default-executor-4] WARN  server.GrpcLogAppender (GrpcLogAppender.java:resetClient(131)) - omNode-1@group-523986131536->omNode-3-GrpcLogAppender: Leader has not got in touch with Follower omNode-1@group-523986131536->omNode-3(c-1,m0,n1, attendVote=true, lastRpcSendTime=250, lastRpcResponseTime=1998) yet, just keep nextIndex unchanged and retry.
2023-03-29 22:46:51,126 [grpc-default-executor-2] WARN  server.GrpcLogAppender (LogUtils.java:warn(122)) - omNode-1@group-523986131536->omNode-3-AppendLogResponseHandler: Failed appendEntries: org.apache.ratis.thirdparty.io.grpc.StatusRuntimeException: UNAVAILABLE: io exception
2023-03-29 22:46:51,126 [grpc-default-executor-2] WARN  server.GrpcLogAppender (GrpcLogAppender.java:resetClient(131)) - omNode-1@group-523986131536->omNode-3-GrpcLogAppender: Leader has not got in touch with Follower omNode-1@group-523986131536->omNode-3(c-1,m0,n1, attendVote=true, lastRpcSendTime=251, lastRpcResponseTime=1999) yet, just keep nextIndex unchanged and retry.
2023-03-29 22:46:51,134 [Listener at 127.0.0.1/35627] INFO  http.BaseHttpServer (BaseHttpServer.java:newHttpServer2BuilderForOzone(224)) - Starting Web-server for ozoneManager at: http://0.0.0.0:34467
2023-03-29 22:46:51,134 [Listener at 127.0.0.1/35627] INFO  http.BaseHttpServer (BaseHttpServer.java:<init>(111)) - Hadoop Security Enabled: false Ozone Security Enabled: false Ozone HTTP Security Enabled: false 
2023-03-29 22:46:51,135 [Listener at 127.0.0.1/35627] WARN  server.AuthenticationFilter (AuthenticationFilter.java:constructSecretProvider(240)) - Unable to initialize FileSignerSecretProvider, falling back to use random secrets. Reason: Could not read signature secret file: /home/runner/hadoop-http-auth-signature-secret
2023-03-29 22:46:51,136 [Listener at 127.0.0.1/35627] WARN  http.HttpRequestLog (HttpRequestLog.java:getRequestLog(103)) - Jetty request log can only be enabled using Log4j
2023-03-29 22:46:51,137 [Listener at 127.0.0.1/35627] INFO  http.HttpServer2 (HttpServer2.java:addGlobalFilter(1031)) - Added global filter 'safety' (class=org.apache.hadoop.hdds.server.http.HttpServer2$QuotingInputFilter)
2023-03-29 22:46:51,138 [Listener at 127.0.0.1/35627] INFO  http.HttpServer2 (HttpServer2.java:addFilter(1007)) - Added filter static_user_filter (class=org.apache.hadoop.http.lib.StaticUserWebFilter$StaticUserFilter) to context ozoneManager
2023-03-29 22:46:51,138 [Listener at 127.0.0.1/35627] INFO  http.HttpServer2 (HttpServer2.java:addFilter(1015)) - Added filter static_user_filter (class=org.apache.hadoop.http.lib.StaticUserWebFilter$StaticUserFilter) to context static
2023-03-29 22:46:51,138 [Listener at 127.0.0.1/35627] INFO  http.HttpServer2 (HttpServer2.java:addFilter(1015)) - Added filter static_user_filter (class=org.apache.hadoop.http.lib.StaticUserWebFilter$StaticUserFilter) to context logs
2023-03-29 22:46:51,139 [Listener at 127.0.0.1/35627] INFO  http.BaseHttpServer (BaseHttpServer.java:<init>(190)) - HTTP server of ozoneManager uses base directory /home/runner/work/ozone/ozone/hadoop-ozone/integration-test/target/test-dir/MiniOzoneClusterImpl-bfbd9018-35f1-41c4-9115-0ebbd4040a15/omNode-3/webserver
2023-03-29 22:46:51,139 [Listener at 127.0.0.1/35627] INFO  http.HttpServer2 (HttpServer2.java:bindListener(1250)) - Jetty bound to port 34467
2023-03-29 22:46:51,139 [Listener at 127.0.0.1/35627] INFO  server.Server (Server.java:doStart(375)) - jetty-9.4.49.v20220914; built: 2022-09-14T01:07:36.601Z; git: 4231a3b2e4cb8548a412a789936d640a97b1aa0a; jvm 1.8.0_362-b09
2023-03-29 22:46:51,140 [Listener at 127.0.0.1/35627] INFO  server.session (DefaultSessionIdManager.java:doStart(334)) - DefaultSessionIdManager workerName=node0
2023-03-29 22:46:51,141 [Listener at 127.0.0.1/35627] INFO  server.session (DefaultSessionIdManager.java:doStart(339)) - No SessionScavenger set, using defaults
2023-03-29 22:46:51,141 [Listener at 127.0.0.1/35627] INFO  server.session (HouseKeeper.java:startScavenging(132)) - node0 Scavenging every 600000ms
2023-03-29 22:46:51,141 [Listener at 127.0.0.1/35627] INFO  handler.ContextHandler (ContextHandler.java:doStart(921)) - Started o.e.j.s.ServletContextHandler@6474690{logs,/logs,file:///home/runner/work/ozone/ozone/hadoop-ozone/integration-test/target/log,AVAILABLE}
2023-03-29 22:46:51,142 [Listener at 127.0.0.1/35627] INFO  handler.ContextHandler (ContextHandler.java:doStart(921)) - Started o.e.j.s.ServletContextHandler@154f129f{static,/static,file:///home/runner/work/ozone/ozone/hadoop-ozone/integration-test/target/test-classes/webapps/static,AVAILABLE}
2023-03-29 22:46:51,145 [Listener at 127.0.0.1/35627] INFO  handler.ContextHandler (ContextHandler.java:doStart(921)) - Started o.e.j.w.WebAppContext@4b1a4be8{ozoneManager,/,file:///home/runner/work/ozone/ozone/hadoop-ozone/integration-test/target/test-classes/webapps/ozoneManager/,AVAILABLE}{file:/home/runner/work/ozone/ozone/hadoop-ozone/integration-test/target/test-classes/webapps/ozoneManager}
2023-03-29 22:46:51,154 [Listener at 127.0.0.1/35627] INFO  server.AbstractConnector (AbstractConnector.java:doStart(333)) - Started ServerConnector@36f724e5{HTTP/1.1, (http/1.1)}{0.0.0.0:34467}
2023-03-29 22:46:51,154 [Listener at 127.0.0.1/35627] INFO  server.Server (Server.java:doStart(415)) - Started @142790ms
2023-03-29 22:46:51,154 [Listener at 127.0.0.1/35627] WARN  impl.MetricsSystemImpl (MetricsSystemImpl.java:register(279)) - Sink prometheus already exists!
2023-03-29 22:46:51,155 [omNode-3-server-thread1] INFO  server.RaftServer$Division (ServerState.java:setLeader(313)) - omNode-3@group-523986131536: change Leader from null to omNode-1 at term 1 for appendEntries, leader elected after 791ms
2023-03-29 22:46:51,155 [omNode-3-server-thread1] INFO  server.RaftServer$Division (RaftServerImpl.java:checkInconsistentAppendEntries(1508)) - omNode-3@group-523986131536: Failed appendEntries as previous log entry ((t:1, i:0)) is not found
2023-03-29 22:46:51,155 [omNode-3-server-thread1] INFO  server.RaftServer$Division (RaftServerImpl.java:checkInconsistentAppendEntries(1478)) - omNode-3@group-523986131536: inconsistency entries. Reply:omNode-1<-omNode-3#425848:FAIL-t0,INCONSISTENCY,nextIndex=0,followerCommit=-1,matchIndex=-1
2023-03-29 22:46:51,155 [Listener at 127.0.0.1/35627] INFO  http.BaseHttpServer (BaseHttpServer.java:updateConnectorAddress(344)) - HTTP server of ozoneManager listening at http://0.0.0.0:34467
2023-03-29 22:46:51,156 [grpc-default-executor-4] INFO  leader.FollowerInfo (FollowerInfoImpl.java:lambda$new$0(48)) - omNode-1@group-523986131536->omNode-3: nextIndex: updateUnconditionally 1 -> 0
2023-03-29 22:46:51,157 [IPC Server Responder] INFO  ipc.Server (Server.java:run(1512)) - IPC Server Responder: starting
2023-03-29 22:46:51,161 [omNode-3-server-thread1] INFO  server.RaftServer$Division (ServerState.java:setRaftConf(430)) - omNode-3@group-523986131536: set configuration 0: peers:[omNode-3|rpc:localhost:46875|admin:|client:|dataStream:|priority:0|startupRole:FOLLOWER, omNode-1|rpc:localhost:33317|admin:|client:|dataStream:|priority:0|startupRole:FOLLOWER, omNode-2|rpc:localhost:39631|admin:|client:|dataStream:|priority:0|startupRole:FOLLOWER]|listeners:[], old=null
2023-03-29 22:46:51,161 [omNode-3-server-thread1] INFO  segmented.SegmentedRaftLogWorker (SegmentedRaftLogWorker.java:startLogSegment(452)) - omNode-3@group-523986131536-SegmentedRaftLogWorker: Starting segment from index:0
2023-03-29 22:46:51,161 [IPC Server listener on 35627] INFO  ipc.Server (Server.java:run(1352)) - IPC Server listener on 35627: starting
2023-03-29 22:46:51,171 [omNode-3@group-523986131536-SegmentedRaftLogWorker] INFO  segmented.SegmentedRaftLogWorker (SegmentedRaftLogWorker.java:execute(656)) - omNode-3@group-523986131536-SegmentedRaftLogWorker: created new log segment /home/runner/work/ozone/ozone/hadoop-ozone/integration-test/target/test-dir/MiniOzoneClusterImpl-bfbd9018-35f1-41c4-9115-0ebbd4040a15/omNode-3/ratis/c9bc4cf4-3bc3-3c60-a66b-523986131536/current/log_inprogress_0
2023-03-29 22:46:51,178 [Listener at 127.0.0.1/35627] INFO  om.OzoneManager (OzoneManager.java:startTrashEmptier(2040)) - Trash Interval set to 0. Files deleted won't move to trash
2023-03-29 22:46:51,178 [Listener at 127.0.0.1/35627] INFO  ozone.MiniOzoneHAClusterImpl (MiniOzoneHAClusterImpl.java:createOMService(527)) - Started OzoneManager omNode-3 RPC server at localhost/127.0.0.1:35627
2023-03-29 22:46:51,187 [omNode-3@group-523986131536-StateMachineUpdater] INFO  ratis.OzoneManagerStateMachine (OzoneManagerStateMachine.java:notifyConfigurationChanged(192)) - Received Configuration change notification from Ratis. New Peer list:
[id: "omNode-3"
address: "localhost:46875"
startupRole: FOLLOWER
, id: "omNode-1"
address: "localhost:33317"
startupRole: FOLLOWER
, id: "omNode-2"
address: "localhost:39631"
startupRole: FOLLOWER
]
2023-03-29 22:46:51,191 [Listener at 127.0.0.1/35627] WARN  impl.MetricRegistriesImpl (MetricRegistriesImpl.java:addReporterRegistration(111)) - New reporters are added after registries were created. Some metrics will be missing from the reporter. Please add reporter before adding any new registry.
2023-03-29 22:46:51,192 [Listener at 127.0.0.1/35627] WARN  impl.MetricRegistriesImpl (MetricRegistriesImpl.java:addReporterRegistration(111)) - New reporters are added after registries were created. Some metrics will be missing from the reporter. Please add reporter before adding any new registry.
2023-03-29 22:46:51,192 [Listener at 127.0.0.1/35627] INFO  impl.MetricsSystemImpl (MetricsSystemImpl.java:init(158)) - HddsDatanode metrics system started (again)
2023-03-29 22:46:51,194 [org.apache.hadoop.util.JvmPauseMonitor$Monitor@7d92b9a9] INFO  util.JvmPauseMonitor (JvmPauseMonitor.java:run(188)) - Starting JVM pause monitor
2023-03-29 22:46:51,205 [Listener at 127.0.0.1/35627] INFO  ozone.HddsDatanodeService (HddsDatanodeService.java:start(249)) - HddsDatanodeService host:fv-az377-460 ip:10.1.0.40
2023-03-29 22:46:51,228 [Listener at 127.0.0.1/35627] INFO  upgrade.AbstractLayoutVersionManager (AbstractLayoutVersionManager.java:init(83)) - Initializing Layout version manager with metadata layout = DATANODE_SCHEMA_V3 (version = 4), software layout = DATANODE_SCHEMA_V3 (version = 4)
2023-03-29 22:46:51,284 [Listener at 127.0.0.1/35627] INFO  reflections.Reflections (Reflections.java:scan(232)) - Reflections took 55 ms to scan 7 urls, producing 155 keys and 368 values 
2023-03-29 22:46:51,285 [Listener at 127.0.0.1/35627] INFO  statemachine.DatanodeStateMachine (DatanodeStateMachine.java:getEndPointTaskThreadPoolSize(260)) - Datanode State Machine Task Thread Pool size 2
2023-03-29 22:46:51,287 [Listener at 127.0.0.1/35627] INFO  volume.HddsVolume (HddsVolume.java:<init>(130)) - Creating HddsVolume: /home/runner/work/ozone/ozone/hadoop-ozone/integration-test/target/test-dir/MiniOzoneClusterImpl-bfbd9018-35f1-41c4-9115-0ebbd4040a15/datanode-0/data-0/containers/hdds of storage type : DISK capacity : 9223372036854775807
2023-03-29 22:46:51,287 [Listener at 127.0.0.1/35627] INFO  volume.MutableVolumeSet (MutableVolumeSet.java:initializeVolumeSet(175)) - Added Volume : /home/runner/work/ozone/ozone/hadoop-ozone/integration-test/target/test-dir/MiniOzoneClusterImpl-bfbd9018-35f1-41c4-9115-0ebbd4040a15/datanode-0/data-0/containers/hdds to VolumeSet
2023-03-29 22:46:51,287 [Listener at 127.0.0.1/35627] INFO  volume.ThrottledAsyncChecker (ThrottledAsyncChecker.java:schedule(141)) - Scheduling a check for /home/runner/work/ozone/ozone/hadoop-ozone/integration-test/target/test-dir/MiniOzoneClusterImpl-bfbd9018-35f1-41c4-9115-0ebbd4040a15/datanode-0/data-0/containers/hdds
2023-03-29 22:46:51,289 [Listener at 127.0.0.1/35627] INFO  volume.StorageVolumeChecker (StorageVolumeChecker.java:checkAllVolumes(202)) - Scheduled health check for volume /home/runner/work/ozone/ozone/hadoop-ozone/integration-test/target/test-dir/MiniOzoneClusterImpl-bfbd9018-35f1-41c4-9115-0ebbd4040a15/datanode-0/data-0/containers/hdds
2023-03-29 22:46:51,304 [Listener at 127.0.0.1/35627] INFO  volume.MutableVolumeSet (MutableVolumeSet.java:initializeVolumeSet(175)) - Added Volume : /home/runner/work/ozone/ozone/hadoop-ozone/integration-test/target/test-dir/MiniOzoneClusterImpl-bfbd9018-35f1-41c4-9115-0ebbd4040a15/datanode-0/data/ratis to VolumeSet
2023-03-29 22:46:51,305 [Listener at 127.0.0.1/35627] INFO  volume.ThrottledAsyncChecker (ThrottledAsyncChecker.java:schedule(141)) - Scheduling a check for /home/runner/work/ozone/ozone/hadoop-ozone/integration-test/target/test-dir/MiniOzoneClusterImpl-bfbd9018-35f1-41c4-9115-0ebbd4040a15/datanode-0/data/ratis
2023-03-29 22:46:51,305 [Listener at 127.0.0.1/35627] INFO  volume.StorageVolumeChecker (StorageVolumeChecker.java:checkAllVolumes(202)) - Scheduled health check for volume /home/runner/work/ozone/ozone/hadoop-ozone/integration-test/target/test-dir/MiniOzoneClusterImpl-bfbd9018-35f1-41c4-9115-0ebbd4040a15/datanode-0/data/ratis
2023-03-29 22:46:51,318 [Thread-16903] INFO  ozoneimpl.ContainerReader (ContainerReader.java:readVolume(175)) - Finish verifying containers on volume /home/runner/work/ozone/ozone/hadoop-ozone/integration-test/target/test-dir/MiniOzoneClusterImpl-bfbd9018-35f1-41c4-9115-0ebbd4040a15/datanode-0/data-0/containers/hdds
2023-03-29 22:46:51,318 [Listener at 127.0.0.1/35627] INFO  ozoneimpl.OzoneContainer (OzoneContainer.java:buildContainerSet(303)) - Build ContainerSet costs 0s
2023-03-29 22:46:51,322 [Listener at 127.0.0.1/35627] INFO  server.RaftServer (ConfUtils.java:logGet(46)) - raft.rpc.type = GRPC (default)
2023-03-29 22:46:51,322 [Listener at 127.0.0.1/35627] INFO  grpc.GrpcConfigKeys (ConfUtils.java:logFallback(53)) - raft.grpc.admin.host = null (fallback to raft.grpc.server.host)
2023-03-29 22:46:51,322 [Listener at 127.0.0.1/35627] INFO  grpc.GrpcConfigKeys (ConfUtils.java:logGet(46)) - raft.grpc.admin.port = 0 (custom)
2023-03-29 22:46:51,322 [Listener at 127.0.0.1/35627] INFO  grpc.GrpcConfigKeys (ConfUtils.java:logFallback(53)) - raft.grpc.client.host = null (fallback to raft.grpc.server.host)
2023-03-29 22:46:51,322 [Listener at 127.0.0.1/35627] INFO  grpc.GrpcConfigKeys (ConfUtils.java:logGet(46)) - raft.grpc.client.port = 0 (custom)
2023-03-29 22:46:51,322 [Listener at 127.0.0.1/35627] INFO  grpc.GrpcConfigKeys (ConfUtils.java:logGet(46)) - raft.grpc.server.host = null (default)
2023-03-29 22:46:51,322 [Listener at 127.0.0.1/35627] INFO  grpc.GrpcConfigKeys (ConfUtils.java:logGet(46)) - raft.grpc.server.port = 0 (default)
2023-03-29 22:46:51,323 [Listener at 127.0.0.1/35627] INFO  server.GrpcService (ConfUtils.java:logGet(46)) - raft.grpc.message.size.max = 32MB (=33554432) (custom)
2023-03-29 22:46:51,323 [Listener at 127.0.0.1/35627] INFO  server.RaftServerConfigKeys (ConfUtils.java:logGet(46)) - raft.server.log.appender.buffer.byte-limit = 33554432 (custom)
2023-03-29 22:46:51,323 [Listener at 127.0.0.1/35627] INFO  server.GrpcService (ConfUtils.java:logGet(46)) - raft.grpc.flow.control.window = 5MB (=5242880) (custom)
2023-03-29 22:46:51,323 [Listener at 127.0.0.1/35627] INFO  server.RaftServerConfigKeys (ConfUtils.java:logGet(46)) - raft.server.rpc.request.timeout = 60s (custom)
2023-03-29 22:46:51,323 [Listener at 127.0.0.1/35627] INFO  grpc.GrpcConfigKeys (ConfUtils.java:logGet(46)) - raft.grpc.server.heartbeat.channel = true (default)
2023-03-29 22:46:51,323 [Listener at 127.0.0.1/35627] INFO  grpc.GrpcConfigKeys (ConfUtils.java:logGet(46)) - raft.grpc.server.async.request.thread.pool.cached = true (default)
2023-03-29 22:46:51,323 [Listener at 127.0.0.1/35627] INFO  grpc.GrpcConfigKeys (ConfUtils.java:logGet(46)) - raft.grpc.server.async.request.thread.pool.size = 32 (default)
2023-03-29 22:46:51,324 [Listener at 127.0.0.1/35627] INFO  impl.DataStreamServerImpl (ConfUtils.java:logGet(46)) - raft.datastream.type = NETTY (custom)
2023-03-29 22:46:51,325 [Listener at 127.0.0.1/35627] INFO  server.RaftServerConfigKeys (ConfUtils.java:logGet(46)) - raft.server.data-stream.async.request.thread.pool.cached = false (default)
2023-03-29 22:46:51,325 [Listener at 127.0.0.1/35627] INFO  server.RaftServerConfigKeys (ConfUtils.java:logGet(46)) - raft.server.data-stream.async.request.thread.pool.size = 20 (custom)
2023-03-29 22:46:51,325 [Listener at 127.0.0.1/35627] INFO  server.RaftServerConfigKeys (ConfUtils.java:logGet(46)) - raft.server.data-stream.async.write.thread.pool.size = 16 (default)
2023-03-29 22:46:51,325 [Listener at 127.0.0.1/35627] INFO  server.RaftServerConfigKeys (ConfUtils.java:logGet(46)) - raft.server.data-stream.client.pool.size = 10 (default)
2023-03-29 22:46:51,325 [Listener at 127.0.0.1/35627] INFO  netty.NettyConfigKeys$DataStream (ConfUtils.java:logGet(46)) - raft.netty.dataStream.server.use-epoll = false (default)
2023-03-29 22:46:51,325 [Listener at 127.0.0.1/35627] INFO  netty.NettyConfigKeys$DataStream (ConfUtils.java:logGet(46)) - raft.netty.dataStream.server.boss-group.size = 0 (default)
2023-03-29 22:46:51,326 [Listener at 127.0.0.1/35627] INFO  netty.NettyConfigKeys$DataStream (ConfUtils.java:logGet(46)) - raft.netty.dataStream.server.worker-group.size = 0 (default)
2023-03-29 22:46:51,326 [Listener at 127.0.0.1/35627] INFO  netty.NettyConfigKeys$DataStream (ConfUtils.java:logGet(46)) - raft.netty.dataStream.server.tls.conf = null (default)
2023-03-29 22:46:51,327 [Listener at 127.0.0.1/35627] INFO  netty.NettyConfigKeys$DataStream (ConfUtils.java:logGet(46)) - raft.netty.dataStream.host = null (default)
2023-03-29 22:46:51,327 [Listener at 127.0.0.1/35627] INFO  netty.NettyConfigKeys$DataStream (ConfUtils.java:logGet(46)) - raft.netty.dataStream.port = 0 (default)
2023-03-29 22:46:51,327 [Listener at 127.0.0.1/35627] INFO  server.RaftServerConfigKeys (ConfUtils.java:logGet(46)) - raft.server.threadpool.proxy.cached = true (default)
2023-03-29 22:46:51,327 [Listener at 127.0.0.1/35627] INFO  server.RaftServerConfigKeys (ConfUtils.java:logGet(46)) - raft.server.threadpool.proxy.size = 0 (default)
2023-03-29 22:46:51,327 [Listener at 127.0.0.1/35627] INFO  server.RaftServerConfigKeys (ConfUtils.java:logGet(46)) - raft.server.rpc.slowness.timeout = 300s (custom)
2023-03-29 22:46:51,328 [Listener at 127.0.0.1/35627] INFO  server.RaftServerConfigKeys (ConfUtils.java:logGet(46)) - raft.server.leaderelection.leader.step-down.wait-time = 10s (default)
2023-03-29 22:46:51,328 [Listener at 127.0.0.1/35627] INFO  server.RaftServerConfigKeys (ConfUtils.java:logGet(46)) - raft.server.storage.dir = [/home/runner/work/ozone/ozone/hadoop-ozone/integration-test/target/test-dir/MiniOzoneClusterImpl-bfbd9018-35f1-41c4-9115-0ebbd4040a15/datanode-0/data/ratis] (custom)
2023-03-29 22:46:51,328 [a1c822f6-de87-4a46-a736-590ef3e07c50-NettyServerStreamRpc-bossGroup--thread1] INFO  logging.LoggingHandler (AbstractInternalLogger.java:log(148)) - [id: 0xada6adb9] REGISTERED
2023-03-29 22:46:51,328 [a1c822f6-de87-4a46-a736-590ef3e07c50-NettyServerStreamRpc-bossGroup--thread1] INFO  logging.LoggingHandler (AbstractInternalLogger.java:log(148)) - [id: 0xada6adb9] BIND: 0.0.0.0/0.0.0.0:0
2023-03-29 22:46:51,329 [a1c822f6-de87-4a46-a736-590ef3e07c50-NettyServerStreamRpc-bossGroup--thread1] INFO  logging.LoggingHandler (AbstractInternalLogger.java:log(148)) - [id: 0xada6adb9, L:/0:0:0:0:0:0:0:0:46071] ACTIVE
2023-03-29 22:46:51,330 [Listener at 127.0.0.1/35627] INFO  server.XceiverServerGrpc (XceiverServerGrpc.java:<init>(132)) - GrpcServer channel type EpollServerSocketChannel
2023-03-29 22:46:51,334 [Listener at 127.0.0.1/35627] INFO  http.BaseHttpServer (BaseHttpServer.java:newHttpServer2BuilderForOzone(224)) - Starting Web-server for hddsDatanode at: http://0.0.0.0:0
2023-03-29 22:46:51,334 [Listener at 127.0.0.1/35627] INFO  http.BaseHttpServer (BaseHttpServer.java:<init>(111)) - Hadoop Security Enabled: false Ozone Security Enabled: false Ozone HTTP Security Enabled: false 
2023-03-29 22:46:51,335 [Listener at 127.0.0.1/35627] WARN  server.AuthenticationFilter (AuthenticationFilter.java:constructSecretProvider(240)) - Unable to initialize FileSignerSecretProvider, falling back to use random secrets. Reason: Could not read signature secret file: /home/runner/hadoop-http-auth-signature-secret
2023-03-29 22:46:51,336 [Listener at 127.0.0.1/35627] WARN  http.HttpRequestLog (HttpRequestLog.java:getRequestLog(103)) - Jetty request log can only be enabled using Log4j
2023-03-29 22:46:51,337 [Listener at 127.0.0.1/35627] INFO  http.HttpServer2 (HttpServer2.java:addGlobalFilter(1031)) - Added global filter 'safety' (class=org.apache.hadoop.hdds.server.http.HttpServer2$QuotingInputFilter)
2023-03-29 22:46:51,338 [Listener at 127.0.0.1/35627] INFO  http.HttpServer2 (HttpServer2.java:addFilter(1007)) - Added filter static_user_filter (class=org.apache.hadoop.http.lib.StaticUserWebFilter$StaticUserFilter) to context hddsDatanode
2023-03-29 22:46:51,338 [Listener at 127.0.0.1/35627] INFO  http.HttpServer2 (HttpServer2.java:addFilter(1015)) - Added filter static_user_filter (class=org.apache.hadoop.http.lib.StaticUserWebFilter$StaticUserFilter) to context static
2023-03-29 22:46:51,338 [Listener at 127.0.0.1/35627] INFO  http.HttpServer2 (HttpServer2.java:addFilter(1015)) - Added filter static_user_filter (class=org.apache.hadoop.http.lib.StaticUserWebFilter$StaticUserFilter) to context logs
2023-03-29 22:46:51,338 [Listener at 127.0.0.1/35627] INFO  http.BaseHttpServer (BaseHttpServer.java:<init>(190)) - HTTP server of hddsDatanode uses base directory /home/runner/work/ozone/ozone/hadoop-ozone/integration-test/target/test-dir/MiniOzoneClusterImpl-bfbd9018-35f1-41c4-9115-0ebbd4040a15/datanode-0/meta/webserver
2023-03-29 22:46:51,339 [Listener at 127.0.0.1/35627] INFO  http.HttpServer2 (HttpServer2.java:bindListener(1250)) - Jetty bound to port 35477
2023-03-29 22:46:51,339 [Listener at 127.0.0.1/35627] INFO  server.Server (Server.java:doStart(375)) - jetty-9.4.49.v20220914; built: 2022-09-14T01:07:36.601Z; git: 4231a3b2e4cb8548a412a789936d640a97b1aa0a; jvm 1.8.0_362-b09
2023-03-29 22:46:51,340 [Listener at 127.0.0.1/35627] INFO  server.session (DefaultSessionIdManager.java:doStart(334)) - DefaultSessionIdManager workerName=node0
2023-03-29 22:46:51,340 [Listener at 127.0.0.1/35627] INFO  server.session (DefaultSessionIdManager.java:doStart(339)) - No SessionScavenger set, using defaults
2023-03-29 22:46:51,340 [Listener at 127.0.0.1/35627] INFO  server.session (HouseKeeper.java:startScavenging(132)) - node0 Scavenging every 660000ms
2023-03-29 22:46:51,341 [Listener at 127.0.0.1/35627] INFO  handler.ContextHandler (ContextHandler.java:doStart(921)) - Started o.e.j.s.ServletContextHandler@227c4de1{logs,/logs,file:///home/runner/work/ozone/ozone/hadoop-ozone/integration-test/target/log,AVAILABLE}
2023-03-29 22:46:51,341 [Listener at 127.0.0.1/35627] INFO  handler.ContextHandler (ContextHandler.java:doStart(921)) - Started o.e.j.s.ServletContextHandler@49822344{static,/static,jar:file:/home/runner/.m2/repository/org/apache/ozone/hdds-container-service/1.4.0-SNAPSHOT/hdds-container-service-1.4.0-SNAPSHOT.jar!/webapps/static,AVAILABLE}
2023-03-29 22:46:51,449 [EndpointStateMachine task thread for /0.0.0.0:38501 - 0 ] INFO  ipc.Client (Client.java:handleConnectionFailure(1010)) - Retrying connect to server: 0.0.0.0/0.0.0.0:38501. Already tried 6 time(s); retry policy is RetryUpToMaximumCountWithFixedSleep(maxRetries=15, sleepTime=1000 MILLISECONDS)
2023-03-29 22:46:51,568 [Listener at 127.0.0.1/35627] INFO  handler.ContextHandler (ContextHandler.java:doStart(921)) - Started o.e.j.w.WebAppContext@316471cf{hddsDatanode,/,file:///home/runner/work/ozone/ozone/hadoop-ozone/integration-test/target/test-dir/MiniOzoneClusterImpl-bfbd9018-35f1-41c4-9115-0ebbd4040a15/datanode-0/meta/webserver/jetty-0_0_0_0-35477-hdds-container-service-1_4_0-SNAPSHOT_jar-_-any-7411075139929257477/webapp/,AVAILABLE}{jar:file:/home/runner/.m2/repository/org/apache/ozone/hdds-container-service/1.4.0-SNAPSHOT/hdds-container-service-1.4.0-SNAPSHOT.jar!/webapps/hddsDatanode}
2023-03-29 22:46:51,570 [Listener at 127.0.0.1/35627] INFO  server.AbstractConnector (AbstractConnector.java:doStart(333)) - Started ServerConnector@7e332f69{HTTP/1.1, (http/1.1)}{0.0.0.0:35477}
2023-03-29 22:46:51,570 [Listener at 127.0.0.1/35627] INFO  server.Server (Server.java:doStart(415)) - Started @143206ms
2023-03-29 22:46:51,570 [Listener at 127.0.0.1/35627] WARN  impl.MetricsSystemImpl (MetricsSystemImpl.java:register(279)) - Sink prometheus already exists!
2023-03-29 22:46:51,571 [Listener at 127.0.0.1/35627] INFO  http.BaseHttpServer (BaseHttpServer.java:updateConnectorAddress(344)) - HTTP server of hddsDatanode listening at http://0.0.0.0:35477
2023-03-29 22:46:51,577 [Listener at 127.0.0.1/35627] WARN  impl.MetricRegistriesImpl (MetricRegistriesImpl.java:addReporterRegistration(111)) - New reporters are added after registries were created. Some metrics will be missing from the reporter. Please add reporter before adding any new registry.
2023-03-29 22:46:51,577 [Listener at 127.0.0.1/35627] WARN  impl.MetricRegistriesImpl (MetricRegistriesImpl.java:addReporterRegistration(111)) - New reporters are added after registries were created. Some metrics will be missing from the reporter. Please add reporter before adding any new registry.
2023-03-29 22:46:51,577 [Listener at 127.0.0.1/35627] INFO  impl.MetricsSystemImpl (MetricsSystemImpl.java:init(158)) - HddsDatanode metrics system started (again)
2023-03-29 22:46:51,580 [Datanode State Machine Daemon Thread] INFO  statemachine.DatanodeStateMachine (DatanodeStateMachine.java:lambda$startDaemon$0(517)) - Ozone container server started.
2023-03-29 22:46:51,589 [org.apache.hadoop.util.JvmPauseMonitor$Monitor@351b380e] INFO  util.JvmPauseMonitor (JvmPauseMonitor.java:run(188)) - Starting JVM pause monitor
2023-03-29 22:46:51,591 [Datanode State Machine Task Thread - 0] INFO  datanode.InitDatanodeState (InitDatanodeState.java:persistContainerDatanodeDetails(138)) - DatanodeDetails is persisted to /home/runner/work/ozone/ozone/hadoop-ozone/integration-test/target/test-dir/MiniOzoneClusterImpl-bfbd9018-35f1-41c4-9115-0ebbd4040a15/datanode-0/meta/datanode.id
2023-03-29 22:46:51,594 [Listener at 127.0.0.1/35627] INFO  ozone.HddsDatanodeService (HddsDatanodeService.java:start(249)) - HddsDatanodeService host:fv-az377-460 ip:10.1.0.40
2023-03-29 22:46:51,617 [Listener at 127.0.0.1/35627] INFO  upgrade.AbstractLayoutVersionManager (AbstractLayoutVersionManager.java:init(83)) - Initializing Layout version manager with metadata layout = DATANODE_SCHEMA_V3 (version = 4), software layout = DATANODE_SCHEMA_V3 (version = 4)
2023-03-29 22:46:51,671 [Listener at 127.0.0.1/35627] INFO  reflections.Reflections (Reflections.java:scan(232)) - Reflections took 51 ms to scan 7 urls, producing 155 keys and 368 values 
2023-03-29 22:46:51,672 [Listener at 127.0.0.1/35627] INFO  statemachine.DatanodeStateMachine (DatanodeStateMachine.java:getEndPointTaskThreadPoolSize(260)) - Datanode State Machine Task Thread Pool size 2
2023-03-29 22:46:51,673 [Listener at 127.0.0.1/35627] INFO  volume.HddsVolume (HddsVolume.java:<init>(130)) - Creating HddsVolume: /home/runner/work/ozone/ozone/hadoop-ozone/integration-test/target/test-dir/MiniOzoneClusterImpl-bfbd9018-35f1-41c4-9115-0ebbd4040a15/datanode-1/data-0/containers/hdds of storage type : DISK capacity : 9223372036854775807
2023-03-29 22:46:51,674 [Listener at 127.0.0.1/35627] INFO  volume.MutableVolumeSet (MutableVolumeSet.java:initializeVolumeSet(175)) - Added Volume : /home/runner/work/ozone/ozone/hadoop-ozone/integration-test/target/test-dir/MiniOzoneClusterImpl-bfbd9018-35f1-41c4-9115-0ebbd4040a15/datanode-1/data-0/containers/hdds to VolumeSet
2023-03-29 22:46:51,674 [Listener at 127.0.0.1/35627] INFO  volume.ThrottledAsyncChecker (ThrottledAsyncChecker.java:schedule(141)) - Scheduling a check for /home/runner/work/ozone/ozone/hadoop-ozone/integration-test/target/test-dir/MiniOzoneClusterImpl-bfbd9018-35f1-41c4-9115-0ebbd4040a15/datanode-1/data-0/containers/hdds
2023-03-29 22:46:51,674 [Listener at 127.0.0.1/35627] INFO  volume.StorageVolumeChecker (StorageVolumeChecker.java:checkAllVolumes(202)) - Scheduled health check for volume /home/runner/work/ozone/ozone/hadoop-ozone/integration-test/target/test-dir/MiniOzoneClusterImpl-bfbd9018-35f1-41c4-9115-0ebbd4040a15/datanode-1/data-0/containers/hdds
2023-03-29 22:46:51,687 [Listener at 127.0.0.1/35627] INFO  volume.MutableVolumeSet (MutableVolumeSet.java:initializeVolumeSet(175)) - Added Volume : /home/runner/work/ozone/ozone/hadoop-ozone/integration-test/target/test-dir/MiniOzoneClusterImpl-bfbd9018-35f1-41c4-9115-0ebbd4040a15/datanode-1/data/ratis to VolumeSet
2023-03-29 22:46:51,688 [Listener at 127.0.0.1/35627] INFO  volume.ThrottledAsyncChecker (ThrottledAsyncChecker.java:schedule(141)) - Scheduling a check for /home/runner/work/ozone/ozone/hadoop-ozone/integration-test/target/test-dir/MiniOzoneClusterImpl-bfbd9018-35f1-41c4-9115-0ebbd4040a15/datanode-1/data/ratis
2023-03-29 22:46:51,688 [Listener at 127.0.0.1/35627] INFO  volume.StorageVolumeChecker (StorageVolumeChecker.java:checkAllVolumes(202)) - Scheduled health check for volume /home/runner/work/ozone/ozone/hadoop-ozone/integration-test/target/test-dir/MiniOzoneClusterImpl-bfbd9018-35f1-41c4-9115-0ebbd4040a15/datanode-1/data/ratis
2023-03-29 22:46:51,706 [Thread-16918] INFO  ozoneimpl.ContainerReader (ContainerReader.java:readVolume(175)) - Finish verifying containers on volume /home/runner/work/ozone/ozone/hadoop-ozone/integration-test/target/test-dir/MiniOzoneClusterImpl-bfbd9018-35f1-41c4-9115-0ebbd4040a15/datanode-1/data-0/containers/hdds
2023-03-29 22:46:51,706 [Listener at 127.0.0.1/35627] INFO  ozoneimpl.OzoneContainer (OzoneContainer.java:buildContainerSet(303)) - Build ContainerSet costs 0s
2023-03-29 22:46:51,708 [Listener at 127.0.0.1/35627] INFO  server.RaftServer (ConfUtils.java:logGet(46)) - raft.rpc.type = GRPC (default)
2023-03-29 22:46:51,708 [Listener at 127.0.0.1/35627] INFO  grpc.GrpcConfigKeys (ConfUtils.java:logFallback(53)) - raft.grpc.admin.host = null (fallback to raft.grpc.server.host)
2023-03-29 22:46:51,708 [Listener at 127.0.0.1/35627] INFO  grpc.GrpcConfigKeys (ConfUtils.java:logGet(46)) - raft.grpc.admin.port = 0 (custom)
2023-03-29 22:46:51,708 [Listener at 127.0.0.1/35627] INFO  grpc.GrpcConfigKeys (ConfUtils.java:logFallback(53)) - raft.grpc.client.host = null (fallback to raft.grpc.server.host)
2023-03-29 22:46:51,708 [Listener at 127.0.0.1/35627] INFO  grpc.GrpcConfigKeys (ConfUtils.java:logGet(46)) - raft.grpc.client.port = 0 (custom)
2023-03-29 22:46:51,708 [Listener at 127.0.0.1/35627] INFO  grpc.GrpcConfigKeys (ConfUtils.java:logGet(46)) - raft.grpc.server.host = null (default)
2023-03-29 22:46:51,708 [Listener at 127.0.0.1/35627] INFO  grpc.GrpcConfigKeys (ConfUtils.java:logGet(46)) - raft.grpc.server.port = 0 (default)
2023-03-29 22:46:51,709 [Listener at 127.0.0.1/35627] INFO  server.GrpcService (ConfUtils.java:logGet(46)) - raft.grpc.message.size.max = 32MB (=33554432) (custom)
2023-03-29 22:46:51,709 [Listener at 127.0.0.1/35627] INFO  server.RaftServerConfigKeys (ConfUtils.java:logGet(46)) - raft.server.log.appender.buffer.byte-limit = 33554432 (custom)
2023-03-29 22:46:51,709 [Listener at 127.0.0.1/35627] INFO  server.GrpcService (ConfUtils.java:logGet(46)) - raft.grpc.flow.control.window = 5MB (=5242880) (custom)
2023-03-29 22:46:51,709 [Listener at 127.0.0.1/35627] INFO  server.RaftServerConfigKeys (ConfUtils.java:logGet(46)) - raft.server.rpc.request.timeout = 60s (custom)
2023-03-29 22:46:51,709 [Listener at 127.0.0.1/35627] INFO  grpc.GrpcConfigKeys (ConfUtils.java:logGet(46)) - raft.grpc.server.heartbeat.channel = true (default)
2023-03-29 22:46:51,709 [Listener at 127.0.0.1/35627] INFO  grpc.GrpcConfigKeys (ConfUtils.java:logGet(46)) - raft.grpc.server.async.request.thread.pool.cached = true (default)
2023-03-29 22:46:51,709 [Listener at 127.0.0.1/35627] INFO  grpc.GrpcConfigKeys (ConfUtils.java:logGet(46)) - raft.grpc.server.async.request.thread.pool.size = 32 (default)
2023-03-29 22:46:51,710 [Listener at 127.0.0.1/35627] INFO  impl.DataStreamServerImpl (ConfUtils.java:logGet(46)) - raft.datastream.type = NETTY (custom)
2023-03-29 22:46:51,711 [Listener at 127.0.0.1/35627] INFO  server.RaftServerConfigKeys (ConfUtils.java:logGet(46)) - raft.server.data-stream.async.request.thread.pool.cached = false (default)
2023-03-29 22:46:51,711 [Listener at 127.0.0.1/35627] INFO  server.RaftServerConfigKeys (ConfUtils.java:logGet(46)) - raft.server.data-stream.async.request.thread.pool.size = 20 (custom)
2023-03-29 22:46:51,711 [Listener at 127.0.0.1/35627] INFO  server.RaftServerConfigKeys (ConfUtils.java:logGet(46)) - raft.server.data-stream.async.write.thread.pool.size = 16 (default)
2023-03-29 22:46:51,711 [Listener at 127.0.0.1/35627] INFO  server.RaftServerConfigKeys (ConfUtils.java:logGet(46)) - raft.server.data-stream.client.pool.size = 10 (default)
2023-03-29 22:46:51,711 [Listener at 127.0.0.1/35627] INFO  netty.NettyConfigKeys$DataStream (ConfUtils.java:logGet(46)) - raft.netty.dataStream.server.use-epoll = false (default)
2023-03-29 22:46:51,711 [Listener at 127.0.0.1/35627] INFO  netty.NettyConfigKeys$DataStream (ConfUtils.java:logGet(46)) - raft.netty.dataStream.server.boss-group.size = 0 (default)
2023-03-29 22:46:51,712 [Listener at 127.0.0.1/35627] INFO  netty.NettyConfigKeys$DataStream (ConfUtils.java:logGet(46)) - raft.netty.dataStream.server.worker-group.size = 0 (default)
2023-03-29 22:46:51,712 [Listener at 127.0.0.1/35627] INFO  netty.NettyConfigKeys$DataStream (ConfUtils.java:logGet(46)) - raft.netty.dataStream.server.tls.conf = null (default)
2023-03-29 22:46:51,712 [Listener at 127.0.0.1/35627] INFO  netty.NettyConfigKeys$DataStream (ConfUtils.java:logGet(46)) - raft.netty.dataStream.host = null (default)
2023-03-29 22:46:51,712 [Listener at 127.0.0.1/35627] INFO  netty.NettyConfigKeys$DataStream (ConfUtils.java:logGet(46)) - raft.netty.dataStream.port = 0 (default)
2023-03-29 22:46:51,713 [Listener at 127.0.0.1/35627] INFO  server.RaftServerConfigKeys (ConfUtils.java:logGet(46)) - raft.server.threadpool.proxy.cached = true (default)
2023-03-29 22:46:51,713 [Listener at 127.0.0.1/35627] INFO  server.RaftServerConfigKeys (ConfUtils.java:logGet(46)) - raft.server.threadpool.proxy.size = 0 (default)
2023-03-29 22:46:51,713 [3a6183d8-7ae2-4fce-bc35-bf6e610ba6f7-NettyServerStreamRpc-bossGroup--thread1] INFO  logging.LoggingHandler (AbstractInternalLogger.java:log(148)) - [id: 0x1c13a6bc] REGISTERED
2023-03-29 22:46:51,713 [Listener at 127.0.0.1/35627] INFO  server.RaftServerConfigKeys (ConfUtils.java:logGet(46)) - raft.server.rpc.slowness.timeout = 300s (custom)
2023-03-29 22:46:51,713 [Listener at 127.0.0.1/35627] INFO  server.RaftServerConfigKeys (ConfUtils.java:logGet(46)) - raft.server.leaderelection.leader.step-down.wait-time = 10s (default)
2023-03-29 22:46:51,713 [3a6183d8-7ae2-4fce-bc35-bf6e610ba6f7-NettyServerStreamRpc-bossGroup--thread1] INFO  logging.LoggingHandler (AbstractInternalLogger.java:log(148)) - [id: 0x1c13a6bc] BIND: 0.0.0.0/0.0.0.0:0
2023-03-29 22:46:51,713 [Listener at 127.0.0.1/35627] INFO  server.RaftServerConfigKeys (ConfUtils.java:logGet(46)) - raft.server.storage.dir = [/home/runner/work/ozone/ozone/hadoop-ozone/integration-test/target/test-dir/MiniOzoneClusterImpl-bfbd9018-35f1-41c4-9115-0ebbd4040a15/datanode-1/data/ratis] (custom)
2023-03-29 22:46:51,713 [3a6183d8-7ae2-4fce-bc35-bf6e610ba6f7-NettyServerStreamRpc-bossGroup--thread1] INFO  logging.LoggingHandler (AbstractInternalLogger.java:log(148)) - [id: 0x1c13a6bc, L:/0:0:0:0:0:0:0:0:35681] ACTIVE
2023-03-29 22:46:51,715 [Listener at 127.0.0.1/35627] INFO  server.XceiverServerGrpc (XceiverServerGrpc.java:<init>(132)) - GrpcServer channel type EpollServerSocketChannel
2023-03-29 22:46:51,718 [Listener at 127.0.0.1/35627] INFO  http.BaseHttpServer (BaseHttpServer.java:newHttpServer2BuilderForOzone(224)) - Starting Web-server for hddsDatanode at: http://0.0.0.0:0
2023-03-29 22:46:51,719 [Listener at 127.0.0.1/35627] INFO  http.BaseHttpServer (BaseHttpServer.java:<init>(111)) - Hadoop Security Enabled: false Ozone Security Enabled: false Ozone HTTP Security Enabled: false 
2023-03-29 22:46:51,722 [Listener at 127.0.0.1/35627] WARN  server.AuthenticationFilter (AuthenticationFilter.java:constructSecretProvider(240)) - Unable to initialize FileSignerSecretProvider, falling back to use random secrets. Reason: Could not read signature secret file: /home/runner/hadoop-http-auth-signature-secret
2023-03-29 22:46:51,723 [Listener at 127.0.0.1/35627] WARN  http.HttpRequestLog (HttpRequestLog.java:getRequestLog(103)) - Jetty request log can only be enabled using Log4j
2023-03-29 22:46:51,724 [Listener at 127.0.0.1/35627] INFO  http.HttpServer2 (HttpServer2.java:addGlobalFilter(1031)) - Added global filter 'safety' (class=org.apache.hadoop.hdds.server.http.HttpServer2$QuotingInputFilter)
2023-03-29 22:46:51,724 [Listener at 127.0.0.1/35627] INFO  http.HttpServer2 (HttpServer2.java:addFilter(1007)) - Added filter static_user_filter (class=org.apache.hadoop.http.lib.StaticUserWebFilter$StaticUserFilter) to context hddsDatanode
2023-03-29 22:46:51,724 [Listener at 127.0.0.1/35627] INFO  http.HttpServer2 (HttpServer2.java:addFilter(1015)) - Added filter static_user_filter (class=org.apache.hadoop.http.lib.StaticUserWebFilter$StaticUserFilter) to context logs
2023-03-29 22:46:51,724 [Listener at 127.0.0.1/35627] INFO  http.HttpServer2 (HttpServer2.java:addFilter(1015)) - Added filter static_user_filter (class=org.apache.hadoop.http.lib.StaticUserWebFilter$StaticUserFilter) to context static
2023-03-29 22:46:51,725 [Listener at 127.0.0.1/35627] INFO  http.BaseHttpServer (BaseHttpServer.java:<init>(190)) - HTTP server of hddsDatanode uses base directory /home/runner/work/ozone/ozone/hadoop-ozone/integration-test/target/test-dir/MiniOzoneClusterImpl-bfbd9018-35f1-41c4-9115-0ebbd4040a15/datanode-1/meta/webserver
2023-03-29 22:46:51,725 [Listener at 127.0.0.1/35627] INFO  http.HttpServer2 (HttpServer2.java:bindListener(1250)) - Jetty bound to port 43193
2023-03-29 22:46:51,725 [Listener at 127.0.0.1/35627] INFO  server.Server (Server.java:doStart(375)) - jetty-9.4.49.v20220914; built: 2022-09-14T01:07:36.601Z; git: 4231a3b2e4cb8548a412a789936d640a97b1aa0a; jvm 1.8.0_362-b09
2023-03-29 22:46:51,727 [Listener at 127.0.0.1/35627] INFO  server.session (DefaultSessionIdManager.java:doStart(334)) - DefaultSessionIdManager workerName=node0
2023-03-29 22:46:51,727 [Listener at 127.0.0.1/35627] INFO  server.session (DefaultSessionIdManager.java:doStart(339)) - No SessionScavenger set, using defaults
2023-03-29 22:46:51,729 [Listener at 127.0.0.1/35627] INFO  server.session (HouseKeeper.java:startScavenging(132)) - node0 Scavenging every 600000ms
2023-03-29 22:46:51,730 [Listener at 127.0.0.1/35627] INFO  handler.ContextHandler (ContextHandler.java:doStart(921)) - Started o.e.j.s.ServletContextHandler@6cad901f{logs,/logs,file:///home/runner/work/ozone/ozone/hadoop-ozone/integration-test/target/log,AVAILABLE}
2023-03-29 22:46:51,730 [Listener at 127.0.0.1/35627] INFO  handler.ContextHandler (ContextHandler.java:doStart(921)) - Started o.e.j.s.ServletContextHandler@62fb4905{static,/static,jar:file:/home/runner/.m2/repository/org/apache/ozone/hdds-container-service/1.4.0-SNAPSHOT/hdds-container-service-1.4.0-SNAPSHOT.jar!/webapps/static,AVAILABLE}
2023-03-29 22:46:51,971 [Listener at 127.0.0.1/35627] INFO  handler.ContextHandler (ContextHandler.java:doStart(921)) - Started o.e.j.w.WebAppContext@48d35c40{hddsDatanode,/,file:///home/runner/work/ozone/ozone/hadoop-ozone/integration-test/target/test-dir/MiniOzoneClusterImpl-bfbd9018-35f1-41c4-9115-0ebbd4040a15/datanode-1/meta/webserver/jetty-0_0_0_0-43193-hdds-container-service-1_4_0-SNAPSHOT_jar-_-any-1252371610938548639/webapp/,AVAILABLE}{jar:file:/home/runner/.m2/repository/org/apache/ozone/hdds-container-service/1.4.0-SNAPSHOT/hdds-container-service-1.4.0-SNAPSHOT.jar!/webapps/hddsDatanode}
2023-03-29 22:46:51,976 [Listener at 127.0.0.1/35627] INFO  server.AbstractConnector (AbstractConnector.java:doStart(333)) - Started ServerConnector@7d995a3f{HTTP/1.1, (http/1.1)}{0.0.0.0:43193}
2023-03-29 22:46:51,976 [Listener at 127.0.0.1/35627] INFO  server.Server (Server.java:doStart(415)) - Started @143612ms
2023-03-29 22:46:51,976 [Listener at 127.0.0.1/35627] WARN  impl.MetricsSystemImpl (MetricsSystemImpl.java:register(279)) - Sink prometheus already exists!
2023-03-29 22:46:51,977 [Listener at 127.0.0.1/35627] INFO  http.BaseHttpServer (BaseHttpServer.java:updateConnectorAddress(344)) - HTTP server of hddsDatanode listening at http://0.0.0.0:43193
2023-03-29 22:46:51,978 [Listener at 127.0.0.1/35627] WARN  impl.MetricRegistriesImpl (MetricRegistriesImpl.java:addReporterRegistration(111)) - New reporters are added after registries were created. Some metrics will be missing from the reporter. Please add reporter before adding any new registry.
2023-03-29 22:46:51,978 [Listener at 127.0.0.1/35627] WARN  impl.MetricRegistriesImpl (MetricRegistriesImpl.java:addReporterRegistration(111)) - New reporters are added after registries were created. Some metrics will be missing from the reporter. Please add reporter before adding any new registry.
2023-03-29 22:46:51,978 [Listener at 127.0.0.1/35627] INFO  impl.MetricsSystemImpl (MetricsSystemImpl.java:init(158)) - HddsDatanode metrics system started (again)
2023-03-29 22:46:51,984 [Datanode State Machine Daemon Thread] INFO  statemachine.DatanodeStateMachine (DatanodeStateMachine.java:lambda$startDaemon$0(517)) - Ozone container server started.
2023-03-29 22:46:51,989 [org.apache.hadoop.util.JvmPauseMonitor$Monitor@235ce779] INFO  util.JvmPauseMonitor (JvmPauseMonitor.java:run(188)) - Starting JVM pause monitor
2023-03-29 22:46:51,990 [Datanode State Machine Task Thread - 0] INFO  datanode.InitDatanodeState (InitDatanodeState.java:persistContainerDatanodeDetails(138)) - DatanodeDetails is persisted to /home/runner/work/ozone/ozone/hadoop-ozone/integration-test/target/test-dir/MiniOzoneClusterImpl-bfbd9018-35f1-41c4-9115-0ebbd4040a15/datanode-1/meta/datanode.id
2023-03-29 22:46:51,996 [Listener at 127.0.0.1/35627] INFO  ozone.HddsDatanodeService (HddsDatanodeService.java:start(249)) - HddsDatanodeService host:fv-az377-460 ip:10.1.0.40
2023-03-29 22:46:52,020 [Listener at 127.0.0.1/35627] INFO  upgrade.AbstractLayoutVersionManager (AbstractLayoutVersionManager.java:init(83)) - Initializing Layout version manager with metadata layout = DATANODE_SCHEMA_V3 (version = 4), software layout = DATANODE_SCHEMA_V3 (version = 4)
2023-03-29 22:46:52,073 [Listener at 127.0.0.1/35627] INFO  reflections.Reflections (Reflections.java:scan(232)) - Reflections took 51 ms to scan 7 urls, producing 155 keys and 368 values 
2023-03-29 22:46:52,075 [Listener at 127.0.0.1/35627] INFO  statemachine.DatanodeStateMachine (DatanodeStateMachine.java:getEndPointTaskThreadPoolSize(260)) - Datanode State Machine Task Thread Pool size 2
2023-03-29 22:46:52,077 [Listener at 127.0.0.1/35627] INFO  volume.HddsVolume (HddsVolume.java:<init>(130)) - Creating HddsVolume: /home/runner/work/ozone/ozone/hadoop-ozone/integration-test/target/test-dir/MiniOzoneClusterImpl-bfbd9018-35f1-41c4-9115-0ebbd4040a15/datanode-2/data-0/containers/hdds of storage type : DISK capacity : 9223372036854775807
2023-03-29 22:46:52,077 [Listener at 127.0.0.1/35627] INFO  volume.MutableVolumeSet (MutableVolumeSet.java:initializeVolumeSet(175)) - Added Volume : /home/runner/work/ozone/ozone/hadoop-ozone/integration-test/target/test-dir/MiniOzoneClusterImpl-bfbd9018-35f1-41c4-9115-0ebbd4040a15/datanode-2/data-0/containers/hdds to VolumeSet
2023-03-29 22:46:52,077 [Listener at 127.0.0.1/35627] INFO  volume.ThrottledAsyncChecker (ThrottledAsyncChecker.java:schedule(141)) - Scheduling a check for /home/runner/work/ozone/ozone/hadoop-ozone/integration-test/target/test-dir/MiniOzoneClusterImpl-bfbd9018-35f1-41c4-9115-0ebbd4040a15/datanode-2/data-0/containers/hdds
2023-03-29 22:46:52,077 [Listener at 127.0.0.1/35627] INFO  volume.StorageVolumeChecker (StorageVolumeChecker.java:checkAllVolumes(202)) - Scheduled health check for volume /home/runner/work/ozone/ozone/hadoop-ozone/integration-test/target/test-dir/MiniOzoneClusterImpl-bfbd9018-35f1-41c4-9115-0ebbd4040a15/datanode-2/data-0/containers/hdds
2023-03-29 22:46:52,090 [Listener at 127.0.0.1/35627] INFO  volume.MutableVolumeSet (MutableVolumeSet.java:initializeVolumeSet(175)) - Added Volume : /home/runner/work/ozone/ozone/hadoop-ozone/integration-test/target/test-dir/MiniOzoneClusterImpl-bfbd9018-35f1-41c4-9115-0ebbd4040a15/datanode-2/data/ratis to VolumeSet
2023-03-29 22:46:52,090 [Listener at 127.0.0.1/35627] INFO  volume.ThrottledAsyncChecker (ThrottledAsyncChecker.java:schedule(141)) - Scheduling a check for /home/runner/work/ozone/ozone/hadoop-ozone/integration-test/target/test-dir/MiniOzoneClusterImpl-bfbd9018-35f1-41c4-9115-0ebbd4040a15/datanode-2/data/ratis
2023-03-29 22:46:52,090 [Listener at 127.0.0.1/35627] INFO  volume.StorageVolumeChecker (StorageVolumeChecker.java:checkAllVolumes(202)) - Scheduled health check for volume /home/runner/work/ozone/ozone/hadoop-ozone/integration-test/target/test-dir/MiniOzoneClusterImpl-bfbd9018-35f1-41c4-9115-0ebbd4040a15/datanode-2/data/ratis
2023-03-29 22:46:52,102 [Thread-16932] INFO  ozoneimpl.ContainerReader (ContainerReader.java:readVolume(175)) - Finish verifying containers on volume /home/runner/work/ozone/ozone/hadoop-ozone/integration-test/target/test-dir/MiniOzoneClusterImpl-bfbd9018-35f1-41c4-9115-0ebbd4040a15/datanode-2/data-0/containers/hdds
2023-03-29 22:46:52,102 [Listener at 127.0.0.1/35627] INFO  ozoneimpl.OzoneContainer (OzoneContainer.java:buildContainerSet(303)) - Build ContainerSet costs 0s
2023-03-29 22:46:52,104 [Listener at 127.0.0.1/35627] INFO  server.RaftServer (ConfUtils.java:logGet(46)) - raft.rpc.type = GRPC (default)
2023-03-29 22:46:52,104 [Listener at 127.0.0.1/35627] INFO  grpc.GrpcConfigKeys (ConfUtils.java:logFallback(53)) - raft.grpc.admin.host = null (fallback to raft.grpc.server.host)
2023-03-29 22:46:52,104 [Listener at 127.0.0.1/35627] INFO  grpc.GrpcConfigKeys (ConfUtils.java:logGet(46)) - raft.grpc.admin.port = 0 (custom)
2023-03-29 22:46:52,104 [Listener at 127.0.0.1/35627] INFO  grpc.GrpcConfigKeys (ConfUtils.java:logFallback(53)) - raft.grpc.client.host = null (fallback to raft.grpc.server.host)
2023-03-29 22:46:52,104 [Listener at 127.0.0.1/35627] INFO  grpc.GrpcConfigKeys (ConfUtils.java:logGet(46)) - raft.grpc.client.port = 0 (custom)
2023-03-29 22:46:52,105 [Listener at 127.0.0.1/35627] INFO  grpc.GrpcConfigKeys (ConfUtils.java:logGet(46)) - raft.grpc.server.host = null (default)
2023-03-29 22:46:52,105 [Listener at 127.0.0.1/35627] INFO  grpc.GrpcConfigKeys (ConfUtils.java:logGet(46)) - raft.grpc.server.port = 0 (default)
2023-03-29 22:46:52,105 [Listener at 127.0.0.1/35627] INFO  server.GrpcService (ConfUtils.java:logGet(46)) - raft.grpc.message.size.max = 32MB (=33554432) (custom)
2023-03-29 22:46:52,105 [Listener at 127.0.0.1/35627] INFO  server.RaftServerConfigKeys (ConfUtils.java:logGet(46)) - raft.server.log.appender.buffer.byte-limit = 33554432 (custom)
2023-03-29 22:46:52,105 [Listener at 127.0.0.1/35627] INFO  server.GrpcService (ConfUtils.java:logGet(46)) - raft.grpc.flow.control.window = 5MB (=5242880) (custom)
2023-03-29 22:46:52,105 [Listener at 127.0.0.1/35627] INFO  server.RaftServerConfigKeys (ConfUtils.java:logGet(46)) - raft.server.rpc.request.timeout = 60s (custom)
2023-03-29 22:46:52,105 [Listener at 127.0.0.1/35627] INFO  grpc.GrpcConfigKeys (ConfUtils.java:logGet(46)) - raft.grpc.server.heartbeat.channel = true (default)
2023-03-29 22:46:52,105 [Listener at 127.0.0.1/35627] INFO  grpc.GrpcConfigKeys (ConfUtils.java:logGet(46)) - raft.grpc.server.async.request.thread.pool.cached = true (default)
2023-03-29 22:46:52,105 [Listener at 127.0.0.1/35627] INFO  grpc.GrpcConfigKeys (ConfUtils.java:logGet(46)) - raft.grpc.server.async.request.thread.pool.size = 32 (default)
2023-03-29 22:46:52,106 [Listener at 127.0.0.1/35627] INFO  impl.DataStreamServerImpl (ConfUtils.java:logGet(46)) - raft.datastream.type = NETTY (custom)
2023-03-29 22:46:52,107 [Listener at 127.0.0.1/35627] INFO  server.RaftServerConfigKeys (ConfUtils.java:logGet(46)) - raft.server.data-stream.async.request.thread.pool.cached = false (default)
2023-03-29 22:46:52,107 [Listener at 127.0.0.1/35627] INFO  server.RaftServerConfigKeys (ConfUtils.java:logGet(46)) - raft.server.data-stream.async.request.thread.pool.size = 20 (custom)
2023-03-29 22:46:52,107 [Listener at 127.0.0.1/35627] INFO  server.RaftServerConfigKeys (ConfUtils.java:logGet(46)) - raft.server.data-stream.async.write.thread.pool.size = 16 (default)
2023-03-29 22:46:52,107 [Listener at 127.0.0.1/35627] INFO  server.RaftServerConfigKeys (ConfUtils.java:logGet(46)) - raft.server.data-stream.client.pool.size = 10 (default)
2023-03-29 22:46:52,107 [Listener at 127.0.0.1/35627] INFO  netty.NettyConfigKeys$DataStream (ConfUtils.java:logGet(46)) - raft.netty.dataStream.server.use-epoll = false (default)
2023-03-29 22:46:52,107 [Listener at 127.0.0.1/35627] INFO  netty.NettyConfigKeys$DataStream (ConfUtils.java:logGet(46)) - raft.netty.dataStream.server.boss-group.size = 0 (default)
2023-03-29 22:46:52,108 [Listener at 127.0.0.1/35627] INFO  netty.NettyConfigKeys$DataStream (ConfUtils.java:logGet(46)) - raft.netty.dataStream.server.worker-group.size = 0 (default)
2023-03-29 22:46:52,108 [Listener at 127.0.0.1/35627] INFO  netty.NettyConfigKeys$DataStream (ConfUtils.java:logGet(46)) - raft.netty.dataStream.server.tls.conf = null (default)
2023-03-29 22:46:52,108 [Listener at 127.0.0.1/35627] INFO  netty.NettyConfigKeys$DataStream (ConfUtils.java:logGet(46)) - raft.netty.dataStream.host = null (default)
2023-03-29 22:46:52,108 [Listener at 127.0.0.1/35627] INFO  netty.NettyConfigKeys$DataStream (ConfUtils.java:logGet(46)) - raft.netty.dataStream.port = 0 (default)
2023-03-29 22:46:52,109 [Listener at 127.0.0.1/35627] INFO  server.RaftServerConfigKeys (ConfUtils.java:logGet(46)) - raft.server.threadpool.proxy.cached = true (default)
2023-03-29 22:46:52,109 [Listener at 127.0.0.1/35627] INFO  server.RaftServerConfigKeys (ConfUtils.java:logGet(46)) - raft.server.threadpool.proxy.size = 0 (default)
2023-03-29 22:46:52,109 [Listener at 127.0.0.1/35627] INFO  server.RaftServerConfigKeys (ConfUtils.java:logGet(46)) - raft.server.rpc.slowness.timeout = 300s (custom)
2023-03-29 22:46:52,109 [Listener at 127.0.0.1/35627] INFO  server.RaftServerConfigKeys (ConfUtils.java:logGet(46)) - raft.server.leaderelection.leader.step-down.wait-time = 10s (default)
2023-03-29 22:46:52,109 [Listener at 127.0.0.1/35627] INFO  server.RaftServerConfigKeys (ConfUtils.java:logGet(46)) - raft.server.storage.dir = [/home/runner/work/ozone/ozone/hadoop-ozone/integration-test/target/test-dir/MiniOzoneClusterImpl-bfbd9018-35f1-41c4-9115-0ebbd4040a15/datanode-2/data/ratis] (custom)
2023-03-29 22:46:52,110 [3991cbd9-9568-4ba2-a189-55b02b3736d1-NettyServerStreamRpc-bossGroup--thread1] INFO  logging.LoggingHandler (AbstractInternalLogger.java:log(148)) - [id: 0x94aad0e2] REGISTERED
2023-03-29 22:46:52,110 [3991cbd9-9568-4ba2-a189-55b02b3736d1-NettyServerStreamRpc-bossGroup--thread1] INFO  logging.LoggingHandler (AbstractInternalLogger.java:log(148)) - [id: 0x94aad0e2] BIND: 0.0.0.0/0.0.0.0:0
2023-03-29 22:46:52,110 [3991cbd9-9568-4ba2-a189-55b02b3736d1-NettyServerStreamRpc-bossGroup--thread1] INFO  logging.LoggingHandler (AbstractInternalLogger.java:log(148)) - [id: 0x94aad0e2, L:/0:0:0:0:0:0:0:0:35317] ACTIVE
2023-03-29 22:46:52,111 [Listener at 127.0.0.1/35627] INFO  server.XceiverServerGrpc (XceiverServerGrpc.java:<init>(132)) - GrpcServer channel type EpollServerSocketChannel
2023-03-29 22:46:52,114 [Listener at 127.0.0.1/35627] INFO  http.BaseHttpServer (BaseHttpServer.java:newHttpServer2BuilderForOzone(224)) - Starting Web-server for hddsDatanode at: http://0.0.0.0:0
2023-03-29 22:46:52,114 [Listener at 127.0.0.1/35627] INFO  http.BaseHttpServer (BaseHttpServer.java:<init>(111)) - Hadoop Security Enabled: false Ozone Security Enabled: false Ozone HTTP Security Enabled: false 
2023-03-29 22:46:52,115 [Listener at 127.0.0.1/35627] WARN  server.AuthenticationFilter (AuthenticationFilter.java:constructSecretProvider(240)) - Unable to initialize FileSignerSecretProvider, falling back to use random secrets. Reason: Could not read signature secret file: /home/runner/hadoop-http-auth-signature-secret
2023-03-29 22:46:52,121 [Listener at 127.0.0.1/35627] WARN  http.HttpRequestLog (HttpRequestLog.java:getRequestLog(103)) - Jetty request log can only be enabled using Log4j
2023-03-29 22:46:52,123 [Listener at 127.0.0.1/35627] INFO  http.HttpServer2 (HttpServer2.java:addGlobalFilter(1031)) - Added global filter 'safety' (class=org.apache.hadoop.hdds.server.http.HttpServer2$QuotingInputFilter)
2023-03-29 22:46:52,123 [Listener at 127.0.0.1/35627] INFO  http.HttpServer2 (HttpServer2.java:addFilter(1007)) - Added filter static_user_filter (class=org.apache.hadoop.http.lib.StaticUserWebFilter$StaticUserFilter) to context hddsDatanode
2023-03-29 22:46:52,123 [Listener at 127.0.0.1/35627] INFO  http.HttpServer2 (HttpServer2.java:addFilter(1015)) - Added filter static_user_filter (class=org.apache.hadoop.http.lib.StaticUserWebFilter$StaticUserFilter) to context logs
2023-03-29 22:46:52,123 [Listener at 127.0.0.1/35627] INFO  http.HttpServer2 (HttpServer2.java:addFilter(1015)) - Added filter static_user_filter (class=org.apache.hadoop.http.lib.StaticUserWebFilter$StaticUserFilter) to context static
2023-03-29 22:46:52,124 [Listener at 127.0.0.1/35627] INFO  http.BaseHttpServer (BaseHttpServer.java:<init>(190)) - HTTP server of hddsDatanode uses base directory /home/runner/work/ozone/ozone/hadoop-ozone/integration-test/target/test-dir/MiniOzoneClusterImpl-bfbd9018-35f1-41c4-9115-0ebbd4040a15/datanode-2/meta/webserver
2023-03-29 22:46:52,124 [Listener at 127.0.0.1/35627] INFO  http.HttpServer2 (HttpServer2.java:bindListener(1250)) - Jetty bound to port 45177
2023-03-29 22:46:52,124 [Listener at 127.0.0.1/35627] INFO  server.Server (Server.java:doStart(375)) - jetty-9.4.49.v20220914; built: 2022-09-14T01:07:36.601Z; git: 4231a3b2e4cb8548a412a789936d640a97b1aa0a; jvm 1.8.0_362-b09
2023-03-29 22:46:52,125 [Listener at 127.0.0.1/35627] INFO  server.session (DefaultSessionIdManager.java:doStart(334)) - DefaultSessionIdManager workerName=node0
2023-03-29 22:46:52,126 [Listener at 127.0.0.1/35627] INFO  server.session (DefaultSessionIdManager.java:doStart(339)) - No SessionScavenger set, using defaults
2023-03-29 22:46:52,126 [Listener at 127.0.0.1/35627] INFO  server.session (HouseKeeper.java:startScavenging(132)) - node0 Scavenging every 660000ms
2023-03-29 22:46:52,126 [Listener at 127.0.0.1/35627] INFO  handler.ContextHandler (ContextHandler.java:doStart(921)) - Started o.e.j.s.ServletContextHandler@782a131d{logs,/logs,file:///home/runner/work/ozone/ozone/hadoop-ozone/integration-test/target/log,AVAILABLE}
2023-03-29 22:46:52,127 [Listener at 127.0.0.1/35627] INFO  handler.ContextHandler (ContextHandler.java:doStart(921)) - Started o.e.j.s.ServletContextHandler@43f17f5{static,/static,jar:file:/home/runner/.m2/repository/org/apache/ozone/hdds-container-service/1.4.0-SNAPSHOT/hdds-container-service-1.4.0-SNAPSHOT.jar!/webapps/static,AVAILABLE}
2023-03-29 22:46:52,352 [Listener at 127.0.0.1/35627] INFO  handler.ContextHandler (ContextHandler.java:doStart(921)) - Started o.e.j.w.WebAppContext@33ef3af5{hddsDatanode,/,file:///home/runner/work/ozone/ozone/hadoop-ozone/integration-test/target/test-dir/MiniOzoneClusterImpl-bfbd9018-35f1-41c4-9115-0ebbd4040a15/datanode-2/meta/webserver/jetty-0_0_0_0-45177-hdds-container-service-1_4_0-SNAPSHOT_jar-_-any-1256585825245935929/webapp/,AVAILABLE}{jar:file:/home/runner/.m2/repository/org/apache/ozone/hdds-container-service/1.4.0-SNAPSHOT/hdds-container-service-1.4.0-SNAPSHOT.jar!/webapps/hddsDatanode}
2023-03-29 22:46:52,354 [Listener at 127.0.0.1/35627] INFO  server.AbstractConnector (AbstractConnector.java:doStart(333)) - Started ServerConnector@6652d373{HTTP/1.1, (http/1.1)}{0.0.0.0:45177}
2023-03-29 22:46:52,354 [Listener at 127.0.0.1/35627] INFO  server.Server (Server.java:doStart(415)) - Started @143990ms
2023-03-29 22:46:52,355 [Listener at 127.0.0.1/35627] WARN  impl.MetricsSystemImpl (MetricsSystemImpl.java:register(279)) - Sink prometheus already exists!
2023-03-29 22:46:52,355 [Listener at 127.0.0.1/35627] INFO  http.BaseHttpServer (BaseHttpServer.java:updateConnectorAddress(344)) - HTTP server of hddsDatanode listening at http://0.0.0.0:45177
2023-03-29 22:46:52,356 [Datanode State Machine Daemon Thread] INFO  statemachine.DatanodeStateMachine (DatanodeStateMachine.java:lambda$startDaemon$0(517)) - Ozone container server started.
2023-03-29 22:46:52,356 [Listener at 127.0.0.1/35627] INFO  ozone.MiniOzoneClusterImpl (MiniOzoneClusterImpl.java:lambda$waitForClusterToBeReady$0(222)) - Waiting for nodes to be ready. Got 0 of 3 DN Heartbeats.
2023-03-29 22:46:52,358 [Listener at 127.0.0.1/35627] INFO  ozone.MiniOzoneClusterImpl (MiniOzoneClusterImpl.java:lambda$waitForClusterToBeReady$0(225)) - Waiting for cluster to exit safe mode
2023-03-29 22:46:52,358 [Listener at 127.0.0.1/35627] INFO  ozone.MiniOzoneClusterImpl (MiniOzoneClusterImpl.java:lambda$waitForClusterToBeReady$0(227)) - SCM became leader
2023-03-29 22:46:52,359 [org.apache.hadoop.util.JvmPauseMonitor$Monitor@256cd093] INFO  util.JvmPauseMonitor (JvmPauseMonitor.java:run(188)) - Starting JVM pause monitor
2023-03-29 22:46:52,362 [Datanode State Machine Task Thread - 0] INFO  datanode.InitDatanodeState (InitDatanodeState.java:persistContainerDatanodeDetails(138)) - DatanodeDetails is persisted to /home/runner/work/ozone/ozone/hadoop-ozone/integration-test/target/test-dir/MiniOzoneClusterImpl-bfbd9018-35f1-41c4-9115-0ebbd4040a15/datanode-2/meta/datanode.id
2023-03-29 22:46:52,450 [EndpointStateMachine task thread for /0.0.0.0:38501 - 0 ] INFO  ipc.Client (Client.java:handleConnectionFailure(1010)) - Retrying connect to server: 0.0.0.0/0.0.0.0:38501. Already tried 7 time(s); retry policy is RetryUpToMaximumCountWithFixedSleep(maxRetries=15, sleepTime=1000 MILLISECONDS)
2023-03-29 22:46:53,359 [Listener at 127.0.0.1/35627] INFO  ozone.MiniOzoneClusterImpl (MiniOzoneClusterImpl.java:lambda$waitForClusterToBeReady$0(222)) - Waiting for nodes to be ready. Got 0 of 3 DN Heartbeats.
2023-03-29 22:46:53,359 [Listener at 127.0.0.1/35627] INFO  ozone.MiniOzoneClusterImpl (MiniOzoneClusterImpl.java:lambda$waitForClusterToBeReady$0(225)) - Waiting for cluster to exit safe mode
2023-03-29 22:46:53,359 [Listener at 127.0.0.1/35627] INFO  ozone.MiniOzoneClusterImpl (MiniOzoneClusterImpl.java:lambda$waitForClusterToBeReady$0(227)) - SCM became leader
2023-03-29 22:46:53,450 [EndpointStateMachine task thread for /0.0.0.0:38501 - 0 ] INFO  ipc.Client (Client.java:handleConnectionFailure(1010)) - Retrying connect to server: 0.0.0.0/0.0.0.0:38501. Already tried 8 time(s); retry policy is RetryUpToMaximumCountWithFixedSleep(maxRetries=15, sleepTime=1000 MILLISECONDS)
2023-03-29 22:46:53,636 [EndpointStateMachine task thread for /0.0.0.0:42047 - 0 ] INFO  utils.DatanodeStoreCache (DatanodeStoreCache.java:addDB(58)) - Added db /home/runner/work/ozone/ozone/hadoop-ozone/integration-test/target/test-dir/MiniOzoneClusterImpl-bfbd9018-35f1-41c4-9115-0ebbd4040a15/datanode-0/data-0/containers/hdds/bfbd9018-35f1-41c4-9115-0ebbd4040a15/DS-f08c64c9-3d24-474d-833a-63c10194af9a/container.db to cache
2023-03-29 22:46:53,636 [EndpointStateMachine task thread for /0.0.0.0:42047 - 0 ] INFO  volume.HddsVolume (HddsVolume.java:createDbStore(350)) - SchemaV3 db is created and loaded at /home/runner/work/ozone/ozone/hadoop-ozone/integration-test/target/test-dir/MiniOzoneClusterImpl-bfbd9018-35f1-41c4-9115-0ebbd4040a15/datanode-0/data-0/containers/hdds/bfbd9018-35f1-41c4-9115-0ebbd4040a15/DS-f08c64c9-3d24-474d-833a-63c10194af9a/container.db for volume DS-f08c64c9-3d24-474d-833a-63c10194af9a
2023-03-29 22:46:53,636 [EndpointStateMachine task thread for /0.0.0.0:42047 - 0 ] INFO  ozoneimpl.OzoneContainer (OzoneContainer.java:start(397)) - Attempting to start container services.
2023-03-29 22:46:53,636 [EndpointStateMachine task thread for /0.0.0.0:42047 - 0 ] INFO  ozoneimpl.OzoneContainer (OzoneContainer.java:startContainerScrub(314)) - Scheduled background container scanners and the on-demand container scanner have been disabled.
2023-03-29 22:46:53,639 [EndpointStateMachine task thread for /0.0.0.0:42047 - 0 ] INFO  replication.ReplicationServer (ReplicationServer.java:start(109)) - ReplicationServer is started using port 33969
2023-03-29 22:46:53,640 [EndpointStateMachine task thread for /0.0.0.0:42047 - 0 ] INFO  ratis.XceiverServerRatis (XceiverServerRatis.java:start(517)) - Starting XceiverServerRatis a1c822f6-de87-4a46-a736-590ef3e07c50
2023-03-29 22:46:53,640 [EndpointStateMachine task thread for /0.0.0.0:42047 - 0 ] INFO  server.RaftServer (RaftServerProxy.java:startImpl(393)) - a1c822f6-de87-4a46-a736-590ef3e07c50: start RPC server
2023-03-29 22:46:53,643 [EndpointStateMachine task thread for /0.0.0.0:42047 - 0 ] INFO  server.GrpcService (GrpcService.java:startImpl(262)) - a1c822f6-de87-4a46-a736-590ef3e07c50: GrpcService started, listening on 46211
2023-03-29 22:46:53,643 [EndpointStateMachine task thread for /0.0.0.0:42047 - 0 ] INFO  ratis.XceiverServerRatis (XceiverServerRatis.java:getRealPort(543)) - XceiverServerRatis a1c822f6-de87-4a46-a736-590ef3e07c50 is started using port 46211 for RATIS
2023-03-29 22:46:53,643 [JvmPauseMonitor15] INFO  util.JvmPauseMonitor (JvmPauseMonitor.java:run(105)) - JvmPauseMonitor-a1c822f6-de87-4a46-a736-590ef3e07c50: Started
2023-03-29 22:46:53,643 [EndpointStateMachine task thread for /0.0.0.0:42047 - 0 ] INFO  ratis.XceiverServerRatis (XceiverServerRatis.java:getRealPort(543)) - XceiverServerRatis a1c822f6-de87-4a46-a736-590ef3e07c50 is started using port 46211 for RATIS_ADMIN
2023-03-29 22:46:53,643 [EndpointStateMachine task thread for /0.0.0.0:42047 - 0 ] INFO  ratis.XceiverServerRatis (XceiverServerRatis.java:getRealPort(543)) - XceiverServerRatis a1c822f6-de87-4a46-a736-590ef3e07c50 is started using port 46211 for RATIS_SERVER
2023-03-29 22:46:53,643 [EndpointStateMachine task thread for /0.0.0.0:42047 - 0 ] INFO  ratis.XceiverServerRatis (XceiverServerRatis.java:getRealPort(543)) - XceiverServerRatis a1c822f6-de87-4a46-a736-590ef3e07c50 is started using port 46071 for RATIS_DATASTREAM
2023-03-29 22:46:53,647 [EndpointStateMachine task thread for /0.0.0.0:42047 - 0 ] INFO  server.XceiverServerGrpc (XceiverServerGrpc.java:start(180)) - XceiverServerGrpc a1c822f6-de87-4a46-a736-590ef3e07c50 is started using port 35473
2023-03-29 22:46:53,648 [BlockDeletingService#0] INFO  interfaces.ContainerDeletionChoosingPolicyTemplate (ContainerDeletionChoosingPolicyTemplate.java:chooseContainerForBlockDeletion(83)) - Chosen 0/5000 blocks from 0 candidate containers.
2023-03-29 22:46:54,030 [EndpointStateMachine task thread for /0.0.0.0:42047 - 0 ] INFO  utils.DatanodeStoreCache (DatanodeStoreCache.java:addDB(58)) - Added db /home/runner/work/ozone/ozone/hadoop-ozone/integration-test/target/test-dir/MiniOzoneClusterImpl-bfbd9018-35f1-41c4-9115-0ebbd4040a15/datanode-1/data-0/containers/hdds/bfbd9018-35f1-41c4-9115-0ebbd4040a15/DS-04346f5e-88c0-495c-b939-c1c4385fc69e/container.db to cache
2023-03-29 22:46:54,030 [EndpointStateMachine task thread for /0.0.0.0:42047 - 0 ] INFO  volume.HddsVolume (HddsVolume.java:createDbStore(350)) - SchemaV3 db is created and loaded at /home/runner/work/ozone/ozone/hadoop-ozone/integration-test/target/test-dir/MiniOzoneClusterImpl-bfbd9018-35f1-41c4-9115-0ebbd4040a15/datanode-1/data-0/containers/hdds/bfbd9018-35f1-41c4-9115-0ebbd4040a15/DS-04346f5e-88c0-495c-b939-c1c4385fc69e/container.db for volume DS-04346f5e-88c0-495c-b939-c1c4385fc69e
2023-03-29 22:46:54,030 [EndpointStateMachine task thread for /0.0.0.0:42047 - 0 ] INFO  ozoneimpl.OzoneContainer (OzoneContainer.java:start(397)) - Attempting to start container services.
2023-03-29 22:46:54,030 [EndpointStateMachine task thread for /0.0.0.0:42047 - 0 ] INFO  ozoneimpl.OzoneContainer (OzoneContainer.java:startContainerScrub(314)) - Scheduled background container scanners and the on-demand container scanner have been disabled.
2023-03-29 22:46:54,034 [EndpointStateMachine task thread for /0.0.0.0:42047 - 0 ] INFO  replication.ReplicationServer (ReplicationServer.java:start(109)) - ReplicationServer is started using port 39941
2023-03-29 22:46:54,034 [EndpointStateMachine task thread for /0.0.0.0:42047 - 0 ] INFO  ratis.XceiverServerRatis (XceiverServerRatis.java:start(517)) - Starting XceiverServerRatis 3a6183d8-7ae2-4fce-bc35-bf6e610ba6f7
2023-03-29 22:46:54,035 [EndpointStateMachine task thread for /0.0.0.0:42047 - 0 ] INFO  server.RaftServer (RaftServerProxy.java:startImpl(393)) - 3a6183d8-7ae2-4fce-bc35-bf6e610ba6f7: start RPC server
2023-03-29 22:46:54,039 [EndpointStateMachine task thread for /0.0.0.0:42047 - 0 ] INFO  server.GrpcService (GrpcService.java:startImpl(262)) - 3a6183d8-7ae2-4fce-bc35-bf6e610ba6f7: GrpcService started, listening on 46779
2023-03-29 22:46:54,039 [EndpointStateMachine task thread for /0.0.0.0:42047 - 0 ] INFO  ratis.XceiverServerRatis (XceiverServerRatis.java:getRealPort(543)) - XceiverServerRatis 3a6183d8-7ae2-4fce-bc35-bf6e610ba6f7 is started using port 46779 for RATIS
2023-03-29 22:46:54,040 [EndpointStateMachine task thread for /0.0.0.0:42047 - 0 ] INFO  ratis.XceiverServerRatis (XceiverServerRatis.java:getRealPort(543)) - XceiverServerRatis 3a6183d8-7ae2-4fce-bc35-bf6e610ba6f7 is started using port 46779 for RATIS_ADMIN
2023-03-29 22:46:54,040 [JvmPauseMonitor16] INFO  util.JvmPauseMonitor (JvmPauseMonitor.java:run(105)) - JvmPauseMonitor-3a6183d8-7ae2-4fce-bc35-bf6e610ba6f7: Started
2023-03-29 22:46:54,040 [EndpointStateMachine task thread for /0.0.0.0:42047 - 0 ] INFO  ratis.XceiverServerRatis (XceiverServerRatis.java:getRealPort(543)) - XceiverServerRatis 3a6183d8-7ae2-4fce-bc35-bf6e610ba6f7 is started using port 46779 for RATIS_SERVER
2023-03-29 22:46:54,040 [EndpointStateMachine task thread for /0.0.0.0:42047 - 0 ] INFO  ratis.XceiverServerRatis (XceiverServerRatis.java:getRealPort(543)) - XceiverServerRatis 3a6183d8-7ae2-4fce-bc35-bf6e610ba6f7 is started using port 35681 for RATIS_DATASTREAM
2023-03-29 22:46:54,043 [EndpointStateMachine task thread for /0.0.0.0:42047 - 0 ] INFO  server.XceiverServerGrpc (XceiverServerGrpc.java:start(180)) - XceiverServerGrpc 3a6183d8-7ae2-4fce-bc35-bf6e610ba6f7 is started using port 37595
2023-03-29 22:46:54,043 [BlockDeletingService#0] INFO  interfaces.ContainerDeletionChoosingPolicyTemplate (ContainerDeletionChoosingPolicyTemplate.java:chooseContainerForBlockDeletion(83)) - Chosen 0/5000 blocks from 0 candidate containers.
2023-03-29 22:46:54,360 [Listener at 127.0.0.1/35627] INFO  ozone.MiniOzoneClusterImpl (MiniOzoneClusterImpl.java:lambda$waitForClusterToBeReady$0(222)) - Waiting for nodes to be ready. Got 0 of 3 DN Heartbeats.
2023-03-29 22:46:54,360 [Listener at 127.0.0.1/35627] INFO  ozone.MiniOzoneClusterImpl (MiniOzoneClusterImpl.java:lambda$waitForClusterToBeReady$0(225)) - Waiting for cluster to exit safe mode
2023-03-29 22:46:54,360 [Listener at 127.0.0.1/35627] INFO  ozone.MiniOzoneClusterImpl (MiniOzoneClusterImpl.java:lambda$waitForClusterToBeReady$0(227)) - SCM became leader
2023-03-29 22:46:54,401 [EndpointStateMachine task thread for /0.0.0.0:42047 - 0 ] INFO  utils.DatanodeStoreCache (DatanodeStoreCache.java:addDB(58)) - Added db /home/runner/work/ozone/ozone/hadoop-ozone/integration-test/target/test-dir/MiniOzoneClusterImpl-bfbd9018-35f1-41c4-9115-0ebbd4040a15/datanode-2/data-0/containers/hdds/bfbd9018-35f1-41c4-9115-0ebbd4040a15/DS-5ae61dec-a9bd-4221-921e-f280dac752d7/container.db to cache
2023-03-29 22:46:54,402 [EndpointStateMachine task thread for /0.0.0.0:42047 - 0 ] INFO  volume.HddsVolume (HddsVolume.java:createDbStore(350)) - SchemaV3 db is created and loaded at /home/runner/work/ozone/ozone/hadoop-ozone/integration-test/target/test-dir/MiniOzoneClusterImpl-bfbd9018-35f1-41c4-9115-0ebbd4040a15/datanode-2/data-0/containers/hdds/bfbd9018-35f1-41c4-9115-0ebbd4040a15/DS-5ae61dec-a9bd-4221-921e-f280dac752d7/container.db for volume DS-5ae61dec-a9bd-4221-921e-f280dac752d7
2023-03-29 22:46:54,402 [EndpointStateMachine task thread for /0.0.0.0:42047 - 0 ] INFO  ozoneimpl.OzoneContainer (OzoneContainer.java:start(397)) - Attempting to start container services.
2023-03-29 22:46:54,402 [EndpointStateMachine task thread for /0.0.0.0:42047 - 0 ] INFO  ozoneimpl.OzoneContainer (OzoneContainer.java:startContainerScrub(314)) - Scheduled background container scanners and the on-demand container scanner have been disabled.
2023-03-29 22:46:54,409 [EndpointStateMachine task thread for /0.0.0.0:42047 - 0 ] INFO  replication.ReplicationServer (ReplicationServer.java:start(109)) - ReplicationServer is started using port 35191
2023-03-29 22:46:54,410 [EndpointStateMachine task thread for /0.0.0.0:42047 - 0 ] INFO  ratis.XceiverServerRatis (XceiverServerRatis.java:start(517)) - Starting XceiverServerRatis 3991cbd9-9568-4ba2-a189-55b02b3736d1
2023-03-29 22:46:54,410 [EndpointStateMachine task thread for /0.0.0.0:42047 - 0 ] INFO  server.RaftServer (RaftServerProxy.java:startImpl(393)) - 3991cbd9-9568-4ba2-a189-55b02b3736d1: start RPC server
2023-03-29 22:46:54,414 [EndpointStateMachine task thread for /0.0.0.0:42047 - 0 ] INFO  server.GrpcService (GrpcService.java:startImpl(262)) - 3991cbd9-9568-4ba2-a189-55b02b3736d1: GrpcService started, listening on 39489
2023-03-29 22:46:54,415 [EndpointStateMachine task thread for /0.0.0.0:42047 - 0 ] INFO  ratis.XceiverServerRatis (XceiverServerRatis.java:getRealPort(543)) - XceiverServerRatis 3991cbd9-9568-4ba2-a189-55b02b3736d1 is started using port 39489 for RATIS
2023-03-29 22:46:54,415 [EndpointStateMachine task thread for /0.0.0.0:42047 - 0 ] INFO  ratis.XceiverServerRatis (XceiverServerRatis.java:getRealPort(543)) - XceiverServerRatis 3991cbd9-9568-4ba2-a189-55b02b3736d1 is started using port 39489 for RATIS_ADMIN
2023-03-29 22:46:54,415 [EndpointStateMachine task thread for /0.0.0.0:42047 - 0 ] INFO  ratis.XceiverServerRatis (XceiverServerRatis.java:getRealPort(543)) - XceiverServerRatis 3991cbd9-9568-4ba2-a189-55b02b3736d1 is started using port 39489 for RATIS_SERVER
2023-03-29 22:46:54,415 [EndpointStateMachine task thread for /0.0.0.0:42047 - 0 ] INFO  ratis.XceiverServerRatis (XceiverServerRatis.java:getRealPort(543)) - XceiverServerRatis 3991cbd9-9568-4ba2-a189-55b02b3736d1 is started using port 35317 for RATIS_DATASTREAM
2023-03-29 22:46:54,415 [JvmPauseMonitor17] INFO  util.JvmPauseMonitor (JvmPauseMonitor.java:run(105)) - JvmPauseMonitor-3991cbd9-9568-4ba2-a189-55b02b3736d1: Started
2023-03-29 22:46:54,418 [EndpointStateMachine task thread for /0.0.0.0:42047 - 0 ] INFO  server.XceiverServerGrpc (XceiverServerGrpc.java:start(180)) - XceiverServerGrpc 3991cbd9-9568-4ba2-a189-55b02b3736d1 is started using port 36739
2023-03-29 22:46:54,419 [BlockDeletingService#0] INFO  interfaces.ContainerDeletionChoosingPolicyTemplate (ContainerDeletionChoosingPolicyTemplate.java:chooseContainerForBlockDeletion(83)) - Chosen 0/5000 blocks from 0 candidate containers.
2023-03-29 22:46:54,452 [EndpointStateMachine task thread for /0.0.0.0:38501 - 0 ] INFO  ipc.Client (Client.java:handleConnectionFailure(1010)) - Retrying connect to server: 0.0.0.0/0.0.0.0:38501. Already tried 9 time(s); retry policy is RetryUpToMaximumCountWithFixedSleep(maxRetries=15, sleepTime=1000 MILLISECONDS)
2023-03-29 22:46:55,360 [Listener at 127.0.0.1/35627] INFO  ozone.MiniOzoneClusterImpl (MiniOzoneClusterImpl.java:lambda$waitForClusterToBeReady$0(222)) - Waiting for nodes to be ready. Got 0 of 3 DN Heartbeats.
2023-03-29 22:46:55,360 [Listener at 127.0.0.1/35627] INFO  ozone.MiniOzoneClusterImpl (MiniOzoneClusterImpl.java:lambda$waitForClusterToBeReady$0(225)) - Waiting for cluster to exit safe mode
2023-03-29 22:46:55,360 [Listener at 127.0.0.1/35627] INFO  ozone.MiniOzoneClusterImpl (MiniOzoneClusterImpl.java:lambda$waitForClusterToBeReady$0(227)) - SCM became leader
2023-03-29 22:46:55,452 [EndpointStateMachine task thread for /0.0.0.0:38501 - 0 ] INFO  ipc.Client (Client.java:handleConnectionFailure(1010)) - Retrying connect to server: 0.0.0.0/0.0.0.0:38501. Already tried 10 time(s); retry policy is RetryUpToMaximumCountWithFixedSleep(maxRetries=15, sleepTime=1000 MILLISECONDS)
2023-03-29 22:46:55,590 [IPC Server handler 1 on default port 42047] INFO  net.NetworkTopologyImpl (NetworkTopologyImpl.java:add(112)) - Added a new node: /default-rack/a1c822f6-de87-4a46-a736-590ef3e07c50
2023-03-29 22:46:55,591 [IPC Server handler 1 on default port 42047] INFO  node.SCMNodeManager (SCMNodeManager.java:register(404)) - Registered Data node : a1c822f6-de87-4a46-a736-590ef3e07c50{ip: 10.1.0.40, host: fv-az377-460, ports: [REPLICATION=33969, RATIS=46211, RATIS_ADMIN=46211, RATIS_SERVER=46211, RATIS_DATASTREAM=46071, STANDALONE=35473], networkLocation: /default-rack, certSerialId: null, persistedOpState: null, persistedOpStateExpiryEpochSec: 0}
2023-03-29 22:46:55,594 [EventQueue-NodeRegistrationContainerReportForDataNodeSafeModeRule] INFO  safemode.SCMSafeModeManager (DataNodeSafeModeRule.java:process(71)) - SCM in safe mode. 1 DataNodes registered, 3 required.
2023-03-29 22:46:55,594 [EventQueue-NodeRegistrationContainerReportForContainerSafeModeRule] INFO  safemode.SCMSafeModeManager (SCMSafeModeManager.java:validateSafeModeExitRules(200)) - ContainerSafeModeRule rule is successfully validated
2023-03-29 22:46:55,601 [EventQueue-NewNodeForNewNodeHandler] INFO  pipeline.BackgroundPipelineCreator (BackgroundPipelineCreator.java:notifyEventTriggered(276)) - trigger a one-shot run on RatisPipelineUtilsThread.
2023-03-29 22:46:55,601 [RatisPipelineUtilsThread - 0] INFO  pipeline.RatisPipelineProvider (RatisPipelineProvider.java:lambda$create$0(206)) - Sending CreatePipelineCommand for pipeline:PipelineID=b1adb6af-8f5d-4e61-9b24-b9426872e565 to datanode:a1c822f6-de87-4a46-a736-590ef3e07c50
2023-03-29 22:46:55,602 [EventQueue-PipelineReportForOneReplicaPipelineSafeModeRule] INFO  safemode.SCMSafeModeManager (SCMSafeModeManager.java:validateSafeModeExitRules(200)) - AtleastOneDatanodeReportedRule rule is successfully validated
2023-03-29 22:46:55,602 [RatisPipelineUtilsThread - 0] INFO  pipeline.PipelineStateManagerImpl (PipelineStateManagerImpl.java:addPipeline(103)) - Created pipeline Pipeline[ Id: b1adb6af-8f5d-4e61-9b24-b9426872e565, Nodes: a1c822f6-de87-4a46-a736-590ef3e07c50(fv-az377-460/10.1.0.40), ReplicationConfig: RATIS/ONE, State:ALLOCATED, leaderId:, CreationTimestamp2023-03-29T22:46:55.601Z[Etc/UTC]].
2023-03-29 22:46:55,990 [IPC Server handler 2 on default port 42047] INFO  net.NetworkTopologyImpl (NetworkTopologyImpl.java:add(112)) - Added a new node: /default-rack/3a6183d8-7ae2-4fce-bc35-bf6e610ba6f7
2023-03-29 22:46:55,990 [IPC Server handler 2 on default port 42047] INFO  node.SCMNodeManager (SCMNodeManager.java:register(404)) - Registered Data node : 3a6183d8-7ae2-4fce-bc35-bf6e610ba6f7{ip: 10.1.0.40, host: fv-az377-460, ports: [REPLICATION=39941, RATIS=46779, RATIS_ADMIN=46779, RATIS_SERVER=46779, RATIS_DATASTREAM=35681, STANDALONE=37595], networkLocation: /default-rack, certSerialId: null, persistedOpState: null, persistedOpStateExpiryEpochSec: 0}
2023-03-29 22:46:55,992 [EventQueue-NodeRegistrationContainerReportForDataNodeSafeModeRule] INFO  safemode.SCMSafeModeManager (DataNodeSafeModeRule.java:process(71)) - SCM in safe mode. 2 DataNodes registered, 3 required.
2023-03-29 22:46:55,992 [EventQueue-NewNodeForNewNodeHandler] INFO  pipeline.BackgroundPipelineCreator (BackgroundPipelineCreator.java:notifyEventTriggered(276)) - trigger a one-shot run on RatisPipelineUtilsThread.
2023-03-29 22:46:55,994 [RatisPipelineUtilsThread - 0] INFO  pipeline.RatisPipelineProvider (RatisPipelineProvider.java:lambda$create$0(206)) - Sending CreatePipelineCommand for pipeline:PipelineID=ed88cba2-0f81-4e67-8713-54c11afed4db to datanode:3a6183d8-7ae2-4fce-bc35-bf6e610ba6f7
2023-03-29 22:46:55,994 [RatisPipelineUtilsThread - 0] INFO  pipeline.PipelineStateManagerImpl (PipelineStateManagerImpl.java:addPipeline(103)) - Created pipeline Pipeline[ Id: ed88cba2-0f81-4e67-8713-54c11afed4db, Nodes: 3a6183d8-7ae2-4fce-bc35-bf6e610ba6f7(fv-az377-460/10.1.0.40), ReplicationConfig: RATIS/ONE, State:ALLOCATED, leaderId:, CreationTimestamp2023-03-29T22:46:55.994Z[Etc/UTC]].
2023-03-29 22:46:56,359 [IPC Server handler 0 on default port 42047] INFO  net.NetworkTopologyImpl (NetworkTopologyImpl.java:add(112)) - Added a new node: /default-rack/3991cbd9-9568-4ba2-a189-55b02b3736d1
2023-03-29 22:46:56,359 [IPC Server handler 0 on default port 42047] INFO  node.SCMNodeManager (SCMNodeManager.java:register(404)) - Registered Data node : 3991cbd9-9568-4ba2-a189-55b02b3736d1{ip: 10.1.0.40, host: fv-az377-460, ports: [REPLICATION=35191, RATIS=39489, RATIS_ADMIN=39489, RATIS_SERVER=39489, RATIS_DATASTREAM=35317, STANDALONE=36739], networkLocation: /default-rack, certSerialId: null, persistedOpState: null, persistedOpStateExpiryEpochSec: 0}
2023-03-29 22:46:56,359 [EventQueue-NewNodeForNewNodeHandler] INFO  pipeline.BackgroundPipelineCreator (BackgroundPipelineCreator.java:notifyEventTriggered(276)) - trigger a one-shot run on RatisPipelineUtilsThread.
2023-03-29 22:46:56,360 [EventQueue-NodeRegistrationContainerReportForDataNodeSafeModeRule] INFO  safemode.SCMSafeModeManager (DataNodeSafeModeRule.java:process(71)) - SCM in safe mode. 3 DataNodes registered, 3 required.
2023-03-29 22:46:56,360 [EventQueue-NodeRegistrationContainerReportForDataNodeSafeModeRule] INFO  safemode.SCMSafeModeManager (SCMSafeModeManager.java:validateSafeModeExitRules(200)) - DataNodeSafeModeRule rule is successfully validated
2023-03-29 22:46:56,360 [EventQueue-NodeRegistrationContainerReportForDataNodeSafeModeRule] INFO  safemode.SCMSafeModeManager (SCMSafeModeManager.java:completePreCheck(229)) - All SCM safe mode pre check rules have passed
2023-03-29 22:46:56,360 [EventQueue-NodeRegistrationContainerReportForDataNodeSafeModeRule] INFO  ha.SCMContext (SCMContext.java:updateSafeModeStatus(228)) - Update SafeModeStatus from SafeModeStatus{safeModeStatus=true, preCheckPassed=false} to SafeModeStatus{safeModeStatus=true, preCheckPassed=true}.
2023-03-29 22:46:56,360 [EventQueue-NodeRegistrationContainerReportForDataNodeSafeModeRule] INFO  pipeline.BackgroundPipelineCreator (BackgroundPipelineCreator.java:notifyEventTriggered(276)) - trigger a one-shot run on RatisPipelineUtilsThread.
2023-03-29 22:46:56,360 [RatisPipelineUtilsThread - 0] INFO  pipeline.RatisPipelineProvider (RatisPipelineProvider.java:lambda$create$0(206)) - Sending CreatePipelineCommand for pipeline:PipelineID=dd68e002-de05-4a6f-a855-3a4193b86c72 to datanode:3991cbd9-9568-4ba2-a189-55b02b3736d1
2023-03-29 22:46:56,361 [RatisPipelineUtilsThread - 0] INFO  pipeline.PipelineStateManagerImpl (PipelineStateManagerImpl.java:addPipeline(103)) - Created pipeline Pipeline[ Id: dd68e002-de05-4a6f-a855-3a4193b86c72, Nodes: 3991cbd9-9568-4ba2-a189-55b02b3736d1(fv-az377-460/10.1.0.40), ReplicationConfig: RATIS/ONE, State:ALLOCATED, leaderId:, CreationTimestamp2023-03-29T22:46:56.360Z[Etc/UTC]].
2023-03-29 22:46:56,361 [Listener at 127.0.0.1/35627] INFO  ozone.MiniOzoneClusterImpl (MiniOzoneClusterImpl.java:lambda$waitForClusterToBeReady$0(222)) - Nodes are ready. Got 3 of 3 DN Heartbeats.
2023-03-29 22:46:56,361 [Listener at 127.0.0.1/35627] INFO  ozone.MiniOzoneClusterImpl (MiniOzoneClusterImpl.java:lambda$waitForClusterToBeReady$0(225)) - Waiting for cluster to exit safe mode
2023-03-29 22:46:56,361 [Listener at 127.0.0.1/35627] INFO  ozone.MiniOzoneClusterImpl (MiniOzoneClusterImpl.java:lambda$waitForClusterToBeReady$0(227)) - SCM became leader
2023-03-29 22:46:56,361 [RatisPipelineUtilsThread - 0] INFO  pipeline.RatisPipelineProvider (RatisPipelineProvider.java:lambda$create$0(206)) - Sending CreatePipelineCommand for pipeline:PipelineID=3bf05c91-3e82-42f2-8b7b-a658a6e1ff8a to datanode:a1c822f6-de87-4a46-a736-590ef3e07c50
2023-03-29 22:46:56,361 [RatisPipelineUtilsThread - 0] INFO  pipeline.RatisPipelineProvider (RatisPipelineProvider.java:lambda$create$0(206)) - Sending CreatePipelineCommand for pipeline:PipelineID=3bf05c91-3e82-42f2-8b7b-a658a6e1ff8a to datanode:3991cbd9-9568-4ba2-a189-55b02b3736d1
2023-03-29 22:46:56,361 [RatisPipelineUtilsThread - 0] INFO  pipeline.RatisPipelineProvider (RatisPipelineProvider.java:lambda$create$0(206)) - Sending CreatePipelineCommand for pipeline:PipelineID=3bf05c91-3e82-42f2-8b7b-a658a6e1ff8a to datanode:3a6183d8-7ae2-4fce-bc35-bf6e610ba6f7
2023-03-29 22:46:56,361 [RatisPipelineUtilsThread - 0] INFO  pipeline.PipelineStateManagerImpl (PipelineStateManagerImpl.java:addPipeline(103)) - Created pipeline Pipeline[ Id: 3bf05c91-3e82-42f2-8b7b-a658a6e1ff8a, Nodes: a1c822f6-de87-4a46-a736-590ef3e07c50(fv-az377-460/10.1.0.40)3991cbd9-9568-4ba2-a189-55b02b3736d1(fv-az377-460/10.1.0.40)3a6183d8-7ae2-4fce-bc35-bf6e610ba6f7(fv-az377-460/10.1.0.40), ReplicationConfig: RATIS/THREE, State:ALLOCATED, leaderId:, CreationTimestamp2023-03-29T22:46:56.361Z[Etc/UTC]].
2023-03-29 22:46:56,362 [RatisPipelineUtilsThread - 0] INFO  pipeline.RatisPipelineProvider (RatisPipelineProvider.java:lambda$create$0(206)) - Sending CreatePipelineCommand for pipeline:PipelineID=945e2173-40d0-42b1-b6eb-face9333c8e8 to datanode:3a6183d8-7ae2-4fce-bc35-bf6e610ba6f7
2023-03-29 22:46:56,362 [RatisPipelineUtilsThread - 0] INFO  pipeline.RatisPipelineProvider (RatisPipelineProvider.java:lambda$create$0(206)) - Sending CreatePipelineCommand for pipeline:PipelineID=945e2173-40d0-42b1-b6eb-face9333c8e8 to datanode:3991cbd9-9568-4ba2-a189-55b02b3736d1
2023-03-29 22:46:56,362 [RatisPipelineUtilsThread - 0] INFO  pipeline.RatisPipelineProvider (RatisPipelineProvider.java:lambda$create$0(206)) - Sending CreatePipelineCommand for pipeline:PipelineID=945e2173-40d0-42b1-b6eb-face9333c8e8 to datanode:a1c822f6-de87-4a46-a736-590ef3e07c50
2023-03-29 22:46:56,362 [RatisPipelineUtilsThread - 0] INFO  pipeline.PipelineStateManagerImpl (PipelineStateManagerImpl.java:addPipeline(103)) - Created pipeline Pipeline[ Id: 945e2173-40d0-42b1-b6eb-face9333c8e8, Nodes: 3a6183d8-7ae2-4fce-bc35-bf6e610ba6f7(fv-az377-460/10.1.0.40)3991cbd9-9568-4ba2-a189-55b02b3736d1(fv-az377-460/10.1.0.40)a1c822f6-de87-4a46-a736-590ef3e07c50(fv-az377-460/10.1.0.40), ReplicationConfig: RATIS/THREE, State:ALLOCATED, leaderId:, CreationTimestamp2023-03-29T22:46:56.362Z[Etc/UTC]].
2023-03-29 22:46:56,362 [RatisPipelineUtilsThread - 0] INFO  pipeline.PipelineManagerImpl (PipelineManagerImpl.java:recordMetricsForPipeline(826)) - Pipeline: PipelineID=945e2173-40d0-42b1-b6eb-face9333c8e8 contains same datanodes as previous pipelines: PipelineID=3bf05c91-3e82-42f2-8b7b-a658a6e1ff8a nodeIds: 3a6183d8-7ae2-4fce-bc35-bf6e610ba6f7, 3991cbd9-9568-4ba2-a189-55b02b3736d1, a1c822f6-de87-4a46-a736-590ef3e07c50
2023-03-29 22:46:56,363 [RatisPipelineUtilsThread - 0] WARN  pipeline.PipelinePlacementPolicy (PipelinePlacementPolicy.java:filterViableNodes(160)) - Pipeline creation failed due to no sufficient healthy datanodes. Required 3. Found 0. Excluded 3.
2023-03-29 22:46:56,365 [RatisPipelineUtilsThread - 0] WARN  pipeline.PipelinePlacementPolicy (PipelinePlacementPolicy.java:filterViableNodes(160)) - Pipeline creation failed due to no sufficient healthy datanodes. Required 3. Found 0. Excluded 3.
2023-03-29 22:46:56,453 [EndpointStateMachine task thread for /0.0.0.0:38501 - 0 ] INFO  ipc.Client (Client.java:handleConnectionFailure(1010)) - Retrying connect to server: 0.0.0.0/0.0.0.0:38501. Already tried 11 time(s); retry policy is RetryUpToMaximumCountWithFixedSleep(maxRetries=15, sleepTime=1000 MILLISECONDS)
2023-03-29 22:46:57,361 [Listener at 127.0.0.1/35627] INFO  ozone.MiniOzoneClusterImpl (MiniOzoneClusterImpl.java:lambda$waitForClusterToBeReady$0(222)) - Nodes are ready. Got 3 of 3 DN Heartbeats.
2023-03-29 22:46:57,362 [Listener at 127.0.0.1/35627] INFO  ozone.MiniOzoneClusterImpl (MiniOzoneClusterImpl.java:lambda$waitForClusterToBeReady$0(225)) - Waiting for cluster to exit safe mode
2023-03-29 22:46:57,362 [Listener at 127.0.0.1/35627] INFO  ozone.MiniOzoneClusterImpl (MiniOzoneClusterImpl.java:lambda$waitForClusterToBeReady$0(227)) - SCM became leader
2023-03-29 22:46:57,453 [EndpointStateMachine task thread for /0.0.0.0:38501 - 0 ] INFO  ipc.Client (Client.java:handleConnectionFailure(1010)) - Retrying connect to server: 0.0.0.0/0.0.0.0:38501. Already tried 12 time(s); retry policy is RetryUpToMaximumCountWithFixedSleep(maxRetries=15, sleepTime=1000 MILLISECONDS)
2023-03-29 22:46:58,362 [Listener at 127.0.0.1/35627] INFO  ozone.MiniOzoneClusterImpl (MiniOzoneClusterImpl.java:lambda$waitForClusterToBeReady$0(222)) - Nodes are ready. Got 3 of 3 DN Heartbeats.
2023-03-29 22:46:58,362 [Listener at 127.0.0.1/35627] INFO  ozone.MiniOzoneClusterImpl (MiniOzoneClusterImpl.java:lambda$waitForClusterToBeReady$0(225)) - Waiting for cluster to exit safe mode
2023-03-29 22:46:58,362 [Listener at 127.0.0.1/35627] INFO  ozone.MiniOzoneClusterImpl (MiniOzoneClusterImpl.java:lambda$waitForClusterToBeReady$0(227)) - SCM became leader
2023-03-29 22:46:58,454 [EndpointStateMachine task thread for /0.0.0.0:38501 - 0 ] INFO  ipc.Client (Client.java:handleConnectionFailure(1010)) - Retrying connect to server: 0.0.0.0/0.0.0.0:38501. Already tried 13 time(s); retry policy is RetryUpToMaximumCountWithFixedSleep(maxRetries=15, sleepTime=1000 MILLISECONDS)
2023-03-29 22:46:58,591 [Command processor thread] INFO  server.RaftServer (RaftServerProxy.java:addNew(96)) - a1c822f6-de87-4a46-a736-590ef3e07c50: addNew group-B9426872E565:[a1c822f6-de87-4a46-a736-590ef3e07c50|rpc:10.1.0.40:46211|dataStream:10.1.0.40:46071|priority:1|startupRole:FOLLOWER] returns group-B9426872E565:java.util.concurrent.CompletableFuture@50691b[Not completed]
2023-03-29 22:46:58,593 [pool-1553-thread-1] INFO  server.RaftServer$Division (RaftServerImpl.java:<init>(195)) - a1c822f6-de87-4a46-a736-590ef3e07c50: new RaftServerImpl for group-B9426872E565:[a1c822f6-de87-4a46-a736-590ef3e07c50|rpc:10.1.0.40:46211|dataStream:10.1.0.40:46071|priority:1|startupRole:FOLLOWER] with ContainerStateMachine:uninitialized
2023-03-29 22:46:58,593 [pool-1553-thread-1] INFO  server.RaftServerConfigKeys (ConfUtils.java:logGet(46)) - raft.server.rpc.timeout.min = 5s (custom)
2023-03-29 22:46:58,593 [pool-1553-thread-1] INFO  server.RaftServerConfigKeys (ConfUtils.java:logGet(46)) - raft.server.rpc.timeout.max = 5200ms (custom)
2023-03-29 22:46:58,593 [pool-1553-thread-1] INFO  server.RaftServerConfigKeys (ConfUtils.java:logGet(46)) - raft.server.rpc.sleep.time = 25ms (default)
2023-03-29 22:46:58,593 [pool-1553-thread-1] INFO  server.RaftServerConfigKeys (ConfUtils.java:logGet(46)) - raft.server.rpc.slowness.timeout = 300s (custom)
2023-03-29 22:46:58,593 [pool-1553-thread-1] INFO  server.RaftServerConfigKeys (ConfUtils.java:logGet(46)) - raft.server.leaderelection.leader.step-down.wait-time = 10s (default)
2023-03-29 22:46:58,593 [pool-1553-thread-1] INFO  server.RaftServerConfigKeys (ConfUtils.java:logGet(46)) - raft.server.sleep.deviation.threshold = 300ms (default)
2023-03-29 22:46:58,593 [pool-1553-thread-1] INFO  server.RaftServer$Division (ServerState.java:<init>(118)) - a1c822f6-de87-4a46-a736-590ef3e07c50@group-B9426872E565: ConfigurationManager, init=-1: peers:[a1c822f6-de87-4a46-a736-590ef3e07c50|rpc:10.1.0.40:46211|dataStream:10.1.0.40:46071|priority:1|startupRole:FOLLOWER]|listeners:[], old=null, confs=<EMPTY_MAP>
2023-03-29 22:46:58,593 [pool-1553-thread-1] INFO  server.RaftServerConfigKeys (ConfUtils.java:logGet(46)) - raft.server.storage.dir = [/home/runner/work/ozone/ozone/hadoop-ozone/integration-test/target/test-dir/MiniOzoneClusterImpl-bfbd9018-35f1-41c4-9115-0ebbd4040a15/datanode-0/data/ratis] (custom)
2023-03-29 22:46:58,594 [pool-1553-thread-1] INFO  server.RaftServerConfigKeys (ConfUtils.java:logGet(46)) - raft.server.log.corruption.policy = EXCEPTION (default)
2023-03-29 22:46:58,594 [pool-1553-thread-1] INFO  server.RaftServerConfigKeys (ConfUtils.java:logGet(46)) - raft.server.storage.free-space.min = 0MB (=0) (default)
2023-03-29 22:46:58,594 [pool-1553-thread-1] INFO  server.RaftServerConfigKeys (ConfUtils.java:logGet(46)) - raft.server.notification.no-leader.timeout = 300s (custom)
2023-03-29 22:46:58,594 [pool-1553-thread-1] INFO  server.RaftServerConfigKeys (ConfUtils.java:logGet(46)) - raft.server.retrycache.expirytime = 600000ms (custom)
2023-03-29 22:46:58,594 [pool-1553-thread-1] INFO  server.RaftServerConfigKeys (ConfUtils.java:logGet(46)) - raft.server.retrycache.statistics.expirytime = 100μs (default)
2023-03-29 22:46:58,595 [pool-1553-thread-1] INFO  server.RaftServerConfigKeys (ConfUtils.java:logGet(46)) - raft.server.log.appender.install.snapshot.enabled = false (custom)
2023-03-29 22:46:58,595 [pool-1553-thread-1] INFO  server.RaftServerConfigKeys (ConfUtils.java:logGet(46)) - raft.server.threadpool.server.cached = true (default)
2023-03-29 22:46:58,595 [pool-1553-thread-1] INFO  server.RaftServerConfigKeys (ConfUtils.java:logGet(46)) - raft.server.threadpool.server.size = 0 (default)
2023-03-29 22:46:58,595 [pool-1553-thread-1] INFO  server.RaftServerConfigKeys (ConfUtils.java:logGet(46)) - raft.server.threadpool.client.cached = true (default)
2023-03-29 22:46:58,595 [pool-1553-thread-1] INFO  server.RaftServerConfigKeys (ConfUtils.java:logGet(46)) - raft.server.threadpool.client.size = 0 (default)
2023-03-29 22:46:58,595 [pool-1553-thread-1] INFO  storage.RaftStorageDirectory (RaftStorageDirectoryImpl.java:analyzeStorage(137)) - The storage directory /home/runner/work/ozone/ozone/hadoop-ozone/integration-test/target/test-dir/MiniOzoneClusterImpl-bfbd9018-35f1-41c4-9115-0ebbd4040a15/datanode-0/data/ratis/b1adb6af-8f5d-4e61-9b24-b9426872e565 does not exist. Creating ...
2023-03-29 22:46:58,597 [pool-1553-thread-1] INFO  storage.RaftStorageDirectory (RaftStorageDirectoryImpl.java:tryLock(231)) - Lock on /home/runner/work/ozone/ozone/hadoop-ozone/integration-test/target/test-dir/MiniOzoneClusterImpl-bfbd9018-35f1-41c4-9115-0ebbd4040a15/datanode-0/data/ratis/b1adb6af-8f5d-4e61-9b24-b9426872e565/in_use.lock acquired by nodename 4032@fv-az377-460
2023-03-29 22:46:58,598 [pool-1553-thread-1] INFO  storage.RaftStorage (RaftStorageImpl.java:format(96)) - Storage directory /home/runner/work/ozone/ozone/hadoop-ozone/integration-test/target/test-dir/MiniOzoneClusterImpl-bfbd9018-35f1-41c4-9115-0ebbd4040a15/datanode-0/data/ratis/b1adb6af-8f5d-4e61-9b24-b9426872e565 has been successfully formatted.
2023-03-29 22:46:58,599 [pool-1553-thread-1] INFO  ratis.ContainerStateMachine (ContainerStateMachine.java:loadSnapshot(262)) - group-B9426872E565: The snapshot info is null. Setting the last applied indexto:(t:0, i:~)
2023-03-29 22:46:58,599 [pool-1553-thread-1] INFO  server.RaftServerConfigKeys (ConfUtils.java:logGet(46)) - raft.server.log.use.memory = false (default)
2023-03-29 22:46:58,600 [pool-1553-thread-1] INFO  server.RaftServerConfigKeys (ConfUtils.java:logGet(46)) - raft.server.log.purge.gap = 1000000 (custom)
2023-03-29 22:46:58,600 [pool-1553-thread-1] INFO  server.RaftServerConfigKeys (ConfUtils.java:logGet(46)) - raft.server.log.appender.buffer.byte-limit = 33554432 (custom)
2023-03-29 22:46:58,600 [pool-1553-thread-1] INFO  server.RaftServerConfigKeys (ConfUtils.java:logGet(46)) - raft.server.log.statemachine.data.read.timeout = 1000ms (default)
2023-03-29 22:46:58,600 [pool-1553-thread-1] INFO  server.RaftServerConfigKeys (ConfUtils.java:logGet(46)) - raft.server.log.purge.preservation.log.num = 0 (default)
2023-03-29 22:46:58,600 [pool-1553-thread-1] INFO  server.RaftServerConfigKeys (ConfUtils.java:logGet(46)) - raft.server.log.segment.size.max = 1048576 (custom)
2023-03-29 22:46:58,600 [pool-1553-thread-1] INFO  server.RaftServerConfigKeys (ConfUtils.java:logGet(46)) - raft.server.log.segment.cache.num.max = 2 (custom)
2023-03-29 22:46:58,600 [pool-1553-thread-1] INFO  server.RaftServerConfigKeys (ConfUtils.java:logGet(46)) - raft.server.log.segment.cache.size.max = 200MB (=209715200) (default)
2023-03-29 22:46:58,600 [pool-1553-thread-1] INFO  segmented.SegmentedRaftLogWorker (SegmentedRaftLogWorker.java:<init>(189)) - new a1c822f6-de87-4a46-a736-590ef3e07c50@group-B9426872E565-SegmentedRaftLogWorker for RaftStorageImpl:Storage Directory /home/runner/work/ozone/ozone/hadoop-ozone/integration-test/target/test-dir/MiniOzoneClusterImpl-bfbd9018-35f1-41c4-9115-0ebbd4040a15/datanode-0/data/ratis/b1adb6af-8f5d-4e61-9b24-b9426872e565
2023-03-29 22:46:58,600 [pool-1553-thread-1] INFO  server.RaftServerConfigKeys (ConfUtils.java:logGet(46)) - raft.server.log.queue.byte-limit = 4294967296 (custom)
2023-03-29 22:46:58,600 [pool-1553-thread-1] INFO  server.RaftServerConfigKeys (ConfUtils.java:logGet(46)) - raft.server.log.queue.element-limit = 1024 (custom)
2023-03-29 22:46:58,600 [pool-1553-thread-1] INFO  server.RaftServerConfigKeys (ConfUtils.java:logGet(46)) - raft.server.log.segment.size.max = 1048576 (custom)
2023-03-29 22:46:58,600 [pool-1553-thread-1] INFO  server.RaftServerConfigKeys (ConfUtils.java:logGet(46)) - raft.server.log.preallocated.size = 16384 (custom)
2023-03-29 22:46:58,600 [pool-1553-thread-1] INFO  server.RaftServerConfigKeys (ConfUtils.java:logGet(46)) - raft.server.log.force.sync.num = 128 (default)
2023-03-29 22:46:58,600 [EventQueue-PipelineReportForPipelineReportHandler] INFO  pipeline.PipelineManagerImpl (PipelineManagerImpl.java:openPipeline(367)) - Pipeline Pipeline[ Id: b1adb6af-8f5d-4e61-9b24-b9426872e565, Nodes: a1c822f6-de87-4a46-a736-590ef3e07c50(fv-az377-460/10.1.0.40), ReplicationConfig: RATIS/ONE, State:ALLOCATED, leaderId:a1c822f6-de87-4a46-a736-590ef3e07c50, CreationTimestamp2023-03-29T22:46:55.601Z[Etc/UTC]] moved to OPEN state
2023-03-29 22:46:58,600 [pool-1553-thread-1] INFO  server.RaftServerConfigKeys (ConfUtils.java:logGet(46)) - raft.server.log.statemachine.data.sync = true (default)
2023-03-29 22:46:58,601 [pool-1553-thread-1] INFO  server.RaftServerConfigKeys (ConfUtils.java:logGet(46)) - raft.server.log.statemachine.data.sync.timeout = 10s (default)
2023-03-29 22:46:58,601 [pool-1553-thread-1] INFO  server.RaftServerConfigKeys (ConfUtils.java:logGet(46)) - raft.server.log.statemachine.data.sync.timeout.retry = -1 (default)
2023-03-29 22:46:58,603 [pool-1553-thread-1] INFO  server.RaftServerConfigKeys (ConfUtils.java:logGet(46)) - raft.server.log.write.buffer.size = 1048576 (custom)
2023-03-29 22:46:58,606 [EventQueue-OpenPipelineForHealthyPipelineSafeModeRule] INFO  safemode.SCMSafeModeManager (HealthyPipelineSafeModeRule.java:process(137)) - SCM in safe mode. Healthy pipelines reported count is 0, required healthy pipeline reported count is 1
2023-03-29 22:46:58,608 [pool-1553-thread-1] INFO  server.RaftServerConfigKeys (ConfUtils.java:logGet(46)) - raft.server.log.appender.buffer.byte-limit = 33554432 (custom)
2023-03-29 22:46:58,613 [pool-1553-thread-1] INFO  server.RaftServerConfigKeys (ConfUtils.java:logGet(46)) - raft.server.log.unsafe-flush.enabled = false (default)
2023-03-29 22:46:58,613 [pool-1553-thread-1] INFO  server.RaftServerConfigKeys (ConfUtils.java:logGet(46)) - raft.server.log.async-flush.enabled = false (default)
2023-03-29 22:46:58,613 [pool-1553-thread-1] INFO  server.RaftServerConfigKeys (ConfUtils.java:logGet(46)) - raft.server.log.statemachine.data.caching.enabled = true (custom)
2023-03-29 22:46:58,614 [pool-1553-thread-1] INFO  segmented.SegmentedRaftLogWorker (SegmentedRaftLogWorker.java:lambda$new$0(135)) - a1c822f6-de87-4a46-a736-590ef3e07c50@group-B9426872E565-SegmentedRaftLogWorker: flushIndex: setUnconditionally 0 -> -1
2023-03-29 22:46:58,614 [pool-1553-thread-1] INFO  segmented.SegmentedRaftLogWorker (SegmentedRaftLogWorker.java:lambda$new$0(135)) - a1c822f6-de87-4a46-a736-590ef3e07c50@group-B9426872E565-SegmentedRaftLogWorker: safeCacheEvictIndex: setUnconditionally 0 -> -1
2023-03-29 22:46:58,614 [pool-1553-thread-1] INFO  server.RaftServer$Division (RaftServerImpl.java:start(334)) - a1c822f6-de87-4a46-a736-590ef3e07c50@group-B9426872E565: start as a follower, conf=-1: peers:[a1c822f6-de87-4a46-a736-590ef3e07c50|rpc:10.1.0.40:46211|dataStream:10.1.0.40:46071|priority:1|startupRole:FOLLOWER]|listeners:[], old=null
2023-03-29 22:46:58,614 [pool-1553-thread-1] INFO  server.RaftServer$Division (RaftServerImpl.java:setRole(321)) - a1c822f6-de87-4a46-a736-590ef3e07c50@group-B9426872E565: changes role from      null to FOLLOWER at term 0 for startAsFollower
2023-03-29 22:46:58,614 [pool-1553-thread-1] INFO  impl.RoleInfo (RoleInfo.java:updateAndGet(139)) - a1c822f6-de87-4a46-a736-590ef3e07c50: start a1c822f6-de87-4a46-a736-590ef3e07c50@group-B9426872E565-FollowerState
2023-03-29 22:46:58,614 [pool-1553-thread-1] INFO  util.JmxRegister (JmxRegister.java:tryRegister(44)) - Successfully registered JMX Bean with object name Ratis:service=RaftServer,group=group-B9426872E565,id=a1c822f6-de87-4a46-a736-590ef3e07c50
2023-03-29 22:46:58,614 [a1c822f6-de87-4a46-a736-590ef3e07c50@group-B9426872E565-FollowerState] INFO  server.RaftServerConfigKeys (ConfUtils.java:logFallback(53)) - raft.server.rpc.first-election.timeout.min = 5s (fallback to raft.server.rpc.timeout.min)
2023-03-29 22:46:58,614 [pool-1553-thread-1] INFO  server.RaftServerConfigKeys (ConfUtils.java:logGet(46)) - raft.server.snapshot.auto.trigger.enabled = true (custom)
2023-03-29 22:46:58,614 [a1c822f6-de87-4a46-a736-590ef3e07c50@group-B9426872E565-FollowerState] INFO  server.RaftServerConfigKeys (ConfUtils.java:logFallback(53)) - raft.server.rpc.first-election.timeout.max = 5200ms (fallback to raft.server.rpc.timeout.max)
2023-03-29 22:46:58,615 [pool-1553-thread-1] INFO  server.RaftServerConfigKeys (ConfUtils.java:logGet(46)) - raft.server.snapshot.auto.trigger.threshold = 10000 (custom)
2023-03-29 22:46:58,615 [pool-1553-thread-1] INFO  server.RaftServerConfigKeys (ConfUtils.java:logGet(46)) - raft.server.snapshot.retention.file.num = 5 (custom)
2023-03-29 22:46:58,615 [pool-1553-thread-1] INFO  server.RaftServerConfigKeys (ConfUtils.java:logGet(46)) - raft.server.log.purge.upto.snapshot.index = false (default)
2023-03-29 22:46:58,615 [Command processor thread] INFO  ratis.XceiverServerRatis (XceiverServerRatis.java:addGroup(806)) - Created group PipelineID=b1adb6af-8f5d-4e61-9b24-b9426872e565
2023-03-29 22:46:58,615 [Command processor thread] INFO  commandhandler.CreatePipelineCommandHandler (CreatePipelineCommandHandler.java:handle(113)) - Created Pipeline RATIS ONE PipelineID=b1adb6af-8f5d-4e61-9b24-b9426872e565.
2023-03-29 22:46:58,615 [Command processor thread] INFO  server.RaftServer (RaftServerProxy.java:addNew(96)) - a1c822f6-de87-4a46-a736-590ef3e07c50: addNew group-A658A6E1FF8A:[3a6183d8-7ae2-4fce-bc35-bf6e610ba6f7|rpc:10.1.0.40:46779|dataStream:10.1.0.40:35681|priority:1|startupRole:FOLLOWER, 3991cbd9-9568-4ba2-a189-55b02b3736d1|rpc:10.1.0.40:39489|dataStream:10.1.0.40:35317|priority:0|startupRole:FOLLOWER, a1c822f6-de87-4a46-a736-590ef3e07c50|rpc:10.1.0.40:46211|dataStream:10.1.0.40:46071|priority:0|startupRole:FOLLOWER] returns group-A658A6E1FF8A:java.util.concurrent.CompletableFuture@46fedc9[Not completed]
2023-03-29 22:46:58,616 [pool-1553-thread-1] INFO  server.RaftServer$Division (RaftServerImpl.java:<init>(195)) - a1c822f6-de87-4a46-a736-590ef3e07c50: new RaftServerImpl for group-A658A6E1FF8A:[3a6183d8-7ae2-4fce-bc35-bf6e610ba6f7|rpc:10.1.0.40:46779|dataStream:10.1.0.40:35681|priority:1|startupRole:FOLLOWER, 3991cbd9-9568-4ba2-a189-55b02b3736d1|rpc:10.1.0.40:39489|dataStream:10.1.0.40:35317|priority:0|startupRole:FOLLOWER, a1c822f6-de87-4a46-a736-590ef3e07c50|rpc:10.1.0.40:46211|dataStream:10.1.0.40:46071|priority:0|startupRole:FOLLOWER] with ContainerStateMachine:uninitialized
2023-03-29 22:46:58,616 [pool-1553-thread-1] INFO  server.RaftServerConfigKeys (ConfUtils.java:logGet(46)) - raft.server.rpc.timeout.min = 5s (custom)
2023-03-29 22:46:58,616 [pool-1553-thread-1] INFO  server.RaftServerConfigKeys (ConfUtils.java:logGet(46)) - raft.server.rpc.timeout.max = 5200ms (custom)
2023-03-29 22:46:58,616 [pool-1553-thread-1] INFO  server.RaftServerConfigKeys (ConfUtils.java:logGet(46)) - raft.server.rpc.sleep.time = 25ms (default)
2023-03-29 22:46:58,616 [pool-1553-thread-1] INFO  server.RaftServerConfigKeys (ConfUtils.java:logGet(46)) - raft.server.rpc.slowness.timeout = 300s (custom)
2023-03-29 22:46:58,616 [pool-1553-thread-1] INFO  server.RaftServerConfigKeys (ConfUtils.java:logGet(46)) - raft.server.leaderelection.leader.step-down.wait-time = 10s (default)
2023-03-29 22:46:58,616 [pool-1553-thread-1] INFO  server.RaftServerConfigKeys (ConfUtils.java:logGet(46)) - raft.server.sleep.deviation.threshold = 300ms (default)
2023-03-29 22:46:58,616 [pool-1553-thread-1] INFO  server.RaftServer$Division (ServerState.java:<init>(118)) - a1c822f6-de87-4a46-a736-590ef3e07c50@group-A658A6E1FF8A: ConfigurationManager, init=-1: peers:[3a6183d8-7ae2-4fce-bc35-bf6e610ba6f7|rpc:10.1.0.40:46779|dataStream:10.1.0.40:35681|priority:1|startupRole:FOLLOWER, 3991cbd9-9568-4ba2-a189-55b02b3736d1|rpc:10.1.0.40:39489|dataStream:10.1.0.40:35317|priority:0|startupRole:FOLLOWER, a1c822f6-de87-4a46-a736-590ef3e07c50|rpc:10.1.0.40:46211|dataStream:10.1.0.40:46071|priority:0|startupRole:FOLLOWER]|listeners:[], old=null, confs=<EMPTY_MAP>
2023-03-29 22:46:58,617 [pool-1553-thread-1] INFO  server.RaftServerConfigKeys (ConfUtils.java:logGet(46)) - raft.server.storage.dir = [/home/runner/work/ozone/ozone/hadoop-ozone/integration-test/target/test-dir/MiniOzoneClusterImpl-bfbd9018-35f1-41c4-9115-0ebbd4040a15/datanode-0/data/ratis] (custom)
2023-03-29 22:46:58,617 [pool-1553-thread-1] INFO  server.RaftServerConfigKeys (ConfUtils.java:logGet(46)) - raft.server.log.corruption.policy = EXCEPTION (default)
2023-03-29 22:46:58,617 [pool-1553-thread-1] INFO  server.RaftServerConfigKeys (ConfUtils.java:logGet(46)) - raft.server.storage.free-space.min = 0MB (=0) (default)
2023-03-29 22:46:58,617 [pool-1553-thread-1] INFO  server.RaftServerConfigKeys (ConfUtils.java:logGet(46)) - raft.server.notification.no-leader.timeout = 300s (custom)
2023-03-29 22:46:58,617 [pool-1553-thread-1] INFO  server.RaftServerConfigKeys (ConfUtils.java:logGet(46)) - raft.server.retrycache.expirytime = 600000ms (custom)
2023-03-29 22:46:58,617 [pool-1553-thread-1] INFO  server.RaftServerConfigKeys (ConfUtils.java:logGet(46)) - raft.server.retrycache.statistics.expirytime = 100μs (default)
2023-03-29 22:46:58,617 [pool-1553-thread-1] INFO  server.RaftServerConfigKeys (ConfUtils.java:logGet(46)) - raft.server.log.appender.install.snapshot.enabled = false (custom)
2023-03-29 22:46:58,618 [pool-1553-thread-1] INFO  server.RaftServerConfigKeys (ConfUtils.java:logGet(46)) - raft.server.threadpool.server.cached = true (default)
2023-03-29 22:46:58,618 [pool-1553-thread-1] INFO  server.RaftServerConfigKeys (ConfUtils.java:logGet(46)) - raft.server.threadpool.server.size = 0 (default)
2023-03-29 22:46:58,618 [pool-1553-thread-1] INFO  server.RaftServerConfigKeys (ConfUtils.java:logGet(46)) - raft.server.threadpool.client.cached = true (default)
2023-03-29 22:46:58,618 [pool-1553-thread-1] INFO  server.RaftServerConfigKeys (ConfUtils.java:logGet(46)) - raft.server.threadpool.client.size = 0 (default)
2023-03-29 22:46:58,618 [pool-1553-thread-1] INFO  storage.RaftStorageDirectory (RaftStorageDirectoryImpl.java:analyzeStorage(137)) - The storage directory /home/runner/work/ozone/ozone/hadoop-ozone/integration-test/target/test-dir/MiniOzoneClusterImpl-bfbd9018-35f1-41c4-9115-0ebbd4040a15/datanode-0/data/ratis/3bf05c91-3e82-42f2-8b7b-a658a6e1ff8a does not exist. Creating ...
2023-03-29 22:46:58,619 [pool-1553-thread-1] INFO  storage.RaftStorageDirectory (RaftStorageDirectoryImpl.java:tryLock(231)) - Lock on /home/runner/work/ozone/ozone/hadoop-ozone/integration-test/target/test-dir/MiniOzoneClusterImpl-bfbd9018-35f1-41c4-9115-0ebbd4040a15/datanode-0/data/ratis/3bf05c91-3e82-42f2-8b7b-a658a6e1ff8a/in_use.lock acquired by nodename 4032@fv-az377-460
2023-03-29 22:46:58,621 [pool-1553-thread-1] INFO  storage.RaftStorage (RaftStorageImpl.java:format(96)) - Storage directory /home/runner/work/ozone/ozone/hadoop-ozone/integration-test/target/test-dir/MiniOzoneClusterImpl-bfbd9018-35f1-41c4-9115-0ebbd4040a15/datanode-0/data/ratis/3bf05c91-3e82-42f2-8b7b-a658a6e1ff8a has been successfully formatted.
2023-03-29 22:46:58,621 [pool-1553-thread-1] INFO  ratis.ContainerStateMachine (ContainerStateMachine.java:loadSnapshot(262)) - group-A658A6E1FF8A: The snapshot info is null. Setting the last applied indexto:(t:0, i:~)
2023-03-29 22:46:58,621 [pool-1553-thread-1] INFO  server.RaftServerConfigKeys (ConfUtils.java:logGet(46)) - raft.server.log.use.memory = false (default)
2023-03-29 22:46:58,621 [pool-1553-thread-1] INFO  server.RaftServerConfigKeys (ConfUtils.java:logGet(46)) - raft.server.log.purge.gap = 1000000 (custom)
2023-03-29 22:46:58,621 [pool-1553-thread-1] INFO  server.RaftServerConfigKeys (ConfUtils.java:logGet(46)) - raft.server.log.appender.buffer.byte-limit = 33554432 (custom)
2023-03-29 22:46:58,621 [pool-1553-thread-1] INFO  server.RaftServerConfigKeys (ConfUtils.java:logGet(46)) - raft.server.log.statemachine.data.read.timeout = 1000ms (default)
2023-03-29 22:46:58,621 [pool-1553-thread-1] INFO  server.RaftServerConfigKeys (ConfUtils.java:logGet(46)) - raft.server.log.purge.preservation.log.num = 0 (default)
2023-03-29 22:46:58,622 [pool-1553-thread-1] INFO  server.RaftServerConfigKeys (ConfUtils.java:logGet(46)) - raft.server.log.segment.size.max = 1048576 (custom)
2023-03-29 22:46:58,622 [pool-1553-thread-1] INFO  server.RaftServerConfigKeys (ConfUtils.java:logGet(46)) - raft.server.log.segment.cache.num.max = 2 (custom)
2023-03-29 22:46:58,622 [pool-1553-thread-1] INFO  server.RaftServerConfigKeys (ConfUtils.java:logGet(46)) - raft.server.log.segment.cache.size.max = 200MB (=209715200) (default)
2023-03-29 22:46:58,622 [pool-1553-thread-1] INFO  segmented.SegmentedRaftLogWorker (SegmentedRaftLogWorker.java:<init>(189)) - new a1c822f6-de87-4a46-a736-590ef3e07c50@group-A658A6E1FF8A-SegmentedRaftLogWorker for RaftStorageImpl:Storage Directory /home/runner/work/ozone/ozone/hadoop-ozone/integration-test/target/test-dir/MiniOzoneClusterImpl-bfbd9018-35f1-41c4-9115-0ebbd4040a15/datanode-0/data/ratis/3bf05c91-3e82-42f2-8b7b-a658a6e1ff8a
2023-03-29 22:46:58,622 [pool-1553-thread-1] INFO  server.RaftServerConfigKeys (ConfUtils.java:logGet(46)) - raft.server.log.queue.byte-limit = 4294967296 (custom)
2023-03-29 22:46:58,622 [pool-1553-thread-1] INFO  server.RaftServerConfigKeys (ConfUtils.java:logGet(46)) - raft.server.log.queue.element-limit = 1024 (custom)
2023-03-29 22:46:58,622 [pool-1553-thread-1] INFO  server.RaftServerConfigKeys (ConfUtils.java:logGet(46)) - raft.server.log.segment.size.max = 1048576 (custom)
2023-03-29 22:46:58,622 [pool-1553-thread-1] INFO  server.RaftServerConfigKeys (ConfUtils.java:logGet(46)) - raft.server.log.preallocated.size = 16384 (custom)
2023-03-29 22:46:58,622 [pool-1553-thread-1] INFO  server.RaftServerConfigKeys (ConfUtils.java:logGet(46)) - raft.server.log.force.sync.num = 128 (default)
2023-03-29 22:46:58,622 [pool-1553-thread-1] INFO  server.RaftServerConfigKeys (ConfUtils.java:logGet(46)) - raft.server.log.statemachine.data.sync = true (default)
2023-03-29 22:46:58,622 [pool-1553-thread-1] INFO  server.RaftServerConfigKeys (ConfUtils.java:logGet(46)) - raft.server.log.statemachine.data.sync.timeout = 10s (default)
2023-03-29 22:46:58,622 [EventQueue-OpenPipelineForHealthyPipelineSafeModeRule] INFO  safemode.SCMSafeModeManager (HealthyPipelineSafeModeRule.java:process(137)) - SCM in safe mode. Healthy pipelines reported count is 0, required healthy pipeline reported count is 1
2023-03-29 22:46:58,622 [pool-1553-thread-1] INFO  server.RaftServerConfigKeys (ConfUtils.java:logGet(46)) - raft.server.log.statemachine.data.sync.timeout.retry = -1 (default)
2023-03-29 22:46:58,623 [pool-1553-thread-1] INFO  server.RaftServerConfigKeys (ConfUtils.java:logGet(46)) - raft.server.log.write.buffer.size = 1048576 (custom)
2023-03-29 22:46:58,624 [pool-1553-thread-1] INFO  server.RaftServerConfigKeys (ConfUtils.java:logGet(46)) - raft.server.log.appender.buffer.byte-limit = 33554432 (custom)
2023-03-29 22:46:58,629 [pool-1553-thread-1] INFO  server.RaftServerConfigKeys (ConfUtils.java:logGet(46)) - raft.server.log.unsafe-flush.enabled = false (default)
2023-03-29 22:46:58,629 [pool-1553-thread-1] INFO  server.RaftServerConfigKeys (ConfUtils.java:logGet(46)) - raft.server.log.async-flush.enabled = false (default)
2023-03-29 22:46:58,629 [pool-1553-thread-1] INFO  server.RaftServerConfigKeys (ConfUtils.java:logGet(46)) - raft.server.log.statemachine.data.caching.enabled = true (custom)
2023-03-29 22:46:58,629 [pool-1553-thread-1] INFO  segmented.SegmentedRaftLogWorker (SegmentedRaftLogWorker.java:lambda$new$0(135)) - a1c822f6-de87-4a46-a736-590ef3e07c50@group-A658A6E1FF8A-SegmentedRaftLogWorker: flushIndex: setUnconditionally 0 -> -1
2023-03-29 22:46:58,629 [pool-1553-thread-1] INFO  segmented.SegmentedRaftLogWorker (SegmentedRaftLogWorker.java:lambda$new$0(135)) - a1c822f6-de87-4a46-a736-590ef3e07c50@group-A658A6E1FF8A-SegmentedRaftLogWorker: safeCacheEvictIndex: setUnconditionally 0 -> -1
2023-03-29 22:46:58,629 [pool-1553-thread-1] INFO  server.RaftServer$Division (RaftServerImpl.java:start(334)) - a1c822f6-de87-4a46-a736-590ef3e07c50@group-A658A6E1FF8A: start as a follower, conf=-1: peers:[3a6183d8-7ae2-4fce-bc35-bf6e610ba6f7|rpc:10.1.0.40:46779|dataStream:10.1.0.40:35681|priority:1|startupRole:FOLLOWER, 3991cbd9-9568-4ba2-a189-55b02b3736d1|rpc:10.1.0.40:39489|dataStream:10.1.0.40:35317|priority:0|startupRole:FOLLOWER, a1c822f6-de87-4a46-a736-590ef3e07c50|rpc:10.1.0.40:46211|dataStream:10.1.0.40:46071|priority:0|startupRole:FOLLOWER]|listeners:[], old=null
2023-03-29 22:46:58,629 [pool-1553-thread-1] INFO  server.RaftServer$Division (RaftServerImpl.java:setRole(321)) - a1c822f6-de87-4a46-a736-590ef3e07c50@group-A658A6E1FF8A: changes role from      null to FOLLOWER at term 0 for startAsFollower
2023-03-29 22:46:58,629 [pool-1553-thread-1] INFO  impl.RoleInfo (RoleInfo.java:updateAndGet(139)) - a1c822f6-de87-4a46-a736-590ef3e07c50: start a1c822f6-de87-4a46-a736-590ef3e07c50@group-A658A6E1FF8A-FollowerState
2023-03-29 22:46:58,630 [pool-1553-thread-1] INFO  util.JmxRegister (JmxRegister.java:tryRegister(44)) - Successfully registered JMX Bean with object name Ratis:service=RaftServer,group=group-A658A6E1FF8A,id=a1c822f6-de87-4a46-a736-590ef3e07c50
2023-03-29 22:46:58,630 [a1c822f6-de87-4a46-a736-590ef3e07c50@group-A658A6E1FF8A-FollowerState] INFO  server.RaftServerConfigKeys (ConfUtils.java:logFallback(53)) - raft.server.rpc.first-election.timeout.min = 5s (fallback to raft.server.rpc.timeout.min)
2023-03-29 22:46:58,630 [pool-1553-thread-1] INFO  server.RaftServerConfigKeys (ConfUtils.java:logGet(46)) - raft.server.snapshot.auto.trigger.enabled = true (custom)
2023-03-29 22:46:58,630 [a1c822f6-de87-4a46-a736-590ef3e07c50@group-A658A6E1FF8A-FollowerState] INFO  server.RaftServerConfigKeys (ConfUtils.java:logFallback(53)) - raft.server.rpc.first-election.timeout.max = 5200ms (fallback to raft.server.rpc.timeout.max)
2023-03-29 22:46:58,630 [pool-1553-thread-1] INFO  server.RaftServerConfigKeys (ConfUtils.java:logGet(46)) - raft.server.snapshot.auto.trigger.threshold = 10000 (custom)
2023-03-29 22:46:58,630 [pool-1553-thread-1] INFO  server.RaftServerConfigKeys (ConfUtils.java:logGet(46)) - raft.server.snapshot.retention.file.num = 5 (custom)
2023-03-29 22:46:58,630 [pool-1553-thread-1] INFO  server.RaftServerConfigKeys (ConfUtils.java:logGet(46)) - raft.server.log.purge.upto.snapshot.index = false (default)
2023-03-29 22:46:58,630 [Command processor thread] INFO  ratis.XceiverServerRatis (XceiverServerRatis.java:addGroup(806)) - Created group PipelineID=3bf05c91-3e82-42f2-8b7b-a658a6e1ff8a
2023-03-29 22:46:58,642 [grpc-default-executor-4] INFO  server.RaftServer (RaftServerProxy.java:addNew(96)) - 3991cbd9-9568-4ba2-a189-55b02b3736d1: addNew group-A658A6E1FF8A:[3a6183d8-7ae2-4fce-bc35-bf6e610ba6f7|rpc:10.1.0.40:46779|dataStream:10.1.0.40:35681|priority:1|startupRole:FOLLOWER, 3991cbd9-9568-4ba2-a189-55b02b3736d1|rpc:10.1.0.40:39489|dataStream:10.1.0.40:35317|priority:0|startupRole:FOLLOWER, a1c822f6-de87-4a46-a736-590ef3e07c50|rpc:10.1.0.40:46211|dataStream:10.1.0.40:46071|priority:0|startupRole:FOLLOWER] returns group-A658A6E1FF8A:java.util.concurrent.CompletableFuture@546cb510[Not completed]
2023-03-29 22:46:58,643 [pool-1597-thread-1] INFO  server.RaftServer$Division (RaftServerImpl.java:<init>(195)) - 3991cbd9-9568-4ba2-a189-55b02b3736d1: new RaftServerImpl for group-A658A6E1FF8A:[3a6183d8-7ae2-4fce-bc35-bf6e610ba6f7|rpc:10.1.0.40:46779|dataStream:10.1.0.40:35681|priority:1|startupRole:FOLLOWER, 3991cbd9-9568-4ba2-a189-55b02b3736d1|rpc:10.1.0.40:39489|dataStream:10.1.0.40:35317|priority:0|startupRole:FOLLOWER, a1c822f6-de87-4a46-a736-590ef3e07c50|rpc:10.1.0.40:46211|dataStream:10.1.0.40:46071|priority:0|startupRole:FOLLOWER] with ContainerStateMachine:uninitialized
2023-03-29 22:46:58,643 [pool-1597-thread-1] INFO  server.RaftServerConfigKeys (ConfUtils.java:logGet(46)) - raft.server.rpc.timeout.min = 5s (custom)
2023-03-29 22:46:58,643 [pool-1597-thread-1] INFO  server.RaftServerConfigKeys (ConfUtils.java:logGet(46)) - raft.server.rpc.timeout.max = 5200ms (custom)
2023-03-29 22:46:58,643 [pool-1597-thread-1] INFO  server.RaftServerConfigKeys (ConfUtils.java:logGet(46)) - raft.server.rpc.sleep.time = 25ms (default)
2023-03-29 22:46:58,643 [pool-1597-thread-1] INFO  server.RaftServerConfigKeys (ConfUtils.java:logGet(46)) - raft.server.rpc.slowness.timeout = 300s (custom)
2023-03-29 22:46:58,643 [pool-1597-thread-1] INFO  server.RaftServerConfigKeys (ConfUtils.java:logGet(46)) - raft.server.leaderelection.leader.step-down.wait-time = 10s (default)
2023-03-29 22:46:58,643 [pool-1597-thread-1] INFO  server.RaftServerConfigKeys (ConfUtils.java:logGet(46)) - raft.server.sleep.deviation.threshold = 300ms (default)
2023-03-29 22:46:58,643 [pool-1597-thread-1] INFO  server.RaftServer$Division (ServerState.java:<init>(118)) - 3991cbd9-9568-4ba2-a189-55b02b3736d1@group-A658A6E1FF8A: ConfigurationManager, init=-1: peers:[3a6183d8-7ae2-4fce-bc35-bf6e610ba6f7|rpc:10.1.0.40:46779|dataStream:10.1.0.40:35681|priority:1|startupRole:FOLLOWER, 3991cbd9-9568-4ba2-a189-55b02b3736d1|rpc:10.1.0.40:39489|dataStream:10.1.0.40:35317|priority:0|startupRole:FOLLOWER, a1c822f6-de87-4a46-a736-590ef3e07c50|rpc:10.1.0.40:46211|dataStream:10.1.0.40:46071|priority:0|startupRole:FOLLOWER]|listeners:[], old=null, confs=<EMPTY_MAP>
2023-03-29 22:46:58,644 [pool-1597-thread-1] INFO  server.RaftServerConfigKeys (ConfUtils.java:logGet(46)) - raft.server.storage.dir = [/home/runner/work/ozone/ozone/hadoop-ozone/integration-test/target/test-dir/MiniOzoneClusterImpl-bfbd9018-35f1-41c4-9115-0ebbd4040a15/datanode-2/data/ratis] (custom)
2023-03-29 22:46:58,644 [pool-1597-thread-1] INFO  server.RaftServerConfigKeys (ConfUtils.java:logGet(46)) - raft.server.log.corruption.policy = EXCEPTION (default)
2023-03-29 22:46:58,644 [pool-1597-thread-1] INFO  server.RaftServerConfigKeys (ConfUtils.java:logGet(46)) - raft.server.storage.free-space.min = 0MB (=0) (default)
2023-03-29 22:46:58,644 [pool-1597-thread-1] INFO  server.RaftServerConfigKeys (ConfUtils.java:logGet(46)) - raft.server.notification.no-leader.timeout = 300s (custom)
2023-03-29 22:46:58,644 [pool-1597-thread-1] INFO  server.RaftServerConfigKeys (ConfUtils.java:logGet(46)) - raft.server.retrycache.expirytime = 600000ms (custom)
2023-03-29 22:46:58,644 [pool-1597-thread-1] INFO  server.RaftServerConfigKeys (ConfUtils.java:logGet(46)) - raft.server.retrycache.statistics.expirytime = 100μs (default)
2023-03-29 22:46:58,645 [pool-1597-thread-1] INFO  server.RaftServerConfigKeys (ConfUtils.java:logGet(46)) - raft.server.log.appender.install.snapshot.enabled = false (custom)
2023-03-29 22:46:58,645 [pool-1597-thread-1] INFO  server.RaftServerConfigKeys (ConfUtils.java:logGet(46)) - raft.server.threadpool.server.cached = true (default)
2023-03-29 22:46:58,645 [pool-1597-thread-1] INFO  server.RaftServerConfigKeys (ConfUtils.java:logGet(46)) - raft.server.threadpool.server.size = 0 (default)
2023-03-29 22:46:58,645 [pool-1597-thread-1] INFO  server.RaftServerConfigKeys (ConfUtils.java:logGet(46)) - raft.server.threadpool.client.cached = true (default)
2023-03-29 22:46:58,645 [pool-1597-thread-1] INFO  server.RaftServerConfigKeys (ConfUtils.java:logGet(46)) - raft.server.threadpool.client.size = 0 (default)
2023-03-29 22:46:58,645 [pool-1597-thread-1] INFO  storage.RaftStorageDirectory (RaftStorageDirectoryImpl.java:analyzeStorage(137)) - The storage directory /home/runner/work/ozone/ozone/hadoop-ozone/integration-test/target/test-dir/MiniOzoneClusterImpl-bfbd9018-35f1-41c4-9115-0ebbd4040a15/datanode-2/data/ratis/3bf05c91-3e82-42f2-8b7b-a658a6e1ff8a does not exist. Creating ...
2023-03-29 22:46:58,647 [pool-1597-thread-1] INFO  storage.RaftStorageDirectory (RaftStorageDirectoryImpl.java:tryLock(231)) - Lock on /home/runner/work/ozone/ozone/hadoop-ozone/integration-test/target/test-dir/MiniOzoneClusterImpl-bfbd9018-35f1-41c4-9115-0ebbd4040a15/datanode-2/data/ratis/3bf05c91-3e82-42f2-8b7b-a658a6e1ff8a/in_use.lock acquired by nodename 4032@fv-az377-460
2023-03-29 22:46:58,649 [pool-1597-thread-1] INFO  storage.RaftStorage (RaftStorageImpl.java:format(96)) - Storage directory /home/runner/work/ozone/ozone/hadoop-ozone/integration-test/target/test-dir/MiniOzoneClusterImpl-bfbd9018-35f1-41c4-9115-0ebbd4040a15/datanode-2/data/ratis/3bf05c91-3e82-42f2-8b7b-a658a6e1ff8a has been successfully formatted.
2023-03-29 22:46:58,650 [pool-1597-thread-1] INFO  ratis.ContainerStateMachine (ContainerStateMachine.java:loadSnapshot(262)) - group-A658A6E1FF8A: The snapshot info is null. Setting the last applied indexto:(t:0, i:~)
2023-03-29 22:46:58,650 [pool-1597-thread-1] INFO  server.RaftServerConfigKeys (ConfUtils.java:logGet(46)) - raft.server.log.use.memory = false (default)
2023-03-29 22:46:58,650 [pool-1597-thread-1] INFO  server.RaftServerConfigKeys (ConfUtils.java:logGet(46)) - raft.server.log.purge.gap = 1000000 (custom)
2023-03-29 22:46:58,651 [pool-1597-thread-1] INFO  server.RaftServerConfigKeys (ConfUtils.java:logGet(46)) - raft.server.log.appender.buffer.byte-limit = 33554432 (custom)
2023-03-29 22:46:58,651 [pool-1597-thread-1] INFO  server.RaftServerConfigKeys (ConfUtils.java:logGet(46)) - raft.server.log.statemachine.data.read.timeout = 1000ms (default)
2023-03-29 22:46:58,651 [pool-1597-thread-1] INFO  server.RaftServerConfigKeys (ConfUtils.java:logGet(46)) - raft.server.log.purge.preservation.log.num = 0 (default)
2023-03-29 22:46:58,651 [pool-1597-thread-1] INFO  server.RaftServerConfigKeys (ConfUtils.java:logGet(46)) - raft.server.log.segment.size.max = 1048576 (custom)
2023-03-29 22:46:58,651 [pool-1597-thread-1] INFO  server.RaftServerConfigKeys (ConfUtils.java:logGet(46)) - raft.server.log.segment.cache.num.max = 2 (custom)
2023-03-29 22:46:58,651 [pool-1597-thread-1] INFO  server.RaftServerConfigKeys (ConfUtils.java:logGet(46)) - raft.server.log.segment.cache.size.max = 200MB (=209715200) (default)
2023-03-29 22:46:58,651 [pool-1597-thread-1] INFO  segmented.SegmentedRaftLogWorker (SegmentedRaftLogWorker.java:<init>(189)) - new 3991cbd9-9568-4ba2-a189-55b02b3736d1@group-A658A6E1FF8A-SegmentedRaftLogWorker for RaftStorageImpl:Storage Directory /home/runner/work/ozone/ozone/hadoop-ozone/integration-test/target/test-dir/MiniOzoneClusterImpl-bfbd9018-35f1-41c4-9115-0ebbd4040a15/datanode-2/data/ratis/3bf05c91-3e82-42f2-8b7b-a658a6e1ff8a
2023-03-29 22:46:58,651 [pool-1597-thread-1] INFO  server.RaftServerConfigKeys (ConfUtils.java:logGet(46)) - raft.server.log.queue.byte-limit = 4294967296 (custom)
2023-03-29 22:46:58,651 [pool-1597-thread-1] INFO  server.RaftServerConfigKeys (ConfUtils.java:logGet(46)) - raft.server.log.queue.element-limit = 1024 (custom)
2023-03-29 22:46:58,651 [pool-1597-thread-1] INFO  server.RaftServerConfigKeys (ConfUtils.java:logGet(46)) - raft.server.log.segment.size.max = 1048576 (custom)
2023-03-29 22:46:58,653 [pool-1597-thread-1] INFO  server.RaftServerConfigKeys (ConfUtils.java:logGet(46)) - raft.server.log.preallocated.size = 16384 (custom)
2023-03-29 22:46:58,653 [pool-1597-thread-1] INFO  server.RaftServerConfigKeys (ConfUtils.java:logGet(46)) - raft.server.log.force.sync.num = 128 (default)
2023-03-29 22:46:58,653 [pool-1597-thread-1] INFO  server.RaftServerConfigKeys (ConfUtils.java:logGet(46)) - raft.server.log.statemachine.data.sync = true (default)
2023-03-29 22:46:58,653 [pool-1597-thread-1] INFO  server.RaftServerConfigKeys (ConfUtils.java:logGet(46)) - raft.server.log.statemachine.data.sync.timeout = 10s (default)
2023-03-29 22:46:58,653 [pool-1597-thread-1] INFO  server.RaftServerConfigKeys (ConfUtils.java:logGet(46)) - raft.server.log.statemachine.data.sync.timeout.retry = -1 (default)
2023-03-29 22:46:58,654 [pool-1597-thread-1] INFO  server.RaftServerConfigKeys (ConfUtils.java:logGet(46)) - raft.server.log.write.buffer.size = 1048576 (custom)
2023-03-29 22:46:58,655 [pool-1597-thread-1] INFO  server.RaftServerConfigKeys (ConfUtils.java:logGet(46)) - raft.server.log.appender.buffer.byte-limit = 33554432 (custom)
2023-03-29 22:46:58,660 [pool-1597-thread-1] INFO  server.RaftServerConfigKeys (ConfUtils.java:logGet(46)) - raft.server.log.unsafe-flush.enabled = false (default)
2023-03-29 22:46:58,660 [pool-1597-thread-1] INFO  server.RaftServerConfigKeys (ConfUtils.java:logGet(46)) - raft.server.log.async-flush.enabled = false (default)
2023-03-29 22:46:58,660 [pool-1597-thread-1] INFO  server.RaftServerConfigKeys (ConfUtils.java:logGet(46)) - raft.server.log.statemachine.data.caching.enabled = true (custom)
2023-03-29 22:46:58,660 [pool-1597-thread-1] INFO  segmented.SegmentedRaftLogWorker (SegmentedRaftLogWorker.java:lambda$new$0(135)) - 3991cbd9-9568-4ba2-a189-55b02b3736d1@group-A658A6E1FF8A-SegmentedRaftLogWorker: flushIndex: setUnconditionally 0 -> -1
2023-03-29 22:46:58,660 [pool-1597-thread-1] INFO  segmented.SegmentedRaftLogWorker (SegmentedRaftLogWorker.java:lambda$new$0(135)) - 3991cbd9-9568-4ba2-a189-55b02b3736d1@group-A658A6E1FF8A-SegmentedRaftLogWorker: safeCacheEvictIndex: setUnconditionally 0 -> -1
2023-03-29 22:46:58,661 [pool-1597-thread-1] INFO  server.RaftServer$Division (RaftServerImpl.java:start(334)) - 3991cbd9-9568-4ba2-a189-55b02b3736d1@group-A658A6E1FF8A: start as a follower, conf=-1: peers:[3a6183d8-7ae2-4fce-bc35-bf6e610ba6f7|rpc:10.1.0.40:46779|dataStream:10.1.0.40:35681|priority:1|startupRole:FOLLOWER, 3991cbd9-9568-4ba2-a189-55b02b3736d1|rpc:10.1.0.40:39489|dataStream:10.1.0.40:35317|priority:0|startupRole:FOLLOWER, a1c822f6-de87-4a46-a736-590ef3e07c50|rpc:10.1.0.40:46211|dataStream:10.1.0.40:46071|priority:0|startupRole:FOLLOWER]|listeners:[], old=null
2023-03-29 22:46:58,661 [pool-1597-thread-1] INFO  server.RaftServer$Division (RaftServerImpl.java:setRole(321)) - 3991cbd9-9568-4ba2-a189-55b02b3736d1@group-A658A6E1FF8A: changes role from      null to FOLLOWER at term 0 for startAsFollower
2023-03-29 22:46:58,661 [pool-1597-thread-1] INFO  impl.RoleInfo (RoleInfo.java:updateAndGet(139)) - 3991cbd9-9568-4ba2-a189-55b02b3736d1: start 3991cbd9-9568-4ba2-a189-55b02b3736d1@group-A658A6E1FF8A-FollowerState
2023-03-29 22:46:58,661 [pool-1597-thread-1] INFO  util.JmxRegister (JmxRegister.java:tryRegister(44)) - Successfully registered JMX Bean with object name Ratis:service=RaftServer,group=group-A658A6E1FF8A,id=3991cbd9-9568-4ba2-a189-55b02b3736d1
2023-03-29 22:46:58,661 [3991cbd9-9568-4ba2-a189-55b02b3736d1@group-A658A6E1FF8A-FollowerState] INFO  server.RaftServerConfigKeys (ConfUtils.java:logFallback(53)) - raft.server.rpc.first-election.timeout.min = 5s (fallback to raft.server.rpc.timeout.min)
2023-03-29 22:46:58,661 [pool-1597-thread-1] INFO  server.RaftServerConfigKeys (ConfUtils.java:logGet(46)) - raft.server.snapshot.auto.trigger.enabled = true (custom)
2023-03-29 22:46:58,661 [3991cbd9-9568-4ba2-a189-55b02b3736d1@group-A658A6E1FF8A-FollowerState] INFO  server.RaftServerConfigKeys (ConfUtils.java:logFallback(53)) - raft.server.rpc.first-election.timeout.max = 5200ms (fallback to raft.server.rpc.timeout.max)
2023-03-29 22:46:58,661 [pool-1597-thread-1] INFO  server.RaftServerConfigKeys (ConfUtils.java:logGet(46)) - raft.server.snapshot.auto.trigger.threshold = 10000 (custom)
2023-03-29 22:46:58,661 [pool-1597-thread-1] INFO  server.RaftServerConfigKeys (ConfUtils.java:logGet(46)) - raft.server.snapshot.retention.file.num = 5 (custom)
2023-03-29 22:46:58,661 [pool-1597-thread-1] INFO  server.RaftServerConfigKeys (ConfUtils.java:logGet(46)) - raft.server.log.purge.upto.snapshot.index = false (default)
2023-03-29 22:46:58,673 [grpc-default-executor-4] INFO  server.RaftServer (RaftServerProxy.java:addNew(96)) - 3a6183d8-7ae2-4fce-bc35-bf6e610ba6f7: addNew group-A658A6E1FF8A:[3a6183d8-7ae2-4fce-bc35-bf6e610ba6f7|rpc:10.1.0.40:46779|dataStream:10.1.0.40:35681|priority:1|startupRole:FOLLOWER, 3991cbd9-9568-4ba2-a189-55b02b3736d1|rpc:10.1.0.40:39489|dataStream:10.1.0.40:35317|priority:0|startupRole:FOLLOWER, a1c822f6-de87-4a46-a736-590ef3e07c50|rpc:10.1.0.40:46211|dataStream:10.1.0.40:46071|priority:0|startupRole:FOLLOWER] returns group-A658A6E1FF8A:java.util.concurrent.CompletableFuture@4c2f8baa[Not completed]
2023-03-29 22:46:58,674 [pool-1575-thread-1] INFO  server.RaftServer$Division (RaftServerImpl.java:<init>(195)) - 3a6183d8-7ae2-4fce-bc35-bf6e610ba6f7: new RaftServerImpl for group-A658A6E1FF8A:[3a6183d8-7ae2-4fce-bc35-bf6e610ba6f7|rpc:10.1.0.40:46779|dataStream:10.1.0.40:35681|priority:1|startupRole:FOLLOWER, 3991cbd9-9568-4ba2-a189-55b02b3736d1|rpc:10.1.0.40:39489|dataStream:10.1.0.40:35317|priority:0|startupRole:FOLLOWER, a1c822f6-de87-4a46-a736-590ef3e07c50|rpc:10.1.0.40:46211|dataStream:10.1.0.40:46071|priority:0|startupRole:FOLLOWER] with ContainerStateMachine:uninitialized
2023-03-29 22:46:58,674 [pool-1575-thread-1] INFO  server.RaftServerConfigKeys (ConfUtils.java:logGet(46)) - raft.server.rpc.timeout.min = 5s (custom)
2023-03-29 22:46:58,674 [pool-1575-thread-1] INFO  server.RaftServerConfigKeys (ConfUtils.java:logGet(46)) - raft.server.rpc.timeout.max = 5200ms (custom)
2023-03-29 22:46:58,674 [pool-1575-thread-1] INFO  server.RaftServerConfigKeys (ConfUtils.java:logGet(46)) - raft.server.rpc.sleep.time = 25ms (default)
2023-03-29 22:46:58,674 [pool-1575-thread-1] INFO  server.RaftServerConfigKeys (ConfUtils.java:logGet(46)) - raft.server.rpc.slowness.timeout = 300s (custom)
2023-03-29 22:46:58,674 [pool-1575-thread-1] INFO  server.RaftServerConfigKeys (ConfUtils.java:logGet(46)) - raft.server.leaderelection.leader.step-down.wait-time = 10s (default)
2023-03-29 22:46:58,674 [pool-1575-thread-1] INFO  server.RaftServerConfigKeys (ConfUtils.java:logGet(46)) - raft.server.sleep.deviation.threshold = 300ms (default)
2023-03-29 22:46:58,674 [pool-1575-thread-1] INFO  server.RaftServer$Division (ServerState.java:<init>(118)) - 3a6183d8-7ae2-4fce-bc35-bf6e610ba6f7@group-A658A6E1FF8A: ConfigurationManager, init=-1: peers:[3a6183d8-7ae2-4fce-bc35-bf6e610ba6f7|rpc:10.1.0.40:46779|dataStream:10.1.0.40:35681|priority:1|startupRole:FOLLOWER, 3991cbd9-9568-4ba2-a189-55b02b3736d1|rpc:10.1.0.40:39489|dataStream:10.1.0.40:35317|priority:0|startupRole:FOLLOWER, a1c822f6-de87-4a46-a736-590ef3e07c50|rpc:10.1.0.40:46211|dataStream:10.1.0.40:46071|priority:0|startupRole:FOLLOWER]|listeners:[], old=null, confs=<EMPTY_MAP>
2023-03-29 22:46:58,674 [pool-1575-thread-1] INFO  server.RaftServerConfigKeys (ConfUtils.java:logGet(46)) - raft.server.storage.dir = [/home/runner/work/ozone/ozone/hadoop-ozone/integration-test/target/test-dir/MiniOzoneClusterImpl-bfbd9018-35f1-41c4-9115-0ebbd4040a15/datanode-1/data/ratis] (custom)
2023-03-29 22:46:58,675 [pool-1575-thread-1] INFO  server.RaftServerConfigKeys (ConfUtils.java:logGet(46)) - raft.server.log.corruption.policy = EXCEPTION (default)
2023-03-29 22:46:58,675 [pool-1575-thread-1] INFO  server.RaftServerConfigKeys (ConfUtils.java:logGet(46)) - raft.server.storage.free-space.min = 0MB (=0) (default)
2023-03-29 22:46:58,677 [pool-1575-thread-1] INFO  server.RaftServerConfigKeys (ConfUtils.java:logGet(46)) - raft.server.notification.no-leader.timeout = 300s (custom)
2023-03-29 22:46:58,677 [pool-1575-thread-1] INFO  server.RaftServerConfigKeys (ConfUtils.java:logGet(46)) - raft.server.retrycache.expirytime = 600000ms (custom)
2023-03-29 22:46:58,677 [pool-1575-thread-1] INFO  server.RaftServerConfigKeys (ConfUtils.java:logGet(46)) - raft.server.retrycache.statistics.expirytime = 100μs (default)
2023-03-29 22:46:58,677 [pool-1575-thread-1] INFO  server.RaftServerConfigKeys (ConfUtils.java:logGet(46)) - raft.server.log.appender.install.snapshot.enabled = false (custom)
2023-03-29 22:46:58,677 [pool-1575-thread-1] INFO  server.RaftServerConfigKeys (ConfUtils.java:logGet(46)) - raft.server.threadpool.server.cached = true (default)
2023-03-29 22:46:58,677 [pool-1575-thread-1] INFO  server.RaftServerConfigKeys (ConfUtils.java:logGet(46)) - raft.server.threadpool.server.size = 0 (default)
2023-03-29 22:46:58,677 [pool-1575-thread-1] INFO  server.RaftServerConfigKeys (ConfUtils.java:logGet(46)) - raft.server.threadpool.client.cached = true (default)
2023-03-29 22:46:58,677 [pool-1575-thread-1] INFO  server.RaftServerConfigKeys (ConfUtils.java:logGet(46)) - raft.server.threadpool.client.size = 0 (default)
2023-03-29 22:46:58,678 [pool-1575-thread-1] INFO  storage.RaftStorageDirectory (RaftStorageDirectoryImpl.java:analyzeStorage(137)) - The storage directory /home/runner/work/ozone/ozone/hadoop-ozone/integration-test/target/test-dir/MiniOzoneClusterImpl-bfbd9018-35f1-41c4-9115-0ebbd4040a15/datanode-1/data/ratis/3bf05c91-3e82-42f2-8b7b-a658a6e1ff8a does not exist. Creating ...
2023-03-29 22:46:58,679 [pool-1575-thread-1] INFO  storage.RaftStorageDirectory (RaftStorageDirectoryImpl.java:tryLock(231)) - Lock on /home/runner/work/ozone/ozone/hadoop-ozone/integration-test/target/test-dir/MiniOzoneClusterImpl-bfbd9018-35f1-41c4-9115-0ebbd4040a15/datanode-1/data/ratis/3bf05c91-3e82-42f2-8b7b-a658a6e1ff8a/in_use.lock acquired by nodename 4032@fv-az377-460
2023-03-29 22:46:58,680 [pool-1575-thread-1] INFO  storage.RaftStorage (RaftStorageImpl.java:format(96)) - Storage directory /home/runner/work/ozone/ozone/hadoop-ozone/integration-test/target/test-dir/MiniOzoneClusterImpl-bfbd9018-35f1-41c4-9115-0ebbd4040a15/datanode-1/data/ratis/3bf05c91-3e82-42f2-8b7b-a658a6e1ff8a has been successfully formatted.
2023-03-29 22:46:58,681 [pool-1575-thread-1] INFO  ratis.ContainerStateMachine (ContainerStateMachine.java:loadSnapshot(262)) - group-A658A6E1FF8A: The snapshot info is null. Setting the last applied indexto:(t:0, i:~)
2023-03-29 22:46:58,681 [pool-1575-thread-1] INFO  server.RaftServerConfigKeys (ConfUtils.java:logGet(46)) - raft.server.log.use.memory = false (default)
2023-03-29 22:46:58,681 [pool-1575-thread-1] INFO  server.RaftServerConfigKeys (ConfUtils.java:logGet(46)) - raft.server.log.purge.gap = 1000000 (custom)
2023-03-29 22:46:58,681 [pool-1575-thread-1] INFO  server.RaftServerConfigKeys (ConfUtils.java:logGet(46)) - raft.server.log.appender.buffer.byte-limit = 33554432 (custom)
2023-03-29 22:46:58,681 [pool-1575-thread-1] INFO  server.RaftServerConfigKeys (ConfUtils.java:logGet(46)) - raft.server.log.statemachine.data.read.timeout = 1000ms (default)
2023-03-29 22:46:58,682 [pool-1575-thread-1] INFO  server.RaftServerConfigKeys (ConfUtils.java:logGet(46)) - raft.server.log.purge.preservation.log.num = 0 (default)
2023-03-29 22:46:58,682 [pool-1575-thread-1] INFO  server.RaftServerConfigKeys (ConfUtils.java:logGet(46)) - raft.server.log.segment.size.max = 1048576 (custom)
2023-03-29 22:46:58,683 [pool-1575-thread-1] INFO  server.RaftServerConfigKeys (ConfUtils.java:logGet(46)) - raft.server.log.segment.cache.num.max = 2 (custom)
2023-03-29 22:46:58,683 [pool-1575-thread-1] INFO  server.RaftServerConfigKeys (ConfUtils.java:logGet(46)) - raft.server.log.segment.cache.size.max = 200MB (=209715200) (default)
2023-03-29 22:46:58,683 [pool-1575-thread-1] INFO  segmented.SegmentedRaftLogWorker (SegmentedRaftLogWorker.java:<init>(189)) - new 3a6183d8-7ae2-4fce-bc35-bf6e610ba6f7@group-A658A6E1FF8A-SegmentedRaftLogWorker for RaftStorageImpl:Storage Directory /home/runner/work/ozone/ozone/hadoop-ozone/integration-test/target/test-dir/MiniOzoneClusterImpl-bfbd9018-35f1-41c4-9115-0ebbd4040a15/datanode-1/data/ratis/3bf05c91-3e82-42f2-8b7b-a658a6e1ff8a
2023-03-29 22:46:58,683 [pool-1575-thread-1] INFO  server.RaftServerConfigKeys (ConfUtils.java:logGet(46)) - raft.server.log.queue.byte-limit = 4294967296 (custom)
2023-03-29 22:46:58,683 [pool-1575-thread-1] INFO  server.RaftServerConfigKeys (ConfUtils.java:logGet(46)) - raft.server.log.queue.element-limit = 1024 (custom)
2023-03-29 22:46:58,683 [pool-1575-thread-1] INFO  server.RaftServerConfigKeys (ConfUtils.java:logGet(46)) - raft.server.log.segment.size.max = 1048576 (custom)
2023-03-29 22:46:58,683 [pool-1575-thread-1] INFO  server.RaftServerConfigKeys (ConfUtils.java:logGet(46)) - raft.server.log.preallocated.size = 16384 (custom)
2023-03-29 22:46:58,683 [pool-1575-thread-1] INFO  server.RaftServerConfigKeys (ConfUtils.java:logGet(46)) - raft.server.log.force.sync.num = 128 (default)
2023-03-29 22:46:58,683 [pool-1575-thread-1] INFO  server.RaftServerConfigKeys (ConfUtils.java:logGet(46)) - raft.server.log.statemachine.data.sync = true (default)
2023-03-29 22:46:58,683 [pool-1575-thread-1] INFO  server.RaftServerConfigKeys (ConfUtils.java:logGet(46)) - raft.server.log.statemachine.data.sync.timeout = 10s (default)
2023-03-29 22:46:58,683 [pool-1575-thread-1] INFO  server.RaftServerConfigKeys (ConfUtils.java:logGet(46)) - raft.server.log.statemachine.data.sync.timeout.retry = -1 (default)
2023-03-29 22:46:58,684 [pool-1575-thread-1] INFO  server.RaftServerConfigKeys (ConfUtils.java:logGet(46)) - raft.server.log.write.buffer.size = 1048576 (custom)
2023-03-29 22:46:58,684 [pool-1575-thread-1] INFO  server.RaftServerConfigKeys (ConfUtils.java:logGet(46)) - raft.server.log.appender.buffer.byte-limit = 33554432 (custom)
2023-03-29 22:46:58,690 [pool-1575-thread-1] INFO  server.RaftServerConfigKeys (ConfUtils.java:logGet(46)) - raft.server.log.unsafe-flush.enabled = false (default)
2023-03-29 22:46:58,690 [pool-1575-thread-1] INFO  server.RaftServerConfigKeys (ConfUtils.java:logGet(46)) - raft.server.log.async-flush.enabled = false (default)
2023-03-29 22:46:58,690 [pool-1575-thread-1] INFO  server.RaftServerConfigKeys (ConfUtils.java:logGet(46)) - raft.server.log.statemachine.data.caching.enabled = true (custom)
2023-03-29 22:46:58,690 [pool-1575-thread-1] INFO  segmented.SegmentedRaftLogWorker (SegmentedRaftLogWorker.java:lambda$new$0(135)) - 3a6183d8-7ae2-4fce-bc35-bf6e610ba6f7@group-A658A6E1FF8A-SegmentedRaftLogWorker: flushIndex: setUnconditionally 0 -> -1
2023-03-29 22:46:58,690 [pool-1575-thread-1] INFO  segmented.SegmentedRaftLogWorker (SegmentedRaftLogWorker.java:lambda$new$0(135)) - 3a6183d8-7ae2-4fce-bc35-bf6e610ba6f7@group-A658A6E1FF8A-SegmentedRaftLogWorker: safeCacheEvictIndex: setUnconditionally 0 -> -1
2023-03-29 22:46:58,690 [pool-1575-thread-1] INFO  server.RaftServer$Division (RaftServerImpl.java:start(334)) - 3a6183d8-7ae2-4fce-bc35-bf6e610ba6f7@group-A658A6E1FF8A: start as a follower, conf=-1: peers:[3a6183d8-7ae2-4fce-bc35-bf6e610ba6f7|rpc:10.1.0.40:46779|dataStream:10.1.0.40:35681|priority:1|startupRole:FOLLOWER, 3991cbd9-9568-4ba2-a189-55b02b3736d1|rpc:10.1.0.40:39489|dataStream:10.1.0.40:35317|priority:0|startupRole:FOLLOWER, a1c822f6-de87-4a46-a736-590ef3e07c50|rpc:10.1.0.40:46211|dataStream:10.1.0.40:46071|priority:0|startupRole:FOLLOWER]|listeners:[], old=null
2023-03-29 22:46:58,690 [pool-1575-thread-1] INFO  server.RaftServer$Division (RaftServerImpl.java:setRole(321)) - 3a6183d8-7ae2-4fce-bc35-bf6e610ba6f7@group-A658A6E1FF8A: changes role from      null to FOLLOWER at term 0 for startAsFollower
2023-03-29 22:46:58,690 [pool-1575-thread-1] INFO  impl.RoleInfo (RoleInfo.java:updateAndGet(139)) - 3a6183d8-7ae2-4fce-bc35-bf6e610ba6f7: start 3a6183d8-7ae2-4fce-bc35-bf6e610ba6f7@group-A658A6E1FF8A-FollowerState
2023-03-29 22:46:58,690 [pool-1575-thread-1] INFO  util.JmxRegister (JmxRegister.java:tryRegister(44)) - Successfully registered JMX Bean with object name Ratis:service=RaftServer,group=group-A658A6E1FF8A,id=3a6183d8-7ae2-4fce-bc35-bf6e610ba6f7
2023-03-29 22:46:58,690 [3a6183d8-7ae2-4fce-bc35-bf6e610ba6f7@group-A658A6E1FF8A-FollowerState] INFO  server.RaftServerConfigKeys (ConfUtils.java:logFallback(53)) - raft.server.rpc.first-election.timeout.min = 5s (fallback to raft.server.rpc.timeout.min)
2023-03-29 22:46:58,690 [pool-1575-thread-1] INFO  server.RaftServerConfigKeys (ConfUtils.java:logGet(46)) - raft.server.snapshot.auto.trigger.enabled = true (custom)
2023-03-29 22:46:58,690 [3a6183d8-7ae2-4fce-bc35-bf6e610ba6f7@group-A658A6E1FF8A-FollowerState] INFO  server.RaftServerConfigKeys (ConfUtils.java:logFallback(53)) - raft.server.rpc.first-election.timeout.max = 5200ms (fallback to raft.server.rpc.timeout.max)
2023-03-29 22:46:58,690 [pool-1575-thread-1] INFO  server.RaftServerConfigKeys (ConfUtils.java:logGet(46)) - raft.server.snapshot.auto.trigger.threshold = 10000 (custom)
2023-03-29 22:46:58,691 [pool-1575-thread-1] INFO  server.RaftServerConfigKeys (ConfUtils.java:logGet(46)) - raft.server.snapshot.retention.file.num = 5 (custom)
2023-03-29 22:46:58,691 [pool-1575-thread-1] INFO  server.RaftServerConfigKeys (ConfUtils.java:logGet(46)) - raft.server.log.purge.upto.snapshot.index = false (default)
2023-03-29 22:46:58,694 [Command processor thread] INFO  commandhandler.CreatePipelineCommandHandler (CreatePipelineCommandHandler.java:handle(113)) - Created Pipeline RATIS THREE PipelineID=3bf05c91-3e82-42f2-8b7b-a658a6e1ff8a.
2023-03-29 22:46:58,694 [Command processor thread] INFO  server.RaftServer (RaftServerProxy.java:addNew(96)) - a1c822f6-de87-4a46-a736-590ef3e07c50: addNew group-FACE9333C8E8:[3a6183d8-7ae2-4fce-bc35-bf6e610ba6f7|rpc:10.1.0.40:46779|dataStream:10.1.0.40:35681|priority:0|startupRole:FOLLOWER, 3991cbd9-9568-4ba2-a189-55b02b3736d1|rpc:10.1.0.40:39489|dataStream:10.1.0.40:35317|priority:0|startupRole:FOLLOWER, a1c822f6-de87-4a46-a736-590ef3e07c50|rpc:10.1.0.40:46211|dataStream:10.1.0.40:46071|priority:1|startupRole:FOLLOWER] returns group-FACE9333C8E8:java.util.concurrent.CompletableFuture@1d26045d[Not completed]
2023-03-29 22:46:58,695 [pool-1553-thread-1] INFO  server.RaftServer$Division (RaftServerImpl.java:<init>(195)) - a1c822f6-de87-4a46-a736-590ef3e07c50: new RaftServerImpl for group-FACE9333C8E8:[3a6183d8-7ae2-4fce-bc35-bf6e610ba6f7|rpc:10.1.0.40:46779|dataStream:10.1.0.40:35681|priority:0|startupRole:FOLLOWER, 3991cbd9-9568-4ba2-a189-55b02b3736d1|rpc:10.1.0.40:39489|dataStream:10.1.0.40:35317|priority:0|startupRole:FOLLOWER, a1c822f6-de87-4a46-a736-590ef3e07c50|rpc:10.1.0.40:46211|dataStream:10.1.0.40:46071|priority:1|startupRole:FOLLOWER] with ContainerStateMachine:uninitialized
2023-03-29 22:46:58,695 [pool-1553-thread-1] INFO  server.RaftServerConfigKeys (ConfUtils.java:logGet(46)) - raft.server.rpc.timeout.min = 5s (custom)
2023-03-29 22:46:58,696 [pool-1553-thread-1] INFO  server.RaftServerConfigKeys (ConfUtils.java:logGet(46)) - raft.server.rpc.timeout.max = 5200ms (custom)
2023-03-29 22:46:58,696 [pool-1553-thread-1] INFO  server.RaftServerConfigKeys (ConfUtils.java:logGet(46)) - raft.server.rpc.sleep.time = 25ms (default)
2023-03-29 22:46:58,696 [pool-1553-thread-1] INFO  server.RaftServerConfigKeys (ConfUtils.java:logGet(46)) - raft.server.rpc.slowness.timeout = 300s (custom)
2023-03-29 22:46:58,696 [pool-1553-thread-1] INFO  server.RaftServerConfigKeys (ConfUtils.java:logGet(46)) - raft.server.leaderelection.leader.step-down.wait-time = 10s (default)
2023-03-29 22:46:58,696 [pool-1553-thread-1] INFO  server.RaftServerConfigKeys (ConfUtils.java:logGet(46)) - raft.server.sleep.deviation.threshold = 300ms (default)
2023-03-29 22:46:58,696 [pool-1553-thread-1] INFO  server.RaftServer$Division (ServerState.java:<init>(118)) - a1c822f6-de87-4a46-a736-590ef3e07c50@group-FACE9333C8E8: ConfigurationManager, init=-1: peers:[3a6183d8-7ae2-4fce-bc35-bf6e610ba6f7|rpc:10.1.0.40:46779|dataStream:10.1.0.40:35681|priority:0|startupRole:FOLLOWER, 3991cbd9-9568-4ba2-a189-55b02b3736d1|rpc:10.1.0.40:39489|dataStream:10.1.0.40:35317|priority:0|startupRole:FOLLOWER, a1c822f6-de87-4a46-a736-590ef3e07c50|rpc:10.1.0.40:46211|dataStream:10.1.0.40:46071|priority:1|startupRole:FOLLOWER]|listeners:[], old=null, confs=<EMPTY_MAP>
2023-03-29 22:46:58,696 [pool-1553-thread-1] INFO  server.RaftServerConfigKeys (ConfUtils.java:logGet(46)) - raft.server.storage.dir = [/home/runner/work/ozone/ozone/hadoop-ozone/integration-test/target/test-dir/MiniOzoneClusterImpl-bfbd9018-35f1-41c4-9115-0ebbd4040a15/datanode-0/data/ratis] (custom)
2023-03-29 22:46:58,696 [pool-1553-thread-1] INFO  server.RaftServerConfigKeys (ConfUtils.java:logGet(46)) - raft.server.log.corruption.policy = EXCEPTION (default)
2023-03-29 22:46:58,696 [pool-1553-thread-1] INFO  server.RaftServerConfigKeys (ConfUtils.java:logGet(46)) - raft.server.storage.free-space.min = 0MB (=0) (default)
2023-03-29 22:46:58,696 [pool-1553-thread-1] INFO  server.RaftServerConfigKeys (ConfUtils.java:logGet(46)) - raft.server.notification.no-leader.timeout = 300s (custom)
2023-03-29 22:46:58,696 [pool-1553-thread-1] INFO  server.RaftServerConfigKeys (ConfUtils.java:logGet(46)) - raft.server.retrycache.expirytime = 600000ms (custom)
2023-03-29 22:46:58,696 [pool-1553-thread-1] INFO  server.RaftServerConfigKeys (ConfUtils.java:logGet(46)) - raft.server.retrycache.statistics.expirytime = 100μs (default)
2023-03-29 22:46:58,697 [pool-1553-thread-1] INFO  server.RaftServerConfigKeys (ConfUtils.java:logGet(46)) - raft.server.log.appender.install.snapshot.enabled = false (custom)
2023-03-29 22:46:58,697 [pool-1553-thread-1] INFO  server.RaftServerConfigKeys (ConfUtils.java:logGet(46)) - raft.server.threadpool.server.cached = true (default)
2023-03-29 22:46:58,697 [pool-1553-thread-1] INFO  server.RaftServerConfigKeys (ConfUtils.java:logGet(46)) - raft.server.threadpool.server.size = 0 (default)
2023-03-29 22:46:58,697 [pool-1553-thread-1] INFO  server.RaftServerConfigKeys (ConfUtils.java:logGet(46)) - raft.server.threadpool.client.cached = true (default)
2023-03-29 22:46:58,697 [pool-1553-thread-1] INFO  server.RaftServerConfigKeys (ConfUtils.java:logGet(46)) - raft.server.threadpool.client.size = 0 (default)
2023-03-29 22:46:58,697 [pool-1553-thread-1] INFO  storage.RaftStorageDirectory (RaftStorageDirectoryImpl.java:analyzeStorage(137)) - The storage directory /home/runner/work/ozone/ozone/hadoop-ozone/integration-test/target/test-dir/MiniOzoneClusterImpl-bfbd9018-35f1-41c4-9115-0ebbd4040a15/datanode-0/data/ratis/945e2173-40d0-42b1-b6eb-face9333c8e8 does not exist. Creating ...
2023-03-29 22:46:58,698 [pool-1553-thread-1] INFO  storage.RaftStorageDirectory (RaftStorageDirectoryImpl.java:tryLock(231)) - Lock on /home/runner/work/ozone/ozone/hadoop-ozone/integration-test/target/test-dir/MiniOzoneClusterImpl-bfbd9018-35f1-41c4-9115-0ebbd4040a15/datanode-0/data/ratis/945e2173-40d0-42b1-b6eb-face9333c8e8/in_use.lock acquired by nodename 4032@fv-az377-460
2023-03-29 22:46:58,700 [pool-1553-thread-1] INFO  storage.RaftStorage (RaftStorageImpl.java:format(96)) - Storage directory /home/runner/work/ozone/ozone/hadoop-ozone/integration-test/target/test-dir/MiniOzoneClusterImpl-bfbd9018-35f1-41c4-9115-0ebbd4040a15/datanode-0/data/ratis/945e2173-40d0-42b1-b6eb-face9333c8e8 has been successfully formatted.
2023-03-29 22:46:58,700 [pool-1553-thread-1] INFO  ratis.ContainerStateMachine (ContainerStateMachine.java:loadSnapshot(262)) - group-FACE9333C8E8: The snapshot info is null. Setting the last applied indexto:(t:0, i:~)
2023-03-29 22:46:58,700 [pool-1553-thread-1] INFO  server.RaftServerConfigKeys (ConfUtils.java:logGet(46)) - raft.server.log.use.memory = false (default)
2023-03-29 22:46:58,700 [pool-1553-thread-1] INFO  server.RaftServerConfigKeys (ConfUtils.java:logGet(46)) - raft.server.log.purge.gap = 1000000 (custom)
2023-03-29 22:46:58,700 [pool-1553-thread-1] INFO  server.RaftServerConfigKeys (ConfUtils.java:logGet(46)) - raft.server.log.appender.buffer.byte-limit = 33554432 (custom)
2023-03-29 22:46:58,700 [pool-1553-thread-1] INFO  server.RaftServerConfigKeys (ConfUtils.java:logGet(46)) - raft.server.log.statemachine.data.read.timeout = 1000ms (default)
2023-03-29 22:46:58,700 [pool-1553-thread-1] INFO  server.RaftServerConfigKeys (ConfUtils.java:logGet(46)) - raft.server.log.purge.preservation.log.num = 0 (default)
2023-03-29 22:46:58,701 [pool-1553-thread-1] INFO  server.RaftServerConfigKeys (ConfUtils.java:logGet(46)) - raft.server.log.segment.size.max = 1048576 (custom)
2023-03-29 22:46:58,701 [pool-1553-thread-1] INFO  server.RaftServerConfigKeys (ConfUtils.java:logGet(46)) - raft.server.log.segment.cache.num.max = 2 (custom)
2023-03-29 22:46:58,701 [pool-1553-thread-1] INFO  server.RaftServerConfigKeys (ConfUtils.java:logGet(46)) - raft.server.log.segment.cache.size.max = 200MB (=209715200) (default)
2023-03-29 22:46:58,701 [pool-1553-thread-1] INFO  segmented.SegmentedRaftLogWorker (SegmentedRaftLogWorker.java:<init>(189)) - new a1c822f6-de87-4a46-a736-590ef3e07c50@group-FACE9333C8E8-SegmentedRaftLogWorker for RaftStorageImpl:Storage Directory /home/runner/work/ozone/ozone/hadoop-ozone/integration-test/target/test-dir/MiniOzoneClusterImpl-bfbd9018-35f1-41c4-9115-0ebbd4040a15/datanode-0/data/ratis/945e2173-40d0-42b1-b6eb-face9333c8e8
2023-03-29 22:46:58,701 [pool-1553-thread-1] INFO  server.RaftServerConfigKeys (ConfUtils.java:logGet(46)) - raft.server.log.queue.byte-limit = 4294967296 (custom)
2023-03-29 22:46:58,701 [pool-1553-thread-1] INFO  server.RaftServerConfigKeys (ConfUtils.java:logGet(46)) - raft.server.log.queue.element-limit = 1024 (custom)
2023-03-29 22:46:58,701 [pool-1553-thread-1] INFO  server.RaftServerConfigKeys (ConfUtils.java:logGet(46)) - raft.server.log.segment.size.max = 1048576 (custom)
2023-03-29 22:46:58,701 [pool-1553-thread-1] INFO  server.RaftServerConfigKeys (ConfUtils.java:logGet(46)) - raft.server.log.preallocated.size = 16384 (custom)
2023-03-29 22:46:58,701 [pool-1553-thread-1] INFO  server.RaftServerConfigKeys (ConfUtils.java:logGet(46)) - raft.server.log.force.sync.num = 128 (default)
2023-03-29 22:46:58,701 [pool-1553-thread-1] INFO  server.RaftServerConfigKeys (ConfUtils.java:logGet(46)) - raft.server.log.statemachine.data.sync = true (default)
2023-03-29 22:46:58,701 [EventQueue-OpenPipelineForHealthyPipelineSafeModeRule] INFO  safemode.SCMSafeModeManager (HealthyPipelineSafeModeRule.java:process(137)) - SCM in safe mode. Healthy pipelines reported count is 0, required healthy pipeline reported count is 1
2023-03-29 22:46:58,701 [pool-1553-thread-1] INFO  server.RaftServerConfigKeys (ConfUtils.java:logGet(46)) - raft.server.log.statemachine.data.sync.timeout = 10s (default)
2023-03-29 22:46:58,701 [pool-1553-thread-1] INFO  server.RaftServerConfigKeys (ConfUtils.java:logGet(46)) - raft.server.log.statemachine.data.sync.timeout.retry = -1 (default)
2023-03-29 22:46:58,702 [pool-1553-thread-1] INFO  server.RaftServerConfigKeys (ConfUtils.java:logGet(46)) - raft.server.log.write.buffer.size = 1048576 (custom)
2023-03-29 22:46:58,702 [pool-1553-thread-1] INFO  server.RaftServerConfigKeys (ConfUtils.java:logGet(46)) - raft.server.log.appender.buffer.byte-limit = 33554432 (custom)
2023-03-29 22:46:58,708 [pool-1553-thread-1] INFO  server.RaftServerConfigKeys (ConfUtils.java:logGet(46)) - raft.server.log.unsafe-flush.enabled = false (default)
2023-03-29 22:46:58,708 [pool-1553-thread-1] INFO  server.RaftServerConfigKeys (ConfUtils.java:logGet(46)) - raft.server.log.async-flush.enabled = false (default)
2023-03-29 22:46:58,708 [pool-1553-thread-1] INFO  server.RaftServerConfigKeys (ConfUtils.java:logGet(46)) - raft.server.log.statemachine.data.caching.enabled = true (custom)
2023-03-29 22:46:58,708 [pool-1553-thread-1] INFO  segmented.SegmentedRaftLogWorker (SegmentedRaftLogWorker.java:lambda$new$0(135)) - a1c822f6-de87-4a46-a736-590ef3e07c50@group-FACE9333C8E8-SegmentedRaftLogWorker: flushIndex: setUnconditionally 0 -> -1
2023-03-29 22:46:58,708 [pool-1553-thread-1] INFO  segmented.SegmentedRaftLogWorker (SegmentedRaftLogWorker.java:lambda$new$0(135)) - a1c822f6-de87-4a46-a736-590ef3e07c50@group-FACE9333C8E8-SegmentedRaftLogWorker: safeCacheEvictIndex: setUnconditionally 0 -> -1
2023-03-29 22:46:58,708 [pool-1553-thread-1] INFO  server.RaftServer$Division (RaftServerImpl.java:start(334)) - a1c822f6-de87-4a46-a736-590ef3e07c50@group-FACE9333C8E8: start as a follower, conf=-1: peers:[3a6183d8-7ae2-4fce-bc35-bf6e610ba6f7|rpc:10.1.0.40:46779|dataStream:10.1.0.40:35681|priority:0|startupRole:FOLLOWER, 3991cbd9-9568-4ba2-a189-55b02b3736d1|rpc:10.1.0.40:39489|dataStream:10.1.0.40:35317|priority:0|startupRole:FOLLOWER, a1c822f6-de87-4a46-a736-590ef3e07c50|rpc:10.1.0.40:46211|dataStream:10.1.0.40:46071|priority:1|startupRole:FOLLOWER]|listeners:[], old=null
2023-03-29 22:46:58,709 [pool-1553-thread-1] INFO  server.RaftServer$Division (RaftServerImpl.java:setRole(321)) - a1c822f6-de87-4a46-a736-590ef3e07c50@group-FACE9333C8E8: changes role from      null to FOLLOWER at term 0 for startAsFollower
2023-03-29 22:46:58,709 [pool-1553-thread-1] INFO  impl.RoleInfo (RoleInfo.java:updateAndGet(139)) - a1c822f6-de87-4a46-a736-590ef3e07c50: start a1c822f6-de87-4a46-a736-590ef3e07c50@group-FACE9333C8E8-FollowerState
2023-03-29 22:46:58,710 [pool-1553-thread-1] INFO  util.JmxRegister (JmxRegister.java:tryRegister(44)) - Successfully registered JMX Bean with object name Ratis:service=RaftServer,group=group-FACE9333C8E8,id=a1c822f6-de87-4a46-a736-590ef3e07c50
2023-03-29 22:46:58,710 [pool-1553-thread-1] INFO  server.RaftServerConfigKeys (ConfUtils.java:logGet(46)) - raft.server.snapshot.auto.trigger.enabled = true (custom)
2023-03-29 22:46:58,710 [pool-1553-thread-1] INFO  server.RaftServerConfigKeys (ConfUtils.java:logGet(46)) - raft.server.snapshot.auto.trigger.threshold = 10000 (custom)
2023-03-29 22:46:58,710 [pool-1553-thread-1] INFO  server.RaftServerConfigKeys (ConfUtils.java:logGet(46)) - raft.server.snapshot.retention.file.num = 5 (custom)
2023-03-29 22:46:58,710 [pool-1553-thread-1] INFO  server.RaftServerConfigKeys (ConfUtils.java:logGet(46)) - raft.server.log.purge.upto.snapshot.index = false (default)
2023-03-29 22:46:58,710 [a1c822f6-de87-4a46-a736-590ef3e07c50@group-FACE9333C8E8-FollowerState] INFO  server.RaftServerConfigKeys (ConfUtils.java:logFallback(53)) - raft.server.rpc.first-election.timeout.min = 5s (fallback to raft.server.rpc.timeout.min)
2023-03-29 22:46:58,710 [a1c822f6-de87-4a46-a736-590ef3e07c50@group-FACE9333C8E8-FollowerState] INFO  server.RaftServerConfigKeys (ConfUtils.java:logFallback(53)) - raft.server.rpc.first-election.timeout.max = 5200ms (fallback to raft.server.rpc.timeout.max)
2023-03-29 22:46:58,712 [Command processor thread] INFO  ratis.XceiverServerRatis (XceiverServerRatis.java:addGroup(806)) - Created group PipelineID=945e2173-40d0-42b1-b6eb-face9333c8e8
2023-03-29 22:46:58,720 [grpc-default-executor-4] INFO  server.RaftServer (RaftServerProxy.java:addNew(96)) - 3a6183d8-7ae2-4fce-bc35-bf6e610ba6f7: addNew group-FACE9333C8E8:[3a6183d8-7ae2-4fce-bc35-bf6e610ba6f7|rpc:10.1.0.40:46779|dataStream:10.1.0.40:35681|priority:0|startupRole:FOLLOWER, 3991cbd9-9568-4ba2-a189-55b02b3736d1|rpc:10.1.0.40:39489|dataStream:10.1.0.40:35317|priority:0|startupRole:FOLLOWER, a1c822f6-de87-4a46-a736-590ef3e07c50|rpc:10.1.0.40:46211|dataStream:10.1.0.40:46071|priority:1|startupRole:FOLLOWER] returns group-FACE9333C8E8:java.util.concurrent.CompletableFuture@743fba21[Not completed]
2023-03-29 22:46:58,721 [pool-1575-thread-1] INFO  server.RaftServer$Division (RaftServerImpl.java:<init>(195)) - 3a6183d8-7ae2-4fce-bc35-bf6e610ba6f7: new RaftServerImpl for group-FACE9333C8E8:[3a6183d8-7ae2-4fce-bc35-bf6e610ba6f7|rpc:10.1.0.40:46779|dataStream:10.1.0.40:35681|priority:0|startupRole:FOLLOWER, 3991cbd9-9568-4ba2-a189-55b02b3736d1|rpc:10.1.0.40:39489|dataStream:10.1.0.40:35317|priority:0|startupRole:FOLLOWER, a1c822f6-de87-4a46-a736-590ef3e07c50|rpc:10.1.0.40:46211|dataStream:10.1.0.40:46071|priority:1|startupRole:FOLLOWER] with ContainerStateMachine:uninitialized
2023-03-29 22:46:58,721 [pool-1575-thread-1] INFO  server.RaftServerConfigKeys (ConfUtils.java:logGet(46)) - raft.server.rpc.timeout.min = 5s (custom)
2023-03-29 22:46:58,721 [pool-1575-thread-1] INFO  server.RaftServerConfigKeys (ConfUtils.java:logGet(46)) - raft.server.rpc.timeout.max = 5200ms (custom)
2023-03-29 22:46:58,721 [pool-1575-thread-1] INFO  server.RaftServerConfigKeys (ConfUtils.java:logGet(46)) - raft.server.rpc.sleep.time = 25ms (default)
2023-03-29 22:46:58,721 [pool-1575-thread-1] INFO  server.RaftServerConfigKeys (ConfUtils.java:logGet(46)) - raft.server.rpc.slowness.timeout = 300s (custom)
2023-03-29 22:46:58,721 [pool-1575-thread-1] INFO  server.RaftServerConfigKeys (ConfUtils.java:logGet(46)) - raft.server.leaderelection.leader.step-down.wait-time = 10s (default)
2023-03-29 22:46:58,721 [pool-1575-thread-1] INFO  server.RaftServerConfigKeys (ConfUtils.java:logGet(46)) - raft.server.sleep.deviation.threshold = 300ms (default)
2023-03-29 22:46:58,722 [pool-1575-thread-1] INFO  server.RaftServer$Division (ServerState.java:<init>(118)) - 3a6183d8-7ae2-4fce-bc35-bf6e610ba6f7@group-FACE9333C8E8: ConfigurationManager, init=-1: peers:[3a6183d8-7ae2-4fce-bc35-bf6e610ba6f7|rpc:10.1.0.40:46779|dataStream:10.1.0.40:35681|priority:0|startupRole:FOLLOWER, 3991cbd9-9568-4ba2-a189-55b02b3736d1|rpc:10.1.0.40:39489|dataStream:10.1.0.40:35317|priority:0|startupRole:FOLLOWER, a1c822f6-de87-4a46-a736-590ef3e07c50|rpc:10.1.0.40:46211|dataStream:10.1.0.40:46071|priority:1|startupRole:FOLLOWER]|listeners:[], old=null, confs=<EMPTY_MAP>
2023-03-29 22:46:58,722 [pool-1575-thread-1] INFO  server.RaftServerConfigKeys (ConfUtils.java:logGet(46)) - raft.server.storage.dir = [/home/runner/work/ozone/ozone/hadoop-ozone/integration-test/target/test-dir/MiniOzoneClusterImpl-bfbd9018-35f1-41c4-9115-0ebbd4040a15/datanode-1/data/ratis] (custom)
2023-03-29 22:46:58,722 [pool-1575-thread-1] INFO  server.RaftServerConfigKeys (ConfUtils.java:logGet(46)) - raft.server.log.corruption.policy = EXCEPTION (default)
2023-03-29 22:46:58,722 [pool-1575-thread-1] INFO  server.RaftServerConfigKeys (ConfUtils.java:logGet(46)) - raft.server.storage.free-space.min = 0MB (=0) (default)
2023-03-29 22:46:58,722 [pool-1575-thread-1] INFO  server.RaftServerConfigKeys (ConfUtils.java:logGet(46)) - raft.server.notification.no-leader.timeout = 300s (custom)
2023-03-29 22:46:58,722 [pool-1575-thread-1] INFO  server.RaftServerConfigKeys (ConfUtils.java:logGet(46)) - raft.server.retrycache.expirytime = 600000ms (custom)
2023-03-29 22:46:58,722 [pool-1575-thread-1] INFO  server.RaftServerConfigKeys (ConfUtils.java:logGet(46)) - raft.server.retrycache.statistics.expirytime = 100μs (default)
2023-03-29 22:46:58,722 [pool-1575-thread-1] INFO  server.RaftServerConfigKeys (ConfUtils.java:logGet(46)) - raft.server.log.appender.install.snapshot.enabled = false (custom)
2023-03-29 22:46:58,722 [pool-1575-thread-1] INFO  server.RaftServerConfigKeys (ConfUtils.java:logGet(46)) - raft.server.threadpool.server.cached = true (default)
2023-03-29 22:46:58,722 [pool-1575-thread-1] INFO  server.RaftServerConfigKeys (ConfUtils.java:logGet(46)) - raft.server.threadpool.server.size = 0 (default)
2023-03-29 22:46:58,722 [pool-1575-thread-1] INFO  server.RaftServerConfigKeys (ConfUtils.java:logGet(46)) - raft.server.threadpool.client.cached = true (default)
2023-03-29 22:46:58,723 [pool-1575-thread-1] INFO  server.RaftServerConfigKeys (ConfUtils.java:logGet(46)) - raft.server.threadpool.client.size = 0 (default)
2023-03-29 22:46:58,723 [pool-1575-thread-1] INFO  storage.RaftStorageDirectory (RaftStorageDirectoryImpl.java:analyzeStorage(137)) - The storage directory /home/runner/work/ozone/ozone/hadoop-ozone/integration-test/target/test-dir/MiniOzoneClusterImpl-bfbd9018-35f1-41c4-9115-0ebbd4040a15/datanode-1/data/ratis/945e2173-40d0-42b1-b6eb-face9333c8e8 does not exist. Creating ...
2023-03-29 22:46:58,726 [pool-1575-thread-1] INFO  storage.RaftStorageDirectory (RaftStorageDirectoryImpl.java:tryLock(231)) - Lock on /home/runner/work/ozone/ozone/hadoop-ozone/integration-test/target/test-dir/MiniOzoneClusterImpl-bfbd9018-35f1-41c4-9115-0ebbd4040a15/datanode-1/data/ratis/945e2173-40d0-42b1-b6eb-face9333c8e8/in_use.lock acquired by nodename 4032@fv-az377-460
2023-03-29 22:46:58,728 [pool-1575-thread-1] INFO  storage.RaftStorage (RaftStorageImpl.java:format(96)) - Storage directory /home/runner/work/ozone/ozone/hadoop-ozone/integration-test/target/test-dir/MiniOzoneClusterImpl-bfbd9018-35f1-41c4-9115-0ebbd4040a15/datanode-1/data/ratis/945e2173-40d0-42b1-b6eb-face9333c8e8 has been successfully formatted.
2023-03-29 22:46:58,728 [pool-1575-thread-1] INFO  ratis.ContainerStateMachine (ContainerStateMachine.java:loadSnapshot(262)) - group-FACE9333C8E8: The snapshot info is null. Setting the last applied indexto:(t:0, i:~)
2023-03-29 22:46:58,728 [pool-1575-thread-1] INFO  server.RaftServerConfigKeys (ConfUtils.java:logGet(46)) - raft.server.log.use.memory = false (default)
2023-03-29 22:46:58,728 [pool-1575-thread-1] INFO  server.RaftServerConfigKeys (ConfUtils.java:logGet(46)) - raft.server.log.purge.gap = 1000000 (custom)
2023-03-29 22:46:58,728 [pool-1575-thread-1] INFO  server.RaftServerConfigKeys (ConfUtils.java:logGet(46)) - raft.server.log.appender.buffer.byte-limit = 33554432 (custom)
2023-03-29 22:46:58,729 [pool-1575-thread-1] INFO  server.RaftServerConfigKeys (ConfUtils.java:logGet(46)) - raft.server.log.statemachine.data.read.timeout = 1000ms (default)
2023-03-29 22:46:58,729 [pool-1575-thread-1] INFO  server.RaftServerConfigKeys (ConfUtils.java:logGet(46)) - raft.server.log.purge.preservation.log.num = 0 (default)
2023-03-29 22:46:58,730 [pool-1575-thread-1] INFO  server.RaftServerConfigKeys (ConfUtils.java:logGet(46)) - raft.server.log.segment.size.max = 1048576 (custom)
2023-03-29 22:46:58,730 [pool-1575-thread-1] INFO  server.RaftServerConfigKeys (ConfUtils.java:logGet(46)) - raft.server.log.segment.cache.num.max = 2 (custom)
2023-03-29 22:46:58,730 [pool-1575-thread-1] INFO  server.RaftServerConfigKeys (ConfUtils.java:logGet(46)) - raft.server.log.segment.cache.size.max = 200MB (=209715200) (default)
2023-03-29 22:46:58,730 [pool-1575-thread-1] INFO  segmented.SegmentedRaftLogWorker (SegmentedRaftLogWorker.java:<init>(189)) - new 3a6183d8-7ae2-4fce-bc35-bf6e610ba6f7@group-FACE9333C8E8-SegmentedRaftLogWorker for RaftStorageImpl:Storage Directory /home/runner/work/ozone/ozone/hadoop-ozone/integration-test/target/test-dir/MiniOzoneClusterImpl-bfbd9018-35f1-41c4-9115-0ebbd4040a15/datanode-1/data/ratis/945e2173-40d0-42b1-b6eb-face9333c8e8
2023-03-29 22:46:58,730 [pool-1575-thread-1] INFO  server.RaftServerConfigKeys (ConfUtils.java:logGet(46)) - raft.server.log.queue.byte-limit = 4294967296 (custom)
2023-03-29 22:46:58,730 [pool-1575-thread-1] INFO  server.RaftServerConfigKeys (ConfUtils.java:logGet(46)) - raft.server.log.queue.element-limit = 1024 (custom)
2023-03-29 22:46:58,730 [pool-1575-thread-1] INFO  server.RaftServerConfigKeys (ConfUtils.java:logGet(46)) - raft.server.log.segment.size.max = 1048576 (custom)
2023-03-29 22:46:58,730 [pool-1575-thread-1] INFO  server.RaftServerConfigKeys (ConfUtils.java:logGet(46)) - raft.server.log.preallocated.size = 16384 (custom)
2023-03-29 22:46:58,730 [pool-1575-thread-1] INFO  server.RaftServerConfigKeys (ConfUtils.java:logGet(46)) - raft.server.log.force.sync.num = 128 (default)
2023-03-29 22:46:58,730 [pool-1575-thread-1] INFO  server.RaftServerConfigKeys (ConfUtils.java:logGet(46)) - raft.server.log.statemachine.data.sync = true (default)
2023-03-29 22:46:58,730 [pool-1575-thread-1] INFO  server.RaftServerConfigKeys (ConfUtils.java:logGet(46)) - raft.server.log.statemachine.data.sync.timeout = 10s (default)
2023-03-29 22:46:58,730 [pool-1575-thread-1] INFO  server.RaftServerConfigKeys (ConfUtils.java:logGet(46)) - raft.server.log.statemachine.data.sync.timeout.retry = -1 (default)
2023-03-29 22:46:58,731 [pool-1575-thread-1] INFO  server.RaftServerConfigKeys (ConfUtils.java:logGet(46)) - raft.server.log.write.buffer.size = 1048576 (custom)
2023-03-29 22:46:58,731 [pool-1575-thread-1] INFO  server.RaftServerConfigKeys (ConfUtils.java:logGet(46)) - raft.server.log.appender.buffer.byte-limit = 33554432 (custom)
2023-03-29 22:46:58,799 [pool-1575-thread-1] INFO  server.RaftServerConfigKeys (ConfUtils.java:logGet(46)) - raft.server.log.unsafe-flush.enabled = false (default)
2023-03-29 22:46:58,799 [pool-1575-thread-1] INFO  server.RaftServerConfigKeys (ConfUtils.java:logGet(46)) - raft.server.log.async-flush.enabled = false (default)
2023-03-29 22:46:58,799 [pool-1575-thread-1] INFO  server.RaftServerConfigKeys (ConfUtils.java:logGet(46)) - raft.server.log.statemachine.data.caching.enabled = true (custom)
2023-03-29 22:46:58,803 [pool-1575-thread-1] INFO  segmented.SegmentedRaftLogWorker (SegmentedRaftLogWorker.java:lambda$new$0(135)) - 3a6183d8-7ae2-4fce-bc35-bf6e610ba6f7@group-FACE9333C8E8-SegmentedRaftLogWorker: flushIndex: setUnconditionally 0 -> -1
2023-03-29 22:46:58,803 [pool-1575-thread-1] INFO  segmented.SegmentedRaftLogWorker (SegmentedRaftLogWorker.java:lambda$new$0(135)) - 3a6183d8-7ae2-4fce-bc35-bf6e610ba6f7@group-FACE9333C8E8-SegmentedRaftLogWorker: safeCacheEvictIndex: setUnconditionally 0 -> -1
2023-03-29 22:46:58,803 [pool-1575-thread-1] INFO  server.RaftServer$Division (RaftServerImpl.java:start(334)) - 3a6183d8-7ae2-4fce-bc35-bf6e610ba6f7@group-FACE9333C8E8: start as a follower, conf=-1: peers:[3a6183d8-7ae2-4fce-bc35-bf6e610ba6f7|rpc:10.1.0.40:46779|dataStream:10.1.0.40:35681|priority:0|startupRole:FOLLOWER, 3991cbd9-9568-4ba2-a189-55b02b3736d1|rpc:10.1.0.40:39489|dataStream:10.1.0.40:35317|priority:0|startupRole:FOLLOWER, a1c822f6-de87-4a46-a736-590ef3e07c50|rpc:10.1.0.40:46211|dataStream:10.1.0.40:46071|priority:1|startupRole:FOLLOWER]|listeners:[], old=null
2023-03-29 22:46:58,804 [pool-1575-thread-1] INFO  server.RaftServer$Division (RaftServerImpl.java:setRole(321)) - 3a6183d8-7ae2-4fce-bc35-bf6e610ba6f7@group-FACE9333C8E8: changes role from      null to FOLLOWER at term 0 for startAsFollower
2023-03-29 22:46:58,804 [pool-1575-thread-1] INFO  impl.RoleInfo (RoleInfo.java:updateAndGet(139)) - 3a6183d8-7ae2-4fce-bc35-bf6e610ba6f7: start 3a6183d8-7ae2-4fce-bc35-bf6e610ba6f7@group-FACE9333C8E8-FollowerState
2023-03-29 22:46:58,804 [pool-1575-thread-1] INFO  util.JmxRegister (JmxRegister.java:tryRegister(44)) - Successfully registered JMX Bean with object name Ratis:service=RaftServer,group=group-FACE9333C8E8,id=3a6183d8-7ae2-4fce-bc35-bf6e610ba6f7
2023-03-29 22:46:58,804 [3a6183d8-7ae2-4fce-bc35-bf6e610ba6f7@group-FACE9333C8E8-FollowerState] INFO  server.RaftServerConfigKeys (ConfUtils.java:logFallback(53)) - raft.server.rpc.first-election.timeout.min = 5s (fallback to raft.server.rpc.timeout.min)
2023-03-29 22:46:58,804 [pool-1575-thread-1] INFO  server.RaftServerConfigKeys (ConfUtils.java:logGet(46)) - raft.server.snapshot.auto.trigger.enabled = true (custom)
2023-03-29 22:46:58,804 [3a6183d8-7ae2-4fce-bc35-bf6e610ba6f7@group-FACE9333C8E8-FollowerState] INFO  server.RaftServerConfigKeys (ConfUtils.java:logFallback(53)) - raft.server.rpc.first-election.timeout.max = 5200ms (fallback to raft.server.rpc.timeout.max)
2023-03-29 22:46:58,804 [pool-1575-thread-1] INFO  server.RaftServerConfigKeys (ConfUtils.java:logGet(46)) - raft.server.snapshot.auto.trigger.threshold = 10000 (custom)
2023-03-29 22:46:58,804 [pool-1575-thread-1] INFO  server.RaftServerConfigKeys (ConfUtils.java:logGet(46)) - raft.server.snapshot.retention.file.num = 5 (custom)
2023-03-29 22:46:58,804 [pool-1575-thread-1] INFO  server.RaftServerConfigKeys (ConfUtils.java:logGet(46)) - raft.server.log.purge.upto.snapshot.index = false (default)
2023-03-29 22:46:58,816 [grpc-default-executor-4] INFO  server.RaftServer (RaftServerProxy.java:addNew(96)) - 3991cbd9-9568-4ba2-a189-55b02b3736d1: addNew group-FACE9333C8E8:[3a6183d8-7ae2-4fce-bc35-bf6e610ba6f7|rpc:10.1.0.40:46779|dataStream:10.1.0.40:35681|priority:0|startupRole:FOLLOWER, 3991cbd9-9568-4ba2-a189-55b02b3736d1|rpc:10.1.0.40:39489|dataStream:10.1.0.40:35317|priority:0|startupRole:FOLLOWER, a1c822f6-de87-4a46-a736-590ef3e07c50|rpc:10.1.0.40:46211|dataStream:10.1.0.40:46071|priority:1|startupRole:FOLLOWER] returns group-FACE9333C8E8:java.util.concurrent.CompletableFuture@234456f7[Not completed]
2023-03-29 22:46:58,817 [pool-1597-thread-1] INFO  server.RaftServer$Division (RaftServerImpl.java:<init>(195)) - 3991cbd9-9568-4ba2-a189-55b02b3736d1: new RaftServerImpl for group-FACE9333C8E8:[3a6183d8-7ae2-4fce-bc35-bf6e610ba6f7|rpc:10.1.0.40:46779|dataStream:10.1.0.40:35681|priority:0|startupRole:FOLLOWER, 3991cbd9-9568-4ba2-a189-55b02b3736d1|rpc:10.1.0.40:39489|dataStream:10.1.0.40:35317|priority:0|startupRole:FOLLOWER, a1c822f6-de87-4a46-a736-590ef3e07c50|rpc:10.1.0.40:46211|dataStream:10.1.0.40:46071|priority:1|startupRole:FOLLOWER] with ContainerStateMachine:uninitialized
2023-03-29 22:46:58,817 [pool-1597-thread-1] INFO  server.RaftServerConfigKeys (ConfUtils.java:logGet(46)) - raft.server.rpc.timeout.min = 5s (custom)
2023-03-29 22:46:58,817 [pool-1597-thread-1] INFO  server.RaftServerConfigKeys (ConfUtils.java:logGet(46)) - raft.server.rpc.timeout.max = 5200ms (custom)
2023-03-29 22:46:58,817 [pool-1597-thread-1] INFO  server.RaftServerConfigKeys (ConfUtils.java:logGet(46)) - raft.server.rpc.sleep.time = 25ms (default)
2023-03-29 22:46:58,817 [pool-1597-thread-1] INFO  server.RaftServerConfigKeys (ConfUtils.java:logGet(46)) - raft.server.rpc.slowness.timeout = 300s (custom)
2023-03-29 22:46:58,817 [pool-1597-thread-1] INFO  server.RaftServerConfigKeys (ConfUtils.java:logGet(46)) - raft.server.leaderelection.leader.step-down.wait-time = 10s (default)
2023-03-29 22:46:58,817 [pool-1597-thread-1] INFO  server.RaftServerConfigKeys (ConfUtils.java:logGet(46)) - raft.server.sleep.deviation.threshold = 300ms (default)
2023-03-29 22:46:58,817 [pool-1597-thread-1] INFO  server.RaftServer$Division (ServerState.java:<init>(118)) - 3991cbd9-9568-4ba2-a189-55b02b3736d1@group-FACE9333C8E8: ConfigurationManager, init=-1: peers:[3a6183d8-7ae2-4fce-bc35-bf6e610ba6f7|rpc:10.1.0.40:46779|dataStream:10.1.0.40:35681|priority:0|startupRole:FOLLOWER, 3991cbd9-9568-4ba2-a189-55b02b3736d1|rpc:10.1.0.40:39489|dataStream:10.1.0.40:35317|priority:0|startupRole:FOLLOWER, a1c822f6-de87-4a46-a736-590ef3e07c50|rpc:10.1.0.40:46211|dataStream:10.1.0.40:46071|priority:1|startupRole:FOLLOWER]|listeners:[], old=null, confs=<EMPTY_MAP>
2023-03-29 22:46:58,817 [pool-1597-thread-1] INFO  server.RaftServerConfigKeys (ConfUtils.java:logGet(46)) - raft.server.storage.dir = [/home/runner/work/ozone/ozone/hadoop-ozone/integration-test/target/test-dir/MiniOzoneClusterImpl-bfbd9018-35f1-41c4-9115-0ebbd4040a15/datanode-2/data/ratis] (custom)
2023-03-29 22:46:58,817 [pool-1597-thread-1] INFO  server.RaftServerConfigKeys (ConfUtils.java:logGet(46)) - raft.server.log.corruption.policy = EXCEPTION (default)
2023-03-29 22:46:58,817 [pool-1597-thread-1] INFO  server.RaftServerConfigKeys (ConfUtils.java:logGet(46)) - raft.server.storage.free-space.min = 0MB (=0) (default)
2023-03-29 22:46:58,817 [pool-1597-thread-1] INFO  server.RaftServerConfigKeys (ConfUtils.java:logGet(46)) - raft.server.notification.no-leader.timeout = 300s (custom)
2023-03-29 22:46:58,818 [pool-1597-thread-1] INFO  server.RaftServerConfigKeys (ConfUtils.java:logGet(46)) - raft.server.retrycache.expirytime = 600000ms (custom)
2023-03-29 22:46:58,818 [pool-1597-thread-1] INFO  server.RaftServerConfigKeys (ConfUtils.java:logGet(46)) - raft.server.retrycache.statistics.expirytime = 100μs (default)
2023-03-29 22:46:58,818 [pool-1597-thread-1] INFO  server.RaftServerConfigKeys (ConfUtils.java:logGet(46)) - raft.server.log.appender.install.snapshot.enabled = false (custom)
2023-03-29 22:46:58,818 [pool-1597-thread-1] INFO  server.RaftServerConfigKeys (ConfUtils.java:logGet(46)) - raft.server.threadpool.server.cached = true (default)
2023-03-29 22:46:58,818 [pool-1597-thread-1] INFO  server.RaftServerConfigKeys (ConfUtils.java:logGet(46)) - raft.server.threadpool.server.size = 0 (default)
2023-03-29 22:46:58,818 [pool-1597-thread-1] INFO  server.RaftServerConfigKeys (ConfUtils.java:logGet(46)) - raft.server.threadpool.client.cached = true (default)
2023-03-29 22:46:58,818 [pool-1597-thread-1] INFO  server.RaftServerConfigKeys (ConfUtils.java:logGet(46)) - raft.server.threadpool.client.size = 0 (default)
2023-03-29 22:46:58,818 [pool-1597-thread-1] INFO  storage.RaftStorageDirectory (RaftStorageDirectoryImpl.java:analyzeStorage(137)) - The storage directory /home/runner/work/ozone/ozone/hadoop-ozone/integration-test/target/test-dir/MiniOzoneClusterImpl-bfbd9018-35f1-41c4-9115-0ebbd4040a15/datanode-2/data/ratis/945e2173-40d0-42b1-b6eb-face9333c8e8 does not exist. Creating ...
2023-03-29 22:46:58,821 [pool-1597-thread-1] INFO  storage.RaftStorageDirectory (RaftStorageDirectoryImpl.java:tryLock(231)) - Lock on /home/runner/work/ozone/ozone/hadoop-ozone/integration-test/target/test-dir/MiniOzoneClusterImpl-bfbd9018-35f1-41c4-9115-0ebbd4040a15/datanode-2/data/ratis/945e2173-40d0-42b1-b6eb-face9333c8e8/in_use.lock acquired by nodename 4032@fv-az377-460
2023-03-29 22:46:58,823 [pool-1597-thread-1] INFO  storage.RaftStorage (RaftStorageImpl.java:format(96)) - Storage directory /home/runner/work/ozone/ozone/hadoop-ozone/integration-test/target/test-dir/MiniOzoneClusterImpl-bfbd9018-35f1-41c4-9115-0ebbd4040a15/datanode-2/data/ratis/945e2173-40d0-42b1-b6eb-face9333c8e8 has been successfully formatted.
2023-03-29 22:46:58,824 [pool-1597-thread-1] INFO  ratis.ContainerStateMachine (ContainerStateMachine.java:loadSnapshot(262)) - group-FACE9333C8E8: The snapshot info is null. Setting the last applied indexto:(t:0, i:~)
2023-03-29 22:46:58,824 [pool-1597-thread-1] INFO  server.RaftServerConfigKeys (ConfUtils.java:logGet(46)) - raft.server.log.use.memory = false (default)
2023-03-29 22:46:58,824 [pool-1597-thread-1] INFO  server.RaftServerConfigKeys (ConfUtils.java:logGet(46)) - raft.server.log.purge.gap = 1000000 (custom)
2023-03-29 22:46:58,824 [pool-1597-thread-1] INFO  server.RaftServerConfigKeys (ConfUtils.java:logGet(46)) - raft.server.log.appender.buffer.byte-limit = 33554432 (custom)
2023-03-29 22:46:58,824 [pool-1597-thread-1] INFO  server.RaftServerConfigKeys (ConfUtils.java:logGet(46)) - raft.server.log.statemachine.data.read.timeout = 1000ms (default)
2023-03-29 22:46:58,824 [pool-1597-thread-1] INFO  server.RaftServerConfigKeys (ConfUtils.java:logGet(46)) - raft.server.log.purge.preservation.log.num = 0 (default)
2023-03-29 22:46:58,824 [pool-1597-thread-1] INFO  server.RaftServerConfigKeys (ConfUtils.java:logGet(46)) - raft.server.log.segment.size.max = 1048576 (custom)
2023-03-29 22:46:58,824 [pool-1597-thread-1] INFO  server.RaftServerConfigKeys (ConfUtils.java:logGet(46)) - raft.server.log.segment.cache.num.max = 2 (custom)
2023-03-29 22:46:58,825 [pool-1597-thread-1] INFO  server.RaftServerConfigKeys (ConfUtils.java:logGet(46)) - raft.server.log.segment.cache.size.max = 200MB (=209715200) (default)
2023-03-29 22:46:58,825 [pool-1597-thread-1] INFO  segmented.SegmentedRaftLogWorker (SegmentedRaftLogWorker.java:<init>(189)) - new 3991cbd9-9568-4ba2-a189-55b02b3736d1@group-FACE9333C8E8-SegmentedRaftLogWorker for RaftStorageImpl:Storage Directory /home/runner/work/ozone/ozone/hadoop-ozone/integration-test/target/test-dir/MiniOzoneClusterImpl-bfbd9018-35f1-41c4-9115-0ebbd4040a15/datanode-2/data/ratis/945e2173-40d0-42b1-b6eb-face9333c8e8
2023-03-29 22:46:58,825 [pool-1597-thread-1] INFO  server.RaftServerConfigKeys (ConfUtils.java:logGet(46)) - raft.server.log.queue.byte-limit = 4294967296 (custom)
2023-03-29 22:46:58,825 [pool-1597-thread-1] INFO  server.RaftServerConfigKeys (ConfUtils.java:logGet(46)) - raft.server.log.queue.element-limit = 1024 (custom)
2023-03-29 22:46:58,825 [pool-1597-thread-1] INFO  server.RaftServerConfigKeys (ConfUtils.java:logGet(46)) - raft.server.log.segment.size.max = 1048576 (custom)
2023-03-29 22:46:58,825 [pool-1597-thread-1] INFO  server.RaftServerConfigKeys (ConfUtils.java:logGet(46)) - raft.server.log.preallocated.size = 16384 (custom)
2023-03-29 22:46:58,825 [pool-1597-thread-1] INFO  server.RaftServerConfigKeys (ConfUtils.java:logGet(46)) - raft.server.log.force.sync.num = 128 (default)
2023-03-29 22:46:58,825 [pool-1597-thread-1] INFO  server.RaftServerConfigKeys (ConfUtils.java:logGet(46)) - raft.server.log.statemachine.data.sync = true (default)
2023-03-29 22:46:58,825 [pool-1597-thread-1] INFO  server.RaftServerConfigKeys (ConfUtils.java:logGet(46)) - raft.server.log.statemachine.data.sync.timeout = 10s (default)
2023-03-29 22:46:58,825 [pool-1597-thread-1] INFO  server.RaftServerConfigKeys (ConfUtils.java:logGet(46)) - raft.server.log.statemachine.data.sync.timeout.retry = -1 (default)
2023-03-29 22:46:58,826 [pool-1597-thread-1] INFO  server.RaftServerConfigKeys (ConfUtils.java:logGet(46)) - raft.server.log.write.buffer.size = 1048576 (custom)
2023-03-29 22:46:58,827 [pool-1597-thread-1] INFO  server.RaftServerConfigKeys (ConfUtils.java:logGet(46)) - raft.server.log.appender.buffer.byte-limit = 33554432 (custom)
2023-03-29 22:46:58,836 [pool-1597-thread-1] INFO  server.RaftServerConfigKeys (ConfUtils.java:logGet(46)) - raft.server.log.unsafe-flush.enabled = false (default)
2023-03-29 22:46:58,836 [pool-1597-thread-1] INFO  server.RaftServerConfigKeys (ConfUtils.java:logGet(46)) - raft.server.log.async-flush.enabled = false (default)
2023-03-29 22:46:58,837 [pool-1597-thread-1] INFO  server.RaftServerConfigKeys (ConfUtils.java:logGet(46)) - raft.server.log.statemachine.data.caching.enabled = true (custom)
2023-03-29 22:46:58,839 [pool-1597-thread-1] INFO  segmented.SegmentedRaftLogWorker (SegmentedRaftLogWorker.java:lambda$new$0(135)) - 3991cbd9-9568-4ba2-a189-55b02b3736d1@group-FACE9333C8E8-SegmentedRaftLogWorker: flushIndex: setUnconditionally 0 -> -1
2023-03-29 22:46:58,839 [pool-1597-thread-1] INFO  segmented.SegmentedRaftLogWorker (SegmentedRaftLogWorker.java:lambda$new$0(135)) - 3991cbd9-9568-4ba2-a189-55b02b3736d1@group-FACE9333C8E8-SegmentedRaftLogWorker: safeCacheEvictIndex: setUnconditionally 0 -> -1
2023-03-29 22:46:58,846 [pool-1597-thread-1] INFO  server.RaftServer$Division (RaftServerImpl.java:start(334)) - 3991cbd9-9568-4ba2-a189-55b02b3736d1@group-FACE9333C8E8: start as a follower, conf=-1: peers:[3a6183d8-7ae2-4fce-bc35-bf6e610ba6f7|rpc:10.1.0.40:46779|dataStream:10.1.0.40:35681|priority:0|startupRole:FOLLOWER, 3991cbd9-9568-4ba2-a189-55b02b3736d1|rpc:10.1.0.40:39489|dataStream:10.1.0.40:35317|priority:0|startupRole:FOLLOWER, a1c822f6-de87-4a46-a736-590ef3e07c50|rpc:10.1.0.40:46211|dataStream:10.1.0.40:46071|priority:1|startupRole:FOLLOWER]|listeners:[], old=null
2023-03-29 22:46:58,846 [pool-1597-thread-1] INFO  server.RaftServer$Division (RaftServerImpl.java:setRole(321)) - 3991cbd9-9568-4ba2-a189-55b02b3736d1@group-FACE9333C8E8: changes role from      null to FOLLOWER at term 0 for startAsFollower
2023-03-29 22:46:58,846 [pool-1597-thread-1] INFO  impl.RoleInfo (RoleInfo.java:updateAndGet(139)) - 3991cbd9-9568-4ba2-a189-55b02b3736d1: start 3991cbd9-9568-4ba2-a189-55b02b3736d1@group-FACE9333C8E8-FollowerState
2023-03-29 22:46:58,850 [pool-1597-thread-1] INFO  util.JmxRegister (JmxRegister.java:tryRegister(44)) - Successfully registered JMX Bean with object name Ratis:service=RaftServer,group=group-FACE9333C8E8,id=3991cbd9-9568-4ba2-a189-55b02b3736d1
2023-03-29 22:46:58,850 [3991cbd9-9568-4ba2-a189-55b02b3736d1@group-FACE9333C8E8-FollowerState] INFO  server.RaftServerConfigKeys (ConfUtils.java:logFallback(53)) - raft.server.rpc.first-election.timeout.min = 5s (fallback to raft.server.rpc.timeout.min)
2023-03-29 22:46:58,850 [pool-1597-thread-1] INFO  server.RaftServerConfigKeys (ConfUtils.java:logGet(46)) - raft.server.snapshot.auto.trigger.enabled = true (custom)
2023-03-29 22:46:58,850 [3991cbd9-9568-4ba2-a189-55b02b3736d1@group-FACE9333C8E8-FollowerState] INFO  server.RaftServerConfigKeys (ConfUtils.java:logFallback(53)) - raft.server.rpc.first-election.timeout.max = 5200ms (fallback to raft.server.rpc.timeout.max)
2023-03-29 22:46:58,850 [pool-1597-thread-1] INFO  server.RaftServerConfigKeys (ConfUtils.java:logGet(46)) - raft.server.snapshot.auto.trigger.threshold = 10000 (custom)
2023-03-29 22:46:58,850 [pool-1597-thread-1] INFO  server.RaftServerConfigKeys (ConfUtils.java:logGet(46)) - raft.server.snapshot.retention.file.num = 5 (custom)
2023-03-29 22:46:58,850 [pool-1597-thread-1] INFO  server.RaftServerConfigKeys (ConfUtils.java:logGet(46)) - raft.server.log.purge.upto.snapshot.index = false (default)
2023-03-29 22:46:58,854 [Command processor thread] INFO  commandhandler.CreatePipelineCommandHandler (CreatePipelineCommandHandler.java:handle(113)) - Created Pipeline RATIS THREE PipelineID=945e2173-40d0-42b1-b6eb-face9333c8e8.
2023-03-29 22:46:58,990 [Command processor thread] INFO  server.RaftServer (RaftServerProxy.java:addNew(96)) - 3a6183d8-7ae2-4fce-bc35-bf6e610ba6f7: addNew group-54C11AFED4DB:[3a6183d8-7ae2-4fce-bc35-bf6e610ba6f7|rpc:10.1.0.40:46779|dataStream:10.1.0.40:35681|priority:1|startupRole:FOLLOWER] returns group-54C11AFED4DB:java.util.concurrent.CompletableFuture@33b329d8[Not completed]
2023-03-29 22:46:58,990 [pool-1575-thread-1] INFO  server.RaftServer$Division (RaftServerImpl.java:<init>(195)) - 3a6183d8-7ae2-4fce-bc35-bf6e610ba6f7: new RaftServerImpl for group-54C11AFED4DB:[3a6183d8-7ae2-4fce-bc35-bf6e610ba6f7|rpc:10.1.0.40:46779|dataStream:10.1.0.40:35681|priority:1|startupRole:FOLLOWER] with ContainerStateMachine:uninitialized
2023-03-29 22:46:58,990 [pool-1575-thread-1] INFO  server.RaftServerConfigKeys (ConfUtils.java:logGet(46)) - raft.server.rpc.timeout.min = 5s (custom)
2023-03-29 22:46:58,990 [pool-1575-thread-1] INFO  server.RaftServerConfigKeys (ConfUtils.java:logGet(46)) - raft.server.rpc.timeout.max = 5200ms (custom)
2023-03-29 22:46:58,990 [pool-1575-thread-1] INFO  server.RaftServerConfigKeys (ConfUtils.java:logGet(46)) - raft.server.rpc.sleep.time = 25ms (default)
2023-03-29 22:46:58,990 [pool-1575-thread-1] INFO  server.RaftServerConfigKeys (ConfUtils.java:logGet(46)) - raft.server.rpc.slowness.timeout = 300s (custom)
2023-03-29 22:46:58,990 [pool-1575-thread-1] INFO  server.RaftServerConfigKeys (ConfUtils.java:logGet(46)) - raft.server.leaderelection.leader.step-down.wait-time = 10s (default)
2023-03-29 22:46:58,990 [pool-1575-thread-1] INFO  server.RaftServerConfigKeys (ConfUtils.java:logGet(46)) - raft.server.sleep.deviation.threshold = 300ms (default)
2023-03-29 22:46:58,990 [pool-1575-thread-1] INFO  server.RaftServer$Division (ServerState.java:<init>(118)) - 3a6183d8-7ae2-4fce-bc35-bf6e610ba6f7@group-54C11AFED4DB: ConfigurationManager, init=-1: peers:[3a6183d8-7ae2-4fce-bc35-bf6e610ba6f7|rpc:10.1.0.40:46779|dataStream:10.1.0.40:35681|priority:1|startupRole:FOLLOWER]|listeners:[], old=null, confs=<EMPTY_MAP>
2023-03-29 22:46:58,991 [pool-1575-thread-1] INFO  server.RaftServerConfigKeys (ConfUtils.java:logGet(46)) - raft.server.storage.dir = [/home/runner/work/ozone/ozone/hadoop-ozone/integration-test/target/test-dir/MiniOzoneClusterImpl-bfbd9018-35f1-41c4-9115-0ebbd4040a15/datanode-1/data/ratis] (custom)
2023-03-29 22:46:58,991 [pool-1575-thread-1] INFO  server.RaftServerConfigKeys (ConfUtils.java:logGet(46)) - raft.server.log.corruption.policy = EXCEPTION (default)
2023-03-29 22:46:58,991 [pool-1575-thread-1] INFO  server.RaftServerConfigKeys (ConfUtils.java:logGet(46)) - raft.server.storage.free-space.min = 0MB (=0) (default)
2023-03-29 22:46:58,991 [pool-1575-thread-1] INFO  server.RaftServerConfigKeys (ConfUtils.java:logGet(46)) - raft.server.notification.no-leader.timeout = 300s (custom)
2023-03-29 22:46:58,991 [pool-1575-thread-1] INFO  server.RaftServerConfigKeys (ConfUtils.java:logGet(46)) - raft.server.retrycache.expirytime = 600000ms (custom)
2023-03-29 22:46:58,991 [pool-1575-thread-1] INFO  server.RaftServerConfigKeys (ConfUtils.java:logGet(46)) - raft.server.retrycache.statistics.expirytime = 100μs (default)
2023-03-29 22:46:58,991 [pool-1575-thread-1] INFO  server.RaftServerConfigKeys (ConfUtils.java:logGet(46)) - raft.server.log.appender.install.snapshot.enabled = false (custom)
2023-03-29 22:46:58,992 [pool-1575-thread-1] INFO  server.RaftServerConfigKeys (ConfUtils.java:logGet(46)) - raft.server.threadpool.server.cached = true (default)
2023-03-29 22:46:58,992 [pool-1575-thread-1] INFO  server.RaftServerConfigKeys (ConfUtils.java:logGet(46)) - raft.server.threadpool.server.size = 0 (default)
2023-03-29 22:46:58,992 [pool-1575-thread-1] INFO  server.RaftServerConfigKeys (ConfUtils.java:logGet(46)) - raft.server.threadpool.client.cached = true (default)
2023-03-29 22:46:58,992 [pool-1575-thread-1] INFO  server.RaftServerConfigKeys (ConfUtils.java:logGet(46)) - raft.server.threadpool.client.size = 0 (default)
2023-03-29 22:46:58,992 [pool-1575-thread-1] INFO  storage.RaftStorageDirectory (RaftStorageDirectoryImpl.java:analyzeStorage(137)) - The storage directory /home/runner/work/ozone/ozone/hadoop-ozone/integration-test/target/test-dir/MiniOzoneClusterImpl-bfbd9018-35f1-41c4-9115-0ebbd4040a15/datanode-1/data/ratis/ed88cba2-0f81-4e67-8713-54c11afed4db does not exist. Creating ...
2023-03-29 22:46:58,993 [pool-1575-thread-1] INFO  storage.RaftStorageDirectory (RaftStorageDirectoryImpl.java:tryLock(231)) - Lock on /home/runner/work/ozone/ozone/hadoop-ozone/integration-test/target/test-dir/MiniOzoneClusterImpl-bfbd9018-35f1-41c4-9115-0ebbd4040a15/datanode-1/data/ratis/ed88cba2-0f81-4e67-8713-54c11afed4db/in_use.lock acquired by nodename 4032@fv-az377-460
2023-03-29 22:46:58,995 [pool-1575-thread-1] INFO  storage.RaftStorage (RaftStorageImpl.java:format(96)) - Storage directory /home/runner/work/ozone/ozone/hadoop-ozone/integration-test/target/test-dir/MiniOzoneClusterImpl-bfbd9018-35f1-41c4-9115-0ebbd4040a15/datanode-1/data/ratis/ed88cba2-0f81-4e67-8713-54c11afed4db has been successfully formatted.
2023-03-29 22:46:58,995 [pool-1575-thread-1] INFO  ratis.ContainerStateMachine (ContainerStateMachine.java:loadSnapshot(262)) - group-54C11AFED4DB: The snapshot info is null. Setting the last applied indexto:(t:0, i:~)
2023-03-29 22:46:58,996 [pool-1575-thread-1] INFO  server.RaftServerConfigKeys (ConfUtils.java:logGet(46)) - raft.server.log.use.memory = false (default)
2023-03-29 22:46:58,996 [pool-1575-thread-1] INFO  server.RaftServerConfigKeys (ConfUtils.java:logGet(46)) - raft.server.log.purge.gap = 1000000 (custom)
2023-03-29 22:46:58,996 [pool-1575-thread-1] INFO  server.RaftServerConfigKeys (ConfUtils.java:logGet(46)) - raft.server.log.appender.buffer.byte-limit = 33554432 (custom)
2023-03-29 22:46:58,996 [pool-1575-thread-1] INFO  server.RaftServerConfigKeys (ConfUtils.java:logGet(46)) - raft.server.log.statemachine.data.read.timeout = 1000ms (default)
2023-03-29 22:46:58,996 [pool-1575-thread-1] INFO  server.RaftServerConfigKeys (ConfUtils.java:logGet(46)) - raft.server.log.purge.preservation.log.num = 0 (default)
2023-03-29 22:46:58,997 [EventQueue-PipelineReportForPipelineReportHandler] INFO  pipeline.PipelineManagerImpl (PipelineManagerImpl.java:openPipeline(367)) - Pipeline Pipeline[ Id: ed88cba2-0f81-4e67-8713-54c11afed4db, Nodes: 3a6183d8-7ae2-4fce-bc35-bf6e610ba6f7(fv-az377-460/10.1.0.40), ReplicationConfig: RATIS/ONE, State:ALLOCATED, leaderId:3a6183d8-7ae2-4fce-bc35-bf6e610ba6f7, CreationTimestamp2023-03-29T22:46:55.994Z[Etc/UTC]] moved to OPEN state
2023-03-29 22:46:58,997 [EventQueue-OpenPipelineForHealthyPipelineSafeModeRule] INFO  safemode.SCMSafeModeManager (HealthyPipelineSafeModeRule.java:process(137)) - SCM in safe mode. Healthy pipelines reported count is 0, required healthy pipeline reported count is 1
2023-03-29 22:46:58,997 [pool-1575-thread-1] INFO  server.RaftServerConfigKeys (ConfUtils.java:logGet(46)) - raft.server.log.segment.size.max = 1048576 (custom)
2023-03-29 22:46:58,997 [pool-1575-thread-1] INFO  server.RaftServerConfigKeys (ConfUtils.java:logGet(46)) - raft.server.log.segment.cache.num.max = 2 (custom)
2023-03-29 22:46:58,997 [pool-1575-thread-1] INFO  server.RaftServerConfigKeys (ConfUtils.java:logGet(46)) - raft.server.log.segment.cache.size.max = 200MB (=209715200) (default)
2023-03-29 22:46:58,997 [pool-1575-thread-1] INFO  segmented.SegmentedRaftLogWorker (SegmentedRaftLogWorker.java:<init>(189)) - new 3a6183d8-7ae2-4fce-bc35-bf6e610ba6f7@group-54C11AFED4DB-SegmentedRaftLogWorker for RaftStorageImpl:Storage Directory /home/runner/work/ozone/ozone/hadoop-ozone/integration-test/target/test-dir/MiniOzoneClusterImpl-bfbd9018-35f1-41c4-9115-0ebbd4040a15/datanode-1/data/ratis/ed88cba2-0f81-4e67-8713-54c11afed4db
2023-03-29 22:46:58,998 [pool-1575-thread-1] INFO  server.RaftServerConfigKeys (ConfUtils.java:logGet(46)) - raft.server.log.queue.byte-limit = 4294967296 (custom)
2023-03-29 22:46:58,998 [pool-1575-thread-1] INFO  server.RaftServerConfigKeys (ConfUtils.java:logGet(46)) - raft.server.log.queue.element-limit = 1024 (custom)
2023-03-29 22:46:58,998 [pool-1575-thread-1] INFO  server.RaftServerConfigKeys (ConfUtils.java:logGet(46)) - raft.server.log.segment.size.max = 1048576 (custom)
2023-03-29 22:46:58,998 [pool-1575-thread-1] INFO  server.RaftServerConfigKeys (ConfUtils.java:logGet(46)) - raft.server.log.preallocated.size = 16384 (custom)
2023-03-29 22:46:58,998 [pool-1575-thread-1] INFO  server.RaftServerConfigKeys (ConfUtils.java:logGet(46)) - raft.server.log.force.sync.num = 128 (default)
2023-03-29 22:46:58,998 [pool-1575-thread-1] INFO  server.RaftServerConfigKeys (ConfUtils.java:logGet(46)) - raft.server.log.statemachine.data.sync = true (default)
2023-03-29 22:46:58,998 [pool-1575-thread-1] INFO  server.RaftServerConfigKeys (ConfUtils.java:logGet(46)) - raft.server.log.statemachine.data.sync.timeout = 10s (default)
2023-03-29 22:46:58,998 [pool-1575-thread-1] INFO  server.RaftServerConfigKeys (ConfUtils.java:logGet(46)) - raft.server.log.statemachine.data.sync.timeout.retry = -1 (default)
2023-03-29 22:46:58,998 [pool-1575-thread-1] INFO  server.RaftServerConfigKeys (ConfUtils.java:logGet(46)) - raft.server.log.write.buffer.size = 1048576 (custom)
2023-03-29 22:46:58,999 [pool-1575-thread-1] INFO  server.RaftServerConfigKeys (ConfUtils.java:logGet(46)) - raft.server.log.appender.buffer.byte-limit = 33554432 (custom)
2023-03-29 22:46:59,004 [pool-1575-thread-1] INFO  server.RaftServerConfigKeys (ConfUtils.java:logGet(46)) - raft.server.log.unsafe-flush.enabled = false (default)
2023-03-29 22:46:59,004 [pool-1575-thread-1] INFO  server.RaftServerConfigKeys (ConfUtils.java:logGet(46)) - raft.server.log.async-flush.enabled = false (default)
2023-03-29 22:46:59,004 [pool-1575-thread-1] INFO  server.RaftServerConfigKeys (ConfUtils.java:logGet(46)) - raft.server.log.statemachine.data.caching.enabled = true (custom)
2023-03-29 22:46:59,004 [pool-1575-thread-1] INFO  segmented.SegmentedRaftLogWorker (SegmentedRaftLogWorker.java:lambda$new$0(135)) - 3a6183d8-7ae2-4fce-bc35-bf6e610ba6f7@group-54C11AFED4DB-SegmentedRaftLogWorker: flushIndex: setUnconditionally 0 -> -1
2023-03-29 22:46:59,005 [pool-1575-thread-1] INFO  segmented.SegmentedRaftLogWorker (SegmentedRaftLogWorker.java:lambda$new$0(135)) - 3a6183d8-7ae2-4fce-bc35-bf6e610ba6f7@group-54C11AFED4DB-SegmentedRaftLogWorker: safeCacheEvictIndex: setUnconditionally 0 -> -1
2023-03-29 22:46:59,005 [pool-1575-thread-1] INFO  server.RaftServer$Division (RaftServerImpl.java:start(334)) - 3a6183d8-7ae2-4fce-bc35-bf6e610ba6f7@group-54C11AFED4DB: start as a follower, conf=-1: peers:[3a6183d8-7ae2-4fce-bc35-bf6e610ba6f7|rpc:10.1.0.40:46779|dataStream:10.1.0.40:35681|priority:1|startupRole:FOLLOWER]|listeners:[], old=null
2023-03-29 22:46:59,005 [pool-1575-thread-1] INFO  server.RaftServer$Division (RaftServerImpl.java:setRole(321)) - 3a6183d8-7ae2-4fce-bc35-bf6e610ba6f7@group-54C11AFED4DB: changes role from      null to FOLLOWER at term 0 for startAsFollower
2023-03-29 22:46:59,005 [pool-1575-thread-1] INFO  impl.RoleInfo (RoleInfo.java:updateAndGet(139)) - 3a6183d8-7ae2-4fce-bc35-bf6e610ba6f7: start 3a6183d8-7ae2-4fce-bc35-bf6e610ba6f7@group-54C11AFED4DB-FollowerState
2023-03-29 22:46:59,005 [pool-1575-thread-1] INFO  util.JmxRegister (JmxRegister.java:tryRegister(44)) - Successfully registered JMX Bean with object name Ratis:service=RaftServer,group=group-54C11AFED4DB,id=3a6183d8-7ae2-4fce-bc35-bf6e610ba6f7
2023-03-29 22:46:59,005 [3a6183d8-7ae2-4fce-bc35-bf6e610ba6f7@group-54C11AFED4DB-FollowerState] INFO  server.RaftServerConfigKeys (ConfUtils.java:logFallback(53)) - raft.server.rpc.first-election.timeout.min = 5s (fallback to raft.server.rpc.timeout.min)
2023-03-29 22:46:59,005 [pool-1575-thread-1] INFO  server.RaftServerConfigKeys (ConfUtils.java:logGet(46)) - raft.server.snapshot.auto.trigger.enabled = true (custom)
2023-03-29 22:46:59,005 [3a6183d8-7ae2-4fce-bc35-bf6e610ba6f7@group-54C11AFED4DB-FollowerState] INFO  server.RaftServerConfigKeys (ConfUtils.java:logFallback(53)) - raft.server.rpc.first-election.timeout.max = 5200ms (fallback to raft.server.rpc.timeout.max)
2023-03-29 22:46:59,005 [pool-1575-thread-1] INFO  server.RaftServerConfigKeys (ConfUtils.java:logGet(46)) - raft.server.snapshot.auto.trigger.threshold = 10000 (custom)
2023-03-29 22:46:59,005 [pool-1575-thread-1] INFO  server.RaftServerConfigKeys (ConfUtils.java:logGet(46)) - raft.server.snapshot.retention.file.num = 5 (custom)
2023-03-29 22:46:59,005 [pool-1575-thread-1] INFO  server.RaftServerConfigKeys (ConfUtils.java:logGet(46)) - raft.server.log.purge.upto.snapshot.index = false (default)
2023-03-29 22:46:59,006 [Command processor thread] INFO  ratis.XceiverServerRatis (XceiverServerRatis.java:addGroup(806)) - Created group PipelineID=ed88cba2-0f81-4e67-8713-54c11afed4db
2023-03-29 22:46:59,006 [Command processor thread] INFO  commandhandler.CreatePipelineCommandHandler (CreatePipelineCommandHandler.java:handle(113)) - Created Pipeline RATIS ONE PipelineID=ed88cba2-0f81-4e67-8713-54c11afed4db.
2023-03-29 22:46:59,358 [Command processor thread] INFO  server.RaftServer (RaftServerProxy.java:addNew(96)) - 3991cbd9-9568-4ba2-a189-55b02b3736d1: addNew group-3A4193B86C72:[3991cbd9-9568-4ba2-a189-55b02b3736d1|rpc:10.1.0.40:39489|dataStream:10.1.0.40:35317|priority:1|startupRole:FOLLOWER] returns group-3A4193B86C72:java.util.concurrent.CompletableFuture@4561a2c[Not completed]
2023-03-29 22:46:59,359 [pool-1597-thread-1] INFO  server.RaftServer$Division (RaftServerImpl.java:<init>(195)) - 3991cbd9-9568-4ba2-a189-55b02b3736d1: new RaftServerImpl for group-3A4193B86C72:[3991cbd9-9568-4ba2-a189-55b02b3736d1|rpc:10.1.0.40:39489|dataStream:10.1.0.40:35317|priority:1|startupRole:FOLLOWER] with ContainerStateMachine:uninitialized
2023-03-29 22:46:59,359 [pool-1597-thread-1] INFO  server.RaftServerConfigKeys (ConfUtils.java:logGet(46)) - raft.server.rpc.timeout.min = 5s (custom)
2023-03-29 22:46:59,359 [pool-1597-thread-1] INFO  server.RaftServerConfigKeys (ConfUtils.java:logGet(46)) - raft.server.rpc.timeout.max = 5200ms (custom)
2023-03-29 22:46:59,359 [pool-1597-thread-1] INFO  server.RaftServerConfigKeys (ConfUtils.java:logGet(46)) - raft.server.rpc.sleep.time = 25ms (default)
2023-03-29 22:46:59,359 [pool-1597-thread-1] INFO  server.RaftServerConfigKeys (ConfUtils.java:logGet(46)) - raft.server.rpc.slowness.timeout = 300s (custom)
2023-03-29 22:46:59,359 [pool-1597-thread-1] INFO  server.RaftServerConfigKeys (ConfUtils.java:logGet(46)) - raft.server.leaderelection.leader.step-down.wait-time = 10s (default)
2023-03-29 22:46:59,359 [pool-1597-thread-1] INFO  server.RaftServerConfigKeys (ConfUtils.java:logGet(46)) - raft.server.sleep.deviation.threshold = 300ms (default)
2023-03-29 22:46:59,359 [pool-1597-thread-1] INFO  server.RaftServer$Division (ServerState.java:<init>(118)) - 3991cbd9-9568-4ba2-a189-55b02b3736d1@group-3A4193B86C72: ConfigurationManager, init=-1: peers:[3991cbd9-9568-4ba2-a189-55b02b3736d1|rpc:10.1.0.40:39489|dataStream:10.1.0.40:35317|priority:1|startupRole:FOLLOWER]|listeners:[], old=null, confs=<EMPTY_MAP>
2023-03-29 22:46:59,360 [pool-1597-thread-1] INFO  server.RaftServerConfigKeys (ConfUtils.java:logGet(46)) - raft.server.storage.dir = [/home/runner/work/ozone/ozone/hadoop-ozone/integration-test/target/test-dir/MiniOzoneClusterImpl-bfbd9018-35f1-41c4-9115-0ebbd4040a15/datanode-2/data/ratis] (custom)
2023-03-29 22:46:59,360 [pool-1597-thread-1] INFO  server.RaftServerConfigKeys (ConfUtils.java:logGet(46)) - raft.server.log.corruption.policy = EXCEPTION (default)
2023-03-29 22:46:59,360 [pool-1597-thread-1] INFO  server.RaftServerConfigKeys (ConfUtils.java:logGet(46)) - raft.server.storage.free-space.min = 0MB (=0) (default)
2023-03-29 22:46:59,360 [pool-1597-thread-1] INFO  server.RaftServerConfigKeys (ConfUtils.java:logGet(46)) - raft.server.notification.no-leader.timeout = 300s (custom)
2023-03-29 22:46:59,360 [pool-1597-thread-1] INFO  server.RaftServerConfigKeys (ConfUtils.java:logGet(46)) - raft.server.retrycache.expirytime = 600000ms (custom)
2023-03-29 22:46:59,360 [pool-1597-thread-1] INFO  server.RaftServerConfigKeys (ConfUtils.java:logGet(46)) - raft.server.retrycache.statistics.expirytime = 100μs (default)
2023-03-29 22:46:59,361 [pool-1597-thread-1] INFO  server.RaftServerConfigKeys (ConfUtils.java:logGet(46)) - raft.server.log.appender.install.snapshot.enabled = false (custom)
2023-03-29 22:46:59,361 [pool-1597-thread-1] INFO  server.RaftServerConfigKeys (ConfUtils.java:logGet(46)) - raft.server.threadpool.server.cached = true (default)
2023-03-29 22:46:59,361 [pool-1597-thread-1] INFO  server.RaftServerConfigKeys (ConfUtils.java:logGet(46)) - raft.server.threadpool.server.size = 0 (default)
2023-03-29 22:46:59,361 [pool-1597-thread-1] INFO  server.RaftServerConfigKeys (ConfUtils.java:logGet(46)) - raft.server.threadpool.client.cached = true (default)
2023-03-29 22:46:59,361 [pool-1597-thread-1] INFO  server.RaftServerConfigKeys (ConfUtils.java:logGet(46)) - raft.server.threadpool.client.size = 0 (default)
2023-03-29 22:46:59,361 [pool-1597-thread-1] INFO  storage.RaftStorageDirectory (RaftStorageDirectoryImpl.java:analyzeStorage(137)) - The storage directory /home/runner/work/ozone/ozone/hadoop-ozone/integration-test/target/test-dir/MiniOzoneClusterImpl-bfbd9018-35f1-41c4-9115-0ebbd4040a15/datanode-2/data/ratis/dd68e002-de05-4a6f-a855-3a4193b86c72 does not exist. Creating ...
2023-03-29 22:46:59,363 [Listener at 127.0.0.1/35627] INFO  ozone.MiniOzoneClusterImpl (MiniOzoneClusterImpl.java:lambda$waitForClusterToBeReady$0(222)) - Nodes are ready. Got 3 of 3 DN Heartbeats.
2023-03-29 22:46:59,363 [Listener at 127.0.0.1/35627] INFO  ozone.MiniOzoneClusterImpl (MiniOzoneClusterImpl.java:lambda$waitForClusterToBeReady$0(225)) - Waiting for cluster to exit safe mode
2023-03-29 22:46:59,363 [Listener at 127.0.0.1/35627] INFO  ozone.MiniOzoneClusterImpl (MiniOzoneClusterImpl.java:lambda$waitForClusterToBeReady$0(227)) - SCM became leader
2023-03-29 22:46:59,363 [pool-1597-thread-1] INFO  storage.RaftStorageDirectory (RaftStorageDirectoryImpl.java:tryLock(231)) - Lock on /home/runner/work/ozone/ozone/hadoop-ozone/integration-test/target/test-dir/MiniOzoneClusterImpl-bfbd9018-35f1-41c4-9115-0ebbd4040a15/datanode-2/data/ratis/dd68e002-de05-4a6f-a855-3a4193b86c72/in_use.lock acquired by nodename 4032@fv-az377-460
2023-03-29 22:46:59,365 [pool-1597-thread-1] INFO  storage.RaftStorage (RaftStorageImpl.java:format(96)) - Storage directory /home/runner/work/ozone/ozone/hadoop-ozone/integration-test/target/test-dir/MiniOzoneClusterImpl-bfbd9018-35f1-41c4-9115-0ebbd4040a15/datanode-2/data/ratis/dd68e002-de05-4a6f-a855-3a4193b86c72 has been successfully formatted.
2023-03-29 22:46:59,365 [pool-1597-thread-1] INFO  ratis.ContainerStateMachine (ContainerStateMachine.java:loadSnapshot(262)) - group-3A4193B86C72: The snapshot info is null. Setting the last applied indexto:(t:0, i:~)
2023-03-29 22:46:59,365 [pool-1597-thread-1] INFO  server.RaftServerConfigKeys (ConfUtils.java:logGet(46)) - raft.server.log.use.memory = false (default)
2023-03-29 22:46:59,365 [pool-1597-thread-1] INFO  server.RaftServerConfigKeys (ConfUtils.java:logGet(46)) - raft.server.log.purge.gap = 1000000 (custom)
2023-03-29 22:46:59,365 [pool-1597-thread-1] INFO  server.RaftServerConfigKeys (ConfUtils.java:logGet(46)) - raft.server.log.appender.buffer.byte-limit = 33554432 (custom)
2023-03-29 22:46:59,366 [pool-1597-thread-1] INFO  server.RaftServerConfigKeys (ConfUtils.java:logGet(46)) - raft.server.log.statemachine.data.read.timeout = 1000ms (default)
2023-03-29 22:46:59,366 [pool-1597-thread-1] INFO  server.RaftServerConfigKeys (ConfUtils.java:logGet(46)) - raft.server.log.purge.preservation.log.num = 0 (default)
2023-03-29 22:46:59,366 [EventQueue-PipelineReportForPipelineReportHandler] INFO  pipeline.PipelineManagerImpl (PipelineManagerImpl.java:openPipeline(367)) - Pipeline Pipeline[ Id: dd68e002-de05-4a6f-a855-3a4193b86c72, Nodes: 3991cbd9-9568-4ba2-a189-55b02b3736d1(fv-az377-460/10.1.0.40), ReplicationConfig: RATIS/ONE, State:ALLOCATED, leaderId:3991cbd9-9568-4ba2-a189-55b02b3736d1, CreationTimestamp2023-03-29T22:46:56.360Z[Etc/UTC]] moved to OPEN state
2023-03-29 22:46:59,367 [EventQueue-OpenPipelineForHealthyPipelineSafeModeRule] INFO  safemode.SCMSafeModeManager (HealthyPipelineSafeModeRule.java:process(137)) - SCM in safe mode. Healthy pipelines reported count is 0, required healthy pipeline reported count is 1
2023-03-29 22:46:59,367 [pool-1597-thread-1] INFO  server.RaftServerConfigKeys (ConfUtils.java:logGet(46)) - raft.server.log.segment.size.max = 1048576 (custom)
2023-03-29 22:46:59,368 [pool-1597-thread-1] INFO  server.RaftServerConfigKeys (ConfUtils.java:logGet(46)) - raft.server.log.segment.cache.num.max = 2 (custom)
2023-03-29 22:46:59,368 [pool-1597-thread-1] INFO  server.RaftServerConfigKeys (ConfUtils.java:logGet(46)) - raft.server.log.segment.cache.size.max = 200MB (=209715200) (default)
2023-03-29 22:46:59,368 [pool-1597-thread-1] INFO  segmented.SegmentedRaftLogWorker (SegmentedRaftLogWorker.java:<init>(189)) - new 3991cbd9-9568-4ba2-a189-55b02b3736d1@group-3A4193B86C72-SegmentedRaftLogWorker for RaftStorageImpl:Storage Directory /home/runner/work/ozone/ozone/hadoop-ozone/integration-test/target/test-dir/MiniOzoneClusterImpl-bfbd9018-35f1-41c4-9115-0ebbd4040a15/datanode-2/data/ratis/dd68e002-de05-4a6f-a855-3a4193b86c72
2023-03-29 22:46:59,368 [pool-1597-thread-1] INFO  server.RaftServerConfigKeys (ConfUtils.java:logGet(46)) - raft.server.log.queue.byte-limit = 4294967296 (custom)
2023-03-29 22:46:59,368 [pool-1597-thread-1] INFO  server.RaftServerConfigKeys (ConfUtils.java:logGet(46)) - raft.server.log.queue.element-limit = 1024 (custom)
2023-03-29 22:46:59,368 [pool-1597-thread-1] INFO  server.RaftServerConfigKeys (ConfUtils.java:logGet(46)) - raft.server.log.segment.size.max = 1048576 (custom)
2023-03-29 22:46:59,368 [pool-1597-thread-1] INFO  server.RaftServerConfigKeys (ConfUtils.java:logGet(46)) - raft.server.log.preallocated.size = 16384 (custom)
2023-03-29 22:46:59,368 [pool-1597-thread-1] INFO  server.RaftServerConfigKeys (ConfUtils.java:logGet(46)) - raft.server.log.force.sync.num = 128 (default)
2023-03-29 22:46:59,368 [pool-1597-thread-1] INFO  server.RaftServerConfigKeys (ConfUtils.java:logGet(46)) - raft.server.log.statemachine.data.sync = true (default)
2023-03-29 22:46:59,368 [pool-1597-thread-1] INFO  server.RaftServerConfigKeys (ConfUtils.java:logGet(46)) - raft.server.log.statemachine.data.sync.timeout = 10s (default)
2023-03-29 22:46:59,368 [pool-1597-thread-1] INFO  server.RaftServerConfigKeys (ConfUtils.java:logGet(46)) - raft.server.log.statemachine.data.sync.timeout.retry = -1 (default)
2023-03-29 22:46:59,369 [pool-1597-thread-1] INFO  server.RaftServerConfigKeys (ConfUtils.java:logGet(46)) - raft.server.log.write.buffer.size = 1048576 (custom)
2023-03-29 22:46:59,369 [pool-1597-thread-1] INFO  server.RaftServerConfigKeys (ConfUtils.java:logGet(46)) - raft.server.log.appender.buffer.byte-limit = 33554432 (custom)
2023-03-29 22:46:59,379 [pool-1597-thread-1] INFO  server.RaftServerConfigKeys (ConfUtils.java:logGet(46)) - raft.server.log.unsafe-flush.enabled = false (default)
2023-03-29 22:46:59,379 [pool-1597-thread-1] INFO  server.RaftServerConfigKeys (ConfUtils.java:logGet(46)) - raft.server.log.async-flush.enabled = false (default)
2023-03-29 22:46:59,379 [pool-1597-thread-1] INFO  server.RaftServerConfigKeys (ConfUtils.java:logGet(46)) - raft.server.log.statemachine.data.caching.enabled = true (custom)
2023-03-29 22:46:59,379 [pool-1597-thread-1] INFO  segmented.SegmentedRaftLogWorker (SegmentedRaftLogWorker.java:lambda$new$0(135)) - 3991cbd9-9568-4ba2-a189-55b02b3736d1@group-3A4193B86C72-SegmentedRaftLogWorker: flushIndex: setUnconditionally 0 -> -1
2023-03-29 22:46:59,379 [pool-1597-thread-1] INFO  segmented.SegmentedRaftLogWorker (SegmentedRaftLogWorker.java:lambda$new$0(135)) - 3991cbd9-9568-4ba2-a189-55b02b3736d1@group-3A4193B86C72-SegmentedRaftLogWorker: safeCacheEvictIndex: setUnconditionally 0 -> -1
2023-03-29 22:46:59,379 [pool-1597-thread-1] INFO  server.RaftServer$Division (RaftServerImpl.java:start(334)) - 3991cbd9-9568-4ba2-a189-55b02b3736d1@group-3A4193B86C72: start as a follower, conf=-1: peers:[3991cbd9-9568-4ba2-a189-55b02b3736d1|rpc:10.1.0.40:39489|dataStream:10.1.0.40:35317|priority:1|startupRole:FOLLOWER]|listeners:[], old=null
2023-03-29 22:46:59,379 [pool-1597-thread-1] INFO  server.RaftServer$Division (RaftServerImpl.java:setRole(321)) - 3991cbd9-9568-4ba2-a189-55b02b3736d1@group-3A4193B86C72: changes role from      null to FOLLOWER at term 0 for startAsFollower
2023-03-29 22:46:59,379 [pool-1597-thread-1] INFO  impl.RoleInfo (RoleInfo.java:updateAndGet(139)) - 3991cbd9-9568-4ba2-a189-55b02b3736d1: start 3991cbd9-9568-4ba2-a189-55b02b3736d1@group-3A4193B86C72-FollowerState
2023-03-29 22:46:59,380 [pool-1597-thread-1] INFO  util.JmxRegister (JmxRegister.java:tryRegister(44)) - Successfully registered JMX Bean with object name Ratis:service=RaftServer,group=group-3A4193B86C72,id=3991cbd9-9568-4ba2-a189-55b02b3736d1
2023-03-29 22:46:59,380 [3991cbd9-9568-4ba2-a189-55b02b3736d1@group-3A4193B86C72-FollowerState] INFO  server.RaftServerConfigKeys (ConfUtils.java:logFallback(53)) - raft.server.rpc.first-election.timeout.min = 5s (fallback to raft.server.rpc.timeout.min)
2023-03-29 22:46:59,380 [pool-1597-thread-1] INFO  server.RaftServerConfigKeys (ConfUtils.java:logGet(46)) - raft.server.snapshot.auto.trigger.enabled = true (custom)
2023-03-29 22:46:59,380 [3991cbd9-9568-4ba2-a189-55b02b3736d1@group-3A4193B86C72-FollowerState] INFO  server.RaftServerConfigKeys (ConfUtils.java:logFallback(53)) - raft.server.rpc.first-election.timeout.max = 5200ms (fallback to raft.server.rpc.timeout.max)
2023-03-29 22:46:59,380 [pool-1597-thread-1] INFO  server.RaftServerConfigKeys (ConfUtils.java:logGet(46)) - raft.server.snapshot.auto.trigger.threshold = 10000 (custom)
2023-03-29 22:46:59,380 [pool-1597-thread-1] INFO  server.RaftServerConfigKeys (ConfUtils.java:logGet(46)) - raft.server.snapshot.retention.file.num = 5 (custom)
2023-03-29 22:46:59,380 [pool-1597-thread-1] INFO  server.RaftServerConfigKeys (ConfUtils.java:logGet(46)) - raft.server.log.purge.upto.snapshot.index = false (default)
2023-03-29 22:46:59,380 [Command processor thread] INFO  ratis.XceiverServerRatis (XceiverServerRatis.java:addGroup(806)) - Created group PipelineID=dd68e002-de05-4a6f-a855-3a4193b86c72
2023-03-29 22:46:59,380 [Command processor thread] INFO  commandhandler.CreatePipelineCommandHandler (CreatePipelineCommandHandler.java:handle(113)) - Created Pipeline RATIS ONE PipelineID=dd68e002-de05-4a6f-a855-3a4193b86c72.
2023-03-29 22:46:59,455 [EndpointStateMachine task thread for /0.0.0.0:38501 - 0 ] INFO  ipc.Client (Client.java:handleConnectionFailure(1010)) - Retrying connect to server: 0.0.0.0/0.0.0.0:38501. Already tried 14 time(s); retry policy is RetryUpToMaximumCountWithFixedSleep(maxRetries=15, sleepTime=1000 MILLISECONDS)
2023-03-29 22:47:00,363 [Listener at 127.0.0.1/35627] INFO  ozone.MiniOzoneClusterImpl (MiniOzoneClusterImpl.java:lambda$waitForClusterToBeReady$0(222)) - Nodes are ready. Got 3 of 3 DN Heartbeats.
2023-03-29 22:47:00,364 [Listener at 127.0.0.1/35627] INFO  ozone.MiniOzoneClusterImpl (MiniOzoneClusterImpl.java:lambda$waitForClusterToBeReady$0(225)) - Waiting for cluster to exit safe mode
2023-03-29 22:47:00,364 [Listener at 127.0.0.1/35627] INFO  ozone.MiniOzoneClusterImpl (MiniOzoneClusterImpl.java:lambda$waitForClusterToBeReady$0(227)) - SCM became leader
2023-03-29 22:47:01,364 [Listener at 127.0.0.1/35627] INFO  ozone.MiniOzoneClusterImpl (MiniOzoneClusterImpl.java:lambda$waitForClusterToBeReady$0(222)) - Nodes are ready. Got 3 of 3 DN Heartbeats.
2023-03-29 22:47:01,364 [Listener at 127.0.0.1/35627] INFO  ozone.MiniOzoneClusterImpl (MiniOzoneClusterImpl.java:lambda$waitForClusterToBeReady$0(225)) - Waiting for cluster to exit safe mode
2023-03-29 22:47:01,365 [Listener at 127.0.0.1/35627] INFO  ozone.MiniOzoneClusterImpl (MiniOzoneClusterImpl.java:lambda$waitForClusterToBeReady$0(227)) - SCM became leader
2023-03-29 22:47:02,365 [Listener at 127.0.0.1/35627] INFO  ozone.MiniOzoneClusterImpl (MiniOzoneClusterImpl.java:lambda$waitForClusterToBeReady$0(222)) - Nodes are ready. Got 3 of 3 DN Heartbeats.
2023-03-29 22:47:02,365 [Listener at 127.0.0.1/35627] INFO  ozone.MiniOzoneClusterImpl (MiniOzoneClusterImpl.java:lambda$waitForClusterToBeReady$0(225)) - Waiting for cluster to exit safe mode
2023-03-29 22:47:02,365 [Listener at 127.0.0.1/35627] INFO  ozone.MiniOzoneClusterImpl (MiniOzoneClusterImpl.java:lambda$waitForClusterToBeReady$0(227)) - SCM became leader
2023-03-29 22:47:03,365 [Listener at 127.0.0.1/35627] INFO  ozone.MiniOzoneClusterImpl (MiniOzoneClusterImpl.java:lambda$waitForClusterToBeReady$0(222)) - Nodes are ready. Got 3 of 3 DN Heartbeats.
2023-03-29 22:47:03,366 [Listener at 127.0.0.1/35627] INFO  ozone.MiniOzoneClusterImpl (MiniOzoneClusterImpl.java:lambda$waitForClusterToBeReady$0(225)) - Waiting for cluster to exit safe mode
2023-03-29 22:47:03,366 [Listener at 127.0.0.1/35627] INFO  ozone.MiniOzoneClusterImpl (MiniOzoneClusterImpl.java:lambda$waitForClusterToBeReady$0(227)) - SCM became leader
2023-03-29 22:47:03,615 [a1c822f6-de87-4a46-a736-590ef3e07c50@group-B9426872E565-FollowerState] INFO  impl.FollowerState (FollowerState.java:run(143)) - a1c822f6-de87-4a46-a736-590ef3e07c50@group-B9426872E565-FollowerState: change to CANDIDATE, lastRpcElapsedTime:5000637873ns, electionTimeout:5000ms
2023-03-29 22:47:03,615 [a1c822f6-de87-4a46-a736-590ef3e07c50@group-B9426872E565-FollowerState] INFO  impl.RoleInfo (RoleInfo.java:shutdownFollowerState(110)) - a1c822f6-de87-4a46-a736-590ef3e07c50: shutdown a1c822f6-de87-4a46-a736-590ef3e07c50@group-B9426872E565-FollowerState
2023-03-29 22:47:03,615 [a1c822f6-de87-4a46-a736-590ef3e07c50@group-B9426872E565-FollowerState] INFO  server.RaftServer$Division (RaftServerImpl.java:setRole(321)) - a1c822f6-de87-4a46-a736-590ef3e07c50@group-B9426872E565: changes role from  FOLLOWER to CANDIDATE at term 0 for changeToCandidate
2023-03-29 22:47:03,615 [a1c822f6-de87-4a46-a736-590ef3e07c50@group-B9426872E565-FollowerState] INFO  server.RaftServerConfigKeys (ConfUtils.java:logGet(46)) - raft.server.leaderelection.pre-vote = true (default)
2023-03-29 22:47:03,615 [a1c822f6-de87-4a46-a736-590ef3e07c50@group-B9426872E565-FollowerState] INFO  impl.RoleInfo (RoleInfo.java:updateAndGet(139)) - a1c822f6-de87-4a46-a736-590ef3e07c50: start a1c822f6-de87-4a46-a736-590ef3e07c50@group-B9426872E565-LeaderElection16
2023-03-29 22:47:03,620 [a1c822f6-de87-4a46-a736-590ef3e07c50@group-B9426872E565-LeaderElection16] INFO  impl.LeaderElection (LeaderElection.java:askForVotes(312)) - a1c822f6-de87-4a46-a736-590ef3e07c50@group-B9426872E565-LeaderElection16 PRE_VOTE round 0: submit vote requests at term 0 for -1: peers:[a1c822f6-de87-4a46-a736-590ef3e07c50|rpc:10.1.0.40:46211|dataStream:10.1.0.40:46071|priority:1|startupRole:FOLLOWER]|listeners:[], old=null
2023-03-29 22:47:03,620 [a1c822f6-de87-4a46-a736-590ef3e07c50@group-B9426872E565-LeaderElection16] INFO  impl.LeaderElection (LeaderElection.java:askForVotes(314)) - a1c822f6-de87-4a46-a736-590ef3e07c50@group-B9426872E565-LeaderElection16 PRE_VOTE round 0: result PASSED (term=0)
2023-03-29 22:47:03,622 [a1c822f6-de87-4a46-a736-590ef3e07c50@group-B9426872E565-LeaderElection16] INFO  impl.LeaderElection (LeaderElection.java:askForVotes(312)) - a1c822f6-de87-4a46-a736-590ef3e07c50@group-B9426872E565-LeaderElection16 ELECTION round 0: submit vote requests at term 1 for -1: peers:[a1c822f6-de87-4a46-a736-590ef3e07c50|rpc:10.1.0.40:46211|dataStream:10.1.0.40:46071|priority:1|startupRole:FOLLOWER]|listeners:[], old=null
2023-03-29 22:47:03,622 [a1c822f6-de87-4a46-a736-590ef3e07c50@group-B9426872E565-LeaderElection16] INFO  impl.LeaderElection (LeaderElection.java:askForVotes(314)) - a1c822f6-de87-4a46-a736-590ef3e07c50@group-B9426872E565-LeaderElection16 ELECTION round 0: result PASSED (term=1)
2023-03-29 22:47:03,622 [a1c822f6-de87-4a46-a736-590ef3e07c50@group-B9426872E565-LeaderElection16] INFO  impl.RoleInfo (RoleInfo.java:shutdownLeaderElection(130)) - a1c822f6-de87-4a46-a736-590ef3e07c50: shutdown a1c822f6-de87-4a46-a736-590ef3e07c50@group-B9426872E565-LeaderElection16
2023-03-29 22:47:03,622 [a1c822f6-de87-4a46-a736-590ef3e07c50@group-B9426872E565-LeaderElection16] INFO  server.RaftServer$Division (RaftServerImpl.java:setRole(321)) - a1c822f6-de87-4a46-a736-590ef3e07c50@group-B9426872E565: changes role from CANDIDATE to LEADER at term 1 for changeToLeader
2023-03-29 22:47:03,622 [a1c822f6-de87-4a46-a736-590ef3e07c50@group-B9426872E565-LeaderElection16] INFO  ratis.XceiverServerRatis (XceiverServerRatis.java:handleLeaderChangedNotification(904)) - Leader change notification received for group: group-B9426872E565 with new leaderId: a1c822f6-de87-4a46-a736-590ef3e07c50
2023-03-29 22:47:03,623 [a1c822f6-de87-4a46-a736-590ef3e07c50@group-B9426872E565-LeaderElection16] INFO  server.RaftServer$Division (ServerState.java:setLeader(313)) - a1c822f6-de87-4a46-a736-590ef3e07c50@group-B9426872E565: change Leader from null to a1c822f6-de87-4a46-a736-590ef3e07c50 at term 1 for becomeLeader, leader elected after 5028ms
2023-03-29 22:47:03,623 [a1c822f6-de87-4a46-a736-590ef3e07c50@group-B9426872E565-LeaderElection16] INFO  server.RaftServerConfigKeys (ConfUtils.java:logGet(46)) - raft.server.staging.catchup.gap = 1000 (default)
2023-03-29 22:47:03,623 [a1c822f6-de87-4a46-a736-590ef3e07c50@group-B9426872E565-LeaderElection16] INFO  server.RaftServerConfigKeys (ConfUtils.java:logGet(46)) - raft.server.write.element-limit = 1024 (custom)
2023-03-29 22:47:03,624 [a1c822f6-de87-4a46-a736-590ef3e07c50@group-B9426872E565-LeaderElection16] INFO  server.RaftServerConfigKeys (ConfUtils.java:logGet(46)) - raft.server.write.byte-limit = 1024 M (=1073741824) (custom)
2023-03-29 22:47:03,624 [a1c822f6-de87-4a46-a736-590ef3e07c50@group-B9426872E565-LeaderElection16] INFO  server.RaftServerConfigKeys (ConfUtils.java:logGet(46)) - raft.server.watch.timeout = 180s (custom)
2023-03-29 22:47:03,624 [a1c822f6-de87-4a46-a736-590ef3e07c50@group-B9426872E565-LeaderElection16] INFO  server.RaftServerConfigKeys (ConfUtils.java:logGet(46)) - raft.server.watch.timeout.denomination = 1s (default)
2023-03-29 22:47:03,624 [a1c822f6-de87-4a46-a736-590ef3e07c50@group-B9426872E565-LeaderElection16] INFO  server.RaftServerConfigKeys (ConfUtils.java:logGet(46)) - raft.server.watch.element-limit = 65536 (default)
2023-03-29 22:47:03,624 [EventQueue-OpenPipelineForHealthyPipelineSafeModeRule] INFO  safemode.SCMSafeModeManager (HealthyPipelineSafeModeRule.java:process(137)) - SCM in safe mode. Healthy pipelines reported count is 0, required healthy pipeline reported count is 1
2023-03-29 22:47:03,626 [a1c822f6-de87-4a46-a736-590ef3e07c50@group-B9426872E565-LeaderElection16] INFO  server.RaftServerConfigKeys (ConfUtils.java:logGet(46)) - raft.server.write.element-limit = 1024 (custom)
2023-03-29 22:47:03,626 [a1c822f6-de87-4a46-a736-590ef3e07c50@group-B9426872E565-LeaderElection16] INFO  server.RaftServerConfigKeys (ConfUtils.java:logGet(46)) - raft.server.write.follower.gap.ratio.max = -1.0 (default)
2023-03-29 22:47:03,626 [a1c822f6-de87-4a46-a736-590ef3e07c50@group-B9426872E565-LeaderElection16] INFO  impl.RoleInfo (RoleInfo.java:updateAndGet(139)) - a1c822f6-de87-4a46-a736-590ef3e07c50: start a1c822f6-de87-4a46-a736-590ef3e07c50@group-B9426872E565-LeaderStateImpl
2023-03-29 22:47:03,626 [a1c822f6-de87-4a46-a736-590ef3e07c50@group-B9426872E565-LeaderElection16] INFO  segmented.SegmentedRaftLogWorker (SegmentedRaftLogWorker.java:startLogSegment(452)) - a1c822f6-de87-4a46-a736-590ef3e07c50@group-B9426872E565-SegmentedRaftLogWorker: Starting segment from index:0
2023-03-29 22:47:03,631 [a1c822f6-de87-4a46-a736-590ef3e07c50@group-B9426872E565-LeaderElection16] INFO  server.RaftServer$Division (ServerState.java:setRaftConf(430)) - a1c822f6-de87-4a46-a736-590ef3e07c50@group-B9426872E565: set configuration 0: peers:[a1c822f6-de87-4a46-a736-590ef3e07c50|rpc:10.1.0.40:46211|dataStream:10.1.0.40:46071|priority:1|startupRole:FOLLOWER]|listeners:[], old=null
2023-03-29 22:47:03,632 [a1c822f6-de87-4a46-a736-590ef3e07c50@group-B9426872E565-SegmentedRaftLogWorker] INFO  segmented.SegmentedRaftLogWorker (SegmentedRaftLogWorker.java:execute(656)) - a1c822f6-de87-4a46-a736-590ef3e07c50@group-B9426872E565-SegmentedRaftLogWorker: created new log segment /home/runner/work/ozone/ozone/hadoop-ozone/integration-test/target/test-dir/MiniOzoneClusterImpl-bfbd9018-35f1-41c4-9115-0ebbd4040a15/datanode-0/data/ratis/b1adb6af-8f5d-4e61-9b24-b9426872e565/current/log_inprogress_0
2023-03-29 22:47:03,718 [3a6183d8-7ae2-4fce-bc35-bf6e610ba6f7@group-A658A6E1FF8A-FollowerState] INFO  impl.FollowerState (FollowerState.java:run(143)) - 3a6183d8-7ae2-4fce-bc35-bf6e610ba6f7@group-A658A6E1FF8A-FollowerState: change to CANDIDATE, lastRpcElapsedTime:5027472702ns, electionTimeout:5027ms
2023-03-29 22:47:03,718 [3a6183d8-7ae2-4fce-bc35-bf6e610ba6f7@group-A658A6E1FF8A-FollowerState] INFO  impl.RoleInfo (RoleInfo.java:shutdownFollowerState(110)) - 3a6183d8-7ae2-4fce-bc35-bf6e610ba6f7: shutdown 3a6183d8-7ae2-4fce-bc35-bf6e610ba6f7@group-A658A6E1FF8A-FollowerState
2023-03-29 22:47:03,718 [3a6183d8-7ae2-4fce-bc35-bf6e610ba6f7@group-A658A6E1FF8A-FollowerState] INFO  server.RaftServer$Division (RaftServerImpl.java:setRole(321)) - 3a6183d8-7ae2-4fce-bc35-bf6e610ba6f7@group-A658A6E1FF8A: changes role from  FOLLOWER to CANDIDATE at term 0 for changeToCandidate
2023-03-29 22:47:03,718 [3a6183d8-7ae2-4fce-bc35-bf6e610ba6f7@group-A658A6E1FF8A-FollowerState] INFO  server.RaftServerConfigKeys (ConfUtils.java:logGet(46)) - raft.server.leaderelection.pre-vote = true (default)
2023-03-29 22:47:03,718 [3a6183d8-7ae2-4fce-bc35-bf6e610ba6f7@group-A658A6E1FF8A-FollowerState] INFO  impl.RoleInfo (RoleInfo.java:updateAndGet(139)) - 3a6183d8-7ae2-4fce-bc35-bf6e610ba6f7: start 3a6183d8-7ae2-4fce-bc35-bf6e610ba6f7@group-A658A6E1FF8A-LeaderElection17
2023-03-29 22:47:03,724 [3a6183d8-7ae2-4fce-bc35-bf6e610ba6f7@group-A658A6E1FF8A-LeaderElection17] INFO  impl.LeaderElection (LeaderElection.java:askForVotes(312)) - 3a6183d8-7ae2-4fce-bc35-bf6e610ba6f7@group-A658A6E1FF8A-LeaderElection17 PRE_VOTE round 0: submit vote requests at term 0 for -1: peers:[3a6183d8-7ae2-4fce-bc35-bf6e610ba6f7|rpc:10.1.0.40:46779|dataStream:10.1.0.40:35681|priority:1|startupRole:FOLLOWER, 3991cbd9-9568-4ba2-a189-55b02b3736d1|rpc:10.1.0.40:39489|dataStream:10.1.0.40:35317|priority:0|startupRole:FOLLOWER, a1c822f6-de87-4a46-a736-590ef3e07c50|rpc:10.1.0.40:46211|dataStream:10.1.0.40:46071|priority:0|startupRole:FOLLOWER]|listeners:[], old=null
2023-03-29 22:47:03,724 [3a6183d8-7ae2-4fce-bc35-bf6e610ba6f7@group-A658A6E1FF8A-LeaderElection17] INFO  server.RaftServerConfigKeys (ConfUtils.java:logFallback(53)) - raft.server.rpc.first-election.timeout.min = 5s (fallback to raft.server.rpc.timeout.min)
2023-03-29 22:47:03,724 [3a6183d8-7ae2-4fce-bc35-bf6e610ba6f7@group-A658A6E1FF8A-LeaderElection17-1] INFO  server.GrpcServerProtocolClient (GrpcServerProtocolClient.java:<init>(63)) - Build channel for 3991cbd9-9568-4ba2-a189-55b02b3736d1
2023-03-29 22:47:03,724 [3a6183d8-7ae2-4fce-bc35-bf6e610ba6f7@group-A658A6E1FF8A-LeaderElection17] INFO  server.RaftServerConfigKeys (ConfUtils.java:logFallback(53)) - raft.server.rpc.first-election.timeout.max = 5200ms (fallback to raft.server.rpc.timeout.max)
2023-03-29 22:47:03,725 [3a6183d8-7ae2-4fce-bc35-bf6e610ba6f7@group-A658A6E1FF8A-LeaderElection17-2] INFO  server.GrpcServerProtocolClient (GrpcServerProtocolClient.java:<init>(63)) - Build channel for a1c822f6-de87-4a46-a736-590ef3e07c50
2023-03-29 22:47:03,732 [grpc-default-executor-4] INFO  server.RaftServer$Division (RaftServerImpl.java:requestVote(1218)) - a1c822f6-de87-4a46-a736-590ef3e07c50@group-A658A6E1FF8A: receive requestVote(PRE_VOTE, 3a6183d8-7ae2-4fce-bc35-bf6e610ba6f7, group-A658A6E1FF8A, 0, (t:0, i:0))
2023-03-29 22:47:03,732 [grpc-default-executor-4] INFO  impl.VoteContext (VoteContext.java:log(49)) - a1c822f6-de87-4a46-a736-590ef3e07c50@group-A658A6E1FF8A-FOLLOWER: accept PRE_VOTE from 3a6183d8-7ae2-4fce-bc35-bf6e610ba6f7: our priority 0 <= candidate's priority 1
2023-03-29 22:47:03,732 [grpc-default-executor-4] INFO  server.RaftServer$Division (RaftServerImpl.java:requestVote(1251)) - a1c822f6-de87-4a46-a736-590ef3e07c50@group-A658A6E1FF8A replies to PRE_VOTE vote request: 3a6183d8-7ae2-4fce-bc35-bf6e610ba6f7<-a1c822f6-de87-4a46-a736-590ef3e07c50#0:OK-t0. Peer's state: a1c822f6-de87-4a46-a736-590ef3e07c50@group-A658A6E1FF8A:t0, leader=null, voted=, raftlog=Memoized:a1c822f6-de87-4a46-a736-590ef3e07c50@group-A658A6E1FF8A-SegmentedRaftLog:OPENED:c-1, conf=-1: peers:[3a6183d8-7ae2-4fce-bc35-bf6e610ba6f7|rpc:10.1.0.40:46779|dataStream:10.1.0.40:35681|priority:1|startupRole:FOLLOWER, 3991cbd9-9568-4ba2-a189-55b02b3736d1|rpc:10.1.0.40:39489|dataStream:10.1.0.40:35317|priority:0|startupRole:FOLLOWER, a1c822f6-de87-4a46-a736-590ef3e07c50|rpc:10.1.0.40:46211|dataStream:10.1.0.40:46071|priority:0|startupRole:FOLLOWER]|listeners:[], old=null
2023-03-29 22:47:03,733 [3a6183d8-7ae2-4fce-bc35-bf6e610ba6f7@group-A658A6E1FF8A-LeaderElection17] INFO  impl.LeaderElection (LeaderElection.java:logAndReturn(90)) - 3a6183d8-7ae2-4fce-bc35-bf6e610ba6f7@group-A658A6E1FF8A-LeaderElection17: PRE_VOTE PASSED received 1 response(s) and 0 exception(s):
2023-03-29 22:47:03,733 [3a6183d8-7ae2-4fce-bc35-bf6e610ba6f7@group-A658A6E1FF8A-LeaderElection17] INFO  impl.LeaderElection (LeaderElection.java:logAndReturn(94)) -   Response 0: 3a6183d8-7ae2-4fce-bc35-bf6e610ba6f7<-a1c822f6-de87-4a46-a736-590ef3e07c50#0:OK-t0
2023-03-29 22:47:03,733 [3a6183d8-7ae2-4fce-bc35-bf6e610ba6f7@group-A658A6E1FF8A-LeaderElection17] INFO  impl.LeaderElection (LeaderElection.java:askForVotes(314)) - 3a6183d8-7ae2-4fce-bc35-bf6e610ba6f7@group-A658A6E1FF8A-LeaderElection17 PRE_VOTE round 0: result PASSED
2023-03-29 22:47:03,735 [3a6183d8-7ae2-4fce-bc35-bf6e610ba6f7@group-A658A6E1FF8A-LeaderElection17] INFO  impl.LeaderElection (LeaderElection.java:askForVotes(312)) - 3a6183d8-7ae2-4fce-bc35-bf6e610ba6f7@group-A658A6E1FF8A-LeaderElection17 ELECTION round 0: submit vote requests at term 1 for -1: peers:[3a6183d8-7ae2-4fce-bc35-bf6e610ba6f7|rpc:10.1.0.40:46779|dataStream:10.1.0.40:35681|priority:1|startupRole:FOLLOWER, 3991cbd9-9568-4ba2-a189-55b02b3736d1|rpc:10.1.0.40:39489|dataStream:10.1.0.40:35317|priority:0|startupRole:FOLLOWER, a1c822f6-de87-4a46-a736-590ef3e07c50|rpc:10.1.0.40:46211|dataStream:10.1.0.40:46071|priority:0|startupRole:FOLLOWER]|listeners:[], old=null
2023-03-29 22:47:03,736 [3a6183d8-7ae2-4fce-bc35-bf6e610ba6f7@group-A658A6E1FF8A-LeaderElection17] INFO  server.RaftServerConfigKeys (ConfUtils.java:logFallback(53)) - raft.server.rpc.first-election.timeout.min = 5s (fallback to raft.server.rpc.timeout.min)
2023-03-29 22:47:03,736 [3a6183d8-7ae2-4fce-bc35-bf6e610ba6f7@group-A658A6E1FF8A-LeaderElection17] INFO  server.RaftServerConfigKeys (ConfUtils.java:logFallback(53)) - raft.server.rpc.first-election.timeout.max = 5200ms (fallback to raft.server.rpc.timeout.max)
2023-03-29 22:47:03,736 [grpc-default-executor-4] INFO  server.RaftServer$Division (RaftServerImpl.java:requestVote(1218)) - 3991cbd9-9568-4ba2-a189-55b02b3736d1@group-A658A6E1FF8A: receive requestVote(ELECTION, 3a6183d8-7ae2-4fce-bc35-bf6e610ba6f7, group-A658A6E1FF8A, 1, (t:0, i:0))
2023-03-29 22:47:03,737 [grpc-default-executor-4] INFO  impl.VoteContext (VoteContext.java:log(49)) - 3991cbd9-9568-4ba2-a189-55b02b3736d1@group-A658A6E1FF8A-FOLLOWER: accept ELECTION from 3a6183d8-7ae2-4fce-bc35-bf6e610ba6f7: our priority 0 <= candidate's priority 1
2023-03-29 22:47:03,737 [grpc-default-executor-4] INFO  server.RaftServer$Division (RaftServerImpl.java:setRole(321)) - 3991cbd9-9568-4ba2-a189-55b02b3736d1@group-A658A6E1FF8A: changes role from  FOLLOWER to FOLLOWER at term 1 for candidate:3a6183d8-7ae2-4fce-bc35-bf6e610ba6f7
2023-03-29 22:47:03,737 [grpc-default-executor-4] INFO  impl.RoleInfo (RoleInfo.java:shutdownFollowerState(110)) - 3991cbd9-9568-4ba2-a189-55b02b3736d1: shutdown 3991cbd9-9568-4ba2-a189-55b02b3736d1@group-A658A6E1FF8A-FollowerState
2023-03-29 22:47:03,737 [grpc-default-executor-4] INFO  impl.RoleInfo (RoleInfo.java:updateAndGet(139)) - 3991cbd9-9568-4ba2-a189-55b02b3736d1: start 3991cbd9-9568-4ba2-a189-55b02b3736d1@group-A658A6E1FF8A-FollowerState
2023-03-29 22:47:03,737 [3991cbd9-9568-4ba2-a189-55b02b3736d1@group-A658A6E1FF8A-FollowerState] INFO  impl.FollowerState (FollowerState.java:run(152)) - 3991cbd9-9568-4ba2-a189-55b02b3736d1@group-A658A6E1FF8A-FollowerState was interrupted
2023-03-29 22:47:03,737 [grpc-default-executor-1] INFO  server.RaftServer$Division (RaftServerImpl.java:requestVote(1218)) - a1c822f6-de87-4a46-a736-590ef3e07c50@group-A658A6E1FF8A: receive requestVote(ELECTION, 3a6183d8-7ae2-4fce-bc35-bf6e610ba6f7, group-A658A6E1FF8A, 1, (t:0, i:0))
2023-03-29 22:47:03,740 [grpc-default-executor-3] INFO  server.RaftServer$Division (RaftServerImpl.java:requestVote(1218)) - 3991cbd9-9568-4ba2-a189-55b02b3736d1@group-A658A6E1FF8A: receive requestVote(PRE_VOTE, 3a6183d8-7ae2-4fce-bc35-bf6e610ba6f7, group-A658A6E1FF8A, 0, (t:0, i:0))
2023-03-29 22:47:03,743 [grpc-default-executor-1] INFO  impl.VoteContext (VoteContext.java:log(49)) - a1c822f6-de87-4a46-a736-590ef3e07c50@group-A658A6E1FF8A-FOLLOWER: accept ELECTION from 3a6183d8-7ae2-4fce-bc35-bf6e610ba6f7: our priority 0 <= candidate's priority 1
2023-03-29 22:47:03,743 [grpc-default-executor-1] INFO  server.RaftServer$Division (RaftServerImpl.java:setRole(321)) - a1c822f6-de87-4a46-a736-590ef3e07c50@group-A658A6E1FF8A: changes role from  FOLLOWER to FOLLOWER at term 1 for candidate:3a6183d8-7ae2-4fce-bc35-bf6e610ba6f7
2023-03-29 22:47:03,743 [grpc-default-executor-1] INFO  impl.RoleInfo (RoleInfo.java:shutdownFollowerState(110)) - a1c822f6-de87-4a46-a736-590ef3e07c50: shutdown a1c822f6-de87-4a46-a736-590ef3e07c50@group-A658A6E1FF8A-FollowerState
2023-03-29 22:47:03,743 [grpc-default-executor-1] INFO  impl.RoleInfo (RoleInfo.java:updateAndGet(139)) - a1c822f6-de87-4a46-a736-590ef3e07c50: start a1c822f6-de87-4a46-a736-590ef3e07c50@group-A658A6E1FF8A-FollowerState
2023-03-29 22:47:03,743 [a1c822f6-de87-4a46-a736-590ef3e07c50@group-A658A6E1FF8A-FollowerState] INFO  impl.FollowerState (FollowerState.java:run(152)) - a1c822f6-de87-4a46-a736-590ef3e07c50@group-A658A6E1FF8A-FollowerState was interrupted
2023-03-29 22:47:03,743 [a1c822f6-de87-4a46-a736-590ef3e07c50@group-A658A6E1FF8A-FollowerState] INFO  server.RaftServerConfigKeys (ConfUtils.java:logFallback(53)) - raft.server.rpc.first-election.timeout.min = 5s (fallback to raft.server.rpc.timeout.min)
2023-03-29 22:47:03,743 [a1c822f6-de87-4a46-a736-590ef3e07c50@group-A658A6E1FF8A-FollowerState] INFO  server.RaftServerConfigKeys (ConfUtils.java:logFallback(53)) - raft.server.rpc.first-election.timeout.max = 5200ms (fallback to raft.server.rpc.timeout.max)
2023-03-29 22:47:03,747 [3991cbd9-9568-4ba2-a189-55b02b3736d1@group-A658A6E1FF8A-FollowerState] INFO  server.RaftServerConfigKeys (ConfUtils.java:logFallback(53)) - raft.server.rpc.first-election.timeout.min = 5s (fallback to raft.server.rpc.timeout.min)
2023-03-29 22:47:03,747 [grpc-default-executor-1] INFO  server.RaftServer$Division (RaftServerImpl.java:requestVote(1251)) - a1c822f6-de87-4a46-a736-590ef3e07c50@group-A658A6E1FF8A replies to ELECTION vote request: 3a6183d8-7ae2-4fce-bc35-bf6e610ba6f7<-a1c822f6-de87-4a46-a736-590ef3e07c50#0:OK-t1. Peer's state: a1c822f6-de87-4a46-a736-590ef3e07c50@group-A658A6E1FF8A:t1, leader=null, voted=3a6183d8-7ae2-4fce-bc35-bf6e610ba6f7, raftlog=Memoized:a1c822f6-de87-4a46-a736-590ef3e07c50@group-A658A6E1FF8A-SegmentedRaftLog:OPENED:c-1, conf=-1: peers:[3a6183d8-7ae2-4fce-bc35-bf6e610ba6f7|rpc:10.1.0.40:46779|dataStream:10.1.0.40:35681|priority:1|startupRole:FOLLOWER, 3991cbd9-9568-4ba2-a189-55b02b3736d1|rpc:10.1.0.40:39489|dataStream:10.1.0.40:35317|priority:0|startupRole:FOLLOWER, a1c822f6-de87-4a46-a736-590ef3e07c50|rpc:10.1.0.40:46211|dataStream:10.1.0.40:46071|priority:0|startupRole:FOLLOWER]|listeners:[], old=null
2023-03-29 22:47:03,747 [3991cbd9-9568-4ba2-a189-55b02b3736d1@group-A658A6E1FF8A-FollowerState] INFO  server.RaftServerConfigKeys (ConfUtils.java:logFallback(53)) - raft.server.rpc.first-election.timeout.max = 5200ms (fallback to raft.server.rpc.timeout.max)
2023-03-29 22:47:03,747 [3a6183d8-7ae2-4fce-bc35-bf6e610ba6f7@group-A658A6E1FF8A-LeaderElection17] INFO  impl.LeaderElection (LeaderElection.java:logAndReturn(90)) - 3a6183d8-7ae2-4fce-bc35-bf6e610ba6f7@group-A658A6E1FF8A-LeaderElection17: ELECTION PASSED received 1 response(s) and 0 exception(s):
2023-03-29 22:47:03,747 [3a6183d8-7ae2-4fce-bc35-bf6e610ba6f7@group-A658A6E1FF8A-LeaderElection17] INFO  impl.LeaderElection (LeaderElection.java:logAndReturn(94)) -   Response 0: 3a6183d8-7ae2-4fce-bc35-bf6e610ba6f7<-a1c822f6-de87-4a46-a736-590ef3e07c50#0:OK-t1
2023-03-29 22:47:03,747 [grpc-default-executor-4] INFO  server.RaftServer$Division (RaftServerImpl.java:requestVote(1251)) - 3991cbd9-9568-4ba2-a189-55b02b3736d1@group-A658A6E1FF8A replies to ELECTION vote request: 3a6183d8-7ae2-4fce-bc35-bf6e610ba6f7<-3991cbd9-9568-4ba2-a189-55b02b3736d1#0:OK-t1. Peer's state: 3991cbd9-9568-4ba2-a189-55b02b3736d1@group-A658A6E1FF8A:t1, leader=null, voted=3a6183d8-7ae2-4fce-bc35-bf6e610ba6f7, raftlog=Memoized:3991cbd9-9568-4ba2-a189-55b02b3736d1@group-A658A6E1FF8A-SegmentedRaftLog:OPENED:c-1, conf=-1: peers:[3a6183d8-7ae2-4fce-bc35-bf6e610ba6f7|rpc:10.1.0.40:46779|dataStream:10.1.0.40:35681|priority:1|startupRole:FOLLOWER, 3991cbd9-9568-4ba2-a189-55b02b3736d1|rpc:10.1.0.40:39489|dataStream:10.1.0.40:35317|priority:0|startupRole:FOLLOWER, a1c822f6-de87-4a46-a736-590ef3e07c50|rpc:10.1.0.40:46211|dataStream:10.1.0.40:46071|priority:0|startupRole:FOLLOWER]|listeners:[], old=null
2023-03-29 22:47:03,748 [grpc-default-executor-3] INFO  impl.VoteContext (VoteContext.java:log(49)) - 3991cbd9-9568-4ba2-a189-55b02b3736d1@group-A658A6E1FF8A-FOLLOWER: accept PRE_VOTE from 3a6183d8-7ae2-4fce-bc35-bf6e610ba6f7: our priority 0 <= candidate's priority 1
2023-03-29 22:47:03,748 [grpc-default-executor-3] INFO  server.RaftServer$Division (RaftServerImpl.java:requestVote(1251)) - 3991cbd9-9568-4ba2-a189-55b02b3736d1@group-A658A6E1FF8A replies to PRE_VOTE vote request: 3a6183d8-7ae2-4fce-bc35-bf6e610ba6f7<-3991cbd9-9568-4ba2-a189-55b02b3736d1#0:OK-t1. Peer's state: 3991cbd9-9568-4ba2-a189-55b02b3736d1@group-A658A6E1FF8A:t1, leader=null, voted=3a6183d8-7ae2-4fce-bc35-bf6e610ba6f7, raftlog=Memoized:3991cbd9-9568-4ba2-a189-55b02b3736d1@group-A658A6E1FF8A-SegmentedRaftLog:OPENED:c-1, conf=-1: peers:[3a6183d8-7ae2-4fce-bc35-bf6e610ba6f7|rpc:10.1.0.40:46779|dataStream:10.1.0.40:35681|priority:1|startupRole:FOLLOWER, 3991cbd9-9568-4ba2-a189-55b02b3736d1|rpc:10.1.0.40:39489|dataStream:10.1.0.40:35317|priority:0|startupRole:FOLLOWER, a1c822f6-de87-4a46-a736-590ef3e07c50|rpc:10.1.0.40:46211|dataStream:10.1.0.40:46071|priority:0|startupRole:FOLLOWER]|listeners:[], old=null
2023-03-29 22:47:03,747 [3a6183d8-7ae2-4fce-bc35-bf6e610ba6f7@group-A658A6E1FF8A-LeaderElection17] INFO  impl.LeaderElection (LeaderElection.java:askForVotes(314)) - 3a6183d8-7ae2-4fce-bc35-bf6e610ba6f7@group-A658A6E1FF8A-LeaderElection17 ELECTION round 0: result PASSED
2023-03-29 22:47:03,748 [3a6183d8-7ae2-4fce-bc35-bf6e610ba6f7@group-A658A6E1FF8A-LeaderElection17] INFO  impl.RoleInfo (RoleInfo.java:shutdownLeaderElection(130)) - 3a6183d8-7ae2-4fce-bc35-bf6e610ba6f7: shutdown 3a6183d8-7ae2-4fce-bc35-bf6e610ba6f7@group-A658A6E1FF8A-LeaderElection17
2023-03-29 22:47:03,748 [3a6183d8-7ae2-4fce-bc35-bf6e610ba6f7@group-A658A6E1FF8A-LeaderElection17] INFO  server.RaftServer$Division (RaftServerImpl.java:setRole(321)) - 3a6183d8-7ae2-4fce-bc35-bf6e610ba6f7@group-A658A6E1FF8A: changes role from CANDIDATE to LEADER at term 1 for changeToLeader
2023-03-29 22:47:03,748 [3a6183d8-7ae2-4fce-bc35-bf6e610ba6f7@group-A658A6E1FF8A-LeaderElection17] INFO  ratis.XceiverServerRatis (XceiverServerRatis.java:handleLeaderChangedNotification(904)) - Leader change notification received for group: group-A658A6E1FF8A with new leaderId: 3a6183d8-7ae2-4fce-bc35-bf6e610ba6f7
2023-03-29 22:47:03,749 [3a6183d8-7ae2-4fce-bc35-bf6e610ba6f7@group-A658A6E1FF8A-LeaderElection17] INFO  server.RaftServer$Division (ServerState.java:setLeader(313)) - 3a6183d8-7ae2-4fce-bc35-bf6e610ba6f7@group-A658A6E1FF8A: change Leader from null to 3a6183d8-7ae2-4fce-bc35-bf6e610ba6f7 at term 1 for becomeLeader, leader elected after 5071ms
2023-03-29 22:47:03,749 [3a6183d8-7ae2-4fce-bc35-bf6e610ba6f7@group-A658A6E1FF8A-LeaderElection17] INFO  server.RaftServerConfigKeys (ConfUtils.java:logGet(46)) - raft.server.staging.catchup.gap = 1000 (default)
2023-03-29 22:47:03,749 [3a6183d8-7ae2-4fce-bc35-bf6e610ba6f7@group-A658A6E1FF8A-LeaderElection17] INFO  server.RaftServerConfigKeys (ConfUtils.java:logGet(46)) - raft.server.write.element-limit = 1024 (custom)
2023-03-29 22:47:03,749 [3a6183d8-7ae2-4fce-bc35-bf6e610ba6f7@group-A658A6E1FF8A-LeaderElection17] INFO  server.RaftServerConfigKeys (ConfUtils.java:logGet(46)) - raft.server.write.byte-limit = 1024 M (=1073741824) (custom)
2023-03-29 22:47:03,749 [3a6183d8-7ae2-4fce-bc35-bf6e610ba6f7@group-A658A6E1FF8A-LeaderElection17] INFO  server.RaftServerConfigKeys (ConfUtils.java:logGet(46)) - raft.server.watch.timeout = 180s (custom)
2023-03-29 22:47:03,749 [3a6183d8-7ae2-4fce-bc35-bf6e610ba6f7@group-A658A6E1FF8A-LeaderElection17] INFO  server.RaftServerConfigKeys (ConfUtils.java:logGet(46)) - raft.server.watch.timeout.denomination = 1s (default)
2023-03-29 22:47:03,749 [3a6183d8-7ae2-4fce-bc35-bf6e610ba6f7@group-A658A6E1FF8A-LeaderElection17] INFO  server.RaftServerConfigKeys (ConfUtils.java:logGet(46)) - raft.server.watch.element-limit = 65536 (default)
2023-03-29 22:47:03,749 [3a6183d8-7ae2-4fce-bc35-bf6e610ba6f7@group-A658A6E1FF8A-LeaderElection17] INFO  server.RaftServerConfigKeys (ConfUtils.java:logGet(46)) - raft.server.write.element-limit = 1024 (custom)
2023-03-29 22:47:03,749 [3a6183d8-7ae2-4fce-bc35-bf6e610ba6f7@group-A658A6E1FF8A-LeaderElection17] INFO  server.RaftServerConfigKeys (ConfUtils.java:logGet(46)) - raft.server.write.follower.gap.ratio.max = -1.0 (default)
2023-03-29 22:47:03,750 [3a6183d8-7ae2-4fce-bc35-bf6e610ba6f7@group-A658A6E1FF8A-LeaderElection17] INFO  server.RaftServerConfigKeys (ConfUtils.java:logGet(46)) - raft.server.log.appender.snapshot.chunk.size.max = 16MB (=16777216) (default)
2023-03-29 22:47:03,750 [3a6183d8-7ae2-4fce-bc35-bf6e610ba6f7@group-A658A6E1FF8A-LeaderElection17] INFO  server.RaftServerConfigKeys (ConfUtils.java:logGet(46)) - raft.server.log.appender.buffer.byte-limit = 33554432 (custom)
2023-03-29 22:47:03,750 [3a6183d8-7ae2-4fce-bc35-bf6e610ba6f7@group-A658A6E1FF8A-LeaderElection17] INFO  server.RaftServerConfigKeys (ConfUtils.java:logGet(46)) - raft.server.log.appender.buffer.element-limit = 1 (custom)
2023-03-29 22:47:03,750 [3a6183d8-7ae2-4fce-bc35-bf6e610ba6f7@group-A658A6E1FF8A-LeaderElection17] INFO  grpc.GrpcConfigKeys (ConfUtils.java:logGet(46)) - raft.grpc.server.leader.outstanding.appends.max = 128 (default)
2023-03-29 22:47:03,750 [3a6183d8-7ae2-4fce-bc35-bf6e610ba6f7@group-A658A6E1FF8A-LeaderElection17] INFO  server.RaftServerConfigKeys (ConfUtils.java:logGet(46)) - raft.server.rpc.request.timeout = 60s (custom)
2023-03-29 22:47:03,750 [3a6183d8-7ae2-4fce-bc35-bf6e610ba6f7@group-A658A6E1FF8A-LeaderElection17] INFO  server.RaftServerConfigKeys (ConfUtils.java:logGet(46)) - raft.server.log.appender.install.snapshot.enabled = false (custom)
2023-03-29 22:47:03,750 [3a6183d8-7ae2-4fce-bc35-bf6e610ba6f7@group-A658A6E1FF8A-LeaderElection17] INFO  grpc.GrpcConfigKeys (ConfUtils.java:logGet(46)) - raft.grpc.server.heartbeat.channel = true (default)
2023-03-29 22:47:03,750 [3a6183d8-7ae2-4fce-bc35-bf6e610ba6f7@group-A658A6E1FF8A-LeaderElection17] INFO  server.RaftServerConfigKeys (ConfUtils.java:logGet(46)) - raft.server.log.appender.wait-time.min = 10ms (default)
2023-03-29 22:47:03,751 [3a6183d8-7ae2-4fce-bc35-bf6e610ba6f7@group-A658A6E1FF8A-LeaderElection17] INFO  server.RaftServerConfigKeys (ConfUtils.java:logGet(46)) - raft.server.log.appender.snapshot.chunk.size.max = 16MB (=16777216) (default)
2023-03-29 22:47:03,751 [3a6183d8-7ae2-4fce-bc35-bf6e610ba6f7@group-A658A6E1FF8A-LeaderElection17] INFO  server.RaftServerConfigKeys (ConfUtils.java:logGet(46)) - raft.server.log.appender.buffer.byte-limit = 33554432 (custom)
2023-03-29 22:47:03,751 [3a6183d8-7ae2-4fce-bc35-bf6e610ba6f7@group-A658A6E1FF8A-LeaderElection17] INFO  server.RaftServerConfigKeys (ConfUtils.java:logGet(46)) - raft.server.log.appender.buffer.element-limit = 1 (custom)
2023-03-29 22:47:03,751 [3a6183d8-7ae2-4fce-bc35-bf6e610ba6f7@group-A658A6E1FF8A-LeaderElection17] INFO  grpc.GrpcConfigKeys (ConfUtils.java:logGet(46)) - raft.grpc.server.leader.outstanding.appends.max = 128 (default)
2023-03-29 22:47:03,751 [3a6183d8-7ae2-4fce-bc35-bf6e610ba6f7@group-A658A6E1FF8A-LeaderElection17] INFO  server.RaftServerConfigKeys (ConfUtils.java:logGet(46)) - raft.server.rpc.request.timeout = 60s (custom)
2023-03-29 22:47:03,751 [3a6183d8-7ae2-4fce-bc35-bf6e610ba6f7@group-A658A6E1FF8A-LeaderElection17] INFO  server.RaftServerConfigKeys (ConfUtils.java:logGet(46)) - raft.server.log.appender.install.snapshot.enabled = false (custom)
2023-03-29 22:47:03,751 [3a6183d8-7ae2-4fce-bc35-bf6e610ba6f7@group-A658A6E1FF8A-LeaderElection17] INFO  grpc.GrpcConfigKeys (ConfUtils.java:logGet(46)) - raft.grpc.server.heartbeat.channel = true (default)
2023-03-29 22:47:03,751 [3a6183d8-7ae2-4fce-bc35-bf6e610ba6f7@group-A658A6E1FF8A-LeaderElection17] INFO  server.RaftServerConfigKeys (ConfUtils.java:logGet(46)) - raft.server.log.appender.wait-time.min = 10ms (default)
2023-03-29 22:47:03,751 [3a6183d8-7ae2-4fce-bc35-bf6e610ba6f7@group-A658A6E1FF8A-LeaderElection17] INFO  impl.RoleInfo (RoleInfo.java:updateAndGet(139)) - 3a6183d8-7ae2-4fce-bc35-bf6e610ba6f7: start 3a6183d8-7ae2-4fce-bc35-bf6e610ba6f7@group-A658A6E1FF8A-LeaderStateImpl
2023-03-29 22:47:03,751 [3a6183d8-7ae2-4fce-bc35-bf6e610ba6f7@group-A658A6E1FF8A-LeaderElection17] INFO  segmented.SegmentedRaftLogWorker (SegmentedRaftLogWorker.java:startLogSegment(452)) - 3a6183d8-7ae2-4fce-bc35-bf6e610ba6f7@group-A658A6E1FF8A-SegmentedRaftLogWorker: Starting segment from index:0
2023-03-29 22:47:03,752 [EventQueue-PipelineReportForPipelineReportHandler] INFO  pipeline.PipelineManagerImpl (PipelineManagerImpl.java:openPipeline(367)) - Pipeline Pipeline[ Id: 3bf05c91-3e82-42f2-8b7b-a658a6e1ff8a, Nodes: a1c822f6-de87-4a46-a736-590ef3e07c50(fv-az377-460/10.1.0.40)3991cbd9-9568-4ba2-a189-55b02b3736d1(fv-az377-460/10.1.0.40)3a6183d8-7ae2-4fce-bc35-bf6e610ba6f7(fv-az377-460/10.1.0.40), ReplicationConfig: RATIS/THREE, State:ALLOCATED, leaderId:3a6183d8-7ae2-4fce-bc35-bf6e610ba6f7, CreationTimestamp2023-03-29T22:46:56.361Z[Etc/UTC]] moved to OPEN state
2023-03-29 22:47:03,752 [3a6183d8-7ae2-4fce-bc35-bf6e610ba6f7@group-A658A6E1FF8A-SegmentedRaftLogWorker] INFO  segmented.SegmentedRaftLogWorker (SegmentedRaftLogWorker.java:execute(656)) - 3a6183d8-7ae2-4fce-bc35-bf6e610ba6f7@group-A658A6E1FF8A-SegmentedRaftLogWorker: created new log segment /home/runner/work/ozone/ozone/hadoop-ozone/integration-test/target/test-dir/MiniOzoneClusterImpl-bfbd9018-35f1-41c4-9115-0ebbd4040a15/datanode-1/data/ratis/3bf05c91-3e82-42f2-8b7b-a658a6e1ff8a/current/log_inprogress_0
2023-03-29 22:47:03,753 [EventQueue-OpenPipelineForHealthyPipelineSafeModeRule] INFO  safemode.SCMSafeModeManager (HealthyPipelineSafeModeRule.java:process(137)) - SCM in safe mode. Healthy pipelines reported count is 1, required healthy pipeline reported count is 1
2023-03-29 22:47:03,753 [EventQueue-OpenPipelineForHealthyPipelineSafeModeRule] INFO  safemode.SCMSafeModeManager (SCMSafeModeManager.java:validateSafeModeExitRules(200)) - HealthyPipelineSafeModeRule rule is successfully validated
2023-03-29 22:47:03,753 [EventQueue-OpenPipelineForHealthyPipelineSafeModeRule] INFO  safemode.SCMSafeModeManager (SCMSafeModeManager.java:validateSafeModeExitRules(215)) - ScmSafeModeManager, all rules are successfully validated
2023-03-29 22:47:03,753 [EventQueue-OpenPipelineForHealthyPipelineSafeModeRule] INFO  safemode.SCMSafeModeManager (SCMSafeModeManager.java:exitSafeMode(244)) - SCM exiting safe mode.
2023-03-29 22:47:03,753 [EventQueue-OpenPipelineForHealthyPipelineSafeModeRule] INFO  ha.SCMContext (SCMContext.java:updateSafeModeStatus(228)) - Update SafeModeStatus from SafeModeStatus{safeModeStatus=true, preCheckPassed=true} to SafeModeStatus{safeModeStatus=false, preCheckPassed=true}.
2023-03-29 22:47:03,753 [EventQueue-OpenPipelineForHealthyPipelineSafeModeRule] INFO  pipeline.BackgroundPipelineCreator (BackgroundPipelineCreator.java:notifyStatusChanged(254)) - Service BackgroundPipelineCreator transitions to RUNNING.
2023-03-29 22:47:03,753 [EventQueue-OpenPipelineForHealthyPipelineSafeModeRule] INFO  BackgroundPipelineScrubber (BackgroundSCMService.java:notifyStatusChanged(82)) - Service BackgroundPipelineScrubber transitions to RUNNING.
2023-03-29 22:47:03,753 [EventQueue-OpenPipelineForHealthyPipelineSafeModeRule] INFO  ExpiredContainerReplicaOpScrubber (BackgroundSCMService.java:notifyStatusChanged(82)) - Service ExpiredContainerReplicaOpScrubber transitions to RUNNING.
2023-03-29 22:47:03,753 [EventQueue-OpenPipelineForHealthyPipelineSafeModeRule] INFO  replication.ReplicationManager (ReplicationManager.java:notifyStatusChanged(1255)) - Service ReplicationManager transitions to RUNNING.
2023-03-29 22:47:03,753 [EventQueue-OpenPipelineForHealthyPipelineSafeModeRule] WARN  balancer.ContainerBalancer (ContainerBalancer.java:shouldRun(132)) - Could not find persisted configuration for ContainerBalancer when checking if ContainerBalancer should run. ContainerBalancer should not run now.
2023-03-29 22:47:03,760 [3a6183d8-7ae2-4fce-bc35-bf6e610ba6f7@group-A658A6E1FF8A-LeaderElection17] INFO  server.RaftServer$Division (ServerState.java:setRaftConf(430)) - 3a6183d8-7ae2-4fce-bc35-bf6e610ba6f7@group-A658A6E1FF8A: set configuration 0: peers:[3a6183d8-7ae2-4fce-bc35-bf6e610ba6f7|rpc:10.1.0.40:46779|dataStream:10.1.0.40:35681|priority:1|startupRole:FOLLOWER, 3991cbd9-9568-4ba2-a189-55b02b3736d1|rpc:10.1.0.40:39489|dataStream:10.1.0.40:35317|priority:0|startupRole:FOLLOWER, a1c822f6-de87-4a46-a736-590ef3e07c50|rpc:10.1.0.40:46211|dataStream:10.1.0.40:46071|priority:0|startupRole:FOLLOWER]|listeners:[], old=null
2023-03-29 22:47:03,765 [3991cbd9-9568-4ba2-a189-55b02b3736d1-server-thread1] INFO  ratis.XceiverServerRatis (XceiverServerRatis.java:handleLeaderChangedNotification(904)) - Leader change notification received for group: group-A658A6E1FF8A with new leaderId: 3a6183d8-7ae2-4fce-bc35-bf6e610ba6f7
2023-03-29 22:47:03,765 [3991cbd9-9568-4ba2-a189-55b02b3736d1-server-thread1] INFO  server.RaftServer$Division (ServerState.java:setLeader(313)) - 3991cbd9-9568-4ba2-a189-55b02b3736d1@group-A658A6E1FF8A: change Leader from null to 3a6183d8-7ae2-4fce-bc35-bf6e610ba6f7 at term 1 for appendEntries, leader elected after 5120ms
2023-03-29 22:47:03,766 [3991cbd9-9568-4ba2-a189-55b02b3736d1-server-thread2] INFO  server.RaftServer$Division (ServerState.java:setRaftConf(430)) - 3991cbd9-9568-4ba2-a189-55b02b3736d1@group-A658A6E1FF8A: set configuration 0: peers:[3a6183d8-7ae2-4fce-bc35-bf6e610ba6f7|rpc:10.1.0.40:46779|dataStream:10.1.0.40:35681|priority:1|startupRole:FOLLOWER, 3991cbd9-9568-4ba2-a189-55b02b3736d1|rpc:10.1.0.40:39489|dataStream:10.1.0.40:35317|priority:0|startupRole:FOLLOWER, a1c822f6-de87-4a46-a736-590ef3e07c50|rpc:10.1.0.40:46211|dataStream:10.1.0.40:46071|priority:0|startupRole:FOLLOWER]|listeners:[], old=null
2023-03-29 22:47:03,767 [3991cbd9-9568-4ba2-a189-55b02b3736d1-server-thread2] INFO  segmented.SegmentedRaftLogWorker (SegmentedRaftLogWorker.java:startLogSegment(452)) - 3991cbd9-9568-4ba2-a189-55b02b3736d1@group-A658A6E1FF8A-SegmentedRaftLogWorker: Starting segment from index:0
2023-03-29 22:47:03,768 [a1c822f6-de87-4a46-a736-590ef3e07c50-server-thread1] INFO  ratis.XceiverServerRatis (XceiverServerRatis.java:handleLeaderChangedNotification(904)) - Leader change notification received for group: group-A658A6E1FF8A with new leaderId: 3a6183d8-7ae2-4fce-bc35-bf6e610ba6f7
2023-03-29 22:47:03,768 [a1c822f6-de87-4a46-a736-590ef3e07c50-server-thread1] INFO  server.RaftServer$Division (ServerState.java:setLeader(313)) - a1c822f6-de87-4a46-a736-590ef3e07c50@group-A658A6E1FF8A: change Leader from null to 3a6183d8-7ae2-4fce-bc35-bf6e610ba6f7 at term 1 for appendEntries, leader elected after 5150ms
2023-03-29 22:47:03,768 [3991cbd9-9568-4ba2-a189-55b02b3736d1@group-A658A6E1FF8A-SegmentedRaftLogWorker] INFO  segmented.SegmentedRaftLogWorker (SegmentedRaftLogWorker.java:execute(656)) - 3991cbd9-9568-4ba2-a189-55b02b3736d1@group-A658A6E1FF8A-SegmentedRaftLogWorker: created new log segment /home/runner/work/ozone/ozone/hadoop-ozone/integration-test/target/test-dir/MiniOzoneClusterImpl-bfbd9018-35f1-41c4-9115-0ebbd4040a15/datanode-2/data/ratis/3bf05c91-3e82-42f2-8b7b-a658a6e1ff8a/current/log_inprogress_0
2023-03-29 22:47:03,777 [a1c822f6-de87-4a46-a736-590ef3e07c50-server-thread2] INFO  server.RaftServer$Division (ServerState.java:setRaftConf(430)) - a1c822f6-de87-4a46-a736-590ef3e07c50@group-A658A6E1FF8A: set configuration 0: peers:[3a6183d8-7ae2-4fce-bc35-bf6e610ba6f7|rpc:10.1.0.40:46779|dataStream:10.1.0.40:35681|priority:1|startupRole:FOLLOWER, 3991cbd9-9568-4ba2-a189-55b02b3736d1|rpc:10.1.0.40:39489|dataStream:10.1.0.40:35317|priority:0|startupRole:FOLLOWER, a1c822f6-de87-4a46-a736-590ef3e07c50|rpc:10.1.0.40:46211|dataStream:10.1.0.40:46071|priority:0|startupRole:FOLLOWER]|listeners:[], old=null
2023-03-29 22:47:03,777 [a1c822f6-de87-4a46-a736-590ef3e07c50-server-thread2] INFO  segmented.SegmentedRaftLogWorker (SegmentedRaftLogWorker.java:startLogSegment(452)) - a1c822f6-de87-4a46-a736-590ef3e07c50@group-A658A6E1FF8A-SegmentedRaftLogWorker: Starting segment from index:0
2023-03-29 22:47:03,779 [a1c822f6-de87-4a46-a736-590ef3e07c50@group-A658A6E1FF8A-SegmentedRaftLogWorker] INFO  segmented.SegmentedRaftLogWorker (SegmentedRaftLogWorker.java:execute(656)) - a1c822f6-de87-4a46-a736-590ef3e07c50@group-A658A6E1FF8A-SegmentedRaftLogWorker: created new log segment /home/runner/work/ozone/ozone/hadoop-ozone/integration-test/target/test-dir/MiniOzoneClusterImpl-bfbd9018-35f1-41c4-9115-0ebbd4040a15/datanode-0/data/ratis/3bf05c91-3e82-42f2-8b7b-a658a6e1ff8a/current/log_inprogress_0
2023-03-29 22:47:03,881 [3a6183d8-7ae2-4fce-bc35-bf6e610ba6f7@group-FACE9333C8E8-FollowerState] INFO  impl.FollowerState (FollowerState.java:run(143)) - 3a6183d8-7ae2-4fce-bc35-bf6e610ba6f7@group-FACE9333C8E8-FollowerState: change to CANDIDATE, lastRpcElapsedTime:5077568856ns, electionTimeout:5077ms
2023-03-29 22:47:03,881 [3a6183d8-7ae2-4fce-bc35-bf6e610ba6f7@group-FACE9333C8E8-FollowerState] INFO  impl.RoleInfo (RoleInfo.java:shutdownFollowerState(110)) - 3a6183d8-7ae2-4fce-bc35-bf6e610ba6f7: shutdown 3a6183d8-7ae2-4fce-bc35-bf6e610ba6f7@group-FACE9333C8E8-FollowerState
2023-03-29 22:47:03,881 [3991cbd9-9568-4ba2-a189-55b02b3736d1@group-FACE9333C8E8-FollowerState] INFO  impl.FollowerState (FollowerState.java:run(143)) - 3991cbd9-9568-4ba2-a189-55b02b3736d1@group-FACE9333C8E8-FollowerState: change to CANDIDATE, lastRpcElapsedTime:5035532961ns, electionTimeout:5031ms
2023-03-29 22:47:03,881 [3a6183d8-7ae2-4fce-bc35-bf6e610ba6f7@group-FACE9333C8E8-FollowerState] INFO  server.RaftServer$Division (RaftServerImpl.java:setRole(321)) - 3a6183d8-7ae2-4fce-bc35-bf6e610ba6f7@group-FACE9333C8E8: changes role from  FOLLOWER to CANDIDATE at term 0 for changeToCandidate
2023-03-29 22:47:03,881 [3991cbd9-9568-4ba2-a189-55b02b3736d1@group-FACE9333C8E8-FollowerState] INFO  impl.RoleInfo (RoleInfo.java:shutdownFollowerState(110)) - 3991cbd9-9568-4ba2-a189-55b02b3736d1: shutdown 3991cbd9-9568-4ba2-a189-55b02b3736d1@group-FACE9333C8E8-FollowerState
2023-03-29 22:47:03,881 [3a6183d8-7ae2-4fce-bc35-bf6e610ba6f7@group-FACE9333C8E8-FollowerState] INFO  server.RaftServerConfigKeys (ConfUtils.java:logGet(46)) - raft.server.leaderelection.pre-vote = true (default)
2023-03-29 22:47:03,882 [3991cbd9-9568-4ba2-a189-55b02b3736d1@group-FACE9333C8E8-FollowerState] INFO  server.RaftServer$Division (RaftServerImpl.java:setRole(321)) - 3991cbd9-9568-4ba2-a189-55b02b3736d1@group-FACE9333C8E8: changes role from  FOLLOWER to CANDIDATE at term 0 for changeToCandidate
2023-03-29 22:47:03,882 [3a6183d8-7ae2-4fce-bc35-bf6e610ba6f7@group-FACE9333C8E8-FollowerState] INFO  impl.RoleInfo (RoleInfo.java:updateAndGet(139)) - 3a6183d8-7ae2-4fce-bc35-bf6e610ba6f7: start 3a6183d8-7ae2-4fce-bc35-bf6e610ba6f7@group-FACE9333C8E8-LeaderElection18
2023-03-29 22:47:03,882 [3991cbd9-9568-4ba2-a189-55b02b3736d1@group-FACE9333C8E8-FollowerState] INFO  server.RaftServerConfigKeys (ConfUtils.java:logGet(46)) - raft.server.leaderelection.pre-vote = true (default)
2023-03-29 22:47:03,882 [3991cbd9-9568-4ba2-a189-55b02b3736d1@group-FACE9333C8E8-FollowerState] INFO  impl.RoleInfo (RoleInfo.java:updateAndGet(139)) - 3991cbd9-9568-4ba2-a189-55b02b3736d1: start 3991cbd9-9568-4ba2-a189-55b02b3736d1@group-FACE9333C8E8-LeaderElection19
2023-03-29 22:47:03,888 [3991cbd9-9568-4ba2-a189-55b02b3736d1@group-FACE9333C8E8-LeaderElection19] INFO  impl.LeaderElection (LeaderElection.java:askForVotes(312)) - 3991cbd9-9568-4ba2-a189-55b02b3736d1@group-FACE9333C8E8-LeaderElection19 PRE_VOTE round 0: submit vote requests at term 0 for -1: peers:[3a6183d8-7ae2-4fce-bc35-bf6e610ba6f7|rpc:10.1.0.40:46779|dataStream:10.1.0.40:35681|priority:0|startupRole:FOLLOWER, 3991cbd9-9568-4ba2-a189-55b02b3736d1|rpc:10.1.0.40:39489|dataStream:10.1.0.40:35317|priority:0|startupRole:FOLLOWER, a1c822f6-de87-4a46-a736-590ef3e07c50|rpc:10.1.0.40:46211|dataStream:10.1.0.40:46071|priority:1|startupRole:FOLLOWER]|listeners:[], old=null
2023-03-29 22:47:03,888 [3a6183d8-7ae2-4fce-bc35-bf6e610ba6f7@group-FACE9333C8E8-LeaderElection18] INFO  impl.LeaderElection (LeaderElection.java:askForVotes(312)) - 3a6183d8-7ae2-4fce-bc35-bf6e610ba6f7@group-FACE9333C8E8-LeaderElection18 PRE_VOTE round 0: submit vote requests at term 0 for -1: peers:[3a6183d8-7ae2-4fce-bc35-bf6e610ba6f7|rpc:10.1.0.40:46779|dataStream:10.1.0.40:35681|priority:0|startupRole:FOLLOWER, 3991cbd9-9568-4ba2-a189-55b02b3736d1|rpc:10.1.0.40:39489|dataStream:10.1.0.40:35317|priority:0|startupRole:FOLLOWER, a1c822f6-de87-4a46-a736-590ef3e07c50|rpc:10.1.0.40:46211|dataStream:10.1.0.40:46071|priority:1|startupRole:FOLLOWER]|listeners:[], old=null
2023-03-29 22:47:03,889 [3991cbd9-9568-4ba2-a189-55b02b3736d1@group-FACE9333C8E8-LeaderElection19-1] INFO  server.GrpcServerProtocolClient (GrpcServerProtocolClient.java:<init>(63)) - Build channel for 3a6183d8-7ae2-4fce-bc35-bf6e610ba6f7
2023-03-29 22:47:03,892 [grpc-default-executor-1] INFO  server.RaftServer$Division (RaftServerImpl.java:requestVote(1218)) - 3991cbd9-9568-4ba2-a189-55b02b3736d1@group-FACE9333C8E8: receive requestVote(PRE_VOTE, 3a6183d8-7ae2-4fce-bc35-bf6e610ba6f7, group-FACE9333C8E8, 0, (t:0, i:0))
2023-03-29 22:47:03,892 [grpc-default-executor-1] INFO  impl.VoteContext (VoteContext.java:log(49)) - 3991cbd9-9568-4ba2-a189-55b02b3736d1@group-FACE9333C8E8-CANDIDATE: accept PRE_VOTE from 3a6183d8-7ae2-4fce-bc35-bf6e610ba6f7: our priority 0 <= candidate's priority 0
2023-03-29 22:47:03,892 [grpc-default-executor-1] INFO  server.RaftServer$Division (RaftServerImpl.java:requestVote(1251)) - 3991cbd9-9568-4ba2-a189-55b02b3736d1@group-FACE9333C8E8 replies to PRE_VOTE vote request: 3a6183d8-7ae2-4fce-bc35-bf6e610ba6f7<-3991cbd9-9568-4ba2-a189-55b02b3736d1#0:OK-t0. Peer's state: 3991cbd9-9568-4ba2-a189-55b02b3736d1@group-FACE9333C8E8:t0, leader=null, voted=, raftlog=Memoized:3991cbd9-9568-4ba2-a189-55b02b3736d1@group-FACE9333C8E8-SegmentedRaftLog:OPENED:c-1, conf=-1: peers:[3a6183d8-7ae2-4fce-bc35-bf6e610ba6f7|rpc:10.1.0.40:46779|dataStream:10.1.0.40:35681|priority:0|startupRole:FOLLOWER, 3991cbd9-9568-4ba2-a189-55b02b3736d1|rpc:10.1.0.40:39489|dataStream:10.1.0.40:35317|priority:0|startupRole:FOLLOWER, a1c822f6-de87-4a46-a736-590ef3e07c50|rpc:10.1.0.40:46211|dataStream:10.1.0.40:46071|priority:1|startupRole:FOLLOWER]|listeners:[], old=null
2023-03-29 22:47:03,900 [3991cbd9-9568-4ba2-a189-55b02b3736d1@group-FACE9333C8E8-LeaderElection19] INFO  server.RaftServerConfigKeys (ConfUtils.java:logFallback(53)) - raft.server.rpc.first-election.timeout.min = 5s (fallback to raft.server.rpc.timeout.min)
2023-03-29 22:47:03,900 [3991cbd9-9568-4ba2-a189-55b02b3736d1@group-FACE9333C8E8-LeaderElection19] INFO  server.RaftServerConfigKeys (ConfUtils.java:logFallback(53)) - raft.server.rpc.first-election.timeout.max = 5200ms (fallback to raft.server.rpc.timeout.max)
2023-03-29 22:47:03,901 [3991cbd9-9568-4ba2-a189-55b02b3736d1@group-FACE9333C8E8-LeaderElection19-2] INFO  server.GrpcServerProtocolClient (GrpcServerProtocolClient.java:<init>(63)) - Build channel for a1c822f6-de87-4a46-a736-590ef3e07c50
2023-03-29 22:47:03,902 [3a6183d8-7ae2-4fce-bc35-bf6e610ba6f7@group-FACE9333C8E8-LeaderElection18] INFO  server.RaftServerConfigKeys (ConfUtils.java:logFallback(53)) - raft.server.rpc.first-election.timeout.min = 5s (fallback to raft.server.rpc.timeout.min)
2023-03-29 22:47:03,902 [3a6183d8-7ae2-4fce-bc35-bf6e610ba6f7@group-FACE9333C8E8-LeaderElection18] INFO  server.RaftServerConfigKeys (ConfUtils.java:logFallback(53)) - raft.server.rpc.first-election.timeout.max = 5200ms (fallback to raft.server.rpc.timeout.max)
2023-03-29 22:47:03,904 [grpc-default-executor-1] INFO  server.RaftServer$Division (RaftServerImpl.java:requestVote(1218)) - 3a6183d8-7ae2-4fce-bc35-bf6e610ba6f7@group-FACE9333C8E8: receive requestVote(PRE_VOTE, 3991cbd9-9568-4ba2-a189-55b02b3736d1, group-FACE9333C8E8, 0, (t:0, i:0))
2023-03-29 22:47:03,904 [grpc-default-executor-1] INFO  impl.VoteContext (VoteContext.java:log(49)) - 3a6183d8-7ae2-4fce-bc35-bf6e610ba6f7@group-FACE9333C8E8-CANDIDATE: accept PRE_VOTE from 3991cbd9-9568-4ba2-a189-55b02b3736d1: our priority 0 <= candidate's priority 0
2023-03-29 22:47:03,905 [grpc-default-executor-1] INFO  server.RaftServer$Division (RaftServerImpl.java:requestVote(1251)) - 3a6183d8-7ae2-4fce-bc35-bf6e610ba6f7@group-FACE9333C8E8 replies to PRE_VOTE vote request: 3991cbd9-9568-4ba2-a189-55b02b3736d1<-3a6183d8-7ae2-4fce-bc35-bf6e610ba6f7#0:OK-t0. Peer's state: 3a6183d8-7ae2-4fce-bc35-bf6e610ba6f7@group-FACE9333C8E8:t0, leader=null, voted=, raftlog=Memoized:3a6183d8-7ae2-4fce-bc35-bf6e610ba6f7@group-FACE9333C8E8-SegmentedRaftLog:OPENED:c-1, conf=-1: peers:[3a6183d8-7ae2-4fce-bc35-bf6e610ba6f7|rpc:10.1.0.40:46779|dataStream:10.1.0.40:35681|priority:0|startupRole:FOLLOWER, 3991cbd9-9568-4ba2-a189-55b02b3736d1|rpc:10.1.0.40:39489|dataStream:10.1.0.40:35317|priority:0|startupRole:FOLLOWER, a1c822f6-de87-4a46-a736-590ef3e07c50|rpc:10.1.0.40:46211|dataStream:10.1.0.40:46071|priority:1|startupRole:FOLLOWER]|listeners:[], old=null
2023-03-29 22:47:03,906 [grpc-default-executor-1] INFO  server.RaftServer$Division (RaftServerImpl.java:requestVote(1218)) - a1c822f6-de87-4a46-a736-590ef3e07c50@group-FACE9333C8E8: receive requestVote(PRE_VOTE, 3a6183d8-7ae2-4fce-bc35-bf6e610ba6f7, group-FACE9333C8E8, 0, (t:0, i:0))
2023-03-29 22:47:03,906 [grpc-default-executor-1] INFO  impl.VoteContext (VoteContext.java:log(49)) - a1c822f6-de87-4a46-a736-590ef3e07c50@group-FACE9333C8E8-FOLLOWER: reject PRE_VOTE from 3a6183d8-7ae2-4fce-bc35-bf6e610ba6f7: our priority 1 > candidate's priority 0
2023-03-29 22:47:03,906 [grpc-default-executor-1] INFO  server.RaftServer$Division (RaftServerImpl.java:requestVote(1251)) - a1c822f6-de87-4a46-a736-590ef3e07c50@group-FACE9333C8E8 replies to PRE_VOTE vote request: 3a6183d8-7ae2-4fce-bc35-bf6e610ba6f7<-a1c822f6-de87-4a46-a736-590ef3e07c50#0:FAIL-t0. Peer's state: a1c822f6-de87-4a46-a736-590ef3e07c50@group-FACE9333C8E8:t0, leader=null, voted=, raftlog=Memoized:a1c822f6-de87-4a46-a736-590ef3e07c50@group-FACE9333C8E8-SegmentedRaftLog:OPENED:c-1, conf=-1: peers:[3a6183d8-7ae2-4fce-bc35-bf6e610ba6f7|rpc:10.1.0.40:46779|dataStream:10.1.0.40:35681|priority:0|startupRole:FOLLOWER, 3991cbd9-9568-4ba2-a189-55b02b3736d1|rpc:10.1.0.40:39489|dataStream:10.1.0.40:35317|priority:0|startupRole:FOLLOWER, a1c822f6-de87-4a46-a736-590ef3e07c50|rpc:10.1.0.40:46211|dataStream:10.1.0.40:46071|priority:1|startupRole:FOLLOWER]|listeners:[], old=null
2023-03-29 22:47:03,911 [a1c822f6-de87-4a46-a736-590ef3e07c50@group-FACE9333C8E8-FollowerState] INFO  impl.FollowerState (FollowerState.java:run(143)) - a1c822f6-de87-4a46-a736-590ef3e07c50@group-FACE9333C8E8-FollowerState: change to CANDIDATE, lastRpcElapsedTime:5202911697ns, electionTimeout:5200ms
2023-03-29 22:47:03,912 [a1c822f6-de87-4a46-a736-590ef3e07c50@group-FACE9333C8E8-FollowerState] INFO  impl.RoleInfo (RoleInfo.java:shutdownFollowerState(110)) - a1c822f6-de87-4a46-a736-590ef3e07c50: shutdown a1c822f6-de87-4a46-a736-590ef3e07c50@group-FACE9333C8E8-FollowerState
2023-03-29 22:47:03,912 [a1c822f6-de87-4a46-a736-590ef3e07c50@group-FACE9333C8E8-FollowerState] INFO  server.RaftServer$Division (RaftServerImpl.java:setRole(321)) - a1c822f6-de87-4a46-a736-590ef3e07c50@group-FACE9333C8E8: changes role from  FOLLOWER to CANDIDATE at term 0 for changeToCandidate
2023-03-29 22:47:03,912 [a1c822f6-de87-4a46-a736-590ef3e07c50@group-FACE9333C8E8-FollowerState] INFO  server.RaftServerConfigKeys (ConfUtils.java:logGet(46)) - raft.server.leaderelection.pre-vote = true (default)
2023-03-29 22:47:03,912 [a1c822f6-de87-4a46-a736-590ef3e07c50@group-FACE9333C8E8-FollowerState] INFO  impl.RoleInfo (RoleInfo.java:updateAndGet(139)) - a1c822f6-de87-4a46-a736-590ef3e07c50: start a1c822f6-de87-4a46-a736-590ef3e07c50@group-FACE9333C8E8-LeaderElection20
2023-03-29 22:47:03,915 [grpc-default-executor-1] INFO  server.RaftServer$Division (RaftServerImpl.java:requestVote(1218)) - a1c822f6-de87-4a46-a736-590ef3e07c50@group-FACE9333C8E8: receive requestVote(PRE_VOTE, 3991cbd9-9568-4ba2-a189-55b02b3736d1, group-FACE9333C8E8, 0, (t:0, i:0))
2023-03-29 22:47:03,915 [grpc-default-executor-1] INFO  impl.VoteContext (VoteContext.java:log(49)) - a1c822f6-de87-4a46-a736-590ef3e07c50@group-FACE9333C8E8-CANDIDATE: reject PRE_VOTE from 3991cbd9-9568-4ba2-a189-55b02b3736d1: our priority 1 > candidate's priority 0
2023-03-29 22:47:03,915 [grpc-default-executor-1] INFO  server.RaftServer$Division (RaftServerImpl.java:requestVote(1251)) - a1c822f6-de87-4a46-a736-590ef3e07c50@group-FACE9333C8E8 replies to PRE_VOTE vote request: 3991cbd9-9568-4ba2-a189-55b02b3736d1<-a1c822f6-de87-4a46-a736-590ef3e07c50#0:FAIL-t0. Peer's state: a1c822f6-de87-4a46-a736-590ef3e07c50@group-FACE9333C8E8:t0, leader=null, voted=, raftlog=Memoized:a1c822f6-de87-4a46-a736-590ef3e07c50@group-FACE9333C8E8-SegmentedRaftLog:OPENED:c-1, conf=-1: peers:[3a6183d8-7ae2-4fce-bc35-bf6e610ba6f7|rpc:10.1.0.40:46779|dataStream:10.1.0.40:35681|priority:0|startupRole:FOLLOWER, 3991cbd9-9568-4ba2-a189-55b02b3736d1|rpc:10.1.0.40:39489|dataStream:10.1.0.40:35317|priority:0|startupRole:FOLLOWER, a1c822f6-de87-4a46-a736-590ef3e07c50|rpc:10.1.0.40:46211|dataStream:10.1.0.40:46071|priority:1|startupRole:FOLLOWER]|listeners:[], old=null
2023-03-29 22:47:03,916 [3991cbd9-9568-4ba2-a189-55b02b3736d1@group-FACE9333C8E8-LeaderElection19] INFO  impl.LeaderElection (LeaderElection.java:logAndReturn(90)) - 3991cbd9-9568-4ba2-a189-55b02b3736d1@group-FACE9333C8E8-LeaderElection19: PRE_VOTE REJECTED received 2 response(s) and 0 exception(s):
2023-03-29 22:47:03,916 [3991cbd9-9568-4ba2-a189-55b02b3736d1@group-FACE9333C8E8-LeaderElection19] INFO  impl.LeaderElection (LeaderElection.java:logAndReturn(94)) -   Response 0: 3991cbd9-9568-4ba2-a189-55b02b3736d1<-3a6183d8-7ae2-4fce-bc35-bf6e610ba6f7#0:OK-t0
2023-03-29 22:47:03,916 [3991cbd9-9568-4ba2-a189-55b02b3736d1@group-FACE9333C8E8-LeaderElection19] INFO  impl.LeaderElection (LeaderElection.java:logAndReturn(94)) -   Response 1: 3991cbd9-9568-4ba2-a189-55b02b3736d1<-a1c822f6-de87-4a46-a736-590ef3e07c50#0:FAIL-t0
2023-03-29 22:47:03,916 [3991cbd9-9568-4ba2-a189-55b02b3736d1@group-FACE9333C8E8-LeaderElection19] INFO  impl.LeaderElection (LeaderElection.java:askForVotes(314)) - 3991cbd9-9568-4ba2-a189-55b02b3736d1@group-FACE9333C8E8-LeaderElection19 PRE_VOTE round 0: result REJECTED
2023-03-29 22:47:03,916 [3991cbd9-9568-4ba2-a189-55b02b3736d1@group-FACE9333C8E8-LeaderElection19] INFO  server.RaftServer$Division (RaftServerImpl.java:setRole(321)) - 3991cbd9-9568-4ba2-a189-55b02b3736d1@group-FACE9333C8E8: changes role from CANDIDATE to FOLLOWER at term 0 for REJECTED
2023-03-29 22:47:03,916 [3991cbd9-9568-4ba2-a189-55b02b3736d1@group-FACE9333C8E8-LeaderElection19] INFO  impl.RoleInfo (RoleInfo.java:shutdownLeaderElection(130)) - 3991cbd9-9568-4ba2-a189-55b02b3736d1: shutdown 3991cbd9-9568-4ba2-a189-55b02b3736d1@group-FACE9333C8E8-LeaderElection19
2023-03-29 22:47:03,916 [3991cbd9-9568-4ba2-a189-55b02b3736d1@group-FACE9333C8E8-LeaderElection19] INFO  impl.RoleInfo (RoleInfo.java:updateAndGet(139)) - 3991cbd9-9568-4ba2-a189-55b02b3736d1: start 3991cbd9-9568-4ba2-a189-55b02b3736d1@group-FACE9333C8E8-FollowerState
2023-03-29 22:47:03,917 [a1c822f6-de87-4a46-a736-590ef3e07c50@group-FACE9333C8E8-LeaderElection20] INFO  impl.LeaderElection (LeaderElection.java:askForVotes(312)) - a1c822f6-de87-4a46-a736-590ef3e07c50@group-FACE9333C8E8-LeaderElection20 PRE_VOTE round 0: submit vote requests at term 0 for -1: peers:[3a6183d8-7ae2-4fce-bc35-bf6e610ba6f7|rpc:10.1.0.40:46779|dataStream:10.1.0.40:35681|priority:0|startupRole:FOLLOWER, 3991cbd9-9568-4ba2-a189-55b02b3736d1|rpc:10.1.0.40:39489|dataStream:10.1.0.40:35317|priority:0|startupRole:FOLLOWER, a1c822f6-de87-4a46-a736-590ef3e07c50|rpc:10.1.0.40:46211|dataStream:10.1.0.40:46071|priority:1|startupRole:FOLLOWER]|listeners:[], old=null
2023-03-29 22:47:03,918 [3991cbd9-9568-4ba2-a189-55b02b3736d1@group-FACE9333C8E8-FollowerState] INFO  server.RaftServerConfigKeys (ConfUtils.java:logFallback(53)) - raft.server.rpc.first-election.timeout.min = 5s (fallback to raft.server.rpc.timeout.min)
2023-03-29 22:47:03,918 [3991cbd9-9568-4ba2-a189-55b02b3736d1@group-FACE9333C8E8-FollowerState] INFO  server.RaftServerConfigKeys (ConfUtils.java:logFallback(53)) - raft.server.rpc.first-election.timeout.max = 5200ms (fallback to raft.server.rpc.timeout.max)
2023-03-29 22:47:03,918 [a1c822f6-de87-4a46-a736-590ef3e07c50@group-FACE9333C8E8-LeaderElection20-1] INFO  server.GrpcServerProtocolClient (GrpcServerProtocolClient.java:<init>(63)) - Build channel for 3a6183d8-7ae2-4fce-bc35-bf6e610ba6f7
2023-03-29 22:47:03,920 [a1c822f6-de87-4a46-a736-590ef3e07c50@group-FACE9333C8E8-LeaderElection20] INFO  server.RaftServerConfigKeys (ConfUtils.java:logFallback(53)) - raft.server.rpc.first-election.timeout.min = 5s (fallback to raft.server.rpc.timeout.min)
2023-03-29 22:47:03,920 [a1c822f6-de87-4a46-a736-590ef3e07c50@group-FACE9333C8E8-LeaderElection20] INFO  server.RaftServerConfigKeys (ConfUtils.java:logFallback(53)) - raft.server.rpc.first-election.timeout.max = 5200ms (fallback to raft.server.rpc.timeout.max)
2023-03-29 22:47:03,920 [a1c822f6-de87-4a46-a736-590ef3e07c50@group-FACE9333C8E8-LeaderElection20-2] INFO  server.GrpcServerProtocolClient (GrpcServerProtocolClient.java:<init>(63)) - Build channel for 3991cbd9-9568-4ba2-a189-55b02b3736d1
2023-03-29 22:47:03,926 [3a6183d8-7ae2-4fce-bc35-bf6e610ba6f7@group-FACE9333C8E8-LeaderElection18] INFO  impl.LeaderElection (LeaderElection.java:logAndReturn(90)) - 3a6183d8-7ae2-4fce-bc35-bf6e610ba6f7@group-FACE9333C8E8-LeaderElection18: PRE_VOTE REJECTED received 2 response(s) and 0 exception(s):
2023-03-29 22:47:03,926 [3a6183d8-7ae2-4fce-bc35-bf6e610ba6f7@group-FACE9333C8E8-LeaderElection18] INFO  impl.LeaderElection (LeaderElection.java:logAndReturn(94)) -   Response 0: 3a6183d8-7ae2-4fce-bc35-bf6e610ba6f7<-3991cbd9-9568-4ba2-a189-55b02b3736d1#0:OK-t0
2023-03-29 22:47:03,926 [3a6183d8-7ae2-4fce-bc35-bf6e610ba6f7@group-FACE9333C8E8-LeaderElection18] INFO  impl.LeaderElection (LeaderElection.java:logAndReturn(94)) -   Response 1: 3a6183d8-7ae2-4fce-bc35-bf6e610ba6f7<-a1c822f6-de87-4a46-a736-590ef3e07c50#0:FAIL-t0
2023-03-29 22:47:03,926 [3a6183d8-7ae2-4fce-bc35-bf6e610ba6f7@group-FACE9333C8E8-LeaderElection18] INFO  impl.LeaderElection (LeaderElection.java:askForVotes(314)) - 3a6183d8-7ae2-4fce-bc35-bf6e610ba6f7@group-FACE9333C8E8-LeaderElection18 PRE_VOTE round 0: result REJECTED
2023-03-29 22:47:03,926 [3a6183d8-7ae2-4fce-bc35-bf6e610ba6f7@group-FACE9333C8E8-LeaderElection18] INFO  server.RaftServer$Division (RaftServerImpl.java:setRole(321)) - 3a6183d8-7ae2-4fce-bc35-bf6e610ba6f7@group-FACE9333C8E8: changes role from CANDIDATE to FOLLOWER at term 0 for REJECTED
2023-03-29 22:47:03,927 [3a6183d8-7ae2-4fce-bc35-bf6e610ba6f7@group-FACE9333C8E8-LeaderElection18] INFO  impl.RoleInfo (RoleInfo.java:shutdownLeaderElection(130)) - 3a6183d8-7ae2-4fce-bc35-bf6e610ba6f7: shutdown 3a6183d8-7ae2-4fce-bc35-bf6e610ba6f7@group-FACE9333C8E8-LeaderElection18
2023-03-29 22:47:03,927 [3a6183d8-7ae2-4fce-bc35-bf6e610ba6f7@group-FACE9333C8E8-LeaderElection18] INFO  impl.RoleInfo (RoleInfo.java:updateAndGet(139)) - 3a6183d8-7ae2-4fce-bc35-bf6e610ba6f7: start 3a6183d8-7ae2-4fce-bc35-bf6e610ba6f7@group-FACE9333C8E8-FollowerState
2023-03-29 22:47:03,930 [grpc-default-executor-1] INFO  server.RaftServer$Division (RaftServerImpl.java:requestVote(1218)) - 3a6183d8-7ae2-4fce-bc35-bf6e610ba6f7@group-FACE9333C8E8: receive requestVote(PRE_VOTE, a1c822f6-de87-4a46-a736-590ef3e07c50, group-FACE9333C8E8, 0, (t:0, i:0))
2023-03-29 22:47:03,930 [grpc-default-executor-1] INFO  impl.VoteContext (VoteContext.java:log(49)) - 3a6183d8-7ae2-4fce-bc35-bf6e610ba6f7@group-FACE9333C8E8-FOLLOWER: accept PRE_VOTE from a1c822f6-de87-4a46-a736-590ef3e07c50: our priority 0 <= candidate's priority 1
2023-03-29 22:47:03,930 [grpc-default-executor-1] INFO  server.RaftServer$Division (RaftServerImpl.java:requestVote(1251)) - 3a6183d8-7ae2-4fce-bc35-bf6e610ba6f7@group-FACE9333C8E8 replies to PRE_VOTE vote request: a1c822f6-de87-4a46-a736-590ef3e07c50<-3a6183d8-7ae2-4fce-bc35-bf6e610ba6f7#0:OK-t0. Peer's state: 3a6183d8-7ae2-4fce-bc35-bf6e610ba6f7@group-FACE9333C8E8:t0, leader=null, voted=, raftlog=Memoized:3a6183d8-7ae2-4fce-bc35-bf6e610ba6f7@group-FACE9333C8E8-SegmentedRaftLog:OPENED:c-1, conf=-1: peers:[3a6183d8-7ae2-4fce-bc35-bf6e610ba6f7|rpc:10.1.0.40:46779|dataStream:10.1.0.40:35681|priority:0|startupRole:FOLLOWER, 3991cbd9-9568-4ba2-a189-55b02b3736d1|rpc:10.1.0.40:39489|dataStream:10.1.0.40:35317|priority:0|startupRole:FOLLOWER, a1c822f6-de87-4a46-a736-590ef3e07c50|rpc:10.1.0.40:46211|dataStream:10.1.0.40:46071|priority:1|startupRole:FOLLOWER]|listeners:[], old=null
2023-03-29 22:47:03,931 [a1c822f6-de87-4a46-a736-590ef3e07c50@group-FACE9333C8E8-LeaderElection20] INFO  impl.LeaderElection (LeaderElection.java:logAndReturn(90)) - a1c822f6-de87-4a46-a736-590ef3e07c50@group-FACE9333C8E8-LeaderElection20: PRE_VOTE PASSED received 1 response(s) and 0 exception(s):
2023-03-29 22:47:03,931 [a1c822f6-de87-4a46-a736-590ef3e07c50@group-FACE9333C8E8-LeaderElection20] INFO  impl.LeaderElection (LeaderElection.java:logAndReturn(94)) -   Response 0: a1c822f6-de87-4a46-a736-590ef3e07c50<-3a6183d8-7ae2-4fce-bc35-bf6e610ba6f7#0:OK-t0
2023-03-29 22:47:03,931 [a1c822f6-de87-4a46-a736-590ef3e07c50@group-FACE9333C8E8-LeaderElection20] INFO  impl.LeaderElection (LeaderElection.java:askForVotes(314)) - a1c822f6-de87-4a46-a736-590ef3e07c50@group-FACE9333C8E8-LeaderElection20 PRE_VOTE round 0: result PASSED
2023-03-29 22:47:03,931 [3a6183d8-7ae2-4fce-bc35-bf6e610ba6f7@group-FACE9333C8E8-FollowerState] INFO  server.RaftServerConfigKeys (ConfUtils.java:logFallback(53)) - raft.server.rpc.first-election.timeout.min = 5s (fallback to raft.server.rpc.timeout.min)
2023-03-29 22:47:03,932 [3a6183d8-7ae2-4fce-bc35-bf6e610ba6f7@group-FACE9333C8E8-FollowerState] INFO  server.RaftServerConfigKeys (ConfUtils.java:logFallback(53)) - raft.server.rpc.first-election.timeout.max = 5200ms (fallback to raft.server.rpc.timeout.max)
2023-03-29 22:47:03,932 [grpc-default-executor-1] INFO  server.RaftServer$Division (RaftServerImpl.java:requestVote(1218)) - 3991cbd9-9568-4ba2-a189-55b02b3736d1@group-FACE9333C8E8: receive requestVote(PRE_VOTE, a1c822f6-de87-4a46-a736-590ef3e07c50, group-FACE9333C8E8, 0, (t:0, i:0))
2023-03-29 22:47:03,932 [grpc-default-executor-1] INFO  impl.VoteContext (VoteContext.java:log(49)) - 3991cbd9-9568-4ba2-a189-55b02b3736d1@group-FACE9333C8E8-FOLLOWER: accept PRE_VOTE from a1c822f6-de87-4a46-a736-590ef3e07c50: our priority 0 <= candidate's priority 1
2023-03-29 22:47:03,932 [grpc-default-executor-1] INFO  server.RaftServer$Division (RaftServerImpl.java:requestVote(1251)) - 3991cbd9-9568-4ba2-a189-55b02b3736d1@group-FACE9333C8E8 replies to PRE_VOTE vote request: a1c822f6-de87-4a46-a736-590ef3e07c50<-3991cbd9-9568-4ba2-a189-55b02b3736d1#0:OK-t0. Peer's state: 3991cbd9-9568-4ba2-a189-55b02b3736d1@group-FACE9333C8E8:t0, leader=null, voted=, raftlog=Memoized:3991cbd9-9568-4ba2-a189-55b02b3736d1@group-FACE9333C8E8-SegmentedRaftLog:OPENED:c-1, conf=-1: peers:[3a6183d8-7ae2-4fce-bc35-bf6e610ba6f7|rpc:10.1.0.40:46779|dataStream:10.1.0.40:35681|priority:0|startupRole:FOLLOWER, 3991cbd9-9568-4ba2-a189-55b02b3736d1|rpc:10.1.0.40:39489|dataStream:10.1.0.40:35317|priority:0|startupRole:FOLLOWER, a1c822f6-de87-4a46-a736-590ef3e07c50|rpc:10.1.0.40:46211|dataStream:10.1.0.40:46071|priority:1|startupRole:FOLLOWER]|listeners:[], old=null
2023-03-29 22:47:03,932 [a1c822f6-de87-4a46-a736-590ef3e07c50@group-FACE9333C8E8-LeaderElection20] INFO  impl.LeaderElection (LeaderElection.java:askForVotes(312)) - a1c822f6-de87-4a46-a736-590ef3e07c50@group-FACE9333C8E8-LeaderElection20 ELECTION round 0: submit vote requests at term 1 for -1: peers:[3a6183d8-7ae2-4fce-bc35-bf6e610ba6f7|rpc:10.1.0.40:46779|dataStream:10.1.0.40:35681|priority:0|startupRole:FOLLOWER, 3991cbd9-9568-4ba2-a189-55b02b3736d1|rpc:10.1.0.40:39489|dataStream:10.1.0.40:35317|priority:0|startupRole:FOLLOWER, a1c822f6-de87-4a46-a736-590ef3e07c50|rpc:10.1.0.40:46211|dataStream:10.1.0.40:46071|priority:1|startupRole:FOLLOWER]|listeners:[], old=null
2023-03-29 22:47:03,934 [grpc-default-executor-1] INFO  server.RaftServer$Division (RaftServerImpl.java:requestVote(1218)) - 3a6183d8-7ae2-4fce-bc35-bf6e610ba6f7@group-FACE9333C8E8: receive requestVote(ELECTION, a1c822f6-de87-4a46-a736-590ef3e07c50, group-FACE9333C8E8, 1, (t:0, i:0))
2023-03-29 22:47:03,935 [grpc-default-executor-1] INFO  impl.VoteContext (VoteContext.java:log(49)) - 3a6183d8-7ae2-4fce-bc35-bf6e610ba6f7@group-FACE9333C8E8-FOLLOWER: accept ELECTION from a1c822f6-de87-4a46-a736-590ef3e07c50: our priority 0 <= candidate's priority 1
2023-03-29 22:47:03,935 [grpc-default-executor-1] INFO  server.RaftServer$Division (RaftServerImpl.java:setRole(321)) - 3a6183d8-7ae2-4fce-bc35-bf6e610ba6f7@group-FACE9333C8E8: changes role from  FOLLOWER to FOLLOWER at term 1 for candidate:a1c822f6-de87-4a46-a736-590ef3e07c50
2023-03-29 22:47:03,935 [grpc-default-executor-1] INFO  impl.RoleInfo (RoleInfo.java:shutdownFollowerState(110)) - 3a6183d8-7ae2-4fce-bc35-bf6e610ba6f7: shutdown 3a6183d8-7ae2-4fce-bc35-bf6e610ba6f7@group-FACE9333C8E8-FollowerState
2023-03-29 22:47:03,937 [a1c822f6-de87-4a46-a736-590ef3e07c50@group-FACE9333C8E8-LeaderElection20] INFO  server.RaftServerConfigKeys (ConfUtils.java:logFallback(53)) - raft.server.rpc.first-election.timeout.min = 5s (fallback to raft.server.rpc.timeout.min)
2023-03-29 22:47:03,937 [a1c822f6-de87-4a46-a736-590ef3e07c50@group-FACE9333C8E8-LeaderElection20] INFO  server.RaftServerConfigKeys (ConfUtils.java:logFallback(53)) - raft.server.rpc.first-election.timeout.max = 5200ms (fallback to raft.server.rpc.timeout.max)
2023-03-29 22:47:03,937 [grpc-default-executor-1] INFO  impl.RoleInfo (RoleInfo.java:updateAndGet(139)) - 3a6183d8-7ae2-4fce-bc35-bf6e610ba6f7: start 3a6183d8-7ae2-4fce-bc35-bf6e610ba6f7@group-FACE9333C8E8-FollowerState
2023-03-29 22:47:03,937 [3a6183d8-7ae2-4fce-bc35-bf6e610ba6f7@group-FACE9333C8E8-FollowerState] INFO  server.RaftServerConfigKeys (ConfUtils.java:logFallback(53)) - raft.server.rpc.first-election.timeout.min = 5s (fallback to raft.server.rpc.timeout.min)
2023-03-29 22:47:03,937 [3a6183d8-7ae2-4fce-bc35-bf6e610ba6f7@group-FACE9333C8E8-FollowerState] INFO  server.RaftServerConfigKeys (ConfUtils.java:logFallback(53)) - raft.server.rpc.first-election.timeout.max = 5200ms (fallback to raft.server.rpc.timeout.max)
2023-03-29 22:47:03,938 [3a6183d8-7ae2-4fce-bc35-bf6e610ba6f7@group-FACE9333C8E8-FollowerState] INFO  impl.FollowerState (FollowerState.java:run(152)) - 3a6183d8-7ae2-4fce-bc35-bf6e610ba6f7@group-FACE9333C8E8-FollowerState was interrupted
2023-03-29 22:47:03,939 [grpc-default-executor-3] INFO  server.RaftServer$Division (RaftServerImpl.java:requestVote(1218)) - 3991cbd9-9568-4ba2-a189-55b02b3736d1@group-FACE9333C8E8: receive requestVote(ELECTION, a1c822f6-de87-4a46-a736-590ef3e07c50, group-FACE9333C8E8, 1, (t:0, i:0))
2023-03-29 22:47:03,939 [grpc-default-executor-3] INFO  impl.VoteContext (VoteContext.java:log(49)) - 3991cbd9-9568-4ba2-a189-55b02b3736d1@group-FACE9333C8E8-FOLLOWER: accept ELECTION from a1c822f6-de87-4a46-a736-590ef3e07c50: our priority 0 <= candidate's priority 1
2023-03-29 22:47:03,939 [grpc-default-executor-3] INFO  server.RaftServer$Division (RaftServerImpl.java:setRole(321)) - 3991cbd9-9568-4ba2-a189-55b02b3736d1@group-FACE9333C8E8: changes role from  FOLLOWER to FOLLOWER at term 1 for candidate:a1c822f6-de87-4a46-a736-590ef3e07c50
2023-03-29 22:47:03,939 [grpc-default-executor-3] INFO  impl.RoleInfo (RoleInfo.java:shutdownFollowerState(110)) - 3991cbd9-9568-4ba2-a189-55b02b3736d1: shutdown 3991cbd9-9568-4ba2-a189-55b02b3736d1@group-FACE9333C8E8-FollowerState
2023-03-29 22:47:03,939 [grpc-default-executor-3] INFO  impl.RoleInfo (RoleInfo.java:updateAndGet(139)) - 3991cbd9-9568-4ba2-a189-55b02b3736d1: start 3991cbd9-9568-4ba2-a189-55b02b3736d1@group-FACE9333C8E8-FollowerState
2023-03-29 22:47:03,939 [3991cbd9-9568-4ba2-a189-55b02b3736d1@group-FACE9333C8E8-FollowerState] INFO  impl.FollowerState (FollowerState.java:run(152)) - 3991cbd9-9568-4ba2-a189-55b02b3736d1@group-FACE9333C8E8-FollowerState was interrupted
2023-03-29 22:47:03,940 [grpc-default-executor-1] INFO  server.RaftServer$Division (RaftServerImpl.java:requestVote(1251)) - 3a6183d8-7ae2-4fce-bc35-bf6e610ba6f7@group-FACE9333C8E8 replies to ELECTION vote request: a1c822f6-de87-4a46-a736-590ef3e07c50<-3a6183d8-7ae2-4fce-bc35-bf6e610ba6f7#0:OK-t1. Peer's state: 3a6183d8-7ae2-4fce-bc35-bf6e610ba6f7@group-FACE9333C8E8:t1, leader=null, voted=a1c822f6-de87-4a46-a736-590ef3e07c50, raftlog=Memoized:3a6183d8-7ae2-4fce-bc35-bf6e610ba6f7@group-FACE9333C8E8-SegmentedRaftLog:OPENED:c-1, conf=-1: peers:[3a6183d8-7ae2-4fce-bc35-bf6e610ba6f7|rpc:10.1.0.40:46779|dataStream:10.1.0.40:35681|priority:0|startupRole:FOLLOWER, 3991cbd9-9568-4ba2-a189-55b02b3736d1|rpc:10.1.0.40:39489|dataStream:10.1.0.40:35317|priority:0|startupRole:FOLLOWER, a1c822f6-de87-4a46-a736-590ef3e07c50|rpc:10.1.0.40:46211|dataStream:10.1.0.40:46071|priority:1|startupRole:FOLLOWER]|listeners:[], old=null
2023-03-29 22:47:03,941 [a1c822f6-de87-4a46-a736-590ef3e07c50@group-FACE9333C8E8-LeaderElection20] INFO  impl.LeaderElection (LeaderElection.java:logAndReturn(90)) - a1c822f6-de87-4a46-a736-590ef3e07c50@group-FACE9333C8E8-LeaderElection20: ELECTION PASSED received 1 response(s) and 0 exception(s):
2023-03-29 22:47:03,941 [a1c822f6-de87-4a46-a736-590ef3e07c50@group-FACE9333C8E8-LeaderElection20] INFO  impl.LeaderElection (LeaderElection.java:logAndReturn(94)) -   Response 0: a1c822f6-de87-4a46-a736-590ef3e07c50<-3a6183d8-7ae2-4fce-bc35-bf6e610ba6f7#0:OK-t1
2023-03-29 22:47:03,947 [a1c822f6-de87-4a46-a736-590ef3e07c50@group-FACE9333C8E8-LeaderElection20] INFO  impl.LeaderElection (LeaderElection.java:askForVotes(314)) - a1c822f6-de87-4a46-a736-590ef3e07c50@group-FACE9333C8E8-LeaderElection20 ELECTION round 0: result PASSED
2023-03-29 22:47:03,947 [a1c822f6-de87-4a46-a736-590ef3e07c50@group-FACE9333C8E8-LeaderElection20] INFO  impl.RoleInfo (RoleInfo.java:shutdownLeaderElection(130)) - a1c822f6-de87-4a46-a736-590ef3e07c50: shutdown a1c822f6-de87-4a46-a736-590ef3e07c50@group-FACE9333C8E8-LeaderElection20
2023-03-29 22:47:03,947 [a1c822f6-de87-4a46-a736-590ef3e07c50@group-FACE9333C8E8-LeaderElection20] INFO  server.RaftServer$Division (RaftServerImpl.java:setRole(321)) - a1c822f6-de87-4a46-a736-590ef3e07c50@group-FACE9333C8E8: changes role from CANDIDATE to LEADER at term 1 for changeToLeader
2023-03-29 22:47:03,947 [a1c822f6-de87-4a46-a736-590ef3e07c50@group-FACE9333C8E8-LeaderElection20] INFO  ratis.XceiverServerRatis (XceiverServerRatis.java:handleLeaderChangedNotification(904)) - Leader change notification received for group: group-FACE9333C8E8 with new leaderId: a1c822f6-de87-4a46-a736-590ef3e07c50
2023-03-29 22:47:03,947 [a1c822f6-de87-4a46-a736-590ef3e07c50@group-FACE9333C8E8-LeaderElection20] INFO  server.RaftServer$Division (ServerState.java:setLeader(313)) - a1c822f6-de87-4a46-a736-590ef3e07c50@group-FACE9333C8E8: change Leader from null to a1c822f6-de87-4a46-a736-590ef3e07c50 at term 1 for becomeLeader, leader elected after 5250ms
2023-03-29 22:47:03,947 [a1c822f6-de87-4a46-a736-590ef3e07c50@group-FACE9333C8E8-LeaderElection20] INFO  server.RaftServerConfigKeys (ConfUtils.java:logGet(46)) - raft.server.staging.catchup.gap = 1000 (default)
2023-03-29 22:47:03,947 [a1c822f6-de87-4a46-a736-590ef3e07c50@group-FACE9333C8E8-LeaderElection20] INFO  server.RaftServerConfigKeys (ConfUtils.java:logGet(46)) - raft.server.write.element-limit = 1024 (custom)
2023-03-29 22:47:03,947 [a1c822f6-de87-4a46-a736-590ef3e07c50@group-FACE9333C8E8-LeaderElection20] INFO  server.RaftServerConfigKeys (ConfUtils.java:logGet(46)) - raft.server.write.byte-limit = 1024 M (=1073741824) (custom)
2023-03-29 22:47:03,947 [a1c822f6-de87-4a46-a736-590ef3e07c50@group-FACE9333C8E8-LeaderElection20] INFO  server.RaftServerConfigKeys (ConfUtils.java:logGet(46)) - raft.server.watch.timeout = 180s (custom)
2023-03-29 22:47:03,947 [a1c822f6-de87-4a46-a736-590ef3e07c50@group-FACE9333C8E8-LeaderElection20] INFO  server.RaftServerConfigKeys (ConfUtils.java:logGet(46)) - raft.server.watch.timeout.denomination = 1s (default)
2023-03-29 22:47:03,947 [a1c822f6-de87-4a46-a736-590ef3e07c50@group-FACE9333C8E8-LeaderElection20] INFO  server.RaftServerConfigKeys (ConfUtils.java:logGet(46)) - raft.server.watch.element-limit = 65536 (default)
2023-03-29 22:47:03,947 [a1c822f6-de87-4a46-a736-590ef3e07c50@group-FACE9333C8E8-LeaderElection20] INFO  server.RaftServerConfigKeys (ConfUtils.java:logGet(46)) - raft.server.write.element-limit = 1024 (custom)
2023-03-29 22:47:03,947 [a1c822f6-de87-4a46-a736-590ef3e07c50@group-FACE9333C8E8-LeaderElection20] INFO  server.RaftServerConfigKeys (ConfUtils.java:logGet(46)) - raft.server.write.follower.gap.ratio.max = -1.0 (default)
2023-03-29 22:47:03,948 [a1c822f6-de87-4a46-a736-590ef3e07c50@group-FACE9333C8E8-LeaderElection20] INFO  server.RaftServerConfigKeys (ConfUtils.java:logGet(46)) - raft.server.log.appender.snapshot.chunk.size.max = 16MB (=16777216) (default)
2023-03-29 22:47:03,948 [a1c822f6-de87-4a46-a736-590ef3e07c50@group-FACE9333C8E8-LeaderElection20] INFO  server.RaftServerConfigKeys (ConfUtils.java:logGet(46)) - raft.server.log.appender.buffer.byte-limit = 33554432 (custom)
2023-03-29 22:47:03,948 [a1c822f6-de87-4a46-a736-590ef3e07c50@group-FACE9333C8E8-LeaderElection20] INFO  server.RaftServerConfigKeys (ConfUtils.java:logGet(46)) - raft.server.log.appender.buffer.element-limit = 1 (custom)
2023-03-29 22:47:03,948 [a1c822f6-de87-4a46-a736-590ef3e07c50@group-FACE9333C8E8-LeaderElection20] INFO  grpc.GrpcConfigKeys (ConfUtils.java:logGet(46)) - raft.grpc.server.leader.outstanding.appends.max = 128 (default)
2023-03-29 22:47:03,948 [a1c822f6-de87-4a46-a736-590ef3e07c50@group-FACE9333C8E8-LeaderElection20] INFO  server.RaftServerConfigKeys (ConfUtils.java:logGet(46)) - raft.server.rpc.request.timeout = 60s (custom)
2023-03-29 22:47:03,948 [a1c822f6-de87-4a46-a736-590ef3e07c50@group-FACE9333C8E8-LeaderElection20] INFO  server.RaftServerConfigKeys (ConfUtils.java:logGet(46)) - raft.server.log.appender.install.snapshot.enabled = false (custom)
2023-03-29 22:47:03,948 [a1c822f6-de87-4a46-a736-590ef3e07c50@group-FACE9333C8E8-LeaderElection20] INFO  grpc.GrpcConfigKeys (ConfUtils.java:logGet(46)) - raft.grpc.server.heartbeat.channel = true (default)
2023-03-29 22:47:03,948 [a1c822f6-de87-4a46-a736-590ef3e07c50@group-FACE9333C8E8-LeaderElection20] INFO  server.RaftServerConfigKeys (ConfUtils.java:logGet(46)) - raft.server.log.appender.wait-time.min = 10ms (default)
2023-03-29 22:47:03,949 [a1c822f6-de87-4a46-a736-590ef3e07c50@group-FACE9333C8E8-LeaderElection20] INFO  server.RaftServerConfigKeys (ConfUtils.java:logGet(46)) - raft.server.log.appender.snapshot.chunk.size.max = 16MB (=16777216) (default)
2023-03-29 22:47:03,949 [a1c822f6-de87-4a46-a736-590ef3e07c50@group-FACE9333C8E8-LeaderElection20] INFO  server.RaftServerConfigKeys (ConfUtils.java:logGet(46)) - raft.server.log.appender.buffer.byte-limit = 33554432 (custom)
2023-03-29 22:47:03,949 [a1c822f6-de87-4a46-a736-590ef3e07c50@group-FACE9333C8E8-LeaderElection20] INFO  server.RaftServerConfigKeys (ConfUtils.java:logGet(46)) - raft.server.log.appender.buffer.element-limit = 1 (custom)
2023-03-29 22:47:03,949 [a1c822f6-de87-4a46-a736-590ef3e07c50@group-FACE9333C8E8-LeaderElection20] INFO  grpc.GrpcConfigKeys (ConfUtils.java:logGet(46)) - raft.grpc.server.leader.outstanding.appends.max = 128 (default)
2023-03-29 22:47:03,949 [a1c822f6-de87-4a46-a736-590ef3e07c50@group-FACE9333C8E8-LeaderElection20] INFO  server.RaftServerConfigKeys (ConfUtils.java:logGet(46)) - raft.server.rpc.request.timeout = 60s (custom)
2023-03-29 22:47:03,949 [a1c822f6-de87-4a46-a736-590ef3e07c50@group-FACE9333C8E8-LeaderElection20] INFO  server.RaftServerConfigKeys (ConfUtils.java:logGet(46)) - raft.server.log.appender.install.snapshot.enabled = false (custom)
2023-03-29 22:47:03,949 [a1c822f6-de87-4a46-a736-590ef3e07c50@group-FACE9333C8E8-LeaderElection20] INFO  grpc.GrpcConfigKeys (ConfUtils.java:logGet(46)) - raft.grpc.server.heartbeat.channel = true (default)
2023-03-29 22:47:03,949 [a1c822f6-de87-4a46-a736-590ef3e07c50@group-FACE9333C8E8-LeaderElection20] INFO  server.RaftServerConfigKeys (ConfUtils.java:logGet(46)) - raft.server.log.appender.wait-time.min = 10ms (default)
2023-03-29 22:47:03,949 [a1c822f6-de87-4a46-a736-590ef3e07c50@group-FACE9333C8E8-LeaderElection20] INFO  impl.RoleInfo (RoleInfo.java:updateAndGet(139)) - a1c822f6-de87-4a46-a736-590ef3e07c50: start a1c822f6-de87-4a46-a736-590ef3e07c50@group-FACE9333C8E8-LeaderStateImpl
2023-03-29 22:47:03,949 [a1c822f6-de87-4a46-a736-590ef3e07c50@group-FACE9333C8E8-LeaderElection20] INFO  segmented.SegmentedRaftLogWorker (SegmentedRaftLogWorker.java:startLogSegment(452)) - a1c822f6-de87-4a46-a736-590ef3e07c50@group-FACE9333C8E8-SegmentedRaftLogWorker: Starting segment from index:0
2023-03-29 22:47:03,951 [a1c822f6-de87-4a46-a736-590ef3e07c50@group-FACE9333C8E8-SegmentedRaftLogWorker] INFO  segmented.SegmentedRaftLogWorker (SegmentedRaftLogWorker.java:execute(656)) - a1c822f6-de87-4a46-a736-590ef3e07c50@group-FACE9333C8E8-SegmentedRaftLogWorker: created new log segment /home/runner/work/ozone/ozone/hadoop-ozone/integration-test/target/test-dir/MiniOzoneClusterImpl-bfbd9018-35f1-41c4-9115-0ebbd4040a15/datanode-0/data/ratis/945e2173-40d0-42b1-b6eb-face9333c8e8/current/log_inprogress_0
2023-03-29 22:47:03,951 [EventQueue-PipelineReportForPipelineReportHandler] INFO  pipeline.PipelineManagerImpl (PipelineManagerImpl.java:openPipeline(367)) - Pipeline Pipeline[ Id: 945e2173-40d0-42b1-b6eb-face9333c8e8, Nodes: 3a6183d8-7ae2-4fce-bc35-bf6e610ba6f7(fv-az377-460/10.1.0.40)3991cbd9-9568-4ba2-a189-55b02b3736d1(fv-az377-460/10.1.0.40)a1c822f6-de87-4a46-a736-590ef3e07c50(fv-az377-460/10.1.0.40), ReplicationConfig: RATIS/THREE, State:ALLOCATED, leaderId:a1c822f6-de87-4a46-a736-590ef3e07c50, CreationTimestamp2023-03-29T22:46:56.362Z[Etc/UTC]] moved to OPEN state
2023-03-29 22:47:03,954 [a1c822f6-de87-4a46-a736-590ef3e07c50@group-FACE9333C8E8-LeaderElection20] INFO  server.RaftServer$Division (ServerState.java:setRaftConf(430)) - a1c822f6-de87-4a46-a736-590ef3e07c50@group-FACE9333C8E8: set configuration 0: peers:[3a6183d8-7ae2-4fce-bc35-bf6e610ba6f7|rpc:10.1.0.40:46779|dataStream:10.1.0.40:35681|priority:0|startupRole:FOLLOWER, 3991cbd9-9568-4ba2-a189-55b02b3736d1|rpc:10.1.0.40:39489|dataStream:10.1.0.40:35317|priority:0|startupRole:FOLLOWER, a1c822f6-de87-4a46-a736-590ef3e07c50|rpc:10.1.0.40:46211|dataStream:10.1.0.40:46071|priority:1|startupRole:FOLLOWER]|listeners:[], old=null
2023-03-29 22:47:03,955 [grpc-default-executor-3] INFO  server.RaftServer$Division (RaftServerImpl.java:requestVote(1251)) - 3991cbd9-9568-4ba2-a189-55b02b3736d1@group-FACE9333C8E8 replies to ELECTION vote request: a1c822f6-de87-4a46-a736-590ef3e07c50<-3991cbd9-9568-4ba2-a189-55b02b3736d1#0:OK-t1. Peer's state: 3991cbd9-9568-4ba2-a189-55b02b3736d1@group-FACE9333C8E8:t1, leader=null, voted=a1c822f6-de87-4a46-a736-590ef3e07c50, raftlog=Memoized:3991cbd9-9568-4ba2-a189-55b02b3736d1@group-FACE9333C8E8-SegmentedRaftLog:OPENED:c-1, conf=-1: peers:[3a6183d8-7ae2-4fce-bc35-bf6e610ba6f7|rpc:10.1.0.40:46779|dataStream:10.1.0.40:35681|priority:0|startupRole:FOLLOWER, 3991cbd9-9568-4ba2-a189-55b02b3736d1|rpc:10.1.0.40:39489|dataStream:10.1.0.40:35317|priority:0|startupRole:FOLLOWER, a1c822f6-de87-4a46-a736-590ef3e07c50|rpc:10.1.0.40:46211|dataStream:10.1.0.40:46071|priority:1|startupRole:FOLLOWER]|listeners:[], old=null
2023-03-29 22:47:03,955 [3991cbd9-9568-4ba2-a189-55b02b3736d1@group-FACE9333C8E8-FollowerState] INFO  server.RaftServerConfigKeys (ConfUtils.java:logFallback(53)) - raft.server.rpc.first-election.timeout.min = 5s (fallback to raft.server.rpc.timeout.min)
2023-03-29 22:47:03,956 [3991cbd9-9568-4ba2-a189-55b02b3736d1@group-FACE9333C8E8-FollowerState] INFO  server.RaftServerConfigKeys (ConfUtils.java:logFallback(53)) - raft.server.rpc.first-election.timeout.max = 5200ms (fallback to raft.server.rpc.timeout.max)
2023-03-29 22:47:03,974 [3a6183d8-7ae2-4fce-bc35-bf6e610ba6f7-server-thread1] INFO  ratis.XceiverServerRatis (XceiverServerRatis.java:handleLeaderChangedNotification(904)) - Leader change notification received for group: group-FACE9333C8E8 with new leaderId: a1c822f6-de87-4a46-a736-590ef3e07c50
2023-03-29 22:47:03,974 [3a6183d8-7ae2-4fce-bc35-bf6e610ba6f7-server-thread1] INFO  server.RaftServer$Division (ServerState.java:setLeader(313)) - 3a6183d8-7ae2-4fce-bc35-bf6e610ba6f7@group-FACE9333C8E8: change Leader from null to a1c822f6-de87-4a46-a736-590ef3e07c50 at term 1 for appendEntries, leader elected after 5251ms
2023-03-29 22:47:03,974 [3991cbd9-9568-4ba2-a189-55b02b3736d1-server-thread2] INFO  ratis.XceiverServerRatis (XceiverServerRatis.java:handleLeaderChangedNotification(904)) - Leader change notification received for group: group-FACE9333C8E8 with new leaderId: a1c822f6-de87-4a46-a736-590ef3e07c50
2023-03-29 22:47:03,974 [3991cbd9-9568-4ba2-a189-55b02b3736d1-server-thread2] INFO  server.RaftServer$Division (ServerState.java:setLeader(313)) - 3991cbd9-9568-4ba2-a189-55b02b3736d1@group-FACE9333C8E8: change Leader from null to a1c822f6-de87-4a46-a736-590ef3e07c50 at term 1 for appendEntries, leader elected after 5156ms
2023-03-29 22:47:03,981 [3a6183d8-7ae2-4fce-bc35-bf6e610ba6f7-server-thread2] INFO  server.RaftServer$Division (ServerState.java:setRaftConf(430)) - 3a6183d8-7ae2-4fce-bc35-bf6e610ba6f7@group-FACE9333C8E8: set configuration 0: peers:[3a6183d8-7ae2-4fce-bc35-bf6e610ba6f7|rpc:10.1.0.40:46779|dataStream:10.1.0.40:35681|priority:0|startupRole:FOLLOWER, 3991cbd9-9568-4ba2-a189-55b02b3736d1|rpc:10.1.0.40:39489|dataStream:10.1.0.40:35317|priority:0|startupRole:FOLLOWER, a1c822f6-de87-4a46-a736-590ef3e07c50|rpc:10.1.0.40:46211|dataStream:10.1.0.40:46071|priority:1|startupRole:FOLLOWER]|listeners:[], old=null
2023-03-29 22:47:03,981 [3991cbd9-9568-4ba2-a189-55b02b3736d1-server-thread1] INFO  server.RaftServer$Division (ServerState.java:setRaftConf(430)) - 3991cbd9-9568-4ba2-a189-55b02b3736d1@group-FACE9333C8E8: set configuration 0: peers:[3a6183d8-7ae2-4fce-bc35-bf6e610ba6f7|rpc:10.1.0.40:46779|dataStream:10.1.0.40:35681|priority:0|startupRole:FOLLOWER, 3991cbd9-9568-4ba2-a189-55b02b3736d1|rpc:10.1.0.40:39489|dataStream:10.1.0.40:35317|priority:0|startupRole:FOLLOWER, a1c822f6-de87-4a46-a736-590ef3e07c50|rpc:10.1.0.40:46211|dataStream:10.1.0.40:46071|priority:1|startupRole:FOLLOWER]|listeners:[], old=null
2023-03-29 22:47:03,982 [3a6183d8-7ae2-4fce-bc35-bf6e610ba6f7-server-thread2] INFO  segmented.SegmentedRaftLogWorker (SegmentedRaftLogWorker.java:startLogSegment(452)) - 3a6183d8-7ae2-4fce-bc35-bf6e610ba6f7@group-FACE9333C8E8-SegmentedRaftLogWorker: Starting segment from index:0
2023-03-29 22:47:03,982 [3991cbd9-9568-4ba2-a189-55b02b3736d1-server-thread1] INFO  segmented.SegmentedRaftLogWorker (SegmentedRaftLogWorker.java:startLogSegment(452)) - 3991cbd9-9568-4ba2-a189-55b02b3736d1@group-FACE9333C8E8-SegmentedRaftLogWorker: Starting segment from index:0
2023-03-29 22:47:03,985 [3991cbd9-9568-4ba2-a189-55b02b3736d1@group-FACE9333C8E8-SegmentedRaftLogWorker] INFO  segmented.SegmentedRaftLogWorker (SegmentedRaftLogWorker.java:execute(656)) - 3991cbd9-9568-4ba2-a189-55b02b3736d1@group-FACE9333C8E8-SegmentedRaftLogWorker: created new log segment /home/runner/work/ozone/ozone/hadoop-ozone/integration-test/target/test-dir/MiniOzoneClusterImpl-bfbd9018-35f1-41c4-9115-0ebbd4040a15/datanode-2/data/ratis/945e2173-40d0-42b1-b6eb-face9333c8e8/current/log_inprogress_0
2023-03-29 22:47:03,985 [3a6183d8-7ae2-4fce-bc35-bf6e610ba6f7@group-FACE9333C8E8-SegmentedRaftLogWorker] INFO  segmented.SegmentedRaftLogWorker (SegmentedRaftLogWorker.java:execute(656)) - 3a6183d8-7ae2-4fce-bc35-bf6e610ba6f7@group-FACE9333C8E8-SegmentedRaftLogWorker: created new log segment /home/runner/work/ozone/ozone/hadoop-ozone/integration-test/target/test-dir/MiniOzoneClusterImpl-bfbd9018-35f1-41c4-9115-0ebbd4040a15/datanode-1/data/ratis/945e2173-40d0-42b1-b6eb-face9333c8e8/current/log_inprogress_0
2023-03-29 22:47:04,129 [3a6183d8-7ae2-4fce-bc35-bf6e610ba6f7@group-54C11AFED4DB-FollowerState] INFO  impl.FollowerState (FollowerState.java:run(143)) - 3a6183d8-7ae2-4fce-bc35-bf6e610ba6f7@group-54C11AFED4DB-FollowerState: change to CANDIDATE, lastRpcElapsedTime:5124501729ns, electionTimeout:5124ms
2023-03-29 22:47:04,130 [3a6183d8-7ae2-4fce-bc35-bf6e610ba6f7@group-54C11AFED4DB-FollowerState] INFO  impl.RoleInfo (RoleInfo.java:shutdownFollowerState(110)) - 3a6183d8-7ae2-4fce-bc35-bf6e610ba6f7: shutdown 3a6183d8-7ae2-4fce-bc35-bf6e610ba6f7@group-54C11AFED4DB-FollowerState
2023-03-29 22:47:04,130 [3a6183d8-7ae2-4fce-bc35-bf6e610ba6f7@group-54C11AFED4DB-FollowerState] INFO  server.RaftServer$Division (RaftServerImpl.java:setRole(321)) - 3a6183d8-7ae2-4fce-bc35-bf6e610ba6f7@group-54C11AFED4DB: changes role from  FOLLOWER to CANDIDATE at term 0 for changeToCandidate
2023-03-29 22:47:04,130 [3a6183d8-7ae2-4fce-bc35-bf6e610ba6f7@group-54C11AFED4DB-FollowerState] INFO  server.RaftServerConfigKeys (ConfUtils.java:logGet(46)) - raft.server.leaderelection.pre-vote = true (default)
2023-03-29 22:47:04,130 [3a6183d8-7ae2-4fce-bc35-bf6e610ba6f7@group-54C11AFED4DB-FollowerState] INFO  impl.RoleInfo (RoleInfo.java:updateAndGet(139)) - 3a6183d8-7ae2-4fce-bc35-bf6e610ba6f7: start 3a6183d8-7ae2-4fce-bc35-bf6e610ba6f7@group-54C11AFED4DB-LeaderElection21
2023-03-29 22:47:04,140 [3a6183d8-7ae2-4fce-bc35-bf6e610ba6f7@group-54C11AFED4DB-LeaderElection21] INFO  impl.LeaderElection (LeaderElection.java:askForVotes(312)) - 3a6183d8-7ae2-4fce-bc35-bf6e610ba6f7@group-54C11AFED4DB-LeaderElection21 PRE_VOTE round 0: submit vote requests at term 0 for -1: peers:[3a6183d8-7ae2-4fce-bc35-bf6e610ba6f7|rpc:10.1.0.40:46779|dataStream:10.1.0.40:35681|priority:1|startupRole:FOLLOWER]|listeners:[], old=null
2023-03-29 22:47:04,140 [3a6183d8-7ae2-4fce-bc35-bf6e610ba6f7@group-54C11AFED4DB-LeaderElection21] INFO  impl.LeaderElection (LeaderElection.java:askForVotes(314)) - 3a6183d8-7ae2-4fce-bc35-bf6e610ba6f7@group-54C11AFED4DB-LeaderElection21 PRE_VOTE round 0: result PASSED (term=0)
2023-03-29 22:47:04,142 [3a6183d8-7ae2-4fce-bc35-bf6e610ba6f7@group-54C11AFED4DB-LeaderElection21] INFO  impl.LeaderElection (LeaderElection.java:askForVotes(312)) - 3a6183d8-7ae2-4fce-bc35-bf6e610ba6f7@group-54C11AFED4DB-LeaderElection21 ELECTION round 0: submit vote requests at term 1 for -1: peers:[3a6183d8-7ae2-4fce-bc35-bf6e610ba6f7|rpc:10.1.0.40:46779|dataStream:10.1.0.40:35681|priority:1|startupRole:FOLLOWER]|listeners:[], old=null
2023-03-29 22:47:04,142 [3a6183d8-7ae2-4fce-bc35-bf6e610ba6f7@group-54C11AFED4DB-LeaderElection21] INFO  impl.LeaderElection (LeaderElection.java:askForVotes(314)) - 3a6183d8-7ae2-4fce-bc35-bf6e610ba6f7@group-54C11AFED4DB-LeaderElection21 ELECTION round 0: result PASSED (term=1)
2023-03-29 22:47:04,142 [3a6183d8-7ae2-4fce-bc35-bf6e610ba6f7@group-54C11AFED4DB-LeaderElection21] INFO  impl.RoleInfo (RoleInfo.java:shutdownLeaderElection(130)) - 3a6183d8-7ae2-4fce-bc35-bf6e610ba6f7: shutdown 3a6183d8-7ae2-4fce-bc35-bf6e610ba6f7@group-54C11AFED4DB-LeaderElection21
2023-03-29 22:47:04,142 [3a6183d8-7ae2-4fce-bc35-bf6e610ba6f7@group-54C11AFED4DB-LeaderElection21] INFO  server.RaftServer$Division (RaftServerImpl.java:setRole(321)) - 3a6183d8-7ae2-4fce-bc35-bf6e610ba6f7@group-54C11AFED4DB: changes role from CANDIDATE to LEADER at term 1 for changeToLeader
2023-03-29 22:47:04,142 [3a6183d8-7ae2-4fce-bc35-bf6e610ba6f7@group-54C11AFED4DB-LeaderElection21] INFO  ratis.XceiverServerRatis (XceiverServerRatis.java:handleLeaderChangedNotification(904)) - Leader change notification received for group: group-54C11AFED4DB with new leaderId: 3a6183d8-7ae2-4fce-bc35-bf6e610ba6f7
2023-03-29 22:47:04,143 [3a6183d8-7ae2-4fce-bc35-bf6e610ba6f7@group-54C11AFED4DB-LeaderElection21] INFO  server.RaftServer$Division (ServerState.java:setLeader(313)) - 3a6183d8-7ae2-4fce-bc35-bf6e610ba6f7@group-54C11AFED4DB: change Leader from null to 3a6183d8-7ae2-4fce-bc35-bf6e610ba6f7 at term 1 for becomeLeader, leader elected after 5151ms
2023-03-29 22:47:04,143 [3a6183d8-7ae2-4fce-bc35-bf6e610ba6f7@group-54C11AFED4DB-LeaderElection21] INFO  server.RaftServerConfigKeys (ConfUtils.java:logGet(46)) - raft.server.staging.catchup.gap = 1000 (default)
2023-03-29 22:47:04,143 [3a6183d8-7ae2-4fce-bc35-bf6e610ba6f7@group-54C11AFED4DB-LeaderElection21] INFO  server.RaftServerConfigKeys (ConfUtils.java:logGet(46)) - raft.server.write.element-limit = 1024 (custom)
2023-03-29 22:47:04,143 [3a6183d8-7ae2-4fce-bc35-bf6e610ba6f7@group-54C11AFED4DB-LeaderElection21] INFO  server.RaftServerConfigKeys (ConfUtils.java:logGet(46)) - raft.server.write.byte-limit = 1024 M (=1073741824) (custom)
2023-03-29 22:47:04,143 [3a6183d8-7ae2-4fce-bc35-bf6e610ba6f7@group-54C11AFED4DB-LeaderElection21] INFO  server.RaftServerConfigKeys (ConfUtils.java:logGet(46)) - raft.server.watch.timeout = 180s (custom)
2023-03-29 22:47:04,143 [3a6183d8-7ae2-4fce-bc35-bf6e610ba6f7@group-54C11AFED4DB-LeaderElection21] INFO  server.RaftServerConfigKeys (ConfUtils.java:logGet(46)) - raft.server.watch.timeout.denomination = 1s (default)
2023-03-29 22:47:04,143 [3a6183d8-7ae2-4fce-bc35-bf6e610ba6f7@group-54C11AFED4DB-LeaderElection21] INFO  server.RaftServerConfigKeys (ConfUtils.java:logGet(46)) - raft.server.watch.element-limit = 65536 (default)
2023-03-29 22:47:04,143 [3a6183d8-7ae2-4fce-bc35-bf6e610ba6f7@group-54C11AFED4DB-LeaderElection21] INFO  server.RaftServerConfigKeys (ConfUtils.java:logGet(46)) - raft.server.write.element-limit = 1024 (custom)
2023-03-29 22:47:04,143 [3a6183d8-7ae2-4fce-bc35-bf6e610ba6f7@group-54C11AFED4DB-LeaderElection21] INFO  server.RaftServerConfigKeys (ConfUtils.java:logGet(46)) - raft.server.write.follower.gap.ratio.max = -1.0 (default)
2023-03-29 22:47:04,144 [3a6183d8-7ae2-4fce-bc35-bf6e610ba6f7@group-54C11AFED4DB-LeaderElection21] INFO  impl.RoleInfo (RoleInfo.java:updateAndGet(139)) - 3a6183d8-7ae2-4fce-bc35-bf6e610ba6f7: start 3a6183d8-7ae2-4fce-bc35-bf6e610ba6f7@group-54C11AFED4DB-LeaderStateImpl
2023-03-29 22:47:04,144 [3a6183d8-7ae2-4fce-bc35-bf6e610ba6f7@group-54C11AFED4DB-LeaderElection21] INFO  segmented.SegmentedRaftLogWorker (SegmentedRaftLogWorker.java:startLogSegment(452)) - 3a6183d8-7ae2-4fce-bc35-bf6e610ba6f7@group-54C11AFED4DB-SegmentedRaftLogWorker: Starting segment from index:0
2023-03-29 22:47:04,146 [3a6183d8-7ae2-4fce-bc35-bf6e610ba6f7@group-54C11AFED4DB-LeaderElection21] INFO  server.RaftServer$Division (ServerState.java:setRaftConf(430)) - 3a6183d8-7ae2-4fce-bc35-bf6e610ba6f7@group-54C11AFED4DB: set configuration 0: peers:[3a6183d8-7ae2-4fce-bc35-bf6e610ba6f7|rpc:10.1.0.40:46779|dataStream:10.1.0.40:35681|priority:1|startupRole:FOLLOWER]|listeners:[], old=null
2023-03-29 22:47:04,147 [3a6183d8-7ae2-4fce-bc35-bf6e610ba6f7@group-54C11AFED4DB-SegmentedRaftLogWorker] INFO  segmented.SegmentedRaftLogWorker (SegmentedRaftLogWorker.java:execute(656)) - 3a6183d8-7ae2-4fce-bc35-bf6e610ba6f7@group-54C11AFED4DB-SegmentedRaftLogWorker: created new log segment /home/runner/work/ozone/ozone/hadoop-ozone/integration-test/target/test-dir/MiniOzoneClusterImpl-bfbd9018-35f1-41c4-9115-0ebbd4040a15/datanode-1/data/ratis/ed88cba2-0f81-4e67-8713-54c11afed4db/current/log_inprogress_0
2023-03-29 22:47:04,366 [Listener at 127.0.0.1/35627] INFO  ozone.MiniOzoneClusterImpl (MiniOzoneClusterImpl.java:lambda$waitForClusterToBeReady$0(222)) - Nodes are ready. Got 3 of 3 DN Heartbeats.
2023-03-29 22:47:04,366 [Listener at 127.0.0.1/35627] INFO  ozone.MiniOzoneClusterImpl (MiniOzoneClusterImpl.java:lambda$waitForClusterToBeReady$0(225)) - Cluster exits safe mode
2023-03-29 22:47:04,366 [Listener at 127.0.0.1/35627] INFO  ozone.MiniOzoneClusterImpl (MiniOzoneClusterImpl.java:lambda$waitForClusterToBeReady$0(227)) - SCM became leader
2023-03-29 22:47:04,397 [Listener at 127.0.0.1/35627] INFO  rpc.RpcClient (RpcClient.java:createVolume(476)) - Creating Volume: volume85177, with user08682 as owner and space quota set to -1 bytes, counts quota set to -1
2023-03-29 22:47:04,403 [OM StateMachine ApplyTransaction Thread - 0] INFO  volume.OMVolumeCreateRequest (OMVolumeCreateRequest.java:validateAndUpdateCache(195)) - created volume:volume85177 for user:user08682
2023-03-29 22:47:04,416 [OM StateMachine ApplyTransaction Thread - 0] INFO  volume.OMVolumeCreateRequest (OMVolumeCreateRequest.java:validateAndUpdateCache(195)) - created volume:volume85177 for user:user08682
2023-03-29 22:47:04,416 [OM StateMachine ApplyTransaction Thread - 0] INFO  volume.OMVolumeCreateRequest (OMVolumeCreateRequest.java:validateAndUpdateCache(195)) - created volume:volume85177 for user:user08682
2023-03-29 22:47:04,425 [Listener at 127.0.0.1/35627] INFO  rpc.RpcClient (RpcClient.java:createBucket(698)) - Creating Bucket: volume85177/bucket13732, with bucket layout LEGACY, runner as owner, Versioning false, Storage Type set to DISK and Encryption set to false, Replication Type set to server-side default replication type, Namespace Quota set to -1, Space Quota set to -1 
2023-03-29 22:47:04,429 [OM StateMachine ApplyTransaction Thread - 0] INFO  bucket.OMBucketCreateRequest (OMBucketCreateRequest.java:validateAndUpdateCache(262)) - created bucket: bucket13732 of layout LEGACY in volume: volume85177
2023-03-29 22:47:04,431 [Listener at 127.0.0.1/35627] INFO  utils.BackgroundService (BackgroundService.java:shutdown(141)) - Shutting down service KeyDeletingService
2023-03-29 22:47:04,434 [Listener at 127.0.0.1/35627] INFO  utils.BackgroundService (BackgroundService.java:shutdown(141)) - Shutting down service DirectoryDeletingService
2023-03-29 22:47:04,434 [3991cbd9-9568-4ba2-a189-55b02b3736d1@group-3A4193B86C72-FollowerState] INFO  impl.FollowerState (FollowerState.java:run(143)) - 3991cbd9-9568-4ba2-a189-55b02b3736d1@group-3A4193B86C72-FollowerState: change to CANDIDATE, lastRpcElapsedTime:5054660705ns, electionTimeout:5054ms
2023-03-29 22:47:04,434 [3991cbd9-9568-4ba2-a189-55b02b3736d1@group-3A4193B86C72-FollowerState] INFO  impl.RoleInfo (RoleInfo.java:shutdownFollowerState(110)) - 3991cbd9-9568-4ba2-a189-55b02b3736d1: shutdown 3991cbd9-9568-4ba2-a189-55b02b3736d1@group-3A4193B86C72-FollowerState
2023-03-29 22:47:04,434 [3991cbd9-9568-4ba2-a189-55b02b3736d1@group-3A4193B86C72-FollowerState] INFO  server.RaftServer$Division (RaftServerImpl.java:setRole(321)) - 3991cbd9-9568-4ba2-a189-55b02b3736d1@group-3A4193B86C72: changes role from  FOLLOWER to CANDIDATE at term 0 for changeToCandidate
2023-03-29 22:47:04,434 [3991cbd9-9568-4ba2-a189-55b02b3736d1@group-3A4193B86C72-FollowerState] INFO  server.RaftServerConfigKeys (ConfUtils.java:logGet(46)) - raft.server.leaderelection.pre-vote = true (default)
2023-03-29 22:47:04,434 [3991cbd9-9568-4ba2-a189-55b02b3736d1@group-3A4193B86C72-FollowerState] INFO  impl.RoleInfo (RoleInfo.java:updateAndGet(139)) - 3991cbd9-9568-4ba2-a189-55b02b3736d1: start 3991cbd9-9568-4ba2-a189-55b02b3736d1@group-3A4193B86C72-LeaderElection22
2023-03-29 22:47:04,434 [Listener at 127.0.0.1/35627] INFO  utils.BackgroundService (BackgroundService.java:shutdown(141)) - Shutting down service OpenKeyCleanupService
2023-03-29 22:47:04,439 [OM StateMachine ApplyTransaction Thread - 0] INFO  bucket.OMBucketCreateRequest (OMBucketCreateRequest.java:validateAndUpdateCache(262)) - created bucket: bucket13732 of layout LEGACY in volume: volume85177
2023-03-29 22:47:04,440 [Listener at 127.0.0.1/35627] INFO  utils.BackgroundService (BackgroundService.java:shutdown(141)) - Shutting down service SstFilteringService
2023-03-29 22:47:04,440 [OM StateMachine ApplyTransaction Thread - 0] INFO  bucket.OMBucketCreateRequest (OMBucketCreateRequest.java:validateAndUpdateCache(262)) - created bucket: bucket13732 of layout LEGACY in volume: volume85177
2023-03-29 22:47:04,442 [3991cbd9-9568-4ba2-a189-55b02b3736d1@group-3A4193B86C72-LeaderElection22] INFO  impl.LeaderElection (LeaderElection.java:askForVotes(312)) - 3991cbd9-9568-4ba2-a189-55b02b3736d1@group-3A4193B86C72-LeaderElection22 PRE_VOTE round 0: submit vote requests at term 0 for -1: peers:[3991cbd9-9568-4ba2-a189-55b02b3736d1|rpc:10.1.0.40:39489|dataStream:10.1.0.40:35317|priority:1|startupRole:FOLLOWER]|listeners:[], old=null
2023-03-29 22:47:04,442 [3991cbd9-9568-4ba2-a189-55b02b3736d1@group-3A4193B86C72-LeaderElection22] INFO  impl.LeaderElection (LeaderElection.java:askForVotes(314)) - 3991cbd9-9568-4ba2-a189-55b02b3736d1@group-3A4193B86C72-LeaderElection22 PRE_VOTE round 0: result PASSED (term=0)
2023-03-29 22:47:04,442 [Listener at 127.0.0.1/35627] INFO  utils.BackgroundService (BackgroundService.java:shutdown(141)) - Shutting down service SnapshotDeletingService
2023-03-29 22:47:04,443 [Listener at 127.0.0.1/35627] WARN  server.ServerUtils (ServerUtils.java:getDBPath(225)) - ozone.om.db.dirs is not configured. We recommend adding this setting. Falling back to ozone.metadata.dirs instead.
2023-03-29 22:47:04,443 [Time-limited test] INFO  rpc.RpcClient (RpcClient.java:createVolume(476)) - Creating Volume: vol-83476, with runner as owner and space quota set to -1 bytes, counts quota set to -1
2023-03-29 22:47:04,445 [3991cbd9-9568-4ba2-a189-55b02b3736d1@group-3A4193B86C72-LeaderElection22] INFO  impl.LeaderElection (LeaderElection.java:askForVotes(312)) - 3991cbd9-9568-4ba2-a189-55b02b3736d1@group-3A4193B86C72-LeaderElection22 ELECTION round 0: submit vote requests at term 1 for -1: peers:[3991cbd9-9568-4ba2-a189-55b02b3736d1|rpc:10.1.0.40:39489|dataStream:10.1.0.40:35317|priority:1|startupRole:FOLLOWER]|listeners:[], old=null
2023-03-29 22:47:04,445 [3991cbd9-9568-4ba2-a189-55b02b3736d1@group-3A4193B86C72-LeaderElection22] INFO  impl.LeaderElection (LeaderElection.java:askForVotes(314)) - 3991cbd9-9568-4ba2-a189-55b02b3736d1@group-3A4193B86C72-LeaderElection22 ELECTION round 0: result PASSED (term=1)
2023-03-29 22:47:04,445 [3991cbd9-9568-4ba2-a189-55b02b3736d1@group-3A4193B86C72-LeaderElection22] INFO  impl.RoleInfo (RoleInfo.java:shutdownLeaderElection(130)) - 3991cbd9-9568-4ba2-a189-55b02b3736d1: shutdown 3991cbd9-9568-4ba2-a189-55b02b3736d1@group-3A4193B86C72-LeaderElection22
2023-03-29 22:47:04,445 [3991cbd9-9568-4ba2-a189-55b02b3736d1@group-3A4193B86C72-LeaderElection22] INFO  server.RaftServer$Division (RaftServerImpl.java:setRole(321)) - 3991cbd9-9568-4ba2-a189-55b02b3736d1@group-3A4193B86C72: changes role from CANDIDATE to LEADER at term 1 for changeToLeader
2023-03-29 22:47:04,445 [3991cbd9-9568-4ba2-a189-55b02b3736d1@group-3A4193B86C72-LeaderElection22] INFO  ratis.XceiverServerRatis (XceiverServerRatis.java:handleLeaderChangedNotification(904)) - Leader change notification received for group: group-3A4193B86C72 with new leaderId: 3991cbd9-9568-4ba2-a189-55b02b3736d1
2023-03-29 22:47:04,445 [3991cbd9-9568-4ba2-a189-55b02b3736d1@group-3A4193B86C72-LeaderElection22] INFO  server.RaftServer$Division (ServerState.java:setLeader(313)) - 3991cbd9-9568-4ba2-a189-55b02b3736d1@group-3A4193B86C72: change Leader from null to 3991cbd9-9568-4ba2-a189-55b02b3736d1 at term 1 for becomeLeader, leader elected after 5085ms
2023-03-29 22:47:04,445 [3991cbd9-9568-4ba2-a189-55b02b3736d1@group-3A4193B86C72-LeaderElection22] INFO  server.RaftServerConfigKeys (ConfUtils.java:logGet(46)) - raft.server.staging.catchup.gap = 1000 (default)
2023-03-29 22:47:04,450 [3991cbd9-9568-4ba2-a189-55b02b3736d1@group-3A4193B86C72-LeaderElection22] INFO  server.RaftServerConfigKeys (ConfUtils.java:logGet(46)) - raft.server.write.element-limit = 1024 (custom)
2023-03-29 22:47:04,450 [3991cbd9-9568-4ba2-a189-55b02b3736d1@group-3A4193B86C72-LeaderElection22] INFO  server.RaftServerConfigKeys (ConfUtils.java:logGet(46)) - raft.server.write.byte-limit = 1024 M (=1073741824) (custom)
2023-03-29 22:47:04,450 [OM StateMachine ApplyTransaction Thread - 0] INFO  volume.OMVolumeCreateRequest (OMVolumeCreateRequest.java:validateAndUpdateCache(195)) - created volume:vol-83476 for user:runner
2023-03-29 22:47:04,450 [3991cbd9-9568-4ba2-a189-55b02b3736d1@group-3A4193B86C72-LeaderElection22] INFO  server.RaftServerConfigKeys (ConfUtils.java:logGet(46)) - raft.server.watch.timeout = 180s (custom)
2023-03-29 22:47:04,450 [3991cbd9-9568-4ba2-a189-55b02b3736d1@group-3A4193B86C72-LeaderElection22] INFO  server.RaftServerConfigKeys (ConfUtils.java:logGet(46)) - raft.server.watch.timeout.denomination = 1s (default)
2023-03-29 22:47:04,450 [3991cbd9-9568-4ba2-a189-55b02b3736d1@group-3A4193B86C72-LeaderElection22] INFO  server.RaftServerConfigKeys (ConfUtils.java:logGet(46)) - raft.server.watch.element-limit = 65536 (default)
2023-03-29 22:47:04,451 [3991cbd9-9568-4ba2-a189-55b02b3736d1@group-3A4193B86C72-LeaderElection22] INFO  server.RaftServerConfigKeys (ConfUtils.java:logGet(46)) - raft.server.write.element-limit = 1024 (custom)
2023-03-29 22:47:04,451 [3991cbd9-9568-4ba2-a189-55b02b3736d1@group-3A4193B86C72-LeaderElection22] INFO  server.RaftServerConfigKeys (ConfUtils.java:logGet(46)) - raft.server.write.follower.gap.ratio.max = -1.0 (default)
2023-03-29 22:47:04,451 [3991cbd9-9568-4ba2-a189-55b02b3736d1@group-3A4193B86C72-LeaderElection22] INFO  impl.RoleInfo (RoleInfo.java:updateAndGet(139)) - 3991cbd9-9568-4ba2-a189-55b02b3736d1: start 3991cbd9-9568-4ba2-a189-55b02b3736d1@group-3A4193B86C72-LeaderStateImpl
2023-03-29 22:47:04,451 [3991cbd9-9568-4ba2-a189-55b02b3736d1@group-3A4193B86C72-LeaderElection22] INFO  segmented.SegmentedRaftLogWorker (SegmentedRaftLogWorker.java:startLogSegment(452)) - 3991cbd9-9568-4ba2-a189-55b02b3736d1@group-3A4193B86C72-SegmentedRaftLogWorker: Starting segment from index:0
2023-03-29 22:47:04,454 [3991cbd9-9568-4ba2-a189-55b02b3736d1@group-3A4193B86C72-SegmentedRaftLogWorker] INFO  segmented.SegmentedRaftLogWorker (SegmentedRaftLogWorker.java:execute(656)) - 3991cbd9-9568-4ba2-a189-55b02b3736d1@group-3A4193B86C72-SegmentedRaftLogWorker: created new log segment /home/runner/work/ozone/ozone/hadoop-ozone/integration-test/target/test-dir/MiniOzoneClusterImpl-bfbd9018-35f1-41c4-9115-0ebbd4040a15/datanode-2/data/ratis/dd68e002-de05-4a6f-a855-3a4193b86c72/current/log_inprogress_0
2023-03-29 22:47:04,454 [3991cbd9-9568-4ba2-a189-55b02b3736d1@group-3A4193B86C72-LeaderElection22] INFO  server.RaftServer$Division (ServerState.java:setRaftConf(430)) - 3991cbd9-9568-4ba2-a189-55b02b3736d1@group-3A4193B86C72: set configuration 0: peers:[3991cbd9-9568-4ba2-a189-55b02b3736d1|rpc:10.1.0.40:39489|dataStream:10.1.0.40:35317|priority:1|startupRole:FOLLOWER]|listeners:[], old=null
2023-03-29 22:47:04,456 [OM StateMachine ApplyTransaction Thread - 0] INFO  volume.OMVolumeCreateRequest (OMVolumeCreateRequest.java:validateAndUpdateCache(195)) - created volume:vol-83476 for user:runner
2023-03-29 22:47:04,459 [OM StateMachine ApplyTransaction Thread - 0] INFO  volume.OMVolumeCreateRequest (OMVolumeCreateRequest.java:validateAndUpdateCache(195)) - created volume:vol-83476 for user:runner
2023-03-29 22:47:04,460 [Time-limited test] INFO  rpc.RpcClient (RpcClient.java:createBucket(698)) - Creating Bucket: vol-83476/buck-44876, with server-side default bucket layout, runner as owner, Versioning false, Storage Type set to DISK and Encryption set to false, Replication Type set to server-side default replication type, Namespace Quota set to -1, Space Quota set to -1 
2023-03-29 22:47:04,462 [OM StateMachine ApplyTransaction Thread - 0] INFO  bucket.OMBucketCreateRequest (OMBucketCreateRequest.java:validateAndUpdateCache(262)) - created bucket: buck-44876 of layout LEGACY in volume: vol-83476
2023-03-29 22:47:04,464 [OM StateMachine ApplyTransaction Thread - 0] INFO  bucket.OMBucketCreateRequest (OMBucketCreateRequest.java:validateAndUpdateCache(262)) - created bucket: buck-44876 of layout LEGACY in volume: vol-83476
2023-03-29 22:47:04,464 [OM StateMachine ApplyTransaction Thread - 0] INFO  bucket.OMBucketCreateRequest (OMBucketCreateRequest.java:validateAndUpdateCache(262)) - created bucket: buck-44876 of layout LEGACY in volume: vol-83476
2023-03-29 22:47:04,471 [IPC Server handler 2 on default port 36843] INFO  ha.SequenceIdGenerator (SequenceIdGenerator.java:getNextId(128)) - Allocate a batch for containerId, change lastId from 0 to 1000.
2023-03-29 22:47:04,471 [IPC Server handler 2 on default port 36843] WARN  ha.SequenceIdGenerator (SequenceIdGenerator.java:allocateBatch(237)) - Failed to allocate a batch for localId, expected lastId is 0, actual lastId is 111677748019200000.
2023-03-29 22:47:04,471 [IPC Server handler 2 on default port 36843] INFO  ha.SequenceIdGenerator (SequenceIdGenerator.java:getNextId(128)) - Allocate a batch for localId, change lastId from 111677748019200000 to 111677748019201000.
2023-03-29 22:47:04,567 [OM StateMachine ApplyTransaction Thread - 0] INFO  snapshot.OMSnapshotCreateRequest (OMSnapshotCreateRequest.java:validateAndUpdateCache(204)) - Created snapshot 'snap20056' under path 'vol-83476/buck-44876'
2023-03-29 22:47:04,568 [OM StateMachine ApplyTransaction Thread - 0] INFO  snapshot.OMSnapshotCreateRequest (OMSnapshotCreateRequest.java:validateAndUpdateCache(204)) - Created snapshot 'snap20056' under path 'vol-83476/buck-44876'
2023-03-29 22:47:04,569 [OM StateMachine ApplyTransaction Thread - 0] INFO  snapshot.OMSnapshotCreateRequest (OMSnapshotCreateRequest.java:validateAndUpdateCache(204)) - Created snapshot 'snap20056' under path 'vol-83476/buck-44876'
2023-03-29 22:47:04,611 [OMDoubleBufferFlushThread] INFO  db.RDBCheckpointManager (RDBCheckpointManager.java:createCheckpoint(96)) - Created checkpoint in rocksDB at /home/runner/work/ozone/ozone/hadoop-ozone/integration-test/target/test-dir/MiniOzoneClusterImpl-bfbd9018-35f1-41c4-9115-0ebbd4040a15/omNode-1/db.snapshots/om.db-942102a9-0c98-4a31-ae29-84ea631c68e2 in 42 milliseconds
2023-03-29 22:47:04,614 [OMDoubleBufferFlushThread] INFO  db.RDBCheckpointManager (RDBCheckpointManager.java:waitForCheckpointDirectoryExist(125)) - Waited for 3 milliseconds for checkpoint directory /home/runner/work/ozone/ozone/hadoop-ozone/integration-test/target/test-dir/MiniOzoneClusterImpl-bfbd9018-35f1-41c4-9115-0ebbd4040a15/omNode-1/db.snapshots/om.db-942102a9-0c98-4a31-ae29-84ea631c68e2 availability.
2023-03-29 22:47:04,615 [OMDoubleBufferFlushThread] INFO  om.OmSnapshotManager (OmSnapshotManager.java:createOmSnapshotCheckpoint(317)) - Created checkpoint : /home/runner/work/ozone/ozone/hadoop-ozone/integration-test/target/test-dir/MiniOzoneClusterImpl-bfbd9018-35f1-41c4-9115-0ebbd4040a15/omNode-1/db.snapshots/om.db-942102a9-0c98-4a31-ae29-84ea631c68e2 for snapshot snap20056
2023-03-29 22:47:04,629 [OMDoubleBufferFlushThread] INFO  db.RDBCheckpointManager (RDBCheckpointManager.java:createCheckpoint(96)) - Created checkpoint in rocksDB at /home/runner/work/ozone/ozone/hadoop-ozone/integration-test/target/test-dir/MiniOzoneClusterImpl-bfbd9018-35f1-41c4-9115-0ebbd4040a15/omNode-3/db.snapshots/om.db-942102a9-0c98-4a31-ae29-84ea631c68e2 in 58 milliseconds
2023-03-29 22:47:04,629 [OMDoubleBufferFlushThread] INFO  db.RDBCheckpointManager (RDBCheckpointManager.java:waitForCheckpointDirectoryExist(125)) - Waited for 0 milliseconds for checkpoint directory /home/runner/work/ozone/ozone/hadoop-ozone/integration-test/target/test-dir/MiniOzoneClusterImpl-bfbd9018-35f1-41c4-9115-0ebbd4040a15/omNode-3/db.snapshots/om.db-942102a9-0c98-4a31-ae29-84ea631c68e2 availability.
2023-03-29 22:47:04,629 [OMDoubleBufferFlushThread] INFO  om.OmSnapshotManager (OmSnapshotManager.java:createOmSnapshotCheckpoint(317)) - Created checkpoint : /home/runner/work/ozone/ozone/hadoop-ozone/integration-test/target/test-dir/MiniOzoneClusterImpl-bfbd9018-35f1-41c4-9115-0ebbd4040a15/omNode-3/db.snapshots/om.db-942102a9-0c98-4a31-ae29-84ea631c68e2 for snapshot snap20056
2023-03-29 22:47:04,630 [OMDoubleBufferFlushThread] INFO  db.RDBCheckpointManager (RDBCheckpointManager.java:createCheckpoint(96)) - Created checkpoint in rocksDB at /home/runner/work/ozone/ozone/hadoop-ozone/integration-test/target/test-dir/MiniOzoneClusterImpl-bfbd9018-35f1-41c4-9115-0ebbd4040a15/omNode-2/db.snapshots/om.db-942102a9-0c98-4a31-ae29-84ea631c68e2 in 58 milliseconds
2023-03-29 22:47:04,637 [OMDoubleBufferFlushThread] INFO  db.RDBCheckpointManager (RDBCheckpointManager.java:waitForCheckpointDirectoryExist(125)) - Waited for 6 milliseconds for checkpoint directory /home/runner/work/ozone/ozone/hadoop-ozone/integration-test/target/test-dir/MiniOzoneClusterImpl-bfbd9018-35f1-41c4-9115-0ebbd4040a15/omNode-2/db.snapshots/om.db-942102a9-0c98-4a31-ae29-84ea631c68e2 availability.
2023-03-29 22:47:04,637 [OMDoubleBufferFlushThread] INFO  om.OmSnapshotManager (OmSnapshotManager.java:createOmSnapshotCheckpoint(317)) - Created checkpoint : /home/runner/work/ozone/ozone/hadoop-ozone/integration-test/target/test-dir/MiniOzoneClusterImpl-bfbd9018-35f1-41c4-9115-0ebbd4040a15/omNode-2/db.snapshots/om.db-942102a9-0c98-4a31-ae29-84ea631c68e2 for snapshot snap20056
]]></system-out>
  </testcase>
  <testcase name="testNonExistentBucket" classname="TestOmSnapshot" time="0.026">
    <system-out><![CDATA[2023-03-29 22:44:55,811 [Time-limited test] INFO  rpc.RpcClient (RpcClient.java:createVolume(476)) - Creating Volume: vol-43119, with runner as owner and space quota set to -1 bytes, counts quota set to -1
2023-03-29 22:44:55,819 [OM StateMachine ApplyTransaction Thread - 0] INFO  volume.OMVolumeCreateRequest (OMVolumeCreateRequest.java:validateAndUpdateCache(195)) - created volume:vol-43119 for user:runner
2023-03-29 22:44:55,823 [OM StateMachine ApplyTransaction Thread - 0] INFO  volume.OMVolumeCreateRequest (OMVolumeCreateRequest.java:validateAndUpdateCache(195)) - created volume:vol-43119 for user:runner
2023-03-29 22:44:55,826 [OM StateMachine ApplyTransaction Thread - 0] INFO  volume.OMVolumeCreateRequest (OMVolumeCreateRequest.java:validateAndUpdateCache(195)) - created volume:vol-43119 for user:runner
]]></system-out>
  </testcase>
  <testcase name="testNonExistentBucket" classname="TestOmSnapshot" time="0.013">
    <system-out><![CDATA[2023-03-29 22:46:00,159 [Time-limited test] INFO  rpc.RpcClient (RpcClient.java:createVolume(476)) - Creating Volume: vol-26411, with runner as owner and space quota set to -1 bytes, counts quota set to -1
2023-03-29 22:46:00,165 [OM StateMachine ApplyTransaction Thread - 0] INFO  volume.OMVolumeCreateRequest (OMVolumeCreateRequest.java:validateAndUpdateCache(195)) - created volume:vol-26411 for user:runner
2023-03-29 22:46:00,166 [OM StateMachine ApplyTransaction Thread - 0] INFO  volume.OMVolumeCreateRequest (OMVolumeCreateRequest.java:validateAndUpdateCache(195)) - created volume:vol-26411 for user:runner
2023-03-29 22:46:00,168 [OM StateMachine ApplyTransaction Thread - 0] INFO  volume.OMVolumeCreateRequest (OMVolumeCreateRequest.java:validateAndUpdateCache(195)) - created volume:vol-26411 for user:runner
]]></system-out>
  </testcase>
  <testcase name="testNonExistentBucket" classname="TestOmSnapshot" time="0.011">
    <system-out><![CDATA[2023-03-29 22:47:05,569 [Time-limited test] INFO  rpc.RpcClient (RpcClient.java:createVolume(476)) - Creating Volume: vol-58556, with runner as owner and space quota set to -1 bytes, counts quota set to -1
2023-03-29 22:47:05,577 [OM StateMachine ApplyTransaction Thread - 0] INFO  volume.OMVolumeCreateRequest (OMVolumeCreateRequest.java:validateAndUpdateCache(195)) - created volume:vol-58556 for user:runner
2023-03-29 22:47:05,578 [OM StateMachine ApplyTransaction Thread - 0] INFO  volume.OMVolumeCreateRequest (OMVolumeCreateRequest.java:validateAndUpdateCache(195)) - created volume:vol-58556 for user:runner
2023-03-29 22:47:05,579 [OM StateMachine ApplyTransaction Thread - 0] INFO  volume.OMVolumeCreateRequest (OMVolumeCreateRequest.java:validateAndUpdateCache(195)) - created volume:vol-58556 for user:runner
]]></system-out>
  </testcase>
  <testcase name="testSnapDiffWithMultipleSSTs" classname="TestOmSnapshot" time="0">
    <skipped/>
  </testcase>
  <testcase name="testSnapDiffWithMultipleSSTs" classname="TestOmSnapshot" time="0">
    <skipped/>
  </testcase>
  <testcase name="testSnapDiffWithMultipleSSTs" classname="TestOmSnapshot" time="0">
    <skipped/>
  </testcase>
  <testcase name="testDeleteSnapshotFailure" classname="TestOmSnapshot" time="1.162">
    <system-out><![CDATA[2023-03-29 22:44:55,836 [Time-limited test] INFO  rpc.RpcClient (RpcClient.java:createVolume(476)) - Creating Volume: vol-18455, with runner as owner and space quota set to -1 bytes, counts quota set to -1
2023-03-29 22:44:55,844 [OM StateMachine ApplyTransaction Thread - 0] INFO  volume.OMVolumeCreateRequest (OMVolumeCreateRequest.java:validateAndUpdateCache(195)) - created volume:vol-18455 for user:runner
2023-03-29 22:44:55,848 [Time-limited test] INFO  rpc.RpcClient (RpcClient.java:createBucket(698)) - Creating Bucket: vol-18455/buck-50858, with server-side default bucket layout, runner as owner, Versioning false, Storage Type set to DISK and Encryption set to false, Replication Type set to server-side default replication type, Namespace Quota set to -1, Space Quota set to -1 
2023-03-29 22:44:55,849 [OM StateMachine ApplyTransaction Thread - 0] INFO  volume.OMVolumeCreateRequest (OMVolumeCreateRequest.java:validateAndUpdateCache(195)) - created volume:vol-18455 for user:runner
2023-03-29 22:44:55,849 [OM StateMachine ApplyTransaction Thread - 0] INFO  volume.OMVolumeCreateRequest (OMVolumeCreateRequest.java:validateAndUpdateCache(195)) - created volume:vol-18455 for user:runner
2023-03-29 22:44:55,855 [OM StateMachine ApplyTransaction Thread - 0] INFO  bucket.OMBucketCreateRequest (OMBucketCreateRequest.java:validateAndUpdateCache(262)) - created bucket: buck-50858 of layout OBJECT_STORE in volume: vol-18455
2023-03-29 22:44:55,864 [OM StateMachine ApplyTransaction Thread - 0] INFO  bucket.OMBucketCreateRequest (OMBucketCreateRequest.java:validateAndUpdateCache(262)) - created bucket: buck-50858 of layout OBJECT_STORE in volume: vol-18455
2023-03-29 22:44:55,867 [OM StateMachine ApplyTransaction Thread - 0] INFO  bucket.OMBucketCreateRequest (OMBucketCreateRequest.java:validateAndUpdateCache(262)) - created bucket: buck-50858 of layout OBJECT_STORE in volume: vol-18455
2023-03-29 22:44:55,953 [OM StateMachine ApplyTransaction Thread - 0] INFO  snapshot.OMSnapshotCreateRequest (OMSnapshotCreateRequest.java:validateAndUpdateCache(204)) - Created snapshot 'snap43715' under path 'vol-18455/buck-50858'
2023-03-29 22:44:55,956 [OM StateMachine ApplyTransaction Thread - 0] INFO  snapshot.OMSnapshotCreateRequest (OMSnapshotCreateRequest.java:validateAndUpdateCache(204)) - Created snapshot 'snap43715' under path 'vol-18455/buck-50858'
2023-03-29 22:44:55,957 [OM StateMachine ApplyTransaction Thread - 0] INFO  snapshot.OMSnapshotCreateRequest (OMSnapshotCreateRequest.java:validateAndUpdateCache(204)) - Created snapshot 'snap43715' under path 'vol-18455/buck-50858'
2023-03-29 22:44:55,999 [OMDoubleBufferFlushThread] INFO  db.RDBCheckpointManager (RDBCheckpointManager.java:createCheckpoint(96)) - Created checkpoint in rocksDB at /home/runner/work/ozone/ozone/hadoop-ozone/integration-test/target/test-dir/MiniOzoneClusterImpl-bcbc84c2-519e-42a0-a817-fd35ffaa666a/omNode-3/db.snapshots/om.db-0b8422bc-ee37-4db9-8551-607f7e3e68f9 in 40 milliseconds
2023-03-29 22:44:56,001 [OMDoubleBufferFlushThread] INFO  db.RDBCheckpointManager (RDBCheckpointManager.java:waitForCheckpointDirectoryExist(125)) - Waited for 2 milliseconds for checkpoint directory /home/runner/work/ozone/ozone/hadoop-ozone/integration-test/target/test-dir/MiniOzoneClusterImpl-bcbc84c2-519e-42a0-a817-fd35ffaa666a/omNode-3/db.snapshots/om.db-0b8422bc-ee37-4db9-8551-607f7e3e68f9 availability.
2023-03-29 22:44:56,001 [OMDoubleBufferFlushThread] WARN  om.OmSnapshotManager (OmSnapshotManager.java:deleteKeysInSnapshotScopeFromDTableInternal(396)) - Took 144009 ns to clean up deletedTable
2023-03-29 22:44:56,001 [OMDoubleBufferFlushThread] INFO  om.OmSnapshotManager (OmSnapshotManager.java:createOmSnapshotCheckpoint(317)) - Created checkpoint : /home/runner/work/ozone/ozone/hadoop-ozone/integration-test/target/test-dir/MiniOzoneClusterImpl-bcbc84c2-519e-42a0-a817-fd35ffaa666a/omNode-3/db.snapshots/om.db-0b8422bc-ee37-4db9-8551-607f7e3e68f9 for snapshot snap43715
2023-03-29 22:44:56,002 [OMDoubleBufferFlushThread] INFO  db.RDBCheckpointManager (RDBCheckpointManager.java:createCheckpoint(96)) - Created checkpoint in rocksDB at /home/runner/work/ozone/ozone/hadoop-ozone/integration-test/target/test-dir/MiniOzoneClusterImpl-bcbc84c2-519e-42a0-a817-fd35ffaa666a/omNode-2/db.snapshots/om.db-0b8422bc-ee37-4db9-8551-607f7e3e68f9 in 42 milliseconds
2023-03-29 22:44:56,003 [OMDoubleBufferFlushThread] INFO  db.RDBCheckpointManager (RDBCheckpointManager.java:createCheckpoint(96)) - Created checkpoint in rocksDB at /home/runner/work/ozone/ozone/hadoop-ozone/integration-test/target/test-dir/MiniOzoneClusterImpl-bcbc84c2-519e-42a0-a817-fd35ffaa666a/omNode-1/db.snapshots/om.db-0b8422bc-ee37-4db9-8551-607f7e3e68f9 in 44 milliseconds
2023-03-29 22:44:56,003 [OMDoubleBufferFlushThread] INFO  db.RDBCheckpointManager (RDBCheckpointManager.java:waitForCheckpointDirectoryExist(125)) - Waited for 1 milliseconds for checkpoint directory /home/runner/work/ozone/ozone/hadoop-ozone/integration-test/target/test-dir/MiniOzoneClusterImpl-bcbc84c2-519e-42a0-a817-fd35ffaa666a/omNode-2/db.snapshots/om.db-0b8422bc-ee37-4db9-8551-607f7e3e68f9 availability.
2023-03-29 22:44:56,003 [OMDoubleBufferFlushThread] INFO  om.OmSnapshotManager (OmSnapshotManager.java:createOmSnapshotCheckpoint(317)) - Created checkpoint : /home/runner/work/ozone/ozone/hadoop-ozone/integration-test/target/test-dir/MiniOzoneClusterImpl-bcbc84c2-519e-42a0-a817-fd35ffaa666a/omNode-2/db.snapshots/om.db-0b8422bc-ee37-4db9-8551-607f7e3e68f9 for snapshot snap43715
2023-03-29 22:44:56,004 [OMDoubleBufferFlushThread] INFO  db.RDBCheckpointManager (RDBCheckpointManager.java:waitForCheckpointDirectoryExist(125)) - Waited for 1 milliseconds for checkpoint directory /home/runner/work/ozone/ozone/hadoop-ozone/integration-test/target/test-dir/MiniOzoneClusterImpl-bcbc84c2-519e-42a0-a817-fd35ffaa666a/omNode-1/db.snapshots/om.db-0b8422bc-ee37-4db9-8551-607f7e3e68f9 availability.
2023-03-29 22:44:56,004 [OMDoubleBufferFlushThread] INFO  om.OmSnapshotManager (OmSnapshotManager.java:createOmSnapshotCheckpoint(317)) - Created checkpoint : /home/runner/work/ozone/ozone/hadoop-ozone/integration-test/target/test-dir/MiniOzoneClusterImpl-bcbc84c2-519e-42a0-a817-fd35ffaa666a/omNode-1/db.snapshots/om.db-0b8422bc-ee37-4db9-8551-607f7e3e68f9 for snapshot snap43715
2023-03-29 22:44:56,614 [JvmPauseMonitor2] WARN  util.JvmPauseMonitor (JvmPauseMonitor.java:detectPause(126)) - JvmPauseMonitor-omNode-3: Detected pause in JVM or host machine (eg GC): pause of approximately 161594068ns.
GC pool 'PS MarkSweep' had collection(s): count=1 time=258ms
GC pool 'PS Scavenge' had collection(s): count=1 time=158ms
2023-03-29 22:44:56,614 [JvmPauseMonitor0] WARN  util.JvmPauseMonitor (JvmPauseMonitor.java:detectPause(126)) - JvmPauseMonitor-omNode-1: Detected pause in JVM or host machine (eg GC): pause of approximately 162093597ns.
GC pool 'PS MarkSweep' had collection(s): count=1 time=258ms
GC pool 'PS Scavenge' had collection(s): count=1 time=158ms
2023-03-29 22:44:56,615 [JvmPauseMonitor3] WARN  util.JvmPauseMonitor (JvmPauseMonitor.java:detectPause(126)) - JvmPauseMonitor-e2c212f3-f97c-4b95-9960-0e6b8b9bb499: Detected pause in JVM or host machine (eg GC): pause of approximately 221514827ns.
GC pool 'PS MarkSweep' had collection(s): count=1 time=258ms
GC pool 'PS Scavenge' had collection(s): count=1 time=158ms
22:44:56.971 [OM StateMachine ApplyTransaction Thread - 0] ERROR OMAudit - user=runner | ip=127.0.0.1 | op=DELETE_SNAPSHOT {volume=vol-18455, bucket=buck-50858, snapshotName=snapnonexistent} | ret=FAILURE
org.apache.hadoop.ozone.om.exceptions.OMException: Snapshot does not exist
	at org.apache.hadoop.ozone.om.request.snapshot.OMSnapshotDeleteRequest.validateAndUpdateCache(OMSnapshotDeleteRequest.java:152) ~[ozone-manager-1.4.0-SNAPSHOT.jar:?]
	at org.apache.hadoop.ozone.protocolPB.OzoneManagerRequestHandler.handleWriteRequest(OzoneManagerRequestHandler.java:337) ~[ozone-manager-1.4.0-SNAPSHOT.jar:?]
	at org.apache.hadoop.ozone.om.ratis.OzoneManagerStateMachine.runCommand(OzoneManagerStateMachine.java:533) ~[ozone-manager-1.4.0-SNAPSHOT.jar:?]
	at org.apache.hadoop.ozone.om.ratis.OzoneManagerStateMachine.lambda$1(OzoneManagerStateMachine.java:324) ~[ozone-manager-1.4.0-SNAPSHOT.jar:?]
	at java.util.concurrent.CompletableFuture$AsyncSupply.run(CompletableFuture.java:1604) [?:1.8.0_362]
	at java.util.concurrent.ThreadPoolExecutor.runWorker(ThreadPoolExecutor.java:1149) [?:1.8.0_362]
	at java.util.concurrent.ThreadPoolExecutor$Worker.run(ThreadPoolExecutor.java:624) [?:1.8.0_362]
	at java.lang.Thread.run(Thread.java:750) [?:1.8.0_362]
22:44:56.975 [OM StateMachine ApplyTransaction Thread - 0] ERROR OMAudit - user=runner | ip=127.0.0.1 | op=DELETE_SNAPSHOT {volume=vol-18455, bucket=buck-50858, snapshotName=snapnonexistent} | ret=FAILURE
org.apache.hadoop.ozone.om.exceptions.OMException: Snapshot does not exist
	at org.apache.hadoop.ozone.om.request.snapshot.OMSnapshotDeleteRequest.validateAndUpdateCache(OMSnapshotDeleteRequest.java:152) ~[ozone-manager-1.4.0-SNAPSHOT.jar:?]
	at org.apache.hadoop.ozone.protocolPB.OzoneManagerRequestHandler.handleWriteRequest(OzoneManagerRequestHandler.java:337) ~[ozone-manager-1.4.0-SNAPSHOT.jar:?]
	at org.apache.hadoop.ozone.om.ratis.OzoneManagerStateMachine.runCommand(OzoneManagerStateMachine.java:533) ~[ozone-manager-1.4.0-SNAPSHOT.jar:?]
	at org.apache.hadoop.ozone.om.ratis.OzoneManagerStateMachine.lambda$1(OzoneManagerStateMachine.java:324) ~[ozone-manager-1.4.0-SNAPSHOT.jar:?]
	at java.util.concurrent.CompletableFuture$AsyncSupply.run(CompletableFuture.java:1604) [?:1.8.0_362]
	at java.util.concurrent.ThreadPoolExecutor.runWorker(ThreadPoolExecutor.java:1149) [?:1.8.0_362]
	at java.util.concurrent.ThreadPoolExecutor$Worker.run(ThreadPoolExecutor.java:624) [?:1.8.0_362]
	at java.lang.Thread.run(Thread.java:750) [?:1.8.0_362]
22:44:56.975 [OM StateMachine ApplyTransaction Thread - 0] ERROR OMAudit - user=runner | ip=127.0.0.1 | op=DELETE_SNAPSHOT {volume=vol-18455, bucket=buck-50858, snapshotName=snapnonexistent} | ret=FAILURE
org.apache.hadoop.ozone.om.exceptions.OMException: Snapshot does not exist
	at org.apache.hadoop.ozone.om.request.snapshot.OMSnapshotDeleteRequest.validateAndUpdateCache(OMSnapshotDeleteRequest.java:152) ~[ozone-manager-1.4.0-SNAPSHOT.jar:?]
	at org.apache.hadoop.ozone.protocolPB.OzoneManagerRequestHandler.handleWriteRequest(OzoneManagerRequestHandler.java:337) ~[ozone-manager-1.4.0-SNAPSHOT.jar:?]
	at org.apache.hadoop.ozone.om.ratis.OzoneManagerStateMachine.runCommand(OzoneManagerStateMachine.java:533) ~[ozone-manager-1.4.0-SNAPSHOT.jar:?]
	at org.apache.hadoop.ozone.om.ratis.OzoneManagerStateMachine.lambda$1(OzoneManagerStateMachine.java:324) ~[ozone-manager-1.4.0-SNAPSHOT.jar:?]
	at java.util.concurrent.CompletableFuture$AsyncSupply.run(CompletableFuture.java:1604) [?:1.8.0_362]
	at java.util.concurrent.ThreadPoolExecutor.runWorker(ThreadPoolExecutor.java:1149) [?:1.8.0_362]
	at java.util.concurrent.ThreadPoolExecutor$Worker.run(ThreadPoolExecutor.java:624) [?:1.8.0_362]
	at java.lang.Thread.run(Thread.java:750) [?:1.8.0_362]
2023-03-29 22:44:56,993 [OM StateMachine ApplyTransaction Thread - 0] ERROR snapshot.OMSnapshotDeleteRequest (OMSnapshotDeleteRequest.java:validateAndUpdateCache(225)) - Failed to delete snapshot 'snapnonexistent' under path 'vol-18455/buck-50858'
2023-03-29 22:44:56,993 [OM StateMachine ApplyTransaction Thread - 0] ERROR snapshot.OMSnapshotDeleteRequest (OMSnapshotDeleteRequest.java:validateAndUpdateCache(225)) - Failed to delete snapshot 'snapnonexistent' under path 'vol-18455/buck-50858'
]]></system-out>
  </testcase>
  <testcase name="testDeleteSnapshotFailure" classname="TestOmSnapshot" time="1.08">
    <system-out><![CDATA[2023-03-29 22:46:00,175 [Time-limited test] INFO  rpc.RpcClient (RpcClient.java:createVolume(476)) - Creating Volume: vol-53442, with runner as owner and space quota set to -1 bytes, counts quota set to -1
2023-03-29 22:46:00,178 [OM StateMachine ApplyTransaction Thread - 0] INFO  volume.OMVolumeCreateRequest (OMVolumeCreateRequest.java:validateAndUpdateCache(195)) - created volume:vol-53442 for user:runner
2023-03-29 22:46:00,180 [OM StateMachine ApplyTransaction Thread - 0] INFO  volume.OMVolumeCreateRequest (OMVolumeCreateRequest.java:validateAndUpdateCache(195)) - created volume:vol-53442 for user:runner
2023-03-29 22:46:00,181 [OM StateMachine ApplyTransaction Thread - 0] INFO  volume.OMVolumeCreateRequest (OMVolumeCreateRequest.java:validateAndUpdateCache(195)) - created volume:vol-53442 for user:runner
2023-03-29 22:46:00,181 [Time-limited test] INFO  rpc.RpcClient (RpcClient.java:createBucket(698)) - Creating Bucket: vol-53442/buck-75510, with server-side default bucket layout, runner as owner, Versioning false, Storage Type set to DISK and Encryption set to false, Replication Type set to server-side default replication type, Namespace Quota set to -1, Space Quota set to -1 
2023-03-29 22:46:00,184 [OM StateMachine ApplyTransaction Thread - 0] INFO  bucket.OMBucketCreateRequest (OMBucketCreateRequest.java:validateAndUpdateCache(262)) - created bucket: buck-75510 of layout FILE_SYSTEM_OPTIMIZED in volume: vol-53442
2023-03-29 22:46:00,186 [OM StateMachine ApplyTransaction Thread - 0] INFO  bucket.OMBucketCreateRequest (OMBucketCreateRequest.java:validateAndUpdateCache(262)) - created bucket: buck-75510 of layout FILE_SYSTEM_OPTIMIZED in volume: vol-53442
2023-03-29 22:46:00,189 [OM StateMachine ApplyTransaction Thread - 0] INFO  bucket.OMBucketCreateRequest (OMBucketCreateRequest.java:validateAndUpdateCache(262)) - created bucket: buck-75510 of layout FILE_SYSTEM_OPTIMIZED in volume: vol-53442
2023-03-29 22:46:00,240 [OM StateMachine ApplyTransaction Thread - 0] INFO  snapshot.OMSnapshotCreateRequest (OMSnapshotCreateRequest.java:validateAndUpdateCache(204)) - Created snapshot 'snap99731' under path 'vol-53442/buck-75510'
2023-03-29 22:46:00,242 [OM StateMachine ApplyTransaction Thread - 0] INFO  snapshot.OMSnapshotCreateRequest (OMSnapshotCreateRequest.java:validateAndUpdateCache(204)) - Created snapshot 'snap99731' under path 'vol-53442/buck-75510'
2023-03-29 22:46:00,243 [OM StateMachine ApplyTransaction Thread - 0] INFO  snapshot.OMSnapshotCreateRequest (OMSnapshotCreateRequest.java:validateAndUpdateCache(204)) - Created snapshot 'snap99731' under path 'vol-53442/buck-75510'
2023-03-29 22:46:00,299 [OMDoubleBufferFlushThread] INFO  db.RDBCheckpointManager (RDBCheckpointManager.java:createCheckpoint(96)) - Created checkpoint in rocksDB at /home/runner/work/ozone/ozone/hadoop-ozone/integration-test/target/test-dir/MiniOzoneClusterImpl-8ae17f6e-7b8d-4fcc-9253-feb95f7e1717/omNode-2/db.snapshots/om.db-10a96a99-83de-4cee-a7ad-f66b6b999c20 in 54 milliseconds
2023-03-29 22:46:00,300 [OMDoubleBufferFlushThread] INFO  db.RDBCheckpointManager (RDBCheckpointManager.java:createCheckpoint(96)) - Created checkpoint in rocksDB at /home/runner/work/ozone/ozone/hadoop-ozone/integration-test/target/test-dir/MiniOzoneClusterImpl-8ae17f6e-7b8d-4fcc-9253-feb95f7e1717/omNode-3/db.snapshots/om.db-10a96a99-83de-4cee-a7ad-f66b6b999c20 in 55 milliseconds
2023-03-29 22:46:00,300 [OMDoubleBufferFlushThread] INFO  db.RDBCheckpointManager (RDBCheckpointManager.java:waitForCheckpointDirectoryExist(125)) - Waited for 1 milliseconds for checkpoint directory /home/runner/work/ozone/ozone/hadoop-ozone/integration-test/target/test-dir/MiniOzoneClusterImpl-8ae17f6e-7b8d-4fcc-9253-feb95f7e1717/omNode-2/db.snapshots/om.db-10a96a99-83de-4cee-a7ad-f66b6b999c20 availability.
2023-03-29 22:46:00,300 [OMDoubleBufferFlushThread] WARN  om.OmSnapshotManager (OmSnapshotManager.java:deleteKeysInSnapshotScopeFromDTableInternal(396)) - Took 126607 ns to clean up deletedTable
2023-03-29 22:46:00,300 [OMDoubleBufferFlushThread] INFO  om.OmSnapshotManager (OmSnapshotManager.java:createOmSnapshotCheckpoint(317)) - Created checkpoint : /home/runner/work/ozone/ozone/hadoop-ozone/integration-test/target/test-dir/MiniOzoneClusterImpl-8ae17f6e-7b8d-4fcc-9253-feb95f7e1717/omNode-2/db.snapshots/om.db-10a96a99-83de-4cee-a7ad-f66b6b999c20 for snapshot snap99731
2023-03-29 22:46:00,301 [OMDoubleBufferFlushThread] INFO  db.RDBCheckpointManager (RDBCheckpointManager.java:waitForCheckpointDirectoryExist(125)) - Waited for 1 milliseconds for checkpoint directory /home/runner/work/ozone/ozone/hadoop-ozone/integration-test/target/test-dir/MiniOzoneClusterImpl-8ae17f6e-7b8d-4fcc-9253-feb95f7e1717/omNode-3/db.snapshots/om.db-10a96a99-83de-4cee-a7ad-f66b6b999c20 availability.
2023-03-29 22:46:00,302 [OMDoubleBufferFlushThread] INFO  om.OmSnapshotManager (OmSnapshotManager.java:createOmSnapshotCheckpoint(317)) - Created checkpoint : /home/runner/work/ozone/ozone/hadoop-ozone/integration-test/target/test-dir/MiniOzoneClusterImpl-8ae17f6e-7b8d-4fcc-9253-feb95f7e1717/omNode-3/db.snapshots/om.db-10a96a99-83de-4cee-a7ad-f66b6b999c20 for snapshot snap99731
2023-03-29 22:46:00,306 [OMDoubleBufferFlushThread] INFO  db.RDBCheckpointManager (RDBCheckpointManager.java:createCheckpoint(96)) - Created checkpoint in rocksDB at /home/runner/work/ozone/ozone/hadoop-ozone/integration-test/target/test-dir/MiniOzoneClusterImpl-8ae17f6e-7b8d-4fcc-9253-feb95f7e1717/omNode-1/db.snapshots/om.db-10a96a99-83de-4cee-a7ad-f66b6b999c20 in 64 milliseconds
2023-03-29 22:46:00,306 [OMDoubleBufferFlushThread] INFO  db.RDBCheckpointManager (RDBCheckpointManager.java:waitForCheckpointDirectoryExist(125)) - Waited for 0 milliseconds for checkpoint directory /home/runner/work/ozone/ozone/hadoop-ozone/integration-test/target/test-dir/MiniOzoneClusterImpl-8ae17f6e-7b8d-4fcc-9253-feb95f7e1717/omNode-1/db.snapshots/om.db-10a96a99-83de-4cee-a7ad-f66b6b999c20 availability.
2023-03-29 22:46:00,307 [OMDoubleBufferFlushThread] INFO  om.OmSnapshotManager (OmSnapshotManager.java:createOmSnapshotCheckpoint(317)) - Created checkpoint : /home/runner/work/ozone/ozone/hadoop-ozone/integration-test/target/test-dir/MiniOzoneClusterImpl-8ae17f6e-7b8d-4fcc-9253-feb95f7e1717/omNode-1/db.snapshots/om.db-10a96a99-83de-4cee-a7ad-f66b6b999c20 for snapshot snap99731
22:46:01.247 [OM StateMachine ApplyTransaction Thread - 0] ERROR OMAudit - user=runner | ip=127.0.0.1 | op=DELETE_SNAPSHOT {volume=vol-53442, bucket=buck-75510, snapshotName=snapnonexistent} | ret=FAILURE
org.apache.hadoop.ozone.om.exceptions.OMException: Snapshot does not exist
	at org.apache.hadoop.ozone.om.request.snapshot.OMSnapshotDeleteRequest.validateAndUpdateCache(OMSnapshotDeleteRequest.java:152) ~[ozone-manager-1.4.0-SNAPSHOT.jar:?]
	at org.apache.hadoop.ozone.protocolPB.OzoneManagerRequestHandler.handleWriteRequest(OzoneManagerRequestHandler.java:337) ~[ozone-manager-1.4.0-SNAPSHOT.jar:?]
	at org.apache.hadoop.ozone.om.ratis.OzoneManagerStateMachine.runCommand(OzoneManagerStateMachine.java:533) ~[ozone-manager-1.4.0-SNAPSHOT.jar:?]
	at org.apache.hadoop.ozone.om.ratis.OzoneManagerStateMachine.lambda$1(OzoneManagerStateMachine.java:324) ~[ozone-manager-1.4.0-SNAPSHOT.jar:?]
	at java.util.concurrent.CompletableFuture$AsyncSupply.run(CompletableFuture.java:1604) [?:1.8.0_362]
	at java.util.concurrent.ThreadPoolExecutor.runWorker(ThreadPoolExecutor.java:1149) [?:1.8.0_362]
	at java.util.concurrent.ThreadPoolExecutor$Worker.run(ThreadPoolExecutor.java:624) [?:1.8.0_362]
	at java.lang.Thread.run(Thread.java:750) [?:1.8.0_362]
2023-03-29 22:46:01,248 [OM StateMachine ApplyTransaction Thread - 0] ERROR snapshot.OMSnapshotDeleteRequest (OMSnapshotDeleteRequest.java:validateAndUpdateCache(225)) - Failed to delete snapshot 'snapnonexistent' under path 'vol-53442/buck-75510'
]]></system-out>
  </testcase>
  <testcase name="testDeleteSnapshotFailure" classname="TestOmSnapshot" time="1.104">
    <system-out><![CDATA[2023-03-29 22:47:05,581 [Time-limited test] INFO  rpc.RpcClient (RpcClient.java:createVolume(476)) - Creating Volume: vol-20185, with runner as owner and space quota set to -1 bytes, counts quota set to -1
2023-03-29 22:47:05,583 [OM StateMachine ApplyTransaction Thread - 0] INFO  volume.OMVolumeCreateRequest (OMVolumeCreateRequest.java:validateAndUpdateCache(195)) - created volume:vol-20185 for user:runner
2023-03-29 22:47:05,585 [OM StateMachine ApplyTransaction Thread - 0] INFO  volume.OMVolumeCreateRequest (OMVolumeCreateRequest.java:validateAndUpdateCache(195)) - created volume:vol-20185 for user:runner
2023-03-29 22:47:05,586 [OM StateMachine ApplyTransaction Thread - 0] INFO  volume.OMVolumeCreateRequest (OMVolumeCreateRequest.java:validateAndUpdateCache(195)) - created volume:vol-20185 for user:runner
2023-03-29 22:47:05,587 [Time-limited test] INFO  rpc.RpcClient (RpcClient.java:createBucket(698)) - Creating Bucket: vol-20185/buck-78095, with server-side default bucket layout, runner as owner, Versioning false, Storage Type set to DISK and Encryption set to false, Replication Type set to server-side default replication type, Namespace Quota set to -1, Space Quota set to -1 
2023-03-29 22:47:05,591 [OM StateMachine ApplyTransaction Thread - 0] INFO  bucket.OMBucketCreateRequest (OMBucketCreateRequest.java:validateAndUpdateCache(262)) - created bucket: buck-78095 of layout LEGACY in volume: vol-20185
2023-03-29 22:47:05,592 [OM StateMachine ApplyTransaction Thread - 0] INFO  bucket.OMBucketCreateRequest (OMBucketCreateRequest.java:validateAndUpdateCache(262)) - created bucket: buck-78095 of layout LEGACY in volume: vol-20185
2023-03-29 22:47:05,592 [OM StateMachine ApplyTransaction Thread - 0] INFO  bucket.OMBucketCreateRequest (OMBucketCreateRequest.java:validateAndUpdateCache(262)) - created bucket: buck-78095 of layout LEGACY in volume: vol-20185
2023-03-29 22:47:05,677 [OM StateMachine ApplyTransaction Thread - 0] INFO  snapshot.OMSnapshotCreateRequest (OMSnapshotCreateRequest.java:validateAndUpdateCache(204)) - Created snapshot 'snap36944' under path 'vol-20185/buck-78095'
2023-03-29 22:47:05,679 [OM StateMachine ApplyTransaction Thread - 0] INFO  snapshot.OMSnapshotCreateRequest (OMSnapshotCreateRequest.java:validateAndUpdateCache(204)) - Created snapshot 'snap36944' under path 'vol-20185/buck-78095'
2023-03-29 22:47:05,679 [OM StateMachine ApplyTransaction Thread - 0] INFO  snapshot.OMSnapshotCreateRequest (OMSnapshotCreateRequest.java:validateAndUpdateCache(204)) - Created snapshot 'snap36944' under path 'vol-20185/buck-78095'
2023-03-29 22:47:05,738 [OMDoubleBufferFlushThread] INFO  db.RDBCheckpointManager (RDBCheckpointManager.java:createCheckpoint(96)) - Created checkpoint in rocksDB at /home/runner/work/ozone/ozone/hadoop-ozone/integration-test/target/test-dir/MiniOzoneClusterImpl-bfbd9018-35f1-41c4-9115-0ebbd4040a15/omNode-1/db.snapshots/om.db-229bac6a-e76d-4058-b471-2b2af2e6d8ef in 58 milliseconds
2023-03-29 22:47:05,739 [OMDoubleBufferFlushThread] INFO  db.RDBCheckpointManager (RDBCheckpointManager.java:createCheckpoint(96)) - Created checkpoint in rocksDB at /home/runner/work/ozone/ozone/hadoop-ozone/integration-test/target/test-dir/MiniOzoneClusterImpl-bfbd9018-35f1-41c4-9115-0ebbd4040a15/omNode-3/db.snapshots/om.db-229bac6a-e76d-4058-b471-2b2af2e6d8ef in 56 milliseconds
2023-03-29 22:47:05,744 [OMDoubleBufferFlushThread] INFO  db.RDBCheckpointManager (RDBCheckpointManager.java:waitForCheckpointDirectoryExist(125)) - Waited for 4 milliseconds for checkpoint directory /home/runner/work/ozone/ozone/hadoop-ozone/integration-test/target/test-dir/MiniOzoneClusterImpl-bfbd9018-35f1-41c4-9115-0ebbd4040a15/omNode-3/db.snapshots/om.db-229bac6a-e76d-4058-b471-2b2af2e6d8ef availability.
2023-03-29 22:47:05,744 [OMDoubleBufferFlushThread] WARN  om.OmSnapshotManager (OmSnapshotManager.java:deleteKeysInSnapshotScopeFromDTableInternal(396)) - Took 102306 ns to clean up deletedTable
2023-03-29 22:47:05,744 [OMDoubleBufferFlushThread] INFO  om.OmSnapshotManager (OmSnapshotManager.java:createOmSnapshotCheckpoint(317)) - Created checkpoint : /home/runner/work/ozone/ozone/hadoop-ozone/integration-test/target/test-dir/MiniOzoneClusterImpl-bfbd9018-35f1-41c4-9115-0ebbd4040a15/omNode-3/db.snapshots/om.db-229bac6a-e76d-4058-b471-2b2af2e6d8ef for snapshot snap36944
2023-03-29 22:47:05,744 [OMDoubleBufferFlushThread] INFO  db.RDBCheckpointManager (RDBCheckpointManager.java:waitForCheckpointDirectoryExist(125)) - Waited for 6 milliseconds for checkpoint directory /home/runner/work/ozone/ozone/hadoop-ozone/integration-test/target/test-dir/MiniOzoneClusterImpl-bfbd9018-35f1-41c4-9115-0ebbd4040a15/omNode-1/db.snapshots/om.db-229bac6a-e76d-4058-b471-2b2af2e6d8ef availability.
2023-03-29 22:47:05,744 [OMDoubleBufferFlushThread] INFO  om.OmSnapshotManager (OmSnapshotManager.java:createOmSnapshotCheckpoint(317)) - Created checkpoint : /home/runner/work/ozone/ozone/hadoop-ozone/integration-test/target/test-dir/MiniOzoneClusterImpl-bfbd9018-35f1-41c4-9115-0ebbd4040a15/omNode-1/db.snapshots/om.db-229bac6a-e76d-4058-b471-2b2af2e6d8ef for snapshot snap36944
2023-03-29 22:47:05,749 [OMDoubleBufferFlushThread] INFO  db.RDBCheckpointManager (RDBCheckpointManager.java:createCheckpoint(96)) - Created checkpoint in rocksDB at /home/runner/work/ozone/ozone/hadoop-ozone/integration-test/target/test-dir/MiniOzoneClusterImpl-bfbd9018-35f1-41c4-9115-0ebbd4040a15/omNode-2/db.snapshots/om.db-229bac6a-e76d-4058-b471-2b2af2e6d8ef in 66 milliseconds
2023-03-29 22:47:05,750 [OMDoubleBufferFlushThread] INFO  db.RDBCheckpointManager (RDBCheckpointManager.java:waitForCheckpointDirectoryExist(125)) - Waited for 1 milliseconds for checkpoint directory /home/runner/work/ozone/ozone/hadoop-ozone/integration-test/target/test-dir/MiniOzoneClusterImpl-bfbd9018-35f1-41c4-9115-0ebbd4040a15/omNode-2/db.snapshots/om.db-229bac6a-e76d-4058-b471-2b2af2e6d8ef availability.
2023-03-29 22:47:05,750 [OMDoubleBufferFlushThread] INFO  om.OmSnapshotManager (OmSnapshotManager.java:createOmSnapshotCheckpoint(317)) - Created checkpoint : /home/runner/work/ozone/ozone/hadoop-ozone/integration-test/target/test-dir/MiniOzoneClusterImpl-bfbd9018-35f1-41c4-9115-0ebbd4040a15/omNode-2/db.snapshots/om.db-229bac6a-e76d-4058-b471-2b2af2e6d8ef for snapshot snap36944
22:47:06.682 [OM StateMachine ApplyTransaction Thread - 0] ERROR OMAudit - user=runner | ip=127.0.0.1 | op=DELETE_SNAPSHOT {volume=vol-20185, bucket=buck-78095, snapshotName=snapnonexistent} | ret=FAILURE
org.apache.hadoop.ozone.om.exceptions.OMException: Snapshot does not exist
	at org.apache.hadoop.ozone.om.request.snapshot.OMSnapshotDeleteRequest.validateAndUpdateCache(OMSnapshotDeleteRequest.java:152) ~[ozone-manager-1.4.0-SNAPSHOT.jar:?]
	at org.apache.hadoop.ozone.protocolPB.OzoneManagerRequestHandler.handleWriteRequest(OzoneManagerRequestHandler.java:337) ~[ozone-manager-1.4.0-SNAPSHOT.jar:?]
	at org.apache.hadoop.ozone.om.ratis.OzoneManagerStateMachine.runCommand(OzoneManagerStateMachine.java:533) ~[ozone-manager-1.4.0-SNAPSHOT.jar:?]
	at org.apache.hadoop.ozone.om.ratis.OzoneManagerStateMachine.lambda$1(OzoneManagerStateMachine.java:324) ~[ozone-manager-1.4.0-SNAPSHOT.jar:?]
	at java.util.concurrent.CompletableFuture$AsyncSupply.run(CompletableFuture.java:1604) [?:1.8.0_362]
	at java.util.concurrent.ThreadPoolExecutor.runWorker(ThreadPoolExecutor.java:1149) [?:1.8.0_362]
	at java.util.concurrent.ThreadPoolExecutor$Worker.run(ThreadPoolExecutor.java:624) [?:1.8.0_362]
	at java.lang.Thread.run(Thread.java:750) [?:1.8.0_362]
2023-03-29 22:47:06,683 [OM StateMachine ApplyTransaction Thread - 0] ERROR snapshot.OMSnapshotDeleteRequest (OMSnapshotDeleteRequest.java:validateAndUpdateCache(225)) - Failed to delete snapshot 'snapnonexistent' under path 'vol-20185/buck-78095'
]]></system-out>
  </testcase>
  <testcase name="testSnapDiffMultipleBuckets" classname="TestOmSnapshot" time="3.469">
    <system-out><![CDATA[2023-03-29 22:44:57,002 [OM StateMachine ApplyTransaction Thread - 0] ERROR snapshot.OMSnapshotDeleteRequest (OMSnapshotDeleteRequest.java:validateAndUpdateCache(225)) - Failed to delete snapshot 'snapnonexistent' under path 'vol-18455/buck-50858'
2023-03-29 22:44:57,002 [Time-limited test] INFO  rpc.RpcClient (RpcClient.java:createVolume(476)) - Creating Volume: vol-01091, with runner as owner and space quota set to -1 bytes, counts quota set to -1
2023-03-29 22:44:57,009 [OM StateMachine ApplyTransaction Thread - 0] INFO  volume.OMVolumeCreateRequest (OMVolumeCreateRequest.java:validateAndUpdateCache(195)) - created volume:vol-01091 for user:runner
2023-03-29 22:44:57,012 [OM StateMachine ApplyTransaction Thread - 0] INFO  volume.OMVolumeCreateRequest (OMVolumeCreateRequest.java:validateAndUpdateCache(195)) - created volume:vol-01091 for user:runner
2023-03-29 22:44:57,012 [OM StateMachine ApplyTransaction Thread - 0] INFO  volume.OMVolumeCreateRequest (OMVolumeCreateRequest.java:validateAndUpdateCache(195)) - created volume:vol-01091 for user:runner
2023-03-29 22:44:57,016 [Time-limited test] INFO  rpc.RpcClient (RpcClient.java:createBucket(698)) - Creating Bucket: vol-01091/buck-17007, with server-side default bucket layout, runner as owner, Versioning false, Storage Type set to DISK and Encryption set to false, Replication Type set to server-side default replication type, Namespace Quota set to -1, Space Quota set to -1 
2023-03-29 22:44:57,022 [OM StateMachine ApplyTransaction Thread - 0] INFO  bucket.OMBucketCreateRequest (OMBucketCreateRequest.java:validateAndUpdateCache(262)) - created bucket: buck-17007 of layout OBJECT_STORE in volume: vol-01091
2023-03-29 22:44:57,024 [Time-limited test] INFO  rpc.RpcClient (RpcClient.java:createBucket(698)) - Creating Bucket: vol-01091/buck-54611, with server-side default bucket layout, runner as owner, Versioning false, Storage Type set to DISK and Encryption set to false, Replication Type set to server-side default replication type, Namespace Quota set to -1, Space Quota set to -1 
2023-03-29 22:44:57,026 [OM StateMachine ApplyTransaction Thread - 0] INFO  bucket.OMBucketCreateRequest (OMBucketCreateRequest.java:validateAndUpdateCache(262)) - created bucket: buck-17007 of layout OBJECT_STORE in volume: vol-01091
2023-03-29 22:44:57,027 [OM StateMachine ApplyTransaction Thread - 0] INFO  bucket.OMBucketCreateRequest (OMBucketCreateRequest.java:validateAndUpdateCache(262)) - created bucket: buck-17007 of layout OBJECT_STORE in volume: vol-01091
2023-03-29 22:44:57,033 [OM StateMachine ApplyTransaction Thread - 0] INFO  bucket.OMBucketCreateRequest (OMBucketCreateRequest.java:validateAndUpdateCache(262)) - created bucket: buck-54611 of layout OBJECT_STORE in volume: vol-01091
2023-03-29 22:44:57,035 [OM StateMachine ApplyTransaction Thread - 0] INFO  bucket.OMBucketCreateRequest (OMBucketCreateRequest.java:validateAndUpdateCache(262)) - created bucket: buck-54611 of layout OBJECT_STORE in volume: vol-01091
2023-03-29 22:44:57,038 [OM StateMachine ApplyTransaction Thread - 0] INFO  bucket.OMBucketCreateRequest (OMBucketCreateRequest.java:validateAndUpdateCache(262)) - created bucket: buck-54611 of layout OBJECT_STORE in volume: vol-01091
2023-03-29 22:44:57,127 [OM StateMachine ApplyTransaction Thread - 0] INFO  snapshot.OMSnapshotCreateRequest (OMSnapshotCreateRequest.java:validateAndUpdateCache(204)) - Created snapshot 'snap21443' under path 'vol-01091/buck-17007'
2023-03-29 22:44:57,131 [OM StateMachine ApplyTransaction Thread - 0] INFO  snapshot.OMSnapshotCreateRequest (OMSnapshotCreateRequest.java:validateAndUpdateCache(204)) - Created snapshot 'snap21443' under path 'vol-01091/buck-17007'
2023-03-29 22:44:57,131 [OM StateMachine ApplyTransaction Thread - 0] INFO  snapshot.OMSnapshotCreateRequest (OMSnapshotCreateRequest.java:validateAndUpdateCache(204)) - Created snapshot 'snap21443' under path 'vol-01091/buck-17007'
2023-03-29 22:44:57,177 [OMDoubleBufferFlushThread] INFO  db.RDBCheckpointManager (RDBCheckpointManager.java:createCheckpoint(96)) - Created checkpoint in rocksDB at /home/runner/work/ozone/ozone/hadoop-ozone/integration-test/target/test-dir/MiniOzoneClusterImpl-bcbc84c2-519e-42a0-a817-fd35ffaa666a/omNode-2/db.snapshots/om.db-fca70c66-2732-4f84-b879-a6fa081daf75 in 44 milliseconds
2023-03-29 22:44:57,180 [OMDoubleBufferFlushThread] INFO  db.RDBCheckpointManager (RDBCheckpointManager.java:createCheckpoint(96)) - Created checkpoint in rocksDB at /home/runner/work/ozone/ozone/hadoop-ozone/integration-test/target/test-dir/MiniOzoneClusterImpl-bcbc84c2-519e-42a0-a817-fd35ffaa666a/omNode-1/db.snapshots/om.db-fca70c66-2732-4f84-b879-a6fa081daf75 in 50 milliseconds
2023-03-29 22:44:57,180 [OMDoubleBufferFlushThread] INFO  db.RDBCheckpointManager (RDBCheckpointManager.java:waitForCheckpointDirectoryExist(125)) - Waited for 0 milliseconds for checkpoint directory /home/runner/work/ozone/ozone/hadoop-ozone/integration-test/target/test-dir/MiniOzoneClusterImpl-bcbc84c2-519e-42a0-a817-fd35ffaa666a/omNode-1/db.snapshots/om.db-fca70c66-2732-4f84-b879-a6fa081daf75 availability.
2023-03-29 22:44:57,181 [OMDoubleBufferFlushThread] WARN  om.OmSnapshotManager (OmSnapshotManager.java:deleteKeysInSnapshotScopeFromDTableInternal(396)) - Took 219713 ns to clean up deletedTable
2023-03-29 22:44:57,181 [OMDoubleBufferFlushThread] INFO  om.OmSnapshotManager (OmSnapshotManager.java:createOmSnapshotCheckpoint(317)) - Created checkpoint : /home/runner/work/ozone/ozone/hadoop-ozone/integration-test/target/test-dir/MiniOzoneClusterImpl-bcbc84c2-519e-42a0-a817-fd35ffaa666a/omNode-1/db.snapshots/om.db-fca70c66-2732-4f84-b879-a6fa081daf75 for snapshot snap21443
2023-03-29 22:44:57,181 [OMDoubleBufferFlushThread] INFO  db.RDBCheckpointManager (RDBCheckpointManager.java:waitForCheckpointDirectoryExist(125)) - Waited for 4 milliseconds for checkpoint directory /home/runner/work/ozone/ozone/hadoop-ozone/integration-test/target/test-dir/MiniOzoneClusterImpl-bcbc84c2-519e-42a0-a817-fd35ffaa666a/omNode-2/db.snapshots/om.db-fca70c66-2732-4f84-b879-a6fa081daf75 availability.
2023-03-29 22:44:57,181 [OMDoubleBufferFlushThread] WARN  om.OmSnapshotManager (OmSnapshotManager.java:deleteKeysInSnapshotScopeFromDTableInternal(396)) - Took 109306 ns to clean up deletedTable
2023-03-29 22:44:57,181 [OMDoubleBufferFlushThread] INFO  om.OmSnapshotManager (OmSnapshotManager.java:createOmSnapshotCheckpoint(317)) - Created checkpoint : /home/runner/work/ozone/ozone/hadoop-ozone/integration-test/target/test-dir/MiniOzoneClusterImpl-bcbc84c2-519e-42a0-a817-fd35ffaa666a/omNode-2/db.snapshots/om.db-fca70c66-2732-4f84-b879-a6fa081daf75 for snapshot snap21443
2023-03-29 22:44:57,184 [OMDoubleBufferFlushThread] INFO  db.RDBCheckpointManager (RDBCheckpointManager.java:createCheckpoint(96)) - Created checkpoint in rocksDB at /home/runner/work/ozone/ozone/hadoop-ozone/integration-test/target/test-dir/MiniOzoneClusterImpl-bcbc84c2-519e-42a0-a817-fd35ffaa666a/omNode-3/db.snapshots/om.db-fca70c66-2732-4f84-b879-a6fa081daf75 in 51 milliseconds
2023-03-29 22:44:57,185 [OMDoubleBufferFlushThread] INFO  db.RDBCheckpointManager (RDBCheckpointManager.java:waitForCheckpointDirectoryExist(125)) - Waited for 1 milliseconds for checkpoint directory /home/runner/work/ozone/ozone/hadoop-ozone/integration-test/target/test-dir/MiniOzoneClusterImpl-bcbc84c2-519e-42a0-a817-fd35ffaa666a/omNode-3/db.snapshots/om.db-fca70c66-2732-4f84-b879-a6fa081daf75 availability.
2023-03-29 22:44:57,185 [OMDoubleBufferFlushThread] INFO  om.OmSnapshotManager (OmSnapshotManager.java:createOmSnapshotCheckpoint(317)) - Created checkpoint : /home/runner/work/ozone/ozone/hadoop-ozone/integration-test/target/test-dir/MiniOzoneClusterImpl-bcbc84c2-519e-42a0-a817-fd35ffaa666a/omNode-3/db.snapshots/om.db-fca70c66-2732-4f84-b879-a6fa081daf75 for snapshot snap21443
2023-03-29 22:44:58,304 [c28f674d-4a3a-4611-831e-e7d010a6b2ef@group-B7C4666D76D8-FollowerState] INFO  impl.FollowerState (FollowerState.java:shouldRun(117)) - c28f674d-4a3a-4611-831e-e7d010a6b2ef@group-B7C4666D76D8-FollowerState: Stopping now (isRunning? false, role = FOLLOWER)
2023-03-29 22:44:58,324 [OM StateMachine ApplyTransaction Thread - 0] INFO  snapshot.OMSnapshotCreateRequest (OMSnapshotCreateRequest.java:validateAndUpdateCache(204)) - Created snapshot 'snap65558' under path 'vol-01091/buck-17007'
2023-03-29 22:44:58,326 [OM StateMachine ApplyTransaction Thread - 0] INFO  snapshot.OMSnapshotCreateRequest (OMSnapshotCreateRequest.java:validateAndUpdateCache(204)) - Created snapshot 'snap65558' under path 'vol-01091/buck-17007'
2023-03-29 22:44:58,327 [OM StateMachine ApplyTransaction Thread - 0] INFO  snapshot.OMSnapshotCreateRequest (OMSnapshotCreateRequest.java:validateAndUpdateCache(204)) - Created snapshot 'snap65558' under path 'vol-01091/buck-17007'
2023-03-29 22:44:58,363 [OMDoubleBufferFlushThread] INFO  db.RDBCheckpointManager (RDBCheckpointManager.java:createCheckpoint(96)) - Created checkpoint in rocksDB at /home/runner/work/ozone/ozone/hadoop-ozone/integration-test/target/test-dir/MiniOzoneClusterImpl-bcbc84c2-519e-42a0-a817-fd35ffaa666a/omNode-1/db.snapshots/om.db-cbb24933-5c13-4edd-814a-8afb78b305d4 in 36 milliseconds
2023-03-29 22:44:58,364 [OMDoubleBufferFlushThread] INFO  db.RDBCheckpointManager (RDBCheckpointManager.java:waitForCheckpointDirectoryExist(125)) - Waited for 1 milliseconds for checkpoint directory /home/runner/work/ozone/ozone/hadoop-ozone/integration-test/target/test-dir/MiniOzoneClusterImpl-bcbc84c2-519e-42a0-a817-fd35ffaa666a/omNode-1/db.snapshots/om.db-cbb24933-5c13-4edd-814a-8afb78b305d4 availability.
2023-03-29 22:44:58,364 [OMDoubleBufferFlushThread] WARN  om.OmSnapshotManager (OmSnapshotManager.java:deleteKeysInSnapshotScopeFromDTableInternal(396)) - Took 106206 ns to clean up deletedTable
2023-03-29 22:44:58,364 [OMDoubleBufferFlushThread] INFO  om.OmSnapshotManager (OmSnapshotManager.java:createOmSnapshotCheckpoint(317)) - Created checkpoint : /home/runner/work/ozone/ozone/hadoop-ozone/integration-test/target/test-dir/MiniOzoneClusterImpl-bcbc84c2-519e-42a0-a817-fd35ffaa666a/omNode-1/db.snapshots/om.db-cbb24933-5c13-4edd-814a-8afb78b305d4 for snapshot snap65558
2023-03-29 22:44:58,366 [OMDoubleBufferFlushThread] INFO  db.RDBCheckpointManager (RDBCheckpointManager.java:createCheckpoint(96)) - Created checkpoint in rocksDB at /home/runner/work/ozone/ozone/hadoop-ozone/integration-test/target/test-dir/MiniOzoneClusterImpl-bcbc84c2-519e-42a0-a817-fd35ffaa666a/omNode-3/db.snapshots/om.db-cbb24933-5c13-4edd-814a-8afb78b305d4 in 37 milliseconds
2023-03-29 22:44:58,366 [OMDoubleBufferFlushThread] INFO  db.RDBCheckpointManager (RDBCheckpointManager.java:waitForCheckpointDirectoryExist(125)) - Waited for 0 milliseconds for checkpoint directory /home/runner/work/ozone/ozone/hadoop-ozone/integration-test/target/test-dir/MiniOzoneClusterImpl-bcbc84c2-519e-42a0-a817-fd35ffaa666a/omNode-3/db.snapshots/om.db-cbb24933-5c13-4edd-814a-8afb78b305d4 availability.
2023-03-29 22:44:58,367 [OMDoubleBufferFlushThread] WARN  om.OmSnapshotManager (OmSnapshotManager.java:deleteKeysInSnapshotScopeFromDTableInternal(396)) - Took 103006 ns to clean up deletedTable
2023-03-29 22:44:58,367 [OMDoubleBufferFlushThread] INFO  om.OmSnapshotManager (OmSnapshotManager.java:createOmSnapshotCheckpoint(317)) - Created checkpoint : /home/runner/work/ozone/ozone/hadoop-ozone/integration-test/target/test-dir/MiniOzoneClusterImpl-bcbc84c2-519e-42a0-a817-fd35ffaa666a/omNode-3/db.snapshots/om.db-cbb24933-5c13-4edd-814a-8afb78b305d4 for snapshot snap65558
2023-03-29 22:44:58,371 [OMDoubleBufferFlushThread] INFO  db.RDBCheckpointManager (RDBCheckpointManager.java:createCheckpoint(96)) - Created checkpoint in rocksDB at /home/runner/work/ozone/ozone/hadoop-ozone/integration-test/target/test-dir/MiniOzoneClusterImpl-bcbc84c2-519e-42a0-a817-fd35ffaa666a/omNode-2/db.snapshots/om.db-cbb24933-5c13-4edd-814a-8afb78b305d4 in 42 milliseconds
2023-03-29 22:44:58,371 [OMDoubleBufferFlushThread] INFO  db.RDBCheckpointManager (RDBCheckpointManager.java:waitForCheckpointDirectoryExist(125)) - Waited for 0 milliseconds for checkpoint directory /home/runner/work/ozone/ozone/hadoop-ozone/integration-test/target/test-dir/MiniOzoneClusterImpl-bcbc84c2-519e-42a0-a817-fd35ffaa666a/omNode-2/db.snapshots/om.db-cbb24933-5c13-4edd-814a-8afb78b305d4 availability.
2023-03-29 22:44:58,371 [OMDoubleBufferFlushThread] INFO  om.OmSnapshotManager (OmSnapshotManager.java:createOmSnapshotCheckpoint(317)) - Created checkpoint : /home/runner/work/ozone/ozone/hadoop-ozone/integration-test/target/test-dir/MiniOzoneClusterImpl-bcbc84c2-519e-42a0-a817-fd35ffaa666a/omNode-2/db.snapshots/om.db-cbb24933-5c13-4edd-814a-8afb78b305d4 for snapshot snap65558
2023-03-29 22:44:59,332 [IPC Server handler 16 on default port 40933] WARN  server.ServerUtils (ServerUtils.java:getDBPath(225)) - ozone.om.db.dirs is not configured. We recommend adding this setting. Falling back to ozone.metadata.dirs instead.
2023-03-29 22:44:59,333 [IPC Server handler 16 on default port 40933] INFO  codec.OmKeyInfoCodec (OmKeyInfoCodec.java:<init>(49)) - OmKeyInfoCodec ignorePipeline = true
2023-03-29 22:44:59,333 [IPC Server handler 16 on default port 40933] INFO  codec.RepeatedOmKeyInfoCodec (RepeatedOmKeyInfoCodec.java:<init>(41)) - RepeatedOmKeyInfoCodec ignorePipeline = true
2023-03-29 22:44:59,390 [IPC Server handler 16 on default port 40933] INFO  audit.AuditLogger (AuditLogger.java:refreshDebugCmdSet(126)) - Refresh DebugCmdSet for OMAudit to [].
2023-03-29 22:44:59,392 [IPC Server handler 16 on default port 40933] WARN  server.ServerUtils (ServerUtils.java:getDBPath(225)) - ozone.om.db.dirs is not configured. We recommend adding this setting. Falling back to ozone.metadata.dirs instead.
2023-03-29 22:44:59,393 [IPC Server handler 16 on default port 40933] INFO  codec.OmKeyInfoCodec (OmKeyInfoCodec.java:<init>(49)) - OmKeyInfoCodec ignorePipeline = true
2023-03-29 22:44:59,393 [IPC Server handler 16 on default port 40933] INFO  codec.RepeatedOmKeyInfoCodec (RepeatedOmKeyInfoCodec.java:<init>(41)) - RepeatedOmKeyInfoCodec ignorePipeline = true
2023-03-29 22:44:59,449 [IPC Server handler 16 on default port 40933] INFO  snapshot.SnapshotDiffManager (SnapshotDiffManager.java:submitSnapDiffJob(343)) - Submitting snap diff report generation request for volume: vol-01091, bucket: buck-17007, fromSnapshot: snap21443 and toSnapshot: snap65558
]]></system-out>
  </testcase>
  <testcase name="testSnapDiffMultipleBuckets" classname="TestOmSnapshot" time="3.976">
    <system-out><![CDATA[2023-03-29 22:46:01,254 [Time-limited test] INFO  rpc.RpcClient (RpcClient.java:createVolume(476)) - Creating Volume: vol-79261, with runner as owner and space quota set to -1 bytes, counts quota set to -1
22:46:01.254 [OM StateMachine ApplyTransaction Thread - 0] ERROR OMAudit - user=runner | ip=127.0.0.1 | op=DELETE_SNAPSHOT {volume=vol-53442, bucket=buck-75510, snapshotName=snapnonexistent} | ret=FAILURE
org.apache.hadoop.ozone.om.exceptions.OMException: Snapshot does not exist
	at org.apache.hadoop.ozone.om.request.snapshot.OMSnapshotDeleteRequest.validateAndUpdateCache(OMSnapshotDeleteRequest.java:152) ~[ozone-manager-1.4.0-SNAPSHOT.jar:?]
	at org.apache.hadoop.ozone.protocolPB.OzoneManagerRequestHandler.handleWriteRequest(OzoneManagerRequestHandler.java:337) ~[ozone-manager-1.4.0-SNAPSHOT.jar:?]
	at org.apache.hadoop.ozone.om.ratis.OzoneManagerStateMachine.runCommand(OzoneManagerStateMachine.java:533) ~[ozone-manager-1.4.0-SNAPSHOT.jar:?]
	at org.apache.hadoop.ozone.om.ratis.OzoneManagerStateMachine.lambda$1(OzoneManagerStateMachine.java:324) ~[ozone-manager-1.4.0-SNAPSHOT.jar:?]
	at java.util.concurrent.CompletableFuture$AsyncSupply.run(CompletableFuture.java:1604) [?:1.8.0_362]
	at java.util.concurrent.ThreadPoolExecutor.runWorker(ThreadPoolExecutor.java:1149) [?:1.8.0_362]
	at java.util.concurrent.ThreadPoolExecutor$Worker.run(ThreadPoolExecutor.java:624) [?:1.8.0_362]
	at java.lang.Thread.run(Thread.java:750) [?:1.8.0_362]
2023-03-29 22:46:01,254 [OM StateMachine ApplyTransaction Thread - 0] ERROR snapshot.OMSnapshotDeleteRequest (OMSnapshotDeleteRequest.java:validateAndUpdateCache(225)) - Failed to delete snapshot 'snapnonexistent' under path 'vol-53442/buck-75510'
22:46:01.256 [OM StateMachine ApplyTransaction Thread - 0] ERROR OMAudit - user=runner | ip=127.0.0.1 | op=DELETE_SNAPSHOT {volume=vol-53442, bucket=buck-75510, snapshotName=snapnonexistent} | ret=FAILURE
org.apache.hadoop.ozone.om.exceptions.OMException: Snapshot does not exist
	at org.apache.hadoop.ozone.om.request.snapshot.OMSnapshotDeleteRequest.validateAndUpdateCache(OMSnapshotDeleteRequest.java:152) ~[ozone-manager-1.4.0-SNAPSHOT.jar:?]
	at org.apache.hadoop.ozone.protocolPB.OzoneManagerRequestHandler.handleWriteRequest(OzoneManagerRequestHandler.java:337) ~[ozone-manager-1.4.0-SNAPSHOT.jar:?]
	at org.apache.hadoop.ozone.om.ratis.OzoneManagerStateMachine.runCommand(OzoneManagerStateMachine.java:533) ~[ozone-manager-1.4.0-SNAPSHOT.jar:?]
	at org.apache.hadoop.ozone.om.ratis.OzoneManagerStateMachine.lambda$1(OzoneManagerStateMachine.java:324) ~[ozone-manager-1.4.0-SNAPSHOT.jar:?]
	at java.util.concurrent.CompletableFuture$AsyncSupply.run(CompletableFuture.java:1604) [?:1.8.0_362]
	at java.util.concurrent.ThreadPoolExecutor.runWorker(ThreadPoolExecutor.java:1149) [?:1.8.0_362]
	at java.util.concurrent.ThreadPoolExecutor$Worker.run(ThreadPoolExecutor.java:624) [?:1.8.0_362]
	at java.lang.Thread.run(Thread.java:750) [?:1.8.0_362]
2023-03-29 22:46:01,256 [OM StateMachine ApplyTransaction Thread - 0] ERROR snapshot.OMSnapshotDeleteRequest (OMSnapshotDeleteRequest.java:validateAndUpdateCache(225)) - Failed to delete snapshot 'snapnonexistent' under path 'vol-53442/buck-75510'
2023-03-29 22:46:01,258 [OM StateMachine ApplyTransaction Thread - 0] INFO  volume.OMVolumeCreateRequest (OMVolumeCreateRequest.java:validateAndUpdateCache(195)) - created volume:vol-79261 for user:runner
2023-03-29 22:46:01,259 [OM StateMachine ApplyTransaction Thread - 0] INFO  volume.OMVolumeCreateRequest (OMVolumeCreateRequest.java:validateAndUpdateCache(195)) - created volume:vol-79261 for user:runner
2023-03-29 22:46:01,259 [OM StateMachine ApplyTransaction Thread - 0] INFO  volume.OMVolumeCreateRequest (OMVolumeCreateRequest.java:validateAndUpdateCache(195)) - created volume:vol-79261 for user:runner
2023-03-29 22:46:01,261 [Time-limited test] INFO  rpc.RpcClient (RpcClient.java:createBucket(698)) - Creating Bucket: vol-79261/buck-94608, with server-side default bucket layout, runner as owner, Versioning false, Storage Type set to DISK and Encryption set to false, Replication Type set to server-side default replication type, Namespace Quota set to -1, Space Quota set to -1 
2023-03-29 22:46:01,264 [OM StateMachine ApplyTransaction Thread - 0] INFO  bucket.OMBucketCreateRequest (OMBucketCreateRequest.java:validateAndUpdateCache(262)) - created bucket: buck-94608 of layout FILE_SYSTEM_OPTIMIZED in volume: vol-79261
2023-03-29 22:46:01,268 [OM StateMachine ApplyTransaction Thread - 0] INFO  bucket.OMBucketCreateRequest (OMBucketCreateRequest.java:validateAndUpdateCache(262)) - created bucket: buck-94608 of layout FILE_SYSTEM_OPTIMIZED in volume: vol-79261
2023-03-29 22:46:01,268 [OM StateMachine ApplyTransaction Thread - 0] INFO  bucket.OMBucketCreateRequest (OMBucketCreateRequest.java:validateAndUpdateCache(262)) - created bucket: buck-94608 of layout FILE_SYSTEM_OPTIMIZED in volume: vol-79261
2023-03-29 22:46:01,269 [Time-limited test] INFO  rpc.RpcClient (RpcClient.java:createBucket(698)) - Creating Bucket: vol-79261/buck-70578, with server-side default bucket layout, runner as owner, Versioning false, Storage Type set to DISK and Encryption set to false, Replication Type set to server-side default replication type, Namespace Quota set to -1, Space Quota set to -1 
2023-03-29 22:46:01,272 [OM StateMachine ApplyTransaction Thread - 0] INFO  bucket.OMBucketCreateRequest (OMBucketCreateRequest.java:validateAndUpdateCache(262)) - created bucket: buck-70578 of layout FILE_SYSTEM_OPTIMIZED in volume: vol-79261
2023-03-29 22:46:01,273 [OM StateMachine ApplyTransaction Thread - 0] INFO  bucket.OMBucketCreateRequest (OMBucketCreateRequest.java:validateAndUpdateCache(262)) - created bucket: buck-70578 of layout FILE_SYSTEM_OPTIMIZED in volume: vol-79261
2023-03-29 22:46:01,274 [OM StateMachine ApplyTransaction Thread - 0] INFO  bucket.OMBucketCreateRequest (OMBucketCreateRequest.java:validateAndUpdateCache(262)) - created bucket: buck-70578 of layout FILE_SYSTEM_OPTIMIZED in volume: vol-79261
2023-03-29 22:46:01,316 [OM StateMachine ApplyTransaction Thread - 0] INFO  snapshot.OMSnapshotCreateRequest (OMSnapshotCreateRequest.java:validateAndUpdateCache(204)) - Created snapshot 'snap26998' under path 'vol-79261/buck-94608'
2023-03-29 22:46:01,319 [OM StateMachine ApplyTransaction Thread - 0] INFO  snapshot.OMSnapshotCreateRequest (OMSnapshotCreateRequest.java:validateAndUpdateCache(204)) - Created snapshot 'snap26998' under path 'vol-79261/buck-94608'
2023-03-29 22:46:01,320 [OM StateMachine ApplyTransaction Thread - 0] INFO  snapshot.OMSnapshotCreateRequest (OMSnapshotCreateRequest.java:validateAndUpdateCache(204)) - Created snapshot 'snap26998' under path 'vol-79261/buck-94608'
2023-03-29 22:46:01,366 [OMDoubleBufferFlushThread] INFO  db.RDBCheckpointManager (RDBCheckpointManager.java:createCheckpoint(96)) - Created checkpoint in rocksDB at /home/runner/work/ozone/ozone/hadoop-ozone/integration-test/target/test-dir/MiniOzoneClusterImpl-8ae17f6e-7b8d-4fcc-9253-feb95f7e1717/omNode-1/db.snapshots/om.db-cf261078-2b33-4639-aba2-e4a70129dd55 in 48 milliseconds
2023-03-29 22:46:01,367 [OMDoubleBufferFlushThread] INFO  db.RDBCheckpointManager (RDBCheckpointManager.java:waitForCheckpointDirectoryExist(125)) - Waited for 1 milliseconds for checkpoint directory /home/runner/work/ozone/ozone/hadoop-ozone/integration-test/target/test-dir/MiniOzoneClusterImpl-8ae17f6e-7b8d-4fcc-9253-feb95f7e1717/omNode-1/db.snapshots/om.db-cf261078-2b33-4639-aba2-e4a70129dd55 availability.
2023-03-29 22:46:01,367 [OMDoubleBufferFlushThread] INFO  om.OmSnapshotManager (OmSnapshotManager.java:createOmSnapshotCheckpoint(317)) - Created checkpoint : /home/runner/work/ozone/ozone/hadoop-ozone/integration-test/target/test-dir/MiniOzoneClusterImpl-8ae17f6e-7b8d-4fcc-9253-feb95f7e1717/omNode-1/db.snapshots/om.db-cf261078-2b33-4639-aba2-e4a70129dd55 for snapshot snap26998
2023-03-29 22:46:01,375 [OMDoubleBufferFlushThread] INFO  db.RDBCheckpointManager (RDBCheckpointManager.java:createCheckpoint(96)) - Created checkpoint in rocksDB at /home/runner/work/ozone/ozone/hadoop-ozone/integration-test/target/test-dir/MiniOzoneClusterImpl-8ae17f6e-7b8d-4fcc-9253-feb95f7e1717/omNode-2/db.snapshots/om.db-cf261078-2b33-4639-aba2-e4a70129dd55 in 53 milliseconds
2023-03-29 22:46:01,376 [OMDoubleBufferFlushThread] INFO  db.RDBCheckpointManager (RDBCheckpointManager.java:createCheckpoint(96)) - Created checkpoint in rocksDB at /home/runner/work/ozone/ozone/hadoop-ozone/integration-test/target/test-dir/MiniOzoneClusterImpl-8ae17f6e-7b8d-4fcc-9253-feb95f7e1717/omNode-3/db.snapshots/om.db-cf261078-2b33-4639-aba2-e4a70129dd55 in 55 milliseconds
2023-03-29 22:46:01,382 [OMDoubleBufferFlushThread] INFO  db.RDBCheckpointManager (RDBCheckpointManager.java:waitForCheckpointDirectoryExist(125)) - Waited for 7 milliseconds for checkpoint directory /home/runner/work/ozone/ozone/hadoop-ozone/integration-test/target/test-dir/MiniOzoneClusterImpl-8ae17f6e-7b8d-4fcc-9253-feb95f7e1717/omNode-2/db.snapshots/om.db-cf261078-2b33-4639-aba2-e4a70129dd55 availability.
2023-03-29 22:46:01,383 [OMDoubleBufferFlushThread] INFO  om.OmSnapshotManager (OmSnapshotManager.java:createOmSnapshotCheckpoint(317)) - Created checkpoint : /home/runner/work/ozone/ozone/hadoop-ozone/integration-test/target/test-dir/MiniOzoneClusterImpl-8ae17f6e-7b8d-4fcc-9253-feb95f7e1717/omNode-2/db.snapshots/om.db-cf261078-2b33-4639-aba2-e4a70129dd55 for snapshot snap26998
2023-03-29 22:46:01,383 [OMDoubleBufferFlushThread] INFO  db.RDBCheckpointManager (RDBCheckpointManager.java:waitForCheckpointDirectoryExist(125)) - Waited for 7 milliseconds for checkpoint directory /home/runner/work/ozone/ozone/hadoop-ozone/integration-test/target/test-dir/MiniOzoneClusterImpl-8ae17f6e-7b8d-4fcc-9253-feb95f7e1717/omNode-3/db.snapshots/om.db-cf261078-2b33-4639-aba2-e4a70129dd55 availability.
2023-03-29 22:46:01,384 [OMDoubleBufferFlushThread] INFO  om.OmSnapshotManager (OmSnapshotManager.java:createOmSnapshotCheckpoint(317)) - Created checkpoint : /home/runner/work/ozone/ozone/hadoop-ozone/integration-test/target/test-dir/MiniOzoneClusterImpl-8ae17f6e-7b8d-4fcc-9253-feb95f7e1717/omNode-3/db.snapshots/om.db-cf261078-2b33-4639-aba2-e4a70129dd55 for snapshot snap26998
2023-03-29 22:46:02,459 [OM StateMachine ApplyTransaction Thread - 0] INFO  snapshot.OMSnapshotCreateRequest (OMSnapshotCreateRequest.java:validateAndUpdateCache(204)) - Created snapshot 'snap56700' under path 'vol-79261/buck-94608'
2023-03-29 22:46:02,461 [OM StateMachine ApplyTransaction Thread - 0] INFO  snapshot.OMSnapshotCreateRequest (OMSnapshotCreateRequest.java:validateAndUpdateCache(204)) - Created snapshot 'snap56700' under path 'vol-79261/buck-94608'
2023-03-29 22:46:02,461 [OM StateMachine ApplyTransaction Thread - 0] INFO  snapshot.OMSnapshotCreateRequest (OMSnapshotCreateRequest.java:validateAndUpdateCache(204)) - Created snapshot 'snap56700' under path 'vol-79261/buck-94608'
2023-03-29 22:46:02,491 [OMDoubleBufferFlushThread] INFO  db.RDBCheckpointManager (RDBCheckpointManager.java:createCheckpoint(96)) - Created checkpoint in rocksDB at /home/runner/work/ozone/ozone/hadoop-ozone/integration-test/target/test-dir/MiniOzoneClusterImpl-8ae17f6e-7b8d-4fcc-9253-feb95f7e1717/omNode-1/db.snapshots/om.db-c6a8a467-3afd-44f5-bc86-5936c7306316 in 29 milliseconds
2023-03-29 22:46:02,492 [OMDoubleBufferFlushThread] INFO  db.RDBCheckpointManager (RDBCheckpointManager.java:waitForCheckpointDirectoryExist(125)) - Waited for 1 milliseconds for checkpoint directory /home/runner/work/ozone/ozone/hadoop-ozone/integration-test/target/test-dir/MiniOzoneClusterImpl-8ae17f6e-7b8d-4fcc-9253-feb95f7e1717/omNode-1/db.snapshots/om.db-c6a8a467-3afd-44f5-bc86-5936c7306316 availability.
2023-03-29 22:46:02,492 [OMDoubleBufferFlushThread] WARN  om.OmSnapshotManager (OmSnapshotManager.java:deleteKeysInSnapshotScopeFromDTableInternal(396)) - Took 101006 ns to clean up deletedTable
2023-03-29 22:46:02,492 [OMDoubleBufferFlushThread] INFO  om.OmSnapshotManager (OmSnapshotManager.java:createOmSnapshotCheckpoint(317)) - Created checkpoint : /home/runner/work/ozone/ozone/hadoop-ozone/integration-test/target/test-dir/MiniOzoneClusterImpl-8ae17f6e-7b8d-4fcc-9253-feb95f7e1717/omNode-1/db.snapshots/om.db-c6a8a467-3afd-44f5-bc86-5936c7306316 for snapshot snap56700
2023-03-29 22:46:02,500 [OMDoubleBufferFlushThread] INFO  db.RDBCheckpointManager (RDBCheckpointManager.java:createCheckpoint(96)) - Created checkpoint in rocksDB at /home/runner/work/ozone/ozone/hadoop-ozone/integration-test/target/test-dir/MiniOzoneClusterImpl-8ae17f6e-7b8d-4fcc-9253-feb95f7e1717/omNode-2/db.snapshots/om.db-c6a8a467-3afd-44f5-bc86-5936c7306316 in 38 milliseconds
2023-03-29 22:46:02,503 [OMDoubleBufferFlushThread] INFO  db.RDBCheckpointManager (RDBCheckpointManager.java:createCheckpoint(96)) - Created checkpoint in rocksDB at /home/runner/work/ozone/ozone/hadoop-ozone/integration-test/target/test-dir/MiniOzoneClusterImpl-8ae17f6e-7b8d-4fcc-9253-feb95f7e1717/omNode-3/db.snapshots/om.db-c6a8a467-3afd-44f5-bc86-5936c7306316 in 40 milliseconds
2023-03-29 22:46:02,507 [OMDoubleBufferFlushThread] INFO  db.RDBCheckpointManager (RDBCheckpointManager.java:waitForCheckpointDirectoryExist(125)) - Waited for 7 milliseconds for checkpoint directory /home/runner/work/ozone/ozone/hadoop-ozone/integration-test/target/test-dir/MiniOzoneClusterImpl-8ae17f6e-7b8d-4fcc-9253-feb95f7e1717/omNode-2/db.snapshots/om.db-c6a8a467-3afd-44f5-bc86-5936c7306316 availability.
2023-03-29 22:46:02,507 [OMDoubleBufferFlushThread] INFO  om.OmSnapshotManager (OmSnapshotManager.java:createOmSnapshotCheckpoint(317)) - Created checkpoint : /home/runner/work/ozone/ozone/hadoop-ozone/integration-test/target/test-dir/MiniOzoneClusterImpl-8ae17f6e-7b8d-4fcc-9253-feb95f7e1717/omNode-2/db.snapshots/om.db-c6a8a467-3afd-44f5-bc86-5936c7306316 for snapshot snap56700
2023-03-29 22:46:02,511 [OMDoubleBufferFlushThread] INFO  db.RDBCheckpointManager (RDBCheckpointManager.java:waitForCheckpointDirectoryExist(125)) - Waited for 8 milliseconds for checkpoint directory /home/runner/work/ozone/ozone/hadoop-ozone/integration-test/target/test-dir/MiniOzoneClusterImpl-8ae17f6e-7b8d-4fcc-9253-feb95f7e1717/omNode-3/db.snapshots/om.db-c6a8a467-3afd-44f5-bc86-5936c7306316 availability.
2023-03-29 22:46:02,511 [OMDoubleBufferFlushThread] INFO  om.OmSnapshotManager (OmSnapshotManager.java:createOmSnapshotCheckpoint(317)) - Created checkpoint : /home/runner/work/ozone/ozone/hadoop-ozone/integration-test/target/test-dir/MiniOzoneClusterImpl-8ae17f6e-7b8d-4fcc-9253-feb95f7e1717/omNode-3/db.snapshots/om.db-c6a8a467-3afd-44f5-bc86-5936c7306316 for snapshot snap56700
2023-03-29 22:46:03,463 [IPC Server handler 4 on default port 38145] WARN  server.ServerUtils (ServerUtils.java:getDBPath(225)) - ozone.om.db.dirs is not configured. We recommend adding this setting. Falling back to ozone.metadata.dirs instead.
2023-03-29 22:46:03,463 [IPC Server handler 4 on default port 38145] INFO  codec.OmKeyInfoCodec (OmKeyInfoCodec.java:<init>(49)) - OmKeyInfoCodec ignorePipeline = true
2023-03-29 22:46:03,463 [IPC Server handler 4 on default port 38145] INFO  codec.RepeatedOmKeyInfoCodec (RepeatedOmKeyInfoCodec.java:<init>(41)) - RepeatedOmKeyInfoCodec ignorePipeline = true
2023-03-29 22:46:04,114 [omNode-3@group-523986131536-FollowerState] INFO  impl.FollowerState (FollowerState.java:run(143)) - omNode-3@group-523986131536-FollowerState: change to CANDIDATE, lastRpcElapsedTime:1151318124ns, electionTimeout:1065ms
2023-03-29 22:46:04,114 [omNode-3@group-523986131536-FollowerState] INFO  impl.RoleInfo (RoleInfo.java:shutdownFollowerState(110)) - omNode-3: shutdown omNode-3@group-523986131536-FollowerState
2023-03-29 22:46:04,115 [omNode-3@group-523986131536-FollowerState] INFO  server.RaftServer$Division (RaftServerImpl.java:setRole(321)) - omNode-3@group-523986131536: changes role from  FOLLOWER to CANDIDATE at term 1 for changeToCandidate
2023-03-29 22:46:04,115 [omNode-3@group-523986131536-FollowerState] INFO  server.RaftServerConfigKeys (ConfUtils.java:logGet(46)) - raft.server.leaderelection.pre-vote = true (default)
2023-03-29 22:46:04,115 [omNode-3@group-523986131536-FollowerState] INFO  impl.RoleInfo (RoleInfo.java:updateAndGet(139)) - omNode-3: start omNode-3@group-523986131536-LeaderElection14
2023-03-29 22:46:04,120 [JvmPauseMonitor9] WARN  util.JvmPauseMonitor (JvmPauseMonitor.java:detectPause(126)) - JvmPauseMonitor-1b03df48-31d6-4d50-bcfe-06272533350b: Detected pause in JVM or host machine (eg GC): pause of approximately 402227784ns.
GC pool 'PS MarkSweep' had collection(s): count=1 time=329ms
GC pool 'PS Scavenge' had collection(s): count=1 time=319ms
2023-03-29 22:46:04,121 [JvmPauseMonitor8] WARN  util.JvmPauseMonitor (JvmPauseMonitor.java:detectPause(126)) - JvmPauseMonitor-omNode-3: Detected pause in JVM or host machine (eg GC): pause of approximately 444685197ns.
GC pool 'PS MarkSweep' had collection(s): count=1 time=329ms
GC pool 'PS Scavenge' had collection(s): count=1 time=319ms
2023-03-29 22:46:04,121 [31377470-4be3-4e7f-893b-aea4cf46f3a2@group-715515AC4EA0-FollowerState] WARN  impl.FollowerState (FollowerState.java:run(130)) - Unexpected long sleep: sleep 5057ms but took extra 489809664ns (> threshold = 300ms)
2023-03-29 22:46:04,121 [1b03df48-31d6-4d50-bcfe-06272533350b@group-715515AC4EA0-FollowerState] WARN  impl.FollowerState (FollowerState.java:run(130)) - Unexpected long sleep: sleep 5048ms but took extra 500318153ns (> threshold = 300ms)
2023-03-29 22:46:04,121 [JvmPauseMonitor10] WARN  util.JvmPauseMonitor (JvmPauseMonitor.java:detectPause(126)) - JvmPauseMonitor-31377470-4be3-4e7f-893b-aea4cf46f3a2: Detected pause in JVM or host machine (eg GC): pause of approximately 522849222ns.
GC pool 'PS MarkSweep' had collection(s): count=1 time=329ms
GC pool 'PS Scavenge' had collection(s): count=1 time=319ms
2023-03-29 22:46:04,122 [JvmPauseMonitor6] WARN  util.JvmPauseMonitor (JvmPauseMonitor.java:detectPause(126)) - JvmPauseMonitor-omNode-1: Detected pause in JVM or host machine (eg GC): pause of approximately 627384207ns.
GC pool 'PS MarkSweep' had collection(s): count=1 time=329ms
GC pool 'PS Scavenge' had collection(s): count=1 time=319ms
2023-03-29 22:46:04,122 [JvmPauseMonitor11] WARN  util.JvmPauseMonitor (JvmPauseMonitor.java:detectPause(126)) - JvmPauseMonitor-399773cb-fecd-40e3-a3a3-0a72d991f432: Detected pause in JVM or host machine (eg GC): pause of approximately 647635806ns.
GC pool 'PS MarkSweep' had collection(s): count=1 time=329ms
GC pool 'PS Scavenge' had collection(s): count=1 time=319ms
2023-03-29 22:46:04,125 [JvmPauseMonitor7] WARN  util.JvmPauseMonitor (JvmPauseMonitor.java:detectPause(126)) - JvmPauseMonitor-omNode-2: Detected pause in JVM or host machine (eg GC): pause of approximately 345149207ns.
GC pool 'PS MarkSweep' had collection(s): count=1 time=329ms
GC pool 'PS Scavenge' had collection(s): count=1 time=319ms
2023-03-29 22:46:04,125 [omNode-3@group-523986131536-LeaderElection14] INFO  server.RaftServer$Division (ServerState.java:setLeader(313)) - omNode-3@group-523986131536: change Leader from omNode-1 to null at term 1 for PRE_VOTE
2023-03-29 22:46:04,129 [omNode-3@group-523986131536-LeaderElection14] INFO  impl.LeaderElection (LeaderElection.java:askForVotes(312)) - omNode-3@group-523986131536-LeaderElection14 PRE_VOTE round 0: submit vote requests at term 1 for 0: peers:[omNode-3|rpc:localhost:44969|admin:|client:|dataStream:|priority:0|startupRole:FOLLOWER, omNode-1|rpc:localhost:34741|admin:|client:|dataStream:|priority:0|startupRole:FOLLOWER, omNode-2|rpc:localhost:39199|admin:|client:|dataStream:|priority:0|startupRole:FOLLOWER]|listeners:[], old=null
2023-03-29 22:46:04,129 [omNode-3@group-523986131536-LeaderElection14-1] INFO  server.GrpcServerProtocolClient (GrpcServerProtocolClient.java:<init>(63)) - Build channel for omNode-1
2023-03-29 22:46:04,130 [omNode-3-server-thread2] INFO  server.RaftServer$Division (RaftServerImpl.java:setRole(321)) - omNode-3@group-523986131536: changes role from CANDIDATE to FOLLOWER at term 1 for appendEntries
2023-03-29 22:46:04,139 [omNode-3-server-thread2] INFO  impl.RoleInfo (RoleInfo.java:shutdownLeaderElection(130)) - omNode-3: shutdown omNode-3@group-523986131536-LeaderElection14
2023-03-29 22:46:04,139 [omNode-3-server-thread2] INFO  impl.RoleInfo (RoleInfo.java:updateAndGet(139)) - omNode-3: start omNode-3@group-523986131536-FollowerState
2023-03-29 22:46:04,140 [omNode-3-server-thread2] INFO  server.RaftServer$Division (ServerState.java:setLeader(313)) - omNode-3@group-523986131536: change Leader from null to omNode-1 at term 1 for appendEntries, leader elected after 14ms
2023-03-29 22:46:04,143 [omNode-3@group-523986131536-LeaderElection14-2] INFO  server.GrpcServerProtocolClient (GrpcServerProtocolClient.java:<init>(63)) - Build channel for omNode-2
2023-03-29 22:46:04,149 [grpc-default-executor-6] INFO  server.RaftServer$Division (RaftServerImpl.java:requestVote(1218)) - omNode-1@group-523986131536: receive requestVote(PRE_VOTE, omNode-3, group-523986131536, 1, (t:1, i:50))
2023-03-29 22:46:04,149 [grpc-default-executor-6] INFO  impl.VoteContext (VoteContext.java:log(49)) - omNode-1@group-523986131536-LEADER: reject PRE_VOTE from omNode-3: this server is the leader and still has leadership
2023-03-29 22:46:04,149 [grpc-default-executor-6] INFO  server.RaftServer$Division (RaftServerImpl.java:requestVote(1251)) - omNode-1@group-523986131536 replies to PRE_VOTE vote request: omNode-3<-omNode-1#0:FAIL-t1. Peer's state: omNode-1@group-523986131536:t1, leader=omNode-1, voted=omNode-1, raftlog=Memoized:omNode-1@group-523986131536-SegmentedRaftLog:OPENED:c50, conf=0: peers:[omNode-3|rpc:localhost:44969|admin:|client:|dataStream:|priority:0|startupRole:FOLLOWER, omNode-1|rpc:localhost:34741|admin:|client:|dataStream:|priority:0|startupRole:FOLLOWER, omNode-2|rpc:localhost:39199|admin:|client:|dataStream:|priority:0|startupRole:FOLLOWER]|listeners:[], old=null
2023-03-29 22:46:04,154 [grpc-default-executor-6] INFO  server.RaftServer$Division (RaftServerImpl.java:requestVote(1218)) - omNode-2@group-523986131536: receive requestVote(PRE_VOTE, omNode-3, group-523986131536, 1, (t:1, i:50))
2023-03-29 22:46:04,154 [grpc-default-executor-6] INFO  impl.VoteContext (VoteContext.java:log(49)) - omNode-2@group-523986131536-FOLLOWER: reject PRE_VOTE from omNode-3: this server is a follower and still has a valid leader omNode-1
2023-03-29 22:46:04,155 [grpc-default-executor-6] INFO  server.RaftServer$Division (RaftServerImpl.java:requestVote(1251)) - omNode-2@group-523986131536 replies to PRE_VOTE vote request: omNode-3<-omNode-2#0:FAIL-t1. Peer's state: omNode-2@group-523986131536:t1, leader=omNode-1, voted=omNode-1, raftlog=Memoized:omNode-2@group-523986131536-SegmentedRaftLog:OPENED:c50, conf=0: peers:[omNode-3|rpc:localhost:44969|admin:|client:|dataStream:|priority:0|startupRole:FOLLOWER, omNode-1|rpc:localhost:34741|admin:|client:|dataStream:|priority:0|startupRole:FOLLOWER, omNode-2|rpc:localhost:39199|admin:|client:|dataStream:|priority:0|startupRole:FOLLOWER]|listeners:[], old=null
2023-03-29 22:46:04,156 [omNode-3@group-523986131536-LeaderElection14] INFO  impl.LeaderElection (LeaderElection.java:logAndReturn(90)) - omNode-3@group-523986131536-LeaderElection14: PRE_VOTE REJECTED received 1 response(s) and 0 exception(s):
2023-03-29 22:46:04,156 [omNode-3@group-523986131536-LeaderElection14] INFO  impl.LeaderElection (LeaderElection.java:logAndReturn(94)) -   Response 0: omNode-3<-omNode-1#0:FAIL-t1
2023-03-29 22:46:04,156 [omNode-3@group-523986131536-LeaderElection14] INFO  impl.LeaderElection (LeaderElection.java:askForVotes(314)) - omNode-3@group-523986131536-LeaderElection14 PRE_VOTE round 0: result REJECTED
2023-03-29 22:46:04,191 [IPC Server handler 4 on default port 38145] WARN  server.ServerUtils (ServerUtils.java:getDBPath(225)) - ozone.om.db.dirs is not configured. We recommend adding this setting. Falling back to ozone.metadata.dirs instead.
2023-03-29 22:46:04,192 [IPC Server handler 4 on default port 38145] INFO  codec.OmKeyInfoCodec (OmKeyInfoCodec.java:<init>(49)) - OmKeyInfoCodec ignorePipeline = true
2023-03-29 22:46:04,192 [IPC Server handler 4 on default port 38145] INFO  codec.RepeatedOmKeyInfoCodec (RepeatedOmKeyInfoCodec.java:<init>(41)) - RepeatedOmKeyInfoCodec ignorePipeline = true
2023-03-29 22:46:04,219 [IPC Server handler 4 on default port 38145] INFO  snapshot.SnapshotDiffManager (SnapshotDiffManager.java:submitSnapDiffJob(343)) - Submitting snap diff report generation request for volume: vol-79261, bucket: buck-94608, fromSnapshot: snap26998 and toSnapshot: snap56700
]]></system-out>
  </testcase>
  <testcase name="testSnapDiffMultipleBuckets" classname="TestOmSnapshot" time="3.233">
    <system-out><![CDATA[22:47:06.686 [OM StateMachine ApplyTransaction Thread - 0] ERROR OMAudit - user=runner | ip=127.0.0.1 | op=DELETE_SNAPSHOT {volume=vol-20185, bucket=buck-78095, snapshotName=snapnonexistent} | ret=FAILURE
org.apache.hadoop.ozone.om.exceptions.OMException: Snapshot does not exist
	at org.apache.hadoop.ozone.om.request.snapshot.OMSnapshotDeleteRequest.validateAndUpdateCache(OMSnapshotDeleteRequest.java:152) ~[ozone-manager-1.4.0-SNAPSHOT.jar:?]
	at org.apache.hadoop.ozone.protocolPB.OzoneManagerRequestHandler.handleWriteRequest(OzoneManagerRequestHandler.java:337) ~[ozone-manager-1.4.0-SNAPSHOT.jar:?]
	at org.apache.hadoop.ozone.om.ratis.OzoneManagerStateMachine.runCommand(OzoneManagerStateMachine.java:533) ~[ozone-manager-1.4.0-SNAPSHOT.jar:?]
	at org.apache.hadoop.ozone.om.ratis.OzoneManagerStateMachine.lambda$1(OzoneManagerStateMachine.java:324) ~[ozone-manager-1.4.0-SNAPSHOT.jar:?]
	at java.util.concurrent.CompletableFuture$AsyncSupply.run(CompletableFuture.java:1604) [?:1.8.0_362]
	at java.util.concurrent.ThreadPoolExecutor.runWorker(ThreadPoolExecutor.java:1149) [?:1.8.0_362]
	at java.util.concurrent.ThreadPoolExecutor$Worker.run(ThreadPoolExecutor.java:624) [?:1.8.0_362]
	at java.lang.Thread.run(Thread.java:750) [?:1.8.0_362]
2023-03-29 22:47:06,686 [OM StateMachine ApplyTransaction Thread - 0] ERROR snapshot.OMSnapshotDeleteRequest (OMSnapshotDeleteRequest.java:validateAndUpdateCache(225)) - Failed to delete snapshot 'snapnonexistent' under path 'vol-20185/buck-78095'
22:47:06.686 [OM StateMachine ApplyTransaction Thread - 0] ERROR OMAudit - user=runner | ip=127.0.0.1 | op=DELETE_SNAPSHOT {volume=vol-20185, bucket=buck-78095, snapshotName=snapnonexistent} | ret=FAILURE
org.apache.hadoop.ozone.om.exceptions.OMException: Snapshot does not exist
	at org.apache.hadoop.ozone.om.request.snapshot.OMSnapshotDeleteRequest.validateAndUpdateCache(OMSnapshotDeleteRequest.java:152) ~[ozone-manager-1.4.0-SNAPSHOT.jar:?]
	at org.apache.hadoop.ozone.protocolPB.OzoneManagerRequestHandler.handleWriteRequest(OzoneManagerRequestHandler.java:337) ~[ozone-manager-1.4.0-SNAPSHOT.jar:?]
	at org.apache.hadoop.ozone.om.ratis.OzoneManagerStateMachine.runCommand(OzoneManagerStateMachine.java:533) ~[ozone-manager-1.4.0-SNAPSHOT.jar:?]
	at org.apache.hadoop.ozone.om.ratis.OzoneManagerStateMachine.lambda$1(OzoneManagerStateMachine.java:324) ~[ozone-manager-1.4.0-SNAPSHOT.jar:?]
	at java.util.concurrent.CompletableFuture$AsyncSupply.run(CompletableFuture.java:1604) [?:1.8.0_362]
	at java.util.concurrent.ThreadPoolExecutor.runWorker(ThreadPoolExecutor.java:1149) [?:1.8.0_362]
	at java.util.concurrent.ThreadPoolExecutor$Worker.run(ThreadPoolExecutor.java:624) [?:1.8.0_362]
	at java.lang.Thread.run(Thread.java:750) [?:1.8.0_362]
2023-03-29 22:47:06,686 [OM StateMachine ApplyTransaction Thread - 0] ERROR snapshot.OMSnapshotDeleteRequest (OMSnapshotDeleteRequest.java:validateAndUpdateCache(225)) - Failed to delete snapshot 'snapnonexistent' under path 'vol-20185/buck-78095'
2023-03-29 22:47:06,690 [Time-limited test] INFO  rpc.RpcClient (RpcClient.java:createVolume(476)) - Creating Volume: vol-03454, with runner as owner and space quota set to -1 bytes, counts quota set to -1
2023-03-29 22:47:06,692 [OM StateMachine ApplyTransaction Thread - 0] INFO  volume.OMVolumeCreateRequest (OMVolumeCreateRequest.java:validateAndUpdateCache(195)) - created volume:vol-03454 for user:runner
2023-03-29 22:47:06,694 [OM StateMachine ApplyTransaction Thread - 0] INFO  volume.OMVolumeCreateRequest (OMVolumeCreateRequest.java:validateAndUpdateCache(195)) - created volume:vol-03454 for user:runner
2023-03-29 22:47:06,694 [OM StateMachine ApplyTransaction Thread - 0] INFO  volume.OMVolumeCreateRequest (OMVolumeCreateRequest.java:validateAndUpdateCache(195)) - created volume:vol-03454 for user:runner
2023-03-29 22:47:06,694 [Time-limited test] INFO  rpc.RpcClient (RpcClient.java:createBucket(698)) - Creating Bucket: vol-03454/buck-21472, with server-side default bucket layout, runner as owner, Versioning false, Storage Type set to DISK and Encryption set to false, Replication Type set to server-side default replication type, Namespace Quota set to -1, Space Quota set to -1 
2023-03-29 22:47:06,697 [OM StateMachine ApplyTransaction Thread - 0] INFO  bucket.OMBucketCreateRequest (OMBucketCreateRequest.java:validateAndUpdateCache(262)) - created bucket: buck-21472 of layout LEGACY in volume: vol-03454
2023-03-29 22:47:06,698 [Time-limited test] INFO  rpc.RpcClient (RpcClient.java:createBucket(698)) - Creating Bucket: vol-03454/buck-65044, with server-side default bucket layout, runner as owner, Versioning false, Storage Type set to DISK and Encryption set to false, Replication Type set to server-side default replication type, Namespace Quota set to -1, Space Quota set to -1 
2023-03-29 22:47:06,698 [OM StateMachine ApplyTransaction Thread - 0] INFO  bucket.OMBucketCreateRequest (OMBucketCreateRequest.java:validateAndUpdateCache(262)) - created bucket: buck-21472 of layout LEGACY in volume: vol-03454
2023-03-29 22:47:06,699 [OM StateMachine ApplyTransaction Thread - 0] INFO  bucket.OMBucketCreateRequest (OMBucketCreateRequest.java:validateAndUpdateCache(262)) - created bucket: buck-21472 of layout LEGACY in volume: vol-03454
2023-03-29 22:47:06,700 [OM StateMachine ApplyTransaction Thread - 0] INFO  bucket.OMBucketCreateRequest (OMBucketCreateRequest.java:validateAndUpdateCache(262)) - created bucket: buck-65044 of layout LEGACY in volume: vol-03454
2023-03-29 22:47:06,702 [OM StateMachine ApplyTransaction Thread - 0] INFO  bucket.OMBucketCreateRequest (OMBucketCreateRequest.java:validateAndUpdateCache(262)) - created bucket: buck-65044 of layout LEGACY in volume: vol-03454
2023-03-29 22:47:06,702 [OM StateMachine ApplyTransaction Thread - 0] INFO  bucket.OMBucketCreateRequest (OMBucketCreateRequest.java:validateAndUpdateCache(262)) - created bucket: buck-65044 of layout LEGACY in volume: vol-03454
2023-03-29 22:47:06,775 [OM StateMachine ApplyTransaction Thread - 0] INFO  snapshot.OMSnapshotCreateRequest (OMSnapshotCreateRequest.java:validateAndUpdateCache(204)) - Created snapshot 'snap46388' under path 'vol-03454/buck-21472'
2023-03-29 22:47:06,777 [OM StateMachine ApplyTransaction Thread - 0] INFO  snapshot.OMSnapshotCreateRequest (OMSnapshotCreateRequest.java:validateAndUpdateCache(204)) - Created snapshot 'snap46388' under path 'vol-03454/buck-21472'
2023-03-29 22:47:06,777 [OM StateMachine ApplyTransaction Thread - 0] INFO  snapshot.OMSnapshotCreateRequest (OMSnapshotCreateRequest.java:validateAndUpdateCache(204)) - Created snapshot 'snap46388' under path 'vol-03454/buck-21472'
2023-03-29 22:47:06,832 [OMDoubleBufferFlushThread] INFO  db.RDBCheckpointManager (RDBCheckpointManager.java:createCheckpoint(96)) - Created checkpoint in rocksDB at /home/runner/work/ozone/ozone/hadoop-ozone/integration-test/target/test-dir/MiniOzoneClusterImpl-bfbd9018-35f1-41c4-9115-0ebbd4040a15/omNode-1/db.snapshots/om.db-afc1f0c3-b27b-421f-b016-b4b4a51f3e33 in 53 milliseconds
2023-03-29 22:47:06,832 [OMDoubleBufferFlushThread] INFO  db.RDBCheckpointManager (RDBCheckpointManager.java:createCheckpoint(96)) - Created checkpoint in rocksDB at /home/runner/work/ozone/ozone/hadoop-ozone/integration-test/target/test-dir/MiniOzoneClusterImpl-bfbd9018-35f1-41c4-9115-0ebbd4040a15/omNode-3/db.snapshots/om.db-afc1f0c3-b27b-421f-b016-b4b4a51f3e33 in 52 milliseconds
2023-03-29 22:47:06,833 [OMDoubleBufferFlushThread] INFO  db.RDBCheckpointManager (RDBCheckpointManager.java:waitForCheckpointDirectoryExist(125)) - Waited for 0 milliseconds for checkpoint directory /home/runner/work/ozone/ozone/hadoop-ozone/integration-test/target/test-dir/MiniOzoneClusterImpl-bfbd9018-35f1-41c4-9115-0ebbd4040a15/omNode-1/db.snapshots/om.db-afc1f0c3-b27b-421f-b016-b4b4a51f3e33 availability.
2023-03-29 22:47:06,833 [OMDoubleBufferFlushThread] INFO  db.RDBCheckpointManager (RDBCheckpointManager.java:waitForCheckpointDirectoryExist(125)) - Waited for 1 milliseconds for checkpoint directory /home/runner/work/ozone/ozone/hadoop-ozone/integration-test/target/test-dir/MiniOzoneClusterImpl-bfbd9018-35f1-41c4-9115-0ebbd4040a15/omNode-3/db.snapshots/om.db-afc1f0c3-b27b-421f-b016-b4b4a51f3e33 availability.
2023-03-29 22:47:06,833 [OMDoubleBufferFlushThread] INFO  om.OmSnapshotManager (OmSnapshotManager.java:createOmSnapshotCheckpoint(317)) - Created checkpoint : /home/runner/work/ozone/ozone/hadoop-ozone/integration-test/target/test-dir/MiniOzoneClusterImpl-bfbd9018-35f1-41c4-9115-0ebbd4040a15/omNode-1/db.snapshots/om.db-afc1f0c3-b27b-421f-b016-b4b4a51f3e33 for snapshot snap46388
2023-03-29 22:47:06,833 [OMDoubleBufferFlushThread] INFO  om.OmSnapshotManager (OmSnapshotManager.java:createOmSnapshotCheckpoint(317)) - Created checkpoint : /home/runner/work/ozone/ozone/hadoop-ozone/integration-test/target/test-dir/MiniOzoneClusterImpl-bfbd9018-35f1-41c4-9115-0ebbd4040a15/omNode-3/db.snapshots/om.db-afc1f0c3-b27b-421f-b016-b4b4a51f3e33 for snapshot snap46388
2023-03-29 22:47:06,839 [OMDoubleBufferFlushThread] INFO  db.RDBCheckpointManager (RDBCheckpointManager.java:createCheckpoint(96)) - Created checkpoint in rocksDB at /home/runner/work/ozone/ozone/hadoop-ozone/integration-test/target/test-dir/MiniOzoneClusterImpl-bfbd9018-35f1-41c4-9115-0ebbd4040a15/omNode-2/db.snapshots/om.db-afc1f0c3-b27b-421f-b016-b4b4a51f3e33 in 59 milliseconds
2023-03-29 22:47:06,839 [OMDoubleBufferFlushThread] INFO  db.RDBCheckpointManager (RDBCheckpointManager.java:waitForCheckpointDirectoryExist(125)) - Waited for 0 milliseconds for checkpoint directory /home/runner/work/ozone/ozone/hadoop-ozone/integration-test/target/test-dir/MiniOzoneClusterImpl-bfbd9018-35f1-41c4-9115-0ebbd4040a15/omNode-2/db.snapshots/om.db-afc1f0c3-b27b-421f-b016-b4b4a51f3e33 availability.
2023-03-29 22:47:06,839 [OMDoubleBufferFlushThread] INFO  om.OmSnapshotManager (OmSnapshotManager.java:createOmSnapshotCheckpoint(317)) - Created checkpoint : /home/runner/work/ozone/ozone/hadoop-ozone/integration-test/target/test-dir/MiniOzoneClusterImpl-bfbd9018-35f1-41c4-9115-0ebbd4040a15/omNode-2/db.snapshots/om.db-afc1f0c3-b27b-421f-b016-b4b4a51f3e33 for snapshot snap46388
2023-03-29 22:47:07,840 [OM StateMachine ApplyTransaction Thread - 0] INFO  snapshot.OMSnapshotCreateRequest (OMSnapshotCreateRequest.java:validateAndUpdateCache(204)) - Created snapshot 'snap36069' under path 'vol-03454/buck-21472'
2023-03-29 22:47:07,842 [OM StateMachine ApplyTransaction Thread - 0] INFO  snapshot.OMSnapshotCreateRequest (OMSnapshotCreateRequest.java:validateAndUpdateCache(204)) - Created snapshot 'snap36069' under path 'vol-03454/buck-21472'
2023-03-29 22:47:07,845 [OM StateMachine ApplyTransaction Thread - 0] INFO  snapshot.OMSnapshotCreateRequest (OMSnapshotCreateRequest.java:validateAndUpdateCache(204)) - Created snapshot 'snap36069' under path 'vol-03454/buck-21472'
2023-03-29 22:47:07,878 [OMDoubleBufferFlushThread] INFO  db.RDBCheckpointManager (RDBCheckpointManager.java:createCheckpoint(96)) - Created checkpoint in rocksDB at /home/runner/work/ozone/ozone/hadoop-ozone/integration-test/target/test-dir/MiniOzoneClusterImpl-bfbd9018-35f1-41c4-9115-0ebbd4040a15/omNode-1/db.snapshots/om.db-a426b90f-4284-4b35-91c0-792154d47235 in 34 milliseconds
2023-03-29 22:47:07,881 [OMDoubleBufferFlushThread] INFO  db.RDBCheckpointManager (RDBCheckpointManager.java:waitForCheckpointDirectoryExist(125)) - Waited for 3 milliseconds for checkpoint directory /home/runner/work/ozone/ozone/hadoop-ozone/integration-test/target/test-dir/MiniOzoneClusterImpl-bfbd9018-35f1-41c4-9115-0ebbd4040a15/omNode-1/db.snapshots/om.db-a426b90f-4284-4b35-91c0-792154d47235 availability.
2023-03-29 22:47:07,881 [OMDoubleBufferFlushThread] INFO  om.OmSnapshotManager (OmSnapshotManager.java:createOmSnapshotCheckpoint(317)) - Created checkpoint : /home/runner/work/ozone/ozone/hadoop-ozone/integration-test/target/test-dir/MiniOzoneClusterImpl-bfbd9018-35f1-41c4-9115-0ebbd4040a15/omNode-1/db.snapshots/om.db-a426b90f-4284-4b35-91c0-792154d47235 for snapshot snap36069
2023-03-29 22:47:07,885 [OMDoubleBufferFlushThread] INFO  db.RDBCheckpointManager (RDBCheckpointManager.java:createCheckpoint(96)) - Created checkpoint in rocksDB at /home/runner/work/ozone/ozone/hadoop-ozone/integration-test/target/test-dir/MiniOzoneClusterImpl-bfbd9018-35f1-41c4-9115-0ebbd4040a15/omNode-2/db.snapshots/om.db-a426b90f-4284-4b35-91c0-792154d47235 in 38 milliseconds
2023-03-29 22:47:07,885 [OMDoubleBufferFlushThread] INFO  db.RDBCheckpointManager (RDBCheckpointManager.java:waitForCheckpointDirectoryExist(125)) - Waited for 0 milliseconds for checkpoint directory /home/runner/work/ozone/ozone/hadoop-ozone/integration-test/target/test-dir/MiniOzoneClusterImpl-bfbd9018-35f1-41c4-9115-0ebbd4040a15/omNode-2/db.snapshots/om.db-a426b90f-4284-4b35-91c0-792154d47235 availability.
2023-03-29 22:47:07,886 [OMDoubleBufferFlushThread] INFO  om.OmSnapshotManager (OmSnapshotManager.java:createOmSnapshotCheckpoint(317)) - Created checkpoint : /home/runner/work/ozone/ozone/hadoop-ozone/integration-test/target/test-dir/MiniOzoneClusterImpl-bfbd9018-35f1-41c4-9115-0ebbd4040a15/omNode-2/db.snapshots/om.db-a426b90f-4284-4b35-91c0-792154d47235 for snapshot snap36069
2023-03-29 22:47:07,888 [OMDoubleBufferFlushThread] INFO  db.RDBCheckpointManager (RDBCheckpointManager.java:createCheckpoint(96)) - Created checkpoint in rocksDB at /home/runner/work/ozone/ozone/hadoop-ozone/integration-test/target/test-dir/MiniOzoneClusterImpl-bfbd9018-35f1-41c4-9115-0ebbd4040a15/omNode-3/db.snapshots/om.db-a426b90f-4284-4b35-91c0-792154d47235 in 42 milliseconds
2023-03-29 22:47:07,888 [OMDoubleBufferFlushThread] INFO  db.RDBCheckpointManager (RDBCheckpointManager.java:waitForCheckpointDirectoryExist(125)) - Waited for 0 milliseconds for checkpoint directory /home/runner/work/ozone/ozone/hadoop-ozone/integration-test/target/test-dir/MiniOzoneClusterImpl-bfbd9018-35f1-41c4-9115-0ebbd4040a15/omNode-3/db.snapshots/om.db-a426b90f-4284-4b35-91c0-792154d47235 availability.
2023-03-29 22:47:07,888 [OMDoubleBufferFlushThread] INFO  om.OmSnapshotManager (OmSnapshotManager.java:createOmSnapshotCheckpoint(317)) - Created checkpoint : /home/runner/work/ozone/ozone/hadoop-ozone/integration-test/target/test-dir/MiniOzoneClusterImpl-bfbd9018-35f1-41c4-9115-0ebbd4040a15/omNode-3/db.snapshots/om.db-a426b90f-4284-4b35-91c0-792154d47235 for snapshot snap36069
2023-03-29 22:47:08,843 [IPC Server handler 16 on default port 42479] WARN  server.ServerUtils (ServerUtils.java:getDBPath(225)) - ozone.om.db.dirs is not configured. We recommend adding this setting. Falling back to ozone.metadata.dirs instead.
2023-03-29 22:47:08,844 [IPC Server handler 16 on default port 42479] INFO  codec.OmKeyInfoCodec (OmKeyInfoCodec.java:<init>(49)) - OmKeyInfoCodec ignorePipeline = true
2023-03-29 22:47:08,844 [IPC Server handler 16 on default port 42479] INFO  codec.RepeatedOmKeyInfoCodec (RepeatedOmKeyInfoCodec.java:<init>(41)) - RepeatedOmKeyInfoCodec ignorePipeline = true
2023-03-29 22:47:08,883 [IPC Server handler 16 on default port 42479] WARN  server.ServerUtils (ServerUtils.java:getDBPath(225)) - ozone.om.db.dirs is not configured. We recommend adding this setting. Falling back to ozone.metadata.dirs instead.
2023-03-29 22:47:08,885 [IPC Server handler 16 on default port 42479] INFO  codec.OmKeyInfoCodec (OmKeyInfoCodec.java:<init>(49)) - OmKeyInfoCodec ignorePipeline = true
2023-03-29 22:47:08,885 [IPC Server handler 16 on default port 42479] INFO  codec.RepeatedOmKeyInfoCodec (RepeatedOmKeyInfoCodec.java:<init>(41)) - RepeatedOmKeyInfoCodec ignorePipeline = true
2023-03-29 22:47:08,907 [IPC Server handler 16 on default port 42479] INFO  snapshot.SnapshotDiffManager (SnapshotDiffManager.java:submitSnapDiffJob(343)) - Submitting snap diff report generation request for volume: vol-03454, bucket: buck-21472, fromSnapshot: snap46388 and toSnapshot: snap36069
]]></system-out>
  </testcase>
  <testcase name="testDeleteSnapshotTwice" classname="TestOmSnapshot" time="1.111">
    <system-out><![CDATA[2023-03-29 22:45:00,467 [Time-limited test] INFO  rpc.RpcClient (RpcClient.java:createVolume(476)) - Creating Volume: vol-69896, with runner as owner and space quota set to -1 bytes, counts quota set to -1
2023-03-29 22:45:00,474 [OM StateMachine ApplyTransaction Thread - 0] INFO  volume.OMVolumeCreateRequest (OMVolumeCreateRequest.java:validateAndUpdateCache(195)) - created volume:vol-69896 for user:runner
2023-03-29 22:45:00,477 [OM StateMachine ApplyTransaction Thread - 0] INFO  volume.OMVolumeCreateRequest (OMVolumeCreateRequest.java:validateAndUpdateCache(195)) - created volume:vol-69896 for user:runner
2023-03-29 22:45:00,478 [OM StateMachine ApplyTransaction Thread - 0] INFO  volume.OMVolumeCreateRequest (OMVolumeCreateRequest.java:validateAndUpdateCache(195)) - created volume:vol-69896 for user:runner
2023-03-29 22:45:00,483 [Time-limited test] INFO  rpc.RpcClient (RpcClient.java:createBucket(698)) - Creating Bucket: vol-69896/buck-59225, with server-side default bucket layout, runner as owner, Versioning false, Storage Type set to DISK and Encryption set to false, Replication Type set to server-side default replication type, Namespace Quota set to -1, Space Quota set to -1 
2023-03-29 22:45:00,488 [OM StateMachine ApplyTransaction Thread - 0] INFO  bucket.OMBucketCreateRequest (OMBucketCreateRequest.java:validateAndUpdateCache(262)) - created bucket: buck-59225 of layout OBJECT_STORE in volume: vol-69896
2023-03-29 22:45:00,490 [OM StateMachine ApplyTransaction Thread - 0] INFO  bucket.OMBucketCreateRequest (OMBucketCreateRequest.java:validateAndUpdateCache(262)) - created bucket: buck-59225 of layout OBJECT_STORE in volume: vol-69896
2023-03-29 22:45:00,491 [OM StateMachine ApplyTransaction Thread - 0] INFO  bucket.OMBucketCreateRequest (OMBucketCreateRequest.java:validateAndUpdateCache(262)) - created bucket: buck-59225 of layout OBJECT_STORE in volume: vol-69896
2023-03-29 22:45:00,556 [OM StateMachine ApplyTransaction Thread - 0] INFO  snapshot.OMSnapshotCreateRequest (OMSnapshotCreateRequest.java:validateAndUpdateCache(204)) - Created snapshot 'snap99583' under path 'vol-69896/buck-59225'
2023-03-29 22:45:00,559 [OM StateMachine ApplyTransaction Thread - 0] INFO  snapshot.OMSnapshotCreateRequest (OMSnapshotCreateRequest.java:validateAndUpdateCache(204)) - Created snapshot 'snap99583' under path 'vol-69896/buck-59225'
2023-03-29 22:45:00,560 [OM StateMachine ApplyTransaction Thread - 0] INFO  snapshot.OMSnapshotCreateRequest (OMSnapshotCreateRequest.java:validateAndUpdateCache(204)) - Created snapshot 'snap99583' under path 'vol-69896/buck-59225'
2023-03-29 22:45:00,609 [OMDoubleBufferFlushThread] INFO  db.RDBCheckpointManager (RDBCheckpointManager.java:createCheckpoint(96)) - Created checkpoint in rocksDB at /home/runner/work/ozone/ozone/hadoop-ozone/integration-test/target/test-dir/MiniOzoneClusterImpl-bcbc84c2-519e-42a0-a817-fd35ffaa666a/omNode-2/db.snapshots/om.db-226d74d0-9aaa-448d-adf8-d5994b172bd2 in 47 milliseconds
2023-03-29 22:45:00,610 [OMDoubleBufferFlushThread] INFO  db.RDBCheckpointManager (RDBCheckpointManager.java:createCheckpoint(96)) - Created checkpoint in rocksDB at /home/runner/work/ozone/ozone/hadoop-ozone/integration-test/target/test-dir/MiniOzoneClusterImpl-bcbc84c2-519e-42a0-a817-fd35ffaa666a/omNode-3/db.snapshots/om.db-226d74d0-9aaa-448d-adf8-d5994b172bd2 in 48 milliseconds
2023-03-29 22:45:00,610 [OMDoubleBufferFlushThread] INFO  db.RDBCheckpointManager (RDBCheckpointManager.java:waitForCheckpointDirectoryExist(125)) - Waited for 1 milliseconds for checkpoint directory /home/runner/work/ozone/ozone/hadoop-ozone/integration-test/target/test-dir/MiniOzoneClusterImpl-bcbc84c2-519e-42a0-a817-fd35ffaa666a/omNode-2/db.snapshots/om.db-226d74d0-9aaa-448d-adf8-d5994b172bd2 availability.
2023-03-29 22:45:00,610 [OMDoubleBufferFlushThread] WARN  om.OmSnapshotManager (OmSnapshotManager.java:deleteKeysInSnapshotScopeFromDTableInternal(396)) - Took 101606 ns to clean up deletedTable
2023-03-29 22:45:00,611 [OMDoubleBufferFlushThread] INFO  om.OmSnapshotManager (OmSnapshotManager.java:createOmSnapshotCheckpoint(317)) - Created checkpoint : /home/runner/work/ozone/ozone/hadoop-ozone/integration-test/target/test-dir/MiniOzoneClusterImpl-bcbc84c2-519e-42a0-a817-fd35ffaa666a/omNode-2/db.snapshots/om.db-226d74d0-9aaa-448d-adf8-d5994b172bd2 for snapshot snap99583
2023-03-29 22:45:00,611 [OMDoubleBufferFlushThread] INFO  db.RDBCheckpointManager (RDBCheckpointManager.java:waitForCheckpointDirectoryExist(125)) - Waited for 1 milliseconds for checkpoint directory /home/runner/work/ozone/ozone/hadoop-ozone/integration-test/target/test-dir/MiniOzoneClusterImpl-bcbc84c2-519e-42a0-a817-fd35ffaa666a/omNode-3/db.snapshots/om.db-226d74d0-9aaa-448d-adf8-d5994b172bd2 availability.
2023-03-29 22:45:00,611 [OMDoubleBufferFlushThread] INFO  om.OmSnapshotManager (OmSnapshotManager.java:createOmSnapshotCheckpoint(317)) - Created checkpoint : /home/runner/work/ozone/ozone/hadoop-ozone/integration-test/target/test-dir/MiniOzoneClusterImpl-bcbc84c2-519e-42a0-a817-fd35ffaa666a/omNode-3/db.snapshots/om.db-226d74d0-9aaa-448d-adf8-d5994b172bd2 for snapshot snap99583
2023-03-29 22:45:00,620 [OMDoubleBufferFlushThread] INFO  db.RDBCheckpointManager (RDBCheckpointManager.java:createCheckpoint(96)) - Created checkpoint in rocksDB at /home/runner/work/ozone/ozone/hadoop-ozone/integration-test/target/test-dir/MiniOzoneClusterImpl-bcbc84c2-519e-42a0-a817-fd35ffaa666a/omNode-1/db.snapshots/om.db-226d74d0-9aaa-448d-adf8-d5994b172bd2 in 58 milliseconds
2023-03-29 22:45:00,620 [OMDoubleBufferFlushThread] INFO  db.RDBCheckpointManager (RDBCheckpointManager.java:waitForCheckpointDirectoryExist(125)) - Waited for 0 milliseconds for checkpoint directory /home/runner/work/ozone/ozone/hadoop-ozone/integration-test/target/test-dir/MiniOzoneClusterImpl-bcbc84c2-519e-42a0-a817-fd35ffaa666a/omNode-1/db.snapshots/om.db-226d74d0-9aaa-448d-adf8-d5994b172bd2 availability.
2023-03-29 22:45:00,621 [OMDoubleBufferFlushThread] INFO  om.OmSnapshotManager (OmSnapshotManager.java:createOmSnapshotCheckpoint(317)) - Created checkpoint : /home/runner/work/ozone/ozone/hadoop-ozone/integration-test/target/test-dir/MiniOzoneClusterImpl-bcbc84c2-519e-42a0-a817-fd35ffaa666a/omNode-1/db.snapshots/om.db-226d74d0-9aaa-448d-adf8-d5994b172bd2 for snapshot snap99583
2023-03-29 22:45:01,565 [OM StateMachine ApplyTransaction Thread - 0] INFO  snapshot.OMSnapshotDeleteRequest (OMSnapshotDeleteRequest.java:validateAndUpdateCache(221)) - Deleted snapshot 'snap99583' under path 'vol-69896/buck-59225'
2023-03-29 22:45:01,570 [OM StateMachine ApplyTransaction Thread - 0] INFO  snapshot.OMSnapshotDeleteRequest (OMSnapshotDeleteRequest.java:validateAndUpdateCache(221)) - Deleted snapshot 'snap99583' under path 'vol-69896/buck-59225'
2023-03-29 22:45:01,573 [OM StateMachine ApplyTransaction Thread - 0] INFO  snapshot.OMSnapshotDeleteRequest (OMSnapshotDeleteRequest.java:validateAndUpdateCache(221)) - Deleted snapshot 'snap99583' under path 'vol-69896/buck-59225'
22:45:01.575 [OM StateMachine ApplyTransaction Thread - 0] ERROR OMAudit - user=runner | ip=127.0.0.1 | op=DELETE_SNAPSHOT {volume=vol-69896, bucket=buck-59225, snapshotName=snap99583} | ret=FAILURE
org.apache.hadoop.ozone.om.exceptions.OMException: Snapshot is already deleted. Pending reclamation.
	at org.apache.hadoop.ozone.om.request.snapshot.OMSnapshotDeleteRequest.validateAndUpdateCache(OMSnapshotDeleteRequest.java:160) ~[ozone-manager-1.4.0-SNAPSHOT.jar:?]
	at org.apache.hadoop.ozone.protocolPB.OzoneManagerRequestHandler.handleWriteRequest(OzoneManagerRequestHandler.java:337) ~[ozone-manager-1.4.0-SNAPSHOT.jar:?]
	at org.apache.hadoop.ozone.om.ratis.OzoneManagerStateMachine.runCommand(OzoneManagerStateMachine.java:533) ~[ozone-manager-1.4.0-SNAPSHOT.jar:?]
	at org.apache.hadoop.ozone.om.ratis.OzoneManagerStateMachine.lambda$1(OzoneManagerStateMachine.java:324) ~[ozone-manager-1.4.0-SNAPSHOT.jar:?]
	at java.util.concurrent.CompletableFuture$AsyncSupply.run(CompletableFuture.java:1604) [?:1.8.0_362]
	at java.util.concurrent.ThreadPoolExecutor.runWorker(ThreadPoolExecutor.java:1149) [?:1.8.0_362]
	at java.util.concurrent.ThreadPoolExecutor$Worker.run(ThreadPoolExecutor.java:624) [?:1.8.0_362]
	at java.lang.Thread.run(Thread.java:750) [?:1.8.0_362]
2023-03-29 22:45:01,575 [OM StateMachine ApplyTransaction Thread - 0] ERROR snapshot.OMSnapshotDeleteRequest (OMSnapshotDeleteRequest.java:validateAndUpdateCache(225)) - Failed to delete snapshot 'snap99583' under path 'vol-69896/buck-59225'
]]></system-out>
  </testcase>
  <testcase name="testDeleteSnapshotTwice" classname="TestOmSnapshot" time="1.077">
    <system-out><![CDATA[2023-03-29 22:46:05,228 [Time-limited test] INFO  rpc.RpcClient (RpcClient.java:createVolume(476)) - Creating Volume: vol-69369, with runner as owner and space quota set to -1 bytes, counts quota set to -1
2023-03-29 22:46:05,234 [OM StateMachine ApplyTransaction Thread - 0] INFO  volume.OMVolumeCreateRequest (OMVolumeCreateRequest.java:validateAndUpdateCache(195)) - created volume:vol-69369 for user:runner
2023-03-29 22:46:05,235 [OM StateMachine ApplyTransaction Thread - 0] INFO  volume.OMVolumeCreateRequest (OMVolumeCreateRequest.java:validateAndUpdateCache(195)) - created volume:vol-69369 for user:runner
2023-03-29 22:46:05,235 [OM StateMachine ApplyTransaction Thread - 0] INFO  volume.OMVolumeCreateRequest (OMVolumeCreateRequest.java:validateAndUpdateCache(195)) - created volume:vol-69369 for user:runner
2023-03-29 22:46:05,237 [Time-limited test] INFO  rpc.RpcClient (RpcClient.java:createBucket(698)) - Creating Bucket: vol-69369/buck-41680, with server-side default bucket layout, runner as owner, Versioning false, Storage Type set to DISK and Encryption set to false, Replication Type set to server-side default replication type, Namespace Quota set to -1, Space Quota set to -1 
2023-03-29 22:46:05,240 [OM StateMachine ApplyTransaction Thread - 0] INFO  bucket.OMBucketCreateRequest (OMBucketCreateRequest.java:validateAndUpdateCache(262)) - created bucket: buck-41680 of layout FILE_SYSTEM_OPTIMIZED in volume: vol-69369
2023-03-29 22:46:05,242 [OM StateMachine ApplyTransaction Thread - 0] INFO  bucket.OMBucketCreateRequest (OMBucketCreateRequest.java:validateAndUpdateCache(262)) - created bucket: buck-41680 of layout FILE_SYSTEM_OPTIMIZED in volume: vol-69369
2023-03-29 22:46:05,243 [OM StateMachine ApplyTransaction Thread - 0] INFO  bucket.OMBucketCreateRequest (OMBucketCreateRequest.java:validateAndUpdateCache(262)) - created bucket: buck-41680 of layout FILE_SYSTEM_OPTIMIZED in volume: vol-69369
2023-03-29 22:46:05,288 [OM StateMachine ApplyTransaction Thread - 0] INFO  snapshot.OMSnapshotCreateRequest (OMSnapshotCreateRequest.java:validateAndUpdateCache(204)) - Created snapshot 'snap46033' under path 'vol-69369/buck-41680'
2023-03-29 22:46:05,289 [OM StateMachine ApplyTransaction Thread - 0] INFO  snapshot.OMSnapshotCreateRequest (OMSnapshotCreateRequest.java:validateAndUpdateCache(204)) - Created snapshot 'snap46033' under path 'vol-69369/buck-41680'
2023-03-29 22:46:05,289 [OM StateMachine ApplyTransaction Thread - 0] INFO  snapshot.OMSnapshotCreateRequest (OMSnapshotCreateRequest.java:validateAndUpdateCache(204)) - Created snapshot 'snap46033' under path 'vol-69369/buck-41680'
2023-03-29 22:46:05,353 [OMDoubleBufferFlushThread] INFO  db.RDBCheckpointManager (RDBCheckpointManager.java:createCheckpoint(96)) - Created checkpoint in rocksDB at /home/runner/work/ozone/ozone/hadoop-ozone/integration-test/target/test-dir/MiniOzoneClusterImpl-8ae17f6e-7b8d-4fcc-9253-feb95f7e1717/omNode-3/db.snapshots/om.db-30fbb396-e0cb-43e9-8742-9a2ddc4f3e2a in 61 milliseconds
2023-03-29 22:46:05,355 [OMDoubleBufferFlushThread] INFO  db.RDBCheckpointManager (RDBCheckpointManager.java:waitForCheckpointDirectoryExist(125)) - Waited for 2 milliseconds for checkpoint directory /home/runner/work/ozone/ozone/hadoop-ozone/integration-test/target/test-dir/MiniOzoneClusterImpl-8ae17f6e-7b8d-4fcc-9253-feb95f7e1717/omNode-3/db.snapshots/om.db-30fbb396-e0cb-43e9-8742-9a2ddc4f3e2a availability.
2023-03-29 22:46:05,355 [OMDoubleBufferFlushThread] WARN  om.OmSnapshotManager (OmSnapshotManager.java:deleteKeysInSnapshotScopeFromDTableInternal(396)) - Took 176510 ns to clean up deletedTable
2023-03-29 22:46:05,355 [OMDoubleBufferFlushThread] INFO  om.OmSnapshotManager (OmSnapshotManager.java:createOmSnapshotCheckpoint(317)) - Created checkpoint : /home/runner/work/ozone/ozone/hadoop-ozone/integration-test/target/test-dir/MiniOzoneClusterImpl-8ae17f6e-7b8d-4fcc-9253-feb95f7e1717/omNode-3/db.snapshots/om.db-30fbb396-e0cb-43e9-8742-9a2ddc4f3e2a for snapshot snap46033
2023-03-29 22:46:05,361 [OMDoubleBufferFlushThread] INFO  db.RDBCheckpointManager (RDBCheckpointManager.java:createCheckpoint(96)) - Created checkpoint in rocksDB at /home/runner/work/ozone/ozone/hadoop-ozone/integration-test/target/test-dir/MiniOzoneClusterImpl-8ae17f6e-7b8d-4fcc-9253-feb95f7e1717/omNode-1/db.snapshots/om.db-30fbb396-e0cb-43e9-8742-9a2ddc4f3e2a in 69 milliseconds
2023-03-29 22:46:05,362 [OMDoubleBufferFlushThread] INFO  db.RDBCheckpointManager (RDBCheckpointManager.java:waitForCheckpointDirectoryExist(125)) - Waited for 1 milliseconds for checkpoint directory /home/runner/work/ozone/ozone/hadoop-ozone/integration-test/target/test-dir/MiniOzoneClusterImpl-8ae17f6e-7b8d-4fcc-9253-feb95f7e1717/omNode-1/db.snapshots/om.db-30fbb396-e0cb-43e9-8742-9a2ddc4f3e2a availability.
2023-03-29 22:46:05,362 [OMDoubleBufferFlushThread] WARN  om.OmSnapshotManager (OmSnapshotManager.java:deleteKeysInSnapshotScopeFromDTableInternal(396)) - Took 271516 ns to clean up deletedTable
2023-03-29 22:46:05,362 [OMDoubleBufferFlushThread] INFO  om.OmSnapshotManager (OmSnapshotManager.java:createOmSnapshotCheckpoint(317)) - Created checkpoint : /home/runner/work/ozone/ozone/hadoop-ozone/integration-test/target/test-dir/MiniOzoneClusterImpl-8ae17f6e-7b8d-4fcc-9253-feb95f7e1717/omNode-1/db.snapshots/om.db-30fbb396-e0cb-43e9-8742-9a2ddc4f3e2a for snapshot snap46033
2023-03-29 22:46:05,367 [OMDoubleBufferFlushThread] INFO  db.RDBCheckpointManager (RDBCheckpointManager.java:createCheckpoint(96)) - Created checkpoint in rocksDB at /home/runner/work/ozone/ozone/hadoop-ozone/integration-test/target/test-dir/MiniOzoneClusterImpl-8ae17f6e-7b8d-4fcc-9253-feb95f7e1717/omNode-2/db.snapshots/om.db-30fbb396-e0cb-43e9-8742-9a2ddc4f3e2a in 74 milliseconds
2023-03-29 22:46:05,370 [OMDoubleBufferFlushThread] INFO  db.RDBCheckpointManager (RDBCheckpointManager.java:waitForCheckpointDirectoryExist(125)) - Waited for 3 milliseconds for checkpoint directory /home/runner/work/ozone/ozone/hadoop-ozone/integration-test/target/test-dir/MiniOzoneClusterImpl-8ae17f6e-7b8d-4fcc-9253-feb95f7e1717/omNode-2/db.snapshots/om.db-30fbb396-e0cb-43e9-8742-9a2ddc4f3e2a availability.
2023-03-29 22:46:05,370 [OMDoubleBufferFlushThread] WARN  om.OmSnapshotManager (OmSnapshotManager.java:deleteKeysInSnapshotScopeFromDTableInternal(396)) - Took 157109 ns to clean up deletedTable
2023-03-29 22:46:05,370 [OMDoubleBufferFlushThread] INFO  om.OmSnapshotManager (OmSnapshotManager.java:createOmSnapshotCheckpoint(317)) - Created checkpoint : /home/runner/work/ozone/ozone/hadoop-ozone/integration-test/target/test-dir/MiniOzoneClusterImpl-8ae17f6e-7b8d-4fcc-9253-feb95f7e1717/omNode-2/db.snapshots/om.db-30fbb396-e0cb-43e9-8742-9a2ddc4f3e2a for snapshot snap46033
2023-03-29 22:46:06,295 [OM StateMachine ApplyTransaction Thread - 0] INFO  snapshot.OMSnapshotDeleteRequest (OMSnapshotDeleteRequest.java:validateAndUpdateCache(221)) - Deleted snapshot 'snap46033' under path 'vol-69369/buck-41680'
2023-03-29 22:46:06,300 [OM StateMachine ApplyTransaction Thread - 0] INFO  snapshot.OMSnapshotDeleteRequest (OMSnapshotDeleteRequest.java:validateAndUpdateCache(221)) - Deleted snapshot 'snap46033' under path 'vol-69369/buck-41680'
2023-03-29 22:46:06,301 [OM StateMachine ApplyTransaction Thread - 0] INFO  snapshot.OMSnapshotDeleteRequest (OMSnapshotDeleteRequest.java:validateAndUpdateCache(221)) - Deleted snapshot 'snap46033' under path 'vol-69369/buck-41680'
22:46:06.303 [OM StateMachine ApplyTransaction Thread - 0] ERROR OMAudit - user=runner | ip=127.0.0.1 | op=DELETE_SNAPSHOT {volume=vol-69369, bucket=buck-41680, snapshotName=snap46033} | ret=FAILURE
org.apache.hadoop.ozone.om.exceptions.OMException: Snapshot is already deleted. Pending reclamation.
	at org.apache.hadoop.ozone.om.request.snapshot.OMSnapshotDeleteRequest.validateAndUpdateCache(OMSnapshotDeleteRequest.java:160) ~[ozone-manager-1.4.0-SNAPSHOT.jar:?]
	at org.apache.hadoop.ozone.protocolPB.OzoneManagerRequestHandler.handleWriteRequest(OzoneManagerRequestHandler.java:337) ~[ozone-manager-1.4.0-SNAPSHOT.jar:?]
	at org.apache.hadoop.ozone.om.ratis.OzoneManagerStateMachine.runCommand(OzoneManagerStateMachine.java:533) ~[ozone-manager-1.4.0-SNAPSHOT.jar:?]
	at org.apache.hadoop.ozone.om.ratis.OzoneManagerStateMachine.lambda$1(OzoneManagerStateMachine.java:324) ~[ozone-manager-1.4.0-SNAPSHOT.jar:?]
	at java.util.concurrent.CompletableFuture$AsyncSupply.run(CompletableFuture.java:1604) [?:1.8.0_362]
	at java.util.concurrent.ThreadPoolExecutor.runWorker(ThreadPoolExecutor.java:1149) [?:1.8.0_362]
	at java.util.concurrent.ThreadPoolExecutor$Worker.run(ThreadPoolExecutor.java:624) [?:1.8.0_362]
	at java.lang.Thread.run(Thread.java:750) [?:1.8.0_362]
2023-03-29 22:46:06,303 [OM StateMachine ApplyTransaction Thread - 0] ERROR snapshot.OMSnapshotDeleteRequest (OMSnapshotDeleteRequest.java:validateAndUpdateCache(225)) - Failed to delete snapshot 'snap46033' under path 'vol-69369/buck-41680'
]]></system-out>
  </testcase>
  <testcase name="testDeleteSnapshotTwice" classname="TestOmSnapshot" time="1.069">
    <system-out><![CDATA[2023-03-29 22:47:09,919 [Time-limited test] INFO  rpc.RpcClient (RpcClient.java:createVolume(476)) - Creating Volume: vol-46041, with runner as owner and space quota set to -1 bytes, counts quota set to -1
2023-03-29 22:47:09,922 [OM StateMachine ApplyTransaction Thread - 0] INFO  volume.OMVolumeCreateRequest (OMVolumeCreateRequest.java:validateAndUpdateCache(195)) - created volume:vol-46041 for user:runner
2023-03-29 22:47:09,923 [OM StateMachine ApplyTransaction Thread - 0] INFO  volume.OMVolumeCreateRequest (OMVolumeCreateRequest.java:validateAndUpdateCache(195)) - created volume:vol-46041 for user:runner
2023-03-29 22:47:09,928 [OM StateMachine ApplyTransaction Thread - 0] INFO  volume.OMVolumeCreateRequest (OMVolumeCreateRequest.java:validateAndUpdateCache(195)) - created volume:vol-46041 for user:runner
2023-03-29 22:47:09,934 [Time-limited test] INFO  rpc.RpcClient (RpcClient.java:createBucket(698)) - Creating Bucket: vol-46041/buck-39145, with server-side default bucket layout, runner as owner, Versioning false, Storage Type set to DISK and Encryption set to false, Replication Type set to server-side default replication type, Namespace Quota set to -1, Space Quota set to -1 
2023-03-29 22:47:09,936 [OM StateMachine ApplyTransaction Thread - 0] INFO  bucket.OMBucketCreateRequest (OMBucketCreateRequest.java:validateAndUpdateCache(262)) - created bucket: buck-39145 of layout LEGACY in volume: vol-46041
2023-03-29 22:47:09,939 [OM StateMachine ApplyTransaction Thread - 0] INFO  bucket.OMBucketCreateRequest (OMBucketCreateRequest.java:validateAndUpdateCache(262)) - created bucket: buck-39145 of layout LEGACY in volume: vol-46041
2023-03-29 22:47:09,940 [OM StateMachine ApplyTransaction Thread - 0] INFO  bucket.OMBucketCreateRequest (OMBucketCreateRequest.java:validateAndUpdateCache(262)) - created bucket: buck-39145 of layout LEGACY in volume: vol-46041
2023-03-29 22:47:09,976 [OM StateMachine ApplyTransaction Thread - 0] INFO  snapshot.OMSnapshotCreateRequest (OMSnapshotCreateRequest.java:validateAndUpdateCache(204)) - Created snapshot 'snap50033' under path 'vol-46041/buck-39145'
2023-03-29 22:47:09,977 [OM StateMachine ApplyTransaction Thread - 0] INFO  snapshot.OMSnapshotCreateRequest (OMSnapshotCreateRequest.java:validateAndUpdateCache(204)) - Created snapshot 'snap50033' under path 'vol-46041/buck-39145'
2023-03-29 22:47:09,977 [OM StateMachine ApplyTransaction Thread - 0] INFO  snapshot.OMSnapshotCreateRequest (OMSnapshotCreateRequest.java:validateAndUpdateCache(204)) - Created snapshot 'snap50033' under path 'vol-46041/buck-39145'
2023-03-29 22:47:10,026 [OMDoubleBufferFlushThread] INFO  db.RDBCheckpointManager (RDBCheckpointManager.java:createCheckpoint(96)) - Created checkpoint in rocksDB at /home/runner/work/ozone/ozone/hadoop-ozone/integration-test/target/test-dir/MiniOzoneClusterImpl-bfbd9018-35f1-41c4-9115-0ebbd4040a15/omNode-2/db.snapshots/om.db-d07ff2ea-4789-465e-ad97-2be925a57c67 in 47 milliseconds
2023-03-29 22:47:10,027 [OMDoubleBufferFlushThread] INFO  db.RDBCheckpointManager (RDBCheckpointManager.java:waitForCheckpointDirectoryExist(125)) - Waited for 1 milliseconds for checkpoint directory /home/runner/work/ozone/ozone/hadoop-ozone/integration-test/target/test-dir/MiniOzoneClusterImpl-bfbd9018-35f1-41c4-9115-0ebbd4040a15/omNode-2/db.snapshots/om.db-d07ff2ea-4789-465e-ad97-2be925a57c67 availability.
2023-03-29 22:47:10,028 [OMDoubleBufferFlushThread] WARN  om.OmSnapshotManager (OmSnapshotManager.java:deleteKeysInSnapshotScopeFromDTableInternal(396)) - Took 112206 ns to clean up deletedTable
2023-03-29 22:47:10,028 [OMDoubleBufferFlushThread] INFO  om.OmSnapshotManager (OmSnapshotManager.java:createOmSnapshotCheckpoint(317)) - Created checkpoint : /home/runner/work/ozone/ozone/hadoop-ozone/integration-test/target/test-dir/MiniOzoneClusterImpl-bfbd9018-35f1-41c4-9115-0ebbd4040a15/omNode-2/db.snapshots/om.db-d07ff2ea-4789-465e-ad97-2be925a57c67 for snapshot snap50033
2023-03-29 22:47:10,037 [OMDoubleBufferFlushThread] INFO  db.RDBCheckpointManager (RDBCheckpointManager.java:createCheckpoint(96)) - Created checkpoint in rocksDB at /home/runner/work/ozone/ozone/hadoop-ozone/integration-test/target/test-dir/MiniOzoneClusterImpl-bfbd9018-35f1-41c4-9115-0ebbd4040a15/omNode-3/db.snapshots/om.db-d07ff2ea-4789-465e-ad97-2be925a57c67 in 58 milliseconds
2023-03-29 22:47:10,038 [OMDoubleBufferFlushThread] INFO  db.RDBCheckpointManager (RDBCheckpointManager.java:waitForCheckpointDirectoryExist(125)) - Waited for 1 milliseconds for checkpoint directory /home/runner/work/ozone/ozone/hadoop-ozone/integration-test/target/test-dir/MiniOzoneClusterImpl-bfbd9018-35f1-41c4-9115-0ebbd4040a15/omNode-3/db.snapshots/om.db-d07ff2ea-4789-465e-ad97-2be925a57c67 availability.
2023-03-29 22:47:10,038 [OMDoubleBufferFlushThread] INFO  db.RDBCheckpointManager (RDBCheckpointManager.java:createCheckpoint(96)) - Created checkpoint in rocksDB at /home/runner/work/ozone/ozone/hadoop-ozone/integration-test/target/test-dir/MiniOzoneClusterImpl-bfbd9018-35f1-41c4-9115-0ebbd4040a15/omNode-1/db.snapshots/om.db-d07ff2ea-4789-465e-ad97-2be925a57c67 in 60 milliseconds
2023-03-29 22:47:10,038 [OMDoubleBufferFlushThread] INFO  om.OmSnapshotManager (OmSnapshotManager.java:createOmSnapshotCheckpoint(317)) - Created checkpoint : /home/runner/work/ozone/ozone/hadoop-ozone/integration-test/target/test-dir/MiniOzoneClusterImpl-bfbd9018-35f1-41c4-9115-0ebbd4040a15/omNode-3/db.snapshots/om.db-d07ff2ea-4789-465e-ad97-2be925a57c67 for snapshot snap50033
2023-03-29 22:47:10,046 [OMDoubleBufferFlushThread] INFO  db.RDBCheckpointManager (RDBCheckpointManager.java:waitForCheckpointDirectoryExist(125)) - Waited for 8 milliseconds for checkpoint directory /home/runner/work/ozone/ozone/hadoop-ozone/integration-test/target/test-dir/MiniOzoneClusterImpl-bfbd9018-35f1-41c4-9115-0ebbd4040a15/omNode-1/db.snapshots/om.db-d07ff2ea-4789-465e-ad97-2be925a57c67 availability.
2023-03-29 22:47:10,046 [OMDoubleBufferFlushThread] INFO  om.OmSnapshotManager (OmSnapshotManager.java:createOmSnapshotCheckpoint(317)) - Created checkpoint : /home/runner/work/ozone/ozone/hadoop-ozone/integration-test/target/test-dir/MiniOzoneClusterImpl-bfbd9018-35f1-41c4-9115-0ebbd4040a15/omNode-1/db.snapshots/om.db-d07ff2ea-4789-465e-ad97-2be925a57c67 for snapshot snap50033
2023-03-29 22:47:10,981 [OM StateMachine ApplyTransaction Thread - 0] INFO  snapshot.OMSnapshotDeleteRequest (OMSnapshotDeleteRequest.java:validateAndUpdateCache(221)) - Deleted snapshot 'snap50033' under path 'vol-46041/buck-39145'
2023-03-29 22:47:10,982 [OM StateMachine ApplyTransaction Thread - 0] INFO  snapshot.OMSnapshotDeleteRequest (OMSnapshotDeleteRequest.java:validateAndUpdateCache(221)) - Deleted snapshot 'snap50033' under path 'vol-46041/buck-39145'
2023-03-29 22:47:10,984 [OM StateMachine ApplyTransaction Thread - 0] INFO  snapshot.OMSnapshotDeleteRequest (OMSnapshotDeleteRequest.java:validateAndUpdateCache(221)) - Deleted snapshot 'snap50033' under path 'vol-46041/buck-39145'
22:47:10.986 [OM StateMachine ApplyTransaction Thread - 0] ERROR OMAudit - user=runner | ip=127.0.0.1 | op=DELETE_SNAPSHOT {volume=vol-46041, bucket=buck-39145, snapshotName=snap50033} | ret=FAILURE
org.apache.hadoop.ozone.om.exceptions.OMException: Snapshot is already deleted. Pending reclamation.
	at org.apache.hadoop.ozone.om.request.snapshot.OMSnapshotDeleteRequest.validateAndUpdateCache(OMSnapshotDeleteRequest.java:160) ~[ozone-manager-1.4.0-SNAPSHOT.jar:?]
	at org.apache.hadoop.ozone.protocolPB.OzoneManagerRequestHandler.handleWriteRequest(OzoneManagerRequestHandler.java:337) ~[ozone-manager-1.4.0-SNAPSHOT.jar:?]
	at org.apache.hadoop.ozone.om.ratis.OzoneManagerStateMachine.runCommand(OzoneManagerStateMachine.java:533) ~[ozone-manager-1.4.0-SNAPSHOT.jar:?]
	at org.apache.hadoop.ozone.om.ratis.OzoneManagerStateMachine.lambda$1(OzoneManagerStateMachine.java:324) ~[ozone-manager-1.4.0-SNAPSHOT.jar:?]
	at java.util.concurrent.CompletableFuture$AsyncSupply.run(CompletableFuture.java:1604) [?:1.8.0_362]
	at java.util.concurrent.ThreadPoolExecutor.runWorker(ThreadPoolExecutor.java:1149) [?:1.8.0_362]
	at java.util.concurrent.ThreadPoolExecutor$Worker.run(ThreadPoolExecutor.java:624) [?:1.8.0_362]
	at java.lang.Thread.run(Thread.java:750) [?:1.8.0_362]
2023-03-29 22:47:10,986 [OM StateMachine ApplyTransaction Thread - 0] ERROR snapshot.OMSnapshotDeleteRequest (OMSnapshotDeleteRequest.java:validateAndUpdateCache(225)) - Failed to delete snapshot 'snap50033' under path 'vol-46041/buck-39145'
]]></system-out>
  </testcase>
  <testcase name="testUniqueSnapshotId" classname="TestOmSnapshot" time="1.098">
    <system-out><![CDATA[22:45:01.578 [OM StateMachine ApplyTransaction Thread - 0] ERROR OMAudit - user=runner | ip=127.0.0.1 | op=DELETE_SNAPSHOT {volume=vol-69896, bucket=buck-59225, snapshotName=snap99583} | ret=FAILURE
org.apache.hadoop.ozone.om.exceptions.OMException: Snapshot is already deleted. Pending reclamation.
	at org.apache.hadoop.ozone.om.request.snapshot.OMSnapshotDeleteRequest.validateAndUpdateCache(OMSnapshotDeleteRequest.java:160) ~[ozone-manager-1.4.0-SNAPSHOT.jar:?]
	at org.apache.hadoop.ozone.protocolPB.OzoneManagerRequestHandler.handleWriteRequest(OzoneManagerRequestHandler.java:337) ~[ozone-manager-1.4.0-SNAPSHOT.jar:?]
	at org.apache.hadoop.ozone.om.ratis.OzoneManagerStateMachine.runCommand(OzoneManagerStateMachine.java:533) ~[ozone-manager-1.4.0-SNAPSHOT.jar:?]
	at org.apache.hadoop.ozone.om.ratis.OzoneManagerStateMachine.lambda$1(OzoneManagerStateMachine.java:324) ~[ozone-manager-1.4.0-SNAPSHOT.jar:?]
	at java.util.concurrent.CompletableFuture$AsyncSupply.run(CompletableFuture.java:1604) [?:1.8.0_362]
	at java.util.concurrent.ThreadPoolExecutor.runWorker(ThreadPoolExecutor.java:1149) [?:1.8.0_362]
	at java.util.concurrent.ThreadPoolExecutor$Worker.run(ThreadPoolExecutor.java:624) [?:1.8.0_362]
	at java.lang.Thread.run(Thread.java:750) [?:1.8.0_362]
2023-03-29 22:45:01,579 [OM StateMachine ApplyTransaction Thread - 0] ERROR snapshot.OMSnapshotDeleteRequest (OMSnapshotDeleteRequest.java:validateAndUpdateCache(225)) - Failed to delete snapshot 'snap99583' under path 'vol-69896/buck-59225'
22:45:01.580 [OM StateMachine ApplyTransaction Thread - 0] ERROR OMAudit - user=runner | ip=127.0.0.1 | op=DELETE_SNAPSHOT {volume=vol-69896, bucket=buck-59225, snapshotName=snap99583} | ret=FAILURE
org.apache.hadoop.ozone.om.exceptions.OMException: Snapshot is already deleted. Pending reclamation.
	at org.apache.hadoop.ozone.om.request.snapshot.OMSnapshotDeleteRequest.validateAndUpdateCache(OMSnapshotDeleteRequest.java:160) ~[ozone-manager-1.4.0-SNAPSHOT.jar:?]
	at org.apache.hadoop.ozone.protocolPB.OzoneManagerRequestHandler.handleWriteRequest(OzoneManagerRequestHandler.java:337) ~[ozone-manager-1.4.0-SNAPSHOT.jar:?]
	at org.apache.hadoop.ozone.om.ratis.OzoneManagerStateMachine.runCommand(OzoneManagerStateMachine.java:533) ~[ozone-manager-1.4.0-SNAPSHOT.jar:?]
	at org.apache.hadoop.ozone.om.ratis.OzoneManagerStateMachine.lambda$1(OzoneManagerStateMachine.java:324) ~[ozone-manager-1.4.0-SNAPSHOT.jar:?]
	at java.util.concurrent.CompletableFuture$AsyncSupply.run(CompletableFuture.java:1604) [?:1.8.0_362]
	at java.util.concurrent.ThreadPoolExecutor.runWorker(ThreadPoolExecutor.java:1149) [?:1.8.0_362]
	at java.util.concurrent.ThreadPoolExecutor$Worker.run(ThreadPoolExecutor.java:624) [?:1.8.0_362]
	at java.lang.Thread.run(Thread.java:750) [?:1.8.0_362]
2023-03-29 22:45:01,580 [OM StateMachine ApplyTransaction Thread - 0] ERROR snapshot.OMSnapshotDeleteRequest (OMSnapshotDeleteRequest.java:validateAndUpdateCache(225)) - Failed to delete snapshot 'snap99583' under path 'vol-69896/buck-59225'
2023-03-29 22:45:01,674 [OM StateMachine ApplyTransaction Thread - 0] INFO  snapshot.OMSnapshotCreateRequest (OMSnapshotCreateRequest.java:validateAndUpdateCache(204)) - Created snapshot 'bbb8a118-bfec-4ce3-b144-7446aba6d8af' under path 'volume14198/bucket38611'
2023-03-29 22:45:01,677 [OM StateMachine ApplyTransaction Thread - 0] INFO  snapshot.OMSnapshotCreateRequest (OMSnapshotCreateRequest.java:validateAndUpdateCache(204)) - Created snapshot 'bbb8a118-bfec-4ce3-b144-7446aba6d8af' under path 'volume14198/bucket38611'
2023-03-29 22:45:01,677 [OM StateMachine ApplyTransaction Thread - 0] INFO  snapshot.OMSnapshotCreateRequest (OMSnapshotCreateRequest.java:validateAndUpdateCache(204)) - Created snapshot 'bbb8a118-bfec-4ce3-b144-7446aba6d8af' under path 'volume14198/bucket38611'
2023-03-29 22:45:01,712 [OMDoubleBufferFlushThread] INFO  db.RDBCheckpointManager (RDBCheckpointManager.java:createCheckpoint(96)) - Created checkpoint in rocksDB at /home/runner/work/ozone/ozone/hadoop-ozone/integration-test/target/test-dir/MiniOzoneClusterImpl-bcbc84c2-519e-42a0-a817-fd35ffaa666a/omNode-1/db.snapshots/om.db-6e621be7-c2ec-45cb-8f44-2caa42ae6886 in 35 milliseconds
2023-03-29 22:45:01,713 [OMDoubleBufferFlushThread] INFO  db.RDBCheckpointManager (RDBCheckpointManager.java:waitForCheckpointDirectoryExist(125)) - Waited for 1 milliseconds for checkpoint directory /home/runner/work/ozone/ozone/hadoop-ozone/integration-test/target/test-dir/MiniOzoneClusterImpl-bcbc84c2-519e-42a0-a817-fd35ffaa666a/omNode-1/db.snapshots/om.db-6e621be7-c2ec-45cb-8f44-2caa42ae6886 availability.
2023-03-29 22:45:01,713 [OMDoubleBufferFlushThread] WARN  om.OmSnapshotManager (OmSnapshotManager.java:deleteKeysInSnapshotScopeFromDTableInternal(396)) - Took 105106 ns to clean up deletedTable
2023-03-29 22:45:01,713 [OMDoubleBufferFlushThread] INFO  om.OmSnapshotManager (OmSnapshotManager.java:createOmSnapshotCheckpoint(317)) - Created checkpoint : /home/runner/work/ozone/ozone/hadoop-ozone/integration-test/target/test-dir/MiniOzoneClusterImpl-bcbc84c2-519e-42a0-a817-fd35ffaa666a/omNode-1/db.snapshots/om.db-6e621be7-c2ec-45cb-8f44-2caa42ae6886 for snapshot bbb8a118-bfec-4ce3-b144-7446aba6d8af
2023-03-29 22:45:01,714 [OMDoubleBufferFlushThread] INFO  db.RDBCheckpointManager (RDBCheckpointManager.java:createCheckpoint(96)) - Created checkpoint in rocksDB at /home/runner/work/ozone/ozone/hadoop-ozone/integration-test/target/test-dir/MiniOzoneClusterImpl-bcbc84c2-519e-42a0-a817-fd35ffaa666a/omNode-3/db.snapshots/om.db-6e621be7-c2ec-45cb-8f44-2caa42ae6886 in 35 milliseconds
2023-03-29 22:45:01,715 [OMDoubleBufferFlushThread] INFO  db.RDBCheckpointManager (RDBCheckpointManager.java:waitForCheckpointDirectoryExist(125)) - Waited for 1 milliseconds for checkpoint directory /home/runner/work/ozone/ozone/hadoop-ozone/integration-test/target/test-dir/MiniOzoneClusterImpl-bcbc84c2-519e-42a0-a817-fd35ffaa666a/omNode-3/db.snapshots/om.db-6e621be7-c2ec-45cb-8f44-2caa42ae6886 availability.
2023-03-29 22:45:01,716 [OMDoubleBufferFlushThread] INFO  om.OmSnapshotManager (OmSnapshotManager.java:createOmSnapshotCheckpoint(317)) - Created checkpoint : /home/runner/work/ozone/ozone/hadoop-ozone/integration-test/target/test-dir/MiniOzoneClusterImpl-bcbc84c2-519e-42a0-a817-fd35ffaa666a/omNode-3/db.snapshots/om.db-6e621be7-c2ec-45cb-8f44-2caa42ae6886 for snapshot bbb8a118-bfec-4ce3-b144-7446aba6d8af
2023-03-29 22:45:01,720 [OMDoubleBufferFlushThread] INFO  db.RDBCheckpointManager (RDBCheckpointManager.java:createCheckpoint(96)) - Created checkpoint in rocksDB at /home/runner/work/ozone/ozone/hadoop-ozone/integration-test/target/test-dir/MiniOzoneClusterImpl-bcbc84c2-519e-42a0-a817-fd35ffaa666a/omNode-2/db.snapshots/om.db-6e621be7-c2ec-45cb-8f44-2caa42ae6886 in 40 milliseconds
2023-03-29 22:45:01,721 [OMDoubleBufferFlushThread] INFO  db.RDBCheckpointManager (RDBCheckpointManager.java:waitForCheckpointDirectoryExist(125)) - Waited for 0 milliseconds for checkpoint directory /home/runner/work/ozone/ozone/hadoop-ozone/integration-test/target/test-dir/MiniOzoneClusterImpl-bcbc84c2-519e-42a0-a817-fd35ffaa666a/omNode-2/db.snapshots/om.db-6e621be7-c2ec-45cb-8f44-2caa42ae6886 availability.
2023-03-29 22:45:01,721 [OMDoubleBufferFlushThread] INFO  om.OmSnapshotManager (OmSnapshotManager.java:createOmSnapshotCheckpoint(317)) - Created checkpoint : /home/runner/work/ozone/ozone/hadoop-ozone/integration-test/target/test-dir/MiniOzoneClusterImpl-bcbc84c2-519e-42a0-a817-fd35ffaa666a/omNode-2/db.snapshots/om.db-6e621be7-c2ec-45cb-8f44-2caa42ae6886 for snapshot bbb8a118-bfec-4ce3-b144-7446aba6d8af
]]></system-out>
  </testcase>
  <testcase name="testUniqueSnapshotId" classname="TestOmSnapshot" time="1.058">
    <system-out><![CDATA[22:46:06.305 [OM StateMachine ApplyTransaction Thread - 0] ERROR OMAudit - user=runner | ip=127.0.0.1 | op=DELETE_SNAPSHOT {volume=vol-69369, bucket=buck-41680, snapshotName=snap46033} | ret=FAILURE
org.apache.hadoop.ozone.om.exceptions.OMException: Snapshot is already deleted. Pending reclamation.
	at org.apache.hadoop.ozone.om.request.snapshot.OMSnapshotDeleteRequest.validateAndUpdateCache(OMSnapshotDeleteRequest.java:160) ~[ozone-manager-1.4.0-SNAPSHOT.jar:?]
	at org.apache.hadoop.ozone.protocolPB.OzoneManagerRequestHandler.handleWriteRequest(OzoneManagerRequestHandler.java:337) ~[ozone-manager-1.4.0-SNAPSHOT.jar:?]
	at org.apache.hadoop.ozone.om.ratis.OzoneManagerStateMachine.runCommand(OzoneManagerStateMachine.java:533) ~[ozone-manager-1.4.0-SNAPSHOT.jar:?]
	at org.apache.hadoop.ozone.om.ratis.OzoneManagerStateMachine.lambda$1(OzoneManagerStateMachine.java:324) ~[ozone-manager-1.4.0-SNAPSHOT.jar:?]
	at java.util.concurrent.CompletableFuture$AsyncSupply.run(CompletableFuture.java:1604) [?:1.8.0_362]
	at java.util.concurrent.ThreadPoolExecutor.runWorker(ThreadPoolExecutor.java:1149) [?:1.8.0_362]
	at java.util.concurrent.ThreadPoolExecutor$Worker.run(ThreadPoolExecutor.java:624) [?:1.8.0_362]
	at java.lang.Thread.run(Thread.java:750) [?:1.8.0_362]
2023-03-29 22:46:06,306 [OM StateMachine ApplyTransaction Thread - 0] ERROR snapshot.OMSnapshotDeleteRequest (OMSnapshotDeleteRequest.java:validateAndUpdateCache(225)) - Failed to delete snapshot 'snap46033' under path 'vol-69369/buck-41680'
22:46:06.307 [OM StateMachine ApplyTransaction Thread - 0] ERROR OMAudit - user=runner | ip=127.0.0.1 | op=DELETE_SNAPSHOT {volume=vol-69369, bucket=buck-41680, snapshotName=snap46033} | ret=FAILURE
org.apache.hadoop.ozone.om.exceptions.OMException: Snapshot is already deleted. Pending reclamation.
	at org.apache.hadoop.ozone.om.request.snapshot.OMSnapshotDeleteRequest.validateAndUpdateCache(OMSnapshotDeleteRequest.java:160) ~[ozone-manager-1.4.0-SNAPSHOT.jar:?]
	at org.apache.hadoop.ozone.protocolPB.OzoneManagerRequestHandler.handleWriteRequest(OzoneManagerRequestHandler.java:337) ~[ozone-manager-1.4.0-SNAPSHOT.jar:?]
	at org.apache.hadoop.ozone.om.ratis.OzoneManagerStateMachine.runCommand(OzoneManagerStateMachine.java:533) ~[ozone-manager-1.4.0-SNAPSHOT.jar:?]
	at org.apache.hadoop.ozone.om.ratis.OzoneManagerStateMachine.lambda$1(OzoneManagerStateMachine.java:324) ~[ozone-manager-1.4.0-SNAPSHOT.jar:?]
	at java.util.concurrent.CompletableFuture$AsyncSupply.run(CompletableFuture.java:1604) [?:1.8.0_362]
	at java.util.concurrent.ThreadPoolExecutor.runWorker(ThreadPoolExecutor.java:1149) [?:1.8.0_362]
	at java.util.concurrent.ThreadPoolExecutor$Worker.run(ThreadPoolExecutor.java:624) [?:1.8.0_362]
	at java.lang.Thread.run(Thread.java:750) [?:1.8.0_362]
2023-03-29 22:46:06,308 [OM StateMachine ApplyTransaction Thread - 0] ERROR snapshot.OMSnapshotDeleteRequest (OMSnapshotDeleteRequest.java:validateAndUpdateCache(225)) - Failed to delete snapshot 'snap46033' under path 'vol-69369/buck-41680'
2023-03-29 22:46:06,359 [OM StateMachine ApplyTransaction Thread - 0] INFO  snapshot.OMSnapshotCreateRequest (OMSnapshotCreateRequest.java:validateAndUpdateCache(204)) - Created snapshot 'ebf20fea-3e52-4e8b-859b-c6f0d53cb433' under path 'volume34570/bucket71080'
2023-03-29 22:46:06,361 [OM StateMachine ApplyTransaction Thread - 0] INFO  snapshot.OMSnapshotCreateRequest (OMSnapshotCreateRequest.java:validateAndUpdateCache(204)) - Created snapshot 'ebf20fea-3e52-4e8b-859b-c6f0d53cb433' under path 'volume34570/bucket71080'
2023-03-29 22:46:06,361 [OM StateMachine ApplyTransaction Thread - 0] INFO  snapshot.OMSnapshotCreateRequest (OMSnapshotCreateRequest.java:validateAndUpdateCache(204)) - Created snapshot 'ebf20fea-3e52-4e8b-859b-c6f0d53cb433' under path 'volume34570/bucket71080'
2023-03-29 22:46:06,407 [OMDoubleBufferFlushThread] INFO  db.RDBCheckpointManager (RDBCheckpointManager.java:createCheckpoint(96)) - Created checkpoint in rocksDB at /home/runner/work/ozone/ozone/hadoop-ozone/integration-test/target/test-dir/MiniOzoneClusterImpl-8ae17f6e-7b8d-4fcc-9253-feb95f7e1717/omNode-3/db.snapshots/om.db-665ffa22-b4d9-4382-863a-97815fc3925e in 43 milliseconds
2023-03-29 22:46:06,408 [OMDoubleBufferFlushThread] INFO  db.RDBCheckpointManager (RDBCheckpointManager.java:createCheckpoint(96)) - Created checkpoint in rocksDB at /home/runner/work/ozone/ozone/hadoop-ozone/integration-test/target/test-dir/MiniOzoneClusterImpl-8ae17f6e-7b8d-4fcc-9253-feb95f7e1717/omNode-2/db.snapshots/om.db-665ffa22-b4d9-4382-863a-97815fc3925e in 45 milliseconds
2023-03-29 22:46:06,411 [OMDoubleBufferFlushThread] INFO  db.RDBCheckpointManager (RDBCheckpointManager.java:waitForCheckpointDirectoryExist(125)) - Waited for 2 milliseconds for checkpoint directory /home/runner/work/ozone/ozone/hadoop-ozone/integration-test/target/test-dir/MiniOzoneClusterImpl-8ae17f6e-7b8d-4fcc-9253-feb95f7e1717/omNode-2/db.snapshots/om.db-665ffa22-b4d9-4382-863a-97815fc3925e availability.
2023-03-29 22:46:06,411 [OMDoubleBufferFlushThread] WARN  om.OmSnapshotManager (OmSnapshotManager.java:deleteKeysInSnapshotScopeFromDTableInternal(396)) - Took 124808 ns to clean up deletedTable
2023-03-29 22:46:06,411 [OMDoubleBufferFlushThread] INFO  db.RDBCheckpointManager (RDBCheckpointManager.java:waitForCheckpointDirectoryExist(125)) - Waited for 4 milliseconds for checkpoint directory /home/runner/work/ozone/ozone/hadoop-ozone/integration-test/target/test-dir/MiniOzoneClusterImpl-8ae17f6e-7b8d-4fcc-9253-feb95f7e1717/omNode-3/db.snapshots/om.db-665ffa22-b4d9-4382-863a-97815fc3925e availability.
2023-03-29 22:46:06,412 [OMDoubleBufferFlushThread] INFO  om.OmSnapshotManager (OmSnapshotManager.java:createOmSnapshotCheckpoint(317)) - Created checkpoint : /home/runner/work/ozone/ozone/hadoop-ozone/integration-test/target/test-dir/MiniOzoneClusterImpl-8ae17f6e-7b8d-4fcc-9253-feb95f7e1717/omNode-3/db.snapshots/om.db-665ffa22-b4d9-4382-863a-97815fc3925e for snapshot ebf20fea-3e52-4e8b-859b-c6f0d53cb433
2023-03-29 22:46:06,411 [OMDoubleBufferFlushThread] INFO  om.OmSnapshotManager (OmSnapshotManager.java:createOmSnapshotCheckpoint(317)) - Created checkpoint : /home/runner/work/ozone/ozone/hadoop-ozone/integration-test/target/test-dir/MiniOzoneClusterImpl-8ae17f6e-7b8d-4fcc-9253-feb95f7e1717/omNode-2/db.snapshots/om.db-665ffa22-b4d9-4382-863a-97815fc3925e for snapshot ebf20fea-3e52-4e8b-859b-c6f0d53cb433
2023-03-29 22:46:06,418 [OMDoubleBufferFlushThread] INFO  db.RDBCheckpointManager (RDBCheckpointManager.java:createCheckpoint(96)) - Created checkpoint in rocksDB at /home/runner/work/ozone/ozone/hadoop-ozone/integration-test/target/test-dir/MiniOzoneClusterImpl-8ae17f6e-7b8d-4fcc-9253-feb95f7e1717/omNode-1/db.snapshots/om.db-665ffa22-b4d9-4382-863a-97815fc3925e in 55 milliseconds
2023-03-29 22:46:06,418 [OMDoubleBufferFlushThread] INFO  db.RDBCheckpointManager (RDBCheckpointManager.java:waitForCheckpointDirectoryExist(125)) - Waited for 0 milliseconds for checkpoint directory /home/runner/work/ozone/ozone/hadoop-ozone/integration-test/target/test-dir/MiniOzoneClusterImpl-8ae17f6e-7b8d-4fcc-9253-feb95f7e1717/omNode-1/db.snapshots/om.db-665ffa22-b4d9-4382-863a-97815fc3925e availability.
2023-03-29 22:46:06,418 [OMDoubleBufferFlushThread] INFO  om.OmSnapshotManager (OmSnapshotManager.java:createOmSnapshotCheckpoint(317)) - Created checkpoint : /home/runner/work/ozone/ozone/hadoop-ozone/integration-test/target/test-dir/MiniOzoneClusterImpl-8ae17f6e-7b8d-4fcc-9253-feb95f7e1717/omNode-1/db.snapshots/om.db-665ffa22-b4d9-4382-863a-97815fc3925e for snapshot ebf20fea-3e52-4e8b-859b-c6f0d53cb433
]]></system-out>
  </testcase>
  <testcase name="testUniqueSnapshotId" classname="TestOmSnapshot" time="1.042">
    <system-out><![CDATA[22:47:10.987 [OM StateMachine ApplyTransaction Thread - 0] ERROR OMAudit - user=runner | ip=127.0.0.1 | op=DELETE_SNAPSHOT {volume=vol-46041, bucket=buck-39145, snapshotName=snap50033} | ret=FAILURE
org.apache.hadoop.ozone.om.exceptions.OMException: Snapshot is already deleted. Pending reclamation.
	at org.apache.hadoop.ozone.om.request.snapshot.OMSnapshotDeleteRequest.validateAndUpdateCache(OMSnapshotDeleteRequest.java:160) ~[ozone-manager-1.4.0-SNAPSHOT.jar:?]
	at org.apache.hadoop.ozone.protocolPB.OzoneManagerRequestHandler.handleWriteRequest(OzoneManagerRequestHandler.java:337) ~[ozone-manager-1.4.0-SNAPSHOT.jar:?]
	at org.apache.hadoop.ozone.om.ratis.OzoneManagerStateMachine.runCommand(OzoneManagerStateMachine.java:533) ~[ozone-manager-1.4.0-SNAPSHOT.jar:?]
	at org.apache.hadoop.ozone.om.ratis.OzoneManagerStateMachine.lambda$1(OzoneManagerStateMachine.java:324) ~[ozone-manager-1.4.0-SNAPSHOT.jar:?]
	at java.util.concurrent.CompletableFuture$AsyncSupply.run(CompletableFuture.java:1604) [?:1.8.0_362]
	at java.util.concurrent.ThreadPoolExecutor.runWorker(ThreadPoolExecutor.java:1149) [?:1.8.0_362]
	at java.util.concurrent.ThreadPoolExecutor$Worker.run(ThreadPoolExecutor.java:624) [?:1.8.0_362]
	at java.lang.Thread.run(Thread.java:750) [?:1.8.0_362]
2023-03-29 22:47:10,988 [OM StateMachine ApplyTransaction Thread - 0] ERROR snapshot.OMSnapshotDeleteRequest (OMSnapshotDeleteRequest.java:validateAndUpdateCache(225)) - Failed to delete snapshot 'snap50033' under path 'vol-46041/buck-39145'
22:47:10.988 [OM StateMachine ApplyTransaction Thread - 0] ERROR OMAudit - user=runner | ip=127.0.0.1 | op=DELETE_SNAPSHOT {volume=vol-46041, bucket=buck-39145, snapshotName=snap50033} | ret=FAILURE
org.apache.hadoop.ozone.om.exceptions.OMException: Snapshot is already deleted. Pending reclamation.
	at org.apache.hadoop.ozone.om.request.snapshot.OMSnapshotDeleteRequest.validateAndUpdateCache(OMSnapshotDeleteRequest.java:160) ~[ozone-manager-1.4.0-SNAPSHOT.jar:?]
	at org.apache.hadoop.ozone.protocolPB.OzoneManagerRequestHandler.handleWriteRequest(OzoneManagerRequestHandler.java:337) ~[ozone-manager-1.4.0-SNAPSHOT.jar:?]
	at org.apache.hadoop.ozone.om.ratis.OzoneManagerStateMachine.runCommand(OzoneManagerStateMachine.java:533) ~[ozone-manager-1.4.0-SNAPSHOT.jar:?]
	at org.apache.hadoop.ozone.om.ratis.OzoneManagerStateMachine.lambda$1(OzoneManagerStateMachine.java:324) ~[ozone-manager-1.4.0-SNAPSHOT.jar:?]
	at java.util.concurrent.CompletableFuture$AsyncSupply.run(CompletableFuture.java:1604) [?:1.8.0_362]
	at java.util.concurrent.ThreadPoolExecutor.runWorker(ThreadPoolExecutor.java:1149) [?:1.8.0_362]
	at java.util.concurrent.ThreadPoolExecutor$Worker.run(ThreadPoolExecutor.java:624) [?:1.8.0_362]
	at java.lang.Thread.run(Thread.java:750) [?:1.8.0_362]
2023-03-29 22:47:10,989 [OM StateMachine ApplyTransaction Thread - 0] ERROR snapshot.OMSnapshotDeleteRequest (OMSnapshotDeleteRequest.java:validateAndUpdateCache(225)) - Failed to delete snapshot 'snap50033' under path 'vol-46041/buck-39145'
2023-03-29 22:47:11,028 [OM StateMachine ApplyTransaction Thread - 0] INFO  snapshot.OMSnapshotCreateRequest (OMSnapshotCreateRequest.java:validateAndUpdateCache(204)) - Created snapshot '4ed492e6-cef3-4e9b-8881-eb46fc315e11' under path 'volume85177/bucket13732'
2023-03-29 22:47:11,030 [OM StateMachine ApplyTransaction Thread - 0] INFO  snapshot.OMSnapshotCreateRequest (OMSnapshotCreateRequest.java:validateAndUpdateCache(204)) - Created snapshot '4ed492e6-cef3-4e9b-8881-eb46fc315e11' under path 'volume85177/bucket13732'
2023-03-29 22:47:11,030 [OM StateMachine ApplyTransaction Thread - 0] INFO  snapshot.OMSnapshotCreateRequest (OMSnapshotCreateRequest.java:validateAndUpdateCache(204)) - Created snapshot '4ed492e6-cef3-4e9b-8881-eb46fc315e11' under path 'volume85177/bucket13732'
2023-03-29 22:47:11,063 [OMDoubleBufferFlushThread] INFO  db.RDBCheckpointManager (RDBCheckpointManager.java:createCheckpoint(96)) - Created checkpoint in rocksDB at /home/runner/work/ozone/ozone/hadoop-ozone/integration-test/target/test-dir/MiniOzoneClusterImpl-bfbd9018-35f1-41c4-9115-0ebbd4040a15/omNode-1/db.snapshots/om.db-92d92e7f-7c31-4bb1-8f8b-7153cac0ef91 in 32 milliseconds
2023-03-29 22:47:11,067 [OMDoubleBufferFlushThread] INFO  db.RDBCheckpointManager (RDBCheckpointManager.java:waitForCheckpointDirectoryExist(125)) - Waited for 4 milliseconds for checkpoint directory /home/runner/work/ozone/ozone/hadoop-ozone/integration-test/target/test-dir/MiniOzoneClusterImpl-bfbd9018-35f1-41c4-9115-0ebbd4040a15/omNode-1/db.snapshots/om.db-92d92e7f-7c31-4bb1-8f8b-7153cac0ef91 availability.
2023-03-29 22:47:11,067 [OMDoubleBufferFlushThread] INFO  om.OmSnapshotManager (OmSnapshotManager.java:createOmSnapshotCheckpoint(317)) - Created checkpoint : /home/runner/work/ozone/ozone/hadoop-ozone/integration-test/target/test-dir/MiniOzoneClusterImpl-bfbd9018-35f1-41c4-9115-0ebbd4040a15/omNode-1/db.snapshots/om.db-92d92e7f-7c31-4bb1-8f8b-7153cac0ef91 for snapshot 4ed492e6-cef3-4e9b-8881-eb46fc315e11
2023-03-29 22:47:11,074 [OMDoubleBufferFlushThread] INFO  db.RDBCheckpointManager (RDBCheckpointManager.java:createCheckpoint(96)) - Created checkpoint in rocksDB at /home/runner/work/ozone/ozone/hadoop-ozone/integration-test/target/test-dir/MiniOzoneClusterImpl-bfbd9018-35f1-41c4-9115-0ebbd4040a15/omNode-2/db.snapshots/om.db-92d92e7f-7c31-4bb1-8f8b-7153cac0ef91 in 43 milliseconds
2023-03-29 22:47:11,079 [OMDoubleBufferFlushThread] INFO  db.RDBCheckpointManager (RDBCheckpointManager.java:waitForCheckpointDirectoryExist(125)) - Waited for 5 milliseconds for checkpoint directory /home/runner/work/ozone/ozone/hadoop-ozone/integration-test/target/test-dir/MiniOzoneClusterImpl-bfbd9018-35f1-41c4-9115-0ebbd4040a15/omNode-2/db.snapshots/om.db-92d92e7f-7c31-4bb1-8f8b-7153cac0ef91 availability.
2023-03-29 22:47:11,079 [OMDoubleBufferFlushThread] INFO  om.OmSnapshotManager (OmSnapshotManager.java:createOmSnapshotCheckpoint(317)) - Created checkpoint : /home/runner/work/ozone/ozone/hadoop-ozone/integration-test/target/test-dir/MiniOzoneClusterImpl-bfbd9018-35f1-41c4-9115-0ebbd4040a15/omNode-2/db.snapshots/om.db-92d92e7f-7c31-4bb1-8f8b-7153cac0ef91 for snapshot 4ed492e6-cef3-4e9b-8881-eb46fc315e11
2023-03-29 22:47:11,081 [OMDoubleBufferFlushThread] INFO  db.RDBCheckpointManager (RDBCheckpointManager.java:createCheckpoint(96)) - Created checkpoint in rocksDB at /home/runner/work/ozone/ozone/hadoop-ozone/integration-test/target/test-dir/MiniOzoneClusterImpl-bfbd9018-35f1-41c4-9115-0ebbd4040a15/omNode-3/db.snapshots/om.db-92d92e7f-7c31-4bb1-8f8b-7153cac0ef91 in 49 milliseconds
2023-03-29 22:47:11,082 [OMDoubleBufferFlushThread] INFO  db.RDBCheckpointManager (RDBCheckpointManager.java:waitForCheckpointDirectoryExist(125)) - Waited for 1 milliseconds for checkpoint directory /home/runner/work/ozone/ozone/hadoop-ozone/integration-test/target/test-dir/MiniOzoneClusterImpl-bfbd9018-35f1-41c4-9115-0ebbd4040a15/omNode-3/db.snapshots/om.db-92d92e7f-7c31-4bb1-8f8b-7153cac0ef91 availability.
2023-03-29 22:47:11,082 [OMDoubleBufferFlushThread] INFO  om.OmSnapshotManager (OmSnapshotManager.java:createOmSnapshotCheckpoint(317)) - Created checkpoint : /home/runner/work/ozone/ozone/hadoop-ozone/integration-test/target/test-dir/MiniOzoneClusterImpl-bfbd9018-35f1-41c4-9115-0ebbd4040a15/omNode-3/db.snapshots/om.db-92d92e7f-7c31-4bb1-8f8b-7153cac0ef91 for snapshot 4ed492e6-cef3-4e9b-8881-eb46fc315e11
]]></system-out>
  </testcase>
  <testcase name="testSnapDiffNonExistentUrl" classname="TestOmSnapshot" time="2.139">
    <system-out><![CDATA[2023-03-29 22:45:02,683 [Time-limited test] INFO  rpc.RpcClient (RpcClient.java:createVolume(476)) - Creating Volume: vol-48087, with runner as owner and space quota set to -1 bytes, counts quota set to -1
2023-03-29 22:45:02,689 [OM StateMachine ApplyTransaction Thread - 0] INFO  volume.OMVolumeCreateRequest (OMVolumeCreateRequest.java:validateAndUpdateCache(195)) - created volume:vol-48087 for user:runner
2023-03-29 22:45:02,697 [OM StateMachine ApplyTransaction Thread - 0] INFO  volume.OMVolumeCreateRequest (OMVolumeCreateRequest.java:validateAndUpdateCache(195)) - created volume:vol-48087 for user:runner
2023-03-29 22:45:02,700 [OM StateMachine ApplyTransaction Thread - 0] INFO  volume.OMVolumeCreateRequest (OMVolumeCreateRequest.java:validateAndUpdateCache(195)) - created volume:vol-48087 for user:runner
2023-03-29 22:45:02,702 [Time-limited test] INFO  rpc.RpcClient (RpcClient.java:createBucket(698)) - Creating Bucket: vol-48087/buck-53135, with server-side default bucket layout, runner as owner, Versioning false, Storage Type set to DISK and Encryption set to false, Replication Type set to server-side default replication type, Namespace Quota set to -1, Space Quota set to -1 
2023-03-29 22:45:02,707 [OM StateMachine ApplyTransaction Thread - 0] INFO  bucket.OMBucketCreateRequest (OMBucketCreateRequest.java:validateAndUpdateCache(262)) - created bucket: buck-53135 of layout OBJECT_STORE in volume: vol-48087
2023-03-29 22:45:02,710 [OM StateMachine ApplyTransaction Thread - 0] INFO  bucket.OMBucketCreateRequest (OMBucketCreateRequest.java:validateAndUpdateCache(262)) - created bucket: buck-53135 of layout OBJECT_STORE in volume: vol-48087
2023-03-29 22:45:02,711 [OM StateMachine ApplyTransaction Thread - 0] INFO  bucket.OMBucketCreateRequest (OMBucketCreateRequest.java:validateAndUpdateCache(262)) - created bucket: buck-53135 of layout OBJECT_STORE in volume: vol-48087
2023-03-29 22:45:02,793 [OM StateMachine ApplyTransaction Thread - 0] INFO  snapshot.OMSnapshotCreateRequest (OMSnapshotCreateRequest.java:validateAndUpdateCache(204)) - Created snapshot 'snap92705' under path 'vol-48087/buck-53135'
2023-03-29 22:45:02,799 [OM StateMachine ApplyTransaction Thread - 0] INFO  snapshot.OMSnapshotCreateRequest (OMSnapshotCreateRequest.java:validateAndUpdateCache(204)) - Created snapshot 'snap92705' under path 'vol-48087/buck-53135'
2023-03-29 22:45:02,801 [OM StateMachine ApplyTransaction Thread - 0] INFO  snapshot.OMSnapshotCreateRequest (OMSnapshotCreateRequest.java:validateAndUpdateCache(204)) - Created snapshot 'snap92705' under path 'vol-48087/buck-53135'
2023-03-29 22:45:02,863 [OMDoubleBufferFlushThread] INFO  db.RDBCheckpointManager (RDBCheckpointManager.java:createCheckpoint(96)) - Created checkpoint in rocksDB at /home/runner/work/ozone/ozone/hadoop-ozone/integration-test/target/test-dir/MiniOzoneClusterImpl-bcbc84c2-519e-42a0-a817-fd35ffaa666a/omNode-2/db.snapshots/om.db-4223576c-6e9a-4369-88b8-ced807c0e214 in 59 milliseconds
2023-03-29 22:45:02,868 [OMDoubleBufferFlushThread] INFO  db.RDBCheckpointManager (RDBCheckpointManager.java:createCheckpoint(96)) - Created checkpoint in rocksDB at /home/runner/work/ozone/ozone/hadoop-ozone/integration-test/target/test-dir/MiniOzoneClusterImpl-bcbc84c2-519e-42a0-a817-fd35ffaa666a/omNode-1/db.snapshots/om.db-4223576c-6e9a-4369-88b8-ced807c0e214 in 72 milliseconds
2023-03-29 22:45:02,870 [OMDoubleBufferFlushThread] INFO  db.RDBCheckpointManager (RDBCheckpointManager.java:waitForCheckpointDirectoryExist(125)) - Waited for 7 milliseconds for checkpoint directory /home/runner/work/ozone/ozone/hadoop-ozone/integration-test/target/test-dir/MiniOzoneClusterImpl-bcbc84c2-519e-42a0-a817-fd35ffaa666a/omNode-2/db.snapshots/om.db-4223576c-6e9a-4369-88b8-ced807c0e214 availability.
2023-03-29 22:45:02,870 [OMDoubleBufferFlushThread] WARN  om.OmSnapshotManager (OmSnapshotManager.java:deleteKeysInSnapshotScopeFromDTableInternal(396)) - Took 113107 ns to clean up deletedTable
2023-03-29 22:45:02,870 [OMDoubleBufferFlushThread] INFO  om.OmSnapshotManager (OmSnapshotManager.java:createOmSnapshotCheckpoint(317)) - Created checkpoint : /home/runner/work/ozone/ozone/hadoop-ozone/integration-test/target/test-dir/MiniOzoneClusterImpl-bcbc84c2-519e-42a0-a817-fd35ffaa666a/omNode-2/db.snapshots/om.db-4223576c-6e9a-4369-88b8-ced807c0e214 for snapshot snap92705
2023-03-29 22:45:02,875 [OMDoubleBufferFlushThread] INFO  db.RDBCheckpointManager (RDBCheckpointManager.java:waitForCheckpointDirectoryExist(125)) - Waited for 7 milliseconds for checkpoint directory /home/runner/work/ozone/ozone/hadoop-ozone/integration-test/target/test-dir/MiniOzoneClusterImpl-bcbc84c2-519e-42a0-a817-fd35ffaa666a/omNode-1/db.snapshots/om.db-4223576c-6e9a-4369-88b8-ced807c0e214 availability.
2023-03-29 22:45:02,875 [OMDoubleBufferFlushThread] INFO  om.OmSnapshotManager (OmSnapshotManager.java:createOmSnapshotCheckpoint(317)) - Created checkpoint : /home/runner/work/ozone/ozone/hadoop-ozone/integration-test/target/test-dir/MiniOzoneClusterImpl-bcbc84c2-519e-42a0-a817-fd35ffaa666a/omNode-1/db.snapshots/om.db-4223576c-6e9a-4369-88b8-ced807c0e214 for snapshot snap92705
2023-03-29 22:45:02,877 [OMDoubleBufferFlushThread] INFO  db.RDBCheckpointManager (RDBCheckpointManager.java:createCheckpoint(96)) - Created checkpoint in rocksDB at /home/runner/work/ozone/ozone/hadoop-ozone/integration-test/target/test-dir/MiniOzoneClusterImpl-bcbc84c2-519e-42a0-a817-fd35ffaa666a/omNode-3/db.snapshots/om.db-4223576c-6e9a-4369-88b8-ced807c0e214 in 75 milliseconds
2023-03-29 22:45:02,881 [OMDoubleBufferFlushThread] INFO  db.RDBCheckpointManager (RDBCheckpointManager.java:waitForCheckpointDirectoryExist(125)) - Waited for 4 milliseconds for checkpoint directory /home/runner/work/ozone/ozone/hadoop-ozone/integration-test/target/test-dir/MiniOzoneClusterImpl-bcbc84c2-519e-42a0-a817-fd35ffaa666a/omNode-3/db.snapshots/om.db-4223576c-6e9a-4369-88b8-ced807c0e214 availability.
2023-03-29 22:45:02,881 [OMDoubleBufferFlushThread] INFO  om.OmSnapshotManager (OmSnapshotManager.java:createOmSnapshotCheckpoint(317)) - Created checkpoint : /home/runner/work/ozone/ozone/hadoop-ozone/integration-test/target/test-dir/MiniOzoneClusterImpl-bcbc84c2-519e-42a0-a817-fd35ffaa666a/omNode-3/db.snapshots/om.db-4223576c-6e9a-4369-88b8-ced807c0e214 for snapshot snap92705
2023-03-29 22:45:03,806 [OM StateMachine ApplyTransaction Thread - 0] INFO  snapshot.OMSnapshotCreateRequest (OMSnapshotCreateRequest.java:validateAndUpdateCache(204)) - Created snapshot 'snap82348' under path 'vol-48087/buck-53135'
2023-03-29 22:45:03,810 [OM StateMachine ApplyTransaction Thread - 0] INFO  snapshot.OMSnapshotCreateRequest (OMSnapshotCreateRequest.java:validateAndUpdateCache(204)) - Created snapshot 'snap82348' under path 'vol-48087/buck-53135'
2023-03-29 22:45:03,812 [OM StateMachine ApplyTransaction Thread - 0] INFO  snapshot.OMSnapshotCreateRequest (OMSnapshotCreateRequest.java:validateAndUpdateCache(204)) - Created snapshot 'snap82348' under path 'vol-48087/buck-53135'
2023-03-29 22:45:03,830 [OMDoubleBufferFlushThread] INFO  db.RDBCheckpointManager (RDBCheckpointManager.java:createCheckpoint(96)) - Created checkpoint in rocksDB at /home/runner/work/ozone/ozone/hadoop-ozone/integration-test/target/test-dir/MiniOzoneClusterImpl-bcbc84c2-519e-42a0-a817-fd35ffaa666a/omNode-1/db.snapshots/om.db-95d2337f-685d-41b3-b589-2fce4b5ffda5 in 21 milliseconds
2023-03-29 22:45:03,831 [OMDoubleBufferFlushThread] INFO  db.RDBCheckpointManager (RDBCheckpointManager.java:waitForCheckpointDirectoryExist(125)) - Waited for 1 milliseconds for checkpoint directory /home/runner/work/ozone/ozone/hadoop-ozone/integration-test/target/test-dir/MiniOzoneClusterImpl-bcbc84c2-519e-42a0-a817-fd35ffaa666a/omNode-1/db.snapshots/om.db-95d2337f-685d-41b3-b589-2fce4b5ffda5 availability.
2023-03-29 22:45:03,831 [OMDoubleBufferFlushThread] WARN  om.OmSnapshotManager (OmSnapshotManager.java:deleteKeysInSnapshotScopeFromDTableInternal(396)) - Took 104406 ns to clean up deletedTable
2023-03-29 22:45:03,831 [OMDoubleBufferFlushThread] INFO  om.OmSnapshotManager (OmSnapshotManager.java:createOmSnapshotCheckpoint(317)) - Created checkpoint : /home/runner/work/ozone/ozone/hadoop-ozone/integration-test/target/test-dir/MiniOzoneClusterImpl-bcbc84c2-519e-42a0-a817-fd35ffaa666a/omNode-1/db.snapshots/om.db-95d2337f-685d-41b3-b589-2fce4b5ffda5 for snapshot snap82348
2023-03-29 22:45:03,832 [OMDoubleBufferFlushThread] INFO  db.RDBCheckpointManager (RDBCheckpointManager.java:createCheckpoint(96)) - Created checkpoint in rocksDB at /home/runner/work/ozone/ozone/hadoop-ozone/integration-test/target/test-dir/MiniOzoneClusterImpl-bcbc84c2-519e-42a0-a817-fd35ffaa666a/omNode-3/db.snapshots/om.db-95d2337f-685d-41b3-b589-2fce4b5ffda5 in 19 milliseconds
2023-03-29 22:45:03,834 [OMDoubleBufferFlushThread] INFO  db.RDBCheckpointManager (RDBCheckpointManager.java:waitForCheckpointDirectoryExist(125)) - Waited for 1 milliseconds for checkpoint directory /home/runner/work/ozone/ozone/hadoop-ozone/integration-test/target/test-dir/MiniOzoneClusterImpl-bcbc84c2-519e-42a0-a817-fd35ffaa666a/omNode-3/db.snapshots/om.db-95d2337f-685d-41b3-b589-2fce4b5ffda5 availability.
2023-03-29 22:45:03,835 [OMDoubleBufferFlushThread] WARN  om.OmSnapshotManager (OmSnapshotManager.java:deleteKeysInSnapshotScopeFromDTableInternal(396)) - Took 174110 ns to clean up deletedTable
2023-03-29 22:45:03,835 [OMDoubleBufferFlushThread] INFO  om.OmSnapshotManager (OmSnapshotManager.java:createOmSnapshotCheckpoint(317)) - Created checkpoint : /home/runner/work/ozone/ozone/hadoop-ozone/integration-test/target/test-dir/MiniOzoneClusterImpl-bcbc84c2-519e-42a0-a817-fd35ffaa666a/omNode-3/db.snapshots/om.db-95d2337f-685d-41b3-b589-2fce4b5ffda5 for snapshot snap82348
2023-03-29 22:45:03,839 [OMDoubleBufferFlushThread] INFO  db.RDBCheckpointManager (RDBCheckpointManager.java:createCheckpoint(96)) - Created checkpoint in rocksDB at /home/runner/work/ozone/ozone/hadoop-ozone/integration-test/target/test-dir/MiniOzoneClusterImpl-bcbc84c2-519e-42a0-a817-fd35ffaa666a/omNode-2/db.snapshots/om.db-95d2337f-685d-41b3-b589-2fce4b5ffda5 in 24 milliseconds
2023-03-29 22:45:03,839 [OMDoubleBufferFlushThread] INFO  db.RDBCheckpointManager (RDBCheckpointManager.java:waitForCheckpointDirectoryExist(125)) - Waited for 0 milliseconds for checkpoint directory /home/runner/work/ozone/ozone/hadoop-ozone/integration-test/target/test-dir/MiniOzoneClusterImpl-bcbc84c2-519e-42a0-a817-fd35ffaa666a/omNode-2/db.snapshots/om.db-95d2337f-685d-41b3-b589-2fce4b5ffda5 availability.
2023-03-29 22:45:03,840 [OMDoubleBufferFlushThread] INFO  om.OmSnapshotManager (OmSnapshotManager.java:createOmSnapshotCheckpoint(317)) - Created checkpoint : /home/runner/work/ozone/ozone/hadoop-ozone/integration-test/target/test-dir/MiniOzoneClusterImpl-bcbc84c2-519e-42a0-a817-fd35ffaa666a/omNode-2/db.snapshots/om.db-95d2337f-685d-41b3-b589-2fce4b5ffda5 for snapshot snap82348
]]></system-out>
  </testcase>
  <testcase name="testSnapDiffNonExistentUrl" classname="TestOmSnapshot" time="2.057">
    <system-out><![CDATA[2023-03-29 22:46:07,363 [Time-limited test] INFO  rpc.RpcClient (RpcClient.java:createVolume(476)) - Creating Volume: vol-58160, with runner as owner and space quota set to -1 bytes, counts quota set to -1
2023-03-29 22:46:07,367 [OM StateMachine ApplyTransaction Thread - 0] INFO  volume.OMVolumeCreateRequest (OMVolumeCreateRequest.java:validateAndUpdateCache(195)) - created volume:vol-58160 for user:runner
2023-03-29 22:46:07,368 [OM StateMachine ApplyTransaction Thread - 0] INFO  volume.OMVolumeCreateRequest (OMVolumeCreateRequest.java:validateAndUpdateCache(195)) - created volume:vol-58160 for user:runner
2023-03-29 22:46:07,368 [OM StateMachine ApplyTransaction Thread - 0] INFO  volume.OMVolumeCreateRequest (OMVolumeCreateRequest.java:validateAndUpdateCache(195)) - created volume:vol-58160 for user:runner
2023-03-29 22:46:07,369 [Time-limited test] INFO  rpc.RpcClient (RpcClient.java:createBucket(698)) - Creating Bucket: vol-58160/buck-62329, with server-side default bucket layout, runner as owner, Versioning false, Storage Type set to DISK and Encryption set to false, Replication Type set to server-side default replication type, Namespace Quota set to -1, Space Quota set to -1 
2023-03-29 22:46:07,373 [OM StateMachine ApplyTransaction Thread - 0] INFO  bucket.OMBucketCreateRequest (OMBucketCreateRequest.java:validateAndUpdateCache(262)) - created bucket: buck-62329 of layout FILE_SYSTEM_OPTIMIZED in volume: vol-58160
2023-03-29 22:46:07,374 [OM StateMachine ApplyTransaction Thread - 0] INFO  bucket.OMBucketCreateRequest (OMBucketCreateRequest.java:validateAndUpdateCache(262)) - created bucket: buck-62329 of layout FILE_SYSTEM_OPTIMIZED in volume: vol-58160
2023-03-29 22:46:07,375 [OM StateMachine ApplyTransaction Thread - 0] INFO  bucket.OMBucketCreateRequest (OMBucketCreateRequest.java:validateAndUpdateCache(262)) - created bucket: buck-62329 of layout FILE_SYSTEM_OPTIMIZED in volume: vol-58160
2023-03-29 22:46:07,407 [OM StateMachine ApplyTransaction Thread - 0] INFO  snapshot.OMSnapshotCreateRequest (OMSnapshotCreateRequest.java:validateAndUpdateCache(204)) - Created snapshot 'snap45234' under path 'vol-58160/buck-62329'
2023-03-29 22:46:07,409 [OM StateMachine ApplyTransaction Thread - 0] INFO  snapshot.OMSnapshotCreateRequest (OMSnapshotCreateRequest.java:validateAndUpdateCache(204)) - Created snapshot 'snap45234' under path 'vol-58160/buck-62329'
2023-03-29 22:46:07,410 [OM StateMachine ApplyTransaction Thread - 0] INFO  snapshot.OMSnapshotCreateRequest (OMSnapshotCreateRequest.java:validateAndUpdateCache(204)) - Created snapshot 'snap45234' under path 'vol-58160/buck-62329'
2023-03-29 22:46:07,474 [OMDoubleBufferFlushThread] INFO  db.RDBCheckpointManager (RDBCheckpointManager.java:createCheckpoint(96)) - Created checkpoint in rocksDB at /home/runner/work/ozone/ozone/hadoop-ozone/integration-test/target/test-dir/MiniOzoneClusterImpl-8ae17f6e-7b8d-4fcc-9253-feb95f7e1717/omNode-3/db.snapshots/om.db-6efbca43-5865-4b0c-a279-76470c1a124b in 62 milliseconds
2023-03-29 22:46:07,474 [OMDoubleBufferFlushThread] INFO  db.RDBCheckpointManager (RDBCheckpointManager.java:waitForCheckpointDirectoryExist(125)) - Waited for 0 milliseconds for checkpoint directory /home/runner/work/ozone/ozone/hadoop-ozone/integration-test/target/test-dir/MiniOzoneClusterImpl-8ae17f6e-7b8d-4fcc-9253-feb95f7e1717/omNode-3/db.snapshots/om.db-6efbca43-5865-4b0c-a279-76470c1a124b availability.
2023-03-29 22:46:07,475 [OMDoubleBufferFlushThread] INFO  om.OmSnapshotManager (OmSnapshotManager.java:createOmSnapshotCheckpoint(317)) - Created checkpoint : /home/runner/work/ozone/ozone/hadoop-ozone/integration-test/target/test-dir/MiniOzoneClusterImpl-8ae17f6e-7b8d-4fcc-9253-feb95f7e1717/omNode-3/db.snapshots/om.db-6efbca43-5865-4b0c-a279-76470c1a124b for snapshot snap45234
2023-03-29 22:46:07,479 [OMDoubleBufferFlushThread] INFO  db.RDBCheckpointManager (RDBCheckpointManager.java:createCheckpoint(96)) - Created checkpoint in rocksDB at /home/runner/work/ozone/ozone/hadoop-ozone/integration-test/target/test-dir/MiniOzoneClusterImpl-8ae17f6e-7b8d-4fcc-9253-feb95f7e1717/omNode-1/db.snapshots/om.db-6efbca43-5865-4b0c-a279-76470c1a124b in 68 milliseconds
2023-03-29 22:46:07,480 [OMDoubleBufferFlushThread] INFO  db.RDBCheckpointManager (RDBCheckpointManager.java:createCheckpoint(96)) - Created checkpoint in rocksDB at /home/runner/work/ozone/ozone/hadoop-ozone/integration-test/target/test-dir/MiniOzoneClusterImpl-8ae17f6e-7b8d-4fcc-9253-feb95f7e1717/omNode-2/db.snapshots/om.db-6efbca43-5865-4b0c-a279-76470c1a124b in 66 milliseconds
2023-03-29 22:46:07,480 [OMDoubleBufferFlushThread] INFO  db.RDBCheckpointManager (RDBCheckpointManager.java:waitForCheckpointDirectoryExist(125)) - Waited for 1 milliseconds for checkpoint directory /home/runner/work/ozone/ozone/hadoop-ozone/integration-test/target/test-dir/MiniOzoneClusterImpl-8ae17f6e-7b8d-4fcc-9253-feb95f7e1717/omNode-1/db.snapshots/om.db-6efbca43-5865-4b0c-a279-76470c1a124b availability.
2023-03-29 22:46:07,480 [OMDoubleBufferFlushThread] INFO  db.RDBCheckpointManager (RDBCheckpointManager.java:waitForCheckpointDirectoryExist(125)) - Waited for 0 milliseconds for checkpoint directory /home/runner/work/ozone/ozone/hadoop-ozone/integration-test/target/test-dir/MiniOzoneClusterImpl-8ae17f6e-7b8d-4fcc-9253-feb95f7e1717/omNode-2/db.snapshots/om.db-6efbca43-5865-4b0c-a279-76470c1a124b availability.
2023-03-29 22:46:07,480 [OMDoubleBufferFlushThread] INFO  om.OmSnapshotManager (OmSnapshotManager.java:createOmSnapshotCheckpoint(317)) - Created checkpoint : /home/runner/work/ozone/ozone/hadoop-ozone/integration-test/target/test-dir/MiniOzoneClusterImpl-8ae17f6e-7b8d-4fcc-9253-feb95f7e1717/omNode-1/db.snapshots/om.db-6efbca43-5865-4b0c-a279-76470c1a124b for snapshot snap45234
2023-03-29 22:46:07,480 [OMDoubleBufferFlushThread] INFO  om.OmSnapshotManager (OmSnapshotManager.java:createOmSnapshotCheckpoint(317)) - Created checkpoint : /home/runner/work/ozone/ozone/hadoop-ozone/integration-test/target/test-dir/MiniOzoneClusterImpl-8ae17f6e-7b8d-4fcc-9253-feb95f7e1717/omNode-2/db.snapshots/om.db-6efbca43-5865-4b0c-a279-76470c1a124b for snapshot snap45234
2023-03-29 22:46:08,412 [OM StateMachine ApplyTransaction Thread - 0] INFO  snapshot.OMSnapshotCreateRequest (OMSnapshotCreateRequest.java:validateAndUpdateCache(204)) - Created snapshot 'snap38554' under path 'vol-58160/buck-62329'
2023-03-29 22:46:08,414 [OM StateMachine ApplyTransaction Thread - 0] INFO  snapshot.OMSnapshotCreateRequest (OMSnapshotCreateRequest.java:validateAndUpdateCache(204)) - Created snapshot 'snap38554' under path 'vol-58160/buck-62329'
2023-03-29 22:46:08,414 [OM StateMachine ApplyTransaction Thread - 0] INFO  snapshot.OMSnapshotCreateRequest (OMSnapshotCreateRequest.java:validateAndUpdateCache(204)) - Created snapshot 'snap38554' under path 'vol-58160/buck-62329'
2023-03-29 22:46:08,429 [OMDoubleBufferFlushThread] INFO  db.RDBCheckpointManager (RDBCheckpointManager.java:createCheckpoint(96)) - Created checkpoint in rocksDB at /home/runner/work/ozone/ozone/hadoop-ozone/integration-test/target/test-dir/MiniOzoneClusterImpl-8ae17f6e-7b8d-4fcc-9253-feb95f7e1717/omNode-1/db.snapshots/om.db-c6af080e-cfb7-43fc-9ddf-3b2ced1b159f in 15 milliseconds
2023-03-29 22:46:08,430 [OMDoubleBufferFlushThread] INFO  db.RDBCheckpointManager (RDBCheckpointManager.java:waitForCheckpointDirectoryExist(125)) - Waited for 0 milliseconds for checkpoint directory /home/runner/work/ozone/ozone/hadoop-ozone/integration-test/target/test-dir/MiniOzoneClusterImpl-8ae17f6e-7b8d-4fcc-9253-feb95f7e1717/omNode-1/db.snapshots/om.db-c6af080e-cfb7-43fc-9ddf-3b2ced1b159f availability.
2023-03-29 22:46:08,430 [OMDoubleBufferFlushThread] INFO  om.OmSnapshotManager (OmSnapshotManager.java:createOmSnapshotCheckpoint(317)) - Created checkpoint : /home/runner/work/ozone/ozone/hadoop-ozone/integration-test/target/test-dir/MiniOzoneClusterImpl-8ae17f6e-7b8d-4fcc-9253-feb95f7e1717/omNode-1/db.snapshots/om.db-c6af080e-cfb7-43fc-9ddf-3b2ced1b159f for snapshot snap38554
2023-03-29 22:46:08,432 [OMDoubleBufferFlushThread] INFO  db.RDBCheckpointManager (RDBCheckpointManager.java:createCheckpoint(96)) - Created checkpoint in rocksDB at /home/runner/work/ozone/ozone/hadoop-ozone/integration-test/target/test-dir/MiniOzoneClusterImpl-8ae17f6e-7b8d-4fcc-9253-feb95f7e1717/omNode-2/db.snapshots/om.db-c6af080e-cfb7-43fc-9ddf-3b2ced1b159f in 15 milliseconds
2023-03-29 22:46:08,433 [OMDoubleBufferFlushThread] INFO  db.RDBCheckpointManager (RDBCheckpointManager.java:waitForCheckpointDirectoryExist(125)) - Waited for 1 milliseconds for checkpoint directory /home/runner/work/ozone/ozone/hadoop-ozone/integration-test/target/test-dir/MiniOzoneClusterImpl-8ae17f6e-7b8d-4fcc-9253-feb95f7e1717/omNode-2/db.snapshots/om.db-c6af080e-cfb7-43fc-9ddf-3b2ced1b159f availability.
2023-03-29 22:46:08,433 [OMDoubleBufferFlushThread] INFO  db.RDBCheckpointManager (RDBCheckpointManager.java:createCheckpoint(96)) - Created checkpoint in rocksDB at /home/runner/work/ozone/ozone/hadoop-ozone/integration-test/target/test-dir/MiniOzoneClusterImpl-8ae17f6e-7b8d-4fcc-9253-feb95f7e1717/omNode-3/db.snapshots/om.db-c6af080e-cfb7-43fc-9ddf-3b2ced1b159f in 17 milliseconds
2023-03-29 22:46:08,433 [OMDoubleBufferFlushThread] WARN  om.OmSnapshotManager (OmSnapshotManager.java:deleteKeysInSnapshotScopeFromDTableInternal(396)) - Took 259915 ns to clean up deletedTable
2023-03-29 22:46:08,433 [OMDoubleBufferFlushThread] INFO  om.OmSnapshotManager (OmSnapshotManager.java:createOmSnapshotCheckpoint(317)) - Created checkpoint : /home/runner/work/ozone/ozone/hadoop-ozone/integration-test/target/test-dir/MiniOzoneClusterImpl-8ae17f6e-7b8d-4fcc-9253-feb95f7e1717/omNode-2/db.snapshots/om.db-c6af080e-cfb7-43fc-9ddf-3b2ced1b159f for snapshot snap38554
2023-03-29 22:46:08,434 [OMDoubleBufferFlushThread] INFO  db.RDBCheckpointManager (RDBCheckpointManager.java:waitForCheckpointDirectoryExist(125)) - Waited for 1 milliseconds for checkpoint directory /home/runner/work/ozone/ozone/hadoop-ozone/integration-test/target/test-dir/MiniOzoneClusterImpl-8ae17f6e-7b8d-4fcc-9253-feb95f7e1717/omNode-3/db.snapshots/om.db-c6af080e-cfb7-43fc-9ddf-3b2ced1b159f availability.
2023-03-29 22:46:08,434 [OMDoubleBufferFlushThread] INFO  om.OmSnapshotManager (OmSnapshotManager.java:createOmSnapshotCheckpoint(317)) - Created checkpoint : /home/runner/work/ozone/ozone/hadoop-ozone/integration-test/target/test-dir/MiniOzoneClusterImpl-8ae17f6e-7b8d-4fcc-9253-feb95f7e1717/omNode-3/db.snapshots/om.db-c6af080e-cfb7-43fc-9ddf-3b2ced1b159f for snapshot snap38554
]]></system-out>
  </testcase>
  <testcase name="testSnapDiffNonExistentUrl" classname="TestOmSnapshot" time="2.045">
    <system-out><![CDATA[2023-03-29 22:47:12,030 [Time-limited test] INFO  rpc.RpcClient (RpcClient.java:createVolume(476)) - Creating Volume: vol-21624, with runner as owner and space quota set to -1 bytes, counts quota set to -1
2023-03-29 22:47:12,034 [OM StateMachine ApplyTransaction Thread - 0] INFO  volume.OMVolumeCreateRequest (OMVolumeCreateRequest.java:validateAndUpdateCache(195)) - created volume:vol-21624 for user:runner
2023-03-29 22:47:12,036 [Time-limited test] INFO  rpc.RpcClient (RpcClient.java:createBucket(698)) - Creating Bucket: vol-21624/buck-79407, with server-side default bucket layout, runner as owner, Versioning false, Storage Type set to DISK and Encryption set to false, Replication Type set to server-side default replication type, Namespace Quota set to -1, Space Quota set to -1 
2023-03-29 22:47:12,036 [OM StateMachine ApplyTransaction Thread - 0] INFO  volume.OMVolumeCreateRequest (OMVolumeCreateRequest.java:validateAndUpdateCache(195)) - created volume:vol-21624 for user:runner
2023-03-29 22:47:12,036 [OM StateMachine ApplyTransaction Thread - 0] INFO  volume.OMVolumeCreateRequest (OMVolumeCreateRequest.java:validateAndUpdateCache(195)) - created volume:vol-21624 for user:runner
2023-03-29 22:47:12,040 [OM StateMachine ApplyTransaction Thread - 0] INFO  bucket.OMBucketCreateRequest (OMBucketCreateRequest.java:validateAndUpdateCache(262)) - created bucket: buck-79407 of layout LEGACY in volume: vol-21624
2023-03-29 22:47:12,041 [OM StateMachine ApplyTransaction Thread - 0] INFO  bucket.OMBucketCreateRequest (OMBucketCreateRequest.java:validateAndUpdateCache(262)) - created bucket: buck-79407 of layout LEGACY in volume: vol-21624
2023-03-29 22:47:12,042 [OM StateMachine ApplyTransaction Thread - 0] INFO  bucket.OMBucketCreateRequest (OMBucketCreateRequest.java:validateAndUpdateCache(262)) - created bucket: buck-79407 of layout LEGACY in volume: vol-21624
2023-03-29 22:47:12,067 [OM StateMachine ApplyTransaction Thread - 0] INFO  snapshot.OMSnapshotCreateRequest (OMSnapshotCreateRequest.java:validateAndUpdateCache(204)) - Created snapshot 'snap51872' under path 'vol-21624/buck-79407'
2023-03-29 22:47:12,069 [OM StateMachine ApplyTransaction Thread - 0] INFO  snapshot.OMSnapshotCreateRequest (OMSnapshotCreateRequest.java:validateAndUpdateCache(204)) - Created snapshot 'snap51872' under path 'vol-21624/buck-79407'
2023-03-29 22:47:12,069 [OM StateMachine ApplyTransaction Thread - 0] INFO  snapshot.OMSnapshotCreateRequest (OMSnapshotCreateRequest.java:validateAndUpdateCache(204)) - Created snapshot 'snap51872' under path 'vol-21624/buck-79407'
2023-03-29 22:47:12,109 [OMDoubleBufferFlushThread] INFO  db.RDBCheckpointManager (RDBCheckpointManager.java:createCheckpoint(96)) - Created checkpoint in rocksDB at /home/runner/work/ozone/ozone/hadoop-ozone/integration-test/target/test-dir/MiniOzoneClusterImpl-bfbd9018-35f1-41c4-9115-0ebbd4040a15/omNode-2/db.snapshots/om.db-638c24f2-fc1e-4873-aadd-0a1b8ab8909c in 39 milliseconds
2023-03-29 22:47:12,110 [OMDoubleBufferFlushThread] INFO  db.RDBCheckpointManager (RDBCheckpointManager.java:waitForCheckpointDirectoryExist(125)) - Waited for 1 milliseconds for checkpoint directory /home/runner/work/ozone/ozone/hadoop-ozone/integration-test/target/test-dir/MiniOzoneClusterImpl-bfbd9018-35f1-41c4-9115-0ebbd4040a15/omNode-2/db.snapshots/om.db-638c24f2-fc1e-4873-aadd-0a1b8ab8909c availability.
2023-03-29 22:47:12,110 [OMDoubleBufferFlushThread] INFO  om.OmSnapshotManager (OmSnapshotManager.java:createOmSnapshotCheckpoint(317)) - Created checkpoint : /home/runner/work/ozone/ozone/hadoop-ozone/integration-test/target/test-dir/MiniOzoneClusterImpl-bfbd9018-35f1-41c4-9115-0ebbd4040a15/omNode-2/db.snapshots/om.db-638c24f2-fc1e-4873-aadd-0a1b8ab8909c for snapshot snap51872
2023-03-29 22:47:12,114 [OMDoubleBufferFlushThread] INFO  db.RDBCheckpointManager (RDBCheckpointManager.java:createCheckpoint(96)) - Created checkpoint in rocksDB at /home/runner/work/ozone/ozone/hadoop-ozone/integration-test/target/test-dir/MiniOzoneClusterImpl-bfbd9018-35f1-41c4-9115-0ebbd4040a15/omNode-1/db.snapshots/om.db-638c24f2-fc1e-4873-aadd-0a1b8ab8909c in 44 milliseconds
2023-03-29 22:47:12,115 [OMDoubleBufferFlushThread] INFO  db.RDBCheckpointManager (RDBCheckpointManager.java:waitForCheckpointDirectoryExist(125)) - Waited for 1 milliseconds for checkpoint directory /home/runner/work/ozone/ozone/hadoop-ozone/integration-test/target/test-dir/MiniOzoneClusterImpl-bfbd9018-35f1-41c4-9115-0ebbd4040a15/omNode-1/db.snapshots/om.db-638c24f2-fc1e-4873-aadd-0a1b8ab8909c availability.
2023-03-29 22:47:12,115 [OMDoubleBufferFlushThread] INFO  om.OmSnapshotManager (OmSnapshotManager.java:createOmSnapshotCheckpoint(317)) - Created checkpoint : /home/runner/work/ozone/ozone/hadoop-ozone/integration-test/target/test-dir/MiniOzoneClusterImpl-bfbd9018-35f1-41c4-9115-0ebbd4040a15/omNode-1/db.snapshots/om.db-638c24f2-fc1e-4873-aadd-0a1b8ab8909c for snapshot snap51872
2023-03-29 22:47:12,116 [OMDoubleBufferFlushThread] INFO  db.RDBCheckpointManager (RDBCheckpointManager.java:createCheckpoint(96)) - Created checkpoint in rocksDB at /home/runner/work/ozone/ozone/hadoop-ozone/integration-test/target/test-dir/MiniOzoneClusterImpl-bfbd9018-35f1-41c4-9115-0ebbd4040a15/omNode-3/db.snapshots/om.db-638c24f2-fc1e-4873-aadd-0a1b8ab8909c in 45 milliseconds
2023-03-29 22:47:12,116 [OMDoubleBufferFlushThread] INFO  db.RDBCheckpointManager (RDBCheckpointManager.java:waitForCheckpointDirectoryExist(125)) - Waited for 0 milliseconds for checkpoint directory /home/runner/work/ozone/ozone/hadoop-ozone/integration-test/target/test-dir/MiniOzoneClusterImpl-bfbd9018-35f1-41c4-9115-0ebbd4040a15/omNode-3/db.snapshots/om.db-638c24f2-fc1e-4873-aadd-0a1b8ab8909c availability.
2023-03-29 22:47:12,116 [OMDoubleBufferFlushThread] INFO  om.OmSnapshotManager (OmSnapshotManager.java:createOmSnapshotCheckpoint(317)) - Created checkpoint : /home/runner/work/ozone/ozone/hadoop-ozone/integration-test/target/test-dir/MiniOzoneClusterImpl-bfbd9018-35f1-41c4-9115-0ebbd4040a15/omNode-3/db.snapshots/om.db-638c24f2-fc1e-4873-aadd-0a1b8ab8909c for snapshot snap51872
2023-03-29 22:47:13,071 [OM StateMachine ApplyTransaction Thread - 0] INFO  snapshot.OMSnapshotCreateRequest (OMSnapshotCreateRequest.java:validateAndUpdateCache(204)) - Created snapshot 'snap57720' under path 'vol-21624/buck-79407'
2023-03-29 22:47:13,073 [OM StateMachine ApplyTransaction Thread - 0] INFO  snapshot.OMSnapshotCreateRequest (OMSnapshotCreateRequest.java:validateAndUpdateCache(204)) - Created snapshot 'snap57720' under path 'vol-21624/buck-79407'
2023-03-29 22:47:13,074 [OM StateMachine ApplyTransaction Thread - 0] INFO  snapshot.OMSnapshotCreateRequest (OMSnapshotCreateRequest.java:validateAndUpdateCache(204)) - Created snapshot 'snap57720' under path 'vol-21624/buck-79407'
2023-03-29 22:47:13,090 [OMDoubleBufferFlushThread] INFO  db.RDBCheckpointManager (RDBCheckpointManager.java:createCheckpoint(96)) - Created checkpoint in rocksDB at /home/runner/work/ozone/ozone/hadoop-ozone/integration-test/target/test-dir/MiniOzoneClusterImpl-bfbd9018-35f1-41c4-9115-0ebbd4040a15/omNode-1/db.snapshots/om.db-2ef5ef52-5530-4359-a3f7-921b6dec3ab5 in 15 milliseconds
2023-03-29 22:47:13,093 [OMDoubleBufferFlushThread] INFO  db.RDBCheckpointManager (RDBCheckpointManager.java:waitForCheckpointDirectoryExist(125)) - Waited for 3 milliseconds for checkpoint directory /home/runner/work/ozone/ozone/hadoop-ozone/integration-test/target/test-dir/MiniOzoneClusterImpl-bfbd9018-35f1-41c4-9115-0ebbd4040a15/omNode-1/db.snapshots/om.db-2ef5ef52-5530-4359-a3f7-921b6dec3ab5 availability.
2023-03-29 22:47:13,093 [OMDoubleBufferFlushThread] WARN  om.OmSnapshotManager (OmSnapshotManager.java:deleteKeysInSnapshotScopeFromDTableInternal(396)) - Took 184210 ns to clean up deletedTable
2023-03-29 22:47:13,093 [OMDoubleBufferFlushThread] INFO  om.OmSnapshotManager (OmSnapshotManager.java:createOmSnapshotCheckpoint(317)) - Created checkpoint : /home/runner/work/ozone/ozone/hadoop-ozone/integration-test/target/test-dir/MiniOzoneClusterImpl-bfbd9018-35f1-41c4-9115-0ebbd4040a15/omNode-1/db.snapshots/om.db-2ef5ef52-5530-4359-a3f7-921b6dec3ab5 for snapshot snap57720
2023-03-29 22:47:13,095 [OMDoubleBufferFlushThread] INFO  db.RDBCheckpointManager (RDBCheckpointManager.java:createCheckpoint(96)) - Created checkpoint in rocksDB at /home/runner/work/ozone/ozone/hadoop-ozone/integration-test/target/test-dir/MiniOzoneClusterImpl-bfbd9018-35f1-41c4-9115-0ebbd4040a15/omNode-3/db.snapshots/om.db-2ef5ef52-5530-4359-a3f7-921b6dec3ab5 in 19 milliseconds
2023-03-29 22:47:13,096 [OMDoubleBufferFlushThread] INFO  db.RDBCheckpointManager (RDBCheckpointManager.java:waitForCheckpointDirectoryExist(125)) - Waited for 0 milliseconds for checkpoint directory /home/runner/work/ozone/ozone/hadoop-ozone/integration-test/target/test-dir/MiniOzoneClusterImpl-bfbd9018-35f1-41c4-9115-0ebbd4040a15/omNode-3/db.snapshots/om.db-2ef5ef52-5530-4359-a3f7-921b6dec3ab5 availability.
2023-03-29 22:47:13,096 [OMDoubleBufferFlushThread] INFO  om.OmSnapshotManager (OmSnapshotManager.java:createOmSnapshotCheckpoint(317)) - Created checkpoint : /home/runner/work/ozone/ozone/hadoop-ozone/integration-test/target/test-dir/MiniOzoneClusterImpl-bfbd9018-35f1-41c4-9115-0ebbd4040a15/omNode-3/db.snapshots/om.db-2ef5ef52-5530-4359-a3f7-921b6dec3ab5 for snapshot snap57720
2023-03-29 22:47:13,096 [OMDoubleBufferFlushThread] INFO  db.RDBCheckpointManager (RDBCheckpointManager.java:createCheckpoint(96)) - Created checkpoint in rocksDB at /home/runner/work/ozone/ozone/hadoop-ozone/integration-test/target/test-dir/MiniOzoneClusterImpl-bfbd9018-35f1-41c4-9115-0ebbd4040a15/omNode-2/db.snapshots/om.db-2ef5ef52-5530-4359-a3f7-921b6dec3ab5 in 19 milliseconds
2023-03-29 22:47:13,097 [OMDoubleBufferFlushThread] INFO  db.RDBCheckpointManager (RDBCheckpointManager.java:waitForCheckpointDirectoryExist(125)) - Waited for 1 milliseconds for checkpoint directory /home/runner/work/ozone/ozone/hadoop-ozone/integration-test/target/test-dir/MiniOzoneClusterImpl-bfbd9018-35f1-41c4-9115-0ebbd4040a15/omNode-2/db.snapshots/om.db-2ef5ef52-5530-4359-a3f7-921b6dec3ab5 availability.
2023-03-29 22:47:13,097 [OMDoubleBufferFlushThread] INFO  om.OmSnapshotManager (OmSnapshotManager.java:createOmSnapshotCheckpoint(317)) - Created checkpoint : /home/runner/work/ozone/ozone/hadoop-ozone/integration-test/target/test-dir/MiniOzoneClusterImpl-bfbd9018-35f1-41c4-9115-0ebbd4040a15/omNode-2/db.snapshots/om.db-2ef5ef52-5530-4359-a3f7-921b6dec3ab5 for snapshot snap57720
]]></system-out>
  </testcase>
  <testcase name="testListKey" classname="TestOmSnapshot" time="9.166">
    <system-out><![CDATA[2023-03-29 22:45:04,816 [Time-limited test] INFO  rpc.RpcClient (RpcClient.java:createVolume(476)) - Creating Volume: vol-a-17244, with runner as owner and space quota set to -1 bytes, counts quota set to -1
2023-03-29 22:45:04,820 [OM StateMachine ApplyTransaction Thread - 0] INFO  volume.OMVolumeCreateRequest (OMVolumeCreateRequest.java:validateAndUpdateCache(195)) - created volume:vol-a-17244 for user:runner
2023-03-29 22:45:04,826 [Time-limited test] INFO  rpc.RpcClient (RpcClient.java:createVolume(476)) - Creating Volume: vol-b-57627, with runner as owner and space quota set to -1 bytes, counts quota set to -1
2023-03-29 22:45:04,829 [OM StateMachine ApplyTransaction Thread - 0] INFO  volume.OMVolumeCreateRequest (OMVolumeCreateRequest.java:validateAndUpdateCache(195)) - created volume:vol-a-17244 for user:runner
2023-03-29 22:45:04,829 [OM StateMachine ApplyTransaction Thread - 0] INFO  volume.OMVolumeCreateRequest (OMVolumeCreateRequest.java:validateAndUpdateCache(195)) - created volume:vol-a-17244 for user:runner
2023-03-29 22:45:04,837 [OM StateMachine ApplyTransaction Thread - 0] INFO  volume.OMVolumeCreateRequest (OMVolumeCreateRequest.java:validateAndUpdateCache(195)) - created volume:vol-b-57627 for user:runner
2023-03-29 22:45:04,841 [OM StateMachine ApplyTransaction Thread - 0] INFO  volume.OMVolumeCreateRequest (OMVolumeCreateRequest.java:validateAndUpdateCache(195)) - created volume:vol-b-57627 for user:runner
2023-03-29 22:45:04,841 [OM StateMachine ApplyTransaction Thread - 0] INFO  volume.OMVolumeCreateRequest (OMVolumeCreateRequest.java:validateAndUpdateCache(195)) - created volume:vol-b-57627 for user:runner
2023-03-29 22:45:04,849 [Time-limited test] INFO  rpc.RpcClient (RpcClient.java:createBucket(698)) - Creating Bucket: vol-a-17244/buc-a-89196, with server-side default bucket layout, runner as owner, Versioning false, Storage Type set to DISK and Encryption set to false, Replication Type set to server-side default replication type, Namespace Quota set to -1, Space Quota set to -1 
2023-03-29 22:45:04,854 [OM StateMachine ApplyTransaction Thread - 0] INFO  bucket.OMBucketCreateRequest (OMBucketCreateRequest.java:validateAndUpdateCache(262)) - created bucket: buc-a-89196 of layout OBJECT_STORE in volume: vol-a-17244
2023-03-29 22:45:04,856 [OM StateMachine ApplyTransaction Thread - 0] INFO  bucket.OMBucketCreateRequest (OMBucketCreateRequest.java:validateAndUpdateCache(262)) - created bucket: buc-a-89196 of layout OBJECT_STORE in volume: vol-a-17244
2023-03-29 22:45:04,857 [OM StateMachine ApplyTransaction Thread - 0] INFO  bucket.OMBucketCreateRequest (OMBucketCreateRequest.java:validateAndUpdateCache(262)) - created bucket: buc-a-89196 of layout OBJECT_STORE in volume: vol-a-17244
2023-03-29 22:45:04,858 [Time-limited test] INFO  rpc.RpcClient (RpcClient.java:createBucket(698)) - Creating Bucket: vol-a-17244/buc-b-61738, with server-side default bucket layout, runner as owner, Versioning false, Storage Type set to DISK and Encryption set to false, Replication Type set to server-side default replication type, Namespace Quota set to -1, Space Quota set to -1 
2023-03-29 22:45:04,863 [OM StateMachine ApplyTransaction Thread - 0] INFO  bucket.OMBucketCreateRequest (OMBucketCreateRequest.java:validateAndUpdateCache(262)) - created bucket: buc-b-61738 of layout OBJECT_STORE in volume: vol-a-17244
2023-03-29 22:45:04,866 [OM StateMachine ApplyTransaction Thread - 0] INFO  bucket.OMBucketCreateRequest (OMBucketCreateRequest.java:validateAndUpdateCache(262)) - created bucket: buc-b-61738 of layout OBJECT_STORE in volume: vol-a-17244
2023-03-29 22:45:04,867 [OM StateMachine ApplyTransaction Thread - 0] INFO  bucket.OMBucketCreateRequest (OMBucketCreateRequest.java:validateAndUpdateCache(262)) - created bucket: buc-b-61738 of layout OBJECT_STORE in volume: vol-a-17244
2023-03-29 22:45:04,868 [Time-limited test] INFO  rpc.RpcClient (RpcClient.java:createBucket(698)) - Creating Bucket: vol-b-57627/buc-a-89196, with server-side default bucket layout, runner as owner, Versioning false, Storage Type set to DISK and Encryption set to false, Replication Type set to server-side default replication type, Namespace Quota set to -1, Space Quota set to -1 
2023-03-29 22:45:04,872 [OM StateMachine ApplyTransaction Thread - 0] INFO  bucket.OMBucketCreateRequest (OMBucketCreateRequest.java:validateAndUpdateCache(262)) - created bucket: buc-a-89196 of layout OBJECT_STORE in volume: vol-b-57627
2023-03-29 22:45:04,875 [Time-limited test] INFO  rpc.RpcClient (RpcClient.java:createBucket(698)) - Creating Bucket: vol-b-57627/buc-b-61738, with server-side default bucket layout, runner as owner, Versioning false, Storage Type set to DISK and Encryption set to false, Replication Type set to server-side default replication type, Namespace Quota set to -1, Space Quota set to -1 
2023-03-29 22:45:04,876 [OM StateMachine ApplyTransaction Thread - 0] INFO  bucket.OMBucketCreateRequest (OMBucketCreateRequest.java:validateAndUpdateCache(262)) - created bucket: buc-a-89196 of layout OBJECT_STORE in volume: vol-b-57627
2023-03-29 22:45:04,876 [OM StateMachine ApplyTransaction Thread - 0] INFO  bucket.OMBucketCreateRequest (OMBucketCreateRequest.java:validateAndUpdateCache(262)) - created bucket: buc-a-89196 of layout OBJECT_STORE in volume: vol-b-57627
2023-03-29 22:45:04,881 [OM StateMachine ApplyTransaction Thread - 0] INFO  bucket.OMBucketCreateRequest (OMBucketCreateRequest.java:validateAndUpdateCache(262)) - created bucket: buc-b-61738 of layout OBJECT_STORE in volume: vol-b-57627
2023-03-29 22:45:04,886 [OM StateMachine ApplyTransaction Thread - 0] INFO  bucket.OMBucketCreateRequest (OMBucketCreateRequest.java:validateAndUpdateCache(262)) - created bucket: buc-b-61738 of layout OBJECT_STORE in volume: vol-b-57627
2023-03-29 22:45:04,887 [OM StateMachine ApplyTransaction Thread - 0] INFO  bucket.OMBucketCreateRequest (OMBucketCreateRequest.java:validateAndUpdateCache(262)) - created bucket: buc-b-61738 of layout OBJECT_STORE in volume: vol-b-57627
2023-03-29 22:45:08,063 [OM StateMachine ApplyTransaction Thread - 0] INFO  snapshot.OMSnapshotCreateRequest (OMSnapshotCreateRequest.java:validateAndUpdateCache(204)) - Created snapshot 'a7659faf-e789-441d-b6d2-c5bb6c9b2f00' under path 'vol-a-17244/buc-a-89196'
2023-03-29 22:45:08,064 [OM StateMachine ApplyTransaction Thread - 0] INFO  snapshot.OMSnapshotCreateRequest (OMSnapshotCreateRequest.java:validateAndUpdateCache(204)) - Created snapshot 'a7659faf-e789-441d-b6d2-c5bb6c9b2f00' under path 'vol-a-17244/buc-a-89196'
2023-03-29 22:45:08,065 [OM StateMachine ApplyTransaction Thread - 0] INFO  snapshot.OMSnapshotCreateRequest (OMSnapshotCreateRequest.java:validateAndUpdateCache(204)) - Created snapshot 'a7659faf-e789-441d-b6d2-c5bb6c9b2f00' under path 'vol-a-17244/buc-a-89196'
2023-03-29 22:45:08,125 [OMDoubleBufferFlushThread] INFO  db.RDBCheckpointManager (RDBCheckpointManager.java:createCheckpoint(96)) - Created checkpoint in rocksDB at /home/runner/work/ozone/ozone/hadoop-ozone/integration-test/target/test-dir/MiniOzoneClusterImpl-bcbc84c2-519e-42a0-a817-fd35ffaa666a/omNode-2/db.snapshots/om.db-967e600e-b8d9-4a26-9b80-58a9dc5975ea in 57 milliseconds
2023-03-29 22:45:08,126 [OMDoubleBufferFlushThread] INFO  db.RDBCheckpointManager (RDBCheckpointManager.java:createCheckpoint(96)) - Created checkpoint in rocksDB at /home/runner/work/ozone/ozone/hadoop-ozone/integration-test/target/test-dir/MiniOzoneClusterImpl-bcbc84c2-519e-42a0-a817-fd35ffaa666a/omNode-1/db.snapshots/om.db-967e600e-b8d9-4a26-9b80-58a9dc5975ea in 59 milliseconds
2023-03-29 22:45:08,133 [OMDoubleBufferFlushThread] INFO  db.RDBCheckpointManager (RDBCheckpointManager.java:waitForCheckpointDirectoryExist(125)) - Waited for 8 milliseconds for checkpoint directory /home/runner/work/ozone/ozone/hadoop-ozone/integration-test/target/test-dir/MiniOzoneClusterImpl-bcbc84c2-519e-42a0-a817-fd35ffaa666a/omNode-2/db.snapshots/om.db-967e600e-b8d9-4a26-9b80-58a9dc5975ea availability.
2023-03-29 22:45:08,133 [OMDoubleBufferFlushThread] WARN  om.OmSnapshotManager (OmSnapshotManager.java:deleteKeysInSnapshotScopeFromDTableInternal(396)) - Took 112206 ns to clean up deletedTable
2023-03-29 22:45:08,133 [OMDoubleBufferFlushThread] INFO  db.RDBCheckpointManager (RDBCheckpointManager.java:waitForCheckpointDirectoryExist(125)) - Waited for 6 milliseconds for checkpoint directory /home/runner/work/ozone/ozone/hadoop-ozone/integration-test/target/test-dir/MiniOzoneClusterImpl-bcbc84c2-519e-42a0-a817-fd35ffaa666a/omNode-1/db.snapshots/om.db-967e600e-b8d9-4a26-9b80-58a9dc5975ea availability.
2023-03-29 22:45:08,134 [OMDoubleBufferFlushThread] INFO  om.OmSnapshotManager (OmSnapshotManager.java:createOmSnapshotCheckpoint(317)) - Created checkpoint : /home/runner/work/ozone/ozone/hadoop-ozone/integration-test/target/test-dir/MiniOzoneClusterImpl-bcbc84c2-519e-42a0-a817-fd35ffaa666a/omNode-1/db.snapshots/om.db-967e600e-b8d9-4a26-9b80-58a9dc5975ea for snapshot a7659faf-e789-441d-b6d2-c5bb6c9b2f00
2023-03-29 22:45:08,133 [OMDoubleBufferFlushThread] INFO  om.OmSnapshotManager (OmSnapshotManager.java:createOmSnapshotCheckpoint(317)) - Created checkpoint : /home/runner/work/ozone/ozone/hadoop-ozone/integration-test/target/test-dir/MiniOzoneClusterImpl-bcbc84c2-519e-42a0-a817-fd35ffaa666a/omNode-2/db.snapshots/om.db-967e600e-b8d9-4a26-9b80-58a9dc5975ea for snapshot a7659faf-e789-441d-b6d2-c5bb6c9b2f00
2023-03-29 22:45:08,137 [OMDoubleBufferFlushThread] INFO  db.RDBCheckpointManager (RDBCheckpointManager.java:createCheckpoint(96)) - Created checkpoint in rocksDB at /home/runner/work/ozone/ozone/hadoop-ozone/integration-test/target/test-dir/MiniOzoneClusterImpl-bcbc84c2-519e-42a0-a817-fd35ffaa666a/omNode-3/db.snapshots/om.db-967e600e-b8d9-4a26-9b80-58a9dc5975ea in 69 milliseconds
2023-03-29 22:45:08,138 [OMDoubleBufferFlushThread] INFO  db.RDBCheckpointManager (RDBCheckpointManager.java:waitForCheckpointDirectoryExist(125)) - Waited for 1 milliseconds for checkpoint directory /home/runner/work/ozone/ozone/hadoop-ozone/integration-test/target/test-dir/MiniOzoneClusterImpl-bcbc84c2-519e-42a0-a817-fd35ffaa666a/omNode-3/db.snapshots/om.db-967e600e-b8d9-4a26-9b80-58a9dc5975ea availability.
2023-03-29 22:45:08,138 [OMDoubleBufferFlushThread] INFO  om.OmSnapshotManager (OmSnapshotManager.java:createOmSnapshotCheckpoint(317)) - Created checkpoint : /home/runner/work/ozone/ozone/hadoop-ozone/integration-test/target/test-dir/MiniOzoneClusterImpl-bcbc84c2-519e-42a0-a817-fd35ffaa666a/omNode-3/db.snapshots/om.db-967e600e-b8d9-4a26-9b80-58a9dc5975ea for snapshot a7659faf-e789-441d-b6d2-c5bb6c9b2f00
2023-03-29 22:45:09,073 [IPC Server handler 15 on default port 40933] WARN  server.ServerUtils (ServerUtils.java:getDBPath(225)) - ozone.om.db.dirs is not configured. We recommend adding this setting. Falling back to ozone.metadata.dirs instead.
2023-03-29 22:45:09,074 [IPC Server handler 15 on default port 40933] INFO  codec.OmKeyInfoCodec (OmKeyInfoCodec.java:<init>(49)) - OmKeyInfoCodec ignorePipeline = true
2023-03-29 22:45:09,075 [IPC Server handler 15 on default port 40933] INFO  codec.RepeatedOmKeyInfoCodec (RepeatedOmKeyInfoCodec.java:<init>(41)) - RepeatedOmKeyInfoCodec ignorePipeline = true
2023-03-29 22:45:09,127 [OM StateMachine ApplyTransaction Thread - 0] INFO  snapshot.OMSnapshotCreateRequest (OMSnapshotCreateRequest.java:validateAndUpdateCache(204)) - Created snapshot '61172b07-3f51-472f-b186-411f58748e42' under path 'vol-a-17244/buc-b-61738'
2023-03-29 22:45:09,129 [OM StateMachine ApplyTransaction Thread - 0] INFO  snapshot.OMSnapshotCreateRequest (OMSnapshotCreateRequest.java:validateAndUpdateCache(204)) - Created snapshot '61172b07-3f51-472f-b186-411f58748e42' under path 'vol-a-17244/buc-b-61738'
2023-03-29 22:45:09,130 [OM StateMachine ApplyTransaction Thread - 0] INFO  snapshot.OMSnapshotCreateRequest (OMSnapshotCreateRequest.java:validateAndUpdateCache(204)) - Created snapshot '61172b07-3f51-472f-b186-411f58748e42' under path 'vol-a-17244/buc-b-61738'
2023-03-29 22:45:09,150 [OMDoubleBufferFlushThread] INFO  db.RDBCheckpointManager (RDBCheckpointManager.java:createCheckpoint(96)) - Created checkpoint in rocksDB at /home/runner/work/ozone/ozone/hadoop-ozone/integration-test/target/test-dir/MiniOzoneClusterImpl-bcbc84c2-519e-42a0-a817-fd35ffaa666a/omNode-1/db.snapshots/om.db-2b83f107-96ce-4960-b82a-1a54fed9aaaa in 20 milliseconds
2023-03-29 22:45:09,150 [OMDoubleBufferFlushThread] INFO  db.RDBCheckpointManager (RDBCheckpointManager.java:waitForCheckpointDirectoryExist(125)) - Waited for 0 milliseconds for checkpoint directory /home/runner/work/ozone/ozone/hadoop-ozone/integration-test/target/test-dir/MiniOzoneClusterImpl-bcbc84c2-519e-42a0-a817-fd35ffaa666a/omNode-1/db.snapshots/om.db-2b83f107-96ce-4960-b82a-1a54fed9aaaa availability.
2023-03-29 22:45:09,151 [OMDoubleBufferFlushThread] WARN  om.OmSnapshotManager (OmSnapshotManager.java:deleteKeysInSnapshotScopeFromDTableInternal(396)) - Took 106806 ns to clean up deletedTable
2023-03-29 22:45:09,151 [OMDoubleBufferFlushThread] INFO  om.OmSnapshotManager (OmSnapshotManager.java:createOmSnapshotCheckpoint(317)) - Created checkpoint : /home/runner/work/ozone/ozone/hadoop-ozone/integration-test/target/test-dir/MiniOzoneClusterImpl-bcbc84c2-519e-42a0-a817-fd35ffaa666a/omNode-1/db.snapshots/om.db-2b83f107-96ce-4960-b82a-1a54fed9aaaa for snapshot 61172b07-3f51-472f-b186-411f58748e42
2023-03-29 22:45:09,157 [OMDoubleBufferFlushThread] INFO  db.RDBCheckpointManager (RDBCheckpointManager.java:createCheckpoint(96)) - Created checkpoint in rocksDB at /home/runner/work/ozone/ozone/hadoop-ozone/integration-test/target/test-dir/MiniOzoneClusterImpl-bcbc84c2-519e-42a0-a817-fd35ffaa666a/omNode-2/db.snapshots/om.db-2b83f107-96ce-4960-b82a-1a54fed9aaaa in 25 milliseconds
2023-03-29 22:45:09,157 [OMDoubleBufferFlushThread] INFO  db.RDBCheckpointManager (RDBCheckpointManager.java:waitForCheckpointDirectoryExist(125)) - Waited for 0 milliseconds for checkpoint directory /home/runner/work/ozone/ozone/hadoop-ozone/integration-test/target/test-dir/MiniOzoneClusterImpl-bcbc84c2-519e-42a0-a817-fd35ffaa666a/omNode-2/db.snapshots/om.db-2b83f107-96ce-4960-b82a-1a54fed9aaaa availability.
2023-03-29 22:45:09,158 [OMDoubleBufferFlushThread] WARN  om.OmSnapshotManager (OmSnapshotManager.java:deleteKeysInSnapshotScopeFromDTableInternal(396)) - Took 107907 ns to clean up deletedTable
2023-03-29 22:45:09,158 [OMDoubleBufferFlushThread] INFO  om.OmSnapshotManager (OmSnapshotManager.java:createOmSnapshotCheckpoint(317)) - Created checkpoint : /home/runner/work/ozone/ozone/hadoop-ozone/integration-test/target/test-dir/MiniOzoneClusterImpl-bcbc84c2-519e-42a0-a817-fd35ffaa666a/omNode-2/db.snapshots/om.db-2b83f107-96ce-4960-b82a-1a54fed9aaaa for snapshot 61172b07-3f51-472f-b186-411f58748e42
2023-03-29 22:45:09,159 [OMDoubleBufferFlushThread] INFO  db.RDBCheckpointManager (RDBCheckpointManager.java:createCheckpoint(96)) - Created checkpoint in rocksDB at /home/runner/work/ozone/ozone/hadoop-ozone/integration-test/target/test-dir/MiniOzoneClusterImpl-bcbc84c2-519e-42a0-a817-fd35ffaa666a/omNode-3/db.snapshots/om.db-2b83f107-96ce-4960-b82a-1a54fed9aaaa in 26 milliseconds
2023-03-29 22:45:09,159 [OMDoubleBufferFlushThread] INFO  db.RDBCheckpointManager (RDBCheckpointManager.java:waitForCheckpointDirectoryExist(125)) - Waited for 0 milliseconds for checkpoint directory /home/runner/work/ozone/ozone/hadoop-ozone/integration-test/target/test-dir/MiniOzoneClusterImpl-bcbc84c2-519e-42a0-a817-fd35ffaa666a/omNode-3/db.snapshots/om.db-2b83f107-96ce-4960-b82a-1a54fed9aaaa availability.
2023-03-29 22:45:09,160 [OMDoubleBufferFlushThread] INFO  om.OmSnapshotManager (OmSnapshotManager.java:createOmSnapshotCheckpoint(317)) - Created checkpoint : /home/runner/work/ozone/ozone/hadoop-ozone/integration-test/target/test-dir/MiniOzoneClusterImpl-bcbc84c2-519e-42a0-a817-fd35ffaa666a/omNode-3/db.snapshots/om.db-2b83f107-96ce-4960-b82a-1a54fed9aaaa for snapshot 61172b07-3f51-472f-b186-411f58748e42
2023-03-29 22:45:10,306 [IPC Server handler 12 on default port 40933] WARN  server.ServerUtils (ServerUtils.java:getDBPath(225)) - ozone.om.db.dirs is not configured. We recommend adding this setting. Falling back to ozone.metadata.dirs instead.
2023-03-29 22:45:10,307 [IPC Server handler 12 on default port 40933] INFO  codec.OmKeyInfoCodec (OmKeyInfoCodec.java:<init>(49)) - OmKeyInfoCodec ignorePipeline = true
2023-03-29 22:45:10,307 [IPC Server handler 12 on default port 40933] INFO  codec.RepeatedOmKeyInfoCodec (RepeatedOmKeyInfoCodec.java:<init>(41)) - RepeatedOmKeyInfoCodec ignorePipeline = true
2023-03-29 22:45:10,356 [OM StateMachine ApplyTransaction Thread - 0] INFO  snapshot.OMSnapshotCreateRequest (OMSnapshotCreateRequest.java:validateAndUpdateCache(204)) - Created snapshot '0b69e9d5-0333-40cc-b8ff-ac461bef1ff5' under path 'vol-b-57627/buc-a-89196'
2023-03-29 22:45:10,358 [OM StateMachine ApplyTransaction Thread - 0] INFO  snapshot.OMSnapshotCreateRequest (OMSnapshotCreateRequest.java:validateAndUpdateCache(204)) - Created snapshot '0b69e9d5-0333-40cc-b8ff-ac461bef1ff5' under path 'vol-b-57627/buc-a-89196'
2023-03-29 22:45:10,359 [OM StateMachine ApplyTransaction Thread - 0] INFO  snapshot.OMSnapshotCreateRequest (OMSnapshotCreateRequest.java:validateAndUpdateCache(204)) - Created snapshot '0b69e9d5-0333-40cc-b8ff-ac461bef1ff5' under path 'vol-b-57627/buc-a-89196'
2023-03-29 22:45:10,395 [OMDoubleBufferFlushThread] INFO  db.RDBCheckpointManager (RDBCheckpointManager.java:createCheckpoint(96)) - Created checkpoint in rocksDB at /home/runner/work/ozone/ozone/hadoop-ozone/integration-test/target/test-dir/MiniOzoneClusterImpl-bcbc84c2-519e-42a0-a817-fd35ffaa666a/omNode-2/db.snapshots/om.db-ceafa2d5-ac3d-4dc0-b68f-8d0650c6e0db in 34 milliseconds
2023-03-29 22:45:10,399 [OMDoubleBufferFlushThread] INFO  db.RDBCheckpointManager (RDBCheckpointManager.java:createCheckpoint(96)) - Created checkpoint in rocksDB at /home/runner/work/ozone/ozone/hadoop-ozone/integration-test/target/test-dir/MiniOzoneClusterImpl-bcbc84c2-519e-42a0-a817-fd35ffaa666a/omNode-3/db.snapshots/om.db-ceafa2d5-ac3d-4dc0-b68f-8d0650c6e0db in 38 milliseconds
2023-03-29 22:45:10,399 [OMDoubleBufferFlushThread] INFO  db.RDBCheckpointManager (RDBCheckpointManager.java:waitForCheckpointDirectoryExist(125)) - Waited for 4 milliseconds for checkpoint directory /home/runner/work/ozone/ozone/hadoop-ozone/integration-test/target/test-dir/MiniOzoneClusterImpl-bcbc84c2-519e-42a0-a817-fd35ffaa666a/omNode-2/db.snapshots/om.db-ceafa2d5-ac3d-4dc0-b68f-8d0650c6e0db availability.
2023-03-29 22:45:10,399 [OMDoubleBufferFlushThread] WARN  om.OmSnapshotManager (OmSnapshotManager.java:deleteKeysInSnapshotScopeFromDTableInternal(396)) - Took 159610 ns to clean up deletedTable
2023-03-29 22:45:10,399 [OMDoubleBufferFlushThread] INFO  om.OmSnapshotManager (OmSnapshotManager.java:createOmSnapshotCheckpoint(317)) - Created checkpoint : /home/runner/work/ozone/ozone/hadoop-ozone/integration-test/target/test-dir/MiniOzoneClusterImpl-bcbc84c2-519e-42a0-a817-fd35ffaa666a/omNode-2/db.snapshots/om.db-ceafa2d5-ac3d-4dc0-b68f-8d0650c6e0db for snapshot 0b69e9d5-0333-40cc-b8ff-ac461bef1ff5
2023-03-29 22:45:10,400 [OMDoubleBufferFlushThread] INFO  db.RDBCheckpointManager (RDBCheckpointManager.java:waitForCheckpointDirectoryExist(125)) - Waited for 1 milliseconds for checkpoint directory /home/runner/work/ozone/ozone/hadoop-ozone/integration-test/target/test-dir/MiniOzoneClusterImpl-bcbc84c2-519e-42a0-a817-fd35ffaa666a/omNode-3/db.snapshots/om.db-ceafa2d5-ac3d-4dc0-b68f-8d0650c6e0db availability.
2023-03-29 22:45:10,400 [OMDoubleBufferFlushThread] WARN  om.OmSnapshotManager (OmSnapshotManager.java:deleteKeysInSnapshotScopeFromDTableInternal(396)) - Took 450927 ns to clean up deletedTable
2023-03-29 22:45:10,400 [OMDoubleBufferFlushThread] INFO  om.OmSnapshotManager (OmSnapshotManager.java:createOmSnapshotCheckpoint(317)) - Created checkpoint : /home/runner/work/ozone/ozone/hadoop-ozone/integration-test/target/test-dir/MiniOzoneClusterImpl-bcbc84c2-519e-42a0-a817-fd35ffaa666a/omNode-3/db.snapshots/om.db-ceafa2d5-ac3d-4dc0-b68f-8d0650c6e0db for snapshot 0b69e9d5-0333-40cc-b8ff-ac461bef1ff5
2023-03-29 22:45:10,404 [OMDoubleBufferFlushThread] INFO  db.RDBCheckpointManager (RDBCheckpointManager.java:createCheckpoint(96)) - Created checkpoint in rocksDB at /home/runner/work/ozone/ozone/hadoop-ozone/integration-test/target/test-dir/MiniOzoneClusterImpl-bcbc84c2-519e-42a0-a817-fd35ffaa666a/omNode-1/db.snapshots/om.db-ceafa2d5-ac3d-4dc0-b68f-8d0650c6e0db in 43 milliseconds
2023-03-29 22:45:10,405 [OMDoubleBufferFlushThread] INFO  db.RDBCheckpointManager (RDBCheckpointManager.java:waitForCheckpointDirectoryExist(125)) - Waited for 1 milliseconds for checkpoint directory /home/runner/work/ozone/ozone/hadoop-ozone/integration-test/target/test-dir/MiniOzoneClusterImpl-bcbc84c2-519e-42a0-a817-fd35ffaa666a/omNode-1/db.snapshots/om.db-ceafa2d5-ac3d-4dc0-b68f-8d0650c6e0db availability.
2023-03-29 22:45:10,405 [OMDoubleBufferFlushThread] WARN  om.OmSnapshotManager (OmSnapshotManager.java:deleteKeysInSnapshotScopeFromDTableInternal(396)) - Took 145808 ns to clean up deletedTable
2023-03-29 22:45:10,405 [OMDoubleBufferFlushThread] INFO  om.OmSnapshotManager (OmSnapshotManager.java:createOmSnapshotCheckpoint(317)) - Created checkpoint : /home/runner/work/ozone/ozone/hadoop-ozone/integration-test/target/test-dir/MiniOzoneClusterImpl-bcbc84c2-519e-42a0-a817-fd35ffaa666a/omNode-1/db.snapshots/om.db-ceafa2d5-ac3d-4dc0-b68f-8d0650c6e0db for snapshot 0b69e9d5-0333-40cc-b8ff-ac461bef1ff5
2023-03-29 22:45:11,509 [IPC Server handler 0 on default port 40933] WARN  server.ServerUtils (ServerUtils.java:getDBPath(225)) - ozone.om.db.dirs is not configured. We recommend adding this setting. Falling back to ozone.metadata.dirs instead.
2023-03-29 22:45:11,509 [IPC Server handler 0 on default port 40933] INFO  codec.OmKeyInfoCodec (OmKeyInfoCodec.java:<init>(49)) - OmKeyInfoCodec ignorePipeline = true
2023-03-29 22:45:11,509 [IPC Server handler 0 on default port 40933] INFO  codec.RepeatedOmKeyInfoCodec (RepeatedOmKeyInfoCodec.java:<init>(41)) - RepeatedOmKeyInfoCodec ignorePipeline = true
2023-03-29 22:45:11,577 [OM StateMachine ApplyTransaction Thread - 0] INFO  snapshot.OMSnapshotCreateRequest (OMSnapshotCreateRequest.java:validateAndUpdateCache(204)) - Created snapshot 'c72e7af7-7647-4f0d-8675-6c6df156403f' under path 'vol-b-57627/buc-b-61738'
2023-03-29 22:45:11,579 [OM StateMachine ApplyTransaction Thread - 0] INFO  snapshot.OMSnapshotCreateRequest (OMSnapshotCreateRequest.java:validateAndUpdateCache(204)) - Created snapshot 'c72e7af7-7647-4f0d-8675-6c6df156403f' under path 'vol-b-57627/buc-b-61738'
2023-03-29 22:45:11,580 [OM StateMachine ApplyTransaction Thread - 0] INFO  snapshot.OMSnapshotCreateRequest (OMSnapshotCreateRequest.java:validateAndUpdateCache(204)) - Created snapshot 'c72e7af7-7647-4f0d-8675-6c6df156403f' under path 'vol-b-57627/buc-b-61738'
2023-03-29 22:45:11,621 [OMDoubleBufferFlushThread] INFO  db.RDBCheckpointManager (RDBCheckpointManager.java:createCheckpoint(96)) - Created checkpoint in rocksDB at /home/runner/work/ozone/ozone/hadoop-ozone/integration-test/target/test-dir/MiniOzoneClusterImpl-bcbc84c2-519e-42a0-a817-fd35ffaa666a/omNode-3/db.snapshots/om.db-f7127974-29c4-4423-bae4-797b6d647eab in 40 milliseconds
2023-03-29 22:45:11,621 [OMDoubleBufferFlushThread] INFO  db.RDBCheckpointManager (RDBCheckpointManager.java:waitForCheckpointDirectoryExist(125)) - Waited for 0 milliseconds for checkpoint directory /home/runner/work/ozone/ozone/hadoop-ozone/integration-test/target/test-dir/MiniOzoneClusterImpl-bcbc84c2-519e-42a0-a817-fd35ffaa666a/omNode-3/db.snapshots/om.db-f7127974-29c4-4423-bae4-797b6d647eab availability.
2023-03-29 22:45:11,625 [OMDoubleBufferFlushThread] WARN  om.OmSnapshotManager (OmSnapshotManager.java:deleteKeysInSnapshotScopeFromDTableInternal(396)) - Took 3197991 ns to clean up deletedTable
2023-03-29 22:45:11,625 [OMDoubleBufferFlushThread] INFO  om.OmSnapshotManager (OmSnapshotManager.java:createOmSnapshotCheckpoint(317)) - Created checkpoint : /home/runner/work/ozone/ozone/hadoop-ozone/integration-test/target/test-dir/MiniOzoneClusterImpl-bcbc84c2-519e-42a0-a817-fd35ffaa666a/omNode-3/db.snapshots/om.db-f7127974-29c4-4423-bae4-797b6d647eab for snapshot c72e7af7-7647-4f0d-8675-6c6df156403f
2023-03-29 22:45:11,628 [OMDoubleBufferFlushThread] INFO  db.RDBCheckpointManager (RDBCheckpointManager.java:createCheckpoint(96)) - Created checkpoint in rocksDB at /home/runner/work/ozone/ozone/hadoop-ozone/integration-test/target/test-dir/MiniOzoneClusterImpl-bcbc84c2-519e-42a0-a817-fd35ffaa666a/omNode-2/db.snapshots/om.db-f7127974-29c4-4423-bae4-797b6d647eab in 46 milliseconds
2023-03-29 22:45:11,628 [OMDoubleBufferFlushThread] INFO  db.RDBCheckpointManager (RDBCheckpointManager.java:waitForCheckpointDirectoryExist(125)) - Waited for 0 milliseconds for checkpoint directory /home/runner/work/ozone/ozone/hadoop-ozone/integration-test/target/test-dir/MiniOzoneClusterImpl-bcbc84c2-519e-42a0-a817-fd35ffaa666a/omNode-2/db.snapshots/om.db-f7127974-29c4-4423-bae4-797b6d647eab availability.
2023-03-29 22:45:11,628 [OMDoubleBufferFlushThread] INFO  db.RDBCheckpointManager (RDBCheckpointManager.java:createCheckpoint(96)) - Created checkpoint in rocksDB at /home/runner/work/ozone/ozone/hadoop-ozone/integration-test/target/test-dir/MiniOzoneClusterImpl-bcbc84c2-519e-42a0-a817-fd35ffaa666a/omNode-1/db.snapshots/om.db-f7127974-29c4-4423-bae4-797b6d647eab in 49 milliseconds
2023-03-29 22:45:11,629 [OMDoubleBufferFlushThread] WARN  om.OmSnapshotManager (OmSnapshotManager.java:deleteKeysInSnapshotScopeFromDTableInternal(396)) - Took 377423 ns to clean up deletedTable
2023-03-29 22:45:11,629 [OMDoubleBufferFlushThread] INFO  om.OmSnapshotManager (OmSnapshotManager.java:createOmSnapshotCheckpoint(317)) - Created checkpoint : /home/runner/work/ozone/ozone/hadoop-ozone/integration-test/target/test-dir/MiniOzoneClusterImpl-bcbc84c2-519e-42a0-a817-fd35ffaa666a/omNode-2/db.snapshots/om.db-f7127974-29c4-4423-bae4-797b6d647eab for snapshot c72e7af7-7647-4f0d-8675-6c6df156403f
2023-03-29 22:45:11,630 [OMDoubleBufferFlushThread] INFO  db.RDBCheckpointManager (RDBCheckpointManager.java:waitForCheckpointDirectoryExist(125)) - Waited for 2 milliseconds for checkpoint directory /home/runner/work/ozone/ozone/hadoop-ozone/integration-test/target/test-dir/MiniOzoneClusterImpl-bcbc84c2-519e-42a0-a817-fd35ffaa666a/omNode-1/db.snapshots/om.db-f7127974-29c4-4423-bae4-797b6d647eab availability.
2023-03-29 22:45:11,630 [OMDoubleBufferFlushThread] WARN  om.OmSnapshotManager (OmSnapshotManager.java:deleteKeysInSnapshotScopeFromDTableInternal(396)) - Took 144408 ns to clean up deletedTable
2023-03-29 22:45:11,630 [OMDoubleBufferFlushThread] INFO  om.OmSnapshotManager (OmSnapshotManager.java:createOmSnapshotCheckpoint(317)) - Created checkpoint : /home/runner/work/ozone/ozone/hadoop-ozone/integration-test/target/test-dir/MiniOzoneClusterImpl-bcbc84c2-519e-42a0-a817-fd35ffaa666a/omNode-1/db.snapshots/om.db-f7127974-29c4-4423-bae4-797b6d647eab for snapshot c72e7af7-7647-4f0d-8675-6c6df156403f
2023-03-29 22:45:12,705 [IPC Server handler 6 on default port 40933] WARN  server.ServerUtils (ServerUtils.java:getDBPath(225)) - ozone.om.db.dirs is not configured. We recommend adding this setting. Falling back to ozone.metadata.dirs instead.
2023-03-29 22:45:12,706 [IPC Server handler 6 on default port 40933] INFO  codec.OmKeyInfoCodec (OmKeyInfoCodec.java:<init>(49)) - OmKeyInfoCodec ignorePipeline = true
2023-03-29 22:45:12,706 [IPC Server handler 6 on default port 40933] INFO  codec.RepeatedOmKeyInfoCodec (RepeatedOmKeyInfoCodec.java:<init>(41)) - RepeatedOmKeyInfoCodec ignorePipeline = true
2023-03-29 22:45:12,795 [OM StateMachine ApplyTransaction Thread - 0] INFO  snapshot.OMSnapshotCreateRequest (OMSnapshotCreateRequest.java:validateAndUpdateCache(204)) - Created snapshot 'ee9d2508-c3ca-4365-b315-ebcd666df78f' under path 'vol-a-17244/buc-a-89196'
2023-03-29 22:45:12,797 [OM StateMachine ApplyTransaction Thread - 0] INFO  snapshot.OMSnapshotCreateRequest (OMSnapshotCreateRequest.java:validateAndUpdateCache(204)) - Created snapshot 'ee9d2508-c3ca-4365-b315-ebcd666df78f' under path 'vol-a-17244/buc-a-89196'
2023-03-29 22:45:12,800 [OM StateMachine ApplyTransaction Thread - 0] INFO  snapshot.OMSnapshotCreateRequest (OMSnapshotCreateRequest.java:validateAndUpdateCache(204)) - Created snapshot 'ee9d2508-c3ca-4365-b315-ebcd666df78f' under path 'vol-a-17244/buc-a-89196'
2023-03-29 22:45:12,836 [OMDoubleBufferFlushThread] INFO  db.RDBCheckpointManager (RDBCheckpointManager.java:createCheckpoint(96)) - Created checkpoint in rocksDB at /home/runner/work/ozone/ozone/hadoop-ozone/integration-test/target/test-dir/MiniOzoneClusterImpl-bcbc84c2-519e-42a0-a817-fd35ffaa666a/omNode-3/db.snapshots/om.db-796a4270-a505-408d-a348-57bec6951b60 in 37 milliseconds
2023-03-29 22:45:12,837 [OMDoubleBufferFlushThread] INFO  db.RDBCheckpointManager (RDBCheckpointManager.java:waitForCheckpointDirectoryExist(125)) - Waited for 1 milliseconds for checkpoint directory /home/runner/work/ozone/ozone/hadoop-ozone/integration-test/target/test-dir/MiniOzoneClusterImpl-bcbc84c2-519e-42a0-a817-fd35ffaa666a/omNode-3/db.snapshots/om.db-796a4270-a505-408d-a348-57bec6951b60 availability.
2023-03-29 22:45:12,838 [OMDoubleBufferFlushThread] WARN  om.OmSnapshotManager (OmSnapshotManager.java:deleteKeysInSnapshotScopeFromDTableInternal(396)) - Took 601436 ns to clean up deletedTable
2023-03-29 22:45:12,838 [OMDoubleBufferFlushThread] INFO  om.OmSnapshotManager (OmSnapshotManager.java:createOmSnapshotCheckpoint(317)) - Created checkpoint : /home/runner/work/ozone/ozone/hadoop-ozone/integration-test/target/test-dir/MiniOzoneClusterImpl-bcbc84c2-519e-42a0-a817-fd35ffaa666a/omNode-3/db.snapshots/om.db-796a4270-a505-408d-a348-57bec6951b60 for snapshot ee9d2508-c3ca-4365-b315-ebcd666df78f
2023-03-29 22:45:12,840 [OMDoubleBufferFlushThread] INFO  db.RDBCheckpointManager (RDBCheckpointManager.java:createCheckpoint(96)) - Created checkpoint in rocksDB at /home/runner/work/ozone/ozone/hadoop-ozone/integration-test/target/test-dir/MiniOzoneClusterImpl-bcbc84c2-519e-42a0-a817-fd35ffaa666a/omNode-1/db.snapshots/om.db-796a4270-a505-408d-a348-57bec6951b60 in 42 milliseconds
2023-03-29 22:45:12,843 [OMDoubleBufferFlushThread] INFO  db.RDBCheckpointManager (RDBCheckpointManager.java:waitForCheckpointDirectoryExist(125)) - Waited for 3 milliseconds for checkpoint directory /home/runner/work/ozone/ozone/hadoop-ozone/integration-test/target/test-dir/MiniOzoneClusterImpl-bcbc84c2-519e-42a0-a817-fd35ffaa666a/omNode-1/db.snapshots/om.db-796a4270-a505-408d-a348-57bec6951b60 availability.
2023-03-29 22:45:12,844 [OMDoubleBufferFlushThread] WARN  om.OmSnapshotManager (OmSnapshotManager.java:deleteKeysInSnapshotScopeFromDTableInternal(396)) - Took 482329 ns to clean up deletedTable
2023-03-29 22:45:12,844 [OMDoubleBufferFlushThread] INFO  om.OmSnapshotManager (OmSnapshotManager.java:createOmSnapshotCheckpoint(317)) - Created checkpoint : /home/runner/work/ozone/ozone/hadoop-ozone/integration-test/target/test-dir/MiniOzoneClusterImpl-bcbc84c2-519e-42a0-a817-fd35ffaa666a/omNode-1/db.snapshots/om.db-796a4270-a505-408d-a348-57bec6951b60 for snapshot ee9d2508-c3ca-4365-b315-ebcd666df78f
2023-03-29 22:45:12,847 [OMDoubleBufferFlushThread] INFO  db.RDBCheckpointManager (RDBCheckpointManager.java:createCheckpoint(96)) - Created checkpoint in rocksDB at /home/runner/work/ozone/ozone/hadoop-ozone/integration-test/target/test-dir/MiniOzoneClusterImpl-bcbc84c2-519e-42a0-a817-fd35ffaa666a/omNode-2/db.snapshots/om.db-796a4270-a505-408d-a348-57bec6951b60 in 45 milliseconds
2023-03-29 22:45:12,848 [OMDoubleBufferFlushThread] INFO  db.RDBCheckpointManager (RDBCheckpointManager.java:waitForCheckpointDirectoryExist(125)) - Waited for 1 milliseconds for checkpoint directory /home/runner/work/ozone/ozone/hadoop-ozone/integration-test/target/test-dir/MiniOzoneClusterImpl-bcbc84c2-519e-42a0-a817-fd35ffaa666a/omNode-2/db.snapshots/om.db-796a4270-a505-408d-a348-57bec6951b60 availability.
2023-03-29 22:45:12,848 [OMDoubleBufferFlushThread] WARN  om.OmSnapshotManager (OmSnapshotManager.java:deleteKeysInSnapshotScopeFromDTableInternal(396)) - Took 321619 ns to clean up deletedTable
2023-03-29 22:45:12,848 [OMDoubleBufferFlushThread] INFO  om.OmSnapshotManager (OmSnapshotManager.java:createOmSnapshotCheckpoint(317)) - Created checkpoint : /home/runner/work/ozone/ozone/hadoop-ozone/integration-test/target/test-dir/MiniOzoneClusterImpl-bcbc84c2-519e-42a0-a817-fd35ffaa666a/omNode-2/db.snapshots/om.db-796a4270-a505-408d-a348-57bec6951b60 for snapshot ee9d2508-c3ca-4365-b315-ebcd666df78f
2023-03-29 22:45:13,919 [IPC Server handler 15 on default port 40933] WARN  server.ServerUtils (ServerUtils.java:getDBPath(225)) - ozone.om.db.dirs is not configured. We recommend adding this setting. Falling back to ozone.metadata.dirs instead.
2023-03-29 22:45:13,919 [IPC Server handler 15 on default port 40933] INFO  codec.OmKeyInfoCodec (OmKeyInfoCodec.java:<init>(49)) - OmKeyInfoCodec ignorePipeline = true
2023-03-29 22:45:13,920 [IPC Server handler 15 on default port 40933] INFO  codec.RepeatedOmKeyInfoCodec (RepeatedOmKeyInfoCodec.java:<init>(41)) - RepeatedOmKeyInfoCodec ignorePipeline = true
]]></system-out>
  </testcase>
  <testcase name="testListKey" classname="TestOmSnapshot" time="8.122">
    <system-out><![CDATA[2023-03-29 22:46:09,421 [Time-limited test] INFO  rpc.RpcClient (RpcClient.java:createVolume(476)) - Creating Volume: vol-a-25408, with runner as owner and space quota set to -1 bytes, counts quota set to -1
2023-03-29 22:46:09,426 [OM StateMachine ApplyTransaction Thread - 0] INFO  volume.OMVolumeCreateRequest (OMVolumeCreateRequest.java:validateAndUpdateCache(195)) - created volume:vol-a-25408 for user:runner
2023-03-29 22:46:09,427 [Time-limited test] INFO  rpc.RpcClient (RpcClient.java:createVolume(476)) - Creating Volume: vol-b-21062, with runner as owner and space quota set to -1 bytes, counts quota set to -1
2023-03-29 22:46:09,427 [OM StateMachine ApplyTransaction Thread - 0] INFO  volume.OMVolumeCreateRequest (OMVolumeCreateRequest.java:validateAndUpdateCache(195)) - created volume:vol-a-25408 for user:runner
2023-03-29 22:46:09,428 [OM StateMachine ApplyTransaction Thread - 0] INFO  volume.OMVolumeCreateRequest (OMVolumeCreateRequest.java:validateAndUpdateCache(195)) - created volume:vol-a-25408 for user:runner
2023-03-29 22:46:09,432 [OM StateMachine ApplyTransaction Thread - 0] INFO  volume.OMVolumeCreateRequest (OMVolumeCreateRequest.java:validateAndUpdateCache(195)) - created volume:vol-b-21062 for user:runner
2023-03-29 22:46:09,435 [OM StateMachine ApplyTransaction Thread - 0] INFO  volume.OMVolumeCreateRequest (OMVolumeCreateRequest.java:validateAndUpdateCache(195)) - created volume:vol-b-21062 for user:runner
2023-03-29 22:46:09,436 [Time-limited test] INFO  rpc.RpcClient (RpcClient.java:createBucket(698)) - Creating Bucket: vol-a-25408/buc-a-41578, with server-side default bucket layout, runner as owner, Versioning false, Storage Type set to DISK and Encryption set to false, Replication Type set to server-side default replication type, Namespace Quota set to -1, Space Quota set to -1 
2023-03-29 22:46:09,436 [OM StateMachine ApplyTransaction Thread - 0] INFO  volume.OMVolumeCreateRequest (OMVolumeCreateRequest.java:validateAndUpdateCache(195)) - created volume:vol-b-21062 for user:runner
2023-03-29 22:46:09,439 [OM StateMachine ApplyTransaction Thread - 0] INFO  bucket.OMBucketCreateRequest (OMBucketCreateRequest.java:validateAndUpdateCache(262)) - created bucket: buc-a-41578 of layout FILE_SYSTEM_OPTIMIZED in volume: vol-a-25408
2023-03-29 22:46:09,440 [OM StateMachine ApplyTransaction Thread - 0] INFO  bucket.OMBucketCreateRequest (OMBucketCreateRequest.java:validateAndUpdateCache(262)) - created bucket: buc-a-41578 of layout FILE_SYSTEM_OPTIMIZED in volume: vol-a-25408
2023-03-29 22:46:09,441 [OM StateMachine ApplyTransaction Thread - 0] INFO  bucket.OMBucketCreateRequest (OMBucketCreateRequest.java:validateAndUpdateCache(262)) - created bucket: buc-a-41578 of layout FILE_SYSTEM_OPTIMIZED in volume: vol-a-25408
2023-03-29 22:46:09,441 [Time-limited test] INFO  rpc.RpcClient (RpcClient.java:createBucket(698)) - Creating Bucket: vol-a-25408/buc-b-31751, with server-side default bucket layout, runner as owner, Versioning false, Storage Type set to DISK and Encryption set to false, Replication Type set to server-side default replication type, Namespace Quota set to -1, Space Quota set to -1 
2023-03-29 22:46:09,444 [OM StateMachine ApplyTransaction Thread - 0] INFO  bucket.OMBucketCreateRequest (OMBucketCreateRequest.java:validateAndUpdateCache(262)) - created bucket: buc-b-31751 of layout FILE_SYSTEM_OPTIMIZED in volume: vol-a-25408
2023-03-29 22:46:09,445 [Time-limited test] INFO  rpc.RpcClient (RpcClient.java:createBucket(698)) - Creating Bucket: vol-b-21062/buc-a-41578, with server-side default bucket layout, runner as owner, Versioning false, Storage Type set to DISK and Encryption set to false, Replication Type set to server-side default replication type, Namespace Quota set to -1, Space Quota set to -1 
2023-03-29 22:46:09,446 [OM StateMachine ApplyTransaction Thread - 0] INFO  bucket.OMBucketCreateRequest (OMBucketCreateRequest.java:validateAndUpdateCache(262)) - created bucket: buc-b-31751 of layout FILE_SYSTEM_OPTIMIZED in volume: vol-a-25408
2023-03-29 22:46:09,446 [OM StateMachine ApplyTransaction Thread - 0] INFO  bucket.OMBucketCreateRequest (OMBucketCreateRequest.java:validateAndUpdateCache(262)) - created bucket: buc-b-31751 of layout FILE_SYSTEM_OPTIMIZED in volume: vol-a-25408
2023-03-29 22:46:09,448 [OM StateMachine ApplyTransaction Thread - 0] INFO  bucket.OMBucketCreateRequest (OMBucketCreateRequest.java:validateAndUpdateCache(262)) - created bucket: buc-a-41578 of layout FILE_SYSTEM_OPTIMIZED in volume: vol-b-21062
2023-03-29 22:46:09,449 [OM StateMachine ApplyTransaction Thread - 0] INFO  bucket.OMBucketCreateRequest (OMBucketCreateRequest.java:validateAndUpdateCache(262)) - created bucket: buc-a-41578 of layout FILE_SYSTEM_OPTIMIZED in volume: vol-b-21062
2023-03-29 22:46:09,449 [OM StateMachine ApplyTransaction Thread - 0] INFO  bucket.OMBucketCreateRequest (OMBucketCreateRequest.java:validateAndUpdateCache(262)) - created bucket: buc-a-41578 of layout FILE_SYSTEM_OPTIMIZED in volume: vol-b-21062
2023-03-29 22:46:09,449 [Time-limited test] INFO  rpc.RpcClient (RpcClient.java:createBucket(698)) - Creating Bucket: vol-b-21062/buc-b-31751, with server-side default bucket layout, runner as owner, Versioning false, Storage Type set to DISK and Encryption set to false, Replication Type set to server-side default replication type, Namespace Quota set to -1, Space Quota set to -1 
2023-03-29 22:46:09,452 [OM StateMachine ApplyTransaction Thread - 0] INFO  bucket.OMBucketCreateRequest (OMBucketCreateRequest.java:validateAndUpdateCache(262)) - created bucket: buc-b-31751 of layout FILE_SYSTEM_OPTIMIZED in volume: vol-b-21062
2023-03-29 22:46:09,453 [OM StateMachine ApplyTransaction Thread - 0] INFO  bucket.OMBucketCreateRequest (OMBucketCreateRequest.java:validateAndUpdateCache(262)) - created bucket: buc-b-31751 of layout FILE_SYSTEM_OPTIMIZED in volume: vol-b-21062
2023-03-29 22:46:09,453 [OM StateMachine ApplyTransaction Thread - 0] INFO  bucket.OMBucketCreateRequest (OMBucketCreateRequest.java:validateAndUpdateCache(262)) - created bucket: buc-b-31751 of layout FILE_SYSTEM_OPTIMIZED in volume: vol-b-21062
2023-03-29 22:46:11,508 [OM StateMachine ApplyTransaction Thread - 0] INFO  snapshot.OMSnapshotCreateRequest (OMSnapshotCreateRequest.java:validateAndUpdateCache(204)) - Created snapshot 'b735cdb6-e9c9-4a21-b487-74bc422312cf' under path 'vol-a-25408/buc-a-41578'
2023-03-29 22:46:11,510 [OM StateMachine ApplyTransaction Thread - 0] INFO  snapshot.OMSnapshotCreateRequest (OMSnapshotCreateRequest.java:validateAndUpdateCache(204)) - Created snapshot 'b735cdb6-e9c9-4a21-b487-74bc422312cf' under path 'vol-a-25408/buc-a-41578'
2023-03-29 22:46:11,510 [OM StateMachine ApplyTransaction Thread - 0] INFO  snapshot.OMSnapshotCreateRequest (OMSnapshotCreateRequest.java:validateAndUpdateCache(204)) - Created snapshot 'b735cdb6-e9c9-4a21-b487-74bc422312cf' under path 'vol-a-25408/buc-a-41578'
2023-03-29 22:46:11,562 [OMDoubleBufferFlushThread] INFO  db.RDBCheckpointManager (RDBCheckpointManager.java:createCheckpoint(96)) - Created checkpoint in rocksDB at /home/runner/work/ozone/ozone/hadoop-ozone/integration-test/target/test-dir/MiniOzoneClusterImpl-8ae17f6e-7b8d-4fcc-9253-feb95f7e1717/omNode-1/db.snapshots/om.db-29fb1e81-62d7-4879-aac8-afab306e1917 in 51 milliseconds
2023-03-29 22:46:11,568 [OMDoubleBufferFlushThread] INFO  db.RDBCheckpointManager (RDBCheckpointManager.java:waitForCheckpointDirectoryExist(125)) - Waited for 6 milliseconds for checkpoint directory /home/runner/work/ozone/ozone/hadoop-ozone/integration-test/target/test-dir/MiniOzoneClusterImpl-8ae17f6e-7b8d-4fcc-9253-feb95f7e1717/omNode-1/db.snapshots/om.db-29fb1e81-62d7-4879-aac8-afab306e1917 availability.
2023-03-29 22:46:11,568 [OMDoubleBufferFlushThread] WARN  om.OmSnapshotManager (OmSnapshotManager.java:deleteKeysInSnapshotScopeFromDTableInternal(396)) - Took 151909 ns to clean up deletedTable
2023-03-29 22:46:11,568 [OMDoubleBufferFlushThread] INFO  om.OmSnapshotManager (OmSnapshotManager.java:createOmSnapshotCheckpoint(317)) - Created checkpoint : /home/runner/work/ozone/ozone/hadoop-ozone/integration-test/target/test-dir/MiniOzoneClusterImpl-8ae17f6e-7b8d-4fcc-9253-feb95f7e1717/omNode-1/db.snapshots/om.db-29fb1e81-62d7-4879-aac8-afab306e1917 for snapshot b735cdb6-e9c9-4a21-b487-74bc422312cf
2023-03-29 22:46:11,571 [OMDoubleBufferFlushThread] INFO  db.RDBCheckpointManager (RDBCheckpointManager.java:createCheckpoint(96)) - Created checkpoint in rocksDB at /home/runner/work/ozone/ozone/hadoop-ozone/integration-test/target/test-dir/MiniOzoneClusterImpl-8ae17f6e-7b8d-4fcc-9253-feb95f7e1717/omNode-3/db.snapshots/om.db-29fb1e81-62d7-4879-aac8-afab306e1917 in 58 milliseconds
2023-03-29 22:46:11,572 [OMDoubleBufferFlushThread] INFO  db.RDBCheckpointManager (RDBCheckpointManager.java:waitForCheckpointDirectoryExist(125)) - Waited for 1 milliseconds for checkpoint directory /home/runner/work/ozone/ozone/hadoop-ozone/integration-test/target/test-dir/MiniOzoneClusterImpl-8ae17f6e-7b8d-4fcc-9253-feb95f7e1717/omNode-3/db.snapshots/om.db-29fb1e81-62d7-4879-aac8-afab306e1917 availability.
2023-03-29 22:46:11,573 [OMDoubleBufferFlushThread] WARN  om.OmSnapshotManager (OmSnapshotManager.java:deleteKeysInSnapshotScopeFromDTableInternal(396)) - Took 102206 ns to clean up deletedTable
2023-03-29 22:46:11,573 [OMDoubleBufferFlushThread] INFO  om.OmSnapshotManager (OmSnapshotManager.java:createOmSnapshotCheckpoint(317)) - Created checkpoint : /home/runner/work/ozone/ozone/hadoop-ozone/integration-test/target/test-dir/MiniOzoneClusterImpl-8ae17f6e-7b8d-4fcc-9253-feb95f7e1717/omNode-3/db.snapshots/om.db-29fb1e81-62d7-4879-aac8-afab306e1917 for snapshot b735cdb6-e9c9-4a21-b487-74bc422312cf
2023-03-29 22:46:11,577 [OMDoubleBufferFlushThread] INFO  db.RDBCheckpointManager (RDBCheckpointManager.java:createCheckpoint(96)) - Created checkpoint in rocksDB at /home/runner/work/ozone/ozone/hadoop-ozone/integration-test/target/test-dir/MiniOzoneClusterImpl-8ae17f6e-7b8d-4fcc-9253-feb95f7e1717/omNode-2/db.snapshots/om.db-29fb1e81-62d7-4879-aac8-afab306e1917 in 63 milliseconds
2023-03-29 22:46:11,577 [OMDoubleBufferFlushThread] INFO  db.RDBCheckpointManager (RDBCheckpointManager.java:waitForCheckpointDirectoryExist(125)) - Waited for 0 milliseconds for checkpoint directory /home/runner/work/ozone/ozone/hadoop-ozone/integration-test/target/test-dir/MiniOzoneClusterImpl-8ae17f6e-7b8d-4fcc-9253-feb95f7e1717/omNode-2/db.snapshots/om.db-29fb1e81-62d7-4879-aac8-afab306e1917 availability.
2023-03-29 22:46:11,577 [OMDoubleBufferFlushThread] INFO  om.OmSnapshotManager (OmSnapshotManager.java:createOmSnapshotCheckpoint(317)) - Created checkpoint : /home/runner/work/ozone/ozone/hadoop-ozone/integration-test/target/test-dir/MiniOzoneClusterImpl-8ae17f6e-7b8d-4fcc-9253-feb95f7e1717/omNode-2/db.snapshots/om.db-29fb1e81-62d7-4879-aac8-afab306e1917 for snapshot b735cdb6-e9c9-4a21-b487-74bc422312cf
2023-03-29 22:46:12,514 [IPC Server handler 8 on default port 38145] WARN  server.ServerUtils (ServerUtils.java:getDBPath(225)) - ozone.om.db.dirs is not configured. We recommend adding this setting. Falling back to ozone.metadata.dirs instead.
2023-03-29 22:46:12,514 [IPC Server handler 8 on default port 38145] INFO  codec.OmKeyInfoCodec (OmKeyInfoCodec.java:<init>(49)) - OmKeyInfoCodec ignorePipeline = true
2023-03-29 22:46:12,515 [IPC Server handler 8 on default port 38145] INFO  codec.RepeatedOmKeyInfoCodec (RepeatedOmKeyInfoCodec.java:<init>(41)) - RepeatedOmKeyInfoCodec ignorePipeline = true
22:46:12.610 [IPC Server handler 2 on default port 38145] ERROR OMAudit - user=runner | ip=127.0.0.1 | op=GET_FILE_STATUS {volume=vol-a-25408, bucket=buc-a-41578, key=key-, dataSize=0, replicationConfig=null} | ret=FAILURE
org.apache.hadoop.ozone.om.exceptions.OMException: Unable to get file status: volume: vol-a-25408 bucket: buc-a-41578 key: key-
	at org.apache.hadoop.ozone.om.KeyManagerImpl.getOzoneFileStatusFSO(KeyManagerImpl.java:1320) ~[ozone-manager-1.4.0-SNAPSHOT.jar:?]
	at org.apache.hadoop.ozone.om.KeyManagerImpl.getFileStatus(KeyManagerImpl.java:1112) ~[ozone-manager-1.4.0-SNAPSHOT.jar:?]
	at org.apache.hadoop.ozone.om.OmMetadataReader.getFileStatus(OmMetadataReader.java:288) ~[ozone-manager-1.4.0-SNAPSHOT.jar:?]
	at org.apache.hadoop.ozone.om.OmSnapshot.getFileStatus(OmSnapshot.java:118) ~[ozone-manager-1.4.0-SNAPSHOT.jar:?]
	at org.apache.hadoop.ozone.om.OzoneManager.getFileStatus(OzoneManager.java:3488) ~[ozone-manager-1.4.0-SNAPSHOT.jar:?]
	at org.apache.hadoop.ozone.protocolPB.OzoneManagerRequestHandler.getOzoneFileStatus(OzoneManagerRequestHandler.java:934) ~[ozone-manager-1.4.0-SNAPSHOT.jar:?]
	at org.apache.hadoop.ozone.protocolPB.OzoneManagerRequestHandler.handleReadRequest(OzoneManagerRequestHandler.java:238) ~[ozone-manager-1.4.0-SNAPSHOT.jar:?]
	at org.apache.hadoop.ozone.protocolPB.OzoneManagerProtocolServerSideTranslatorPB.submitReadRequestToOM(OzoneManagerProtocolServerSideTranslatorPB.java:223) ~[ozone-manager-1.4.0-SNAPSHOT.jar:?]
	at org.apache.hadoop.ozone.protocolPB.OzoneManagerProtocolServerSideTranslatorPB.processRequest(OzoneManagerProtocolServerSideTranslatorPB.java:177) ~[ozone-manager-1.4.0-SNAPSHOT.jar:?]
	at org.apache.hadoop.hdds.server.OzoneProtocolMessageDispatcher.processRequest(OzoneProtocolMessageDispatcher.java:87) [hdds-server-framework-1.4.0-SNAPSHOT.jar:?]
	at org.apache.hadoop.ozone.protocolPB.OzoneManagerProtocolServerSideTranslatorPB.submitRequest(OzoneManagerProtocolServerSideTranslatorPB.java:147) [ozone-manager-1.4.0-SNAPSHOT.jar:?]
	at org.apache.hadoop.ozone.protocol.proto.OzoneManagerProtocolProtos$OzoneManagerService$2.callBlockingMethod(OzoneManagerProtocolProtos.java) [ozone-interface-client-1.4.0-SNAPSHOT.jar:?]
	at org.apache.hadoop.ipc.ProtobufRpcEngine$Server.processCall(ProtobufRpcEngine.java:465) [hadoop-common-3.3.4.jar:?]
	at org.apache.hadoop.ipc.ProtobufRpcEngine2$Server$ProtoBufRpcInvoker.call(ProtobufRpcEngine2.java:578) [hadoop-common-3.3.4.jar:?]
	at org.apache.hadoop.ipc.ProtobufRpcEngine2$Server$ProtoBufRpcInvoker.call(ProtobufRpcEngine2.java:556) [hadoop-common-3.3.4.jar:?]
	at org.apache.hadoop.ipc.RPC$Server.call(RPC.java:1093) [hadoop-common-3.3.4.jar:?]
	at org.apache.hadoop.ipc.Server$RpcCall.run(Server.java:1043) [hadoop-common-3.3.4.jar:?]
	at org.apache.hadoop.ipc.Server$RpcCall.run(Server.java:971) [hadoop-common-3.3.4.jar:?]
	at java.security.AccessController.doPrivileged(Native Method) ~[?:1.8.0_362]
	at javax.security.auth.Subject.doAs(Subject.java:422) [?:1.8.0_362]
	at org.apache.hadoop.security.UserGroupInformation.doAs(UserGroupInformation.java:1878) [hadoop-common-3.3.4.jar:?]
	at org.apache.hadoop.ipc.Server$Handler.run(Server.java:2976) [hadoop-common-3.3.4.jar:?]
2023-03-29 22:46:12,623 [OM StateMachine ApplyTransaction Thread - 0] INFO  snapshot.OMSnapshotCreateRequest (OMSnapshotCreateRequest.java:validateAndUpdateCache(204)) - Created snapshot 'bb4f7a0d-76eb-41d1-8422-1691b35b9934' under path 'vol-a-25408/buc-b-31751'
2023-03-29 22:46:12,624 [OM StateMachine ApplyTransaction Thread - 0] INFO  snapshot.OMSnapshotCreateRequest (OMSnapshotCreateRequest.java:validateAndUpdateCache(204)) - Created snapshot 'bb4f7a0d-76eb-41d1-8422-1691b35b9934' under path 'vol-a-25408/buc-b-31751'
2023-03-29 22:46:12,625 [OM StateMachine ApplyTransaction Thread - 0] INFO  snapshot.OMSnapshotCreateRequest (OMSnapshotCreateRequest.java:validateAndUpdateCache(204)) - Created snapshot 'bb4f7a0d-76eb-41d1-8422-1691b35b9934' under path 'vol-a-25408/buc-b-31751'
2023-03-29 22:46:12,642 [OMDoubleBufferFlushThread] INFO  db.RDBCheckpointManager (RDBCheckpointManager.java:createCheckpoint(96)) - Created checkpoint in rocksDB at /home/runner/work/ozone/ozone/hadoop-ozone/integration-test/target/test-dir/MiniOzoneClusterImpl-8ae17f6e-7b8d-4fcc-9253-feb95f7e1717/omNode-2/db.snapshots/om.db-4627f914-ec2a-4772-b685-1bae6df1d539 in 16 milliseconds
2023-03-29 22:46:12,643 [OMDoubleBufferFlushThread] INFO  db.RDBCheckpointManager (RDBCheckpointManager.java:createCheckpoint(96)) - Created checkpoint in rocksDB at /home/runner/work/ozone/ozone/hadoop-ozone/integration-test/target/test-dir/MiniOzoneClusterImpl-8ae17f6e-7b8d-4fcc-9253-feb95f7e1717/omNode-3/db.snapshots/om.db-4627f914-ec2a-4772-b685-1bae6df1d539 in 15 milliseconds
2023-03-29 22:46:12,650 [OMDoubleBufferFlushThread] INFO  db.RDBCheckpointManager (RDBCheckpointManager.java:waitForCheckpointDirectoryExist(125)) - Waited for 8 milliseconds for checkpoint directory /home/runner/work/ozone/ozone/hadoop-ozone/integration-test/target/test-dir/MiniOzoneClusterImpl-8ae17f6e-7b8d-4fcc-9253-feb95f7e1717/omNode-2/db.snapshots/om.db-4627f914-ec2a-4772-b685-1bae6df1d539 availability.
2023-03-29 22:46:12,650 [OMDoubleBufferFlushThread] INFO  om.OmSnapshotManager (OmSnapshotManager.java:createOmSnapshotCheckpoint(317)) - Created checkpoint : /home/runner/work/ozone/ozone/hadoop-ozone/integration-test/target/test-dir/MiniOzoneClusterImpl-8ae17f6e-7b8d-4fcc-9253-feb95f7e1717/omNode-2/db.snapshots/om.db-4627f914-ec2a-4772-b685-1bae6df1d539 for snapshot bb4f7a0d-76eb-41d1-8422-1691b35b9934
2023-03-29 22:46:12,652 [OMDoubleBufferFlushThread] INFO  db.RDBCheckpointManager (RDBCheckpointManager.java:waitForCheckpointDirectoryExist(125)) - Waited for 9 milliseconds for checkpoint directory /home/runner/work/ozone/ozone/hadoop-ozone/integration-test/target/test-dir/MiniOzoneClusterImpl-8ae17f6e-7b8d-4fcc-9253-feb95f7e1717/omNode-3/db.snapshots/om.db-4627f914-ec2a-4772-b685-1bae6df1d539 availability.
2023-03-29 22:46:12,652 [OMDoubleBufferFlushThread] INFO  om.OmSnapshotManager (OmSnapshotManager.java:createOmSnapshotCheckpoint(317)) - Created checkpoint : /home/runner/work/ozone/ozone/hadoop-ozone/integration-test/target/test-dir/MiniOzoneClusterImpl-8ae17f6e-7b8d-4fcc-9253-feb95f7e1717/omNode-3/db.snapshots/om.db-4627f914-ec2a-4772-b685-1bae6df1d539 for snapshot bb4f7a0d-76eb-41d1-8422-1691b35b9934
2023-03-29 22:46:12,654 [OMDoubleBufferFlushThread] INFO  db.RDBCheckpointManager (RDBCheckpointManager.java:createCheckpoint(96)) - Created checkpoint in rocksDB at /home/runner/work/ozone/ozone/hadoop-ozone/integration-test/target/test-dir/MiniOzoneClusterImpl-8ae17f6e-7b8d-4fcc-9253-feb95f7e1717/omNode-1/db.snapshots/om.db-4627f914-ec2a-4772-b685-1bae6df1d539 in 28 milliseconds
2023-03-29 22:46:12,655 [OMDoubleBufferFlushThread] INFO  db.RDBCheckpointManager (RDBCheckpointManager.java:waitForCheckpointDirectoryExist(125)) - Waited for 1 milliseconds for checkpoint directory /home/runner/work/ozone/ozone/hadoop-ozone/integration-test/target/test-dir/MiniOzoneClusterImpl-8ae17f6e-7b8d-4fcc-9253-feb95f7e1717/omNode-1/db.snapshots/om.db-4627f914-ec2a-4772-b685-1bae6df1d539 availability.
2023-03-29 22:46:12,655 [OMDoubleBufferFlushThread] INFO  om.OmSnapshotManager (OmSnapshotManager.java:createOmSnapshotCheckpoint(317)) - Created checkpoint : /home/runner/work/ozone/ozone/hadoop-ozone/integration-test/target/test-dir/MiniOzoneClusterImpl-8ae17f6e-7b8d-4fcc-9253-feb95f7e1717/omNode-1/db.snapshots/om.db-4627f914-ec2a-4772-b685-1bae6df1d539 for snapshot bb4f7a0d-76eb-41d1-8422-1691b35b9934
2023-03-29 22:46:13,721 [IPC Server handler 19 on default port 38145] WARN  server.ServerUtils (ServerUtils.java:getDBPath(225)) - ozone.om.db.dirs is not configured. We recommend adding this setting. Falling back to ozone.metadata.dirs instead.
2023-03-29 22:46:13,721 [IPC Server handler 19 on default port 38145] INFO  codec.OmKeyInfoCodec (OmKeyInfoCodec.java:<init>(49)) - OmKeyInfoCodec ignorePipeline = true
2023-03-29 22:46:13,721 [IPC Server handler 19 on default port 38145] INFO  codec.RepeatedOmKeyInfoCodec (RepeatedOmKeyInfoCodec.java:<init>(41)) - RepeatedOmKeyInfoCodec ignorePipeline = true
22:46:13.770 [IPC Server handler 18 on default port 38145] ERROR OMAudit - user=runner | ip=127.0.0.1 | op=GET_FILE_STATUS {volume=vol-a-25408, bucket=buc-b-31751, key=key-, dataSize=0, replicationConfig=null} | ret=FAILURE
org.apache.hadoop.ozone.om.exceptions.OMException: Unable to get file status: volume: vol-a-25408 bucket: buc-b-31751 key: key-
	at org.apache.hadoop.ozone.om.KeyManagerImpl.getOzoneFileStatusFSO(KeyManagerImpl.java:1320) ~[ozone-manager-1.4.0-SNAPSHOT.jar:?]
	at org.apache.hadoop.ozone.om.KeyManagerImpl.getFileStatus(KeyManagerImpl.java:1112) ~[ozone-manager-1.4.0-SNAPSHOT.jar:?]
	at org.apache.hadoop.ozone.om.OmMetadataReader.getFileStatus(OmMetadataReader.java:288) ~[ozone-manager-1.4.0-SNAPSHOT.jar:?]
	at org.apache.hadoop.ozone.om.OmSnapshot.getFileStatus(OmSnapshot.java:118) ~[ozone-manager-1.4.0-SNAPSHOT.jar:?]
	at org.apache.hadoop.ozone.om.OzoneManager.getFileStatus(OzoneManager.java:3488) ~[ozone-manager-1.4.0-SNAPSHOT.jar:?]
	at org.apache.hadoop.ozone.protocolPB.OzoneManagerRequestHandler.getOzoneFileStatus(OzoneManagerRequestHandler.java:934) ~[ozone-manager-1.4.0-SNAPSHOT.jar:?]
	at org.apache.hadoop.ozone.protocolPB.OzoneManagerRequestHandler.handleReadRequest(OzoneManagerRequestHandler.java:238) ~[ozone-manager-1.4.0-SNAPSHOT.jar:?]
	at org.apache.hadoop.ozone.protocolPB.OzoneManagerProtocolServerSideTranslatorPB.submitReadRequestToOM(OzoneManagerProtocolServerSideTranslatorPB.java:223) ~[ozone-manager-1.4.0-SNAPSHOT.jar:?]
	at org.apache.hadoop.ozone.protocolPB.OzoneManagerProtocolServerSideTranslatorPB.processRequest(OzoneManagerProtocolServerSideTranslatorPB.java:177) ~[ozone-manager-1.4.0-SNAPSHOT.jar:?]
	at org.apache.hadoop.hdds.server.OzoneProtocolMessageDispatcher.processRequest(OzoneProtocolMessageDispatcher.java:87) [hdds-server-framework-1.4.0-SNAPSHOT.jar:?]
	at org.apache.hadoop.ozone.protocolPB.OzoneManagerProtocolServerSideTranslatorPB.submitRequest(OzoneManagerProtocolServerSideTranslatorPB.java:147) [ozone-manager-1.4.0-SNAPSHOT.jar:?]
	at org.apache.hadoop.ozone.protocol.proto.OzoneManagerProtocolProtos$OzoneManagerService$2.callBlockingMethod(OzoneManagerProtocolProtos.java) [ozone-interface-client-1.4.0-SNAPSHOT.jar:?]
	at org.apache.hadoop.ipc.ProtobufRpcEngine$Server.processCall(ProtobufRpcEngine.java:465) [hadoop-common-3.3.4.jar:?]
	at org.apache.hadoop.ipc.ProtobufRpcEngine2$Server$ProtoBufRpcInvoker.call(ProtobufRpcEngine2.java:578) [hadoop-common-3.3.4.jar:?]
	at org.apache.hadoop.ipc.ProtobufRpcEngine2$Server$ProtoBufRpcInvoker.call(ProtobufRpcEngine2.java:556) [hadoop-common-3.3.4.jar:?]
	at org.apache.hadoop.ipc.RPC$Server.call(RPC.java:1093) [hadoop-common-3.3.4.jar:?]
	at org.apache.hadoop.ipc.Server$RpcCall.run(Server.java:1043) [hadoop-common-3.3.4.jar:?]
	at org.apache.hadoop.ipc.Server$RpcCall.run(Server.java:971) [hadoop-common-3.3.4.jar:?]
	at java.security.AccessController.doPrivileged(Native Method) ~[?:1.8.0_362]
	at javax.security.auth.Subject.doAs(Subject.java:422) [?:1.8.0_362]
	at org.apache.hadoop.security.UserGroupInformation.doAs(UserGroupInformation.java:1878) [hadoop-common-3.3.4.jar:?]
	at org.apache.hadoop.ipc.Server$Handler.run(Server.java:2976) [hadoop-common-3.3.4.jar:?]
2023-03-29 22:46:13,776 [OM StateMachine ApplyTransaction Thread - 0] INFO  snapshot.OMSnapshotCreateRequest (OMSnapshotCreateRequest.java:validateAndUpdateCache(204)) - Created snapshot '39581cdc-7d2c-44c5-beba-66b50c19a3ad' under path 'vol-b-21062/buc-a-41578'
2023-03-29 22:46:13,777 [OM StateMachine ApplyTransaction Thread - 0] INFO  snapshot.OMSnapshotCreateRequest (OMSnapshotCreateRequest.java:validateAndUpdateCache(204)) - Created snapshot '39581cdc-7d2c-44c5-beba-66b50c19a3ad' under path 'vol-b-21062/buc-a-41578'
2023-03-29 22:46:13,778 [OM StateMachine ApplyTransaction Thread - 0] INFO  snapshot.OMSnapshotCreateRequest (OMSnapshotCreateRequest.java:validateAndUpdateCache(204)) - Created snapshot '39581cdc-7d2c-44c5-beba-66b50c19a3ad' under path 'vol-b-21062/buc-a-41578'
2023-03-29 22:46:13,814 [OMDoubleBufferFlushThread] INFO  db.RDBCheckpointManager (RDBCheckpointManager.java:createCheckpoint(96)) - Created checkpoint in rocksDB at /home/runner/work/ozone/ozone/hadoop-ozone/integration-test/target/test-dir/MiniOzoneClusterImpl-8ae17f6e-7b8d-4fcc-9253-feb95f7e1717/omNode-1/db.snapshots/om.db-5c0849a8-c7f9-407e-8857-3b2cdf7a0fc5 in 35 milliseconds
2023-03-29 22:46:13,815 [OMDoubleBufferFlushThread] INFO  db.RDBCheckpointManager (RDBCheckpointManager.java:waitForCheckpointDirectoryExist(125)) - Waited for 1 milliseconds for checkpoint directory /home/runner/work/ozone/ozone/hadoop-ozone/integration-test/target/test-dir/MiniOzoneClusterImpl-8ae17f6e-7b8d-4fcc-9253-feb95f7e1717/omNode-1/db.snapshots/om.db-5c0849a8-c7f9-407e-8857-3b2cdf7a0fc5 availability.
2023-03-29 22:46:13,816 [OMDoubleBufferFlushThread] WARN  om.OmSnapshotManager (OmSnapshotManager.java:deleteKeysInSnapshotScopeFromDTableInternal(396)) - Took 194912 ns to clean up deletedTable
2023-03-29 22:46:13,816 [OMDoubleBufferFlushThread] INFO  om.OmSnapshotManager (OmSnapshotManager.java:createOmSnapshotCheckpoint(317)) - Created checkpoint : /home/runner/work/ozone/ozone/hadoop-ozone/integration-test/target/test-dir/MiniOzoneClusterImpl-8ae17f6e-7b8d-4fcc-9253-feb95f7e1717/omNode-1/db.snapshots/om.db-5c0849a8-c7f9-407e-8857-3b2cdf7a0fc5 for snapshot 39581cdc-7d2c-44c5-beba-66b50c19a3ad
2023-03-29 22:46:13,824 [OMDoubleBufferFlushThread] INFO  db.RDBCheckpointManager (RDBCheckpointManager.java:createCheckpoint(96)) - Created checkpoint in rocksDB at /home/runner/work/ozone/ozone/hadoop-ozone/integration-test/target/test-dir/MiniOzoneClusterImpl-8ae17f6e-7b8d-4fcc-9253-feb95f7e1717/omNode-3/db.snapshots/om.db-5c0849a8-c7f9-407e-8857-3b2cdf7a0fc5 in 43 milliseconds
2023-03-29 22:46:13,826 [OMDoubleBufferFlushThread] INFO  db.RDBCheckpointManager (RDBCheckpointManager.java:waitForCheckpointDirectoryExist(125)) - Waited for 2 milliseconds for checkpoint directory /home/runner/work/ozone/ozone/hadoop-ozone/integration-test/target/test-dir/MiniOzoneClusterImpl-8ae17f6e-7b8d-4fcc-9253-feb95f7e1717/omNode-3/db.snapshots/om.db-5c0849a8-c7f9-407e-8857-3b2cdf7a0fc5 availability.
2023-03-29 22:46:13,827 [OMDoubleBufferFlushThread] WARN  om.OmSnapshotManager (OmSnapshotManager.java:deleteKeysInSnapshotScopeFromDTableInternal(396)) - Took 139109 ns to clean up deletedTable
2023-03-29 22:46:13,827 [OMDoubleBufferFlushThread] INFO  om.OmSnapshotManager (OmSnapshotManager.java:createOmSnapshotCheckpoint(317)) - Created checkpoint : /home/runner/work/ozone/ozone/hadoop-ozone/integration-test/target/test-dir/MiniOzoneClusterImpl-8ae17f6e-7b8d-4fcc-9253-feb95f7e1717/omNode-3/db.snapshots/om.db-5c0849a8-c7f9-407e-8857-3b2cdf7a0fc5 for snapshot 39581cdc-7d2c-44c5-beba-66b50c19a3ad
2023-03-29 22:46:13,827 [OMDoubleBufferFlushThread] INFO  db.RDBCheckpointManager (RDBCheckpointManager.java:createCheckpoint(96)) - Created checkpoint in rocksDB at /home/runner/work/ozone/ozone/hadoop-ozone/integration-test/target/test-dir/MiniOzoneClusterImpl-8ae17f6e-7b8d-4fcc-9253-feb95f7e1717/omNode-2/db.snapshots/om.db-5c0849a8-c7f9-407e-8857-3b2cdf7a0fc5 in 47 milliseconds
2023-03-29 22:46:13,828 [OMDoubleBufferFlushThread] INFO  db.RDBCheckpointManager (RDBCheckpointManager.java:waitForCheckpointDirectoryExist(125)) - Waited for 1 milliseconds for checkpoint directory /home/runner/work/ozone/ozone/hadoop-ozone/integration-test/target/test-dir/MiniOzoneClusterImpl-8ae17f6e-7b8d-4fcc-9253-feb95f7e1717/omNode-2/db.snapshots/om.db-5c0849a8-c7f9-407e-8857-3b2cdf7a0fc5 availability.
2023-03-29 22:46:13,828 [OMDoubleBufferFlushThread] WARN  om.OmSnapshotManager (OmSnapshotManager.java:deleteKeysInSnapshotScopeFromDTableInternal(396)) - Took 122008 ns to clean up deletedTable
2023-03-29 22:46:13,828 [OMDoubleBufferFlushThread] INFO  om.OmSnapshotManager (OmSnapshotManager.java:createOmSnapshotCheckpoint(317)) - Created checkpoint : /home/runner/work/ozone/ozone/hadoop-ozone/integration-test/target/test-dir/MiniOzoneClusterImpl-8ae17f6e-7b8d-4fcc-9253-feb95f7e1717/omNode-2/db.snapshots/om.db-5c0849a8-c7f9-407e-8857-3b2cdf7a0fc5 for snapshot 39581cdc-7d2c-44c5-beba-66b50c19a3ad
2023-03-29 22:46:14,874 [IPC Server handler 0 on default port 38145] WARN  server.ServerUtils (ServerUtils.java:getDBPath(225)) - ozone.om.db.dirs is not configured. We recommend adding this setting. Falling back to ozone.metadata.dirs instead.
2023-03-29 22:46:14,874 [IPC Server handler 0 on default port 38145] INFO  codec.OmKeyInfoCodec (OmKeyInfoCodec.java:<init>(49)) - OmKeyInfoCodec ignorePipeline = true
2023-03-29 22:46:14,874 [IPC Server handler 0 on default port 38145] INFO  codec.RepeatedOmKeyInfoCodec (RepeatedOmKeyInfoCodec.java:<init>(41)) - RepeatedOmKeyInfoCodec ignorePipeline = true
22:46:14.922 [IPC Server handler 5 on default port 38145] ERROR OMAudit - user=runner | ip=127.0.0.1 | op=GET_FILE_STATUS {volume=vol-b-21062, bucket=buc-a-41578, key=key-, dataSize=0, replicationConfig=null} | ret=FAILURE
org.apache.hadoop.ozone.om.exceptions.OMException: Unable to get file status: volume: vol-b-21062 bucket: buc-a-41578 key: key-
	at org.apache.hadoop.ozone.om.KeyManagerImpl.getOzoneFileStatusFSO(KeyManagerImpl.java:1320) ~[ozone-manager-1.4.0-SNAPSHOT.jar:?]
	at org.apache.hadoop.ozone.om.KeyManagerImpl.getFileStatus(KeyManagerImpl.java:1112) ~[ozone-manager-1.4.0-SNAPSHOT.jar:?]
	at org.apache.hadoop.ozone.om.OmMetadataReader.getFileStatus(OmMetadataReader.java:288) ~[ozone-manager-1.4.0-SNAPSHOT.jar:?]
	at org.apache.hadoop.ozone.om.OmSnapshot.getFileStatus(OmSnapshot.java:118) ~[ozone-manager-1.4.0-SNAPSHOT.jar:?]
	at org.apache.hadoop.ozone.om.OzoneManager.getFileStatus(OzoneManager.java:3488) ~[ozone-manager-1.4.0-SNAPSHOT.jar:?]
	at org.apache.hadoop.ozone.protocolPB.OzoneManagerRequestHandler.getOzoneFileStatus(OzoneManagerRequestHandler.java:934) ~[ozone-manager-1.4.0-SNAPSHOT.jar:?]
	at org.apache.hadoop.ozone.protocolPB.OzoneManagerRequestHandler.handleReadRequest(OzoneManagerRequestHandler.java:238) ~[ozone-manager-1.4.0-SNAPSHOT.jar:?]
	at org.apache.hadoop.ozone.protocolPB.OzoneManagerProtocolServerSideTranslatorPB.submitReadRequestToOM(OzoneManagerProtocolServerSideTranslatorPB.java:223) ~[ozone-manager-1.4.0-SNAPSHOT.jar:?]
	at org.apache.hadoop.ozone.protocolPB.OzoneManagerProtocolServerSideTranslatorPB.processRequest(OzoneManagerProtocolServerSideTranslatorPB.java:177) ~[ozone-manager-1.4.0-SNAPSHOT.jar:?]
	at org.apache.hadoop.hdds.server.OzoneProtocolMessageDispatcher.processRequest(OzoneProtocolMessageDispatcher.java:87) [hdds-server-framework-1.4.0-SNAPSHOT.jar:?]
	at org.apache.hadoop.ozone.protocolPB.OzoneManagerProtocolServerSideTranslatorPB.submitRequest(OzoneManagerProtocolServerSideTranslatorPB.java:147) [ozone-manager-1.4.0-SNAPSHOT.jar:?]
	at org.apache.hadoop.ozone.protocol.proto.OzoneManagerProtocolProtos$OzoneManagerService$2.callBlockingMethod(OzoneManagerProtocolProtos.java) [ozone-interface-client-1.4.0-SNAPSHOT.jar:?]
	at org.apache.hadoop.ipc.ProtobufRpcEngine$Server.processCall(ProtobufRpcEngine.java:465) [hadoop-common-3.3.4.jar:?]
	at org.apache.hadoop.ipc.ProtobufRpcEngine2$Server$ProtoBufRpcInvoker.call(ProtobufRpcEngine2.java:578) [hadoop-common-3.3.4.jar:?]
	at org.apache.hadoop.ipc.ProtobufRpcEngine2$Server$ProtoBufRpcInvoker.call(ProtobufRpcEngine2.java:556) [hadoop-common-3.3.4.jar:?]
	at org.apache.hadoop.ipc.RPC$Server.call(RPC.java:1093) [hadoop-common-3.3.4.jar:?]
	at org.apache.hadoop.ipc.Server$RpcCall.run(Server.java:1043) [hadoop-common-3.3.4.jar:?]
	at org.apache.hadoop.ipc.Server$RpcCall.run(Server.java:971) [hadoop-common-3.3.4.jar:?]
	at java.security.AccessController.doPrivileged(Native Method) ~[?:1.8.0_362]
	at javax.security.auth.Subject.doAs(Subject.java:422) [?:1.8.0_362]
	at org.apache.hadoop.security.UserGroupInformation.doAs(UserGroupInformation.java:1878) [hadoop-common-3.3.4.jar:?]
	at org.apache.hadoop.ipc.Server$Handler.run(Server.java:2976) [hadoop-common-3.3.4.jar:?]
2023-03-29 22:46:14,927 [OM StateMachine ApplyTransaction Thread - 0] INFO  snapshot.OMSnapshotCreateRequest (OMSnapshotCreateRequest.java:validateAndUpdateCache(204)) - Created snapshot 'd9da2b9e-93b6-4c77-8bd6-92fbc18a015b' under path 'vol-b-21062/buc-b-31751'
2023-03-29 22:46:14,929 [OM StateMachine ApplyTransaction Thread - 0] INFO  snapshot.OMSnapshotCreateRequest (OMSnapshotCreateRequest.java:validateAndUpdateCache(204)) - Created snapshot 'd9da2b9e-93b6-4c77-8bd6-92fbc18a015b' under path 'vol-b-21062/buc-b-31751'
2023-03-29 22:46:14,929 [OM StateMachine ApplyTransaction Thread - 0] INFO  snapshot.OMSnapshotCreateRequest (OMSnapshotCreateRequest.java:validateAndUpdateCache(204)) - Created snapshot 'd9da2b9e-93b6-4c77-8bd6-92fbc18a015b' under path 'vol-b-21062/buc-b-31751'
2023-03-29 22:46:14,968 [OMDoubleBufferFlushThread] INFO  db.RDBCheckpointManager (RDBCheckpointManager.java:createCheckpoint(96)) - Created checkpoint in rocksDB at /home/runner/work/ozone/ozone/hadoop-ozone/integration-test/target/test-dir/MiniOzoneClusterImpl-8ae17f6e-7b8d-4fcc-9253-feb95f7e1717/omNode-1/db.snapshots/om.db-01c74aee-bd6b-42e3-b3a4-23a65ccf46d3 in 38 milliseconds
2023-03-29 22:46:14,972 [OMDoubleBufferFlushThread] INFO  db.RDBCheckpointManager (RDBCheckpointManager.java:createCheckpoint(96)) - Created checkpoint in rocksDB at /home/runner/work/ozone/ozone/hadoop-ozone/integration-test/target/test-dir/MiniOzoneClusterImpl-8ae17f6e-7b8d-4fcc-9253-feb95f7e1717/omNode-3/db.snapshots/om.db-01c74aee-bd6b-42e3-b3a4-23a65ccf46d3 in 41 milliseconds
2023-03-29 22:46:14,973 [OMDoubleBufferFlushThread] INFO  db.RDBCheckpointManager (RDBCheckpointManager.java:waitForCheckpointDirectoryExist(125)) - Waited for 5 milliseconds for checkpoint directory /home/runner/work/ozone/ozone/hadoop-ozone/integration-test/target/test-dir/MiniOzoneClusterImpl-8ae17f6e-7b8d-4fcc-9253-feb95f7e1717/omNode-1/db.snapshots/om.db-01c74aee-bd6b-42e3-b3a4-23a65ccf46d3 availability.
2023-03-29 22:46:14,974 [OMDoubleBufferFlushThread] WARN  om.OmSnapshotManager (OmSnapshotManager.java:deleteKeysInSnapshotScopeFromDTableInternal(396)) - Took 186211 ns to clean up deletedTable
2023-03-29 22:46:14,974 [OMDoubleBufferFlushThread] INFO  om.OmSnapshotManager (OmSnapshotManager.java:createOmSnapshotCheckpoint(317)) - Created checkpoint : /home/runner/work/ozone/ozone/hadoop-ozone/integration-test/target/test-dir/MiniOzoneClusterImpl-8ae17f6e-7b8d-4fcc-9253-feb95f7e1717/omNode-1/db.snapshots/om.db-01c74aee-bd6b-42e3-b3a4-23a65ccf46d3 for snapshot d9da2b9e-93b6-4c77-8bd6-92fbc18a015b
2023-03-29 22:46:14,974 [OMDoubleBufferFlushThread] INFO  db.RDBCheckpointManager (RDBCheckpointManager.java:waitForCheckpointDirectoryExist(125)) - Waited for 2 milliseconds for checkpoint directory /home/runner/work/ozone/ozone/hadoop-ozone/integration-test/target/test-dir/MiniOzoneClusterImpl-8ae17f6e-7b8d-4fcc-9253-feb95f7e1717/omNode-3/db.snapshots/om.db-01c74aee-bd6b-42e3-b3a4-23a65ccf46d3 availability.
2023-03-29 22:46:14,974 [OMDoubleBufferFlushThread] WARN  om.OmSnapshotManager (OmSnapshotManager.java:deleteKeysInSnapshotScopeFromDTableInternal(396)) - Took 301218 ns to clean up deletedTable
2023-03-29 22:46:14,975 [OMDoubleBufferFlushThread] INFO  om.OmSnapshotManager (OmSnapshotManager.java:createOmSnapshotCheckpoint(317)) - Created checkpoint : /home/runner/work/ozone/ozone/hadoop-ozone/integration-test/target/test-dir/MiniOzoneClusterImpl-8ae17f6e-7b8d-4fcc-9253-feb95f7e1717/omNode-3/db.snapshots/om.db-01c74aee-bd6b-42e3-b3a4-23a65ccf46d3 for snapshot d9da2b9e-93b6-4c77-8bd6-92fbc18a015b
2023-03-29 22:46:14,983 [OMDoubleBufferFlushThread] INFO  db.RDBCheckpointManager (RDBCheckpointManager.java:createCheckpoint(96)) - Created checkpoint in rocksDB at /home/runner/work/ozone/ozone/hadoop-ozone/integration-test/target/test-dir/MiniOzoneClusterImpl-8ae17f6e-7b8d-4fcc-9253-feb95f7e1717/omNode-2/db.snapshots/om.db-01c74aee-bd6b-42e3-b3a4-23a65ccf46d3 in 51 milliseconds
2023-03-29 22:46:14,983 [OMDoubleBufferFlushThread] INFO  db.RDBCheckpointManager (RDBCheckpointManager.java:waitForCheckpointDirectoryExist(125)) - Waited for 0 milliseconds for checkpoint directory /home/runner/work/ozone/ozone/hadoop-ozone/integration-test/target/test-dir/MiniOzoneClusterImpl-8ae17f6e-7b8d-4fcc-9253-feb95f7e1717/omNode-2/db.snapshots/om.db-01c74aee-bd6b-42e3-b3a4-23a65ccf46d3 availability.
2023-03-29 22:46:14,984 [OMDoubleBufferFlushThread] WARN  om.OmSnapshotManager (OmSnapshotManager.java:deleteKeysInSnapshotScopeFromDTableInternal(396)) - Took 256215 ns to clean up deletedTable
2023-03-29 22:46:14,984 [OMDoubleBufferFlushThread] INFO  om.OmSnapshotManager (OmSnapshotManager.java:createOmSnapshotCheckpoint(317)) - Created checkpoint : /home/runner/work/ozone/ozone/hadoop-ozone/integration-test/target/test-dir/MiniOzoneClusterImpl-8ae17f6e-7b8d-4fcc-9253-feb95f7e1717/omNode-2/db.snapshots/om.db-01c74aee-bd6b-42e3-b3a4-23a65ccf46d3 for snapshot d9da2b9e-93b6-4c77-8bd6-92fbc18a015b
2023-03-29 22:46:16,352 [IPC Server handler 9 on default port 38145] WARN  server.ServerUtils (ServerUtils.java:getDBPath(225)) - ozone.om.db.dirs is not configured. We recommend adding this setting. Falling back to ozone.metadata.dirs instead.
2023-03-29 22:46:16,352 [IPC Server handler 9 on default port 38145] INFO  codec.OmKeyInfoCodec (OmKeyInfoCodec.java:<init>(49)) - OmKeyInfoCodec ignorePipeline = true
2023-03-29 22:46:16,352 [IPC Server handler 9 on default port 38145] INFO  codec.RepeatedOmKeyInfoCodec (RepeatedOmKeyInfoCodec.java:<init>(41)) - RepeatedOmKeyInfoCodec ignorePipeline = true
22:46:16.383 [IPC Server handler 4 on default port 38145] ERROR OMAudit - user=runner | ip=127.0.0.1 | op=GET_FILE_STATUS {volume=vol-b-21062, bucket=buc-b-31751, key=key-, dataSize=0, replicationConfig=null} | ret=FAILURE
org.apache.hadoop.ozone.om.exceptions.OMException: Unable to get file status: volume: vol-b-21062 bucket: buc-b-31751 key: key-
	at org.apache.hadoop.ozone.om.KeyManagerImpl.getOzoneFileStatusFSO(KeyManagerImpl.java:1320) ~[ozone-manager-1.4.0-SNAPSHOT.jar:?]
	at org.apache.hadoop.ozone.om.KeyManagerImpl.getFileStatus(KeyManagerImpl.java:1112) ~[ozone-manager-1.4.0-SNAPSHOT.jar:?]
	at org.apache.hadoop.ozone.om.OmMetadataReader.getFileStatus(OmMetadataReader.java:288) ~[ozone-manager-1.4.0-SNAPSHOT.jar:?]
	at org.apache.hadoop.ozone.om.OmSnapshot.getFileStatus(OmSnapshot.java:118) ~[ozone-manager-1.4.0-SNAPSHOT.jar:?]
	at org.apache.hadoop.ozone.om.OzoneManager.getFileStatus(OzoneManager.java:3488) ~[ozone-manager-1.4.0-SNAPSHOT.jar:?]
	at org.apache.hadoop.ozone.protocolPB.OzoneManagerRequestHandler.getOzoneFileStatus(OzoneManagerRequestHandler.java:934) ~[ozone-manager-1.4.0-SNAPSHOT.jar:?]
	at org.apache.hadoop.ozone.protocolPB.OzoneManagerRequestHandler.handleReadRequest(OzoneManagerRequestHandler.java:238) ~[ozone-manager-1.4.0-SNAPSHOT.jar:?]
	at org.apache.hadoop.ozone.protocolPB.OzoneManagerProtocolServerSideTranslatorPB.submitReadRequestToOM(OzoneManagerProtocolServerSideTranslatorPB.java:223) ~[ozone-manager-1.4.0-SNAPSHOT.jar:?]
	at org.apache.hadoop.ozone.protocolPB.OzoneManagerProtocolServerSideTranslatorPB.processRequest(OzoneManagerProtocolServerSideTranslatorPB.java:177) ~[ozone-manager-1.4.0-SNAPSHOT.jar:?]
	at org.apache.hadoop.hdds.server.OzoneProtocolMessageDispatcher.processRequest(OzoneProtocolMessageDispatcher.java:87) [hdds-server-framework-1.4.0-SNAPSHOT.jar:?]
	at org.apache.hadoop.ozone.protocolPB.OzoneManagerProtocolServerSideTranslatorPB.submitRequest(OzoneManagerProtocolServerSideTranslatorPB.java:147) [ozone-manager-1.4.0-SNAPSHOT.jar:?]
	at org.apache.hadoop.ozone.protocol.proto.OzoneManagerProtocolProtos$OzoneManagerService$2.callBlockingMethod(OzoneManagerProtocolProtos.java) [ozone-interface-client-1.4.0-SNAPSHOT.jar:?]
	at org.apache.hadoop.ipc.ProtobufRpcEngine$Server.processCall(ProtobufRpcEngine.java:465) [hadoop-common-3.3.4.jar:?]
	at org.apache.hadoop.ipc.ProtobufRpcEngine2$Server$ProtoBufRpcInvoker.call(ProtobufRpcEngine2.java:578) [hadoop-common-3.3.4.jar:?]
	at org.apache.hadoop.ipc.ProtobufRpcEngine2$Server$ProtoBufRpcInvoker.call(ProtobufRpcEngine2.java:556) [hadoop-common-3.3.4.jar:?]
	at org.apache.hadoop.ipc.RPC$Server.call(RPC.java:1093) [hadoop-common-3.3.4.jar:?]
	at org.apache.hadoop.ipc.Server$RpcCall.run(Server.java:1043) [hadoop-common-3.3.4.jar:?]
	at org.apache.hadoop.ipc.Server$RpcCall.run(Server.java:971) [hadoop-common-3.3.4.jar:?]
	at java.security.AccessController.doPrivileged(Native Method) ~[?:1.8.0_362]
	at javax.security.auth.Subject.doAs(Subject.java:422) [?:1.8.0_362]
	at org.apache.hadoop.security.UserGroupInformation.doAs(UserGroupInformation.java:1878) [hadoop-common-3.3.4.jar:?]
	at org.apache.hadoop.ipc.Server$Handler.run(Server.java:2976) [hadoop-common-3.3.4.jar:?]
2023-03-29 22:46:16,389 [OM StateMachine ApplyTransaction Thread - 0] INFO  snapshot.OMSnapshotCreateRequest (OMSnapshotCreateRequest.java:validateAndUpdateCache(204)) - Created snapshot 'e3070307-f116-4664-af47-339b5eb891fb' under path 'vol-a-25408/buc-a-41578'
2023-03-29 22:46:16,391 [OM StateMachine ApplyTransaction Thread - 0] INFO  snapshot.OMSnapshotCreateRequest (OMSnapshotCreateRequest.java:validateAndUpdateCache(204)) - Created snapshot 'e3070307-f116-4664-af47-339b5eb891fb' under path 'vol-a-25408/buc-a-41578'
2023-03-29 22:46:16,392 [OM StateMachine ApplyTransaction Thread - 0] INFO  snapshot.OMSnapshotCreateRequest (OMSnapshotCreateRequest.java:validateAndUpdateCache(204)) - Created snapshot 'e3070307-f116-4664-af47-339b5eb891fb' under path 'vol-a-25408/buc-a-41578'
2023-03-29 22:46:16,433 [OMDoubleBufferFlushThread] INFO  db.RDBCheckpointManager (RDBCheckpointManager.java:createCheckpoint(96)) - Created checkpoint in rocksDB at /home/runner/work/ozone/ozone/hadoop-ozone/integration-test/target/test-dir/MiniOzoneClusterImpl-8ae17f6e-7b8d-4fcc-9253-feb95f7e1717/omNode-1/db.snapshots/om.db-816bb947-1d9d-4b9f-a81a-bbb99d70bece in 41 milliseconds
2023-03-29 22:46:16,434 [OMDoubleBufferFlushThread] INFO  db.RDBCheckpointManager (RDBCheckpointManager.java:waitForCheckpointDirectoryExist(125)) - Waited for 1 milliseconds for checkpoint directory /home/runner/work/ozone/ozone/hadoop-ozone/integration-test/target/test-dir/MiniOzoneClusterImpl-8ae17f6e-7b8d-4fcc-9253-feb95f7e1717/omNode-1/db.snapshots/om.db-816bb947-1d9d-4b9f-a81a-bbb99d70bece availability.
2023-03-29 22:46:16,434 [OMDoubleBufferFlushThread] WARN  om.OmSnapshotManager (OmSnapshotManager.java:deleteKeysInSnapshotScopeFromDTableInternal(396)) - Took 392423 ns to clean up deletedTable
2023-03-29 22:46:16,435 [OMDoubleBufferFlushThread] INFO  om.OmSnapshotManager (OmSnapshotManager.java:createOmSnapshotCheckpoint(317)) - Created checkpoint : /home/runner/work/ozone/ozone/hadoop-ozone/integration-test/target/test-dir/MiniOzoneClusterImpl-8ae17f6e-7b8d-4fcc-9253-feb95f7e1717/omNode-1/db.snapshots/om.db-816bb947-1d9d-4b9f-a81a-bbb99d70bece for snapshot e3070307-f116-4664-af47-339b5eb891fb
2023-03-29 22:46:16,440 [OMDoubleBufferFlushThread] INFO  db.RDBCheckpointManager (RDBCheckpointManager.java:createCheckpoint(96)) - Created checkpoint in rocksDB at /home/runner/work/ozone/ozone/hadoop-ozone/integration-test/target/test-dir/MiniOzoneClusterImpl-8ae17f6e-7b8d-4fcc-9253-feb95f7e1717/omNode-2/db.snapshots/om.db-816bb947-1d9d-4b9f-a81a-bbb99d70bece in 45 milliseconds
2023-03-29 22:46:16,441 [OMDoubleBufferFlushThread] INFO  db.RDBCheckpointManager (RDBCheckpointManager.java:waitForCheckpointDirectoryExist(125)) - Waited for 1 milliseconds for checkpoint directory /home/runner/work/ozone/ozone/hadoop-ozone/integration-test/target/test-dir/MiniOzoneClusterImpl-8ae17f6e-7b8d-4fcc-9253-feb95f7e1717/omNode-2/db.snapshots/om.db-816bb947-1d9d-4b9f-a81a-bbb99d70bece availability.
2023-03-29 22:46:16,441 [OMDoubleBufferFlushThread] WARN  om.OmSnapshotManager (OmSnapshotManager.java:deleteKeysInSnapshotScopeFromDTableInternal(396)) - Took 447426 ns to clean up deletedTable
2023-03-29 22:46:16,442 [OMDoubleBufferFlushThread] INFO  om.OmSnapshotManager (OmSnapshotManager.java:createOmSnapshotCheckpoint(317)) - Created checkpoint : /home/runner/work/ozone/ozone/hadoop-ozone/integration-test/target/test-dir/MiniOzoneClusterImpl-8ae17f6e-7b8d-4fcc-9253-feb95f7e1717/omNode-2/db.snapshots/om.db-816bb947-1d9d-4b9f-a81a-bbb99d70bece for snapshot e3070307-f116-4664-af47-339b5eb891fb
2023-03-29 22:46:16,445 [OMDoubleBufferFlushThread] INFO  db.RDBCheckpointManager (RDBCheckpointManager.java:createCheckpoint(96)) - Created checkpoint in rocksDB at /home/runner/work/ozone/ozone/hadoop-ozone/integration-test/target/test-dir/MiniOzoneClusterImpl-8ae17f6e-7b8d-4fcc-9253-feb95f7e1717/omNode-3/db.snapshots/om.db-816bb947-1d9d-4b9f-a81a-bbb99d70bece in 50 milliseconds
2023-03-29 22:46:16,447 [OMDoubleBufferFlushThread] INFO  db.RDBCheckpointManager (RDBCheckpointManager.java:waitForCheckpointDirectoryExist(125)) - Waited for 2 milliseconds for checkpoint directory /home/runner/work/ozone/ozone/hadoop-ozone/integration-test/target/test-dir/MiniOzoneClusterImpl-8ae17f6e-7b8d-4fcc-9253-feb95f7e1717/omNode-3/db.snapshots/om.db-816bb947-1d9d-4b9f-a81a-bbb99d70bece availability.
2023-03-29 22:46:16,447 [OMDoubleBufferFlushThread] WARN  om.OmSnapshotManager (OmSnapshotManager.java:deleteKeysInSnapshotScopeFromDTableInternal(396)) - Took 252215 ns to clean up deletedTable
2023-03-29 22:46:16,447 [OMDoubleBufferFlushThread] INFO  om.OmSnapshotManager (OmSnapshotManager.java:createOmSnapshotCheckpoint(317)) - Created checkpoint : /home/runner/work/ozone/ozone/hadoop-ozone/integration-test/target/test-dir/MiniOzoneClusterImpl-8ae17f6e-7b8d-4fcc-9253-feb95f7e1717/omNode-3/db.snapshots/om.db-816bb947-1d9d-4b9f-a81a-bbb99d70bece for snapshot e3070307-f116-4664-af47-339b5eb891fb
2023-03-29 22:46:17,480 [IPC Server handler 16 on default port 38145] WARN  server.ServerUtils (ServerUtils.java:getDBPath(225)) - ozone.om.db.dirs is not configured. We recommend adding this setting. Falling back to ozone.metadata.dirs instead.
2023-03-29 22:46:17,481 [IPC Server handler 16 on default port 38145] INFO  codec.OmKeyInfoCodec (OmKeyInfoCodec.java:<init>(49)) - OmKeyInfoCodec ignorePipeline = true
2023-03-29 22:46:17,481 [IPC Server handler 16 on default port 38145] INFO  codec.RepeatedOmKeyInfoCodec (RepeatedOmKeyInfoCodec.java:<init>(41)) - RepeatedOmKeyInfoCodec ignorePipeline = true
22:46:17.533 [IPC Server handler 13 on default port 38145] ERROR OMAudit - user=runner | ip=127.0.0.1 | op=GET_FILE_STATUS {volume=vol-a-25408, bucket=buc-a-41578, key=key-a-, dataSize=0, replicationConfig=null} | ret=FAILURE
org.apache.hadoop.ozone.om.exceptions.OMException: Unable to get file status: volume: vol-a-25408 bucket: buc-a-41578 key: key-a-
	at org.apache.hadoop.ozone.om.KeyManagerImpl.getOzoneFileStatusFSO(KeyManagerImpl.java:1320) ~[ozone-manager-1.4.0-SNAPSHOT.jar:?]
	at org.apache.hadoop.ozone.om.KeyManagerImpl.getFileStatus(KeyManagerImpl.java:1112) ~[ozone-manager-1.4.0-SNAPSHOT.jar:?]
	at org.apache.hadoop.ozone.om.OmMetadataReader.getFileStatus(OmMetadataReader.java:288) ~[ozone-manager-1.4.0-SNAPSHOT.jar:?]
	at org.apache.hadoop.ozone.om.OmSnapshot.getFileStatus(OmSnapshot.java:118) ~[ozone-manager-1.4.0-SNAPSHOT.jar:?]
	at org.apache.hadoop.ozone.om.OzoneManager.getFileStatus(OzoneManager.java:3488) ~[ozone-manager-1.4.0-SNAPSHOT.jar:?]
	at org.apache.hadoop.ozone.protocolPB.OzoneManagerRequestHandler.getOzoneFileStatus(OzoneManagerRequestHandler.java:934) ~[ozone-manager-1.4.0-SNAPSHOT.jar:?]
	at org.apache.hadoop.ozone.protocolPB.OzoneManagerRequestHandler.handleReadRequest(OzoneManagerRequestHandler.java:238) ~[ozone-manager-1.4.0-SNAPSHOT.jar:?]
	at org.apache.hadoop.ozone.protocolPB.OzoneManagerProtocolServerSideTranslatorPB.submitReadRequestToOM(OzoneManagerProtocolServerSideTranslatorPB.java:223) ~[ozone-manager-1.4.0-SNAPSHOT.jar:?]
	at org.apache.hadoop.ozone.protocolPB.OzoneManagerProtocolServerSideTranslatorPB.processRequest(OzoneManagerProtocolServerSideTranslatorPB.java:177) ~[ozone-manager-1.4.0-SNAPSHOT.jar:?]
	at org.apache.hadoop.hdds.server.OzoneProtocolMessageDispatcher.processRequest(OzoneProtocolMessageDispatcher.java:87) [hdds-server-framework-1.4.0-SNAPSHOT.jar:?]
	at org.apache.hadoop.ozone.protocolPB.OzoneManagerProtocolServerSideTranslatorPB.submitRequest(OzoneManagerProtocolServerSideTranslatorPB.java:147) [ozone-manager-1.4.0-SNAPSHOT.jar:?]
	at org.apache.hadoop.ozone.protocol.proto.OzoneManagerProtocolProtos$OzoneManagerService$2.callBlockingMethod(OzoneManagerProtocolProtos.java) [ozone-interface-client-1.4.0-SNAPSHOT.jar:?]
	at org.apache.hadoop.ipc.ProtobufRpcEngine$Server.processCall(ProtobufRpcEngine.java:465) [hadoop-common-3.3.4.jar:?]
	at org.apache.hadoop.ipc.ProtobufRpcEngine2$Server$ProtoBufRpcInvoker.call(ProtobufRpcEngine2.java:578) [hadoop-common-3.3.4.jar:?]
	at org.apache.hadoop.ipc.ProtobufRpcEngine2$Server$ProtoBufRpcInvoker.call(ProtobufRpcEngine2.java:556) [hadoop-common-3.3.4.jar:?]
	at org.apache.hadoop.ipc.RPC$Server.call(RPC.java:1093) [hadoop-common-3.3.4.jar:?]
	at org.apache.hadoop.ipc.Server$RpcCall.run(Server.java:1043) [hadoop-common-3.3.4.jar:?]
	at org.apache.hadoop.ipc.Server$RpcCall.run(Server.java:971) [hadoop-common-3.3.4.jar:?]
	at java.security.AccessController.doPrivileged(Native Method) ~[?:1.8.0_362]
	at javax.security.auth.Subject.doAs(Subject.java:422) [?:1.8.0_362]
	at org.apache.hadoop.security.UserGroupInformation.doAs(UserGroupInformation.java:1878) [hadoop-common-3.3.4.jar:?]
	at org.apache.hadoop.ipc.Server$Handler.run(Server.java:2976) [hadoop-common-3.3.4.jar:?]
22:46:17.539 [IPC Server handler 19 on default port 38145] ERROR OMAudit - user=runner | ip=127.0.0.1 | op=GET_FILE_STATUS {volume=vol-a-25408, bucket=buc-a-41578, key=key-b-, dataSize=0, replicationConfig=null} | ret=FAILURE
org.apache.hadoop.ozone.om.exceptions.OMException: Unable to get file status: volume: vol-a-25408 bucket: buc-a-41578 key: key-b-
	at org.apache.hadoop.ozone.om.KeyManagerImpl.getOzoneFileStatusFSO(KeyManagerImpl.java:1320) ~[ozone-manager-1.4.0-SNAPSHOT.jar:?]
	at org.apache.hadoop.ozone.om.KeyManagerImpl.getFileStatus(KeyManagerImpl.java:1112) ~[ozone-manager-1.4.0-SNAPSHOT.jar:?]
	at org.apache.hadoop.ozone.om.OmMetadataReader.getFileStatus(OmMetadataReader.java:288) ~[ozone-manager-1.4.0-SNAPSHOT.jar:?]
	at org.apache.hadoop.ozone.om.OmSnapshot.getFileStatus(OmSnapshot.java:118) ~[ozone-manager-1.4.0-SNAPSHOT.jar:?]
	at org.apache.hadoop.ozone.om.OzoneManager.getFileStatus(OzoneManager.java:3488) ~[ozone-manager-1.4.0-SNAPSHOT.jar:?]
	at org.apache.hadoop.ozone.protocolPB.OzoneManagerRequestHandler.getOzoneFileStatus(OzoneManagerRequestHandler.java:934) ~[ozone-manager-1.4.0-SNAPSHOT.jar:?]
	at org.apache.hadoop.ozone.protocolPB.OzoneManagerRequestHandler.handleReadRequest(OzoneManagerRequestHandler.java:238) ~[ozone-manager-1.4.0-SNAPSHOT.jar:?]
	at org.apache.hadoop.ozone.protocolPB.OzoneManagerProtocolServerSideTranslatorPB.submitReadRequestToOM(OzoneManagerProtocolServerSideTranslatorPB.java:223) ~[ozone-manager-1.4.0-SNAPSHOT.jar:?]
	at org.apache.hadoop.ozone.protocolPB.OzoneManagerProtocolServerSideTranslatorPB.processRequest(OzoneManagerProtocolServerSideTranslatorPB.java:177) ~[ozone-manager-1.4.0-SNAPSHOT.jar:?]
	at org.apache.hadoop.hdds.server.OzoneProtocolMessageDispatcher.processRequest(OzoneProtocolMessageDispatcher.java:87) [hdds-server-framework-1.4.0-SNAPSHOT.jar:?]
	at org.apache.hadoop.ozone.protocolPB.OzoneManagerProtocolServerSideTranslatorPB.submitRequest(OzoneManagerProtocolServerSideTranslatorPB.java:147) [ozone-manager-1.4.0-SNAPSHOT.jar:?]
	at org.apache.hadoop.ozone.protocol.proto.OzoneManagerProtocolProtos$OzoneManagerService$2.callBlockingMethod(OzoneManagerProtocolProtos.java) [ozone-interface-client-1.4.0-SNAPSHOT.jar:?]
	at org.apache.hadoop.ipc.ProtobufRpcEngine$Server.processCall(ProtobufRpcEngine.java:465) [hadoop-common-3.3.4.jar:?]
	at org.apache.hadoop.ipc.ProtobufRpcEngine2$Server$ProtoBufRpcInvoker.call(ProtobufRpcEngine2.java:578) [hadoop-common-3.3.4.jar:?]
	at org.apache.hadoop.ipc.ProtobufRpcEngine2$Server$ProtoBufRpcInvoker.call(ProtobufRpcEngine2.java:556) [hadoop-common-3.3.4.jar:?]
	at org.apache.hadoop.ipc.RPC$Server.call(RPC.java:1093) [hadoop-common-3.3.4.jar:?]
	at org.apache.hadoop.ipc.Server$RpcCall.run(Server.java:1043) [hadoop-common-3.3.4.jar:?]
	at org.apache.hadoop.ipc.Server$RpcCall.run(Server.java:971) [hadoop-common-3.3.4.jar:?]
	at java.security.AccessController.doPrivileged(Native Method) ~[?:1.8.0_362]
	at javax.security.auth.Subject.doAs(Subject.java:422) [?:1.8.0_362]
	at org.apache.hadoop.security.UserGroupInformation.doAs(UserGroupInformation.java:1878) [hadoop-common-3.3.4.jar:?]
	at org.apache.hadoop.ipc.Server$Handler.run(Server.java:2976) [hadoop-common-3.3.4.jar:?]
]]></system-out>
  </testcase>
  <testcase name="testListKey" classname="TestOmSnapshot" time="9.847">
    <system-out><![CDATA[2023-03-29 22:47:14,076 [Time-limited test] INFO  rpc.RpcClient (RpcClient.java:createVolume(476)) - Creating Volume: vol-a-31859, with runner as owner and space quota set to -1 bytes, counts quota set to -1
2023-03-29 22:47:14,079 [OM StateMachine ApplyTransaction Thread - 0] INFO  volume.OMVolumeCreateRequest (OMVolumeCreateRequest.java:validateAndUpdateCache(195)) - created volume:vol-a-31859 for user:runner
2023-03-29 22:47:14,080 [Time-limited test] INFO  rpc.RpcClient (RpcClient.java:createVolume(476)) - Creating Volume: vol-b-07722, with runner as owner and space quota set to -1 bytes, counts quota set to -1
2023-03-29 22:47:14,081 [OM StateMachine ApplyTransaction Thread - 0] INFO  volume.OMVolumeCreateRequest (OMVolumeCreateRequest.java:validateAndUpdateCache(195)) - created volume:vol-a-31859 for user:runner
2023-03-29 22:47:14,083 [OM StateMachine ApplyTransaction Thread - 0] INFO  volume.OMVolumeCreateRequest (OMVolumeCreateRequest.java:validateAndUpdateCache(195)) - created volume:vol-a-31859 for user:runner
2023-03-29 22:47:14,083 [OM StateMachine ApplyTransaction Thread - 0] INFO  volume.OMVolumeCreateRequest (OMVolumeCreateRequest.java:validateAndUpdateCache(195)) - created volume:vol-b-07722 for user:runner
2023-03-29 22:47:14,085 [OM StateMachine ApplyTransaction Thread - 0] INFO  volume.OMVolumeCreateRequest (OMVolumeCreateRequest.java:validateAndUpdateCache(195)) - created volume:vol-b-07722 for user:runner
2023-03-29 22:47:14,086 [OM StateMachine ApplyTransaction Thread - 0] INFO  volume.OMVolumeCreateRequest (OMVolumeCreateRequest.java:validateAndUpdateCache(195)) - created volume:vol-b-07722 for user:runner
2023-03-29 22:47:14,088 [Time-limited test] INFO  rpc.RpcClient (RpcClient.java:createBucket(698)) - Creating Bucket: vol-a-31859/buc-a-22624, with server-side default bucket layout, runner as owner, Versioning false, Storage Type set to DISK and Encryption set to false, Replication Type set to server-side default replication type, Namespace Quota set to -1, Space Quota set to -1 
2023-03-29 22:47:14,091 [OM StateMachine ApplyTransaction Thread - 0] INFO  bucket.OMBucketCreateRequest (OMBucketCreateRequest.java:validateAndUpdateCache(262)) - created bucket: buc-a-22624 of layout LEGACY in volume: vol-a-31859
2023-03-29 22:47:14,092 [OM StateMachine ApplyTransaction Thread - 0] INFO  bucket.OMBucketCreateRequest (OMBucketCreateRequest.java:validateAndUpdateCache(262)) - created bucket: buc-a-22624 of layout LEGACY in volume: vol-a-31859
2023-03-29 22:47:14,092 [OM StateMachine ApplyTransaction Thread - 0] INFO  bucket.OMBucketCreateRequest (OMBucketCreateRequest.java:validateAndUpdateCache(262)) - created bucket: buc-a-22624 of layout LEGACY in volume: vol-a-31859
2023-03-29 22:47:14,092 [Time-limited test] INFO  rpc.RpcClient (RpcClient.java:createBucket(698)) - Creating Bucket: vol-a-31859/buc-b-50534, with server-side default bucket layout, runner as owner, Versioning false, Storage Type set to DISK and Encryption set to false, Replication Type set to server-side default replication type, Namespace Quota set to -1, Space Quota set to -1 
2023-03-29 22:47:14,094 [OM StateMachine ApplyTransaction Thread - 0] INFO  bucket.OMBucketCreateRequest (OMBucketCreateRequest.java:validateAndUpdateCache(262)) - created bucket: buc-b-50534 of layout LEGACY in volume: vol-a-31859
2023-03-29 22:47:14,095 [Time-limited test] INFO  rpc.RpcClient (RpcClient.java:createBucket(698)) - Creating Bucket: vol-b-07722/buc-a-22624, with server-side default bucket layout, runner as owner, Versioning false, Storage Type set to DISK and Encryption set to false, Replication Type set to server-side default replication type, Namespace Quota set to -1, Space Quota set to -1 
2023-03-29 22:47:14,096 [OM StateMachine ApplyTransaction Thread - 0] INFO  bucket.OMBucketCreateRequest (OMBucketCreateRequest.java:validateAndUpdateCache(262)) - created bucket: buc-b-50534 of layout LEGACY in volume: vol-a-31859
2023-03-29 22:47:14,097 [OM StateMachine ApplyTransaction Thread - 0] INFO  bucket.OMBucketCreateRequest (OMBucketCreateRequest.java:validateAndUpdateCache(262)) - created bucket: buc-b-50534 of layout LEGACY in volume: vol-a-31859
2023-03-29 22:47:14,098 [OM StateMachine ApplyTransaction Thread - 0] INFO  bucket.OMBucketCreateRequest (OMBucketCreateRequest.java:validateAndUpdateCache(262)) - created bucket: buc-a-22624 of layout LEGACY in volume: vol-b-07722
2023-03-29 22:47:14,098 [Time-limited test] INFO  rpc.RpcClient (RpcClient.java:createBucket(698)) - Creating Bucket: vol-b-07722/buc-b-50534, with server-side default bucket layout, runner as owner, Versioning false, Storage Type set to DISK and Encryption set to false, Replication Type set to server-side default replication type, Namespace Quota set to -1, Space Quota set to -1 
2023-03-29 22:47:14,099 [OM StateMachine ApplyTransaction Thread - 0] INFO  bucket.OMBucketCreateRequest (OMBucketCreateRequest.java:validateAndUpdateCache(262)) - created bucket: buc-a-22624 of layout LEGACY in volume: vol-b-07722
2023-03-29 22:47:14,099 [OM StateMachine ApplyTransaction Thread - 0] INFO  bucket.OMBucketCreateRequest (OMBucketCreateRequest.java:validateAndUpdateCache(262)) - created bucket: buc-a-22624 of layout LEGACY in volume: vol-b-07722
2023-03-29 22:47:14,102 [OM StateMachine ApplyTransaction Thread - 0] INFO  bucket.OMBucketCreateRequest (OMBucketCreateRequest.java:validateAndUpdateCache(262)) - created bucket: buc-b-50534 of layout LEGACY in volume: vol-b-07722
2023-03-29 22:47:14,103 [OM StateMachine ApplyTransaction Thread - 0] INFO  bucket.OMBucketCreateRequest (OMBucketCreateRequest.java:validateAndUpdateCache(262)) - created bucket: buc-b-50534 of layout LEGACY in volume: vol-b-07722
2023-03-29 22:47:14,103 [OM StateMachine ApplyTransaction Thread - 0] INFO  bucket.OMBucketCreateRequest (OMBucketCreateRequest.java:validateAndUpdateCache(262)) - created bucket: buc-b-50534 of layout LEGACY in volume: vol-b-07722
2023-03-29 22:47:18,403 [OM StateMachine ApplyTransaction Thread - 0] INFO  snapshot.OMSnapshotCreateRequest (OMSnapshotCreateRequest.java:validateAndUpdateCache(204)) - Created snapshot 'd00bcd4d-0c67-4193-bec1-70d875e18383' under path 'vol-a-31859/buc-a-22624'
2023-03-29 22:47:18,404 [OM StateMachine ApplyTransaction Thread - 0] INFO  snapshot.OMSnapshotCreateRequest (OMSnapshotCreateRequest.java:validateAndUpdateCache(204)) - Created snapshot 'd00bcd4d-0c67-4193-bec1-70d875e18383' under path 'vol-a-31859/buc-a-22624'
2023-03-29 22:47:18,405 [OM StateMachine ApplyTransaction Thread - 0] INFO  snapshot.OMSnapshotCreateRequest (OMSnapshotCreateRequest.java:validateAndUpdateCache(204)) - Created snapshot 'd00bcd4d-0c67-4193-bec1-70d875e18383' under path 'vol-a-31859/buc-a-22624'
2023-03-29 22:47:18,441 [OMDoubleBufferFlushThread] INFO  db.RDBCheckpointManager (RDBCheckpointManager.java:createCheckpoint(96)) - Created checkpoint in rocksDB at /home/runner/work/ozone/ozone/hadoop-ozone/integration-test/target/test-dir/MiniOzoneClusterImpl-bfbd9018-35f1-41c4-9115-0ebbd4040a15/omNode-1/db.snapshots/om.db-8750491e-851d-45e0-822c-b37cb79f885c in 35 milliseconds
2023-03-29 22:47:18,441 [OMDoubleBufferFlushThread] INFO  db.RDBCheckpointManager (RDBCheckpointManager.java:waitForCheckpointDirectoryExist(125)) - Waited for 0 milliseconds for checkpoint directory /home/runner/work/ozone/ozone/hadoop-ozone/integration-test/target/test-dir/MiniOzoneClusterImpl-bfbd9018-35f1-41c4-9115-0ebbd4040a15/omNode-1/db.snapshots/om.db-8750491e-851d-45e0-822c-b37cb79f885c availability.
2023-03-29 22:47:18,442 [OMDoubleBufferFlushThread] INFO  om.OmSnapshotManager (OmSnapshotManager.java:createOmSnapshotCheckpoint(317)) - Created checkpoint : /home/runner/work/ozone/ozone/hadoop-ozone/integration-test/target/test-dir/MiniOzoneClusterImpl-bfbd9018-35f1-41c4-9115-0ebbd4040a15/omNode-1/db.snapshots/om.db-8750491e-851d-45e0-822c-b37cb79f885c for snapshot d00bcd4d-0c67-4193-bec1-70d875e18383
2023-03-29 22:47:18,446 [OMDoubleBufferFlushThread] INFO  db.RDBCheckpointManager (RDBCheckpointManager.java:createCheckpoint(96)) - Created checkpoint in rocksDB at /home/runner/work/ozone/ozone/hadoop-ozone/integration-test/target/test-dir/MiniOzoneClusterImpl-bfbd9018-35f1-41c4-9115-0ebbd4040a15/omNode-3/db.snapshots/om.db-8750491e-851d-45e0-822c-b37cb79f885c in 39 milliseconds
2023-03-29 22:47:18,447 [OMDoubleBufferFlushThread] INFO  db.RDBCheckpointManager (RDBCheckpointManager.java:waitForCheckpointDirectoryExist(125)) - Waited for 1 milliseconds for checkpoint directory /home/runner/work/ozone/ozone/hadoop-ozone/integration-test/target/test-dir/MiniOzoneClusterImpl-bfbd9018-35f1-41c4-9115-0ebbd4040a15/omNode-3/db.snapshots/om.db-8750491e-851d-45e0-822c-b37cb79f885c availability.
2023-03-29 22:47:18,447 [OMDoubleBufferFlushThread] INFO  om.OmSnapshotManager (OmSnapshotManager.java:createOmSnapshotCheckpoint(317)) - Created checkpoint : /home/runner/work/ozone/ozone/hadoop-ozone/integration-test/target/test-dir/MiniOzoneClusterImpl-bfbd9018-35f1-41c4-9115-0ebbd4040a15/omNode-3/db.snapshots/om.db-8750491e-851d-45e0-822c-b37cb79f885c for snapshot d00bcd4d-0c67-4193-bec1-70d875e18383
2023-03-29 22:47:18,450 [OMDoubleBufferFlushThread] INFO  db.RDBCheckpointManager (RDBCheckpointManager.java:createCheckpoint(96)) - Created checkpoint in rocksDB at /home/runner/work/ozone/ozone/hadoop-ozone/integration-test/target/test-dir/MiniOzoneClusterImpl-bfbd9018-35f1-41c4-9115-0ebbd4040a15/omNode-2/db.snapshots/om.db-8750491e-851d-45e0-822c-b37cb79f885c in 42 milliseconds
2023-03-29 22:47:18,450 [OMDoubleBufferFlushThread] INFO  db.RDBCheckpointManager (RDBCheckpointManager.java:waitForCheckpointDirectoryExist(125)) - Waited for 0 milliseconds for checkpoint directory /home/runner/work/ozone/ozone/hadoop-ozone/integration-test/target/test-dir/MiniOzoneClusterImpl-bfbd9018-35f1-41c4-9115-0ebbd4040a15/omNode-2/db.snapshots/om.db-8750491e-851d-45e0-822c-b37cb79f885c availability.
2023-03-29 22:47:18,450 [OMDoubleBufferFlushThread] INFO  om.OmSnapshotManager (OmSnapshotManager.java:createOmSnapshotCheckpoint(317)) - Created checkpoint : /home/runner/work/ozone/ozone/hadoop-ozone/integration-test/target/test-dir/MiniOzoneClusterImpl-bfbd9018-35f1-41c4-9115-0ebbd4040a15/omNode-2/db.snapshots/om.db-8750491e-851d-45e0-822c-b37cb79f885c for snapshot d00bcd4d-0c67-4193-bec1-70d875e18383
2023-03-29 22:47:19,405 [IPC Server handler 14 on default port 42479] WARN  server.ServerUtils (ServerUtils.java:getDBPath(225)) - ozone.om.db.dirs is not configured. We recommend adding this setting. Falling back to ozone.metadata.dirs instead.
2023-03-29 22:47:19,405 [IPC Server handler 14 on default port 42479] INFO  codec.OmKeyInfoCodec (OmKeyInfoCodec.java:<init>(49)) - OmKeyInfoCodec ignorePipeline = true
2023-03-29 22:47:19,406 [IPC Server handler 14 on default port 42479] INFO  codec.RepeatedOmKeyInfoCodec (RepeatedOmKeyInfoCodec.java:<init>(41)) - RepeatedOmKeyInfoCodec ignorePipeline = true
2023-03-29 22:47:19,437 [OM StateMachine ApplyTransaction Thread - 0] INFO  snapshot.OMSnapshotCreateRequest (OMSnapshotCreateRequest.java:validateAndUpdateCache(204)) - Created snapshot '3273e093-dcb6-48e1-9206-ab9c6554dcfe' under path 'vol-a-31859/buc-b-50534'
2023-03-29 22:47:19,439 [OM StateMachine ApplyTransaction Thread - 0] INFO  snapshot.OMSnapshotCreateRequest (OMSnapshotCreateRequest.java:validateAndUpdateCache(204)) - Created snapshot '3273e093-dcb6-48e1-9206-ab9c6554dcfe' under path 'vol-a-31859/buc-b-50534'
2023-03-29 22:47:19,439 [OM StateMachine ApplyTransaction Thread - 0] INFO  snapshot.OMSnapshotCreateRequest (OMSnapshotCreateRequest.java:validateAndUpdateCache(204)) - Created snapshot '3273e093-dcb6-48e1-9206-ab9c6554dcfe' under path 'vol-a-31859/buc-b-50534'
2023-03-29 22:47:19,457 [OMDoubleBufferFlushThread] INFO  db.RDBCheckpointManager (RDBCheckpointManager.java:createCheckpoint(96)) - Created checkpoint in rocksDB at /home/runner/work/ozone/ozone/hadoop-ozone/integration-test/target/test-dir/MiniOzoneClusterImpl-bfbd9018-35f1-41c4-9115-0ebbd4040a15/omNode-3/db.snapshots/om.db-881b6fa3-e96c-4968-8521-32f857edc64c in 17 milliseconds
2023-03-29 22:47:19,459 [OMDoubleBufferFlushThread] INFO  db.RDBCheckpointManager (RDBCheckpointManager.java:waitForCheckpointDirectoryExist(125)) - Waited for 2 milliseconds for checkpoint directory /home/runner/work/ozone/ozone/hadoop-ozone/integration-test/target/test-dir/MiniOzoneClusterImpl-bfbd9018-35f1-41c4-9115-0ebbd4040a15/omNode-3/db.snapshots/om.db-881b6fa3-e96c-4968-8521-32f857edc64c availability.
2023-03-29 22:47:19,459 [OMDoubleBufferFlushThread] INFO  om.OmSnapshotManager (OmSnapshotManager.java:createOmSnapshotCheckpoint(317)) - Created checkpoint : /home/runner/work/ozone/ozone/hadoop-ozone/integration-test/target/test-dir/MiniOzoneClusterImpl-bfbd9018-35f1-41c4-9115-0ebbd4040a15/omNode-3/db.snapshots/om.db-881b6fa3-e96c-4968-8521-32f857edc64c for snapshot 3273e093-dcb6-48e1-9206-ab9c6554dcfe
2023-03-29 22:47:19,460 [OMDoubleBufferFlushThread] INFO  db.RDBCheckpointManager (RDBCheckpointManager.java:createCheckpoint(96)) - Created checkpoint in rocksDB at /home/runner/work/ozone/ozone/hadoop-ozone/integration-test/target/test-dir/MiniOzoneClusterImpl-bfbd9018-35f1-41c4-9115-0ebbd4040a15/omNode-1/db.snapshots/om.db-881b6fa3-e96c-4968-8521-32f857edc64c in 21 milliseconds
2023-03-29 22:47:19,461 [OMDoubleBufferFlushThread] INFO  db.RDBCheckpointManager (RDBCheckpointManager.java:waitForCheckpointDirectoryExist(125)) - Waited for 1 milliseconds for checkpoint directory /home/runner/work/ozone/ozone/hadoop-ozone/integration-test/target/test-dir/MiniOzoneClusterImpl-bfbd9018-35f1-41c4-9115-0ebbd4040a15/omNode-1/db.snapshots/om.db-881b6fa3-e96c-4968-8521-32f857edc64c availability.
2023-03-29 22:47:19,461 [OMDoubleBufferFlushThread] INFO  db.RDBCheckpointManager (RDBCheckpointManager.java:createCheckpoint(96)) - Created checkpoint in rocksDB at /home/runner/work/ozone/ozone/hadoop-ozone/integration-test/target/test-dir/MiniOzoneClusterImpl-bfbd9018-35f1-41c4-9115-0ebbd4040a15/omNode-2/db.snapshots/om.db-881b6fa3-e96c-4968-8521-32f857edc64c in 18 milliseconds
2023-03-29 22:47:19,461 [OMDoubleBufferFlushThread] INFO  om.OmSnapshotManager (OmSnapshotManager.java:createOmSnapshotCheckpoint(317)) - Created checkpoint : /home/runner/work/ozone/ozone/hadoop-ozone/integration-test/target/test-dir/MiniOzoneClusterImpl-bfbd9018-35f1-41c4-9115-0ebbd4040a15/omNode-1/db.snapshots/om.db-881b6fa3-e96c-4968-8521-32f857edc64c for snapshot 3273e093-dcb6-48e1-9206-ab9c6554dcfe
2023-03-29 22:47:19,461 [OMDoubleBufferFlushThread] INFO  db.RDBCheckpointManager (RDBCheckpointManager.java:waitForCheckpointDirectoryExist(125)) - Waited for 0 milliseconds for checkpoint directory /home/runner/work/ozone/ozone/hadoop-ozone/integration-test/target/test-dir/MiniOzoneClusterImpl-bfbd9018-35f1-41c4-9115-0ebbd4040a15/omNode-2/db.snapshots/om.db-881b6fa3-e96c-4968-8521-32f857edc64c availability.
2023-03-29 22:47:19,462 [OMDoubleBufferFlushThread] INFO  om.OmSnapshotManager (OmSnapshotManager.java:createOmSnapshotCheckpoint(317)) - Created checkpoint : /home/runner/work/ozone/ozone/hadoop-ozone/integration-test/target/test-dir/MiniOzoneClusterImpl-bfbd9018-35f1-41c4-9115-0ebbd4040a15/omNode-2/db.snapshots/om.db-881b6fa3-e96c-4968-8521-32f857edc64c for snapshot 3273e093-dcb6-48e1-9206-ab9c6554dcfe
2023-03-29 22:47:20,523 [IPC Server handler 3 on default port 42479] WARN  server.ServerUtils (ServerUtils.java:getDBPath(225)) - ozone.om.db.dirs is not configured. We recommend adding this setting. Falling back to ozone.metadata.dirs instead.
2023-03-29 22:47:20,523 [IPC Server handler 3 on default port 42479] INFO  codec.OmKeyInfoCodec (OmKeyInfoCodec.java:<init>(49)) - OmKeyInfoCodec ignorePipeline = true
2023-03-29 22:47:20,523 [IPC Server handler 3 on default port 42479] INFO  codec.RepeatedOmKeyInfoCodec (RepeatedOmKeyInfoCodec.java:<init>(41)) - RepeatedOmKeyInfoCodec ignorePipeline = true
2023-03-29 22:47:20,584 [OM StateMachine ApplyTransaction Thread - 0] INFO  snapshot.OMSnapshotCreateRequest (OMSnapshotCreateRequest.java:validateAndUpdateCache(204)) - Created snapshot '0922a27a-cd47-495b-9de5-25345544175e' under path 'vol-b-07722/buc-a-22624'
2023-03-29 22:47:20,586 [OM StateMachine ApplyTransaction Thread - 0] INFO  snapshot.OMSnapshotCreateRequest (OMSnapshotCreateRequest.java:validateAndUpdateCache(204)) - Created snapshot '0922a27a-cd47-495b-9de5-25345544175e' under path 'vol-b-07722/buc-a-22624'
2023-03-29 22:47:20,586 [OM StateMachine ApplyTransaction Thread - 0] INFO  snapshot.OMSnapshotCreateRequest (OMSnapshotCreateRequest.java:validateAndUpdateCache(204)) - Created snapshot '0922a27a-cd47-495b-9de5-25345544175e' under path 'vol-b-07722/buc-a-22624'
2023-03-29 22:47:20,620 [OMDoubleBufferFlushThread] INFO  db.RDBCheckpointManager (RDBCheckpointManager.java:createCheckpoint(96)) - Created checkpoint in rocksDB at /home/runner/work/ozone/ozone/hadoop-ozone/integration-test/target/test-dir/MiniOzoneClusterImpl-bfbd9018-35f1-41c4-9115-0ebbd4040a15/omNode-1/db.snapshots/om.db-74fcfb7e-fee4-4dc0-8d5c-bd47cdc1a95f in 33 milliseconds
2023-03-29 22:47:20,621 [OMDoubleBufferFlushThread] INFO  db.RDBCheckpointManager (RDBCheckpointManager.java:waitForCheckpointDirectoryExist(125)) - Waited for 1 milliseconds for checkpoint directory /home/runner/work/ozone/ozone/hadoop-ozone/integration-test/target/test-dir/MiniOzoneClusterImpl-bfbd9018-35f1-41c4-9115-0ebbd4040a15/omNode-1/db.snapshots/om.db-74fcfb7e-fee4-4dc0-8d5c-bd47cdc1a95f availability.
2023-03-29 22:47:20,622 [OMDoubleBufferFlushThread] WARN  om.OmSnapshotManager (OmSnapshotManager.java:deleteKeysInSnapshotScopeFromDTableInternal(396)) - Took 295817 ns to clean up deletedTable
2023-03-29 22:47:20,622 [OMDoubleBufferFlushThread] INFO  om.OmSnapshotManager (OmSnapshotManager.java:createOmSnapshotCheckpoint(317)) - Created checkpoint : /home/runner/work/ozone/ozone/hadoop-ozone/integration-test/target/test-dir/MiniOzoneClusterImpl-bfbd9018-35f1-41c4-9115-0ebbd4040a15/omNode-1/db.snapshots/om.db-74fcfb7e-fee4-4dc0-8d5c-bd47cdc1a95f for snapshot 0922a27a-cd47-495b-9de5-25345544175e
2023-03-29 22:47:20,624 [OMDoubleBufferFlushThread] INFO  db.RDBCheckpointManager (RDBCheckpointManager.java:createCheckpoint(96)) - Created checkpoint in rocksDB at /home/runner/work/ozone/ozone/hadoop-ozone/integration-test/target/test-dir/MiniOzoneClusterImpl-bfbd9018-35f1-41c4-9115-0ebbd4040a15/omNode-3/db.snapshots/om.db-74fcfb7e-fee4-4dc0-8d5c-bd47cdc1a95f in 36 milliseconds
2023-03-29 22:47:20,625 [OMDoubleBufferFlushThread] INFO  db.RDBCheckpointManager (RDBCheckpointManager.java:waitForCheckpointDirectoryExist(125)) - Waited for 0 milliseconds for checkpoint directory /home/runner/work/ozone/ozone/hadoop-ozone/integration-test/target/test-dir/MiniOzoneClusterImpl-bfbd9018-35f1-41c4-9115-0ebbd4040a15/omNode-3/db.snapshots/om.db-74fcfb7e-fee4-4dc0-8d5c-bd47cdc1a95f availability.
2023-03-29 22:47:20,625 [OMDoubleBufferFlushThread] WARN  om.OmSnapshotManager (OmSnapshotManager.java:deleteKeysInSnapshotScopeFromDTableInternal(396)) - Took 124708 ns to clean up deletedTable
2023-03-29 22:47:20,625 [OMDoubleBufferFlushThread] INFO  om.OmSnapshotManager (OmSnapshotManager.java:createOmSnapshotCheckpoint(317)) - Created checkpoint : /home/runner/work/ozone/ozone/hadoop-ozone/integration-test/target/test-dir/MiniOzoneClusterImpl-bfbd9018-35f1-41c4-9115-0ebbd4040a15/omNode-3/db.snapshots/om.db-74fcfb7e-fee4-4dc0-8d5c-bd47cdc1a95f for snapshot 0922a27a-cd47-495b-9de5-25345544175e
2023-03-29 22:47:20,628 [OMDoubleBufferFlushThread] INFO  db.RDBCheckpointManager (RDBCheckpointManager.java:createCheckpoint(96)) - Created checkpoint in rocksDB at /home/runner/work/ozone/ozone/hadoop-ozone/integration-test/target/test-dir/MiniOzoneClusterImpl-bfbd9018-35f1-41c4-9115-0ebbd4040a15/omNode-2/db.snapshots/om.db-74fcfb7e-fee4-4dc0-8d5c-bd47cdc1a95f in 39 milliseconds
2023-03-29 22:47:20,628 [OMDoubleBufferFlushThread] INFO  db.RDBCheckpointManager (RDBCheckpointManager.java:waitForCheckpointDirectoryExist(125)) - Waited for 0 milliseconds for checkpoint directory /home/runner/work/ozone/ozone/hadoop-ozone/integration-test/target/test-dir/MiniOzoneClusterImpl-bfbd9018-35f1-41c4-9115-0ebbd4040a15/omNode-2/db.snapshots/om.db-74fcfb7e-fee4-4dc0-8d5c-bd47cdc1a95f availability.
2023-03-29 22:47:20,628 [OMDoubleBufferFlushThread] WARN  om.OmSnapshotManager (OmSnapshotManager.java:deleteKeysInSnapshotScopeFromDTableInternal(396)) - Took 109207 ns to clean up deletedTable
2023-03-29 22:47:20,628 [OMDoubleBufferFlushThread] INFO  om.OmSnapshotManager (OmSnapshotManager.java:createOmSnapshotCheckpoint(317)) - Created checkpoint : /home/runner/work/ozone/ozone/hadoop-ozone/integration-test/target/test-dir/MiniOzoneClusterImpl-bfbd9018-35f1-41c4-9115-0ebbd4040a15/omNode-2/db.snapshots/om.db-74fcfb7e-fee4-4dc0-8d5c-bd47cdc1a95f for snapshot 0922a27a-cd47-495b-9de5-25345544175e
2023-03-29 22:47:21,649 [IPC Server handler 4 on default port 42479] WARN  server.ServerUtils (ServerUtils.java:getDBPath(225)) - ozone.om.db.dirs is not configured. We recommend adding this setting. Falling back to ozone.metadata.dirs instead.
2023-03-29 22:47:21,649 [IPC Server handler 4 on default port 42479] INFO  codec.OmKeyInfoCodec (OmKeyInfoCodec.java:<init>(49)) - OmKeyInfoCodec ignorePipeline = true
2023-03-29 22:47:21,649 [IPC Server handler 4 on default port 42479] INFO  codec.RepeatedOmKeyInfoCodec (RepeatedOmKeyInfoCodec.java:<init>(41)) - RepeatedOmKeyInfoCodec ignorePipeline = true
2023-03-29 22:47:21,688 [OM StateMachine ApplyTransaction Thread - 0] INFO  snapshot.OMSnapshotCreateRequest (OMSnapshotCreateRequest.java:validateAndUpdateCache(204)) - Created snapshot 'ec2d63d6-4a8c-42e0-bd04-1ceb938dfa13' under path 'vol-b-07722/buc-b-50534'
2023-03-29 22:47:21,690 [OM StateMachine ApplyTransaction Thread - 0] INFO  snapshot.OMSnapshotCreateRequest (OMSnapshotCreateRequest.java:validateAndUpdateCache(204)) - Created snapshot 'ec2d63d6-4a8c-42e0-bd04-1ceb938dfa13' under path 'vol-b-07722/buc-b-50534'
2023-03-29 22:47:21,691 [OM StateMachine ApplyTransaction Thread - 0] INFO  snapshot.OMSnapshotCreateRequest (OMSnapshotCreateRequest.java:validateAndUpdateCache(204)) - Created snapshot 'ec2d63d6-4a8c-42e0-bd04-1ceb938dfa13' under path 'vol-b-07722/buc-b-50534'
2023-03-29 22:47:21,716 [OMDoubleBufferFlushThread] INFO  db.RDBCheckpointManager (RDBCheckpointManager.java:createCheckpoint(96)) - Created checkpoint in rocksDB at /home/runner/work/ozone/ozone/hadoop-ozone/integration-test/target/test-dir/MiniOzoneClusterImpl-bfbd9018-35f1-41c4-9115-0ebbd4040a15/omNode-1/db.snapshots/om.db-5063c199-7588-4293-abf7-c00e9cf18fa9 in 26 milliseconds
2023-03-29 22:47:21,717 [OMDoubleBufferFlushThread] INFO  db.RDBCheckpointManager (RDBCheckpointManager.java:waitForCheckpointDirectoryExist(125)) - Waited for 1 milliseconds for checkpoint directory /home/runner/work/ozone/ozone/hadoop-ozone/integration-test/target/test-dir/MiniOzoneClusterImpl-bfbd9018-35f1-41c4-9115-0ebbd4040a15/omNode-1/db.snapshots/om.db-5063c199-7588-4293-abf7-c00e9cf18fa9 availability.
2023-03-29 22:47:21,718 [OMDoubleBufferFlushThread] WARN  om.OmSnapshotManager (OmSnapshotManager.java:deleteKeysInSnapshotScopeFromDTableInternal(396)) - Took 159510 ns to clean up deletedTable
2023-03-29 22:47:21,718 [OMDoubleBufferFlushThread] INFO  om.OmSnapshotManager (OmSnapshotManager.java:createOmSnapshotCheckpoint(317)) - Created checkpoint : /home/runner/work/ozone/ozone/hadoop-ozone/integration-test/target/test-dir/MiniOzoneClusterImpl-bfbd9018-35f1-41c4-9115-0ebbd4040a15/omNode-1/db.snapshots/om.db-5063c199-7588-4293-abf7-c00e9cf18fa9 for snapshot ec2d63d6-4a8c-42e0-bd04-1ceb938dfa13
2023-03-29 22:47:21,720 [OMDoubleBufferFlushThread] INFO  db.RDBCheckpointManager (RDBCheckpointManager.java:createCheckpoint(96)) - Created checkpoint in rocksDB at /home/runner/work/ozone/ozone/hadoop-ozone/integration-test/target/test-dir/MiniOzoneClusterImpl-bfbd9018-35f1-41c4-9115-0ebbd4040a15/omNode-2/db.snapshots/om.db-5063c199-7588-4293-abf7-c00e9cf18fa9 in 27 milliseconds
2023-03-29 22:47:21,720 [OMDoubleBufferFlushThread] INFO  db.RDBCheckpointManager (RDBCheckpointManager.java:waitForCheckpointDirectoryExist(125)) - Waited for 0 milliseconds for checkpoint directory /home/runner/work/ozone/ozone/hadoop-ozone/integration-test/target/test-dir/MiniOzoneClusterImpl-bfbd9018-35f1-41c4-9115-0ebbd4040a15/omNode-2/db.snapshots/om.db-5063c199-7588-4293-abf7-c00e9cf18fa9 availability.
2023-03-29 22:47:21,720 [OMDoubleBufferFlushThread] WARN  om.OmSnapshotManager (OmSnapshotManager.java:deleteKeysInSnapshotScopeFromDTableInternal(396)) - Took 143008 ns to clean up deletedTable
2023-03-29 22:47:21,721 [OMDoubleBufferFlushThread] INFO  om.OmSnapshotManager (OmSnapshotManager.java:createOmSnapshotCheckpoint(317)) - Created checkpoint : /home/runner/work/ozone/ozone/hadoop-ozone/integration-test/target/test-dir/MiniOzoneClusterImpl-bfbd9018-35f1-41c4-9115-0ebbd4040a15/omNode-2/db.snapshots/om.db-5063c199-7588-4293-abf7-c00e9cf18fa9 for snapshot ec2d63d6-4a8c-42e0-bd04-1ceb938dfa13
2023-03-29 22:47:21,724 [OMDoubleBufferFlushThread] INFO  db.RDBCheckpointManager (RDBCheckpointManager.java:createCheckpoint(96)) - Created checkpoint in rocksDB at /home/runner/work/ozone/ozone/hadoop-ozone/integration-test/target/test-dir/MiniOzoneClusterImpl-bfbd9018-35f1-41c4-9115-0ebbd4040a15/omNode-3/db.snapshots/om.db-5063c199-7588-4293-abf7-c00e9cf18fa9 in 32 milliseconds
2023-03-29 22:47:21,724 [OMDoubleBufferFlushThread] INFO  db.RDBCheckpointManager (RDBCheckpointManager.java:waitForCheckpointDirectoryExist(125)) - Waited for 0 milliseconds for checkpoint directory /home/runner/work/ozone/ozone/hadoop-ozone/integration-test/target/test-dir/MiniOzoneClusterImpl-bfbd9018-35f1-41c4-9115-0ebbd4040a15/omNode-3/db.snapshots/om.db-5063c199-7588-4293-abf7-c00e9cf18fa9 availability.
2023-03-29 22:47:21,725 [OMDoubleBufferFlushThread] WARN  om.OmSnapshotManager (OmSnapshotManager.java:deleteKeysInSnapshotScopeFromDTableInternal(396)) - Took 130507 ns to clean up deletedTable
2023-03-29 22:47:21,725 [OMDoubleBufferFlushThread] INFO  om.OmSnapshotManager (OmSnapshotManager.java:createOmSnapshotCheckpoint(317)) - Created checkpoint : /home/runner/work/ozone/ozone/hadoop-ozone/integration-test/target/test-dir/MiniOzoneClusterImpl-bfbd9018-35f1-41c4-9115-0ebbd4040a15/omNode-3/db.snapshots/om.db-5063c199-7588-4293-abf7-c00e9cf18fa9 for snapshot ec2d63d6-4a8c-42e0-bd04-1ceb938dfa13
2023-03-29 22:47:22,764 [IPC Server handler 6 on default port 42479] WARN  server.ServerUtils (ServerUtils.java:getDBPath(225)) - ozone.om.db.dirs is not configured. We recommend adding this setting. Falling back to ozone.metadata.dirs instead.
2023-03-29 22:47:22,765 [IPC Server handler 6 on default port 42479] INFO  codec.OmKeyInfoCodec (OmKeyInfoCodec.java:<init>(49)) - OmKeyInfoCodec ignorePipeline = true
2023-03-29 22:47:22,765 [IPC Server handler 6 on default port 42479] INFO  codec.RepeatedOmKeyInfoCodec (RepeatedOmKeyInfoCodec.java:<init>(41)) - RepeatedOmKeyInfoCodec ignorePipeline = true
2023-03-29 22:47:22,797 [OM StateMachine ApplyTransaction Thread - 0] INFO  snapshot.OMSnapshotCreateRequest (OMSnapshotCreateRequest.java:validateAndUpdateCache(204)) - Created snapshot '3901972d-8cf3-49a8-a77b-3c814d8b6eb4' under path 'vol-a-31859/buc-a-22624'
2023-03-29 22:47:22,798 [OM StateMachine ApplyTransaction Thread - 0] INFO  snapshot.OMSnapshotCreateRequest (OMSnapshotCreateRequest.java:validateAndUpdateCache(204)) - Created snapshot '3901972d-8cf3-49a8-a77b-3c814d8b6eb4' under path 'vol-a-31859/buc-a-22624'
2023-03-29 22:47:22,799 [OM StateMachine ApplyTransaction Thread - 0] INFO  snapshot.OMSnapshotCreateRequest (OMSnapshotCreateRequest.java:validateAndUpdateCache(204)) - Created snapshot '3901972d-8cf3-49a8-a77b-3c814d8b6eb4' under path 'vol-a-31859/buc-a-22624'
2023-03-29 22:47:22,839 [OMDoubleBufferFlushThread] INFO  db.RDBCheckpointManager (RDBCheckpointManager.java:createCheckpoint(96)) - Created checkpoint in rocksDB at /home/runner/work/ozone/ozone/hadoop-ozone/integration-test/target/test-dir/MiniOzoneClusterImpl-bfbd9018-35f1-41c4-9115-0ebbd4040a15/omNode-1/db.snapshots/om.db-a82616f4-96e9-49fd-9e3f-79899e635594 in 38 milliseconds
2023-03-29 22:47:22,841 [OMDoubleBufferFlushThread] INFO  db.RDBCheckpointManager (RDBCheckpointManager.java:createCheckpoint(96)) - Created checkpoint in rocksDB at /home/runner/work/ozone/ozone/hadoop-ozone/integration-test/target/test-dir/MiniOzoneClusterImpl-bfbd9018-35f1-41c4-9115-0ebbd4040a15/omNode-3/db.snapshots/om.db-a82616f4-96e9-49fd-9e3f-79899e635594 in 39 milliseconds
2023-03-29 22:47:22,844 [OMDoubleBufferFlushThread] INFO  db.RDBCheckpointManager (RDBCheckpointManager.java:waitForCheckpointDirectoryExist(125)) - Waited for 3 milliseconds for checkpoint directory /home/runner/work/ozone/ozone/hadoop-ozone/integration-test/target/test-dir/MiniOzoneClusterImpl-bfbd9018-35f1-41c4-9115-0ebbd4040a15/omNode-3/db.snapshots/om.db-a82616f4-96e9-49fd-9e3f-79899e635594 availability.
2023-03-29 22:47:22,844 [OMDoubleBufferFlushThread] INFO  db.RDBCheckpointManager (RDBCheckpointManager.java:waitForCheckpointDirectoryExist(125)) - Waited for 4 milliseconds for checkpoint directory /home/runner/work/ozone/ozone/hadoop-ozone/integration-test/target/test-dir/MiniOzoneClusterImpl-bfbd9018-35f1-41c4-9115-0ebbd4040a15/omNode-1/db.snapshots/om.db-a82616f4-96e9-49fd-9e3f-79899e635594 availability.
2023-03-29 22:47:22,844 [OMDoubleBufferFlushThread] WARN  om.OmSnapshotManager (OmSnapshotManager.java:deleteKeysInSnapshotScopeFromDTableInternal(396)) - Took 519531 ns to clean up deletedTable
2023-03-29 22:47:22,844 [OMDoubleBufferFlushThread] WARN  om.OmSnapshotManager (OmSnapshotManager.java:deleteKeysInSnapshotScopeFromDTableInternal(396)) - Took 324819 ns to clean up deletedTable
2023-03-29 22:47:22,845 [OMDoubleBufferFlushThread] INFO  om.OmSnapshotManager (OmSnapshotManager.java:createOmSnapshotCheckpoint(317)) - Created checkpoint : /home/runner/work/ozone/ozone/hadoop-ozone/integration-test/target/test-dir/MiniOzoneClusterImpl-bfbd9018-35f1-41c4-9115-0ebbd4040a15/omNode-1/db.snapshots/om.db-a82616f4-96e9-49fd-9e3f-79899e635594 for snapshot 3901972d-8cf3-49a8-a77b-3c814d8b6eb4
2023-03-29 22:47:22,845 [OMDoubleBufferFlushThread] INFO  om.OmSnapshotManager (OmSnapshotManager.java:createOmSnapshotCheckpoint(317)) - Created checkpoint : /home/runner/work/ozone/ozone/hadoop-ozone/integration-test/target/test-dir/MiniOzoneClusterImpl-bfbd9018-35f1-41c4-9115-0ebbd4040a15/omNode-3/db.snapshots/om.db-a82616f4-96e9-49fd-9e3f-79899e635594 for snapshot 3901972d-8cf3-49a8-a77b-3c814d8b6eb4
2023-03-29 22:47:22,846 [OMDoubleBufferFlushThread] INFO  db.RDBCheckpointManager (RDBCheckpointManager.java:createCheckpoint(96)) - Created checkpoint in rocksDB at /home/runner/work/ozone/ozone/hadoop-ozone/integration-test/target/test-dir/MiniOzoneClusterImpl-bfbd9018-35f1-41c4-9115-0ebbd4040a15/omNode-2/db.snapshots/om.db-a82616f4-96e9-49fd-9e3f-79899e635594 in 43 milliseconds
2023-03-29 22:47:22,847 [OMDoubleBufferFlushThread] INFO  db.RDBCheckpointManager (RDBCheckpointManager.java:waitForCheckpointDirectoryExist(125)) - Waited for 0 milliseconds for checkpoint directory /home/runner/work/ozone/ozone/hadoop-ozone/integration-test/target/test-dir/MiniOzoneClusterImpl-bfbd9018-35f1-41c4-9115-0ebbd4040a15/omNode-2/db.snapshots/om.db-a82616f4-96e9-49fd-9e3f-79899e635594 availability.
2023-03-29 22:47:22,847 [OMDoubleBufferFlushThread] WARN  om.OmSnapshotManager (OmSnapshotManager.java:deleteKeysInSnapshotScopeFromDTableInternal(396)) - Took 248715 ns to clean up deletedTable
2023-03-29 22:47:22,847 [OMDoubleBufferFlushThread] INFO  om.OmSnapshotManager (OmSnapshotManager.java:createOmSnapshotCheckpoint(317)) - Created checkpoint : /home/runner/work/ozone/ozone/hadoop-ozone/integration-test/target/test-dir/MiniOzoneClusterImpl-bfbd9018-35f1-41c4-9115-0ebbd4040a15/omNode-2/db.snapshots/om.db-a82616f4-96e9-49fd-9e3f-79899e635594 for snapshot 3901972d-8cf3-49a8-a77b-3c814d8b6eb4
2023-03-29 22:47:23,881 [IPC Server handler 14 on default port 42479] WARN  server.ServerUtils (ServerUtils.java:getDBPath(225)) - ozone.om.db.dirs is not configured. We recommend adding this setting. Falling back to ozone.metadata.dirs instead.
2023-03-29 22:47:23,882 [IPC Server handler 14 on default port 42479] INFO  codec.OmKeyInfoCodec (OmKeyInfoCodec.java:<init>(49)) - OmKeyInfoCodec ignorePipeline = true
2023-03-29 22:47:23,882 [IPC Server handler 14 on default port 42479] INFO  codec.RepeatedOmKeyInfoCodec (RepeatedOmKeyInfoCodec.java:<init>(41)) - RepeatedOmKeyInfoCodec ignorePipeline = true
]]></system-out>
  </testcase>
  <testcase name="testBucketDeleteIfSnapshotExists" classname="TestOmSnapshot" time="1.158">
    <system-out><![CDATA[2023-03-29 22:45:13,986 [Time-limited test] INFO  rpc.RpcClient (RpcClient.java:createVolume(476)) - Creating Volume: vol-72018, with runner as owner and space quota set to -1 bytes, counts quota set to -1
2023-03-29 22:45:13,990 [OM StateMachine ApplyTransaction Thread - 0] INFO  volume.OMVolumeCreateRequest (OMVolumeCreateRequest.java:validateAndUpdateCache(195)) - created volume:vol-72018 for user:runner
2023-03-29 22:45:13,991 [OM StateMachine ApplyTransaction Thread - 0] INFO  volume.OMVolumeCreateRequest (OMVolumeCreateRequest.java:validateAndUpdateCache(195)) - created volume:vol-72018 for user:runner
2023-03-29 22:45:13,991 [OM StateMachine ApplyTransaction Thread - 0] INFO  volume.OMVolumeCreateRequest (OMVolumeCreateRequest.java:validateAndUpdateCache(195)) - created volume:vol-72018 for user:runner
2023-03-29 22:45:13,995 [Time-limited test] INFO  rpc.RpcClient (RpcClient.java:createBucket(698)) - Creating Bucket: vol-72018/buc-49804, with server-side default bucket layout, runner as owner, Versioning false, Storage Type set to DISK and Encryption set to false, Replication Type set to server-side default replication type, Namespace Quota set to -1, Space Quota set to -1 
2023-03-29 22:45:14,000 [OM StateMachine ApplyTransaction Thread - 0] INFO  bucket.OMBucketCreateRequest (OMBucketCreateRequest.java:validateAndUpdateCache(262)) - created bucket: buc-49804 of layout OBJECT_STORE in volume: vol-72018
2023-03-29 22:45:14,001 [OM StateMachine ApplyTransaction Thread - 0] INFO  bucket.OMBucketCreateRequest (OMBucketCreateRequest.java:validateAndUpdateCache(262)) - created bucket: buc-49804 of layout OBJECT_STORE in volume: vol-72018
2023-03-29 22:45:14,002 [Time-limited test] INFO  rpc.RpcClient (RpcClient.java:createBucket(698)) - Creating Bucket: vol-72018/buc-04741, with server-side default bucket layout, runner as owner, Versioning false, Storage Type set to DISK and Encryption set to false, Replication Type set to server-side default replication type, Namespace Quota set to -1, Space Quota set to -1 
2023-03-29 22:45:14,003 [OM StateMachine ApplyTransaction Thread - 0] INFO  bucket.OMBucketCreateRequest (OMBucketCreateRequest.java:validateAndUpdateCache(262)) - created bucket: buc-49804 of layout OBJECT_STORE in volume: vol-72018
2023-03-29 22:45:14,006 [OM StateMachine ApplyTransaction Thread - 0] INFO  bucket.OMBucketCreateRequest (OMBucketCreateRequest.java:validateAndUpdateCache(262)) - created bucket: buc-04741 of layout OBJECT_STORE in volume: vol-72018
2023-03-29 22:45:14,007 [OM StateMachine ApplyTransaction Thread - 0] INFO  bucket.OMBucketCreateRequest (OMBucketCreateRequest.java:validateAndUpdateCache(262)) - created bucket: buc-04741 of layout OBJECT_STORE in volume: vol-72018
2023-03-29 22:45:14,009 [OM StateMachine ApplyTransaction Thread - 0] INFO  bucket.OMBucketCreateRequest (OMBucketCreateRequest.java:validateAndUpdateCache(262)) - created bucket: buc-04741 of layout OBJECT_STORE in volume: vol-72018
2023-03-29 22:45:14,086 [OM StateMachine ApplyTransaction Thread - 0] INFO  snapshot.OMSnapshotCreateRequest (OMSnapshotCreateRequest.java:validateAndUpdateCache(204)) - Created snapshot '3955f17c-c3cc-4b54-96ef-e6e11ade10c9' under path 'vol-72018/buc-49804'
2023-03-29 22:45:14,089 [OM StateMachine ApplyTransaction Thread - 0] INFO  snapshot.OMSnapshotCreateRequest (OMSnapshotCreateRequest.java:validateAndUpdateCache(204)) - Created snapshot '3955f17c-c3cc-4b54-96ef-e6e11ade10c9' under path 'vol-72018/buc-49804'
2023-03-29 22:45:14,090 [OM StateMachine ApplyTransaction Thread - 0] INFO  snapshot.OMSnapshotCreateRequest (OMSnapshotCreateRequest.java:validateAndUpdateCache(204)) - Created snapshot '3955f17c-c3cc-4b54-96ef-e6e11ade10c9' under path 'vol-72018/buc-49804'
2023-03-29 22:45:14,147 [OMDoubleBufferFlushThread] INFO  db.RDBCheckpointManager (RDBCheckpointManager.java:createCheckpoint(96)) - Created checkpoint in rocksDB at /home/runner/work/ozone/ozone/hadoop-ozone/integration-test/target/test-dir/MiniOzoneClusterImpl-bcbc84c2-519e-42a0-a817-fd35ffaa666a/omNode-1/db.snapshots/om.db-d5f7e554-3675-4c7b-9045-72ef851774bf in 58 milliseconds
2023-03-29 22:45:14,148 [OMDoubleBufferFlushThread] INFO  db.RDBCheckpointManager (RDBCheckpointManager.java:waitForCheckpointDirectoryExist(125)) - Waited for 1 milliseconds for checkpoint directory /home/runner/work/ozone/ozone/hadoop-ozone/integration-test/target/test-dir/MiniOzoneClusterImpl-bcbc84c2-519e-42a0-a817-fd35ffaa666a/omNode-1/db.snapshots/om.db-d5f7e554-3675-4c7b-9045-72ef851774bf availability.
2023-03-29 22:45:14,149 [OMDoubleBufferFlushThread] WARN  om.OmSnapshotManager (OmSnapshotManager.java:deleteKeysInSnapshotScopeFromDTableInternal(396)) - Took 1258475 ns to clean up deletedTable
2023-03-29 22:45:14,150 [OMDoubleBufferFlushThread] INFO  om.OmSnapshotManager (OmSnapshotManager.java:createOmSnapshotCheckpoint(317)) - Created checkpoint : /home/runner/work/ozone/ozone/hadoop-ozone/integration-test/target/test-dir/MiniOzoneClusterImpl-bcbc84c2-519e-42a0-a817-fd35ffaa666a/omNode-1/db.snapshots/om.db-d5f7e554-3675-4c7b-9045-72ef851774bf for snapshot 3955f17c-c3cc-4b54-96ef-e6e11ade10c9
2023-03-29 22:45:14,150 [OMDoubleBufferFlushThread] INFO  db.RDBCheckpointManager (RDBCheckpointManager.java:createCheckpoint(96)) - Created checkpoint in rocksDB at /home/runner/work/ozone/ozone/hadoop-ozone/integration-test/target/test-dir/MiniOzoneClusterImpl-bcbc84c2-519e-42a0-a817-fd35ffaa666a/omNode-3/db.snapshots/om.db-d5f7e554-3675-4c7b-9045-72ef851774bf in 60 milliseconds
2023-03-29 22:45:14,154 [OMDoubleBufferFlushThread] INFO  db.RDBCheckpointManager (RDBCheckpointManager.java:waitForCheckpointDirectoryExist(125)) - Waited for 4 milliseconds for checkpoint directory /home/runner/work/ozone/ozone/hadoop-ozone/integration-test/target/test-dir/MiniOzoneClusterImpl-bcbc84c2-519e-42a0-a817-fd35ffaa666a/omNode-3/db.snapshots/om.db-d5f7e554-3675-4c7b-9045-72ef851774bf availability.
2023-03-29 22:45:14,155 [OMDoubleBufferFlushThread] WARN  om.OmSnapshotManager (OmSnapshotManager.java:deleteKeysInSnapshotScopeFromDTableInternal(396)) - Took 600636 ns to clean up deletedTable
2023-03-29 22:45:14,155 [OMDoubleBufferFlushThread] INFO  om.OmSnapshotManager (OmSnapshotManager.java:createOmSnapshotCheckpoint(317)) - Created checkpoint : /home/runner/work/ozone/ozone/hadoop-ozone/integration-test/target/test-dir/MiniOzoneClusterImpl-bcbc84c2-519e-42a0-a817-fd35ffaa666a/omNode-3/db.snapshots/om.db-d5f7e554-3675-4c7b-9045-72ef851774bf for snapshot 3955f17c-c3cc-4b54-96ef-e6e11ade10c9
2023-03-29 22:45:14,156 [OMDoubleBufferFlushThread] INFO  db.RDBCheckpointManager (RDBCheckpointManager.java:createCheckpoint(96)) - Created checkpoint in rocksDB at /home/runner/work/ozone/ozone/hadoop-ozone/integration-test/target/test-dir/MiniOzoneClusterImpl-bcbc84c2-519e-42a0-a817-fd35ffaa666a/omNode-2/db.snapshots/om.db-d5f7e554-3675-4c7b-9045-72ef851774bf in 64 milliseconds
2023-03-29 22:45:14,157 [OMDoubleBufferFlushThread] INFO  db.RDBCheckpointManager (RDBCheckpointManager.java:waitForCheckpointDirectoryExist(125)) - Waited for 0 milliseconds for checkpoint directory /home/runner/work/ozone/ozone/hadoop-ozone/integration-test/target/test-dir/MiniOzoneClusterImpl-bcbc84c2-519e-42a0-a817-fd35ffaa666a/omNode-2/db.snapshots/om.db-d5f7e554-3675-4c7b-9045-72ef851774bf availability.
2023-03-29 22:45:14,157 [OMDoubleBufferFlushThread] WARN  om.OmSnapshotManager (OmSnapshotManager.java:deleteKeysInSnapshotScopeFromDTableInternal(396)) - Took 366222 ns to clean up deletedTable
2023-03-29 22:45:14,158 [OMDoubleBufferFlushThread] INFO  om.OmSnapshotManager (OmSnapshotManager.java:createOmSnapshotCheckpoint(317)) - Created checkpoint : /home/runner/work/ozone/ozone/hadoop-ozone/integration-test/target/test-dir/MiniOzoneClusterImpl-bcbc84c2-519e-42a0-a817-fd35ffaa666a/omNode-2/db.snapshots/om.db-d5f7e554-3675-4c7b-9045-72ef851774bf for snapshot 3955f17c-c3cc-4b54-96ef-e6e11ade10c9
22:45:15.120 [OM StateMachine ApplyTransaction Thread - 0] ERROR OMAudit - user=runner | ip=127.0.0.1 | op=DELETE_BUCKET {volume=vol-72018, bucket=buc-49804} | ret=FAILURE
org.apache.hadoop.ozone.om.exceptions.OMException: Bucket buc-49804 can't be deleted when it has snapshots
	at org.apache.hadoop.ozone.om.request.bucket.OMBucketDeleteRequest.validateAndUpdateCache(OMBucketDeleteRequest.java:150) ~[ozone-manager-1.4.0-SNAPSHOT.jar:?]
	at org.apache.hadoop.ozone.protocolPB.OzoneManagerRequestHandler.handleWriteRequest(OzoneManagerRequestHandler.java:337) ~[ozone-manager-1.4.0-SNAPSHOT.jar:?]
	at org.apache.hadoop.ozone.om.ratis.OzoneManagerStateMachine.runCommand(OzoneManagerStateMachine.java:533) ~[ozone-manager-1.4.0-SNAPSHOT.jar:?]
	at org.apache.hadoop.ozone.om.ratis.OzoneManagerStateMachine.lambda$1(OzoneManagerStateMachine.java:324) ~[ozone-manager-1.4.0-SNAPSHOT.jar:?]
	at java.util.concurrent.CompletableFuture$AsyncSupply.run(CompletableFuture.java:1604) [?:1.8.0_362]
	at java.util.concurrent.ThreadPoolExecutor.runWorker(ThreadPoolExecutor.java:1149) [?:1.8.0_362]
	at java.util.concurrent.ThreadPoolExecutor$Worker.run(ThreadPoolExecutor.java:624) [?:1.8.0_362]
	at java.lang.Thread.run(Thread.java:750) [?:1.8.0_362]
2023-03-29 22:45:15,121 [OM StateMachine ApplyTransaction Thread - 0] ERROR bucket.OMBucketDeleteRequest (OMBucketDeleteRequest.java:validateAndUpdateCache(212)) - Delete bucket failed for bucket:buc-49804 in volume:vol-72018
CONTAINS_SNAPSHOT org.apache.hadoop.ozone.om.exceptions.OMException: Bucket buc-49804 can't be deleted when it has snapshots
	at org.apache.hadoop.ozone.om.request.bucket.OMBucketDeleteRequest.validateAndUpdateCache(OMBucketDeleteRequest.java:150)
	at org.apache.hadoop.ozone.protocolPB.OzoneManagerRequestHandler.handleWriteRequest(OzoneManagerRequestHandler.java:337)
	at org.apache.hadoop.ozone.om.ratis.OzoneManagerStateMachine.runCommand(OzoneManagerStateMachine.java:533)
	at org.apache.hadoop.ozone.om.ratis.OzoneManagerStateMachine.lambda$1(OzoneManagerStateMachine.java:324)
	at java.util.concurrent.CompletableFuture$AsyncSupply.run(CompletableFuture.java:1604)
	at java.util.concurrent.ThreadPoolExecutor.runWorker(ThreadPoolExecutor.java:1149)
	at java.util.concurrent.ThreadPoolExecutor$Worker.run(ThreadPoolExecutor.java:624)
	at java.lang.Thread.run(Thread.java:750)
22:45:15.125 [OM StateMachine ApplyTransaction Thread - 0] ERROR OMAudit - user=runner | ip=127.0.0.1 | op=DELETE_BUCKET {volume=vol-72018, bucket=buc-49804} | ret=FAILURE
org.apache.hadoop.ozone.om.exceptions.OMException: Bucket buc-49804 can't be deleted when it has snapshots
	at org.apache.hadoop.ozone.om.request.bucket.OMBucketDeleteRequest.validateAndUpdateCache(OMBucketDeleteRequest.java:150) ~[ozone-manager-1.4.0-SNAPSHOT.jar:?]
	at org.apache.hadoop.ozone.protocolPB.OzoneManagerRequestHandler.handleWriteRequest(OzoneManagerRequestHandler.java:337) ~[ozone-manager-1.4.0-SNAPSHOT.jar:?]
	at org.apache.hadoop.ozone.om.ratis.OzoneManagerStateMachine.runCommand(OzoneManagerStateMachine.java:533) ~[ozone-manager-1.4.0-SNAPSHOT.jar:?]
	at org.apache.hadoop.ozone.om.ratis.OzoneManagerStateMachine.lambda$1(OzoneManagerStateMachine.java:324) ~[ozone-manager-1.4.0-SNAPSHOT.jar:?]
	at java.util.concurrent.CompletableFuture$AsyncSupply.run(CompletableFuture.java:1604) [?:1.8.0_362]
	at java.util.concurrent.ThreadPoolExecutor.runWorker(ThreadPoolExecutor.java:1149) [?:1.8.0_362]
	at java.util.concurrent.ThreadPoolExecutor$Worker.run(ThreadPoolExecutor.java:624) [?:1.8.0_362]
	at java.lang.Thread.run(Thread.java:750) [?:1.8.0_362]
2023-03-29 22:45:15,125 [OM StateMachine ApplyTransaction Thread - 0] ERROR bucket.OMBucketDeleteRequest (OMBucketDeleteRequest.java:validateAndUpdateCache(212)) - Delete bucket failed for bucket:buc-49804 in volume:vol-72018
CONTAINS_SNAPSHOT org.apache.hadoop.ozone.om.exceptions.OMException: Bucket buc-49804 can't be deleted when it has snapshots
	at org.apache.hadoop.ozone.om.request.bucket.OMBucketDeleteRequest.validateAndUpdateCache(OMBucketDeleteRequest.java:150)
	at org.apache.hadoop.ozone.protocolPB.OzoneManagerRequestHandler.handleWriteRequest(OzoneManagerRequestHandler.java:337)
	at org.apache.hadoop.ozone.om.ratis.OzoneManagerStateMachine.runCommand(OzoneManagerStateMachine.java:533)
	at org.apache.hadoop.ozone.om.ratis.OzoneManagerStateMachine.lambda$1(OzoneManagerStateMachine.java:324)
	at java.util.concurrent.CompletableFuture$AsyncSupply.run(CompletableFuture.java:1604)
	at java.util.concurrent.ThreadPoolExecutor.runWorker(ThreadPoolExecutor.java:1149)
	at java.util.concurrent.ThreadPoolExecutor$Worker.run(ThreadPoolExecutor.java:624)
	at java.lang.Thread.run(Thread.java:750)
22:45:15.128 [OM StateMachine ApplyTransaction Thread - 0] ERROR OMAudit - user=runner | ip=127.0.0.1 | op=DELETE_BUCKET {volume=vol-72018, bucket=buc-49804} | ret=FAILURE
org.apache.hadoop.ozone.om.exceptions.OMException: Bucket buc-49804 can't be deleted when it has snapshots
	at org.apache.hadoop.ozone.om.request.bucket.OMBucketDeleteRequest.validateAndUpdateCache(OMBucketDeleteRequest.java:150) ~[ozone-manager-1.4.0-SNAPSHOT.jar:?]
	at org.apache.hadoop.ozone.protocolPB.OzoneManagerRequestHandler.handleWriteRequest(OzoneManagerRequestHandler.java:337) ~[ozone-manager-1.4.0-SNAPSHOT.jar:?]
	at org.apache.hadoop.ozone.om.ratis.OzoneManagerStateMachine.runCommand(OzoneManagerStateMachine.java:533) ~[ozone-manager-1.4.0-SNAPSHOT.jar:?]
	at org.apache.hadoop.ozone.om.ratis.OzoneManagerStateMachine.lambda$1(OzoneManagerStateMachine.java:324) ~[ozone-manager-1.4.0-SNAPSHOT.jar:?]
	at java.util.concurrent.CompletableFuture$AsyncSupply.run(CompletableFuture.java:1604) [?:1.8.0_362]
	at java.util.concurrent.ThreadPoolExecutor.runWorker(ThreadPoolExecutor.java:1149) [?:1.8.0_362]
	at java.util.concurrent.ThreadPoolExecutor$Worker.run(ThreadPoolExecutor.java:624) [?:1.8.0_362]
	at java.lang.Thread.run(Thread.java:750) [?:1.8.0_362]
2023-03-29 22:45:15,128 [OM StateMachine ApplyTransaction Thread - 0] ERROR bucket.OMBucketDeleteRequest (OMBucketDeleteRequest.java:validateAndUpdateCache(212)) - Delete bucket failed for bucket:buc-49804 in volume:vol-72018
CONTAINS_SNAPSHOT org.apache.hadoop.ozone.om.exceptions.OMException: Bucket buc-49804 can't be deleted when it has snapshots
	at org.apache.hadoop.ozone.om.request.bucket.OMBucketDeleteRequest.validateAndUpdateCache(OMBucketDeleteRequest.java:150)
	at org.apache.hadoop.ozone.protocolPB.OzoneManagerRequestHandler.handleWriteRequest(OzoneManagerRequestHandler.java:337)
	at org.apache.hadoop.ozone.om.ratis.OzoneManagerStateMachine.runCommand(OzoneManagerStateMachine.java:533)
	at org.apache.hadoop.ozone.om.ratis.OzoneManagerStateMachine.lambda$1(OzoneManagerStateMachine.java:324)
	at java.util.concurrent.CompletableFuture$AsyncSupply.run(CompletableFuture.java:1604)
	at java.util.concurrent.ThreadPoolExecutor.runWorker(ThreadPoolExecutor.java:1149)
	at java.util.concurrent.ThreadPoolExecutor$Worker.run(ThreadPoolExecutor.java:624)
	at java.lang.Thread.run(Thread.java:750)
]]></system-out>
  </testcase>
  <testcase name="testBucketDeleteIfSnapshotExists" classname="TestOmSnapshot" time="1.107">
    <system-out><![CDATA[2023-03-29 22:46:17,546 [Time-limited test] INFO  rpc.RpcClient (RpcClient.java:createVolume(476)) - Creating Volume: vol-90504, with runner as owner and space quota set to -1 bytes, counts quota set to -1
2023-03-29 22:46:17,550 [OM StateMachine ApplyTransaction Thread - 0] INFO  volume.OMVolumeCreateRequest (OMVolumeCreateRequest.java:validateAndUpdateCache(195)) - created volume:vol-90504 for user:runner
2023-03-29 22:46:17,555 [Time-limited test] INFO  rpc.RpcClient (RpcClient.java:createBucket(698)) - Creating Bucket: vol-90504/buc-99371, with server-side default bucket layout, runner as owner, Versioning false, Storage Type set to DISK and Encryption set to false, Replication Type set to server-side default replication type, Namespace Quota set to -1, Space Quota set to -1 
2023-03-29 22:46:17,555 [OM StateMachine ApplyTransaction Thread - 0] INFO  volume.OMVolumeCreateRequest (OMVolumeCreateRequest.java:validateAndUpdateCache(195)) - created volume:vol-90504 for user:runner
2023-03-29 22:46:17,557 [OM StateMachine ApplyTransaction Thread - 0] INFO  volume.OMVolumeCreateRequest (OMVolumeCreateRequest.java:validateAndUpdateCache(195)) - created volume:vol-90504 for user:runner
2023-03-29 22:46:17,559 [OM StateMachine ApplyTransaction Thread - 0] INFO  bucket.OMBucketCreateRequest (OMBucketCreateRequest.java:validateAndUpdateCache(262)) - created bucket: buc-99371 of layout FILE_SYSTEM_OPTIMIZED in volume: vol-90504
2023-03-29 22:46:17,559 [Time-limited test] INFO  rpc.RpcClient (RpcClient.java:createBucket(698)) - Creating Bucket: vol-90504/buc-77669, with server-side default bucket layout, runner as owner, Versioning false, Storage Type set to DISK and Encryption set to false, Replication Type set to server-side default replication type, Namespace Quota set to -1, Space Quota set to -1 
2023-03-29 22:46:17,560 [OM StateMachine ApplyTransaction Thread - 0] INFO  bucket.OMBucketCreateRequest (OMBucketCreateRequest.java:validateAndUpdateCache(262)) - created bucket: buc-99371 of layout FILE_SYSTEM_OPTIMIZED in volume: vol-90504
2023-03-29 22:46:17,561 [OM StateMachine ApplyTransaction Thread - 0] INFO  bucket.OMBucketCreateRequest (OMBucketCreateRequest.java:validateAndUpdateCache(262)) - created bucket: buc-99371 of layout FILE_SYSTEM_OPTIMIZED in volume: vol-90504
2023-03-29 22:46:17,562 [OM StateMachine ApplyTransaction Thread - 0] INFO  bucket.OMBucketCreateRequest (OMBucketCreateRequest.java:validateAndUpdateCache(262)) - created bucket: buc-77669 of layout FILE_SYSTEM_OPTIMIZED in volume: vol-90504
2023-03-29 22:46:17,563 [OM StateMachine ApplyTransaction Thread - 0] INFO  bucket.OMBucketCreateRequest (OMBucketCreateRequest.java:validateAndUpdateCache(262)) - created bucket: buc-77669 of layout FILE_SYSTEM_OPTIMIZED in volume: vol-90504
2023-03-29 22:46:17,565 [OM StateMachine ApplyTransaction Thread - 0] INFO  bucket.OMBucketCreateRequest (OMBucketCreateRequest.java:validateAndUpdateCache(262)) - created bucket: buc-77669 of layout FILE_SYSTEM_OPTIMIZED in volume: vol-90504
2023-03-29 22:46:17,616 [OM StateMachine ApplyTransaction Thread - 0] INFO  snapshot.OMSnapshotCreateRequest (OMSnapshotCreateRequest.java:validateAndUpdateCache(204)) - Created snapshot '9c15e3e9-4565-410e-bd70-11e78f7afdc8' under path 'vol-90504/buc-99371'
2023-03-29 22:46:17,617 [OM StateMachine ApplyTransaction Thread - 0] INFO  snapshot.OMSnapshotCreateRequest (OMSnapshotCreateRequest.java:validateAndUpdateCache(204)) - Created snapshot '9c15e3e9-4565-410e-bd70-11e78f7afdc8' under path 'vol-90504/buc-99371'
2023-03-29 22:46:17,618 [OM StateMachine ApplyTransaction Thread - 0] INFO  snapshot.OMSnapshotCreateRequest (OMSnapshotCreateRequest.java:validateAndUpdateCache(204)) - Created snapshot '9c15e3e9-4565-410e-bd70-11e78f7afdc8' under path 'vol-90504/buc-99371'
2023-03-29 22:46:17,674 [OMDoubleBufferFlushThread] INFO  db.RDBCheckpointManager (RDBCheckpointManager.java:createCheckpoint(96)) - Created checkpoint in rocksDB at /home/runner/work/ozone/ozone/hadoop-ozone/integration-test/target/test-dir/MiniOzoneClusterImpl-8ae17f6e-7b8d-4fcc-9253-feb95f7e1717/omNode-1/db.snapshots/om.db-165eec06-3ae3-4499-a943-642071cbddcf in 54 milliseconds
2023-03-29 22:46:17,674 [OMDoubleBufferFlushThread] INFO  db.RDBCheckpointManager (RDBCheckpointManager.java:waitForCheckpointDirectoryExist(125)) - Waited for 0 milliseconds for checkpoint directory /home/runner/work/ozone/ozone/hadoop-ozone/integration-test/target/test-dir/MiniOzoneClusterImpl-8ae17f6e-7b8d-4fcc-9253-feb95f7e1717/omNode-1/db.snapshots/om.db-165eec06-3ae3-4499-a943-642071cbddcf availability.
2023-03-29 22:46:17,674 [OMDoubleBufferFlushThread] INFO  db.RDBCheckpointManager (RDBCheckpointManager.java:createCheckpoint(96)) - Created checkpoint in rocksDB at /home/runner/work/ozone/ozone/hadoop-ozone/integration-test/target/test-dir/MiniOzoneClusterImpl-8ae17f6e-7b8d-4fcc-9253-feb95f7e1717/omNode-2/db.snapshots/om.db-165eec06-3ae3-4499-a943-642071cbddcf in 53 milliseconds
2023-03-29 22:46:17,675 [OMDoubleBufferFlushThread] WARN  om.OmSnapshotManager (OmSnapshotManager.java:deleteKeysInSnapshotScopeFromDTableInternal(396)) - Took 659739 ns to clean up deletedTable
2023-03-29 22:46:17,675 [OMDoubleBufferFlushThread] INFO  om.OmSnapshotManager (OmSnapshotManager.java:createOmSnapshotCheckpoint(317)) - Created checkpoint : /home/runner/work/ozone/ozone/hadoop-ozone/integration-test/target/test-dir/MiniOzoneClusterImpl-8ae17f6e-7b8d-4fcc-9253-feb95f7e1717/omNode-1/db.snapshots/om.db-165eec06-3ae3-4499-a943-642071cbddcf for snapshot 9c15e3e9-4565-410e-bd70-11e78f7afdc8
2023-03-29 22:46:17,677 [OMDoubleBufferFlushThread] INFO  db.RDBCheckpointManager (RDBCheckpointManager.java:waitForCheckpointDirectoryExist(125)) - Waited for 2 milliseconds for checkpoint directory /home/runner/work/ozone/ozone/hadoop-ozone/integration-test/target/test-dir/MiniOzoneClusterImpl-8ae17f6e-7b8d-4fcc-9253-feb95f7e1717/omNode-2/db.snapshots/om.db-165eec06-3ae3-4499-a943-642071cbddcf availability.
2023-03-29 22:46:17,677 [OMDoubleBufferFlushThread] WARN  om.OmSnapshotManager (OmSnapshotManager.java:deleteKeysInSnapshotScopeFromDTableInternal(396)) - Took 339620 ns to clean up deletedTable
2023-03-29 22:46:17,677 [OMDoubleBufferFlushThread] INFO  om.OmSnapshotManager (OmSnapshotManager.java:createOmSnapshotCheckpoint(317)) - Created checkpoint : /home/runner/work/ozone/ozone/hadoop-ozone/integration-test/target/test-dir/MiniOzoneClusterImpl-8ae17f6e-7b8d-4fcc-9253-feb95f7e1717/omNode-2/db.snapshots/om.db-165eec06-3ae3-4499-a943-642071cbddcf for snapshot 9c15e3e9-4565-410e-bd70-11e78f7afdc8
2023-03-29 22:46:17,684 [OMDoubleBufferFlushThread] INFO  db.RDBCheckpointManager (RDBCheckpointManager.java:createCheckpoint(96)) - Created checkpoint in rocksDB at /home/runner/work/ozone/ozone/hadoop-ozone/integration-test/target/test-dir/MiniOzoneClusterImpl-8ae17f6e-7b8d-4fcc-9253-feb95f7e1717/omNode-3/db.snapshots/om.db-165eec06-3ae3-4499-a943-642071cbddcf in 62 milliseconds
2023-03-29 22:46:17,684 [OMDoubleBufferFlushThread] INFO  db.RDBCheckpointManager (RDBCheckpointManager.java:waitForCheckpointDirectoryExist(125)) - Waited for 0 milliseconds for checkpoint directory /home/runner/work/ozone/ozone/hadoop-ozone/integration-test/target/test-dir/MiniOzoneClusterImpl-8ae17f6e-7b8d-4fcc-9253-feb95f7e1717/omNode-3/db.snapshots/om.db-165eec06-3ae3-4499-a943-642071cbddcf availability.
2023-03-29 22:46:17,685 [OMDoubleBufferFlushThread] WARN  om.OmSnapshotManager (OmSnapshotManager.java:deleteKeysInSnapshotScopeFromDTableInternal(396)) - Took 364221 ns to clean up deletedTable
2023-03-29 22:46:17,685 [OMDoubleBufferFlushThread] INFO  om.OmSnapshotManager (OmSnapshotManager.java:createOmSnapshotCheckpoint(317)) - Created checkpoint : /home/runner/work/ozone/ozone/hadoop-ozone/integration-test/target/test-dir/MiniOzoneClusterImpl-8ae17f6e-7b8d-4fcc-9253-feb95f7e1717/omNode-3/db.snapshots/om.db-165eec06-3ae3-4499-a943-642071cbddcf for snapshot 9c15e3e9-4565-410e-bd70-11e78f7afdc8
22:46:18.641 [OM StateMachine ApplyTransaction Thread - 0] ERROR OMAudit - user=runner | ip=127.0.0.1 | op=DELETE_BUCKET {volume=vol-90504, bucket=buc-99371} | ret=FAILURE
org.apache.hadoop.ozone.om.exceptions.OMException: Bucket buc-99371 can't be deleted when it has snapshots
	at org.apache.hadoop.ozone.om.request.bucket.OMBucketDeleteRequest.validateAndUpdateCache(OMBucketDeleteRequest.java:150) ~[ozone-manager-1.4.0-SNAPSHOT.jar:?]
	at org.apache.hadoop.ozone.protocolPB.OzoneManagerRequestHandler.handleWriteRequest(OzoneManagerRequestHandler.java:337) ~[ozone-manager-1.4.0-SNAPSHOT.jar:?]
	at org.apache.hadoop.ozone.om.ratis.OzoneManagerStateMachine.runCommand(OzoneManagerStateMachine.java:533) ~[ozone-manager-1.4.0-SNAPSHOT.jar:?]
	at org.apache.hadoop.ozone.om.ratis.OzoneManagerStateMachine.lambda$1(OzoneManagerStateMachine.java:324) ~[ozone-manager-1.4.0-SNAPSHOT.jar:?]
	at java.util.concurrent.CompletableFuture$AsyncSupply.run(CompletableFuture.java:1604) [?:1.8.0_362]
	at java.util.concurrent.ThreadPoolExecutor.runWorker(ThreadPoolExecutor.java:1149) [?:1.8.0_362]
	at java.util.concurrent.ThreadPoolExecutor$Worker.run(ThreadPoolExecutor.java:624) [?:1.8.0_362]
	at java.lang.Thread.run(Thread.java:750) [?:1.8.0_362]
2023-03-29 22:46:18,641 [OM StateMachine ApplyTransaction Thread - 0] ERROR bucket.OMBucketDeleteRequest (OMBucketDeleteRequest.java:validateAndUpdateCache(212)) - Delete bucket failed for bucket:buc-99371 in volume:vol-90504
CONTAINS_SNAPSHOT org.apache.hadoop.ozone.om.exceptions.OMException: Bucket buc-99371 can't be deleted when it has snapshots
	at org.apache.hadoop.ozone.om.request.bucket.OMBucketDeleteRequest.validateAndUpdateCache(OMBucketDeleteRequest.java:150)
	at org.apache.hadoop.ozone.protocolPB.OzoneManagerRequestHandler.handleWriteRequest(OzoneManagerRequestHandler.java:337)
	at org.apache.hadoop.ozone.om.ratis.OzoneManagerStateMachine.runCommand(OzoneManagerStateMachine.java:533)
	at org.apache.hadoop.ozone.om.ratis.OzoneManagerStateMachine.lambda$1(OzoneManagerStateMachine.java:324)
	at java.util.concurrent.CompletableFuture$AsyncSupply.run(CompletableFuture.java:1604)
	at java.util.concurrent.ThreadPoolExecutor.runWorker(ThreadPoolExecutor.java:1149)
	at java.util.concurrent.ThreadPoolExecutor$Worker.run(ThreadPoolExecutor.java:624)
	at java.lang.Thread.run(Thread.java:750)
22:46:18.643 [OM StateMachine ApplyTransaction Thread - 0] ERROR OMAudit - user=runner | ip=127.0.0.1 | op=DELETE_BUCKET {volume=vol-90504, bucket=buc-99371} | ret=FAILURE
org.apache.hadoop.ozone.om.exceptions.OMException: Bucket buc-99371 can't be deleted when it has snapshots
	at org.apache.hadoop.ozone.om.request.bucket.OMBucketDeleteRequest.validateAndUpdateCache(OMBucketDeleteRequest.java:150) ~[ozone-manager-1.4.0-SNAPSHOT.jar:?]
	at org.apache.hadoop.ozone.protocolPB.OzoneManagerRequestHandler.handleWriteRequest(OzoneManagerRequestHandler.java:337) ~[ozone-manager-1.4.0-SNAPSHOT.jar:?]
	at org.apache.hadoop.ozone.om.ratis.OzoneManagerStateMachine.runCommand(OzoneManagerStateMachine.java:533) ~[ozone-manager-1.4.0-SNAPSHOT.jar:?]
	at org.apache.hadoop.ozone.om.ratis.OzoneManagerStateMachine.lambda$1(OzoneManagerStateMachine.java:324) ~[ozone-manager-1.4.0-SNAPSHOT.jar:?]
	at java.util.concurrent.CompletableFuture$AsyncSupply.run(CompletableFuture.java:1604) [?:1.8.0_362]
	at java.util.concurrent.ThreadPoolExecutor.runWorker(ThreadPoolExecutor.java:1149) [?:1.8.0_362]
	at java.util.concurrent.ThreadPoolExecutor$Worker.run(ThreadPoolExecutor.java:624) [?:1.8.0_362]
	at java.lang.Thread.run(Thread.java:750) [?:1.8.0_362]
2023-03-29 22:46:18,643 [OM StateMachine ApplyTransaction Thread - 0] ERROR bucket.OMBucketDeleteRequest (OMBucketDeleteRequest.java:validateAndUpdateCache(212)) - Delete bucket failed for bucket:buc-99371 in volume:vol-90504
CONTAINS_SNAPSHOT org.apache.hadoop.ozone.om.exceptions.OMException: Bucket buc-99371 can't be deleted when it has snapshots
	at org.apache.hadoop.ozone.om.request.bucket.OMBucketDeleteRequest.validateAndUpdateCache(OMBucketDeleteRequest.java:150)
	at org.apache.hadoop.ozone.protocolPB.OzoneManagerRequestHandler.handleWriteRequest(OzoneManagerRequestHandler.java:337)
	at org.apache.hadoop.ozone.om.ratis.OzoneManagerStateMachine.runCommand(OzoneManagerStateMachine.java:533)
	at org.apache.hadoop.ozone.om.ratis.OzoneManagerStateMachine.lambda$1(OzoneManagerStateMachine.java:324)
	at java.util.concurrent.CompletableFuture$AsyncSupply.run(CompletableFuture.java:1604)
	at java.util.concurrent.ThreadPoolExecutor.runWorker(ThreadPoolExecutor.java:1149)
	at java.util.concurrent.ThreadPoolExecutor$Worker.run(ThreadPoolExecutor.java:624)
	at java.lang.Thread.run(Thread.java:750)
22:46:18.644 [OM StateMachine ApplyTransaction Thread - 0] ERROR OMAudit - user=runner | ip=127.0.0.1 | op=DELETE_BUCKET {volume=vol-90504, bucket=buc-99371} | ret=FAILURE
org.apache.hadoop.ozone.om.exceptions.OMException: Bucket buc-99371 can't be deleted when it has snapshots
	at org.apache.hadoop.ozone.om.request.bucket.OMBucketDeleteRequest.validateAndUpdateCache(OMBucketDeleteRequest.java:150) ~[ozone-manager-1.4.0-SNAPSHOT.jar:?]
	at org.apache.hadoop.ozone.protocolPB.OzoneManagerRequestHandler.handleWriteRequest(OzoneManagerRequestHandler.java:337) ~[ozone-manager-1.4.0-SNAPSHOT.jar:?]
	at org.apache.hadoop.ozone.om.ratis.OzoneManagerStateMachine.runCommand(OzoneManagerStateMachine.java:533) ~[ozone-manager-1.4.0-SNAPSHOT.jar:?]
	at org.apache.hadoop.ozone.om.ratis.OzoneManagerStateMachine.lambda$1(OzoneManagerStateMachine.java:324) ~[ozone-manager-1.4.0-SNAPSHOT.jar:?]
	at java.util.concurrent.CompletableFuture$AsyncSupply.run(CompletableFuture.java:1604) [?:1.8.0_362]
	at java.util.concurrent.ThreadPoolExecutor.runWorker(ThreadPoolExecutor.java:1149) [?:1.8.0_362]
	at java.util.concurrent.ThreadPoolExecutor$Worker.run(ThreadPoolExecutor.java:624) [?:1.8.0_362]
	at java.lang.Thread.run(Thread.java:750) [?:1.8.0_362]
2023-03-29 22:46:18,644 [OM StateMachine ApplyTransaction Thread - 0] ERROR bucket.OMBucketDeleteRequest (OMBucketDeleteRequest.java:validateAndUpdateCache(212)) - Delete bucket failed for bucket:buc-99371 in volume:vol-90504
CONTAINS_SNAPSHOT org.apache.hadoop.ozone.om.exceptions.OMException: Bucket buc-99371 can't be deleted when it has snapshots
	at org.apache.hadoop.ozone.om.request.bucket.OMBucketDeleteRequest.validateAndUpdateCache(OMBucketDeleteRequest.java:150)
	at org.apache.hadoop.ozone.protocolPB.OzoneManagerRequestHandler.handleWriteRequest(OzoneManagerRequestHandler.java:337)
	at org.apache.hadoop.ozone.om.ratis.OzoneManagerStateMachine.runCommand(OzoneManagerStateMachine.java:533)
	at org.apache.hadoop.ozone.om.ratis.OzoneManagerStateMachine.lambda$1(OzoneManagerStateMachine.java:324)
	at java.util.concurrent.CompletableFuture$AsyncSupply.run(CompletableFuture.java:1604)
	at java.util.concurrent.ThreadPoolExecutor.runWorker(ThreadPoolExecutor.java:1149)
	at java.util.concurrent.ThreadPoolExecutor$Worker.run(ThreadPoolExecutor.java:624)
	at java.lang.Thread.run(Thread.java:750)
]]></system-out>
  </testcase>
  <testcase name="testBucketDeleteIfSnapshotExists" classname="TestOmSnapshot" time="1.102">
    <system-out><![CDATA[2023-03-29 22:47:23,926 [Time-limited test] INFO  rpc.RpcClient (RpcClient.java:createVolume(476)) - Creating Volume: vol-44124, with runner as owner and space quota set to -1 bytes, counts quota set to -1
2023-03-29 22:47:23,929 [OM StateMachine ApplyTransaction Thread - 0] INFO  volume.OMVolumeCreateRequest (OMVolumeCreateRequest.java:validateAndUpdateCache(195)) - created volume:vol-44124 for user:runner
2023-03-29 22:47:23,930 [OM StateMachine ApplyTransaction Thread - 0] INFO  volume.OMVolumeCreateRequest (OMVolumeCreateRequest.java:validateAndUpdateCache(195)) - created volume:vol-44124 for user:runner
2023-03-29 22:47:23,931 [OM StateMachine ApplyTransaction Thread - 0] INFO  volume.OMVolumeCreateRequest (OMVolumeCreateRequest.java:validateAndUpdateCache(195)) - created volume:vol-44124 for user:runner
2023-03-29 22:47:23,934 [Time-limited test] INFO  rpc.RpcClient (RpcClient.java:createBucket(698)) - Creating Bucket: vol-44124/buc-89278, with server-side default bucket layout, runner as owner, Versioning false, Storage Type set to DISK and Encryption set to false, Replication Type set to server-side default replication type, Namespace Quota set to -1, Space Quota set to -1 
2023-03-29 22:47:23,936 [OM StateMachine ApplyTransaction Thread - 0] INFO  bucket.OMBucketCreateRequest (OMBucketCreateRequest.java:validateAndUpdateCache(262)) - created bucket: buc-89278 of layout LEGACY in volume: vol-44124
2023-03-29 22:47:23,937 [Time-limited test] INFO  rpc.RpcClient (RpcClient.java:createBucket(698)) - Creating Bucket: vol-44124/buc-57307, with server-side default bucket layout, runner as owner, Versioning false, Storage Type set to DISK and Encryption set to false, Replication Type set to server-side default replication type, Namespace Quota set to -1, Space Quota set to -1 
2023-03-29 22:47:23,938 [OM StateMachine ApplyTransaction Thread - 0] INFO  bucket.OMBucketCreateRequest (OMBucketCreateRequest.java:validateAndUpdateCache(262)) - created bucket: buc-89278 of layout LEGACY in volume: vol-44124
2023-03-29 22:47:23,939 [OM StateMachine ApplyTransaction Thread - 0] INFO  bucket.OMBucketCreateRequest (OMBucketCreateRequest.java:validateAndUpdateCache(262)) - created bucket: buc-89278 of layout LEGACY in volume: vol-44124
2023-03-29 22:47:23,940 [OM StateMachine ApplyTransaction Thread - 0] INFO  bucket.OMBucketCreateRequest (OMBucketCreateRequest.java:validateAndUpdateCache(262)) - created bucket: buc-57307 of layout LEGACY in volume: vol-44124
2023-03-29 22:47:23,941 [OM StateMachine ApplyTransaction Thread - 0] INFO  bucket.OMBucketCreateRequest (OMBucketCreateRequest.java:validateAndUpdateCache(262)) - created bucket: buc-57307 of layout LEGACY in volume: vol-44124
2023-03-29 22:47:23,942 [OM StateMachine ApplyTransaction Thread - 0] INFO  bucket.OMBucketCreateRequest (OMBucketCreateRequest.java:validateAndUpdateCache(262)) - created bucket: buc-57307 of layout LEGACY in volume: vol-44124
2023-03-29 22:47:23,999 [OM StateMachine ApplyTransaction Thread - 0] INFO  snapshot.OMSnapshotCreateRequest (OMSnapshotCreateRequest.java:validateAndUpdateCache(204)) - Created snapshot '22855e26-d6b4-4aa2-bba3-50cb10c0893e' under path 'vol-44124/buc-89278'
2023-03-29 22:47:24,000 [OM StateMachine ApplyTransaction Thread - 0] INFO  snapshot.OMSnapshotCreateRequest (OMSnapshotCreateRequest.java:validateAndUpdateCache(204)) - Created snapshot '22855e26-d6b4-4aa2-bba3-50cb10c0893e' under path 'vol-44124/buc-89278'
2023-03-29 22:47:24,000 [OM StateMachine ApplyTransaction Thread - 0] INFO  snapshot.OMSnapshotCreateRequest (OMSnapshotCreateRequest.java:validateAndUpdateCache(204)) - Created snapshot '22855e26-d6b4-4aa2-bba3-50cb10c0893e' under path 'vol-44124/buc-89278'
2023-03-29 22:47:24,063 [OMDoubleBufferFlushThread] INFO  db.RDBCheckpointManager (RDBCheckpointManager.java:createCheckpoint(96)) - Created checkpoint in rocksDB at /home/runner/work/ozone/ozone/hadoop-ozone/integration-test/target/test-dir/MiniOzoneClusterImpl-bfbd9018-35f1-41c4-9115-0ebbd4040a15/omNode-2/db.snapshots/om.db-33e028c1-a5a2-406d-9af9-d64376fcc2c6 in 61 milliseconds
2023-03-29 22:47:24,064 [OMDoubleBufferFlushThread] INFO  db.RDBCheckpointManager (RDBCheckpointManager.java:waitForCheckpointDirectoryExist(125)) - Waited for 1 milliseconds for checkpoint directory /home/runner/work/ozone/ozone/hadoop-ozone/integration-test/target/test-dir/MiniOzoneClusterImpl-bfbd9018-35f1-41c4-9115-0ebbd4040a15/omNode-2/db.snapshots/om.db-33e028c1-a5a2-406d-9af9-d64376fcc2c6 availability.
2023-03-29 22:47:24,064 [OMDoubleBufferFlushThread] WARN  om.OmSnapshotManager (OmSnapshotManager.java:deleteKeysInSnapshotScopeFromDTableInternal(396)) - Took 346121 ns to clean up deletedTable
2023-03-29 22:47:24,064 [OMDoubleBufferFlushThread] INFO  om.OmSnapshotManager (OmSnapshotManager.java:createOmSnapshotCheckpoint(317)) - Created checkpoint : /home/runner/work/ozone/ozone/hadoop-ozone/integration-test/target/test-dir/MiniOzoneClusterImpl-bfbd9018-35f1-41c4-9115-0ebbd4040a15/omNode-2/db.snapshots/om.db-33e028c1-a5a2-406d-9af9-d64376fcc2c6 for snapshot 22855e26-d6b4-4aa2-bba3-50cb10c0893e
2023-03-29 22:47:24,065 [OMDoubleBufferFlushThread] INFO  db.RDBCheckpointManager (RDBCheckpointManager.java:createCheckpoint(96)) - Created checkpoint in rocksDB at /home/runner/work/ozone/ozone/hadoop-ozone/integration-test/target/test-dir/MiniOzoneClusterImpl-bfbd9018-35f1-41c4-9115-0ebbd4040a15/omNode-1/db.snapshots/om.db-33e028c1-a5a2-406d-9af9-d64376fcc2c6 in 64 milliseconds
2023-03-29 22:47:24,065 [OMDoubleBufferFlushThread] INFO  db.RDBCheckpointManager (RDBCheckpointManager.java:waitForCheckpointDirectoryExist(125)) - Waited for 0 milliseconds for checkpoint directory /home/runner/work/ozone/ozone/hadoop-ozone/integration-test/target/test-dir/MiniOzoneClusterImpl-bfbd9018-35f1-41c4-9115-0ebbd4040a15/omNode-1/db.snapshots/om.db-33e028c1-a5a2-406d-9af9-d64376fcc2c6 availability.
2023-03-29 22:47:24,066 [OMDoubleBufferFlushThread] WARN  om.OmSnapshotManager (OmSnapshotManager.java:deleteKeysInSnapshotScopeFromDTableInternal(396)) - Took 392623 ns to clean up deletedTable
2023-03-29 22:47:24,066 [OMDoubleBufferFlushThread] INFO  om.OmSnapshotManager (OmSnapshotManager.java:createOmSnapshotCheckpoint(317)) - Created checkpoint : /home/runner/work/ozone/ozone/hadoop-ozone/integration-test/target/test-dir/MiniOzoneClusterImpl-bfbd9018-35f1-41c4-9115-0ebbd4040a15/omNode-1/db.snapshots/om.db-33e028c1-a5a2-406d-9af9-d64376fcc2c6 for snapshot 22855e26-d6b4-4aa2-bba3-50cb10c0893e
2023-03-29 22:47:24,074 [OMDoubleBufferFlushThread] INFO  db.RDBCheckpointManager (RDBCheckpointManager.java:createCheckpoint(96)) - Created checkpoint in rocksDB at /home/runner/work/ozone/ozone/hadoop-ozone/integration-test/target/test-dir/MiniOzoneClusterImpl-bfbd9018-35f1-41c4-9115-0ebbd4040a15/omNode-3/db.snapshots/om.db-33e028c1-a5a2-406d-9af9-d64376fcc2c6 in 71 milliseconds
2023-03-29 22:47:24,074 [OMDoubleBufferFlushThread] INFO  db.RDBCheckpointManager (RDBCheckpointManager.java:waitForCheckpointDirectoryExist(125)) - Waited for 0 milliseconds for checkpoint directory /home/runner/work/ozone/ozone/hadoop-ozone/integration-test/target/test-dir/MiniOzoneClusterImpl-bfbd9018-35f1-41c4-9115-0ebbd4040a15/omNode-3/db.snapshots/om.db-33e028c1-a5a2-406d-9af9-d64376fcc2c6 availability.
2023-03-29 22:47:24,075 [OMDoubleBufferFlushThread] WARN  om.OmSnapshotManager (OmSnapshotManager.java:deleteKeysInSnapshotScopeFromDTableInternal(396)) - Took 285717 ns to clean up deletedTable
2023-03-29 22:47:24,075 [OMDoubleBufferFlushThread] INFO  om.OmSnapshotManager (OmSnapshotManager.java:createOmSnapshotCheckpoint(317)) - Created checkpoint : /home/runner/work/ozone/ozone/hadoop-ozone/integration-test/target/test-dir/MiniOzoneClusterImpl-bfbd9018-35f1-41c4-9115-0ebbd4040a15/omNode-3/db.snapshots/om.db-33e028c1-a5a2-406d-9af9-d64376fcc2c6 for snapshot 22855e26-d6b4-4aa2-bba3-50cb10c0893e
22:47:25.020 [OM StateMachine ApplyTransaction Thread - 0] ERROR OMAudit - user=runner | ip=127.0.0.1 | op=DELETE_BUCKET {volume=vol-44124, bucket=buc-89278} | ret=FAILURE
org.apache.hadoop.ozone.om.exceptions.OMException: Bucket buc-89278 can't be deleted when it has snapshots
	at org.apache.hadoop.ozone.om.request.bucket.OMBucketDeleteRequest.validateAndUpdateCache(OMBucketDeleteRequest.java:150) ~[ozone-manager-1.4.0-SNAPSHOT.jar:?]
	at org.apache.hadoop.ozone.protocolPB.OzoneManagerRequestHandler.handleWriteRequest(OzoneManagerRequestHandler.java:337) ~[ozone-manager-1.4.0-SNAPSHOT.jar:?]
	at org.apache.hadoop.ozone.om.ratis.OzoneManagerStateMachine.runCommand(OzoneManagerStateMachine.java:533) ~[ozone-manager-1.4.0-SNAPSHOT.jar:?]
	at org.apache.hadoop.ozone.om.ratis.OzoneManagerStateMachine.lambda$1(OzoneManagerStateMachine.java:324) ~[ozone-manager-1.4.0-SNAPSHOT.jar:?]
	at java.util.concurrent.CompletableFuture$AsyncSupply.run(CompletableFuture.java:1604) [?:1.8.0_362]
	at java.util.concurrent.ThreadPoolExecutor.runWorker(ThreadPoolExecutor.java:1149) [?:1.8.0_362]
	at java.util.concurrent.ThreadPoolExecutor$Worker.run(ThreadPoolExecutor.java:624) [?:1.8.0_362]
	at java.lang.Thread.run(Thread.java:750) [?:1.8.0_362]
2023-03-29 22:47:25,020 [OM StateMachine ApplyTransaction Thread - 0] ERROR bucket.OMBucketDeleteRequest (OMBucketDeleteRequest.java:validateAndUpdateCache(212)) - Delete bucket failed for bucket:buc-89278 in volume:vol-44124
CONTAINS_SNAPSHOT org.apache.hadoop.ozone.om.exceptions.OMException: Bucket buc-89278 can't be deleted when it has snapshots
	at org.apache.hadoop.ozone.om.request.bucket.OMBucketDeleteRequest.validateAndUpdateCache(OMBucketDeleteRequest.java:150)
	at org.apache.hadoop.ozone.protocolPB.OzoneManagerRequestHandler.handleWriteRequest(OzoneManagerRequestHandler.java:337)
	at org.apache.hadoop.ozone.om.ratis.OzoneManagerStateMachine.runCommand(OzoneManagerStateMachine.java:533)
	at org.apache.hadoop.ozone.om.ratis.OzoneManagerStateMachine.lambda$1(OzoneManagerStateMachine.java:324)
	at java.util.concurrent.CompletableFuture$AsyncSupply.run(CompletableFuture.java:1604)
	at java.util.concurrent.ThreadPoolExecutor.runWorker(ThreadPoolExecutor.java:1149)
	at java.util.concurrent.ThreadPoolExecutor$Worker.run(ThreadPoolExecutor.java:624)
	at java.lang.Thread.run(Thread.java:750)
22:47:25.021 [OM StateMachine ApplyTransaction Thread - 0] ERROR OMAudit - user=runner | ip=127.0.0.1 | op=DELETE_BUCKET {volume=vol-44124, bucket=buc-89278} | ret=FAILURE
org.apache.hadoop.ozone.om.exceptions.OMException: Bucket buc-89278 can't be deleted when it has snapshots
	at org.apache.hadoop.ozone.om.request.bucket.OMBucketDeleteRequest.validateAndUpdateCache(OMBucketDeleteRequest.java:150) ~[ozone-manager-1.4.0-SNAPSHOT.jar:?]
	at org.apache.hadoop.ozone.protocolPB.OzoneManagerRequestHandler.handleWriteRequest(OzoneManagerRequestHandler.java:337) ~[ozone-manager-1.4.0-SNAPSHOT.jar:?]
	at org.apache.hadoop.ozone.om.ratis.OzoneManagerStateMachine.runCommand(OzoneManagerStateMachine.java:533) ~[ozone-manager-1.4.0-SNAPSHOT.jar:?]
	at org.apache.hadoop.ozone.om.ratis.OzoneManagerStateMachine.lambda$1(OzoneManagerStateMachine.java:324) ~[ozone-manager-1.4.0-SNAPSHOT.jar:?]
	at java.util.concurrent.CompletableFuture$AsyncSupply.run(CompletableFuture.java:1604) [?:1.8.0_362]
	at java.util.concurrent.ThreadPoolExecutor.runWorker(ThreadPoolExecutor.java:1149) [?:1.8.0_362]
	at java.util.concurrent.ThreadPoolExecutor$Worker.run(ThreadPoolExecutor.java:624) [?:1.8.0_362]
	at java.lang.Thread.run(Thread.java:750) [?:1.8.0_362]
22:47:25.021 [OM StateMachine ApplyTransaction Thread - 0] ERROR OMAudit - user=runner | ip=127.0.0.1 | op=DELETE_BUCKET {volume=vol-44124, bucket=buc-89278} | ret=FAILURE
org.apache.hadoop.ozone.om.exceptions.OMException: Bucket buc-89278 can't be deleted when it has snapshots
	at org.apache.hadoop.ozone.om.request.bucket.OMBucketDeleteRequest.validateAndUpdateCache(OMBucketDeleteRequest.java:150) ~[ozone-manager-1.4.0-SNAPSHOT.jar:?]
	at org.apache.hadoop.ozone.protocolPB.OzoneManagerRequestHandler.handleWriteRequest(OzoneManagerRequestHandler.java:337) ~[ozone-manager-1.4.0-SNAPSHOT.jar:?]
	at org.apache.hadoop.ozone.om.ratis.OzoneManagerStateMachine.runCommand(OzoneManagerStateMachine.java:533) ~[ozone-manager-1.4.0-SNAPSHOT.jar:?]
	at org.apache.hadoop.ozone.om.ratis.OzoneManagerStateMachine.lambda$1(OzoneManagerStateMachine.java:324) ~[ozone-manager-1.4.0-SNAPSHOT.jar:?]
	at java.util.concurrent.CompletableFuture$AsyncSupply.run(CompletableFuture.java:1604) [?:1.8.0_362]
	at java.util.concurrent.ThreadPoolExecutor.runWorker(ThreadPoolExecutor.java:1149) [?:1.8.0_362]
	at java.util.concurrent.ThreadPoolExecutor$Worker.run(ThreadPoolExecutor.java:624) [?:1.8.0_362]
	at java.lang.Thread.run(Thread.java:750) [?:1.8.0_362]
2023-03-29 22:47:25,021 [OM StateMachine ApplyTransaction Thread - 0] ERROR bucket.OMBucketDeleteRequest (OMBucketDeleteRequest.java:validateAndUpdateCache(212)) - Delete bucket failed for bucket:buc-89278 in volume:vol-44124
CONTAINS_SNAPSHOT org.apache.hadoop.ozone.om.exceptions.OMException: Bucket buc-89278 can't be deleted when it has snapshots
	at org.apache.hadoop.ozone.om.request.bucket.OMBucketDeleteRequest.validateAndUpdateCache(OMBucketDeleteRequest.java:150)
	at org.apache.hadoop.ozone.protocolPB.OzoneManagerRequestHandler.handleWriteRequest(OzoneManagerRequestHandler.java:337)
	at org.apache.hadoop.ozone.om.ratis.OzoneManagerStateMachine.runCommand(OzoneManagerStateMachine.java:533)
	at org.apache.hadoop.ozone.om.ratis.OzoneManagerStateMachine.lambda$1(OzoneManagerStateMachine.java:324)
	at java.util.concurrent.CompletableFuture$AsyncSupply.run(CompletableFuture.java:1604)
	at java.util.concurrent.ThreadPoolExecutor.runWorker(ThreadPoolExecutor.java:1149)
	at java.util.concurrent.ThreadPoolExecutor$Worker.run(ThreadPoolExecutor.java:624)
	at java.lang.Thread.run(Thread.java:750)
2023-03-29 22:47:25,021 [OM StateMachine ApplyTransaction Thread - 0] ERROR bucket.OMBucketDeleteRequest (OMBucketDeleteRequest.java:validateAndUpdateCache(212)) - Delete bucket failed for bucket:buc-89278 in volume:vol-44124
CONTAINS_SNAPSHOT org.apache.hadoop.ozone.om.exceptions.OMException: Bucket buc-89278 can't be deleted when it has snapshots
	at org.apache.hadoop.ozone.om.request.bucket.OMBucketDeleteRequest.validateAndUpdateCache(OMBucketDeleteRequest.java:150)
	at org.apache.hadoop.ozone.protocolPB.OzoneManagerRequestHandler.handleWriteRequest(OzoneManagerRequestHandler.java:337)
	at org.apache.hadoop.ozone.om.ratis.OzoneManagerStateMachine.runCommand(OzoneManagerStateMachine.java:533)
	at org.apache.hadoop.ozone.om.ratis.OzoneManagerStateMachine.lambda$1(OzoneManagerStateMachine.java:324)
	at java.util.concurrent.CompletableFuture$AsyncSupply.run(CompletableFuture.java:1604)
	at java.util.concurrent.ThreadPoolExecutor.runWorker(ThreadPoolExecutor.java:1149)
	at java.util.concurrent.ThreadPoolExecutor$Worker.run(ThreadPoolExecutor.java:624)
	at java.lang.Thread.run(Thread.java:750)
]]></system-out>
  </testcase>
  <testcase name="testListDeleteKey" classname="TestOmSnapshot" time="2.196">
    <system-out><![CDATA[2023-03-29 22:45:15,144 [Time-limited test] INFO  rpc.RpcClient (RpcClient.java:createVolume(476)) - Creating Volume: vol-73144, with runner as owner and space quota set to -1 bytes, counts quota set to -1
2023-03-29 22:45:15,148 [OM StateMachine ApplyTransaction Thread - 0] INFO  volume.OMVolumeCreateRequest (OMVolumeCreateRequest.java:validateAndUpdateCache(195)) - created volume:vol-73144 for user:runner
2023-03-29 22:45:15,150 [OM StateMachine ApplyTransaction Thread - 0] INFO  volume.OMVolumeCreateRequest (OMVolumeCreateRequest.java:validateAndUpdateCache(195)) - created volume:vol-73144 for user:runner
2023-03-29 22:45:15,151 [OM StateMachine ApplyTransaction Thread - 0] INFO  volume.OMVolumeCreateRequest (OMVolumeCreateRequest.java:validateAndUpdateCache(195)) - created volume:vol-73144 for user:runner
2023-03-29 22:45:15,151 [Time-limited test] INFO  rpc.RpcClient (RpcClient.java:createBucket(698)) - Creating Bucket: vol-73144/buc-39967, with server-side default bucket layout, runner as owner, Versioning false, Storage Type set to DISK and Encryption set to false, Replication Type set to server-side default replication type, Namespace Quota set to -1, Space Quota set to -1 
2023-03-29 22:45:15,155 [OM StateMachine ApplyTransaction Thread - 0] INFO  bucket.OMBucketCreateRequest (OMBucketCreateRequest.java:validateAndUpdateCache(262)) - created bucket: buc-39967 of layout OBJECT_STORE in volume: vol-73144
2023-03-29 22:45:15,156 [OM StateMachine ApplyTransaction Thread - 0] INFO  bucket.OMBucketCreateRequest (OMBucketCreateRequest.java:validateAndUpdateCache(262)) - created bucket: buc-39967 of layout OBJECT_STORE in volume: vol-73144
2023-03-29 22:45:15,157 [OM StateMachine ApplyTransaction Thread - 0] INFO  bucket.OMBucketCreateRequest (OMBucketCreateRequest.java:validateAndUpdateCache(262)) - created bucket: buc-39967 of layout OBJECT_STORE in volume: vol-73144
2023-03-29 22:45:15,191 [OM StateMachine ApplyTransaction Thread - 0] INFO  snapshot.OMSnapshotCreateRequest (OMSnapshotCreateRequest.java:validateAndUpdateCache(204)) - Created snapshot 'fb26dc3d-74c7-471c-bad2-9ffe5e4c122c' under path 'vol-73144/buc-39967'
2023-03-29 22:45:15,192 [OM StateMachine ApplyTransaction Thread - 0] INFO  snapshot.OMSnapshotCreateRequest (OMSnapshotCreateRequest.java:validateAndUpdateCache(204)) - Created snapshot 'fb26dc3d-74c7-471c-bad2-9ffe5e4c122c' under path 'vol-73144/buc-39967'
2023-03-29 22:45:15,193 [OM StateMachine ApplyTransaction Thread - 0] INFO  snapshot.OMSnapshotCreateRequest (OMSnapshotCreateRequest.java:validateAndUpdateCache(204)) - Created snapshot 'fb26dc3d-74c7-471c-bad2-9ffe5e4c122c' under path 'vol-73144/buc-39967'
2023-03-29 22:45:15,256 [OMDoubleBufferFlushThread] INFO  db.RDBCheckpointManager (RDBCheckpointManager.java:createCheckpoint(96)) - Created checkpoint in rocksDB at /home/runner/work/ozone/ozone/hadoop-ozone/integration-test/target/test-dir/MiniOzoneClusterImpl-bcbc84c2-519e-42a0-a817-fd35ffaa666a/omNode-1/db.snapshots/om.db-9648ce93-bb5f-4344-abbc-727f90554616 in 63 milliseconds
2023-03-29 22:45:15,258 [OMDoubleBufferFlushThread] INFO  db.RDBCheckpointManager (RDBCheckpointManager.java:waitForCheckpointDirectoryExist(125)) - Waited for 2 milliseconds for checkpoint directory /home/runner/work/ozone/ozone/hadoop-ozone/integration-test/target/test-dir/MiniOzoneClusterImpl-bcbc84c2-519e-42a0-a817-fd35ffaa666a/omNode-1/db.snapshots/om.db-9648ce93-bb5f-4344-abbc-727f90554616 availability.
2023-03-29 22:45:15,259 [OMDoubleBufferFlushThread] WARN  om.OmSnapshotManager (OmSnapshotManager.java:deleteKeysInSnapshotScopeFromDTableInternal(396)) - Took 928356 ns to clean up deletedTable
2023-03-29 22:45:15,259 [OMDoubleBufferFlushThread] INFO  om.OmSnapshotManager (OmSnapshotManager.java:createOmSnapshotCheckpoint(317)) - Created checkpoint : /home/runner/work/ozone/ozone/hadoop-ozone/integration-test/target/test-dir/MiniOzoneClusterImpl-bcbc84c2-519e-42a0-a817-fd35ffaa666a/omNode-1/db.snapshots/om.db-9648ce93-bb5f-4344-abbc-727f90554616 for snapshot fb26dc3d-74c7-471c-bad2-9ffe5e4c122c
2023-03-29 22:45:15,261 [OMDoubleBufferFlushThread] INFO  db.RDBCheckpointManager (RDBCheckpointManager.java:createCheckpoint(96)) - Created checkpoint in rocksDB at /home/runner/work/ozone/ozone/hadoop-ozone/integration-test/target/test-dir/MiniOzoneClusterImpl-bcbc84c2-519e-42a0-a817-fd35ffaa666a/omNode-3/db.snapshots/om.db-9648ce93-bb5f-4344-abbc-727f90554616 in 66 milliseconds
2023-03-29 22:45:15,261 [OMDoubleBufferFlushThread] INFO  db.RDBCheckpointManager (RDBCheckpointManager.java:createCheckpoint(96)) - Created checkpoint in rocksDB at /home/runner/work/ozone/ozone/hadoop-ozone/integration-test/target/test-dir/MiniOzoneClusterImpl-bcbc84c2-519e-42a0-a817-fd35ffaa666a/omNode-2/db.snapshots/om.db-9648ce93-bb5f-4344-abbc-727f90554616 in 64 milliseconds
2023-03-29 22:45:15,262 [OMDoubleBufferFlushThread] INFO  db.RDBCheckpointManager (RDBCheckpointManager.java:waitForCheckpointDirectoryExist(125)) - Waited for 1 milliseconds for checkpoint directory /home/runner/work/ozone/ozone/hadoop-ozone/integration-test/target/test-dir/MiniOzoneClusterImpl-bcbc84c2-519e-42a0-a817-fd35ffaa666a/omNode-3/db.snapshots/om.db-9648ce93-bb5f-4344-abbc-727f90554616 availability.
2023-03-29 22:45:15,262 [OMDoubleBufferFlushThread] WARN  om.OmSnapshotManager (OmSnapshotManager.java:deleteKeysInSnapshotScopeFromDTableInternal(396)) - Took 383023 ns to clean up deletedTable
2023-03-29 22:45:15,262 [OMDoubleBufferFlushThread] INFO  om.OmSnapshotManager (OmSnapshotManager.java:createOmSnapshotCheckpoint(317)) - Created checkpoint : /home/runner/work/ozone/ozone/hadoop-ozone/integration-test/target/test-dir/MiniOzoneClusterImpl-bcbc84c2-519e-42a0-a817-fd35ffaa666a/omNode-3/db.snapshots/om.db-9648ce93-bb5f-4344-abbc-727f90554616 for snapshot fb26dc3d-74c7-471c-bad2-9ffe5e4c122c
2023-03-29 22:45:15,263 [OMDoubleBufferFlushThread] INFO  db.RDBCheckpointManager (RDBCheckpointManager.java:waitForCheckpointDirectoryExist(125)) - Waited for 2 milliseconds for checkpoint directory /home/runner/work/ozone/ozone/hadoop-ozone/integration-test/target/test-dir/MiniOzoneClusterImpl-bcbc84c2-519e-42a0-a817-fd35ffaa666a/omNode-2/db.snapshots/om.db-9648ce93-bb5f-4344-abbc-727f90554616 availability.
2023-03-29 22:45:15,264 [OMDoubleBufferFlushThread] WARN  om.OmSnapshotManager (OmSnapshotManager.java:deleteKeysInSnapshotScopeFromDTableInternal(396)) - Took 408225 ns to clean up deletedTable
2023-03-29 22:45:15,264 [OMDoubleBufferFlushThread] INFO  om.OmSnapshotManager (OmSnapshotManager.java:createOmSnapshotCheckpoint(317)) - Created checkpoint : /home/runner/work/ozone/ozone/hadoop-ozone/integration-test/target/test-dir/MiniOzoneClusterImpl-bcbc84c2-519e-42a0-a817-fd35ffaa666a/omNode-2/db.snapshots/om.db-9648ce93-bb5f-4344-abbc-727f90554616 for snapshot fb26dc3d-74c7-471c-bad2-9ffe5e4c122c
2023-03-29 22:45:16,204 [IPC Server handler 8 on default port 40933] WARN  server.ServerUtils (ServerUtils.java:getDBPath(225)) - ozone.om.db.dirs is not configured. We recommend adding this setting. Falling back to ozone.metadata.dirs instead.
2023-03-29 22:45:16,204 [IPC Server handler 8 on default port 40933] INFO  codec.OmKeyInfoCodec (OmKeyInfoCodec.java:<init>(49)) - OmKeyInfoCodec ignorePipeline = true
2023-03-29 22:45:16,204 [IPC Server handler 8 on default port 40933] INFO  codec.RepeatedOmKeyInfoCodec (RepeatedOmKeyInfoCodec.java:<init>(41)) - RepeatedOmKeyInfoCodec ignorePipeline = true
2023-03-29 22:45:16,259 [OM StateMachine ApplyTransaction Thread - 0] INFO  snapshot.OMSnapshotCreateRequest (OMSnapshotCreateRequest.java:validateAndUpdateCache(204)) - Created snapshot '4f50d8f6-15da-4014-b53b-11b63902e2dc' under path 'vol-73144/buc-39967'
2023-03-29 22:45:16,262 [OM StateMachine ApplyTransaction Thread - 0] INFO  snapshot.OMSnapshotCreateRequest (OMSnapshotCreateRequest.java:validateAndUpdateCache(204)) - Created snapshot '4f50d8f6-15da-4014-b53b-11b63902e2dc' under path 'vol-73144/buc-39967'
2023-03-29 22:45:16,263 [OM StateMachine ApplyTransaction Thread - 0] INFO  snapshot.OMSnapshotCreateRequest (OMSnapshotCreateRequest.java:validateAndUpdateCache(204)) - Created snapshot '4f50d8f6-15da-4014-b53b-11b63902e2dc' under path 'vol-73144/buc-39967'
2023-03-29 22:45:16,307 [OMDoubleBufferFlushThread] INFO  db.RDBCheckpointManager (RDBCheckpointManager.java:createCheckpoint(96)) - Created checkpoint in rocksDB at /home/runner/work/ozone/ozone/hadoop-ozone/integration-test/target/test-dir/MiniOzoneClusterImpl-bcbc84c2-519e-42a0-a817-fd35ffaa666a/omNode-1/db.snapshots/om.db-a3374562-64b1-4ba7-bd63-ce5cc4b1c5bc in 44 milliseconds
2023-03-29 22:45:16,312 [OMDoubleBufferFlushThread] INFO  db.RDBCheckpointManager (RDBCheckpointManager.java:waitForCheckpointDirectoryExist(125)) - Waited for 4 milliseconds for checkpoint directory /home/runner/work/ozone/ozone/hadoop-ozone/integration-test/target/test-dir/MiniOzoneClusterImpl-bcbc84c2-519e-42a0-a817-fd35ffaa666a/omNode-1/db.snapshots/om.db-a3374562-64b1-4ba7-bd63-ce5cc4b1c5bc availability.
2023-03-29 22:45:16,313 [OMDoubleBufferFlushThread] WARN  om.OmSnapshotManager (OmSnapshotManager.java:deleteKeysInSnapshotScopeFromDTableInternal(396)) - Took 415725 ns to clean up deletedTable
2023-03-29 22:45:16,313 [OMDoubleBufferFlushThread] INFO  om.OmSnapshotManager (OmSnapshotManager.java:createOmSnapshotCheckpoint(317)) - Created checkpoint : /home/runner/work/ozone/ozone/hadoop-ozone/integration-test/target/test-dir/MiniOzoneClusterImpl-bcbc84c2-519e-42a0-a817-fd35ffaa666a/omNode-1/db.snapshots/om.db-a3374562-64b1-4ba7-bd63-ce5cc4b1c5bc for snapshot 4f50d8f6-15da-4014-b53b-11b63902e2dc
2023-03-29 22:45:16,318 [OMDoubleBufferFlushThread] INFO  db.RDBCheckpointManager (RDBCheckpointManager.java:createCheckpoint(96)) - Created checkpoint in rocksDB at /home/runner/work/ozone/ozone/hadoop-ozone/integration-test/target/test-dir/MiniOzoneClusterImpl-bcbc84c2-519e-42a0-a817-fd35ffaa666a/omNode-2/db.snapshots/om.db-a3374562-64b1-4ba7-bd63-ce5cc4b1c5bc in 52 milliseconds
2023-03-29 22:45:16,320 [OMDoubleBufferFlushThread] INFO  db.RDBCheckpointManager (RDBCheckpointManager.java:createCheckpoint(96)) - Created checkpoint in rocksDB at /home/runner/work/ozone/ozone/hadoop-ozone/integration-test/target/test-dir/MiniOzoneClusterImpl-bcbc84c2-519e-42a0-a817-fd35ffaa666a/omNode-3/db.snapshots/om.db-a3374562-64b1-4ba7-bd63-ce5cc4b1c5bc in 54 milliseconds
2023-03-29 22:45:16,325 [OMDoubleBufferFlushThread] INFO  db.RDBCheckpointManager (RDBCheckpointManager.java:waitForCheckpointDirectoryExist(125)) - Waited for 5 milliseconds for checkpoint directory /home/runner/work/ozone/ozone/hadoop-ozone/integration-test/target/test-dir/MiniOzoneClusterImpl-bcbc84c2-519e-42a0-a817-fd35ffaa666a/omNode-3/db.snapshots/om.db-a3374562-64b1-4ba7-bd63-ce5cc4b1c5bc availability.
2023-03-29 22:45:16,326 [OMDoubleBufferFlushThread] INFO  db.RDBCheckpointManager (RDBCheckpointManager.java:waitForCheckpointDirectoryExist(125)) - Waited for 8 milliseconds for checkpoint directory /home/runner/work/ozone/ozone/hadoop-ozone/integration-test/target/test-dir/MiniOzoneClusterImpl-bcbc84c2-519e-42a0-a817-fd35ffaa666a/omNode-2/db.snapshots/om.db-a3374562-64b1-4ba7-bd63-ce5cc4b1c5bc availability.
2023-03-29 22:45:16,326 [OMDoubleBufferFlushThread] WARN  om.OmSnapshotManager (OmSnapshotManager.java:deleteKeysInSnapshotScopeFromDTableInternal(396)) - Took 410924 ns to clean up deletedTable
2023-03-29 22:45:16,327 [OMDoubleBufferFlushThread] INFO  om.OmSnapshotManager (OmSnapshotManager.java:createOmSnapshotCheckpoint(317)) - Created checkpoint : /home/runner/work/ozone/ozone/hadoop-ozone/integration-test/target/test-dir/MiniOzoneClusterImpl-bcbc84c2-519e-42a0-a817-fd35ffaa666a/omNode-2/db.snapshots/om.db-a3374562-64b1-4ba7-bd63-ce5cc4b1c5bc for snapshot 4f50d8f6-15da-4014-b53b-11b63902e2dc
2023-03-29 22:45:16,326 [OMDoubleBufferFlushThread] WARN  om.OmSnapshotManager (OmSnapshotManager.java:deleteKeysInSnapshotScopeFromDTableInternal(396)) - Took 422325 ns to clean up deletedTable
2023-03-29 22:45:16,327 [OMDoubleBufferFlushThread] INFO  om.OmSnapshotManager (OmSnapshotManager.java:createOmSnapshotCheckpoint(317)) - Created checkpoint : /home/runner/work/ozone/ozone/hadoop-ozone/integration-test/target/test-dir/MiniOzoneClusterImpl-bcbc84c2-519e-42a0-a817-fd35ffaa666a/omNode-3/db.snapshots/om.db-a3374562-64b1-4ba7-bd63-ce5cc4b1c5bc for snapshot 4f50d8f6-15da-4014-b53b-11b63902e2dc
2023-03-29 22:45:17,262 [IPC Server handler 1 on default port 40933] WARN  server.ServerUtils (ServerUtils.java:getDBPath(225)) - ozone.om.db.dirs is not configured. We recommend adding this setting. Falling back to ozone.metadata.dirs instead.
2023-03-29 22:45:17,263 [IPC Server handler 1 on default port 40933] INFO  codec.OmKeyInfoCodec (OmKeyInfoCodec.java:<init>(49)) - OmKeyInfoCodec ignorePipeline = true
2023-03-29 22:45:17,263 [IPC Server handler 1 on default port 40933] INFO  codec.RepeatedOmKeyInfoCodec (RepeatedOmKeyInfoCodec.java:<init>(41)) - RepeatedOmKeyInfoCodec ignorePipeline = true
]]></system-out>
  </testcase>
  <testcase name="testListDeleteKey" classname="TestOmSnapshot" time="2.174">
    <system-out><![CDATA[2023-03-29 22:46:18,650 [Time-limited test] INFO  rpc.RpcClient (RpcClient.java:createVolume(476)) - Creating Volume: vol-39279, with runner as owner and space quota set to -1 bytes, counts quota set to -1
2023-03-29 22:46:18,653 [OM StateMachine ApplyTransaction Thread - 0] INFO  volume.OMVolumeCreateRequest (OMVolumeCreateRequest.java:validateAndUpdateCache(195)) - created volume:vol-39279 for user:runner
2023-03-29 22:46:18,654 [OM StateMachine ApplyTransaction Thread - 0] INFO  volume.OMVolumeCreateRequest (OMVolumeCreateRequest.java:validateAndUpdateCache(195)) - created volume:vol-39279 for user:runner
2023-03-29 22:46:18,654 [OM StateMachine ApplyTransaction Thread - 0] INFO  volume.OMVolumeCreateRequest (OMVolumeCreateRequest.java:validateAndUpdateCache(195)) - created volume:vol-39279 for user:runner
2023-03-29 22:46:18,659 [Time-limited test] INFO  rpc.RpcClient (RpcClient.java:createBucket(698)) - Creating Bucket: vol-39279/buc-39089, with server-side default bucket layout, runner as owner, Versioning false, Storage Type set to DISK and Encryption set to false, Replication Type set to server-side default replication type, Namespace Quota set to -1, Space Quota set to -1 
2023-03-29 22:46:18,661 [OM StateMachine ApplyTransaction Thread - 0] INFO  bucket.OMBucketCreateRequest (OMBucketCreateRequest.java:validateAndUpdateCache(262)) - created bucket: buc-39089 of layout FILE_SYSTEM_OPTIMIZED in volume: vol-39279
2023-03-29 22:46:18,662 [OM StateMachine ApplyTransaction Thread - 0] INFO  bucket.OMBucketCreateRequest (OMBucketCreateRequest.java:validateAndUpdateCache(262)) - created bucket: buc-39089 of layout FILE_SYSTEM_OPTIMIZED in volume: vol-39279
2023-03-29 22:46:18,663 [OM StateMachine ApplyTransaction Thread - 0] INFO  bucket.OMBucketCreateRequest (OMBucketCreateRequest.java:validateAndUpdateCache(262)) - created bucket: buc-39089 of layout FILE_SYSTEM_OPTIMIZED in volume: vol-39279
2023-03-29 22:46:18,701 [OM StateMachine ApplyTransaction Thread - 0] INFO  snapshot.OMSnapshotCreateRequest (OMSnapshotCreateRequest.java:validateAndUpdateCache(204)) - Created snapshot '643e3b81-98e3-4492-ad8d-3391c072eedb' under path 'vol-39279/buc-39089'
2023-03-29 22:46:18,702 [OM StateMachine ApplyTransaction Thread - 0] INFO  snapshot.OMSnapshotCreateRequest (OMSnapshotCreateRequest.java:validateAndUpdateCache(204)) - Created snapshot '643e3b81-98e3-4492-ad8d-3391c072eedb' under path 'vol-39279/buc-39089'
2023-03-29 22:46:18,702 [OM StateMachine ApplyTransaction Thread - 0] INFO  snapshot.OMSnapshotCreateRequest (OMSnapshotCreateRequest.java:validateAndUpdateCache(204)) - Created snapshot '643e3b81-98e3-4492-ad8d-3391c072eedb' under path 'vol-39279/buc-39089'
2023-03-29 22:46:18,760 [OMDoubleBufferFlushThread] INFO  db.RDBCheckpointManager (RDBCheckpointManager.java:createCheckpoint(96)) - Created checkpoint in rocksDB at /home/runner/work/ozone/ozone/hadoop-ozone/integration-test/target/test-dir/MiniOzoneClusterImpl-8ae17f6e-7b8d-4fcc-9253-feb95f7e1717/omNode-1/db.snapshots/om.db-39075b60-ffde-4d4e-a059-463b1e7e7202 in 56 milliseconds
2023-03-29 22:46:18,763 [OMDoubleBufferFlushThread] INFO  db.RDBCheckpointManager (RDBCheckpointManager.java:waitForCheckpointDirectoryExist(125)) - Waited for 3 milliseconds for checkpoint directory /home/runner/work/ozone/ozone/hadoop-ozone/integration-test/target/test-dir/MiniOzoneClusterImpl-8ae17f6e-7b8d-4fcc-9253-feb95f7e1717/omNode-1/db.snapshots/om.db-39075b60-ffde-4d4e-a059-463b1e7e7202 availability.
2023-03-29 22:46:18,764 [OMDoubleBufferFlushThread] WARN  om.OmSnapshotManager (OmSnapshotManager.java:deleteKeysInSnapshotScopeFromDTableInternal(396)) - Took 401524 ns to clean up deletedTable
2023-03-29 22:46:18,764 [OMDoubleBufferFlushThread] INFO  om.OmSnapshotManager (OmSnapshotManager.java:createOmSnapshotCheckpoint(317)) - Created checkpoint : /home/runner/work/ozone/ozone/hadoop-ozone/integration-test/target/test-dir/MiniOzoneClusterImpl-8ae17f6e-7b8d-4fcc-9253-feb95f7e1717/omNode-1/db.snapshots/om.db-39075b60-ffde-4d4e-a059-463b1e7e7202 for snapshot 643e3b81-98e3-4492-ad8d-3391c072eedb
2023-03-29 22:46:18,773 [OMDoubleBufferFlushThread] INFO  db.RDBCheckpointManager (RDBCheckpointManager.java:createCheckpoint(96)) - Created checkpoint in rocksDB at /home/runner/work/ozone/ozone/hadoop-ozone/integration-test/target/test-dir/MiniOzoneClusterImpl-8ae17f6e-7b8d-4fcc-9253-feb95f7e1717/omNode-3/db.snapshots/om.db-39075b60-ffde-4d4e-a059-463b1e7e7202 in 67 milliseconds
2023-03-29 22:46:18,774 [OMDoubleBufferFlushThread] INFO  db.RDBCheckpointManager (RDBCheckpointManager.java:waitForCheckpointDirectoryExist(125)) - Waited for 1 milliseconds for checkpoint directory /home/runner/work/ozone/ozone/hadoop-ozone/integration-test/target/test-dir/MiniOzoneClusterImpl-8ae17f6e-7b8d-4fcc-9253-feb95f7e1717/omNode-3/db.snapshots/om.db-39075b60-ffde-4d4e-a059-463b1e7e7202 availability.
2023-03-29 22:46:18,774 [OMDoubleBufferFlushThread] WARN  om.OmSnapshotManager (OmSnapshotManager.java:deleteKeysInSnapshotScopeFromDTableInternal(396)) - Took 408523 ns to clean up deletedTable
2023-03-29 22:46:18,774 [OMDoubleBufferFlushThread] INFO  om.OmSnapshotManager (OmSnapshotManager.java:createOmSnapshotCheckpoint(317)) - Created checkpoint : /home/runner/work/ozone/ozone/hadoop-ozone/integration-test/target/test-dir/MiniOzoneClusterImpl-8ae17f6e-7b8d-4fcc-9253-feb95f7e1717/omNode-3/db.snapshots/om.db-39075b60-ffde-4d4e-a059-463b1e7e7202 for snapshot 643e3b81-98e3-4492-ad8d-3391c072eedb
2023-03-29 22:46:18,783 [OMDoubleBufferFlushThread] INFO  db.RDBCheckpointManager (RDBCheckpointManager.java:createCheckpoint(96)) - Created checkpoint in rocksDB at /home/runner/work/ozone/ozone/hadoop-ozone/integration-test/target/test-dir/MiniOzoneClusterImpl-8ae17f6e-7b8d-4fcc-9253-feb95f7e1717/omNode-2/db.snapshots/om.db-39075b60-ffde-4d4e-a059-463b1e7e7202 in 77 milliseconds
2023-03-29 22:46:18,784 [OMDoubleBufferFlushThread] INFO  db.RDBCheckpointManager (RDBCheckpointManager.java:waitForCheckpointDirectoryExist(125)) - Waited for 1 milliseconds for checkpoint directory /home/runner/work/ozone/ozone/hadoop-ozone/integration-test/target/test-dir/MiniOzoneClusterImpl-8ae17f6e-7b8d-4fcc-9253-feb95f7e1717/omNode-2/db.snapshots/om.db-39075b60-ffde-4d4e-a059-463b1e7e7202 availability.
2023-03-29 22:46:18,784 [OMDoubleBufferFlushThread] WARN  om.OmSnapshotManager (OmSnapshotManager.java:deleteKeysInSnapshotScopeFromDTableInternal(396)) - Took 408624 ns to clean up deletedTable
2023-03-29 22:46:18,784 [OMDoubleBufferFlushThread] INFO  om.OmSnapshotManager (OmSnapshotManager.java:createOmSnapshotCheckpoint(317)) - Created checkpoint : /home/runner/work/ozone/ozone/hadoop-ozone/integration-test/target/test-dir/MiniOzoneClusterImpl-8ae17f6e-7b8d-4fcc-9253-feb95f7e1717/omNode-2/db.snapshots/om.db-39075b60-ffde-4d4e-a059-463b1e7e7202 for snapshot 643e3b81-98e3-4492-ad8d-3391c072eedb
2023-03-29 22:46:19,715 [IPC Server handler 9 on default port 38145] WARN  server.ServerUtils (ServerUtils.java:getDBPath(225)) - ozone.om.db.dirs is not configured. We recommend adding this setting. Falling back to ozone.metadata.dirs instead.
2023-03-29 22:46:19,715 [IPC Server handler 9 on default port 38145] INFO  codec.OmKeyInfoCodec (OmKeyInfoCodec.java:<init>(49)) - OmKeyInfoCodec ignorePipeline = true
2023-03-29 22:46:19,715 [IPC Server handler 9 on default port 38145] INFO  codec.RepeatedOmKeyInfoCodec (RepeatedOmKeyInfoCodec.java:<init>(41)) - RepeatedOmKeyInfoCodec ignorePipeline = true
22:46:19.778 [IPC Server handler 8 on default port 38145] ERROR OMAudit - user=runner | ip=127.0.0.1 | op=GET_FILE_STATUS {volume=vol-39279, bucket=buc-39089, key=key-, dataSize=0, replicationConfig=null} | ret=FAILURE
org.apache.hadoop.ozone.om.exceptions.OMException: Unable to get file status: volume: vol-39279 bucket: buc-39089 key: key-
	at org.apache.hadoop.ozone.om.KeyManagerImpl.getOzoneFileStatusFSO(KeyManagerImpl.java:1320) ~[ozone-manager-1.4.0-SNAPSHOT.jar:?]
	at org.apache.hadoop.ozone.om.KeyManagerImpl.getFileStatus(KeyManagerImpl.java:1112) ~[ozone-manager-1.4.0-SNAPSHOT.jar:?]
	at org.apache.hadoop.ozone.om.OmMetadataReader.getFileStatus(OmMetadataReader.java:288) ~[ozone-manager-1.4.0-SNAPSHOT.jar:?]
	at org.apache.hadoop.ozone.om.OmSnapshot.getFileStatus(OmSnapshot.java:118) ~[ozone-manager-1.4.0-SNAPSHOT.jar:?]
	at org.apache.hadoop.ozone.om.OzoneManager.getFileStatus(OzoneManager.java:3488) ~[ozone-manager-1.4.0-SNAPSHOT.jar:?]
	at org.apache.hadoop.ozone.protocolPB.OzoneManagerRequestHandler.getOzoneFileStatus(OzoneManagerRequestHandler.java:934) ~[ozone-manager-1.4.0-SNAPSHOT.jar:?]
	at org.apache.hadoop.ozone.protocolPB.OzoneManagerRequestHandler.handleReadRequest(OzoneManagerRequestHandler.java:238) ~[ozone-manager-1.4.0-SNAPSHOT.jar:?]
	at org.apache.hadoop.ozone.protocolPB.OzoneManagerProtocolServerSideTranslatorPB.submitReadRequestToOM(OzoneManagerProtocolServerSideTranslatorPB.java:223) ~[ozone-manager-1.4.0-SNAPSHOT.jar:?]
	at org.apache.hadoop.ozone.protocolPB.OzoneManagerProtocolServerSideTranslatorPB.processRequest(OzoneManagerProtocolServerSideTranslatorPB.java:177) ~[ozone-manager-1.4.0-SNAPSHOT.jar:?]
	at org.apache.hadoop.hdds.server.OzoneProtocolMessageDispatcher.processRequest(OzoneProtocolMessageDispatcher.java:87) [hdds-server-framework-1.4.0-SNAPSHOT.jar:?]
	at org.apache.hadoop.ozone.protocolPB.OzoneManagerProtocolServerSideTranslatorPB.submitRequest(OzoneManagerProtocolServerSideTranslatorPB.java:147) [ozone-manager-1.4.0-SNAPSHOT.jar:?]
	at org.apache.hadoop.ozone.protocol.proto.OzoneManagerProtocolProtos$OzoneManagerService$2.callBlockingMethod(OzoneManagerProtocolProtos.java) [ozone-interface-client-1.4.0-SNAPSHOT.jar:?]
	at org.apache.hadoop.ipc.ProtobufRpcEngine$Server.processCall(ProtobufRpcEngine.java:465) [hadoop-common-3.3.4.jar:?]
	at org.apache.hadoop.ipc.ProtobufRpcEngine2$Server$ProtoBufRpcInvoker.call(ProtobufRpcEngine2.java:578) [hadoop-common-3.3.4.jar:?]
	at org.apache.hadoop.ipc.ProtobufRpcEngine2$Server$ProtoBufRpcInvoker.call(ProtobufRpcEngine2.java:556) [hadoop-common-3.3.4.jar:?]
	at org.apache.hadoop.ipc.RPC$Server.call(RPC.java:1093) [hadoop-common-3.3.4.jar:?]
	at org.apache.hadoop.ipc.Server$RpcCall.run(Server.java:1043) [hadoop-common-3.3.4.jar:?]
	at org.apache.hadoop.ipc.Server$RpcCall.run(Server.java:971) [hadoop-common-3.3.4.jar:?]
	at java.security.AccessController.doPrivileged(Native Method) ~[?:1.8.0_362]
	at javax.security.auth.Subject.doAs(Subject.java:422) [?:1.8.0_362]
	at org.apache.hadoop.security.UserGroupInformation.doAs(UserGroupInformation.java:1878) [hadoop-common-3.3.4.jar:?]
	at org.apache.hadoop.ipc.Server$Handler.run(Server.java:2976) [hadoop-common-3.3.4.jar:?]
2023-03-29 22:46:19,783 [OM StateMachine ApplyTransaction Thread - 0] INFO  snapshot.OMSnapshotCreateRequest (OMSnapshotCreateRequest.java:validateAndUpdateCache(204)) - Created snapshot '8ffe8d54-7d6b-45ae-b043-b662d35722c1' under path 'vol-39279/buc-39089'
2023-03-29 22:46:19,784 [OM StateMachine ApplyTransaction Thread - 0] INFO  snapshot.OMSnapshotCreateRequest (OMSnapshotCreateRequest.java:validateAndUpdateCache(204)) - Created snapshot '8ffe8d54-7d6b-45ae-b043-b662d35722c1' under path 'vol-39279/buc-39089'
2023-03-29 22:46:19,785 [OM StateMachine ApplyTransaction Thread - 0] INFO  snapshot.OMSnapshotCreateRequest (OMSnapshotCreateRequest.java:validateAndUpdateCache(204)) - Created snapshot '8ffe8d54-7d6b-45ae-b043-b662d35722c1' under path 'vol-39279/buc-39089'
2023-03-29 22:46:19,822 [OMDoubleBufferFlushThread] INFO  db.RDBCheckpointManager (RDBCheckpointManager.java:createCheckpoint(96)) - Created checkpoint in rocksDB at /home/runner/work/ozone/ozone/hadoop-ozone/integration-test/target/test-dir/MiniOzoneClusterImpl-8ae17f6e-7b8d-4fcc-9253-feb95f7e1717/omNode-2/db.snapshots/om.db-e0121f6f-287e-417f-9848-7f6a244a8d99 in 36 milliseconds
2023-03-29 22:46:19,825 [OMDoubleBufferFlushThread] INFO  db.RDBCheckpointManager (RDBCheckpointManager.java:createCheckpoint(96)) - Created checkpoint in rocksDB at /home/runner/work/ozone/ozone/hadoop-ozone/integration-test/target/test-dir/MiniOzoneClusterImpl-8ae17f6e-7b8d-4fcc-9253-feb95f7e1717/omNode-1/db.snapshots/om.db-e0121f6f-287e-417f-9848-7f6a244a8d99 in 39 milliseconds
2023-03-29 22:46:19,829 [OMDoubleBufferFlushThread] INFO  db.RDBCheckpointManager (RDBCheckpointManager.java:waitForCheckpointDirectoryExist(125)) - Waited for 7 milliseconds for checkpoint directory /home/runner/work/ozone/ozone/hadoop-ozone/integration-test/target/test-dir/MiniOzoneClusterImpl-8ae17f6e-7b8d-4fcc-9253-feb95f7e1717/omNode-2/db.snapshots/om.db-e0121f6f-287e-417f-9848-7f6a244a8d99 availability.
2023-03-29 22:46:19,830 [OMDoubleBufferFlushThread] INFO  db.RDBCheckpointManager (RDBCheckpointManager.java:waitForCheckpointDirectoryExist(125)) - Waited for 5 milliseconds for checkpoint directory /home/runner/work/ozone/ozone/hadoop-ozone/integration-test/target/test-dir/MiniOzoneClusterImpl-8ae17f6e-7b8d-4fcc-9253-feb95f7e1717/omNode-1/db.snapshots/om.db-e0121f6f-287e-417f-9848-7f6a244a8d99 availability.
2023-03-29 22:46:19,830 [OMDoubleBufferFlushThread] WARN  om.OmSnapshotManager (OmSnapshotManager.java:deleteKeysInSnapshotScopeFromDTableInternal(396)) - Took 487929 ns to clean up deletedTable
2023-03-29 22:46:19,830 [OMDoubleBufferFlushThread] INFO  om.OmSnapshotManager (OmSnapshotManager.java:createOmSnapshotCheckpoint(317)) - Created checkpoint : /home/runner/work/ozone/ozone/hadoop-ozone/integration-test/target/test-dir/MiniOzoneClusterImpl-8ae17f6e-7b8d-4fcc-9253-feb95f7e1717/omNode-2/db.snapshots/om.db-e0121f6f-287e-417f-9848-7f6a244a8d99 for snapshot 8ffe8d54-7d6b-45ae-b043-b662d35722c1
2023-03-29 22:46:19,830 [OMDoubleBufferFlushThread] WARN  om.OmSnapshotManager (OmSnapshotManager.java:deleteKeysInSnapshotScopeFromDTableInternal(396)) - Took 465027 ns to clean up deletedTable
2023-03-29 22:46:19,831 [OMDoubleBufferFlushThread] INFO  om.OmSnapshotManager (OmSnapshotManager.java:createOmSnapshotCheckpoint(317)) - Created checkpoint : /home/runner/work/ozone/ozone/hadoop-ozone/integration-test/target/test-dir/MiniOzoneClusterImpl-8ae17f6e-7b8d-4fcc-9253-feb95f7e1717/omNode-1/db.snapshots/om.db-e0121f6f-287e-417f-9848-7f6a244a8d99 for snapshot 8ffe8d54-7d6b-45ae-b043-b662d35722c1
2023-03-29 22:46:19,834 [OMDoubleBufferFlushThread] INFO  db.RDBCheckpointManager (RDBCheckpointManager.java:createCheckpoint(96)) - Created checkpoint in rocksDB at /home/runner/work/ozone/ozone/hadoop-ozone/integration-test/target/test-dir/MiniOzoneClusterImpl-8ae17f6e-7b8d-4fcc-9253-feb95f7e1717/omNode-3/db.snapshots/om.db-e0121f6f-287e-417f-9848-7f6a244a8d99 in 45 milliseconds
2023-03-29 22:46:19,838 [OMDoubleBufferFlushThread] INFO  db.RDBCheckpointManager (RDBCheckpointManager.java:waitForCheckpointDirectoryExist(125)) - Waited for 3 milliseconds for checkpoint directory /home/runner/work/ozone/ozone/hadoop-ozone/integration-test/target/test-dir/MiniOzoneClusterImpl-8ae17f6e-7b8d-4fcc-9253-feb95f7e1717/omNode-3/db.snapshots/om.db-e0121f6f-287e-417f-9848-7f6a244a8d99 availability.
2023-03-29 22:46:19,838 [OMDoubleBufferFlushThread] WARN  om.OmSnapshotManager (OmSnapshotManager.java:deleteKeysInSnapshotScopeFromDTableInternal(396)) - Took 425025 ns to clean up deletedTable
2023-03-29 22:46:19,838 [OMDoubleBufferFlushThread] INFO  om.OmSnapshotManager (OmSnapshotManager.java:createOmSnapshotCheckpoint(317)) - Created checkpoint : /home/runner/work/ozone/ozone/hadoop-ozone/integration-test/target/test-dir/MiniOzoneClusterImpl-8ae17f6e-7b8d-4fcc-9253-feb95f7e1717/omNode-3/db.snapshots/om.db-e0121f6f-287e-417f-9848-7f6a244a8d99 for snapshot 8ffe8d54-7d6b-45ae-b043-b662d35722c1
2023-03-29 22:46:20,786 [IPC Server handler 14 on default port 38145] WARN  server.ServerUtils (ServerUtils.java:getDBPath(225)) - ozone.om.db.dirs is not configured. We recommend adding this setting. Falling back to ozone.metadata.dirs instead.
2023-03-29 22:46:20,787 [IPC Server handler 14 on default port 38145] INFO  codec.OmKeyInfoCodec (OmKeyInfoCodec.java:<init>(49)) - OmKeyInfoCodec ignorePipeline = true
2023-03-29 22:46:20,787 [IPC Server handler 14 on default port 38145] INFO  codec.RepeatedOmKeyInfoCodec (RepeatedOmKeyInfoCodec.java:<init>(41)) - RepeatedOmKeyInfoCodec ignorePipeline = true
]]></system-out>
  </testcase>
  <testcase name="testListDeleteKey" classname="TestOmSnapshot" time="2.138">
    <system-out><![CDATA[2023-03-29 22:47:25,034 [Time-limited test] INFO  rpc.RpcClient (RpcClient.java:createVolume(476)) - Creating Volume: vol-00213, with runner as owner and space quota set to -1 bytes, counts quota set to -1
2023-03-29 22:47:25,036 [OM StateMachine ApplyTransaction Thread - 0] INFO  volume.OMVolumeCreateRequest (OMVolumeCreateRequest.java:validateAndUpdateCache(195)) - created volume:vol-00213 for user:runner
2023-03-29 22:47:25,037 [OM StateMachine ApplyTransaction Thread - 0] INFO  volume.OMVolumeCreateRequest (OMVolumeCreateRequest.java:validateAndUpdateCache(195)) - created volume:vol-00213 for user:runner
2023-03-29 22:47:25,037 [OM StateMachine ApplyTransaction Thread - 0] INFO  volume.OMVolumeCreateRequest (OMVolumeCreateRequest.java:validateAndUpdateCache(195)) - created volume:vol-00213 for user:runner
2023-03-29 22:47:25,038 [Time-limited test] INFO  rpc.RpcClient (RpcClient.java:createBucket(698)) - Creating Bucket: vol-00213/buc-62092, with server-side default bucket layout, runner as owner, Versioning false, Storage Type set to DISK and Encryption set to false, Replication Type set to server-side default replication type, Namespace Quota set to -1, Space Quota set to -1 
2023-03-29 22:47:25,040 [OM StateMachine ApplyTransaction Thread - 0] INFO  bucket.OMBucketCreateRequest (OMBucketCreateRequest.java:validateAndUpdateCache(262)) - created bucket: buc-62092 of layout LEGACY in volume: vol-00213
2023-03-29 22:47:25,042 [OM StateMachine ApplyTransaction Thread - 0] INFO  bucket.OMBucketCreateRequest (OMBucketCreateRequest.java:validateAndUpdateCache(262)) - created bucket: buc-62092 of layout LEGACY in volume: vol-00213
2023-03-29 22:47:25,042 [OM StateMachine ApplyTransaction Thread - 0] INFO  bucket.OMBucketCreateRequest (OMBucketCreateRequest.java:validateAndUpdateCache(262)) - created bucket: buc-62092 of layout LEGACY in volume: vol-00213
2023-03-29 22:47:25,065 [OM StateMachine ApplyTransaction Thread - 0] INFO  snapshot.OMSnapshotCreateRequest (OMSnapshotCreateRequest.java:validateAndUpdateCache(204)) - Created snapshot '2491ec80-82e7-4db3-86ae-ba0cc556f4a5' under path 'vol-00213/buc-62092'
2023-03-29 22:47:25,067 [OM StateMachine ApplyTransaction Thread - 0] INFO  snapshot.OMSnapshotCreateRequest (OMSnapshotCreateRequest.java:validateAndUpdateCache(204)) - Created snapshot '2491ec80-82e7-4db3-86ae-ba0cc556f4a5' under path 'vol-00213/buc-62092'
2023-03-29 22:47:25,068 [OM StateMachine ApplyTransaction Thread - 0] INFO  snapshot.OMSnapshotCreateRequest (OMSnapshotCreateRequest.java:validateAndUpdateCache(204)) - Created snapshot '2491ec80-82e7-4db3-86ae-ba0cc556f4a5' under path 'vol-00213/buc-62092'
2023-03-29 22:47:25,527 [JvmPauseMonitor17] WARN  util.JvmPauseMonitor (JvmPauseMonitor.java:detectPause(126)) - JvmPauseMonitor-3991cbd9-9568-4ba2-a189-55b02b3736d1: Detected pause in JVM or host machine (eg GC): pause of approximately 100554397ns.
GC pool 'PS MarkSweep' had collection(s): count=1 time=337ms
GC pool 'PS Scavenge' had collection(s): count=1 time=98ms
2023-03-29 22:47:25,528 [JvmPauseMonitor15] WARN  util.JvmPauseMonitor (JvmPauseMonitor.java:detectPause(126)) - JvmPauseMonitor-a1c822f6-de87-4a46-a736-590ef3e07c50: Detected pause in JVM or host machine (eg GC): pause of approximately 372716939ns.
GC pool 'PS MarkSweep' had collection(s): count=1 time=337ms
GC pool 'PS Scavenge' had collection(s): count=1 time=98ms
2023-03-29 22:47:25,529 [JvmPauseMonitor14] WARN  util.JvmPauseMonitor (JvmPauseMonitor.java:detectPause(126)) - JvmPauseMonitor-omNode-3: Detected pause in JVM or host machine (eg GC): pause of approximately 400936002ns.
GC pool 'PS MarkSweep' had collection(s): count=1 time=337ms
GC pool 'PS Scavenge' had collection(s): count=1 time=98ms
2023-03-29 22:47:25,529 [JvmPauseMonitor12] WARN  util.JvmPauseMonitor (JvmPauseMonitor.java:detectPause(126)) - JvmPauseMonitor-omNode-1: Detected pause in JVM or host machine (eg GC): pause of approximately 421449711ns.
GC pool 'PS MarkSweep' had collection(s): count=1 time=337ms
GC pool 'PS Scavenge' had collection(s): count=1 time=98ms
2023-03-29 22:47:25,571 [OMDoubleBufferFlushThread] INFO  db.RDBCheckpointManager (RDBCheckpointManager.java:createCheckpoint(96)) - Created checkpoint in rocksDB at /home/runner/work/ozone/ozone/hadoop-ozone/integration-test/target/test-dir/MiniOzoneClusterImpl-bfbd9018-35f1-41c4-9115-0ebbd4040a15/omNode-1/db.snapshots/om.db-7d11a3e4-1b81-4c7f-bef1-c2ee2ff96291 in 501 milliseconds
2023-03-29 22:47:25,571 [OMDoubleBufferFlushThread] INFO  db.RDBCheckpointManager (RDBCheckpointManager.java:waitForCheckpointDirectoryExist(125)) - Waited for 0 milliseconds for checkpoint directory /home/runner/work/ozone/ozone/hadoop-ozone/integration-test/target/test-dir/MiniOzoneClusterImpl-bfbd9018-35f1-41c4-9115-0ebbd4040a15/omNode-1/db.snapshots/om.db-7d11a3e4-1b81-4c7f-bef1-c2ee2ff96291 availability.
2023-03-29 22:47:25,572 [OMDoubleBufferFlushThread] INFO  db.RDBCheckpointManager (RDBCheckpointManager.java:createCheckpoint(96)) - Created checkpoint in rocksDB at /home/runner/work/ozone/ozone/hadoop-ozone/integration-test/target/test-dir/MiniOzoneClusterImpl-bfbd9018-35f1-41c4-9115-0ebbd4040a15/omNode-3/db.snapshots/om.db-7d11a3e4-1b81-4c7f-bef1-c2ee2ff96291 in 501 milliseconds
2023-03-29 22:47:25,572 [OMDoubleBufferFlushThread] WARN  om.OmSnapshotManager (OmSnapshotManager.java:deleteKeysInSnapshotScopeFromDTableInternal(396)) - Took 785047 ns to clean up deletedTable
2023-03-29 22:47:25,573 [OMDoubleBufferFlushThread] INFO  om.OmSnapshotManager (OmSnapshotManager.java:createOmSnapshotCheckpoint(317)) - Created checkpoint : /home/runner/work/ozone/ozone/hadoop-ozone/integration-test/target/test-dir/MiniOzoneClusterImpl-bfbd9018-35f1-41c4-9115-0ebbd4040a15/omNode-1/db.snapshots/om.db-7d11a3e4-1b81-4c7f-bef1-c2ee2ff96291 for snapshot 2491ec80-82e7-4db3-86ae-ba0cc556f4a5
2023-03-29 22:47:25,574 [OMDoubleBufferFlushThread] INFO  db.RDBCheckpointManager (RDBCheckpointManager.java:waitForCheckpointDirectoryExist(125)) - Waited for 2 milliseconds for checkpoint directory /home/runner/work/ozone/ozone/hadoop-ozone/integration-test/target/test-dir/MiniOzoneClusterImpl-bfbd9018-35f1-41c4-9115-0ebbd4040a15/omNode-3/db.snapshots/om.db-7d11a3e4-1b81-4c7f-bef1-c2ee2ff96291 availability.
2023-03-29 22:47:25,575 [OMDoubleBufferFlushThread] WARN  om.OmSnapshotManager (OmSnapshotManager.java:deleteKeysInSnapshotScopeFromDTableInternal(396)) - Took 598135 ns to clean up deletedTable
2023-03-29 22:47:25,575 [OMDoubleBufferFlushThread] INFO  om.OmSnapshotManager (OmSnapshotManager.java:createOmSnapshotCheckpoint(317)) - Created checkpoint : /home/runner/work/ozone/ozone/hadoop-ozone/integration-test/target/test-dir/MiniOzoneClusterImpl-bfbd9018-35f1-41c4-9115-0ebbd4040a15/omNode-3/db.snapshots/om.db-7d11a3e4-1b81-4c7f-bef1-c2ee2ff96291 for snapshot 2491ec80-82e7-4db3-86ae-ba0cc556f4a5
2023-03-29 22:47:25,577 [OMDoubleBufferFlushThread] INFO  db.RDBCheckpointManager (RDBCheckpointManager.java:createCheckpoint(96)) - Created checkpoint in rocksDB at /home/runner/work/ozone/ozone/hadoop-ozone/integration-test/target/test-dir/MiniOzoneClusterImpl-bfbd9018-35f1-41c4-9115-0ebbd4040a15/omNode-2/db.snapshots/om.db-7d11a3e4-1b81-4c7f-bef1-c2ee2ff96291 in 506 milliseconds
2023-03-29 22:47:25,577 [OMDoubleBufferFlushThread] INFO  db.RDBCheckpointManager (RDBCheckpointManager.java:waitForCheckpointDirectoryExist(125)) - Waited for 0 milliseconds for checkpoint directory /home/runner/work/ozone/ozone/hadoop-ozone/integration-test/target/test-dir/MiniOzoneClusterImpl-bfbd9018-35f1-41c4-9115-0ebbd4040a15/omNode-2/db.snapshots/om.db-7d11a3e4-1b81-4c7f-bef1-c2ee2ff96291 availability.
2023-03-29 22:47:25,577 [OMDoubleBufferFlushThread] WARN  om.OmSnapshotManager (OmSnapshotManager.java:deleteKeysInSnapshotScopeFromDTableInternal(396)) - Took 324219 ns to clean up deletedTable
2023-03-29 22:47:25,578 [OMDoubleBufferFlushThread] INFO  om.OmSnapshotManager (OmSnapshotManager.java:createOmSnapshotCheckpoint(317)) - Created checkpoint : /home/runner/work/ozone/ozone/hadoop-ozone/integration-test/target/test-dir/MiniOzoneClusterImpl-bfbd9018-35f1-41c4-9115-0ebbd4040a15/omNode-2/db.snapshots/om.db-7d11a3e4-1b81-4c7f-bef1-c2ee2ff96291 for snapshot 2491ec80-82e7-4db3-86ae-ba0cc556f4a5
2023-03-29 22:47:26,075 [IPC Server handler 11 on default port 42479] WARN  server.ServerUtils (ServerUtils.java:getDBPath(225)) - ozone.om.db.dirs is not configured. We recommend adding this setting. Falling back to ozone.metadata.dirs instead.
2023-03-29 22:47:26,076 [IPC Server handler 11 on default port 42479] INFO  codec.OmKeyInfoCodec (OmKeyInfoCodec.java:<init>(49)) - OmKeyInfoCodec ignorePipeline = true
2023-03-29 22:47:26,076 [IPC Server handler 11 on default port 42479] INFO  codec.RepeatedOmKeyInfoCodec (RepeatedOmKeyInfoCodec.java:<init>(41)) - RepeatedOmKeyInfoCodec ignorePipeline = true
2023-03-29 22:47:26,133 [OM StateMachine ApplyTransaction Thread - 0] INFO  snapshot.OMSnapshotCreateRequest (OMSnapshotCreateRequest.java:validateAndUpdateCache(204)) - Created snapshot '7925dd02-7444-47c8-a1a4-09dc1b583da3' under path 'vol-00213/buc-62092'
2023-03-29 22:47:26,135 [OM StateMachine ApplyTransaction Thread - 0] INFO  snapshot.OMSnapshotCreateRequest (OMSnapshotCreateRequest.java:validateAndUpdateCache(204)) - Created snapshot '7925dd02-7444-47c8-a1a4-09dc1b583da3' under path 'vol-00213/buc-62092'
2023-03-29 22:47:26,135 [OM StateMachine ApplyTransaction Thread - 0] INFO  snapshot.OMSnapshotCreateRequest (OMSnapshotCreateRequest.java:validateAndUpdateCache(204)) - Created snapshot '7925dd02-7444-47c8-a1a4-09dc1b583da3' under path 'vol-00213/buc-62092'
2023-03-29 22:47:26,164 [OMDoubleBufferFlushThread] INFO  db.RDBCheckpointManager (RDBCheckpointManager.java:createCheckpoint(96)) - Created checkpoint in rocksDB at /home/runner/work/ozone/ozone/hadoop-ozone/integration-test/target/test-dir/MiniOzoneClusterImpl-bfbd9018-35f1-41c4-9115-0ebbd4040a15/omNode-1/db.snapshots/om.db-ea916bc7-648e-4e07-ab99-3a0b31b3bc3e in 29 milliseconds
2023-03-29 22:47:26,167 [OMDoubleBufferFlushThread] INFO  db.RDBCheckpointManager (RDBCheckpointManager.java:waitForCheckpointDirectoryExist(125)) - Waited for 3 milliseconds for checkpoint directory /home/runner/work/ozone/ozone/hadoop-ozone/integration-test/target/test-dir/MiniOzoneClusterImpl-bfbd9018-35f1-41c4-9115-0ebbd4040a15/omNode-1/db.snapshots/om.db-ea916bc7-648e-4e07-ab99-3a0b31b3bc3e availability.
2023-03-29 22:47:26,167 [OMDoubleBufferFlushThread] WARN  om.OmSnapshotManager (OmSnapshotManager.java:deleteKeysInSnapshotScopeFromDTableInternal(396)) - Took 419024 ns to clean up deletedTable
2023-03-29 22:47:26,168 [OMDoubleBufferFlushThread] INFO  om.OmSnapshotManager (OmSnapshotManager.java:createOmSnapshotCheckpoint(317)) - Created checkpoint : /home/runner/work/ozone/ozone/hadoop-ozone/integration-test/target/test-dir/MiniOzoneClusterImpl-bfbd9018-35f1-41c4-9115-0ebbd4040a15/omNode-1/db.snapshots/om.db-ea916bc7-648e-4e07-ab99-3a0b31b3bc3e for snapshot 7925dd02-7444-47c8-a1a4-09dc1b583da3
2023-03-29 22:47:26,169 [OMDoubleBufferFlushThread] INFO  db.RDBCheckpointManager (RDBCheckpointManager.java:createCheckpoint(96)) - Created checkpoint in rocksDB at /home/runner/work/ozone/ozone/hadoop-ozone/integration-test/target/test-dir/MiniOzoneClusterImpl-bfbd9018-35f1-41c4-9115-0ebbd4040a15/omNode-3/db.snapshots/om.db-ea916bc7-648e-4e07-ab99-3a0b31b3bc3e in 32 milliseconds
2023-03-29 22:47:26,170 [OMDoubleBufferFlushThread] INFO  db.RDBCheckpointManager (RDBCheckpointManager.java:waitForCheckpointDirectoryExist(125)) - Waited for 1 milliseconds for checkpoint directory /home/runner/work/ozone/ozone/hadoop-ozone/integration-test/target/test-dir/MiniOzoneClusterImpl-bfbd9018-35f1-41c4-9115-0ebbd4040a15/omNode-3/db.snapshots/om.db-ea916bc7-648e-4e07-ab99-3a0b31b3bc3e availability.
2023-03-29 22:47:26,170 [OMDoubleBufferFlushThread] WARN  om.OmSnapshotManager (OmSnapshotManager.java:deleteKeysInSnapshotScopeFromDTableInternal(396)) - Took 327719 ns to clean up deletedTable
2023-03-29 22:47:26,170 [OMDoubleBufferFlushThread] INFO  om.OmSnapshotManager (OmSnapshotManager.java:createOmSnapshotCheckpoint(317)) - Created checkpoint : /home/runner/work/ozone/ozone/hadoop-ozone/integration-test/target/test-dir/MiniOzoneClusterImpl-bfbd9018-35f1-41c4-9115-0ebbd4040a15/omNode-3/db.snapshots/om.db-ea916bc7-648e-4e07-ab99-3a0b31b3bc3e for snapshot 7925dd02-7444-47c8-a1a4-09dc1b583da3
2023-03-29 22:47:26,174 [OMDoubleBufferFlushThread] INFO  db.RDBCheckpointManager (RDBCheckpointManager.java:createCheckpoint(96)) - Created checkpoint in rocksDB at /home/runner/work/ozone/ozone/hadoop-ozone/integration-test/target/test-dir/MiniOzoneClusterImpl-bfbd9018-35f1-41c4-9115-0ebbd4040a15/omNode-2/db.snapshots/om.db-ea916bc7-648e-4e07-ab99-3a0b31b3bc3e in 38 milliseconds
2023-03-29 22:47:26,174 [OMDoubleBufferFlushThread] INFO  db.RDBCheckpointManager (RDBCheckpointManager.java:waitForCheckpointDirectoryExist(125)) - Waited for 0 milliseconds for checkpoint directory /home/runner/work/ozone/ozone/hadoop-ozone/integration-test/target/test-dir/MiniOzoneClusterImpl-bfbd9018-35f1-41c4-9115-0ebbd4040a15/omNode-2/db.snapshots/om.db-ea916bc7-648e-4e07-ab99-3a0b31b3bc3e availability.
2023-03-29 22:47:26,175 [OMDoubleBufferFlushThread] WARN  om.OmSnapshotManager (OmSnapshotManager.java:deleteKeysInSnapshotScopeFromDTableInternal(396)) - Took 328719 ns to clean up deletedTable
2023-03-29 22:47:26,175 [OMDoubleBufferFlushThread] INFO  om.OmSnapshotManager (OmSnapshotManager.java:createOmSnapshotCheckpoint(317)) - Created checkpoint : /home/runner/work/ozone/ozone/hadoop-ozone/integration-test/target/test-dir/MiniOzoneClusterImpl-bfbd9018-35f1-41c4-9115-0ebbd4040a15/omNode-2/db.snapshots/om.db-ea916bc7-648e-4e07-ab99-3a0b31b3bc3e for snapshot 7925dd02-7444-47c8-a1a4-09dc1b583da3
2023-03-29 22:47:27,135 [IPC Server handler 12 on default port 42479] WARN  server.ServerUtils (ServerUtils.java:getDBPath(225)) - ozone.om.db.dirs is not configured. We recommend adding this setting. Falling back to ozone.metadata.dirs instead.
2023-03-29 22:47:27,135 [IPC Server handler 12 on default port 42479] INFO  codec.OmKeyInfoCodec (OmKeyInfoCodec.java:<init>(49)) - OmKeyInfoCodec ignorePipeline = true
2023-03-29 22:47:27,136 [IPC Server handler 12 on default port 42479] INFO  codec.RepeatedOmKeyInfoCodec (RepeatedOmKeyInfoCodec.java:<init>(41)) - RepeatedOmKeyInfoCodec ignorePipeline = true
]]></system-out>
  </testcase>
  <testcase name="testListAddNewKey" classname="TestOmSnapshot" time="2.192">
    <system-out><![CDATA[2023-03-29 22:45:17,338 [Time-limited test] INFO  rpc.RpcClient (RpcClient.java:createVolume(476)) - Creating Volume: vol-63350, with runner as owner and space quota set to -1 bytes, counts quota set to -1
2023-03-29 22:45:17,342 [OM StateMachine ApplyTransaction Thread - 0] INFO  volume.OMVolumeCreateRequest (OMVolumeCreateRequest.java:validateAndUpdateCache(195)) - created volume:vol-63350 for user:runner
2023-03-29 22:45:17,346 [Time-limited test] INFO  rpc.RpcClient (RpcClient.java:createBucket(698)) - Creating Bucket: vol-63350/buc-09961, with server-side default bucket layout, runner as owner, Versioning false, Storage Type set to DISK and Encryption set to false, Replication Type set to server-side default replication type, Namespace Quota set to -1, Space Quota set to -1 
2023-03-29 22:45:17,349 [OM StateMachine ApplyTransaction Thread - 0] INFO  volume.OMVolumeCreateRequest (OMVolumeCreateRequest.java:validateAndUpdateCache(195)) - created volume:vol-63350 for user:runner
2023-03-29 22:45:17,349 [OM StateMachine ApplyTransaction Thread - 0] INFO  volume.OMVolumeCreateRequest (OMVolumeCreateRequest.java:validateAndUpdateCache(195)) - created volume:vol-63350 for user:runner
2023-03-29 22:45:17,351 [OM StateMachine ApplyTransaction Thread - 0] INFO  bucket.OMBucketCreateRequest (OMBucketCreateRequest.java:validateAndUpdateCache(262)) - created bucket: buc-09961 of layout OBJECT_STORE in volume: vol-63350
2023-03-29 22:45:17,352 [OM StateMachine ApplyTransaction Thread - 0] INFO  bucket.OMBucketCreateRequest (OMBucketCreateRequest.java:validateAndUpdateCache(262)) - created bucket: buc-09961 of layout OBJECT_STORE in volume: vol-63350
2023-03-29 22:45:17,352 [OM StateMachine ApplyTransaction Thread - 0] INFO  bucket.OMBucketCreateRequest (OMBucketCreateRequest.java:validateAndUpdateCache(262)) - created bucket: buc-09961 of layout OBJECT_STORE in volume: vol-63350
2023-03-29 22:45:17,398 [OM StateMachine ApplyTransaction Thread - 0] INFO  snapshot.OMSnapshotCreateRequest (OMSnapshotCreateRequest.java:validateAndUpdateCache(204)) - Created snapshot 'ba565b2a-3bc5-481f-8039-17dae9202a05' under path 'vol-63350/buc-09961'
2023-03-29 22:45:17,399 [OM StateMachine ApplyTransaction Thread - 0] INFO  snapshot.OMSnapshotCreateRequest (OMSnapshotCreateRequest.java:validateAndUpdateCache(204)) - Created snapshot 'ba565b2a-3bc5-481f-8039-17dae9202a05' under path 'vol-63350/buc-09961'
2023-03-29 22:45:17,400 [OM StateMachine ApplyTransaction Thread - 0] INFO  snapshot.OMSnapshotCreateRequest (OMSnapshotCreateRequest.java:validateAndUpdateCache(204)) - Created snapshot 'ba565b2a-3bc5-481f-8039-17dae9202a05' under path 'vol-63350/buc-09961'
2023-03-29 22:45:17,456 [OMDoubleBufferFlushThread] INFO  db.RDBCheckpointManager (RDBCheckpointManager.java:createCheckpoint(96)) - Created checkpoint in rocksDB at /home/runner/work/ozone/ozone/hadoop-ozone/integration-test/target/test-dir/MiniOzoneClusterImpl-bcbc84c2-519e-42a0-a817-fd35ffaa666a/omNode-1/db.snapshots/om.db-4948a513-342c-4487-a37d-4d5e1051af8b in 54 milliseconds
2023-03-29 22:45:17,457 [OMDoubleBufferFlushThread] INFO  db.RDBCheckpointManager (RDBCheckpointManager.java:waitForCheckpointDirectoryExist(125)) - Waited for 1 milliseconds for checkpoint directory /home/runner/work/ozone/ozone/hadoop-ozone/integration-test/target/test-dir/MiniOzoneClusterImpl-bcbc84c2-519e-42a0-a817-fd35ffaa666a/omNode-1/db.snapshots/om.db-4948a513-342c-4487-a37d-4d5e1051af8b availability.
2023-03-29 22:45:17,458 [OMDoubleBufferFlushThread] WARN  om.OmSnapshotManager (OmSnapshotManager.java:deleteKeysInSnapshotScopeFromDTableInternal(396)) - Took 1015861 ns to clean up deletedTable
2023-03-29 22:45:17,459 [OMDoubleBufferFlushThread] INFO  om.OmSnapshotManager (OmSnapshotManager.java:createOmSnapshotCheckpoint(317)) - Created checkpoint : /home/runner/work/ozone/ozone/hadoop-ozone/integration-test/target/test-dir/MiniOzoneClusterImpl-bcbc84c2-519e-42a0-a817-fd35ffaa666a/omNode-1/db.snapshots/om.db-4948a513-342c-4487-a37d-4d5e1051af8b for snapshot ba565b2a-3bc5-481f-8039-17dae9202a05
2023-03-29 22:45:17,459 [OMDoubleBufferFlushThread] INFO  db.RDBCheckpointManager (RDBCheckpointManager.java:createCheckpoint(96)) - Created checkpoint in rocksDB at /home/runner/work/ozone/ozone/hadoop-ozone/integration-test/target/test-dir/MiniOzoneClusterImpl-bcbc84c2-519e-42a0-a817-fd35ffaa666a/omNode-2/db.snapshots/om.db-4948a513-342c-4487-a37d-4d5e1051af8b in 56 milliseconds
2023-03-29 22:45:17,460 [OMDoubleBufferFlushThread] INFO  db.RDBCheckpointManager (RDBCheckpointManager.java:waitForCheckpointDirectoryExist(125)) - Waited for 0 milliseconds for checkpoint directory /home/runner/work/ozone/ozone/hadoop-ozone/integration-test/target/test-dir/MiniOzoneClusterImpl-bcbc84c2-519e-42a0-a817-fd35ffaa666a/omNode-2/db.snapshots/om.db-4948a513-342c-4487-a37d-4d5e1051af8b availability.
2023-03-29 22:45:17,461 [OMDoubleBufferFlushThread] WARN  om.OmSnapshotManager (OmSnapshotManager.java:deleteKeysInSnapshotScopeFromDTableInternal(396)) - Took 800548 ns to clean up deletedTable
2023-03-29 22:45:17,462 [OMDoubleBufferFlushThread] INFO  om.OmSnapshotManager (OmSnapshotManager.java:createOmSnapshotCheckpoint(317)) - Created checkpoint : /home/runner/work/ozone/ozone/hadoop-ozone/integration-test/target/test-dir/MiniOzoneClusterImpl-bcbc84c2-519e-42a0-a817-fd35ffaa666a/omNode-2/db.snapshots/om.db-4948a513-342c-4487-a37d-4d5e1051af8b for snapshot ba565b2a-3bc5-481f-8039-17dae9202a05
2023-03-29 22:45:17,472 [OMDoubleBufferFlushThread] INFO  db.RDBCheckpointManager (RDBCheckpointManager.java:createCheckpoint(96)) - Created checkpoint in rocksDB at /home/runner/work/ozone/ozone/hadoop-ozone/integration-test/target/test-dir/MiniOzoneClusterImpl-bcbc84c2-519e-42a0-a817-fd35ffaa666a/omNode-3/db.snapshots/om.db-4948a513-342c-4487-a37d-4d5e1051af8b in 69 milliseconds
2023-03-29 22:45:17,472 [OMDoubleBufferFlushThread] INFO  db.RDBCheckpointManager (RDBCheckpointManager.java:waitForCheckpointDirectoryExist(125)) - Waited for 0 milliseconds for checkpoint directory /home/runner/work/ozone/ozone/hadoop-ozone/integration-test/target/test-dir/MiniOzoneClusterImpl-bcbc84c2-519e-42a0-a817-fd35ffaa666a/omNode-3/db.snapshots/om.db-4948a513-342c-4487-a37d-4d5e1051af8b availability.
2023-03-29 22:45:17,473 [OMDoubleBufferFlushThread] WARN  om.OmSnapshotManager (OmSnapshotManager.java:deleteKeysInSnapshotScopeFromDTableInternal(396)) - Took 458827 ns to clean up deletedTable
2023-03-29 22:45:17,473 [OMDoubleBufferFlushThread] INFO  om.OmSnapshotManager (OmSnapshotManager.java:createOmSnapshotCheckpoint(317)) - Created checkpoint : /home/runner/work/ozone/ozone/hadoop-ozone/integration-test/target/test-dir/MiniOzoneClusterImpl-bcbc84c2-519e-42a0-a817-fd35ffaa666a/omNode-3/db.snapshots/om.db-4948a513-342c-4487-a37d-4d5e1051af8b for snapshot ba565b2a-3bc5-481f-8039-17dae9202a05
2023-03-29 22:45:18,431 [OM StateMachine ApplyTransaction Thread - 0] INFO  snapshot.OMSnapshotCreateRequest (OMSnapshotCreateRequest.java:validateAndUpdateCache(204)) - Created snapshot 'c0be5414-493d-4859-a5b7-b6577c052811' under path 'vol-63350/buc-09961'
2023-03-29 22:45:18,433 [OM StateMachine ApplyTransaction Thread - 0] INFO  snapshot.OMSnapshotCreateRequest (OMSnapshotCreateRequest.java:validateAndUpdateCache(204)) - Created snapshot 'c0be5414-493d-4859-a5b7-b6577c052811' under path 'vol-63350/buc-09961'
2023-03-29 22:45:18,433 [OM StateMachine ApplyTransaction Thread - 0] INFO  snapshot.OMSnapshotCreateRequest (OMSnapshotCreateRequest.java:validateAndUpdateCache(204)) - Created snapshot 'c0be5414-493d-4859-a5b7-b6577c052811' under path 'vol-63350/buc-09961'
2023-03-29 22:45:18,478 [OMDoubleBufferFlushThread] INFO  db.RDBCheckpointManager (RDBCheckpointManager.java:createCheckpoint(96)) - Created checkpoint in rocksDB at /home/runner/work/ozone/ozone/hadoop-ozone/integration-test/target/test-dir/MiniOzoneClusterImpl-bcbc84c2-519e-42a0-a817-fd35ffaa666a/omNode-2/db.snapshots/om.db-dce4f958-6964-45e0-8e24-b65939749350 in 42 milliseconds
2023-03-29 22:45:18,479 [OMDoubleBufferFlushThread] INFO  db.RDBCheckpointManager (RDBCheckpointManager.java:waitForCheckpointDirectoryExist(125)) - Waited for 1 milliseconds for checkpoint directory /home/runner/work/ozone/ozone/hadoop-ozone/integration-test/target/test-dir/MiniOzoneClusterImpl-bcbc84c2-519e-42a0-a817-fd35ffaa666a/omNode-2/db.snapshots/om.db-dce4f958-6964-45e0-8e24-b65939749350 availability.
2023-03-29 22:45:18,480 [OMDoubleBufferFlushThread] WARN  om.OmSnapshotManager (OmSnapshotManager.java:deleteKeysInSnapshotScopeFromDTableInternal(396)) - Took 533132 ns to clean up deletedTable
2023-03-29 22:45:18,480 [OMDoubleBufferFlushThread] INFO  om.OmSnapshotManager (OmSnapshotManager.java:createOmSnapshotCheckpoint(317)) - Created checkpoint : /home/runner/work/ozone/ozone/hadoop-ozone/integration-test/target/test-dir/MiniOzoneClusterImpl-bcbc84c2-519e-42a0-a817-fd35ffaa666a/omNode-2/db.snapshots/om.db-dce4f958-6964-45e0-8e24-b65939749350 for snapshot c0be5414-493d-4859-a5b7-b6577c052811
2023-03-29 22:45:18,481 [OMDoubleBufferFlushThread] INFO  db.RDBCheckpointManager (RDBCheckpointManager.java:createCheckpoint(96)) - Created checkpoint in rocksDB at /home/runner/work/ozone/ozone/hadoop-ozone/integration-test/target/test-dir/MiniOzoneClusterImpl-bcbc84c2-519e-42a0-a817-fd35ffaa666a/omNode-1/db.snapshots/om.db-dce4f958-6964-45e0-8e24-b65939749350 in 48 milliseconds
2023-03-29 22:45:18,484 [OMDoubleBufferFlushThread] INFO  db.RDBCheckpointManager (RDBCheckpointManager.java:waitForCheckpointDirectoryExist(125)) - Waited for 3 milliseconds for checkpoint directory /home/runner/work/ozone/ozone/hadoop-ozone/integration-test/target/test-dir/MiniOzoneClusterImpl-bcbc84c2-519e-42a0-a817-fd35ffaa666a/omNode-1/db.snapshots/om.db-dce4f958-6964-45e0-8e24-b65939749350 availability.
2023-03-29 22:45:18,484 [OMDoubleBufferFlushThread] WARN  om.OmSnapshotManager (OmSnapshotManager.java:deleteKeysInSnapshotScopeFromDTableInternal(396)) - Took 400324 ns to clean up deletedTable
2023-03-29 22:45:18,485 [OMDoubleBufferFlushThread] INFO  om.OmSnapshotManager (OmSnapshotManager.java:createOmSnapshotCheckpoint(317)) - Created checkpoint : /home/runner/work/ozone/ozone/hadoop-ozone/integration-test/target/test-dir/MiniOzoneClusterImpl-bcbc84c2-519e-42a0-a817-fd35ffaa666a/omNode-1/db.snapshots/om.db-dce4f958-6964-45e0-8e24-b65939749350 for snapshot c0be5414-493d-4859-a5b7-b6577c052811
2023-03-29 22:45:18,487 [OMDoubleBufferFlushThread] INFO  db.RDBCheckpointManager (RDBCheckpointManager.java:createCheckpoint(96)) - Created checkpoint in rocksDB at /home/runner/work/ozone/ozone/hadoop-ozone/integration-test/target/test-dir/MiniOzoneClusterImpl-bcbc84c2-519e-42a0-a817-fd35ffaa666a/omNode-3/db.snapshots/om.db-dce4f958-6964-45e0-8e24-b65939749350 in 50 milliseconds
2023-03-29 22:45:18,488 [OMDoubleBufferFlushThread] INFO  db.RDBCheckpointManager (RDBCheckpointManager.java:waitForCheckpointDirectoryExist(125)) - Waited for 1 milliseconds for checkpoint directory /home/runner/work/ozone/ozone/hadoop-ozone/integration-test/target/test-dir/MiniOzoneClusterImpl-bcbc84c2-519e-42a0-a817-fd35ffaa666a/omNode-3/db.snapshots/om.db-dce4f958-6964-45e0-8e24-b65939749350 availability.
2023-03-29 22:45:18,489 [OMDoubleBufferFlushThread] WARN  om.OmSnapshotManager (OmSnapshotManager.java:deleteKeysInSnapshotScopeFromDTableInternal(396)) - Took 463728 ns to clean up deletedTable
2023-03-29 22:45:18,489 [OMDoubleBufferFlushThread] INFO  om.OmSnapshotManager (OmSnapshotManager.java:createOmSnapshotCheckpoint(317)) - Created checkpoint : /home/runner/work/ozone/ozone/hadoop-ozone/integration-test/target/test-dir/MiniOzoneClusterImpl-bcbc84c2-519e-42a0-a817-fd35ffaa666a/omNode-3/db.snapshots/om.db-dce4f958-6964-45e0-8e24-b65939749350 for snapshot c0be5414-493d-4859-a5b7-b6577c052811
2023-03-29 22:45:19,435 [IPC Server handler 4 on default port 40933] WARN  server.ServerUtils (ServerUtils.java:getDBPath(225)) - ozone.om.db.dirs is not configured. We recommend adding this setting. Falling back to ozone.metadata.dirs instead.
2023-03-29 22:45:19,436 [IPC Server handler 4 on default port 40933] INFO  codec.OmKeyInfoCodec (OmKeyInfoCodec.java:<init>(49)) - OmKeyInfoCodec ignorePipeline = true
2023-03-29 22:45:19,436 [IPC Server handler 4 on default port 40933] INFO  codec.RepeatedOmKeyInfoCodec (RepeatedOmKeyInfoCodec.java:<init>(41)) - RepeatedOmKeyInfoCodec ignorePipeline = true
2023-03-29 22:45:19,475 [IPC Server handler 3 on default port 40933] WARN  server.ServerUtils (ServerUtils.java:getDBPath(225)) - ozone.om.db.dirs is not configured. We recommend adding this setting. Falling back to ozone.metadata.dirs instead.
2023-03-29 22:45:19,475 [IPC Server handler 3 on default port 40933] INFO  codec.OmKeyInfoCodec (OmKeyInfoCodec.java:<init>(49)) - OmKeyInfoCodec ignorePipeline = true
2023-03-29 22:45:19,476 [IPC Server handler 3 on default port 40933] INFO  codec.RepeatedOmKeyInfoCodec (RepeatedOmKeyInfoCodec.java:<init>(41)) - RepeatedOmKeyInfoCodec ignorePipeline = true
]]></system-out>
  </testcase>
  <testcase name="testListAddNewKey" classname="TestOmSnapshot" time="2.193">
    <system-out><![CDATA[2023-03-29 22:46:20,825 [Time-limited test] INFO  rpc.RpcClient (RpcClient.java:createVolume(476)) - Creating Volume: vol-89186, with runner as owner and space quota set to -1 bytes, counts quota set to -1
2023-03-29 22:46:20,828 [OM StateMachine ApplyTransaction Thread - 0] INFO  volume.OMVolumeCreateRequest (OMVolumeCreateRequest.java:validateAndUpdateCache(195)) - created volume:vol-89186 for user:runner
2023-03-29 22:46:20,830 [OM StateMachine ApplyTransaction Thread - 0] INFO  volume.OMVolumeCreateRequest (OMVolumeCreateRequest.java:validateAndUpdateCache(195)) - created volume:vol-89186 for user:runner
2023-03-29 22:46:20,830 [OM StateMachine ApplyTransaction Thread - 0] INFO  volume.OMVolumeCreateRequest (OMVolumeCreateRequest.java:validateAndUpdateCache(195)) - created volume:vol-89186 for user:runner
2023-03-29 22:46:20,831 [Time-limited test] INFO  rpc.RpcClient (RpcClient.java:createBucket(698)) - Creating Bucket: vol-89186/buc-74537, with server-side default bucket layout, runner as owner, Versioning false, Storage Type set to DISK and Encryption set to false, Replication Type set to server-side default replication type, Namespace Quota set to -1, Space Quota set to -1 
2023-03-29 22:46:20,834 [OM StateMachine ApplyTransaction Thread - 0] INFO  bucket.OMBucketCreateRequest (OMBucketCreateRequest.java:validateAndUpdateCache(262)) - created bucket: buc-74537 of layout FILE_SYSTEM_OPTIMIZED in volume: vol-89186
2023-03-29 22:46:20,835 [OM StateMachine ApplyTransaction Thread - 0] INFO  bucket.OMBucketCreateRequest (OMBucketCreateRequest.java:validateAndUpdateCache(262)) - created bucket: buc-74537 of layout FILE_SYSTEM_OPTIMIZED in volume: vol-89186
2023-03-29 22:46:20,836 [OM StateMachine ApplyTransaction Thread - 0] INFO  bucket.OMBucketCreateRequest (OMBucketCreateRequest.java:validateAndUpdateCache(262)) - created bucket: buc-74537 of layout FILE_SYSTEM_OPTIMIZED in volume: vol-89186
2023-03-29 22:46:20,879 [OM StateMachine ApplyTransaction Thread - 0] INFO  snapshot.OMSnapshotCreateRequest (OMSnapshotCreateRequest.java:validateAndUpdateCache(204)) - Created snapshot 'f11dfde9-3ca8-4779-b6f5-b6e8af13ff0f' under path 'vol-89186/buc-74537'
2023-03-29 22:46:20,883 [OM StateMachine ApplyTransaction Thread - 0] INFO  snapshot.OMSnapshotCreateRequest (OMSnapshotCreateRequest.java:validateAndUpdateCache(204)) - Created snapshot 'f11dfde9-3ca8-4779-b6f5-b6e8af13ff0f' under path 'vol-89186/buc-74537'
2023-03-29 22:46:20,884 [OM StateMachine ApplyTransaction Thread - 0] INFO  snapshot.OMSnapshotCreateRequest (OMSnapshotCreateRequest.java:validateAndUpdateCache(204)) - Created snapshot 'f11dfde9-3ca8-4779-b6f5-b6e8af13ff0f' under path 'vol-89186/buc-74537'
2023-03-29 22:46:20,949 [OMDoubleBufferFlushThread] INFO  db.RDBCheckpointManager (RDBCheckpointManager.java:createCheckpoint(96)) - Created checkpoint in rocksDB at /home/runner/work/ozone/ozone/hadoop-ozone/integration-test/target/test-dir/MiniOzoneClusterImpl-8ae17f6e-7b8d-4fcc-9253-feb95f7e1717/omNode-1/db.snapshots/om.db-c3fa4752-24d9-4043-b23a-23e6f3928d9a in 65 milliseconds
2023-03-29 22:46:20,950 [OMDoubleBufferFlushThread] INFO  db.RDBCheckpointManager (RDBCheckpointManager.java:waitForCheckpointDirectoryExist(125)) - Waited for 1 milliseconds for checkpoint directory /home/runner/work/ozone/ozone/hadoop-ozone/integration-test/target/test-dir/MiniOzoneClusterImpl-8ae17f6e-7b8d-4fcc-9253-feb95f7e1717/omNode-1/db.snapshots/om.db-c3fa4752-24d9-4043-b23a-23e6f3928d9a availability.
2023-03-29 22:46:20,951 [OMDoubleBufferFlushThread] WARN  om.OmSnapshotManager (OmSnapshotManager.java:deleteKeysInSnapshotScopeFromDTableInternal(396)) - Took 738144 ns to clean up deletedTable
2023-03-29 22:46:20,951 [OMDoubleBufferFlushThread] INFO  om.OmSnapshotManager (OmSnapshotManager.java:createOmSnapshotCheckpoint(317)) - Created checkpoint : /home/runner/work/ozone/ozone/hadoop-ozone/integration-test/target/test-dir/MiniOzoneClusterImpl-8ae17f6e-7b8d-4fcc-9253-feb95f7e1717/omNode-1/db.snapshots/om.db-c3fa4752-24d9-4043-b23a-23e6f3928d9a for snapshot f11dfde9-3ca8-4779-b6f5-b6e8af13ff0f
2023-03-29 22:46:20,960 [OMDoubleBufferFlushThread] INFO  db.RDBCheckpointManager (RDBCheckpointManager.java:createCheckpoint(96)) - Created checkpoint in rocksDB at /home/runner/work/ozone/ozone/hadoop-ozone/integration-test/target/test-dir/MiniOzoneClusterImpl-8ae17f6e-7b8d-4fcc-9253-feb95f7e1717/omNode-3/db.snapshots/om.db-c3fa4752-24d9-4043-b23a-23e6f3928d9a in 76 milliseconds
2023-03-29 22:46:20,962 [OMDoubleBufferFlushThread] INFO  db.RDBCheckpointManager (RDBCheckpointManager.java:createCheckpoint(96)) - Created checkpoint in rocksDB at /home/runner/work/ozone/ozone/hadoop-ozone/integration-test/target/test-dir/MiniOzoneClusterImpl-8ae17f6e-7b8d-4fcc-9253-feb95f7e1717/omNode-2/db.snapshots/om.db-c3fa4752-24d9-4043-b23a-23e6f3928d9a in 76 milliseconds
2023-03-29 22:46:20,962 [OMDoubleBufferFlushThread] INFO  db.RDBCheckpointManager (RDBCheckpointManager.java:waitForCheckpointDirectoryExist(125)) - Waited for 2 milliseconds for checkpoint directory /home/runner/work/ozone/ozone/hadoop-ozone/integration-test/target/test-dir/MiniOzoneClusterImpl-8ae17f6e-7b8d-4fcc-9253-feb95f7e1717/omNode-3/db.snapshots/om.db-c3fa4752-24d9-4043-b23a-23e6f3928d9a availability.
2023-03-29 22:46:20,963 [OMDoubleBufferFlushThread] WARN  om.OmSnapshotManager (OmSnapshotManager.java:deleteKeysInSnapshotScopeFromDTableInternal(396)) - Took 401023 ns to clean up deletedTable
2023-03-29 22:46:20,963 [OMDoubleBufferFlushThread] INFO  om.OmSnapshotManager (OmSnapshotManager.java:createOmSnapshotCheckpoint(317)) - Created checkpoint : /home/runner/work/ozone/ozone/hadoop-ozone/integration-test/target/test-dir/MiniOzoneClusterImpl-8ae17f6e-7b8d-4fcc-9253-feb95f7e1717/omNode-3/db.snapshots/om.db-c3fa4752-24d9-4043-b23a-23e6f3928d9a for snapshot f11dfde9-3ca8-4779-b6f5-b6e8af13ff0f
2023-03-29 22:46:20,968 [OMDoubleBufferFlushThread] INFO  db.RDBCheckpointManager (RDBCheckpointManager.java:waitForCheckpointDirectoryExist(125)) - Waited for 6 milliseconds for checkpoint directory /home/runner/work/ozone/ozone/hadoop-ozone/integration-test/target/test-dir/MiniOzoneClusterImpl-8ae17f6e-7b8d-4fcc-9253-feb95f7e1717/omNode-2/db.snapshots/om.db-c3fa4752-24d9-4043-b23a-23e6f3928d9a availability.
2023-03-29 22:46:20,968 [OMDoubleBufferFlushThread] WARN  om.OmSnapshotManager (OmSnapshotManager.java:deleteKeysInSnapshotScopeFromDTableInternal(396)) - Took 399324 ns to clean up deletedTable
2023-03-29 22:46:20,969 [OMDoubleBufferFlushThread] INFO  om.OmSnapshotManager (OmSnapshotManager.java:createOmSnapshotCheckpoint(317)) - Created checkpoint : /home/runner/work/ozone/ozone/hadoop-ozone/integration-test/target/test-dir/MiniOzoneClusterImpl-8ae17f6e-7b8d-4fcc-9253-feb95f7e1717/omNode-2/db.snapshots/om.db-c3fa4752-24d9-4043-b23a-23e6f3928d9a for snapshot f11dfde9-3ca8-4779-b6f5-b6e8af13ff0f
2023-03-29 22:46:21,910 [OM StateMachine ApplyTransaction Thread - 0] INFO  snapshot.OMSnapshotCreateRequest (OMSnapshotCreateRequest.java:validateAndUpdateCache(204)) - Created snapshot 'cf08ca87-6395-4192-ac8a-c9e4c4399543' under path 'vol-89186/buc-74537'
2023-03-29 22:46:21,912 [OM StateMachine ApplyTransaction Thread - 0] INFO  snapshot.OMSnapshotCreateRequest (OMSnapshotCreateRequest.java:validateAndUpdateCache(204)) - Created snapshot 'cf08ca87-6395-4192-ac8a-c9e4c4399543' under path 'vol-89186/buc-74537'
2023-03-29 22:46:21,913 [OM StateMachine ApplyTransaction Thread - 0] INFO  snapshot.OMSnapshotCreateRequest (OMSnapshotCreateRequest.java:validateAndUpdateCache(204)) - Created snapshot 'cf08ca87-6395-4192-ac8a-c9e4c4399543' under path 'vol-89186/buc-74537'
2023-03-29 22:46:22,041 [OMDoubleBufferFlushThread] INFO  db.RDBCheckpointManager (RDBCheckpointManager.java:createCheckpoint(96)) - Created checkpoint in rocksDB at /home/runner/work/ozone/ozone/hadoop-ozone/integration-test/target/test-dir/MiniOzoneClusterImpl-8ae17f6e-7b8d-4fcc-9253-feb95f7e1717/omNode-1/db.snapshots/om.db-8db5f4d1-7533-4e9c-a491-6486ddff5c9f in 127 milliseconds
2023-03-29 22:46:22,043 [OMDoubleBufferFlushThread] INFO  db.RDBCheckpointManager (RDBCheckpointManager.java:waitForCheckpointDirectoryExist(125)) - Waited for 2 milliseconds for checkpoint directory /home/runner/work/ozone/ozone/hadoop-ozone/integration-test/target/test-dir/MiniOzoneClusterImpl-8ae17f6e-7b8d-4fcc-9253-feb95f7e1717/omNode-1/db.snapshots/om.db-8db5f4d1-7533-4e9c-a491-6486ddff5c9f availability.
2023-03-29 22:46:22,043 [OMDoubleBufferFlushThread] WARN  om.OmSnapshotManager (OmSnapshotManager.java:deleteKeysInSnapshotScopeFromDTableInternal(396)) - Took 449226 ns to clean up deletedTable
2023-03-29 22:46:22,043 [OMDoubleBufferFlushThread] INFO  om.OmSnapshotManager (OmSnapshotManager.java:createOmSnapshotCheckpoint(317)) - Created checkpoint : /home/runner/work/ozone/ozone/hadoop-ozone/integration-test/target/test-dir/MiniOzoneClusterImpl-8ae17f6e-7b8d-4fcc-9253-feb95f7e1717/omNode-1/db.snapshots/om.db-8db5f4d1-7533-4e9c-a491-6486ddff5c9f for snapshot cf08ca87-6395-4192-ac8a-c9e4c4399543
2023-03-29 22:46:22,058 [OMDoubleBufferFlushThread] INFO  db.RDBCheckpointManager (RDBCheckpointManager.java:createCheckpoint(96)) - Created checkpoint in rocksDB at /home/runner/work/ozone/ozone/hadoop-ozone/integration-test/target/test-dir/MiniOzoneClusterImpl-8ae17f6e-7b8d-4fcc-9253-feb95f7e1717/omNode-2/db.snapshots/om.db-8db5f4d1-7533-4e9c-a491-6486ddff5c9f in 142 milliseconds
2023-03-29 22:46:22,059 [OMDoubleBufferFlushThread] INFO  db.RDBCheckpointManager (RDBCheckpointManager.java:waitForCheckpointDirectoryExist(125)) - Waited for 1 milliseconds for checkpoint directory /home/runner/work/ozone/ozone/hadoop-ozone/integration-test/target/test-dir/MiniOzoneClusterImpl-8ae17f6e-7b8d-4fcc-9253-feb95f7e1717/omNode-2/db.snapshots/om.db-8db5f4d1-7533-4e9c-a491-6486ddff5c9f availability.
2023-03-29 22:46:22,059 [OMDoubleBufferFlushThread] WARN  om.OmSnapshotManager (OmSnapshotManager.java:deleteKeysInSnapshotScopeFromDTableInternal(396)) - Took 451326 ns to clean up deletedTable
2023-03-29 22:46:22,060 [OMDoubleBufferFlushThread] INFO  om.OmSnapshotManager (OmSnapshotManager.java:createOmSnapshotCheckpoint(317)) - Created checkpoint : /home/runner/work/ozone/ozone/hadoop-ozone/integration-test/target/test-dir/MiniOzoneClusterImpl-8ae17f6e-7b8d-4fcc-9253-feb95f7e1717/omNode-2/db.snapshots/om.db-8db5f4d1-7533-4e9c-a491-6486ddff5c9f for snapshot cf08ca87-6395-4192-ac8a-c9e4c4399543
2023-03-29 22:46:22,061 [OMDoubleBufferFlushThread] INFO  db.RDBCheckpointManager (RDBCheckpointManager.java:createCheckpoint(96)) - Created checkpoint in rocksDB at /home/runner/work/ozone/ozone/hadoop-ozone/integration-test/target/test-dir/MiniOzoneClusterImpl-8ae17f6e-7b8d-4fcc-9253-feb95f7e1717/omNode-3/db.snapshots/om.db-8db5f4d1-7533-4e9c-a491-6486ddff5c9f in 146 milliseconds
2023-03-29 22:46:22,066 [OMDoubleBufferFlushThread] INFO  db.RDBCheckpointManager (RDBCheckpointManager.java:waitForCheckpointDirectoryExist(125)) - Waited for 5 milliseconds for checkpoint directory /home/runner/work/ozone/ozone/hadoop-ozone/integration-test/target/test-dir/MiniOzoneClusterImpl-8ae17f6e-7b8d-4fcc-9253-feb95f7e1717/omNode-3/db.snapshots/om.db-8db5f4d1-7533-4e9c-a491-6486ddff5c9f availability.
2023-03-29 22:46:22,066 [OMDoubleBufferFlushThread] WARN  om.OmSnapshotManager (OmSnapshotManager.java:deleteKeysInSnapshotScopeFromDTableInternal(396)) - Took 493029 ns to clean up deletedTable
2023-03-29 22:46:22,067 [OMDoubleBufferFlushThread] INFO  om.OmSnapshotManager (OmSnapshotManager.java:createOmSnapshotCheckpoint(317)) - Created checkpoint : /home/runner/work/ozone/ozone/hadoop-ozone/integration-test/target/test-dir/MiniOzoneClusterImpl-8ae17f6e-7b8d-4fcc-9253-feb95f7e1717/omNode-3/db.snapshots/om.db-8db5f4d1-7533-4e9c-a491-6486ddff5c9f for snapshot cf08ca87-6395-4192-ac8a-c9e4c4399543
2023-03-29 22:46:22,912 [IPC Server handler 3 on default port 38145] WARN  server.ServerUtils (ServerUtils.java:getDBPath(225)) - ozone.om.db.dirs is not configured. We recommend adding this setting. Falling back to ozone.metadata.dirs instead.
2023-03-29 22:46:22,913 [IPC Server handler 3 on default port 38145] INFO  codec.OmKeyInfoCodec (OmKeyInfoCodec.java:<init>(49)) - OmKeyInfoCodec ignorePipeline = true
2023-03-29 22:46:22,913 [IPC Server handler 3 on default port 38145] INFO  codec.RepeatedOmKeyInfoCodec (RepeatedOmKeyInfoCodec.java:<init>(41)) - RepeatedOmKeyInfoCodec ignorePipeline = true
22:46:22.957 [IPC Server handler 6 on default port 38145] ERROR OMAudit - user=runner | ip=127.0.0.1 | op=GET_FILE_STATUS {volume=vol-89186, bucket=buc-74537, key=key-, dataSize=0, replicationConfig=null} | ret=FAILURE
org.apache.hadoop.ozone.om.exceptions.OMException: Unable to get file status: volume: vol-89186 bucket: buc-74537 key: key-
	at org.apache.hadoop.ozone.om.KeyManagerImpl.getOzoneFileStatusFSO(KeyManagerImpl.java:1320) ~[ozone-manager-1.4.0-SNAPSHOT.jar:?]
	at org.apache.hadoop.ozone.om.KeyManagerImpl.getFileStatus(KeyManagerImpl.java:1112) ~[ozone-manager-1.4.0-SNAPSHOT.jar:?]
	at org.apache.hadoop.ozone.om.OmMetadataReader.getFileStatus(OmMetadataReader.java:288) ~[ozone-manager-1.4.0-SNAPSHOT.jar:?]
	at org.apache.hadoop.ozone.om.OmSnapshot.getFileStatus(OmSnapshot.java:118) ~[ozone-manager-1.4.0-SNAPSHOT.jar:?]
	at org.apache.hadoop.ozone.om.OzoneManager.getFileStatus(OzoneManager.java:3488) ~[ozone-manager-1.4.0-SNAPSHOT.jar:?]
	at org.apache.hadoop.ozone.protocolPB.OzoneManagerRequestHandler.getOzoneFileStatus(OzoneManagerRequestHandler.java:934) ~[ozone-manager-1.4.0-SNAPSHOT.jar:?]
	at org.apache.hadoop.ozone.protocolPB.OzoneManagerRequestHandler.handleReadRequest(OzoneManagerRequestHandler.java:238) ~[ozone-manager-1.4.0-SNAPSHOT.jar:?]
	at org.apache.hadoop.ozone.protocolPB.OzoneManagerProtocolServerSideTranslatorPB.submitReadRequestToOM(OzoneManagerProtocolServerSideTranslatorPB.java:223) ~[ozone-manager-1.4.0-SNAPSHOT.jar:?]
	at org.apache.hadoop.ozone.protocolPB.OzoneManagerProtocolServerSideTranslatorPB.processRequest(OzoneManagerProtocolServerSideTranslatorPB.java:177) ~[ozone-manager-1.4.0-SNAPSHOT.jar:?]
	at org.apache.hadoop.hdds.server.OzoneProtocolMessageDispatcher.processRequest(OzoneProtocolMessageDispatcher.java:87) [hdds-server-framework-1.4.0-SNAPSHOT.jar:?]
	at org.apache.hadoop.ozone.protocolPB.OzoneManagerProtocolServerSideTranslatorPB.submitRequest(OzoneManagerProtocolServerSideTranslatorPB.java:147) [ozone-manager-1.4.0-SNAPSHOT.jar:?]
	at org.apache.hadoop.ozone.protocol.proto.OzoneManagerProtocolProtos$OzoneManagerService$2.callBlockingMethod(OzoneManagerProtocolProtos.java) [ozone-interface-client-1.4.0-SNAPSHOT.jar:?]
	at org.apache.hadoop.ipc.ProtobufRpcEngine$Server.processCall(ProtobufRpcEngine.java:465) [hadoop-common-3.3.4.jar:?]
	at org.apache.hadoop.ipc.ProtobufRpcEngine2$Server$ProtoBufRpcInvoker.call(ProtobufRpcEngine2.java:578) [hadoop-common-3.3.4.jar:?]
	at org.apache.hadoop.ipc.ProtobufRpcEngine2$Server$ProtoBufRpcInvoker.call(ProtobufRpcEngine2.java:556) [hadoop-common-3.3.4.jar:?]
	at org.apache.hadoop.ipc.RPC$Server.call(RPC.java:1093) [hadoop-common-3.3.4.jar:?]
	at org.apache.hadoop.ipc.Server$RpcCall.run(Server.java:1043) [hadoop-common-3.3.4.jar:?]
	at org.apache.hadoop.ipc.Server$RpcCall.run(Server.java:971) [hadoop-common-3.3.4.jar:?]
	at java.security.AccessController.doPrivileged(Native Method) ~[?:1.8.0_362]
	at javax.security.auth.Subject.doAs(Subject.java:422) [?:1.8.0_362]
	at org.apache.hadoop.security.UserGroupInformation.doAs(UserGroupInformation.java:1878) [hadoop-common-3.3.4.jar:?]
	at org.apache.hadoop.ipc.Server$Handler.run(Server.java:2976) [hadoop-common-3.3.4.jar:?]
2023-03-29 22:46:22,961 [IPC Server handler 7 on default port 38145] WARN  server.ServerUtils (ServerUtils.java:getDBPath(225)) - ozone.om.db.dirs is not configured. We recommend adding this setting. Falling back to ozone.metadata.dirs instead.
2023-03-29 22:46:22,961 [IPC Server handler 7 on default port 38145] INFO  codec.OmKeyInfoCodec (OmKeyInfoCodec.java:<init>(49)) - OmKeyInfoCodec ignorePipeline = true
2023-03-29 22:46:22,961 [IPC Server handler 7 on default port 38145] INFO  codec.RepeatedOmKeyInfoCodec (RepeatedOmKeyInfoCodec.java:<init>(41)) - RepeatedOmKeyInfoCodec ignorePipeline = true
22:46:23.001 [IPC Server handler 4 on default port 38145] ERROR OMAudit - user=runner | ip=127.0.0.1 | op=GET_FILE_STATUS {volume=vol-89186, bucket=buc-74537, key=key-, dataSize=0, replicationConfig=null} | ret=FAILURE
org.apache.hadoop.ozone.om.exceptions.OMException: Unable to get file status: volume: vol-89186 bucket: buc-74537 key: key-
	at org.apache.hadoop.ozone.om.KeyManagerImpl.getOzoneFileStatusFSO(KeyManagerImpl.java:1320) ~[ozone-manager-1.4.0-SNAPSHOT.jar:?]
	at org.apache.hadoop.ozone.om.KeyManagerImpl.getFileStatus(KeyManagerImpl.java:1112) ~[ozone-manager-1.4.0-SNAPSHOT.jar:?]
	at org.apache.hadoop.ozone.om.OmMetadataReader.getFileStatus(OmMetadataReader.java:288) ~[ozone-manager-1.4.0-SNAPSHOT.jar:?]
	at org.apache.hadoop.ozone.om.OmSnapshot.getFileStatus(OmSnapshot.java:118) ~[ozone-manager-1.4.0-SNAPSHOT.jar:?]
	at org.apache.hadoop.ozone.om.OzoneManager.getFileStatus(OzoneManager.java:3488) ~[ozone-manager-1.4.0-SNAPSHOT.jar:?]
	at org.apache.hadoop.ozone.protocolPB.OzoneManagerRequestHandler.getOzoneFileStatus(OzoneManagerRequestHandler.java:934) ~[ozone-manager-1.4.0-SNAPSHOT.jar:?]
	at org.apache.hadoop.ozone.protocolPB.OzoneManagerRequestHandler.handleReadRequest(OzoneManagerRequestHandler.java:238) ~[ozone-manager-1.4.0-SNAPSHOT.jar:?]
	at org.apache.hadoop.ozone.protocolPB.OzoneManagerProtocolServerSideTranslatorPB.submitReadRequestToOM(OzoneManagerProtocolServerSideTranslatorPB.java:223) ~[ozone-manager-1.4.0-SNAPSHOT.jar:?]
	at org.apache.hadoop.ozone.protocolPB.OzoneManagerProtocolServerSideTranslatorPB.processRequest(OzoneManagerProtocolServerSideTranslatorPB.java:177) ~[ozone-manager-1.4.0-SNAPSHOT.jar:?]
	at org.apache.hadoop.hdds.server.OzoneProtocolMessageDispatcher.processRequest(OzoneProtocolMessageDispatcher.java:87) [hdds-server-framework-1.4.0-SNAPSHOT.jar:?]
	at org.apache.hadoop.ozone.protocolPB.OzoneManagerProtocolServerSideTranslatorPB.submitRequest(OzoneManagerProtocolServerSideTranslatorPB.java:147) [ozone-manager-1.4.0-SNAPSHOT.jar:?]
	at org.apache.hadoop.ozone.protocol.proto.OzoneManagerProtocolProtos$OzoneManagerService$2.callBlockingMethod(OzoneManagerProtocolProtos.java) [ozone-interface-client-1.4.0-SNAPSHOT.jar:?]
	at org.apache.hadoop.ipc.ProtobufRpcEngine$Server.processCall(ProtobufRpcEngine.java:465) [hadoop-common-3.3.4.jar:?]
	at org.apache.hadoop.ipc.ProtobufRpcEngine2$Server$ProtoBufRpcInvoker.call(ProtobufRpcEngine2.java:578) [hadoop-common-3.3.4.jar:?]
	at org.apache.hadoop.ipc.ProtobufRpcEngine2$Server$ProtoBufRpcInvoker.call(ProtobufRpcEngine2.java:556) [hadoop-common-3.3.4.jar:?]
	at org.apache.hadoop.ipc.RPC$Server.call(RPC.java:1093) [hadoop-common-3.3.4.jar:?]
	at org.apache.hadoop.ipc.Server$RpcCall.run(Server.java:1043) [hadoop-common-3.3.4.jar:?]
	at org.apache.hadoop.ipc.Server$RpcCall.run(Server.java:971) [hadoop-common-3.3.4.jar:?]
	at java.security.AccessController.doPrivileged(Native Method) ~[?:1.8.0_362]
	at javax.security.auth.Subject.doAs(Subject.java:422) [?:1.8.0_362]
	at org.apache.hadoop.security.UserGroupInformation.doAs(UserGroupInformation.java:1878) [hadoop-common-3.3.4.jar:?]
	at org.apache.hadoop.ipc.Server$Handler.run(Server.java:2976) [hadoop-common-3.3.4.jar:?]
]]></system-out>
  </testcase>
  <testcase name="testListAddNewKey" classname="TestOmSnapshot" time="2.168">
    <system-out><![CDATA[2023-03-29 22:47:27,168 [Time-limited test] INFO  rpc.RpcClient (RpcClient.java:createVolume(476)) - Creating Volume: vol-26030, with runner as owner and space quota set to -1 bytes, counts quota set to -1
2023-03-29 22:47:27,171 [OM StateMachine ApplyTransaction Thread - 0] INFO  volume.OMVolumeCreateRequest (OMVolumeCreateRequest.java:validateAndUpdateCache(195)) - created volume:vol-26030 for user:runner
2023-03-29 22:47:27,173 [Time-limited test] INFO  rpc.RpcClient (RpcClient.java:createBucket(698)) - Creating Bucket: vol-26030/buc-11967, with server-side default bucket layout, runner as owner, Versioning false, Storage Type set to DISK and Encryption set to false, Replication Type set to server-side default replication type, Namespace Quota set to -1, Space Quota set to -1 
2023-03-29 22:47:27,173 [OM StateMachine ApplyTransaction Thread - 0] INFO  volume.OMVolumeCreateRequest (OMVolumeCreateRequest.java:validateAndUpdateCache(195)) - created volume:vol-26030 for user:runner
2023-03-29 22:47:27,173 [OM StateMachine ApplyTransaction Thread - 0] INFO  volume.OMVolumeCreateRequest (OMVolumeCreateRequest.java:validateAndUpdateCache(195)) - created volume:vol-26030 for user:runner
2023-03-29 22:47:27,179 [OM StateMachine ApplyTransaction Thread - 0] INFO  bucket.OMBucketCreateRequest (OMBucketCreateRequest.java:validateAndUpdateCache(262)) - created bucket: buc-11967 of layout LEGACY in volume: vol-26030
2023-03-29 22:47:27,180 [OM StateMachine ApplyTransaction Thread - 0] INFO  bucket.OMBucketCreateRequest (OMBucketCreateRequest.java:validateAndUpdateCache(262)) - created bucket: buc-11967 of layout LEGACY in volume: vol-26030
2023-03-29 22:47:27,181 [OM StateMachine ApplyTransaction Thread - 0] INFO  bucket.OMBucketCreateRequest (OMBucketCreateRequest.java:validateAndUpdateCache(262)) - created bucket: buc-11967 of layout LEGACY in volume: vol-26030
2023-03-29 22:47:27,210 [OM StateMachine ApplyTransaction Thread - 0] INFO  snapshot.OMSnapshotCreateRequest (OMSnapshotCreateRequest.java:validateAndUpdateCache(204)) - Created snapshot 'ba9793fa-f196-465e-a933-a00e8ca4c09c' under path 'vol-26030/buc-11967'
2023-03-29 22:47:27,212 [OM StateMachine ApplyTransaction Thread - 0] INFO  snapshot.OMSnapshotCreateRequest (OMSnapshotCreateRequest.java:validateAndUpdateCache(204)) - Created snapshot 'ba9793fa-f196-465e-a933-a00e8ca4c09c' under path 'vol-26030/buc-11967'
2023-03-29 22:47:27,212 [OM StateMachine ApplyTransaction Thread - 0] INFO  snapshot.OMSnapshotCreateRequest (OMSnapshotCreateRequest.java:validateAndUpdateCache(204)) - Created snapshot 'ba9793fa-f196-465e-a933-a00e8ca4c09c' under path 'vol-26030/buc-11967'
2023-03-29 22:47:27,268 [OMDoubleBufferFlushThread] INFO  db.RDBCheckpointManager (RDBCheckpointManager.java:createCheckpoint(96)) - Created checkpoint in rocksDB at /home/runner/work/ozone/ozone/hadoop-ozone/integration-test/target/test-dir/MiniOzoneClusterImpl-bfbd9018-35f1-41c4-9115-0ebbd4040a15/omNode-2/db.snapshots/om.db-1413a97c-3316-4601-ada7-6c4aafdbc2b0 in 52 milliseconds
2023-03-29 22:47:27,269 [OMDoubleBufferFlushThread] INFO  db.RDBCheckpointManager (RDBCheckpointManager.java:waitForCheckpointDirectoryExist(125)) - Waited for 1 milliseconds for checkpoint directory /home/runner/work/ozone/ozone/hadoop-ozone/integration-test/target/test-dir/MiniOzoneClusterImpl-bfbd9018-35f1-41c4-9115-0ebbd4040a15/omNode-2/db.snapshots/om.db-1413a97c-3316-4601-ada7-6c4aafdbc2b0 availability.
2023-03-29 22:47:27,270 [OMDoubleBufferFlushThread] WARN  om.OmSnapshotManager (OmSnapshotManager.java:deleteKeysInSnapshotScopeFromDTableInternal(396)) - Took 466127 ns to clean up deletedTable
2023-03-29 22:47:27,270 [OMDoubleBufferFlushThread] INFO  om.OmSnapshotManager (OmSnapshotManager.java:createOmSnapshotCheckpoint(317)) - Created checkpoint : /home/runner/work/ozone/ozone/hadoop-ozone/integration-test/target/test-dir/MiniOzoneClusterImpl-bfbd9018-35f1-41c4-9115-0ebbd4040a15/omNode-2/db.snapshots/om.db-1413a97c-3316-4601-ada7-6c4aafdbc2b0 for snapshot ba9793fa-f196-465e-a933-a00e8ca4c09c
2023-03-29 22:47:27,271 [OMDoubleBufferFlushThread] INFO  db.RDBCheckpointManager (RDBCheckpointManager.java:createCheckpoint(96)) - Created checkpoint in rocksDB at /home/runner/work/ozone/ozone/hadoop-ozone/integration-test/target/test-dir/MiniOzoneClusterImpl-bfbd9018-35f1-41c4-9115-0ebbd4040a15/omNode-1/db.snapshots/om.db-1413a97c-3316-4601-ada7-6c4aafdbc2b0 in 58 milliseconds
2023-03-29 22:47:27,271 [OMDoubleBufferFlushThread] INFO  db.RDBCheckpointManager (RDBCheckpointManager.java:waitForCheckpointDirectoryExist(125)) - Waited for 0 milliseconds for checkpoint directory /home/runner/work/ozone/ozone/hadoop-ozone/integration-test/target/test-dir/MiniOzoneClusterImpl-bfbd9018-35f1-41c4-9115-0ebbd4040a15/omNode-1/db.snapshots/om.db-1413a97c-3316-4601-ada7-6c4aafdbc2b0 availability.
2023-03-29 22:47:27,272 [OMDoubleBufferFlushThread] INFO  db.RDBCheckpointManager (RDBCheckpointManager.java:createCheckpoint(96)) - Created checkpoint in rocksDB at /home/runner/work/ozone/ozone/hadoop-ozone/integration-test/target/test-dir/MiniOzoneClusterImpl-bfbd9018-35f1-41c4-9115-0ebbd4040a15/omNode-3/db.snapshots/om.db-1413a97c-3316-4601-ada7-6c4aafdbc2b0 in 55 milliseconds
2023-03-29 22:47:27,272 [OMDoubleBufferFlushThread] WARN  om.OmSnapshotManager (OmSnapshotManager.java:deleteKeysInSnapshotScopeFromDTableInternal(396)) - Took 375522 ns to clean up deletedTable
2023-03-29 22:47:27,272 [OMDoubleBufferFlushThread] INFO  om.OmSnapshotManager (OmSnapshotManager.java:createOmSnapshotCheckpoint(317)) - Created checkpoint : /home/runner/work/ozone/ozone/hadoop-ozone/integration-test/target/test-dir/MiniOzoneClusterImpl-bfbd9018-35f1-41c4-9115-0ebbd4040a15/omNode-1/db.snapshots/om.db-1413a97c-3316-4601-ada7-6c4aafdbc2b0 for snapshot ba9793fa-f196-465e-a933-a00e8ca4c09c
2023-03-29 22:47:27,273 [OMDoubleBufferFlushThread] INFO  db.RDBCheckpointManager (RDBCheckpointManager.java:waitForCheckpointDirectoryExist(125)) - Waited for 1 milliseconds for checkpoint directory /home/runner/work/ozone/ozone/hadoop-ozone/integration-test/target/test-dir/MiniOzoneClusterImpl-bfbd9018-35f1-41c4-9115-0ebbd4040a15/omNode-3/db.snapshots/om.db-1413a97c-3316-4601-ada7-6c4aafdbc2b0 availability.
2023-03-29 22:47:27,273 [OMDoubleBufferFlushThread] WARN  om.OmSnapshotManager (OmSnapshotManager.java:deleteKeysInSnapshotScopeFromDTableInternal(396)) - Took 342620 ns to clean up deletedTable
2023-03-29 22:47:27,273 [OMDoubleBufferFlushThread] INFO  om.OmSnapshotManager (OmSnapshotManager.java:createOmSnapshotCheckpoint(317)) - Created checkpoint : /home/runner/work/ozone/ozone/hadoop-ozone/integration-test/target/test-dir/MiniOzoneClusterImpl-bfbd9018-35f1-41c4-9115-0ebbd4040a15/omNode-3/db.snapshots/om.db-1413a97c-3316-4601-ada7-6c4aafdbc2b0 for snapshot ba9793fa-f196-465e-a933-a00e8ca4c09c
2023-03-29 22:47:28,254 [OM StateMachine ApplyTransaction Thread - 0] INFO  snapshot.OMSnapshotCreateRequest (OMSnapshotCreateRequest.java:validateAndUpdateCache(204)) - Created snapshot 'a59e726d-aba7-4c74-856d-8b0ee0c02055' under path 'vol-26030/buc-11967'
2023-03-29 22:47:28,256 [OM StateMachine ApplyTransaction Thread - 0] INFO  snapshot.OMSnapshotCreateRequest (OMSnapshotCreateRequest.java:validateAndUpdateCache(204)) - Created snapshot 'a59e726d-aba7-4c74-856d-8b0ee0c02055' under path 'vol-26030/buc-11967'
2023-03-29 22:47:28,256 [OM StateMachine ApplyTransaction Thread - 0] INFO  snapshot.OMSnapshotCreateRequest (OMSnapshotCreateRequest.java:validateAndUpdateCache(204)) - Created snapshot 'a59e726d-aba7-4c74-856d-8b0ee0c02055' under path 'vol-26030/buc-11967'
2023-03-29 22:47:28,323 [OMDoubleBufferFlushThread] INFO  db.RDBCheckpointManager (RDBCheckpointManager.java:createCheckpoint(96)) - Created checkpoint in rocksDB at /home/runner/work/ozone/ozone/hadoop-ozone/integration-test/target/test-dir/MiniOzoneClusterImpl-bfbd9018-35f1-41c4-9115-0ebbd4040a15/omNode-2/db.snapshots/om.db-87bd322b-05eb-4c07-b6ef-42499f24f709 in 65 milliseconds
2023-03-29 22:47:28,327 [OMDoubleBufferFlushThread] INFO  db.RDBCheckpointManager (RDBCheckpointManager.java:waitForCheckpointDirectoryExist(125)) - Waited for 4 milliseconds for checkpoint directory /home/runner/work/ozone/ozone/hadoop-ozone/integration-test/target/test-dir/MiniOzoneClusterImpl-bfbd9018-35f1-41c4-9115-0ebbd4040a15/omNode-2/db.snapshots/om.db-87bd322b-05eb-4c07-b6ef-42499f24f709 availability.
2023-03-29 22:47:28,327 [OMDoubleBufferFlushThread] WARN  om.OmSnapshotManager (OmSnapshotManager.java:deleteKeysInSnapshotScopeFromDTableInternal(396)) - Took 408224 ns to clean up deletedTable
2023-03-29 22:47:28,328 [OMDoubleBufferFlushThread] INFO  om.OmSnapshotManager (OmSnapshotManager.java:createOmSnapshotCheckpoint(317)) - Created checkpoint : /home/runner/work/ozone/ozone/hadoop-ozone/integration-test/target/test-dir/MiniOzoneClusterImpl-bfbd9018-35f1-41c4-9115-0ebbd4040a15/omNode-2/db.snapshots/om.db-87bd322b-05eb-4c07-b6ef-42499f24f709 for snapshot a59e726d-aba7-4c74-856d-8b0ee0c02055
2023-03-29 22:47:28,332 [OMDoubleBufferFlushThread] INFO  db.RDBCheckpointManager (RDBCheckpointManager.java:createCheckpoint(96)) - Created checkpoint in rocksDB at /home/runner/work/ozone/ozone/hadoop-ozone/integration-test/target/test-dir/MiniOzoneClusterImpl-bfbd9018-35f1-41c4-9115-0ebbd4040a15/omNode-3/db.snapshots/om.db-87bd322b-05eb-4c07-b6ef-42499f24f709 in 74 milliseconds
2023-03-29 22:47:28,333 [OMDoubleBufferFlushThread] INFO  db.RDBCheckpointManager (RDBCheckpointManager.java:createCheckpoint(96)) - Created checkpoint in rocksDB at /home/runner/work/ozone/ozone/hadoop-ozone/integration-test/target/test-dir/MiniOzoneClusterImpl-bfbd9018-35f1-41c4-9115-0ebbd4040a15/omNode-1/db.snapshots/om.db-87bd322b-05eb-4c07-b6ef-42499f24f709 in 76 milliseconds
2023-03-29 22:47:28,342 [OMDoubleBufferFlushThread] INFO  db.RDBCheckpointManager (RDBCheckpointManager.java:waitForCheckpointDirectoryExist(125)) - Waited for 10 milliseconds for checkpoint directory /home/runner/work/ozone/ozone/hadoop-ozone/integration-test/target/test-dir/MiniOzoneClusterImpl-bfbd9018-35f1-41c4-9115-0ebbd4040a15/omNode-3/db.snapshots/om.db-87bd322b-05eb-4c07-b6ef-42499f24f709 availability.
2023-03-29 22:47:28,342 [OMDoubleBufferFlushThread] INFO  db.RDBCheckpointManager (RDBCheckpointManager.java:waitForCheckpointDirectoryExist(125)) - Waited for 9 milliseconds for checkpoint directory /home/runner/work/ozone/ozone/hadoop-ozone/integration-test/target/test-dir/MiniOzoneClusterImpl-bfbd9018-35f1-41c4-9115-0ebbd4040a15/omNode-1/db.snapshots/om.db-87bd322b-05eb-4c07-b6ef-42499f24f709 availability.
2023-03-29 22:47:28,342 [OMDoubleBufferFlushThread] WARN  om.OmSnapshotManager (OmSnapshotManager.java:deleteKeysInSnapshotScopeFromDTableInternal(396)) - Took 361722 ns to clean up deletedTable
2023-03-29 22:47:28,342 [OMDoubleBufferFlushThread] WARN  om.OmSnapshotManager (OmSnapshotManager.java:deleteKeysInSnapshotScopeFromDTableInternal(396)) - Took 368222 ns to clean up deletedTable
2023-03-29 22:47:28,342 [OMDoubleBufferFlushThread] INFO  om.OmSnapshotManager (OmSnapshotManager.java:createOmSnapshotCheckpoint(317)) - Created checkpoint : /home/runner/work/ozone/ozone/hadoop-ozone/integration-test/target/test-dir/MiniOzoneClusterImpl-bfbd9018-35f1-41c4-9115-0ebbd4040a15/omNode-3/db.snapshots/om.db-87bd322b-05eb-4c07-b6ef-42499f24f709 for snapshot a59e726d-aba7-4c74-856d-8b0ee0c02055
2023-03-29 22:47:28,342 [OMDoubleBufferFlushThread] INFO  om.OmSnapshotManager (OmSnapshotManager.java:createOmSnapshotCheckpoint(317)) - Created checkpoint : /home/runner/work/ozone/ozone/hadoop-ozone/integration-test/target/test-dir/MiniOzoneClusterImpl-bfbd9018-35f1-41c4-9115-0ebbd4040a15/omNode-1/db.snapshots/om.db-87bd322b-05eb-4c07-b6ef-42499f24f709 for snapshot a59e726d-aba7-4c74-856d-8b0ee0c02055
2023-03-29 22:47:29,256 [IPC Server handler 2 on default port 42479] WARN  server.ServerUtils (ServerUtils.java:getDBPath(225)) - ozone.om.db.dirs is not configured. We recommend adding this setting. Falling back to ozone.metadata.dirs instead.
2023-03-29 22:47:29,257 [IPC Server handler 2 on default port 42479] INFO  codec.OmKeyInfoCodec (OmKeyInfoCodec.java:<init>(49)) - OmKeyInfoCodec ignorePipeline = true
2023-03-29 22:47:29,257 [IPC Server handler 2 on default port 42479] INFO  codec.RepeatedOmKeyInfoCodec (RepeatedOmKeyInfoCodec.java:<init>(41)) - RepeatedOmKeyInfoCodec ignorePipeline = true
2023-03-29 22:47:29,292 [IPC Server handler 10 on default port 42479] WARN  server.ServerUtils (ServerUtils.java:getDBPath(225)) - ozone.om.db.dirs is not configured. We recommend adding this setting. Falling back to ozone.metadata.dirs instead.
2023-03-29 22:47:29,292 [IPC Server handler 10 on default port 42479] INFO  codec.OmKeyInfoCodec (OmKeyInfoCodec.java:<init>(49)) - OmKeyInfoCodec ignorePipeline = true
2023-03-29 22:47:29,292 [IPC Server handler 10 on default port 42479] INFO  codec.RepeatedOmKeyInfoCodec (RepeatedOmKeyInfoCodec.java:<init>(41)) - RepeatedOmKeyInfoCodec ignorePipeline = true
]]></system-out>
  </testcase>
  <testcase name="testSnapDiff" classname="TestOmSnapshot" time="9.479">
    <system-out><![CDATA[2023-03-29 22:45:19,535 [Time-limited test] INFO  rpc.RpcClient (RpcClient.java:createVolume(476)) - Creating Volume: vol-01566, with runner as owner and space quota set to -1 bytes, counts quota set to -1
2023-03-29 22:45:19,539 [OM StateMachine ApplyTransaction Thread - 0] INFO  volume.OMVolumeCreateRequest (OMVolumeCreateRequest.java:validateAndUpdateCache(195)) - created volume:vol-01566 for user:runner
2023-03-29 22:45:19,541 [Time-limited test] INFO  rpc.RpcClient (RpcClient.java:createBucket(698)) - Creating Bucket: vol-01566/buck-94880, with server-side default bucket layout, runner as owner, Versioning false, Storage Type set to DISK and Encryption set to false, Replication Type set to server-side default replication type, Namespace Quota set to -1, Space Quota set to -1 
2023-03-29 22:45:19,541 [OM StateMachine ApplyTransaction Thread - 0] INFO  volume.OMVolumeCreateRequest (OMVolumeCreateRequest.java:validateAndUpdateCache(195)) - created volume:vol-01566 for user:runner
2023-03-29 22:45:19,543 [OM StateMachine ApplyTransaction Thread - 0] INFO  volume.OMVolumeCreateRequest (OMVolumeCreateRequest.java:validateAndUpdateCache(195)) - created volume:vol-01566 for user:runner
2023-03-29 22:45:19,545 [OM StateMachine ApplyTransaction Thread - 0] INFO  bucket.OMBucketCreateRequest (OMBucketCreateRequest.java:validateAndUpdateCache(262)) - created bucket: buck-94880 of layout OBJECT_STORE in volume: vol-01566
2023-03-29 22:45:19,548 [OM StateMachine ApplyTransaction Thread - 0] INFO  bucket.OMBucketCreateRequest (OMBucketCreateRequest.java:validateAndUpdateCache(262)) - created bucket: buck-94880 of layout OBJECT_STORE in volume: vol-01566
2023-03-29 22:45:19,621 [OM StateMachine ApplyTransaction Thread - 0] INFO  bucket.OMBucketCreateRequest (OMBucketCreateRequest.java:validateAndUpdateCache(262)) - created bucket: buck-94880 of layout OBJECT_STORE in volume: vol-01566
2023-03-29 22:45:19,670 [OM StateMachine ApplyTransaction Thread - 0] INFO  snapshot.OMSnapshotCreateRequest (OMSnapshotCreateRequest.java:validateAndUpdateCache(204)) - Created snapshot 'snap70034' under path 'vol-01566/buck-94880'
2023-03-29 22:45:19,672 [OM StateMachine ApplyTransaction Thread - 0] INFO  snapshot.OMSnapshotCreateRequest (OMSnapshotCreateRequest.java:validateAndUpdateCache(204)) - Created snapshot 'snap70034' under path 'vol-01566/buck-94880'
2023-03-29 22:45:19,673 [OM StateMachine ApplyTransaction Thread - 0] INFO  snapshot.OMSnapshotCreateRequest (OMSnapshotCreateRequest.java:validateAndUpdateCache(204)) - Created snapshot 'snap70034' under path 'vol-01566/buck-94880'
2023-03-29 22:45:19,747 [OMDoubleBufferFlushThread] INFO  db.RDBCheckpointManager (RDBCheckpointManager.java:createCheckpoint(96)) - Created checkpoint in rocksDB at /home/runner/work/ozone/ozone/hadoop-ozone/integration-test/target/test-dir/MiniOzoneClusterImpl-bcbc84c2-519e-42a0-a817-fd35ffaa666a/omNode-1/db.snapshots/om.db-f07c9137-a5fb-4358-9ecc-990d3fa97411 in 74 milliseconds
2023-03-29 22:45:19,749 [OMDoubleBufferFlushThread] INFO  db.RDBCheckpointManager (RDBCheckpointManager.java:createCheckpoint(96)) - Created checkpoint in rocksDB at /home/runner/work/ozone/ozone/hadoop-ozone/integration-test/target/test-dir/MiniOzoneClusterImpl-bcbc84c2-519e-42a0-a817-fd35ffaa666a/omNode-3/db.snapshots/om.db-f07c9137-a5fb-4358-9ecc-990d3fa97411 in 75 milliseconds
2023-03-29 22:45:19,749 [OMDoubleBufferFlushThread] INFO  db.RDBCheckpointManager (RDBCheckpointManager.java:waitForCheckpointDirectoryExist(125)) - Waited for 2 milliseconds for checkpoint directory /home/runner/work/ozone/ozone/hadoop-ozone/integration-test/target/test-dir/MiniOzoneClusterImpl-bcbc84c2-519e-42a0-a817-fd35ffaa666a/omNode-1/db.snapshots/om.db-f07c9137-a5fb-4358-9ecc-990d3fa97411 availability.
2023-03-29 22:45:19,750 [OMDoubleBufferFlushThread] WARN  om.OmSnapshotManager (OmSnapshotManager.java:deleteKeysInSnapshotScopeFromDTableInternal(396)) - Took 509630 ns to clean up deletedTable
2023-03-29 22:45:19,750 [OMDoubleBufferFlushThread] INFO  om.OmSnapshotManager (OmSnapshotManager.java:createOmSnapshotCheckpoint(317)) - Created checkpoint : /home/runner/work/ozone/ozone/hadoop-ozone/integration-test/target/test-dir/MiniOzoneClusterImpl-bcbc84c2-519e-42a0-a817-fd35ffaa666a/omNode-1/db.snapshots/om.db-f07c9137-a5fb-4358-9ecc-990d3fa97411 for snapshot snap70034
2023-03-29 22:45:19,751 [OMDoubleBufferFlushThread] INFO  db.RDBCheckpointManager (RDBCheckpointManager.java:waitForCheckpointDirectoryExist(125)) - Waited for 2 milliseconds for checkpoint directory /home/runner/work/ozone/ozone/hadoop-ozone/integration-test/target/test-dir/MiniOzoneClusterImpl-bcbc84c2-519e-42a0-a817-fd35ffaa666a/omNode-3/db.snapshots/om.db-f07c9137-a5fb-4358-9ecc-990d3fa97411 availability.
2023-03-29 22:45:19,752 [OMDoubleBufferFlushThread] WARN  om.OmSnapshotManager (OmSnapshotManager.java:deleteKeysInSnapshotScopeFromDTableInternal(396)) - Took 466728 ns to clean up deletedTable
2023-03-29 22:45:19,752 [OMDoubleBufferFlushThread] INFO  om.OmSnapshotManager (OmSnapshotManager.java:createOmSnapshotCheckpoint(317)) - Created checkpoint : /home/runner/work/ozone/ozone/hadoop-ozone/integration-test/target/test-dir/MiniOzoneClusterImpl-bcbc84c2-519e-42a0-a817-fd35ffaa666a/omNode-3/db.snapshots/om.db-f07c9137-a5fb-4358-9ecc-990d3fa97411 for snapshot snap70034
2023-03-29 22:45:19,758 [OMDoubleBufferFlushThread] INFO  db.RDBCheckpointManager (RDBCheckpointManager.java:createCheckpoint(96)) - Created checkpoint in rocksDB at /home/runner/work/ozone/ozone/hadoop-ozone/integration-test/target/test-dir/MiniOzoneClusterImpl-bcbc84c2-519e-42a0-a817-fd35ffaa666a/omNode-2/db.snapshots/om.db-f07c9137-a5fb-4358-9ecc-990d3fa97411 in 83 milliseconds
2023-03-29 22:45:19,758 [OMDoubleBufferFlushThread] INFO  db.RDBCheckpointManager (RDBCheckpointManager.java:waitForCheckpointDirectoryExist(125)) - Waited for 0 milliseconds for checkpoint directory /home/runner/work/ozone/ozone/hadoop-ozone/integration-test/target/test-dir/MiniOzoneClusterImpl-bcbc84c2-519e-42a0-a817-fd35ffaa666a/omNode-2/db.snapshots/om.db-f07c9137-a5fb-4358-9ecc-990d3fa97411 availability.
2023-03-29 22:45:19,759 [OMDoubleBufferFlushThread] WARN  om.OmSnapshotManager (OmSnapshotManager.java:deleteKeysInSnapshotScopeFromDTableInternal(396)) - Took 530731 ns to clean up deletedTable
2023-03-29 22:45:19,759 [OMDoubleBufferFlushThread] INFO  om.OmSnapshotManager (OmSnapshotManager.java:createOmSnapshotCheckpoint(317)) - Created checkpoint : /home/runner/work/ozone/ozone/hadoop-ozone/integration-test/target/test-dir/MiniOzoneClusterImpl-bcbc84c2-519e-42a0-a817-fd35ffaa666a/omNode-2/db.snapshots/om.db-f07c9137-a5fb-4358-9ecc-990d3fa97411 for snapshot snap70034
2023-03-29 22:45:20,677 [OM StateMachine ApplyTransaction Thread - 0] INFO  snapshot.OMSnapshotCreateRequest (OMSnapshotCreateRequest.java:validateAndUpdateCache(204)) - Created snapshot 'snap01865' under path 'vol-01566/buck-94880'
2023-03-29 22:45:20,678 [OM StateMachine ApplyTransaction Thread - 0] INFO  snapshot.OMSnapshotCreateRequest (OMSnapshotCreateRequest.java:validateAndUpdateCache(204)) - Created snapshot 'snap01865' under path 'vol-01566/buck-94880'
2023-03-29 22:45:20,679 [OM StateMachine ApplyTransaction Thread - 0] INFO  snapshot.OMSnapshotCreateRequest (OMSnapshotCreateRequest.java:validateAndUpdateCache(204)) - Created snapshot 'snap01865' under path 'vol-01566/buck-94880'
2023-03-29 22:45:20,702 [OMDoubleBufferFlushThread] INFO  db.RDBCheckpointManager (RDBCheckpointManager.java:createCheckpoint(96)) - Created checkpoint in rocksDB at /home/runner/work/ozone/ozone/hadoop-ozone/integration-test/target/test-dir/MiniOzoneClusterImpl-bcbc84c2-519e-42a0-a817-fd35ffaa666a/omNode-3/db.snapshots/om.db-3f0beeab-a72e-4e73-9db7-aa92b853b7b4 in 21 milliseconds
2023-03-29 22:45:20,705 [OMDoubleBufferFlushThread] INFO  db.RDBCheckpointManager (RDBCheckpointManager.java:createCheckpoint(96)) - Created checkpoint in rocksDB at /home/runner/work/ozone/ozone/hadoop-ozone/integration-test/target/test-dir/MiniOzoneClusterImpl-bcbc84c2-519e-42a0-a817-fd35ffaa666a/omNode-1/db.snapshots/om.db-3f0beeab-a72e-4e73-9db7-aa92b853b7b4 in 25 milliseconds
2023-03-29 22:45:20,706 [OMDoubleBufferFlushThread] INFO  db.RDBCheckpointManager (RDBCheckpointManager.java:waitForCheckpointDirectoryExist(125)) - Waited for 1 milliseconds for checkpoint directory /home/runner/work/ozone/ozone/hadoop-ozone/integration-test/target/test-dir/MiniOzoneClusterImpl-bcbc84c2-519e-42a0-a817-fd35ffaa666a/omNode-1/db.snapshots/om.db-3f0beeab-a72e-4e73-9db7-aa92b853b7b4 availability.
2023-03-29 22:45:20,707 [OMDoubleBufferFlushThread] WARN  om.OmSnapshotManager (OmSnapshotManager.java:deleteKeysInSnapshotScopeFromDTableInternal(396)) - Took 987359 ns to clean up deletedTable
2023-03-29 22:45:20,707 [OMDoubleBufferFlushThread] INFO  om.OmSnapshotManager (OmSnapshotManager.java:createOmSnapshotCheckpoint(317)) - Created checkpoint : /home/runner/work/ozone/ozone/hadoop-ozone/integration-test/target/test-dir/MiniOzoneClusterImpl-bcbc84c2-519e-42a0-a817-fd35ffaa666a/omNode-1/db.snapshots/om.db-3f0beeab-a72e-4e73-9db7-aa92b853b7b4 for snapshot snap01865
2023-03-29 22:45:20,710 [OMDoubleBufferFlushThread] INFO  db.RDBCheckpointManager (RDBCheckpointManager.java:waitForCheckpointDirectoryExist(125)) - Waited for 8 milliseconds for checkpoint directory /home/runner/work/ozone/ozone/hadoop-ozone/integration-test/target/test-dir/MiniOzoneClusterImpl-bcbc84c2-519e-42a0-a817-fd35ffaa666a/omNode-3/db.snapshots/om.db-3f0beeab-a72e-4e73-9db7-aa92b853b7b4 availability.
2023-03-29 22:45:20,710 [OMDoubleBufferFlushThread] WARN  om.OmSnapshotManager (OmSnapshotManager.java:deleteKeysInSnapshotScopeFromDTableInternal(396)) - Took 500630 ns to clean up deletedTable
2023-03-29 22:45:20,711 [OMDoubleBufferFlushThread] INFO  om.OmSnapshotManager (OmSnapshotManager.java:createOmSnapshotCheckpoint(317)) - Created checkpoint : /home/runner/work/ozone/ozone/hadoop-ozone/integration-test/target/test-dir/MiniOzoneClusterImpl-bcbc84c2-519e-42a0-a817-fd35ffaa666a/omNode-3/db.snapshots/om.db-3f0beeab-a72e-4e73-9db7-aa92b853b7b4 for snapshot snap01865
2023-03-29 22:45:20,711 [OMDoubleBufferFlushThread] INFO  db.RDBCheckpointManager (RDBCheckpointManager.java:createCheckpoint(96)) - Created checkpoint in rocksDB at /home/runner/work/ozone/ozone/hadoop-ozone/integration-test/target/test-dir/MiniOzoneClusterImpl-bcbc84c2-519e-42a0-a817-fd35ffaa666a/omNode-2/db.snapshots/om.db-3f0beeab-a72e-4e73-9db7-aa92b853b7b4 in 29 milliseconds
2023-03-29 22:45:20,716 [OMDoubleBufferFlushThread] INFO  db.RDBCheckpointManager (RDBCheckpointManager.java:waitForCheckpointDirectoryExist(125)) - Waited for 5 milliseconds for checkpoint directory /home/runner/work/ozone/ozone/hadoop-ozone/integration-test/target/test-dir/MiniOzoneClusterImpl-bcbc84c2-519e-42a0-a817-fd35ffaa666a/omNode-2/db.snapshots/om.db-3f0beeab-a72e-4e73-9db7-aa92b853b7b4 availability.
2023-03-29 22:45:20,717 [OMDoubleBufferFlushThread] WARN  om.OmSnapshotManager (OmSnapshotManager.java:deleteKeysInSnapshotScopeFromDTableInternal(396)) - Took 1077664 ns to clean up deletedTable
2023-03-29 22:45:20,718 [OMDoubleBufferFlushThread] INFO  om.OmSnapshotManager (OmSnapshotManager.java:createOmSnapshotCheckpoint(317)) - Created checkpoint : /home/runner/work/ozone/ozone/hadoop-ozone/integration-test/target/test-dir/MiniOzoneClusterImpl-bcbc84c2-519e-42a0-a817-fd35ffaa666a/omNode-2/db.snapshots/om.db-3f0beeab-a72e-4e73-9db7-aa92b853b7b4 for snapshot snap01865
2023-03-29 22:45:21,679 [IPC Server handler 17 on default port 40933] WARN  server.ServerUtils (ServerUtils.java:getDBPath(225)) - ozone.om.db.dirs is not configured. We recommend adding this setting. Falling back to ozone.metadata.dirs instead.
2023-03-29 22:45:21,680 [IPC Server handler 17 on default port 40933] INFO  codec.OmKeyInfoCodec (OmKeyInfoCodec.java:<init>(49)) - OmKeyInfoCodec ignorePipeline = true
2023-03-29 22:45:21,680 [IPC Server handler 17 on default port 40933] INFO  codec.RepeatedOmKeyInfoCodec (RepeatedOmKeyInfoCodec.java:<init>(41)) - RepeatedOmKeyInfoCodec ignorePipeline = true
2023-03-29 22:45:21,714 [IPC Server handler 17 on default port 40933] WARN  server.ServerUtils (ServerUtils.java:getDBPath(225)) - ozone.om.db.dirs is not configured. We recommend adding this setting. Falling back to ozone.metadata.dirs instead.
2023-03-29 22:45:21,714 [IPC Server handler 17 on default port 40933] INFO  codec.OmKeyInfoCodec (OmKeyInfoCodec.java:<init>(49)) - OmKeyInfoCodec ignorePipeline = true
2023-03-29 22:45:21,715 [IPC Server handler 17 on default port 40933] INFO  codec.RepeatedOmKeyInfoCodec (RepeatedOmKeyInfoCodec.java:<init>(41)) - RepeatedOmKeyInfoCodec ignorePipeline = true
2023-03-29 22:45:21,765 [IPC Server handler 17 on default port 40933] INFO  snapshot.SnapshotDiffManager (SnapshotDiffManager.java:submitSnapDiffJob(343)) - Submitting snap diff report generation request for volume: vol-01566, bucket: buck-94880, fromSnapshot: snap70034 and toSnapshot: snap01865
2023-03-29 22:45:21,797 [pool-55-thread-2] WARN  snapshot.SnapshotDiffManager (SnapshotDiffManager.java:getDeltaFiles(624)) - RocksDBCheckpointDiffer is not available, falling back to slow path
2023-03-29 22:45:22,822 [OM StateMachine ApplyTransaction Thread - 0] INFO  snapshot.OMSnapshotCreateRequest (OMSnapshotCreateRequest.java:validateAndUpdateCache(204)) - Created snapshot 'snap45146' under path 'vol-01566/buck-94880'
2023-03-29 22:45:22,823 [OM StateMachine ApplyTransaction Thread - 0] INFO  snapshot.OMSnapshotCreateRequest (OMSnapshotCreateRequest.java:validateAndUpdateCache(204)) - Created snapshot 'snap45146' under path 'vol-01566/buck-94880'
2023-03-29 22:45:22,823 [OM StateMachine ApplyTransaction Thread - 0] INFO  snapshot.OMSnapshotCreateRequest (OMSnapshotCreateRequest.java:validateAndUpdateCache(204)) - Created snapshot 'snap45146' under path 'vol-01566/buck-94880'
2023-03-29 22:45:22,873 [OMDoubleBufferFlushThread] INFO  db.RDBCheckpointManager (RDBCheckpointManager.java:createCheckpoint(96)) - Created checkpoint in rocksDB at /home/runner/work/ozone/ozone/hadoop-ozone/integration-test/target/test-dir/MiniOzoneClusterImpl-bcbc84c2-519e-42a0-a817-fd35ffaa666a/omNode-2/db.snapshots/om.db-7e33af6a-64fa-4e71-a4f4-30596894a040 in 46 milliseconds
2023-03-29 22:45:22,873 [OMDoubleBufferFlushThread] INFO  db.RDBCheckpointManager (RDBCheckpointManager.java:waitForCheckpointDirectoryExist(125)) - Waited for 0 milliseconds for checkpoint directory /home/runner/work/ozone/ozone/hadoop-ozone/integration-test/target/test-dir/MiniOzoneClusterImpl-bcbc84c2-519e-42a0-a817-fd35ffaa666a/omNode-2/db.snapshots/om.db-7e33af6a-64fa-4e71-a4f4-30596894a040 availability.
2023-03-29 22:45:22,875 [OMDoubleBufferFlushThread] WARN  om.OmSnapshotManager (OmSnapshotManager.java:deleteKeysInSnapshotScopeFromDTableInternal(396)) - Took 1667699 ns to clean up deletedTable
2023-03-29 22:45:22,877 [OMDoubleBufferFlushThread] INFO  om.OmSnapshotManager (OmSnapshotManager.java:createOmSnapshotCheckpoint(317)) - Created checkpoint : /home/runner/work/ozone/ozone/hadoop-ozone/integration-test/target/test-dir/MiniOzoneClusterImpl-bcbc84c2-519e-42a0-a817-fd35ffaa666a/omNode-2/db.snapshots/om.db-7e33af6a-64fa-4e71-a4f4-30596894a040 for snapshot snap45146
2023-03-29 22:45:22,880 [OMDoubleBufferFlushThread] INFO  db.RDBCheckpointManager (RDBCheckpointManager.java:createCheckpoint(96)) - Created checkpoint in rocksDB at /home/runner/work/ozone/ozone/hadoop-ozone/integration-test/target/test-dir/MiniOzoneClusterImpl-bcbc84c2-519e-42a0-a817-fd35ffaa666a/omNode-1/db.snapshots/om.db-7e33af6a-64fa-4e71-a4f4-30596894a040 in 54 milliseconds
2023-03-29 22:45:22,880 [OMDoubleBufferFlushThread] INFO  db.RDBCheckpointManager (RDBCheckpointManager.java:createCheckpoint(96)) - Created checkpoint in rocksDB at /home/runner/work/ozone/ozone/hadoop-ozone/integration-test/target/test-dir/MiniOzoneClusterImpl-bcbc84c2-519e-42a0-a817-fd35ffaa666a/omNode-3/db.snapshots/om.db-7e33af6a-64fa-4e71-a4f4-30596894a040 in 51 milliseconds
2023-03-29 22:45:22,881 [OMDoubleBufferFlushThread] INFO  db.RDBCheckpointManager (RDBCheckpointManager.java:waitForCheckpointDirectoryExist(125)) - Waited for 1 milliseconds for checkpoint directory /home/runner/work/ozone/ozone/hadoop-ozone/integration-test/target/test-dir/MiniOzoneClusterImpl-bcbc84c2-519e-42a0-a817-fd35ffaa666a/omNode-1/db.snapshots/om.db-7e33af6a-64fa-4e71-a4f4-30596894a040 availability.
2023-03-29 22:45:22,881 [OMDoubleBufferFlushThread] WARN  om.OmSnapshotManager (OmSnapshotManager.java:deleteKeysInSnapshotScopeFromDTableInternal(396)) - Took 427126 ns to clean up deletedTable
2023-03-29 22:45:22,881 [OMDoubleBufferFlushThread] INFO  db.RDBCheckpointManager (RDBCheckpointManager.java:waitForCheckpointDirectoryExist(125)) - Waited for 0 milliseconds for checkpoint directory /home/runner/work/ozone/ozone/hadoop-ozone/integration-test/target/test-dir/MiniOzoneClusterImpl-bcbc84c2-519e-42a0-a817-fd35ffaa666a/omNode-3/db.snapshots/om.db-7e33af6a-64fa-4e71-a4f4-30596894a040 availability.
2023-03-29 22:45:22,882 [OMDoubleBufferFlushThread] WARN  om.OmSnapshotManager (OmSnapshotManager.java:deleteKeysInSnapshotScopeFromDTableInternal(396)) - Took 430926 ns to clean up deletedTable
2023-03-29 22:45:22,882 [OMDoubleBufferFlushThread] INFO  om.OmSnapshotManager (OmSnapshotManager.java:createOmSnapshotCheckpoint(317)) - Created checkpoint : /home/runner/work/ozone/ozone/hadoop-ozone/integration-test/target/test-dir/MiniOzoneClusterImpl-bcbc84c2-519e-42a0-a817-fd35ffaa666a/omNode-3/db.snapshots/om.db-7e33af6a-64fa-4e71-a4f4-30596894a040 for snapshot snap45146
2023-03-29 22:45:22,883 [OMDoubleBufferFlushThread] INFO  om.OmSnapshotManager (OmSnapshotManager.java:createOmSnapshotCheckpoint(317)) - Created checkpoint : /home/runner/work/ozone/ozone/hadoop-ozone/integration-test/target/test-dir/MiniOzoneClusterImpl-bcbc84c2-519e-42a0-a817-fd35ffaa666a/omNode-1/db.snapshots/om.db-7e33af6a-64fa-4e71-a4f4-30596894a040 for snapshot snap45146
2023-03-29 22:45:23,824 [IPC Server handler 3 on default port 40933] WARN  server.ServerUtils (ServerUtils.java:getDBPath(225)) - ozone.om.db.dirs is not configured. We recommend adding this setting. Falling back to ozone.metadata.dirs instead.
2023-03-29 22:45:23,825 [IPC Server handler 3 on default port 40933] INFO  codec.OmKeyInfoCodec (OmKeyInfoCodec.java:<init>(49)) - OmKeyInfoCodec ignorePipeline = true
2023-03-29 22:45:23,825 [IPC Server handler 3 on default port 40933] INFO  codec.RepeatedOmKeyInfoCodec (RepeatedOmKeyInfoCodec.java:<init>(41)) - RepeatedOmKeyInfoCodec ignorePipeline = true
2023-03-29 22:45:23,870 [IPC Server handler 3 on default port 40933] INFO  snapshot.SnapshotDiffManager (SnapshotDiffManager.java:submitSnapDiffJob(343)) - Submitting snap diff report generation request for volume: vol-01566, bucket: buck-94880, fromSnapshot: snap01865 and toSnapshot: snap45146
2023-03-29 22:45:24,894 [OM StateMachine ApplyTransaction Thread - 0] INFO  snapshot.OMSnapshotCreateRequest (OMSnapshotCreateRequest.java:validateAndUpdateCache(204)) - Created snapshot 'snap45057' under path 'vol-01566/buck-94880'
2023-03-29 22:45:24,895 [OM StateMachine ApplyTransaction Thread - 0] INFO  snapshot.OMSnapshotCreateRequest (OMSnapshotCreateRequest.java:validateAndUpdateCache(204)) - Created snapshot 'snap45057' under path 'vol-01566/buck-94880'
2023-03-29 22:45:24,896 [OM StateMachine ApplyTransaction Thread - 0] INFO  snapshot.OMSnapshotCreateRequest (OMSnapshotCreateRequest.java:validateAndUpdateCache(204)) - Created snapshot 'snap45057' under path 'vol-01566/buck-94880'
2023-03-29 22:45:24,933 [OMDoubleBufferFlushThread] INFO  db.RDBCheckpointManager (RDBCheckpointManager.java:createCheckpoint(96)) - Created checkpoint in rocksDB at /home/runner/work/ozone/ozone/hadoop-ozone/integration-test/target/test-dir/MiniOzoneClusterImpl-bcbc84c2-519e-42a0-a817-fd35ffaa666a/omNode-2/db.snapshots/om.db-1c03c3bc-5eee-43ac-9030-d738480f7576 in 34 milliseconds
2023-03-29 22:45:24,937 [OMDoubleBufferFlushThread] INFO  db.RDBCheckpointManager (RDBCheckpointManager.java:waitForCheckpointDirectoryExist(125)) - Waited for 4 milliseconds for checkpoint directory /home/runner/work/ozone/ozone/hadoop-ozone/integration-test/target/test-dir/MiniOzoneClusterImpl-bcbc84c2-519e-42a0-a817-fd35ffaa666a/omNode-2/db.snapshots/om.db-1c03c3bc-5eee-43ac-9030-d738480f7576 availability.
2023-03-29 22:45:24,939 [OMDoubleBufferFlushThread] WARN  om.OmSnapshotManager (OmSnapshotManager.java:deleteKeysInSnapshotScopeFromDTableInternal(396)) - Took 2090624 ns to clean up deletedTable
2023-03-29 22:45:24,940 [OMDoubleBufferFlushThread] INFO  om.OmSnapshotManager (OmSnapshotManager.java:createOmSnapshotCheckpoint(317)) - Created checkpoint : /home/runner/work/ozone/ozone/hadoop-ozone/integration-test/target/test-dir/MiniOzoneClusterImpl-bcbc84c2-519e-42a0-a817-fd35ffaa666a/omNode-2/db.snapshots/om.db-1c03c3bc-5eee-43ac-9030-d738480f7576 for snapshot snap45057
2023-03-29 22:45:24,940 [OMDoubleBufferFlushThread] INFO  db.RDBCheckpointManager (RDBCheckpointManager.java:createCheckpoint(96)) - Created checkpoint in rocksDB at /home/runner/work/ozone/ozone/hadoop-ozone/integration-test/target/test-dir/MiniOzoneClusterImpl-bcbc84c2-519e-42a0-a817-fd35ffaa666a/omNode-3/db.snapshots/om.db-1c03c3bc-5eee-43ac-9030-d738480f7576 in 43 milliseconds
2023-03-29 22:45:24,941 [OMDoubleBufferFlushThread] INFO  db.RDBCheckpointManager (RDBCheckpointManager.java:waitForCheckpointDirectoryExist(125)) - Waited for 1 milliseconds for checkpoint directory /home/runner/work/ozone/ozone/hadoop-ozone/integration-test/target/test-dir/MiniOzoneClusterImpl-bcbc84c2-519e-42a0-a817-fd35ffaa666a/omNode-3/db.snapshots/om.db-1c03c3bc-5eee-43ac-9030-d738480f7576 availability.
2023-03-29 22:45:24,942 [OMDoubleBufferFlushThread] WARN  om.OmSnapshotManager (OmSnapshotManager.java:deleteKeysInSnapshotScopeFromDTableInternal(396)) - Took 590835 ns to clean up deletedTable
2023-03-29 22:45:24,942 [OMDoubleBufferFlushThread] INFO  om.OmSnapshotManager (OmSnapshotManager.java:createOmSnapshotCheckpoint(317)) - Created checkpoint : /home/runner/work/ozone/ozone/hadoop-ozone/integration-test/target/test-dir/MiniOzoneClusterImpl-bcbc84c2-519e-42a0-a817-fd35ffaa666a/omNode-3/db.snapshots/om.db-1c03c3bc-5eee-43ac-9030-d738480f7576 for snapshot snap45057
2023-03-29 22:45:24,944 [OMDoubleBufferFlushThread] INFO  db.RDBCheckpointManager (RDBCheckpointManager.java:createCheckpoint(96)) - Created checkpoint in rocksDB at /home/runner/work/ozone/ozone/hadoop-ozone/integration-test/target/test-dir/MiniOzoneClusterImpl-bcbc84c2-519e-42a0-a817-fd35ffaa666a/omNode-1/db.snapshots/om.db-1c03c3bc-5eee-43ac-9030-d738480f7576 in 47 milliseconds
2023-03-29 22:45:24,945 [OMDoubleBufferFlushThread] INFO  db.RDBCheckpointManager (RDBCheckpointManager.java:waitForCheckpointDirectoryExist(125)) - Waited for 1 milliseconds for checkpoint directory /home/runner/work/ozone/ozone/hadoop-ozone/integration-test/target/test-dir/MiniOzoneClusterImpl-bcbc84c2-519e-42a0-a817-fd35ffaa666a/omNode-1/db.snapshots/om.db-1c03c3bc-5eee-43ac-9030-d738480f7576 availability.
2023-03-29 22:45:24,946 [OMDoubleBufferFlushThread] WARN  om.OmSnapshotManager (OmSnapshotManager.java:deleteKeysInSnapshotScopeFromDTableInternal(396)) - Took 532832 ns to clean up deletedTable
2023-03-29 22:45:24,946 [OMDoubleBufferFlushThread] INFO  om.OmSnapshotManager (OmSnapshotManager.java:createOmSnapshotCheckpoint(317)) - Created checkpoint : /home/runner/work/ozone/ozone/hadoop-ozone/integration-test/target/test-dir/MiniOzoneClusterImpl-bcbc84c2-519e-42a0-a817-fd35ffaa666a/omNode-1/db.snapshots/om.db-1c03c3bc-5eee-43ac-9030-d738480f7576 for snapshot snap45057
2023-03-29 22:45:25,896 [IPC Server handler 8 on default port 40933] WARN  server.ServerUtils (ServerUtils.java:getDBPath(225)) - ozone.om.db.dirs is not configured. We recommend adding this setting. Falling back to ozone.metadata.dirs instead.
2023-03-29 22:45:25,897 [IPC Server handler 8 on default port 40933] INFO  codec.OmKeyInfoCodec (OmKeyInfoCodec.java:<init>(49)) - OmKeyInfoCodec ignorePipeline = true
2023-03-29 22:45:25,897 [IPC Server handler 8 on default port 40933] INFO  codec.RepeatedOmKeyInfoCodec (RepeatedOmKeyInfoCodec.java:<init>(41)) - RepeatedOmKeyInfoCodec ignorePipeline = true
2023-03-29 22:45:25,940 [IPC Server handler 8 on default port 40933] INFO  snapshot.SnapshotDiffManager (SnapshotDiffManager.java:submitSnapDiffJob(343)) - Submitting snap diff report generation request for volume: vol-01566, bucket: buck-94880, fromSnapshot: snap45146 and toSnapshot: snap45057
2023-03-29 22:45:26,965 [OM StateMachine ApplyTransaction Thread - 0] INFO  snapshot.OMSnapshotCreateRequest (OMSnapshotCreateRequest.java:validateAndUpdateCache(204)) - Created snapshot 'snap46142' under path 'vol-01566/buck-94880'
2023-03-29 22:45:26,966 [OM StateMachine ApplyTransaction Thread - 0] INFO  snapshot.OMSnapshotCreateRequest (OMSnapshotCreateRequest.java:validateAndUpdateCache(204)) - Created snapshot 'snap46142' under path 'vol-01566/buck-94880'
2023-03-29 22:45:26,967 [OM StateMachine ApplyTransaction Thread - 0] INFO  snapshot.OMSnapshotCreateRequest (OMSnapshotCreateRequest.java:validateAndUpdateCache(204)) - Created snapshot 'snap46142' under path 'vol-01566/buck-94880'
2023-03-29 22:45:27,026 [OMDoubleBufferFlushThread] INFO  db.RDBCheckpointManager (RDBCheckpointManager.java:createCheckpoint(96)) - Created checkpoint in rocksDB at /home/runner/work/ozone/ozone/hadoop-ozone/integration-test/target/test-dir/MiniOzoneClusterImpl-bcbc84c2-519e-42a0-a817-fd35ffaa666a/omNode-1/db.snapshots/om.db-fba64807-2620-4509-a911-66c32bf9f4a2 in 59 milliseconds
2023-03-29 22:45:27,029 [OMDoubleBufferFlushThread] INFO  db.RDBCheckpointManager (RDBCheckpointManager.java:waitForCheckpointDirectoryExist(125)) - Waited for 3 milliseconds for checkpoint directory /home/runner/work/ozone/ozone/hadoop-ozone/integration-test/target/test-dir/MiniOzoneClusterImpl-bcbc84c2-519e-42a0-a817-fd35ffaa666a/omNode-1/db.snapshots/om.db-fba64807-2620-4509-a911-66c32bf9f4a2 availability.
2023-03-29 22:45:27,030 [OMDoubleBufferFlushThread] WARN  om.OmSnapshotManager (OmSnapshotManager.java:deleteKeysInSnapshotScopeFromDTableInternal(396)) - Took 555733 ns to clean up deletedTable
2023-03-29 22:45:27,030 [OMDoubleBufferFlushThread] INFO  om.OmSnapshotManager (OmSnapshotManager.java:createOmSnapshotCheckpoint(317)) - Created checkpoint : /home/runner/work/ozone/ozone/hadoop-ozone/integration-test/target/test-dir/MiniOzoneClusterImpl-bcbc84c2-519e-42a0-a817-fd35ffaa666a/omNode-1/db.snapshots/om.db-fba64807-2620-4509-a911-66c32bf9f4a2 for snapshot snap46142
2023-03-29 22:45:27,033 [OMDoubleBufferFlushThread] INFO  db.RDBCheckpointManager (RDBCheckpointManager.java:createCheckpoint(96)) - Created checkpoint in rocksDB at /home/runner/work/ozone/ozone/hadoop-ozone/integration-test/target/test-dir/MiniOzoneClusterImpl-bcbc84c2-519e-42a0-a817-fd35ffaa666a/omNode-3/db.snapshots/om.db-fba64807-2620-4509-a911-66c32bf9f4a2 in 63 milliseconds
2023-03-29 22:45:27,034 [OMDoubleBufferFlushThread] INFO  db.RDBCheckpointManager (RDBCheckpointManager.java:waitForCheckpointDirectoryExist(125)) - Waited for 1 milliseconds for checkpoint directory /home/runner/work/ozone/ozone/hadoop-ozone/integration-test/target/test-dir/MiniOzoneClusterImpl-bcbc84c2-519e-42a0-a817-fd35ffaa666a/omNode-3/db.snapshots/om.db-fba64807-2620-4509-a911-66c32bf9f4a2 availability.
2023-03-29 22:45:27,034 [OMDoubleBufferFlushThread] WARN  om.OmSnapshotManager (OmSnapshotManager.java:deleteKeysInSnapshotScopeFromDTableInternal(396)) - Took 505830 ns to clean up deletedTable
2023-03-29 22:45:27,035 [OMDoubleBufferFlushThread] INFO  om.OmSnapshotManager (OmSnapshotManager.java:createOmSnapshotCheckpoint(317)) - Created checkpoint : /home/runner/work/ozone/ozone/hadoop-ozone/integration-test/target/test-dir/MiniOzoneClusterImpl-bcbc84c2-519e-42a0-a817-fd35ffaa666a/omNode-3/db.snapshots/om.db-fba64807-2620-4509-a911-66c32bf9f4a2 for snapshot snap46142
2023-03-29 22:45:27,035 [OMDoubleBufferFlushThread] INFO  db.RDBCheckpointManager (RDBCheckpointManager.java:createCheckpoint(96)) - Created checkpoint in rocksDB at /home/runner/work/ozone/ozone/hadoop-ozone/integration-test/target/test-dir/MiniOzoneClusterImpl-bcbc84c2-519e-42a0-a817-fd35ffaa666a/omNode-2/db.snapshots/om.db-fba64807-2620-4509-a911-66c32bf9f4a2 in 66 milliseconds
2023-03-29 22:45:27,036 [OMDoubleBufferFlushThread] INFO  db.RDBCheckpointManager (RDBCheckpointManager.java:waitForCheckpointDirectoryExist(125)) - Waited for 1 milliseconds for checkpoint directory /home/runner/work/ozone/ozone/hadoop-ozone/integration-test/target/test-dir/MiniOzoneClusterImpl-bcbc84c2-519e-42a0-a817-fd35ffaa666a/omNode-2/db.snapshots/om.db-fba64807-2620-4509-a911-66c32bf9f4a2 availability.
2023-03-29 22:45:27,036 [OMDoubleBufferFlushThread] WARN  om.OmSnapshotManager (OmSnapshotManager.java:deleteKeysInSnapshotScopeFromDTableInternal(396)) - Took 468428 ns to clean up deletedTable
2023-03-29 22:45:27,037 [OMDoubleBufferFlushThread] INFO  om.OmSnapshotManager (OmSnapshotManager.java:createOmSnapshotCheckpoint(317)) - Created checkpoint : /home/runner/work/ozone/ozone/hadoop-ozone/integration-test/target/test-dir/MiniOzoneClusterImpl-bcbc84c2-519e-42a0-a817-fd35ffaa666a/omNode-2/db.snapshots/om.db-fba64807-2620-4509-a911-66c32bf9f4a2 for snapshot snap46142
2023-03-29 22:45:27,968 [IPC Server handler 18 on default port 40933] WARN  server.ServerUtils (ServerUtils.java:getDBPath(225)) - ozone.om.db.dirs is not configured. We recommend adding this setting. Falling back to ozone.metadata.dirs instead.
2023-03-29 22:45:27,969 [IPC Server handler 18 on default port 40933] INFO  codec.OmKeyInfoCodec (OmKeyInfoCodec.java:<init>(49)) - OmKeyInfoCodec ignorePipeline = true
2023-03-29 22:45:27,969 [IPC Server handler 18 on default port 40933] INFO  codec.RepeatedOmKeyInfoCodec (RepeatedOmKeyInfoCodec.java:<init>(41)) - RepeatedOmKeyInfoCodec ignorePipeline = true
2023-03-29 22:45:28,004 [IPC Server handler 18 on default port 40933] INFO  snapshot.SnapshotDiffManager (SnapshotDiffManager.java:submitSnapDiffJob(343)) - Submitting snap diff report generation request for volume: vol-01566, bucket: buck-94880, fromSnapshot: snap45057 and toSnapshot: snap46142
]]></system-out>
  </testcase>
  <testcase name="testSnapDiff" classname="TestOmSnapshot" time="11.832">
    <system-out><![CDATA[2023-03-29 22:46:23,019 [Time-limited test] INFO  rpc.RpcClient (RpcClient.java:createVolume(476)) - Creating Volume: vol-63984, with runner as owner and space quota set to -1 bytes, counts quota set to -1
2023-03-29 22:46:23,022 [OM StateMachine ApplyTransaction Thread - 0] INFO  volume.OMVolumeCreateRequest (OMVolumeCreateRequest.java:validateAndUpdateCache(195)) - created volume:vol-63984 for user:runner
2023-03-29 22:46:23,024 [OM StateMachine ApplyTransaction Thread - 0] INFO  volume.OMVolumeCreateRequest (OMVolumeCreateRequest.java:validateAndUpdateCache(195)) - created volume:vol-63984 for user:runner
2023-03-29 22:46:23,024 [OM StateMachine ApplyTransaction Thread - 0] INFO  volume.OMVolumeCreateRequest (OMVolumeCreateRequest.java:validateAndUpdateCache(195)) - created volume:vol-63984 for user:runner
2023-03-29 22:46:23,025 [Time-limited test] INFO  rpc.RpcClient (RpcClient.java:createBucket(698)) - Creating Bucket: vol-63984/buck-25118, with server-side default bucket layout, runner as owner, Versioning false, Storage Type set to DISK and Encryption set to false, Replication Type set to server-side default replication type, Namespace Quota set to -1, Space Quota set to -1 
2023-03-29 22:46:23,028 [OM StateMachine ApplyTransaction Thread - 0] INFO  bucket.OMBucketCreateRequest (OMBucketCreateRequest.java:validateAndUpdateCache(262)) - created bucket: buck-25118 of layout FILE_SYSTEM_OPTIMIZED in volume: vol-63984
2023-03-29 22:46:23,030 [OM StateMachine ApplyTransaction Thread - 0] INFO  bucket.OMBucketCreateRequest (OMBucketCreateRequest.java:validateAndUpdateCache(262)) - created bucket: buck-25118 of layout FILE_SYSTEM_OPTIMIZED in volume: vol-63984
2023-03-29 22:46:23,030 [OM StateMachine ApplyTransaction Thread - 0] INFO  bucket.OMBucketCreateRequest (OMBucketCreateRequest.java:validateAndUpdateCache(262)) - created bucket: buck-25118 of layout FILE_SYSTEM_OPTIMIZED in volume: vol-63984
2023-03-29 22:46:23,062 [OM StateMachine ApplyTransaction Thread - 0] INFO  snapshot.OMSnapshotCreateRequest (OMSnapshotCreateRequest.java:validateAndUpdateCache(204)) - Created snapshot 'snap36310' under path 'vol-63984/buck-25118'
2023-03-29 22:46:23,066 [OM StateMachine ApplyTransaction Thread - 0] INFO  snapshot.OMSnapshotCreateRequest (OMSnapshotCreateRequest.java:validateAndUpdateCache(204)) - Created snapshot 'snap36310' under path 'vol-63984/buck-25118'
2023-03-29 22:46:23,066 [OM StateMachine ApplyTransaction Thread - 0] INFO  snapshot.OMSnapshotCreateRequest (OMSnapshotCreateRequest.java:validateAndUpdateCache(204)) - Created snapshot 'snap36310' under path 'vol-63984/buck-25118'
2023-03-29 22:46:23,138 [OMDoubleBufferFlushThread] INFO  db.RDBCheckpointManager (RDBCheckpointManager.java:createCheckpoint(96)) - Created checkpoint in rocksDB at /home/runner/work/ozone/ozone/hadoop-ozone/integration-test/target/test-dir/MiniOzoneClusterImpl-8ae17f6e-7b8d-4fcc-9253-feb95f7e1717/omNode-1/db.snapshots/om.db-67ab1520-9b83-4dbd-833f-65a2cb60f73e in 72 milliseconds
2023-03-29 22:46:23,139 [OMDoubleBufferFlushThread] INFO  db.RDBCheckpointManager (RDBCheckpointManager.java:createCheckpoint(96)) - Created checkpoint in rocksDB at /home/runner/work/ozone/ozone/hadoop-ozone/integration-test/target/test-dir/MiniOzoneClusterImpl-8ae17f6e-7b8d-4fcc-9253-feb95f7e1717/omNode-3/db.snapshots/om.db-67ab1520-9b83-4dbd-833f-65a2cb60f73e in 69 milliseconds
2023-03-29 22:46:23,140 [OMDoubleBufferFlushThread] INFO  db.RDBCheckpointManager (RDBCheckpointManager.java:waitForCheckpointDirectoryExist(125)) - Waited for 1 milliseconds for checkpoint directory /home/runner/work/ozone/ozone/hadoop-ozone/integration-test/target/test-dir/MiniOzoneClusterImpl-8ae17f6e-7b8d-4fcc-9253-feb95f7e1717/omNode-3/db.snapshots/om.db-67ab1520-9b83-4dbd-833f-65a2cb60f73e availability.
2023-03-29 22:46:23,140 [OMDoubleBufferFlushThread] WARN  om.OmSnapshotManager (OmSnapshotManager.java:deleteKeysInSnapshotScopeFromDTableInternal(396)) - Took 456927 ns to clean up deletedTable
2023-03-29 22:46:23,140 [OMDoubleBufferFlushThread] INFO  db.RDBCheckpointManager (RDBCheckpointManager.java:waitForCheckpointDirectoryExist(125)) - Waited for 2 milliseconds for checkpoint directory /home/runner/work/ozone/ozone/hadoop-ozone/integration-test/target/test-dir/MiniOzoneClusterImpl-8ae17f6e-7b8d-4fcc-9253-feb95f7e1717/omNode-1/db.snapshots/om.db-67ab1520-9b83-4dbd-833f-65a2cb60f73e availability.
2023-03-29 22:46:23,141 [OMDoubleBufferFlushThread] INFO  om.OmSnapshotManager (OmSnapshotManager.java:createOmSnapshotCheckpoint(317)) - Created checkpoint : /home/runner/work/ozone/ozone/hadoop-ozone/integration-test/target/test-dir/MiniOzoneClusterImpl-8ae17f6e-7b8d-4fcc-9253-feb95f7e1717/omNode-3/db.snapshots/om.db-67ab1520-9b83-4dbd-833f-65a2cb60f73e for snapshot snap36310
2023-03-29 22:46:23,141 [OMDoubleBufferFlushThread] WARN  om.OmSnapshotManager (OmSnapshotManager.java:deleteKeysInSnapshotScopeFromDTableInternal(396)) - Took 488428 ns to clean up deletedTable
2023-03-29 22:46:23,146 [OMDoubleBufferFlushThread] INFO  om.OmSnapshotManager (OmSnapshotManager.java:createOmSnapshotCheckpoint(317)) - Created checkpoint : /home/runner/work/ozone/ozone/hadoop-ozone/integration-test/target/test-dir/MiniOzoneClusterImpl-8ae17f6e-7b8d-4fcc-9253-feb95f7e1717/omNode-1/db.snapshots/om.db-67ab1520-9b83-4dbd-833f-65a2cb60f73e for snapshot snap36310
2023-03-29 22:46:23,147 [OMDoubleBufferFlushThread] INFO  db.RDBCheckpointManager (RDBCheckpointManager.java:createCheckpoint(96)) - Created checkpoint in rocksDB at /home/runner/work/ozone/ozone/hadoop-ozone/integration-test/target/test-dir/MiniOzoneClusterImpl-8ae17f6e-7b8d-4fcc-9253-feb95f7e1717/omNode-2/db.snapshots/om.db-67ab1520-9b83-4dbd-833f-65a2cb60f73e in 78 milliseconds
2023-03-29 22:46:23,148 [OMDoubleBufferFlushThread] INFO  db.RDBCheckpointManager (RDBCheckpointManager.java:waitForCheckpointDirectoryExist(125)) - Waited for 1 milliseconds for checkpoint directory /home/runner/work/ozone/ozone/hadoop-ozone/integration-test/target/test-dir/MiniOzoneClusterImpl-8ae17f6e-7b8d-4fcc-9253-feb95f7e1717/omNode-2/db.snapshots/om.db-67ab1520-9b83-4dbd-833f-65a2cb60f73e availability.
2023-03-29 22:46:23,149 [OMDoubleBufferFlushThread] WARN  om.OmSnapshotManager (OmSnapshotManager.java:deleteKeysInSnapshotScopeFromDTableInternal(396)) - Took 431825 ns to clean up deletedTable
2023-03-29 22:46:23,149 [OMDoubleBufferFlushThread] INFO  om.OmSnapshotManager (OmSnapshotManager.java:createOmSnapshotCheckpoint(317)) - Created checkpoint : /home/runner/work/ozone/ozone/hadoop-ozone/integration-test/target/test-dir/MiniOzoneClusterImpl-8ae17f6e-7b8d-4fcc-9253-feb95f7e1717/omNode-2/db.snapshots/om.db-67ab1520-9b83-4dbd-833f-65a2cb60f73e for snapshot snap36310
2023-03-29 22:46:24,068 [OM StateMachine ApplyTransaction Thread - 0] INFO  snapshot.OMSnapshotCreateRequest (OMSnapshotCreateRequest.java:validateAndUpdateCache(204)) - Created snapshot 'snap03192' under path 'vol-63984/buck-25118'
2023-03-29 22:46:24,069 [OM StateMachine ApplyTransaction Thread - 0] INFO  snapshot.OMSnapshotCreateRequest (OMSnapshotCreateRequest.java:validateAndUpdateCache(204)) - Created snapshot 'snap03192' under path 'vol-63984/buck-25118'
2023-03-29 22:46:24,071 [OM StateMachine ApplyTransaction Thread - 0] INFO  snapshot.OMSnapshotCreateRequest (OMSnapshotCreateRequest.java:validateAndUpdateCache(204)) - Created snapshot 'snap03192' under path 'vol-63984/buck-25118'
2023-03-29 22:46:24,095 [OMDoubleBufferFlushThread] INFO  db.RDBCheckpointManager (RDBCheckpointManager.java:createCheckpoint(96)) - Created checkpoint in rocksDB at /home/runner/work/ozone/ozone/hadoop-ozone/integration-test/target/test-dir/MiniOzoneClusterImpl-8ae17f6e-7b8d-4fcc-9253-feb95f7e1717/omNode-3/db.snapshots/om.db-eb066716-d3b7-456a-8018-ddda1e6fcce3 in 22 milliseconds
2023-03-29 22:46:24,096 [OMDoubleBufferFlushThread] INFO  db.RDBCheckpointManager (RDBCheckpointManager.java:waitForCheckpointDirectoryExist(125)) - Waited for 1 milliseconds for checkpoint directory /home/runner/work/ozone/ozone/hadoop-ozone/integration-test/target/test-dir/MiniOzoneClusterImpl-8ae17f6e-7b8d-4fcc-9253-feb95f7e1717/omNode-3/db.snapshots/om.db-eb066716-d3b7-456a-8018-ddda1e6fcce3 availability.
2023-03-29 22:46:24,097 [OMDoubleBufferFlushThread] WARN  om.OmSnapshotManager (OmSnapshotManager.java:deleteKeysInSnapshotScopeFromDTableInternal(396)) - Took 585735 ns to clean up deletedTable
2023-03-29 22:46:24,097 [OMDoubleBufferFlushThread] INFO  om.OmSnapshotManager (OmSnapshotManager.java:createOmSnapshotCheckpoint(317)) - Created checkpoint : /home/runner/work/ozone/ozone/hadoop-ozone/integration-test/target/test-dir/MiniOzoneClusterImpl-8ae17f6e-7b8d-4fcc-9253-feb95f7e1717/omNode-3/db.snapshots/om.db-eb066716-d3b7-456a-8018-ddda1e6fcce3 for snapshot snap03192
2023-03-29 22:46:24,104 [OMDoubleBufferFlushThread] INFO  db.RDBCheckpointManager (RDBCheckpointManager.java:createCheckpoint(96)) - Created checkpoint in rocksDB at /home/runner/work/ozone/ozone/hadoop-ozone/integration-test/target/test-dir/MiniOzoneClusterImpl-8ae17f6e-7b8d-4fcc-9253-feb95f7e1717/omNode-2/db.snapshots/om.db-eb066716-d3b7-456a-8018-ddda1e6fcce3 in 32 milliseconds
2023-03-29 22:46:24,105 [OMDoubleBufferFlushThread] INFO  db.RDBCheckpointManager (RDBCheckpointManager.java:waitForCheckpointDirectoryExist(125)) - Waited for 1 milliseconds for checkpoint directory /home/runner/work/ozone/ozone/hadoop-ozone/integration-test/target/test-dir/MiniOzoneClusterImpl-8ae17f6e-7b8d-4fcc-9253-feb95f7e1717/omNode-2/db.snapshots/om.db-eb066716-d3b7-456a-8018-ddda1e6fcce3 availability.
2023-03-29 22:46:24,105 [OMDoubleBufferFlushThread] WARN  om.OmSnapshotManager (OmSnapshotManager.java:deleteKeysInSnapshotScopeFromDTableInternal(396)) - Took 689740 ns to clean up deletedTable
2023-03-29 22:46:24,106 [OMDoubleBufferFlushThread] INFO  om.OmSnapshotManager (OmSnapshotManager.java:createOmSnapshotCheckpoint(317)) - Created checkpoint : /home/runner/work/ozone/ozone/hadoop-ozone/integration-test/target/test-dir/MiniOzoneClusterImpl-8ae17f6e-7b8d-4fcc-9253-feb95f7e1717/omNode-2/db.snapshots/om.db-eb066716-d3b7-456a-8018-ddda1e6fcce3 for snapshot snap03192
2023-03-29 22:46:24,107 [OMDoubleBufferFlushThread] INFO  db.RDBCheckpointManager (RDBCheckpointManager.java:createCheckpoint(96)) - Created checkpoint in rocksDB at /home/runner/work/ozone/ozone/hadoop-ozone/integration-test/target/test-dir/MiniOzoneClusterImpl-8ae17f6e-7b8d-4fcc-9253-feb95f7e1717/omNode-1/db.snapshots/om.db-eb066716-d3b7-456a-8018-ddda1e6fcce3 in 33 milliseconds
2023-03-29 22:46:24,108 [OMDoubleBufferFlushThread] INFO  db.RDBCheckpointManager (RDBCheckpointManager.java:waitForCheckpointDirectoryExist(125)) - Waited for 0 milliseconds for checkpoint directory /home/runner/work/ozone/ozone/hadoop-ozone/integration-test/target/test-dir/MiniOzoneClusterImpl-8ae17f6e-7b8d-4fcc-9253-feb95f7e1717/omNode-1/db.snapshots/om.db-eb066716-d3b7-456a-8018-ddda1e6fcce3 availability.
2023-03-29 22:46:24,109 [OMDoubleBufferFlushThread] WARN  om.OmSnapshotManager (OmSnapshotManager.java:deleteKeysInSnapshotScopeFromDTableInternal(396)) - Took 634137 ns to clean up deletedTable
2023-03-29 22:46:24,109 [OMDoubleBufferFlushThread] INFO  om.OmSnapshotManager (OmSnapshotManager.java:createOmSnapshotCheckpoint(317)) - Created checkpoint : /home/runner/work/ozone/ozone/hadoop-ozone/integration-test/target/test-dir/MiniOzoneClusterImpl-8ae17f6e-7b8d-4fcc-9253-feb95f7e1717/omNode-1/db.snapshots/om.db-eb066716-d3b7-456a-8018-ddda1e6fcce3 for snapshot snap03192
2023-03-29 22:46:25,071 [IPC Server handler 0 on default port 38145] WARN  server.ServerUtils (ServerUtils.java:getDBPath(225)) - ozone.om.db.dirs is not configured. We recommend adding this setting. Falling back to ozone.metadata.dirs instead.
2023-03-29 22:46:25,072 [IPC Server handler 0 on default port 38145] INFO  codec.OmKeyInfoCodec (OmKeyInfoCodec.java:<init>(49)) - OmKeyInfoCodec ignorePipeline = true
2023-03-29 22:46:25,072 [IPC Server handler 0 on default port 38145] INFO  codec.RepeatedOmKeyInfoCodec (RepeatedOmKeyInfoCodec.java:<init>(41)) - RepeatedOmKeyInfoCodec ignorePipeline = true
2023-03-29 22:46:25,104 [IPC Server handler 0 on default port 38145] WARN  server.ServerUtils (ServerUtils.java:getDBPath(225)) - ozone.om.db.dirs is not configured. We recommend adding this setting. Falling back to ozone.metadata.dirs instead.
2023-03-29 22:46:25,109 [IPC Server handler 0 on default port 38145] INFO  codec.OmKeyInfoCodec (OmKeyInfoCodec.java:<init>(49)) - OmKeyInfoCodec ignorePipeline = true
2023-03-29 22:46:25,109 [IPC Server handler 0 on default port 38145] INFO  codec.RepeatedOmKeyInfoCodec (RepeatedOmKeyInfoCodec.java:<init>(41)) - RepeatedOmKeyInfoCodec ignorePipeline = true
2023-03-29 22:46:25,136 [IPC Server handler 0 on default port 38145] INFO  snapshot.SnapshotDiffManager (SnapshotDiffManager.java:submitSnapDiffJob(343)) - Submitting snap diff report generation request for volume: vol-63984, bucket: buck-25118, fromSnapshot: snap36310 and toSnapshot: snap03192
2023-03-29 22:46:25,163 [pool-778-thread-2] WARN  snapshot.SnapshotDiffManager (SnapshotDiffManager.java:getDeltaFiles(624)) - RocksDBCheckpointDiffer is not available, falling back to slow path
2023-03-29 22:46:25,187 [pool-778-thread-2] WARN  snapshot.SnapshotDiffManager (SnapshotDiffManager.java:getDeltaFiles(624)) - RocksDBCheckpointDiffer is not available, falling back to slow path
2023-03-29 22:46:28,684 [OM StateMachine ApplyTransaction Thread - 0] INFO  snapshot.OMSnapshotCreateRequest (OMSnapshotCreateRequest.java:validateAndUpdateCache(204)) - Created snapshot 'snap82642' under path 'vol-63984/buck-25118'
2023-03-29 22:46:28,686 [OM StateMachine ApplyTransaction Thread - 0] INFO  snapshot.OMSnapshotCreateRequest (OMSnapshotCreateRequest.java:validateAndUpdateCache(204)) - Created snapshot 'snap82642' under path 'vol-63984/buck-25118'
2023-03-29 22:46:28,686 [OM StateMachine ApplyTransaction Thread - 0] INFO  snapshot.OMSnapshotCreateRequest (OMSnapshotCreateRequest.java:validateAndUpdateCache(204)) - Created snapshot 'snap82642' under path 'vol-63984/buck-25118'
2023-03-29 22:46:28,735 [OMDoubleBufferFlushThread] INFO  db.RDBCheckpointManager (RDBCheckpointManager.java:createCheckpoint(96)) - Created checkpoint in rocksDB at /home/runner/work/ozone/ozone/hadoop-ozone/integration-test/target/test-dir/MiniOzoneClusterImpl-8ae17f6e-7b8d-4fcc-9253-feb95f7e1717/omNode-3/db.snapshots/om.db-dacecd9d-a2af-481b-bec3-4a6daf30f6d5 in 47 milliseconds
2023-03-29 22:46:28,736 [OMDoubleBufferFlushThread] INFO  db.RDBCheckpointManager (RDBCheckpointManager.java:createCheckpoint(96)) - Created checkpoint in rocksDB at /home/runner/work/ozone/ozone/hadoop-ozone/integration-test/target/test-dir/MiniOzoneClusterImpl-8ae17f6e-7b8d-4fcc-9253-feb95f7e1717/omNode-1/db.snapshots/om.db-dacecd9d-a2af-481b-bec3-4a6daf30f6d5 in 49 milliseconds
2023-03-29 22:46:28,736 [OMDoubleBufferFlushThread] INFO  db.RDBCheckpointManager (RDBCheckpointManager.java:createCheckpoint(96)) - Created checkpoint in rocksDB at /home/runner/work/ozone/ozone/hadoop-ozone/integration-test/target/test-dir/MiniOzoneClusterImpl-8ae17f6e-7b8d-4fcc-9253-feb95f7e1717/omNode-2/db.snapshots/om.db-dacecd9d-a2af-481b-bec3-4a6daf30f6d5 in 48 milliseconds
2023-03-29 22:46:28,745 [OMDoubleBufferFlushThread] INFO  db.RDBCheckpointManager (RDBCheckpointManager.java:waitForCheckpointDirectoryExist(125)) - Waited for 10 milliseconds for checkpoint directory /home/runner/work/ozone/ozone/hadoop-ozone/integration-test/target/test-dir/MiniOzoneClusterImpl-8ae17f6e-7b8d-4fcc-9253-feb95f7e1717/omNode-3/db.snapshots/om.db-dacecd9d-a2af-481b-bec3-4a6daf30f6d5 availability.
2023-03-29 22:46:28,746 [OMDoubleBufferFlushThread] WARN  om.OmSnapshotManager (OmSnapshotManager.java:deleteKeysInSnapshotScopeFromDTableInternal(396)) - Took 498229 ns to clean up deletedTable
2023-03-29 22:46:28,746 [OMDoubleBufferFlushThread] INFO  om.OmSnapshotManager (OmSnapshotManager.java:createOmSnapshotCheckpoint(317)) - Created checkpoint : /home/runner/work/ozone/ozone/hadoop-ozone/integration-test/target/test-dir/MiniOzoneClusterImpl-8ae17f6e-7b8d-4fcc-9253-feb95f7e1717/omNode-3/db.snapshots/om.db-dacecd9d-a2af-481b-bec3-4a6daf30f6d5 for snapshot snap82642
2023-03-29 22:46:28,747 [OMDoubleBufferFlushThread] INFO  db.RDBCheckpointManager (RDBCheckpointManager.java:waitForCheckpointDirectoryExist(125)) - Waited for 11 milliseconds for checkpoint directory /home/runner/work/ozone/ozone/hadoop-ozone/integration-test/target/test-dir/MiniOzoneClusterImpl-8ae17f6e-7b8d-4fcc-9253-feb95f7e1717/omNode-1/db.snapshots/om.db-dacecd9d-a2af-481b-bec3-4a6daf30f6d5 availability.
2023-03-29 22:46:28,747 [OMDoubleBufferFlushThread] WARN  om.OmSnapshotManager (OmSnapshotManager.java:deleteKeysInSnapshotScopeFromDTableInternal(396)) - Took 405624 ns to clean up deletedTable
2023-03-29 22:46:28,747 [OMDoubleBufferFlushThread] INFO  om.OmSnapshotManager (OmSnapshotManager.java:createOmSnapshotCheckpoint(317)) - Created checkpoint : /home/runner/work/ozone/ozone/hadoop-ozone/integration-test/target/test-dir/MiniOzoneClusterImpl-8ae17f6e-7b8d-4fcc-9253-feb95f7e1717/omNode-1/db.snapshots/om.db-dacecd9d-a2af-481b-bec3-4a6daf30f6d5 for snapshot snap82642
2023-03-29 22:46:28,748 [OMDoubleBufferFlushThread] INFO  db.RDBCheckpointManager (RDBCheckpointManager.java:waitForCheckpointDirectoryExist(125)) - Waited for 12 milliseconds for checkpoint directory /home/runner/work/ozone/ozone/hadoop-ozone/integration-test/target/test-dir/MiniOzoneClusterImpl-8ae17f6e-7b8d-4fcc-9253-feb95f7e1717/omNode-2/db.snapshots/om.db-dacecd9d-a2af-481b-bec3-4a6daf30f6d5 availability.
2023-03-29 22:46:28,749 [OMDoubleBufferFlushThread] WARN  om.OmSnapshotManager (OmSnapshotManager.java:deleteKeysInSnapshotScopeFromDTableInternal(396)) - Took 388923 ns to clean up deletedTable
2023-03-29 22:46:28,749 [OMDoubleBufferFlushThread] INFO  om.OmSnapshotManager (OmSnapshotManager.java:createOmSnapshotCheckpoint(317)) - Created checkpoint : /home/runner/work/ozone/ozone/hadoop-ozone/integration-test/target/test-dir/MiniOzoneClusterImpl-8ae17f6e-7b8d-4fcc-9253-feb95f7e1717/omNode-2/db.snapshots/om.db-dacecd9d-a2af-481b-bec3-4a6daf30f6d5 for snapshot snap82642
2023-03-29 22:46:29,686 [IPC Server handler 4 on default port 38145] WARN  server.ServerUtils (ServerUtils.java:getDBPath(225)) - ozone.om.db.dirs is not configured. We recommend adding this setting. Falling back to ozone.metadata.dirs instead.
2023-03-29 22:46:29,687 [IPC Server handler 4 on default port 38145] INFO  codec.OmKeyInfoCodec (OmKeyInfoCodec.java:<init>(49)) - OmKeyInfoCodec ignorePipeline = true
2023-03-29 22:46:29,687 [IPC Server handler 4 on default port 38145] INFO  codec.RepeatedOmKeyInfoCodec (RepeatedOmKeyInfoCodec.java:<init>(41)) - RepeatedOmKeyInfoCodec ignorePipeline = true
2023-03-29 22:46:29,717 [IPC Server handler 4 on default port 38145] INFO  snapshot.SnapshotDiffManager (SnapshotDiffManager.java:submitSnapDiffJob(343)) - Submitting snap diff report generation request for volume: vol-63984, bucket: buck-25118, fromSnapshot: snap03192 and toSnapshot: snap82642
2023-03-29 22:46:30,730 [OM StateMachine ApplyTransaction Thread - 0] INFO  snapshot.OMSnapshotCreateRequest (OMSnapshotCreateRequest.java:validateAndUpdateCache(204)) - Created snapshot 'snap50240' under path 'vol-63984/buck-25118'
2023-03-29 22:46:30,731 [OM StateMachine ApplyTransaction Thread - 0] INFO  snapshot.OMSnapshotCreateRequest (OMSnapshotCreateRequest.java:validateAndUpdateCache(204)) - Created snapshot 'snap50240' under path 'vol-63984/buck-25118'
2023-03-29 22:46:30,732 [OM StateMachine ApplyTransaction Thread - 0] INFO  snapshot.OMSnapshotCreateRequest (OMSnapshotCreateRequest.java:validateAndUpdateCache(204)) - Created snapshot 'snap50240' under path 'vol-63984/buck-25118'
2023-03-29 22:46:30,771 [OMDoubleBufferFlushThread] INFO  db.RDBCheckpointManager (RDBCheckpointManager.java:createCheckpoint(96)) - Created checkpoint in rocksDB at /home/runner/work/ozone/ozone/hadoop-ozone/integration-test/target/test-dir/MiniOzoneClusterImpl-8ae17f6e-7b8d-4fcc-9253-feb95f7e1717/omNode-3/db.snapshots/om.db-8d85aa75-9904-452f-b40a-6c081333a10c in 38 milliseconds
2023-03-29 22:46:30,771 [OMDoubleBufferFlushThread] INFO  db.RDBCheckpointManager (RDBCheckpointManager.java:waitForCheckpointDirectoryExist(125)) - Waited for 0 milliseconds for checkpoint directory /home/runner/work/ozone/ozone/hadoop-ozone/integration-test/target/test-dir/MiniOzoneClusterImpl-8ae17f6e-7b8d-4fcc-9253-feb95f7e1717/omNode-3/db.snapshots/om.db-8d85aa75-9904-452f-b40a-6c081333a10c availability.
2023-03-29 22:46:30,772 [OMDoubleBufferFlushThread] WARN  om.OmSnapshotManager (OmSnapshotManager.java:deleteKeysInSnapshotScopeFromDTableInternal(396)) - Took 518031 ns to clean up deletedTable
2023-03-29 22:46:30,773 [OMDoubleBufferFlushThread] INFO  om.OmSnapshotManager (OmSnapshotManager.java:createOmSnapshotCheckpoint(317)) - Created checkpoint : /home/runner/work/ozone/ozone/hadoop-ozone/integration-test/target/test-dir/MiniOzoneClusterImpl-8ae17f6e-7b8d-4fcc-9253-feb95f7e1717/omNode-3/db.snapshots/om.db-8d85aa75-9904-452f-b40a-6c081333a10c for snapshot snap50240
2023-03-29 22:46:30,775 [OMDoubleBufferFlushThread] INFO  db.RDBCheckpointManager (RDBCheckpointManager.java:createCheckpoint(96)) - Created checkpoint in rocksDB at /home/runner/work/ozone/ozone/hadoop-ozone/integration-test/target/test-dir/MiniOzoneClusterImpl-8ae17f6e-7b8d-4fcc-9253-feb95f7e1717/omNode-1/db.snapshots/om.db-8d85aa75-9904-452f-b40a-6c081333a10c in 43 milliseconds
2023-03-29 22:46:30,775 [OMDoubleBufferFlushThread] INFO  db.RDBCheckpointManager (RDBCheckpointManager.java:waitForCheckpointDirectoryExist(125)) - Waited for 0 milliseconds for checkpoint directory /home/runner/work/ozone/ozone/hadoop-ozone/integration-test/target/test-dir/MiniOzoneClusterImpl-8ae17f6e-7b8d-4fcc-9253-feb95f7e1717/omNode-1/db.snapshots/om.db-8d85aa75-9904-452f-b40a-6c081333a10c availability.
2023-03-29 22:46:30,776 [OMDoubleBufferFlushThread] WARN  om.OmSnapshotManager (OmSnapshotManager.java:deleteKeysInSnapshotScopeFromDTableInternal(396)) - Took 419225 ns to clean up deletedTable
2023-03-29 22:46:30,776 [OMDoubleBufferFlushThread] INFO  om.OmSnapshotManager (OmSnapshotManager.java:createOmSnapshotCheckpoint(317)) - Created checkpoint : /home/runner/work/ozone/ozone/hadoop-ozone/integration-test/target/test-dir/MiniOzoneClusterImpl-8ae17f6e-7b8d-4fcc-9253-feb95f7e1717/omNode-1/db.snapshots/om.db-8d85aa75-9904-452f-b40a-6c081333a10c for snapshot snap50240
2023-03-29 22:46:30,779 [OMDoubleBufferFlushThread] INFO  db.RDBCheckpointManager (RDBCheckpointManager.java:createCheckpoint(96)) - Created checkpoint in rocksDB at /home/runner/work/ozone/ozone/hadoop-ozone/integration-test/target/test-dir/MiniOzoneClusterImpl-8ae17f6e-7b8d-4fcc-9253-feb95f7e1717/omNode-2/db.snapshots/om.db-8d85aa75-9904-452f-b40a-6c081333a10c in 45 milliseconds
2023-03-29 22:46:30,780 [OMDoubleBufferFlushThread] INFO  db.RDBCheckpointManager (RDBCheckpointManager.java:waitForCheckpointDirectoryExist(125)) - Waited for 1 milliseconds for checkpoint directory /home/runner/work/ozone/ozone/hadoop-ozone/integration-test/target/test-dir/MiniOzoneClusterImpl-8ae17f6e-7b8d-4fcc-9253-feb95f7e1717/omNode-2/db.snapshots/om.db-8d85aa75-9904-452f-b40a-6c081333a10c availability.
2023-03-29 22:46:30,780 [OMDoubleBufferFlushThread] WARN  om.OmSnapshotManager (OmSnapshotManager.java:deleteKeysInSnapshotScopeFromDTableInternal(396)) - Took 426025 ns to clean up deletedTable
2023-03-29 22:46:30,780 [OMDoubleBufferFlushThread] INFO  om.OmSnapshotManager (OmSnapshotManager.java:createOmSnapshotCheckpoint(317)) - Created checkpoint : /home/runner/work/ozone/ozone/hadoop-ozone/integration-test/target/test-dir/MiniOzoneClusterImpl-8ae17f6e-7b8d-4fcc-9253-feb95f7e1717/omNode-2/db.snapshots/om.db-8d85aa75-9904-452f-b40a-6c081333a10c for snapshot snap50240
2023-03-29 22:46:31,732 [IPC Server handler 17 on default port 38145] WARN  server.ServerUtils (ServerUtils.java:getDBPath(225)) - ozone.om.db.dirs is not configured. We recommend adding this setting. Falling back to ozone.metadata.dirs instead.
2023-03-29 22:46:31,733 [IPC Server handler 17 on default port 38145] INFO  codec.OmKeyInfoCodec (OmKeyInfoCodec.java:<init>(49)) - OmKeyInfoCodec ignorePipeline = true
2023-03-29 22:46:31,733 [IPC Server handler 17 on default port 38145] INFO  codec.RepeatedOmKeyInfoCodec (RepeatedOmKeyInfoCodec.java:<init>(41)) - RepeatedOmKeyInfoCodec ignorePipeline = true
2023-03-29 22:46:31,796 [IPC Server handler 17 on default port 38145] INFO  snapshot.SnapshotDiffManager (SnapshotDiffManager.java:submitSnapDiffJob(343)) - Submitting snap diff report generation request for volume: vol-63984, bucket: buck-25118, fromSnapshot: snap82642 and toSnapshot: snap50240
2023-03-29 22:46:32,812 [OM StateMachine ApplyTransaction Thread - 0] INFO  snapshot.OMSnapshotCreateRequest (OMSnapshotCreateRequest.java:validateAndUpdateCache(204)) - Created snapshot 'snap02271' under path 'vol-63984/buck-25118'
2023-03-29 22:46:32,813 [OM StateMachine ApplyTransaction Thread - 0] INFO  snapshot.OMSnapshotCreateRequest (OMSnapshotCreateRequest.java:validateAndUpdateCache(204)) - Created snapshot 'snap02271' under path 'vol-63984/buck-25118'
2023-03-29 22:46:32,813 [OM StateMachine ApplyTransaction Thread - 0] INFO  snapshot.OMSnapshotCreateRequest (OMSnapshotCreateRequest.java:validateAndUpdateCache(204)) - Created snapshot 'snap02271' under path 'vol-63984/buck-25118'
2023-03-29 22:46:32,868 [OMDoubleBufferFlushThread] INFO  db.RDBCheckpointManager (RDBCheckpointManager.java:createCheckpoint(96)) - Created checkpoint in rocksDB at /home/runner/work/ozone/ozone/hadoop-ozone/integration-test/target/test-dir/MiniOzoneClusterImpl-8ae17f6e-7b8d-4fcc-9253-feb95f7e1717/omNode-1/db.snapshots/om.db-931505a6-933a-45eb-a100-9590454c505c in 49 milliseconds
2023-03-29 22:46:32,875 [OMDoubleBufferFlushThread] INFO  db.RDBCheckpointManager (RDBCheckpointManager.java:waitForCheckpointDirectoryExist(125)) - Waited for 7 milliseconds for checkpoint directory /home/runner/work/ozone/ozone/hadoop-ozone/integration-test/target/test-dir/MiniOzoneClusterImpl-8ae17f6e-7b8d-4fcc-9253-feb95f7e1717/omNode-1/db.snapshots/om.db-931505a6-933a-45eb-a100-9590454c505c availability.
2023-03-29 22:46:32,875 [OMDoubleBufferFlushThread] INFO  db.RDBCheckpointManager (RDBCheckpointManager.java:createCheckpoint(96)) - Created checkpoint in rocksDB at /home/runner/work/ozone/ozone/hadoop-ozone/integration-test/target/test-dir/MiniOzoneClusterImpl-8ae17f6e-7b8d-4fcc-9253-feb95f7e1717/omNode-3/db.snapshots/om.db-931505a6-933a-45eb-a100-9590454c505c in 56 milliseconds
2023-03-29 22:46:32,876 [OMDoubleBufferFlushThread] WARN  om.OmSnapshotManager (OmSnapshotManager.java:deleteKeysInSnapshotScopeFromDTableInternal(396)) - Took 592835 ns to clean up deletedTable
2023-03-29 22:46:32,876 [OMDoubleBufferFlushThread] INFO  om.OmSnapshotManager (OmSnapshotManager.java:createOmSnapshotCheckpoint(317)) - Created checkpoint : /home/runner/work/ozone/ozone/hadoop-ozone/integration-test/target/test-dir/MiniOzoneClusterImpl-8ae17f6e-7b8d-4fcc-9253-feb95f7e1717/omNode-1/db.snapshots/om.db-931505a6-933a-45eb-a100-9590454c505c for snapshot snap02271
2023-03-29 22:46:32,878 [OMDoubleBufferFlushThread] INFO  db.RDBCheckpointManager (RDBCheckpointManager.java:waitForCheckpointDirectoryExist(125)) - Waited for 2 milliseconds for checkpoint directory /home/runner/work/ozone/ozone/hadoop-ozone/integration-test/target/test-dir/MiniOzoneClusterImpl-8ae17f6e-7b8d-4fcc-9253-feb95f7e1717/omNode-3/db.snapshots/om.db-931505a6-933a-45eb-a100-9590454c505c availability.
2023-03-29 22:46:32,878 [OMDoubleBufferFlushThread] WARN  om.OmSnapshotManager (OmSnapshotManager.java:deleteKeysInSnapshotScopeFromDTableInternal(396)) - Took 565433 ns to clean up deletedTable
2023-03-29 22:46:32,879 [OMDoubleBufferFlushThread] INFO  om.OmSnapshotManager (OmSnapshotManager.java:createOmSnapshotCheckpoint(317)) - Created checkpoint : /home/runner/work/ozone/ozone/hadoop-ozone/integration-test/target/test-dir/MiniOzoneClusterImpl-8ae17f6e-7b8d-4fcc-9253-feb95f7e1717/omNode-3/db.snapshots/om.db-931505a6-933a-45eb-a100-9590454c505c for snapshot snap02271
2023-03-29 22:46:32,882 [OMDoubleBufferFlushThread] INFO  db.RDBCheckpointManager (RDBCheckpointManager.java:createCheckpoint(96)) - Created checkpoint in rocksDB at /home/runner/work/ozone/ozone/hadoop-ozone/integration-test/target/test-dir/MiniOzoneClusterImpl-8ae17f6e-7b8d-4fcc-9253-feb95f7e1717/omNode-2/db.snapshots/om.db-931505a6-933a-45eb-a100-9590454c505c in 62 milliseconds
2023-03-29 22:46:32,888 [OMDoubleBufferFlushThread] INFO  db.RDBCheckpointManager (RDBCheckpointManager.java:waitForCheckpointDirectoryExist(125)) - Waited for 6 milliseconds for checkpoint directory /home/runner/work/ozone/ozone/hadoop-ozone/integration-test/target/test-dir/MiniOzoneClusterImpl-8ae17f6e-7b8d-4fcc-9253-feb95f7e1717/omNode-2/db.snapshots/om.db-931505a6-933a-45eb-a100-9590454c505c availability.
2023-03-29 22:46:32,888 [OMDoubleBufferFlushThread] WARN  om.OmSnapshotManager (OmSnapshotManager.java:deleteKeysInSnapshotScopeFromDTableInternal(396)) - Took 362622 ns to clean up deletedTable
2023-03-29 22:46:32,889 [OMDoubleBufferFlushThread] INFO  om.OmSnapshotManager (OmSnapshotManager.java:createOmSnapshotCheckpoint(317)) - Created checkpoint : /home/runner/work/ozone/ozone/hadoop-ozone/integration-test/target/test-dir/MiniOzoneClusterImpl-8ae17f6e-7b8d-4fcc-9253-feb95f7e1717/omNode-2/db.snapshots/om.db-931505a6-933a-45eb-a100-9590454c505c for snapshot snap02271
2023-03-29 22:46:33,815 [IPC Server handler 18 on default port 38145] WARN  server.ServerUtils (ServerUtils.java:getDBPath(225)) - ozone.om.db.dirs is not configured. We recommend adding this setting. Falling back to ozone.metadata.dirs instead.
2023-03-29 22:46:33,816 [IPC Server handler 18 on default port 38145] INFO  codec.OmKeyInfoCodec (OmKeyInfoCodec.java:<init>(49)) - OmKeyInfoCodec ignorePipeline = true
2023-03-29 22:46:33,816 [IPC Server handler 18 on default port 38145] INFO  codec.RepeatedOmKeyInfoCodec (RepeatedOmKeyInfoCodec.java:<init>(41)) - RepeatedOmKeyInfoCodec ignorePipeline = true
2023-03-29 22:46:33,845 [IPC Server handler 18 on default port 38145] INFO  snapshot.SnapshotDiffManager (SnapshotDiffManager.java:submitSnapDiffJob(343)) - Submitting snap diff report generation request for volume: vol-63984, bucket: buck-25118, fromSnapshot: snap50240 and toSnapshot: snap02271
]]></system-out>
  </testcase>
  <testcase name="testSnapDiff" classname="TestOmSnapshot" time="9.294">
    <system-out><![CDATA[2023-03-29 22:47:29,335 [Time-limited test] INFO  rpc.RpcClient (RpcClient.java:createVolume(476)) - Creating Volume: vol-32163, with runner as owner and space quota set to -1 bytes, counts quota set to -1
2023-03-29 22:47:29,337 [OM StateMachine ApplyTransaction Thread - 0] INFO  volume.OMVolumeCreateRequest (OMVolumeCreateRequest.java:validateAndUpdateCache(195)) - created volume:vol-32163 for user:runner
2023-03-29 22:47:29,340 [OM StateMachine ApplyTransaction Thread - 0] INFO  volume.OMVolumeCreateRequest (OMVolumeCreateRequest.java:validateAndUpdateCache(195)) - created volume:vol-32163 for user:runner
2023-03-29 22:47:29,340 [OM StateMachine ApplyTransaction Thread - 0] INFO  volume.OMVolumeCreateRequest (OMVolumeCreateRequest.java:validateAndUpdateCache(195)) - created volume:vol-32163 for user:runner
2023-03-29 22:47:29,341 [Time-limited test] INFO  rpc.RpcClient (RpcClient.java:createBucket(698)) - Creating Bucket: vol-32163/buck-35575, with server-side default bucket layout, runner as owner, Versioning false, Storage Type set to DISK and Encryption set to false, Replication Type set to server-side default replication type, Namespace Quota set to -1, Space Quota set to -1 
2023-03-29 22:47:29,343 [OM StateMachine ApplyTransaction Thread - 0] INFO  bucket.OMBucketCreateRequest (OMBucketCreateRequest.java:validateAndUpdateCache(262)) - created bucket: buck-35575 of layout LEGACY in volume: vol-32163
2023-03-29 22:47:29,345 [OM StateMachine ApplyTransaction Thread - 0] INFO  bucket.OMBucketCreateRequest (OMBucketCreateRequest.java:validateAndUpdateCache(262)) - created bucket: buck-35575 of layout LEGACY in volume: vol-32163
2023-03-29 22:47:29,345 [OM StateMachine ApplyTransaction Thread - 0] INFO  bucket.OMBucketCreateRequest (OMBucketCreateRequest.java:validateAndUpdateCache(262)) - created bucket: buck-35575 of layout LEGACY in volume: vol-32163
2023-03-29 22:47:29,369 [OM StateMachine ApplyTransaction Thread - 0] INFO  snapshot.OMSnapshotCreateRequest (OMSnapshotCreateRequest.java:validateAndUpdateCache(204)) - Created snapshot 'snap19947' under path 'vol-32163/buck-35575'
2023-03-29 22:47:29,371 [OM StateMachine ApplyTransaction Thread - 0] INFO  snapshot.OMSnapshotCreateRequest (OMSnapshotCreateRequest.java:validateAndUpdateCache(204)) - Created snapshot 'snap19947' under path 'vol-32163/buck-35575'
2023-03-29 22:47:29,371 [OM StateMachine ApplyTransaction Thread - 0] INFO  snapshot.OMSnapshotCreateRequest (OMSnapshotCreateRequest.java:validateAndUpdateCache(204)) - Created snapshot 'snap19947' under path 'vol-32163/buck-35575'
2023-03-29 22:47:29,433 [OMDoubleBufferFlushThread] INFO  db.RDBCheckpointManager (RDBCheckpointManager.java:createCheckpoint(96)) - Created checkpoint in rocksDB at /home/runner/work/ozone/ozone/hadoop-ozone/integration-test/target/test-dir/MiniOzoneClusterImpl-bfbd9018-35f1-41c4-9115-0ebbd4040a15/omNode-2/db.snapshots/om.db-364a76a5-a230-454e-b897-501d8d77acd2 in 60 milliseconds
2023-03-29 22:47:29,435 [OMDoubleBufferFlushThread] INFO  db.RDBCheckpointManager (RDBCheckpointManager.java:waitForCheckpointDirectoryExist(125)) - Waited for 2 milliseconds for checkpoint directory /home/runner/work/ozone/ozone/hadoop-ozone/integration-test/target/test-dir/MiniOzoneClusterImpl-bfbd9018-35f1-41c4-9115-0ebbd4040a15/omNode-2/db.snapshots/om.db-364a76a5-a230-454e-b897-501d8d77acd2 availability.
2023-03-29 22:47:29,435 [OMDoubleBufferFlushThread] INFO  db.RDBCheckpointManager (RDBCheckpointManager.java:createCheckpoint(96)) - Created checkpoint in rocksDB at /home/runner/work/ozone/ozone/hadoop-ozone/integration-test/target/test-dir/MiniOzoneClusterImpl-bfbd9018-35f1-41c4-9115-0ebbd4040a15/omNode-1/db.snapshots/om.db-364a76a5-a230-454e-b897-501d8d77acd2 in 63 milliseconds
2023-03-29 22:47:29,435 [OMDoubleBufferFlushThread] WARN  om.OmSnapshotManager (OmSnapshotManager.java:deleteKeysInSnapshotScopeFromDTableInternal(396)) - Took 579534 ns to clean up deletedTable
2023-03-29 22:47:29,435 [OMDoubleBufferFlushThread] INFO  db.RDBCheckpointManager (RDBCheckpointManager.java:waitForCheckpointDirectoryExist(125)) - Waited for 0 milliseconds for checkpoint directory /home/runner/work/ozone/ozone/hadoop-ozone/integration-test/target/test-dir/MiniOzoneClusterImpl-bfbd9018-35f1-41c4-9115-0ebbd4040a15/omNode-1/db.snapshots/om.db-364a76a5-a230-454e-b897-501d8d77acd2 availability.
2023-03-29 22:47:29,436 [OMDoubleBufferFlushThread] INFO  om.OmSnapshotManager (OmSnapshotManager.java:createOmSnapshotCheckpoint(317)) - Created checkpoint : /home/runner/work/ozone/ozone/hadoop-ozone/integration-test/target/test-dir/MiniOzoneClusterImpl-bfbd9018-35f1-41c4-9115-0ebbd4040a15/omNode-2/db.snapshots/om.db-364a76a5-a230-454e-b897-501d8d77acd2 for snapshot snap19947
2023-03-29 22:47:29,436 [OMDoubleBufferFlushThread] WARN  om.OmSnapshotManager (OmSnapshotManager.java:deleteKeysInSnapshotScopeFromDTableInternal(396)) - Took 365322 ns to clean up deletedTable
2023-03-29 22:47:29,436 [OMDoubleBufferFlushThread] INFO  om.OmSnapshotManager (OmSnapshotManager.java:createOmSnapshotCheckpoint(317)) - Created checkpoint : /home/runner/work/ozone/ozone/hadoop-ozone/integration-test/target/test-dir/MiniOzoneClusterImpl-bfbd9018-35f1-41c4-9115-0ebbd4040a15/omNode-1/db.snapshots/om.db-364a76a5-a230-454e-b897-501d8d77acd2 for snapshot snap19947
2023-03-29 22:47:29,444 [OMDoubleBufferFlushThread] INFO  db.RDBCheckpointManager (RDBCheckpointManager.java:createCheckpoint(96)) - Created checkpoint in rocksDB at /home/runner/work/ozone/ozone/hadoop-ozone/integration-test/target/test-dir/MiniOzoneClusterImpl-bfbd9018-35f1-41c4-9115-0ebbd4040a15/omNode-3/db.snapshots/om.db-364a76a5-a230-454e-b897-501d8d77acd2 in 70 milliseconds
2023-03-29 22:47:29,444 [OMDoubleBufferFlushThread] INFO  db.RDBCheckpointManager (RDBCheckpointManager.java:waitForCheckpointDirectoryExist(125)) - Waited for 0 milliseconds for checkpoint directory /home/runner/work/ozone/ozone/hadoop-ozone/integration-test/target/test-dir/MiniOzoneClusterImpl-bfbd9018-35f1-41c4-9115-0ebbd4040a15/omNode-3/db.snapshots/om.db-364a76a5-a230-454e-b897-501d8d77acd2 availability.
2023-03-29 22:47:29,444 [OMDoubleBufferFlushThread] WARN  om.OmSnapshotManager (OmSnapshotManager.java:deleteKeysInSnapshotScopeFromDTableInternal(396)) - Took 407224 ns to clean up deletedTable
2023-03-29 22:47:29,445 [OMDoubleBufferFlushThread] INFO  om.OmSnapshotManager (OmSnapshotManager.java:createOmSnapshotCheckpoint(317)) - Created checkpoint : /home/runner/work/ozone/ozone/hadoop-ozone/integration-test/target/test-dir/MiniOzoneClusterImpl-bfbd9018-35f1-41c4-9115-0ebbd4040a15/omNode-3/db.snapshots/om.db-364a76a5-a230-454e-b897-501d8d77acd2 for snapshot snap19947
2023-03-29 22:47:30,373 [OM StateMachine ApplyTransaction Thread - 0] INFO  snapshot.OMSnapshotCreateRequest (OMSnapshotCreateRequest.java:validateAndUpdateCache(204)) - Created snapshot 'snap90293' under path 'vol-32163/buck-35575'
2023-03-29 22:47:30,375 [OM StateMachine ApplyTransaction Thread - 0] INFO  snapshot.OMSnapshotCreateRequest (OMSnapshotCreateRequest.java:validateAndUpdateCache(204)) - Created snapshot 'snap90293' under path 'vol-32163/buck-35575'
2023-03-29 22:47:30,377 [OM StateMachine ApplyTransaction Thread - 0] INFO  snapshot.OMSnapshotCreateRequest (OMSnapshotCreateRequest.java:validateAndUpdateCache(204)) - Created snapshot 'snap90293' under path 'vol-32163/buck-35575'
2023-03-29 22:47:30,408 [OMDoubleBufferFlushThread] INFO  db.RDBCheckpointManager (RDBCheckpointManager.java:createCheckpoint(96)) - Created checkpoint in rocksDB at /home/runner/work/ozone/ozone/hadoop-ozone/integration-test/target/test-dir/MiniOzoneClusterImpl-bfbd9018-35f1-41c4-9115-0ebbd4040a15/omNode-1/db.snapshots/om.db-0ecd7544-3072-4b6b-ae88-99f746412191 in 32 milliseconds
2023-03-29 22:47:30,410 [OMDoubleBufferFlushThread] INFO  db.RDBCheckpointManager (RDBCheckpointManager.java:waitForCheckpointDirectoryExist(125)) - Waited for 1 milliseconds for checkpoint directory /home/runner/work/ozone/ozone/hadoop-ozone/integration-test/target/test-dir/MiniOzoneClusterImpl-bfbd9018-35f1-41c4-9115-0ebbd4040a15/omNode-1/db.snapshots/om.db-0ecd7544-3072-4b6b-ae88-99f746412191 availability.
2023-03-29 22:47:30,411 [OMDoubleBufferFlushThread] WARN  om.OmSnapshotManager (OmSnapshotManager.java:deleteKeysInSnapshotScopeFromDTableInternal(396)) - Took 601435 ns to clean up deletedTable
2023-03-29 22:47:30,411 [OMDoubleBufferFlushThread] INFO  om.OmSnapshotManager (OmSnapshotManager.java:createOmSnapshotCheckpoint(317)) - Created checkpoint : /home/runner/work/ozone/ozone/hadoop-ozone/integration-test/target/test-dir/MiniOzoneClusterImpl-bfbd9018-35f1-41c4-9115-0ebbd4040a15/omNode-1/db.snapshots/om.db-0ecd7544-3072-4b6b-ae88-99f746412191 for snapshot snap90293
2023-03-29 22:47:30,411 [OMDoubleBufferFlushThread] INFO  db.RDBCheckpointManager (RDBCheckpointManager.java:createCheckpoint(96)) - Created checkpoint in rocksDB at /home/runner/work/ozone/ozone/hadoop-ozone/integration-test/target/test-dir/MiniOzoneClusterImpl-bfbd9018-35f1-41c4-9115-0ebbd4040a15/omNode-2/db.snapshots/om.db-0ecd7544-3072-4b6b-ae88-99f746412191 in 35 milliseconds
2023-03-29 22:47:30,412 [OMDoubleBufferFlushThread] INFO  db.RDBCheckpointManager (RDBCheckpointManager.java:waitForCheckpointDirectoryExist(125)) - Waited for 0 milliseconds for checkpoint directory /home/runner/work/ozone/ozone/hadoop-ozone/integration-test/target/test-dir/MiniOzoneClusterImpl-bfbd9018-35f1-41c4-9115-0ebbd4040a15/omNode-2/db.snapshots/om.db-0ecd7544-3072-4b6b-ae88-99f746412191 availability.
2023-03-29 22:47:30,413 [OMDoubleBufferFlushThread] WARN  om.OmSnapshotManager (OmSnapshotManager.java:deleteKeysInSnapshotScopeFromDTableInternal(396)) - Took 461827 ns to clean up deletedTable
2023-03-29 22:47:30,414 [OMDoubleBufferFlushThread] INFO  om.OmSnapshotManager (OmSnapshotManager.java:createOmSnapshotCheckpoint(317)) - Created checkpoint : /home/runner/work/ozone/ozone/hadoop-ozone/integration-test/target/test-dir/MiniOzoneClusterImpl-bfbd9018-35f1-41c4-9115-0ebbd4040a15/omNode-2/db.snapshots/om.db-0ecd7544-3072-4b6b-ae88-99f746412191 for snapshot snap90293
2023-03-29 22:47:30,416 [OMDoubleBufferFlushThread] INFO  db.RDBCheckpointManager (RDBCheckpointManager.java:createCheckpoint(96)) - Created checkpoint in rocksDB at /home/runner/work/ozone/ozone/hadoop-ozone/integration-test/target/test-dir/MiniOzoneClusterImpl-bfbd9018-35f1-41c4-9115-0ebbd4040a15/omNode-3/db.snapshots/om.db-0ecd7544-3072-4b6b-ae88-99f746412191 in 33 milliseconds
2023-03-29 22:47:30,417 [OMDoubleBufferFlushThread] INFO  db.RDBCheckpointManager (RDBCheckpointManager.java:waitForCheckpointDirectoryExist(125)) - Waited for 1 milliseconds for checkpoint directory /home/runner/work/ozone/ozone/hadoop-ozone/integration-test/target/test-dir/MiniOzoneClusterImpl-bfbd9018-35f1-41c4-9115-0ebbd4040a15/omNode-3/db.snapshots/om.db-0ecd7544-3072-4b6b-ae88-99f746412191 availability.
2023-03-29 22:47:30,417 [OMDoubleBufferFlushThread] WARN  om.OmSnapshotManager (OmSnapshotManager.java:deleteKeysInSnapshotScopeFromDTableInternal(396)) - Took 378823 ns to clean up deletedTable
2023-03-29 22:47:30,417 [OMDoubleBufferFlushThread] INFO  om.OmSnapshotManager (OmSnapshotManager.java:createOmSnapshotCheckpoint(317)) - Created checkpoint : /home/runner/work/ozone/ozone/hadoop-ozone/integration-test/target/test-dir/MiniOzoneClusterImpl-bfbd9018-35f1-41c4-9115-0ebbd4040a15/omNode-3/db.snapshots/om.db-0ecd7544-3072-4b6b-ae88-99f746412191 for snapshot snap90293
2023-03-29 22:47:31,375 [IPC Server handler 19 on default port 42479] WARN  server.ServerUtils (ServerUtils.java:getDBPath(225)) - ozone.om.db.dirs is not configured. We recommend adding this setting. Falling back to ozone.metadata.dirs instead.
2023-03-29 22:47:31,376 [IPC Server handler 19 on default port 42479] INFO  codec.OmKeyInfoCodec (OmKeyInfoCodec.java:<init>(49)) - OmKeyInfoCodec ignorePipeline = true
2023-03-29 22:47:31,376 [IPC Server handler 19 on default port 42479] INFO  codec.RepeatedOmKeyInfoCodec (RepeatedOmKeyInfoCodec.java:<init>(41)) - RepeatedOmKeyInfoCodec ignorePipeline = true
2023-03-29 22:47:31,407 [IPC Server handler 19 on default port 42479] WARN  server.ServerUtils (ServerUtils.java:getDBPath(225)) - ozone.om.db.dirs is not configured. We recommend adding this setting. Falling back to ozone.metadata.dirs instead.
2023-03-29 22:47:31,407 [IPC Server handler 19 on default port 42479] INFO  codec.OmKeyInfoCodec (OmKeyInfoCodec.java:<init>(49)) - OmKeyInfoCodec ignorePipeline = true
2023-03-29 22:47:31,407 [IPC Server handler 19 on default port 42479] INFO  codec.RepeatedOmKeyInfoCodec (RepeatedOmKeyInfoCodec.java:<init>(41)) - RepeatedOmKeyInfoCodec ignorePipeline = true
2023-03-29 22:47:31,467 [IPC Server handler 19 on default port 42479] INFO  snapshot.SnapshotDiffManager (SnapshotDiffManager.java:submitSnapDiffJob(343)) - Submitting snap diff report generation request for volume: vol-32163, bucket: buck-35575, fromSnapshot: snap19947 and toSnapshot: snap90293
2023-03-29 22:47:32,499 [OM StateMachine ApplyTransaction Thread - 0] INFO  snapshot.OMSnapshotCreateRequest (OMSnapshotCreateRequest.java:validateAndUpdateCache(204)) - Created snapshot 'snap22405' under path 'vol-32163/buck-35575'
2023-03-29 22:47:32,501 [OM StateMachine ApplyTransaction Thread - 0] INFO  snapshot.OMSnapshotCreateRequest (OMSnapshotCreateRequest.java:validateAndUpdateCache(204)) - Created snapshot 'snap22405' under path 'vol-32163/buck-35575'
2023-03-29 22:47:32,501 [OM StateMachine ApplyTransaction Thread - 0] INFO  snapshot.OMSnapshotCreateRequest (OMSnapshotCreateRequest.java:validateAndUpdateCache(204)) - Created snapshot 'snap22405' under path 'vol-32163/buck-35575'
2023-03-29 22:47:32,543 [OMDoubleBufferFlushThread] INFO  db.RDBCheckpointManager (RDBCheckpointManager.java:createCheckpoint(96)) - Created checkpoint in rocksDB at /home/runner/work/ozone/ozone/hadoop-ozone/integration-test/target/test-dir/MiniOzoneClusterImpl-bfbd9018-35f1-41c4-9115-0ebbd4040a15/omNode-3/db.snapshots/om.db-d66b4c9e-8ca0-4ff3-9d06-432658eb6fde in 40 milliseconds
2023-03-29 22:47:32,547 [OMDoubleBufferFlushThread] INFO  db.RDBCheckpointManager (RDBCheckpointManager.java:waitForCheckpointDirectoryExist(125)) - Waited for 3 milliseconds for checkpoint directory /home/runner/work/ozone/ozone/hadoop-ozone/integration-test/target/test-dir/MiniOzoneClusterImpl-bfbd9018-35f1-41c4-9115-0ebbd4040a15/omNode-3/db.snapshots/om.db-d66b4c9e-8ca0-4ff3-9d06-432658eb6fde availability.
2023-03-29 22:47:32,547 [OMDoubleBufferFlushThread] WARN  om.OmSnapshotManager (OmSnapshotManager.java:deleteKeysInSnapshotScopeFromDTableInternal(396)) - Took 424325 ns to clean up deletedTable
2023-03-29 22:47:32,548 [OMDoubleBufferFlushThread] INFO  om.OmSnapshotManager (OmSnapshotManager.java:createOmSnapshotCheckpoint(317)) - Created checkpoint : /home/runner/work/ozone/ozone/hadoop-ozone/integration-test/target/test-dir/MiniOzoneClusterImpl-bfbd9018-35f1-41c4-9115-0ebbd4040a15/omNode-3/db.snapshots/om.db-d66b4c9e-8ca0-4ff3-9d06-432658eb6fde for snapshot snap22405
2023-03-29 22:47:32,550 [OMDoubleBufferFlushThread] INFO  db.RDBCheckpointManager (RDBCheckpointManager.java:createCheckpoint(96)) - Created checkpoint in rocksDB at /home/runner/work/ozone/ozone/hadoop-ozone/integration-test/target/test-dir/MiniOzoneClusterImpl-bfbd9018-35f1-41c4-9115-0ebbd4040a15/omNode-2/db.snapshots/om.db-d66b4c9e-8ca0-4ff3-9d06-432658eb6fde in 47 milliseconds
2023-03-29 22:47:32,550 [OMDoubleBufferFlushThread] INFO  db.RDBCheckpointManager (RDBCheckpointManager.java:createCheckpoint(96)) - Created checkpoint in rocksDB at /home/runner/work/ozone/ozone/hadoop-ozone/integration-test/target/test-dir/MiniOzoneClusterImpl-bfbd9018-35f1-41c4-9115-0ebbd4040a15/omNode-1/db.snapshots/om.db-d66b4c9e-8ca0-4ff3-9d06-432658eb6fde in 47 milliseconds
2023-03-29 22:47:32,550 [OMDoubleBufferFlushThread] INFO  db.RDBCheckpointManager (RDBCheckpointManager.java:waitForCheckpointDirectoryExist(125)) - Waited for 0 milliseconds for checkpoint directory /home/runner/work/ozone/ozone/hadoop-ozone/integration-test/target/test-dir/MiniOzoneClusterImpl-bfbd9018-35f1-41c4-9115-0ebbd4040a15/omNode-2/db.snapshots/om.db-d66b4c9e-8ca0-4ff3-9d06-432658eb6fde availability.
2023-03-29 22:47:32,550 [OMDoubleBufferFlushThread] INFO  db.RDBCheckpointManager (RDBCheckpointManager.java:waitForCheckpointDirectoryExist(125)) - Waited for 0 milliseconds for checkpoint directory /home/runner/work/ozone/ozone/hadoop-ozone/integration-test/target/test-dir/MiniOzoneClusterImpl-bfbd9018-35f1-41c4-9115-0ebbd4040a15/omNode-1/db.snapshots/om.db-d66b4c9e-8ca0-4ff3-9d06-432658eb6fde availability.
2023-03-29 22:47:32,551 [OMDoubleBufferFlushThread] WARN  om.OmSnapshotManager (OmSnapshotManager.java:deleteKeysInSnapshotScopeFromDTableInternal(396)) - Took 434526 ns to clean up deletedTable
2023-03-29 22:47:32,551 [OMDoubleBufferFlushThread] WARN  om.OmSnapshotManager (OmSnapshotManager.java:deleteKeysInSnapshotScopeFromDTableInternal(396)) - Took 450026 ns to clean up deletedTable
2023-03-29 22:47:32,551 [OMDoubleBufferFlushThread] INFO  om.OmSnapshotManager (OmSnapshotManager.java:createOmSnapshotCheckpoint(317)) - Created checkpoint : /home/runner/work/ozone/ozone/hadoop-ozone/integration-test/target/test-dir/MiniOzoneClusterImpl-bfbd9018-35f1-41c4-9115-0ebbd4040a15/omNode-2/db.snapshots/om.db-d66b4c9e-8ca0-4ff3-9d06-432658eb6fde for snapshot snap22405
2023-03-29 22:47:32,551 [OMDoubleBufferFlushThread] INFO  om.OmSnapshotManager (OmSnapshotManager.java:createOmSnapshotCheckpoint(317)) - Created checkpoint : /home/runner/work/ozone/ozone/hadoop-ozone/integration-test/target/test-dir/MiniOzoneClusterImpl-bfbd9018-35f1-41c4-9115-0ebbd4040a15/omNode-1/db.snapshots/om.db-d66b4c9e-8ca0-4ff3-9d06-432658eb6fde for snapshot snap22405
2023-03-29 22:47:33,501 [IPC Server handler 4 on default port 42479] WARN  server.ServerUtils (ServerUtils.java:getDBPath(225)) - ozone.om.db.dirs is not configured. We recommend adding this setting. Falling back to ozone.metadata.dirs instead.
2023-03-29 22:47:33,502 [IPC Server handler 4 on default port 42479] INFO  codec.OmKeyInfoCodec (OmKeyInfoCodec.java:<init>(49)) - OmKeyInfoCodec ignorePipeline = true
2023-03-29 22:47:33,502 [IPC Server handler 4 on default port 42479] INFO  codec.RepeatedOmKeyInfoCodec (RepeatedOmKeyInfoCodec.java:<init>(41)) - RepeatedOmKeyInfoCodec ignorePipeline = true
2023-03-29 22:47:33,532 [IPC Server handler 4 on default port 42479] INFO  snapshot.SnapshotDiffManager (SnapshotDiffManager.java:submitSnapDiffJob(343)) - Submitting snap diff report generation request for volume: vol-32163, bucket: buck-35575, fromSnapshot: snap90293 and toSnapshot: snap22405
2023-03-29 22:47:34,547 [OM StateMachine ApplyTransaction Thread - 0] INFO  snapshot.OMSnapshotCreateRequest (OMSnapshotCreateRequest.java:validateAndUpdateCache(204)) - Created snapshot 'snap14744' under path 'vol-32163/buck-35575'
2023-03-29 22:47:34,548 [OM StateMachine ApplyTransaction Thread - 0] INFO  snapshot.OMSnapshotCreateRequest (OMSnapshotCreateRequest.java:validateAndUpdateCache(204)) - Created snapshot 'snap14744' under path 'vol-32163/buck-35575'
2023-03-29 22:47:34,549 [OM StateMachine ApplyTransaction Thread - 0] INFO  snapshot.OMSnapshotCreateRequest (OMSnapshotCreateRequest.java:validateAndUpdateCache(204)) - Created snapshot 'snap14744' under path 'vol-32163/buck-35575'
2023-03-29 22:47:34,587 [OMDoubleBufferFlushThread] INFO  db.RDBCheckpointManager (RDBCheckpointManager.java:createCheckpoint(96)) - Created checkpoint in rocksDB at /home/runner/work/ozone/ozone/hadoop-ozone/integration-test/target/test-dir/MiniOzoneClusterImpl-bfbd9018-35f1-41c4-9115-0ebbd4040a15/omNode-1/db.snapshots/om.db-190ef9bd-46af-4d13-90ff-87425a34a8d6 in 38 milliseconds
2023-03-29 22:47:34,588 [OMDoubleBufferFlushThread] INFO  db.RDBCheckpointManager (RDBCheckpointManager.java:createCheckpoint(96)) - Created checkpoint in rocksDB at /home/runner/work/ozone/ozone/hadoop-ozone/integration-test/target/test-dir/MiniOzoneClusterImpl-bfbd9018-35f1-41c4-9115-0ebbd4040a15/omNode-2/db.snapshots/om.db-190ef9bd-46af-4d13-90ff-87425a34a8d6 in 37 milliseconds
2023-03-29 22:47:34,588 [OMDoubleBufferFlushThread] INFO  db.RDBCheckpointManager (RDBCheckpointManager.java:waitForCheckpointDirectoryExist(125)) - Waited for 1 milliseconds for checkpoint directory /home/runner/work/ozone/ozone/hadoop-ozone/integration-test/target/test-dir/MiniOzoneClusterImpl-bfbd9018-35f1-41c4-9115-0ebbd4040a15/omNode-1/db.snapshots/om.db-190ef9bd-46af-4d13-90ff-87425a34a8d6 availability.
2023-03-29 22:47:34,589 [OMDoubleBufferFlushThread] INFO  db.RDBCheckpointManager (RDBCheckpointManager.java:createCheckpoint(96)) - Created checkpoint in rocksDB at /home/runner/work/ozone/ozone/hadoop-ozone/integration-test/target/test-dir/MiniOzoneClusterImpl-bfbd9018-35f1-41c4-9115-0ebbd4040a15/omNode-3/db.snapshots/om.db-190ef9bd-46af-4d13-90ff-87425a34a8d6 in 38 milliseconds
2023-03-29 22:47:34,589 [OMDoubleBufferFlushThread] INFO  db.RDBCheckpointManager (RDBCheckpointManager.java:waitForCheckpointDirectoryExist(125)) - Waited for 1 milliseconds for checkpoint directory /home/runner/work/ozone/ozone/hadoop-ozone/integration-test/target/test-dir/MiniOzoneClusterImpl-bfbd9018-35f1-41c4-9115-0ebbd4040a15/omNode-2/db.snapshots/om.db-190ef9bd-46af-4d13-90ff-87425a34a8d6 availability.
2023-03-29 22:47:34,589 [OMDoubleBufferFlushThread] WARN  om.OmSnapshotManager (OmSnapshotManager.java:deleteKeysInSnapshotScopeFromDTableInternal(396)) - Took 429225 ns to clean up deletedTable
2023-03-29 22:47:34,590 [OMDoubleBufferFlushThread] INFO  om.OmSnapshotManager (OmSnapshotManager.java:createOmSnapshotCheckpoint(317)) - Created checkpoint : /home/runner/work/ozone/ozone/hadoop-ozone/integration-test/target/test-dir/MiniOzoneClusterImpl-bfbd9018-35f1-41c4-9115-0ebbd4040a15/omNode-2/db.snapshots/om.db-190ef9bd-46af-4d13-90ff-87425a34a8d6 for snapshot snap14744
2023-03-29 22:47:34,590 [OMDoubleBufferFlushThread] WARN  om.OmSnapshotManager (OmSnapshotManager.java:deleteKeysInSnapshotScopeFromDTableInternal(396)) - Took 1461386 ns to clean up deletedTable
2023-03-29 22:47:34,590 [OMDoubleBufferFlushThread] INFO  om.OmSnapshotManager (OmSnapshotManager.java:createOmSnapshotCheckpoint(317)) - Created checkpoint : /home/runner/work/ozone/ozone/hadoop-ozone/integration-test/target/test-dir/MiniOzoneClusterImpl-bfbd9018-35f1-41c4-9115-0ebbd4040a15/omNode-1/db.snapshots/om.db-190ef9bd-46af-4d13-90ff-87425a34a8d6 for snapshot snap14744
2023-03-29 22:47:34,590 [OMDoubleBufferFlushThread] INFO  db.RDBCheckpointManager (RDBCheckpointManager.java:waitForCheckpointDirectoryExist(125)) - Waited for 1 milliseconds for checkpoint directory /home/runner/work/ozone/ozone/hadoop-ozone/integration-test/target/test-dir/MiniOzoneClusterImpl-bfbd9018-35f1-41c4-9115-0ebbd4040a15/omNode-3/db.snapshots/om.db-190ef9bd-46af-4d13-90ff-87425a34a8d6 availability.
2023-03-29 22:47:34,591 [OMDoubleBufferFlushThread] WARN  om.OmSnapshotManager (OmSnapshotManager.java:deleteKeysInSnapshotScopeFromDTableInternal(396)) - Took 394523 ns to clean up deletedTable
2023-03-29 22:47:34,591 [OMDoubleBufferFlushThread] INFO  om.OmSnapshotManager (OmSnapshotManager.java:createOmSnapshotCheckpoint(317)) - Created checkpoint : /home/runner/work/ozone/ozone/hadoop-ozone/integration-test/target/test-dir/MiniOzoneClusterImpl-bfbd9018-35f1-41c4-9115-0ebbd4040a15/omNode-3/db.snapshots/om.db-190ef9bd-46af-4d13-90ff-87425a34a8d6 for snapshot snap14744
2023-03-29 22:47:35,550 [IPC Server handler 11 on default port 42479] WARN  server.ServerUtils (ServerUtils.java:getDBPath(225)) - ozone.om.db.dirs is not configured. We recommend adding this setting. Falling back to ozone.metadata.dirs instead.
2023-03-29 22:47:35,550 [IPC Server handler 11 on default port 42479] INFO  codec.OmKeyInfoCodec (OmKeyInfoCodec.java:<init>(49)) - OmKeyInfoCodec ignorePipeline = true
2023-03-29 22:47:35,550 [IPC Server handler 11 on default port 42479] INFO  codec.RepeatedOmKeyInfoCodec (RepeatedOmKeyInfoCodec.java:<init>(41)) - RepeatedOmKeyInfoCodec ignorePipeline = true
2023-03-29 22:47:35,583 [IPC Server handler 11 on default port 42479] INFO  snapshot.SnapshotDiffManager (SnapshotDiffManager.java:submitSnapDiffJob(343)) - Submitting snap diff report generation request for volume: vol-32163, bucket: buck-35575, fromSnapshot: snap22405 and toSnapshot: snap14744
2023-03-29 22:47:36,592 [OM StateMachine ApplyTransaction Thread - 0] INFO  snapshot.OMSnapshotCreateRequest (OMSnapshotCreateRequest.java:validateAndUpdateCache(204)) - Created snapshot 'snap47611' under path 'vol-32163/buck-35575'
2023-03-29 22:47:36,593 [OM StateMachine ApplyTransaction Thread - 0] INFO  snapshot.OMSnapshotCreateRequest (OMSnapshotCreateRequest.java:validateAndUpdateCache(204)) - Created snapshot 'snap47611' under path 'vol-32163/buck-35575'
2023-03-29 22:47:36,594 [OM StateMachine ApplyTransaction Thread - 0] INFO  snapshot.OMSnapshotCreateRequest (OMSnapshotCreateRequest.java:validateAndUpdateCache(204)) - Created snapshot 'snap47611' under path 'vol-32163/buck-35575'
2023-03-29 22:47:36,639 [OMDoubleBufferFlushThread] INFO  db.RDBCheckpointManager (RDBCheckpointManager.java:createCheckpoint(96)) - Created checkpoint in rocksDB at /home/runner/work/ozone/ozone/hadoop-ozone/integration-test/target/test-dir/MiniOzoneClusterImpl-bfbd9018-35f1-41c4-9115-0ebbd4040a15/omNode-2/db.snapshots/om.db-c233c052-ec13-4f0e-a042-b41da089825f in 43 milliseconds
2023-03-29 22:47:36,639 [OMDoubleBufferFlushThread] INFO  db.RDBCheckpointManager (RDBCheckpointManager.java:waitForCheckpointDirectoryExist(125)) - Waited for 0 milliseconds for checkpoint directory /home/runner/work/ozone/ozone/hadoop-ozone/integration-test/target/test-dir/MiniOzoneClusterImpl-bfbd9018-35f1-41c4-9115-0ebbd4040a15/omNode-2/db.snapshots/om.db-c233c052-ec13-4f0e-a042-b41da089825f availability.
2023-03-29 22:47:36,640 [OMDoubleBufferFlushThread] WARN  om.OmSnapshotManager (OmSnapshotManager.java:deleteKeysInSnapshotScopeFromDTableInternal(396)) - Took 517130 ns to clean up deletedTable
2023-03-29 22:47:36,640 [OMDoubleBufferFlushThread] INFO  db.RDBCheckpointManager (RDBCheckpointManager.java:createCheckpoint(96)) - Created checkpoint in rocksDB at /home/runner/work/ozone/ozone/hadoop-ozone/integration-test/target/test-dir/MiniOzoneClusterImpl-bfbd9018-35f1-41c4-9115-0ebbd4040a15/omNode-1/db.snapshots/om.db-c233c052-ec13-4f0e-a042-b41da089825f in 45 milliseconds
2023-03-29 22:47:36,640 [OMDoubleBufferFlushThread] INFO  om.OmSnapshotManager (OmSnapshotManager.java:createOmSnapshotCheckpoint(317)) - Created checkpoint : /home/runner/work/ozone/ozone/hadoop-ozone/integration-test/target/test-dir/MiniOzoneClusterImpl-bfbd9018-35f1-41c4-9115-0ebbd4040a15/omNode-2/db.snapshots/om.db-c233c052-ec13-4f0e-a042-b41da089825f for snapshot snap47611
2023-03-29 22:47:36,641 [OMDoubleBufferFlushThread] INFO  db.RDBCheckpointManager (RDBCheckpointManager.java:waitForCheckpointDirectoryExist(125)) - Waited for 0 milliseconds for checkpoint directory /home/runner/work/ozone/ozone/hadoop-ozone/integration-test/target/test-dir/MiniOzoneClusterImpl-bfbd9018-35f1-41c4-9115-0ebbd4040a15/omNode-1/db.snapshots/om.db-c233c052-ec13-4f0e-a042-b41da089825f availability.
2023-03-29 22:47:36,642 [OMDoubleBufferFlushThread] WARN  om.OmSnapshotManager (OmSnapshotManager.java:deleteKeysInSnapshotScopeFromDTableInternal(396)) - Took 457426 ns to clean up deletedTable
2023-03-29 22:47:36,642 [OMDoubleBufferFlushThread] INFO  om.OmSnapshotManager (OmSnapshotManager.java:createOmSnapshotCheckpoint(317)) - Created checkpoint : /home/runner/work/ozone/ozone/hadoop-ozone/integration-test/target/test-dir/MiniOzoneClusterImpl-bfbd9018-35f1-41c4-9115-0ebbd4040a15/omNode-1/db.snapshots/om.db-c233c052-ec13-4f0e-a042-b41da089825f for snapshot snap47611
2023-03-29 22:47:36,643 [OMDoubleBufferFlushThread] INFO  db.RDBCheckpointManager (RDBCheckpointManager.java:createCheckpoint(96)) - Created checkpoint in rocksDB at /home/runner/work/ozone/ozone/hadoop-ozone/integration-test/target/test-dir/MiniOzoneClusterImpl-bfbd9018-35f1-41c4-9115-0ebbd4040a15/omNode-3/db.snapshots/om.db-c233c052-ec13-4f0e-a042-b41da089825f in 48 milliseconds
2023-03-29 22:47:36,643 [OMDoubleBufferFlushThread] INFO  db.RDBCheckpointManager (RDBCheckpointManager.java:waitForCheckpointDirectoryExist(125)) - Waited for 0 milliseconds for checkpoint directory /home/runner/work/ozone/ozone/hadoop-ozone/integration-test/target/test-dir/MiniOzoneClusterImpl-bfbd9018-35f1-41c4-9115-0ebbd4040a15/omNode-3/db.snapshots/om.db-c233c052-ec13-4f0e-a042-b41da089825f availability.
2023-03-29 22:47:36,644 [OMDoubleBufferFlushThread] WARN  om.OmSnapshotManager (OmSnapshotManager.java:deleteKeysInSnapshotScopeFromDTableInternal(396)) - Took 455526 ns to clean up deletedTable
2023-03-29 22:47:36,644 [OMDoubleBufferFlushThread] INFO  om.OmSnapshotManager (OmSnapshotManager.java:createOmSnapshotCheckpoint(317)) - Created checkpoint : /home/runner/work/ozone/ozone/hadoop-ozone/integration-test/target/test-dir/MiniOzoneClusterImpl-bfbd9018-35f1-41c4-9115-0ebbd4040a15/omNode-3/db.snapshots/om.db-c233c052-ec13-4f0e-a042-b41da089825f for snapshot snap47611
2023-03-29 22:47:37,594 [IPC Server handler 13 on default port 42479] WARN  server.ServerUtils (ServerUtils.java:getDBPath(225)) - ozone.om.db.dirs is not configured. We recommend adding this setting. Falling back to ozone.metadata.dirs instead.
2023-03-29 22:47:37,595 [IPC Server handler 13 on default port 42479] INFO  codec.OmKeyInfoCodec (OmKeyInfoCodec.java:<init>(49)) - OmKeyInfoCodec ignorePipeline = true
2023-03-29 22:47:37,595 [IPC Server handler 13 on default port 42479] INFO  codec.RepeatedOmKeyInfoCodec (RepeatedOmKeyInfoCodec.java:<init>(41)) - RepeatedOmKeyInfoCodec ignorePipeline = true
2023-03-29 22:47:37,622 [IPC Server handler 13 on default port 42479] INFO  snapshot.SnapshotDiffManager (SnapshotDiffManager.java:submitSnapDiffJob(343)) - Submitting snap diff report generation request for volume: vol-32163, bucket: buck-35575, fromSnapshot: snap14744 and toSnapshot: snap47611
]]></system-out>
  </testcase>
  <testcase name="testListKeyOnEmptyBucket" classname="TestOmSnapshot" time="1.065">
    <system-out><![CDATA[2023-03-29 22:45:29,010 [Time-limited test] INFO  rpc.RpcClient (RpcClient.java:createVolume(476)) - Creating Volume: vol-32931, with runner as owner and space quota set to -1 bytes, counts quota set to -1
2023-03-29 22:45:29,019 [OM StateMachine ApplyTransaction Thread - 0] INFO  volume.OMVolumeCreateRequest (OMVolumeCreateRequest.java:validateAndUpdateCache(195)) - created volume:vol-32931 for user:runner
2023-03-29 22:45:29,022 [OM StateMachine ApplyTransaction Thread - 0] INFO  volume.OMVolumeCreateRequest (OMVolumeCreateRequest.java:validateAndUpdateCache(195)) - created volume:vol-32931 for user:runner
2023-03-29 22:45:29,022 [OM StateMachine ApplyTransaction Thread - 0] INFO  volume.OMVolumeCreateRequest (OMVolumeCreateRequest.java:validateAndUpdateCache(195)) - created volume:vol-32931 for user:runner
2023-03-29 22:45:29,023 [Time-limited test] INFO  rpc.RpcClient (RpcClient.java:createBucket(698)) - Creating Bucket: vol-32931/buc-38267, with server-side default bucket layout, runner as owner, Versioning false, Storage Type set to DISK and Encryption set to false, Replication Type set to server-side default replication type, Namespace Quota set to -1, Space Quota set to -1 
2023-03-29 22:45:29,028 [OM StateMachine ApplyTransaction Thread - 0] INFO  bucket.OMBucketCreateRequest (OMBucketCreateRequest.java:validateAndUpdateCache(262)) - created bucket: buc-38267 of layout OBJECT_STORE in volume: vol-32931
2023-03-29 22:45:29,030 [OM StateMachine ApplyTransaction Thread - 0] INFO  bucket.OMBucketCreateRequest (OMBucketCreateRequest.java:validateAndUpdateCache(262)) - created bucket: buc-38267 of layout OBJECT_STORE in volume: vol-32931
2023-03-29 22:45:29,031 [OM StateMachine ApplyTransaction Thread - 0] INFO  bucket.OMBucketCreateRequest (OMBucketCreateRequest.java:validateAndUpdateCache(262)) - created bucket: buc-38267 of layout OBJECT_STORE in volume: vol-32931
2023-03-29 22:45:29,033 [OM StateMachine ApplyTransaction Thread - 0] INFO  snapshot.OMSnapshotCreateRequest (OMSnapshotCreateRequest.java:validateAndUpdateCache(204)) - Created snapshot '2502c02f-fd23-4606-b9f1-7252a460cbc1' under path 'vol-32931/buc-38267'
2023-03-29 22:45:29,033 [OM StateMachine ApplyTransaction Thread - 0] INFO  snapshot.OMSnapshotCreateRequest (OMSnapshotCreateRequest.java:validateAndUpdateCache(204)) - Created snapshot '2502c02f-fd23-4606-b9f1-7252a460cbc1' under path 'vol-32931/buc-38267'
2023-03-29 22:45:29,035 [OM StateMachine ApplyTransaction Thread - 0] INFO  snapshot.OMSnapshotCreateRequest (OMSnapshotCreateRequest.java:validateAndUpdateCache(204)) - Created snapshot '2502c02f-fd23-4606-b9f1-7252a460cbc1' under path 'vol-32931/buc-38267'
2023-03-29 22:45:29,091 [OMDoubleBufferFlushThread] INFO  db.RDBCheckpointManager (RDBCheckpointManager.java:createCheckpoint(96)) - Created checkpoint in rocksDB at /home/runner/work/ozone/ozone/hadoop-ozone/integration-test/target/test-dir/MiniOzoneClusterImpl-bcbc84c2-519e-42a0-a817-fd35ffaa666a/omNode-3/db.snapshots/om.db-9ce1717f-7d54-460a-9ead-51f8dc64588d in 56 milliseconds
2023-03-29 22:45:29,097 [OMDoubleBufferFlushThread] INFO  db.RDBCheckpointManager (RDBCheckpointManager.java:waitForCheckpointDirectoryExist(125)) - Waited for 6 milliseconds for checkpoint directory /home/runner/work/ozone/ozone/hadoop-ozone/integration-test/target/test-dir/MiniOzoneClusterImpl-bcbc84c2-519e-42a0-a817-fd35ffaa666a/omNode-3/db.snapshots/om.db-9ce1717f-7d54-460a-9ead-51f8dc64588d availability.
2023-03-29 22:45:29,099 [OMDoubleBufferFlushThread] WARN  om.OmSnapshotManager (OmSnapshotManager.java:deleteKeysInSnapshotScopeFromDTableInternal(396)) - Took 1428485 ns to clean up deletedTable
2023-03-29 22:45:29,099 [OMDoubleBufferFlushThread] INFO  om.OmSnapshotManager (OmSnapshotManager.java:createOmSnapshotCheckpoint(317)) - Created checkpoint : /home/runner/work/ozone/ozone/hadoop-ozone/integration-test/target/test-dir/MiniOzoneClusterImpl-bcbc84c2-519e-42a0-a817-fd35ffaa666a/omNode-3/db.snapshots/om.db-9ce1717f-7d54-460a-9ead-51f8dc64588d for snapshot 2502c02f-fd23-4606-b9f1-7252a460cbc1
2023-03-29 22:45:29,099 [OMDoubleBufferFlushThread] INFO  db.RDBCheckpointManager (RDBCheckpointManager.java:createCheckpoint(96)) - Created checkpoint in rocksDB at /home/runner/work/ozone/ozone/hadoop-ozone/integration-test/target/test-dir/MiniOzoneClusterImpl-bcbc84c2-519e-42a0-a817-fd35ffaa666a/omNode-1/db.snapshots/om.db-9ce1717f-7d54-460a-9ead-51f8dc64588d in 63 milliseconds
2023-03-29 22:45:29,100 [OMDoubleBufferFlushThread] INFO  db.RDBCheckpointManager (RDBCheckpointManager.java:waitForCheckpointDirectoryExist(125)) - Waited for 1 milliseconds for checkpoint directory /home/runner/work/ozone/ozone/hadoop-ozone/integration-test/target/test-dir/MiniOzoneClusterImpl-bcbc84c2-519e-42a0-a817-fd35ffaa666a/omNode-1/db.snapshots/om.db-9ce1717f-7d54-460a-9ead-51f8dc64588d availability.
2023-03-29 22:45:29,100 [OMDoubleBufferFlushThread] INFO  db.RDBCheckpointManager (RDBCheckpointManager.java:createCheckpoint(96)) - Created checkpoint in rocksDB at /home/runner/work/ozone/ozone/hadoop-ozone/integration-test/target/test-dir/MiniOzoneClusterImpl-bcbc84c2-519e-42a0-a817-fd35ffaa666a/omNode-2/db.snapshots/om.db-9ce1717f-7d54-460a-9ead-51f8dc64588d in 61 milliseconds
2023-03-29 22:45:29,101 [OMDoubleBufferFlushThread] WARN  om.OmSnapshotManager (OmSnapshotManager.java:deleteKeysInSnapshotScopeFromDTableInternal(396)) - Took 621537 ns to clean up deletedTable
2023-03-29 22:45:29,101 [OMDoubleBufferFlushThread] INFO  om.OmSnapshotManager (OmSnapshotManager.java:createOmSnapshotCheckpoint(317)) - Created checkpoint : /home/runner/work/ozone/ozone/hadoop-ozone/integration-test/target/test-dir/MiniOzoneClusterImpl-bcbc84c2-519e-42a0-a817-fd35ffaa666a/omNode-1/db.snapshots/om.db-9ce1717f-7d54-460a-9ead-51f8dc64588d for snapshot 2502c02f-fd23-4606-b9f1-7252a460cbc1
2023-03-29 22:45:29,101 [OMDoubleBufferFlushThread] INFO  db.RDBCheckpointManager (RDBCheckpointManager.java:waitForCheckpointDirectoryExist(125)) - Waited for 0 milliseconds for checkpoint directory /home/runner/work/ozone/ozone/hadoop-ozone/integration-test/target/test-dir/MiniOzoneClusterImpl-bcbc84c2-519e-42a0-a817-fd35ffaa666a/omNode-2/db.snapshots/om.db-9ce1717f-7d54-460a-9ead-51f8dc64588d availability.
2023-03-29 22:45:29,102 [OMDoubleBufferFlushThread] WARN  om.OmSnapshotManager (OmSnapshotManager.java:deleteKeysInSnapshotScopeFromDTableInternal(396)) - Took 536231 ns to clean up deletedTable
2023-03-29 22:45:29,102 [OMDoubleBufferFlushThread] INFO  om.OmSnapshotManager (OmSnapshotManager.java:createOmSnapshotCheckpoint(317)) - Created checkpoint : /home/runner/work/ozone/ozone/hadoop-ozone/integration-test/target/test-dir/MiniOzoneClusterImpl-bcbc84c2-519e-42a0-a817-fd35ffaa666a/omNode-2/db.snapshots/om.db-9ce1717f-7d54-460a-9ead-51f8dc64588d for snapshot 2502c02f-fd23-4606-b9f1-7252a460cbc1
2023-03-29 22:45:30,036 [IPC Server handler 16 on default port 40933] WARN  server.ServerUtils (ServerUtils.java:getDBPath(225)) - ozone.om.db.dirs is not configured. We recommend adding this setting. Falling back to ozone.metadata.dirs instead.
2023-03-29 22:45:30,037 [IPC Server handler 16 on default port 40933] INFO  codec.OmKeyInfoCodec (OmKeyInfoCodec.java:<init>(49)) - OmKeyInfoCodec ignorePipeline = true
2023-03-29 22:45:30,037 [IPC Server handler 16 on default port 40933] INFO  codec.RepeatedOmKeyInfoCodec (RepeatedOmKeyInfoCodec.java:<init>(41)) - RepeatedOmKeyInfoCodec ignorePipeline = true
]]></system-out>
  </testcase>
  <testcase name="testListKeyOnEmptyBucket" classname="TestOmSnapshot" time="1.071">
    <system-out><![CDATA[2023-03-29 22:46:34,850 [Time-limited test] INFO  rpc.RpcClient (RpcClient.java:createVolume(476)) - Creating Volume: vol-54821, with runner as owner and space quota set to -1 bytes, counts quota set to -1
2023-03-29 22:46:34,856 [OM StateMachine ApplyTransaction Thread - 0] INFO  volume.OMVolumeCreateRequest (OMVolumeCreateRequest.java:validateAndUpdateCache(195)) - created volume:vol-54821 for user:runner
2023-03-29 22:46:34,856 [OM StateMachine ApplyTransaction Thread - 0] INFO  volume.OMVolumeCreateRequest (OMVolumeCreateRequest.java:validateAndUpdateCache(195)) - created volume:vol-54821 for user:runner
2023-03-29 22:46:34,857 [OM StateMachine ApplyTransaction Thread - 0] INFO  volume.OMVolumeCreateRequest (OMVolumeCreateRequest.java:validateAndUpdateCache(195)) - created volume:vol-54821 for user:runner
2023-03-29 22:46:34,858 [Time-limited test] INFO  rpc.RpcClient (RpcClient.java:createBucket(698)) - Creating Bucket: vol-54821/buc-44965, with server-side default bucket layout, runner as owner, Versioning false, Storage Type set to DISK and Encryption set to false, Replication Type set to server-side default replication type, Namespace Quota set to -1, Space Quota set to -1 
2023-03-29 22:46:34,861 [OM StateMachine ApplyTransaction Thread - 0] INFO  bucket.OMBucketCreateRequest (OMBucketCreateRequest.java:validateAndUpdateCache(262)) - created bucket: buc-44965 of layout FILE_SYSTEM_OPTIMIZED in volume: vol-54821
2023-03-29 22:46:34,863 [OM StateMachine ApplyTransaction Thread - 0] INFO  bucket.OMBucketCreateRequest (OMBucketCreateRequest.java:validateAndUpdateCache(262)) - created bucket: buc-44965 of layout FILE_SYSTEM_OPTIMIZED in volume: vol-54821
2023-03-29 22:46:34,863 [OM StateMachine ApplyTransaction Thread - 0] INFO  bucket.OMBucketCreateRequest (OMBucketCreateRequest.java:validateAndUpdateCache(262)) - created bucket: buc-44965 of layout FILE_SYSTEM_OPTIMIZED in volume: vol-54821
2023-03-29 22:46:34,864 [OM StateMachine ApplyTransaction Thread - 0] INFO  snapshot.OMSnapshotCreateRequest (OMSnapshotCreateRequest.java:validateAndUpdateCache(204)) - Created snapshot '3a2a9199-3c71-40cf-a385-715551c4c0e2' under path 'vol-54821/buc-44965'
2023-03-29 22:46:34,866 [OM StateMachine ApplyTransaction Thread - 0] INFO  snapshot.OMSnapshotCreateRequest (OMSnapshotCreateRequest.java:validateAndUpdateCache(204)) - Created snapshot '3a2a9199-3c71-40cf-a385-715551c4c0e2' under path 'vol-54821/buc-44965'
2023-03-29 22:46:34,866 [OM StateMachine ApplyTransaction Thread - 0] INFO  snapshot.OMSnapshotCreateRequest (OMSnapshotCreateRequest.java:validateAndUpdateCache(204)) - Created snapshot '3a2a9199-3c71-40cf-a385-715551c4c0e2' under path 'vol-54821/buc-44965'
2023-03-29 22:46:34,910 [OMDoubleBufferFlushThread] INFO  db.RDBCheckpointManager (RDBCheckpointManager.java:createCheckpoint(96)) - Created checkpoint in rocksDB at /home/runner/work/ozone/ozone/hadoop-ozone/integration-test/target/test-dir/MiniOzoneClusterImpl-8ae17f6e-7b8d-4fcc-9253-feb95f7e1717/omNode-1/db.snapshots/om.db-2756886e-c641-4a95-8859-01a337d3d3a8 in 44 milliseconds
2023-03-29 22:46:34,910 [OMDoubleBufferFlushThread] INFO  db.RDBCheckpointManager (RDBCheckpointManager.java:waitForCheckpointDirectoryExist(125)) - Waited for 0 milliseconds for checkpoint directory /home/runner/work/ozone/ozone/hadoop-ozone/integration-test/target/test-dir/MiniOzoneClusterImpl-8ae17f6e-7b8d-4fcc-9253-feb95f7e1717/omNode-1/db.snapshots/om.db-2756886e-c641-4a95-8859-01a337d3d3a8 availability.
2023-03-29 22:46:34,911 [OMDoubleBufferFlushThread] WARN  om.OmSnapshotManager (OmSnapshotManager.java:deleteKeysInSnapshotScopeFromDTableInternal(396)) - Took 509831 ns to clean up deletedTable
2023-03-29 22:46:34,911 [OMDoubleBufferFlushThread] INFO  om.OmSnapshotManager (OmSnapshotManager.java:createOmSnapshotCheckpoint(317)) - Created checkpoint : /home/runner/work/ozone/ozone/hadoop-ozone/integration-test/target/test-dir/MiniOzoneClusterImpl-8ae17f6e-7b8d-4fcc-9253-feb95f7e1717/omNode-1/db.snapshots/om.db-2756886e-c641-4a95-8859-01a337d3d3a8 for snapshot 3a2a9199-3c71-40cf-a385-715551c4c0e2
2023-03-29 22:46:34,913 [OMDoubleBufferFlushThread] INFO  db.RDBCheckpointManager (RDBCheckpointManager.java:createCheckpoint(96)) - Created checkpoint in rocksDB at /home/runner/work/ozone/ozone/hadoop-ozone/integration-test/target/test-dir/MiniOzoneClusterImpl-8ae17f6e-7b8d-4fcc-9253-feb95f7e1717/omNode-3/db.snapshots/om.db-2756886e-c641-4a95-8859-01a337d3d3a8 in 43 milliseconds
2023-03-29 22:46:34,914 [OMDoubleBufferFlushThread] INFO  db.RDBCheckpointManager (RDBCheckpointManager.java:createCheckpoint(96)) - Created checkpoint in rocksDB at /home/runner/work/ozone/ozone/hadoop-ozone/integration-test/target/test-dir/MiniOzoneClusterImpl-8ae17f6e-7b8d-4fcc-9253-feb95f7e1717/omNode-2/db.snapshots/om.db-2756886e-c641-4a95-8859-01a337d3d3a8 in 45 milliseconds
2023-03-29 22:46:34,914 [OMDoubleBufferFlushThread] INFO  db.RDBCheckpointManager (RDBCheckpointManager.java:waitForCheckpointDirectoryExist(125)) - Waited for 1 milliseconds for checkpoint directory /home/runner/work/ozone/ozone/hadoop-ozone/integration-test/target/test-dir/MiniOzoneClusterImpl-8ae17f6e-7b8d-4fcc-9253-feb95f7e1717/omNode-3/db.snapshots/om.db-2756886e-c641-4a95-8859-01a337d3d3a8 availability.
2023-03-29 22:46:34,914 [OMDoubleBufferFlushThread] INFO  db.RDBCheckpointManager (RDBCheckpointManager.java:waitForCheckpointDirectoryExist(125)) - Waited for 0 milliseconds for checkpoint directory /home/runner/work/ozone/ozone/hadoop-ozone/integration-test/target/test-dir/MiniOzoneClusterImpl-8ae17f6e-7b8d-4fcc-9253-feb95f7e1717/omNode-2/db.snapshots/om.db-2756886e-c641-4a95-8859-01a337d3d3a8 availability.
2023-03-29 22:46:34,915 [OMDoubleBufferFlushThread] WARN  om.OmSnapshotManager (OmSnapshotManager.java:deleteKeysInSnapshotScopeFromDTableInternal(396)) - Took 491629 ns to clean up deletedTable
2023-03-29 22:46:34,915 [OMDoubleBufferFlushThread] WARN  om.OmSnapshotManager (OmSnapshotManager.java:deleteKeysInSnapshotScopeFromDTableInternal(396)) - Took 537232 ns to clean up deletedTable
2023-03-29 22:46:34,915 [OMDoubleBufferFlushThread] INFO  om.OmSnapshotManager (OmSnapshotManager.java:createOmSnapshotCheckpoint(317)) - Created checkpoint : /home/runner/work/ozone/ozone/hadoop-ozone/integration-test/target/test-dir/MiniOzoneClusterImpl-8ae17f6e-7b8d-4fcc-9253-feb95f7e1717/omNode-3/db.snapshots/om.db-2756886e-c641-4a95-8859-01a337d3d3a8 for snapshot 3a2a9199-3c71-40cf-a385-715551c4c0e2
2023-03-29 22:46:34,915 [OMDoubleBufferFlushThread] INFO  om.OmSnapshotManager (OmSnapshotManager.java:createOmSnapshotCheckpoint(317)) - Created checkpoint : /home/runner/work/ozone/ozone/hadoop-ozone/integration-test/target/test-dir/MiniOzoneClusterImpl-8ae17f6e-7b8d-4fcc-9253-feb95f7e1717/omNode-2/db.snapshots/om.db-2756886e-c641-4a95-8859-01a337d3d3a8 for snapshot 3a2a9199-3c71-40cf-a385-715551c4c0e2
2023-03-29 22:46:35,869 [IPC Server handler 5 on default port 38145] WARN  server.ServerUtils (ServerUtils.java:getDBPath(225)) - ozone.om.db.dirs is not configured. We recommend adding this setting. Falling back to ozone.metadata.dirs instead.
2023-03-29 22:46:35,870 [IPC Server handler 5 on default port 38145] INFO  codec.OmKeyInfoCodec (OmKeyInfoCodec.java:<init>(49)) - OmKeyInfoCodec ignorePipeline = true
2023-03-29 22:46:35,870 [IPC Server handler 5 on default port 38145] INFO  codec.RepeatedOmKeyInfoCodec (RepeatedOmKeyInfoCodec.java:<init>(41)) - RepeatedOmKeyInfoCodec ignorePipeline = true
]]></system-out>
  </testcase>
  <testcase name="testListKeyOnEmptyBucket" classname="TestOmSnapshot" time="1.047">
    <system-out><![CDATA[2023-03-29 22:47:38,629 [Time-limited test] INFO  rpc.RpcClient (RpcClient.java:createVolume(476)) - Creating Volume: vol-13469, with runner as owner and space quota set to -1 bytes, counts quota set to -1
2023-03-29 22:47:38,632 [OM StateMachine ApplyTransaction Thread - 0] INFO  volume.OMVolumeCreateRequest (OMVolumeCreateRequest.java:validateAndUpdateCache(195)) - created volume:vol-13469 for user:runner
2023-03-29 22:47:38,633 [OM StateMachine ApplyTransaction Thread - 0] INFO  volume.OMVolumeCreateRequest (OMVolumeCreateRequest.java:validateAndUpdateCache(195)) - created volume:vol-13469 for user:runner
2023-03-29 22:47:38,633 [OM StateMachine ApplyTransaction Thread - 0] INFO  volume.OMVolumeCreateRequest (OMVolumeCreateRequest.java:validateAndUpdateCache(195)) - created volume:vol-13469 for user:runner
2023-03-29 22:47:38,634 [Time-limited test] INFO  rpc.RpcClient (RpcClient.java:createBucket(698)) - Creating Bucket: vol-13469/buc-59837, with server-side default bucket layout, runner as owner, Versioning false, Storage Type set to DISK and Encryption set to false, Replication Type set to server-side default replication type, Namespace Quota set to -1, Space Quota set to -1 
2023-03-29 22:47:38,636 [OM StateMachine ApplyTransaction Thread - 0] INFO  bucket.OMBucketCreateRequest (OMBucketCreateRequest.java:validateAndUpdateCache(262)) - created bucket: buc-59837 of layout LEGACY in volume: vol-13469
2023-03-29 22:47:38,637 [OM StateMachine ApplyTransaction Thread - 0] INFO  bucket.OMBucketCreateRequest (OMBucketCreateRequest.java:validateAndUpdateCache(262)) - created bucket: buc-59837 of layout LEGACY in volume: vol-13469
2023-03-29 22:47:38,638 [OM StateMachine ApplyTransaction Thread - 0] INFO  bucket.OMBucketCreateRequest (OMBucketCreateRequest.java:validateAndUpdateCache(262)) - created bucket: buc-59837 of layout LEGACY in volume: vol-13469
2023-03-29 22:47:38,639 [OM StateMachine ApplyTransaction Thread - 0] INFO  snapshot.OMSnapshotCreateRequest (OMSnapshotCreateRequest.java:validateAndUpdateCache(204)) - Created snapshot 'dcf28896-8ddc-4102-8fcc-bf9ba670288a' under path 'vol-13469/buc-59837'
2023-03-29 22:47:38,640 [OM StateMachine ApplyTransaction Thread - 0] INFO  snapshot.OMSnapshotCreateRequest (OMSnapshotCreateRequest.java:validateAndUpdateCache(204)) - Created snapshot 'dcf28896-8ddc-4102-8fcc-bf9ba670288a' under path 'vol-13469/buc-59837'
2023-03-29 22:47:38,640 [OM StateMachine ApplyTransaction Thread - 0] INFO  snapshot.OMSnapshotCreateRequest (OMSnapshotCreateRequest.java:validateAndUpdateCache(204)) - Created snapshot 'dcf28896-8ddc-4102-8fcc-bf9ba670288a' under path 'vol-13469/buc-59837'
2023-03-29 22:47:38,694 [OMDoubleBufferFlushThread] INFO  db.RDBCheckpointManager (RDBCheckpointManager.java:createCheckpoint(96)) - Created checkpoint in rocksDB at /home/runner/work/ozone/ozone/hadoop-ozone/integration-test/target/test-dir/MiniOzoneClusterImpl-bfbd9018-35f1-41c4-9115-0ebbd4040a15/omNode-2/db.snapshots/om.db-0067392f-cc48-4b58-ab93-a7f107738233 in 51 milliseconds
2023-03-29 22:47:38,698 [OMDoubleBufferFlushThread] INFO  db.RDBCheckpointManager (RDBCheckpointManager.java:waitForCheckpointDirectoryExist(125)) - Waited for 4 milliseconds for checkpoint directory /home/runner/work/ozone/ozone/hadoop-ozone/integration-test/target/test-dir/MiniOzoneClusterImpl-bfbd9018-35f1-41c4-9115-0ebbd4040a15/omNode-2/db.snapshots/om.db-0067392f-cc48-4b58-ab93-a7f107738233 availability.
2023-03-29 22:47:38,699 [OMDoubleBufferFlushThread] INFO  db.RDBCheckpointManager (RDBCheckpointManager.java:createCheckpoint(96)) - Created checkpoint in rocksDB at /home/runner/work/ozone/ozone/hadoop-ozone/integration-test/target/test-dir/MiniOzoneClusterImpl-bfbd9018-35f1-41c4-9115-0ebbd4040a15/omNode-3/db.snapshots/om.db-0067392f-cc48-4b58-ab93-a7f107738233 in 56 milliseconds
2023-03-29 22:47:38,700 [OMDoubleBufferFlushThread] WARN  om.OmSnapshotManager (OmSnapshotManager.java:deleteKeysInSnapshotScopeFromDTableInternal(396)) - Took 1716000 ns to clean up deletedTable
2023-03-29 22:47:38,700 [OMDoubleBufferFlushThread] INFO  om.OmSnapshotManager (OmSnapshotManager.java:createOmSnapshotCheckpoint(317)) - Created checkpoint : /home/runner/work/ozone/ozone/hadoop-ozone/integration-test/target/test-dir/MiniOzoneClusterImpl-bfbd9018-35f1-41c4-9115-0ebbd4040a15/omNode-2/db.snapshots/om.db-0067392f-cc48-4b58-ab93-a7f107738233 for snapshot dcf28896-8ddc-4102-8fcc-bf9ba670288a
2023-03-29 22:47:38,703 [OMDoubleBufferFlushThread] INFO  db.RDBCheckpointManager (RDBCheckpointManager.java:createCheckpoint(96)) - Created checkpoint in rocksDB at /home/runner/work/ozone/ozone/hadoop-ozone/integration-test/target/test-dir/MiniOzoneClusterImpl-bfbd9018-35f1-41c4-9115-0ebbd4040a15/omNode-1/db.snapshots/om.db-0067392f-cc48-4b58-ab93-a7f107738233 in 62 milliseconds
2023-03-29 22:47:38,713 [OMDoubleBufferFlushThread] INFO  db.RDBCheckpointManager (RDBCheckpointManager.java:waitForCheckpointDirectoryExist(125)) - Waited for 14 milliseconds for checkpoint directory /home/runner/work/ozone/ozone/hadoop-ozone/integration-test/target/test-dir/MiniOzoneClusterImpl-bfbd9018-35f1-41c4-9115-0ebbd4040a15/omNode-3/db.snapshots/om.db-0067392f-cc48-4b58-ab93-a7f107738233 availability.
2023-03-29 22:47:38,713 [OMDoubleBufferFlushThread] WARN  om.OmSnapshotManager (OmSnapshotManager.java:deleteKeysInSnapshotScopeFromDTableInternal(396)) - Took 452226 ns to clean up deletedTable
2023-03-29 22:47:38,714 [OMDoubleBufferFlushThread] INFO  om.OmSnapshotManager (OmSnapshotManager.java:createOmSnapshotCheckpoint(317)) - Created checkpoint : /home/runner/work/ozone/ozone/hadoop-ozone/integration-test/target/test-dir/MiniOzoneClusterImpl-bfbd9018-35f1-41c4-9115-0ebbd4040a15/omNode-3/db.snapshots/om.db-0067392f-cc48-4b58-ab93-a7f107738233 for snapshot dcf28896-8ddc-4102-8fcc-bf9ba670288a
2023-03-29 22:47:38,714 [OMDoubleBufferFlushThread] INFO  db.RDBCheckpointManager (RDBCheckpointManager.java:waitForCheckpointDirectoryExist(125)) - Waited for 11 milliseconds for checkpoint directory /home/runner/work/ozone/ozone/hadoop-ozone/integration-test/target/test-dir/MiniOzoneClusterImpl-bfbd9018-35f1-41c4-9115-0ebbd4040a15/omNode-1/db.snapshots/om.db-0067392f-cc48-4b58-ab93-a7f107738233 availability.
2023-03-29 22:47:38,715 [OMDoubleBufferFlushThread] WARN  om.OmSnapshotManager (OmSnapshotManager.java:deleteKeysInSnapshotScopeFromDTableInternal(396)) - Took 449826 ns to clean up deletedTable
2023-03-29 22:47:38,715 [OMDoubleBufferFlushThread] INFO  om.OmSnapshotManager (OmSnapshotManager.java:createOmSnapshotCheckpoint(317)) - Created checkpoint : /home/runner/work/ozone/ozone/hadoop-ozone/integration-test/target/test-dir/MiniOzoneClusterImpl-bfbd9018-35f1-41c4-9115-0ebbd4040a15/omNode-1/db.snapshots/om.db-0067392f-cc48-4b58-ab93-a7f107738233 for snapshot dcf28896-8ddc-4102-8fcc-bf9ba670288a
2023-03-29 22:47:39,642 [IPC Server handler 5 on default port 42479] WARN  server.ServerUtils (ServerUtils.java:getDBPath(225)) - ozone.om.db.dirs is not configured. We recommend adding this setting. Falling back to ozone.metadata.dirs instead.
2023-03-29 22:47:39,642 [IPC Server handler 5 on default port 42479] INFO  codec.OmKeyInfoCodec (OmKeyInfoCodec.java:<init>(49)) - OmKeyInfoCodec ignorePipeline = true
2023-03-29 22:47:39,642 [IPC Server handler 5 on default port 42479] INFO  codec.RepeatedOmKeyInfoCodec (RepeatedOmKeyInfoCodec.java:<init>(41)) - RepeatedOmKeyInfoCodec ignorePipeline = true
]]></system-out>
  </testcase>
  <testcase name="checkKey" classname="TestOmSnapshot" time="1.335">
    <system-out><![CDATA[2023-03-29 22:45:30,137 [OM StateMachine ApplyTransaction Thread - 0] INFO  snapshot.OMSnapshotCreateRequest (OMSnapshotCreateRequest.java:validateAndUpdateCache(204)) - Created snapshot '5c028563-98d4-422f-bb0e-dd2d4ffb722c' under path 'volume14198/bucket38611'
2023-03-29 22:45:30,139 [OM StateMachine ApplyTransaction Thread - 0] INFO  snapshot.OMSnapshotCreateRequest (OMSnapshotCreateRequest.java:validateAndUpdateCache(204)) - Created snapshot '5c028563-98d4-422f-bb0e-dd2d4ffb722c' under path 'volume14198/bucket38611'
2023-03-29 22:45:30,139 [OM StateMachine ApplyTransaction Thread - 0] INFO  snapshot.OMSnapshotCreateRequest (OMSnapshotCreateRequest.java:validateAndUpdateCache(204)) - Created snapshot '5c028563-98d4-422f-bb0e-dd2d4ffb722c' under path 'volume14198/bucket38611'
2023-03-29 22:45:30,209 [OMDoubleBufferFlushThread] INFO  db.RDBCheckpointManager (RDBCheckpointManager.java:createCheckpoint(96)) - Created checkpoint in rocksDB at /home/runner/work/ozone/ozone/hadoop-ozone/integration-test/target/test-dir/MiniOzoneClusterImpl-bcbc84c2-519e-42a0-a817-fd35ffaa666a/omNode-3/db.snapshots/om.db-99d97983-7b9f-450f-b5b2-0e78f136f28e in 67 milliseconds
2023-03-29 22:45:30,215 [OMDoubleBufferFlushThread] INFO  db.RDBCheckpointManager (RDBCheckpointManager.java:waitForCheckpointDirectoryExist(125)) - Waited for 6 milliseconds for checkpoint directory /home/runner/work/ozone/ozone/hadoop-ozone/integration-test/target/test-dir/MiniOzoneClusterImpl-bcbc84c2-519e-42a0-a817-fd35ffaa666a/omNode-3/db.snapshots/om.db-99d97983-7b9f-450f-b5b2-0e78f136f28e availability.
2023-03-29 22:45:30,215 [OMDoubleBufferFlushThread] WARN  om.OmSnapshotManager (OmSnapshotManager.java:deleteKeysInSnapshotScopeFromDTableInternal(396)) - Took 465928 ns to clean up deletedTable
2023-03-29 22:45:30,215 [OMDoubleBufferFlushThread] INFO  om.OmSnapshotManager (OmSnapshotManager.java:createOmSnapshotCheckpoint(317)) - Created checkpoint : /home/runner/work/ozone/ozone/hadoop-ozone/integration-test/target/test-dir/MiniOzoneClusterImpl-bcbc84c2-519e-42a0-a817-fd35ffaa666a/omNode-3/db.snapshots/om.db-99d97983-7b9f-450f-b5b2-0e78f136f28e for snapshot 5c028563-98d4-422f-bb0e-dd2d4ffb722c
2023-03-29 22:45:30,228 [OMDoubleBufferFlushThread] INFO  db.RDBCheckpointManager (RDBCheckpointManager.java:createCheckpoint(96)) - Created checkpoint in rocksDB at /home/runner/work/ozone/ozone/hadoop-ozone/integration-test/target/test-dir/MiniOzoneClusterImpl-bcbc84c2-519e-42a0-a817-fd35ffaa666a/omNode-1/db.snapshots/om.db-99d97983-7b9f-450f-b5b2-0e78f136f28e in 86 milliseconds
2023-03-29 22:45:30,229 [OMDoubleBufferFlushThread] INFO  db.RDBCheckpointManager (RDBCheckpointManager.java:waitForCheckpointDirectoryExist(125)) - Waited for 1 milliseconds for checkpoint directory /home/runner/work/ozone/ozone/hadoop-ozone/integration-test/target/test-dir/MiniOzoneClusterImpl-bcbc84c2-519e-42a0-a817-fd35ffaa666a/omNode-1/db.snapshots/om.db-99d97983-7b9f-450f-b5b2-0e78f136f28e availability.
2023-03-29 22:45:30,232 [OMDoubleBufferFlushThread] WARN  om.OmSnapshotManager (OmSnapshotManager.java:deleteKeysInSnapshotScopeFromDTableInternal(396)) - Took 3082583 ns to clean up deletedTable
2023-03-29 22:45:30,232 [OMDoubleBufferFlushThread] INFO  om.OmSnapshotManager (OmSnapshotManager.java:createOmSnapshotCheckpoint(317)) - Created checkpoint : /home/runner/work/ozone/ozone/hadoop-ozone/integration-test/target/test-dir/MiniOzoneClusterImpl-bcbc84c2-519e-42a0-a817-fd35ffaa666a/omNode-1/db.snapshots/om.db-99d97983-7b9f-450f-b5b2-0e78f136f28e for snapshot 5c028563-98d4-422f-bb0e-dd2d4ffb722c
2023-03-29 22:45:30,234 [OMDoubleBufferFlushThread] INFO  db.RDBCheckpointManager (RDBCheckpointManager.java:createCheckpoint(96)) - Created checkpoint in rocksDB at /home/runner/work/ozone/ozone/hadoop-ozone/integration-test/target/test-dir/MiniOzoneClusterImpl-bcbc84c2-519e-42a0-a817-fd35ffaa666a/omNode-2/db.snapshots/om.db-99d97983-7b9f-450f-b5b2-0e78f136f28e in 75 milliseconds
2023-03-29 22:45:30,238 [OMDoubleBufferFlushThread] INFO  db.RDBCheckpointManager (RDBCheckpointManager.java:waitForCheckpointDirectoryExist(125)) - Waited for 4 milliseconds for checkpoint directory /home/runner/work/ozone/ozone/hadoop-ozone/integration-test/target/test-dir/MiniOzoneClusterImpl-bcbc84c2-519e-42a0-a817-fd35ffaa666a/omNode-2/db.snapshots/om.db-99d97983-7b9f-450f-b5b2-0e78f136f28e availability.
2023-03-29 22:45:30,238 [OMDoubleBufferFlushThread] WARN  om.OmSnapshotManager (OmSnapshotManager.java:deleteKeysInSnapshotScopeFromDTableInternal(396)) - Took 382423 ns to clean up deletedTable
2023-03-29 22:45:30,238 [OMDoubleBufferFlushThread] INFO  om.OmSnapshotManager (OmSnapshotManager.java:createOmSnapshotCheckpoint(317)) - Created checkpoint : /home/runner/work/ozone/ozone/hadoop-ozone/integration-test/target/test-dir/MiniOzoneClusterImpl-bcbc84c2-519e-42a0-a817-fd35ffaa666a/omNode-2/db.snapshots/om.db-99d97983-7b9f-450f-b5b2-0e78f136f28e for snapshot 5c028563-98d4-422f-bb0e-dd2d4ffb722c
22:45:31.150 [OM StateMachine ApplyTransaction Thread - 0] ERROR OMAudit - user=runner | ip=127.0.0.1 | op=DELETE_KEY {volume=volume14198, bucket=bucket38611, key=dir1, dataSize=0, replicationType=NONE, replicationFactor=ZERO} | ret=FAILURE
org.apache.hadoop.ozone.om.exceptions.OMException: Key not found
	at org.apache.hadoop.ozone.om.request.key.OMKeyDeleteRequest.validateAndUpdateCache(OMKeyDeleteRequest.java:151) ~[ozone-manager-1.4.0-SNAPSHOT.jar:?]
	at org.apache.hadoop.ozone.om.request.key.OMKeyDeleteRequest.validateAndUpdateCache(OMKeyDeleteRequest.java:97) ~[ozone-manager-1.4.0-SNAPSHOT.jar:?]
	at org.apache.hadoop.ozone.protocolPB.OzoneManagerRequestHandler.handleWriteRequest(OzoneManagerRequestHandler.java:337) ~[ozone-manager-1.4.0-SNAPSHOT.jar:?]
	at org.apache.hadoop.ozone.om.ratis.OzoneManagerStateMachine.runCommand(OzoneManagerStateMachine.java:533) ~[ozone-manager-1.4.0-SNAPSHOT.jar:?]
	at org.apache.hadoop.ozone.om.ratis.OzoneManagerStateMachine.lambda$1(OzoneManagerStateMachine.java:324) ~[ozone-manager-1.4.0-SNAPSHOT.jar:?]
	at java.util.concurrent.CompletableFuture$AsyncSupply.run(CompletableFuture.java:1604) [?:1.8.0_362]
	at java.util.concurrent.ThreadPoolExecutor.runWorker(ThreadPoolExecutor.java:1149) [?:1.8.0_362]
	at java.util.concurrent.ThreadPoolExecutor$Worker.run(ThreadPoolExecutor.java:624) [?:1.8.0_362]
	at java.lang.Thread.run(Thread.java:750) [?:1.8.0_362]
2023-03-29 22:45:31,151 [OM StateMachine ApplyTransaction Thread - 0] ERROR key.OMKeyDeleteRequest (OMKeyDeleteRequest.java:validateAndUpdateCache(207)) - Key delete failed. Volume:volume14198, Bucket:bucket38611, Key:dir1.
KEY_NOT_FOUND org.apache.hadoop.ozone.om.exceptions.OMException: Key not found
	at org.apache.hadoop.ozone.om.request.key.OMKeyDeleteRequest.validateAndUpdateCache(OMKeyDeleteRequest.java:151)
	at org.apache.hadoop.ozone.om.request.key.OMKeyDeleteRequest.validateAndUpdateCache(OMKeyDeleteRequest.java:97)
	at org.apache.hadoop.ozone.protocolPB.OzoneManagerRequestHandler.handleWriteRequest(OzoneManagerRequestHandler.java:337)
	at org.apache.hadoop.ozone.om.ratis.OzoneManagerStateMachine.runCommand(OzoneManagerStateMachine.java:533)
	at org.apache.hadoop.ozone.om.ratis.OzoneManagerStateMachine.lambda$1(OzoneManagerStateMachine.java:324)
	at java.util.concurrent.CompletableFuture$AsyncSupply.run(CompletableFuture.java:1604)
	at java.util.concurrent.ThreadPoolExecutor.runWorker(ThreadPoolExecutor.java:1149)
	at java.util.concurrent.ThreadPoolExecutor$Worker.run(ThreadPoolExecutor.java:624)
	at java.lang.Thread.run(Thread.java:750)
22:45:31.151 [OM StateMachine ApplyTransaction Thread - 0] ERROR OMAudit - user=runner | ip=127.0.0.1 | op=DELETE_KEY {volume=volume14198, bucket=bucket38611, key=dir1, dataSize=0, replicationType=NONE, replicationFactor=ZERO} | ret=FAILURE
org.apache.hadoop.ozone.om.exceptions.OMException: Key not found
	at org.apache.hadoop.ozone.om.request.key.OMKeyDeleteRequest.validateAndUpdateCache(OMKeyDeleteRequest.java:151) ~[ozone-manager-1.4.0-SNAPSHOT.jar:?]
	at org.apache.hadoop.ozone.om.request.key.OMKeyDeleteRequest.validateAndUpdateCache(OMKeyDeleteRequest.java:97) ~[ozone-manager-1.4.0-SNAPSHOT.jar:?]
	at org.apache.hadoop.ozone.protocolPB.OzoneManagerRequestHandler.handleWriteRequest(OzoneManagerRequestHandler.java:337) ~[ozone-manager-1.4.0-SNAPSHOT.jar:?]
	at org.apache.hadoop.ozone.om.ratis.OzoneManagerStateMachine.runCommand(OzoneManagerStateMachine.java:533) ~[ozone-manager-1.4.0-SNAPSHOT.jar:?]
	at org.apache.hadoop.ozone.om.ratis.OzoneManagerStateMachine.lambda$1(OzoneManagerStateMachine.java:324) ~[ozone-manager-1.4.0-SNAPSHOT.jar:?]
	at java.util.concurrent.CompletableFuture$AsyncSupply.run(CompletableFuture.java:1604) [?:1.8.0_362]
	at java.util.concurrent.ThreadPoolExecutor.runWorker(ThreadPoolExecutor.java:1149) [?:1.8.0_362]
	at java.util.concurrent.ThreadPoolExecutor$Worker.run(ThreadPoolExecutor.java:624) [?:1.8.0_362]
	at java.lang.Thread.run(Thread.java:750) [?:1.8.0_362]
2023-03-29 22:45:31,151 [OM StateMachine ApplyTransaction Thread - 0] ERROR key.OMKeyDeleteRequest (OMKeyDeleteRequest.java:validateAndUpdateCache(207)) - Key delete failed. Volume:volume14198, Bucket:bucket38611, Key:dir1.
KEY_NOT_FOUND org.apache.hadoop.ozone.om.exceptions.OMException: Key not found
	at org.apache.hadoop.ozone.om.request.key.OMKeyDeleteRequest.validateAndUpdateCache(OMKeyDeleteRequest.java:151)
	at org.apache.hadoop.ozone.om.request.key.OMKeyDeleteRequest.validateAndUpdateCache(OMKeyDeleteRequest.java:97)
	at org.apache.hadoop.ozone.protocolPB.OzoneManagerRequestHandler.handleWriteRequest(OzoneManagerRequestHandler.java:337)
	at org.apache.hadoop.ozone.om.ratis.OzoneManagerStateMachine.runCommand(OzoneManagerStateMachine.java:533)
	at org.apache.hadoop.ozone.om.ratis.OzoneManagerStateMachine.lambda$1(OzoneManagerStateMachine.java:324)
	at java.util.concurrent.CompletableFuture$AsyncSupply.run(CompletableFuture.java:1604)
	at java.util.concurrent.ThreadPoolExecutor.runWorker(ThreadPoolExecutor.java:1149)
	at java.util.concurrent.ThreadPoolExecutor$Worker.run(ThreadPoolExecutor.java:624)
	at java.lang.Thread.run(Thread.java:750)
22:45:31.162 [OM StateMachine ApplyTransaction Thread - 0] ERROR OMAudit - user=runner | ip=127.0.0.1 | op=DELETE_KEY {volume=volume14198, bucket=bucket38611, key=dir1, dataSize=0, replicationType=NONE, replicationFactor=ZERO} | ret=FAILURE
org.apache.hadoop.ozone.om.exceptions.OMException: Key not found
	at org.apache.hadoop.ozone.om.request.key.OMKeyDeleteRequest.validateAndUpdateCache(OMKeyDeleteRequest.java:151) ~[ozone-manager-1.4.0-SNAPSHOT.jar:?]
	at org.apache.hadoop.ozone.om.request.key.OMKeyDeleteRequest.validateAndUpdateCache(OMKeyDeleteRequest.java:97) ~[ozone-manager-1.4.0-SNAPSHOT.jar:?]
	at org.apache.hadoop.ozone.protocolPB.OzoneManagerRequestHandler.handleWriteRequest(OzoneManagerRequestHandler.java:337) ~[ozone-manager-1.4.0-SNAPSHOT.jar:?]
	at org.apache.hadoop.ozone.om.ratis.OzoneManagerStateMachine.runCommand(OzoneManagerStateMachine.java:533) ~[ozone-manager-1.4.0-SNAPSHOT.jar:?]
	at org.apache.hadoop.ozone.om.ratis.OzoneManagerStateMachine.lambda$1(OzoneManagerStateMachine.java:324) ~[ozone-manager-1.4.0-SNAPSHOT.jar:?]
	at java.util.concurrent.CompletableFuture$AsyncSupply.run(CompletableFuture.java:1604) [?:1.8.0_362]
	at java.util.concurrent.ThreadPoolExecutor.runWorker(ThreadPoolExecutor.java:1149) [?:1.8.0_362]
	at java.util.concurrent.ThreadPoolExecutor$Worker.run(ThreadPoolExecutor.java:624) [?:1.8.0_362]
	at java.lang.Thread.run(Thread.java:750) [?:1.8.0_362]
2023-03-29 22:45:31,162 [OM StateMachine ApplyTransaction Thread - 0] ERROR key.OMKeyDeleteRequest (OMKeyDeleteRequest.java:validateAndUpdateCache(207)) - Key delete failed. Volume:volume14198, Bucket:bucket38611, Key:dir1.
KEY_NOT_FOUND org.apache.hadoop.ozone.om.exceptions.OMException: Key not found
	at org.apache.hadoop.ozone.om.request.key.OMKeyDeleteRequest.validateAndUpdateCache(OMKeyDeleteRequest.java:151)
	at org.apache.hadoop.ozone.om.request.key.OMKeyDeleteRequest.validateAndUpdateCache(OMKeyDeleteRequest.java:97)
	at org.apache.hadoop.ozone.protocolPB.OzoneManagerRequestHandler.handleWriteRequest(OzoneManagerRequestHandler.java:337)
	at org.apache.hadoop.ozone.om.ratis.OzoneManagerStateMachine.runCommand(OzoneManagerStateMachine.java:533)
	at org.apache.hadoop.ozone.om.ratis.OzoneManagerStateMachine.lambda$1(OzoneManagerStateMachine.java:324)
	at java.util.concurrent.CompletableFuture$AsyncSupply.run(CompletableFuture.java:1604)
	at java.util.concurrent.ThreadPoolExecutor.runWorker(ThreadPoolExecutor.java:1149)
	at java.util.concurrent.ThreadPoolExecutor$Worker.run(ThreadPoolExecutor.java:624)
	at java.lang.Thread.run(Thread.java:750)
2023-03-29 22:45:31,165 [IPC Server handler 0 on default port 40933] WARN  server.ServerUtils (ServerUtils.java:getDBPath(225)) - ozone.om.db.dirs is not configured. We recommend adding this setting. Falling back to ozone.metadata.dirs instead.
2023-03-29 22:45:31,165 [IPC Server handler 0 on default port 40933] INFO  codec.OmKeyInfoCodec (OmKeyInfoCodec.java:<init>(49)) - OmKeyInfoCodec ignorePipeline = true
2023-03-29 22:45:31,165 [IPC Server handler 0 on default port 40933] INFO  codec.RepeatedOmKeyInfoCodec (RepeatedOmKeyInfoCodec.java:<init>(41)) - RepeatedOmKeyInfoCodec ignorePipeline = true
]]></system-out>
  </testcase>
  <testcase name="checkKey" classname="TestOmSnapshot" time="1.074">
    <failure type="java.lang.AssertionError"><![CDATA[java.lang.AssertionError: got exception on cleanup: Directory is not empty. Key:dir1
	at org.junit.Assert.fail(Assert.java:89)
	at org.apache.hadoop.ozone.om.TestOmSnapshot.checkKey(TestOmSnapshot.java:345)
	at sun.reflect.NativeMethodAccessorImpl.invoke0(Native Method)
	at sun.reflect.NativeMethodAccessorImpl.invoke(NativeMethodAccessorImpl.java:62)
	at sun.reflect.DelegatingMethodAccessorImpl.invoke(DelegatingMethodAccessorImpl.java:43)
	at java.lang.reflect.Method.invoke(Method.java:498)
	at org.junit.runners.model.FrameworkMethod$1.runReflectiveCall(FrameworkMethod.java:59)
	at org.junit.internal.runners.model.ReflectiveCallable.run(ReflectiveCallable.java:12)
	at org.junit.runners.model.FrameworkMethod.invokeExplosively(FrameworkMethod.java:56)
	at org.junit.internal.runners.statements.InvokeMethod.evaluate(InvokeMethod.java:17)
	at org.junit.internal.runners.statements.FailOnTimeout$CallableStatement.call(FailOnTimeout.java:288)
	at org.junit.internal.runners.statements.FailOnTimeout$CallableStatement.call(FailOnTimeout.java:282)
	at java.util.concurrent.FutureTask.run(FutureTask.java:266)
	at java.lang.Thread.run(Thread.java:750)
]]></failure>
    <system-out><![CDATA[2023-03-29 22:46:35,983 [OM StateMachine ApplyTransaction Thread - 0] INFO  snapshot.OMSnapshotCreateRequest (OMSnapshotCreateRequest.java:validateAndUpdateCache(204)) - Created snapshot 'f5b2bdc5-39f4-4cfd-846f-469e5dd10378' under path 'volume34570/bucket71080'
2023-03-29 22:46:35,984 [OM StateMachine ApplyTransaction Thread - 0] INFO  snapshot.OMSnapshotCreateRequest (OMSnapshotCreateRequest.java:validateAndUpdateCache(204)) - Created snapshot 'f5b2bdc5-39f4-4cfd-846f-469e5dd10378' under path 'volume34570/bucket71080'
2023-03-29 22:46:35,984 [OM StateMachine ApplyTransaction Thread - 0] INFO  snapshot.OMSnapshotCreateRequest (OMSnapshotCreateRequest.java:validateAndUpdateCache(204)) - Created snapshot 'f5b2bdc5-39f4-4cfd-846f-469e5dd10378' under path 'volume34570/bucket71080'
2023-03-29 22:46:36,042 [OMDoubleBufferFlushThread] INFO  db.RDBCheckpointManager (RDBCheckpointManager.java:createCheckpoint(96)) - Created checkpoint in rocksDB at /home/runner/work/ozone/ozone/hadoop-ozone/integration-test/target/test-dir/MiniOzoneClusterImpl-8ae17f6e-7b8d-4fcc-9253-feb95f7e1717/omNode-1/db.snapshots/om.db-93bd8480-04bd-4264-b84b-4efc390999e6 in 56 milliseconds
2023-03-29 22:46:36,043 [OMDoubleBufferFlushThread] INFO  db.RDBCheckpointManager (RDBCheckpointManager.java:createCheckpoint(96)) - Created checkpoint in rocksDB at /home/runner/work/ozone/ozone/hadoop-ozone/integration-test/target/test-dir/MiniOzoneClusterImpl-8ae17f6e-7b8d-4fcc-9253-feb95f7e1717/omNode-3/db.snapshots/om.db-93bd8480-04bd-4264-b84b-4efc390999e6 in 56 milliseconds
2023-03-29 22:46:36,044 [OMDoubleBufferFlushThread] INFO  db.RDBCheckpointManager (RDBCheckpointManager.java:waitForCheckpointDirectoryExist(125)) - Waited for 2 milliseconds for checkpoint directory /home/runner/work/ozone/ozone/hadoop-ozone/integration-test/target/test-dir/MiniOzoneClusterImpl-8ae17f6e-7b8d-4fcc-9253-feb95f7e1717/omNode-1/db.snapshots/om.db-93bd8480-04bd-4264-b84b-4efc390999e6 availability.
2023-03-29 22:46:36,044 [OMDoubleBufferFlushThread] INFO  db.RDBCheckpointManager (RDBCheckpointManager.java:waitForCheckpointDirectoryExist(125)) - Waited for 0 milliseconds for checkpoint directory /home/runner/work/ozone/ozone/hadoop-ozone/integration-test/target/test-dir/MiniOzoneClusterImpl-8ae17f6e-7b8d-4fcc-9253-feb95f7e1717/omNode-3/db.snapshots/om.db-93bd8480-04bd-4264-b84b-4efc390999e6 availability.
2023-03-29 22:46:36,045 [OMDoubleBufferFlushThread] WARN  om.OmSnapshotManager (OmSnapshotManager.java:deleteKeysInSnapshotScopeFromDTableInternal(396)) - Took 579834 ns to clean up deletedTable
2023-03-29 22:46:36,045 [OMDoubleBufferFlushThread] WARN  om.OmSnapshotManager (OmSnapshotManager.java:deleteKeysInSnapshotScopeFromDTableInternal(396)) - Took 492330 ns to clean up deletedTable
2023-03-29 22:46:36,045 [OMDoubleBufferFlushThread] INFO  om.OmSnapshotManager (OmSnapshotManager.java:createOmSnapshotCheckpoint(317)) - Created checkpoint : /home/runner/work/ozone/ozone/hadoop-ozone/integration-test/target/test-dir/MiniOzoneClusterImpl-8ae17f6e-7b8d-4fcc-9253-feb95f7e1717/omNode-3/db.snapshots/om.db-93bd8480-04bd-4264-b84b-4efc390999e6 for snapshot f5b2bdc5-39f4-4cfd-846f-469e5dd10378
2023-03-29 22:46:36,046 [OMDoubleBufferFlushThread] INFO  om.OmSnapshotManager (OmSnapshotManager.java:createOmSnapshotCheckpoint(317)) - Created checkpoint : /home/runner/work/ozone/ozone/hadoop-ozone/integration-test/target/test-dir/MiniOzoneClusterImpl-8ae17f6e-7b8d-4fcc-9253-feb95f7e1717/omNode-1/db.snapshots/om.db-93bd8480-04bd-4264-b84b-4efc390999e6 for snapshot f5b2bdc5-39f4-4cfd-846f-469e5dd10378
2023-03-29 22:46:36,047 [OMDoubleBufferFlushThread] INFO  db.RDBCheckpointManager (RDBCheckpointManager.java:createCheckpoint(96)) - Created checkpoint in rocksDB at /home/runner/work/ozone/ozone/hadoop-ozone/integration-test/target/test-dir/MiniOzoneClusterImpl-8ae17f6e-7b8d-4fcc-9253-feb95f7e1717/omNode-2/db.snapshots/om.db-93bd8480-04bd-4264-b84b-4efc390999e6 in 59 milliseconds
2023-03-29 22:46:36,047 [OMDoubleBufferFlushThread] INFO  db.RDBCheckpointManager (RDBCheckpointManager.java:waitForCheckpointDirectoryExist(125)) - Waited for 0 milliseconds for checkpoint directory /home/runner/work/ozone/ozone/hadoop-ozone/integration-test/target/test-dir/MiniOzoneClusterImpl-8ae17f6e-7b8d-4fcc-9253-feb95f7e1717/omNode-2/db.snapshots/om.db-93bd8480-04bd-4264-b84b-4efc390999e6 availability.
2023-03-29 22:46:36,048 [OMDoubleBufferFlushThread] WARN  om.OmSnapshotManager (OmSnapshotManager.java:deleteKeysInSnapshotScopeFromDTableInternal(396)) - Took 363922 ns to clean up deletedTable
2023-03-29 22:46:36,048 [OMDoubleBufferFlushThread] INFO  om.OmSnapshotManager (OmSnapshotManager.java:createOmSnapshotCheckpoint(317)) - Created checkpoint : /home/runner/work/ozone/ozone/hadoop-ozone/integration-test/target/test-dir/MiniOzoneClusterImpl-8ae17f6e-7b8d-4fcc-9253-feb95f7e1717/omNode-2/db.snapshots/om.db-93bd8480-04bd-4264-b84b-4efc390999e6 for snapshot f5b2bdc5-39f4-4cfd-846f-469e5dd10378
22:46:36.992 [OM StateMachine ApplyTransaction Thread - 0] ERROR OMAudit - user=runner | ip=127.0.0.1 | op=DELETE_KEY {volume=volume34570, bucket=bucket71080, key=dir1, dataSize=0, replicationType=NONE, replicationFactor=ZERO} | ret=FAILURE
org.apache.hadoop.ozone.om.exceptions.OMException: Directory is not empty. Key:dir1
	at org.apache.hadoop.ozone.om.request.key.OMKeyDeleteRequestWithFSO.validateAndUpdateCache(OMKeyDeleteRequestWithFSO.java:140) ~[ozone-manager-1.4.0-SNAPSHOT.jar:?]
	at org.apache.hadoop.ozone.protocolPB.OzoneManagerRequestHandler.handleWriteRequest(OzoneManagerRequestHandler.java:337) ~[ozone-manager-1.4.0-SNAPSHOT.jar:?]
	at org.apache.hadoop.ozone.om.ratis.OzoneManagerStateMachine.runCommand(OzoneManagerStateMachine.java:533) ~[ozone-manager-1.4.0-SNAPSHOT.jar:?]
	at org.apache.hadoop.ozone.om.ratis.OzoneManagerStateMachine.lambda$1(OzoneManagerStateMachine.java:324) ~[ozone-manager-1.4.0-SNAPSHOT.jar:?]
	at java.util.concurrent.CompletableFuture$AsyncSupply.run(CompletableFuture.java:1604) [?:1.8.0_362]
	at java.util.concurrent.ThreadPoolExecutor.runWorker(ThreadPoolExecutor.java:1149) [?:1.8.0_362]
	at java.util.concurrent.ThreadPoolExecutor$Worker.run(ThreadPoolExecutor.java:624) [?:1.8.0_362]
	at java.lang.Thread.run(Thread.java:750) [?:1.8.0_362]
2023-03-29 22:46:36,992 [OM StateMachine ApplyTransaction Thread - 0] ERROR key.OMKeyDeleteRequestWithFSO (OMKeyDeleteRequestWithFSO.java:validateAndUpdateCache(200)) - Key delete failed. Volume:volume34570, Bucket:bucket71080, Key:dir1.
DIRECTORY_NOT_EMPTY org.apache.hadoop.ozone.om.exceptions.OMException: Directory is not empty. Key:dir1
	at org.apache.hadoop.ozone.om.request.key.OMKeyDeleteRequestWithFSO.validateAndUpdateCache(OMKeyDeleteRequestWithFSO.java:140)
	at org.apache.hadoop.ozone.protocolPB.OzoneManagerRequestHandler.handleWriteRequest(OzoneManagerRequestHandler.java:337)
	at org.apache.hadoop.ozone.om.ratis.OzoneManagerStateMachine.runCommand(OzoneManagerStateMachine.java:533)
	at org.apache.hadoop.ozone.om.ratis.OzoneManagerStateMachine.lambda$1(OzoneManagerStateMachine.java:324)
	at java.util.concurrent.CompletableFuture$AsyncSupply.run(CompletableFuture.java:1604)
	at java.util.concurrent.ThreadPoolExecutor.runWorker(ThreadPoolExecutor.java:1149)
	at java.util.concurrent.ThreadPoolExecutor$Worker.run(ThreadPoolExecutor.java:624)
	at java.lang.Thread.run(Thread.java:750)
]]></system-out>
  </testcase>
  <testcase name="checkKey" classname="TestOmSnapshot" time="1.143">
    <system-out><![CDATA[2023-03-29 22:47:39,732 [OM StateMachine ApplyTransaction Thread - 0] INFO  snapshot.OMSnapshotCreateRequest (OMSnapshotCreateRequest.java:validateAndUpdateCache(204)) - Created snapshot '7d8948f1-77ed-445d-9f86-528c0d028a3e' under path 'volume85177/bucket13732'
2023-03-29 22:47:39,734 [OM StateMachine ApplyTransaction Thread - 0] INFO  snapshot.OMSnapshotCreateRequest (OMSnapshotCreateRequest.java:validateAndUpdateCache(204)) - Created snapshot '7d8948f1-77ed-445d-9f86-528c0d028a3e' under path 'volume85177/bucket13732'
2023-03-29 22:47:39,734 [OM StateMachine ApplyTransaction Thread - 0] INFO  snapshot.OMSnapshotCreateRequest (OMSnapshotCreateRequest.java:validateAndUpdateCache(204)) - Created snapshot '7d8948f1-77ed-445d-9f86-528c0d028a3e' under path 'volume85177/bucket13732'
2023-03-29 22:47:39,787 [OMDoubleBufferFlushThread] INFO  db.RDBCheckpointManager (RDBCheckpointManager.java:createCheckpoint(96)) - Created checkpoint in rocksDB at /home/runner/work/ozone/ozone/hadoop-ozone/integration-test/target/test-dir/MiniOzoneClusterImpl-bfbd9018-35f1-41c4-9115-0ebbd4040a15/omNode-1/db.snapshots/om.db-892dff4e-5739-4c35-92f0-412288557f46 in 50 milliseconds
2023-03-29 22:47:39,787 [OMDoubleBufferFlushThread] INFO  db.RDBCheckpointManager (RDBCheckpointManager.java:waitForCheckpointDirectoryExist(125)) - Waited for 0 milliseconds for checkpoint directory /home/runner/work/ozone/ozone/hadoop-ozone/integration-test/target/test-dir/MiniOzoneClusterImpl-bfbd9018-35f1-41c4-9115-0ebbd4040a15/omNode-1/db.snapshots/om.db-892dff4e-5739-4c35-92f0-412288557f46 availability.
2023-03-29 22:47:39,789 [OMDoubleBufferFlushThread] WARN  om.OmSnapshotManager (OmSnapshotManager.java:deleteKeysInSnapshotScopeFromDTableInternal(396)) - Took 1017459 ns to clean up deletedTable
2023-03-29 22:47:39,789 [OMDoubleBufferFlushThread] INFO  om.OmSnapshotManager (OmSnapshotManager.java:createOmSnapshotCheckpoint(317)) - Created checkpoint : /home/runner/work/ozone/ozone/hadoop-ozone/integration-test/target/test-dir/MiniOzoneClusterImpl-bfbd9018-35f1-41c4-9115-0ebbd4040a15/omNode-1/db.snapshots/om.db-892dff4e-5739-4c35-92f0-412288557f46 for snapshot 7d8948f1-77ed-445d-9f86-528c0d028a3e
2023-03-29 22:47:39,791 [OMDoubleBufferFlushThread] INFO  db.RDBCheckpointManager (RDBCheckpointManager.java:createCheckpoint(96)) - Created checkpoint in rocksDB at /home/runner/work/ozone/ozone/hadoop-ozone/integration-test/target/test-dir/MiniOzoneClusterImpl-bfbd9018-35f1-41c4-9115-0ebbd4040a15/omNode-2/db.snapshots/om.db-892dff4e-5739-4c35-92f0-412288557f46 in 54 milliseconds
2023-03-29 22:47:39,794 [OMDoubleBufferFlushThread] INFO  db.RDBCheckpointManager (RDBCheckpointManager.java:waitForCheckpointDirectoryExist(125)) - Waited for 3 milliseconds for checkpoint directory /home/runner/work/ozone/ozone/hadoop-ozone/integration-test/target/test-dir/MiniOzoneClusterImpl-bfbd9018-35f1-41c4-9115-0ebbd4040a15/omNode-2/db.snapshots/om.db-892dff4e-5739-4c35-92f0-412288557f46 availability.
2023-03-29 22:47:39,795 [OMDoubleBufferFlushThread] WARN  om.OmSnapshotManager (OmSnapshotManager.java:deleteKeysInSnapshotScopeFromDTableInternal(396)) - Took 821047 ns to clean up deletedTable
2023-03-29 22:47:39,795 [OMDoubleBufferFlushThread] INFO  om.OmSnapshotManager (OmSnapshotManager.java:createOmSnapshotCheckpoint(317)) - Created checkpoint : /home/runner/work/ozone/ozone/hadoop-ozone/integration-test/target/test-dir/MiniOzoneClusterImpl-bfbd9018-35f1-41c4-9115-0ebbd4040a15/omNode-2/db.snapshots/om.db-892dff4e-5739-4c35-92f0-412288557f46 for snapshot 7d8948f1-77ed-445d-9f86-528c0d028a3e
2023-03-29 22:47:39,803 [OMDoubleBufferFlushThread] INFO  db.RDBCheckpointManager (RDBCheckpointManager.java:createCheckpoint(96)) - Created checkpoint in rocksDB at /home/runner/work/ozone/ozone/hadoop-ozone/integration-test/target/test-dir/MiniOzoneClusterImpl-bfbd9018-35f1-41c4-9115-0ebbd4040a15/omNode-3/db.snapshots/om.db-892dff4e-5739-4c35-92f0-412288557f46 in 66 milliseconds
2023-03-29 22:47:39,804 [OMDoubleBufferFlushThread] INFO  db.RDBCheckpointManager (RDBCheckpointManager.java:waitForCheckpointDirectoryExist(125)) - Waited for 1 milliseconds for checkpoint directory /home/runner/work/ozone/ozone/hadoop-ozone/integration-test/target/test-dir/MiniOzoneClusterImpl-bfbd9018-35f1-41c4-9115-0ebbd4040a15/omNode-3/db.snapshots/om.db-892dff4e-5739-4c35-92f0-412288557f46 availability.
2023-03-29 22:47:39,804 [OMDoubleBufferFlushThread] WARN  om.OmSnapshotManager (OmSnapshotManager.java:deleteKeysInSnapshotScopeFromDTableInternal(396)) - Took 361321 ns to clean up deletedTable
2023-03-29 22:47:39,804 [OMDoubleBufferFlushThread] INFO  om.OmSnapshotManager (OmSnapshotManager.java:createOmSnapshotCheckpoint(317)) - Created checkpoint : /home/runner/work/ozone/ozone/hadoop-ozone/integration-test/target/test-dir/MiniOzoneClusterImpl-bfbd9018-35f1-41c4-9115-0ebbd4040a15/omNode-3/db.snapshots/om.db-892dff4e-5739-4c35-92f0-412288557f46 for snapshot 7d8948f1-77ed-445d-9f86-528c0d028a3e
22:47:40.745 [OM StateMachine ApplyTransaction Thread - 0] ERROR OMAudit - user=runner | ip=127.0.0.1 | op=DELETE_KEY {volume=volume85177, bucket=bucket13732, key=dir1, dataSize=0, replicationType=NONE, replicationFactor=ZERO} | ret=FAILURE
org.apache.hadoop.ozone.om.exceptions.OMException: Key not found
	at org.apache.hadoop.ozone.om.request.key.OMKeyDeleteRequest.validateAndUpdateCache(OMKeyDeleteRequest.java:151) ~[ozone-manager-1.4.0-SNAPSHOT.jar:?]
	at org.apache.hadoop.ozone.om.request.key.OMKeyDeleteRequest.validateAndUpdateCache(OMKeyDeleteRequest.java:97) ~[ozone-manager-1.4.0-SNAPSHOT.jar:?]
	at org.apache.hadoop.ozone.protocolPB.OzoneManagerRequestHandler.handleWriteRequest(OzoneManagerRequestHandler.java:337) ~[ozone-manager-1.4.0-SNAPSHOT.jar:?]
	at org.apache.hadoop.ozone.om.ratis.OzoneManagerStateMachine.runCommand(OzoneManagerStateMachine.java:533) ~[ozone-manager-1.4.0-SNAPSHOT.jar:?]
	at org.apache.hadoop.ozone.om.ratis.OzoneManagerStateMachine.lambda$1(OzoneManagerStateMachine.java:324) ~[ozone-manager-1.4.0-SNAPSHOT.jar:?]
	at java.util.concurrent.CompletableFuture$AsyncSupply.run(CompletableFuture.java:1604) [?:1.8.0_362]
	at java.util.concurrent.ThreadPoolExecutor.runWorker(ThreadPoolExecutor.java:1149) [?:1.8.0_362]
	at java.util.concurrent.ThreadPoolExecutor$Worker.run(ThreadPoolExecutor.java:624) [?:1.8.0_362]
	at java.lang.Thread.run(Thread.java:750) [?:1.8.0_362]
2023-03-29 22:47:40,745 [OM StateMachine ApplyTransaction Thread - 0] ERROR key.OMKeyDeleteRequest (OMKeyDeleteRequest.java:validateAndUpdateCache(207)) - Key delete failed. Volume:volume85177, Bucket:bucket13732, Key:dir1.
KEY_NOT_FOUND org.apache.hadoop.ozone.om.exceptions.OMException: Key not found
	at org.apache.hadoop.ozone.om.request.key.OMKeyDeleteRequest.validateAndUpdateCache(OMKeyDeleteRequest.java:151)
	at org.apache.hadoop.ozone.om.request.key.OMKeyDeleteRequest.validateAndUpdateCache(OMKeyDeleteRequest.java:97)
	at org.apache.hadoop.ozone.protocolPB.OzoneManagerRequestHandler.handleWriteRequest(OzoneManagerRequestHandler.java:337)
	at org.apache.hadoop.ozone.om.ratis.OzoneManagerStateMachine.runCommand(OzoneManagerStateMachine.java:533)
	at org.apache.hadoop.ozone.om.ratis.OzoneManagerStateMachine.lambda$1(OzoneManagerStateMachine.java:324)
	at java.util.concurrent.CompletableFuture$AsyncSupply.run(CompletableFuture.java:1604)
	at java.util.concurrent.ThreadPoolExecutor.runWorker(ThreadPoolExecutor.java:1149)
	at java.util.concurrent.ThreadPoolExecutor$Worker.run(ThreadPoolExecutor.java:624)
	at java.lang.Thread.run(Thread.java:750)
2023-03-29 22:47:40,746 [IPC Server handler 10 on default port 42479] WARN  server.ServerUtils (ServerUtils.java:getDBPath(225)) - ozone.om.db.dirs is not configured. We recommend adding this setting. Falling back to ozone.metadata.dirs instead.
2023-03-29 22:47:40,747 [IPC Server handler 10 on default port 42479] INFO  codec.OmKeyInfoCodec (OmKeyInfoCodec.java:<init>(49)) - OmKeyInfoCodec ignorePipeline = true
2023-03-29 22:47:40,747 [IPC Server handler 10 on default port 42479] INFO  codec.RepeatedOmKeyInfoCodec (RepeatedOmKeyInfoCodec.java:<init>(41)) - RepeatedOmKeyInfoCodec ignorePipeline = true
22:47:40.747 [OM StateMachine ApplyTransaction Thread - 0] ERROR OMAudit - user=runner | ip=127.0.0.1 | op=DELETE_KEY {volume=volume85177, bucket=bucket13732, key=dir1, dataSize=0, replicationType=NONE, replicationFactor=ZERO} | ret=FAILURE
org.apache.hadoop.ozone.om.exceptions.OMException: Key not found
	at org.apache.hadoop.ozone.om.request.key.OMKeyDeleteRequest.validateAndUpdateCache(OMKeyDeleteRequest.java:151) ~[ozone-manager-1.4.0-SNAPSHOT.jar:?]
	at org.apache.hadoop.ozone.om.request.key.OMKeyDeleteRequest.validateAndUpdateCache(OMKeyDeleteRequest.java:97) ~[ozone-manager-1.4.0-SNAPSHOT.jar:?]
	at org.apache.hadoop.ozone.protocolPB.OzoneManagerRequestHandler.handleWriteRequest(OzoneManagerRequestHandler.java:337) ~[ozone-manager-1.4.0-SNAPSHOT.jar:?]
	at org.apache.hadoop.ozone.om.ratis.OzoneManagerStateMachine.runCommand(OzoneManagerStateMachine.java:533) ~[ozone-manager-1.4.0-SNAPSHOT.jar:?]
	at org.apache.hadoop.ozone.om.ratis.OzoneManagerStateMachine.lambda$1(OzoneManagerStateMachine.java:324) ~[ozone-manager-1.4.0-SNAPSHOT.jar:?]
	at java.util.concurrent.CompletableFuture$AsyncSupply.run(CompletableFuture.java:1604) [?:1.8.0_362]
	at java.util.concurrent.ThreadPoolExecutor.runWorker(ThreadPoolExecutor.java:1149) [?:1.8.0_362]
	at java.util.concurrent.ThreadPoolExecutor$Worker.run(ThreadPoolExecutor.java:624) [?:1.8.0_362]
	at java.lang.Thread.run(Thread.java:750) [?:1.8.0_362]
2023-03-29 22:47:40,748 [OM StateMachine ApplyTransaction Thread - 0] ERROR key.OMKeyDeleteRequest (OMKeyDeleteRequest.java:validateAndUpdateCache(207)) - Key delete failed. Volume:volume85177, Bucket:bucket13732, Key:dir1.
KEY_NOT_FOUND org.apache.hadoop.ozone.om.exceptions.OMException: Key not found
	at org.apache.hadoop.ozone.om.request.key.OMKeyDeleteRequest.validateAndUpdateCache(OMKeyDeleteRequest.java:151)
	at org.apache.hadoop.ozone.om.request.key.OMKeyDeleteRequest.validateAndUpdateCache(OMKeyDeleteRequest.java:97)
	at org.apache.hadoop.ozone.protocolPB.OzoneManagerRequestHandler.handleWriteRequest(OzoneManagerRequestHandler.java:337)
	at org.apache.hadoop.ozone.om.ratis.OzoneManagerStateMachine.runCommand(OzoneManagerStateMachine.java:533)
	at org.apache.hadoop.ozone.om.ratis.OzoneManagerStateMachine.lambda$1(OzoneManagerStateMachine.java:324)
	at java.util.concurrent.CompletableFuture$AsyncSupply.run(CompletableFuture.java:1604)
	at java.util.concurrent.ThreadPoolExecutor.runWorker(ThreadPoolExecutor.java:1149)
	at java.util.concurrent.ThreadPoolExecutor$Worker.run(ThreadPoolExecutor.java:624)
	at java.lang.Thread.run(Thread.java:750)
22:47:40.748 [OM StateMachine ApplyTransaction Thread - 0] ERROR OMAudit - user=runner | ip=127.0.0.1 | op=DELETE_KEY {volume=volume85177, bucket=bucket13732, key=dir1, dataSize=0, replicationType=NONE, replicationFactor=ZERO} | ret=FAILURE
org.apache.hadoop.ozone.om.exceptions.OMException: Key not found
	at org.apache.hadoop.ozone.om.request.key.OMKeyDeleteRequest.validateAndUpdateCache(OMKeyDeleteRequest.java:151) ~[ozone-manager-1.4.0-SNAPSHOT.jar:?]
	at org.apache.hadoop.ozone.om.request.key.OMKeyDeleteRequest.validateAndUpdateCache(OMKeyDeleteRequest.java:97) ~[ozone-manager-1.4.0-SNAPSHOT.jar:?]
	at org.apache.hadoop.ozone.protocolPB.OzoneManagerRequestHandler.handleWriteRequest(OzoneManagerRequestHandler.java:337) ~[ozone-manager-1.4.0-SNAPSHOT.jar:?]
	at org.apache.hadoop.ozone.om.ratis.OzoneManagerStateMachine.runCommand(OzoneManagerStateMachine.java:533) ~[ozone-manager-1.4.0-SNAPSHOT.jar:?]
	at org.apache.hadoop.ozone.om.ratis.OzoneManagerStateMachine.lambda$1(OzoneManagerStateMachine.java:324) ~[ozone-manager-1.4.0-SNAPSHOT.jar:?]
	at java.util.concurrent.CompletableFuture$AsyncSupply.run(CompletableFuture.java:1604) [?:1.8.0_362]
	at java.util.concurrent.ThreadPoolExecutor.runWorker(ThreadPoolExecutor.java:1149) [?:1.8.0_362]
	at java.util.concurrent.ThreadPoolExecutor$Worker.run(ThreadPoolExecutor.java:624) [?:1.8.0_362]
	at java.lang.Thread.run(Thread.java:750) [?:1.8.0_362]
2023-03-29 22:47:40,748 [OM StateMachine ApplyTransaction Thread - 0] ERROR key.OMKeyDeleteRequest (OMKeyDeleteRequest.java:validateAndUpdateCache(207)) - Key delete failed. Volume:volume85177, Bucket:bucket13732, Key:dir1.
KEY_NOT_FOUND org.apache.hadoop.ozone.om.exceptions.OMException: Key not found
	at org.apache.hadoop.ozone.om.request.key.OMKeyDeleteRequest.validateAndUpdateCache(OMKeyDeleteRequest.java:151)
	at org.apache.hadoop.ozone.om.request.key.OMKeyDeleteRequest.validateAndUpdateCache(OMKeyDeleteRequest.java:97)
	at org.apache.hadoop.ozone.protocolPB.OzoneManagerRequestHandler.handleWriteRequest(OzoneManagerRequestHandler.java:337)
	at org.apache.hadoop.ozone.om.ratis.OzoneManagerStateMachine.runCommand(OzoneManagerStateMachine.java:533)
	at org.apache.hadoop.ozone.om.ratis.OzoneManagerStateMachine.lambda$1(OzoneManagerStateMachine.java:324)
	at java.util.concurrent.CompletableFuture$AsyncSupply.run(CompletableFuture.java:1604)
	at java.util.concurrent.ThreadPoolExecutor.runWorker(ThreadPoolExecutor.java:1149)
	at java.util.concurrent.ThreadPoolExecutor$Worker.run(ThreadPoolExecutor.java:624)
	at java.lang.Thread.run(Thread.java:750)
]]></system-out>
  </testcase>
  <testcase name="testSnapDiffNoSnapshot" classname="TestOmSnapshot" time="1.071">
    <system-out><![CDATA[2023-03-29 22:45:31,411 [Time-limited test] INFO  rpc.RpcClient (RpcClient.java:createVolume(476)) - Creating Volume: vol-21946, with runner as owner and space quota set to -1 bytes, counts quota set to -1
2023-03-29 22:45:31,415 [OM StateMachine ApplyTransaction Thread - 0] INFO  volume.OMVolumeCreateRequest (OMVolumeCreateRequest.java:validateAndUpdateCache(195)) - created volume:vol-21946 for user:runner
2023-03-29 22:45:31,418 [OM StateMachine ApplyTransaction Thread - 0] INFO  volume.OMVolumeCreateRequest (OMVolumeCreateRequest.java:validateAndUpdateCache(195)) - created volume:vol-21946 for user:runner
2023-03-29 22:45:31,419 [OM StateMachine ApplyTransaction Thread - 0] INFO  volume.OMVolumeCreateRequest (OMVolumeCreateRequest.java:validateAndUpdateCache(195)) - created volume:vol-21946 for user:runner
2023-03-29 22:45:31,420 [Time-limited test] INFO  rpc.RpcClient (RpcClient.java:createBucket(698)) - Creating Bucket: vol-21946/buck-76223, with server-side default bucket layout, runner as owner, Versioning false, Storage Type set to DISK and Encryption set to false, Replication Type set to server-side default replication type, Namespace Quota set to -1, Space Quota set to -1 
2023-03-29 22:45:31,422 [OM StateMachine ApplyTransaction Thread - 0] INFO  bucket.OMBucketCreateRequest (OMBucketCreateRequest.java:validateAndUpdateCache(262)) - created bucket: buck-76223 of layout OBJECT_STORE in volume: vol-21946
2023-03-29 22:45:31,425 [OM StateMachine ApplyTransaction Thread - 0] INFO  bucket.OMBucketCreateRequest (OMBucketCreateRequest.java:validateAndUpdateCache(262)) - created bucket: buck-76223 of layout OBJECT_STORE in volume: vol-21946
2023-03-29 22:45:31,430 [OM StateMachine ApplyTransaction Thread - 0] INFO  bucket.OMBucketCreateRequest (OMBucketCreateRequest.java:validateAndUpdateCache(262)) - created bucket: buck-76223 of layout OBJECT_STORE in volume: vol-21946
2023-03-29 22:45:31,472 [OM StateMachine ApplyTransaction Thread - 0] INFO  snapshot.OMSnapshotCreateRequest (OMSnapshotCreateRequest.java:validateAndUpdateCache(204)) - Created snapshot 'snap03220' under path 'vol-21946/buck-76223'
2023-03-29 22:45:31,473 [OM StateMachine ApplyTransaction Thread - 0] INFO  snapshot.OMSnapshotCreateRequest (OMSnapshotCreateRequest.java:validateAndUpdateCache(204)) - Created snapshot 'snap03220' under path 'vol-21946/buck-76223'
2023-03-29 22:45:31,475 [OM StateMachine ApplyTransaction Thread - 0] INFO  snapshot.OMSnapshotCreateRequest (OMSnapshotCreateRequest.java:validateAndUpdateCache(204)) - Created snapshot 'snap03220' under path 'vol-21946/buck-76223'
2023-03-29 22:45:31,546 [OMDoubleBufferFlushThread] INFO  db.RDBCheckpointManager (RDBCheckpointManager.java:createCheckpoint(96)) - Created checkpoint in rocksDB at /home/runner/work/ozone/ozone/hadoop-ozone/integration-test/target/test-dir/MiniOzoneClusterImpl-bcbc84c2-519e-42a0-a817-fd35ffaa666a/omNode-1/db.snapshots/om.db-f59250f7-23fa-412f-b4f8-852b32bd5a4e in 72 milliseconds
2023-03-29 22:45:31,547 [OMDoubleBufferFlushThread] INFO  db.RDBCheckpointManager (RDBCheckpointManager.java:createCheckpoint(96)) - Created checkpoint in rocksDB at /home/runner/work/ozone/ozone/hadoop-ozone/integration-test/target/test-dir/MiniOzoneClusterImpl-bcbc84c2-519e-42a0-a817-fd35ffaa666a/omNode-3/db.snapshots/om.db-f59250f7-23fa-412f-b4f8-852b32bd5a4e in 70 milliseconds
2023-03-29 22:45:31,548 [OMDoubleBufferFlushThread] INFO  db.RDBCheckpointManager (RDBCheckpointManager.java:createCheckpoint(96)) - Created checkpoint in rocksDB at /home/runner/work/ozone/ozone/hadoop-ozone/integration-test/target/test-dir/MiniOzoneClusterImpl-bcbc84c2-519e-42a0-a817-fd35ffaa666a/omNode-2/db.snapshots/om.db-f59250f7-23fa-412f-b4f8-852b32bd5a4e in 71 milliseconds
2023-03-29 22:45:31,548 [OMDoubleBufferFlushThread] INFO  db.RDBCheckpointManager (RDBCheckpointManager.java:waitForCheckpointDirectoryExist(125)) - Waited for 2 milliseconds for checkpoint directory /home/runner/work/ozone/ozone/hadoop-ozone/integration-test/target/test-dir/MiniOzoneClusterImpl-bcbc84c2-519e-42a0-a817-fd35ffaa666a/omNode-1/db.snapshots/om.db-f59250f7-23fa-412f-b4f8-852b32bd5a4e availability.
2023-03-29 22:45:31,549 [OMDoubleBufferFlushThread] WARN  om.OmSnapshotManager (OmSnapshotManager.java:deleteKeysInSnapshotScopeFromDTableInternal(396)) - Took 574034 ns to clean up deletedTable
2023-03-29 22:45:31,549 [OMDoubleBufferFlushThread] INFO  om.OmSnapshotManager (OmSnapshotManager.java:createOmSnapshotCheckpoint(317)) - Created checkpoint : /home/runner/work/ozone/ozone/hadoop-ozone/integration-test/target/test-dir/MiniOzoneClusterImpl-bcbc84c2-519e-42a0-a817-fd35ffaa666a/omNode-1/db.snapshots/om.db-f59250f7-23fa-412f-b4f8-852b32bd5a4e for snapshot snap03220
2023-03-29 22:45:31,550 [OMDoubleBufferFlushThread] INFO  db.RDBCheckpointManager (RDBCheckpointManager.java:waitForCheckpointDirectoryExist(125)) - Waited for 3 milliseconds for checkpoint directory /home/runner/work/ozone/ozone/hadoop-ozone/integration-test/target/test-dir/MiniOzoneClusterImpl-bcbc84c2-519e-42a0-a817-fd35ffaa666a/omNode-3/db.snapshots/om.db-f59250f7-23fa-412f-b4f8-852b32bd5a4e availability.
2023-03-29 22:45:31,550 [OMDoubleBufferFlushThread] WARN  om.OmSnapshotManager (OmSnapshotManager.java:deleteKeysInSnapshotScopeFromDTableInternal(396)) - Took 516931 ns to clean up deletedTable
2023-03-29 22:45:31,550 [OMDoubleBufferFlushThread] INFO  om.OmSnapshotManager (OmSnapshotManager.java:createOmSnapshotCheckpoint(317)) - Created checkpoint : /home/runner/work/ozone/ozone/hadoop-ozone/integration-test/target/test-dir/MiniOzoneClusterImpl-bcbc84c2-519e-42a0-a817-fd35ffaa666a/omNode-3/db.snapshots/om.db-f59250f7-23fa-412f-b4f8-852b32bd5a4e for snapshot snap03220
2023-03-29 22:45:31,551 [OMDoubleBufferFlushThread] INFO  db.RDBCheckpointManager (RDBCheckpointManager.java:waitForCheckpointDirectoryExist(125)) - Waited for 3 milliseconds for checkpoint directory /home/runner/work/ozone/ozone/hadoop-ozone/integration-test/target/test-dir/MiniOzoneClusterImpl-bcbc84c2-519e-42a0-a817-fd35ffaa666a/omNode-2/db.snapshots/om.db-f59250f7-23fa-412f-b4f8-852b32bd5a4e availability.
2023-03-29 22:45:31,552 [OMDoubleBufferFlushThread] WARN  om.OmSnapshotManager (OmSnapshotManager.java:deleteKeysInSnapshotScopeFromDTableInternal(396)) - Took 516030 ns to clean up deletedTable
2023-03-29 22:45:31,552 [OMDoubleBufferFlushThread] INFO  om.OmSnapshotManager (OmSnapshotManager.java:createOmSnapshotCheckpoint(317)) - Created checkpoint : /home/runner/work/ozone/ozone/hadoop-ozone/integration-test/target/test-dir/MiniOzoneClusterImpl-bcbc84c2-519e-42a0-a817-fd35ffaa666a/omNode-2/db.snapshots/om.db-f59250f7-23fa-412f-b4f8-852b32bd5a4e for snapshot snap03220
]]></system-out>
  </testcase>
  <testcase name="testSnapDiffNoSnapshot" classname="TestOmSnapshot" time="1.077">
    <system-out><![CDATA[2023-03-29 22:46:37,010 [Time-limited test] INFO  rpc.RpcClient (RpcClient.java:createVolume(476)) - Creating Volume: vol-88092, with runner as owner and space quota set to -1 bytes, counts quota set to -1
2023-03-29 22:46:37,012 [OM StateMachine ApplyTransaction Thread - 0] INFO  volume.OMVolumeCreateRequest (OMVolumeCreateRequest.java:validateAndUpdateCache(195)) - created volume:vol-88092 for user:runner
2023-03-29 22:46:37,014 [OM StateMachine ApplyTransaction Thread - 0] INFO  volume.OMVolumeCreateRequest (OMVolumeCreateRequest.java:validateAndUpdateCache(195)) - created volume:vol-88092 for user:runner
2023-03-29 22:46:37,014 [OM StateMachine ApplyTransaction Thread - 0] INFO  volume.OMVolumeCreateRequest (OMVolumeCreateRequest.java:validateAndUpdateCache(195)) - created volume:vol-88092 for user:runner
2023-03-29 22:46:37,016 [Time-limited test] INFO  rpc.RpcClient (RpcClient.java:createBucket(698)) - Creating Bucket: vol-88092/buck-00665, with server-side default bucket layout, runner as owner, Versioning false, Storage Type set to DISK and Encryption set to false, Replication Type set to server-side default replication type, Namespace Quota set to -1, Space Quota set to -1 
2023-03-29 22:46:37,018 [OM StateMachine ApplyTransaction Thread - 0] INFO  bucket.OMBucketCreateRequest (OMBucketCreateRequest.java:validateAndUpdateCache(262)) - created bucket: buck-00665 of layout FILE_SYSTEM_OPTIMIZED in volume: vol-88092
2023-03-29 22:46:37,020 [OM StateMachine ApplyTransaction Thread - 0] INFO  bucket.OMBucketCreateRequest (OMBucketCreateRequest.java:validateAndUpdateCache(262)) - created bucket: buck-00665 of layout FILE_SYSTEM_OPTIMIZED in volume: vol-88092
2023-03-29 22:46:37,021 [OM StateMachine ApplyTransaction Thread - 0] INFO  bucket.OMBucketCreateRequest (OMBucketCreateRequest.java:validateAndUpdateCache(262)) - created bucket: buck-00665 of layout FILE_SYSTEM_OPTIMIZED in volume: vol-88092
2023-03-29 22:46:37,079 [OM StateMachine ApplyTransaction Thread - 0] INFO  snapshot.OMSnapshotCreateRequest (OMSnapshotCreateRequest.java:validateAndUpdateCache(204)) - Created snapshot 'snap84783' under path 'vol-88092/buck-00665'
2023-03-29 22:46:37,081 [OM StateMachine ApplyTransaction Thread - 0] INFO  snapshot.OMSnapshotCreateRequest (OMSnapshotCreateRequest.java:validateAndUpdateCache(204)) - Created snapshot 'snap84783' under path 'vol-88092/buck-00665'
2023-03-29 22:46:37,081 [OM StateMachine ApplyTransaction Thread - 0] INFO  snapshot.OMSnapshotCreateRequest (OMSnapshotCreateRequest.java:validateAndUpdateCache(204)) - Created snapshot 'snap84783' under path 'vol-88092/buck-00665'
2023-03-29 22:46:37,144 [OMDoubleBufferFlushThread] INFO  db.RDBCheckpointManager (RDBCheckpointManager.java:createCheckpoint(96)) - Created checkpoint in rocksDB at /home/runner/work/ozone/ozone/hadoop-ozone/integration-test/target/test-dir/MiniOzoneClusterImpl-8ae17f6e-7b8d-4fcc-9253-feb95f7e1717/omNode-1/db.snapshots/om.db-3abc2ee9-5bdd-4d18-806f-d70373c7bb83 in 63 milliseconds
2023-03-29 22:46:37,145 [OMDoubleBufferFlushThread] INFO  db.RDBCheckpointManager (RDBCheckpointManager.java:waitForCheckpointDirectoryExist(125)) - Waited for 1 milliseconds for checkpoint directory /home/runner/work/ozone/ozone/hadoop-ozone/integration-test/target/test-dir/MiniOzoneClusterImpl-8ae17f6e-7b8d-4fcc-9253-feb95f7e1717/omNode-1/db.snapshots/om.db-3abc2ee9-5bdd-4d18-806f-d70373c7bb83 availability.
2023-03-29 22:46:37,146 [OMDoubleBufferFlushThread] WARN  om.OmSnapshotManager (OmSnapshotManager.java:deleteKeysInSnapshotScopeFromDTableInternal(396)) - Took 556833 ns to clean up deletedTable
2023-03-29 22:46:37,147 [OMDoubleBufferFlushThread] INFO  om.OmSnapshotManager (OmSnapshotManager.java:createOmSnapshotCheckpoint(317)) - Created checkpoint : /home/runner/work/ozone/ozone/hadoop-ozone/integration-test/target/test-dir/MiniOzoneClusterImpl-8ae17f6e-7b8d-4fcc-9253-feb95f7e1717/omNode-1/db.snapshots/om.db-3abc2ee9-5bdd-4d18-806f-d70373c7bb83 for snapshot snap84783
2023-03-29 22:46:37,163 [OMDoubleBufferFlushThread] INFO  db.RDBCheckpointManager (RDBCheckpointManager.java:createCheckpoint(96)) - Created checkpoint in rocksDB at /home/runner/work/ozone/ozone/hadoop-ozone/integration-test/target/test-dir/MiniOzoneClusterImpl-8ae17f6e-7b8d-4fcc-9253-feb95f7e1717/omNode-3/db.snapshots/om.db-3abc2ee9-5bdd-4d18-806f-d70373c7bb83 in 77 milliseconds
2023-03-29 22:46:37,163 [OMDoubleBufferFlushThread] INFO  db.RDBCheckpointManager (RDBCheckpointManager.java:createCheckpoint(96)) - Created checkpoint in rocksDB at /home/runner/work/ozone/ozone/hadoop-ozone/integration-test/target/test-dir/MiniOzoneClusterImpl-8ae17f6e-7b8d-4fcc-9253-feb95f7e1717/omNode-2/db.snapshots/om.db-3abc2ee9-5bdd-4d18-806f-d70373c7bb83 in 77 milliseconds
2023-03-29 22:46:37,164 [OMDoubleBufferFlushThread] INFO  db.RDBCheckpointManager (RDBCheckpointManager.java:waitForCheckpointDirectoryExist(125)) - Waited for 1 milliseconds for checkpoint directory /home/runner/work/ozone/ozone/hadoop-ozone/integration-test/target/test-dir/MiniOzoneClusterImpl-8ae17f6e-7b8d-4fcc-9253-feb95f7e1717/omNode-2/db.snapshots/om.db-3abc2ee9-5bdd-4d18-806f-d70373c7bb83 availability.
2023-03-29 22:46:37,164 [OMDoubleBufferFlushThread] INFO  db.RDBCheckpointManager (RDBCheckpointManager.java:waitForCheckpointDirectoryExist(125)) - Waited for 1 milliseconds for checkpoint directory /home/runner/work/ozone/ozone/hadoop-ozone/integration-test/target/test-dir/MiniOzoneClusterImpl-8ae17f6e-7b8d-4fcc-9253-feb95f7e1717/omNode-3/db.snapshots/om.db-3abc2ee9-5bdd-4d18-806f-d70373c7bb83 availability.
2023-03-29 22:46:37,164 [OMDoubleBufferFlushThread] WARN  om.OmSnapshotManager (OmSnapshotManager.java:deleteKeysInSnapshotScopeFromDTableInternal(396)) - Took 501930 ns to clean up deletedTable
2023-03-29 22:46:37,165 [OMDoubleBufferFlushThread] WARN  om.OmSnapshotManager (OmSnapshotManager.java:deleteKeysInSnapshotScopeFromDTableInternal(396)) - Took 493630 ns to clean up deletedTable
2023-03-29 22:46:37,165 [OMDoubleBufferFlushThread] INFO  om.OmSnapshotManager (OmSnapshotManager.java:createOmSnapshotCheckpoint(317)) - Created checkpoint : /home/runner/work/ozone/ozone/hadoop-ozone/integration-test/target/test-dir/MiniOzoneClusterImpl-8ae17f6e-7b8d-4fcc-9253-feb95f7e1717/omNode-2/db.snapshots/om.db-3abc2ee9-5bdd-4d18-806f-d70373c7bb83 for snapshot snap84783
2023-03-29 22:46:37,165 [OMDoubleBufferFlushThread] INFO  om.OmSnapshotManager (OmSnapshotManager.java:createOmSnapshotCheckpoint(317)) - Created checkpoint : /home/runner/work/ozone/ozone/hadoop-ozone/integration-test/target/test-dir/MiniOzoneClusterImpl-8ae17f6e-7b8d-4fcc-9253-feb95f7e1717/omNode-3/db.snapshots/om.db-3abc2ee9-5bdd-4d18-806f-d70373c7bb83 for snapshot snap84783
]]></system-out>
  </testcase>
  <testcase name="testSnapDiffNoSnapshot" classname="TestOmSnapshot" time="1.055">
    <system-out><![CDATA[2023-03-29 22:47:40,835 [Time-limited test] INFO  rpc.RpcClient (RpcClient.java:createVolume(476)) - Creating Volume: vol-90619, with runner as owner and space quota set to -1 bytes, counts quota set to -1
2023-03-29 22:47:40,837 [OM StateMachine ApplyTransaction Thread - 0] INFO  volume.OMVolumeCreateRequest (OMVolumeCreateRequest.java:validateAndUpdateCache(195)) - created volume:vol-90619 for user:runner
2023-03-29 22:47:40,839 [OM StateMachine ApplyTransaction Thread - 0] INFO  volume.OMVolumeCreateRequest (OMVolumeCreateRequest.java:validateAndUpdateCache(195)) - created volume:vol-90619 for user:runner
2023-03-29 22:47:40,839 [OM StateMachine ApplyTransaction Thread - 0] INFO  volume.OMVolumeCreateRequest (OMVolumeCreateRequest.java:validateAndUpdateCache(195)) - created volume:vol-90619 for user:runner
2023-03-29 22:47:40,839 [Time-limited test] INFO  rpc.RpcClient (RpcClient.java:createBucket(698)) - Creating Bucket: vol-90619/buck-16996, with server-side default bucket layout, runner as owner, Versioning false, Storage Type set to DISK and Encryption set to false, Replication Type set to server-side default replication type, Namespace Quota set to -1, Space Quota set to -1 
2023-03-29 22:47:40,842 [OM StateMachine ApplyTransaction Thread - 0] INFO  bucket.OMBucketCreateRequest (OMBucketCreateRequest.java:validateAndUpdateCache(262)) - created bucket: buck-16996 of layout LEGACY in volume: vol-90619
2023-03-29 22:47:40,843 [OM StateMachine ApplyTransaction Thread - 0] INFO  bucket.OMBucketCreateRequest (OMBucketCreateRequest.java:validateAndUpdateCache(262)) - created bucket: buck-16996 of layout LEGACY in volume: vol-90619
2023-03-29 22:47:40,844 [OM StateMachine ApplyTransaction Thread - 0] INFO  bucket.OMBucketCreateRequest (OMBucketCreateRequest.java:validateAndUpdateCache(262)) - created bucket: buck-16996 of layout LEGACY in volume: vol-90619
2023-03-29 22:47:40,867 [OM StateMachine ApplyTransaction Thread - 0] INFO  snapshot.OMSnapshotCreateRequest (OMSnapshotCreateRequest.java:validateAndUpdateCache(204)) - Created snapshot 'snap07241' under path 'vol-90619/buck-16996'
2023-03-29 22:47:40,871 [OM StateMachine ApplyTransaction Thread - 0] INFO  snapshot.OMSnapshotCreateRequest (OMSnapshotCreateRequest.java:validateAndUpdateCache(204)) - Created snapshot 'snap07241' under path 'vol-90619/buck-16996'
2023-03-29 22:47:40,872 [OM StateMachine ApplyTransaction Thread - 0] INFO  snapshot.OMSnapshotCreateRequest (OMSnapshotCreateRequest.java:validateAndUpdateCache(204)) - Created snapshot 'snap07241' under path 'vol-90619/buck-16996'
2023-03-29 22:47:40,932 [OMDoubleBufferFlushThread] INFO  db.RDBCheckpointManager (RDBCheckpointManager.java:createCheckpoint(96)) - Created checkpoint in rocksDB at /home/runner/work/ozone/ozone/hadoop-ozone/integration-test/target/test-dir/MiniOzoneClusterImpl-bfbd9018-35f1-41c4-9115-0ebbd4040a15/omNode-1/db.snapshots/om.db-ec2c9c7c-d65a-413d-a6ba-3d6346af6505 in 60 milliseconds
2023-03-29 22:47:40,934 [OMDoubleBufferFlushThread] INFO  db.RDBCheckpointManager (RDBCheckpointManager.java:waitForCheckpointDirectoryExist(125)) - Waited for 0 milliseconds for checkpoint directory /home/runner/work/ozone/ozone/hadoop-ozone/integration-test/target/test-dir/MiniOzoneClusterImpl-bfbd9018-35f1-41c4-9115-0ebbd4040a15/omNode-1/db.snapshots/om.db-ec2c9c7c-d65a-413d-a6ba-3d6346af6505 availability.
2023-03-29 22:47:40,935 [OMDoubleBufferFlushThread] WARN  om.OmSnapshotManager (OmSnapshotManager.java:deleteKeysInSnapshotScopeFromDTableInternal(396)) - Took 500429 ns to clean up deletedTable
2023-03-29 22:47:40,935 [OMDoubleBufferFlushThread] INFO  om.OmSnapshotManager (OmSnapshotManager.java:createOmSnapshotCheckpoint(317)) - Created checkpoint : /home/runner/work/ozone/ozone/hadoop-ozone/integration-test/target/test-dir/MiniOzoneClusterImpl-bfbd9018-35f1-41c4-9115-0ebbd4040a15/omNode-1/db.snapshots/om.db-ec2c9c7c-d65a-413d-a6ba-3d6346af6505 for snapshot snap07241
2023-03-29 22:47:40,938 [OMDoubleBufferFlushThread] INFO  db.RDBCheckpointManager (RDBCheckpointManager.java:createCheckpoint(96)) - Created checkpoint in rocksDB at /home/runner/work/ozone/ozone/hadoop-ozone/integration-test/target/test-dir/MiniOzoneClusterImpl-bfbd9018-35f1-41c4-9115-0ebbd4040a15/omNode-2/db.snapshots/om.db-ec2c9c7c-d65a-413d-a6ba-3d6346af6505 in 65 milliseconds
2023-03-29 22:47:40,939 [OMDoubleBufferFlushThread] INFO  db.RDBCheckpointManager (RDBCheckpointManager.java:waitForCheckpointDirectoryExist(125)) - Waited for 1 milliseconds for checkpoint directory /home/runner/work/ozone/ozone/hadoop-ozone/integration-test/target/test-dir/MiniOzoneClusterImpl-bfbd9018-35f1-41c4-9115-0ebbd4040a15/omNode-2/db.snapshots/om.db-ec2c9c7c-d65a-413d-a6ba-3d6346af6505 availability.
2023-03-29 22:47:40,939 [OMDoubleBufferFlushThread] WARN  om.OmSnapshotManager (OmSnapshotManager.java:deleteKeysInSnapshotScopeFromDTableInternal(396)) - Took 476227 ns to clean up deletedTable
2023-03-29 22:47:40,940 [OMDoubleBufferFlushThread] INFO  om.OmSnapshotManager (OmSnapshotManager.java:createOmSnapshotCheckpoint(317)) - Created checkpoint : /home/runner/work/ozone/ozone/hadoop-ozone/integration-test/target/test-dir/MiniOzoneClusterImpl-bfbd9018-35f1-41c4-9115-0ebbd4040a15/omNode-2/db.snapshots/om.db-ec2c9c7c-d65a-413d-a6ba-3d6346af6505 for snapshot snap07241
2023-03-29 22:47:40,946 [OMDoubleBufferFlushThread] INFO  db.RDBCheckpointManager (RDBCheckpointManager.java:createCheckpoint(96)) - Created checkpoint in rocksDB at /home/runner/work/ozone/ozone/hadoop-ozone/integration-test/target/test-dir/MiniOzoneClusterImpl-bfbd9018-35f1-41c4-9115-0ebbd4040a15/omNode-3/db.snapshots/om.db-ec2c9c7c-d65a-413d-a6ba-3d6346af6505 in 71 milliseconds
2023-03-29 22:47:40,947 [OMDoubleBufferFlushThread] INFO  db.RDBCheckpointManager (RDBCheckpointManager.java:waitForCheckpointDirectoryExist(125)) - Waited for 1 milliseconds for checkpoint directory /home/runner/work/ozone/ozone/hadoop-ozone/integration-test/target/test-dir/MiniOzoneClusterImpl-bfbd9018-35f1-41c4-9115-0ebbd4040a15/omNode-3/db.snapshots/om.db-ec2c9c7c-d65a-413d-a6ba-3d6346af6505 availability.
2023-03-29 22:47:40,947 [OMDoubleBufferFlushThread] WARN  om.OmSnapshotManager (OmSnapshotManager.java:deleteKeysInSnapshotScopeFromDTableInternal(396)) - Took 540031 ns to clean up deletedTable
2023-03-29 22:47:40,948 [OMDoubleBufferFlushThread] INFO  om.OmSnapshotManager (OmSnapshotManager.java:createOmSnapshotCheckpoint(317)) - Created checkpoint : /home/runner/work/ozone/ozone/hadoop-ozone/integration-test/target/test-dir/MiniOzoneClusterImpl-bfbd9018-35f1-41c4-9115-0ebbd4040a15/omNode-3/db.snapshots/om.db-ec2c9c7c-d65a-413d-a6ba-3d6346af6505 for snapshot snap07241
]]></system-out>
  </testcase>
  <testcase name="testDeleteSnapshotMissingMandatoryParams" classname="TestOmSnapshot" time="1.055">
    <system-out><![CDATA[2023-03-29 22:45:32,484 [Time-limited test] INFO  rpc.RpcClient (RpcClient.java:createVolume(476)) - Creating Volume: vol-11252, with runner as owner and space quota set to -1 bytes, counts quota set to -1
2023-03-29 22:45:32,488 [OM StateMachine ApplyTransaction Thread - 0] INFO  volume.OMVolumeCreateRequest (OMVolumeCreateRequest.java:validateAndUpdateCache(195)) - created volume:vol-11252 for user:runner
2023-03-29 22:45:32,490 [OM StateMachine ApplyTransaction Thread - 0] INFO  volume.OMVolumeCreateRequest (OMVolumeCreateRequest.java:validateAndUpdateCache(195)) - created volume:vol-11252 for user:runner
2023-03-29 22:45:32,491 [OM StateMachine ApplyTransaction Thread - 0] INFO  volume.OMVolumeCreateRequest (OMVolumeCreateRequest.java:validateAndUpdateCache(195)) - created volume:vol-11252 for user:runner
2023-03-29 22:45:32,491 [Time-limited test] INFO  rpc.RpcClient (RpcClient.java:createBucket(698)) - Creating Bucket: vol-11252/buck-52221, with server-side default bucket layout, runner as owner, Versioning false, Storage Type set to DISK and Encryption set to false, Replication Type set to server-side default replication type, Namespace Quota set to -1, Space Quota set to -1 
2023-03-29 22:45:32,495 [OM StateMachine ApplyTransaction Thread - 0] INFO  bucket.OMBucketCreateRequest (OMBucketCreateRequest.java:validateAndUpdateCache(262)) - created bucket: buck-52221 of layout OBJECT_STORE in volume: vol-11252
2023-03-29 22:45:32,496 [OM StateMachine ApplyTransaction Thread - 0] INFO  bucket.OMBucketCreateRequest (OMBucketCreateRequest.java:validateAndUpdateCache(262)) - created bucket: buck-52221 of layout OBJECT_STORE in volume: vol-11252
2023-03-29 22:45:32,496 [OM StateMachine ApplyTransaction Thread - 0] INFO  bucket.OMBucketCreateRequest (OMBucketCreateRequest.java:validateAndUpdateCache(262)) - created bucket: buck-52221 of layout OBJECT_STORE in volume: vol-11252
2023-03-29 22:45:32,532 [OM StateMachine ApplyTransaction Thread - 0] INFO  snapshot.OMSnapshotCreateRequest (OMSnapshotCreateRequest.java:validateAndUpdateCache(204)) - Created snapshot 'snap59742' under path 'vol-11252/buck-52221'
2023-03-29 22:45:32,533 [OM StateMachine ApplyTransaction Thread - 0] INFO  snapshot.OMSnapshotCreateRequest (OMSnapshotCreateRequest.java:validateAndUpdateCache(204)) - Created snapshot 'snap59742' under path 'vol-11252/buck-52221'
2023-03-29 22:45:32,534 [OM StateMachine ApplyTransaction Thread - 0] INFO  snapshot.OMSnapshotCreateRequest (OMSnapshotCreateRequest.java:validateAndUpdateCache(204)) - Created snapshot 'snap59742' under path 'vol-11252/buck-52221'
2023-03-29 22:45:32,579 [OMDoubleBufferFlushThread] INFO  db.RDBCheckpointManager (RDBCheckpointManager.java:createCheckpoint(96)) - Created checkpoint in rocksDB at /home/runner/work/ozone/ozone/hadoop-ozone/integration-test/target/test-dir/MiniOzoneClusterImpl-bcbc84c2-519e-42a0-a817-fd35ffaa666a/omNode-3/db.snapshots/om.db-fb78b8a0-f8df-4165-9e83-8d9cf8072cb6 in 43 milliseconds
2023-03-29 22:45:32,580 [OMDoubleBufferFlushThread] INFO  db.RDBCheckpointManager (RDBCheckpointManager.java:waitForCheckpointDirectoryExist(125)) - Waited for 0 milliseconds for checkpoint directory /home/runner/work/ozone/ozone/hadoop-ozone/integration-test/target/test-dir/MiniOzoneClusterImpl-bcbc84c2-519e-42a0-a817-fd35ffaa666a/omNode-3/db.snapshots/om.db-fb78b8a0-f8df-4165-9e83-8d9cf8072cb6 availability.
2023-03-29 22:45:32,581 [OMDoubleBufferFlushThread] WARN  om.OmSnapshotManager (OmSnapshotManager.java:deleteKeysInSnapshotScopeFromDTableInternal(396)) - Took 590635 ns to clean up deletedTable
2023-03-29 22:45:32,581 [OMDoubleBufferFlushThread] INFO  om.OmSnapshotManager (OmSnapshotManager.java:createOmSnapshotCheckpoint(317)) - Created checkpoint : /home/runner/work/ozone/ozone/hadoop-ozone/integration-test/target/test-dir/MiniOzoneClusterImpl-bcbc84c2-519e-42a0-a817-fd35ffaa666a/omNode-3/db.snapshots/om.db-fb78b8a0-f8df-4165-9e83-8d9cf8072cb6 for snapshot snap59742
2023-03-29 22:45:32,589 [OMDoubleBufferFlushThread] INFO  db.RDBCheckpointManager (RDBCheckpointManager.java:createCheckpoint(96)) - Created checkpoint in rocksDB at /home/runner/work/ozone/ozone/hadoop-ozone/integration-test/target/test-dir/MiniOzoneClusterImpl-bcbc84c2-519e-42a0-a817-fd35ffaa666a/omNode-2/db.snapshots/om.db-fb78b8a0-f8df-4165-9e83-8d9cf8072cb6 in 52 milliseconds
2023-03-29 22:45:32,589 [OMDoubleBufferFlushThread] INFO  db.RDBCheckpointManager (RDBCheckpointManager.java:createCheckpoint(96)) - Created checkpoint in rocksDB at /home/runner/work/ozone/ozone/hadoop-ozone/integration-test/target/test-dir/MiniOzoneClusterImpl-bcbc84c2-519e-42a0-a817-fd35ffaa666a/omNode-1/db.snapshots/om.db-fb78b8a0-f8df-4165-9e83-8d9cf8072cb6 in 53 milliseconds
2023-03-29 22:45:32,589 [OMDoubleBufferFlushThread] INFO  db.RDBCheckpointManager (RDBCheckpointManager.java:waitForCheckpointDirectoryExist(125)) - Waited for 0 milliseconds for checkpoint directory /home/runner/work/ozone/ozone/hadoop-ozone/integration-test/target/test-dir/MiniOzoneClusterImpl-bcbc84c2-519e-42a0-a817-fd35ffaa666a/omNode-2/db.snapshots/om.db-fb78b8a0-f8df-4165-9e83-8d9cf8072cb6 availability.
2023-03-29 22:45:32,589 [OMDoubleBufferFlushThread] INFO  db.RDBCheckpointManager (RDBCheckpointManager.java:waitForCheckpointDirectoryExist(125)) - Waited for 0 milliseconds for checkpoint directory /home/runner/work/ozone/ozone/hadoop-ozone/integration-test/target/test-dir/MiniOzoneClusterImpl-bcbc84c2-519e-42a0-a817-fd35ffaa666a/omNode-1/db.snapshots/om.db-fb78b8a0-f8df-4165-9e83-8d9cf8072cb6 availability.
2023-03-29 22:45:32,590 [OMDoubleBufferFlushThread] WARN  om.OmSnapshotManager (OmSnapshotManager.java:deleteKeysInSnapshotScopeFromDTableInternal(396)) - Took 673540 ns to clean up deletedTable
2023-03-29 22:45:32,591 [OMDoubleBufferFlushThread] INFO  om.OmSnapshotManager (OmSnapshotManager.java:createOmSnapshotCheckpoint(317)) - Created checkpoint : /home/runner/work/ozone/ozone/hadoop-ozone/integration-test/target/test-dir/MiniOzoneClusterImpl-bcbc84c2-519e-42a0-a817-fd35ffaa666a/omNode-1/db.snapshots/om.db-fb78b8a0-f8df-4165-9e83-8d9cf8072cb6 for snapshot snap59742
2023-03-29 22:45:32,592 [OMDoubleBufferFlushThread] WARN  om.OmSnapshotManager (OmSnapshotManager.java:deleteKeysInSnapshotScopeFromDTableInternal(396)) - Took 2371041 ns to clean up deletedTable
2023-03-29 22:45:32,592 [OMDoubleBufferFlushThread] INFO  om.OmSnapshotManager (OmSnapshotManager.java:createOmSnapshotCheckpoint(317)) - Created checkpoint : /home/runner/work/ozone/ozone/hadoop-ozone/integration-test/target/test-dir/MiniOzoneClusterImpl-bcbc84c2-519e-42a0-a817-fd35ffaa666a/omNode-2/db.snapshots/om.db-fb78b8a0-f8df-4165-9e83-8d9cf8072cb6 for snapshot snap59742
]]></system-out>
  </testcase>
  <testcase name="testDeleteSnapshotMissingMandatoryParams" classname="TestOmSnapshot" time="1.077">
    <system-out><![CDATA[2023-03-29 22:46:38,083 [Time-limited test] INFO  rpc.RpcClient (RpcClient.java:createVolume(476)) - Creating Volume: vol-90647, with runner as owner and space quota set to -1 bytes, counts quota set to -1
2023-03-29 22:46:38,086 [OM StateMachine ApplyTransaction Thread - 0] INFO  volume.OMVolumeCreateRequest (OMVolumeCreateRequest.java:validateAndUpdateCache(195)) - created volume:vol-90647 for user:runner
2023-03-29 22:46:38,088 [OM StateMachine ApplyTransaction Thread - 0] INFO  volume.OMVolumeCreateRequest (OMVolumeCreateRequest.java:validateAndUpdateCache(195)) - created volume:vol-90647 for user:runner
2023-03-29 22:46:38,088 [OM StateMachine ApplyTransaction Thread - 0] INFO  volume.OMVolumeCreateRequest (OMVolumeCreateRequest.java:validateAndUpdateCache(195)) - created volume:vol-90647 for user:runner
2023-03-29 22:46:38,090 [Time-limited test] INFO  rpc.RpcClient (RpcClient.java:createBucket(698)) - Creating Bucket: vol-90647/buck-62333, with server-side default bucket layout, runner as owner, Versioning false, Storage Type set to DISK and Encryption set to false, Replication Type set to server-side default replication type, Namespace Quota set to -1, Space Quota set to -1 
2023-03-29 22:46:38,093 [OM StateMachine ApplyTransaction Thread - 0] INFO  bucket.OMBucketCreateRequest (OMBucketCreateRequest.java:validateAndUpdateCache(262)) - created bucket: buck-62333 of layout FILE_SYSTEM_OPTIMIZED in volume: vol-90647
2023-03-29 22:46:38,096 [OM StateMachine ApplyTransaction Thread - 0] INFO  bucket.OMBucketCreateRequest (OMBucketCreateRequest.java:validateAndUpdateCache(262)) - created bucket: buck-62333 of layout FILE_SYSTEM_OPTIMIZED in volume: vol-90647
2023-03-29 22:46:38,097 [OM StateMachine ApplyTransaction Thread - 0] INFO  bucket.OMBucketCreateRequest (OMBucketCreateRequest.java:validateAndUpdateCache(262)) - created bucket: buck-62333 of layout FILE_SYSTEM_OPTIMIZED in volume: vol-90647
2023-03-29 22:46:38,157 [OM StateMachine ApplyTransaction Thread - 0] INFO  snapshot.OMSnapshotCreateRequest (OMSnapshotCreateRequest.java:validateAndUpdateCache(204)) - Created snapshot 'snap57643' under path 'vol-90647/buck-62333'
2023-03-29 22:46:38,158 [OM StateMachine ApplyTransaction Thread - 0] INFO  snapshot.OMSnapshotCreateRequest (OMSnapshotCreateRequest.java:validateAndUpdateCache(204)) - Created snapshot 'snap57643' under path 'vol-90647/buck-62333'
2023-03-29 22:46:38,158 [OM StateMachine ApplyTransaction Thread - 0] INFO  snapshot.OMSnapshotCreateRequest (OMSnapshotCreateRequest.java:validateAndUpdateCache(204)) - Created snapshot 'snap57643' under path 'vol-90647/buck-62333'
2023-03-29 22:46:38,218 [OMDoubleBufferFlushThread] INFO  db.RDBCheckpointManager (RDBCheckpointManager.java:createCheckpoint(96)) - Created checkpoint in rocksDB at /home/runner/work/ozone/ozone/hadoop-ozone/integration-test/target/test-dir/MiniOzoneClusterImpl-8ae17f6e-7b8d-4fcc-9253-feb95f7e1717/omNode-1/db.snapshots/om.db-862bf692-2486-4615-bd86-c8ca087183d1 in 59 milliseconds
2023-03-29 22:46:38,226 [OMDoubleBufferFlushThread] INFO  db.RDBCheckpointManager (RDBCheckpointManager.java:waitForCheckpointDirectoryExist(125)) - Waited for 8 milliseconds for checkpoint directory /home/runner/work/ozone/ozone/hadoop-ozone/integration-test/target/test-dir/MiniOzoneClusterImpl-8ae17f6e-7b8d-4fcc-9253-feb95f7e1717/omNode-1/db.snapshots/om.db-862bf692-2486-4615-bd86-c8ca087183d1 availability.
2023-03-29 22:46:38,229 [OMDoubleBufferFlushThread] INFO  db.RDBCheckpointManager (RDBCheckpointManager.java:createCheckpoint(96)) - Created checkpoint in rocksDB at /home/runner/work/ozone/ozone/hadoop-ozone/integration-test/target/test-dir/MiniOzoneClusterImpl-8ae17f6e-7b8d-4fcc-9253-feb95f7e1717/omNode-3/db.snapshots/om.db-862bf692-2486-4615-bd86-c8ca087183d1 in 70 milliseconds
2023-03-29 22:46:38,231 [OMDoubleBufferFlushThread] WARN  om.OmSnapshotManager (OmSnapshotManager.java:deleteKeysInSnapshotScopeFromDTableInternal(396)) - Took 4873489 ns to clean up deletedTable
2023-03-29 22:46:38,231 [OMDoubleBufferFlushThread] INFO  om.OmSnapshotManager (OmSnapshotManager.java:createOmSnapshotCheckpoint(317)) - Created checkpoint : /home/runner/work/ozone/ozone/hadoop-ozone/integration-test/target/test-dir/MiniOzoneClusterImpl-8ae17f6e-7b8d-4fcc-9253-feb95f7e1717/omNode-1/db.snapshots/om.db-862bf692-2486-4615-bd86-c8ca087183d1 for snapshot snap57643
2023-03-29 22:46:38,232 [OMDoubleBufferFlushThread] INFO  db.RDBCheckpointManager (RDBCheckpointManager.java:waitForCheckpointDirectoryExist(125)) - Waited for 3 milliseconds for checkpoint directory /home/runner/work/ozone/ozone/hadoop-ozone/integration-test/target/test-dir/MiniOzoneClusterImpl-8ae17f6e-7b8d-4fcc-9253-feb95f7e1717/omNode-3/db.snapshots/om.db-862bf692-2486-4615-bd86-c8ca087183d1 availability.
2023-03-29 22:46:38,234 [OMDoubleBufferFlushThread] WARN  om.OmSnapshotManager (OmSnapshotManager.java:deleteKeysInSnapshotScopeFromDTableInternal(396)) - Took 2212932 ns to clean up deletedTable
2023-03-29 22:46:38,234 [OMDoubleBufferFlushThread] INFO  om.OmSnapshotManager (OmSnapshotManager.java:createOmSnapshotCheckpoint(317)) - Created checkpoint : /home/runner/work/ozone/ozone/hadoop-ozone/integration-test/target/test-dir/MiniOzoneClusterImpl-8ae17f6e-7b8d-4fcc-9253-feb95f7e1717/omNode-3/db.snapshots/om.db-862bf692-2486-4615-bd86-c8ca087183d1 for snapshot snap57643
2023-03-29 22:46:38,238 [OMDoubleBufferFlushThread] INFO  db.RDBCheckpointManager (RDBCheckpointManager.java:createCheckpoint(96)) - Created checkpoint in rocksDB at /home/runner/work/ozone/ozone/hadoop-ozone/integration-test/target/test-dir/MiniOzoneClusterImpl-8ae17f6e-7b8d-4fcc-9253-feb95f7e1717/omNode-2/db.snapshots/om.db-862bf692-2486-4615-bd86-c8ca087183d1 in 79 milliseconds
2023-03-29 22:46:38,242 [OMDoubleBufferFlushThread] INFO  db.RDBCheckpointManager (RDBCheckpointManager.java:waitForCheckpointDirectoryExist(125)) - Waited for 4 milliseconds for checkpoint directory /home/runner/work/ozone/ozone/hadoop-ozone/integration-test/target/test-dir/MiniOzoneClusterImpl-8ae17f6e-7b8d-4fcc-9253-feb95f7e1717/omNode-2/db.snapshots/om.db-862bf692-2486-4615-bd86-c8ca087183d1 availability.
2023-03-29 22:46:38,244 [OMDoubleBufferFlushThread] WARN  om.OmSnapshotManager (OmSnapshotManager.java:deleteKeysInSnapshotScopeFromDTableInternal(396)) - Took 1358381 ns to clean up deletedTable
2023-03-29 22:46:38,244 [OMDoubleBufferFlushThread] INFO  om.OmSnapshotManager (OmSnapshotManager.java:createOmSnapshotCheckpoint(317)) - Created checkpoint : /home/runner/work/ozone/ozone/hadoop-ozone/integration-test/target/test-dir/MiniOzoneClusterImpl-8ae17f6e-7b8d-4fcc-9253-feb95f7e1717/omNode-2/db.snapshots/om.db-862bf692-2486-4615-bd86-c8ca087183d1 for snapshot snap57643
]]></system-out>
  </testcase>
  <testcase name="testDeleteSnapshotMissingMandatoryParams" classname="TestOmSnapshot" time="1.039">
    <system-out><![CDATA[2023-03-29 22:47:41,874 [Time-limited test] INFO  rpc.RpcClient (RpcClient.java:createVolume(476)) - Creating Volume: vol-39664, with runner as owner and space quota set to -1 bytes, counts quota set to -1
2023-03-29 22:47:41,877 [OM StateMachine ApplyTransaction Thread - 0] INFO  volume.OMVolumeCreateRequest (OMVolumeCreateRequest.java:validateAndUpdateCache(195)) - created volume:vol-39664 for user:runner
2023-03-29 22:47:41,878 [OM StateMachine ApplyTransaction Thread - 0] INFO  volume.OMVolumeCreateRequest (OMVolumeCreateRequest.java:validateAndUpdateCache(195)) - created volume:vol-39664 for user:runner
2023-03-29 22:47:41,878 [OM StateMachine ApplyTransaction Thread - 0] INFO  volume.OMVolumeCreateRequest (OMVolumeCreateRequest.java:validateAndUpdateCache(195)) - created volume:vol-39664 for user:runner
2023-03-29 22:47:41,880 [Time-limited test] INFO  rpc.RpcClient (RpcClient.java:createBucket(698)) - Creating Bucket: vol-39664/buck-40702, with server-side default bucket layout, runner as owner, Versioning false, Storage Type set to DISK and Encryption set to false, Replication Type set to server-side default replication type, Namespace Quota set to -1, Space Quota set to -1 
2023-03-29 22:47:41,882 [OM StateMachine ApplyTransaction Thread - 0] INFO  bucket.OMBucketCreateRequest (OMBucketCreateRequest.java:validateAndUpdateCache(262)) - created bucket: buck-40702 of layout LEGACY in volume: vol-39664
2023-03-29 22:47:41,883 [OM StateMachine ApplyTransaction Thread - 0] INFO  bucket.OMBucketCreateRequest (OMBucketCreateRequest.java:validateAndUpdateCache(262)) - created bucket: buck-40702 of layout LEGACY in volume: vol-39664
2023-03-29 22:47:41,883 [OM StateMachine ApplyTransaction Thread - 0] INFO  bucket.OMBucketCreateRequest (OMBucketCreateRequest.java:validateAndUpdateCache(262)) - created bucket: buck-40702 of layout LEGACY in volume: vol-39664
2023-03-29 22:47:41,911 [OM StateMachine ApplyTransaction Thread - 0] INFO  snapshot.OMSnapshotCreateRequest (OMSnapshotCreateRequest.java:validateAndUpdateCache(204)) - Created snapshot 'snap84538' under path 'vol-39664/buck-40702'
2023-03-29 22:47:41,912 [OM StateMachine ApplyTransaction Thread - 0] INFO  snapshot.OMSnapshotCreateRequest (OMSnapshotCreateRequest.java:validateAndUpdateCache(204)) - Created snapshot 'snap84538' under path 'vol-39664/buck-40702'
2023-03-29 22:47:41,912 [OM StateMachine ApplyTransaction Thread - 0] INFO  snapshot.OMSnapshotCreateRequest (OMSnapshotCreateRequest.java:validateAndUpdateCache(204)) - Created snapshot 'snap84538' under path 'vol-39664/buck-40702'
2023-03-29 22:47:41,963 [OMDoubleBufferFlushThread] INFO  db.RDBCheckpointManager (RDBCheckpointManager.java:createCheckpoint(96)) - Created checkpoint in rocksDB at /home/runner/work/ozone/ozone/hadoop-ozone/integration-test/target/test-dir/MiniOzoneClusterImpl-bfbd9018-35f1-41c4-9115-0ebbd4040a15/omNode-1/db.snapshots/om.db-68a28997-f188-4868-ae79-72116134750d in 50 milliseconds
2023-03-29 22:47:41,964 [OMDoubleBufferFlushThread] INFO  db.RDBCheckpointManager (RDBCheckpointManager.java:waitForCheckpointDirectoryExist(125)) - Waited for 0 milliseconds for checkpoint directory /home/runner/work/ozone/ozone/hadoop-ozone/integration-test/target/test-dir/MiniOzoneClusterImpl-bfbd9018-35f1-41c4-9115-0ebbd4040a15/omNode-1/db.snapshots/om.db-68a28997-f188-4868-ae79-72116134750d availability.
2023-03-29 22:47:41,965 [OMDoubleBufferFlushThread] WARN  om.OmSnapshotManager (OmSnapshotManager.java:deleteKeysInSnapshotScopeFromDTableInternal(396)) - Took 860650 ns to clean up deletedTable
2023-03-29 22:47:41,966 [OMDoubleBufferFlushThread] INFO  om.OmSnapshotManager (OmSnapshotManager.java:createOmSnapshotCheckpoint(317)) - Created checkpoint : /home/runner/work/ozone/ozone/hadoop-ozone/integration-test/target/test-dir/MiniOzoneClusterImpl-bfbd9018-35f1-41c4-9115-0ebbd4040a15/omNode-1/db.snapshots/om.db-68a28997-f188-4868-ae79-72116134750d for snapshot snap84538
2023-03-29 22:47:41,966 [OMDoubleBufferFlushThread] INFO  db.RDBCheckpointManager (RDBCheckpointManager.java:createCheckpoint(96)) - Created checkpoint in rocksDB at /home/runner/work/ozone/ozone/hadoop-ozone/integration-test/target/test-dir/MiniOzoneClusterImpl-bfbd9018-35f1-41c4-9115-0ebbd4040a15/omNode-3/db.snapshots/om.db-68a28997-f188-4868-ae79-72116134750d in 53 milliseconds
2023-03-29 22:47:41,966 [OMDoubleBufferFlushThread] INFO  db.RDBCheckpointManager (RDBCheckpointManager.java:createCheckpoint(96)) - Created checkpoint in rocksDB at /home/runner/work/ozone/ozone/hadoop-ozone/integration-test/target/test-dir/MiniOzoneClusterImpl-bfbd9018-35f1-41c4-9115-0ebbd4040a15/omNode-2/db.snapshots/om.db-68a28997-f188-4868-ae79-72116134750d in 51 milliseconds
2023-03-29 22:47:41,967 [OMDoubleBufferFlushThread] INFO  db.RDBCheckpointManager (RDBCheckpointManager.java:waitForCheckpointDirectoryExist(125)) - Waited for 1 milliseconds for checkpoint directory /home/runner/work/ozone/ozone/hadoop-ozone/integration-test/target/test-dir/MiniOzoneClusterImpl-bfbd9018-35f1-41c4-9115-0ebbd4040a15/omNode-3/db.snapshots/om.db-68a28997-f188-4868-ae79-72116134750d availability.
2023-03-29 22:47:41,967 [OMDoubleBufferFlushThread] WARN  om.OmSnapshotManager (OmSnapshotManager.java:deleteKeysInSnapshotScopeFromDTableInternal(396)) - Took 483129 ns to clean up deletedTable
2023-03-29 22:47:41,967 [OMDoubleBufferFlushThread] INFO  om.OmSnapshotManager (OmSnapshotManager.java:createOmSnapshotCheckpoint(317)) - Created checkpoint : /home/runner/work/ozone/ozone/hadoop-ozone/integration-test/target/test-dir/MiniOzoneClusterImpl-bfbd9018-35f1-41c4-9115-0ebbd4040a15/omNode-3/db.snapshots/om.db-68a28997-f188-4868-ae79-72116134750d for snapshot snap84538
2023-03-29 22:47:41,968 [OMDoubleBufferFlushThread] INFO  db.RDBCheckpointManager (RDBCheckpointManager.java:waitForCheckpointDirectoryExist(125)) - Waited for 1 milliseconds for checkpoint directory /home/runner/work/ozone/ozone/hadoop-ozone/integration-test/target/test-dir/MiniOzoneClusterImpl-bfbd9018-35f1-41c4-9115-0ebbd4040a15/omNode-2/db.snapshots/om.db-68a28997-f188-4868-ae79-72116134750d availability.
2023-03-29 22:47:41,969 [OMDoubleBufferFlushThread] WARN  om.OmSnapshotManager (OmSnapshotManager.java:deleteKeysInSnapshotScopeFromDTableInternal(396)) - Took 463527 ns to clean up deletedTable
2023-03-29 22:47:41,969 [OMDoubleBufferFlushThread] INFO  om.OmSnapshotManager (OmSnapshotManager.java:createOmSnapshotCheckpoint(317)) - Created checkpoint : /home/runner/work/ozone/ozone/hadoop-ozone/integration-test/target/test-dir/MiniOzoneClusterImpl-bfbd9018-35f1-41c4-9115-0ebbd4040a15/omNode-2/db.snapshots/om.db-68a28997-f188-4868-ae79-72116134750d for snapshot snap84538
]]></system-out>
  </testcase>
  <testcase name="testSnapDiffMissingMandatoryParams" classname="TestOmSnapshot" time="2.07">
    <system-out><![CDATA[2023-03-29 22:45:33,539 [Time-limited test] INFO  rpc.RpcClient (RpcClient.java:createVolume(476)) - Creating Volume: vol-11620, with runner as owner and space quota set to -1 bytes, counts quota set to -1
2023-03-29 22:45:33,543 [OM StateMachine ApplyTransaction Thread - 0] INFO  volume.OMVolumeCreateRequest (OMVolumeCreateRequest.java:validateAndUpdateCache(195)) - created volume:vol-11620 for user:runner
2023-03-29 22:45:33,545 [OM StateMachine ApplyTransaction Thread - 0] INFO  volume.OMVolumeCreateRequest (OMVolumeCreateRequest.java:validateAndUpdateCache(195)) - created volume:vol-11620 for user:runner
2023-03-29 22:45:33,547 [OM StateMachine ApplyTransaction Thread - 0] INFO  volume.OMVolumeCreateRequest (OMVolumeCreateRequest.java:validateAndUpdateCache(195)) - created volume:vol-11620 for user:runner
2023-03-29 22:45:33,548 [Time-limited test] INFO  rpc.RpcClient (RpcClient.java:createBucket(698)) - Creating Bucket: vol-11620/buck-39314, with server-side default bucket layout, runner as owner, Versioning false, Storage Type set to DISK and Encryption set to false, Replication Type set to server-side default replication type, Namespace Quota set to -1, Space Quota set to -1 
2023-03-29 22:45:33,551 [OM StateMachine ApplyTransaction Thread - 0] INFO  bucket.OMBucketCreateRequest (OMBucketCreateRequest.java:validateAndUpdateCache(262)) - created bucket: buck-39314 of layout OBJECT_STORE in volume: vol-11620
2023-03-29 22:45:33,553 [OM StateMachine ApplyTransaction Thread - 0] INFO  bucket.OMBucketCreateRequest (OMBucketCreateRequest.java:validateAndUpdateCache(262)) - created bucket: buck-39314 of layout OBJECT_STORE in volume: vol-11620
2023-03-29 22:45:33,556 [OM StateMachine ApplyTransaction Thread - 0] INFO  bucket.OMBucketCreateRequest (OMBucketCreateRequest.java:validateAndUpdateCache(262)) - created bucket: buck-39314 of layout OBJECT_STORE in volume: vol-11620
2023-03-29 22:45:33,595 [OM StateMachine ApplyTransaction Thread - 0] INFO  snapshot.OMSnapshotCreateRequest (OMSnapshotCreateRequest.java:validateAndUpdateCache(204)) - Created snapshot 'snap57372' under path 'vol-11620/buck-39314'
2023-03-29 22:45:33,596 [OM StateMachine ApplyTransaction Thread - 0] INFO  snapshot.OMSnapshotCreateRequest (OMSnapshotCreateRequest.java:validateAndUpdateCache(204)) - Created snapshot 'snap57372' under path 'vol-11620/buck-39314'
2023-03-29 22:45:33,597 [OM StateMachine ApplyTransaction Thread - 0] INFO  snapshot.OMSnapshotCreateRequest (OMSnapshotCreateRequest.java:validateAndUpdateCache(204)) - Created snapshot 'snap57372' under path 'vol-11620/buck-39314'
2023-03-29 22:45:33,660 [OMDoubleBufferFlushThread] INFO  db.RDBCheckpointManager (RDBCheckpointManager.java:createCheckpoint(96)) - Created checkpoint in rocksDB at /home/runner/work/ozone/ozone/hadoop-ozone/integration-test/target/test-dir/MiniOzoneClusterImpl-bcbc84c2-519e-42a0-a817-fd35ffaa666a/omNode-1/db.snapshots/om.db-52bbf862-4ca6-4126-ace9-7ce98351c04a in 62 milliseconds
2023-03-29 22:45:33,662 [OMDoubleBufferFlushThread] INFO  db.RDBCheckpointManager (RDBCheckpointManager.java:waitForCheckpointDirectoryExist(125)) - Waited for 1 milliseconds for checkpoint directory /home/runner/work/ozone/ozone/hadoop-ozone/integration-test/target/test-dir/MiniOzoneClusterImpl-bcbc84c2-519e-42a0-a817-fd35ffaa666a/omNode-1/db.snapshots/om.db-52bbf862-4ca6-4126-ace9-7ce98351c04a availability.
2023-03-29 22:45:33,665 [OMDoubleBufferFlushThread] WARN  om.OmSnapshotManager (OmSnapshotManager.java:deleteKeysInSnapshotScopeFromDTableInternal(396)) - Took 3391801 ns to clean up deletedTable
2023-03-29 22:45:33,666 [OMDoubleBufferFlushThread] INFO  om.OmSnapshotManager (OmSnapshotManager.java:createOmSnapshotCheckpoint(317)) - Created checkpoint : /home/runner/work/ozone/ozone/hadoop-ozone/integration-test/target/test-dir/MiniOzoneClusterImpl-bcbc84c2-519e-42a0-a817-fd35ffaa666a/omNode-1/db.snapshots/om.db-52bbf862-4ca6-4126-ace9-7ce98351c04a for snapshot snap57372
2023-03-29 22:45:33,666 [OMDoubleBufferFlushThread] INFO  db.RDBCheckpointManager (RDBCheckpointManager.java:createCheckpoint(96)) - Created checkpoint in rocksDB at /home/runner/work/ozone/ozone/hadoop-ozone/integration-test/target/test-dir/MiniOzoneClusterImpl-bcbc84c2-519e-42a0-a817-fd35ffaa666a/omNode-3/db.snapshots/om.db-52bbf862-4ca6-4126-ace9-7ce98351c04a in 69 milliseconds
2023-03-29 22:45:33,667 [OMDoubleBufferFlushThread] INFO  db.RDBCheckpointManager (RDBCheckpointManager.java:waitForCheckpointDirectoryExist(125)) - Waited for 0 milliseconds for checkpoint directory /home/runner/work/ozone/ozone/hadoop-ozone/integration-test/target/test-dir/MiniOzoneClusterImpl-bcbc84c2-519e-42a0-a817-fd35ffaa666a/omNode-3/db.snapshots/om.db-52bbf862-4ca6-4126-ace9-7ce98351c04a availability.
2023-03-29 22:45:33,668 [OMDoubleBufferFlushThread] WARN  om.OmSnapshotManager (OmSnapshotManager.java:deleteKeysInSnapshotScopeFromDTableInternal(396)) - Took 551333 ns to clean up deletedTable
2023-03-29 22:45:33,668 [OMDoubleBufferFlushThread] INFO  om.OmSnapshotManager (OmSnapshotManager.java:createOmSnapshotCheckpoint(317)) - Created checkpoint : /home/runner/work/ozone/ozone/hadoop-ozone/integration-test/target/test-dir/MiniOzoneClusterImpl-bcbc84c2-519e-42a0-a817-fd35ffaa666a/omNode-3/db.snapshots/om.db-52bbf862-4ca6-4126-ace9-7ce98351c04a for snapshot snap57372
2023-03-29 22:45:33,669 [OMDoubleBufferFlushThread] INFO  db.RDBCheckpointManager (RDBCheckpointManager.java:createCheckpoint(96)) - Created checkpoint in rocksDB at /home/runner/work/ozone/ozone/hadoop-ozone/integration-test/target/test-dir/MiniOzoneClusterImpl-bcbc84c2-519e-42a0-a817-fd35ffaa666a/omNode-2/db.snapshots/om.db-52bbf862-4ca6-4126-ace9-7ce98351c04a in 69 milliseconds
2023-03-29 22:45:33,671 [OMDoubleBufferFlushThread] INFO  db.RDBCheckpointManager (RDBCheckpointManager.java:waitForCheckpointDirectoryExist(125)) - Waited for 1 milliseconds for checkpoint directory /home/runner/work/ozone/ozone/hadoop-ozone/integration-test/target/test-dir/MiniOzoneClusterImpl-bcbc84c2-519e-42a0-a817-fd35ffaa666a/omNode-2/db.snapshots/om.db-52bbf862-4ca6-4126-ace9-7ce98351c04a availability.
2023-03-29 22:45:33,672 [OMDoubleBufferFlushThread] WARN  om.OmSnapshotManager (OmSnapshotManager.java:deleteKeysInSnapshotScopeFromDTableInternal(396)) - Took 531331 ns to clean up deletedTable
2023-03-29 22:45:33,672 [OMDoubleBufferFlushThread] INFO  om.OmSnapshotManager (OmSnapshotManager.java:createOmSnapshotCheckpoint(317)) - Created checkpoint : /home/runner/work/ozone/ozone/hadoop-ozone/integration-test/target/test-dir/MiniOzoneClusterImpl-bcbc84c2-519e-42a0-a817-fd35ffaa666a/omNode-2/db.snapshots/om.db-52bbf862-4ca6-4126-ace9-7ce98351c04a for snapshot snap57372
2023-03-29 22:45:34,602 [OM StateMachine ApplyTransaction Thread - 0] INFO  snapshot.OMSnapshotCreateRequest (OMSnapshotCreateRequest.java:validateAndUpdateCache(204)) - Created snapshot 'snap13327' under path 'vol-11620/buck-39314'
2023-03-29 22:45:34,604 [OM StateMachine ApplyTransaction Thread - 0] INFO  snapshot.OMSnapshotCreateRequest (OMSnapshotCreateRequest.java:validateAndUpdateCache(204)) - Created snapshot 'snap13327' under path 'vol-11620/buck-39314'
2023-03-29 22:45:34,606 [OM StateMachine ApplyTransaction Thread - 0] INFO  snapshot.OMSnapshotCreateRequest (OMSnapshotCreateRequest.java:validateAndUpdateCache(204)) - Created snapshot 'snap13327' under path 'vol-11620/buck-39314'
2023-03-29 22:45:34,636 [OMDoubleBufferFlushThread] INFO  db.RDBCheckpointManager (RDBCheckpointManager.java:createCheckpoint(96)) - Created checkpoint in rocksDB at /home/runner/work/ozone/ozone/hadoop-ozone/integration-test/target/test-dir/MiniOzoneClusterImpl-bcbc84c2-519e-42a0-a817-fd35ffaa666a/omNode-3/db.snapshots/om.db-370e3e84-10e4-4a57-961f-0dc174b5c61e in 30 milliseconds
2023-03-29 22:45:34,636 [OMDoubleBufferFlushThread] INFO  db.RDBCheckpointManager (RDBCheckpointManager.java:waitForCheckpointDirectoryExist(125)) - Waited for 0 milliseconds for checkpoint directory /home/runner/work/ozone/ozone/hadoop-ozone/integration-test/target/test-dir/MiniOzoneClusterImpl-bcbc84c2-519e-42a0-a817-fd35ffaa666a/omNode-3/db.snapshots/om.db-370e3e84-10e4-4a57-961f-0dc174b5c61e availability.
2023-03-29 22:45:34,637 [OMDoubleBufferFlushThread] WARN  om.OmSnapshotManager (OmSnapshotManager.java:deleteKeysInSnapshotScopeFromDTableInternal(396)) - Took 823949 ns to clean up deletedTable
2023-03-29 22:45:34,638 [OMDoubleBufferFlushThread] INFO  om.OmSnapshotManager (OmSnapshotManager.java:createOmSnapshotCheckpoint(317)) - Created checkpoint : /home/runner/work/ozone/ozone/hadoop-ozone/integration-test/target/test-dir/MiniOzoneClusterImpl-bcbc84c2-519e-42a0-a817-fd35ffaa666a/omNode-3/db.snapshots/om.db-370e3e84-10e4-4a57-961f-0dc174b5c61e for snapshot snap13327
2023-03-29 22:45:34,640 [OMDoubleBufferFlushThread] INFO  db.RDBCheckpointManager (RDBCheckpointManager.java:createCheckpoint(96)) - Created checkpoint in rocksDB at /home/runner/work/ozone/ozone/hadoop-ozone/integration-test/target/test-dir/MiniOzoneClusterImpl-bcbc84c2-519e-42a0-a817-fd35ffaa666a/omNode-2/db.snapshots/om.db-370e3e84-10e4-4a57-961f-0dc174b5c61e in 31 milliseconds
2023-03-29 22:45:34,641 [OMDoubleBufferFlushThread] INFO  db.RDBCheckpointManager (RDBCheckpointManager.java:waitForCheckpointDirectoryExist(125)) - Waited for 1 milliseconds for checkpoint directory /home/runner/work/ozone/ozone/hadoop-ozone/integration-test/target/test-dir/MiniOzoneClusterImpl-bcbc84c2-519e-42a0-a817-fd35ffaa666a/omNode-2/db.snapshots/om.db-370e3e84-10e4-4a57-961f-0dc174b5c61e availability.
2023-03-29 22:45:34,642 [OMDoubleBufferFlushThread] WARN  om.OmSnapshotManager (OmSnapshotManager.java:deleteKeysInSnapshotScopeFromDTableInternal(396)) - Took 1101966 ns to clean up deletedTable
2023-03-29 22:45:34,643 [OMDoubleBufferFlushThread] INFO  om.OmSnapshotManager (OmSnapshotManager.java:createOmSnapshotCheckpoint(317)) - Created checkpoint : /home/runner/work/ozone/ozone/hadoop-ozone/integration-test/target/test-dir/MiniOzoneClusterImpl-bcbc84c2-519e-42a0-a817-fd35ffaa666a/omNode-2/db.snapshots/om.db-370e3e84-10e4-4a57-961f-0dc174b5c61e for snapshot snap13327
2023-03-29 22:45:34,648 [OMDoubleBufferFlushThread] INFO  db.RDBCheckpointManager (RDBCheckpointManager.java:createCheckpoint(96)) - Created checkpoint in rocksDB at /home/runner/work/ozone/ozone/hadoop-ozone/integration-test/target/test-dir/MiniOzoneClusterImpl-bcbc84c2-519e-42a0-a817-fd35ffaa666a/omNode-1/db.snapshots/om.db-370e3e84-10e4-4a57-961f-0dc174b5c61e in 43 milliseconds
2023-03-29 22:45:34,649 [OMDoubleBufferFlushThread] INFO  db.RDBCheckpointManager (RDBCheckpointManager.java:waitForCheckpointDirectoryExist(125)) - Waited for 1 milliseconds for checkpoint directory /home/runner/work/ozone/ozone/hadoop-ozone/integration-test/target/test-dir/MiniOzoneClusterImpl-bcbc84c2-519e-42a0-a817-fd35ffaa666a/omNode-1/db.snapshots/om.db-370e3e84-10e4-4a57-961f-0dc174b5c61e availability.
2023-03-29 22:45:34,649 [OMDoubleBufferFlushThread] WARN  om.OmSnapshotManager (OmSnapshotManager.java:deleteKeysInSnapshotScopeFromDTableInternal(396)) - Took 697341 ns to clean up deletedTable
2023-03-29 22:45:34,650 [OMDoubleBufferFlushThread] INFO  om.OmSnapshotManager (OmSnapshotManager.java:createOmSnapshotCheckpoint(317)) - Created checkpoint : /home/runner/work/ozone/ozone/hadoop-ozone/integration-test/target/test-dir/MiniOzoneClusterImpl-bcbc84c2-519e-42a0-a817-fd35ffaa666a/omNode-1/db.snapshots/om.db-370e3e84-10e4-4a57-961f-0dc174b5c61e for snapshot snap13327
]]></system-out>
  </testcase>
  <testcase name="testSnapDiffMissingMandatoryParams" classname="TestOmSnapshot" time="2.058">
    <system-out><![CDATA[2023-03-29 22:46:39,160 [Time-limited test] INFO  rpc.RpcClient (RpcClient.java:createVolume(476)) - Creating Volume: vol-62316, with runner as owner and space quota set to -1 bytes, counts quota set to -1
2023-03-29 22:46:39,164 [OM StateMachine ApplyTransaction Thread - 0] INFO  volume.OMVolumeCreateRequest (OMVolumeCreateRequest.java:validateAndUpdateCache(195)) - created volume:vol-62316 for user:runner
2023-03-29 22:46:39,166 [OM StateMachine ApplyTransaction Thread - 0] INFO  volume.OMVolumeCreateRequest (OMVolumeCreateRequest.java:validateAndUpdateCache(195)) - created volume:vol-62316 for user:runner
2023-03-29 22:46:39,166 [OM StateMachine ApplyTransaction Thread - 0] INFO  volume.OMVolumeCreateRequest (OMVolumeCreateRequest.java:validateAndUpdateCache(195)) - created volume:vol-62316 for user:runner
2023-03-29 22:46:39,169 [Time-limited test] INFO  rpc.RpcClient (RpcClient.java:createBucket(698)) - Creating Bucket: vol-62316/buck-82664, with server-side default bucket layout, runner as owner, Versioning false, Storage Type set to DISK and Encryption set to false, Replication Type set to server-side default replication type, Namespace Quota set to -1, Space Quota set to -1 
2023-03-29 22:46:39,172 [OM StateMachine ApplyTransaction Thread - 0] INFO  bucket.OMBucketCreateRequest (OMBucketCreateRequest.java:validateAndUpdateCache(262)) - created bucket: buck-82664 of layout FILE_SYSTEM_OPTIMIZED in volume: vol-62316
2023-03-29 22:46:39,173 [OM StateMachine ApplyTransaction Thread - 0] INFO  bucket.OMBucketCreateRequest (OMBucketCreateRequest.java:validateAndUpdateCache(262)) - created bucket: buck-82664 of layout FILE_SYSTEM_OPTIMIZED in volume: vol-62316
2023-03-29 22:46:39,174 [OM StateMachine ApplyTransaction Thread - 0] INFO  bucket.OMBucketCreateRequest (OMBucketCreateRequest.java:validateAndUpdateCache(262)) - created bucket: buck-82664 of layout FILE_SYSTEM_OPTIMIZED in volume: vol-62316
2023-03-29 22:46:39,205 [OM StateMachine ApplyTransaction Thread - 0] INFO  snapshot.OMSnapshotCreateRequest (OMSnapshotCreateRequest.java:validateAndUpdateCache(204)) - Created snapshot 'snap30877' under path 'vol-62316/buck-82664'
2023-03-29 22:46:39,208 [OM StateMachine ApplyTransaction Thread - 0] INFO  snapshot.OMSnapshotCreateRequest (OMSnapshotCreateRequest.java:validateAndUpdateCache(204)) - Created snapshot 'snap30877' under path 'vol-62316/buck-82664'
2023-03-29 22:46:39,208 [OM StateMachine ApplyTransaction Thread - 0] INFO  snapshot.OMSnapshotCreateRequest (OMSnapshotCreateRequest.java:validateAndUpdateCache(204)) - Created snapshot 'snap30877' under path 'vol-62316/buck-82664'
2023-03-29 22:46:39,282 [OMDoubleBufferFlushThread] INFO  db.RDBCheckpointManager (RDBCheckpointManager.java:createCheckpoint(96)) - Created checkpoint in rocksDB at /home/runner/work/ozone/ozone/hadoop-ozone/integration-test/target/test-dir/MiniOzoneClusterImpl-8ae17f6e-7b8d-4fcc-9253-feb95f7e1717/omNode-3/db.snapshots/om.db-cf3a9647-00ff-4505-ac40-e0867402bdab in 71 milliseconds
2023-03-29 22:46:39,283 [OMDoubleBufferFlushThread] INFO  db.RDBCheckpointManager (RDBCheckpointManager.java:waitForCheckpointDirectoryExist(125)) - Waited for 0 milliseconds for checkpoint directory /home/runner/work/ozone/ozone/hadoop-ozone/integration-test/target/test-dir/MiniOzoneClusterImpl-8ae17f6e-7b8d-4fcc-9253-feb95f7e1717/omNode-3/db.snapshots/om.db-cf3a9647-00ff-4505-ac40-e0867402bdab availability.
2023-03-29 22:46:39,284 [OMDoubleBufferFlushThread] WARN  om.OmSnapshotManager (OmSnapshotManager.java:deleteKeysInSnapshotScopeFromDTableInternal(396)) - Took 657439 ns to clean up deletedTable
2023-03-29 22:46:39,284 [OMDoubleBufferFlushThread] INFO  om.OmSnapshotManager (OmSnapshotManager.java:createOmSnapshotCheckpoint(317)) - Created checkpoint : /home/runner/work/ozone/ozone/hadoop-ozone/integration-test/target/test-dir/MiniOzoneClusterImpl-8ae17f6e-7b8d-4fcc-9253-feb95f7e1717/omNode-3/db.snapshots/om.db-cf3a9647-00ff-4505-ac40-e0867402bdab for snapshot snap30877
2023-03-29 22:46:39,286 [OMDoubleBufferFlushThread] INFO  db.RDBCheckpointManager (RDBCheckpointManager.java:createCheckpoint(96)) - Created checkpoint in rocksDB at /home/runner/work/ozone/ozone/hadoop-ozone/integration-test/target/test-dir/MiniOzoneClusterImpl-8ae17f6e-7b8d-4fcc-9253-feb95f7e1717/omNode-1/db.snapshots/om.db-cf3a9647-00ff-4505-ac40-e0867402bdab in 75 milliseconds
2023-03-29 22:46:39,286 [OMDoubleBufferFlushThread] INFO  db.RDBCheckpointManager (RDBCheckpointManager.java:waitForCheckpointDirectoryExist(125)) - Waited for 0 milliseconds for checkpoint directory /home/runner/work/ozone/ozone/hadoop-ozone/integration-test/target/test-dir/MiniOzoneClusterImpl-8ae17f6e-7b8d-4fcc-9253-feb95f7e1717/omNode-1/db.snapshots/om.db-cf3a9647-00ff-4505-ac40-e0867402bdab availability.
2023-03-29 22:46:39,287 [OMDoubleBufferFlushThread] WARN  om.OmSnapshotManager (OmSnapshotManager.java:deleteKeysInSnapshotScopeFromDTableInternal(396)) - Took 514430 ns to clean up deletedTable
2023-03-29 22:46:39,287 [OMDoubleBufferFlushThread] INFO  om.OmSnapshotManager (OmSnapshotManager.java:createOmSnapshotCheckpoint(317)) - Created checkpoint : /home/runner/work/ozone/ozone/hadoop-ozone/integration-test/target/test-dir/MiniOzoneClusterImpl-8ae17f6e-7b8d-4fcc-9253-feb95f7e1717/omNode-1/db.snapshots/om.db-cf3a9647-00ff-4505-ac40-e0867402bdab for snapshot snap30877
2023-03-29 22:46:39,288 [OMDoubleBufferFlushThread] INFO  db.RDBCheckpointManager (RDBCheckpointManager.java:createCheckpoint(96)) - Created checkpoint in rocksDB at /home/runner/work/ozone/ozone/hadoop-ozone/integration-test/target/test-dir/MiniOzoneClusterImpl-8ae17f6e-7b8d-4fcc-9253-feb95f7e1717/omNode-2/db.snapshots/om.db-cf3a9647-00ff-4505-ac40-e0867402bdab in 74 milliseconds
2023-03-29 22:46:39,289 [OMDoubleBufferFlushThread] INFO  db.RDBCheckpointManager (RDBCheckpointManager.java:waitForCheckpointDirectoryExist(125)) - Waited for 0 milliseconds for checkpoint directory /home/runner/work/ozone/ozone/hadoop-ozone/integration-test/target/test-dir/MiniOzoneClusterImpl-8ae17f6e-7b8d-4fcc-9253-feb95f7e1717/omNode-2/db.snapshots/om.db-cf3a9647-00ff-4505-ac40-e0867402bdab availability.
2023-03-29 22:46:39,289 [OMDoubleBufferFlushThread] WARN  om.OmSnapshotManager (OmSnapshotManager.java:deleteKeysInSnapshotScopeFromDTableInternal(396)) - Took 511430 ns to clean up deletedTable
2023-03-29 22:46:39,290 [OMDoubleBufferFlushThread] INFO  om.OmSnapshotManager (OmSnapshotManager.java:createOmSnapshotCheckpoint(317)) - Created checkpoint : /home/runner/work/ozone/ozone/hadoop-ozone/integration-test/target/test-dir/MiniOzoneClusterImpl-8ae17f6e-7b8d-4fcc-9253-feb95f7e1717/omNode-2/db.snapshots/om.db-cf3a9647-00ff-4505-ac40-e0867402bdab for snapshot snap30877
2023-03-29 22:46:40,212 [OM StateMachine ApplyTransaction Thread - 0] INFO  snapshot.OMSnapshotCreateRequest (OMSnapshotCreateRequest.java:validateAndUpdateCache(204)) - Created snapshot 'snap57006' under path 'vol-62316/buck-82664'
2023-03-29 22:46:40,213 [OM StateMachine ApplyTransaction Thread - 0] INFO  snapshot.OMSnapshotCreateRequest (OMSnapshotCreateRequest.java:validateAndUpdateCache(204)) - Created snapshot 'snap57006' under path 'vol-62316/buck-82664'
2023-03-29 22:46:40,214 [OM StateMachine ApplyTransaction Thread - 0] INFO  snapshot.OMSnapshotCreateRequest (OMSnapshotCreateRequest.java:validateAndUpdateCache(204)) - Created snapshot 'snap57006' under path 'vol-62316/buck-82664'
2023-03-29 22:46:40,250 [OMDoubleBufferFlushThread] INFO  db.RDBCheckpointManager (RDBCheckpointManager.java:createCheckpoint(96)) - Created checkpoint in rocksDB at /home/runner/work/ozone/ozone/hadoop-ozone/integration-test/target/test-dir/MiniOzoneClusterImpl-8ae17f6e-7b8d-4fcc-9253-feb95f7e1717/omNode-3/db.snapshots/om.db-fdc4762d-a58b-4a3d-81bb-cf312d164254 in 33 milliseconds
2023-03-29 22:46:40,254 [OMDoubleBufferFlushThread] INFO  db.RDBCheckpointManager (RDBCheckpointManager.java:waitForCheckpointDirectoryExist(125)) - Waited for 2 milliseconds for checkpoint directory /home/runner/work/ozone/ozone/hadoop-ozone/integration-test/target/test-dir/MiniOzoneClusterImpl-8ae17f6e-7b8d-4fcc-9253-feb95f7e1717/omNode-3/db.snapshots/om.db-fdc4762d-a58b-4a3d-81bb-cf312d164254 availability.
2023-03-29 22:46:40,256 [OMDoubleBufferFlushThread] WARN  om.OmSnapshotManager (OmSnapshotManager.java:deleteKeysInSnapshotScopeFromDTableInternal(396)) - Took 1068562 ns to clean up deletedTable
2023-03-29 22:46:40,256 [OMDoubleBufferFlushThread] INFO  om.OmSnapshotManager (OmSnapshotManager.java:createOmSnapshotCheckpoint(317)) - Created checkpoint : /home/runner/work/ozone/ozone/hadoop-ozone/integration-test/target/test-dir/MiniOzoneClusterImpl-8ae17f6e-7b8d-4fcc-9253-feb95f7e1717/omNode-3/db.snapshots/om.db-fdc4762d-a58b-4a3d-81bb-cf312d164254 for snapshot snap57006
2023-03-29 22:46:40,258 [OMDoubleBufferFlushThread] INFO  db.RDBCheckpointManager (RDBCheckpointManager.java:createCheckpoint(96)) - Created checkpoint in rocksDB at /home/runner/work/ozone/ozone/hadoop-ozone/integration-test/target/test-dir/MiniOzoneClusterImpl-8ae17f6e-7b8d-4fcc-9253-feb95f7e1717/omNode-2/db.snapshots/om.db-fdc4762d-a58b-4a3d-81bb-cf312d164254 in 42 milliseconds
2023-03-29 22:46:40,265 [OMDoubleBufferFlushThread] INFO  db.RDBCheckpointManager (RDBCheckpointManager.java:waitForCheckpointDirectoryExist(125)) - Waited for 7 milliseconds for checkpoint directory /home/runner/work/ozone/ozone/hadoop-ozone/integration-test/target/test-dir/MiniOzoneClusterImpl-8ae17f6e-7b8d-4fcc-9253-feb95f7e1717/omNode-2/db.snapshots/om.db-fdc4762d-a58b-4a3d-81bb-cf312d164254 availability.
2023-03-29 22:46:40,266 [OMDoubleBufferFlushThread] WARN  om.OmSnapshotManager (OmSnapshotManager.java:deleteKeysInSnapshotScopeFromDTableInternal(396)) - Took 701440 ns to clean up deletedTable
2023-03-29 22:46:40,266 [OMDoubleBufferFlushThread] INFO  om.OmSnapshotManager (OmSnapshotManager.java:createOmSnapshotCheckpoint(317)) - Created checkpoint : /home/runner/work/ozone/ozone/hadoop-ozone/integration-test/target/test-dir/MiniOzoneClusterImpl-8ae17f6e-7b8d-4fcc-9253-feb95f7e1717/omNode-2/db.snapshots/om.db-fdc4762d-a58b-4a3d-81bb-cf312d164254 for snapshot snap57006
2023-03-29 22:46:40,270 [OMDoubleBufferFlushThread] INFO  db.RDBCheckpointManager (RDBCheckpointManager.java:createCheckpoint(96)) - Created checkpoint in rocksDB at /home/runner/work/ozone/ozone/hadoop-ozone/integration-test/target/test-dir/MiniOzoneClusterImpl-8ae17f6e-7b8d-4fcc-9253-feb95f7e1717/omNode-1/db.snapshots/om.db-fdc4762d-a58b-4a3d-81bb-cf312d164254 in 54 milliseconds
2023-03-29 22:46:40,278 [OMDoubleBufferFlushThread] INFO  db.RDBCheckpointManager (RDBCheckpointManager.java:waitForCheckpointDirectoryExist(125)) - Waited for 8 milliseconds for checkpoint directory /home/runner/work/ozone/ozone/hadoop-ozone/integration-test/target/test-dir/MiniOzoneClusterImpl-8ae17f6e-7b8d-4fcc-9253-feb95f7e1717/omNode-1/db.snapshots/om.db-fdc4762d-a58b-4a3d-81bb-cf312d164254 availability.
2023-03-29 22:46:40,279 [OMDoubleBufferFlushThread] WARN  om.OmSnapshotManager (OmSnapshotManager.java:deleteKeysInSnapshotScopeFromDTableInternal(396)) - Took 717841 ns to clean up deletedTable
2023-03-29 22:46:40,279 [OMDoubleBufferFlushThread] INFO  om.OmSnapshotManager (OmSnapshotManager.java:createOmSnapshotCheckpoint(317)) - Created checkpoint : /home/runner/work/ozone/ozone/hadoop-ozone/integration-test/target/test-dir/MiniOzoneClusterImpl-8ae17f6e-7b8d-4fcc-9253-feb95f7e1717/omNode-1/db.snapshots/om.db-fdc4762d-a58b-4a3d-81bb-cf312d164254 for snapshot snap57006
]]></system-out>
  </testcase>
  <testcase name="testSnapDiffMissingMandatoryParams" classname="TestOmSnapshot" time="2.046">
    <system-out><![CDATA[2023-03-29 22:47:42,913 [Time-limited test] INFO  rpc.RpcClient (RpcClient.java:createVolume(476)) - Creating Volume: vol-63844, with runner as owner and space quota set to -1 bytes, counts quota set to -1
2023-03-29 22:47:42,917 [OM StateMachine ApplyTransaction Thread - 0] INFO  volume.OMVolumeCreateRequest (OMVolumeCreateRequest.java:validateAndUpdateCache(195)) - created volume:vol-63844 for user:runner
2023-03-29 22:47:42,918 [OM StateMachine ApplyTransaction Thread - 0] INFO  volume.OMVolumeCreateRequest (OMVolumeCreateRequest.java:validateAndUpdateCache(195)) - created volume:vol-63844 for user:runner
2023-03-29 22:47:42,920 [OM StateMachine ApplyTransaction Thread - 0] INFO  volume.OMVolumeCreateRequest (OMVolumeCreateRequest.java:validateAndUpdateCache(195)) - created volume:vol-63844 for user:runner
2023-03-29 22:47:42,920 [Time-limited test] INFO  rpc.RpcClient (RpcClient.java:createBucket(698)) - Creating Bucket: vol-63844/buck-90017, with server-side default bucket layout, runner as owner, Versioning false, Storage Type set to DISK and Encryption set to false, Replication Type set to server-side default replication type, Namespace Quota set to -1, Space Quota set to -1 
2023-03-29 22:47:42,923 [OM StateMachine ApplyTransaction Thread - 0] INFO  bucket.OMBucketCreateRequest (OMBucketCreateRequest.java:validateAndUpdateCache(262)) - created bucket: buck-90017 of layout LEGACY in volume: vol-63844
2023-03-29 22:47:42,924 [OM StateMachine ApplyTransaction Thread - 0] INFO  bucket.OMBucketCreateRequest (OMBucketCreateRequest.java:validateAndUpdateCache(262)) - created bucket: buck-90017 of layout LEGACY in volume: vol-63844
2023-03-29 22:47:42,925 [OM StateMachine ApplyTransaction Thread - 0] INFO  bucket.OMBucketCreateRequest (OMBucketCreateRequest.java:validateAndUpdateCache(262)) - created bucket: buck-90017 of layout LEGACY in volume: vol-63844
2023-03-29 22:47:42,947 [OM StateMachine ApplyTransaction Thread - 0] INFO  snapshot.OMSnapshotCreateRequest (OMSnapshotCreateRequest.java:validateAndUpdateCache(204)) - Created snapshot 'snap79891' under path 'vol-63844/buck-90017'
2023-03-29 22:47:42,948 [OM StateMachine ApplyTransaction Thread - 0] INFO  snapshot.OMSnapshotCreateRequest (OMSnapshotCreateRequest.java:validateAndUpdateCache(204)) - Created snapshot 'snap79891' under path 'vol-63844/buck-90017'
2023-03-29 22:47:42,949 [OM StateMachine ApplyTransaction Thread - 0] INFO  snapshot.OMSnapshotCreateRequest (OMSnapshotCreateRequest.java:validateAndUpdateCache(204)) - Created snapshot 'snap79891' under path 'vol-63844/buck-90017'
2023-03-29 22:47:42,998 [OMDoubleBufferFlushThread] INFO  db.RDBCheckpointManager (RDBCheckpointManager.java:createCheckpoint(96)) - Created checkpoint in rocksDB at /home/runner/work/ozone/ozone/hadoop-ozone/integration-test/target/test-dir/MiniOzoneClusterImpl-bfbd9018-35f1-41c4-9115-0ebbd4040a15/omNode-1/db.snapshots/om.db-2051157b-54ae-4e61-a2cd-31d7f1542fe9 in 49 milliseconds
2023-03-29 22:47:42,999 [OMDoubleBufferFlushThread] INFO  db.RDBCheckpointManager (RDBCheckpointManager.java:waitForCheckpointDirectoryExist(125)) - Waited for 1 milliseconds for checkpoint directory /home/runner/work/ozone/ozone/hadoop-ozone/integration-test/target/test-dir/MiniOzoneClusterImpl-bfbd9018-35f1-41c4-9115-0ebbd4040a15/omNode-1/db.snapshots/om.db-2051157b-54ae-4e61-a2cd-31d7f1542fe9 availability.
2023-03-29 22:47:42,999 [OMDoubleBufferFlushThread] WARN  om.OmSnapshotManager (OmSnapshotManager.java:deleteKeysInSnapshotScopeFromDTableInternal(396)) - Took 510930 ns to clean up deletedTable
2023-03-29 22:47:43,000 [OMDoubleBufferFlushThread] INFO  om.OmSnapshotManager (OmSnapshotManager.java:createOmSnapshotCheckpoint(317)) - Created checkpoint : /home/runner/work/ozone/ozone/hadoop-ozone/integration-test/target/test-dir/MiniOzoneClusterImpl-bfbd9018-35f1-41c4-9115-0ebbd4040a15/omNode-1/db.snapshots/om.db-2051157b-54ae-4e61-a2cd-31d7f1542fe9 for snapshot snap79891
2023-03-29 22:47:43,008 [OMDoubleBufferFlushThread] INFO  db.RDBCheckpointManager (RDBCheckpointManager.java:createCheckpoint(96)) - Created checkpoint in rocksDB at /home/runner/work/ozone/ozone/hadoop-ozone/integration-test/target/test-dir/MiniOzoneClusterImpl-bfbd9018-35f1-41c4-9115-0ebbd4040a15/omNode-2/db.snapshots/om.db-2051157b-54ae-4e61-a2cd-31d7f1542fe9 in 58 milliseconds
2023-03-29 22:47:43,009 [OMDoubleBufferFlushThread] INFO  db.RDBCheckpointManager (RDBCheckpointManager.java:waitForCheckpointDirectoryExist(125)) - Waited for 1 milliseconds for checkpoint directory /home/runner/work/ozone/ozone/hadoop-ozone/integration-test/target/test-dir/MiniOzoneClusterImpl-bfbd9018-35f1-41c4-9115-0ebbd4040a15/omNode-2/db.snapshots/om.db-2051157b-54ae-4e61-a2cd-31d7f1542fe9 availability.
2023-03-29 22:47:43,010 [OMDoubleBufferFlushThread] WARN  om.OmSnapshotManager (OmSnapshotManager.java:deleteKeysInSnapshotScopeFromDTableInternal(396)) - Took 806047 ns to clean up deletedTable
2023-03-29 22:47:43,010 [OMDoubleBufferFlushThread] INFO  om.OmSnapshotManager (OmSnapshotManager.java:createOmSnapshotCheckpoint(317)) - Created checkpoint : /home/runner/work/ozone/ozone/hadoop-ozone/integration-test/target/test-dir/MiniOzoneClusterImpl-bfbd9018-35f1-41c4-9115-0ebbd4040a15/omNode-2/db.snapshots/om.db-2051157b-54ae-4e61-a2cd-31d7f1542fe9 for snapshot snap79891
2023-03-29 22:47:43,014 [OMDoubleBufferFlushThread] INFO  db.RDBCheckpointManager (RDBCheckpointManager.java:createCheckpoint(96)) - Created checkpoint in rocksDB at /home/runner/work/ozone/ozone/hadoop-ozone/integration-test/target/test-dir/MiniOzoneClusterImpl-bfbd9018-35f1-41c4-9115-0ebbd4040a15/omNode-3/db.snapshots/om.db-2051157b-54ae-4e61-a2cd-31d7f1542fe9 in 63 milliseconds
2023-03-29 22:47:43,015 [OMDoubleBufferFlushThread] INFO  db.RDBCheckpointManager (RDBCheckpointManager.java:waitForCheckpointDirectoryExist(125)) - Waited for 1 milliseconds for checkpoint directory /home/runner/work/ozone/ozone/hadoop-ozone/integration-test/target/test-dir/MiniOzoneClusterImpl-bfbd9018-35f1-41c4-9115-0ebbd4040a15/omNode-3/db.snapshots/om.db-2051157b-54ae-4e61-a2cd-31d7f1542fe9 availability.
2023-03-29 22:47:43,015 [OMDoubleBufferFlushThread] WARN  om.OmSnapshotManager (OmSnapshotManager.java:deleteKeysInSnapshotScopeFromDTableInternal(396)) - Took 451426 ns to clean up deletedTable
2023-03-29 22:47:43,015 [OMDoubleBufferFlushThread] INFO  om.OmSnapshotManager (OmSnapshotManager.java:createOmSnapshotCheckpoint(317)) - Created checkpoint : /home/runner/work/ozone/ozone/hadoop-ozone/integration-test/target/test-dir/MiniOzoneClusterImpl-bfbd9018-35f1-41c4-9115-0ebbd4040a15/omNode-3/db.snapshots/om.db-2051157b-54ae-4e61-a2cd-31d7f1542fe9 for snapshot snap79891
2023-03-29 22:47:43,950 [OM StateMachine ApplyTransaction Thread - 0] INFO  snapshot.OMSnapshotCreateRequest (OMSnapshotCreateRequest.java:validateAndUpdateCache(204)) - Created snapshot 'snap62452' under path 'vol-63844/buck-90017'
2023-03-29 22:47:43,951 [OM StateMachine ApplyTransaction Thread - 0] INFO  snapshot.OMSnapshotCreateRequest (OMSnapshotCreateRequest.java:validateAndUpdateCache(204)) - Created snapshot 'snap62452' under path 'vol-63844/buck-90017'
2023-03-29 22:47:43,952 [OM StateMachine ApplyTransaction Thread - 0] INFO  snapshot.OMSnapshotCreateRequest (OMSnapshotCreateRequest.java:validateAndUpdateCache(204)) - Created snapshot 'snap62452' under path 'vol-63844/buck-90017'
2023-03-29 22:47:43,976 [OMDoubleBufferFlushThread] INFO  db.RDBCheckpointManager (RDBCheckpointManager.java:createCheckpoint(96)) - Created checkpoint in rocksDB at /home/runner/work/ozone/ozone/hadoop-ozone/integration-test/target/test-dir/MiniOzoneClusterImpl-bfbd9018-35f1-41c4-9115-0ebbd4040a15/omNode-1/db.snapshots/om.db-445db827-d5d8-464f-b7a5-9fb87cbc87a9 in 24 milliseconds
2023-03-29 22:47:43,977 [OMDoubleBufferFlushThread] INFO  db.RDBCheckpointManager (RDBCheckpointManager.java:waitForCheckpointDirectoryExist(125)) - Waited for 1 milliseconds for checkpoint directory /home/runner/work/ozone/ozone/hadoop-ozone/integration-test/target/test-dir/MiniOzoneClusterImpl-bfbd9018-35f1-41c4-9115-0ebbd4040a15/omNode-1/db.snapshots/om.db-445db827-d5d8-464f-b7a5-9fb87cbc87a9 availability.
2023-03-29 22:47:43,977 [OMDoubleBufferFlushThread] WARN  om.OmSnapshotManager (OmSnapshotManager.java:deleteKeysInSnapshotScopeFromDTableInternal(396)) - Took 628536 ns to clean up deletedTable
2023-03-29 22:47:43,978 [OMDoubleBufferFlushThread] INFO  om.OmSnapshotManager (OmSnapshotManager.java:createOmSnapshotCheckpoint(317)) - Created checkpoint : /home/runner/work/ozone/ozone/hadoop-ozone/integration-test/target/test-dir/MiniOzoneClusterImpl-bfbd9018-35f1-41c4-9115-0ebbd4040a15/omNode-1/db.snapshots/om.db-445db827-d5d8-464f-b7a5-9fb87cbc87a9 for snapshot snap62452
2023-03-29 22:47:43,982 [OMDoubleBufferFlushThread] INFO  db.RDBCheckpointManager (RDBCheckpointManager.java:createCheckpoint(96)) - Created checkpoint in rocksDB at /home/runner/work/ozone/ozone/hadoop-ozone/integration-test/target/test-dir/MiniOzoneClusterImpl-bfbd9018-35f1-41c4-9115-0ebbd4040a15/omNode-2/db.snapshots/om.db-445db827-d5d8-464f-b7a5-9fb87cbc87a9 in 29 milliseconds
2023-03-29 22:47:43,983 [OMDoubleBufferFlushThread] INFO  db.RDBCheckpointManager (RDBCheckpointManager.java:waitForCheckpointDirectoryExist(125)) - Waited for 1 milliseconds for checkpoint directory /home/runner/work/ozone/ozone/hadoop-ozone/integration-test/target/test-dir/MiniOzoneClusterImpl-bfbd9018-35f1-41c4-9115-0ebbd4040a15/omNode-2/db.snapshots/om.db-445db827-d5d8-464f-b7a5-9fb87cbc87a9 availability.
2023-03-29 22:47:43,983 [OMDoubleBufferFlushThread] WARN  om.OmSnapshotManager (OmSnapshotManager.java:deleteKeysInSnapshotScopeFromDTableInternal(396)) - Took 494729 ns to clean up deletedTable
2023-03-29 22:47:43,983 [OMDoubleBufferFlushThread] INFO  om.OmSnapshotManager (OmSnapshotManager.java:createOmSnapshotCheckpoint(317)) - Created checkpoint : /home/runner/work/ozone/ozone/hadoop-ozone/integration-test/target/test-dir/MiniOzoneClusterImpl-bfbd9018-35f1-41c4-9115-0ebbd4040a15/omNode-2/db.snapshots/om.db-445db827-d5d8-464f-b7a5-9fb87cbc87a9 for snapshot snap62452
2023-03-29 22:47:43,986 [OMDoubleBufferFlushThread] INFO  db.RDBCheckpointManager (RDBCheckpointManager.java:createCheckpoint(96)) - Created checkpoint in rocksDB at /home/runner/work/ozone/ozone/hadoop-ozone/integration-test/target/test-dir/MiniOzoneClusterImpl-bfbd9018-35f1-41c4-9115-0ebbd4040a15/omNode-3/db.snapshots/om.db-445db827-d5d8-464f-b7a5-9fb87cbc87a9 in 33 milliseconds
2023-03-29 22:47:43,986 [OMDoubleBufferFlushThread] INFO  db.RDBCheckpointManager (RDBCheckpointManager.java:waitForCheckpointDirectoryExist(125)) - Waited for 0 milliseconds for checkpoint directory /home/runner/work/ozone/ozone/hadoop-ozone/integration-test/target/test-dir/MiniOzoneClusterImpl-bfbd9018-35f1-41c4-9115-0ebbd4040a15/omNode-3/db.snapshots/om.db-445db827-d5d8-464f-b7a5-9fb87cbc87a9 availability.
2023-03-29 22:47:43,987 [OMDoubleBufferFlushThread] WARN  om.OmSnapshotManager (OmSnapshotManager.java:deleteKeysInSnapshotScopeFromDTableInternal(396)) - Took 479127 ns to clean up deletedTable
2023-03-29 22:47:43,987 [OMDoubleBufferFlushThread] INFO  om.OmSnapshotManager (OmSnapshotManager.java:createOmSnapshotCheckpoint(317)) - Created checkpoint : /home/runner/work/ozone/ozone/hadoop-ozone/integration-test/target/test-dir/MiniOzoneClusterImpl-bfbd9018-35f1-41c4-9115-0ebbd4040a15/omNode-3/db.snapshots/om.db-445db827-d5d8-464f-b7a5-9fb87cbc87a9 for snapshot snap62452
]]></system-out>
  </testcase>
  <testcase name="testSnapshotOpensWithDisabledAutoCompaction" classname="TestOmSnapshot" time="1.05">
    <system-out><![CDATA[2023-03-29 22:45:35,614 [OM StateMachine ApplyTransaction Thread - 0] INFO  snapshot.OMSnapshotCreateRequest (OMSnapshotCreateRequest.java:validateAndUpdateCache(204)) - Created snapshot '65c8b4d2-034b-44e3-908b-54c3f6137fb4' under path 'volume14198/bucket38611'
2023-03-29 22:45:35,615 [OM StateMachine ApplyTransaction Thread - 0] INFO  snapshot.OMSnapshotCreateRequest (OMSnapshotCreateRequest.java:validateAndUpdateCache(204)) - Created snapshot '65c8b4d2-034b-44e3-908b-54c3f6137fb4' under path 'volume14198/bucket38611'
2023-03-29 22:45:35,617 [OM StateMachine ApplyTransaction Thread - 0] INFO  snapshot.OMSnapshotCreateRequest (OMSnapshotCreateRequest.java:validateAndUpdateCache(204)) - Created snapshot '65c8b4d2-034b-44e3-908b-54c3f6137fb4' under path 'volume14198/bucket38611'
2023-03-29 22:45:35,644 [OMDoubleBufferFlushThread] INFO  db.RDBCheckpointManager (RDBCheckpointManager.java:createCheckpoint(96)) - Created checkpoint in rocksDB at /home/runner/work/ozone/ozone/hadoop-ozone/integration-test/target/test-dir/MiniOzoneClusterImpl-bcbc84c2-519e-42a0-a817-fd35ffaa666a/omNode-1/db.snapshots/om.db-a7fb0791-2ff0-4e76-ab28-8f79818fe97f in 28 milliseconds
2023-03-29 22:45:35,645 [OMDoubleBufferFlushThread] INFO  db.RDBCheckpointManager (RDBCheckpointManager.java:waitForCheckpointDirectoryExist(125)) - Waited for 1 milliseconds for checkpoint directory /home/runner/work/ozone/ozone/hadoop-ozone/integration-test/target/test-dir/MiniOzoneClusterImpl-bcbc84c2-519e-42a0-a817-fd35ffaa666a/omNode-1/db.snapshots/om.db-a7fb0791-2ff0-4e76-ab28-8f79818fe97f availability.
2023-03-29 22:45:35,646 [OMDoubleBufferFlushThread] WARN  om.OmSnapshotManager (OmSnapshotManager.java:deleteKeysInSnapshotScopeFromDTableInternal(396)) - Took 1037962 ns to clean up deletedTable
2023-03-29 22:45:35,646 [OMDoubleBufferFlushThread] INFO  om.OmSnapshotManager (OmSnapshotManager.java:createOmSnapshotCheckpoint(317)) - Created checkpoint : /home/runner/work/ozone/ozone/hadoop-ozone/integration-test/target/test-dir/MiniOzoneClusterImpl-bcbc84c2-519e-42a0-a817-fd35ffaa666a/omNode-1/db.snapshots/om.db-a7fb0791-2ff0-4e76-ab28-8f79818fe97f for snapshot 65c8b4d2-034b-44e3-908b-54c3f6137fb4
2023-03-29 22:45:35,646 [OMDoubleBufferFlushThread] INFO  db.RDBCheckpointManager (RDBCheckpointManager.java:createCheckpoint(96)) - Created checkpoint in rocksDB at /home/runner/work/ozone/ozone/hadoop-ozone/integration-test/target/test-dir/MiniOzoneClusterImpl-bcbc84c2-519e-42a0-a817-fd35ffaa666a/omNode-3/db.snapshots/om.db-a7fb0791-2ff0-4e76-ab28-8f79818fe97f in 29 milliseconds
2023-03-29 22:45:35,647 [OMDoubleBufferFlushThread] INFO  db.RDBCheckpointManager (RDBCheckpointManager.java:waitForCheckpointDirectoryExist(125)) - Waited for 0 milliseconds for checkpoint directory /home/runner/work/ozone/ozone/hadoop-ozone/integration-test/target/test-dir/MiniOzoneClusterImpl-bcbc84c2-519e-42a0-a817-fd35ffaa666a/omNode-3/db.snapshots/om.db-a7fb0791-2ff0-4e76-ab28-8f79818fe97f availability.
2023-03-29 22:45:35,647 [OMDoubleBufferFlushThread] WARN  om.OmSnapshotManager (OmSnapshotManager.java:deleteKeysInSnapshotScopeFromDTableInternal(396)) - Took 499229 ns to clean up deletedTable
2023-03-29 22:45:35,648 [OMDoubleBufferFlushThread] INFO  om.OmSnapshotManager (OmSnapshotManager.java:createOmSnapshotCheckpoint(317)) - Created checkpoint : /home/runner/work/ozone/ozone/hadoop-ozone/integration-test/target/test-dir/MiniOzoneClusterImpl-bcbc84c2-519e-42a0-a817-fd35ffaa666a/omNode-3/db.snapshots/om.db-a7fb0791-2ff0-4e76-ab28-8f79818fe97f for snapshot 65c8b4d2-034b-44e3-908b-54c3f6137fb4
2023-03-29 22:45:35,655 [OMDoubleBufferFlushThread] INFO  db.RDBCheckpointManager (RDBCheckpointManager.java:createCheckpoint(96)) - Created checkpoint in rocksDB at /home/runner/work/ozone/ozone/hadoop-ozone/integration-test/target/test-dir/MiniOzoneClusterImpl-bcbc84c2-519e-42a0-a817-fd35ffaa666a/omNode-2/db.snapshots/om.db-a7fb0791-2ff0-4e76-ab28-8f79818fe97f in 35 milliseconds
2023-03-29 22:45:35,655 [OMDoubleBufferFlushThread] INFO  db.RDBCheckpointManager (RDBCheckpointManager.java:waitForCheckpointDirectoryExist(125)) - Waited for 0 milliseconds for checkpoint directory /home/runner/work/ozone/ozone/hadoop-ozone/integration-test/target/test-dir/MiniOzoneClusterImpl-bcbc84c2-519e-42a0-a817-fd35ffaa666a/omNode-2/db.snapshots/om.db-a7fb0791-2ff0-4e76-ab28-8f79818fe97f availability.
2023-03-29 22:45:35,656 [OMDoubleBufferFlushThread] WARN  om.OmSnapshotManager (OmSnapshotManager.java:deleteKeysInSnapshotScopeFromDTableInternal(396)) - Took 644838 ns to clean up deletedTable
2023-03-29 22:45:35,656 [OMDoubleBufferFlushThread] INFO  om.OmSnapshotManager (OmSnapshotManager.java:createOmSnapshotCheckpoint(317)) - Created checkpoint : /home/runner/work/ozone/ozone/hadoop-ozone/integration-test/target/test-dir/MiniOzoneClusterImpl-bcbc84c2-519e-42a0-a817-fd35ffaa666a/omNode-2/db.snapshots/om.db-a7fb0791-2ff0-4e76-ab28-8f79818fe97f for snapshot 65c8b4d2-034b-44e3-908b-54c3f6137fb4
2023-03-29 22:45:36,616 [Time-limited test] WARN  server.ServerUtils (ServerUtils.java:getDBPath(225)) - ozone.om.db.dirs is not configured. We recommend adding this setting. Falling back to ozone.metadata.dirs instead.
2023-03-29 22:45:36,617 [Time-limited test] INFO  codec.OmKeyInfoCodec (OmKeyInfoCodec.java:<init>(49)) - OmKeyInfoCodec ignorePipeline = true
2023-03-29 22:45:36,617 [Time-limited test] INFO  codec.RepeatedOmKeyInfoCodec (RepeatedOmKeyInfoCodec.java:<init>(41)) - RepeatedOmKeyInfoCodec ignorePipeline = true
]]></system-out>
  </testcase>
  <testcase name="testSnapshotOpensWithDisabledAutoCompaction" classname="TestOmSnapshot" time="1.047">
    <system-out><![CDATA[2023-03-29 22:46:41,223 [OM StateMachine ApplyTransaction Thread - 0] INFO  snapshot.OMSnapshotCreateRequest (OMSnapshotCreateRequest.java:validateAndUpdateCache(204)) - Created snapshot '48c1fdf4-9ce1-4785-a122-df050904d3fe' under path 'volume34570/bucket71080'
2023-03-29 22:46:41,228 [OM StateMachine ApplyTransaction Thread - 0] INFO  snapshot.OMSnapshotCreateRequest (OMSnapshotCreateRequest.java:validateAndUpdateCache(204)) - Created snapshot '48c1fdf4-9ce1-4785-a122-df050904d3fe' under path 'volume34570/bucket71080'
2023-03-29 22:46:41,228 [OM StateMachine ApplyTransaction Thread - 0] INFO  snapshot.OMSnapshotCreateRequest (OMSnapshotCreateRequest.java:validateAndUpdateCache(204)) - Created snapshot '48c1fdf4-9ce1-4785-a122-df050904d3fe' under path 'volume34570/bucket71080'
2023-03-29 22:46:41,258 [OMDoubleBufferFlushThread] INFO  db.RDBCheckpointManager (RDBCheckpointManager.java:createCheckpoint(96)) - Created checkpoint in rocksDB at /home/runner/work/ozone/ozone/hadoop-ozone/integration-test/target/test-dir/MiniOzoneClusterImpl-8ae17f6e-7b8d-4fcc-9253-feb95f7e1717/omNode-1/db.snapshots/om.db-908cf811-5ad0-4607-ac6e-24a95008e165 in 34 milliseconds
2023-03-29 22:46:41,262 [OMDoubleBufferFlushThread] INFO  db.RDBCheckpointManager (RDBCheckpointManager.java:waitForCheckpointDirectoryExist(125)) - Waited for 4 milliseconds for checkpoint directory /home/runner/work/ozone/ozone/hadoop-ozone/integration-test/target/test-dir/MiniOzoneClusterImpl-8ae17f6e-7b8d-4fcc-9253-feb95f7e1717/omNode-1/db.snapshots/om.db-908cf811-5ad0-4607-ac6e-24a95008e165 availability.
2023-03-29 22:46:41,263 [OMDoubleBufferFlushThread] WARN  om.OmSnapshotManager (OmSnapshotManager.java:deleteKeysInSnapshotScopeFromDTableInternal(396)) - Took 518730 ns to clean up deletedTable
2023-03-29 22:46:41,263 [OMDoubleBufferFlushThread] INFO  db.RDBCheckpointManager (RDBCheckpointManager.java:createCheckpoint(96)) - Created checkpoint in rocksDB at /home/runner/work/ozone/ozone/hadoop-ozone/integration-test/target/test-dir/MiniOzoneClusterImpl-8ae17f6e-7b8d-4fcc-9253-feb95f7e1717/omNode-2/db.snapshots/om.db-908cf811-5ad0-4607-ac6e-24a95008e165 in 33 milliseconds
2023-03-29 22:46:41,263 [OMDoubleBufferFlushThread] INFO  om.OmSnapshotManager (OmSnapshotManager.java:createOmSnapshotCheckpoint(317)) - Created checkpoint : /home/runner/work/ozone/ozone/hadoop-ozone/integration-test/target/test-dir/MiniOzoneClusterImpl-8ae17f6e-7b8d-4fcc-9253-feb95f7e1717/omNode-1/db.snapshots/om.db-908cf811-5ad0-4607-ac6e-24a95008e165 for snapshot 48c1fdf4-9ce1-4785-a122-df050904d3fe
2023-03-29 22:46:41,264 [OMDoubleBufferFlushThread] INFO  db.RDBCheckpointManager (RDBCheckpointManager.java:waitForCheckpointDirectoryExist(125)) - Waited for 1 milliseconds for checkpoint directory /home/runner/work/ozone/ozone/hadoop-ozone/integration-test/target/test-dir/MiniOzoneClusterImpl-8ae17f6e-7b8d-4fcc-9253-feb95f7e1717/omNode-2/db.snapshots/om.db-908cf811-5ad0-4607-ac6e-24a95008e165 availability.
2023-03-29 22:46:41,265 [OMDoubleBufferFlushThread] WARN  om.OmSnapshotManager (OmSnapshotManager.java:deleteKeysInSnapshotScopeFromDTableInternal(396)) - Took 918052 ns to clean up deletedTable
2023-03-29 22:46:41,265 [OMDoubleBufferFlushThread] INFO  om.OmSnapshotManager (OmSnapshotManager.java:createOmSnapshotCheckpoint(317)) - Created checkpoint : /home/runner/work/ozone/ozone/hadoop-ozone/integration-test/target/test-dir/MiniOzoneClusterImpl-8ae17f6e-7b8d-4fcc-9253-feb95f7e1717/omNode-2/db.snapshots/om.db-908cf811-5ad0-4607-ac6e-24a95008e165 for snapshot 48c1fdf4-9ce1-4785-a122-df050904d3fe
2023-03-29 22:46:41,266 [OMDoubleBufferFlushThread] INFO  db.RDBCheckpointManager (RDBCheckpointManager.java:createCheckpoint(96)) - Created checkpoint in rocksDB at /home/runner/work/ozone/ozone/hadoop-ozone/integration-test/target/test-dir/MiniOzoneClusterImpl-8ae17f6e-7b8d-4fcc-9253-feb95f7e1717/omNode-3/db.snapshots/om.db-908cf811-5ad0-4607-ac6e-24a95008e165 in 35 milliseconds
2023-03-29 22:46:41,266 [OMDoubleBufferFlushThread] INFO  db.RDBCheckpointManager (RDBCheckpointManager.java:waitForCheckpointDirectoryExist(125)) - Waited for 0 milliseconds for checkpoint directory /home/runner/work/ozone/ozone/hadoop-ozone/integration-test/target/test-dir/MiniOzoneClusterImpl-8ae17f6e-7b8d-4fcc-9253-feb95f7e1717/omNode-3/db.snapshots/om.db-908cf811-5ad0-4607-ac6e-24a95008e165 availability.
2023-03-29 22:46:41,267 [OMDoubleBufferFlushThread] WARN  om.OmSnapshotManager (OmSnapshotManager.java:deleteKeysInSnapshotScopeFromDTableInternal(396)) - Took 495729 ns to clean up deletedTable
2023-03-29 22:46:41,267 [OMDoubleBufferFlushThread] INFO  om.OmSnapshotManager (OmSnapshotManager.java:createOmSnapshotCheckpoint(317)) - Created checkpoint : /home/runner/work/ozone/ozone/hadoop-ozone/integration-test/target/test-dir/MiniOzoneClusterImpl-8ae17f6e-7b8d-4fcc-9253-feb95f7e1717/omNode-3/db.snapshots/om.db-908cf811-5ad0-4607-ac6e-24a95008e165 for snapshot 48c1fdf4-9ce1-4785-a122-df050904d3fe
2023-03-29 22:46:42,227 [Time-limited test] WARN  server.ServerUtils (ServerUtils.java:getDBPath(225)) - ozone.om.db.dirs is not configured. We recommend adding this setting. Falling back to ozone.metadata.dirs instead.
2023-03-29 22:46:42,227 [Time-limited test] INFO  codec.OmKeyInfoCodec (OmKeyInfoCodec.java:<init>(49)) - OmKeyInfoCodec ignorePipeline = true
2023-03-29 22:46:42,227 [Time-limited test] INFO  codec.RepeatedOmKeyInfoCodec (RepeatedOmKeyInfoCodec.java:<init>(41)) - RepeatedOmKeyInfoCodec ignorePipeline = true
]]></system-out>
  </testcase>
  <testcase name="testSnapshotOpensWithDisabledAutoCompaction" classname="TestOmSnapshot" time="1.039">
    <system-out><![CDATA[2023-03-29 22:47:44,963 [OM StateMachine ApplyTransaction Thread - 0] INFO  snapshot.OMSnapshotCreateRequest (OMSnapshotCreateRequest.java:validateAndUpdateCache(204)) - Created snapshot 'ce8e3295-7051-4dde-b9b1-fb2cc02dbb6f' under path 'volume85177/bucket13732'
2023-03-29 22:47:44,965 [OM StateMachine ApplyTransaction Thread - 0] INFO  snapshot.OMSnapshotCreateRequest (OMSnapshotCreateRequest.java:validateAndUpdateCache(204)) - Created snapshot 'ce8e3295-7051-4dde-b9b1-fb2cc02dbb6f' under path 'volume85177/bucket13732'
2023-03-29 22:47:44,965 [OM StateMachine ApplyTransaction Thread - 0] INFO  snapshot.OMSnapshotCreateRequest (OMSnapshotCreateRequest.java:validateAndUpdateCache(204)) - Created snapshot 'ce8e3295-7051-4dde-b9b1-fb2cc02dbb6f' under path 'volume85177/bucket13732'
2023-03-29 22:47:44,986 [OMDoubleBufferFlushThread] INFO  db.RDBCheckpointManager (RDBCheckpointManager.java:createCheckpoint(96)) - Created checkpoint in rocksDB at /home/runner/work/ozone/ozone/hadoop-ozone/integration-test/target/test-dir/MiniOzoneClusterImpl-bfbd9018-35f1-41c4-9115-0ebbd4040a15/omNode-1/db.snapshots/om.db-b0c7fbbc-9b4c-4734-8f50-ae02e8272089 in 21 milliseconds
2023-03-29 22:47:44,987 [OMDoubleBufferFlushThread] INFO  db.RDBCheckpointManager (RDBCheckpointManager.java:waitForCheckpointDirectoryExist(125)) - Waited for 1 milliseconds for checkpoint directory /home/runner/work/ozone/ozone/hadoop-ozone/integration-test/target/test-dir/MiniOzoneClusterImpl-bfbd9018-35f1-41c4-9115-0ebbd4040a15/omNode-1/db.snapshots/om.db-b0c7fbbc-9b4c-4734-8f50-ae02e8272089 availability.
2023-03-29 22:47:44,988 [OMDoubleBufferFlushThread] WARN  om.OmSnapshotManager (OmSnapshotManager.java:deleteKeysInSnapshotScopeFromDTableInternal(396)) - Took 432825 ns to clean up deletedTable
2023-03-29 22:47:44,988 [OMDoubleBufferFlushThread] INFO  om.OmSnapshotManager (OmSnapshotManager.java:createOmSnapshotCheckpoint(317)) - Created checkpoint : /home/runner/work/ozone/ozone/hadoop-ozone/integration-test/target/test-dir/MiniOzoneClusterImpl-bfbd9018-35f1-41c4-9115-0ebbd4040a15/omNode-1/db.snapshots/om.db-b0c7fbbc-9b4c-4734-8f50-ae02e8272089 for snapshot ce8e3295-7051-4dde-b9b1-fb2cc02dbb6f
2023-03-29 22:47:44,992 [OMDoubleBufferFlushThread] INFO  db.RDBCheckpointManager (RDBCheckpointManager.java:createCheckpoint(96)) - Created checkpoint in rocksDB at /home/runner/work/ozone/ozone/hadoop-ozone/integration-test/target/test-dir/MiniOzoneClusterImpl-bfbd9018-35f1-41c4-9115-0ebbd4040a15/omNode-3/db.snapshots/om.db-b0c7fbbc-9b4c-4734-8f50-ae02e8272089 in 25 milliseconds
2023-03-29 22:47:44,993 [OMDoubleBufferFlushThread] INFO  db.RDBCheckpointManager (RDBCheckpointManager.java:waitForCheckpointDirectoryExist(125)) - Waited for 1 milliseconds for checkpoint directory /home/runner/work/ozone/ozone/hadoop-ozone/integration-test/target/test-dir/MiniOzoneClusterImpl-bfbd9018-35f1-41c4-9115-0ebbd4040a15/omNode-3/db.snapshots/om.db-b0c7fbbc-9b4c-4734-8f50-ae02e8272089 availability.
2023-03-29 22:47:44,994 [OMDoubleBufferFlushThread] WARN  om.OmSnapshotManager (OmSnapshotManager.java:deleteKeysInSnapshotScopeFromDTableInternal(396)) - Took 389723 ns to clean up deletedTable
2023-03-29 22:47:44,994 [OMDoubleBufferFlushThread] INFO  om.OmSnapshotManager (OmSnapshotManager.java:createOmSnapshotCheckpoint(317)) - Created checkpoint : /home/runner/work/ozone/ozone/hadoop-ozone/integration-test/target/test-dir/MiniOzoneClusterImpl-bfbd9018-35f1-41c4-9115-0ebbd4040a15/omNode-3/db.snapshots/om.db-b0c7fbbc-9b4c-4734-8f50-ae02e8272089 for snapshot ce8e3295-7051-4dde-b9b1-fb2cc02dbb6f
2023-03-29 22:47:44,997 [OMDoubleBufferFlushThread] INFO  db.RDBCheckpointManager (RDBCheckpointManager.java:createCheckpoint(96)) - Created checkpoint in rocksDB at /home/runner/work/ozone/ozone/hadoop-ozone/integration-test/target/test-dir/MiniOzoneClusterImpl-bfbd9018-35f1-41c4-9115-0ebbd4040a15/omNode-2/db.snapshots/om.db-b0c7fbbc-9b4c-4734-8f50-ae02e8272089 in 30 milliseconds
2023-03-29 22:47:44,997 [OMDoubleBufferFlushThread] INFO  db.RDBCheckpointManager (RDBCheckpointManager.java:waitForCheckpointDirectoryExist(125)) - Waited for 0 milliseconds for checkpoint directory /home/runner/work/ozone/ozone/hadoop-ozone/integration-test/target/test-dir/MiniOzoneClusterImpl-bfbd9018-35f1-41c4-9115-0ebbd4040a15/omNode-2/db.snapshots/om.db-b0c7fbbc-9b4c-4734-8f50-ae02e8272089 availability.
2023-03-29 22:47:44,998 [OMDoubleBufferFlushThread] WARN  om.OmSnapshotManager (OmSnapshotManager.java:deleteKeysInSnapshotScopeFromDTableInternal(396)) - Took 388123 ns to clean up deletedTable
2023-03-29 22:47:44,998 [OMDoubleBufferFlushThread] INFO  om.OmSnapshotManager (OmSnapshotManager.java:createOmSnapshotCheckpoint(317)) - Created checkpoint : /home/runner/work/ozone/ozone/hadoop-ozone/integration-test/target/test-dir/MiniOzoneClusterImpl-bfbd9018-35f1-41c4-9115-0ebbd4040a15/omNode-2/db.snapshots/om.db-b0c7fbbc-9b4c-4734-8f50-ae02e8272089 for snapshot ce8e3295-7051-4dde-b9b1-fb2cc02dbb6f
2023-03-29 22:47:45,965 [Time-limited test] WARN  server.ServerUtils (ServerUtils.java:getDBPath(225)) - ozone.om.db.dirs is not configured. We recommend adding this setting. Falling back to ozone.metadata.dirs instead.
2023-03-29 22:47:45,965 [Time-limited test] INFO  codec.OmKeyInfoCodec (OmKeyInfoCodec.java:<init>(49)) - OmKeyInfoCodec ignorePipeline = true
2023-03-29 22:47:45,965 [Time-limited test] INFO  codec.RepeatedOmKeyInfoCodec (RepeatedOmKeyInfoCodec.java:<init>(41)) - RepeatedOmKeyInfoCodec ignorePipeline = true
]]></system-out>
  </testcase>
</testsuite>