<?xml version="1.0" encoding="UTF-8"?>
<testsuite xmlns:xsi="http://www.w3.org/2001/XMLSchema-instance" xsi:noNamespaceSchemaLocation="https://maven.apache.org/surefire/maven-surefire-plugin/xsd/surefire-test-report.xsd" name="org.apache.hadoop.ozone.scm.TestSCMInstallSnapshotWithHA" time="194.142" tests="3" errors="1" skipped="0" failures="0">
  <properties>
    <property name="awt.toolkit" value="sun.awt.X11.XToolkit"/>
    <property name="file.encoding.pkg" value="sun.io"/>
    <property name="java.specification.version" value="1.8"/>
    <property name="sun.cpu.isalist" value=""/>
    <property name="sun.jnu.encoding" value="UTF-8"/>
    <property name="java.class.path" value="/home/runner/work/ozone/ozone/hadoop-ozone/integration-test/target/test-classes:/home/runner/work/ozone/ozone/hadoop-ozone/integration-test/target/classes:/home/runner/.m2/repository/org/apache/ozone/ozone-common/1.3.0-SNAPSHOT/ozone-common-1.3.0-SNAPSHOT.jar:/home/runner/.m2/repository/org/apache/commons/commons-compress/1.21/commons-compress-1.21.jar:/home/runner/.m2/repository/org/apache/ozone/hdds-common/1.3.0-SNAPSHOT/hdds-common-1.3.0-SNAPSHOT.jar:/home/runner/.m2/repository/org/apache/ozone/hdds-client/1.3.0-SNAPSHOT/hdds-client-1.3.0-SNAPSHOT.jar:/home/runner/.m2/repository/org/apache/ozone/ozone-interface-client/1.3.0-SNAPSHOT/ozone-interface-client-1.3.0-SNAPSHOT.jar:/home/runner/.m2/repository/org/apache/ozone/hdds-test-utils/1.3.0-SNAPSHOT/hdds-test-utils-1.3.0-SNAPSHOT.jar:/home/runner/.m2/repository/com/google/guava/guava/30.1.1-jre/guava-30.1.1-jre.jar:/home/runner/.m2/repository/com/google/guava/failureaccess/1.0.1/failureaccess-1.0.1.jar:/home/runner/.m2/repository/com/google/guava/listenablefuture/9999.0-empty-to-avoid-conflict-with-guava/listenablefuture-9999.0-empty-to-avoid-conflict-with-guava.jar:/home/runner/.m2/repository/com/google/code/findbugs/jsr305/3.0.0/jsr305-3.0.0.jar:/home/runner/.m2/repository/org/checkerframework/checker-qual/3.8.0/checker-qual-3.8.0.jar:/home/runner/.m2/repository/com/google/errorprone/error_prone_annotations/2.2.0/error_prone_annotations-2.2.0.jar:/home/runner/.m2/repository/com/google/j2objc/j2objc-annotations/1.3/j2objc-annotations-1.3.jar:/home/runner/.m2/repository/commons-io/commons-io/2.11.0/commons-io-2.11.0.jar:/home/runner/.m2/repository/commons-logging/commons-logging/1.2/commons-logging-1.2.jar:/home/runner/.m2/repository/log4j/log4j/1.2.17/log4j-1.2.17.jar:/home/runner/.m2/repository/org/slf4j/slf4j-api/1.7.30/slf4j-api-1.7.30.jar:/home/runner/.m2/repository/org/apache/ozone/hdds-server-scm/1.3.0-SNAPSHOT/hdds-server-scm-1.3.0-SNAPSHOT.jar:/home/runner/.m2/repository/org/apache/ozone/hdds-container-service/1.3.0-SNAPSHOT/hdds-container-service-1.3.0-SNAPSHOT.jar:/home/runner/.m2/repository/org/apache/ozone/hdds-hadoop-dependency-server/1.3.0-SNAPSHOT/hdds-hadoop-dependency-server-1.3.0-SNAPSHOT.jar:/home/runner/.m2/repository/org/apache/hadoop/hadoop-hdfs/3.3.1/hadoop-hdfs-3.3.1.jar:/home/runner/.m2/repository/org/apache/ozone/hdds-server-framework/1.3.0-SNAPSHOT/hdds-server-framework-1.3.0-SNAPSHOT.jar:/home/runner/.m2/repository/org/apache/ozone/hdds-interface-server/1.3.0-SNAPSHOT/hdds-interface-server-1.3.0-SNAPSHOT.jar:/home/runner/.m2/repository/org/eclipse/jetty/jetty-servlet/9.4.43.v20210629/jetty-servlet-9.4.43.v20210629.jar:/home/runner/.m2/repository/org/eclipse/jetty/jetty-security/9.4.43.v20210629/jetty-security-9.4.43.v20210629.jar:/home/runner/.m2/repository/org/rocksdb/rocksdbjni/6.25.3/rocksdbjni-6.25.3.jar:/home/runner/.m2/repository/io/prometheus/simpleclient_dropwizard/0.7.0/simpleclient_dropwizard-0.7.0.jar:/home/runner/.m2/repository/io/prometheus/simpleclient/0.7.0/simpleclient-0.7.0.jar:/home/runner/.m2/repository/io/prometheus/simpleclient_common/0.7.0/simpleclient_common-0.7.0.jar:/home/runner/.m2/repository/com/fasterxml/jackson/datatype/jackson-datatype-jsr310/2.12.1/jackson-datatype-jsr310-2.12.1.jar:/home/runner/.m2/repository/io/dropwizard/metrics/metrics-core/3.2.4/metrics-core-3.2.4.jar:/home/runner/.m2/repository/org/apache/hadoop/hadoop-hdfs-client/3.3.1/hadoop-hdfs-client-3.3.1.jar:/home/runner/.m2/repository/org/bouncycastle/bcprov-jdk15on/1.67/bcprov-jdk15on-1.67.jar:/home/runner/.m2/repository/com/google/protobuf/protobuf-java/2.5.0/protobuf-java-2.5.0.jar:/home/runner/.m2/repository/org/apache/ozone/ozone-manager/1.3.0-SNAPSHOT/ozone-manager-1.3.0-SNAPSHOT.jar:/home/runner/.m2/repository/org/aspectj/aspectjrt/1.9.7/aspectjrt-1.9.7.jar:/home/runner/.m2/repository/org/aspectj/aspectjweaver/1.9.7/aspectjweaver-1.9.7.jar:/home/runner/.m2/repository/org/apache/ozone/hdds-interface-client/1.3.0-SNAPSHOT/hdds-interface-client-1.3.0-SNAPSHOT.jar:/home/runner/.m2/repository/org/apache/hadoop/thirdparty/hadoop-shaded-protobuf_3_7/1.1.1/hadoop-shaded-protobuf_3_7-1.1.1.jar:/home/runner/.m2/repository/org/apache/ozone/ozone-interface-storage/1.3.0-SNAPSHOT/ozone-interface-storage-1.3.0-SNAPSHOT.jar:/home/runner/.m2/repository/org/reflections/reflections/0.9.11/reflections-0.9.11.jar:/home/runner/.m2/repository/org/apache/hadoop/hadoop-minikdc/3.3.1/hadoop-minikdc-3.3.1.jar:/home/runner/.m2/repository/org/apache/kerby/kerb-simplekdc/1.0.1/kerb-simplekdc-1.0.1.jar:/home/runner/.m2/repository/org/apache/kerby/kerb-client/1.0.1/kerb-client-1.0.1.jar:/home/runner/.m2/repository/org/apache/kerby/kerby-config/1.0.1/kerby-config-1.0.1.jar:/home/runner/.m2/repository/org/apache/kerby/kerb-common/1.0.1/kerb-common-1.0.1.jar:/home/runner/.m2/repository/org/apache/kerby/kerb-crypto/1.0.1/kerb-crypto-1.0.1.jar:/home/runner/.m2/repository/org/apache/kerby/kerb-util/1.0.1/kerb-util-1.0.1.jar:/home/runner/.m2/repository/org/apache/kerby/token-provider/1.0.1/token-provider-1.0.1.jar:/home/runner/.m2/repository/org/apache/kerby/kerb-admin/1.0.1/kerb-admin-1.0.1.jar:/home/runner/.m2/repository/org/apache/kerby/kerb-server/1.0.1/kerb-server-1.0.1.jar:/home/runner/.m2/repository/org/apache/kerby/kerb-identity/1.0.1/kerb-identity-1.0.1.jar:/home/runner/.m2/repository/org/apache/kerby/kerby-xdr/1.0.1/kerby-xdr-1.0.1.jar:/home/runner/.m2/repository/org/slf4j/slf4j-log4j12/1.7.30/slf4j-log4j12-1.7.30.jar:/home/runner/.m2/repository/org/apache/ozone/ozone-s3gateway/1.3.0-SNAPSHOT/ozone-s3gateway-1.3.0-SNAPSHOT.jar:/home/runner/.m2/repository/org/javassist/javassist/3.21.0-GA/javassist-3.21.0-GA.jar:/home/runner/.m2/repository/org/jboss/weld/servlet/weld-servlet/2.4.7.Final/weld-servlet-2.4.7.Final.jar:/home/runner/.m2/repository/org/glassfish/jersey/containers/jersey-container-servlet-core/2.33/jersey-container-servlet-core-2.33.jar:/home/runner/.m2/repository/org/glassfish/hk2/external/jakarta.inject/2.6.1/jakarta.inject-2.6.1.jar:/home/runner/.m2/repository/org/glassfish/jersey/core/jersey-common/2.33/jersey-common-2.33.jar:/home/runner/.m2/repository/jakarta/ws/rs/jakarta.ws.rs-api/2.1.6/jakarta.ws.rs-api-2.1.6.jar:/home/runner/.m2/repository/org/glassfish/jersey/ext/cdi/jersey-cdi1x/2.33/jersey-cdi1x-2.33.jar:/home/runner/.m2/repository/org/glassfish/jersey/inject/jersey-hk2/2.33/jersey-hk2-2.33.jar:/home/runner/.m2/repository/org/glassfish/hk2/hk2-locator/2.6.1/hk2-locator-2.6.1.jar:/home/runner/.m2/repository/org/glassfish/jersey/media/jersey-media-jaxb/2.33/jersey-media-jaxb-2.33.jar:/home/runner/.m2/repository/org/glassfish/hk2/osgi-resource-locator/1.0.3/osgi-resource-locator-1.0.3.jar:/home/runner/.m2/repository/org/glassfish/hk2/hk2-api/2.5.0/hk2-api-2.5.0.jar:/home/runner/.m2/repository/org/glassfish/hk2/hk2-utils/2.5.0/hk2-utils-2.5.0.jar:/home/runner/.m2/repository/org/glassfish/hk2/external/aopalliance-repackaged/2.5.0/aopalliance-repackaged-2.5.0.jar:/home/runner/.m2/repository/com/fasterxml/jackson/dataformat/jackson-dataformat-xml/2.12.1/jackson-dataformat-xml-2.12.1.jar:/home/runner/.m2/repository/com/fasterxml/jackson/core/jackson-core/2.12.1/jackson-core-2.12.1.jar:/home/runner/.m2/repository/com/fasterxml/jackson/module/jackson-module-jaxb-annotations/2.12.1/jackson-module-jaxb-annotations-2.12.1.jar:/home/runner/.m2/repository/jakarta/xml/bind/jakarta.xml.bind-api/2.3.2/jakarta.xml.bind-api-2.3.2.jar:/home/runner/.m2/repository/org/codehaus/woodstox/stax2-api/3.1.4/stax2-api-3.1.4.jar:/home/runner/.m2/repository/com/fasterxml/woodstox/woodstox-core/5.0.3/woodstox-core-5.0.3.jar:/home/runner/.m2/repository/javax/enterprise/cdi-api/1.2/cdi-api-1.2.jar:/home/runner/.m2/repository/javax/el/javax.el-api/3.0.0/javax.el-api-3.0.0.jar:/home/runner/.m2/repository/javax/interceptor/javax.interceptor-api/1.2/javax.interceptor-api-1.2.jar:/home/runner/.m2/repository/javax/inject/javax.inject/1/javax.inject-1.jar:/home/runner/.m2/repository/javax/xml/bind/jaxb-api/2.3.0/jaxb-api-2.3.0.jar:/home/runner/.m2/repository/org/glassfish/jaxb/jaxb-runtime/2.3.0.1/jaxb-runtime-2.3.0.1.jar:/home/runner/.m2/repository/org/glassfish/jaxb/jaxb-core/2.3.0.1/jaxb-core-2.3.0.1.jar:/home/runner/.m2/repository/org/glassfish/jaxb/txw2/2.3.0.1/txw2-2.3.0.1.jar:/home/runner/.m2/repository/com/sun/istack/istack-commons-runtime/3.0.5/istack-commons-runtime-3.0.5.jar:/home/runner/.m2/repository/org/jvnet/staxex/stax-ex/1.7.8/stax-ex-1.7.8.jar:/home/runner/.m2/repository/com/sun/xml/fastinfoset/FastInfoset/1.2.13/FastInfoset-1.2.13.jar:/home/runner/.m2/repository/javax/activation/activation/1.1.1/activation-1.1.1.jar:/home/runner/.m2/repository/org/apache/ozone/ozone-csi/1.3.0-SNAPSHOT/ozone-csi-1.3.0-SNAPSHOT.jar:/home/runner/.m2/repository/com/google/protobuf/protobuf-java-util/3.12.0/protobuf-java-util-3.12.0.jar:/home/runner/.m2/repository/com/google/code/gson/gson/2.2.4/gson-2.2.4.jar:/home/runner/.m2/repository/org/apache/ozone/hdds-config/1.3.0-SNAPSHOT/hdds-config-1.3.0-SNAPSHOT.jar:/home/runner/.m2/repository/io/grpc/grpc-netty/1.33.0/grpc-netty-1.33.0.jar:/home/runner/.m2/repository/io/grpc/grpc-core/1.33.0/grpc-core-1.33.0.jar:/home/runner/.m2/repository/com/google/android/annotations/4.1.1.4/annotations-4.1.1.4.jar:/home/runner/.m2/repository/io/netty/netty-codec-http2/4.1.63.Final/netty-codec-http2-4.1.63.Final.jar:/home/runner/.m2/repository/io/netty/netty-codec-http/4.1.63.Final/netty-codec-http-4.1.63.Final.jar:/home/runner/.m2/repository/io/netty/netty-handler-proxy/4.1.63.Final/netty-handler-proxy-4.1.63.Final.jar:/home/runner/.m2/repository/io/netty/netty-codec-socks/4.1.63.Final/netty-codec-socks-4.1.63.Final.jar:/home/runner/.m2/repository/io/perfmark/perfmark-api/0.19.0/perfmark-api-0.19.0.jar:/home/runner/.m2/repository/org/codehaus/mojo/animal-sniffer-annotations/1.18/animal-sniffer-annotations-1.18.jar:/home/runner/.m2/repository/io/netty/netty-transport-native-epoll/4.1.63.Final/netty-transport-native-epoll-4.1.63.Final.jar:/home/runner/.m2/repository/io/netty/netty-common/4.1.63.Final/netty-common-4.1.63.Final.jar:/home/runner/.m2/repository/io/netty/netty-buffer/4.1.63.Final/netty-buffer-4.1.63.Final.jar:/home/runner/.m2/repository/io/netty/netty-transport-native-unix-common/4.1.63.Final/netty-transport-native-unix-common-4.1.63.Final.jar:/home/runner/.m2/repository/io/grpc/grpc-protobuf/1.33.0/grpc-protobuf-1.33.0.jar:/home/runner/.m2/repository/io/grpc/grpc-api/1.33.0/grpc-api-1.33.0.jar:/home/runner/.m2/repository/io/grpc/grpc-context/1.33.0/grpc-context-1.33.0.jar:/home/runner/.m2/repository/com/google/api/grpc/proto-google-common-protos/1.17.0/proto-google-common-protos-1.17.0.jar:/home/runner/.m2/repository/io/grpc/grpc-protobuf-lite/1.33.0/grpc-protobuf-lite-1.33.0.jar:/home/runner/.m2/repository/io/grpc/grpc-stub/1.33.0/grpc-stub-1.33.0.jar:/home/runner/.m2/repository/org/apache/ozone/ozone-recon/1.3.0-SNAPSHOT/ozone-recon-1.3.0-SNAPSHOT.jar:/home/runner/.m2/repository/org/apache/ozone/ozone-reconcodegen/1.3.0-SNAPSHOT/ozone-reconcodegen-1.3.0-SNAPSHOT.jar:/home/runner/.m2/repository/com/google/inject/extensions/guice-multibindings/4.0/guice-multibindings-4.0.jar:/home/runner/.m2/repository/com/google/inject/guice/4.0/guice-4.0.jar:/home/runner/.m2/repository/aopalliance/aopalliance/1.0/aopalliance-1.0.jar:/home/runner/.m2/repository/com/google/inject/extensions/guice-assistedinject/4.0/guice-assistedinject-4.0.jar:/home/runner/.m2/repository/com/google/inject/extensions/guice-servlet/4.0/guice-servlet-4.0.jar:/home/runner/.m2/repository/org/glassfish/jersey/containers/jersey-container-servlet/2.33/jersey-container-servlet-2.33.jar:/home/runner/.m2/repository/org/glassfish/hk2/guice-bridge/2.5.0/guice-bridge-2.5.0.jar:/home/runner/.m2/repository/org/glassfish/jersey/core/jersey-server/2.33/jersey-server-2.33.jar:/home/runner/.m2/repository/org/glassfish/jersey/core/jersey-client/2.33/jersey-client-2.33.jar:/home/runner/.m2/repository/jakarta/annotation/jakarta.annotation-api/1.3.5/jakarta.annotation-api-1.3.5.jar:/home/runner/.m2/repository/jakarta/validation/jakarta.validation-api/2.0.2/jakarta.validation-api-2.0.2.jar:/home/runner/.m2/repository/org/glassfish/jersey/media/jersey-media-json-jackson/2.33/jersey-media-json-jackson-2.33.jar:/home/runner/.m2/repository/org/glassfish/jersey/ext/jersey-entity-filtering/2.33/jersey-entity-filtering-2.33.jar:/home/runner/.m2/repository/org/jooq/jooq/3.11.10/jooq-3.11.10.jar:/home/runner/.m2/repository/org/jooq/jooq-meta/3.11.10/jooq-meta-3.11.10.jar:/home/runner/.m2/repository/org/jooq/jooq-codegen/3.11.10/jooq-codegen-3.11.10.jar:/home/runner/.m2/repository/com/jolbox/bonecp/0.8.0.RELEASE/bonecp-0.8.0.RELEASE.jar:/home/runner/.m2/repository/org/apache/derby/derby/10.14.2.0/derby-10.14.2.0.jar:/home/runner/.m2/repository/org/xerial/sqlite-jdbc/3.25.2/sqlite-jdbc-3.25.2.jar:/home/runner/.m2/repository/org/springframework/spring-jdbc/5.2.18.RELEASE/spring-jdbc-5.2.18.RELEASE.jar:/home/runner/.m2/repository/org/springframework/spring-beans/5.2.18.RELEASE/spring-beans-5.2.18.RELEASE.jar:/home/runner/.m2/repository/org/springframework/spring-core/5.2.18.RELEASE/spring-core-5.2.18.RELEASE.jar:/home/runner/.m2/repository/org/springframework/spring-jcl/5.2.18.RELEASE/spring-jcl-5.2.18.RELEASE.jar:/home/runner/.m2/repository/org/springframework/spring-tx/5.2.18.RELEASE/spring-tx-5.2.18.RELEASE.jar:/home/runner/.m2/repository/org/apache/ozone/ozone-client/1.3.0-SNAPSHOT/ozone-client-1.3.0-SNAPSHOT.jar:/home/runner/.m2/repository/org/apache/ozone/ozone-filesystem/1.3.0-SNAPSHOT/ozone-filesystem-1.3.0-SNAPSHOT.jar:/home/runner/.m2/repository/org/apache/ozone/ozone-filesystem-common/1.3.0-SNAPSHOT/ozone-filesystem-common-1.3.0-SNAPSHOT.jar:/home/runner/.m2/repository/org/apache/ozone/ozone-tools/1.3.0-SNAPSHOT/ozone-tools-1.3.0-SNAPSHOT.jar:/home/runner/.m2/repository/org/apache/ratis/ratis-tools/2.2.0/ratis-tools-2.2.0.jar:/home/runner/.m2/repository/com/amazonaws/aws-java-sdk-core/1.12.124/aws-java-sdk-core-1.12.124.jar:/home/runner/.m2/repository/org/apache/httpcomponents/httpclient/4.5.13/httpclient-4.5.13.jar:/home/runner/.m2/repository/org/apache/httpcomponents/httpcore/4.4.13/httpcore-4.4.13.jar:/home/runner/.m2/repository/software/amazon/ion/ion-java/1.0.2/ion-java-1.0.2.jar:/home/runner/.m2/repository/com/fasterxml/jackson/dataformat/jackson-dataformat-cbor/2.12.1/jackson-dataformat-cbor-2.12.1.jar:/home/runner/.m2/repository/joda-time/joda-time/2.8.1/joda-time-2.8.1.jar:/home/runner/.m2/repository/com/amazonaws/aws-java-sdk-s3/1.12.124/aws-java-sdk-s3-1.12.124.jar:/home/runner/.m2/repository/com/amazonaws/aws-java-sdk-kms/1.12.124/aws-java-sdk-kms-1.12.124.jar:/home/runner/.m2/repository/com/amazonaws/jmespath-java/1.12.124/jmespath-java-1.12.124.jar:/home/runner/.m2/repository/org/kohsuke/metainf-services/metainf-services/1.8/metainf-services-1.8.jar:/home/runner/.m2/repository/org/apache/ozone/hdds-tools/1.3.0-SNAPSHOT/hdds-tools-1.3.0-SNAPSHOT.jar:/home/runner/.m2/repository/commons-cli/commons-cli/1.2/commons-cli-1.2.jar:/home/runner/.m2/repository/org/apache/commons/commons-lang3/3.7/commons-lang3-3.7.jar:/home/runner/.m2/repository/org/apache/ozone/ozone-manager/1.3.0-SNAPSHOT/ozone-manager-1.3.0-SNAPSHOT-tests.jar:/home/runner/.m2/repository/org/apache/ozone/hdds-common/1.3.0-SNAPSHOT/hdds-common-1.3.0-SNAPSHOT-tests.jar:/home/runner/.m2/repository/org/apache/ozone/hdds-hadoop-dependency-client/1.3.0-SNAPSHOT/hdds-hadoop-dependency-client-1.3.0-SNAPSHOT.jar:/home/runner/.m2/repository/info/picocli/picocli/4.6.1/picocli-4.6.1.jar:/home/runner/.m2/repository/com/fasterxml/jackson/core/jackson-annotations/2.12.1/jackson-annotations-2.12.1.jar:/home/runner/.m2/repository/javax/annotation/javax.annotation-api/1.2/javax.annotation-api-1.2.jar:/home/runner/.m2/repository/org/apache/ratis/ratis-server/2.2.0/ratis-server-2.2.0.jar:/home/runner/.m2/repository/org/apache/ratis/ratis-client/2.2.0/ratis-client-2.2.0.jar:/home/runner/.m2/repository/org/apache/ratis/ratis-server-api/2.2.0/ratis-server-api-2.2.0.jar:/home/runner/.m2/repository/org/apache/ratis/ratis-metrics/2.2.0/ratis-metrics-2.2.0.jar:/home/runner/.m2/repository/org/apache/ratis/ratis-netty/2.2.0/ratis-netty-2.2.0.jar:/home/runner/.m2/repository/org/apache/ratis/ratis-grpc/2.2.0/ratis-grpc-2.2.0.jar:/home/runner/.m2/repository/org/apache/logging/log4j/log4j-api/2.17.1/log4j-api-2.17.1.jar:/home/runner/.m2/repository/org/apache/logging/log4j/log4j-core/2.17.1/log4j-core-2.17.1.jar:/home/runner/.m2/repository/com/lmax/disruptor/3.4.2/disruptor-3.4.2.jar:/home/runner/.m2/repository/org/apache/commons/commons-pool2/2.6.0/commons-pool2-2.6.0.jar:/home/runner/.m2/repository/org/bouncycastle/bcpkix-jdk15on/1.67/bcpkix-jdk15on-1.67.jar:/home/runner/.m2/repository/commons-validator/commons-validator/1.6/commons-validator-1.6.jar:/home/runner/.m2/repository/commons-beanutils/commons-beanutils/1.9.4/commons-beanutils-1.9.4.jar:/home/runner/.m2/repository/commons-digester/commons-digester/1.8.1/commons-digester-1.8.1.jar:/home/runner/.m2/repository/commons-collections/commons-collections/3.2.2/commons-collections-3.2.2.jar:/home/runner/.m2/repository/io/jaegertracing/jaeger-client/1.6.0/jaeger-client-1.6.0.jar:/home/runner/.m2/repository/io/jaegertracing/jaeger-thrift/1.6.0/jaeger-thrift-1.6.0.jar:/home/runner/.m2/repository/org/apache/thrift/libthrift/0.14.1/libthrift-0.14.1.jar:/home/runner/.m2/repository/com/squareup/okhttp3/okhttp/4.9.0/okhttp-4.9.0.jar:/home/runner/.m2/repository/com/squareup/okio/okio/2.8.0/okio-2.8.0.jar:/home/runner/.m2/repository/io/jaegertracing/jaeger-core/1.6.0/jaeger-core-1.6.0.jar:/home/runner/.m2/repository/io/jaegertracing/jaeger-tracerresolver/1.6.0/jaeger-tracerresolver-1.6.0.jar:/home/runner/.m2/repository/io/opentracing/contrib/opentracing-tracerresolver/0.1.8/opentracing-tracerresolver-0.1.8.jar:/home/runner/.m2/repository/org/jetbrains/kotlin/kotlin-stdlib/1.4.31/kotlin-stdlib-1.4.31.jar:/home/runner/.m2/repository/org/jetbrains/kotlin/kotlin-stdlib-common/1.4.31/kotlin-stdlib-common-1.4.31.jar:/home/runner/.m2/repository/org/jetbrains/annotations/13.0/annotations-13.0.jar:/home/runner/.m2/repository/io/opentracing/opentracing-util/0.33.0/opentracing-util-0.33.0.jar:/home/runner/.m2/repository/io/opentracing/opentracing-api/0.33.0/opentracing-api-0.33.0.jar:/home/runner/.m2/repository/io/opentracing/opentracing-noop/0.33.0/opentracing-noop-0.33.0.jar:/home/runner/.m2/repository/org/yaml/snakeyaml/1.26/snakeyaml-1.26.jar:/home/runner/.m2/repository/org/apache/ozone/hdds-interface-admin/1.3.0-SNAPSHOT/hdds-interface-admin-1.3.0-SNAPSHOT.jar:/home/runner/.m2/repository/junit/junit/4.13.1/junit-4.13.1.jar:/home/runner/.m2/repository/org/hamcrest/hamcrest-core/1.3/hamcrest-core-1.3.jar:/home/runner/.m2/repository/org/junit/jupiter/junit-jupiter-api/5.7.0/junit-jupiter-api-5.7.0.jar:/home/runner/.m2/repository/org/apiguardian/apiguardian-api/1.1.0/apiguardian-api-1.1.0.jar:/home/runner/.m2/repository/org/opentest4j/opentest4j/1.2.0/opentest4j-1.2.0.jar:/home/runner/.m2/repository/org/junit/platform/junit-platform-commons/1.7.0/junit-platform-commons-1.7.0.jar:/home/runner/.m2/repository/org/junit/jupiter/junit-jupiter-engine/5.7.0/junit-jupiter-engine-5.7.0.jar:/home/runner/.m2/repository/org/junit/platform/junit-platform-engine/1.7.0/junit-platform-engine-1.7.0.jar:/home/runner/.m2/repository/org/junit/vintage/junit-vintage-engine/5.7.0/junit-vintage-engine-5.7.0.jar:/home/runner/.m2/repository/org/junit/platform/junit-platform-launcher/1.7.0/junit-platform-launcher-1.7.0.jar:/home/runner/.m2/repository/org/mockito/mockito-core/2.28.2/mockito-core-2.28.2.jar:/home/runner/.m2/repository/net/bytebuddy/byte-buddy/1.9.10/byte-buddy-1.9.10.jar:/home/runner/.m2/repository/net/bytebuddy/byte-buddy-agent/1.9.10/byte-buddy-agent-1.9.10.jar:/home/runner/.m2/repository/org/objenesis/objenesis/1.0/objenesis-1.0.jar:/home/runner/.m2/repository/org/apache/hadoop/hadoop-kms/3.3.1/hadoop-kms-3.3.1.jar:/home/runner/.m2/repository/org/apache/hadoop/hadoop-auth/3.3.1/hadoop-auth-3.3.1.jar:/home/runner/.m2/repository/com/nimbusds/nimbus-jose-jwt/7.9/nimbus-jose-jwt-7.9.jar:/home/runner/.m2/repository/com/github/stephenc/jcip/jcip-annotations/1.0-1/jcip-annotations-1.0-1.jar:/home/runner/.m2/repository/net/minidev/json-smart/2.4.7/json-smart-2.4.7.jar:/home/runner/.m2/repository/net/minidev/accessors-smart/2.4.7/accessors-smart-2.4.7.jar:/home/runner/.m2/repository/org/ow2/asm/asm/5.0.4/asm-5.0.4.jar:/home/runner/.m2/repository/org/apache/zookeeper/zookeeper/3.5.6/zookeeper-3.5.6.jar:/home/runner/.m2/repository/org/apache/zookeeper/zookeeper-jute/3.5.6/zookeeper-jute-3.5.6.jar:/home/runner/.m2/repository/org/apache/yetus/audience-annotations/0.5.0/audience-annotations-0.5.0.jar:/home/runner/.m2/repository/org/apache/curator/curator-framework/4.2.0/curator-framework-4.2.0.jar:/home/runner/.m2/repository/org/apache/hadoop/thirdparty/hadoop-shaded-guava/1.1.1/hadoop-shaded-guava-1.1.1.jar:/home/runner/.m2/repository/com/sun/jersey/jersey-core/1.19/jersey-core-1.19.jar:/home/runner/.m2/repository/javax/ws/rs/jsr311-api/1.1.1/jsr311-api-1.1.1.jar:/home/runner/.m2/repository/com/sun/jersey/jersey-server/1.19/jersey-server-1.19.jar:/home/runner/.m2/repository/javax/servlet/javax.servlet-api/3.1.0/javax.servlet-api-3.1.0.jar:/home/runner/.m2/repository/org/eclipse/jetty/jetty-server/9.4.43.v20210629/jetty-server-9.4.43.v20210629.jar:/home/runner/.m2/repository/org/eclipse/jetty/jetty-http/9.4.43.v20210629/jetty-http-9.4.43.v20210629.jar:/home/runner/.m2/repository/org/eclipse/jetty/jetty-io/9.4.43.v20210629/jetty-io-9.4.43.v20210629.jar:/home/runner/.m2/repository/org/eclipse/jetty/jetty-webapp/9.4.43.v20210629/jetty-webapp-9.4.43.v20210629.jar:/home/runner/.m2/repository/org/eclipse/jetty/jetty-xml/9.4.43.v20210629/jetty-xml-9.4.43.v20210629.jar:/home/runner/.m2/repository/org/apache/hadoop/hadoop-common/3.3.1/hadoop-common-3.3.1.jar:/home/runner/.m2/repository/org/apache/commons/commons-math3/3.1.1/commons-math3-3.1.1.jar:/home/runner/.m2/repository/commons-net/commons-net/3.6/commons-net-3.6.jar:/home/runner/.m2/repository/jakarta/activation/jakarta.activation-api/1.2.1/jakarta.activation-api-1.2.1.jar:/home/runner/.m2/repository/com/sun/jersey/jersey-servlet/1.19/jersey-servlet-1.19.jar:/home/runner/.m2/repository/com/sun/jersey/jersey-json/1.19/jersey-json-1.19.jar:/home/runner/.m2/repository/org/codehaus/jettison/jettison/1.1/jettison-1.1.jar:/home/runner/.m2/repository/com/sun/xml/bind/jaxb-impl/2.2.3-1/jaxb-impl-2.2.3-1.jar:/home/runner/.m2/repository/org/codehaus/jackson/jackson-jaxrs/1.9.2/jackson-jaxrs-1.9.2.jar:/home/runner/.m2/repository/org/codehaus/jackson/jackson-xc/1.9.2/jackson-xc-1.9.2.jar:/home/runner/.m2/repository/org/apache/commons/commons-configuration2/2.1.1/commons-configuration2-2.1.1.jar:/home/runner/.m2/repository/org/apache/commons/commons-text/1.4/commons-text-1.4.jar:/home/runner/.m2/repository/com/google/re2j/re2j/1.1/re2j-1.1.jar:/home/runner/.m2/repository/com/jcraft/jsch/0.1.54/jsch-0.1.54.jar:/home/runner/.m2/repository/org/apache/curator/curator-client/4.2.0/curator-client-4.2.0.jar:/home/runner/.m2/repository/org/apache/curator/curator-recipes/4.2.0/curator-recipes-4.2.0.jar:/home/runner/.m2/repository/org/apache/kerby/kerb-core/1.0.1/kerb-core-1.0.1.jar:/home/runner/.m2/repository/org/apache/kerby/kerby-pkix/1.0.1/kerby-pkix-1.0.1.jar:/home/runner/.m2/repository/org/apache/kerby/kerby-asn1/1.0.1/kerby-asn1-1.0.1.jar:/home/runner/.m2/repository/org/apache/kerby/kerby-util/1.0.1/kerby-util-1.0.1.jar:/home/runner/.m2/repository/dnsjava/dnsjava/2.1.7/dnsjava-2.1.7.jar:/home/runner/.m2/repository/org/xerial/snappy/snappy-java/1.1.8.2/snappy-java-1.1.8.2.jar:/home/runner/.m2/repository/org/slf4j/jul-to-slf4j/1.7.30/jul-to-slf4j-1.7.30.jar:/home/runner/.m2/repository/org/eclipse/jetty/jetty-util/9.4.43.v20210629/jetty-util-9.4.43.v20210629.jar:/home/runner/.m2/repository/com/fasterxml/jackson/core/jackson-databind/2.12.1/jackson-databind-2.12.1.jar:/home/runner/.m2/repository/org/apache/hadoop/hadoop-kms/3.3.1/hadoop-kms-3.3.1-tests.jar:/home/runner/.m2/repository/org/apache/ozone/hdds-server-scm/1.3.0-SNAPSHOT/hdds-server-scm-1.3.0-SNAPSHOT-tests.jar:/home/runner/.m2/repository/org/apache/ozone/hdds-container-service/1.3.0-SNAPSHOT/hdds-container-service-1.3.0-SNAPSHOT-tests.jar:/home/runner/.m2/repository/commons-codec/commons-codec/1.11/commons-codec-1.11.jar:/home/runner/.m2/repository/io/netty/netty-transport/4.1.63.Final/netty-transport-4.1.63.Final.jar:/home/runner/.m2/repository/io/netty/netty-resolver/4.1.63.Final/netty-resolver-4.1.63.Final.jar:/home/runner/.m2/repository/io/netty/netty-codec/4.1.63.Final/netty-codec-4.1.63.Final.jar:/home/runner/.m2/repository/io/netty/netty-handler/4.1.63.Final/netty-handler-4.1.63.Final.jar:/home/runner/.m2/repository/org/apache/ozone/hdds-hadoop-dependency-test/1.3.0-SNAPSHOT/hdds-hadoop-dependency-test-1.3.0-SNAPSHOT.jar:/home/runner/.m2/repository/org/apache/hadoop/hadoop-common/3.3.1/hadoop-common-3.3.1-tests.jar:/home/runner/.m2/repository/org/assertj/assertj-core/3.12.2/assertj-core-3.12.2.jar:/home/runner/.m2/repository/org/apache/hadoop/hadoop-hdfs/3.3.1/hadoop-hdfs-3.3.1-tests.jar:/home/runner/.m2/repository/org/eclipse/jetty/jetty-util-ajax/9.4.43.v20210629/jetty-util-ajax-9.4.43.v20210629.jar:/home/runner/.m2/repository/commons-daemon/commons-daemon/1.0.13/commons-daemon-1.0.13.jar:/home/runner/.m2/repository/io/netty/netty/3.10.6.Final/netty-3.10.6.Final.jar:/home/runner/.m2/repository/io/netty/netty-all/4.1.63.Final/netty-all-4.1.63.Final.jar:/home/runner/.m2/repository/org/apache/htrace/htrace-core4/4.1.0-incubating/htrace-core4-4.1.0-incubating.jar:/home/runner/.m2/repository/org/fusesource/leveldbjni/leveldbjni-all/1.8/leveldbjni-all-1.8.jar:/home/runner/.m2/repository/org/apache/hadoop/hadoop-distcp/3.3.1/hadoop-distcp-3.3.1.jar:/home/runner/.m2/repository/org/apache/hadoop/hadoop-mapreduce-client-jobclient/3.3.1/hadoop-mapreduce-client-jobclient-3.3.1.jar:/home/runner/.m2/repository/org/apache/hadoop/hadoop-mapreduce-client-common/3.3.1/hadoop-mapreduce-client-common-3.3.1.jar:/home/runner/.m2/repository/org/apache/hadoop/hadoop-yarn-common/3.3.1/hadoop-yarn-common-3.3.1.jar:/home/runner/.m2/repository/org/apache/hadoop/hadoop-yarn-api/3.3.1/hadoop-yarn-api-3.3.1.jar:/home/runner/.m2/repository/com/sun/jersey/jersey-client/1.19/jersey-client-1.19.jar:/home/runner/.m2/repository/com/sun/jersey/contribs/jersey-guice/1.19/jersey-guice-1.19.jar:/home/runner/.m2/repository/com/fasterxml/jackson/jaxrs/jackson-jaxrs-json-provider/2.12.1/jackson-jaxrs-json-provider-2.12.1.jar:/home/runner/.m2/repository/com/fasterxml/jackson/jaxrs/jackson-jaxrs-base/2.12.1/jackson-jaxrs-base-2.12.1.jar:/home/runner/.m2/repository/org/apache/hadoop/hadoop-yarn-client/3.3.1/hadoop-yarn-client-3.3.1.jar:/home/runner/.m2/repository/org/eclipse/jetty/websocket/websocket-client/9.4.40.v20210413/websocket-client-9.4.40.v20210413.jar:/home/runner/.m2/repository/org/eclipse/jetty/jetty-client/9.4.40.v20210413/jetty-client-9.4.40.v20210413.jar:/home/runner/.m2/repository/org/eclipse/jetty/websocket/websocket-common/9.4.40.v20210413/websocket-common-9.4.40.v20210413.jar:/home/runner/.m2/repository/org/eclipse/jetty/websocket/websocket-api/9.4.40.v20210413/websocket-api-9.4.40.v20210413.jar:/home/runner/.m2/repository/org/jline/jline/3.9.0/jline-3.9.0.jar:/home/runner/.m2/repository/org/apache/hadoop/hadoop-mapreduce-client-core/3.3.1/hadoop-mapreduce-client-core-3.3.1.jar:/home/runner/.m2/repository/org/apache/avro/avro/1.7.7/avro-1.7.7.jar:/home/runner/.m2/repository/org/codehaus/jackson/jackson-core-asl/1.9.13/jackson-core-asl-1.9.13.jar:/home/runner/.m2/repository/org/codehaus/jackson/jackson-mapper-asl/1.9.13/jackson-mapper-asl-1.9.13.jar:/home/runner/.m2/repository/com/thoughtworks/paranamer/paranamer/2.3/paranamer-2.3.jar:/home/runner/.m2/repository/org/apache/hadoop/hadoop-annotations/3.3.1/hadoop-annotations-3.3.1.jar:/usr/lib/jvm/temurin-8-jdk-amd64/jre/../lib/tools.jar:/home/runner/.m2/repository/org/apache/hadoop/hadoop-distcp/3.3.1/hadoop-distcp-3.3.1-tests.jar:/home/runner/.m2/repository/org/apache/ratis/ratis-common/2.2.0/ratis-common-2.2.0.jar:/home/runner/.m2/repository/org/apache/ratis/ratis-thirdparty-misc/0.7.0/ratis-thirdparty-misc-0.7.0.jar:/home/runner/.m2/repository/org/apache/ratis/ratis-proto/2.2.0/ratis-proto-2.2.0.jar:"/>
    <property name="java.vm.vendor" value="Temurin"/>
    <property name="sun.arch.data.model" value="64"/>
    <property name="test.build.dir" value="/home/runner/work/ozone/ozone/hadoop-ozone/integration-test/target/test-dir"/>
    <property name="test.cache.data" value=""/>
    <property name="java.vendor.url" value="https://adoptium.net/"/>
    <property name="user.timezone" value=""/>
    <property name="java.vm.specification.version" value="1.8"/>
    <property name="os.name" value="Linux"/>
    <property name="test.build.data" value="/home/runner/work/ozone/ozone/hadoop-ozone/integration-test/target/test-dir"/>
    <property name="sun.java.launcher" value="SUN_STANDARD"/>
    <property name="sun.boot.library.path" value="/usr/lib/jvm/temurin-8-jdk-amd64/jre/lib/amd64"/>
    <property name="sun.java.command" value="/home/runner/work/ozone/ozone/hadoop-ozone/integration-test/target/surefire/surefirebooter8315969173977696418.jar /home/runner/work/ozone/ozone/hadoop-ozone/integration-test/target/surefire 2022-03-04T00-55-39_154-jvmRun1 surefire8861663695075085683tmp surefire_66955121828903318726tmp"/>
    <property name="surefire.test.class.path" value="/home/runner/work/ozone/ozone/hadoop-ozone/integration-test/target/test-classes:/home/runner/work/ozone/ozone/hadoop-ozone/integration-test/target/classes:/home/runner/.m2/repository/org/apache/ozone/ozone-common/1.3.0-SNAPSHOT/ozone-common-1.3.0-SNAPSHOT.jar:/home/runner/.m2/repository/org/apache/commons/commons-compress/1.21/commons-compress-1.21.jar:/home/runner/.m2/repository/org/apache/ozone/hdds-common/1.3.0-SNAPSHOT/hdds-common-1.3.0-SNAPSHOT.jar:/home/runner/.m2/repository/org/apache/ozone/hdds-client/1.3.0-SNAPSHOT/hdds-client-1.3.0-SNAPSHOT.jar:/home/runner/.m2/repository/org/apache/ozone/ozone-interface-client/1.3.0-SNAPSHOT/ozone-interface-client-1.3.0-SNAPSHOT.jar:/home/runner/.m2/repository/org/apache/ozone/hdds-test-utils/1.3.0-SNAPSHOT/hdds-test-utils-1.3.0-SNAPSHOT.jar:/home/runner/.m2/repository/com/google/guava/guava/30.1.1-jre/guava-30.1.1-jre.jar:/home/runner/.m2/repository/com/google/guava/failureaccess/1.0.1/failureaccess-1.0.1.jar:/home/runner/.m2/repository/com/google/guava/listenablefuture/9999.0-empty-to-avoid-conflict-with-guava/listenablefuture-9999.0-empty-to-avoid-conflict-with-guava.jar:/home/runner/.m2/repository/com/google/code/findbugs/jsr305/3.0.0/jsr305-3.0.0.jar:/home/runner/.m2/repository/org/checkerframework/checker-qual/3.8.0/checker-qual-3.8.0.jar:/home/runner/.m2/repository/com/google/errorprone/error_prone_annotations/2.2.0/error_prone_annotations-2.2.0.jar:/home/runner/.m2/repository/com/google/j2objc/j2objc-annotations/1.3/j2objc-annotations-1.3.jar:/home/runner/.m2/repository/commons-io/commons-io/2.11.0/commons-io-2.11.0.jar:/home/runner/.m2/repository/commons-logging/commons-logging/1.2/commons-logging-1.2.jar:/home/runner/.m2/repository/log4j/log4j/1.2.17/log4j-1.2.17.jar:/home/runner/.m2/repository/org/slf4j/slf4j-api/1.7.30/slf4j-api-1.7.30.jar:/home/runner/.m2/repository/org/apache/ozone/hdds-server-scm/1.3.0-SNAPSHOT/hdds-server-scm-1.3.0-SNAPSHOT.jar:/home/runner/.m2/repository/org/apache/ozone/hdds-container-service/1.3.0-SNAPSHOT/hdds-container-service-1.3.0-SNAPSHOT.jar:/home/runner/.m2/repository/org/apache/ozone/hdds-hadoop-dependency-server/1.3.0-SNAPSHOT/hdds-hadoop-dependency-server-1.3.0-SNAPSHOT.jar:/home/runner/.m2/repository/org/apache/hadoop/hadoop-hdfs/3.3.1/hadoop-hdfs-3.3.1.jar:/home/runner/.m2/repository/org/apache/ozone/hdds-server-framework/1.3.0-SNAPSHOT/hdds-server-framework-1.3.0-SNAPSHOT.jar:/home/runner/.m2/repository/org/apache/ozone/hdds-interface-server/1.3.0-SNAPSHOT/hdds-interface-server-1.3.0-SNAPSHOT.jar:/home/runner/.m2/repository/org/eclipse/jetty/jetty-servlet/9.4.43.v20210629/jetty-servlet-9.4.43.v20210629.jar:/home/runner/.m2/repository/org/eclipse/jetty/jetty-security/9.4.43.v20210629/jetty-security-9.4.43.v20210629.jar:/home/runner/.m2/repository/org/rocksdb/rocksdbjni/6.25.3/rocksdbjni-6.25.3.jar:/home/runner/.m2/repository/io/prometheus/simpleclient_dropwizard/0.7.0/simpleclient_dropwizard-0.7.0.jar:/home/runner/.m2/repository/io/prometheus/simpleclient/0.7.0/simpleclient-0.7.0.jar:/home/runner/.m2/repository/io/prometheus/simpleclient_common/0.7.0/simpleclient_common-0.7.0.jar:/home/runner/.m2/repository/com/fasterxml/jackson/datatype/jackson-datatype-jsr310/2.12.1/jackson-datatype-jsr310-2.12.1.jar:/home/runner/.m2/repository/io/dropwizard/metrics/metrics-core/3.2.4/metrics-core-3.2.4.jar:/home/runner/.m2/repository/org/apache/hadoop/hadoop-hdfs-client/3.3.1/hadoop-hdfs-client-3.3.1.jar:/home/runner/.m2/repository/org/bouncycastle/bcprov-jdk15on/1.67/bcprov-jdk15on-1.67.jar:/home/runner/.m2/repository/com/google/protobuf/protobuf-java/2.5.0/protobuf-java-2.5.0.jar:/home/runner/.m2/repository/org/apache/ozone/ozone-manager/1.3.0-SNAPSHOT/ozone-manager-1.3.0-SNAPSHOT.jar:/home/runner/.m2/repository/org/aspectj/aspectjrt/1.9.7/aspectjrt-1.9.7.jar:/home/runner/.m2/repository/org/aspectj/aspectjweaver/1.9.7/aspectjweaver-1.9.7.jar:/home/runner/.m2/repository/org/apache/ozone/hdds-interface-client/1.3.0-SNAPSHOT/hdds-interface-client-1.3.0-SNAPSHOT.jar:/home/runner/.m2/repository/org/apache/hadoop/thirdparty/hadoop-shaded-protobuf_3_7/1.1.1/hadoop-shaded-protobuf_3_7-1.1.1.jar:/home/runner/.m2/repository/org/apache/ozone/ozone-interface-storage/1.3.0-SNAPSHOT/ozone-interface-storage-1.3.0-SNAPSHOT.jar:/home/runner/.m2/repository/org/reflections/reflections/0.9.11/reflections-0.9.11.jar:/home/runner/.m2/repository/org/apache/hadoop/hadoop-minikdc/3.3.1/hadoop-minikdc-3.3.1.jar:/home/runner/.m2/repository/org/apache/kerby/kerb-simplekdc/1.0.1/kerb-simplekdc-1.0.1.jar:/home/runner/.m2/repository/org/apache/kerby/kerb-client/1.0.1/kerb-client-1.0.1.jar:/home/runner/.m2/repository/org/apache/kerby/kerby-config/1.0.1/kerby-config-1.0.1.jar:/home/runner/.m2/repository/org/apache/kerby/kerb-common/1.0.1/kerb-common-1.0.1.jar:/home/runner/.m2/repository/org/apache/kerby/kerb-crypto/1.0.1/kerb-crypto-1.0.1.jar:/home/runner/.m2/repository/org/apache/kerby/kerb-util/1.0.1/kerb-util-1.0.1.jar:/home/runner/.m2/repository/org/apache/kerby/token-provider/1.0.1/token-provider-1.0.1.jar:/home/runner/.m2/repository/org/apache/kerby/kerb-admin/1.0.1/kerb-admin-1.0.1.jar:/home/runner/.m2/repository/org/apache/kerby/kerb-server/1.0.1/kerb-server-1.0.1.jar:/home/runner/.m2/repository/org/apache/kerby/kerb-identity/1.0.1/kerb-identity-1.0.1.jar:/home/runner/.m2/repository/org/apache/kerby/kerby-xdr/1.0.1/kerby-xdr-1.0.1.jar:/home/runner/.m2/repository/org/slf4j/slf4j-log4j12/1.7.30/slf4j-log4j12-1.7.30.jar:/home/runner/.m2/repository/org/apache/ozone/ozone-s3gateway/1.3.0-SNAPSHOT/ozone-s3gateway-1.3.0-SNAPSHOT.jar:/home/runner/.m2/repository/org/javassist/javassist/3.21.0-GA/javassist-3.21.0-GA.jar:/home/runner/.m2/repository/org/jboss/weld/servlet/weld-servlet/2.4.7.Final/weld-servlet-2.4.7.Final.jar:/home/runner/.m2/repository/org/glassfish/jersey/containers/jersey-container-servlet-core/2.33/jersey-container-servlet-core-2.33.jar:/home/runner/.m2/repository/org/glassfish/hk2/external/jakarta.inject/2.6.1/jakarta.inject-2.6.1.jar:/home/runner/.m2/repository/org/glassfish/jersey/core/jersey-common/2.33/jersey-common-2.33.jar:/home/runner/.m2/repository/jakarta/ws/rs/jakarta.ws.rs-api/2.1.6/jakarta.ws.rs-api-2.1.6.jar:/home/runner/.m2/repository/org/glassfish/jersey/ext/cdi/jersey-cdi1x/2.33/jersey-cdi1x-2.33.jar:/home/runner/.m2/repository/org/glassfish/jersey/inject/jersey-hk2/2.33/jersey-hk2-2.33.jar:/home/runner/.m2/repository/org/glassfish/hk2/hk2-locator/2.6.1/hk2-locator-2.6.1.jar:/home/runner/.m2/repository/org/glassfish/jersey/media/jersey-media-jaxb/2.33/jersey-media-jaxb-2.33.jar:/home/runner/.m2/repository/org/glassfish/hk2/osgi-resource-locator/1.0.3/osgi-resource-locator-1.0.3.jar:/home/runner/.m2/repository/org/glassfish/hk2/hk2-api/2.5.0/hk2-api-2.5.0.jar:/home/runner/.m2/repository/org/glassfish/hk2/hk2-utils/2.5.0/hk2-utils-2.5.0.jar:/home/runner/.m2/repository/org/glassfish/hk2/external/aopalliance-repackaged/2.5.0/aopalliance-repackaged-2.5.0.jar:/home/runner/.m2/repository/com/fasterxml/jackson/dataformat/jackson-dataformat-xml/2.12.1/jackson-dataformat-xml-2.12.1.jar:/home/runner/.m2/repository/com/fasterxml/jackson/core/jackson-core/2.12.1/jackson-core-2.12.1.jar:/home/runner/.m2/repository/com/fasterxml/jackson/module/jackson-module-jaxb-annotations/2.12.1/jackson-module-jaxb-annotations-2.12.1.jar:/home/runner/.m2/repository/jakarta/xml/bind/jakarta.xml.bind-api/2.3.2/jakarta.xml.bind-api-2.3.2.jar:/home/runner/.m2/repository/org/codehaus/woodstox/stax2-api/3.1.4/stax2-api-3.1.4.jar:/home/runner/.m2/repository/com/fasterxml/woodstox/woodstox-core/5.0.3/woodstox-core-5.0.3.jar:/home/runner/.m2/repository/javax/enterprise/cdi-api/1.2/cdi-api-1.2.jar:/home/runner/.m2/repository/javax/el/javax.el-api/3.0.0/javax.el-api-3.0.0.jar:/home/runner/.m2/repository/javax/interceptor/javax.interceptor-api/1.2/javax.interceptor-api-1.2.jar:/home/runner/.m2/repository/javax/inject/javax.inject/1/javax.inject-1.jar:/home/runner/.m2/repository/javax/xml/bind/jaxb-api/2.3.0/jaxb-api-2.3.0.jar:/home/runner/.m2/repository/org/glassfish/jaxb/jaxb-runtime/2.3.0.1/jaxb-runtime-2.3.0.1.jar:/home/runner/.m2/repository/org/glassfish/jaxb/jaxb-core/2.3.0.1/jaxb-core-2.3.0.1.jar:/home/runner/.m2/repository/org/glassfish/jaxb/txw2/2.3.0.1/txw2-2.3.0.1.jar:/home/runner/.m2/repository/com/sun/istack/istack-commons-runtime/3.0.5/istack-commons-runtime-3.0.5.jar:/home/runner/.m2/repository/org/jvnet/staxex/stax-ex/1.7.8/stax-ex-1.7.8.jar:/home/runner/.m2/repository/com/sun/xml/fastinfoset/FastInfoset/1.2.13/FastInfoset-1.2.13.jar:/home/runner/.m2/repository/javax/activation/activation/1.1.1/activation-1.1.1.jar:/home/runner/.m2/repository/org/apache/ozone/ozone-csi/1.3.0-SNAPSHOT/ozone-csi-1.3.0-SNAPSHOT.jar:/home/runner/.m2/repository/com/google/protobuf/protobuf-java-util/3.12.0/protobuf-java-util-3.12.0.jar:/home/runner/.m2/repository/com/google/code/gson/gson/2.2.4/gson-2.2.4.jar:/home/runner/.m2/repository/org/apache/ozone/hdds-config/1.3.0-SNAPSHOT/hdds-config-1.3.0-SNAPSHOT.jar:/home/runner/.m2/repository/io/grpc/grpc-netty/1.33.0/grpc-netty-1.33.0.jar:/home/runner/.m2/repository/io/grpc/grpc-core/1.33.0/grpc-core-1.33.0.jar:/home/runner/.m2/repository/com/google/android/annotations/4.1.1.4/annotations-4.1.1.4.jar:/home/runner/.m2/repository/io/netty/netty-codec-http2/4.1.63.Final/netty-codec-http2-4.1.63.Final.jar:/home/runner/.m2/repository/io/netty/netty-codec-http/4.1.63.Final/netty-codec-http-4.1.63.Final.jar:/home/runner/.m2/repository/io/netty/netty-handler-proxy/4.1.63.Final/netty-handler-proxy-4.1.63.Final.jar:/home/runner/.m2/repository/io/netty/netty-codec-socks/4.1.63.Final/netty-codec-socks-4.1.63.Final.jar:/home/runner/.m2/repository/io/perfmark/perfmark-api/0.19.0/perfmark-api-0.19.0.jar:/home/runner/.m2/repository/org/codehaus/mojo/animal-sniffer-annotations/1.18/animal-sniffer-annotations-1.18.jar:/home/runner/.m2/repository/io/netty/netty-transport-native-epoll/4.1.63.Final/netty-transport-native-epoll-4.1.63.Final.jar:/home/runner/.m2/repository/io/netty/netty-common/4.1.63.Final/netty-common-4.1.63.Final.jar:/home/runner/.m2/repository/io/netty/netty-buffer/4.1.63.Final/netty-buffer-4.1.63.Final.jar:/home/runner/.m2/repository/io/netty/netty-transport-native-unix-common/4.1.63.Final/netty-transport-native-unix-common-4.1.63.Final.jar:/home/runner/.m2/repository/io/grpc/grpc-protobuf/1.33.0/grpc-protobuf-1.33.0.jar:/home/runner/.m2/repository/io/grpc/grpc-api/1.33.0/grpc-api-1.33.0.jar:/home/runner/.m2/repository/io/grpc/grpc-context/1.33.0/grpc-context-1.33.0.jar:/home/runner/.m2/repository/com/google/api/grpc/proto-google-common-protos/1.17.0/proto-google-common-protos-1.17.0.jar:/home/runner/.m2/repository/io/grpc/grpc-protobuf-lite/1.33.0/grpc-protobuf-lite-1.33.0.jar:/home/runner/.m2/repository/io/grpc/grpc-stub/1.33.0/grpc-stub-1.33.0.jar:/home/runner/.m2/repository/org/apache/ozone/ozone-recon/1.3.0-SNAPSHOT/ozone-recon-1.3.0-SNAPSHOT.jar:/home/runner/.m2/repository/org/apache/ozone/ozone-reconcodegen/1.3.0-SNAPSHOT/ozone-reconcodegen-1.3.0-SNAPSHOT.jar:/home/runner/.m2/repository/com/google/inject/extensions/guice-multibindings/4.0/guice-multibindings-4.0.jar:/home/runner/.m2/repository/com/google/inject/guice/4.0/guice-4.0.jar:/home/runner/.m2/repository/aopalliance/aopalliance/1.0/aopalliance-1.0.jar:/home/runner/.m2/repository/com/google/inject/extensions/guice-assistedinject/4.0/guice-assistedinject-4.0.jar:/home/runner/.m2/repository/com/google/inject/extensions/guice-servlet/4.0/guice-servlet-4.0.jar:/home/runner/.m2/repository/org/glassfish/jersey/containers/jersey-container-servlet/2.33/jersey-container-servlet-2.33.jar:/home/runner/.m2/repository/org/glassfish/hk2/guice-bridge/2.5.0/guice-bridge-2.5.0.jar:/home/runner/.m2/repository/org/glassfish/jersey/core/jersey-server/2.33/jersey-server-2.33.jar:/home/runner/.m2/repository/org/glassfish/jersey/core/jersey-client/2.33/jersey-client-2.33.jar:/home/runner/.m2/repository/jakarta/annotation/jakarta.annotation-api/1.3.5/jakarta.annotation-api-1.3.5.jar:/home/runner/.m2/repository/jakarta/validation/jakarta.validation-api/2.0.2/jakarta.validation-api-2.0.2.jar:/home/runner/.m2/repository/org/glassfish/jersey/media/jersey-media-json-jackson/2.33/jersey-media-json-jackson-2.33.jar:/home/runner/.m2/repository/org/glassfish/jersey/ext/jersey-entity-filtering/2.33/jersey-entity-filtering-2.33.jar:/home/runner/.m2/repository/org/jooq/jooq/3.11.10/jooq-3.11.10.jar:/home/runner/.m2/repository/org/jooq/jooq-meta/3.11.10/jooq-meta-3.11.10.jar:/home/runner/.m2/repository/org/jooq/jooq-codegen/3.11.10/jooq-codegen-3.11.10.jar:/home/runner/.m2/repository/com/jolbox/bonecp/0.8.0.RELEASE/bonecp-0.8.0.RELEASE.jar:/home/runner/.m2/repository/org/apache/derby/derby/10.14.2.0/derby-10.14.2.0.jar:/home/runner/.m2/repository/org/xerial/sqlite-jdbc/3.25.2/sqlite-jdbc-3.25.2.jar:/home/runner/.m2/repository/org/springframework/spring-jdbc/5.2.18.RELEASE/spring-jdbc-5.2.18.RELEASE.jar:/home/runner/.m2/repository/org/springframework/spring-beans/5.2.18.RELEASE/spring-beans-5.2.18.RELEASE.jar:/home/runner/.m2/repository/org/springframework/spring-core/5.2.18.RELEASE/spring-core-5.2.18.RELEASE.jar:/home/runner/.m2/repository/org/springframework/spring-jcl/5.2.18.RELEASE/spring-jcl-5.2.18.RELEASE.jar:/home/runner/.m2/repository/org/springframework/spring-tx/5.2.18.RELEASE/spring-tx-5.2.18.RELEASE.jar:/home/runner/.m2/repository/org/apache/ozone/ozone-client/1.3.0-SNAPSHOT/ozone-client-1.3.0-SNAPSHOT.jar:/home/runner/.m2/repository/org/apache/ozone/ozone-filesystem/1.3.0-SNAPSHOT/ozone-filesystem-1.3.0-SNAPSHOT.jar:/home/runner/.m2/repository/org/apache/ozone/ozone-filesystem-common/1.3.0-SNAPSHOT/ozone-filesystem-common-1.3.0-SNAPSHOT.jar:/home/runner/.m2/repository/org/apache/ozone/ozone-tools/1.3.0-SNAPSHOT/ozone-tools-1.3.0-SNAPSHOT.jar:/home/runner/.m2/repository/org/apache/ratis/ratis-tools/2.2.0/ratis-tools-2.2.0.jar:/home/runner/.m2/repository/com/amazonaws/aws-java-sdk-core/1.12.124/aws-java-sdk-core-1.12.124.jar:/home/runner/.m2/repository/org/apache/httpcomponents/httpclient/4.5.13/httpclient-4.5.13.jar:/home/runner/.m2/repository/org/apache/httpcomponents/httpcore/4.4.13/httpcore-4.4.13.jar:/home/runner/.m2/repository/software/amazon/ion/ion-java/1.0.2/ion-java-1.0.2.jar:/home/runner/.m2/repository/com/fasterxml/jackson/dataformat/jackson-dataformat-cbor/2.12.1/jackson-dataformat-cbor-2.12.1.jar:/home/runner/.m2/repository/joda-time/joda-time/2.8.1/joda-time-2.8.1.jar:/home/runner/.m2/repository/com/amazonaws/aws-java-sdk-s3/1.12.124/aws-java-sdk-s3-1.12.124.jar:/home/runner/.m2/repository/com/amazonaws/aws-java-sdk-kms/1.12.124/aws-java-sdk-kms-1.12.124.jar:/home/runner/.m2/repository/com/amazonaws/jmespath-java/1.12.124/jmespath-java-1.12.124.jar:/home/runner/.m2/repository/org/kohsuke/metainf-services/metainf-services/1.8/metainf-services-1.8.jar:/home/runner/.m2/repository/org/apache/ozone/hdds-tools/1.3.0-SNAPSHOT/hdds-tools-1.3.0-SNAPSHOT.jar:/home/runner/.m2/repository/commons-cli/commons-cli/1.2/commons-cli-1.2.jar:/home/runner/.m2/repository/org/apache/commons/commons-lang3/3.7/commons-lang3-3.7.jar:/home/runner/.m2/repository/org/apache/ozone/ozone-manager/1.3.0-SNAPSHOT/ozone-manager-1.3.0-SNAPSHOT-tests.jar:/home/runner/.m2/repository/org/apache/ozone/hdds-common/1.3.0-SNAPSHOT/hdds-common-1.3.0-SNAPSHOT-tests.jar:/home/runner/.m2/repository/org/apache/ozone/hdds-hadoop-dependency-client/1.3.0-SNAPSHOT/hdds-hadoop-dependency-client-1.3.0-SNAPSHOT.jar:/home/runner/.m2/repository/info/picocli/picocli/4.6.1/picocli-4.6.1.jar:/home/runner/.m2/repository/com/fasterxml/jackson/core/jackson-annotations/2.12.1/jackson-annotations-2.12.1.jar:/home/runner/.m2/repository/javax/annotation/javax.annotation-api/1.2/javax.annotation-api-1.2.jar:/home/runner/.m2/repository/org/apache/ratis/ratis-server/2.2.0/ratis-server-2.2.0.jar:/home/runner/.m2/repository/org/apache/ratis/ratis-client/2.2.0/ratis-client-2.2.0.jar:/home/runner/.m2/repository/org/apache/ratis/ratis-server-api/2.2.0/ratis-server-api-2.2.0.jar:/home/runner/.m2/repository/org/apache/ratis/ratis-metrics/2.2.0/ratis-metrics-2.2.0.jar:/home/runner/.m2/repository/org/apache/ratis/ratis-netty/2.2.0/ratis-netty-2.2.0.jar:/home/runner/.m2/repository/org/apache/ratis/ratis-grpc/2.2.0/ratis-grpc-2.2.0.jar:/home/runner/.m2/repository/org/apache/logging/log4j/log4j-api/2.17.1/log4j-api-2.17.1.jar:/home/runner/.m2/repository/org/apache/logging/log4j/log4j-core/2.17.1/log4j-core-2.17.1.jar:/home/runner/.m2/repository/com/lmax/disruptor/3.4.2/disruptor-3.4.2.jar:/home/runner/.m2/repository/org/apache/commons/commons-pool2/2.6.0/commons-pool2-2.6.0.jar:/home/runner/.m2/repository/org/bouncycastle/bcpkix-jdk15on/1.67/bcpkix-jdk15on-1.67.jar:/home/runner/.m2/repository/commons-validator/commons-validator/1.6/commons-validator-1.6.jar:/home/runner/.m2/repository/commons-beanutils/commons-beanutils/1.9.4/commons-beanutils-1.9.4.jar:/home/runner/.m2/repository/commons-digester/commons-digester/1.8.1/commons-digester-1.8.1.jar:/home/runner/.m2/repository/commons-collections/commons-collections/3.2.2/commons-collections-3.2.2.jar:/home/runner/.m2/repository/io/jaegertracing/jaeger-client/1.6.0/jaeger-client-1.6.0.jar:/home/runner/.m2/repository/io/jaegertracing/jaeger-thrift/1.6.0/jaeger-thrift-1.6.0.jar:/home/runner/.m2/repository/org/apache/thrift/libthrift/0.14.1/libthrift-0.14.1.jar:/home/runner/.m2/repository/com/squareup/okhttp3/okhttp/4.9.0/okhttp-4.9.0.jar:/home/runner/.m2/repository/com/squareup/okio/okio/2.8.0/okio-2.8.0.jar:/home/runner/.m2/repository/io/jaegertracing/jaeger-core/1.6.0/jaeger-core-1.6.0.jar:/home/runner/.m2/repository/io/jaegertracing/jaeger-tracerresolver/1.6.0/jaeger-tracerresolver-1.6.0.jar:/home/runner/.m2/repository/io/opentracing/contrib/opentracing-tracerresolver/0.1.8/opentracing-tracerresolver-0.1.8.jar:/home/runner/.m2/repository/org/jetbrains/kotlin/kotlin-stdlib/1.4.31/kotlin-stdlib-1.4.31.jar:/home/runner/.m2/repository/org/jetbrains/kotlin/kotlin-stdlib-common/1.4.31/kotlin-stdlib-common-1.4.31.jar:/home/runner/.m2/repository/org/jetbrains/annotations/13.0/annotations-13.0.jar:/home/runner/.m2/repository/io/opentracing/opentracing-util/0.33.0/opentracing-util-0.33.0.jar:/home/runner/.m2/repository/io/opentracing/opentracing-api/0.33.0/opentracing-api-0.33.0.jar:/home/runner/.m2/repository/io/opentracing/opentracing-noop/0.33.0/opentracing-noop-0.33.0.jar:/home/runner/.m2/repository/org/yaml/snakeyaml/1.26/snakeyaml-1.26.jar:/home/runner/.m2/repository/org/apache/ozone/hdds-interface-admin/1.3.0-SNAPSHOT/hdds-interface-admin-1.3.0-SNAPSHOT.jar:/home/runner/.m2/repository/junit/junit/4.13.1/junit-4.13.1.jar:/home/runner/.m2/repository/org/hamcrest/hamcrest-core/1.3/hamcrest-core-1.3.jar:/home/runner/.m2/repository/org/junit/jupiter/junit-jupiter-api/5.7.0/junit-jupiter-api-5.7.0.jar:/home/runner/.m2/repository/org/apiguardian/apiguardian-api/1.1.0/apiguardian-api-1.1.0.jar:/home/runner/.m2/repository/org/opentest4j/opentest4j/1.2.0/opentest4j-1.2.0.jar:/home/runner/.m2/repository/org/junit/platform/junit-platform-commons/1.7.0/junit-platform-commons-1.7.0.jar:/home/runner/.m2/repository/org/junit/jupiter/junit-jupiter-engine/5.7.0/junit-jupiter-engine-5.7.0.jar:/home/runner/.m2/repository/org/junit/platform/junit-platform-engine/1.7.0/junit-platform-engine-1.7.0.jar:/home/runner/.m2/repository/org/junit/vintage/junit-vintage-engine/5.7.0/junit-vintage-engine-5.7.0.jar:/home/runner/.m2/repository/org/junit/platform/junit-platform-launcher/1.7.0/junit-platform-launcher-1.7.0.jar:/home/runner/.m2/repository/org/mockito/mockito-core/2.28.2/mockito-core-2.28.2.jar:/home/runner/.m2/repository/net/bytebuddy/byte-buddy/1.9.10/byte-buddy-1.9.10.jar:/home/runner/.m2/repository/net/bytebuddy/byte-buddy-agent/1.9.10/byte-buddy-agent-1.9.10.jar:/home/runner/.m2/repository/org/objenesis/objenesis/1.0/objenesis-1.0.jar:/home/runner/.m2/repository/org/apache/hadoop/hadoop-kms/3.3.1/hadoop-kms-3.3.1.jar:/home/runner/.m2/repository/org/apache/hadoop/hadoop-auth/3.3.1/hadoop-auth-3.3.1.jar:/home/runner/.m2/repository/com/nimbusds/nimbus-jose-jwt/7.9/nimbus-jose-jwt-7.9.jar:/home/runner/.m2/repository/com/github/stephenc/jcip/jcip-annotations/1.0-1/jcip-annotations-1.0-1.jar:/home/runner/.m2/repository/net/minidev/json-smart/2.4.7/json-smart-2.4.7.jar:/home/runner/.m2/repository/net/minidev/accessors-smart/2.4.7/accessors-smart-2.4.7.jar:/home/runner/.m2/repository/org/ow2/asm/asm/5.0.4/asm-5.0.4.jar:/home/runner/.m2/repository/org/apache/zookeeper/zookeeper/3.5.6/zookeeper-3.5.6.jar:/home/runner/.m2/repository/org/apache/zookeeper/zookeeper-jute/3.5.6/zookeeper-jute-3.5.6.jar:/home/runner/.m2/repository/org/apache/yetus/audience-annotations/0.5.0/audience-annotations-0.5.0.jar:/home/runner/.m2/repository/org/apache/curator/curator-framework/4.2.0/curator-framework-4.2.0.jar:/home/runner/.m2/repository/org/apache/hadoop/thirdparty/hadoop-shaded-guava/1.1.1/hadoop-shaded-guava-1.1.1.jar:/home/runner/.m2/repository/com/sun/jersey/jersey-core/1.19/jersey-core-1.19.jar:/home/runner/.m2/repository/javax/ws/rs/jsr311-api/1.1.1/jsr311-api-1.1.1.jar:/home/runner/.m2/repository/com/sun/jersey/jersey-server/1.19/jersey-server-1.19.jar:/home/runner/.m2/repository/javax/servlet/javax.servlet-api/3.1.0/javax.servlet-api-3.1.0.jar:/home/runner/.m2/repository/org/eclipse/jetty/jetty-server/9.4.43.v20210629/jetty-server-9.4.43.v20210629.jar:/home/runner/.m2/repository/org/eclipse/jetty/jetty-http/9.4.43.v20210629/jetty-http-9.4.43.v20210629.jar:/home/runner/.m2/repository/org/eclipse/jetty/jetty-io/9.4.43.v20210629/jetty-io-9.4.43.v20210629.jar:/home/runner/.m2/repository/org/eclipse/jetty/jetty-webapp/9.4.43.v20210629/jetty-webapp-9.4.43.v20210629.jar:/home/runner/.m2/repository/org/eclipse/jetty/jetty-xml/9.4.43.v20210629/jetty-xml-9.4.43.v20210629.jar:/home/runner/.m2/repository/org/apache/hadoop/hadoop-common/3.3.1/hadoop-common-3.3.1.jar:/home/runner/.m2/repository/org/apache/commons/commons-math3/3.1.1/commons-math3-3.1.1.jar:/home/runner/.m2/repository/commons-net/commons-net/3.6/commons-net-3.6.jar:/home/runner/.m2/repository/jakarta/activation/jakarta.activation-api/1.2.1/jakarta.activation-api-1.2.1.jar:/home/runner/.m2/repository/com/sun/jersey/jersey-servlet/1.19/jersey-servlet-1.19.jar:/home/runner/.m2/repository/com/sun/jersey/jersey-json/1.19/jersey-json-1.19.jar:/home/runner/.m2/repository/org/codehaus/jettison/jettison/1.1/jettison-1.1.jar:/home/runner/.m2/repository/com/sun/xml/bind/jaxb-impl/2.2.3-1/jaxb-impl-2.2.3-1.jar:/home/runner/.m2/repository/org/codehaus/jackson/jackson-jaxrs/1.9.2/jackson-jaxrs-1.9.2.jar:/home/runner/.m2/repository/org/codehaus/jackson/jackson-xc/1.9.2/jackson-xc-1.9.2.jar:/home/runner/.m2/repository/org/apache/commons/commons-configuration2/2.1.1/commons-configuration2-2.1.1.jar:/home/runner/.m2/repository/org/apache/commons/commons-text/1.4/commons-text-1.4.jar:/home/runner/.m2/repository/com/google/re2j/re2j/1.1/re2j-1.1.jar:/home/runner/.m2/repository/com/jcraft/jsch/0.1.54/jsch-0.1.54.jar:/home/runner/.m2/repository/org/apache/curator/curator-client/4.2.0/curator-client-4.2.0.jar:/home/runner/.m2/repository/org/apache/curator/curator-recipes/4.2.0/curator-recipes-4.2.0.jar:/home/runner/.m2/repository/org/apache/kerby/kerb-core/1.0.1/kerb-core-1.0.1.jar:/home/runner/.m2/repository/org/apache/kerby/kerby-pkix/1.0.1/kerby-pkix-1.0.1.jar:/home/runner/.m2/repository/org/apache/kerby/kerby-asn1/1.0.1/kerby-asn1-1.0.1.jar:/home/runner/.m2/repository/org/apache/kerby/kerby-util/1.0.1/kerby-util-1.0.1.jar:/home/runner/.m2/repository/dnsjava/dnsjava/2.1.7/dnsjava-2.1.7.jar:/home/runner/.m2/repository/org/xerial/snappy/snappy-java/1.1.8.2/snappy-java-1.1.8.2.jar:/home/runner/.m2/repository/org/slf4j/jul-to-slf4j/1.7.30/jul-to-slf4j-1.7.30.jar:/home/runner/.m2/repository/org/eclipse/jetty/jetty-util/9.4.43.v20210629/jetty-util-9.4.43.v20210629.jar:/home/runner/.m2/repository/com/fasterxml/jackson/core/jackson-databind/2.12.1/jackson-databind-2.12.1.jar:/home/runner/.m2/repository/org/apache/hadoop/hadoop-kms/3.3.1/hadoop-kms-3.3.1-tests.jar:/home/runner/.m2/repository/org/apache/ozone/hdds-server-scm/1.3.0-SNAPSHOT/hdds-server-scm-1.3.0-SNAPSHOT-tests.jar:/home/runner/.m2/repository/org/apache/ozone/hdds-container-service/1.3.0-SNAPSHOT/hdds-container-service-1.3.0-SNAPSHOT-tests.jar:/home/runner/.m2/repository/commons-codec/commons-codec/1.11/commons-codec-1.11.jar:/home/runner/.m2/repository/io/netty/netty-transport/4.1.63.Final/netty-transport-4.1.63.Final.jar:/home/runner/.m2/repository/io/netty/netty-resolver/4.1.63.Final/netty-resolver-4.1.63.Final.jar:/home/runner/.m2/repository/io/netty/netty-codec/4.1.63.Final/netty-codec-4.1.63.Final.jar:/home/runner/.m2/repository/io/netty/netty-handler/4.1.63.Final/netty-handler-4.1.63.Final.jar:/home/runner/.m2/repository/org/apache/ozone/hdds-hadoop-dependency-test/1.3.0-SNAPSHOT/hdds-hadoop-dependency-test-1.3.0-SNAPSHOT.jar:/home/runner/.m2/repository/org/apache/hadoop/hadoop-common/3.3.1/hadoop-common-3.3.1-tests.jar:/home/runner/.m2/repository/org/assertj/assertj-core/3.12.2/assertj-core-3.12.2.jar:/home/runner/.m2/repository/org/apache/hadoop/hadoop-hdfs/3.3.1/hadoop-hdfs-3.3.1-tests.jar:/home/runner/.m2/repository/org/eclipse/jetty/jetty-util-ajax/9.4.43.v20210629/jetty-util-ajax-9.4.43.v20210629.jar:/home/runner/.m2/repository/commons-daemon/commons-daemon/1.0.13/commons-daemon-1.0.13.jar:/home/runner/.m2/repository/io/netty/netty/3.10.6.Final/netty-3.10.6.Final.jar:/home/runner/.m2/repository/io/netty/netty-all/4.1.63.Final/netty-all-4.1.63.Final.jar:/home/runner/.m2/repository/org/apache/htrace/htrace-core4/4.1.0-incubating/htrace-core4-4.1.0-incubating.jar:/home/runner/.m2/repository/org/fusesource/leveldbjni/leveldbjni-all/1.8/leveldbjni-all-1.8.jar:/home/runner/.m2/repository/org/apache/hadoop/hadoop-distcp/3.3.1/hadoop-distcp-3.3.1.jar:/home/runner/.m2/repository/org/apache/hadoop/hadoop-mapreduce-client-jobclient/3.3.1/hadoop-mapreduce-client-jobclient-3.3.1.jar:/home/runner/.m2/repository/org/apache/hadoop/hadoop-mapreduce-client-common/3.3.1/hadoop-mapreduce-client-common-3.3.1.jar:/home/runner/.m2/repository/org/apache/hadoop/hadoop-yarn-common/3.3.1/hadoop-yarn-common-3.3.1.jar:/home/runner/.m2/repository/org/apache/hadoop/hadoop-yarn-api/3.3.1/hadoop-yarn-api-3.3.1.jar:/home/runner/.m2/repository/com/sun/jersey/jersey-client/1.19/jersey-client-1.19.jar:/home/runner/.m2/repository/com/sun/jersey/contribs/jersey-guice/1.19/jersey-guice-1.19.jar:/home/runner/.m2/repository/com/fasterxml/jackson/jaxrs/jackson-jaxrs-json-provider/2.12.1/jackson-jaxrs-json-provider-2.12.1.jar:/home/runner/.m2/repository/com/fasterxml/jackson/jaxrs/jackson-jaxrs-base/2.12.1/jackson-jaxrs-base-2.12.1.jar:/home/runner/.m2/repository/org/apache/hadoop/hadoop-yarn-client/3.3.1/hadoop-yarn-client-3.3.1.jar:/home/runner/.m2/repository/org/eclipse/jetty/websocket/websocket-client/9.4.40.v20210413/websocket-client-9.4.40.v20210413.jar:/home/runner/.m2/repository/org/eclipse/jetty/jetty-client/9.4.40.v20210413/jetty-client-9.4.40.v20210413.jar:/home/runner/.m2/repository/org/eclipse/jetty/websocket/websocket-common/9.4.40.v20210413/websocket-common-9.4.40.v20210413.jar:/home/runner/.m2/repository/org/eclipse/jetty/websocket/websocket-api/9.4.40.v20210413/websocket-api-9.4.40.v20210413.jar:/home/runner/.m2/repository/org/jline/jline/3.9.0/jline-3.9.0.jar:/home/runner/.m2/repository/org/apache/hadoop/hadoop-mapreduce-client-core/3.3.1/hadoop-mapreduce-client-core-3.3.1.jar:/home/runner/.m2/repository/org/apache/avro/avro/1.7.7/avro-1.7.7.jar:/home/runner/.m2/repository/org/codehaus/jackson/jackson-core-asl/1.9.13/jackson-core-asl-1.9.13.jar:/home/runner/.m2/repository/org/codehaus/jackson/jackson-mapper-asl/1.9.13/jackson-mapper-asl-1.9.13.jar:/home/runner/.m2/repository/com/thoughtworks/paranamer/paranamer/2.3/paranamer-2.3.jar:/home/runner/.m2/repository/org/apache/hadoop/hadoop-annotations/3.3.1/hadoop-annotations-3.3.1.jar:/usr/lib/jvm/temurin-8-jdk-amd64/jre/../lib/tools.jar:/home/runner/.m2/repository/org/apache/hadoop/hadoop-distcp/3.3.1/hadoop-distcp-3.3.1-tests.jar:/home/runner/.m2/repository/org/apache/ratis/ratis-common/2.2.0/ratis-common-2.2.0.jar:/home/runner/.m2/repository/org/apache/ratis/ratis-thirdparty-misc/0.7.0/ratis-thirdparty-misc-0.7.0.jar:/home/runner/.m2/repository/org/apache/ratis/ratis-proto/2.2.0/ratis-proto-2.2.0.jar:"/>
    <property name="sun.cpu.endian" value="little"/>
    <property name="user.home" value="/home/runner"/>
    <property name="user.language" value="en"/>
    <property name="java.specification.vendor" value="Oracle Corporation"/>
    <property name="java.home" value="/usr/lib/jvm/temurin-8-jdk-amd64/jre"/>
    <property name="java.security.krb5.conf" value="/home/runner/work/ozone/ozone/hadoop-ozone/integration-test/target/test-classes/krb5.conf"/>
    <property name="basedir" value="/home/runner/work/ozone/ozone/hadoop-ozone/integration-test"/>
    <property name="file.separator" value="/"/>
    <property name="line.separator" value="&#10;"/>
    <property name="java.vm.specification.vendor" value="Oracle Corporation"/>
    <property name="java.specification.name" value="Java Platform API Specification"/>
    <property name="java.awt.graphicsenv" value="sun.awt.X11GraphicsEnvironment"/>
    <property name="skip.installnpx" value="true"/>
    <property name="surefire.real.class.path" value="/home/runner/work/ozone/ozone/hadoop-ozone/integration-test/target/surefire/surefirebooter8315969173977696418.jar:/home/runner/.m2/repository/org/jacoco/org.jacoco.agent/0.8.5/org.jacoco.agent-0.8.5-runtime.jar"/>
    <property name="hadoop.log.dir" value="/home/runner/work/ozone/ozone/hadoop-ozone/integration-test/target/log"/>
    <property name="sun.boot.class.path" value="/usr/lib/jvm/temurin-8-jdk-amd64/jre/lib/resources.jar:/usr/lib/jvm/temurin-8-jdk-amd64/jre/lib/rt.jar:/usr/lib/jvm/temurin-8-jdk-amd64/jre/lib/sunrsasign.jar:/usr/lib/jvm/temurin-8-jdk-amd64/jre/lib/jsse.jar:/usr/lib/jvm/temurin-8-jdk-amd64/jre/lib/jce.jar:/usr/lib/jvm/temurin-8-jdk-amd64/jre/lib/charsets.jar:/usr/lib/jvm/temurin-8-jdk-amd64/jre/lib/jfr.jar:/usr/lib/jvm/temurin-8-jdk-amd64/jre/classes"/>
    <property name="sun.management.compiler" value="HotSpot 64-Bit Tiered Compilers"/>
    <property name="skip.npx" value="true"/>
    <property name="java.runtime.version" value="1.8.0_322-b06"/>
    <property name="java.net.preferIPv4Stack" value="true"/>
    <property name="user.name" value="runner"/>
    <property name="path.separator" value=":"/>
    <property name="java.security.egd" value="file:///dev/urandom"/>
    <property name="os.version" value="5.4.0-1070-azure"/>
    <property name="java.endorsed.dirs" value="/usr/lib/jvm/temurin-8-jdk-amd64/jre/lib/endorsed"/>
    <property name="java.runtime.name" value="OpenJDK Runtime Environment"/>
    <property name="file.encoding" value="UTF-8"/>
    <property name="java.vm.name" value="OpenJDK 64-Bit Server VM"/>
    <property name="test.build.webapps" value=""/>
    <property name="localRepository" value="/home/runner/.m2/repository"/>
    <property name="java.vendor.url.bug" value="https://github.com/adoptium/adoptium-support/issues"/>
    <property name="java.io.tmpdir" value="/tmp"/>
    <property name="require.test.libhadoop" value=""/>
    <property name="java.version" value="1.8.0_322"/>
    <property name="user.dir" value="/home/runner/work/ozone/ozone/hadoop-ozone/integration-test"/>
    <property name="os.arch" value="amd64"/>
    <property name="java.vm.specification.name" value="Java Virtual Machine Specification"/>
    <property name="test.build.classes" value="/home/runner/work/ozone/ozone/hadoop-ozone/integration-test/target/test-classes"/>
    <property name="java.awt.printerjob" value="sun.print.PSPrinterJob"/>
    <property name="sun.os.patch.level" value="unknown"/>
    <property name="hadoop.tmp.dir" value="/home/runner/work/ozone/ozone/hadoop-ozone/integration-test/target/tmp"/>
    <property name="java.library.path" value="/usr/java/packages/lib/amd64:/usr/lib64:/lib64:/lib:/usr/lib"/>
    <property name="java.vm.info" value="mixed mode"/>
    <property name="java.vendor" value="Temurin"/>
    <property name="java.vm.version" value="25.322-b06"/>
    <property name="java.ext.dirs" value="/usr/lib/jvm/temurin-8-jdk-amd64/jre/lib/ext:/usr/java/packages/lib/ext"/>
    <property name="sun.io.unicode.encoding" value="UnicodeLittle"/>
    <property name="java.class.version" value="52.0"/>
  </properties>
  <testcase name="testInstallSnapshot" classname="org.apache.hadoop.ozone.scm.TestSCMInstallSnapshotWithHA" time="71.018"/>
  <testcase name="testInstallOldCheckpointFailure" classname="org.apache.hadoop.ozone.scm.TestSCMInstallSnapshotWithHA" time="62.898">
    <error type="java.lang.IllegalThreadStateException">java.lang.IllegalThreadStateException
	at java.lang.Thread.start(Thread.java:710)
	at org.apache.hadoop.ipc.Server.start(Server.java:3396)
	at org.apache.hadoop.hdds.scm.server.SCMDatanodeProtocolServer.start(SCMDatanodeProtocolServer.java:188)
	at org.apache.hadoop.hdds.scm.ha.SCMStateMachine.notifyTermIndexUpdated(SCMStateMachine.java:340)
	at org.apache.hadoop.ozone.scm.TestSCMInstallSnapshotWithHA.testInstallOldCheckpointFailure(TestSCMInstallSnapshotWithHA.java:183)
	at sun.reflect.NativeMethodAccessorImpl.invoke0(Native Method)
	at sun.reflect.NativeMethodAccessorImpl.invoke(NativeMethodAccessorImpl.java:62)
	at sun.reflect.DelegatingMethodAccessorImpl.invoke(DelegatingMethodAccessorImpl.java:43)
	at java.lang.reflect.Method.invoke(Method.java:498)
	at org.junit.platform.commons.util.ReflectionUtils.invokeMethod(ReflectionUtils.java:688)
	at org.junit.jupiter.engine.execution.MethodInvocation.proceed(MethodInvocation.java:60)
	at org.junit.jupiter.engine.execution.InvocationInterceptorChain$ValidatingInvocation.proceed(InvocationInterceptorChain.java:131)
	at org.junit.jupiter.engine.extension.TimeoutInvocation.proceed(TimeoutInvocation.java:46)
	at org.junit.jupiter.engine.extension.TimeoutExtension.intercept(TimeoutExtension.java:149)
	at org.junit.jupiter.engine.extension.TimeoutExtension.interceptTestableMethod(TimeoutExtension.java:140)
	at org.junit.jupiter.engine.extension.TimeoutExtension.interceptTestMethod(TimeoutExtension.java:84)
	at org.junit.jupiter.engine.execution.ExecutableInvoker$ReflectiveInterceptorCall.lambda$ofVoidMethod$0(ExecutableInvoker.java:115)
	at org.junit.jupiter.engine.execution.ExecutableInvoker.lambda$invoke$0(ExecutableInvoker.java:105)
	at org.junit.jupiter.engine.execution.InvocationInterceptorChain$InterceptedInvocation.proceed(InvocationInterceptorChain.java:106)
	at org.junit.jupiter.engine.execution.InvocationInterceptorChain.proceed(InvocationInterceptorChain.java:64)
	at org.junit.jupiter.engine.execution.InvocationInterceptorChain.chainAndInvoke(InvocationInterceptorChain.java:45)
	at org.junit.jupiter.engine.execution.InvocationInterceptorChain.invoke(InvocationInterceptorChain.java:37)
	at org.junit.jupiter.engine.execution.ExecutableInvoker.invoke(ExecutableInvoker.java:104)
	at org.junit.jupiter.engine.execution.ExecutableInvoker.invoke(ExecutableInvoker.java:98)
	at org.junit.jupiter.engine.descriptor.TestMethodTestDescriptor.lambda$invokeTestMethod$6(TestMethodTestDescriptor.java:210)
	at org.junit.platform.engine.support.hierarchical.ThrowableCollector.execute(ThrowableCollector.java:73)
	at org.junit.jupiter.engine.descriptor.TestMethodTestDescriptor.invokeTestMethod(TestMethodTestDescriptor.java:206)
	at org.junit.jupiter.engine.descriptor.TestMethodTestDescriptor.execute(TestMethodTestDescriptor.java:131)
	at org.junit.jupiter.engine.descriptor.TestMethodTestDescriptor.execute(TestMethodTestDescriptor.java:65)
	at org.junit.platform.engine.support.hierarchical.NodeTestTask.lambda$executeRecursively$5(NodeTestTask.java:139)
	at org.junit.platform.engine.support.hierarchical.ThrowableCollector.execute(ThrowableCollector.java:73)
	at org.junit.platform.engine.support.hierarchical.NodeTestTask.lambda$executeRecursively$7(NodeTestTask.java:129)
	at org.junit.platform.engine.support.hierarchical.Node.around(Node.java:137)
	at org.junit.platform.engine.support.hierarchical.NodeTestTask.lambda$executeRecursively$8(NodeTestTask.java:127)
	at org.junit.platform.engine.support.hierarchical.ThrowableCollector.execute(ThrowableCollector.java:73)
	at org.junit.platform.engine.support.hierarchical.NodeTestTask.executeRecursively(NodeTestTask.java:126)
	at org.junit.platform.engine.support.hierarchical.NodeTestTask.execute(NodeTestTask.java:84)
	at java.util.ArrayList.forEach(ArrayList.java:1259)
	at org.junit.platform.engine.support.hierarchical.SameThreadHierarchicalTestExecutorService.invokeAll(SameThreadHierarchicalTestExecutorService.java:38)
	at org.junit.platform.engine.support.hierarchical.NodeTestTask.lambda$executeRecursively$5(NodeTestTask.java:143)
	at org.junit.platform.engine.support.hierarchical.ThrowableCollector.execute(ThrowableCollector.java:73)
	at org.junit.platform.engine.support.hierarchical.NodeTestTask.lambda$executeRecursively$7(NodeTestTask.java:129)
	at org.junit.platform.engine.support.hierarchical.Node.around(Node.java:137)
	at org.junit.platform.engine.support.hierarchical.NodeTestTask.lambda$executeRecursively$8(NodeTestTask.java:127)
	at org.junit.platform.engine.support.hierarchical.ThrowableCollector.execute(ThrowableCollector.java:73)
	at org.junit.platform.engine.support.hierarchical.NodeTestTask.executeRecursively(NodeTestTask.java:126)
	at org.junit.platform.engine.support.hierarchical.NodeTestTask.execute(NodeTestTask.java:84)
	at java.util.ArrayList.forEach(ArrayList.java:1259)
	at org.junit.platform.engine.support.hierarchical.SameThreadHierarchicalTestExecutorService.invokeAll(SameThreadHierarchicalTestExecutorService.java:38)
	at org.junit.platform.engine.support.hierarchical.NodeTestTask.lambda$executeRecursively$5(NodeTestTask.java:143)
	at org.junit.platform.engine.support.hierarchical.ThrowableCollector.execute(ThrowableCollector.java:73)
	at org.junit.platform.engine.support.hierarchical.NodeTestTask.lambda$executeRecursively$7(NodeTestTask.java:129)
	at org.junit.platform.engine.support.hierarchical.Node.around(Node.java:137)
	at org.junit.platform.engine.support.hierarchical.NodeTestTask.lambda$executeRecursively$8(NodeTestTask.java:127)
	at org.junit.platform.engine.support.hierarchical.ThrowableCollector.execute(ThrowableCollector.java:73)
	at org.junit.platform.engine.support.hierarchical.NodeTestTask.executeRecursively(NodeTestTask.java:126)
	at org.junit.platform.engine.support.hierarchical.NodeTestTask.execute(NodeTestTask.java:84)
	at org.junit.platform.engine.support.hierarchical.SameThreadHierarchicalTestExecutorService.submit(SameThreadHierarchicalTestExecutorService.java:32)
	at org.junit.platform.engine.support.hierarchical.HierarchicalTestExecutor.execute(HierarchicalTestExecutor.java:57)
	at org.junit.platform.engine.support.hierarchical.HierarchicalTestEngine.execute(HierarchicalTestEngine.java:51)
	at org.junit.platform.launcher.core.EngineExecutionOrchestrator.execute(EngineExecutionOrchestrator.java:108)
	at org.junit.platform.launcher.core.EngineExecutionOrchestrator.execute(EngineExecutionOrchestrator.java:88)
	at org.junit.platform.launcher.core.EngineExecutionOrchestrator.lambda$execute$0(EngineExecutionOrchestrator.java:54)
	at org.junit.platform.launcher.core.EngineExecutionOrchestrator.withInterceptedStreams(EngineExecutionOrchestrator.java:67)
	at org.junit.platform.launcher.core.EngineExecutionOrchestrator.execute(EngineExecutionOrchestrator.java:52)
	at org.junit.platform.launcher.core.DefaultLauncher.execute(DefaultLauncher.java:96)
	at org.junit.platform.launcher.core.DefaultLauncher.execute(DefaultLauncher.java:75)
	at org.apache.maven.surefire.junitplatform.JUnitPlatformProvider.invokeAllTests(JUnitPlatformProvider.java:142)
	at org.apache.maven.surefire.junitplatform.JUnitPlatformProvider.invoke(JUnitPlatformProvider.java:113)
	at org.apache.maven.surefire.booter.ForkedBooter.invokeProviderInSameClassLoader(ForkedBooter.java:384)
	at org.apache.maven.surefire.booter.ForkedBooter.runSuitesInProcess(ForkedBooter.java:345)
	at org.apache.maven.surefire.booter.ForkedBooter.execute(ForkedBooter.java:126)
	at org.apache.maven.surefire.booter.ForkedBooter.main(ForkedBooter.java:418)
</error>
    <system-out><![CDATA[2022-03-04 02:16:00,556 [Listener at 127.0.0.1/34791] WARN  server.ServerUtils (ServerUtils.java:getScmDbDir(148)) - ozone.scm.db.dirs is not configured. We recommend adding this setting. Falling back to ozone.metadata.dirs instead.
2022-03-04 02:16:00,556 [Listener at 127.0.0.1/34791] INFO  ha.SCMHANodeDetails (SCMHANodeDetails.java:loadSCMHAConfig(157)) - ServiceID for StorageContainerManager is scm-service-test1
2022-03-04 02:16:00,557 [Listener at 127.0.0.1/34791] INFO  ha.SCMHANodeDetails (SCMHANodeDetails.java:loadSCMHAConfig(168)) - ServiceID for StorageContainerManager is scm-service-test1
2022-03-04 02:16:00,557 [Listener at 127.0.0.1/34791] WARN  scm.ScmUtils (ScmUtils.java:logWarn(179)) - ConfigKey ozone.scm.block.client.address is deprecated, For configuring different ports for each SCM use PortConfigKey ozone.scm.block.client.port appended with serviceId and nodeId. If want to configure same port configure ozone.scm.block.client.port
2022-03-04 02:16:00,557 [Listener at 127.0.0.1/34791] WARN  scm.ScmUtils (ScmUtils.java:logWarn(179)) - ConfigKey ozone.scm.client.address is deprecated, For configuring different ports for each SCM use PortConfigKey ozone.scm.client.port appended with serviceId and nodeId. If want to configure same port configure ozone.scm.client.port
2022-03-04 02:16:00,557 [Listener at 127.0.0.1/34791] WARN  scm.ScmUtils (ScmUtils.java:logWarn(179)) - ConfigKey ozone.scm.datanode.address is deprecated, For configuring different ports for each SCM use PortConfigKey ozone.scm.datanode.port appended with serviceId and nodeId. If want to configure same port configure ozone.scm.datanode.port
2022-03-04 02:16:00,557 [Listener at 127.0.0.1/34791] WARN  scm.ScmUtils (ScmUtils.java:logWarn(179)) - ConfigKey ozone.scm.block.client.address is deprecated, For configuring different ports for each SCM use PortConfigKey ozone.scm.block.client.port appended with serviceId and nodeId. If want to configure same port configure ozone.scm.block.client.port
2022-03-04 02:16:00,558 [Listener at 127.0.0.1/34791] WARN  scm.ScmUtils (ScmUtils.java:logWarn(179)) - ConfigKey ozone.scm.client.address is deprecated, For configuring different ports for each SCM use PortConfigKey ozone.scm.client.port appended with serviceId and nodeId. If want to configure same port configure ozone.scm.client.port
2022-03-04 02:16:00,558 [Listener at 127.0.0.1/34791] WARN  scm.ScmUtils (ScmUtils.java:logWarn(179)) - ConfigKey ozone.scm.datanode.address is deprecated, For configuring different ports for each SCM use PortConfigKey ozone.scm.datanode.port appended with serviceId and nodeId. If want to configure same port configure ozone.scm.datanode.port
2022-03-04 02:16:00,558 [Listener at 127.0.0.1/34791] INFO  ha.SCMHANodeDetails (SCMHANodeDetails.java:loadSCMHAConfig(250)) - Found matching SCM address with SCMServiceId: scm-service-test1, SCMNodeId: scmNode-1, RPC Address: localhost:40707 and Ratis port: 40707
2022-03-04 02:16:00,558 [Listener at 127.0.0.1/34791] INFO  ha.SCMHANodeDetails (ConfUtils.java:setNodeSpecificConfigs(108)) - Setting configuration key ozone.scm.datanode.address with value of key ozone.scm.datanode.address.scm-service-test1.scmNode-1: 127.0.0.1:33931
2022-03-04 02:16:00,558 [Listener at 127.0.0.1/34791] INFO  ha.SCMHANodeDetails (ConfUtils.java:setNodeSpecificConfigs(108)) - Setting configuration key ozone.scm.block.client.address with value of key ozone.scm.block.client.address.scm-service-test1.scmNode-1: 127.0.0.1:40533
2022-03-04 02:16:00,558 [Listener at 127.0.0.1/34791] INFO  ha.SCMHANodeDetails (ConfUtils.java:setNodeSpecificConfigs(108)) - Setting configuration key ozone.scm.client.address with value of key ozone.scm.client.address.scm-service-test1.scmNode-1: 127.0.0.1:39291
2022-03-04 02:16:00,558 [Listener at 127.0.0.1/34791] INFO  ha.SCMHANodeDetails (ConfUtils.java:setNodeSpecificConfigs(108)) - Setting configuration key ozone.scm.ratis.port with value of key ozone.scm.ratis.port.scm-service-test1.scmNode-1: 40707
2022-03-04 02:16:00,559 [Listener at 127.0.0.1/34791] INFO  ha.SCMHANodeDetails (ConfUtils.java:setNodeSpecificConfigs(108)) - Setting configuration key ozone.scm.grpc.port with value of key ozone.scm.grpc.port.scm-service-test1.scmNode-1: 45609
2022-03-04 02:16:00,559 [Listener at 127.0.0.1/34791] INFO  ha.SCMHANodeDetails (ConfUtils.java:setNodeSpecificConfigs(108)) - Setting configuration key ozone.scm.http-address with value of key ozone.scm.http-address.scm-service-test1.scmNode-1: 127.0.0.1:33573
2022-03-04 02:16:00,559 [Listener at 127.0.0.1/34791] INFO  ha.SCMHANodeDetails (ConfUtils.java:setNodeSpecificConfigs(108)) - Setting configuration key ozone.scm.https-address with value of key ozone.scm.https-address.scm-service-test1.scmNode-1: 127.0.0.1:41299
2022-03-04 02:16:00,559 [Listener at 127.0.0.1/34791] INFO  ha.SCMHANodeDetails (ConfUtils.java:setNodeSpecificConfigs(108)) - Setting configuration key ozone.scm.address with value of key ozone.scm.address.scm-service-test1.scmNode-1: 127.0.0.1
2022-03-04 02:16:00,559 [Listener at 127.0.0.1/34791] WARN  scm.ScmUtils (ScmUtils.java:logWarn(179)) - ConfigKey ozone.scm.block.client.address is deprecated, For configuring different ports for each SCM use PortConfigKey ozone.scm.block.client.port appended with serviceId and nodeId. If want to configure same port configure ozone.scm.block.client.port
2022-03-04 02:16:00,559 [Listener at 127.0.0.1/34791] WARN  scm.ScmUtils (ScmUtils.java:logWarn(179)) - ConfigKey ozone.scm.client.address is deprecated, For configuring different ports for each SCM use PortConfigKey ozone.scm.client.port appended with serviceId and nodeId. If want to configure same port configure ozone.scm.client.port
2022-03-04 02:16:00,559 [Listener at 127.0.0.1/34791] WARN  scm.ScmUtils (ScmUtils.java:logWarn(179)) - ConfigKey ozone.scm.datanode.address is deprecated, For configuring different ports for each SCM use PortConfigKey ozone.scm.datanode.port appended with serviceId and nodeId. If want to configure same port configure ozone.scm.datanode.port
2022-03-04 02:16:00,575 [Listener at 127.0.0.1/34791] INFO  server.RaftServer (ConfUtils.java:logGet(44)) - raft.rpc.type = GRPC (default)
2022-03-04 02:16:00,576 [Listener at 127.0.0.1/34791] INFO  grpc.GrpcFactory (GrpcFactory.java:checkPooledByteBufAllocatorUseCacheForAllThreads(48)) - PERFORMANCE WARNING: useCacheForAllThreads is true that may cause Netty to create a lot garbage objects and, as a result, trigger GC.
	It is recommended to disable useCacheForAllThreads by setting -Dorg.apache.ratis.thirdparty.io.netty.allocator.useCacheForAllThreads=false in command line.
2022-03-04 02:16:00,576 [Listener at 127.0.0.1/34791] INFO  grpc.GrpcConfigKeys (ConfUtils.java:logGet(44)) - raft.grpc.admin.port = -1 (default)
2022-03-04 02:16:00,576 [Listener at 127.0.0.1/34791] INFO  grpc.GrpcConfigKeys (ConfUtils.java:logGet(44)) - raft.grpc.server.port = 40707 (custom)
2022-03-04 02:16:00,576 [Listener at 127.0.0.1/34791] INFO  grpc.GrpcConfigKeys (ConfUtils.java:logGet(44)) - raft.grpc.client.port = -1 (default)
2022-03-04 02:16:00,576 [Listener at 127.0.0.1/34791] INFO  grpc.GrpcConfigKeys (ConfUtils.java:logGet(44)) - raft.grpc.server.port = 40707 (custom)
2022-03-04 02:16:00,576 [Listener at 127.0.0.1/34791] INFO  grpc.GrpcConfigKeys (ConfUtils.java:logGet(44)) - raft.grpc.server.port = 40707 (custom)
2022-03-04 02:16:00,577 [Listener at 127.0.0.1/34791] INFO  server.GrpcService (ConfUtils.java:logGet(44)) - raft.grpc.message.size.max = 32m (=33554432) (custom)
2022-03-04 02:16:00,577 [Listener at 127.0.0.1/34791] INFO  server.RaftServerConfigKeys (ConfUtils.java:logGet(44)) - raft.server.log.appender.buffer.byte-limit = 33554432 (custom)
2022-03-04 02:16:00,577 [Listener at 127.0.0.1/34791] INFO  server.GrpcService (ConfUtils.java:logGet(44)) - raft.grpc.flow.control.window = 1MB (=1048576) (default)
2022-03-04 02:16:00,577 [Listener at 127.0.0.1/34791] INFO  server.RaftServerConfigKeys (ConfUtils.java:logGet(44)) - raft.server.rpc.request.timeout = 30000ms (custom)
2022-03-04 02:16:00,579 [Listener at 127.0.0.1/34791] INFO  impl.DataStreamServerImpl (ConfUtils.java:logGet(44)) - raft.datastream.type = DISABLED (default)
2022-03-04 02:16:00,579 [Listener at 127.0.0.1/34791] INFO  server.RaftServerConfigKeys (ConfUtils.java:logGet(44)) - raft.server.rpc.slowness.timeout = 120000ms (custom)
2022-03-04 02:16:00,579 [Listener at 127.0.0.1/34791] INFO  server.RaftServerConfigKeys (ConfUtils.java:logGet(44)) - raft.server.leaderelection.leader.step-down.wait-time = 10s (default)
2022-03-04 02:16:00,579 [Listener at 127.0.0.1/34791] INFO  server.RaftServerConfigKeys (ConfUtils.java:logGet(44)) - raft.server.storage.dir = [/home/runner/work/ozone/ozone/hadoop-ozone/integration-test/target/test-dir/MiniOzoneClusterImpl-ba78f66b-c31d-4d73-90ed-a031934b8290/scmNode-1/scm-ha] (custom)
2022-03-04 02:16:00,587 [Listener at 127.0.0.1/34791] INFO  server.RaftServer (RaftServerProxy.java:addNew(95)) - d06750ef-dff7-4786-ad4b-f6962696dc27: addNew group-A031934B8290:[d06750ef-dff7-4786-ad4b-f6962696dc27|rpc:localhost:40707|priority:0] returns group-A031934B8290:java.util.concurrent.CompletableFuture@17d75ecc[Not completed]
2022-03-04 02:16:00,588 [pool-226-thread-1] INFO  server.RaftServer$Division (RaftServerImpl.java:<init>(184)) - d06750ef-dff7-4786-ad4b-f6962696dc27: new RaftServerImpl for group-A031934B8290:[d06750ef-dff7-4786-ad4b-f6962696dc27|rpc:localhost:40707|priority:0] with SCMStateMachine:uninitialized
2022-03-04 02:16:00,594 [pool-226-thread-1] INFO  server.RaftServerConfigKeys (ConfUtils.java:logGet(44)) - raft.server.rpc.timeout.min = 5000ms (custom)
2022-03-04 02:16:00,594 [pool-226-thread-1] INFO  server.RaftServerConfigKeys (ConfUtils.java:logGet(44)) - raft.server.rpc.timeout.max = 5200ms (custom)
2022-03-04 02:16:00,594 [pool-226-thread-1] INFO  server.RaftServerConfigKeys (ConfUtils.java:logGet(44)) - raft.server.rpc.sleep.time = 25ms (default)
2022-03-04 02:16:00,594 [pool-226-thread-1] INFO  server.RaftServerConfigKeys (ConfUtils.java:logGet(44)) - raft.server.rpc.slowness.timeout = 120000ms (custom)
2022-03-04 02:16:00,594 [pool-226-thread-1] INFO  server.RaftServerConfigKeys (ConfUtils.java:logGet(44)) - raft.server.leaderelection.leader.step-down.wait-time = 10s (default)
2022-03-04 02:16:00,594 [pool-226-thread-1] INFO  server.RaftServerConfigKeys (ConfUtils.java:logGet(44)) - raft.server.sleep.deviation.threshold = 300ms (default)
2022-03-04 02:16:00,594 [pool-226-thread-1] INFO  server.RaftServerConfigKeys (ConfUtils.java:logGet(44)) - raft.server.log.appender.install.snapshot.enabled = false (custom)
2022-03-04 02:16:00,594 [pool-226-thread-1] INFO  server.RaftServer$Division (ServerState.java:<init>(105)) - d06750ef-dff7-4786-ad4b-f6962696dc27@group-A031934B8290: ConfigurationManager, init=-1: [d06750ef-dff7-4786-ad4b-f6962696dc27|rpc:localhost:40707|priority:0], old=null, confs=<EMPTY_MAP>
2022-03-04 02:16:00,595 [pool-226-thread-1] INFO  server.RaftServerConfigKeys (ConfUtils.java:logGet(44)) - raft.server.storage.dir = [/home/runner/work/ozone/ozone/hadoop-ozone/integration-test/target/test-dir/MiniOzoneClusterImpl-ba78f66b-c31d-4d73-90ed-a031934b8290/scmNode-1/scm-ha] (custom)
2022-03-04 02:16:00,595 [pool-226-thread-1] INFO  server.RaftServerConfigKeys (ConfUtils.java:logGet(44)) - raft.server.log.corruption.policy = EXCEPTION (default)
2022-03-04 02:16:00,595 [pool-226-thread-1] INFO  server.RaftServerConfigKeys (ConfUtils.java:logGet(44)) - raft.server.storage.free-space.min = 0MB (=0) (default)
2022-03-04 02:16:00,595 [pool-226-thread-1] INFO  storage.RaftStorageDirectory (RaftStorageDirectoryImpl.java:analyzeStorage(135)) - The storage directory /home/runner/work/ozone/ozone/hadoop-ozone/integration-test/target/test-dir/MiniOzoneClusterImpl-ba78f66b-c31d-4d73-90ed-a031934b8290/scmNode-1/scm-ha/ba78f66b-c31d-4d73-90ed-a031934b8290 does not exist. Creating ...
2022-03-04 02:16:00,603 [pool-226-thread-1] INFO  storage.RaftStorageDirectory (RaftStorageDirectoryImpl.java:tryLock(230)) - Lock on /home/runner/work/ozone/ozone/hadoop-ozone/integration-test/target/test-dir/MiniOzoneClusterImpl-ba78f66b-c31d-4d73-90ed-a031934b8290/scmNode-1/scm-ha/ba78f66b-c31d-4d73-90ed-a031934b8290/in_use.lock acquired by nodename 9067@fv-az184-471
2022-03-04 02:16:00,605 [pool-226-thread-1] INFO  storage.RaftStorage (RaftStorageImpl.java:format(89)) - Storage directory /home/runner/work/ozone/ozone/hadoop-ozone/integration-test/target/test-dir/MiniOzoneClusterImpl-ba78f66b-c31d-4d73-90ed-a031934b8290/scmNode-1/scm-ha/ba78f66b-c31d-4d73-90ed-a031934b8290 has been successfully formatted.
2022-03-04 02:16:00,605 [pool-226-thread-1] INFO  server.RaftServerConfigKeys (ConfUtils.java:logGet(44)) - raft.server.notification.no-leader.timeout = 60s (default)
2022-03-04 02:16:00,605 [pool-226-thread-1] INFO  server.RaftServerConfigKeys (ConfUtils.java:logGet(44)) - raft.server.log.use.memory = false (default)
2022-03-04 02:16:00,605 [pool-226-thread-1] INFO  server.RaftServerConfigKeys (ConfUtils.java:logGet(44)) - raft.server.log.purge.gap = 5 (custom)
2022-03-04 02:16:00,605 [pool-226-thread-1] INFO  server.RaftServerConfigKeys (ConfUtils.java:logGet(44)) - raft.server.log.appender.buffer.byte-limit = 33554432 (custom)
2022-03-04 02:16:00,605 [pool-226-thread-1] INFO  server.RaftServerConfigKeys (ConfUtils.java:logGet(44)) - raft.server.log.segment.size.max = 4194304 (custom)
2022-03-04 02:16:00,606 [pool-226-thread-1] INFO  server.RaftServerConfigKeys (ConfUtils.java:logGet(44)) - raft.server.log.segment.cache.num.max = 2 (custom)
2022-03-04 02:16:00,606 [pool-226-thread-1] INFO  server.RaftServerConfigKeys (ConfUtils.java:logGet(44)) - raft.server.log.segment.cache.size.max = 200MB (=209715200) (default)
2022-03-04 02:16:00,606 [pool-226-thread-1] INFO  segmented.SegmentedRaftLogWorker (SegmentedRaftLogWorker.java:<init>(182)) - new d06750ef-dff7-4786-ad4b-f6962696dc27@group-A031934B8290-SegmentedRaftLogWorker for RaftStorageImpl:Storage Directory /home/runner/work/ozone/ozone/hadoop-ozone/integration-test/target/test-dir/MiniOzoneClusterImpl-ba78f66b-c31d-4d73-90ed-a031934b8290/scmNode-1/scm-ha/ba78f66b-c31d-4d73-90ed-a031934b8290
2022-03-04 02:16:00,606 [pool-226-thread-1] INFO  server.RaftServerConfigKeys (ConfUtils.java:logGet(44)) - raft.server.log.queue.byte-limit = 64MB (=67108864) (default)
2022-03-04 02:16:00,606 [pool-226-thread-1] INFO  server.RaftServerConfigKeys (ConfUtils.java:logGet(44)) - raft.server.log.queue.element-limit = 4096 (default)
2022-03-04 02:16:00,606 [pool-226-thread-1] INFO  server.RaftServerConfigKeys (ConfUtils.java:logGet(44)) - raft.server.log.segment.size.max = 4194304 (custom)
2022-03-04 02:16:00,606 [pool-226-thread-1] INFO  server.RaftServerConfigKeys (ConfUtils.java:logGet(44)) - raft.server.log.preallocated.size = 4194304 (custom)
2022-03-04 02:16:00,606 [pool-226-thread-1] INFO  server.RaftServerConfigKeys (ConfUtils.java:logGet(44)) - raft.server.log.force.sync.num = 128 (default)
2022-03-04 02:16:00,606 [pool-226-thread-1] INFO  server.RaftServerConfigKeys (ConfUtils.java:logGet(44)) - raft.server.log.statemachine.data.sync = true (default)
2022-03-04 02:16:00,606 [pool-226-thread-1] INFO  server.RaftServerConfigKeys (ConfUtils.java:logGet(44)) - raft.server.log.statemachine.data.sync.timeout = 10s (default)
2022-03-04 02:16:00,606 [pool-226-thread-1] INFO  server.RaftServerConfigKeys (ConfUtils.java:logGet(44)) - raft.server.log.statemachine.data.sync.timeout.retry = -1 (default)
2022-03-04 02:16:00,607 [pool-226-thread-1] INFO  server.RaftServerConfigKeys (ConfUtils.java:logGet(44)) - raft.server.log.write.buffer.size = 64KB (=65536) (default)
2022-03-04 02:16:00,607 [pool-226-thread-1] INFO  server.RaftServerConfigKeys (ConfUtils.java:logGet(44)) - raft.server.log.statemachine.data.caching.enabled = false (default)
2022-03-04 02:16:00,607 [pool-226-thread-1] INFO  segmented.SegmentedRaftLogWorker (SegmentedRaftLogWorker.java:lambda$new$0(133)) - d06750ef-dff7-4786-ad4b-f6962696dc27@group-A031934B8290-SegmentedRaftLogWorker: flushIndex: setUnconditionally 0 -> -1
2022-03-04 02:16:00,607 [pool-226-thread-1] INFO  segmented.SegmentedRaftLogWorker (SegmentedRaftLogWorker.java:lambda$new$0(133)) - d06750ef-dff7-4786-ad4b-f6962696dc27@group-A031934B8290-SegmentedRaftLogWorker: safeCacheEvictIndex: setUnconditionally 0 -> -1
2022-03-04 02:16:00,619 [pool-226-thread-1] INFO  server.RaftServerConfigKeys (ConfUtils.java:logGet(44)) - raft.server.snapshot.auto.trigger.enabled = true (custom)
2022-03-04 02:16:00,619 [pool-226-thread-1] INFO  server.RaftServerConfigKeys (ConfUtils.java:logGet(44)) - raft.server.snapshot.auto.trigger.threshold = 5 (custom)
2022-03-04 02:16:00,620 [pool-226-thread-1] INFO  server.RaftServerConfigKeys (ConfUtils.java:logGet(44)) - raft.server.snapshot.retention.file.num = -1 (default)
2022-03-04 02:16:00,620 [pool-226-thread-1] INFO  server.RaftServerConfigKeys (ConfUtils.java:logGet(44)) - raft.server.log.purge.upto.snapshot.index = true (custom)
2022-03-04 02:16:00,620 [pool-226-thread-1] INFO  server.RaftServerConfigKeys (ConfUtils.java:logGet(44)) - raft.server.retrycache.expirytime = 60000ms (default)
2022-03-04 02:16:00,620 [pool-226-thread-1] INFO  server.RaftServerConfigKeys (ConfUtils.java:logGet(44)) - raft.server.retrycache.statistics.expirytime = 100μs (default)
2022-03-04 02:16:00,621 [Listener at 127.0.0.1/34791] INFO  server.RaftServer$Division (RaftServerImpl.java:start(301)) - d06750ef-dff7-4786-ad4b-f6962696dc27@group-A031934B8290: start as a follower, conf=-1: [d06750ef-dff7-4786-ad4b-f6962696dc27|rpc:localhost:40707|priority:0], old=null
2022-03-04 02:16:00,621 [Listener at 127.0.0.1/34791] INFO  server.RaftServer$Division (RaftServerImpl.java:setRole(290)) - d06750ef-dff7-4786-ad4b-f6962696dc27@group-A031934B8290: changes role from      null to FOLLOWER at term 0 for startAsFollower
2022-03-04 02:16:00,621 [Listener at 127.0.0.1/34791] INFO  impl.RoleInfo (RoleInfo.java:updateAndGet(130)) - d06750ef-dff7-4786-ad4b-f6962696dc27: start d06750ef-dff7-4786-ad4b-f6962696dc27@group-A031934B8290-FollowerState
2022-03-04 02:16:00,626 [Listener at 127.0.0.1/34791] INFO  util.JmxRegister (JmxRegister.java:tryRegister(44)) - Successfully registered JMX Bean with object name Ratis:service=RaftServer,group=group-A031934B8290,id=d06750ef-dff7-4786-ad4b-f6962696dc27
2022-03-04 02:16:00,631 [Listener at 127.0.0.1/34791] INFO  server.RaftServer (RaftServerProxy.java:lambda$start$5(374)) - d06750ef-dff7-4786-ad4b-f6962696dc27: start RPC server
2022-03-04 02:16:00,643 [Listener at 127.0.0.1/34791] INFO  server.GrpcService (GrpcService.java:startImpl(253)) - d06750ef-dff7-4786-ad4b-f6962696dc27: GrpcService started, listening on 40707
2022-03-04 02:16:00,644 [org.apache.ratis.util.JvmPauseMonitor$$Lambda$503/666911607@d1e1548] INFO  util.JvmPauseMonitor (JvmPauseMonitor.java:run(103)) - JvmPauseMonitor-d06750ef-dff7-4786-ad4b-f6962696dc27: Started
2022-03-04 02:16:00,856 [EndpointStateMachine task thread for /127.0.0.1:42427 - 0 ] INFO  ipc.Client (Client.java:handleConnectionFailure(977)) - Retrying connect to server: localhost/127.0.0.1:42427. Already tried 5 time(s); retry policy is RetryUpToMaximumCountWithFixedSleep(maxRetries=15, sleepTime=1000 MILLISECONDS)
2022-03-04 02:16:00,858 [EndpointStateMachine task thread for /127.0.0.1:35517 - 0 ] INFO  ipc.Client (Client.java:handleConnectionFailure(977)) - Retrying connect to server: localhost/127.0.0.1:35517. Already tried 5 time(s); retry policy is RetryUpToMaximumCountWithFixedSleep(maxRetries=15, sleepTime=1000 MILLISECONDS)
2022-03-04 02:16:00,859 [EndpointStateMachine task thread for /127.0.0.1:42491 - 0 ] INFO  ipc.Client (Client.java:handleConnectionFailure(977)) - Retrying connect to server: localhost/127.0.0.1:42491. Already tried 5 time(s); retry policy is RetryUpToMaximumCountWithFixedSleep(maxRetries=15, sleepTime=1000 MILLISECONDS)
2022-03-04 02:16:01,856 [EndpointStateMachine task thread for /127.0.0.1:42427 - 0 ] INFO  ipc.Client (Client.java:handleConnectionFailure(977)) - Retrying connect to server: localhost/127.0.0.1:42427. Already tried 6 time(s); retry policy is RetryUpToMaximumCountWithFixedSleep(maxRetries=15, sleepTime=1000 MILLISECONDS)
2022-03-04 02:16:01,859 [EndpointStateMachine task thread for /127.0.0.1:35517 - 0 ] INFO  ipc.Client (Client.java:handleConnectionFailure(977)) - Retrying connect to server: localhost/127.0.0.1:35517. Already tried 6 time(s); retry policy is RetryUpToMaximumCountWithFixedSleep(maxRetries=15, sleepTime=1000 MILLISECONDS)
2022-03-04 02:16:01,860 [EndpointStateMachine task thread for /127.0.0.1:42491 - 0 ] INFO  ipc.Client (Client.java:handleConnectionFailure(977)) - Retrying connect to server: localhost/127.0.0.1:42491. Already tried 6 time(s); retry policy is RetryUpToMaximumCountWithFixedSleep(maxRetries=15, sleepTime=1000 MILLISECONDS)
2022-03-04 02:16:02,857 [EndpointStateMachine task thread for /127.0.0.1:42427 - 0 ] INFO  ipc.Client (Client.java:handleConnectionFailure(977)) - Retrying connect to server: localhost/127.0.0.1:42427. Already tried 7 time(s); retry policy is RetryUpToMaximumCountWithFixedSleep(maxRetries=15, sleepTime=1000 MILLISECONDS)
2022-03-04 02:16:02,859 [EndpointStateMachine task thread for /127.0.0.1:35517 - 0 ] INFO  ipc.Client (Client.java:handleConnectionFailure(977)) - Retrying connect to server: localhost/127.0.0.1:35517. Already tried 7 time(s); retry policy is RetryUpToMaximumCountWithFixedSleep(maxRetries=15, sleepTime=1000 MILLISECONDS)
2022-03-04 02:16:02,860 [EndpointStateMachine task thread for /127.0.0.1:42491 - 0 ] INFO  ipc.Client (Client.java:handleConnectionFailure(977)) - Retrying connect to server: localhost/127.0.0.1:42491. Already tried 7 time(s); retry policy is RetryUpToMaximumCountWithFixedSleep(maxRetries=15, sleepTime=1000 MILLISECONDS)
2022-03-04 02:16:03,858 [EndpointStateMachine task thread for /127.0.0.1:42427 - 0 ] INFO  ipc.Client (Client.java:handleConnectionFailure(977)) - Retrying connect to server: localhost/127.0.0.1:42427. Already tried 8 time(s); retry policy is RetryUpToMaximumCountWithFixedSleep(maxRetries=15, sleepTime=1000 MILLISECONDS)
2022-03-04 02:16:03,860 [EndpointStateMachine task thread for /127.0.0.1:35517 - 0 ] INFO  ipc.Client (Client.java:handleConnectionFailure(977)) - Retrying connect to server: localhost/127.0.0.1:35517. Already tried 8 time(s); retry policy is RetryUpToMaximumCountWithFixedSleep(maxRetries=15, sleepTime=1000 MILLISECONDS)
2022-03-04 02:16:03,860 [EndpointStateMachine task thread for /127.0.0.1:42491 - 0 ] INFO  ipc.Client (Client.java:handleConnectionFailure(977)) - Retrying connect to server: localhost/127.0.0.1:42491. Already tried 8 time(s); retry policy is RetryUpToMaximumCountWithFixedSleep(maxRetries=15, sleepTime=1000 MILLISECONDS)
2022-03-04 02:16:04,858 [EndpointStateMachine task thread for /127.0.0.1:42427 - 0 ] INFO  ipc.Client (Client.java:handleConnectionFailure(977)) - Retrying connect to server: localhost/127.0.0.1:42427. Already tried 9 time(s); retry policy is RetryUpToMaximumCountWithFixedSleep(maxRetries=15, sleepTime=1000 MILLISECONDS)
2022-03-04 02:16:04,860 [EndpointStateMachine task thread for /127.0.0.1:35517 - 0 ] INFO  ipc.Client (Client.java:handleConnectionFailure(977)) - Retrying connect to server: localhost/127.0.0.1:35517. Already tried 9 time(s); retry policy is RetryUpToMaximumCountWithFixedSleep(maxRetries=15, sleepTime=1000 MILLISECONDS)
2022-03-04 02:16:04,861 [EndpointStateMachine task thread for /127.0.0.1:42491 - 0 ] INFO  ipc.Client (Client.java:handleConnectionFailure(977)) - Retrying connect to server: localhost/127.0.0.1:42491. Already tried 9 time(s); retry policy is RetryUpToMaximumCountWithFixedSleep(maxRetries=15, sleepTime=1000 MILLISECONDS)
2022-03-04 02:16:05,651 [d06750ef-dff7-4786-ad4b-f6962696dc27@group-A031934B8290-FollowerState] INFO  impl.FollowerState (FollowerState.java:run(134)) - d06750ef-dff7-4786-ad4b-f6962696dc27@group-A031934B8290-FollowerState: change to CANDIDATE, lastRpcElapsedTime:5029323563ns, electionTimeout:5015ms
2022-03-04 02:16:05,651 [d06750ef-dff7-4786-ad4b-f6962696dc27@group-A031934B8290-FollowerState] INFO  impl.RoleInfo (RoleInfo.java:shutdownFollowerState(108)) - d06750ef-dff7-4786-ad4b-f6962696dc27: shutdown d06750ef-dff7-4786-ad4b-f6962696dc27@group-A031934B8290-FollowerState
2022-03-04 02:16:05,651 [d06750ef-dff7-4786-ad4b-f6962696dc27@group-A031934B8290-FollowerState] INFO  server.RaftServer$Division (RaftServerImpl.java:setRole(290)) - d06750ef-dff7-4786-ad4b-f6962696dc27@group-A031934B8290: changes role from  FOLLOWER to CANDIDATE at term 0 for changeToCandidate
2022-03-04 02:16:05,651 [d06750ef-dff7-4786-ad4b-f6962696dc27@group-A031934B8290-FollowerState] INFO  server.RaftServerConfigKeys (ConfUtils.java:logGet(44)) - raft.server.leaderelection.pre-vote = false (custom)
2022-03-04 02:16:05,651 [d06750ef-dff7-4786-ad4b-f6962696dc27@group-A031934B8290-FollowerState] INFO  impl.RoleInfo (RoleInfo.java:updateAndGet(130)) - d06750ef-dff7-4786-ad4b-f6962696dc27: start d06750ef-dff7-4786-ad4b-f6962696dc27@group-A031934B8290-LeaderElection15
2022-03-04 02:16:05,681 [d06750ef-dff7-4786-ad4b-f6962696dc27@group-A031934B8290-LeaderElection15] INFO  impl.LeaderElection (LeaderElection.java:askForVotes(306)) - d06750ef-dff7-4786-ad4b-f6962696dc27@group-A031934B8290-LeaderElection15 ELECTION round 0: submit vote requests at term 1 for -1: [d06750ef-dff7-4786-ad4b-f6962696dc27|rpc:localhost:40707|priority:0], old=null
2022-03-04 02:16:05,681 [d06750ef-dff7-4786-ad4b-f6962696dc27@group-A031934B8290-LeaderElection15] INFO  impl.LeaderElection (LeaderElection.java:askForVotes(308)) - d06750ef-dff7-4786-ad4b-f6962696dc27@group-A031934B8290-LeaderElection15 ELECTION round 0: result PASSED (term=1)
2022-03-04 02:16:05,681 [d06750ef-dff7-4786-ad4b-f6962696dc27@group-A031934B8290-LeaderElection15] INFO  impl.RoleInfo (RoleInfo.java:shutdownLeaderElection(121)) - d06750ef-dff7-4786-ad4b-f6962696dc27: shutdown d06750ef-dff7-4786-ad4b-f6962696dc27@group-A031934B8290-LeaderElection15
2022-03-04 02:16:05,681 [d06750ef-dff7-4786-ad4b-f6962696dc27@group-A031934B8290-LeaderElection15] INFO  server.RaftServer$Division (RaftServerImpl.java:setRole(290)) - d06750ef-dff7-4786-ad4b-f6962696dc27@group-A031934B8290: changes role from CANDIDATE to LEADER at term 1 for changeToLeader
2022-03-04 02:16:05,681 [d06750ef-dff7-4786-ad4b-f6962696dc27@group-A031934B8290-LeaderElection15] INFO  server.RaftServer$Division (ServerState.java:setLeader(285)) - d06750ef-dff7-4786-ad4b-f6962696dc27@group-A031934B8290: change Leader from null to d06750ef-dff7-4786-ad4b-f6962696dc27 at term 1 for becomeLeader, leader elected after 5076ms
2022-03-04 02:16:05,682 [d06750ef-dff7-4786-ad4b-f6962696dc27@group-A031934B8290-LeaderElection15] INFO  server.RaftServerConfigKeys (ConfUtils.java:logGet(44)) - raft.server.staging.catchup.gap = 1000 (default)
2022-03-04 02:16:05,682 [d06750ef-dff7-4786-ad4b-f6962696dc27@group-A031934B8290-LeaderElection15] INFO  server.RaftServerConfigKeys (ConfUtils.java:logGet(44)) - raft.server.write.element-limit = 4096 (default)
2022-03-04 02:16:05,682 [d06750ef-dff7-4786-ad4b-f6962696dc27@group-A031934B8290-LeaderElection15] INFO  server.RaftServerConfigKeys (ConfUtils.java:logGet(44)) - raft.server.write.byte-limit = 64MB (=67108864) (default)
2022-03-04 02:16:05,682 [d06750ef-dff7-4786-ad4b-f6962696dc27@group-A031934B8290-LeaderElection15] INFO  server.RaftServerConfigKeys (ConfUtils.java:logGet(44)) - raft.server.watch.timeout = 10s (default)
2022-03-04 02:16:05,682 [d06750ef-dff7-4786-ad4b-f6962696dc27@group-A031934B8290-LeaderElection15] INFO  server.RaftServerConfigKeys (ConfUtils.java:logGet(44)) - raft.server.watch.timeout.denomination = 1s (default)
2022-03-04 02:16:05,682 [d06750ef-dff7-4786-ad4b-f6962696dc27@group-A031934B8290-LeaderElection15] INFO  server.RaftServerConfigKeys (ConfUtils.java:logGet(44)) - raft.server.watch.element-limit = 65536 (default)
2022-03-04 02:16:05,682 [d06750ef-dff7-4786-ad4b-f6962696dc27@group-A031934B8290-LeaderElection15] INFO  server.RaftServerConfigKeys (ConfUtils.java:logGet(44)) - raft.server.write.element-limit = 4096 (default)
2022-03-04 02:16:05,682 [d06750ef-dff7-4786-ad4b-f6962696dc27@group-A031934B8290-LeaderElection15] INFO  server.RaftServerConfigKeys (ConfUtils.java:logGet(44)) - raft.server.write.follower.gap.ratio.max = -1.0 (default)
2022-03-04 02:16:05,682 [d06750ef-dff7-4786-ad4b-f6962696dc27@group-A031934B8290-LeaderElection15] INFO  impl.RoleInfo (RoleInfo.java:updateAndGet(130)) - d06750ef-dff7-4786-ad4b-f6962696dc27: start d06750ef-dff7-4786-ad4b-f6962696dc27@group-A031934B8290-LeaderStateImpl
2022-03-04 02:16:05,683 [d06750ef-dff7-4786-ad4b-f6962696dc27@group-A031934B8290-LeaderElection15] INFO  segmented.SegmentedRaftLogWorker (SegmentedRaftLogWorker.java:startLogSegment(394)) - d06750ef-dff7-4786-ad4b-f6962696dc27@group-A031934B8290-SegmentedRaftLogWorker: Starting segment from index:0
2022-03-04 02:16:05,695 [d06750ef-dff7-4786-ad4b-f6962696dc27@group-A031934B8290-LeaderElection15] INFO  server.RaftServer$Division (ServerState.java:setRaftConf(387)) - d06750ef-dff7-4786-ad4b-f6962696dc27@group-A031934B8290: set configuration 0: [d06750ef-dff7-4786-ad4b-f6962696dc27|rpc:localhost:40707|admin:|client:|dataStream:|priority:0], old=null
2022-03-04 02:16:05,753 [d06750ef-dff7-4786-ad4b-f6962696dc27@group-A031934B8290-SegmentedRaftLogWorker] INFO  segmented.SegmentedRaftLogWorker (SegmentedRaftLogWorker.java:execute(601)) - d06750ef-dff7-4786-ad4b-f6962696dc27@group-A031934B8290-SegmentedRaftLogWorker: created new log segment /home/runner/work/ozone/ozone/hadoop-ozone/integration-test/target/test-dir/MiniOzoneClusterImpl-ba78f66b-c31d-4d73-90ed-a031934b8290/scmNode-1/scm-ha/ba78f66b-c31d-4d73-90ed-a031934b8290/current/log_inprogress_0
2022-03-04 02:16:05,859 [EndpointStateMachine task thread for /127.0.0.1:42427 - 0 ] INFO  ipc.Client (Client.java:handleConnectionFailure(977)) - Retrying connect to server: localhost/127.0.0.1:42427. Already tried 10 time(s); retry policy is RetryUpToMaximumCountWithFixedSleep(maxRetries=15, sleepTime=1000 MILLISECONDS)
2022-03-04 02:16:05,861 [EndpointStateMachine task thread for /127.0.0.1:35517 - 0 ] INFO  ipc.Client (Client.java:handleConnectionFailure(977)) - Retrying connect to server: localhost/127.0.0.1:35517. Already tried 10 time(s); retry policy is RetryUpToMaximumCountWithFixedSleep(maxRetries=15, sleepTime=1000 MILLISECONDS)
2022-03-04 02:16:05,861 [EndpointStateMachine task thread for /127.0.0.1:42491 - 0 ] INFO  ipc.Client (Client.java:handleConnectionFailure(977)) - Retrying connect to server: localhost/127.0.0.1:42491. Already tried 10 time(s); retry policy is RetryUpToMaximumCountWithFixedSleep(maxRetries=15, sleepTime=1000 MILLISECONDS)
2022-03-04 02:16:06,647 [Listener at 127.0.0.1/34791] INFO  server.RaftServer (RaftServerProxy.java:lambda$close$6(391)) - d06750ef-dff7-4786-ad4b-f6962696dc27: close
2022-03-04 02:16:06,647 [Listener at 127.0.0.1/34791] INFO  server.RaftServer$Division (RaftServerImpl.java:lambda$close$4(412)) - d06750ef-dff7-4786-ad4b-f6962696dc27@group-A031934B8290: shutdown
2022-03-04 02:16:06,647 [Listener at 127.0.0.1/34791] INFO  util.JmxRegister (JmxRegister.java:unregister(73)) - Successfully un-registered JMX Bean with object name Ratis:service=RaftServer,group=group-A031934B8290,id=d06750ef-dff7-4786-ad4b-f6962696dc27
2022-03-04 02:16:06,647 [Listener at 127.0.0.1/34791] INFO  impl.RoleInfo (RoleInfo.java:shutdownLeaderState(91)) - d06750ef-dff7-4786-ad4b-f6962696dc27: shutdown d06750ef-dff7-4786-ad4b-f6962696dc27@group-A031934B8290-LeaderStateImpl
2022-03-04 02:16:06,648 [Listener at 127.0.0.1/34791] INFO  impl.PendingRequests (PendingRequests.java:sendNotLeaderResponses(282)) - d06750ef-dff7-4786-ad4b-f6962696dc27@group-A031934B8290-PendingRequests: sendNotLeaderResponses
2022-03-04 02:16:06,648 [Listener at 127.0.0.1/34791] INFO  impl.StateMachineUpdater (StateMachineUpdater.java:stopAndJoin(149)) - d06750ef-dff7-4786-ad4b-f6962696dc27@group-A031934B8290-StateMachineUpdater: set stopIndex = 0
2022-03-04 02:16:06,648 [d06750ef-dff7-4786-ad4b-f6962696dc27@group-A031934B8290-StateMachineUpdater] INFO  impl.StateMachineUpdater (StateMachineUpdater.java:takeSnapshot(281)) - d06750ef-dff7-4786-ad4b-f6962696dc27@group-A031934B8290-StateMachineUpdater: Took a snapshot at index 0
2022-03-04 02:16:06,649 [d06750ef-dff7-4786-ad4b-f6962696dc27@group-A031934B8290-StateMachineUpdater] INFO  impl.StateMachineUpdater (StateMachineUpdater.java:lambda$new$0(89)) - d06750ef-dff7-4786-ad4b-f6962696dc27@group-A031934B8290-StateMachineUpdater: snapshotIndex: updateIncreasingly -1 -> 0
2022-03-04 02:16:06,650 [Listener at 127.0.0.1/34791] INFO  server.RaftServer$Division (ServerState.java:close(419)) - d06750ef-dff7-4786-ad4b-f6962696dc27@group-A031934B8290: closes. applyIndex: 0
2022-03-04 02:16:06,651 [d06750ef-dff7-4786-ad4b-f6962696dc27@group-A031934B8290-SegmentedRaftLogWorker] INFO  segmented.SegmentedRaftLogWorker (SegmentedRaftLogWorker.java:run(327)) - d06750ef-dff7-4786-ad4b-f6962696dc27@group-A031934B8290-SegmentedRaftLogWorker was interrupted, exiting. There are 0 tasks remaining in the queue.
2022-03-04 02:16:06,656 [Listener at 127.0.0.1/34791] INFO  segmented.SegmentedRaftLogWorker (SegmentedRaftLogWorker.java:close(237)) - d06750ef-dff7-4786-ad4b-f6962696dc27@group-A031934B8290-SegmentedRaftLogWorker close()
2022-03-04 02:16:06,664 [Listener at 127.0.0.1/34791] INFO  server.GrpcService (GrpcService.java:closeImpl(262)) - d06750ef-dff7-4786-ad4b-f6962696dc27: shutdown server with port 40707 now
2022-03-04 02:16:06,664 [Listener at 127.0.0.1/34791] INFO  server.GrpcService (GrpcService.java:closeImpl(271)) - d06750ef-dff7-4786-ad4b-f6962696dc27: shutdown server with port 40707 successfully
2022-03-04 02:16:06,665 [org.apache.ratis.util.JvmPauseMonitor$$Lambda$503/666911607@d1e1548] INFO  util.JvmPauseMonitor (JvmPauseMonitor.java:run(109)) - JvmPauseMonitor-d06750ef-dff7-4786-ad4b-f6962696dc27: Stopped
2022-03-04 02:16:06,665 [Listener at 127.0.0.1/34791] WARN  server.ServerUtils (ServerUtils.java:getScmDbDir(148)) - ozone.scm.db.dirs is not configured. We recommend adding this setting. Falling back to ozone.metadata.dirs instead.
2022-03-04 02:16:06,667 [Listener at 127.0.0.1/34791] INFO  server.StorageContainerManager (StorageContainerManager.java:scmInit(1107)) - SCM initialization succeeded. Current cluster id for sd=/home/runner/work/ozone/ozone/hadoop-ozone/integration-test/target/test-dir/MiniOzoneClusterImpl-ba78f66b-c31d-4d73-90ed-a031934b8290/scmNode-1/scm; cid=ba78f66b-c31d-4d73-90ed-a031934b8290; layoutVersion=2; scmId=d06750ef-dff7-4786-ad4b-f6962696dc27
2022-03-04 02:16:06,667 [Listener at 127.0.0.1/34791] INFO  ha.SCMHANodeDetails (SCMHANodeDetails.java:loadSCMHAConfig(157)) - ServiceID for StorageContainerManager is scm-service-test1
2022-03-04 02:16:06,667 [Listener at 127.0.0.1/34791] INFO  ha.SCMHANodeDetails (SCMHANodeDetails.java:loadSCMHAConfig(168)) - ServiceID for StorageContainerManager is scm-service-test1
2022-03-04 02:16:06,667 [Listener at 127.0.0.1/34791] WARN  scm.ScmUtils (ScmUtils.java:logWarn(179)) - ConfigKey ozone.scm.block.client.address is deprecated, For configuring different ports for each SCM use PortConfigKey ozone.scm.block.client.port appended with serviceId and nodeId. If want to configure same port configure ozone.scm.block.client.port
2022-03-04 02:16:06,668 [Listener at 127.0.0.1/34791] WARN  scm.ScmUtils (ScmUtils.java:logWarn(179)) - ConfigKey ozone.scm.client.address is deprecated, For configuring different ports for each SCM use PortConfigKey ozone.scm.client.port appended with serviceId and nodeId. If want to configure same port configure ozone.scm.client.port
2022-03-04 02:16:06,668 [Listener at 127.0.0.1/34791] WARN  scm.ScmUtils (ScmUtils.java:logWarn(179)) - ConfigKey ozone.scm.datanode.address is deprecated, For configuring different ports for each SCM use PortConfigKey ozone.scm.datanode.port appended with serviceId and nodeId. If want to configure same port configure ozone.scm.datanode.port
2022-03-04 02:16:06,668 [Listener at 127.0.0.1/34791] WARN  scm.ScmUtils (ScmUtils.java:logWarn(179)) - ConfigKey ozone.scm.block.client.address is deprecated, For configuring different ports for each SCM use PortConfigKey ozone.scm.block.client.port appended with serviceId and nodeId. If want to configure same port configure ozone.scm.block.client.port
2022-03-04 02:16:06,668 [Listener at 127.0.0.1/34791] WARN  scm.ScmUtils (ScmUtils.java:logWarn(179)) - ConfigKey ozone.scm.client.address is deprecated, For configuring different ports for each SCM use PortConfigKey ozone.scm.client.port appended with serviceId and nodeId. If want to configure same port configure ozone.scm.client.port
2022-03-04 02:16:06,668 [Listener at 127.0.0.1/34791] WARN  scm.ScmUtils (ScmUtils.java:logWarn(179)) - ConfigKey ozone.scm.datanode.address is deprecated, For configuring different ports for each SCM use PortConfigKey ozone.scm.datanode.port appended with serviceId and nodeId. If want to configure same port configure ozone.scm.datanode.port
2022-03-04 02:16:06,668 [Listener at 127.0.0.1/34791] INFO  ha.SCMHANodeDetails (SCMHANodeDetails.java:loadSCMHAConfig(250)) - Found matching SCM address with SCMServiceId: scm-service-test1, SCMNodeId: scmNode-1, RPC Address: localhost:40707 and Ratis port: 40707
2022-03-04 02:16:06,668 [Listener at 127.0.0.1/34791] INFO  ha.SCMHANodeDetails (ConfUtils.java:setNodeSpecificConfigs(108)) - Setting configuration key ozone.scm.datanode.address with value of key ozone.scm.datanode.address.scm-service-test1.scmNode-1: 127.0.0.1:33931
2022-03-04 02:16:06,669 [Listener at 127.0.0.1/34791] INFO  ha.SCMHANodeDetails (ConfUtils.java:setNodeSpecificConfigs(108)) - Setting configuration key ozone.scm.block.client.address with value of key ozone.scm.block.client.address.scm-service-test1.scmNode-1: 127.0.0.1:40533
2022-03-04 02:16:06,669 [Listener at 127.0.0.1/34791] INFO  ha.SCMHANodeDetails (ConfUtils.java:setNodeSpecificConfigs(108)) - Setting configuration key ozone.scm.client.address with value of key ozone.scm.client.address.scm-service-test1.scmNode-1: 127.0.0.1:39291
2022-03-04 02:16:06,669 [Listener at 127.0.0.1/34791] INFO  ha.SCMHANodeDetails (ConfUtils.java:setNodeSpecificConfigs(108)) - Setting configuration key ozone.scm.ratis.port with value of key ozone.scm.ratis.port.scm-service-test1.scmNode-1: 40707
2022-03-04 02:16:06,669 [Listener at 127.0.0.1/34791] INFO  ha.SCMHANodeDetails (ConfUtils.java:setNodeSpecificConfigs(108)) - Setting configuration key ozone.scm.grpc.port with value of key ozone.scm.grpc.port.scm-service-test1.scmNode-1: 45609
2022-03-04 02:16:06,669 [Listener at 127.0.0.1/34791] INFO  ha.SCMHANodeDetails (ConfUtils.java:setNodeSpecificConfigs(108)) - Setting configuration key ozone.scm.http-address with value of key ozone.scm.http-address.scm-service-test1.scmNode-1: 127.0.0.1:33573
2022-03-04 02:16:06,669 [Listener at 127.0.0.1/34791] INFO  ha.SCMHANodeDetails (ConfUtils.java:setNodeSpecificConfigs(108)) - Setting configuration key ozone.scm.https-address with value of key ozone.scm.https-address.scm-service-test1.scmNode-1: 127.0.0.1:41299
2022-03-04 02:16:06,669 [Listener at 127.0.0.1/34791] INFO  ha.SCMHANodeDetails (ConfUtils.java:setNodeSpecificConfigs(108)) - Setting configuration key ozone.scm.address with value of key ozone.scm.address.scm-service-test1.scmNode-1: 127.0.0.1
2022-03-04 02:16:06,669 [Listener at 127.0.0.1/34791] WARN  scm.ScmUtils (ScmUtils.java:logWarn(179)) - ConfigKey ozone.scm.block.client.address is deprecated, For configuring different ports for each SCM use PortConfigKey ozone.scm.block.client.port appended with serviceId and nodeId. If want to configure same port configure ozone.scm.block.client.port
2022-03-04 02:16:06,669 [Listener at 127.0.0.1/34791] WARN  scm.ScmUtils (ScmUtils.java:logWarn(179)) - ConfigKey ozone.scm.client.address is deprecated, For configuring different ports for each SCM use PortConfigKey ozone.scm.client.port appended with serviceId and nodeId. If want to configure same port configure ozone.scm.client.port
2022-03-04 02:16:06,670 [Listener at 127.0.0.1/34791] WARN  scm.ScmUtils (ScmUtils.java:logWarn(179)) - ConfigKey ozone.scm.datanode.address is deprecated, For configuring different ports for each SCM use PortConfigKey ozone.scm.datanode.port appended with serviceId and nodeId. If want to configure same port configure ozone.scm.datanode.port
2022-03-04 02:16:06,670 [Listener at 127.0.0.1/34791] WARN  server.ServerUtils (ServerUtils.java:getScmDbDir(148)) - ozone.scm.db.dirs is not configured. We recommend adding this setting. Falling back to ozone.metadata.dirs instead.
2022-03-04 02:16:06,670 [Listener at 127.0.0.1/34791] INFO  upgrade.AbstractLayoutVersionManager (AbstractLayoutVersionManager.java:init(79)) - Initializing Layout version manager with metadata layout = SCM_HA (version = 2), software layout = SCM_HA (version = 2)
2022-03-04 02:16:06,821 [Listener at 127.0.0.1/34791] INFO  reflections.Reflections (Reflections.java:scan(232)) - Reflections took 141 ms to scan 7 urls, producing 122 keys and 286 values 
2022-03-04 02:16:06,822 [Listener at 127.0.0.1/34791] WARN  utils.HAUtils (HAUtils.java:getMetaDir(342)) - ozone.scm.db.dirs is not configured. We recommend adding this setting. Falling back to ozone.metadata.dirs instead.
2022-03-04 02:16:06,823 [Listener at 127.0.0.1/34791] WARN  db.DBStoreBuilder (DBStoreBuilder.java:applyDBDefinition(145)) - ozone.scm.db.dirs is not configured. We recommend adding this setting. Falling back to ozone.metadata.dirs instead.
2022-03-04 02:16:06,860 [EndpointStateMachine task thread for /127.0.0.1:42427 - 0 ] INFO  ipc.Client (Client.java:handleConnectionFailure(977)) - Retrying connect to server: localhost/127.0.0.1:42427. Already tried 11 time(s); retry policy is RetryUpToMaximumCountWithFixedSleep(maxRetries=15, sleepTime=1000 MILLISECONDS)
2022-03-04 02:16:06,861 [EndpointStateMachine task thread for /127.0.0.1:35517 - 0 ] INFO  ipc.Client (Client.java:handleConnectionFailure(977)) - Retrying connect to server: localhost/127.0.0.1:35517. Already tried 11 time(s); retry policy is RetryUpToMaximumCountWithFixedSleep(maxRetries=15, sleepTime=1000 MILLISECONDS)
2022-03-04 02:16:06,862 [EndpointStateMachine task thread for /127.0.0.1:42491 - 0 ] INFO  ipc.Client (Client.java:handleConnectionFailure(977)) - Retrying connect to server: localhost/127.0.0.1:42491. Already tried 11 time(s); retry policy is RetryUpToMaximumCountWithFixedSleep(maxRetries=15, sleepTime=1000 MILLISECONDS)
2022-03-04 02:16:06,986 [Listener at 127.0.0.1/34791] INFO  net.NodeSchemaLoader (NodeSchemaLoader.java:loadSchemaFromFile(129)) - Loading schema from [jar:file:/home/runner/.m2/repository/org/apache/ozone/hdds-common/1.3.0-SNAPSHOT/hdds-common-1.3.0-SNAPSHOT.jar!/network-topology-default.xml]
2022-03-04 02:16:06,987 [Listener at 127.0.0.1/34791] INFO  net.NodeSchemaLoader (NodeSchemaLoader.java:loadSchema(176)) - Loading network topology layer schema file
2022-03-04 02:16:07,004 [Listener at 127.0.0.1/34791] INFO  ha.SCMRatisServerImpl (SCMRatisServerImpl.java:<init>(87)) - starting Raft server for scm:d06750ef-dff7-4786-ad4b-f6962696dc27
2022-03-04 02:16:07,005 [Listener at 127.0.0.1/34791] INFO  server.RaftServer (ConfUtils.java:logGet(44)) - raft.rpc.type = GRPC (default)
2022-03-04 02:16:07,006 [Listener at 127.0.0.1/34791] INFO  grpc.GrpcFactory (GrpcFactory.java:checkPooledByteBufAllocatorUseCacheForAllThreads(48)) - PERFORMANCE WARNING: useCacheForAllThreads is true that may cause Netty to create a lot garbage objects and, as a result, trigger GC.
	It is recommended to disable useCacheForAllThreads by setting -Dorg.apache.ratis.thirdparty.io.netty.allocator.useCacheForAllThreads=false in command line.
2022-03-04 02:16:07,006 [Listener at 127.0.0.1/34791] INFO  grpc.GrpcConfigKeys (ConfUtils.java:logGet(44)) - raft.grpc.admin.port = -1 (default)
2022-03-04 02:16:07,006 [Listener at 127.0.0.1/34791] INFO  grpc.GrpcConfigKeys (ConfUtils.java:logGet(44)) - raft.grpc.server.port = 40707 (custom)
2022-03-04 02:16:07,007 [Listener at 127.0.0.1/34791] INFO  grpc.GrpcConfigKeys (ConfUtils.java:logGet(44)) - raft.grpc.client.port = -1 (default)
2022-03-04 02:16:07,007 [Listener at 127.0.0.1/34791] INFO  grpc.GrpcConfigKeys (ConfUtils.java:logGet(44)) - raft.grpc.server.port = 40707 (custom)
2022-03-04 02:16:07,007 [Listener at 127.0.0.1/34791] INFO  grpc.GrpcConfigKeys (ConfUtils.java:logGet(44)) - raft.grpc.server.port = 40707 (custom)
2022-03-04 02:16:07,008 [Listener at 127.0.0.1/34791] INFO  server.GrpcService (ConfUtils.java:logGet(44)) - raft.grpc.message.size.max = 32m (=33554432) (custom)
2022-03-04 02:16:07,012 [Listener at 127.0.0.1/34791] INFO  server.RaftServerConfigKeys (ConfUtils.java:logGet(44)) - raft.server.log.appender.buffer.byte-limit = 33554432 (custom)
2022-03-04 02:16:07,013 [Listener at 127.0.0.1/34791] INFO  server.GrpcService (ConfUtils.java:logGet(44)) - raft.grpc.flow.control.window = 1MB (=1048576) (default)
2022-03-04 02:16:07,013 [Listener at 127.0.0.1/34791] INFO  server.RaftServerConfigKeys (ConfUtils.java:logGet(44)) - raft.server.rpc.request.timeout = 30000ms (custom)
2022-03-04 02:16:07,014 [Listener at 127.0.0.1/34791] INFO  impl.DataStreamServerImpl (ConfUtils.java:logGet(44)) - raft.datastream.type = DISABLED (default)
2022-03-04 02:16:07,014 [Listener at 127.0.0.1/34791] INFO  server.RaftServerConfigKeys (ConfUtils.java:logGet(44)) - raft.server.rpc.slowness.timeout = 120000ms (custom)
2022-03-04 02:16:07,014 [Listener at 127.0.0.1/34791] INFO  server.RaftServerConfigKeys (ConfUtils.java:logGet(44)) - raft.server.leaderelection.leader.step-down.wait-time = 10s (default)
2022-03-04 02:16:07,014 [Listener at 127.0.0.1/34791] INFO  server.RaftServerConfigKeys (ConfUtils.java:logGet(44)) - raft.server.storage.dir = [/home/runner/work/ozone/ozone/hadoop-ozone/integration-test/target/test-dir/MiniOzoneClusterImpl-ba78f66b-c31d-4d73-90ed-a031934b8290/scmNode-1/scm-ha] (custom)
2022-03-04 02:16:07,015 [Listener at 127.0.0.1/34791] INFO  server.RaftServer (RaftServerProxy.java:lambda$null$1(235)) - d06750ef-dff7-4786-ad4b-f6962696dc27: found a subdirectory /home/runner/work/ozone/ozone/hadoop-ozone/integration-test/target/test-dir/MiniOzoneClusterImpl-ba78f66b-c31d-4d73-90ed-a031934b8290/scmNode-1/scm-ha/ba78f66b-c31d-4d73-90ed-a031934b8290
2022-03-04 02:16:07,015 [Listener at 127.0.0.1/34791] INFO  server.RaftServer (RaftServerProxy.java:addNew(95)) - d06750ef-dff7-4786-ad4b-f6962696dc27: addNew group-A031934B8290:[] returns group-A031934B8290:java.util.concurrent.CompletableFuture@11620d7b[Not completed]
2022-03-04 02:16:07,016 [pool-241-thread-1] INFO  server.RaftServer$Division (RaftServerImpl.java:<init>(184)) - d06750ef-dff7-4786-ad4b-f6962696dc27: new RaftServerImpl for group-A031934B8290:[] with SCMStateMachine:uninitialized
2022-03-04 02:16:07,023 [pool-241-thread-1] INFO  server.RaftServerConfigKeys (ConfUtils.java:logGet(44)) - raft.server.rpc.timeout.min = 5000ms (custom)
2022-03-04 02:16:07,023 [pool-241-thread-1] INFO  server.RaftServerConfigKeys (ConfUtils.java:logGet(44)) - raft.server.rpc.timeout.max = 5200ms (custom)
2022-03-04 02:16:07,024 [pool-241-thread-1] INFO  server.RaftServerConfigKeys (ConfUtils.java:logGet(44)) - raft.server.rpc.sleep.time = 25ms (default)
2022-03-04 02:16:07,024 [pool-241-thread-1] INFO  server.RaftServerConfigKeys (ConfUtils.java:logGet(44)) - raft.server.rpc.slowness.timeout = 120000ms (custom)
2022-03-04 02:16:07,024 [pool-241-thread-1] INFO  server.RaftServerConfigKeys (ConfUtils.java:logGet(44)) - raft.server.leaderelection.leader.step-down.wait-time = 10s (default)
2022-03-04 02:16:07,024 [pool-241-thread-1] INFO  server.RaftServerConfigKeys (ConfUtils.java:logGet(44)) - raft.server.sleep.deviation.threshold = 300ms (default)
2022-03-04 02:16:07,024 [pool-241-thread-1] INFO  server.RaftServerConfigKeys (ConfUtils.java:logGet(44)) - raft.server.log.appender.install.snapshot.enabled = false (custom)
2022-03-04 02:16:07,024 [pool-241-thread-1] INFO  server.RaftServer$Division (ServerState.java:<init>(105)) - d06750ef-dff7-4786-ad4b-f6962696dc27@group-A031934B8290: ConfigurationManager, init=-1: [], old=null, confs=<EMPTY_MAP>
2022-03-04 02:16:07,024 [pool-241-thread-1] INFO  server.RaftServerConfigKeys (ConfUtils.java:logGet(44)) - raft.server.storage.dir = [/home/runner/work/ozone/ozone/hadoop-ozone/integration-test/target/test-dir/MiniOzoneClusterImpl-ba78f66b-c31d-4d73-90ed-a031934b8290/scmNode-1/scm-ha] (custom)
2022-03-04 02:16:07,024 [pool-241-thread-1] INFO  server.RaftServerConfigKeys (ConfUtils.java:logGet(44)) - raft.server.log.corruption.policy = EXCEPTION (default)
2022-03-04 02:16:07,024 [pool-241-thread-1] INFO  server.RaftServerConfigKeys (ConfUtils.java:logGet(44)) - raft.server.storage.free-space.min = 0MB (=0) (default)
2022-03-04 02:16:07,025 [pool-241-thread-1] INFO  storage.RaftStorageDirectory (RaftStorageDirectoryImpl.java:tryLock(230)) - Lock on /home/runner/work/ozone/ozone/hadoop-ozone/integration-test/target/test-dir/MiniOzoneClusterImpl-ba78f66b-c31d-4d73-90ed-a031934b8290/scmNode-1/scm-ha/ba78f66b-c31d-4d73-90ed-a031934b8290/in_use.lock acquired by nodename 9067@fv-az184-471
2022-03-04 02:16:07,026 [pool-241-thread-1] INFO  storage.RaftStorage (RaftStorageImpl.java:analyzeAndRecoverStorage(110)) - Read RaftStorageMetadata{term=1, votedFor=d06750ef-dff7-4786-ad4b-f6962696dc27} from /home/runner/work/ozone/ozone/hadoop-ozone/integration-test/target/test-dir/MiniOzoneClusterImpl-ba78f66b-c31d-4d73-90ed-a031934b8290/scmNode-1/scm-ha/ba78f66b-c31d-4d73-90ed-a031934b8290/current/raft-meta
2022-03-04 02:16:07,026 [pool-241-thread-1] INFO  server.RaftServer$Division (ServerState.java:setRaftConf(387)) - d06750ef-dff7-4786-ad4b-f6962696dc27@group-A031934B8290: set configuration 0: [d06750ef-dff7-4786-ad4b-f6962696dc27|rpc:localhost:40707|admin:|client:|dataStream:|priority:0], old=null
2022-03-04 02:16:07,026 [pool-241-thread-1] INFO  server.RaftServerConfigKeys (ConfUtils.java:logGet(44)) - raft.server.notification.no-leader.timeout = 60s (default)
2022-03-04 02:16:07,026 [pool-241-thread-1] INFO  server.RaftServerConfigKeys (ConfUtils.java:logGet(44)) - raft.server.log.use.memory = false (default)
2022-03-04 02:16:07,026 [pool-241-thread-1] INFO  server.RaftServerConfigKeys (ConfUtils.java:logGet(44)) - raft.server.log.purge.gap = 5 (custom)
2022-03-04 02:16:07,026 [pool-241-thread-1] INFO  server.RaftServerConfigKeys (ConfUtils.java:logGet(44)) - raft.server.log.appender.buffer.byte-limit = 33554432 (custom)
2022-03-04 02:16:07,027 [pool-241-thread-1] INFO  server.RaftServerConfigKeys (ConfUtils.java:logGet(44)) - raft.server.log.segment.size.max = 4194304 (custom)
2022-03-04 02:16:07,027 [pool-241-thread-1] INFO  server.RaftServerConfigKeys (ConfUtils.java:logGet(44)) - raft.server.log.segment.cache.num.max = 2 (custom)
2022-03-04 02:16:07,027 [pool-241-thread-1] INFO  server.RaftServerConfigKeys (ConfUtils.java:logGet(44)) - raft.server.log.segment.cache.size.max = 200MB (=209715200) (default)
2022-03-04 02:16:07,027 [pool-241-thread-1] INFO  segmented.SegmentedRaftLogWorker (SegmentedRaftLogWorker.java:<init>(182)) - new d06750ef-dff7-4786-ad4b-f6962696dc27@group-A031934B8290-SegmentedRaftLogWorker for RaftStorageImpl:Storage Directory /home/runner/work/ozone/ozone/hadoop-ozone/integration-test/target/test-dir/MiniOzoneClusterImpl-ba78f66b-c31d-4d73-90ed-a031934b8290/scmNode-1/scm-ha/ba78f66b-c31d-4d73-90ed-a031934b8290
2022-03-04 02:16:07,027 [pool-241-thread-1] INFO  server.RaftServerConfigKeys (ConfUtils.java:logGet(44)) - raft.server.log.queue.byte-limit = 64MB (=67108864) (default)
2022-03-04 02:16:07,027 [pool-241-thread-1] INFO  server.RaftServerConfigKeys (ConfUtils.java:logGet(44)) - raft.server.log.queue.element-limit = 4096 (default)
2022-03-04 02:16:07,027 [pool-241-thread-1] INFO  server.RaftServerConfigKeys (ConfUtils.java:logGet(44)) - raft.server.log.segment.size.max = 4194304 (custom)
2022-03-04 02:16:07,027 [pool-241-thread-1] INFO  server.RaftServerConfigKeys (ConfUtils.java:logGet(44)) - raft.server.log.preallocated.size = 4194304 (custom)
2022-03-04 02:16:07,027 [pool-241-thread-1] INFO  server.RaftServerConfigKeys (ConfUtils.java:logGet(44)) - raft.server.log.force.sync.num = 128 (default)
2022-03-04 02:16:07,027 [pool-241-thread-1] INFO  server.RaftServerConfigKeys (ConfUtils.java:logGet(44)) - raft.server.log.statemachine.data.sync = true (default)
2022-03-04 02:16:07,027 [pool-241-thread-1] INFO  server.RaftServerConfigKeys (ConfUtils.java:logGet(44)) - raft.server.log.statemachine.data.sync.timeout = 10s (default)
2022-03-04 02:16:07,027 [pool-241-thread-1] INFO  server.RaftServerConfigKeys (ConfUtils.java:logGet(44)) - raft.server.log.statemachine.data.sync.timeout.retry = -1 (default)
2022-03-04 02:16:07,029 [pool-241-thread-1] INFO  server.RaftServerConfigKeys (ConfUtils.java:logGet(44)) - raft.server.log.write.buffer.size = 64KB (=65536) (default)
2022-03-04 02:16:07,029 [pool-241-thread-1] INFO  server.RaftServerConfigKeys (ConfUtils.java:logGet(44)) - raft.server.log.statemachine.data.caching.enabled = false (default)
2022-03-04 02:16:07,030 [pool-241-thread-1] INFO  server.RaftServer$Division (ServerState.java:setRaftConf(387)) - d06750ef-dff7-4786-ad4b-f6962696dc27@group-A031934B8290: set configuration 0: [d06750ef-dff7-4786-ad4b-f6962696dc27|rpc:localhost:40707|admin:|client:|dataStream:|priority:0], old=null
2022-03-04 02:16:07,031 [pool-241-thread-1] INFO  segmented.LogSegment (LogSegment.java:loadSegment(173)) - Successfully read 1 entries from segment file /home/runner/work/ozone/ozone/hadoop-ozone/integration-test/target/test-dir/MiniOzoneClusterImpl-ba78f66b-c31d-4d73-90ed-a031934b8290/scmNode-1/scm-ha/ba78f66b-c31d-4d73-90ed-a031934b8290/current/log_inprogress_0
2022-03-04 02:16:07,031 [pool-241-thread-1] INFO  segmented.SegmentedRaftLogWorker (SegmentedRaftLogWorker.java:lambda$new$0(133)) - d06750ef-dff7-4786-ad4b-f6962696dc27@group-A031934B8290-SegmentedRaftLogWorker: flushIndex: setUnconditionally 0 -> 0
2022-03-04 02:16:07,031 [pool-241-thread-1] INFO  segmented.SegmentedRaftLogWorker (SegmentedRaftLogWorker.java:lambda$new$0(133)) - d06750ef-dff7-4786-ad4b-f6962696dc27@group-A031934B8290-SegmentedRaftLogWorker: safeCacheEvictIndex: setUnconditionally 0 -> -1
2022-03-04 02:16:07,045 [pool-241-thread-1] INFO  server.RaftServerConfigKeys (ConfUtils.java:logGet(44)) - raft.server.snapshot.auto.trigger.enabled = true (custom)
2022-03-04 02:16:07,045 [pool-241-thread-1] INFO  server.RaftServerConfigKeys (ConfUtils.java:logGet(44)) - raft.server.snapshot.auto.trigger.threshold = 5 (custom)
2022-03-04 02:16:07,045 [pool-241-thread-1] INFO  server.RaftServerConfigKeys (ConfUtils.java:logGet(44)) - raft.server.snapshot.retention.file.num = -1 (default)
2022-03-04 02:16:07,045 [pool-241-thread-1] INFO  server.RaftServerConfigKeys (ConfUtils.java:logGet(44)) - raft.server.log.purge.upto.snapshot.index = true (custom)
2022-03-04 02:16:07,045 [pool-241-thread-1] INFO  server.RaftServerConfigKeys (ConfUtils.java:logGet(44)) - raft.server.retrycache.expirytime = 60000ms (default)
2022-03-04 02:16:07,045 [pool-241-thread-1] INFO  server.RaftServerConfigKeys (ConfUtils.java:logGet(44)) - raft.server.retrycache.statistics.expirytime = 100μs (default)
2022-03-04 02:16:07,047 [Listener at 127.0.0.1/34791] INFO  ha.SCMSnapshotProvider (SCMSnapshotProvider.java:<init>(66)) - Initializing SCM Snapshot Provider
2022-03-04 02:16:07,047 [Listener at 127.0.0.1/34791] WARN  server.ServerUtils (ServerUtils.java:getDefaultRatisDirectory(237)) - Storage directory for Ratis is not configured. It is a good idea to map this to an SSD disk. Falling back to ozone.metadata.dirs
2022-03-04 02:16:07,048 [Listener at 127.0.0.1/34791] WARN  ha.SCMHAUtils (SCMHAUtils.java:getSCMRatisSnapshotDirectory(151)) - SCM snapshot dir is not configured. Falling back to ozone.metadata.dirs config
2022-03-04 02:16:07,049 [Listener at 127.0.0.1/34791] INFO  ha.SequenceIdGenerator (SequenceIdGenerator.java:upgradeToSequenceId(347)) - upgrade localId to 109611004723200000
2022-03-04 02:16:07,049 [Listener at 127.0.0.1/34791] INFO  ha.SequenceIdGenerator (SequenceIdGenerator.java:upgradeToSequenceId(357)) - upgrade delTxnId to 0
2022-03-04 02:16:07,049 [Listener at 127.0.0.1/34791] INFO  ha.SequenceIdGenerator (SequenceIdGenerator.java:upgradeToSequenceId(371)) - upgrade containerId to 0
2022-03-04 02:16:07,050 [Listener at 127.0.0.1/34791] INFO  ha.SequenceIdGenerator (SequenceIdGenerator.java:<init>(218)) - Init the HA SequenceIdGenerator.
2022-03-04 02:16:07,059 [Listener at 127.0.0.1/34791] INFO  node.SCMNodeManager (SCMNodeManager.java:<init>(146)) - Entering startup safe mode.
2022-03-04 02:16:07,059 [Listener at 127.0.0.1/34791] INFO  algorithms.ContainerPlacementPolicyFactory (ContainerPlacementPolicyFactory.java:getPolicy(60)) - Create container placement policy of type org.apache.hadoop.hdds.scm.container.placement.algorithms.SCMContainerPlacementRandom
2022-03-04 02:16:07,059 [Listener at 127.0.0.1/34791] INFO  pipeline.PipelineStateManagerImpl (PipelineStateManagerImpl.java:initialize(78)) - No pipeline exists in current db
2022-03-04 02:16:07,060 [Listener at 127.0.0.1/34791] INFO  algorithms.LeaderChoosePolicyFactory (LeaderChoosePolicyFactory.java:getPolicy(57)) - Create leader choose policy of type org.apache.hadoop.hdds.scm.pipeline.leader.choose.algorithms.MinLeaderCountChoosePolicy
2022-03-04 02:16:07,060 [Listener at 127.0.0.1/34791] INFO  ha.SCMServiceManager (SCMServiceManager.java:register(42)) - Registering service BackgroundPipelineCreator.
2022-03-04 02:16:07,060 [Listener at 127.0.0.1/34791] INFO  pipeline.BackgroundPipelineCreator (BackgroundPipelineCreator.java:start(130)) - Starting RatisPipelineUtilsThread.
2022-03-04 02:16:07,061 [Listener at 127.0.0.1/34791] INFO  algorithms.PipelineChoosePolicyFactory (PipelineChoosePolicyFactory.java:createPipelineChoosePolicyFromClass(73)) - Create pipeline choose policy of type org.apache.hadoop.hdds.scm.pipeline.choose.algorithms.RandomPipelineChoosePolicy
2022-03-04 02:16:07,062 [Listener at 127.0.0.1/34791] INFO  ha.SCMServiceManager (SCMServiceManager.java:register(42)) - Registering service SCMBlockDeletingService.
2022-03-04 02:16:07,062 [Listener at 127.0.0.1/34791] INFO  ha.SCMServiceManager (SCMServiceManager.java:register(42)) - Registering service ReplicationManager.
2022-03-04 02:16:07,062 [Listener at 127.0.0.1/34791] INFO  container.ReplicationManager (ReplicationManager.java:start(326)) - Starting Replication Monitor Thread.
2022-03-04 02:16:07,064 [Listener at 127.0.0.1/34791] INFO  safemode.ContainerSafeModeRule (ContainerSafeModeRule.java:<init>(89)) - containers with one replica threshold count 0
2022-03-04 02:16:07,064 [Listener at 127.0.0.1/34791] INFO  safemode.HealthyPipelineSafeModeRule (HealthyPipelineSafeModeRule.java:initializeRule(156)) - Total pipeline count is 0, healthy pipeline threshold count is 1
2022-03-04 02:16:07,065 [Listener at 127.0.0.1/34791] INFO  safemode.OneReplicaPipelineSafeModeRule (OneReplicaPipelineSafeModeRule.java:initializeRule(180)) - Total pipeline count is 0, pipeline's with at least one datanode reported threshold count is 0
2022-03-04 02:16:07,075 [Listener at 127.0.0.1/34791] INFO  ipc.CallQueueManager (CallQueueManager.java:<init>(90)) - Using callQueue: class java.util.concurrent.LinkedBlockingQueue, queueCapacity: 10000, scheduler: class org.apache.hadoop.ipc.DefaultRpcScheduler, ipcBackoff: false.
2022-03-04 02:16:07,076 [Socket Reader #1 for port 33931] INFO  ipc.Server (Server.java:run(1265)) - Starting Socket Reader #1 for port 33931
2022-03-04 02:16:07,084 [Listener at 0.0.0.0/33931] INFO  ipc.CallQueueManager (CallQueueManager.java:<init>(90)) - Using callQueue: class java.util.concurrent.LinkedBlockingQueue, queueCapacity: 10000, scheduler: class org.apache.hadoop.ipc.DefaultRpcScheduler, ipcBackoff: false.
2022-03-04 02:16:07,085 [Socket Reader #1 for port 40533] INFO  ipc.Server (Server.java:run(1265)) - Starting Socket Reader #1 for port 40533
2022-03-04 02:16:07,086 [ReplicationMonitor] INFO  container.ReplicationManager (ReplicationManager.java:processAll(374)) - Replication Manager is not ready to run until 300000ms after safemode exit
2022-03-04 02:16:07,086 [Listener at 0.0.0.0/40533] INFO  ipc.CallQueueManager (CallQueueManager.java:<init>(90)) - Using callQueue: class java.util.concurrent.LinkedBlockingQueue, queueCapacity: 10000, scheduler: class org.apache.hadoop.ipc.DefaultRpcScheduler, ipcBackoff: false.
2022-03-04 02:16:07,095 [Socket Reader #1 for port 39291] INFO  ipc.Server (Server.java:run(1265)) - Starting Socket Reader #1 for port 39291
2022-03-04 02:16:07,126 [Listener at 0.0.0.0/39291] INFO  server.StorageContainerManager (StorageContainerManager.java:<init>(389)) - 
Container Balancer status:
Key                            Value
Running                        false
Container Balancer Configuration values:
Key                                                Value
Threshold                                          10
Max Datanodes to Involve per Iteration(percent)    20
Max Size to Move per Iteration                     500GB
Max Size Entering Target per Iteration             26GB
Max Size Leaving Source per Iteration              26GB

2022-03-04 02:16:07,126 [Listener at 0.0.0.0/39291] WARN  events.EventQueue (EventQueue.java:fireEvent(194)) - No event handler registered for event TypedEvent{payloadType=SafeModeStatus, name='Safe mode status'}
2022-03-04 02:16:07,126 [Listener at 0.0.0.0/39291] INFO  ha.SCMContext (SCMContext.java:updateSafeModeStatus(211)) - Update SafeModeStatus from SafeModeStatus{safeModeStatus=true, preCheckPassed=false} to SafeModeStatus{safeModeStatus=true, preCheckPassed=false}.
2022-03-04 02:16:07,126 [Listener at 0.0.0.0/39291] INFO  server.StorageContainerManager (StorageContainerManager.java:start(1327)) - StorageContainerLocationProtocol RPC server is listening at /0.0.0.0:39291
2022-03-04 02:16:07,127 [Listener at 0.0.0.0/39291] INFO  ha.SCMRatisServerImpl (SCMRatisServerImpl.java:start(177)) - starting ratis server 0.0.0.0:40707
2022-03-04 02:16:07,127 [Listener at 0.0.0.0/39291] INFO  server.RaftServer$Division (RaftServerImpl.java:start(301)) - d06750ef-dff7-4786-ad4b-f6962696dc27@group-A031934B8290: start as a follower, conf=0: [d06750ef-dff7-4786-ad4b-f6962696dc27|rpc:localhost:40707|admin:|client:|dataStream:|priority:0], old=null
2022-03-04 02:16:07,127 [Listener at 0.0.0.0/39291] INFO  server.RaftServer$Division (RaftServerImpl.java:setRole(290)) - d06750ef-dff7-4786-ad4b-f6962696dc27@group-A031934B8290: changes role from      null to FOLLOWER at term 1 for startAsFollower
2022-03-04 02:16:07,127 [Listener at 0.0.0.0/39291] INFO  impl.RoleInfo (RoleInfo.java:updateAndGet(130)) - d06750ef-dff7-4786-ad4b-f6962696dc27: start d06750ef-dff7-4786-ad4b-f6962696dc27@group-A031934B8290-FollowerState
2022-03-04 02:16:07,143 [Listener at 0.0.0.0/39291] INFO  util.JmxRegister (JmxRegister.java:tryRegister(44)) - Successfully registered JMX Bean with object name Ratis:service=RaftServer,group=group-A031934B8290,id=d06750ef-dff7-4786-ad4b-f6962696dc27
2022-03-04 02:16:07,159 [Listener at 0.0.0.0/39291] INFO  server.RaftServer (RaftServerProxy.java:lambda$start$5(374)) - d06750ef-dff7-4786-ad4b-f6962696dc27: start RPC server
2022-03-04 02:16:07,160 [Listener at 0.0.0.0/39291] INFO  server.GrpcService (GrpcService.java:startImpl(253)) - d06750ef-dff7-4786-ad4b-f6962696dc27: GrpcService started, listening on 40707
2022-03-04 02:16:07,164 [Listener at 0.0.0.0/39291] INFO  ha.SCMHAManagerImpl (SCMHAManagerImpl.java:start(121)) -  scm role is FOLLOWER peers [d06750ef-dff7-4786-ad4b-f6962696dc27|rpc:localhost:40707|admin:|client:|dataStream:|priority:0]
2022-03-04 02:16:07,165 [Listener at 0.0.0.0/39291] INFO  ha.InterSCMGrpcService (InterSCMGrpcProtocolService.java:start(94)) - Starting SCM Grpc Service at port 45609
2022-03-04 02:16:07,166 [Listener at 0.0.0.0/39291] WARN  impl.MetricsConfig (MetricsConfig.java:loadFirst(136)) - Cannot locate configuration: tried hadoop-metrics2-storagecontainermanager.properties,hadoop-metrics2.properties
2022-03-04 02:16:07,167 [org.apache.ratis.util.JvmPauseMonitor$$Lambda$503/666911607@5e618639] INFO  util.JvmPauseMonitor (JvmPauseMonitor.java:run(103)) - JvmPauseMonitor-d06750ef-dff7-4786-ad4b-f6962696dc27: Started
2022-03-04 02:16:07,171 [Listener at 0.0.0.0/39291] INFO  impl.MetricsSystemImpl (MetricsSystemImpl.java:startTimer(378)) - Scheduled Metric snapshot period at 10 second(s).
2022-03-04 02:16:07,172 [Listener at 0.0.0.0/39291] INFO  impl.MetricsSystemImpl (MetricsSystemImpl.java:start(191)) - StorageContainerManager metrics system started
2022-03-04 02:16:07,191 [Listener at 0.0.0.0/39291] INFO  impl.MetricsSinkAdapter (MetricsSinkAdapter.java:start(204)) - Sink prometheus started
2022-03-04 02:16:07,196 [Listener at 0.0.0.0/39291] INFO  impl.MetricsSystemImpl (MetricsSystemImpl.java:registerSink(305)) - Registered sink prometheus
2022-03-04 02:16:07,216 [Listener at 0.0.0.0/39291] INFO  server.SCMClientProtocolServer (SCMClientProtocolServer.java:start(165)) - RPC server for Client  is listening at /0.0.0.0:39291
2022-03-04 02:16:07,227 [IPC Server Responder] INFO  ipc.Server (Server.java:run(1507)) - IPC Server Responder: starting
2022-03-04 02:16:07,243 [IPC Server listener on 39291] INFO  ipc.Server (Server.java:run(1344)) - IPC Server listener on 39291: starting
2022-03-04 02:16:07,624 [Listener at 0.0.0.0/39291] INFO  server.StorageContainerManager (StorageContainerManager.java:start(1342)) - ScmBlockLocationProtocol RPC server is listening at /0.0.0.0:40533
2022-03-04 02:16:07,625 [Listener at 0.0.0.0/39291] INFO  server.SCMBlockProtocolServer (SCMBlockProtocolServer.java:start(151)) - RPC server for Block Protocol is listening at /0.0.0.0:40533
2022-03-04 02:16:07,635 [IPC Server Responder] INFO  ipc.Server (Server.java:run(1507)) - IPC Server Responder: starting
2022-03-04 02:16:07,655 [IPC Server listener on 40533] INFO  ipc.Server (Server.java:run(1344)) - IPC Server listener on 40533: starting
2022-03-04 02:16:07,687 [Listener at 0.0.0.0/39291] INFO  http.BaseHttpServer (BaseHttpServer.java:newHttpServer2BuilderForOzone(209)) - Starting Web-server for scm at: http://0.0.0.0:33573
2022-03-04 02:16:07,688 [Listener at 0.0.0.0/39291] INFO  http.BaseHttpServer (BaseHttpServer.java:<init>(107)) - Hadoop Security Enabled: false Ozone Security Enabled: false Ozone HTTP Security Enabled: false 
2022-03-04 02:16:07,689 [Listener at 0.0.0.0/39291] INFO  server.AuthenticationFilter (AuthenticationFilter.java:constructSecretProvider(240)) - Unable to initialize FileSignerSecretProvider, falling back to use random secrets.
2022-03-04 02:16:07,690 [org.apache.hadoop.util.JvmPauseMonitor$Monitor@5785b1b7] INFO  util.JvmPauseMonitor (JvmPauseMonitor.java:run(188)) - Starting JVM pause monitor
2022-03-04 02:16:07,690 [Listener at 0.0.0.0/39291] WARN  http.HttpRequestLog (HttpRequestLog.java:getRequestLog(103)) - Jetty request log can only be enabled using Log4j
2022-03-04 02:16:07,691 [Listener at 0.0.0.0/39291] INFO  http.HttpServer2 (HttpServer2.java:addGlobalFilter(1030)) - Added global filter 'safety' (class=org.apache.hadoop.hdds.server.http.HttpServer2$QuotingInputFilter)
2022-03-04 02:16:07,692 [Listener at 0.0.0.0/39291] INFO  http.HttpServer2 (HttpServer2.java:addFilter(1006)) - Added filter static_user_filter (class=org.apache.hadoop.http.lib.StaticUserWebFilter$StaticUserFilter) to context scm
2022-03-04 02:16:07,692 [Listener at 0.0.0.0/39291] INFO  http.HttpServer2 (HttpServer2.java:addFilter(1014)) - Added filter static_user_filter (class=org.apache.hadoop.http.lib.StaticUserWebFilter$StaticUserFilter) to context logs
2022-03-04 02:16:07,693 [Listener at 0.0.0.0/39291] INFO  http.HttpServer2 (HttpServer2.java:addFilter(1014)) - Added filter static_user_filter (class=org.apache.hadoop.http.lib.StaticUserWebFilter$StaticUserFilter) to context static
2022-03-04 02:16:07,693 [Listener at 0.0.0.0/39291] INFO  http.HttpServer2 (HttpServer2.java:bindListener(1249)) - Jetty bound to port 33573
2022-03-04 02:16:07,693 [Listener at 0.0.0.0/39291] INFO  server.Server (Server.java:doStart(375)) - jetty-9.4.43.v20210629; built: 2021-06-30T11:07:22.254Z; git: 526006ecfa3af7f1a27ef3a288e2bef7ea9dd7e8; jvm 1.8.0_322-b06
2022-03-04 02:16:07,695 [Listener at 0.0.0.0/39291] INFO  server.session (DefaultSessionIdManager.java:doStart(334)) - DefaultSessionIdManager workerName=node0
2022-03-04 02:16:07,695 [Listener at 0.0.0.0/39291] INFO  server.session (DefaultSessionIdManager.java:doStart(339)) - No SessionScavenger set, using defaults
2022-03-04 02:16:07,695 [Listener at 0.0.0.0/39291] INFO  server.session (HouseKeeper.java:startScavenging(132)) - node0 Scavenging every 600000ms
2022-03-04 02:16:07,696 [Listener at 0.0.0.0/39291] INFO  handler.ContextHandler (ContextHandler.java:doStart(915)) - Started o.e.j.s.ServletContextHandler@33937eb{logs,/logs,file:///home/runner/work/ozone/ozone/hadoop-ozone/integration-test/target/log,AVAILABLE}
2022-03-04 02:16:07,697 [Listener at 0.0.0.0/39291] INFO  handler.ContextHandler (ContextHandler.java:doStart(915)) - Started o.e.j.s.ServletContextHandler@7775af39{static,/static,file:///home/runner/work/ozone/ozone/hadoop-ozone/integration-test/target/test-classes/webapps/static,AVAILABLE}
2022-03-04 02:16:07,701 [Listener at 0.0.0.0/39291] INFO  handler.ContextHandler (ContextHandler.java:doStart(915)) - Started o.e.j.w.WebAppContext@62cd39d3{scm,/,file:///home/runner/work/ozone/ozone/hadoop-ozone/integration-test/target/test-classes/webapps/scm/,AVAILABLE}{file:/home/runner/work/ozone/ozone/hadoop-ozone/integration-test/target/test-classes/webapps/scm}
2022-03-04 02:16:07,704 [Listener at 0.0.0.0/39291] INFO  server.AbstractConnector (AbstractConnector.java:doStart(331)) - Started ServerConnector@5ccc3cce{HTTP/1.1, (http/1.1)}{0.0.0.0:33573}
2022-03-04 02:16:07,704 [Listener at 0.0.0.0/39291] INFO  server.Server (Server.java:doStart(415)) - Started @79323ms
2022-03-04 02:16:07,704 [Listener at 0.0.0.0/39291] WARN  impl.MetricsSystemImpl (MetricsSystemImpl.java:register(279)) - Sink prometheus already exists!
2022-03-04 02:16:07,705 [Listener at 0.0.0.0/39291] INFO  http.BaseHttpServer (BaseHttpServer.java:updateConnectorAddress(329)) - HTTP server of scm listening at http://0.0.0.0:33573
2022-03-04 02:16:07,705 [Listener at 0.0.0.0/39291] INFO  ozone.MiniOzoneHAClusterImpl (MiniOzoneHAClusterImpl.java:createSCMService(600)) - Started SCM RPC server at /0.0.0.0:39291
2022-03-04 02:16:07,706 [Listener at 0.0.0.0/39291] INFO  ha.SCMHANodeDetails (SCMHANodeDetails.java:loadSCMHAConfig(157)) - ServiceID for StorageContainerManager is scm-service-test1
2022-03-04 02:16:07,706 [Listener at 0.0.0.0/39291] INFO  ha.SCMHANodeDetails (SCMHANodeDetails.java:loadSCMHAConfig(168)) - ServiceID for StorageContainerManager is scm-service-test1
2022-03-04 02:16:07,706 [Listener at 0.0.0.0/39291] WARN  scm.ScmUtils (ScmUtils.java:logWarn(179)) - ConfigKey ozone.scm.block.client.address is deprecated, For configuring different ports for each SCM use PortConfigKey ozone.scm.block.client.port appended with serviceId and nodeId. If want to configure same port configure ozone.scm.block.client.port
2022-03-04 02:16:07,706 [Listener at 0.0.0.0/39291] WARN  scm.ScmUtils (ScmUtils.java:logWarn(179)) - ConfigKey ozone.scm.client.address is deprecated, For configuring different ports for each SCM use PortConfigKey ozone.scm.client.port appended with serviceId and nodeId. If want to configure same port configure ozone.scm.client.port
2022-03-04 02:16:07,706 [Listener at 0.0.0.0/39291] WARN  scm.ScmUtils (ScmUtils.java:logWarn(179)) - ConfigKey ozone.scm.datanode.address is deprecated, For configuring different ports for each SCM use PortConfigKey ozone.scm.datanode.port appended with serviceId and nodeId. If want to configure same port configure ozone.scm.datanode.port
2022-03-04 02:16:07,707 [Listener at 0.0.0.0/39291] WARN  scm.ScmUtils (ScmUtils.java:logWarn(179)) - ConfigKey ozone.scm.block.client.address is deprecated, For configuring different ports for each SCM use PortConfigKey ozone.scm.block.client.port appended with serviceId and nodeId. If want to configure same port configure ozone.scm.block.client.port
2022-03-04 02:16:07,707 [Listener at 0.0.0.0/39291] WARN  scm.ScmUtils (ScmUtils.java:logWarn(179)) - ConfigKey ozone.scm.client.address is deprecated, For configuring different ports for each SCM use PortConfigKey ozone.scm.client.port appended with serviceId and nodeId. If want to configure same port configure ozone.scm.client.port
2022-03-04 02:16:07,707 [Listener at 0.0.0.0/39291] WARN  scm.ScmUtils (ScmUtils.java:logWarn(179)) - ConfigKey ozone.scm.datanode.address is deprecated, For configuring different ports for each SCM use PortConfigKey ozone.scm.datanode.port appended with serviceId and nodeId. If want to configure same port configure ozone.scm.datanode.port
2022-03-04 02:16:07,707 [Listener at 0.0.0.0/39291] INFO  ha.SCMHANodeDetails (SCMHANodeDetails.java:loadSCMHAConfig(250)) - Found matching SCM address with SCMServiceId: scm-service-test1, SCMNodeId: scmNode-2, RPC Address: localhost:41709 and Ratis port: 41709
2022-03-04 02:16:07,707 [Listener at 0.0.0.0/39291] INFO  ha.SCMHANodeDetails (ConfUtils.java:setNodeSpecificConfigs(108)) - Setting configuration key ozone.scm.datanode.address with value of key ozone.scm.datanode.address.scm-service-test1.scmNode-2: 127.0.0.1:45947
2022-03-04 02:16:07,707 [Listener at 0.0.0.0/39291] INFO  ha.SCMHANodeDetails (ConfUtils.java:setNodeSpecificConfigs(108)) - Setting configuration key ozone.scm.block.client.address with value of key ozone.scm.block.client.address.scm-service-test1.scmNode-2: 127.0.0.1:46727
2022-03-04 02:16:07,707 [Listener at 0.0.0.0/39291] INFO  ha.SCMHANodeDetails (ConfUtils.java:setNodeSpecificConfigs(108)) - Setting configuration key ozone.scm.client.address with value of key ozone.scm.client.address.scm-service-test1.scmNode-2: 127.0.0.1:35065
2022-03-04 02:16:07,707 [Listener at 0.0.0.0/39291] INFO  ha.SCMHANodeDetails (ConfUtils.java:setNodeSpecificConfigs(108)) - Setting configuration key ozone.scm.ratis.port with value of key ozone.scm.ratis.port.scm-service-test1.scmNode-2: 41709
2022-03-04 02:16:07,708 [Listener at 0.0.0.0/39291] INFO  ha.SCMHANodeDetails (ConfUtils.java:setNodeSpecificConfigs(108)) - Setting configuration key ozone.scm.grpc.port with value of key ozone.scm.grpc.port.scm-service-test1.scmNode-2: 40311
2022-03-04 02:16:07,708 [Listener at 0.0.0.0/39291] INFO  ha.SCMHANodeDetails (ConfUtils.java:setNodeSpecificConfigs(108)) - Setting configuration key ozone.scm.http-address with value of key ozone.scm.http-address.scm-service-test1.scmNode-2: 127.0.0.1:44877
2022-03-04 02:16:07,708 [Listener at 0.0.0.0/39291] INFO  ha.SCMHANodeDetails (ConfUtils.java:setNodeSpecificConfigs(108)) - Setting configuration key ozone.scm.https-address with value of key ozone.scm.https-address.scm-service-test1.scmNode-2: 127.0.0.1:35173
2022-03-04 02:16:07,708 [Listener at 0.0.0.0/39291] INFO  ha.SCMHANodeDetails (ConfUtils.java:setNodeSpecificConfigs(108)) - Setting configuration key ozone.scm.address with value of key ozone.scm.address.scm-service-test1.scmNode-2: 127.0.0.1
2022-03-04 02:16:07,708 [Listener at 0.0.0.0/39291] WARN  scm.ScmUtils (ScmUtils.java:logWarn(179)) - ConfigKey ozone.scm.block.client.address is deprecated, For configuring different ports for each SCM use PortConfigKey ozone.scm.block.client.port appended with serviceId and nodeId. If want to configure same port configure ozone.scm.block.client.port
2022-03-04 02:16:07,708 [Listener at 0.0.0.0/39291] WARN  scm.ScmUtils (ScmUtils.java:logWarn(179)) - ConfigKey ozone.scm.client.address is deprecated, For configuring different ports for each SCM use PortConfigKey ozone.scm.client.port appended with serviceId and nodeId. If want to configure same port configure ozone.scm.client.port
2022-03-04 02:16:07,708 [Listener at 0.0.0.0/39291] WARN  scm.ScmUtils (ScmUtils.java:logWarn(179)) - ConfigKey ozone.scm.datanode.address is deprecated, For configuring different ports for each SCM use PortConfigKey ozone.scm.datanode.port appended with serviceId and nodeId. If want to configure same port configure ozone.scm.datanode.port
2022-03-04 02:16:07,708 [Listener at 0.0.0.0/39291] WARN  server.ServerUtils (ServerUtils.java:getScmDbDir(148)) - ozone.scm.db.dirs is not configured. We recommend adding this setting. Falling back to ozone.metadata.dirs instead.
2022-03-04 02:16:07,710 [Listener at 0.0.0.0/39291] INFO  ha.SCMNodeInfo (SCMNodeInfo.java:getPort(197)) - ConfigKey ozone.scm.client.address is deprecated, For configuring different ports for each SCM use PortConfigKey ozone.scm.client.port appended with serviceId and nodeId
2022-03-04 02:16:07,710 [Listener at 0.0.0.0/39291] INFO  ha.SCMNodeInfo (SCMNodeInfo.java:getPort(197)) - ConfigKey ozone.scm.block.client.address is deprecated, For configuring different ports for each SCM use PortConfigKey ozone.scm.block.client.port appended with serviceId and nodeId
2022-03-04 02:16:07,710 [Listener at 0.0.0.0/39291] INFO  ha.SCMNodeInfo (SCMNodeInfo.java:getPort(197)) - ConfigKey ozone.scm.datanode.address is deprecated, For configuring different ports for each SCM use PortConfigKey ozone.scm.datanode.port appended with serviceId and nodeId
2022-03-04 02:16:07,710 [Listener at 0.0.0.0/39291] INFO  ha.SCMNodeInfo (SCMNodeInfo.java:getPort(197)) - ConfigKey ozone.scm.client.address is deprecated, For configuring different ports for each SCM use PortConfigKey ozone.scm.client.port appended with serviceId and nodeId
2022-03-04 02:16:07,710 [Listener at 0.0.0.0/39291] INFO  ha.SCMNodeInfo (SCMNodeInfo.java:getPort(197)) - ConfigKey ozone.scm.block.client.address is deprecated, For configuring different ports for each SCM use PortConfigKey ozone.scm.block.client.port appended with serviceId and nodeId
2022-03-04 02:16:07,711 [Listener at 0.0.0.0/39291] INFO  ha.SCMNodeInfo (SCMNodeInfo.java:getPort(197)) - ConfigKey ozone.scm.datanode.address is deprecated, For configuring different ports for each SCM use PortConfigKey ozone.scm.datanode.port appended with serviceId and nodeId
2022-03-04 02:16:07,711 [Listener at 0.0.0.0/39291] INFO  ha.SCMNodeInfo (SCMNodeInfo.java:getPort(197)) - ConfigKey ozone.scm.client.address is deprecated, For configuring different ports for each SCM use PortConfigKey ozone.scm.client.port appended with serviceId and nodeId
2022-03-04 02:16:07,711 [Listener at 0.0.0.0/39291] INFO  ha.SCMNodeInfo (SCMNodeInfo.java:getPort(197)) - ConfigKey ozone.scm.block.client.address is deprecated, For configuring different ports for each SCM use PortConfigKey ozone.scm.block.client.port appended with serviceId and nodeId
2022-03-04 02:16:07,711 [Listener at 0.0.0.0/39291] INFO  ha.SCMNodeInfo (SCMNodeInfo.java:getPort(197)) - ConfigKey ozone.scm.datanode.address is deprecated, For configuring different ports for each SCM use PortConfigKey ozone.scm.datanode.port appended with serviceId and nodeId
2022-03-04 02:16:07,860 [EndpointStateMachine task thread for /127.0.0.1:42427 - 0 ] INFO  ipc.Client (Client.java:handleConnectionFailure(977)) - Retrying connect to server: localhost/127.0.0.1:42427. Already tried 12 time(s); retry policy is RetryUpToMaximumCountWithFixedSleep(maxRetries=15, sleepTime=1000 MILLISECONDS)
2022-03-04 02:16:07,862 [EndpointStateMachine task thread for /127.0.0.1:35517 - 0 ] INFO  ipc.Client (Client.java:handleConnectionFailure(977)) - Retrying connect to server: localhost/127.0.0.1:35517. Already tried 12 time(s); retry policy is RetryUpToMaximumCountWithFixedSleep(maxRetries=15, sleepTime=1000 MILLISECONDS)
2022-03-04 02:16:07,862 [EndpointStateMachine task thread for /127.0.0.1:42491 - 0 ] INFO  ipc.Client (Client.java:handleConnectionFailure(977)) - Retrying connect to server: localhost/127.0.0.1:42491. Already tried 12 time(s); retry policy is RetryUpToMaximumCountWithFixedSleep(maxRetries=15, sleepTime=1000 MILLISECONDS)
2022-03-04 02:16:08,861 [EndpointStateMachine task thread for /127.0.0.1:42427 - 0 ] INFO  ipc.Client (Client.java:handleConnectionFailure(977)) - Retrying connect to server: localhost/127.0.0.1:42427. Already tried 13 time(s); retry policy is RetryUpToMaximumCountWithFixedSleep(maxRetries=15, sleepTime=1000 MILLISECONDS)
2022-03-04 02:16:08,862 [EndpointStateMachine task thread for /127.0.0.1:35517 - 0 ] INFO  ipc.Client (Client.java:handleConnectionFailure(977)) - Retrying connect to server: localhost/127.0.0.1:35517. Already tried 13 time(s); retry policy is RetryUpToMaximumCountWithFixedSleep(maxRetries=15, sleepTime=1000 MILLISECONDS)
2022-03-04 02:16:08,863 [EndpointStateMachine task thread for /127.0.0.1:42491 - 0 ] INFO  ipc.Client (Client.java:handleConnectionFailure(977)) - Retrying connect to server: localhost/127.0.0.1:42491. Already tried 13 time(s); retry policy is RetryUpToMaximumCountWithFixedSleep(maxRetries=15, sleepTime=1000 MILLISECONDS)
2022-03-04 02:16:09,733 [Listener at 0.0.0.0/39291] INFO  retry.RetryInvocationHandler (RetryInvocationHandler.java:log(411)) - com.google.protobuf.ServiceException: java.net.ConnectException: Call From fv-az184-471/10.1.0.11 to localhost:46727 failed on connection exception: java.net.ConnectException: Connection refused; For more details see:  http://wiki.apache.org/hadoop/ConnectionRefused, while invoking $Proxy39.send over nodeId=scmNode-2,nodeAddress=/127.0.0.1:46727 after 1 failover attempts. Trying to failover after sleeping for 2000ms.
2022-03-04 02:16:09,862 [EndpointStateMachine task thread for /127.0.0.1:42427 - 0 ] INFO  ipc.Client (Client.java:handleConnectionFailure(977)) - Retrying connect to server: localhost/127.0.0.1:42427. Already tried 14 time(s); retry policy is RetryUpToMaximumCountWithFixedSleep(maxRetries=15, sleepTime=1000 MILLISECONDS)
2022-03-04 02:16:09,862 [EndpointStateMachine task thread for /127.0.0.1:42427 - 0 ] WARN  statemachine.EndpointStateMachine (EndpointStateMachine.java:logIfNeeded(236)) - Unable to communicate to SCM server at localhost:42427 for past 0 seconds.
java.net.ConnectException: Call From fv-az184-471/10.1.0.11 to localhost:42427 failed on connection exception: java.net.ConnectException: Connection refused; For more details see:  http://wiki.apache.org/hadoop/ConnectionRefused
	at sun.reflect.NativeConstructorAccessorImpl.newInstance0(Native Method)
	at sun.reflect.NativeConstructorAccessorImpl.newInstance(NativeConstructorAccessorImpl.java:62)
	at sun.reflect.DelegatingConstructorAccessorImpl.newInstance(DelegatingConstructorAccessorImpl.java:45)
	at java.lang.reflect.Constructor.newInstance(Constructor.java:423)
	at org.apache.hadoop.net.NetUtils.wrapWithMessage(NetUtils.java:913)
	at org.apache.hadoop.net.NetUtils.wrapException(NetUtils.java:828)
	at org.apache.hadoop.ipc.Client.getRpcResponse(Client.java:1577)
	at org.apache.hadoop.ipc.Client.call(Client.java:1519)
	at org.apache.hadoop.ipc.Client.call(Client.java:1416)
	at org.apache.hadoop.ipc.ProtobufRpcEngine$Invoker.invoke(ProtobufRpcEngine.java:236)
	at org.apache.hadoop.ipc.ProtobufRpcEngine$Invoker.invoke(ProtobufRpcEngine.java:123)
	at com.sun.proxy.$Proxy48.submitRequest(Unknown Source)
	at org.apache.hadoop.ozone.protocolPB.StorageContainerDatanodeProtocolClientSideTranslatorPB.submitRequest(StorageContainerDatanodeProtocolClientSideTranslatorPB.java:117)
	at org.apache.hadoop.ozone.protocolPB.StorageContainerDatanodeProtocolClientSideTranslatorPB.sendHeartbeat(StorageContainerDatanodeProtocolClientSideTranslatorPB.java:149)
	at org.apache.hadoop.ozone.container.common.states.endpoint.HeartbeatEndpointTask.call(HeartbeatEndpointTask.java:180)
	at org.apache.hadoop.ozone.container.common.states.endpoint.HeartbeatEndpointTask.call(HeartbeatEndpointTask.java:83)
	at java.util.concurrent.FutureTask.run(FutureTask.java:266)
	at java.util.concurrent.ThreadPoolExecutor.runWorker(ThreadPoolExecutor.java:1149)
	at java.util.concurrent.ThreadPoolExecutor$Worker.run(ThreadPoolExecutor.java:624)
	at java.lang.Thread.run(Thread.java:750)
Caused by: java.net.ConnectException: Connection refused
	at sun.nio.ch.SocketChannelImpl.checkConnect(Native Method)
	at sun.nio.ch.SocketChannelImpl.finishConnect(SocketChannelImpl.java:716)
	at org.apache.hadoop.net.SocketIOWithTimeout.connect(SocketIOWithTimeout.java:206)
	at org.apache.hadoop.net.NetUtils.connect(NetUtils.java:586)
	at org.apache.hadoop.ipc.Client$Connection.setupConnection(Client.java:701)
	at org.apache.hadoop.ipc.Client$Connection.setupIOstreams(Client.java:822)
	at org.apache.hadoop.ipc.Client$Connection.access$3800(Client.java:414)
	at org.apache.hadoop.ipc.Client.getConnection(Client.java:1647)
	at org.apache.hadoop.ipc.Client.call(Client.java:1463)
	... 12 more
2022-03-04 02:16:09,865 [EndpointStateMachine task thread for /127.0.0.1:42491 - 0 ] INFO  ipc.Client (Client.java:handleConnectionFailure(977)) - Retrying connect to server: localhost/127.0.0.1:42491. Already tried 14 time(s); retry policy is RetryUpToMaximumCountWithFixedSleep(maxRetries=15, sleepTime=1000 MILLISECONDS)
2022-03-04 02:16:09,864 [EndpointStateMachine task thread for /127.0.0.1:35517 - 0 ] INFO  ipc.Client (Client.java:handleConnectionFailure(977)) - Retrying connect to server: localhost/127.0.0.1:35517. Already tried 14 time(s); retry policy is RetryUpToMaximumCountWithFixedSleep(maxRetries=15, sleepTime=1000 MILLISECONDS)
2022-03-04 02:16:09,867 [EndpointStateMachine task thread for /127.0.0.1:35517 - 0 ] WARN  statemachine.EndpointStateMachine (EndpointStateMachine.java:logIfNeeded(236)) - Unable to communicate to SCM server at localhost:35517 for past 0 seconds.
java.net.ConnectException: Call From fv-az184-471/10.1.0.11 to localhost:35517 failed on connection exception: java.net.ConnectException: Connection refused; For more details see:  http://wiki.apache.org/hadoop/ConnectionRefused
	at sun.reflect.NativeConstructorAccessorImpl.newInstance0(Native Method)
	at sun.reflect.NativeConstructorAccessorImpl.newInstance(NativeConstructorAccessorImpl.java:62)
	at sun.reflect.DelegatingConstructorAccessorImpl.newInstance(DelegatingConstructorAccessorImpl.java:45)
	at java.lang.reflect.Constructor.newInstance(Constructor.java:423)
	at org.apache.hadoop.net.NetUtils.wrapWithMessage(NetUtils.java:913)
	at org.apache.hadoop.net.NetUtils.wrapException(NetUtils.java:828)
	at org.apache.hadoop.ipc.Client.getRpcResponse(Client.java:1577)
	at org.apache.hadoop.ipc.Client.call(Client.java:1519)
	at org.apache.hadoop.ipc.Client.call(Client.java:1416)
	at org.apache.hadoop.ipc.ProtobufRpcEngine$Invoker.invoke(ProtobufRpcEngine.java:236)
	at org.apache.hadoop.ipc.ProtobufRpcEngine$Invoker.invoke(ProtobufRpcEngine.java:123)
	at com.sun.proxy.$Proxy48.submitRequest(Unknown Source)
	at org.apache.hadoop.ozone.protocolPB.StorageContainerDatanodeProtocolClientSideTranslatorPB.submitRequest(StorageContainerDatanodeProtocolClientSideTranslatorPB.java:117)
	at org.apache.hadoop.ozone.protocolPB.StorageContainerDatanodeProtocolClientSideTranslatorPB.sendHeartbeat(StorageContainerDatanodeProtocolClientSideTranslatorPB.java:149)
	at org.apache.hadoop.ozone.container.common.states.endpoint.HeartbeatEndpointTask.call(HeartbeatEndpointTask.java:180)
	at org.apache.hadoop.ozone.container.common.states.endpoint.HeartbeatEndpointTask.call(HeartbeatEndpointTask.java:83)
	at java.util.concurrent.FutureTask.run(FutureTask.java:266)
	at java.util.concurrent.ThreadPoolExecutor.runWorker(ThreadPoolExecutor.java:1149)
	at java.util.concurrent.ThreadPoolExecutor$Worker.run(ThreadPoolExecutor.java:624)
	at java.lang.Thread.run(Thread.java:750)
Caused by: java.net.ConnectException: Connection refused
	at sun.nio.ch.SocketChannelImpl.checkConnect(Native Method)
	at sun.nio.ch.SocketChannelImpl.finishConnect(SocketChannelImpl.java:716)
	at org.apache.hadoop.net.SocketIOWithTimeout.connect(SocketIOWithTimeout.java:206)
	at org.apache.hadoop.net.NetUtils.connect(NetUtils.java:586)
	at org.apache.hadoop.ipc.Client$Connection.setupConnection(Client.java:701)
	at org.apache.hadoop.ipc.Client$Connection.setupIOstreams(Client.java:822)
	at org.apache.hadoop.ipc.Client$Connection.access$3800(Client.java:414)
	at org.apache.hadoop.ipc.Client.getConnection(Client.java:1647)
	at org.apache.hadoop.ipc.Client.call(Client.java:1463)
	... 12 more
2022-03-04 02:16:09,868 [EndpointStateMachine task thread for /127.0.0.1:42491 - 0 ] WARN  statemachine.EndpointStateMachine (EndpointStateMachine.java:logIfNeeded(236)) - Unable to communicate to SCM server at localhost:42491 for past 0 seconds.
java.net.ConnectException: Call From fv-az184-471/10.1.0.11 to localhost:42491 failed on connection exception: java.net.ConnectException: Connection refused; For more details see:  http://wiki.apache.org/hadoop/ConnectionRefused
	at sun.reflect.NativeConstructorAccessorImpl.newInstance0(Native Method)
	at sun.reflect.NativeConstructorAccessorImpl.newInstance(NativeConstructorAccessorImpl.java:62)
	at sun.reflect.DelegatingConstructorAccessorImpl.newInstance(DelegatingConstructorAccessorImpl.java:45)
	at java.lang.reflect.Constructor.newInstance(Constructor.java:423)
	at org.apache.hadoop.net.NetUtils.wrapWithMessage(NetUtils.java:913)
	at org.apache.hadoop.net.NetUtils.wrapException(NetUtils.java:828)
	at org.apache.hadoop.ipc.Client.getRpcResponse(Client.java:1577)
	at org.apache.hadoop.ipc.Client.call(Client.java:1519)
	at org.apache.hadoop.ipc.Client.call(Client.java:1416)
	at org.apache.hadoop.ipc.ProtobufRpcEngine$Invoker.invoke(ProtobufRpcEngine.java:236)
	at org.apache.hadoop.ipc.ProtobufRpcEngine$Invoker.invoke(ProtobufRpcEngine.java:123)
	at com.sun.proxy.$Proxy48.submitRequest(Unknown Source)
	at org.apache.hadoop.ozone.protocolPB.StorageContainerDatanodeProtocolClientSideTranslatorPB.submitRequest(StorageContainerDatanodeProtocolClientSideTranslatorPB.java:117)
	at org.apache.hadoop.ozone.protocolPB.StorageContainerDatanodeProtocolClientSideTranslatorPB.register(StorageContainerDatanodeProtocolClientSideTranslatorPB.java:180)
	at org.apache.hadoop.ozone.container.common.states.endpoint.RegisterEndpointTask.call(RegisterEndpointTask.java:158)
	at org.apache.hadoop.ozone.container.common.states.endpoint.RegisterEndpointTask.call(RegisterEndpointTask.java:52)
	at java.util.concurrent.FutureTask.run(FutureTask.java:266)
	at java.util.concurrent.ThreadPoolExecutor.runWorker(ThreadPoolExecutor.java:1149)
	at java.util.concurrent.ThreadPoolExecutor$Worker.run(ThreadPoolExecutor.java:624)
	at java.lang.Thread.run(Thread.java:750)
Caused by: java.net.ConnectException: Connection refused
	at sun.nio.ch.SocketChannelImpl.checkConnect(Native Method)
	at sun.nio.ch.SocketChannelImpl.finishConnect(SocketChannelImpl.java:716)
	at org.apache.hadoop.net.SocketIOWithTimeout.connect(SocketIOWithTimeout.java:206)
	at org.apache.hadoop.net.NetUtils.connect(NetUtils.java:586)
	at org.apache.hadoop.ipc.Client$Connection.setupConnection(Client.java:701)
	at org.apache.hadoop.ipc.Client$Connection.setupIOstreams(Client.java:822)
	at org.apache.hadoop.ipc.Client$Connection.access$3800(Client.java:414)
	at org.apache.hadoop.ipc.Client.getConnection(Client.java:1647)
	at org.apache.hadoop.ipc.Client.call(Client.java:1463)
	... 12 more
2022-03-04 02:16:10,865 [EndpointStateMachine task thread for /127.0.0.1:42427 - 0 ] INFO  ipc.Client (Client.java:handleConnectionFailure(977)) - Retrying connect to server: localhost/127.0.0.1:42427. Already tried 0 time(s); retry policy is RetryUpToMaximumCountWithFixedSleep(maxRetries=15, sleepTime=1000 MILLISECONDS)
2022-03-04 02:16:10,868 [EndpointStateMachine task thread for /127.0.0.1:35517 - 0 ] INFO  ipc.Client (Client.java:handleConnectionFailure(977)) - Retrying connect to server: localhost/127.0.0.1:35517. Already tried 0 time(s); retry policy is RetryUpToMaximumCountWithFixedSleep(maxRetries=15, sleepTime=1000 MILLISECONDS)
2022-03-04 02:16:10,869 [EndpointStateMachine task thread for /127.0.0.1:42491 - 0 ] INFO  ipc.Client (Client.java:handleConnectionFailure(977)) - Retrying connect to server: localhost/127.0.0.1:42491. Already tried 0 time(s); retry policy is RetryUpToMaximumCountWithFixedSleep(maxRetries=15, sleepTime=1000 MILLISECONDS)
2022-03-04 02:16:11,735 [Listener at 0.0.0.0/39291] INFO  retry.RetryInvocationHandler (RetryInvocationHandler.java:log(411)) - com.google.protobuf.ServiceException: java.net.ConnectException: Call From fv-az184-471/10.1.0.11 to localhost:43715 failed on connection exception: java.net.ConnectException: Connection refused; For more details see:  http://wiki.apache.org/hadoop/ConnectionRefused, while invoking $Proxy39.send over nodeId=scmNode-3,nodeAddress=/127.0.0.1:43715 after 2 failover attempts. Trying to failover after sleeping for 2000ms.
2022-03-04 02:16:11,866 [EndpointStateMachine task thread for /127.0.0.1:42427 - 0 ] INFO  ipc.Client (Client.java:handleConnectionFailure(977)) - Retrying connect to server: localhost/127.0.0.1:42427. Already tried 1 time(s); retry policy is RetryUpToMaximumCountWithFixedSleep(maxRetries=15, sleepTime=1000 MILLISECONDS)
2022-03-04 02:16:11,869 [EndpointStateMachine task thread for /127.0.0.1:35517 - 0 ] INFO  ipc.Client (Client.java:handleConnectionFailure(977)) - Retrying connect to server: localhost/127.0.0.1:35517. Already tried 1 time(s); retry policy is RetryUpToMaximumCountWithFixedSleep(maxRetries=15, sleepTime=1000 MILLISECONDS)
2022-03-04 02:16:11,870 [EndpointStateMachine task thread for /127.0.0.1:42491 - 0 ] INFO  ipc.Client (Client.java:handleConnectionFailure(977)) - Retrying connect to server: localhost/127.0.0.1:42491. Already tried 1 time(s); retry policy is RetryUpToMaximumCountWithFixedSleep(maxRetries=15, sleepTime=1000 MILLISECONDS)
2022-03-04 02:16:12,202 [d06750ef-dff7-4786-ad4b-f6962696dc27@group-A031934B8290-FollowerState] INFO  impl.FollowerState (FollowerState.java:run(134)) - d06750ef-dff7-4786-ad4b-f6962696dc27@group-A031934B8290-FollowerState: change to CANDIDATE, lastRpcElapsedTime:5074857075ns, electionTimeout:5042ms
2022-03-04 02:16:12,202 [d06750ef-dff7-4786-ad4b-f6962696dc27@group-A031934B8290-FollowerState] INFO  impl.RoleInfo (RoleInfo.java:shutdownFollowerState(108)) - d06750ef-dff7-4786-ad4b-f6962696dc27: shutdown d06750ef-dff7-4786-ad4b-f6962696dc27@group-A031934B8290-FollowerState
2022-03-04 02:16:12,202 [d06750ef-dff7-4786-ad4b-f6962696dc27@group-A031934B8290-FollowerState] INFO  server.RaftServer$Division (RaftServerImpl.java:setRole(290)) - d06750ef-dff7-4786-ad4b-f6962696dc27@group-A031934B8290: changes role from  FOLLOWER to CANDIDATE at term 1 for changeToCandidate
2022-03-04 02:16:12,203 [d06750ef-dff7-4786-ad4b-f6962696dc27@group-A031934B8290-FollowerState] INFO  server.RaftServerConfigKeys (ConfUtils.java:logGet(44)) - raft.server.leaderelection.pre-vote = false (custom)
2022-03-04 02:16:12,203 [d06750ef-dff7-4786-ad4b-f6962696dc27@group-A031934B8290-FollowerState] INFO  impl.RoleInfo (RoleInfo.java:updateAndGet(130)) - d06750ef-dff7-4786-ad4b-f6962696dc27: start d06750ef-dff7-4786-ad4b-f6962696dc27@group-A031934B8290-LeaderElection16
2022-03-04 02:16:12,219 [d06750ef-dff7-4786-ad4b-f6962696dc27@group-A031934B8290-LeaderElection16] INFO  impl.LeaderElection (LeaderElection.java:askForVotes(306)) - d06750ef-dff7-4786-ad4b-f6962696dc27@group-A031934B8290-LeaderElection16 ELECTION round 0: submit vote requests at term 2 for 0: [d06750ef-dff7-4786-ad4b-f6962696dc27|rpc:localhost:40707|admin:|client:|dataStream:|priority:0], old=null
2022-03-04 02:16:12,219 [d06750ef-dff7-4786-ad4b-f6962696dc27@group-A031934B8290-LeaderElection16] INFO  impl.LeaderElection (LeaderElection.java:askForVotes(308)) - d06750ef-dff7-4786-ad4b-f6962696dc27@group-A031934B8290-LeaderElection16 ELECTION round 0: result PASSED (term=2)
2022-03-04 02:16:12,219 [d06750ef-dff7-4786-ad4b-f6962696dc27@group-A031934B8290-LeaderElection16] INFO  impl.RoleInfo (RoleInfo.java:shutdownLeaderElection(121)) - d06750ef-dff7-4786-ad4b-f6962696dc27: shutdown d06750ef-dff7-4786-ad4b-f6962696dc27@group-A031934B8290-LeaderElection16
2022-03-04 02:16:12,219 [d06750ef-dff7-4786-ad4b-f6962696dc27@group-A031934B8290-LeaderElection16] INFO  server.RaftServer$Division (RaftServerImpl.java:setRole(290)) - d06750ef-dff7-4786-ad4b-f6962696dc27@group-A031934B8290: changes role from CANDIDATE to LEADER at term 2 for changeToLeader
2022-03-04 02:16:12,219 [d06750ef-dff7-4786-ad4b-f6962696dc27@group-A031934B8290-LeaderElection16] INFO  ha.SCMStateMachine (SCMStateMachine.java:notifyLeaderChanged(259)) - current SCM becomes leader of term 2.
2022-03-04 02:16:12,219 [d06750ef-dff7-4786-ad4b-f6962696dc27@group-A031934B8290-LeaderElection16] INFO  ha.SCMContext (SCMContext.java:updateLeaderAndTerm(90)) - update <isLeader,term> from <false,0> to <true,2>
2022-03-04 02:16:12,219 [d06750ef-dff7-4786-ad4b-f6962696dc27@group-A031934B8290-LeaderElection16] INFO  server.RaftServer$Division (ServerState.java:setLeader(285)) - d06750ef-dff7-4786-ad4b-f6962696dc27@group-A031934B8290: change Leader from null to d06750ef-dff7-4786-ad4b-f6962696dc27 at term 2 for becomeLeader, leader elected after 5192ms
2022-03-04 02:16:12,219 [d06750ef-dff7-4786-ad4b-f6962696dc27@group-A031934B8290-LeaderElection16] INFO  server.RaftServerConfigKeys (ConfUtils.java:logGet(44)) - raft.server.staging.catchup.gap = 1000 (default)
2022-03-04 02:16:12,220 [d06750ef-dff7-4786-ad4b-f6962696dc27@group-A031934B8290-LeaderElection16] INFO  server.RaftServerConfigKeys (ConfUtils.java:logGet(44)) - raft.server.write.element-limit = 4096 (default)
2022-03-04 02:16:12,220 [d06750ef-dff7-4786-ad4b-f6962696dc27@group-A031934B8290-LeaderElection16] INFO  server.RaftServerConfigKeys (ConfUtils.java:logGet(44)) - raft.server.write.byte-limit = 64MB (=67108864) (default)
2022-03-04 02:16:12,220 [d06750ef-dff7-4786-ad4b-f6962696dc27@group-A031934B8290-LeaderElection16] INFO  server.RaftServerConfigKeys (ConfUtils.java:logGet(44)) - raft.server.watch.timeout = 10s (default)
2022-03-04 02:16:12,220 [d06750ef-dff7-4786-ad4b-f6962696dc27@group-A031934B8290-LeaderElection16] INFO  server.RaftServerConfigKeys (ConfUtils.java:logGet(44)) - raft.server.watch.timeout.denomination = 1s (default)
2022-03-04 02:16:12,220 [d06750ef-dff7-4786-ad4b-f6962696dc27@group-A031934B8290-LeaderElection16] INFO  server.RaftServerConfigKeys (ConfUtils.java:logGet(44)) - raft.server.watch.element-limit = 65536 (default)
2022-03-04 02:16:12,220 [d06750ef-dff7-4786-ad4b-f6962696dc27@group-A031934B8290-LeaderElection16] INFO  server.RaftServerConfigKeys (ConfUtils.java:logGet(44)) - raft.server.write.element-limit = 4096 (default)
2022-03-04 02:16:12,220 [d06750ef-dff7-4786-ad4b-f6962696dc27@group-A031934B8290-LeaderElection16] INFO  server.RaftServerConfigKeys (ConfUtils.java:logGet(44)) - raft.server.write.follower.gap.ratio.max = -1.0 (default)
2022-03-04 02:16:12,220 [d06750ef-dff7-4786-ad4b-f6962696dc27@group-A031934B8290-LeaderElection16] INFO  impl.RoleInfo (RoleInfo.java:updateAndGet(130)) - d06750ef-dff7-4786-ad4b-f6962696dc27: start d06750ef-dff7-4786-ad4b-f6962696dc27@group-A031934B8290-LeaderStateImpl
2022-03-04 02:16:12,221 [d06750ef-dff7-4786-ad4b-f6962696dc27@group-A031934B8290-LeaderElection16] INFO  segmented.SegmentedRaftLogWorker (SegmentedRaftLogWorker.java:rollLogSegment(399)) - d06750ef-dff7-4786-ad4b-f6962696dc27@group-A031934B8290-SegmentedRaftLogWorker: Rolling segment log-0_0 to index:0
2022-03-04 02:16:12,222 [d06750ef-dff7-4786-ad4b-f6962696dc27@group-A031934B8290-SegmentedRaftLogWorker] INFO  segmented.SegmentedRaftLogWorker (SegmentedRaftLogWorker.java:execute(558)) - d06750ef-dff7-4786-ad4b-f6962696dc27@group-A031934B8290-SegmentedRaftLogWorker: Rolled log segment from /home/runner/work/ozone/ozone/hadoop-ozone/integration-test/target/test-dir/MiniOzoneClusterImpl-ba78f66b-c31d-4d73-90ed-a031934b8290/scmNode-1/scm-ha/ba78f66b-c31d-4d73-90ed-a031934b8290/current/log_inprogress_0 to /home/runner/work/ozone/ozone/hadoop-ozone/integration-test/target/test-dir/MiniOzoneClusterImpl-ba78f66b-c31d-4d73-90ed-a031934b8290/scmNode-1/scm-ha/ba78f66b-c31d-4d73-90ed-a031934b8290/current/log_0-0
2022-03-04 02:16:12,228 [d06750ef-dff7-4786-ad4b-f6962696dc27@group-A031934B8290-LeaderElection16] INFO  server.RaftServer$Division (ServerState.java:setRaftConf(387)) - d06750ef-dff7-4786-ad4b-f6962696dc27@group-A031934B8290: set configuration 1: [d06750ef-dff7-4786-ad4b-f6962696dc27|rpc:localhost:40707|admin:|client:|dataStream:|priority:0], old=null
2022-03-04 02:16:12,233 [d06750ef-dff7-4786-ad4b-f6962696dc27@group-A031934B8290-SegmentedRaftLogWorker] INFO  segmented.SegmentedRaftLogWorker (SegmentedRaftLogWorker.java:execute(601)) - d06750ef-dff7-4786-ad4b-f6962696dc27@group-A031934B8290-SegmentedRaftLogWorker: created new log segment /home/runner/work/ozone/ozone/hadoop-ozone/integration-test/target/test-dir/MiniOzoneClusterImpl-ba78f66b-c31d-4d73-90ed-a031934b8290/scmNode-1/scm-ha/ba78f66b-c31d-4d73-90ed-a031934b8290/current/log_inprogress_1
2022-03-04 02:16:12,234 [d06750ef-dff7-4786-ad4b-f6962696dc27@group-A031934B8290-StateMachineUpdater] INFO  ha.SCMContext (SCMContext.java:setLeaderReady(117)) - update <isLeaderReady> from <false> to <true>
2022-03-04 02:16:12,235 [d06750ef-dff7-4786-ad4b-f6962696dc27@group-A031934B8290-StateMachineUpdater] INFO  pipeline.BackgroundPipelineCreator (BackgroundPipelineCreator.java:notifyStatusChanged(264)) - Service BackgroundPipelineCreator transitions to RUNNING.
2022-03-04 02:16:12,236 [d06750ef-dff7-4786-ad4b-f6962696dc27@group-A031934B8290-StateMachineUpdater] INFO  safemode.HealthyPipelineSafeModeRule (HealthyPipelineSafeModeRule.java:initializeRule(152)) - Refreshed total pipeline count is 0, healthy pipeline threshold count is 1
2022-03-04 02:16:12,236 [d06750ef-dff7-4786-ad4b-f6962696dc27@group-A031934B8290-StateMachineUpdater] INFO  safemode.ContainerSafeModeRule (ContainerSafeModeRule.java:reInitializeRule(177)) - Refreshed one replica container threshold 0, currentThreshold 0
2022-03-04 02:16:12,236 [d06750ef-dff7-4786-ad4b-f6962696dc27@group-A031934B8290-StateMachineUpdater] INFO  safemode.OneReplicaPipelineSafeModeRule (OneReplicaPipelineSafeModeRule.java:initializeRule(176)) - Refreshed Total pipeline count is 0, pipeline's with at least one datanode reported threshold count is 0
2022-03-04 02:16:12,236 [d06750ef-dff7-4786-ad4b-f6962696dc27@group-A031934B8290-StateMachineUpdater] INFO  server.SCMDatanodeProtocolServer (SCMDatanodeProtocolServer.java:start(183)) - ScmDatanodeProtocol RPC server for DataNodes is listening at /0.0.0.0:33931
2022-03-04 02:16:12,254 [IPC Server listener on 33931] INFO  ipc.Server (Server.java:run(1344)) - IPC Server listener on 33931: starting
2022-03-04 02:16:12,275 [IPC Server Responder] INFO  ipc.Server (Server.java:run(1507)) - IPC Server Responder: starting
2022-03-04 02:16:12,867 [EndpointStateMachine task thread for /127.0.0.1:42427 - 0 ] INFO  ipc.Client (Client.java:handleConnectionFailure(977)) - Retrying connect to server: localhost/127.0.0.1:42427. Already tried 2 time(s); retry policy is RetryUpToMaximumCountWithFixedSleep(maxRetries=15, sleepTime=1000 MILLISECONDS)
2022-03-04 02:16:12,869 [EndpointStateMachine task thread for /127.0.0.1:35517 - 0 ] INFO  ipc.Client (Client.java:handleConnectionFailure(977)) - Retrying connect to server: localhost/127.0.0.1:35517. Already tried 2 time(s); retry policy is RetryUpToMaximumCountWithFixedSleep(maxRetries=15, sleepTime=1000 MILLISECONDS)
2022-03-04 02:16:12,870 [EndpointStateMachine task thread for /127.0.0.1:42491 - 0 ] INFO  ipc.Client (Client.java:handleConnectionFailure(977)) - Retrying connect to server: localhost/127.0.0.1:42491. Already tried 2 time(s); retry policy is RetryUpToMaximumCountWithFixedSleep(maxRetries=15, sleepTime=1000 MILLISECONDS)
2022-03-04 02:16:13,739 [Listener at 0.0.0.0/39291] INFO  server.StorageContainerManager (StorageContainerManager.java:scmBootstrap(1011)) - SCM BootStrap  is successful for ClusterID ba78f66b-c31d-4d73-90ed-a031934b8290, SCMID d3378977-86d2-46d9-aa75-813a91c491f2
2022-03-04 02:16:13,740 [Listener at 0.0.0.0/39291] INFO  server.StorageContainerManager (StorageContainerManager.java:scmBootstrap(1013)) - Primary SCM Node ID d06750ef-dff7-4786-ad4b-f6962696dc27
2022-03-04 02:16:13,740 [Listener at 0.0.0.0/39291] INFO  ha.SCMHANodeDetails (SCMHANodeDetails.java:loadSCMHAConfig(157)) - ServiceID for StorageContainerManager is scm-service-test1
2022-03-04 02:16:13,740 [Listener at 0.0.0.0/39291] INFO  ha.SCMHANodeDetails (SCMHANodeDetails.java:loadSCMHAConfig(168)) - ServiceID for StorageContainerManager is scm-service-test1
2022-03-04 02:16:13,740 [Listener at 0.0.0.0/39291] WARN  scm.ScmUtils (ScmUtils.java:logWarn(179)) - ConfigKey ozone.scm.block.client.address is deprecated, For configuring different ports for each SCM use PortConfigKey ozone.scm.block.client.port appended with serviceId and nodeId. If want to configure same port configure ozone.scm.block.client.port
2022-03-04 02:16:13,740 [Listener at 0.0.0.0/39291] WARN  scm.ScmUtils (ScmUtils.java:logWarn(179)) - ConfigKey ozone.scm.client.address is deprecated, For configuring different ports for each SCM use PortConfigKey ozone.scm.client.port appended with serviceId and nodeId. If want to configure same port configure ozone.scm.client.port
2022-03-04 02:16:13,741 [Listener at 0.0.0.0/39291] WARN  scm.ScmUtils (ScmUtils.java:logWarn(179)) - ConfigKey ozone.scm.datanode.address is deprecated, For configuring different ports for each SCM use PortConfigKey ozone.scm.datanode.port appended with serviceId and nodeId. If want to configure same port configure ozone.scm.datanode.port
2022-03-04 02:16:13,741 [Listener at 0.0.0.0/39291] WARN  scm.ScmUtils (ScmUtils.java:logWarn(179)) - ConfigKey ozone.scm.block.client.address is deprecated, For configuring different ports for each SCM use PortConfigKey ozone.scm.block.client.port appended with serviceId and nodeId. If want to configure same port configure ozone.scm.block.client.port
2022-03-04 02:16:13,741 [Listener at 0.0.0.0/39291] WARN  scm.ScmUtils (ScmUtils.java:logWarn(179)) - ConfigKey ozone.scm.client.address is deprecated, For configuring different ports for each SCM use PortConfigKey ozone.scm.client.port appended with serviceId and nodeId. If want to configure same port configure ozone.scm.client.port
2022-03-04 02:16:13,741 [Listener at 0.0.0.0/39291] WARN  scm.ScmUtils (ScmUtils.java:logWarn(179)) - ConfigKey ozone.scm.datanode.address is deprecated, For configuring different ports for each SCM use PortConfigKey ozone.scm.datanode.port appended with serviceId and nodeId. If want to configure same port configure ozone.scm.datanode.port
2022-03-04 02:16:13,741 [Listener at 0.0.0.0/39291] INFO  ha.SCMHANodeDetails (SCMHANodeDetails.java:loadSCMHAConfig(250)) - Found matching SCM address with SCMServiceId: scm-service-test1, SCMNodeId: scmNode-2, RPC Address: localhost:41709 and Ratis port: 41709
2022-03-04 02:16:13,741 [Listener at 0.0.0.0/39291] INFO  ha.SCMHANodeDetails (ConfUtils.java:setNodeSpecificConfigs(108)) - Setting configuration key ozone.scm.datanode.address with value of key ozone.scm.datanode.address.scm-service-test1.scmNode-2: 127.0.0.1:45947
2022-03-04 02:16:13,742 [Listener at 0.0.0.0/39291] INFO  ha.SCMHANodeDetails (ConfUtils.java:setNodeSpecificConfigs(108)) - Setting configuration key ozone.scm.block.client.address with value of key ozone.scm.block.client.address.scm-service-test1.scmNode-2: 127.0.0.1:46727
2022-03-04 02:16:13,742 [Listener at 0.0.0.0/39291] INFO  ha.SCMHANodeDetails (ConfUtils.java:setNodeSpecificConfigs(108)) - Setting configuration key ozone.scm.client.address with value of key ozone.scm.client.address.scm-service-test1.scmNode-2: 127.0.0.1:35065
2022-03-04 02:16:13,742 [Listener at 0.0.0.0/39291] INFO  ha.SCMHANodeDetails (ConfUtils.java:setNodeSpecificConfigs(108)) - Setting configuration key ozone.scm.ratis.port with value of key ozone.scm.ratis.port.scm-service-test1.scmNode-2: 41709
2022-03-04 02:16:13,742 [Listener at 0.0.0.0/39291] INFO  ha.SCMHANodeDetails (ConfUtils.java:setNodeSpecificConfigs(108)) - Setting configuration key ozone.scm.grpc.port with value of key ozone.scm.grpc.port.scm-service-test1.scmNode-2: 40311
2022-03-04 02:16:13,742 [Listener at 0.0.0.0/39291] INFO  ha.SCMHANodeDetails (ConfUtils.java:setNodeSpecificConfigs(108)) - Setting configuration key ozone.scm.http-address with value of key ozone.scm.http-address.scm-service-test1.scmNode-2: 127.0.0.1:44877
2022-03-04 02:16:13,742 [Listener at 0.0.0.0/39291] INFO  ha.SCMHANodeDetails (ConfUtils.java:setNodeSpecificConfigs(108)) - Setting configuration key ozone.scm.https-address with value of key ozone.scm.https-address.scm-service-test1.scmNode-2: 127.0.0.1:35173
2022-03-04 02:16:13,742 [Listener at 0.0.0.0/39291] INFO  ha.SCMHANodeDetails (ConfUtils.java:setNodeSpecificConfigs(108)) - Setting configuration key ozone.scm.address with value of key ozone.scm.address.scm-service-test1.scmNode-2: 127.0.0.1
2022-03-04 02:16:13,742 [Listener at 0.0.0.0/39291] WARN  scm.ScmUtils (ScmUtils.java:logWarn(179)) - ConfigKey ozone.scm.block.client.address is deprecated, For configuring different ports for each SCM use PortConfigKey ozone.scm.block.client.port appended with serviceId and nodeId. If want to configure same port configure ozone.scm.block.client.port
2022-03-04 02:16:13,742 [Listener at 0.0.0.0/39291] WARN  scm.ScmUtils (ScmUtils.java:logWarn(179)) - ConfigKey ozone.scm.client.address is deprecated, For configuring different ports for each SCM use PortConfigKey ozone.scm.client.port appended with serviceId and nodeId. If want to configure same port configure ozone.scm.client.port
2022-03-04 02:16:13,743 [Listener at 0.0.0.0/39291] WARN  scm.ScmUtils (ScmUtils.java:logWarn(179)) - ConfigKey ozone.scm.datanode.address is deprecated, For configuring different ports for each SCM use PortConfigKey ozone.scm.datanode.port appended with serviceId and nodeId. If want to configure same port configure ozone.scm.datanode.port
2022-03-04 02:16:13,743 [Listener at 0.0.0.0/39291] WARN  server.ServerUtils (ServerUtils.java:getScmDbDir(148)) - ozone.scm.db.dirs is not configured. We recommend adding this setting. Falling back to ozone.metadata.dirs instead.
2022-03-04 02:16:13,745 [Listener at 0.0.0.0/39291] INFO  upgrade.AbstractLayoutVersionManager (AbstractLayoutVersionManager.java:init(79)) - Initializing Layout version manager with metadata layout = SCM_HA (version = 2), software layout = SCM_HA (version = 2)
2022-03-04 02:16:13,845 [Listener at 0.0.0.0/39291] INFO  reflections.Reflections (Reflections.java:scan(232)) - Reflections took 98 ms to scan 7 urls, producing 122 keys and 286 values 
2022-03-04 02:16:13,847 [Listener at 0.0.0.0/39291] WARN  utils.HAUtils (HAUtils.java:getMetaDir(342)) - ozone.scm.db.dirs is not configured. We recommend adding this setting. Falling back to ozone.metadata.dirs instead.
2022-03-04 02:16:13,848 [Listener at 0.0.0.0/39291] WARN  db.DBStoreBuilder (DBStoreBuilder.java:applyDBDefinition(145)) - ozone.scm.db.dirs is not configured. We recommend adding this setting. Falling back to ozone.metadata.dirs instead.
2022-03-04 02:16:13,868 [EndpointStateMachine task thread for /127.0.0.1:42427 - 0 ] INFO  ipc.Client (Client.java:handleConnectionFailure(977)) - Retrying connect to server: localhost/127.0.0.1:42427. Already tried 3 time(s); retry policy is RetryUpToMaximumCountWithFixedSleep(maxRetries=15, sleepTime=1000 MILLISECONDS)
2022-03-04 02:16:13,870 [EndpointStateMachine task thread for /127.0.0.1:35517 - 0 ] INFO  ipc.Client (Client.java:handleConnectionFailure(977)) - Retrying connect to server: localhost/127.0.0.1:35517. Already tried 3 time(s); retry policy is RetryUpToMaximumCountWithFixedSleep(maxRetries=15, sleepTime=1000 MILLISECONDS)
2022-03-04 02:16:13,870 [EndpointStateMachine task thread for /127.0.0.1:42491 - 0 ] INFO  ipc.Client (Client.java:handleConnectionFailure(977)) - Retrying connect to server: localhost/127.0.0.1:42491. Already tried 3 time(s); retry policy is RetryUpToMaximumCountWithFixedSleep(maxRetries=15, sleepTime=1000 MILLISECONDS)
2022-03-04 02:16:13,989 [Listener at 0.0.0.0/39291] INFO  net.NodeSchemaLoader (NodeSchemaLoader.java:loadSchemaFromFile(129)) - Loading schema from [jar:file:/home/runner/.m2/repository/org/apache/ozone/hdds-common/1.3.0-SNAPSHOT/hdds-common-1.3.0-SNAPSHOT.jar!/network-topology-default.xml]
2022-03-04 02:16:13,994 [Listener at 0.0.0.0/39291] INFO  net.NodeSchemaLoader (NodeSchemaLoader.java:loadSchema(176)) - Loading network topology layer schema file
2022-03-04 02:16:14,006 [Listener at 0.0.0.0/39291] WARN  impl.MetricRegistriesImpl (MetricRegistriesImpl.java:addReporterRegistration(111)) - New reporters are added after registries were created. Some metrics will be missing from the reporter. Please add reporter before adding any new registry.
2022-03-04 02:16:14,006 [Listener at 0.0.0.0/39291] WARN  impl.MetricRegistriesImpl (MetricRegistriesImpl.java:addReporterRegistration(111)) - New reporters are added after registries were created. Some metrics will be missing from the reporter. Please add reporter before adding any new registry.
2022-03-04 02:16:14,007 [Listener at 0.0.0.0/39291] INFO  ha.SCMRatisServerImpl (SCMRatisServerImpl.java:<init>(87)) - starting Raft server for scm:d3378977-86d2-46d9-aa75-813a91c491f2
2022-03-04 02:16:14,016 [Listener at 0.0.0.0/39291] INFO  server.RaftServer (ConfUtils.java:logGet(44)) - raft.rpc.type = GRPC (default)
2022-03-04 02:16:14,017 [Listener at 0.0.0.0/39291] INFO  grpc.GrpcFactory (GrpcFactory.java:checkPooledByteBufAllocatorUseCacheForAllThreads(48)) - PERFORMANCE WARNING: useCacheForAllThreads is true that may cause Netty to create a lot garbage objects and, as a result, trigger GC.
	It is recommended to disable useCacheForAllThreads by setting -Dorg.apache.ratis.thirdparty.io.netty.allocator.useCacheForAllThreads=false in command line.
2022-03-04 02:16:14,018 [Listener at 0.0.0.0/39291] INFO  grpc.GrpcConfigKeys (ConfUtils.java:logGet(44)) - raft.grpc.admin.port = -1 (default)
2022-03-04 02:16:14,018 [Listener at 0.0.0.0/39291] INFO  grpc.GrpcConfigKeys (ConfUtils.java:logGet(44)) - raft.grpc.server.port = 41709 (custom)
2022-03-04 02:16:14,018 [Listener at 0.0.0.0/39291] INFO  grpc.GrpcConfigKeys (ConfUtils.java:logGet(44)) - raft.grpc.client.port = -1 (default)
2022-03-04 02:16:14,018 [Listener at 0.0.0.0/39291] INFO  grpc.GrpcConfigKeys (ConfUtils.java:logGet(44)) - raft.grpc.server.port = 41709 (custom)
2022-03-04 02:16:14,018 [Listener at 0.0.0.0/39291] INFO  grpc.GrpcConfigKeys (ConfUtils.java:logGet(44)) - raft.grpc.server.port = 41709 (custom)
2022-03-04 02:16:14,019 [Listener at 0.0.0.0/39291] INFO  server.GrpcService (ConfUtils.java:logGet(44)) - raft.grpc.message.size.max = 32m (=33554432) (custom)
2022-03-04 02:16:14,019 [Listener at 0.0.0.0/39291] INFO  server.RaftServerConfigKeys (ConfUtils.java:logGet(44)) - raft.server.log.appender.buffer.byte-limit = 33554432 (custom)
2022-03-04 02:16:14,019 [Listener at 0.0.0.0/39291] INFO  server.GrpcService (ConfUtils.java:logGet(44)) - raft.grpc.flow.control.window = 1MB (=1048576) (default)
2022-03-04 02:16:14,019 [Listener at 0.0.0.0/39291] INFO  server.RaftServerConfigKeys (ConfUtils.java:logGet(44)) - raft.server.rpc.request.timeout = 30000ms (custom)
2022-03-04 02:16:14,021 [Listener at 0.0.0.0/39291] INFO  impl.DataStreamServerImpl (ConfUtils.java:logGet(44)) - raft.datastream.type = DISABLED (default)
2022-03-04 02:16:14,021 [Listener at 0.0.0.0/39291] INFO  server.RaftServerConfigKeys (ConfUtils.java:logGet(44)) - raft.server.rpc.slowness.timeout = 120000ms (custom)
2022-03-04 02:16:14,022 [Listener at 0.0.0.0/39291] INFO  server.RaftServerConfigKeys (ConfUtils.java:logGet(44)) - raft.server.leaderelection.leader.step-down.wait-time = 10s (default)
2022-03-04 02:16:14,022 [Listener at 0.0.0.0/39291] INFO  server.RaftServerConfigKeys (ConfUtils.java:logGet(44)) - raft.server.storage.dir = [/home/runner/work/ozone/ozone/hadoop-ozone/integration-test/target/test-dir/MiniOzoneClusterImpl-ba78f66b-c31d-4d73-90ed-a031934b8290/scmNode-2/scm-ha] (custom)
2022-03-04 02:16:14,029 [Listener at 0.0.0.0/39291] INFO  server.RaftServer (RaftServerProxy.java:addNew(95)) - d3378977-86d2-46d9-aa75-813a91c491f2: addNew group-A031934B8290:[] returns group-A031934B8290:java.util.concurrent.CompletableFuture@40020127[Not completed]
2022-03-04 02:16:14,029 [pool-270-thread-1] INFO  server.RaftServer$Division (RaftServerImpl.java:<init>(184)) - d3378977-86d2-46d9-aa75-813a91c491f2: new RaftServerImpl for group-A031934B8290:[] with SCMStateMachine:uninitialized
2022-03-04 02:16:14,030 [pool-270-thread-1] INFO  server.RaftServerConfigKeys (ConfUtils.java:logGet(44)) - raft.server.rpc.timeout.min = 5000ms (custom)
2022-03-04 02:16:14,030 [pool-270-thread-1] INFO  server.RaftServerConfigKeys (ConfUtils.java:logGet(44)) - raft.server.rpc.timeout.max = 5200ms (custom)
2022-03-04 02:16:14,030 [pool-270-thread-1] INFO  server.RaftServerConfigKeys (ConfUtils.java:logGet(44)) - raft.server.rpc.sleep.time = 25ms (default)
2022-03-04 02:16:14,031 [pool-270-thread-1] INFO  server.RaftServerConfigKeys (ConfUtils.java:logGet(44)) - raft.server.rpc.slowness.timeout = 120000ms (custom)
2022-03-04 02:16:14,031 [pool-270-thread-1] INFO  server.RaftServerConfigKeys (ConfUtils.java:logGet(44)) - raft.server.leaderelection.leader.step-down.wait-time = 10s (default)
2022-03-04 02:16:14,031 [pool-270-thread-1] INFO  server.RaftServerConfigKeys (ConfUtils.java:logGet(44)) - raft.server.sleep.deviation.threshold = 300ms (default)
2022-03-04 02:16:14,031 [pool-270-thread-1] INFO  server.RaftServerConfigKeys (ConfUtils.java:logGet(44)) - raft.server.log.appender.install.snapshot.enabled = false (custom)
2022-03-04 02:16:14,031 [pool-270-thread-1] INFO  server.RaftServer$Division (ServerState.java:<init>(105)) - d3378977-86d2-46d9-aa75-813a91c491f2@group-A031934B8290: ConfigurationManager, init=-1: [], old=null, confs=<EMPTY_MAP>
2022-03-04 02:16:14,031 [pool-270-thread-1] INFO  server.RaftServerConfigKeys (ConfUtils.java:logGet(44)) - raft.server.storage.dir = [/home/runner/work/ozone/ozone/hadoop-ozone/integration-test/target/test-dir/MiniOzoneClusterImpl-ba78f66b-c31d-4d73-90ed-a031934b8290/scmNode-2/scm-ha] (custom)
2022-03-04 02:16:14,031 [pool-270-thread-1] INFO  server.RaftServerConfigKeys (ConfUtils.java:logGet(44)) - raft.server.log.corruption.policy = EXCEPTION (default)
2022-03-04 02:16:14,031 [pool-270-thread-1] INFO  server.RaftServerConfigKeys (ConfUtils.java:logGet(44)) - raft.server.storage.free-space.min = 0MB (=0) (default)
2022-03-04 02:16:14,031 [pool-270-thread-1] INFO  storage.RaftStorageDirectory (RaftStorageDirectoryImpl.java:analyzeStorage(135)) - The storage directory /home/runner/work/ozone/ozone/hadoop-ozone/integration-test/target/test-dir/MiniOzoneClusterImpl-ba78f66b-c31d-4d73-90ed-a031934b8290/scmNode-2/scm-ha/ba78f66b-c31d-4d73-90ed-a031934b8290 does not exist. Creating ...
2022-03-04 02:16:14,034 [pool-270-thread-1] INFO  storage.RaftStorageDirectory (RaftStorageDirectoryImpl.java:tryLock(230)) - Lock on /home/runner/work/ozone/ozone/hadoop-ozone/integration-test/target/test-dir/MiniOzoneClusterImpl-ba78f66b-c31d-4d73-90ed-a031934b8290/scmNode-2/scm-ha/ba78f66b-c31d-4d73-90ed-a031934b8290/in_use.lock acquired by nodename 9067@fv-az184-471
2022-03-04 02:16:14,042 [pool-270-thread-1] INFO  storage.RaftStorage (RaftStorageImpl.java:format(89)) - Storage directory /home/runner/work/ozone/ozone/hadoop-ozone/integration-test/target/test-dir/MiniOzoneClusterImpl-ba78f66b-c31d-4d73-90ed-a031934b8290/scmNode-2/scm-ha/ba78f66b-c31d-4d73-90ed-a031934b8290 has been successfully formatted.
2022-03-04 02:16:14,043 [pool-270-thread-1] INFO  server.RaftServerConfigKeys (ConfUtils.java:logGet(44)) - raft.server.notification.no-leader.timeout = 60s (default)
2022-03-04 02:16:14,043 [pool-270-thread-1] INFO  server.RaftServerConfigKeys (ConfUtils.java:logGet(44)) - raft.server.log.use.memory = false (default)
2022-03-04 02:16:14,043 [pool-270-thread-1] INFO  server.RaftServerConfigKeys (ConfUtils.java:logGet(44)) - raft.server.log.purge.gap = 5 (custom)
2022-03-04 02:16:14,043 [pool-270-thread-1] INFO  server.RaftServerConfigKeys (ConfUtils.java:logGet(44)) - raft.server.log.appender.buffer.byte-limit = 33554432 (custom)
2022-03-04 02:16:14,043 [pool-270-thread-1] INFO  server.RaftServerConfigKeys (ConfUtils.java:logGet(44)) - raft.server.log.segment.size.max = 4194304 (custom)
2022-03-04 02:16:14,044 [pool-270-thread-1] INFO  server.RaftServerConfigKeys (ConfUtils.java:logGet(44)) - raft.server.log.segment.cache.num.max = 2 (custom)
2022-03-04 02:16:14,044 [pool-270-thread-1] INFO  server.RaftServerConfigKeys (ConfUtils.java:logGet(44)) - raft.server.log.segment.cache.size.max = 200MB (=209715200) (default)
2022-03-04 02:16:14,044 [pool-270-thread-1] INFO  segmented.SegmentedRaftLogWorker (SegmentedRaftLogWorker.java:<init>(182)) - new d3378977-86d2-46d9-aa75-813a91c491f2@group-A031934B8290-SegmentedRaftLogWorker for RaftStorageImpl:Storage Directory /home/runner/work/ozone/ozone/hadoop-ozone/integration-test/target/test-dir/MiniOzoneClusterImpl-ba78f66b-c31d-4d73-90ed-a031934b8290/scmNode-2/scm-ha/ba78f66b-c31d-4d73-90ed-a031934b8290
2022-03-04 02:16:14,044 [pool-270-thread-1] INFO  server.RaftServerConfigKeys (ConfUtils.java:logGet(44)) - raft.server.log.queue.byte-limit = 64MB (=67108864) (default)
2022-03-04 02:16:14,044 [pool-270-thread-1] INFO  server.RaftServerConfigKeys (ConfUtils.java:logGet(44)) - raft.server.log.queue.element-limit = 4096 (default)
2022-03-04 02:16:14,044 [pool-270-thread-1] INFO  server.RaftServerConfigKeys (ConfUtils.java:logGet(44)) - raft.server.log.segment.size.max = 4194304 (custom)
2022-03-04 02:16:14,044 [pool-270-thread-1] INFO  server.RaftServerConfigKeys (ConfUtils.java:logGet(44)) - raft.server.log.preallocated.size = 4194304 (custom)
2022-03-04 02:16:14,044 [pool-270-thread-1] INFO  server.RaftServerConfigKeys (ConfUtils.java:logGet(44)) - raft.server.log.force.sync.num = 128 (default)
2022-03-04 02:16:14,051 [pool-270-thread-1] INFO  server.RaftServerConfigKeys (ConfUtils.java:logGet(44)) - raft.server.log.statemachine.data.sync = true (default)
2022-03-04 02:16:14,051 [pool-270-thread-1] INFO  server.RaftServerConfigKeys (ConfUtils.java:logGet(44)) - raft.server.log.statemachine.data.sync.timeout = 10s (default)
2022-03-04 02:16:14,051 [pool-270-thread-1] INFO  server.RaftServerConfigKeys (ConfUtils.java:logGet(44)) - raft.server.log.statemachine.data.sync.timeout.retry = -1 (default)
2022-03-04 02:16:14,052 [pool-270-thread-1] INFO  server.RaftServerConfigKeys (ConfUtils.java:logGet(44)) - raft.server.log.write.buffer.size = 64KB (=65536) (default)
2022-03-04 02:16:14,052 [pool-270-thread-1] INFO  server.RaftServerConfigKeys (ConfUtils.java:logGet(44)) - raft.server.log.statemachine.data.caching.enabled = false (default)
2022-03-04 02:16:14,052 [pool-270-thread-1] INFO  segmented.SegmentedRaftLogWorker (SegmentedRaftLogWorker.java:lambda$new$0(133)) - d3378977-86d2-46d9-aa75-813a91c491f2@group-A031934B8290-SegmentedRaftLogWorker: flushIndex: setUnconditionally 0 -> -1
2022-03-04 02:16:14,053 [pool-270-thread-1] INFO  segmented.SegmentedRaftLogWorker (SegmentedRaftLogWorker.java:lambda$new$0(133)) - d3378977-86d2-46d9-aa75-813a91c491f2@group-A031934B8290-SegmentedRaftLogWorker: safeCacheEvictIndex: setUnconditionally 0 -> -1
2022-03-04 02:16:14,063 [pool-270-thread-1] INFO  server.RaftServerConfigKeys (ConfUtils.java:logGet(44)) - raft.server.snapshot.auto.trigger.enabled = true (custom)
2022-03-04 02:16:14,063 [pool-270-thread-1] INFO  server.RaftServerConfigKeys (ConfUtils.java:logGet(44)) - raft.server.snapshot.auto.trigger.threshold = 5 (custom)
2022-03-04 02:16:14,063 [pool-270-thread-1] INFO  server.RaftServerConfigKeys (ConfUtils.java:logGet(44)) - raft.server.snapshot.retention.file.num = -1 (default)
2022-03-04 02:16:14,064 [pool-270-thread-1] INFO  server.RaftServerConfigKeys (ConfUtils.java:logGet(44)) - raft.server.log.purge.upto.snapshot.index = true (custom)
2022-03-04 02:16:14,064 [pool-270-thread-1] INFO  server.RaftServerConfigKeys (ConfUtils.java:logGet(44)) - raft.server.retrycache.expirytime = 60000ms (default)
2022-03-04 02:16:14,064 [pool-270-thread-1] INFO  server.RaftServerConfigKeys (ConfUtils.java:logGet(44)) - raft.server.retrycache.statistics.expirytime = 100μs (default)
2022-03-04 02:16:14,067 [Listener at 0.0.0.0/39291] INFO  ha.SCMSnapshotProvider (SCMSnapshotProvider.java:<init>(66)) - Initializing SCM Snapshot Provider
2022-03-04 02:16:14,067 [Listener at 0.0.0.0/39291] WARN  server.ServerUtils (ServerUtils.java:getDefaultRatisDirectory(237)) - Storage directory for Ratis is not configured. It is a good idea to map this to an SSD disk. Falling back to ozone.metadata.dirs
2022-03-04 02:16:14,067 [Listener at 0.0.0.0/39291] WARN  ha.SCMHAUtils (SCMHAUtils.java:getSCMRatisSnapshotDirectory(151)) - SCM snapshot dir is not configured. Falling back to ozone.metadata.dirs config
2022-03-04 02:16:14,068 [Listener at 0.0.0.0/39291] INFO  ha.SequenceIdGenerator (SequenceIdGenerator.java:upgradeToSequenceId(347)) - upgrade localId to 109611004723200000
2022-03-04 02:16:14,069 [Listener at 0.0.0.0/39291] INFO  ha.SequenceIdGenerator (SequenceIdGenerator.java:upgradeToSequenceId(357)) - upgrade delTxnId to 0
2022-03-04 02:16:14,069 [Listener at 0.0.0.0/39291] INFO  ha.SequenceIdGenerator (SequenceIdGenerator.java:upgradeToSequenceId(371)) - upgrade containerId to 0
2022-03-04 02:16:14,069 [Listener at 0.0.0.0/39291] INFO  ha.SequenceIdGenerator (SequenceIdGenerator.java:<init>(218)) - Init the HA SequenceIdGenerator.
2022-03-04 02:16:14,069 [Listener at 0.0.0.0/39291] WARN  server.ServerUtils (ServerUtils.java:sanitizeUserArgs(73)) - ozone.scm.stale.node.interval value = 300000 is larger than max = 100000 based on the key value of ozone.scm.heartbeat.thread.interval, reset to the max value 100000.
2022-03-04 02:16:14,069 [Listener at 0.0.0.0/39291] WARN  server.ServerUtils (ServerUtils.java:sanitizeUserArgs(73)) - ozone.scm.stale.node.interval value = 300000 is larger than max = 100000 based on the key value of ozone.scm.heartbeat.thread.interval, reset to the max value 100000.
2022-03-04 02:16:14,079 [Listener at 0.0.0.0/39291] INFO  node.SCMNodeManager (SCMNodeManager.java:<init>(146)) - Entering startup safe mode.
2022-03-04 02:16:14,080 [Listener at 0.0.0.0/39291] INFO  algorithms.ContainerPlacementPolicyFactory (ContainerPlacementPolicyFactory.java:getPolicy(60)) - Create container placement policy of type org.apache.hadoop.hdds.scm.container.placement.algorithms.SCMContainerPlacementRandom
2022-03-04 02:16:14,081 [Listener at 0.0.0.0/39291] INFO  pipeline.PipelineStateManagerImpl (PipelineStateManagerImpl.java:initialize(78)) - No pipeline exists in current db
2022-03-04 02:16:14,081 [Listener at 0.0.0.0/39291] INFO  algorithms.LeaderChoosePolicyFactory (LeaderChoosePolicyFactory.java:getPolicy(57)) - Create leader choose policy of type org.apache.hadoop.hdds.scm.pipeline.leader.choose.algorithms.MinLeaderCountChoosePolicy
2022-03-04 02:16:14,081 [Listener at 0.0.0.0/39291] INFO  ha.SCMServiceManager (SCMServiceManager.java:register(42)) - Registering service BackgroundPipelineCreator.
2022-03-04 02:16:14,081 [Listener at 0.0.0.0/39291] INFO  pipeline.BackgroundPipelineCreator (BackgroundPipelineCreator.java:start(130)) - Starting RatisPipelineUtilsThread.
2022-03-04 02:16:14,088 [Listener at 0.0.0.0/39291] INFO  algorithms.PipelineChoosePolicyFactory (PipelineChoosePolicyFactory.java:createPipelineChoosePolicyFromClass(73)) - Create pipeline choose policy of type org.apache.hadoop.hdds.scm.pipeline.choose.algorithms.RandomPipelineChoosePolicy
2022-03-04 02:16:14,088 [Listener at 0.0.0.0/39291] INFO  ha.SCMServiceManager (SCMServiceManager.java:register(42)) - Registering service SCMBlockDeletingService.
2022-03-04 02:16:14,089 [Listener at 0.0.0.0/39291] INFO  ha.SCMServiceManager (SCMServiceManager.java:register(42)) - Registering service ReplicationManager.
2022-03-04 02:16:14,089 [Listener at 0.0.0.0/39291] INFO  container.ReplicationManager (ReplicationManager.java:start(326)) - Starting Replication Monitor Thread.
2022-03-04 02:16:14,094 [Listener at 0.0.0.0/39291] INFO  safemode.ContainerSafeModeRule (ContainerSafeModeRule.java:<init>(89)) - containers with one replica threshold count 0
2022-03-04 02:16:14,095 [Listener at 0.0.0.0/39291] INFO  safemode.HealthyPipelineSafeModeRule (HealthyPipelineSafeModeRule.java:initializeRule(156)) - Total pipeline count is 0, healthy pipeline threshold count is 1
2022-03-04 02:16:14,095 [Listener at 0.0.0.0/39291] INFO  safemode.OneReplicaPipelineSafeModeRule (OneReplicaPipelineSafeModeRule.java:initializeRule(180)) - Total pipeline count is 0, pipeline's with at least one datanode reported threshold count is 0
2022-03-04 02:16:14,103 [Listener at 0.0.0.0/39291] INFO  ipc.CallQueueManager (CallQueueManager.java:<init>(90)) - Using callQueue: class java.util.concurrent.LinkedBlockingQueue, queueCapacity: 2000, scheduler: class org.apache.hadoop.ipc.DefaultRpcScheduler, ipcBackoff: false.
2022-03-04 02:16:14,115 [Socket Reader #1 for port 45947] INFO  ipc.Server (Server.java:run(1265)) - Starting Socket Reader #1 for port 45947
2022-03-04 02:16:14,133 [Listener at 0.0.0.0/45947] INFO  ipc.CallQueueManager (CallQueueManager.java:<init>(90)) - Using callQueue: class java.util.concurrent.LinkedBlockingQueue, queueCapacity: 2000, scheduler: class org.apache.hadoop.ipc.DefaultRpcScheduler, ipcBackoff: false.
2022-03-04 02:16:14,147 [Socket Reader #1 for port 46727] INFO  ipc.Server (Server.java:run(1265)) - Starting Socket Reader #1 for port 46727
2022-03-04 02:16:14,157 [Listener at 0.0.0.0/46727] INFO  ipc.CallQueueManager (CallQueueManager.java:<init>(90)) - Using callQueue: class java.util.concurrent.LinkedBlockingQueue, queueCapacity: 2000, scheduler: class org.apache.hadoop.ipc.DefaultRpcScheduler, ipcBackoff: false.
2022-03-04 02:16:14,159 [Socket Reader #1 for port 35065] INFO  ipc.Server (Server.java:run(1265)) - Starting Socket Reader #1 for port 35065
2022-03-04 02:16:14,178 [ReplicationMonitor] INFO  container.ReplicationManager (ReplicationManager.java:processAll(374)) - Replication Manager is not ready to run until 3000ms after safemode exit
2022-03-04 02:16:14,217 [Listener at 0.0.0.0/35065] INFO  server.StorageContainerManager (StorageContainerManager.java:<init>(389)) - 
Container Balancer status:
Key                            Value
Running                        false
Container Balancer Configuration values:
Key                                                Value
Threshold                                          10
Max Datanodes to Involve per Iteration(percent)    20
Max Size to Move per Iteration                     500GB
Max Size Entering Target per Iteration             26GB
Max Size Leaving Source per Iteration              26GB

2022-03-04 02:16:14,218 [Listener at 0.0.0.0/35065] WARN  events.EventQueue (EventQueue.java:fireEvent(194)) - No event handler registered for event TypedEvent{payloadType=SafeModeStatus, name='Safe mode status'}
2022-03-04 02:16:14,218 [Listener at 0.0.0.0/35065] INFO  ha.SCMContext (SCMContext.java:updateSafeModeStatus(211)) - Update SafeModeStatus from SafeModeStatus{safeModeStatus=true, preCheckPassed=false} to SafeModeStatus{safeModeStatus=true, preCheckPassed=false}.
2022-03-04 02:16:14,218 [Listener at 0.0.0.0/35065] INFO  server.StorageContainerManager (StorageContainerManager.java:start(1327)) - StorageContainerLocationProtocol RPC server is listening at /0.0.0.0:35065
2022-03-04 02:16:14,219 [Listener at 0.0.0.0/35065] INFO  ha.SCMRatisServerImpl (SCMRatisServerImpl.java:start(177)) - starting ratis server 0.0.0.0:41709
2022-03-04 02:16:14,219 [Listener at 0.0.0.0/35065] INFO  server.RaftServer$Division (RaftServerImpl.java:start(304)) - d3378977-86d2-46d9-aa75-813a91c491f2@group-A031934B8290: start with initializing state, conf=-1: [], old=null
2022-03-04 02:16:14,219 [Listener at 0.0.0.0/35065] INFO  server.RaftServer$Division (RaftServerImpl.java:setRole(290)) - d3378977-86d2-46d9-aa75-813a91c491f2@group-A031934B8290: changes role from      null to FOLLOWER at term 0 for startInitializing
2022-03-04 02:16:14,220 [Listener at 0.0.0.0/35065] INFO  util.JmxRegister (JmxRegister.java:tryRegister(44)) - Successfully registered JMX Bean with object name Ratis:service=RaftServer,group=group-A031934B8290,id=d3378977-86d2-46d9-aa75-813a91c491f2
2022-03-04 02:16:14,229 [Listener at 0.0.0.0/35065] INFO  server.RaftServer (RaftServerProxy.java:lambda$start$5(374)) - d3378977-86d2-46d9-aa75-813a91c491f2: start RPC server
2022-03-04 02:16:14,230 [Listener at 0.0.0.0/35065] INFO  server.GrpcService (GrpcService.java:startImpl(253)) - d3378977-86d2-46d9-aa75-813a91c491f2: GrpcService started, listening on 41709
2022-03-04 02:16:14,234 [Listener at 0.0.0.0/35065] INFO  ha.SCMNodeInfo (SCMNodeInfo.java:getPort(197)) - ConfigKey ozone.scm.client.address is deprecated, For configuring different ports for each SCM use PortConfigKey ozone.scm.client.port appended with serviceId and nodeId
2022-03-04 02:16:14,235 [Listener at 0.0.0.0/35065] INFO  ha.SCMNodeInfo (SCMNodeInfo.java:getPort(197)) - ConfigKey ozone.scm.block.client.address is deprecated, For configuring different ports for each SCM use PortConfigKey ozone.scm.block.client.port appended with serviceId and nodeId
2022-03-04 02:16:14,235 [Listener at 0.0.0.0/35065] INFO  ha.SCMNodeInfo (SCMNodeInfo.java:getPort(197)) - ConfigKey ozone.scm.datanode.address is deprecated, For configuring different ports for each SCM use PortConfigKey ozone.scm.datanode.port appended with serviceId and nodeId
2022-03-04 02:16:14,235 [org.apache.ratis.util.JvmPauseMonitor$$Lambda$503/666911607@1d45c571] INFO  util.JvmPauseMonitor (JvmPauseMonitor.java:run(103)) - JvmPauseMonitor-d3378977-86d2-46d9-aa75-813a91c491f2: Started
2022-03-04 02:16:14,235 [Listener at 0.0.0.0/35065] INFO  ha.SCMNodeInfo (SCMNodeInfo.java:getPort(197)) - ConfigKey ozone.scm.client.address is deprecated, For configuring different ports for each SCM use PortConfigKey ozone.scm.client.port appended with serviceId and nodeId
2022-03-04 02:16:14,235 [Listener at 0.0.0.0/35065] INFO  ha.SCMNodeInfo (SCMNodeInfo.java:getPort(197)) - ConfigKey ozone.scm.block.client.address is deprecated, For configuring different ports for each SCM use PortConfigKey ozone.scm.block.client.port appended with serviceId and nodeId
2022-03-04 02:16:14,235 [Listener at 0.0.0.0/35065] INFO  ha.SCMNodeInfo (SCMNodeInfo.java:getPort(197)) - ConfigKey ozone.scm.datanode.address is deprecated, For configuring different ports for each SCM use PortConfigKey ozone.scm.datanode.port appended with serviceId and nodeId
2022-03-04 02:16:14,235 [Listener at 0.0.0.0/35065] INFO  ha.SCMNodeInfo (SCMNodeInfo.java:getPort(197)) - ConfigKey ozone.scm.client.address is deprecated, For configuring different ports for each SCM use PortConfigKey ozone.scm.client.port appended with serviceId and nodeId
2022-03-04 02:16:14,237 [Listener at 0.0.0.0/35065] INFO  ha.SCMNodeInfo (SCMNodeInfo.java:getPort(197)) - ConfigKey ozone.scm.block.client.address is deprecated, For configuring different ports for each SCM use PortConfigKey ozone.scm.block.client.port appended with serviceId and nodeId
2022-03-04 02:16:14,237 [Listener at 0.0.0.0/35065] INFO  ha.SCMNodeInfo (SCMNodeInfo.java:getPort(197)) - ConfigKey ozone.scm.datanode.address is deprecated, For configuring different ports for each SCM use PortConfigKey ozone.scm.datanode.port appended with serviceId and nodeId
2022-03-04 02:16:14,252 [IPC Server handler 2 on default port 40533] INFO  ha.SCMRatisServerImpl (SCMRatisServerImpl.java:addSCM(292)) - d06750ef-dff7-4786-ad4b-f6962696dc27: Submitting SetConfiguration request to Ratis server with new SCM peers list: [d06750ef-dff7-4786-ad4b-f6962696dc27|rpc:localhost:40707|admin:|client:|dataStream:|priority:0, d3378977-86d2-46d9-aa75-813a91c491f2|rpc:localhost:41709|priority:0]
2022-03-04 02:16:14,252 [IPC Server handler 2 on default port 40533] INFO  server.RaftServer$Division (RaftServerImpl.java:setConfigurationAsync(974)) - d06750ef-dff7-4786-ad4b-f6962696dc27@group-A031934B8290: receive setConfiguration SetConfigurationRequest:client-05EFD1CB4154->d06750ef-dff7-4786-ad4b-f6962696dc27@group-A031934B8290, cid=0, seq=0, RW, null, peers:[d06750ef-dff7-4786-ad4b-f6962696dc27|rpc:localhost:40707|admin:|client:|dataStream:|priority:0, d3378977-86d2-46d9-aa75-813a91c491f2|rpc:localhost:41709|priority:0]
2022-03-04 02:16:14,252 [IPC Server handler 2 on default port 40533] INFO  server.RaftServer$Division (LeaderStateImpl.java:startSetConfiguration(358)) - d06750ef-dff7-4786-ad4b-f6962696dc27@group-A031934B8290-LeaderStateImpl: startSetConfiguration SetConfigurationRequest:client-05EFD1CB4154->d06750ef-dff7-4786-ad4b-f6962696dc27@group-A031934B8290, cid=0, seq=0, RW, null, peers:[d06750ef-dff7-4786-ad4b-f6962696dc27|rpc:localhost:40707|admin:|client:|dataStream:|priority:0, d3378977-86d2-46d9-aa75-813a91c491f2|rpc:localhost:41709|priority:0]
2022-03-04 02:16:14,252 [IPC Server handler 2 on default port 40533] INFO  server.RaftServerConfigKeys (ConfUtils.java:logGet(44)) - raft.server.log.appender.snapshot.chunk.size.max = 16MB (=16777216) (default)
2022-03-04 02:16:14,252 [IPC Server handler 2 on default port 40533] INFO  server.RaftServerConfigKeys (ConfUtils.java:logGet(44)) - raft.server.log.appender.buffer.byte-limit = 33554432 (custom)
2022-03-04 02:16:14,252 [IPC Server handler 2 on default port 40533] INFO  server.RaftServerConfigKeys (ConfUtils.java:logGet(44)) - raft.server.log.appender.buffer.element-limit = 1024 (custom)
2022-03-04 02:16:14,253 [IPC Server handler 2 on default port 40533] INFO  grpc.GrpcConfigKeys (ConfUtils.java:logGet(44)) - raft.grpc.server.leader.outstanding.appends.max = 128 (default)
2022-03-04 02:16:14,253 [IPC Server handler 2 on default port 40533] INFO  server.RaftServerConfigKeys (ConfUtils.java:logGet(44)) - raft.server.rpc.request.timeout = 30000ms (custom)
2022-03-04 02:16:14,253 [IPC Server handler 2 on default port 40533] INFO  server.RaftServerConfigKeys (ConfUtils.java:logGet(44)) - raft.server.log.appender.install.snapshot.enabled = false (custom)
2022-03-04 02:16:14,276 [d06750ef-dff7-4786-ad4b-f6962696dc27@group-A031934B8290->d3378977-86d2-46d9-aa75-813a91c491f2-GrpcLogAppender-LogAppenderDaemon] INFO  server.GrpcLogAppender (GrpcLogAppender.java:installSnapshot(550)) - d06750ef-dff7-4786-ad4b-f6962696dc27@group-A031934B8290->d3378977-86d2-46d9-aa75-813a91c491f2-GrpcLogAppender: followerNextIndex = 0 but logStartIndex = 0, notify follower to install snapshot-(t:2, i:2)
2022-03-04 02:16:14,283 [d06750ef-dff7-4786-ad4b-f6962696dc27@group-A031934B8290->d3378977-86d2-46d9-aa75-813a91c491f2-GrpcLogAppender-LogAppenderDaemon] INFO  server.GrpcLogAppender (GrpcLogAppender.java:installSnapshot(558)) - d06750ef-dff7-4786-ad4b-f6962696dc27@group-A031934B8290->d3378977-86d2-46d9-aa75-813a91c491f2-GrpcLogAppender: send d06750ef-dff7-4786-ad4b-f6962696dc27->d3378977-86d2-46d9-aa75-813a91c491f2#0-t2,notify:(t:2, i:2)
2022-03-04 02:16:14,346 [grpc-default-executor-1] INFO  server.RaftServer$Division (RaftServerImpl.java:installSnapshot(1332)) - d3378977-86d2-46d9-aa75-813a91c491f2@group-A031934B8290: receive installSnapshot: d06750ef-dff7-4786-ad4b-f6962696dc27->d3378977-86d2-46d9-aa75-813a91c491f2#0-t2,notify:(t:2, i:2)
2022-03-04 02:16:14,355 [grpc-default-executor-1] INFO  ha.SCMStateMachine (SCMStateMachine.java:notifyLeaderChanged(255)) - leader changed, yet current SCM is still follower.
2022-03-04 02:16:14,355 [grpc-default-executor-1] INFO  server.RaftServer$Division (ServerState.java:setLeader(285)) - d3378977-86d2-46d9-aa75-813a91c491f2@group-A031934B8290: change Leader from null to d06750ef-dff7-4786-ad4b-f6962696dc27 at term 2 for installSnapshot, leader elected after 312ms
2022-03-04 02:16:14,355 [grpc-default-executor-1] INFO  server.RaftServer$Division (RaftServerImpl.java:notifyStateMachineToInstallSnapshot(1551)) - d3378977-86d2-46d9-aa75-813a91c491f2@group-A031934B8290: Received notification to install snapshot at index 2
2022-03-04 02:16:14,356 [grpc-default-executor-1] INFO  server.RaftServer$Division (RaftServerImpl.java:notifyStateMachineToInstallSnapshot(1582)) - d3378977-86d2-46d9-aa75-813a91c491f2@group-A031934B8290: notifyInstallSnapshot: nextIndex is 0 but the leader's first available index is 2.
2022-03-04 02:16:14,356 [grpc-default-executor-1] INFO  ha.SCMStateMachine (SCMStateMachine.java:notifyInstallSnapshotFromLeader(219)) - Received install snapshot notification from SCM leader: localhost:40707 with term index: (t:2, i:2)
2022-03-04 02:16:14,364 [pool-271-thread-1] INFO  ha.SCMHAManagerImpl (SCMHAManagerImpl.java:getDBCheckpointFromLeader(207)) - Downloading checkpoint from leader SCM scmNode-1 and reloading state from the checkpoint.
2022-03-04 02:16:14,376 [grpc-default-executor-0] INFO  ha.SCMDBCheckpointProvider (SCMDBCheckpointProvider.java:writeDBCheckPointToSream(48)) - Received request to obtain SCM DB checkpoint snapshot
2022-03-04 02:16:14,391 [grpc-default-executor-0] INFO  db.RDBCheckpointManager (RDBCheckpointManager.java:createCheckpoint(86)) - Created checkpoint at /home/runner/work/ozone/ozone/hadoop-ozone/integration-test/target/test-dir/MiniOzoneClusterImpl-ba78f66b-c31d-4d73-90ed-a031934b8290/scmNode-1/db.checkpoints/scm.db_checkpoint_1646360174381 in 10 milliseconds
2022-03-04 02:16:14,399 [grpc-default-executor-0] INFO  ha.SCMGrpcOutputStream (SCMGrpcOutputStream.java:close(111)) - Sent 4492 bytes for cluster ba78f66b-c31d-4d73-90ed-a031934b8290
2022-03-04 02:16:14,400 [grpc-default-executor-2] INFO  ha.InterSCMGrpcClient (InterSCMGrpcClient.java:onCompleted(173)) - Checkpoint is downloaded to /home/runner/work/ozone/ozone/hadoop-ozone/integration-test/target/test-dir/MiniOzoneClusterImpl-ba78f66b-c31d-4d73-90ed-a031934b8290/scmNode-2/snapshot/scm.db-scmNode-1-1646360174364.tar.gz
2022-03-04 02:16:14,402 [grpc-default-executor-0] INFO  ha.SCMDBCheckpointProvider (SCMDBCheckpointProvider.java:writeDBCheckPointToSream(73)) - Time taken to write the checkpoint to response output stream: 10 milliseconds
2022-03-04 02:16:14,403 [grpc-default-executor-0] INFO  db.RocksDBCheckpoint (RocksDBCheckpoint.java:cleanupCheckpoint(78)) - Cleaning up RocksDB checkpoint at /home/runner/work/ozone/ozone/hadoop-ozone/integration-test/target/test-dir/MiniOzoneClusterImpl-ba78f66b-c31d-4d73-90ed-a031934b8290/scmNode-1/db.checkpoints/scm.db_checkpoint_1646360174381
2022-03-04 02:16:14,428 [pool-271-thread-1] INFO  ha.SCMSnapshotProvider (SCMSnapshotProvider.java:getSCMDBSnapshot(131)) - Successfully downloaded latest checkpoint from leader SCM: scmNode-1 path /home/runner/work/ozone/ozone/hadoop-ozone/integration-test/target/test-dir/MiniOzoneClusterImpl-ba78f66b-c31d-4d73-90ed-a031934b8290/scmNode-2/snapshot/scm.db-scmNode-1-1646360174364
2022-03-04 02:16:14,428 [pool-271-thread-1] INFO  ha.SCMHAManagerImpl (SCMHAManagerImpl.java:downloadCheckpointFromLeader(159)) - Downloaded checkpoint from Leader scmNode-1 to the location /home/runner/work/ozone/ozone/hadoop-ozone/integration-test/target/test-dir/MiniOzoneClusterImpl-ba78f66b-c31d-4d73-90ed-a031934b8290/scmNode-2/snapshot/scm.db-scmNode-1-1646360174364
2022-03-04 02:16:14,543 [pool-271-thread-1] INFO  ha.SCMHAManagerImpl (SCMHAManagerImpl.java:verifyCheckpointFromLeader(173)) - Installing checkpoint with SCMTransactionInfo 2#2
2022-03-04 02:16:14,543 [pool-271-thread-1] INFO  server.RaftServer$Division (RaftServerImpl.java:lambda$notifyStateMachineToInstallSnapshot$30(1595)) - d3378977-86d2-46d9-aa75-813a91c491f2@group-A031934B8290: StateMachine successfully installed snapshot index 2. Reloading the StateMachine.
2022-03-04 02:16:14,543 [pool-271-thread-1] INFO  segmented.SegmentedRaftLogWorker (SegmentedRaftLogWorker.java:lambda$new$0(133)) - d3378977-86d2-46d9-aa75-813a91c491f2@group-A031934B8290-SegmentedRaftLogWorker: flushIndex: setUnconditionally -1 -> 2
2022-03-04 02:16:14,543 [pool-271-thread-1] INFO  segmented.SegmentedRaftLogWorker (SegmentedRaftLogWorker.java:lambda$new$0(133)) - d3378977-86d2-46d9-aa75-813a91c491f2@group-A031934B8290-SegmentedRaftLogWorker: safeCacheEvictIndex: setUnconditionally -1 -> 2
2022-03-04 02:16:14,544 [pool-271-thread-1] INFO  raftlog.RaftLog (RaftLogBase.java:lambda$new$0(53)) - d3378977-86d2-46d9-aa75-813a91c491f2@group-A031934B8290-SegmentedRaftLog: snapshotIndex: updateIncreasingly -1 -> 2
2022-03-04 02:16:14,551 [grpc-default-executor-1] INFO  server.RaftServer$Division (RaftServerImpl.java:notifyStateMachineToInstallSnapshot(1638)) - d3378977-86d2-46d9-aa75-813a91c491f2@group-A031934B8290: InstallSnapshot notification result: SNAPSHOT_INSTALLED, at index: 2
2022-03-04 02:16:14,552 [grpc-default-executor-1] INFO  server.RaftServer$Division (RaftServerImpl.java:installSnapshotImpl(1462)) - d3378977-86d2-46d9-aa75-813a91c491f2@group-A031934B8290: set new configuration index: 1
configurationEntry {
  peers {
    id: "d06750ef-dff7-4786-ad4b-f6962696dc27"
    address: "localhost:40707"
  }
}
 from snapshot
2022-03-04 02:16:14,553 [grpc-default-executor-1] INFO  server.RaftServer$Division (ServerState.java:setRaftConf(387)) - d3378977-86d2-46d9-aa75-813a91c491f2@group-A031934B8290: set configuration 1: [d06750ef-dff7-4786-ad4b-f6962696dc27|rpc:localhost:40707|admin:|client:|dataStream:|priority:0], old=null
2022-03-04 02:16:14,553 [grpc-default-executor-1] INFO  server.RaftServer$Division (RaftServerImpl.java:installSnapshot(1343)) - d3378977-86d2-46d9-aa75-813a91c491f2@group-A031934B8290: reply installSnapshot: d06750ef-dff7-4786-ad4b-f6962696dc27<-d3378977-86d2-46d9-aa75-813a91c491f2#0:FAIL-t0,SNAPSHOT_INSTALLED,snapshotIndex=2
2022-03-04 02:16:14,554 [grpc-default-executor-1] INFO  server.GrpcServerProtocolService (GrpcServerProtocolService.java:onCompleted(140)) - d3378977-86d2-46d9-aa75-813a91c491f2: Completed INSTALL_SNAPSHOT, lastRequest: d06750ef-dff7-4786-ad4b-f6962696dc27->d3378977-86d2-46d9-aa75-813a91c491f2#0-t2,notify:(t:2, i:2)
2022-03-04 02:16:14,559 [grpc-default-executor-0] INFO  server.GrpcLogAppender (GrpcLogAppender.java:onNext(410)) - d06750ef-dff7-4786-ad4b-f6962696dc27@group-A031934B8290->d3378977-86d2-46d9-aa75-813a91c491f2-InstallSnapshotResponseHandler: received the first reply d06750ef-dff7-4786-ad4b-f6962696dc27<-d3378977-86d2-46d9-aa75-813a91c491f2#0:FAIL-t0,SNAPSHOT_INSTALLED,snapshotIndex=2
2022-03-04 02:16:14,560 [grpc-default-executor-0] INFO  server.GrpcLogAppender (GrpcLogAppender.java:onNext(450)) - d06750ef-dff7-4786-ad4b-f6962696dc27@group-A031934B8290->d3378977-86d2-46d9-aa75-813a91c491f2-InstallSnapshotResponseHandler: Follower installed snapshot at index 2
2022-03-04 02:16:14,560 [grpc-default-executor-0] INFO  leader.FollowerInfo (FollowerInfoImpl.java:lambda$new$0(47)) - d06750ef-dff7-4786-ad4b-f6962696dc27@group-A031934B8290->d3378977-86d2-46d9-aa75-813a91c491f2: snapshotIndex: setUnconditionally 0 -> 2
2022-03-04 02:16:14,560 [grpc-default-executor-0] INFO  leader.FollowerInfo (FollowerInfoImpl.java:lambda$new$0(47)) - d06750ef-dff7-4786-ad4b-f6962696dc27@group-A031934B8290->d3378977-86d2-46d9-aa75-813a91c491f2: matchIndex: setUnconditionally 0 -> 2
2022-03-04 02:16:14,560 [grpc-default-executor-0] INFO  leader.FollowerInfo (FollowerInfoImpl.java:lambda$new$0(47)) - d06750ef-dff7-4786-ad4b-f6962696dc27@group-A031934B8290->d3378977-86d2-46d9-aa75-813a91c491f2: nextIndex: setUnconditionally 0 -> 3
2022-03-04 02:16:14,560 [grpc-default-executor-0] INFO  leader.FollowerInfo (FollowerInfoImpl.java:setAttemptedToInstallSnapshot(116)) - Follower d06750ef-dff7-4786-ad4b-f6962696dc27@group-A031934B8290->d3378977-86d2-46d9-aa75-813a91c491f2 acknowledged installing snapshot
2022-03-04 02:16:14,560 [grpc-default-executor-0] INFO  leader.FollowerInfo (FollowerInfoImpl.java:lambda$new$0(47)) - d06750ef-dff7-4786-ad4b-f6962696dc27@group-A031934B8290->d3378977-86d2-46d9-aa75-813a91c491f2: nextIndex: updateToMax old=3, new=3, updated? false
2022-03-04 02:16:14,566 [grpc-default-executor-1] INFO  impl.RoleInfo (RoleInfo.java:updateAndGet(130)) - d3378977-86d2-46d9-aa75-813a91c491f2: start d3378977-86d2-46d9-aa75-813a91c491f2@group-A031934B8290-FollowerState
2022-03-04 02:16:14,657 [d3378977-86d2-46d9-aa75-813a91c491f2@group-A031934B8290-StateMachineUpdater] INFO  ha.SCMHAManagerImpl (SCMHAManagerImpl.java:installCheckpoint(228)) - Installing checkpoint with SCMTransactionInfo 2#2
2022-03-04 02:16:14,659 [d3378977-86d2-46d9-aa75-813a91c491f2@group-A031934B8290-StateMachineUpdater] INFO  ha.SCMHAManagerImpl (SCMHAManagerImpl.java:installCheckpoint(267)) - Replaced DB with checkpoint, term: 2, index: 2
2022-03-04 02:16:14,659 [d3378977-86d2-46d9-aa75-813a91c491f2@group-A031934B8290-StateMachineUpdater] WARN  utils.HAUtils (HAUtils.java:getMetaDir(342)) - ozone.scm.db.dirs is not configured. We recommend adding this setting. Falling back to ozone.metadata.dirs instead.
2022-03-04 02:16:14,660 [d3378977-86d2-46d9-aa75-813a91c491f2@group-A031934B8290-StateMachineUpdater] WARN  db.DBStoreBuilder (DBStoreBuilder.java:applyDBDefinition(145)) - ozone.scm.db.dirs is not configured. We recommend adding this setting. Falling back to ozone.metadata.dirs instead.
2022-03-04 02:16:14,772 [d3378977-86d2-46d9-aa75-813a91c491f2@group-A031934B8290-StateMachineUpdater] INFO  ha.SequenceIdGenerator (SequenceIdGenerator.java:reinitialize(166)) - reinitialize SequenceIdGenerator.
2022-03-04 02:16:14,773 [d3378977-86d2-46d9-aa75-813a91c491f2@group-A031934B8290-StateMachineUpdater] INFO  pipeline.PipelineStateManagerImpl (PipelineStateManagerImpl.java:initialize(78)) - No pipeline exists in current db
2022-03-04 02:16:14,773 [d3378977-86d2-46d9-aa75-813a91c491f2@group-A031934B8290-StateMachineUpdater] INFO  ha.SCMHAManagerImpl (SCMHAManagerImpl.java:installCheckpoint(282)) - Reloaded SCM state with Term: 2 and Index: 2
2022-03-04 02:16:14,773 [d3378977-86d2-46d9-aa75-813a91c491f2@group-A031934B8290-StateMachineUpdater] INFO  impl.StateMachineUpdater (StateMachineUpdater.java:lambda$new$0(89)) - d3378977-86d2-46d9-aa75-813a91c491f2@group-A031934B8290-StateMachineUpdater: snapshotIndex: setUnconditionally -1 -> 2
2022-03-04 02:16:14,774 [d3378977-86d2-46d9-aa75-813a91c491f2@group-A031934B8290-StateMachineUpdater] INFO  impl.StateMachineUpdater (StateMachineUpdater.java:lambda$new$0(89)) - d3378977-86d2-46d9-aa75-813a91c491f2@group-A031934B8290-StateMachineUpdater: appliedIndex: setUnconditionally -1 -> 2
2022-03-04 02:16:14,868 [EndpointStateMachine task thread for /127.0.0.1:42427 - 0 ] INFO  ipc.Client (Client.java:handleConnectionFailure(977)) - Retrying connect to server: localhost/127.0.0.1:42427. Already tried 4 time(s); retry policy is RetryUpToMaximumCountWithFixedSleep(maxRetries=15, sleepTime=1000 MILLISECONDS)
2022-03-04 02:16:14,870 [EndpointStateMachine task thread for /127.0.0.1:35517 - 0 ] INFO  ipc.Client (Client.java:handleConnectionFailure(977)) - Retrying connect to server: localhost/127.0.0.1:35517. Already tried 4 time(s); retry policy is RetryUpToMaximumCountWithFixedSleep(maxRetries=15, sleepTime=1000 MILLISECONDS)
2022-03-04 02:16:14,872 [EndpointStateMachine task thread for /127.0.0.1:42491 - 0 ] INFO  ipc.Client (Client.java:handleConnectionFailure(977)) - Retrying connect to server: localhost/127.0.0.1:42491. Already tried 4 time(s); retry policy is RetryUpToMaximumCountWithFixedSleep(maxRetries=15, sleepTime=1000 MILLISECONDS)
2022-03-04 02:16:15,880 [EndpointStateMachine task thread for /127.0.0.1:42427 - 0 ] INFO  ipc.Client (Client.java:handleConnectionFailure(977)) - Retrying connect to server: localhost/127.0.0.1:42427. Already tried 5 time(s); retry policy is RetryUpToMaximumCountWithFixedSleep(maxRetries=15, sleepTime=1000 MILLISECONDS)
2022-03-04 02:16:15,880 [EndpointStateMachine task thread for /127.0.0.1:42491 - 0 ] INFO  ipc.Client (Client.java:handleConnectionFailure(977)) - Retrying connect to server: localhost/127.0.0.1:42491. Already tried 5 time(s); retry policy is RetryUpToMaximumCountWithFixedSleep(maxRetries=15, sleepTime=1000 MILLISECONDS)
2022-03-04 02:16:15,881 [EndpointStateMachine task thread for /127.0.0.1:35517 - 0 ] INFO  ipc.Client (Client.java:handleConnectionFailure(977)) - Retrying connect to server: localhost/127.0.0.1:35517. Already tried 5 time(s); retry policy is RetryUpToMaximumCountWithFixedSleep(maxRetries=15, sleepTime=1000 MILLISECONDS)
2022-03-04 02:16:16,881 [EndpointStateMachine task thread for /127.0.0.1:42427 - 0 ] INFO  ipc.Client (Client.java:handleConnectionFailure(977)) - Retrying connect to server: localhost/127.0.0.1:42427. Already tried 6 time(s); retry policy is RetryUpToMaximumCountWithFixedSleep(maxRetries=15, sleepTime=1000 MILLISECONDS)
2022-03-04 02:16:16,882 [EndpointStateMachine task thread for /127.0.0.1:42491 - 0 ] INFO  ipc.Client (Client.java:handleConnectionFailure(977)) - Retrying connect to server: localhost/127.0.0.1:42491. Already tried 6 time(s); retry policy is RetryUpToMaximumCountWithFixedSleep(maxRetries=15, sleepTime=1000 MILLISECONDS)
2022-03-04 02:16:16,882 [EndpointStateMachine task thread for /127.0.0.1:35517 - 0 ] INFO  ipc.Client (Client.java:handleConnectionFailure(977)) - Retrying connect to server: localhost/127.0.0.1:35517. Already tried 6 time(s); retry policy is RetryUpToMaximumCountWithFixedSleep(maxRetries=15, sleepTime=1000 MILLISECONDS)
2022-03-04 02:16:17,435 [d06750ef-dff7-4786-ad4b-f6962696dc27@group-A031934B8290-LeaderStateImpl] INFO  server.RaftServer$Division (ServerState.java:setRaftConf(387)) - d06750ef-dff7-4786-ad4b-f6962696dc27@group-A031934B8290: set configuration 3: [d06750ef-dff7-4786-ad4b-f6962696dc27|rpc:localhost:40707|admin:|client:|dataStream:|priority:0, d3378977-86d2-46d9-aa75-813a91c491f2|rpc:localhost:41709|priority:0], old=[d06750ef-dff7-4786-ad4b-f6962696dc27|rpc:localhost:40707|admin:|client:|dataStream:|priority:0]
2022-03-04 02:16:17,437 [grpc-default-executor-1] INFO  server.RaftServer$Division (ServerState.java:setRaftConf(387)) - d3378977-86d2-46d9-aa75-813a91c491f2@group-A031934B8290: set configuration 3: [d06750ef-dff7-4786-ad4b-f6962696dc27|rpc:localhost:40707|admin:|client:|dataStream:|priority:0, d3378977-86d2-46d9-aa75-813a91c491f2|rpc:localhost:41709|admin:|client:|dataStream:|priority:0], old=[d06750ef-dff7-4786-ad4b-f6962696dc27|rpc:localhost:40707|admin:|client:|dataStream:|priority:0]
2022-03-04 02:16:17,437 [grpc-default-executor-1] INFO  segmented.SegmentedRaftLogWorker (SegmentedRaftLogWorker.java:startLogSegment(394)) - d3378977-86d2-46d9-aa75-813a91c491f2@group-A031934B8290-SegmentedRaftLogWorker: Starting segment from index:3
2022-03-04 02:16:17,450 [d3378977-86d2-46d9-aa75-813a91c491f2@group-A031934B8290-SegmentedRaftLogWorker] INFO  segmented.SegmentedRaftLogWorker (SegmentedRaftLogWorker.java:execute(601)) - d3378977-86d2-46d9-aa75-813a91c491f2@group-A031934B8290-SegmentedRaftLogWorker: created new log segment /home/runner/work/ozone/ozone/hadoop-ozone/integration-test/target/test-dir/MiniOzoneClusterImpl-ba78f66b-c31d-4d73-90ed-a031934b8290/scmNode-2/scm-ha/ba78f66b-c31d-4d73-90ed-a031934b8290/current/log_inprogress_3
2022-03-04 02:16:17,458 [d06750ef-dff7-4786-ad4b-f6962696dc27@group-A031934B8290-LeaderStateImpl] INFO  server.RaftServer$Division (ServerState.java:setRaftConf(387)) - d06750ef-dff7-4786-ad4b-f6962696dc27@group-A031934B8290: set configuration 5: [d06750ef-dff7-4786-ad4b-f6962696dc27|rpc:localhost:40707|admin:|client:|dataStream:|priority:0, d3378977-86d2-46d9-aa75-813a91c491f2|rpc:localhost:41709|priority:0], old=null
2022-03-04 02:16:17,460 [grpc-default-executor-1] INFO  server.RaftServer$Division (ServerState.java:setRaftConf(387)) - d3378977-86d2-46d9-aa75-813a91c491f2@group-A031934B8290: set configuration 5: [d06750ef-dff7-4786-ad4b-f6962696dc27|rpc:localhost:40707|admin:|client:|dataStream:|priority:0, d3378977-86d2-46d9-aa75-813a91c491f2|rpc:localhost:41709|admin:|client:|dataStream:|priority:0], old=null
2022-03-04 02:16:17,475 [d3378977-86d2-46d9-aa75-813a91c491f2@group-A031934B8290-StateMachineUpdater] INFO  safemode.HealthyPipelineSafeModeRule (HealthyPipelineSafeModeRule.java:initializeRule(152)) - Refreshed total pipeline count is 0, healthy pipeline threshold count is 1
2022-03-04 02:16:17,475 [d3378977-86d2-46d9-aa75-813a91c491f2@group-A031934B8290-StateMachineUpdater] INFO  safemode.ContainerSafeModeRule (ContainerSafeModeRule.java:reInitializeRule(177)) - Refreshed one replica container threshold 0, currentThreshold 0
2022-03-04 02:16:17,475 [d3378977-86d2-46d9-aa75-813a91c491f2@group-A031934B8290-StateMachineUpdater] INFO  safemode.OneReplicaPipelineSafeModeRule (OneReplicaPipelineSafeModeRule.java:initializeRule(176)) - Refreshed Total pipeline count is 0, pipeline's with at least one datanode reported threshold count is 0
2022-03-04 02:16:17,475 [d3378977-86d2-46d9-aa75-813a91c491f2@group-A031934B8290-StateMachineUpdater] INFO  server.SCMDatanodeProtocolServer (SCMDatanodeProtocolServer.java:start(183)) - ScmDatanodeProtocol RPC server for DataNodes is listening at /0.0.0.0:45947
2022-03-04 02:16:17,480 [IPC Server listener on 45947] INFO  ipc.Server (Server.java:run(1344)) - IPC Server listener on 45947: starting
2022-03-04 02:16:17,489 [IPC Server Responder] INFO  ipc.Server (Server.java:run(1507)) - IPC Server Responder: starting
2022-03-04 02:16:17,500 [IPC Server handler 2 on default port 40533] INFO  ha.SCMRatisServerImpl (SCMRatisServerImpl.java:addSCM(303)) - Successfully added new SCM: d3378977-86d2-46d9-aa75-813a91c491f2.
2022-03-04 02:16:17,501 [d06750ef-dff7-4786-ad4b-f6962696dc27@group-A031934B8290-StateMachineUpdater] INFO  ha.SCMStateMachine (SCMStateMachine.java:takeSnapshot(297)) - Current Snapshot Index 5, takeSnapshot took 1 ms
2022-03-04 02:16:17,501 [d06750ef-dff7-4786-ad4b-f6962696dc27@group-A031934B8290-StateMachineUpdater] INFO  impl.StateMachineUpdater (StateMachineUpdater.java:takeSnapshot(281)) - d06750ef-dff7-4786-ad4b-f6962696dc27@group-A031934B8290-StateMachineUpdater: Took a snapshot at index 5
2022-03-04 02:16:17,501 [d06750ef-dff7-4786-ad4b-f6962696dc27@group-A031934B8290-StateMachineUpdater] INFO  impl.StateMachineUpdater (StateMachineUpdater.java:lambda$new$0(89)) - d06750ef-dff7-4786-ad4b-f6962696dc27@group-A031934B8290-StateMachineUpdater: snapshotIndex: updateIncreasingly -1 -> 5
2022-03-04 02:16:17,501 [d06750ef-dff7-4786-ad4b-f6962696dc27@group-A031934B8290-StateMachineUpdater] INFO  raftlog.RaftLog (RaftLogBase.java:purge(306)) - d06750ef-dff7-4786-ad4b-f6962696dc27@group-A031934B8290-SegmentedRaftLog: purge 5
2022-03-04 02:16:17,501 [d06750ef-dff7-4786-ad4b-f6962696dc27@group-A031934B8290-StateMachineUpdater] INFO  raftlog.RaftLog (RaftLogBase.java:lambda$new$0(53)) - d06750ef-dff7-4786-ad4b-f6962696dc27@group-A031934B8290-SegmentedRaftLog: snapshotIndex: updateIncreasingly -1 -> 5
2022-03-04 02:16:17,501 [d06750ef-dff7-4786-ad4b-f6962696dc27@group-A031934B8290-SegmentedRaftLogWorker] INFO  raftlog.RaftLog (RaftLogBase.java:lambda$new$0(53)) - d06750ef-dff7-4786-ad4b-f6962696dc27@group-A031934B8290-SegmentedRaftLog: purgeIndex: updateToMax old=-1, new=0, updated? true
2022-03-04 02:16:17,501 [Listener at 0.0.0.0/35065] INFO  ha.SCMHAManagerImpl (SCMHAManagerImpl.java:start(117)) - Successfully added SCM scmNode-2 to group group-A031934B8290:[d06750ef-dff7-4786-ad4b-f6962696dc27|rpc:localhost:40707|admin:|client:|dataStream:|priority:0, d3378977-86d2-46d9-aa75-813a91c491f2|rpc:localhost:41709|admin:|client:|dataStream:|priority:0]
2022-03-04 02:16:17,502 [Listener at 0.0.0.0/35065] INFO  ha.InterSCMGrpcService (InterSCMGrpcProtocolService.java:start(94)) - Starting SCM Grpc Service at port 40311
2022-03-04 02:16:17,504 [Listener at 0.0.0.0/35065] INFO  impl.MetricsSystemImpl (MetricsSystemImpl.java:init(158)) - StorageContainerManager metrics system started (again)
2022-03-04 02:16:17,538 [Listener at 0.0.0.0/35065] INFO  server.SCMClientProtocolServer (SCMClientProtocolServer.java:start(165)) - RPC server for Client  is listening at /0.0.0.0:35065
2022-03-04 02:16:17,546 [IPC Server listener on 35065] INFO  ipc.Server (Server.java:run(1344)) - IPC Server listener on 35065: starting
2022-03-04 02:16:17,546 [IPC Server Responder] INFO  ipc.Server (Server.java:run(1507)) - IPC Server Responder: starting
2022-03-04 02:16:17,568 [Listener at 0.0.0.0/35065] INFO  server.StorageContainerManager (StorageContainerManager.java:start(1342)) - ScmBlockLocationProtocol RPC server is listening at /0.0.0.0:46727
2022-03-04 02:16:17,568 [Listener at 0.0.0.0/35065] INFO  server.SCMBlockProtocolServer (SCMBlockProtocolServer.java:start(151)) - RPC server for Block Protocol is listening at /0.0.0.0:46727
2022-03-04 02:16:17,578 [IPC Server Responder] INFO  ipc.Server (Server.java:run(1507)) - IPC Server Responder: starting
2022-03-04 02:16:17,587 [IPC Server listener on 46727] INFO  ipc.Server (Server.java:run(1344)) - IPC Server listener on 46727: starting
2022-03-04 02:16:17,638 [Listener at 0.0.0.0/35065] INFO  http.BaseHttpServer (BaseHttpServer.java:newHttpServer2BuilderForOzone(209)) - Starting Web-server for scm at: http://0.0.0.0:44877
2022-03-04 02:16:17,638 [Listener at 0.0.0.0/35065] INFO  http.BaseHttpServer (BaseHttpServer.java:<init>(107)) - Hadoop Security Enabled: false Ozone Security Enabled: false Ozone HTTP Security Enabled: false 
2022-03-04 02:16:17,643 [org.apache.hadoop.util.JvmPauseMonitor$Monitor@7add9679] INFO  util.JvmPauseMonitor (JvmPauseMonitor.java:run(188)) - Starting JVM pause monitor
2022-03-04 02:16:17,645 [Listener at 0.0.0.0/35065] INFO  server.AuthenticationFilter (AuthenticationFilter.java:constructSecretProvider(240)) - Unable to initialize FileSignerSecretProvider, falling back to use random secrets.
2022-03-04 02:16:17,651 [Listener at 0.0.0.0/35065] WARN  http.HttpRequestLog (HttpRequestLog.java:getRequestLog(103)) - Jetty request log can only be enabled using Log4j
2022-03-04 02:16:17,656 [Listener at 0.0.0.0/35065] INFO  http.HttpServer2 (HttpServer2.java:addGlobalFilter(1030)) - Added global filter 'safety' (class=org.apache.hadoop.hdds.server.http.HttpServer2$QuotingInputFilter)
2022-03-04 02:16:17,657 [Listener at 0.0.0.0/35065] INFO  http.HttpServer2 (HttpServer2.java:addFilter(1006)) - Added filter static_user_filter (class=org.apache.hadoop.http.lib.StaticUserWebFilter$StaticUserFilter) to context scm
2022-03-04 02:16:17,657 [Listener at 0.0.0.0/35065] INFO  http.HttpServer2 (HttpServer2.java:addFilter(1014)) - Added filter static_user_filter (class=org.apache.hadoop.http.lib.StaticUserWebFilter$StaticUserFilter) to context logs
2022-03-04 02:16:17,658 [Listener at 0.0.0.0/35065] INFO  http.HttpServer2 (HttpServer2.java:addFilter(1014)) - Added filter static_user_filter (class=org.apache.hadoop.http.lib.StaticUserWebFilter$StaticUserFilter) to context static
2022-03-04 02:16:17,659 [Listener at 0.0.0.0/35065] INFO  http.HttpServer2 (HttpServer2.java:bindListener(1249)) - Jetty bound to port 44877
2022-03-04 02:16:17,660 [Listener at 0.0.0.0/35065] INFO  server.Server (Server.java:doStart(375)) - jetty-9.4.43.v20210629; built: 2021-06-30T11:07:22.254Z; git: 526006ecfa3af7f1a27ef3a288e2bef7ea9dd7e8; jvm 1.8.0_322-b06
2022-03-04 02:16:17,689 [Listener at 0.0.0.0/35065] INFO  server.session (DefaultSessionIdManager.java:doStart(334)) - DefaultSessionIdManager workerName=node0
2022-03-04 02:16:17,689 [Listener at 0.0.0.0/35065] INFO  server.session (DefaultSessionIdManager.java:doStart(339)) - No SessionScavenger set, using defaults
2022-03-04 02:16:17,690 [Listener at 0.0.0.0/35065] INFO  server.session (HouseKeeper.java:startScavenging(132)) - node0 Scavenging every 600000ms
2022-03-04 02:16:17,690 [Listener at 0.0.0.0/35065] INFO  handler.ContextHandler (ContextHandler.java:doStart(915)) - Started o.e.j.s.ServletContextHandler@1332f32{logs,/logs,file:///home/runner/work/ozone/ozone/hadoop-ozone/integration-test/target/log,AVAILABLE}
2022-03-04 02:16:17,691 [Listener at 0.0.0.0/35065] INFO  handler.ContextHandler (ContextHandler.java:doStart(915)) - Started o.e.j.s.ServletContextHandler@13fda74e{static,/static,file:///home/runner/work/ozone/ozone/hadoop-ozone/integration-test/target/test-classes/webapps/static,AVAILABLE}
2022-03-04 02:16:17,694 [Listener at 0.0.0.0/35065] INFO  handler.ContextHandler (ContextHandler.java:doStart(915)) - Started o.e.j.w.WebAppContext@4f843511{scm,/,file:///home/runner/work/ozone/ozone/hadoop-ozone/integration-test/target/test-classes/webapps/scm/,AVAILABLE}{file:/home/runner/work/ozone/ozone/hadoop-ozone/integration-test/target/test-classes/webapps/scm}
2022-03-04 02:16:17,696 [Listener at 0.0.0.0/35065] INFO  server.AbstractConnector (AbstractConnector.java:doStart(331)) - Started ServerConnector@342b545a{HTTP/1.1, (http/1.1)}{0.0.0.0:44877}
2022-03-04 02:16:17,696 [Listener at 0.0.0.0/35065] INFO  server.Server (Server.java:doStart(415)) - Started @89315ms
2022-03-04 02:16:17,697 [Listener at 0.0.0.0/35065] WARN  impl.MetricsSystemImpl (MetricsSystemImpl.java:register(279)) - Sink prometheus already exists!
2022-03-04 02:16:17,699 [Listener at 0.0.0.0/35065] INFO  http.BaseHttpServer (BaseHttpServer.java:updateConnectorAddress(329)) - HTTP server of scm listening at http://0.0.0.0:44877
2022-03-04 02:16:17,707 [Listener at 0.0.0.0/35065] INFO  ozone.MiniOzoneHAClusterImpl (MiniOzoneHAClusterImpl.java:createSCMService(600)) - Started SCM RPC server at /0.0.0.0:35065
2022-03-04 02:16:17,709 [Listener at 0.0.0.0/35065] INFO  ha.SCMHANodeDetails (SCMHANodeDetails.java:loadSCMHAConfig(157)) - ServiceID for StorageContainerManager is scm-service-test1
2022-03-04 02:16:17,709 [Listener at 0.0.0.0/35065] INFO  ha.SCMHANodeDetails (SCMHANodeDetails.java:loadSCMHAConfig(168)) - ServiceID for StorageContainerManager is scm-service-test1
2022-03-04 02:16:17,709 [Listener at 0.0.0.0/35065] WARN  scm.ScmUtils (ScmUtils.java:logWarn(179)) - ConfigKey ozone.scm.block.client.address is deprecated, For configuring different ports for each SCM use PortConfigKey ozone.scm.block.client.port appended with serviceId and nodeId. If want to configure same port configure ozone.scm.block.client.port
2022-03-04 02:16:17,709 [Listener at 0.0.0.0/35065] WARN  scm.ScmUtils (ScmUtils.java:logWarn(179)) - ConfigKey ozone.scm.client.address is deprecated, For configuring different ports for each SCM use PortConfigKey ozone.scm.client.port appended with serviceId and nodeId. If want to configure same port configure ozone.scm.client.port
2022-03-04 02:16:17,710 [Listener at 0.0.0.0/35065] WARN  scm.ScmUtils (ScmUtils.java:logWarn(179)) - ConfigKey ozone.scm.datanode.address is deprecated, For configuring different ports for each SCM use PortConfigKey ozone.scm.datanode.port appended with serviceId and nodeId. If want to configure same port configure ozone.scm.datanode.port
2022-03-04 02:16:17,710 [Listener at 0.0.0.0/35065] WARN  scm.ScmUtils (ScmUtils.java:logWarn(179)) - ConfigKey ozone.scm.block.client.address is deprecated, For configuring different ports for each SCM use PortConfigKey ozone.scm.block.client.port appended with serviceId and nodeId. If want to configure same port configure ozone.scm.block.client.port
2022-03-04 02:16:17,710 [Listener at 0.0.0.0/35065] WARN  scm.ScmUtils (ScmUtils.java:logWarn(179)) - ConfigKey ozone.scm.client.address is deprecated, For configuring different ports for each SCM use PortConfigKey ozone.scm.client.port appended with serviceId and nodeId. If want to configure same port configure ozone.scm.client.port
2022-03-04 02:16:17,710 [Listener at 0.0.0.0/35065] WARN  scm.ScmUtils (ScmUtils.java:logWarn(179)) - ConfigKey ozone.scm.datanode.address is deprecated, For configuring different ports for each SCM use PortConfigKey ozone.scm.datanode.port appended with serviceId and nodeId. If want to configure same port configure ozone.scm.datanode.port
2022-03-04 02:16:17,710 [Listener at 0.0.0.0/35065] INFO  ha.SCMHANodeDetails (SCMHANodeDetails.java:loadSCMHAConfig(250)) - Found matching SCM address with SCMServiceId: scm-service-test1, SCMNodeId: scmNode-3, RPC Address: localhost:35405 and Ratis port: 35405
2022-03-04 02:16:17,710 [Listener at 0.0.0.0/35065] INFO  ha.SCMHANodeDetails (ConfUtils.java:setNodeSpecificConfigs(108)) - Setting configuration key ozone.scm.datanode.address with value of key ozone.scm.datanode.address.scm-service-test1.scmNode-3: 127.0.0.1:36193
2022-03-04 02:16:17,710 [Listener at 0.0.0.0/35065] INFO  ha.SCMHANodeDetails (ConfUtils.java:setNodeSpecificConfigs(108)) - Setting configuration key ozone.scm.block.client.address with value of key ozone.scm.block.client.address.scm-service-test1.scmNode-3: 127.0.0.1:43715
2022-03-04 02:16:17,710 [Listener at 0.0.0.0/35065] INFO  ha.SCMHANodeDetails (ConfUtils.java:setNodeSpecificConfigs(108)) - Setting configuration key ozone.scm.client.address with value of key ozone.scm.client.address.scm-service-test1.scmNode-3: 127.0.0.1:42319
2022-03-04 02:16:17,711 [Listener at 0.0.0.0/35065] INFO  ha.SCMHANodeDetails (ConfUtils.java:setNodeSpecificConfigs(108)) - Setting configuration key ozone.scm.ratis.port with value of key ozone.scm.ratis.port.scm-service-test1.scmNode-3: 35405
2022-03-04 02:16:17,711 [Listener at 0.0.0.0/35065] INFO  ha.SCMHANodeDetails (ConfUtils.java:setNodeSpecificConfigs(108)) - Setting configuration key ozone.scm.grpc.port with value of key ozone.scm.grpc.port.scm-service-test1.scmNode-3: 38293
2022-03-04 02:16:17,711 [Listener at 0.0.0.0/35065] INFO  ha.SCMHANodeDetails (ConfUtils.java:setNodeSpecificConfigs(108)) - Setting configuration key ozone.scm.http-address with value of key ozone.scm.http-address.scm-service-test1.scmNode-3: 127.0.0.1:42445
2022-03-04 02:16:17,711 [Listener at 0.0.0.0/35065] INFO  ha.SCMHANodeDetails (ConfUtils.java:setNodeSpecificConfigs(108)) - Setting configuration key ozone.scm.https-address with value of key ozone.scm.https-address.scm-service-test1.scmNode-3: 127.0.0.1:38871
2022-03-04 02:16:17,711 [Listener at 0.0.0.0/35065] INFO  ha.SCMHANodeDetails (ConfUtils.java:setNodeSpecificConfigs(108)) - Setting configuration key ozone.scm.address with value of key ozone.scm.address.scm-service-test1.scmNode-3: 127.0.0.1
2022-03-04 02:16:17,711 [Listener at 0.0.0.0/35065] WARN  scm.ScmUtils (ScmUtils.java:logWarn(179)) - ConfigKey ozone.scm.block.client.address is deprecated, For configuring different ports for each SCM use PortConfigKey ozone.scm.block.client.port appended with serviceId and nodeId. If want to configure same port configure ozone.scm.block.client.port
2022-03-04 02:16:17,711 [Listener at 0.0.0.0/35065] WARN  scm.ScmUtils (ScmUtils.java:logWarn(179)) - ConfigKey ozone.scm.client.address is deprecated, For configuring different ports for each SCM use PortConfigKey ozone.scm.client.port appended with serviceId and nodeId. If want to configure same port configure ozone.scm.client.port
2022-03-04 02:16:17,711 [Listener at 0.0.0.0/35065] WARN  scm.ScmUtils (ScmUtils.java:logWarn(179)) - ConfigKey ozone.scm.datanode.address is deprecated, For configuring different ports for each SCM use PortConfigKey ozone.scm.datanode.port appended with serviceId and nodeId. If want to configure same port configure ozone.scm.datanode.port
2022-03-04 02:16:17,712 [Listener at 0.0.0.0/35065] WARN  server.ServerUtils (ServerUtils.java:getScmDbDir(148)) - ozone.scm.db.dirs is not configured. We recommend adding this setting. Falling back to ozone.metadata.dirs instead.
2022-03-04 02:16:17,714 [Listener at 0.0.0.0/35065] INFO  ha.SCMNodeInfo (SCMNodeInfo.java:getPort(197)) - ConfigKey ozone.scm.client.address is deprecated, For configuring different ports for each SCM use PortConfigKey ozone.scm.client.port appended with serviceId and nodeId
2022-03-04 02:16:17,715 [Listener at 0.0.0.0/35065] INFO  ha.SCMNodeInfo (SCMNodeInfo.java:getPort(197)) - ConfigKey ozone.scm.block.client.address is deprecated, For configuring different ports for each SCM use PortConfigKey ozone.scm.block.client.port appended with serviceId and nodeId
2022-03-04 02:16:17,715 [Listener at 0.0.0.0/35065] INFO  ha.SCMNodeInfo (SCMNodeInfo.java:getPort(197)) - ConfigKey ozone.scm.datanode.address is deprecated, For configuring different ports for each SCM use PortConfigKey ozone.scm.datanode.port appended with serviceId and nodeId
2022-03-04 02:16:17,715 [Listener at 0.0.0.0/35065] INFO  ha.SCMNodeInfo (SCMNodeInfo.java:getPort(197)) - ConfigKey ozone.scm.client.address is deprecated, For configuring different ports for each SCM use PortConfigKey ozone.scm.client.port appended with serviceId and nodeId
2022-03-04 02:16:17,715 [Listener at 0.0.0.0/35065] INFO  ha.SCMNodeInfo (SCMNodeInfo.java:getPort(197)) - ConfigKey ozone.scm.block.client.address is deprecated, For configuring different ports for each SCM use PortConfigKey ozone.scm.block.client.port appended with serviceId and nodeId
2022-03-04 02:16:17,715 [Listener at 0.0.0.0/35065] INFO  ha.SCMNodeInfo (SCMNodeInfo.java:getPort(197)) - ConfigKey ozone.scm.datanode.address is deprecated, For configuring different ports for each SCM use PortConfigKey ozone.scm.datanode.port appended with serviceId and nodeId
2022-03-04 02:16:17,715 [Listener at 0.0.0.0/35065] INFO  ha.SCMNodeInfo (SCMNodeInfo.java:getPort(197)) - ConfigKey ozone.scm.client.address is deprecated, For configuring different ports for each SCM use PortConfigKey ozone.scm.client.port appended with serviceId and nodeId
2022-03-04 02:16:17,715 [Listener at 0.0.0.0/35065] INFO  ha.SCMNodeInfo (SCMNodeInfo.java:getPort(197)) - ConfigKey ozone.scm.block.client.address is deprecated, For configuring different ports for each SCM use PortConfigKey ozone.scm.block.client.port appended with serviceId and nodeId
2022-03-04 02:16:17,716 [Listener at 0.0.0.0/35065] INFO  ha.SCMNodeInfo (SCMNodeInfo.java:getPort(197)) - ConfigKey ozone.scm.datanode.address is deprecated, For configuring different ports for each SCM use PortConfigKey ozone.scm.datanode.port appended with serviceId and nodeId
2022-03-04 02:16:17,755 [Listener at 0.0.0.0/35065] INFO  server.StorageContainerManager (StorageContainerManager.java:scmBootstrap(1011)) - SCM BootStrap  is successful for ClusterID ba78f66b-c31d-4d73-90ed-a031934b8290, SCMID 83e3bef9-09fd-4715-b52c-ee2fa92c102d
2022-03-04 02:16:17,755 [Listener at 0.0.0.0/35065] INFO  server.StorageContainerManager (StorageContainerManager.java:scmBootstrap(1013)) - Primary SCM Node ID d06750ef-dff7-4786-ad4b-f6962696dc27
2022-03-04 02:16:17,755 [Listener at 0.0.0.0/35065] INFO  ha.SCMHANodeDetails (SCMHANodeDetails.java:loadSCMHAConfig(157)) - ServiceID for StorageContainerManager is scm-service-test1
2022-03-04 02:16:17,756 [Listener at 0.0.0.0/35065] INFO  ha.SCMHANodeDetails (SCMHANodeDetails.java:loadSCMHAConfig(168)) - ServiceID for StorageContainerManager is scm-service-test1
2022-03-04 02:16:17,756 [Listener at 0.0.0.0/35065] WARN  scm.ScmUtils (ScmUtils.java:logWarn(179)) - ConfigKey ozone.scm.block.client.address is deprecated, For configuring different ports for each SCM use PortConfigKey ozone.scm.block.client.port appended with serviceId and nodeId. If want to configure same port configure ozone.scm.block.client.port
2022-03-04 02:16:17,756 [Listener at 0.0.0.0/35065] WARN  scm.ScmUtils (ScmUtils.java:logWarn(179)) - ConfigKey ozone.scm.client.address is deprecated, For configuring different ports for each SCM use PortConfigKey ozone.scm.client.port appended with serviceId and nodeId. If want to configure same port configure ozone.scm.client.port
2022-03-04 02:16:17,756 [Listener at 0.0.0.0/35065] WARN  scm.ScmUtils (ScmUtils.java:logWarn(179)) - ConfigKey ozone.scm.datanode.address is deprecated, For configuring different ports for each SCM use PortConfigKey ozone.scm.datanode.port appended with serviceId and nodeId. If want to configure same port configure ozone.scm.datanode.port
2022-03-04 02:16:17,756 [Listener at 0.0.0.0/35065] WARN  scm.ScmUtils (ScmUtils.java:logWarn(179)) - ConfigKey ozone.scm.block.client.address is deprecated, For configuring different ports for each SCM use PortConfigKey ozone.scm.block.client.port appended with serviceId and nodeId. If want to configure same port configure ozone.scm.block.client.port
2022-03-04 02:16:17,756 [Listener at 0.0.0.0/35065] WARN  scm.ScmUtils (ScmUtils.java:logWarn(179)) - ConfigKey ozone.scm.client.address is deprecated, For configuring different ports for each SCM use PortConfigKey ozone.scm.client.port appended with serviceId and nodeId. If want to configure same port configure ozone.scm.client.port
2022-03-04 02:16:17,756 [Listener at 0.0.0.0/35065] WARN  scm.ScmUtils (ScmUtils.java:logWarn(179)) - ConfigKey ozone.scm.datanode.address is deprecated, For configuring different ports for each SCM use PortConfigKey ozone.scm.datanode.port appended with serviceId and nodeId. If want to configure same port configure ozone.scm.datanode.port
2022-03-04 02:16:17,757 [Listener at 0.0.0.0/35065] INFO  ha.SCMHANodeDetails (SCMHANodeDetails.java:loadSCMHAConfig(250)) - Found matching SCM address with SCMServiceId: scm-service-test1, SCMNodeId: scmNode-3, RPC Address: localhost:35405 and Ratis port: 35405
2022-03-04 02:16:17,757 [Listener at 0.0.0.0/35065] INFO  ha.SCMHANodeDetails (ConfUtils.java:setNodeSpecificConfigs(108)) - Setting configuration key ozone.scm.datanode.address with value of key ozone.scm.datanode.address.scm-service-test1.scmNode-3: 127.0.0.1:36193
2022-03-04 02:16:17,757 [Listener at 0.0.0.0/35065] INFO  ha.SCMHANodeDetails (ConfUtils.java:setNodeSpecificConfigs(108)) - Setting configuration key ozone.scm.block.client.address with value of key ozone.scm.block.client.address.scm-service-test1.scmNode-3: 127.0.0.1:43715
2022-03-04 02:16:17,757 [Listener at 0.0.0.0/35065] INFO  ha.SCMHANodeDetails (ConfUtils.java:setNodeSpecificConfigs(108)) - Setting configuration key ozone.scm.client.address with value of key ozone.scm.client.address.scm-service-test1.scmNode-3: 127.0.0.1:42319
2022-03-04 02:16:17,757 [Listener at 0.0.0.0/35065] INFO  ha.SCMHANodeDetails (ConfUtils.java:setNodeSpecificConfigs(108)) - Setting configuration key ozone.scm.ratis.port with value of key ozone.scm.ratis.port.scm-service-test1.scmNode-3: 35405
2022-03-04 02:16:17,757 [Listener at 0.0.0.0/35065] INFO  ha.SCMHANodeDetails (ConfUtils.java:setNodeSpecificConfigs(108)) - Setting configuration key ozone.scm.grpc.port with value of key ozone.scm.grpc.port.scm-service-test1.scmNode-3: 38293
2022-03-04 02:16:17,757 [Listener at 0.0.0.0/35065] INFO  ha.SCMHANodeDetails (ConfUtils.java:setNodeSpecificConfigs(108)) - Setting configuration key ozone.scm.http-address with value of key ozone.scm.http-address.scm-service-test1.scmNode-3: 127.0.0.1:42445
2022-03-04 02:16:17,757 [Listener at 0.0.0.0/35065] INFO  ha.SCMHANodeDetails (ConfUtils.java:setNodeSpecificConfigs(108)) - Setting configuration key ozone.scm.https-address with value of key ozone.scm.https-address.scm-service-test1.scmNode-3: 127.0.0.1:38871
2022-03-04 02:16:17,757 [Listener at 0.0.0.0/35065] INFO  ha.SCMHANodeDetails (ConfUtils.java:setNodeSpecificConfigs(108)) - Setting configuration key ozone.scm.address with value of key ozone.scm.address.scm-service-test1.scmNode-3: 127.0.0.1
2022-03-04 02:16:17,758 [Listener at 0.0.0.0/35065] WARN  scm.ScmUtils (ScmUtils.java:logWarn(179)) - ConfigKey ozone.scm.block.client.address is deprecated, For configuring different ports for each SCM use PortConfigKey ozone.scm.block.client.port appended with serviceId and nodeId. If want to configure same port configure ozone.scm.block.client.port
2022-03-04 02:16:17,758 [Listener at 0.0.0.0/35065] WARN  scm.ScmUtils (ScmUtils.java:logWarn(179)) - ConfigKey ozone.scm.client.address is deprecated, For configuring different ports for each SCM use PortConfigKey ozone.scm.client.port appended with serviceId and nodeId. If want to configure same port configure ozone.scm.client.port
2022-03-04 02:16:17,758 [Listener at 0.0.0.0/35065] WARN  scm.ScmUtils (ScmUtils.java:logWarn(179)) - ConfigKey ozone.scm.datanode.address is deprecated, For configuring different ports for each SCM use PortConfigKey ozone.scm.datanode.port appended with serviceId and nodeId. If want to configure same port configure ozone.scm.datanode.port
2022-03-04 02:16:17,759 [Listener at 0.0.0.0/35065] WARN  server.ServerUtils (ServerUtils.java:getScmDbDir(148)) - ozone.scm.db.dirs is not configured. We recommend adding this setting. Falling back to ozone.metadata.dirs instead.
2022-03-04 02:16:17,759 [Listener at 0.0.0.0/35065] INFO  upgrade.AbstractLayoutVersionManager (AbstractLayoutVersionManager.java:init(79)) - Initializing Layout version manager with metadata layout = SCM_HA (version = 2), software layout = SCM_HA (version = 2)
2022-03-04 02:16:17,882 [EndpointStateMachine task thread for /127.0.0.1:42427 - 0 ] INFO  ipc.Client (Client.java:handleConnectionFailure(977)) - Retrying connect to server: localhost/127.0.0.1:42427. Already tried 7 time(s); retry policy is RetryUpToMaximumCountWithFixedSleep(maxRetries=15, sleepTime=1000 MILLISECONDS)
2022-03-04 02:16:17,882 [EndpointStateMachine task thread for /127.0.0.1:42491 - 0 ] INFO  ipc.Client (Client.java:handleConnectionFailure(977)) - Retrying connect to server: localhost/127.0.0.1:42491. Already tried 7 time(s); retry policy is RetryUpToMaximumCountWithFixedSleep(maxRetries=15, sleepTime=1000 MILLISECONDS)
2022-03-04 02:16:17,882 [EndpointStateMachine task thread for /127.0.0.1:35517 - 0 ] INFO  ipc.Client (Client.java:handleConnectionFailure(977)) - Retrying connect to server: localhost/127.0.0.1:35517. Already tried 7 time(s); retry policy is RetryUpToMaximumCountWithFixedSleep(maxRetries=15, sleepTime=1000 MILLISECONDS)
2022-03-04 02:16:17,897 [Listener at 0.0.0.0/35065] INFO  reflections.Reflections (Reflections.java:scan(232)) - Reflections took 126 ms to scan 7 urls, producing 122 keys and 286 values 
2022-03-04 02:16:17,915 [Listener at 0.0.0.0/35065] WARN  utils.HAUtils (HAUtils.java:getMetaDir(342)) - ozone.scm.db.dirs is not configured. We recommend adding this setting. Falling back to ozone.metadata.dirs instead.
2022-03-04 02:16:17,915 [Listener at 0.0.0.0/35065] WARN  db.DBStoreBuilder (DBStoreBuilder.java:applyDBDefinition(145)) - ozone.scm.db.dirs is not configured. We recommend adding this setting. Falling back to ozone.metadata.dirs instead.
2022-03-04 02:16:18,072 [Listener at 0.0.0.0/35065] INFO  net.NodeSchemaLoader (NodeSchemaLoader.java:loadSchemaFromFile(129)) - Loading schema from [jar:file:/home/runner/.m2/repository/org/apache/ozone/hdds-common/1.3.0-SNAPSHOT/hdds-common-1.3.0-SNAPSHOT.jar!/network-topology-default.xml]
2022-03-04 02:16:18,073 [Listener at 0.0.0.0/35065] INFO  net.NodeSchemaLoader (NodeSchemaLoader.java:loadSchema(176)) - Loading network topology layer schema file
2022-03-04 02:16:18,093 [Listener at 0.0.0.0/35065] WARN  impl.MetricRegistriesImpl (MetricRegistriesImpl.java:addReporterRegistration(111)) - New reporters are added after registries were created. Some metrics will be missing from the reporter. Please add reporter before adding any new registry.
2022-03-04 02:16:18,093 [Listener at 0.0.0.0/35065] WARN  impl.MetricRegistriesImpl (MetricRegistriesImpl.java:addReporterRegistration(111)) - New reporters are added after registries were created. Some metrics will be missing from the reporter. Please add reporter before adding any new registry.
2022-03-04 02:16:18,094 [Listener at 0.0.0.0/35065] INFO  ha.SCMRatisServerImpl (SCMRatisServerImpl.java:<init>(87)) - starting Raft server for scm:83e3bef9-09fd-4715-b52c-ee2fa92c102d
2022-03-04 02:16:18,095 [Listener at 0.0.0.0/35065] INFO  server.RaftServer (ConfUtils.java:logGet(44)) - raft.rpc.type = GRPC (default)
2022-03-04 02:16:18,095 [Listener at 0.0.0.0/35065] INFO  grpc.GrpcFactory (GrpcFactory.java:checkPooledByteBufAllocatorUseCacheForAllThreads(48)) - PERFORMANCE WARNING: useCacheForAllThreads is true that may cause Netty to create a lot garbage objects and, as a result, trigger GC.
	It is recommended to disable useCacheForAllThreads by setting -Dorg.apache.ratis.thirdparty.io.netty.allocator.useCacheForAllThreads=false in command line.
2022-03-04 02:16:18,095 [Listener at 0.0.0.0/35065] INFO  grpc.GrpcConfigKeys (ConfUtils.java:logGet(44)) - raft.grpc.admin.port = -1 (default)
2022-03-04 02:16:18,096 [Listener at 0.0.0.0/35065] INFO  grpc.GrpcConfigKeys (ConfUtils.java:logGet(44)) - raft.grpc.server.port = 35405 (custom)
2022-03-04 02:16:18,096 [Listener at 0.0.0.0/35065] INFO  grpc.GrpcConfigKeys (ConfUtils.java:logGet(44)) - raft.grpc.client.port = -1 (default)
2022-03-04 02:16:18,096 [Listener at 0.0.0.0/35065] INFO  grpc.GrpcConfigKeys (ConfUtils.java:logGet(44)) - raft.grpc.server.port = 35405 (custom)
2022-03-04 02:16:18,096 [Listener at 0.0.0.0/35065] INFO  grpc.GrpcConfigKeys (ConfUtils.java:logGet(44)) - raft.grpc.server.port = 35405 (custom)
2022-03-04 02:16:18,096 [Listener at 0.0.0.0/35065] INFO  server.GrpcService (ConfUtils.java:logGet(44)) - raft.grpc.message.size.max = 32m (=33554432) (custom)
2022-03-04 02:16:18,096 [Listener at 0.0.0.0/35065] INFO  server.RaftServerConfigKeys (ConfUtils.java:logGet(44)) - raft.server.log.appender.buffer.byte-limit = 33554432 (custom)
2022-03-04 02:16:18,096 [Listener at 0.0.0.0/35065] INFO  server.GrpcService (ConfUtils.java:logGet(44)) - raft.grpc.flow.control.window = 1MB (=1048576) (default)
2022-03-04 02:16:18,096 [Listener at 0.0.0.0/35065] INFO  server.RaftServerConfigKeys (ConfUtils.java:logGet(44)) - raft.server.rpc.request.timeout = 30000ms (custom)
2022-03-04 02:16:18,100 [Listener at 0.0.0.0/35065] INFO  impl.DataStreamServerImpl (ConfUtils.java:logGet(44)) - raft.datastream.type = DISABLED (default)
2022-03-04 02:16:18,101 [Listener at 0.0.0.0/35065] INFO  server.RaftServerConfigKeys (ConfUtils.java:logGet(44)) - raft.server.rpc.slowness.timeout = 120000ms (custom)
2022-03-04 02:16:18,101 [Listener at 0.0.0.0/35065] INFO  server.RaftServerConfigKeys (ConfUtils.java:logGet(44)) - raft.server.leaderelection.leader.step-down.wait-time = 10s (default)
2022-03-04 02:16:18,101 [Listener at 0.0.0.0/35065] INFO  server.RaftServerConfigKeys (ConfUtils.java:logGet(44)) - raft.server.storage.dir = [/home/runner/work/ozone/ozone/hadoop-ozone/integration-test/target/test-dir/MiniOzoneClusterImpl-ba78f66b-c31d-4d73-90ed-a031934b8290/scmNode-3/scm-ha] (custom)
2022-03-04 02:16:18,111 [Listener at 0.0.0.0/35065] INFO  server.RaftServer (RaftServerProxy.java:addNew(95)) - 83e3bef9-09fd-4715-b52c-ee2fa92c102d: addNew group-A031934B8290:[] returns group-A031934B8290:java.util.concurrent.CompletableFuture@39a7bdd9[Not completed]
2022-03-04 02:16:18,111 [pool-314-thread-1] INFO  server.RaftServer$Division (RaftServerImpl.java:<init>(184)) - 83e3bef9-09fd-4715-b52c-ee2fa92c102d: new RaftServerImpl for group-A031934B8290:[] with SCMStateMachine:uninitialized
2022-03-04 02:16:18,113 [pool-314-thread-1] INFO  server.RaftServerConfigKeys (ConfUtils.java:logGet(44)) - raft.server.rpc.timeout.min = 5000ms (custom)
2022-03-04 02:16:18,113 [pool-314-thread-1] INFO  server.RaftServerConfigKeys (ConfUtils.java:logGet(44)) - raft.server.rpc.timeout.max = 5200ms (custom)
2022-03-04 02:16:18,113 [pool-314-thread-1] INFO  server.RaftServerConfigKeys (ConfUtils.java:logGet(44)) - raft.server.rpc.sleep.time = 25ms (default)
2022-03-04 02:16:18,113 [pool-314-thread-1] INFO  server.RaftServerConfigKeys (ConfUtils.java:logGet(44)) - raft.server.rpc.slowness.timeout = 120000ms (custom)
2022-03-04 02:16:18,113 [pool-314-thread-1] INFO  server.RaftServerConfigKeys (ConfUtils.java:logGet(44)) - raft.server.leaderelection.leader.step-down.wait-time = 10s (default)
2022-03-04 02:16:18,113 [pool-314-thread-1] INFO  server.RaftServerConfigKeys (ConfUtils.java:logGet(44)) - raft.server.sleep.deviation.threshold = 300ms (default)
2022-03-04 02:16:18,113 [pool-314-thread-1] INFO  server.RaftServerConfigKeys (ConfUtils.java:logGet(44)) - raft.server.log.appender.install.snapshot.enabled = false (custom)
2022-03-04 02:16:18,113 [pool-314-thread-1] INFO  server.RaftServer$Division (ServerState.java:<init>(105)) - 83e3bef9-09fd-4715-b52c-ee2fa92c102d@group-A031934B8290: ConfigurationManager, init=-1: [], old=null, confs=<EMPTY_MAP>
2022-03-04 02:16:18,113 [pool-314-thread-1] INFO  server.RaftServerConfigKeys (ConfUtils.java:logGet(44)) - raft.server.storage.dir = [/home/runner/work/ozone/ozone/hadoop-ozone/integration-test/target/test-dir/MiniOzoneClusterImpl-ba78f66b-c31d-4d73-90ed-a031934b8290/scmNode-3/scm-ha] (custom)
2022-03-04 02:16:18,113 [pool-314-thread-1] INFO  server.RaftServerConfigKeys (ConfUtils.java:logGet(44)) - raft.server.log.corruption.policy = EXCEPTION (default)
2022-03-04 02:16:18,113 [pool-314-thread-1] INFO  server.RaftServerConfigKeys (ConfUtils.java:logGet(44)) - raft.server.storage.free-space.min = 0MB (=0) (default)
2022-03-04 02:16:18,114 [pool-314-thread-1] INFO  storage.RaftStorageDirectory (RaftStorageDirectoryImpl.java:analyzeStorage(135)) - The storage directory /home/runner/work/ozone/ozone/hadoop-ozone/integration-test/target/test-dir/MiniOzoneClusterImpl-ba78f66b-c31d-4d73-90ed-a031934b8290/scmNode-3/scm-ha/ba78f66b-c31d-4d73-90ed-a031934b8290 does not exist. Creating ...
2022-03-04 02:16:18,116 [pool-314-thread-1] INFO  storage.RaftStorageDirectory (RaftStorageDirectoryImpl.java:tryLock(230)) - Lock on /home/runner/work/ozone/ozone/hadoop-ozone/integration-test/target/test-dir/MiniOzoneClusterImpl-ba78f66b-c31d-4d73-90ed-a031934b8290/scmNode-3/scm-ha/ba78f66b-c31d-4d73-90ed-a031934b8290/in_use.lock acquired by nodename 9067@fv-az184-471
2022-03-04 02:16:18,117 [pool-314-thread-1] INFO  storage.RaftStorage (RaftStorageImpl.java:format(89)) - Storage directory /home/runner/work/ozone/ozone/hadoop-ozone/integration-test/target/test-dir/MiniOzoneClusterImpl-ba78f66b-c31d-4d73-90ed-a031934b8290/scmNode-3/scm-ha/ba78f66b-c31d-4d73-90ed-a031934b8290 has been successfully formatted.
2022-03-04 02:16:18,118 [pool-314-thread-1] INFO  server.RaftServerConfigKeys (ConfUtils.java:logGet(44)) - raft.server.notification.no-leader.timeout = 60s (default)
2022-03-04 02:16:18,118 [pool-314-thread-1] INFO  server.RaftServerConfigKeys (ConfUtils.java:logGet(44)) - raft.server.log.use.memory = false (default)
2022-03-04 02:16:18,118 [pool-314-thread-1] INFO  server.RaftServerConfigKeys (ConfUtils.java:logGet(44)) - raft.server.log.purge.gap = 5 (custom)
2022-03-04 02:16:18,118 [pool-314-thread-1] INFO  server.RaftServerConfigKeys (ConfUtils.java:logGet(44)) - raft.server.log.appender.buffer.byte-limit = 33554432 (custom)
2022-03-04 02:16:18,118 [pool-314-thread-1] INFO  server.RaftServerConfigKeys (ConfUtils.java:logGet(44)) - raft.server.log.segment.size.max = 4194304 (custom)
2022-03-04 02:16:18,119 [pool-314-thread-1] INFO  server.RaftServerConfigKeys (ConfUtils.java:logGet(44)) - raft.server.log.segment.cache.num.max = 2 (custom)
2022-03-04 02:16:18,119 [pool-314-thread-1] INFO  server.RaftServerConfigKeys (ConfUtils.java:logGet(44)) - raft.server.log.segment.cache.size.max = 200MB (=209715200) (default)
2022-03-04 02:16:18,119 [pool-314-thread-1] INFO  segmented.SegmentedRaftLogWorker (SegmentedRaftLogWorker.java:<init>(182)) - new 83e3bef9-09fd-4715-b52c-ee2fa92c102d@group-A031934B8290-SegmentedRaftLogWorker for RaftStorageImpl:Storage Directory /home/runner/work/ozone/ozone/hadoop-ozone/integration-test/target/test-dir/MiniOzoneClusterImpl-ba78f66b-c31d-4d73-90ed-a031934b8290/scmNode-3/scm-ha/ba78f66b-c31d-4d73-90ed-a031934b8290
2022-03-04 02:16:18,119 [pool-314-thread-1] INFO  server.RaftServerConfigKeys (ConfUtils.java:logGet(44)) - raft.server.log.queue.byte-limit = 64MB (=67108864) (default)
2022-03-04 02:16:18,119 [pool-314-thread-1] INFO  server.RaftServerConfigKeys (ConfUtils.java:logGet(44)) - raft.server.log.queue.element-limit = 4096 (default)
2022-03-04 02:16:18,119 [pool-314-thread-1] INFO  server.RaftServerConfigKeys (ConfUtils.java:logGet(44)) - raft.server.log.segment.size.max = 4194304 (custom)
2022-03-04 02:16:18,119 [pool-314-thread-1] INFO  server.RaftServerConfigKeys (ConfUtils.java:logGet(44)) - raft.server.log.preallocated.size = 4194304 (custom)
2022-03-04 02:16:18,119 [pool-314-thread-1] INFO  server.RaftServerConfigKeys (ConfUtils.java:logGet(44)) - raft.server.log.force.sync.num = 128 (default)
2022-03-04 02:16:18,119 [pool-314-thread-1] INFO  server.RaftServerConfigKeys (ConfUtils.java:logGet(44)) - raft.server.log.statemachine.data.sync = true (default)
2022-03-04 02:16:18,119 [pool-314-thread-1] INFO  server.RaftServerConfigKeys (ConfUtils.java:logGet(44)) - raft.server.log.statemachine.data.sync.timeout = 10s (default)
2022-03-04 02:16:18,119 [pool-314-thread-1] INFO  server.RaftServerConfigKeys (ConfUtils.java:logGet(44)) - raft.server.log.statemachine.data.sync.timeout.retry = -1 (default)
2022-03-04 02:16:18,124 [pool-314-thread-1] INFO  server.RaftServerConfigKeys (ConfUtils.java:logGet(44)) - raft.server.log.write.buffer.size = 64KB (=65536) (default)
2022-03-04 02:16:18,125 [pool-314-thread-1] INFO  server.RaftServerConfigKeys (ConfUtils.java:logGet(44)) - raft.server.log.statemachine.data.caching.enabled = false (default)
2022-03-04 02:16:18,125 [pool-314-thread-1] INFO  segmented.SegmentedRaftLogWorker (SegmentedRaftLogWorker.java:lambda$new$0(133)) - 83e3bef9-09fd-4715-b52c-ee2fa92c102d@group-A031934B8290-SegmentedRaftLogWorker: flushIndex: setUnconditionally 0 -> -1
2022-03-04 02:16:18,125 [pool-314-thread-1] INFO  segmented.SegmentedRaftLogWorker (SegmentedRaftLogWorker.java:lambda$new$0(133)) - 83e3bef9-09fd-4715-b52c-ee2fa92c102d@group-A031934B8290-SegmentedRaftLogWorker: safeCacheEvictIndex: setUnconditionally 0 -> -1
2022-03-04 02:16:18,135 [pool-314-thread-1] INFO  server.RaftServerConfigKeys (ConfUtils.java:logGet(44)) - raft.server.snapshot.auto.trigger.enabled = true (custom)
2022-03-04 02:16:18,135 [pool-314-thread-1] INFO  server.RaftServerConfigKeys (ConfUtils.java:logGet(44)) - raft.server.snapshot.auto.trigger.threshold = 5 (custom)
2022-03-04 02:16:18,136 [pool-314-thread-1] INFO  server.RaftServerConfigKeys (ConfUtils.java:logGet(44)) - raft.server.snapshot.retention.file.num = -1 (default)
2022-03-04 02:16:18,136 [pool-314-thread-1] INFO  server.RaftServerConfigKeys (ConfUtils.java:logGet(44)) - raft.server.log.purge.upto.snapshot.index = true (custom)
2022-03-04 02:16:18,136 [pool-314-thread-1] INFO  server.RaftServerConfigKeys (ConfUtils.java:logGet(44)) - raft.server.retrycache.expirytime = 60000ms (default)
2022-03-04 02:16:18,136 [pool-314-thread-1] INFO  server.RaftServerConfigKeys (ConfUtils.java:logGet(44)) - raft.server.retrycache.statistics.expirytime = 100μs (default)
2022-03-04 02:16:18,137 [Listener at 0.0.0.0/35065] INFO  ha.SCMSnapshotProvider (SCMSnapshotProvider.java:<init>(66)) - Initializing SCM Snapshot Provider
2022-03-04 02:16:18,137 [Listener at 0.0.0.0/35065] WARN  server.ServerUtils (ServerUtils.java:getDefaultRatisDirectory(237)) - Storage directory for Ratis is not configured. It is a good idea to map this to an SSD disk. Falling back to ozone.metadata.dirs
2022-03-04 02:16:18,137 [Listener at 0.0.0.0/35065] WARN  ha.SCMHAUtils (SCMHAUtils.java:getSCMRatisSnapshotDirectory(151)) - SCM snapshot dir is not configured. Falling back to ozone.metadata.dirs config
2022-03-04 02:16:18,139 [Listener at 0.0.0.0/35065] INFO  ha.SequenceIdGenerator (SequenceIdGenerator.java:upgradeToSequenceId(347)) - upgrade localId to 109611004723200000
2022-03-04 02:16:18,139 [Listener at 0.0.0.0/35065] INFO  ha.SequenceIdGenerator (SequenceIdGenerator.java:upgradeToSequenceId(357)) - upgrade delTxnId to 0
2022-03-04 02:16:18,139 [Listener at 0.0.0.0/35065] INFO  ha.SequenceIdGenerator (SequenceIdGenerator.java:upgradeToSequenceId(371)) - upgrade containerId to 0
2022-03-04 02:16:18,139 [Listener at 0.0.0.0/35065] INFO  ha.SequenceIdGenerator (SequenceIdGenerator.java:<init>(218)) - Init the HA SequenceIdGenerator.
2022-03-04 02:16:18,140 [Listener at 0.0.0.0/35065] WARN  server.ServerUtils (ServerUtils.java:sanitizeUserArgs(73)) - ozone.scm.stale.node.interval value = 300000 is larger than max = 100000 based on the key value of ozone.scm.heartbeat.thread.interval, reset to the max value 100000.
2022-03-04 02:16:18,140 [Listener at 0.0.0.0/35065] WARN  server.ServerUtils (ServerUtils.java:sanitizeUserArgs(73)) - ozone.scm.stale.node.interval value = 300000 is larger than max = 100000 based on the key value of ozone.scm.heartbeat.thread.interval, reset to the max value 100000.
2022-03-04 02:16:18,145 [Listener at 0.0.0.0/35065] INFO  node.SCMNodeManager (SCMNodeManager.java:<init>(146)) - Entering startup safe mode.
2022-03-04 02:16:18,147 [Listener at 0.0.0.0/35065] INFO  algorithms.ContainerPlacementPolicyFactory (ContainerPlacementPolicyFactory.java:getPolicy(60)) - Create container placement policy of type org.apache.hadoop.hdds.scm.container.placement.algorithms.SCMContainerPlacementRandom
2022-03-04 02:16:18,147 [Listener at 0.0.0.0/35065] INFO  pipeline.PipelineStateManagerImpl (PipelineStateManagerImpl.java:initialize(78)) - No pipeline exists in current db
2022-03-04 02:16:18,147 [Listener at 0.0.0.0/35065] INFO  algorithms.LeaderChoosePolicyFactory (LeaderChoosePolicyFactory.java:getPolicy(57)) - Create leader choose policy of type org.apache.hadoop.hdds.scm.pipeline.leader.choose.algorithms.MinLeaderCountChoosePolicy
2022-03-04 02:16:18,147 [Listener at 0.0.0.0/35065] INFO  ha.SCMServiceManager (SCMServiceManager.java:register(42)) - Registering service BackgroundPipelineCreator.
2022-03-04 02:16:18,148 [Listener at 0.0.0.0/35065] INFO  pipeline.BackgroundPipelineCreator (BackgroundPipelineCreator.java:start(130)) - Starting RatisPipelineUtilsThread.
2022-03-04 02:16:18,156 [Listener at 0.0.0.0/35065] INFO  algorithms.PipelineChoosePolicyFactory (PipelineChoosePolicyFactory.java:createPipelineChoosePolicyFromClass(73)) - Create pipeline choose policy of type org.apache.hadoop.hdds.scm.pipeline.choose.algorithms.RandomPipelineChoosePolicy
2022-03-04 02:16:18,157 [Listener at 0.0.0.0/35065] INFO  ha.SCMServiceManager (SCMServiceManager.java:register(42)) - Registering service SCMBlockDeletingService.
2022-03-04 02:16:18,157 [Listener at 0.0.0.0/35065] INFO  ha.SCMServiceManager (SCMServiceManager.java:register(42)) - Registering service ReplicationManager.
2022-03-04 02:16:18,157 [Listener at 0.0.0.0/35065] INFO  container.ReplicationManager (ReplicationManager.java:start(326)) - Starting Replication Monitor Thread.
2022-03-04 02:16:18,180 [Listener at 0.0.0.0/35065] INFO  safemode.ContainerSafeModeRule (ContainerSafeModeRule.java:<init>(89)) - containers with one replica threshold count 0
2022-03-04 02:16:18,180 [ReplicationMonitor] INFO  container.ReplicationManager (ReplicationManager.java:processAll(374)) - Replication Manager is not ready to run until 3000ms after safemode exit
2022-03-04 02:16:18,180 [Listener at 0.0.0.0/35065] INFO  safemode.HealthyPipelineSafeModeRule (HealthyPipelineSafeModeRule.java:initializeRule(156)) - Total pipeline count is 0, healthy pipeline threshold count is 1
2022-03-04 02:16:18,181 [Listener at 0.0.0.0/35065] INFO  safemode.OneReplicaPipelineSafeModeRule (OneReplicaPipelineSafeModeRule.java:initializeRule(180)) - Total pipeline count is 0, pipeline's with at least one datanode reported threshold count is 0
2022-03-04 02:16:18,191 [Listener at 0.0.0.0/35065] INFO  ipc.CallQueueManager (CallQueueManager.java:<init>(90)) - Using callQueue: class java.util.concurrent.LinkedBlockingQueue, queueCapacity: 2000, scheduler: class org.apache.hadoop.ipc.DefaultRpcScheduler, ipcBackoff: false.
2022-03-04 02:16:18,192 [Socket Reader #1 for port 36193] INFO  ipc.Server (Server.java:run(1265)) - Starting Socket Reader #1 for port 36193
2022-03-04 02:16:18,194 [Listener at 0.0.0.0/36193] INFO  ipc.CallQueueManager (CallQueueManager.java:<init>(90)) - Using callQueue: class java.util.concurrent.LinkedBlockingQueue, queueCapacity: 2000, scheduler: class org.apache.hadoop.ipc.DefaultRpcScheduler, ipcBackoff: false.
2022-03-04 02:16:18,199 [Socket Reader #1 for port 43715] INFO  ipc.Server (Server.java:run(1265)) - Starting Socket Reader #1 for port 43715
2022-03-04 02:16:18,206 [Listener at 0.0.0.0/43715] INFO  ipc.CallQueueManager (CallQueueManager.java:<init>(90)) - Using callQueue: class java.util.concurrent.LinkedBlockingQueue, queueCapacity: 2000, scheduler: class org.apache.hadoop.ipc.DefaultRpcScheduler, ipcBackoff: false.
2022-03-04 02:16:18,219 [Socket Reader #1 for port 42319] INFO  ipc.Server (Server.java:run(1265)) - Starting Socket Reader #1 for port 42319
2022-03-04 02:16:18,265 [Listener at 0.0.0.0/42319] INFO  server.StorageContainerManager (StorageContainerManager.java:<init>(389)) - 
Container Balancer status:
Key                            Value
Running                        false
Container Balancer Configuration values:
Key                                                Value
Threshold                                          10
Max Datanodes to Involve per Iteration(percent)    20
Max Size to Move per Iteration                     500GB
Max Size Entering Target per Iteration             26GB
Max Size Leaving Source per Iteration              26GB

2022-03-04 02:16:18,268 [Listener at 0.0.0.0/42319] WARN  events.EventQueue (EventQueue.java:fireEvent(194)) - No event handler registered for event TypedEvent{payloadType=SafeModeStatus, name='Safe mode status'}
2022-03-04 02:16:18,268 [Listener at 0.0.0.0/42319] INFO  ha.SCMContext (SCMContext.java:updateSafeModeStatus(211)) - Update SafeModeStatus from SafeModeStatus{safeModeStatus=true, preCheckPassed=false} to SafeModeStatus{safeModeStatus=true, preCheckPassed=false}.
2022-03-04 02:16:18,269 [Listener at 0.0.0.0/42319] INFO  ozone.MiniOzoneHAClusterImpl (MiniOzoneHAClusterImpl.java:createSCMService(604)) - Intialized SCM at /0.0.0.0:42319. This SCM is currently inactive (not running).
2022-03-04 02:16:18,269 [Listener at 0.0.0.0/42319] INFO  ha.OMHANodeDetails (OMHANodeDetails.java:loadOMHAConfig(118)) - ServiceID for OzoneManager is om-service-test1
2022-03-04 02:16:18,270 [Listener at 0.0.0.0/42319] INFO  ha.OMHANodeDetails (OMHANodeDetails.java:loadOMHAConfig(193)) - Found matching OM address with OMServiceId: om-service-test1, OMNodeId: omNode-1, RPC Address: localhost:44533 and Ratis port: 34329
2022-03-04 02:16:18,270 [Listener at 0.0.0.0/42319] INFO  ha.OMHANodeDetails (ConfUtils.java:setNodeSpecificConfigs(108)) - Setting configuration key ozone.om.http-address with value of key ozone.om.http-address.om-service-test1.omNode-1: 127.0.0.1:32855
2022-03-04 02:16:18,270 [Listener at 0.0.0.0/42319] INFO  ha.OMHANodeDetails (ConfUtils.java:setNodeSpecificConfigs(108)) - Setting configuration key ozone.om.https-address with value of key ozone.om.https-address.om-service-test1.omNode-1: 127.0.0.1:45513
2022-03-04 02:16:18,270 [Listener at 0.0.0.0/42319] INFO  ha.OMHANodeDetails (ConfUtils.java:setNodeSpecificConfigs(108)) - Setting configuration key ozone.om.address with value of key ozone.om.address.om-service-test1.omNode-1: 127.0.0.1:44533
2022-03-04 02:16:18,270 [Listener at 0.0.0.0/42319] WARN  server.ServerUtils (ServerUtils.java:getDBPath(225)) - ozone.om.db.dirs is not configured. We recommend adding this setting. Falling back to ozone.metadata.dirs instead.
2022-03-04 02:16:18,287 [Listener at 0.0.0.0/42319] INFO  ha.SCMNodeInfo (SCMNodeInfo.java:getPort(197)) - ConfigKey ozone.scm.client.address is deprecated, For configuring different ports for each SCM use PortConfigKey ozone.scm.client.port appended with serviceId and nodeId
2022-03-04 02:16:18,288 [Listener at 0.0.0.0/42319] INFO  ha.SCMNodeInfo (SCMNodeInfo.java:getPort(197)) - ConfigKey ozone.scm.block.client.address is deprecated, For configuring different ports for each SCM use PortConfigKey ozone.scm.block.client.port appended with serviceId and nodeId
2022-03-04 02:16:18,288 [Listener at 0.0.0.0/42319] INFO  ha.SCMNodeInfo (SCMNodeInfo.java:getPort(197)) - ConfigKey ozone.scm.datanode.address is deprecated, For configuring different ports for each SCM use PortConfigKey ozone.scm.datanode.port appended with serviceId and nodeId
2022-03-04 02:16:18,288 [Listener at 0.0.0.0/42319] INFO  ha.SCMNodeInfo (SCMNodeInfo.java:getPort(197)) - ConfigKey ozone.scm.client.address is deprecated, For configuring different ports for each SCM use PortConfigKey ozone.scm.client.port appended with serviceId and nodeId
2022-03-04 02:16:18,288 [Listener at 0.0.0.0/42319] INFO  ha.SCMNodeInfo (SCMNodeInfo.java:getPort(197)) - ConfigKey ozone.scm.block.client.address is deprecated, For configuring different ports for each SCM use PortConfigKey ozone.scm.block.client.port appended with serviceId and nodeId
2022-03-04 02:16:18,288 [Listener at 0.0.0.0/42319] INFO  ha.SCMNodeInfo (SCMNodeInfo.java:getPort(197)) - ConfigKey ozone.scm.datanode.address is deprecated, For configuring different ports for each SCM use PortConfigKey ozone.scm.datanode.port appended with serviceId and nodeId
2022-03-04 02:16:18,288 [Listener at 0.0.0.0/42319] INFO  ha.SCMNodeInfo (SCMNodeInfo.java:getPort(197)) - ConfigKey ozone.scm.client.address is deprecated, For configuring different ports for each SCM use PortConfigKey ozone.scm.client.port appended with serviceId and nodeId
2022-03-04 02:16:18,288 [Listener at 0.0.0.0/42319] INFO  ha.SCMNodeInfo (SCMNodeInfo.java:getPort(197)) - ConfigKey ozone.scm.block.client.address is deprecated, For configuring different ports for each SCM use PortConfigKey ozone.scm.block.client.port appended with serviceId and nodeId
2022-03-04 02:16:18,288 [Listener at 0.0.0.0/42319] INFO  ha.SCMNodeInfo (SCMNodeInfo.java:getPort(197)) - ConfigKey ozone.scm.datanode.address is deprecated, For configuring different ports for each SCM use PortConfigKey ozone.scm.datanode.port appended with serviceId and nodeId
OM initialization succeeded.Current cluster id for sd=/home/runner/work/ozone/ozone/hadoop-ozone/integration-test/target/test-dir/MiniOzoneClusterImpl-ba78f66b-c31d-4d73-90ed-a031934b8290/omNode-1/om;cid=ba78f66b-c31d-4d73-90ed-a031934b8290;layoutVersion=0
2022-03-04 02:16:18,304 [Listener at 0.0.0.0/42319] INFO  ha.OMHANodeDetails (OMHANodeDetails.java:loadOMHAConfig(118)) - ServiceID for OzoneManager is om-service-test1
2022-03-04 02:16:18,305 [Listener at 0.0.0.0/42319] INFO  ha.OMHANodeDetails (OMHANodeDetails.java:loadOMHAConfig(193)) - Found matching OM address with OMServiceId: om-service-test1, OMNodeId: omNode-1, RPC Address: localhost:44533 and Ratis port: 34329
2022-03-04 02:16:18,305 [Listener at 0.0.0.0/42319] INFO  ha.OMHANodeDetails (ConfUtils.java:setNodeSpecificConfigs(108)) - Setting configuration key ozone.om.http-address with value of key ozone.om.http-address.om-service-test1.omNode-1: 127.0.0.1:32855
2022-03-04 02:16:18,305 [Listener at 0.0.0.0/42319] INFO  ha.OMHANodeDetails (ConfUtils.java:setNodeSpecificConfigs(108)) - Setting configuration key ozone.om.https-address with value of key ozone.om.https-address.om-service-test1.omNode-1: 127.0.0.1:45513
2022-03-04 02:16:18,305 [Listener at 0.0.0.0/42319] INFO  ha.OMHANodeDetails (ConfUtils.java:setNodeSpecificConfigs(108)) - Setting configuration key ozone.om.address with value of key ozone.om.address.om-service-test1.omNode-1: 127.0.0.1:44533
2022-03-04 02:16:18,305 [Listener at 0.0.0.0/42319] WARN  server.ServerUtils (ServerUtils.java:getDBPath(225)) - ozone.om.db.dirs is not configured. We recommend adding this setting. Falling back to ozone.metadata.dirs instead.
2022-03-04 02:16:18,306 [Listener at 0.0.0.0/42319] INFO  upgrade.AbstractLayoutVersionManager (AbstractLayoutVersionManager.java:init(79)) - Initializing Layout version manager with metadata layout = INITIAL_VERSION (version = 0), software layout = INITIAL_VERSION (version = 0)
2022-03-04 02:16:18,382 [Listener at 0.0.0.0/42319] INFO  reflections.Reflections (Reflections.java:scan(232)) - Reflections took 76 ms to scan 2 urls, producing 134 keys and 349 values [using 2 cores]
2022-03-04 02:16:18,383 [Listener at 0.0.0.0/42319] INFO  upgrade.OMLayoutVersionManager (OMLayoutVersionManager.java:lambda$0(115)) - Skipping Upgrade Action MockOmUpgradeAction since it has been finalized.
2022-03-04 02:16:18,383 [Listener at 0.0.0.0/42319] WARN  server.ServerUtils (ServerUtils.java:getDBPath(225)) - ozone.om.db.dirs is not configured. We recommend adding this setting. Falling back to ozone.metadata.dirs instead.
2022-03-04 02:16:18,383 [Listener at 0.0.0.0/42319] INFO  ha.SCMNodeInfo (SCMNodeInfo.java:getPort(197)) - ConfigKey ozone.scm.client.address is deprecated, For configuring different ports for each SCM use PortConfigKey ozone.scm.client.port appended with serviceId and nodeId
2022-03-04 02:16:18,383 [Listener at 0.0.0.0/42319] INFO  ha.SCMNodeInfo (SCMNodeInfo.java:getPort(197)) - ConfigKey ozone.scm.block.client.address is deprecated, For configuring different ports for each SCM use PortConfigKey ozone.scm.block.client.port appended with serviceId and nodeId
2022-03-04 02:16:18,384 [Listener at 0.0.0.0/42319] INFO  ha.SCMNodeInfo (SCMNodeInfo.java:getPort(197)) - ConfigKey ozone.scm.datanode.address is deprecated, For configuring different ports for each SCM use PortConfigKey ozone.scm.datanode.port appended with serviceId and nodeId
2022-03-04 02:16:18,384 [Listener at 0.0.0.0/42319] INFO  ha.SCMNodeInfo (SCMNodeInfo.java:getPort(197)) - ConfigKey ozone.scm.client.address is deprecated, For configuring different ports for each SCM use PortConfigKey ozone.scm.client.port appended with serviceId and nodeId
2022-03-04 02:16:18,384 [Listener at 0.0.0.0/42319] INFO  ha.SCMNodeInfo (SCMNodeInfo.java:getPort(197)) - ConfigKey ozone.scm.block.client.address is deprecated, For configuring different ports for each SCM use PortConfigKey ozone.scm.block.client.port appended with serviceId and nodeId
2022-03-04 02:16:18,384 [Listener at 0.0.0.0/42319] INFO  ha.SCMNodeInfo (SCMNodeInfo.java:getPort(197)) - ConfigKey ozone.scm.datanode.address is deprecated, For configuring different ports for each SCM use PortConfigKey ozone.scm.datanode.port appended with serviceId and nodeId
2022-03-04 02:16:18,384 [Listener at 0.0.0.0/42319] INFO  ha.SCMNodeInfo (SCMNodeInfo.java:getPort(197)) - ConfigKey ozone.scm.client.address is deprecated, For configuring different ports for each SCM use PortConfigKey ozone.scm.client.port appended with serviceId and nodeId
2022-03-04 02:16:18,384 [Listener at 0.0.0.0/42319] INFO  ha.SCMNodeInfo (SCMNodeInfo.java:getPort(197)) - ConfigKey ozone.scm.block.client.address is deprecated, For configuring different ports for each SCM use PortConfigKey ozone.scm.block.client.port appended with serviceId and nodeId
2022-03-04 02:16:18,385 [Listener at 0.0.0.0/42319] INFO  ha.SCMNodeInfo (SCMNodeInfo.java:getPort(197)) - ConfigKey ozone.scm.datanode.address is deprecated, For configuring different ports for each SCM use PortConfigKey ozone.scm.datanode.port appended with serviceId and nodeId
2022-03-04 02:16:18,385 [Listener at 0.0.0.0/42319] INFO  ha.SCMNodeInfo (SCMNodeInfo.java:getPort(197)) - ConfigKey ozone.scm.client.address is deprecated, For configuring different ports for each SCM use PortConfigKey ozone.scm.client.port appended with serviceId and nodeId
2022-03-04 02:16:18,385 [Listener at 0.0.0.0/42319] INFO  ha.SCMNodeInfo (SCMNodeInfo.java:getPort(197)) - ConfigKey ozone.scm.block.client.address is deprecated, For configuring different ports for each SCM use PortConfigKey ozone.scm.block.client.port appended with serviceId and nodeId
2022-03-04 02:16:18,385 [Listener at 0.0.0.0/42319] INFO  ha.SCMNodeInfo (SCMNodeInfo.java:getPort(197)) - ConfigKey ozone.scm.datanode.address is deprecated, For configuring different ports for each SCM use PortConfigKey ozone.scm.datanode.port appended with serviceId and nodeId
2022-03-04 02:16:18,385 [Listener at 0.0.0.0/42319] INFO  ha.SCMNodeInfo (SCMNodeInfo.java:getPort(197)) - ConfigKey ozone.scm.client.address is deprecated, For configuring different ports for each SCM use PortConfigKey ozone.scm.client.port appended with serviceId and nodeId
2022-03-04 02:16:18,385 [Listener at 0.0.0.0/42319] INFO  ha.SCMNodeInfo (SCMNodeInfo.java:getPort(197)) - ConfigKey ozone.scm.block.client.address is deprecated, For configuring different ports for each SCM use PortConfigKey ozone.scm.block.client.port appended with serviceId and nodeId
2022-03-04 02:16:18,386 [Listener at 0.0.0.0/42319] INFO  ha.SCMNodeInfo (SCMNodeInfo.java:getPort(197)) - ConfigKey ozone.scm.datanode.address is deprecated, For configuring different ports for each SCM use PortConfigKey ozone.scm.datanode.port appended with serviceId and nodeId
2022-03-04 02:16:18,386 [Listener at 0.0.0.0/42319] INFO  ha.SCMNodeInfo (SCMNodeInfo.java:getPort(197)) - ConfigKey ozone.scm.client.address is deprecated, For configuring different ports for each SCM use PortConfigKey ozone.scm.client.port appended with serviceId and nodeId
2022-03-04 02:16:18,386 [Listener at 0.0.0.0/42319] INFO  ha.SCMNodeInfo (SCMNodeInfo.java:getPort(197)) - ConfigKey ozone.scm.block.client.address is deprecated, For configuring different ports for each SCM use PortConfigKey ozone.scm.block.client.port appended with serviceId and nodeId
2022-03-04 02:16:18,386 [Listener at 0.0.0.0/42319] INFO  ha.SCMNodeInfo (SCMNodeInfo.java:getPort(197)) - ConfigKey ozone.scm.datanode.address is deprecated, For configuring different ports for each SCM use PortConfigKey ozone.scm.datanode.port appended with serviceId and nodeId
2022-03-04 02:16:18,387 [Listener at 0.0.0.0/42319] INFO  ha.SCMNodeInfo (SCMNodeInfo.java:getPort(197)) - ConfigKey ozone.scm.client.address is deprecated, For configuring different ports for each SCM use PortConfigKey ozone.scm.client.port appended with serviceId and nodeId
2022-03-04 02:16:18,387 [Listener at 0.0.0.0/42319] INFO  ha.SCMNodeInfo (SCMNodeInfo.java:getPort(197)) - ConfigKey ozone.scm.block.client.address is deprecated, For configuring different ports for each SCM use PortConfigKey ozone.scm.block.client.port appended with serviceId and nodeId
2022-03-04 02:16:18,387 [Listener at 0.0.0.0/42319] INFO  ha.SCMNodeInfo (SCMNodeInfo.java:getPort(197)) - ConfigKey ozone.scm.datanode.address is deprecated, For configuring different ports for each SCM use PortConfigKey ozone.scm.datanode.port appended with serviceId and nodeId
2022-03-04 02:16:18,387 [Listener at 0.0.0.0/42319] INFO  ha.SCMNodeInfo (SCMNodeInfo.java:getPort(197)) - ConfigKey ozone.scm.client.address is deprecated, For configuring different ports for each SCM use PortConfigKey ozone.scm.client.port appended with serviceId and nodeId
2022-03-04 02:16:18,387 [Listener at 0.0.0.0/42319] INFO  ha.SCMNodeInfo (SCMNodeInfo.java:getPort(197)) - ConfigKey ozone.scm.block.client.address is deprecated, For configuring different ports for each SCM use PortConfigKey ozone.scm.block.client.port appended with serviceId and nodeId
2022-03-04 02:16:18,388 [Listener at 0.0.0.0/42319] INFO  ha.SCMNodeInfo (SCMNodeInfo.java:getPort(197)) - ConfigKey ozone.scm.datanode.address is deprecated, For configuring different ports for each SCM use PortConfigKey ozone.scm.datanode.port appended with serviceId and nodeId
2022-03-04 02:16:18,388 [Listener at 0.0.0.0/42319] INFO  ha.SCMNodeInfo (SCMNodeInfo.java:getPort(197)) - ConfigKey ozone.scm.client.address is deprecated, For configuring different ports for each SCM use PortConfigKey ozone.scm.client.port appended with serviceId and nodeId
2022-03-04 02:16:18,388 [Listener at 0.0.0.0/42319] INFO  ha.SCMNodeInfo (SCMNodeInfo.java:getPort(197)) - ConfigKey ozone.scm.block.client.address is deprecated, For configuring different ports for each SCM use PortConfigKey ozone.scm.block.client.port appended with serviceId and nodeId
2022-03-04 02:16:18,388 [Listener at 0.0.0.0/42319] INFO  ha.SCMNodeInfo (SCMNodeInfo.java:getPort(197)) - ConfigKey ozone.scm.datanode.address is deprecated, For configuring different ports for each SCM use PortConfigKey ozone.scm.datanode.port appended with serviceId and nodeId
2022-03-04 02:16:18,400 [Listener at 0.0.0.0/42319] WARN  server.ServerUtils (ServerUtils.java:getDBPath(225)) - ozone.om.db.dirs is not configured. We recommend adding this setting. Falling back to ozone.metadata.dirs instead.
2022-03-04 02:16:18,401 [Listener at 0.0.0.0/42319] INFO  codec.OmKeyInfoCodec (OmKeyInfoCodec.java:<init>(50)) - OmKeyInfoCodec ignorePipeline = true
2022-03-04 02:16:18,401 [Listener at 0.0.0.0/42319] INFO  codec.RepeatedOmKeyInfoCodec (RepeatedOmKeyInfoCodec.java:<init>(42)) - RepeatedOmKeyInfoCodec ignorePipeline = true
2022-03-04 02:16:18,596 [Listener at 0.0.0.0/42319] INFO  om.OzoneManager (OzoneManager.java:addS3GVolumeToDB(3733)) - Created Volume s3v With Owner runner required for S3Gateway operations.
2022-03-04 02:16:18,597 [Listener at 0.0.0.0/42319] WARN  server.ServerUtils (ServerUtils.java:getDefaultRatisDirectory(237)) - Storage directory for Ratis is not configured. It is a good idea to map this to an SSD disk. Falling back to ozone.metadata.dirs
2022-03-04 02:16:18,597 [Listener at 0.0.0.0/42319] WARN  utils.OzoneManagerRatisUtils (OzoneManagerRatisUtils.java:getOMRatisSnapshotDirectory(330)) - ozone.om.ratis.snapshot.dir is not configured. Falling back to ozone.metadata.dirs config
2022-03-04 02:16:18,597 [Listener at 0.0.0.0/42319] WARN  impl.MetricRegistriesImpl (MetricRegistriesImpl.java:addReporterRegistration(111)) - New reporters are added after registries were created. Some metrics will be missing from the reporter. Please add reporter before adding any new registry.
2022-03-04 02:16:18,598 [Listener at 0.0.0.0/42319] WARN  impl.MetricRegistriesImpl (MetricRegistriesImpl.java:addReporterRegistration(111)) - New reporters are added after registries were created. Some metrics will be missing from the reporter. Please add reporter before adding any new registry.
2022-03-04 02:16:18,598 [Listener at 0.0.0.0/42319] WARN  server.ServerUtils (ServerUtils.java:getDefaultRatisDirectory(237)) - Storage directory for Ratis is not configured. It is a good idea to map this to an SSD disk. Falling back to ozone.metadata.dirs
2022-03-04 02:16:18,599 [Listener at 0.0.0.0/42319] INFO  ratis.OzoneManagerRatisServer (OzoneManagerRatisServer.java:<init>(159)) - Instantiating OM Ratis server with groupID: om-service-test1 and peers: localhost:34329
2022-03-04 02:16:18,600 [Listener at 0.0.0.0/42319] INFO  ratis.OzoneManagerStateMachine (OzoneManagerStateMachine.java:loadSnapshotInfoFromDB(605)) - LastAppliedIndex is set from TransactionInfo from OM DB as (t:0, i:~)
2022-03-04 02:16:18,612 [Listener at 0.0.0.0/42319] INFO  server.RaftServer (ConfUtils.java:logGet(44)) - raft.rpc.type = GRPC (default)
2022-03-04 02:16:18,612 [Listener at 0.0.0.0/42319] INFO  grpc.GrpcFactory (GrpcFactory.java:checkPooledByteBufAllocatorUseCacheForAllThreads(48)) - PERFORMANCE WARNING: useCacheForAllThreads is true that may cause Netty to create a lot garbage objects and, as a result, trigger GC.
	It is recommended to disable useCacheForAllThreads by setting -Dorg.apache.ratis.thirdparty.io.netty.allocator.useCacheForAllThreads=false in command line.
2022-03-04 02:16:18,613 [Listener at 0.0.0.0/42319] INFO  grpc.GrpcConfigKeys (ConfUtils.java:logGet(44)) - raft.grpc.admin.port = -1 (default)
2022-03-04 02:16:18,613 [Listener at 0.0.0.0/42319] INFO  grpc.GrpcConfigKeys (ConfUtils.java:logGet(44)) - raft.grpc.server.port = 34329 (custom)
2022-03-04 02:16:18,613 [Listener at 0.0.0.0/42319] INFO  grpc.GrpcConfigKeys (ConfUtils.java:logGet(44)) - raft.grpc.client.port = -1 (default)
2022-03-04 02:16:18,613 [Listener at 0.0.0.0/42319] INFO  grpc.GrpcConfigKeys (ConfUtils.java:logGet(44)) - raft.grpc.server.port = 34329 (custom)
2022-03-04 02:16:18,613 [Listener at 0.0.0.0/42319] INFO  grpc.GrpcConfigKeys (ConfUtils.java:logGet(44)) - raft.grpc.server.port = 34329 (custom)
2022-03-04 02:16:18,613 [Listener at 0.0.0.0/42319] INFO  server.GrpcService (ConfUtils.java:logGet(44)) - raft.grpc.message.size.max = 33554432 (custom)
2022-03-04 02:16:18,613 [Listener at 0.0.0.0/42319] INFO  server.RaftServerConfigKeys (ConfUtils.java:logGet(44)) - raft.server.log.appender.buffer.byte-limit = 33554432 (custom)
2022-03-04 02:16:18,614 [Listener at 0.0.0.0/42319] INFO  server.GrpcService (ConfUtils.java:logGet(44)) - raft.grpc.flow.control.window = 1MB (=1048576) (default)
2022-03-04 02:16:18,614 [Listener at 0.0.0.0/42319] INFO  server.RaftServerConfigKeys (ConfUtils.java:logGet(44)) - raft.server.rpc.request.timeout = 3000ms (default)
2022-03-04 02:16:18,615 [Listener at 0.0.0.0/42319] INFO  impl.DataStreamServerImpl (ConfUtils.java:logGet(44)) - raft.datastream.type = DISABLED (default)
2022-03-04 02:16:18,619 [Listener at 0.0.0.0/42319] INFO  server.RaftServerConfigKeys (ConfUtils.java:logGet(44)) - raft.server.rpc.slowness.timeout = 2s (custom)
2022-03-04 02:16:18,620 [Listener at 0.0.0.0/42319] INFO  server.RaftServerConfigKeys (ConfUtils.java:logGet(44)) - raft.server.leaderelection.leader.step-down.wait-time = 10s (default)
2022-03-04 02:16:18,620 [Listener at 0.0.0.0/42319] INFO  server.RaftServerConfigKeys (ConfUtils.java:logGet(44)) - raft.server.storage.dir = [/home/runner/work/ozone/ozone/hadoop-ozone/integration-test/target/test-dir/MiniOzoneClusterImpl-ba78f66b-c31d-4d73-90ed-a031934b8290/omNode-1/ratis] (custom)
2022-03-04 02:16:18,632 [Listener at 0.0.0.0/42319] INFO  server.RaftServer (RaftServerProxy.java:addNew(95)) - omNode-1: addNew group-523986131536:[omNode-1|rpc:localhost:34329|priority:0] returns group-523986131536:java.util.concurrent.CompletableFuture@1a70d5df[Not completed]
2022-03-04 02:16:18,632 [Listener at 0.0.0.0/42319] INFO  om.OzoneManager (OzoneManager.java:initializeRatisServer(1834)) - OzoneManager Ratis server initialized at port 34329
2022-03-04 02:16:18,633 [Listener at 0.0.0.0/42319] INFO  ipc.CallQueueManager (CallQueueManager.java:<init>(90)) - Using callQueue: class java.util.concurrent.LinkedBlockingQueue, queueCapacity: 2000, scheduler: class org.apache.hadoop.ipc.DefaultRpcScheduler, ipcBackoff: false.
2022-03-04 02:16:18,632 [pool-348-thread-1] INFO  server.RaftServer$Division (RaftServerImpl.java:<init>(184)) - omNode-1: new RaftServerImpl for group-523986131536:[omNode-1|rpc:localhost:34329|priority:0] with OzoneManagerStateMachine:uninitialized
2022-03-04 02:16:18,637 [pool-348-thread-1] INFO  server.RaftServerConfigKeys (ConfUtils.java:logGet(44)) - raft.server.rpc.timeout.min = 1s (custom)
2022-03-04 02:16:18,637 [pool-348-thread-1] INFO  server.RaftServerConfigKeys (ConfUtils.java:logGet(44)) - raft.server.rpc.timeout.max = 1200ms (custom)
2022-03-04 02:16:18,637 [pool-348-thread-1] INFO  server.RaftServerConfigKeys (ConfUtils.java:logGet(44)) - raft.server.rpc.sleep.time = 25ms (default)
2022-03-04 02:16:18,637 [pool-348-thread-1] INFO  server.RaftServerConfigKeys (ConfUtils.java:logGet(44)) - raft.server.rpc.slowness.timeout = 2s (custom)
2022-03-04 02:16:18,637 [pool-348-thread-1] INFO  server.RaftServerConfigKeys (ConfUtils.java:logGet(44)) - raft.server.leaderelection.leader.step-down.wait-time = 10s (default)
2022-03-04 02:16:18,637 [pool-348-thread-1] INFO  server.RaftServerConfigKeys (ConfUtils.java:logGet(44)) - raft.server.sleep.deviation.threshold = 300ms (default)
2022-03-04 02:16:18,637 [pool-348-thread-1] INFO  server.RaftServerConfigKeys (ConfUtils.java:logGet(44)) - raft.server.log.appender.install.snapshot.enabled = false (custom)
2022-03-04 02:16:18,637 [pool-348-thread-1] INFO  server.RaftServer$Division (ServerState.java:<init>(105)) - omNode-1@group-523986131536: ConfigurationManager, init=-1: [omNode-1|rpc:localhost:34329|priority:0], old=null, confs=<EMPTY_MAP>
2022-03-04 02:16:18,637 [pool-348-thread-1] INFO  server.RaftServerConfigKeys (ConfUtils.java:logGet(44)) - raft.server.storage.dir = [/home/runner/work/ozone/ozone/hadoop-ozone/integration-test/target/test-dir/MiniOzoneClusterImpl-ba78f66b-c31d-4d73-90ed-a031934b8290/omNode-1/ratis] (custom)
2022-03-04 02:16:18,638 [pool-348-thread-1] INFO  server.RaftServerConfigKeys (ConfUtils.java:logGet(44)) - raft.server.log.corruption.policy = EXCEPTION (default)
2022-03-04 02:16:18,638 [pool-348-thread-1] INFO  server.RaftServerConfigKeys (ConfUtils.java:logGet(44)) - raft.server.storage.free-space.min = 0MB (=0) (default)
2022-03-04 02:16:18,638 [pool-348-thread-1] INFO  storage.RaftStorageDirectory (RaftStorageDirectoryImpl.java:analyzeStorage(135)) - The storage directory /home/runner/work/ozone/ozone/hadoop-ozone/integration-test/target/test-dir/MiniOzoneClusterImpl-ba78f66b-c31d-4d73-90ed-a031934b8290/omNode-1/ratis/c9bc4cf4-3bc3-3c60-a66b-523986131536 does not exist. Creating ...
2022-03-04 02:16:18,639 [Socket Reader #1 for port 44533] INFO  ipc.Server (Server.java:run(1265)) - Starting Socket Reader #1 for port 44533
2022-03-04 02:16:18,639 [pool-348-thread-1] INFO  storage.RaftStorageDirectory (RaftStorageDirectoryImpl.java:tryLock(230)) - Lock on /home/runner/work/ozone/ozone/hadoop-ozone/integration-test/target/test-dir/MiniOzoneClusterImpl-ba78f66b-c31d-4d73-90ed-a031934b8290/omNode-1/ratis/c9bc4cf4-3bc3-3c60-a66b-523986131536/in_use.lock acquired by nodename 9067@fv-az184-471
2022-03-04 02:16:18,642 [pool-348-thread-1] INFO  storage.RaftStorage (RaftStorageImpl.java:format(89)) - Storage directory /home/runner/work/ozone/ozone/hadoop-ozone/integration-test/target/test-dir/MiniOzoneClusterImpl-ba78f66b-c31d-4d73-90ed-a031934b8290/omNode-1/ratis/c9bc4cf4-3bc3-3c60-a66b-523986131536 has been successfully formatted.
2022-03-04 02:16:18,650 [pool-348-thread-1] INFO  server.RaftServerConfigKeys (ConfUtils.java:logGet(44)) - raft.server.notification.no-leader.timeout = 2s (custom)
2022-03-04 02:16:18,658 [pool-348-thread-1] INFO  server.RaftServerConfigKeys (ConfUtils.java:logGet(44)) - raft.server.log.use.memory = false (default)
2022-03-04 02:16:18,658 [pool-348-thread-1] INFO  server.RaftServerConfigKeys (ConfUtils.java:logGet(44)) - raft.server.log.purge.gap = 1000000 (custom)
2022-03-04 02:16:18,658 [pool-348-thread-1] INFO  server.RaftServerConfigKeys (ConfUtils.java:logGet(44)) - raft.server.log.appender.buffer.byte-limit = 33554432 (custom)
2022-03-04 02:16:18,658 [pool-348-thread-1] INFO  server.RaftServerConfigKeys (ConfUtils.java:logGet(44)) - raft.server.log.segment.size.max = 4194304 (custom)
2022-03-04 02:16:18,659 [pool-348-thread-1] INFO  server.RaftServerConfigKeys (ConfUtils.java:logGet(44)) - raft.server.log.segment.cache.num.max = 2 (custom)
2022-03-04 02:16:18,659 [pool-348-thread-1] INFO  server.RaftServerConfigKeys (ConfUtils.java:logGet(44)) - raft.server.log.segment.cache.size.max = 200MB (=209715200) (default)
2022-03-04 02:16:18,659 [pool-348-thread-1] INFO  segmented.SegmentedRaftLogWorker (SegmentedRaftLogWorker.java:<init>(182)) - new omNode-1@group-523986131536-SegmentedRaftLogWorker for RaftStorageImpl:Storage Directory /home/runner/work/ozone/ozone/hadoop-ozone/integration-test/target/test-dir/MiniOzoneClusterImpl-ba78f66b-c31d-4d73-90ed-a031934b8290/omNode-1/ratis/c9bc4cf4-3bc3-3c60-a66b-523986131536
2022-03-04 02:16:18,659 [pool-348-thread-1] INFO  server.RaftServerConfigKeys (ConfUtils.java:logGet(44)) - raft.server.log.queue.byte-limit = 64MB (=67108864) (default)
2022-03-04 02:16:18,659 [pool-348-thread-1] INFO  server.RaftServerConfigKeys (ConfUtils.java:logGet(44)) - raft.server.log.queue.element-limit = 4096 (default)
2022-03-04 02:16:18,659 [pool-348-thread-1] INFO  server.RaftServerConfigKeys (ConfUtils.java:logGet(44)) - raft.server.log.segment.size.max = 4194304 (custom)
2022-03-04 02:16:18,659 [pool-348-thread-1] INFO  server.RaftServerConfigKeys (ConfUtils.java:logGet(44)) - raft.server.log.preallocated.size = 4194304 (custom)
2022-03-04 02:16:18,659 [pool-348-thread-1] INFO  server.RaftServerConfigKeys (ConfUtils.java:logGet(44)) - raft.server.log.force.sync.num = 128 (default)
2022-03-04 02:16:18,659 [pool-348-thread-1] INFO  server.RaftServerConfigKeys (ConfUtils.java:logGet(44)) - raft.server.log.statemachine.data.sync = true (default)
2022-03-04 02:16:18,659 [pool-348-thread-1] INFO  server.RaftServerConfigKeys (ConfUtils.java:logGet(44)) - raft.server.log.statemachine.data.sync.timeout = 10s (default)
2022-03-04 02:16:18,659 [pool-348-thread-1] INFO  server.RaftServerConfigKeys (ConfUtils.java:logGet(44)) - raft.server.log.statemachine.data.sync.timeout.retry = -1 (default)
2022-03-04 02:16:18,660 [pool-348-thread-1] INFO  server.RaftServerConfigKeys (ConfUtils.java:logGet(44)) - raft.server.log.write.buffer.size = 64KB (=65536) (default)
2022-03-04 02:16:18,664 [pool-348-thread-1] INFO  server.RaftServerConfigKeys (ConfUtils.java:logGet(44)) - raft.server.log.statemachine.data.caching.enabled = false (default)
2022-03-04 02:16:18,664 [pool-348-thread-1] INFO  segmented.SegmentedRaftLogWorker (SegmentedRaftLogWorker.java:lambda$new$0(133)) - omNode-1@group-523986131536-SegmentedRaftLogWorker: flushIndex: setUnconditionally 0 -> -1
2022-03-04 02:16:18,668 [pool-348-thread-1] INFO  segmented.SegmentedRaftLogWorker (SegmentedRaftLogWorker.java:lambda$new$0(133)) - omNode-1@group-523986131536-SegmentedRaftLogWorker: safeCacheEvictIndex: setUnconditionally 0 -> -1
2022-03-04 02:16:18,672 [pool-348-thread-1] INFO  server.RaftServerConfigKeys (ConfUtils.java:logGet(44)) - raft.server.snapshot.auto.trigger.enabled = true (custom)
2022-03-04 02:16:18,672 [pool-348-thread-1] INFO  server.RaftServerConfigKeys (ConfUtils.java:logGet(44)) - raft.server.snapshot.auto.trigger.threshold = 400000 (default)
2022-03-04 02:16:18,672 [pool-348-thread-1] INFO  server.RaftServerConfigKeys (ConfUtils.java:logGet(44)) - raft.server.snapshot.retention.file.num = -1 (default)
2022-03-04 02:16:18,673 [pool-348-thread-1] INFO  server.RaftServerConfigKeys (ConfUtils.java:logGet(44)) - raft.server.log.purge.upto.snapshot.index = true (custom)
2022-03-04 02:16:18,673 [pool-348-thread-1] INFO  server.RaftServerConfigKeys (ConfUtils.java:logGet(44)) - raft.server.retrycache.expirytime = 300s (custom)
2022-03-04 02:16:18,673 [pool-348-thread-1] INFO  server.RaftServerConfigKeys (ConfUtils.java:logGet(44)) - raft.server.retrycache.statistics.expirytime = 100μs (default)
2022-03-04 02:16:18,700 [Listener at 127.0.0.1/44533] INFO  impl.MetricsSystemImpl (MetricsSystemImpl.java:init(158)) - OzoneManager metrics system started (again)
2022-03-04 02:16:18,718 [Listener at 127.0.0.1/44533] INFO  om.OzoneManager (OzoneManager.java:start(1365)) - OzoneManager RPC server is listening at localhost/127.0.0.1:44533
2022-03-04 02:16:18,718 [Listener at 127.0.0.1/44533] INFO  ratis.OzoneManagerRatisServer (OzoneManagerRatisServer.java:start(554)) - Starting OzoneManagerRatisServer omNode-1 at port 34329
2022-03-04 02:16:18,718 [Listener at 127.0.0.1/44533] INFO  server.RaftServer$Division (RaftServerImpl.java:start(301)) - omNode-1@group-523986131536: start as a follower, conf=-1: [omNode-1|rpc:localhost:34329|priority:0], old=null
2022-03-04 02:16:18,718 [Listener at 127.0.0.1/44533] INFO  server.RaftServer$Division (RaftServerImpl.java:setRole(290)) - omNode-1@group-523986131536: changes role from      null to FOLLOWER at term 0 for startAsFollower
2022-03-04 02:16:18,719 [Listener at 127.0.0.1/44533] INFO  impl.RoleInfo (RoleInfo.java:updateAndGet(130)) - omNode-1: start omNode-1@group-523986131536-FollowerState
2022-03-04 02:16:18,719 [Listener at 127.0.0.1/44533] INFO  util.JmxRegister (JmxRegister.java:tryRegister(44)) - Successfully registered JMX Bean with object name Ratis:service=RaftServer,group=group-523986131536,id=omNode-1
2022-03-04 02:16:18,721 [Listener at 127.0.0.1/44533] INFO  server.RaftServer (RaftServerProxy.java:lambda$start$5(374)) - omNode-1: start RPC server
2022-03-04 02:16:18,727 [Listener at 127.0.0.1/44533] INFO  server.GrpcService (GrpcService.java:startImpl(253)) - omNode-1: GrpcService started, listening on 34329
2022-03-04 02:16:18,734 [Listener at 127.0.0.1/44533] INFO  om.OzoneManager (OzoneManager.java:start(1381)) - Version File has different layout version (0) than OM DB (null). That is expected if this OM has never been finalized to a newer layout version.
2022-03-04 02:16:18,734 [org.apache.ratis.util.JvmPauseMonitor$$Lambda$503/666911607@5ca3308c] INFO  util.JvmPauseMonitor (JvmPauseMonitor.java:run(103)) - JvmPauseMonitor-omNode-1: Started
2022-03-04 02:16:18,763 [Listener at 127.0.0.1/44533] INFO  http.BaseHttpServer (BaseHttpServer.java:newHttpServer2BuilderForOzone(209)) - Starting Web-server for ozoneManager at: http://0.0.0.0:32855
2022-03-04 02:16:18,764 [Listener at 127.0.0.1/44533] INFO  http.BaseHttpServer (BaseHttpServer.java:<init>(107)) - Hadoop Security Enabled: false Ozone Security Enabled: false Ozone HTTP Security Enabled: false 
2022-03-04 02:16:18,765 [Listener at 127.0.0.1/44533] INFO  server.AuthenticationFilter (AuthenticationFilter.java:constructSecretProvider(240)) - Unable to initialize FileSignerSecretProvider, falling back to use random secrets.
2022-03-04 02:16:18,773 [Listener at 127.0.0.1/44533] WARN  http.HttpRequestLog (HttpRequestLog.java:getRequestLog(103)) - Jetty request log can only be enabled using Log4j
2022-03-04 02:16:18,775 [Listener at 127.0.0.1/44533] INFO  http.HttpServer2 (HttpServer2.java:addGlobalFilter(1030)) - Added global filter 'safety' (class=org.apache.hadoop.hdds.server.http.HttpServer2$QuotingInputFilter)
2022-03-04 02:16:18,775 [Listener at 127.0.0.1/44533] INFO  http.HttpServer2 (HttpServer2.java:addFilter(1006)) - Added filter static_user_filter (class=org.apache.hadoop.http.lib.StaticUserWebFilter$StaticUserFilter) to context ozoneManager
2022-03-04 02:16:18,776 [Listener at 127.0.0.1/44533] INFO  http.HttpServer2 (HttpServer2.java:addFilter(1014)) - Added filter static_user_filter (class=org.apache.hadoop.http.lib.StaticUserWebFilter$StaticUserFilter) to context logs
2022-03-04 02:16:18,776 [Listener at 127.0.0.1/44533] INFO  http.HttpServer2 (HttpServer2.java:addFilter(1014)) - Added filter static_user_filter (class=org.apache.hadoop.http.lib.StaticUserWebFilter$StaticUserFilter) to context static
2022-03-04 02:16:18,776 [Listener at 127.0.0.1/44533] INFO  http.HttpServer2 (HttpServer2.java:bindListener(1249)) - Jetty bound to port 32855
2022-03-04 02:16:18,777 [Listener at 127.0.0.1/44533] INFO  server.Server (Server.java:doStart(375)) - jetty-9.4.43.v20210629; built: 2021-06-30T11:07:22.254Z; git: 526006ecfa3af7f1a27ef3a288e2bef7ea9dd7e8; jvm 1.8.0_322-b06
2022-03-04 02:16:18,788 [Listener at 127.0.0.1/44533] INFO  server.session (DefaultSessionIdManager.java:doStart(334)) - DefaultSessionIdManager workerName=node0
2022-03-04 02:16:18,788 [Listener at 127.0.0.1/44533] INFO  server.session (DefaultSessionIdManager.java:doStart(339)) - No SessionScavenger set, using defaults
2022-03-04 02:16:18,789 [Listener at 127.0.0.1/44533] INFO  server.session (HouseKeeper.java:startScavenging(132)) - node0 Scavenging every 600000ms
2022-03-04 02:16:18,790 [Listener at 127.0.0.1/44533] INFO  handler.ContextHandler (ContextHandler.java:doStart(915)) - Started o.e.j.s.ServletContextHandler@40bbcdbb{logs,/logs,file:///home/runner/work/ozone/ozone/hadoop-ozone/integration-test/target/log,AVAILABLE}
2022-03-04 02:16:18,790 [Listener at 127.0.0.1/44533] INFO  handler.ContextHandler (ContextHandler.java:doStart(915)) - Started o.e.j.s.ServletContextHandler@571aeb15{static,/static,file:///home/runner/work/ozone/ozone/hadoop-ozone/integration-test/target/test-classes/webapps/static,AVAILABLE}
2022-03-04 02:16:18,814 [Listener at 127.0.0.1/44533] INFO  handler.ContextHandler (ContextHandler.java:doStart(915)) - Started o.e.j.w.WebAppContext@48afc94c{ozoneManager,/,file:///home/runner/work/ozone/ozone/hadoop-ozone/integration-test/target/test-classes/webapps/ozoneManager/,AVAILABLE}{file:/home/runner/work/ozone/ozone/hadoop-ozone/integration-test/target/test-classes/webapps/ozoneManager}
2022-03-04 02:16:18,817 [Listener at 127.0.0.1/44533] INFO  server.AbstractConnector (AbstractConnector.java:doStart(331)) - Started ServerConnector@472ea479{HTTP/1.1, (http/1.1)}{0.0.0.0:32855}
2022-03-04 02:16:18,817 [Listener at 127.0.0.1/44533] INFO  server.Server (Server.java:doStart(415)) - Started @90435ms
2022-03-04 02:16:18,817 [Listener at 127.0.0.1/44533] WARN  impl.MetricsSystemImpl (MetricsSystemImpl.java:register(279)) - Sink prometheus already exists!
2022-03-04 02:16:18,819 [Listener at 127.0.0.1/44533] INFO  http.BaseHttpServer (BaseHttpServer.java:updateConnectorAddress(329)) - HTTP server of ozoneManager listening at http://0.0.0.0:32855
2022-03-04 02:16:18,831 [IPC Server Responder] INFO  ipc.Server (Server.java:run(1507)) - IPC Server Responder: starting
2022-03-04 02:16:18,834 [IPC Server listener on 44533] INFO  ipc.Server (Server.java:run(1344)) - IPC Server listener on 44533: starting
2022-03-04 02:16:18,882 [EndpointStateMachine task thread for /127.0.0.1:42427 - 0 ] INFO  ipc.Client (Client.java:handleConnectionFailure(977)) - Retrying connect to server: localhost/127.0.0.1:42427. Already tried 8 time(s); retry policy is RetryUpToMaximumCountWithFixedSleep(maxRetries=15, sleepTime=1000 MILLISECONDS)
2022-03-04 02:16:18,883 [EndpointStateMachine task thread for /127.0.0.1:42491 - 0 ] INFO  ipc.Client (Client.java:handleConnectionFailure(977)) - Retrying connect to server: localhost/127.0.0.1:42491. Already tried 8 time(s); retry policy is RetryUpToMaximumCountWithFixedSleep(maxRetries=15, sleepTime=1000 MILLISECONDS)
2022-03-04 02:16:18,883 [EndpointStateMachine task thread for /127.0.0.1:35517 - 0 ] INFO  ipc.Client (Client.java:handleConnectionFailure(977)) - Retrying connect to server: localhost/127.0.0.1:35517. Already tried 8 time(s); retry policy is RetryUpToMaximumCountWithFixedSleep(maxRetries=15, sleepTime=1000 MILLISECONDS)
2022-03-04 02:16:18,889 [Listener at 127.0.0.1/44533] INFO  om.OzoneManager (OzoneManager.java:startTrashEmptier(1792)) - Trash Interval set to 0. Files deleted will not move to trash
2022-03-04 02:16:18,890 [Listener at 127.0.0.1/44533] INFO  ozone.MiniOzoneHAClusterImpl (MiniOzoneHAClusterImpl.java:createOMService(522)) - Started OzoneManager omNode-1 RPC server at localhost/127.0.0.1:44533
2022-03-04 02:16:18,903 [Listener at 127.0.0.1/44533] WARN  impl.MetricRegistriesImpl (MetricRegistriesImpl.java:addReporterRegistration(111)) - New reporters are added after registries were created. Some metrics will be missing from the reporter. Please add reporter before adding any new registry.
2022-03-04 02:16:18,910 [Listener at 127.0.0.1/44533] WARN  impl.MetricRegistriesImpl (MetricRegistriesImpl.java:addReporterRegistration(111)) - New reporters are added after registries were created. Some metrics will be missing from the reporter. Please add reporter before adding any new registry.
2022-03-04 02:16:18,910 [Listener at 127.0.0.1/44533] INFO  impl.MetricsSystemImpl (MetricsSystemImpl.java:init(158)) - HddsDatanode metrics system started (again)
2022-03-04 02:16:18,910 [org.apache.hadoop.util.JvmPauseMonitor$Monitor@1f0b18ed] INFO  util.JvmPauseMonitor (JvmPauseMonitor.java:run(188)) - Starting JVM pause monitor
2022-03-04 02:16:18,924 [Listener at 127.0.0.1/44533] INFO  ozone.HddsDatanodeService (HddsDatanodeService.java:start(233)) - HddsDatanodeService host:fv-az184-471.3ow45vhwbzuu5incsxmygykede.cx.internal.cloudapp.net ip:10.1.0.11
2022-03-04 02:16:18,953 [Listener at 127.0.0.1/44533] INFO  upgrade.AbstractLayoutVersionManager (AbstractLayoutVersionManager.java:init(79)) - Initializing Layout version manager with metadata layout = SCM_HA (version = 2), software layout = SCM_HA (version = 2)
2022-03-04 02:16:19,010 [Listener at 127.0.0.1/44533] INFO  reflections.Reflections (Reflections.java:scan(232)) - Reflections took 56 ms to scan 7 urls, producing 122 keys and 286 values 
2022-03-04 02:16:19,018 [Listener at 127.0.0.1/44533] INFO  ha.SCMNodeInfo (SCMNodeInfo.java:getPort(197)) - ConfigKey ozone.scm.client.address is deprecated, For configuring different ports for each SCM use PortConfigKey ozone.scm.client.port appended with serviceId and nodeId
2022-03-04 02:16:19,018 [Listener at 127.0.0.1/44533] INFO  ha.SCMNodeInfo (SCMNodeInfo.java:getPort(197)) - ConfigKey ozone.scm.block.client.address is deprecated, For configuring different ports for each SCM use PortConfigKey ozone.scm.block.client.port appended with serviceId and nodeId
2022-03-04 02:16:19,019 [Listener at 127.0.0.1/44533] INFO  ha.SCMNodeInfo (SCMNodeInfo.java:getPort(197)) - ConfigKey ozone.scm.datanode.address is deprecated, For configuring different ports for each SCM use PortConfigKey ozone.scm.datanode.port appended with serviceId and nodeId
2022-03-04 02:16:19,020 [Listener at 127.0.0.1/44533] INFO  ha.SCMNodeInfo (SCMNodeInfo.java:getPort(197)) - ConfigKey ozone.scm.client.address is deprecated, For configuring different ports for each SCM use PortConfigKey ozone.scm.client.port appended with serviceId and nodeId
2022-03-04 02:16:19,020 [Listener at 127.0.0.1/44533] INFO  ha.SCMNodeInfo (SCMNodeInfo.java:getPort(197)) - ConfigKey ozone.scm.block.client.address is deprecated, For configuring different ports for each SCM use PortConfigKey ozone.scm.block.client.port appended with serviceId and nodeId
2022-03-04 02:16:19,020 [Listener at 127.0.0.1/44533] INFO  ha.SCMNodeInfo (SCMNodeInfo.java:getPort(197)) - ConfigKey ozone.scm.datanode.address is deprecated, For configuring different ports for each SCM use PortConfigKey ozone.scm.datanode.port appended with serviceId and nodeId
2022-03-04 02:16:19,020 [Listener at 127.0.0.1/44533] INFO  ha.SCMNodeInfo (SCMNodeInfo.java:getPort(197)) - ConfigKey ozone.scm.client.address is deprecated, For configuring different ports for each SCM use PortConfigKey ozone.scm.client.port appended with serviceId and nodeId
2022-03-04 02:16:19,020 [Listener at 127.0.0.1/44533] INFO  ha.SCMNodeInfo (SCMNodeInfo.java:getPort(197)) - ConfigKey ozone.scm.block.client.address is deprecated, For configuring different ports for each SCM use PortConfigKey ozone.scm.block.client.port appended with serviceId and nodeId
2022-03-04 02:16:19,020 [Listener at 127.0.0.1/44533] INFO  ha.SCMNodeInfo (SCMNodeInfo.java:getPort(197)) - ConfigKey ozone.scm.datanode.address is deprecated, For configuring different ports for each SCM use PortConfigKey ozone.scm.datanode.port appended with serviceId and nodeId
2022-03-04 02:16:19,021 [Listener at 127.0.0.1/44533] INFO  statemachine.DatanodeStateMachine (DatanodeStateMachine.java:getEndPointTaskThreadPoolSize(222)) - Datanode State Machine Task Thread Pool size 4
2022-03-04 02:16:19,032 [Listener at 127.0.0.1/44533] INFO  volume.HddsVolume (HddsVolume.java:<init>(120)) - Creating HddsVolume: /home/runner/work/ozone/ozone/hadoop-ozone/integration-test/target/test-dir/MiniOzoneClusterImpl-ba78f66b-c31d-4d73-90ed-a031934b8290/datanode-0/data-0/containers/hdds of storage type : DISK capacity : 9223372036854775807
2022-03-04 02:16:19,032 [Listener at 127.0.0.1/44533] INFO  volume.MutableVolumeSet (MutableVolumeSet.java:initializeVolumeSet(168)) - Added Volume : /home/runner/work/ozone/ozone/hadoop-ozone/integration-test/target/test-dir/MiniOzoneClusterImpl-ba78f66b-c31d-4d73-90ed-a031934b8290/datanode-0/data-0/containers/hdds to VolumeSet
2022-03-04 02:16:19,033 [Listener at 127.0.0.1/44533] INFO  volume.ThrottledAsyncChecker (ThrottledAsyncChecker.java:schedule(141)) - Scheduling a check for /home/runner/work/ozone/ozone/hadoop-ozone/integration-test/target/test-dir/MiniOzoneClusterImpl-ba78f66b-c31d-4d73-90ed-a031934b8290/datanode-0/data-0/containers/hdds
2022-03-04 02:16:19,037 [Listener at 127.0.0.1/44533] INFO  volume.StorageVolumeChecker (StorageVolumeChecker.java:checkAllVolumes(202)) - Scheduled health check for volume /home/runner/work/ozone/ozone/hadoop-ozone/integration-test/target/test-dir/MiniOzoneClusterImpl-ba78f66b-c31d-4d73-90ed-a031934b8290/datanode-0/data-0/containers/hdds
2022-03-04 02:16:19,069 [Listener at 127.0.0.1/44533] INFO  volume.MutableVolumeSet (MutableVolumeSet.java:initializeVolumeSet(168)) - Added Volume : /home/runner/work/ozone/ozone/hadoop-ozone/integration-test/target/test-dir/MiniOzoneClusterImpl-ba78f66b-c31d-4d73-90ed-a031934b8290/datanode-0/data/ratis to VolumeSet
2022-03-04 02:16:19,069 [Listener at 127.0.0.1/44533] INFO  volume.ThrottledAsyncChecker (ThrottledAsyncChecker.java:schedule(141)) - Scheduling a check for /home/runner/work/ozone/ozone/hadoop-ozone/integration-test/target/test-dir/MiniOzoneClusterImpl-ba78f66b-c31d-4d73-90ed-a031934b8290/datanode-0/data/ratis
2022-03-04 02:16:19,069 [Listener at 127.0.0.1/44533] INFO  volume.StorageVolumeChecker (StorageVolumeChecker.java:checkAllVolumes(202)) - Scheduled health check for volume /home/runner/work/ozone/ozone/hadoop-ozone/integration-test/target/test-dir/MiniOzoneClusterImpl-ba78f66b-c31d-4d73-90ed-a031934b8290/datanode-0/data/ratis
2022-03-04 02:16:19,107 [Thread-1446] INFO  ozoneimpl.ContainerReader (ContainerReader.java:readVolume(172)) - Finish verifying containers on volume /home/runner/work/ozone/ozone/hadoop-ozone/integration-test/target/test-dir/MiniOzoneClusterImpl-ba78f66b-c31d-4d73-90ed-a031934b8290/datanode-0/data-0/containers/hdds
2022-03-04 02:16:19,108 [Listener at 127.0.0.1/44533] INFO  ozoneimpl.OzoneContainer (OzoneContainer.java:buildContainerSet(257)) - Build ContainerSet costs 0s
2022-03-04 02:16:19,124 [Listener at 127.0.0.1/44533] INFO  server.RaftServer (ConfUtils.java:logGet(44)) - raft.rpc.type = GRPC (default)
2022-03-04 02:16:19,124 [Listener at 127.0.0.1/44533] INFO  grpc.GrpcFactory (GrpcFactory.java:checkPooledByteBufAllocatorUseCacheForAllThreads(48)) - PERFORMANCE WARNING: useCacheForAllThreads is true that may cause Netty to create a lot garbage objects and, as a result, trigger GC.
	It is recommended to disable useCacheForAllThreads by setting -Dorg.apache.ratis.thirdparty.io.netty.allocator.useCacheForAllThreads=false in command line.
2022-03-04 02:16:19,124 [Listener at 127.0.0.1/44533] INFO  grpc.GrpcConfigKeys (ConfUtils.java:logGet(44)) - raft.grpc.admin.port = 0 (custom)
2022-03-04 02:16:19,125 [Listener at 127.0.0.1/44533] INFO  grpc.GrpcConfigKeys (ConfUtils.java:logGet(44)) - raft.grpc.client.port = 0 (custom)
2022-03-04 02:16:19,125 [Listener at 127.0.0.1/44533] INFO  grpc.GrpcConfigKeys (ConfUtils.java:logGet(44)) - raft.grpc.server.port = 0 (default)
2022-03-04 02:16:19,125 [Listener at 127.0.0.1/44533] INFO  server.GrpcService (ConfUtils.java:logGet(44)) - raft.grpc.message.size.max = 32MB (=33554432) (custom)
2022-03-04 02:16:19,125 [Listener at 127.0.0.1/44533] INFO  server.RaftServerConfigKeys (ConfUtils.java:logGet(44)) - raft.server.log.appender.buffer.byte-limit = 33554432 (custom)
2022-03-04 02:16:19,125 [Listener at 127.0.0.1/44533] INFO  server.GrpcService (ConfUtils.java:logGet(44)) - raft.grpc.flow.control.window = 5MB (=5242880) (custom)
2022-03-04 02:16:19,125 [Listener at 127.0.0.1/44533] INFO  server.RaftServerConfigKeys (ConfUtils.java:logGet(44)) - raft.server.rpc.request.timeout = 60s (custom)
2022-03-04 02:16:19,126 [Listener at 127.0.0.1/44533] INFO  impl.DataStreamServerImpl (ConfUtils.java:logGet(44)) - raft.datastream.type = DISABLED (default)
2022-03-04 02:16:19,127 [Listener at 127.0.0.1/44533] INFO  server.RaftServerConfigKeys (ConfUtils.java:logGet(44)) - raft.server.rpc.slowness.timeout = 300s (custom)
2022-03-04 02:16:19,127 [Listener at 127.0.0.1/44533] INFO  server.RaftServerConfigKeys (ConfUtils.java:logGet(44)) - raft.server.leaderelection.leader.step-down.wait-time = 10s (default)
2022-03-04 02:16:19,127 [Listener at 127.0.0.1/44533] INFO  server.RaftServerConfigKeys (ConfUtils.java:logGet(44)) - raft.server.storage.dir = [/home/runner/work/ozone/ozone/hadoop-ozone/integration-test/target/test-dir/MiniOzoneClusterImpl-ba78f66b-c31d-4d73-90ed-a031934b8290/datanode-0/data/ratis] (custom)
2022-03-04 02:16:19,128 [Listener at 127.0.0.1/44533] INFO  server.XceiverServerGrpc (XceiverServerGrpc.java:<init>(132)) - GrpcServer channel type EpollServerSocketChannel
2022-03-04 02:16:19,154 [Listener at 127.0.0.1/44533] INFO  http.BaseHttpServer (BaseHttpServer.java:newHttpServer2BuilderForOzone(209)) - Starting Web-server for hddsDatanode at: http://0.0.0.0:0
2022-03-04 02:16:19,154 [Listener at 127.0.0.1/44533] INFO  http.BaseHttpServer (BaseHttpServer.java:<init>(107)) - Hadoop Security Enabled: false Ozone Security Enabled: false Ozone HTTP Security Enabled: false 
2022-03-04 02:16:19,157 [Listener at 127.0.0.1/44533] INFO  server.AuthenticationFilter (AuthenticationFilter.java:constructSecretProvider(240)) - Unable to initialize FileSignerSecretProvider, falling back to use random secrets.
2022-03-04 02:16:19,163 [Listener at 127.0.0.1/44533] WARN  http.HttpRequestLog (HttpRequestLog.java:getRequestLog(103)) - Jetty request log can only be enabled using Log4j
2022-03-04 02:16:19,164 [Listener at 127.0.0.1/44533] INFO  http.HttpServer2 (HttpServer2.java:addGlobalFilter(1030)) - Added global filter 'safety' (class=org.apache.hadoop.hdds.server.http.HttpServer2$QuotingInputFilter)
2022-03-04 02:16:19,165 [Listener at 127.0.0.1/44533] INFO  http.HttpServer2 (HttpServer2.java:addFilter(1006)) - Added filter static_user_filter (class=org.apache.hadoop.http.lib.StaticUserWebFilter$StaticUserFilter) to context hddsDatanode
2022-03-04 02:16:19,167 [Listener at 127.0.0.1/44533] INFO  http.HttpServer2 (HttpServer2.java:addFilter(1014)) - Added filter static_user_filter (class=org.apache.hadoop.http.lib.StaticUserWebFilter$StaticUserFilter) to context logs
2022-03-04 02:16:19,167 [Listener at 127.0.0.1/44533] INFO  http.HttpServer2 (HttpServer2.java:addFilter(1014)) - Added filter static_user_filter (class=org.apache.hadoop.http.lib.StaticUserWebFilter$StaticUserFilter) to context static
2022-03-04 02:16:19,168 [Listener at 127.0.0.1/44533] INFO  http.HttpServer2 (HttpServer2.java:bindListener(1249)) - Jetty bound to port 44861
2022-03-04 02:16:19,169 [Listener at 127.0.0.1/44533] INFO  server.Server (Server.java:doStart(375)) - jetty-9.4.43.v20210629; built: 2021-06-30T11:07:22.254Z; git: 526006ecfa3af7f1a27ef3a288e2bef7ea9dd7e8; jvm 1.8.0_322-b06
2022-03-04 02:16:19,203 [Listener at 127.0.0.1/44533] INFO  server.session (DefaultSessionIdManager.java:doStart(334)) - DefaultSessionIdManager workerName=node0
2022-03-04 02:16:19,203 [Listener at 127.0.0.1/44533] INFO  server.session (DefaultSessionIdManager.java:doStart(339)) - No SessionScavenger set, using defaults
2022-03-04 02:16:19,203 [Listener at 127.0.0.1/44533] INFO  server.session (HouseKeeper.java:startScavenging(132)) - node0 Scavenging every 600000ms
2022-03-04 02:16:19,207 [Listener at 127.0.0.1/44533] INFO  handler.ContextHandler (ContextHandler.java:doStart(915)) - Started o.e.j.s.ServletContextHandler@1bda7eea{logs,/logs,file:///home/runner/work/ozone/ozone/hadoop-ozone/integration-test/target/log,AVAILABLE}
2022-03-04 02:16:19,207 [Listener at 127.0.0.1/44533] INFO  handler.ContextHandler (ContextHandler.java:doStart(915)) - Started o.e.j.s.ServletContextHandler@7fb3a63c{static,/static,jar:file:/home/runner/.m2/repository/org/apache/ozone/hdds-container-service/1.3.0-SNAPSHOT/hdds-container-service-1.3.0-SNAPSHOT.jar!/webapps/static,AVAILABLE}
2022-03-04 02:16:19,309 [Listener at 127.0.0.1/44533] INFO  handler.ContextHandler (ContextHandler.java:doStart(915)) - Started o.e.j.w.WebAppContext@76ad04a1{hddsDatanode,/,file:///tmp/jetty-0_0_0_0-44861-hdds-container-service-1_3_0-SNAPSHOT_jar-_-any-1284571979639289970/webapp/,AVAILABLE}{jar:file:/home/runner/.m2/repository/org/apache/ozone/hdds-container-service/1.3.0-SNAPSHOT/hdds-container-service-1.3.0-SNAPSHOT.jar!/webapps/hddsDatanode}
2022-03-04 02:16:19,317 [Listener at 127.0.0.1/44533] INFO  server.AbstractConnector (AbstractConnector.java:doStart(331)) - Started ServerConnector@7780a93c{HTTP/1.1, (http/1.1)}{0.0.0.0:44861}
2022-03-04 02:16:19,318 [Listener at 127.0.0.1/44533] INFO  server.Server (Server.java:doStart(415)) - Started @90936ms
2022-03-04 02:16:19,318 [Listener at 127.0.0.1/44533] WARN  impl.MetricsSystemImpl (MetricsSystemImpl.java:register(279)) - Sink prometheus already exists!
2022-03-04 02:16:19,318 [Listener at 127.0.0.1/44533] INFO  http.BaseHttpServer (BaseHttpServer.java:updateConnectorAddress(329)) - HTTP server of hddsDatanode listening at http://0.0.0.0:44861
2022-03-04 02:16:19,322 [Listener at 127.0.0.1/44533] WARN  impl.MetricRegistriesImpl (MetricRegistriesImpl.java:addReporterRegistration(111)) - New reporters are added after registries were created. Some metrics will be missing from the reporter. Please add reporter before adding any new registry.
2022-03-04 02:16:19,322 [Listener at 127.0.0.1/44533] WARN  impl.MetricRegistriesImpl (MetricRegistriesImpl.java:addReporterRegistration(111)) - New reporters are added after registries were created. Some metrics will be missing from the reporter. Please add reporter before adding any new registry.
2022-03-04 02:16:19,323 [Listener at 127.0.0.1/44533] INFO  impl.MetricsSystemImpl (MetricsSystemImpl.java:init(158)) - HddsDatanode metrics system started (again)
2022-03-04 02:16:19,331 [Datanode State Machine Daemon Thread] INFO  statemachine.DatanodeStateMachine (DatanodeStateMachine.java:lambda$startDaemon$0(470)) - Ozone container server started.
2022-03-04 02:16:19,343 [org.apache.hadoop.util.JvmPauseMonitor$Monitor@424a4566] INFO  util.JvmPauseMonitor (JvmPauseMonitor.java:run(188)) - Starting JVM pause monitor
2022-03-04 02:16:19,352 [Listener at 127.0.0.1/44533] INFO  ozone.HddsDatanodeService (HddsDatanodeService.java:start(233)) - HddsDatanodeService host:fv-az184-471.3ow45vhwbzuu5incsxmygykede.cx.internal.cloudapp.net ip:10.1.0.11
2022-03-04 02:16:19,364 [Datanode State Machine Task Thread - 0] INFO  ha.SCMNodeInfo (SCMNodeInfo.java:getPort(197)) - ConfigKey ozone.scm.client.address is deprecated, For configuring different ports for each SCM use PortConfigKey ozone.scm.client.port appended with serviceId and nodeId
2022-03-04 02:16:19,364 [Datanode State Machine Task Thread - 0] INFO  ha.SCMNodeInfo (SCMNodeInfo.java:getPort(197)) - ConfigKey ozone.scm.block.client.address is deprecated, For configuring different ports for each SCM use PortConfigKey ozone.scm.block.client.port appended with serviceId and nodeId
2022-03-04 02:16:19,364 [Datanode State Machine Task Thread - 0] INFO  ha.SCMNodeInfo (SCMNodeInfo.java:getPort(197)) - ConfigKey ozone.scm.datanode.address is deprecated, For configuring different ports for each SCM use PortConfigKey ozone.scm.datanode.port appended with serviceId and nodeId
2022-03-04 02:16:19,367 [Datanode State Machine Task Thread - 0] INFO  ha.SCMNodeInfo (SCMNodeInfo.java:getPort(197)) - ConfigKey ozone.scm.client.address is deprecated, For configuring different ports for each SCM use PortConfigKey ozone.scm.client.port appended with serviceId and nodeId
2022-03-04 02:16:19,369 [Datanode State Machine Task Thread - 0] INFO  ha.SCMNodeInfo (SCMNodeInfo.java:getPort(197)) - ConfigKey ozone.scm.block.client.address is deprecated, For configuring different ports for each SCM use PortConfigKey ozone.scm.block.client.port appended with serviceId and nodeId
2022-03-04 02:16:19,369 [Datanode State Machine Task Thread - 0] INFO  ha.SCMNodeInfo (SCMNodeInfo.java:getPort(197)) - ConfigKey ozone.scm.datanode.address is deprecated, For configuring different ports for each SCM use PortConfigKey ozone.scm.datanode.port appended with serviceId and nodeId
2022-03-04 02:16:19,369 [Datanode State Machine Task Thread - 0] INFO  ha.SCMNodeInfo (SCMNodeInfo.java:getPort(197)) - ConfigKey ozone.scm.client.address is deprecated, For configuring different ports for each SCM use PortConfigKey ozone.scm.client.port appended with serviceId and nodeId
2022-03-04 02:16:19,369 [Datanode State Machine Task Thread - 0] INFO  ha.SCMNodeInfo (SCMNodeInfo.java:getPort(197)) - ConfigKey ozone.scm.block.client.address is deprecated, For configuring different ports for each SCM use PortConfigKey ozone.scm.block.client.port appended with serviceId and nodeId
2022-03-04 02:16:19,369 [Datanode State Machine Task Thread - 0] INFO  ha.SCMNodeInfo (SCMNodeInfo.java:getPort(197)) - ConfigKey ozone.scm.datanode.address is deprecated, For configuring different ports for each SCM use PortConfigKey ozone.scm.datanode.port appended with serviceId and nodeId
2022-03-04 02:16:19,373 [Datanode State Machine Task Thread - 0] INFO  datanode.InitDatanodeState (InitDatanodeState.java:persistContainerDatanodeDetails(138)) - DatanodeDetails is persisted to /home/runner/work/ozone/ozone/hadoop-ozone/integration-test/target/test-dir/MiniOzoneClusterImpl-ba78f66b-c31d-4d73-90ed-a031934b8290/datanode-0/meta/datanode.id
2022-03-04 02:16:19,388 [Listener at 127.0.0.1/44533] INFO  upgrade.AbstractLayoutVersionManager (AbstractLayoutVersionManager.java:init(79)) - Initializing Layout version manager with metadata layout = SCM_HA (version = 2), software layout = SCM_HA (version = 2)
2022-03-04 02:16:19,430 [Listener at 127.0.0.1/44533] INFO  reflections.Reflections (Reflections.java:scan(232)) - Reflections took 41 ms to scan 7 urls, producing 122 keys and 286 values 
2022-03-04 02:16:19,432 [Listener at 127.0.0.1/44533] INFO  ha.SCMNodeInfo (SCMNodeInfo.java:getPort(197)) - ConfigKey ozone.scm.client.address is deprecated, For configuring different ports for each SCM use PortConfigKey ozone.scm.client.port appended with serviceId and nodeId
2022-03-04 02:16:19,432 [Listener at 127.0.0.1/44533] INFO  ha.SCMNodeInfo (SCMNodeInfo.java:getPort(197)) - ConfigKey ozone.scm.block.client.address is deprecated, For configuring different ports for each SCM use PortConfigKey ozone.scm.block.client.port appended with serviceId and nodeId
2022-03-04 02:16:19,432 [Listener at 127.0.0.1/44533] INFO  ha.SCMNodeInfo (SCMNodeInfo.java:getPort(197)) - ConfigKey ozone.scm.datanode.address is deprecated, For configuring different ports for each SCM use PortConfigKey ozone.scm.datanode.port appended with serviceId and nodeId
2022-03-04 02:16:19,432 [Listener at 127.0.0.1/44533] INFO  ha.SCMNodeInfo (SCMNodeInfo.java:getPort(197)) - ConfigKey ozone.scm.client.address is deprecated, For configuring different ports for each SCM use PortConfigKey ozone.scm.client.port appended with serviceId and nodeId
2022-03-04 02:16:19,432 [Listener at 127.0.0.1/44533] INFO  ha.SCMNodeInfo (SCMNodeInfo.java:getPort(197)) - ConfigKey ozone.scm.block.client.address is deprecated, For configuring different ports for each SCM use PortConfigKey ozone.scm.block.client.port appended with serviceId and nodeId
2022-03-04 02:16:19,432 [Listener at 127.0.0.1/44533] INFO  ha.SCMNodeInfo (SCMNodeInfo.java:getPort(197)) - ConfigKey ozone.scm.datanode.address is deprecated, For configuring different ports for each SCM use PortConfigKey ozone.scm.datanode.port appended with serviceId and nodeId
2022-03-04 02:16:19,432 [Listener at 127.0.0.1/44533] INFO  ha.SCMNodeInfo (SCMNodeInfo.java:getPort(197)) - ConfigKey ozone.scm.client.address is deprecated, For configuring different ports for each SCM use PortConfigKey ozone.scm.client.port appended with serviceId and nodeId
2022-03-04 02:16:19,433 [Listener at 127.0.0.1/44533] INFO  ha.SCMNodeInfo (SCMNodeInfo.java:getPort(197)) - ConfigKey ozone.scm.block.client.address is deprecated, For configuring different ports for each SCM use PortConfigKey ozone.scm.block.client.port appended with serviceId and nodeId
2022-03-04 02:16:19,433 [Listener at 127.0.0.1/44533] INFO  ha.SCMNodeInfo (SCMNodeInfo.java:getPort(197)) - ConfigKey ozone.scm.datanode.address is deprecated, For configuring different ports for each SCM use PortConfigKey ozone.scm.datanode.port appended with serviceId and nodeId
2022-03-04 02:16:19,433 [Listener at 127.0.0.1/44533] INFO  statemachine.DatanodeStateMachine (DatanodeStateMachine.java:getEndPointTaskThreadPoolSize(222)) - Datanode State Machine Task Thread Pool size 4
2022-03-04 02:16:19,434 [Listener at 127.0.0.1/44533] INFO  volume.HddsVolume (HddsVolume.java:<init>(120)) - Creating HddsVolume: /home/runner/work/ozone/ozone/hadoop-ozone/integration-test/target/test-dir/MiniOzoneClusterImpl-ba78f66b-c31d-4d73-90ed-a031934b8290/datanode-1/data-0/containers/hdds of storage type : DISK capacity : 9223372036854775807
2022-03-04 02:16:19,434 [Listener at 127.0.0.1/44533] INFO  volume.MutableVolumeSet (MutableVolumeSet.java:initializeVolumeSet(168)) - Added Volume : /home/runner/work/ozone/ozone/hadoop-ozone/integration-test/target/test-dir/MiniOzoneClusterImpl-ba78f66b-c31d-4d73-90ed-a031934b8290/datanode-1/data-0/containers/hdds to VolumeSet
2022-03-04 02:16:19,435 [Listener at 127.0.0.1/44533] INFO  volume.ThrottledAsyncChecker (ThrottledAsyncChecker.java:schedule(141)) - Scheduling a check for /home/runner/work/ozone/ozone/hadoop-ozone/integration-test/target/test-dir/MiniOzoneClusterImpl-ba78f66b-c31d-4d73-90ed-a031934b8290/datanode-1/data-0/containers/hdds
2022-03-04 02:16:19,436 [Listener at 127.0.0.1/44533] INFO  volume.StorageVolumeChecker (StorageVolumeChecker.java:checkAllVolumes(202)) - Scheduled health check for volume /home/runner/work/ozone/ozone/hadoop-ozone/integration-test/target/test-dir/MiniOzoneClusterImpl-ba78f66b-c31d-4d73-90ed-a031934b8290/datanode-1/data-0/containers/hdds
2022-03-04 02:16:19,459 [Listener at 127.0.0.1/44533] INFO  volume.MutableVolumeSet (MutableVolumeSet.java:initializeVolumeSet(168)) - Added Volume : /home/runner/work/ozone/ozone/hadoop-ozone/integration-test/target/test-dir/MiniOzoneClusterImpl-ba78f66b-c31d-4d73-90ed-a031934b8290/datanode-1/data/ratis to VolumeSet
2022-03-04 02:16:19,459 [Listener at 127.0.0.1/44533] INFO  volume.ThrottledAsyncChecker (ThrottledAsyncChecker.java:schedule(141)) - Scheduling a check for /home/runner/work/ozone/ozone/hadoop-ozone/integration-test/target/test-dir/MiniOzoneClusterImpl-ba78f66b-c31d-4d73-90ed-a031934b8290/datanode-1/data/ratis
2022-03-04 02:16:19,459 [Listener at 127.0.0.1/44533] INFO  volume.StorageVolumeChecker (StorageVolumeChecker.java:checkAllVolumes(202)) - Scheduled health check for volume /home/runner/work/ozone/ozone/hadoop-ozone/integration-test/target/test-dir/MiniOzoneClusterImpl-ba78f66b-c31d-4d73-90ed-a031934b8290/datanode-1/data/ratis
2022-03-04 02:16:19,488 [Thread-1458] INFO  ozoneimpl.ContainerReader (ContainerReader.java:readVolume(172)) - Finish verifying containers on volume /home/runner/work/ozone/ozone/hadoop-ozone/integration-test/target/test-dir/MiniOzoneClusterImpl-ba78f66b-c31d-4d73-90ed-a031934b8290/datanode-1/data-0/containers/hdds
2022-03-04 02:16:19,489 [Listener at 127.0.0.1/44533] INFO  ozoneimpl.OzoneContainer (OzoneContainer.java:buildContainerSet(257)) - Build ContainerSet costs 0s
2022-03-04 02:16:19,493 [Listener at 127.0.0.1/44533] INFO  server.RaftServer (ConfUtils.java:logGet(44)) - raft.rpc.type = GRPC (default)
2022-03-04 02:16:19,494 [Listener at 127.0.0.1/44533] INFO  grpc.GrpcFactory (GrpcFactory.java:checkPooledByteBufAllocatorUseCacheForAllThreads(48)) - PERFORMANCE WARNING: useCacheForAllThreads is true that may cause Netty to create a lot garbage objects and, as a result, trigger GC.
	It is recommended to disable useCacheForAllThreads by setting -Dorg.apache.ratis.thirdparty.io.netty.allocator.useCacheForAllThreads=false in command line.
2022-03-04 02:16:19,494 [Listener at 127.0.0.1/44533] INFO  grpc.GrpcConfigKeys (ConfUtils.java:logGet(44)) - raft.grpc.admin.port = 0 (custom)
2022-03-04 02:16:19,499 [Listener at 127.0.0.1/44533] INFO  grpc.GrpcConfigKeys (ConfUtils.java:logGet(44)) - raft.grpc.client.port = 0 (custom)
2022-03-04 02:16:19,499 [Listener at 127.0.0.1/44533] INFO  grpc.GrpcConfigKeys (ConfUtils.java:logGet(44)) - raft.grpc.server.port = 0 (default)
2022-03-04 02:16:19,499 [Listener at 127.0.0.1/44533] INFO  server.GrpcService (ConfUtils.java:logGet(44)) - raft.grpc.message.size.max = 32MB (=33554432) (custom)
2022-03-04 02:16:19,499 [Listener at 127.0.0.1/44533] INFO  server.RaftServerConfigKeys (ConfUtils.java:logGet(44)) - raft.server.log.appender.buffer.byte-limit = 33554432 (custom)
2022-03-04 02:16:19,499 [Listener at 127.0.0.1/44533] INFO  server.GrpcService (ConfUtils.java:logGet(44)) - raft.grpc.flow.control.window = 5MB (=5242880) (custom)
2022-03-04 02:16:19,500 [Listener at 127.0.0.1/44533] INFO  server.RaftServerConfigKeys (ConfUtils.java:logGet(44)) - raft.server.rpc.request.timeout = 60s (custom)
2022-03-04 02:16:19,501 [Listener at 127.0.0.1/44533] INFO  impl.DataStreamServerImpl (ConfUtils.java:logGet(44)) - raft.datastream.type = DISABLED (default)
2022-03-04 02:16:19,501 [Listener at 127.0.0.1/44533] INFO  server.RaftServerConfigKeys (ConfUtils.java:logGet(44)) - raft.server.rpc.slowness.timeout = 300s (custom)
2022-03-04 02:16:19,501 [Listener at 127.0.0.1/44533] INFO  server.RaftServerConfigKeys (ConfUtils.java:logGet(44)) - raft.server.leaderelection.leader.step-down.wait-time = 10s (default)
2022-03-04 02:16:19,501 [Listener at 127.0.0.1/44533] INFO  server.RaftServerConfigKeys (ConfUtils.java:logGet(44)) - raft.server.storage.dir = [/home/runner/work/ozone/ozone/hadoop-ozone/integration-test/target/test-dir/MiniOzoneClusterImpl-ba78f66b-c31d-4d73-90ed-a031934b8290/datanode-1/data/ratis] (custom)
2022-03-04 02:16:19,502 [Listener at 127.0.0.1/44533] INFO  server.XceiverServerGrpc (XceiverServerGrpc.java:<init>(132)) - GrpcServer channel type EpollServerSocketChannel
2022-03-04 02:16:19,509 [Listener at 127.0.0.1/44533] INFO  http.BaseHttpServer (BaseHttpServer.java:newHttpServer2BuilderForOzone(209)) - Starting Web-server for hddsDatanode at: http://0.0.0.0:0
2022-03-04 02:16:19,510 [Listener at 127.0.0.1/44533] INFO  http.BaseHttpServer (BaseHttpServer.java:<init>(107)) - Hadoop Security Enabled: false Ozone Security Enabled: false Ozone HTTP Security Enabled: false 
2022-03-04 02:16:19,511 [Listener at 127.0.0.1/44533] INFO  server.AuthenticationFilter (AuthenticationFilter.java:constructSecretProvider(240)) - Unable to initialize FileSignerSecretProvider, falling back to use random secrets.
2022-03-04 02:16:19,511 [Listener at 127.0.0.1/44533] WARN  http.HttpRequestLog (HttpRequestLog.java:getRequestLog(103)) - Jetty request log can only be enabled using Log4j
2022-03-04 02:16:19,512 [Listener at 127.0.0.1/44533] INFO  http.HttpServer2 (HttpServer2.java:addGlobalFilter(1030)) - Added global filter 'safety' (class=org.apache.hadoop.hdds.server.http.HttpServer2$QuotingInputFilter)
2022-03-04 02:16:19,512 [Listener at 127.0.0.1/44533] INFO  http.HttpServer2 (HttpServer2.java:addFilter(1006)) - Added filter static_user_filter (class=org.apache.hadoop.http.lib.StaticUserWebFilter$StaticUserFilter) to context hddsDatanode
2022-03-04 02:16:19,513 [Listener at 127.0.0.1/44533] INFO  http.HttpServer2 (HttpServer2.java:addFilter(1014)) - Added filter static_user_filter (class=org.apache.hadoop.http.lib.StaticUserWebFilter$StaticUserFilter) to context static
2022-03-04 02:16:19,513 [Listener at 127.0.0.1/44533] INFO  http.HttpServer2 (HttpServer2.java:addFilter(1014)) - Added filter static_user_filter (class=org.apache.hadoop.http.lib.StaticUserWebFilter$StaticUserFilter) to context logs
2022-03-04 02:16:19,513 [Listener at 127.0.0.1/44533] INFO  http.HttpServer2 (HttpServer2.java:bindListener(1249)) - Jetty bound to port 35689
2022-03-04 02:16:19,513 [Listener at 127.0.0.1/44533] INFO  server.Server (Server.java:doStart(375)) - jetty-9.4.43.v20210629; built: 2021-06-30T11:07:22.254Z; git: 526006ecfa3af7f1a27ef3a288e2bef7ea9dd7e8; jvm 1.8.0_322-b06
2022-03-04 02:16:19,520 [Listener at 127.0.0.1/44533] INFO  server.session (DefaultSessionIdManager.java:doStart(334)) - DefaultSessionIdManager workerName=node0
2022-03-04 02:16:19,520 [Listener at 127.0.0.1/44533] INFO  server.session (DefaultSessionIdManager.java:doStart(339)) - No SessionScavenger set, using defaults
2022-03-04 02:16:19,520 [Listener at 127.0.0.1/44533] INFO  server.session (HouseKeeper.java:startScavenging(132)) - node0 Scavenging every 660000ms
2022-03-04 02:16:19,521 [Listener at 127.0.0.1/44533] INFO  handler.ContextHandler (ContextHandler.java:doStart(915)) - Started o.e.j.s.ServletContextHandler@9236b61{logs,/logs,file:///home/runner/work/ozone/ozone/hadoop-ozone/integration-test/target/log,AVAILABLE}
2022-03-04 02:16:19,521 [Listener at 127.0.0.1/44533] INFO  handler.ContextHandler (ContextHandler.java:doStart(915)) - Started o.e.j.s.ServletContextHandler@19e89188{static,/static,jar:file:/home/runner/.m2/repository/org/apache/ozone/hdds-container-service/1.3.0-SNAPSHOT/hdds-container-service-1.3.0-SNAPSHOT.jar!/webapps/static,AVAILABLE}
2022-03-04 02:16:19,635 [Listener at 127.0.0.1/44533] INFO  handler.ContextHandler (ContextHandler.java:doStart(915)) - Started o.e.j.w.WebAppContext@262b2e85{hddsDatanode,/,file:///tmp/jetty-0_0_0_0-35689-hdds-container-service-1_3_0-SNAPSHOT_jar-_-any-1588658910402302016/webapp/,AVAILABLE}{jar:file:/home/runner/.m2/repository/org/apache/ozone/hdds-container-service/1.3.0-SNAPSHOT/hdds-container-service-1.3.0-SNAPSHOT.jar!/webapps/hddsDatanode}
2022-03-04 02:16:19,639 [Listener at 127.0.0.1/44533] INFO  server.AbstractConnector (AbstractConnector.java:doStart(331)) - Started ServerConnector@7f60c79a{HTTP/1.1, (http/1.1)}{0.0.0.0:35689}
2022-03-04 02:16:19,639 [Listener at 127.0.0.1/44533] INFO  server.Server (Server.java:doStart(415)) - Started @91257ms
2022-03-04 02:16:19,639 [Listener at 127.0.0.1/44533] WARN  impl.MetricsSystemImpl (MetricsSystemImpl.java:register(279)) - Sink prometheus already exists!
2022-03-04 02:16:19,640 [Listener at 127.0.0.1/44533] INFO  http.BaseHttpServer (BaseHttpServer.java:updateConnectorAddress(329)) - HTTP server of hddsDatanode listening at http://0.0.0.0:35689
2022-03-04 02:16:19,649 [Datanode State Machine Daemon Thread] INFO  statemachine.DatanodeStateMachine (DatanodeStateMachine.java:lambda$startDaemon$0(470)) - Ozone container server started.
2022-03-04 02:16:19,649 [Listener at 127.0.0.1/44533] WARN  impl.MetricRegistriesImpl (MetricRegistriesImpl.java:addReporterRegistration(111)) - New reporters are added after registries were created. Some metrics will be missing from the reporter. Please add reporter before adding any new registry.
2022-03-04 02:16:19,649 [Listener at 127.0.0.1/44533] WARN  impl.MetricRegistriesImpl (MetricRegistriesImpl.java:addReporterRegistration(111)) - New reporters are added after registries were created. Some metrics will be missing from the reporter. Please add reporter before adding any new registry.
2022-03-04 02:16:19,649 [Listener at 127.0.0.1/44533] INFO  impl.MetricsSystemImpl (MetricsSystemImpl.java:init(158)) - HddsDatanode metrics system started (again)
2022-03-04 02:16:19,678 [Listener at 127.0.0.1/44533] INFO  ozone.HddsDatanodeService (HddsDatanodeService.java:start(233)) - HddsDatanodeService host:fv-az184-471.3ow45vhwbzuu5incsxmygykede.cx.internal.cloudapp.net ip:10.1.0.11
2022-03-04 02:16:19,712 [org.apache.hadoop.util.JvmPauseMonitor$Monitor@2f157b0d] INFO  util.JvmPauseMonitor (JvmPauseMonitor.java:run(188)) - Starting JVM pause monitor
2022-03-04 02:16:19,716 [Datanode State Machine Task Thread - 0] INFO  ha.SCMNodeInfo (SCMNodeInfo.java:getPort(197)) - ConfigKey ozone.scm.client.address is deprecated, For configuring different ports for each SCM use PortConfigKey ozone.scm.client.port appended with serviceId and nodeId
2022-03-04 02:16:19,716 [Datanode State Machine Task Thread - 0] INFO  ha.SCMNodeInfo (SCMNodeInfo.java:getPort(197)) - ConfigKey ozone.scm.block.client.address is deprecated, For configuring different ports for each SCM use PortConfigKey ozone.scm.block.client.port appended with serviceId and nodeId
2022-03-04 02:16:19,716 [Datanode State Machine Task Thread - 0] INFO  ha.SCMNodeInfo (SCMNodeInfo.java:getPort(197)) - ConfigKey ozone.scm.datanode.address is deprecated, For configuring different ports for each SCM use PortConfigKey ozone.scm.datanode.port appended with serviceId and nodeId
2022-03-04 02:16:19,716 [Datanode State Machine Task Thread - 0] INFO  ha.SCMNodeInfo (SCMNodeInfo.java:getPort(197)) - ConfigKey ozone.scm.client.address is deprecated, For configuring different ports for each SCM use PortConfigKey ozone.scm.client.port appended with serviceId and nodeId
2022-03-04 02:16:19,716 [Datanode State Machine Task Thread - 0] INFO  ha.SCMNodeInfo (SCMNodeInfo.java:getPort(197)) - ConfigKey ozone.scm.block.client.address is deprecated, For configuring different ports for each SCM use PortConfigKey ozone.scm.block.client.port appended with serviceId and nodeId
2022-03-04 02:16:19,717 [Datanode State Machine Task Thread - 0] INFO  ha.SCMNodeInfo (SCMNodeInfo.java:getPort(197)) - ConfigKey ozone.scm.datanode.address is deprecated, For configuring different ports for each SCM use PortConfigKey ozone.scm.datanode.port appended with serviceId and nodeId
2022-03-04 02:16:19,717 [Datanode State Machine Task Thread - 0] INFO  ha.SCMNodeInfo (SCMNodeInfo.java:getPort(197)) - ConfigKey ozone.scm.client.address is deprecated, For configuring different ports for each SCM use PortConfigKey ozone.scm.client.port appended with serviceId and nodeId
2022-03-04 02:16:19,718 [Datanode State Machine Task Thread - 0] INFO  ha.SCMNodeInfo (SCMNodeInfo.java:getPort(197)) - ConfigKey ozone.scm.block.client.address is deprecated, For configuring different ports for each SCM use PortConfigKey ozone.scm.block.client.port appended with serviceId and nodeId
2022-03-04 02:16:19,718 [Datanode State Machine Task Thread - 0] INFO  ha.SCMNodeInfo (SCMNodeInfo.java:getPort(197)) - ConfigKey ozone.scm.datanode.address is deprecated, For configuring different ports for each SCM use PortConfigKey ozone.scm.datanode.port appended with serviceId and nodeId
2022-03-04 02:16:19,719 [Datanode State Machine Task Thread - 0] INFO  datanode.InitDatanodeState (InitDatanodeState.java:persistContainerDatanodeDetails(138)) - DatanodeDetails is persisted to /home/runner/work/ozone/ozone/hadoop-ozone/integration-test/target/test-dir/MiniOzoneClusterImpl-ba78f66b-c31d-4d73-90ed-a031934b8290/datanode-1/meta/datanode.id
2022-03-04 02:16:19,726 [Listener at 127.0.0.1/44533] INFO  upgrade.AbstractLayoutVersionManager (AbstractLayoutVersionManager.java:init(79)) - Initializing Layout version manager with metadata layout = SCM_HA (version = 2), software layout = SCM_HA (version = 2)
2022-03-04 02:16:19,760 [omNode-1@group-523986131536-FollowerState] INFO  impl.FollowerState (FollowerState.java:run(134)) - omNode-1@group-523986131536-FollowerState: change to CANDIDATE, lastRpcElapsedTime:1041387495ns, electionTimeout:1008ms
2022-03-04 02:16:19,760 [omNode-1@group-523986131536-FollowerState] INFO  impl.RoleInfo (RoleInfo.java:shutdownFollowerState(108)) - omNode-1: shutdown omNode-1@group-523986131536-FollowerState
2022-03-04 02:16:19,760 [omNode-1@group-523986131536-FollowerState] INFO  server.RaftServer$Division (RaftServerImpl.java:setRole(290)) - omNode-1@group-523986131536: changes role from  FOLLOWER to CANDIDATE at term 0 for changeToCandidate
2022-03-04 02:16:19,760 [omNode-1@group-523986131536-FollowerState] INFO  server.RaftServerConfigKeys (ConfUtils.java:logGet(44)) - raft.server.leaderelection.pre-vote = false (custom)
2022-03-04 02:16:19,761 [omNode-1@group-523986131536-FollowerState] INFO  impl.RoleInfo (RoleInfo.java:updateAndGet(130)) - omNode-1: start omNode-1@group-523986131536-LeaderElection17
2022-03-04 02:16:19,786 [omNode-1@group-523986131536-LeaderElection17] INFO  impl.LeaderElection (LeaderElection.java:askForVotes(306)) - omNode-1@group-523986131536-LeaderElection17 ELECTION round 0: submit vote requests at term 1 for -1: [omNode-1|rpc:localhost:34329|priority:0], old=null
2022-03-04 02:16:19,786 [omNode-1@group-523986131536-LeaderElection17] INFO  impl.LeaderElection (LeaderElection.java:askForVotes(308)) - omNode-1@group-523986131536-LeaderElection17 ELECTION round 0: result PASSED (term=1)
2022-03-04 02:16:19,786 [omNode-1@group-523986131536-LeaderElection17] INFO  impl.RoleInfo (RoleInfo.java:shutdownLeaderElection(121)) - omNode-1: shutdown omNode-1@group-523986131536-LeaderElection17
2022-03-04 02:16:19,786 [omNode-1@group-523986131536-LeaderElection17] INFO  server.RaftServer$Division (RaftServerImpl.java:setRole(290)) - omNode-1@group-523986131536: changes role from CANDIDATE to LEADER at term 1 for changeToLeader
2022-03-04 02:16:19,786 [omNode-1@group-523986131536-LeaderElection17] INFO  server.RaftServer$Division (ServerState.java:setLeader(285)) - omNode-1@group-523986131536: change Leader from null to omNode-1 at term 1 for becomeLeader, leader elected after 1136ms
2022-03-04 02:16:19,786 [omNode-1@group-523986131536-LeaderElection17] INFO  server.RaftServerConfigKeys (ConfUtils.java:logGet(44)) - raft.server.staging.catchup.gap = 1000 (default)
2022-03-04 02:16:19,786 [omNode-1@group-523986131536-LeaderElection17] INFO  server.RaftServerConfigKeys (ConfUtils.java:logGet(44)) - raft.server.write.element-limit = 4096 (default)
2022-03-04 02:16:19,786 [omNode-1@group-523986131536-LeaderElection17] INFO  server.RaftServerConfigKeys (ConfUtils.java:logGet(44)) - raft.server.write.byte-limit = 64MB (=67108864) (default)
2022-03-04 02:16:19,787 [omNode-1@group-523986131536-LeaderElection17] INFO  server.RaftServerConfigKeys (ConfUtils.java:logGet(44)) - raft.server.watch.timeout = 10s (default)
2022-03-04 02:16:19,787 [omNode-1@group-523986131536-LeaderElection17] INFO  server.RaftServerConfigKeys (ConfUtils.java:logGet(44)) - raft.server.watch.timeout.denomination = 1s (default)
2022-03-04 02:16:19,787 [omNode-1@group-523986131536-LeaderElection17] INFO  server.RaftServerConfigKeys (ConfUtils.java:logGet(44)) - raft.server.watch.element-limit = 65536 (default)
2022-03-04 02:16:19,787 [omNode-1@group-523986131536-LeaderElection17] INFO  server.RaftServerConfigKeys (ConfUtils.java:logGet(44)) - raft.server.write.element-limit = 4096 (default)
2022-03-04 02:16:19,787 [omNode-1@group-523986131536-LeaderElection17] INFO  server.RaftServerConfigKeys (ConfUtils.java:logGet(44)) - raft.server.write.follower.gap.ratio.max = -1.0 (default)
2022-03-04 02:16:19,787 [omNode-1@group-523986131536-LeaderElection17] INFO  impl.RoleInfo (RoleInfo.java:updateAndGet(130)) - omNode-1: start omNode-1@group-523986131536-LeaderStateImpl
2022-03-04 02:16:19,787 [omNode-1@group-523986131536-LeaderElection17] INFO  segmented.SegmentedRaftLogWorker (SegmentedRaftLogWorker.java:startLogSegment(394)) - omNode-1@group-523986131536-SegmentedRaftLogWorker: Starting segment from index:0
2022-03-04 02:16:19,815 [omNode-1@group-523986131536-SegmentedRaftLogWorker] INFO  segmented.SegmentedRaftLogWorker (SegmentedRaftLogWorker.java:execute(601)) - omNode-1@group-523986131536-SegmentedRaftLogWorker: created new log segment /home/runner/work/ozone/ozone/hadoop-ozone/integration-test/target/test-dir/MiniOzoneClusterImpl-ba78f66b-c31d-4d73-90ed-a031934b8290/omNode-1/ratis/c9bc4cf4-3bc3-3c60-a66b-523986131536/current/log_inprogress_0
2022-03-04 02:16:19,819 [omNode-1@group-523986131536-LeaderElection17] INFO  server.RaftServer$Division (ServerState.java:setRaftConf(387)) - omNode-1@group-523986131536: set configuration 0: [omNode-1|rpc:localhost:34329|admin:|client:|dataStream:|priority:0], old=null
2022-03-04 02:16:19,822 [omNode-1@group-523986131536-StateMachineUpdater] INFO  ratis.OzoneManagerStateMachine (OzoneManagerStateMachine.java:notifyConfigurationChanged(188)) - Received Configuration change notification from Ratis. New Peer list:
[id: "omNode-1"
address: "localhost:34329"
]
2022-03-04 02:16:19,860 [Listener at 127.0.0.1/44533] INFO  reflections.Reflections (Reflections.java:scan(232)) - Reflections took 133 ms to scan 7 urls, producing 122 keys and 286 values 
2022-03-04 02:16:19,861 [Listener at 127.0.0.1/44533] INFO  ha.SCMNodeInfo (SCMNodeInfo.java:getPort(197)) - ConfigKey ozone.scm.client.address is deprecated, For configuring different ports for each SCM use PortConfigKey ozone.scm.client.port appended with serviceId and nodeId
2022-03-04 02:16:19,862 [Listener at 127.0.0.1/44533] INFO  ha.SCMNodeInfo (SCMNodeInfo.java:getPort(197)) - ConfigKey ozone.scm.block.client.address is deprecated, For configuring different ports for each SCM use PortConfigKey ozone.scm.block.client.port appended with serviceId and nodeId
2022-03-04 02:16:19,862 [Listener at 127.0.0.1/44533] INFO  ha.SCMNodeInfo (SCMNodeInfo.java:getPort(197)) - ConfigKey ozone.scm.datanode.address is deprecated, For configuring different ports for each SCM use PortConfigKey ozone.scm.datanode.port appended with serviceId and nodeId
2022-03-04 02:16:19,862 [Listener at 127.0.0.1/44533] INFO  ha.SCMNodeInfo (SCMNodeInfo.java:getPort(197)) - ConfigKey ozone.scm.client.address is deprecated, For configuring different ports for each SCM use PortConfigKey ozone.scm.client.port appended with serviceId and nodeId
2022-03-04 02:16:19,862 [Listener at 127.0.0.1/44533] INFO  ha.SCMNodeInfo (SCMNodeInfo.java:getPort(197)) - ConfigKey ozone.scm.block.client.address is deprecated, For configuring different ports for each SCM use PortConfigKey ozone.scm.block.client.port appended with serviceId and nodeId
2022-03-04 02:16:19,862 [Listener at 127.0.0.1/44533] INFO  ha.SCMNodeInfo (SCMNodeInfo.java:getPort(197)) - ConfigKey ozone.scm.datanode.address is deprecated, For configuring different ports for each SCM use PortConfigKey ozone.scm.datanode.port appended with serviceId and nodeId
2022-03-04 02:16:19,862 [Listener at 127.0.0.1/44533] INFO  ha.SCMNodeInfo (SCMNodeInfo.java:getPort(197)) - ConfigKey ozone.scm.client.address is deprecated, For configuring different ports for each SCM use PortConfigKey ozone.scm.client.port appended with serviceId and nodeId
2022-03-04 02:16:19,862 [Listener at 127.0.0.1/44533] INFO  ha.SCMNodeInfo (SCMNodeInfo.java:getPort(197)) - ConfigKey ozone.scm.block.client.address is deprecated, For configuring different ports for each SCM use PortConfigKey ozone.scm.block.client.port appended with serviceId and nodeId
2022-03-04 02:16:19,862 [Listener at 127.0.0.1/44533] INFO  ha.SCMNodeInfo (SCMNodeInfo.java:getPort(197)) - ConfigKey ozone.scm.datanode.address is deprecated, For configuring different ports for each SCM use PortConfigKey ozone.scm.datanode.port appended with serviceId and nodeId
2022-03-04 02:16:19,863 [Listener at 127.0.0.1/44533] INFO  statemachine.DatanodeStateMachine (DatanodeStateMachine.java:getEndPointTaskThreadPoolSize(222)) - Datanode State Machine Task Thread Pool size 4
2022-03-04 02:16:19,880 [Listener at 127.0.0.1/44533] INFO  volume.HddsVolume (HddsVolume.java:<init>(120)) - Creating HddsVolume: /home/runner/work/ozone/ozone/hadoop-ozone/integration-test/target/test-dir/MiniOzoneClusterImpl-ba78f66b-c31d-4d73-90ed-a031934b8290/datanode-2/data-0/containers/hdds of storage type : DISK capacity : 9223372036854775807
2022-03-04 02:16:19,883 [EndpointStateMachine task thread for /127.0.0.1:42427 - 0 ] INFO  ipc.Client (Client.java:handleConnectionFailure(977)) - Retrying connect to server: localhost/127.0.0.1:42427. Already tried 9 time(s); retry policy is RetryUpToMaximumCountWithFixedSleep(maxRetries=15, sleepTime=1000 MILLISECONDS)
2022-03-04 02:16:19,883 [EndpointStateMachine task thread for /127.0.0.1:42491 - 0 ] INFO  ipc.Client (Client.java:handleConnectionFailure(977)) - Retrying connect to server: localhost/127.0.0.1:42491. Already tried 9 time(s); retry policy is RetryUpToMaximumCountWithFixedSleep(maxRetries=15, sleepTime=1000 MILLISECONDS)
2022-03-04 02:16:19,884 [EndpointStateMachine task thread for /127.0.0.1:35517 - 0 ] INFO  ipc.Client (Client.java:handleConnectionFailure(977)) - Retrying connect to server: localhost/127.0.0.1:35517. Already tried 9 time(s); retry policy is RetryUpToMaximumCountWithFixedSleep(maxRetries=15, sleepTime=1000 MILLISECONDS)
2022-03-04 02:16:19,884 [Listener at 127.0.0.1/44533] INFO  volume.MutableVolumeSet (MutableVolumeSet.java:initializeVolumeSet(168)) - Added Volume : /home/runner/work/ozone/ozone/hadoop-ozone/integration-test/target/test-dir/MiniOzoneClusterImpl-ba78f66b-c31d-4d73-90ed-a031934b8290/datanode-2/data-0/containers/hdds to VolumeSet
2022-03-04 02:16:19,884 [Listener at 127.0.0.1/44533] INFO  volume.ThrottledAsyncChecker (ThrottledAsyncChecker.java:schedule(141)) - Scheduling a check for /home/runner/work/ozone/ozone/hadoop-ozone/integration-test/target/test-dir/MiniOzoneClusterImpl-ba78f66b-c31d-4d73-90ed-a031934b8290/datanode-2/data-0/containers/hdds
2022-03-04 02:16:19,903 [Listener at 127.0.0.1/44533] INFO  volume.StorageVolumeChecker (StorageVolumeChecker.java:checkAllVolumes(202)) - Scheduled health check for volume /home/runner/work/ozone/ozone/hadoop-ozone/integration-test/target/test-dir/MiniOzoneClusterImpl-ba78f66b-c31d-4d73-90ed-a031934b8290/datanode-2/data-0/containers/hdds
2022-03-04 02:16:19,936 [Listener at 127.0.0.1/44533] INFO  volume.MutableVolumeSet (MutableVolumeSet.java:initializeVolumeSet(168)) - Added Volume : /home/runner/work/ozone/ozone/hadoop-ozone/integration-test/target/test-dir/MiniOzoneClusterImpl-ba78f66b-c31d-4d73-90ed-a031934b8290/datanode-2/data/ratis to VolumeSet
2022-03-04 02:16:19,936 [Listener at 127.0.0.1/44533] INFO  volume.ThrottledAsyncChecker (ThrottledAsyncChecker.java:schedule(141)) - Scheduling a check for /home/runner/work/ozone/ozone/hadoop-ozone/integration-test/target/test-dir/MiniOzoneClusterImpl-ba78f66b-c31d-4d73-90ed-a031934b8290/datanode-2/data/ratis
2022-03-04 02:16:19,937 [Listener at 127.0.0.1/44533] INFO  volume.StorageVolumeChecker (StorageVolumeChecker.java:checkAllVolumes(202)) - Scheduled health check for volume /home/runner/work/ozone/ozone/hadoop-ozone/integration-test/target/test-dir/MiniOzoneClusterImpl-ba78f66b-c31d-4d73-90ed-a031934b8290/datanode-2/data/ratis
2022-03-04 02:16:19,997 [Thread-1472] INFO  ozoneimpl.ContainerReader (ContainerReader.java:readVolume(172)) - Finish verifying containers on volume /home/runner/work/ozone/ozone/hadoop-ozone/integration-test/target/test-dir/MiniOzoneClusterImpl-ba78f66b-c31d-4d73-90ed-a031934b8290/datanode-2/data-0/containers/hdds
2022-03-04 02:16:19,997 [Listener at 127.0.0.1/44533] INFO  ozoneimpl.OzoneContainer (OzoneContainer.java:buildContainerSet(257)) - Build ContainerSet costs 0s
2022-03-04 02:16:20,000 [Listener at 127.0.0.1/44533] INFO  server.RaftServer (ConfUtils.java:logGet(44)) - raft.rpc.type = GRPC (default)
2022-03-04 02:16:20,000 [Listener at 127.0.0.1/44533] INFO  grpc.GrpcFactory (GrpcFactory.java:checkPooledByteBufAllocatorUseCacheForAllThreads(48)) - PERFORMANCE WARNING: useCacheForAllThreads is true that may cause Netty to create a lot garbage objects and, as a result, trigger GC.
	It is recommended to disable useCacheForAllThreads by setting -Dorg.apache.ratis.thirdparty.io.netty.allocator.useCacheForAllThreads=false in command line.
2022-03-04 02:16:20,000 [Listener at 127.0.0.1/44533] INFO  grpc.GrpcConfigKeys (ConfUtils.java:logGet(44)) - raft.grpc.admin.port = 0 (custom)
2022-03-04 02:16:20,000 [Listener at 127.0.0.1/44533] INFO  grpc.GrpcConfigKeys (ConfUtils.java:logGet(44)) - raft.grpc.client.port = 0 (custom)
2022-03-04 02:16:20,001 [Listener at 127.0.0.1/44533] INFO  grpc.GrpcConfigKeys (ConfUtils.java:logGet(44)) - raft.grpc.server.port = 0 (default)
2022-03-04 02:16:20,001 [Listener at 127.0.0.1/44533] INFO  server.GrpcService (ConfUtils.java:logGet(44)) - raft.grpc.message.size.max = 32MB (=33554432) (custom)
2022-03-04 02:16:20,001 [Listener at 127.0.0.1/44533] INFO  server.RaftServerConfigKeys (ConfUtils.java:logGet(44)) - raft.server.log.appender.buffer.byte-limit = 33554432 (custom)
2022-03-04 02:16:20,001 [Listener at 127.0.0.1/44533] INFO  server.GrpcService (ConfUtils.java:logGet(44)) - raft.grpc.flow.control.window = 5MB (=5242880) (custom)
2022-03-04 02:16:20,001 [Listener at 127.0.0.1/44533] INFO  server.RaftServerConfigKeys (ConfUtils.java:logGet(44)) - raft.server.rpc.request.timeout = 60s (custom)
2022-03-04 02:16:20,002 [Listener at 127.0.0.1/44533] INFO  impl.DataStreamServerImpl (ConfUtils.java:logGet(44)) - raft.datastream.type = DISABLED (default)
2022-03-04 02:16:20,003 [Listener at 127.0.0.1/44533] INFO  server.RaftServerConfigKeys (ConfUtils.java:logGet(44)) - raft.server.rpc.slowness.timeout = 300s (custom)
2022-03-04 02:16:20,003 [Listener at 127.0.0.1/44533] INFO  server.RaftServerConfigKeys (ConfUtils.java:logGet(44)) - raft.server.leaderelection.leader.step-down.wait-time = 10s (default)
2022-03-04 02:16:20,012 [Listener at 127.0.0.1/44533] INFO  server.RaftServerConfigKeys (ConfUtils.java:logGet(44)) - raft.server.storage.dir = [/home/runner/work/ozone/ozone/hadoop-ozone/integration-test/target/test-dir/MiniOzoneClusterImpl-ba78f66b-c31d-4d73-90ed-a031934b8290/datanode-2/data/ratis] (custom)
2022-03-04 02:16:20,013 [Listener at 127.0.0.1/44533] INFO  server.XceiverServerGrpc (XceiverServerGrpc.java:<init>(132)) - GrpcServer channel type EpollServerSocketChannel
2022-03-04 02:16:20,032 [Listener at 127.0.0.1/44533] INFO  http.BaseHttpServer (BaseHttpServer.java:newHttpServer2BuilderForOzone(209)) - Starting Web-server for hddsDatanode at: http://0.0.0.0:0
2022-03-04 02:16:20,032 [Listener at 127.0.0.1/44533] INFO  http.BaseHttpServer (BaseHttpServer.java:<init>(107)) - Hadoop Security Enabled: false Ozone Security Enabled: false Ozone HTTP Security Enabled: false 
2022-03-04 02:16:20,033 [Listener at 127.0.0.1/44533] INFO  server.AuthenticationFilter (AuthenticationFilter.java:constructSecretProvider(240)) - Unable to initialize FileSignerSecretProvider, falling back to use random secrets.
2022-03-04 02:16:20,047 [Listener at 127.0.0.1/44533] WARN  http.HttpRequestLog (HttpRequestLog.java:getRequestLog(103)) - Jetty request log can only be enabled using Log4j
2022-03-04 02:16:20,048 [Listener at 127.0.0.1/44533] INFO  http.HttpServer2 (HttpServer2.java:addGlobalFilter(1030)) - Added global filter 'safety' (class=org.apache.hadoop.hdds.server.http.HttpServer2$QuotingInputFilter)
2022-03-04 02:16:20,048 [Listener at 127.0.0.1/44533] INFO  http.HttpServer2 (HttpServer2.java:addFilter(1006)) - Added filter static_user_filter (class=org.apache.hadoop.http.lib.StaticUserWebFilter$StaticUserFilter) to context hddsDatanode
2022-03-04 02:16:20,049 [Listener at 127.0.0.1/44533] INFO  http.HttpServer2 (HttpServer2.java:addFilter(1014)) - Added filter static_user_filter (class=org.apache.hadoop.http.lib.StaticUserWebFilter$StaticUserFilter) to context static
2022-03-04 02:16:20,049 [Listener at 127.0.0.1/44533] INFO  http.HttpServer2 (HttpServer2.java:addFilter(1014)) - Added filter static_user_filter (class=org.apache.hadoop.http.lib.StaticUserWebFilter$StaticUserFilter) to context logs
2022-03-04 02:16:20,049 [Listener at 127.0.0.1/44533] INFO  http.HttpServer2 (HttpServer2.java:bindListener(1249)) - Jetty bound to port 41615
2022-03-04 02:16:20,049 [Listener at 127.0.0.1/44533] INFO  server.Server (Server.java:doStart(375)) - jetty-9.4.43.v20210629; built: 2021-06-30T11:07:22.254Z; git: 526006ecfa3af7f1a27ef3a288e2bef7ea9dd7e8; jvm 1.8.0_322-b06
2022-03-04 02:16:20,080 [Listener at 127.0.0.1/44533] INFO  server.session (DefaultSessionIdManager.java:doStart(334)) - DefaultSessionIdManager workerName=node0
2022-03-04 02:16:20,080 [Listener at 127.0.0.1/44533] INFO  server.session (DefaultSessionIdManager.java:doStart(339)) - No SessionScavenger set, using defaults
2022-03-04 02:16:20,080 [Listener at 127.0.0.1/44533] INFO  server.session (HouseKeeper.java:startScavenging(132)) - node0 Scavenging every 660000ms
2022-03-04 02:16:20,084 [Listener at 127.0.0.1/44533] INFO  handler.ContextHandler (ContextHandler.java:doStart(915)) - Started o.e.j.s.ServletContextHandler@489541f8{logs,/logs,file:///home/runner/work/ozone/ozone/hadoop-ozone/integration-test/target/log,AVAILABLE}
2022-03-04 02:16:20,085 [Listener at 127.0.0.1/44533] INFO  handler.ContextHandler (ContextHandler.java:doStart(915)) - Started o.e.j.s.ServletContextHandler@e31b415{static,/static,jar:file:/home/runner/.m2/repository/org/apache/ozone/hdds-container-service/1.3.0-SNAPSHOT/hdds-container-service-1.3.0-SNAPSHOT.jar!/webapps/static,AVAILABLE}
2022-03-04 02:16:20,195 [Listener at 127.0.0.1/44533] INFO  handler.ContextHandler (ContextHandler.java:doStart(915)) - Started o.e.j.w.WebAppContext@6332f548{hddsDatanode,/,file:///tmp/jetty-0_0_0_0-41615-hdds-container-service-1_3_0-SNAPSHOT_jar-_-any-251540988264523574/webapp/,AVAILABLE}{jar:file:/home/runner/.m2/repository/org/apache/ozone/hdds-container-service/1.3.0-SNAPSHOT/hdds-container-service-1.3.0-SNAPSHOT.jar!/webapps/hddsDatanode}
2022-03-04 02:16:20,209 [Listener at 127.0.0.1/44533] INFO  server.AbstractConnector (AbstractConnector.java:doStart(331)) - Started ServerConnector@7027c359{HTTP/1.1, (http/1.1)}{0.0.0.0:41615}
2022-03-04 02:16:20,209 [Listener at 127.0.0.1/44533] INFO  server.Server (Server.java:doStart(415)) - Started @91828ms
2022-03-04 02:16:20,209 [Listener at 127.0.0.1/44533] WARN  impl.MetricsSystemImpl (MetricsSystemImpl.java:register(279)) - Sink prometheus already exists!
2022-03-04 02:16:20,210 [Listener at 127.0.0.1/44533] INFO  http.BaseHttpServer (BaseHttpServer.java:updateConnectorAddress(329)) - HTTP server of hddsDatanode listening at http://0.0.0.0:41615
2022-03-04 02:16:20,211 [Listener at 127.0.0.1/44533] INFO  ozone.MiniOzoneClusterImpl (MiniOzoneClusterImpl.java:lambda$waitForClusterToBeReady$0(219)) - Waiting for nodes to be ready. Got 0 of 3 DN Heartbeats.
2022-03-04 02:16:20,211 [Listener at 127.0.0.1/44533] INFO  ozone.MiniOzoneClusterImpl (MiniOzoneClusterImpl.java:lambda$waitForClusterToBeReady$0(222)) - Waiting for cluster to exit safe mode
2022-03-04 02:16:20,211 [Listener at 127.0.0.1/44533] INFO  ozone.MiniOzoneClusterImpl (MiniOzoneClusterImpl.java:lambda$waitForClusterToBeReady$0(224)) - SCM became leader
2022-03-04 02:16:20,231 [Datanode State Machine Daemon Thread] INFO  statemachine.DatanodeStateMachine (DatanodeStateMachine.java:lambda$startDaemon$0(470)) - Ozone container server started.
2022-03-04 02:16:20,278 [Datanode State Machine Task Thread - 0] INFO  ha.SCMNodeInfo (SCMNodeInfo.java:getPort(197)) - ConfigKey ozone.scm.client.address is deprecated, For configuring different ports for each SCM use PortConfigKey ozone.scm.client.port appended with serviceId and nodeId
2022-03-04 02:16:20,279 [Datanode State Machine Task Thread - 0] INFO  ha.SCMNodeInfo (SCMNodeInfo.java:getPort(197)) - ConfigKey ozone.scm.block.client.address is deprecated, For configuring different ports for each SCM use PortConfigKey ozone.scm.block.client.port appended with serviceId and nodeId
2022-03-04 02:16:20,279 [Datanode State Machine Task Thread - 0] INFO  ha.SCMNodeInfo (SCMNodeInfo.java:getPort(197)) - ConfigKey ozone.scm.datanode.address is deprecated, For configuring different ports for each SCM use PortConfigKey ozone.scm.datanode.port appended with serviceId and nodeId
2022-03-04 02:16:20,279 [Datanode State Machine Task Thread - 0] INFO  ha.SCMNodeInfo (SCMNodeInfo.java:getPort(197)) - ConfigKey ozone.scm.client.address is deprecated, For configuring different ports for each SCM use PortConfigKey ozone.scm.client.port appended with serviceId and nodeId
2022-03-04 02:16:20,279 [Datanode State Machine Task Thread - 0] INFO  ha.SCMNodeInfo (SCMNodeInfo.java:getPort(197)) - ConfigKey ozone.scm.block.client.address is deprecated, For configuring different ports for each SCM use PortConfigKey ozone.scm.block.client.port appended with serviceId and nodeId
2022-03-04 02:16:20,279 [Datanode State Machine Task Thread - 0] INFO  ha.SCMNodeInfo (SCMNodeInfo.java:getPort(197)) - ConfigKey ozone.scm.datanode.address is deprecated, For configuring different ports for each SCM use PortConfigKey ozone.scm.datanode.port appended with serviceId and nodeId
2022-03-04 02:16:20,279 [Datanode State Machine Task Thread - 0] INFO  ha.SCMNodeInfo (SCMNodeInfo.java:getPort(197)) - ConfigKey ozone.scm.client.address is deprecated, For configuring different ports for each SCM use PortConfigKey ozone.scm.client.port appended with serviceId and nodeId
2022-03-04 02:16:20,279 [Datanode State Machine Task Thread - 0] INFO  ha.SCMNodeInfo (SCMNodeInfo.java:getPort(197)) - ConfigKey ozone.scm.block.client.address is deprecated, For configuring different ports for each SCM use PortConfigKey ozone.scm.block.client.port appended with serviceId and nodeId
2022-03-04 02:16:20,279 [Datanode State Machine Task Thread - 0] INFO  ha.SCMNodeInfo (SCMNodeInfo.java:getPort(197)) - ConfigKey ozone.scm.datanode.address is deprecated, For configuring different ports for each SCM use PortConfigKey ozone.scm.datanode.port appended with serviceId and nodeId
2022-03-04 02:16:20,279 [org.apache.hadoop.util.JvmPauseMonitor$Monitor@774eca68] INFO  util.JvmPauseMonitor (JvmPauseMonitor.java:run(188)) - Starting JVM pause monitor
2022-03-04 02:16:20,281 [Datanode State Machine Task Thread - 0] INFO  datanode.InitDatanodeState (InitDatanodeState.java:persistContainerDatanodeDetails(138)) - DatanodeDetails is persisted to /home/runner/work/ozone/ozone/hadoop-ozone/integration-test/target/test-dir/MiniOzoneClusterImpl-ba78f66b-c31d-4d73-90ed-a031934b8290/datanode-2/meta/datanode.id
2022-03-04 02:16:20,883 [EndpointStateMachine task thread for /127.0.0.1:42427 - 0 ] INFO  ipc.Client (Client.java:handleConnectionFailure(977)) - Retrying connect to server: localhost/127.0.0.1:42427. Already tried 10 time(s); retry policy is RetryUpToMaximumCountWithFixedSleep(maxRetries=15, sleepTime=1000 MILLISECONDS)
2022-03-04 02:16:20,884 [EndpointStateMachine task thread for /127.0.0.1:42491 - 0 ] INFO  ipc.Client (Client.java:handleConnectionFailure(977)) - Retrying connect to server: localhost/127.0.0.1:42491. Already tried 10 time(s); retry policy is RetryUpToMaximumCountWithFixedSleep(maxRetries=15, sleepTime=1000 MILLISECONDS)
2022-03-04 02:16:20,884 [EndpointStateMachine task thread for /127.0.0.1:35517 - 0 ] INFO  ipc.Client (Client.java:handleConnectionFailure(977)) - Retrying connect to server: localhost/127.0.0.1:35517. Already tried 10 time(s); retry policy is RetryUpToMaximumCountWithFixedSleep(maxRetries=15, sleepTime=1000 MILLISECONDS)
2022-03-04 02:16:21,211 [Listener at 127.0.0.1/44533] INFO  ozone.MiniOzoneClusterImpl (MiniOzoneClusterImpl.java:lambda$waitForClusterToBeReady$0(219)) - Waiting for nodes to be ready. Got 0 of 3 DN Heartbeats.
2022-03-04 02:16:21,211 [Listener at 127.0.0.1/44533] INFO  ozone.MiniOzoneClusterImpl (MiniOzoneClusterImpl.java:lambda$waitForClusterToBeReady$0(222)) - Waiting for cluster to exit safe mode
2022-03-04 02:16:21,212 [Listener at 127.0.0.1/44533] INFO  ozone.MiniOzoneClusterImpl (MiniOzoneClusterImpl.java:lambda$waitForClusterToBeReady$0(224)) - SCM became leader
2022-03-04 02:16:21,400 [EndpointStateMachine task thread for /127.0.0.1:33931 - 0 ] INFO  ozoneimpl.OzoneContainer (OzoneContainer.java:start(335)) - Attempting to start container services.
2022-03-04 02:16:21,400 [EndpointStateMachine task thread for /127.0.0.1:33931 - 0 ] INFO  ozoneimpl.OzoneContainer (OzoneContainer.java:startContainerScrub(270)) - Background container scanner has been disabled.
2022-03-04 02:16:21,406 [EndpointStateMachine task thread for /127.0.0.1:33931 - 0 ] INFO  replication.ReplicationServer (ReplicationServer.java:start(111)) - ReplicationServer is started using port 42743
2022-03-04 02:16:21,410 [EndpointStateMachine task thread for /127.0.0.1:33931 - 0 ] INFO  ratis.XceiverServerRatis (XceiverServerRatis.java:start(485)) - Starting XceiverServerRatis f00d6bae-b380-4908-b4bb-8059ffec7328
2022-03-04 02:16:21,416 [EndpointStateMachine task thread for /127.0.0.1:33931 - 0 ] INFO  server.RaftServer (RaftServerProxy.java:lambda$start$5(374)) - f00d6bae-b380-4908-b4bb-8059ffec7328: start RPC server
2022-03-04 02:16:21,424 [EndpointStateMachine task thread for /127.0.0.1:33931 - 0 ] INFO  server.GrpcService (GrpcService.java:startImpl(253)) - f00d6bae-b380-4908-b4bb-8059ffec7328: GrpcService started, listening on 36009
2022-03-04 02:16:21,432 [EndpointStateMachine task thread for /127.0.0.1:33931 - 0 ] INFO  ratis.XceiverServerRatis (XceiverServerRatis.java:getRealPort(506)) - XceiverServerRatis f00d6bae-b380-4908-b4bb-8059ffec7328 is started using port 36009 for RATIS
2022-03-04 02:16:21,432 [EndpointStateMachine task thread for /127.0.0.1:33931 - 0 ] INFO  ratis.XceiverServerRatis (XceiverServerRatis.java:getRealPort(506)) - XceiverServerRatis f00d6bae-b380-4908-b4bb-8059ffec7328 is started using port 36009 for RATIS_ADMIN
2022-03-04 02:16:21,432 [EndpointStateMachine task thread for /127.0.0.1:33931 - 0 ] INFO  ratis.XceiverServerRatis (XceiverServerRatis.java:getRealPort(506)) - XceiverServerRatis f00d6bae-b380-4908-b4bb-8059ffec7328 is started using port 36009 for RATIS_SERVER
2022-03-04 02:16:21,432 [org.apache.ratis.util.JvmPauseMonitor$$Lambda$503/666911607@63a8b75c] INFO  util.JvmPauseMonitor (JvmPauseMonitor.java:run(103)) - JvmPauseMonitor-f00d6bae-b380-4908-b4bb-8059ffec7328: Started
2022-03-04 02:16:21,442 [EndpointStateMachine task thread for /127.0.0.1:33931 - 0 ] INFO  server.XceiverServerGrpc (XceiverServerGrpc.java:start(180)) - XceiverServerGrpc f00d6bae-b380-4908-b4bb-8059ffec7328 is started using port 42411
2022-03-04 02:16:21,455 [EndpointStateMachine task thread for /127.0.0.1:45947 - 0 ] INFO  ozoneimpl.OzoneContainer (OzoneContainer.java:start(331)) - Ignore. OzoneContainer already started.
2022-03-04 02:16:21,761 [EndpointStateMachine task thread for /127.0.0.1:33931 - 0 ] INFO  ozoneimpl.OzoneContainer (OzoneContainer.java:start(335)) - Attempting to start container services.
2022-03-04 02:16:21,761 [EndpointStateMachine task thread for /127.0.0.1:33931 - 0 ] INFO  ozoneimpl.OzoneContainer (OzoneContainer.java:startContainerScrub(270)) - Background container scanner has been disabled.
2022-03-04 02:16:21,762 [EndpointStateMachine task thread for /127.0.0.1:33931 - 0 ] INFO  replication.ReplicationServer (ReplicationServer.java:start(111)) - ReplicationServer is started using port 46643
2022-03-04 02:16:21,763 [EndpointStateMachine task thread for /127.0.0.1:33931 - 0 ] INFO  ratis.XceiverServerRatis (XceiverServerRatis.java:start(485)) - Starting XceiverServerRatis 58268bb1-183d-4eef-863f-1633152e0ae0
2022-03-04 02:16:21,763 [EndpointStateMachine task thread for /127.0.0.1:33931 - 0 ] INFO  server.RaftServer (RaftServerProxy.java:lambda$start$5(374)) - 58268bb1-183d-4eef-863f-1633152e0ae0: start RPC server
2022-03-04 02:16:21,770 [EndpointStateMachine task thread for /127.0.0.1:33931 - 0 ] INFO  server.GrpcService (GrpcService.java:startImpl(253)) - 58268bb1-183d-4eef-863f-1633152e0ae0: GrpcService started, listening on 34573
2022-03-04 02:16:21,772 [EndpointStateMachine task thread for /127.0.0.1:33931 - 0 ] INFO  ratis.XceiverServerRatis (XceiverServerRatis.java:getRealPort(506)) - XceiverServerRatis 58268bb1-183d-4eef-863f-1633152e0ae0 is started using port 34573 for RATIS
2022-03-04 02:16:21,772 [EndpointStateMachine task thread for /127.0.0.1:33931 - 0 ] INFO  ratis.XceiverServerRatis (XceiverServerRatis.java:getRealPort(506)) - XceiverServerRatis 58268bb1-183d-4eef-863f-1633152e0ae0 is started using port 34573 for RATIS_ADMIN
2022-03-04 02:16:21,772 [EndpointStateMachine task thread for /127.0.0.1:33931 - 0 ] INFO  ratis.XceiverServerRatis (XceiverServerRatis.java:getRealPort(506)) - XceiverServerRatis 58268bb1-183d-4eef-863f-1633152e0ae0 is started using port 34573 for RATIS_SERVER
2022-03-04 02:16:21,777 [EndpointStateMachine task thread for /127.0.0.1:33931 - 0 ] INFO  server.XceiverServerGrpc (XceiverServerGrpc.java:start(180)) - XceiverServerGrpc 58268bb1-183d-4eef-863f-1633152e0ae0 is started using port 46765
2022-03-04 02:16:21,779 [EndpointStateMachine task thread for /127.0.0.1:45947 - 0 ] INFO  ozoneimpl.OzoneContainer (OzoneContainer.java:start(331)) - Ignore. OzoneContainer already started.
2022-03-04 02:16:21,783 [org.apache.ratis.util.JvmPauseMonitor$$Lambda$503/666911607@2717f364] INFO  util.JvmPauseMonitor (JvmPauseMonitor.java:run(103)) - JvmPauseMonitor-58268bb1-183d-4eef-863f-1633152e0ae0: Started
2022-03-04 02:16:21,884 [EndpointStateMachine task thread for /127.0.0.1:42427 - 0 ] INFO  ipc.Client (Client.java:handleConnectionFailure(977)) - Retrying connect to server: localhost/127.0.0.1:42427. Already tried 11 time(s); retry policy is RetryUpToMaximumCountWithFixedSleep(maxRetries=15, sleepTime=1000 MILLISECONDS)
2022-03-04 02:16:21,885 [EndpointStateMachine task thread for /127.0.0.1:42491 - 0 ] INFO  ipc.Client (Client.java:handleConnectionFailure(977)) - Retrying connect to server: localhost/127.0.0.1:42491. Already tried 11 time(s); retry policy is RetryUpToMaximumCountWithFixedSleep(maxRetries=15, sleepTime=1000 MILLISECONDS)
2022-03-04 02:16:21,885 [EndpointStateMachine task thread for /127.0.0.1:35517 - 0 ] INFO  ipc.Client (Client.java:handleConnectionFailure(977)) - Retrying connect to server: localhost/127.0.0.1:35517. Already tried 11 time(s); retry policy is RetryUpToMaximumCountWithFixedSleep(maxRetries=15, sleepTime=1000 MILLISECONDS)
2022-03-04 02:16:22,212 [Listener at 127.0.0.1/44533] INFO  ozone.MiniOzoneClusterImpl (MiniOzoneClusterImpl.java:lambda$waitForClusterToBeReady$0(219)) - Waiting for nodes to be ready. Got 0 of 3 DN Heartbeats.
2022-03-04 02:16:22,212 [Listener at 127.0.0.1/44533] INFO  ozone.MiniOzoneClusterImpl (MiniOzoneClusterImpl.java:lambda$waitForClusterToBeReady$0(222)) - Waiting for cluster to exit safe mode
2022-03-04 02:16:22,212 [Listener at 127.0.0.1/44533] INFO  ozone.MiniOzoneClusterImpl (MiniOzoneClusterImpl.java:lambda$waitForClusterToBeReady$0(224)) - SCM became leader
2022-03-04 02:16:22,298 [EndpointStateMachine task thread for /127.0.0.1:33931 - 0 ] INFO  ozoneimpl.OzoneContainer (OzoneContainer.java:start(335)) - Attempting to start container services.
2022-03-04 02:16:22,298 [EndpointStateMachine task thread for /127.0.0.1:33931 - 0 ] INFO  ozoneimpl.OzoneContainer (OzoneContainer.java:startContainerScrub(270)) - Background container scanner has been disabled.
2022-03-04 02:16:22,304 [EndpointStateMachine task thread for /127.0.0.1:33931 - 0 ] INFO  replication.ReplicationServer (ReplicationServer.java:start(111)) - ReplicationServer is started using port 46099
2022-03-04 02:16:22,312 [EndpointStateMachine task thread for /127.0.0.1:33931 - 0 ] INFO  ratis.XceiverServerRatis (XceiverServerRatis.java:start(485)) - Starting XceiverServerRatis 9f78c5ee-b52e-497c-a9a6-ead92f3bbe55
2022-03-04 02:16:22,323 [EndpointStateMachine task thread for /127.0.0.1:33931 - 0 ] INFO  server.RaftServer (RaftServerProxy.java:lambda$start$5(374)) - 9f78c5ee-b52e-497c-a9a6-ead92f3bbe55: start RPC server
2022-03-04 02:16:22,324 [EndpointStateMachine task thread for /127.0.0.1:33931 - 0 ] INFO  server.GrpcService (GrpcService.java:startImpl(253)) - 9f78c5ee-b52e-497c-a9a6-ead92f3bbe55: GrpcService started, listening on 38517
2022-03-04 02:16:22,335 [EndpointStateMachine task thread for /127.0.0.1:33931 - 0 ] INFO  ratis.XceiverServerRatis (XceiverServerRatis.java:getRealPort(506)) - XceiverServerRatis 9f78c5ee-b52e-497c-a9a6-ead92f3bbe55 is started using port 38517 for RATIS
2022-03-04 02:16:22,335 [EndpointStateMachine task thread for /127.0.0.1:33931 - 0 ] INFO  ratis.XceiverServerRatis (XceiverServerRatis.java:getRealPort(506)) - XceiverServerRatis 9f78c5ee-b52e-497c-a9a6-ead92f3bbe55 is started using port 38517 for RATIS_ADMIN
2022-03-04 02:16:22,335 [EndpointStateMachine task thread for /127.0.0.1:33931 - 0 ] INFO  ratis.XceiverServerRatis (XceiverServerRatis.java:getRealPort(506)) - XceiverServerRatis 9f78c5ee-b52e-497c-a9a6-ead92f3bbe55 is started using port 38517 for RATIS_SERVER
2022-03-04 02:16:22,336 [org.apache.ratis.util.JvmPauseMonitor$$Lambda$503/666911607@6aad38a9] INFO  util.JvmPauseMonitor (JvmPauseMonitor.java:run(103)) - JvmPauseMonitor-9f78c5ee-b52e-497c-a9a6-ead92f3bbe55: Started
2022-03-04 02:16:22,340 [EndpointStateMachine task thread for /127.0.0.1:33931 - 0 ] INFO  server.XceiverServerGrpc (XceiverServerGrpc.java:start(180)) - XceiverServerGrpc 9f78c5ee-b52e-497c-a9a6-ead92f3bbe55 is started using port 34877
2022-03-04 02:16:22,344 [EndpointStateMachine task thread for /127.0.0.1:45947 - 0 ] INFO  ozoneimpl.OzoneContainer (OzoneContainer.java:start(331)) - Ignore. OzoneContainer already started.
2022-03-04 02:16:22,885 [EndpointStateMachine task thread for /127.0.0.1:42427 - 0 ] INFO  ipc.Client (Client.java:handleConnectionFailure(977)) - Retrying connect to server: localhost/127.0.0.1:42427. Already tried 12 time(s); retry policy is RetryUpToMaximumCountWithFixedSleep(maxRetries=15, sleepTime=1000 MILLISECONDS)
2022-03-04 02:16:22,885 [EndpointStateMachine task thread for /127.0.0.1:35517 - 0 ] INFO  ipc.Client (Client.java:handleConnectionFailure(977)) - Retrying connect to server: localhost/127.0.0.1:35517. Already tried 12 time(s); retry policy is RetryUpToMaximumCountWithFixedSleep(maxRetries=15, sleepTime=1000 MILLISECONDS)
2022-03-04 02:16:22,885 [EndpointStateMachine task thread for /127.0.0.1:42491 - 0 ] INFO  ipc.Client (Client.java:handleConnectionFailure(977)) - Retrying connect to server: localhost/127.0.0.1:42491. Already tried 12 time(s); retry policy is RetryUpToMaximumCountWithFixedSleep(maxRetries=15, sleepTime=1000 MILLISECONDS)
2022-03-04 02:16:23,213 [Listener at 127.0.0.1/44533] INFO  ozone.MiniOzoneClusterImpl (MiniOzoneClusterImpl.java:lambda$waitForClusterToBeReady$0(219)) - Waiting for nodes to be ready. Got 0 of 3 DN Heartbeats.
2022-03-04 02:16:23,213 [Listener at 127.0.0.1/44533] INFO  ozone.MiniOzoneClusterImpl (MiniOzoneClusterImpl.java:lambda$waitForClusterToBeReady$0(222)) - Waiting for cluster to exit safe mode
2022-03-04 02:16:23,213 [Listener at 127.0.0.1/44533] INFO  ozone.MiniOzoneClusterImpl (MiniOzoneClusterImpl.java:lambda$waitForClusterToBeReady$0(224)) - SCM became leader
2022-03-04 02:16:23,373 [IPC Server handler 17 on default port 33931] INFO  net.NetworkTopologyImpl (NetworkTopologyImpl.java:add(112)) - Added a new node: /default-rack/f00d6bae-b380-4908-b4bb-8059ffec7328
2022-03-04 02:16:23,373 [IPC Server handler 17 on default port 33931] INFO  node.SCMNodeManager (SCMNodeManager.java:register(391)) - Registered Data node : f00d6bae-b380-4908-b4bb-8059ffec7328{ip: 127.0.0.1, host: localhost, ports: [REPLICATION=42743, RATIS=36009, RATIS_ADMIN=36009, RATIS_SERVER=36009, STANDALONE=42411], networkLocation: /default-rack, certSerialId: null, persistedOpState: null, persistedOpStateExpiryEpochSec: 0}
2022-03-04 02:16:23,375 [IPC Server handler 2 on default port 45947] INFO  net.NetworkTopologyImpl (NetworkTopologyImpl.java:add(112)) - Added a new node: /default-rack/f00d6bae-b380-4908-b4bb-8059ffec7328
2022-03-04 02:16:23,376 [IPC Server handler 2 on default port 45947] INFO  node.SCMNodeManager (SCMNodeManager.java:register(391)) - Registered Data node : f00d6bae-b380-4908-b4bb-8059ffec7328{ip: 127.0.0.1, host: localhost, ports: [REPLICATION=42743, RATIS=36009, RATIS_ADMIN=36009, RATIS_SERVER=36009, STANDALONE=42411], networkLocation: /default-rack, certSerialId: null, persistedOpState: null, persistedOpStateExpiryEpochSec: 0}
2022-03-04 02:16:23,381 [EventQueue-NewNodeForNewNodeHandler] INFO  pipeline.BackgroundPipelineCreator (BackgroundPipelineCreator.java:notifyEventTriggered(285)) - trigger a one-shot run on RatisPipelineUtilsThread.
2022-03-04 02:16:23,391 [EventQueue-NodeRegistrationContainerReportForDataNodeSafeModeRule] INFO  safemode.SCMSafeModeManager (DataNodeSafeModeRule.java:process(71)) - SCM in safe mode. 1 DataNodes registered, 3 required.
2022-03-04 02:16:23,382 [RatisPipelineUtilsThread - 0] INFO  pipeline.RatisPipelineProvider (RatisPipelineProvider.java:lambda$create$0(183)) - Sending CreatePipelineCommand for pipeline:PipelineID=906706fc-b8b9-4db6-852e-5fbfe6ce9088 to datanode:f00d6bae-b380-4908-b4bb-8059ffec7328
2022-03-04 02:16:23,409 [EventQueue-NodeRegistrationContainerReportForContainerSafeModeRule] INFO  safemode.SCMSafeModeManager (SCMSafeModeManager.java:validateSafeModeExitRules(204)) - ContainerSafeModeRule rule is successfully validated
2022-03-04 02:16:23,416 [EventQueue-NodeRegistrationContainerReportForDataNodeSafeModeRule] INFO  safemode.SCMSafeModeManager (DataNodeSafeModeRule.java:process(71)) - SCM in safe mode. 1 DataNodes registered, 3 required.
2022-03-04 02:16:23,428 [EventQueue-NewNodeForNewNodeHandler] INFO  pipeline.BackgroundPipelineCreator (BackgroundPipelineCreator.java:notifyEventTriggered(279)) - ignore, not leader SCM.
2022-03-04 02:16:23,429 [EventQueue-PipelineReportForOneReplicaPipelineSafeModeRule] INFO  safemode.SCMSafeModeManager (SCMSafeModeManager.java:validateSafeModeExitRules(204)) - AtleastOneDatanodeReportedRule rule is successfully validated
2022-03-04 02:16:23,430 [EventQueue-NodeRegistrationContainerReportForContainerSafeModeRule] INFO  safemode.SCMSafeModeManager (SCMSafeModeManager.java:validateSafeModeExitRules(204)) - ContainerSafeModeRule rule is successfully validated
2022-03-04 02:16:23,432 [EventQueue-PipelineReportForOneReplicaPipelineSafeModeRule] INFO  safemode.SCMSafeModeManager (SCMSafeModeManager.java:validateSafeModeExitRules(204)) - AtleastOneDatanodeReportedRule rule is successfully validated
2022-03-04 02:16:23,484 [d06750ef-dff7-4786-ad4b-f6962696dc27@group-A031934B8290-StateMachineUpdater] INFO  pipeline.PipelineStateManagerImpl (PipelineStateManagerImpl.java:addPipeline(101)) - Created pipeline Pipeline[ Id: 906706fc-b8b9-4db6-852e-5fbfe6ce9088, Nodes: f00d6bae-b380-4908-b4bb-8059ffec7328{ip: 127.0.0.1, host: localhost, ports: [REPLICATION=42743, RATIS=36009, RATIS_ADMIN=36009, RATIS_SERVER=36009, STANDALONE=42411], networkLocation: /default-rack, certSerialId: null, persistedOpState: IN_SERVICE, persistedOpStateExpiryEpochSec: 0}, ReplicationConfig: RATIS/ONE, State:ALLOCATED, leaderId:, CreationTimestamp2022-03-04T02:16:23.382Z[Etc/UTC]].
2022-03-04 02:16:23,484 [d06750ef-dff7-4786-ad4b-f6962696dc27@group-A031934B8290-StateMachineUpdater] INFO  safemode.HealthyPipelineSafeModeRule (HealthyPipelineSafeModeRule.java:initializeRule(152)) - Refreshed total pipeline count is 0, healthy pipeline threshold count is 1
2022-03-04 02:16:23,494 [d3378977-86d2-46d9-aa75-813a91c491f2@group-A031934B8290-StateMachineUpdater] INFO  pipeline.PipelineStateManagerImpl (PipelineStateManagerImpl.java:addPipeline(101)) - Created pipeline Pipeline[ Id: 906706fc-b8b9-4db6-852e-5fbfe6ce9088, Nodes: f00d6bae-b380-4908-b4bb-8059ffec7328{ip: 127.0.0.1, host: localhost, ports: [REPLICATION=42743, RATIS=36009, RATIS_ADMIN=36009, RATIS_SERVER=36009, STANDALONE=42411], networkLocation: /default-rack, certSerialId: null, persistedOpState: IN_SERVICE, persistedOpStateExpiryEpochSec: 0}, ReplicationConfig: RATIS/ONE, State:ALLOCATED, leaderId:, CreationTimestamp2022-03-04T02:16:23.382Z[Etc/UTC]].
2022-03-04 02:16:23,495 [d3378977-86d2-46d9-aa75-813a91c491f2@group-A031934B8290-StateMachineUpdater] INFO  safemode.HealthyPipelineSafeModeRule (HealthyPipelineSafeModeRule.java:initializeRule(152)) - Refreshed total pipeline count is 0, healthy pipeline threshold count is 1
2022-03-04 02:16:23,495 [d3378977-86d2-46d9-aa75-813a91c491f2@group-A031934B8290-StateMachineUpdater] INFO  ha.SCMStateMachine (SCMStateMachine.java:takeSnapshot(297)) - Current Snapshot Index 7, takeSnapshot took 0 ms
2022-03-04 02:16:23,495 [d3378977-86d2-46d9-aa75-813a91c491f2@group-A031934B8290-StateMachineUpdater] INFO  impl.StateMachineUpdater (StateMachineUpdater.java:takeSnapshot(281)) - d3378977-86d2-46d9-aa75-813a91c491f2@group-A031934B8290-StateMachineUpdater: Took a snapshot at index 7
2022-03-04 02:16:23,495 [d3378977-86d2-46d9-aa75-813a91c491f2@group-A031934B8290-StateMachineUpdater] INFO  impl.StateMachineUpdater (StateMachineUpdater.java:lambda$new$0(89)) - d3378977-86d2-46d9-aa75-813a91c491f2@group-A031934B8290-StateMachineUpdater: snapshotIndex: updateIncreasingly 2 -> 7
2022-03-04 02:16:23,495 [d3378977-86d2-46d9-aa75-813a91c491f2@group-A031934B8290-StateMachineUpdater] INFO  raftlog.RaftLog (RaftLogBase.java:purge(306)) - d3378977-86d2-46d9-aa75-813a91c491f2@group-A031934B8290-SegmentedRaftLog: purge 7
2022-03-04 02:16:23,495 [d3378977-86d2-46d9-aa75-813a91c491f2@group-A031934B8290-StateMachineUpdater] INFO  raftlog.RaftLog (RaftLogBase.java:lambda$new$0(53)) - d3378977-86d2-46d9-aa75-813a91c491f2@group-A031934B8290-SegmentedRaftLog: snapshotIndex: updateIncreasingly 2 -> 7
2022-03-04 02:16:23,496 [d3378977-86d2-46d9-aa75-813a91c491f2@group-A031934B8290-StateMachineUpdater] INFO  raftlog.RaftLog (RaftLogBase.java:lambda$new$0(53)) - d3378977-86d2-46d9-aa75-813a91c491f2@group-A031934B8290-SegmentedRaftLog: purgeIndex: updateToMax old=-1, new=7, updated? true
2022-03-04 02:16:23,732 [Datanode State Machine Daemon Thread] ERROR datanode.RunningDatanodeState (RunningDatanodeState.java:computeNextContainerState(201)) - Error in executing end point task.
java.util.concurrent.ExecutionException: java.util.concurrent.TimeoutException
	at java.util.concurrent.FutureTask.report(FutureTask.java:122)
	at java.util.concurrent.FutureTask.get(FutureTask.java:192)
	at org.apache.hadoop.ozone.container.common.states.datanode.RunningDatanodeState.computeNextContainerState(RunningDatanodeState.java:193)
	at org.apache.hadoop.ozone.container.common.states.datanode.RunningDatanodeState.await(RunningDatanodeState.java:233)
	at org.apache.hadoop.ozone.container.common.states.datanode.RunningDatanodeState.await(RunningDatanodeState.java:50)
	at org.apache.hadoop.ozone.container.common.statemachine.StateContext.execute(StateContext.java:658)
	at org.apache.hadoop.ozone.container.common.statemachine.DatanodeStateMachine.startStateMachineThread(DatanodeStateMachine.java:283)
	at org.apache.hadoop.ozone.container.common.statemachine.DatanodeStateMachine.lambda$startDaemon$0(DatanodeStateMachine.java:471)
	at java.lang.Thread.run(Thread.java:750)
Caused by: java.util.concurrent.TimeoutException
	at java.util.concurrent.FutureTask.get(FutureTask.java:205)
	at org.apache.hadoop.ozone.container.common.states.datanode.RunningDatanodeState.lambda$execute$0(RunningDatanodeState.java:151)
	at java.util.concurrent.FutureTask.run(FutureTask.java:266)
	at java.util.concurrent.Executors$RunnableAdapter.call(Executors.java:511)
	at java.util.concurrent.FutureTask.run(FutureTask.java:266)
	at java.util.concurrent.ThreadPoolExecutor.runWorker(ThreadPoolExecutor.java:1149)
	at java.util.concurrent.ThreadPoolExecutor$Worker.run(ThreadPoolExecutor.java:624)
	... 1 more
2022-03-04 02:16:23,741 [IPC Server handler 0 on default port 33931] INFO  net.NetworkTopologyImpl (NetworkTopologyImpl.java:add(112)) - Added a new node: /default-rack/58268bb1-183d-4eef-863f-1633152e0ae0
2022-03-04 02:16:23,742 [IPC Server handler 0 on default port 33931] INFO  node.SCMNodeManager (SCMNodeManager.java:register(391)) - Registered Data node : 58268bb1-183d-4eef-863f-1633152e0ae0{ip: 127.0.0.1, host: localhost, ports: [REPLICATION=46643, RATIS=34573, RATIS_ADMIN=34573, RATIS_SERVER=34573, STANDALONE=46765], networkLocation: /default-rack, certSerialId: null, persistedOpState: null, persistedOpStateExpiryEpochSec: 0}
2022-03-04 02:16:23,742 [EventQueue-NewNodeForNewNodeHandler] INFO  pipeline.BackgroundPipelineCreator (BackgroundPipelineCreator.java:notifyEventTriggered(285)) - trigger a one-shot run on RatisPipelineUtilsThread.
2022-03-04 02:16:23,743 [IPC Server handler 0 on default port 45947] INFO  net.NetworkTopologyImpl (NetworkTopologyImpl.java:add(112)) - Added a new node: /default-rack/58268bb1-183d-4eef-863f-1633152e0ae0
2022-03-04 02:16:23,743 [IPC Server handler 0 on default port 45947] INFO  node.SCMNodeManager (SCMNodeManager.java:register(391)) - Registered Data node : 58268bb1-183d-4eef-863f-1633152e0ae0{ip: 127.0.0.1, host: localhost, ports: [REPLICATION=46643, RATIS=34573, RATIS_ADMIN=34573, RATIS_SERVER=34573, STANDALONE=46765], networkLocation: /default-rack, certSerialId: null, persistedOpState: null, persistedOpStateExpiryEpochSec: 0}
2022-03-04 02:16:23,748 [EventQueue-NodeRegistrationContainerReportForDataNodeSafeModeRule] INFO  safemode.SCMSafeModeManager (DataNodeSafeModeRule.java:process(71)) - SCM in safe mode. 2 DataNodes registered, 3 required.
2022-03-04 02:16:23,748 [EventQueue-NewNodeForNewNodeHandler] INFO  pipeline.BackgroundPipelineCreator (BackgroundPipelineCreator.java:notifyEventTriggered(279)) - ignore, not leader SCM.
2022-03-04 02:16:23,755 [RatisPipelineUtilsThread - 0] INFO  pipeline.RatisPipelineProvider (RatisPipelineProvider.java:lambda$create$0(183)) - Sending CreatePipelineCommand for pipeline:PipelineID=0074557d-1deb-4875-99b8-a56c08c94d8c to datanode:58268bb1-183d-4eef-863f-1633152e0ae0
2022-03-04 02:16:23,758 [EventQueue-NodeRegistrationContainerReportForDataNodeSafeModeRule] INFO  safemode.SCMSafeModeManager (DataNodeSafeModeRule.java:process(71)) - SCM in safe mode. 2 DataNodes registered, 3 required.
2022-03-04 02:16:23,765 [d06750ef-dff7-4786-ad4b-f6962696dc27@group-A031934B8290-StateMachineUpdater] INFO  pipeline.PipelineStateManagerImpl (PipelineStateManagerImpl.java:addPipeline(101)) - Created pipeline Pipeline[ Id: 0074557d-1deb-4875-99b8-a56c08c94d8c, Nodes: 58268bb1-183d-4eef-863f-1633152e0ae0{ip: 127.0.0.1, host: localhost, ports: [REPLICATION=46643, RATIS=34573, RATIS_ADMIN=34573, RATIS_SERVER=34573, STANDALONE=46765], networkLocation: /default-rack, certSerialId: null, persistedOpState: IN_SERVICE, persistedOpStateExpiryEpochSec: 0}, ReplicationConfig: RATIS/ONE, State:ALLOCATED, leaderId:, CreationTimestamp2022-03-04T02:16:23.755Z[Etc/UTC]].
2022-03-04 02:16:23,765 [d06750ef-dff7-4786-ad4b-f6962696dc27@group-A031934B8290-StateMachineUpdater] INFO  safemode.HealthyPipelineSafeModeRule (HealthyPipelineSafeModeRule.java:initializeRule(152)) - Refreshed total pipeline count is 0, healthy pipeline threshold count is 1
2022-03-04 02:16:23,773 [d3378977-86d2-46d9-aa75-813a91c491f2@group-A031934B8290-StateMachineUpdater] INFO  pipeline.PipelineStateManagerImpl (PipelineStateManagerImpl.java:addPipeline(101)) - Created pipeline Pipeline[ Id: 0074557d-1deb-4875-99b8-a56c08c94d8c, Nodes: 58268bb1-183d-4eef-863f-1633152e0ae0{ip: 127.0.0.1, host: localhost, ports: [REPLICATION=46643, RATIS=34573, RATIS_ADMIN=34573, RATIS_SERVER=34573, STANDALONE=46765], networkLocation: /default-rack, certSerialId: null, persistedOpState: IN_SERVICE, persistedOpStateExpiryEpochSec: 0}, ReplicationConfig: RATIS/ONE, State:ALLOCATED, leaderId:, CreationTimestamp2022-03-04T02:16:23.755Z[Etc/UTC]].
2022-03-04 02:16:23,773 [d3378977-86d2-46d9-aa75-813a91c491f2@group-A031934B8290-StateMachineUpdater] INFO  safemode.HealthyPipelineSafeModeRule (HealthyPipelineSafeModeRule.java:initializeRule(152)) - Refreshed total pipeline count is 0, healthy pipeline threshold count is 1
2022-03-04 02:16:23,774 [d06750ef-dff7-4786-ad4b-f6962696dc27@group-A031934B8290-StateMachineUpdater] INFO  ha.SCMStateMachine (SCMStateMachine.java:takeSnapshot(297)) - Current Snapshot Index 10, takeSnapshot took 0 ms
2022-03-04 02:16:23,774 [d06750ef-dff7-4786-ad4b-f6962696dc27@group-A031934B8290-StateMachineUpdater] INFO  impl.StateMachineUpdater (StateMachineUpdater.java:takeSnapshot(281)) - d06750ef-dff7-4786-ad4b-f6962696dc27@group-A031934B8290-StateMachineUpdater: Took a snapshot at index 10
2022-03-04 02:16:23,774 [d06750ef-dff7-4786-ad4b-f6962696dc27@group-A031934B8290-StateMachineUpdater] INFO  impl.StateMachineUpdater (StateMachineUpdater.java:lambda$new$0(89)) - d06750ef-dff7-4786-ad4b-f6962696dc27@group-A031934B8290-StateMachineUpdater: snapshotIndex: updateIncreasingly 5 -> 10
2022-03-04 02:16:23,774 [d06750ef-dff7-4786-ad4b-f6962696dc27@group-A031934B8290-StateMachineUpdater] INFO  raftlog.RaftLog (RaftLogBase.java:purge(306)) - d06750ef-dff7-4786-ad4b-f6962696dc27@group-A031934B8290-SegmentedRaftLog: purge 10
2022-03-04 02:16:23,774 [d06750ef-dff7-4786-ad4b-f6962696dc27@group-A031934B8290-StateMachineUpdater] INFO  raftlog.RaftLog (RaftLogBase.java:lambda$new$0(53)) - d06750ef-dff7-4786-ad4b-f6962696dc27@group-A031934B8290-SegmentedRaftLog: snapshotIndex: updateIncreasingly 5 -> 10
2022-03-04 02:16:23,774 [d06750ef-dff7-4786-ad4b-f6962696dc27@group-A031934B8290-StateMachineUpdater] INFO  raftlog.RaftLog (RaftLogBase.java:lambda$new$0(53)) - d06750ef-dff7-4786-ad4b-f6962696dc27@group-A031934B8290-SegmentedRaftLog: purgeIndex: updateToMax old=0, new=10, updated? true
2022-03-04 02:16:23,885 [EndpointStateMachine task thread for /127.0.0.1:42427 - 0 ] INFO  ipc.Client (Client.java:handleConnectionFailure(977)) - Retrying connect to server: localhost/127.0.0.1:42427. Already tried 13 time(s); retry policy is RetryUpToMaximumCountWithFixedSleep(maxRetries=15, sleepTime=1000 MILLISECONDS)
2022-03-04 02:16:23,886 [EndpointStateMachine task thread for /127.0.0.1:35517 - 0 ] INFO  ipc.Client (Client.java:handleConnectionFailure(977)) - Retrying connect to server: localhost/127.0.0.1:35517. Already tried 13 time(s); retry policy is RetryUpToMaximumCountWithFixedSleep(maxRetries=15, sleepTime=1000 MILLISECONDS)
2022-03-04 02:16:23,886 [EndpointStateMachine task thread for /127.0.0.1:42491 - 0 ] INFO  ipc.Client (Client.java:handleConnectionFailure(977)) - Retrying connect to server: localhost/127.0.0.1:42491. Already tried 13 time(s); retry policy is RetryUpToMaximumCountWithFixedSleep(maxRetries=15, sleepTime=1000 MILLISECONDS)
2022-03-04 02:16:24,213 [Listener at 127.0.0.1/44533] INFO  ozone.MiniOzoneClusterImpl (MiniOzoneClusterImpl.java:lambda$waitForClusterToBeReady$0(219)) - Waiting for nodes to be ready. Got 2 of 3 DN Heartbeats.
2022-03-04 02:16:24,214 [Listener at 127.0.0.1/44533] INFO  ozone.MiniOzoneClusterImpl (MiniOzoneClusterImpl.java:lambda$waitForClusterToBeReady$0(222)) - Waiting for cluster to exit safe mode
2022-03-04 02:16:24,214 [Listener at 127.0.0.1/44533] INFO  ozone.MiniOzoneClusterImpl (MiniOzoneClusterImpl.java:lambda$waitForClusterToBeReady$0(224)) - SCM became leader
2022-03-04 02:16:24,287 [IPC Server handler 1 on default port 45947] INFO  net.NetworkTopologyImpl (NetworkTopologyImpl.java:add(112)) - Added a new node: /default-rack/9f78c5ee-b52e-497c-a9a6-ead92f3bbe55
2022-03-04 02:16:24,287 [IPC Server handler 1 on default port 45947] INFO  node.SCMNodeManager (SCMNodeManager.java:register(391)) - Registered Data node : 9f78c5ee-b52e-497c-a9a6-ead92f3bbe55{ip: 127.0.0.1, host: localhost, ports: [REPLICATION=46099, RATIS=38517, RATIS_ADMIN=38517, RATIS_SERVER=38517, STANDALONE=34877], networkLocation: /default-rack, certSerialId: null, persistedOpState: null, persistedOpStateExpiryEpochSec: 0}
2022-03-04 02:16:24,288 [EventQueue-NewNodeForNewNodeHandler] INFO  pipeline.BackgroundPipelineCreator (BackgroundPipelineCreator.java:notifyEventTriggered(279)) - ignore, not leader SCM.
2022-03-04 02:16:24,288 [IPC Server handler 3 on default port 33931] INFO  net.NetworkTopologyImpl (NetworkTopologyImpl.java:add(112)) - Added a new node: /default-rack/9f78c5ee-b52e-497c-a9a6-ead92f3bbe55
2022-03-04 02:16:24,288 [IPC Server handler 3 on default port 33931] INFO  node.SCMNodeManager (SCMNodeManager.java:register(391)) - Registered Data node : 9f78c5ee-b52e-497c-a9a6-ead92f3bbe55{ip: 127.0.0.1, host: localhost, ports: [REPLICATION=46099, RATIS=38517, RATIS_ADMIN=38517, RATIS_SERVER=38517, STANDALONE=34877], networkLocation: /default-rack, certSerialId: null, persistedOpState: null, persistedOpStateExpiryEpochSec: 0}
2022-03-04 02:16:24,288 [EventQueue-NewNodeForNewNodeHandler] INFO  pipeline.BackgroundPipelineCreator (BackgroundPipelineCreator.java:notifyEventTriggered(285)) - trigger a one-shot run on RatisPipelineUtilsThread.
2022-03-04 02:16:24,289 [RatisPipelineUtilsThread - 0] INFO  pipeline.RatisPipelineProvider (RatisPipelineProvider.java:lambda$create$0(183)) - Sending CreatePipelineCommand for pipeline:PipelineID=89534604-4b02-4545-8e94-3c3929816d5c to datanode:9f78c5ee-b52e-497c-a9a6-ead92f3bbe55
2022-03-04 02:16:24,293 [EventQueue-NodeRegistrationContainerReportForDataNodeSafeModeRule] INFO  safemode.SCMSafeModeManager (DataNodeSafeModeRule.java:process(71)) - SCM in safe mode. 3 DataNodes registered, 3 required.
2022-03-04 02:16:24,293 [EventQueue-NodeRegistrationContainerReportForDataNodeSafeModeRule] INFO  safemode.SCMSafeModeManager (SCMSafeModeManager.java:validateSafeModeExitRules(204)) - DataNodeSafeModeRule rule is successfully validated
2022-03-04 02:16:24,293 [EventQueue-NodeRegistrationContainerReportForDataNodeSafeModeRule] INFO  safemode.SCMSafeModeManager (SCMSafeModeManager.java:completePreCheck(233)) - All SCM safe mode pre check rules have passed
2022-03-04 02:16:24,293 [EventQueue-NodeRegistrationContainerReportForDataNodeSafeModeRule] WARN  events.EventQueue (EventQueue.java:fireEvent(194)) - No event handler registered for event TypedEvent{payloadType=SafeModeStatus, name='Safe mode status'}
2022-03-04 02:16:24,293 [EventQueue-NodeRegistrationContainerReportForDataNodeSafeModeRule] INFO  ha.SCMContext (SCMContext.java:updateSafeModeStatus(211)) - Update SafeModeStatus from SafeModeStatus{safeModeStatus=true, preCheckPassed=false} to SafeModeStatus{safeModeStatus=true, preCheckPassed=true}.
2022-03-04 02:16:24,293 [EventQueue-NodeRegistrationContainerReportForDataNodeSafeModeRule] INFO  pipeline.BackgroundPipelineCreator (BackgroundPipelineCreator.java:notifyEventTriggered(279)) - ignore, not leader SCM.
2022-03-04 02:16:24,299 [d06750ef-dff7-4786-ad4b-f6962696dc27@group-A031934B8290-StateMachineUpdater] INFO  pipeline.PipelineStateManagerImpl (PipelineStateManagerImpl.java:addPipeline(101)) - Created pipeline Pipeline[ Id: 89534604-4b02-4545-8e94-3c3929816d5c, Nodes: 9f78c5ee-b52e-497c-a9a6-ead92f3bbe55{ip: 127.0.0.1, host: localhost, ports: [REPLICATION=46099, RATIS=38517, RATIS_ADMIN=38517, RATIS_SERVER=38517, STANDALONE=34877], networkLocation: /default-rack, certSerialId: null, persistedOpState: IN_SERVICE, persistedOpStateExpiryEpochSec: 0}, ReplicationConfig: RATIS/ONE, State:ALLOCATED, leaderId:, CreationTimestamp2022-03-04T02:16:24.289Z[Etc/UTC]].
2022-03-04 02:16:24,299 [d06750ef-dff7-4786-ad4b-f6962696dc27@group-A031934B8290-StateMachineUpdater] INFO  safemode.HealthyPipelineSafeModeRule (HealthyPipelineSafeModeRule.java:initializeRule(152)) - Refreshed total pipeline count is 0, healthy pipeline threshold count is 1
2022-03-04 02:16:24,303 [EventQueue-NodeRegistrationContainerReportForDataNodeSafeModeRule] INFO  safemode.SCMSafeModeManager (DataNodeSafeModeRule.java:process(71)) - SCM in safe mode. 3 DataNodes registered, 3 required.
2022-03-04 02:16:24,303 [EventQueue-NodeRegistrationContainerReportForDataNodeSafeModeRule] INFO  safemode.SCMSafeModeManager (SCMSafeModeManager.java:validateSafeModeExitRules(204)) - DataNodeSafeModeRule rule is successfully validated
2022-03-04 02:16:24,303 [EventQueue-NodeRegistrationContainerReportForDataNodeSafeModeRule] INFO  safemode.SCMSafeModeManager (SCMSafeModeManager.java:completePreCheck(233)) - All SCM safe mode pre check rules have passed
2022-03-04 02:16:24,303 [EventQueue-NodeRegistrationContainerReportForDataNodeSafeModeRule] WARN  events.EventQueue (EventQueue.java:fireEvent(194)) - No event handler registered for event TypedEvent{payloadType=SafeModeStatus, name='Safe mode status'}
2022-03-04 02:16:24,303 [EventQueue-NodeRegistrationContainerReportForDataNodeSafeModeRule] INFO  ha.SCMContext (SCMContext.java:updateSafeModeStatus(211)) - Update SafeModeStatus from SafeModeStatus{safeModeStatus=true, preCheckPassed=false} to SafeModeStatus{safeModeStatus=true, preCheckPassed=true}.
2022-03-04 02:16:24,303 [EventQueue-NodeRegistrationContainerReportForDataNodeSafeModeRule] INFO  pipeline.BackgroundPipelineCreator (BackgroundPipelineCreator.java:notifyEventTriggered(285)) - trigger a one-shot run on RatisPipelineUtilsThread.
2022-03-04 02:16:24,304 [RatisPipelineUtilsThread - 0] INFO  pipeline.RatisPipelineProvider (RatisPipelineProvider.java:lambda$create$0(183)) - Sending CreatePipelineCommand for pipeline:PipelineID=b3c9a710-6c5c-47d0-ada5-f68a9a66efbb to datanode:9f78c5ee-b52e-497c-a9a6-ead92f3bbe55
2022-03-04 02:16:24,304 [RatisPipelineUtilsThread - 0] INFO  pipeline.RatisPipelineProvider (RatisPipelineProvider.java:lambda$create$0(183)) - Sending CreatePipelineCommand for pipeline:PipelineID=b3c9a710-6c5c-47d0-ada5-f68a9a66efbb to datanode:f00d6bae-b380-4908-b4bb-8059ffec7328
2022-03-04 02:16:24,304 [RatisPipelineUtilsThread - 0] INFO  pipeline.RatisPipelineProvider (RatisPipelineProvider.java:lambda$create$0(183)) - Sending CreatePipelineCommand for pipeline:PipelineID=b3c9a710-6c5c-47d0-ada5-f68a9a66efbb to datanode:58268bb1-183d-4eef-863f-1633152e0ae0
2022-03-04 02:16:24,313 [d3378977-86d2-46d9-aa75-813a91c491f2@group-A031934B8290-StateMachineUpdater] INFO  pipeline.PipelineStateManagerImpl (PipelineStateManagerImpl.java:addPipeline(101)) - Created pipeline Pipeline[ Id: 89534604-4b02-4545-8e94-3c3929816d5c, Nodes: 9f78c5ee-b52e-497c-a9a6-ead92f3bbe55{ip: 127.0.0.1, host: localhost, ports: [REPLICATION=46099, RATIS=38517, RATIS_ADMIN=38517, RATIS_SERVER=38517, STANDALONE=34877], networkLocation: /default-rack, certSerialId: null, persistedOpState: IN_SERVICE, persistedOpStateExpiryEpochSec: 0}, ReplicationConfig: RATIS/ONE, State:ALLOCATED, leaderId:, CreationTimestamp2022-03-04T02:16:24.289Z[Etc/UTC]].
2022-03-04 02:16:24,313 [d3378977-86d2-46d9-aa75-813a91c491f2@group-A031934B8290-StateMachineUpdater] INFO  safemode.HealthyPipelineSafeModeRule (HealthyPipelineSafeModeRule.java:initializeRule(152)) - Refreshed total pipeline count is 0, healthy pipeline threshold count is 1
2022-03-04 02:16:24,316 [d06750ef-dff7-4786-ad4b-f6962696dc27@group-A031934B8290-StateMachineUpdater] INFO  pipeline.PipelineStateManagerImpl (PipelineStateManagerImpl.java:addPipeline(101)) - Created pipeline Pipeline[ Id: b3c9a710-6c5c-47d0-ada5-f68a9a66efbb, Nodes: 9f78c5ee-b52e-497c-a9a6-ead92f3bbe55{ip: 127.0.0.1, host: localhost, ports: [REPLICATION=46099, RATIS=38517, RATIS_ADMIN=38517, RATIS_SERVER=38517, STANDALONE=34877], networkLocation: /default-rack, certSerialId: null, persistedOpState: IN_SERVICE, persistedOpStateExpiryEpochSec: 0}f00d6bae-b380-4908-b4bb-8059ffec7328{ip: 127.0.0.1, host: localhost, ports: [REPLICATION=42743, RATIS=36009, RATIS_ADMIN=36009, RATIS_SERVER=36009, STANDALONE=42411], networkLocation: /default-rack, certSerialId: null, persistedOpState: IN_SERVICE, persistedOpStateExpiryEpochSec: 0}58268bb1-183d-4eef-863f-1633152e0ae0{ip: 127.0.0.1, host: localhost, ports: [REPLICATION=46643, RATIS=34573, RATIS_ADMIN=34573, RATIS_SERVER=34573, STANDALONE=46765], networkLocation: /default-rack, certSerialId: null, persistedOpState: IN_SERVICE, persistedOpStateExpiryEpochSec: 0}, ReplicationConfig: RATIS/THREE, State:ALLOCATED, leaderId:, CreationTimestamp2022-03-04T02:16:24.304Z[Etc/UTC]].
2022-03-04 02:16:24,316 [d06750ef-dff7-4786-ad4b-f6962696dc27@group-A031934B8290-StateMachineUpdater] INFO  safemode.HealthyPipelineSafeModeRule (HealthyPipelineSafeModeRule.java:initializeRule(152)) - Refreshed total pipeline count is 0, healthy pipeline threshold count is 1
2022-03-04 02:16:24,317 [RatisPipelineUtilsThread - 0] INFO  pipeline.RatisPipelineProvider (RatisPipelineProvider.java:lambda$create$0(183)) - Sending CreatePipelineCommand for pipeline:PipelineID=8a9700fc-640e-4ec4-9628-9a60d3fb85e9 to datanode:58268bb1-183d-4eef-863f-1633152e0ae0
2022-03-04 02:16:24,317 [RatisPipelineUtilsThread - 0] INFO  pipeline.RatisPipelineProvider (RatisPipelineProvider.java:lambda$create$0(183)) - Sending CreatePipelineCommand for pipeline:PipelineID=8a9700fc-640e-4ec4-9628-9a60d3fb85e9 to datanode:f00d6bae-b380-4908-b4bb-8059ffec7328
2022-03-04 02:16:24,317 [RatisPipelineUtilsThread - 0] INFO  pipeline.RatisPipelineProvider (RatisPipelineProvider.java:lambda$create$0(183)) - Sending CreatePipelineCommand for pipeline:PipelineID=8a9700fc-640e-4ec4-9628-9a60d3fb85e9 to datanode:9f78c5ee-b52e-497c-a9a6-ead92f3bbe55
2022-03-04 02:16:24,323 [d3378977-86d2-46d9-aa75-813a91c491f2@group-A031934B8290-StateMachineUpdater] INFO  pipeline.PipelineStateManagerImpl (PipelineStateManagerImpl.java:addPipeline(101)) - Created pipeline Pipeline[ Id: b3c9a710-6c5c-47d0-ada5-f68a9a66efbb, Nodes: 9f78c5ee-b52e-497c-a9a6-ead92f3bbe55{ip: 127.0.0.1, host: localhost, ports: [REPLICATION=46099, RATIS=38517, RATIS_ADMIN=38517, RATIS_SERVER=38517, STANDALONE=34877], networkLocation: /default-rack, certSerialId: null, persistedOpState: IN_SERVICE, persistedOpStateExpiryEpochSec: 0}f00d6bae-b380-4908-b4bb-8059ffec7328{ip: 127.0.0.1, host: localhost, ports: [REPLICATION=42743, RATIS=36009, RATIS_ADMIN=36009, RATIS_SERVER=36009, STANDALONE=42411], networkLocation: /default-rack, certSerialId: null, persistedOpState: IN_SERVICE, persistedOpStateExpiryEpochSec: 0}58268bb1-183d-4eef-863f-1633152e0ae0{ip: 127.0.0.1, host: localhost, ports: [REPLICATION=46643, RATIS=34573, RATIS_ADMIN=34573, RATIS_SERVER=34573, STANDALONE=46765], networkLocation: /default-rack, certSerialId: null, persistedOpState: IN_SERVICE, persistedOpStateExpiryEpochSec: 0}, ReplicationConfig: RATIS/THREE, State:ALLOCATED, leaderId:, CreationTimestamp2022-03-04T02:16:24.304Z[Etc/UTC]].
2022-03-04 02:16:24,323 [d3378977-86d2-46d9-aa75-813a91c491f2@group-A031934B8290-StateMachineUpdater] INFO  safemode.HealthyPipelineSafeModeRule (HealthyPipelineSafeModeRule.java:initializeRule(152)) - Refreshed total pipeline count is 0, healthy pipeline threshold count is 1
2022-03-04 02:16:24,323 [d3378977-86d2-46d9-aa75-813a91c491f2@group-A031934B8290-StateMachineUpdater] INFO  ha.SCMStateMachine (SCMStateMachine.java:takeSnapshot(297)) - Current Snapshot Index 13, takeSnapshot took 1 ms
2022-03-04 02:16:24,324 [d3378977-86d2-46d9-aa75-813a91c491f2@group-A031934B8290-StateMachineUpdater] INFO  impl.StateMachineUpdater (StateMachineUpdater.java:takeSnapshot(281)) - d3378977-86d2-46d9-aa75-813a91c491f2@group-A031934B8290-StateMachineUpdater: Took a snapshot at index 13
2022-03-04 02:16:24,324 [d3378977-86d2-46d9-aa75-813a91c491f2@group-A031934B8290-StateMachineUpdater] INFO  impl.StateMachineUpdater (StateMachineUpdater.java:lambda$new$0(89)) - d3378977-86d2-46d9-aa75-813a91c491f2@group-A031934B8290-StateMachineUpdater: snapshotIndex: updateIncreasingly 7 -> 13
2022-03-04 02:16:24,324 [d3378977-86d2-46d9-aa75-813a91c491f2@group-A031934B8290-StateMachineUpdater] INFO  raftlog.RaftLog (RaftLogBase.java:purge(306)) - d3378977-86d2-46d9-aa75-813a91c491f2@group-A031934B8290-SegmentedRaftLog: purge 13
2022-03-04 02:16:24,324 [d3378977-86d2-46d9-aa75-813a91c491f2@group-A031934B8290-StateMachineUpdater] INFO  raftlog.RaftLog (RaftLogBase.java:lambda$new$0(53)) - d3378977-86d2-46d9-aa75-813a91c491f2@group-A031934B8290-SegmentedRaftLog: snapshotIndex: updateIncreasingly 7 -> 13
2022-03-04 02:16:24,324 [d3378977-86d2-46d9-aa75-813a91c491f2@group-A031934B8290-StateMachineUpdater] INFO  raftlog.RaftLog (RaftLogBase.java:lambda$new$0(53)) - d3378977-86d2-46d9-aa75-813a91c491f2@group-A031934B8290-SegmentedRaftLog: purgeIndex: updateToMax old=7, new=13, updated? true
2022-03-04 02:16:24,333 [d06750ef-dff7-4786-ad4b-f6962696dc27@group-A031934B8290-StateMachineUpdater] INFO  pipeline.PipelineStateManagerImpl (PipelineStateManagerImpl.java:addPipeline(101)) - Created pipeline Pipeline[ Id: 8a9700fc-640e-4ec4-9628-9a60d3fb85e9, Nodes: 58268bb1-183d-4eef-863f-1633152e0ae0{ip: 127.0.0.1, host: localhost, ports: [REPLICATION=46643, RATIS=34573, RATIS_ADMIN=34573, RATIS_SERVER=34573, STANDALONE=46765], networkLocation: /default-rack, certSerialId: null, persistedOpState: IN_SERVICE, persistedOpStateExpiryEpochSec: 0}f00d6bae-b380-4908-b4bb-8059ffec7328{ip: 127.0.0.1, host: localhost, ports: [REPLICATION=42743, RATIS=36009, RATIS_ADMIN=36009, RATIS_SERVER=36009, STANDALONE=42411], networkLocation: /default-rack, certSerialId: null, persistedOpState: IN_SERVICE, persistedOpStateExpiryEpochSec: 0}9f78c5ee-b52e-497c-a9a6-ead92f3bbe55{ip: 127.0.0.1, host: localhost, ports: [REPLICATION=46099, RATIS=38517, RATIS_ADMIN=38517, RATIS_SERVER=38517, STANDALONE=34877], networkLocation: /default-rack, certSerialId: null, persistedOpState: IN_SERVICE, persistedOpStateExpiryEpochSec: 0}, ReplicationConfig: RATIS/THREE, State:ALLOCATED, leaderId:, CreationTimestamp2022-03-04T02:16:24.317Z[Etc/UTC]].
2022-03-04 02:16:24,333 [d06750ef-dff7-4786-ad4b-f6962696dc27@group-A031934B8290-StateMachineUpdater] INFO  safemode.HealthyPipelineSafeModeRule (HealthyPipelineSafeModeRule.java:initializeRule(152)) - Refreshed total pipeline count is 0, healthy pipeline threshold count is 1
2022-03-04 02:16:24,333 [RatisPipelineUtilsThread - 0] INFO  pipeline.PipelineManagerImpl (PipelineManagerImpl.java:recordMetricsForPipeline(639)) - Pipeline: PipelineID=8a9700fc-640e-4ec4-9628-9a60d3fb85e9 contains same datanodes as previous pipelines: PipelineID=b3c9a710-6c5c-47d0-ada5-f68a9a66efbb nodeIds: 58268bb1-183d-4eef-863f-1633152e0ae0, f00d6bae-b380-4908-b4bb-8059ffec7328, 9f78c5ee-b52e-497c-a9a6-ead92f3bbe55
2022-03-04 02:16:24,334 [d06750ef-dff7-4786-ad4b-f6962696dc27@group-A031934B8290-StateMachineUpdater] INFO  ha.SCMStateMachine (SCMStateMachine.java:takeSnapshot(297)) - Current Snapshot Index 15, takeSnapshot took 0 ms
2022-03-04 02:16:24,334 [d06750ef-dff7-4786-ad4b-f6962696dc27@group-A031934B8290-StateMachineUpdater] INFO  impl.StateMachineUpdater (StateMachineUpdater.java:takeSnapshot(281)) - d06750ef-dff7-4786-ad4b-f6962696dc27@group-A031934B8290-StateMachineUpdater: Took a snapshot at index 15
2022-03-04 02:16:24,334 [d06750ef-dff7-4786-ad4b-f6962696dc27@group-A031934B8290-StateMachineUpdater] INFO  impl.StateMachineUpdater (StateMachineUpdater.java:lambda$new$0(89)) - d06750ef-dff7-4786-ad4b-f6962696dc27@group-A031934B8290-StateMachineUpdater: snapshotIndex: updateIncreasingly 10 -> 15
2022-03-04 02:16:24,334 [d06750ef-dff7-4786-ad4b-f6962696dc27@group-A031934B8290-StateMachineUpdater] INFO  raftlog.RaftLog (RaftLogBase.java:purge(306)) - d06750ef-dff7-4786-ad4b-f6962696dc27@group-A031934B8290-SegmentedRaftLog: purge 15
2022-03-04 02:16:24,334 [d06750ef-dff7-4786-ad4b-f6962696dc27@group-A031934B8290-StateMachineUpdater] INFO  raftlog.RaftLog (RaftLogBase.java:lambda$new$0(53)) - d06750ef-dff7-4786-ad4b-f6962696dc27@group-A031934B8290-SegmentedRaftLog: snapshotIndex: updateIncreasingly 10 -> 15
2022-03-04 02:16:24,334 [d06750ef-dff7-4786-ad4b-f6962696dc27@group-A031934B8290-StateMachineUpdater] INFO  raftlog.RaftLog (RaftLogBase.java:lambda$new$0(53)) - d06750ef-dff7-4786-ad4b-f6962696dc27@group-A031934B8290-SegmentedRaftLog: purgeIndex: updateToMax old=10, new=15, updated? true
2022-03-04 02:16:24,338 [d3378977-86d2-46d9-aa75-813a91c491f2@group-A031934B8290-StateMachineUpdater] INFO  pipeline.PipelineStateManagerImpl (PipelineStateManagerImpl.java:addPipeline(101)) - Created pipeline Pipeline[ Id: 8a9700fc-640e-4ec4-9628-9a60d3fb85e9, Nodes: 58268bb1-183d-4eef-863f-1633152e0ae0{ip: 127.0.0.1, host: localhost, ports: [REPLICATION=46643, RATIS=34573, RATIS_ADMIN=34573, RATIS_SERVER=34573, STANDALONE=46765], networkLocation: /default-rack, certSerialId: null, persistedOpState: IN_SERVICE, persistedOpStateExpiryEpochSec: 0}f00d6bae-b380-4908-b4bb-8059ffec7328{ip: 127.0.0.1, host: localhost, ports: [REPLICATION=42743, RATIS=36009, RATIS_ADMIN=36009, RATIS_SERVER=36009, STANDALONE=42411], networkLocation: /default-rack, certSerialId: null, persistedOpState: IN_SERVICE, persistedOpStateExpiryEpochSec: 0}9f78c5ee-b52e-497c-a9a6-ead92f3bbe55{ip: 127.0.0.1, host: localhost, ports: [REPLICATION=46099, RATIS=38517, RATIS_ADMIN=38517, RATIS_SERVER=38517, STANDALONE=34877], networkLocation: /default-rack, certSerialId: null, persistedOpState: IN_SERVICE, persistedOpStateExpiryEpochSec: 0}, ReplicationConfig: RATIS/THREE, State:ALLOCATED, leaderId:, CreationTimestamp2022-03-04T02:16:24.317Z[Etc/UTC]].
2022-03-04 02:16:24,339 [d3378977-86d2-46d9-aa75-813a91c491f2@group-A031934B8290-StateMachineUpdater] INFO  safemode.HealthyPipelineSafeModeRule (HealthyPipelineSafeModeRule.java:initializeRule(152)) - Refreshed total pipeline count is 0, healthy pipeline threshold count is 1
2022-03-04 02:16:24,886 [EndpointStateMachine task thread for /127.0.0.1:42427 - 0 ] INFO  ipc.Client (Client.java:handleConnectionFailure(977)) - Retrying connect to server: localhost/127.0.0.1:42427. Already tried 14 time(s); retry policy is RetryUpToMaximumCountWithFixedSleep(maxRetries=15, sleepTime=1000 MILLISECONDS)
2022-03-04 02:16:24,888 [EndpointStateMachine task thread for /127.0.0.1:42491 - 0 ] INFO  ipc.Client (Client.java:handleConnectionFailure(977)) - Retrying connect to server: localhost/127.0.0.1:42491. Already tried 14 time(s); retry policy is RetryUpToMaximumCountWithFixedSleep(maxRetries=15, sleepTime=1000 MILLISECONDS)
2022-03-04 02:16:24,888 [EndpointStateMachine task thread for /127.0.0.1:35517 - 0 ] INFO  ipc.Client (Client.java:handleConnectionFailure(977)) - Retrying connect to server: localhost/127.0.0.1:35517. Already tried 14 time(s); retry policy is RetryUpToMaximumCountWithFixedSleep(maxRetries=15, sleepTime=1000 MILLISECONDS)
2022-03-04 02:16:25,214 [Listener at 127.0.0.1/44533] INFO  ozone.MiniOzoneClusterImpl (MiniOzoneClusterImpl.java:lambda$waitForClusterToBeReady$0(219)) - Nodes are ready. Got 3 of 3 DN Heartbeats.
2022-03-04 02:16:25,214 [Listener at 127.0.0.1/44533] INFO  ozone.MiniOzoneClusterImpl (MiniOzoneClusterImpl.java:lambda$waitForClusterToBeReady$0(222)) - Waiting for cluster to exit safe mode
2022-03-04 02:16:25,214 [Listener at 127.0.0.1/44533] INFO  ozone.MiniOzoneClusterImpl (MiniOzoneClusterImpl.java:lambda$waitForClusterToBeReady$0(224)) - SCM became leader
2022-03-04 02:16:25,363 [Datanode State Machine Daemon Thread] ERROR datanode.RunningDatanodeState (RunningDatanodeState.java:computeNextContainerState(201)) - Error in executing end point task.
java.util.concurrent.ExecutionException: java.util.concurrent.TimeoutException
	at java.util.concurrent.FutureTask.report(FutureTask.java:122)
	at java.util.concurrent.FutureTask.get(FutureTask.java:192)
	at org.apache.hadoop.ozone.container.common.states.datanode.RunningDatanodeState.computeNextContainerState(RunningDatanodeState.java:193)
	at org.apache.hadoop.ozone.container.common.states.datanode.RunningDatanodeState.await(RunningDatanodeState.java:233)
	at org.apache.hadoop.ozone.container.common.states.datanode.RunningDatanodeState.await(RunningDatanodeState.java:50)
	at org.apache.hadoop.ozone.container.common.statemachine.StateContext.execute(StateContext.java:658)
	at org.apache.hadoop.ozone.container.common.statemachine.DatanodeStateMachine.startStateMachineThread(DatanodeStateMachine.java:283)
	at org.apache.hadoop.ozone.container.common.statemachine.DatanodeStateMachine.lambda$startDaemon$0(DatanodeStateMachine.java:471)
	at java.lang.Thread.run(Thread.java:750)
Caused by: java.util.concurrent.TimeoutException
	at java.util.concurrent.FutureTask.get(FutureTask.java:205)
	at org.apache.hadoop.ozone.container.common.states.datanode.RunningDatanodeState.lambda$execute$0(RunningDatanodeState.java:151)
	at java.util.concurrent.FutureTask.run(FutureTask.java:266)
	at java.util.concurrent.Executors$RunnableAdapter.call(Executors.java:511)
	at java.util.concurrent.FutureTask.run(FutureTask.java:266)
	at java.util.concurrent.ThreadPoolExecutor.runWorker(ThreadPoolExecutor.java:1149)
	at java.util.concurrent.ThreadPoolExecutor$Worker.run(ThreadPoolExecutor.java:624)
	... 1 more
2022-03-04 02:16:25,735 [Datanode State Machine Daemon Thread] ERROR datanode.RunningDatanodeState (RunningDatanodeState.java:computeNextContainerState(201)) - Error in executing end point task.
java.util.concurrent.ExecutionException: java.util.concurrent.TimeoutException
	at java.util.concurrent.FutureTask.report(FutureTask.java:122)
	at java.util.concurrent.FutureTask.get(FutureTask.java:192)
	at org.apache.hadoop.ozone.container.common.states.datanode.RunningDatanodeState.computeNextContainerState(RunningDatanodeState.java:193)
	at org.apache.hadoop.ozone.container.common.states.datanode.RunningDatanodeState.await(RunningDatanodeState.java:233)
	at org.apache.hadoop.ozone.container.common.states.datanode.RunningDatanodeState.await(RunningDatanodeState.java:50)
	at org.apache.hadoop.ozone.container.common.statemachine.StateContext.execute(StateContext.java:658)
	at org.apache.hadoop.ozone.container.common.statemachine.DatanodeStateMachine.startStateMachineThread(DatanodeStateMachine.java:283)
	at org.apache.hadoop.ozone.container.common.statemachine.DatanodeStateMachine.lambda$startDaemon$0(DatanodeStateMachine.java:471)
	at java.lang.Thread.run(Thread.java:750)
Caused by: java.util.concurrent.TimeoutException
	at java.util.concurrent.FutureTask.get(FutureTask.java:205)
	at org.apache.hadoop.ozone.container.common.states.datanode.RunningDatanodeState.lambda$execute$0(RunningDatanodeState.java:151)
	at java.util.concurrent.FutureTask.run(FutureTask.java:266)
	at java.util.concurrent.Executors$RunnableAdapter.call(Executors.java:511)
	at java.util.concurrent.FutureTask.run(FutureTask.java:266)
	at java.util.concurrent.ThreadPoolExecutor.runWorker(ThreadPoolExecutor.java:1149)
	at java.util.concurrent.ThreadPoolExecutor$Worker.run(ThreadPoolExecutor.java:624)
	... 1 more
2022-03-04 02:16:25,887 [EndpointStateMachine task thread for /127.0.0.1:42427 - 0 ] INFO  ipc.Client (Client.java:handleConnectionFailure(977)) - Retrying connect to server: localhost/127.0.0.1:42427. Already tried 0 time(s); retry policy is RetryUpToMaximumCountWithFixedSleep(maxRetries=15, sleepTime=1000 MILLISECONDS)
2022-03-04 02:16:25,889 [EndpointStateMachine task thread for /127.0.0.1:42491 - 0 ] INFO  ipc.Client (Client.java:handleConnectionFailure(977)) - Retrying connect to server: localhost/127.0.0.1:42491. Already tried 0 time(s); retry policy is RetryUpToMaximumCountWithFixedSleep(maxRetries=15, sleepTime=1000 MILLISECONDS)
2022-03-04 02:16:25,890 [EndpointStateMachine task thread for /127.0.0.1:35517 - 0 ] INFO  ipc.Client (Client.java:handleConnectionFailure(977)) - Retrying connect to server: localhost/127.0.0.1:35517. Already tried 0 time(s); retry policy is RetryUpToMaximumCountWithFixedSleep(maxRetries=15, sleepTime=1000 MILLISECONDS)
2022-03-04 02:16:26,215 [Listener at 127.0.0.1/44533] INFO  ozone.MiniOzoneClusterImpl (MiniOzoneClusterImpl.java:lambda$waitForClusterToBeReady$0(219)) - Nodes are ready. Got 3 of 3 DN Heartbeats.
2022-03-04 02:16:26,215 [Listener at 127.0.0.1/44533] INFO  ozone.MiniOzoneClusterImpl (MiniOzoneClusterImpl.java:lambda$waitForClusterToBeReady$0(222)) - Waiting for cluster to exit safe mode
2022-03-04 02:16:26,215 [Listener at 127.0.0.1/44533] INFO  ozone.MiniOzoneClusterImpl (MiniOzoneClusterImpl.java:lambda$waitForClusterToBeReady$0(224)) - SCM became leader
2022-03-04 02:16:26,283 [Datanode State Machine Daemon Thread] ERROR datanode.RunningDatanodeState (RunningDatanodeState.java:computeNextContainerState(201)) - Error in executing end point task.
java.util.concurrent.ExecutionException: java.util.concurrent.TimeoutException
	at java.util.concurrent.FutureTask.report(FutureTask.java:122)
	at java.util.concurrent.FutureTask.get(FutureTask.java:192)
	at org.apache.hadoop.ozone.container.common.states.datanode.RunningDatanodeState.computeNextContainerState(RunningDatanodeState.java:193)
	at org.apache.hadoop.ozone.container.common.states.datanode.RunningDatanodeState.await(RunningDatanodeState.java:233)
	at org.apache.hadoop.ozone.container.common.states.datanode.RunningDatanodeState.await(RunningDatanodeState.java:50)
	at org.apache.hadoop.ozone.container.common.statemachine.StateContext.execute(StateContext.java:658)
	at org.apache.hadoop.ozone.container.common.statemachine.DatanodeStateMachine.startStateMachineThread(DatanodeStateMachine.java:283)
	at org.apache.hadoop.ozone.container.common.statemachine.DatanodeStateMachine.lambda$startDaemon$0(DatanodeStateMachine.java:471)
	at java.lang.Thread.run(Thread.java:750)
Caused by: java.util.concurrent.TimeoutException
	at java.util.concurrent.FutureTask.get(FutureTask.java:205)
	at org.apache.hadoop.ozone.container.common.states.datanode.RunningDatanodeState.lambda$execute$0(RunningDatanodeState.java:151)
	at java.util.concurrent.FutureTask.run(FutureTask.java:266)
	at java.util.concurrent.Executors$RunnableAdapter.call(Executors.java:511)
	at java.util.concurrent.FutureTask.run(FutureTask.java:266)
	at java.util.concurrent.ThreadPoolExecutor.runWorker(ThreadPoolExecutor.java:1149)
	at java.util.concurrent.ThreadPoolExecutor$Worker.run(ThreadPoolExecutor.java:624)
	... 1 more
2022-03-04 02:16:26,371 [Command processor thread] INFO  server.RaftServer (RaftServerProxy.java:addNew(95)) - f00d6bae-b380-4908-b4bb-8059ffec7328: addNew group-5FBFE6CE9088:[f00d6bae-b380-4908-b4bb-8059ffec7328|rpc:127.0.0.1:36009|priority:1] returns group-5FBFE6CE9088:java.util.concurrent.CompletableFuture@3891b1a6[Not completed]
2022-03-04 02:16:26,373 [pool-361-thread-1] INFO  server.RaftServer$Division (RaftServerImpl.java:<init>(184)) - f00d6bae-b380-4908-b4bb-8059ffec7328: new RaftServerImpl for group-5FBFE6CE9088:[f00d6bae-b380-4908-b4bb-8059ffec7328|rpc:127.0.0.1:36009|priority:1] with ContainerStateMachine:uninitialized
2022-03-04 02:16:26,381 [pool-361-thread-1] INFO  server.RaftServerConfigKeys (ConfUtils.java:logGet(44)) - raft.server.rpc.timeout.min = 5s (custom)
2022-03-04 02:16:26,382 [pool-361-thread-1] INFO  server.RaftServerConfigKeys (ConfUtils.java:logGet(44)) - raft.server.rpc.timeout.max = 5200ms (custom)
2022-03-04 02:16:26,382 [pool-361-thread-1] INFO  server.RaftServerConfigKeys (ConfUtils.java:logGet(44)) - raft.server.rpc.sleep.time = 25ms (default)
2022-03-04 02:16:26,382 [pool-361-thread-1] INFO  server.RaftServerConfigKeys (ConfUtils.java:logGet(44)) - raft.server.rpc.slowness.timeout = 300s (custom)
2022-03-04 02:16:26,382 [pool-361-thread-1] INFO  server.RaftServerConfigKeys (ConfUtils.java:logGet(44)) - raft.server.leaderelection.leader.step-down.wait-time = 10s (default)
2022-03-04 02:16:26,382 [pool-361-thread-1] INFO  server.RaftServerConfigKeys (ConfUtils.java:logGet(44)) - raft.server.sleep.deviation.threshold = 300ms (default)
2022-03-04 02:16:26,382 [pool-361-thread-1] INFO  server.RaftServerConfigKeys (ConfUtils.java:logGet(44)) - raft.server.log.appender.install.snapshot.enabled = false (custom)
2022-03-04 02:16:26,382 [pool-361-thread-1] INFO  server.RaftServer$Division (ServerState.java:<init>(105)) - f00d6bae-b380-4908-b4bb-8059ffec7328@group-5FBFE6CE9088: ConfigurationManager, init=-1: [f00d6bae-b380-4908-b4bb-8059ffec7328|rpc:127.0.0.1:36009|priority:1], old=null, confs=<EMPTY_MAP>
2022-03-04 02:16:26,382 [pool-361-thread-1] INFO  server.RaftServerConfigKeys (ConfUtils.java:logGet(44)) - raft.server.storage.dir = [/home/runner/work/ozone/ozone/hadoop-ozone/integration-test/target/test-dir/MiniOzoneClusterImpl-ba78f66b-c31d-4d73-90ed-a031934b8290/datanode-0/data/ratis] (custom)
2022-03-04 02:16:26,382 [pool-361-thread-1] INFO  server.RaftServerConfigKeys (ConfUtils.java:logGet(44)) - raft.server.log.corruption.policy = EXCEPTION (default)
2022-03-04 02:16:26,382 [pool-361-thread-1] INFO  server.RaftServerConfigKeys (ConfUtils.java:logGet(44)) - raft.server.storage.free-space.min = 0MB (=0) (default)
2022-03-04 02:16:26,382 [pool-361-thread-1] INFO  storage.RaftStorageDirectory (RaftStorageDirectoryImpl.java:analyzeStorage(135)) - The storage directory /home/runner/work/ozone/ozone/hadoop-ozone/integration-test/target/test-dir/MiniOzoneClusterImpl-ba78f66b-c31d-4d73-90ed-a031934b8290/datanode-0/data/ratis/906706fc-b8b9-4db6-852e-5fbfe6ce9088 does not exist. Creating ...
2022-03-04 02:16:26,384 [pool-361-thread-1] INFO  storage.RaftStorageDirectory (RaftStorageDirectoryImpl.java:tryLock(230)) - Lock on /home/runner/work/ozone/ozone/hadoop-ozone/integration-test/target/test-dir/MiniOzoneClusterImpl-ba78f66b-c31d-4d73-90ed-a031934b8290/datanode-0/data/ratis/906706fc-b8b9-4db6-852e-5fbfe6ce9088/in_use.lock acquired by nodename 9067@fv-az184-471
2022-03-04 02:16:26,393 [pool-361-thread-1] INFO  storage.RaftStorage (RaftStorageImpl.java:format(89)) - Storage directory /home/runner/work/ozone/ozone/hadoop-ozone/integration-test/target/test-dir/MiniOzoneClusterImpl-ba78f66b-c31d-4d73-90ed-a031934b8290/datanode-0/data/ratis/906706fc-b8b9-4db6-852e-5fbfe6ce9088 has been successfully formatted.
2022-03-04 02:16:26,393 [pool-361-thread-1] INFO  ratis.ContainerStateMachine (ContainerStateMachine.java:loadSnapshot(236)) - group-5FBFE6CE9088: The snapshot info is null. Setting the last applied indexto:(t:0, i:~)
2022-03-04 02:16:26,393 [pool-361-thread-1] INFO  server.RaftServerConfigKeys (ConfUtils.java:logGet(44)) - raft.server.notification.no-leader.timeout = 300s (custom)
2022-03-04 02:16:26,393 [pool-361-thread-1] INFO  server.RaftServerConfigKeys (ConfUtils.java:logGet(44)) - raft.server.log.use.memory = false (default)
2022-03-04 02:16:26,393 [pool-361-thread-1] INFO  server.RaftServerConfigKeys (ConfUtils.java:logGet(44)) - raft.server.log.purge.gap = 1000000 (custom)
2022-03-04 02:16:26,393 [pool-361-thread-1] INFO  server.RaftServerConfigKeys (ConfUtils.java:logGet(44)) - raft.server.log.appender.buffer.byte-limit = 33554432 (custom)
2022-03-04 02:16:26,393 [pool-361-thread-1] INFO  server.RaftServerConfigKeys (ConfUtils.java:logGet(44)) - raft.server.log.segment.size.max = 1048576 (custom)
2022-03-04 02:16:26,394 [pool-361-thread-1] INFO  server.RaftServerConfigKeys (ConfUtils.java:logGet(44)) - raft.server.log.segment.cache.num.max = 2 (custom)
2022-03-04 02:16:26,394 [pool-361-thread-1] INFO  server.RaftServerConfigKeys (ConfUtils.java:logGet(44)) - raft.server.log.segment.cache.size.max = 200MB (=209715200) (default)
2022-03-04 02:16:26,394 [pool-361-thread-1] INFO  segmented.SegmentedRaftLogWorker (SegmentedRaftLogWorker.java:<init>(182)) - new f00d6bae-b380-4908-b4bb-8059ffec7328@group-5FBFE6CE9088-SegmentedRaftLogWorker for RaftStorageImpl:Storage Directory /home/runner/work/ozone/ozone/hadoop-ozone/integration-test/target/test-dir/MiniOzoneClusterImpl-ba78f66b-c31d-4d73-90ed-a031934b8290/datanode-0/data/ratis/906706fc-b8b9-4db6-852e-5fbfe6ce9088
2022-03-04 02:16:26,394 [pool-361-thread-1] INFO  server.RaftServerConfigKeys (ConfUtils.java:logGet(44)) - raft.server.log.queue.byte-limit = 4294967296 (custom)
2022-03-04 02:16:26,394 [pool-361-thread-1] INFO  server.RaftServerConfigKeys (ConfUtils.java:logGet(44)) - raft.server.log.queue.element-limit = 1024 (custom)
2022-03-04 02:16:26,394 [pool-361-thread-1] INFO  server.RaftServerConfigKeys (ConfUtils.java:logGet(44)) - raft.server.log.segment.size.max = 1048576 (custom)
2022-03-04 02:16:26,394 [pool-361-thread-1] INFO  server.RaftServerConfigKeys (ConfUtils.java:logGet(44)) - raft.server.log.preallocated.size = 16384 (custom)
2022-03-04 02:16:26,394 [pool-361-thread-1] INFO  server.RaftServerConfigKeys (ConfUtils.java:logGet(44)) - raft.server.log.force.sync.num = 128 (default)
2022-03-04 02:16:26,394 [pool-361-thread-1] INFO  server.RaftServerConfigKeys (ConfUtils.java:logGet(44)) - raft.server.log.statemachine.data.sync = true (default)
2022-03-04 02:16:26,394 [pool-361-thread-1] INFO  server.RaftServerConfigKeys (ConfUtils.java:logGet(44)) - raft.server.log.statemachine.data.sync.timeout = 10s (default)
2022-03-04 02:16:26,394 [pool-361-thread-1] INFO  server.RaftServerConfigKeys (ConfUtils.java:logGet(44)) - raft.server.log.statemachine.data.sync.timeout.retry = -1 (default)
2022-03-04 02:16:26,395 [pool-361-thread-1] INFO  server.RaftServerConfigKeys (ConfUtils.java:logGet(44)) - raft.server.log.write.buffer.size = 1048576 (custom)
2022-03-04 02:16:26,396 [EndpointStateMachine task thread for /127.0.0.1:36193 - 0 ] WARN  statemachine.EndpointStateMachine (EndpointStateMachine.java:logIfNeeded(236)) - Unable to communicate to SCM server at localhost:36193 for past 0 seconds.
java.net.SocketTimeoutException: Call From fv-az184-471/10.1.0.11 to localhost:36193 failed on socket timeout exception: java.net.SocketTimeoutException: 5000 millis timeout while waiting for channel to be ready for read. ch : java.nio.channels.SocketChannel[connected local=/127.0.0.1:49984 remote=/127.0.0.1:36193]; For more details see:  http://wiki.apache.org/hadoop/SocketTimeout
	at sun.reflect.NativeConstructorAccessorImpl.newInstance0(Native Method)
	at sun.reflect.NativeConstructorAccessorImpl.newInstance(NativeConstructorAccessorImpl.java:62)
	at sun.reflect.DelegatingConstructorAccessorImpl.newInstance(DelegatingConstructorAccessorImpl.java:45)
	at java.lang.reflect.Constructor.newInstance(Constructor.java:423)
	at org.apache.hadoop.net.NetUtils.wrapWithMessage(NetUtils.java:913)
	at org.apache.hadoop.net.NetUtils.wrapException(NetUtils.java:848)
	at org.apache.hadoop.ipc.Client.getRpcResponse(Client.java:1577)
	at org.apache.hadoop.ipc.Client.call(Client.java:1519)
	at org.apache.hadoop.ipc.Client.call(Client.java:1416)
	at org.apache.hadoop.ipc.ProtobufRpcEngine$Invoker.invoke(ProtobufRpcEngine.java:236)
	at org.apache.hadoop.ipc.ProtobufRpcEngine$Invoker.invoke(ProtobufRpcEngine.java:123)
	at com.sun.proxy.$Proxy48.submitRequest(Unknown Source)
	at org.apache.hadoop.ozone.protocolPB.StorageContainerDatanodeProtocolClientSideTranslatorPB.submitRequest(StorageContainerDatanodeProtocolClientSideTranslatorPB.java:117)
	at org.apache.hadoop.ozone.protocolPB.StorageContainerDatanodeProtocolClientSideTranslatorPB.getVersion(StorageContainerDatanodeProtocolClientSideTranslatorPB.java:133)
	at org.apache.hadoop.ozone.container.common.states.endpoint.VersionEndpointTask.call(VersionEndpointTask.java:71)
	at org.apache.hadoop.ozone.container.common.states.endpoint.VersionEndpointTask.call(VersionEndpointTask.java:42)
	at java.util.concurrent.FutureTask.run(FutureTask.java:266)
	at java.util.concurrent.ThreadPoolExecutor.runWorker(ThreadPoolExecutor.java:1149)
	at java.util.concurrent.ThreadPoolExecutor$Worker.run(ThreadPoolExecutor.java:624)
	at java.lang.Thread.run(Thread.java:750)
Caused by: java.net.SocketTimeoutException: 5000 millis timeout while waiting for channel to be ready for read. ch : java.nio.channels.SocketChannel[connected local=/127.0.0.1:49984 remote=/127.0.0.1:36193]
	at org.apache.hadoop.net.SocketIOWithTimeout.doIO(SocketIOWithTimeout.java:164)
	at org.apache.hadoop.net.SocketInputStream.read(SocketInputStream.java:161)
	at org.apache.hadoop.net.SocketInputStream.read(SocketInputStream.java:131)
	at java.io.FilterInputStream.read(FilterInputStream.java:133)
	at java.io.BufferedInputStream.fill(BufferedInputStream.java:246)
	at java.io.BufferedInputStream.read(BufferedInputStream.java:265)
	at java.io.FilterInputStream.read(FilterInputStream.java:83)
	at java.io.FilterInputStream.read(FilterInputStream.java:83)
	at org.apache.hadoop.ipc.Client$Connection$PingInputStream.read(Client.java:563)
	at java.io.DataInputStream.readInt(DataInputStream.java:387)
	at org.apache.hadoop.ipc.Client$IpcStreams.readResponse(Client.java:1892)
	at org.apache.hadoop.ipc.Client$Connection.receiveRpcResponse(Client.java:1202)
	at org.apache.hadoop.ipc.Client$Connection.run(Client.java:1098)
2022-03-04 02:16:26,404 [pool-361-thread-1] INFO  server.RaftServerConfigKeys (ConfUtils.java:logGet(44)) - raft.server.log.statemachine.data.caching.enabled = true (custom)
2022-03-04 02:16:26,404 [pool-361-thread-1] INFO  segmented.SegmentedRaftLogWorker (SegmentedRaftLogWorker.java:lambda$new$0(133)) - f00d6bae-b380-4908-b4bb-8059ffec7328@group-5FBFE6CE9088-SegmentedRaftLogWorker: flushIndex: setUnconditionally 0 -> -1
2022-03-04 02:16:26,404 [pool-361-thread-1] INFO  segmented.SegmentedRaftLogWorker (SegmentedRaftLogWorker.java:lambda$new$0(133)) - f00d6bae-b380-4908-b4bb-8059ffec7328@group-5FBFE6CE9088-SegmentedRaftLogWorker: safeCacheEvictIndex: setUnconditionally 0 -> -1
2022-03-04 02:16:26,413 [pool-361-thread-1] INFO  server.RaftServerConfigKeys (ConfUtils.java:logGet(44)) - raft.server.snapshot.auto.trigger.enabled = true (custom)
2022-03-04 02:16:26,413 [pool-361-thread-1] INFO  server.RaftServerConfigKeys (ConfUtils.java:logGet(44)) - raft.server.snapshot.auto.trigger.threshold = 10000 (custom)
2022-03-04 02:16:26,413 [pool-361-thread-1] INFO  server.RaftServerConfigKeys (ConfUtils.java:logGet(44)) - raft.server.snapshot.retention.file.num = 5 (custom)
2022-03-04 02:16:26,413 [pool-361-thread-1] INFO  server.RaftServerConfigKeys (ConfUtils.java:logGet(44)) - raft.server.log.purge.upto.snapshot.index = false (default)
2022-03-04 02:16:26,413 [pool-361-thread-1] INFO  server.RaftServerConfigKeys (ConfUtils.java:logGet(44)) - raft.server.retrycache.expirytime = 600000ms (custom)
2022-03-04 02:16:26,413 [pool-361-thread-1] INFO  server.RaftServerConfigKeys (ConfUtils.java:logGet(44)) - raft.server.retrycache.statistics.expirytime = 100μs (default)
2022-03-04 02:16:26,413 [EndpointStateMachine task thread for /127.0.0.1:36193 - 0 ] WARN  statemachine.EndpointStateMachine (EndpointStateMachine.java:logIfNeeded(236)) - Unable to communicate to SCM server at 127.0.0.1:36193 for past 0 seconds.
java.net.SocketTimeoutException: Call From fv-az184-471/10.1.0.11 to localhost:36193 failed on socket timeout exception: java.net.SocketTimeoutException: 5000 millis timeout while waiting for channel to be ready for read. ch : java.nio.channels.SocketChannel[connected local=/127.0.0.1:49984 remote=/127.0.0.1:36193]; For more details see:  http://wiki.apache.org/hadoop/SocketTimeout
	at sun.reflect.NativeConstructorAccessorImpl.newInstance0(Native Method)
	at sun.reflect.NativeConstructorAccessorImpl.newInstance(NativeConstructorAccessorImpl.java:62)
	at sun.reflect.DelegatingConstructorAccessorImpl.newInstance(DelegatingConstructorAccessorImpl.java:45)
	at java.lang.reflect.Constructor.newInstance(Constructor.java:423)
	at org.apache.hadoop.net.NetUtils.wrapWithMessage(NetUtils.java:913)
	at org.apache.hadoop.net.NetUtils.wrapException(NetUtils.java:848)
	at org.apache.hadoop.ipc.Client.getRpcResponse(Client.java:1577)
	at org.apache.hadoop.ipc.Client.call(Client.java:1519)
	at org.apache.hadoop.ipc.Client.call(Client.java:1416)
	at org.apache.hadoop.ipc.ProtobufRpcEngine$Invoker.invoke(ProtobufRpcEngine.java:236)
	at org.apache.hadoop.ipc.ProtobufRpcEngine$Invoker.invoke(ProtobufRpcEngine.java:123)
	at com.sun.proxy.$Proxy48.submitRequest(Unknown Source)
	at org.apache.hadoop.ozone.protocolPB.StorageContainerDatanodeProtocolClientSideTranslatorPB.submitRequest(StorageContainerDatanodeProtocolClientSideTranslatorPB.java:117)
	at org.apache.hadoop.ozone.protocolPB.StorageContainerDatanodeProtocolClientSideTranslatorPB.getVersion(StorageContainerDatanodeProtocolClientSideTranslatorPB.java:133)
	at org.apache.hadoop.ozone.container.common.states.endpoint.VersionEndpointTask.call(VersionEndpointTask.java:71)
	at org.apache.hadoop.ozone.container.common.states.endpoint.VersionEndpointTask.call(VersionEndpointTask.java:42)
	at java.util.concurrent.FutureTask.run(FutureTask.java:266)
	at java.util.concurrent.ThreadPoolExecutor.runWorker(ThreadPoolExecutor.java:1149)
	at java.util.concurrent.ThreadPoolExecutor$Worker.run(ThreadPoolExecutor.java:624)
	at java.lang.Thread.run(Thread.java:750)
Caused by: java.net.SocketTimeoutException: 5000 millis timeout while waiting for channel to be ready for read. ch : java.nio.channels.SocketChannel[connected local=/127.0.0.1:49984 remote=/127.0.0.1:36193]
	at org.apache.hadoop.net.SocketIOWithTimeout.doIO(SocketIOWithTimeout.java:164)
	at org.apache.hadoop.net.SocketInputStream.read(SocketInputStream.java:161)
	at org.apache.hadoop.net.SocketInputStream.read(SocketInputStream.java:131)
	at java.io.FilterInputStream.read(FilterInputStream.java:133)
	at java.io.BufferedInputStream.fill(BufferedInputStream.java:246)
	at java.io.BufferedInputStream.read(BufferedInputStream.java:265)
	at java.io.FilterInputStream.read(FilterInputStream.java:83)
	at java.io.FilterInputStream.read(FilterInputStream.java:83)
	at org.apache.hadoop.ipc.Client$Connection$PingInputStream.read(Client.java:563)
	at java.io.DataInputStream.readInt(DataInputStream.java:387)
	at org.apache.hadoop.ipc.Client$IpcStreams.readResponse(Client.java:1892)
	at org.apache.hadoop.ipc.Client$Connection.receiveRpcResponse(Client.java:1202)
	at org.apache.hadoop.ipc.Client$Connection.run(Client.java:1098)
2022-03-04 02:16:26,414 [pool-361-thread-1] INFO  server.RaftServer$Division (RaftServerImpl.java:start(301)) - f00d6bae-b380-4908-b4bb-8059ffec7328@group-5FBFE6CE9088: start as a follower, conf=-1: [f00d6bae-b380-4908-b4bb-8059ffec7328|rpc:127.0.0.1:36009|priority:1], old=null
2022-03-04 02:16:26,414 [pool-361-thread-1] INFO  server.RaftServer$Division (RaftServerImpl.java:setRole(290)) - f00d6bae-b380-4908-b4bb-8059ffec7328@group-5FBFE6CE9088: changes role from      null to FOLLOWER at term 0 for startAsFollower
2022-03-04 02:16:26,414 [pool-361-thread-1] INFO  impl.RoleInfo (RoleInfo.java:updateAndGet(130)) - f00d6bae-b380-4908-b4bb-8059ffec7328: start f00d6bae-b380-4908-b4bb-8059ffec7328@group-5FBFE6CE9088-FollowerState
2022-03-04 02:16:26,420 [pool-361-thread-1] INFO  util.JmxRegister (JmxRegister.java:tryRegister(44)) - Successfully registered JMX Bean with object name Ratis:service=RaftServer,group=group-5FBFE6CE9088,id=f00d6bae-b380-4908-b4bb-8059ffec7328
2022-03-04 02:16:26,421 [Command processor thread] INFO  ratis.XceiverServerRatis (XceiverServerRatis.java:addGroup(769)) - Created group PipelineID=906706fc-b8b9-4db6-852e-5fbfe6ce9088
2022-03-04 02:16:26,421 [EventQueue-PipelineReportForPipelineReportHandler] INFO  pipeline.PipelineManagerImpl (PipelineManagerImpl.java:openPipeline(291)) - Pipeline Pipeline[ Id: 906706fc-b8b9-4db6-852e-5fbfe6ce9088, Nodes: f00d6bae-b380-4908-b4bb-8059ffec7328{ip: 127.0.0.1, host: localhost, ports: [REPLICATION=42743, RATIS=36009, RATIS_ADMIN=36009, RATIS_SERVER=36009, STANDALONE=42411], networkLocation: /default-rack, certSerialId: null, persistedOpState: IN_SERVICE, persistedOpStateExpiryEpochSec: 0}, ReplicationConfig: RATIS/ONE, State:ALLOCATED, leaderId:f00d6bae-b380-4908-b4bb-8059ffec7328, CreationTimestamp2022-03-04T02:16:23.382Z[Etc/UTC]] moved to OPEN state
2022-03-04 02:16:26,422 [EndpointStateMachine task thread for /127.0.0.1:36193 - 0 ] WARN  statemachine.EndpointStateMachine (EndpointStateMachine.java:logIfNeeded(236)) - Unable to communicate to SCM server at 127.0.0.1:36193 for past 0 seconds.
java.net.SocketTimeoutException: Call From fv-az184-471/10.1.0.11 to localhost:36193 failed on socket timeout exception: java.net.SocketTimeoutException: 5000 millis timeout while waiting for channel to be ready for read. ch : java.nio.channels.SocketChannel[connected local=/127.0.0.1:49984 remote=/127.0.0.1:36193]; For more details see:  http://wiki.apache.org/hadoop/SocketTimeout
	at sun.reflect.NativeConstructorAccessorImpl.newInstance0(Native Method)
	at sun.reflect.NativeConstructorAccessorImpl.newInstance(NativeConstructorAccessorImpl.java:62)
	at sun.reflect.DelegatingConstructorAccessorImpl.newInstance(DelegatingConstructorAccessorImpl.java:45)
	at java.lang.reflect.Constructor.newInstance(Constructor.java:423)
	at org.apache.hadoop.net.NetUtils.wrapWithMessage(NetUtils.java:913)
	at org.apache.hadoop.net.NetUtils.wrapException(NetUtils.java:848)
	at org.apache.hadoop.ipc.Client.getRpcResponse(Client.java:1577)
	at org.apache.hadoop.ipc.Client.call(Client.java:1519)
	at org.apache.hadoop.ipc.Client.call(Client.java:1416)
	at org.apache.hadoop.ipc.ProtobufRpcEngine$Invoker.invoke(ProtobufRpcEngine.java:236)
	at org.apache.hadoop.ipc.ProtobufRpcEngine$Invoker.invoke(ProtobufRpcEngine.java:123)
	at com.sun.proxy.$Proxy48.submitRequest(Unknown Source)
	at org.apache.hadoop.ozone.protocolPB.StorageContainerDatanodeProtocolClientSideTranslatorPB.submitRequest(StorageContainerDatanodeProtocolClientSideTranslatorPB.java:117)
	at org.apache.hadoop.ozone.protocolPB.StorageContainerDatanodeProtocolClientSideTranslatorPB.getVersion(StorageContainerDatanodeProtocolClientSideTranslatorPB.java:133)
	at org.apache.hadoop.ozone.container.common.states.endpoint.VersionEndpointTask.call(VersionEndpointTask.java:71)
	at org.apache.hadoop.ozone.container.common.states.endpoint.VersionEndpointTask.call(VersionEndpointTask.java:42)
	at java.util.concurrent.FutureTask.run(FutureTask.java:266)
	at java.util.concurrent.ThreadPoolExecutor.runWorker(ThreadPoolExecutor.java:1149)
	at java.util.concurrent.ThreadPoolExecutor$Worker.run(ThreadPoolExecutor.java:624)
	at java.lang.Thread.run(Thread.java:750)
Caused by: java.net.SocketTimeoutException: 5000 millis timeout while waiting for channel to be ready for read. ch : java.nio.channels.SocketChannel[connected local=/127.0.0.1:49984 remote=/127.0.0.1:36193]
	at org.apache.hadoop.net.SocketIOWithTimeout.doIO(SocketIOWithTimeout.java:164)
	at org.apache.hadoop.net.SocketInputStream.read(SocketInputStream.java:161)
	at org.apache.hadoop.net.SocketInputStream.read(SocketInputStream.java:131)
	at java.io.FilterInputStream.read(FilterInputStream.java:133)
	at java.io.BufferedInputStream.fill(BufferedInputStream.java:246)
	at java.io.BufferedInputStream.read(BufferedInputStream.java:265)
	at java.io.FilterInputStream.read(FilterInputStream.java:83)
	at java.io.FilterInputStream.read(FilterInputStream.java:83)
	at org.apache.hadoop.ipc.Client$Connection$PingInputStream.read(Client.java:563)
	at java.io.DataInputStream.readInt(DataInputStream.java:387)
	at org.apache.hadoop.ipc.Client$IpcStreams.readResponse(Client.java:1892)
	at org.apache.hadoop.ipc.Client$Connection.receiveRpcResponse(Client.java:1202)
	at org.apache.hadoop.ipc.Client$Connection.run(Client.java:1098)
2022-03-04 02:16:26,422 [EventQueue-PipelineReportForPipelineReportHandler] INFO  pipeline.PipelineManagerImpl (PipelineManagerImpl.java:openPipeline(291)) - Pipeline Pipeline[ Id: 906706fc-b8b9-4db6-852e-5fbfe6ce9088, Nodes: f00d6bae-b380-4908-b4bb-8059ffec7328{ip: 127.0.0.1, host: localhost, ports: [REPLICATION=42743, RATIS=36009, RATIS_ADMIN=36009, RATIS_SERVER=36009, STANDALONE=42411], networkLocation: /default-rack, certSerialId: null, persistedOpState: IN_SERVICE, persistedOpStateExpiryEpochSec: 0}, ReplicationConfig: RATIS/ONE, State:ALLOCATED, leaderId:f00d6bae-b380-4908-b4bb-8059ffec7328, CreationTimestamp2022-03-04T02:16:23.382Z[Etc/UTC]] moved to OPEN state
2022-03-04 02:16:26,422 [Command processor thread] INFO  commandhandler.CreatePipelineCommandHandler (CreatePipelineCommandHandler.java:handle(106)) - Created Pipeline RATIS ONE PipelineID=906706fc-b8b9-4db6-852e-5fbfe6ce9088.
2022-03-04 02:16:26,423 [Command processor thread] INFO  server.RaftServer (RaftServerProxy.java:addNew(95)) - f00d6bae-b380-4908-b4bb-8059ffec7328: addNew group-F68A9A66EFBB:[58268bb1-183d-4eef-863f-1633152e0ae0|rpc:127.0.0.1:34573|priority:0, f00d6bae-b380-4908-b4bb-8059ffec7328|rpc:127.0.0.1:36009|priority:0, 9f78c5ee-b52e-497c-a9a6-ead92f3bbe55|rpc:127.0.0.1:38517|priority:1] returns group-F68A9A66EFBB:java.util.concurrent.CompletableFuture@3cae326c[Not completed]
2022-03-04 02:16:26,424 [pool-361-thread-1] INFO  server.RaftServer$Division (RaftServerImpl.java:<init>(184)) - f00d6bae-b380-4908-b4bb-8059ffec7328: new RaftServerImpl for group-F68A9A66EFBB:[58268bb1-183d-4eef-863f-1633152e0ae0|rpc:127.0.0.1:34573|priority:0, f00d6bae-b380-4908-b4bb-8059ffec7328|rpc:127.0.0.1:36009|priority:0, 9f78c5ee-b52e-497c-a9a6-ead92f3bbe55|rpc:127.0.0.1:38517|priority:1] with ContainerStateMachine:uninitialized
2022-03-04 02:16:26,424 [pool-361-thread-1] INFO  server.RaftServerConfigKeys (ConfUtils.java:logGet(44)) - raft.server.rpc.timeout.min = 5s (custom)
2022-03-04 02:16:26,424 [pool-361-thread-1] INFO  server.RaftServerConfigKeys (ConfUtils.java:logGet(44)) - raft.server.rpc.timeout.max = 5200ms (custom)
2022-03-04 02:16:26,424 [pool-361-thread-1] INFO  server.RaftServerConfigKeys (ConfUtils.java:logGet(44)) - raft.server.rpc.sleep.time = 25ms (default)
2022-03-04 02:16:26,424 [pool-361-thread-1] INFO  server.RaftServerConfigKeys (ConfUtils.java:logGet(44)) - raft.server.rpc.slowness.timeout = 300s (custom)
2022-03-04 02:16:26,424 [pool-361-thread-1] INFO  server.RaftServerConfigKeys (ConfUtils.java:logGet(44)) - raft.server.leaderelection.leader.step-down.wait-time = 10s (default)
2022-03-04 02:16:26,424 [pool-361-thread-1] INFO  server.RaftServerConfigKeys (ConfUtils.java:logGet(44)) - raft.server.sleep.deviation.threshold = 300ms (default)
2022-03-04 02:16:26,424 [pool-361-thread-1] INFO  server.RaftServerConfigKeys (ConfUtils.java:logGet(44)) - raft.server.log.appender.install.snapshot.enabled = false (custom)
2022-03-04 02:16:26,424 [pool-361-thread-1] INFO  server.RaftServer$Division (ServerState.java:<init>(105)) - f00d6bae-b380-4908-b4bb-8059ffec7328@group-F68A9A66EFBB: ConfigurationManager, init=-1: [58268bb1-183d-4eef-863f-1633152e0ae0|rpc:127.0.0.1:34573|priority:0, f00d6bae-b380-4908-b4bb-8059ffec7328|rpc:127.0.0.1:36009|priority:0, 9f78c5ee-b52e-497c-a9a6-ead92f3bbe55|rpc:127.0.0.1:38517|priority:1], old=null, confs=<EMPTY_MAP>
2022-03-04 02:16:26,424 [pool-361-thread-1] INFO  server.RaftServerConfigKeys (ConfUtils.java:logGet(44)) - raft.server.storage.dir = [/home/runner/work/ozone/ozone/hadoop-ozone/integration-test/target/test-dir/MiniOzoneClusterImpl-ba78f66b-c31d-4d73-90ed-a031934b8290/datanode-0/data/ratis] (custom)
2022-03-04 02:16:26,424 [pool-361-thread-1] INFO  server.RaftServerConfigKeys (ConfUtils.java:logGet(44)) - raft.server.log.corruption.policy = EXCEPTION (default)
2022-03-04 02:16:26,424 [pool-361-thread-1] INFO  server.RaftServerConfigKeys (ConfUtils.java:logGet(44)) - raft.server.storage.free-space.min = 0MB (=0) (default)
2022-03-04 02:16:26,424 [pool-361-thread-1] INFO  storage.RaftStorageDirectory (RaftStorageDirectoryImpl.java:analyzeStorage(135)) - The storage directory /home/runner/work/ozone/ozone/hadoop-ozone/integration-test/target/test-dir/MiniOzoneClusterImpl-ba78f66b-c31d-4d73-90ed-a031934b8290/datanode-0/data/ratis/b3c9a710-6c5c-47d0-ada5-f68a9a66efbb does not exist. Creating ...
2022-03-04 02:16:26,437 [pool-361-thread-1] INFO  storage.RaftStorageDirectory (RaftStorageDirectoryImpl.java:tryLock(230)) - Lock on /home/runner/work/ozone/ozone/hadoop-ozone/integration-test/target/test-dir/MiniOzoneClusterImpl-ba78f66b-c31d-4d73-90ed-a031934b8290/datanode-0/data/ratis/b3c9a710-6c5c-47d0-ada5-f68a9a66efbb/in_use.lock acquired by nodename 9067@fv-az184-471
2022-03-04 02:16:26,445 [pool-361-thread-1] INFO  storage.RaftStorage (RaftStorageImpl.java:format(89)) - Storage directory /home/runner/work/ozone/ozone/hadoop-ozone/integration-test/target/test-dir/MiniOzoneClusterImpl-ba78f66b-c31d-4d73-90ed-a031934b8290/datanode-0/data/ratis/b3c9a710-6c5c-47d0-ada5-f68a9a66efbb has been successfully formatted.
2022-03-04 02:16:26,449 [pool-361-thread-1] INFO  ratis.ContainerStateMachine (ContainerStateMachine.java:loadSnapshot(236)) - group-F68A9A66EFBB: The snapshot info is null. Setting the last applied indexto:(t:0, i:~)
2022-03-04 02:16:26,450 [pool-361-thread-1] INFO  server.RaftServerConfigKeys (ConfUtils.java:logGet(44)) - raft.server.notification.no-leader.timeout = 300s (custom)
2022-03-04 02:16:26,450 [pool-361-thread-1] INFO  server.RaftServerConfigKeys (ConfUtils.java:logGet(44)) - raft.server.log.use.memory = false (default)
2022-03-04 02:16:26,450 [pool-361-thread-1] INFO  server.RaftServerConfigKeys (ConfUtils.java:logGet(44)) - raft.server.log.purge.gap = 1000000 (custom)
2022-03-04 02:16:26,450 [pool-361-thread-1] INFO  server.RaftServerConfigKeys (ConfUtils.java:logGet(44)) - raft.server.log.appender.buffer.byte-limit = 33554432 (custom)
2022-03-04 02:16:26,450 [pool-361-thread-1] INFO  server.RaftServerConfigKeys (ConfUtils.java:logGet(44)) - raft.server.log.segment.size.max = 1048576 (custom)
2022-03-04 02:16:26,451 [pool-361-thread-1] INFO  server.RaftServerConfigKeys (ConfUtils.java:logGet(44)) - raft.server.log.segment.cache.num.max = 2 (custom)
2022-03-04 02:16:26,451 [d06750ef-dff7-4786-ad4b-f6962696dc27@group-A031934B8290-StateMachineUpdater] INFO  safemode.HealthyPipelineSafeModeRule (HealthyPipelineSafeModeRule.java:initializeRule(152)) - Refreshed total pipeline count is 0, healthy pipeline threshold count is 1
2022-03-04 02:16:26,451 [pool-361-thread-1] INFO  server.RaftServerConfigKeys (ConfUtils.java:logGet(44)) - raft.server.log.segment.cache.size.max = 200MB (=209715200) (default)
2022-03-04 02:16:26,460 [pool-361-thread-1] INFO  segmented.SegmentedRaftLogWorker (SegmentedRaftLogWorker.java:<init>(182)) - new f00d6bae-b380-4908-b4bb-8059ffec7328@group-F68A9A66EFBB-SegmentedRaftLogWorker for RaftStorageImpl:Storage Directory /home/runner/work/ozone/ozone/hadoop-ozone/integration-test/target/test-dir/MiniOzoneClusterImpl-ba78f66b-c31d-4d73-90ed-a031934b8290/datanode-0/data/ratis/b3c9a710-6c5c-47d0-ada5-f68a9a66efbb
2022-03-04 02:16:26,460 [pool-361-thread-1] INFO  server.RaftServerConfigKeys (ConfUtils.java:logGet(44)) - raft.server.log.queue.byte-limit = 4294967296 (custom)
2022-03-04 02:16:26,460 [pool-361-thread-1] INFO  server.RaftServerConfigKeys (ConfUtils.java:logGet(44)) - raft.server.log.queue.element-limit = 1024 (custom)
2022-03-04 02:16:26,460 [pool-361-thread-1] INFO  server.RaftServerConfigKeys (ConfUtils.java:logGet(44)) - raft.server.log.segment.size.max = 1048576 (custom)
2022-03-04 02:16:26,460 [pool-361-thread-1] INFO  server.RaftServerConfigKeys (ConfUtils.java:logGet(44)) - raft.server.log.preallocated.size = 16384 (custom)
2022-03-04 02:16:26,460 [pool-361-thread-1] INFO  server.RaftServerConfigKeys (ConfUtils.java:logGet(44)) - raft.server.log.force.sync.num = 128 (default)
2022-03-04 02:16:26,460 [pool-361-thread-1] INFO  server.RaftServerConfigKeys (ConfUtils.java:logGet(44)) - raft.server.log.statemachine.data.sync = true (default)
2022-03-04 02:16:26,460 [pool-361-thread-1] INFO  server.RaftServerConfigKeys (ConfUtils.java:logGet(44)) - raft.server.log.statemachine.data.sync.timeout = 10s (default)
2022-03-04 02:16:26,460 [pool-361-thread-1] INFO  server.RaftServerConfigKeys (ConfUtils.java:logGet(44)) - raft.server.log.statemachine.data.sync.timeout.retry = -1 (default)
2022-03-04 02:16:26,457 [d3378977-86d2-46d9-aa75-813a91c491f2@group-A031934B8290-StateMachineUpdater] INFO  safemode.HealthyPipelineSafeModeRule (HealthyPipelineSafeModeRule.java:initializeRule(152)) - Refreshed total pipeline count is 0, healthy pipeline threshold count is 1
2022-03-04 02:16:26,456 [EventQueue-OpenPipelineForHealthyPipelineSafeModeRule] INFO  safemode.SCMSafeModeManager (HealthyPipelineSafeModeRule.java:process(124)) - SCM in safe mode. Healthy pipelines reported count is 0, required healthy pipeline reported count is 1
2022-03-04 02:16:26,461 [EventQueue-OpenPipelineForHealthyPipelineSafeModeRule] INFO  safemode.SCMSafeModeManager (HealthyPipelineSafeModeRule.java:process(124)) - SCM in safe mode. Healthy pipelines reported count is 0, required healthy pipeline reported count is 1
2022-03-04 02:16:26,462 [pool-361-thread-1] INFO  server.RaftServerConfigKeys (ConfUtils.java:logGet(44)) - raft.server.log.write.buffer.size = 1048576 (custom)
2022-03-04 02:16:26,463 [pool-361-thread-1] INFO  server.RaftServerConfigKeys (ConfUtils.java:logGet(44)) - raft.server.log.statemachine.data.caching.enabled = true (custom)
2022-03-04 02:16:26,463 [pool-361-thread-1] INFO  segmented.SegmentedRaftLogWorker (SegmentedRaftLogWorker.java:lambda$new$0(133)) - f00d6bae-b380-4908-b4bb-8059ffec7328@group-F68A9A66EFBB-SegmentedRaftLogWorker: flushIndex: setUnconditionally 0 -> -1
2022-03-04 02:16:26,463 [pool-361-thread-1] INFO  segmented.SegmentedRaftLogWorker (SegmentedRaftLogWorker.java:lambda$new$0(133)) - f00d6bae-b380-4908-b4bb-8059ffec7328@group-F68A9A66EFBB-SegmentedRaftLogWorker: safeCacheEvictIndex: setUnconditionally 0 -> -1
2022-03-04 02:16:26,472 [pool-361-thread-1] INFO  server.RaftServerConfigKeys (ConfUtils.java:logGet(44)) - raft.server.snapshot.auto.trigger.enabled = true (custom)
2022-03-04 02:16:26,472 [pool-361-thread-1] INFO  server.RaftServerConfigKeys (ConfUtils.java:logGet(44)) - raft.server.snapshot.auto.trigger.threshold = 10000 (custom)
2022-03-04 02:16:26,472 [pool-361-thread-1] INFO  server.RaftServerConfigKeys (ConfUtils.java:logGet(44)) - raft.server.snapshot.retention.file.num = 5 (custom)
2022-03-04 02:16:26,472 [pool-361-thread-1] INFO  server.RaftServerConfigKeys (ConfUtils.java:logGet(44)) - raft.server.log.purge.upto.snapshot.index = false (default)
2022-03-04 02:16:26,473 [pool-361-thread-1] INFO  server.RaftServerConfigKeys (ConfUtils.java:logGet(44)) - raft.server.retrycache.expirytime = 600000ms (custom)
2022-03-04 02:16:26,473 [pool-361-thread-1] INFO  server.RaftServerConfigKeys (ConfUtils.java:logGet(44)) - raft.server.retrycache.statistics.expirytime = 100μs (default)
2022-03-04 02:16:26,474 [pool-361-thread-1] INFO  server.RaftServer$Division (RaftServerImpl.java:start(301)) - f00d6bae-b380-4908-b4bb-8059ffec7328@group-F68A9A66EFBB: start as a follower, conf=-1: [58268bb1-183d-4eef-863f-1633152e0ae0|rpc:127.0.0.1:34573|priority:0, f00d6bae-b380-4908-b4bb-8059ffec7328|rpc:127.0.0.1:36009|priority:0, 9f78c5ee-b52e-497c-a9a6-ead92f3bbe55|rpc:127.0.0.1:38517|priority:1], old=null
2022-03-04 02:16:26,474 [pool-361-thread-1] INFO  server.RaftServer$Division (RaftServerImpl.java:setRole(290)) - f00d6bae-b380-4908-b4bb-8059ffec7328@group-F68A9A66EFBB: changes role from      null to FOLLOWER at term 0 for startAsFollower
2022-03-04 02:16:26,474 [pool-361-thread-1] INFO  impl.RoleInfo (RoleInfo.java:updateAndGet(130)) - f00d6bae-b380-4908-b4bb-8059ffec7328: start f00d6bae-b380-4908-b4bb-8059ffec7328@group-F68A9A66EFBB-FollowerState
2022-03-04 02:16:26,482 [pool-361-thread-1] INFO  util.JmxRegister (JmxRegister.java:tryRegister(44)) - Successfully registered JMX Bean with object name Ratis:service=RaftServer,group=group-F68A9A66EFBB,id=f00d6bae-b380-4908-b4bb-8059ffec7328
2022-03-04 02:16:26,483 [Command processor thread] INFO  ratis.XceiverServerRatis (XceiverServerRatis.java:addGroup(769)) - Created group PipelineID=b3c9a710-6c5c-47d0-ada5-f68a9a66efbb
2022-03-04 02:16:26,497 [grpc-default-executor-1] INFO  server.RaftServer (RaftServerProxy.java:addNew(95)) - 9f78c5ee-b52e-497c-a9a6-ead92f3bbe55: addNew group-F68A9A66EFBB:[58268bb1-183d-4eef-863f-1633152e0ae0|rpc:127.0.0.1:34573|dataStream:|priority:0, f00d6bae-b380-4908-b4bb-8059ffec7328|rpc:127.0.0.1:36009|dataStream:|priority:0, 9f78c5ee-b52e-497c-a9a6-ead92f3bbe55|rpc:127.0.0.1:38517|dataStream:|priority:1] returns group-F68A9A66EFBB:java.util.concurrent.CompletableFuture@6134a1a7[Not completed]
2022-03-04 02:16:26,511 [EventQueue-OpenPipelineForHealthyPipelineSafeModeRule] INFO  safemode.SCMSafeModeManager (HealthyPipelineSafeModeRule.java:process(124)) - SCM in safe mode. Healthy pipelines reported count is 0, required healthy pipeline reported count is 1
2022-03-04 02:16:26,514 [pool-407-thread-1] INFO  server.RaftServer$Division (RaftServerImpl.java:<init>(184)) - 9f78c5ee-b52e-497c-a9a6-ead92f3bbe55: new RaftServerImpl for group-F68A9A66EFBB:[58268bb1-183d-4eef-863f-1633152e0ae0|rpc:127.0.0.1:34573|dataStream:|priority:0, f00d6bae-b380-4908-b4bb-8059ffec7328|rpc:127.0.0.1:36009|dataStream:|priority:0, 9f78c5ee-b52e-497c-a9a6-ead92f3bbe55|rpc:127.0.0.1:38517|dataStream:|priority:1] with ContainerStateMachine:uninitialized
2022-03-04 02:16:26,514 [pool-407-thread-1] INFO  server.RaftServerConfigKeys (ConfUtils.java:logGet(44)) - raft.server.rpc.timeout.min = 5s (custom)
2022-03-04 02:16:26,514 [pool-407-thread-1] INFO  server.RaftServerConfigKeys (ConfUtils.java:logGet(44)) - raft.server.rpc.timeout.max = 5200ms (custom)
2022-03-04 02:16:26,514 [pool-407-thread-1] INFO  server.RaftServerConfigKeys (ConfUtils.java:logGet(44)) - raft.server.rpc.sleep.time = 25ms (default)
2022-03-04 02:16:26,514 [pool-407-thread-1] INFO  server.RaftServerConfigKeys (ConfUtils.java:logGet(44)) - raft.server.rpc.slowness.timeout = 300s (custom)
2022-03-04 02:16:26,514 [pool-407-thread-1] INFO  server.RaftServerConfigKeys (ConfUtils.java:logGet(44)) - raft.server.leaderelection.leader.step-down.wait-time = 10s (default)
2022-03-04 02:16:26,515 [pool-407-thread-1] INFO  server.RaftServerConfigKeys (ConfUtils.java:logGet(44)) - raft.server.sleep.deviation.threshold = 300ms (default)
2022-03-04 02:16:26,515 [pool-407-thread-1] INFO  server.RaftServerConfigKeys (ConfUtils.java:logGet(44)) - raft.server.log.appender.install.snapshot.enabled = false (custom)
2022-03-04 02:16:26,519 [pool-407-thread-1] INFO  server.RaftServer$Division (ServerState.java:<init>(105)) - 9f78c5ee-b52e-497c-a9a6-ead92f3bbe55@group-F68A9A66EFBB: ConfigurationManager, init=-1: [58268bb1-183d-4eef-863f-1633152e0ae0|rpc:127.0.0.1:34573|dataStream:|priority:0, f00d6bae-b380-4908-b4bb-8059ffec7328|rpc:127.0.0.1:36009|dataStream:|priority:0, 9f78c5ee-b52e-497c-a9a6-ead92f3bbe55|rpc:127.0.0.1:38517|dataStream:|priority:1], old=null, confs=<EMPTY_MAP>
2022-03-04 02:16:26,519 [pool-407-thread-1] INFO  server.RaftServerConfigKeys (ConfUtils.java:logGet(44)) - raft.server.storage.dir = [/home/runner/work/ozone/ozone/hadoop-ozone/integration-test/target/test-dir/MiniOzoneClusterImpl-ba78f66b-c31d-4d73-90ed-a031934b8290/datanode-2/data/ratis] (custom)
2022-03-04 02:16:26,520 [pool-407-thread-1] INFO  server.RaftServerConfigKeys (ConfUtils.java:logGet(44)) - raft.server.log.corruption.policy = EXCEPTION (default)
2022-03-04 02:16:26,520 [pool-407-thread-1] INFO  server.RaftServerConfigKeys (ConfUtils.java:logGet(44)) - raft.server.storage.free-space.min = 0MB (=0) (default)
2022-03-04 02:16:26,520 [pool-407-thread-1] INFO  storage.RaftStorageDirectory (RaftStorageDirectoryImpl.java:analyzeStorage(135)) - The storage directory /home/runner/work/ozone/ozone/hadoop-ozone/integration-test/target/test-dir/MiniOzoneClusterImpl-ba78f66b-c31d-4d73-90ed-a031934b8290/datanode-2/data/ratis/b3c9a710-6c5c-47d0-ada5-f68a9a66efbb does not exist. Creating ...
2022-03-04 02:16:26,521 [pool-407-thread-1] INFO  storage.RaftStorageDirectory (RaftStorageDirectoryImpl.java:tryLock(230)) - Lock on /home/runner/work/ozone/ozone/hadoop-ozone/integration-test/target/test-dir/MiniOzoneClusterImpl-ba78f66b-c31d-4d73-90ed-a031934b8290/datanode-2/data/ratis/b3c9a710-6c5c-47d0-ada5-f68a9a66efbb/in_use.lock acquired by nodename 9067@fv-az184-471
2022-03-04 02:16:26,523 [pool-407-thread-1] INFO  storage.RaftStorage (RaftStorageImpl.java:format(89)) - Storage directory /home/runner/work/ozone/ozone/hadoop-ozone/integration-test/target/test-dir/MiniOzoneClusterImpl-ba78f66b-c31d-4d73-90ed-a031934b8290/datanode-2/data/ratis/b3c9a710-6c5c-47d0-ada5-f68a9a66efbb has been successfully formatted.
2022-03-04 02:16:26,524 [pool-407-thread-1] INFO  ratis.ContainerStateMachine (ContainerStateMachine.java:loadSnapshot(236)) - group-F68A9A66EFBB: The snapshot info is null. Setting the last applied indexto:(t:0, i:~)
2022-03-04 02:16:26,524 [pool-407-thread-1] INFO  server.RaftServerConfigKeys (ConfUtils.java:logGet(44)) - raft.server.notification.no-leader.timeout = 300s (custom)
2022-03-04 02:16:26,524 [pool-407-thread-1] INFO  server.RaftServerConfigKeys (ConfUtils.java:logGet(44)) - raft.server.log.use.memory = false (default)
2022-03-04 02:16:26,524 [pool-407-thread-1] INFO  server.RaftServerConfigKeys (ConfUtils.java:logGet(44)) - raft.server.log.purge.gap = 1000000 (custom)
2022-03-04 02:16:26,524 [pool-407-thread-1] INFO  server.RaftServerConfigKeys (ConfUtils.java:logGet(44)) - raft.server.log.appender.buffer.byte-limit = 33554432 (custom)
2022-03-04 02:16:26,524 [pool-407-thread-1] INFO  server.RaftServerConfigKeys (ConfUtils.java:logGet(44)) - raft.server.log.segment.size.max = 1048576 (custom)
2022-03-04 02:16:26,526 [pool-407-thread-1] INFO  server.RaftServerConfigKeys (ConfUtils.java:logGet(44)) - raft.server.log.segment.cache.num.max = 2 (custom)
2022-03-04 02:16:26,530 [pool-407-thread-1] INFO  server.RaftServerConfigKeys (ConfUtils.java:logGet(44)) - raft.server.log.segment.cache.size.max = 200MB (=209715200) (default)
2022-03-04 02:16:26,530 [pool-407-thread-1] INFO  segmented.SegmentedRaftLogWorker (SegmentedRaftLogWorker.java:<init>(182)) - new 9f78c5ee-b52e-497c-a9a6-ead92f3bbe55@group-F68A9A66EFBB-SegmentedRaftLogWorker for RaftStorageImpl:Storage Directory /home/runner/work/ozone/ozone/hadoop-ozone/integration-test/target/test-dir/MiniOzoneClusterImpl-ba78f66b-c31d-4d73-90ed-a031934b8290/datanode-2/data/ratis/b3c9a710-6c5c-47d0-ada5-f68a9a66efbb
2022-03-04 02:16:26,530 [pool-407-thread-1] INFO  server.RaftServerConfigKeys (ConfUtils.java:logGet(44)) - raft.server.log.queue.byte-limit = 4294967296 (custom)
2022-03-04 02:16:26,530 [pool-407-thread-1] INFO  server.RaftServerConfigKeys (ConfUtils.java:logGet(44)) - raft.server.log.queue.element-limit = 1024 (custom)
2022-03-04 02:16:26,530 [pool-407-thread-1] INFO  server.RaftServerConfigKeys (ConfUtils.java:logGet(44)) - raft.server.log.segment.size.max = 1048576 (custom)
2022-03-04 02:16:26,530 [pool-407-thread-1] INFO  server.RaftServerConfigKeys (ConfUtils.java:logGet(44)) - raft.server.log.preallocated.size = 16384 (custom)
2022-03-04 02:16:26,530 [pool-407-thread-1] INFO  server.RaftServerConfigKeys (ConfUtils.java:logGet(44)) - raft.server.log.force.sync.num = 128 (default)
2022-03-04 02:16:26,530 [pool-407-thread-1] INFO  server.RaftServerConfigKeys (ConfUtils.java:logGet(44)) - raft.server.log.statemachine.data.sync = true (default)
2022-03-04 02:16:26,530 [pool-407-thread-1] INFO  server.RaftServerConfigKeys (ConfUtils.java:logGet(44)) - raft.server.log.statemachine.data.sync.timeout = 10s (default)
2022-03-04 02:16:26,530 [pool-407-thread-1] INFO  server.RaftServerConfigKeys (ConfUtils.java:logGet(44)) - raft.server.log.statemachine.data.sync.timeout.retry = -1 (default)
2022-03-04 02:16:26,531 [pool-407-thread-1] INFO  server.RaftServerConfigKeys (ConfUtils.java:logGet(44)) - raft.server.log.write.buffer.size = 1048576 (custom)
2022-03-04 02:16:26,532 [pool-407-thread-1] INFO  server.RaftServerConfigKeys (ConfUtils.java:logGet(44)) - raft.server.log.statemachine.data.caching.enabled = true (custom)
2022-03-04 02:16:26,532 [pool-407-thread-1] INFO  segmented.SegmentedRaftLogWorker (SegmentedRaftLogWorker.java:lambda$new$0(133)) - 9f78c5ee-b52e-497c-a9a6-ead92f3bbe55@group-F68A9A66EFBB-SegmentedRaftLogWorker: flushIndex: setUnconditionally 0 -> -1
2022-03-04 02:16:26,532 [pool-407-thread-1] INFO  segmented.SegmentedRaftLogWorker (SegmentedRaftLogWorker.java:lambda$new$0(133)) - 9f78c5ee-b52e-497c-a9a6-ead92f3bbe55@group-F68A9A66EFBB-SegmentedRaftLogWorker: safeCacheEvictIndex: setUnconditionally 0 -> -1
2022-03-04 02:16:26,533 [pool-407-thread-1] INFO  server.RaftServerConfigKeys (ConfUtils.java:logGet(44)) - raft.server.snapshot.auto.trigger.enabled = true (custom)
2022-03-04 02:16:26,533 [pool-407-thread-1] INFO  server.RaftServerConfigKeys (ConfUtils.java:logGet(44)) - raft.server.snapshot.auto.trigger.threshold = 10000 (custom)
2022-03-04 02:16:26,533 [pool-407-thread-1] INFO  server.RaftServerConfigKeys (ConfUtils.java:logGet(44)) - raft.server.snapshot.retention.file.num = 5 (custom)
2022-03-04 02:16:26,533 [pool-407-thread-1] INFO  server.RaftServerConfigKeys (ConfUtils.java:logGet(44)) - raft.server.log.purge.upto.snapshot.index = false (default)
2022-03-04 02:16:26,533 [pool-407-thread-1] INFO  server.RaftServerConfigKeys (ConfUtils.java:logGet(44)) - raft.server.retrycache.expirytime = 600000ms (custom)
2022-03-04 02:16:26,533 [pool-407-thread-1] INFO  server.RaftServerConfigKeys (ConfUtils.java:logGet(44)) - raft.server.retrycache.statistics.expirytime = 100μs (default)
2022-03-04 02:16:26,534 [pool-407-thread-1] INFO  server.RaftServer$Division (RaftServerImpl.java:start(301)) - 9f78c5ee-b52e-497c-a9a6-ead92f3bbe55@group-F68A9A66EFBB: start as a follower, conf=-1: [58268bb1-183d-4eef-863f-1633152e0ae0|rpc:127.0.0.1:34573|dataStream:|priority:0, f00d6bae-b380-4908-b4bb-8059ffec7328|rpc:127.0.0.1:36009|dataStream:|priority:0, 9f78c5ee-b52e-497c-a9a6-ead92f3bbe55|rpc:127.0.0.1:38517|dataStream:|priority:1], old=null
2022-03-04 02:16:26,534 [pool-407-thread-1] INFO  server.RaftServer$Division (RaftServerImpl.java:setRole(290)) - 9f78c5ee-b52e-497c-a9a6-ead92f3bbe55@group-F68A9A66EFBB: changes role from      null to FOLLOWER at term 0 for startAsFollower
2022-03-04 02:16:26,534 [pool-407-thread-1] INFO  impl.RoleInfo (RoleInfo.java:updateAndGet(130)) - 9f78c5ee-b52e-497c-a9a6-ead92f3bbe55: start 9f78c5ee-b52e-497c-a9a6-ead92f3bbe55@group-F68A9A66EFBB-FollowerState
2022-03-04 02:16:26,545 [pool-407-thread-1] INFO  util.JmxRegister (JmxRegister.java:tryRegister(44)) - Successfully registered JMX Bean with object name Ratis:service=RaftServer,group=group-F68A9A66EFBB,id=9f78c5ee-b52e-497c-a9a6-ead92f3bbe55
2022-03-04 02:16:26,619 [grpc-default-executor-1] INFO  server.RaftServer (RaftServerProxy.java:addNew(95)) - 58268bb1-183d-4eef-863f-1633152e0ae0: addNew group-F68A9A66EFBB:[58268bb1-183d-4eef-863f-1633152e0ae0|rpc:127.0.0.1:34573|dataStream:|priority:0, f00d6bae-b380-4908-b4bb-8059ffec7328|rpc:127.0.0.1:36009|dataStream:|priority:0, 9f78c5ee-b52e-497c-a9a6-ead92f3bbe55|rpc:127.0.0.1:38517|dataStream:|priority:1] returns group-F68A9A66EFBB:java.util.concurrent.CompletableFuture@5665ad61[Not completed]
2022-03-04 02:16:26,622 [pool-384-thread-1] INFO  server.RaftServer$Division (RaftServerImpl.java:<init>(184)) - 58268bb1-183d-4eef-863f-1633152e0ae0: new RaftServerImpl for group-F68A9A66EFBB:[58268bb1-183d-4eef-863f-1633152e0ae0|rpc:127.0.0.1:34573|dataStream:|priority:0, f00d6bae-b380-4908-b4bb-8059ffec7328|rpc:127.0.0.1:36009|dataStream:|priority:0, 9f78c5ee-b52e-497c-a9a6-ead92f3bbe55|rpc:127.0.0.1:38517|dataStream:|priority:1] with ContainerStateMachine:uninitialized
2022-03-04 02:16:26,622 [pool-384-thread-1] INFO  server.RaftServerConfigKeys (ConfUtils.java:logGet(44)) - raft.server.rpc.timeout.min = 5s (custom)
2022-03-04 02:16:26,622 [pool-384-thread-1] INFO  server.RaftServerConfigKeys (ConfUtils.java:logGet(44)) - raft.server.rpc.timeout.max = 5200ms (custom)
2022-03-04 02:16:26,623 [pool-384-thread-1] INFO  server.RaftServerConfigKeys (ConfUtils.java:logGet(44)) - raft.server.rpc.sleep.time = 25ms (default)
2022-03-04 02:16:26,623 [pool-384-thread-1] INFO  server.RaftServerConfigKeys (ConfUtils.java:logGet(44)) - raft.server.rpc.slowness.timeout = 300s (custom)
2022-03-04 02:16:26,623 [pool-384-thread-1] INFO  server.RaftServerConfigKeys (ConfUtils.java:logGet(44)) - raft.server.leaderelection.leader.step-down.wait-time = 10s (default)
2022-03-04 02:16:26,623 [pool-384-thread-1] INFO  server.RaftServerConfigKeys (ConfUtils.java:logGet(44)) - raft.server.sleep.deviation.threshold = 300ms (default)
2022-03-04 02:16:26,623 [pool-384-thread-1] INFO  server.RaftServerConfigKeys (ConfUtils.java:logGet(44)) - raft.server.log.appender.install.snapshot.enabled = false (custom)
2022-03-04 02:16:26,623 [pool-384-thread-1] INFO  server.RaftServer$Division (ServerState.java:<init>(105)) - 58268bb1-183d-4eef-863f-1633152e0ae0@group-F68A9A66EFBB: ConfigurationManager, init=-1: [58268bb1-183d-4eef-863f-1633152e0ae0|rpc:127.0.0.1:34573|dataStream:|priority:0, f00d6bae-b380-4908-b4bb-8059ffec7328|rpc:127.0.0.1:36009|dataStream:|priority:0, 9f78c5ee-b52e-497c-a9a6-ead92f3bbe55|rpc:127.0.0.1:38517|dataStream:|priority:1], old=null, confs=<EMPTY_MAP>
2022-03-04 02:16:26,623 [pool-384-thread-1] INFO  server.RaftServerConfigKeys (ConfUtils.java:logGet(44)) - raft.server.storage.dir = [/home/runner/work/ozone/ozone/hadoop-ozone/integration-test/target/test-dir/MiniOzoneClusterImpl-ba78f66b-c31d-4d73-90ed-a031934b8290/datanode-1/data/ratis] (custom)
2022-03-04 02:16:26,623 [pool-384-thread-1] INFO  server.RaftServerConfigKeys (ConfUtils.java:logGet(44)) - raft.server.log.corruption.policy = EXCEPTION (default)
2022-03-04 02:16:26,623 [pool-384-thread-1] INFO  server.RaftServerConfigKeys (ConfUtils.java:logGet(44)) - raft.server.storage.free-space.min = 0MB (=0) (default)
2022-03-04 02:16:26,623 [pool-384-thread-1] INFO  storage.RaftStorageDirectory (RaftStorageDirectoryImpl.java:analyzeStorage(135)) - The storage directory /home/runner/work/ozone/ozone/hadoop-ozone/integration-test/target/test-dir/MiniOzoneClusterImpl-ba78f66b-c31d-4d73-90ed-a031934b8290/datanode-1/data/ratis/b3c9a710-6c5c-47d0-ada5-f68a9a66efbb does not exist. Creating ...
2022-03-04 02:16:26,628 [pool-384-thread-1] INFO  storage.RaftStorageDirectory (RaftStorageDirectoryImpl.java:tryLock(230)) - Lock on /home/runner/work/ozone/ozone/hadoop-ozone/integration-test/target/test-dir/MiniOzoneClusterImpl-ba78f66b-c31d-4d73-90ed-a031934b8290/datanode-1/data/ratis/b3c9a710-6c5c-47d0-ada5-f68a9a66efbb/in_use.lock acquired by nodename 9067@fv-az184-471
2022-03-04 02:16:26,630 [pool-384-thread-1] INFO  storage.RaftStorage (RaftStorageImpl.java:format(89)) - Storage directory /home/runner/work/ozone/ozone/hadoop-ozone/integration-test/target/test-dir/MiniOzoneClusterImpl-ba78f66b-c31d-4d73-90ed-a031934b8290/datanode-1/data/ratis/b3c9a710-6c5c-47d0-ada5-f68a9a66efbb has been successfully formatted.
2022-03-04 02:16:26,630 [pool-384-thread-1] INFO  ratis.ContainerStateMachine (ContainerStateMachine.java:loadSnapshot(236)) - group-F68A9A66EFBB: The snapshot info is null. Setting the last applied indexto:(t:0, i:~)
2022-03-04 02:16:26,630 [pool-384-thread-1] INFO  server.RaftServerConfigKeys (ConfUtils.java:logGet(44)) - raft.server.notification.no-leader.timeout = 300s (custom)
2022-03-04 02:16:26,630 [pool-384-thread-1] INFO  server.RaftServerConfigKeys (ConfUtils.java:logGet(44)) - raft.server.log.use.memory = false (default)
2022-03-04 02:16:26,630 [pool-384-thread-1] INFO  server.RaftServerConfigKeys (ConfUtils.java:logGet(44)) - raft.server.log.purge.gap = 1000000 (custom)
2022-03-04 02:16:26,630 [pool-384-thread-1] INFO  server.RaftServerConfigKeys (ConfUtils.java:logGet(44)) - raft.server.log.appender.buffer.byte-limit = 33554432 (custom)
2022-03-04 02:16:26,630 [pool-384-thread-1] INFO  server.RaftServerConfigKeys (ConfUtils.java:logGet(44)) - raft.server.log.segment.size.max = 1048576 (custom)
2022-03-04 02:16:26,631 [pool-384-thread-1] INFO  server.RaftServerConfigKeys (ConfUtils.java:logGet(44)) - raft.server.log.segment.cache.num.max = 2 (custom)
2022-03-04 02:16:26,631 [pool-384-thread-1] INFO  server.RaftServerConfigKeys (ConfUtils.java:logGet(44)) - raft.server.log.segment.cache.size.max = 200MB (=209715200) (default)
2022-03-04 02:16:26,631 [pool-384-thread-1] INFO  segmented.SegmentedRaftLogWorker (SegmentedRaftLogWorker.java:<init>(182)) - new 58268bb1-183d-4eef-863f-1633152e0ae0@group-F68A9A66EFBB-SegmentedRaftLogWorker for RaftStorageImpl:Storage Directory /home/runner/work/ozone/ozone/hadoop-ozone/integration-test/target/test-dir/MiniOzoneClusterImpl-ba78f66b-c31d-4d73-90ed-a031934b8290/datanode-1/data/ratis/b3c9a710-6c5c-47d0-ada5-f68a9a66efbb
2022-03-04 02:16:26,631 [pool-384-thread-1] INFO  server.RaftServerConfigKeys (ConfUtils.java:logGet(44)) - raft.server.log.queue.byte-limit = 4294967296 (custom)
2022-03-04 02:16:26,631 [pool-384-thread-1] INFO  server.RaftServerConfigKeys (ConfUtils.java:logGet(44)) - raft.server.log.queue.element-limit = 1024 (custom)
2022-03-04 02:16:26,631 [pool-384-thread-1] INFO  server.RaftServerConfigKeys (ConfUtils.java:logGet(44)) - raft.server.log.segment.size.max = 1048576 (custom)
2022-03-04 02:16:26,631 [pool-384-thread-1] INFO  server.RaftServerConfigKeys (ConfUtils.java:logGet(44)) - raft.server.log.preallocated.size = 16384 (custom)
2022-03-04 02:16:26,631 [pool-384-thread-1] INFO  server.RaftServerConfigKeys (ConfUtils.java:logGet(44)) - raft.server.log.force.sync.num = 128 (default)
2022-03-04 02:16:26,631 [pool-384-thread-1] INFO  server.RaftServerConfigKeys (ConfUtils.java:logGet(44)) - raft.server.log.statemachine.data.sync = true (default)
2022-03-04 02:16:26,636 [pool-384-thread-1] INFO  server.RaftServerConfigKeys (ConfUtils.java:logGet(44)) - raft.server.log.statemachine.data.sync.timeout = 10s (default)
2022-03-04 02:16:26,636 [pool-384-thread-1] INFO  server.RaftServerConfigKeys (ConfUtils.java:logGet(44)) - raft.server.log.statemachine.data.sync.timeout.retry = -1 (default)
2022-03-04 02:16:26,637 [pool-384-thread-1] INFO  server.RaftServerConfigKeys (ConfUtils.java:logGet(44)) - raft.server.log.write.buffer.size = 1048576 (custom)
2022-03-04 02:16:26,638 [pool-384-thread-1] INFO  server.RaftServerConfigKeys (ConfUtils.java:logGet(44)) - raft.server.log.statemachine.data.caching.enabled = true (custom)
2022-03-04 02:16:26,638 [pool-384-thread-1] INFO  segmented.SegmentedRaftLogWorker (SegmentedRaftLogWorker.java:lambda$new$0(133)) - 58268bb1-183d-4eef-863f-1633152e0ae0@group-F68A9A66EFBB-SegmentedRaftLogWorker: flushIndex: setUnconditionally 0 -> -1
2022-03-04 02:16:26,638 [pool-384-thread-1] INFO  segmented.SegmentedRaftLogWorker (SegmentedRaftLogWorker.java:lambda$new$0(133)) - 58268bb1-183d-4eef-863f-1633152e0ae0@group-F68A9A66EFBB-SegmentedRaftLogWorker: safeCacheEvictIndex: setUnconditionally 0 -> -1
2022-03-04 02:16:26,643 [pool-384-thread-1] INFO  server.RaftServerConfigKeys (ConfUtils.java:logGet(44)) - raft.server.snapshot.auto.trigger.enabled = true (custom)
2022-03-04 02:16:26,643 [pool-384-thread-1] INFO  server.RaftServerConfigKeys (ConfUtils.java:logGet(44)) - raft.server.snapshot.auto.trigger.threshold = 10000 (custom)
2022-03-04 02:16:26,643 [pool-384-thread-1] INFO  server.RaftServerConfigKeys (ConfUtils.java:logGet(44)) - raft.server.snapshot.retention.file.num = 5 (custom)
2022-03-04 02:16:26,643 [pool-384-thread-1] INFO  server.RaftServerConfigKeys (ConfUtils.java:logGet(44)) - raft.server.log.purge.upto.snapshot.index = false (default)
2022-03-04 02:16:26,643 [pool-384-thread-1] INFO  server.RaftServerConfigKeys (ConfUtils.java:logGet(44)) - raft.server.retrycache.expirytime = 600000ms (custom)
2022-03-04 02:16:26,643 [pool-384-thread-1] INFO  server.RaftServerConfigKeys (ConfUtils.java:logGet(44)) - raft.server.retrycache.statistics.expirytime = 100μs (default)
2022-03-04 02:16:26,645 [pool-384-thread-1] INFO  server.RaftServer$Division (RaftServerImpl.java:start(301)) - 58268bb1-183d-4eef-863f-1633152e0ae0@group-F68A9A66EFBB: start as a follower, conf=-1: [58268bb1-183d-4eef-863f-1633152e0ae0|rpc:127.0.0.1:34573|dataStream:|priority:0, f00d6bae-b380-4908-b4bb-8059ffec7328|rpc:127.0.0.1:36009|dataStream:|priority:0, 9f78c5ee-b52e-497c-a9a6-ead92f3bbe55|rpc:127.0.0.1:38517|dataStream:|priority:1], old=null
2022-03-04 02:16:26,645 [pool-384-thread-1] INFO  server.RaftServer$Division (RaftServerImpl.java:setRole(290)) - 58268bb1-183d-4eef-863f-1633152e0ae0@group-F68A9A66EFBB: changes role from      null to FOLLOWER at term 0 for startAsFollower
2022-03-04 02:16:26,645 [pool-384-thread-1] INFO  impl.RoleInfo (RoleInfo.java:updateAndGet(130)) - 58268bb1-183d-4eef-863f-1633152e0ae0: start 58268bb1-183d-4eef-863f-1633152e0ae0@group-F68A9A66EFBB-FollowerState
2022-03-04 02:16:26,655 [pool-384-thread-1] INFO  util.JmxRegister (JmxRegister.java:tryRegister(44)) - Successfully registered JMX Bean with object name Ratis:service=RaftServer,group=group-F68A9A66EFBB,id=58268bb1-183d-4eef-863f-1633152e0ae0
2022-03-04 02:16:26,675 [Command processor thread] INFO  commandhandler.CreatePipelineCommandHandler (CreatePipelineCommandHandler.java:handle(106)) - Created Pipeline RATIS THREE PipelineID=b3c9a710-6c5c-47d0-ada5-f68a9a66efbb.
2022-03-04 02:16:26,675 [Command processor thread] INFO  server.RaftServer (RaftServerProxy.java:addNew(95)) - f00d6bae-b380-4908-b4bb-8059ffec7328: addNew group-9A60D3FB85E9:[58268bb1-183d-4eef-863f-1633152e0ae0|rpc:127.0.0.1:34573|priority:1, f00d6bae-b380-4908-b4bb-8059ffec7328|rpc:127.0.0.1:36009|priority:0, 9f78c5ee-b52e-497c-a9a6-ead92f3bbe55|rpc:127.0.0.1:38517|priority:0] returns group-9A60D3FB85E9:java.util.concurrent.CompletableFuture@3688a068[Not completed]
2022-03-04 02:16:26,676 [pool-361-thread-1] INFO  server.RaftServer$Division (RaftServerImpl.java:<init>(184)) - f00d6bae-b380-4908-b4bb-8059ffec7328: new RaftServerImpl for group-9A60D3FB85E9:[58268bb1-183d-4eef-863f-1633152e0ae0|rpc:127.0.0.1:34573|priority:1, f00d6bae-b380-4908-b4bb-8059ffec7328|rpc:127.0.0.1:36009|priority:0, 9f78c5ee-b52e-497c-a9a6-ead92f3bbe55|rpc:127.0.0.1:38517|priority:0] with ContainerStateMachine:uninitialized
2022-03-04 02:16:26,676 [pool-361-thread-1] INFO  server.RaftServerConfigKeys (ConfUtils.java:logGet(44)) - raft.server.rpc.timeout.min = 5s (custom)
2022-03-04 02:16:26,676 [pool-361-thread-1] INFO  server.RaftServerConfigKeys (ConfUtils.java:logGet(44)) - raft.server.rpc.timeout.max = 5200ms (custom)
2022-03-04 02:16:26,676 [pool-361-thread-1] INFO  server.RaftServerConfigKeys (ConfUtils.java:logGet(44)) - raft.server.rpc.sleep.time = 25ms (default)
2022-03-04 02:16:26,676 [pool-361-thread-1] INFO  server.RaftServerConfigKeys (ConfUtils.java:logGet(44)) - raft.server.rpc.slowness.timeout = 300s (custom)
2022-03-04 02:16:26,676 [pool-361-thread-1] INFO  server.RaftServerConfigKeys (ConfUtils.java:logGet(44)) - raft.server.leaderelection.leader.step-down.wait-time = 10s (default)
2022-03-04 02:16:26,676 [pool-361-thread-1] INFO  server.RaftServerConfigKeys (ConfUtils.java:logGet(44)) - raft.server.sleep.deviation.threshold = 300ms (default)
2022-03-04 02:16:26,676 [pool-361-thread-1] INFO  server.RaftServerConfigKeys (ConfUtils.java:logGet(44)) - raft.server.log.appender.install.snapshot.enabled = false (custom)
2022-03-04 02:16:26,676 [pool-361-thread-1] INFO  server.RaftServer$Division (ServerState.java:<init>(105)) - f00d6bae-b380-4908-b4bb-8059ffec7328@group-9A60D3FB85E9: ConfigurationManager, init=-1: [58268bb1-183d-4eef-863f-1633152e0ae0|rpc:127.0.0.1:34573|priority:1, f00d6bae-b380-4908-b4bb-8059ffec7328|rpc:127.0.0.1:36009|priority:0, 9f78c5ee-b52e-497c-a9a6-ead92f3bbe55|rpc:127.0.0.1:38517|priority:0], old=null, confs=<EMPTY_MAP>
2022-03-04 02:16:26,676 [pool-361-thread-1] INFO  server.RaftServerConfigKeys (ConfUtils.java:logGet(44)) - raft.server.storage.dir = [/home/runner/work/ozone/ozone/hadoop-ozone/integration-test/target/test-dir/MiniOzoneClusterImpl-ba78f66b-c31d-4d73-90ed-a031934b8290/datanode-0/data/ratis] (custom)
2022-03-04 02:16:26,677 [pool-361-thread-1] INFO  server.RaftServerConfigKeys (ConfUtils.java:logGet(44)) - raft.server.log.corruption.policy = EXCEPTION (default)
2022-03-04 02:16:26,677 [pool-361-thread-1] INFO  server.RaftServerConfigKeys (ConfUtils.java:logGet(44)) - raft.server.storage.free-space.min = 0MB (=0) (default)
2022-03-04 02:16:26,677 [pool-361-thread-1] INFO  storage.RaftStorageDirectory (RaftStorageDirectoryImpl.java:analyzeStorage(135)) - The storage directory /home/runner/work/ozone/ozone/hadoop-ozone/integration-test/target/test-dir/MiniOzoneClusterImpl-ba78f66b-c31d-4d73-90ed-a031934b8290/datanode-0/data/ratis/8a9700fc-640e-4ec4-9628-9a60d3fb85e9 does not exist. Creating ...
2022-03-04 02:16:26,678 [pool-361-thread-1] INFO  storage.RaftStorageDirectory (RaftStorageDirectoryImpl.java:tryLock(230)) - Lock on /home/runner/work/ozone/ozone/hadoop-ozone/integration-test/target/test-dir/MiniOzoneClusterImpl-ba78f66b-c31d-4d73-90ed-a031934b8290/datanode-0/data/ratis/8a9700fc-640e-4ec4-9628-9a60d3fb85e9/in_use.lock acquired by nodename 9067@fv-az184-471
2022-03-04 02:16:26,680 [pool-361-thread-1] INFO  storage.RaftStorage (RaftStorageImpl.java:format(89)) - Storage directory /home/runner/work/ozone/ozone/hadoop-ozone/integration-test/target/test-dir/MiniOzoneClusterImpl-ba78f66b-c31d-4d73-90ed-a031934b8290/datanode-0/data/ratis/8a9700fc-640e-4ec4-9628-9a60d3fb85e9 has been successfully formatted.
2022-03-04 02:16:26,680 [pool-361-thread-1] INFO  ratis.ContainerStateMachine (ContainerStateMachine.java:loadSnapshot(236)) - group-9A60D3FB85E9: The snapshot info is null. Setting the last applied indexto:(t:0, i:~)
2022-03-04 02:16:26,680 [pool-361-thread-1] INFO  server.RaftServerConfigKeys (ConfUtils.java:logGet(44)) - raft.server.notification.no-leader.timeout = 300s (custom)
2022-03-04 02:16:26,680 [pool-361-thread-1] INFO  server.RaftServerConfigKeys (ConfUtils.java:logGet(44)) - raft.server.log.use.memory = false (default)
2022-03-04 02:16:26,680 [pool-361-thread-1] INFO  server.RaftServerConfigKeys (ConfUtils.java:logGet(44)) - raft.server.log.purge.gap = 1000000 (custom)
2022-03-04 02:16:26,680 [pool-361-thread-1] INFO  server.RaftServerConfigKeys (ConfUtils.java:logGet(44)) - raft.server.log.appender.buffer.byte-limit = 33554432 (custom)
2022-03-04 02:16:26,681 [pool-361-thread-1] INFO  server.RaftServerConfigKeys (ConfUtils.java:logGet(44)) - raft.server.log.segment.size.max = 1048576 (custom)
2022-03-04 02:16:26,681 [pool-361-thread-1] INFO  server.RaftServerConfigKeys (ConfUtils.java:logGet(44)) - raft.server.log.segment.cache.num.max = 2 (custom)
2022-03-04 02:16:26,681 [pool-361-thread-1] INFO  server.RaftServerConfigKeys (ConfUtils.java:logGet(44)) - raft.server.log.segment.cache.size.max = 200MB (=209715200) (default)
2022-03-04 02:16:26,681 [pool-361-thread-1] INFO  segmented.SegmentedRaftLogWorker (SegmentedRaftLogWorker.java:<init>(182)) - new f00d6bae-b380-4908-b4bb-8059ffec7328@group-9A60D3FB85E9-SegmentedRaftLogWorker for RaftStorageImpl:Storage Directory /home/runner/work/ozone/ozone/hadoop-ozone/integration-test/target/test-dir/MiniOzoneClusterImpl-ba78f66b-c31d-4d73-90ed-a031934b8290/datanode-0/data/ratis/8a9700fc-640e-4ec4-9628-9a60d3fb85e9
2022-03-04 02:16:26,681 [pool-361-thread-1] INFO  server.RaftServerConfigKeys (ConfUtils.java:logGet(44)) - raft.server.log.queue.byte-limit = 4294967296 (custom)
2022-03-04 02:16:26,681 [pool-361-thread-1] INFO  server.RaftServerConfigKeys (ConfUtils.java:logGet(44)) - raft.server.log.queue.element-limit = 1024 (custom)
2022-03-04 02:16:26,681 [pool-361-thread-1] INFO  server.RaftServerConfigKeys (ConfUtils.java:logGet(44)) - raft.server.log.segment.size.max = 1048576 (custom)
2022-03-04 02:16:26,681 [pool-361-thread-1] INFO  server.RaftServerConfigKeys (ConfUtils.java:logGet(44)) - raft.server.log.preallocated.size = 16384 (custom)
2022-03-04 02:16:26,681 [pool-361-thread-1] INFO  server.RaftServerConfigKeys (ConfUtils.java:logGet(44)) - raft.server.log.force.sync.num = 128 (default)
2022-03-04 02:16:26,681 [pool-361-thread-1] INFO  server.RaftServerConfigKeys (ConfUtils.java:logGet(44)) - raft.server.log.statemachine.data.sync = true (default)
2022-03-04 02:16:26,681 [pool-361-thread-1] INFO  server.RaftServerConfigKeys (ConfUtils.java:logGet(44)) - raft.server.log.statemachine.data.sync.timeout = 10s (default)
2022-03-04 02:16:26,681 [pool-361-thread-1] INFO  server.RaftServerConfigKeys (ConfUtils.java:logGet(44)) - raft.server.log.statemachine.data.sync.timeout.retry = -1 (default)
2022-03-04 02:16:26,682 [pool-361-thread-1] INFO  server.RaftServerConfigKeys (ConfUtils.java:logGet(44)) - raft.server.log.write.buffer.size = 1048576 (custom)
2022-03-04 02:16:26,683 [pool-361-thread-1] INFO  server.RaftServerConfigKeys (ConfUtils.java:logGet(44)) - raft.server.log.statemachine.data.caching.enabled = true (custom)
2022-03-04 02:16:26,683 [pool-361-thread-1] INFO  segmented.SegmentedRaftLogWorker (SegmentedRaftLogWorker.java:lambda$new$0(133)) - f00d6bae-b380-4908-b4bb-8059ffec7328@group-9A60D3FB85E9-SegmentedRaftLogWorker: flushIndex: setUnconditionally 0 -> -1
2022-03-04 02:16:26,683 [pool-361-thread-1] INFO  segmented.SegmentedRaftLogWorker (SegmentedRaftLogWorker.java:lambda$new$0(133)) - f00d6bae-b380-4908-b4bb-8059ffec7328@group-9A60D3FB85E9-SegmentedRaftLogWorker: safeCacheEvictIndex: setUnconditionally 0 -> -1
2022-03-04 02:16:26,691 [pool-361-thread-1] INFO  server.RaftServerConfigKeys (ConfUtils.java:logGet(44)) - raft.server.snapshot.auto.trigger.enabled = true (custom)
2022-03-04 02:16:26,691 [pool-361-thread-1] INFO  server.RaftServerConfigKeys (ConfUtils.java:logGet(44)) - raft.server.snapshot.auto.trigger.threshold = 10000 (custom)
2022-03-04 02:16:26,692 [pool-361-thread-1] INFO  server.RaftServerConfigKeys (ConfUtils.java:logGet(44)) - raft.server.snapshot.retention.file.num = 5 (custom)
2022-03-04 02:16:26,692 [pool-361-thread-1] INFO  server.RaftServerConfigKeys (ConfUtils.java:logGet(44)) - raft.server.log.purge.upto.snapshot.index = false (default)
2022-03-04 02:16:26,692 [pool-361-thread-1] INFO  server.RaftServerConfigKeys (ConfUtils.java:logGet(44)) - raft.server.retrycache.expirytime = 600000ms (custom)
2022-03-04 02:16:26,692 [pool-361-thread-1] INFO  server.RaftServerConfigKeys (ConfUtils.java:logGet(44)) - raft.server.retrycache.statistics.expirytime = 100μs (default)
2022-03-04 02:16:26,693 [pool-361-thread-1] INFO  server.RaftServer$Division (RaftServerImpl.java:start(301)) - f00d6bae-b380-4908-b4bb-8059ffec7328@group-9A60D3FB85E9: start as a follower, conf=-1: [58268bb1-183d-4eef-863f-1633152e0ae0|rpc:127.0.0.1:34573|priority:1, f00d6bae-b380-4908-b4bb-8059ffec7328|rpc:127.0.0.1:36009|priority:0, 9f78c5ee-b52e-497c-a9a6-ead92f3bbe55|rpc:127.0.0.1:38517|priority:0], old=null
2022-03-04 02:16:26,693 [pool-361-thread-1] INFO  server.RaftServer$Division (RaftServerImpl.java:setRole(290)) - f00d6bae-b380-4908-b4bb-8059ffec7328@group-9A60D3FB85E9: changes role from      null to FOLLOWER at term 0 for startAsFollower
2022-03-04 02:16:26,693 [pool-361-thread-1] INFO  impl.RoleInfo (RoleInfo.java:updateAndGet(130)) - f00d6bae-b380-4908-b4bb-8059ffec7328: start f00d6bae-b380-4908-b4bb-8059ffec7328@group-9A60D3FB85E9-FollowerState
2022-03-04 02:16:26,693 [pool-361-thread-1] INFO  util.JmxRegister (JmxRegister.java:tryRegister(44)) - Successfully registered JMX Bean with object name Ratis:service=RaftServer,group=group-9A60D3FB85E9,id=f00d6bae-b380-4908-b4bb-8059ffec7328
2022-03-04 02:16:26,696 [Command processor thread] INFO  ratis.XceiverServerRatis (XceiverServerRatis.java:addGroup(769)) - Created group PipelineID=8a9700fc-640e-4ec4-9628-9a60d3fb85e9
2022-03-04 02:16:26,719 [grpc-default-executor-1] INFO  server.RaftServer (RaftServerProxy.java:addNew(95)) - 58268bb1-183d-4eef-863f-1633152e0ae0: addNew group-9A60D3FB85E9:[58268bb1-183d-4eef-863f-1633152e0ae0|rpc:127.0.0.1:34573|dataStream:|priority:1, f00d6bae-b380-4908-b4bb-8059ffec7328|rpc:127.0.0.1:36009|dataStream:|priority:0, 9f78c5ee-b52e-497c-a9a6-ead92f3bbe55|rpc:127.0.0.1:38517|dataStream:|priority:0] returns group-9A60D3FB85E9:java.util.concurrent.CompletableFuture@6c8cb7e2[Not completed]
2022-03-04 02:16:26,719 [pool-384-thread-1] INFO  server.RaftServer$Division (RaftServerImpl.java:<init>(184)) - 58268bb1-183d-4eef-863f-1633152e0ae0: new RaftServerImpl for group-9A60D3FB85E9:[58268bb1-183d-4eef-863f-1633152e0ae0|rpc:127.0.0.1:34573|dataStream:|priority:1, f00d6bae-b380-4908-b4bb-8059ffec7328|rpc:127.0.0.1:36009|dataStream:|priority:0, 9f78c5ee-b52e-497c-a9a6-ead92f3bbe55|rpc:127.0.0.1:38517|dataStream:|priority:0] with ContainerStateMachine:uninitialized
2022-03-04 02:16:26,720 [pool-384-thread-1] INFO  server.RaftServerConfigKeys (ConfUtils.java:logGet(44)) - raft.server.rpc.timeout.min = 5s (custom)
2022-03-04 02:16:26,720 [pool-384-thread-1] INFO  server.RaftServerConfigKeys (ConfUtils.java:logGet(44)) - raft.server.rpc.timeout.max = 5200ms (custom)
2022-03-04 02:16:26,720 [pool-384-thread-1] INFO  server.RaftServerConfigKeys (ConfUtils.java:logGet(44)) - raft.server.rpc.sleep.time = 25ms (default)
2022-03-04 02:16:26,720 [pool-384-thread-1] INFO  server.RaftServerConfigKeys (ConfUtils.java:logGet(44)) - raft.server.rpc.slowness.timeout = 300s (custom)
2022-03-04 02:16:26,720 [pool-384-thread-1] INFO  server.RaftServerConfigKeys (ConfUtils.java:logGet(44)) - raft.server.leaderelection.leader.step-down.wait-time = 10s (default)
2022-03-04 02:16:26,720 [pool-384-thread-1] INFO  server.RaftServerConfigKeys (ConfUtils.java:logGet(44)) - raft.server.sleep.deviation.threshold = 300ms (default)
2022-03-04 02:16:26,720 [pool-384-thread-1] INFO  server.RaftServerConfigKeys (ConfUtils.java:logGet(44)) - raft.server.log.appender.install.snapshot.enabled = false (custom)
2022-03-04 02:16:26,720 [pool-384-thread-1] INFO  server.RaftServer$Division (ServerState.java:<init>(105)) - 58268bb1-183d-4eef-863f-1633152e0ae0@group-9A60D3FB85E9: ConfigurationManager, init=-1: [58268bb1-183d-4eef-863f-1633152e0ae0|rpc:127.0.0.1:34573|dataStream:|priority:1, f00d6bae-b380-4908-b4bb-8059ffec7328|rpc:127.0.0.1:36009|dataStream:|priority:0, 9f78c5ee-b52e-497c-a9a6-ead92f3bbe55|rpc:127.0.0.1:38517|dataStream:|priority:0], old=null, confs=<EMPTY_MAP>
2022-03-04 02:16:26,720 [pool-384-thread-1] INFO  server.RaftServerConfigKeys (ConfUtils.java:logGet(44)) - raft.server.storage.dir = [/home/runner/work/ozone/ozone/hadoop-ozone/integration-test/target/test-dir/MiniOzoneClusterImpl-ba78f66b-c31d-4d73-90ed-a031934b8290/datanode-1/data/ratis] (custom)
2022-03-04 02:16:26,720 [pool-384-thread-1] INFO  server.RaftServerConfigKeys (ConfUtils.java:logGet(44)) - raft.server.log.corruption.policy = EXCEPTION (default)
2022-03-04 02:16:26,720 [pool-384-thread-1] INFO  server.RaftServerConfigKeys (ConfUtils.java:logGet(44)) - raft.server.storage.free-space.min = 0MB (=0) (default)
2022-03-04 02:16:26,720 [pool-384-thread-1] INFO  storage.RaftStorageDirectory (RaftStorageDirectoryImpl.java:analyzeStorage(135)) - The storage directory /home/runner/work/ozone/ozone/hadoop-ozone/integration-test/target/test-dir/MiniOzoneClusterImpl-ba78f66b-c31d-4d73-90ed-a031934b8290/datanode-1/data/ratis/8a9700fc-640e-4ec4-9628-9a60d3fb85e9 does not exist. Creating ...
2022-03-04 02:16:26,722 [pool-384-thread-1] INFO  storage.RaftStorageDirectory (RaftStorageDirectoryImpl.java:tryLock(230)) - Lock on /home/runner/work/ozone/ozone/hadoop-ozone/integration-test/target/test-dir/MiniOzoneClusterImpl-ba78f66b-c31d-4d73-90ed-a031934b8290/datanode-1/data/ratis/8a9700fc-640e-4ec4-9628-9a60d3fb85e9/in_use.lock acquired by nodename 9067@fv-az184-471
2022-03-04 02:16:26,727 [pool-384-thread-1] INFO  storage.RaftStorage (RaftStorageImpl.java:format(89)) - Storage directory /home/runner/work/ozone/ozone/hadoop-ozone/integration-test/target/test-dir/MiniOzoneClusterImpl-ba78f66b-c31d-4d73-90ed-a031934b8290/datanode-1/data/ratis/8a9700fc-640e-4ec4-9628-9a60d3fb85e9 has been successfully formatted.
2022-03-04 02:16:26,728 [pool-384-thread-1] INFO  ratis.ContainerStateMachine (ContainerStateMachine.java:loadSnapshot(236)) - group-9A60D3FB85E9: The snapshot info is null. Setting the last applied indexto:(t:0, i:~)
2022-03-04 02:16:26,728 [pool-384-thread-1] INFO  server.RaftServerConfigKeys (ConfUtils.java:logGet(44)) - raft.server.notification.no-leader.timeout = 300s (custom)
2022-03-04 02:16:26,728 [pool-384-thread-1] INFO  server.RaftServerConfigKeys (ConfUtils.java:logGet(44)) - raft.server.log.use.memory = false (default)
2022-03-04 02:16:26,728 [pool-384-thread-1] INFO  server.RaftServerConfigKeys (ConfUtils.java:logGet(44)) - raft.server.log.purge.gap = 1000000 (custom)
2022-03-04 02:16:26,728 [pool-384-thread-1] INFO  server.RaftServerConfigKeys (ConfUtils.java:logGet(44)) - raft.server.log.appender.buffer.byte-limit = 33554432 (custom)
2022-03-04 02:16:26,728 [pool-384-thread-1] INFO  server.RaftServerConfigKeys (ConfUtils.java:logGet(44)) - raft.server.log.segment.size.max = 1048576 (custom)
2022-03-04 02:16:26,728 [pool-384-thread-1] INFO  server.RaftServerConfigKeys (ConfUtils.java:logGet(44)) - raft.server.log.segment.cache.num.max = 2 (custom)
2022-03-04 02:16:26,729 [pool-384-thread-1] INFO  server.RaftServerConfigKeys (ConfUtils.java:logGet(44)) - raft.server.log.segment.cache.size.max = 200MB (=209715200) (default)
2022-03-04 02:16:26,729 [pool-384-thread-1] INFO  segmented.SegmentedRaftLogWorker (SegmentedRaftLogWorker.java:<init>(182)) - new 58268bb1-183d-4eef-863f-1633152e0ae0@group-9A60D3FB85E9-SegmentedRaftLogWorker for RaftStorageImpl:Storage Directory /home/runner/work/ozone/ozone/hadoop-ozone/integration-test/target/test-dir/MiniOzoneClusterImpl-ba78f66b-c31d-4d73-90ed-a031934b8290/datanode-1/data/ratis/8a9700fc-640e-4ec4-9628-9a60d3fb85e9
2022-03-04 02:16:26,729 [pool-384-thread-1] INFO  server.RaftServerConfigKeys (ConfUtils.java:logGet(44)) - raft.server.log.queue.byte-limit = 4294967296 (custom)
2022-03-04 02:16:26,729 [pool-384-thread-1] INFO  server.RaftServerConfigKeys (ConfUtils.java:logGet(44)) - raft.server.log.queue.element-limit = 1024 (custom)
2022-03-04 02:16:26,729 [pool-384-thread-1] INFO  server.RaftServerConfigKeys (ConfUtils.java:logGet(44)) - raft.server.log.segment.size.max = 1048576 (custom)
2022-03-04 02:16:26,729 [pool-384-thread-1] INFO  server.RaftServerConfigKeys (ConfUtils.java:logGet(44)) - raft.server.log.preallocated.size = 16384 (custom)
2022-03-04 02:16:26,729 [pool-384-thread-1] INFO  server.RaftServerConfigKeys (ConfUtils.java:logGet(44)) - raft.server.log.force.sync.num = 128 (default)
2022-03-04 02:16:26,729 [pool-384-thread-1] INFO  server.RaftServerConfigKeys (ConfUtils.java:logGet(44)) - raft.server.log.statemachine.data.sync = true (default)
2022-03-04 02:16:26,729 [pool-384-thread-1] INFO  server.RaftServerConfigKeys (ConfUtils.java:logGet(44)) - raft.server.log.statemachine.data.sync.timeout = 10s (default)
2022-03-04 02:16:26,729 [pool-384-thread-1] INFO  server.RaftServerConfigKeys (ConfUtils.java:logGet(44)) - raft.server.log.statemachine.data.sync.timeout.retry = -1 (default)
2022-03-04 02:16:26,730 [pool-384-thread-1] INFO  server.RaftServerConfigKeys (ConfUtils.java:logGet(44)) - raft.server.log.write.buffer.size = 1048576 (custom)
2022-03-04 02:16:26,731 [pool-384-thread-1] INFO  server.RaftServerConfigKeys (ConfUtils.java:logGet(44)) - raft.server.log.statemachine.data.caching.enabled = true (custom)
2022-03-04 02:16:26,731 [pool-384-thread-1] INFO  segmented.SegmentedRaftLogWorker (SegmentedRaftLogWorker.java:lambda$new$0(133)) - 58268bb1-183d-4eef-863f-1633152e0ae0@group-9A60D3FB85E9-SegmentedRaftLogWorker: flushIndex: setUnconditionally 0 -> -1
2022-03-04 02:16:26,731 [pool-384-thread-1] INFO  segmented.SegmentedRaftLogWorker (SegmentedRaftLogWorker.java:lambda$new$0(133)) - 58268bb1-183d-4eef-863f-1633152e0ae0@group-9A60D3FB85E9-SegmentedRaftLogWorker: safeCacheEvictIndex: setUnconditionally 0 -> -1
2022-03-04 02:16:26,735 [Command processor thread] INFO  server.RaftServer (RaftServerProxy.java:addNew(95)) - 58268bb1-183d-4eef-863f-1633152e0ae0: addNew group-A56C08C94D8C:[58268bb1-183d-4eef-863f-1633152e0ae0|rpc:127.0.0.1:34573|priority:1] returns group-A56C08C94D8C:java.util.concurrent.CompletableFuture@357b15f8[Not completed]
2022-03-04 02:16:26,735 [pool-384-thread-1] INFO  server.RaftServerConfigKeys (ConfUtils.java:logGet(44)) - raft.server.snapshot.auto.trigger.enabled = true (custom)
2022-03-04 02:16:26,736 [pool-384-thread-1] INFO  server.RaftServerConfigKeys (ConfUtils.java:logGet(44)) - raft.server.snapshot.auto.trigger.threshold = 10000 (custom)
2022-03-04 02:16:26,736 [pool-384-thread-1] INFO  server.RaftServerConfigKeys (ConfUtils.java:logGet(44)) - raft.server.snapshot.retention.file.num = 5 (custom)
2022-03-04 02:16:26,736 [pool-384-thread-1] INFO  server.RaftServerConfigKeys (ConfUtils.java:logGet(44)) - raft.server.log.purge.upto.snapshot.index = false (default)
2022-03-04 02:16:26,736 [pool-384-thread-1] INFO  server.RaftServerConfigKeys (ConfUtils.java:logGet(44)) - raft.server.retrycache.expirytime = 600000ms (custom)
2022-03-04 02:16:26,736 [pool-384-thread-1] INFO  server.RaftServerConfigKeys (ConfUtils.java:logGet(44)) - raft.server.retrycache.statistics.expirytime = 100μs (default)
2022-03-04 02:16:26,738 [pool-384-thread-1] INFO  server.RaftServer$Division (RaftServerImpl.java:<init>(184)) - 58268bb1-183d-4eef-863f-1633152e0ae0: new RaftServerImpl for group-A56C08C94D8C:[58268bb1-183d-4eef-863f-1633152e0ae0|rpc:127.0.0.1:34573|priority:1] with ContainerStateMachine:uninitialized
2022-03-04 02:16:26,738 [pool-384-thread-1] INFO  server.RaftServerConfigKeys (ConfUtils.java:logGet(44)) - raft.server.rpc.timeout.min = 5s (custom)
2022-03-04 02:16:26,739 [pool-384-thread-1] INFO  server.RaftServerConfigKeys (ConfUtils.java:logGet(44)) - raft.server.rpc.timeout.max = 5200ms (custom)
2022-03-04 02:16:26,739 [pool-384-thread-1] INFO  server.RaftServerConfigKeys (ConfUtils.java:logGet(44)) - raft.server.rpc.sleep.time = 25ms (default)
2022-03-04 02:16:26,739 [pool-384-thread-1] INFO  server.RaftServerConfigKeys (ConfUtils.java:logGet(44)) - raft.server.rpc.slowness.timeout = 300s (custom)
2022-03-04 02:16:26,739 [pool-384-thread-1] INFO  server.RaftServerConfigKeys (ConfUtils.java:logGet(44)) - raft.server.leaderelection.leader.step-down.wait-time = 10s (default)
2022-03-04 02:16:26,739 [pool-384-thread-1] INFO  server.RaftServerConfigKeys (ConfUtils.java:logGet(44)) - raft.server.sleep.deviation.threshold = 300ms (default)
2022-03-04 02:16:26,739 [pool-384-thread-1] INFO  server.RaftServerConfigKeys (ConfUtils.java:logGet(44)) - raft.server.log.appender.install.snapshot.enabled = false (custom)
2022-03-04 02:16:26,740 [pool-384-thread-1] INFO  server.RaftServer$Division (ServerState.java:<init>(105)) - 58268bb1-183d-4eef-863f-1633152e0ae0@group-A56C08C94D8C: ConfigurationManager, init=-1: [58268bb1-183d-4eef-863f-1633152e0ae0|rpc:127.0.0.1:34573|priority:1], old=null, confs=<EMPTY_MAP>
2022-03-04 02:16:26,740 [pool-384-thread-1] INFO  server.RaftServerConfigKeys (ConfUtils.java:logGet(44)) - raft.server.storage.dir = [/home/runner/work/ozone/ozone/hadoop-ozone/integration-test/target/test-dir/MiniOzoneClusterImpl-ba78f66b-c31d-4d73-90ed-a031934b8290/datanode-1/data/ratis] (custom)
2022-03-04 02:16:26,740 [pool-384-thread-1] INFO  server.RaftServerConfigKeys (ConfUtils.java:logGet(44)) - raft.server.log.corruption.policy = EXCEPTION (default)
2022-03-04 02:16:26,740 [pool-384-thread-1] INFO  server.RaftServerConfigKeys (ConfUtils.java:logGet(44)) - raft.server.storage.free-space.min = 0MB (=0) (default)
2022-03-04 02:16:26,740 [pool-384-thread-1] INFO  storage.RaftStorageDirectory (RaftStorageDirectoryImpl.java:analyzeStorage(135)) - The storage directory /home/runner/work/ozone/ozone/hadoop-ozone/integration-test/target/test-dir/MiniOzoneClusterImpl-ba78f66b-c31d-4d73-90ed-a031934b8290/datanode-1/data/ratis/0074557d-1deb-4875-99b8-a56c08c94d8c does not exist. Creating ...
2022-03-04 02:16:26,741 [pool-384-thread-1] INFO  storage.RaftStorageDirectory (RaftStorageDirectoryImpl.java:tryLock(230)) - Lock on /home/runner/work/ozone/ozone/hadoop-ozone/integration-test/target/test-dir/MiniOzoneClusterImpl-ba78f66b-c31d-4d73-90ed-a031934b8290/datanode-1/data/ratis/0074557d-1deb-4875-99b8-a56c08c94d8c/in_use.lock acquired by nodename 9067@fv-az184-471
2022-03-04 02:16:26,760 [pool-384-thread-1] INFO  storage.RaftStorage (RaftStorageImpl.java:format(89)) - Storage directory /home/runner/work/ozone/ozone/hadoop-ozone/integration-test/target/test-dir/MiniOzoneClusterImpl-ba78f66b-c31d-4d73-90ed-a031934b8290/datanode-1/data/ratis/0074557d-1deb-4875-99b8-a56c08c94d8c has been successfully formatted.
2022-03-04 02:16:26,760 [pool-384-thread-1] INFO  ratis.ContainerStateMachine (ContainerStateMachine.java:loadSnapshot(236)) - group-A56C08C94D8C: The snapshot info is null. Setting the last applied indexto:(t:0, i:~)
2022-03-04 02:16:26,762 [pool-384-thread-1] INFO  server.RaftServerConfigKeys (ConfUtils.java:logGet(44)) - raft.server.notification.no-leader.timeout = 300s (custom)
2022-03-04 02:16:26,762 [pool-384-thread-1] INFO  server.RaftServerConfigKeys (ConfUtils.java:logGet(44)) - raft.server.log.use.memory = false (default)
2022-03-04 02:16:26,762 [pool-384-thread-1] INFO  server.RaftServerConfigKeys (ConfUtils.java:logGet(44)) - raft.server.log.purge.gap = 1000000 (custom)
2022-03-04 02:16:26,762 [pool-384-thread-1] INFO  server.RaftServerConfigKeys (ConfUtils.java:logGet(44)) - raft.server.log.appender.buffer.byte-limit = 33554432 (custom)
2022-03-04 02:16:26,762 [pool-384-thread-1] INFO  server.RaftServerConfigKeys (ConfUtils.java:logGet(44)) - raft.server.log.segment.size.max = 1048576 (custom)
2022-03-04 02:16:26,762 [EventQueue-PipelineReportForPipelineReportHandler] INFO  pipeline.PipelineManagerImpl (PipelineManagerImpl.java:openPipeline(291)) - Pipeline Pipeline[ Id: 0074557d-1deb-4875-99b8-a56c08c94d8c, Nodes: 58268bb1-183d-4eef-863f-1633152e0ae0{ip: 127.0.0.1, host: localhost, ports: [REPLICATION=46643, RATIS=34573, RATIS_ADMIN=34573, RATIS_SERVER=34573, STANDALONE=46765], networkLocation: /default-rack, certSerialId: null, persistedOpState: IN_SERVICE, persistedOpStateExpiryEpochSec: 0}, ReplicationConfig: RATIS/ONE, State:ALLOCATED, leaderId:58268bb1-183d-4eef-863f-1633152e0ae0, CreationTimestamp2022-03-04T02:16:23.755Z[Etc/UTC]] moved to OPEN state
2022-03-04 02:16:26,763 [pool-384-thread-1] INFO  server.RaftServerConfigKeys (ConfUtils.java:logGet(44)) - raft.server.log.segment.cache.num.max = 2 (custom)
2022-03-04 02:16:26,763 [pool-384-thread-1] INFO  server.RaftServerConfigKeys (ConfUtils.java:logGet(44)) - raft.server.log.segment.cache.size.max = 200MB (=209715200) (default)
2022-03-04 02:16:26,763 [pool-384-thread-1] INFO  segmented.SegmentedRaftLogWorker (SegmentedRaftLogWorker.java:<init>(182)) - new 58268bb1-183d-4eef-863f-1633152e0ae0@group-A56C08C94D8C-SegmentedRaftLogWorker for RaftStorageImpl:Storage Directory /home/runner/work/ozone/ozone/hadoop-ozone/integration-test/target/test-dir/MiniOzoneClusterImpl-ba78f66b-c31d-4d73-90ed-a031934b8290/datanode-1/data/ratis/0074557d-1deb-4875-99b8-a56c08c94d8c
2022-03-04 02:16:26,764 [pool-384-thread-1] INFO  server.RaftServerConfigKeys (ConfUtils.java:logGet(44)) - raft.server.log.queue.byte-limit = 4294967296 (custom)
2022-03-04 02:16:26,764 [pool-384-thread-1] INFO  server.RaftServerConfigKeys (ConfUtils.java:logGet(44)) - raft.server.log.queue.element-limit = 1024 (custom)
2022-03-04 02:16:26,764 [pool-384-thread-1] INFO  server.RaftServerConfigKeys (ConfUtils.java:logGet(44)) - raft.server.log.segment.size.max = 1048576 (custom)
2022-03-04 02:16:26,764 [pool-384-thread-1] INFO  server.RaftServerConfigKeys (ConfUtils.java:logGet(44)) - raft.server.log.preallocated.size = 16384 (custom)
2022-03-04 02:16:26,764 [pool-384-thread-1] INFO  server.RaftServerConfigKeys (ConfUtils.java:logGet(44)) - raft.server.log.force.sync.num = 128 (default)
2022-03-04 02:16:26,764 [pool-384-thread-1] INFO  server.RaftServerConfigKeys (ConfUtils.java:logGet(44)) - raft.server.log.statemachine.data.sync = true (default)
2022-03-04 02:16:26,764 [pool-384-thread-1] INFO  server.RaftServerConfigKeys (ConfUtils.java:logGet(44)) - raft.server.log.statemachine.data.sync.timeout = 10s (default)
2022-03-04 02:16:26,765 [pool-384-thread-1] INFO  server.RaftServerConfigKeys (ConfUtils.java:logGet(44)) - raft.server.log.statemachine.data.sync.timeout.retry = -1 (default)
2022-03-04 02:16:26,765 [EventQueue-PipelineReportForPipelineReportHandler] INFO  pipeline.PipelineManagerImpl (PipelineManagerImpl.java:openPipeline(291)) - Pipeline Pipeline[ Id: 0074557d-1deb-4875-99b8-a56c08c94d8c, Nodes: 58268bb1-183d-4eef-863f-1633152e0ae0{ip: 127.0.0.1, host: localhost, ports: [REPLICATION=46643, RATIS=34573, RATIS_ADMIN=34573, RATIS_SERVER=34573, STANDALONE=46765], networkLocation: /default-rack, certSerialId: null, persistedOpState: IN_SERVICE, persistedOpStateExpiryEpochSec: 0}, ReplicationConfig: RATIS/ONE, State:ALLOCATED, leaderId:58268bb1-183d-4eef-863f-1633152e0ae0, CreationTimestamp2022-03-04T02:16:23.755Z[Etc/UTC]] moved to OPEN state
2022-03-04 02:16:26,784 [pool-384-thread-1] INFO  server.RaftServerConfigKeys (ConfUtils.java:logGet(44)) - raft.server.log.write.buffer.size = 1048576 (custom)
2022-03-04 02:16:26,785 [pool-384-thread-1] INFO  server.RaftServerConfigKeys (ConfUtils.java:logGet(44)) - raft.server.log.statemachine.data.caching.enabled = true (custom)
2022-03-04 02:16:26,785 [pool-384-thread-1] INFO  segmented.SegmentedRaftLogWorker (SegmentedRaftLogWorker.java:lambda$new$0(133)) - 58268bb1-183d-4eef-863f-1633152e0ae0@group-A56C08C94D8C-SegmentedRaftLogWorker: flushIndex: setUnconditionally 0 -> -1
2022-03-04 02:16:26,785 [pool-384-thread-1] INFO  segmented.SegmentedRaftLogWorker (SegmentedRaftLogWorker.java:lambda$new$0(133)) - 58268bb1-183d-4eef-863f-1633152e0ae0@group-A56C08C94D8C-SegmentedRaftLogWorker: safeCacheEvictIndex: setUnconditionally 0 -> -1
2022-03-04 02:16:26,786 [d3378977-86d2-46d9-aa75-813a91c491f2@group-A031934B8290-StateMachineUpdater] INFO  ha.SCMStateMachine (SCMStateMachine.java:takeSnapshot(297)) - Current Snapshot Index 18, takeSnapshot took 0 ms
2022-03-04 02:16:26,786 [d3378977-86d2-46d9-aa75-813a91c491f2@group-A031934B8290-StateMachineUpdater] INFO  impl.StateMachineUpdater (StateMachineUpdater.java:takeSnapshot(281)) - d3378977-86d2-46d9-aa75-813a91c491f2@group-A031934B8290-StateMachineUpdater: Took a snapshot at index 18
2022-03-04 02:16:26,786 [d3378977-86d2-46d9-aa75-813a91c491f2@group-A031934B8290-StateMachineUpdater] INFO  impl.StateMachineUpdater (StateMachineUpdater.java:lambda$new$0(89)) - d3378977-86d2-46d9-aa75-813a91c491f2@group-A031934B8290-StateMachineUpdater: snapshotIndex: updateIncreasingly 13 -> 18
2022-03-04 02:16:26,786 [d3378977-86d2-46d9-aa75-813a91c491f2@group-A031934B8290-StateMachineUpdater] INFO  raftlog.RaftLog (RaftLogBase.java:purge(306)) - d3378977-86d2-46d9-aa75-813a91c491f2@group-A031934B8290-SegmentedRaftLog: purge 18
2022-03-04 02:16:26,786 [d3378977-86d2-46d9-aa75-813a91c491f2@group-A031934B8290-StateMachineUpdater] INFO  raftlog.RaftLog (RaftLogBase.java:lambda$new$0(53)) - d3378977-86d2-46d9-aa75-813a91c491f2@group-A031934B8290-SegmentedRaftLog: snapshotIndex: updateIncreasingly 13 -> 18
2022-03-04 02:16:26,786 [d3378977-86d2-46d9-aa75-813a91c491f2@group-A031934B8290-StateMachineUpdater] INFO  raftlog.RaftLog (RaftLogBase.java:lambda$new$0(53)) - d3378977-86d2-46d9-aa75-813a91c491f2@group-A031934B8290-SegmentedRaftLog: purgeIndex: updateToMax old=13, new=18, updated? true
2022-03-04 02:16:26,789 [d06750ef-dff7-4786-ad4b-f6962696dc27@group-A031934B8290-StateMachineUpdater] INFO  safemode.HealthyPipelineSafeModeRule (HealthyPipelineSafeModeRule.java:initializeRule(152)) - Refreshed total pipeline count is 0, healthy pipeline threshold count is 1
2022-03-04 02:16:26,794 [pool-384-thread-1] INFO  server.RaftServerConfigKeys (ConfUtils.java:logGet(44)) - raft.server.snapshot.auto.trigger.enabled = true (custom)
2022-03-04 02:16:26,794 [pool-384-thread-1] INFO  server.RaftServerConfigKeys (ConfUtils.java:logGet(44)) - raft.server.snapshot.auto.trigger.threshold = 10000 (custom)
2022-03-04 02:16:26,794 [pool-384-thread-1] INFO  server.RaftServerConfigKeys (ConfUtils.java:logGet(44)) - raft.server.snapshot.retention.file.num = 5 (custom)
2022-03-04 02:16:26,794 [pool-384-thread-1] INFO  server.RaftServerConfigKeys (ConfUtils.java:logGet(44)) - raft.server.log.purge.upto.snapshot.index = false (default)
2022-03-04 02:16:26,794 [pool-384-thread-1] INFO  server.RaftServerConfigKeys (ConfUtils.java:logGet(44)) - raft.server.retrycache.expirytime = 600000ms (custom)
2022-03-04 02:16:26,794 [pool-384-thread-1] INFO  server.RaftServerConfigKeys (ConfUtils.java:logGet(44)) - raft.server.retrycache.statistics.expirytime = 100μs (default)
2022-03-04 02:16:26,796 [pool-384-thread-1] INFO  server.RaftServer$Division (RaftServerImpl.java:start(301)) - 58268bb1-183d-4eef-863f-1633152e0ae0@group-9A60D3FB85E9: start as a follower, conf=-1: [58268bb1-183d-4eef-863f-1633152e0ae0|rpc:127.0.0.1:34573|dataStream:|priority:1, f00d6bae-b380-4908-b4bb-8059ffec7328|rpc:127.0.0.1:36009|dataStream:|priority:0, 9f78c5ee-b52e-497c-a9a6-ead92f3bbe55|rpc:127.0.0.1:38517|dataStream:|priority:0], old=null
2022-03-04 02:16:26,796 [pool-384-thread-1] INFO  server.RaftServer$Division (RaftServerImpl.java:setRole(290)) - 58268bb1-183d-4eef-863f-1633152e0ae0@group-9A60D3FB85E9: changes role from      null to FOLLOWER at term 0 for startAsFollower
2022-03-04 02:16:26,799 [EventQueue-OpenPipelineForHealthyPipelineSafeModeRule] INFO  safemode.SCMSafeModeManager (HealthyPipelineSafeModeRule.java:process(124)) - SCM in safe mode. Healthy pipelines reported count is 0, required healthy pipeline reported count is 1
2022-03-04 02:16:26,799 [pool-384-thread-1] INFO  impl.RoleInfo (RoleInfo.java:updateAndGet(130)) - 58268bb1-183d-4eef-863f-1633152e0ae0: start 58268bb1-183d-4eef-863f-1633152e0ae0@group-9A60D3FB85E9-FollowerState
2022-03-04 02:16:26,799 [d3378977-86d2-46d9-aa75-813a91c491f2@group-A031934B8290-StateMachineUpdater] INFO  safemode.HealthyPipelineSafeModeRule (HealthyPipelineSafeModeRule.java:initializeRule(152)) - Refreshed total pipeline count is 0, healthy pipeline threshold count is 1
2022-03-04 02:16:26,801 [d06750ef-dff7-4786-ad4b-f6962696dc27@group-A031934B8290-StateMachineUpdater] INFO  ha.SCMStateMachine (SCMStateMachine.java:takeSnapshot(297)) - Current Snapshot Index 20, takeSnapshot took 0 ms
2022-03-04 02:16:26,801 [d06750ef-dff7-4786-ad4b-f6962696dc27@group-A031934B8290-StateMachineUpdater] INFO  impl.StateMachineUpdater (StateMachineUpdater.java:takeSnapshot(281)) - d06750ef-dff7-4786-ad4b-f6962696dc27@group-A031934B8290-StateMachineUpdater: Took a snapshot at index 20
2022-03-04 02:16:26,801 [d06750ef-dff7-4786-ad4b-f6962696dc27@group-A031934B8290-StateMachineUpdater] INFO  impl.StateMachineUpdater (StateMachineUpdater.java:lambda$new$0(89)) - d06750ef-dff7-4786-ad4b-f6962696dc27@group-A031934B8290-StateMachineUpdater: snapshotIndex: updateIncreasingly 15 -> 20
2022-03-04 02:16:26,801 [d06750ef-dff7-4786-ad4b-f6962696dc27@group-A031934B8290-StateMachineUpdater] INFO  raftlog.RaftLog (RaftLogBase.java:purge(306)) - d06750ef-dff7-4786-ad4b-f6962696dc27@group-A031934B8290-SegmentedRaftLog: purge 20
2022-03-04 02:16:26,801 [d06750ef-dff7-4786-ad4b-f6962696dc27@group-A031934B8290-StateMachineUpdater] INFO  raftlog.RaftLog (RaftLogBase.java:lambda$new$0(53)) - d06750ef-dff7-4786-ad4b-f6962696dc27@group-A031934B8290-SegmentedRaftLog: snapshotIndex: updateIncreasingly 15 -> 20
2022-03-04 02:16:26,801 [d06750ef-dff7-4786-ad4b-f6962696dc27@group-A031934B8290-StateMachineUpdater] INFO  raftlog.RaftLog (RaftLogBase.java:lambda$new$0(53)) - d06750ef-dff7-4786-ad4b-f6962696dc27@group-A031934B8290-SegmentedRaftLog: purgeIndex: updateToMax old=15, new=20, updated? true
2022-03-04 02:16:26,807 [pool-384-thread-1] INFO  util.JmxRegister (JmxRegister.java:tryRegister(44)) - Successfully registered JMX Bean with object name Ratis:service=RaftServer,group=group-9A60D3FB85E9,id=58268bb1-183d-4eef-863f-1633152e0ae0
2022-03-04 02:16:26,814 [pool-384-thread-1] INFO  server.RaftServer$Division (RaftServerImpl.java:start(301)) - 58268bb1-183d-4eef-863f-1633152e0ae0@group-A56C08C94D8C: start as a follower, conf=-1: [58268bb1-183d-4eef-863f-1633152e0ae0|rpc:127.0.0.1:34573|priority:1], old=null
2022-03-04 02:16:26,814 [pool-384-thread-1] INFO  server.RaftServer$Division (RaftServerImpl.java:setRole(290)) - 58268bb1-183d-4eef-863f-1633152e0ae0@group-A56C08C94D8C: changes role from      null to FOLLOWER at term 0 for startAsFollower
2022-03-04 02:16:26,814 [pool-384-thread-1] INFO  impl.RoleInfo (RoleInfo.java:updateAndGet(130)) - 58268bb1-183d-4eef-863f-1633152e0ae0: start 58268bb1-183d-4eef-863f-1633152e0ae0@group-A56C08C94D8C-FollowerState
2022-03-04 02:16:26,816 [pool-384-thread-1] INFO  util.JmxRegister (JmxRegister.java:tryRegister(44)) - Successfully registered JMX Bean with object name Ratis:service=RaftServer,group=group-A56C08C94D8C,id=58268bb1-183d-4eef-863f-1633152e0ae0
2022-03-04 02:16:26,819 [Command processor thread] INFO  ratis.XceiverServerRatis (XceiverServerRatis.java:addGroup(769)) - Created group PipelineID=0074557d-1deb-4875-99b8-a56c08c94d8c
2022-03-04 02:16:26,819 [Command processor thread] INFO  commandhandler.CreatePipelineCommandHandler (CreatePipelineCommandHandler.java:handle(106)) - Created Pipeline RATIS ONE PipelineID=0074557d-1deb-4875-99b8-a56c08c94d8c.
2022-03-04 02:16:26,871 [grpc-default-executor-1] INFO  server.RaftServer (RaftServerProxy.java:addNew(95)) - 9f78c5ee-b52e-497c-a9a6-ead92f3bbe55: addNew group-9A60D3FB85E9:[58268bb1-183d-4eef-863f-1633152e0ae0|rpc:127.0.0.1:34573|dataStream:|priority:1, f00d6bae-b380-4908-b4bb-8059ffec7328|rpc:127.0.0.1:36009|dataStream:|priority:0, 9f78c5ee-b52e-497c-a9a6-ead92f3bbe55|rpc:127.0.0.1:38517|dataStream:|priority:0] returns group-9A60D3FB85E9:java.util.concurrent.CompletableFuture@2ab92bbb[Not completed]
2022-03-04 02:16:26,872 [pool-407-thread-1] INFO  server.RaftServer$Division (RaftServerImpl.java:<init>(184)) - 9f78c5ee-b52e-497c-a9a6-ead92f3bbe55: new RaftServerImpl for group-9A60D3FB85E9:[58268bb1-183d-4eef-863f-1633152e0ae0|rpc:127.0.0.1:34573|dataStream:|priority:1, f00d6bae-b380-4908-b4bb-8059ffec7328|rpc:127.0.0.1:36009|dataStream:|priority:0, 9f78c5ee-b52e-497c-a9a6-ead92f3bbe55|rpc:127.0.0.1:38517|dataStream:|priority:0] with ContainerStateMachine:uninitialized
2022-03-04 02:16:26,872 [pool-407-thread-1] INFO  server.RaftServerConfigKeys (ConfUtils.java:logGet(44)) - raft.server.rpc.timeout.min = 5s (custom)
2022-03-04 02:16:26,872 [pool-407-thread-1] INFO  server.RaftServerConfigKeys (ConfUtils.java:logGet(44)) - raft.server.rpc.timeout.max = 5200ms (custom)
2022-03-04 02:16:26,872 [pool-407-thread-1] INFO  server.RaftServerConfigKeys (ConfUtils.java:logGet(44)) - raft.server.rpc.sleep.time = 25ms (default)
2022-03-04 02:16:26,872 [pool-407-thread-1] INFO  server.RaftServerConfigKeys (ConfUtils.java:logGet(44)) - raft.server.rpc.slowness.timeout = 300s (custom)
2022-03-04 02:16:26,872 [pool-407-thread-1] INFO  server.RaftServerConfigKeys (ConfUtils.java:logGet(44)) - raft.server.leaderelection.leader.step-down.wait-time = 10s (default)
2022-03-04 02:16:26,872 [pool-407-thread-1] INFO  server.RaftServerConfigKeys (ConfUtils.java:logGet(44)) - raft.server.sleep.deviation.threshold = 300ms (default)
2022-03-04 02:16:26,872 [pool-407-thread-1] INFO  server.RaftServerConfigKeys (ConfUtils.java:logGet(44)) - raft.server.log.appender.install.snapshot.enabled = false (custom)
2022-03-04 02:16:26,872 [pool-407-thread-1] INFO  server.RaftServer$Division (ServerState.java:<init>(105)) - 9f78c5ee-b52e-497c-a9a6-ead92f3bbe55@group-9A60D3FB85E9: ConfigurationManager, init=-1: [58268bb1-183d-4eef-863f-1633152e0ae0|rpc:127.0.0.1:34573|dataStream:|priority:1, f00d6bae-b380-4908-b4bb-8059ffec7328|rpc:127.0.0.1:36009|dataStream:|priority:0, 9f78c5ee-b52e-497c-a9a6-ead92f3bbe55|rpc:127.0.0.1:38517|dataStream:|priority:0], old=null, confs=<EMPTY_MAP>
2022-03-04 02:16:26,872 [pool-407-thread-1] INFO  server.RaftServerConfigKeys (ConfUtils.java:logGet(44)) - raft.server.storage.dir = [/home/runner/work/ozone/ozone/hadoop-ozone/integration-test/target/test-dir/MiniOzoneClusterImpl-ba78f66b-c31d-4d73-90ed-a031934b8290/datanode-2/data/ratis] (custom)
2022-03-04 02:16:26,872 [pool-407-thread-1] INFO  server.RaftServerConfigKeys (ConfUtils.java:logGet(44)) - raft.server.log.corruption.policy = EXCEPTION (default)
2022-03-04 02:16:26,872 [pool-407-thread-1] INFO  server.RaftServerConfigKeys (ConfUtils.java:logGet(44)) - raft.server.storage.free-space.min = 0MB (=0) (default)
2022-03-04 02:16:26,872 [pool-407-thread-1] INFO  storage.RaftStorageDirectory (RaftStorageDirectoryImpl.java:analyzeStorage(135)) - The storage directory /home/runner/work/ozone/ozone/hadoop-ozone/integration-test/target/test-dir/MiniOzoneClusterImpl-ba78f66b-c31d-4d73-90ed-a031934b8290/datanode-2/data/ratis/8a9700fc-640e-4ec4-9628-9a60d3fb85e9 does not exist. Creating ...
2022-03-04 02:16:26,874 [pool-407-thread-1] INFO  storage.RaftStorageDirectory (RaftStorageDirectoryImpl.java:tryLock(230)) - Lock on /home/runner/work/ozone/ozone/hadoop-ozone/integration-test/target/test-dir/MiniOzoneClusterImpl-ba78f66b-c31d-4d73-90ed-a031934b8290/datanode-2/data/ratis/8a9700fc-640e-4ec4-9628-9a60d3fb85e9/in_use.lock acquired by nodename 9067@fv-az184-471
2022-03-04 02:16:26,875 [pool-407-thread-1] INFO  storage.RaftStorage (RaftStorageImpl.java:format(89)) - Storage directory /home/runner/work/ozone/ozone/hadoop-ozone/integration-test/target/test-dir/MiniOzoneClusterImpl-ba78f66b-c31d-4d73-90ed-a031934b8290/datanode-2/data/ratis/8a9700fc-640e-4ec4-9628-9a60d3fb85e9 has been successfully formatted.
2022-03-04 02:16:26,876 [pool-407-thread-1] INFO  ratis.ContainerStateMachine (ContainerStateMachine.java:loadSnapshot(236)) - group-9A60D3FB85E9: The snapshot info is null. Setting the last applied indexto:(t:0, i:~)
2022-03-04 02:16:26,876 [pool-407-thread-1] INFO  server.RaftServerConfigKeys (ConfUtils.java:logGet(44)) - raft.server.notification.no-leader.timeout = 300s (custom)
2022-03-04 02:16:26,876 [pool-407-thread-1] INFO  server.RaftServerConfigKeys (ConfUtils.java:logGet(44)) - raft.server.log.use.memory = false (default)
2022-03-04 02:16:26,876 [pool-407-thread-1] INFO  server.RaftServerConfigKeys (ConfUtils.java:logGet(44)) - raft.server.log.purge.gap = 1000000 (custom)
2022-03-04 02:16:26,876 [pool-407-thread-1] INFO  server.RaftServerConfigKeys (ConfUtils.java:logGet(44)) - raft.server.log.appender.buffer.byte-limit = 33554432 (custom)
2022-03-04 02:16:26,877 [pool-407-thread-1] INFO  server.RaftServerConfigKeys (ConfUtils.java:logGet(44)) - raft.server.log.segment.size.max = 1048576 (custom)
2022-03-04 02:16:26,878 [pool-407-thread-1] INFO  server.RaftServerConfigKeys (ConfUtils.java:logGet(44)) - raft.server.log.segment.cache.num.max = 2 (custom)
2022-03-04 02:16:26,878 [pool-407-thread-1] INFO  server.RaftServerConfigKeys (ConfUtils.java:logGet(44)) - raft.server.log.segment.cache.size.max = 200MB (=209715200) (default)
2022-03-04 02:16:26,879 [pool-407-thread-1] INFO  segmented.SegmentedRaftLogWorker (SegmentedRaftLogWorker.java:<init>(182)) - new 9f78c5ee-b52e-497c-a9a6-ead92f3bbe55@group-9A60D3FB85E9-SegmentedRaftLogWorker for RaftStorageImpl:Storage Directory /home/runner/work/ozone/ozone/hadoop-ozone/integration-test/target/test-dir/MiniOzoneClusterImpl-ba78f66b-c31d-4d73-90ed-a031934b8290/datanode-2/data/ratis/8a9700fc-640e-4ec4-9628-9a60d3fb85e9
2022-03-04 02:16:26,879 [pool-407-thread-1] INFO  server.RaftServerConfigKeys (ConfUtils.java:logGet(44)) - raft.server.log.queue.byte-limit = 4294967296 (custom)
2022-03-04 02:16:26,879 [pool-407-thread-1] INFO  server.RaftServerConfigKeys (ConfUtils.java:logGet(44)) - raft.server.log.queue.element-limit = 1024 (custom)
2022-03-04 02:16:26,879 [pool-407-thread-1] INFO  server.RaftServerConfigKeys (ConfUtils.java:logGet(44)) - raft.server.log.segment.size.max = 1048576 (custom)
2022-03-04 02:16:26,879 [pool-407-thread-1] INFO  server.RaftServerConfigKeys (ConfUtils.java:logGet(44)) - raft.server.log.preallocated.size = 16384 (custom)
2022-03-04 02:16:26,879 [pool-407-thread-1] INFO  server.RaftServerConfigKeys (ConfUtils.java:logGet(44)) - raft.server.log.force.sync.num = 128 (default)
2022-03-04 02:16:26,879 [pool-407-thread-1] INFO  server.RaftServerConfigKeys (ConfUtils.java:logGet(44)) - raft.server.log.statemachine.data.sync = true (default)
2022-03-04 02:16:26,879 [pool-407-thread-1] INFO  server.RaftServerConfigKeys (ConfUtils.java:logGet(44)) - raft.server.log.statemachine.data.sync.timeout = 10s (default)
2022-03-04 02:16:26,879 [pool-407-thread-1] INFO  server.RaftServerConfigKeys (ConfUtils.java:logGet(44)) - raft.server.log.statemachine.data.sync.timeout.retry = -1 (default)
2022-03-04 02:16:26,880 [pool-407-thread-1] INFO  server.RaftServerConfigKeys (ConfUtils.java:logGet(44)) - raft.server.log.write.buffer.size = 1048576 (custom)
2022-03-04 02:16:26,881 [pool-407-thread-1] INFO  server.RaftServerConfigKeys (ConfUtils.java:logGet(44)) - raft.server.log.statemachine.data.caching.enabled = true (custom)
2022-03-04 02:16:26,881 [pool-407-thread-1] INFO  segmented.SegmentedRaftLogWorker (SegmentedRaftLogWorker.java:lambda$new$0(133)) - 9f78c5ee-b52e-497c-a9a6-ead92f3bbe55@group-9A60D3FB85E9-SegmentedRaftLogWorker: flushIndex: setUnconditionally 0 -> -1
2022-03-04 02:16:26,881 [pool-407-thread-1] INFO  segmented.SegmentedRaftLogWorker (SegmentedRaftLogWorker.java:lambda$new$0(133)) - 9f78c5ee-b52e-497c-a9a6-ead92f3bbe55@group-9A60D3FB85E9-SegmentedRaftLogWorker: safeCacheEvictIndex: setUnconditionally 0 -> -1
2022-03-04 02:16:26,888 [EndpointStateMachine task thread for /127.0.0.1:42427 - 0 ] INFO  ipc.Client (Client.java:handleConnectionFailure(977)) - Retrying connect to server: localhost/127.0.0.1:42427. Already tried 1 time(s); retry policy is RetryUpToMaximumCountWithFixedSleep(maxRetries=15, sleepTime=1000 MILLISECONDS)
2022-03-04 02:16:26,889 [pool-407-thread-1] INFO  server.RaftServerConfigKeys (ConfUtils.java:logGet(44)) - raft.server.snapshot.auto.trigger.enabled = true (custom)
2022-03-04 02:16:26,890 [pool-407-thread-1] INFO  server.RaftServerConfigKeys (ConfUtils.java:logGet(44)) - raft.server.snapshot.auto.trigger.threshold = 10000 (custom)
2022-03-04 02:16:26,890 [pool-407-thread-1] INFO  server.RaftServerConfigKeys (ConfUtils.java:logGet(44)) - raft.server.snapshot.retention.file.num = 5 (custom)
2022-03-04 02:16:26,890 [pool-407-thread-1] INFO  server.RaftServerConfigKeys (ConfUtils.java:logGet(44)) - raft.server.log.purge.upto.snapshot.index = false (default)
2022-03-04 02:16:26,891 [pool-407-thread-1] INFO  server.RaftServerConfigKeys (ConfUtils.java:logGet(44)) - raft.server.retrycache.expirytime = 600000ms (custom)
2022-03-04 02:16:26,891 [pool-407-thread-1] INFO  server.RaftServerConfigKeys (ConfUtils.java:logGet(44)) - raft.server.retrycache.statistics.expirytime = 100μs (default)
2022-03-04 02:16:26,891 [EndpointStateMachine task thread for /127.0.0.1:42491 - 0 ] INFO  ipc.Client (Client.java:handleConnectionFailure(977)) - Retrying connect to server: localhost/127.0.0.1:42491. Already tried 1 time(s); retry policy is RetryUpToMaximumCountWithFixedSleep(maxRetries=15, sleepTime=1000 MILLISECONDS)
2022-03-04 02:16:26,892 [EndpointStateMachine task thread for /127.0.0.1:35517 - 0 ] INFO  ipc.Client (Client.java:handleConnectionFailure(977)) - Retrying connect to server: localhost/127.0.0.1:35517. Already tried 1 time(s); retry policy is RetryUpToMaximumCountWithFixedSleep(maxRetries=15, sleepTime=1000 MILLISECONDS)
2022-03-04 02:16:26,893 [pool-407-thread-1] INFO  server.RaftServer$Division (RaftServerImpl.java:start(301)) - 9f78c5ee-b52e-497c-a9a6-ead92f3bbe55@group-9A60D3FB85E9: start as a follower, conf=-1: [58268bb1-183d-4eef-863f-1633152e0ae0|rpc:127.0.0.1:34573|dataStream:|priority:1, f00d6bae-b380-4908-b4bb-8059ffec7328|rpc:127.0.0.1:36009|dataStream:|priority:0, 9f78c5ee-b52e-497c-a9a6-ead92f3bbe55|rpc:127.0.0.1:38517|dataStream:|priority:0], old=null
2022-03-04 02:16:26,893 [pool-407-thread-1] INFO  server.RaftServer$Division (RaftServerImpl.java:setRole(290)) - 9f78c5ee-b52e-497c-a9a6-ead92f3bbe55@group-9A60D3FB85E9: changes role from      null to FOLLOWER at term 0 for startAsFollower
2022-03-04 02:16:26,893 [pool-407-thread-1] INFO  impl.RoleInfo (RoleInfo.java:updateAndGet(130)) - 9f78c5ee-b52e-497c-a9a6-ead92f3bbe55: start 9f78c5ee-b52e-497c-a9a6-ead92f3bbe55@group-9A60D3FB85E9-FollowerState
2022-03-04 02:16:26,899 [pool-407-thread-1] INFO  util.JmxRegister (JmxRegister.java:tryRegister(44)) - Successfully registered JMX Bean with object name Ratis:service=RaftServer,group=group-9A60D3FB85E9,id=9f78c5ee-b52e-497c-a9a6-ead92f3bbe55
2022-03-04 02:16:26,918 [Command processor thread] INFO  commandhandler.CreatePipelineCommandHandler (CreatePipelineCommandHandler.java:handle(106)) - Created Pipeline RATIS THREE PipelineID=8a9700fc-640e-4ec4-9628-9a60d3fb85e9.
2022-03-04 02:16:27,215 [Listener at 127.0.0.1/44533] INFO  ozone.MiniOzoneClusterImpl (MiniOzoneClusterImpl.java:lambda$waitForClusterToBeReady$0(219)) - Nodes are ready. Got 3 of 3 DN Heartbeats.
2022-03-04 02:16:27,216 [Listener at 127.0.0.1/44533] INFO  ozone.MiniOzoneClusterImpl (MiniOzoneClusterImpl.java:lambda$waitForClusterToBeReady$0(222)) - Waiting for cluster to exit safe mode
2022-03-04 02:16:27,216 [Listener at 127.0.0.1/44533] INFO  ozone.MiniOzoneClusterImpl (MiniOzoneClusterImpl.java:lambda$waitForClusterToBeReady$0(224)) - SCM became leader
2022-03-04 02:16:27,284 [Command processor thread] INFO  server.RaftServer (RaftServerProxy.java:addNew(95)) - 9f78c5ee-b52e-497c-a9a6-ead92f3bbe55: addNew group-3C3929816D5C:[9f78c5ee-b52e-497c-a9a6-ead92f3bbe55|rpc:127.0.0.1:38517|priority:1] returns group-3C3929816D5C:java.util.concurrent.CompletableFuture@4397a8bf[Not completed]
2022-03-04 02:16:27,284 [pool-407-thread-1] INFO  server.RaftServer$Division (RaftServerImpl.java:<init>(184)) - 9f78c5ee-b52e-497c-a9a6-ead92f3bbe55: new RaftServerImpl for group-3C3929816D5C:[9f78c5ee-b52e-497c-a9a6-ead92f3bbe55|rpc:127.0.0.1:38517|priority:1] with ContainerStateMachine:uninitialized
2022-03-04 02:16:27,284 [pool-407-thread-1] INFO  server.RaftServerConfigKeys (ConfUtils.java:logGet(44)) - raft.server.rpc.timeout.min = 5s (custom)
2022-03-04 02:16:27,285 [pool-407-thread-1] INFO  server.RaftServerConfigKeys (ConfUtils.java:logGet(44)) - raft.server.rpc.timeout.max = 5200ms (custom)
2022-03-04 02:16:27,285 [pool-407-thread-1] INFO  server.RaftServerConfigKeys (ConfUtils.java:logGet(44)) - raft.server.rpc.sleep.time = 25ms (default)
2022-03-04 02:16:27,285 [pool-407-thread-1] INFO  server.RaftServerConfigKeys (ConfUtils.java:logGet(44)) - raft.server.rpc.slowness.timeout = 300s (custom)
2022-03-04 02:16:27,285 [pool-407-thread-1] INFO  server.RaftServerConfigKeys (ConfUtils.java:logGet(44)) - raft.server.leaderelection.leader.step-down.wait-time = 10s (default)
2022-03-04 02:16:27,285 [pool-407-thread-1] INFO  server.RaftServerConfigKeys (ConfUtils.java:logGet(44)) - raft.server.sleep.deviation.threshold = 300ms (default)
2022-03-04 02:16:27,285 [pool-407-thread-1] INFO  server.RaftServerConfigKeys (ConfUtils.java:logGet(44)) - raft.server.log.appender.install.snapshot.enabled = false (custom)
2022-03-04 02:16:27,285 [pool-407-thread-1] INFO  server.RaftServer$Division (ServerState.java:<init>(105)) - 9f78c5ee-b52e-497c-a9a6-ead92f3bbe55@group-3C3929816D5C: ConfigurationManager, init=-1: [9f78c5ee-b52e-497c-a9a6-ead92f3bbe55|rpc:127.0.0.1:38517|priority:1], old=null, confs=<EMPTY_MAP>
2022-03-04 02:16:27,285 [pool-407-thread-1] INFO  server.RaftServerConfigKeys (ConfUtils.java:logGet(44)) - raft.server.storage.dir = [/home/runner/work/ozone/ozone/hadoop-ozone/integration-test/target/test-dir/MiniOzoneClusterImpl-ba78f66b-c31d-4d73-90ed-a031934b8290/datanode-2/data/ratis] (custom)
2022-03-04 02:16:27,285 [pool-407-thread-1] INFO  server.RaftServerConfigKeys (ConfUtils.java:logGet(44)) - raft.server.log.corruption.policy = EXCEPTION (default)
2022-03-04 02:16:27,285 [pool-407-thread-1] INFO  server.RaftServerConfigKeys (ConfUtils.java:logGet(44)) - raft.server.storage.free-space.min = 0MB (=0) (default)
2022-03-04 02:16:27,285 [pool-407-thread-1] INFO  storage.RaftStorageDirectory (RaftStorageDirectoryImpl.java:analyzeStorage(135)) - The storage directory /home/runner/work/ozone/ozone/hadoop-ozone/integration-test/target/test-dir/MiniOzoneClusterImpl-ba78f66b-c31d-4d73-90ed-a031934b8290/datanode-2/data/ratis/89534604-4b02-4545-8e94-3c3929816d5c does not exist. Creating ...
2022-03-04 02:16:27,286 [pool-407-thread-1] INFO  storage.RaftStorageDirectory (RaftStorageDirectoryImpl.java:tryLock(230)) - Lock on /home/runner/work/ozone/ozone/hadoop-ozone/integration-test/target/test-dir/MiniOzoneClusterImpl-ba78f66b-c31d-4d73-90ed-a031934b8290/datanode-2/data/ratis/89534604-4b02-4545-8e94-3c3929816d5c/in_use.lock acquired by nodename 9067@fv-az184-471
2022-03-04 02:16:27,288 [pool-407-thread-1] INFO  storage.RaftStorage (RaftStorageImpl.java:format(89)) - Storage directory /home/runner/work/ozone/ozone/hadoop-ozone/integration-test/target/test-dir/MiniOzoneClusterImpl-ba78f66b-c31d-4d73-90ed-a031934b8290/datanode-2/data/ratis/89534604-4b02-4545-8e94-3c3929816d5c has been successfully formatted.
2022-03-04 02:16:27,289 [pool-407-thread-1] INFO  ratis.ContainerStateMachine (ContainerStateMachine.java:loadSnapshot(236)) - group-3C3929816D5C: The snapshot info is null. Setting the last applied indexto:(t:0, i:~)
2022-03-04 02:16:27,289 [pool-407-thread-1] INFO  server.RaftServerConfigKeys (ConfUtils.java:logGet(44)) - raft.server.notification.no-leader.timeout = 300s (custom)
2022-03-04 02:16:27,289 [pool-407-thread-1] INFO  server.RaftServerConfigKeys (ConfUtils.java:logGet(44)) - raft.server.log.use.memory = false (default)
2022-03-04 02:16:27,289 [pool-407-thread-1] INFO  server.RaftServerConfigKeys (ConfUtils.java:logGet(44)) - raft.server.log.purge.gap = 1000000 (custom)
2022-03-04 02:16:27,289 [pool-407-thread-1] INFO  server.RaftServerConfigKeys (ConfUtils.java:logGet(44)) - raft.server.log.appender.buffer.byte-limit = 33554432 (custom)
2022-03-04 02:16:27,289 [pool-407-thread-1] INFO  server.RaftServerConfigKeys (ConfUtils.java:logGet(44)) - raft.server.log.segment.size.max = 1048576 (custom)
2022-03-04 02:16:27,290 [pool-407-thread-1] INFO  server.RaftServerConfigKeys (ConfUtils.java:logGet(44)) - raft.server.log.segment.cache.num.max = 2 (custom)
2022-03-04 02:16:27,290 [pool-407-thread-1] INFO  server.RaftServerConfigKeys (ConfUtils.java:logGet(44)) - raft.server.log.segment.cache.size.max = 200MB (=209715200) (default)
2022-03-04 02:16:27,290 [pool-407-thread-1] INFO  segmented.SegmentedRaftLogWorker (SegmentedRaftLogWorker.java:<init>(182)) - new 9f78c5ee-b52e-497c-a9a6-ead92f3bbe55@group-3C3929816D5C-SegmentedRaftLogWorker for RaftStorageImpl:Storage Directory /home/runner/work/ozone/ozone/hadoop-ozone/integration-test/target/test-dir/MiniOzoneClusterImpl-ba78f66b-c31d-4d73-90ed-a031934b8290/datanode-2/data/ratis/89534604-4b02-4545-8e94-3c3929816d5c
2022-03-04 02:16:27,290 [pool-407-thread-1] INFO  server.RaftServerConfigKeys (ConfUtils.java:logGet(44)) - raft.server.log.queue.byte-limit = 4294967296 (custom)
2022-03-04 02:16:27,290 [pool-407-thread-1] INFO  server.RaftServerConfigKeys (ConfUtils.java:logGet(44)) - raft.server.log.queue.element-limit = 1024 (custom)
2022-03-04 02:16:27,290 [pool-407-thread-1] INFO  server.RaftServerConfigKeys (ConfUtils.java:logGet(44)) - raft.server.log.segment.size.max = 1048576 (custom)
2022-03-04 02:16:27,290 [pool-407-thread-1] INFO  server.RaftServerConfigKeys (ConfUtils.java:logGet(44)) - raft.server.log.preallocated.size = 16384 (custom)
2022-03-04 02:16:27,290 [pool-407-thread-1] INFO  server.RaftServerConfigKeys (ConfUtils.java:logGet(44)) - raft.server.log.force.sync.num = 128 (default)
2022-03-04 02:16:27,290 [pool-407-thread-1] INFO  server.RaftServerConfigKeys (ConfUtils.java:logGet(44)) - raft.server.log.statemachine.data.sync = true (default)
2022-03-04 02:16:27,290 [pool-407-thread-1] INFO  server.RaftServerConfigKeys (ConfUtils.java:logGet(44)) - raft.server.log.statemachine.data.sync.timeout = 10s (default)
2022-03-04 02:16:27,290 [pool-407-thread-1] INFO  server.RaftServerConfigKeys (ConfUtils.java:logGet(44)) - raft.server.log.statemachine.data.sync.timeout.retry = -1 (default)
2022-03-04 02:16:27,291 [pool-407-thread-1] INFO  server.RaftServerConfigKeys (ConfUtils.java:logGet(44)) - raft.server.log.write.buffer.size = 1048576 (custom)
2022-03-04 02:16:27,292 [EventQueue-PipelineReportForPipelineReportHandler] INFO  pipeline.PipelineManagerImpl (PipelineManagerImpl.java:openPipeline(291)) - Pipeline Pipeline[ Id: 89534604-4b02-4545-8e94-3c3929816d5c, Nodes: 9f78c5ee-b52e-497c-a9a6-ead92f3bbe55{ip: 127.0.0.1, host: localhost, ports: [REPLICATION=46099, RATIS=38517, RATIS_ADMIN=38517, RATIS_SERVER=38517, STANDALONE=34877], networkLocation: /default-rack, certSerialId: null, persistedOpState: IN_SERVICE, persistedOpStateExpiryEpochSec: 0}, ReplicationConfig: RATIS/ONE, State:ALLOCATED, leaderId:9f78c5ee-b52e-497c-a9a6-ead92f3bbe55, CreationTimestamp2022-03-04T02:16:24.289Z[Etc/UTC]] moved to OPEN state
2022-03-04 02:16:27,294 [EventQueue-PipelineReportForPipelineReportHandler] INFO  pipeline.PipelineManagerImpl (PipelineManagerImpl.java:openPipeline(291)) - Pipeline Pipeline[ Id: 89534604-4b02-4545-8e94-3c3929816d5c, Nodes: 9f78c5ee-b52e-497c-a9a6-ead92f3bbe55{ip: 127.0.0.1, host: localhost, ports: [REPLICATION=46099, RATIS=38517, RATIS_ADMIN=38517, RATIS_SERVER=38517, STANDALONE=34877], networkLocation: /default-rack, certSerialId: null, persistedOpState: IN_SERVICE, persistedOpStateExpiryEpochSec: 0}, ReplicationConfig: RATIS/ONE, State:ALLOCATED, leaderId:9f78c5ee-b52e-497c-a9a6-ead92f3bbe55, CreationTimestamp2022-03-04T02:16:24.289Z[Etc/UTC]] moved to OPEN state
2022-03-04 02:16:27,294 [pool-407-thread-1] INFO  server.RaftServerConfigKeys (ConfUtils.java:logGet(44)) - raft.server.log.statemachine.data.caching.enabled = true (custom)
2022-03-04 02:16:27,295 [pool-407-thread-1] INFO  segmented.SegmentedRaftLogWorker (SegmentedRaftLogWorker.java:lambda$new$0(133)) - 9f78c5ee-b52e-497c-a9a6-ead92f3bbe55@group-3C3929816D5C-SegmentedRaftLogWorker: flushIndex: setUnconditionally 0 -> -1
2022-03-04 02:16:27,295 [pool-407-thread-1] INFO  segmented.SegmentedRaftLogWorker (SegmentedRaftLogWorker.java:lambda$new$0(133)) - 9f78c5ee-b52e-497c-a9a6-ead92f3bbe55@group-3C3929816D5C-SegmentedRaftLogWorker: safeCacheEvictIndex: setUnconditionally 0 -> -1
2022-03-04 02:16:27,313 [d06750ef-dff7-4786-ad4b-f6962696dc27@group-A031934B8290-StateMachineUpdater] INFO  safemode.HealthyPipelineSafeModeRule (HealthyPipelineSafeModeRule.java:initializeRule(152)) - Refreshed total pipeline count is 0, healthy pipeline threshold count is 1
2022-03-04 02:16:27,313 [EventQueue-OpenPipelineForHealthyPipelineSafeModeRule] INFO  safemode.SCMSafeModeManager (HealthyPipelineSafeModeRule.java:process(124)) - SCM in safe mode. Healthy pipelines reported count is 0, required healthy pipeline reported count is 1
2022-03-04 02:16:27,314 [pool-407-thread-1] INFO  server.RaftServerConfigKeys (ConfUtils.java:logGet(44)) - raft.server.snapshot.auto.trigger.enabled = true (custom)
2022-03-04 02:16:27,314 [pool-407-thread-1] INFO  server.RaftServerConfigKeys (ConfUtils.java:logGet(44)) - raft.server.snapshot.auto.trigger.threshold = 10000 (custom)
2022-03-04 02:16:27,314 [pool-407-thread-1] INFO  server.RaftServerConfigKeys (ConfUtils.java:logGet(44)) - raft.server.snapshot.retention.file.num = 5 (custom)
2022-03-04 02:16:27,314 [pool-407-thread-1] INFO  server.RaftServerConfigKeys (ConfUtils.java:logGet(44)) - raft.server.log.purge.upto.snapshot.index = false (default)
2022-03-04 02:16:27,322 [pool-407-thread-1] INFO  server.RaftServerConfigKeys (ConfUtils.java:logGet(44)) - raft.server.retrycache.expirytime = 600000ms (custom)
2022-03-04 02:16:27,322 [pool-407-thread-1] INFO  server.RaftServerConfigKeys (ConfUtils.java:logGet(44)) - raft.server.retrycache.statistics.expirytime = 100μs (default)
2022-03-04 02:16:27,323 [d3378977-86d2-46d9-aa75-813a91c491f2@group-A031934B8290-StateMachineUpdater] INFO  safemode.HealthyPipelineSafeModeRule (HealthyPipelineSafeModeRule.java:initializeRule(152)) - Refreshed total pipeline count is 0, healthy pipeline threshold count is 1
2022-03-04 02:16:27,323 [pool-407-thread-1] INFO  server.RaftServer$Division (RaftServerImpl.java:start(301)) - 9f78c5ee-b52e-497c-a9a6-ead92f3bbe55@group-3C3929816D5C: start as a follower, conf=-1: [9f78c5ee-b52e-497c-a9a6-ead92f3bbe55|rpc:127.0.0.1:38517|priority:1], old=null
2022-03-04 02:16:27,323 [pool-407-thread-1] INFO  server.RaftServer$Division (RaftServerImpl.java:setRole(290)) - 9f78c5ee-b52e-497c-a9a6-ead92f3bbe55@group-3C3929816D5C: changes role from      null to FOLLOWER at term 0 for startAsFollower
2022-03-04 02:16:27,323 [pool-407-thread-1] INFO  impl.RoleInfo (RoleInfo.java:updateAndGet(130)) - 9f78c5ee-b52e-497c-a9a6-ead92f3bbe55: start 9f78c5ee-b52e-497c-a9a6-ead92f3bbe55@group-3C3929816D5C-FollowerState
2022-03-04 02:16:27,324 [pool-407-thread-1] INFO  util.JmxRegister (JmxRegister.java:tryRegister(44)) - Successfully registered JMX Bean with object name Ratis:service=RaftServer,group=group-3C3929816D5C,id=9f78c5ee-b52e-497c-a9a6-ead92f3bbe55
2022-03-04 02:16:27,327 [Command processor thread] INFO  ratis.XceiverServerRatis (XceiverServerRatis.java:addGroup(769)) - Created group PipelineID=89534604-4b02-4545-8e94-3c3929816d5c
2022-03-04 02:16:27,328 [Command processor thread] INFO  commandhandler.CreatePipelineCommandHandler (CreatePipelineCommandHandler.java:handle(106)) - Created Pipeline RATIS ONE PipelineID=89534604-4b02-4545-8e94-3c3929816d5c.
2022-03-04 02:16:27,369 [EventQueue-OpenPipelineForHealthyPipelineSafeModeRule] INFO  safemode.SCMSafeModeManager (HealthyPipelineSafeModeRule.java:process(124)) - SCM in safe mode. Healthy pipelines reported count is 0, required healthy pipeline reported count is 1
2022-03-04 02:16:27,371 [EventQueue-OpenPipelineForHealthyPipelineSafeModeRule] INFO  safemode.SCMSafeModeManager (HealthyPipelineSafeModeRule.java:process(124)) - SCM in safe mode. Healthy pipelines reported count is 0, required healthy pipeline reported count is 1
2022-03-04 02:16:27,680 [Datanode State Machine Daemon Thread] ERROR datanode.RunningDatanodeState (RunningDatanodeState.java:computeNextContainerState(201)) - Error in executing end point task.
java.util.concurrent.ExecutionException: java.util.concurrent.TimeoutException
	at java.util.concurrent.FutureTask.report(FutureTask.java:122)
	at java.util.concurrent.FutureTask.get(FutureTask.java:192)
	at org.apache.hadoop.ozone.container.common.states.datanode.RunningDatanodeState.computeNextContainerState(RunningDatanodeState.java:193)
	at org.apache.hadoop.ozone.container.common.states.datanode.RunningDatanodeState.await(RunningDatanodeState.java:233)
	at org.apache.hadoop.ozone.container.common.states.datanode.RunningDatanodeState.await(RunningDatanodeState.java:50)
	at org.apache.hadoop.ozone.container.common.statemachine.StateContext.execute(StateContext.java:658)
	at org.apache.hadoop.ozone.container.common.statemachine.DatanodeStateMachine.startStateMachineThread(DatanodeStateMachine.java:283)
	at org.apache.hadoop.ozone.container.common.statemachine.DatanodeStateMachine.lambda$startDaemon$0(DatanodeStateMachine.java:471)
	at java.lang.Thread.run(Thread.java:750)
Caused by: java.util.concurrent.TimeoutException
	at java.util.concurrent.FutureTask.get(FutureTask.java:205)
	at org.apache.hadoop.ozone.container.common.states.datanode.RunningDatanodeState.lambda$execute$0(RunningDatanodeState.java:151)
	at java.util.concurrent.FutureTask.run(FutureTask.java:266)
	at java.util.concurrent.Executors$RunnableAdapter.call(Executors.java:511)
	at java.util.concurrent.FutureTask.run(FutureTask.java:266)
	at java.util.concurrent.ThreadPoolExecutor.runWorker(ThreadPoolExecutor.java:1149)
	at java.util.concurrent.ThreadPoolExecutor$Worker.run(ThreadPoolExecutor.java:624)
	... 1 more
2022-03-04 02:16:27,761 [Datanode State Machine Daemon Thread] ERROR datanode.RunningDatanodeState (RunningDatanodeState.java:computeNextContainerState(201)) - Error in executing end point task.
java.util.concurrent.ExecutionException: java.util.concurrent.TimeoutException
	at java.util.concurrent.FutureTask.report(FutureTask.java:122)
	at java.util.concurrent.FutureTask.get(FutureTask.java:192)
	at org.apache.hadoop.ozone.container.common.states.datanode.RunningDatanodeState.computeNextContainerState(RunningDatanodeState.java:193)
	at org.apache.hadoop.ozone.container.common.states.datanode.RunningDatanodeState.await(RunningDatanodeState.java:233)
	at org.apache.hadoop.ozone.container.common.states.datanode.RunningDatanodeState.await(RunningDatanodeState.java:50)
	at org.apache.hadoop.ozone.container.common.statemachine.StateContext.execute(StateContext.java:658)
	at org.apache.hadoop.ozone.container.common.statemachine.DatanodeStateMachine.startStateMachineThread(DatanodeStateMachine.java:283)
	at org.apache.hadoop.ozone.container.common.statemachine.DatanodeStateMachine.lambda$startDaemon$0(DatanodeStateMachine.java:471)
	at java.lang.Thread.run(Thread.java:750)
Caused by: java.util.concurrent.TimeoutException
	at java.util.concurrent.FutureTask.get(FutureTask.java:205)
	at org.apache.hadoop.ozone.container.common.states.datanode.RunningDatanodeState.lambda$execute$0(RunningDatanodeState.java:151)
	at java.util.concurrent.FutureTask.run(FutureTask.java:266)
	at java.util.concurrent.Executors$RunnableAdapter.call(Executors.java:511)
	at java.util.concurrent.FutureTask.run(FutureTask.java:266)
	at java.util.concurrent.ThreadPoolExecutor.runWorker(ThreadPoolExecutor.java:1149)
	at java.util.concurrent.ThreadPoolExecutor$Worker.run(ThreadPoolExecutor.java:624)
	... 1 more
2022-03-04 02:16:27,888 [EndpointStateMachine task thread for /127.0.0.1:42427 - 0 ] INFO  ipc.Client (Client.java:handleConnectionFailure(977)) - Retrying connect to server: localhost/127.0.0.1:42427. Already tried 2 time(s); retry policy is RetryUpToMaximumCountWithFixedSleep(maxRetries=15, sleepTime=1000 MILLISECONDS)
2022-03-04 02:16:27,892 [EndpointStateMachine task thread for /127.0.0.1:42491 - 0 ] INFO  ipc.Client (Client.java:handleConnectionFailure(977)) - Retrying connect to server: localhost/127.0.0.1:42491. Already tried 2 time(s); retry policy is RetryUpToMaximumCountWithFixedSleep(maxRetries=15, sleepTime=1000 MILLISECONDS)
2022-03-04 02:16:27,892 [EndpointStateMachine task thread for /127.0.0.1:35517 - 0 ] INFO  ipc.Client (Client.java:handleConnectionFailure(977)) - Retrying connect to server: localhost/127.0.0.1:35517. Already tried 2 time(s); retry policy is RetryUpToMaximumCountWithFixedSleep(maxRetries=15, sleepTime=1000 MILLISECONDS)
2022-03-04 02:16:28,216 [Listener at 127.0.0.1/44533] INFO  ozone.MiniOzoneClusterImpl (MiniOzoneClusterImpl.java:lambda$waitForClusterToBeReady$0(219)) - Nodes are ready. Got 3 of 3 DN Heartbeats.
2022-03-04 02:16:28,216 [Listener at 127.0.0.1/44533] INFO  ozone.MiniOzoneClusterImpl (MiniOzoneClusterImpl.java:lambda$waitForClusterToBeReady$0(222)) - Waiting for cluster to exit safe mode
2022-03-04 02:16:28,216 [Listener at 127.0.0.1/44533] INFO  ozone.MiniOzoneClusterImpl (MiniOzoneClusterImpl.java:lambda$waitForClusterToBeReady$0(224)) - SCM became leader
2022-03-04 02:16:28,288 [Datanode State Machine Daemon Thread] ERROR datanode.RunningDatanodeState (RunningDatanodeState.java:computeNextContainerState(201)) - Error in executing end point task.
java.util.concurrent.ExecutionException: java.util.concurrent.TimeoutException
	at java.util.concurrent.FutureTask.report(FutureTask.java:122)
	at java.util.concurrent.FutureTask.get(FutureTask.java:192)
	at org.apache.hadoop.ozone.container.common.states.datanode.RunningDatanodeState.computeNextContainerState(RunningDatanodeState.java:193)
	at org.apache.hadoop.ozone.container.common.states.datanode.RunningDatanodeState.await(RunningDatanodeState.java:233)
	at org.apache.hadoop.ozone.container.common.states.datanode.RunningDatanodeState.await(RunningDatanodeState.java:50)
	at org.apache.hadoop.ozone.container.common.statemachine.StateContext.execute(StateContext.java:658)
	at org.apache.hadoop.ozone.container.common.statemachine.DatanodeStateMachine.startStateMachineThread(DatanodeStateMachine.java:283)
	at org.apache.hadoop.ozone.container.common.statemachine.DatanodeStateMachine.lambda$startDaemon$0(DatanodeStateMachine.java:471)
	at java.lang.Thread.run(Thread.java:750)
Caused by: java.util.concurrent.TimeoutException
	at java.util.concurrent.FutureTask.get(FutureTask.java:205)
	at org.apache.hadoop.ozone.container.common.states.datanode.RunningDatanodeState.lambda$execute$0(RunningDatanodeState.java:151)
	at java.util.concurrent.FutureTask.run(FutureTask.java:266)
	at java.util.concurrent.Executors$RunnableAdapter.call(Executors.java:511)
	at java.util.concurrent.FutureTask.run(FutureTask.java:266)
	at java.util.concurrent.ThreadPoolExecutor.runWorker(ThreadPoolExecutor.java:1149)
	at java.util.concurrent.ThreadPoolExecutor$Worker.run(ThreadPoolExecutor.java:624)
	... 1 more
2022-03-04 02:16:28,683 [Datanode State Machine Daemon Thread] ERROR datanode.RunningDatanodeState (RunningDatanodeState.java:computeNextContainerState(201)) - Error in executing end point task.
java.util.concurrent.ExecutionException: java.util.concurrent.TimeoutException
	at java.util.concurrent.FutureTask.report(FutureTask.java:122)
	at java.util.concurrent.FutureTask.get(FutureTask.java:192)
	at org.apache.hadoop.ozone.container.common.states.datanode.RunningDatanodeState.computeNextContainerState(RunningDatanodeState.java:193)
	at org.apache.hadoop.ozone.container.common.states.datanode.RunningDatanodeState.await(RunningDatanodeState.java:233)
	at org.apache.hadoop.ozone.container.common.states.datanode.RunningDatanodeState.await(RunningDatanodeState.java:50)
	at org.apache.hadoop.ozone.container.common.statemachine.StateContext.execute(StateContext.java:658)
	at org.apache.hadoop.ozone.container.common.statemachine.DatanodeStateMachine.startStateMachineThread(DatanodeStateMachine.java:283)
	at org.apache.hadoop.ozone.container.common.statemachine.DatanodeStateMachine.lambda$startDaemon$0(DatanodeStateMachine.java:471)
	at java.lang.Thread.run(Thread.java:750)
Caused by: java.util.concurrent.TimeoutException
	at java.util.concurrent.FutureTask.get(FutureTask.java:205)
	at org.apache.hadoop.ozone.container.common.states.datanode.RunningDatanodeState.lambda$execute$0(RunningDatanodeState.java:151)
	at java.util.concurrent.FutureTask.run(FutureTask.java:266)
	at java.util.concurrent.Executors$RunnableAdapter.call(Executors.java:511)
	at java.util.concurrent.FutureTask.run(FutureTask.java:266)
	at java.util.concurrent.ThreadPoolExecutor.runWorker(ThreadPoolExecutor.java:1149)
	at java.util.concurrent.ThreadPoolExecutor$Worker.run(ThreadPoolExecutor.java:624)
	... 1 more
2022-03-04 02:16:28,763 [Datanode State Machine Daemon Thread] ERROR datanode.RunningDatanodeState (RunningDatanodeState.java:computeNextContainerState(201)) - Error in executing end point task.
java.util.concurrent.ExecutionException: java.util.concurrent.TimeoutException
	at java.util.concurrent.FutureTask.report(FutureTask.java:122)
	at java.util.concurrent.FutureTask.get(FutureTask.java:192)
	at org.apache.hadoop.ozone.container.common.states.datanode.RunningDatanodeState.computeNextContainerState(RunningDatanodeState.java:193)
	at org.apache.hadoop.ozone.container.common.states.datanode.RunningDatanodeState.await(RunningDatanodeState.java:233)
	at org.apache.hadoop.ozone.container.common.states.datanode.RunningDatanodeState.await(RunningDatanodeState.java:50)
	at org.apache.hadoop.ozone.container.common.statemachine.StateContext.execute(StateContext.java:658)
	at org.apache.hadoop.ozone.container.common.statemachine.DatanodeStateMachine.startStateMachineThread(DatanodeStateMachine.java:283)
	at org.apache.hadoop.ozone.container.common.statemachine.DatanodeStateMachine.lambda$startDaemon$0(DatanodeStateMachine.java:471)
	at java.lang.Thread.run(Thread.java:750)
Caused by: java.util.concurrent.TimeoutException
	at java.util.concurrent.FutureTask.get(FutureTask.java:205)
	at org.apache.hadoop.ozone.container.common.states.datanode.RunningDatanodeState.lambda$execute$0(RunningDatanodeState.java:151)
	at java.util.concurrent.FutureTask.run(FutureTask.java:266)
	at java.util.concurrent.Executors$RunnableAdapter.call(Executors.java:511)
	at java.util.concurrent.FutureTask.run(FutureTask.java:266)
	at java.util.concurrent.ThreadPoolExecutor.runWorker(ThreadPoolExecutor.java:1149)
	at java.util.concurrent.ThreadPoolExecutor$Worker.run(ThreadPoolExecutor.java:624)
	... 1 more
2022-03-04 02:16:28,889 [EndpointStateMachine task thread for /127.0.0.1:42427 - 0 ] INFO  ipc.Client (Client.java:handleConnectionFailure(977)) - Retrying connect to server: localhost/127.0.0.1:42427. Already tried 3 time(s); retry policy is RetryUpToMaximumCountWithFixedSleep(maxRetries=15, sleepTime=1000 MILLISECONDS)
2022-03-04 02:16:28,892 [EndpointStateMachine task thread for /127.0.0.1:42491 - 0 ] INFO  ipc.Client (Client.java:handleConnectionFailure(977)) - Retrying connect to server: localhost/127.0.0.1:42491. Already tried 3 time(s); retry policy is RetryUpToMaximumCountWithFixedSleep(maxRetries=15, sleepTime=1000 MILLISECONDS)
2022-03-04 02:16:28,893 [EndpointStateMachine task thread for /127.0.0.1:35517 - 0 ] INFO  ipc.Client (Client.java:handleConnectionFailure(977)) - Retrying connect to server: localhost/127.0.0.1:35517. Already tried 3 time(s); retry policy is RetryUpToMaximumCountWithFixedSleep(maxRetries=15, sleepTime=1000 MILLISECONDS)
2022-03-04 02:16:29,217 [Listener at 127.0.0.1/44533] INFO  ozone.MiniOzoneClusterImpl (MiniOzoneClusterImpl.java:lambda$waitForClusterToBeReady$0(219)) - Nodes are ready. Got 3 of 3 DN Heartbeats.
2022-03-04 02:16:29,217 [Listener at 127.0.0.1/44533] INFO  ozone.MiniOzoneClusterImpl (MiniOzoneClusterImpl.java:lambda$waitForClusterToBeReady$0(222)) - Waiting for cluster to exit safe mode
2022-03-04 02:16:29,217 [Listener at 127.0.0.1/44533] INFO  ozone.MiniOzoneClusterImpl (MiniOzoneClusterImpl.java:lambda$waitForClusterToBeReady$0(224)) - SCM became leader
2022-03-04 02:16:29,291 [Datanode State Machine Daemon Thread] ERROR datanode.RunningDatanodeState (RunningDatanodeState.java:computeNextContainerState(201)) - Error in executing end point task.
java.util.concurrent.ExecutionException: java.util.concurrent.TimeoutException
	at java.util.concurrent.FutureTask.report(FutureTask.java:122)
	at java.util.concurrent.FutureTask.get(FutureTask.java:192)
	at org.apache.hadoop.ozone.container.common.states.datanode.RunningDatanodeState.computeNextContainerState(RunningDatanodeState.java:193)
	at org.apache.hadoop.ozone.container.common.states.datanode.RunningDatanodeState.await(RunningDatanodeState.java:233)
	at org.apache.hadoop.ozone.container.common.states.datanode.RunningDatanodeState.await(RunningDatanodeState.java:50)
	at org.apache.hadoop.ozone.container.common.statemachine.StateContext.execute(StateContext.java:658)
	at org.apache.hadoop.ozone.container.common.statemachine.DatanodeStateMachine.startStateMachineThread(DatanodeStateMachine.java:283)
	at org.apache.hadoop.ozone.container.common.statemachine.DatanodeStateMachine.lambda$startDaemon$0(DatanodeStateMachine.java:471)
	at java.lang.Thread.run(Thread.java:750)
Caused by: java.util.concurrent.TimeoutException
	at java.util.concurrent.FutureTask.get(FutureTask.java:205)
	at org.apache.hadoop.ozone.container.common.states.datanode.RunningDatanodeState.lambda$execute$0(RunningDatanodeState.java:151)
	at java.util.concurrent.FutureTask.run(FutureTask.java:266)
	at java.util.concurrent.Executors$RunnableAdapter.call(Executors.java:511)
	at java.util.concurrent.FutureTask.run(FutureTask.java:266)
	at java.util.concurrent.ThreadPoolExecutor.runWorker(ThreadPoolExecutor.java:1149)
	at java.util.concurrent.ThreadPoolExecutor$Worker.run(ThreadPoolExecutor.java:624)
	... 1 more
2022-03-04 02:16:29,889 [EndpointStateMachine task thread for /127.0.0.1:42427 - 0 ] INFO  ipc.Client (Client.java:handleConnectionFailure(977)) - Retrying connect to server: localhost/127.0.0.1:42427. Already tried 4 time(s); retry policy is RetryUpToMaximumCountWithFixedSleep(maxRetries=15, sleepTime=1000 MILLISECONDS)
2022-03-04 02:16:29,893 [EndpointStateMachine task thread for /127.0.0.1:42491 - 0 ] INFO  ipc.Client (Client.java:handleConnectionFailure(977)) - Retrying connect to server: localhost/127.0.0.1:42491. Already tried 4 time(s); retry policy is RetryUpToMaximumCountWithFixedSleep(maxRetries=15, sleepTime=1000 MILLISECONDS)
2022-03-04 02:16:29,894 [EndpointStateMachine task thread for /127.0.0.1:35517 - 0 ] INFO  ipc.Client (Client.java:handleConnectionFailure(977)) - Retrying connect to server: localhost/127.0.0.1:35517. Already tried 4 time(s); retry policy is RetryUpToMaximumCountWithFixedSleep(maxRetries=15, sleepTime=1000 MILLISECONDS)
2022-03-04 02:16:30,217 [Listener at 127.0.0.1/44533] INFO  ozone.MiniOzoneClusterImpl (MiniOzoneClusterImpl.java:lambda$waitForClusterToBeReady$0(219)) - Nodes are ready. Got 3 of 3 DN Heartbeats.
2022-03-04 02:16:30,218 [Listener at 127.0.0.1/44533] INFO  ozone.MiniOzoneClusterImpl (MiniOzoneClusterImpl.java:lambda$waitForClusterToBeReady$0(222)) - Waiting for cluster to exit safe mode
2022-03-04 02:16:30,218 [Listener at 127.0.0.1/44533] INFO  ozone.MiniOzoneClusterImpl (MiniOzoneClusterImpl.java:lambda$waitForClusterToBeReady$0(224)) - SCM became leader
2022-03-04 02:16:30,694 [Datanode State Machine Daemon Thread] ERROR datanode.RunningDatanodeState (RunningDatanodeState.java:computeNextContainerState(201)) - Error in executing end point task.
java.util.concurrent.ExecutionException: java.util.concurrent.TimeoutException
	at java.util.concurrent.FutureTask.report(FutureTask.java:122)
	at java.util.concurrent.FutureTask.get(FutureTask.java:192)
	at org.apache.hadoop.ozone.container.common.states.datanode.RunningDatanodeState.computeNextContainerState(RunningDatanodeState.java:193)
	at org.apache.hadoop.ozone.container.common.states.datanode.RunningDatanodeState.await(RunningDatanodeState.java:233)
	at org.apache.hadoop.ozone.container.common.states.datanode.RunningDatanodeState.await(RunningDatanodeState.java:50)
	at org.apache.hadoop.ozone.container.common.statemachine.StateContext.execute(StateContext.java:658)
	at org.apache.hadoop.ozone.container.common.statemachine.DatanodeStateMachine.startStateMachineThread(DatanodeStateMachine.java:283)
	at org.apache.hadoop.ozone.container.common.statemachine.DatanodeStateMachine.lambda$startDaemon$0(DatanodeStateMachine.java:471)
	at java.lang.Thread.run(Thread.java:750)
Caused by: java.util.concurrent.TimeoutException
	at java.util.concurrent.FutureTask.get(FutureTask.java:205)
	at org.apache.hadoop.ozone.container.common.states.datanode.RunningDatanodeState.lambda$execute$0(RunningDatanodeState.java:151)
	at java.util.concurrent.FutureTask.run(FutureTask.java:266)
	at java.util.concurrent.Executors$RunnableAdapter.call(Executors.java:511)
	at java.util.concurrent.FutureTask.run(FutureTask.java:266)
	at java.util.concurrent.ThreadPoolExecutor.runWorker(ThreadPoolExecutor.java:1149)
	at java.util.concurrent.ThreadPoolExecutor$Worker.run(ThreadPoolExecutor.java:624)
	... 1 more
2022-03-04 02:16:30,890 [EndpointStateMachine task thread for /127.0.0.1:42427 - 0 ] INFO  ipc.Client (Client.java:handleConnectionFailure(977)) - Retrying connect to server: localhost/127.0.0.1:42427. Already tried 5 time(s); retry policy is RetryUpToMaximumCountWithFixedSleep(maxRetries=15, sleepTime=1000 MILLISECONDS)
2022-03-04 02:16:30,893 [EndpointStateMachine task thread for /127.0.0.1:42491 - 0 ] INFO  ipc.Client (Client.java:handleConnectionFailure(977)) - Retrying connect to server: localhost/127.0.0.1:42491. Already tried 5 time(s); retry policy is RetryUpToMaximumCountWithFixedSleep(maxRetries=15, sleepTime=1000 MILLISECONDS)
2022-03-04 02:16:30,894 [EndpointStateMachine task thread for /127.0.0.1:35517 - 0 ] INFO  ipc.Client (Client.java:handleConnectionFailure(977)) - Retrying connect to server: localhost/127.0.0.1:35517. Already tried 5 time(s); retry policy is RetryUpToMaximumCountWithFixedSleep(maxRetries=15, sleepTime=1000 MILLISECONDS)
2022-03-04 02:16:31,218 [Listener at 127.0.0.1/44533] INFO  ozone.MiniOzoneClusterImpl (MiniOzoneClusterImpl.java:lambda$waitForClusterToBeReady$0(219)) - Nodes are ready. Got 3 of 3 DN Heartbeats.
2022-03-04 02:16:31,218 [Listener at 127.0.0.1/44533] INFO  ozone.MiniOzoneClusterImpl (MiniOzoneClusterImpl.java:lambda$waitForClusterToBeReady$0(222)) - Waiting for cluster to exit safe mode
2022-03-04 02:16:31,219 [Listener at 127.0.0.1/44533] INFO  ozone.MiniOzoneClusterImpl (MiniOzoneClusterImpl.java:lambda$waitForClusterToBeReady$0(224)) - SCM became leader
2022-03-04 02:16:31,293 [Datanode State Machine Daemon Thread] ERROR datanode.RunningDatanodeState (RunningDatanodeState.java:computeNextContainerState(201)) - Error in executing end point task.
java.util.concurrent.ExecutionException: java.util.concurrent.TimeoutException
	at java.util.concurrent.FutureTask.report(FutureTask.java:122)
	at java.util.concurrent.FutureTask.get(FutureTask.java:192)
	at org.apache.hadoop.ozone.container.common.states.datanode.RunningDatanodeState.computeNextContainerState(RunningDatanodeState.java:193)
	at org.apache.hadoop.ozone.container.common.states.datanode.RunningDatanodeState.await(RunningDatanodeState.java:233)
	at org.apache.hadoop.ozone.container.common.states.datanode.RunningDatanodeState.await(RunningDatanodeState.java:50)
	at org.apache.hadoop.ozone.container.common.statemachine.StateContext.execute(StateContext.java:658)
	at org.apache.hadoop.ozone.container.common.statemachine.DatanodeStateMachine.startStateMachineThread(DatanodeStateMachine.java:283)
	at org.apache.hadoop.ozone.container.common.statemachine.DatanodeStateMachine.lambda$startDaemon$0(DatanodeStateMachine.java:471)
	at java.lang.Thread.run(Thread.java:750)
Caused by: java.util.concurrent.TimeoutException
	at java.util.concurrent.FutureTask.get(FutureTask.java:205)
	at org.apache.hadoop.ozone.container.common.states.datanode.RunningDatanodeState.lambda$execute$0(RunningDatanodeState.java:151)
	at java.util.concurrent.FutureTask.run(FutureTask.java:266)
	at java.util.concurrent.Executors$RunnableAdapter.call(Executors.java:511)
	at java.util.concurrent.FutureTask.run(FutureTask.java:266)
	at java.util.concurrent.ThreadPoolExecutor.runWorker(ThreadPoolExecutor.java:1149)
	at java.util.concurrent.ThreadPoolExecutor$Worker.run(ThreadPoolExecutor.java:624)
	... 1 more
2022-03-04 02:16:31,518 [f00d6bae-b380-4908-b4bb-8059ffec7328@group-5FBFE6CE9088-FollowerState] INFO  impl.FollowerState (FollowerState.java:run(134)) - f00d6bae-b380-4908-b4bb-8059ffec7328@group-5FBFE6CE9088-FollowerState: change to CANDIDATE, lastRpcElapsedTime:5103680763ns, electionTimeout:5098ms
2022-03-04 02:16:31,518 [f00d6bae-b380-4908-b4bb-8059ffec7328@group-5FBFE6CE9088-FollowerState] INFO  impl.RoleInfo (RoleInfo.java:shutdownFollowerState(108)) - f00d6bae-b380-4908-b4bb-8059ffec7328: shutdown f00d6bae-b380-4908-b4bb-8059ffec7328@group-5FBFE6CE9088-FollowerState
2022-03-04 02:16:31,519 [f00d6bae-b380-4908-b4bb-8059ffec7328@group-5FBFE6CE9088-FollowerState] INFO  server.RaftServer$Division (RaftServerImpl.java:setRole(290)) - f00d6bae-b380-4908-b4bb-8059ffec7328@group-5FBFE6CE9088: changes role from  FOLLOWER to CANDIDATE at term 0 for changeToCandidate
2022-03-04 02:16:31,520 [f00d6bae-b380-4908-b4bb-8059ffec7328@group-5FBFE6CE9088-FollowerState] INFO  server.RaftServerConfigKeys (ConfUtils.java:logGet(44)) - raft.server.leaderelection.pre-vote = false (custom)
2022-03-04 02:16:31,520 [f00d6bae-b380-4908-b4bb-8059ffec7328@group-5FBFE6CE9088-FollowerState] INFO  impl.RoleInfo (RoleInfo.java:updateAndGet(130)) - f00d6bae-b380-4908-b4bb-8059ffec7328: start f00d6bae-b380-4908-b4bb-8059ffec7328@group-5FBFE6CE9088-LeaderElection18
2022-03-04 02:16:31,525 [f00d6bae-b380-4908-b4bb-8059ffec7328@group-F68A9A66EFBB-FollowerState] INFO  impl.FollowerState (FollowerState.java:run(134)) - f00d6bae-b380-4908-b4bb-8059ffec7328@group-F68A9A66EFBB-FollowerState: change to CANDIDATE, lastRpcElapsedTime:5050716896ns, electionTimeout:5042ms
2022-03-04 02:16:31,525 [f00d6bae-b380-4908-b4bb-8059ffec7328@group-F68A9A66EFBB-FollowerState] INFO  impl.RoleInfo (RoleInfo.java:shutdownFollowerState(108)) - f00d6bae-b380-4908-b4bb-8059ffec7328: shutdown f00d6bae-b380-4908-b4bb-8059ffec7328@group-F68A9A66EFBB-FollowerState
2022-03-04 02:16:31,525 [f00d6bae-b380-4908-b4bb-8059ffec7328@group-F68A9A66EFBB-FollowerState] INFO  server.RaftServer$Division (RaftServerImpl.java:setRole(290)) - f00d6bae-b380-4908-b4bb-8059ffec7328@group-F68A9A66EFBB: changes role from  FOLLOWER to CANDIDATE at term 0 for changeToCandidate
2022-03-04 02:16:31,525 [f00d6bae-b380-4908-b4bb-8059ffec7328@group-F68A9A66EFBB-FollowerState] INFO  server.RaftServerConfigKeys (ConfUtils.java:logGet(44)) - raft.server.leaderelection.pre-vote = false (custom)
2022-03-04 02:16:31,525 [f00d6bae-b380-4908-b4bb-8059ffec7328@group-F68A9A66EFBB-FollowerState] INFO  impl.RoleInfo (RoleInfo.java:updateAndGet(130)) - f00d6bae-b380-4908-b4bb-8059ffec7328: start f00d6bae-b380-4908-b4bb-8059ffec7328@group-F68A9A66EFBB-LeaderElection19
2022-03-04 02:16:31,539 [f00d6bae-b380-4908-b4bb-8059ffec7328@group-F68A9A66EFBB-LeaderElection19] INFO  impl.LeaderElection (LeaderElection.java:askForVotes(306)) - f00d6bae-b380-4908-b4bb-8059ffec7328@group-F68A9A66EFBB-LeaderElection19 ELECTION round 0: submit vote requests at term 1 for -1: [58268bb1-183d-4eef-863f-1633152e0ae0|rpc:127.0.0.1:34573|priority:0, f00d6bae-b380-4908-b4bb-8059ffec7328|rpc:127.0.0.1:36009|priority:0, 9f78c5ee-b52e-497c-a9a6-ead92f3bbe55|rpc:127.0.0.1:38517|priority:1], old=null
2022-03-04 02:16:31,539 [f00d6bae-b380-4908-b4bb-8059ffec7328@group-5FBFE6CE9088-LeaderElection18] INFO  impl.LeaderElection (LeaderElection.java:askForVotes(306)) - f00d6bae-b380-4908-b4bb-8059ffec7328@group-5FBFE6CE9088-LeaderElection18 ELECTION round 0: submit vote requests at term 1 for -1: [f00d6bae-b380-4908-b4bb-8059ffec7328|rpc:127.0.0.1:36009|priority:1], old=null
2022-03-04 02:16:31,539 [f00d6bae-b380-4908-b4bb-8059ffec7328@group-5FBFE6CE9088-LeaderElection18] INFO  impl.LeaderElection (LeaderElection.java:askForVotes(308)) - f00d6bae-b380-4908-b4bb-8059ffec7328@group-5FBFE6CE9088-LeaderElection18 ELECTION round 0: result PASSED (term=1)
2022-03-04 02:16:31,539 [f00d6bae-b380-4908-b4bb-8059ffec7328@group-5FBFE6CE9088-LeaderElection18] INFO  impl.RoleInfo (RoleInfo.java:shutdownLeaderElection(121)) - f00d6bae-b380-4908-b4bb-8059ffec7328: shutdown f00d6bae-b380-4908-b4bb-8059ffec7328@group-5FBFE6CE9088-LeaderElection18
2022-03-04 02:16:31,539 [f00d6bae-b380-4908-b4bb-8059ffec7328@group-5FBFE6CE9088-LeaderElection18] INFO  server.RaftServer$Division (RaftServerImpl.java:setRole(290)) - f00d6bae-b380-4908-b4bb-8059ffec7328@group-5FBFE6CE9088: changes role from CANDIDATE to LEADER at term 1 for changeToLeader
2022-03-04 02:16:31,540 [f00d6bae-b380-4908-b4bb-8059ffec7328@group-5FBFE6CE9088-LeaderElection18] INFO  ratis.XceiverServerRatis (XceiverServerRatis.java:handleLeaderChangedNotification(867)) - Leader change notification received for group: group-5FBFE6CE9088 with new leaderId: f00d6bae-b380-4908-b4bb-8059ffec7328
2022-03-04 02:16:31,560 [f00d6bae-b380-4908-b4bb-8059ffec7328@group-5FBFE6CE9088-LeaderElection18] INFO  server.RaftServer$Division (ServerState.java:setLeader(285)) - f00d6bae-b380-4908-b4bb-8059ffec7328@group-5FBFE6CE9088: change Leader from null to f00d6bae-b380-4908-b4bb-8059ffec7328 at term 1 for becomeLeader, leader elected after 5146ms
2022-03-04 02:16:31,560 [f00d6bae-b380-4908-b4bb-8059ffec7328@group-5FBFE6CE9088-LeaderElection18] INFO  server.RaftServerConfigKeys (ConfUtils.java:logGet(44)) - raft.server.staging.catchup.gap = 1000 (default)
2022-03-04 02:16:31,560 [f00d6bae-b380-4908-b4bb-8059ffec7328@group-5FBFE6CE9088-LeaderElection18] INFO  server.RaftServerConfigKeys (ConfUtils.java:logGet(44)) - raft.server.write.element-limit = 1024 (custom)
2022-03-04 02:16:31,560 [f00d6bae-b380-4908-b4bb-8059ffec7328@group-5FBFE6CE9088-LeaderElection18] INFO  server.RaftServerConfigKeys (ConfUtils.java:logGet(44)) - raft.server.write.byte-limit = 1024 M (=1073741824) (custom)
2022-03-04 02:16:31,560 [f00d6bae-b380-4908-b4bb-8059ffec7328@group-5FBFE6CE9088-LeaderElection18] INFO  server.RaftServerConfigKeys (ConfUtils.java:logGet(44)) - raft.server.watch.timeout = 180s (custom)
2022-03-04 02:16:31,560 [f00d6bae-b380-4908-b4bb-8059ffec7328@group-5FBFE6CE9088-LeaderElection18] INFO  server.RaftServerConfigKeys (ConfUtils.java:logGet(44)) - raft.server.watch.timeout.denomination = 1s (default)
2022-03-04 02:16:31,560 [f00d6bae-b380-4908-b4bb-8059ffec7328@group-5FBFE6CE9088-LeaderElection18] INFO  server.RaftServerConfigKeys (ConfUtils.java:logGet(44)) - raft.server.watch.element-limit = 65536 (default)
2022-03-04 02:16:31,560 [f00d6bae-b380-4908-b4bb-8059ffec7328@group-5FBFE6CE9088-LeaderElection18] INFO  server.RaftServerConfigKeys (ConfUtils.java:logGet(44)) - raft.server.write.element-limit = 1024 (custom)
2022-03-04 02:16:31,561 [f00d6bae-b380-4908-b4bb-8059ffec7328@group-5FBFE6CE9088-LeaderElection18] INFO  server.RaftServerConfigKeys (ConfUtils.java:logGet(44)) - raft.server.write.follower.gap.ratio.max = -1.0 (default)
2022-03-04 02:16:31,561 [f00d6bae-b380-4908-b4bb-8059ffec7328@group-5FBFE6CE9088-LeaderElection18] INFO  impl.RoleInfo (RoleInfo.java:updateAndGet(130)) - f00d6bae-b380-4908-b4bb-8059ffec7328: start f00d6bae-b380-4908-b4bb-8059ffec7328@group-5FBFE6CE9088-LeaderStateImpl
2022-03-04 02:16:31,561 [f00d6bae-b380-4908-b4bb-8059ffec7328@group-5FBFE6CE9088-LeaderElection18] INFO  segmented.SegmentedRaftLogWorker (SegmentedRaftLogWorker.java:startLogSegment(394)) - f00d6bae-b380-4908-b4bb-8059ffec7328@group-5FBFE6CE9088-SegmentedRaftLogWorker: Starting segment from index:0
2022-03-04 02:16:31,562 [EventQueue-OpenPipelineForHealthyPipelineSafeModeRule] INFO  safemode.SCMSafeModeManager (HealthyPipelineSafeModeRule.java:process(124)) - SCM in safe mode. Healthy pipelines reported count is 0, required healthy pipeline reported count is 1
2022-03-04 02:16:31,562 [EventQueue-OpenPipelineForHealthyPipelineSafeModeRule] INFO  safemode.SCMSafeModeManager (HealthyPipelineSafeModeRule.java:process(124)) - SCM in safe mode. Healthy pipelines reported count is 0, required healthy pipeline reported count is 1
2022-03-04 02:16:31,563 [f00d6bae-b380-4908-b4bb-8059ffec7328@group-5FBFE6CE9088-SegmentedRaftLogWorker] INFO  segmented.SegmentedRaftLogWorker (SegmentedRaftLogWorker.java:execute(601)) - f00d6bae-b380-4908-b4bb-8059ffec7328@group-5FBFE6CE9088-SegmentedRaftLogWorker: created new log segment /home/runner/work/ozone/ozone/hadoop-ozone/integration-test/target/test-dir/MiniOzoneClusterImpl-ba78f66b-c31d-4d73-90ed-a031934b8290/datanode-0/data/ratis/906706fc-b8b9-4db6-852e-5fbfe6ce9088/current/log_inprogress_0
2022-03-04 02:16:31,587 [grpc-default-executor-1] INFO  server.RaftServer$Division (RaftServerImpl.java:requestVote(1046)) - 58268bb1-183d-4eef-863f-1633152e0ae0@group-F68A9A66EFBB: receive requestVote(ELECTION, f00d6bae-b380-4908-b4bb-8059ffec7328, group-F68A9A66EFBB, 1, (t:0, i:0))
2022-03-04 02:16:31,588 [grpc-default-executor-1] INFO  impl.VoteContext (VoteContext.java:log(48)) - 58268bb1-183d-4eef-863f-1633152e0ae0@group-F68A9A66EFBB-FOLLOWER: accept ELECTION from f00d6bae-b380-4908-b4bb-8059ffec7328: our priority 0 <= candidate's priority 0
2022-03-04 02:16:31,588 [grpc-default-executor-1] INFO  server.RaftServer$Division (RaftServerImpl.java:setRole(290)) - 58268bb1-183d-4eef-863f-1633152e0ae0@group-F68A9A66EFBB: changes role from  FOLLOWER to FOLLOWER at term 1 for candidate:f00d6bae-b380-4908-b4bb-8059ffec7328
2022-03-04 02:16:31,588 [grpc-default-executor-1] INFO  impl.RoleInfo (RoleInfo.java:shutdownFollowerState(108)) - 58268bb1-183d-4eef-863f-1633152e0ae0: shutdown 58268bb1-183d-4eef-863f-1633152e0ae0@group-F68A9A66EFBB-FollowerState
2022-03-04 02:16:31,588 [grpc-default-executor-1] INFO  impl.RoleInfo (RoleInfo.java:updateAndGet(130)) - 58268bb1-183d-4eef-863f-1633152e0ae0: start 58268bb1-183d-4eef-863f-1633152e0ae0@group-F68A9A66EFBB-FollowerState
2022-03-04 02:16:31,588 [58268bb1-183d-4eef-863f-1633152e0ae0@group-F68A9A66EFBB-FollowerState] INFO  impl.FollowerState (FollowerState.java:run(143)) - 58268bb1-183d-4eef-863f-1633152e0ae0@group-F68A9A66EFBB-FollowerState was interrupted: {}
java.lang.InterruptedException: sleep interrupted
	at java.lang.Thread.sleep(Native Method)
	at java.lang.Thread.sleep(Thread.java:342)
	at java.util.concurrent.TimeUnit.sleep(TimeUnit.java:386)
	at org.apache.ratis.util.TimeDuration.sleep(TimeDuration.java:324)
	at org.apache.ratis.util.TimeDuration.sleep(TimeDuration.java:309)
	at org.apache.ratis.server.impl.FollowerState.run(FollowerState.java:118)
2022-03-04 02:16:31,593 [grpc-default-executor-1] INFO  server.RaftServer$Division (RaftServerImpl.java:requestVote(1078)) - 58268bb1-183d-4eef-863f-1633152e0ae0@group-F68A9A66EFBB replies to ELECTION vote request: f00d6bae-b380-4908-b4bb-8059ffec7328<-58268bb1-183d-4eef-863f-1633152e0ae0#0:OK-t1. Peer's state: 58268bb1-183d-4eef-863f-1633152e0ae0@group-F68A9A66EFBB:t1, leader=null, voted=f00d6bae-b380-4908-b4bb-8059ffec7328, raftlog=58268bb1-183d-4eef-863f-1633152e0ae0@group-F68A9A66EFBB-SegmentedRaftLog:OPENED:c-1, conf=-1: [58268bb1-183d-4eef-863f-1633152e0ae0|rpc:127.0.0.1:34573|dataStream:|priority:0, f00d6bae-b380-4908-b4bb-8059ffec7328|rpc:127.0.0.1:36009|dataStream:|priority:0, 9f78c5ee-b52e-497c-a9a6-ead92f3bbe55|rpc:127.0.0.1:38517|dataStream:|priority:1], old=null
2022-03-04 02:16:31,594 [f00d6bae-b380-4908-b4bb-8059ffec7328@group-5FBFE6CE9088-LeaderElection18] INFO  server.RaftServer$Division (ServerState.java:setRaftConf(387)) - f00d6bae-b380-4908-b4bb-8059ffec7328@group-5FBFE6CE9088: set configuration 0: [f00d6bae-b380-4908-b4bb-8059ffec7328|rpc:127.0.0.1:36009|dataStream:|priority:1], old=null
2022-03-04 02:16:31,607 [grpc-default-executor-0] INFO  server.RaftServer$Division (RaftServerImpl.java:requestVote(1046)) - 9f78c5ee-b52e-497c-a9a6-ead92f3bbe55@group-F68A9A66EFBB: receive requestVote(ELECTION, f00d6bae-b380-4908-b4bb-8059ffec7328, group-F68A9A66EFBB, 1, (t:0, i:0))
2022-03-04 02:16:31,607 [grpc-default-executor-0] INFO  impl.VoteContext (VoteContext.java:log(48)) - 9f78c5ee-b52e-497c-a9a6-ead92f3bbe55@group-F68A9A66EFBB-FOLLOWER: reject ELECTION from f00d6bae-b380-4908-b4bb-8059ffec7328: our priority 1 > candidate's priority 0
2022-03-04 02:16:31,607 [grpc-default-executor-0] INFO  server.RaftServer$Division (RaftServerImpl.java:setRole(290)) - 9f78c5ee-b52e-497c-a9a6-ead92f3bbe55@group-F68A9A66EFBB: changes role from  FOLLOWER to FOLLOWER at term 1 for candidate:f00d6bae-b380-4908-b4bb-8059ffec7328
2022-03-04 02:16:31,607 [grpc-default-executor-0] INFO  impl.RoleInfo (RoleInfo.java:shutdownFollowerState(108)) - 9f78c5ee-b52e-497c-a9a6-ead92f3bbe55: shutdown 9f78c5ee-b52e-497c-a9a6-ead92f3bbe55@group-F68A9A66EFBB-FollowerState
2022-03-04 02:16:31,608 [grpc-default-executor-0] INFO  impl.RoleInfo (RoleInfo.java:updateAndGet(130)) - 9f78c5ee-b52e-497c-a9a6-ead92f3bbe55: start 9f78c5ee-b52e-497c-a9a6-ead92f3bbe55@group-F68A9A66EFBB-FollowerState
2022-03-04 02:16:31,608 [9f78c5ee-b52e-497c-a9a6-ead92f3bbe55@group-F68A9A66EFBB-FollowerState] INFO  impl.FollowerState (FollowerState.java:run(143)) - 9f78c5ee-b52e-497c-a9a6-ead92f3bbe55@group-F68A9A66EFBB-FollowerState was interrupted: {}
java.lang.InterruptedException: sleep interrupted
	at java.lang.Thread.sleep(Native Method)
	at java.lang.Thread.sleep(Thread.java:342)
	at java.util.concurrent.TimeUnit.sleep(TimeUnit.java:386)
	at org.apache.ratis.util.TimeDuration.sleep(TimeDuration.java:324)
	at org.apache.ratis.util.TimeDuration.sleep(TimeDuration.java:309)
	at org.apache.ratis.server.impl.FollowerState.run(FollowerState.java:118)
2022-03-04 02:16:31,612 [grpc-default-executor-0] INFO  server.RaftServer$Division (RaftServerImpl.java:requestVote(1078)) - 9f78c5ee-b52e-497c-a9a6-ead92f3bbe55@group-F68A9A66EFBB replies to ELECTION vote request: f00d6bae-b380-4908-b4bb-8059ffec7328<-9f78c5ee-b52e-497c-a9a6-ead92f3bbe55#0:FAIL-t1. Peer's state: 9f78c5ee-b52e-497c-a9a6-ead92f3bbe55@group-F68A9A66EFBB:t1, leader=null, voted=null, raftlog=9f78c5ee-b52e-497c-a9a6-ead92f3bbe55@group-F68A9A66EFBB-SegmentedRaftLog:OPENED:c-1, conf=-1: [58268bb1-183d-4eef-863f-1633152e0ae0|rpc:127.0.0.1:34573|dataStream:|priority:0, f00d6bae-b380-4908-b4bb-8059ffec7328|rpc:127.0.0.1:36009|dataStream:|priority:0, 9f78c5ee-b52e-497c-a9a6-ead92f3bbe55|rpc:127.0.0.1:38517|dataStream:|priority:1], old=null
2022-03-04 02:16:31,621 [f00d6bae-b380-4908-b4bb-8059ffec7328@group-F68A9A66EFBB-LeaderElection19] INFO  impl.LeaderElection (LeaderElection.java:logAndReturn(89)) - f00d6bae-b380-4908-b4bb-8059ffec7328@group-F68A9A66EFBB-LeaderElection19: ELECTION REJECTED received 2 response(s) and 0 exception(s):
2022-03-04 02:16:31,621 [f00d6bae-b380-4908-b4bb-8059ffec7328@group-F68A9A66EFBB-LeaderElection19] INFO  impl.LeaderElection (LeaderElection.java:logAndReturn(93)) -   Response 0: f00d6bae-b380-4908-b4bb-8059ffec7328<-58268bb1-183d-4eef-863f-1633152e0ae0#0:OK-t1
2022-03-04 02:16:31,621 [f00d6bae-b380-4908-b4bb-8059ffec7328@group-F68A9A66EFBB-LeaderElection19] INFO  impl.LeaderElection (LeaderElection.java:logAndReturn(93)) -   Response 1: f00d6bae-b380-4908-b4bb-8059ffec7328<-9f78c5ee-b52e-497c-a9a6-ead92f3bbe55#0:FAIL-t1
2022-03-04 02:16:31,621 [f00d6bae-b380-4908-b4bb-8059ffec7328@group-F68A9A66EFBB-LeaderElection19] INFO  impl.LeaderElection (LeaderElection.java:askForVotes(308)) - f00d6bae-b380-4908-b4bb-8059ffec7328@group-F68A9A66EFBB-LeaderElection19 ELECTION round 0: result REJECTED
2022-03-04 02:16:31,621 [f00d6bae-b380-4908-b4bb-8059ffec7328@group-F68A9A66EFBB-LeaderElection19] INFO  server.RaftServer$Division (RaftServerImpl.java:setRole(290)) - f00d6bae-b380-4908-b4bb-8059ffec7328@group-F68A9A66EFBB: changes role from CANDIDATE to FOLLOWER at term 1 for REJECTED
2022-03-04 02:16:31,621 [f00d6bae-b380-4908-b4bb-8059ffec7328@group-F68A9A66EFBB-LeaderElection19] INFO  impl.RoleInfo (RoleInfo.java:shutdownLeaderElection(121)) - f00d6bae-b380-4908-b4bb-8059ffec7328: shutdown f00d6bae-b380-4908-b4bb-8059ffec7328@group-F68A9A66EFBB-LeaderElection19
2022-03-04 02:16:31,621 [f00d6bae-b380-4908-b4bb-8059ffec7328@group-F68A9A66EFBB-LeaderElection19] INFO  impl.RoleInfo (RoleInfo.java:updateAndGet(130)) - f00d6bae-b380-4908-b4bb-8059ffec7328: start f00d6bae-b380-4908-b4bb-8059ffec7328@group-F68A9A66EFBB-FollowerState
2022-03-04 02:16:31,765 [Datanode State Machine Daemon Thread] ERROR datanode.RunningDatanodeState (RunningDatanodeState.java:computeNextContainerState(201)) - Error in executing end point task.
java.util.concurrent.ExecutionException: java.util.concurrent.TimeoutException
	at java.util.concurrent.FutureTask.report(FutureTask.java:122)
	at java.util.concurrent.FutureTask.get(FutureTask.java:192)
	at org.apache.hadoop.ozone.container.common.states.datanode.RunningDatanodeState.computeNextContainerState(RunningDatanodeState.java:193)
	at org.apache.hadoop.ozone.container.common.states.datanode.RunningDatanodeState.await(RunningDatanodeState.java:233)
	at org.apache.hadoop.ozone.container.common.states.datanode.RunningDatanodeState.await(RunningDatanodeState.java:50)
	at org.apache.hadoop.ozone.container.common.statemachine.StateContext.execute(StateContext.java:658)
	at org.apache.hadoop.ozone.container.common.statemachine.DatanodeStateMachine.startStateMachineThread(DatanodeStateMachine.java:283)
	at org.apache.hadoop.ozone.container.common.statemachine.DatanodeStateMachine.lambda$startDaemon$0(DatanodeStateMachine.java:471)
	at java.lang.Thread.run(Thread.java:750)
Caused by: java.util.concurrent.TimeoutException
	at java.util.concurrent.FutureTask.get(FutureTask.java:205)
	at org.apache.hadoop.ozone.container.common.states.datanode.RunningDatanodeState.lambda$execute$0(RunningDatanodeState.java:151)
	at java.util.concurrent.FutureTask.run(FutureTask.java:266)
	at java.util.concurrent.Executors$RunnableAdapter.call(Executors.java:511)
	at java.util.concurrent.FutureTask.run(FutureTask.java:266)
	at java.util.concurrent.ThreadPoolExecutor.runWorker(ThreadPoolExecutor.java:1149)
	at java.util.concurrent.ThreadPoolExecutor$Worker.run(ThreadPoolExecutor.java:624)
	... 1 more
2022-03-04 02:16:31,837 [f00d6bae-b380-4908-b4bb-8059ffec7328@group-9A60D3FB85E9-FollowerState] INFO  impl.FollowerState (FollowerState.java:run(134)) - f00d6bae-b380-4908-b4bb-8059ffec7328@group-9A60D3FB85E9-FollowerState: change to CANDIDATE, lastRpcElapsedTime:5144031136ns, electionTimeout:5143ms
2022-03-04 02:16:31,837 [f00d6bae-b380-4908-b4bb-8059ffec7328@group-9A60D3FB85E9-FollowerState] INFO  impl.RoleInfo (RoleInfo.java:shutdownFollowerState(108)) - f00d6bae-b380-4908-b4bb-8059ffec7328: shutdown f00d6bae-b380-4908-b4bb-8059ffec7328@group-9A60D3FB85E9-FollowerState
2022-03-04 02:16:31,837 [f00d6bae-b380-4908-b4bb-8059ffec7328@group-9A60D3FB85E9-FollowerState] INFO  server.RaftServer$Division (RaftServerImpl.java:setRole(290)) - f00d6bae-b380-4908-b4bb-8059ffec7328@group-9A60D3FB85E9: changes role from  FOLLOWER to CANDIDATE at term 0 for changeToCandidate
2022-03-04 02:16:31,837 [f00d6bae-b380-4908-b4bb-8059ffec7328@group-9A60D3FB85E9-FollowerState] INFO  server.RaftServerConfigKeys (ConfUtils.java:logGet(44)) - raft.server.leaderelection.pre-vote = false (custom)
2022-03-04 02:16:31,838 [f00d6bae-b380-4908-b4bb-8059ffec7328@group-9A60D3FB85E9-FollowerState] INFO  impl.RoleInfo (RoleInfo.java:updateAndGet(130)) - f00d6bae-b380-4908-b4bb-8059ffec7328: start f00d6bae-b380-4908-b4bb-8059ffec7328@group-9A60D3FB85E9-LeaderElection20
2022-03-04 02:16:31,863 [f00d6bae-b380-4908-b4bb-8059ffec7328@group-9A60D3FB85E9-LeaderElection20] INFO  impl.LeaderElection (LeaderElection.java:askForVotes(306)) - f00d6bae-b380-4908-b4bb-8059ffec7328@group-9A60D3FB85E9-LeaderElection20 ELECTION round 0: submit vote requests at term 1 for -1: [58268bb1-183d-4eef-863f-1633152e0ae0|rpc:127.0.0.1:34573|priority:1, f00d6bae-b380-4908-b4bb-8059ffec7328|rpc:127.0.0.1:36009|priority:0, 9f78c5ee-b52e-497c-a9a6-ead92f3bbe55|rpc:127.0.0.1:38517|priority:0], old=null
2022-03-04 02:16:31,873 [grpc-default-executor-1] INFO  server.RaftServer$Division (RaftServerImpl.java:requestVote(1046)) - 58268bb1-183d-4eef-863f-1633152e0ae0@group-9A60D3FB85E9: receive requestVote(ELECTION, f00d6bae-b380-4908-b4bb-8059ffec7328, group-9A60D3FB85E9, 1, (t:0, i:0))
2022-03-04 02:16:31,873 [grpc-default-executor-1] INFO  impl.VoteContext (VoteContext.java:log(48)) - 58268bb1-183d-4eef-863f-1633152e0ae0@group-9A60D3FB85E9-FOLLOWER: reject ELECTION from f00d6bae-b380-4908-b4bb-8059ffec7328: our priority 1 > candidate's priority 0
2022-03-04 02:16:31,873 [grpc-default-executor-1] INFO  server.RaftServer$Division (RaftServerImpl.java:setRole(290)) - 58268bb1-183d-4eef-863f-1633152e0ae0@group-9A60D3FB85E9: changes role from  FOLLOWER to FOLLOWER at term 1 for candidate:f00d6bae-b380-4908-b4bb-8059ffec7328
2022-03-04 02:16:31,873 [grpc-default-executor-1] INFO  impl.RoleInfo (RoleInfo.java:shutdownFollowerState(108)) - 58268bb1-183d-4eef-863f-1633152e0ae0: shutdown 58268bb1-183d-4eef-863f-1633152e0ae0@group-9A60D3FB85E9-FollowerState
2022-03-04 02:16:31,873 [grpc-default-executor-1] INFO  impl.RoleInfo (RoleInfo.java:updateAndGet(130)) - 58268bb1-183d-4eef-863f-1633152e0ae0: start 58268bb1-183d-4eef-863f-1633152e0ae0@group-9A60D3FB85E9-FollowerState
2022-03-04 02:16:31,873 [58268bb1-183d-4eef-863f-1633152e0ae0@group-9A60D3FB85E9-FollowerState] INFO  impl.FollowerState (FollowerState.java:run(143)) - 58268bb1-183d-4eef-863f-1633152e0ae0@group-9A60D3FB85E9-FollowerState was interrupted: {}
java.lang.InterruptedException: sleep interrupted
	at java.lang.Thread.sleep(Native Method)
	at java.lang.Thread.sleep(Thread.java:342)
	at java.util.concurrent.TimeUnit.sleep(TimeUnit.java:386)
	at org.apache.ratis.util.TimeDuration.sleep(TimeDuration.java:324)
	at org.apache.ratis.util.TimeDuration.sleep(TimeDuration.java:309)
	at org.apache.ratis.server.impl.FollowerState.run(FollowerState.java:118)
2022-03-04 02:16:31,878 [grpc-default-executor-0] INFO  server.RaftServer$Division (RaftServerImpl.java:requestVote(1046)) - 9f78c5ee-b52e-497c-a9a6-ead92f3bbe55@group-9A60D3FB85E9: receive requestVote(ELECTION, f00d6bae-b380-4908-b4bb-8059ffec7328, group-9A60D3FB85E9, 1, (t:0, i:0))
2022-03-04 02:16:31,878 [grpc-default-executor-0] INFO  impl.VoteContext (VoteContext.java:log(48)) - 9f78c5ee-b52e-497c-a9a6-ead92f3bbe55@group-9A60D3FB85E9-FOLLOWER: accept ELECTION from f00d6bae-b380-4908-b4bb-8059ffec7328: our priority 0 <= candidate's priority 0
2022-03-04 02:16:31,878 [grpc-default-executor-0] INFO  server.RaftServer$Division (RaftServerImpl.java:setRole(290)) - 9f78c5ee-b52e-497c-a9a6-ead92f3bbe55@group-9A60D3FB85E9: changes role from  FOLLOWER to FOLLOWER at term 1 for candidate:f00d6bae-b380-4908-b4bb-8059ffec7328
2022-03-04 02:16:31,878 [grpc-default-executor-0] INFO  impl.RoleInfo (RoleInfo.java:shutdownFollowerState(108)) - 9f78c5ee-b52e-497c-a9a6-ead92f3bbe55: shutdown 9f78c5ee-b52e-497c-a9a6-ead92f3bbe55@group-9A60D3FB85E9-FollowerState
2022-03-04 02:16:31,878 [9f78c5ee-b52e-497c-a9a6-ead92f3bbe55@group-9A60D3FB85E9-FollowerState] INFO  impl.FollowerState (FollowerState.java:run(143)) - 9f78c5ee-b52e-497c-a9a6-ead92f3bbe55@group-9A60D3FB85E9-FollowerState was interrupted: {}
java.lang.InterruptedException: sleep interrupted
	at java.lang.Thread.sleep(Native Method)
	at java.lang.Thread.sleep(Thread.java:342)
	at java.util.concurrent.TimeUnit.sleep(TimeUnit.java:386)
	at org.apache.ratis.util.TimeDuration.sleep(TimeDuration.java:324)
	at org.apache.ratis.util.TimeDuration.sleep(TimeDuration.java:309)
	at org.apache.ratis.server.impl.FollowerState.run(FollowerState.java:118)
2022-03-04 02:16:31,878 [grpc-default-executor-0] INFO  impl.RoleInfo (RoleInfo.java:updateAndGet(130)) - 9f78c5ee-b52e-497c-a9a6-ead92f3bbe55: start 9f78c5ee-b52e-497c-a9a6-ead92f3bbe55@group-9A60D3FB85E9-FollowerState
2022-03-04 02:16:31,893 [EndpointStateMachine task thread for /127.0.0.1:42491 - 0 ] INFO  ipc.Client (Client.java:handleConnectionFailure(977)) - Retrying connect to server: localhost/127.0.0.1:42491. Already tried 6 time(s); retry policy is RetryUpToMaximumCountWithFixedSleep(maxRetries=15, sleepTime=1000 MILLISECONDS)
2022-03-04 02:16:31,894 [grpc-default-executor-0] INFO  server.RaftServer$Division (RaftServerImpl.java:requestVote(1078)) - 9f78c5ee-b52e-497c-a9a6-ead92f3bbe55@group-9A60D3FB85E9 replies to ELECTION vote request: f00d6bae-b380-4908-b4bb-8059ffec7328<-9f78c5ee-b52e-497c-a9a6-ead92f3bbe55#0:OK-t1. Peer's state: 9f78c5ee-b52e-497c-a9a6-ead92f3bbe55@group-9A60D3FB85E9:t1, leader=null, voted=f00d6bae-b380-4908-b4bb-8059ffec7328, raftlog=9f78c5ee-b52e-497c-a9a6-ead92f3bbe55@group-9A60D3FB85E9-SegmentedRaftLog:OPENED:c-1, conf=-1: [58268bb1-183d-4eef-863f-1633152e0ae0|rpc:127.0.0.1:34573|dataStream:|priority:1, f00d6bae-b380-4908-b4bb-8059ffec7328|rpc:127.0.0.1:36009|dataStream:|priority:0, 9f78c5ee-b52e-497c-a9a6-ead92f3bbe55|rpc:127.0.0.1:38517|dataStream:|priority:0], old=null
2022-03-04 02:16:31,895 [EndpointStateMachine task thread for /127.0.0.1:35517 - 0 ] INFO  ipc.Client (Client.java:handleConnectionFailure(977)) - Retrying connect to server: localhost/127.0.0.1:35517. Already tried 6 time(s); retry policy is RetryUpToMaximumCountWithFixedSleep(maxRetries=15, sleepTime=1000 MILLISECONDS)
2022-03-04 02:16:31,895 [EndpointStateMachine task thread for /127.0.0.1:42427 - 0 ] INFO  ipc.Client (Client.java:handleConnectionFailure(977)) - Retrying connect to server: localhost/127.0.0.1:42427. Already tried 6 time(s); retry policy is RetryUpToMaximumCountWithFixedSleep(maxRetries=15, sleepTime=1000 MILLISECONDS)
2022-03-04 02:16:31,895 [grpc-default-executor-1] INFO  server.RaftServer$Division (RaftServerImpl.java:requestVote(1078)) - 58268bb1-183d-4eef-863f-1633152e0ae0@group-9A60D3FB85E9 replies to ELECTION vote request: f00d6bae-b380-4908-b4bb-8059ffec7328<-58268bb1-183d-4eef-863f-1633152e0ae0#0:FAIL-t1. Peer's state: 58268bb1-183d-4eef-863f-1633152e0ae0@group-9A60D3FB85E9:t1, leader=null, voted=null, raftlog=58268bb1-183d-4eef-863f-1633152e0ae0@group-9A60D3FB85E9-SegmentedRaftLog:OPENED:c-1, conf=-1: [58268bb1-183d-4eef-863f-1633152e0ae0|rpc:127.0.0.1:34573|dataStream:|priority:1, f00d6bae-b380-4908-b4bb-8059ffec7328|rpc:127.0.0.1:36009|dataStream:|priority:0, 9f78c5ee-b52e-497c-a9a6-ead92f3bbe55|rpc:127.0.0.1:38517|dataStream:|priority:0], old=null
2022-03-04 02:16:31,895 [58268bb1-183d-4eef-863f-1633152e0ae0@group-A56C08C94D8C-FollowerState] INFO  impl.FollowerState (FollowerState.java:run(134)) - 58268bb1-183d-4eef-863f-1633152e0ae0@group-A56C08C94D8C-FollowerState: change to CANDIDATE, lastRpcElapsedTime:5081120777ns, electionTimeout:5079ms
2022-03-04 02:16:31,896 [58268bb1-183d-4eef-863f-1633152e0ae0@group-A56C08C94D8C-FollowerState] INFO  impl.RoleInfo (RoleInfo.java:shutdownFollowerState(108)) - 58268bb1-183d-4eef-863f-1633152e0ae0: shutdown 58268bb1-183d-4eef-863f-1633152e0ae0@group-A56C08C94D8C-FollowerState
2022-03-04 02:16:31,896 [58268bb1-183d-4eef-863f-1633152e0ae0@group-A56C08C94D8C-FollowerState] INFO  server.RaftServer$Division (RaftServerImpl.java:setRole(290)) - 58268bb1-183d-4eef-863f-1633152e0ae0@group-A56C08C94D8C: changes role from  FOLLOWER to CANDIDATE at term 0 for changeToCandidate
2022-03-04 02:16:31,897 [f00d6bae-b380-4908-b4bb-8059ffec7328@group-9A60D3FB85E9-LeaderElection20] INFO  impl.LeaderElection (LeaderElection.java:logAndReturn(89)) - f00d6bae-b380-4908-b4bb-8059ffec7328@group-9A60D3FB85E9-LeaderElection20: ELECTION REJECTED received 2 response(s) and 0 exception(s):
2022-03-04 02:16:31,897 [f00d6bae-b380-4908-b4bb-8059ffec7328@group-9A60D3FB85E9-LeaderElection20] INFO  impl.LeaderElection (LeaderElection.java:logAndReturn(93)) -   Response 0: f00d6bae-b380-4908-b4bb-8059ffec7328<-58268bb1-183d-4eef-863f-1633152e0ae0#0:FAIL-t1
2022-03-04 02:16:31,897 [f00d6bae-b380-4908-b4bb-8059ffec7328@group-9A60D3FB85E9-LeaderElection20] INFO  impl.LeaderElection (LeaderElection.java:logAndReturn(93)) -   Response 1: f00d6bae-b380-4908-b4bb-8059ffec7328<-9f78c5ee-b52e-497c-a9a6-ead92f3bbe55#0:OK-t1
2022-03-04 02:16:31,897 [f00d6bae-b380-4908-b4bb-8059ffec7328@group-9A60D3FB85E9-LeaderElection20] INFO  impl.LeaderElection (LeaderElection.java:askForVotes(308)) - f00d6bae-b380-4908-b4bb-8059ffec7328@group-9A60D3FB85E9-LeaderElection20 ELECTION round 0: result REJECTED
2022-03-04 02:16:31,897 [f00d6bae-b380-4908-b4bb-8059ffec7328@group-9A60D3FB85E9-LeaderElection20] INFO  server.RaftServer$Division (RaftServerImpl.java:setRole(290)) - f00d6bae-b380-4908-b4bb-8059ffec7328@group-9A60D3FB85E9: changes role from CANDIDATE to FOLLOWER at term 1 for REJECTED
2022-03-04 02:16:31,897 [f00d6bae-b380-4908-b4bb-8059ffec7328@group-9A60D3FB85E9-LeaderElection20] INFO  impl.RoleInfo (RoleInfo.java:shutdownLeaderElection(121)) - f00d6bae-b380-4908-b4bb-8059ffec7328: shutdown f00d6bae-b380-4908-b4bb-8059ffec7328@group-9A60D3FB85E9-LeaderElection20
2022-03-04 02:16:31,897 [f00d6bae-b380-4908-b4bb-8059ffec7328@group-9A60D3FB85E9-LeaderElection20] INFO  impl.RoleInfo (RoleInfo.java:updateAndGet(130)) - f00d6bae-b380-4908-b4bb-8059ffec7328: start f00d6bae-b380-4908-b4bb-8059ffec7328@group-9A60D3FB85E9-FollowerState
2022-03-04 02:16:31,904 [58268bb1-183d-4eef-863f-1633152e0ae0@group-A56C08C94D8C-FollowerState] INFO  server.RaftServerConfigKeys (ConfUtils.java:logGet(44)) - raft.server.leaderelection.pre-vote = false (custom)
2022-03-04 02:16:31,904 [58268bb1-183d-4eef-863f-1633152e0ae0@group-A56C08C94D8C-FollowerState] INFO  impl.RoleInfo (RoleInfo.java:updateAndGet(130)) - 58268bb1-183d-4eef-863f-1633152e0ae0: start 58268bb1-183d-4eef-863f-1633152e0ae0@group-A56C08C94D8C-LeaderElection21
2022-03-04 02:16:31,913 [58268bb1-183d-4eef-863f-1633152e0ae0@group-A56C08C94D8C-LeaderElection21] INFO  impl.LeaderElection (LeaderElection.java:askForVotes(306)) - 58268bb1-183d-4eef-863f-1633152e0ae0@group-A56C08C94D8C-LeaderElection21 ELECTION round 0: submit vote requests at term 1 for -1: [58268bb1-183d-4eef-863f-1633152e0ae0|rpc:127.0.0.1:34573|priority:1], old=null
2022-03-04 02:16:31,913 [58268bb1-183d-4eef-863f-1633152e0ae0@group-A56C08C94D8C-LeaderElection21] INFO  impl.LeaderElection (LeaderElection.java:askForVotes(308)) - 58268bb1-183d-4eef-863f-1633152e0ae0@group-A56C08C94D8C-LeaderElection21 ELECTION round 0: result PASSED (term=1)
2022-03-04 02:16:31,913 [58268bb1-183d-4eef-863f-1633152e0ae0@group-A56C08C94D8C-LeaderElection21] INFO  impl.RoleInfo (RoleInfo.java:shutdownLeaderElection(121)) - 58268bb1-183d-4eef-863f-1633152e0ae0: shutdown 58268bb1-183d-4eef-863f-1633152e0ae0@group-A56C08C94D8C-LeaderElection21
2022-03-04 02:16:31,913 [58268bb1-183d-4eef-863f-1633152e0ae0@group-A56C08C94D8C-LeaderElection21] INFO  server.RaftServer$Division (RaftServerImpl.java:setRole(290)) - 58268bb1-183d-4eef-863f-1633152e0ae0@group-A56C08C94D8C: changes role from CANDIDATE to LEADER at term 1 for changeToLeader
2022-03-04 02:16:31,913 [58268bb1-183d-4eef-863f-1633152e0ae0@group-A56C08C94D8C-LeaderElection21] INFO  ratis.XceiverServerRatis (XceiverServerRatis.java:handleLeaderChangedNotification(867)) - Leader change notification received for group: group-A56C08C94D8C with new leaderId: 58268bb1-183d-4eef-863f-1633152e0ae0
2022-03-04 02:16:31,913 [58268bb1-183d-4eef-863f-1633152e0ae0@group-A56C08C94D8C-LeaderElection21] INFO  server.RaftServer$Division (ServerState.java:setLeader(285)) - 58268bb1-183d-4eef-863f-1633152e0ae0@group-A56C08C94D8C: change Leader from null to 58268bb1-183d-4eef-863f-1633152e0ae0 at term 1 for becomeLeader, leader elected after 5151ms
2022-03-04 02:16:31,913 [58268bb1-183d-4eef-863f-1633152e0ae0@group-A56C08C94D8C-LeaderElection21] INFO  server.RaftServerConfigKeys (ConfUtils.java:logGet(44)) - raft.server.staging.catchup.gap = 1000 (default)
2022-03-04 02:16:31,915 [EventQueue-OpenPipelineForHealthyPipelineSafeModeRule] INFO  safemode.SCMSafeModeManager (HealthyPipelineSafeModeRule.java:process(124)) - SCM in safe mode. Healthy pipelines reported count is 0, required healthy pipeline reported count is 1
2022-03-04 02:16:31,915 [EventQueue-OpenPipelineForHealthyPipelineSafeModeRule] INFO  safemode.SCMSafeModeManager (HealthyPipelineSafeModeRule.java:process(124)) - SCM in safe mode. Healthy pipelines reported count is 0, required healthy pipeline reported count is 1
2022-03-04 02:16:31,916 [58268bb1-183d-4eef-863f-1633152e0ae0@group-A56C08C94D8C-LeaderElection21] INFO  server.RaftServerConfigKeys (ConfUtils.java:logGet(44)) - raft.server.write.element-limit = 1024 (custom)
2022-03-04 02:16:31,916 [58268bb1-183d-4eef-863f-1633152e0ae0@group-A56C08C94D8C-LeaderElection21] INFO  server.RaftServerConfigKeys (ConfUtils.java:logGet(44)) - raft.server.write.byte-limit = 1024 M (=1073741824) (custom)
2022-03-04 02:16:31,916 [58268bb1-183d-4eef-863f-1633152e0ae0@group-A56C08C94D8C-LeaderElection21] INFO  server.RaftServerConfigKeys (ConfUtils.java:logGet(44)) - raft.server.watch.timeout = 180s (custom)
2022-03-04 02:16:31,916 [58268bb1-183d-4eef-863f-1633152e0ae0@group-A56C08C94D8C-LeaderElection21] INFO  server.RaftServerConfigKeys (ConfUtils.java:logGet(44)) - raft.server.watch.timeout.denomination = 1s (default)
2022-03-04 02:16:31,917 [58268bb1-183d-4eef-863f-1633152e0ae0@group-A56C08C94D8C-LeaderElection21] INFO  server.RaftServerConfigKeys (ConfUtils.java:logGet(44)) - raft.server.watch.element-limit = 65536 (default)
2022-03-04 02:16:31,917 [58268bb1-183d-4eef-863f-1633152e0ae0@group-A56C08C94D8C-LeaderElection21] INFO  server.RaftServerConfigKeys (ConfUtils.java:logGet(44)) - raft.server.write.element-limit = 1024 (custom)
2022-03-04 02:16:31,917 [58268bb1-183d-4eef-863f-1633152e0ae0@group-A56C08C94D8C-LeaderElection21] INFO  server.RaftServerConfigKeys (ConfUtils.java:logGet(44)) - raft.server.write.follower.gap.ratio.max = -1.0 (default)
2022-03-04 02:16:31,917 [58268bb1-183d-4eef-863f-1633152e0ae0@group-A56C08C94D8C-LeaderElection21] INFO  impl.RoleInfo (RoleInfo.java:updateAndGet(130)) - 58268bb1-183d-4eef-863f-1633152e0ae0: start 58268bb1-183d-4eef-863f-1633152e0ae0@group-A56C08C94D8C-LeaderStateImpl
2022-03-04 02:16:31,917 [58268bb1-183d-4eef-863f-1633152e0ae0@group-A56C08C94D8C-LeaderElection21] INFO  segmented.SegmentedRaftLogWorker (SegmentedRaftLogWorker.java:startLogSegment(394)) - 58268bb1-183d-4eef-863f-1633152e0ae0@group-A56C08C94D8C-SegmentedRaftLogWorker: Starting segment from index:0
2022-03-04 02:16:31,919 [58268bb1-183d-4eef-863f-1633152e0ae0@group-A56C08C94D8C-SegmentedRaftLogWorker] INFO  segmented.SegmentedRaftLogWorker (SegmentedRaftLogWorker.java:execute(601)) - 58268bb1-183d-4eef-863f-1633152e0ae0@group-A56C08C94D8C-SegmentedRaftLogWorker: created new log segment /home/runner/work/ozone/ozone/hadoop-ozone/integration-test/target/test-dir/MiniOzoneClusterImpl-ba78f66b-c31d-4d73-90ed-a031934b8290/datanode-1/data/ratis/0074557d-1deb-4875-99b8-a56c08c94d8c/current/log_inprogress_0
2022-03-04 02:16:31,931 [58268bb1-183d-4eef-863f-1633152e0ae0@group-A56C08C94D8C-LeaderElection21] INFO  server.RaftServer$Division (ServerState.java:setRaftConf(387)) - 58268bb1-183d-4eef-863f-1633152e0ae0@group-A56C08C94D8C: set configuration 0: [58268bb1-183d-4eef-863f-1633152e0ae0|rpc:127.0.0.1:34573|dataStream:|priority:1], old=null
2022-03-04 02:16:32,219 [Listener at 127.0.0.1/44533] INFO  ozone.MiniOzoneClusterImpl (MiniOzoneClusterImpl.java:lambda$waitForClusterToBeReady$0(219)) - Nodes are ready. Got 3 of 3 DN Heartbeats.
2022-03-04 02:16:32,219 [Listener at 127.0.0.1/44533] INFO  ozone.MiniOzoneClusterImpl (MiniOzoneClusterImpl.java:lambda$waitForClusterToBeReady$0(222)) - Waiting for cluster to exit safe mode
2022-03-04 02:16:32,219 [Listener at 127.0.0.1/44533] INFO  ozone.MiniOzoneClusterImpl (MiniOzoneClusterImpl.java:lambda$waitForClusterToBeReady$0(224)) - SCM became leader
2022-03-04 02:16:32,300 [Datanode State Machine Daemon Thread] ERROR datanode.RunningDatanodeState (RunningDatanodeState.java:computeNextContainerState(201)) - Error in executing end point task.
java.util.concurrent.ExecutionException: java.util.concurrent.TimeoutException
	at java.util.concurrent.FutureTask.report(FutureTask.java:122)
	at java.util.concurrent.FutureTask.get(FutureTask.java:192)
	at org.apache.hadoop.ozone.container.common.states.datanode.RunningDatanodeState.computeNextContainerState(RunningDatanodeState.java:193)
	at org.apache.hadoop.ozone.container.common.states.datanode.RunningDatanodeState.await(RunningDatanodeState.java:233)
	at org.apache.hadoop.ozone.container.common.states.datanode.RunningDatanodeState.await(RunningDatanodeState.java:50)
	at org.apache.hadoop.ozone.container.common.statemachine.StateContext.execute(StateContext.java:658)
	at org.apache.hadoop.ozone.container.common.statemachine.DatanodeStateMachine.startStateMachineThread(DatanodeStateMachine.java:283)
	at org.apache.hadoop.ozone.container.common.statemachine.DatanodeStateMachine.lambda$startDaemon$0(DatanodeStateMachine.java:471)
	at java.lang.Thread.run(Thread.java:750)
Caused by: java.util.concurrent.TimeoutException
	at java.util.concurrent.FutureTask.get(FutureTask.java:205)
	at org.apache.hadoop.ozone.container.common.states.datanode.RunningDatanodeState.lambda$execute$0(RunningDatanodeState.java:151)
	at java.util.concurrent.FutureTask.run(FutureTask.java:266)
	at java.util.concurrent.Executors$RunnableAdapter.call(Executors.java:511)
	at java.util.concurrent.FutureTask.run(FutureTask.java:266)
	at java.util.concurrent.ThreadPoolExecutor.runWorker(ThreadPoolExecutor.java:1149)
	at java.util.concurrent.ThreadPoolExecutor$Worker.run(ThreadPoolExecutor.java:624)
	... 1 more
2022-03-04 02:16:32,488 [9f78c5ee-b52e-497c-a9a6-ead92f3bbe55@group-3C3929816D5C-FollowerState] INFO  impl.FollowerState (FollowerState.java:run(134)) - 9f78c5ee-b52e-497c-a9a6-ead92f3bbe55@group-3C3929816D5C-FollowerState: change to CANDIDATE, lastRpcElapsedTime:5164701922ns, electionTimeout:5163ms
2022-03-04 02:16:32,488 [9f78c5ee-b52e-497c-a9a6-ead92f3bbe55@group-3C3929816D5C-FollowerState] INFO  impl.RoleInfo (RoleInfo.java:shutdownFollowerState(108)) - 9f78c5ee-b52e-497c-a9a6-ead92f3bbe55: shutdown 9f78c5ee-b52e-497c-a9a6-ead92f3bbe55@group-3C3929816D5C-FollowerState
2022-03-04 02:16:32,489 [9f78c5ee-b52e-497c-a9a6-ead92f3bbe55@group-3C3929816D5C-FollowerState] INFO  server.RaftServer$Division (RaftServerImpl.java:setRole(290)) - 9f78c5ee-b52e-497c-a9a6-ead92f3bbe55@group-3C3929816D5C: changes role from  FOLLOWER to CANDIDATE at term 0 for changeToCandidate
2022-03-04 02:16:32,490 [9f78c5ee-b52e-497c-a9a6-ead92f3bbe55@group-3C3929816D5C-FollowerState] INFO  server.RaftServerConfigKeys (ConfUtils.java:logGet(44)) - raft.server.leaderelection.pre-vote = false (custom)
2022-03-04 02:16:32,490 [9f78c5ee-b52e-497c-a9a6-ead92f3bbe55@group-3C3929816D5C-FollowerState] INFO  impl.RoleInfo (RoleInfo.java:updateAndGet(130)) - 9f78c5ee-b52e-497c-a9a6-ead92f3bbe55: start 9f78c5ee-b52e-497c-a9a6-ead92f3bbe55@group-3C3929816D5C-LeaderElection22
2022-03-04 02:16:32,508 [9f78c5ee-b52e-497c-a9a6-ead92f3bbe55@group-3C3929816D5C-LeaderElection22] INFO  impl.LeaderElection (LeaderElection.java:askForVotes(306)) - 9f78c5ee-b52e-497c-a9a6-ead92f3bbe55@group-3C3929816D5C-LeaderElection22 ELECTION round 0: submit vote requests at term 1 for -1: [9f78c5ee-b52e-497c-a9a6-ead92f3bbe55|rpc:127.0.0.1:38517|priority:1], old=null
2022-03-04 02:16:32,509 [9f78c5ee-b52e-497c-a9a6-ead92f3bbe55@group-3C3929816D5C-LeaderElection22] INFO  impl.LeaderElection (LeaderElection.java:askForVotes(308)) - 9f78c5ee-b52e-497c-a9a6-ead92f3bbe55@group-3C3929816D5C-LeaderElection22 ELECTION round 0: result PASSED (term=1)
2022-03-04 02:16:32,509 [9f78c5ee-b52e-497c-a9a6-ead92f3bbe55@group-3C3929816D5C-LeaderElection22] INFO  impl.RoleInfo (RoleInfo.java:shutdownLeaderElection(121)) - 9f78c5ee-b52e-497c-a9a6-ead92f3bbe55: shutdown 9f78c5ee-b52e-497c-a9a6-ead92f3bbe55@group-3C3929816D5C-LeaderElection22
2022-03-04 02:16:32,509 [9f78c5ee-b52e-497c-a9a6-ead92f3bbe55@group-3C3929816D5C-LeaderElection22] INFO  server.RaftServer$Division (RaftServerImpl.java:setRole(290)) - 9f78c5ee-b52e-497c-a9a6-ead92f3bbe55@group-3C3929816D5C: changes role from CANDIDATE to LEADER at term 1 for changeToLeader
2022-03-04 02:16:32,509 [9f78c5ee-b52e-497c-a9a6-ead92f3bbe55@group-3C3929816D5C-LeaderElection22] INFO  ratis.XceiverServerRatis (XceiverServerRatis.java:handleLeaderChangedNotification(867)) - Leader change notification received for group: group-3C3929816D5C with new leaderId: 9f78c5ee-b52e-497c-a9a6-ead92f3bbe55
2022-03-04 02:16:32,509 [9f78c5ee-b52e-497c-a9a6-ead92f3bbe55@group-3C3929816D5C-LeaderElection22] INFO  server.RaftServer$Division (ServerState.java:setLeader(285)) - 9f78c5ee-b52e-497c-a9a6-ead92f3bbe55@group-3C3929816D5C: change Leader from null to 9f78c5ee-b52e-497c-a9a6-ead92f3bbe55 at term 1 for becomeLeader, leader elected after 5219ms
2022-03-04 02:16:32,509 [9f78c5ee-b52e-497c-a9a6-ead92f3bbe55@group-3C3929816D5C-LeaderElection22] INFO  server.RaftServerConfigKeys (ConfUtils.java:logGet(44)) - raft.server.staging.catchup.gap = 1000 (default)
2022-03-04 02:16:32,511 [EventQueue-OpenPipelineForHealthyPipelineSafeModeRule] INFO  safemode.SCMSafeModeManager (HealthyPipelineSafeModeRule.java:process(124)) - SCM in safe mode. Healthy pipelines reported count is 0, required healthy pipeline reported count is 1
2022-03-04 02:16:32,515 [EventQueue-OpenPipelineForHealthyPipelineSafeModeRule] INFO  safemode.SCMSafeModeManager (HealthyPipelineSafeModeRule.java:process(124)) - SCM in safe mode. Healthy pipelines reported count is 0, required healthy pipeline reported count is 1
2022-03-04 02:16:32,516 [9f78c5ee-b52e-497c-a9a6-ead92f3bbe55@group-3C3929816D5C-LeaderElection22] INFO  server.RaftServerConfigKeys (ConfUtils.java:logGet(44)) - raft.server.write.element-limit = 1024 (custom)
2022-03-04 02:16:32,516 [9f78c5ee-b52e-497c-a9a6-ead92f3bbe55@group-3C3929816D5C-LeaderElection22] INFO  server.RaftServerConfigKeys (ConfUtils.java:logGet(44)) - raft.server.write.byte-limit = 1024 M (=1073741824) (custom)
2022-03-04 02:16:32,518 [9f78c5ee-b52e-497c-a9a6-ead92f3bbe55@group-3C3929816D5C-LeaderElection22] INFO  server.RaftServerConfigKeys (ConfUtils.java:logGet(44)) - raft.server.watch.timeout = 180s (custom)
2022-03-04 02:16:32,518 [9f78c5ee-b52e-497c-a9a6-ead92f3bbe55@group-3C3929816D5C-LeaderElection22] INFO  server.RaftServerConfigKeys (ConfUtils.java:logGet(44)) - raft.server.watch.timeout.denomination = 1s (default)
2022-03-04 02:16:32,518 [9f78c5ee-b52e-497c-a9a6-ead92f3bbe55@group-3C3929816D5C-LeaderElection22] INFO  server.RaftServerConfigKeys (ConfUtils.java:logGet(44)) - raft.server.watch.element-limit = 65536 (default)
2022-03-04 02:16:32,518 [9f78c5ee-b52e-497c-a9a6-ead92f3bbe55@group-3C3929816D5C-LeaderElection22] INFO  server.RaftServerConfigKeys (ConfUtils.java:logGet(44)) - raft.server.write.element-limit = 1024 (custom)
2022-03-04 02:16:32,518 [9f78c5ee-b52e-497c-a9a6-ead92f3bbe55@group-3C3929816D5C-LeaderElection22] INFO  server.RaftServerConfigKeys (ConfUtils.java:logGet(44)) - raft.server.write.follower.gap.ratio.max = -1.0 (default)
2022-03-04 02:16:32,518 [9f78c5ee-b52e-497c-a9a6-ead92f3bbe55@group-3C3929816D5C-LeaderElection22] INFO  impl.RoleInfo (RoleInfo.java:updateAndGet(130)) - 9f78c5ee-b52e-497c-a9a6-ead92f3bbe55: start 9f78c5ee-b52e-497c-a9a6-ead92f3bbe55@group-3C3929816D5C-LeaderStateImpl
2022-03-04 02:16:32,519 [9f78c5ee-b52e-497c-a9a6-ead92f3bbe55@group-3C3929816D5C-LeaderElection22] INFO  segmented.SegmentedRaftLogWorker (SegmentedRaftLogWorker.java:startLogSegment(394)) - 9f78c5ee-b52e-497c-a9a6-ead92f3bbe55@group-3C3929816D5C-SegmentedRaftLogWorker: Starting segment from index:0
2022-03-04 02:16:32,526 [9f78c5ee-b52e-497c-a9a6-ead92f3bbe55@group-3C3929816D5C-SegmentedRaftLogWorker] INFO  segmented.SegmentedRaftLogWorker (SegmentedRaftLogWorker.java:execute(601)) - 9f78c5ee-b52e-497c-a9a6-ead92f3bbe55@group-3C3929816D5C-SegmentedRaftLogWorker: created new log segment /home/runner/work/ozone/ozone/hadoop-ozone/integration-test/target/test-dir/MiniOzoneClusterImpl-ba78f66b-c31d-4d73-90ed-a031934b8290/datanode-2/data/ratis/89534604-4b02-4545-8e94-3c3929816d5c/current/log_inprogress_0
2022-03-04 02:16:32,535 [9f78c5ee-b52e-497c-a9a6-ead92f3bbe55@group-3C3929816D5C-LeaderElection22] INFO  server.RaftServer$Division (ServerState.java:setRaftConf(387)) - 9f78c5ee-b52e-497c-a9a6-ead92f3bbe55@group-3C3929816D5C: set configuration 0: [9f78c5ee-b52e-497c-a9a6-ead92f3bbe55|rpc:127.0.0.1:38517|dataStream:|priority:1], old=null
2022-03-04 02:16:32,560 [Datanode State Machine Daemon Thread] ERROR datanode.RunningDatanodeState (RunningDatanodeState.java:computeNextContainerState(201)) - Error in executing end point task.
java.util.concurrent.ExecutionException: java.util.concurrent.TimeoutException
	at java.util.concurrent.FutureTask.report(FutureTask.java:122)
	at java.util.concurrent.FutureTask.get(FutureTask.java:192)
	at org.apache.hadoop.ozone.container.common.states.datanode.RunningDatanodeState.computeNextContainerState(RunningDatanodeState.java:193)
	at org.apache.hadoop.ozone.container.common.states.datanode.RunningDatanodeState.await(RunningDatanodeState.java:233)
	at org.apache.hadoop.ozone.container.common.states.datanode.RunningDatanodeState.await(RunningDatanodeState.java:50)
	at org.apache.hadoop.ozone.container.common.statemachine.StateContext.execute(StateContext.java:658)
	at org.apache.hadoop.ozone.container.common.statemachine.DatanodeStateMachine.startStateMachineThread(DatanodeStateMachine.java:283)
	at org.apache.hadoop.ozone.container.common.statemachine.DatanodeStateMachine.lambda$startDaemon$0(DatanodeStateMachine.java:471)
	at java.lang.Thread.run(Thread.java:750)
Caused by: java.util.concurrent.TimeoutException
	at java.util.concurrent.FutureTask.get(FutureTask.java:205)
	at org.apache.hadoop.ozone.container.common.states.datanode.RunningDatanodeState.lambda$execute$0(RunningDatanodeState.java:151)
	at java.util.concurrent.FutureTask.run(FutureTask.java:266)
	at java.util.concurrent.Executors$RunnableAdapter.call(Executors.java:511)
	at java.util.concurrent.FutureTask.run(FutureTask.java:266)
	at java.util.concurrent.ThreadPoolExecutor.runWorker(ThreadPoolExecutor.java:1149)
	at java.util.concurrent.ThreadPoolExecutor$Worker.run(ThreadPoolExecutor.java:624)
	... 1 more
2022-03-04 02:16:32,894 [EndpointStateMachine task thread for /127.0.0.1:42491 - 0 ] INFO  ipc.Client (Client.java:handleConnectionFailure(977)) - Retrying connect to server: localhost/127.0.0.1:42491. Already tried 7 time(s); retry policy is RetryUpToMaximumCountWithFixedSleep(maxRetries=15, sleepTime=1000 MILLISECONDS)
2022-03-04 02:16:32,895 [EndpointStateMachine task thread for /127.0.0.1:42427 - 0 ] INFO  ipc.Client (Client.java:handleConnectionFailure(977)) - Retrying connect to server: localhost/127.0.0.1:42427. Already tried 7 time(s); retry policy is RetryUpToMaximumCountWithFixedSleep(maxRetries=15, sleepTime=1000 MILLISECONDS)
2022-03-04 02:16:32,896 [EndpointStateMachine task thread for /127.0.0.1:35517 - 0 ] INFO  ipc.Client (Client.java:handleConnectionFailure(977)) - Retrying connect to server: localhost/127.0.0.1:35517. Already tried 7 time(s); retry policy is RetryUpToMaximumCountWithFixedSleep(maxRetries=15, sleepTime=1000 MILLISECONDS)
2022-03-04 02:16:33,219 [Listener at 127.0.0.1/44533] INFO  ozone.MiniOzoneClusterImpl (MiniOzoneClusterImpl.java:lambda$waitForClusterToBeReady$0(219)) - Nodes are ready. Got 3 of 3 DN Heartbeats.
2022-03-04 02:16:33,220 [Listener at 127.0.0.1/44533] INFO  ozone.MiniOzoneClusterImpl (MiniOzoneClusterImpl.java:lambda$waitForClusterToBeReady$0(222)) - Waiting for cluster to exit safe mode
2022-03-04 02:16:33,220 [Listener at 127.0.0.1/44533] INFO  ozone.MiniOzoneClusterImpl (MiniOzoneClusterImpl.java:lambda$waitForClusterToBeReady$0(224)) - SCM became leader
2022-03-04 02:16:33,563 [Datanode State Machine Daemon Thread] ERROR datanode.RunningDatanodeState (RunningDatanodeState.java:computeNextContainerState(201)) - Error in executing end point task.
java.util.concurrent.ExecutionException: java.util.concurrent.TimeoutException
	at java.util.concurrent.FutureTask.report(FutureTask.java:122)
	at java.util.concurrent.FutureTask.get(FutureTask.java:192)
	at org.apache.hadoop.ozone.container.common.states.datanode.RunningDatanodeState.computeNextContainerState(RunningDatanodeState.java:193)
	at org.apache.hadoop.ozone.container.common.states.datanode.RunningDatanodeState.await(RunningDatanodeState.java:233)
	at org.apache.hadoop.ozone.container.common.states.datanode.RunningDatanodeState.await(RunningDatanodeState.java:50)
	at org.apache.hadoop.ozone.container.common.statemachine.StateContext.execute(StateContext.java:658)
	at org.apache.hadoop.ozone.container.common.statemachine.DatanodeStateMachine.startStateMachineThread(DatanodeStateMachine.java:283)
	at org.apache.hadoop.ozone.container.common.statemachine.DatanodeStateMachine.lambda$startDaemon$0(DatanodeStateMachine.java:471)
	at java.lang.Thread.run(Thread.java:750)
Caused by: java.util.concurrent.TimeoutException
	at java.util.concurrent.FutureTask.get(FutureTask.java:205)
	at org.apache.hadoop.ozone.container.common.states.datanode.RunningDatanodeState.lambda$execute$0(RunningDatanodeState.java:151)
	at java.util.concurrent.FutureTask.run(FutureTask.java:266)
	at java.util.concurrent.Executors$RunnableAdapter.call(Executors.java:511)
	at java.util.concurrent.FutureTask.run(FutureTask.java:266)
	at java.util.concurrent.ThreadPoolExecutor.runWorker(ThreadPoolExecutor.java:1149)
	at java.util.concurrent.ThreadPoolExecutor$Worker.run(ThreadPoolExecutor.java:624)
	... 1 more
2022-03-04 02:16:33,894 [EndpointStateMachine task thread for /127.0.0.1:42491 - 0 ] INFO  ipc.Client (Client.java:handleConnectionFailure(977)) - Retrying connect to server: localhost/127.0.0.1:42491. Already tried 8 time(s); retry policy is RetryUpToMaximumCountWithFixedSleep(maxRetries=15, sleepTime=1000 MILLISECONDS)
2022-03-04 02:16:33,896 [EndpointStateMachine task thread for /127.0.0.1:42427 - 0 ] INFO  ipc.Client (Client.java:handleConnectionFailure(977)) - Retrying connect to server: localhost/127.0.0.1:42427. Already tried 8 time(s); retry policy is RetryUpToMaximumCountWithFixedSleep(maxRetries=15, sleepTime=1000 MILLISECONDS)
2022-03-04 02:16:33,896 [EndpointStateMachine task thread for /127.0.0.1:35517 - 0 ] INFO  ipc.Client (Client.java:handleConnectionFailure(977)) - Retrying connect to server: localhost/127.0.0.1:35517. Already tried 8 time(s); retry policy is RetryUpToMaximumCountWithFixedSleep(maxRetries=15, sleepTime=1000 MILLISECONDS)
2022-03-04 02:16:33,913 [Datanode State Machine Daemon Thread] ERROR datanode.RunningDatanodeState (RunningDatanodeState.java:computeNextContainerState(201)) - Error in executing end point task.
java.util.concurrent.ExecutionException: java.util.concurrent.TimeoutException
	at java.util.concurrent.FutureTask.report(FutureTask.java:122)
	at java.util.concurrent.FutureTask.get(FutureTask.java:192)
	at org.apache.hadoop.ozone.container.common.states.datanode.RunningDatanodeState.computeNextContainerState(RunningDatanodeState.java:193)
	at org.apache.hadoop.ozone.container.common.states.datanode.RunningDatanodeState.await(RunningDatanodeState.java:233)
	at org.apache.hadoop.ozone.container.common.states.datanode.RunningDatanodeState.await(RunningDatanodeState.java:50)
	at org.apache.hadoop.ozone.container.common.statemachine.StateContext.execute(StateContext.java:658)
	at org.apache.hadoop.ozone.container.common.statemachine.DatanodeStateMachine.startStateMachineThread(DatanodeStateMachine.java:283)
	at org.apache.hadoop.ozone.container.common.statemachine.DatanodeStateMachine.lambda$startDaemon$0(DatanodeStateMachine.java:471)
	at java.lang.Thread.run(Thread.java:750)
Caused by: java.util.concurrent.TimeoutException
	at java.util.concurrent.FutureTask.get(FutureTask.java:205)
	at org.apache.hadoop.ozone.container.common.states.datanode.RunningDatanodeState.lambda$execute$0(RunningDatanodeState.java:151)
	at java.util.concurrent.FutureTask.run(FutureTask.java:266)
	at java.util.concurrent.Executors$RunnableAdapter.call(Executors.java:511)
	at java.util.concurrent.FutureTask.run(FutureTask.java:266)
	at java.util.concurrent.ThreadPoolExecutor.runWorker(ThreadPoolExecutor.java:1149)
	at java.util.concurrent.ThreadPoolExecutor$Worker.run(ThreadPoolExecutor.java:624)
	... 1 more
2022-03-04 02:16:34,220 [Listener at 127.0.0.1/44533] INFO  ozone.MiniOzoneClusterImpl (MiniOzoneClusterImpl.java:lambda$waitForClusterToBeReady$0(219)) - Nodes are ready. Got 3 of 3 DN Heartbeats.
2022-03-04 02:16:34,221 [Listener at 127.0.0.1/44533] INFO  ozone.MiniOzoneClusterImpl (MiniOzoneClusterImpl.java:lambda$waitForClusterToBeReady$0(222)) - Waiting for cluster to exit safe mode
2022-03-04 02:16:34,221 [Listener at 127.0.0.1/44533] INFO  ozone.MiniOzoneClusterImpl (MiniOzoneClusterImpl.java:lambda$waitForClusterToBeReady$0(224)) - SCM became leader
2022-03-04 02:16:34,513 [Datanode State Machine Daemon Thread] ERROR datanode.RunningDatanodeState (RunningDatanodeState.java:computeNextContainerState(201)) - Error in executing end point task.
java.util.concurrent.ExecutionException: java.util.concurrent.TimeoutException
	at java.util.concurrent.FutureTask.report(FutureTask.java:122)
	at java.util.concurrent.FutureTask.get(FutureTask.java:192)
	at org.apache.hadoop.ozone.container.common.states.datanode.RunningDatanodeState.computeNextContainerState(RunningDatanodeState.java:193)
	at org.apache.hadoop.ozone.container.common.states.datanode.RunningDatanodeState.await(RunningDatanodeState.java:233)
	at org.apache.hadoop.ozone.container.common.states.datanode.RunningDatanodeState.await(RunningDatanodeState.java:50)
	at org.apache.hadoop.ozone.container.common.statemachine.StateContext.execute(StateContext.java:658)
	at org.apache.hadoop.ozone.container.common.statemachine.DatanodeStateMachine.startStateMachineThread(DatanodeStateMachine.java:283)
	at org.apache.hadoop.ozone.container.common.statemachine.DatanodeStateMachine.lambda$startDaemon$0(DatanodeStateMachine.java:471)
	at java.lang.Thread.run(Thread.java:750)
Caused by: java.util.concurrent.TimeoutException
	at java.util.concurrent.FutureTask.get(FutureTask.java:205)
	at org.apache.hadoop.ozone.container.common.states.datanode.RunningDatanodeState.lambda$execute$0(RunningDatanodeState.java:151)
	at java.util.concurrent.FutureTask.run(FutureTask.java:266)
	at java.util.concurrent.Executors$RunnableAdapter.call(Executors.java:511)
	at java.util.concurrent.FutureTask.run(FutureTask.java:266)
	at java.util.concurrent.ThreadPoolExecutor.runWorker(ThreadPoolExecutor.java:1149)
	at java.util.concurrent.ThreadPoolExecutor$Worker.run(ThreadPoolExecutor.java:624)
	... 1 more
2022-03-04 02:16:34,895 [EndpointStateMachine task thread for /127.0.0.1:42491 - 0 ] INFO  ipc.Client (Client.java:handleConnectionFailure(977)) - Retrying connect to server: localhost/127.0.0.1:42491. Already tried 9 time(s); retry policy is RetryUpToMaximumCountWithFixedSleep(maxRetries=15, sleepTime=1000 MILLISECONDS)
2022-03-04 02:16:34,896 [EndpointStateMachine task thread for /127.0.0.1:42427 - 0 ] INFO  ipc.Client (Client.java:handleConnectionFailure(977)) - Retrying connect to server: localhost/127.0.0.1:42427. Already tried 9 time(s); retry policy is RetryUpToMaximumCountWithFixedSleep(maxRetries=15, sleepTime=1000 MILLISECONDS)
2022-03-04 02:16:34,896 [EndpointStateMachine task thread for /127.0.0.1:35517 - 0 ] INFO  ipc.Client (Client.java:handleConnectionFailure(977)) - Retrying connect to server: localhost/127.0.0.1:35517. Already tried 9 time(s); retry policy is RetryUpToMaximumCountWithFixedSleep(maxRetries=15, sleepTime=1000 MILLISECONDS)
2022-03-04 02:16:35,221 [Listener at 127.0.0.1/44533] INFO  ozone.MiniOzoneClusterImpl (MiniOzoneClusterImpl.java:lambda$waitForClusterToBeReady$0(219)) - Nodes are ready. Got 3 of 3 DN Heartbeats.
2022-03-04 02:16:35,221 [Listener at 127.0.0.1/44533] INFO  ozone.MiniOzoneClusterImpl (MiniOzoneClusterImpl.java:lambda$waitForClusterToBeReady$0(222)) - Waiting for cluster to exit safe mode
2022-03-04 02:16:35,221 [Listener at 127.0.0.1/44533] INFO  ozone.MiniOzoneClusterImpl (MiniOzoneClusterImpl.java:lambda$waitForClusterToBeReady$0(224)) - SCM became leader
2022-03-04 02:16:35,896 [EndpointStateMachine task thread for /127.0.0.1:42491 - 0 ] INFO  ipc.Client (Client.java:handleConnectionFailure(977)) - Retrying connect to server: localhost/127.0.0.1:42491. Already tried 10 time(s); retry policy is RetryUpToMaximumCountWithFixedSleep(maxRetries=15, sleepTime=1000 MILLISECONDS)
2022-03-04 02:16:35,897 [EndpointStateMachine task thread for /127.0.0.1:42427 - 0 ] INFO  ipc.Client (Client.java:handleConnectionFailure(977)) - Retrying connect to server: localhost/127.0.0.1:42427. Already tried 10 time(s); retry policy is RetryUpToMaximumCountWithFixedSleep(maxRetries=15, sleepTime=1000 MILLISECONDS)
2022-03-04 02:16:35,897 [EndpointStateMachine task thread for /127.0.0.1:35517 - 0 ] INFO  ipc.Client (Client.java:handleConnectionFailure(977)) - Retrying connect to server: localhost/127.0.0.1:35517. Already tried 10 time(s); retry policy is RetryUpToMaximumCountWithFixedSleep(maxRetries=15, sleepTime=1000 MILLISECONDS)
2022-03-04 02:16:35,915 [Datanode State Machine Daemon Thread] ERROR datanode.RunningDatanodeState (RunningDatanodeState.java:computeNextContainerState(201)) - Error in executing end point task.
java.util.concurrent.ExecutionException: java.util.concurrent.TimeoutException
	at java.util.concurrent.FutureTask.report(FutureTask.java:122)
	at java.util.concurrent.FutureTask.get(FutureTask.java:192)
	at org.apache.hadoop.ozone.container.common.states.datanode.RunningDatanodeState.computeNextContainerState(RunningDatanodeState.java:193)
	at org.apache.hadoop.ozone.container.common.states.datanode.RunningDatanodeState.await(RunningDatanodeState.java:233)
	at org.apache.hadoop.ozone.container.common.states.datanode.RunningDatanodeState.await(RunningDatanodeState.java:50)
	at org.apache.hadoop.ozone.container.common.statemachine.StateContext.execute(StateContext.java:658)
	at org.apache.hadoop.ozone.container.common.statemachine.DatanodeStateMachine.startStateMachineThread(DatanodeStateMachine.java:283)
	at org.apache.hadoop.ozone.container.common.statemachine.DatanodeStateMachine.lambda$startDaemon$0(DatanodeStateMachine.java:471)
	at java.lang.Thread.run(Thread.java:750)
Caused by: java.util.concurrent.TimeoutException
	at java.util.concurrent.FutureTask.get(FutureTask.java:205)
	at org.apache.hadoop.ozone.container.common.states.datanode.RunningDatanodeState.lambda$execute$0(RunningDatanodeState.java:151)
	at java.util.concurrent.FutureTask.run(FutureTask.java:266)
	at java.util.concurrent.Executors$RunnableAdapter.call(Executors.java:511)
	at java.util.concurrent.FutureTask.run(FutureTask.java:266)
	at java.util.concurrent.ThreadPoolExecutor.runWorker(ThreadPoolExecutor.java:1149)
	at java.util.concurrent.ThreadPoolExecutor$Worker.run(ThreadPoolExecutor.java:624)
	... 1 more
2022-03-04 02:16:36,222 [Listener at 127.0.0.1/44533] INFO  ozone.MiniOzoneClusterImpl (MiniOzoneClusterImpl.java:lambda$waitForClusterToBeReady$0(219)) - Nodes are ready. Got 3 of 3 DN Heartbeats.
2022-03-04 02:16:36,222 [Listener at 127.0.0.1/44533] INFO  ozone.MiniOzoneClusterImpl (MiniOzoneClusterImpl.java:lambda$waitForClusterToBeReady$0(222)) - Waiting for cluster to exit safe mode
2022-03-04 02:16:36,222 [Listener at 127.0.0.1/44533] INFO  ozone.MiniOzoneClusterImpl (MiniOzoneClusterImpl.java:lambda$waitForClusterToBeReady$0(224)) - SCM became leader
2022-03-04 02:16:36,564 [Datanode State Machine Daemon Thread] ERROR datanode.RunningDatanodeState (RunningDatanodeState.java:computeNextContainerState(201)) - Error in executing end point task.
java.util.concurrent.ExecutionException: java.util.concurrent.TimeoutException
	at java.util.concurrent.FutureTask.report(FutureTask.java:122)
	at java.util.concurrent.FutureTask.get(FutureTask.java:192)
	at org.apache.hadoop.ozone.container.common.states.datanode.RunningDatanodeState.computeNextContainerState(RunningDatanodeState.java:193)
	at org.apache.hadoop.ozone.container.common.states.datanode.RunningDatanodeState.await(RunningDatanodeState.java:233)
	at org.apache.hadoop.ozone.container.common.states.datanode.RunningDatanodeState.await(RunningDatanodeState.java:50)
	at org.apache.hadoop.ozone.container.common.statemachine.StateContext.execute(StateContext.java:658)
	at org.apache.hadoop.ozone.container.common.statemachine.DatanodeStateMachine.startStateMachineThread(DatanodeStateMachine.java:283)
	at org.apache.hadoop.ozone.container.common.statemachine.DatanodeStateMachine.lambda$startDaemon$0(DatanodeStateMachine.java:471)
	at java.lang.Thread.run(Thread.java:750)
Caused by: java.util.concurrent.TimeoutException
	at java.util.concurrent.FutureTask.get(FutureTask.java:205)
	at org.apache.hadoop.ozone.container.common.states.datanode.RunningDatanodeState.lambda$execute$0(RunningDatanodeState.java:151)
	at java.util.concurrent.FutureTask.run(FutureTask.java:266)
	at java.util.concurrent.Executors$RunnableAdapter.call(Executors.java:511)
	at java.util.concurrent.FutureTask.run(FutureTask.java:266)
	at java.util.concurrent.ThreadPoolExecutor.runWorker(ThreadPoolExecutor.java:1149)
	at java.util.concurrent.ThreadPoolExecutor$Worker.run(ThreadPoolExecutor.java:624)
	... 1 more
2022-03-04 02:16:36,650 [f00d6bae-b380-4908-b4bb-8059ffec7328@group-F68A9A66EFBB-FollowerState] INFO  impl.FollowerState (FollowerState.java:run(134)) - f00d6bae-b380-4908-b4bb-8059ffec7328@group-F68A9A66EFBB-FollowerState: change to CANDIDATE, lastRpcElapsedTime:5029189670ns, electionTimeout:5019ms
2022-03-04 02:16:36,651 [f00d6bae-b380-4908-b4bb-8059ffec7328@group-F68A9A66EFBB-FollowerState] INFO  impl.RoleInfo (RoleInfo.java:shutdownFollowerState(108)) - f00d6bae-b380-4908-b4bb-8059ffec7328: shutdown f00d6bae-b380-4908-b4bb-8059ffec7328@group-F68A9A66EFBB-FollowerState
2022-03-04 02:16:36,651 [f00d6bae-b380-4908-b4bb-8059ffec7328@group-F68A9A66EFBB-FollowerState] INFO  server.RaftServer$Division (RaftServerImpl.java:setRole(290)) - f00d6bae-b380-4908-b4bb-8059ffec7328@group-F68A9A66EFBB: changes role from  FOLLOWER to CANDIDATE at term 1 for changeToCandidate
2022-03-04 02:16:36,651 [f00d6bae-b380-4908-b4bb-8059ffec7328@group-F68A9A66EFBB-FollowerState] INFO  server.RaftServerConfigKeys (ConfUtils.java:logGet(44)) - raft.server.leaderelection.pre-vote = false (custom)
2022-03-04 02:16:36,651 [f00d6bae-b380-4908-b4bb-8059ffec7328@group-F68A9A66EFBB-FollowerState] INFO  impl.RoleInfo (RoleInfo.java:updateAndGet(130)) - f00d6bae-b380-4908-b4bb-8059ffec7328: start f00d6bae-b380-4908-b4bb-8059ffec7328@group-F68A9A66EFBB-LeaderElection23
2022-03-04 02:16:36,666 [f00d6bae-b380-4908-b4bb-8059ffec7328@group-F68A9A66EFBB-LeaderElection23] INFO  impl.LeaderElection (LeaderElection.java:askForVotes(306)) - f00d6bae-b380-4908-b4bb-8059ffec7328@group-F68A9A66EFBB-LeaderElection23 ELECTION round 0: submit vote requests at term 2 for -1: [58268bb1-183d-4eef-863f-1633152e0ae0|rpc:127.0.0.1:34573|priority:0, f00d6bae-b380-4908-b4bb-8059ffec7328|rpc:127.0.0.1:36009|priority:0, 9f78c5ee-b52e-497c-a9a6-ead92f3bbe55|rpc:127.0.0.1:38517|priority:1], old=null
2022-03-04 02:16:36,686 [grpc-default-executor-0] INFO  server.RaftServer$Division (RaftServerImpl.java:requestVote(1046)) - 58268bb1-183d-4eef-863f-1633152e0ae0@group-F68A9A66EFBB: receive requestVote(ELECTION, f00d6bae-b380-4908-b4bb-8059ffec7328, group-F68A9A66EFBB, 2, (t:0, i:0))
2022-03-04 02:16:36,686 [grpc-default-executor-0] INFO  impl.VoteContext (VoteContext.java:log(48)) - 58268bb1-183d-4eef-863f-1633152e0ae0@group-F68A9A66EFBB-FOLLOWER: accept ELECTION from f00d6bae-b380-4908-b4bb-8059ffec7328: our priority 0 <= candidate's priority 0
2022-03-04 02:16:36,686 [grpc-default-executor-0] INFO  server.RaftServer$Division (RaftServerImpl.java:setRole(290)) - 58268bb1-183d-4eef-863f-1633152e0ae0@group-F68A9A66EFBB: changes role from  FOLLOWER to FOLLOWER at term 2 for candidate:f00d6bae-b380-4908-b4bb-8059ffec7328
2022-03-04 02:16:36,686 [grpc-default-executor-0] INFO  impl.RoleInfo (RoleInfo.java:shutdownFollowerState(108)) - 58268bb1-183d-4eef-863f-1633152e0ae0: shutdown 58268bb1-183d-4eef-863f-1633152e0ae0@group-F68A9A66EFBB-FollowerState
2022-03-04 02:16:36,686 [grpc-default-executor-0] INFO  impl.RoleInfo (RoleInfo.java:updateAndGet(130)) - 58268bb1-183d-4eef-863f-1633152e0ae0: start 58268bb1-183d-4eef-863f-1633152e0ae0@group-F68A9A66EFBB-FollowerState
2022-03-04 02:16:36,687 [58268bb1-183d-4eef-863f-1633152e0ae0@group-F68A9A66EFBB-FollowerState] INFO  impl.FollowerState (FollowerState.java:run(143)) - 58268bb1-183d-4eef-863f-1633152e0ae0@group-F68A9A66EFBB-FollowerState was interrupted: {}
java.lang.InterruptedException: sleep interrupted
	at java.lang.Thread.sleep(Native Method)
	at java.lang.Thread.sleep(Thread.java:342)
	at java.util.concurrent.TimeUnit.sleep(TimeUnit.java:386)
	at org.apache.ratis.util.TimeDuration.sleep(TimeDuration.java:324)
	at org.apache.ratis.util.TimeDuration.sleep(TimeDuration.java:309)
	at org.apache.ratis.server.impl.FollowerState.run(FollowerState.java:118)
2022-03-04 02:16:36,695 [grpc-default-executor-0] INFO  server.RaftServer$Division (RaftServerImpl.java:requestVote(1078)) - 58268bb1-183d-4eef-863f-1633152e0ae0@group-F68A9A66EFBB replies to ELECTION vote request: f00d6bae-b380-4908-b4bb-8059ffec7328<-58268bb1-183d-4eef-863f-1633152e0ae0#0:OK-t2. Peer's state: 58268bb1-183d-4eef-863f-1633152e0ae0@group-F68A9A66EFBB:t2, leader=null, voted=f00d6bae-b380-4908-b4bb-8059ffec7328, raftlog=58268bb1-183d-4eef-863f-1633152e0ae0@group-F68A9A66EFBB-SegmentedRaftLog:OPENED:c-1, conf=-1: [58268bb1-183d-4eef-863f-1633152e0ae0|rpc:127.0.0.1:34573|dataStream:|priority:0, f00d6bae-b380-4908-b4bb-8059ffec7328|rpc:127.0.0.1:36009|dataStream:|priority:0, 9f78c5ee-b52e-497c-a9a6-ead92f3bbe55|rpc:127.0.0.1:38517|dataStream:|priority:1], old=null
2022-03-04 02:16:36,715 [grpc-default-executor-0] INFO  server.RaftServer$Division (RaftServerImpl.java:requestVote(1046)) - 9f78c5ee-b52e-497c-a9a6-ead92f3bbe55@group-F68A9A66EFBB: receive requestVote(ELECTION, f00d6bae-b380-4908-b4bb-8059ffec7328, group-F68A9A66EFBB, 2, (t:0, i:0))
2022-03-04 02:16:36,715 [grpc-default-executor-0] INFO  impl.VoteContext (VoteContext.java:log(48)) - 9f78c5ee-b52e-497c-a9a6-ead92f3bbe55@group-F68A9A66EFBB-FOLLOWER: reject ELECTION from f00d6bae-b380-4908-b4bb-8059ffec7328: our priority 1 > candidate's priority 0
2022-03-04 02:16:36,716 [grpc-default-executor-0] INFO  server.RaftServer$Division (RaftServerImpl.java:setRole(290)) - 9f78c5ee-b52e-497c-a9a6-ead92f3bbe55@group-F68A9A66EFBB: changes role from  FOLLOWER to FOLLOWER at term 2 for candidate:f00d6bae-b380-4908-b4bb-8059ffec7328
2022-03-04 02:16:36,716 [grpc-default-executor-0] INFO  impl.RoleInfo (RoleInfo.java:shutdownFollowerState(108)) - 9f78c5ee-b52e-497c-a9a6-ead92f3bbe55: shutdown 9f78c5ee-b52e-497c-a9a6-ead92f3bbe55@group-F68A9A66EFBB-FollowerState
2022-03-04 02:16:36,716 [grpc-default-executor-0] INFO  impl.RoleInfo (RoleInfo.java:updateAndGet(130)) - 9f78c5ee-b52e-497c-a9a6-ead92f3bbe55: start 9f78c5ee-b52e-497c-a9a6-ead92f3bbe55@group-F68A9A66EFBB-FollowerState
2022-03-04 02:16:36,716 [9f78c5ee-b52e-497c-a9a6-ead92f3bbe55@group-F68A9A66EFBB-FollowerState] INFO  impl.FollowerState (FollowerState.java:run(143)) - 9f78c5ee-b52e-497c-a9a6-ead92f3bbe55@group-F68A9A66EFBB-FollowerState was interrupted: {}
java.lang.InterruptedException: sleep interrupted
	at java.lang.Thread.sleep(Native Method)
	at java.lang.Thread.sleep(Thread.java:342)
	at java.util.concurrent.TimeUnit.sleep(TimeUnit.java:386)
	at org.apache.ratis.util.TimeDuration.sleep(TimeDuration.java:324)
	at org.apache.ratis.util.TimeDuration.sleep(TimeDuration.java:309)
	at org.apache.ratis.server.impl.FollowerState.run(FollowerState.java:118)
2022-03-04 02:16:36,718 [grpc-default-executor-0] INFO  server.RaftServer$Division (RaftServerImpl.java:requestVote(1078)) - 9f78c5ee-b52e-497c-a9a6-ead92f3bbe55@group-F68A9A66EFBB replies to ELECTION vote request: f00d6bae-b380-4908-b4bb-8059ffec7328<-9f78c5ee-b52e-497c-a9a6-ead92f3bbe55#0:FAIL-t2. Peer's state: 9f78c5ee-b52e-497c-a9a6-ead92f3bbe55@group-F68A9A66EFBB:t2, leader=null, voted=null, raftlog=9f78c5ee-b52e-497c-a9a6-ead92f3bbe55@group-F68A9A66EFBB-SegmentedRaftLog:OPENED:c-1, conf=-1: [58268bb1-183d-4eef-863f-1633152e0ae0|rpc:127.0.0.1:34573|dataStream:|priority:0, f00d6bae-b380-4908-b4bb-8059ffec7328|rpc:127.0.0.1:36009|dataStream:|priority:0, 9f78c5ee-b52e-497c-a9a6-ead92f3bbe55|rpc:127.0.0.1:38517|dataStream:|priority:1], old=null
2022-03-04 02:16:36,719 [f00d6bae-b380-4908-b4bb-8059ffec7328@group-F68A9A66EFBB-LeaderElection23] INFO  impl.LeaderElection (LeaderElection.java:logAndReturn(89)) - f00d6bae-b380-4908-b4bb-8059ffec7328@group-F68A9A66EFBB-LeaderElection23: ELECTION REJECTED received 2 response(s) and 0 exception(s):
2022-03-04 02:16:36,719 [f00d6bae-b380-4908-b4bb-8059ffec7328@group-F68A9A66EFBB-LeaderElection23] INFO  impl.LeaderElection (LeaderElection.java:logAndReturn(93)) -   Response 0: f00d6bae-b380-4908-b4bb-8059ffec7328<-58268bb1-183d-4eef-863f-1633152e0ae0#0:OK-t2
2022-03-04 02:16:36,719 [f00d6bae-b380-4908-b4bb-8059ffec7328@group-F68A9A66EFBB-LeaderElection23] INFO  impl.LeaderElection (LeaderElection.java:logAndReturn(93)) -   Response 1: f00d6bae-b380-4908-b4bb-8059ffec7328<-9f78c5ee-b52e-497c-a9a6-ead92f3bbe55#0:FAIL-t2
2022-03-04 02:16:36,719 [f00d6bae-b380-4908-b4bb-8059ffec7328@group-F68A9A66EFBB-LeaderElection23] INFO  impl.LeaderElection (LeaderElection.java:askForVotes(308)) - f00d6bae-b380-4908-b4bb-8059ffec7328@group-F68A9A66EFBB-LeaderElection23 ELECTION round 0: result REJECTED
2022-03-04 02:16:36,720 [f00d6bae-b380-4908-b4bb-8059ffec7328@group-F68A9A66EFBB-LeaderElection23] INFO  server.RaftServer$Division (RaftServerImpl.java:setRole(290)) - f00d6bae-b380-4908-b4bb-8059ffec7328@group-F68A9A66EFBB: changes role from CANDIDATE to FOLLOWER at term 2 for REJECTED
2022-03-04 02:16:36,720 [f00d6bae-b380-4908-b4bb-8059ffec7328@group-F68A9A66EFBB-LeaderElection23] INFO  impl.RoleInfo (RoleInfo.java:shutdownLeaderElection(121)) - f00d6bae-b380-4908-b4bb-8059ffec7328: shutdown f00d6bae-b380-4908-b4bb-8059ffec7328@group-F68A9A66EFBB-LeaderElection23
2022-03-04 02:16:36,720 [f00d6bae-b380-4908-b4bb-8059ffec7328@group-F68A9A66EFBB-LeaderElection23] INFO  impl.RoleInfo (RoleInfo.java:updateAndGet(130)) - f00d6bae-b380-4908-b4bb-8059ffec7328: start f00d6bae-b380-4908-b4bb-8059ffec7328@group-F68A9A66EFBB-FollowerState
2022-03-04 02:16:36,896 [EndpointStateMachine task thread for /127.0.0.1:42491 - 0 ] INFO  ipc.Client (Client.java:handleConnectionFailure(977)) - Retrying connect to server: localhost/127.0.0.1:42491. Already tried 11 time(s); retry policy is RetryUpToMaximumCountWithFixedSleep(maxRetries=15, sleepTime=1000 MILLISECONDS)
2022-03-04 02:16:36,897 [EndpointStateMachine task thread for /127.0.0.1:42427 - 0 ] INFO  ipc.Client (Client.java:handleConnectionFailure(977)) - Retrying connect to server: localhost/127.0.0.1:42427. Already tried 11 time(s); retry policy is RetryUpToMaximumCountWithFixedSleep(maxRetries=15, sleepTime=1000 MILLISECONDS)
2022-03-04 02:16:36,897 [EndpointStateMachine task thread for /127.0.0.1:35517 - 0 ] INFO  ipc.Client (Client.java:handleConnectionFailure(977)) - Retrying connect to server: localhost/127.0.0.1:35517. Already tried 11 time(s); retry policy is RetryUpToMaximumCountWithFixedSleep(maxRetries=15, sleepTime=1000 MILLISECONDS)
2022-03-04 02:16:36,923 [58268bb1-183d-4eef-863f-1633152e0ae0@group-9A60D3FB85E9-FollowerState] INFO  impl.FollowerState (FollowerState.java:run(134)) - 58268bb1-183d-4eef-863f-1633152e0ae0@group-9A60D3FB85E9-FollowerState: change to CANDIDATE, lastRpcElapsedTime:5050138101ns, electionTimeout:5029ms
2022-03-04 02:16:36,924 [58268bb1-183d-4eef-863f-1633152e0ae0@group-9A60D3FB85E9-FollowerState] INFO  impl.RoleInfo (RoleInfo.java:shutdownFollowerState(108)) - 58268bb1-183d-4eef-863f-1633152e0ae0: shutdown 58268bb1-183d-4eef-863f-1633152e0ae0@group-9A60D3FB85E9-FollowerState
2022-03-04 02:16:36,924 [58268bb1-183d-4eef-863f-1633152e0ae0@group-9A60D3FB85E9-FollowerState] INFO  server.RaftServer$Division (RaftServerImpl.java:setRole(290)) - 58268bb1-183d-4eef-863f-1633152e0ae0@group-9A60D3FB85E9: changes role from  FOLLOWER to CANDIDATE at term 1 for changeToCandidate
2022-03-04 02:16:36,924 [58268bb1-183d-4eef-863f-1633152e0ae0@group-9A60D3FB85E9-FollowerState] INFO  server.RaftServerConfigKeys (ConfUtils.java:logGet(44)) - raft.server.leaderelection.pre-vote = false (custom)
2022-03-04 02:16:36,924 [58268bb1-183d-4eef-863f-1633152e0ae0@group-9A60D3FB85E9-FollowerState] INFO  impl.RoleInfo (RoleInfo.java:updateAndGet(130)) - 58268bb1-183d-4eef-863f-1633152e0ae0: start 58268bb1-183d-4eef-863f-1633152e0ae0@group-9A60D3FB85E9-LeaderElection24
2022-03-04 02:16:36,940 [58268bb1-183d-4eef-863f-1633152e0ae0@group-9A60D3FB85E9-LeaderElection24] INFO  impl.LeaderElection (LeaderElection.java:askForVotes(306)) - 58268bb1-183d-4eef-863f-1633152e0ae0@group-9A60D3FB85E9-LeaderElection24 ELECTION round 0: submit vote requests at term 2 for -1: [58268bb1-183d-4eef-863f-1633152e0ae0|rpc:127.0.0.1:34573|dataStream:|priority:1, f00d6bae-b380-4908-b4bb-8059ffec7328|rpc:127.0.0.1:36009|dataStream:|priority:0, 9f78c5ee-b52e-497c-a9a6-ead92f3bbe55|rpc:127.0.0.1:38517|dataStream:|priority:0], old=null
2022-03-04 02:16:36,968 [grpc-default-executor-0] INFO  server.RaftServer$Division (RaftServerImpl.java:requestVote(1046)) - f00d6bae-b380-4908-b4bb-8059ffec7328@group-9A60D3FB85E9: receive requestVote(ELECTION, 58268bb1-183d-4eef-863f-1633152e0ae0, group-9A60D3FB85E9, 2, (t:0, i:0))
2022-03-04 02:16:36,969 [grpc-default-executor-0] INFO  impl.VoteContext (VoteContext.java:log(48)) - f00d6bae-b380-4908-b4bb-8059ffec7328@group-9A60D3FB85E9-FOLLOWER: accept ELECTION from 58268bb1-183d-4eef-863f-1633152e0ae0: our priority 0 <= candidate's priority 1
2022-03-04 02:16:36,970 [grpc-default-executor-0] INFO  server.RaftServer$Division (RaftServerImpl.java:setRole(290)) - f00d6bae-b380-4908-b4bb-8059ffec7328@group-9A60D3FB85E9: changes role from  FOLLOWER to FOLLOWER at term 2 for candidate:58268bb1-183d-4eef-863f-1633152e0ae0
2022-03-04 02:16:36,970 [grpc-default-executor-0] INFO  impl.RoleInfo (RoleInfo.java:shutdownFollowerState(108)) - f00d6bae-b380-4908-b4bb-8059ffec7328: shutdown f00d6bae-b380-4908-b4bb-8059ffec7328@group-9A60D3FB85E9-FollowerState
2022-03-04 02:16:36,970 [grpc-default-executor-0] INFO  impl.RoleInfo (RoleInfo.java:updateAndGet(130)) - f00d6bae-b380-4908-b4bb-8059ffec7328: start f00d6bae-b380-4908-b4bb-8059ffec7328@group-9A60D3FB85E9-FollowerState
2022-03-04 02:16:36,970 [f00d6bae-b380-4908-b4bb-8059ffec7328@group-9A60D3FB85E9-FollowerState] INFO  impl.FollowerState (FollowerState.java:run(143)) - f00d6bae-b380-4908-b4bb-8059ffec7328@group-9A60D3FB85E9-FollowerState was interrupted: {}
java.lang.InterruptedException: sleep interrupted
	at java.lang.Thread.sleep(Native Method)
	at java.lang.Thread.sleep(Thread.java:342)
	at java.util.concurrent.TimeUnit.sleep(TimeUnit.java:386)
	at org.apache.ratis.util.TimeDuration.sleep(TimeDuration.java:324)
	at org.apache.ratis.util.TimeDuration.sleep(TimeDuration.java:309)
	at org.apache.ratis.server.impl.FollowerState.run(FollowerState.java:118)
2022-03-04 02:16:36,994 [grpc-default-executor-0] INFO  server.RaftServer$Division (RaftServerImpl.java:requestVote(1078)) - f00d6bae-b380-4908-b4bb-8059ffec7328@group-9A60D3FB85E9 replies to ELECTION vote request: 58268bb1-183d-4eef-863f-1633152e0ae0<-f00d6bae-b380-4908-b4bb-8059ffec7328#0:OK-t2. Peer's state: f00d6bae-b380-4908-b4bb-8059ffec7328@group-9A60D3FB85E9:t2, leader=null, voted=58268bb1-183d-4eef-863f-1633152e0ae0, raftlog=f00d6bae-b380-4908-b4bb-8059ffec7328@group-9A60D3FB85E9-SegmentedRaftLog:OPENED:c-1, conf=-1: [58268bb1-183d-4eef-863f-1633152e0ae0|rpc:127.0.0.1:34573|priority:1, f00d6bae-b380-4908-b4bb-8059ffec7328|rpc:127.0.0.1:36009|priority:0, 9f78c5ee-b52e-497c-a9a6-ead92f3bbe55|rpc:127.0.0.1:38517|priority:0], old=null
2022-03-04 02:16:36,997 [58268bb1-183d-4eef-863f-1633152e0ae0@group-9A60D3FB85E9-LeaderElection24] INFO  impl.LeaderElection (LeaderElection.java:logAndReturn(89)) - 58268bb1-183d-4eef-863f-1633152e0ae0@group-9A60D3FB85E9-LeaderElection24: ELECTION PASSED received 1 response(s) and 0 exception(s):
2022-03-04 02:16:36,997 [58268bb1-183d-4eef-863f-1633152e0ae0@group-9A60D3FB85E9-LeaderElection24] INFO  impl.LeaderElection (LeaderElection.java:logAndReturn(93)) -   Response 0: 58268bb1-183d-4eef-863f-1633152e0ae0<-f00d6bae-b380-4908-b4bb-8059ffec7328#0:OK-t2
2022-03-04 02:16:36,997 [58268bb1-183d-4eef-863f-1633152e0ae0@group-9A60D3FB85E9-LeaderElection24] INFO  impl.LeaderElection (LeaderElection.java:askForVotes(308)) - 58268bb1-183d-4eef-863f-1633152e0ae0@group-9A60D3FB85E9-LeaderElection24 ELECTION round 0: result PASSED
2022-03-04 02:16:36,997 [58268bb1-183d-4eef-863f-1633152e0ae0@group-9A60D3FB85E9-LeaderElection24] INFO  impl.RoleInfo (RoleInfo.java:shutdownLeaderElection(121)) - 58268bb1-183d-4eef-863f-1633152e0ae0: shutdown 58268bb1-183d-4eef-863f-1633152e0ae0@group-9A60D3FB85E9-LeaderElection24
2022-03-04 02:16:36,997 [58268bb1-183d-4eef-863f-1633152e0ae0@group-9A60D3FB85E9-LeaderElection24] INFO  server.RaftServer$Division (RaftServerImpl.java:setRole(290)) - 58268bb1-183d-4eef-863f-1633152e0ae0@group-9A60D3FB85E9: changes role from CANDIDATE to LEADER at term 2 for changeToLeader
2022-03-04 02:16:36,998 [58268bb1-183d-4eef-863f-1633152e0ae0@group-9A60D3FB85E9-LeaderElection24] INFO  ratis.XceiverServerRatis (XceiverServerRatis.java:handleLeaderChangedNotification(867)) - Leader change notification received for group: group-9A60D3FB85E9 with new leaderId: 58268bb1-183d-4eef-863f-1633152e0ae0
2022-03-04 02:16:36,998 [58268bb1-183d-4eef-863f-1633152e0ae0@group-9A60D3FB85E9-LeaderElection24] INFO  server.RaftServer$Division (ServerState.java:setLeader(285)) - 58268bb1-183d-4eef-863f-1633152e0ae0@group-9A60D3FB85E9: change Leader from null to 58268bb1-183d-4eef-863f-1633152e0ae0 at term 2 for becomeLeader, leader elected after 10269ms
2022-03-04 02:16:36,998 [58268bb1-183d-4eef-863f-1633152e0ae0@group-9A60D3FB85E9-LeaderElection24] INFO  server.RaftServerConfigKeys (ConfUtils.java:logGet(44)) - raft.server.staging.catchup.gap = 1000 (default)
2022-03-04 02:16:36,998 [58268bb1-183d-4eef-863f-1633152e0ae0@group-9A60D3FB85E9-LeaderElection24] INFO  server.RaftServerConfigKeys (ConfUtils.java:logGet(44)) - raft.server.write.element-limit = 1024 (custom)
2022-03-04 02:16:36,998 [58268bb1-183d-4eef-863f-1633152e0ae0@group-9A60D3FB85E9-LeaderElection24] INFO  server.RaftServerConfigKeys (ConfUtils.java:logGet(44)) - raft.server.write.byte-limit = 1024 M (=1073741824) (custom)
2022-03-04 02:16:36,998 [58268bb1-183d-4eef-863f-1633152e0ae0@group-9A60D3FB85E9-LeaderElection24] INFO  server.RaftServerConfigKeys (ConfUtils.java:logGet(44)) - raft.server.watch.timeout = 180s (custom)
2022-03-04 02:16:36,998 [58268bb1-183d-4eef-863f-1633152e0ae0@group-9A60D3FB85E9-LeaderElection24] INFO  server.RaftServerConfigKeys (ConfUtils.java:logGet(44)) - raft.server.watch.timeout.denomination = 1s (default)
2022-03-04 02:16:36,998 [58268bb1-183d-4eef-863f-1633152e0ae0@group-9A60D3FB85E9-LeaderElection24] INFO  server.RaftServerConfigKeys (ConfUtils.java:logGet(44)) - raft.server.watch.element-limit = 65536 (default)
2022-03-04 02:16:36,999 [58268bb1-183d-4eef-863f-1633152e0ae0@group-9A60D3FB85E9-LeaderElection24] INFO  server.RaftServerConfigKeys (ConfUtils.java:logGet(44)) - raft.server.write.element-limit = 1024 (custom)
2022-03-04 02:16:36,999 [58268bb1-183d-4eef-863f-1633152e0ae0@group-9A60D3FB85E9-LeaderElection24] INFO  server.RaftServerConfigKeys (ConfUtils.java:logGet(44)) - raft.server.write.follower.gap.ratio.max = -1.0 (default)
2022-03-04 02:16:36,999 [58268bb1-183d-4eef-863f-1633152e0ae0@group-9A60D3FB85E9-LeaderElection24] INFO  server.RaftServerConfigKeys (ConfUtils.java:logGet(44)) - raft.server.log.appender.snapshot.chunk.size.max = 16MB (=16777216) (default)
2022-03-04 02:16:36,999 [58268bb1-183d-4eef-863f-1633152e0ae0@group-9A60D3FB85E9-LeaderElection24] INFO  server.RaftServerConfigKeys (ConfUtils.java:logGet(44)) - raft.server.log.appender.buffer.byte-limit = 33554432 (custom)
2022-03-04 02:16:36,999 [58268bb1-183d-4eef-863f-1633152e0ae0@group-9A60D3FB85E9-LeaderElection24] INFO  server.RaftServerConfigKeys (ConfUtils.java:logGet(44)) - raft.server.log.appender.buffer.element-limit = 1 (custom)
2022-03-04 02:16:36,999 [58268bb1-183d-4eef-863f-1633152e0ae0@group-9A60D3FB85E9-LeaderElection24] INFO  grpc.GrpcConfigKeys (ConfUtils.java:logGet(44)) - raft.grpc.server.leader.outstanding.appends.max = 128 (default)
2022-03-04 02:16:36,999 [58268bb1-183d-4eef-863f-1633152e0ae0@group-9A60D3FB85E9-LeaderElection24] INFO  server.RaftServerConfigKeys (ConfUtils.java:logGet(44)) - raft.server.rpc.request.timeout = 60s (custom)
2022-03-04 02:16:36,999 [58268bb1-183d-4eef-863f-1633152e0ae0@group-9A60D3FB85E9-LeaderElection24] INFO  server.RaftServerConfigKeys (ConfUtils.java:logGet(44)) - raft.server.log.appender.install.snapshot.enabled = false (custom)
2022-03-04 02:16:36,999 [EventQueue-PipelineReportForPipelineReportHandler] INFO  pipeline.PipelineManagerImpl (PipelineManagerImpl.java:openPipeline(291)) - Pipeline Pipeline[ Id: 8a9700fc-640e-4ec4-9628-9a60d3fb85e9, Nodes: 58268bb1-183d-4eef-863f-1633152e0ae0{ip: 127.0.0.1, host: localhost, ports: [REPLICATION=46643, RATIS=34573, RATIS_ADMIN=34573, RATIS_SERVER=34573, STANDALONE=46765], networkLocation: /default-rack, certSerialId: null, persistedOpState: IN_SERVICE, persistedOpStateExpiryEpochSec: 0}f00d6bae-b380-4908-b4bb-8059ffec7328{ip: 127.0.0.1, host: localhost, ports: [REPLICATION=42743, RATIS=36009, RATIS_ADMIN=36009, RATIS_SERVER=36009, STANDALONE=42411], networkLocation: /default-rack, certSerialId: null, persistedOpState: IN_SERVICE, persistedOpStateExpiryEpochSec: 0}9f78c5ee-b52e-497c-a9a6-ead92f3bbe55{ip: 127.0.0.1, host: localhost, ports: [REPLICATION=46099, RATIS=38517, RATIS_ADMIN=38517, RATIS_SERVER=38517, STANDALONE=34877], networkLocation: /default-rack, certSerialId: null, persistedOpState: IN_SERVICE, persistedOpStateExpiryEpochSec: 0}, ReplicationConfig: RATIS/THREE, State:ALLOCATED, leaderId:58268bb1-183d-4eef-863f-1633152e0ae0, CreationTimestamp2022-03-04T02:16:24.317Z[Etc/UTC]] moved to OPEN state
2022-03-04 02:16:37,001 [grpc-default-executor-0] INFO  server.RaftServer$Division (RaftServerImpl.java:requestVote(1046)) - 9f78c5ee-b52e-497c-a9a6-ead92f3bbe55@group-9A60D3FB85E9: receive requestVote(ELECTION, 58268bb1-183d-4eef-863f-1633152e0ae0, group-9A60D3FB85E9, 2, (t:0, i:0))
2022-03-04 02:16:37,002 [grpc-default-executor-0] INFO  impl.VoteContext (VoteContext.java:log(48)) - 9f78c5ee-b52e-497c-a9a6-ead92f3bbe55@group-9A60D3FB85E9-FOLLOWER: accept ELECTION from 58268bb1-183d-4eef-863f-1633152e0ae0: our priority 0 <= candidate's priority 1
2022-03-04 02:16:37,002 [grpc-default-executor-0] INFO  server.RaftServer$Division (RaftServerImpl.java:setRole(290)) - 9f78c5ee-b52e-497c-a9a6-ead92f3bbe55@group-9A60D3FB85E9: changes role from  FOLLOWER to FOLLOWER at term 2 for candidate:58268bb1-183d-4eef-863f-1633152e0ae0
2022-03-04 02:16:37,002 [grpc-default-executor-0] INFO  impl.RoleInfo (RoleInfo.java:shutdownFollowerState(108)) - 9f78c5ee-b52e-497c-a9a6-ead92f3bbe55: shutdown 9f78c5ee-b52e-497c-a9a6-ead92f3bbe55@group-9A60D3FB85E9-FollowerState
2022-03-04 02:16:37,002 [grpc-default-executor-0] INFO  impl.RoleInfo (RoleInfo.java:updateAndGet(130)) - 9f78c5ee-b52e-497c-a9a6-ead92f3bbe55: start 9f78c5ee-b52e-497c-a9a6-ead92f3bbe55@group-9A60D3FB85E9-FollowerState
2022-03-04 02:16:37,002 [9f78c5ee-b52e-497c-a9a6-ead92f3bbe55@group-9A60D3FB85E9-FollowerState] INFO  impl.FollowerState (FollowerState.java:run(143)) - 9f78c5ee-b52e-497c-a9a6-ead92f3bbe55@group-9A60D3FB85E9-FollowerState was interrupted: {}
java.lang.InterruptedException: sleep interrupted
	at java.lang.Thread.sleep(Native Method)
	at java.lang.Thread.sleep(Thread.java:342)
	at java.util.concurrent.TimeUnit.sleep(TimeUnit.java:386)
	at org.apache.ratis.util.TimeDuration.sleep(TimeDuration.java:324)
	at org.apache.ratis.util.TimeDuration.sleep(TimeDuration.java:309)
	at org.apache.ratis.server.impl.FollowerState.run(FollowerState.java:118)
2022-03-04 02:16:37,008 [58268bb1-183d-4eef-863f-1633152e0ae0@group-9A60D3FB85E9-LeaderElection24] INFO  server.RaftServerConfigKeys (ConfUtils.java:logGet(44)) - raft.server.log.appender.snapshot.chunk.size.max = 16MB (=16777216) (default)
2022-03-04 02:16:37,009 [58268bb1-183d-4eef-863f-1633152e0ae0@group-9A60D3FB85E9-LeaderElection24] INFO  server.RaftServerConfigKeys (ConfUtils.java:logGet(44)) - raft.server.log.appender.buffer.byte-limit = 33554432 (custom)
2022-03-04 02:16:37,009 [58268bb1-183d-4eef-863f-1633152e0ae0@group-9A60D3FB85E9-LeaderElection24] INFO  server.RaftServerConfigKeys (ConfUtils.java:logGet(44)) - raft.server.log.appender.buffer.element-limit = 1 (custom)
2022-03-04 02:16:37,009 [58268bb1-183d-4eef-863f-1633152e0ae0@group-9A60D3FB85E9-LeaderElection24] INFO  grpc.GrpcConfigKeys (ConfUtils.java:logGet(44)) - raft.grpc.server.leader.outstanding.appends.max = 128 (default)
2022-03-04 02:16:37,009 [58268bb1-183d-4eef-863f-1633152e0ae0@group-9A60D3FB85E9-LeaderElection24] INFO  server.RaftServerConfigKeys (ConfUtils.java:logGet(44)) - raft.server.rpc.request.timeout = 60s (custom)
2022-03-04 02:16:37,009 [58268bb1-183d-4eef-863f-1633152e0ae0@group-9A60D3FB85E9-LeaderElection24] INFO  server.RaftServerConfigKeys (ConfUtils.java:logGet(44)) - raft.server.log.appender.install.snapshot.enabled = false (custom)
2022-03-04 02:16:37,010 [58268bb1-183d-4eef-863f-1633152e0ae0@group-9A60D3FB85E9-LeaderElection24] INFO  impl.RoleInfo (RoleInfo.java:updateAndGet(130)) - 58268bb1-183d-4eef-863f-1633152e0ae0: start 58268bb1-183d-4eef-863f-1633152e0ae0@group-9A60D3FB85E9-LeaderStateImpl
2022-03-04 02:16:37,010 [58268bb1-183d-4eef-863f-1633152e0ae0@group-9A60D3FB85E9-LeaderElection24] INFO  segmented.SegmentedRaftLogWorker (SegmentedRaftLogWorker.java:startLogSegment(394)) - 58268bb1-183d-4eef-863f-1633152e0ae0@group-9A60D3FB85E9-SegmentedRaftLogWorker: Starting segment from index:0
2022-03-04 02:16:37,012 [58268bb1-183d-4eef-863f-1633152e0ae0@group-9A60D3FB85E9-SegmentedRaftLogWorker] INFO  segmented.SegmentedRaftLogWorker (SegmentedRaftLogWorker.java:execute(601)) - 58268bb1-183d-4eef-863f-1633152e0ae0@group-9A60D3FB85E9-SegmentedRaftLogWorker: created new log segment /home/runner/work/ozone/ozone/hadoop-ozone/integration-test/target/test-dir/MiniOzoneClusterImpl-ba78f66b-c31d-4d73-90ed-a031934b8290/datanode-1/data/ratis/8a9700fc-640e-4ec4-9628-9a60d3fb85e9/current/log_inprogress_0
2022-03-04 02:16:37,014 [grpc-default-executor-0] INFO  server.RaftServer$Division (RaftServerImpl.java:requestVote(1078)) - 9f78c5ee-b52e-497c-a9a6-ead92f3bbe55@group-9A60D3FB85E9 replies to ELECTION vote request: 58268bb1-183d-4eef-863f-1633152e0ae0<-9f78c5ee-b52e-497c-a9a6-ead92f3bbe55#0:OK-t2. Peer's state: 9f78c5ee-b52e-497c-a9a6-ead92f3bbe55@group-9A60D3FB85E9:t2, leader=null, voted=58268bb1-183d-4eef-863f-1633152e0ae0, raftlog=9f78c5ee-b52e-497c-a9a6-ead92f3bbe55@group-9A60D3FB85E9-SegmentedRaftLog:OPENED:c-1, conf=-1: [58268bb1-183d-4eef-863f-1633152e0ae0|rpc:127.0.0.1:34573|dataStream:|priority:1, f00d6bae-b380-4908-b4bb-8059ffec7328|rpc:127.0.0.1:36009|dataStream:|priority:0, 9f78c5ee-b52e-497c-a9a6-ead92f3bbe55|rpc:127.0.0.1:38517|dataStream:|priority:0], old=null
2022-03-04 02:16:37,033 [EventQueue-OpenPipelineForHealthyPipelineSafeModeRule] INFO  safemode.SCMSafeModeManager (HealthyPipelineSafeModeRule.java:process(124)) - SCM in safe mode. Healthy pipelines reported count is 0, required healthy pipeline reported count is 1
2022-03-04 02:16:37,047 [58268bb1-183d-4eef-863f-1633152e0ae0@group-9A60D3FB85E9-LeaderElection24] INFO  server.RaftServer$Division (ServerState.java:setRaftConf(387)) - 58268bb1-183d-4eef-863f-1633152e0ae0@group-9A60D3FB85E9: set configuration 0: [58268bb1-183d-4eef-863f-1633152e0ae0|rpc:127.0.0.1:34573|dataStream:|priority:1, f00d6bae-b380-4908-b4bb-8059ffec7328|rpc:127.0.0.1:36009|dataStream:|priority:0, 9f78c5ee-b52e-497c-a9a6-ead92f3bbe55|rpc:127.0.0.1:38517|dataStream:|priority:0], old=null
2022-03-04 02:16:37,064 [EventQueue-PipelineReportForPipelineReportHandler] INFO  pipeline.PipelineManagerImpl (PipelineManagerImpl.java:openPipeline(291)) - Pipeline Pipeline[ Id: 8a9700fc-640e-4ec4-9628-9a60d3fb85e9, Nodes: 58268bb1-183d-4eef-863f-1633152e0ae0{ip: 127.0.0.1, host: localhost, ports: [REPLICATION=46643, RATIS=34573, RATIS_ADMIN=34573, RATIS_SERVER=34573, STANDALONE=46765], networkLocation: /default-rack, certSerialId: null, persistedOpState: IN_SERVICE, persistedOpStateExpiryEpochSec: 0}f00d6bae-b380-4908-b4bb-8059ffec7328{ip: 127.0.0.1, host: localhost, ports: [REPLICATION=42743, RATIS=36009, RATIS_ADMIN=36009, RATIS_SERVER=36009, STANDALONE=42411], networkLocation: /default-rack, certSerialId: null, persistedOpState: IN_SERVICE, persistedOpStateExpiryEpochSec: 0}9f78c5ee-b52e-497c-a9a6-ead92f3bbe55{ip: 127.0.0.1, host: localhost, ports: [REPLICATION=46099, RATIS=38517, RATIS_ADMIN=38517, RATIS_SERVER=38517, STANDALONE=34877], networkLocation: /default-rack, certSerialId: null, persistedOpState: IN_SERVICE, persistedOpStateExpiryEpochSec: 0}, ReplicationConfig: RATIS/THREE, State:ALLOCATED, leaderId:58268bb1-183d-4eef-863f-1633152e0ae0, CreationTimestamp2022-03-04T02:16:24.317Z[Etc/UTC]] moved to OPEN state
2022-03-04 02:16:37,064 [EventQueue-OpenPipelineForHealthyPipelineSafeModeRule] INFO  safemode.SCMSafeModeManager (HealthyPipelineSafeModeRule.java:process(124)) - SCM in safe mode. Healthy pipelines reported count is 0, required healthy pipeline reported count is 1
2022-03-04 02:16:37,065 [grpc-default-executor-1] INFO  ratis.XceiverServerRatis (XceiverServerRatis.java:handleLeaderChangedNotification(867)) - Leader change notification received for group: group-9A60D3FB85E9 with new leaderId: 58268bb1-183d-4eef-863f-1633152e0ae0
2022-03-04 02:16:37,065 [grpc-default-executor-1] INFO  server.RaftServer$Division (ServerState.java:setLeader(285)) - 9f78c5ee-b52e-497c-a9a6-ead92f3bbe55@group-9A60D3FB85E9: change Leader from null to 58268bb1-183d-4eef-863f-1633152e0ae0 at term 2 for appendEntries, leader elected after 10189ms
2022-03-04 02:16:37,073 [grpc-default-executor-3] INFO  ratis.XceiverServerRatis (XceiverServerRatis.java:handleLeaderChangedNotification(867)) - Leader change notification received for group: group-9A60D3FB85E9 with new leaderId: 58268bb1-183d-4eef-863f-1633152e0ae0
2022-03-04 02:16:37,073 [grpc-default-executor-3] INFO  server.RaftServer$Division (ServerState.java:setLeader(285)) - f00d6bae-b380-4908-b4bb-8059ffec7328@group-9A60D3FB85E9: change Leader from null to 58268bb1-183d-4eef-863f-1633152e0ae0 at term 2 for appendEntries, leader elected after 10392ms
2022-03-04 02:16:37,075 [grpc-default-executor-1] INFO  server.RaftServer$Division (ServerState.java:setRaftConf(387)) - 9f78c5ee-b52e-497c-a9a6-ead92f3bbe55@group-9A60D3FB85E9: set configuration 0: [58268bb1-183d-4eef-863f-1633152e0ae0|rpc:127.0.0.1:34573|dataStream:|priority:1, f00d6bae-b380-4908-b4bb-8059ffec7328|rpc:127.0.0.1:36009|dataStream:|priority:0, 9f78c5ee-b52e-497c-a9a6-ead92f3bbe55|rpc:127.0.0.1:38517|dataStream:|priority:0], old=null
2022-03-04 02:16:37,075 [grpc-default-executor-1] INFO  segmented.SegmentedRaftLogWorker (SegmentedRaftLogWorker.java:startLogSegment(394)) - 9f78c5ee-b52e-497c-a9a6-ead92f3bbe55@group-9A60D3FB85E9-SegmentedRaftLogWorker: Starting segment from index:0
2022-03-04 02:16:37,080 [d06750ef-dff7-4786-ad4b-f6962696dc27@group-A031934B8290-StateMachineUpdater] INFO  safemode.HealthyPipelineSafeModeRule (HealthyPipelineSafeModeRule.java:initializeRule(152)) - Refreshed total pipeline count is 1, healthy pipeline threshold count is 1
2022-03-04 02:16:37,081 [EventQueue-OpenPipelineForHealthyPipelineSafeModeRule] INFO  safemode.SCMSafeModeManager (HealthyPipelineSafeModeRule.java:process(124)) - SCM in safe mode. Healthy pipelines reported count is 1, required healthy pipeline reported count is 1
2022-03-04 02:16:37,081 [EventQueue-OpenPipelineForHealthyPipelineSafeModeRule] INFO  safemode.SCMSafeModeManager (SCMSafeModeManager.java:validateSafeModeExitRules(204)) - HealthyPipelineSafeModeRule rule is successfully validated
2022-03-04 02:16:37,081 [EventQueue-OpenPipelineForHealthyPipelineSafeModeRule] INFO  safemode.SCMSafeModeManager (SCMSafeModeManager.java:validateSafeModeExitRules(219)) - ScmSafeModeManager, all rules are successfully validated
2022-03-04 02:16:37,081 [EventQueue-OpenPipelineForHealthyPipelineSafeModeRule] INFO  safemode.SCMSafeModeManager (SCMSafeModeManager.java:exitSafeMode(248)) - SCM exiting safe mode.
2022-03-04 02:16:37,081 [EventQueue-OpenPipelineForHealthyPipelineSafeModeRule] WARN  events.EventQueue (EventQueue.java:fireEvent(194)) - No event handler registered for event TypedEvent{payloadType=SafeModeStatus, name='Safe mode status'}
2022-03-04 02:16:37,081 [EventQueue-OpenPipelineForHealthyPipelineSafeModeRule] INFO  ha.SCMContext (SCMContext.java:updateSafeModeStatus(211)) - Update SafeModeStatus from SafeModeStatus{safeModeStatus=true, preCheckPassed=true} to SafeModeStatus{safeModeStatus=false, preCheckPassed=true}.
2022-03-04 02:16:37,081 [EventQueue-OpenPipelineForHealthyPipelineSafeModeRule] INFO  container.ReplicationManager (ReplicationManager.java:notifyStatusChanged(1807)) - Service ReplicationManager transitions to RUNNING.
2022-03-04 02:16:37,082 [9f78c5ee-b52e-497c-a9a6-ead92f3bbe55@group-9A60D3FB85E9-SegmentedRaftLogWorker] INFO  segmented.SegmentedRaftLogWorker (SegmentedRaftLogWorker.java:execute(601)) - 9f78c5ee-b52e-497c-a9a6-ead92f3bbe55@group-9A60D3FB85E9-SegmentedRaftLogWorker: created new log segment /home/runner/work/ozone/ozone/hadoop-ozone/integration-test/target/test-dir/MiniOzoneClusterImpl-ba78f66b-c31d-4d73-90ed-a031934b8290/datanode-2/data/ratis/8a9700fc-640e-4ec4-9628-9a60d3fb85e9/current/log_inprogress_0
2022-03-04 02:16:37,100 [grpc-default-executor-3] INFO  server.RaftServer$Division (ServerState.java:setRaftConf(387)) - f00d6bae-b380-4908-b4bb-8059ffec7328@group-9A60D3FB85E9: set configuration 0: [58268bb1-183d-4eef-863f-1633152e0ae0|rpc:127.0.0.1:34573|dataStream:|priority:1, f00d6bae-b380-4908-b4bb-8059ffec7328|rpc:127.0.0.1:36009|dataStream:|priority:0, 9f78c5ee-b52e-497c-a9a6-ead92f3bbe55|rpc:127.0.0.1:38517|dataStream:|priority:0], old=null
2022-03-04 02:16:37,101 [grpc-default-executor-3] INFO  segmented.SegmentedRaftLogWorker (SegmentedRaftLogWorker.java:startLogSegment(394)) - f00d6bae-b380-4908-b4bb-8059ffec7328@group-9A60D3FB85E9-SegmentedRaftLogWorker: Starting segment from index:0
2022-03-04 02:16:37,107 [d3378977-86d2-46d9-aa75-813a91c491f2@group-A031934B8290-StateMachineUpdater] INFO  safemode.HealthyPipelineSafeModeRule (HealthyPipelineSafeModeRule.java:initializeRule(152)) - Refreshed total pipeline count is 1, healthy pipeline threshold count is 1
2022-03-04 02:16:37,108 [d3378977-86d2-46d9-aa75-813a91c491f2@group-A031934B8290-StateMachineUpdater] INFO  ha.SCMStateMachine (SCMStateMachine.java:takeSnapshot(297)) - Current Snapshot Index 23, takeSnapshot took 0 ms
2022-03-04 02:16:37,108 [d3378977-86d2-46d9-aa75-813a91c491f2@group-A031934B8290-StateMachineUpdater] INFO  impl.StateMachineUpdater (StateMachineUpdater.java:takeSnapshot(281)) - d3378977-86d2-46d9-aa75-813a91c491f2@group-A031934B8290-StateMachineUpdater: Took a snapshot at index 23
2022-03-04 02:16:37,108 [d3378977-86d2-46d9-aa75-813a91c491f2@group-A031934B8290-StateMachineUpdater] INFO  impl.StateMachineUpdater (StateMachineUpdater.java:lambda$new$0(89)) - d3378977-86d2-46d9-aa75-813a91c491f2@group-A031934B8290-StateMachineUpdater: snapshotIndex: updateIncreasingly 18 -> 23
2022-03-04 02:16:37,108 [d3378977-86d2-46d9-aa75-813a91c491f2@group-A031934B8290-StateMachineUpdater] INFO  raftlog.RaftLog (RaftLogBase.java:purge(306)) - d3378977-86d2-46d9-aa75-813a91c491f2@group-A031934B8290-SegmentedRaftLog: purge 23
2022-03-04 02:16:37,108 [f00d6bae-b380-4908-b4bb-8059ffec7328@group-9A60D3FB85E9-SegmentedRaftLogWorker] INFO  segmented.SegmentedRaftLogWorker (SegmentedRaftLogWorker.java:execute(601)) - f00d6bae-b380-4908-b4bb-8059ffec7328@group-9A60D3FB85E9-SegmentedRaftLogWorker: created new log segment /home/runner/work/ozone/ozone/hadoop-ozone/integration-test/target/test-dir/MiniOzoneClusterImpl-ba78f66b-c31d-4d73-90ed-a031934b8290/datanode-0/data/ratis/8a9700fc-640e-4ec4-9628-9a60d3fb85e9/current/log_inprogress_0
2022-03-04 02:16:37,108 [d3378977-86d2-46d9-aa75-813a91c491f2@group-A031934B8290-StateMachineUpdater] INFO  raftlog.RaftLog (RaftLogBase.java:lambda$new$0(53)) - d3378977-86d2-46d9-aa75-813a91c491f2@group-A031934B8290-SegmentedRaftLog: snapshotIndex: updateIncreasingly 18 -> 23
2022-03-04 02:16:37,108 [d3378977-86d2-46d9-aa75-813a91c491f2@group-A031934B8290-StateMachineUpdater] INFO  raftlog.RaftLog (RaftLogBase.java:lambda$new$0(53)) - d3378977-86d2-46d9-aa75-813a91c491f2@group-A031934B8290-SegmentedRaftLog: purgeIndex: updateToMax old=18, new=23, updated? true
2022-03-04 02:16:37,222 [Listener at 127.0.0.1/44533] INFO  ozone.MiniOzoneClusterImpl (MiniOzoneClusterImpl.java:lambda$waitForClusterToBeReady$0(219)) - Nodes are ready. Got 3 of 3 DN Heartbeats.
2022-03-04 02:16:37,223 [Listener at 127.0.0.1/44533] INFO  ozone.MiniOzoneClusterImpl (MiniOzoneClusterImpl.java:lambda$waitForClusterToBeReady$0(222)) - Cluster exits safe mode
2022-03-04 02:16:37,223 [Listener at 127.0.0.1/44533] INFO  ozone.MiniOzoneClusterImpl (MiniOzoneClusterImpl.java:lambda$waitForClusterToBeReady$0(224)) - SCM became leader
2022-03-04 02:16:37,223 [Listener at 127.0.0.1/44533] INFO  server.StorageContainerManager (StorageContainerManager.java:start(1327)) - StorageContainerLocationProtocol RPC server is listening at /0.0.0.0:42319
2022-03-04 02:16:37,223 [Listener at 127.0.0.1/44533] INFO  ha.SCMRatisServerImpl (SCMRatisServerImpl.java:start(177)) - starting ratis server 0.0.0.0:35405
2022-03-04 02:16:37,224 [Listener at 127.0.0.1/44533] INFO  server.RaftServer$Division (RaftServerImpl.java:start(304)) - 83e3bef9-09fd-4715-b52c-ee2fa92c102d@group-A031934B8290: start with initializing state, conf=-1: [], old=null
2022-03-04 02:16:37,224 [Listener at 127.0.0.1/44533] INFO  server.RaftServer$Division (RaftServerImpl.java:setRole(290)) - 83e3bef9-09fd-4715-b52c-ee2fa92c102d@group-A031934B8290: changes role from      null to FOLLOWER at term 0 for startInitializing
2022-03-04 02:16:37,224 [Listener at 127.0.0.1/44533] INFO  util.JmxRegister (JmxRegister.java:tryRegister(44)) - Successfully registered JMX Bean with object name Ratis:service=RaftServer,group=group-A031934B8290,id=83e3bef9-09fd-4715-b52c-ee2fa92c102d
2022-03-04 02:16:37,239 [Listener at 127.0.0.1/44533] INFO  server.RaftServer (RaftServerProxy.java:lambda$start$5(374)) - 83e3bef9-09fd-4715-b52c-ee2fa92c102d: start RPC server
2022-03-04 02:16:37,240 [Listener at 127.0.0.1/44533] INFO  server.GrpcService (GrpcService.java:startImpl(253)) - 83e3bef9-09fd-4715-b52c-ee2fa92c102d: GrpcService started, listening on 35405
2022-03-04 02:16:37,241 [Listener at 127.0.0.1/44533] INFO  ha.SCMNodeInfo (SCMNodeInfo.java:getPort(197)) - ConfigKey ozone.scm.client.address is deprecated, For configuring different ports for each SCM use PortConfigKey ozone.scm.client.port appended with serviceId and nodeId
2022-03-04 02:16:37,241 [Listener at 127.0.0.1/44533] INFO  ha.SCMNodeInfo (SCMNodeInfo.java:getPort(197)) - ConfigKey ozone.scm.block.client.address is deprecated, For configuring different ports for each SCM use PortConfigKey ozone.scm.block.client.port appended with serviceId and nodeId
2022-03-04 02:16:37,241 [Listener at 127.0.0.1/44533] INFO  ha.SCMNodeInfo (SCMNodeInfo.java:getPort(197)) - ConfigKey ozone.scm.datanode.address is deprecated, For configuring different ports for each SCM use PortConfigKey ozone.scm.datanode.port appended with serviceId and nodeId
2022-03-04 02:16:37,242 [Listener at 127.0.0.1/44533] INFO  ha.SCMNodeInfo (SCMNodeInfo.java:getPort(197)) - ConfigKey ozone.scm.client.address is deprecated, For configuring different ports for each SCM use PortConfigKey ozone.scm.client.port appended with serviceId and nodeId
2022-03-04 02:16:37,242 [Listener at 127.0.0.1/44533] INFO  ha.SCMNodeInfo (SCMNodeInfo.java:getPort(197)) - ConfigKey ozone.scm.block.client.address is deprecated, For configuring different ports for each SCM use PortConfigKey ozone.scm.block.client.port appended with serviceId and nodeId
2022-03-04 02:16:37,242 [Listener at 127.0.0.1/44533] INFO  ha.SCMNodeInfo (SCMNodeInfo.java:getPort(197)) - ConfigKey ozone.scm.datanode.address is deprecated, For configuring different ports for each SCM use PortConfigKey ozone.scm.datanode.port appended with serviceId and nodeId
2022-03-04 02:16:37,242 [Listener at 127.0.0.1/44533] INFO  ha.SCMNodeInfo (SCMNodeInfo.java:getPort(197)) - ConfigKey ozone.scm.client.address is deprecated, For configuring different ports for each SCM use PortConfigKey ozone.scm.client.port appended with serviceId and nodeId
2022-03-04 02:16:37,242 [Listener at 127.0.0.1/44533] INFO  ha.SCMNodeInfo (SCMNodeInfo.java:getPort(197)) - ConfigKey ozone.scm.block.client.address is deprecated, For configuring different ports for each SCM use PortConfigKey ozone.scm.block.client.port appended with serviceId and nodeId
2022-03-04 02:16:37,242 [Listener at 127.0.0.1/44533] INFO  ha.SCMNodeInfo (SCMNodeInfo.java:getPort(197)) - ConfigKey ozone.scm.datanode.address is deprecated, For configuring different ports for each SCM use PortConfigKey ozone.scm.datanode.port appended with serviceId and nodeId
2022-03-04 02:16:37,243 [org.apache.ratis.util.JvmPauseMonitor$$Lambda$503/666911607@69fd8f88] INFO  util.JvmPauseMonitor (JvmPauseMonitor.java:run(103)) - JvmPauseMonitor-83e3bef9-09fd-4715-b52c-ee2fa92c102d: Started
2022-03-04 02:16:37,252 [IPC Server handler 2 on default port 40533] INFO  ha.SCMRatisServerImpl (SCMRatisServerImpl.java:addSCM(292)) - d06750ef-dff7-4786-ad4b-f6962696dc27: Submitting SetConfiguration request to Ratis server with new SCM peers list: [d06750ef-dff7-4786-ad4b-f6962696dc27|rpc:localhost:40707|admin:|client:|dataStream:|priority:0, d3378977-86d2-46d9-aa75-813a91c491f2|rpc:localhost:41709|priority:0, 83e3bef9-09fd-4715-b52c-ee2fa92c102d|rpc:localhost:35405|priority:0]
2022-03-04 02:16:37,252 [IPC Server handler 2 on default port 40533] INFO  server.RaftServer$Division (RaftServerImpl.java:setConfigurationAsync(974)) - d06750ef-dff7-4786-ad4b-f6962696dc27@group-A031934B8290: receive setConfiguration SetConfigurationRequest:client-05EFD1CB4154->d06750ef-dff7-4786-ad4b-f6962696dc27@group-A031934B8290, cid=10, seq=0, RW, null, peers:[d06750ef-dff7-4786-ad4b-f6962696dc27|rpc:localhost:40707|admin:|client:|dataStream:|priority:0, d3378977-86d2-46d9-aa75-813a91c491f2|rpc:localhost:41709|priority:0, 83e3bef9-09fd-4715-b52c-ee2fa92c102d|rpc:localhost:35405|priority:0]
2022-03-04 02:16:37,252 [IPC Server handler 2 on default port 40533] INFO  server.RaftServer$Division (LeaderStateImpl.java:startSetConfiguration(358)) - d06750ef-dff7-4786-ad4b-f6962696dc27@group-A031934B8290-LeaderStateImpl: startSetConfiguration SetConfigurationRequest:client-05EFD1CB4154->d06750ef-dff7-4786-ad4b-f6962696dc27@group-A031934B8290, cid=10, seq=0, RW, null, peers:[d06750ef-dff7-4786-ad4b-f6962696dc27|rpc:localhost:40707|admin:|client:|dataStream:|priority:0, d3378977-86d2-46d9-aa75-813a91c491f2|rpc:localhost:41709|priority:0, 83e3bef9-09fd-4715-b52c-ee2fa92c102d|rpc:localhost:35405|priority:0]
2022-03-04 02:16:37,252 [IPC Server handler 2 on default port 40533] INFO  server.RaftServerConfigKeys (ConfUtils.java:logGet(44)) - raft.server.log.appender.snapshot.chunk.size.max = 16MB (=16777216) (default)
2022-03-04 02:16:37,252 [IPC Server handler 2 on default port 40533] INFO  server.RaftServerConfigKeys (ConfUtils.java:logGet(44)) - raft.server.log.appender.buffer.byte-limit = 33554432 (custom)
2022-03-04 02:16:37,252 [IPC Server handler 2 on default port 40533] INFO  server.RaftServerConfigKeys (ConfUtils.java:logGet(44)) - raft.server.log.appender.buffer.element-limit = 1024 (custom)
2022-03-04 02:16:37,254 [IPC Server handler 2 on default port 40533] INFO  grpc.GrpcConfigKeys (ConfUtils.java:logGet(44)) - raft.grpc.server.leader.outstanding.appends.max = 128 (default)
2022-03-04 02:16:37,254 [IPC Server handler 2 on default port 40533] INFO  server.RaftServerConfigKeys (ConfUtils.java:logGet(44)) - raft.server.rpc.request.timeout = 30000ms (custom)
2022-03-04 02:16:37,254 [IPC Server handler 2 on default port 40533] INFO  server.RaftServerConfigKeys (ConfUtils.java:logGet(44)) - raft.server.log.appender.install.snapshot.enabled = false (custom)
2022-03-04 02:16:37,255 [d06750ef-dff7-4786-ad4b-f6962696dc27@group-A031934B8290->83e3bef9-09fd-4715-b52c-ee2fa92c102d-GrpcLogAppender-LogAppenderDaemon] INFO  server.GrpcLogAppender (GrpcLogAppender.java:installSnapshot(550)) - d06750ef-dff7-4786-ad4b-f6962696dc27@group-A031934B8290->83e3bef9-09fd-4715-b52c-ee2fa92c102d-GrpcLogAppender: followerNextIndex = 0 but logStartIndex = 1, notify follower to install snapshot-(t:2, i:24)
2022-03-04 02:16:37,255 [d06750ef-dff7-4786-ad4b-f6962696dc27@group-A031934B8290->83e3bef9-09fd-4715-b52c-ee2fa92c102d-GrpcLogAppender-LogAppenderDaemon] INFO  server.GrpcLogAppender (GrpcLogAppender.java:installSnapshot(558)) - d06750ef-dff7-4786-ad4b-f6962696dc27@group-A031934B8290->83e3bef9-09fd-4715-b52c-ee2fa92c102d-GrpcLogAppender: send d06750ef-dff7-4786-ad4b-f6962696dc27->83e3bef9-09fd-4715-b52c-ee2fa92c102d#0-t2,notify:(t:2, i:24)
2022-03-04 02:16:37,268 [grpc-default-executor-1] INFO  server.RaftServer$Division (RaftServerImpl.java:installSnapshot(1332)) - 83e3bef9-09fd-4715-b52c-ee2fa92c102d@group-A031934B8290: receive installSnapshot: d06750ef-dff7-4786-ad4b-f6962696dc27->83e3bef9-09fd-4715-b52c-ee2fa92c102d#0-t2,notify:(t:2, i:24)
2022-03-04 02:16:37,270 [grpc-default-executor-1] INFO  ha.SCMStateMachine (SCMStateMachine.java:notifyLeaderChanged(255)) - leader changed, yet current SCM is still follower.
2022-03-04 02:16:37,270 [grpc-default-executor-1] INFO  server.RaftServer$Division (ServerState.java:setLeader(285)) - 83e3bef9-09fd-4715-b52c-ee2fa92c102d@group-A031934B8290: change Leader from null to d06750ef-dff7-4786-ad4b-f6962696dc27 at term 2 for installSnapshot, leader elected after 19152ms
2022-03-04 02:16:37,270 [grpc-default-executor-1] INFO  server.RaftServer$Division (RaftServerImpl.java:notifyStateMachineToInstallSnapshot(1551)) - 83e3bef9-09fd-4715-b52c-ee2fa92c102d@group-A031934B8290: Received notification to install snapshot at index 24
2022-03-04 02:16:37,270 [grpc-default-executor-1] INFO  server.RaftServer$Division (RaftServerImpl.java:notifyStateMachineToInstallSnapshot(1582)) - 83e3bef9-09fd-4715-b52c-ee2fa92c102d@group-A031934B8290: notifyInstallSnapshot: nextIndex is 0 but the leader's first available index is 24.
2022-03-04 02:16:37,270 [grpc-default-executor-1] INFO  ha.SCMStateMachine (SCMStateMachine.java:notifyInstallSnapshotFromLeader(219)) - Received install snapshot notification from SCM leader: localhost:40707 with term index: (t:2, i:24)
2022-03-04 02:16:37,280 [pool-315-thread-1] INFO  ha.SCMHAManagerImpl (SCMHAManagerImpl.java:getDBCheckpointFromLeader(207)) - Downloading checkpoint from leader SCM scmNode-1 and reloading state from the checkpoint.
2022-03-04 02:16:37,298 [grpc-default-executor-3] INFO  ha.SCMDBCheckpointProvider (SCMDBCheckpointProvider.java:writeDBCheckPointToSream(48)) - Received request to obtain SCM DB checkpoint snapshot
2022-03-04 02:16:37,309 [grpc-default-executor-3] INFO  db.RDBCheckpointManager (RDBCheckpointManager.java:createCheckpoint(86)) - Created checkpoint at /home/runner/work/ozone/ozone/hadoop-ozone/integration-test/target/test-dir/MiniOzoneClusterImpl-ba78f66b-c31d-4d73-90ed-a031934b8290/scmNode-1/db.checkpoints/scm.db_checkpoint_1646360197298 in 11 milliseconds
2022-03-04 02:16:37,317 [grpc-default-executor-3] INFO  ha.SCMGrpcOutputStream (SCMGrpcOutputStream.java:close(111)) - Sent 6361 bytes for cluster ba78f66b-c31d-4d73-90ed-a031934b8290
2022-03-04 02:16:37,318 [grpc-default-executor-0] INFO  ha.InterSCMGrpcClient (InterSCMGrpcClient.java:onCompleted(173)) - Checkpoint is downloaded to /home/runner/work/ozone/ozone/hadoop-ozone/integration-test/target/test-dir/MiniOzoneClusterImpl-ba78f66b-c31d-4d73-90ed-a031934b8290/scmNode-3/snapshot/scm.db-scmNode-1-1646360197280.tar.gz
2022-03-04 02:16:37,318 [grpc-default-executor-3] INFO  ha.SCMDBCheckpointProvider (SCMDBCheckpointProvider.java:writeDBCheckPointToSream(73)) - Time taken to write the checkpoint to response output stream: 9 milliseconds
2022-03-04 02:16:37,318 [grpc-default-executor-3] INFO  db.RocksDBCheckpoint (RocksDBCheckpoint.java:cleanupCheckpoint(78)) - Cleaning up RocksDB checkpoint at /home/runner/work/ozone/ozone/hadoop-ozone/integration-test/target/test-dir/MiniOzoneClusterImpl-ba78f66b-c31d-4d73-90ed-a031934b8290/scmNode-1/db.checkpoints/scm.db_checkpoint_1646360197298
2022-03-04 02:16:37,336 [pool-315-thread-1] INFO  ha.SCMSnapshotProvider (SCMSnapshotProvider.java:getSCMDBSnapshot(131)) - Successfully downloaded latest checkpoint from leader SCM: scmNode-1 path /home/runner/work/ozone/ozone/hadoop-ozone/integration-test/target/test-dir/MiniOzoneClusterImpl-ba78f66b-c31d-4d73-90ed-a031934b8290/scmNode-3/snapshot/scm.db-scmNode-1-1646360197280
2022-03-04 02:16:37,336 [pool-315-thread-1] INFO  ha.SCMHAManagerImpl (SCMHAManagerImpl.java:downloadCheckpointFromLeader(159)) - Downloaded checkpoint from Leader scmNode-1 to the location /home/runner/work/ozone/ozone/hadoop-ozone/integration-test/target/test-dir/MiniOzoneClusterImpl-ba78f66b-c31d-4d73-90ed-a031934b8290/scmNode-3/snapshot/scm.db-scmNode-1-1646360197280
2022-03-04 02:16:37,457 [pool-315-thread-1] INFO  ha.SCMHAManagerImpl (SCMHAManagerImpl.java:verifyCheckpointFromLeader(173)) - Installing checkpoint with SCMTransactionInfo 2#24
2022-03-04 02:16:37,457 [pool-315-thread-1] INFO  server.RaftServer$Division (RaftServerImpl.java:lambda$notifyStateMachineToInstallSnapshot$30(1595)) - 83e3bef9-09fd-4715-b52c-ee2fa92c102d@group-A031934B8290: StateMachine successfully installed snapshot index 24. Reloading the StateMachine.
2022-03-04 02:16:37,457 [pool-315-thread-1] INFO  segmented.SegmentedRaftLogWorker (SegmentedRaftLogWorker.java:lambda$new$0(133)) - 83e3bef9-09fd-4715-b52c-ee2fa92c102d@group-A031934B8290-SegmentedRaftLogWorker: flushIndex: setUnconditionally -1 -> 24
2022-03-04 02:16:37,457 [pool-315-thread-1] INFO  segmented.SegmentedRaftLogWorker (SegmentedRaftLogWorker.java:lambda$new$0(133)) - 83e3bef9-09fd-4715-b52c-ee2fa92c102d@group-A031934B8290-SegmentedRaftLogWorker: safeCacheEvictIndex: setUnconditionally -1 -> 24
2022-03-04 02:16:37,457 [pool-315-thread-1] INFO  raftlog.RaftLog (RaftLogBase.java:lambda$new$0(53)) - 83e3bef9-09fd-4715-b52c-ee2fa92c102d@group-A031934B8290-SegmentedRaftLog: snapshotIndex: updateIncreasingly -1 -> 24
2022-03-04 02:16:37,461 [grpc-default-executor-1] INFO  server.RaftServer$Division (RaftServerImpl.java:notifyStateMachineToInstallSnapshot(1638)) - 83e3bef9-09fd-4715-b52c-ee2fa92c102d@group-A031934B8290: InstallSnapshot notification result: SNAPSHOT_INSTALLED, at index: 24
2022-03-04 02:16:37,462 [grpc-default-executor-1] INFO  server.RaftServer$Division (RaftServerImpl.java:installSnapshotImpl(1462)) - 83e3bef9-09fd-4715-b52c-ee2fa92c102d@group-A031934B8290: set new configuration index: 5
configurationEntry {
  peers {
    id: "d06750ef-dff7-4786-ad4b-f6962696dc27"
    address: "localhost:40707"
  }
  peers {
    id: "d3378977-86d2-46d9-aa75-813a91c491f2"
    address: "localhost:41709"
  }
}
 from snapshot
2022-03-04 02:16:37,463 [grpc-default-executor-1] INFO  server.RaftServer$Division (ServerState.java:setRaftConf(387)) - 83e3bef9-09fd-4715-b52c-ee2fa92c102d@group-A031934B8290: set configuration 5: [d06750ef-dff7-4786-ad4b-f6962696dc27|rpc:localhost:40707|admin:|client:|dataStream:|priority:0, d3378977-86d2-46d9-aa75-813a91c491f2|rpc:localhost:41709|admin:|client:|dataStream:|priority:0], old=null
2022-03-04 02:16:37,463 [grpc-default-executor-1] INFO  server.RaftServer$Division (RaftServerImpl.java:installSnapshot(1343)) - 83e3bef9-09fd-4715-b52c-ee2fa92c102d@group-A031934B8290: reply installSnapshot: d06750ef-dff7-4786-ad4b-f6962696dc27<-83e3bef9-09fd-4715-b52c-ee2fa92c102d#0:FAIL-t0,SNAPSHOT_INSTALLED,snapshotIndex=24
2022-03-04 02:16:37,463 [grpc-default-executor-1] INFO  server.GrpcServerProtocolService (GrpcServerProtocolService.java:onCompleted(140)) - 83e3bef9-09fd-4715-b52c-ee2fa92c102d: Completed INSTALL_SNAPSHOT, lastRequest: d06750ef-dff7-4786-ad4b-f6962696dc27->83e3bef9-09fd-4715-b52c-ee2fa92c102d#0-t2,notify:(t:2, i:24)
2022-03-04 02:16:37,469 [grpc-default-executor-1] INFO  server.GrpcLogAppender (GrpcLogAppender.java:onNext(410)) - d06750ef-dff7-4786-ad4b-f6962696dc27@group-A031934B8290->83e3bef9-09fd-4715-b52c-ee2fa92c102d-InstallSnapshotResponseHandler: received the first reply d06750ef-dff7-4786-ad4b-f6962696dc27<-83e3bef9-09fd-4715-b52c-ee2fa92c102d#0:FAIL-t0,SNAPSHOT_INSTALLED,snapshotIndex=24
2022-03-04 02:16:37,469 [grpc-default-executor-1] INFO  server.GrpcLogAppender (GrpcLogAppender.java:onNext(450)) - d06750ef-dff7-4786-ad4b-f6962696dc27@group-A031934B8290->83e3bef9-09fd-4715-b52c-ee2fa92c102d-InstallSnapshotResponseHandler: Follower installed snapshot at index 24
2022-03-04 02:16:37,469 [grpc-default-executor-1] INFO  leader.FollowerInfo (FollowerInfoImpl.java:lambda$new$0(47)) - d06750ef-dff7-4786-ad4b-f6962696dc27@group-A031934B8290->83e3bef9-09fd-4715-b52c-ee2fa92c102d: snapshotIndex: setUnconditionally 0 -> 24
2022-03-04 02:16:37,469 [grpc-default-executor-1] INFO  leader.FollowerInfo (FollowerInfoImpl.java:lambda$new$0(47)) - d06750ef-dff7-4786-ad4b-f6962696dc27@group-A031934B8290->83e3bef9-09fd-4715-b52c-ee2fa92c102d: matchIndex: setUnconditionally 0 -> 24
2022-03-04 02:16:37,469 [grpc-default-executor-1] INFO  leader.FollowerInfo (FollowerInfoImpl.java:lambda$new$0(47)) - d06750ef-dff7-4786-ad4b-f6962696dc27@group-A031934B8290->83e3bef9-09fd-4715-b52c-ee2fa92c102d: nextIndex: setUnconditionally 0 -> 25
2022-03-04 02:16:37,469 [grpc-default-executor-1] INFO  leader.FollowerInfo (FollowerInfoImpl.java:setAttemptedToInstallSnapshot(116)) - Follower d06750ef-dff7-4786-ad4b-f6962696dc27@group-A031934B8290->83e3bef9-09fd-4715-b52c-ee2fa92c102d acknowledged installing snapshot
2022-03-04 02:16:37,469 [grpc-default-executor-1] INFO  leader.FollowerInfo (FollowerInfoImpl.java:lambda$new$0(47)) - d06750ef-dff7-4786-ad4b-f6962696dc27@group-A031934B8290->83e3bef9-09fd-4715-b52c-ee2fa92c102d: nextIndex: updateToMax old=25, new=25, updated? false
2022-03-04 02:16:37,485 [grpc-default-executor-1] INFO  impl.RoleInfo (RoleInfo.java:updateAndGet(130)) - 83e3bef9-09fd-4715-b52c-ee2fa92c102d: start 83e3bef9-09fd-4715-b52c-ee2fa92c102d@group-A031934B8290-FollowerState
2022-03-04 02:16:37,515 [Datanode State Machine Daemon Thread] ERROR datanode.RunningDatanodeState (RunningDatanodeState.java:computeNextContainerState(201)) - Error in executing end point task.
java.util.concurrent.ExecutionException: java.util.concurrent.TimeoutException
	at java.util.concurrent.FutureTask.report(FutureTask.java:122)
	at java.util.concurrent.FutureTask.get(FutureTask.java:192)
	at org.apache.hadoop.ozone.container.common.states.datanode.RunningDatanodeState.computeNextContainerState(RunningDatanodeState.java:193)
	at org.apache.hadoop.ozone.container.common.states.datanode.RunningDatanodeState.await(RunningDatanodeState.java:233)
	at org.apache.hadoop.ozone.container.common.states.datanode.RunningDatanodeState.await(RunningDatanodeState.java:50)
	at org.apache.hadoop.ozone.container.common.statemachine.StateContext.execute(StateContext.java:658)
	at org.apache.hadoop.ozone.container.common.statemachine.DatanodeStateMachine.startStateMachineThread(DatanodeStateMachine.java:283)
	at org.apache.hadoop.ozone.container.common.statemachine.DatanodeStateMachine.lambda$startDaemon$0(DatanodeStateMachine.java:471)
	at java.lang.Thread.run(Thread.java:750)
Caused by: java.util.concurrent.TimeoutException
	at java.util.concurrent.FutureTask.get(FutureTask.java:205)
	at org.apache.hadoop.ozone.container.common.states.datanode.RunningDatanodeState.lambda$execute$0(RunningDatanodeState.java:151)
	at java.util.concurrent.FutureTask.run(FutureTask.java:266)
	at java.util.concurrent.Executors$RunnableAdapter.call(Executors.java:511)
	at java.util.concurrent.FutureTask.run(FutureTask.java:266)
	at java.util.concurrent.ThreadPoolExecutor.runWorker(ThreadPoolExecutor.java:1149)
	at java.util.concurrent.ThreadPoolExecutor$Worker.run(ThreadPoolExecutor.java:624)
	... 1 more
2022-03-04 02:16:37,522 [83e3bef9-09fd-4715-b52c-ee2fa92c102d@group-A031934B8290-StateMachineUpdater] INFO  ha.SCMHAManagerImpl (SCMHAManagerImpl.java:installCheckpoint(228)) - Installing checkpoint with SCMTransactionInfo 2#24
2022-03-04 02:16:37,525 [83e3bef9-09fd-4715-b52c-ee2fa92c102d@group-A031934B8290-StateMachineUpdater] INFO  ha.SCMHAManagerImpl (SCMHAManagerImpl.java:installCheckpoint(267)) - Replaced DB with checkpoint, term: 2, index: 24
2022-03-04 02:16:37,527 [83e3bef9-09fd-4715-b52c-ee2fa92c102d@group-A031934B8290-StateMachineUpdater] WARN  utils.HAUtils (HAUtils.java:getMetaDir(342)) - ozone.scm.db.dirs is not configured. We recommend adding this setting. Falling back to ozone.metadata.dirs instead.
2022-03-04 02:16:37,528 [83e3bef9-09fd-4715-b52c-ee2fa92c102d@group-A031934B8290-StateMachineUpdater] WARN  db.DBStoreBuilder (DBStoreBuilder.java:applyDBDefinition(145)) - ozone.scm.db.dirs is not configured. We recommend adding this setting. Falling back to ozone.metadata.dirs instead.
2022-03-04 02:16:37,572 [Datanode State Machine Daemon Thread] ERROR datanode.RunningDatanodeState (RunningDatanodeState.java:computeNextContainerState(201)) - Error in executing end point task.
java.util.concurrent.ExecutionException: java.util.concurrent.TimeoutException
	at java.util.concurrent.FutureTask.report(FutureTask.java:122)
	at java.util.concurrent.FutureTask.get(FutureTask.java:192)
	at org.apache.hadoop.ozone.container.common.states.datanode.RunningDatanodeState.computeNextContainerState(RunningDatanodeState.java:193)
	at org.apache.hadoop.ozone.container.common.states.datanode.RunningDatanodeState.await(RunningDatanodeState.java:233)
	at org.apache.hadoop.ozone.container.common.states.datanode.RunningDatanodeState.await(RunningDatanodeState.java:50)
	at org.apache.hadoop.ozone.container.common.statemachine.StateContext.execute(StateContext.java:658)
	at org.apache.hadoop.ozone.container.common.statemachine.DatanodeStateMachine.startStateMachineThread(DatanodeStateMachine.java:283)
	at org.apache.hadoop.ozone.container.common.statemachine.DatanodeStateMachine.lambda$startDaemon$0(DatanodeStateMachine.java:471)
	at java.lang.Thread.run(Thread.java:750)
Caused by: java.util.concurrent.TimeoutException
	at java.util.concurrent.FutureTask.get(FutureTask.java:205)
	at org.apache.hadoop.ozone.container.common.states.datanode.RunningDatanodeState.lambda$execute$0(RunningDatanodeState.java:151)
	at java.util.concurrent.FutureTask.run(FutureTask.java:266)
	at java.util.concurrent.Executors$RunnableAdapter.call(Executors.java:511)
	at java.util.concurrent.FutureTask.run(FutureTask.java:266)
	at java.util.concurrent.ThreadPoolExecutor.runWorker(ThreadPoolExecutor.java:1149)
	at java.util.concurrent.ThreadPoolExecutor$Worker.run(ThreadPoolExecutor.java:624)
	... 1 more
2022-03-04 02:16:37,637 [83e3bef9-09fd-4715-b52c-ee2fa92c102d@group-A031934B8290-StateMachineUpdater] INFO  ha.SequenceIdGenerator (SequenceIdGenerator.java:reinitialize(166)) - reinitialize SequenceIdGenerator.
2022-03-04 02:16:37,638 [83e3bef9-09fd-4715-b52c-ee2fa92c102d@group-A031934B8290-StateMachineUpdater] INFO  ha.SCMHAManagerImpl (SCMHAManagerImpl.java:installCheckpoint(282)) - Reloaded SCM state with Term: 2 and Index: 24
2022-03-04 02:16:37,639 [83e3bef9-09fd-4715-b52c-ee2fa92c102d@group-A031934B8290-StateMachineUpdater] INFO  impl.StateMachineUpdater (StateMachineUpdater.java:lambda$new$0(89)) - 83e3bef9-09fd-4715-b52c-ee2fa92c102d@group-A031934B8290-StateMachineUpdater: snapshotIndex: setUnconditionally -1 -> 24
2022-03-04 02:16:37,641 [83e3bef9-09fd-4715-b52c-ee2fa92c102d@group-A031934B8290-StateMachineUpdater] INFO  impl.StateMachineUpdater (StateMachineUpdater.java:lambda$new$0(89)) - 83e3bef9-09fd-4715-b52c-ee2fa92c102d@group-A031934B8290-StateMachineUpdater: appliedIndex: setUnconditionally -1 -> 24
2022-03-04 02:16:37,897 [EndpointStateMachine task thread for /127.0.0.1:42491 - 0 ] INFO  ipc.Client (Client.java:handleConnectionFailure(977)) - Retrying connect to server: localhost/127.0.0.1:42491. Already tried 12 time(s); retry policy is RetryUpToMaximumCountWithFixedSleep(maxRetries=15, sleepTime=1000 MILLISECONDS)
2022-03-04 02:16:37,898 [EndpointStateMachine task thread for /127.0.0.1:42427 - 0 ] INFO  ipc.Client (Client.java:handleConnectionFailure(977)) - Retrying connect to server: localhost/127.0.0.1:42427. Already tried 12 time(s); retry policy is RetryUpToMaximumCountWithFixedSleep(maxRetries=15, sleepTime=1000 MILLISECONDS)
2022-03-04 02:16:37,898 [EndpointStateMachine task thread for /127.0.0.1:35517 - 0 ] INFO  ipc.Client (Client.java:handleConnectionFailure(977)) - Retrying connect to server: localhost/127.0.0.1:35517. Already tried 12 time(s); retry policy is RetryUpToMaximumCountWithFixedSleep(maxRetries=15, sleepTime=1000 MILLISECONDS)
2022-03-04 02:16:38,898 [EndpointStateMachine task thread for /127.0.0.1:42491 - 0 ] INFO  ipc.Client (Client.java:handleConnectionFailure(977)) - Retrying connect to server: localhost/127.0.0.1:42491. Already tried 13 time(s); retry policy is RetryUpToMaximumCountWithFixedSleep(maxRetries=15, sleepTime=1000 MILLISECONDS)
2022-03-04 02:16:38,898 [EndpointStateMachine task thread for /127.0.0.1:42427 - 0 ] INFO  ipc.Client (Client.java:handleConnectionFailure(977)) - Retrying connect to server: localhost/127.0.0.1:42427. Already tried 13 time(s); retry policy is RetryUpToMaximumCountWithFixedSleep(maxRetries=15, sleepTime=1000 MILLISECONDS)
2022-03-04 02:16:38,898 [EndpointStateMachine task thread for /127.0.0.1:35517 - 0 ] INFO  ipc.Client (Client.java:handleConnectionFailure(977)) - Retrying connect to server: localhost/127.0.0.1:35517. Already tried 13 time(s); retry policy is RetryUpToMaximumCountWithFixedSleep(maxRetries=15, sleepTime=1000 MILLISECONDS)
2022-03-04 02:16:39,518 [Datanode State Machine Daemon Thread] ERROR datanode.RunningDatanodeState (RunningDatanodeState.java:computeNextContainerState(201)) - Error in executing end point task.
java.util.concurrent.ExecutionException: java.util.concurrent.TimeoutException
	at java.util.concurrent.FutureTask.report(FutureTask.java:122)
	at java.util.concurrent.FutureTask.get(FutureTask.java:192)
	at org.apache.hadoop.ozone.container.common.states.datanode.RunningDatanodeState.computeNextContainerState(RunningDatanodeState.java:193)
	at org.apache.hadoop.ozone.container.common.states.datanode.RunningDatanodeState.await(RunningDatanodeState.java:233)
	at org.apache.hadoop.ozone.container.common.states.datanode.RunningDatanodeState.await(RunningDatanodeState.java:50)
	at org.apache.hadoop.ozone.container.common.statemachine.StateContext.execute(StateContext.java:658)
	at org.apache.hadoop.ozone.container.common.statemachine.DatanodeStateMachine.startStateMachineThread(DatanodeStateMachine.java:283)
	at org.apache.hadoop.ozone.container.common.statemachine.DatanodeStateMachine.lambda$startDaemon$0(DatanodeStateMachine.java:471)
	at java.lang.Thread.run(Thread.java:750)
Caused by: java.util.concurrent.TimeoutException
	at java.util.concurrent.FutureTask.get(FutureTask.java:205)
	at org.apache.hadoop.ozone.container.common.states.datanode.RunningDatanodeState.lambda$execute$0(RunningDatanodeState.java:151)
	at java.util.concurrent.FutureTask.run(FutureTask.java:266)
	at java.util.concurrent.Executors$RunnableAdapter.call(Executors.java:511)
	at java.util.concurrent.FutureTask.run(FutureTask.java:266)
	at java.util.concurrent.ThreadPoolExecutor.runWorker(ThreadPoolExecutor.java:1149)
	at java.util.concurrent.ThreadPoolExecutor$Worker.run(ThreadPoolExecutor.java:624)
	... 1 more
2022-03-04 02:16:39,574 [Datanode State Machine Daemon Thread] ERROR datanode.RunningDatanodeState (RunningDatanodeState.java:computeNextContainerState(201)) - Error in executing end point task.
java.util.concurrent.ExecutionException: java.util.concurrent.TimeoutException
	at java.util.concurrent.FutureTask.report(FutureTask.java:122)
	at java.util.concurrent.FutureTask.get(FutureTask.java:192)
	at org.apache.hadoop.ozone.container.common.states.datanode.RunningDatanodeState.computeNextContainerState(RunningDatanodeState.java:193)
	at org.apache.hadoop.ozone.container.common.states.datanode.RunningDatanodeState.await(RunningDatanodeState.java:233)
	at org.apache.hadoop.ozone.container.common.states.datanode.RunningDatanodeState.await(RunningDatanodeState.java:50)
	at org.apache.hadoop.ozone.container.common.statemachine.StateContext.execute(StateContext.java:658)
	at org.apache.hadoop.ozone.container.common.statemachine.DatanodeStateMachine.startStateMachineThread(DatanodeStateMachine.java:283)
	at org.apache.hadoop.ozone.container.common.statemachine.DatanodeStateMachine.lambda$startDaemon$0(DatanodeStateMachine.java:471)
	at java.lang.Thread.run(Thread.java:750)
Caused by: java.util.concurrent.TimeoutException
	at java.util.concurrent.FutureTask.get(FutureTask.java:205)
	at org.apache.hadoop.ozone.container.common.states.datanode.RunningDatanodeState.lambda$execute$0(RunningDatanodeState.java:151)
	at java.util.concurrent.FutureTask.run(FutureTask.java:266)
	at java.util.concurrent.Executors$RunnableAdapter.call(Executors.java:511)
	at java.util.concurrent.FutureTask.run(FutureTask.java:266)
	at java.util.concurrent.ThreadPoolExecutor.runWorker(ThreadPoolExecutor.java:1149)
	at java.util.concurrent.ThreadPoolExecutor$Worker.run(ThreadPoolExecutor.java:624)
	... 1 more
2022-03-04 02:16:39,902 [EndpointStateMachine task thread for /127.0.0.1:42491 - 0 ] INFO  ipc.Client (Client.java:handleConnectionFailure(977)) - Retrying connect to server: localhost/127.0.0.1:42491. Already tried 14 time(s); retry policy is RetryUpToMaximumCountWithFixedSleep(maxRetries=15, sleepTime=1000 MILLISECONDS)
2022-03-04 02:16:39,907 [EndpointStateMachine task thread for /127.0.0.1:35517 - 0 ] INFO  ipc.Client (Client.java:handleConnectionFailure(977)) - Retrying connect to server: localhost/127.0.0.1:35517. Already tried 14 time(s); retry policy is RetryUpToMaximumCountWithFixedSleep(maxRetries=15, sleepTime=1000 MILLISECONDS)
2022-03-04 02:16:39,908 [EndpointStateMachine task thread for /127.0.0.1:42427 - 0 ] INFO  ipc.Client (Client.java:handleConnectionFailure(977)) - Retrying connect to server: localhost/127.0.0.1:42427. Already tried 14 time(s); retry policy is RetryUpToMaximumCountWithFixedSleep(maxRetries=15, sleepTime=1000 MILLISECONDS)
2022-03-04 02:16:39,998 [Datanode State Machine Daemon Thread] ERROR datanode.RunningDatanodeState (RunningDatanodeState.java:computeNextContainerState(201)) - Error in executing end point task.
java.util.concurrent.ExecutionException: java.util.concurrent.TimeoutException
	at java.util.concurrent.FutureTask.report(FutureTask.java:122)
	at java.util.concurrent.FutureTask.get(FutureTask.java:192)
	at org.apache.hadoop.ozone.container.common.states.datanode.RunningDatanodeState.computeNextContainerState(RunningDatanodeState.java:193)
	at org.apache.hadoop.ozone.container.common.states.datanode.RunningDatanodeState.await(RunningDatanodeState.java:233)
	at org.apache.hadoop.ozone.container.common.states.datanode.RunningDatanodeState.await(RunningDatanodeState.java:50)
	at org.apache.hadoop.ozone.container.common.statemachine.StateContext.execute(StateContext.java:658)
	at org.apache.hadoop.ozone.container.common.statemachine.DatanodeStateMachine.startStateMachineThread(DatanodeStateMachine.java:283)
	at org.apache.hadoop.ozone.container.common.statemachine.DatanodeStateMachine.lambda$startDaemon$0(DatanodeStateMachine.java:471)
	at java.lang.Thread.run(Thread.java:750)
Caused by: java.util.concurrent.TimeoutException
	at java.util.concurrent.FutureTask.get(FutureTask.java:205)
	at org.apache.hadoop.ozone.container.common.states.datanode.RunningDatanodeState.lambda$execute$0(RunningDatanodeState.java:151)
	at java.util.concurrent.FutureTask.run(FutureTask.java:266)
	at java.util.concurrent.Executors$RunnableAdapter.call(Executors.java:511)
	at java.util.concurrent.FutureTask.run(FutureTask.java:266)
	at java.util.concurrent.ThreadPoolExecutor.runWorker(ThreadPoolExecutor.java:1149)
	at java.util.concurrent.ThreadPoolExecutor$Worker.run(ThreadPoolExecutor.java:624)
	... 1 more
2022-03-04 02:16:40,520 [Datanode State Machine Daemon Thread] ERROR datanode.RunningDatanodeState (RunningDatanodeState.java:computeNextContainerState(201)) - Error in executing end point task.
java.util.concurrent.ExecutionException: java.util.concurrent.TimeoutException
	at java.util.concurrent.FutureTask.report(FutureTask.java:122)
	at java.util.concurrent.FutureTask.get(FutureTask.java:192)
	at org.apache.hadoop.ozone.container.common.states.datanode.RunningDatanodeState.computeNextContainerState(RunningDatanodeState.java:193)
	at org.apache.hadoop.ozone.container.common.states.datanode.RunningDatanodeState.await(RunningDatanodeState.java:233)
	at org.apache.hadoop.ozone.container.common.states.datanode.RunningDatanodeState.await(RunningDatanodeState.java:50)
	at org.apache.hadoop.ozone.container.common.statemachine.StateContext.execute(StateContext.java:658)
	at org.apache.hadoop.ozone.container.common.statemachine.DatanodeStateMachine.startStateMachineThread(DatanodeStateMachine.java:283)
	at org.apache.hadoop.ozone.container.common.statemachine.DatanodeStateMachine.lambda$startDaemon$0(DatanodeStateMachine.java:471)
	at java.lang.Thread.run(Thread.java:750)
Caused by: java.util.concurrent.TimeoutException
	at java.util.concurrent.FutureTask.get(FutureTask.java:205)
	at org.apache.hadoop.ozone.container.common.states.datanode.RunningDatanodeState.lambda$execute$0(RunningDatanodeState.java:151)
	at java.util.concurrent.FutureTask.run(FutureTask.java:266)
	at java.util.concurrent.Executors$RunnableAdapter.call(Executors.java:511)
	at java.util.concurrent.FutureTask.run(FutureTask.java:266)
	at java.util.concurrent.ThreadPoolExecutor.runWorker(ThreadPoolExecutor.java:1149)
	at java.util.concurrent.ThreadPoolExecutor$Worker.run(ThreadPoolExecutor.java:624)
	... 1 more
2022-03-04 02:16:40,903 [EndpointStateMachine task thread for /127.0.0.1:42491 - 0 ] INFO  ipc.Client (Client.java:handleConnectionFailure(977)) - Retrying connect to server: localhost/127.0.0.1:42491. Already tried 0 time(s); retry policy is RetryUpToMaximumCountWithFixedSleep(maxRetries=15, sleepTime=1000 MILLISECONDS)
2022-03-04 02:16:40,908 [EndpointStateMachine task thread for /127.0.0.1:35517 - 0 ] INFO  ipc.Client (Client.java:handleConnectionFailure(977)) - Retrying connect to server: localhost/127.0.0.1:35517. Already tried 0 time(s); retry policy is RetryUpToMaximumCountWithFixedSleep(maxRetries=15, sleepTime=1000 MILLISECONDS)
2022-03-04 02:16:40,909 [EndpointStateMachine task thread for /127.0.0.1:42427 - 0 ] INFO  ipc.Client (Client.java:handleConnectionFailure(977)) - Retrying connect to server: localhost/127.0.0.1:42427. Already tried 0 time(s); retry policy is RetryUpToMaximumCountWithFixedSleep(maxRetries=15, sleepTime=1000 MILLISECONDS)
2022-03-04 02:16:41,523 [Datanode State Machine Daemon Thread] ERROR datanode.RunningDatanodeState (RunningDatanodeState.java:computeNextContainerState(201)) - Error in executing end point task.
java.util.concurrent.ExecutionException: java.util.concurrent.TimeoutException
	at java.util.concurrent.FutureTask.report(FutureTask.java:122)
	at java.util.concurrent.FutureTask.get(FutureTask.java:192)
	at org.apache.hadoop.ozone.container.common.states.datanode.RunningDatanodeState.computeNextContainerState(RunningDatanodeState.java:193)
	at org.apache.hadoop.ozone.container.common.states.datanode.RunningDatanodeState.await(RunningDatanodeState.java:233)
	at org.apache.hadoop.ozone.container.common.states.datanode.RunningDatanodeState.await(RunningDatanodeState.java:50)
	at org.apache.hadoop.ozone.container.common.statemachine.StateContext.execute(StateContext.java:658)
	at org.apache.hadoop.ozone.container.common.statemachine.DatanodeStateMachine.startStateMachineThread(DatanodeStateMachine.java:283)
	at org.apache.hadoop.ozone.container.common.statemachine.DatanodeStateMachine.lambda$startDaemon$0(DatanodeStateMachine.java:471)
	at java.lang.Thread.run(Thread.java:750)
Caused by: java.util.concurrent.TimeoutException
	at java.util.concurrent.FutureTask.get(FutureTask.java:205)
	at org.apache.hadoop.ozone.container.common.states.datanode.RunningDatanodeState.lambda$execute$0(RunningDatanodeState.java:151)
	at java.util.concurrent.FutureTask.run(FutureTask.java:266)
	at java.util.concurrent.Executors$RunnableAdapter.call(Executors.java:511)
	at java.util.concurrent.FutureTask.run(FutureTask.java:266)
	at java.util.concurrent.ThreadPoolExecutor.runWorker(ThreadPoolExecutor.java:1149)
	at java.util.concurrent.ThreadPoolExecutor$Worker.run(ThreadPoolExecutor.java:624)
	... 1 more
2022-03-04 02:16:41,722 [58268bb1-183d-4eef-863f-1633152e0ae0@group-F68A9A66EFBB-FollowerState] INFO  impl.FollowerState (FollowerState.java:run(134)) - 58268bb1-183d-4eef-863f-1633152e0ae0@group-F68A9A66EFBB-FollowerState: change to CANDIDATE, lastRpcElapsedTime:5026497654ns, electionTimeout:5012ms
2022-03-04 02:16:41,722 [58268bb1-183d-4eef-863f-1633152e0ae0@group-F68A9A66EFBB-FollowerState] INFO  impl.RoleInfo (RoleInfo.java:shutdownFollowerState(108)) - 58268bb1-183d-4eef-863f-1633152e0ae0: shutdown 58268bb1-183d-4eef-863f-1633152e0ae0@group-F68A9A66EFBB-FollowerState
2022-03-04 02:16:41,722 [58268bb1-183d-4eef-863f-1633152e0ae0@group-F68A9A66EFBB-FollowerState] INFO  server.RaftServer$Division (RaftServerImpl.java:setRole(290)) - 58268bb1-183d-4eef-863f-1633152e0ae0@group-F68A9A66EFBB: changes role from  FOLLOWER to CANDIDATE at term 2 for changeToCandidate
2022-03-04 02:16:41,722 [58268bb1-183d-4eef-863f-1633152e0ae0@group-F68A9A66EFBB-FollowerState] INFO  server.RaftServerConfigKeys (ConfUtils.java:logGet(44)) - raft.server.leaderelection.pre-vote = false (custom)
2022-03-04 02:16:41,722 [58268bb1-183d-4eef-863f-1633152e0ae0@group-F68A9A66EFBB-FollowerState] INFO  impl.RoleInfo (RoleInfo.java:updateAndGet(130)) - 58268bb1-183d-4eef-863f-1633152e0ae0: start 58268bb1-183d-4eef-863f-1633152e0ae0@group-F68A9A66EFBB-LeaderElection25
2022-03-04 02:16:41,736 [58268bb1-183d-4eef-863f-1633152e0ae0@group-F68A9A66EFBB-LeaderElection25] INFO  impl.LeaderElection (LeaderElection.java:askForVotes(306)) - 58268bb1-183d-4eef-863f-1633152e0ae0@group-F68A9A66EFBB-LeaderElection25 ELECTION round 0: submit vote requests at term 3 for -1: [58268bb1-183d-4eef-863f-1633152e0ae0|rpc:127.0.0.1:34573|dataStream:|priority:0, f00d6bae-b380-4908-b4bb-8059ffec7328|rpc:127.0.0.1:36009|dataStream:|priority:0, 9f78c5ee-b52e-497c-a9a6-ead92f3bbe55|rpc:127.0.0.1:38517|dataStream:|priority:1], old=null
2022-03-04 02:16:41,755 [grpc-default-executor-1] INFO  server.RaftServer$Division (RaftServerImpl.java:requestVote(1046)) - f00d6bae-b380-4908-b4bb-8059ffec7328@group-F68A9A66EFBB: receive requestVote(ELECTION, 58268bb1-183d-4eef-863f-1633152e0ae0, group-F68A9A66EFBB, 3, (t:0, i:0))
2022-03-04 02:16:41,756 [grpc-default-executor-1] INFO  impl.VoteContext (VoteContext.java:log(48)) - f00d6bae-b380-4908-b4bb-8059ffec7328@group-F68A9A66EFBB-FOLLOWER: accept ELECTION from 58268bb1-183d-4eef-863f-1633152e0ae0: our priority 0 <= candidate's priority 0
2022-03-04 02:16:41,756 [grpc-default-executor-1] INFO  server.RaftServer$Division (RaftServerImpl.java:setRole(290)) - f00d6bae-b380-4908-b4bb-8059ffec7328@group-F68A9A66EFBB: changes role from  FOLLOWER to FOLLOWER at term 3 for candidate:58268bb1-183d-4eef-863f-1633152e0ae0
2022-03-04 02:16:41,756 [grpc-default-executor-1] INFO  impl.RoleInfo (RoleInfo.java:shutdownFollowerState(108)) - f00d6bae-b380-4908-b4bb-8059ffec7328: shutdown f00d6bae-b380-4908-b4bb-8059ffec7328@group-F68A9A66EFBB-FollowerState
2022-03-04 02:16:41,756 [f00d6bae-b380-4908-b4bb-8059ffec7328@group-F68A9A66EFBB-FollowerState] INFO  impl.FollowerState (FollowerState.java:run(143)) - f00d6bae-b380-4908-b4bb-8059ffec7328@group-F68A9A66EFBB-FollowerState was interrupted: {}
java.lang.InterruptedException: sleep interrupted
	at java.lang.Thread.sleep(Native Method)
	at java.lang.Thread.sleep(Thread.java:342)
	at java.util.concurrent.TimeUnit.sleep(TimeUnit.java:386)
	at org.apache.ratis.util.TimeDuration.sleep(TimeDuration.java:324)
	at org.apache.ratis.util.TimeDuration.sleep(TimeDuration.java:309)
	at org.apache.ratis.server.impl.FollowerState.run(FollowerState.java:118)
2022-03-04 02:16:41,771 [grpc-default-executor-3] INFO  server.RaftServer$Division (RaftServerImpl.java:requestVote(1046)) - 9f78c5ee-b52e-497c-a9a6-ead92f3bbe55@group-F68A9A66EFBB: receive requestVote(ELECTION, 58268bb1-183d-4eef-863f-1633152e0ae0, group-F68A9A66EFBB, 3, (t:0, i:0))
2022-03-04 02:16:41,756 [grpc-default-executor-1] INFO  impl.RoleInfo (RoleInfo.java:updateAndGet(130)) - f00d6bae-b380-4908-b4bb-8059ffec7328: start f00d6bae-b380-4908-b4bb-8059ffec7328@group-F68A9A66EFBB-FollowerState
2022-03-04 02:16:41,773 [grpc-default-executor-3] INFO  impl.VoteContext (VoteContext.java:log(48)) - 9f78c5ee-b52e-497c-a9a6-ead92f3bbe55@group-F68A9A66EFBB-FOLLOWER: reject ELECTION from 58268bb1-183d-4eef-863f-1633152e0ae0: our priority 1 > candidate's priority 0
2022-03-04 02:16:41,773 [grpc-default-executor-3] INFO  server.RaftServer$Division (RaftServerImpl.java:setRole(290)) - 9f78c5ee-b52e-497c-a9a6-ead92f3bbe55@group-F68A9A66EFBB: changes role from  FOLLOWER to FOLLOWER at term 3 for candidate:58268bb1-183d-4eef-863f-1633152e0ae0
2022-03-04 02:16:41,773 [grpc-default-executor-3] INFO  impl.RoleInfo (RoleInfo.java:shutdownFollowerState(108)) - 9f78c5ee-b52e-497c-a9a6-ead92f3bbe55: shutdown 9f78c5ee-b52e-497c-a9a6-ead92f3bbe55@group-F68A9A66EFBB-FollowerState
2022-03-04 02:16:41,773 [9f78c5ee-b52e-497c-a9a6-ead92f3bbe55@group-F68A9A66EFBB-FollowerState] INFO  impl.FollowerState (FollowerState.java:run(143)) - 9f78c5ee-b52e-497c-a9a6-ead92f3bbe55@group-F68A9A66EFBB-FollowerState was interrupted: {}
java.lang.InterruptedException: sleep interrupted
	at java.lang.Thread.sleep(Native Method)
	at java.lang.Thread.sleep(Thread.java:342)
	at java.util.concurrent.TimeUnit.sleep(TimeUnit.java:386)
	at org.apache.ratis.util.TimeDuration.sleep(TimeDuration.java:324)
	at org.apache.ratis.util.TimeDuration.sleep(TimeDuration.java:309)
	at org.apache.ratis.server.impl.FollowerState.run(FollowerState.java:118)
2022-03-04 02:16:41,774 [grpc-default-executor-3] INFO  impl.RoleInfo (RoleInfo.java:updateAndGet(130)) - 9f78c5ee-b52e-497c-a9a6-ead92f3bbe55: start 9f78c5ee-b52e-497c-a9a6-ead92f3bbe55@group-F68A9A66EFBB-FollowerState
2022-03-04 02:16:41,774 [grpc-default-executor-1] INFO  server.RaftServer$Division (RaftServerImpl.java:requestVote(1078)) - f00d6bae-b380-4908-b4bb-8059ffec7328@group-F68A9A66EFBB replies to ELECTION vote request: 58268bb1-183d-4eef-863f-1633152e0ae0<-f00d6bae-b380-4908-b4bb-8059ffec7328#0:OK-t3. Peer's state: f00d6bae-b380-4908-b4bb-8059ffec7328@group-F68A9A66EFBB:t3, leader=null, voted=58268bb1-183d-4eef-863f-1633152e0ae0, raftlog=f00d6bae-b380-4908-b4bb-8059ffec7328@group-F68A9A66EFBB-SegmentedRaftLog:OPENED:c-1, conf=-1: [58268bb1-183d-4eef-863f-1633152e0ae0|rpc:127.0.0.1:34573|priority:0, f00d6bae-b380-4908-b4bb-8059ffec7328|rpc:127.0.0.1:36009|priority:0, 9f78c5ee-b52e-497c-a9a6-ead92f3bbe55|rpc:127.0.0.1:38517|priority:1], old=null
2022-03-04 02:16:41,775 [grpc-default-executor-3] INFO  server.RaftServer$Division (RaftServerImpl.java:requestVote(1078)) - 9f78c5ee-b52e-497c-a9a6-ead92f3bbe55@group-F68A9A66EFBB replies to ELECTION vote request: 58268bb1-183d-4eef-863f-1633152e0ae0<-9f78c5ee-b52e-497c-a9a6-ead92f3bbe55#0:FAIL-t3. Peer's state: 9f78c5ee-b52e-497c-a9a6-ead92f3bbe55@group-F68A9A66EFBB:t3, leader=null, voted=null, raftlog=9f78c5ee-b52e-497c-a9a6-ead92f3bbe55@group-F68A9A66EFBB-SegmentedRaftLog:OPENED:c-1, conf=-1: [58268bb1-183d-4eef-863f-1633152e0ae0|rpc:127.0.0.1:34573|dataStream:|priority:0, f00d6bae-b380-4908-b4bb-8059ffec7328|rpc:127.0.0.1:36009|dataStream:|priority:0, 9f78c5ee-b52e-497c-a9a6-ead92f3bbe55|rpc:127.0.0.1:38517|dataStream:|priority:1], old=null
2022-03-04 02:16:41,777 [58268bb1-183d-4eef-863f-1633152e0ae0@group-F68A9A66EFBB-LeaderElection25] INFO  impl.LeaderElection (LeaderElection.java:logAndReturn(89)) - 58268bb1-183d-4eef-863f-1633152e0ae0@group-F68A9A66EFBB-LeaderElection25: ELECTION REJECTED received 1 response(s) and 0 exception(s):
2022-03-04 02:16:41,777 [58268bb1-183d-4eef-863f-1633152e0ae0@group-F68A9A66EFBB-LeaderElection25] INFO  impl.LeaderElection (LeaderElection.java:logAndReturn(93)) -   Response 0: 58268bb1-183d-4eef-863f-1633152e0ae0<-9f78c5ee-b52e-497c-a9a6-ead92f3bbe55#0:FAIL-t3
2022-03-04 02:16:41,777 [58268bb1-183d-4eef-863f-1633152e0ae0@group-F68A9A66EFBB-LeaderElection25] INFO  impl.LeaderElection (LeaderElection.java:askForVotes(308)) - 58268bb1-183d-4eef-863f-1633152e0ae0@group-F68A9A66EFBB-LeaderElection25 ELECTION round 0: result REJECTED
2022-03-04 02:16:41,777 [58268bb1-183d-4eef-863f-1633152e0ae0@group-F68A9A66EFBB-LeaderElection25] INFO  server.RaftServer$Division (RaftServerImpl.java:setRole(290)) - 58268bb1-183d-4eef-863f-1633152e0ae0@group-F68A9A66EFBB: changes role from CANDIDATE to FOLLOWER at term 3 for REJECTED
2022-03-04 02:16:41,777 [58268bb1-183d-4eef-863f-1633152e0ae0@group-F68A9A66EFBB-LeaderElection25] INFO  impl.RoleInfo (RoleInfo.java:shutdownLeaderElection(121)) - 58268bb1-183d-4eef-863f-1633152e0ae0: shutdown 58268bb1-183d-4eef-863f-1633152e0ae0@group-F68A9A66EFBB-LeaderElection25
2022-03-04 02:16:41,777 [58268bb1-183d-4eef-863f-1633152e0ae0@group-F68A9A66EFBB-LeaderElection25] INFO  impl.RoleInfo (RoleInfo.java:updateAndGet(130)) - 58268bb1-183d-4eef-863f-1633152e0ae0: start 58268bb1-183d-4eef-863f-1633152e0ae0@group-F68A9A66EFBB-FollowerState
2022-03-04 02:16:41,904 [EndpointStateMachine task thread for /127.0.0.1:42491 - 0 ] INFO  ipc.Client (Client.java:handleConnectionFailure(977)) - Retrying connect to server: localhost/127.0.0.1:42491. Already tried 1 time(s); retry policy is RetryUpToMaximumCountWithFixedSleep(maxRetries=15, sleepTime=1000 MILLISECONDS)
2022-03-04 02:16:41,908 [EndpointStateMachine task thread for /127.0.0.1:35517 - 0 ] INFO  ipc.Client (Client.java:handleConnectionFailure(977)) - Retrying connect to server: localhost/127.0.0.1:35517. Already tried 1 time(s); retry policy is RetryUpToMaximumCountWithFixedSleep(maxRetries=15, sleepTime=1000 MILLISECONDS)
2022-03-04 02:16:41,909 [EndpointStateMachine task thread for /127.0.0.1:42427 - 0 ] INFO  ipc.Client (Client.java:handleConnectionFailure(977)) - Retrying connect to server: localhost/127.0.0.1:42427. Already tried 1 time(s); retry policy is RetryUpToMaximumCountWithFixedSleep(maxRetries=15, sleepTime=1000 MILLISECONDS)
2022-03-04 02:16:42,309 [d06750ef-dff7-4786-ad4b-f6962696dc27@group-A031934B8290-LeaderStateImpl] INFO  server.RaftServer$Division (ServerState.java:setRaftConf(387)) - d06750ef-dff7-4786-ad4b-f6962696dc27@group-A031934B8290: set configuration 25: [d06750ef-dff7-4786-ad4b-f6962696dc27|rpc:localhost:40707|admin:|client:|dataStream:|priority:0, 83e3bef9-09fd-4715-b52c-ee2fa92c102d|rpc:localhost:35405|priority:0, d3378977-86d2-46d9-aa75-813a91c491f2|rpc:localhost:41709|priority:0], old=[d06750ef-dff7-4786-ad4b-f6962696dc27|rpc:localhost:40707|admin:|client:|dataStream:|priority:0, d3378977-86d2-46d9-aa75-813a91c491f2|rpc:localhost:41709|priority:0]
2022-03-04 02:16:42,318 [grpc-default-executor-1] INFO  server.RaftServer$Division (ServerState.java:setRaftConf(387)) - d3378977-86d2-46d9-aa75-813a91c491f2@group-A031934B8290: set configuration 25: [d06750ef-dff7-4786-ad4b-f6962696dc27|rpc:localhost:40707|admin:|client:|dataStream:|priority:0, 83e3bef9-09fd-4715-b52c-ee2fa92c102d|rpc:localhost:35405|admin:|client:|dataStream:|priority:0, d3378977-86d2-46d9-aa75-813a91c491f2|rpc:localhost:41709|admin:|client:|dataStream:|priority:0], old=[d06750ef-dff7-4786-ad4b-f6962696dc27|rpc:localhost:40707|admin:|client:|dataStream:|priority:0, d3378977-86d2-46d9-aa75-813a91c491f2|rpc:localhost:41709|admin:|client:|dataStream:|priority:0]
2022-03-04 02:16:42,319 [grpc-default-executor-1] INFO  server.RaftServer$Division (ServerState.java:setRaftConf(387)) - 83e3bef9-09fd-4715-b52c-ee2fa92c102d@group-A031934B8290: set configuration 25: [d06750ef-dff7-4786-ad4b-f6962696dc27|rpc:localhost:40707|admin:|client:|dataStream:|priority:0, 83e3bef9-09fd-4715-b52c-ee2fa92c102d|rpc:localhost:35405|admin:|client:|dataStream:|priority:0, d3378977-86d2-46d9-aa75-813a91c491f2|rpc:localhost:41709|admin:|client:|dataStream:|priority:0], old=[d06750ef-dff7-4786-ad4b-f6962696dc27|rpc:localhost:40707|admin:|client:|dataStream:|priority:0, d3378977-86d2-46d9-aa75-813a91c491f2|rpc:localhost:41709|admin:|client:|dataStream:|priority:0]
2022-03-04 02:16:42,319 [grpc-default-executor-1] INFO  segmented.SegmentedRaftLogWorker (SegmentedRaftLogWorker.java:startLogSegment(394)) - 83e3bef9-09fd-4715-b52c-ee2fa92c102d@group-A031934B8290-SegmentedRaftLogWorker: Starting segment from index:25
2022-03-04 02:16:42,329 [d06750ef-dff7-4786-ad4b-f6962696dc27@group-A031934B8290-LeaderStateImpl] INFO  server.RaftServer$Division (ServerState.java:setRaftConf(387)) - d06750ef-dff7-4786-ad4b-f6962696dc27@group-A031934B8290: set configuration 27: [d06750ef-dff7-4786-ad4b-f6962696dc27|rpc:localhost:40707|admin:|client:|dataStream:|priority:0, 83e3bef9-09fd-4715-b52c-ee2fa92c102d|rpc:localhost:35405|priority:0, d3378977-86d2-46d9-aa75-813a91c491f2|rpc:localhost:41709|priority:0], old=null
2022-03-04 02:16:42,330 [d06750ef-dff7-4786-ad4b-f6962696dc27@group-A031934B8290-StateMachineUpdater] INFO  ha.SCMStateMachine (SCMStateMachine.java:takeSnapshot(297)) - Current Snapshot Index 25, takeSnapshot took 0 ms
2022-03-04 02:16:42,330 [d06750ef-dff7-4786-ad4b-f6962696dc27@group-A031934B8290-StateMachineUpdater] INFO  impl.StateMachineUpdater (StateMachineUpdater.java:takeSnapshot(281)) - d06750ef-dff7-4786-ad4b-f6962696dc27@group-A031934B8290-StateMachineUpdater: Took a snapshot at index 25
2022-03-04 02:16:42,330 [d06750ef-dff7-4786-ad4b-f6962696dc27@group-A031934B8290-StateMachineUpdater] INFO  impl.StateMachineUpdater (StateMachineUpdater.java:lambda$new$0(89)) - d06750ef-dff7-4786-ad4b-f6962696dc27@group-A031934B8290-StateMachineUpdater: snapshotIndex: updateIncreasingly 20 -> 25
2022-03-04 02:16:42,330 [d06750ef-dff7-4786-ad4b-f6962696dc27@group-A031934B8290-StateMachineUpdater] INFO  raftlog.RaftLog (RaftLogBase.java:purge(306)) - d06750ef-dff7-4786-ad4b-f6962696dc27@group-A031934B8290-SegmentedRaftLog: purge 25
2022-03-04 02:16:42,330 [d06750ef-dff7-4786-ad4b-f6962696dc27@group-A031934B8290-StateMachineUpdater] INFO  raftlog.RaftLog (RaftLogBase.java:lambda$new$0(53)) - d06750ef-dff7-4786-ad4b-f6962696dc27@group-A031934B8290-SegmentedRaftLog: snapshotIndex: updateIncreasingly 20 -> 25
2022-03-04 02:16:42,330 [d06750ef-dff7-4786-ad4b-f6962696dc27@group-A031934B8290-StateMachineUpdater] INFO  raftlog.RaftLog (RaftLogBase.java:lambda$new$0(53)) - d06750ef-dff7-4786-ad4b-f6962696dc27@group-A031934B8290-SegmentedRaftLog: purgeIndex: updateToMax old=20, new=25, updated? true
2022-03-04 02:16:42,330 [grpc-default-executor-1] INFO  server.RaftServer$Division (ServerState.java:setRaftConf(387)) - d3378977-86d2-46d9-aa75-813a91c491f2@group-A031934B8290: set configuration 27: [d06750ef-dff7-4786-ad4b-f6962696dc27|rpc:localhost:40707|admin:|client:|dataStream:|priority:0, 83e3bef9-09fd-4715-b52c-ee2fa92c102d|rpc:localhost:35405|admin:|client:|dataStream:|priority:0, d3378977-86d2-46d9-aa75-813a91c491f2|rpc:localhost:41709|admin:|client:|dataStream:|priority:0], old=null
2022-03-04 02:16:42,331 [grpc-default-executor-1] INFO  server.RaftServer$Division (ServerState.java:setRaftConf(387)) - 83e3bef9-09fd-4715-b52c-ee2fa92c102d@group-A031934B8290: set configuration 27: [d06750ef-dff7-4786-ad4b-f6962696dc27|rpc:localhost:40707|admin:|client:|dataStream:|priority:0, 83e3bef9-09fd-4715-b52c-ee2fa92c102d|rpc:localhost:35405|admin:|client:|dataStream:|priority:0, d3378977-86d2-46d9-aa75-813a91c491f2|rpc:localhost:41709|admin:|client:|dataStream:|priority:0], old=null
2022-03-04 02:16:42,340 [83e3bef9-09fd-4715-b52c-ee2fa92c102d@group-A031934B8290-SegmentedRaftLogWorker] INFO  segmented.SegmentedRaftLogWorker (SegmentedRaftLogWorker.java:execute(601)) - 83e3bef9-09fd-4715-b52c-ee2fa92c102d@group-A031934B8290-SegmentedRaftLogWorker: created new log segment /home/runner/work/ozone/ozone/hadoop-ozone/integration-test/target/test-dir/MiniOzoneClusterImpl-ba78f66b-c31d-4d73-90ed-a031934b8290/scmNode-3/scm-ha/ba78f66b-c31d-4d73-90ed-a031934b8290/current/log_inprogress_25
2022-03-04 02:16:42,342 [IPC Server handler 2 on default port 40533] INFO  ha.SCMRatisServerImpl (SCMRatisServerImpl.java:addSCM(303)) - Successfully added new SCM: 83e3bef9-09fd-4715-b52c-ee2fa92c102d.
2022-03-04 02:16:42,342 [Listener at 127.0.0.1/44533] INFO  ha.SCMHAManagerImpl (SCMHAManagerImpl.java:start(117)) - Successfully added SCM scmNode-3 to group group-A031934B8290:[d06750ef-dff7-4786-ad4b-f6962696dc27|rpc:localhost:40707|admin:|client:|dataStream:|priority:0, 83e3bef9-09fd-4715-b52c-ee2fa92c102d|rpc:localhost:35405|admin:|client:|dataStream:|priority:0, d3378977-86d2-46d9-aa75-813a91c491f2|rpc:localhost:41709|admin:|client:|dataStream:|priority:0]
2022-03-04 02:16:42,342 [Listener at 127.0.0.1/44533] INFO  ha.InterSCMGrpcService (InterSCMGrpcProtocolService.java:start(94)) - Starting SCM Grpc Service at port 38293
2022-03-04 02:16:42,343 [Listener at 127.0.0.1/44533] INFO  impl.MetricsSystemImpl (MetricsSystemImpl.java:init(158)) - StorageContainerManager metrics system started (again)
2022-03-04 02:16:42,367 [Listener at 127.0.0.1/44533] INFO  server.SCMClientProtocolServer (SCMClientProtocolServer.java:start(165)) - RPC server for Client  is listening at /0.0.0.0:42319
2022-03-04 02:16:42,367 [IPC Server Responder] INFO  ipc.Server (Server.java:run(1507)) - IPC Server Responder: starting
2022-03-04 02:16:42,368 [IPC Server listener on 42319] INFO  ipc.Server (Server.java:run(1344)) - IPC Server listener on 42319: starting
2022-03-04 02:16:42,421 [Listener at 127.0.0.1/44533] INFO  server.StorageContainerManager (StorageContainerManager.java:start(1342)) - ScmBlockLocationProtocol RPC server is listening at /0.0.0.0:43715
2022-03-04 02:16:42,431 [Listener at 127.0.0.1/44533] INFO  server.SCMBlockProtocolServer (SCMBlockProtocolServer.java:start(151)) - RPC server for Block Protocol is listening at /0.0.0.0:43715
2022-03-04 02:16:42,423 [83e3bef9-09fd-4715-b52c-ee2fa92c102d@group-A031934B8290-StateMachineUpdater] INFO  safemode.HealthyPipelineSafeModeRule (HealthyPipelineSafeModeRule.java:initializeRule(152)) - Refreshed total pipeline count is 1, healthy pipeline threshold count is 1
2022-03-04 02:16:42,431 [83e3bef9-09fd-4715-b52c-ee2fa92c102d@group-A031934B8290-StateMachineUpdater] INFO  safemode.ContainerSafeModeRule (ContainerSafeModeRule.java:reInitializeRule(177)) - Refreshed one replica container threshold 0, currentThreshold 0
2022-03-04 02:16:42,431 [83e3bef9-09fd-4715-b52c-ee2fa92c102d@group-A031934B8290-StateMachineUpdater] INFO  safemode.OneReplicaPipelineSafeModeRule (OneReplicaPipelineSafeModeRule.java:initializeRule(176)) - Refreshed Total pipeline count is 1, pipeline's with at least one datanode reported threshold count is 1
2022-03-04 02:16:42,431 [83e3bef9-09fd-4715-b52c-ee2fa92c102d@group-A031934B8290-StateMachineUpdater] INFO  server.SCMDatanodeProtocolServer (SCMDatanodeProtocolServer.java:start(183)) - ScmDatanodeProtocol RPC server for DataNodes is listening at /0.0.0.0:36193
2022-03-04 02:16:42,432 [IPC Server Responder] INFO  ipc.Server (Server.java:run(1507)) - IPC Server Responder: starting
2022-03-04 02:16:42,432 [IPC Server listener on 43715] INFO  ipc.Server (Server.java:run(1344)) - IPC Server listener on 43715: starting
2022-03-04 02:16:42,441 [Listener at 127.0.0.1/44533] INFO  http.BaseHttpServer (BaseHttpServer.java:newHttpServer2BuilderForOzone(209)) - Starting Web-server for scm at: http://0.0.0.0:42445
2022-03-04 02:16:42,441 [Listener at 127.0.0.1/44533] INFO  http.BaseHttpServer (BaseHttpServer.java:<init>(107)) - Hadoop Security Enabled: false Ozone Security Enabled: false Ozone HTTP Security Enabled: false 
2022-03-04 02:16:42,442 [Listener at 127.0.0.1/44533] INFO  server.AuthenticationFilter (AuthenticationFilter.java:constructSecretProvider(240)) - Unable to initialize FileSignerSecretProvider, falling back to use random secrets.
2022-03-04 02:16:42,455 [org.apache.hadoop.util.JvmPauseMonitor$Monitor@3845dedd] INFO  util.JvmPauseMonitor (JvmPauseMonitor.java:run(188)) - Starting JVM pause monitor
2022-03-04 02:16:42,459 [Listener at 127.0.0.1/44533] WARN  http.HttpRequestLog (HttpRequestLog.java:getRequestLog(103)) - Jetty request log can only be enabled using Log4j
2022-03-04 02:16:42,460 [Listener at 127.0.0.1/44533] INFO  http.HttpServer2 (HttpServer2.java:addGlobalFilter(1030)) - Added global filter 'safety' (class=org.apache.hadoop.hdds.server.http.HttpServer2$QuotingInputFilter)
2022-03-04 02:16:42,461 [Listener at 127.0.0.1/44533] INFO  http.HttpServer2 (HttpServer2.java:addFilter(1006)) - Added filter static_user_filter (class=org.apache.hadoop.http.lib.StaticUserWebFilter$StaticUserFilter) to context scm
2022-03-04 02:16:42,461 [Listener at 127.0.0.1/44533] INFO  http.HttpServer2 (HttpServer2.java:addFilter(1014)) - Added filter static_user_filter (class=org.apache.hadoop.http.lib.StaticUserWebFilter$StaticUserFilter) to context static
2022-03-04 02:16:42,461 [Listener at 127.0.0.1/44533] INFO  http.HttpServer2 (HttpServer2.java:addFilter(1014)) - Added filter static_user_filter (class=org.apache.hadoop.http.lib.StaticUserWebFilter$StaticUserFilter) to context logs
2022-03-04 02:16:42,462 [Listener at 127.0.0.1/44533] INFO  http.HttpServer2 (HttpServer2.java:bindListener(1249)) - Jetty bound to port 42445
2022-03-04 02:16:42,462 [Listener at 127.0.0.1/44533] INFO  server.Server (Server.java:doStart(375)) - jetty-9.4.43.v20210629; built: 2021-06-30T11:07:22.254Z; git: 526006ecfa3af7f1a27ef3a288e2bef7ea9dd7e8; jvm 1.8.0_322-b06
2022-03-04 02:16:42,503 [Listener at 127.0.0.1/44533] INFO  server.session (DefaultSessionIdManager.java:doStart(334)) - DefaultSessionIdManager workerName=node0
2022-03-04 02:16:42,504 [Listener at 127.0.0.1/44533] INFO  server.session (DefaultSessionIdManager.java:doStart(339)) - No SessionScavenger set, using defaults
2022-03-04 02:16:42,504 [Listener at 127.0.0.1/44533] INFO  server.session (HouseKeeper.java:startScavenging(132)) - node0 Scavenging every 660000ms
2022-03-04 02:16:42,505 [Listener at 127.0.0.1/44533] INFO  handler.ContextHandler (ContextHandler.java:doStart(915)) - Started o.e.j.s.ServletContextHandler@6a9659ae{logs,/logs,file:///home/runner/work/ozone/ozone/hadoop-ozone/integration-test/target/log,AVAILABLE}
2022-03-04 02:16:42,505 [Listener at 127.0.0.1/44533] INFO  handler.ContextHandler (ContextHandler.java:doStart(915)) - Started o.e.j.s.ServletContextHandler@363f986e{static,/static,file:///home/runner/work/ozone/ozone/hadoop-ozone/integration-test/target/test-classes/webapps/static,AVAILABLE}
2022-03-04 02:16:42,516 [Listener at 127.0.0.1/44533] INFO  handler.ContextHandler (ContextHandler.java:doStart(915)) - Started o.e.j.w.WebAppContext@632269c1{scm,/,file:///home/runner/work/ozone/ozone/hadoop-ozone/integration-test/target/test-classes/webapps/scm/,AVAILABLE}{file:/home/runner/work/ozone/ozone/hadoop-ozone/integration-test/target/test-classes/webapps/scm}
2022-03-04 02:16:42,532 [Listener at 127.0.0.1/44533] INFO  server.AbstractConnector (AbstractConnector.java:doStart(331)) - Started ServerConnector@2532efdf{HTTP/1.1, (http/1.1)}{0.0.0.0:42445}
2022-03-04 02:16:42,533 [Listener at 127.0.0.1/44533] INFO  server.Server (Server.java:doStart(415)) - Started @114151ms
2022-03-04 02:16:42,533 [Listener at 127.0.0.1/44533] WARN  impl.MetricsSystemImpl (MetricsSystemImpl.java:register(279)) - Sink prometheus already exists!
2022-03-04 02:16:42,533 [Listener at 127.0.0.1/44533] INFO  http.BaseHttpServer (BaseHttpServer.java:updateConnectorAddress(329)) - HTTP server of scm listening at http://0.0.0.0:42445
2022-03-04 02:16:42,534 [Listener at 127.0.0.1/44533] INFO  safemode.SCMSafeModeManager (SCMSafeModeManager.java:exitSafeMode(248)) - SCM exiting safe mode.
2022-03-04 02:16:42,534 [Listener at 127.0.0.1/44533] WARN  events.EventQueue (EventQueue.java:fireEvent(194)) - No event handler registered for event TypedEvent{payloadType=SafeModeStatus, name='Safe mode status'}
2022-03-04 02:16:42,534 [Listener at 127.0.0.1/44533] INFO  ha.SCMContext (SCMContext.java:updateSafeModeStatus(211)) - Update SafeModeStatus from SafeModeStatus{safeModeStatus=true, preCheckPassed=false} to SafeModeStatus{safeModeStatus=false, preCheckPassed=true}.
2022-03-04 02:16:42,541 [Listener at 127.0.0.1/44533] INFO  db.RDBCheckpointManager (RDBCheckpointManager.java:createCheckpoint(86)) - Created checkpoint at /home/runner/work/ozone/ozone/hadoop-ozone/integration-test/target/test-dir/MiniOzoneClusterImpl-ba78f66b-c31d-4d73-90ed-a031934b8290/scmNode-1/db.checkpoints/scm.db_checkpoint_1646360202534 in 7 milliseconds
2022-03-04 02:16:42,542 [Listener at 127.0.0.1/44533] INFO  server.SCMDatanodeProtocolServer (SCMDatanodeProtocolServer.java:start(183)) - ScmDatanodeProtocol RPC server for DataNodes is listening at /0.0.0.0:36193
2022-03-04 02:16:42,550 [IPC Server listener on 36193] INFO  ipc.Server (Server.java:run(1344)) - IPC Server listener on 36193: starting
2022-03-04 02:16:42,551 [83e3bef9-09fd-4715-b52c-ee2fa92c102d@group-A031934B8290-StateMachineUpdater] ERROR impl.StateMachineUpdater (StateMachineUpdater.java:run(191)) - 83e3bef9-09fd-4715-b52c-ee2fa92c102d@group-A031934B8290-StateMachineUpdater caught a Throwable.
java.lang.IllegalStateException: 83e3bef9-09fd-4715-b52c-ee2fa92c102d: Failed updateLastAppliedTermIndex: newTI = (t:2, i:26) < oldTI = (t:2, i:128)
	at org.apache.ratis.util.Preconditions.assertTrue(Preconditions.java:72)
	at org.apache.ratis.statemachine.impl.BaseStateMachine.updateLastAppliedTermIndex(BaseStateMachine.java:142)
	at org.apache.hadoop.hdds.scm.ha.SCMStateMachine.notifyTermIndexUpdated(SCMStateMachine.java:310)
	at org.apache.ratis.server.impl.RaftServerImpl.applyLogToStateMachine(RaftServerImpl.java:1701)
	at org.apache.ratis.server.impl.StateMachineUpdater.applyLog(StateMachineUpdater.java:234)
	at org.apache.ratis.server.impl.StateMachineUpdater.run(StateMachineUpdater.java:179)
	at java.lang.Thread.run(Thread.java:750)
2022-03-04 02:16:42,551 [83e3bef9-09fd-4715-b52c-ee2fa92c102d@group-A031934B8290-StateMachineUpdater] INFO  server.RaftServer$Division (RaftServerImpl.java:lambda$close$4(412)) - 83e3bef9-09fd-4715-b52c-ee2fa92c102d@group-A031934B8290: shutdown
2022-03-04 02:16:42,552 [83e3bef9-09fd-4715-b52c-ee2fa92c102d@group-A031934B8290-StateMachineUpdater] INFO  util.JmxRegister (JmxRegister.java:unregister(73)) - Successfully un-registered JMX Bean with object name Ratis:service=RaftServer,group=group-A031934B8290,id=83e3bef9-09fd-4715-b52c-ee2fa92c102d
2022-03-04 02:16:42,552 [83e3bef9-09fd-4715-b52c-ee2fa92c102d@group-A031934B8290-StateMachineUpdater] INFO  impl.RoleInfo (RoleInfo.java:shutdownFollowerState(108)) - 83e3bef9-09fd-4715-b52c-ee2fa92c102d: shutdown 83e3bef9-09fd-4715-b52c-ee2fa92c102d@group-A031934B8290-FollowerState
2022-03-04 02:16:42,552 [83e3bef9-09fd-4715-b52c-ee2fa92c102d@group-A031934B8290-FollowerState] INFO  impl.FollowerState (FollowerState.java:run(143)) - 83e3bef9-09fd-4715-b52c-ee2fa92c102d@group-A031934B8290-FollowerState was interrupted: {}
java.lang.InterruptedException: sleep interrupted
	at java.lang.Thread.sleep(Native Method)
	at java.lang.Thread.sleep(Thread.java:342)
	at java.util.concurrent.TimeUnit.sleep(TimeUnit.java:386)
	at org.apache.ratis.util.TimeDuration.sleep(TimeDuration.java:324)
	at org.apache.ratis.util.TimeDuration.sleep(TimeDuration.java:309)
	at org.apache.ratis.server.impl.FollowerState.run(FollowerState.java:118)
2022-03-04 02:16:42,563 [IPC Server Responder] INFO  ipc.Server (Server.java:run(1507)) - IPC Server Responder: starting
2022-03-04 02:16:42,565 [Listener at 127.0.0.1/44533] INFO  ozone.MiniOzoneClusterImpl (MiniOzoneClusterImpl.java:shutdown(449)) - Shutting down the Mini Ozone Cluster
2022-03-04 02:16:42,565 [Listener at 127.0.0.1/44533] INFO  ozone.MiniOzoneHAClusterImpl (MiniOzoneHAClusterImpl.java:stop(308)) - Stopping the OzoneManager omNode-1
2022-03-04 02:16:42,565 [Listener at 127.0.0.1/44533] INFO  om.OzoneManager (OzoneManager.java:stop(1893)) - omNode-1[localhost:44533]: Stopping Ozone Manager
2022-03-04 02:16:42,566 [Listener at 127.0.0.1/44533] INFO  ipc.Server (Server.java:stop(3414)) - Stopping server on 44533
2022-03-04 02:16:42,576 [IPC Server handler 4 on default port 36193] INFO  ipc.Server (Server.java:run(1026)) - IPC Server handler 4 on default port 36193: skipped Call#207 Retry#0 org.apache.hadoop.ozone.protocol.StorageContainerDatanodeProtocol.submitRequest from 127.0.0.1:49984
2022-03-04 02:16:42,577 [Datanode State Machine Daemon Thread] ERROR datanode.RunningDatanodeState (RunningDatanodeState.java:computeNextContainerState(201)) - Error in executing end point task.
java.util.concurrent.ExecutionException: java.util.concurrent.TimeoutException
	at java.util.concurrent.FutureTask.report(FutureTask.java:122)
	at java.util.concurrent.FutureTask.get(FutureTask.java:192)
	at org.apache.hadoop.ozone.container.common.states.datanode.RunningDatanodeState.computeNextContainerState(RunningDatanodeState.java:193)
	at org.apache.hadoop.ozone.container.common.states.datanode.RunningDatanodeState.await(RunningDatanodeState.java:233)
	at org.apache.hadoop.ozone.container.common.states.datanode.RunningDatanodeState.await(RunningDatanodeState.java:50)
	at org.apache.hadoop.ozone.container.common.statemachine.StateContext.execute(StateContext.java:658)
	at org.apache.hadoop.ozone.container.common.statemachine.DatanodeStateMachine.startStateMachineThread(DatanodeStateMachine.java:283)
	at org.apache.hadoop.ozone.container.common.statemachine.DatanodeStateMachine.lambda$startDaemon$0(DatanodeStateMachine.java:471)
	at java.lang.Thread.run(Thread.java:750)
Caused by: java.util.concurrent.TimeoutException
	at java.util.concurrent.FutureTask.get(FutureTask.java:205)
	at org.apache.hadoop.ozone.container.common.states.datanode.RunningDatanodeState.lambda$execute$0(RunningDatanodeState.java:151)
	at java.util.concurrent.FutureTask.run(FutureTask.java:266)
	at java.util.concurrent.Executors$RunnableAdapter.call(Executors.java:511)
	at java.util.concurrent.FutureTask.run(FutureTask.java:266)
	at java.util.concurrent.ThreadPoolExecutor.runWorker(ThreadPoolExecutor.java:1149)
	at java.util.concurrent.ThreadPoolExecutor$Worker.run(ThreadPoolExecutor.java:624)
	... 1 more
2022-03-04 02:16:42,581 [IPC Server handler 2 on default port 36193] WARN  ipc.Server (Server.java:processResponse(1717)) - IPC Server handler 2 on default port 36193, call Call#235 Retry#0 org.apache.hadoop.ozone.protocol.StorageContainerDatanodeProtocol.submitRequest from 127.0.0.1:50034: output error
2022-03-04 02:16:42,582 [IPC Server handler 2 on default port 36193] INFO  ipc.Server (Server.java:run(2979)) - IPC Server handler 2 on default port 36193 caught an exception
java.nio.channels.ClosedChannelException
	at sun.nio.ch.SocketChannelImpl.ensureWriteOpen(SocketChannelImpl.java:269)
	at sun.nio.ch.SocketChannelImpl.write(SocketChannelImpl.java:460)
	at org.apache.hadoop.ipc.Server.channelWrite(Server.java:3605)
	at org.apache.hadoop.ipc.Server.access$1700(Server.java:141)
	at org.apache.hadoop.ipc.Server$Responder.processResponse(Server.java:1667)
	at org.apache.hadoop.ipc.Server$Responder.doRespond(Server.java:1737)
	at org.apache.hadoop.ipc.Server$Connection.sendResponse(Server.java:2837)
	at org.apache.hadoop.ipc.Server$Connection.access$300(Server.java:1809)
	at org.apache.hadoop.ipc.Server$RpcCall.doResponse(Server.java:1117)
	at org.apache.hadoop.ipc.Server$Call.doResponse(Server.java:909)
	at org.apache.hadoop.ipc.Server$Call.sendResponse(Server.java:895)
	at org.apache.hadoop.ipc.Server$RpcCall.run(Server.java:1052)
	at org.apache.hadoop.ipc.Server$RpcCall.run(Server.java:963)
	at java.security.AccessController.doPrivileged(Native Method)
	at javax.security.auth.Subject.doAs(Subject.java:422)
	at org.apache.hadoop.security.UserGroupInformation.doAs(UserGroupInformation.java:1878)
	at org.apache.hadoop.ipc.Server$Handler.run(Server.java:2966)
2022-03-04 02:16:42,581 [IPC Server handler 1 on default port 36193] WARN  ipc.Server (Server.java:processResponse(1717)) - IPC Server handler 1 on default port 36193, call Call#278 Retry#0 org.apache.hadoop.ozone.protocol.StorageContainerDatanodeProtocol.submitRequest from 127.0.0.1:50082: output error
2022-03-04 02:16:42,583 [IPC Server handler 1 on default port 36193] INFO  ipc.Server (Server.java:run(2979)) - IPC Server handler 1 on default port 36193 caught an exception
java.nio.channels.ClosedChannelException
	at sun.nio.ch.SocketChannelImpl.ensureWriteOpen(SocketChannelImpl.java:269)
	at sun.nio.ch.SocketChannelImpl.write(SocketChannelImpl.java:460)
	at org.apache.hadoop.ipc.Server.channelWrite(Server.java:3605)
	at org.apache.hadoop.ipc.Server.access$1700(Server.java:141)
	at org.apache.hadoop.ipc.Server$Responder.processResponse(Server.java:1667)
	at org.apache.hadoop.ipc.Server$Responder.doRespond(Server.java:1737)
	at org.apache.hadoop.ipc.Server$Connection.sendResponse(Server.java:2837)
	at org.apache.hadoop.ipc.Server$Connection.access$300(Server.java:1809)
	at org.apache.hadoop.ipc.Server$RpcCall.doResponse(Server.java:1117)
	at org.apache.hadoop.ipc.Server$Call.doResponse(Server.java:909)
	at org.apache.hadoop.ipc.Server$Call.sendResponse(Server.java:895)
	at org.apache.hadoop.ipc.Server$RpcCall.run(Server.java:1052)
	at org.apache.hadoop.ipc.Server$RpcCall.run(Server.java:963)
	at java.security.AccessController.doPrivileged(Native Method)
	at javax.security.auth.Subject.doAs(Subject.java:422)
	at org.apache.hadoop.security.UserGroupInformation.doAs(UserGroupInformation.java:1878)
	at org.apache.hadoop.ipc.Server$Handler.run(Server.java:2966)
2022-03-04 02:16:42,581 [IPC Server handler 0 on default port 36193] WARN  ipc.Server (Server.java:processResponse(1717)) - IPC Server handler 0 on default port 36193, call Call#313 Retry#0 org.apache.hadoop.ozone.protocol.StorageContainerDatanodeProtocol.submitRequest from 127.0.0.1:50126: output error
2022-03-04 02:16:42,583 [IPC Server handler 0 on default port 36193] INFO  ipc.Server (Server.java:run(2979)) - IPC Server handler 0 on default port 36193 caught an exception
java.nio.channels.ClosedChannelException
	at sun.nio.ch.SocketChannelImpl.ensureWriteOpen(SocketChannelImpl.java:269)
	at sun.nio.ch.SocketChannelImpl.write(SocketChannelImpl.java:460)
	at org.apache.hadoop.ipc.Server.channelWrite(Server.java:3605)
	at org.apache.hadoop.ipc.Server.access$1700(Server.java:141)
	at org.apache.hadoop.ipc.Server$Responder.processResponse(Server.java:1667)
	at org.apache.hadoop.ipc.Server$Responder.doRespond(Server.java:1737)
	at org.apache.hadoop.ipc.Server$Connection.sendResponse(Server.java:2837)
	at org.apache.hadoop.ipc.Server$Connection.access$300(Server.java:1809)
	at org.apache.hadoop.ipc.Server$RpcCall.doResponse(Server.java:1117)
	at org.apache.hadoop.ipc.Server$Call.doResponse(Server.java:909)
	at org.apache.hadoop.ipc.Server$Call.sendResponse(Server.java:895)
	at org.apache.hadoop.ipc.Server$RpcCall.run(Server.java:1052)
	at org.apache.hadoop.ipc.Server$RpcCall.run(Server.java:963)
	at java.security.AccessController.doPrivileged(Native Method)
	at javax.security.auth.Subject.doAs(Subject.java:422)
	at org.apache.hadoop.security.UserGroupInformation.doAs(UserGroupInformation.java:1878)
	at org.apache.hadoop.ipc.Server$Handler.run(Server.java:2966)
2022-03-04 02:16:42,580 [EndpointStateMachine task thread for /127.0.0.1:36193 - 0 ] INFO  ozoneimpl.OzoneContainer (OzoneContainer.java:start(331)) - Ignore. OzoneContainer already started.
2022-03-04 02:16:42,579 [IPC Server handler 13 on default port 36193] INFO  ipc.Server (Server.java:run(1026)) - IPC Server handler 13 on default port 36193: skipped Call#213 Retry#0 org.apache.hadoop.ozone.protocol.StorageContainerDatanodeProtocol.submitRequest from 127.0.0.1:49984
2022-03-04 02:16:42,579 [IPC Server handler 11 on default port 36193] INFO  ipc.Server (Server.java:run(1026)) - IPC Server handler 11 on default port 36193: skipped Call#237 Retry#0 org.apache.hadoop.ozone.protocol.StorageContainerDatanodeProtocol.submitRequest from 127.0.0.1:50034
2022-03-04 02:16:42,579 [IPC Server handler 10 on default port 36193] INFO  ipc.Server (Server.java:run(1026)) - IPC Server handler 10 on default port 36193: skipped Call#279 Retry#0 org.apache.hadoop.ozone.protocol.StorageContainerDatanodeProtocol.submitRequest from 127.0.0.1:50082
2022-03-04 02:16:42,579 [IPC Server handler 9 on default port 36193] INFO  ipc.Server (Server.java:run(1026)) - IPC Server handler 9 on default port 36193: skipped Call#315 Retry#0 org.apache.hadoop.ozone.protocol.StorageContainerDatanodeProtocol.submitRequest from 127.0.0.1:50126
2022-03-04 02:16:42,579 [IPC Server handler 8 on default port 36193] INFO  ipc.Server (Server.java:run(1026)) - IPC Server handler 8 on default port 36193: skipped Call#210 Retry#0 org.apache.hadoop.ozone.protocol.StorageContainerDatanodeProtocol.submitRequest from 127.0.0.1:49984
2022-03-04 02:16:42,578 [83e3bef9-09fd-4715-b52c-ee2fa92c102d@group-A031934B8290-StateMachineUpdater] INFO  server.RaftServer$Division (ServerState.java:close(419)) - 83e3bef9-09fd-4715-b52c-ee2fa92c102d@group-A031934B8290: closes. applyIndex: 26
2022-03-04 02:16:42,577 [IPC Server handler 7 on default port 36193] INFO  ipc.Server (Server.java:run(1026)) - IPC Server handler 7 on default port 36193: skipped Call#236 Retry#0 org.apache.hadoop.ozone.protocol.StorageContainerDatanodeProtocol.submitRequest from 127.0.0.1:50034
2022-03-04 02:16:42,584 [83e3bef9-09fd-4715-b52c-ee2fa92c102d@group-A031934B8290-SegmentedRaftLogWorker] INFO  segmented.SegmentedRaftLogWorker (SegmentedRaftLogWorker.java:run(327)) - 83e3bef9-09fd-4715-b52c-ee2fa92c102d@group-A031934B8290-SegmentedRaftLogWorker was interrupted, exiting. There are 0 tasks remaining in the queue.
2022-03-04 02:16:42,577 [IPC Server handler 6 on default port 36193] INFO  ipc.Server (Server.java:run(1026)) - IPC Server handler 6 on default port 36193: skipped Call#280 Retry#0 org.apache.hadoop.ozone.protocol.StorageContainerDatanodeProtocol.submitRequest from 127.0.0.1:50082
2022-03-04 02:16:42,577 [IPC Server handler 4 on default port 36193] INFO  ipc.Server (Server.java:run(1026)) - IPC Server handler 4 on default port 36193: skipped Call#314 Retry#0 org.apache.hadoop.ozone.protocol.StorageContainerDatanodeProtocol.submitRequest from 127.0.0.1:50126
2022-03-04 02:16:42,594 [EndpointStateMachine task thread for /127.0.0.1:36193 - 0 ] INFO  ozoneimpl.OzoneContainer (OzoneContainer.java:start(331)) - Ignore. OzoneContainer already started.
2022-03-04 02:16:42,594 [83e3bef9-09fd-4715-b52c-ee2fa92c102d@group-A031934B8290-StateMachineUpdater] INFO  segmented.SegmentedRaftLogWorker (SegmentedRaftLogWorker.java:close(237)) - 83e3bef9-09fd-4715-b52c-ee2fa92c102d@group-A031934B8290-SegmentedRaftLogWorker close()
2022-03-04 02:16:42,595 [EndpointStateMachine task thread for /127.0.0.1:36193 - 0 ] INFO  ozoneimpl.OzoneContainer (OzoneContainer.java:start(331)) - Ignore. OzoneContainer already started.
2022-03-04 02:16:42,602 [IPC Server listener on 44533] INFO  ipc.Server (Server.java:run(1376)) - Stopping IPC Server listener on 44533
2022-03-04 02:16:42,603 [IPC Server Responder] INFO  ipc.Server (Server.java:run(1512)) - Stopping IPC Server Responder
2022-03-04 02:16:42,603 [Listener at 127.0.0.1/44533] INFO  server.RaftServer (RaftServerProxy.java:lambda$close$6(391)) - omNode-1: close
2022-03-04 02:16:42,603 [Listener at 127.0.0.1/44533] INFO  server.RaftServer$Division (RaftServerImpl.java:lambda$close$4(412)) - omNode-1@group-523986131536: shutdown
2022-03-04 02:16:42,603 [Listener at 127.0.0.1/44533] INFO  util.JmxRegister (JmxRegister.java:unregister(73)) - Successfully un-registered JMX Bean with object name Ratis:service=RaftServer,group=group-523986131536,id=omNode-1
2022-03-04 02:16:42,603 [Listener at 127.0.0.1/44533] INFO  impl.RoleInfo (RoleInfo.java:shutdownLeaderState(91)) - omNode-1: shutdown omNode-1@group-523986131536-LeaderStateImpl
2022-03-04 02:16:42,604 [Listener at 127.0.0.1/44533] INFO  impl.PendingRequests (PendingRequests.java:sendNotLeaderResponses(282)) - omNode-1@group-523986131536-PendingRequests: sendNotLeaderResponses
2022-03-04 02:16:42,604 [Listener at 127.0.0.1/44533] INFO  impl.StateMachineUpdater (StateMachineUpdater.java:stopAndJoin(149)) - omNode-1@group-523986131536-StateMachineUpdater: set stopIndex = 0
2022-03-04 02:16:42,605 [omNode-1@group-523986131536-StateMachineUpdater] INFO  ratis.OzoneManagerStateMachine (OzoneManagerStateMachine.java:takeSnapshot(417)) - Current Snapshot Index (t:1, i:0)
2022-03-04 02:16:42,605 [omNode-1@group-523986131536-StateMachineUpdater] INFO  impl.StateMachineUpdater (StateMachineUpdater.java:takeSnapshot(281)) - omNode-1@group-523986131536-StateMachineUpdater: Took a snapshot at index 0
2022-03-04 02:16:42,605 [omNode-1@group-523986131536-StateMachineUpdater] INFO  impl.StateMachineUpdater (StateMachineUpdater.java:lambda$new$0(89)) - omNode-1@group-523986131536-StateMachineUpdater: snapshotIndex: updateIncreasingly -1 -> 0
2022-03-04 02:16:42,605 [omNode-1@group-523986131536-StateMachineUpdater] INFO  ratis.OzoneManagerStateMachine (OzoneManagerStateMachine.java:close(471)) - StateMachine has shutdown. Shutdown OzoneManager if not already shutdown.
2022-03-04 02:16:42,607 [Listener at 127.0.0.1/44533] INFO  server.RaftServer$Division (ServerState.java:close(419)) - omNode-1@group-523986131536: closes. applyIndex: 0
2022-03-04 02:16:42,608 [omNode-1@group-523986131536-SegmentedRaftLogWorker] INFO  segmented.SegmentedRaftLogWorker (SegmentedRaftLogWorker.java:run(327)) - omNode-1@group-523986131536-SegmentedRaftLogWorker was interrupted, exiting. There are 0 tasks remaining in the queue.
2022-03-04 02:16:42,617 [Listener at 127.0.0.1/44533] INFO  segmented.SegmentedRaftLogWorker (SegmentedRaftLogWorker.java:close(237)) - omNode-1@group-523986131536-SegmentedRaftLogWorker close()
2022-03-04 02:16:42,620 [Listener at 127.0.0.1/44533] INFO  server.GrpcService (GrpcService.java:closeImpl(262)) - omNode-1: shutdown server with port 34329 now
2022-03-04 02:16:42,622 [Listener at 127.0.0.1/44533] INFO  server.GrpcService (GrpcService.java:closeImpl(271)) - omNode-1: shutdown server with port 34329 successfully
2022-03-04 02:16:42,622 [org.apache.ratis.util.JvmPauseMonitor$$Lambda$503/666911607@5ca3308c] INFO  util.JvmPauseMonitor (JvmPauseMonitor.java:run(109)) - JvmPauseMonitor-omNode-1: Stopped
2022-03-04 02:16:42,622 [Listener at 127.0.0.1/44533] INFO  ratis.OzoneManagerDoubleBuffer (OzoneManagerDoubleBuffer.java:stop(437)) - Stopping OMDoubleBuffer flush thread
2022-03-04 02:16:42,622 [OMDoubleBufferFlushThread] INFO  ratis.OzoneManagerDoubleBuffer (OzoneManagerDoubleBuffer.java:flushTransactions(356)) - OMDoubleBuffer flush thread OMDoubleBufferFlushThread is interrupted and will exit. OMDoubleBufferFlushThread
2022-03-04 02:16:42,622 [Listener at 127.0.0.1/44533] INFO  utils.BackgroundService (BackgroundService.java:shutdown(132)) - Shutting down service KeyDeletingService
2022-03-04 02:16:42,623 [Listener at 127.0.0.1/44533] INFO  utils.BackgroundService (BackgroundService.java:shutdown(132)) - Shutting down service DirectoryDeletingService
2022-03-04 02:16:42,624 [Listener at 127.0.0.1/44533] INFO  handler.ContextHandler (ContextHandler.java:doStop(1153)) - Stopped o.e.j.w.WebAppContext@48afc94c{ozoneManager,/,null,STOPPED}{file:/home/runner/work/ozone/ozone/hadoop-ozone/integration-test/target/test-classes/webapps/ozoneManager}
2022-03-04 02:16:42,624 [Listener at 127.0.0.1/44533] INFO  server.AbstractConnector (AbstractConnector.java:doStop(381)) - Stopped ServerConnector@472ea479{HTTP/1.1, (http/1.1)}{0.0.0.0:32855}
2022-03-04 02:16:42,624 [Listener at 127.0.0.1/44533] INFO  server.session (HouseKeeper.java:stopScavenging(149)) - node0 Stopped scavenging
2022-03-04 02:16:42,625 [Listener at 127.0.0.1/44533] INFO  handler.ContextHandler (ContextHandler.java:doStop(1153)) - Stopped o.e.j.s.ServletContextHandler@571aeb15{static,/static,file:///home/runner/work/ozone/ozone/hadoop-ozone/integration-test/target/test-classes/webapps/static,STOPPED}
2022-03-04 02:16:42,625 [Listener at 127.0.0.1/44533] INFO  handler.ContextHandler (ContextHandler.java:doStop(1153)) - Stopped o.e.j.s.ServletContextHandler@40bbcdbb{logs,/logs,file:///home/runner/work/ozone/ozone/hadoop-ozone/integration-test/target/log,STOPPED}
2022-03-04 02:16:42,637 [Listener at 127.0.0.1/44533] INFO  ozone.MiniOzoneHAClusterImpl (MiniOzoneHAClusterImpl.java:stop(316)) - Stopping the StorageContainerManager d3378977-86d2-46d9-aa75-813a91c491f2
2022-03-04 02:16:42,637 [Listener at 127.0.0.1/44533] INFO  server.StorageContainerManager (StorageContainerManager.java:stop(1414)) - Stopping Container Balancer service.
2022-03-04 02:16:42,637 [Listener at 127.0.0.1/44533] INFO  balancer.ContainerBalancer (ContainerBalancer.java:stop(788)) - Container Balancer is not running.
2022-03-04 02:16:42,637 [Listener at 127.0.0.1/44533] INFO  server.StorageContainerManager (StorageContainerManager.java:stop(1421)) - Stopping Replication Manager Service.
2022-03-04 02:16:42,637 [Listener at 127.0.0.1/44533] INFO  container.ReplicationManager (ReplicationManager.java:stop(357)) - Stopping Replication Monitor Thread.
2022-03-04 02:16:42,637 [Listener at 127.0.0.1/44533] INFO  server.StorageContainerManager (StorageContainerManager.java:stop(1428)) - Stopping the Datanode Admin Monitor.
2022-03-04 02:16:42,638 [Listener at 127.0.0.1/44533] INFO  server.StorageContainerManager (StorageContainerManager.java:stop(1435)) - Stopping Lease Manager of the command watchers
2022-03-04 02:16:42,639 [Listener at 127.0.0.1/44533] INFO  server.StorageContainerManager (StorageContainerManager.java:stop(1442)) - Stopping datanode service RPC server
2022-03-04 02:16:42,639 [Listener at 127.0.0.1/44533] INFO  server.SCMDatanodeProtocolServer (SCMDatanodeProtocolServer.java:stop(400)) - Stopping the RPC server for DataNodes
2022-03-04 02:16:42,639 [Listener at 127.0.0.1/44533] INFO  ipc.Server (Server.java:stop(3414)) - Stopping server on 45947
2022-03-04 02:16:42,647 [IPC Server listener on 45947] INFO  ipc.Server (Server.java:run(1376)) - Stopping IPC Server listener on 45947
2022-03-04 02:16:42,649 [IPC Server Responder] INFO  ipc.Server (Server.java:run(1512)) - Stopping IPC Server Responder
2022-03-04 02:16:42,666 [SCM Heartbeat Processing Thread - 0] WARN  node.NodeStateManager (NodeStateManager.java:scheduleNextHealthCheck(815)) - Current Thread is interrupted, shutting down HB processing thread for Node Manager.
2022-03-04 02:16:42,666 [Listener at 127.0.0.1/44533] INFO  server.StorageContainerManager (StorageContainerManager.java:stop(1450)) - Stopping block service RPC server
2022-03-04 02:16:42,666 [Listener at 127.0.0.1/44533] INFO  server.SCMBlockProtocolServer (SCMBlockProtocolServer.java:stop(160)) - Stopping the RPC server for Block Protocol
2022-03-04 02:16:42,666 [Listener at 127.0.0.1/44533] INFO  ipc.Server (Server.java:stop(3414)) - Stopping server on 46727
2022-03-04 02:16:42,671 [IPC Server listener on 46727] INFO  ipc.Server (Server.java:run(1376)) - Stopping IPC Server listener on 46727
2022-03-04 02:16:42,674 [Listener at 127.0.0.1/44533] INFO  server.StorageContainerManager (StorageContainerManager.java:stop(1457)) - Stopping the StorageContainerLocationProtocol RPC server
2022-03-04 02:16:42,674 [Listener at 127.0.0.1/44533] INFO  server.SCMClientProtocolServer (SCMClientProtocolServer.java:stop(174)) - Stopping the RPC server for Client Protocol
2022-03-04 02:16:42,674 [Listener at 127.0.0.1/44533] INFO  ipc.Server (Server.java:stop(3414)) - Stopping server on 35065
2022-03-04 02:16:42,674 [IPC Server Responder] INFO  ipc.Server (Server.java:run(1512)) - Stopping IPC Server Responder
2022-03-04 02:16:42,680 [IPC Server listener on 35065] INFO  ipc.Server (Server.java:run(1376)) - Stopping IPC Server listener on 35065
2022-03-04 02:16:42,680 [Listener at 127.0.0.1/44533] INFO  server.StorageContainerManager (StorageContainerManager.java:stop(1464)) - Stopping Storage Container Manager HTTP server.
2022-03-04 02:16:42,680 [IPC Server Responder] INFO  ipc.Server (Server.java:run(1512)) - Stopping IPC Server Responder
2022-03-04 02:16:42,680 [Listener at 127.0.0.1/44533] INFO  handler.ContextHandler (ContextHandler.java:doStop(1153)) - Stopped o.e.j.w.WebAppContext@4f843511{scm,/,null,STOPPED}{file:/home/runner/work/ozone/ozone/hadoop-ozone/integration-test/target/test-classes/webapps/scm}
2022-03-04 02:16:42,682 [Listener at 127.0.0.1/44533] INFO  server.AbstractConnector (AbstractConnector.java:doStop(381)) - Stopped ServerConnector@342b545a{HTTP/1.1, (http/1.1)}{0.0.0.0:44877}
2022-03-04 02:16:42,682 [Listener at 127.0.0.1/44533] INFO  server.session (HouseKeeper.java:stopScavenging(149)) - node0 Stopped scavenging
2022-03-04 02:16:42,683 [Listener at 127.0.0.1/44533] INFO  handler.ContextHandler (ContextHandler.java:doStop(1153)) - Stopped o.e.j.s.ServletContextHandler@13fda74e{static,/static,file:///home/runner/work/ozone/ozone/hadoop-ozone/integration-test/target/test-classes/webapps/static,STOPPED}
2022-03-04 02:16:42,683 [Listener at 127.0.0.1/44533] INFO  handler.ContextHandler (ContextHandler.java:doStop(1153)) - Stopped o.e.j.s.ServletContextHandler@1332f32{logs,/logs,file:///home/runner/work/ozone/ozone/hadoop-ozone/integration-test/target/log,STOPPED}
2022-03-04 02:16:42,685 [Listener at 127.0.0.1/44533] INFO  server.StorageContainerManager (StorageContainerManager.java:stop(1475)) - Stopping Block Manager Service.
2022-03-04 02:16:42,685 [Listener at 127.0.0.1/44533] INFO  utils.BackgroundService (BackgroundService.java:shutdown(132)) - Shutting down service SCMBlockDeletingService
2022-03-04 02:16:42,685 [Listener at 127.0.0.1/44533] INFO  utils.BackgroundService (BackgroundService.java:shutdown(132)) - Shutting down service SCMBlockDeletingService
2022-03-04 02:16:42,686 [Listener at 127.0.0.1/44533] INFO  server.StorageContainerManager (StorageContainerManager.java:stop(1502)) - Stopping SCM Event Queue.
2022-03-04 02:16:42,687 [Listener at 127.0.0.1/44533] INFO  server.StorageContainerManager (StorageContainerManager.java:stop(1513)) - Stopping SCM HA services.
2022-03-04 02:16:42,687 [Listener at 127.0.0.1/44533] INFO  ha.SCMRatisServerImpl (SCMRatisServerImpl.java:stop(236)) - stopping ratis server 0.0.0.0:41709
2022-03-04 02:16:42,687 [Listener at 127.0.0.1/44533] INFO  server.RaftServer (RaftServerProxy.java:lambda$close$6(391)) - d3378977-86d2-46d9-aa75-813a91c491f2: close
2022-03-04 02:16:42,687 [Listener at 127.0.0.1/44533] INFO  server.RaftServer$Division (RaftServerImpl.java:lambda$close$4(412)) - d3378977-86d2-46d9-aa75-813a91c491f2@group-A031934B8290: shutdown
2022-03-04 02:16:42,688 [Listener at 127.0.0.1/44533] INFO  util.JmxRegister (JmxRegister.java:unregister(73)) - Successfully un-registered JMX Bean with object name Ratis:service=RaftServer,group=group-A031934B8290,id=d3378977-86d2-46d9-aa75-813a91c491f2
2022-03-04 02:16:42,688 [Listener at 127.0.0.1/44533] INFO  impl.RoleInfo (RoleInfo.java:shutdownFollowerState(108)) - d3378977-86d2-46d9-aa75-813a91c491f2: shutdown d3378977-86d2-46d9-aa75-813a91c491f2@group-A031934B8290-FollowerState
2022-03-04 02:16:42,688 [d3378977-86d2-46d9-aa75-813a91c491f2@group-A031934B8290-StateMachineUpdater] INFO  ha.SCMStateMachine (SCMStateMachine.java:takeSnapshot(297)) - Current Snapshot Index 27, takeSnapshot took 0 ms
2022-03-04 02:16:42,688 [d3378977-86d2-46d9-aa75-813a91c491f2@group-A031934B8290-StateMachineUpdater] INFO  impl.StateMachineUpdater (StateMachineUpdater.java:takeSnapshot(281)) - d3378977-86d2-46d9-aa75-813a91c491f2@group-A031934B8290-StateMachineUpdater: Took a snapshot at index 27
2022-03-04 02:16:42,688 [d3378977-86d2-46d9-aa75-813a91c491f2@group-A031934B8290-StateMachineUpdater] INFO  impl.StateMachineUpdater (StateMachineUpdater.java:lambda$new$0(89)) - d3378977-86d2-46d9-aa75-813a91c491f2@group-A031934B8290-StateMachineUpdater: snapshotIndex: updateIncreasingly 23 -> 27
2022-03-04 02:16:42,689 [Listener at 127.0.0.1/44533] INFO  impl.StateMachineUpdater (StateMachineUpdater.java:stopAndJoin(149)) - d3378977-86d2-46d9-aa75-813a91c491f2@group-A031934B8290-StateMachineUpdater: set stopIndex = 27
2022-03-04 02:16:42,689 [Listener at 127.0.0.1/44533] INFO  server.RaftServer$Division (ServerState.java:close(419)) - d3378977-86d2-46d9-aa75-813a91c491f2@group-A031934B8290: closes. applyIndex: 27
2022-03-04 02:16:42,689 [d3378977-86d2-46d9-aa75-813a91c491f2@group-A031934B8290-SegmentedRaftLogWorker] INFO  segmented.SegmentedRaftLogWorker (SegmentedRaftLogWorker.java:run(327)) - d3378977-86d2-46d9-aa75-813a91c491f2@group-A031934B8290-SegmentedRaftLogWorker was interrupted, exiting. There are 0 tasks remaining in the queue.
2022-03-04 02:16:42,690 [d3378977-86d2-46d9-aa75-813a91c491f2@group-A031934B8290-FollowerState] INFO  impl.FollowerState (FollowerState.java:run(143)) - d3378977-86d2-46d9-aa75-813a91c491f2@group-A031934B8290-FollowerState was interrupted: {}
java.lang.InterruptedException: sleep interrupted
	at java.lang.Thread.sleep(Native Method)
	at java.lang.Thread.sleep(Thread.java:342)
	at java.util.concurrent.TimeUnit.sleep(TimeUnit.java:386)
	at org.apache.ratis.util.TimeDuration.sleep(TimeDuration.java:324)
	at org.apache.ratis.util.TimeDuration.sleep(TimeDuration.java:309)
	at org.apache.ratis.server.impl.FollowerState.run(FollowerState.java:118)
2022-03-04 02:16:42,692 [Listener at 127.0.0.1/44533] INFO  segmented.SegmentedRaftLogWorker (SegmentedRaftLogWorker.java:close(237)) - d3378977-86d2-46d9-aa75-813a91c491f2@group-A031934B8290-SegmentedRaftLogWorker close()
2022-03-04 02:16:42,695 [Listener at 127.0.0.1/44533] INFO  server.GrpcService (GrpcService.java:closeImpl(262)) - d3378977-86d2-46d9-aa75-813a91c491f2: shutdown server with port 41709 now
2022-03-04 02:16:42,697 [grpc-default-executor-3] WARN  server.GrpcServerProtocolService (LogUtils.java:warn(122)) - d3378977-86d2-46d9-aa75-813a91c491f2: installSnapshot onError, lastRequest: d06750ef-dff7-4786-ad4b-f6962696dc27->d3378977-86d2-46d9-aa75-813a91c491f2#900-t2,previous=(t:2, i:27),leaderCommit=27,initializing? true,entries: size=1, first=(t:2, i:28), METADATAENTRY(c:27): org.apache.ratis.thirdparty.io.grpc.StatusRuntimeException: CANCELLED: client cancelled
2022-03-04 02:16:42,697 [grpc-default-executor-0] WARN  server.GrpcLogAppender (LogUtils.java:warn(122)) - d06750ef-dff7-4786-ad4b-f6962696dc27@group-A031934B8290->d3378977-86d2-46d9-aa75-813a91c491f2-AppendLogResponseHandler: Failed appendEntries: org.apache.ratis.thirdparty.io.grpc.StatusRuntimeException: CANCELLED: HTTP/2 error code: CANCEL
Received Rst Stream
2022-03-04 02:16:42,697 [grpc-default-executor-0] INFO  leader.FollowerInfo (FollowerInfoImpl.java:lambda$new$0(47)) - d06750ef-dff7-4786-ad4b-f6962696dc27@group-A031934B8290->d3378977-86d2-46d9-aa75-813a91c491f2: nextIndex: updateUnconditionally 29 -> 28
2022-03-04 02:16:42,698 [Listener at 127.0.0.1/44533] INFO  server.GrpcService (GrpcService.java:closeImpl(271)) - d3378977-86d2-46d9-aa75-813a91c491f2: shutdown server with port 41709 successfully
2022-03-04 02:16:42,699 [org.apache.ratis.util.JvmPauseMonitor$$Lambda$503/666911607@1d45c571] INFO  util.JvmPauseMonitor (JvmPauseMonitor.java:run(109)) - JvmPauseMonitor-d3378977-86d2-46d9-aa75-813a91c491f2: Stopped
2022-03-04 02:16:42,699 [Listener at 127.0.0.1/44533] INFO  pipeline.BackgroundPipelineCreator (BackgroundPipelineCreator.java:stop(158)) - Stopping RatisPipelineUtilsThread.
2022-03-04 02:16:42,699 [Listener at 127.0.0.1/44533] INFO  server.StorageContainerManager (StorageContainerManager.java:stop(1523)) - Stopping SCM MetadataStore.
2022-03-04 02:16:42,705 [grpc-default-executor-0] WARN  server.GrpcLogAppender (LogUtils.java:warn(122)) - d06750ef-dff7-4786-ad4b-f6962696dc27@group-A031934B8290->d3378977-86d2-46d9-aa75-813a91c491f2-AppendLogResponseHandler: Failed appendEntries: org.apache.ratis.thirdparty.io.grpc.StatusRuntimeException: UNAVAILABLE: io exception
2022-03-04 02:16:42,705 [grpc-default-executor-0] INFO  leader.FollowerInfo (FollowerInfoImpl.java:lambda$new$0(47)) - d06750ef-dff7-4786-ad4b-f6962696dc27@group-A031934B8290->d3378977-86d2-46d9-aa75-813a91c491f2: nextIndex: updateUnconditionally 29 -> 28
2022-03-04 02:16:42,708 [Listener at 127.0.0.1/44533] INFO  impl.MetricsSystemImpl (MetricsSystemImpl.java:stop(210)) - Stopping StorageContainerManager metrics system...
2022-03-04 02:16:42,728 [prometheus] INFO  impl.MetricsSinkAdapter (MetricsSinkAdapter.java:publishMetricsFromQueue(141)) - prometheus thread interrupted.
2022-03-04 02:16:42,728 [Listener at 127.0.0.1/44533] INFO  impl.MetricsSystemImpl (MetricsSystemImpl.java:stop(216)) - StorageContainerManager metrics system stopped.
2022-03-04 02:16:42,729 [Listener at 127.0.0.1/44533] INFO  ozone.MiniOzoneHAClusterImpl (MiniOzoneHAClusterImpl.java:stop(316)) - Stopping the StorageContainerManager 83e3bef9-09fd-4715-b52c-ee2fa92c102d
2022-03-04 02:16:42,729 [Listener at 127.0.0.1/44533] INFO  server.StorageContainerManager (StorageContainerManager.java:stop(1414)) - Stopping Container Balancer service.
2022-03-04 02:16:42,729 [Listener at 127.0.0.1/44533] INFO  balancer.ContainerBalancer (ContainerBalancer.java:stop(788)) - Container Balancer is not running.
2022-03-04 02:16:42,729 [Listener at 127.0.0.1/44533] INFO  server.StorageContainerManager (StorageContainerManager.java:stop(1421)) - Stopping Replication Manager Service.
2022-03-04 02:16:42,729 [Listener at 127.0.0.1/44533] INFO  container.ReplicationManager (ReplicationManager.java:stop(357)) - Stopping Replication Monitor Thread.
2022-03-04 02:16:42,729 [Listener at 127.0.0.1/44533] INFO  server.StorageContainerManager (StorageContainerManager.java:stop(1428)) - Stopping the Datanode Admin Monitor.
2022-03-04 02:16:42,729 [Listener at 127.0.0.1/44533] INFO  server.StorageContainerManager (StorageContainerManager.java:stop(1435)) - Stopping Lease Manager of the command watchers
2022-03-04 02:16:42,729 [Listener at 127.0.0.1/44533] INFO  server.StorageContainerManager (StorageContainerManager.java:stop(1442)) - Stopping datanode service RPC server
2022-03-04 02:16:42,729 [Listener at 127.0.0.1/44533] INFO  server.SCMDatanodeProtocolServer (SCMDatanodeProtocolServer.java:stop(400)) - Stopping the RPC server for DataNodes
2022-03-04 02:16:42,729 [Listener at 127.0.0.1/44533] INFO  ipc.Server (Server.java:stop(3414)) - Stopping server on 36193
2022-03-04 02:16:42,744 [IPC Server listener on 36193] INFO  ipc.Server (Server.java:run(1376)) - Stopping IPC Server listener on 36193
2022-03-04 02:16:42,751 [IPC Server Responder] INFO  ipc.Server (Server.java:run(1512)) - Stopping IPC Server Responder
2022-03-04 02:16:42,794 [SCM Heartbeat Processing Thread - 0] WARN  node.NodeStateManager (NodeStateManager.java:scheduleNextHealthCheck(815)) - Current Thread is interrupted, shutting down HB processing thread for Node Manager.
2022-03-04 02:16:42,794 [Listener at 127.0.0.1/44533] INFO  server.StorageContainerManager (StorageContainerManager.java:stop(1450)) - Stopping block service RPC server
2022-03-04 02:16:42,794 [Listener at 127.0.0.1/44533] INFO  server.SCMBlockProtocolServer (SCMBlockProtocolServer.java:stop(160)) - Stopping the RPC server for Block Protocol
2022-03-04 02:16:42,794 [Listener at 127.0.0.1/44533] INFO  ipc.Server (Server.java:stop(3414)) - Stopping server on 43715
2022-03-04 02:16:42,803 [IPC Server listener on 43715] INFO  ipc.Server (Server.java:run(1376)) - Stopping IPC Server listener on 43715
2022-03-04 02:16:42,803 [Listener at 127.0.0.1/44533] INFO  server.StorageContainerManager (StorageContainerManager.java:stop(1457)) - Stopping the StorageContainerLocationProtocol RPC server
2022-03-04 02:16:42,804 [Listener at 127.0.0.1/44533] INFO  server.SCMClientProtocolServer (SCMClientProtocolServer.java:stop(174)) - Stopping the RPC server for Client Protocol
2022-03-04 02:16:42,807 [Listener at 127.0.0.1/44533] INFO  ipc.Server (Server.java:stop(3414)) - Stopping server on 42319
2022-03-04 02:16:42,803 [IPC Server Responder] INFO  ipc.Server (Server.java:run(1512)) - Stopping IPC Server Responder
2022-03-04 02:16:42,808 [IPC Server listener on 42319] INFO  ipc.Server (Server.java:run(1376)) - Stopping IPC Server listener on 42319
2022-03-04 02:16:42,811 [Listener at 127.0.0.1/44533] INFO  server.StorageContainerManager (StorageContainerManager.java:stop(1464)) - Stopping Storage Container Manager HTTP server.
2022-03-04 02:16:42,812 [IPC Server Responder] INFO  ipc.Server (Server.java:run(1512)) - Stopping IPC Server Responder
2022-03-04 02:16:42,812 [Listener at 127.0.0.1/44533] INFO  handler.ContextHandler (ContextHandler.java:doStop(1153)) - Stopped o.e.j.w.WebAppContext@632269c1{scm,/,null,STOPPED}{file:/home/runner/work/ozone/ozone/hadoop-ozone/integration-test/target/test-classes/webapps/scm}
2022-03-04 02:16:42,813 [Listener at 127.0.0.1/44533] INFO  server.AbstractConnector (AbstractConnector.java:doStop(381)) - Stopped ServerConnector@2532efdf{HTTP/1.1, (http/1.1)}{0.0.0.0:42445}
2022-03-04 02:16:42,813 [Listener at 127.0.0.1/44533] INFO  server.session (HouseKeeper.java:stopScavenging(149)) - node0 Stopped scavenging
2022-03-04 02:16:42,813 [Listener at 127.0.0.1/44533] INFO  handler.ContextHandler (ContextHandler.java:doStop(1153)) - Stopped o.e.j.s.ServletContextHandler@363f986e{static,/static,file:///home/runner/work/ozone/ozone/hadoop-ozone/integration-test/target/test-classes/webapps/static,STOPPED}
2022-03-04 02:16:42,813 [Listener at 127.0.0.1/44533] INFO  handler.ContextHandler (ContextHandler.java:doStop(1153)) - Stopped o.e.j.s.ServletContextHandler@6a9659ae{logs,/logs,file:///home/runner/work/ozone/ozone/hadoop-ozone/integration-test/target/log,STOPPED}
2022-03-04 02:16:42,814 [Listener at 127.0.0.1/44533] INFO  server.StorageContainerManager (StorageContainerManager.java:stop(1475)) - Stopping Block Manager Service.
2022-03-04 02:16:42,815 [Listener at 127.0.0.1/44533] INFO  utils.BackgroundService (BackgroundService.java:shutdown(132)) - Shutting down service SCMBlockDeletingService
2022-03-04 02:16:42,815 [Listener at 127.0.0.1/44533] INFO  utils.BackgroundService (BackgroundService.java:shutdown(132)) - Shutting down service SCMBlockDeletingService
2022-03-04 02:16:42,815 [Listener at 127.0.0.1/44533] INFO  server.StorageContainerManager (StorageContainerManager.java:stop(1502)) - Stopping SCM Event Queue.
2022-03-04 02:16:42,818 [Listener at 127.0.0.1/44533] INFO  server.StorageContainerManager (StorageContainerManager.java:stop(1513)) - Stopping SCM HA services.
2022-03-04 02:16:42,819 [Listener at 127.0.0.1/44533] INFO  ha.SCMRatisServerImpl (SCMRatisServerImpl.java:stop(236)) - stopping ratis server 0.0.0.0:35405
2022-03-04 02:16:42,819 [Listener at 127.0.0.1/44533] INFO  server.RaftServer (RaftServerProxy.java:lambda$close$6(391)) - 83e3bef9-09fd-4715-b52c-ee2fa92c102d: close
2022-03-04 02:16:42,819 [Listener at 127.0.0.1/44533] INFO  server.GrpcService (GrpcService.java:closeImpl(262)) - 83e3bef9-09fd-4715-b52c-ee2fa92c102d: shutdown server with port 35405 now
2022-03-04 02:16:42,821 [Listener at 127.0.0.1/44533] INFO  server.GrpcService (GrpcService.java:closeImpl(271)) - 83e3bef9-09fd-4715-b52c-ee2fa92c102d: shutdown server with port 35405 successfully
2022-03-04 02:16:42,822 [grpc-default-executor-1] WARN  server.GrpcLogAppender (LogUtils.java:warn(122)) - d06750ef-dff7-4786-ad4b-f6962696dc27@group-A031934B8290->83e3bef9-09fd-4715-b52c-ee2fa92c102d-AppendLogResponseHandler: Failed appendEntries: org.apache.ratis.thirdparty.io.grpc.StatusRuntimeException: CANCELLED: HTTP/2 error code: CANCEL
Received Rst Stream
2022-03-04 02:16:42,821 [grpc-default-executor-3] WARN  server.GrpcServerProtocolService (LogUtils.java:warn(122)) - 83e3bef9-09fd-4715-b52c-ee2fa92c102d: installSnapshot onError, lastRequest: d06750ef-dff7-4786-ad4b-f6962696dc27->83e3bef9-09fd-4715-b52c-ee2fa92c102d#6-t2,previous=(t:2, i:27),leaderCommit=27,initializing? true,entries: size=1, first=(t:2, i:28), METADATAENTRY(c:27): org.apache.ratis.thirdparty.io.grpc.StatusRuntimeException: CANCELLED: client cancelled
2022-03-04 02:16:42,827 [grpc-default-executor-1] INFO  leader.FollowerInfo (FollowerInfoImpl.java:lambda$new$0(47)) - d06750ef-dff7-4786-ad4b-f6962696dc27@group-A031934B8290->83e3bef9-09fd-4715-b52c-ee2fa92c102d: nextIndex: updateUnconditionally 29 -> 28
2022-03-04 02:16:42,833 [grpc-default-executor-0] WARN  server.GrpcLogAppender (LogUtils.java:warn(122)) - d06750ef-dff7-4786-ad4b-f6962696dc27@group-A031934B8290->83e3bef9-09fd-4715-b52c-ee2fa92c102d-AppendLogResponseHandler: Failed appendEntries: org.apache.ratis.thirdparty.io.grpc.StatusRuntimeException: UNAVAILABLE: io exception
2022-03-04 02:16:42,833 [org.apache.ratis.util.JvmPauseMonitor$$Lambda$503/666911607@69fd8f88] INFO  util.JvmPauseMonitor (JvmPauseMonitor.java:run(109)) - JvmPauseMonitor-83e3bef9-09fd-4715-b52c-ee2fa92c102d: Stopped
2022-03-04 02:16:42,834 [grpc-default-executor-0] INFO  leader.FollowerInfo (FollowerInfoImpl.java:lambda$new$0(47)) - d06750ef-dff7-4786-ad4b-f6962696dc27@group-A031934B8290->83e3bef9-09fd-4715-b52c-ee2fa92c102d: nextIndex: updateUnconditionally 29 -> 28
2022-03-04 02:16:42,835 [Listener at 127.0.0.1/44533] INFO  pipeline.BackgroundPipelineCreator (BackgroundPipelineCreator.java:stop(158)) - Stopping RatisPipelineUtilsThread.
2022-03-04 02:16:42,836 [Listener at 127.0.0.1/44533] INFO  server.StorageContainerManager (StorageContainerManager.java:stop(1523)) - Stopping SCM MetadataStore.
2022-03-04 02:16:42,836 [Listener at 127.0.0.1/44533] INFO  impl.MetricsSystemImpl (MetricsSystemImpl.java:stop(205)) - StorageContainerManager metrics system stopped (again)
2022-03-04 02:16:42,837 [Listener at 127.0.0.1/44533] INFO  ozone.MiniOzoneHAClusterImpl (MiniOzoneHAClusterImpl.java:stop(316)) - Stopping the StorageContainerManager d06750ef-dff7-4786-ad4b-f6962696dc27
2022-03-04 02:16:42,837 [Listener at 127.0.0.1/44533] INFO  server.StorageContainerManager (StorageContainerManager.java:stop(1414)) - Stopping Container Balancer service.
2022-03-04 02:16:42,837 [Listener at 127.0.0.1/44533] INFO  balancer.ContainerBalancer (ContainerBalancer.java:stop(788)) - Container Balancer is not running.
2022-03-04 02:16:42,837 [Listener at 127.0.0.1/44533] INFO  server.StorageContainerManager (StorageContainerManager.java:stop(1421)) - Stopping Replication Manager Service.
2022-03-04 02:16:42,837 [Listener at 127.0.0.1/44533] INFO  container.ReplicationManager (ReplicationManager.java:stop(357)) - Stopping Replication Monitor Thread.
2022-03-04 02:16:42,838 [Listener at 127.0.0.1/44533] INFO  server.StorageContainerManager (StorageContainerManager.java:stop(1428)) - Stopping the Datanode Admin Monitor.
2022-03-04 02:16:42,838 [Listener at 127.0.0.1/44533] INFO  server.StorageContainerManager (StorageContainerManager.java:stop(1435)) - Stopping Lease Manager of the command watchers
2022-03-04 02:16:42,839 [Listener at 127.0.0.1/44533] INFO  server.StorageContainerManager (StorageContainerManager.java:stop(1442)) - Stopping datanode service RPC server
2022-03-04 02:16:42,839 [Listener at 127.0.0.1/44533] INFO  server.SCMDatanodeProtocolServer (SCMDatanodeProtocolServer.java:stop(400)) - Stopping the RPC server for DataNodes
2022-03-04 02:16:42,839 [Listener at 127.0.0.1/44533] INFO  ipc.Server (Server.java:stop(3414)) - Stopping server on 33931
2022-03-04 02:16:42,848 [IPC Server listener on 33931] INFO  ipc.Server (Server.java:run(1376)) - Stopping IPC Server listener on 33931
2022-03-04 02:16:42,849 [IPC Server Responder] INFO  ipc.Server (Server.java:run(1512)) - Stopping IPC Server Responder
2022-03-04 02:16:42,905 [EndpointStateMachine task thread for /127.0.0.1:42491 - 0 ] INFO  ipc.Client (Client.java:handleConnectionFailure(977)) - Retrying connect to server: localhost/127.0.0.1:42491. Already tried 2 time(s); retry policy is RetryUpToMaximumCountWithFixedSleep(maxRetries=15, sleepTime=1000 MILLISECONDS)
2022-03-04 02:16:42,909 [EndpointStateMachine task thread for /127.0.0.1:35517 - 0 ] INFO  ipc.Client (Client.java:handleConnectionFailure(977)) - Retrying connect to server: localhost/127.0.0.1:35517. Already tried 2 time(s); retry policy is RetryUpToMaximumCountWithFixedSleep(maxRetries=15, sleepTime=1000 MILLISECONDS)
2022-03-04 02:16:42,910 [EndpointStateMachine task thread for /127.0.0.1:42427 - 0 ] INFO  ipc.Client (Client.java:handleConnectionFailure(977)) - Retrying connect to server: localhost/127.0.0.1:42427. Already tried 2 time(s); retry policy is RetryUpToMaximumCountWithFixedSleep(maxRetries=15, sleepTime=1000 MILLISECONDS)
2022-03-04 02:16:43,007 [EndpointStateMachine task thread for /127.0.0.1:33931 - 0 ] WARN  statemachine.EndpointStateMachine (EndpointStateMachine.java:logIfNeeded(236)) - Unable to communicate to SCM server at 127.0.0.1:33931 for past 0 seconds.
java.io.EOFException: End of File Exception between local host is: "fv-az184-471/10.1.0.11"; destination host is: "localhost":33931; : java.io.EOFException; For more details see:  http://wiki.apache.org/hadoop/EOFException
	at sun.reflect.NativeConstructorAccessorImpl.newInstance0(Native Method)
	at sun.reflect.NativeConstructorAccessorImpl.newInstance(NativeConstructorAccessorImpl.java:62)
	at sun.reflect.DelegatingConstructorAccessorImpl.newInstance(DelegatingConstructorAccessorImpl.java:45)
	at java.lang.reflect.Constructor.newInstance(Constructor.java:423)
	at org.apache.hadoop.net.NetUtils.wrapWithMessage(NetUtils.java:913)
	at org.apache.hadoop.net.NetUtils.wrapException(NetUtils.java:862)
	at org.apache.hadoop.ipc.Client.getRpcResponse(Client.java:1577)
	at org.apache.hadoop.ipc.Client.call(Client.java:1519)
	at org.apache.hadoop.ipc.Client.call(Client.java:1416)
	at org.apache.hadoop.ipc.ProtobufRpcEngine$Invoker.invoke(ProtobufRpcEngine.java:236)
	at org.apache.hadoop.ipc.ProtobufRpcEngine$Invoker.invoke(ProtobufRpcEngine.java:123)
	at com.sun.proxy.$Proxy48.submitRequest(Unknown Source)
	at org.apache.hadoop.ozone.protocolPB.StorageContainerDatanodeProtocolClientSideTranslatorPB.submitRequest(StorageContainerDatanodeProtocolClientSideTranslatorPB.java:117)
	at org.apache.hadoop.ozone.protocolPB.StorageContainerDatanodeProtocolClientSideTranslatorPB.sendHeartbeat(StorageContainerDatanodeProtocolClientSideTranslatorPB.java:149)
	at org.apache.hadoop.ozone.container.common.states.endpoint.HeartbeatEndpointTask.call(HeartbeatEndpointTask.java:180)
	at org.apache.hadoop.ozone.container.common.states.endpoint.HeartbeatEndpointTask.call(HeartbeatEndpointTask.java:83)
	at java.util.concurrent.FutureTask.run(FutureTask.java:266)
	at java.util.concurrent.ThreadPoolExecutor.runWorker(ThreadPoolExecutor.java:1149)
	at java.util.concurrent.ThreadPoolExecutor$Worker.run(ThreadPoolExecutor.java:624)
	at java.lang.Thread.run(Thread.java:750)
Caused by: java.io.EOFException
	at java.io.DataInputStream.readInt(DataInputStream.java:392)
	at org.apache.hadoop.ipc.Client$IpcStreams.readResponse(Client.java:1892)
	at org.apache.hadoop.ipc.Client$Connection.receiveRpcResponse(Client.java:1202)
	at org.apache.hadoop.ipc.Client$Connection.run(Client.java:1098)
2022-03-04 02:16:43,014 [EndpointStateMachine task thread for /127.0.0.1:36193 - 0 ] WARN  statemachine.EndpointStateMachine (EndpointStateMachine.java:logIfNeeded(236)) - Unable to communicate to SCM server at 127.0.0.1:36193 for past 0 seconds.
java.io.EOFException: End of File Exception between local host is: "fv-az184-471/10.1.0.11"; destination host is: "localhost":36193; : java.io.EOFException; For more details see:  http://wiki.apache.org/hadoop/EOFException
	at sun.reflect.NativeConstructorAccessorImpl.newInstance0(Native Method)
	at sun.reflect.NativeConstructorAccessorImpl.newInstance(NativeConstructorAccessorImpl.java:62)
	at sun.reflect.DelegatingConstructorAccessorImpl.newInstance(DelegatingConstructorAccessorImpl.java:45)
	at java.lang.reflect.Constructor.newInstance(Constructor.java:423)
	at org.apache.hadoop.net.NetUtils.wrapWithMessage(NetUtils.java:913)
	at org.apache.hadoop.net.NetUtils.wrapException(NetUtils.java:862)
	at org.apache.hadoop.ipc.Client.getRpcResponse(Client.java:1577)
	at org.apache.hadoop.ipc.Client.call(Client.java:1519)
	at org.apache.hadoop.ipc.Client.call(Client.java:1416)
	at org.apache.hadoop.ipc.ProtobufRpcEngine$Invoker.invoke(ProtobufRpcEngine.java:236)
	at org.apache.hadoop.ipc.ProtobufRpcEngine$Invoker.invoke(ProtobufRpcEngine.java:123)
	at com.sun.proxy.$Proxy48.submitRequest(Unknown Source)
	at org.apache.hadoop.ozone.protocolPB.StorageContainerDatanodeProtocolClientSideTranslatorPB.submitRequest(StorageContainerDatanodeProtocolClientSideTranslatorPB.java:117)
	at org.apache.hadoop.ozone.protocolPB.StorageContainerDatanodeProtocolClientSideTranslatorPB.register(StorageContainerDatanodeProtocolClientSideTranslatorPB.java:180)
	at org.apache.hadoop.ozone.container.common.states.endpoint.RegisterEndpointTask.call(RegisterEndpointTask.java:158)
	at org.apache.hadoop.ozone.container.common.states.endpoint.RegisterEndpointTask.call(RegisterEndpointTask.java:52)
	at java.util.concurrent.FutureTask.run(FutureTask.java:266)
	at java.util.concurrent.ThreadPoolExecutor.runWorker(ThreadPoolExecutor.java:1149)
	at java.util.concurrent.ThreadPoolExecutor$Worker.run(ThreadPoolExecutor.java:624)
	at java.lang.Thread.run(Thread.java:750)
Caused by: java.io.EOFException
	at java.io.DataInputStream.readInt(DataInputStream.java:392)
	at org.apache.hadoop.ipc.Client$IpcStreams.readResponse(Client.java:1892)
	at org.apache.hadoop.ipc.Client$Connection.receiveRpcResponse(Client.java:1202)
	at org.apache.hadoop.ipc.Client$Connection.run(Client.java:1098)
2022-03-04 02:16:43,019 [EndpointStateMachine task thread for /127.0.0.1:45947 - 0 ] WARN  statemachine.EndpointStateMachine (EndpointStateMachine.java:logIfNeeded(236)) - Unable to communicate to SCM server at 127.0.0.1:45947 for past 0 seconds.
java.io.EOFException: End of File Exception between local host is: "fv-az184-471/10.1.0.11"; destination host is: "localhost":45947; : java.io.EOFException; For more details see:  http://wiki.apache.org/hadoop/EOFException
	at sun.reflect.NativeConstructorAccessorImpl.newInstance0(Native Method)
	at sun.reflect.NativeConstructorAccessorImpl.newInstance(NativeConstructorAccessorImpl.java:62)
	at sun.reflect.DelegatingConstructorAccessorImpl.newInstance(DelegatingConstructorAccessorImpl.java:45)
	at java.lang.reflect.Constructor.newInstance(Constructor.java:423)
	at org.apache.hadoop.net.NetUtils.wrapWithMessage(NetUtils.java:913)
	at org.apache.hadoop.net.NetUtils.wrapException(NetUtils.java:862)
	at org.apache.hadoop.ipc.Client.getRpcResponse(Client.java:1577)
	at org.apache.hadoop.ipc.Client.call(Client.java:1519)
	at org.apache.hadoop.ipc.Client.call(Client.java:1416)
	at org.apache.hadoop.ipc.ProtobufRpcEngine$Invoker.invoke(ProtobufRpcEngine.java:236)
	at org.apache.hadoop.ipc.ProtobufRpcEngine$Invoker.invoke(ProtobufRpcEngine.java:123)
	at com.sun.proxy.$Proxy48.submitRequest(Unknown Source)
	at org.apache.hadoop.ozone.protocolPB.StorageContainerDatanodeProtocolClientSideTranslatorPB.submitRequest(StorageContainerDatanodeProtocolClientSideTranslatorPB.java:117)
	at org.apache.hadoop.ozone.protocolPB.StorageContainerDatanodeProtocolClientSideTranslatorPB.sendHeartbeat(StorageContainerDatanodeProtocolClientSideTranslatorPB.java:149)
	at org.apache.hadoop.ozone.container.common.states.endpoint.HeartbeatEndpointTask.call(HeartbeatEndpointTask.java:180)
	at org.apache.hadoop.ozone.container.common.states.endpoint.HeartbeatEndpointTask.call(HeartbeatEndpointTask.java:83)
	at java.util.concurrent.FutureTask.run(FutureTask.java:266)
	at java.util.concurrent.ThreadPoolExecutor.runWorker(ThreadPoolExecutor.java:1149)
	at java.util.concurrent.ThreadPoolExecutor$Worker.run(ThreadPoolExecutor.java:624)
	at java.lang.Thread.run(Thread.java:750)
Caused by: java.io.EOFException
	at java.io.DataInputStream.readInt(DataInputStream.java:392)
	at org.apache.hadoop.ipc.Client$IpcStreams.readResponse(Client.java:1892)
	at org.apache.hadoop.ipc.Client$Connection.receiveRpcResponse(Client.java:1202)
	at org.apache.hadoop.ipc.Client$Connection.run(Client.java:1098)
2022-03-04 02:16:43,077 [SCM Heartbeat Processing Thread - 0] WARN  node.NodeStateManager (NodeStateManager.java:scheduleNextHealthCheck(815)) - Current Thread is interrupted, shutting down HB processing thread for Node Manager.
2022-03-04 02:16:43,078 [Listener at 127.0.0.1/44533] INFO  server.StorageContainerManager (StorageContainerManager.java:stop(1450)) - Stopping block service RPC server
2022-03-04 02:16:43,078 [Listener at 127.0.0.1/44533] INFO  server.SCMBlockProtocolServer (SCMBlockProtocolServer.java:stop(160)) - Stopping the RPC server for Block Protocol
2022-03-04 02:16:43,078 [Listener at 127.0.0.1/44533] INFO  ipc.Server (Server.java:stop(3414)) - Stopping server on 40533
2022-03-04 02:16:43,083 [IPC Server listener on 40533] INFO  ipc.Server (Server.java:run(1376)) - Stopping IPC Server listener on 40533
2022-03-04 02:16:43,083 [Listener at 127.0.0.1/44533] INFO  server.StorageContainerManager (StorageContainerManager.java:stop(1457)) - Stopping the StorageContainerLocationProtocol RPC server
2022-03-04 02:16:43,083 [Listener at 127.0.0.1/44533] INFO  server.SCMClientProtocolServer (SCMClientProtocolServer.java:stop(174)) - Stopping the RPC server for Client Protocol
2022-03-04 02:16:43,084 [IPC Server Responder] INFO  ipc.Server (Server.java:run(1512)) - Stopping IPC Server Responder
2022-03-04 02:16:43,084 [Listener at 127.0.0.1/44533] INFO  ipc.Server (Server.java:stop(3414)) - Stopping server on 39291
2022-03-04 02:16:43,095 [IPC Server listener on 39291] INFO  ipc.Server (Server.java:run(1376)) - Stopping IPC Server listener on 39291
2022-03-04 02:16:43,095 [IPC Server Responder] INFO  ipc.Server (Server.java:run(1512)) - Stopping IPC Server Responder
2022-03-04 02:16:43,101 [Listener at 127.0.0.1/44533] INFO  server.StorageContainerManager (StorageContainerManager.java:stop(1464)) - Stopping Storage Container Manager HTTP server.
2022-03-04 02:16:43,101 [Listener at 127.0.0.1/44533] INFO  handler.ContextHandler (ContextHandler.java:doStop(1153)) - Stopped o.e.j.w.WebAppContext@62cd39d3{scm,/,null,STOPPED}{file:/home/runner/work/ozone/ozone/hadoop-ozone/integration-test/target/test-classes/webapps/scm}
2022-03-04 02:16:43,103 [Listener at 127.0.0.1/44533] INFO  server.AbstractConnector (AbstractConnector.java:doStop(381)) - Stopped ServerConnector@5ccc3cce{HTTP/1.1, (http/1.1)}{0.0.0.0:33573}
2022-03-04 02:16:43,103 [Listener at 127.0.0.1/44533] INFO  server.session (HouseKeeper.java:stopScavenging(149)) - node0 Stopped scavenging
2022-03-04 02:16:43,103 [Listener at 127.0.0.1/44533] INFO  handler.ContextHandler (ContextHandler.java:doStop(1153)) - Stopped o.e.j.s.ServletContextHandler@7775af39{static,/static,file:///home/runner/work/ozone/ozone/hadoop-ozone/integration-test/target/test-classes/webapps/static,STOPPED}
2022-03-04 02:16:43,104 [Listener at 127.0.0.1/44533] INFO  handler.ContextHandler (ContextHandler.java:doStop(1153)) - Stopped o.e.j.s.ServletContextHandler@33937eb{logs,/logs,file:///home/runner/work/ozone/ozone/hadoop-ozone/integration-test/target/log,STOPPED}
2022-03-04 02:16:43,104 [Listener at 127.0.0.1/44533] INFO  server.StorageContainerManager (StorageContainerManager.java:stop(1475)) - Stopping Block Manager Service.
2022-03-04 02:16:43,104 [Listener at 127.0.0.1/44533] INFO  utils.BackgroundService (BackgroundService.java:shutdown(132)) - Shutting down service SCMBlockDeletingService
2022-03-04 02:16:43,105 [Listener at 127.0.0.1/44533] INFO  utils.BackgroundService (BackgroundService.java:shutdown(132)) - Shutting down service SCMBlockDeletingService
2022-03-04 02:16:43,105 [Listener at 127.0.0.1/44533] INFO  server.StorageContainerManager (StorageContainerManager.java:stop(1502)) - Stopping SCM Event Queue.
2022-03-04 02:16:43,106 [Listener at 127.0.0.1/44533] INFO  server.StorageContainerManager (StorageContainerManager.java:stop(1513)) - Stopping SCM HA services.
2022-03-04 02:16:43,106 [Listener at 127.0.0.1/44533] INFO  ha.SCMRatisServerImpl (SCMRatisServerImpl.java:stop(236)) - stopping ratis server 0.0.0.0:40707
2022-03-04 02:16:43,106 [Listener at 127.0.0.1/44533] INFO  server.RaftServer (RaftServerProxy.java:lambda$close$6(391)) - d06750ef-dff7-4786-ad4b-f6962696dc27: close
2022-03-04 02:16:43,106 [Listener at 127.0.0.1/44533] INFO  server.RaftServer$Division (RaftServerImpl.java:lambda$close$4(412)) - d06750ef-dff7-4786-ad4b-f6962696dc27@group-A031934B8290: shutdown
2022-03-04 02:16:43,107 [Listener at 127.0.0.1/44533] INFO  util.JmxRegister (JmxRegister.java:unregister(73)) - Successfully un-registered JMX Bean with object name Ratis:service=RaftServer,group=group-A031934B8290,id=d06750ef-dff7-4786-ad4b-f6962696dc27
2022-03-04 02:16:43,107 [Listener at 127.0.0.1/44533] INFO  impl.RoleInfo (RoleInfo.java:shutdownLeaderState(91)) - d06750ef-dff7-4786-ad4b-f6962696dc27: shutdown d06750ef-dff7-4786-ad4b-f6962696dc27@group-A031934B8290-LeaderStateImpl
2022-03-04 02:16:43,107 [d06750ef-dff7-4786-ad4b-f6962696dc27@group-A031934B8290->83e3bef9-09fd-4715-b52c-ee2fa92c102d-GrpcLogAppender-LogAppenderDaemon] WARN  server.GrpcLogAppender (GrpcLogAppender.java:mayWait(177)) - d06750ef-dff7-4786-ad4b-f6962696dc27@group-A031934B8290->83e3bef9-09fd-4715-b52c-ee2fa92c102d-GrpcLogAppender: Wait interrupted by java.lang.InterruptedException
2022-03-04 02:16:43,107 [d06750ef-dff7-4786-ad4b-f6962696dc27@group-A031934B8290->d3378977-86d2-46d9-aa75-813a91c491f2-GrpcLogAppender-LogAppenderDaemon] WARN  server.GrpcLogAppender (GrpcLogAppender.java:mayWait(177)) - d06750ef-dff7-4786-ad4b-f6962696dc27@group-A031934B8290->d3378977-86d2-46d9-aa75-813a91c491f2-GrpcLogAppender: Wait interrupted by java.lang.InterruptedException
2022-03-04 02:16:43,108 [Listener at 127.0.0.1/44533] INFO  impl.PendingRequests (PendingRequests.java:sendNotLeaderResponses(282)) - d06750ef-dff7-4786-ad4b-f6962696dc27@group-A031934B8290-PendingRequests: sendNotLeaderResponses
2022-03-04 02:16:43,108 [Listener at 127.0.0.1/44533] INFO  ha.SCMStateMachine (SCMStateMachine.java:notifyNotLeader(190)) - current leader SCM steps down.
2022-03-04 02:16:43,108 [Listener at 127.0.0.1/44533] INFO  ha.SCMContext (SCMContext.java:updateLeaderAndTerm(90)) - update <isLeader,term> from <true,2> to <false,0>
2022-03-04 02:16:43,109 [Listener at 127.0.0.1/44533] INFO  ha.SCMContext (SCMContext.java:updateLeaderAndTerm(97)) - update <isLeaderReady> from <false> to <false>
2022-03-04 02:16:43,110 [Listener at 127.0.0.1/44533] INFO  impl.StateMachineUpdater (StateMachineUpdater.java:stopAndJoin(149)) - d06750ef-dff7-4786-ad4b-f6962696dc27@group-A031934B8290-StateMachineUpdater: set stopIndex = 28
2022-03-04 02:16:43,110 [d06750ef-dff7-4786-ad4b-f6962696dc27@group-A031934B8290-StateMachineUpdater] INFO  ha.SCMStateMachine (SCMStateMachine.java:takeSnapshot(297)) - Current Snapshot Index 28, takeSnapshot took 0 ms
2022-03-04 02:16:43,110 [d06750ef-dff7-4786-ad4b-f6962696dc27@group-A031934B8290-StateMachineUpdater] INFO  impl.StateMachineUpdater (StateMachineUpdater.java:takeSnapshot(281)) - d06750ef-dff7-4786-ad4b-f6962696dc27@group-A031934B8290-StateMachineUpdater: Took a snapshot at index 28
2022-03-04 02:16:43,110 [d06750ef-dff7-4786-ad4b-f6962696dc27@group-A031934B8290-StateMachineUpdater] INFO  impl.StateMachineUpdater (StateMachineUpdater.java:lambda$new$0(89)) - d06750ef-dff7-4786-ad4b-f6962696dc27@group-A031934B8290-StateMachineUpdater: snapshotIndex: updateIncreasingly 25 -> 28
2022-03-04 02:16:43,110 [Listener at 127.0.0.1/44533] INFO  server.RaftServer$Division (ServerState.java:close(419)) - d06750ef-dff7-4786-ad4b-f6962696dc27@group-A031934B8290: closes. applyIndex: 28
2022-03-04 02:16:43,111 [d06750ef-dff7-4786-ad4b-f6962696dc27@group-A031934B8290-SegmentedRaftLogWorker] INFO  segmented.SegmentedRaftLogWorker (SegmentedRaftLogWorker.java:run(327)) - d06750ef-dff7-4786-ad4b-f6962696dc27@group-A031934B8290-SegmentedRaftLogWorker was interrupted, exiting. There are 0 tasks remaining in the queue.
2022-03-04 02:16:43,112 [Listener at 127.0.0.1/44533] INFO  segmented.SegmentedRaftLogWorker (SegmentedRaftLogWorker.java:close(237)) - d06750ef-dff7-4786-ad4b-f6962696dc27@group-A031934B8290-SegmentedRaftLogWorker close()
2022-03-04 02:16:43,113 [Listener at 127.0.0.1/44533] INFO  server.GrpcService (GrpcService.java:closeImpl(262)) - d06750ef-dff7-4786-ad4b-f6962696dc27: shutdown server with port 40707 now
2022-03-04 02:16:43,114 [Listener at 127.0.0.1/44533] INFO  server.GrpcService (GrpcService.java:closeImpl(271)) - d06750ef-dff7-4786-ad4b-f6962696dc27: shutdown server with port 40707 successfully
2022-03-04 02:16:43,115 [org.apache.ratis.util.JvmPauseMonitor$$Lambda$503/666911607@5e618639] INFO  util.JvmPauseMonitor (JvmPauseMonitor.java:run(109)) - JvmPauseMonitor-d06750ef-dff7-4786-ad4b-f6962696dc27: Stopped
2022-03-04 02:16:43,120 [Listener at 127.0.0.1/44533] INFO  pipeline.BackgroundPipelineCreator (BackgroundPipelineCreator.java:stop(158)) - Stopping RatisPipelineUtilsThread.
2022-03-04 02:16:43,120 [Listener at 127.0.0.1/44533] INFO  server.StorageContainerManager (StorageContainerManager.java:stop(1523)) - Stopping SCM MetadataStore.
2022-03-04 02:16:43,121 [Listener at 127.0.0.1/44533] INFO  impl.MetricsSystemImpl (MetricsSystemImpl.java:stop(205)) - StorageContainerManager metrics system stopped (again)
2022-03-04 02:16:43,121 [Listener at 127.0.0.1/44533] INFO  ozone.MiniOzoneClusterImpl (MiniOzoneClusterImpl.java:stop(464)) - Stopping the Mini Ozone Cluster
2022-03-04 02:16:43,121 [Listener at 127.0.0.1/44533] INFO  ozone.MiniOzoneClusterImpl (MiniOzoneClusterImpl.java:stopDatanodes(523)) - Stopping the HddsDatanodes
2022-03-04 02:16:43,905 [EndpointStateMachine task thread for /127.0.0.1:42491 - 0 ] INFO  ipc.Client (Client.java:handleConnectionFailure(977)) - Retrying connect to server: localhost/127.0.0.1:42491. Already tried 3 time(s); retry policy is RetryUpToMaximumCountWithFixedSleep(maxRetries=15, sleepTime=1000 MILLISECONDS)
2022-03-04 02:16:43,909 [EndpointStateMachine task thread for /127.0.0.1:35517 - 0 ] INFO  ipc.Client (Client.java:handleConnectionFailure(977)) - Retrying connect to server: localhost/127.0.0.1:35517. Already tried 3 time(s); retry policy is RetryUpToMaximumCountWithFixedSleep(maxRetries=15, sleepTime=1000 MILLISECONDS)
2022-03-04 02:16:43,910 [EndpointStateMachine task thread for /127.0.0.1:42427 - 0 ] INFO  ipc.Client (Client.java:handleConnectionFailure(977)) - Retrying connect to server: localhost/127.0.0.1:42427. Already tried 3 time(s); retry policy is RetryUpToMaximumCountWithFixedSleep(maxRetries=15, sleepTime=1000 MILLISECONDS)
2022-03-04 02:16:44,527 [EndpointStateMachine task thread for /127.0.0.1:45947 - 0 ] INFO  ipc.Client (Client.java:handleConnectionFailure(977)) - Retrying connect to server: localhost/127.0.0.1:45947. Already tried 0 time(s); retry policy is RetryUpToMaximumCountWithFixedSleep(maxRetries=15, sleepTime=1000 MILLISECONDS)
2022-03-04 02:16:44,527 [EndpointStateMachine task thread for /127.0.0.1:36193 - 0 ] INFO  ipc.Client (Client.java:handleConnectionFailure(977)) - Retrying connect to server: localhost/127.0.0.1:36193. Already tried 0 time(s); retry policy is RetryUpToMaximumCountWithFixedSleep(maxRetries=15, sleepTime=1000 MILLISECONDS)
2022-03-04 02:16:44,528 [EndpointStateMachine task thread for /127.0.0.1:33931 - 0 ] INFO  ipc.Client (Client.java:handleConnectionFailure(977)) - Retrying connect to server: localhost/127.0.0.1:33931. Already tried 0 time(s); retry policy is RetryUpToMaximumCountWithFixedSleep(maxRetries=15, sleepTime=1000 MILLISECONDS)
2022-03-04 02:16:44,906 [EndpointStateMachine task thread for /127.0.0.1:42491 - 0 ] INFO  ipc.Client (Client.java:handleConnectionFailure(977)) - Retrying connect to server: localhost/127.0.0.1:42491. Already tried 4 time(s); retry policy is RetryUpToMaximumCountWithFixedSleep(maxRetries=15, sleepTime=1000 MILLISECONDS)
2022-03-04 02:16:44,910 [EndpointStateMachine task thread for /127.0.0.1:35517 - 0 ] INFO  ipc.Client (Client.java:handleConnectionFailure(977)) - Retrying connect to server: localhost/127.0.0.1:35517. Already tried 4 time(s); retry policy is RetryUpToMaximumCountWithFixedSleep(maxRetries=15, sleepTime=1000 MILLISECONDS)
2022-03-04 02:16:44,910 [EndpointStateMachine task thread for /127.0.0.1:42427 - 0 ] INFO  ipc.Client (Client.java:handleConnectionFailure(977)) - Retrying connect to server: localhost/127.0.0.1:42427. Already tried 4 time(s); retry policy is RetryUpToMaximumCountWithFixedSleep(maxRetries=15, sleepTime=1000 MILLISECONDS)
2022-03-04 02:16:45,528 [EndpointStateMachine task thread for /127.0.0.1:45947 - 0 ] INFO  ipc.Client (Client.java:handleConnectionFailure(977)) - Retrying connect to server: localhost/127.0.0.1:45947. Already tried 1 time(s); retry policy is RetryUpToMaximumCountWithFixedSleep(maxRetries=15, sleepTime=1000 MILLISECONDS)
2022-03-04 02:16:45,528 [EndpointStateMachine task thread for /127.0.0.1:36193 - 0 ] INFO  ipc.Client (Client.java:handleConnectionFailure(977)) - Retrying connect to server: localhost/127.0.0.1:36193. Already tried 1 time(s); retry policy is RetryUpToMaximumCountWithFixedSleep(maxRetries=15, sleepTime=1000 MILLISECONDS)
2022-03-04 02:16:45,528 [EndpointStateMachine task thread for /127.0.0.1:33931 - 0 ] INFO  ipc.Client (Client.java:handleConnectionFailure(977)) - Retrying connect to server: localhost/127.0.0.1:33931. Already tried 1 time(s); retry policy is RetryUpToMaximumCountWithFixedSleep(maxRetries=15, sleepTime=1000 MILLISECONDS)
2022-03-04 02:16:45,906 [EndpointStateMachine task thread for /127.0.0.1:42491 - 0 ] INFO  ipc.Client (Client.java:handleConnectionFailure(977)) - Retrying connect to server: localhost/127.0.0.1:42491. Already tried 5 time(s); retry policy is RetryUpToMaximumCountWithFixedSleep(maxRetries=15, sleepTime=1000 MILLISECONDS)
2022-03-04 02:16:45,910 [EndpointStateMachine task thread for /127.0.0.1:35517 - 0 ] INFO  ipc.Client (Client.java:handleConnectionFailure(977)) - Retrying connect to server: localhost/127.0.0.1:35517. Already tried 5 time(s); retry policy is RetryUpToMaximumCountWithFixedSleep(maxRetries=15, sleepTime=1000 MILLISECONDS)
2022-03-04 02:16:45,911 [EndpointStateMachine task thread for /127.0.0.1:42427 - 0 ] INFO  ipc.Client (Client.java:handleConnectionFailure(977)) - Retrying connect to server: localhost/127.0.0.1:42427. Already tried 5 time(s); retry policy is RetryUpToMaximumCountWithFixedSleep(maxRetries=15, sleepTime=1000 MILLISECONDS)
2022-03-04 02:16:46,528 [EndpointStateMachine task thread for /127.0.0.1:45947 - 0 ] INFO  ipc.Client (Client.java:handleConnectionFailure(977)) - Retrying connect to server: localhost/127.0.0.1:45947. Already tried 2 time(s); retry policy is RetryUpToMaximumCountWithFixedSleep(maxRetries=15, sleepTime=1000 MILLISECONDS)
2022-03-04 02:16:46,530 [EndpointStateMachine task thread for /127.0.0.1:33931 - 0 ] INFO  ipc.Client (Client.java:handleConnectionFailure(977)) - Retrying connect to server: localhost/127.0.0.1:33931. Already tried 2 time(s); retry policy is RetryUpToMaximumCountWithFixedSleep(maxRetries=15, sleepTime=1000 MILLISECONDS)
2022-03-04 02:16:46,528 [EndpointStateMachine task thread for /127.0.0.1:36193 - 0 ] INFO  ipc.Client (Client.java:handleConnectionFailure(977)) - Retrying connect to server: localhost/127.0.0.1:36193. Already tried 2 time(s); retry policy is RetryUpToMaximumCountWithFixedSleep(maxRetries=15, sleepTime=1000 MILLISECONDS)
2022-03-04 02:16:46,804 [9f78c5ee-b52e-497c-a9a6-ead92f3bbe55@group-F68A9A66EFBB-FollowerState] INFO  impl.FollowerState (FollowerState.java:run(134)) - 9f78c5ee-b52e-497c-a9a6-ead92f3bbe55@group-F68A9A66EFBB-FollowerState: change to CANDIDATE, lastRpcElapsedTime:5030070876ns, electionTimeout:5022ms
2022-03-04 02:16:46,804 [9f78c5ee-b52e-497c-a9a6-ead92f3bbe55@group-F68A9A66EFBB-FollowerState] INFO  impl.RoleInfo (RoleInfo.java:shutdownFollowerState(108)) - 9f78c5ee-b52e-497c-a9a6-ead92f3bbe55: shutdown 9f78c5ee-b52e-497c-a9a6-ead92f3bbe55@group-F68A9A66EFBB-FollowerState
2022-03-04 02:16:46,804 [9f78c5ee-b52e-497c-a9a6-ead92f3bbe55@group-F68A9A66EFBB-FollowerState] INFO  server.RaftServer$Division (RaftServerImpl.java:setRole(290)) - 9f78c5ee-b52e-497c-a9a6-ead92f3bbe55@group-F68A9A66EFBB: changes role from  FOLLOWER to CANDIDATE at term 3 for changeToCandidate
2022-03-04 02:16:46,804 [9f78c5ee-b52e-497c-a9a6-ead92f3bbe55@group-F68A9A66EFBB-FollowerState] INFO  server.RaftServerConfigKeys (ConfUtils.java:logGet(44)) - raft.server.leaderelection.pre-vote = false (custom)
2022-03-04 02:16:46,804 [9f78c5ee-b52e-497c-a9a6-ead92f3bbe55@group-F68A9A66EFBB-FollowerState] INFO  impl.RoleInfo (RoleInfo.java:updateAndGet(130)) - 9f78c5ee-b52e-497c-a9a6-ead92f3bbe55: start 9f78c5ee-b52e-497c-a9a6-ead92f3bbe55@group-F68A9A66EFBB-LeaderElection26
2022-03-04 02:16:46,820 [58268bb1-183d-4eef-863f-1633152e0ae0@group-F68A9A66EFBB-FollowerState] INFO  impl.FollowerState (FollowerState.java:run(134)) - 58268bb1-183d-4eef-863f-1633152e0ae0@group-F68A9A66EFBB-FollowerState: change to CANDIDATE, lastRpcElapsedTime:5042359123ns, electionTimeout:5026ms
2022-03-04 02:16:46,820 [58268bb1-183d-4eef-863f-1633152e0ae0@group-F68A9A66EFBB-FollowerState] INFO  impl.RoleInfo (RoleInfo.java:shutdownFollowerState(108)) - 58268bb1-183d-4eef-863f-1633152e0ae0: shutdown 58268bb1-183d-4eef-863f-1633152e0ae0@group-F68A9A66EFBB-FollowerState
2022-03-04 02:16:46,820 [58268bb1-183d-4eef-863f-1633152e0ae0@group-F68A9A66EFBB-FollowerState] INFO  server.RaftServer$Division (RaftServerImpl.java:setRole(290)) - 58268bb1-183d-4eef-863f-1633152e0ae0@group-F68A9A66EFBB: changes role from  FOLLOWER to CANDIDATE at term 3 for changeToCandidate
2022-03-04 02:16:46,820 [58268bb1-183d-4eef-863f-1633152e0ae0@group-F68A9A66EFBB-FollowerState] INFO  server.RaftServerConfigKeys (ConfUtils.java:logGet(44)) - raft.server.leaderelection.pre-vote = false (custom)
2022-03-04 02:16:46,820 [58268bb1-183d-4eef-863f-1633152e0ae0@group-F68A9A66EFBB-FollowerState] INFO  impl.RoleInfo (RoleInfo.java:updateAndGet(130)) - 58268bb1-183d-4eef-863f-1633152e0ae0: start 58268bb1-183d-4eef-863f-1633152e0ae0@group-F68A9A66EFBB-LeaderElection27
2022-03-04 02:16:46,820 [9f78c5ee-b52e-497c-a9a6-ead92f3bbe55@group-F68A9A66EFBB-LeaderElection26] INFO  impl.LeaderElection (LeaderElection.java:askForVotes(306)) - 9f78c5ee-b52e-497c-a9a6-ead92f3bbe55@group-F68A9A66EFBB-LeaderElection26 ELECTION round 0: submit vote requests at term 4 for -1: [58268bb1-183d-4eef-863f-1633152e0ae0|rpc:127.0.0.1:34573|dataStream:|priority:0, f00d6bae-b380-4908-b4bb-8059ffec7328|rpc:127.0.0.1:36009|dataStream:|priority:0, 9f78c5ee-b52e-497c-a9a6-ead92f3bbe55|rpc:127.0.0.1:38517|dataStream:|priority:1], old=null
2022-03-04 02:16:46,829 [58268bb1-183d-4eef-863f-1633152e0ae0@group-F68A9A66EFBB-LeaderElection27] INFO  impl.LeaderElection (LeaderElection.java:askForVotes(306)) - 58268bb1-183d-4eef-863f-1633152e0ae0@group-F68A9A66EFBB-LeaderElection27 ELECTION round 0: submit vote requests at term 4 for -1: [58268bb1-183d-4eef-863f-1633152e0ae0|rpc:127.0.0.1:34573|dataStream:|priority:0, f00d6bae-b380-4908-b4bb-8059ffec7328|rpc:127.0.0.1:36009|dataStream:|priority:0, 9f78c5ee-b52e-497c-a9a6-ead92f3bbe55|rpc:127.0.0.1:38517|dataStream:|priority:1], old=null
2022-03-04 02:16:46,860 [grpc-default-executor-1] INFO  server.RaftServer$Division (RaftServerImpl.java:requestVote(1046)) - f00d6bae-b380-4908-b4bb-8059ffec7328@group-F68A9A66EFBB: receive requestVote(ELECTION, 58268bb1-183d-4eef-863f-1633152e0ae0, group-F68A9A66EFBB, 4, (t:0, i:0))
2022-03-04 02:16:46,860 [grpc-default-executor-1] INFO  impl.VoteContext (VoteContext.java:log(48)) - f00d6bae-b380-4908-b4bb-8059ffec7328@group-F68A9A66EFBB-FOLLOWER: accept ELECTION from 58268bb1-183d-4eef-863f-1633152e0ae0: our priority 0 <= candidate's priority 0
2022-03-04 02:16:46,860 [grpc-default-executor-1] INFO  server.RaftServer$Division (RaftServerImpl.java:setRole(290)) - f00d6bae-b380-4908-b4bb-8059ffec7328@group-F68A9A66EFBB: changes role from  FOLLOWER to FOLLOWER at term 4 for candidate:58268bb1-183d-4eef-863f-1633152e0ae0
2022-03-04 02:16:46,861 [grpc-default-executor-1] INFO  impl.RoleInfo (RoleInfo.java:shutdownFollowerState(108)) - f00d6bae-b380-4908-b4bb-8059ffec7328: shutdown f00d6bae-b380-4908-b4bb-8059ffec7328@group-F68A9A66EFBB-FollowerState
2022-03-04 02:16:46,861 [grpc-default-executor-1] INFO  impl.RoleInfo (RoleInfo.java:updateAndGet(130)) - f00d6bae-b380-4908-b4bb-8059ffec7328: start f00d6bae-b380-4908-b4bb-8059ffec7328@group-F68A9A66EFBB-FollowerState
2022-03-04 02:16:46,861 [f00d6bae-b380-4908-b4bb-8059ffec7328@group-F68A9A66EFBB-FollowerState] INFO  impl.FollowerState (FollowerState.java:run(143)) - f00d6bae-b380-4908-b4bb-8059ffec7328@group-F68A9A66EFBB-FollowerState was interrupted: {}
java.lang.InterruptedException: sleep interrupted
	at java.lang.Thread.sleep(Native Method)
	at java.lang.Thread.sleep(Thread.java:342)
	at java.util.concurrent.TimeUnit.sleep(TimeUnit.java:386)
	at org.apache.ratis.util.TimeDuration.sleep(TimeDuration.java:324)
	at org.apache.ratis.util.TimeDuration.sleep(TimeDuration.java:309)
	at org.apache.ratis.server.impl.FollowerState.run(FollowerState.java:118)
2022-03-04 02:16:46,863 [grpc-default-executor-1] INFO  server.RaftServer$Division (RaftServerImpl.java:requestVote(1078)) - f00d6bae-b380-4908-b4bb-8059ffec7328@group-F68A9A66EFBB replies to ELECTION vote request: 58268bb1-183d-4eef-863f-1633152e0ae0<-f00d6bae-b380-4908-b4bb-8059ffec7328#0:OK-t4. Peer's state: f00d6bae-b380-4908-b4bb-8059ffec7328@group-F68A9A66EFBB:t4, leader=null, voted=58268bb1-183d-4eef-863f-1633152e0ae0, raftlog=f00d6bae-b380-4908-b4bb-8059ffec7328@group-F68A9A66EFBB-SegmentedRaftLog:OPENED:c-1, conf=-1: [58268bb1-183d-4eef-863f-1633152e0ae0|rpc:127.0.0.1:34573|priority:0, f00d6bae-b380-4908-b4bb-8059ffec7328|rpc:127.0.0.1:36009|priority:0, 9f78c5ee-b52e-497c-a9a6-ead92f3bbe55|rpc:127.0.0.1:38517|priority:1], old=null
2022-03-04 02:16:46,869 [grpc-default-executor-0] INFO  server.RaftServer$Division (RaftServerImpl.java:requestVote(1046)) - 9f78c5ee-b52e-497c-a9a6-ead92f3bbe55@group-F68A9A66EFBB: receive requestVote(ELECTION, 58268bb1-183d-4eef-863f-1633152e0ae0, group-F68A9A66EFBB, 4, (t:0, i:0))
2022-03-04 02:16:46,869 [grpc-default-executor-0] INFO  impl.VoteContext (VoteContext.java:log(48)) - 9f78c5ee-b52e-497c-a9a6-ead92f3bbe55@group-F68A9A66EFBB-CANDIDATE: reject ELECTION from 58268bb1-183d-4eef-863f-1633152e0ae0: already has voted for 9f78c5ee-b52e-497c-a9a6-ead92f3bbe55 at current term 4
2022-03-04 02:16:46,869 [grpc-default-executor-0] INFO  server.RaftServer$Division (RaftServerImpl.java:requestVote(1078)) - 9f78c5ee-b52e-497c-a9a6-ead92f3bbe55@group-F68A9A66EFBB replies to ELECTION vote request: 58268bb1-183d-4eef-863f-1633152e0ae0<-9f78c5ee-b52e-497c-a9a6-ead92f3bbe55#0:FAIL-t4. Peer's state: 9f78c5ee-b52e-497c-a9a6-ead92f3bbe55@group-F68A9A66EFBB:t4, leader=null, voted=9f78c5ee-b52e-497c-a9a6-ead92f3bbe55, raftlog=9f78c5ee-b52e-497c-a9a6-ead92f3bbe55@group-F68A9A66EFBB-SegmentedRaftLog:OPENED:c-1, conf=-1: [58268bb1-183d-4eef-863f-1633152e0ae0|rpc:127.0.0.1:34573|dataStream:|priority:0, f00d6bae-b380-4908-b4bb-8059ffec7328|rpc:127.0.0.1:36009|dataStream:|priority:0, 9f78c5ee-b52e-497c-a9a6-ead92f3bbe55|rpc:127.0.0.1:38517|dataStream:|priority:1], old=null
2022-03-04 02:16:46,879 [58268bb1-183d-4eef-863f-1633152e0ae0@group-F68A9A66EFBB-LeaderElection27] INFO  impl.LeaderElection (LeaderElection.java:logAndReturn(89)) - 58268bb1-183d-4eef-863f-1633152e0ae0@group-F68A9A66EFBB-LeaderElection27: ELECTION REJECTED received 2 response(s) and 0 exception(s):
2022-03-04 02:16:46,879 [58268bb1-183d-4eef-863f-1633152e0ae0@group-F68A9A66EFBB-LeaderElection27] INFO  impl.LeaderElection (LeaderElection.java:logAndReturn(93)) -   Response 0: 58268bb1-183d-4eef-863f-1633152e0ae0<-f00d6bae-b380-4908-b4bb-8059ffec7328#0:OK-t4
2022-03-04 02:16:46,879 [grpc-default-executor-3] INFO  server.RaftServer$Division (RaftServerImpl.java:requestVote(1046)) - 58268bb1-183d-4eef-863f-1633152e0ae0@group-F68A9A66EFBB: receive requestVote(ELECTION, 9f78c5ee-b52e-497c-a9a6-ead92f3bbe55, group-F68A9A66EFBB, 4, (t:0, i:0))
2022-03-04 02:16:46,880 [grpc-default-executor-3] INFO  impl.VoteContext (VoteContext.java:log(48)) - 58268bb1-183d-4eef-863f-1633152e0ae0@group-F68A9A66EFBB-CANDIDATE: reject ELECTION from 9f78c5ee-b52e-497c-a9a6-ead92f3bbe55: already has voted for 58268bb1-183d-4eef-863f-1633152e0ae0 at current term 4
2022-03-04 02:16:46,880 [grpc-default-executor-3] INFO  server.RaftServer$Division (RaftServerImpl.java:requestVote(1078)) - 58268bb1-183d-4eef-863f-1633152e0ae0@group-F68A9A66EFBB replies to ELECTION vote request: 9f78c5ee-b52e-497c-a9a6-ead92f3bbe55<-58268bb1-183d-4eef-863f-1633152e0ae0#0:FAIL-t4. Peer's state: 58268bb1-183d-4eef-863f-1633152e0ae0@group-F68A9A66EFBB:t4, leader=null, voted=58268bb1-183d-4eef-863f-1633152e0ae0, raftlog=58268bb1-183d-4eef-863f-1633152e0ae0@group-F68A9A66EFBB-SegmentedRaftLog:OPENED:c-1, conf=-1: [58268bb1-183d-4eef-863f-1633152e0ae0|rpc:127.0.0.1:34573|dataStream:|priority:0, f00d6bae-b380-4908-b4bb-8059ffec7328|rpc:127.0.0.1:36009|dataStream:|priority:0, 9f78c5ee-b52e-497c-a9a6-ead92f3bbe55|rpc:127.0.0.1:38517|dataStream:|priority:1], old=null
2022-03-04 02:16:46,880 [grpc-default-executor-1] INFO  server.RaftServer$Division (RaftServerImpl.java:requestVote(1046)) - f00d6bae-b380-4908-b4bb-8059ffec7328@group-F68A9A66EFBB: receive requestVote(ELECTION, 9f78c5ee-b52e-497c-a9a6-ead92f3bbe55, group-F68A9A66EFBB, 4, (t:0, i:0))
2022-03-04 02:16:46,880 [grpc-default-executor-1] INFO  impl.VoteContext (VoteContext.java:log(48)) - f00d6bae-b380-4908-b4bb-8059ffec7328@group-F68A9A66EFBB-FOLLOWER: reject ELECTION from 9f78c5ee-b52e-497c-a9a6-ead92f3bbe55: already has voted for 58268bb1-183d-4eef-863f-1633152e0ae0 at current term 4
2022-03-04 02:16:46,880 [grpc-default-executor-1] INFO  server.RaftServer$Division (RaftServerImpl.java:requestVote(1078)) - f00d6bae-b380-4908-b4bb-8059ffec7328@group-F68A9A66EFBB replies to ELECTION vote request: 9f78c5ee-b52e-497c-a9a6-ead92f3bbe55<-f00d6bae-b380-4908-b4bb-8059ffec7328#0:FAIL-t4. Peer's state: f00d6bae-b380-4908-b4bb-8059ffec7328@group-F68A9A66EFBB:t4, leader=null, voted=58268bb1-183d-4eef-863f-1633152e0ae0, raftlog=f00d6bae-b380-4908-b4bb-8059ffec7328@group-F68A9A66EFBB-SegmentedRaftLog:OPENED:c-1, conf=-1: [58268bb1-183d-4eef-863f-1633152e0ae0|rpc:127.0.0.1:34573|priority:0, f00d6bae-b380-4908-b4bb-8059ffec7328|rpc:127.0.0.1:36009|priority:0, 9f78c5ee-b52e-497c-a9a6-ead92f3bbe55|rpc:127.0.0.1:38517|priority:1], old=null
2022-03-04 02:16:46,879 [58268bb1-183d-4eef-863f-1633152e0ae0@group-F68A9A66EFBB-LeaderElection27] INFO  impl.LeaderElection (LeaderElection.java:logAndReturn(93)) -   Response 1: 58268bb1-183d-4eef-863f-1633152e0ae0<-9f78c5ee-b52e-497c-a9a6-ead92f3bbe55#0:FAIL-t4
2022-03-04 02:16:46,882 [58268bb1-183d-4eef-863f-1633152e0ae0@group-F68A9A66EFBB-LeaderElection27] INFO  impl.LeaderElection (LeaderElection.java:askForVotes(308)) - 58268bb1-183d-4eef-863f-1633152e0ae0@group-F68A9A66EFBB-LeaderElection27 ELECTION round 0: result REJECTED
2022-03-04 02:16:46,882 [58268bb1-183d-4eef-863f-1633152e0ae0@group-F68A9A66EFBB-LeaderElection27] INFO  server.RaftServer$Division (RaftServerImpl.java:setRole(290)) - 58268bb1-183d-4eef-863f-1633152e0ae0@group-F68A9A66EFBB: changes role from CANDIDATE to FOLLOWER at term 4 for REJECTED
2022-03-04 02:16:46,882 [58268bb1-183d-4eef-863f-1633152e0ae0@group-F68A9A66EFBB-LeaderElection27] INFO  impl.RoleInfo (RoleInfo.java:shutdownLeaderElection(121)) - 58268bb1-183d-4eef-863f-1633152e0ae0: shutdown 58268bb1-183d-4eef-863f-1633152e0ae0@group-F68A9A66EFBB-LeaderElection27
2022-03-04 02:16:46,882 [58268bb1-183d-4eef-863f-1633152e0ae0@group-F68A9A66EFBB-LeaderElection27] INFO  impl.RoleInfo (RoleInfo.java:updateAndGet(130)) - 58268bb1-183d-4eef-863f-1633152e0ae0: start 58268bb1-183d-4eef-863f-1633152e0ae0@group-F68A9A66EFBB-FollowerState
2022-03-04 02:16:46,895 [9f78c5ee-b52e-497c-a9a6-ead92f3bbe55@group-F68A9A66EFBB-LeaderElection26] INFO  impl.LeaderElection (LeaderElection.java:logAndReturn(89)) - 9f78c5ee-b52e-497c-a9a6-ead92f3bbe55@group-F68A9A66EFBB-LeaderElection26: ELECTION REJECTED received 2 response(s) and 0 exception(s):
2022-03-04 02:16:46,896 [9f78c5ee-b52e-497c-a9a6-ead92f3bbe55@group-F68A9A66EFBB-LeaderElection26] INFO  impl.LeaderElection (LeaderElection.java:logAndReturn(93)) -   Response 0: 9f78c5ee-b52e-497c-a9a6-ead92f3bbe55<-58268bb1-183d-4eef-863f-1633152e0ae0#0:FAIL-t4
2022-03-04 02:16:46,896 [9f78c5ee-b52e-497c-a9a6-ead92f3bbe55@group-F68A9A66EFBB-LeaderElection26] INFO  impl.LeaderElection (LeaderElection.java:logAndReturn(93)) -   Response 1: 9f78c5ee-b52e-497c-a9a6-ead92f3bbe55<-f00d6bae-b380-4908-b4bb-8059ffec7328#0:FAIL-t4
2022-03-04 02:16:46,896 [9f78c5ee-b52e-497c-a9a6-ead92f3bbe55@group-F68A9A66EFBB-LeaderElection26] INFO  impl.LeaderElection (LeaderElection.java:askForVotes(308)) - 9f78c5ee-b52e-497c-a9a6-ead92f3bbe55@group-F68A9A66EFBB-LeaderElection26 ELECTION round 0: result REJECTED
2022-03-04 02:16:46,896 [9f78c5ee-b52e-497c-a9a6-ead92f3bbe55@group-F68A9A66EFBB-LeaderElection26] INFO  server.RaftServer$Division (RaftServerImpl.java:setRole(290)) - 9f78c5ee-b52e-497c-a9a6-ead92f3bbe55@group-F68A9A66EFBB: changes role from CANDIDATE to FOLLOWER at term 4 for REJECTED
2022-03-04 02:16:46,896 [9f78c5ee-b52e-497c-a9a6-ead92f3bbe55@group-F68A9A66EFBB-LeaderElection26] INFO  impl.RoleInfo (RoleInfo.java:shutdownLeaderElection(121)) - 9f78c5ee-b52e-497c-a9a6-ead92f3bbe55: shutdown 9f78c5ee-b52e-497c-a9a6-ead92f3bbe55@group-F68A9A66EFBB-LeaderElection26
2022-03-04 02:16:46,896 [9f78c5ee-b52e-497c-a9a6-ead92f3bbe55@group-F68A9A66EFBB-LeaderElection26] INFO  impl.RoleInfo (RoleInfo.java:updateAndGet(130)) - 9f78c5ee-b52e-497c-a9a6-ead92f3bbe55: start 9f78c5ee-b52e-497c-a9a6-ead92f3bbe55@group-F68A9A66EFBB-FollowerState
2022-03-04 02:16:46,911 [EndpointStateMachine task thread for /127.0.0.1:35517 - 0 ] INFO  ipc.Client (Client.java:handleConnectionFailure(977)) - Retrying connect to server: localhost/127.0.0.1:35517. Already tried 6 time(s); retry policy is RetryUpToMaximumCountWithFixedSleep(maxRetries=15, sleepTime=1000 MILLISECONDS)
2022-03-04 02:16:46,911 [EndpointStateMachine task thread for /127.0.0.1:42427 - 0 ] INFO  ipc.Client (Client.java:handleConnectionFailure(977)) - Retrying connect to server: localhost/127.0.0.1:42427. Already tried 6 time(s); retry policy is RetryUpToMaximumCountWithFixedSleep(maxRetries=15, sleepTime=1000 MILLISECONDS)
2022-03-04 02:16:46,915 [EndpointStateMachine task thread for /127.0.0.1:42491 - 0 ] INFO  ipc.Client (Client.java:handleConnectionFailure(977)) - Retrying connect to server: localhost/127.0.0.1:42491. Already tried 6 time(s); retry policy is RetryUpToMaximumCountWithFixedSleep(maxRetries=15, sleepTime=1000 MILLISECONDS)
2022-03-04 02:16:47,529 [EndpointStateMachine task thread for /127.0.0.1:45947 - 0 ] INFO  ipc.Client (Client.java:handleConnectionFailure(977)) - Retrying connect to server: localhost/127.0.0.1:45947. Already tried 3 time(s); retry policy is RetryUpToMaximumCountWithFixedSleep(maxRetries=15, sleepTime=1000 MILLISECONDS)
2022-03-04 02:16:47,530 [EndpointStateMachine task thread for /127.0.0.1:33931 - 0 ] INFO  ipc.Client (Client.java:handleConnectionFailure(977)) - Retrying connect to server: localhost/127.0.0.1:33931. Already tried 3 time(s); retry policy is RetryUpToMaximumCountWithFixedSleep(maxRetries=15, sleepTime=1000 MILLISECONDS)
2022-03-04 02:16:47,531 [EndpointStateMachine task thread for /127.0.0.1:36193 - 0 ] INFO  ipc.Client (Client.java:handleConnectionFailure(977)) - Retrying connect to server: localhost/127.0.0.1:36193. Already tried 3 time(s); retry policy is RetryUpToMaximumCountWithFixedSleep(maxRetries=15, sleepTime=1000 MILLISECONDS)
2022-03-04 02:16:47,911 [EndpointStateMachine task thread for /127.0.0.1:35517 - 0 ] INFO  ipc.Client (Client.java:handleConnectionFailure(977)) - Retrying connect to server: localhost/127.0.0.1:35517. Already tried 7 time(s); retry policy is RetryUpToMaximumCountWithFixedSleep(maxRetries=15, sleepTime=1000 MILLISECONDS)
2022-03-04 02:16:47,912 [EndpointStateMachine task thread for /127.0.0.1:42427 - 0 ] INFO  ipc.Client (Client.java:handleConnectionFailure(977)) - Retrying connect to server: localhost/127.0.0.1:42427. Already tried 7 time(s); retry policy is RetryUpToMaximumCountWithFixedSleep(maxRetries=15, sleepTime=1000 MILLISECONDS)
2022-03-04 02:16:47,916 [EndpointStateMachine task thread for /127.0.0.1:42491 - 0 ] INFO  ipc.Client (Client.java:handleConnectionFailure(977)) - Retrying connect to server: localhost/127.0.0.1:42491. Already tried 7 time(s); retry policy is RetryUpToMaximumCountWithFixedSleep(maxRetries=15, sleepTime=1000 MILLISECONDS)
2022-03-04 02:16:48,122 [ForkJoinPool.commonPool-worker-0] INFO  ozoneimpl.OzoneContainer (OzoneContainer.java:stop(356)) - Attempting to stop container services.
2022-03-04 02:16:48,123 [Listener at 127.0.0.1/44533] INFO  ozoneimpl.OzoneContainer (OzoneContainer.java:stop(356)) - Attempting to stop container services.
2022-03-04 02:16:48,124 [ForkJoinPool.commonPool-worker-0] INFO  server.RaftServer (RaftServerProxy.java:lambda$close$6(391)) - f00d6bae-b380-4908-b4bb-8059ffec7328: close
2022-03-04 02:16:48,124 [ForkJoinPool.commonPool-worker-0] INFO  server.RaftServer$Division (RaftServerImpl.java:lambda$close$4(412)) - f00d6bae-b380-4908-b4bb-8059ffec7328@group-5FBFE6CE9088: shutdown
2022-03-04 02:16:48,125 [ForkJoinPool.commonPool-worker-0] INFO  util.JmxRegister (JmxRegister.java:unregister(73)) - Successfully un-registered JMX Bean with object name Ratis:service=RaftServer,group=group-5FBFE6CE9088,id=f00d6bae-b380-4908-b4bb-8059ffec7328
2022-03-04 02:16:48,125 [ForkJoinPool.commonPool-worker-0] INFO  impl.RoleInfo (RoleInfo.java:shutdownLeaderState(91)) - f00d6bae-b380-4908-b4bb-8059ffec7328: shutdown f00d6bae-b380-4908-b4bb-8059ffec7328@group-5FBFE6CE9088-LeaderStateImpl
2022-03-04 02:16:48,125 [ForkJoinPool.commonPool-worker-0] INFO  impl.PendingRequests (PendingRequests.java:sendNotLeaderResponses(282)) - f00d6bae-b380-4908-b4bb-8059ffec7328@group-5FBFE6CE9088-PendingRequests: sendNotLeaderResponses
2022-03-04 02:16:48,125 [ForkJoinPool.commonPool-worker-0] INFO  impl.StateMachineUpdater (StateMachineUpdater.java:stopAndJoin(149)) - f00d6bae-b380-4908-b4bb-8059ffec7328@group-5FBFE6CE9088-StateMachineUpdater: set stopIndex = 0
2022-03-04 02:16:48,126 [Listener at 127.0.0.1/44533] INFO  server.RaftServer (RaftServerProxy.java:lambda$close$6(391)) - 58268bb1-183d-4eef-863f-1633152e0ae0: close
2022-03-04 02:16:48,126 [f00d6bae-b380-4908-b4bb-8059ffec7328@group-5FBFE6CE9088-StateMachineUpdater] INFO  ratis.ContainerStateMachine (ContainerStateMachine.java:takeSnapshot(304)) - group-5FBFE6CE9088: Taking a snapshot at:(t:1, i:0) file /home/runner/work/ozone/ozone/hadoop-ozone/integration-test/target/test-dir/MiniOzoneClusterImpl-ba78f66b-c31d-4d73-90ed-a031934b8290/datanode-0/data/ratis/906706fc-b8b9-4db6-852e-5fbfe6ce9088/sm/snapshot.1_0
2022-03-04 02:16:48,126 [Listener at 127.0.0.1/44533] INFO  server.RaftServer$Division (RaftServerImpl.java:lambda$close$4(412)) - 58268bb1-183d-4eef-863f-1633152e0ae0@group-A56C08C94D8C: shutdown
2022-03-04 02:16:48,126 [Listener at 127.0.0.1/44533] INFO  util.JmxRegister (JmxRegister.java:unregister(73)) - Successfully un-registered JMX Bean with object name Ratis:service=RaftServer,group=group-A56C08C94D8C,id=58268bb1-183d-4eef-863f-1633152e0ae0
2022-03-04 02:16:48,126 [Listener at 127.0.0.1/44533] INFO  impl.RoleInfo (RoleInfo.java:shutdownLeaderState(91)) - 58268bb1-183d-4eef-863f-1633152e0ae0: shutdown 58268bb1-183d-4eef-863f-1633152e0ae0@group-A56C08C94D8C-LeaderStateImpl
2022-03-04 02:16:48,126 [Listener at 127.0.0.1/44533] INFO  impl.PendingRequests (PendingRequests.java:sendNotLeaderResponses(282)) - 58268bb1-183d-4eef-863f-1633152e0ae0@group-A56C08C94D8C-PendingRequests: sendNotLeaderResponses
2022-03-04 02:16:48,127 [f00d6bae-b380-4908-b4bb-8059ffec7328@group-5FBFE6CE9088-StateMachineUpdater] INFO  ratis.ContainerStateMachine (ContainerStateMachine.java:takeSnapshot(315)) - group-5FBFE6CE9088: Finished taking a snapshot at:(t:1, i:0) file:/home/runner/work/ozone/ozone/hadoop-ozone/integration-test/target/test-dir/MiniOzoneClusterImpl-ba78f66b-c31d-4d73-90ed-a031934b8290/datanode-0/data/ratis/906706fc-b8b9-4db6-852e-5fbfe6ce9088/sm/snapshot.1_0 took: 1 ms
2022-03-04 02:16:48,127 [f00d6bae-b380-4908-b4bb-8059ffec7328@group-5FBFE6CE9088-StateMachineUpdater] INFO  impl.StateMachineUpdater (StateMachineUpdater.java:takeSnapshot(281)) - f00d6bae-b380-4908-b4bb-8059ffec7328@group-5FBFE6CE9088-StateMachineUpdater: Took a snapshot at index 0
2022-03-04 02:16:48,127 [f00d6bae-b380-4908-b4bb-8059ffec7328@group-5FBFE6CE9088-StateMachineUpdater] INFO  impl.StateMachineUpdater (StateMachineUpdater.java:lambda$new$0(89)) - f00d6bae-b380-4908-b4bb-8059ffec7328@group-5FBFE6CE9088-StateMachineUpdater: snapshotIndex: updateIncreasingly -1 -> 0
2022-03-04 02:16:48,127 [Listener at 127.0.0.1/44533] INFO  impl.StateMachineUpdater (StateMachineUpdater.java:stopAndJoin(149)) - 58268bb1-183d-4eef-863f-1633152e0ae0@group-A56C08C94D8C-StateMachineUpdater: set stopIndex = 0
2022-03-04 02:16:48,127 [58268bb1-183d-4eef-863f-1633152e0ae0@group-A56C08C94D8C-StateMachineUpdater] INFO  ratis.ContainerStateMachine (ContainerStateMachine.java:takeSnapshot(304)) - group-A56C08C94D8C: Taking a snapshot at:(t:1, i:0) file /home/runner/work/ozone/ozone/hadoop-ozone/integration-test/target/test-dir/MiniOzoneClusterImpl-ba78f66b-c31d-4d73-90ed-a031934b8290/datanode-1/data/ratis/0074557d-1deb-4875-99b8-a56c08c94d8c/sm/snapshot.1_0
2022-03-04 02:16:48,127 [ForkJoinPool.commonPool-worker-0] INFO  server.RaftServer$Division (ServerState.java:close(419)) - f00d6bae-b380-4908-b4bb-8059ffec7328@group-5FBFE6CE9088: closes. applyIndex: 0
2022-03-04 02:16:48,128 [f00d6bae-b380-4908-b4bb-8059ffec7328@group-5FBFE6CE9088-SegmentedRaftLogWorker] INFO  segmented.SegmentedRaftLogWorker (SegmentedRaftLogWorker.java:run(327)) - f00d6bae-b380-4908-b4bb-8059ffec7328@group-5FBFE6CE9088-SegmentedRaftLogWorker was interrupted, exiting. There are 0 tasks remaining in the queue.
2022-03-04 02:16:48,129 [58268bb1-183d-4eef-863f-1633152e0ae0@group-A56C08C94D8C-StateMachineUpdater] INFO  ratis.ContainerStateMachine (ContainerStateMachine.java:takeSnapshot(315)) - group-A56C08C94D8C: Finished taking a snapshot at:(t:1, i:0) file:/home/runner/work/ozone/ozone/hadoop-ozone/integration-test/target/test-dir/MiniOzoneClusterImpl-ba78f66b-c31d-4d73-90ed-a031934b8290/datanode-1/data/ratis/0074557d-1deb-4875-99b8-a56c08c94d8c/sm/snapshot.1_0 took: 1 ms
2022-03-04 02:16:48,129 [ForkJoinPool.commonPool-worker-0] INFO  segmented.SegmentedRaftLogWorker (SegmentedRaftLogWorker.java:close(237)) - f00d6bae-b380-4908-b4bb-8059ffec7328@group-5FBFE6CE9088-SegmentedRaftLogWorker close()
2022-03-04 02:16:48,129 [58268bb1-183d-4eef-863f-1633152e0ae0@group-A56C08C94D8C-StateMachineUpdater] INFO  impl.StateMachineUpdater (StateMachineUpdater.java:takeSnapshot(281)) - 58268bb1-183d-4eef-863f-1633152e0ae0@group-A56C08C94D8C-StateMachineUpdater: Took a snapshot at index 0
2022-03-04 02:16:48,131 [58268bb1-183d-4eef-863f-1633152e0ae0@group-A56C08C94D8C-StateMachineUpdater] INFO  impl.StateMachineUpdater (StateMachineUpdater.java:lambda$new$0(89)) - 58268bb1-183d-4eef-863f-1633152e0ae0@group-A56C08C94D8C-StateMachineUpdater: snapshotIndex: updateIncreasingly -1 -> 0
2022-03-04 02:16:48,130 [ForkJoinPool.commonPool-worker-0] INFO  server.RaftServer$Division (RaftServerImpl.java:lambda$close$4(412)) - f00d6bae-b380-4908-b4bb-8059ffec7328@group-F68A9A66EFBB: shutdown
2022-03-04 02:16:48,132 [ForkJoinPool.commonPool-worker-0] INFO  util.JmxRegister (JmxRegister.java:unregister(73)) - Successfully un-registered JMX Bean with object name Ratis:service=RaftServer,group=group-F68A9A66EFBB,id=f00d6bae-b380-4908-b4bb-8059ffec7328
2022-03-04 02:16:48,132 [ForkJoinPool.commonPool-worker-0] INFO  impl.RoleInfo (RoleInfo.java:shutdownFollowerState(108)) - f00d6bae-b380-4908-b4bb-8059ffec7328: shutdown f00d6bae-b380-4908-b4bb-8059ffec7328@group-F68A9A66EFBB-FollowerState
2022-03-04 02:16:48,132 [Listener at 127.0.0.1/44533] INFO  server.RaftServer$Division (ServerState.java:close(419)) - 58268bb1-183d-4eef-863f-1633152e0ae0@group-A56C08C94D8C: closes. applyIndex: 0
2022-03-04 02:16:48,132 [ForkJoinPool.commonPool-worker-0] INFO  impl.StateMachineUpdater (StateMachineUpdater.java:stopAndJoin(149)) - f00d6bae-b380-4908-b4bb-8059ffec7328@group-F68A9A66EFBB-StateMachineUpdater: set stopIndex = -1
2022-03-04 02:16:48,132 [f00d6bae-b380-4908-b4bb-8059ffec7328@group-F68A9A66EFBB-FollowerState] INFO  impl.FollowerState (FollowerState.java:run(143)) - f00d6bae-b380-4908-b4bb-8059ffec7328@group-F68A9A66EFBB-FollowerState was interrupted: {}
java.lang.InterruptedException: sleep interrupted
	at java.lang.Thread.sleep(Native Method)
	at java.lang.Thread.sleep(Thread.java:342)
	at java.util.concurrent.TimeUnit.sleep(TimeUnit.java:386)
	at org.apache.ratis.util.TimeDuration.sleep(TimeDuration.java:324)
	at org.apache.ratis.util.TimeDuration.sleep(TimeDuration.java:309)
	at org.apache.ratis.server.impl.FollowerState.run(FollowerState.java:118)
2022-03-04 02:16:48,132 [58268bb1-183d-4eef-863f-1633152e0ae0@group-A56C08C94D8C-SegmentedRaftLogWorker] INFO  segmented.SegmentedRaftLogWorker (SegmentedRaftLogWorker.java:run(327)) - 58268bb1-183d-4eef-863f-1633152e0ae0@group-A56C08C94D8C-SegmentedRaftLogWorker was interrupted, exiting. There are 0 tasks remaining in the queue.
2022-03-04 02:16:48,137 [ForkJoinPool.commonPool-worker-0] INFO  server.RaftServer$Division (ServerState.java:close(419)) - f00d6bae-b380-4908-b4bb-8059ffec7328@group-F68A9A66EFBB: closes. applyIndex: -1
2022-03-04 02:16:48,139 [f00d6bae-b380-4908-b4bb-8059ffec7328@group-F68A9A66EFBB-SegmentedRaftLogWorker] INFO  segmented.SegmentedRaftLogWorker (SegmentedRaftLogWorker.java:run(327)) - f00d6bae-b380-4908-b4bb-8059ffec7328@group-F68A9A66EFBB-SegmentedRaftLogWorker was interrupted, exiting. There are 0 tasks remaining in the queue.
2022-03-04 02:16:48,139 [Listener at 127.0.0.1/44533] INFO  segmented.SegmentedRaftLogWorker (SegmentedRaftLogWorker.java:close(237)) - 58268bb1-183d-4eef-863f-1633152e0ae0@group-A56C08C94D8C-SegmentedRaftLogWorker close()
2022-03-04 02:16:48,139 [ForkJoinPool.commonPool-worker-0] INFO  segmented.SegmentedRaftLogWorker (SegmentedRaftLogWorker.java:close(237)) - f00d6bae-b380-4908-b4bb-8059ffec7328@group-F68A9A66EFBB-SegmentedRaftLogWorker close()
2022-03-04 02:16:48,148 [Listener at 127.0.0.1/44533] INFO  server.RaftServer$Division (RaftServerImpl.java:lambda$close$4(412)) - 58268bb1-183d-4eef-863f-1633152e0ae0@group-F68A9A66EFBB: shutdown
2022-03-04 02:16:48,148 [Listener at 127.0.0.1/44533] INFO  util.JmxRegister (JmxRegister.java:unregister(73)) - Successfully un-registered JMX Bean with object name Ratis:service=RaftServer,group=group-F68A9A66EFBB,id=58268bb1-183d-4eef-863f-1633152e0ae0
2022-03-04 02:16:48,148 [Listener at 127.0.0.1/44533] INFO  impl.RoleInfo (RoleInfo.java:shutdownFollowerState(108)) - 58268bb1-183d-4eef-863f-1633152e0ae0: shutdown 58268bb1-183d-4eef-863f-1633152e0ae0@group-F68A9A66EFBB-FollowerState
2022-03-04 02:16:48,148 [ForkJoinPool.commonPool-worker-0] INFO  server.RaftServer$Division (RaftServerImpl.java:lambda$close$4(412)) - f00d6bae-b380-4908-b4bb-8059ffec7328@group-9A60D3FB85E9: shutdown
2022-03-04 02:16:48,148 [ForkJoinPool.commonPool-worker-0] INFO  util.JmxRegister (JmxRegister.java:unregister(73)) - Successfully un-registered JMX Bean with object name Ratis:service=RaftServer,group=group-9A60D3FB85E9,id=f00d6bae-b380-4908-b4bb-8059ffec7328
2022-03-04 02:16:48,149 [ForkJoinPool.commonPool-worker-0] INFO  impl.RoleInfo (RoleInfo.java:shutdownFollowerState(108)) - f00d6bae-b380-4908-b4bb-8059ffec7328: shutdown f00d6bae-b380-4908-b4bb-8059ffec7328@group-9A60D3FB85E9-FollowerState
2022-03-04 02:16:48,149 [ForkJoinPool.commonPool-worker-0] INFO  impl.StateMachineUpdater (StateMachineUpdater.java:stopAndJoin(149)) - f00d6bae-b380-4908-b4bb-8059ffec7328@group-9A60D3FB85E9-StateMachineUpdater: set stopIndex = 0
2022-03-04 02:16:48,149 [f00d6bae-b380-4908-b4bb-8059ffec7328@group-9A60D3FB85E9-FollowerState] INFO  impl.FollowerState (FollowerState.java:run(143)) - f00d6bae-b380-4908-b4bb-8059ffec7328@group-9A60D3FB85E9-FollowerState was interrupted: {}
java.lang.InterruptedException: sleep interrupted
	at java.lang.Thread.sleep(Native Method)
	at java.lang.Thread.sleep(Thread.java:342)
	at java.util.concurrent.TimeUnit.sleep(TimeUnit.java:386)
	at org.apache.ratis.util.TimeDuration.sleep(TimeDuration.java:324)
	at org.apache.ratis.util.TimeDuration.sleep(TimeDuration.java:309)
	at org.apache.ratis.server.impl.FollowerState.run(FollowerState.java:118)
2022-03-04 02:16:48,148 [Listener at 127.0.0.1/44533] INFO  impl.StateMachineUpdater (StateMachineUpdater.java:stopAndJoin(149)) - 58268bb1-183d-4eef-863f-1633152e0ae0@group-F68A9A66EFBB-StateMachineUpdater: set stopIndex = -1
2022-03-04 02:16:48,150 [Listener at 127.0.0.1/44533] INFO  server.RaftServer$Division (ServerState.java:close(419)) - 58268bb1-183d-4eef-863f-1633152e0ae0@group-F68A9A66EFBB: closes. applyIndex: -1
2022-03-04 02:16:48,148 [58268bb1-183d-4eef-863f-1633152e0ae0@group-F68A9A66EFBB-FollowerState] INFO  impl.FollowerState (FollowerState.java:run(143)) - 58268bb1-183d-4eef-863f-1633152e0ae0@group-F68A9A66EFBB-FollowerState was interrupted: {}
java.lang.InterruptedException: sleep interrupted
	at java.lang.Thread.sleep(Native Method)
	at java.lang.Thread.sleep(Thread.java:342)
	at java.util.concurrent.TimeUnit.sleep(TimeUnit.java:386)
	at org.apache.ratis.util.TimeDuration.sleep(TimeDuration.java:324)
	at org.apache.ratis.util.TimeDuration.sleep(TimeDuration.java:309)
	at org.apache.ratis.server.impl.FollowerState.run(FollowerState.java:118)
2022-03-04 02:16:48,150 [58268bb1-183d-4eef-863f-1633152e0ae0@group-F68A9A66EFBB-SegmentedRaftLogWorker] INFO  segmented.SegmentedRaftLogWorker (SegmentedRaftLogWorker.java:run(327)) - 58268bb1-183d-4eef-863f-1633152e0ae0@group-F68A9A66EFBB-SegmentedRaftLogWorker was interrupted, exiting. There are 0 tasks remaining in the queue.
2022-03-04 02:16:48,150 [Listener at 127.0.0.1/44533] INFO  segmented.SegmentedRaftLogWorker (SegmentedRaftLogWorker.java:close(237)) - 58268bb1-183d-4eef-863f-1633152e0ae0@group-F68A9A66EFBB-SegmentedRaftLogWorker close()
2022-03-04 02:16:48,149 [f00d6bae-b380-4908-b4bb-8059ffec7328@group-9A60D3FB85E9-StateMachineUpdater] INFO  ratis.ContainerStateMachine (ContainerStateMachine.java:takeSnapshot(304)) - group-9A60D3FB85E9: Taking a snapshot at:(t:2, i:0) file /home/runner/work/ozone/ozone/hadoop-ozone/integration-test/target/test-dir/MiniOzoneClusterImpl-ba78f66b-c31d-4d73-90ed-a031934b8290/datanode-0/data/ratis/8a9700fc-640e-4ec4-9628-9a60d3fb85e9/sm/snapshot.2_0
2022-03-04 02:16:48,152 [Listener at 127.0.0.1/44533] INFO  server.RaftServer$Division (RaftServerImpl.java:lambda$close$4(412)) - 58268bb1-183d-4eef-863f-1633152e0ae0@group-9A60D3FB85E9: shutdown
2022-03-04 02:16:48,152 [Listener at 127.0.0.1/44533] INFO  util.JmxRegister (JmxRegister.java:unregister(73)) - Successfully un-registered JMX Bean with object name Ratis:service=RaftServer,group=group-9A60D3FB85E9,id=58268bb1-183d-4eef-863f-1633152e0ae0
2022-03-04 02:16:48,152 [Listener at 127.0.0.1/44533] INFO  impl.RoleInfo (RoleInfo.java:shutdownLeaderState(91)) - 58268bb1-183d-4eef-863f-1633152e0ae0: shutdown 58268bb1-183d-4eef-863f-1633152e0ae0@group-9A60D3FB85E9-LeaderStateImpl
2022-03-04 02:16:48,153 [58268bb1-183d-4eef-863f-1633152e0ae0@group-9A60D3FB85E9->9f78c5ee-b52e-497c-a9a6-ead92f3bbe55-GrpcLogAppender-LogAppenderDaemon] WARN  server.GrpcLogAppender (GrpcLogAppender.java:mayWait(177)) - 58268bb1-183d-4eef-863f-1633152e0ae0@group-9A60D3FB85E9->9f78c5ee-b52e-497c-a9a6-ead92f3bbe55-GrpcLogAppender: Wait interrupted by java.lang.InterruptedException
2022-03-04 02:16:48,153 [Listener at 127.0.0.1/44533] INFO  impl.PendingRequests (PendingRequests.java:sendNotLeaderResponses(282)) - 58268bb1-183d-4eef-863f-1633152e0ae0@group-9A60D3FB85E9-PendingRequests: sendNotLeaderResponses
2022-03-04 02:16:48,153 [Listener at 127.0.0.1/44533] INFO  impl.StateMachineUpdater (StateMachineUpdater.java:stopAndJoin(149)) - 58268bb1-183d-4eef-863f-1633152e0ae0@group-9A60D3FB85E9-StateMachineUpdater: set stopIndex = 0
2022-03-04 02:16:48,154 [f00d6bae-b380-4908-b4bb-8059ffec7328@group-9A60D3FB85E9-StateMachineUpdater] INFO  ratis.ContainerStateMachine (ContainerStateMachine.java:takeSnapshot(315)) - group-9A60D3FB85E9: Finished taking a snapshot at:(t:2, i:0) file:/home/runner/work/ozone/ozone/hadoop-ozone/integration-test/target/test-dir/MiniOzoneClusterImpl-ba78f66b-c31d-4d73-90ed-a031934b8290/datanode-0/data/ratis/8a9700fc-640e-4ec4-9628-9a60d3fb85e9/sm/snapshot.2_0 took: 4 ms
2022-03-04 02:16:48,154 [f00d6bae-b380-4908-b4bb-8059ffec7328@group-9A60D3FB85E9-StateMachineUpdater] INFO  impl.StateMachineUpdater (StateMachineUpdater.java:takeSnapshot(281)) - f00d6bae-b380-4908-b4bb-8059ffec7328@group-9A60D3FB85E9-StateMachineUpdater: Took a snapshot at index 0
2022-03-04 02:16:48,154 [f00d6bae-b380-4908-b4bb-8059ffec7328@group-9A60D3FB85E9-StateMachineUpdater] INFO  impl.StateMachineUpdater (StateMachineUpdater.java:lambda$new$0(89)) - f00d6bae-b380-4908-b4bb-8059ffec7328@group-9A60D3FB85E9-StateMachineUpdater: snapshotIndex: updateIncreasingly -1 -> 0
2022-03-04 02:16:48,154 [ForkJoinPool.commonPool-worker-0] INFO  server.RaftServer$Division (ServerState.java:close(419)) - f00d6bae-b380-4908-b4bb-8059ffec7328@group-9A60D3FB85E9: closes. applyIndex: 0
2022-03-04 02:16:48,154 [f00d6bae-b380-4908-b4bb-8059ffec7328@group-9A60D3FB85E9-SegmentedRaftLogWorker] INFO  segmented.SegmentedRaftLogWorker (SegmentedRaftLogWorker.java:run(327)) - f00d6bae-b380-4908-b4bb-8059ffec7328@group-9A60D3FB85E9-SegmentedRaftLogWorker was interrupted, exiting. There are 0 tasks remaining in the queue.
2022-03-04 02:16:48,154 [58268bb1-183d-4eef-863f-1633152e0ae0@group-9A60D3FB85E9->f00d6bae-b380-4908-b4bb-8059ffec7328-GrpcLogAppender-LogAppenderDaemon] WARN  server.GrpcLogAppender (GrpcLogAppender.java:mayWait(177)) - 58268bb1-183d-4eef-863f-1633152e0ae0@group-9A60D3FB85E9->f00d6bae-b380-4908-b4bb-8059ffec7328-GrpcLogAppender: Wait interrupted by java.lang.InterruptedException
2022-03-04 02:16:48,155 [58268bb1-183d-4eef-863f-1633152e0ae0@group-9A60D3FB85E9-StateMachineUpdater] INFO  ratis.ContainerStateMachine (ContainerStateMachine.java:takeSnapshot(304)) - group-9A60D3FB85E9: Taking a snapshot at:(t:2, i:0) file /home/runner/work/ozone/ozone/hadoop-ozone/integration-test/target/test-dir/MiniOzoneClusterImpl-ba78f66b-c31d-4d73-90ed-a031934b8290/datanode-1/data/ratis/8a9700fc-640e-4ec4-9628-9a60d3fb85e9/sm/snapshot.2_0
2022-03-04 02:16:48,157 [grpc-default-executor-3] INFO  server.GrpcServerProtocolService (GrpcServerProtocolService.java:onCompleted(140)) - 9f78c5ee-b52e-497c-a9a6-ead92f3bbe55: Completed APPEND_ENTRIES, lastRequest: 58268bb1-183d-4eef-863f-1633152e0ae0->9f78c5ee-b52e-497c-a9a6-ead92f3bbe55#1-t2,previous=(t:0, i:0),leaderCommit=-1,initializing? true,entries: size=1, first=(t:2, i:0), CONFIGURATIONENTRY
2022-03-04 02:16:48,158 [grpc-default-executor-1] INFO  server.GrpcServerProtocolService (GrpcServerProtocolService.java:onCompleted(140)) - f00d6bae-b380-4908-b4bb-8059ffec7328: Completed APPEND_ENTRIES, lastRequest: 58268bb1-183d-4eef-863f-1633152e0ae0->f00d6bae-b380-4908-b4bb-8059ffec7328#1-t2,previous=(t:0, i:0),leaderCommit=0,initializing? true,entries: size=1, first=(t:2, i:0), CONFIGURATIONENTRY
2022-03-04 02:16:48,158 [grpc-default-executor-0] INFO  server.GrpcLogAppender (GrpcLogAppender.java:onCompleted(346)) - 58268bb1-183d-4eef-863f-1633152e0ae0@group-9A60D3FB85E9->9f78c5ee-b52e-497c-a9a6-ead92f3bbe55-AppendLogResponseHandler: follower responses appendEntries COMPLETED
2022-03-04 02:16:48,158 [grpc-default-executor-0] INFO  leader.FollowerInfo (FollowerInfoImpl.java:lambda$new$0(47)) - 58268bb1-183d-4eef-863f-1633152e0ae0@group-9A60D3FB85E9->9f78c5ee-b52e-497c-a9a6-ead92f3bbe55: nextIndex: updateUnconditionally 1 -> 0
2022-03-04 02:16:48,158 [58268bb1-183d-4eef-863f-1633152e0ae0@group-9A60D3FB85E9-StateMachineUpdater] INFO  ratis.ContainerStateMachine (ContainerStateMachine.java:takeSnapshot(315)) - group-9A60D3FB85E9: Finished taking a snapshot at:(t:2, i:0) file:/home/runner/work/ozone/ozone/hadoop-ozone/integration-test/target/test-dir/MiniOzoneClusterImpl-ba78f66b-c31d-4d73-90ed-a031934b8290/datanode-1/data/ratis/8a9700fc-640e-4ec4-9628-9a60d3fb85e9/sm/snapshot.2_0 took: 4 ms
2022-03-04 02:16:48,159 [58268bb1-183d-4eef-863f-1633152e0ae0@group-9A60D3FB85E9-StateMachineUpdater] INFO  impl.StateMachineUpdater (StateMachineUpdater.java:takeSnapshot(281)) - 58268bb1-183d-4eef-863f-1633152e0ae0@group-9A60D3FB85E9-StateMachineUpdater: Took a snapshot at index 0
2022-03-04 02:16:48,159 [58268bb1-183d-4eef-863f-1633152e0ae0@group-9A60D3FB85E9-StateMachineUpdater] INFO  impl.StateMachineUpdater (StateMachineUpdater.java:lambda$new$0(89)) - 58268bb1-183d-4eef-863f-1633152e0ae0@group-9A60D3FB85E9-StateMachineUpdater: snapshotIndex: updateIncreasingly -1 -> 0
2022-03-04 02:16:48,159 [Listener at 127.0.0.1/44533] INFO  server.RaftServer$Division (ServerState.java:close(419)) - 58268bb1-183d-4eef-863f-1633152e0ae0@group-9A60D3FB85E9: closes. applyIndex: 0
2022-03-04 02:16:48,159 [58268bb1-183d-4eef-863f-1633152e0ae0@group-9A60D3FB85E9-SegmentedRaftLogWorker] INFO  segmented.SegmentedRaftLogWorker (SegmentedRaftLogWorker.java:run(327)) - 58268bb1-183d-4eef-863f-1633152e0ae0@group-9A60D3FB85E9-SegmentedRaftLogWorker was interrupted, exiting. There are 0 tasks remaining in the queue.
2022-03-04 02:16:48,159 [grpc-default-executor-3] INFO  server.GrpcLogAppender (GrpcLogAppender.java:onCompleted(346)) - 58268bb1-183d-4eef-863f-1633152e0ae0@group-9A60D3FB85E9->f00d6bae-b380-4908-b4bb-8059ffec7328-AppendLogResponseHandler: follower responses appendEntries COMPLETED
2022-03-04 02:16:48,160 [grpc-default-executor-3] INFO  leader.FollowerInfo (FollowerInfoImpl.java:lambda$new$0(47)) - 58268bb1-183d-4eef-863f-1633152e0ae0@group-9A60D3FB85E9->f00d6bae-b380-4908-b4bb-8059ffec7328: nextIndex: updateUnconditionally 1 -> 0
2022-03-04 02:16:48,164 [ForkJoinPool.commonPool-worker-0] INFO  segmented.SegmentedRaftLogWorker (SegmentedRaftLogWorker.java:close(237)) - f00d6bae-b380-4908-b4bb-8059ffec7328@group-9A60D3FB85E9-SegmentedRaftLogWorker close()
2022-03-04 02:16:48,164 [Listener at 127.0.0.1/44533] INFO  segmented.SegmentedRaftLogWorker (SegmentedRaftLogWorker.java:close(237)) - 58268bb1-183d-4eef-863f-1633152e0ae0@group-9A60D3FB85E9-SegmentedRaftLogWorker close()
2022-03-04 02:16:48,165 [ForkJoinPool.commonPool-worker-0] INFO  server.GrpcService (GrpcService.java:closeImpl(262)) - f00d6bae-b380-4908-b4bb-8059ffec7328: shutdown server with port 36009 now
2022-03-04 02:16:48,165 [Listener at 127.0.0.1/44533] INFO  server.GrpcService (GrpcService.java:closeImpl(262)) - 58268bb1-183d-4eef-863f-1633152e0ae0: shutdown server with port 34573 now
2022-03-04 02:16:48,177 [Listener at 127.0.0.1/44533] INFO  server.GrpcService (GrpcService.java:closeImpl(271)) - 58268bb1-183d-4eef-863f-1633152e0ae0: shutdown server with port 34573 successfully
2022-03-04 02:16:48,178 [org.apache.ratis.util.JvmPauseMonitor$$Lambda$503/666911607@2717f364] INFO  util.JvmPauseMonitor (JvmPauseMonitor.java:run(109)) - JvmPauseMonitor-58268bb1-183d-4eef-863f-1633152e0ae0: Stopped
2022-03-04 02:16:48,179 [ForkJoinPool.commonPool-worker-0] INFO  server.GrpcService (GrpcService.java:closeImpl(271)) - f00d6bae-b380-4908-b4bb-8059ffec7328: shutdown server with port 36009 successfully
2022-03-04 02:16:48,179 [org.apache.ratis.util.JvmPauseMonitor$$Lambda$503/666911607@63a8b75c] INFO  util.JvmPauseMonitor (JvmPauseMonitor.java:run(109)) - JvmPauseMonitor-f00d6bae-b380-4908-b4bb-8059ffec7328: Stopped
2022-03-04 02:16:48,529 [EndpointStateMachine task thread for /127.0.0.1:45947 - 0 ] INFO  ipc.Client (Client.java:handleConnectionFailure(977)) - Retrying connect to server: localhost/127.0.0.1:45947. Already tried 4 time(s); retry policy is RetryUpToMaximumCountWithFixedSleep(maxRetries=15, sleepTime=1000 MILLISECONDS)
2022-03-04 02:16:48,531 [EndpointStateMachine task thread for /127.0.0.1:33931 - 0 ] INFO  ipc.Client (Client.java:handleConnectionFailure(977)) - Retrying connect to server: localhost/127.0.0.1:33931. Already tried 4 time(s); retry policy is RetryUpToMaximumCountWithFixedSleep(maxRetries=15, sleepTime=1000 MILLISECONDS)
2022-03-04 02:16:48,531 [EndpointStateMachine task thread for /127.0.0.1:36193 - 0 ] INFO  ipc.Client (Client.java:handleConnectionFailure(977)) - Retrying connect to server: localhost/127.0.0.1:36193. Already tried 4 time(s); retry policy is RetryUpToMaximumCountWithFixedSleep(maxRetries=15, sleepTime=1000 MILLISECONDS)
2022-03-04 02:16:48,912 [EndpointStateMachine task thread for /127.0.0.1:35517 - 0 ] INFO  ipc.Client (Client.java:handleConnectionFailure(977)) - Retrying connect to server: localhost/127.0.0.1:35517. Already tried 8 time(s); retry policy is RetryUpToMaximumCountWithFixedSleep(maxRetries=15, sleepTime=1000 MILLISECONDS)
2022-03-04 02:16:48,912 [EndpointStateMachine task thread for /127.0.0.1:42427 - 0 ] INFO  ipc.Client (Client.java:handleConnectionFailure(977)) - Retrying connect to server: localhost/127.0.0.1:42427. Already tried 8 time(s); retry policy is RetryUpToMaximumCountWithFixedSleep(maxRetries=15, sleepTime=1000 MILLISECONDS)
2022-03-04 02:16:48,917 [EndpointStateMachine task thread for /127.0.0.1:42491 - 0 ] INFO  ipc.Client (Client.java:handleConnectionFailure(977)) - Retrying connect to server: localhost/127.0.0.1:42491. Already tried 8 time(s); retry policy is RetryUpToMaximumCountWithFixedSleep(maxRetries=15, sleepTime=1000 MILLISECONDS)
2022-03-04 02:16:49,530 [EndpointStateMachine task thread for /127.0.0.1:45947 - 0 ] INFO  ipc.Client (Client.java:handleConnectionFailure(977)) - Retrying connect to server: localhost/127.0.0.1:45947. Already tried 5 time(s); retry policy is RetryUpToMaximumCountWithFixedSleep(maxRetries=15, sleepTime=1000 MILLISECONDS)
2022-03-04 02:16:49,531 [EndpointStateMachine task thread for /127.0.0.1:33931 - 0 ] INFO  ipc.Client (Client.java:handleConnectionFailure(977)) - Retrying connect to server: localhost/127.0.0.1:33931. Already tried 5 time(s); retry policy is RetryUpToMaximumCountWithFixedSleep(maxRetries=15, sleepTime=1000 MILLISECONDS)
2022-03-04 02:16:49,532 [EndpointStateMachine task thread for /127.0.0.1:36193 - 0 ] INFO  ipc.Client (Client.java:handleConnectionFailure(977)) - Retrying connect to server: localhost/127.0.0.1:36193. Already tried 5 time(s); retry policy is RetryUpToMaximumCountWithFixedSleep(maxRetries=15, sleepTime=1000 MILLISECONDS)
2022-03-04 02:16:49,912 [EndpointStateMachine task thread for /127.0.0.1:35517 - 0 ] INFO  ipc.Client (Client.java:handleConnectionFailure(977)) - Retrying connect to server: localhost/127.0.0.1:35517. Already tried 9 time(s); retry policy is RetryUpToMaximumCountWithFixedSleep(maxRetries=15, sleepTime=1000 MILLISECONDS)
2022-03-04 02:16:49,913 [EndpointStateMachine task thread for /127.0.0.1:42427 - 0 ] INFO  ipc.Client (Client.java:handleConnectionFailure(977)) - Retrying connect to server: localhost/127.0.0.1:42427. Already tried 9 time(s); retry policy is RetryUpToMaximumCountWithFixedSleep(maxRetries=15, sleepTime=1000 MILLISECONDS)
2022-03-04 02:16:49,917 [EndpointStateMachine task thread for /127.0.0.1:42491 - 0 ] INFO  ipc.Client (Client.java:handleConnectionFailure(977)) - Retrying connect to server: localhost/127.0.0.1:42491. Already tried 9 time(s); retry policy is RetryUpToMaximumCountWithFixedSleep(maxRetries=15, sleepTime=1000 MILLISECONDS)
2022-03-04 02:16:50,192 [Listener at 127.0.0.1/44533] INFO  utils.BackgroundService (BackgroundService.java:shutdown(132)) - Shutting down service BlockDeletingService
2022-03-04 02:16:50,200 [ForkJoinPool.commonPool-worker-0] INFO  utils.BackgroundService (BackgroundService.java:shutdown(132)) - Shutting down service BlockDeletingService
2022-03-04 02:16:50,531 [EndpointStateMachine task thread for /127.0.0.1:45947 - 0 ] INFO  ipc.Client (Client.java:handleConnectionFailure(977)) - Retrying connect to server: localhost/127.0.0.1:45947. Already tried 6 time(s); retry policy is RetryUpToMaximumCountWithFixedSleep(maxRetries=15, sleepTime=1000 MILLISECONDS)
2022-03-04 02:16:50,532 [EndpointStateMachine task thread for /127.0.0.1:33931 - 0 ] INFO  ipc.Client (Client.java:handleConnectionFailure(977)) - Retrying connect to server: localhost/127.0.0.1:33931. Already tried 6 time(s); retry policy is RetryUpToMaximumCountWithFixedSleep(maxRetries=15, sleepTime=1000 MILLISECONDS)
2022-03-04 02:16:50,533 [EndpointStateMachine task thread for /127.0.0.1:36193 - 0 ] INFO  ipc.Client (Client.java:handleConnectionFailure(977)) - Retrying connect to server: localhost/127.0.0.1:36193. Already tried 6 time(s); retry policy is RetryUpToMaximumCountWithFixedSleep(maxRetries=15, sleepTime=1000 MILLISECONDS)
2022-03-04 02:16:50,913 [EndpointStateMachine task thread for /127.0.0.1:35517 - 0 ] INFO  ipc.Client (Client.java:handleConnectionFailure(977)) - Retrying connect to server: localhost/127.0.0.1:35517. Already tried 10 time(s); retry policy is RetryUpToMaximumCountWithFixedSleep(maxRetries=15, sleepTime=1000 MILLISECONDS)
2022-03-04 02:16:50,913 [EndpointStateMachine task thread for /127.0.0.1:42427 - 0 ] INFO  ipc.Client (Client.java:handleConnectionFailure(977)) - Retrying connect to server: localhost/127.0.0.1:42427. Already tried 10 time(s); retry policy is RetryUpToMaximumCountWithFixedSleep(maxRetries=15, sleepTime=1000 MILLISECONDS)
2022-03-04 02:16:50,917 [EndpointStateMachine task thread for /127.0.0.1:42491 - 0 ] INFO  ipc.Client (Client.java:handleConnectionFailure(977)) - Retrying connect to server: localhost/127.0.0.1:42491. Already tried 10 time(s); retry policy is RetryUpToMaximumCountWithFixedSleep(maxRetries=15, sleepTime=1000 MILLISECONDS)
2022-03-04 02:16:51,531 [EndpointStateMachine task thread for /127.0.0.1:45947 - 0 ] INFO  ipc.Client (Client.java:handleConnectionFailure(977)) - Retrying connect to server: localhost/127.0.0.1:45947. Already tried 7 time(s); retry policy is RetryUpToMaximumCountWithFixedSleep(maxRetries=15, sleepTime=1000 MILLISECONDS)
2022-03-04 02:16:51,534 [EndpointStateMachine task thread for /127.0.0.1:36193 - 0 ] INFO  ipc.Client (Client.java:handleConnectionFailure(977)) - Retrying connect to server: localhost/127.0.0.1:36193. Already tried 7 time(s); retry policy is RetryUpToMaximumCountWithFixedSleep(maxRetries=15, sleepTime=1000 MILLISECONDS)
2022-03-04 02:16:51,534 [EndpointStateMachine task thread for /127.0.0.1:33931 - 0 ] INFO  ipc.Client (Client.java:handleConnectionFailure(977)) - Retrying connect to server: localhost/127.0.0.1:33931. Already tried 7 time(s); retry policy is RetryUpToMaximumCountWithFixedSleep(maxRetries=15, sleepTime=1000 MILLISECONDS)
2022-03-04 02:16:51,914 [EndpointStateMachine task thread for /127.0.0.1:35517 - 0 ] INFO  ipc.Client (Client.java:handleConnectionFailure(977)) - Retrying connect to server: localhost/127.0.0.1:35517. Already tried 11 time(s); retry policy is RetryUpToMaximumCountWithFixedSleep(maxRetries=15, sleepTime=1000 MILLISECONDS)
2022-03-04 02:16:51,914 [EndpointStateMachine task thread for /127.0.0.1:42427 - 0 ] INFO  ipc.Client (Client.java:handleConnectionFailure(977)) - Retrying connect to server: localhost/127.0.0.1:42427. Already tried 11 time(s); retry policy is RetryUpToMaximumCountWithFixedSleep(maxRetries=15, sleepTime=1000 MILLISECONDS)
2022-03-04 02:16:51,918 [EndpointStateMachine task thread for /127.0.0.1:42491 - 0 ] INFO  ipc.Client (Client.java:handleConnectionFailure(977)) - Retrying connect to server: localhost/127.0.0.1:42491. Already tried 11 time(s); retry policy is RetryUpToMaximumCountWithFixedSleep(maxRetries=15, sleepTime=1000 MILLISECONDS)
2022-03-04 02:16:52,057 [9f78c5ee-b52e-497c-a9a6-ead92f3bbe55@group-F68A9A66EFBB-FollowerState] INFO  impl.FollowerState (FollowerState.java:run(134)) - 9f78c5ee-b52e-497c-a9a6-ead92f3bbe55@group-F68A9A66EFBB-FollowerState: change to CANDIDATE, lastRpcElapsedTime:5161369497ns, electionTimeout:5141ms
2022-03-04 02:16:52,057 [9f78c5ee-b52e-497c-a9a6-ead92f3bbe55@group-F68A9A66EFBB-FollowerState] INFO  impl.RoleInfo (RoleInfo.java:shutdownFollowerState(108)) - 9f78c5ee-b52e-497c-a9a6-ead92f3bbe55: shutdown 9f78c5ee-b52e-497c-a9a6-ead92f3bbe55@group-F68A9A66EFBB-FollowerState
2022-03-04 02:16:52,057 [9f78c5ee-b52e-497c-a9a6-ead92f3bbe55@group-F68A9A66EFBB-FollowerState] INFO  server.RaftServer$Division (RaftServerImpl.java:setRole(290)) - 9f78c5ee-b52e-497c-a9a6-ead92f3bbe55@group-F68A9A66EFBB: changes role from  FOLLOWER to CANDIDATE at term 4 for changeToCandidate
2022-03-04 02:16:52,058 [9f78c5ee-b52e-497c-a9a6-ead92f3bbe55@group-F68A9A66EFBB-FollowerState] INFO  server.RaftServerConfigKeys (ConfUtils.java:logGet(44)) - raft.server.leaderelection.pre-vote = false (custom)
2022-03-04 02:16:52,058 [9f78c5ee-b52e-497c-a9a6-ead92f3bbe55@group-F68A9A66EFBB-FollowerState] INFO  impl.RoleInfo (RoleInfo.java:updateAndGet(130)) - 9f78c5ee-b52e-497c-a9a6-ead92f3bbe55: start 9f78c5ee-b52e-497c-a9a6-ead92f3bbe55@group-F68A9A66EFBB-LeaderElection28
2022-03-04 02:16:52,088 [9f78c5ee-b52e-497c-a9a6-ead92f3bbe55@group-F68A9A66EFBB-LeaderElection28] INFO  impl.LeaderElection (LeaderElection.java:askForVotes(306)) - 9f78c5ee-b52e-497c-a9a6-ead92f3bbe55@group-F68A9A66EFBB-LeaderElection28 ELECTION round 0: submit vote requests at term 5 for -1: [58268bb1-183d-4eef-863f-1633152e0ae0|rpc:127.0.0.1:34573|dataStream:|priority:0, f00d6bae-b380-4908-b4bb-8059ffec7328|rpc:127.0.0.1:36009|dataStream:|priority:0, 9f78c5ee-b52e-497c-a9a6-ead92f3bbe55|rpc:127.0.0.1:38517|dataStream:|priority:1], old=null
2022-03-04 02:16:52,114 [9f78c5ee-b52e-497c-a9a6-ead92f3bbe55@group-F68A9A66EFBB-LeaderElection28] INFO  impl.LeaderElection (LogUtils.java:infoOrTrace(137)) - 9f78c5ee-b52e-497c-a9a6-ead92f3bbe55@group-F68A9A66EFBB-LeaderElection28 got exception when requesting votes: java.util.concurrent.ExecutionException: org.apache.ratis.thirdparty.io.grpc.StatusRuntimeException: UNAVAILABLE: io exception
2022-03-04 02:16:52,122 [9f78c5ee-b52e-497c-a9a6-ead92f3bbe55@group-F68A9A66EFBB-LeaderElection28] INFO  impl.LeaderElection (LogUtils.java:infoOrTrace(137)) - 9f78c5ee-b52e-497c-a9a6-ead92f3bbe55@group-F68A9A66EFBB-LeaderElection28 got exception when requesting votes: java.util.concurrent.ExecutionException: org.apache.ratis.thirdparty.io.grpc.StatusRuntimeException: UNAVAILABLE: io exception
2022-03-04 02:16:52,122 [9f78c5ee-b52e-497c-a9a6-ead92f3bbe55@group-F68A9A66EFBB-LeaderElection28] INFO  impl.LeaderElection (LeaderElection.java:logAndReturn(89)) - 9f78c5ee-b52e-497c-a9a6-ead92f3bbe55@group-F68A9A66EFBB-LeaderElection28: ELECTION REJECTED received 0 response(s) and 2 exception(s):
2022-03-04 02:16:52,122 [9f78c5ee-b52e-497c-a9a6-ead92f3bbe55@group-F68A9A66EFBB-LeaderElection28] INFO  impl.LeaderElection (LogUtils.java:infoOrTrace(137)) -   Exception 0: java.util.concurrent.ExecutionException: org.apache.ratis.thirdparty.io.grpc.StatusRuntimeException: UNAVAILABLE: io exception
2022-03-04 02:16:52,122 [9f78c5ee-b52e-497c-a9a6-ead92f3bbe55@group-F68A9A66EFBB-LeaderElection28] INFO  impl.LeaderElection (LogUtils.java:infoOrTrace(137)) -   Exception 1: java.util.concurrent.ExecutionException: org.apache.ratis.thirdparty.io.grpc.StatusRuntimeException: UNAVAILABLE: io exception
2022-03-04 02:16:52,122 [9f78c5ee-b52e-497c-a9a6-ead92f3bbe55@group-F68A9A66EFBB-LeaderElection28] INFO  impl.LeaderElection (LeaderElection.java:askForVotes(308)) - 9f78c5ee-b52e-497c-a9a6-ead92f3bbe55@group-F68A9A66EFBB-LeaderElection28 ELECTION round 0: result REJECTED
2022-03-04 02:16:52,122 [9f78c5ee-b52e-497c-a9a6-ead92f3bbe55@group-F68A9A66EFBB-LeaderElection28] INFO  server.RaftServer$Division (RaftServerImpl.java:setRole(290)) - 9f78c5ee-b52e-497c-a9a6-ead92f3bbe55@group-F68A9A66EFBB: changes role from CANDIDATE to FOLLOWER at term 5 for REJECTED
2022-03-04 02:16:52,122 [9f78c5ee-b52e-497c-a9a6-ead92f3bbe55@group-F68A9A66EFBB-LeaderElection28] INFO  impl.RoleInfo (RoleInfo.java:shutdownLeaderElection(121)) - 9f78c5ee-b52e-497c-a9a6-ead92f3bbe55: shutdown 9f78c5ee-b52e-497c-a9a6-ead92f3bbe55@group-F68A9A66EFBB-LeaderElection28
2022-03-04 02:16:52,122 [9f78c5ee-b52e-497c-a9a6-ead92f3bbe55@group-F68A9A66EFBB-LeaderElection28] INFO  impl.RoleInfo (RoleInfo.java:updateAndGet(130)) - 9f78c5ee-b52e-497c-a9a6-ead92f3bbe55: start 9f78c5ee-b52e-497c-a9a6-ead92f3bbe55@group-F68A9A66EFBB-FollowerState
2022-03-04 02:16:52,240 [9f78c5ee-b52e-497c-a9a6-ead92f3bbe55@group-9A60D3FB85E9-FollowerState] INFO  impl.FollowerState (FollowerState.java:run(134)) - 9f78c5ee-b52e-497c-a9a6-ead92f3bbe55@group-9A60D3FB85E9-FollowerState: change to CANDIDATE, lastRpcElapsedTime:5100199765ns, electionTimeout:5034ms
2022-03-04 02:16:52,240 [9f78c5ee-b52e-497c-a9a6-ead92f3bbe55@group-9A60D3FB85E9-FollowerState] INFO  impl.RoleInfo (RoleInfo.java:shutdownFollowerState(108)) - 9f78c5ee-b52e-497c-a9a6-ead92f3bbe55: shutdown 9f78c5ee-b52e-497c-a9a6-ead92f3bbe55@group-9A60D3FB85E9-FollowerState
2022-03-04 02:16:52,240 [9f78c5ee-b52e-497c-a9a6-ead92f3bbe55@group-9A60D3FB85E9-FollowerState] INFO  server.RaftServer$Division (RaftServerImpl.java:setRole(290)) - 9f78c5ee-b52e-497c-a9a6-ead92f3bbe55@group-9A60D3FB85E9: changes role from  FOLLOWER to CANDIDATE at term 2 for changeToCandidate
2022-03-04 02:16:52,240 [9f78c5ee-b52e-497c-a9a6-ead92f3bbe55@group-9A60D3FB85E9-FollowerState] INFO  server.RaftServerConfigKeys (ConfUtils.java:logGet(44)) - raft.server.leaderelection.pre-vote = false (custom)
2022-03-04 02:16:52,240 [9f78c5ee-b52e-497c-a9a6-ead92f3bbe55@group-9A60D3FB85E9-FollowerState] INFO  impl.RoleInfo (RoleInfo.java:updateAndGet(130)) - 9f78c5ee-b52e-497c-a9a6-ead92f3bbe55: start 9f78c5ee-b52e-497c-a9a6-ead92f3bbe55@group-9A60D3FB85E9-LeaderElection29
2022-03-04 02:16:52,260 [9f78c5ee-b52e-497c-a9a6-ead92f3bbe55@group-9A60D3FB85E9-LeaderElection29] INFO  server.RaftServer$Division (ServerState.java:setLeader(285)) - 9f78c5ee-b52e-497c-a9a6-ead92f3bbe55@group-9A60D3FB85E9: change Leader from 58268bb1-183d-4eef-863f-1633152e0ae0 to null at term 2 for ELECTION
2022-03-04 02:16:52,261 [9f78c5ee-b52e-497c-a9a6-ead92f3bbe55@group-9A60D3FB85E9-LeaderElection29] INFO  impl.LeaderElection (LeaderElection.java:askForVotes(306)) - 9f78c5ee-b52e-497c-a9a6-ead92f3bbe55@group-9A60D3FB85E9-LeaderElection29 ELECTION round 0: submit vote requests at term 3 for 0: [58268bb1-183d-4eef-863f-1633152e0ae0|rpc:127.0.0.1:34573|dataStream:|priority:1, f00d6bae-b380-4908-b4bb-8059ffec7328|rpc:127.0.0.1:36009|dataStream:|priority:0, 9f78c5ee-b52e-497c-a9a6-ead92f3bbe55|rpc:127.0.0.1:38517|dataStream:|priority:0], old=null
2022-03-04 02:16:52,274 [9f78c5ee-b52e-497c-a9a6-ead92f3bbe55@group-9A60D3FB85E9-LeaderElection29] INFO  impl.LeaderElection (LogUtils.java:infoOrTrace(137)) - 9f78c5ee-b52e-497c-a9a6-ead92f3bbe55@group-9A60D3FB85E9-LeaderElection29 got exception when requesting votes: java.util.concurrent.ExecutionException: org.apache.ratis.thirdparty.io.grpc.StatusRuntimeException: UNAVAILABLE: io exception
2022-03-04 02:16:52,274 [9f78c5ee-b52e-497c-a9a6-ead92f3bbe55@group-9A60D3FB85E9-LeaderElection29] INFO  impl.LeaderElection (LogUtils.java:infoOrTrace(137)) - 9f78c5ee-b52e-497c-a9a6-ead92f3bbe55@group-9A60D3FB85E9-LeaderElection29 got exception when requesting votes: java.util.concurrent.ExecutionException: org.apache.ratis.thirdparty.io.grpc.StatusRuntimeException: UNAVAILABLE: io exception
2022-03-04 02:16:52,274 [9f78c5ee-b52e-497c-a9a6-ead92f3bbe55@group-9A60D3FB85E9-LeaderElection29] INFO  impl.LeaderElection (LeaderElection.java:logAndReturn(89)) - 9f78c5ee-b52e-497c-a9a6-ead92f3bbe55@group-9A60D3FB85E9-LeaderElection29: ELECTION REJECTED received 0 response(s) and 2 exception(s):
2022-03-04 02:16:52,274 [9f78c5ee-b52e-497c-a9a6-ead92f3bbe55@group-9A60D3FB85E9-LeaderElection29] INFO  impl.LeaderElection (LogUtils.java:infoOrTrace(137)) -   Exception 0: java.util.concurrent.ExecutionException: org.apache.ratis.thirdparty.io.grpc.StatusRuntimeException: UNAVAILABLE: io exception
2022-03-04 02:16:52,274 [9f78c5ee-b52e-497c-a9a6-ead92f3bbe55@group-9A60D3FB85E9-LeaderElection29] INFO  impl.LeaderElection (LogUtils.java:infoOrTrace(137)) -   Exception 1: java.util.concurrent.ExecutionException: org.apache.ratis.thirdparty.io.grpc.StatusRuntimeException: UNAVAILABLE: io exception
2022-03-04 02:16:52,274 [9f78c5ee-b52e-497c-a9a6-ead92f3bbe55@group-9A60D3FB85E9-LeaderElection29] INFO  impl.LeaderElection (LeaderElection.java:askForVotes(308)) - 9f78c5ee-b52e-497c-a9a6-ead92f3bbe55@group-9A60D3FB85E9-LeaderElection29 ELECTION round 0: result REJECTED
2022-03-04 02:16:52,274 [9f78c5ee-b52e-497c-a9a6-ead92f3bbe55@group-9A60D3FB85E9-LeaderElection29] INFO  server.RaftServer$Division (RaftServerImpl.java:setRole(290)) - 9f78c5ee-b52e-497c-a9a6-ead92f3bbe55@group-9A60D3FB85E9: changes role from CANDIDATE to FOLLOWER at term 3 for REJECTED
2022-03-04 02:16:52,274 [9f78c5ee-b52e-497c-a9a6-ead92f3bbe55@group-9A60D3FB85E9-LeaderElection29] INFO  impl.RoleInfo (RoleInfo.java:shutdownLeaderElection(121)) - 9f78c5ee-b52e-497c-a9a6-ead92f3bbe55: shutdown 9f78c5ee-b52e-497c-a9a6-ead92f3bbe55@group-9A60D3FB85E9-LeaderElection29
2022-03-04 02:16:52,274 [9f78c5ee-b52e-497c-a9a6-ead92f3bbe55@group-9A60D3FB85E9-LeaderElection29] INFO  impl.RoleInfo (RoleInfo.java:updateAndGet(130)) - 9f78c5ee-b52e-497c-a9a6-ead92f3bbe55: start 9f78c5ee-b52e-497c-a9a6-ead92f3bbe55@group-9A60D3FB85E9-FollowerState
2022-03-04 02:16:52,534 [EndpointStateMachine task thread for /127.0.0.1:45947 - 0 ] INFO  ipc.Client (Client.java:handleConnectionFailure(977)) - Retrying connect to server: localhost/127.0.0.1:45947. Already tried 8 time(s); retry policy is RetryUpToMaximumCountWithFixedSleep(maxRetries=15, sleepTime=1000 MILLISECONDS)
2022-03-04 02:16:52,538 [EndpointStateMachine task thread for /127.0.0.1:36193 - 0 ] INFO  ipc.Client (Client.java:handleConnectionFailure(977)) - Retrying connect to server: localhost/127.0.0.1:36193. Already tried 8 time(s); retry policy is RetryUpToMaximumCountWithFixedSleep(maxRetries=15, sleepTime=1000 MILLISECONDS)
2022-03-04 02:16:52,539 [EndpointStateMachine task thread for /127.0.0.1:33931 - 0 ] INFO  ipc.Client (Client.java:handleConnectionFailure(977)) - Retrying connect to server: localhost/127.0.0.1:33931. Already tried 8 time(s); retry policy is RetryUpToMaximumCountWithFixedSleep(maxRetries=15, sleepTime=1000 MILLISECONDS)
2022-03-04 02:16:52,914 [EndpointStateMachine task thread for /127.0.0.1:42427 - 0 ] INFO  ipc.Client (Client.java:handleConnectionFailure(977)) - Retrying connect to server: localhost/127.0.0.1:42427. Already tried 12 time(s); retry policy is RetryUpToMaximumCountWithFixedSleep(maxRetries=15, sleepTime=1000 MILLISECONDS)
2022-03-04 02:16:52,918 [EndpointStateMachine task thread for /127.0.0.1:42491 - 0 ] INFO  ipc.Client (Client.java:handleConnectionFailure(977)) - Retrying connect to server: localhost/127.0.0.1:42491. Already tried 12 time(s); retry policy is RetryUpToMaximumCountWithFixedSleep(maxRetries=15, sleepTime=1000 MILLISECONDS)
2022-03-04 02:16:52,918 [EndpointStateMachine task thread for /127.0.0.1:35517 - 0 ] INFO  ipc.Client (Client.java:handleConnectionFailure(977)) - Retrying connect to server: localhost/127.0.0.1:35517. Already tried 12 time(s); retry policy is RetryUpToMaximumCountWithFixedSleep(maxRetries=15, sleepTime=1000 MILLISECONDS)
2022-03-04 02:16:53,201 [ForkJoinPool.commonPool-worker-0] INFO  statemachine.DatanodeStateMachine (DatanodeStateMachine.java:stopDaemon(529)) - Ozone container server stopped.
2022-03-04 02:16:53,205 [Listener at 127.0.0.1/44533] INFO  statemachine.DatanodeStateMachine (DatanodeStateMachine.java:stopDaemon(529)) - Ozone container server stopped.
2022-03-04 02:16:53,206 [Listener at 127.0.0.1/44533] INFO  handler.ContextHandler (ContextHandler.java:doStop(1153)) - Stopped o.e.j.w.WebAppContext@262b2e85{hddsDatanode,/,null,STOPPED}{jar:file:/home/runner/.m2/repository/org/apache/ozone/hdds-container-service/1.3.0-SNAPSHOT/hdds-container-service-1.3.0-SNAPSHOT.jar!/webapps/hddsDatanode}
2022-03-04 02:16:53,207 [Listener at 127.0.0.1/44533] INFO  server.AbstractConnector (AbstractConnector.java:doStop(381)) - Stopped ServerConnector@7f60c79a{HTTP/1.1, (http/1.1)}{0.0.0.0:0}
2022-03-04 02:16:53,208 [ForkJoinPool.commonPool-worker-0] INFO  handler.ContextHandler (ContextHandler.java:doStop(1153)) - Stopped o.e.j.w.WebAppContext@76ad04a1{hddsDatanode,/,null,STOPPED}{jar:file:/home/runner/.m2/repository/org/apache/ozone/hdds-container-service/1.3.0-SNAPSHOT/hdds-container-service-1.3.0-SNAPSHOT.jar!/webapps/hddsDatanode}
2022-03-04 02:16:53,210 [Listener at 127.0.0.1/44533] INFO  server.session (HouseKeeper.java:stopScavenging(149)) - node0 Stopped scavenging
2022-03-04 02:16:53,210 [Listener at 127.0.0.1/44533] INFO  handler.ContextHandler (ContextHandler.java:doStop(1153)) - Stopped o.e.j.s.ServletContextHandler@19e89188{static,/static,jar:file:/home/runner/.m2/repository/org/apache/ozone/hdds-container-service/1.3.0-SNAPSHOT/hdds-container-service-1.3.0-SNAPSHOT.jar!/webapps/static,STOPPED}
2022-03-04 02:16:53,211 [Listener at 127.0.0.1/44533] INFO  handler.ContextHandler (ContextHandler.java:doStop(1153)) - Stopped o.e.j.s.ServletContextHandler@9236b61{logs,/logs,file:///home/runner/work/ozone/ozone/hadoop-ozone/integration-test/target/log,STOPPED}
2022-03-04 02:16:53,212 [ForkJoinPool.commonPool-worker-0] INFO  server.AbstractConnector (AbstractConnector.java:doStop(381)) - Stopped ServerConnector@7780a93c{HTTP/1.1, (http/1.1)}{0.0.0.0:0}
2022-03-04 02:16:53,212 [ForkJoinPool.commonPool-worker-0] INFO  server.session (HouseKeeper.java:stopScavenging(149)) - node0 Stopped scavenging
2022-03-04 02:16:53,227 [ForkJoinPool.commonPool-worker-0] INFO  handler.ContextHandler (ContextHandler.java:doStop(1153)) - Stopped o.e.j.s.ServletContextHandler@7fb3a63c{static,/static,jar:file:/home/runner/.m2/repository/org/apache/ozone/hdds-container-service/1.3.0-SNAPSHOT/hdds-container-service-1.3.0-SNAPSHOT.jar!/webapps/static,STOPPED}
2022-03-04 02:16:53,231 [ForkJoinPool.commonPool-worker-0] INFO  handler.ContextHandler (ContextHandler.java:doStop(1153)) - Stopped o.e.j.s.ServletContextHandler@1bda7eea{logs,/logs,file:///home/runner/work/ozone/ozone/hadoop-ozone/integration-test/target/log,STOPPED}
2022-03-04 02:16:53,535 [EndpointStateMachine task thread for /127.0.0.1:45947 - 0 ] INFO  ipc.Client (Client.java:handleConnectionFailure(977)) - Retrying connect to server: localhost/127.0.0.1:45947. Already tried 9 time(s); retry policy is RetryUpToMaximumCountWithFixedSleep(maxRetries=15, sleepTime=1000 MILLISECONDS)
2022-03-04 02:16:53,538 [Datanode State Machine Daemon Thread] WARN  statemachine.StateContext (StateContext.java:setState(250)) - Ignore disallowed transition from SHUTDOWN to RUNNING
2022-03-04 02:16:53,539 [EndpointStateMachine task thread for /127.0.0.1:36193 - 0 ] INFO  ipc.Client (Client.java:handleConnectionFailure(977)) - Retrying connect to server: localhost/127.0.0.1:36193. Already tried 9 time(s); retry policy is RetryUpToMaximumCountWithFixedSleep(maxRetries=15, sleepTime=1000 MILLISECONDS)
2022-03-04 02:16:53,539 [EndpointStateMachine task thread for /127.0.0.1:33931 - 0 ] INFO  ipc.Client (Client.java:handleConnectionFailure(977)) - Retrying connect to server: localhost/127.0.0.1:33931. Already tried 9 time(s); retry policy is RetryUpToMaximumCountWithFixedSleep(maxRetries=15, sleepTime=1000 MILLISECONDS)
2022-03-04 02:16:53,915 [EndpointStateMachine task thread for /127.0.0.1:42427 - 0 ] INFO  ipc.Client (Client.java:handleConnectionFailure(977)) - Retrying connect to server: localhost/127.0.0.1:42427. Already tried 13 time(s); retry policy is RetryUpToMaximumCountWithFixedSleep(maxRetries=15, sleepTime=1000 MILLISECONDS)
2022-03-04 02:16:53,919 [EndpointStateMachine task thread for /127.0.0.1:35517 - 0 ] INFO  ipc.Client (Client.java:handleConnectionFailure(977)) - Retrying connect to server: localhost/127.0.0.1:35517. Already tried 13 time(s); retry policy is RetryUpToMaximumCountWithFixedSleep(maxRetries=15, sleepTime=1000 MILLISECONDS)
2022-03-04 02:16:53,919 [EndpointStateMachine task thread for /127.0.0.1:42491 - 0 ] INFO  ipc.Client (Client.java:handleConnectionFailure(977)) - Retrying connect to server: localhost/127.0.0.1:42491. Already tried 13 time(s); retry policy is RetryUpToMaximumCountWithFixedSleep(maxRetries=15, sleepTime=1000 MILLISECONDS)
2022-03-04 02:16:54,536 [EndpointStateMachine task thread for /127.0.0.1:45947 - 0 ] INFO  ipc.Client (Client.java:handleConnectionFailure(977)) - Retrying connect to server: localhost/127.0.0.1:45947. Already tried 10 time(s); retry policy is RetryUpToMaximumCountWithFixedSleep(maxRetries=15, sleepTime=1000 MILLISECONDS)
2022-03-04 02:16:54,539 [EndpointStateMachine task thread for /127.0.0.1:36193 - 0 ] INFO  ipc.Client (Client.java:handleConnectionFailure(977)) - Retrying connect to server: localhost/127.0.0.1:36193. Already tried 10 time(s); retry policy is RetryUpToMaximumCountWithFixedSleep(maxRetries=15, sleepTime=1000 MILLISECONDS)
2022-03-04 02:16:54,540 [EndpointStateMachine task thread for /127.0.0.1:33931 - 0 ] INFO  ipc.Client (Client.java:handleConnectionFailure(977)) - Retrying connect to server: localhost/127.0.0.1:33931. Already tried 10 time(s); retry policy is RetryUpToMaximumCountWithFixedSleep(maxRetries=15, sleepTime=1000 MILLISECONDS)
2022-03-04 02:16:54,916 [EndpointStateMachine task thread for /127.0.0.1:42427 - 0 ] INFO  ipc.Client (Client.java:handleConnectionFailure(977)) - Retrying connect to server: localhost/127.0.0.1:42427. Already tried 14 time(s); retry policy is RetryUpToMaximumCountWithFixedSleep(maxRetries=15, sleepTime=1000 MILLISECONDS)
2022-03-04 02:16:54,919 [EndpointStateMachine task thread for /127.0.0.1:35517 - 0 ] INFO  ipc.Client (Client.java:handleConnectionFailure(977)) - Retrying connect to server: localhost/127.0.0.1:35517. Already tried 14 time(s); retry policy is RetryUpToMaximumCountWithFixedSleep(maxRetries=15, sleepTime=1000 MILLISECONDS)
2022-03-04 02:16:54,919 [EndpointStateMachine task thread for /127.0.0.1:42491 - 0 ] INFO  ipc.Client (Client.java:handleConnectionFailure(977)) - Retrying connect to server: localhost/127.0.0.1:42491. Already tried 14 time(s); retry policy is RetryUpToMaximumCountWithFixedSleep(maxRetries=15, sleepTime=1000 MILLISECONDS)
2022-03-04 02:16:55,536 [EndpointStateMachine task thread for /127.0.0.1:45947 - 0 ] INFO  ipc.Client (Client.java:handleConnectionFailure(977)) - Retrying connect to server: localhost/127.0.0.1:45947. Already tried 11 time(s); retry policy is RetryUpToMaximumCountWithFixedSleep(maxRetries=15, sleepTime=1000 MILLISECONDS)
2022-03-04 02:16:55,540 [EndpointStateMachine task thread for /127.0.0.1:36193 - 0 ] INFO  ipc.Client (Client.java:handleConnectionFailure(977)) - Retrying connect to server: localhost/127.0.0.1:36193. Already tried 11 time(s); retry policy is RetryUpToMaximumCountWithFixedSleep(maxRetries=15, sleepTime=1000 MILLISECONDS)
2022-03-04 02:16:55,540 [EndpointStateMachine task thread for /127.0.0.1:33931 - 0 ] INFO  ipc.Client (Client.java:handleConnectionFailure(977)) - Retrying connect to server: localhost/127.0.0.1:33931. Already tried 11 time(s); retry policy is RetryUpToMaximumCountWithFixedSleep(maxRetries=15, sleepTime=1000 MILLISECONDS)
2022-03-04 02:16:55,917 [EndpointStateMachine task thread for /127.0.0.1:42427 - 0 ] INFO  ipc.Client (Client.java:handleConnectionFailure(977)) - Retrying connect to server: localhost/127.0.0.1:42427. Already tried 0 time(s); retry policy is RetryUpToMaximumCountWithFixedSleep(maxRetries=15, sleepTime=1000 MILLISECONDS)
2022-03-04 02:16:55,928 [EndpointStateMachine task thread for /127.0.0.1:42491 - 0 ] INFO  ipc.Client (Client.java:handleConnectionFailure(977)) - Retrying connect to server: localhost/127.0.0.1:42491. Already tried 0 time(s); retry policy is RetryUpToMaximumCountWithFixedSleep(maxRetries=15, sleepTime=1000 MILLISECONDS)
2022-03-04 02:16:55,933 [EndpointStateMachine task thread for /127.0.0.1:35517 - 0 ] INFO  ipc.Client (Client.java:handleConnectionFailure(977)) - Retrying connect to server: localhost/127.0.0.1:35517. Already tried 0 time(s); retry policy is RetryUpToMaximumCountWithFixedSleep(maxRetries=15, sleepTime=1000 MILLISECONDS)
2022-03-04 02:16:56,537 [EndpointStateMachine task thread for /127.0.0.1:45947 - 0 ] INFO  ipc.Client (Client.java:handleConnectionFailure(977)) - Retrying connect to server: localhost/127.0.0.1:45947. Already tried 12 time(s); retry policy is RetryUpToMaximumCountWithFixedSleep(maxRetries=15, sleepTime=1000 MILLISECONDS)
2022-03-04 02:16:56,540 [EndpointStateMachine task thread for /127.0.0.1:36193 - 0 ] INFO  ipc.Client (Client.java:handleConnectionFailure(977)) - Retrying connect to server: localhost/127.0.0.1:36193. Already tried 12 time(s); retry policy is RetryUpToMaximumCountWithFixedSleep(maxRetries=15, sleepTime=1000 MILLISECONDS)
2022-03-04 02:16:56,541 [EndpointStateMachine task thread for /127.0.0.1:33931 - 0 ] INFO  ipc.Client (Client.java:handleConnectionFailure(977)) - Retrying connect to server: localhost/127.0.0.1:33931. Already tried 12 time(s); retry policy is RetryUpToMaximumCountWithFixedSleep(maxRetries=15, sleepTime=1000 MILLISECONDS)
2022-03-04 02:16:56,918 [EndpointStateMachine task thread for /127.0.0.1:42427 - 0 ] INFO  ipc.Client (Client.java:handleConnectionFailure(977)) - Retrying connect to server: localhost/127.0.0.1:42427. Already tried 1 time(s); retry policy is RetryUpToMaximumCountWithFixedSleep(maxRetries=15, sleepTime=1000 MILLISECONDS)
2022-03-04 02:16:56,929 [EndpointStateMachine task thread for /127.0.0.1:42491 - 0 ] INFO  ipc.Client (Client.java:handleConnectionFailure(977)) - Retrying connect to server: localhost/127.0.0.1:42491. Already tried 1 time(s); retry policy is RetryUpToMaximumCountWithFixedSleep(maxRetries=15, sleepTime=1000 MILLISECONDS)
2022-03-04 02:16:56,933 [EndpointStateMachine task thread for /127.0.0.1:35517 - 0 ] INFO  ipc.Client (Client.java:handleConnectionFailure(977)) - Retrying connect to server: localhost/127.0.0.1:35517. Already tried 1 time(s); retry policy is RetryUpToMaximumCountWithFixedSleep(maxRetries=15, sleepTime=1000 MILLISECONDS)
2022-03-04 02:16:57,157 [9f78c5ee-b52e-497c-a9a6-ead92f3bbe55@group-F68A9A66EFBB-FollowerState] INFO  impl.FollowerState (FollowerState.java:run(134)) - 9f78c5ee-b52e-497c-a9a6-ead92f3bbe55@group-F68A9A66EFBB-FollowerState: change to CANDIDATE, lastRpcElapsedTime:5034864350ns, electionTimeout:5019ms
2022-03-04 02:16:57,157 [9f78c5ee-b52e-497c-a9a6-ead92f3bbe55@group-F68A9A66EFBB-FollowerState] INFO  impl.RoleInfo (RoleInfo.java:shutdownFollowerState(108)) - 9f78c5ee-b52e-497c-a9a6-ead92f3bbe55: shutdown 9f78c5ee-b52e-497c-a9a6-ead92f3bbe55@group-F68A9A66EFBB-FollowerState
2022-03-04 02:16:57,157 [9f78c5ee-b52e-497c-a9a6-ead92f3bbe55@group-F68A9A66EFBB-FollowerState] INFO  server.RaftServer$Division (RaftServerImpl.java:setRole(290)) - 9f78c5ee-b52e-497c-a9a6-ead92f3bbe55@group-F68A9A66EFBB: changes role from  FOLLOWER to CANDIDATE at term 5 for changeToCandidate
2022-03-04 02:16:57,158 [9f78c5ee-b52e-497c-a9a6-ead92f3bbe55@group-F68A9A66EFBB-FollowerState] INFO  server.RaftServerConfigKeys (ConfUtils.java:logGet(44)) - raft.server.leaderelection.pre-vote = false (custom)
2022-03-04 02:16:57,158 [9f78c5ee-b52e-497c-a9a6-ead92f3bbe55@group-F68A9A66EFBB-FollowerState] INFO  impl.RoleInfo (RoleInfo.java:updateAndGet(130)) - 9f78c5ee-b52e-497c-a9a6-ead92f3bbe55: start 9f78c5ee-b52e-497c-a9a6-ead92f3bbe55@group-F68A9A66EFBB-LeaderElection30
2022-03-04 02:16:57,180 [9f78c5ee-b52e-497c-a9a6-ead92f3bbe55@group-F68A9A66EFBB-LeaderElection30] INFO  impl.LeaderElection (LeaderElection.java:askForVotes(306)) - 9f78c5ee-b52e-497c-a9a6-ead92f3bbe55@group-F68A9A66EFBB-LeaderElection30 ELECTION round 0: submit vote requests at term 6 for -1: [58268bb1-183d-4eef-863f-1633152e0ae0|rpc:127.0.0.1:34573|dataStream:|priority:0, f00d6bae-b380-4908-b4bb-8059ffec7328|rpc:127.0.0.1:36009|dataStream:|priority:0, 9f78c5ee-b52e-497c-a9a6-ead92f3bbe55|rpc:127.0.0.1:38517|dataStream:|priority:1], old=null
2022-03-04 02:16:57,198 [9f78c5ee-b52e-497c-a9a6-ead92f3bbe55@group-F68A9A66EFBB-LeaderElection30] INFO  impl.LeaderElection (LogUtils.java:infoOrTrace(137)) - 9f78c5ee-b52e-497c-a9a6-ead92f3bbe55@group-F68A9A66EFBB-LeaderElection30 got exception when requesting votes: java.util.concurrent.ExecutionException: org.apache.ratis.thirdparty.io.grpc.StatusRuntimeException: UNAVAILABLE: io exception
2022-03-04 02:16:57,200 [9f78c5ee-b52e-497c-a9a6-ead92f3bbe55@group-F68A9A66EFBB-LeaderElection30] INFO  impl.LeaderElection (LogUtils.java:infoOrTrace(137)) - 9f78c5ee-b52e-497c-a9a6-ead92f3bbe55@group-F68A9A66EFBB-LeaderElection30 got exception when requesting votes: java.util.concurrent.ExecutionException: org.apache.ratis.thirdparty.io.grpc.StatusRuntimeException: UNAVAILABLE: io exception
2022-03-04 02:16:57,200 [9f78c5ee-b52e-497c-a9a6-ead92f3bbe55@group-F68A9A66EFBB-LeaderElection30] INFO  impl.LeaderElection (LeaderElection.java:logAndReturn(89)) - 9f78c5ee-b52e-497c-a9a6-ead92f3bbe55@group-F68A9A66EFBB-LeaderElection30: ELECTION REJECTED received 0 response(s) and 2 exception(s):
2022-03-04 02:16:57,200 [9f78c5ee-b52e-497c-a9a6-ead92f3bbe55@group-F68A9A66EFBB-LeaderElection30] INFO  impl.LeaderElection (LogUtils.java:infoOrTrace(137)) -   Exception 0: java.util.concurrent.ExecutionException: org.apache.ratis.thirdparty.io.grpc.StatusRuntimeException: UNAVAILABLE: io exception
2022-03-04 02:16:57,200 [9f78c5ee-b52e-497c-a9a6-ead92f3bbe55@group-F68A9A66EFBB-LeaderElection30] INFO  impl.LeaderElection (LogUtils.java:infoOrTrace(137)) -   Exception 1: java.util.concurrent.ExecutionException: org.apache.ratis.thirdparty.io.grpc.StatusRuntimeException: UNAVAILABLE: io exception
2022-03-04 02:16:57,200 [9f78c5ee-b52e-497c-a9a6-ead92f3bbe55@group-F68A9A66EFBB-LeaderElection30] INFO  impl.LeaderElection (LeaderElection.java:askForVotes(308)) - 9f78c5ee-b52e-497c-a9a6-ead92f3bbe55@group-F68A9A66EFBB-LeaderElection30 ELECTION round 0: result REJECTED
2022-03-04 02:16:57,200 [9f78c5ee-b52e-497c-a9a6-ead92f3bbe55@group-F68A9A66EFBB-LeaderElection30] INFO  server.RaftServer$Division (RaftServerImpl.java:setRole(290)) - 9f78c5ee-b52e-497c-a9a6-ead92f3bbe55@group-F68A9A66EFBB: changes role from CANDIDATE to FOLLOWER at term 6 for REJECTED
2022-03-04 02:16:57,200 [9f78c5ee-b52e-497c-a9a6-ead92f3bbe55@group-F68A9A66EFBB-LeaderElection30] INFO  impl.RoleInfo (RoleInfo.java:shutdownLeaderElection(121)) - 9f78c5ee-b52e-497c-a9a6-ead92f3bbe55: shutdown 9f78c5ee-b52e-497c-a9a6-ead92f3bbe55@group-F68A9A66EFBB-LeaderElection30
2022-03-04 02:16:57,200 [9f78c5ee-b52e-497c-a9a6-ead92f3bbe55@group-F68A9A66EFBB-LeaderElection30] INFO  impl.RoleInfo (RoleInfo.java:updateAndGet(130)) - 9f78c5ee-b52e-497c-a9a6-ead92f3bbe55: start 9f78c5ee-b52e-497c-a9a6-ead92f3bbe55@group-F68A9A66EFBB-FollowerState
2022-03-04 02:16:57,449 [9f78c5ee-b52e-497c-a9a6-ead92f3bbe55@group-9A60D3FB85E9-FollowerState] INFO  impl.FollowerState (FollowerState.java:run(134)) - 9f78c5ee-b52e-497c-a9a6-ead92f3bbe55@group-9A60D3FB85E9-FollowerState: change to CANDIDATE, lastRpcElapsedTime:5174284837ns, electionTimeout:5154ms
2022-03-04 02:16:57,449 [9f78c5ee-b52e-497c-a9a6-ead92f3bbe55@group-9A60D3FB85E9-FollowerState] INFO  impl.RoleInfo (RoleInfo.java:shutdownFollowerState(108)) - 9f78c5ee-b52e-497c-a9a6-ead92f3bbe55: shutdown 9f78c5ee-b52e-497c-a9a6-ead92f3bbe55@group-9A60D3FB85E9-FollowerState
2022-03-04 02:16:57,449 [9f78c5ee-b52e-497c-a9a6-ead92f3bbe55@group-9A60D3FB85E9-FollowerState] INFO  server.RaftServer$Division (RaftServerImpl.java:setRole(290)) - 9f78c5ee-b52e-497c-a9a6-ead92f3bbe55@group-9A60D3FB85E9: changes role from  FOLLOWER to CANDIDATE at term 3 for changeToCandidate
2022-03-04 02:16:57,449 [9f78c5ee-b52e-497c-a9a6-ead92f3bbe55@group-9A60D3FB85E9-FollowerState] INFO  server.RaftServerConfigKeys (ConfUtils.java:logGet(44)) - raft.server.leaderelection.pre-vote = false (custom)
2022-03-04 02:16:57,449 [9f78c5ee-b52e-497c-a9a6-ead92f3bbe55@group-9A60D3FB85E9-FollowerState] INFO  impl.RoleInfo (RoleInfo.java:updateAndGet(130)) - 9f78c5ee-b52e-497c-a9a6-ead92f3bbe55: start 9f78c5ee-b52e-497c-a9a6-ead92f3bbe55@group-9A60D3FB85E9-LeaderElection31
2022-03-04 02:16:57,474 [9f78c5ee-b52e-497c-a9a6-ead92f3bbe55@group-9A60D3FB85E9-LeaderElection31] INFO  impl.LeaderElection (LeaderElection.java:askForVotes(306)) - 9f78c5ee-b52e-497c-a9a6-ead92f3bbe55@group-9A60D3FB85E9-LeaderElection31 ELECTION round 0: submit vote requests at term 4 for 0: [58268bb1-183d-4eef-863f-1633152e0ae0|rpc:127.0.0.1:34573|dataStream:|priority:1, f00d6bae-b380-4908-b4bb-8059ffec7328|rpc:127.0.0.1:36009|dataStream:|priority:0, 9f78c5ee-b52e-497c-a9a6-ead92f3bbe55|rpc:127.0.0.1:38517|dataStream:|priority:0], old=null
2022-03-04 02:16:57,494 [9f78c5ee-b52e-497c-a9a6-ead92f3bbe55@group-9A60D3FB85E9-LeaderElection31] INFO  impl.LeaderElection (LogUtils.java:infoOrTrace(137)) - 9f78c5ee-b52e-497c-a9a6-ead92f3bbe55@group-9A60D3FB85E9-LeaderElection31 got exception when requesting votes: java.util.concurrent.ExecutionException: org.apache.ratis.thirdparty.io.grpc.StatusRuntimeException: UNAVAILABLE: io exception
2022-03-04 02:16:57,496 [9f78c5ee-b52e-497c-a9a6-ead92f3bbe55@group-9A60D3FB85E9-LeaderElection31] INFO  impl.LeaderElection (LogUtils.java:infoOrTrace(137)) - 9f78c5ee-b52e-497c-a9a6-ead92f3bbe55@group-9A60D3FB85E9-LeaderElection31 got exception when requesting votes: java.util.concurrent.ExecutionException: org.apache.ratis.thirdparty.io.grpc.StatusRuntimeException: UNAVAILABLE: io exception
2022-03-04 02:16:57,496 [9f78c5ee-b52e-497c-a9a6-ead92f3bbe55@group-9A60D3FB85E9-LeaderElection31] INFO  impl.LeaderElection (LeaderElection.java:logAndReturn(89)) - 9f78c5ee-b52e-497c-a9a6-ead92f3bbe55@group-9A60D3FB85E9-LeaderElection31: ELECTION REJECTED received 0 response(s) and 2 exception(s):
2022-03-04 02:16:57,496 [9f78c5ee-b52e-497c-a9a6-ead92f3bbe55@group-9A60D3FB85E9-LeaderElection31] INFO  impl.LeaderElection (LogUtils.java:infoOrTrace(137)) -   Exception 0: java.util.concurrent.ExecutionException: org.apache.ratis.thirdparty.io.grpc.StatusRuntimeException: UNAVAILABLE: io exception
2022-03-04 02:16:57,496 [9f78c5ee-b52e-497c-a9a6-ead92f3bbe55@group-9A60D3FB85E9-LeaderElection31] INFO  impl.LeaderElection (LogUtils.java:infoOrTrace(137)) -   Exception 1: java.util.concurrent.ExecutionException: org.apache.ratis.thirdparty.io.grpc.StatusRuntimeException: UNAVAILABLE: io exception
2022-03-04 02:16:57,496 [9f78c5ee-b52e-497c-a9a6-ead92f3bbe55@group-9A60D3FB85E9-LeaderElection31] INFO  impl.LeaderElection (LeaderElection.java:askForVotes(308)) - 9f78c5ee-b52e-497c-a9a6-ead92f3bbe55@group-9A60D3FB85E9-LeaderElection31 ELECTION round 0: result REJECTED
2022-03-04 02:16:57,496 [9f78c5ee-b52e-497c-a9a6-ead92f3bbe55@group-9A60D3FB85E9-LeaderElection31] INFO  server.RaftServer$Division (RaftServerImpl.java:setRole(290)) - 9f78c5ee-b52e-497c-a9a6-ead92f3bbe55@group-9A60D3FB85E9: changes role from CANDIDATE to FOLLOWER at term 4 for REJECTED
2022-03-04 02:16:57,496 [9f78c5ee-b52e-497c-a9a6-ead92f3bbe55@group-9A60D3FB85E9-LeaderElection31] INFO  impl.RoleInfo (RoleInfo.java:shutdownLeaderElection(121)) - 9f78c5ee-b52e-497c-a9a6-ead92f3bbe55: shutdown 9f78c5ee-b52e-497c-a9a6-ead92f3bbe55@group-9A60D3FB85E9-LeaderElection31
2022-03-04 02:16:57,496 [9f78c5ee-b52e-497c-a9a6-ead92f3bbe55@group-9A60D3FB85E9-LeaderElection31] INFO  impl.RoleInfo (RoleInfo.java:updateAndGet(130)) - 9f78c5ee-b52e-497c-a9a6-ead92f3bbe55: start 9f78c5ee-b52e-497c-a9a6-ead92f3bbe55@group-9A60D3FB85E9-FollowerState
2022-03-04 02:16:57,541 [EndpointStateMachine task thread for /127.0.0.1:36193 - 0 ] INFO  ipc.Client (Client.java:handleConnectionFailure(977)) - Retrying connect to server: localhost/127.0.0.1:36193. Already tried 13 time(s); retry policy is RetryUpToMaximumCountWithFixedSleep(maxRetries=15, sleepTime=1000 MILLISECONDS)
2022-03-04 02:16:57,541 [EndpointStateMachine task thread for /127.0.0.1:33931 - 0 ] INFO  ipc.Client (Client.java:handleConnectionFailure(977)) - Retrying connect to server: localhost/127.0.0.1:33931. Already tried 13 time(s); retry policy is RetryUpToMaximumCountWithFixedSleep(maxRetries=15, sleepTime=1000 MILLISECONDS)
2022-03-04 02:16:57,547 [EndpointStateMachine task thread for /127.0.0.1:45947 - 0 ] INFO  ipc.Client (Client.java:handleConnectionFailure(977)) - Retrying connect to server: localhost/127.0.0.1:45947. Already tried 13 time(s); retry policy is RetryUpToMaximumCountWithFixedSleep(maxRetries=15, sleepTime=1000 MILLISECONDS)
2022-03-04 02:16:57,918 [EndpointStateMachine task thread for /127.0.0.1:42427 - 0 ] INFO  ipc.Client (Client.java:handleConnectionFailure(977)) - Retrying connect to server: localhost/127.0.0.1:42427. Already tried 2 time(s); retry policy is RetryUpToMaximumCountWithFixedSleep(maxRetries=15, sleepTime=1000 MILLISECONDS)
2022-03-04 02:16:57,929 [EndpointStateMachine task thread for /127.0.0.1:42491 - 0 ] INFO  ipc.Client (Client.java:handleConnectionFailure(977)) - Retrying connect to server: localhost/127.0.0.1:42491. Already tried 2 time(s); retry policy is RetryUpToMaximumCountWithFixedSleep(maxRetries=15, sleepTime=1000 MILLISECONDS)
2022-03-04 02:16:57,934 [EndpointStateMachine task thread for /127.0.0.1:35517 - 0 ] INFO  ipc.Client (Client.java:handleConnectionFailure(977)) - Retrying connect to server: localhost/127.0.0.1:35517. Already tried 2 time(s); retry policy is RetryUpToMaximumCountWithFixedSleep(maxRetries=15, sleepTime=1000 MILLISECONDS)
2022-03-04 02:16:58,219 [Listener at 127.0.0.1/44533] INFO  ozoneimpl.OzoneContainer (OzoneContainer.java:stop(356)) - Attempting to stop container services.
2022-03-04 02:16:58,220 [Listener at 127.0.0.1/44533] INFO  server.RaftServer (RaftServerProxy.java:lambda$close$6(391)) - 9f78c5ee-b52e-497c-a9a6-ead92f3bbe55: close
2022-03-04 02:16:58,234 [Listener at 127.0.0.1/44533] INFO  server.RaftServer$Division (RaftServerImpl.java:lambda$close$4(412)) - 9f78c5ee-b52e-497c-a9a6-ead92f3bbe55@group-3C3929816D5C: shutdown
2022-03-04 02:16:58,234 [Listener at 127.0.0.1/44533] INFO  util.JmxRegister (JmxRegister.java:unregister(73)) - Successfully un-registered JMX Bean with object name Ratis:service=RaftServer,group=group-3C3929816D5C,id=9f78c5ee-b52e-497c-a9a6-ead92f3bbe55
2022-03-04 02:16:58,234 [Listener at 127.0.0.1/44533] INFO  impl.RoleInfo (RoleInfo.java:shutdownLeaderState(91)) - 9f78c5ee-b52e-497c-a9a6-ead92f3bbe55: shutdown 9f78c5ee-b52e-497c-a9a6-ead92f3bbe55@group-3C3929816D5C-LeaderStateImpl
2022-03-04 02:16:58,234 [Listener at 127.0.0.1/44533] INFO  impl.PendingRequests (PendingRequests.java:sendNotLeaderResponses(282)) - 9f78c5ee-b52e-497c-a9a6-ead92f3bbe55@group-3C3929816D5C-PendingRequests: sendNotLeaderResponses
2022-03-04 02:16:58,235 [Listener at 127.0.0.1/44533] INFO  impl.StateMachineUpdater (StateMachineUpdater.java:stopAndJoin(149)) - 9f78c5ee-b52e-497c-a9a6-ead92f3bbe55@group-3C3929816D5C-StateMachineUpdater: set stopIndex = 0
2022-03-04 02:16:58,236 [9f78c5ee-b52e-497c-a9a6-ead92f3bbe55@group-3C3929816D5C-StateMachineUpdater] INFO  ratis.ContainerStateMachine (ContainerStateMachine.java:takeSnapshot(304)) - group-3C3929816D5C: Taking a snapshot at:(t:1, i:0) file /home/runner/work/ozone/ozone/hadoop-ozone/integration-test/target/test-dir/MiniOzoneClusterImpl-ba78f66b-c31d-4d73-90ed-a031934b8290/datanode-2/data/ratis/89534604-4b02-4545-8e94-3c3929816d5c/sm/snapshot.1_0
2022-03-04 02:16:58,236 [ForkJoinPool.commonPool-worker-1] INFO  server.RaftServer$Division (RaftServerImpl.java:lambda$close$4(412)) - 9f78c5ee-b52e-497c-a9a6-ead92f3bbe55@group-9A60D3FB85E9: shutdown
2022-03-04 02:16:58,236 [ForkJoinPool.commonPool-worker-1] INFO  util.JmxRegister (JmxRegister.java:unregister(73)) - Successfully un-registered JMX Bean with object name Ratis:service=RaftServer,group=group-9A60D3FB85E9,id=9f78c5ee-b52e-497c-a9a6-ead92f3bbe55
2022-03-04 02:16:58,237 [ForkJoinPool.commonPool-worker-1] INFO  impl.RoleInfo (RoleInfo.java:shutdownFollowerState(108)) - 9f78c5ee-b52e-497c-a9a6-ead92f3bbe55: shutdown 9f78c5ee-b52e-497c-a9a6-ead92f3bbe55@group-9A60D3FB85E9-FollowerState
2022-03-04 02:16:58,237 [ForkJoinPool.commonPool-worker-1] INFO  impl.StateMachineUpdater (StateMachineUpdater.java:stopAndJoin(149)) - 9f78c5ee-b52e-497c-a9a6-ead92f3bbe55@group-9A60D3FB85E9-StateMachineUpdater: set stopIndex = 0
2022-03-04 02:16:58,237 [9f78c5ee-b52e-497c-a9a6-ead92f3bbe55@group-9A60D3FB85E9-FollowerState] INFO  impl.FollowerState (FollowerState.java:run(143)) - 9f78c5ee-b52e-497c-a9a6-ead92f3bbe55@group-9A60D3FB85E9-FollowerState was interrupted: {}
java.lang.InterruptedException: sleep interrupted
	at java.lang.Thread.sleep(Native Method)
	at java.lang.Thread.sleep(Thread.java:342)
	at java.util.concurrent.TimeUnit.sleep(TimeUnit.java:386)
	at org.apache.ratis.util.TimeDuration.sleep(TimeDuration.java:324)
	at org.apache.ratis.util.TimeDuration.sleep(TimeDuration.java:309)
	at org.apache.ratis.server.impl.FollowerState.run(FollowerState.java:118)
2022-03-04 02:16:58,241 [9f78c5ee-b52e-497c-a9a6-ead92f3bbe55@group-3C3929816D5C-StateMachineUpdater] INFO  ratis.ContainerStateMachine (ContainerStateMachine.java:takeSnapshot(315)) - group-3C3929816D5C: Finished taking a snapshot at:(t:1, i:0) file:/home/runner/work/ozone/ozone/hadoop-ozone/integration-test/target/test-dir/MiniOzoneClusterImpl-ba78f66b-c31d-4d73-90ed-a031934b8290/datanode-2/data/ratis/89534604-4b02-4545-8e94-3c3929816d5c/sm/snapshot.1_0 took: 5 ms
2022-03-04 02:16:58,242 [9f78c5ee-b52e-497c-a9a6-ead92f3bbe55@group-3C3929816D5C-StateMachineUpdater] INFO  impl.StateMachineUpdater (StateMachineUpdater.java:takeSnapshot(281)) - 9f78c5ee-b52e-497c-a9a6-ead92f3bbe55@group-3C3929816D5C-StateMachineUpdater: Took a snapshot at index 0
2022-03-04 02:16:58,242 [9f78c5ee-b52e-497c-a9a6-ead92f3bbe55@group-3C3929816D5C-StateMachineUpdater] INFO  impl.StateMachineUpdater (StateMachineUpdater.java:lambda$new$0(89)) - 9f78c5ee-b52e-497c-a9a6-ead92f3bbe55@group-3C3929816D5C-StateMachineUpdater: snapshotIndex: updateIncreasingly -1 -> 0
2022-03-04 02:16:58,242 [Listener at 127.0.0.1/44533] INFO  server.RaftServer$Division (ServerState.java:close(419)) - 9f78c5ee-b52e-497c-a9a6-ead92f3bbe55@group-3C3929816D5C: closes. applyIndex: 0
2022-03-04 02:16:58,242 [9f78c5ee-b52e-497c-a9a6-ead92f3bbe55@group-3C3929816D5C-SegmentedRaftLogWorker] INFO  segmented.SegmentedRaftLogWorker (SegmentedRaftLogWorker.java:run(327)) - 9f78c5ee-b52e-497c-a9a6-ead92f3bbe55@group-3C3929816D5C-SegmentedRaftLogWorker was interrupted, exiting. There are 0 tasks remaining in the queue.
2022-03-04 02:16:58,242 [9f78c5ee-b52e-497c-a9a6-ead92f3bbe55@group-9A60D3FB85E9-StateMachineUpdater] INFO  ratis.ContainerStateMachine (ContainerStateMachine.java:takeSnapshot(304)) - group-9A60D3FB85E9: Taking a snapshot at:(t:2, i:0) file /home/runner/work/ozone/ozone/hadoop-ozone/integration-test/target/test-dir/MiniOzoneClusterImpl-ba78f66b-c31d-4d73-90ed-a031934b8290/datanode-2/data/ratis/8a9700fc-640e-4ec4-9628-9a60d3fb85e9/sm/snapshot.2_0
2022-03-04 02:16:58,244 [Listener at 127.0.0.1/44533] INFO  segmented.SegmentedRaftLogWorker (SegmentedRaftLogWorker.java:close(237)) - 9f78c5ee-b52e-497c-a9a6-ead92f3bbe55@group-3C3929816D5C-SegmentedRaftLogWorker close()
2022-03-04 02:16:58,245 [Listener at 127.0.0.1/44533] INFO  server.RaftServer$Division (RaftServerImpl.java:lambda$close$4(412)) - 9f78c5ee-b52e-497c-a9a6-ead92f3bbe55@group-F68A9A66EFBB: shutdown
2022-03-04 02:16:58,245 [Listener at 127.0.0.1/44533] INFO  util.JmxRegister (JmxRegister.java:unregister(73)) - Successfully un-registered JMX Bean with object name Ratis:service=RaftServer,group=group-F68A9A66EFBB,id=9f78c5ee-b52e-497c-a9a6-ead92f3bbe55
2022-03-04 02:16:58,245 [Listener at 127.0.0.1/44533] INFO  impl.RoleInfo (RoleInfo.java:shutdownFollowerState(108)) - 9f78c5ee-b52e-497c-a9a6-ead92f3bbe55: shutdown 9f78c5ee-b52e-497c-a9a6-ead92f3bbe55@group-F68A9A66EFBB-FollowerState
2022-03-04 02:16:58,245 [Listener at 127.0.0.1/44533] INFO  impl.StateMachineUpdater (StateMachineUpdater.java:stopAndJoin(149)) - 9f78c5ee-b52e-497c-a9a6-ead92f3bbe55@group-F68A9A66EFBB-StateMachineUpdater: set stopIndex = -1
2022-03-04 02:16:58,246 [Listener at 127.0.0.1/44533] INFO  server.RaftServer$Division (ServerState.java:close(419)) - 9f78c5ee-b52e-497c-a9a6-ead92f3bbe55@group-F68A9A66EFBB: closes. applyIndex: -1
2022-03-04 02:16:58,246 [9f78c5ee-b52e-497c-a9a6-ead92f3bbe55@group-F68A9A66EFBB-SegmentedRaftLogWorker] INFO  segmented.SegmentedRaftLogWorker (SegmentedRaftLogWorker.java:run(327)) - 9f78c5ee-b52e-497c-a9a6-ead92f3bbe55@group-F68A9A66EFBB-SegmentedRaftLogWorker was interrupted, exiting. There are 0 tasks remaining in the queue.
2022-03-04 02:16:58,246 [Listener at 127.0.0.1/44533] INFO  segmented.SegmentedRaftLogWorker (SegmentedRaftLogWorker.java:close(237)) - 9f78c5ee-b52e-497c-a9a6-ead92f3bbe55@group-F68A9A66EFBB-SegmentedRaftLogWorker close()
2022-03-04 02:16:58,246 [9f78c5ee-b52e-497c-a9a6-ead92f3bbe55@group-F68A9A66EFBB-FollowerState] INFO  impl.FollowerState (FollowerState.java:run(143)) - 9f78c5ee-b52e-497c-a9a6-ead92f3bbe55@group-F68A9A66EFBB-FollowerState was interrupted: {}
java.lang.InterruptedException: sleep interrupted
	at java.lang.Thread.sleep(Native Method)
	at java.lang.Thread.sleep(Thread.java:342)
	at java.util.concurrent.TimeUnit.sleep(TimeUnit.java:386)
	at org.apache.ratis.util.TimeDuration.sleep(TimeDuration.java:324)
	at org.apache.ratis.util.TimeDuration.sleep(TimeDuration.java:309)
	at org.apache.ratis.server.impl.FollowerState.run(FollowerState.java:118)
2022-03-04 02:16:58,249 [9f78c5ee-b52e-497c-a9a6-ead92f3bbe55@group-9A60D3FB85E9-StateMachineUpdater] INFO  ratis.ContainerStateMachine (ContainerStateMachine.java:takeSnapshot(315)) - group-9A60D3FB85E9: Finished taking a snapshot at:(t:2, i:0) file:/home/runner/work/ozone/ozone/hadoop-ozone/integration-test/target/test-dir/MiniOzoneClusterImpl-ba78f66b-c31d-4d73-90ed-a031934b8290/datanode-2/data/ratis/8a9700fc-640e-4ec4-9628-9a60d3fb85e9/sm/snapshot.2_0 took: 7 ms
2022-03-04 02:16:58,249 [9f78c5ee-b52e-497c-a9a6-ead92f3bbe55@group-9A60D3FB85E9-StateMachineUpdater] INFO  impl.StateMachineUpdater (StateMachineUpdater.java:takeSnapshot(281)) - 9f78c5ee-b52e-497c-a9a6-ead92f3bbe55@group-9A60D3FB85E9-StateMachineUpdater: Took a snapshot at index 0
2022-03-04 02:16:58,249 [9f78c5ee-b52e-497c-a9a6-ead92f3bbe55@group-9A60D3FB85E9-StateMachineUpdater] INFO  impl.StateMachineUpdater (StateMachineUpdater.java:lambda$new$0(89)) - 9f78c5ee-b52e-497c-a9a6-ead92f3bbe55@group-9A60D3FB85E9-StateMachineUpdater: snapshotIndex: updateIncreasingly -1 -> 0
2022-03-04 02:16:58,249 [ForkJoinPool.commonPool-worker-1] INFO  server.RaftServer$Division (ServerState.java:close(419)) - 9f78c5ee-b52e-497c-a9a6-ead92f3bbe55@group-9A60D3FB85E9: closes. applyIndex: 0
2022-03-04 02:16:58,249 [9f78c5ee-b52e-497c-a9a6-ead92f3bbe55@group-9A60D3FB85E9-SegmentedRaftLogWorker] INFO  segmented.SegmentedRaftLogWorker (SegmentedRaftLogWorker.java:run(327)) - 9f78c5ee-b52e-497c-a9a6-ead92f3bbe55@group-9A60D3FB85E9-SegmentedRaftLogWorker was interrupted, exiting. There are 0 tasks remaining in the queue.
2022-03-04 02:16:58,250 [ForkJoinPool.commonPool-worker-1] INFO  segmented.SegmentedRaftLogWorker (SegmentedRaftLogWorker.java:close(237)) - 9f78c5ee-b52e-497c-a9a6-ead92f3bbe55@group-9A60D3FB85E9-SegmentedRaftLogWorker close()
2022-03-04 02:16:58,250 [Listener at 127.0.0.1/44533] INFO  server.GrpcService (GrpcService.java:closeImpl(262)) - 9f78c5ee-b52e-497c-a9a6-ead92f3bbe55: shutdown server with port 38517 now
2022-03-04 02:16:58,251 [Listener at 127.0.0.1/44533] INFO  server.GrpcService (GrpcService.java:closeImpl(271)) - 9f78c5ee-b52e-497c-a9a6-ead92f3bbe55: shutdown server with port 38517 successfully
2022-03-04 02:16:58,252 [org.apache.ratis.util.JvmPauseMonitor$$Lambda$503/666911607@6aad38a9] INFO  util.JvmPauseMonitor (JvmPauseMonitor.java:run(109)) - JvmPauseMonitor-9f78c5ee-b52e-497c-a9a6-ead92f3bbe55: Stopped
2022-03-04 02:16:58,541 [EndpointStateMachine task thread for /127.0.0.1:36193 - 0 ] INFO  ipc.Client (Client.java:handleConnectionFailure(977)) - Retrying connect to server: localhost/127.0.0.1:36193. Already tried 14 time(s); retry policy is RetryUpToMaximumCountWithFixedSleep(maxRetries=15, sleepTime=1000 MILLISECONDS)
2022-03-04 02:16:58,542 [EndpointStateMachine task thread for /127.0.0.1:36193 - 0 ] WARN  statemachine.EndpointStateMachine (EndpointStateMachine.java:logIfNeeded(236)) - Unable to communicate to SCM server at localhost:36193 for past 0 seconds.
java.net.ConnectException: Call From fv-az184-471/10.1.0.11 to localhost:36193 failed on connection exception: java.net.ConnectException: Connection refused; For more details see:  http://wiki.apache.org/hadoop/ConnectionRefused
	at sun.reflect.GeneratedConstructorAccessor43.newInstance(Unknown Source)
	at sun.reflect.DelegatingConstructorAccessorImpl.newInstance(DelegatingConstructorAccessorImpl.java:45)
	at java.lang.reflect.Constructor.newInstance(Constructor.java:423)
	at org.apache.hadoop.net.NetUtils.wrapWithMessage(NetUtils.java:913)
	at org.apache.hadoop.net.NetUtils.wrapException(NetUtils.java:828)
	at org.apache.hadoop.ipc.Client.getRpcResponse(Client.java:1577)
	at org.apache.hadoop.ipc.Client.call(Client.java:1519)
	at org.apache.hadoop.ipc.Client.call(Client.java:1416)
	at org.apache.hadoop.ipc.ProtobufRpcEngine$Invoker.invoke(ProtobufRpcEngine.java:236)
	at org.apache.hadoop.ipc.ProtobufRpcEngine$Invoker.invoke(ProtobufRpcEngine.java:123)
	at com.sun.proxy.$Proxy48.submitRequest(Unknown Source)
	at org.apache.hadoop.ozone.protocolPB.StorageContainerDatanodeProtocolClientSideTranslatorPB.submitRequest(StorageContainerDatanodeProtocolClientSideTranslatorPB.java:117)
	at org.apache.hadoop.ozone.protocolPB.StorageContainerDatanodeProtocolClientSideTranslatorPB.register(StorageContainerDatanodeProtocolClientSideTranslatorPB.java:180)
	at org.apache.hadoop.ozone.container.common.states.endpoint.RegisterEndpointTask.call(RegisterEndpointTask.java:158)
	at org.apache.hadoop.ozone.container.common.states.endpoint.RegisterEndpointTask.call(RegisterEndpointTask.java:52)
	at java.util.concurrent.FutureTask.run(FutureTask.java:266)
	at java.util.concurrent.ThreadPoolExecutor.runWorker(ThreadPoolExecutor.java:1149)
	at java.util.concurrent.ThreadPoolExecutor$Worker.run(ThreadPoolExecutor.java:624)
	at java.lang.Thread.run(Thread.java:750)
Caused by: java.net.ConnectException: Connection refused
	at sun.nio.ch.SocketChannelImpl.checkConnect(Native Method)
	at sun.nio.ch.SocketChannelImpl.finishConnect(SocketChannelImpl.java:716)
	at org.apache.hadoop.net.SocketIOWithTimeout.connect(SocketIOWithTimeout.java:206)
	at org.apache.hadoop.net.NetUtils.connect(NetUtils.java:586)
	at org.apache.hadoop.ipc.Client$Connection.setupConnection(Client.java:701)
	at org.apache.hadoop.ipc.Client$Connection.setupIOstreams(Client.java:822)
	at org.apache.hadoop.ipc.Client$Connection.access$3800(Client.java:414)
	at org.apache.hadoop.ipc.Client.getConnection(Client.java:1647)
	at org.apache.hadoop.ipc.Client.call(Client.java:1463)
	... 12 more
2022-03-04 02:16:58,543 [EndpointStateMachine task thread for /127.0.0.1:33931 - 0 ] INFO  ipc.Client (Client.java:handleConnectionFailure(977)) - Retrying connect to server: localhost/127.0.0.1:33931. Already tried 14 time(s); retry policy is RetryUpToMaximumCountWithFixedSleep(maxRetries=15, sleepTime=1000 MILLISECONDS)
2022-03-04 02:16:58,543 [EndpointStateMachine task thread for /127.0.0.1:33931 - 0 ] WARN  statemachine.EndpointStateMachine (EndpointStateMachine.java:logIfNeeded(236)) - Unable to communicate to SCM server at localhost:33931 for past 0 seconds.
java.net.ConnectException: Call From fv-az184-471/10.1.0.11 to localhost:33931 failed on connection exception: java.net.ConnectException: Connection refused; For more details see:  http://wiki.apache.org/hadoop/ConnectionRefused
	at sun.reflect.GeneratedConstructorAccessor43.newInstance(Unknown Source)
	at sun.reflect.DelegatingConstructorAccessorImpl.newInstance(DelegatingConstructorAccessorImpl.java:45)
	at java.lang.reflect.Constructor.newInstance(Constructor.java:423)
	at org.apache.hadoop.net.NetUtils.wrapWithMessage(NetUtils.java:913)
	at org.apache.hadoop.net.NetUtils.wrapException(NetUtils.java:828)
	at org.apache.hadoop.ipc.Client.getRpcResponse(Client.java:1577)
	at org.apache.hadoop.ipc.Client.call(Client.java:1519)
	at org.apache.hadoop.ipc.Client.call(Client.java:1416)
	at org.apache.hadoop.ipc.ProtobufRpcEngine$Invoker.invoke(ProtobufRpcEngine.java:236)
	at org.apache.hadoop.ipc.ProtobufRpcEngine$Invoker.invoke(ProtobufRpcEngine.java:123)
	at com.sun.proxy.$Proxy48.submitRequest(Unknown Source)
	at org.apache.hadoop.ozone.protocolPB.StorageContainerDatanodeProtocolClientSideTranslatorPB.submitRequest(StorageContainerDatanodeProtocolClientSideTranslatorPB.java:117)
	at org.apache.hadoop.ozone.protocolPB.StorageContainerDatanodeProtocolClientSideTranslatorPB.sendHeartbeat(StorageContainerDatanodeProtocolClientSideTranslatorPB.java:149)
	at org.apache.hadoop.ozone.container.common.states.endpoint.HeartbeatEndpointTask.call(HeartbeatEndpointTask.java:180)
	at org.apache.hadoop.ozone.container.common.states.endpoint.HeartbeatEndpointTask.call(HeartbeatEndpointTask.java:83)
	at java.util.concurrent.FutureTask.run(FutureTask.java:266)
	at java.util.concurrent.ThreadPoolExecutor.runWorker(ThreadPoolExecutor.java:1149)
	at java.util.concurrent.ThreadPoolExecutor$Worker.run(ThreadPoolExecutor.java:624)
	at java.lang.Thread.run(Thread.java:750)
Caused by: java.net.ConnectException: Connection refused
	at sun.nio.ch.SocketChannelImpl.checkConnect(Native Method)
	at sun.nio.ch.SocketChannelImpl.finishConnect(SocketChannelImpl.java:716)
	at org.apache.hadoop.net.SocketIOWithTimeout.connect(SocketIOWithTimeout.java:206)
	at org.apache.hadoop.net.NetUtils.connect(NetUtils.java:586)
	at org.apache.hadoop.ipc.Client$Connection.setupConnection(Client.java:701)
	at org.apache.hadoop.ipc.Client$Connection.setupIOstreams(Client.java:822)
	at org.apache.hadoop.ipc.Client$Connection.access$3800(Client.java:414)
	at org.apache.hadoop.ipc.Client.getConnection(Client.java:1647)
	at org.apache.hadoop.ipc.Client.call(Client.java:1463)
	... 12 more
2022-03-04 02:16:58,551 [EndpointStateMachine task thread for /127.0.0.1:45947 - 0 ] INFO  ipc.Client (Client.java:handleConnectionFailure(977)) - Retrying connect to server: localhost/127.0.0.1:45947. Already tried 14 time(s); retry policy is RetryUpToMaximumCountWithFixedSleep(maxRetries=15, sleepTime=1000 MILLISECONDS)
2022-03-04 02:16:58,552 [EndpointStateMachine task thread for /127.0.0.1:45947 - 0 ] WARN  statemachine.EndpointStateMachine (EndpointStateMachine.java:logIfNeeded(236)) - Unable to communicate to SCM server at localhost:45947 for past 0 seconds.
java.net.ConnectException: Call From fv-az184-471/10.1.0.11 to localhost:45947 failed on connection exception: java.net.ConnectException: Connection refused; For more details see:  http://wiki.apache.org/hadoop/ConnectionRefused
	at sun.reflect.GeneratedConstructorAccessor43.newInstance(Unknown Source)
	at sun.reflect.DelegatingConstructorAccessorImpl.newInstance(DelegatingConstructorAccessorImpl.java:45)
	at java.lang.reflect.Constructor.newInstance(Constructor.java:423)
	at org.apache.hadoop.net.NetUtils.wrapWithMessage(NetUtils.java:913)
	at org.apache.hadoop.net.NetUtils.wrapException(NetUtils.java:828)
	at org.apache.hadoop.ipc.Client.getRpcResponse(Client.java:1577)
	at org.apache.hadoop.ipc.Client.call(Client.java:1519)
	at org.apache.hadoop.ipc.Client.call(Client.java:1416)
	at org.apache.hadoop.ipc.ProtobufRpcEngine$Invoker.invoke(ProtobufRpcEngine.java:236)
	at org.apache.hadoop.ipc.ProtobufRpcEngine$Invoker.invoke(ProtobufRpcEngine.java:123)
	at com.sun.proxy.$Proxy48.submitRequest(Unknown Source)
	at org.apache.hadoop.ozone.protocolPB.StorageContainerDatanodeProtocolClientSideTranslatorPB.submitRequest(StorageContainerDatanodeProtocolClientSideTranslatorPB.java:117)
	at org.apache.hadoop.ozone.protocolPB.StorageContainerDatanodeProtocolClientSideTranslatorPB.sendHeartbeat(StorageContainerDatanodeProtocolClientSideTranslatorPB.java:149)
	at org.apache.hadoop.ozone.container.common.states.endpoint.HeartbeatEndpointTask.call(HeartbeatEndpointTask.java:180)
	at org.apache.hadoop.ozone.container.common.states.endpoint.HeartbeatEndpointTask.call(HeartbeatEndpointTask.java:83)
	at java.util.concurrent.FutureTask.run(FutureTask.java:266)
	at java.util.concurrent.ThreadPoolExecutor.runWorker(ThreadPoolExecutor.java:1149)
	at java.util.concurrent.ThreadPoolExecutor$Worker.run(ThreadPoolExecutor.java:624)
	at java.lang.Thread.run(Thread.java:750)
Caused by: java.net.ConnectException: Connection refused
	at sun.nio.ch.SocketChannelImpl.checkConnect(Native Method)
	at sun.nio.ch.SocketChannelImpl.finishConnect(SocketChannelImpl.java:716)
	at org.apache.hadoop.net.SocketIOWithTimeout.connect(SocketIOWithTimeout.java:206)
	at org.apache.hadoop.net.NetUtils.connect(NetUtils.java:586)
	at org.apache.hadoop.ipc.Client$Connection.setupConnection(Client.java:701)
	at org.apache.hadoop.ipc.Client$Connection.setupIOstreams(Client.java:822)
	at org.apache.hadoop.ipc.Client$Connection.access$3800(Client.java:414)
	at org.apache.hadoop.ipc.Client.getConnection(Client.java:1647)
	at org.apache.hadoop.ipc.Client.call(Client.java:1463)
	... 12 more
2022-03-04 02:16:58,919 [EndpointStateMachine task thread for /127.0.0.1:42427 - 0 ] INFO  ipc.Client (Client.java:handleConnectionFailure(977)) - Retrying connect to server: localhost/127.0.0.1:42427. Already tried 3 time(s); retry policy is RetryUpToMaximumCountWithFixedSleep(maxRetries=15, sleepTime=1000 MILLISECONDS)
2022-03-04 02:16:58,930 [EndpointStateMachine task thread for /127.0.0.1:42491 - 0 ] INFO  ipc.Client (Client.java:handleConnectionFailure(977)) - Retrying connect to server: localhost/127.0.0.1:42491. Already tried 3 time(s); retry policy is RetryUpToMaximumCountWithFixedSleep(maxRetries=15, sleepTime=1000 MILLISECONDS)
2022-03-04 02:16:58,934 [EndpointStateMachine task thread for /127.0.0.1:35517 - 0 ] INFO  ipc.Client (Client.java:handleConnectionFailure(977)) - Retrying connect to server: localhost/127.0.0.1:35517. Already tried 3 time(s); retry policy is RetryUpToMaximumCountWithFixedSleep(maxRetries=15, sleepTime=1000 MILLISECONDS)
2022-03-04 02:16:59,543 [EndpointStateMachine task thread for /127.0.0.1:36193 - 0 ] INFO  ipc.Client (Client.java:handleConnectionFailure(977)) - Retrying connect to server: localhost/127.0.0.1:36193. Already tried 0 time(s); retry policy is RetryUpToMaximumCountWithFixedSleep(maxRetries=15, sleepTime=1000 MILLISECONDS)
2022-03-04 02:16:59,544 [EndpointStateMachine task thread for /127.0.0.1:33931 - 0 ] INFO  ipc.Client (Client.java:handleConnectionFailure(977)) - Retrying connect to server: localhost/127.0.0.1:33931. Already tried 0 time(s); retry policy is RetryUpToMaximumCountWithFixedSleep(maxRetries=15, sleepTime=1000 MILLISECONDS)
2022-03-04 02:16:59,552 [EndpointStateMachine task thread for /127.0.0.1:45947 - 0 ] INFO  ipc.Client (Client.java:handleConnectionFailure(977)) - Retrying connect to server: localhost/127.0.0.1:45947. Already tried 0 time(s); retry policy is RetryUpToMaximumCountWithFixedSleep(maxRetries=15, sleepTime=1000 MILLISECONDS)
2022-03-04 02:16:59,920 [EndpointStateMachine task thread for /127.0.0.1:42427 - 0 ] INFO  ipc.Client (Client.java:handleConnectionFailure(977)) - Retrying connect to server: localhost/127.0.0.1:42427. Already tried 4 time(s); retry policy is RetryUpToMaximumCountWithFixedSleep(maxRetries=15, sleepTime=1000 MILLISECONDS)
2022-03-04 02:16:59,930 [EndpointStateMachine task thread for /127.0.0.1:42491 - 0 ] INFO  ipc.Client (Client.java:handleConnectionFailure(977)) - Retrying connect to server: localhost/127.0.0.1:42491. Already tried 4 time(s); retry policy is RetryUpToMaximumCountWithFixedSleep(maxRetries=15, sleepTime=1000 MILLISECONDS)
2022-03-04 02:16:59,935 [EndpointStateMachine task thread for /127.0.0.1:35517 - 0 ] INFO  ipc.Client (Client.java:handleConnectionFailure(977)) - Retrying connect to server: localhost/127.0.0.1:35517. Already tried 4 time(s); retry policy is RetryUpToMaximumCountWithFixedSleep(maxRetries=15, sleepTime=1000 MILLISECONDS)
2022-03-04 02:17:00,287 [Listener at 127.0.0.1/44533] INFO  utils.BackgroundService (BackgroundService.java:shutdown(132)) - Shutting down service BlockDeletingService
2022-03-04 02:17:00,544 [EndpointStateMachine task thread for /127.0.0.1:36193 - 0 ] INFO  ipc.Client (Client.java:handleConnectionFailure(977)) - Retrying connect to server: localhost/127.0.0.1:36193. Already tried 1 time(s); retry policy is RetryUpToMaximumCountWithFixedSleep(maxRetries=15, sleepTime=1000 MILLISECONDS)
2022-03-04 02:17:00,547 [EndpointStateMachine task thread for /127.0.0.1:33931 - 0 ] INFO  ipc.Client (Client.java:handleConnectionFailure(977)) - Retrying connect to server: localhost/127.0.0.1:33931. Already tried 1 time(s); retry policy is RetryUpToMaximumCountWithFixedSleep(maxRetries=15, sleepTime=1000 MILLISECONDS)
2022-03-04 02:17:00,553 [EndpointStateMachine task thread for /127.0.0.1:45947 - 0 ] INFO  ipc.Client (Client.java:handleConnectionFailure(977)) - Retrying connect to server: localhost/127.0.0.1:45947. Already tried 1 time(s); retry policy is RetryUpToMaximumCountWithFixedSleep(maxRetries=15, sleepTime=1000 MILLISECONDS)
2022-03-04 02:17:00,920 [EndpointStateMachine task thread for /127.0.0.1:42427 - 0 ] INFO  ipc.Client (Client.java:handleConnectionFailure(977)) - Retrying connect to server: localhost/127.0.0.1:42427. Already tried 5 time(s); retry policy is RetryUpToMaximumCountWithFixedSleep(maxRetries=15, sleepTime=1000 MILLISECONDS)
2022-03-04 02:17:00,930 [EndpointStateMachine task thread for /127.0.0.1:42491 - 0 ] INFO  ipc.Client (Client.java:handleConnectionFailure(977)) - Retrying connect to server: localhost/127.0.0.1:42491. Already tried 5 time(s); retry policy is RetryUpToMaximumCountWithFixedSleep(maxRetries=15, sleepTime=1000 MILLISECONDS)
2022-03-04 02:17:00,935 [EndpointStateMachine task thread for /127.0.0.1:35517 - 0 ] INFO  ipc.Client (Client.java:handleConnectionFailure(977)) - Retrying connect to server: localhost/127.0.0.1:35517. Already tried 5 time(s); retry policy is RetryUpToMaximumCountWithFixedSleep(maxRetries=15, sleepTime=1000 MILLISECONDS)
2022-03-04 02:17:01,544 [EndpointStateMachine task thread for /127.0.0.1:36193 - 0 ] INFO  ipc.Client (Client.java:handleConnectionFailure(977)) - Retrying connect to server: localhost/127.0.0.1:36193. Already tried 2 time(s); retry policy is RetryUpToMaximumCountWithFixedSleep(maxRetries=15, sleepTime=1000 MILLISECONDS)
2022-03-04 02:17:01,548 [EndpointStateMachine task thread for /127.0.0.1:33931 - 0 ] INFO  ipc.Client (Client.java:handleConnectionFailure(977)) - Retrying connect to server: localhost/127.0.0.1:33931. Already tried 2 time(s); retry policy is RetryUpToMaximumCountWithFixedSleep(maxRetries=15, sleepTime=1000 MILLISECONDS)
2022-03-04 02:17:01,553 [EndpointStateMachine task thread for /127.0.0.1:45947 - 0 ] INFO  ipc.Client (Client.java:handleConnectionFailure(977)) - Retrying connect to server: localhost/127.0.0.1:45947. Already tried 2 time(s); retry policy is RetryUpToMaximumCountWithFixedSleep(maxRetries=15, sleepTime=1000 MILLISECONDS)
2022-03-04 02:17:01,921 [EndpointStateMachine task thread for /127.0.0.1:42427 - 0 ] INFO  ipc.Client (Client.java:handleConnectionFailure(977)) - Retrying connect to server: localhost/127.0.0.1:42427. Already tried 6 time(s); retry policy is RetryUpToMaximumCountWithFixedSleep(maxRetries=15, sleepTime=1000 MILLISECONDS)
2022-03-04 02:17:01,931 [EndpointStateMachine task thread for /127.0.0.1:42491 - 0 ] INFO  ipc.Client (Client.java:handleConnectionFailure(977)) - Retrying connect to server: localhost/127.0.0.1:42491. Already tried 6 time(s); retry policy is RetryUpToMaximumCountWithFixedSleep(maxRetries=15, sleepTime=1000 MILLISECONDS)
2022-03-04 02:17:01,935 [EndpointStateMachine task thread for /127.0.0.1:35517 - 0 ] INFO  ipc.Client (Client.java:handleConnectionFailure(977)) - Retrying connect to server: localhost/127.0.0.1:35517. Already tried 6 time(s); retry policy is RetryUpToMaximumCountWithFixedSleep(maxRetries=15, sleepTime=1000 MILLISECONDS)
2022-03-04 02:17:02,545 [EndpointStateMachine task thread for /127.0.0.1:36193 - 0 ] INFO  ipc.Client (Client.java:handleConnectionFailure(977)) - Retrying connect to server: localhost/127.0.0.1:36193. Already tried 3 time(s); retry policy is RetryUpToMaximumCountWithFixedSleep(maxRetries=15, sleepTime=1000 MILLISECONDS)
2022-03-04 02:17:02,553 [EndpointStateMachine task thread for /127.0.0.1:45947 - 0 ] INFO  ipc.Client (Client.java:handleConnectionFailure(977)) - Retrying connect to server: localhost/127.0.0.1:45947. Already tried 3 time(s); retry policy is RetryUpToMaximumCountWithFixedSleep(maxRetries=15, sleepTime=1000 MILLISECONDS)
2022-03-04 02:17:02,553 [EndpointStateMachine task thread for /127.0.0.1:33931 - 0 ] INFO  ipc.Client (Client.java:handleConnectionFailure(977)) - Retrying connect to server: localhost/127.0.0.1:33931. Already tried 3 time(s); retry policy is RetryUpToMaximumCountWithFixedSleep(maxRetries=15, sleepTime=1000 MILLISECONDS)
2022-03-04 02:17:02,921 [EndpointStateMachine task thread for /127.0.0.1:42427 - 0 ] INFO  ipc.Client (Client.java:handleConnectionFailure(977)) - Retrying connect to server: localhost/127.0.0.1:42427. Already tried 7 time(s); retry policy is RetryUpToMaximumCountWithFixedSleep(maxRetries=15, sleepTime=1000 MILLISECONDS)
2022-03-04 02:17:02,931 [EndpointStateMachine task thread for /127.0.0.1:42491 - 0 ] INFO  ipc.Client (Client.java:handleConnectionFailure(977)) - Retrying connect to server: localhost/127.0.0.1:42491. Already tried 7 time(s); retry policy is RetryUpToMaximumCountWithFixedSleep(maxRetries=15, sleepTime=1000 MILLISECONDS)
2022-03-04 02:17:02,936 [EndpointStateMachine task thread for /127.0.0.1:35517 - 0 ] INFO  ipc.Client (Client.java:handleConnectionFailure(977)) - Retrying connect to server: localhost/127.0.0.1:35517. Already tried 7 time(s); retry policy is RetryUpToMaximumCountWithFixedSleep(maxRetries=15, sleepTime=1000 MILLISECONDS)
2022-03-04 02:17:03,292 [Listener at 127.0.0.1/44533] INFO  statemachine.DatanodeStateMachine (DatanodeStateMachine.java:stopDaemon(529)) - Ozone container server stopped.
2022-03-04 02:17:03,293 [Listener at 127.0.0.1/44533] INFO  handler.ContextHandler (ContextHandler.java:doStop(1153)) - Stopped o.e.j.w.WebAppContext@6332f548{hddsDatanode,/,null,STOPPED}{jar:file:/home/runner/.m2/repository/org/apache/ozone/hdds-container-service/1.3.0-SNAPSHOT/hdds-container-service-1.3.0-SNAPSHOT.jar!/webapps/hddsDatanode}
2022-03-04 02:17:03,295 [Listener at 127.0.0.1/44533] INFO  server.AbstractConnector (AbstractConnector.java:doStop(381)) - Stopped ServerConnector@7027c359{HTTP/1.1, (http/1.1)}{0.0.0.0:0}
2022-03-04 02:17:03,299 [Listener at 127.0.0.1/44533] INFO  server.session (HouseKeeper.java:stopScavenging(149)) - node0 Stopped scavenging
2022-03-04 02:17:03,300 [Listener at 127.0.0.1/44533] INFO  handler.ContextHandler (ContextHandler.java:doStop(1153)) - Stopped o.e.j.s.ServletContextHandler@e31b415{static,/static,jar:file:/home/runner/.m2/repository/org/apache/ozone/hdds-container-service/1.3.0-SNAPSHOT/hdds-container-service-1.3.0-SNAPSHOT.jar!/webapps/static,STOPPED}
2022-03-04 02:17:03,300 [Listener at 127.0.0.1/44533] INFO  handler.ContextHandler (ContextHandler.java:doStop(1153)) - Stopped o.e.j.s.ServletContextHandler@489541f8{logs,/logs,file:///home/runner/work/ozone/ozone/hadoop-ozone/integration-test/target/log,STOPPED}
]]></system-out>
  </testcase>
  <testcase name="testInstallCorruptedCheckpointFailure" classname="org.apache.hadoop.ozone.scm.TestSCMInstallSnapshotWithHA" time="60.191"/>
</testsuite>